<?xml version="1.0" encoding="UTF-8"?>
<testsuite xmlns:xsi="http://www.w3.org/2001/XMLSchema-instance" xsi:noNamespaceSchemaLocation="https://maven.apache.org/surefire/maven-surefire-plugin/xsd/surefire-test-report-3.0.xsd" version="3.0" name="org.apache.hadoop.ozone.container.common.impl.TestContainerPersistence" time="9.128" tests="84" errors="1" skipped="0" failures="0">
  <properties>
    <property name="awt.toolkit" value="sun.awt.X11.XToolkit"/>
    <property name="file.encoding.pkg" value="sun.io"/>
    <property name="java.specification.version" value="1.8"/>
    <property name="sun.cpu.isalist" value=""/>
    <property name="sun.jnu.encoding" value="UTF-8"/>
    <property name="java.class.path" value="/home/runner/work/ozone/ozone/hadoop-hdds/container-service/target/test-classes:/home/runner/work/ozone/ozone/hadoop-hdds/container-service/target/classes:/home/runner/work/ozone/ozone/hadoop-hdds/common/target/classes:/home/runner/work/ozone/ozone/hadoop-hdds/hadoop-dependency-client/target/classes:/home/runner/.m2/repository/org/apache/hadoop/hadoop-annotations/3.3.1/hadoop-annotations-3.3.1.jar:/usr/lib/jvm/temurin-8-jdk-amd64/jre/../lib/tools.jar:/home/runner/.m2/repository/org/apache/hadoop/hadoop-common/3.3.1/hadoop-common-3.3.1.jar:/home/runner/.m2/repository/org/apache/hadoop/thirdparty/hadoop-shaded-guava/1.1.1/hadoop-shaded-guava-1.1.1.jar:/home/runner/.m2/repository/org/apache/httpcomponents/httpclient/4.5.13/httpclient-4.5.13.jar:/home/runner/.m2/repository/org/apache/httpcomponents/httpcore/4.4.13/httpcore-4.4.13.jar:/home/runner/.m2/repository/jakarta/activation/jakarta.activation-api/1.2.1/jakarta.activation-api-1.2.1.jar:/home/runner/.m2/repository/org/apache/commons/commons-configuration2/2.1.1/commons-configuration2-2.1.1.jar:/home/runner/.m2/repository/com/google/re2j/re2j/1.1/re2j-1.1.jar:/home/runner/.m2/repository/org/apache/hadoop/hadoop-auth/3.3.1/hadoop-auth-3.3.1.jar:/home/runner/.m2/repository/org/apache/htrace/htrace-core4/4.1.0-incubating/htrace-core4-4.1.0-incubating.jar:/home/runner/.m2/repository/org/apache/kerby/kerb-core/1.0.1/kerb-core-1.0.1.jar:/home/runner/.m2/repository/org/apache/kerby/kerby-pkix/1.0.1/kerby-pkix-1.0.1.jar:/home/runner/.m2/repository/org/apache/kerby/kerby-asn1/1.0.1/kerby-asn1-1.0.1.jar:/home/runner/.m2/repository/org/apache/kerby/kerby-util/1.0.1/kerby-util-1.0.1.jar:/home/runner/.m2/repository/org/codehaus/woodstox/stax2-api/3.1.4/stax2-api-3.1.4.jar:/home/runner/.m2/repository/com/fasterxml/woodstox/woodstox-core/5.0.3/woodstox-core-5.0.3.jar:/home/runner/.m2/repository/org/xerial/snappy/snappy-java/1.1.8.2/snappy-java-1.1.8.2.jar:/home/runner/.m2/repository/org/apache/hadoop/hadoop-hdfs/3.3.1/hadoop-hdfs-3.3.1.jar:/home/runner/.m2/repository/info/picocli/picocli/4.6.1/picocli-4.6.1.jar:/home/runner/.m2/repository/com/google/protobuf/protobuf-java/2.5.0/protobuf-java-2.5.0.jar:/home/runner/.m2/repository/com/google/guava/guava/31.1-jre/guava-31.1-jre.jar:/home/runner/.m2/repository/com/google/guava/failureaccess/1.0.1/failureaccess-1.0.1.jar:/home/runner/.m2/repository/com/google/guava/listenablefuture/9999.0-empty-to-avoid-conflict-with-guava/listenablefuture-9999.0-empty-to-avoid-conflict-with-guava.jar:/home/runner/.m2/repository/org/checkerframework/checker-qual/3.12.0/checker-qual-3.12.0.jar:/home/runner/.m2/repository/com/google/errorprone/error_prone_annotations/2.2.0/error_prone_annotations-2.2.0.jar:/home/runner/.m2/repository/com/google/j2objc/j2objc-annotations/1.3/j2objc-annotations-1.3.jar:/home/runner/.m2/repository/org/apache/commons/commons-lang3/3.7/commons-lang3-3.7.jar:/home/runner/.m2/repository/commons-io/commons-io/2.11.0/commons-io-2.11.0.jar:/home/runner/.m2/repository/com/fasterxml/jackson/core/jackson-annotations/2.13.2/jackson-annotations-2.13.2.jar:/home/runner/.m2/repository/com/fasterxml/jackson/datatype/jackson-datatype-jsr310/2.13.2/jackson-datatype-jsr310-2.13.2.jar:/home/runner/.m2/repository/com/fasterxml/jackson/core/jackson-core/2.13.2/jackson-core-2.13.2.jar:/home/runner/.m2/repository/com/fasterxml/jackson/core/jackson-databind/2.13.2.2/jackson-databind-2.13.2.2.jar:/home/runner/work/ozone/ozone/hadoop-hdds/config/target/classes:/home/runner/.m2/repository/javax/annotation/javax.annotation-api/1.2/javax.annotation-api-1.2.jar:/home/runner/.m2/repository/org/apache/ratis/ratis-server/2.3.0/ratis-server-2.3.0.jar:/home/runner/.m2/repository/org/apache/ratis/ratis-thirdparty-misc/1.0.0/ratis-thirdparty-misc-1.0.0.jar:/home/runner/.m2/repository/org/apache/ratis/ratis-proto/2.3.0/ratis-proto-2.3.0.jar:/home/runner/.m2/repository/org/apache/ratis/ratis-common/2.3.0/ratis-common-2.3.0.jar:/home/runner/.m2/repository/org/apache/ratis/ratis-client/2.3.0/ratis-client-2.3.0.jar:/home/runner/.m2/repository/org/apache/ratis/ratis-server-api/2.3.0/ratis-server-api-2.3.0.jar:/home/runner/.m2/repository/org/apache/ratis/ratis-metrics/2.3.0/ratis-metrics-2.3.0.jar:/home/runner/.m2/repository/org/apache/ratis/ratis-netty/2.3.0/ratis-netty-2.3.0.jar:/home/runner/.m2/repository/org/apache/ratis/ratis-grpc/2.3.0/ratis-grpc-2.3.0.jar:/home/runner/.m2/repository/org/apache/logging/log4j/log4j-api/2.17.1/log4j-api-2.17.1.jar:/home/runner/.m2/repository/org/apache/commons/commons-pool2/2.6.0/commons-pool2-2.6.0.jar:/home/runner/.m2/repository/org/bouncycastle/bcpkix-jdk15on/1.67/bcpkix-jdk15on-1.67.jar:/home/runner/.m2/repository/org/bouncycastle/bcprov-jdk15on/1.67/bcprov-jdk15on-1.67.jar:/home/runner/.m2/repository/commons-validator/commons-validator/1.6/commons-validator-1.6.jar:/home/runner/.m2/repository/commons-beanutils/commons-beanutils/1.9.4/commons-beanutils-1.9.4.jar:/home/runner/.m2/repository/commons-digester/commons-digester/1.8.1/commons-digester-1.8.1.jar:/home/runner/.m2/repository/commons-collections/commons-collections/3.2.2/commons-collections-3.2.2.jar:/home/runner/.m2/repository/io/jaegertracing/jaeger-client/1.6.0/jaeger-client-1.6.0.jar:/home/runner/.m2/repository/io/jaegertracing/jaeger-thrift/1.6.0/jaeger-thrift-1.6.0.jar:/home/runner/.m2/repository/org/apache/thrift/libthrift/0.14.1/libthrift-0.14.1.jar:/home/runner/.m2/repository/com/squareup/okhttp3/okhttp/4.9.0/okhttp-4.9.0.jar:/home/runner/.m2/repository/com/squareup/okio/okio/2.8.0/okio-2.8.0.jar:/home/runner/.m2/repository/io/jaegertracing/jaeger-core/1.6.0/jaeger-core-1.6.0.jar:/home/runner/.m2/repository/com/google/code/gson/gson/2.9.0/gson-2.9.0.jar:/home/runner/.m2/repository/io/jaegertracing/jaeger-tracerresolver/1.6.0/jaeger-tracerresolver-1.6.0.jar:/home/runner/.m2/repository/io/opentracing/contrib/opentracing-tracerresolver/0.1.8/opentracing-tracerresolver-0.1.8.jar:/home/runner/.m2/repository/org/jetbrains/kotlin/kotlin-stdlib/1.6.21/kotlin-stdlib-1.6.21.jar:/home/runner/.m2/repository/org/jetbrains/kotlin/kotlin-stdlib-common/1.6.21/kotlin-stdlib-common-1.6.21.jar:/home/runner/.m2/repository/org/jetbrains/annotations/13.0/annotations-13.0.jar:/home/runner/.m2/repository/io/opentracing/opentracing-util/0.33.0/opentracing-util-0.33.0.jar:/home/runner/.m2/repository/io/opentracing/opentracing-api/0.33.0/opentracing-api-0.33.0.jar:/home/runner/.m2/repository/io/opentracing/opentracing-noop/0.33.0/opentracing-noop-0.33.0.jar:/home/runner/.m2/repository/org/reflections/reflections/0.9.11/reflections-0.9.11.jar:/home/runner/.m2/repository/org/javassist/javassist/3.21.0-GA/javassist-3.21.0-GA.jar:/home/runner/work/ozone/ozone/hadoop-hdds/interface-client/target/classes:/home/runner/.m2/repository/org/apache/hadoop/thirdparty/hadoop-shaded-protobuf_3_7/1.1.1/hadoop-shaded-protobuf_3_7-1.1.1.jar:/home/runner/work/ozone/ozone/hadoop-hdds/interface-admin/target/classes:/home/runner/work/ozone/ozone/hadoop-hdds/test-utils/target/classes:/home/runner/.m2/repository/commons-logging/commons-logging/1.2/commons-logging-1.2.jar:/home/runner/.m2/repository/org/junit/jupiter/junit-jupiter-api/5.8.2/junit-jupiter-api-5.8.2.jar:/home/runner/.m2/repository/org/opentest4j/opentest4j/1.2.0/opentest4j-1.2.0.jar:/home/runner/.m2/repository/org/junit/platform/junit-platform-commons/1.8.2/junit-platform-commons-1.8.2.jar:/home/runner/.m2/repository/org/apiguardian/apiguardian-api/1.1.2/apiguardian-api-1.1.2.jar:/home/runner/.m2/repository/log4j/log4j/1.2.17/log4j-1.2.17.jar:/home/runner/.m2/repository/org/slf4j/slf4j-api/1.7.30/slf4j-api-1.7.30.jar:/home/runner/.m2/repository/org/apache/commons/commons-compress/1.21/commons-compress-1.21.jar:/home/runner/work/ozone/ozone/hadoop-hdds/common/target/test-classes:/home/runner/work/ozone/ozone/hadoop-hdds/framework/target/classes:/home/runner/work/ozone/ozone/hadoop-hdds/interface-server/target/classes:/home/runner/work/ozone/ozone/hadoop-hdds/hadoop-dependency-server/target/classes:/home/runner/.m2/repository/commons-cli/commons-cli/1.2/commons-cli-1.2.jar:/home/runner/.m2/repository/org/apache/logging/log4j/log4j-core/2.17.1/log4j-core-2.17.1.jar:/home/runner/.m2/repository/com/lmax/disruptor/3.4.2/disruptor-3.4.2.jar:/home/runner/.m2/repository/org/eclipse/jetty/jetty-util/9.4.43.v20210629/jetty-util-9.4.43.v20210629.jar:/home/runner/.m2/repository/org/eclipse/jetty/jetty-server/9.4.43.v20210629/jetty-server-9.4.43.v20210629.jar:/home/runner/.m2/repository/javax/servlet/javax.servlet-api/3.1.0/javax.servlet-api-3.1.0.jar:/home/runner/.m2/repository/org/eclipse/jetty/jetty-http/9.4.43.v20210629/jetty-http-9.4.43.v20210629.jar:/home/runner/.m2/repository/org/eclipse/jetty/jetty-io/9.4.43.v20210629/jetty-io-9.4.43.v20210629.jar:/home/runner/.m2/repository/org/eclipse/jetty/jetty-servlet/9.4.43.v20210629/jetty-servlet-9.4.43.v20210629.jar:/home/runner/.m2/repository/org/eclipse/jetty/jetty-security/9.4.43.v20210629/jetty-security-9.4.43.v20210629.jar:/home/runner/.m2/repository/org/eclipse/jetty/jetty-util-ajax/9.4.43.v20210629/jetty-util-ajax-9.4.43.v20210629.jar:/home/runner/.m2/repository/org/eclipse/jetty/jetty-webapp/9.4.43.v20210629/jetty-webapp-9.4.43.v20210629.jar:/home/runner/.m2/repository/org/eclipse/jetty/jetty-xml/9.4.43.v20210629/jetty-xml-9.4.43.v20210629.jar:/home/runner/.m2/repository/org/rocksdb/rocksdbjni/6.29.5/rocksdbjni-6.29.5.jar:/home/runner/.m2/repository/io/prometheus/simpleclient_dropwizard/0.7.0/simpleclient_dropwizard-0.7.0.jar:/home/runner/.m2/repository/io/prometheus/simpleclient/0.7.0/simpleclient-0.7.0.jar:/home/runner/.m2/repository/io/prometheus/simpleclient_common/0.7.0/simpleclient_common-0.7.0.jar:/home/runner/.m2/repository/org/apache/hadoop/hadoop-hdfs-client/3.3.1/hadoop-hdfs-client-3.3.1.jar:/home/runner/work/ozone/ozone/hadoop-hdds/client/target/classes:/home/runner/work/ozone/ozone/hadoop-hdds/erasurecode/target/classes:/home/runner/.m2/repository/commons-codec/commons-codec/1.11/commons-codec-1.11.jar:/home/runner/.m2/repository/io/dropwizard/metrics/metrics-core/3.2.4/metrics-core-3.2.4.jar:/home/runner/.m2/repository/org/mockito/mockito-core/2.28.2/mockito-core-2.28.2.jar:/home/runner/.m2/repository/net/bytebuddy/byte-buddy/1.9.10/byte-buddy-1.9.10.jar:/home/runner/.m2/repository/net/bytebuddy/byte-buddy-agent/1.9.10/byte-buddy-agent-1.9.10.jar:/home/runner/.m2/repository/org/objenesis/objenesis/1.0/objenesis-1.0.jar:/home/runner/.m2/repository/org/yaml/snakeyaml/1.26/snakeyaml-1.26.jar:/home/runner/work/ozone/ozone/hadoop-hdds/docs/target/classes:/home/runner/.m2/repository/com/github/spotbugs/spotbugs-annotations/3.1.12/spotbugs-annotations-3.1.12.jar:/home/runner/.m2/repository/com/google/code/findbugs/jsr305/3.0.0/jsr305-3.0.0.jar:/home/runner/.m2/repository/org/powermock/powermock-module-junit4/2.0.4/powermock-module-junit4-2.0.4.jar:/home/runner/.m2/repository/org/powermock/powermock-module-junit4-common/2.0.4/powermock-module-junit4-common-2.0.4.jar:/home/runner/.m2/repository/org/powermock/powermock-reflect/2.0.4/powermock-reflect-2.0.4.jar:/home/runner/.m2/repository/org/powermock/powermock-core/2.0.4/powermock-core-2.0.4.jar:/home/runner/.m2/repository/org/hamcrest/hamcrest-core/1.3/hamcrest-core-1.3.jar:/home/runner/.m2/repository/org/powermock/powermock-api-mockito2/2.0.4/powermock-api-mockito2-2.0.4.jar:/home/runner/.m2/repository/org/powermock/powermock-api-support/2.0.4/powermock-api-support-2.0.4.jar:/home/runner/work/ozone/ozone/hadoop-hdds/hadoop-dependency-test/target/classes:/home/runner/.m2/repository/org/apache/hadoop/hadoop-common/3.3.1/hadoop-common-3.3.1-tests.jar:/home/runner/.m2/repository/org/apache/hadoop/hadoop-hdfs/3.3.1/hadoop-hdfs-3.3.1-tests.jar:/home/runner/.m2/repository/org/assertj/assertj-core/3.12.2/assertj-core-3.12.2.jar:/home/runner/.m2/repository/org/slf4j/slf4j-log4j12/1.7.30/slf4j-log4j12-1.7.30.jar:/home/runner/.m2/repository/javax/xml/bind/jaxb-api/2.3.0/jaxb-api-2.3.0.jar:/home/runner/.m2/repository/org/glassfish/jaxb/jaxb-runtime/2.3.0.1/jaxb-runtime-2.3.0.1.jar:/home/runner/.m2/repository/org/glassfish/jaxb/jaxb-core/2.3.0.1/jaxb-core-2.3.0.1.jar:/home/runner/.m2/repository/org/glassfish/jaxb/txw2/2.3.0.1/txw2-2.3.0.1.jar:/home/runner/.m2/repository/com/sun/istack/istack-commons-runtime/3.0.5/istack-commons-runtime-3.0.5.jar:/home/runner/.m2/repository/org/jvnet/staxex/stax-ex/1.7.8/stax-ex-1.7.8.jar:/home/runner/.m2/repository/com/sun/xml/fastinfoset/FastInfoset/1.2.13/FastInfoset-1.2.13.jar:/home/runner/.m2/repository/io/netty/netty-transport/4.1.79.Final/netty-transport-4.1.79.Final.jar:/home/runner/.m2/repository/io/netty/netty-common/4.1.79.Final/netty-common-4.1.79.Final.jar:/home/runner/.m2/repository/io/netty/netty-buffer/4.1.79.Final/netty-buffer-4.1.79.Final.jar:/home/runner/.m2/repository/io/netty/netty-resolver/4.1.79.Final/netty-resolver-4.1.79.Final.jar:/home/runner/.m2/repository/io/netty/netty-codec/4.1.79.Final/netty-codec-4.1.79.Final.jar:/home/runner/.m2/repository/io/netty/netty-handler/4.1.79.Final/netty-handler-4.1.79.Final.jar:/home/runner/.m2/repository/io/netty/netty-transport-native-unix-common/4.1.79.Final/netty-transport-native-unix-common-4.1.79.Final.jar:/home/runner/.m2/repository/junit/junit/4.13.1/junit-4.13.1.jar:/home/runner/work/ozone/ozone/dev-support/annotations/target/classes:"/>
    <property name="java.vm.vendor" value="Temurin"/>
    <property name="sun.arch.data.model" value="64"/>
    <property name="test.build.dir" value="/home/runner/work/ozone/ozone/hadoop-hdds/container-service/target/test-dir"/>
    <property name="test.cache.data" value=""/>
    <property name="java.vendor.url" value="https://adoptium.net/"/>
    <property name="user.timezone" value="Etc/UTC"/>
    <property name="java.vm.specification.version" value="1.8"/>
    <property name="os.name" value="Linux"/>
    <property name="test.build.data" value="/home/runner/work/ozone/ozone/hadoop-hdds/container-service/target/test-dir"/>
    <property name="sun.java.launcher" value="SUN_STANDARD"/>
    <property name="sun.boot.library.path" value="/usr/lib/jvm/temurin-8-jdk-amd64/jre/lib/amd64"/>
    <property name="sun.java.command" value="/home/runner/work/ozone/ozone/hadoop-hdds/container-service/target/surefire/surefirebooter7404307692174195017.jar /home/runner/work/ozone/ozone/hadoop-hdds/container-service/target/surefire 2022-08-04T12-02-37_485-jvmRun1 surefire1450947068653549636tmp surefire_1448081637861056279095tmp"/>
    <property name="surefire.test.class.path" value="/home/runner/work/ozone/ozone/hadoop-hdds/container-service/target/test-classes:/home/runner/work/ozone/ozone/hadoop-hdds/container-service/target/classes:/home/runner/work/ozone/ozone/hadoop-hdds/common/target/classes:/home/runner/work/ozone/ozone/hadoop-hdds/hadoop-dependency-client/target/classes:/home/runner/.m2/repository/org/apache/hadoop/hadoop-annotations/3.3.1/hadoop-annotations-3.3.1.jar:/usr/lib/jvm/temurin-8-jdk-amd64/jre/../lib/tools.jar:/home/runner/.m2/repository/org/apache/hadoop/hadoop-common/3.3.1/hadoop-common-3.3.1.jar:/home/runner/.m2/repository/org/apache/hadoop/thirdparty/hadoop-shaded-guava/1.1.1/hadoop-shaded-guava-1.1.1.jar:/home/runner/.m2/repository/org/apache/httpcomponents/httpclient/4.5.13/httpclient-4.5.13.jar:/home/runner/.m2/repository/org/apache/httpcomponents/httpcore/4.4.13/httpcore-4.4.13.jar:/home/runner/.m2/repository/jakarta/activation/jakarta.activation-api/1.2.1/jakarta.activation-api-1.2.1.jar:/home/runner/.m2/repository/org/apache/commons/commons-configuration2/2.1.1/commons-configuration2-2.1.1.jar:/home/runner/.m2/repository/com/google/re2j/re2j/1.1/re2j-1.1.jar:/home/runner/.m2/repository/org/apache/hadoop/hadoop-auth/3.3.1/hadoop-auth-3.3.1.jar:/home/runner/.m2/repository/org/apache/htrace/htrace-core4/4.1.0-incubating/htrace-core4-4.1.0-incubating.jar:/home/runner/.m2/repository/org/apache/kerby/kerb-core/1.0.1/kerb-core-1.0.1.jar:/home/runner/.m2/repository/org/apache/kerby/kerby-pkix/1.0.1/kerby-pkix-1.0.1.jar:/home/runner/.m2/repository/org/apache/kerby/kerby-asn1/1.0.1/kerby-asn1-1.0.1.jar:/home/runner/.m2/repository/org/apache/kerby/kerby-util/1.0.1/kerby-util-1.0.1.jar:/home/runner/.m2/repository/org/codehaus/woodstox/stax2-api/3.1.4/stax2-api-3.1.4.jar:/home/runner/.m2/repository/com/fasterxml/woodstox/woodstox-core/5.0.3/woodstox-core-5.0.3.jar:/home/runner/.m2/repository/org/xerial/snappy/snappy-java/1.1.8.2/snappy-java-1.1.8.2.jar:/home/runner/.m2/repository/org/apache/hadoop/hadoop-hdfs/3.3.1/hadoop-hdfs-3.3.1.jar:/home/runner/.m2/repository/info/picocli/picocli/4.6.1/picocli-4.6.1.jar:/home/runner/.m2/repository/com/google/protobuf/protobuf-java/2.5.0/protobuf-java-2.5.0.jar:/home/runner/.m2/repository/com/google/guava/guava/31.1-jre/guava-31.1-jre.jar:/home/runner/.m2/repository/com/google/guava/failureaccess/1.0.1/failureaccess-1.0.1.jar:/home/runner/.m2/repository/com/google/guava/listenablefuture/9999.0-empty-to-avoid-conflict-with-guava/listenablefuture-9999.0-empty-to-avoid-conflict-with-guava.jar:/home/runner/.m2/repository/org/checkerframework/checker-qual/3.12.0/checker-qual-3.12.0.jar:/home/runner/.m2/repository/com/google/errorprone/error_prone_annotations/2.2.0/error_prone_annotations-2.2.0.jar:/home/runner/.m2/repository/com/google/j2objc/j2objc-annotations/1.3/j2objc-annotations-1.3.jar:/home/runner/.m2/repository/org/apache/commons/commons-lang3/3.7/commons-lang3-3.7.jar:/home/runner/.m2/repository/commons-io/commons-io/2.11.0/commons-io-2.11.0.jar:/home/runner/.m2/repository/com/fasterxml/jackson/core/jackson-annotations/2.13.2/jackson-annotations-2.13.2.jar:/home/runner/.m2/repository/com/fasterxml/jackson/datatype/jackson-datatype-jsr310/2.13.2/jackson-datatype-jsr310-2.13.2.jar:/home/runner/.m2/repository/com/fasterxml/jackson/core/jackson-core/2.13.2/jackson-core-2.13.2.jar:/home/runner/.m2/repository/com/fasterxml/jackson/core/jackson-databind/2.13.2.2/jackson-databind-2.13.2.2.jar:/home/runner/work/ozone/ozone/hadoop-hdds/config/target/classes:/home/runner/.m2/repository/javax/annotation/javax.annotation-api/1.2/javax.annotation-api-1.2.jar:/home/runner/.m2/repository/org/apache/ratis/ratis-server/2.3.0/ratis-server-2.3.0.jar:/home/runner/.m2/repository/org/apache/ratis/ratis-thirdparty-misc/1.0.0/ratis-thirdparty-misc-1.0.0.jar:/home/runner/.m2/repository/org/apache/ratis/ratis-proto/2.3.0/ratis-proto-2.3.0.jar:/home/runner/.m2/repository/org/apache/ratis/ratis-common/2.3.0/ratis-common-2.3.0.jar:/home/runner/.m2/repository/org/apache/ratis/ratis-client/2.3.0/ratis-client-2.3.0.jar:/home/runner/.m2/repository/org/apache/ratis/ratis-server-api/2.3.0/ratis-server-api-2.3.0.jar:/home/runner/.m2/repository/org/apache/ratis/ratis-metrics/2.3.0/ratis-metrics-2.3.0.jar:/home/runner/.m2/repository/org/apache/ratis/ratis-netty/2.3.0/ratis-netty-2.3.0.jar:/home/runner/.m2/repository/org/apache/ratis/ratis-grpc/2.3.0/ratis-grpc-2.3.0.jar:/home/runner/.m2/repository/org/apache/logging/log4j/log4j-api/2.17.1/log4j-api-2.17.1.jar:/home/runner/.m2/repository/org/apache/commons/commons-pool2/2.6.0/commons-pool2-2.6.0.jar:/home/runner/.m2/repository/org/bouncycastle/bcpkix-jdk15on/1.67/bcpkix-jdk15on-1.67.jar:/home/runner/.m2/repository/org/bouncycastle/bcprov-jdk15on/1.67/bcprov-jdk15on-1.67.jar:/home/runner/.m2/repository/commons-validator/commons-validator/1.6/commons-validator-1.6.jar:/home/runner/.m2/repository/commons-beanutils/commons-beanutils/1.9.4/commons-beanutils-1.9.4.jar:/home/runner/.m2/repository/commons-digester/commons-digester/1.8.1/commons-digester-1.8.1.jar:/home/runner/.m2/repository/commons-collections/commons-collections/3.2.2/commons-collections-3.2.2.jar:/home/runner/.m2/repository/io/jaegertracing/jaeger-client/1.6.0/jaeger-client-1.6.0.jar:/home/runner/.m2/repository/io/jaegertracing/jaeger-thrift/1.6.0/jaeger-thrift-1.6.0.jar:/home/runner/.m2/repository/org/apache/thrift/libthrift/0.14.1/libthrift-0.14.1.jar:/home/runner/.m2/repository/com/squareup/okhttp3/okhttp/4.9.0/okhttp-4.9.0.jar:/home/runner/.m2/repository/com/squareup/okio/okio/2.8.0/okio-2.8.0.jar:/home/runner/.m2/repository/io/jaegertracing/jaeger-core/1.6.0/jaeger-core-1.6.0.jar:/home/runner/.m2/repository/com/google/code/gson/gson/2.9.0/gson-2.9.0.jar:/home/runner/.m2/repository/io/jaegertracing/jaeger-tracerresolver/1.6.0/jaeger-tracerresolver-1.6.0.jar:/home/runner/.m2/repository/io/opentracing/contrib/opentracing-tracerresolver/0.1.8/opentracing-tracerresolver-0.1.8.jar:/home/runner/.m2/repository/org/jetbrains/kotlin/kotlin-stdlib/1.6.21/kotlin-stdlib-1.6.21.jar:/home/runner/.m2/repository/org/jetbrains/kotlin/kotlin-stdlib-common/1.6.21/kotlin-stdlib-common-1.6.21.jar:/home/runner/.m2/repository/org/jetbrains/annotations/13.0/annotations-13.0.jar:/home/runner/.m2/repository/io/opentracing/opentracing-util/0.33.0/opentracing-util-0.33.0.jar:/home/runner/.m2/repository/io/opentracing/opentracing-api/0.33.0/opentracing-api-0.33.0.jar:/home/runner/.m2/repository/io/opentracing/opentracing-noop/0.33.0/opentracing-noop-0.33.0.jar:/home/runner/.m2/repository/org/reflections/reflections/0.9.11/reflections-0.9.11.jar:/home/runner/.m2/repository/org/javassist/javassist/3.21.0-GA/javassist-3.21.0-GA.jar:/home/runner/work/ozone/ozone/hadoop-hdds/interface-client/target/classes:/home/runner/.m2/repository/org/apache/hadoop/thirdparty/hadoop-shaded-protobuf_3_7/1.1.1/hadoop-shaded-protobuf_3_7-1.1.1.jar:/home/runner/work/ozone/ozone/hadoop-hdds/interface-admin/target/classes:/home/runner/work/ozone/ozone/hadoop-hdds/test-utils/target/classes:/home/runner/.m2/repository/commons-logging/commons-logging/1.2/commons-logging-1.2.jar:/home/runner/.m2/repository/org/junit/jupiter/junit-jupiter-api/5.8.2/junit-jupiter-api-5.8.2.jar:/home/runner/.m2/repository/org/opentest4j/opentest4j/1.2.0/opentest4j-1.2.0.jar:/home/runner/.m2/repository/org/junit/platform/junit-platform-commons/1.8.2/junit-platform-commons-1.8.2.jar:/home/runner/.m2/repository/org/apiguardian/apiguardian-api/1.1.2/apiguardian-api-1.1.2.jar:/home/runner/.m2/repository/log4j/log4j/1.2.17/log4j-1.2.17.jar:/home/runner/.m2/repository/org/slf4j/slf4j-api/1.7.30/slf4j-api-1.7.30.jar:/home/runner/.m2/repository/org/apache/commons/commons-compress/1.21/commons-compress-1.21.jar:/home/runner/work/ozone/ozone/hadoop-hdds/common/target/test-classes:/home/runner/work/ozone/ozone/hadoop-hdds/framework/target/classes:/home/runner/work/ozone/ozone/hadoop-hdds/interface-server/target/classes:/home/runner/work/ozone/ozone/hadoop-hdds/hadoop-dependency-server/target/classes:/home/runner/.m2/repository/commons-cli/commons-cli/1.2/commons-cli-1.2.jar:/home/runner/.m2/repository/org/apache/logging/log4j/log4j-core/2.17.1/log4j-core-2.17.1.jar:/home/runner/.m2/repository/com/lmax/disruptor/3.4.2/disruptor-3.4.2.jar:/home/runner/.m2/repository/org/eclipse/jetty/jetty-util/9.4.43.v20210629/jetty-util-9.4.43.v20210629.jar:/home/runner/.m2/repository/org/eclipse/jetty/jetty-server/9.4.43.v20210629/jetty-server-9.4.43.v20210629.jar:/home/runner/.m2/repository/javax/servlet/javax.servlet-api/3.1.0/javax.servlet-api-3.1.0.jar:/home/runner/.m2/repository/org/eclipse/jetty/jetty-http/9.4.43.v20210629/jetty-http-9.4.43.v20210629.jar:/home/runner/.m2/repository/org/eclipse/jetty/jetty-io/9.4.43.v20210629/jetty-io-9.4.43.v20210629.jar:/home/runner/.m2/repository/org/eclipse/jetty/jetty-servlet/9.4.43.v20210629/jetty-servlet-9.4.43.v20210629.jar:/home/runner/.m2/repository/org/eclipse/jetty/jetty-security/9.4.43.v20210629/jetty-security-9.4.43.v20210629.jar:/home/runner/.m2/repository/org/eclipse/jetty/jetty-util-ajax/9.4.43.v20210629/jetty-util-ajax-9.4.43.v20210629.jar:/home/runner/.m2/repository/org/eclipse/jetty/jetty-webapp/9.4.43.v20210629/jetty-webapp-9.4.43.v20210629.jar:/home/runner/.m2/repository/org/eclipse/jetty/jetty-xml/9.4.43.v20210629/jetty-xml-9.4.43.v20210629.jar:/home/runner/.m2/repository/org/rocksdb/rocksdbjni/6.29.5/rocksdbjni-6.29.5.jar:/home/runner/.m2/repository/io/prometheus/simpleclient_dropwizard/0.7.0/simpleclient_dropwizard-0.7.0.jar:/home/runner/.m2/repository/io/prometheus/simpleclient/0.7.0/simpleclient-0.7.0.jar:/home/runner/.m2/repository/io/prometheus/simpleclient_common/0.7.0/simpleclient_common-0.7.0.jar:/home/runner/.m2/repository/org/apache/hadoop/hadoop-hdfs-client/3.3.1/hadoop-hdfs-client-3.3.1.jar:/home/runner/work/ozone/ozone/hadoop-hdds/client/target/classes:/home/runner/work/ozone/ozone/hadoop-hdds/erasurecode/target/classes:/home/runner/.m2/repository/commons-codec/commons-codec/1.11/commons-codec-1.11.jar:/home/runner/.m2/repository/io/dropwizard/metrics/metrics-core/3.2.4/metrics-core-3.2.4.jar:/home/runner/.m2/repository/org/mockito/mockito-core/2.28.2/mockito-core-2.28.2.jar:/home/runner/.m2/repository/net/bytebuddy/byte-buddy/1.9.10/byte-buddy-1.9.10.jar:/home/runner/.m2/repository/net/bytebuddy/byte-buddy-agent/1.9.10/byte-buddy-agent-1.9.10.jar:/home/runner/.m2/repository/org/objenesis/objenesis/1.0/objenesis-1.0.jar:/home/runner/.m2/repository/org/yaml/snakeyaml/1.26/snakeyaml-1.26.jar:/home/runner/work/ozone/ozone/hadoop-hdds/docs/target/classes:/home/runner/.m2/repository/com/github/spotbugs/spotbugs-annotations/3.1.12/spotbugs-annotations-3.1.12.jar:/home/runner/.m2/repository/com/google/code/findbugs/jsr305/3.0.0/jsr305-3.0.0.jar:/home/runner/.m2/repository/org/powermock/powermock-module-junit4/2.0.4/powermock-module-junit4-2.0.4.jar:/home/runner/.m2/repository/org/powermock/powermock-module-junit4-common/2.0.4/powermock-module-junit4-common-2.0.4.jar:/home/runner/.m2/repository/org/powermock/powermock-reflect/2.0.4/powermock-reflect-2.0.4.jar:/home/runner/.m2/repository/org/powermock/powermock-core/2.0.4/powermock-core-2.0.4.jar:/home/runner/.m2/repository/org/hamcrest/hamcrest-core/1.3/hamcrest-core-1.3.jar:/home/runner/.m2/repository/org/powermock/powermock-api-mockito2/2.0.4/powermock-api-mockito2-2.0.4.jar:/home/runner/.m2/repository/org/powermock/powermock-api-support/2.0.4/powermock-api-support-2.0.4.jar:/home/runner/work/ozone/ozone/hadoop-hdds/hadoop-dependency-test/target/classes:/home/runner/.m2/repository/org/apache/hadoop/hadoop-common/3.3.1/hadoop-common-3.3.1-tests.jar:/home/runner/.m2/repository/org/apache/hadoop/hadoop-hdfs/3.3.1/hadoop-hdfs-3.3.1-tests.jar:/home/runner/.m2/repository/org/assertj/assertj-core/3.12.2/assertj-core-3.12.2.jar:/home/runner/.m2/repository/org/slf4j/slf4j-log4j12/1.7.30/slf4j-log4j12-1.7.30.jar:/home/runner/.m2/repository/javax/xml/bind/jaxb-api/2.3.0/jaxb-api-2.3.0.jar:/home/runner/.m2/repository/org/glassfish/jaxb/jaxb-runtime/2.3.0.1/jaxb-runtime-2.3.0.1.jar:/home/runner/.m2/repository/org/glassfish/jaxb/jaxb-core/2.3.0.1/jaxb-core-2.3.0.1.jar:/home/runner/.m2/repository/org/glassfish/jaxb/txw2/2.3.0.1/txw2-2.3.0.1.jar:/home/runner/.m2/repository/com/sun/istack/istack-commons-runtime/3.0.5/istack-commons-runtime-3.0.5.jar:/home/runner/.m2/repository/org/jvnet/staxex/stax-ex/1.7.8/stax-ex-1.7.8.jar:/home/runner/.m2/repository/com/sun/xml/fastinfoset/FastInfoset/1.2.13/FastInfoset-1.2.13.jar:/home/runner/.m2/repository/io/netty/netty-transport/4.1.79.Final/netty-transport-4.1.79.Final.jar:/home/runner/.m2/repository/io/netty/netty-common/4.1.79.Final/netty-common-4.1.79.Final.jar:/home/runner/.m2/repository/io/netty/netty-buffer/4.1.79.Final/netty-buffer-4.1.79.Final.jar:/home/runner/.m2/repository/io/netty/netty-resolver/4.1.79.Final/netty-resolver-4.1.79.Final.jar:/home/runner/.m2/repository/io/netty/netty-codec/4.1.79.Final/netty-codec-4.1.79.Final.jar:/home/runner/.m2/repository/io/netty/netty-handler/4.1.79.Final/netty-handler-4.1.79.Final.jar:/home/runner/.m2/repository/io/netty/netty-transport-native-unix-common/4.1.79.Final/netty-transport-native-unix-common-4.1.79.Final.jar:/home/runner/.m2/repository/junit/junit/4.13.1/junit-4.13.1.jar:/home/runner/work/ozone/ozone/dev-support/annotations/target/classes:"/>
    <property name="sun.cpu.endian" value="little"/>
    <property name="user.home" value="/home/runner"/>
    <property name="user.language" value="en"/>
    <property name="java.specification.vendor" value="Oracle Corporation"/>
    <property name="java.home" value="/usr/lib/jvm/temurin-8-jdk-amd64/jre"/>
    <property name="java.security.krb5.conf" value="/home/runner/work/ozone/ozone/hadoop-hdds/container-service/target/test-classes/krb5.conf"/>
    <property name="basedir" value="/home/runner/work/ozone/ozone/hadoop-hdds/container-service"/>
    <property name="file.separator" value="/"/>
    <property name="line.separator" value="&#10;"/>
    <property name="java.vm.specification.vendor" value="Oracle Corporation"/>
    <property name="java.specification.name" value="Java Platform API Specification"/>
    <property name="java.awt.graphicsenv" value="sun.awt.X11GraphicsEnvironment"/>
    <property name="skip.installnpx" value="true"/>
    <property name="surefire.real.class.path" value="/home/runner/work/ozone/ozone/hadoop-hdds/container-service/target/surefire/surefirebooter7404307692174195017.jar:/home/runner/.m2/repository/org/jacoco/org.jacoco.agent/0.8.5/org.jacoco.agent-0.8.5-runtime.jar"/>
    <property name="hadoop.log.dir" value="/home/runner/work/ozone/ozone/hadoop-hdds/container-service/target/log"/>
    <property name="sun.boot.class.path" value="/usr/lib/jvm/temurin-8-jdk-amd64/jre/lib/resources.jar:/usr/lib/jvm/temurin-8-jdk-amd64/jre/lib/rt.jar:/usr/lib/jvm/temurin-8-jdk-amd64/jre/lib/sunrsasign.jar:/usr/lib/jvm/temurin-8-jdk-amd64/jre/lib/jsse.jar:/usr/lib/jvm/temurin-8-jdk-amd64/jre/lib/jce.jar:/usr/lib/jvm/temurin-8-jdk-amd64/jre/lib/charsets.jar:/usr/lib/jvm/temurin-8-jdk-amd64/jre/lib/jfr.jar:/usr/lib/jvm/temurin-8-jdk-amd64/jre/classes"/>
    <property name="sun.management.compiler" value="HotSpot 64-Bit Tiered Compilers"/>
    <property name="skip.npx" value="true"/>
    <property name="java.runtime.version" value="1.8.0_332-b09"/>
    <property name="java.net.preferIPv4Stack" value="true"/>
    <property name="user.name" value="runner"/>
    <property name="path.separator" value=":"/>
    <property name="java.security.egd" value="file:///dev/urandom"/>
    <property name="os.version" value="5.4.0-1086-azure"/>
    <property name="java.endorsed.dirs" value="/usr/lib/jvm/temurin-8-jdk-amd64/jre/lib/endorsed"/>
    <property name="java.runtime.name" value="OpenJDK Runtime Environment"/>
    <property name="file.encoding" value="UTF-8"/>
    <property name="java.vm.name" value="OpenJDK 64-Bit Server VM"/>
    <property name="test.build.webapps" value=""/>
    <property name="localRepository" value="/home/runner/.m2/repository"/>
    <property name="java.vendor.url.bug" value="https://github.com/adoptium/adoptium-support/issues"/>
    <property name="java.io.tmpdir" value="/tmp"/>
    <property name="require.test.libhadoop" value=""/>
    <property name="java.version" value="1.8.0_332"/>
    <property name="user.dir" value="/home/runner/work/ozone/ozone/hadoop-hdds/container-service"/>
    <property name="os.arch" value="amd64"/>
    <property name="java.vm.specification.name" value="Java Virtual Machine Specification"/>
    <property name="test.build.classes" value="/home/runner/work/ozone/ozone/hadoop-hdds/container-service/target/test-classes"/>
    <property name="java.awt.printerjob" value="sun.print.PSPrinterJob"/>
    <property name="sun.os.patch.level" value="unknown"/>
    <property name="hadoop.tmp.dir" value="/home/runner/work/ozone/ozone/hadoop-hdds/container-service/target/tmp"/>
    <property name="java.library.path" value="/usr/java/packages/lib/amd64:/usr/lib64:/lib64:/lib:/usr/lib"/>
    <property name="java.vm.info" value="mixed mode"/>
    <property name="java.vendor" value="Temurin"/>
    <property name="java.vm.version" value="25.332-b09"/>
    <property name="java.ext.dirs" value="/usr/lib/jvm/temurin-8-jdk-amd64/jre/lib/ext:/usr/java/packages/lib/ext"/>
    <property name="sun.io.unicode.encoding" value="UnicodeLittle"/>
    <property name="java.class.version" value="52.0"/>
  </properties>
  <testcase name="testCreateContainer" classname="TestContainerPersistence" time="0.601">
    <system-out><![CDATA[2022-08-04 12:11:22,352 [Time-limited test] INFO  volume.HddsVolume (HddsVolume.java:<init>(116)) - Creating HddsVolume: /home/runner/work/ozone/ozone/hadoop-hdds/container-service/target/test-dir/TestContainerPersistence/hdds of storage type : DISK capacity : 9223372036854775807
2022-08-04 12:11:22,364 [Time-limited test] INFO  volume.MutableVolumeSet (MutableVolumeSet.java:initializeVolumeSet(174)) - Added Volume : /home/runner/work/ozone/ozone/hadoop-hdds/container-service/target/test-dir/TestContainerPersistence/hdds to VolumeSet
2022-08-04 12:11:22,795 [Time-limited test] WARN  util.NativeCodeLoader (NativeCodeLoader.java:<clinit>(60)) - Unable to load native-hadoop library for your platform... using builtin-java classes where applicable
2022-08-04 12:11:22,806 [Time-limited test] INFO  impl.TestContainerPersistence (TestContainerPersistence.java:cleanupDir(170)) - Deleting /home/runner/work/ozone/ozone/hadoop-hdds/container-service/target/test-dir/TestContainerPersistence
]]></system-out>
  </testcase>
  <testcase name="testCreateContainer" classname="TestContainerPersistence" time="0.044">
    <system-out><![CDATA[2022-08-04 12:11:25,150 [Time-limited test] INFO  volume.HddsVolume (HddsVolume.java:<init>(116)) - Creating HddsVolume: /home/runner/work/ozone/ozone/hadoop-hdds/container-service/target/test-dir/TestContainerPersistence/hdds of storage type : DISK capacity : 9223372036854775807
2022-08-04 12:11:25,150 [Time-limited test] INFO  volume.MutableVolumeSet (MutableVolumeSet.java:initializeVolumeSet(174)) - Added Volume : /home/runner/work/ozone/ozone/hadoop-hdds/container-service/target/test-dir/TestContainerPersistence/hdds to VolumeSet
2022-08-04 12:11:25,186 [Time-limited test] INFO  impl.TestContainerPersistence (TestContainerPersistence.java:cleanupDir(170)) - Deleting /home/runner/work/ozone/ozone/hadoop-hdds/container-service/target/test-dir/TestContainerPersistence
]]></system-out>
  </testcase>
  <testcase name="testCreateContainer" classname="TestContainerPersistence" time="0.052">
    <system-out><![CDATA[2022-08-04 12:11:26,797 [Time-limited test] INFO  volume.HddsVolume (HddsVolume.java:<init>(116)) - Creating HddsVolume: /home/runner/work/ozone/ozone/hadoop-hdds/container-service/target/test-dir/TestContainerPersistence/hdds of storage type : DISK capacity : 9223372036854775807
2022-08-04 12:11:26,797 [Time-limited test] INFO  volume.MutableVolumeSet (MutableVolumeSet.java:initializeVolumeSet(174)) - Added Volume : /home/runner/work/ozone/ozone/hadoop-hdds/container-service/target/test-dir/TestContainerPersistence/hdds to VolumeSet
2022-08-04 12:11:26,836 [Time-limited test] INFO  volume.HddsVolume (HddsVolume.java:createDbStore(309)) - SchemaV3 db is created and loaded at /home/runner/work/ozone/ozone/hadoop-hdds/container-service/target/test-dir/TestContainerPersistence/hdds/2e055fc2-68f4-420e-b3cc-a1108be8a17b/DS-b558eff0-e0cf-4947-88ff-347530965334/container.db for volume DS-b558eff0-e0cf-4947-88ff-347530965334
2022-08-04 12:11:26,840 [Time-limited test] INFO  impl.TestContainerPersistence (TestContainerPersistence.java:cleanupDir(170)) - Deleting /home/runner/work/ozone/ozone/hadoop-hdds/container-service/target/test-dir/TestContainerPersistence
]]></system-out>
  </testcase>
  <testcase name="testCreateContainer" classname="TestContainerPersistence" time="0.044">
    <system-out><![CDATA[2022-08-04 12:11:28,114 [Time-limited test] INFO  volume.HddsVolume (HddsVolume.java:<init>(116)) - Creating HddsVolume: /home/runner/work/ozone/ozone/hadoop-hdds/container-service/target/test-dir/TestContainerPersistence/hdds of storage type : DISK capacity : 9223372036854775807
2022-08-04 12:11:28,114 [Time-limited test] INFO  volume.MutableVolumeSet (MutableVolumeSet.java:initializeVolumeSet(174)) - Added Volume : /home/runner/work/ozone/ozone/hadoop-hdds/container-service/target/test-dir/TestContainerPersistence/hdds to VolumeSet
2022-08-04 12:11:28,151 [Time-limited test] INFO  impl.TestContainerPersistence (TestContainerPersistence.java:cleanupDir(170)) - Deleting /home/runner/work/ozone/ozone/hadoop-hdds/container-service/target/test-dir/TestContainerPersistence
]]></system-out>
  </testcase>
  <testcase name="testCreateContainer" classname="TestContainerPersistence" time="0.041">
    <system-out><![CDATA[2022-08-04 12:11:29,367 [Time-limited test] INFO  volume.HddsVolume (HddsVolume.java:<init>(116)) - Creating HddsVolume: /home/runner/work/ozone/ozone/hadoop-hdds/container-service/target/test-dir/TestContainerPersistence/hdds of storage type : DISK capacity : 9223372036854775807
2022-08-04 12:11:29,367 [Time-limited test] INFO  volume.MutableVolumeSet (MutableVolumeSet.java:initializeVolumeSet(174)) - Added Volume : /home/runner/work/ozone/ozone/hadoop-hdds/container-service/target/test-dir/TestContainerPersistence/hdds to VolumeSet
2022-08-04 12:11:29,400 [Time-limited test] INFO  impl.TestContainerPersistence (TestContainerPersistence.java:cleanupDir(170)) - Deleting /home/runner/work/ozone/ozone/hadoop-hdds/container-service/target/test-dir/TestContainerPersistence
]]></system-out>
  </testcase>
  <testcase name="testCreateContainer" classname="TestContainerPersistence" time="0.038">
    <system-out><![CDATA[2022-08-04 12:11:30,511 [Time-limited test] INFO  volume.HddsVolume (HddsVolume.java:<init>(116)) - Creating HddsVolume: /home/runner/work/ozone/ozone/hadoop-hdds/container-service/target/test-dir/TestContainerPersistence/hdds of storage type : DISK capacity : 9223372036854775807
2022-08-04 12:11:30,512 [Time-limited test] INFO  volume.MutableVolumeSet (MutableVolumeSet.java:initializeVolumeSet(174)) - Added Volume : /home/runner/work/ozone/ozone/hadoop-hdds/container-service/target/test-dir/TestContainerPersistence/hdds to VolumeSet
2022-08-04 12:11:30,539 [Time-limited test] INFO  volume.HddsVolume (HddsVolume.java:createDbStore(309)) - SchemaV3 db is created and loaded at /home/runner/work/ozone/ozone/hadoop-hdds/container-service/target/test-dir/TestContainerPersistence/hdds/2e055fc2-68f4-420e-b3cc-a1108be8a17b/DS-b929dc69-d227-49b6-a294-8e9989d1535e/container.db for volume DS-b929dc69-d227-49b6-a294-8e9989d1535e
2022-08-04 12:11:30,544 [Time-limited test] INFO  impl.TestContainerPersistence (TestContainerPersistence.java:cleanupDir(170)) - Deleting /home/runner/work/ozone/ozone/hadoop-hdds/container-service/target/test-dir/TestContainerPersistence
]]></system-out>
  </testcase>
  <testcase name="testPutBlock" classname="TestContainerPersistence" time="0.132">
    <system-out><![CDATA[2022-08-04 12:11:22,819 [Time-limited test] INFO  volume.HddsVolume (HddsVolume.java:<init>(116)) - Creating HddsVolume: /home/runner/work/ozone/ozone/hadoop-hdds/container-service/target/test-dir/TestContainerPersistence/hdds of storage type : DISK capacity : 9223372036854775807
2022-08-04 12:11:22,819 [Time-limited test] INFO  volume.MutableVolumeSet (MutableVolumeSet.java:initializeVolumeSet(174)) - Added Volume : /home/runner/work/ozone/ozone/hadoop-hdds/container-service/target/test-dir/TestContainerPersistence/hdds to VolumeSet
2022-08-04 12:11:22,944 [Time-limited test] INFO  impl.TestContainerPersistence (TestContainerPersistence.java:cleanupDir(170)) - Deleting /home/runner/work/ozone/ozone/hadoop-hdds/container-service/target/test-dir/TestContainerPersistence
]]></system-out>
  </testcase>
  <testcase name="testPutBlock" classname="TestContainerPersistence" time="0.038">
    <system-out><![CDATA[2022-08-04 12:11:25,190 [Time-limited test] INFO  volume.HddsVolume (HddsVolume.java:<init>(116)) - Creating HddsVolume: /home/runner/work/ozone/ozone/hadoop-hdds/container-service/target/test-dir/TestContainerPersistence/hdds of storage type : DISK capacity : 9223372036854775807
2022-08-04 12:11:25,190 [Time-limited test] INFO  volume.MutableVolumeSet (MutableVolumeSet.java:initializeVolumeSet(174)) - Added Volume : /home/runner/work/ozone/ozone/hadoop-hdds/container-service/target/test-dir/TestContainerPersistence/hdds to VolumeSet
2022-08-04 12:11:25,225 [Time-limited test] INFO  impl.TestContainerPersistence (TestContainerPersistence.java:cleanupDir(170)) - Deleting /home/runner/work/ozone/ozone/hadoop-hdds/container-service/target/test-dir/TestContainerPersistence
]]></system-out>
  </testcase>
  <testcase name="testPutBlock" classname="TestContainerPersistence" time="0.045">
    <system-out><![CDATA[2022-08-04 12:11:26,846 [Time-limited test] INFO  volume.HddsVolume (HddsVolume.java:<init>(116)) - Creating HddsVolume: /home/runner/work/ozone/ozone/hadoop-hdds/container-service/target/test-dir/TestContainerPersistence/hdds of storage type : DISK capacity : 9223372036854775807
2022-08-04 12:11:26,846 [Time-limited test] INFO  volume.MutableVolumeSet (MutableVolumeSet.java:initializeVolumeSet(174)) - Added Volume : /home/runner/work/ozone/ozone/hadoop-hdds/container-service/target/test-dir/TestContainerPersistence/hdds to VolumeSet
2022-08-04 12:11:26,880 [Time-limited test] INFO  volume.HddsVolume (HddsVolume.java:createDbStore(309)) - SchemaV3 db is created and loaded at /home/runner/work/ozone/ozone/hadoop-hdds/container-service/target/test-dir/TestContainerPersistence/hdds/2e055fc2-68f4-420e-b3cc-a1108be8a17b/DS-2bcf4a6b-2802-4eb0-893c-013a19832293/container.db for volume DS-2bcf4a6b-2802-4eb0-893c-013a19832293
2022-08-04 12:11:26,886 [Time-limited test] INFO  impl.TestContainerPersistence (TestContainerPersistence.java:cleanupDir(170)) - Deleting /home/runner/work/ozone/ozone/hadoop-hdds/container-service/target/test-dir/TestContainerPersistence
]]></system-out>
  </testcase>
  <testcase name="testPutBlock" classname="TestContainerPersistence" time="0.052">
    <system-out><![CDATA[2022-08-04 12:11:28,157 [Time-limited test] INFO  volume.HddsVolume (HddsVolume.java:<init>(116)) - Creating HddsVolume: /home/runner/work/ozone/ozone/hadoop-hdds/container-service/target/test-dir/TestContainerPersistence/hdds of storage type : DISK capacity : 9223372036854775807
2022-08-04 12:11:28,157 [Time-limited test] INFO  volume.MutableVolumeSet (MutableVolumeSet.java:initializeVolumeSet(174)) - Added Volume : /home/runner/work/ozone/ozone/hadoop-hdds/container-service/target/test-dir/TestContainerPersistence/hdds to VolumeSet
2022-08-04 12:11:28,203 [Time-limited test] INFO  impl.TestContainerPersistence (TestContainerPersistence.java:cleanupDir(170)) - Deleting /home/runner/work/ozone/ozone/hadoop-hdds/container-service/target/test-dir/TestContainerPersistence
]]></system-out>
  </testcase>
  <testcase name="testPutBlock" classname="TestContainerPersistence" time="0.034">
    <system-out><![CDATA[2022-08-04 12:11:29,405 [Time-limited test] INFO  volume.HddsVolume (HddsVolume.java:<init>(116)) - Creating HddsVolume: /home/runner/work/ozone/ozone/hadoop-hdds/container-service/target/test-dir/TestContainerPersistence/hdds of storage type : DISK capacity : 9223372036854775807
2022-08-04 12:11:29,405 [Time-limited test] INFO  volume.MutableVolumeSet (MutableVolumeSet.java:initializeVolumeSet(174)) - Added Volume : /home/runner/work/ozone/ozone/hadoop-hdds/container-service/target/test-dir/TestContainerPersistence/hdds to VolumeSet
2022-08-04 12:11:29,435 [Time-limited test] INFO  impl.TestContainerPersistence (TestContainerPersistence.java:cleanupDir(170)) - Deleting /home/runner/work/ozone/ozone/hadoop-hdds/container-service/target/test-dir/TestContainerPersistence
]]></system-out>
  </testcase>
  <testcase name="testPutBlock" classname="TestContainerPersistence" time="0.037">
    <system-out><![CDATA[2022-08-04 12:11:30,549 [Time-limited test] INFO  volume.HddsVolume (HddsVolume.java:<init>(116)) - Creating HddsVolume: /home/runner/work/ozone/ozone/hadoop-hdds/container-service/target/test-dir/TestContainerPersistence/hdds of storage type : DISK capacity : 9223372036854775807
2022-08-04 12:11:30,549 [Time-limited test] INFO  volume.MutableVolumeSet (MutableVolumeSet.java:initializeVolumeSet(174)) - Added Volume : /home/runner/work/ozone/ozone/hadoop-hdds/container-service/target/test-dir/TestContainerPersistence/hdds to VolumeSet
2022-08-04 12:11:30,578 [Time-limited test] INFO  volume.HddsVolume (HddsVolume.java:createDbStore(309)) - SchemaV3 db is created and loaded at /home/runner/work/ozone/ozone/hadoop-hdds/container-service/target/test-dir/TestContainerPersistence/hdds/2e055fc2-68f4-420e-b3cc-a1108be8a17b/DS-f76d586c-f41b-4f4d-a9a7-77ef0e6e008b/container.db for volume DS-f76d586c-f41b-4f4d-a9a7-77ef0e6e008b
2022-08-04 12:11:30,582 [Time-limited test] INFO  impl.TestContainerPersistence (TestContainerPersistence.java:cleanupDir(170)) - Deleting /home/runner/work/ozone/ozone/hadoop-hdds/container-service/target/test-dir/TestContainerPersistence
]]></system-out>
  </testcase>
  <testcase name="testDeleteChunk" classname="TestContainerPersistence" time="0.076">
    <system-out><![CDATA[2022-08-04 12:11:22,955 [Time-limited test] INFO  volume.HddsVolume (HddsVolume.java:<init>(116)) - Creating HddsVolume: /home/runner/work/ozone/ozone/hadoop-hdds/container-service/target/test-dir/TestContainerPersistence/hdds of storage type : DISK capacity : 9223372036854775807
2022-08-04 12:11:22,955 [Time-limited test] INFO  volume.MutableVolumeSet (MutableVolumeSet.java:initializeVolumeSet(174)) - Added Volume : /home/runner/work/ozone/ozone/hadoop-hdds/container-service/target/test-dir/TestContainerPersistence/hdds to VolumeSet
2022-08-04 12:11:23,016 [Time-limited test] INFO  impl.FilePerChunkStrategy (FilePerChunkStrategy.java:deleteChunk(322)) - Deleted chunk file /home/runner/work/ozone/ozone/hadoop-hdds/container-service/target/test-dir/TestContainerPersistence/hdds/2e055fc2-68f4-420e-b3cc-a1108be8a17b/current/containerDir60/1659615082969/chunks/1659615083010.data.1 (size 1024) for chunk ChunkInfo{chunkName='1659615083010.data.1, offset=0, len=1024}
2022-08-04 12:11:23,019 [Time-limited test] INFO  impl.TestContainerPersistence (TestContainerPersistence.java:cleanupDir(170)) - Deleting /home/runner/work/ozone/ozone/hadoop-hdds/container-service/target/test-dir/TestContainerPersistence
]]></system-out>
  </testcase>
  <testcase name="testDeleteChunk" classname="TestContainerPersistence" time="0.041">
    <system-out><![CDATA[2022-08-04 12:11:25,228 [Time-limited test] INFO  volume.HddsVolume (HddsVolume.java:<init>(116)) - Creating HddsVolume: /home/runner/work/ozone/ozone/hadoop-hdds/container-service/target/test-dir/TestContainerPersistence/hdds of storage type : DISK capacity : 9223372036854775807
2022-08-04 12:11:25,228 [Time-limited test] INFO  volume.MutableVolumeSet (MutableVolumeSet.java:initializeVolumeSet(174)) - Added Volume : /home/runner/work/ozone/ozone/hadoop-hdds/container-service/target/test-dir/TestContainerPersistence/hdds to VolumeSet
2022-08-04 12:11:25,267 [Time-limited test] INFO  impl.FilePerChunkStrategy (FilePerChunkStrategy.java:deleteChunk(322)) - Deleted chunk file /home/runner/work/ozone/ozone/hadoop-hdds/container-service/target/test-dir/TestContainerPersistence/hdds/2e055fc2-68f4-420e-b3cc-a1108be8a17b/current/containerDir65/1659615085234/chunks/1659615085266.data.1 (size 1024) for chunk ChunkInfo{chunkName='1659615085266.data.1, offset=0, len=1024}
2022-08-04 12:11:25,267 [Time-limited test] INFO  impl.TestContainerPersistence (TestContainerPersistence.java:cleanupDir(170)) - Deleting /home/runner/work/ozone/ozone/hadoop-hdds/container-service/target/test-dir/TestContainerPersistence
]]></system-out>
  </testcase>
  <testcase name="testDeleteChunk" classname="TestContainerPersistence" time="0.052">
    <system-out><![CDATA[2022-08-04 12:11:26,897 [Time-limited test] INFO  volume.HddsVolume (HddsVolume.java:<init>(116)) - Creating HddsVolume: /home/runner/work/ozone/ozone/hadoop-hdds/container-service/target/test-dir/TestContainerPersistence/hdds of storage type : DISK capacity : 9223372036854775807
2022-08-04 12:11:26,897 [Time-limited test] INFO  volume.MutableVolumeSet (MutableVolumeSet.java:initializeVolumeSet(174)) - Added Volume : /home/runner/work/ozone/ozone/hadoop-hdds/container-service/target/test-dir/TestContainerPersistence/hdds to VolumeSet
2022-08-04 12:11:26,929 [Time-limited test] INFO  volume.HddsVolume (HddsVolume.java:createDbStore(309)) - SchemaV3 db is created and loaded at /home/runner/work/ozone/ozone/hadoop-hdds/container-service/target/test-dir/TestContainerPersistence/hdds/2e055fc2-68f4-420e-b3cc-a1108be8a17b/DS-0b3d0330-2bc3-486f-92c7-f57fb63fb2b4/container.db for volume DS-0b3d0330-2bc3-486f-92c7-f57fb63fb2b4
2022-08-04 12:11:26,934 [Time-limited test] INFO  impl.FilePerChunkStrategy (FilePerChunkStrategy.java:deleteChunk(322)) - Deleted chunk file /home/runner/work/ozone/ozone/hadoop-hdds/container-service/target/test-dir/TestContainerPersistence/hdds/2e055fc2-68f4-420e-b3cc-a1108be8a17b/current/containerDir68/1659615086929/chunks/1659615086934.data.1 (size 1024) for chunk ChunkInfo{chunkName='1659615086934.data.1, offset=0, len=1024}
2022-08-04 12:11:26,936 [Time-limited test] INFO  impl.TestContainerPersistence (TestContainerPersistence.java:cleanupDir(170)) - Deleting /home/runner/work/ozone/ozone/hadoop-hdds/container-service/target/test-dir/TestContainerPersistence
]]></system-out>
  </testcase>
  <testcase name="testDeleteChunk" classname="TestContainerPersistence" time="0.046">
    <system-out><![CDATA[2022-08-04 12:11:28,209 [Time-limited test] INFO  volume.HddsVolume (HddsVolume.java:<init>(116)) - Creating HddsVolume: /home/runner/work/ozone/ozone/hadoop-hdds/container-service/target/test-dir/TestContainerPersistence/hdds of storage type : DISK capacity : 9223372036854775807
2022-08-04 12:11:28,210 [Time-limited test] INFO  volume.MutableVolumeSet (MutableVolumeSet.java:initializeVolumeSet(174)) - Added Volume : /home/runner/work/ozone/ozone/hadoop-hdds/container-service/target/test-dir/TestContainerPersistence/hdds to VolumeSet
2022-08-04 12:11:28,249 [Time-limited test] INFO  impl.FilePerBlockStrategy (FilePerBlockStrategy.java:deleteChunk(232)) - Deleted block file: /home/runner/work/ozone/ozone/hadoop-hdds/container-service/target/test-dir/TestContainerPersistence/hdds/2e055fc2-68f4-420e-b3cc-a1108be8a17b/current/containerDir71/1659615088217/chunks/1659615088249.block
2022-08-04 12:11:28,250 [Time-limited test] INFO  impl.TestContainerPersistence (TestContainerPersistence.java:cleanupDir(170)) - Deleting /home/runner/work/ozone/ozone/hadoop-hdds/container-service/target/test-dir/TestContainerPersistence
]]></system-out>
  </testcase>
  <testcase name="testDeleteChunk" classname="TestContainerPersistence" time="0.04">
    <system-out><![CDATA[2022-08-04 12:11:29,441 [Time-limited test] INFO  volume.HddsVolume (HddsVolume.java:<init>(116)) - Creating HddsVolume: /home/runner/work/ozone/ozone/hadoop-hdds/container-service/target/test-dir/TestContainerPersistence/hdds of storage type : DISK capacity : 9223372036854775807
2022-08-04 12:11:29,441 [Time-limited test] INFO  volume.MutableVolumeSet (MutableVolumeSet.java:initializeVolumeSet(174)) - Added Volume : /home/runner/work/ozone/ozone/hadoop-hdds/container-service/target/test-dir/TestContainerPersistence/hdds to VolumeSet
2022-08-04 12:11:29,474 [Time-limited test] INFO  impl.FilePerBlockStrategy (FilePerBlockStrategy.java:deleteChunk(232)) - Deleted block file: /home/runner/work/ozone/ozone/hadoop-hdds/container-service/target/test-dir/TestContainerPersistence/hdds/2e055fc2-68f4-420e-b3cc-a1108be8a17b/current/containerDir73/1659615089447/chunks/1659615089474.block
2022-08-04 12:11:29,475 [Time-limited test] INFO  impl.TestContainerPersistence (TestContainerPersistence.java:cleanupDir(170)) - Deleting /home/runner/work/ozone/ozone/hadoop-hdds/container-service/target/test-dir/TestContainerPersistence
]]></system-out>
  </testcase>
  <testcase name="testDeleteChunk" classname="TestContainerPersistence" time="0.038">
    <system-out><![CDATA[2022-08-04 12:11:30,585 [Time-limited test] INFO  volume.HddsVolume (HddsVolume.java:<init>(116)) - Creating HddsVolume: /home/runner/work/ozone/ozone/hadoop-hdds/container-service/target/test-dir/TestContainerPersistence/hdds of storage type : DISK capacity : 9223372036854775807
2022-08-04 12:11:30,585 [Time-limited test] INFO  volume.MutableVolumeSet (MutableVolumeSet.java:initializeVolumeSet(174)) - Added Volume : /home/runner/work/ozone/ozone/hadoop-hdds/container-service/target/test-dir/TestContainerPersistence/hdds to VolumeSet
2022-08-04 12:11:30,615 [Time-limited test] INFO  volume.HddsVolume (HddsVolume.java:createDbStore(309)) - SchemaV3 db is created and loaded at /home/runner/work/ozone/ozone/hadoop-hdds/container-service/target/test-dir/TestContainerPersistence/hdds/2e055fc2-68f4-420e-b3cc-a1108be8a17b/DS-375b1093-5da4-496d-8bbc-6d1ee7b58ae7/container.db for volume DS-375b1093-5da4-496d-8bbc-6d1ee7b58ae7
2022-08-04 12:11:30,619 [Time-limited test] INFO  impl.FilePerBlockStrategy (FilePerBlockStrategy.java:deleteChunk(232)) - Deleted block file: /home/runner/work/ozone/ozone/hadoop-hdds/container-service/target/test-dir/TestContainerPersistence/hdds/2e055fc2-68f4-420e-b3cc-a1108be8a17b/current/containerDir75/1659615090615/chunks/1659615090619.block
2022-08-04 12:11:30,619 [Time-limited test] INFO  impl.TestContainerPersistence (TestContainerPersistence.java:cleanupDir(170)) - Deleting /home/runner/work/ozone/ozone/hadoop-hdds/container-service/target/test-dir/TestContainerPersistence
]]></system-out>
  </testcase>
  <testcase name="testWriteChunk" classname="TestContainerPersistence" time="0.084">
    <system-out><![CDATA[2022-08-04 12:11:23,030 [Time-limited test] INFO  volume.HddsVolume (HddsVolume.java:<init>(116)) - Creating HddsVolume: /home/runner/work/ozone/ozone/hadoop-hdds/container-service/target/test-dir/TestContainerPersistence/hdds of storage type : DISK capacity : 9223372036854775807
2022-08-04 12:11:23,031 [Time-limited test] INFO  volume.MutableVolumeSet (MutableVolumeSet.java:initializeVolumeSet(174)) - Added Volume : /home/runner/work/ozone/ozone/hadoop-hdds/container-service/target/test-dir/TestContainerPersistence/hdds to VolumeSet
2022-08-04 12:11:23,108 [Time-limited test] INFO  impl.TestContainerPersistence (TestContainerPersistence.java:cleanupDir(170)) - Deleting /home/runner/work/ozone/ozone/hadoop-hdds/container-service/target/test-dir/TestContainerPersistence
]]></system-out>
  </testcase>
  <testcase name="testWriteChunk" classname="TestContainerPersistence" time="0.035">
    <system-out><![CDATA[2022-08-04 12:11:25,272 [Time-limited test] INFO  volume.HddsVolume (HddsVolume.java:<init>(116)) - Creating HddsVolume: /home/runner/work/ozone/ozone/hadoop-hdds/container-service/target/test-dir/TestContainerPersistence/hdds of storage type : DISK capacity : 9223372036854775807
2022-08-04 12:11:25,272 [Time-limited test] INFO  volume.MutableVolumeSet (MutableVolumeSet.java:initializeVolumeSet(174)) - Added Volume : /home/runner/work/ozone/ozone/hadoop-hdds/container-service/target/test-dir/TestContainerPersistence/hdds to VolumeSet
2022-08-04 12:11:25,303 [Time-limited test] INFO  impl.TestContainerPersistence (TestContainerPersistence.java:cleanupDir(170)) - Deleting /home/runner/work/ozone/ozone/hadoop-hdds/container-service/target/test-dir/TestContainerPersistence
]]></system-out>
  </testcase>
  <testcase name="testWriteChunk" classname="TestContainerPersistence" time="0.042">
    <system-out><![CDATA[2022-08-04 12:11:26,943 [Time-limited test] INFO  volume.HddsVolume (HddsVolume.java:<init>(116)) - Creating HddsVolume: /home/runner/work/ozone/ozone/hadoop-hdds/container-service/target/test-dir/TestContainerPersistence/hdds of storage type : DISK capacity : 9223372036854775807
2022-08-04 12:11:26,943 [Time-limited test] INFO  volume.MutableVolumeSet (MutableVolumeSet.java:initializeVolumeSet(174)) - Added Volume : /home/runner/work/ozone/ozone/hadoop-hdds/container-service/target/test-dir/TestContainerPersistence/hdds to VolumeSet
2022-08-04 12:11:26,972 [Time-limited test] INFO  volume.HddsVolume (HddsVolume.java:createDbStore(309)) - SchemaV3 db is created and loaded at /home/runner/work/ozone/ozone/hadoop-hdds/container-service/target/test-dir/TestContainerPersistence/hdds/2e055fc2-68f4-420e-b3cc-a1108be8a17b/DS-6be8cf68-405f-4d43-b0ad-d1d089d6532b/container.db for volume DS-6be8cf68-405f-4d43-b0ad-d1d089d6532b
2022-08-04 12:11:26,978 [Time-limited test] INFO  impl.TestContainerPersistence (TestContainerPersistence.java:cleanupDir(170)) - Deleting /home/runner/work/ozone/ozone/hadoop-hdds/container-service/target/test-dir/TestContainerPersistence
]]></system-out>
  </testcase>
  <testcase name="testWriteChunk" classname="TestContainerPersistence" time="0.043">
    <system-out><![CDATA[2022-08-04 12:11:28,254 [Time-limited test] INFO  volume.HddsVolume (HddsVolume.java:<init>(116)) - Creating HddsVolume: /home/runner/work/ozone/ozone/hadoop-hdds/container-service/target/test-dir/TestContainerPersistence/hdds of storage type : DISK capacity : 9223372036854775807
2022-08-04 12:11:28,254 [Time-limited test] INFO  volume.MutableVolumeSet (MutableVolumeSet.java:initializeVolumeSet(174)) - Added Volume : /home/runner/work/ozone/ozone/hadoop-hdds/container-service/target/test-dir/TestContainerPersistence/hdds to VolumeSet
2022-08-04 12:11:28,292 [Time-limited test] INFO  impl.TestContainerPersistence (TestContainerPersistence.java:cleanupDir(170)) - Deleting /home/runner/work/ozone/ozone/hadoop-hdds/container-service/target/test-dir/TestContainerPersistence
]]></system-out>
  </testcase>
  <testcase name="testWriteChunk" classname="TestContainerPersistence" time="0.045">
    <system-out><![CDATA[2022-08-04 12:11:29,481 [Time-limited test] INFO  volume.HddsVolume (HddsVolume.java:<init>(116)) - Creating HddsVolume: /home/runner/work/ozone/ozone/hadoop-hdds/container-service/target/test-dir/TestContainerPersistence/hdds of storage type : DISK capacity : 9223372036854775807
2022-08-04 12:11:29,482 [Time-limited test] INFO  volume.MutableVolumeSet (MutableVolumeSet.java:initializeVolumeSet(174)) - Added Volume : /home/runner/work/ozone/ozone/hadoop-hdds/container-service/target/test-dir/TestContainerPersistence/hdds to VolumeSet
2022-08-04 12:11:29,520 [Time-limited test] INFO  impl.TestContainerPersistence (TestContainerPersistence.java:cleanupDir(170)) - Deleting /home/runner/work/ozone/ozone/hadoop-hdds/container-service/target/test-dir/TestContainerPersistence
]]></system-out>
  </testcase>
  <testcase name="testWriteChunk" classname="TestContainerPersistence" time="0.036">
    <system-out><![CDATA[2022-08-04 12:11:30,624 [Time-limited test] INFO  volume.HddsVolume (HddsVolume.java:<init>(116)) - Creating HddsVolume: /home/runner/work/ozone/ozone/hadoop-hdds/container-service/target/test-dir/TestContainerPersistence/hdds of storage type : DISK capacity : 9223372036854775807
2022-08-04 12:11:30,625 [Time-limited test] INFO  volume.MutableVolumeSet (MutableVolumeSet.java:initializeVolumeSet(174)) - Added Volume : /home/runner/work/ozone/ozone/hadoop-hdds/container-service/target/test-dir/TestContainerPersistence/hdds to VolumeSet
2022-08-04 12:11:30,651 [Time-limited test] INFO  volume.HddsVolume (HddsVolume.java:createDbStore(309)) - SchemaV3 db is created and loaded at /home/runner/work/ozone/ozone/hadoop-hdds/container-service/target/test-dir/TestContainerPersistence/hdds/2e055fc2-68f4-420e-b3cc-a1108be8a17b/DS-5f1fc2f3-e7d9-492a-8eaa-a0077d222b3e/container.db for volume DS-5f1fc2f3-e7d9-492a-8eaa-a0077d222b3e
2022-08-04 12:11:30,656 [Time-limited test] INFO  impl.TestContainerPersistence (TestContainerPersistence.java:cleanupDir(170)) - Deleting /home/runner/work/ozone/ozone/hadoop-hdds/container-service/target/test-dir/TestContainerPersistence
]]></system-out>
  </testcase>
  <testcase name="testPutBlockWithInvalidBCSId" classname="TestContainerPersistence" time="0.06">
    <system-out><![CDATA[2022-08-04 12:11:23,118 [Time-limited test] INFO  volume.HddsVolume (HddsVolume.java:<init>(116)) - Creating HddsVolume: /home/runner/work/ozone/ozone/hadoop-hdds/container-service/target/test-dir/TestContainerPersistence/hdds of storage type : DISK capacity : 9223372036854775807
2022-08-04 12:11:23,118 [Time-limited test] INFO  volume.MutableVolumeSet (MutableVolumeSet.java:initializeVolumeSet(174)) - Added Volume : /home/runner/work/ozone/ozone/hadoop-hdds/container-service/target/test-dir/TestContainerPersistence/hdds to VolumeSet
2022-08-04 12:11:23,166 [Time-limited test] INFO  impl.TestContainerPersistence (TestContainerPersistence.java:cleanupDir(170)) - Deleting /home/runner/work/ozone/ozone/hadoop-hdds/container-service/target/test-dir/TestContainerPersistence
]]></system-out>
  </testcase>
  <testcase name="testPutBlockWithInvalidBCSId" classname="TestContainerPersistence" time="0.035">
    <system-out><![CDATA[2022-08-04 12:11:25,306 [Time-limited test] INFO  volume.HddsVolume (HddsVolume.java:<init>(116)) - Creating HddsVolume: /home/runner/work/ozone/ozone/hadoop-hdds/container-service/target/test-dir/TestContainerPersistence/hdds of storage type : DISK capacity : 9223372036854775807
2022-08-04 12:11:25,306 [Time-limited test] INFO  volume.MutableVolumeSet (MutableVolumeSet.java:initializeVolumeSet(174)) - Added Volume : /home/runner/work/ozone/ozone/hadoop-hdds/container-service/target/test-dir/TestContainerPersistence/hdds to VolumeSet
2022-08-04 12:11:25,339 [Time-limited test] INFO  impl.TestContainerPersistence (TestContainerPersistence.java:cleanupDir(170)) - Deleting /home/runner/work/ozone/ozone/hadoop-hdds/container-service/target/test-dir/TestContainerPersistence
]]></system-out>
  </testcase>
  <testcase name="testPutBlockWithInvalidBCSId" classname="TestContainerPersistence" time="0.046">
    <system-out><![CDATA[2022-08-04 12:11:26,989 [Time-limited test] INFO  volume.HddsVolume (HddsVolume.java:<init>(116)) - Creating HddsVolume: /home/runner/work/ozone/ozone/hadoop-hdds/container-service/target/test-dir/TestContainerPersistence/hdds of storage type : DISK capacity : 9223372036854775807
2022-08-04 12:11:26,989 [Time-limited test] INFO  volume.MutableVolumeSet (MutableVolumeSet.java:initializeVolumeSet(174)) - Added Volume : /home/runner/work/ozone/ozone/hadoop-hdds/container-service/target/test-dir/TestContainerPersistence/hdds to VolumeSet
2022-08-04 12:11:27,019 [Time-limited test] INFO  volume.HddsVolume (HddsVolume.java:createDbStore(309)) - SchemaV3 db is created and loaded at /home/runner/work/ozone/ozone/hadoop-hdds/container-service/target/test-dir/TestContainerPersistence/hdds/2e055fc2-68f4-420e-b3cc-a1108be8a17b/DS-afe7d447-52b8-4a5f-af17-6c269cb4a580/container.db for volume DS-afe7d447-52b8-4a5f-af17-6c269cb4a580
2022-08-04 12:11:27,027 [Time-limited test] INFO  impl.TestContainerPersistence (TestContainerPersistence.java:cleanupDir(170)) - Deleting /home/runner/work/ozone/ozone/hadoop-hdds/container-service/target/test-dir/TestContainerPersistence
]]></system-out>
  </testcase>
  <testcase name="testPutBlockWithInvalidBCSId" classname="TestContainerPersistence" time="0.046">
    <system-out><![CDATA[2022-08-04 12:11:28,297 [Time-limited test] INFO  volume.HddsVolume (HddsVolume.java:<init>(116)) - Creating HddsVolume: /home/runner/work/ozone/ozone/hadoop-hdds/container-service/target/test-dir/TestContainerPersistence/hdds of storage type : DISK capacity : 9223372036854775807
2022-08-04 12:11:28,297 [Time-limited test] INFO  volume.MutableVolumeSet (MutableVolumeSet.java:initializeVolumeSet(174)) - Added Volume : /home/runner/work/ozone/ozone/hadoop-hdds/container-service/target/test-dir/TestContainerPersistence/hdds to VolumeSet
2022-08-04 12:11:28,338 [Time-limited test] INFO  impl.TestContainerPersistence (TestContainerPersistence.java:cleanupDir(170)) - Deleting /home/runner/work/ozone/ozone/hadoop-hdds/container-service/target/test-dir/TestContainerPersistence
]]></system-out>
  </testcase>
  <testcase name="testPutBlockWithInvalidBCSId" classname="TestContainerPersistence" time="0.041">
    <system-out><![CDATA[2022-08-04 12:11:29,523 [Time-limited test] INFO  volume.HddsVolume (HddsVolume.java:<init>(116)) - Creating HddsVolume: /home/runner/work/ozone/ozone/hadoop-hdds/container-service/target/test-dir/TestContainerPersistence/hdds of storage type : DISK capacity : 9223372036854775807
2022-08-04 12:11:29,524 [Time-limited test] INFO  volume.MutableVolumeSet (MutableVolumeSet.java:initializeVolumeSet(174)) - Added Volume : /home/runner/work/ozone/ozone/hadoop-hdds/container-service/target/test-dir/TestContainerPersistence/hdds to VolumeSet
2022-08-04 12:11:29,562 [Time-limited test] INFO  impl.TestContainerPersistence (TestContainerPersistence.java:cleanupDir(170)) - Deleting /home/runner/work/ozone/ozone/hadoop-hdds/container-service/target/test-dir/TestContainerPersistence
]]></system-out>
  </testcase>
  <testcase name="testPutBlockWithInvalidBCSId" classname="TestContainerPersistence" time="0.033">
    <system-out><![CDATA[2022-08-04 12:11:30,658 [Time-limited test] INFO  volume.HddsVolume (HddsVolume.java:<init>(116)) - Creating HddsVolume: /home/runner/work/ozone/ozone/hadoop-hdds/container-service/target/test-dir/TestContainerPersistence/hdds of storage type : DISK capacity : 9223372036854775807
2022-08-04 12:11:30,658 [Time-limited test] INFO  volume.MutableVolumeSet (MutableVolumeSet.java:initializeVolumeSet(174)) - Added Volume : /home/runner/work/ozone/ozone/hadoop-hdds/container-service/target/test-dir/TestContainerPersistence/hdds to VolumeSet
2022-08-04 12:11:30,681 [Time-limited test] INFO  volume.HddsVolume (HddsVolume.java:createDbStore(309)) - SchemaV3 db is created and loaded at /home/runner/work/ozone/ozone/hadoop-hdds/container-service/target/test-dir/TestContainerPersistence/hdds/2e055fc2-68f4-420e-b3cc-a1108be8a17b/DS-689edea8-cdf5-46b4-8d02-83a9e8c97cbf/container.db for volume DS-689edea8-cdf5-46b4-8d02-83a9e8c97cbf
2022-08-04 12:11:30,688 [Time-limited test] INFO  impl.TestContainerPersistence (TestContainerPersistence.java:cleanupDir(170)) - Deleting /home/runner/work/ozone/ozone/hadoop-hdds/container-service/target/test-dir/TestContainerPersistence
]]></system-out>
  </testcase>
  <testcase name="testListBlock" classname="TestContainerPersistence" time="0.076">
    <system-out><![CDATA[2022-08-04 12:11:23,175 [Time-limited test] INFO  volume.HddsVolume (HddsVolume.java:<init>(116)) - Creating HddsVolume: /home/runner/work/ozone/ozone/hadoop-hdds/container-service/target/test-dir/TestContainerPersistence/hdds of storage type : DISK capacity : 9223372036854775807
2022-08-04 12:11:23,176 [Time-limited test] INFO  volume.MutableVolumeSet (MutableVolumeSet.java:initializeVolumeSet(174)) - Added Volume : /home/runner/work/ozone/ozone/hadoop-hdds/container-service/target/test-dir/TestContainerPersistence/hdds to VolumeSet
2022-08-04 12:11:23,244 [Time-limited test] INFO  impl.TestContainerPersistence (TestContainerPersistence.java:cleanupDir(170)) - Deleting /home/runner/work/ozone/ozone/hadoop-hdds/container-service/target/test-dir/TestContainerPersistence
]]></system-out>
  </testcase>
  <testcase name="testListBlock" classname="TestContainerPersistence" time="0.033">
    <system-out><![CDATA[2022-08-04 12:11:25,342 [Time-limited test] INFO  volume.HddsVolume (HddsVolume.java:<init>(116)) - Creating HddsVolume: /home/runner/work/ozone/ozone/hadoop-hdds/container-service/target/test-dir/TestContainerPersistence/hdds of storage type : DISK capacity : 9223372036854775807
2022-08-04 12:11:25,342 [Time-limited test] INFO  volume.MutableVolumeSet (MutableVolumeSet.java:initializeVolumeSet(174)) - Added Volume : /home/runner/work/ozone/ozone/hadoop-hdds/container-service/target/test-dir/TestContainerPersistence/hdds to VolumeSet
2022-08-04 12:11:25,371 [Time-limited test] INFO  impl.TestContainerPersistence (TestContainerPersistence.java:cleanupDir(170)) - Deleting /home/runner/work/ozone/ozone/hadoop-hdds/container-service/target/test-dir/TestContainerPersistence
]]></system-out>
  </testcase>
  <testcase name="testListBlock" classname="TestContainerPersistence" time="0.042">
    <system-out><![CDATA[2022-08-04 12:11:27,032 [Time-limited test] INFO  volume.HddsVolume (HddsVolume.java:<init>(116)) - Creating HddsVolume: /home/runner/work/ozone/ozone/hadoop-hdds/container-service/target/test-dir/TestContainerPersistence/hdds of storage type : DISK capacity : 9223372036854775807
2022-08-04 12:11:27,033 [Time-limited test] INFO  volume.MutableVolumeSet (MutableVolumeSet.java:initializeVolumeSet(174)) - Added Volume : /home/runner/work/ozone/ozone/hadoop-hdds/container-service/target/test-dir/TestContainerPersistence/hdds to VolumeSet
2022-08-04 12:11:27,064 [Time-limited test] INFO  volume.HddsVolume (HddsVolume.java:createDbStore(309)) - SchemaV3 db is created and loaded at /home/runner/work/ozone/ozone/hadoop-hdds/container-service/target/test-dir/TestContainerPersistence/hdds/2e055fc2-68f4-420e-b3cc-a1108be8a17b/DS-7219876a-409b-45f9-8446-abe95346c9bd/container.db for volume DS-7219876a-409b-45f9-8446-abe95346c9bd
2022-08-04 12:11:27,069 [Time-limited test] INFO  impl.TestContainerPersistence (TestContainerPersistence.java:cleanupDir(170)) - Deleting /home/runner/work/ozone/ozone/hadoop-hdds/container-service/target/test-dir/TestContainerPersistence
]]></system-out>
  </testcase>
  <testcase name="testListBlock" classname="TestContainerPersistence" time="0.047">
    <system-out><![CDATA[2022-08-04 12:11:28,345 [Time-limited test] INFO  volume.HddsVolume (HddsVolume.java:<init>(116)) - Creating HddsVolume: /home/runner/work/ozone/ozone/hadoop-hdds/container-service/target/test-dir/TestContainerPersistence/hdds of storage type : DISK capacity : 9223372036854775807
2022-08-04 12:11:28,345 [Time-limited test] INFO  volume.MutableVolumeSet (MutableVolumeSet.java:initializeVolumeSet(174)) - Added Volume : /home/runner/work/ozone/ozone/hadoop-hdds/container-service/target/test-dir/TestContainerPersistence/hdds to VolumeSet
2022-08-04 12:11:28,384 [Time-limited test] INFO  impl.TestContainerPersistence (TestContainerPersistence.java:cleanupDir(170)) - Deleting /home/runner/work/ozone/ozone/hadoop-hdds/container-service/target/test-dir/TestContainerPersistence
]]></system-out>
  </testcase>
  <testcase name="testListBlock" classname="TestContainerPersistence" time="0.043">
    <system-out><![CDATA[2022-08-04 12:11:29,565 [Time-limited test] INFO  volume.HddsVolume (HddsVolume.java:<init>(116)) - Creating HddsVolume: /home/runner/work/ozone/ozone/hadoop-hdds/container-service/target/test-dir/TestContainerPersistence/hdds of storage type : DISK capacity : 9223372036854775807
2022-08-04 12:11:29,565 [Time-limited test] INFO  volume.MutableVolumeSet (MutableVolumeSet.java:initializeVolumeSet(174)) - Added Volume : /home/runner/work/ozone/ozone/hadoop-hdds/container-service/target/test-dir/TestContainerPersistence/hdds to VolumeSet
2022-08-04 12:11:29,604 [Time-limited test] INFO  impl.TestContainerPersistence (TestContainerPersistence.java:cleanupDir(170)) - Deleting /home/runner/work/ozone/ozone/hadoop-hdds/container-service/target/test-dir/TestContainerPersistence
]]></system-out>
  </testcase>
  <testcase name="testListBlock" classname="TestContainerPersistence" time="0.038">
    <system-out><![CDATA[2022-08-04 12:11:30,691 [Time-limited test] INFO  volume.HddsVolume (HddsVolume.java:<init>(116)) - Creating HddsVolume: /home/runner/work/ozone/ozone/hadoop-hdds/container-service/target/test-dir/TestContainerPersistence/hdds of storage type : DISK capacity : 9223372036854775807
2022-08-04 12:11:30,691 [Time-limited test] INFO  volume.MutableVolumeSet (MutableVolumeSet.java:initializeVolumeSet(174)) - Added Volume : /home/runner/work/ozone/ozone/hadoop-hdds/container-service/target/test-dir/TestContainerPersistence/hdds to VolumeSet
2022-08-04 12:11:30,716 [Time-limited test] INFO  volume.HddsVolume (HddsVolume.java:createDbStore(309)) - SchemaV3 db is created and loaded at /home/runner/work/ozone/ozone/hadoop-hdds/container-service/target/test-dir/TestContainerPersistence/hdds/2e055fc2-68f4-420e-b3cc-a1108be8a17b/DS-3817a274-0bb6-470c-9a27-9581668ade60/container.db for volume DS-3817a274-0bb6-470c-9a27-9581668ade60
2022-08-04 12:11:30,726 [Time-limited test] INFO  impl.TestContainerPersistence (TestContainerPersistence.java:cleanupDir(170)) - Deleting /home/runner/work/ozone/ozone/hadoop-hdds/container-service/target/test-dir/TestContainerPersistence
]]></system-out>
  </testcase>
  <testcase name="testGetContainerReports" classname="TestContainerPersistence" time="0.388">
    <system-out><![CDATA[2022-08-04 12:11:23,258 [Time-limited test] INFO  volume.HddsVolume (HddsVolume.java:<init>(116)) - Creating HddsVolume: /home/runner/work/ozone/ozone/hadoop-hdds/container-service/target/test-dir/TestContainerPersistence/hdds of storage type : DISK capacity : 9223372036854775807
2022-08-04 12:11:23,259 [Time-limited test] INFO  volume.MutableVolumeSet (MutableVolumeSet.java:initializeVolumeSet(174)) - Added Volume : /home/runner/work/ozone/ozone/hadoop-hdds/container-service/target/test-dir/TestContainerPersistence/hdds to VolumeSet
2022-08-04 12:11:23,307 [Time-limited test] INFO  keyvalue.KeyValueContainer (KeyValueContainer.java:flushAndSyncDB(431)) - Container 1659615083266 is synced with bcsId 0.
2022-08-04 12:11:23,308 [Time-limited test] INFO  keyvalue.KeyValueContainer (KeyValueContainer.java:flushAndSyncDB(431)) - Container 1659615083266 is synced with bcsId 0.
2022-08-04 12:11:23,313 [Time-limited test] INFO  keyvalue.KeyValueContainer (KeyValueContainer.java:close(346)) - Container 1659615083266 is closed with bcsId 0.
2022-08-04 12:11:23,395 [Time-limited test] INFO  keyvalue.KeyValueContainer (KeyValueContainer.java:flushAndSyncDB(431)) - Container 1659615083369 is synced with bcsId 0.
2022-08-04 12:11:23,395 [Time-limited test] INFO  keyvalue.KeyValueContainer (KeyValueContainer.java:flushAndSyncDB(431)) - Container 1659615083369 is synced with bcsId 0.
2022-08-04 12:11:23,403 [Time-limited test] INFO  keyvalue.KeyValueContainer (KeyValueContainer.java:close(346)) - Container 1659615083369 is closed with bcsId 0.
2022-08-04 12:11:23,491 [Time-limited test] INFO  keyvalue.KeyValueContainer (KeyValueContainer.java:flushAndSyncDB(431)) - Container 1659615083461 is synced with bcsId 0.
2022-08-04 12:11:23,492 [Time-limited test] INFO  keyvalue.KeyValueContainer (KeyValueContainer.java:flushAndSyncDB(431)) - Container 1659615083461 is synced with bcsId 0.
2022-08-04 12:11:23,494 [Time-limited test] INFO  keyvalue.KeyValueContainer (KeyValueContainer.java:close(346)) - Container 1659615083461 is closed with bcsId 0.
2022-08-04 12:11:23,588 [Time-limited test] INFO  keyvalue.KeyValueContainer (KeyValueContainer.java:flushAndSyncDB(431)) - Container 1659615083540 is synced with bcsId 0.
2022-08-04 12:11:23,589 [Time-limited test] INFO  keyvalue.KeyValueContainer (KeyValueContainer.java:flushAndSyncDB(431)) - Container 1659615083540 is synced with bcsId 0.
2022-08-04 12:11:23,592 [Time-limited test] INFO  keyvalue.KeyValueContainer (KeyValueContainer.java:close(346)) - Container 1659615083540 is closed with bcsId 0.
2022-08-04 12:11:23,615 [Time-limited test] INFO  impl.TestContainerPersistence (TestContainerPersistence.java:cleanupDir(170)) - Deleting /home/runner/work/ozone/ozone/hadoop-hdds/container-service/target/test-dir/TestContainerPersistence
]]></system-out>
  </testcase>
  <testcase name="testGetContainerReports" classname="TestContainerPersistence" time="0.255">
    <system-out><![CDATA[2022-08-04 12:11:25,377 [Time-limited test] INFO  volume.HddsVolume (HddsVolume.java:<init>(116)) - Creating HddsVolume: /home/runner/work/ozone/ozone/hadoop-hdds/container-service/target/test-dir/TestContainerPersistence/hdds of storage type : DISK capacity : 9223372036854775807
2022-08-04 12:11:25,378 [Time-limited test] INFO  volume.MutableVolumeSet (MutableVolumeSet.java:initializeVolumeSet(174)) - Added Volume : /home/runner/work/ozone/ozone/hadoop-hdds/container-service/target/test-dir/TestContainerPersistence/hdds to VolumeSet
2022-08-04 12:11:25,409 [Time-limited test] INFO  keyvalue.KeyValueContainer (KeyValueContainer.java:flushAndSyncDB(431)) - Container 1659615085384 is synced with bcsId 0.
2022-08-04 12:11:25,409 [Time-limited test] INFO  keyvalue.KeyValueContainer (KeyValueContainer.java:flushAndSyncDB(431)) - Container 1659615085384 is synced with bcsId 0.
2022-08-04 12:11:25,411 [Time-limited test] INFO  keyvalue.KeyValueContainer (KeyValueContainer.java:close(346)) - Container 1659615085384 is closed with bcsId 0.
2022-08-04 12:11:25,475 [Time-limited test] INFO  keyvalue.KeyValueContainer (KeyValueContainer.java:flushAndSyncDB(431)) - Container 1659615085455 is synced with bcsId 0.
2022-08-04 12:11:25,476 [Time-limited test] INFO  keyvalue.KeyValueContainer (KeyValueContainer.java:flushAndSyncDB(431)) - Container 1659615085455 is synced with bcsId 0.
2022-08-04 12:11:25,477 [Time-limited test] INFO  keyvalue.KeyValueContainer (KeyValueContainer.java:close(346)) - Container 1659615085455 is closed with bcsId 0.
2022-08-04 12:11:25,548 [Time-limited test] INFO  keyvalue.KeyValueContainer (KeyValueContainer.java:flushAndSyncDB(431)) - Container 1659615085519 is synced with bcsId 0.
2022-08-04 12:11:25,548 [Time-limited test] INFO  keyvalue.KeyValueContainer (KeyValueContainer.java:flushAndSyncDB(431)) - Container 1659615085519 is synced with bcsId 0.
2022-08-04 12:11:25,550 [Time-limited test] INFO  keyvalue.KeyValueContainer (KeyValueContainer.java:close(346)) - Container 1659615085519 is closed with bcsId 0.
2022-08-04 12:11:25,617 [Time-limited test] INFO  keyvalue.KeyValueContainer (KeyValueContainer.java:flushAndSyncDB(431)) - Container 1659615085597 is synced with bcsId 0.
2022-08-04 12:11:25,617 [Time-limited test] INFO  keyvalue.KeyValueContainer (KeyValueContainer.java:flushAndSyncDB(431)) - Container 1659615085597 is synced with bcsId 0.
2022-08-04 12:11:25,618 [Time-limited test] INFO  keyvalue.KeyValueContainer (KeyValueContainer.java:close(346)) - Container 1659615085597 is closed with bcsId 0.
2022-08-04 12:11:25,621 [Time-limited test] INFO  impl.TestContainerPersistence (TestContainerPersistence.java:cleanupDir(170)) - Deleting /home/runner/work/ozone/ozone/hadoop-hdds/container-service/target/test-dir/TestContainerPersistence
]]></system-out>
  </testcase>
  <testcase name="testGetContainerReports" classname="TestContainerPersistence" time="0.062">
    <system-out><![CDATA[2022-08-04 12:11:27,077 [Time-limited test] INFO  volume.HddsVolume (HddsVolume.java:<init>(116)) - Creating HddsVolume: /home/runner/work/ozone/ozone/hadoop-hdds/container-service/target/test-dir/TestContainerPersistence/hdds of storage type : DISK capacity : 9223372036854775807
2022-08-04 12:11:27,077 [Time-limited test] INFO  volume.MutableVolumeSet (MutableVolumeSet.java:initializeVolumeSet(174)) - Added Volume : /home/runner/work/ozone/ozone/hadoop-hdds/container-service/target/test-dir/TestContainerPersistence/hdds to VolumeSet
2022-08-04 12:11:27,107 [Time-limited test] INFO  volume.HddsVolume (HddsVolume.java:createDbStore(309)) - SchemaV3 db is created and loaded at /home/runner/work/ozone/ozone/hadoop-hdds/container-service/target/test-dir/TestContainerPersistence/hdds/2e055fc2-68f4-420e-b3cc-a1108be8a17b/DS-c7bbefee-f23e-4932-af76-938efb32ecd0/container.db for volume DS-c7bbefee-f23e-4932-af76-938efb32ecd0
2022-08-04 12:11:27,110 [Time-limited test] INFO  keyvalue.KeyValueContainer (KeyValueContainer.java:flushAndSyncDB(431)) - Container 1659615087108 is synced with bcsId 0.
2022-08-04 12:11:27,110 [Time-limited test] INFO  keyvalue.KeyValueContainer (KeyValueContainer.java:flushAndSyncDB(431)) - Container 1659615087108 is synced with bcsId 0.
2022-08-04 12:11:27,111 [Time-limited test] INFO  keyvalue.KeyValueContainer (KeyValueContainer.java:close(346)) - Container 1659615087108 is closed with bcsId 0.
2022-08-04 12:11:27,117 [Time-limited test] INFO  keyvalue.KeyValueContainer (KeyValueContainer.java:flushAndSyncDB(431)) - Container 1659615087115 is synced with bcsId 0.
2022-08-04 12:11:27,117 [Time-limited test] INFO  keyvalue.KeyValueContainer (KeyValueContainer.java:flushAndSyncDB(431)) - Container 1659615087115 is synced with bcsId 0.
2022-08-04 12:11:27,118 [Time-limited test] INFO  keyvalue.KeyValueContainer (KeyValueContainer.java:close(346)) - Container 1659615087115 is closed with bcsId 0.
2022-08-04 12:11:27,122 [Time-limited test] INFO  keyvalue.KeyValueContainer (KeyValueContainer.java:flushAndSyncDB(431)) - Container 1659615087121 is synced with bcsId 0.
2022-08-04 12:11:27,122 [Time-limited test] INFO  keyvalue.KeyValueContainer (KeyValueContainer.java:flushAndSyncDB(431)) - Container 1659615087121 is synced with bcsId 0.
2022-08-04 12:11:27,123 [Time-limited test] INFO  keyvalue.KeyValueContainer (KeyValueContainer.java:close(346)) - Container 1659615087121 is closed with bcsId 0.
2022-08-04 12:11:27,128 [Time-limited test] INFO  keyvalue.KeyValueContainer (KeyValueContainer.java:flushAndSyncDB(431)) - Container 1659615087126 is synced with bcsId 0.
2022-08-04 12:11:27,128 [Time-limited test] INFO  keyvalue.KeyValueContainer (KeyValueContainer.java:flushAndSyncDB(431)) - Container 1659615087126 is synced with bcsId 0.
2022-08-04 12:11:27,129 [Time-limited test] INFO  keyvalue.KeyValueContainer (KeyValueContainer.java:close(346)) - Container 1659615087126 is closed with bcsId 0.
2022-08-04 12:11:27,130 [Time-limited test] INFO  impl.TestContainerPersistence (TestContainerPersistence.java:cleanupDir(170)) - Deleting /home/runner/work/ozone/ozone/hadoop-hdds/container-service/target/test-dir/TestContainerPersistence
]]></system-out>
  </testcase>
  <testcase name="testGetContainerReports" classname="TestContainerPersistence" time="0.272">
    <system-out><![CDATA[2022-08-04 12:11:28,393 [Time-limited test] INFO  volume.HddsVolume (HddsVolume.java:<init>(116)) - Creating HddsVolume: /home/runner/work/ozone/ozone/hadoop-hdds/container-service/target/test-dir/TestContainerPersistence/hdds of storage type : DISK capacity : 9223372036854775807
2022-08-04 12:11:28,393 [Time-limited test] INFO  volume.MutableVolumeSet (MutableVolumeSet.java:initializeVolumeSet(174)) - Added Volume : /home/runner/work/ozone/ozone/hadoop-hdds/container-service/target/test-dir/TestContainerPersistence/hdds to VolumeSet
2022-08-04 12:11:28,425 [Time-limited test] INFO  keyvalue.KeyValueContainer (KeyValueContainer.java:flushAndSyncDB(431)) - Container 1659615088399 is synced with bcsId 0.
2022-08-04 12:11:28,425 [Time-limited test] INFO  keyvalue.KeyValueContainer (KeyValueContainer.java:flushAndSyncDB(431)) - Container 1659615088399 is synced with bcsId 0.
2022-08-04 12:11:28,426 [Time-limited test] INFO  keyvalue.KeyValueContainer (KeyValueContainer.java:close(346)) - Container 1659615088399 is closed with bcsId 0.
2022-08-04 12:11:28,496 [Time-limited test] INFO  keyvalue.KeyValueContainer (KeyValueContainer.java:flushAndSyncDB(431)) - Container 1659615088473 is synced with bcsId 0.
2022-08-04 12:11:28,496 [Time-limited test] INFO  keyvalue.KeyValueContainer (KeyValueContainer.java:flushAndSyncDB(431)) - Container 1659615088473 is synced with bcsId 0.
2022-08-04 12:11:28,498 [Time-limited test] INFO  keyvalue.KeyValueContainer (KeyValueContainer.java:close(346)) - Container 1659615088473 is closed with bcsId 0.
2022-08-04 12:11:28,569 [Time-limited test] INFO  keyvalue.KeyValueContainer (KeyValueContainer.java:flushAndSyncDB(431)) - Container 1659615088544 is synced with bcsId 0.
2022-08-04 12:11:28,569 [Time-limited test] INFO  keyvalue.KeyValueContainer (KeyValueContainer.java:flushAndSyncDB(431)) - Container 1659615088544 is synced with bcsId 0.
2022-08-04 12:11:28,570 [Time-limited test] INFO  keyvalue.KeyValueContainer (KeyValueContainer.java:close(346)) - Container 1659615088544 is closed with bcsId 0.
2022-08-04 12:11:28,649 [Time-limited test] INFO  keyvalue.KeyValueContainer (KeyValueContainer.java:flushAndSyncDB(431)) - Container 1659615088620 is synced with bcsId 0.
2022-08-04 12:11:28,649 [Time-limited test] INFO  keyvalue.KeyValueContainer (KeyValueContainer.java:flushAndSyncDB(431)) - Container 1659615088620 is synced with bcsId 0.
2022-08-04 12:11:28,650 [Time-limited test] INFO  keyvalue.KeyValueContainer (KeyValueContainer.java:close(346)) - Container 1659615088620 is closed with bcsId 0.
2022-08-04 12:11:28,652 [Time-limited test] INFO  impl.TestContainerPersistence (TestContainerPersistence.java:cleanupDir(170)) - Deleting /home/runner/work/ozone/ozone/hadoop-hdds/container-service/target/test-dir/TestContainerPersistence
]]></system-out>
  </testcase>
  <testcase name="testGetContainerReports" classname="TestContainerPersistence" time="0.248">
    <system-out><![CDATA[2022-08-04 12:11:29,611 [Time-limited test] INFO  volume.HddsVolume (HddsVolume.java:<init>(116)) - Creating HddsVolume: /home/runner/work/ozone/ozone/hadoop-hdds/container-service/target/test-dir/TestContainerPersistence/hdds of storage type : DISK capacity : 9223372036854775807
2022-08-04 12:11:29,611 [Time-limited test] INFO  volume.MutableVolumeSet (MutableVolumeSet.java:initializeVolumeSet(174)) - Added Volume : /home/runner/work/ozone/ozone/hadoop-hdds/container-service/target/test-dir/TestContainerPersistence/hdds to VolumeSet
2022-08-04 12:11:29,645 [Time-limited test] INFO  keyvalue.KeyValueContainer (KeyValueContainer.java:flushAndSyncDB(431)) - Container 1659615089617 is synced with bcsId 0.
2022-08-04 12:11:29,645 [Time-limited test] INFO  keyvalue.KeyValueContainer (KeyValueContainer.java:flushAndSyncDB(431)) - Container 1659615089617 is synced with bcsId 0.
2022-08-04 12:11:29,646 [Time-limited test] INFO  keyvalue.KeyValueContainer (KeyValueContainer.java:close(346)) - Container 1659615089617 is closed with bcsId 0.
2022-08-04 12:11:29,707 [Time-limited test] INFO  keyvalue.KeyValueContainer (KeyValueContainer.java:flushAndSyncDB(431)) - Container 1659615089688 is synced with bcsId 0.
2022-08-04 12:11:29,707 [Time-limited test] INFO  keyvalue.KeyValueContainer (KeyValueContainer.java:flushAndSyncDB(431)) - Container 1659615089688 is synced with bcsId 0.
2022-08-04 12:11:29,708 [Time-limited test] INFO  keyvalue.KeyValueContainer (KeyValueContainer.java:close(346)) - Container 1659615089688 is closed with bcsId 0.
2022-08-04 12:11:29,773 [Time-limited test] INFO  keyvalue.KeyValueContainer (KeyValueContainer.java:flushAndSyncDB(431)) - Container 1659615089752 is synced with bcsId 0.
2022-08-04 12:11:29,773 [Time-limited test] INFO  keyvalue.KeyValueContainer (KeyValueContainer.java:flushAndSyncDB(431)) - Container 1659615089752 is synced with bcsId 0.
2022-08-04 12:11:29,774 [Time-limited test] INFO  keyvalue.KeyValueContainer (KeyValueContainer.java:close(346)) - Container 1659615089752 is closed with bcsId 0.
2022-08-04 12:11:29,844 [Time-limited test] INFO  keyvalue.KeyValueContainer (KeyValueContainer.java:flushAndSyncDB(431)) - Container 1659615089823 is synced with bcsId 0.
2022-08-04 12:11:29,844 [Time-limited test] INFO  keyvalue.KeyValueContainer (KeyValueContainer.java:flushAndSyncDB(431)) - Container 1659615089823 is synced with bcsId 0.
2022-08-04 12:11:29,845 [Time-limited test] INFO  keyvalue.KeyValueContainer (KeyValueContainer.java:close(346)) - Container 1659615089823 is closed with bcsId 0.
2022-08-04 12:11:29,847 [Time-limited test] INFO  impl.TestContainerPersistence (TestContainerPersistence.java:cleanupDir(170)) - Deleting /home/runner/work/ozone/ozone/hadoop-hdds/container-service/target/test-dir/TestContainerPersistence
]]></system-out>
  </testcase>
  <testcase name="testGetContainerReports" classname="TestContainerPersistence" time="0.045">
    <system-out><![CDATA[2022-08-04 12:11:30,729 [Time-limited test] INFO  volume.HddsVolume (HddsVolume.java:<init>(116)) - Creating HddsVolume: /home/runner/work/ozone/ozone/hadoop-hdds/container-service/target/test-dir/TestContainerPersistence/hdds of storage type : DISK capacity : 9223372036854775807
2022-08-04 12:11:30,729 [Time-limited test] INFO  volume.MutableVolumeSet (MutableVolumeSet.java:initializeVolumeSet(174)) - Added Volume : /home/runner/work/ozone/ozone/hadoop-hdds/container-service/target/test-dir/TestContainerPersistence/hdds to VolumeSet
2022-08-04 12:11:30,753 [Time-limited test] INFO  volume.HddsVolume (HddsVolume.java:createDbStore(309)) - SchemaV3 db is created and loaded at /home/runner/work/ozone/ozone/hadoop-hdds/container-service/target/test-dir/TestContainerPersistence/hdds/2e055fc2-68f4-420e-b3cc-a1108be8a17b/DS-dbfa6845-0fb1-440c-bbc3-f68377c83e7e/container.db for volume DS-dbfa6845-0fb1-440c-bbc3-f68377c83e7e
2022-08-04 12:11:30,755 [Time-limited test] INFO  keyvalue.KeyValueContainer (KeyValueContainer.java:flushAndSyncDB(431)) - Container 1659615090754 is synced with bcsId 0.
2022-08-04 12:11:30,755 [Time-limited test] INFO  keyvalue.KeyValueContainer (KeyValueContainer.java:flushAndSyncDB(431)) - Container 1659615090754 is synced with bcsId 0.
2022-08-04 12:11:30,756 [Time-limited test] INFO  keyvalue.KeyValueContainer (KeyValueContainer.java:close(346)) - Container 1659615090754 is closed with bcsId 0.
2022-08-04 12:11:30,759 [Time-limited test] INFO  keyvalue.KeyValueContainer (KeyValueContainer.java:flushAndSyncDB(431)) - Container 1659615090758 is synced with bcsId 0.
2022-08-04 12:11:30,759 [Time-limited test] INFO  keyvalue.KeyValueContainer (KeyValueContainer.java:flushAndSyncDB(431)) - Container 1659615090758 is synced with bcsId 0.
2022-08-04 12:11:30,760 [Time-limited test] INFO  keyvalue.KeyValueContainer (KeyValueContainer.java:close(346)) - Container 1659615090758 is closed with bcsId 0.
2022-08-04 12:11:30,763 [Time-limited test] INFO  keyvalue.KeyValueContainer (KeyValueContainer.java:flushAndSyncDB(431)) - Container 1659615090762 is synced with bcsId 0.
2022-08-04 12:11:30,763 [Time-limited test] INFO  keyvalue.KeyValueContainer (KeyValueContainer.java:flushAndSyncDB(431)) - Container 1659615090762 is synced with bcsId 0.
2022-08-04 12:11:30,765 [Time-limited test] INFO  keyvalue.KeyValueContainer (KeyValueContainer.java:close(346)) - Container 1659615090762 is closed with bcsId 0.
2022-08-04 12:11:30,769 [Time-limited test] INFO  keyvalue.KeyValueContainer (KeyValueContainer.java:flushAndSyncDB(431)) - Container 1659615090768 is synced with bcsId 0.
2022-08-04 12:11:30,769 [Time-limited test] INFO  keyvalue.KeyValueContainer (KeyValueContainer.java:flushAndSyncDB(431)) - Container 1659615090768 is synced with bcsId 0.
2022-08-04 12:11:30,770 [Time-limited test] INFO  keyvalue.KeyValueContainer (KeyValueContainer.java:close(346)) - Container 1659615090768 is closed with bcsId 0.
2022-08-04 12:11:30,770 [Time-limited test] INFO  impl.TestContainerPersistence (TestContainerPersistence.java:cleanupDir(170)) - Deleting /home/runner/work/ozone/ozone/hadoop-hdds/container-service/target/test-dir/TestContainerPersistence
]]></system-out>
  </testcase>
  <testcase name="testOverWrite" classname="TestContainerPersistence" time="0.046">
    <system-out><![CDATA[2022-08-04 12:11:23,642 [Time-limited test] INFO  volume.HddsVolume (HddsVolume.java:<init>(116)) - Creating HddsVolume: /home/runner/work/ozone/ozone/hadoop-hdds/container-service/target/test-dir/TestContainerPersistence/hdds of storage type : DISK capacity : 9223372036854775807
2022-08-04 12:11:23,642 [Time-limited test] INFO  volume.MutableVolumeSet (MutableVolumeSet.java:initializeVolumeSet(174)) - Added Volume : /home/runner/work/ozone/ozone/hadoop-hdds/container-service/target/test-dir/TestContainerPersistence/hdds to VolumeSet
2022-08-04 12:11:23,681 [Time-limited test] WARN  helpers.ChunkUtils (ChunkUtils.java:validateChunkForOverwrite(240)) - Duplicate write chunk request. Chunk overwrite without explicit request. ChunkInfo{chunkName='1659615083680.data.0, offset=0, len=1024}
2022-08-04 12:11:23,682 [Time-limited test] INFO  impl.TestContainerPersistence (TestContainerPersistence.java:cleanupDir(170)) - Deleting /home/runner/work/ozone/ozone/hadoop-hdds/container-service/target/test-dir/TestContainerPersistence
]]></system-out>
  </testcase>
  <testcase name="testOverWrite" classname="TestContainerPersistence" time="0.036">
    <system-out><![CDATA[2022-08-04 12:11:25,630 [Time-limited test] INFO  volume.HddsVolume (HddsVolume.java:<init>(116)) - Creating HddsVolume: /home/runner/work/ozone/ozone/hadoop-hdds/container-service/target/test-dir/TestContainerPersistence/hdds of storage type : DISK capacity : 9223372036854775807
2022-08-04 12:11:25,630 [Time-limited test] INFO  volume.MutableVolumeSet (MutableVolumeSet.java:initializeVolumeSet(174)) - Added Volume : /home/runner/work/ozone/ozone/hadoop-hdds/container-service/target/test-dir/TestContainerPersistence/hdds to VolumeSet
2022-08-04 12:11:25,662 [Time-limited test] WARN  helpers.ChunkUtils (ChunkUtils.java:validateChunkForOverwrite(240)) - Duplicate write chunk request. Chunk overwrite without explicit request. ChunkInfo{chunkName='1659615085662.data.0, offset=0, len=1024}
2022-08-04 12:11:25,663 [Time-limited test] INFO  impl.TestContainerPersistence (TestContainerPersistence.java:cleanupDir(170)) - Deleting /home/runner/work/ozone/ozone/hadoop-hdds/container-service/target/test-dir/TestContainerPersistence
]]></system-out>
  </testcase>
  <testcase name="testOverWrite" classname="TestContainerPersistence" time="0.043">
    <system-out><![CDATA[2022-08-04 12:11:27,137 [Time-limited test] INFO  volume.HddsVolume (HddsVolume.java:<init>(116)) - Creating HddsVolume: /home/runner/work/ozone/ozone/hadoop-hdds/container-service/target/test-dir/TestContainerPersistence/hdds of storage type : DISK capacity : 9223372036854775807
2022-08-04 12:11:27,138 [Time-limited test] INFO  volume.MutableVolumeSet (MutableVolumeSet.java:initializeVolumeSet(174)) - Added Volume : /home/runner/work/ozone/ozone/hadoop-hdds/container-service/target/test-dir/TestContainerPersistence/hdds to VolumeSet
2022-08-04 12:11:27,168 [Time-limited test] INFO  volume.HddsVolume (HddsVolume.java:createDbStore(309)) - SchemaV3 db is created and loaded at /home/runner/work/ozone/ozone/hadoop-hdds/container-service/target/test-dir/TestContainerPersistence/hdds/2e055fc2-68f4-420e-b3cc-a1108be8a17b/DS-ade28e8f-34b9-456f-ad3f-9d4879ac2edf/container.db for volume DS-ade28e8f-34b9-456f-ad3f-9d4879ac2edf
2022-08-04 12:11:27,172 [Time-limited test] WARN  helpers.ChunkUtils (ChunkUtils.java:validateChunkForOverwrite(240)) - Duplicate write chunk request. Chunk overwrite without explicit request. ChunkInfo{chunkName='1659615087172.data.0, offset=0, len=1024}
2022-08-04 12:11:27,175 [Time-limited test] INFO  impl.TestContainerPersistence (TestContainerPersistence.java:cleanupDir(170)) - Deleting /home/runner/work/ozone/ozone/hadoop-hdds/container-service/target/test-dir/TestContainerPersistence
]]></system-out>
  </testcase>
  <testcase name="testOverWrite" classname="TestContainerPersistence" time="0.037">
    <system-out><![CDATA[2022-08-04 12:11:28,661 [Time-limited test] INFO  volume.HddsVolume (HddsVolume.java:<init>(116)) - Creating HddsVolume: /home/runner/work/ozone/ozone/hadoop-hdds/container-service/target/test-dir/TestContainerPersistence/hdds of storage type : DISK capacity : 9223372036854775807
2022-08-04 12:11:28,661 [Time-limited test] INFO  volume.MutableVolumeSet (MutableVolumeSet.java:initializeVolumeSet(174)) - Added Volume : /home/runner/work/ozone/ozone/hadoop-hdds/container-service/target/test-dir/TestContainerPersistence/hdds to VolumeSet
2022-08-04 12:11:28,694 [Time-limited test] WARN  helpers.ChunkUtils (ChunkUtils.java:validateChunkForOverwrite(240)) - Duplicate write chunk request. Chunk overwrite without explicit request. ChunkInfo{chunkName='1659615088694.data.0, offset=0, len=1024}
2022-08-04 12:11:28,695 [Time-limited test] INFO  impl.TestContainerPersistence (TestContainerPersistence.java:cleanupDir(170)) - Deleting /home/runner/work/ozone/ozone/hadoop-hdds/container-service/target/test-dir/TestContainerPersistence
]]></system-out>
  </testcase>
  <testcase name="testOverWrite" classname="TestContainerPersistence" time="0.039">
    <system-out><![CDATA[2022-08-04 12:11:29,856 [Time-limited test] INFO  volume.HddsVolume (HddsVolume.java:<init>(116)) - Creating HddsVolume: /home/runner/work/ozone/ozone/hadoop-hdds/container-service/target/test-dir/TestContainerPersistence/hdds of storage type : DISK capacity : 9223372036854775807
2022-08-04 12:11:29,856 [Time-limited test] INFO  volume.MutableVolumeSet (MutableVolumeSet.java:initializeVolumeSet(174)) - Added Volume : /home/runner/work/ozone/ozone/hadoop-hdds/container-service/target/test-dir/TestContainerPersistence/hdds to VolumeSet
2022-08-04 12:11:29,890 [Time-limited test] WARN  helpers.ChunkUtils (ChunkUtils.java:validateChunkForOverwrite(240)) - Duplicate write chunk request. Chunk overwrite without explicit request. ChunkInfo{chunkName='1659615089890.data.0, offset=0, len=1024}
2022-08-04 12:11:29,891 [Time-limited test] INFO  impl.TestContainerPersistence (TestContainerPersistence.java:cleanupDir(170)) - Deleting /home/runner/work/ozone/ozone/hadoop-hdds/container-service/target/test-dir/TestContainerPersistence
]]></system-out>
  </testcase>
  <testcase name="testOverWrite" classname="TestContainerPersistence" time="0.033">
    <system-out><![CDATA[2022-08-04 12:11:30,774 [Time-limited test] INFO  volume.HddsVolume (HddsVolume.java:<init>(116)) - Creating HddsVolume: /home/runner/work/ozone/ozone/hadoop-hdds/container-service/target/test-dir/TestContainerPersistence/hdds of storage type : DISK capacity : 9223372036854775807
2022-08-04 12:11:30,774 [Time-limited test] INFO  volume.MutableVolumeSet (MutableVolumeSet.java:initializeVolumeSet(174)) - Added Volume : /home/runner/work/ozone/ozone/hadoop-hdds/container-service/target/test-dir/TestContainerPersistence/hdds to VolumeSet
2022-08-04 12:11:30,800 [Time-limited test] INFO  volume.HddsVolume (HddsVolume.java:createDbStore(309)) - SchemaV3 db is created and loaded at /home/runner/work/ozone/ozone/hadoop-hdds/container-service/target/test-dir/TestContainerPersistence/hdds/2e055fc2-68f4-420e-b3cc-a1108be8a17b/DS-5448ca32-b776-4504-aeaf-2edca03ca625/container.db for volume DS-5448ca32-b776-4504-aeaf-2edca03ca625
2022-08-04 12:11:30,804 [Time-limited test] WARN  helpers.ChunkUtils (ChunkUtils.java:validateChunkForOverwrite(240)) - Duplicate write chunk request. Chunk overwrite without explicit request. ChunkInfo{chunkName='1659615090804.data.0, offset=0, len=1024}
2022-08-04 12:11:30,805 [Time-limited test] INFO  impl.TestContainerPersistence (TestContainerPersistence.java:cleanupDir(170)) - Deleting /home/runner/work/ozone/ozone/hadoop-hdds/container-service/target/test-dir/TestContainerPersistence
]]></system-out>
  </testcase>
  <testcase name="testDeleteContainer" classname="TestContainerPersistence" time="0.182">
    <system-out><![CDATA[2022-08-04 12:11:23,689 [Time-limited test] INFO  volume.HddsVolume (HddsVolume.java:<init>(116)) - Creating HddsVolume: /home/runner/work/ozone/ozone/hadoop-hdds/container-service/target/test-dir/TestContainerPersistence/hdds of storage type : DISK capacity : 9223372036854775807
2022-08-04 12:11:23,689 [Time-limited test] INFO  volume.MutableVolumeSet (MutableVolumeSet.java:initializeVolumeSet(174)) - Added Volume : /home/runner/work/ozone/ozone/hadoop-hdds/container-service/target/test-dir/TestContainerPersistence/hdds to VolumeSet
2022-08-04 12:11:23,818 [Time-limited test] INFO  keyvalue.KeyValueContainer (KeyValueContainer.java:flushAndSyncDB(431)) - Container 1659615083696 is synced with bcsId 0.
2022-08-04 12:11:23,818 [Time-limited test] INFO  keyvalue.KeyValueContainer (KeyValueContainer.java:flushAndSyncDB(431)) - Container 1659615083696 is synced with bcsId 0.
2022-08-04 12:11:23,822 [Time-limited test] INFO  keyvalue.KeyValueContainer (KeyValueContainer.java:close(346)) - Container 1659615083696 is closed with bcsId 0.
2022-08-04 12:11:23,857 [Time-limited test] ERROR utils.ContainerCache (ContainerCache.java:getDB(166)) - Error opening DB. Container:1659615083696 ContainerPath:/home/runner/work/ozone/ozone/hadoop-hdds/container-service/target/test-dir/TestContainerPersistence/hdds/2e055fc2-68f4-420e-b3cc-a1108be8a17b/current/containerDir62/1659615083696/metadata/1659615083696-dn-container.db
java.io.IOException: The DB destination directory should exist.
	at org.apache.hadoop.hdds.utils.db.DBStoreBuilder.build(DBStoreBuilder.java:188)
	at org.apache.hadoop.ozone.container.metadata.AbstractDatanodeStore.start(AbstractDatanodeStore.java:128)
	at org.apache.hadoop.ozone.container.metadata.AbstractDatanodeStore.<init>(AbstractDatanodeStore.java:97)
	at org.apache.hadoop.ozone.container.metadata.DatanodeStoreSchemaTwoImpl.<init>(DatanodeStoreSchemaTwoImpl.java:48)
	at org.apache.hadoop.ozone.container.keyvalue.helpers.BlockUtils.getUncachedDatanodeStore(BlockUtils.java:82)
	at org.apache.hadoop.ozone.container.common.utils.ContainerCache.getDB(ContainerCache.java:161)
	at org.apache.hadoop.ozone.container.keyvalue.helpers.BlockUtils.getDB(BlockUtils.java:136)
	at org.apache.hadoop.ozone.container.keyvalue.impl.BlockManagerImpl.persistPutBlock(BlockManagerImpl.java:122)
	at org.apache.hadoop.ozone.container.keyvalue.impl.BlockManagerImpl.putBlock(BlockManagerImpl.java:103)
	at org.apache.hadoop.ozone.container.keyvalue.impl.BlockManagerImpl.putBlock(BlockManagerImpl.java:88)
	at org.apache.hadoop.ozone.container.common.impl.TestContainerPersistence.testDeleteContainer(TestContainerPersistence.java:288)
	at sun.reflect.NativeMethodAccessorImpl.invoke0(Native Method)
	at sun.reflect.NativeMethodAccessorImpl.invoke(NativeMethodAccessorImpl.java:62)
	at sun.reflect.DelegatingMethodAccessorImpl.invoke(DelegatingMethodAccessorImpl.java:43)
	at java.lang.reflect.Method.invoke(Method.java:498)
	at org.junit.runners.model.FrameworkMethod$1.runReflectiveCall(FrameworkMethod.java:59)
	at org.junit.internal.runners.model.ReflectiveCallable.run(ReflectiveCallable.java:12)
	at org.junit.runners.model.FrameworkMethod.invokeExplosively(FrameworkMethod.java:56)
	at org.junit.internal.runners.statements.InvokeMethod.evaluate(InvokeMethod.java:17)
	at org.junit.internal.runners.statements.RunBefores.evaluate(RunBefores.java:26)
	at org.junit.internal.runners.statements.RunAfters.evaluate(RunAfters.java:27)
	at org.junit.rules.ExpectedException$ExpectedExceptionStatement.evaluate(ExpectedException.java:258)
	at org.junit.internal.runners.statements.FailOnTimeout$CallableStatement.call(FailOnTimeout.java:288)
	at org.junit.internal.runners.statements.FailOnTimeout$CallableStatement.call(FailOnTimeout.java:282)
	at java.util.concurrent.FutureTask.run(FutureTask.java:266)
	at java.lang.Thread.run(Thread.java:750)
2022-08-04 12:11:23,860 [Time-limited test] INFO  impl.TestContainerPersistence (TestContainerPersistence.java:cleanupDir(170)) - Deleting /home/runner/work/ozone/ozone/hadoop-hdds/container-service/target/test-dir/TestContainerPersistence
]]></system-out>
  </testcase>
  <testcase name="testDeleteContainer" classname="TestContainerPersistence" time="0.173">
    <system-out><![CDATA[2022-08-04 12:11:25,665 [Time-limited test] INFO  volume.HddsVolume (HddsVolume.java:<init>(116)) - Creating HddsVolume: /home/runner/work/ozone/ozone/hadoop-hdds/container-service/target/test-dir/TestContainerPersistence/hdds of storage type : DISK capacity : 9223372036854775807
2022-08-04 12:11:25,666 [Time-limited test] INFO  volume.MutableVolumeSet (MutableVolumeSet.java:initializeVolumeSet(174)) - Added Volume : /home/runner/work/ozone/ozone/hadoop-hdds/container-service/target/test-dir/TestContainerPersistence/hdds to VolumeSet
2022-08-04 12:11:25,796 [Time-limited test] INFO  keyvalue.KeyValueContainer (KeyValueContainer.java:flushAndSyncDB(431)) - Container 1659615085671 is synced with bcsId 0.
2022-08-04 12:11:25,796 [Time-limited test] INFO  keyvalue.KeyValueContainer (KeyValueContainer.java:flushAndSyncDB(431)) - Container 1659615085671 is synced with bcsId 0.
2022-08-04 12:11:25,803 [Time-limited test] INFO  keyvalue.KeyValueContainer (KeyValueContainer.java:close(346)) - Container 1659615085671 is closed with bcsId 0.
2022-08-04 12:11:25,834 [Time-limited test] ERROR utils.ContainerCache (ContainerCache.java:getDB(166)) - Error opening DB. Container:1659615085671 ContainerPath:/home/runner/work/ozone/ozone/hadoop-hdds/container-service/target/test-dir/TestContainerPersistence/hdds/2e055fc2-68f4-420e-b3cc-a1108be8a17b/current/containerDir66/1659615085671/metadata/1659615085671-dn-container.db
java.io.IOException: The DB destination directory should exist.
	at org.apache.hadoop.hdds.utils.db.DBStoreBuilder.build(DBStoreBuilder.java:188)
	at org.apache.hadoop.ozone.container.metadata.AbstractDatanodeStore.start(AbstractDatanodeStore.java:128)
	at org.apache.hadoop.ozone.container.metadata.AbstractDatanodeStore.<init>(AbstractDatanodeStore.java:97)
	at org.apache.hadoop.ozone.container.metadata.DatanodeStoreSchemaTwoImpl.<init>(DatanodeStoreSchemaTwoImpl.java:48)
	at org.apache.hadoop.ozone.container.keyvalue.helpers.BlockUtils.getUncachedDatanodeStore(BlockUtils.java:82)
	at org.apache.hadoop.ozone.container.common.utils.ContainerCache.getDB(ContainerCache.java:161)
	at org.apache.hadoop.ozone.container.keyvalue.helpers.BlockUtils.getDB(BlockUtils.java:136)
	at org.apache.hadoop.ozone.container.keyvalue.impl.BlockManagerImpl.persistPutBlock(BlockManagerImpl.java:122)
	at org.apache.hadoop.ozone.container.keyvalue.impl.BlockManagerImpl.putBlock(BlockManagerImpl.java:103)
	at org.apache.hadoop.ozone.container.keyvalue.impl.BlockManagerImpl.putBlock(BlockManagerImpl.java:88)
	at org.apache.hadoop.ozone.container.common.impl.TestContainerPersistence.testDeleteContainer(TestContainerPersistence.java:288)
	at sun.reflect.NativeMethodAccessorImpl.invoke0(Native Method)
	at sun.reflect.NativeMethodAccessorImpl.invoke(NativeMethodAccessorImpl.java:62)
	at sun.reflect.DelegatingMethodAccessorImpl.invoke(DelegatingMethodAccessorImpl.java:43)
	at java.lang.reflect.Method.invoke(Method.java:498)
	at org.junit.runners.model.FrameworkMethod$1.runReflectiveCall(FrameworkMethod.java:59)
	at org.junit.internal.runners.model.ReflectiveCallable.run(ReflectiveCallable.java:12)
	at org.junit.runners.model.FrameworkMethod.invokeExplosively(FrameworkMethod.java:56)
	at org.junit.internal.runners.statements.InvokeMethod.evaluate(InvokeMethod.java:17)
	at org.junit.internal.runners.statements.RunBefores.evaluate(RunBefores.java:26)
	at org.junit.internal.runners.statements.RunAfters.evaluate(RunAfters.java:27)
	at org.junit.rules.ExpectedException$ExpectedExceptionStatement.evaluate(ExpectedException.java:258)
	at org.junit.internal.runners.statements.FailOnTimeout$CallableStatement.call(FailOnTimeout.java:288)
	at org.junit.internal.runners.statements.FailOnTimeout$CallableStatement.call(FailOnTimeout.java:282)
	at java.util.concurrent.FutureTask.run(FutureTask.java:266)
	at java.lang.Thread.run(Thread.java:750)
2022-08-04 12:11:25,836 [Time-limited test] INFO  impl.TestContainerPersistence (TestContainerPersistence.java:cleanupDir(170)) - Deleting /home/runner/work/ozone/ozone/hadoop-hdds/container-service/target/test-dir/TestContainerPersistence
]]></system-out>
  </testcase>
  <testcase name="testDeleteContainer" classname="TestContainerPersistence" time="0.14">
    <system-out><![CDATA[2022-08-04 12:11:27,179 [Time-limited test] INFO  volume.HddsVolume (HddsVolume.java:<init>(116)) - Creating HddsVolume: /home/runner/work/ozone/ozone/hadoop-hdds/container-service/target/test-dir/TestContainerPersistence/hdds of storage type : DISK capacity : 9223372036854775807
2022-08-04 12:11:27,179 [Time-limited test] INFO  volume.MutableVolumeSet (MutableVolumeSet.java:initializeVolumeSet(174)) - Added Volume : /home/runner/work/ozone/ozone/hadoop-hdds/container-service/target/test-dir/TestContainerPersistence/hdds to VolumeSet
2022-08-04 12:11:27,207 [Time-limited test] INFO  volume.HddsVolume (HddsVolume.java:createDbStore(309)) - SchemaV3 db is created and loaded at /home/runner/work/ozone/ozone/hadoop-hdds/container-service/target/test-dir/TestContainerPersistence/hdds/2e055fc2-68f4-420e-b3cc-a1108be8a17b/DS-392b9ff5-cab1-4e95-a7d1-ec7800b4d69e/container.db for volume DS-392b9ff5-cab1-4e95-a7d1-ec7800b4d69e
2022-08-04 12:11:27,310 [Time-limited test] INFO  keyvalue.KeyValueContainer (KeyValueContainer.java:flushAndSyncDB(431)) - Container 1659615087208 is synced with bcsId 0.
2022-08-04 12:11:27,310 [Time-limited test] INFO  keyvalue.KeyValueContainer (KeyValueContainer.java:flushAndSyncDB(431)) - Container 1659615087208 is synced with bcsId 0.
2022-08-04 12:11:27,311 [Time-limited test] INFO  keyvalue.KeyValueContainer (KeyValueContainer.java:close(346)) - Container 1659615087208 is closed with bcsId 0.
2022-08-04 12:11:27,314 [Time-limited test] INFO  impl.TestContainerPersistence (TestContainerPersistence.java:cleanupDir(170)) - Deleting /home/runner/work/ozone/ozone/hadoop-hdds/container-service/target/test-dir/TestContainerPersistence
]]></system-out>
  </testcase>
  <testcase name="testDeleteContainer" classname="TestContainerPersistence" time="0.17">
    <system-out><![CDATA[2022-08-04 12:11:28,701 [Time-limited test] INFO  volume.HddsVolume (HddsVolume.java:<init>(116)) - Creating HddsVolume: /home/runner/work/ozone/ozone/hadoop-hdds/container-service/target/test-dir/TestContainerPersistence/hdds of storage type : DISK capacity : 9223372036854775807
2022-08-04 12:11:28,701 [Time-limited test] INFO  volume.MutableVolumeSet (MutableVolumeSet.java:initializeVolumeSet(174)) - Added Volume : /home/runner/work/ozone/ozone/hadoop-hdds/container-service/target/test-dir/TestContainerPersistence/hdds to VolumeSet
2022-08-04 12:11:28,832 [Time-limited test] INFO  keyvalue.KeyValueContainer (KeyValueContainer.java:flushAndSyncDB(431)) - Container 1659615088707 is synced with bcsId 0.
2022-08-04 12:11:28,833 [Time-limited test] INFO  keyvalue.KeyValueContainer (KeyValueContainer.java:flushAndSyncDB(431)) - Container 1659615088707 is synced with bcsId 0.
2022-08-04 12:11:28,834 [Time-limited test] INFO  keyvalue.KeyValueContainer (KeyValueContainer.java:close(346)) - Container 1659615088707 is closed with bcsId 0.
2022-08-04 12:11:28,864 [Time-limited test] ERROR utils.ContainerCache (ContainerCache.java:getDB(166)) - Error opening DB. Container:1659615088707 ContainerPath:/home/runner/work/ozone/ozone/hadoop-hdds/container-service/target/test-dir/TestContainerPersistence/hdds/2e055fc2-68f4-420e-b3cc-a1108be8a17b/current/containerDir72/1659615088707/metadata/1659615088707-dn-container.db
java.io.IOException: The DB destination directory should exist.
	at org.apache.hadoop.hdds.utils.db.DBStoreBuilder.build(DBStoreBuilder.java:188)
	at org.apache.hadoop.ozone.container.metadata.AbstractDatanodeStore.start(AbstractDatanodeStore.java:128)
	at org.apache.hadoop.ozone.container.metadata.AbstractDatanodeStore.<init>(AbstractDatanodeStore.java:97)
	at org.apache.hadoop.ozone.container.metadata.DatanodeStoreSchemaTwoImpl.<init>(DatanodeStoreSchemaTwoImpl.java:48)
	at org.apache.hadoop.ozone.container.keyvalue.helpers.BlockUtils.getUncachedDatanodeStore(BlockUtils.java:82)
	at org.apache.hadoop.ozone.container.common.utils.ContainerCache.getDB(ContainerCache.java:161)
	at org.apache.hadoop.ozone.container.keyvalue.helpers.BlockUtils.getDB(BlockUtils.java:136)
	at org.apache.hadoop.ozone.container.keyvalue.impl.BlockManagerImpl.persistPutBlock(BlockManagerImpl.java:122)
	at org.apache.hadoop.ozone.container.keyvalue.impl.BlockManagerImpl.putBlock(BlockManagerImpl.java:103)
	at org.apache.hadoop.ozone.container.keyvalue.impl.BlockManagerImpl.putBlock(BlockManagerImpl.java:88)
	at org.apache.hadoop.ozone.container.common.impl.TestContainerPersistence.testDeleteContainer(TestContainerPersistence.java:288)
	at sun.reflect.NativeMethodAccessorImpl.invoke0(Native Method)
	at sun.reflect.NativeMethodAccessorImpl.invoke(NativeMethodAccessorImpl.java:62)
	at sun.reflect.DelegatingMethodAccessorImpl.invoke(DelegatingMethodAccessorImpl.java:43)
	at java.lang.reflect.Method.invoke(Method.java:498)
	at org.junit.runners.model.FrameworkMethod$1.runReflectiveCall(FrameworkMethod.java:59)
	at org.junit.internal.runners.model.ReflectiveCallable.run(ReflectiveCallable.java:12)
	at org.junit.runners.model.FrameworkMethod.invokeExplosively(FrameworkMethod.java:56)
	at org.junit.internal.runners.statements.InvokeMethod.evaluate(InvokeMethod.java:17)
	at org.junit.internal.runners.statements.RunBefores.evaluate(RunBefores.java:26)
	at org.junit.internal.runners.statements.RunAfters.evaluate(RunAfters.java:27)
	at org.junit.rules.ExpectedException$ExpectedExceptionStatement.evaluate(ExpectedException.java:258)
	at org.junit.internal.runners.statements.FailOnTimeout$CallableStatement.call(FailOnTimeout.java:288)
	at org.junit.internal.runners.statements.FailOnTimeout$CallableStatement.call(FailOnTimeout.java:282)
	at java.util.concurrent.FutureTask.run(FutureTask.java:266)
	at java.lang.Thread.run(Thread.java:750)
2022-08-04 12:11:28,865 [Time-limited test] INFO  impl.TestContainerPersistence (TestContainerPersistence.java:cleanupDir(170)) - Deleting /home/runner/work/ozone/ozone/hadoop-hdds/container-service/target/test-dir/TestContainerPersistence
]]></system-out>
  </testcase>
  <testcase name="testDeleteContainer" classname="TestContainerPersistence" time="0.167">
    <system-out><![CDATA[2022-08-04 12:11:29,897 [Time-limited test] INFO  volume.HddsVolume (HddsVolume.java:<init>(116)) - Creating HddsVolume: /home/runner/work/ozone/ozone/hadoop-hdds/container-service/target/test-dir/TestContainerPersistence/hdds of storage type : DISK capacity : 9223372036854775807
2022-08-04 12:11:29,897 [Time-limited test] INFO  volume.MutableVolumeSet (MutableVolumeSet.java:initializeVolumeSet(174)) - Added Volume : /home/runner/work/ozone/ozone/hadoop-hdds/container-service/target/test-dir/TestContainerPersistence/hdds to VolumeSet
2022-08-04 12:11:30,028 [Time-limited test] INFO  keyvalue.KeyValueContainer (KeyValueContainer.java:flushAndSyncDB(431)) - Container 1659615089903 is synced with bcsId 0.
2022-08-04 12:11:30,028 [Time-limited test] INFO  keyvalue.KeyValueContainer (KeyValueContainer.java:flushAndSyncDB(431)) - Container 1659615089903 is synced with bcsId 0.
2022-08-04 12:11:30,029 [Time-limited test] INFO  keyvalue.KeyValueContainer (KeyValueContainer.java:close(346)) - Container 1659615089903 is closed with bcsId 0.
2022-08-04 12:11:30,058 [Time-limited test] ERROR utils.ContainerCache (ContainerCache.java:getDB(166)) - Error opening DB. Container:1659615089903 ContainerPath:/home/runner/work/ozone/ozone/hadoop-hdds/container-service/target/test-dir/TestContainerPersistence/hdds/2e055fc2-68f4-420e-b3cc-a1108be8a17b/current/containerDir74/1659615089903/metadata/1659615089903-dn-container.db
java.io.IOException: The DB destination directory should exist.
	at org.apache.hadoop.hdds.utils.db.DBStoreBuilder.build(DBStoreBuilder.java:188)
	at org.apache.hadoop.ozone.container.metadata.AbstractDatanodeStore.start(AbstractDatanodeStore.java:128)
	at org.apache.hadoop.ozone.container.metadata.AbstractDatanodeStore.<init>(AbstractDatanodeStore.java:97)
	at org.apache.hadoop.ozone.container.metadata.DatanodeStoreSchemaTwoImpl.<init>(DatanodeStoreSchemaTwoImpl.java:48)
	at org.apache.hadoop.ozone.container.keyvalue.helpers.BlockUtils.getUncachedDatanodeStore(BlockUtils.java:82)
	at org.apache.hadoop.ozone.container.common.utils.ContainerCache.getDB(ContainerCache.java:161)
	at org.apache.hadoop.ozone.container.keyvalue.helpers.BlockUtils.getDB(BlockUtils.java:136)
	at org.apache.hadoop.ozone.container.keyvalue.impl.BlockManagerImpl.persistPutBlock(BlockManagerImpl.java:122)
	at org.apache.hadoop.ozone.container.keyvalue.impl.BlockManagerImpl.putBlock(BlockManagerImpl.java:103)
	at org.apache.hadoop.ozone.container.keyvalue.impl.BlockManagerImpl.putBlock(BlockManagerImpl.java:88)
	at org.apache.hadoop.ozone.container.common.impl.TestContainerPersistence.testDeleteContainer(TestContainerPersistence.java:288)
	at sun.reflect.NativeMethodAccessorImpl.invoke0(Native Method)
	at sun.reflect.NativeMethodAccessorImpl.invoke(NativeMethodAccessorImpl.java:62)
	at sun.reflect.DelegatingMethodAccessorImpl.invoke(DelegatingMethodAccessorImpl.java:43)
	at java.lang.reflect.Method.invoke(Method.java:498)
	at org.junit.runners.model.FrameworkMethod$1.runReflectiveCall(FrameworkMethod.java:59)
	at org.junit.internal.runners.model.ReflectiveCallable.run(ReflectiveCallable.java:12)
	at org.junit.runners.model.FrameworkMethod.invokeExplosively(FrameworkMethod.java:56)
	at org.junit.internal.runners.statements.InvokeMethod.evaluate(InvokeMethod.java:17)
	at org.junit.internal.runners.statements.RunBefores.evaluate(RunBefores.java:26)
	at org.junit.internal.runners.statements.RunAfters.evaluate(RunAfters.java:27)
	at org.junit.rules.ExpectedException$ExpectedExceptionStatement.evaluate(ExpectedException.java:258)
	at org.junit.internal.runners.statements.FailOnTimeout$CallableStatement.call(FailOnTimeout.java:288)
	at org.junit.internal.runners.statements.FailOnTimeout$CallableStatement.call(FailOnTimeout.java:282)
	at java.util.concurrent.FutureTask.run(FutureTask.java:266)
	at java.lang.Thread.run(Thread.java:750)
2022-08-04 12:11:30,059 [Time-limited test] INFO  impl.TestContainerPersistence (TestContainerPersistence.java:cleanupDir(170)) - Deleting /home/runner/work/ozone/ozone/hadoop-hdds/container-service/target/test-dir/TestContainerPersistence
]]></system-out>
  </testcase>
  <testcase name="testDeleteContainer" classname="TestContainerPersistence" time="0.139">
    <system-out><![CDATA[2022-08-04 12:11:30,807 [Time-limited test] INFO  volume.HddsVolume (HddsVolume.java:<init>(116)) - Creating HddsVolume: /home/runner/work/ozone/ozone/hadoop-hdds/container-service/target/test-dir/TestContainerPersistence/hdds of storage type : DISK capacity : 9223372036854775807
2022-08-04 12:11:30,807 [Time-limited test] INFO  volume.MutableVolumeSet (MutableVolumeSet.java:initializeVolumeSet(174)) - Added Volume : /home/runner/work/ozone/ozone/hadoop-hdds/container-service/target/test-dir/TestContainerPersistence/hdds to VolumeSet
2022-08-04 12:11:30,833 [Time-limited test] INFO  volume.HddsVolume (HddsVolume.java:createDbStore(309)) - SchemaV3 db is created and loaded at /home/runner/work/ozone/ozone/hadoop-hdds/container-service/target/test-dir/TestContainerPersistence/hdds/2e055fc2-68f4-420e-b3cc-a1108be8a17b/DS-c63cafd3-41c3-4490-9d8a-d516152db1d9/container.db for volume DS-c63cafd3-41c3-4490-9d8a-d516152db1d9
2022-08-04 12:11:30,935 [Time-limited test] INFO  keyvalue.KeyValueContainer (KeyValueContainer.java:flushAndSyncDB(431)) - Container 1659615090833 is synced with bcsId 0.
2022-08-04 12:11:30,936 [Time-limited test] INFO  keyvalue.KeyValueContainer (KeyValueContainer.java:flushAndSyncDB(431)) - Container 1659615090833 is synced with bcsId 0.
2022-08-04 12:11:30,936 [Time-limited test] INFO  keyvalue.KeyValueContainer (KeyValueContainer.java:close(346)) - Container 1659615090833 is closed with bcsId 0.
2022-08-04 12:11:30,944 [Time-limited test] INFO  impl.TestContainerPersistence (TestContainerPersistence.java:cleanupDir(170)) - Deleting /home/runner/work/ozone/ozone/hadoop-hdds/container-service/target/test-dir/TestContainerPersistence
]]></system-out>
  </testcase>
  <testcase name="testCreateDuplicateContainer" classname="TestContainerPersistence" time="0.037">
    <system-out><![CDATA[2022-08-04 12:11:23,868 [Time-limited test] INFO  volume.HddsVolume (HddsVolume.java:<init>(116)) - Creating HddsVolume: /home/runner/work/ozone/ozone/hadoop-hdds/container-service/target/test-dir/TestContainerPersistence/hdds of storage type : DISK capacity : 9223372036854775807
2022-08-04 12:11:23,869 [Time-limited test] INFO  volume.MutableVolumeSet (MutableVolumeSet.java:initializeVolumeSet(174)) - Added Volume : /home/runner/work/ozone/ozone/hadoop-hdds/container-service/target/test-dir/TestContainerPersistence/hdds to VolumeSet
2022-08-04 12:11:23,902 [Time-limited test] WARN  impl.ContainerSet (ContainerSet.java:addContainer(108)) - Container already exists with container Id 1659615083875
2022-08-04 12:11:23,903 [Time-limited test] INFO  impl.TestContainerPersistence (TestContainerPersistence.java:cleanupDir(170)) - Deleting /home/runner/work/ozone/ozone/hadoop-hdds/container-service/target/test-dir/TestContainerPersistence
]]></system-out>
  </testcase>
  <testcase name="testCreateDuplicateContainer" classname="TestContainerPersistence" time="0.043">
    <system-out><![CDATA[2022-08-04 12:11:25,845 [Time-limited test] INFO  volume.HddsVolume (HddsVolume.java:<init>(116)) - Creating HddsVolume: /home/runner/work/ozone/ozone/hadoop-hdds/container-service/target/test-dir/TestContainerPersistence/hdds of storage type : DISK capacity : 9223372036854775807
2022-08-04 12:11:25,845 [Time-limited test] INFO  volume.MutableVolumeSet (MutableVolumeSet.java:initializeVolumeSet(174)) - Added Volume : /home/runner/work/ozone/ozone/hadoop-hdds/container-service/target/test-dir/TestContainerPersistence/hdds to VolumeSet
2022-08-04 12:11:25,877 [Time-limited test] WARN  impl.ContainerSet (ContainerSet.java:addContainer(108)) - Container already exists with container Id 1659615085851
2022-08-04 12:11:25,879 [Time-limited test] INFO  impl.TestContainerPersistence (TestContainerPersistence.java:cleanupDir(170)) - Deleting /home/runner/work/ozone/ozone/hadoop-hdds/container-service/target/test-dir/TestContainerPersistence
]]></system-out>
  </testcase>
  <testcase name="testCreateDuplicateContainer" classname="TestContainerPersistence" time="0.041">
    <system-out><![CDATA[2022-08-04 12:11:27,319 [Time-limited test] INFO  volume.HddsVolume (HddsVolume.java:<init>(116)) - Creating HddsVolume: /home/runner/work/ozone/ozone/hadoop-hdds/container-service/target/test-dir/TestContainerPersistence/hdds of storage type : DISK capacity : 9223372036854775807
2022-08-04 12:11:27,319 [Time-limited test] INFO  volume.MutableVolumeSet (MutableVolumeSet.java:initializeVolumeSet(174)) - Added Volume : /home/runner/work/ozone/ozone/hadoop-hdds/container-service/target/test-dir/TestContainerPersistence/hdds to VolumeSet
2022-08-04 12:11:27,351 [Time-limited test] INFO  volume.HddsVolume (HddsVolume.java:createDbStore(309)) - SchemaV3 db is created and loaded at /home/runner/work/ozone/ozone/hadoop-hdds/container-service/target/test-dir/TestContainerPersistence/hdds/2e055fc2-68f4-420e-b3cc-a1108be8a17b/DS-8a52ffa6-0b52-4ede-b7f6-bdb03a2473b8/container.db for volume DS-8a52ffa6-0b52-4ede-b7f6-bdb03a2473b8
2022-08-04 12:11:27,354 [Time-limited test] WARN  impl.ContainerSet (ContainerSet.java:addContainer(108)) - Container already exists with container Id 1659615087352
2022-08-04 12:11:27,356 [Time-limited test] INFO  impl.TestContainerPersistence (TestContainerPersistence.java:cleanupDir(170)) - Deleting /home/runner/work/ozone/ozone/hadoop-hdds/container-service/target/test-dir/TestContainerPersistence
]]></system-out>
  </testcase>
  <testcase name="testCreateDuplicateContainer" classname="TestContainerPersistence" time="0.036">
    <system-out><![CDATA[2022-08-04 12:11:28,869 [Time-limited test] INFO  volume.HddsVolume (HddsVolume.java:<init>(116)) - Creating HddsVolume: /home/runner/work/ozone/ozone/hadoop-hdds/container-service/target/test-dir/TestContainerPersistence/hdds of storage type : DISK capacity : 9223372036854775807
2022-08-04 12:11:28,869 [Time-limited test] INFO  volume.MutableVolumeSet (MutableVolumeSet.java:initializeVolumeSet(174)) - Added Volume : /home/runner/work/ozone/ozone/hadoop-hdds/container-service/target/test-dir/TestContainerPersistence/hdds to VolumeSet
2022-08-04 12:11:28,900 [Time-limited test] WARN  impl.ContainerSet (ContainerSet.java:addContainer(108)) - Container already exists with container Id 1659615088875
2022-08-04 12:11:28,900 [Time-limited test] INFO  impl.TestContainerPersistence (TestContainerPersistence.java:cleanupDir(170)) - Deleting /home/runner/work/ozone/ozone/hadoop-hdds/container-service/target/test-dir/TestContainerPersistence
]]></system-out>
  </testcase>
  <testcase name="testCreateDuplicateContainer" classname="TestContainerPersistence" time="0.038">
    <system-out><![CDATA[2022-08-04 12:11:30,061 [Time-limited test] INFO  volume.HddsVolume (HddsVolume.java:<init>(116)) - Creating HddsVolume: /home/runner/work/ozone/ozone/hadoop-hdds/container-service/target/test-dir/TestContainerPersistence/hdds of storage type : DISK capacity : 9223372036854775807
2022-08-04 12:11:30,061 [Time-limited test] INFO  volume.MutableVolumeSet (MutableVolumeSet.java:initializeVolumeSet(174)) - Added Volume : /home/runner/work/ozone/ozone/hadoop-hdds/container-service/target/test-dir/TestContainerPersistence/hdds to VolumeSet
2022-08-04 12:11:30,095 [Time-limited test] WARN  impl.ContainerSet (ContainerSet.java:addContainer(108)) - Container already exists with container Id 1659615090067
2022-08-04 12:11:30,096 [Time-limited test] INFO  impl.TestContainerPersistence (TestContainerPersistence.java:cleanupDir(170)) - Deleting /home/runner/work/ozone/ozone/hadoop-hdds/container-service/target/test-dir/TestContainerPersistence
]]></system-out>
  </testcase>
  <testcase name="testCreateDuplicateContainer" classname="TestContainerPersistence" time="0.032">
    <system-out><![CDATA[2022-08-04 12:11:30,947 [Time-limited test] INFO  volume.HddsVolume (HddsVolume.java:<init>(116)) - Creating HddsVolume: /home/runner/work/ozone/ozone/hadoop-hdds/container-service/target/test-dir/TestContainerPersistence/hdds of storage type : DISK capacity : 9223372036854775807
2022-08-04 12:11:30,947 [Time-limited test] INFO  volume.MutableVolumeSet (MutableVolumeSet.java:initializeVolumeSet(174)) - Added Volume : /home/runner/work/ozone/ozone/hadoop-hdds/container-service/target/test-dir/TestContainerPersistence/hdds to VolumeSet
2022-08-04 12:11:30,975 [Time-limited test] INFO  volume.HddsVolume (HddsVolume.java:createDbStore(309)) - SchemaV3 db is created and loaded at /home/runner/work/ozone/ozone/hadoop-hdds/container-service/target/test-dir/TestContainerPersistence/hdds/2e055fc2-68f4-420e-b3cc-a1108be8a17b/DS-af2e3ef3-4d6a-49d9-9fb3-7d7401dee04d/container.db for volume DS-af2e3ef3-4d6a-49d9-9fb3-7d7401dee04d
2022-08-04 12:11:30,977 [Time-limited test] WARN  impl.ContainerSet (ContainerSet.java:addContainer(108)) - Container already exists with container Id 1659615090975
2022-08-04 12:11:30,977 [Time-limited test] INFO  impl.TestContainerPersistence (TestContainerPersistence.java:cleanupDir(170)) - Deleting /home/runner/work/ozone/ozone/hadoop-hdds/container-service/target/test-dir/TestContainerPersistence
]]></system-out>
  </testcase>
  <testcase name="testUpdateContainer" classname="TestContainerPersistence" time="0.065">
    <system-out><![CDATA[2022-08-04 12:11:23,906 [Time-limited test] INFO  volume.HddsVolume (HddsVolume.java:<init>(116)) - Creating HddsVolume: /home/runner/work/ozone/ozone/hadoop-hdds/container-service/target/test-dir/TestContainerPersistence/hdds of storage type : DISK capacity : 9223372036854775807
2022-08-04 12:11:23,907 [Time-limited test] INFO  volume.MutableVolumeSet (MutableVolumeSet.java:initializeVolumeSet(174)) - Added Volume : /home/runner/work/ozone/ozone/hadoop-hdds/container-service/target/test-dir/TestContainerPersistence/hdds to VolumeSet
2022-08-04 12:11:23,965 [Time-limited test] INFO  keyvalue.KeyValueContainer (KeyValueContainer.java:flushAndSyncDB(431)) - Container 1659615083913 is synced with bcsId 0.
2022-08-04 12:11:23,965 [Time-limited test] INFO  keyvalue.KeyValueContainer (KeyValueContainer.java:flushAndSyncDB(431)) - Container 1659615083913 is synced with bcsId 0.
2022-08-04 12:11:23,966 [Time-limited test] INFO  keyvalue.KeyValueContainer (KeyValueContainer.java:close(346)) - Container 1659615083913 is closed with bcsId 0.
2022-08-04 12:11:23,968 [Time-limited test] INFO  impl.TestContainerPersistence (TestContainerPersistence.java:cleanupDir(170)) - Deleting /home/runner/work/ozone/ozone/hadoop-hdds/container-service/target/test-dir/TestContainerPersistence
]]></system-out>
  </testcase>
  <testcase name="testUpdateContainer" classname="TestContainerPersistence" time="0.035">
    <system-out><![CDATA[2022-08-04 12:11:25,882 [Time-limited test] INFO  volume.HddsVolume (HddsVolume.java:<init>(116)) - Creating HddsVolume: /home/runner/work/ozone/ozone/hadoop-hdds/container-service/target/test-dir/TestContainerPersistence/hdds of storage type : DISK capacity : 9223372036854775807
2022-08-04 12:11:25,882 [Time-limited test] INFO  volume.MutableVolumeSet (MutableVolumeSet.java:initializeVolumeSet(174)) - Added Volume : /home/runner/work/ozone/ozone/hadoop-hdds/container-service/target/test-dir/TestContainerPersistence/hdds to VolumeSet
2022-08-04 12:11:25,912 [Time-limited test] INFO  keyvalue.KeyValueContainer (KeyValueContainer.java:flushAndSyncDB(431)) - Container 1659615085888 is synced with bcsId 0.
2022-08-04 12:11:25,912 [Time-limited test] INFO  keyvalue.KeyValueContainer (KeyValueContainer.java:flushAndSyncDB(431)) - Container 1659615085888 is synced with bcsId 0.
2022-08-04 12:11:25,913 [Time-limited test] INFO  keyvalue.KeyValueContainer (KeyValueContainer.java:close(346)) - Container 1659615085888 is closed with bcsId 0.
2022-08-04 12:11:25,915 [Time-limited test] INFO  impl.TestContainerPersistence (TestContainerPersistence.java:cleanupDir(170)) - Deleting /home/runner/work/ozone/ozone/hadoop-hdds/container-service/target/test-dir/TestContainerPersistence
]]></system-out>
  </testcase>
  <testcase name="testUpdateContainer" classname="TestContainerPersistence" time="0.052">
    <system-out><![CDATA[2022-08-04 12:11:27,362 [Time-limited test] INFO  volume.HddsVolume (HddsVolume.java:<init>(116)) - Creating HddsVolume: /home/runner/work/ozone/ozone/hadoop-hdds/container-service/target/test-dir/TestContainerPersistence/hdds of storage type : DISK capacity : 9223372036854775807
2022-08-04 12:11:27,362 [Time-limited test] INFO  volume.MutableVolumeSet (MutableVolumeSet.java:initializeVolumeSet(174)) - Added Volume : /home/runner/work/ozone/ozone/hadoop-hdds/container-service/target/test-dir/TestContainerPersistence/hdds to VolumeSet
2022-08-04 12:11:27,396 [Time-limited test] INFO  volume.HddsVolume (HddsVolume.java:createDbStore(309)) - SchemaV3 db is created and loaded at /home/runner/work/ozone/ozone/hadoop-hdds/container-service/target/test-dir/TestContainerPersistence/hdds/2e055fc2-68f4-420e-b3cc-a1108be8a17b/DS-b9644b93-3b0e-4041-b9df-ef054b45a82b/container.db for volume DS-b9644b93-3b0e-4041-b9df-ef054b45a82b
2022-08-04 12:11:27,405 [Time-limited test] INFO  keyvalue.KeyValueContainer (KeyValueContainer.java:flushAndSyncDB(431)) - Container 1659615087396 is synced with bcsId 0.
2022-08-04 12:11:27,405 [Time-limited test] INFO  keyvalue.KeyValueContainer (KeyValueContainer.java:flushAndSyncDB(431)) - Container 1659615087396 is synced with bcsId 0.
2022-08-04 12:11:27,406 [Time-limited test] INFO  keyvalue.KeyValueContainer (KeyValueContainer.java:close(346)) - Container 1659615087396 is closed with bcsId 0.
2022-08-04 12:11:27,409 [Time-limited test] INFO  impl.TestContainerPersistence (TestContainerPersistence.java:cleanupDir(170)) - Deleting /home/runner/work/ozone/ozone/hadoop-hdds/container-service/target/test-dir/TestContainerPersistence
]]></system-out>
  </testcase>
  <testcase name="testUpdateContainer" classname="TestContainerPersistence" time="0.048">
    <system-out><![CDATA[2022-08-04 12:11:28,909 [Time-limited test] INFO  volume.HddsVolume (HddsVolume.java:<init>(116)) - Creating HddsVolume: /home/runner/work/ozone/ozone/hadoop-hdds/container-service/target/test-dir/TestContainerPersistence/hdds of storage type : DISK capacity : 9223372036854775807
2022-08-04 12:11:28,909 [Time-limited test] INFO  volume.MutableVolumeSet (MutableVolumeSet.java:initializeVolumeSet(174)) - Added Volume : /home/runner/work/ozone/ozone/hadoop-hdds/container-service/target/test-dir/TestContainerPersistence/hdds to VolumeSet
2022-08-04 12:11:28,942 [Time-limited test] INFO  keyvalue.KeyValueContainer (KeyValueContainer.java:flushAndSyncDB(431)) - Container 1659615088915 is synced with bcsId 0.
2022-08-04 12:11:28,943 [Time-limited test] INFO  keyvalue.KeyValueContainer (KeyValueContainer.java:flushAndSyncDB(431)) - Container 1659615088915 is synced with bcsId 0.
2022-08-04 12:11:28,944 [Time-limited test] INFO  keyvalue.KeyValueContainer (KeyValueContainer.java:close(346)) - Container 1659615088915 is closed with bcsId 0.
2022-08-04 12:11:28,948 [Time-limited test] INFO  impl.TestContainerPersistence (TestContainerPersistence.java:cleanupDir(170)) - Deleting /home/runner/work/ozone/ozone/hadoop-hdds/container-service/target/test-dir/TestContainerPersistence
]]></system-out>
  </testcase>
  <testcase name="testUpdateContainer" classname="TestContainerPersistence" time="0.045">
    <system-out><![CDATA[2022-08-04 12:11:30,101 [Time-limited test] INFO  volume.HddsVolume (HddsVolume.java:<init>(116)) - Creating HddsVolume: /home/runner/work/ozone/ozone/hadoop-hdds/container-service/target/test-dir/TestContainerPersistence/hdds of storage type : DISK capacity : 9223372036854775807
2022-08-04 12:11:30,101 [Time-limited test] INFO  volume.MutableVolumeSet (MutableVolumeSet.java:initializeVolumeSet(174)) - Added Volume : /home/runner/work/ozone/ozone/hadoop-hdds/container-service/target/test-dir/TestContainerPersistence/hdds to VolumeSet
2022-08-04 12:11:30,135 [Time-limited test] INFO  keyvalue.KeyValueContainer (KeyValueContainer.java:flushAndSyncDB(431)) - Container 1659615090106 is synced with bcsId 0.
2022-08-04 12:11:30,135 [Time-limited test] INFO  keyvalue.KeyValueContainer (KeyValueContainer.java:flushAndSyncDB(431)) - Container 1659615090106 is synced with bcsId 0.
2022-08-04 12:11:30,136 [Time-limited test] INFO  keyvalue.KeyValueContainer (KeyValueContainer.java:close(346)) - Container 1659615090106 is closed with bcsId 0.
2022-08-04 12:11:30,141 [Time-limited test] INFO  impl.TestContainerPersistence (TestContainerPersistence.java:cleanupDir(170)) - Deleting /home/runner/work/ozone/ozone/hadoop-hdds/container-service/target/test-dir/TestContainerPersistence
]]></system-out>
  </testcase>
  <testcase name="testUpdateContainer" classname="TestContainerPersistence" time="0.04">
    <system-out><![CDATA[2022-08-04 12:11:30,979 [Time-limited test] INFO  volume.HddsVolume (HddsVolume.java:<init>(116)) - Creating HddsVolume: /home/runner/work/ozone/ozone/hadoop-hdds/container-service/target/test-dir/TestContainerPersistence/hdds of storage type : DISK capacity : 9223372036854775807
2022-08-04 12:11:30,980 [Time-limited test] INFO  volume.MutableVolumeSet (MutableVolumeSet.java:initializeVolumeSet(174)) - Added Volume : /home/runner/work/ozone/ozone/hadoop-hdds/container-service/target/test-dir/TestContainerPersistence/hdds to VolumeSet
2022-08-04 12:11:31,007 [Time-limited test] INFO  volume.HddsVolume (HddsVolume.java:createDbStore(309)) - SchemaV3 db is created and loaded at /home/runner/work/ozone/ozone/hadoop-hdds/container-service/target/test-dir/TestContainerPersistence/hdds/2e055fc2-68f4-420e-b3cc-a1108be8a17b/DS-0c1aa362-2b62-406f-9075-9fd2f16c79cd/container.db for volume DS-0c1aa362-2b62-406f-9075-9fd2f16c79cd
2022-08-04 12:11:31,011 [Time-limited test] INFO  keyvalue.KeyValueContainer (KeyValueContainer.java:flushAndSyncDB(431)) - Container 1659615091007 is synced with bcsId 0.
2022-08-04 12:11:31,011 [Time-limited test] INFO  keyvalue.KeyValueContainer (KeyValueContainer.java:flushAndSyncDB(431)) - Container 1659615091007 is synced with bcsId 0.
2022-08-04 12:11:31,012 [Time-limited test] INFO  keyvalue.KeyValueContainer (KeyValueContainer.java:close(346)) - Container 1659615091007 is closed with bcsId 0.
2022-08-04 12:11:31,016 [Time-limited test] INFO  impl.TestContainerPersistence (TestContainerPersistence.java:cleanupDir(170)) - Deleting /home/runner/work/ozone/ozone/hadoop-hdds/container-service/target/test-dir/TestContainerPersistence
]]></system-out>
  </testcase>
  <testcase name="testListContainer" classname="TestContainerPersistence" time="0.25">
    <system-out><![CDATA[2022-08-04 12:11:23,973 [Time-limited test] INFO  volume.HddsVolume (HddsVolume.java:<init>(116)) - Creating HddsVolume: /home/runner/work/ozone/ozone/hadoop-hdds/container-service/target/test-dir/TestContainerPersistence/hdds of storage type : DISK capacity : 9223372036854775807
2022-08-04 12:11:23,973 [Time-limited test] INFO  volume.MutableVolumeSet (MutableVolumeSet.java:initializeVolumeSet(174)) - Added Volume : /home/runner/work/ozone/ozone/hadoop-hdds/container-service/target/test-dir/TestContainerPersistence/hdds to VolumeSet
2022-08-04 12:11:24,212 [Time-limited test] INFO  impl.TestContainerPersistence (TestContainerPersistence.java:cleanupDir(170)) - Deleting /home/runner/work/ozone/ozone/hadoop-hdds/container-service/target/test-dir/TestContainerPersistence
]]></system-out>
  </testcase>
  <testcase name="testListContainer" classname="TestContainerPersistence" time="0.222">
    <system-out><![CDATA[2022-08-04 12:11:25,920 [Time-limited test] INFO  volume.HddsVolume (HddsVolume.java:<init>(116)) - Creating HddsVolume: /home/runner/work/ozone/ozone/hadoop-hdds/container-service/target/test-dir/TestContainerPersistence/hdds of storage type : DISK capacity : 9223372036854775807
2022-08-04 12:11:25,920 [Time-limited test] INFO  volume.MutableVolumeSet (MutableVolumeSet.java:initializeVolumeSet(174)) - Added Volume : /home/runner/work/ozone/ozone/hadoop-hdds/container-service/target/test-dir/TestContainerPersistence/hdds to VolumeSet
2022-08-04 12:11:26,130 [Time-limited test] INFO  impl.TestContainerPersistence (TestContainerPersistence.java:cleanupDir(170)) - Deleting /home/runner/work/ozone/ozone/hadoop-hdds/container-service/target/test-dir/TestContainerPersistence
]]></system-out>
  </testcase>
  <testcase name="testListContainer" classname="TestContainerPersistence" time="0.058">
    <system-out><![CDATA[2022-08-04 12:11:27,413 [Time-limited test] INFO  volume.HddsVolume (HddsVolume.java:<init>(116)) - Creating HddsVolume: /home/runner/work/ozone/ozone/hadoop-hdds/container-service/target/test-dir/TestContainerPersistence/hdds of storage type : DISK capacity : 9223372036854775807
2022-08-04 12:11:27,413 [Time-limited test] INFO  volume.MutableVolumeSet (MutableVolumeSet.java:initializeVolumeSet(174)) - Added Volume : /home/runner/work/ozone/ozone/hadoop-hdds/container-service/target/test-dir/TestContainerPersistence/hdds to VolumeSet
2022-08-04 12:11:27,447 [Time-limited test] INFO  volume.HddsVolume (HddsVolume.java:createDbStore(309)) - SchemaV3 db is created and loaded at /home/runner/work/ozone/ozone/hadoop-hdds/container-service/target/test-dir/TestContainerPersistence/hdds/2e055fc2-68f4-420e-b3cc-a1108be8a17b/DS-16a8ef09-cba2-42ef-80d6-f9e736145772/container.db for volume DS-16a8ef09-cba2-42ef-80d6-f9e736145772
2022-08-04 12:11:27,465 [Time-limited test] INFO  impl.TestContainerPersistence (TestContainerPersistence.java:cleanupDir(170)) - Deleting /home/runner/work/ozone/ozone/hadoop-hdds/container-service/target/test-dir/TestContainerPersistence
]]></system-out>
  </testcase>
  <testcase name="testListContainer" classname="TestContainerPersistence" time="0.253">
    <system-out><![CDATA[2022-08-04 12:11:28,953 [Time-limited test] INFO  volume.HddsVolume (HddsVolume.java:<init>(116)) - Creating HddsVolume: /home/runner/work/ozone/ozone/hadoop-hdds/container-service/target/test-dir/TestContainerPersistence/hdds of storage type : DISK capacity : 9223372036854775807
2022-08-04 12:11:28,953 [Time-limited test] INFO  volume.MutableVolumeSet (MutableVolumeSet.java:initializeVolumeSet(174)) - Added Volume : /home/runner/work/ozone/ozone/hadoop-hdds/container-service/target/test-dir/TestContainerPersistence/hdds to VolumeSet
2022-08-04 12:11:29,195 [Time-limited test] INFO  impl.TestContainerPersistence (TestContainerPersistence.java:cleanupDir(170)) - Deleting /home/runner/work/ozone/ozone/hadoop-hdds/container-service/target/test-dir/TestContainerPersistence
]]></system-out>
  </testcase>
  <testcase name="testListContainer" classname="TestContainerPersistence" time="0.242">
    <system-out><![CDATA[2022-08-04 12:11:30,145 [Time-limited test] INFO  volume.HddsVolume (HddsVolume.java:<init>(116)) - Creating HddsVolume: /home/runner/work/ozone/ozone/hadoop-hdds/container-service/target/test-dir/TestContainerPersistence/hdds of storage type : DISK capacity : 9223372036854775807
2022-08-04 12:11:30,145 [Time-limited test] INFO  volume.MutableVolumeSet (MutableVolumeSet.java:initializeVolumeSet(174)) - Added Volume : /home/runner/work/ozone/ozone/hadoop-hdds/container-service/target/test-dir/TestContainerPersistence/hdds to VolumeSet
2022-08-04 12:11:30,378 [Time-limited test] INFO  impl.TestContainerPersistence (TestContainerPersistence.java:cleanupDir(170)) - Deleting /home/runner/work/ozone/ozone/hadoop-hdds/container-service/target/test-dir/TestContainerPersistence
]]></system-out>
  </testcase>
  <testcase name="testListContainer" classname="TestContainerPersistence" time="0.042">
    <error type="org.apache.hadoop.hdds.scm.container.common.helpers.StorageContainerException"><![CDATA[org.apache.hadoop.hdds.scm.container.common.helpers.StorageContainerException: Container creation failed because ContainerFile already exists
	at org.apache.hadoop.ozone.container.keyvalue.KeyValueContainer.create(KeyValueContainer.java:191)
	at org.apache.hadoop.ozone.container.common.impl.TestContainerPersistence.addContainer(TestContainerPersistence.java:200)
	at org.apache.hadoop.ozone.container.common.impl.TestContainerPersistence.testListContainer(TestContainerPersistence.java:347)
	at sun.reflect.NativeMethodAccessorImpl.invoke0(Native Method)
	at sun.reflect.NativeMethodAccessorImpl.invoke(NativeMethodAccessorImpl.java:62)
	at sun.reflect.DelegatingMethodAccessorImpl.invoke(DelegatingMethodAccessorImpl.java:43)
	at java.lang.reflect.Method.invoke(Method.java:498)
	at org.junit.runners.model.FrameworkMethod$1.runReflectiveCall(FrameworkMethod.java:59)
	at org.junit.internal.runners.model.ReflectiveCallable.run(ReflectiveCallable.java:12)
	at org.junit.runners.model.FrameworkMethod.invokeExplosively(FrameworkMethod.java:56)
	at org.junit.internal.runners.statements.InvokeMethod.evaluate(InvokeMethod.java:17)
	at org.junit.internal.runners.statements.RunBefores.evaluate(RunBefores.java:26)
	at org.junit.internal.runners.statements.RunAfters.evaluate(RunAfters.java:27)
	at org.junit.rules.ExpectedException$ExpectedExceptionStatement.evaluate(ExpectedException.java:258)
	at org.junit.internal.runners.statements.FailOnTimeout$CallableStatement.call(FailOnTimeout.java:288)
	at org.junit.internal.runners.statements.FailOnTimeout$CallableStatement.call(FailOnTimeout.java:282)
	at java.util.concurrent.FutureTask.run(FutureTask.java:266)
	at java.lang.Thread.run(Thread.java:750)
Caused by: org.apache.hadoop.fs.FileAlreadyExistsException: container already exists on disk.
	at org.apache.hadoop.ozone.container.common.helpers.ContainerUtils.verifyIsNewContainer(ContainerUtils.java:126)
	at org.apache.hadoop.ozone.container.keyvalue.KeyValueContainer.create(KeyValueContainer.java:164)
	... 17 more
]]></error>
    <system-out><![CDATA[2022-08-04 12:11:31,021 [Time-limited test] INFO  volume.HddsVolume (HddsVolume.java:<init>(116)) - Creating HddsVolume: /home/runner/work/ozone/ozone/hadoop-hdds/container-service/target/test-dir/TestContainerPersistence/hdds of storage type : DISK capacity : 9223372036854775807
2022-08-04 12:11:31,021 [Time-limited test] INFO  volume.MutableVolumeSet (MutableVolumeSet.java:initializeVolumeSet(174)) - Added Volume : /home/runner/work/ozone/ozone/hadoop-hdds/container-service/target/test-dir/TestContainerPersistence/hdds to VolumeSet
2022-08-04 12:11:31,045 [Time-limited test] INFO  volume.HddsVolume (HddsVolume.java:createDbStore(309)) - SchemaV3 db is created and loaded at /home/runner/work/ozone/ozone/hadoop-hdds/container-service/target/test-dir/TestContainerPersistence/hdds/2e055fc2-68f4-420e-b3cc-a1108be8a17b/DS-26d9bf39-0821-438b-9413-671f706094e5/container.db for volume DS-26d9bf39-0821-438b-9413-671f706094e5
2022-08-04 12:11:31,054 [Time-limited test] ERROR impl.ContainerSet (ContainerUtils.java:verifyIsNewContainer(124)) - Container already exists on disk. File: /home/runner/work/ozone/ozone/hadoop-hdds/container-service/target/test-dir/TestContainerPersistence/hdds/2e055fc2-68f4-420e-b3cc-a1108be8a17b/current/containerDir76/1659615091053/metadata
2022-08-04 12:11:31,056 [Time-limited test] INFO  impl.TestContainerPersistence (TestContainerPersistence.java:cleanupDir(170)) - Deleting /home/runner/work/ozone/ozone/hadoop-hdds/container-service/target/test-dir/TestContainerPersistence
]]></system-out>
  </testcase>
  <testcase name="testWritReadManyChunks" classname="TestContainerPersistence" time="0.876">
    <system-out><![CDATA[2022-08-04 12:11:24,225 [Time-limited test] INFO  volume.HddsVolume (HddsVolume.java:<init>(116)) - Creating HddsVolume: /home/runner/work/ozone/ozone/hadoop-hdds/container-service/target/test-dir/TestContainerPersistence/hdds of storage type : DISK capacity : 9223372036854775807
2022-08-04 12:11:24,225 [Time-limited test] INFO  volume.MutableVolumeSet (MutableVolumeSet.java:initializeVolumeSet(174)) - Added Volume : /home/runner/work/ozone/ozone/hadoop-hdds/container-service/target/test-dir/TestContainerPersistence/hdds to VolumeSet
2022-08-04 12:11:25,044 [Time-limited test] INFO  impl.TestContainerPersistence (TestContainerPersistence.java:cleanupDir(170)) - Deleting /home/runner/work/ozone/ozone/hadoop-hdds/container-service/target/test-dir/TestContainerPersistence
]]></system-out>
  </testcase>
  <testcase name="testWritReadManyChunks" classname="TestContainerPersistence" time="0.608">
    <system-out><![CDATA[2022-08-04 12:11:26,145 [Time-limited test] INFO  volume.HddsVolume (HddsVolume.java:<init>(116)) - Creating HddsVolume: /home/runner/work/ozone/ozone/hadoop-hdds/container-service/target/test-dir/TestContainerPersistence/hdds of storage type : DISK capacity : 9223372036854775807
2022-08-04 12:11:26,145 [Time-limited test] INFO  volume.MutableVolumeSet (MutableVolumeSet.java:initializeVolumeSet(174)) - Added Volume : /home/runner/work/ozone/ozone/hadoop-hdds/container-service/target/test-dir/TestContainerPersistence/hdds to VolumeSet
2022-08-04 12:11:26,702 [Time-limited test] INFO  impl.TestContainerPersistence (TestContainerPersistence.java:cleanupDir(170)) - Deleting /home/runner/work/ozone/ozone/hadoop-hdds/container-service/target/test-dir/TestContainerPersistence
]]></system-out>
  </testcase>
  <testcase name="testWritReadManyChunks" classname="TestContainerPersistence" time="0.598">
    <system-out><![CDATA[2022-08-04 12:11:27,473 [Time-limited test] INFO  volume.HddsVolume (HddsVolume.java:<init>(116)) - Creating HddsVolume: /home/runner/work/ozone/ozone/hadoop-hdds/container-service/target/test-dir/TestContainerPersistence/hdds of storage type : DISK capacity : 9223372036854775807
2022-08-04 12:11:27,473 [Time-limited test] INFO  volume.MutableVolumeSet (MutableVolumeSet.java:initializeVolumeSet(174)) - Added Volume : /home/runner/work/ozone/ozone/hadoop-hdds/container-service/target/test-dir/TestContainerPersistence/hdds to VolumeSet
2022-08-04 12:11:27,504 [Time-limited test] INFO  volume.HddsVolume (HddsVolume.java:createDbStore(309)) - SchemaV3 db is created and loaded at /home/runner/work/ozone/ozone/hadoop-hdds/container-service/target/test-dir/TestContainerPersistence/hdds/2e055fc2-68f4-420e-b3cc-a1108be8a17b/DS-b61167c8-df50-4ac3-ab6f-05c84fb8a756/container.db for volume DS-b61167c8-df50-4ac3-ab6f-05c84fb8a756
2022-08-04 12:11:28,022 [Time-limited test] INFO  impl.TestContainerPersistence (TestContainerPersistence.java:cleanupDir(170)) - Deleting /home/runner/work/ozone/ozone/hadoop-hdds/container-service/target/test-dir/TestContainerPersistence
]]></system-out>
  </testcase>
  <testcase name="testWritReadManyChunks" classname="TestContainerPersistence" time="0.112">
    <system-out><![CDATA[2022-08-04 12:11:29,209 [Time-limited test] INFO  volume.HddsVolume (HddsVolume.java:<init>(116)) - Creating HddsVolume: /home/runner/work/ozone/ozone/hadoop-hdds/container-service/target/test-dir/TestContainerPersistence/hdds of storage type : DISK capacity : 9223372036854775807
2022-08-04 12:11:29,209 [Time-limited test] INFO  volume.MutableVolumeSet (MutableVolumeSet.java:initializeVolumeSet(174)) - Added Volume : /home/runner/work/ozone/ozone/hadoop-hdds/container-service/target/test-dir/TestContainerPersistence/hdds to VolumeSet
2022-08-04 12:11:29,315 [Time-limited test] INFO  impl.TestContainerPersistence (TestContainerPersistence.java:cleanupDir(170)) - Deleting /home/runner/work/ozone/ozone/hadoop-hdds/container-service/target/test-dir/TestContainerPersistence
]]></system-out>
  </testcase>
  <testcase name="testWritReadManyChunks" classname="TestContainerPersistence" time="0.084">
    <system-out><![CDATA[2022-08-04 12:11:30,389 [Time-limited test] INFO  volume.HddsVolume (HddsVolume.java:<init>(116)) - Creating HddsVolume: /home/runner/work/ozone/ozone/hadoop-hdds/container-service/target/test-dir/TestContainerPersistence/hdds of storage type : DISK capacity : 9223372036854775807
2022-08-04 12:11:30,389 [Time-limited test] INFO  volume.MutableVolumeSet (MutableVolumeSet.java:initializeVolumeSet(174)) - Added Volume : /home/runner/work/ozone/ozone/hadoop-hdds/container-service/target/test-dir/TestContainerPersistence/hdds to VolumeSet
2022-08-04 12:11:30,468 [Time-limited test] INFO  impl.TestContainerPersistence (TestContainerPersistence.java:cleanupDir(170)) - Deleting /home/runner/work/ozone/ozone/hadoop-hdds/container-service/target/test-dir/TestContainerPersistence
]]></system-out>
  </testcase>
  <testcase name="testWritReadManyChunks" classname="TestContainerPersistence" time="0.086">
    <system-out><![CDATA[2022-08-04 12:11:31,069 [Time-limited test] INFO  volume.HddsVolume (HddsVolume.java:<init>(116)) - Creating HddsVolume: /home/runner/work/ozone/ozone/hadoop-hdds/container-service/target/test-dir/TestContainerPersistence/hdds of storage type : DISK capacity : 9223372036854775807
2022-08-04 12:11:31,069 [Time-limited test] INFO  volume.MutableVolumeSet (MutableVolumeSet.java:initializeVolumeSet(174)) - Added Volume : /home/runner/work/ozone/ozone/hadoop-hdds/container-service/target/test-dir/TestContainerPersistence/hdds to VolumeSet
2022-08-04 12:11:31,093 [Time-limited test] INFO  volume.HddsVolume (HddsVolume.java:createDbStore(309)) - SchemaV3 db is created and loaded at /home/runner/work/ozone/ozone/hadoop-hdds/container-service/target/test-dir/TestContainerPersistence/hdds/2e055fc2-68f4-420e-b3cc-a1108be8a17b/DS-3cee26b3-dd9e-4a2d-a1a3-1ba2a971b6c6/container.db for volume DS-3cee26b3-dd9e-4a2d-a1a3-1ba2a971b6c6
2022-08-04 12:11:31,150 [Time-limited test] INFO  impl.TestContainerPersistence (TestContainerPersistence.java:cleanupDir(170)) - Deleting /home/runner/work/ozone/ozone/hadoop-hdds/container-service/target/test-dir/TestContainerPersistence
]]></system-out>
  </testcase>
  <testcase name="testPutBlockWithLotsOfChunks" classname="TestContainerPersistence" time="0.044">
    <system-out><![CDATA[2022-08-04 12:11:25,105 [Time-limited test] INFO  volume.HddsVolume (HddsVolume.java:<init>(116)) - Creating HddsVolume: /home/runner/work/ozone/ozone/hadoop-hdds/container-service/target/test-dir/TestContainerPersistence/hdds of storage type : DISK capacity : 9223372036854775807
2022-08-04 12:11:25,105 [Time-limited test] INFO  volume.MutableVolumeSet (MutableVolumeSet.java:initializeVolumeSet(174)) - Added Volume : /home/runner/work/ozone/ozone/hadoop-hdds/container-service/target/test-dir/TestContainerPersistence/hdds to VolumeSet
2022-08-04 12:11:25,141 [Time-limited test] INFO  impl.TestContainerPersistence (TestContainerPersistence.java:cleanupDir(170)) - Deleting /home/runner/work/ozone/ozone/hadoop-hdds/container-service/target/test-dir/TestContainerPersistence
]]></system-out>
  </testcase>
  <testcase name="testPutBlockWithLotsOfChunks" classname="TestContainerPersistence" time="0.043">
    <system-out><![CDATA[2022-08-04 12:11:26,749 [Time-limited test] INFO  volume.HddsVolume (HddsVolume.java:<init>(116)) - Creating HddsVolume: /home/runner/work/ozone/ozone/hadoop-hdds/container-service/target/test-dir/TestContainerPersistence/hdds of storage type : DISK capacity : 9223372036854775807
2022-08-04 12:11:26,750 [Time-limited test] INFO  volume.MutableVolumeSet (MutableVolumeSet.java:initializeVolumeSet(174)) - Added Volume : /home/runner/work/ozone/ozone/hadoop-hdds/container-service/target/test-dir/TestContainerPersistence/hdds to VolumeSet
2022-08-04 12:11:26,789 [Time-limited test] INFO  impl.TestContainerPersistence (TestContainerPersistence.java:cleanupDir(170)) - Deleting /home/runner/work/ozone/ozone/hadoop-hdds/container-service/target/test-dir/TestContainerPersistence
]]></system-out>
  </testcase>
  <testcase name="testPutBlockWithLotsOfChunks" classname="TestContainerPersistence" time="0.042">
    <system-out><![CDATA[2022-08-04 12:11:28,073 [Time-limited test] INFO  volume.HddsVolume (HddsVolume.java:<init>(116)) - Creating HddsVolume: /home/runner/work/ozone/ozone/hadoop-hdds/container-service/target/test-dir/TestContainerPersistence/hdds of storage type : DISK capacity : 9223372036854775807
2022-08-04 12:11:28,073 [Time-limited test] INFO  volume.MutableVolumeSet (MutableVolumeSet.java:initializeVolumeSet(174)) - Added Volume : /home/runner/work/ozone/ozone/hadoop-hdds/container-service/target/test-dir/TestContainerPersistence/hdds to VolumeSet
2022-08-04 12:11:28,099 [Time-limited test] INFO  volume.HddsVolume (HddsVolume.java:createDbStore(309)) - SchemaV3 db is created and loaded at /home/runner/work/ozone/ozone/hadoop-hdds/container-service/target/test-dir/TestContainerPersistence/hdds/2e055fc2-68f4-420e-b3cc-a1108be8a17b/DS-d7bed68f-de2c-4d40-9cc6-52fe244a3ed6/container.db for volume DS-d7bed68f-de2c-4d40-9cc6-52fe244a3ed6
2022-08-04 12:11:28,106 [Time-limited test] INFO  impl.TestContainerPersistence (TestContainerPersistence.java:cleanupDir(170)) - Deleting /home/runner/work/ozone/ozone/hadoop-hdds/container-service/target/test-dir/TestContainerPersistence
]]></system-out>
  </testcase>
  <testcase name="testPutBlockWithLotsOfChunks" classname="TestContainerPersistence" time="0.043">
    <system-out><![CDATA[2022-08-04 12:11:29,325 [Time-limited test] INFO  volume.HddsVolume (HddsVolume.java:<init>(116)) - Creating HddsVolume: /home/runner/work/ozone/ozone/hadoop-hdds/container-service/target/test-dir/TestContainerPersistence/hdds of storage type : DISK capacity : 9223372036854775807
2022-08-04 12:11:29,325 [Time-limited test] INFO  volume.MutableVolumeSet (MutableVolumeSet.java:initializeVolumeSet(174)) - Added Volume : /home/runner/work/ozone/ozone/hadoop-hdds/container-service/target/test-dir/TestContainerPersistence/hdds to VolumeSet
2022-08-04 12:11:29,359 [Time-limited test] INFO  impl.TestContainerPersistence (TestContainerPersistence.java:cleanupDir(170)) - Deleting /home/runner/work/ozone/ozone/hadoop-hdds/container-service/target/test-dir/TestContainerPersistence
]]></system-out>
  </testcase>
  <testcase name="testPutBlockWithLotsOfChunks" classname="TestContainerPersistence" time="0.039">
    <system-out><![CDATA[2022-08-04 12:11:30,473 [Time-limited test] INFO  volume.HddsVolume (HddsVolume.java:<init>(116)) - Creating HddsVolume: /home/runner/work/ozone/ozone/hadoop-hdds/container-service/target/test-dir/TestContainerPersistence/hdds of storage type : DISK capacity : 9223372036854775807
2022-08-04 12:11:30,473 [Time-limited test] INFO  volume.MutableVolumeSet (MutableVolumeSet.java:initializeVolumeSet(174)) - Added Volume : /home/runner/work/ozone/ozone/hadoop-hdds/container-service/target/test-dir/TestContainerPersistence/hdds to VolumeSet
2022-08-04 12:11:30,507 [Time-limited test] INFO  impl.TestContainerPersistence (TestContainerPersistence.java:cleanupDir(170)) - Deleting /home/runner/work/ozone/ozone/hadoop-hdds/container-service/target/test-dir/TestContainerPersistence
]]></system-out>
  </testcase>
  <testcase name="testPutBlockWithLotsOfChunks" classname="TestContainerPersistence" time="0.047">
    <system-out><![CDATA[2022-08-04 12:11:31,157 [Time-limited test] INFO  volume.HddsVolume (HddsVolume.java:<init>(116)) - Creating HddsVolume: /home/runner/work/ozone/ozone/hadoop-hdds/container-service/target/test-dir/TestContainerPersistence/hdds of storage type : DISK capacity : 9223372036854775807
2022-08-04 12:11:31,157 [Time-limited test] INFO  volume.MutableVolumeSet (MutableVolumeSet.java:initializeVolumeSet(174)) - Added Volume : /home/runner/work/ozone/ozone/hadoop-hdds/container-service/target/test-dir/TestContainerPersistence/hdds to VolumeSet
2022-08-04 12:11:31,189 [Time-limited test] INFO  volume.HddsVolume (HddsVolume.java:createDbStore(309)) - SchemaV3 db is created and loaded at /home/runner/work/ozone/ozone/hadoop-hdds/container-service/target/test-dir/TestContainerPersistence/hdds/2e055fc2-68f4-420e-b3cc-a1108be8a17b/DS-5ec597ea-2d9c-4635-816a-b78b41a81a56/container.db for volume DS-5ec597ea-2d9c-4635-816a-b78b41a81a56
2022-08-04 12:11:31,197 [Time-limited test] INFO  impl.TestContainerPersistence (TestContainerPersistence.java:cleanupDir(170)) - Deleting /home/runner/work/ozone/ozone/hadoop-hdds/container-service/target/test-dir/TestContainerPersistence
]]></system-out>
  </testcase>
</testsuite>