<?xml version="1.0" encoding="UTF-8"?>
<testsuite xmlns:xsi="http://www.w3.org/2001/XMLSchema-instance" xsi:noNamespaceSchemaLocation="https://maven.apache.org/surefire/maven-surefire-plugin/xsd/surefire-test-report-3.0.xsd" version="3.0" name="org.apache.hadoop.ozone.container.TestECContainerRecovery" time="149.575" tests="1" errors="1" skipped="0" failures="0">
  <properties>
    <property name="awt.toolkit" value="sun.awt.X11.XToolkit"/>
    <property name="file.encoding.pkg" value="sun.io"/>
    <property name="java.specification.version" value="1.8"/>
    <property name="sun.cpu.isalist" value=""/>
    <property name="sun.jnu.encoding" value="UTF-8"/>
    <property name="java.class.path" value="/home/runner/work/ozone/ozone/hadoop-ozone/integration-test/target/test-classes:/home/runner/work/ozone/ozone/hadoop-ozone/integration-test/target/classes:/home/runner/.m2/repository/org/apache/ozone/ozone-common/1.3.0-SNAPSHOT/ozone-common-1.3.0-SNAPSHOT.jar:/home/runner/.m2/repository/io/grpc/grpc-netty/1.48.1/grpc-netty-1.48.1.jar:/home/runner/.m2/repository/io/grpc/grpc-core/1.48.1/grpc-core-1.48.1.jar:/home/runner/.m2/repository/com/google/android/annotations/4.1.1.4/annotations-4.1.1.4.jar:/home/runner/.m2/repository/org/codehaus/mojo/animal-sniffer-annotations/1.21/animal-sniffer-annotations-1.21.jar:/home/runner/.m2/repository/com/google/errorprone/error_prone_annotations/2.2.0/error_prone_annotations-2.2.0.jar:/home/runner/.m2/repository/io/perfmark/perfmark-api/0.25.0/perfmark-api-0.25.0.jar:/home/runner/.m2/repository/io/netty/netty-codec-http2/4.1.79.Final/netty-codec-http2-4.1.79.Final.jar:/home/runner/.m2/repository/io/netty/netty-common/4.1.79.Final/netty-common-4.1.79.Final.jar:/home/runner/.m2/repository/io/netty/netty-buffer/4.1.79.Final/netty-buffer-4.1.79.Final.jar:/home/runner/.m2/repository/io/netty/netty-codec-http/4.1.79.Final/netty-codec-http-4.1.79.Final.jar:/home/runner/.m2/repository/io/netty/netty-handler-proxy/4.1.79.Final/netty-handler-proxy-4.1.79.Final.jar:/home/runner/.m2/repository/io/netty/netty-codec-socks/4.1.79.Final/netty-codec-socks-4.1.79.Final.jar:/home/runner/.m2/repository/io/netty/netty-tcnative-boringssl-static/2.0.53.Final/netty-tcnative-boringssl-static-2.0.53.Final.jar:/home/runner/.m2/repository/io/netty/netty-tcnative-classes/2.0.53.Final/netty-tcnative-classes-2.0.53.Final.jar:/home/runner/.m2/repository/io/netty/netty-tcnative-boringssl-static/2.0.53.Final/netty-tcnative-boringssl-static-2.0.53.Final-linux-x86_64.jar:/home/runner/.m2/repository/io/netty/netty-tcnative-boringssl-static/2.0.53.Final/netty-tcnative-boringssl-static-2.0.53.Final-linux-aarch_64.jar:/home/runner/.m2/repository/io/netty/netty-tcnative-boringssl-static/2.0.53.Final/netty-tcnative-boringssl-static-2.0.53.Final-osx-x86_64.jar:/home/runner/.m2/repository/io/netty/netty-tcnative-boringssl-static/2.0.53.Final/netty-tcnative-boringssl-static-2.0.53.Final-osx-aarch_64.jar:/home/runner/.m2/repository/io/netty/netty-tcnative-boringssl-static/2.0.53.Final/netty-tcnative-boringssl-static-2.0.53.Final-windows-x86_64.jar:/home/runner/.m2/repository/org/apache/commons/commons-compress/1.21/commons-compress-1.21.jar:/home/runner/.m2/repository/org/apache/ozone/hdds-common/1.3.0-SNAPSHOT/hdds-common-1.3.0-SNAPSHOT.jar:/home/runner/.m2/repository/org/apache/ozone/hdds-client/1.3.0-SNAPSHOT/hdds-client-1.3.0-SNAPSHOT.jar:/home/runner/.m2/repository/org/apache/ozone/ozone-interface-client/1.3.0-SNAPSHOT/ozone-interface-client-1.3.0-SNAPSHOT.jar:/home/runner/.m2/repository/org/apache/ozone/hdds-test-utils/1.3.0-SNAPSHOT/hdds-test-utils-1.3.0-SNAPSHOT.jar:/home/runner/.m2/repository/com/google/guava/guava/31.1-jre/guava-31.1-jre.jar:/home/runner/.m2/repository/com/google/guava/failureaccess/1.0.1/failureaccess-1.0.1.jar:/home/runner/.m2/repository/com/google/guava/listenablefuture/9999.0-empty-to-avoid-conflict-with-guava/listenablefuture-9999.0-empty-to-avoid-conflict-with-guava.jar:/home/runner/.m2/repository/com/google/code/findbugs/jsr305/3.0.0/jsr305-3.0.0.jar:/home/runner/.m2/repository/org/checkerframework/checker-qual/3.12.0/checker-qual-3.12.0.jar:/home/runner/.m2/repository/com/google/j2objc/j2objc-annotations/1.3/j2objc-annotations-1.3.jar:/home/runner/.m2/repository/commons-io/commons-io/2.11.0/commons-io-2.11.0.jar:/home/runner/.m2/repository/commons-logging/commons-logging/1.2/commons-logging-1.2.jar:/home/runner/.m2/repository/ch/qos/reload4j/reload4j/1.2.22/reload4j-1.2.22.jar:/home/runner/.m2/repository/org/slf4j/slf4j-api/1.7.36/slf4j-api-1.7.36.jar:/home/runner/.m2/repository/org/apache/ozone/hdds-server-scm/1.3.0-SNAPSHOT/hdds-server-scm-1.3.0-SNAPSHOT.jar:/home/runner/.m2/repository/org/apache/ozone/hdds-container-service/1.3.0-SNAPSHOT/hdds-container-service-1.3.0-SNAPSHOT.jar:/home/runner/.m2/repository/org/apache/ozone/hdds-hadoop-dependency-server/1.3.0-SNAPSHOT/hdds-hadoop-dependency-server-1.3.0-SNAPSHOT.jar:/home/runner/.m2/repository/org/apache/hadoop/hadoop-hdfs/3.3.4/hadoop-hdfs-3.3.4.jar:/home/runner/.m2/repository/org/eclipse/jetty/jetty-util-ajax/9.4.43.v20210629/jetty-util-ajax-9.4.43.v20210629.jar:/home/runner/.m2/repository/commons-daemon/commons-daemon/1.0.13/commons-daemon-1.0.13.jar:/home/runner/.m2/repository/org/apache/ozone/hdds-server-framework/1.3.0-SNAPSHOT/hdds-server-framework-1.3.0-SNAPSHOT.jar:/home/runner/.m2/repository/org/apache/ozone/hdds-interface-server/1.3.0-SNAPSHOT/hdds-interface-server-1.3.0-SNAPSHOT.jar:/home/runner/.m2/repository/org/apache/commons/commons-configuration2/2.1.1/commons-configuration2-2.1.1.jar:/home/runner/.m2/repository/org/apache/logging/log4j/log4j-core/2.17.1/log4j-core-2.17.1.jar:/home/runner/.m2/repository/com/lmax/disruptor/3.4.2/disruptor-3.4.2.jar:/home/runner/.m2/repository/org/eclipse/jetty/jetty-servlet/9.4.43.v20210629/jetty-servlet-9.4.43.v20210629.jar:/home/runner/.m2/repository/org/eclipse/jetty/jetty-security/9.4.43.v20210629/jetty-security-9.4.43.v20210629.jar:/home/runner/.m2/repository/org/rocksdb/rocksdbjni/7.4.5/rocksdbjni-7.4.5.jar:/home/runner/.m2/repository/io/prometheus/simpleclient_dropwizard/0.7.0/simpleclient_dropwizard-0.7.0.jar:/home/runner/.m2/repository/io/prometheus/simpleclient/0.7.0/simpleclient-0.7.0.jar:/home/runner/.m2/repository/io/prometheus/simpleclient_common/0.7.0/simpleclient_common-0.7.0.jar:/home/runner/.m2/repository/io/dropwizard/metrics/metrics-core/3.2.4/metrics-core-3.2.4.jar:/home/runner/.m2/repository/org/apache/commons/commons-text/1.4/commons-text-1.4.jar:/home/runner/.m2/repository/org/apache/hadoop/hadoop-hdfs-client/3.3.4/hadoop-hdfs-client-3.3.4.jar:/home/runner/.m2/repository/com/squareup/okhttp3/okhttp/4.9.3/okhttp-4.9.3.jar:/home/runner/.m2/repository/com/squareup/okio/okio/2.8.0/okio-2.8.0.jar:/home/runner/.m2/repository/org/jetbrains/kotlin/kotlin-stdlib-common/1.4.10/kotlin-stdlib-common-1.4.10.jar:/home/runner/.m2/repository/org/bouncycastle/bcprov-jdk15on/1.67/bcprov-jdk15on-1.67.jar:/home/runner/.m2/repository/com/google/protobuf/protobuf-java/2.5.0/protobuf-java-2.5.0.jar:/home/runner/.m2/repository/org/apache/ozone/ozone-manager/1.3.0-SNAPSHOT/ozone-manager-1.3.0-SNAPSHOT.jar:/home/runner/.m2/repository/org/aspectj/aspectjrt/1.9.7/aspectjrt-1.9.7.jar:/home/runner/.m2/repository/org/aspectj/aspectjweaver/1.9.7/aspectjweaver-1.9.7.jar:/home/runner/.m2/repository/org/apache/ozone/hdds-interface-client/1.3.0-SNAPSHOT/hdds-interface-client-1.3.0-SNAPSHOT.jar:/home/runner/.m2/repository/org/apache/hadoop/thirdparty/hadoop-shaded-protobuf_3_7/1.1.1/hadoop-shaded-protobuf_3_7-1.1.1.jar:/home/runner/.m2/repository/org/apache/ozone/ozone-interface-storage/1.3.0-SNAPSHOT/ozone-interface-storage-1.3.0-SNAPSHOT.jar:/home/runner/.m2/repository/org/reflections/reflections/0.9.11/reflections-0.9.11.jar:/home/runner/.m2/repository/com/sun/jersey/jersey-client/1.19/jersey-client-1.19.jar:/home/runner/.m2/repository/org/apache/ranger/ranger-intg/2.3.0/ranger-intg-2.3.0.jar:/home/runner/.m2/repository/org/apache/ranger/ranger-plugins-common/2.3.0/ranger-plugins-common-2.3.0.jar:/home/runner/.m2/repository/commons-lang/commons-lang/2.6/commons-lang-2.6.jar:/home/runner/.m2/repository/org/codehaus/jackson/jackson-jaxrs/1.9.13/jackson-jaxrs-1.9.13.jar:/home/runner/.m2/repository/org/apache/ranger/ranger-plugins-cred/2.3.0/ranger-plugins-cred-2.3.0.jar:/home/runner/.m2/repository/org/apache/ranger/ranger-plugins-audit/2.3.0/ranger-plugins-audit-2.3.0.jar:/home/runner/.m2/repository/org/eclipse/jetty/jetty-client/9.4.31.v20200723/jetty-client-9.4.31.v20200723.jar:/home/runner/.m2/repository/org/apache/httpcomponents/httpmime/4.5.6/httpmime-4.5.6.jar:/home/runner/.m2/repository/org/apache/httpcomponents/httpcore-nio/4.4.6/httpcore-nio-4.4.6.jar:/home/runner/.m2/repository/org/apache/httpcomponents/httpasyncclient/4.1.3/httpasyncclient-4.1.3.jar:/home/runner/.m2/repository/com/carrotsearch/hppc/0.8.0/hppc-0.8.0.jar:/home/runner/.m2/repository/org/apache/orc/orc-core/1.5.8/orc-core-1.5.8.jar:/home/runner/.m2/repository/net/java/dev/jna/jna/5.2.0/jna-5.2.0.jar:/home/runner/.m2/repository/net/java/dev/jna/jna-platform/5.2.0/jna-platform-5.2.0.jar:/home/runner/.m2/repository/com/kstruct/gethostname4j/0.0.2/gethostname4j-0.0.2.jar:/home/runner/.m2/repository/org/apache/ranger/ranger-plugin-classloader/2.3.0/ranger-plugin-classloader-2.3.0.jar:/home/runner/.m2/repository/org/apache/hadoop/hadoop-minikdc/3.3.4/hadoop-minikdc-3.3.4.jar:/home/runner/.m2/repository/org/apache/kerby/kerb-simplekdc/1.0.1/kerb-simplekdc-1.0.1.jar:/home/runner/.m2/repository/org/apache/kerby/kerb-client/1.0.1/kerb-client-1.0.1.jar:/home/runner/.m2/repository/org/apache/kerby/kerby-config/1.0.1/kerby-config-1.0.1.jar:/home/runner/.m2/repository/org/apache/kerby/kerb-common/1.0.1/kerb-common-1.0.1.jar:/home/runner/.m2/repository/org/apache/kerby/kerb-crypto/1.0.1/kerb-crypto-1.0.1.jar:/home/runner/.m2/repository/org/apache/kerby/kerb-util/1.0.1/kerb-util-1.0.1.jar:/home/runner/.m2/repository/org/apache/kerby/token-provider/1.0.1/token-provider-1.0.1.jar:/home/runner/.m2/repository/org/apache/kerby/kerb-admin/1.0.1/kerb-admin-1.0.1.jar:/home/runner/.m2/repository/org/apache/kerby/kerb-server/1.0.1/kerb-server-1.0.1.jar:/home/runner/.m2/repository/org/apache/kerby/kerb-identity/1.0.1/kerb-identity-1.0.1.jar:/home/runner/.m2/repository/org/apache/kerby/kerby-xdr/1.0.1/kerby-xdr-1.0.1.jar:/home/runner/.m2/repository/org/apache/ozone/ozone-s3gateway/1.3.0-SNAPSHOT/ozone-s3gateway-1.3.0-SNAPSHOT.jar:/home/runner/.m2/repository/org/javassist/javassist/3.21.0-GA/javassist-3.21.0-GA.jar:/home/runner/.m2/repository/org/jboss/weld/servlet/weld-servlet/2.4.7.Final/weld-servlet-2.4.7.Final.jar:/home/runner/.m2/repository/org/glassfish/jersey/containers/jersey-container-servlet-core/2.34/jersey-container-servlet-core-2.34.jar:/home/runner/.m2/repository/org/glassfish/hk2/external/jakarta.inject/2.6.1/jakarta.inject-2.6.1.jar:/home/runner/.m2/repository/org/glassfish/jersey/core/jersey-common/2.34/jersey-common-2.34.jar:/home/runner/.m2/repository/jakarta/ws/rs/jakarta.ws.rs-api/2.1.6/jakarta.ws.rs-api-2.1.6.jar:/home/runner/.m2/repository/org/glassfish/jersey/ext/cdi/jersey-cdi1x/2.34/jersey-cdi1x-2.34.jar:/home/runner/.m2/repository/org/glassfish/jersey/inject/jersey-hk2/2.34/jersey-hk2-2.34.jar:/home/runner/.m2/repository/org/glassfish/hk2/hk2-locator/2.6.1/hk2-locator-2.6.1.jar:/home/runner/.m2/repository/org/glassfish/jersey/media/jersey-media-jaxb/2.34/jersey-media-jaxb-2.34.jar:/home/runner/.m2/repository/org/glassfish/hk2/osgi-resource-locator/1.0.3/osgi-resource-locator-1.0.3.jar:/home/runner/.m2/repository/org/glassfish/hk2/hk2-api/2.5.0/hk2-api-2.5.0.jar:/home/runner/.m2/repository/org/glassfish/hk2/hk2-utils/2.5.0/hk2-utils-2.5.0.jar:/home/runner/.m2/repository/org/glassfish/hk2/external/aopalliance-repackaged/2.5.0/aopalliance-repackaged-2.5.0.jar:/home/runner/.m2/repository/com/fasterxml/jackson/dataformat/jackson-dataformat-xml/2.13.4/jackson-dataformat-xml-2.13.4.jar:/home/runner/.m2/repository/com/fasterxml/jackson/core/jackson-core/2.13.4/jackson-core-2.13.4.jar:/home/runner/.m2/repository/org/codehaus/woodstox/stax2-api/3.1.4/stax2-api-3.1.4.jar:/home/runner/.m2/repository/com/fasterxml/woodstox/woodstox-core/5.0.3/woodstox-core-5.0.3.jar:/home/runner/.m2/repository/com/fasterxml/jackson/module/jackson-module-jaxb-annotations/2.13.4/jackson-module-jaxb-annotations-2.13.4.jar:/home/runner/.m2/repository/jakarta/xml/bind/jakarta.xml.bind-api/2.3.3/jakarta.xml.bind-api-2.3.3.jar:/home/runner/.m2/repository/jakarta/activation/jakarta.activation-api/1.2.1/jakarta.activation-api-1.2.1.jar:/home/runner/.m2/repository/javax/enterprise/cdi-api/1.2/cdi-api-1.2.jar:/home/runner/.m2/repository/javax/el/javax.el-api/3.0.0/javax.el-api-3.0.0.jar:/home/runner/.m2/repository/javax/interceptor/javax.interceptor-api/1.2/javax.interceptor-api-1.2.jar:/home/runner/.m2/repository/javax/inject/javax.inject/1/javax.inject-1.jar:/home/runner/.m2/repository/javax/xml/bind/jaxb-api/2.3.0/jaxb-api-2.3.0.jar:/home/runner/.m2/repository/org/glassfish/jaxb/jaxb-runtime/2.3.0.1/jaxb-runtime-2.3.0.1.jar:/home/runner/.m2/repository/org/glassfish/jaxb/jaxb-core/2.3.0.1/jaxb-core-2.3.0.1.jar:/home/runner/.m2/repository/org/glassfish/jaxb/txw2/2.3.0.1/txw2-2.3.0.1.jar:/home/runner/.m2/repository/com/sun/istack/istack-commons-runtime/3.0.5/istack-commons-runtime-3.0.5.jar:/home/runner/.m2/repository/org/jvnet/staxex/stax-ex/1.7.8/stax-ex-1.7.8.jar:/home/runner/.m2/repository/com/sun/xml/fastinfoset/FastInfoset/1.2.13/FastInfoset-1.2.13.jar:/home/runner/.m2/repository/javax/activation/activation/1.1.1/activation-1.1.1.jar:/home/runner/.m2/repository/io/grpc/grpc-protobuf/1.48.1/grpc-protobuf-1.48.1.jar:/home/runner/.m2/repository/io/grpc/grpc-api/1.48.1/grpc-api-1.48.1.jar:/home/runner/.m2/repository/io/grpc/grpc-context/1.48.1/grpc-context-1.48.1.jar:/home/runner/.m2/repository/com/google/api/grpc/proto-google-common-protos/2.9.0/proto-google-common-protos-2.9.0.jar:/home/runner/.m2/repository/io/grpc/grpc-protobuf-lite/1.48.1/grpc-protobuf-lite-1.48.1.jar:/home/runner/.m2/repository/io/grpc/grpc-stub/1.48.1/grpc-stub-1.48.1.jar:/home/runner/.m2/repository/io/netty/netty-transport/4.1.79.Final/netty-transport-4.1.79.Final.jar:/home/runner/.m2/repository/io/netty/netty-resolver/4.1.79.Final/netty-resolver-4.1.79.Final.jar:/home/runner/.m2/repository/org/apache/ozone/ozone-csi/1.3.0-SNAPSHOT/ozone-csi-1.3.0-SNAPSHOT.jar:/home/runner/.m2/repository/com/google/protobuf/protobuf-java-util/3.19.2/protobuf-java-util-3.19.2.jar:/home/runner/.m2/repository/com/google/code/gson/gson/2.9.0/gson-2.9.0.jar:/home/runner/.m2/repository/org/apache/ozone/hdds-config/1.3.0-SNAPSHOT/hdds-config-1.3.0-SNAPSHOT.jar:/home/runner/.m2/repository/io/netty/netty-transport-native-epoll/4.1.79.Final/netty-transport-native-epoll-4.1.79.Final-linux-x86_64.jar:/home/runner/.m2/repository/io/netty/netty-transport-classes-epoll/4.1.79.Final/netty-transport-classes-epoll-4.1.79.Final.jar:/home/runner/.m2/repository/io/netty/netty-transport-native-unix-common/4.1.79.Final/netty-transport-native-unix-common-4.1.79.Final.jar:/home/runner/.m2/repository/org/slf4j/slf4j-reload4j/1.7.36/slf4j-reload4j-1.7.36.jar:/home/runner/.m2/repository/org/apache/ozone/ozone-recon/1.3.0-SNAPSHOT/ozone-recon-1.3.0-SNAPSHOT.jar:/home/runner/.m2/repository/org/apache/ozone/ozone-reconcodegen/1.3.0-SNAPSHOT/ozone-reconcodegen-1.3.0-SNAPSHOT.jar:/home/runner/.m2/repository/com/google/inject/extensions/guice-multibindings/4.0/guice-multibindings-4.0.jar:/home/runner/.m2/repository/com/google/inject/guice/4.0/guice-4.0.jar:/home/runner/.m2/repository/aopalliance/aopalliance/1.0/aopalliance-1.0.jar:/home/runner/.m2/repository/com/google/inject/extensions/guice-assistedinject/4.0/guice-assistedinject-4.0.jar:/home/runner/.m2/repository/com/google/inject/extensions/guice-servlet/4.0/guice-servlet-4.0.jar:/home/runner/.m2/repository/org/glassfish/jersey/containers/jersey-container-servlet/2.34/jersey-container-servlet-2.34.jar:/home/runner/.m2/repository/org/glassfish/hk2/guice-bridge/2.5.0/guice-bridge-2.5.0.jar:/home/runner/.m2/repository/org/glassfish/jersey/core/jersey-server/2.34/jersey-server-2.34.jar:/home/runner/.m2/repository/org/glassfish/jersey/core/jersey-client/2.34/jersey-client-2.34.jar:/home/runner/.m2/repository/jakarta/annotation/jakarta.annotation-api/1.3.5/jakarta.annotation-api-1.3.5.jar:/home/runner/.m2/repository/jakarta/validation/jakarta.validation-api/2.0.2/jakarta.validation-api-2.0.2.jar:/home/runner/.m2/repository/org/glassfish/jersey/media/jersey-media-json-jackson/2.34/jersey-media-json-jackson-2.34.jar:/home/runner/.m2/repository/org/glassfish/jersey/ext/jersey-entity-filtering/2.34/jersey-entity-filtering-2.34.jar:/home/runner/.m2/repository/org/jooq/jooq/3.11.10/jooq-3.11.10.jar:/home/runner/.m2/repository/org/jooq/jooq-meta/3.11.10/jooq-meta-3.11.10.jar:/home/runner/.m2/repository/org/jooq/jooq-codegen/3.11.10/jooq-codegen-3.11.10.jar:/home/runner/.m2/repository/com/jolbox/bonecp/0.8.0.RELEASE/bonecp-0.8.0.RELEASE.jar:/home/runner/.m2/repository/org/apache/derby/derby/10.14.2.0/derby-10.14.2.0.jar:/home/runner/.m2/repository/org/xerial/sqlite-jdbc/3.25.2/sqlite-jdbc-3.25.2.jar:/home/runner/.m2/repository/org/springframework/spring-jdbc/5.2.20.RELEASE/spring-jdbc-5.2.20.RELEASE.jar:/home/runner/.m2/repository/org/springframework/spring-beans/5.2.20.RELEASE/spring-beans-5.2.20.RELEASE.jar:/home/runner/.m2/repository/org/springframework/spring-core/5.2.20.RELEASE/spring-core-5.2.20.RELEASE.jar:/home/runner/.m2/repository/org/springframework/spring-jcl/5.2.20.RELEASE/spring-jcl-5.2.20.RELEASE.jar:/home/runner/.m2/repository/org/springframework/spring-tx/5.2.20.RELEASE/spring-tx-5.2.20.RELEASE.jar:/home/runner/.m2/repository/org/apache/ozone/ozone-client/1.3.0-SNAPSHOT/ozone-client-1.3.0-SNAPSHOT.jar:/home/runner/.m2/repository/org/apache/ozone/hdds-erasurecode/1.3.0-SNAPSHOT/hdds-erasurecode-1.3.0-SNAPSHOT.jar:/home/runner/.m2/repository/com/github/spotbugs/spotbugs-annotations/3.1.12/spotbugs-annotations-3.1.12.jar:/home/runner/.m2/repository/org/apache/ozone/ozone-filesystem/1.3.0-SNAPSHOT/ozone-filesystem-1.3.0-SNAPSHOT.jar:/home/runner/.m2/repository/org/apache/ozone/ozone-filesystem-common/1.3.0-SNAPSHOT/ozone-filesystem-common-1.3.0-SNAPSHOT.jar:/home/runner/.m2/repository/org/apache/ozone/ozone-tools/1.3.0-SNAPSHOT/ozone-tools-1.3.0-SNAPSHOT.jar:/home/runner/.m2/repository/org/apache/ratis/ratis-tools/2.4.0/ratis-tools-2.4.0.jar:/home/runner/.m2/repository/com/amazonaws/aws-java-sdk-core/1.12.261/aws-java-sdk-core-1.12.261.jar:/home/runner/.m2/repository/org/apache/httpcomponents/httpclient/4.5.13/httpclient-4.5.13.jar:/home/runner/.m2/repository/org/apache/httpcomponents/httpcore/4.4.13/httpcore-4.4.13.jar:/home/runner/.m2/repository/software/amazon/ion/ion-java/1.0.2/ion-java-1.0.2.jar:/home/runner/.m2/repository/com/fasterxml/jackson/dataformat/jackson-dataformat-cbor/2.13.4/jackson-dataformat-cbor-2.13.4.jar:/home/runner/.m2/repository/joda-time/joda-time/2.8.1/joda-time-2.8.1.jar:/home/runner/.m2/repository/com/amazonaws/aws-java-sdk-s3/1.12.261/aws-java-sdk-s3-1.12.261.jar:/home/runner/.m2/repository/com/amazonaws/aws-java-sdk-kms/1.12.261/aws-java-sdk-kms-1.12.261.jar:/home/runner/.m2/repository/com/amazonaws/jmespath-java/1.12.261/jmespath-java-1.12.261.jar:/home/runner/.m2/repository/org/kohsuke/metainf-services/metainf-services/1.8/metainf-services-1.8.jar:/home/runner/.m2/repository/org/apache/ozone/hdds-tools/1.3.0-SNAPSHOT/hdds-tools-1.3.0-SNAPSHOT.jar:/home/runner/.m2/repository/commons-cli/commons-cli/1.2/commons-cli-1.2.jar:/home/runner/.m2/repository/org/apache/commons/commons-lang3/3.7/commons-lang3-3.7.jar:/home/runner/.m2/repository/org/apache/ozone/ozone-manager/1.3.0-SNAPSHOT/ozone-manager-1.3.0-SNAPSHOT-tests.jar:/home/runner/.m2/repository/org/apache/ozone/hdds-common/1.3.0-SNAPSHOT/hdds-common-1.3.0-SNAPSHOT-tests.jar:/home/runner/.m2/repository/org/apache/ozone/hdds-hadoop-dependency-client/1.3.0-SNAPSHOT/hdds-hadoop-dependency-client-1.3.0-SNAPSHOT.jar:/home/runner/.m2/repository/info/picocli/picocli/4.6.1/picocli-4.6.1.jar:/home/runner/.m2/repository/com/fasterxml/jackson/core/jackson-annotations/2.13.4/jackson-annotations-2.13.4.jar:/home/runner/.m2/repository/com/fasterxml/jackson/datatype/jackson-datatype-jsr310/2.13.4/jackson-datatype-jsr310-2.13.4.jar:/home/runner/.m2/repository/org/apache/ozone/hdds-annotation-processing/1.3.0-SNAPSHOT/hdds-annotation-processing-1.3.0-SNAPSHOT.jar:/home/runner/.m2/repository/javax/annotation/javax.annotation-api/1.2/javax.annotation-api-1.2.jar:/home/runner/.m2/repository/org/apache/ratis/ratis-server/2.4.0/ratis-server-2.4.0.jar:/home/runner/.m2/repository/org/apache/ratis/ratis-client/2.4.0/ratis-client-2.4.0.jar:/home/runner/.m2/repository/org/apache/ratis/ratis-server-api/2.4.0/ratis-server-api-2.4.0.jar:/home/runner/.m2/repository/org/apache/ratis/ratis-metrics/2.4.0/ratis-metrics-2.4.0.jar:/home/runner/.m2/repository/org/apache/ratis/ratis-netty/2.4.0/ratis-netty-2.4.0.jar:/home/runner/.m2/repository/org/apache/ratis/ratis-grpc/2.4.0/ratis-grpc-2.4.0.jar:/home/runner/.m2/repository/org/apache/logging/log4j/log4j-api/2.17.1/log4j-api-2.17.1.jar:/home/runner/.m2/repository/org/apache/commons/commons-pool2/2.6.0/commons-pool2-2.6.0.jar:/home/runner/.m2/repository/org/bouncycastle/bcpkix-jdk15on/1.67/bcpkix-jdk15on-1.67.jar:/home/runner/.m2/repository/commons-validator/commons-validator/1.6/commons-validator-1.6.jar:/home/runner/.m2/repository/commons-beanutils/commons-beanutils/1.9.4/commons-beanutils-1.9.4.jar:/home/runner/.m2/repository/commons-digester/commons-digester/1.8.1/commons-digester-1.8.1.jar:/home/runner/.m2/repository/commons-collections/commons-collections/3.2.2/commons-collections-3.2.2.jar:/home/runner/.m2/repository/io/jaegertracing/jaeger-client/1.6.0/jaeger-client-1.6.0.jar:/home/runner/.m2/repository/io/jaegertracing/jaeger-thrift/1.6.0/jaeger-thrift-1.6.0.jar:/home/runner/.m2/repository/org/apache/thrift/libthrift/0.14.1/libthrift-0.14.1.jar:/home/runner/.m2/repository/io/jaegertracing/jaeger-core/1.6.0/jaeger-core-1.6.0.jar:/home/runner/.m2/repository/io/jaegertracing/jaeger-tracerresolver/1.6.0/jaeger-tracerresolver-1.6.0.jar:/home/runner/.m2/repository/io/opentracing/contrib/opentracing-tracerresolver/0.1.8/opentracing-tracerresolver-0.1.8.jar:/home/runner/.m2/repository/org/jetbrains/kotlin/kotlin-stdlib/1.6.21/kotlin-stdlib-1.6.21.jar:/home/runner/.m2/repository/org/jetbrains/annotations/13.0/annotations-13.0.jar:/home/runner/.m2/repository/io/opentracing/opentracing-util/0.33.0/opentracing-util-0.33.0.jar:/home/runner/.m2/repository/io/opentracing/opentracing-api/0.33.0/opentracing-api-0.33.0.jar:/home/runner/.m2/repository/io/opentracing/opentracing-noop/0.33.0/opentracing-noop-0.33.0.jar:/home/runner/.m2/repository/org/yaml/snakeyaml/1.32/snakeyaml-1.32.jar:/home/runner/.m2/repository/org/apache/ozone/hdds-interface-admin/1.3.0-SNAPSHOT/hdds-interface-admin-1.3.0-SNAPSHOT.jar:/home/runner/.m2/repository/junit/junit/4.13.1/junit-4.13.1.jar:/home/runner/.m2/repository/org/hamcrest/hamcrest-core/1.3/hamcrest-core-1.3.jar:/home/runner/.m2/repository/org/junit/jupiter/junit-jupiter-api/5.8.2/junit-jupiter-api-5.8.2.jar:/home/runner/.m2/repository/org/opentest4j/opentest4j/1.2.0/opentest4j-1.2.0.jar:/home/runner/.m2/repository/org/junit/platform/junit-platform-commons/1.8.2/junit-platform-commons-1.8.2.jar:/home/runner/.m2/repository/org/apiguardian/apiguardian-api/1.1.2/apiguardian-api-1.1.2.jar:/home/runner/.m2/repository/org/junit/jupiter/junit-jupiter-params/5.8.2/junit-jupiter-params-5.8.2.jar:/home/runner/.m2/repository/org/junit/jupiter/junit-jupiter-migrationsupport/5.8.2/junit-jupiter-migrationsupport-5.8.2.jar:/home/runner/.m2/repository/org/junit/jupiter/junit-jupiter-engine/5.8.2/junit-jupiter-engine-5.8.2.jar:/home/runner/.m2/repository/org/junit/platform/junit-platform-engine/1.8.2/junit-platform-engine-1.8.2.jar:/home/runner/.m2/repository/org/junit/vintage/junit-vintage-engine/5.8.2/junit-vintage-engine-5.8.2.jar:/home/runner/.m2/repository/org/junit/platform/junit-platform-launcher/1.8.2/junit-platform-launcher-1.8.2.jar:/home/runner/.m2/repository/org/mockito/mockito-core/2.28.2/mockito-core-2.28.2.jar:/home/runner/.m2/repository/net/bytebuddy/byte-buddy/1.9.10/byte-buddy-1.9.10.jar:/home/runner/.m2/repository/net/bytebuddy/byte-buddy-agent/1.9.10/byte-buddy-agent-1.9.10.jar:/home/runner/.m2/repository/org/objenesis/objenesis/1.0/objenesis-1.0.jar:/home/runner/.m2/repository/org/apache/hadoop/hadoop-kms/3.3.4/hadoop-kms-3.3.4.jar:/home/runner/.m2/repository/org/apache/hadoop/hadoop-auth/3.3.4/hadoop-auth-3.3.4.jar:/home/runner/.m2/repository/com/nimbusds/nimbus-jose-jwt/7.9/nimbus-jose-jwt-7.9.jar:/home/runner/.m2/repository/com/github/stephenc/jcip/jcip-annotations/1.0-1/jcip-annotations-1.0-1.jar:/home/runner/.m2/repository/net/minidev/json-smart/2.4.7/json-smart-2.4.7.jar:/home/runner/.m2/repository/net/minidev/accessors-smart/2.4.7/accessors-smart-2.4.7.jar:/home/runner/.m2/repository/org/ow2/asm/asm/5.0.4/asm-5.0.4.jar:/home/runner/.m2/repository/org/apache/zookeeper/zookeeper/3.5.6/zookeeper-3.5.6.jar:/home/runner/.m2/repository/org/apache/zookeeper/zookeeper-jute/3.5.6/zookeeper-jute-3.5.6.jar:/home/runner/.m2/repository/org/apache/yetus/audience-annotations/0.5.0/audience-annotations-0.5.0.jar:/home/runner/.m2/repository/org/apache/curator/curator-framework/4.2.0/curator-framework-4.2.0.jar:/home/runner/.m2/repository/org/apache/hadoop/thirdparty/hadoop-shaded-guava/1.1.1/hadoop-shaded-guava-1.1.1.jar:/home/runner/.m2/repository/com/sun/jersey/jersey-core/1.19/jersey-core-1.19.jar:/home/runner/.m2/repository/javax/ws/rs/jsr311-api/1.1.1/jsr311-api-1.1.1.jar:/home/runner/.m2/repository/com/sun/jersey/jersey-server/1.19/jersey-server-1.19.jar:/home/runner/.m2/repository/javax/servlet/javax.servlet-api/3.1.0/javax.servlet-api-3.1.0.jar:/home/runner/.m2/repository/org/eclipse/jetty/jetty-server/9.4.43.v20210629/jetty-server-9.4.43.v20210629.jar:/home/runner/.m2/repository/org/eclipse/jetty/jetty-http/9.4.43.v20210629/jetty-http-9.4.43.v20210629.jar:/home/runner/.m2/repository/org/eclipse/jetty/jetty-io/9.4.43.v20210629/jetty-io-9.4.43.v20210629.jar:/home/runner/.m2/repository/org/eclipse/jetty/jetty-webapp/9.4.43.v20210629/jetty-webapp-9.4.43.v20210629.jar:/home/runner/.m2/repository/org/eclipse/jetty/jetty-xml/9.4.43.v20210629/jetty-xml-9.4.43.v20210629.jar:/home/runner/.m2/repository/org/apache/hadoop/hadoop-common/3.3.4/hadoop-common-3.3.4.jar:/home/runner/.m2/repository/org/apache/commons/commons-math3/3.1.1/commons-math3-3.1.1.jar:/home/runner/.m2/repository/commons-net/commons-net/3.6/commons-net-3.6.jar:/home/runner/.m2/repository/com/sun/jersey/jersey-servlet/1.19/jersey-servlet-1.19.jar:/home/runner/.m2/repository/com/sun/jersey/jersey-json/1.19/jersey-json-1.19.jar:/home/runner/.m2/repository/org/codehaus/jettison/jettison/1.1/jettison-1.1.jar:/home/runner/.m2/repository/com/sun/xml/bind/jaxb-impl/2.2.3-1/jaxb-impl-2.2.3-1.jar:/home/runner/.m2/repository/org/codehaus/jackson/jackson-xc/1.9.2/jackson-xc-1.9.2.jar:/home/runner/.m2/repository/com/google/re2j/re2j/1.1/re2j-1.1.jar:/home/runner/.m2/repository/com/jcraft/jsch/0.1.54/jsch-0.1.54.jar:/home/runner/.m2/repository/org/apache/curator/curator-client/4.2.0/curator-client-4.2.0.jar:/home/runner/.m2/repository/org/apache/curator/curator-recipes/4.2.0/curator-recipes-4.2.0.jar:/home/runner/.m2/repository/org/apache/kerby/kerb-core/1.0.1/kerb-core-1.0.1.jar:/home/runner/.m2/repository/org/apache/kerby/kerby-pkix/1.0.1/kerby-pkix-1.0.1.jar:/home/runner/.m2/repository/org/apache/kerby/kerby-asn1/1.0.1/kerby-asn1-1.0.1.jar:/home/runner/.m2/repository/org/apache/kerby/kerby-util/1.0.1/kerby-util-1.0.1.jar:/home/runner/.m2/repository/dnsjava/dnsjava/2.1.7/dnsjava-2.1.7.jar:/home/runner/.m2/repository/org/xerial/snappy/snappy-java/1.1.8.2/snappy-java-1.1.8.2.jar:/home/runner/.m2/repository/org/eclipse/jetty/jetty-util/9.4.43.v20210629/jetty-util-9.4.43.v20210629.jar:/home/runner/.m2/repository/com/fasterxml/jackson/core/jackson-databind/2.13.4.2/jackson-databind-2.13.4.2.jar:/home/runner/.m2/repository/org/apache/hadoop/hadoop-kms/3.3.4/hadoop-kms-3.3.4-tests.jar:/home/runner/.m2/repository/org/apache/ozone/hdds-server-scm/1.3.0-SNAPSHOT/hdds-server-scm-1.3.0-SNAPSHOT-tests.jar:/home/runner/.m2/repository/org/apache/ozone/hdds-container-service/1.3.0-SNAPSHOT/hdds-container-service-1.3.0-SNAPSHOT-tests.jar:/home/runner/.m2/repository/commons-codec/commons-codec/1.11/commons-codec-1.11.jar:/home/runner/.m2/repository/io/netty/netty-codec/4.1.79.Final/netty-codec-4.1.79.Final.jar:/home/runner/.m2/repository/io/netty/netty-handler/4.1.79.Final/netty-handler-4.1.79.Final.jar:/home/runner/.m2/repository/org/apache/ozone/hdds-hadoop-dependency-test/1.3.0-SNAPSHOT/hdds-hadoop-dependency-test-1.3.0-SNAPSHOT.jar:/home/runner/.m2/repository/org/apache/hadoop/hadoop-common/3.3.4/hadoop-common-3.3.4-tests.jar:/home/runner/.m2/repository/org/apache/hadoop/hadoop-hdfs/3.3.4/hadoop-hdfs-3.3.4-tests.jar:/home/runner/.m2/repository/org/assertj/assertj-core/3.12.2/assertj-core-3.12.2.jar:/home/runner/.m2/repository/org/apache/hadoop/hadoop-distcp/3.3.4/hadoop-distcp-3.3.4.jar:/home/runner/.m2/repository/org/apache/hadoop/hadoop-mapreduce-client-jobclient/3.3.4/hadoop-mapreduce-client-jobclient-3.3.4.jar:/home/runner/.m2/repository/org/apache/hadoop/hadoop-mapreduce-client-common/3.3.4/hadoop-mapreduce-client-common-3.3.4.jar:/home/runner/.m2/repository/org/apache/hadoop/hadoop-yarn-common/3.3.4/hadoop-yarn-common-3.3.4.jar:/home/runner/.m2/repository/org/apache/hadoop/hadoop-yarn-api/3.3.4/hadoop-yarn-api-3.3.4.jar:/home/runner/.m2/repository/com/sun/jersey/contribs/jersey-guice/1.19/jersey-guice-1.19.jar:/home/runner/.m2/repository/com/fasterxml/jackson/jaxrs/jackson-jaxrs-json-provider/2.13.4/jackson-jaxrs-json-provider-2.13.4.jar:/home/runner/.m2/repository/com/fasterxml/jackson/jaxrs/jackson-jaxrs-base/2.13.4/jackson-jaxrs-base-2.13.4.jar:/home/runner/.m2/repository/org/apache/hadoop/hadoop-yarn-client/3.3.4/hadoop-yarn-client-3.3.4.jar:/home/runner/.m2/repository/org/eclipse/jetty/websocket/websocket-client/9.4.43.v20210629/websocket-client-9.4.43.v20210629.jar:/home/runner/.m2/repository/org/eclipse/jetty/websocket/websocket-common/9.4.43.v20210629/websocket-common-9.4.43.v20210629.jar:/home/runner/.m2/repository/org/eclipse/jetty/websocket/websocket-api/9.4.43.v20210629/websocket-api-9.4.43.v20210629.jar:/home/runner/.m2/repository/org/jline/jline/3.9.0/jline-3.9.0.jar:/home/runner/.m2/repository/org/apache/hadoop/hadoop-mapreduce-client-core/3.3.4/hadoop-mapreduce-client-core-3.3.4.jar:/home/runner/.m2/repository/org/apache/avro/avro/1.7.7/avro-1.7.7.jar:/home/runner/.m2/repository/org/codehaus/jackson/jackson-core-asl/1.9.13/jackson-core-asl-1.9.13.jar:/home/runner/.m2/repository/org/codehaus/jackson/jackson-mapper-asl/1.9.13/jackson-mapper-asl-1.9.13.jar:/home/runner/.m2/repository/com/thoughtworks/paranamer/paranamer/2.3/paranamer-2.3.jar:/home/runner/.m2/repository/org/apache/hadoop/hadoop-annotations/3.3.4/hadoop-annotations-3.3.4.jar:/usr/lib/jvm/temurin-8-jdk-amd64/jre/../lib/tools.jar:/home/runner/.m2/repository/io/netty/netty/3.10.6.Final/netty-3.10.6.Final.jar:/home/runner/.m2/repository/org/apache/hadoop/hadoop-distcp/3.3.4/hadoop-distcp-3.3.4-tests.jar:/home/runner/.m2/repository/org/slf4j/jul-to-slf4j/1.7.36/jul-to-slf4j-1.7.36.jar:/home/runner/.m2/repository/org/apache/ratis/ratis-common/2.4.0/ratis-common-2.4.0.jar:/home/runner/.m2/repository/org/apache/ratis/ratis-thirdparty-misc/1.0.2/ratis-thirdparty-misc-1.0.2.jar:/home/runner/.m2/repository/org/apache/ratis/ratis-proto/2.4.0/ratis-proto-2.4.0.jar:"/>
    <property name="java.vm.vendor" value="Temurin"/>
    <property name="sun.arch.data.model" value="64"/>
    <property name="test.build.dir" value="/home/runner/work/ozone/ozone/hadoop-ozone/integration-test/target/test-dir"/>
    <property name="test.cache.data" value=""/>
    <property name="java.vendor.url" value="https://adoptium.net/"/>
    <property name="user.timezone" value="Etc/UTC"/>
    <property name="java.vm.specification.version" value="1.8"/>
    <property name="os.name" value="Linux"/>
    <property name="test.build.data" value="/home/runner/work/ozone/ozone/hadoop-ozone/integration-test/target/test-dir"/>
    <property name="sun.java.launcher" value="SUN_STANDARD"/>
    <property name="sun.boot.library.path" value="/usr/lib/jvm/temurin-8-jdk-amd64/jre/lib/amd64"/>
    <property name="sun.java.command" value="/home/runner/work/ozone/ozone/hadoop-ozone/integration-test/target/surefire/surefirebooter2687870181092478738.jar /home/runner/work/ozone/ozone/hadoop-ozone/integration-test/target/surefire 2022-10-25T12-04-30_586-jvmRun1 surefire7853593839336279497tmp surefire_127079742002325763567tmp"/>
    <property name="surefire.test.class.path" value="/home/runner/work/ozone/ozone/hadoop-ozone/integration-test/target/test-classes:/home/runner/work/ozone/ozone/hadoop-ozone/integration-test/target/classes:/home/runner/.m2/repository/org/apache/ozone/ozone-common/1.3.0-SNAPSHOT/ozone-common-1.3.0-SNAPSHOT.jar:/home/runner/.m2/repository/io/grpc/grpc-netty/1.48.1/grpc-netty-1.48.1.jar:/home/runner/.m2/repository/io/grpc/grpc-core/1.48.1/grpc-core-1.48.1.jar:/home/runner/.m2/repository/com/google/android/annotations/4.1.1.4/annotations-4.1.1.4.jar:/home/runner/.m2/repository/org/codehaus/mojo/animal-sniffer-annotations/1.21/animal-sniffer-annotations-1.21.jar:/home/runner/.m2/repository/com/google/errorprone/error_prone_annotations/2.2.0/error_prone_annotations-2.2.0.jar:/home/runner/.m2/repository/io/perfmark/perfmark-api/0.25.0/perfmark-api-0.25.0.jar:/home/runner/.m2/repository/io/netty/netty-codec-http2/4.1.79.Final/netty-codec-http2-4.1.79.Final.jar:/home/runner/.m2/repository/io/netty/netty-common/4.1.79.Final/netty-common-4.1.79.Final.jar:/home/runner/.m2/repository/io/netty/netty-buffer/4.1.79.Final/netty-buffer-4.1.79.Final.jar:/home/runner/.m2/repository/io/netty/netty-codec-http/4.1.79.Final/netty-codec-http-4.1.79.Final.jar:/home/runner/.m2/repository/io/netty/netty-handler-proxy/4.1.79.Final/netty-handler-proxy-4.1.79.Final.jar:/home/runner/.m2/repository/io/netty/netty-codec-socks/4.1.79.Final/netty-codec-socks-4.1.79.Final.jar:/home/runner/.m2/repository/io/netty/netty-tcnative-boringssl-static/2.0.53.Final/netty-tcnative-boringssl-static-2.0.53.Final.jar:/home/runner/.m2/repository/io/netty/netty-tcnative-classes/2.0.53.Final/netty-tcnative-classes-2.0.53.Final.jar:/home/runner/.m2/repository/io/netty/netty-tcnative-boringssl-static/2.0.53.Final/netty-tcnative-boringssl-static-2.0.53.Final-linux-x86_64.jar:/home/runner/.m2/repository/io/netty/netty-tcnative-boringssl-static/2.0.53.Final/netty-tcnative-boringssl-static-2.0.53.Final-linux-aarch_64.jar:/home/runner/.m2/repository/io/netty/netty-tcnative-boringssl-static/2.0.53.Final/netty-tcnative-boringssl-static-2.0.53.Final-osx-x86_64.jar:/home/runner/.m2/repository/io/netty/netty-tcnative-boringssl-static/2.0.53.Final/netty-tcnative-boringssl-static-2.0.53.Final-osx-aarch_64.jar:/home/runner/.m2/repository/io/netty/netty-tcnative-boringssl-static/2.0.53.Final/netty-tcnative-boringssl-static-2.0.53.Final-windows-x86_64.jar:/home/runner/.m2/repository/org/apache/commons/commons-compress/1.21/commons-compress-1.21.jar:/home/runner/.m2/repository/org/apache/ozone/hdds-common/1.3.0-SNAPSHOT/hdds-common-1.3.0-SNAPSHOT.jar:/home/runner/.m2/repository/org/apache/ozone/hdds-client/1.3.0-SNAPSHOT/hdds-client-1.3.0-SNAPSHOT.jar:/home/runner/.m2/repository/org/apache/ozone/ozone-interface-client/1.3.0-SNAPSHOT/ozone-interface-client-1.3.0-SNAPSHOT.jar:/home/runner/.m2/repository/org/apache/ozone/hdds-test-utils/1.3.0-SNAPSHOT/hdds-test-utils-1.3.0-SNAPSHOT.jar:/home/runner/.m2/repository/com/google/guava/guava/31.1-jre/guava-31.1-jre.jar:/home/runner/.m2/repository/com/google/guava/failureaccess/1.0.1/failureaccess-1.0.1.jar:/home/runner/.m2/repository/com/google/guava/listenablefuture/9999.0-empty-to-avoid-conflict-with-guava/listenablefuture-9999.0-empty-to-avoid-conflict-with-guava.jar:/home/runner/.m2/repository/com/google/code/findbugs/jsr305/3.0.0/jsr305-3.0.0.jar:/home/runner/.m2/repository/org/checkerframework/checker-qual/3.12.0/checker-qual-3.12.0.jar:/home/runner/.m2/repository/com/google/j2objc/j2objc-annotations/1.3/j2objc-annotations-1.3.jar:/home/runner/.m2/repository/commons-io/commons-io/2.11.0/commons-io-2.11.0.jar:/home/runner/.m2/repository/commons-logging/commons-logging/1.2/commons-logging-1.2.jar:/home/runner/.m2/repository/ch/qos/reload4j/reload4j/1.2.22/reload4j-1.2.22.jar:/home/runner/.m2/repository/org/slf4j/slf4j-api/1.7.36/slf4j-api-1.7.36.jar:/home/runner/.m2/repository/org/apache/ozone/hdds-server-scm/1.3.0-SNAPSHOT/hdds-server-scm-1.3.0-SNAPSHOT.jar:/home/runner/.m2/repository/org/apache/ozone/hdds-container-service/1.3.0-SNAPSHOT/hdds-container-service-1.3.0-SNAPSHOT.jar:/home/runner/.m2/repository/org/apache/ozone/hdds-hadoop-dependency-server/1.3.0-SNAPSHOT/hdds-hadoop-dependency-server-1.3.0-SNAPSHOT.jar:/home/runner/.m2/repository/org/apache/hadoop/hadoop-hdfs/3.3.4/hadoop-hdfs-3.3.4.jar:/home/runner/.m2/repository/org/eclipse/jetty/jetty-util-ajax/9.4.43.v20210629/jetty-util-ajax-9.4.43.v20210629.jar:/home/runner/.m2/repository/commons-daemon/commons-daemon/1.0.13/commons-daemon-1.0.13.jar:/home/runner/.m2/repository/org/apache/ozone/hdds-server-framework/1.3.0-SNAPSHOT/hdds-server-framework-1.3.0-SNAPSHOT.jar:/home/runner/.m2/repository/org/apache/ozone/hdds-interface-server/1.3.0-SNAPSHOT/hdds-interface-server-1.3.0-SNAPSHOT.jar:/home/runner/.m2/repository/org/apache/commons/commons-configuration2/2.1.1/commons-configuration2-2.1.1.jar:/home/runner/.m2/repository/org/apache/logging/log4j/log4j-core/2.17.1/log4j-core-2.17.1.jar:/home/runner/.m2/repository/com/lmax/disruptor/3.4.2/disruptor-3.4.2.jar:/home/runner/.m2/repository/org/eclipse/jetty/jetty-servlet/9.4.43.v20210629/jetty-servlet-9.4.43.v20210629.jar:/home/runner/.m2/repository/org/eclipse/jetty/jetty-security/9.4.43.v20210629/jetty-security-9.4.43.v20210629.jar:/home/runner/.m2/repository/org/rocksdb/rocksdbjni/7.4.5/rocksdbjni-7.4.5.jar:/home/runner/.m2/repository/io/prometheus/simpleclient_dropwizard/0.7.0/simpleclient_dropwizard-0.7.0.jar:/home/runner/.m2/repository/io/prometheus/simpleclient/0.7.0/simpleclient-0.7.0.jar:/home/runner/.m2/repository/io/prometheus/simpleclient_common/0.7.0/simpleclient_common-0.7.0.jar:/home/runner/.m2/repository/io/dropwizard/metrics/metrics-core/3.2.4/metrics-core-3.2.4.jar:/home/runner/.m2/repository/org/apache/commons/commons-text/1.4/commons-text-1.4.jar:/home/runner/.m2/repository/org/apache/hadoop/hadoop-hdfs-client/3.3.4/hadoop-hdfs-client-3.3.4.jar:/home/runner/.m2/repository/com/squareup/okhttp3/okhttp/4.9.3/okhttp-4.9.3.jar:/home/runner/.m2/repository/com/squareup/okio/okio/2.8.0/okio-2.8.0.jar:/home/runner/.m2/repository/org/jetbrains/kotlin/kotlin-stdlib-common/1.4.10/kotlin-stdlib-common-1.4.10.jar:/home/runner/.m2/repository/org/bouncycastle/bcprov-jdk15on/1.67/bcprov-jdk15on-1.67.jar:/home/runner/.m2/repository/com/google/protobuf/protobuf-java/2.5.0/protobuf-java-2.5.0.jar:/home/runner/.m2/repository/org/apache/ozone/ozone-manager/1.3.0-SNAPSHOT/ozone-manager-1.3.0-SNAPSHOT.jar:/home/runner/.m2/repository/org/aspectj/aspectjrt/1.9.7/aspectjrt-1.9.7.jar:/home/runner/.m2/repository/org/aspectj/aspectjweaver/1.9.7/aspectjweaver-1.9.7.jar:/home/runner/.m2/repository/org/apache/ozone/hdds-interface-client/1.3.0-SNAPSHOT/hdds-interface-client-1.3.0-SNAPSHOT.jar:/home/runner/.m2/repository/org/apache/hadoop/thirdparty/hadoop-shaded-protobuf_3_7/1.1.1/hadoop-shaded-protobuf_3_7-1.1.1.jar:/home/runner/.m2/repository/org/apache/ozone/ozone-interface-storage/1.3.0-SNAPSHOT/ozone-interface-storage-1.3.0-SNAPSHOT.jar:/home/runner/.m2/repository/org/reflections/reflections/0.9.11/reflections-0.9.11.jar:/home/runner/.m2/repository/com/sun/jersey/jersey-client/1.19/jersey-client-1.19.jar:/home/runner/.m2/repository/org/apache/ranger/ranger-intg/2.3.0/ranger-intg-2.3.0.jar:/home/runner/.m2/repository/org/apache/ranger/ranger-plugins-common/2.3.0/ranger-plugins-common-2.3.0.jar:/home/runner/.m2/repository/commons-lang/commons-lang/2.6/commons-lang-2.6.jar:/home/runner/.m2/repository/org/codehaus/jackson/jackson-jaxrs/1.9.13/jackson-jaxrs-1.9.13.jar:/home/runner/.m2/repository/org/apache/ranger/ranger-plugins-cred/2.3.0/ranger-plugins-cred-2.3.0.jar:/home/runner/.m2/repository/org/apache/ranger/ranger-plugins-audit/2.3.0/ranger-plugins-audit-2.3.0.jar:/home/runner/.m2/repository/org/eclipse/jetty/jetty-client/9.4.31.v20200723/jetty-client-9.4.31.v20200723.jar:/home/runner/.m2/repository/org/apache/httpcomponents/httpmime/4.5.6/httpmime-4.5.6.jar:/home/runner/.m2/repository/org/apache/httpcomponents/httpcore-nio/4.4.6/httpcore-nio-4.4.6.jar:/home/runner/.m2/repository/org/apache/httpcomponents/httpasyncclient/4.1.3/httpasyncclient-4.1.3.jar:/home/runner/.m2/repository/com/carrotsearch/hppc/0.8.0/hppc-0.8.0.jar:/home/runner/.m2/repository/org/apache/orc/orc-core/1.5.8/orc-core-1.5.8.jar:/home/runner/.m2/repository/net/java/dev/jna/jna/5.2.0/jna-5.2.0.jar:/home/runner/.m2/repository/net/java/dev/jna/jna-platform/5.2.0/jna-platform-5.2.0.jar:/home/runner/.m2/repository/com/kstruct/gethostname4j/0.0.2/gethostname4j-0.0.2.jar:/home/runner/.m2/repository/org/apache/ranger/ranger-plugin-classloader/2.3.0/ranger-plugin-classloader-2.3.0.jar:/home/runner/.m2/repository/org/apache/hadoop/hadoop-minikdc/3.3.4/hadoop-minikdc-3.3.4.jar:/home/runner/.m2/repository/org/apache/kerby/kerb-simplekdc/1.0.1/kerb-simplekdc-1.0.1.jar:/home/runner/.m2/repository/org/apache/kerby/kerb-client/1.0.1/kerb-client-1.0.1.jar:/home/runner/.m2/repository/org/apache/kerby/kerby-config/1.0.1/kerby-config-1.0.1.jar:/home/runner/.m2/repository/org/apache/kerby/kerb-common/1.0.1/kerb-common-1.0.1.jar:/home/runner/.m2/repository/org/apache/kerby/kerb-crypto/1.0.1/kerb-crypto-1.0.1.jar:/home/runner/.m2/repository/org/apache/kerby/kerb-util/1.0.1/kerb-util-1.0.1.jar:/home/runner/.m2/repository/org/apache/kerby/token-provider/1.0.1/token-provider-1.0.1.jar:/home/runner/.m2/repository/org/apache/kerby/kerb-admin/1.0.1/kerb-admin-1.0.1.jar:/home/runner/.m2/repository/org/apache/kerby/kerb-server/1.0.1/kerb-server-1.0.1.jar:/home/runner/.m2/repository/org/apache/kerby/kerb-identity/1.0.1/kerb-identity-1.0.1.jar:/home/runner/.m2/repository/org/apache/kerby/kerby-xdr/1.0.1/kerby-xdr-1.0.1.jar:/home/runner/.m2/repository/org/apache/ozone/ozone-s3gateway/1.3.0-SNAPSHOT/ozone-s3gateway-1.3.0-SNAPSHOT.jar:/home/runner/.m2/repository/org/javassist/javassist/3.21.0-GA/javassist-3.21.0-GA.jar:/home/runner/.m2/repository/org/jboss/weld/servlet/weld-servlet/2.4.7.Final/weld-servlet-2.4.7.Final.jar:/home/runner/.m2/repository/org/glassfish/jersey/containers/jersey-container-servlet-core/2.34/jersey-container-servlet-core-2.34.jar:/home/runner/.m2/repository/org/glassfish/hk2/external/jakarta.inject/2.6.1/jakarta.inject-2.6.1.jar:/home/runner/.m2/repository/org/glassfish/jersey/core/jersey-common/2.34/jersey-common-2.34.jar:/home/runner/.m2/repository/jakarta/ws/rs/jakarta.ws.rs-api/2.1.6/jakarta.ws.rs-api-2.1.6.jar:/home/runner/.m2/repository/org/glassfish/jersey/ext/cdi/jersey-cdi1x/2.34/jersey-cdi1x-2.34.jar:/home/runner/.m2/repository/org/glassfish/jersey/inject/jersey-hk2/2.34/jersey-hk2-2.34.jar:/home/runner/.m2/repository/org/glassfish/hk2/hk2-locator/2.6.1/hk2-locator-2.6.1.jar:/home/runner/.m2/repository/org/glassfish/jersey/media/jersey-media-jaxb/2.34/jersey-media-jaxb-2.34.jar:/home/runner/.m2/repository/org/glassfish/hk2/osgi-resource-locator/1.0.3/osgi-resource-locator-1.0.3.jar:/home/runner/.m2/repository/org/glassfish/hk2/hk2-api/2.5.0/hk2-api-2.5.0.jar:/home/runner/.m2/repository/org/glassfish/hk2/hk2-utils/2.5.0/hk2-utils-2.5.0.jar:/home/runner/.m2/repository/org/glassfish/hk2/external/aopalliance-repackaged/2.5.0/aopalliance-repackaged-2.5.0.jar:/home/runner/.m2/repository/com/fasterxml/jackson/dataformat/jackson-dataformat-xml/2.13.4/jackson-dataformat-xml-2.13.4.jar:/home/runner/.m2/repository/com/fasterxml/jackson/core/jackson-core/2.13.4/jackson-core-2.13.4.jar:/home/runner/.m2/repository/org/codehaus/woodstox/stax2-api/3.1.4/stax2-api-3.1.4.jar:/home/runner/.m2/repository/com/fasterxml/woodstox/woodstox-core/5.0.3/woodstox-core-5.0.3.jar:/home/runner/.m2/repository/com/fasterxml/jackson/module/jackson-module-jaxb-annotations/2.13.4/jackson-module-jaxb-annotations-2.13.4.jar:/home/runner/.m2/repository/jakarta/xml/bind/jakarta.xml.bind-api/2.3.3/jakarta.xml.bind-api-2.3.3.jar:/home/runner/.m2/repository/jakarta/activation/jakarta.activation-api/1.2.1/jakarta.activation-api-1.2.1.jar:/home/runner/.m2/repository/javax/enterprise/cdi-api/1.2/cdi-api-1.2.jar:/home/runner/.m2/repository/javax/el/javax.el-api/3.0.0/javax.el-api-3.0.0.jar:/home/runner/.m2/repository/javax/interceptor/javax.interceptor-api/1.2/javax.interceptor-api-1.2.jar:/home/runner/.m2/repository/javax/inject/javax.inject/1/javax.inject-1.jar:/home/runner/.m2/repository/javax/xml/bind/jaxb-api/2.3.0/jaxb-api-2.3.0.jar:/home/runner/.m2/repository/org/glassfish/jaxb/jaxb-runtime/2.3.0.1/jaxb-runtime-2.3.0.1.jar:/home/runner/.m2/repository/org/glassfish/jaxb/jaxb-core/2.3.0.1/jaxb-core-2.3.0.1.jar:/home/runner/.m2/repository/org/glassfish/jaxb/txw2/2.3.0.1/txw2-2.3.0.1.jar:/home/runner/.m2/repository/com/sun/istack/istack-commons-runtime/3.0.5/istack-commons-runtime-3.0.5.jar:/home/runner/.m2/repository/org/jvnet/staxex/stax-ex/1.7.8/stax-ex-1.7.8.jar:/home/runner/.m2/repository/com/sun/xml/fastinfoset/FastInfoset/1.2.13/FastInfoset-1.2.13.jar:/home/runner/.m2/repository/javax/activation/activation/1.1.1/activation-1.1.1.jar:/home/runner/.m2/repository/io/grpc/grpc-protobuf/1.48.1/grpc-protobuf-1.48.1.jar:/home/runner/.m2/repository/io/grpc/grpc-api/1.48.1/grpc-api-1.48.1.jar:/home/runner/.m2/repository/io/grpc/grpc-context/1.48.1/grpc-context-1.48.1.jar:/home/runner/.m2/repository/com/google/api/grpc/proto-google-common-protos/2.9.0/proto-google-common-protos-2.9.0.jar:/home/runner/.m2/repository/io/grpc/grpc-protobuf-lite/1.48.1/grpc-protobuf-lite-1.48.1.jar:/home/runner/.m2/repository/io/grpc/grpc-stub/1.48.1/grpc-stub-1.48.1.jar:/home/runner/.m2/repository/io/netty/netty-transport/4.1.79.Final/netty-transport-4.1.79.Final.jar:/home/runner/.m2/repository/io/netty/netty-resolver/4.1.79.Final/netty-resolver-4.1.79.Final.jar:/home/runner/.m2/repository/org/apache/ozone/ozone-csi/1.3.0-SNAPSHOT/ozone-csi-1.3.0-SNAPSHOT.jar:/home/runner/.m2/repository/com/google/protobuf/protobuf-java-util/3.19.2/protobuf-java-util-3.19.2.jar:/home/runner/.m2/repository/com/google/code/gson/gson/2.9.0/gson-2.9.0.jar:/home/runner/.m2/repository/org/apache/ozone/hdds-config/1.3.0-SNAPSHOT/hdds-config-1.3.0-SNAPSHOT.jar:/home/runner/.m2/repository/io/netty/netty-transport-native-epoll/4.1.79.Final/netty-transport-native-epoll-4.1.79.Final-linux-x86_64.jar:/home/runner/.m2/repository/io/netty/netty-transport-classes-epoll/4.1.79.Final/netty-transport-classes-epoll-4.1.79.Final.jar:/home/runner/.m2/repository/io/netty/netty-transport-native-unix-common/4.1.79.Final/netty-transport-native-unix-common-4.1.79.Final.jar:/home/runner/.m2/repository/org/slf4j/slf4j-reload4j/1.7.36/slf4j-reload4j-1.7.36.jar:/home/runner/.m2/repository/org/apache/ozone/ozone-recon/1.3.0-SNAPSHOT/ozone-recon-1.3.0-SNAPSHOT.jar:/home/runner/.m2/repository/org/apache/ozone/ozone-reconcodegen/1.3.0-SNAPSHOT/ozone-reconcodegen-1.3.0-SNAPSHOT.jar:/home/runner/.m2/repository/com/google/inject/extensions/guice-multibindings/4.0/guice-multibindings-4.0.jar:/home/runner/.m2/repository/com/google/inject/guice/4.0/guice-4.0.jar:/home/runner/.m2/repository/aopalliance/aopalliance/1.0/aopalliance-1.0.jar:/home/runner/.m2/repository/com/google/inject/extensions/guice-assistedinject/4.0/guice-assistedinject-4.0.jar:/home/runner/.m2/repository/com/google/inject/extensions/guice-servlet/4.0/guice-servlet-4.0.jar:/home/runner/.m2/repository/org/glassfish/jersey/containers/jersey-container-servlet/2.34/jersey-container-servlet-2.34.jar:/home/runner/.m2/repository/org/glassfish/hk2/guice-bridge/2.5.0/guice-bridge-2.5.0.jar:/home/runner/.m2/repository/org/glassfish/jersey/core/jersey-server/2.34/jersey-server-2.34.jar:/home/runner/.m2/repository/org/glassfish/jersey/core/jersey-client/2.34/jersey-client-2.34.jar:/home/runner/.m2/repository/jakarta/annotation/jakarta.annotation-api/1.3.5/jakarta.annotation-api-1.3.5.jar:/home/runner/.m2/repository/jakarta/validation/jakarta.validation-api/2.0.2/jakarta.validation-api-2.0.2.jar:/home/runner/.m2/repository/org/glassfish/jersey/media/jersey-media-json-jackson/2.34/jersey-media-json-jackson-2.34.jar:/home/runner/.m2/repository/org/glassfish/jersey/ext/jersey-entity-filtering/2.34/jersey-entity-filtering-2.34.jar:/home/runner/.m2/repository/org/jooq/jooq/3.11.10/jooq-3.11.10.jar:/home/runner/.m2/repository/org/jooq/jooq-meta/3.11.10/jooq-meta-3.11.10.jar:/home/runner/.m2/repository/org/jooq/jooq-codegen/3.11.10/jooq-codegen-3.11.10.jar:/home/runner/.m2/repository/com/jolbox/bonecp/0.8.0.RELEASE/bonecp-0.8.0.RELEASE.jar:/home/runner/.m2/repository/org/apache/derby/derby/10.14.2.0/derby-10.14.2.0.jar:/home/runner/.m2/repository/org/xerial/sqlite-jdbc/3.25.2/sqlite-jdbc-3.25.2.jar:/home/runner/.m2/repository/org/springframework/spring-jdbc/5.2.20.RELEASE/spring-jdbc-5.2.20.RELEASE.jar:/home/runner/.m2/repository/org/springframework/spring-beans/5.2.20.RELEASE/spring-beans-5.2.20.RELEASE.jar:/home/runner/.m2/repository/org/springframework/spring-core/5.2.20.RELEASE/spring-core-5.2.20.RELEASE.jar:/home/runner/.m2/repository/org/springframework/spring-jcl/5.2.20.RELEASE/spring-jcl-5.2.20.RELEASE.jar:/home/runner/.m2/repository/org/springframework/spring-tx/5.2.20.RELEASE/spring-tx-5.2.20.RELEASE.jar:/home/runner/.m2/repository/org/apache/ozone/ozone-client/1.3.0-SNAPSHOT/ozone-client-1.3.0-SNAPSHOT.jar:/home/runner/.m2/repository/org/apache/ozone/hdds-erasurecode/1.3.0-SNAPSHOT/hdds-erasurecode-1.3.0-SNAPSHOT.jar:/home/runner/.m2/repository/com/github/spotbugs/spotbugs-annotations/3.1.12/spotbugs-annotations-3.1.12.jar:/home/runner/.m2/repository/org/apache/ozone/ozone-filesystem/1.3.0-SNAPSHOT/ozone-filesystem-1.3.0-SNAPSHOT.jar:/home/runner/.m2/repository/org/apache/ozone/ozone-filesystem-common/1.3.0-SNAPSHOT/ozone-filesystem-common-1.3.0-SNAPSHOT.jar:/home/runner/.m2/repository/org/apache/ozone/ozone-tools/1.3.0-SNAPSHOT/ozone-tools-1.3.0-SNAPSHOT.jar:/home/runner/.m2/repository/org/apache/ratis/ratis-tools/2.4.0/ratis-tools-2.4.0.jar:/home/runner/.m2/repository/com/amazonaws/aws-java-sdk-core/1.12.261/aws-java-sdk-core-1.12.261.jar:/home/runner/.m2/repository/org/apache/httpcomponents/httpclient/4.5.13/httpclient-4.5.13.jar:/home/runner/.m2/repository/org/apache/httpcomponents/httpcore/4.4.13/httpcore-4.4.13.jar:/home/runner/.m2/repository/software/amazon/ion/ion-java/1.0.2/ion-java-1.0.2.jar:/home/runner/.m2/repository/com/fasterxml/jackson/dataformat/jackson-dataformat-cbor/2.13.4/jackson-dataformat-cbor-2.13.4.jar:/home/runner/.m2/repository/joda-time/joda-time/2.8.1/joda-time-2.8.1.jar:/home/runner/.m2/repository/com/amazonaws/aws-java-sdk-s3/1.12.261/aws-java-sdk-s3-1.12.261.jar:/home/runner/.m2/repository/com/amazonaws/aws-java-sdk-kms/1.12.261/aws-java-sdk-kms-1.12.261.jar:/home/runner/.m2/repository/com/amazonaws/jmespath-java/1.12.261/jmespath-java-1.12.261.jar:/home/runner/.m2/repository/org/kohsuke/metainf-services/metainf-services/1.8/metainf-services-1.8.jar:/home/runner/.m2/repository/org/apache/ozone/hdds-tools/1.3.0-SNAPSHOT/hdds-tools-1.3.0-SNAPSHOT.jar:/home/runner/.m2/repository/commons-cli/commons-cli/1.2/commons-cli-1.2.jar:/home/runner/.m2/repository/org/apache/commons/commons-lang3/3.7/commons-lang3-3.7.jar:/home/runner/.m2/repository/org/apache/ozone/ozone-manager/1.3.0-SNAPSHOT/ozone-manager-1.3.0-SNAPSHOT-tests.jar:/home/runner/.m2/repository/org/apache/ozone/hdds-common/1.3.0-SNAPSHOT/hdds-common-1.3.0-SNAPSHOT-tests.jar:/home/runner/.m2/repository/org/apache/ozone/hdds-hadoop-dependency-client/1.3.0-SNAPSHOT/hdds-hadoop-dependency-client-1.3.0-SNAPSHOT.jar:/home/runner/.m2/repository/info/picocli/picocli/4.6.1/picocli-4.6.1.jar:/home/runner/.m2/repository/com/fasterxml/jackson/core/jackson-annotations/2.13.4/jackson-annotations-2.13.4.jar:/home/runner/.m2/repository/com/fasterxml/jackson/datatype/jackson-datatype-jsr310/2.13.4/jackson-datatype-jsr310-2.13.4.jar:/home/runner/.m2/repository/org/apache/ozone/hdds-annotation-processing/1.3.0-SNAPSHOT/hdds-annotation-processing-1.3.0-SNAPSHOT.jar:/home/runner/.m2/repository/javax/annotation/javax.annotation-api/1.2/javax.annotation-api-1.2.jar:/home/runner/.m2/repository/org/apache/ratis/ratis-server/2.4.0/ratis-server-2.4.0.jar:/home/runner/.m2/repository/org/apache/ratis/ratis-client/2.4.0/ratis-client-2.4.0.jar:/home/runner/.m2/repository/org/apache/ratis/ratis-server-api/2.4.0/ratis-server-api-2.4.0.jar:/home/runner/.m2/repository/org/apache/ratis/ratis-metrics/2.4.0/ratis-metrics-2.4.0.jar:/home/runner/.m2/repository/org/apache/ratis/ratis-netty/2.4.0/ratis-netty-2.4.0.jar:/home/runner/.m2/repository/org/apache/ratis/ratis-grpc/2.4.0/ratis-grpc-2.4.0.jar:/home/runner/.m2/repository/org/apache/logging/log4j/log4j-api/2.17.1/log4j-api-2.17.1.jar:/home/runner/.m2/repository/org/apache/commons/commons-pool2/2.6.0/commons-pool2-2.6.0.jar:/home/runner/.m2/repository/org/bouncycastle/bcpkix-jdk15on/1.67/bcpkix-jdk15on-1.67.jar:/home/runner/.m2/repository/commons-validator/commons-validator/1.6/commons-validator-1.6.jar:/home/runner/.m2/repository/commons-beanutils/commons-beanutils/1.9.4/commons-beanutils-1.9.4.jar:/home/runner/.m2/repository/commons-digester/commons-digester/1.8.1/commons-digester-1.8.1.jar:/home/runner/.m2/repository/commons-collections/commons-collections/3.2.2/commons-collections-3.2.2.jar:/home/runner/.m2/repository/io/jaegertracing/jaeger-client/1.6.0/jaeger-client-1.6.0.jar:/home/runner/.m2/repository/io/jaegertracing/jaeger-thrift/1.6.0/jaeger-thrift-1.6.0.jar:/home/runner/.m2/repository/org/apache/thrift/libthrift/0.14.1/libthrift-0.14.1.jar:/home/runner/.m2/repository/io/jaegertracing/jaeger-core/1.6.0/jaeger-core-1.6.0.jar:/home/runner/.m2/repository/io/jaegertracing/jaeger-tracerresolver/1.6.0/jaeger-tracerresolver-1.6.0.jar:/home/runner/.m2/repository/io/opentracing/contrib/opentracing-tracerresolver/0.1.8/opentracing-tracerresolver-0.1.8.jar:/home/runner/.m2/repository/org/jetbrains/kotlin/kotlin-stdlib/1.6.21/kotlin-stdlib-1.6.21.jar:/home/runner/.m2/repository/org/jetbrains/annotations/13.0/annotations-13.0.jar:/home/runner/.m2/repository/io/opentracing/opentracing-util/0.33.0/opentracing-util-0.33.0.jar:/home/runner/.m2/repository/io/opentracing/opentracing-api/0.33.0/opentracing-api-0.33.0.jar:/home/runner/.m2/repository/io/opentracing/opentracing-noop/0.33.0/opentracing-noop-0.33.0.jar:/home/runner/.m2/repository/org/yaml/snakeyaml/1.32/snakeyaml-1.32.jar:/home/runner/.m2/repository/org/apache/ozone/hdds-interface-admin/1.3.0-SNAPSHOT/hdds-interface-admin-1.3.0-SNAPSHOT.jar:/home/runner/.m2/repository/junit/junit/4.13.1/junit-4.13.1.jar:/home/runner/.m2/repository/org/hamcrest/hamcrest-core/1.3/hamcrest-core-1.3.jar:/home/runner/.m2/repository/org/junit/jupiter/junit-jupiter-api/5.8.2/junit-jupiter-api-5.8.2.jar:/home/runner/.m2/repository/org/opentest4j/opentest4j/1.2.0/opentest4j-1.2.0.jar:/home/runner/.m2/repository/org/junit/platform/junit-platform-commons/1.8.2/junit-platform-commons-1.8.2.jar:/home/runner/.m2/repository/org/apiguardian/apiguardian-api/1.1.2/apiguardian-api-1.1.2.jar:/home/runner/.m2/repository/org/junit/jupiter/junit-jupiter-params/5.8.2/junit-jupiter-params-5.8.2.jar:/home/runner/.m2/repository/org/junit/jupiter/junit-jupiter-migrationsupport/5.8.2/junit-jupiter-migrationsupport-5.8.2.jar:/home/runner/.m2/repository/org/junit/jupiter/junit-jupiter-engine/5.8.2/junit-jupiter-engine-5.8.2.jar:/home/runner/.m2/repository/org/junit/platform/junit-platform-engine/1.8.2/junit-platform-engine-1.8.2.jar:/home/runner/.m2/repository/org/junit/vintage/junit-vintage-engine/5.8.2/junit-vintage-engine-5.8.2.jar:/home/runner/.m2/repository/org/junit/platform/junit-platform-launcher/1.8.2/junit-platform-launcher-1.8.2.jar:/home/runner/.m2/repository/org/mockito/mockito-core/2.28.2/mockito-core-2.28.2.jar:/home/runner/.m2/repository/net/bytebuddy/byte-buddy/1.9.10/byte-buddy-1.9.10.jar:/home/runner/.m2/repository/net/bytebuddy/byte-buddy-agent/1.9.10/byte-buddy-agent-1.9.10.jar:/home/runner/.m2/repository/org/objenesis/objenesis/1.0/objenesis-1.0.jar:/home/runner/.m2/repository/org/apache/hadoop/hadoop-kms/3.3.4/hadoop-kms-3.3.4.jar:/home/runner/.m2/repository/org/apache/hadoop/hadoop-auth/3.3.4/hadoop-auth-3.3.4.jar:/home/runner/.m2/repository/com/nimbusds/nimbus-jose-jwt/7.9/nimbus-jose-jwt-7.9.jar:/home/runner/.m2/repository/com/github/stephenc/jcip/jcip-annotations/1.0-1/jcip-annotations-1.0-1.jar:/home/runner/.m2/repository/net/minidev/json-smart/2.4.7/json-smart-2.4.7.jar:/home/runner/.m2/repository/net/minidev/accessors-smart/2.4.7/accessors-smart-2.4.7.jar:/home/runner/.m2/repository/org/ow2/asm/asm/5.0.4/asm-5.0.4.jar:/home/runner/.m2/repository/org/apache/zookeeper/zookeeper/3.5.6/zookeeper-3.5.6.jar:/home/runner/.m2/repository/org/apache/zookeeper/zookeeper-jute/3.5.6/zookeeper-jute-3.5.6.jar:/home/runner/.m2/repository/org/apache/yetus/audience-annotations/0.5.0/audience-annotations-0.5.0.jar:/home/runner/.m2/repository/org/apache/curator/curator-framework/4.2.0/curator-framework-4.2.0.jar:/home/runner/.m2/repository/org/apache/hadoop/thirdparty/hadoop-shaded-guava/1.1.1/hadoop-shaded-guava-1.1.1.jar:/home/runner/.m2/repository/com/sun/jersey/jersey-core/1.19/jersey-core-1.19.jar:/home/runner/.m2/repository/javax/ws/rs/jsr311-api/1.1.1/jsr311-api-1.1.1.jar:/home/runner/.m2/repository/com/sun/jersey/jersey-server/1.19/jersey-server-1.19.jar:/home/runner/.m2/repository/javax/servlet/javax.servlet-api/3.1.0/javax.servlet-api-3.1.0.jar:/home/runner/.m2/repository/org/eclipse/jetty/jetty-server/9.4.43.v20210629/jetty-server-9.4.43.v20210629.jar:/home/runner/.m2/repository/org/eclipse/jetty/jetty-http/9.4.43.v20210629/jetty-http-9.4.43.v20210629.jar:/home/runner/.m2/repository/org/eclipse/jetty/jetty-io/9.4.43.v20210629/jetty-io-9.4.43.v20210629.jar:/home/runner/.m2/repository/org/eclipse/jetty/jetty-webapp/9.4.43.v20210629/jetty-webapp-9.4.43.v20210629.jar:/home/runner/.m2/repository/org/eclipse/jetty/jetty-xml/9.4.43.v20210629/jetty-xml-9.4.43.v20210629.jar:/home/runner/.m2/repository/org/apache/hadoop/hadoop-common/3.3.4/hadoop-common-3.3.4.jar:/home/runner/.m2/repository/org/apache/commons/commons-math3/3.1.1/commons-math3-3.1.1.jar:/home/runner/.m2/repository/commons-net/commons-net/3.6/commons-net-3.6.jar:/home/runner/.m2/repository/com/sun/jersey/jersey-servlet/1.19/jersey-servlet-1.19.jar:/home/runner/.m2/repository/com/sun/jersey/jersey-json/1.19/jersey-json-1.19.jar:/home/runner/.m2/repository/org/codehaus/jettison/jettison/1.1/jettison-1.1.jar:/home/runner/.m2/repository/com/sun/xml/bind/jaxb-impl/2.2.3-1/jaxb-impl-2.2.3-1.jar:/home/runner/.m2/repository/org/codehaus/jackson/jackson-xc/1.9.2/jackson-xc-1.9.2.jar:/home/runner/.m2/repository/com/google/re2j/re2j/1.1/re2j-1.1.jar:/home/runner/.m2/repository/com/jcraft/jsch/0.1.54/jsch-0.1.54.jar:/home/runner/.m2/repository/org/apache/curator/curator-client/4.2.0/curator-client-4.2.0.jar:/home/runner/.m2/repository/org/apache/curator/curator-recipes/4.2.0/curator-recipes-4.2.0.jar:/home/runner/.m2/repository/org/apache/kerby/kerb-core/1.0.1/kerb-core-1.0.1.jar:/home/runner/.m2/repository/org/apache/kerby/kerby-pkix/1.0.1/kerby-pkix-1.0.1.jar:/home/runner/.m2/repository/org/apache/kerby/kerby-asn1/1.0.1/kerby-asn1-1.0.1.jar:/home/runner/.m2/repository/org/apache/kerby/kerby-util/1.0.1/kerby-util-1.0.1.jar:/home/runner/.m2/repository/dnsjava/dnsjava/2.1.7/dnsjava-2.1.7.jar:/home/runner/.m2/repository/org/xerial/snappy/snappy-java/1.1.8.2/snappy-java-1.1.8.2.jar:/home/runner/.m2/repository/org/eclipse/jetty/jetty-util/9.4.43.v20210629/jetty-util-9.4.43.v20210629.jar:/home/runner/.m2/repository/com/fasterxml/jackson/core/jackson-databind/2.13.4.2/jackson-databind-2.13.4.2.jar:/home/runner/.m2/repository/org/apache/hadoop/hadoop-kms/3.3.4/hadoop-kms-3.3.4-tests.jar:/home/runner/.m2/repository/org/apache/ozone/hdds-server-scm/1.3.0-SNAPSHOT/hdds-server-scm-1.3.0-SNAPSHOT-tests.jar:/home/runner/.m2/repository/org/apache/ozone/hdds-container-service/1.3.0-SNAPSHOT/hdds-container-service-1.3.0-SNAPSHOT-tests.jar:/home/runner/.m2/repository/commons-codec/commons-codec/1.11/commons-codec-1.11.jar:/home/runner/.m2/repository/io/netty/netty-codec/4.1.79.Final/netty-codec-4.1.79.Final.jar:/home/runner/.m2/repository/io/netty/netty-handler/4.1.79.Final/netty-handler-4.1.79.Final.jar:/home/runner/.m2/repository/org/apache/ozone/hdds-hadoop-dependency-test/1.3.0-SNAPSHOT/hdds-hadoop-dependency-test-1.3.0-SNAPSHOT.jar:/home/runner/.m2/repository/org/apache/hadoop/hadoop-common/3.3.4/hadoop-common-3.3.4-tests.jar:/home/runner/.m2/repository/org/apache/hadoop/hadoop-hdfs/3.3.4/hadoop-hdfs-3.3.4-tests.jar:/home/runner/.m2/repository/org/assertj/assertj-core/3.12.2/assertj-core-3.12.2.jar:/home/runner/.m2/repository/org/apache/hadoop/hadoop-distcp/3.3.4/hadoop-distcp-3.3.4.jar:/home/runner/.m2/repository/org/apache/hadoop/hadoop-mapreduce-client-jobclient/3.3.4/hadoop-mapreduce-client-jobclient-3.3.4.jar:/home/runner/.m2/repository/org/apache/hadoop/hadoop-mapreduce-client-common/3.3.4/hadoop-mapreduce-client-common-3.3.4.jar:/home/runner/.m2/repository/org/apache/hadoop/hadoop-yarn-common/3.3.4/hadoop-yarn-common-3.3.4.jar:/home/runner/.m2/repository/org/apache/hadoop/hadoop-yarn-api/3.3.4/hadoop-yarn-api-3.3.4.jar:/home/runner/.m2/repository/com/sun/jersey/contribs/jersey-guice/1.19/jersey-guice-1.19.jar:/home/runner/.m2/repository/com/fasterxml/jackson/jaxrs/jackson-jaxrs-json-provider/2.13.4/jackson-jaxrs-json-provider-2.13.4.jar:/home/runner/.m2/repository/com/fasterxml/jackson/jaxrs/jackson-jaxrs-base/2.13.4/jackson-jaxrs-base-2.13.4.jar:/home/runner/.m2/repository/org/apache/hadoop/hadoop-yarn-client/3.3.4/hadoop-yarn-client-3.3.4.jar:/home/runner/.m2/repository/org/eclipse/jetty/websocket/websocket-client/9.4.43.v20210629/websocket-client-9.4.43.v20210629.jar:/home/runner/.m2/repository/org/eclipse/jetty/websocket/websocket-common/9.4.43.v20210629/websocket-common-9.4.43.v20210629.jar:/home/runner/.m2/repository/org/eclipse/jetty/websocket/websocket-api/9.4.43.v20210629/websocket-api-9.4.43.v20210629.jar:/home/runner/.m2/repository/org/jline/jline/3.9.0/jline-3.9.0.jar:/home/runner/.m2/repository/org/apache/hadoop/hadoop-mapreduce-client-core/3.3.4/hadoop-mapreduce-client-core-3.3.4.jar:/home/runner/.m2/repository/org/apache/avro/avro/1.7.7/avro-1.7.7.jar:/home/runner/.m2/repository/org/codehaus/jackson/jackson-core-asl/1.9.13/jackson-core-asl-1.9.13.jar:/home/runner/.m2/repository/org/codehaus/jackson/jackson-mapper-asl/1.9.13/jackson-mapper-asl-1.9.13.jar:/home/runner/.m2/repository/com/thoughtworks/paranamer/paranamer/2.3/paranamer-2.3.jar:/home/runner/.m2/repository/org/apache/hadoop/hadoop-annotations/3.3.4/hadoop-annotations-3.3.4.jar:/usr/lib/jvm/temurin-8-jdk-amd64/jre/../lib/tools.jar:/home/runner/.m2/repository/io/netty/netty/3.10.6.Final/netty-3.10.6.Final.jar:/home/runner/.m2/repository/org/apache/hadoop/hadoop-distcp/3.3.4/hadoop-distcp-3.3.4-tests.jar:/home/runner/.m2/repository/org/slf4j/jul-to-slf4j/1.7.36/jul-to-slf4j-1.7.36.jar:/home/runner/.m2/repository/org/apache/ratis/ratis-common/2.4.0/ratis-common-2.4.0.jar:/home/runner/.m2/repository/org/apache/ratis/ratis-thirdparty-misc/1.0.2/ratis-thirdparty-misc-1.0.2.jar:/home/runner/.m2/repository/org/apache/ratis/ratis-proto/2.4.0/ratis-proto-2.4.0.jar:"/>
    <property name="sun.cpu.endian" value="little"/>
    <property name="user.home" value="/home/runner"/>
    <property name="user.language" value="en"/>
    <property name="java.specification.vendor" value="Oracle Corporation"/>
    <property name="java.home" value="/usr/lib/jvm/temurin-8-jdk-amd64/jre"/>
    <property name="java.security.krb5.conf" value="/home/runner/work/ozone/ozone/hadoop-ozone/integration-test/target/test-classes/krb5.conf"/>
    <property name="basedir" value="/home/runner/work/ozone/ozone/hadoop-ozone/integration-test"/>
    <property name="file.separator" value="/"/>
    <property name="line.separator" value="&#10;"/>
    <property name="java.vm.specification.vendor" value="Oracle Corporation"/>
    <property name="java.specification.name" value="Java Platform API Specification"/>
    <property name="java.awt.graphicsenv" value="sun.awt.X11GraphicsEnvironment"/>
    <property name="skip.installnpx" value="true"/>
    <property name="surefire.real.class.path" value="/home/runner/work/ozone/ozone/hadoop-ozone/integration-test/target/surefire/surefirebooter2687870181092478738.jar:/home/runner/.m2/repository/org/jacoco/org.jacoco.agent/0.8.5/org.jacoco.agent-0.8.5-runtime.jar"/>
    <property name="hadoop.log.dir" value="/home/runner/work/ozone/ozone/hadoop-ozone/integration-test/target/log"/>
    <property name="sun.boot.class.path" value="/usr/lib/jvm/temurin-8-jdk-amd64/jre/lib/resources.jar:/usr/lib/jvm/temurin-8-jdk-amd64/jre/lib/rt.jar:/usr/lib/jvm/temurin-8-jdk-amd64/jre/lib/sunrsasign.jar:/usr/lib/jvm/temurin-8-jdk-amd64/jre/lib/jsse.jar:/usr/lib/jvm/temurin-8-jdk-amd64/jre/lib/jce.jar:/usr/lib/jvm/temurin-8-jdk-amd64/jre/lib/charsets.jar:/usr/lib/jvm/temurin-8-jdk-amd64/jre/lib/jfr.jar:/usr/lib/jvm/temurin-8-jdk-amd64/jre/classes"/>
    <property name="sun.management.compiler" value="HotSpot 64-Bit Tiered Compilers"/>
    <property name="skip.npx" value="true"/>
    <property name="java.runtime.version" value="1.8.0_345-b01"/>
    <property name="java.net.preferIPv4Stack" value="true"/>
    <property name="user.name" value="runner"/>
    <property name="path.separator" value=":"/>
    <property name="java.security.egd" value="file:///dev/urandom"/>
    <property name="os.version" value="5.15.0-1022-azure"/>
    <property name="java.endorsed.dirs" value="/usr/lib/jvm/temurin-8-jdk-amd64/jre/lib/endorsed"/>
    <property name="java.runtime.name" value="OpenJDK Runtime Environment"/>
    <property name="file.encoding" value="UTF-8"/>
    <property name="java.vm.name" value="OpenJDK 64-Bit Server VM"/>
    <property name="test.build.webapps" value=""/>
    <property name="localRepository" value="/home/runner/.m2/repository"/>
    <property name="jetty.git.hash" value="526006ecfa3af7f1a27ef3a288e2bef7ea9dd7e8"/>
    <property name="java.vendor.url.bug" value="https://github.com/adoptium/adoptium-support/issues"/>
    <property name="java.io.tmpdir" value="/tmp"/>
    <property name="require.test.libhadoop" value=""/>
    <property name="java.version" value="1.8.0_345"/>
    <property name="user.dir" value="/home/runner/work/ozone/ozone/hadoop-ozone/integration-test"/>
    <property name="os.arch" value="amd64"/>
    <property name="java.vm.specification.name" value="Java Virtual Machine Specification"/>
    <property name="test.build.classes" value="/home/runner/work/ozone/ozone/hadoop-ozone/integration-test/target/test-classes"/>
    <property name="java.awt.printerjob" value="sun.print.PSPrinterJob"/>
    <property name="sun.os.patch.level" value="unknown"/>
    <property name="org.apache.ratis.thirdparty.io.netty.allocator.useCacheForAllThreads" value="false"/>
    <property name="hadoop.tmp.dir" value="/home/runner/work/ozone/ozone/hadoop-ozone/integration-test/target/tmp"/>
    <property name="java.library.path" value="/usr/java/packages/lib/amd64:/usr/lib64:/lib64:/lib:/usr/lib"/>
    <property name="java.vm.info" value="mixed mode"/>
    <property name="java.vendor" value="Temurin"/>
    <property name="java.vm.version" value="25.345-b01"/>
    <property name="java.ext.dirs" value="/usr/lib/jvm/temurin-8-jdk-amd64/jre/lib/ext:/usr/java/packages/lib/ext"/>
    <property name="sun.io.unicode.encoding" value="UnicodeLittle"/>
    <property name="java.class.version" value="52.0"/>
  </properties>
  <testcase name="testContainerRecoveryOverReplicationProcessing" classname="org.apache.hadoop.ozone.container.TestECContainerRecovery" time="106.828">
    <error type="java.util.concurrent.TimeoutException"><![CDATA[java.util.concurrent.TimeoutException: 
Timed out waiting for condition. Thread diagnostics:
Timestamp: 2022-10-25 12:17:17,060

"6ce03c57-5430-4ab1-bf83-fb555d2de968@group-BD4C0CBA6135-SegmentedRaftLogWorker"  prio=5 tid=632 timed_waiting
java.lang.Thread.State: TIMED_WAITING
        at sun.misc.Unsafe.park(Native Method)
        at java.util.concurrent.locks.LockSupport.parkNanos(LockSupport.java:215)
        at java.util.concurrent.locks.AbstractQueuedSynchronizer$ConditionObject.awaitNanos(AbstractQueuedSynchronizer.java:2078)
        at org.apache.ratis.util.DataBlockingQueue.poll(DataBlockingQueue.java:148)
        at org.apache.ratis.server.raftlog.segmented.SegmentedRaftLogWorker.run(SegmentedRaftLogWorker.java:310)
        at org.apache.ratis.server.raftlog.segmented.SegmentedRaftLogWorker$$Lambda$661/302741709.run(Unknown Source)
        at java.lang.Thread.run(Thread.java:750)
"ChunkWriter-2-0" daemon prio=5 tid=481 in Object.wait()
java.lang.Thread.State: WAITING (on object monitor)
        at sun.misc.Unsafe.park(Native Method)
        at java.util.concurrent.locks.LockSupport.park(LockSupport.java:175)
        at java.util.concurrent.locks.AbstractQueuedSynchronizer$ConditionObject.await(AbstractQueuedSynchronizer.java:2039)
        at java.util.concurrent.LinkedBlockingDeque.takeFirst(LinkedBlockingDeque.java:492)
        at java.util.concurrent.LinkedBlockingDeque.take(LinkedBlockingDeque.java:680)
        at java.util.concurrent.ThreadPoolExecutor.getTask(ThreadPoolExecutor.java:1074)
        at java.util.concurrent.ThreadPoolExecutor.runWorker(ThreadPoolExecutor.java:1134)
        at java.util.concurrent.ThreadPoolExecutor$Worker.run(ThreadPoolExecutor.java:624)
        at java.lang.Thread.run(Thread.java:750)
"BlockDeletingService#1" daemon prio=5 tid=487 in Object.wait()
java.lang.Thread.State: WAITING (on object monitor)
        at sun.misc.Unsafe.park(Native Method)
        at java.util.concurrent.locks.LockSupport.park(LockSupport.java:175)
        at java.util.concurrent.locks.AbstractQueuedSynchronizer$ConditionObject.await(AbstractQueuedSynchronizer.java:2039)
        at java.util.concurrent.ScheduledThreadPoolExecutor$DelayedWorkQueue.take(ScheduledThreadPoolExecutor.java:1088)
        at java.util.concurrent.ScheduledThreadPoolExecutor$DelayedWorkQueue.take(ScheduledThreadPoolExecutor.java:809)
        at java.util.concurrent.ThreadPoolExecutor.getTask(ThreadPoolExecutor.java:1074)
        at java.util.concurrent.ThreadPoolExecutor.runWorker(ThreadPoolExecutor.java:1134)
        at java.util.concurrent.ThreadPoolExecutor$Worker.run(ThreadPoolExecutor.java:624)
        at java.lang.Thread.run(Thread.java:750)
"ChunkWriter-0-0" daemon prio=5 tid=479 in Object.wait()
java.lang.Thread.State: WAITING (on object monitor)
        at sun.misc.Unsafe.park(Native Method)
        at java.util.concurrent.locks.LockSupport.park(LockSupport.java:175)
        at java.util.concurrent.locks.AbstractQueuedSynchronizer$ConditionObject.await(AbstractQueuedSynchronizer.java:2039)
        at java.util.concurrent.LinkedBlockingDeque.takeFirst(LinkedBlockingDeque.java:492)
        at java.util.concurrent.LinkedBlockingDeque.take(LinkedBlockingDeque.java:680)
        at java.util.concurrent.ThreadPoolExecutor.getTask(ThreadPoolExecutor.java:1074)
        at java.util.concurrent.ThreadPoolExecutor.runWorker(ThreadPoolExecutor.java:1134)
        at java.util.concurrent.ThreadPoolExecutor$Worker.run(ThreadPoolExecutor.java:624)
        at java.lang.Thread.run(Thread.java:750)
"StaleRecoveringContainerScrubbingService#0" daemon prio=5 tid=530 timed_waiting
java.lang.Thread.State: TIMED_WAITING
        at sun.misc.Unsafe.park(Native Method)
        at java.util.concurrent.locks.LockSupport.parkNanos(LockSupport.java:215)
        at java.util.concurrent.locks.AbstractQueuedSynchronizer$ConditionObject.awaitNanos(AbstractQueuedSynchronizer.java:2078)
        at java.util.concurrent.ScheduledThreadPoolExecutor$DelayedWorkQueue.take(ScheduledThreadPoolExecutor.java:1093)
        at java.util.concurrent.ScheduledThreadPoolExecutor$DelayedWorkQueue.take(ScheduledThreadPoolExecutor.java:809)
        at java.util.concurrent.ThreadPoolExecutor.getTask(ThreadPoolExecutor.java:1074)
        at java.util.concurrent.ThreadPoolExecutor.runWorker(ThreadPoolExecutor.java:1134)
        at java.util.concurrent.ThreadPoolExecutor$Worker.run(ThreadPoolExecutor.java:624)
        at java.lang.Thread.run(Thread.java:750)
"prometheus" daemon prio=5 tid=109 in Object.wait()
java.lang.Thread.State: WAITING (on object monitor)
        at java.lang.Object.wait(Native Method)
        at java.lang.Object.wait(Object.java:502)
        at org.apache.hadoop.metrics2.impl.SinkQueue.waitForData(SinkQueue.java:114)
        at org.apache.hadoop.metrics2.impl.SinkQueue.consumeAll(SinkQueue.java:83)
        at org.apache.hadoop.metrics2.impl.MetricsSinkAdapter.publishMetricsFromQueue(MetricsSinkAdapter.java:135)
        at org.apache.hadoop.metrics2.impl.MetricsSinkAdapter$1.run(MetricsSinkAdapter.java:89)
"EndpointStateMachine task thread for /0.0.0.0:39909 - 0 "  prio=5 tid=497 in Object.wait()
java.lang.Thread.State: WAITING (on object monitor)
        at sun.misc.Unsafe.park(Native Method)
        at java.util.concurrent.locks.LockSupport.park(LockSupport.java:175)
        at java.util.concurrent.locks.AbstractQueuedSynchronizer$ConditionObject.await(AbstractQueuedSynchronizer.java:2039)
        at java.util.concurrent.LinkedBlockingQueue.take(LinkedBlockingQueue.java:442)
        at java.util.concurrent.ThreadPoolExecutor.getTask(ThreadPoolExecutor.java:1074)
        at java.util.concurrent.ThreadPoolExecutor.runWorker(ThreadPoolExecutor.java:1134)
        at java.util.concurrent.ThreadPoolExecutor$Worker.run(ThreadPoolExecutor.java:624)
        at java.lang.Thread.run(Thread.java:750)
"EndpointStateMachine task thread for /0.0.0.0:39909 - 0 "  prio=5 tid=367 in Object.wait()
java.lang.Thread.State: WAITING (on object monitor)
        at sun.misc.Unsafe.park(Native Method)
        at java.util.concurrent.locks.LockSupport.park(LockSupport.java:175)
        at java.util.concurrent.locks.AbstractQueuedSynchronizer$ConditionObject.await(AbstractQueuedSynchronizer.java:2039)
        at java.util.concurrent.LinkedBlockingQueue.take(LinkedBlockingQueue.java:442)
        at java.util.concurrent.ThreadPoolExecutor.getTask(ThreadPoolExecutor.java:1074)
        at java.util.concurrent.ThreadPoolExecutor.runWorker(ThreadPoolExecutor.java:1134)
        at java.util.concurrent.ThreadPoolExecutor$Worker.run(ThreadPoolExecutor.java:624)
        at java.lang.Thread.run(Thread.java:750)
"BlockDeletingService#2" daemon prio=5 tid=928 in Object.wait()
java.lang.Thread.State: WAITING (on object monitor)
        at sun.misc.Unsafe.park(Native Method)
        at java.util.concurrent.locks.LockSupport.park(LockSupport.java:175)
        at java.util.concurrent.locks.AbstractQueuedSynchronizer$ConditionObject.await(AbstractQueuedSynchronizer.java:2039)
        at java.util.concurrent.ScheduledThreadPoolExecutor$DelayedWorkQueue.take(ScheduledThreadPoolExecutor.java:1088)
        at java.util.concurrent.ScheduledThreadPoolExecutor$DelayedWorkQueue.take(ScheduledThreadPoolExecutor.java:809)
        at java.util.concurrent.ThreadPoolExecutor.getTask(ThreadPoolExecutor.java:1074)
        at java.util.concurrent.ThreadPoolExecutor.runWorker(ThreadPoolExecutor.java:1134)
        at java.util.concurrent.ThreadPoolExecutor$Worker.run(ThreadPoolExecutor.java:624)
        at java.lang.Thread.run(Thread.java:750)
"0a1cfcca-7ba7-43aa-b517-08505af7a09b@group-7646482EED7C-StateMachineUpdater" daemon prio=5 tid=668 timed_waiting
java.lang.Thread.State: TIMED_WAITING
        at sun.misc.Unsafe.park(Native Method)
        at java.util.concurrent.locks.LockSupport.parkNanos(LockSupport.java:215)
        at java.util.concurrent.CompletableFuture$Signaller.block(CompletableFuture.java:1709)
        at java.util.concurrent.ForkJoinPool.managedBlock(ForkJoinPool.java:3323)
        at java.util.concurrent.CompletableFuture.timedGet(CompletableFuture.java:1788)
        at java.util.concurrent.CompletableFuture.get(CompletableFuture.java:1928)
        at org.apache.ratis.util.AwaitForSignal.await(AwaitForSignal.java:56)
        at org.apache.ratis.server.impl.StateMachineUpdater.waitForCommit(StateMachineUpdater.java:207)
        at org.apache.ratis.server.impl.StateMachineUpdater.run(StateMachineUpdater.java:176)
        at java.lang.Thread.run(Thread.java:750)
"StaleRecoveringContainerScrubbingService#2" daemon prio=5 tid=916 in Object.wait()
java.lang.Thread.State: WAITING (on object monitor)
        at sun.misc.Unsafe.park(Native Method)
        at java.util.concurrent.locks.LockSupport.park(LockSupport.java:175)
        at java.util.concurrent.locks.AbstractQueuedSynchronizer$ConditionObject.await(AbstractQueuedSynchronizer.java:2039)
        at java.util.concurrent.ScheduledThreadPoolExecutor$DelayedWorkQueue.take(ScheduledThreadPoolExecutor.java:1088)
        at java.util.concurrent.ScheduledThreadPoolExecutor$DelayedWorkQueue.take(ScheduledThreadPoolExecutor.java:809)
        at java.util.concurrent.ThreadPoolExecutor.getTask(ThreadPoolExecutor.java:1074)
        at java.util.concurrent.ThreadPoolExecutor.runWorker(ThreadPoolExecutor.java:1134)
        at java.util.concurrent.ThreadPoolExecutor$Worker.run(ThreadPoolExecutor.java:624)
        at java.lang.Thread.run(Thread.java:750)
"qtp1290931099-456-acceptor-0@2a0a8f0-ServerConnector@fb7eb2c{HTTP/1.1, (http/1.1)}{0.0.0.0:46097}" daemon prio=3 tid=456 runnable
java.lang.Thread.State: RUNNABLE
        at sun.nio.ch.ServerSocketChannelImpl.accept0(Native Method)
        at sun.nio.ch.ServerSocketChannelImpl.accept(ServerSocketChannelImpl.java:421)
        at sun.nio.ch.ServerSocketChannelImpl.accept(ServerSocketChannelImpl.java:249)
        at org.eclipse.jetty.server.ServerConnector.accept(ServerConnector.java:388)
        at org.eclipse.jetty.server.AbstractConnector$Acceptor.run(AbstractConnector.java:702)
        at org.eclipse.jetty.util.thread.QueuedThreadPool.runJob(QueuedThreadPool.java:883)
        at org.eclipse.jetty.util.thread.QueuedThreadPool$Runner.run(QueuedThreadPool.java:1034)
        at java.lang.Thread.run(Thread.java:750)
"BlockDeletingService#0" daemon prio=5 tid=555 timed_waiting
java.lang.Thread.State: TIMED_WAITING
        at sun.misc.Unsafe.park(Native Method)
        at java.util.concurrent.locks.LockSupport.parkNanos(LockSupport.java:215)
        at java.util.concurrent.locks.AbstractQueuedSynchronizer$ConditionObject.awaitNanos(AbstractQueuedSynchronizer.java:2078)
        at java.util.concurrent.ScheduledThreadPoolExecutor$DelayedWorkQueue.take(ScheduledThreadPoolExecutor.java:1093)
        at java.util.concurrent.ScheduledThreadPoolExecutor$DelayedWorkQueue.take(ScheduledThreadPoolExecutor.java:809)
        at java.util.concurrent.ThreadPoolExecutor.getTask(ThreadPoolExecutor.java:1074)
        at java.util.concurrent.ThreadPoolExecutor.runWorker(ThreadPoolExecutor.java:1134)
        at java.util.concurrent.ThreadPoolExecutor$Worker.run(ThreadPoolExecutor.java:624)
        at java.lang.Thread.run(Thread.java:750)
"be21c5c4-321c-411e-8ca9-5bb5909d110b@group-5EAD7F5BC067-StateMachineUpdater" daemon prio=5 tid=610 timed_waiting
java.lang.Thread.State: TIMED_WAITING
        at sun.misc.Unsafe.park(Native Method)
        at java.util.concurrent.locks.LockSupport.parkNanos(LockSupport.java:215)
        at java.util.concurrent.CompletableFuture$Signaller.block(CompletableFuture.java:1709)
        at java.util.concurrent.ForkJoinPool.managedBlock(ForkJoinPool.java:3323)
        at java.util.concurrent.CompletableFuture.timedGet(CompletableFuture.java:1788)
        at java.util.concurrent.CompletableFuture.get(CompletableFuture.java:1928)
        at org.apache.ratis.util.AwaitForSignal.await(AwaitForSignal.java:56)
        at org.apache.ratis.server.impl.StateMachineUpdater.waitForCommit(StateMachineUpdater.java:207)
        at org.apache.ratis.server.impl.StateMachineUpdater.run(StateMachineUpdater.java:176)
        at java.lang.Thread.run(Thread.java:750)
"IPC Server handler 7 on default port 39909" daemon prio=5 tid=84 timed_waiting
java.lang.Thread.State: TIMED_WAITING
        at sun.misc.Unsafe.park(Native Method)
        at java.util.concurrent.locks.LockSupport.parkNanos(LockSupport.java:215)
        at java.util.concurrent.locks.AbstractQueuedSynchronizer$ConditionObject.awaitNanos(AbstractQueuedSynchronizer.java:2078)
        at java.util.concurrent.LinkedBlockingQueue.poll(LinkedBlockingQueue.java:467)
        at org.apache.hadoop.ipc.CallQueueManager.take(CallQueueManager.java:317)
        at org.apache.hadoop.ipc.Server$Handler.run(Server.java:2942)
"pool-95-thread-1"  prio=5 tid=572 in Object.wait()
java.lang.Thread.State: WAITING (on object monitor)
        at sun.misc.Unsafe.park(Native Method)
        at java.util.concurrent.locks.LockSupport.park(LockSupport.java:175)
        at java.util.concurrent.locks.AbstractQueuedSynchronizer$ConditionObject.await(AbstractQueuedSynchronizer.java:2039)
        at java.util.concurrent.LinkedBlockingQueue.take(LinkedBlockingQueue.java:442)
        at java.util.concurrent.ThreadPoolExecutor.getTask(ThreadPoolExecutor.java:1074)
        at java.util.concurrent.ThreadPoolExecutor.runWorker(ThreadPoolExecutor.java:1134)
        at java.util.concurrent.ThreadPoolExecutor$Worker.run(ThreadPoolExecutor.java:624)
        at java.lang.Thread.run(Thread.java:750)
"BlockDeletingService#1" daemon prio=5 tid=336 in Object.wait()
java.lang.Thread.State: WAITING (on object monitor)
        at sun.misc.Unsafe.park(Native Method)
        at java.util.concurrent.locks.LockSupport.park(LockSupport.java:175)
        at java.util.concurrent.locks.AbstractQueuedSynchronizer$ConditionObject.await(AbstractQueuedSynchronizer.java:2039)
        at java.util.concurrent.ScheduledThreadPoolExecutor$DelayedWorkQueue.take(ScheduledThreadPoolExecutor.java:1088)
        at java.util.concurrent.ScheduledThreadPoolExecutor$DelayedWorkQueue.take(ScheduledThreadPoolExecutor.java:809)
        at java.util.concurrent.ThreadPoolExecutor.getTask(ThreadPoolExecutor.java:1074)
        at java.util.concurrent.ThreadPoolExecutor.runWorker(ThreadPoolExecutor.java:1134)
        at java.util.concurrent.ThreadPoolExecutor$Worker.run(ThreadPoolExecutor.java:624)
        at java.lang.Thread.run(Thread.java:750)
"be21c5c4-321c-411e-8ca9-5bb5909d110b-server-thread2" daemon prio=5 tid=907 timed_waiting
java.lang.Thread.State: TIMED_WAITING
        at sun.misc.Unsafe.park(Native Method)
        at java.util.concurrent.locks.LockSupport.parkNanos(LockSupport.java:215)
        at java.util.concurrent.SynchronousQueue$TransferStack.awaitFulfill(SynchronousQueue.java:460)
        at java.util.concurrent.SynchronousQueue$TransferStack.transfer(SynchronousQueue.java:362)
        at java.util.concurrent.SynchronousQueue.poll(SynchronousQueue.java:941)
        at java.util.concurrent.ThreadPoolExecutor.getTask(ThreadPoolExecutor.java:1073)
        at java.util.concurrent.ThreadPoolExecutor.runWorker(ThreadPoolExecutor.java:1134)
        at java.util.concurrent.ThreadPoolExecutor$Worker.run(ThreadPoolExecutor.java:624)
        at java.lang.Thread.run(Thread.java:750)
"EventQueue-NewNodeForNewNodeHandler" daemon prio=5 tid=489 in Object.wait()
java.lang.Thread.State: WAITING (on object monitor)
        at sun.misc.Unsafe.park(Native Method)
        at java.util.concurrent.locks.LockSupport.park(LockSupport.java:175)
        at java.util.concurrent.locks.AbstractQueuedSynchronizer$ConditionObject.await(AbstractQueuedSynchronizer.java:2039)
        at java.util.concurrent.LinkedBlockingQueue.take(LinkedBlockingQueue.java:442)
        at java.util.concurrent.ThreadPoolExecutor.getTask(ThreadPoolExecutor.java:1074)
        at java.util.concurrent.ThreadPoolExecutor.runWorker(ThreadPoolExecutor.java:1134)
        at java.util.concurrent.ThreadPoolExecutor$Worker.run(ThreadPoolExecutor.java:624)
        at java.lang.Thread.run(Thread.java:750)
"Datanode ReportManager Thread - 2" daemon prio=5 tid=186 in Object.wait()
java.lang.Thread.State: WAITING (on object monitor)
        at sun.misc.Unsafe.park(Native Method)
        at java.util.concurrent.locks.LockSupport.park(LockSupport.java:175)
        at java.util.concurrent.locks.AbstractQueuedSynchronizer$ConditionObject.await(AbstractQueuedSynchronizer.java:2039)
        at java.util.concurrent.ScheduledThreadPoolExecutor$DelayedWorkQueue.take(ScheduledThreadPoolExecutor.java:1088)
        at java.util.concurrent.ScheduledThreadPoolExecutor$DelayedWorkQueue.take(ScheduledThreadPoolExecutor.java:809)
        at java.util.concurrent.ThreadPoolExecutor.getTask(ThreadPoolExecutor.java:1074)
        at java.util.concurrent.ThreadPoolExecutor.runWorker(ThreadPoolExecutor.java:1134)
        at java.util.concurrent.ThreadPoolExecutor$Worker.run(ThreadPoolExecutor.java:624)
        at java.lang.Thread.run(Thread.java:750)
"Timer-0"  prio=5 tid=130 timed_waiting
java.lang.Thread.State: TIMED_WAITING
        at java.lang.Object.wait(Native Method)
        at java.util.TimerThread.mainLoop(Timer.java:552)
        at java.util.TimerThread.run(Timer.java:505)
"IPC Server handler 2 on default port 33229" daemon prio=5 tid=39 timed_waiting
java.lang.Thread.State: TIMED_WAITING
        at sun.misc.Unsafe.park(Native Method)
        at java.util.concurrent.locks.LockSupport.parkNanos(LockSupport.java:215)
        at java.util.concurrent.locks.AbstractQueuedSynchronizer$ConditionObject.awaitNanos(AbstractQueuedSynchronizer.java:2078)
        at java.util.concurrent.LinkedBlockingQueue.poll(LinkedBlockingQueue.java:467)
        at org.apache.hadoop.ipc.CallQueueManager.take(CallQueueManager.java:317)
        at org.apache.hadoop.ipc.Server$Handler.run(Server.java:2942)
"org.apache.hadoop.ozone.container.common.statemachine.commandhandler.DeleteBlocksCommandHandler$DeleteCmdWorker@56e8739" daemon prio=5 tid=304 timed_waiting
java.lang.Thread.State: TIMED_WAITING
        at java.lang.Thread.sleep(Native Method)
        at org.apache.hadoop.ozone.container.common.statemachine.commandhandler.DeleteBlocksCommandHandler$DeleteCmdWorker.run(DeleteBlocksCommandHandler.java:183)
        at java.lang.Thread.run(Thread.java:750)
"BlockDeletingService#2" daemon prio=5 tid=918 in Object.wait()
java.lang.Thread.State: WAITING (on object monitor)
        at sun.misc.Unsafe.park(Native Method)
        at java.util.concurrent.locks.LockSupport.park(LockSupport.java:175)
        at java.util.concurrent.locks.AbstractQueuedSynchronizer$ConditionObject.await(AbstractQueuedSynchronizer.java:2039)
        at java.util.concurrent.ScheduledThreadPoolExecutor$DelayedWorkQueue.take(ScheduledThreadPoolExecutor.java:1088)
        at java.util.concurrent.ScheduledThreadPoolExecutor$DelayedWorkQueue.take(ScheduledThreadPoolExecutor.java:809)
        at java.util.concurrent.ThreadPoolExecutor.getTask(ThreadPoolExecutor.java:1074)
        at java.util.concurrent.ThreadPoolExecutor.runWorker(ThreadPoolExecutor.java:1134)
        at java.util.concurrent.ThreadPoolExecutor$Worker.run(ThreadPoolExecutor.java:624)
        at java.lang.Thread.run(Thread.java:750)
"qtp1836950623-311" daemon prio=5 tid=311 timed_waiting
java.lang.Thread.State: TIMED_WAITING
        at sun.misc.Unsafe.park(Native Method)
        at java.util.concurrent.locks.LockSupport.parkNanos(LockSupport.java:215)
        at java.util.concurrent.locks.AbstractQueuedSynchronizer$ConditionObject.awaitNanos(AbstractQueuedSynchronizer.java:2078)
        at org.eclipse.jetty.util.BlockingArrayQueue.poll(BlockingArrayQueue.java:382)
        at org.eclipse.jetty.util.thread.QueuedThreadPool$Runner.idleJobPoll(QueuedThreadPool.java:974)
        at org.eclipse.jetty.util.thread.QueuedThreadPool$Runner.run(QueuedThreadPool.java:1018)
        at java.lang.Thread.run(Thread.java:750)
"OM StateMachine ApplyTransaction Thread - 0" daemon prio=5 tid=815 in Object.wait()
java.lang.Thread.State: WAITING (on object monitor)
        at sun.misc.Unsafe.park(Native Method)
        at java.util.concurrent.locks.LockSupport.park(LockSupport.java:175)
        at java.util.concurrent.locks.AbstractQueuedSynchronizer$ConditionObject.await(AbstractQueuedSynchronizer.java:2039)
        at java.util.concurrent.LinkedBlockingQueue.take(LinkedBlockingQueue.java:442)
        at java.util.concurrent.ThreadPoolExecutor.getTask(ThreadPoolExecutor.java:1074)
        at java.util.concurrent.ThreadPoolExecutor.runWorker(ThreadPoolExecutor.java:1134)
        at java.util.concurrent.ThreadPoolExecutor$Worker.run(ThreadPoolExecutor.java:624)
        at java.lang.Thread.run(Thread.java:750)
"ChunkWriter-0-0" daemon prio=5 tid=382 in Object.wait()
java.lang.Thread.State: WAITING (on object monitor)
        at sun.misc.Unsafe.park(Native Method)
        at java.util.concurrent.locks.LockSupport.park(LockSupport.java:175)
        at java.util.concurrent.locks.AbstractQueuedSynchronizer$ConditionObject.await(AbstractQueuedSynchronizer.java:2039)
        at java.util.concurrent.LinkedBlockingDeque.takeFirst(LinkedBlockingDeque.java:492)
        at java.util.concurrent.LinkedBlockingDeque.take(LinkedBlockingDeque.java:680)
        at java.util.concurrent.ThreadPoolExecutor.getTask(ThreadPoolExecutor.java:1074)
        at java.util.concurrent.ThreadPoolExecutor.runWorker(ThreadPoolExecutor.java:1134)
        at java.util.concurrent.ThreadPoolExecutor$Worker.run(ThreadPoolExecutor.java:624)
        at java.lang.Thread.run(Thread.java:750)
"IPC Server handler 19 on default port 36683" daemon prio=5 tid=76 timed_waiting
java.lang.Thread.State: TIMED_WAITING
        at sun.misc.Unsafe.park(Native Method)
        at java.util.concurrent.locks.LockSupport.parkNanos(LockSupport.java:215)
        at java.util.concurrent.locks.AbstractQueuedSynchronizer$ConditionObject.awaitNanos(AbstractQueuedSynchronizer.java:2078)
        at java.util.concurrent.LinkedBlockingQueue.poll(LinkedBlockingQueue.java:467)
        at org.apache.hadoop.ipc.CallQueueManager.take(CallQueueManager.java:317)
        at org.apache.hadoop.ipc.Server$Handler.run(Server.java:2942)
"ChunkReader-2" daemon prio=5 tid=844 in Object.wait()
java.lang.Thread.State: WAITING (on object monitor)
        at sun.misc.Unsafe.park(Native Method)
        at java.util.concurrent.locks.LockSupport.park(LockSupport.java:175)
        at java.util.concurrent.locks.AbstractQueuedSynchronizer$ConditionObject.await(AbstractQueuedSynchronizer.java:2039)
        at java.util.concurrent.LinkedBlockingQueue.take(LinkedBlockingQueue.java:442)
        at java.util.concurrent.ThreadPoolExecutor.getTask(ThreadPoolExecutor.java:1074)
        at java.util.concurrent.ThreadPoolExecutor.runWorker(ThreadPoolExecutor.java:1134)
        at java.util.concurrent.ThreadPoolExecutor$Worker.run(ThreadPoolExecutor.java:624)
        at java.lang.Thread.run(Thread.java:750)
"ReplicationMonitor" daemon prio=5 tid=894 timed_waiting
java.lang.Thread.State: TIMED_WAITING
        at java.lang.Object.wait(Native Method)
        at org.apache.hadoop.hdds.scm.container.replication.ReplicationManager.run(ReplicationManager.java:553)
        at org.apache.hadoop.hdds.scm.container.replication.ReplicationManager$$Lambda$381/1757731703.run(Unknown Source)
        at java.lang.Thread.run(Thread.java:750)
"pool-72-thread-1"  prio=5 tid=561 in Object.wait()
java.lang.Thread.State: WAITING (on object monitor)
        at sun.misc.Unsafe.park(Native Method)
        at java.util.concurrent.locks.LockSupport.park(LockSupport.java:175)
        at java.util.concurrent.locks.AbstractQueuedSynchronizer$ConditionObject.await(AbstractQueuedSynchronizer.java:2039)
        at java.util.concurrent.LinkedBlockingQueue.take(LinkedBlockingQueue.java:442)
        at java.util.concurrent.ThreadPoolExecutor.getTask(ThreadPoolExecutor.java:1074)
        at java.util.concurrent.ThreadPoolExecutor.runWorker(ThreadPoolExecutor.java:1134)
        at java.util.concurrent.ThreadPoolExecutor$Worker.run(ThreadPoolExecutor.java:624)
        at java.lang.Thread.run(Thread.java:750)
"StaleRecoveringContainerScrubbingService#1" daemon prio=5 tid=419 in Object.wait()
java.lang.Thread.State: WAITING (on object monitor)
        at sun.misc.Unsafe.park(Native Method)
        at java.util.concurrent.locks.LockSupport.park(LockSupport.java:175)
        at java.util.concurrent.locks.AbstractQueuedSynchronizer$ConditionObject.await(AbstractQueuedSynchronizer.java:2039)
        at java.util.concurrent.ScheduledThreadPoolExecutor$DelayedWorkQueue.take(ScheduledThreadPoolExecutor.java:1088)
        at java.util.concurrent.ScheduledThreadPoolExecutor$DelayedWorkQueue.take(ScheduledThreadPoolExecutor.java:809)
        at java.util.concurrent.ThreadPoolExecutor.getTask(ThreadPoolExecutor.java:1074)
        at java.util.concurrent.ThreadPoolExecutor.runWorker(ThreadPoolExecutor.java:1134)
        at java.util.concurrent.ThreadPoolExecutor$Worker.run(ThreadPoolExecutor.java:624)
        at java.lang.Thread.run(Thread.java:750)
"Datanode ReportManager Thread - 4" daemon prio=5 tid=216 in Object.wait()
java.lang.Thread.State: WAITING (on object monitor)
        at sun.misc.Unsafe.park(Native Method)
        at java.util.concurrent.locks.LockSupport.park(LockSupport.java:175)
        at java.util.concurrent.locks.AbstractQueuedSynchronizer$ConditionObject.await(AbstractQueuedSynchronizer.java:2039)
        at java.util.concurrent.ScheduledThreadPoolExecutor$DelayedWorkQueue.take(ScheduledThreadPoolExecutor.java:1088)
        at java.util.concurrent.ScheduledThreadPoolExecutor$DelayedWorkQueue.take(ScheduledThreadPoolExecutor.java:809)
        at java.util.concurrent.ThreadPoolExecutor.getTask(ThreadPoolExecutor.java:1074)
        at java.util.concurrent.ThreadPoolExecutor.runWorker(ThreadPoolExecutor.java:1134)
        at java.util.concurrent.ThreadPoolExecutor$Worker.run(ThreadPoolExecutor.java:624)
        at java.lang.Thread.run(Thread.java:750)
"StaleRecoveringContainerScrubbingService#2" daemon prio=5 tid=926 in Object.wait()
java.lang.Thread.State: WAITING (on object monitor)
        at sun.misc.Unsafe.park(Native Method)
        at java.util.concurrent.locks.LockSupport.park(LockSupport.java:175)
        at java.util.concurrent.locks.AbstractQueuedSynchronizer$ConditionObject.await(AbstractQueuedSynchronizer.java:2039)
        at java.util.concurrent.ScheduledThreadPoolExecutor$DelayedWorkQueue.take(ScheduledThreadPoolExecutor.java:1088)
        at java.util.concurrent.ScheduledThreadPoolExecutor$DelayedWorkQueue.take(ScheduledThreadPoolExecutor.java:809)
        at java.util.concurrent.ThreadPoolExecutor.getTask(ThreadPoolExecutor.java:1074)
        at java.util.concurrent.ThreadPoolExecutor.runWorker(ThreadPoolExecutor.java:1134)
        at java.util.concurrent.ThreadPoolExecutor$Worker.run(ThreadPoolExecutor.java:624)
        at java.lang.Thread.run(Thread.java:750)
"StaleRecoveringContainerScrubbingService#0" daemon prio=5 tid=418 timed_waiting
java.lang.Thread.State: TIMED_WAITING
        at sun.misc.Unsafe.park(Native Method)
        at java.util.concurrent.locks.LockSupport.parkNanos(LockSupport.java:215)
        at java.util.concurrent.locks.AbstractQueuedSynchronizer$ConditionObject.awaitNanos(AbstractQueuedSynchronizer.java:2078)
        at java.util.concurrent.ScheduledThreadPoolExecutor$DelayedWorkQueue.take(ScheduledThreadPoolExecutor.java:1093)
        at java.util.concurrent.ScheduledThreadPoolExecutor$DelayedWorkQueue.take(ScheduledThreadPoolExecutor.java:809)
        at java.util.concurrent.ThreadPoolExecutor.getTask(ThreadPoolExecutor.java:1074)
        at java.util.concurrent.ThreadPoolExecutor.runWorker(ThreadPoolExecutor.java:1134)
        at java.util.concurrent.ThreadPoolExecutor$Worker.run(ThreadPoolExecutor.java:624)
        at java.lang.Thread.run(Thread.java:750)
"pool-180-thread-1" daemon prio=5 tid=301 timed_waiting
java.lang.Thread.State: TIMED_WAITING
        at sun.misc.Unsafe.park(Native Method)
        at java.util.concurrent.locks.LockSupport.parkNanos(LockSupport.java:215)
        at java.util.concurrent.locks.AbstractQueuedSynchronizer$ConditionObject.awaitNanos(AbstractQueuedSynchronizer.java:2078)
        at java.util.concurrent.ScheduledThreadPoolExecutor$DelayedWorkQueue.take(ScheduledThreadPoolExecutor.java:1093)
        at java.util.concurrent.ScheduledThreadPoolExecutor$DelayedWorkQueue.take(ScheduledThreadPoolExecutor.java:809)
        at java.util.concurrent.ThreadPoolExecutor.getTask(ThreadPoolExecutor.java:1074)
        at java.util.concurrent.ThreadPoolExecutor.runWorker(ThreadPoolExecutor.java:1134)
        at java.util.concurrent.ThreadPoolExecutor$Worker.run(ThreadPoolExecutor.java:624)
        at java.lang.Thread.run(Thread.java:750)
"IPC Server handler 8 on default port 33161" daemon prio=5 tid=152 timed_waiting
java.lang.Thread.State: TIMED_WAITING
        at sun.misc.Unsafe.park(Native Method)
        at java.util.concurrent.locks.LockSupport.parkNanos(LockSupport.java:215)
        at java.util.concurrent.locks.AbstractQueuedSynchronizer$ConditionObject.awaitNanos(AbstractQueuedSynchronizer.java:2078)
        at java.util.concurrent.LinkedBlockingQueue.poll(LinkedBlockingQueue.java:467)
        at org.apache.hadoop.ipc.CallQueueManager.take(CallQueueManager.java:317)
        at org.apache.hadoop.ipc.Server$Handler.run(Server.java:2942)
"0a1cfcca-7ba7-43aa-b517-08505af7a09b@group-7646482EED7C-LeaderStateImpl" daemon prio=5 tid=737 timed_waiting
java.lang.Thread.State: TIMED_WAITING
        at sun.misc.Unsafe.park(Native Method)
        at java.util.concurrent.locks.LockSupport.parkNanos(LockSupport.java:215)
        at java.util.concurrent.locks.AbstractQueuedSynchronizer$ConditionObject.awaitNanos(AbstractQueuedSynchronizer.java:2078)
        at java.util.concurrent.ArrayBlockingQueue.poll(ArrayBlockingQueue.java:418)
        at org.apache.ratis.server.impl.LeaderStateImpl$EventQueue.poll(LeaderStateImpl.java:159)
        at org.apache.ratis.server.impl.LeaderStateImpl$EventProcessor.run(LeaderStateImpl.java:630)
"grpc-default-boss-ELG-1-1" daemon prio=5 tid=128 runnable
java.lang.Thread.State: RUNNABLE
        at org.apache.ratis.thirdparty.io.netty.channel.epoll.Native.epollWait(Native Method)
        at org.apache.ratis.thirdparty.io.netty.channel.epoll.Native.epollWait(Native.java:209)
        at org.apache.ratis.thirdparty.io.netty.channel.epoll.Native.epollWait(Native.java:202)
        at org.apache.ratis.thirdparty.io.netty.channel.epoll.EpollEventLoop.epollWaitNoTimerChange(EpollEventLoop.java:294)
        at org.apache.ratis.thirdparty.io.netty.channel.epoll.EpollEventLoop.run(EpollEventLoop.java:351)
        at org.apache.ratis.thirdparty.io.netty.util.concurrent.SingleThreadEventExecutor$4.run(SingleThreadEventExecutor.java:995)
        at org.apache.ratis.thirdparty.io.netty.util.internal.ThreadExecutorMap$2.run(ThreadExecutorMap.java:74)
        at org.apache.ratis.thirdparty.io.netty.util.concurrent.FastThreadLocalRunnable.run(FastThreadLocalRunnable.java:30)
        at java.lang.Thread.run(Thread.java:750)
"Datanode State Machine Daemon Thread" daemon prio=5 tid=468 timed_waiting
java.lang.Thread.State: TIMED_WAITING
        at java.lang.Thread.sleep(Native Method)
        at org.apache.hadoop.ozone.container.common.statemachine.DatanodeStateMachine.startStateMachineThread(DatanodeStateMachine.java:318)
        at org.apache.hadoop.ozone.container.common.statemachine.DatanodeStateMachine.lambda$startDaemon$0(DatanodeStateMachine.java:499)
        at org.apache.hadoop.ozone.container.common.statemachine.DatanodeStateMachine$$Lambda$745/1741217770.run(Unknown Source)
        at java.lang.Thread.run(Thread.java:750)
"qtp1125897995-207" daemon prio=5 tid=207 timed_waiting
java.lang.Thread.State: TIMED_WAITING
        at sun.misc.Unsafe.park(Native Method)
        at java.util.concurrent.locks.LockSupport.parkNanos(LockSupport.java:215)
        at java.util.concurrent.locks.AbstractQueuedSynchronizer$ConditionObject.awaitNanos(AbstractQueuedSynchronizer.java:2078)
        at org.eclipse.jetty.util.BlockingArrayQueue.poll(BlockingArrayQueue.java:382)
        at org.eclipse.jetty.util.thread.QueuedThreadPool$Runner.idleJobPoll(QueuedThreadPool.java:974)
        at org.eclipse.jetty.util.thread.QueuedThreadPool$Runner.run(QueuedThreadPool.java:1018)
        at java.lang.Thread.run(Thread.java:750)
"BlockDeletingService#2" daemon prio=5 tid=917 in Object.wait()
java.lang.Thread.State: WAITING (on object monitor)
        at sun.misc.Unsafe.park(Native Method)
        at java.util.concurrent.locks.LockSupport.park(LockSupport.java:175)
        at java.util.concurrent.locks.AbstractQueuedSynchronizer$ConditionObject.await(AbstractQueuedSynchronizer.java:2039)
        at java.util.concurrent.ScheduledThreadPoolExecutor$DelayedWorkQueue.take(ScheduledThreadPoolExecutor.java:1088)
        at java.util.concurrent.ScheduledThreadPoolExecutor$DelayedWorkQueue.take(ScheduledThreadPoolExecutor.java:809)
        at java.util.concurrent.ThreadPoolExecutor.getTask(ThreadPoolExecutor.java:1074)
        at java.util.concurrent.ThreadPoolExecutor.runWorker(ThreadPoolExecutor.java:1134)
        at java.util.concurrent.ThreadPoolExecutor$Worker.run(ThreadPoolExecutor.java:624)
        at java.lang.Thread.run(Thread.java:750)
"JvmPauseMonitor4" daemon prio=5 tid=451 timed_waiting
java.lang.Thread.State: TIMED_WAITING
        at java.lang.Thread.sleep(Native Method)
        at java.lang.Thread.sleep(Thread.java:342)
        at java.util.concurrent.TimeUnit.sleep(TimeUnit.java:386)
        at org.apache.ratis.util.TimeDuration.sleep(TimeDuration.java:325)
        at org.apache.ratis.util.TimeDuration.sleep(TimeDuration.java:310)
        at org.apache.ratis.util.JvmPauseMonitor.detectPause(JvmPauseMonitor.java:119)
        at org.apache.ratis.util.JvmPauseMonitor.run(JvmPauseMonitor.java:108)
        at org.apache.ratis.util.JvmPauseMonitor$$Lambda$702/1227187683.run(Unknown Source)
        at java.lang.Thread.run(Thread.java:750)
"277330ea-7eb2-4eea-8a6b-9d41e81a33f6@group-D1756B2A70E6-LeaderStateImpl" daemon prio=5 tid=741 timed_waiting
java.lang.Thread.State: TIMED_WAITING
        at sun.misc.Unsafe.park(Native Method)
        at java.util.concurrent.locks.LockSupport.parkNanos(LockSupport.java:215)
        at java.util.concurrent.locks.AbstractQueuedSynchronizer$ConditionObject.awaitNanos(AbstractQueuedSynchronizer.java:2078)
        at java.util.concurrent.ArrayBlockingQueue.poll(ArrayBlockingQueue.java:418)
        at org.apache.ratis.server.impl.LeaderStateImpl$EventQueue.poll(LeaderStateImpl.java:159)
        at org.apache.ratis.server.impl.LeaderStateImpl$EventProcessor.run(LeaderStateImpl.java:630)
"Under Replicated Processor" daemon prio=5 tid=895 timed_waiting
java.lang.Thread.State: TIMED_WAITING
        at java.lang.Object.wait(Native Method)
        at org.apache.hadoop.hdds.scm.container.replication.UnderReplicatedProcessor.run(UnderReplicatedProcessor.java:142)
        at java.lang.Thread.run(Thread.java:750)
"Datanode ReportManager Thread - 3" daemon prio=5 tid=434 timed_waiting
java.lang.Thread.State: TIMED_WAITING
        at sun.misc.Unsafe.park(Native Method)
        at java.util.concurrent.locks.LockSupport.parkNanos(LockSupport.java:215)
        at java.util.concurrent.locks.AbstractQueuedSynchronizer$ConditionObject.awaitNanos(AbstractQueuedSynchronizer.java:2078)
        at java.util.concurrent.ScheduledThreadPoolExecutor$DelayedWorkQueue.take(ScheduledThreadPoolExecutor.java:1093)
        at java.util.concurrent.ScheduledThreadPoolExecutor$DelayedWorkQueue.take(ScheduledThreadPoolExecutor.java:809)
        at java.util.concurrent.ThreadPoolExecutor.getTask(ThreadPoolExecutor.java:1074)
        at java.util.concurrent.ThreadPoolExecutor.runWorker(ThreadPoolExecutor.java:1134)
        at java.util.concurrent.ThreadPoolExecutor$Worker.run(ThreadPoolExecutor.java:624)
        at java.lang.Thread.run(Thread.java:750)
"EventQueue-CommandQueueReportForCommandQueueReportHandler" daemon prio=5 tid=559 in Object.wait()
java.lang.Thread.State: WAITING (on object monitor)
        at sun.misc.Unsafe.park(Native Method)
        at java.util.concurrent.locks.LockSupport.park(LockSupport.java:175)
        at java.util.concurrent.locks.AbstractQueuedSynchronizer$ConditionObject.await(AbstractQueuedSynchronizer.java:2039)
        at java.util.concurrent.LinkedBlockingQueue.take(LinkedBlockingQueue.java:442)
        at java.util.concurrent.ThreadPoolExecutor.getTask(ThreadPoolExecutor.java:1074)
        at java.util.concurrent.ThreadPoolExecutor.runWorker(ThreadPoolExecutor.java:1134)
        at java.util.concurrent.ThreadPoolExecutor$Worker.run(ThreadPoolExecutor.java:624)
        at java.lang.Thread.run(Thread.java:750)
"Datanode State Machine Task Thread - 0"  prio=5 tid=438 in Object.wait()
java.lang.Thread.State: WAITING (on object monitor)
        at sun.misc.Unsafe.park(Native Method)
        at java.util.concurrent.locks.LockSupport.park(LockSupport.java:175)
        at java.util.concurrent.locks.AbstractQueuedSynchronizer$ConditionObject.await(AbstractQueuedSynchronizer.java:2039)
        at java.util.concurrent.LinkedBlockingQueue.take(LinkedBlockingQueue.java:442)
        at java.util.concurrent.ThreadPoolExecutor.getTask(ThreadPoolExecutor.java:1074)
        at java.util.concurrent.ThreadPoolExecutor.runWorker(ThreadPoolExecutor.java:1134)
        at java.util.concurrent.ThreadPoolExecutor$Worker.run(ThreadPoolExecutor.java:624)
        at java.lang.Thread.run(Thread.java:750)
"Reference Handler" daemon prio=10 tid=2 in Object.wait()
java.lang.Thread.State: WAITING (on object monitor)
        at java.lang.Object.wait(Native Method)
        at java.lang.Object.wait(Object.java:502)
        at java.lang.ref.Reference.tryHandlePending(Reference.java:191)
        at java.lang.ref.Reference$ReferenceHandler.run(Reference.java:153)
"BlockDeletingService#3" daemon prio=5 tid=947 in Object.wait()
java.lang.Thread.State: WAITING (on object monitor)
        at sun.misc.Unsafe.park(Native Method)
        at java.util.concurrent.locks.LockSupport.park(LockSupport.java:175)
        at java.util.concurrent.locks.AbstractQueuedSynchronizer$ConditionObject.await(AbstractQueuedSynchronizer.java:2039)
        at java.util.concurrent.ScheduledThreadPoolExecutor$DelayedWorkQueue.take(ScheduledThreadPoolExecutor.java:1088)
        at java.util.concurrent.ScheduledThreadPoolExecutor$DelayedWorkQueue.take(ScheduledThreadPoolExecutor.java:809)
        at java.util.concurrent.ThreadPoolExecutor.getTask(ThreadPoolExecutor.java:1074)
        at java.util.concurrent.ThreadPoolExecutor.runWorker(ThreadPoolExecutor.java:1134)
        at java.util.concurrent.ThreadPoolExecutor$Worker.run(ThreadPoolExecutor.java:624)
        at java.lang.Thread.run(Thread.java:750)
"be21c5c4-321c-411e-8ca9-5bb5909d110b@group-7436307844CD-SegmentedRaftLogWorker"  prio=5 tid=605 timed_waiting
java.lang.Thread.State: TIMED_WAITING
        at sun.misc.Unsafe.park(Native Method)
        at java.util.concurrent.locks.LockSupport.parkNanos(LockSupport.java:215)
        at java.util.concurrent.locks.AbstractQueuedSynchronizer$ConditionObject.awaitNanos(AbstractQueuedSynchronizer.java:2078)
        at org.apache.ratis.util.DataBlockingQueue.poll(DataBlockingQueue.java:148)
        at org.apache.ratis.server.raftlog.segmented.SegmentedRaftLogWorker.run(SegmentedRaftLogWorker.java:310)
        at org.apache.ratis.server.raftlog.segmented.SegmentedRaftLogWorker$$Lambda$661/302741709.run(Unknown Source)
        at java.lang.Thread.run(Thread.java:750)
"ChunkReader-2" daemon prio=5 tid=832 in Object.wait()
java.lang.Thread.State: WAITING (on object monitor)
        at sun.misc.Unsafe.park(Native Method)
        at java.util.concurrent.locks.LockSupport.park(LockSupport.java:175)
        at java.util.concurrent.locks.AbstractQueuedSynchronizer$ConditionObject.await(AbstractQueuedSynchronizer.java:2039)
        at java.util.concurrent.LinkedBlockingQueue.take(LinkedBlockingQueue.java:442)
        at java.util.concurrent.ThreadPoolExecutor.getTask(ThreadPoolExecutor.java:1074)
        at java.util.concurrent.ThreadPoolExecutor.runWorker(ThreadPoolExecutor.java:1134)
        at java.util.concurrent.ThreadPoolExecutor$Worker.run(ThreadPoolExecutor.java:624)
        at java.lang.Thread.run(Thread.java:750)
"FixedThreadPoolWithAffinityExecutor-0-0" daemon prio=5 tid=533 in Object.wait()
java.lang.Thread.State: WAITING (on object monitor)
        at sun.misc.Unsafe.park(Native Method)
        at java.util.concurrent.locks.LockSupport.park(LockSupport.java:175)
        at java.util.concurrent.locks.AbstractQueuedSynchronizer$ConditionObject.await(AbstractQueuedSynchronizer.java:2039)
        at java.util.concurrent.LinkedBlockingDeque.takeFirst(LinkedBlockingDeque.java:492)
        at java.util.concurrent.LinkedBlockingDeque.take(LinkedBlockingDeque.java:680)
        at java.util.concurrent.ThreadPoolExecutor.getTask(ThreadPoolExecutor.java:1074)
        at java.util.concurrent.ThreadPoolExecutor.runWorker(ThreadPoolExecutor.java:1134)
        at java.util.concurrent.ThreadPoolExecutor$Worker.run(ThreadPoolExecutor.java:624)
        at java.lang.Thread.run(Thread.java:750)
"qtp463783260-138" daemon prio=5 tid=138 timed_waiting
java.lang.Thread.State: TIMED_WAITING
        at sun.misc.Unsafe.park(Native Method)
        at java.util.concurrent.locks.LockSupport.parkNanos(LockSupport.java:215)
        at java.util.concurrent.locks.AbstractQueuedSynchronizer$ConditionObject.awaitNanos(AbstractQueuedSynchronizer.java:2078)
        at org.eclipse.jetty.util.BlockingArrayQueue.poll(BlockingArrayQueue.java:382)
        at org.eclipse.jetty.util.thread.QueuedThreadPool$Runner.idleJobPoll(QueuedThreadPool.java:974)
        at org.eclipse.jetty.util.thread.QueuedThreadPool$Runner.run(QueuedThreadPool.java:1018)
        at java.lang.Thread.run(Thread.java:750)
"qtp1890320776-374-acceptor-0@10f588d8-ServerConnector@f559f83{HTTP/1.1, (http/1.1)}{0.0.0.0:41523}" daemon prio=3 tid=374 runnable
java.lang.Thread.State: RUNNABLE
        at sun.nio.ch.ServerSocketChannelImpl.accept0(Native Method)
        at sun.nio.ch.ServerSocketChannelImpl.accept(ServerSocketChannelImpl.java:421)
        at sun.nio.ch.ServerSocketChannelImpl.accept(ServerSocketChannelImpl.java:249)
        at org.eclipse.jetty.server.ServerConnector.accept(ServerConnector.java:388)
        at org.eclipse.jetty.server.AbstractConnector$Acceptor.run(AbstractConnector.java:702)
        at org.eclipse.jetty.util.thread.QueuedThreadPool.runJob(QueuedThreadPool.java:883)
        at org.eclipse.jetty.util.thread.QueuedThreadPool$Runner.run(QueuedThreadPool.java:1034)
        at java.lang.Thread.run(Thread.java:750)
"PartialTableCache Cleanup Thread - 0" daemon prio=5 tid=820 in Object.wait()
java.lang.Thread.State: WAITING (on object monitor)
        at sun.misc.Unsafe.park(Native Method)
        at java.util.concurrent.locks.LockSupport.park(LockSupport.java:175)
        at java.util.concurrent.locks.AbstractQueuedSynchronizer$ConditionObject.await(AbstractQueuedSynchronizer.java:2039)
        at java.util.concurrent.LinkedBlockingQueue.take(LinkedBlockingQueue.java:442)
        at java.util.concurrent.ThreadPoolExecutor.getTask(ThreadPoolExecutor.java:1074)
        at java.util.concurrent.ThreadPoolExecutor.runWorker(ThreadPoolExecutor.java:1134)
        at java.util.concurrent.ThreadPoolExecutor$Worker.run(ThreadPoolExecutor.java:624)
        at java.lang.Thread.run(Thread.java:750)
"IPC Server handler 0 on default port 36683" daemon prio=5 tid=57 timed_waiting
java.lang.Thread.State: TIMED_WAITING
        at sun.misc.Unsafe.park(Native Method)
        at java.util.concurrent.locks.LockSupport.parkNanos(LockSupport.java:215)
        at java.util.concurrent.locks.AbstractQueuedSynchronizer$ConditionObject.awaitNanos(AbstractQueuedSynchronizer.java:2078)
        at java.util.concurrent.LinkedBlockingQueue.poll(LinkedBlockingQueue.java:467)
        at org.apache.hadoop.ipc.CallQueueManager.take(CallQueueManager.java:317)
        at org.apache.hadoop.ipc.Server$Handler.run(Server.java:2942)
"ChunkWriter-0-0" daemon prio=5 tid=523 in Object.wait()
java.lang.Thread.State: WAITING (on object monitor)
        at sun.misc.Unsafe.park(Native Method)
        at java.util.concurrent.locks.LockSupport.park(LockSupport.java:175)
        at java.util.concurrent.locks.AbstractQueuedSynchronizer$ConditionObject.await(AbstractQueuedSynchronizer.java:2039)
        at java.util.concurrent.LinkedBlockingDeque.takeFirst(LinkedBlockingDeque.java:492)
        at java.util.concurrent.LinkedBlockingDeque.take(LinkedBlockingDeque.java:680)
        at java.util.concurrent.ThreadPoolExecutor.getTask(ThreadPoolExecutor.java:1074)
        at java.util.concurrent.ThreadPoolExecutor.runWorker(ThreadPoolExecutor.java:1134)
        at java.util.concurrent.ThreadPoolExecutor$Worker.run(ThreadPoolExecutor.java:624)
        at java.lang.Thread.run(Thread.java:750)
"Command processor thread" daemon prio=5 tid=295 timed_waiting
java.lang.Thread.State: TIMED_WAITING
        at java.lang.Thread.sleep(Native Method)
        at org.apache.hadoop.ozone.container.common.statemachine.DatanodeStateMachine.lambda$initCommandHandlerThread$3(DatanodeStateMachine.java:634)
        at org.apache.hadoop.ozone.container.common.statemachine.DatanodeStateMachine$$Lambda$747/2071845850.run(Unknown Source)
        at java.lang.Thread.run(Thread.java:750)
"Periodic HDDS volume checker" daemon prio=5 tid=365 timed_waiting
java.lang.Thread.State: TIMED_WAITING
        at sun.misc.Unsafe.park(Native Method)
        at java.util.concurrent.locks.LockSupport.parkNanos(LockSupport.java:215)
        at java.util.concurrent.locks.AbstractQueuedSynchronizer$ConditionObject.awaitNanos(AbstractQueuedSynchronizer.java:2078)
        at java.util.concurrent.ScheduledThreadPoolExecutor$DelayedWorkQueue.take(ScheduledThreadPoolExecutor.java:1093)
        at java.util.concurrent.ScheduledThreadPoolExecutor$DelayedWorkQueue.take(ScheduledThreadPoolExecutor.java:809)
        at java.util.concurrent.ThreadPoolExecutor.getTask(ThreadPoolExecutor.java:1074)
        at java.util.concurrent.ThreadPoolExecutor.runWorker(ThreadPoolExecutor.java:1134)
        at java.util.concurrent.ThreadPoolExecutor$Worker.run(ThreadPoolExecutor.java:624)
        at java.lang.Thread.run(Thread.java:750)
"IPC Server handler 10 on default port 33229" daemon prio=5 tid=47 timed_waiting
java.lang.Thread.State: TIMED_WAITING
        at sun.misc.Unsafe.park(Native Method)
        at java.util.concurrent.locks.LockSupport.parkNanos(LockSupport.java:215)
        at java.util.concurrent.locks.AbstractQueuedSynchronizer$ConditionObject.awaitNanos(AbstractQueuedSynchronizer.java:2078)
        at java.util.concurrent.LinkedBlockingQueue.poll(LinkedBlockingQueue.java:467)
        at org.apache.hadoop.ipc.CallQueueManager.take(CallQueueManager.java:317)
        at org.apache.hadoop.ipc.Server$Handler.run(Server.java:2942)
"StaleRecoveringContainerScrubbingService#2" daemon prio=5 tid=920 in Object.wait()
java.lang.Thread.State: WAITING (on object monitor)
        at sun.misc.Unsafe.park(Native Method)
        at java.util.concurrent.locks.LockSupport.park(LockSupport.java:175)
        at java.util.concurrent.locks.AbstractQueuedSynchronizer$ConditionObject.await(AbstractQueuedSynchronizer.java:2039)
        at java.util.concurrent.ScheduledThreadPoolExecutor$DelayedWorkQueue.take(ScheduledThreadPoolExecutor.java:1088)
        at java.util.concurrent.ScheduledThreadPoolExecutor$DelayedWorkQueue.take(ScheduledThreadPoolExecutor.java:809)
        at java.util.concurrent.ThreadPoolExecutor.getTask(ThreadPoolExecutor.java:1074)
        at java.util.concurrent.ThreadPoolExecutor.runWorker(ThreadPoolExecutor.java:1134)
        at java.util.concurrent.ThreadPoolExecutor$Worker.run(ThreadPoolExecutor.java:624)
        at java.lang.Thread.run(Thread.java:750)
"6534404f-39f4-445c-b85e-518a348dbff3@group-CE71C629F99F-StateMachineUpdater" daemon prio=5 tid=590 timed_waiting
java.lang.Thread.State: TIMED_WAITING
        at sun.misc.Unsafe.park(Native Method)
        at java.util.concurrent.locks.LockSupport.parkNanos(LockSupport.java:215)
        at java.util.concurrent.CompletableFuture$Signaller.block(CompletableFuture.java:1709)
        at java.util.concurrent.ForkJoinPool.managedBlock(ForkJoinPool.java:3323)
        at java.util.concurrent.CompletableFuture.timedGet(CompletableFuture.java:1788)
        at java.util.concurrent.CompletableFuture.get(CompletableFuture.java:1928)
        at org.apache.ratis.util.AwaitForSignal.await(AwaitForSignal.java:56)
        at org.apache.ratis.server.impl.StateMachineUpdater.waitForCommit(StateMachineUpdater.java:207)
        at org.apache.ratis.server.impl.StateMachineUpdater.run(StateMachineUpdater.java:176)
        at java.lang.Thread.run(Thread.java:750)
"IPC Server handler 12 on default port 33229" daemon prio=5 tid=49 timed_waiting
java.lang.Thread.State: TIMED_WAITING
        at sun.misc.Unsafe.park(Native Method)
        at java.util.concurrent.locks.LockSupport.parkNanos(LockSupport.java:215)
        at java.util.concurrent.locks.AbstractQueuedSynchronizer$ConditionObject.awaitNanos(AbstractQueuedSynchronizer.java:2078)
        at java.util.concurrent.LinkedBlockingQueue.poll(LinkedBlockingQueue.java:467)
        at org.apache.hadoop.ipc.CallQueueManager.take(CallQueueManager.java:317)
        at org.apache.hadoop.ipc.Server$Handler.run(Server.java:2942)
"ChunkReader-1" daemon prio=5 tid=836 in Object.wait()
java.lang.Thread.State: WAITING (on object monitor)
        at sun.misc.Unsafe.park(Native Method)
        at java.util.concurrent.locks.LockSupport.park(LockSupport.java:175)
        at java.util.concurrent.locks.AbstractQueuedSynchronizer$ConditionObject.await(AbstractQueuedSynchronizer.java:2039)
        at java.util.concurrent.LinkedBlockingQueue.take(LinkedBlockingQueue.java:442)
        at java.util.concurrent.ThreadPoolExecutor.getTask(ThreadPoolExecutor.java:1074)
        at java.util.concurrent.ThreadPoolExecutor.runWorker(ThreadPoolExecutor.java:1134)
        at java.util.concurrent.ThreadPoolExecutor$Worker.run(ThreadPoolExecutor.java:624)
        at java.lang.Thread.run(Thread.java:750)
"timer4" daemon prio=5 tid=780 timed_waiting
java.lang.Thread.State: TIMED_WAITING
        at java.lang.Object.wait(Native Method)
        at java.util.TimerThread.mainLoop(Timer.java:552)
        at java.util.TimerThread.run(Timer.java:505)
"Datanode ReportManager Thread - 4" daemon prio=5 tid=473 in Object.wait()
java.lang.Thread.State: WAITING (on object monitor)
        at sun.misc.Unsafe.park(Native Method)
        at java.util.concurrent.locks.LockSupport.park(LockSupport.java:175)
        at java.util.concurrent.locks.AbstractQueuedSynchronizer$ConditionObject.await(AbstractQueuedSynchronizer.java:2039)
        at java.util.concurrent.ScheduledThreadPoolExecutor$DelayedWorkQueue.take(ScheduledThreadPoolExecutor.java:1088)
        at java.util.concurrent.ScheduledThreadPoolExecutor$DelayedWorkQueue.take(ScheduledThreadPoolExecutor.java:809)
        at java.util.concurrent.ThreadPoolExecutor.getTask(ThreadPoolExecutor.java:1074)
        at java.util.concurrent.ThreadPoolExecutor.runWorker(ThreadPoolExecutor.java:1134)
        at java.util.concurrent.ThreadPoolExecutor$Worker.run(ThreadPoolExecutor.java:624)
        at java.lang.Thread.run(Thread.java:750)
"qtp1890320776-373" daemon prio=5 tid=373 runnable
java.lang.Thread.State: RUNNABLE
        at sun.nio.ch.EPollArrayWrapper.epollWait(Native Method)
        at sun.nio.ch.EPollArrayWrapper.poll(EPollArrayWrapper.java:269)
        at sun.nio.ch.EPollSelectorImpl.doSelect(EPollSelectorImpl.java:93)
        at sun.nio.ch.SelectorImpl.lockAndDoSelect(SelectorImpl.java:86)
        at sun.nio.ch.SelectorImpl.select(SelectorImpl.java:97)
        at sun.nio.ch.SelectorImpl.select(SelectorImpl.java:101)
        at org.eclipse.jetty.io.ManagedSelector.nioSelect(ManagedSelector.java:183)
        at org.eclipse.jetty.io.ManagedSelector.select(ManagedSelector.java:190)
        at org.eclipse.jetty.io.ManagedSelector$SelectorProducer.select(ManagedSelector.java:606)
        at org.eclipse.jetty.io.ManagedSelector$SelectorProducer.produce(ManagedSelector.java:543)
        at org.eclipse.jetty.util.thread.strategy.EatWhatYouKill.produceTask(EatWhatYouKill.java:362)
        at org.eclipse.jetty.util.thread.strategy.EatWhatYouKill.doProduce(EatWhatYouKill.java:186)
        at org.eclipse.jetty.util.thread.strategy.EatWhatYouKill.tryProduce(EatWhatYouKill.java:173)
        at org.eclipse.jetty.util.thread.strategy.EatWhatYouKill.produce(EatWhatYouKill.java:137)
        at org.eclipse.jetty.io.ManagedSelector$$Lambda$443/465676958.run(Unknown Source)
        at org.eclipse.jetty.util.thread.QueuedThreadPool.runJob(QueuedThreadPool.java:883)
        at org.eclipse.jetty.util.thread.QueuedThreadPool$Runner.run(QueuedThreadPool.java:1034)
        at java.lang.Thread.run(Thread.java:750)
"qtp1836950623-309" daemon prio=5 tid=309 timed_waiting
java.lang.Thread.State: TIMED_WAITING
        at sun.misc.Unsafe.park(Native Method)
        at java.util.concurrent.locks.LockSupport.parkNanos(LockSupport.java:215)
        at java.util.concurrent.locks.AbstractQueuedSynchronizer$ConditionObject.awaitNanos(AbstractQueuedSynchronizer.java:2078)
        at org.eclipse.jetty.util.BlockingArrayQueue.poll(BlockingArrayQueue.java:382)
        at org.eclipse.jetty.util.thread.QueuedThreadPool$Runner.idleJobPoll(QueuedThreadPool.java:974)
        at org.eclipse.jetty.util.thread.QueuedThreadPool$Runner.run(QueuedThreadPool.java:1018)
        at java.lang.Thread.run(Thread.java:750)
"EventQueue-OpenPipelineForHealthyPipelineSafeModeRule" daemon prio=5 tid=563 in Object.wait()
java.lang.Thread.State: WAITING (on object monitor)
        at sun.misc.Unsafe.park(Native Method)
        at java.util.concurrent.locks.LockSupport.park(LockSupport.java:175)
        at java.util.concurrent.locks.AbstractQueuedSynchronizer$ConditionObject.await(AbstractQueuedSynchronizer.java:2039)
        at java.util.concurrent.LinkedBlockingQueue.take(LinkedBlockingQueue.java:442)
        at java.util.concurrent.ThreadPoolExecutor.getTask(ThreadPoolExecutor.java:1074)
        at java.util.concurrent.ThreadPoolExecutor.runWorker(ThreadPoolExecutor.java:1134)
        at java.util.concurrent.ThreadPoolExecutor$Worker.run(ThreadPoolExecutor.java:624)
        at java.lang.Thread.run(Thread.java:750)
"ChunkWriter-1-0" daemon prio=5 tid=499 in Object.wait()
java.lang.Thread.State: WAITING (on object monitor)
        at sun.misc.Unsafe.park(Native Method)
        at java.util.concurrent.locks.LockSupport.park(LockSupport.java:175)
        at java.util.concurrent.locks.AbstractQueuedSynchronizer$ConditionObject.await(AbstractQueuedSynchronizer.java:2039)
        at java.util.concurrent.LinkedBlockingDeque.takeFirst(LinkedBlockingDeque.java:492)
        at java.util.concurrent.LinkedBlockingDeque.take(LinkedBlockingDeque.java:680)
        at java.util.concurrent.ThreadPoolExecutor.getTask(ThreadPoolExecutor.java:1074)
        at java.util.concurrent.ThreadPoolExecutor.runWorker(ThreadPoolExecutor.java:1134)
        at java.util.concurrent.ThreadPoolExecutor$Worker.run(ThreadPoolExecutor.java:624)
        at java.lang.Thread.run(Thread.java:750)
"IPC Server idle connection scanner for port 33161" daemon prio=5 tid=122 timed_waiting
java.lang.Thread.State: TIMED_WAITING
        at java.lang.Object.wait(Native Method)
        at java.util.TimerThread.mainLoop(Timer.java:552)
        at java.util.TimerThread.run(Timer.java:505)
"ChunkReader-ELG-0" daemon prio=5 tid=503 runnable
java.lang.Thread.State: RUNNABLE
        at org.apache.ratis.thirdparty.io.netty.channel.epoll.Native.epollWait(Native Method)
        at org.apache.ratis.thirdparty.io.netty.channel.epoll.Native.epollWait(Native.java:209)
        at org.apache.ratis.thirdparty.io.netty.channel.epoll.Native.epollWait(Native.java:202)
        at org.apache.ratis.thirdparty.io.netty.channel.epoll.EpollEventLoop.epollWaitNoTimerChange(EpollEventLoop.java:294)
        at org.apache.ratis.thirdparty.io.netty.channel.epoll.EpollEventLoop.run(EpollEventLoop.java:351)
        at org.apache.ratis.thirdparty.io.netty.util.concurrent.SingleThreadEventExecutor$4.run(SingleThreadEventExecutor.java:995)
        at org.apache.ratis.thirdparty.io.netty.util.internal.ThreadExecutorMap$2.run(ThreadExecutorMap.java:74)
        at java.lang.Thread.run(Thread.java:750)
"Datanode ReportManager Thread - 3" daemon prio=5 tid=322 timed_waiting
java.lang.Thread.State: TIMED_WAITING
        at sun.misc.Unsafe.park(Native Method)
        at java.util.concurrent.locks.LockSupport.parkNanos(LockSupport.java:215)
        at java.util.concurrent.locks.AbstractQueuedSynchronizer$ConditionObject.awaitNanos(AbstractQueuedSynchronizer.java:2078)
        at java.util.concurrent.ScheduledThreadPoolExecutor$DelayedWorkQueue.take(ScheduledThreadPoolExecutor.java:1093)
        at java.util.concurrent.ScheduledThreadPoolExecutor$DelayedWorkQueue.take(ScheduledThreadPoolExecutor.java:809)
        at java.util.concurrent.ThreadPoolExecutor.getTask(ThreadPoolExecutor.java:1074)
        at java.util.concurrent.ThreadPoolExecutor.runWorker(ThreadPoolExecutor.java:1134)
        at java.util.concurrent.ThreadPoolExecutor$Worker.run(ThreadPoolExecutor.java:624)
        at java.lang.Thread.run(Thread.java:750)
"BlockDeletingService#1" daemon prio=5 tid=545 in Object.wait()
java.lang.Thread.State: WAITING (on object monitor)
        at sun.misc.Unsafe.park(Native Method)
        at java.util.concurrent.locks.LockSupport.park(LockSupport.java:175)
        at java.util.concurrent.locks.AbstractQueuedSynchronizer$ConditionObject.await(AbstractQueuedSynchronizer.java:2039)
        at java.util.concurrent.ScheduledThreadPoolExecutor$DelayedWorkQueue.take(ScheduledThreadPoolExecutor.java:1088)
        at java.util.concurrent.ScheduledThreadPoolExecutor$DelayedWorkQueue.take(ScheduledThreadPoolExecutor.java:809)
        at java.util.concurrent.ThreadPoolExecutor.getTask(ThreadPoolExecutor.java:1074)
        at java.util.concurrent.ThreadPoolExecutor.runWorker(ThreadPoolExecutor.java:1134)
        at java.util.concurrent.ThreadPoolExecutor$Worker.run(ThreadPoolExecutor.java:624)
        at java.lang.Thread.run(Thread.java:750)
"IPC Server handler 4 on default port 36683" daemon prio=5 tid=61 timed_waiting
java.lang.Thread.State: TIMED_WAITING
        at sun.misc.Unsafe.park(Native Method)
        at java.util.concurrent.locks.LockSupport.parkNanos(LockSupport.java:215)
        at java.util.concurrent.locks.AbstractQueuedSynchronizer$ConditionObject.awaitNanos(AbstractQueuedSynchronizer.java:2078)
        at java.util.concurrent.LinkedBlockingQueue.poll(LinkedBlockingQueue.java:467)
        at org.apache.hadoop.ipc.CallQueueManager.take(CallQueueManager.java:317)
        at org.apache.hadoop.ipc.Server$Handler.run(Server.java:2942)
"Datanode State Machine Task Thread - 1"  prio=5 tid=534 in Object.wait()
java.lang.Thread.State: WAITING (on object monitor)
        at sun.misc.Unsafe.park(Native Method)
        at java.util.concurrent.locks.LockSupport.park(LockSupport.java:175)
        at java.util.concurrent.locks.AbstractQueuedSynchronizer$ConditionObject.await(AbstractQueuedSynchronizer.java:2039)
        at java.util.concurrent.LinkedBlockingQueue.take(LinkedBlockingQueue.java:442)
        at java.util.concurrent.ThreadPoolExecutor.getTask(ThreadPoolExecutor.java:1074)
        at java.util.concurrent.ThreadPoolExecutor.runWorker(ThreadPoolExecutor.java:1134)
        at java.util.concurrent.ThreadPoolExecutor$Worker.run(ThreadPoolExecutor.java:624)
        at java.lang.Thread.run(Thread.java:750)
"StaleRecoveringContainerScrubbingService#3" daemon prio=5 tid=942 in Object.wait()
java.lang.Thread.State: WAITING (on object monitor)
        at sun.misc.Unsafe.park(Native Method)
        at java.util.concurrent.locks.LockSupport.park(LockSupport.java:175)
        at java.util.concurrent.locks.AbstractQueuedSynchronizer$ConditionObject.await(AbstractQueuedSynchronizer.java:2039)
        at java.util.concurrent.ScheduledThreadPoolExecutor$DelayedWorkQueue.take(ScheduledThreadPoolExecutor.java:1088)
        at java.util.concurrent.ScheduledThreadPoolExecutor$DelayedWorkQueue.take(ScheduledThreadPoolExecutor.java:809)
        at java.util.concurrent.ThreadPoolExecutor.getTask(ThreadPoolExecutor.java:1074)
        at java.util.concurrent.ThreadPoolExecutor.runWorker(ThreadPoolExecutor.java:1134)
        at java.util.concurrent.ThreadPoolExecutor$Worker.run(ThreadPoolExecutor.java:624)
        at java.lang.Thread.run(Thread.java:750)
"ChunkWriter-2-0" daemon prio=5 tid=500 in Object.wait()
java.lang.Thread.State: WAITING (on object monitor)
        at sun.misc.Unsafe.park(Native Method)
        at java.util.concurrent.locks.LockSupport.park(LockSupport.java:175)
        at java.util.concurrent.locks.AbstractQueuedSynchronizer$ConditionObject.await(AbstractQueuedSynchronizer.java:2039)
        at java.util.concurrent.LinkedBlockingDeque.takeFirst(LinkedBlockingDeque.java:492)
        at java.util.concurrent.LinkedBlockingDeque.take(LinkedBlockingDeque.java:680)
        at java.util.concurrent.ThreadPoolExecutor.getTask(ThreadPoolExecutor.java:1074)
        at java.util.concurrent.ThreadPoolExecutor.runWorker(ThreadPoolExecutor.java:1134)
        at java.util.concurrent.ThreadPoolExecutor$Worker.run(ThreadPoolExecutor.java:624)
        at java.lang.Thread.run(Thread.java:750)
"pool-246-thread-1"  prio=5 tid=372 timed_waiting
java.lang.Thread.State: TIMED_WAITING
        at sun.misc.Unsafe.park(Native Method)
        at java.util.concurrent.locks.LockSupport.parkNanos(LockSupport.java:215)
        at java.util.concurrent.locks.AbstractQueuedSynchronizer$ConditionObject.awaitNanos(AbstractQueuedSynchronizer.java:2078)
        at java.util.concurrent.ScheduledThreadPoolExecutor$DelayedWorkQueue.take(ScheduledThreadPoolExecutor.java:1093)
        at java.util.concurrent.ScheduledThreadPoolExecutor$DelayedWorkQueue.take(ScheduledThreadPoolExecutor.java:809)
        at java.util.concurrent.ThreadPoolExecutor.getTask(ThreadPoolExecutor.java:1074)
        at java.util.concurrent.ThreadPoolExecutor.runWorker(ThreadPoolExecutor.java:1134)
        at java.util.concurrent.ThreadPoolExecutor$Worker.run(ThreadPoolExecutor.java:624)
        at java.lang.Thread.run(Thread.java:750)
"Datanode State Machine Task Thread - 1"  prio=5 tid=363 in Object.wait()
java.lang.Thread.State: WAITING (on object monitor)
        at sun.misc.Unsafe.park(Native Method)
        at java.util.concurrent.locks.LockSupport.park(LockSupport.java:175)
        at java.util.concurrent.locks.AbstractQueuedSynchronizer$ConditionObject.await(AbstractQueuedSynchronizer.java:2039)
        at java.util.concurrent.LinkedBlockingQueue.take(LinkedBlockingQueue.java:442)
        at java.util.concurrent.ThreadPoolExecutor.getTask(ThreadPoolExecutor.java:1074)
        at java.util.concurrent.ThreadPoolExecutor.runWorker(ThreadPoolExecutor.java:1134)
        at java.util.concurrent.ThreadPoolExecutor$Worker.run(ThreadPoolExecutor.java:624)
        at java.lang.Thread.run(Thread.java:750)
"qtp1433335917-255-acceptor-0@39098aef-ServerConnector@2c5281b1{HTTP/1.1, (http/1.1)}{0.0.0.0:39943}" daemon prio=3 tid=255 runnable
java.lang.Thread.State: RUNNABLE
        at sun.nio.ch.ServerSocketChannelImpl.accept0(Native Method)
        at sun.nio.ch.ServerSocketChannelImpl.accept(ServerSocketChannelImpl.java:421)
        at sun.nio.ch.ServerSocketChannelImpl.accept(ServerSocketChannelImpl.java:249)
        at org.eclipse.jetty.server.ServerConnector.accept(ServerConnector.java:388)
        at org.eclipse.jetty.server.AbstractConnector$Acceptor.run(AbstractConnector.java:702)
        at org.eclipse.jetty.util.thread.QueuedThreadPool.runJob(QueuedThreadPool.java:883)
        at org.eclipse.jetty.util.thread.QueuedThreadPool$Runner.run(QueuedThreadPool.java:1034)
        at java.lang.Thread.run(Thread.java:750)
"Datanode State Machine Task Thread - 1"  prio=5 tid=521 in Object.wait()
java.lang.Thread.State: WAITING (on object monitor)
        at sun.misc.Unsafe.park(Native Method)
        at java.util.concurrent.locks.LockSupport.park(LockSupport.java:175)
        at java.util.concurrent.locks.AbstractQueuedSynchronizer$ConditionObject.await(AbstractQueuedSynchronizer.java:2039)
        at java.util.concurrent.LinkedBlockingQueue.take(LinkedBlockingQueue.java:442)
        at java.util.concurrent.ThreadPoolExecutor.getTask(ThreadPoolExecutor.java:1074)
        at java.util.concurrent.ThreadPoolExecutor.runWorker(ThreadPoolExecutor.java:1134)
        at java.util.concurrent.ThreadPoolExecutor$Worker.run(ThreadPoolExecutor.java:624)
        at java.lang.Thread.run(Thread.java:750)
"Datanode State Machine Daemon Thread" daemon prio=5 tid=263 timed_waiting
java.lang.Thread.State: TIMED_WAITING
        at java.lang.Thread.sleep(Native Method)
        at org.apache.hadoop.ozone.container.common.statemachine.DatanodeStateMachine.startStateMachineThread(DatanodeStateMachine.java:318)
        at org.apache.hadoop.ozone.container.common.statemachine.DatanodeStateMachine.lambda$startDaemon$0(DatanodeStateMachine.java:499)
        at org.apache.hadoop.ozone.container.common.statemachine.DatanodeStateMachine$$Lambda$745/1741217770.run(Unknown Source)
        at java.lang.Thread.run(Thread.java:750)
"BlockDeletingService#0" daemon prio=5 tid=485 timed_waiting
java.lang.Thread.State: TIMED_WAITING
        at sun.misc.Unsafe.park(Native Method)
        at java.util.concurrent.locks.LockSupport.parkNanos(LockSupport.java:215)
        at java.util.concurrent.locks.AbstractQueuedSynchronizer$ConditionObject.awaitNanos(AbstractQueuedSynchronizer.java:2078)
        at java.util.concurrent.ScheduledThreadPoolExecutor$DelayedWorkQueue.take(ScheduledThreadPoolExecutor.java:1093)
        at java.util.concurrent.ScheduledThreadPoolExecutor$DelayedWorkQueue.take(ScheduledThreadPoolExecutor.java:809)
        at java.util.concurrent.ThreadPoolExecutor.getTask(ThreadPoolExecutor.java:1074)
        at java.util.concurrent.ThreadPoolExecutor.runWorker(ThreadPoolExecutor.java:1134)
        at java.util.concurrent.ThreadPoolExecutor$Worker.run(ThreadPoolExecutor.java:624)
        at java.lang.Thread.run(Thread.java:750)
"Datanode ReportManager Thread - 3" daemon prio=5 tid=215 in Object.wait()
java.lang.Thread.State: WAITING (on object monitor)
        at sun.misc.Unsafe.park(Native Method)
        at java.util.concurrent.locks.LockSupport.park(LockSupport.java:175)
        at java.util.concurrent.locks.AbstractQueuedSynchronizer$ConditionObject.await(AbstractQueuedSynchronizer.java:2039)
        at java.util.concurrent.ScheduledThreadPoolExecutor$DelayedWorkQueue.take(ScheduledThreadPoolExecutor.java:1088)
        at java.util.concurrent.ScheduledThreadPoolExecutor$DelayedWorkQueue.take(ScheduledThreadPoolExecutor.java:809)
        at java.util.concurrent.ThreadPoolExecutor.getTask(ThreadPoolExecutor.java:1074)
        at java.util.concurrent.ThreadPoolExecutor.runWorker(ThreadPoolExecutor.java:1134)
        at java.util.concurrent.ThreadPoolExecutor$Worker.run(ThreadPoolExecutor.java:624)
        at java.lang.Thread.run(Thread.java:750)
"IPC Server handler 17 on default port 33161" daemon prio=5 tid=161 timed_waiting
java.lang.Thread.State: TIMED_WAITING
        at sun.misc.Unsafe.park(Native Method)
        at java.util.concurrent.locks.LockSupport.parkNanos(LockSupport.java:215)
        at java.util.concurrent.locks.AbstractQueuedSynchronizer$ConditionObject.awaitNanos(AbstractQueuedSynchronizer.java:2078)
        at java.util.concurrent.LinkedBlockingQueue.poll(LinkedBlockingQueue.java:467)
        at org.apache.hadoop.ipc.CallQueueManager.take(CallQueueManager.java:317)
        at org.apache.hadoop.ipc.Server$Handler.run(Server.java:2942)
"Signal Dispatcher" daemon prio=9 tid=4 runnable
java.lang.Thread.State: RUNNABLE
"StaleRecoveringContainerScrubbingService#3" daemon prio=5 tid=938 in Object.wait()
java.lang.Thread.State: WAITING (on object monitor)
        at sun.misc.Unsafe.park(Native Method)
        at java.util.concurrent.locks.LockSupport.park(LockSupport.java:175)
        at java.util.concurrent.locks.AbstractQueuedSynchronizer$ConditionObject.await(AbstractQueuedSynchronizer.java:2039)
        at java.util.concurrent.ScheduledThreadPoolExecutor$DelayedWorkQueue.take(ScheduledThreadPoolExecutor.java:1088)
        at java.util.concurrent.ScheduledThreadPoolExecutor$DelayedWorkQueue.take(ScheduledThreadPoolExecutor.java:809)
        at java.util.concurrent.ThreadPoolExecutor.getTask(ThreadPoolExecutor.java:1074)
        at java.util.concurrent.ThreadPoolExecutor.runWorker(ThreadPoolExecutor.java:1134)
        at java.util.concurrent.ThreadPoolExecutor$Worker.run(ThreadPoolExecutor.java:624)
        at java.lang.Thread.run(Thread.java:750)
"be21c5c4-321c-411e-8ca9-5bb5909d110b@group-670B8877836B-FollowerState" daemon prio=5 tid=901 timed_waiting
java.lang.Thread.State: TIMED_WAITING
        at java.lang.Thread.sleep(Native Method)
        at java.lang.Thread.sleep(Thread.java:342)
        at java.util.concurrent.TimeUnit.sleep(TimeUnit.java:386)
        at org.apache.ratis.util.TimeDuration.sleep(TimeDuration.java:325)
        at org.apache.ratis.util.TimeDuration.sleep(TimeDuration.java:310)
        at org.apache.ratis.server.impl.FollowerState.run(FollowerState.java:128)
"Datanode ReportManager Thread - 4" daemon prio=5 tid=294 timed_waiting
java.lang.Thread.State: TIMED_WAITING
        at sun.misc.Unsafe.park(Native Method)
        at java.util.concurrent.locks.LockSupport.parkNanos(LockSupport.java:215)
        at java.util.concurrent.locks.AbstractQueuedSynchronizer$ConditionObject.awaitNanos(AbstractQueuedSynchronizer.java:2078)
        at java.util.concurrent.ScheduledThreadPoolExecutor$DelayedWorkQueue.take(ScheduledThreadPoolExecutor.java:1093)
        at java.util.concurrent.ScheduledThreadPoolExecutor$DelayedWorkQueue.take(ScheduledThreadPoolExecutor.java:809)
        at java.util.concurrent.ThreadPoolExecutor.getTask(ThreadPoolExecutor.java:1074)
        at java.util.concurrent.ThreadPoolExecutor.runWorker(ThreadPoolExecutor.java:1134)
        at java.util.concurrent.ThreadPoolExecutor$Worker.run(ThreadPoolExecutor.java:624)
        at java.lang.Thread.run(Thread.java:750)
"Periodic HDDS volume checker" daemon prio=5 tid=247 timed_waiting
java.lang.Thread.State: TIMED_WAITING
        at sun.misc.Unsafe.park(Native Method)
        at java.util.concurrent.locks.LockSupport.parkNanos(LockSupport.java:215)
        at java.util.concurrent.locks.AbstractQueuedSynchronizer$ConditionObject.awaitNanos(AbstractQueuedSynchronizer.java:2078)
        at java.util.concurrent.ScheduledThreadPoolExecutor$DelayedWorkQueue.take(ScheduledThreadPoolExecutor.java:1093)
        at java.util.concurrent.ScheduledThreadPoolExecutor$DelayedWorkQueue.take(ScheduledThreadPoolExecutor.java:809)
        at java.util.concurrent.ThreadPoolExecutor.getTask(ThreadPoolExecutor.java:1074)
        at java.util.concurrent.ThreadPoolExecutor.runWorker(ThreadPoolExecutor.java:1134)
        at java.util.concurrent.ThreadPoolExecutor$Worker.run(ThreadPoolExecutor.java:624)
        at java.lang.Thread.run(Thread.java:750)
"IPC Server handler 6 on default port 33229" daemon prio=5 tid=43 timed_waiting
java.lang.Thread.State: TIMED_WAITING
        at sun.misc.Unsafe.park(Native Method)
        at java.util.concurrent.locks.LockSupport.parkNanos(LockSupport.java:215)
        at java.util.concurrent.locks.AbstractQueuedSynchronizer$ConditionObject.awaitNanos(AbstractQueuedSynchronizer.java:2078)
        at java.util.concurrent.LinkedBlockingQueue.poll(LinkedBlockingQueue.java:467)
        at org.apache.hadoop.ipc.CallQueueManager.take(CallQueueManager.java:317)
        at org.apache.hadoop.ipc.Server$Handler.run(Server.java:2942)
"ChunkWriter-1-0" daemon prio=5 tid=550 in Object.wait()
java.lang.Thread.State: WAITING (on object monitor)
        at sun.misc.Unsafe.park(Native Method)
        at java.util.concurrent.locks.LockSupport.park(LockSupport.java:175)
        at java.util.concurrent.locks.AbstractQueuedSynchronizer$ConditionObject.await(AbstractQueuedSynchronizer.java:2039)
        at java.util.concurrent.LinkedBlockingDeque.takeFirst(LinkedBlockingDeque.java:492)
        at java.util.concurrent.LinkedBlockingDeque.take(LinkedBlockingDeque.java:680)
        at java.util.concurrent.ThreadPoolExecutor.getTask(ThreadPoolExecutor.java:1074)
        at java.util.concurrent.ThreadPoolExecutor.runWorker(ThreadPoolExecutor.java:1134)
        at java.util.concurrent.ThreadPoolExecutor$Worker.run(ThreadPoolExecutor.java:624)
        at java.lang.Thread.run(Thread.java:750)
"StaleRecoveringContainerScrubbingService#0" daemon prio=5 tid=556 timed_waiting
java.lang.Thread.State: TIMED_WAITING
        at sun.misc.Unsafe.park(Native Method)
        at java.util.concurrent.locks.LockSupport.parkNanos(LockSupport.java:215)
        at java.util.concurrent.locks.AbstractQueuedSynchronizer$ConditionObject.awaitNanos(AbstractQueuedSynchronizer.java:2078)
        at java.util.concurrent.ScheduledThreadPoolExecutor$DelayedWorkQueue.take(ScheduledThreadPoolExecutor.java:1093)
        at java.util.concurrent.ScheduledThreadPoolExecutor$DelayedWorkQueue.take(ScheduledThreadPoolExecutor.java:809)
        at java.util.concurrent.ThreadPoolExecutor.getTask(ThreadPoolExecutor.java:1074)
        at java.util.concurrent.ThreadPoolExecutor.runWorker(ThreadPoolExecutor.java:1134)
        at java.util.concurrent.ThreadPoolExecutor$Worker.run(ThreadPoolExecutor.java:624)
        at java.lang.Thread.run(Thread.java:750)
"Command processor thread" daemon prio=5 tid=324 timed_waiting
java.lang.Thread.State: TIMED_WAITING
        at java.lang.Thread.sleep(Native Method)
        at org.apache.hadoop.ozone.container.common.statemachine.DatanodeStateMachine.lambda$initCommandHandlerThread$3(DatanodeStateMachine.java:634)
        at org.apache.hadoop.ozone.container.common.statemachine.DatanodeStateMachine$$Lambda$747/2071845850.run(Unknown Source)
        at java.lang.Thread.run(Thread.java:750)
"qtp1125897995-202" daemon prio=5 tid=202 runnable
java.lang.Thread.State: RUNNABLE
        at sun.nio.ch.EPollArrayWrapper.epollWait(Native Method)
        at sun.nio.ch.EPollArrayWrapper.poll(EPollArrayWrapper.java:269)
        at sun.nio.ch.EPollSelectorImpl.doSelect(EPollSelectorImpl.java:93)
        at sun.nio.ch.SelectorImpl.lockAndDoSelect(SelectorImpl.java:86)
        at sun.nio.ch.SelectorImpl.select(SelectorImpl.java:97)
        at sun.nio.ch.SelectorImpl.select(SelectorImpl.java:101)
        at org.eclipse.jetty.io.ManagedSelector.nioSelect(ManagedSelector.java:183)
        at org.eclipse.jetty.io.ManagedSelector.select(ManagedSelector.java:190)
        at org.eclipse.jetty.io.ManagedSelector$SelectorProducer.select(ManagedSelector.java:606)
        at org.eclipse.jetty.io.ManagedSelector$SelectorProducer.produce(ManagedSelector.java:543)
        at org.eclipse.jetty.util.thread.strategy.EatWhatYouKill.produceTask(EatWhatYouKill.java:362)
        at org.eclipse.jetty.util.thread.strategy.EatWhatYouKill.doProduce(EatWhatYouKill.java:186)
        at org.eclipse.jetty.util.thread.strategy.EatWhatYouKill.tryProduce(EatWhatYouKill.java:173)
        at org.eclipse.jetty.util.thread.strategy.EatWhatYouKill.produce(EatWhatYouKill.java:137)
        at org.eclipse.jetty.io.ManagedSelector$$Lambda$443/465676958.run(Unknown Source)
        at org.eclipse.jetty.util.thread.QueuedThreadPool.runJob(QueuedThreadPool.java:883)
        at org.eclipse.jetty.util.thread.QueuedThreadPool$Runner.run(QueuedThreadPool.java:1034)
        at java.lang.Thread.run(Thread.java:750)
"IPC Client (1588219600) connection to /0.0.0.0:39909 from runner" daemon prio=5 tid=317 timed_waiting
java.lang.Thread.State: TIMED_WAITING
        at java.lang.Object.wait(Native Method)
        at org.apache.hadoop.ipc.Client$Connection.waitForWork(Client.java:1086)
        at org.apache.hadoop.ipc.Client$Connection.run(Client.java:1133)
"StaleRecoveringContainerScrubbingService#1" daemon prio=5 tid=335 in Object.wait()
java.lang.Thread.State: WAITING (on object monitor)
        at sun.misc.Unsafe.park(Native Method)
        at java.util.concurrent.locks.LockSupport.park(LockSupport.java:175)
        at java.util.concurrent.locks.AbstractQueuedSynchronizer$ConditionObject.await(AbstractQueuedSynchronizer.java:2039)
        at java.util.concurrent.ScheduledThreadPoolExecutor$DelayedWorkQueue.take(ScheduledThreadPoolExecutor.java:1088)
        at java.util.concurrent.ScheduledThreadPoolExecutor$DelayedWorkQueue.take(ScheduledThreadPoolExecutor.java:809)
        at java.util.concurrent.ThreadPoolExecutor.getTask(ThreadPoolExecutor.java:1074)
        at java.util.concurrent.ThreadPoolExecutor.runWorker(ThreadPoolExecutor.java:1134)
        at java.util.concurrent.ThreadPoolExecutor$Worker.run(ThreadPoolExecutor.java:624)
        at java.lang.Thread.run(Thread.java:750)
"IPC Server handler 15 on default port 33161" daemon prio=5 tid=159 timed_waiting
java.lang.Thread.State: TIMED_WAITING
        at sun.misc.Unsafe.park(Native Method)
        at java.util.concurrent.locks.LockSupport.parkNanos(LockSupport.java:215)
        at java.util.concurrent.locks.AbstractQueuedSynchronizer$ConditionObject.awaitNanos(AbstractQueuedSynchronizer.java:2078)
        at java.util.concurrent.LinkedBlockingQueue.poll(LinkedBlockingQueue.java:467)
        at org.apache.hadoop.ipc.CallQueueManager.take(CallQueueManager.java:317)
        at org.apache.hadoop.ipc.Server$Handler.run(Server.java:2942)
"IPC Server handler 11 on default port 33229" daemon prio=5 tid=48 timed_waiting
java.lang.Thread.State: TIMED_WAITING
        at sun.misc.Unsafe.park(Native Method)
        at java.util.concurrent.locks.LockSupport.parkNanos(LockSupport.java:215)
        at java.util.concurrent.locks.AbstractQueuedSynchronizer$ConditionObject.awaitNanos(AbstractQueuedSynchronizer.java:2078)
        at java.util.concurrent.LinkedBlockingQueue.poll(LinkedBlockingQueue.java:467)
        at org.apache.hadoop.ipc.CallQueueManager.take(CallQueueManager.java:317)
        at org.apache.hadoop.ipc.Server$Handler.run(Server.java:2942)
"Datanode State Machine Daemon Thread" daemon prio=5 tid=430 timed_waiting
java.lang.Thread.State: TIMED_WAITING
        at java.lang.Thread.sleep(Native Method)
        at org.apache.hadoop.ozone.container.common.statemachine.DatanodeStateMachine.startStateMachineThread(DatanodeStateMachine.java:318)
        at org.apache.hadoop.ozone.container.common.statemachine.DatanodeStateMachine.lambda$startDaemon$0(DatanodeStateMachine.java:499)
        at org.apache.hadoop.ozone.container.common.statemachine.DatanodeStateMachine$$Lambda$745/1741217770.run(Unknown Source)
        at java.lang.Thread.run(Thread.java:750)
"StaleRecoveringContainerScrubbingService#1" daemon prio=5 tid=466 in Object.wait()
java.lang.Thread.State: WAITING (on object monitor)
        at sun.misc.Unsafe.park(Native Method)
        at java.util.concurrent.locks.LockSupport.park(LockSupport.java:175)
        at java.util.concurrent.locks.AbstractQueuedSynchronizer$ConditionObject.await(AbstractQueuedSynchronizer.java:2039)
        at java.util.concurrent.ScheduledThreadPoolExecutor$DelayedWorkQueue.take(ScheduledThreadPoolExecutor.java:1088)
        at java.util.concurrent.ScheduledThreadPoolExecutor$DelayedWorkQueue.take(ScheduledThreadPoolExecutor.java:809)
        at java.util.concurrent.ThreadPoolExecutor.getTask(ThreadPoolExecutor.java:1074)
        at java.util.concurrent.ThreadPoolExecutor.runWorker(ThreadPoolExecutor.java:1134)
        at java.util.concurrent.ThreadPoolExecutor$Worker.run(ThreadPoolExecutor.java:624)
        at java.lang.Thread.run(Thread.java:750)
"Datanode ReportManager Thread - 2" daemon prio=5 tid=240 in Object.wait()
java.lang.Thread.State: WAITING (on object monitor)
        at sun.misc.Unsafe.park(Native Method)
        at java.util.concurrent.locks.LockSupport.park(LockSupport.java:175)
        at java.util.concurrent.locks.AbstractQueuedSynchronizer$ConditionObject.await(AbstractQueuedSynchronizer.java:2039)
        at java.util.concurrent.ScheduledThreadPoolExecutor$DelayedWorkQueue.take(ScheduledThreadPoolExecutor.java:1088)
        at java.util.concurrent.ScheduledThreadPoolExecutor$DelayedWorkQueue.take(ScheduledThreadPoolExecutor.java:809)
        at java.util.concurrent.ThreadPoolExecutor.getTask(ThreadPoolExecutor.java:1074)
        at java.util.concurrent.ThreadPoolExecutor.runWorker(ThreadPoolExecutor.java:1134)
        at java.util.concurrent.ThreadPoolExecutor$Worker.run(ThreadPoolExecutor.java:624)
        at java.lang.Thread.run(Thread.java:750)
"pool-141-thread-1"  prio=5 tid=604 in Object.wait()
java.lang.Thread.State: WAITING (on object monitor)
        at sun.misc.Unsafe.park(Native Method)
        at java.util.concurrent.locks.LockSupport.park(LockSupport.java:175)
        at java.util.concurrent.locks.AbstractQueuedSynchronizer$ConditionObject.await(AbstractQueuedSynchronizer.java:2039)
        at java.util.concurrent.LinkedBlockingQueue.take(LinkedBlockingQueue.java:442)
        at java.util.concurrent.ThreadPoolExecutor.getTask(ThreadPoolExecutor.java:1074)
        at java.util.concurrent.ThreadPoolExecutor.runWorker(ThreadPoolExecutor.java:1134)
        at java.util.concurrent.ThreadPoolExecutor$Worker.run(ThreadPoolExecutor.java:624)
        at java.lang.Thread.run(Thread.java:750)
"Datanode ReportManager Thread - 4" daemon prio=5 tid=397 in Object.wait()
java.lang.Thread.State: WAITING (on object monitor)
        at sun.misc.Unsafe.park(Native Method)
        at java.util.concurrent.locks.LockSupport.park(LockSupport.java:175)
        at java.util.concurrent.locks.AbstractQueuedSynchronizer$ConditionObject.await(AbstractQueuedSynchronizer.java:2039)
        at java.util.concurrent.ScheduledThreadPoolExecutor$DelayedWorkQueue.take(ScheduledThreadPoolExecutor.java:1088)
        at java.util.concurrent.ScheduledThreadPoolExecutor$DelayedWorkQueue.take(ScheduledThreadPoolExecutor.java:809)
        at java.util.concurrent.ThreadPoolExecutor.getTask(ThreadPoolExecutor.java:1074)
        at java.util.concurrent.ThreadPoolExecutor.runWorker(ThreadPoolExecutor.java:1134)
        at java.util.concurrent.ThreadPoolExecutor$Worker.run(ThreadPoolExecutor.java:624)
        at java.lang.Thread.run(Thread.java:750)
"qtp936869842-231" daemon prio=5 tid=231 timed_waiting
java.lang.Thread.State: TIMED_WAITING
        at sun.misc.Unsafe.park(Native Method)
        at java.util.concurrent.locks.LockSupport.parkNanos(LockSupport.java:215)
        at java.util.concurrent.locks.AbstractQueuedSynchronizer$ConditionObject.awaitNanos(AbstractQueuedSynchronizer.java:2078)
        at org.eclipse.jetty.util.BlockingArrayQueue.poll(BlockingArrayQueue.java:382)
        at org.eclipse.jetty.util.thread.QueuedThreadPool$Runner.idleJobPoll(QueuedThreadPool.java:974)
        at org.eclipse.jetty.util.thread.QueuedThreadPool$Runner.run(QueuedThreadPool.java:1018)
        at java.lang.Thread.run(Thread.java:750)
"qtp1890320776-380" daemon prio=5 tid=380 timed_waiting
java.lang.Thread.State: TIMED_WAITING
        at sun.misc.Unsafe.park(Native Method)
        at java.util.concurrent.locks.LockSupport.parkNanos(LockSupport.java:215)
        at java.util.concurrent.locks.AbstractQueuedSynchronizer$ConditionObject.awaitNanos(AbstractQueuedSynchronizer.java:2078)
        at org.eclipse.jetty.util.BlockingArrayQueue.poll(BlockingArrayQueue.java:382)
        at org.eclipse.jetty.util.thread.QueuedThreadPool$Runner.idleJobPoll(QueuedThreadPool.java:974)
        at org.eclipse.jetty.util.thread.QueuedThreadPool$Runner.run(QueuedThreadPool.java:1018)
        at java.lang.Thread.run(Thread.java:750)
"IPC Server handler 5 on default port 39909" daemon prio=5 tid=82 timed_waiting
java.lang.Thread.State: TIMED_WAITING
        at sun.misc.Unsafe.park(Native Method)
        at java.util.concurrent.locks.LockSupport.parkNanos(LockSupport.java:215)
        at java.util.concurrent.locks.AbstractQueuedSynchronizer$ConditionObject.awaitNanos(AbstractQueuedSynchronizer.java:2078)
        at java.util.concurrent.LinkedBlockingQueue.poll(LinkedBlockingQueue.java:467)
        at org.apache.hadoop.ipc.CallQueueManager.take(CallQueueManager.java:317)
        at org.apache.hadoop.ipc.Server$Handler.run(Server.java:2942)
"Session-HouseKeeper-51dfa3c5-1"  prio=5 tid=467 timed_waiting
java.lang.Thread.State: TIMED_WAITING
        at sun.misc.Unsafe.park(Native Method)
        at java.util.concurrent.locks.LockSupport.parkNanos(LockSupport.java:215)
        at java.util.concurrent.locks.AbstractQueuedSynchronizer$ConditionObject.awaitNanos(AbstractQueuedSynchronizer.java:2078)
        at java.util.concurrent.ScheduledThreadPoolExecutor$DelayedWorkQueue.take(ScheduledThreadPoolExecutor.java:1093)
        at java.util.concurrent.ScheduledThreadPoolExecutor$DelayedWorkQueue.take(ScheduledThreadPoolExecutor.java:809)
        at java.util.concurrent.ThreadPoolExecutor.getTask(ThreadPoolExecutor.java:1074)
        at java.util.concurrent.ThreadPoolExecutor.runWorker(ThreadPoolExecutor.java:1134)
        at java.util.concurrent.ThreadPoolExecutor$Worker.run(ThreadPoolExecutor.java:624)
        at java.lang.Thread.run(Thread.java:750)
"IPC Server handler 3 on default port 33229" daemon prio=5 tid=40 timed_waiting
java.lang.Thread.State: TIMED_WAITING
        at sun.misc.Unsafe.park(Native Method)
        at java.util.concurrent.locks.LockSupport.parkNanos(LockSupport.java:215)
        at java.util.concurrent.locks.AbstractQueuedSynchronizer$ConditionObject.awaitNanos(AbstractQueuedSynchronizer.java:2078)
        at java.util.concurrent.LinkedBlockingQueue.poll(LinkedBlockingQueue.java:467)
        at org.apache.hadoop.ipc.CallQueueManager.take(CallQueueManager.java:317)
        at org.apache.hadoop.ipc.Server$Handler.run(Server.java:2942)
"org.apache.hadoop.util.JvmPauseMonitor$Monitor@3fb4f938" daemon prio=5 tid=437 timed_waiting
java.lang.Thread.State: TIMED_WAITING
        at java.lang.Thread.sleep(Native Method)
        at org.apache.hadoop.util.JvmPauseMonitor$Monitor.run(JvmPauseMonitor.java:192)
        at java.lang.Thread.run(Thread.java:750)
"IPC Server handler 9 on default port 39909" daemon prio=5 tid=86 timed_waiting
java.lang.Thread.State: TIMED_WAITING
        at sun.misc.Unsafe.park(Native Method)
        at java.util.concurrent.locks.LockSupport.parkNanos(LockSupport.java:215)
        at java.util.concurrent.locks.AbstractQueuedSynchronizer$ConditionObject.awaitNanos(AbstractQueuedSynchronizer.java:2078)
        at java.util.concurrent.LinkedBlockingQueue.poll(LinkedBlockingQueue.java:467)
        at org.apache.hadoop.ipc.CallQueueManager.take(CallQueueManager.java:317)
        at org.apache.hadoop.ipc.Server$Handler.run(Server.java:2942)
"IPC Server handler 6 on default port 33161" daemon prio=5 tid=150 timed_waiting
java.lang.Thread.State: TIMED_WAITING
        at sun.misc.Unsafe.park(Native Method)
        at java.util.concurrent.locks.LockSupport.parkNanos(LockSupport.java:215)
        at java.util.concurrent.locks.AbstractQueuedSynchronizer$ConditionObject.awaitNanos(AbstractQueuedSynchronizer.java:2078)
        at java.util.concurrent.LinkedBlockingQueue.poll(LinkedBlockingQueue.java:467)
        at org.apache.hadoop.ipc.CallQueueManager.take(CallQueueManager.java:317)
        at org.apache.hadoop.ipc.Server$Handler.run(Server.java:2942)
"IPC Server handler 7 on default port 33161" daemon prio=5 tid=151 timed_waiting
java.lang.Thread.State: TIMED_WAITING
        at sun.misc.Unsafe.park(Native Method)
        at java.util.concurrent.locks.LockSupport.parkNanos(LockSupport.java:215)
        at java.util.concurrent.locks.AbstractQueuedSynchronizer$ConditionObject.awaitNanos(AbstractQueuedSynchronizer.java:2078)
        at java.util.concurrent.LinkedBlockingQueue.poll(LinkedBlockingQueue.java:467)
        at org.apache.hadoop.ipc.CallQueueManager.take(CallQueueManager.java:317)
        at org.apache.hadoop.ipc.Server$Handler.run(Server.java:2942)
"EventQueue-DeadNodeForDeadNodeHandler" daemon prio=5 tid=893 in Object.wait()
java.lang.Thread.State: WAITING (on object monitor)
        at sun.misc.Unsafe.park(Native Method)
        at java.util.concurrent.locks.LockSupport.park(LockSupport.java:175)
        at java.util.concurrent.locks.AbstractQueuedSynchronizer$ConditionObject.await(AbstractQueuedSynchronizer.java:2039)
        at java.util.concurrent.LinkedBlockingQueue.take(LinkedBlockingQueue.java:442)
        at java.util.concurrent.ThreadPoolExecutor.getTask(ThreadPoolExecutor.java:1074)
        at java.util.concurrent.ThreadPoolExecutor.runWorker(ThreadPoolExecutor.java:1134)
        at java.util.concurrent.ThreadPoolExecutor$Worker.run(ThreadPoolExecutor.java:624)
        at java.lang.Thread.run(Thread.java:750)
"6ce03c57-5430-4ab1-bf83-fb555d2de968@group-670B8877836B-SegmentedRaftLogWorker"  prio=5 tid=628 timed_waiting
java.lang.Thread.State: TIMED_WAITING
        at sun.misc.Unsafe.park(Native Method)
        at java.util.concurrent.locks.LockSupport.parkNanos(LockSupport.java:215)
        at java.util.concurrent.locks.AbstractQueuedSynchronizer$ConditionObject.awaitNanos(AbstractQueuedSynchronizer.java:2078)
        at org.apache.ratis.util.DataBlockingQueue.poll(DataBlockingQueue.java:148)
        at org.apache.ratis.server.raftlog.segmented.SegmentedRaftLogWorker.run(SegmentedRaftLogWorker.java:310)
        at org.apache.ratis.server.raftlog.segmented.SegmentedRaftLogWorker$$Lambda$661/302741709.run(Unknown Source)
        at java.lang.Thread.run(Thread.java:750)
"EventQueue-PipelineReportForOneReplicaPipelineSafeModeRule" daemon prio=5 tid=493 in Object.wait()
java.lang.Thread.State: WAITING (on object monitor)
        at sun.misc.Unsafe.park(Native Method)
        at java.util.concurrent.locks.LockSupport.park(LockSupport.java:175)
        at java.util.concurrent.locks.AbstractQueuedSynchronizer$ConditionObject.await(AbstractQueuedSynchronizer.java:2039)
        at java.util.concurrent.LinkedBlockingQueue.take(LinkedBlockingQueue.java:442)
        at java.util.concurrent.ThreadPoolExecutor.getTask(ThreadPoolExecutor.java:1074)
        at java.util.concurrent.ThreadPoolExecutor.runWorker(ThreadPoolExecutor.java:1134)
        at java.util.concurrent.ThreadPoolExecutor$Worker.run(ThreadPoolExecutor.java:624)
        at java.lang.Thread.run(Thread.java:750)
"IPC Server Responder" daemon prio=5 tid=123 runnable
java.lang.Thread.State: RUNNABLE
        at sun.nio.ch.EPollArrayWrapper.epollWait(Native Method)
        at sun.nio.ch.EPollArrayWrapper.poll(EPollArrayWrapper.java:269)
        at sun.nio.ch.EPollSelectorImpl.doSelect(EPollSelectorImpl.java:93)
        at sun.nio.ch.SelectorImpl.lockAndDoSelect(SelectorImpl.java:86)
        at sun.nio.ch.SelectorImpl.select(SelectorImpl.java:97)
        at org.apache.hadoop.ipc.Server$Responder.doRunLoop(Server.java:1532)
        at org.apache.hadoop.ipc.Server$Responder.run(Server.java:1515)
"Datanode State Machine Daemon Thread" daemon prio=5 tid=211 timed_waiting
java.lang.Thread.State: TIMED_WAITING
        at java.lang.Thread.sleep(Native Method)
        at org.apache.hadoop.ozone.container.common.statemachine.DatanodeStateMachine.startStateMachineThread(DatanodeStateMachine.java:318)
        at org.apache.hadoop.ozone.container.common.statemachine.DatanodeStateMachine.lambda$startDaemon$0(DatanodeStateMachine.java:499)
        at org.apache.hadoop.ozone.container.common.statemachine.DatanodeStateMachine$$Lambda$745/1741217770.run(Unknown Source)
        at java.lang.Thread.run(Thread.java:750)
"qtp1246984673-177" daemon prio=5 tid=177 timed_waiting
java.lang.Thread.State: TIMED_WAITING
        at sun.misc.Unsafe.park(Native Method)
        at java.util.concurrent.locks.LockSupport.parkNanos(LockSupport.java:215)
        at java.util.concurrent.locks.AbstractQueuedSynchronizer$ConditionObject.awaitNanos(AbstractQueuedSynchronizer.java:2078)
        at org.eclipse.jetty.util.BlockingArrayQueue.poll(BlockingArrayQueue.java:382)
        at org.eclipse.jetty.util.thread.QueuedThreadPool$Runner.idleJobPoll(QueuedThreadPool.java:974)
        at org.eclipse.jetty.util.thread.QueuedThreadPool$Runner.run(QueuedThreadPool.java:1018)
        at java.lang.Thread.run(Thread.java:750)
"pool-118-thread-1"  prio=5 tid=573 in Object.wait()
java.lang.Thread.State: WAITING (on object monitor)
        at sun.misc.Unsafe.park(Native Method)
        at java.util.concurrent.locks.LockSupport.park(LockSupport.java:175)
        at java.util.concurrent.locks.AbstractQueuedSynchronizer$ConditionObject.await(AbstractQueuedSynchronizer.java:2039)
        at java.util.concurrent.LinkedBlockingQueue.take(LinkedBlockingQueue.java:442)
        at java.util.concurrent.ThreadPoolExecutor.getTask(ThreadPoolExecutor.java:1074)
        at java.util.concurrent.ThreadPoolExecutor.runWorker(ThreadPoolExecutor.java:1134)
        at java.util.concurrent.ThreadPoolExecutor$Worker.run(ThreadPoolExecutor.java:624)
        at java.lang.Thread.run(Thread.java:750)
"Periodic HDDS volume checker" daemon prio=5 tid=442 timed_waiting
java.lang.Thread.State: TIMED_WAITING
        at sun.misc.Unsafe.park(Native Method)
        at java.util.concurrent.locks.LockSupport.parkNanos(LockSupport.java:215)
        at java.util.concurrent.locks.AbstractQueuedSynchronizer$ConditionObject.awaitNanos(AbstractQueuedSynchronizer.java:2078)
        at java.util.concurrent.ScheduledThreadPoolExecutor$DelayedWorkQueue.take(ScheduledThreadPoolExecutor.java:1093)
        at java.util.concurrent.ScheduledThreadPoolExecutor$DelayedWorkQueue.take(ScheduledThreadPoolExecutor.java:809)
        at java.util.concurrent.ThreadPoolExecutor.getTask(ThreadPoolExecutor.java:1074)
        at java.util.concurrent.ThreadPoolExecutor.runWorker(ThreadPoolExecutor.java:1134)
        at java.util.concurrent.ThreadPoolExecutor$Worker.run(ThreadPoolExecutor.java:624)
        at java.lang.Thread.run(Thread.java:750)
"org.apache.hadoop.ozone.container.common.statemachine.commandhandler.DeleteBlocksCommandHandler$DeleteCmdWorker@65399087" daemon prio=5 tid=278 timed_waiting
java.lang.Thread.State: TIMED_WAITING
        at java.lang.Thread.sleep(Native Method)
        at org.apache.hadoop.ozone.container.common.statemachine.commandhandler.DeleteBlocksCommandHandler$DeleteCmdWorker.run(DeleteBlocksCommandHandler.java:183)
        at java.lang.Thread.run(Thread.java:750)
"om1@group-C5BA1605619E-LeaderStateImpl" daemon prio=5 tid=193 timed_waiting
java.lang.Thread.State: TIMED_WAITING
        at sun.misc.Unsafe.park(Native Method)
        at java.util.concurrent.locks.LockSupport.parkNanos(LockSupport.java:215)
        at java.util.concurrent.locks.AbstractQueuedSynchronizer$ConditionObject.awaitNanos(AbstractQueuedSynchronizer.java:2078)
        at java.util.concurrent.ArrayBlockingQueue.poll(ArrayBlockingQueue.java:418)
        at org.apache.ratis.server.impl.LeaderStateImpl$EventQueue.poll(LeaderStateImpl.java:159)
        at org.apache.ratis.server.impl.LeaderStateImpl$EventProcessor.run(LeaderStateImpl.java:630)
"IPC Server handler 18 on default port 33229" daemon prio=5 tid=55 timed_waiting
java.lang.Thread.State: TIMED_WAITING
        at sun.misc.Unsafe.park(Native Method)
        at java.util.concurrent.locks.LockSupport.parkNanos(LockSupport.java:215)
        at java.util.concurrent.locks.AbstractQueuedSynchronizer$ConditionObject.awaitNanos(AbstractQueuedSynchronizer.java:2078)
        at java.util.concurrent.LinkedBlockingQueue.poll(LinkedBlockingQueue.java:467)
        at org.apache.hadoop.ipc.CallQueueManager.take(CallQueueManager.java:317)
        at org.apache.hadoop.ipc.Server$Handler.run(Server.java:2942)
"BlockDeletingService#3" daemon prio=5 tid=933 in Object.wait()
java.lang.Thread.State: WAITING (on object monitor)
        at sun.misc.Unsafe.park(Native Method)
        at java.util.concurrent.locks.LockSupport.park(LockSupport.java:175)
        at java.util.concurrent.locks.AbstractQueuedSynchronizer$ConditionObject.await(AbstractQueuedSynchronizer.java:2039)
        at java.util.concurrent.ScheduledThreadPoolExecutor$DelayedWorkQueue.take(ScheduledThreadPoolExecutor.java:1088)
        at java.util.concurrent.ScheduledThreadPoolExecutor$DelayedWorkQueue.take(ScheduledThreadPoolExecutor.java:809)
        at java.util.concurrent.ThreadPoolExecutor.getTask(ThreadPoolExecutor.java:1074)
        at java.util.concurrent.ThreadPoolExecutor.runWorker(ThreadPoolExecutor.java:1134)
        at java.util.concurrent.ThreadPoolExecutor$Worker.run(ThreadPoolExecutor.java:624)
        at java.lang.Thread.run(Thread.java:750)
"ChunkReader-0" daemon prio=5 tid=826 in Object.wait()
java.lang.Thread.State: WAITING (on object monitor)
        at sun.misc.Unsafe.park(Native Method)
        at java.util.concurrent.locks.LockSupport.park(LockSupport.java:175)
        at java.util.concurrent.locks.AbstractQueuedSynchronizer$ConditionObject.await(AbstractQueuedSynchronizer.java:2039)
        at java.util.concurrent.LinkedBlockingQueue.take(LinkedBlockingQueue.java:442)
        at java.util.concurrent.ThreadPoolExecutor.getTask(ThreadPoolExecutor.java:1074)
        at java.util.concurrent.ThreadPoolExecutor.runWorker(ThreadPoolExecutor.java:1134)
        at java.util.concurrent.ThreadPoolExecutor$Worker.run(ThreadPoolExecutor.java:624)
        at java.lang.Thread.run(Thread.java:750)
"Datanode ReportManager Thread - 3" daemon prio=5 tid=241 in Object.wait()
java.lang.Thread.State: WAITING (on object monitor)
        at sun.misc.Unsafe.park(Native Method)
        at java.util.concurrent.locks.LockSupport.park(LockSupport.java:175)
        at java.util.concurrent.locks.AbstractQueuedSynchronizer$ConditionObject.await(AbstractQueuedSynchronizer.java:2039)
        at java.util.concurrent.ScheduledThreadPoolExecutor$DelayedWorkQueue.take(ScheduledThreadPoolExecutor.java:1088)
        at java.util.concurrent.ScheduledThreadPoolExecutor$DelayedWorkQueue.take(ScheduledThreadPoolExecutor.java:809)
        at java.util.concurrent.ThreadPoolExecutor.getTask(ThreadPoolExecutor.java:1074)
        at java.util.concurrent.ThreadPoolExecutor.runWorker(ThreadPoolExecutor.java:1134)
        at java.util.concurrent.ThreadPoolExecutor$Worker.run(ThreadPoolExecutor.java:624)
        at java.lang.Thread.run(Thread.java:750)
"ChunkReader-2" daemon prio=5 tid=840 in Object.wait()
java.lang.Thread.State: WAITING (on object monitor)
        at sun.misc.Unsafe.park(Native Method)
        at java.util.concurrent.locks.LockSupport.park(LockSupport.java:175)
        at java.util.concurrent.locks.AbstractQueuedSynchronizer$ConditionObject.await(AbstractQueuedSynchronizer.java:2039)
        at java.util.concurrent.LinkedBlockingQueue.take(LinkedBlockingQueue.java:442)
        at java.util.concurrent.ThreadPoolExecutor.getTask(ThreadPoolExecutor.java:1074)
        at java.util.concurrent.ThreadPoolExecutor.runWorker(ThreadPoolExecutor.java:1134)
        at java.util.concurrent.ThreadPoolExecutor$Worker.run(ThreadPoolExecutor.java:624)
        at java.lang.Thread.run(Thread.java:750)
"EndpointStateMachine task thread for /0.0.0.0:39909 - 0 "  prio=5 tid=535 in Object.wait()
java.lang.Thread.State: WAITING (on object monitor)
        at sun.misc.Unsafe.park(Native Method)
        at java.util.concurrent.locks.LockSupport.park(LockSupport.java:175)
        at java.util.concurrent.locks.AbstractQueuedSynchronizer$ConditionObject.await(AbstractQueuedSynchronizer.java:2039)
        at java.util.concurrent.LinkedBlockingQueue.take(LinkedBlockingQueue.java:442)
        at java.util.concurrent.ThreadPoolExecutor.getTask(ThreadPoolExecutor.java:1074)
        at java.util.concurrent.ThreadPoolExecutor.runWorker(ThreadPoolExecutor.java:1134)
        at java.util.concurrent.ThreadPoolExecutor$Worker.run(ThreadPoolExecutor.java:624)
        at java.lang.Thread.run(Thread.java:750)
"EndpointStateMachine task thread for /0.0.0.0:39909 - 0 "  prio=5 tid=404 in Object.wait()
java.lang.Thread.State: WAITING (on object monitor)
        at sun.misc.Unsafe.park(Native Method)
        at java.util.concurrent.locks.LockSupport.park(LockSupport.java:175)
        at java.util.concurrent.locks.AbstractQueuedSynchronizer$ConditionObject.await(AbstractQueuedSynchronizer.java:2039)
        at java.util.concurrent.LinkedBlockingQueue.take(LinkedBlockingQueue.java:442)
        at java.util.concurrent.ThreadPoolExecutor.getTask(ThreadPoolExecutor.java:1074)
        at java.util.concurrent.ThreadPoolExecutor.runWorker(ThreadPoolExecutor.java:1134)
        at java.util.concurrent.ThreadPoolExecutor$Worker.run(ThreadPoolExecutor.java:624)
        at java.lang.Thread.run(Thread.java:750)
"be21c5c4-321c-411e-8ca9-5bb5909d110b@group-5EAD7F5BC067-SegmentedRaftLogWorker"  prio=5 tid=608 timed_waiting
java.lang.Thread.State: TIMED_WAITING
        at sun.misc.Unsafe.park(Native Method)
        at java.util.concurrent.locks.LockSupport.parkNanos(LockSupport.java:215)
        at java.util.concurrent.locks.AbstractQueuedSynchronizer$ConditionObject.awaitNanos(AbstractQueuedSynchronizer.java:2078)
        at org.apache.ratis.util.DataBlockingQueue.poll(DataBlockingQueue.java:148)
        at org.apache.ratis.server.raftlog.segmented.SegmentedRaftLogWorker.run(SegmentedRaftLogWorker.java:310)
        at org.apache.ratis.server.raftlog.segmented.SegmentedRaftLogWorker$$Lambda$661/302741709.run(Unknown Source)
        at java.lang.Thread.run(Thread.java:750)
"Datanode ReportManager Thread - 0" daemon prio=5 tid=264 timed_waiting
java.lang.Thread.State: TIMED_WAITING
        at sun.misc.Unsafe.park(Native Method)
        at java.util.concurrent.locks.LockSupport.parkNanos(LockSupport.java:215)
        at java.util.concurrent.locks.AbstractQueuedSynchronizer$ConditionObject.awaitNanos(AbstractQueuedSynchronizer.java:2078)
        at java.util.concurrent.ScheduledThreadPoolExecutor$DelayedWorkQueue.take(ScheduledThreadPoolExecutor.java:1093)
        at java.util.concurrent.ScheduledThreadPoolExecutor$DelayedWorkQueue.take(ScheduledThreadPoolExecutor.java:809)
        at java.util.concurrent.ThreadPoolExecutor.getTask(ThreadPoolExecutor.java:1074)
        at java.util.concurrent.ThreadPoolExecutor.runWorker(ThreadPoolExecutor.java:1134)
        at java.util.concurrent.ThreadPoolExecutor$Worker.run(ThreadPoolExecutor.java:624)
        at java.lang.Thread.run(Thread.java:750)
"StaleRecoveringContainerScrubbingService#3" daemon prio=5 tid=946 in Object.wait()
java.lang.Thread.State: WAITING (on object monitor)
        at sun.misc.Unsafe.park(Native Method)
        at java.util.concurrent.locks.LockSupport.park(LockSupport.java:175)
        at java.util.concurrent.locks.AbstractQueuedSynchronizer$ConditionObject.await(AbstractQueuedSynchronizer.java:2039)
        at java.util.concurrent.ScheduledThreadPoolExecutor$DelayedWorkQueue.take(ScheduledThreadPoolExecutor.java:1088)
        at java.util.concurrent.ScheduledThreadPoolExecutor$DelayedWorkQueue.take(ScheduledThreadPoolExecutor.java:809)
        at java.util.concurrent.ThreadPoolExecutor.getTask(ThreadPoolExecutor.java:1074)
        at java.util.concurrent.ThreadPoolExecutor.runWorker(ThreadPoolExecutor.java:1134)
        at java.util.concurrent.ThreadPoolExecutor$Worker.run(ThreadPoolExecutor.java:624)
        at java.lang.Thread.run(Thread.java:750)
"6534404f-39f4-445c-b85e-518a348dbff3@group-B7DE03A6A590-LeaderStateImpl" daemon prio=5 tid=677 timed_waiting
java.lang.Thread.State: TIMED_WAITING
        at sun.misc.Unsafe.park(Native Method)
        at java.util.concurrent.locks.LockSupport.parkNanos(LockSupport.java:215)
        at java.util.concurrent.locks.AbstractQueuedSynchronizer$ConditionObject.awaitNanos(AbstractQueuedSynchronizer.java:2078)
        at java.util.concurrent.ArrayBlockingQueue.poll(ArrayBlockingQueue.java:418)
        at org.apache.ratis.server.impl.LeaderStateImpl$EventQueue.poll(LeaderStateImpl.java:159)
        at org.apache.ratis.server.impl.LeaderStateImpl$EventProcessor.run(LeaderStateImpl.java:630)
"org.apache.hadoop.ozone.container.common.statemachine.commandhandler.DeleteBlocksCommandHandler$DeleteCmdWorker@2a2181d5" daemon prio=5 tid=371 timed_waiting
java.lang.Thread.State: TIMED_WAITING
        at java.lang.Thread.sleep(Native Method)
        at org.apache.hadoop.ozone.container.common.statemachine.commandhandler.DeleteBlocksCommandHandler$DeleteCmdWorker.run(DeleteBlocksCommandHandler.java:183)
        at java.lang.Thread.run(Thread.java:750)
"grpc-default-executor-5" daemon prio=5 tid=821 timed_waiting
java.lang.Thread.State: TIMED_WAITING
        at sun.misc.Unsafe.park(Native Method)
        at java.util.concurrent.locks.LockSupport.parkNanos(LockSupport.java:215)
        at java.util.concurrent.SynchronousQueue$TransferStack.awaitFulfill(SynchronousQueue.java:460)
        at java.util.concurrent.SynchronousQueue$TransferStack.transfer(SynchronousQueue.java:362)
        at java.util.concurrent.SynchronousQueue.poll(SynchronousQueue.java:941)
        at java.util.concurrent.ThreadPoolExecutor.getTask(ThreadPoolExecutor.java:1073)
        at java.util.concurrent.ThreadPoolExecutor.runWorker(ThreadPoolExecutor.java:1134)
        at java.util.concurrent.ThreadPoolExecutor$Worker.run(ThreadPoolExecutor.java:624)
        at java.lang.Thread.run(Thread.java:750)
"d4065fed-2d66-41be-989b-4bd24a4f6517@group-5EAD7F5BC067-LeaderStateImpl" daemon prio=5 tid=765 timed_waiting
java.lang.Thread.State: TIMED_WAITING
        at sun.misc.Unsafe.park(Native Method)
        at java.util.concurrent.locks.LockSupport.parkNanos(LockSupport.java:215)
        at java.util.concurrent.locks.AbstractQueuedSynchronizer$ConditionObject.awaitNanos(AbstractQueuedSynchronizer.java:2078)
        at java.util.concurrent.ArrayBlockingQueue.poll(ArrayBlockingQueue.java:418)
        at org.apache.ratis.server.impl.LeaderStateImpl$EventQueue.poll(LeaderStateImpl.java:159)
        at org.apache.ratis.server.impl.LeaderStateImpl$EventProcessor.run(LeaderStateImpl.java:630)
"qtp1246984673-179" daemon prio=5 tid=179 timed_waiting
java.lang.Thread.State: TIMED_WAITING
        at sun.misc.Unsafe.park(Native Method)
        at java.util.concurrent.locks.LockSupport.parkNanos(LockSupport.java:215)
        at java.util.concurrent.locks.AbstractQueuedSynchronizer$ConditionObject.awaitNanos(AbstractQueuedSynchronizer.java:2078)
        at org.eclipse.jetty.util.BlockingArrayQueue.poll(BlockingArrayQueue.java:382)
        at org.eclipse.jetty.util.thread.QueuedThreadPool$Runner.idleJobPoll(QueuedThreadPool.java:974)
        at org.eclipse.jetty.util.thread.QueuedThreadPool$Runner.run(QueuedThreadPool.java:1018)
        at java.lang.Thread.run(Thread.java:750)
"org.apache.hadoop.ozone.container.common.statemachine.commandhandler.DeleteBlocksCommandHandler$DeleteCmdWorker@6e13743c" daemon prio=5 tid=415 timed_waiting
java.lang.Thread.State: TIMED_WAITING
        at java.lang.Thread.sleep(Native Method)
        at org.apache.hadoop.ozone.container.common.statemachine.commandhandler.DeleteBlocksCommandHandler$DeleteCmdWorker.run(DeleteBlocksCommandHandler.java:183)
        at java.lang.Thread.run(Thread.java:750)
"d4065fed-2d66-41be-989b-4bd24a4f6517@group-670B8877836B-StateMachineUpdater" daemon prio=5 tid=626 timed_waiting
java.lang.Thread.State: TIMED_WAITING
        at sun.misc.Unsafe.park(Native Method)
        at java.util.concurrent.locks.LockSupport.parkNanos(LockSupport.java:215)
        at java.util.concurrent.CompletableFuture$Signaller.block(CompletableFuture.java:1709)
        at java.util.concurrent.ForkJoinPool.managedBlock(ForkJoinPool.java:3323)
        at java.util.concurrent.CompletableFuture.timedGet(CompletableFuture.java:1788)
        at java.util.concurrent.CompletableFuture.get(CompletableFuture.java:1928)
        at org.apache.ratis.util.AwaitForSignal.await(AwaitForSignal.java:56)
        at org.apache.ratis.server.impl.StateMachineUpdater.waitForCommit(StateMachineUpdater.java:207)
        at org.apache.ratis.server.impl.StateMachineUpdater.run(StateMachineUpdater.java:176)
        at java.lang.Thread.run(Thread.java:750)
"Datanode ReportManager Thread - 4" daemon prio=5 tid=188 in Object.wait()
java.lang.Thread.State: WAITING (on object monitor)
        at sun.misc.Unsafe.park(Native Method)
        at java.util.concurrent.locks.LockSupport.park(LockSupport.java:175)
        at java.util.concurrent.locks.AbstractQueuedSynchronizer$ConditionObject.await(AbstractQueuedSynchronizer.java:2039)
        at java.util.concurrent.ScheduledThreadPoolExecutor$DelayedWorkQueue.take(ScheduledThreadPoolExecutor.java:1088)
        at java.util.concurrent.ScheduledThreadPoolExecutor$DelayedWorkQueue.take(ScheduledThreadPoolExecutor.java:809)
        at java.util.concurrent.ThreadPoolExecutor.getTask(ThreadPoolExecutor.java:1074)
        at java.util.concurrent.ThreadPoolExecutor.runWorker(ThreadPoolExecutor.java:1134)
        at java.util.concurrent.ThreadPoolExecutor$Worker.run(ThreadPoolExecutor.java:624)
        at java.lang.Thread.run(Thread.java:750)
"StaleRecoveringContainerScrubbingService#2" daemon prio=5 tid=912 in Object.wait()
java.lang.Thread.State: WAITING (on object monitor)
        at sun.misc.Unsafe.park(Native Method)
        at java.util.concurrent.locks.LockSupport.park(LockSupport.java:175)
        at java.util.concurrent.locks.AbstractQueuedSynchronizer$ConditionObject.await(AbstractQueuedSynchronizer.java:2039)
        at java.util.concurrent.ScheduledThreadPoolExecutor$DelayedWorkQueue.take(ScheduledThreadPoolExecutor.java:1088)
        at java.util.concurrent.ScheduledThreadPoolExecutor$DelayedWorkQueue.take(ScheduledThreadPoolExecutor.java:809)
        at java.util.concurrent.ThreadPoolExecutor.getTask(ThreadPoolExecutor.java:1074)
        at java.util.concurrent.ThreadPoolExecutor.runWorker(ThreadPoolExecutor.java:1134)
        at java.util.concurrent.ThreadPoolExecutor$Worker.run(ThreadPoolExecutor.java:624)
        at java.lang.Thread.run(Thread.java:750)
"ChunkReader-0" daemon prio=5 tid=827 in Object.wait()
java.lang.Thread.State: WAITING (on object monitor)
        at sun.misc.Unsafe.park(Native Method)
        at java.util.concurrent.locks.LockSupport.park(LockSupport.java:175)
        at java.util.concurrent.locks.AbstractQueuedSynchronizer$ConditionObject.await(AbstractQueuedSynchronizer.java:2039)
        at java.util.concurrent.LinkedBlockingQueue.take(LinkedBlockingQueue.java:442)
        at java.util.concurrent.ThreadPoolExecutor.getTask(ThreadPoolExecutor.java:1074)
        at java.util.concurrent.ThreadPoolExecutor.runWorker(ThreadPoolExecutor.java:1134)
        at java.util.concurrent.ThreadPoolExecutor$Worker.run(ThreadPoolExecutor.java:624)
        at java.lang.Thread.run(Thread.java:750)
"qtp1130508577-424" daemon prio=5 tid=424 timed_waiting
java.lang.Thread.State: TIMED_WAITING
        at sun.misc.Unsafe.park(Native Method)
        at java.util.concurrent.locks.LockSupport.parkNanos(LockSupport.java:215)
        at java.util.concurrent.locks.AbstractQueuedSynchronizer$ConditionObject.awaitNanos(AbstractQueuedSynchronizer.java:2078)
        at org.eclipse.jetty.util.BlockingArrayQueue.poll(BlockingArrayQueue.java:382)
        at org.eclipse.jetty.util.thread.QueuedThreadPool$Runner.idleJobPoll(QueuedThreadPool.java:974)
        at org.eclipse.jetty.util.thread.QueuedThreadPool$Runner.run(QueuedThreadPool.java:1018)
        at java.lang.Thread.run(Thread.java:750)
"907eb2bb-0522-4d6b-bbf0-1b213cc99331@group-7E6AB8B5DD8D-SegmentedRaftLogWorker"  prio=5 tid=669 timed_waiting
java.lang.Thread.State: TIMED_WAITING
        at sun.misc.Unsafe.park(Native Method)
        at java.util.concurrent.locks.LockSupport.parkNanos(LockSupport.java:215)
        at java.util.concurrent.locks.AbstractQueuedSynchronizer$ConditionObject.awaitNanos(AbstractQueuedSynchronizer.java:2078)
        at org.apache.ratis.util.DataBlockingQueue.poll(DataBlockingQueue.java:148)
        at org.apache.ratis.server.raftlog.segmented.SegmentedRaftLogWorker.run(SegmentedRaftLogWorker.java:310)
        at org.apache.ratis.server.raftlog.segmented.SegmentedRaftLogWorker$$Lambda$661/302741709.run(Unknown Source)
        at java.lang.Thread.run(Thread.java:750)
"BlockDeletingService#3" daemon prio=5 tid=935 in Object.wait()
java.lang.Thread.State: WAITING (on object monitor)
        at sun.misc.Unsafe.park(Native Method)
        at java.util.concurrent.locks.LockSupport.park(LockSupport.java:175)
        at java.util.concurrent.locks.AbstractQueuedSynchronizer$ConditionObject.await(AbstractQueuedSynchronizer.java:2039)
        at java.util.concurrent.ScheduledThreadPoolExecutor$DelayedWorkQueue.take(ScheduledThreadPoolExecutor.java:1088)
        at java.util.concurrent.ScheduledThreadPoolExecutor$DelayedWorkQueue.take(ScheduledThreadPoolExecutor.java:809)
        at java.util.concurrent.ThreadPoolExecutor.getTask(ThreadPoolExecutor.java:1074)
        at java.util.concurrent.ThreadPoolExecutor.runWorker(ThreadPoolExecutor.java:1134)
        at java.util.concurrent.ThreadPoolExecutor$Worker.run(ThreadPoolExecutor.java:624)
        at java.lang.Thread.run(Thread.java:750)
"pool-164-thread-1"  prio=5 tid=611 in Object.wait()
java.lang.Thread.State: WAITING (on object monitor)
        at sun.misc.Unsafe.park(Native Method)
        at java.util.concurrent.locks.LockSupport.park(LockSupport.java:175)
        at java.util.concurrent.locks.AbstractQueuedSynchronizer$ConditionObject.await(AbstractQueuedSynchronizer.java:2039)
        at java.util.concurrent.LinkedBlockingQueue.take(LinkedBlockingQueue.java:442)
        at java.util.concurrent.ThreadPoolExecutor.getTask(ThreadPoolExecutor.java:1074)
        at java.util.concurrent.ThreadPoolExecutor.runWorker(ThreadPoolExecutor.java:1134)
        at java.util.concurrent.ThreadPoolExecutor$Worker.run(ThreadPoolExecutor.java:624)
        at java.lang.Thread.run(Thread.java:750)
"Session-HouseKeeper-1314b8f8-1"  prio=5 tid=288 timed_waiting
java.lang.Thread.State: TIMED_WAITING
        at sun.misc.Unsafe.park(Native Method)
        at java.util.concurrent.locks.LockSupport.parkNanos(LockSupport.java:215)
        at java.util.concurrent.locks.AbstractQueuedSynchronizer$ConditionObject.awaitNanos(AbstractQueuedSynchronizer.java:2078)
        at java.util.concurrent.ScheduledThreadPoolExecutor$DelayedWorkQueue.take(ScheduledThreadPoolExecutor.java:1093)
        at java.util.concurrent.ScheduledThreadPoolExecutor$DelayedWorkQueue.take(ScheduledThreadPoolExecutor.java:809)
        at java.util.concurrent.ThreadPoolExecutor.getTask(ThreadPoolExecutor.java:1074)
        at java.util.concurrent.ThreadPoolExecutor.runWorker(ThreadPoolExecutor.java:1134)
        at java.util.concurrent.ThreadPoolExecutor$Worker.run(ThreadPoolExecutor.java:624)
        at java.lang.Thread.run(Thread.java:750)
"Datanode State Machine Daemon Thread" daemon prio=5 tid=183 timed_waiting
java.lang.Thread.State: TIMED_WAITING
        at java.lang.Thread.sleep(Native Method)
        at org.apache.hadoop.ozone.container.common.statemachine.DatanodeStateMachine.startStateMachineThread(DatanodeStateMachine.java:318)
        at org.apache.hadoop.ozone.container.common.statemachine.DatanodeStateMachine.lambda$startDaemon$0(DatanodeStateMachine.java:499)
        at org.apache.hadoop.ozone.container.common.statemachine.DatanodeStateMachine$$Lambda$745/1741217770.run(Unknown Source)
        at java.lang.Thread.run(Thread.java:750)
"ChunkReader-1" daemon prio=5 tid=824 in Object.wait()
java.lang.Thread.State: WAITING (on object monitor)
        at sun.misc.Unsafe.park(Native Method)
        at java.util.concurrent.locks.LockSupport.park(LockSupport.java:175)
        at java.util.concurrent.locks.AbstractQueuedSynchronizer$ConditionObject.await(AbstractQueuedSynchronizer.java:2039)
        at java.util.concurrent.LinkedBlockingQueue.take(LinkedBlockingQueue.java:442)
        at java.util.concurrent.ThreadPoolExecutor.getTask(ThreadPoolExecutor.java:1074)
        at java.util.concurrent.ThreadPoolExecutor.runWorker(ThreadPoolExecutor.java:1134)
        at java.util.concurrent.ThreadPoolExecutor$Worker.run(ThreadPoolExecutor.java:624)
        at java.lang.Thread.run(Thread.java:750)
"Session-HouseKeeper-c889c1f-1"  prio=5 tid=429 timed_waiting
java.lang.Thread.State: TIMED_WAITING
        at sun.misc.Unsafe.park(Native Method)
        at java.util.concurrent.locks.LockSupport.parkNanos(LockSupport.java:215)
        at java.util.concurrent.locks.AbstractQueuedSynchronizer$ConditionObject.awaitNanos(AbstractQueuedSynchronizer.java:2078)
        at java.util.concurrent.ScheduledThreadPoolExecutor$DelayedWorkQueue.take(ScheduledThreadPoolExecutor.java:1093)
        at java.util.concurrent.ScheduledThreadPoolExecutor$DelayedWorkQueue.take(ScheduledThreadPoolExecutor.java:809)
        at java.util.concurrent.ThreadPoolExecutor.getTask(ThreadPoolExecutor.java:1074)
        at java.util.concurrent.ThreadPoolExecutor.runWorker(ThreadPoolExecutor.java:1134)
        at java.util.concurrent.ThreadPoolExecutor$Worker.run(ThreadPoolExecutor.java:624)
        at java.lang.Thread.run(Thread.java:750)
"ChunkReader-2" daemon prio=5 tid=841 in Object.wait()
java.lang.Thread.State: WAITING (on object monitor)
        at sun.misc.Unsafe.park(Native Method)
        at java.util.concurrent.locks.LockSupport.park(LockSupport.java:175)
        at java.util.concurrent.locks.AbstractQueuedSynchronizer$ConditionObject.await(AbstractQueuedSynchronizer.java:2039)
        at java.util.concurrent.LinkedBlockingQueue.take(LinkedBlockingQueue.java:442)
        at java.util.concurrent.ThreadPoolExecutor.getTask(ThreadPoolExecutor.java:1074)
        at java.util.concurrent.ThreadPoolExecutor.runWorker(ThreadPoolExecutor.java:1134)
        at java.util.concurrent.ThreadPoolExecutor$Worker.run(ThreadPoolExecutor.java:624)
        at java.lang.Thread.run(Thread.java:750)
"be21c5c4-321c-411e-8ca9-5bb5909d110b-server-thread1" daemon prio=5 tid=773 timed_waiting
java.lang.Thread.State: TIMED_WAITING
        at sun.misc.Unsafe.park(Native Method)
        at java.util.concurrent.locks.LockSupport.parkNanos(LockSupport.java:215)
        at java.util.concurrent.SynchronousQueue$TransferStack.awaitFulfill(SynchronousQueue.java:460)
        at java.util.concurrent.SynchronousQueue$TransferStack.transfer(SynchronousQueue.java:362)
        at java.util.concurrent.SynchronousQueue.poll(SynchronousQueue.java:941)
        at java.util.concurrent.ThreadPoolExecutor.getTask(ThreadPoolExecutor.java:1073)
        at java.util.concurrent.ThreadPoolExecutor.runWorker(ThreadPoolExecutor.java:1134)
        at java.util.concurrent.ThreadPoolExecutor$Worker.run(ThreadPoolExecutor.java:624)
        at java.lang.Thread.run(Thread.java:750)
"org.apache.hadoop.util.JvmPauseMonitor$Monitor@47c5e923" daemon prio=5 tid=475 timed_waiting
java.lang.Thread.State: TIMED_WAITING
        at java.lang.Thread.sleep(Native Method)
        at org.apache.hadoop.util.JvmPauseMonitor$Monitor.run(JvmPauseMonitor.java:192)
        at java.lang.Thread.run(Thread.java:750)
"Session-HouseKeeper-7a48e086-1"  prio=5 tid=262 timed_waiting
java.lang.Thread.State: TIMED_WAITING
        at sun.misc.Unsafe.park(Native Method)
        at java.util.concurrent.locks.LockSupport.parkNanos(LockSupport.java:215)
        at java.util.concurrent.locks.AbstractQueuedSynchronizer$ConditionObject.awaitNanos(AbstractQueuedSynchronizer.java:2078)
        at java.util.concurrent.ScheduledThreadPoolExecutor$DelayedWorkQueue.take(ScheduledThreadPoolExecutor.java:1093)
        at java.util.concurrent.ScheduledThreadPoolExecutor$DelayedWorkQueue.take(ScheduledThreadPoolExecutor.java:809)
        at java.util.concurrent.ThreadPoolExecutor.getTask(ThreadPoolExecutor.java:1074)
        at java.util.concurrent.ThreadPoolExecutor.runWorker(ThreadPoolExecutor.java:1134)
        at java.util.concurrent.ThreadPoolExecutor$Worker.run(ThreadPoolExecutor.java:624)
        at java.lang.Thread.run(Thread.java:750)
"qtp1036316015-106" daemon prio=5 tid=106 timed_waiting
java.lang.Thread.State: TIMED_WAITING
        at sun.misc.Unsafe.park(Native Method)
        at java.util.concurrent.locks.LockSupport.parkNanos(LockSupport.java:215)
        at java.util.concurrent.locks.AbstractQueuedSynchronizer$ConditionObject.awaitNanos(AbstractQueuedSynchronizer.java:2078)
        at org.eclipse.jetty.util.BlockingArrayQueue.poll(BlockingArrayQueue.java:382)
        at org.eclipse.jetty.util.thread.QueuedThreadPool$Runner.idleJobPoll(QueuedThreadPool.java:974)
        at org.eclipse.jetty.util.thread.QueuedThreadPool$Runner.run(QueuedThreadPool.java:1018)
        at java.lang.Thread.run(Thread.java:750)
"ChunkWriter-2-0" daemon prio=5 tid=411 in Object.wait()
java.lang.Thread.State: WAITING (on object monitor)
        at sun.misc.Unsafe.park(Native Method)
        at java.util.concurrent.locks.LockSupport.park(LockSupport.java:175)
        at java.util.concurrent.locks.AbstractQueuedSynchronizer$ConditionObject.await(AbstractQueuedSynchronizer.java:2039)
        at java.util.concurrent.LinkedBlockingDeque.takeFirst(LinkedBlockingDeque.java:492)
        at java.util.concurrent.LinkedBlockingDeque.take(LinkedBlockingDeque.java:680)
        at java.util.concurrent.ThreadPoolExecutor.getTask(ThreadPoolExecutor.java:1074)
        at java.util.concurrent.ThreadPoolExecutor.runWorker(ThreadPoolExecutor.java:1134)
        at java.util.concurrent.ThreadPoolExecutor$Worker.run(ThreadPoolExecutor.java:624)
        at java.lang.Thread.run(Thread.java:750)
"ChunkReader-ELG-0" daemon prio=5 tid=528 runnable
java.lang.Thread.State: RUNNABLE
        at org.apache.ratis.thirdparty.io.netty.channel.epoll.Native.epollWait0(Native Method)
        at org.apache.ratis.thirdparty.io.netty.channel.epoll.Native.epollWait(Native.java:182)
        at org.apache.ratis.thirdparty.io.netty.channel.epoll.EpollEventLoop.epollWait(EpollEventLoop.java:290)
        at org.apache.ratis.thirdparty.io.netty.channel.epoll.EpollEventLoop.run(EpollEventLoop.java:354)
        at org.apache.ratis.thirdparty.io.netty.util.concurrent.SingleThreadEventExecutor$4.run(SingleThreadEventExecutor.java:995)
        at org.apache.ratis.thirdparty.io.netty.util.internal.ThreadExecutorMap$2.run(ThreadExecutorMap.java:74)
        at java.lang.Thread.run(Thread.java:750)
"ChunkWriter-3-0" daemon prio=5 tid=412 in Object.wait()
java.lang.Thread.State: WAITING (on object monitor)
        at sun.misc.Unsafe.park(Native Method)
        at java.util.concurrent.locks.LockSupport.park(LockSupport.java:175)
        at java.util.concurrent.locks.AbstractQueuedSynchronizer$ConditionObject.await(AbstractQueuedSynchronizer.java:2039)
        at java.util.concurrent.LinkedBlockingDeque.takeFirst(LinkedBlockingDeque.java:492)
        at java.util.concurrent.LinkedBlockingDeque.take(LinkedBlockingDeque.java:680)
        at java.util.concurrent.ThreadPoolExecutor.getTask(ThreadPoolExecutor.java:1074)
        at java.util.concurrent.ThreadPoolExecutor.runWorker(ThreadPoolExecutor.java:1134)
        at java.util.concurrent.ThreadPoolExecutor$Worker.run(ThreadPoolExecutor.java:624)
        at java.lang.Thread.run(Thread.java:750)
"IPC Server handler 13 on default port 36683" daemon prio=5 tid=70 timed_waiting
java.lang.Thread.State: TIMED_WAITING
        at sun.misc.Unsafe.park(Native Method)
        at java.util.concurrent.locks.LockSupport.parkNanos(LockSupport.java:215)
        at java.util.concurrent.locks.AbstractQueuedSynchronizer$ConditionObject.awaitNanos(AbstractQueuedSynchronizer.java:2078)
        at java.util.concurrent.LinkedBlockingQueue.poll(LinkedBlockingQueue.java:467)
        at org.apache.hadoop.ipc.CallQueueManager.take(CallQueueManager.java:317)
        at org.apache.hadoop.ipc.Server$Handler.run(Server.java:2942)
"qtp1290931099-463" daemon prio=5 tid=463 timed_waiting
java.lang.Thread.State: TIMED_WAITING
        at sun.misc.Unsafe.park(Native Method)
        at java.util.concurrent.locks.LockSupport.parkNanos(LockSupport.java:215)
        at java.util.concurrent.locks.AbstractQueuedSynchronizer$ConditionObject.awaitNanos(AbstractQueuedSynchronizer.java:2078)
        at org.eclipse.jetty.util.BlockingArrayQueue.poll(BlockingArrayQueue.java:382)
        at org.eclipse.jetty.util.thread.QueuedThreadPool$Runner.idleJobPoll(QueuedThreadPool.java:974)
        at org.eclipse.jetty.util.thread.QueuedThreadPool$Runner.run(QueuedThreadPool.java:1018)
        at java.lang.Thread.run(Thread.java:750)
"Datanode State Machine Task Thread - 1"  prio=5 tid=403 in Object.wait()
java.lang.Thread.State: WAITING (on object monitor)
        at sun.misc.Unsafe.park(Native Method)
        at java.util.concurrent.locks.LockSupport.park(LockSupport.java:175)
        at java.util.concurrent.locks.AbstractQueuedSynchronizer$ConditionObject.await(AbstractQueuedSynchronizer.java:2039)
        at java.util.concurrent.LinkedBlockingQueue.take(LinkedBlockingQueue.java:442)
        at java.util.concurrent.ThreadPoolExecutor.getTask(ThreadPoolExecutor.java:1074)
        at java.util.concurrent.ThreadPoolExecutor.runWorker(ThreadPoolExecutor.java:1134)
        at java.util.concurrent.ThreadPoolExecutor$Worker.run(ThreadPoolExecutor.java:624)
        at java.lang.Thread.run(Thread.java:750)
"Datanode State Machine Daemon Thread" daemon prio=5 tid=237 timed_waiting
java.lang.Thread.State: TIMED_WAITING
        at java.lang.Thread.sleep(Native Method)
        at org.apache.hadoop.ozone.container.common.statemachine.DatanodeStateMachine.startStateMachineThread(DatanodeStateMachine.java:318)
        at org.apache.hadoop.ozone.container.common.statemachine.DatanodeStateMachine.lambda$startDaemon$0(DatanodeStateMachine.java:499)
        at org.apache.hadoop.ozone.container.common.statemachine.DatanodeStateMachine$$Lambda$745/1741217770.run(Unknown Source)
        at java.lang.Thread.run(Thread.java:750)
"0c76121b-7d6b-4708-9ae8-9ff4448060b7@group-CE71C629F99F-FollowerState" daemon prio=5 tid=870 timed_waiting
java.lang.Thread.State: TIMED_WAITING
        at java.lang.Thread.sleep(Native Method)
        at java.lang.Thread.sleep(Thread.java:342)
        at java.util.concurrent.TimeUnit.sleep(TimeUnit.java:386)
        at org.apache.ratis.util.TimeDuration.sleep(TimeDuration.java:325)
        at org.apache.ratis.util.TimeDuration.sleep(TimeDuration.java:310)
        at org.apache.ratis.server.impl.FollowerState.run(FollowerState.java:128)
"IPC Server handler 18 on default port 36683" daemon prio=5 tid=75 timed_waiting
java.lang.Thread.State: TIMED_WAITING
        at sun.misc.Unsafe.park(Native Method)
        at java.util.concurrent.locks.LockSupport.parkNanos(LockSupport.java:215)
        at java.util.concurrent.locks.AbstractQueuedSynchronizer$ConditionObject.awaitNanos(AbstractQueuedSynchronizer.java:2078)
        at java.util.concurrent.LinkedBlockingQueue.poll(LinkedBlockingQueue.java:467)
        at org.apache.hadoop.ipc.CallQueueManager.take(CallQueueManager.java:317)
        at org.apache.hadoop.ipc.Server$Handler.run(Server.java:2942)
"ChunkWriter-1-0" daemon prio=5 tid=480 in Object.wait()
java.lang.Thread.State: WAITING (on object monitor)
        at sun.misc.Unsafe.park(Native Method)
        at java.util.concurrent.locks.LockSupport.park(LockSupport.java:175)
        at java.util.concurrent.locks.AbstractQueuedSynchronizer$ConditionObject.await(AbstractQueuedSynchronizer.java:2039)
        at java.util.concurrent.LinkedBlockingDeque.takeFirst(LinkedBlockingDeque.java:492)
        at java.util.concurrent.LinkedBlockingDeque.take(LinkedBlockingDeque.java:680)
        at java.util.concurrent.ThreadPoolExecutor.getTask(ThreadPoolExecutor.java:1074)
        at java.util.concurrent.ThreadPoolExecutor.runWorker(ThreadPoolExecutor.java:1134)
        at java.util.concurrent.ThreadPoolExecutor$Worker.run(ThreadPoolExecutor.java:624)
        at java.lang.Thread.run(Thread.java:750)
"d4065fed-2d66-41be-989b-4bd24a4f6517@group-670B8877836B-SegmentedRaftLogWorker"  prio=5 tid=624 timed_waiting
java.lang.Thread.State: TIMED_WAITING
        at sun.misc.Unsafe.park(Native Method)
        at java.util.concurrent.locks.LockSupport.parkNanos(LockSupport.java:215)
        at java.util.concurrent.locks.AbstractQueuedSynchronizer$ConditionObject.awaitNanos(AbstractQueuedSynchronizer.java:2078)
        at org.apache.ratis.util.DataBlockingQueue.poll(DataBlockingQueue.java:148)
        at org.apache.ratis.server.raftlog.segmented.SegmentedRaftLogWorker.run(SegmentedRaftLogWorker.java:310)
        at org.apache.ratis.server.raftlog.segmented.SegmentedRaftLogWorker$$Lambda$661/302741709.run(Unknown Source)
        at java.lang.Thread.run(Thread.java:750)
"pool-31-thread-1"  prio=5 tid=99 timed_waiting
java.lang.Thread.State: TIMED_WAITING
        at sun.misc.Unsafe.park(Native Method)
        at java.util.concurrent.locks.LockSupport.parkNanos(LockSupport.java:215)
        at java.util.concurrent.locks.AbstractQueuedSynchronizer$ConditionObject.awaitNanos(AbstractQueuedSynchronizer.java:2078)
        at java.util.concurrent.ScheduledThreadPoolExecutor$DelayedWorkQueue.take(ScheduledThreadPoolExecutor.java:1093)
        at java.util.concurrent.ScheduledThreadPoolExecutor$DelayedWorkQueue.take(ScheduledThreadPoolExecutor.java:809)
        at java.util.concurrent.ThreadPoolExecutor.getTask(ThreadPoolExecutor.java:1074)
        at java.util.concurrent.ThreadPoolExecutor.runWorker(ThreadPoolExecutor.java:1134)
        at java.util.concurrent.ThreadPoolExecutor$Worker.run(ThreadPoolExecutor.java:624)
        at java.lang.Thread.run(Thread.java:750)
"0c76121b-7d6b-4708-9ae8-9ff4448060b7@group-76FCB2189D15-LeaderStateImpl" daemon prio=5 tid=696 timed_waiting
java.lang.Thread.State: TIMED_WAITING
        at sun.misc.Unsafe.park(Native Method)
        at java.util.concurrent.locks.LockSupport.parkNanos(LockSupport.java:215)
        at java.util.concurrent.locks.AbstractQueuedSynchronizer$ConditionObject.awaitNanos(AbstractQueuedSynchronizer.java:2078)
        at java.util.concurrent.ArrayBlockingQueue.poll(ArrayBlockingQueue.java:418)
        at org.apache.ratis.server.impl.LeaderStateImpl$EventQueue.poll(LeaderStateImpl.java:159)
        at org.apache.ratis.server.impl.LeaderStateImpl$EventProcessor.run(LeaderStateImpl.java:630)
"pool-134-thread-1" daemon prio=5 tid=249 timed_waiting
java.lang.Thread.State: TIMED_WAITING
        at sun.misc.Unsafe.park(Native Method)
        at java.util.concurrent.locks.LockSupport.parkNanos(LockSupport.java:215)
        at java.util.concurrent.locks.AbstractQueuedSynchronizer$ConditionObject.awaitNanos(AbstractQueuedSynchronizer.java:2078)
        at java.util.concurrent.ScheduledThreadPoolExecutor$DelayedWorkQueue.take(ScheduledThreadPoolExecutor.java:1093)
        at java.util.concurrent.ScheduledThreadPoolExecutor$DelayedWorkQueue.take(ScheduledThreadPoolExecutor.java:809)
        at java.util.concurrent.ThreadPoolExecutor.getTask(ThreadPoolExecutor.java:1074)
        at java.util.concurrent.ThreadPoolExecutor.runWorker(ThreadPoolExecutor.java:1134)
        at java.util.concurrent.ThreadPoolExecutor$Worker.run(ThreadPoolExecutor.java:624)
        at java.lang.Thread.run(Thread.java:750)
"ChunkReader-3" daemon prio=5 tid=839 in Object.wait()
java.lang.Thread.State: WAITING (on object monitor)
        at sun.misc.Unsafe.park(Native Method)
        at java.util.concurrent.locks.LockSupport.park(LockSupport.java:175)
        at java.util.concurrent.locks.AbstractQueuedSynchronizer$ConditionObject.await(AbstractQueuedSynchronizer.java:2039)
        at java.util.concurrent.LinkedBlockingQueue.take(LinkedBlockingQueue.java:442)
        at java.util.concurrent.ThreadPoolExecutor.getTask(ThreadPoolExecutor.java:1074)
        at java.util.concurrent.ThreadPoolExecutor.runWorker(ThreadPoolExecutor.java:1134)
        at java.util.concurrent.ThreadPoolExecutor$Worker.run(ThreadPoolExecutor.java:624)
        at java.lang.Thread.run(Thread.java:750)
"86658d9d-b609-4403-bc8a-bf059dbdbb67@group-CE71C629F99F-SegmentedRaftLogWorker"  prio=5 tid=591 timed_waiting
java.lang.Thread.State: TIMED_WAITING
        at sun.misc.Unsafe.park(Native Method)
        at java.util.concurrent.locks.LockSupport.parkNanos(LockSupport.java:215)
        at java.util.concurrent.locks.AbstractQueuedSynchronizer$ConditionObject.awaitNanos(AbstractQueuedSynchronizer.java:2078)
        at org.apache.ratis.util.DataBlockingQueue.poll(DataBlockingQueue.java:148)
        at org.apache.ratis.server.raftlog.segmented.SegmentedRaftLogWorker.run(SegmentedRaftLogWorker.java:310)
        at org.apache.ratis.server.raftlog.segmented.SegmentedRaftLogWorker$$Lambda$661/302741709.run(Unknown Source)
        at java.lang.Thread.run(Thread.java:750)
"qtp463783260-142" daemon prio=5 tid=142 timed_waiting
java.lang.Thread.State: TIMED_WAITING
        at sun.misc.Unsafe.park(Native Method)
        at java.util.concurrent.locks.LockSupport.parkNanos(LockSupport.java:215)
        at java.util.concurrent.locks.AbstractQueuedSynchronizer$ConditionObject.awaitNanos(AbstractQueuedSynchronizer.java:2078)
        at org.eclipse.jetty.util.BlockingArrayQueue.poll(BlockingArrayQueue.java:382)
        at org.eclipse.jetty.util.thread.QueuedThreadPool$Runner.idleJobPoll(QueuedThreadPool.java:974)
        at org.eclipse.jetty.util.thread.QueuedThreadPool$Runner.run(QueuedThreadPool.java:1018)
        at java.lang.Thread.run(Thread.java:750)
"ChunkReader-1" daemon prio=5 tid=828 in Object.wait()
java.lang.Thread.State: WAITING (on object monitor)
        at sun.misc.Unsafe.park(Native Method)
        at java.util.concurrent.locks.LockSupport.park(LockSupport.java:175)
        at java.util.concurrent.locks.AbstractQueuedSynchronizer$ConditionObject.await(AbstractQueuedSynchronizer.java:2039)
        at java.util.concurrent.LinkedBlockingQueue.take(LinkedBlockingQueue.java:442)
        at java.util.concurrent.ThreadPoolExecutor.getTask(ThreadPoolExecutor.java:1074)
        at java.util.concurrent.ThreadPoolExecutor.runWorker(ThreadPoolExecutor.java:1134)
        at java.util.concurrent.ThreadPoolExecutor$Worker.run(ThreadPoolExecutor.java:624)
        at java.lang.Thread.run(Thread.java:750)
"Periodic HDDS volume checker" daemon prio=5 tid=195 timed_waiting
java.lang.Thread.State: TIMED_WAITING
        at sun.misc.Unsafe.park(Native Method)
        at java.util.concurrent.locks.LockSupport.parkNanos(LockSupport.java:215)
        at java.util.concurrent.locks.AbstractQueuedSynchronizer$ConditionObject.awaitNanos(AbstractQueuedSynchronizer.java:2078)
        at java.util.concurrent.ScheduledThreadPoolExecutor$DelayedWorkQueue.take(ScheduledThreadPoolExecutor.java:1093)
        at java.util.concurrent.ScheduledThreadPoolExecutor$DelayedWorkQueue.take(ScheduledThreadPoolExecutor.java:809)
        at java.util.concurrent.ThreadPoolExecutor.getTask(ThreadPoolExecutor.java:1074)
        at java.util.concurrent.ThreadPoolExecutor.runWorker(ThreadPoolExecutor.java:1134)
        at java.util.concurrent.ThreadPoolExecutor$Worker.run(ThreadPoolExecutor.java:624)
        at java.lang.Thread.run(Thread.java:750)
"Datanode ReportManager Thread - 2" daemon prio=5 tid=214 timed_waiting
java.lang.Thread.State: TIMED_WAITING
        at sun.misc.Unsafe.park(Native Method)
        at java.util.concurrent.locks.LockSupport.parkNanos(LockSupport.java:215)
        at java.util.concurrent.locks.AbstractQueuedSynchronizer$ConditionObject.awaitNanos(AbstractQueuedSynchronizer.java:2078)
        at java.util.concurrent.ScheduledThreadPoolExecutor$DelayedWorkQueue.take(ScheduledThreadPoolExecutor.java:1093)
        at java.util.concurrent.ScheduledThreadPoolExecutor$DelayedWorkQueue.take(ScheduledThreadPoolExecutor.java:809)
        at java.util.concurrent.ThreadPoolExecutor.getTask(ThreadPoolExecutor.java:1074)
        at java.util.concurrent.ThreadPoolExecutor.runWorker(ThreadPoolExecutor.java:1134)
        at java.util.concurrent.ThreadPoolExecutor$Worker.run(ThreadPoolExecutor.java:624)
        at java.lang.Thread.run(Thread.java:750)
"qtp463783260-139" daemon prio=5 tid=139 timed_waiting
java.lang.Thread.State: TIMED_WAITING
        at sun.misc.Unsafe.park(Native Method)
        at java.util.concurrent.locks.LockSupport.parkNanos(LockSupport.java:215)
        at java.util.concurrent.locks.AbstractQueuedSynchronizer$ConditionObject.awaitNanos(AbstractQueuedSynchronizer.java:2078)
        at org.eclipse.jetty.util.BlockingArrayQueue.poll(BlockingArrayQueue.java:382)
        at org.eclipse.jetty.util.thread.QueuedThreadPool$Runner.idleJobPoll(QueuedThreadPool.java:974)
        at org.eclipse.jetty.util.thread.QueuedThreadPool$Runner.run(QueuedThreadPool.java:1018)
        at java.lang.Thread.run(Thread.java:750)
"86658d9d-b609-4403-bc8a-bf059dbdbb67@group-E4515EC9A960-LeaderStateImpl" daemon prio=5 tid=685 timed_waiting
java.lang.Thread.State: TIMED_WAITING
        at sun.misc.Unsafe.park(Native Method)
        at java.util.concurrent.locks.LockSupport.parkNanos(LockSupport.java:215)
        at java.util.concurrent.locks.AbstractQueuedSynchronizer$ConditionObject.awaitNanos(AbstractQueuedSynchronizer.java:2078)
        at java.util.concurrent.ArrayBlockingQueue.poll(ArrayBlockingQueue.java:418)
        at org.apache.ratis.server.impl.LeaderStateImpl$EventQueue.poll(LeaderStateImpl.java:159)
        at org.apache.ratis.server.impl.LeaderStateImpl$EventProcessor.run(LeaderStateImpl.java:630)
"6534404f-39f4-445c-b85e-518a348dbff3@group-C2A56A5A39AA-SegmentedRaftLogWorker"  prio=5 tid=566 timed_waiting
java.lang.Thread.State: TIMED_WAITING
        at sun.misc.Unsafe.park(Native Method)
        at java.util.concurrent.locks.LockSupport.parkNanos(LockSupport.java:215)
        at java.util.concurrent.locks.AbstractQueuedSynchronizer$ConditionObject.awaitNanos(AbstractQueuedSynchronizer.java:2078)
        at org.apache.ratis.util.DataBlockingQueue.poll(DataBlockingQueue.java:148)
        at org.apache.ratis.server.raftlog.segmented.SegmentedRaftLogWorker.run(SegmentedRaftLogWorker.java:310)
        at org.apache.ratis.server.raftlog.segmented.SegmentedRaftLogWorker$$Lambda$661/302741709.run(Unknown Source)
        at java.lang.Thread.run(Thread.java:750)
"IPC Server idle connection scanner for port 36683" daemon prio=5 tid=29 timed_waiting
java.lang.Thread.State: TIMED_WAITING
        at java.lang.Object.wait(Native Method)
        at java.util.TimerThread.mainLoop(Timer.java:552)
        at java.util.TimerThread.run(Timer.java:505)
"Datanode ReportManager Thread - 3" daemon prio=5 tid=293 timed_waiting
java.lang.Thread.State: TIMED_WAITING
        at sun.misc.Unsafe.park(Native Method)
        at java.util.concurrent.locks.LockSupport.parkNanos(LockSupport.java:215)
        at java.util.concurrent.locks.AbstractQueuedSynchronizer$ConditionObject.awaitNanos(AbstractQueuedSynchronizer.java:2078)
        at java.util.concurrent.ScheduledThreadPoolExecutor$DelayedWorkQueue.take(ScheduledThreadPoolExecutor.java:1093)
        at java.util.concurrent.ScheduledThreadPoolExecutor$DelayedWorkQueue.take(ScheduledThreadPoolExecutor.java:809)
        at java.util.concurrent.ThreadPoolExecutor.getTask(ThreadPoolExecutor.java:1074)
        at java.util.concurrent.ThreadPoolExecutor.runWorker(ThreadPoolExecutor.java:1134)
        at java.util.concurrent.ThreadPoolExecutor$Worker.run(ThreadPoolExecutor.java:624)
        at java.lang.Thread.run(Thread.java:750)
"EventQueue-NodeRegistrationContainerReportForDataNodeSafeModeRule" daemon prio=5 tid=491 in Object.wait()
java.lang.Thread.State: WAITING (on object monitor)
        at sun.misc.Unsafe.park(Native Method)
        at java.util.concurrent.locks.LockSupport.park(LockSupport.java:175)
        at java.util.concurrent.locks.AbstractQueuedSynchronizer$ConditionObject.await(AbstractQueuedSynchronizer.java:2039)
        at java.util.concurrent.LinkedBlockingQueue.take(LinkedBlockingQueue.java:442)
        at java.util.concurrent.ThreadPoolExecutor.getTask(ThreadPoolExecutor.java:1074)
        at java.util.concurrent.ThreadPoolExecutor.runWorker(ThreadPoolExecutor.java:1134)
        at java.util.concurrent.ThreadPoolExecutor$Worker.run(ThreadPoolExecutor.java:624)
        at java.lang.Thread.run(Thread.java:750)
"StaleRecoveringContainerScrubbingService#1" daemon prio=5 tid=488 in Object.wait()
java.lang.Thread.State: WAITING (on object monitor)
        at sun.misc.Unsafe.park(Native Method)
        at java.util.concurrent.locks.LockSupport.park(LockSupport.java:175)
        at java.util.concurrent.locks.AbstractQueuedSynchronizer$ConditionObject.await(AbstractQueuedSynchronizer.java:2039)
        at java.util.concurrent.ScheduledThreadPoolExecutor$DelayedWorkQueue.take(ScheduledThreadPoolExecutor.java:1088)
        at java.util.concurrent.ScheduledThreadPoolExecutor$DelayedWorkQueue.take(ScheduledThreadPoolExecutor.java:809)
        at java.util.concurrent.ThreadPoolExecutor.getTask(ThreadPoolExecutor.java:1074)
        at java.util.concurrent.ThreadPoolExecutor.runWorker(ThreadPoolExecutor.java:1134)
        at java.util.concurrent.ThreadPoolExecutor$Worker.run(ThreadPoolExecutor.java:624)
        at java.lang.Thread.run(Thread.java:750)
"StaleRecoveringContainerScrubbingService#3" daemon prio=5 tid=930 in Object.wait()
java.lang.Thread.State: WAITING (on object monitor)
        at sun.misc.Unsafe.park(Native Method)
        at java.util.concurrent.locks.LockSupport.park(LockSupport.java:175)
        at java.util.concurrent.locks.AbstractQueuedSynchronizer$ConditionObject.await(AbstractQueuedSynchronizer.java:2039)
        at java.util.concurrent.ScheduledThreadPoolExecutor$DelayedWorkQueue.take(ScheduledThreadPoolExecutor.java:1088)
        at java.util.concurrent.ScheduledThreadPoolExecutor$DelayedWorkQueue.take(ScheduledThreadPoolExecutor.java:809)
        at java.util.concurrent.ThreadPoolExecutor.getTask(ThreadPoolExecutor.java:1074)
        at java.util.concurrent.ThreadPoolExecutor.runWorker(ThreadPoolExecutor.java:1134)
        at java.util.concurrent.ThreadPoolExecutor$Worker.run(ThreadPoolExecutor.java:624)
        at java.lang.Thread.run(Thread.java:750)
"BlockDeletingService#3" daemon prio=5 tid=945 in Object.wait()
java.lang.Thread.State: WAITING (on object monitor)
        at sun.misc.Unsafe.park(Native Method)
        at java.util.concurrent.locks.LockSupport.park(LockSupport.java:175)
        at java.util.concurrent.locks.AbstractQueuedSynchronizer$ConditionObject.await(AbstractQueuedSynchronizer.java:2039)
        at java.util.concurrent.ScheduledThreadPoolExecutor$DelayedWorkQueue.take(ScheduledThreadPoolExecutor.java:1088)
        at java.util.concurrent.ScheduledThreadPoolExecutor$DelayedWorkQueue.take(ScheduledThreadPoolExecutor.java:809)
        at java.util.concurrent.ThreadPoolExecutor.getTask(ThreadPoolExecutor.java:1074)
        at java.util.concurrent.ThreadPoolExecutor.runWorker(ThreadPoolExecutor.java:1134)
        at java.util.concurrent.ThreadPoolExecutor$Worker.run(ThreadPoolExecutor.java:624)
        at java.lang.Thread.run(Thread.java:750)
"IPC Server handler 0 on default port 33161" daemon prio=5 tid=144 timed_waiting
java.lang.Thread.State: TIMED_WAITING
        at sun.misc.Unsafe.park(Native Method)
        at java.util.concurrent.locks.LockSupport.parkNanos(LockSupport.java:215)
        at java.util.concurrent.locks.AbstractQueuedSynchronizer$ConditionObject.awaitNanos(AbstractQueuedSynchronizer.java:2078)
        at java.util.concurrent.LinkedBlockingQueue.poll(LinkedBlockingQueue.java:467)
        at org.apache.hadoop.ipc.CallQueueManager.take(CallQueueManager.java:317)
        at org.apache.hadoop.ipc.Server$Handler.run(Server.java:2942)
"0c76121b-7d6b-4708-9ae8-9ff4448060b7-server-thread2" daemon prio=5 tid=877 timed_waiting
java.lang.Thread.State: TIMED_WAITING
        at sun.misc.Unsafe.park(Native Method)
        at java.util.concurrent.locks.LockSupport.parkNanos(LockSupport.java:215)
        at java.util.concurrent.SynchronousQueue$TransferStack.awaitFulfill(SynchronousQueue.java:460)
        at java.util.concurrent.SynchronousQueue$TransferStack.transfer(SynchronousQueue.java:362)
        at java.util.concurrent.SynchronousQueue.poll(SynchronousQueue.java:941)
        at java.util.concurrent.ThreadPoolExecutor.getTask(ThreadPoolExecutor.java:1073)
        at java.util.concurrent.ThreadPoolExecutor.runWorker(ThreadPoolExecutor.java:1134)
        at java.util.concurrent.ThreadPoolExecutor$Worker.run(ThreadPoolExecutor.java:624)
        at java.lang.Thread.run(Thread.java:750)
"org.apache.hadoop.util.JvmPauseMonitor$Monitor@7de1898a" daemon prio=5 tid=218 timed_waiting
java.lang.Thread.State: TIMED_WAITING
        at java.lang.Thread.sleep(Native Method)
        at org.apache.hadoop.util.JvmPauseMonitor$Monitor.run(JvmPauseMonitor.java:192)
        at java.lang.Thread.run(Thread.java:750)
"Datanode ReportManager Thread - 1" daemon prio=5 tid=291 in Object.wait()
java.lang.Thread.State: WAITING (on object monitor)
        at sun.misc.Unsafe.park(Native Method)
        at java.util.concurrent.locks.LockSupport.park(LockSupport.java:175)
        at java.util.concurrent.locks.AbstractQueuedSynchronizer$ConditionObject.await(AbstractQueuedSynchronizer.java:2039)
        at java.util.concurrent.ScheduledThreadPoolExecutor$DelayedWorkQueue.take(ScheduledThreadPoolExecutor.java:1088)
        at java.util.concurrent.ScheduledThreadPoolExecutor$DelayedWorkQueue.take(ScheduledThreadPoolExecutor.java:809)
        at java.util.concurrent.ThreadPoolExecutor.getTask(ThreadPoolExecutor.java:1074)
        at java.util.concurrent.ThreadPoolExecutor.runWorker(ThreadPoolExecutor.java:1134)
        at java.util.concurrent.ThreadPoolExecutor$Worker.run(ThreadPoolExecutor.java:624)
        at java.lang.Thread.run(Thread.java:750)
"qtp1125897995-203-acceptor-0@5ebb5c78-ServerConnector@4a126898{HTTP/1.1, (http/1.1)}{0.0.0.0:43335}" daemon prio=3 tid=203 runnable
java.lang.Thread.State: RUNNABLE
        at sun.nio.ch.ServerSocketChannelImpl.accept0(Native Method)
        at sun.nio.ch.ServerSocketChannelImpl.accept(ServerSocketChannelImpl.java:421)
        at sun.nio.ch.ServerSocketChannelImpl.accept(ServerSocketChannelImpl.java:249)
        at org.eclipse.jetty.server.ServerConnector.accept(ServerConnector.java:388)
        at org.eclipse.jetty.server.AbstractConnector$Acceptor.run(AbstractConnector.java:702)
        at org.eclipse.jetty.util.thread.QueuedThreadPool.runJob(QueuedThreadPool.java:883)
        at org.eclipse.jetty.util.thread.QueuedThreadPool$Runner.run(QueuedThreadPool.java:1034)
        at java.lang.Thread.run(Thread.java:750)
"timer5" daemon prio=5 tid=796 timed_waiting
java.lang.Thread.State: TIMED_WAITING
        at java.lang.Object.wait(Native Method)
        at java.util.TimerThread.mainLoop(Timer.java:552)
        at java.util.TimerThread.run(Timer.java:505)
"timer3" daemon prio=5 tid=776 timed_waiting
java.lang.Thread.State: TIMED_WAITING
        at java.lang.Object.wait(Native Method)
        at java.util.TimerThread.mainLoop(Timer.java:552)
        at java.util.TimerThread.run(Timer.java:505)
"Datanode State Machine Task Thread - 0"  prio=5 tid=400 in Object.wait()
java.lang.Thread.State: WAITING (on object monitor)
        at sun.misc.Unsafe.park(Native Method)
        at java.util.concurrent.locks.LockSupport.park(LockSupport.java:175)
        at java.util.concurrent.locks.AbstractQueuedSynchronizer$ConditionObject.await(AbstractQueuedSynchronizer.java:2039)
        at java.util.concurrent.LinkedBlockingQueue.take(LinkedBlockingQueue.java:442)
        at java.util.concurrent.ThreadPoolExecutor.getTask(ThreadPoolExecutor.java:1074)
        at java.util.concurrent.ThreadPoolExecutor.runWorker(ThreadPoolExecutor.java:1134)
        at java.util.concurrent.ThreadPoolExecutor$Worker.run(ThreadPoolExecutor.java:624)
        at java.lang.Thread.run(Thread.java:750)
"IPC Server handler 16 on default port 36683" daemon prio=5 tid=73 timed_waiting
java.lang.Thread.State: TIMED_WAITING
        at sun.misc.Unsafe.park(Native Method)
        at java.util.concurrent.locks.LockSupport.parkNanos(LockSupport.java:215)
        at java.util.concurrent.locks.AbstractQueuedSynchronizer$ConditionObject.awaitNanos(AbstractQueuedSynchronizer.java:2078)
        at java.util.concurrent.LinkedBlockingQueue.poll(LinkedBlockingQueue.java:467)
        at org.apache.hadoop.ipc.CallQueueManager.take(CallQueueManager.java:317)
        at org.apache.hadoop.ipc.Server$Handler.run(Server.java:2942)
"ChunkWriter-0-0" daemon prio=5 tid=446 in Object.wait()
java.lang.Thread.State: WAITING (on object monitor)
        at sun.misc.Unsafe.park(Native Method)
        at java.util.concurrent.locks.LockSupport.park(LockSupport.java:175)
        at java.util.concurrent.locks.AbstractQueuedSynchronizer$ConditionObject.await(AbstractQueuedSynchronizer.java:2039)
        at java.util.concurrent.LinkedBlockingDeque.takeFirst(LinkedBlockingDeque.java:492)
        at java.util.concurrent.LinkedBlockingDeque.take(LinkedBlockingDeque.java:680)
        at java.util.concurrent.ThreadPoolExecutor.getTask(ThreadPoolExecutor.java:1074)
        at java.util.concurrent.ThreadPoolExecutor.runWorker(ThreadPoolExecutor.java:1134)
        at java.util.concurrent.ThreadPoolExecutor$Worker.run(ThreadPoolExecutor.java:624)
        at java.lang.Thread.run(Thread.java:750)
"qtp1433335917-261" daemon prio=5 tid=261 timed_waiting
java.lang.Thread.State: TIMED_WAITING
        at sun.misc.Unsafe.park(Native Method)
        at java.util.concurrent.locks.LockSupport.parkNanos(LockSupport.java:215)
        at java.util.concurrent.locks.AbstractQueuedSynchronizer$ConditionObject.awaitNanos(AbstractQueuedSynchronizer.java:2078)
        at org.eclipse.jetty.util.BlockingArrayQueue.poll(BlockingArrayQueue.java:382)
        at org.eclipse.jetty.util.thread.QueuedThreadPool$Runner.idleJobPoll(QueuedThreadPool.java:974)
        at org.eclipse.jetty.util.thread.QueuedThreadPool$Runner.run(QueuedThreadPool.java:1018)
        at java.lang.Thread.run(Thread.java:750)
"IPC Server handler 1 on default port 36683" daemon prio=5 tid=58 timed_waiting
java.lang.Thread.State: TIMED_WAITING
        at sun.misc.Unsafe.park(Native Method)
        at java.util.concurrent.locks.LockSupport.parkNanos(LockSupport.java:215)
        at java.util.concurrent.locks.AbstractQueuedSynchronizer$ConditionObject.awaitNanos(AbstractQueuedSynchronizer.java:2078)
        at java.util.concurrent.LinkedBlockingQueue.poll(LinkedBlockingQueue.java:467)
        at org.apache.hadoop.ipc.CallQueueManager.take(CallQueueManager.java:317)
        at org.apache.hadoop.ipc.Server$Handler.run(Server.java:2942)
"ChunkReader-0" daemon prio=5 tid=823 in Object.wait()
java.lang.Thread.State: WAITING (on object monitor)
        at sun.misc.Unsafe.park(Native Method)
        at java.util.concurrent.locks.LockSupport.park(LockSupport.java:175)
        at java.util.concurrent.locks.AbstractQueuedSynchronizer$ConditionObject.await(AbstractQueuedSynchronizer.java:2039)
        at java.util.concurrent.LinkedBlockingQueue.take(LinkedBlockingQueue.java:442)
        at java.util.concurrent.ThreadPoolExecutor.getTask(ThreadPoolExecutor.java:1074)
        at java.util.concurrent.ThreadPoolExecutor.runWorker(ThreadPoolExecutor.java:1134)
        at java.util.concurrent.ThreadPoolExecutor$Worker.run(ThreadPoolExecutor.java:624)
        at java.lang.Thread.run(Thread.java:750)
"Datanode State Machine Task Thread - 1"  prio=5 tid=439 in Object.wait()
java.lang.Thread.State: WAITING (on object monitor)
        at sun.misc.Unsafe.park(Native Method)
        at java.util.concurrent.locks.LockSupport.park(LockSupport.java:175)
        at java.util.concurrent.locks.AbstractQueuedSynchronizer$ConditionObject.await(AbstractQueuedSynchronizer.java:2039)
        at java.util.concurrent.LinkedBlockingQueue.take(LinkedBlockingQueue.java:442)
        at java.util.concurrent.ThreadPoolExecutor.getTask(ThreadPoolExecutor.java:1074)
        at java.util.concurrent.ThreadPoolExecutor.runWorker(ThreadPoolExecutor.java:1134)
        at java.util.concurrent.ThreadPoolExecutor$Worker.run(ThreadPoolExecutor.java:624)
        at java.lang.Thread.run(Thread.java:750)
"StaleRecoveringContainerScrubbingService#0" daemon prio=5 tid=389 timed_waiting
java.lang.Thread.State: TIMED_WAITING
        at sun.misc.Unsafe.park(Native Method)
        at java.util.concurrent.locks.LockSupport.parkNanos(LockSupport.java:215)
        at java.util.concurrent.locks.AbstractQueuedSynchronizer$ConditionObject.awaitNanos(AbstractQueuedSynchronizer.java:2078)
        at java.util.concurrent.ScheduledThreadPoolExecutor$DelayedWorkQueue.take(ScheduledThreadPoolExecutor.java:1093)
        at java.util.concurrent.ScheduledThreadPoolExecutor$DelayedWorkQueue.take(ScheduledThreadPoolExecutor.java:809)
        at java.util.concurrent.ThreadPoolExecutor.getTask(ThreadPoolExecutor.java:1074)
        at java.util.concurrent.ThreadPoolExecutor.runWorker(ThreadPoolExecutor.java:1134)
        at java.util.concurrent.ThreadPoolExecutor$Worker.run(ThreadPoolExecutor.java:624)
        at java.lang.Thread.run(Thread.java:750)
"SCMBlockDeletingService#0" daemon prio=5 tid=97 timed_waiting
java.lang.Thread.State: TIMED_WAITING
        at sun.misc.Unsafe.park(Native Method)
        at java.util.concurrent.locks.LockSupport.parkNanos(LockSupport.java:215)
        at java.util.concurrent.locks.AbstractQueuedSynchronizer$ConditionObject.awaitNanos(AbstractQueuedSynchronizer.java:2078)
        at java.util.concurrent.ScheduledThreadPoolExecutor$DelayedWorkQueue.take(ScheduledThreadPoolExecutor.java:1093)
        at java.util.concurrent.ScheduledThreadPoolExecutor$DelayedWorkQueue.take(ScheduledThreadPoolExecutor.java:809)
        at java.util.concurrent.ThreadPoolExecutor.getTask(ThreadPoolExecutor.java:1074)
        at java.util.concurrent.ThreadPoolExecutor.runWorker(ThreadPoolExecutor.java:1134)
        at java.util.concurrent.ThreadPoolExecutor$Worker.run(ThreadPoolExecutor.java:624)
        at java.lang.Thread.run(Thread.java:750)
"6534404f-39f4-445c-b85e-518a348dbff3@group-C2A56A5A39AA-StateMachineUpdater" daemon prio=5 tid=568 timed_waiting
java.lang.Thread.State: TIMED_WAITING
        at sun.misc.Unsafe.park(Native Method)
        at java.util.concurrent.locks.LockSupport.parkNanos(LockSupport.java:215)
        at java.util.concurrent.CompletableFuture$Signaller.block(CompletableFuture.java:1709)
        at java.util.concurrent.ForkJoinPool.managedBlock(ForkJoinPool.java:3323)
        at java.util.concurrent.CompletableFuture.timedGet(CompletableFuture.java:1788)
        at java.util.concurrent.CompletableFuture.get(CompletableFuture.java:1928)
        at org.apache.ratis.util.AwaitForSignal.await(AwaitForSignal.java:56)
        at org.apache.ratis.server.impl.StateMachineUpdater.waitForCommit(StateMachineUpdater.java:207)
        at org.apache.ratis.server.impl.StateMachineUpdater.run(StateMachineUpdater.java:176)
        at java.lang.Thread.run(Thread.java:750)
"d4065fed-2d66-41be-989b-4bd24a4f6517@group-5EAD7F5BC067-StateMachineUpdater" daemon prio=5 tid=619 timed_waiting
java.lang.Thread.State: TIMED_WAITING
        at sun.misc.Unsafe.park(Native Method)
        at java.util.concurrent.locks.LockSupport.parkNanos(LockSupport.java:215)
        at java.util.concurrent.CompletableFuture$Signaller.block(CompletableFuture.java:1709)
        at java.util.concurrent.ForkJoinPool.managedBlock(ForkJoinPool.java:3323)
        at java.util.concurrent.CompletableFuture.timedGet(CompletableFuture.java:1788)
        at java.util.concurrent.CompletableFuture.get(CompletableFuture.java:1928)
        at org.apache.ratis.util.AwaitForSignal.await(AwaitForSignal.java:56)
        at org.apache.ratis.server.impl.StateMachineUpdater.waitForCommit(StateMachineUpdater.java:207)
        at org.apache.ratis.server.impl.StateMachineUpdater.run(StateMachineUpdater.java:176)
        at java.lang.Thread.run(Thread.java:750)
"IPC Server handler 3 on default port 33161" daemon prio=5 tid=147 timed_waiting
java.lang.Thread.State: TIMED_WAITING
        at sun.misc.Unsafe.park(Native Method)
        at java.util.concurrent.locks.LockSupport.parkNanos(LockSupport.java:215)
        at java.util.concurrent.locks.AbstractQueuedSynchronizer$ConditionObject.awaitNanos(AbstractQueuedSynchronizer.java:2078)
        at java.util.concurrent.LinkedBlockingQueue.poll(LinkedBlockingQueue.java:467)
        at org.apache.hadoop.ipc.CallQueueManager.take(CallQueueManager.java:317)
        at org.apache.hadoop.ipc.Server$Handler.run(Server.java:2942)
"org.apache.hadoop.ozone.container.common.statemachine.commandhandler.DeleteBlocksCommandHandler$DeleteCmdWorker@5708121f" daemon prio=5 tid=252 timed_waiting
java.lang.Thread.State: TIMED_WAITING
        at java.lang.Thread.sleep(Native Method)
        at org.apache.hadoop.ozone.container.common.statemachine.commandhandler.DeleteBlocksCommandHandler$DeleteCmdWorker.run(DeleteBlocksCommandHandler.java:183)
        at java.lang.Thread.run(Thread.java:750)
"BlockDeletingService#2" daemon prio=5 tid=922 in Object.wait()
java.lang.Thread.State: WAITING (on object monitor)
        at sun.misc.Unsafe.park(Native Method)
        at java.util.concurrent.locks.LockSupport.park(LockSupport.java:175)
        at java.util.concurrent.locks.AbstractQueuedSynchronizer$ConditionObject.await(AbstractQueuedSynchronizer.java:2039)
        at java.util.concurrent.ScheduledThreadPoolExecutor$DelayedWorkQueue.take(ScheduledThreadPoolExecutor.java:1088)
        at java.util.concurrent.ScheduledThreadPoolExecutor$DelayedWorkQueue.take(ScheduledThreadPoolExecutor.java:809)
        at java.util.concurrent.ThreadPoolExecutor.getTask(ThreadPoolExecutor.java:1074)
        at java.util.concurrent.ThreadPoolExecutor.runWorker(ThreadPoolExecutor.java:1134)
        at java.util.concurrent.ThreadPoolExecutor$Worker.run(ThreadPoolExecutor.java:624)
        at java.lang.Thread.run(Thread.java:750)
"Datanode State Machine Task Thread - 1"  prio=5 tid=496 in Object.wait()
java.lang.Thread.State: WAITING (on object monitor)
        at sun.misc.Unsafe.park(Native Method)
        at java.util.concurrent.locks.LockSupport.park(LockSupport.java:175)
        at java.util.concurrent.locks.AbstractQueuedSynchronizer$ConditionObject.await(AbstractQueuedSynchronizer.java:2039)
        at java.util.concurrent.LinkedBlockingQueue.take(LinkedBlockingQueue.java:442)
        at java.util.concurrent.ThreadPoolExecutor.getTask(ThreadPoolExecutor.java:1074)
        at java.util.concurrent.ThreadPoolExecutor.runWorker(ThreadPoolExecutor.java:1134)
        at java.util.concurrent.ThreadPoolExecutor$Worker.run(ThreadPoolExecutor.java:624)
        at java.lang.Thread.run(Thread.java:750)
"907eb2bb-0522-4d6b-bbf0-1b213cc99331@group-7E6AB8B5DD8D-LeaderStateImpl" daemon prio=5 tid=739 timed_waiting
java.lang.Thread.State: TIMED_WAITING
        at sun.misc.Unsafe.park(Native Method)
        at java.util.concurrent.locks.LockSupport.parkNanos(LockSupport.java:215)
        at java.util.concurrent.locks.AbstractQueuedSynchronizer$ConditionObject.awaitNanos(AbstractQueuedSynchronizer.java:2078)
        at java.util.concurrent.ArrayBlockingQueue.poll(ArrayBlockingQueue.java:418)
        at org.apache.ratis.server.impl.LeaderStateImpl$EventQueue.poll(LeaderStateImpl.java:159)
        at org.apache.ratis.server.impl.LeaderStateImpl$EventProcessor.run(LeaderStateImpl.java:630)
"pool-173-thread-1"  prio=5 tid=279 timed_waiting
java.lang.Thread.State: TIMED_WAITING
        at sun.misc.Unsafe.park(Native Method)
        at java.util.concurrent.locks.LockSupport.parkNanos(LockSupport.java:215)
        at java.util.concurrent.locks.AbstractQueuedSynchronizer$ConditionObject.awaitNanos(AbstractQueuedSynchronizer.java:2078)
        at java.util.concurrent.ScheduledThreadPoolExecutor$DelayedWorkQueue.take(ScheduledThreadPoolExecutor.java:1093)
        at java.util.concurrent.ScheduledThreadPoolExecutor$DelayedWorkQueue.take(ScheduledThreadPoolExecutor.java:809)
        at java.util.concurrent.ThreadPoolExecutor.getTask(ThreadPoolExecutor.java:1074)
        at java.util.concurrent.ThreadPoolExecutor.runWorker(ThreadPoolExecutor.java:1134)
        at java.util.concurrent.ThreadPoolExecutor$Worker.run(ThreadPoolExecutor.java:624)
        at java.lang.Thread.run(Thread.java:750)
"IPC Server handler 0 on default port 33229" daemon prio=5 tid=37 timed_waiting
java.lang.Thread.State: TIMED_WAITING
        at sun.misc.Unsafe.park(Native Method)
        at java.util.concurrent.locks.LockSupport.parkNanos(LockSupport.java:215)
        at java.util.concurrent.locks.AbstractQueuedSynchronizer$ConditionObject.awaitNanos(AbstractQueuedSynchronizer.java:2078)
        at java.util.concurrent.LinkedBlockingQueue.poll(LinkedBlockingQueue.java:467)
        at org.apache.hadoop.ipc.CallQueueManager.take(CallQueueManager.java:317)
        at org.apache.hadoop.ipc.Server$Handler.run(Server.java:2942)
"StaleRecoveringContainerScrubbingService#3" daemon prio=5 tid=932 in Object.wait()
java.lang.Thread.State: WAITING (on object monitor)
        at sun.misc.Unsafe.park(Native Method)
        at java.util.concurrent.locks.LockSupport.park(LockSupport.java:175)
        at java.util.concurrent.locks.AbstractQueuedSynchronizer$ConditionObject.await(AbstractQueuedSynchronizer.java:2039)
        at java.util.concurrent.ScheduledThreadPoolExecutor$DelayedWorkQueue.take(ScheduledThreadPoolExecutor.java:1088)
        at java.util.concurrent.ScheduledThreadPoolExecutor$DelayedWorkQueue.take(ScheduledThreadPoolExecutor.java:809)
        at java.util.concurrent.ThreadPoolExecutor.getTask(ThreadPoolExecutor.java:1074)
        at java.util.concurrent.ThreadPoolExecutor.runWorker(ThreadPoolExecutor.java:1134)
        at java.util.concurrent.ThreadPoolExecutor$Worker.run(ThreadPoolExecutor.java:624)
        at java.lang.Thread.run(Thread.java:750)
"ChunkWriter-3-0" daemon prio=5 tid=501 in Object.wait()
java.lang.Thread.State: WAITING (on object monitor)
        at sun.misc.Unsafe.park(Native Method)
        at java.util.concurrent.locks.LockSupport.park(LockSupport.java:175)
        at java.util.concurrent.locks.AbstractQueuedSynchronizer$ConditionObject.await(AbstractQueuedSynchronizer.java:2039)
        at java.util.concurrent.LinkedBlockingDeque.takeFirst(LinkedBlockingDeque.java:492)
        at java.util.concurrent.LinkedBlockingDeque.take(LinkedBlockingDeque.java:680)
        at java.util.concurrent.ThreadPoolExecutor.getTask(ThreadPoolExecutor.java:1074)
        at java.util.concurrent.ThreadPoolExecutor.runWorker(ThreadPoolExecutor.java:1134)
        at java.util.concurrent.ThreadPoolExecutor$Worker.run(ThreadPoolExecutor.java:624)
        at java.lang.Thread.run(Thread.java:750)
"FixedThreadPoolWithAffinityExecutor-8-0" daemon prio=5 tid=490 in Object.wait()
java.lang.Thread.State: WAITING (on object monitor)
        at sun.misc.Unsafe.park(Native Method)
        at java.util.concurrent.locks.LockSupport.park(LockSupport.java:175)
        at java.util.concurrent.locks.AbstractQueuedSynchronizer$ConditionObject.await(AbstractQueuedSynchronizer.java:2039)
        at java.util.concurrent.LinkedBlockingDeque.takeFirst(LinkedBlockingDeque.java:492)
        at java.util.concurrent.LinkedBlockingDeque.take(LinkedBlockingDeque.java:680)
        at java.util.concurrent.ThreadPoolExecutor.getTask(ThreadPoolExecutor.java:1074)
        at java.util.concurrent.ThreadPoolExecutor.runWorker(ThreadPoolExecutor.java:1134)
        at java.util.concurrent.ThreadPoolExecutor$Worker.run(ThreadPoolExecutor.java:624)
        at java.lang.Thread.run(Thread.java:750)
"StaleRecoveringContainerScrubbingService#0" daemon prio=5 tid=505 timed_waiting
java.lang.Thread.State: TIMED_WAITING
        at sun.misc.Unsafe.park(Native Method)
        at java.util.concurrent.locks.LockSupport.parkNanos(LockSupport.java:215)
        at java.util.concurrent.locks.AbstractQueuedSynchronizer$ConditionObject.awaitNanos(AbstractQueuedSynchronizer.java:2078)
        at java.util.concurrent.ScheduledThreadPoolExecutor$DelayedWorkQueue.take(ScheduledThreadPoolExecutor.java:1093)
        at java.util.concurrent.ScheduledThreadPoolExecutor$DelayedWorkQueue.take(ScheduledThreadPoolExecutor.java:809)
        at java.util.concurrent.ThreadPoolExecutor.getTask(ThreadPoolExecutor.java:1074)
        at java.util.concurrent.ThreadPoolExecutor.runWorker(ThreadPoolExecutor.java:1134)
        at java.util.concurrent.ThreadPoolExecutor$Worker.run(ThreadPoolExecutor.java:624)
        at java.lang.Thread.run(Thread.java:750)
"Datanode ReportManager Thread - 1" daemon prio=5 tid=394 in Object.wait()
java.lang.Thread.State: WAITING (on object monitor)
        at sun.misc.Unsafe.park(Native Method)
        at java.util.concurrent.locks.LockSupport.park(LockSupport.java:175)
        at java.util.concurrent.locks.AbstractQueuedSynchronizer$ConditionObject.await(AbstractQueuedSynchronizer.java:2039)
        at java.util.concurrent.ScheduledThreadPoolExecutor$DelayedWorkQueue.take(ScheduledThreadPoolExecutor.java:1088)
        at java.util.concurrent.ScheduledThreadPoolExecutor$DelayedWorkQueue.take(ScheduledThreadPoolExecutor.java:809)
        at java.util.concurrent.ThreadPoolExecutor.getTask(ThreadPoolExecutor.java:1074)
        at java.util.concurrent.ThreadPoolExecutor.runWorker(ThreadPoolExecutor.java:1134)
        at java.util.concurrent.ThreadPoolExecutor$Worker.run(ThreadPoolExecutor.java:624)
        at java.lang.Thread.run(Thread.java:750)
"IPC Server listener on 0" daemon prio=5 tid=120 runnable
java.lang.Thread.State: RUNNABLE
        at sun.nio.ch.EPollArrayWrapper.epollWait(Native Method)
        at sun.nio.ch.EPollArrayWrapper.poll(EPollArrayWrapper.java:269)
        at sun.nio.ch.EPollSelectorImpl.doSelect(EPollSelectorImpl.java:93)
        at sun.nio.ch.SelectorImpl.lockAndDoSelect(SelectorImpl.java:86)
        at sun.nio.ch.SelectorImpl.select(SelectorImpl.java:97)
        at sun.nio.ch.SelectorImpl.select(SelectorImpl.java:101)
        at org.apache.hadoop.ipc.Server$Listener.run(Server.java:1358)
"qtp463783260-141" daemon prio=5 tid=141 runnable
java.lang.Thread.State: RUNNABLE
        at sun.nio.ch.EPollArrayWrapper.epollWait(Native Method)
        at sun.nio.ch.EPollArrayWrapper.poll(EPollArrayWrapper.java:269)
        at sun.nio.ch.EPollSelectorImpl.doSelect(EPollSelectorImpl.java:93)
        at sun.nio.ch.SelectorImpl.lockAndDoSelect(SelectorImpl.java:86)
        at sun.nio.ch.SelectorImpl.select(SelectorImpl.java:97)
        at sun.nio.ch.SelectorImpl.select(SelectorImpl.java:101)
        at org.eclipse.jetty.io.ManagedSelector.nioSelect(ManagedSelector.java:183)
        at org.eclipse.jetty.io.ManagedSelector.select(ManagedSelector.java:190)
        at org.eclipse.jetty.io.ManagedSelector$SelectorProducer.select(ManagedSelector.java:606)
        at org.eclipse.jetty.io.ManagedSelector$SelectorProducer.produce(ManagedSelector.java:543)
        at org.eclipse.jetty.util.thread.strategy.EatWhatYouKill.produceTask(EatWhatYouKill.java:362)
        at org.eclipse.jetty.util.thread.strategy.EatWhatYouKill.doProduce(EatWhatYouKill.java:186)
        at org.eclipse.jetty.util.thread.strategy.EatWhatYouKill.tryProduce(EatWhatYouKill.java:173)
        at org.eclipse.jetty.util.thread.strategy.EatWhatYouKill.produce(EatWhatYouKill.java:137)
        at org.eclipse.jetty.io.ManagedSelector$$Lambda$443/465676958.run(Unknown Source)
        at org.eclipse.jetty.util.thread.QueuedThreadPool.runJob(QueuedThreadPool.java:883)
        at org.eclipse.jetty.util.thread.QueuedThreadPool$Runner.run(QueuedThreadPool.java:1034)
        at java.lang.Thread.run(Thread.java:750)
"86658d9d-b609-4403-bc8a-bf059dbdbb67@group-E4515EC9A960-StateMachineUpdater" daemon prio=5 tid=577 timed_waiting
java.lang.Thread.State: TIMED_WAITING
        at sun.misc.Unsafe.park(Native Method)
        at java.util.concurrent.locks.LockSupport.parkNanos(LockSupport.java:215)
        at java.util.concurrent.CompletableFuture$Signaller.block(CompletableFuture.java:1709)
        at java.util.concurrent.ForkJoinPool.managedBlock(ForkJoinPool.java:3323)
        at java.util.concurrent.CompletableFuture.timedGet(CompletableFuture.java:1788)
        at java.util.concurrent.CompletableFuture.get(CompletableFuture.java:1928)
        at org.apache.ratis.util.AwaitForSignal.await(AwaitForSignal.java:56)
        at org.apache.ratis.server.impl.StateMachineUpdater.waitForCommit(StateMachineUpdater.java:207)
        at org.apache.ratis.server.impl.StateMachineUpdater.run(StateMachineUpdater.java:176)
        at java.lang.Thread.run(Thread.java:750)
"ChunkWriter-2-0" daemon prio=5 tid=329 in Object.wait()
java.lang.Thread.State: WAITING (on object monitor)
        at sun.misc.Unsafe.park(Native Method)
        at java.util.concurrent.locks.LockSupport.park(LockSupport.java:175)
        at java.util.concurrent.locks.AbstractQueuedSynchronizer$ConditionObject.await(AbstractQueuedSynchronizer.java:2039)
        at java.util.concurrent.LinkedBlockingDeque.takeFirst(LinkedBlockingDeque.java:492)
        at java.util.concurrent.LinkedBlockingDeque.take(LinkedBlockingDeque.java:680)
        at java.util.concurrent.ThreadPoolExecutor.getTask(ThreadPoolExecutor.java:1074)
        at java.util.concurrent.ThreadPoolExecutor.runWorker(ThreadPoolExecutor.java:1134)
        at java.util.concurrent.ThreadPoolExecutor$Worker.run(ThreadPoolExecutor.java:624)
        at java.lang.Thread.run(Thread.java:750)
"Socket Reader #1 for port 0"  prio=5 tid=121 runnable
java.lang.Thread.State: RUNNABLE
        at sun.nio.ch.EPollArrayWrapper.epollWait(Native Method)
        at sun.nio.ch.EPollArrayWrapper.poll(EPollArrayWrapper.java:269)
        at sun.nio.ch.EPollSelectorImpl.doSelect(EPollSelectorImpl.java:93)
        at sun.nio.ch.SelectorImpl.lockAndDoSelect(SelectorImpl.java:86)
        at sun.nio.ch.SelectorImpl.select(SelectorImpl.java:97)
        at sun.nio.ch.SelectorImpl.select(SelectorImpl.java:101)
        at org.apache.hadoop.ipc.Server$Listener$Reader.doRunLoop(Server.java:1296)
        at org.apache.hadoop.ipc.Server$Listener$Reader.run(Server.java:1275)
"BlockDeletingService#2" daemon prio=5 tid=915 in Object.wait()
java.lang.Thread.State: WAITING (on object monitor)
        at sun.misc.Unsafe.park(Native Method)
        at java.util.concurrent.locks.LockSupport.park(LockSupport.java:175)
        at java.util.concurrent.locks.AbstractQueuedSynchronizer$ConditionObject.await(AbstractQueuedSynchronizer.java:2039)
        at java.util.concurrent.ScheduledThreadPoolExecutor$DelayedWorkQueue.take(ScheduledThreadPoolExecutor.java:1088)
        at java.util.concurrent.ScheduledThreadPoolExecutor$DelayedWorkQueue.take(ScheduledThreadPoolExecutor.java:809)
        at java.util.concurrent.ThreadPoolExecutor.getTask(ThreadPoolExecutor.java:1074)
        at java.util.concurrent.ThreadPoolExecutor.runWorker(ThreadPoolExecutor.java:1134)
        at java.util.concurrent.ThreadPoolExecutor$Worker.run(ThreadPoolExecutor.java:624)
        at java.lang.Thread.run(Thread.java:750)
"org.apache.hadoop.util.JvmPauseMonitor$Monitor@515fff35" daemon prio=5 tid=98 timed_waiting
java.lang.Thread.State: TIMED_WAITING
        at java.lang.Thread.sleep(Native Method)
        at org.apache.hadoop.util.JvmPauseMonitor$Monitor.run(JvmPauseMonitor.java:192)
        at java.lang.Thread.run(Thread.java:750)
"BlockDeletingService#1" daemon prio=5 tid=391 in Object.wait()
java.lang.Thread.State: WAITING (on object monitor)
        at sun.misc.Unsafe.park(Native Method)
        at java.util.concurrent.locks.LockSupport.park(LockSupport.java:175)
        at java.util.concurrent.locks.AbstractQueuedSynchronizer$ConditionObject.await(AbstractQueuedSynchronizer.java:2039)
        at java.util.concurrent.ScheduledThreadPoolExecutor$DelayedWorkQueue.take(ScheduledThreadPoolExecutor.java:1088)
        at java.util.concurrent.ScheduledThreadPoolExecutor$DelayedWorkQueue.take(ScheduledThreadPoolExecutor.java:809)
        at java.util.concurrent.ThreadPoolExecutor.getTask(ThreadPoolExecutor.java:1074)
        at java.util.concurrent.ThreadPoolExecutor.runWorker(ThreadPoolExecutor.java:1134)
        at java.util.concurrent.ThreadPoolExecutor$Worker.run(ThreadPoolExecutor.java:624)
        at java.lang.Thread.run(Thread.java:750)
"IPC Server handler 13 on default port 39909" daemon prio=5 tid=90 timed_waiting
java.lang.Thread.State: TIMED_WAITING
        at sun.misc.Unsafe.park(Native Method)
        at java.util.concurrent.locks.LockSupport.parkNanos(LockSupport.java:215)
        at java.util.concurrent.locks.AbstractQueuedSynchronizer$ConditionObject.awaitNanos(AbstractQueuedSynchronizer.java:2078)
        at java.util.concurrent.LinkedBlockingQueue.poll(LinkedBlockingQueue.java:467)
        at org.apache.hadoop.ipc.CallQueueManager.take(CallQueueManager.java:317)
        at org.apache.hadoop.ipc.Server$Handler.run(Server.java:2942)
"StaleRecoveringContainerScrubbingService#2" daemon prio=5 tid=929 in Object.wait()
java.lang.Thread.State: WAITING (on object monitor)
        at sun.misc.Unsafe.park(Native Method)
        at java.util.concurrent.locks.LockSupport.park(LockSupport.java:175)
        at java.util.concurrent.locks.AbstractQueuedSynchronizer$ConditionObject.await(AbstractQueuedSynchronizer.java:2039)
        at java.util.concurrent.ScheduledThreadPoolExecutor$DelayedWorkQueue.take(ScheduledThreadPoolExecutor.java:1088)
        at java.util.concurrent.ScheduledThreadPoolExecutor$DelayedWorkQueue.take(ScheduledThreadPoolExecutor.java:809)
        at java.util.concurrent.ThreadPoolExecutor.getTask(ThreadPoolExecutor.java:1074)
        at java.util.concurrent.ThreadPoolExecutor.runWorker(ThreadPoolExecutor.java:1134)
        at java.util.concurrent.ThreadPoolExecutor$Worker.run(ThreadPoolExecutor.java:624)
        at java.lang.Thread.run(Thread.java:750)
"6534404f-39f4-445c-b85e-518a348dbff3-server-thread3"  prio=5 tid=866 timed_waiting
java.lang.Thread.State: TIMED_WAITING
        at sun.misc.Unsafe.park(Native Method)
        at java.util.concurrent.locks.LockSupport.parkNanos(LockSupport.java:215)
        at java.util.concurrent.SynchronousQueue$TransferStack.awaitFulfill(SynchronousQueue.java:460)
        at java.util.concurrent.SynchronousQueue$TransferStack.transfer(SynchronousQueue.java:362)
        at java.util.concurrent.SynchronousQueue.poll(SynchronousQueue.java:941)
        at java.util.concurrent.ThreadPoolExecutor.getTask(ThreadPoolExecutor.java:1073)
        at java.util.concurrent.ThreadPoolExecutor.runWorker(ThreadPoolExecutor.java:1134)
        at java.util.concurrent.ThreadPoolExecutor$Worker.run(ThreadPoolExecutor.java:624)
        at java.lang.Thread.run(Thread.java:750)
"d4065fed-2d66-41be-989b-4bd24a4f6517@group-297D8D80ECA4-SegmentedRaftLogWorker"  prio=5 tid=635 timed_waiting
java.lang.Thread.State: TIMED_WAITING
        at sun.misc.Unsafe.park(Native Method)
        at java.util.concurrent.locks.LockSupport.parkNanos(LockSupport.java:215)
        at java.util.concurrent.locks.AbstractQueuedSynchronizer$ConditionObject.awaitNanos(AbstractQueuedSynchronizer.java:2078)
        at org.apache.ratis.util.DataBlockingQueue.poll(DataBlockingQueue.java:148)
        at org.apache.ratis.server.raftlog.segmented.SegmentedRaftLogWorker.run(SegmentedRaftLogWorker.java:310)
        at org.apache.ratis.server.raftlog.segmented.SegmentedRaftLogWorker$$Lambda$661/302741709.run(Unknown Source)
        at java.lang.Thread.run(Thread.java:750)
"Datanode ReportManager Thread - 1" daemon prio=5 tid=432 in Object.wait()
java.lang.Thread.State: WAITING (on object monitor)
        at sun.misc.Unsafe.park(Native Method)
        at java.util.concurrent.locks.LockSupport.park(LockSupport.java:175)
        at java.util.concurrent.locks.AbstractQueuedSynchronizer$ConditionObject.await(AbstractQueuedSynchronizer.java:2039)
        at java.util.concurrent.ScheduledThreadPoolExecutor$DelayedWorkQueue.take(ScheduledThreadPoolExecutor.java:1088)
        at java.util.concurrent.ScheduledThreadPoolExecutor$DelayedWorkQueue.take(ScheduledThreadPoolExecutor.java:809)
        at java.util.concurrent.ThreadPoolExecutor.getTask(ThreadPoolExecutor.java:1074)
        at java.util.concurrent.ThreadPoolExecutor.runWorker(ThreadPoolExecutor.java:1134)
        at java.util.concurrent.ThreadPoolExecutor$Worker.run(ThreadPoolExecutor.java:624)
        at java.lang.Thread.run(Thread.java:750)
"OpenKeyCleanupService#0" daemon prio=5 tid=133 timed_waiting
java.lang.Thread.State: TIMED_WAITING
        at sun.misc.Unsafe.park(Native Method)
        at java.util.concurrent.locks.LockSupport.parkNanos(LockSupport.java:215)
        at java.util.concurrent.locks.AbstractQueuedSynchronizer$ConditionObject.awaitNanos(AbstractQueuedSynchronizer.java:2078)
        at java.util.concurrent.ScheduledThreadPoolExecutor$DelayedWorkQueue.take(ScheduledThreadPoolExecutor.java:1093)
        at java.util.concurrent.ScheduledThreadPoolExecutor$DelayedWorkQueue.take(ScheduledThreadPoolExecutor.java:809)
        at java.util.concurrent.ThreadPoolExecutor.getTask(ThreadPoolExecutor.java:1074)
        at java.util.concurrent.ThreadPoolExecutor.runWorker(ThreadPoolExecutor.java:1134)
        at java.util.concurrent.ThreadPoolExecutor$Worker.run(ThreadPoolExecutor.java:624)
        at java.lang.Thread.run(Thread.java:750)
"EndpointStateMachine task thread for /0.0.0.0:39909 - 0 "  prio=5 tid=316 in Object.wait()
java.lang.Thread.State: WAITING (on object monitor)
        at sun.misc.Unsafe.park(Native Method)
        at java.util.concurrent.locks.LockSupport.park(LockSupport.java:175)
        at java.util.concurrent.locks.AbstractQueuedSynchronizer$ConditionObject.await(AbstractQueuedSynchronizer.java:2039)
        at java.util.concurrent.LinkedBlockingQueue.take(LinkedBlockingQueue.java:442)
        at java.util.concurrent.ThreadPoolExecutor.getTask(ThreadPoolExecutor.java:1074)
        at java.util.concurrent.ThreadPoolExecutor.runWorker(ThreadPoolExecutor.java:1134)
        at java.util.concurrent.ThreadPoolExecutor$Worker.run(ThreadPoolExecutor.java:624)
        at java.lang.Thread.run(Thread.java:750)
"org.apache.hadoop.util.JvmPauseMonitor$Monitor@450a6a51" daemon prio=5 tid=164 timed_waiting
java.lang.Thread.State: TIMED_WAITING
        at java.lang.Thread.sleep(Native Method)
        at org.apache.hadoop.util.JvmPauseMonitor$Monitor.run(JvmPauseMonitor.java:192)
        at java.lang.Thread.run(Thread.java:750)
"be21c5c4-321c-411e-8ca9-5bb5909d110b-server-thread2" daemon prio=5 tid=778 timed_waiting
java.lang.Thread.State: TIMED_WAITING
        at sun.misc.Unsafe.park(Native Method)
        at java.util.concurrent.locks.LockSupport.parkNanos(LockSupport.java:215)
        at java.util.concurrent.SynchronousQueue$TransferStack.awaitFulfill(SynchronousQueue.java:460)
        at java.util.concurrent.SynchronousQueue$TransferStack.transfer(SynchronousQueue.java:362)
        at java.util.concurrent.SynchronousQueue.poll(SynchronousQueue.java:941)
        at java.util.concurrent.ThreadPoolExecutor.getTask(ThreadPoolExecutor.java:1073)
        at java.util.concurrent.ThreadPoolExecutor.runWorker(ThreadPoolExecutor.java:1134)
        at java.util.concurrent.ThreadPoolExecutor$Worker.run(ThreadPoolExecutor.java:624)
        at java.lang.Thread.run(Thread.java:750)
"IPC Server handler 5 on default port 33229" daemon prio=5 tid=42 timed_waiting
java.lang.Thread.State: TIMED_WAITING
        at sun.misc.Unsafe.park(Native Method)
        at java.util.concurrent.locks.LockSupport.parkNanos(LockSupport.java:215)
        at java.util.concurrent.locks.AbstractQueuedSynchronizer$ConditionObject.awaitNanos(AbstractQueuedSynchronizer.java:2078)
        at java.util.concurrent.LinkedBlockingQueue.poll(LinkedBlockingQueue.java:467)
        at org.apache.hadoop.ipc.CallQueueManager.take(CallQueueManager.java:317)
        at org.apache.hadoop.ipc.Server$Handler.run(Server.java:2942)
"ChunkWriter-0-0" daemon prio=5 tid=549 in Object.wait()
java.lang.Thread.State: WAITING (on object monitor)
        at sun.misc.Unsafe.park(Native Method)
        at java.util.concurrent.locks.LockSupport.park(LockSupport.java:175)
        at java.util.concurrent.locks.AbstractQueuedSynchronizer$ConditionObject.await(AbstractQueuedSynchronizer.java:2039)
        at java.util.concurrent.LinkedBlockingDeque.takeFirst(LinkedBlockingDeque.java:492)
        at java.util.concurrent.LinkedBlockingDeque.take(LinkedBlockingDeque.java:680)
        at java.util.concurrent.ThreadPoolExecutor.getTask(ThreadPoolExecutor.java:1074)
        at java.util.concurrent.ThreadPoolExecutor.runWorker(ThreadPoolExecutor.java:1134)
        at java.util.concurrent.ThreadPoolExecutor$Worker.run(ThreadPoolExecutor.java:624)
        at java.lang.Thread.run(Thread.java:750)
"pool-88-thread-1" daemon prio=5 tid=197 timed_waiting
java.lang.Thread.State: TIMED_WAITING
        at sun.misc.Unsafe.park(Native Method)
        at java.util.concurrent.locks.LockSupport.parkNanos(LockSupport.java:215)
        at java.util.concurrent.locks.AbstractQueuedSynchronizer$ConditionObject.awaitNanos(AbstractQueuedSynchronizer.java:2078)
        at java.util.concurrent.ScheduledThreadPoolExecutor$DelayedWorkQueue.take(ScheduledThreadPoolExecutor.java:1093)
        at java.util.concurrent.ScheduledThreadPoolExecutor$DelayedWorkQueue.take(ScheduledThreadPoolExecutor.java:809)
        at java.util.concurrent.ThreadPoolExecutor.getTask(ThreadPoolExecutor.java:1074)
        at java.util.concurrent.ThreadPoolExecutor.runWorker(ThreadPoolExecutor.java:1134)
        at java.util.concurrent.ThreadPoolExecutor$Worker.run(ThreadPoolExecutor.java:624)
        at java.lang.Thread.run(Thread.java:750)
"86658d9d-b609-4403-bc8a-bf059dbdbb67@group-C2A56A5A39AA-FollowerState" daemon prio=5 tid=857 timed_waiting
java.lang.Thread.State: TIMED_WAITING
        at java.lang.Thread.sleep(Native Method)
        at java.lang.Thread.sleep(Thread.java:342)
        at java.util.concurrent.TimeUnit.sleep(TimeUnit.java:386)
        at org.apache.ratis.util.TimeDuration.sleep(TimeDuration.java:325)
        at org.apache.ratis.util.TimeDuration.sleep(TimeDuration.java:310)
        at org.apache.ratis.server.impl.FollowerState.run(FollowerState.java:128)
"org.apache.hadoop.ozone.container.common.statemachine.commandhandler.DeleteBlocksCommandHandler$DeleteCmdWorker@33e52ab" daemon prio=5 tid=226 timed_waiting
java.lang.Thread.State: TIMED_WAITING
        at java.lang.Thread.sleep(Native Method)
        at org.apache.hadoop.ozone.container.common.statemachine.commandhandler.DeleteBlocksCommandHandler$DeleteCmdWorker.run(DeleteBlocksCommandHandler.java:183)
        at java.lang.Thread.run(Thread.java:750)
"277330ea-7eb2-4eea-8a6b-9d41e81a33f6@group-D1756B2A70E6-StateMachineUpdater" daemon prio=5 tid=675 timed_waiting
java.lang.Thread.State: TIMED_WAITING
        at sun.misc.Unsafe.park(Native Method)
        at java.util.concurrent.locks.LockSupport.parkNanos(LockSupport.java:215)
        at java.util.concurrent.CompletableFuture$Signaller.block(CompletableFuture.java:1709)
        at java.util.concurrent.ForkJoinPool.managedBlock(ForkJoinPool.java:3323)
        at java.util.concurrent.CompletableFuture.timedGet(CompletableFuture.java:1788)
        at java.util.concurrent.CompletableFuture.get(CompletableFuture.java:1928)
        at org.apache.ratis.util.AwaitForSignal.await(AwaitForSignal.java:56)
        at org.apache.ratis.server.impl.StateMachineUpdater.waitForCommit(StateMachineUpdater.java:207)
        at org.apache.ratis.server.impl.StateMachineUpdater.run(StateMachineUpdater.java:176)
        at java.lang.Thread.run(Thread.java:750)
"Session-HouseKeeper-7ce9ec07-1"  prio=5 tid=210 timed_waiting
java.lang.Thread.State: TIMED_WAITING
        at sun.misc.Unsafe.park(Native Method)
        at java.util.concurrent.locks.LockSupport.parkNanos(LockSupport.java:215)
        at java.util.concurrent.locks.AbstractQueuedSynchronizer$ConditionObject.awaitNanos(AbstractQueuedSynchronizer.java:2078)
        at java.util.concurrent.ScheduledThreadPoolExecutor$DelayedWorkQueue.take(ScheduledThreadPoolExecutor.java:1093)
        at java.util.concurrent.ScheduledThreadPoolExecutor$DelayedWorkQueue.take(ScheduledThreadPoolExecutor.java:809)
        at java.util.concurrent.ThreadPoolExecutor.getTask(ThreadPoolExecutor.java:1074)
        at java.util.concurrent.ThreadPoolExecutor.runWorker(ThreadPoolExecutor.java:1134)
        at java.util.concurrent.ThreadPoolExecutor$Worker.run(ThreadPoolExecutor.java:624)
        at java.lang.Thread.run(Thread.java:750)
"StaleRecoveringContainerScrubbingService#2" daemon prio=5 tid=919 in Object.wait()
java.lang.Thread.State: WAITING (on object monitor)
        at sun.misc.Unsafe.park(Native Method)
        at java.util.concurrent.locks.LockSupport.park(LockSupport.java:175)
        at java.util.concurrent.locks.AbstractQueuedSynchronizer$ConditionObject.await(AbstractQueuedSynchronizer.java:2039)
        at java.util.concurrent.ScheduledThreadPoolExecutor$DelayedWorkQueue.take(ScheduledThreadPoolExecutor.java:1088)
        at java.util.concurrent.ScheduledThreadPoolExecutor$DelayedWorkQueue.take(ScheduledThreadPoolExecutor.java:809)
        at java.util.concurrent.ThreadPoolExecutor.getTask(ThreadPoolExecutor.java:1074)
        at java.util.concurrent.ThreadPoolExecutor.runWorker(ThreadPoolExecutor.java:1134)
        at java.util.concurrent.ThreadPoolExecutor$Worker.run(ThreadPoolExecutor.java:624)
        at java.lang.Thread.run(Thread.java:750)
"StaleRecoveringContainerScrubbingService#1" daemon prio=5 tid=507 in Object.wait()
java.lang.Thread.State: WAITING (on object monitor)
        at sun.misc.Unsafe.park(Native Method)
        at java.util.concurrent.locks.LockSupport.park(LockSupport.java:175)
        at java.util.concurrent.locks.AbstractQueuedSynchronizer$ConditionObject.await(AbstractQueuedSynchronizer.java:2039)
        at java.util.concurrent.ScheduledThreadPoolExecutor$DelayedWorkQueue.take(ScheduledThreadPoolExecutor.java:1088)
        at java.util.concurrent.ScheduledThreadPoolExecutor$DelayedWorkQueue.take(ScheduledThreadPoolExecutor.java:809)
        at java.util.concurrent.ThreadPoolExecutor.getTask(ThreadPoolExecutor.java:1074)
        at java.util.concurrent.ThreadPoolExecutor.runWorker(ThreadPoolExecutor.java:1134)
        at java.util.concurrent.ThreadPoolExecutor$Worker.run(ThreadPoolExecutor.java:624)
        at java.lang.Thread.run(Thread.java:750)
"d4065fed-2d66-41be-989b-4bd24a4f6517@group-670B8877836B-FollowerState" daemon prio=5 tid=900 timed_waiting
java.lang.Thread.State: TIMED_WAITING
        at java.lang.Thread.sleep(Native Method)
        at java.lang.Thread.sleep(Thread.java:342)
        at java.util.concurrent.TimeUnit.sleep(TimeUnit.java:386)
        at org.apache.ratis.util.TimeDuration.sleep(TimeDuration.java:325)
        at org.apache.ratis.util.TimeDuration.sleep(TimeDuration.java:310)
        at org.apache.ratis.server.impl.FollowerState.run(FollowerState.java:128)
"IPC Server handler 8 on default port 39909" daemon prio=5 tid=85 timed_waiting
java.lang.Thread.State: TIMED_WAITING
        at sun.misc.Unsafe.park(Native Method)
        at java.util.concurrent.locks.LockSupport.parkNanos(LockSupport.java:215)
        at java.util.concurrent.locks.AbstractQueuedSynchronizer$ConditionObject.awaitNanos(AbstractQueuedSynchronizer.java:2078)
        at java.util.concurrent.LinkedBlockingQueue.poll(LinkedBlockingQueue.java:467)
        at org.apache.hadoop.ipc.CallQueueManager.take(CallQueueManager.java:317)
        at org.apache.hadoop.ipc.Server$Handler.run(Server.java:2942)
"timer1" daemon prio=5 tid=771 timed_waiting
java.lang.Thread.State: TIMED_WAITING
        at java.lang.Object.wait(Native Method)
        at java.util.TimerThread.mainLoop(Timer.java:552)
        at java.util.TimerThread.run(Timer.java:505)
"StaleRecoveringContainerScrubbingService#1" daemon prio=5 tid=532 in Object.wait()
java.lang.Thread.State: WAITING (on object monitor)
        at sun.misc.Unsafe.park(Native Method)
        at java.util.concurrent.locks.LockSupport.park(LockSupport.java:175)
        at java.util.concurrent.locks.AbstractQueuedSynchronizer$ConditionObject.await(AbstractQueuedSynchronizer.java:2039)
        at java.util.concurrent.ScheduledThreadPoolExecutor$DelayedWorkQueue.take(ScheduledThreadPoolExecutor.java:1088)
        at java.util.concurrent.ScheduledThreadPoolExecutor$DelayedWorkQueue.take(ScheduledThreadPoolExecutor.java:809)
        at java.util.concurrent.ThreadPoolExecutor.getTask(ThreadPoolExecutor.java:1074)
        at java.util.concurrent.ThreadPoolExecutor.runWorker(ThreadPoolExecutor.java:1134)
        at java.util.concurrent.ThreadPoolExecutor$Worker.run(ThreadPoolExecutor.java:624)
        at java.lang.Thread.run(Thread.java:750)
"d4065fed-2d66-41be-989b-4bd24a4f6517-server-thread2" daemon prio=5 tid=908 timed_waiting
java.lang.Thread.State: TIMED_WAITING
        at sun.misc.Unsafe.park(Native Method)
        at java.util.concurrent.locks.LockSupport.parkNanos(LockSupport.java:215)
        at java.util.concurrent.SynchronousQueue$TransferStack.awaitFulfill(SynchronousQueue.java:460)
        at java.util.concurrent.SynchronousQueue$TransferStack.transfer(SynchronousQueue.java:362)
        at java.util.concurrent.SynchronousQueue.poll(SynchronousQueue.java:941)
        at java.util.concurrent.ThreadPoolExecutor.getTask(ThreadPoolExecutor.java:1073)
        at java.util.concurrent.ThreadPoolExecutor.runWorker(ThreadPoolExecutor.java:1134)
        at java.util.concurrent.ThreadPoolExecutor$Worker.run(ThreadPoolExecutor.java:624)
        at java.lang.Thread.run(Thread.java:750)
"0c76121b-7d6b-4708-9ae8-9ff4448060b7@group-CE71C629F99F-SegmentedRaftLogWorker"  prio=5 tid=594 timed_waiting
java.lang.Thread.State: TIMED_WAITING
        at sun.misc.Unsafe.park(Native Method)
        at java.util.concurrent.locks.LockSupport.parkNanos(LockSupport.java:215)
        at java.util.concurrent.locks.AbstractQueuedSynchronizer$ConditionObject.awaitNanos(AbstractQueuedSynchronizer.java:2078)
        at org.apache.ratis.util.DataBlockingQueue.poll(DataBlockingQueue.java:148)
        at org.apache.ratis.server.raftlog.segmented.SegmentedRaftLogWorker.run(SegmentedRaftLogWorker.java:310)
        at org.apache.ratis.server.raftlog.segmented.SegmentedRaftLogWorker$$Lambda$661/302741709.run(Unknown Source)
        at java.lang.Thread.run(Thread.java:750)
"Command processor thread" daemon prio=5 tid=217 timed_waiting
java.lang.Thread.State: TIMED_WAITING
        at java.lang.Thread.sleep(Native Method)
        at org.apache.hadoop.ozone.container.common.statemachine.DatanodeStateMachine.lambda$initCommandHandlerThread$3(DatanodeStateMachine.java:634)
        at org.apache.hadoop.ozone.container.common.statemachine.DatanodeStateMachine$$Lambda$747/2071845850.run(Unknown Source)
        at java.lang.Thread.run(Thread.java:750)
"IPC Server handler 18 on default port 33161" daemon prio=5 tid=162 timed_waiting
java.lang.Thread.State: TIMED_WAITING
        at sun.misc.Unsafe.park(Native Method)
        at java.util.concurrent.locks.LockSupport.parkNanos(LockSupport.java:215)
        at java.util.concurrent.locks.AbstractQueuedSynchronizer$ConditionObject.awaitNanos(AbstractQueuedSynchronizer.java:2078)
        at java.util.concurrent.LinkedBlockingQueue.poll(LinkedBlockingQueue.java:467)
        at org.apache.hadoop.ipc.CallQueueManager.take(CallQueueManager.java:317)
        at org.apache.hadoop.ipc.Server$Handler.run(Server.java:2942)
"BlockDeletingService#2" daemon prio=5 tid=913 in Object.wait()
java.lang.Thread.State: WAITING (on object monitor)
        at sun.misc.Unsafe.park(Native Method)
        at java.util.concurrent.locks.LockSupport.park(LockSupport.java:175)
        at java.util.concurrent.locks.AbstractQueuedSynchronizer$ConditionObject.await(AbstractQueuedSynchronizer.java:2039)
        at java.util.concurrent.ScheduledThreadPoolExecutor$DelayedWorkQueue.take(ScheduledThreadPoolExecutor.java:1088)
        at java.util.concurrent.ScheduledThreadPoolExecutor$DelayedWorkQueue.take(ScheduledThreadPoolExecutor.java:809)
        at java.util.concurrent.ThreadPoolExecutor.getTask(ThreadPoolExecutor.java:1074)
        at java.util.concurrent.ThreadPoolExecutor.runWorker(ThreadPoolExecutor.java:1134)
        at java.util.concurrent.ThreadPoolExecutor$Worker.run(ThreadPoolExecutor.java:624)
        at java.lang.Thread.run(Thread.java:750)
"6534404f-39f4-445c-b85e-518a348dbff3@group-B7DE03A6A590-StateMachineUpdater" daemon prio=5 tid=565 timed_waiting
java.lang.Thread.State: TIMED_WAITING
        at sun.misc.Unsafe.park(Native Method)
        at java.util.concurrent.locks.LockSupport.parkNanos(LockSupport.java:215)
        at java.util.concurrent.CompletableFuture$Signaller.block(CompletableFuture.java:1709)
        at java.util.concurrent.ForkJoinPool.managedBlock(ForkJoinPool.java:3323)
        at java.util.concurrent.CompletableFuture.timedGet(CompletableFuture.java:1788)
        at java.util.concurrent.CompletableFuture.get(CompletableFuture.java:1928)
        at org.apache.ratis.util.AwaitForSignal.await(AwaitForSignal.java:56)
        at org.apache.ratis.server.impl.StateMachineUpdater.waitForCommit(StateMachineUpdater.java:207)
        at org.apache.ratis.server.impl.StateMachineUpdater.run(StateMachineUpdater.java:176)
        at java.lang.Thread.run(Thread.java:750)
"IPC Server handler 19 on default port 33161" daemon prio=5 tid=163 timed_waiting
java.lang.Thread.State: TIMED_WAITING
        at sun.misc.Unsafe.park(Native Method)
        at java.util.concurrent.locks.LockSupport.parkNanos(LockSupport.java:215)
        at java.util.concurrent.locks.AbstractQueuedSynchronizer$ConditionObject.awaitNanos(AbstractQueuedSynchronizer.java:2078)
        at java.util.concurrent.LinkedBlockingQueue.poll(LinkedBlockingQueue.java:467)
        at org.apache.hadoop.ipc.CallQueueManager.take(CallQueueManager.java:317)
        at org.apache.hadoop.ipc.Server$Handler.run(Server.java:2942)
"Periodic HDDS volume checker" daemon prio=5 tid=299 timed_waiting
java.lang.Thread.State: TIMED_WAITING
        at sun.misc.Unsafe.park(Native Method)
        at java.util.concurrent.locks.LockSupport.parkNanos(LockSupport.java:215)
        at java.util.concurrent.locks.AbstractQueuedSynchronizer$ConditionObject.awaitNanos(AbstractQueuedSynchronizer.java:2078)
        at java.util.concurrent.ScheduledThreadPoolExecutor$DelayedWorkQueue.take(ScheduledThreadPoolExecutor.java:1093)
        at java.util.concurrent.ScheduledThreadPoolExecutor$DelayedWorkQueue.take(ScheduledThreadPoolExecutor.java:809)
        at java.util.concurrent.ThreadPoolExecutor.getTask(ThreadPoolExecutor.java:1074)
        at java.util.concurrent.ThreadPoolExecutor.runWorker(ThreadPoolExecutor.java:1134)
        at java.util.concurrent.ThreadPoolExecutor$Worker.run(ThreadPoolExecutor.java:624)
        at java.lang.Thread.run(Thread.java:750)
"Timer for 'StorageContainerManager' metrics system" daemon prio=5 tid=35 timed_waiting
java.lang.Thread.State: TIMED_WAITING
        at java.lang.Object.wait(Native Method)
        at java.util.TimerThread.mainLoop(Timer.java:552)
        at java.util.TimerThread.run(Timer.java:505)
"6534404f-39f4-445c-b85e-518a348dbff3-server-thread2" daemon prio=5 tid=865 timed_waiting
java.lang.Thread.State: TIMED_WAITING
        at sun.misc.Unsafe.park(Native Method)
        at java.util.concurrent.locks.LockSupport.parkNanos(LockSupport.java:215)
        at java.util.concurrent.SynchronousQueue$TransferStack.awaitFulfill(SynchronousQueue.java:460)
        at java.util.concurrent.SynchronousQueue$TransferStack.transfer(SynchronousQueue.java:362)
        at java.util.concurrent.SynchronousQueue.poll(SynchronousQueue.java:941)
        at java.util.concurrent.ThreadPoolExecutor.getTask(ThreadPoolExecutor.java:1073)
        at java.util.concurrent.ThreadPoolExecutor.runWorker(ThreadPoolExecutor.java:1134)
        at java.util.concurrent.ThreadPoolExecutor$Worker.run(ThreadPoolExecutor.java:624)
        at java.lang.Thread.run(Thread.java:750)
"Datanode ReportManager Thread - 2" daemon prio=5 tid=471 in Object.wait()
java.lang.Thread.State: WAITING (on object monitor)
        at sun.misc.Unsafe.park(Native Method)
        at java.util.concurrent.locks.LockSupport.park(LockSupport.java:175)
        at java.util.concurrent.locks.AbstractQueuedSynchronizer$ConditionObject.await(AbstractQueuedSynchronizer.java:2039)
        at java.util.concurrent.ScheduledThreadPoolExecutor$DelayedWorkQueue.take(ScheduledThreadPoolExecutor.java:1088)
        at java.util.concurrent.ScheduledThreadPoolExecutor$DelayedWorkQueue.take(ScheduledThreadPoolExecutor.java:809)
        at java.util.concurrent.ThreadPoolExecutor.getTask(ThreadPoolExecutor.java:1074)
        at java.util.concurrent.ThreadPoolExecutor.runWorker(ThreadPoolExecutor.java:1134)
        at java.util.concurrent.ThreadPoolExecutor$Worker.run(ThreadPoolExecutor.java:624)
        at java.lang.Thread.run(Thread.java:750)
"BlockDeletingService#0" daemon prio=5 tid=388 timed_waiting
java.lang.Thread.State: TIMED_WAITING
        at sun.misc.Unsafe.park(Native Method)
        at java.util.concurrent.locks.LockSupport.parkNanos(LockSupport.java:215)
        at java.util.concurrent.locks.AbstractQueuedSynchronizer$ConditionObject.awaitNanos(AbstractQueuedSynchronizer.java:2078)
        at java.util.concurrent.ScheduledThreadPoolExecutor$DelayedWorkQueue.take(ScheduledThreadPoolExecutor.java:1093)
        at java.util.concurrent.ScheduledThreadPoolExecutor$DelayedWorkQueue.take(ScheduledThreadPoolExecutor.java:809)
        at java.util.concurrent.ThreadPoolExecutor.getTask(ThreadPoolExecutor.java:1074)
        at java.util.concurrent.ThreadPoolExecutor.runWorker(ThreadPoolExecutor.java:1134)
        at java.util.concurrent.ThreadPoolExecutor$Worker.run(ThreadPoolExecutor.java:624)
        at java.lang.Thread.run(Thread.java:750)
"pool-187-thread-1"  prio=5 tid=616 in Object.wait()
java.lang.Thread.State: WAITING (on object monitor)
        at sun.misc.Unsafe.park(Native Method)
        at java.util.concurrent.locks.LockSupport.park(LockSupport.java:175)
        at java.util.concurrent.locks.AbstractQueuedSynchronizer$ConditionObject.await(AbstractQueuedSynchronizer.java:2039)
        at java.util.concurrent.LinkedBlockingQueue.take(LinkedBlockingQueue.java:442)
        at java.util.concurrent.ThreadPoolExecutor.getTask(ThreadPoolExecutor.java:1074)
        at java.util.concurrent.ThreadPoolExecutor.runWorker(ThreadPoolExecutor.java:1134)
        at java.util.concurrent.ThreadPoolExecutor$Worker.run(ThreadPoolExecutor.java:624)
        at java.lang.Thread.run(Thread.java:750)
"Datanode State Machine Task Thread - 0"  prio=5 tid=476 in Object.wait()
java.lang.Thread.State: WAITING (on object monitor)
        at sun.misc.Unsafe.park(Native Method)
        at java.util.concurrent.locks.LockSupport.park(LockSupport.java:175)
        at java.util.concurrent.locks.AbstractQueuedSynchronizer$ConditionObject.await(AbstractQueuedSynchronizer.java:2039)
        at java.util.concurrent.LinkedBlockingQueue.take(LinkedBlockingQueue.java:442)
        at java.util.concurrent.ThreadPoolExecutor.getTask(ThreadPoolExecutor.java:1074)
        at java.util.concurrent.ThreadPoolExecutor.runWorker(ThreadPoolExecutor.java:1134)
        at java.util.concurrent.ThreadPoolExecutor$Worker.run(ThreadPoolExecutor.java:624)
        at java.lang.Thread.run(Thread.java:750)
"pool-157-thread-1" daemon prio=5 tid=275 timed_waiting
java.lang.Thread.State: TIMED_WAITING
        at sun.misc.Unsafe.park(Native Method)
        at java.util.concurrent.locks.LockSupport.parkNanos(LockSupport.java:215)
        at java.util.concurrent.locks.AbstractQueuedSynchronizer$ConditionObject.awaitNanos(AbstractQueuedSynchronizer.java:2078)
        at java.util.concurrent.ScheduledThreadPoolExecutor$DelayedWorkQueue.take(ScheduledThreadPoolExecutor.java:1093)
        at java.util.concurrent.ScheduledThreadPoolExecutor$DelayedWorkQueue.take(ScheduledThreadPoolExecutor.java:809)
        at java.util.concurrent.ThreadPoolExecutor.getTask(ThreadPoolExecutor.java:1074)
        at java.util.concurrent.ThreadPoolExecutor.runWorker(ThreadPoolExecutor.java:1134)
        at java.util.concurrent.ThreadPoolExecutor$Worker.run(ThreadPoolExecutor.java:624)
        at java.lang.Thread.run(Thread.java:750)
"pool-127-thread-1"  prio=5 tid=227 timed_waiting
java.lang.Thread.State: TIMED_WAITING
        at sun.misc.Unsafe.park(Native Method)
        at java.util.concurrent.locks.LockSupport.parkNanos(LockSupport.java:215)
        at java.util.concurrent.locks.AbstractQueuedSynchronizer$ConditionObject.awaitNanos(AbstractQueuedSynchronizer.java:2078)
        at java.util.concurrent.ScheduledThreadPoolExecutor$DelayedWorkQueue.take(ScheduledThreadPoolExecutor.java:1093)
        at java.util.concurrent.ScheduledThreadPoolExecutor$DelayedWorkQueue.take(ScheduledThreadPoolExecutor.java:809)
        at java.util.concurrent.ThreadPoolExecutor.getTask(ThreadPoolExecutor.java:1074)
        at java.util.concurrent.ThreadPoolExecutor.runWorker(ThreadPoolExecutor.java:1134)
        at java.util.concurrent.ThreadPoolExecutor$Worker.run(ThreadPoolExecutor.java:624)
        at java.lang.Thread.run(Thread.java:750)
"ExpiredContainerReplicaOpScrubberThread" daemon prio=5 tid=17 timed_waiting
java.lang.Thread.State: TIMED_WAITING
        at java.lang.Object.wait(Native Method)
        at org.apache.hadoop.hdds.scm.ha.BackgroundSCMService.run(BackgroundSCMService.java:110)
        at org.apache.hadoop.hdds.scm.ha.BackgroundSCMService$$Lambda$374/200452658.run(Unknown Source)
        at java.lang.Thread.run(Thread.java:750)
"IPC Server handler 2 on default port 36683" daemon prio=5 tid=59 timed_waiting
java.lang.Thread.State: TIMED_WAITING
        at sun.misc.Unsafe.park(Native Method)
        at java.util.concurrent.locks.LockSupport.parkNanos(LockSupport.java:215)
        at java.util.concurrent.locks.AbstractQueuedSynchronizer$ConditionObject.awaitNanos(AbstractQueuedSynchronizer.java:2078)
        at java.util.concurrent.LinkedBlockingQueue.poll(LinkedBlockingQueue.java:467)
        at org.apache.hadoop.ipc.CallQueueManager.take(CallQueueManager.java:317)
        at org.apache.hadoop.ipc.Server$Handler.run(Server.java:2942)
"pool-111-thread-1" daemon prio=5 tid=223 timed_waiting
java.lang.Thread.State: TIMED_WAITING
        at sun.misc.Unsafe.park(Native Method)
        at java.util.concurrent.locks.LockSupport.parkNanos(LockSupport.java:215)
        at java.util.concurrent.locks.AbstractQueuedSynchronizer$ConditionObject.awaitNanos(AbstractQueuedSynchronizer.java:2078)
        at java.util.concurrent.ScheduledThreadPoolExecutor$DelayedWorkQueue.take(ScheduledThreadPoolExecutor.java:1093)
        at java.util.concurrent.ScheduledThreadPoolExecutor$DelayedWorkQueue.take(ScheduledThreadPoolExecutor.java:809)
        at java.util.concurrent.ThreadPoolExecutor.getTask(ThreadPoolExecutor.java:1074)
        at java.util.concurrent.ThreadPoolExecutor.runWorker(ThreadPoolExecutor.java:1134)
        at java.util.concurrent.ThreadPoolExecutor$Worker.run(ThreadPoolExecutor.java:624)
        at java.lang.Thread.run(Thread.java:750)
"IPC Server handler 14 on default port 36683" daemon prio=5 tid=71 timed_waiting
java.lang.Thread.State: TIMED_WAITING
        at sun.misc.Unsafe.park(Native Method)
        at java.util.concurrent.locks.LockSupport.parkNanos(LockSupport.java:215)
        at java.util.concurrent.locks.AbstractQueuedSynchronizer$ConditionObject.awaitNanos(AbstractQueuedSynchronizer.java:2078)
        at java.util.concurrent.LinkedBlockingQueue.poll(LinkedBlockingQueue.java:467)
        at org.apache.hadoop.ipc.CallQueueManager.take(CallQueueManager.java:317)
        at org.apache.hadoop.ipc.Server$Handler.run(Server.java:2942)
"ChunkWriter-3-0" daemon prio=5 tid=526 in Object.wait()
java.lang.Thread.State: WAITING (on object monitor)
        at sun.misc.Unsafe.park(Native Method)
        at java.util.concurrent.locks.LockSupport.park(LockSupport.java:175)
        at java.util.concurrent.locks.AbstractQueuedSynchronizer$ConditionObject.await(AbstractQueuedSynchronizer.java:2039)
        at java.util.concurrent.LinkedBlockingDeque.takeFirst(LinkedBlockingDeque.java:492)
        at java.util.concurrent.LinkedBlockingDeque.take(LinkedBlockingDeque.java:680)
        at java.util.concurrent.ThreadPoolExecutor.getTask(ThreadPoolExecutor.java:1074)
        at java.util.concurrent.ThreadPoolExecutor.runWorker(ThreadPoolExecutor.java:1134)
        at java.util.concurrent.ThreadPoolExecutor$Worker.run(ThreadPoolExecutor.java:624)
        at java.lang.Thread.run(Thread.java:750)
"IPC Server handler 17 on default port 33229" daemon prio=5 tid=54 timed_waiting
java.lang.Thread.State: TIMED_WAITING
        at sun.misc.Unsafe.park(Native Method)
        at java.util.concurrent.locks.LockSupport.parkNanos(LockSupport.java:215)
        at java.util.concurrent.locks.AbstractQueuedSynchronizer$ConditionObject.awaitNanos(AbstractQueuedSynchronizer.java:2078)
        at java.util.concurrent.LinkedBlockingQueue.poll(LinkedBlockingQueue.java:467)
        at org.apache.hadoop.ipc.CallQueueManager.take(CallQueueManager.java:317)
        at org.apache.hadoop.ipc.Server$Handler.run(Server.java:2942)
"Session-HouseKeeper-2b1ad287-1"  prio=5 tid=314 timed_waiting
java.lang.Thread.State: TIMED_WAITING
        at sun.misc.Unsafe.park(Native Method)
        at java.util.concurrent.locks.LockSupport.parkNanos(LockSupport.java:215)
        at java.util.concurrent.locks.AbstractQueuedSynchronizer$ConditionObject.awaitNanos(AbstractQueuedSynchronizer.java:2078)
        at java.util.concurrent.ScheduledThreadPoolExecutor$DelayedWorkQueue.take(ScheduledThreadPoolExecutor.java:1093)
        at java.util.concurrent.ScheduledThreadPoolExecutor$DelayedWorkQueue.take(ScheduledThreadPoolExecutor.java:809)
        at java.util.concurrent.ThreadPoolExecutor.getTask(ThreadPoolExecutor.java:1074)
        at java.util.concurrent.ThreadPoolExecutor.runWorker(ThreadPoolExecutor.java:1134)
        at java.util.concurrent.ThreadPoolExecutor$Worker.run(ThreadPoolExecutor.java:624)
        at java.lang.Thread.run(Thread.java:750)
"IPC Server handler 9 on default port 33161" daemon prio=5 tid=153 timed_waiting
java.lang.Thread.State: TIMED_WAITING
        at sun.misc.Unsafe.park(Native Method)
        at java.util.concurrent.locks.LockSupport.parkNanos(LockSupport.java:215)
        at java.util.concurrent.locks.AbstractQueuedSynchronizer$ConditionObject.awaitNanos(AbstractQueuedSynchronizer.java:2078)
        at java.util.concurrent.LinkedBlockingQueue.poll(LinkedBlockingQueue.java:467)
        at org.apache.hadoop.ipc.CallQueueManager.take(CallQueueManager.java:317)
        at org.apache.hadoop.ipc.Server$Handler.run(Server.java:2942)
"Periodic HDDS volume checker" daemon prio=5 tid=273 timed_waiting
java.lang.Thread.State: TIMED_WAITING
        at sun.misc.Unsafe.park(Native Method)
        at java.util.concurrent.locks.LockSupport.parkNanos(LockSupport.java:215)
        at java.util.concurrent.locks.AbstractQueuedSynchronizer$ConditionObject.awaitNanos(AbstractQueuedSynchronizer.java:2078)
        at java.util.concurrent.ScheduledThreadPoolExecutor$DelayedWorkQueue.take(ScheduledThreadPoolExecutor.java:1093)
        at java.util.concurrent.ScheduledThreadPoolExecutor$DelayedWorkQueue.take(ScheduledThreadPoolExecutor.java:809)
        at java.util.concurrent.ThreadPoolExecutor.getTask(ThreadPoolExecutor.java:1074)
        at java.util.concurrent.ThreadPoolExecutor.runWorker(ThreadPoolExecutor.java:1134)
        at java.util.concurrent.ThreadPoolExecutor$Worker.run(ThreadPoolExecutor.java:624)
        at java.lang.Thread.run(Thread.java:750)
"Datanode ReportManager Thread - 2" daemon prio=5 tid=266 in Object.wait()
java.lang.Thread.State: WAITING (on object monitor)
        at sun.misc.Unsafe.park(Native Method)
        at java.util.concurrent.locks.LockSupport.park(LockSupport.java:175)
        at java.util.concurrent.locks.AbstractQueuedSynchronizer$ConditionObject.await(AbstractQueuedSynchronizer.java:2039)
        at java.util.concurrent.ScheduledThreadPoolExecutor$DelayedWorkQueue.take(ScheduledThreadPoolExecutor.java:1088)
        at java.util.concurrent.ScheduledThreadPoolExecutor$DelayedWorkQueue.take(ScheduledThreadPoolExecutor.java:809)
        at java.util.concurrent.ThreadPoolExecutor.getTask(ThreadPoolExecutor.java:1074)
        at java.util.concurrent.ThreadPoolExecutor.runWorker(ThreadPoolExecutor.java:1134)
        at java.util.concurrent.ThreadPoolExecutor$Worker.run(ThreadPoolExecutor.java:624)
        at java.lang.Thread.run(Thread.java:750)
"907eb2bb-0522-4d6b-bbf0-1b213cc99331@group-7E6AB8B5DD8D-StateMachineUpdater" daemon prio=5 tid=671 timed_waiting
java.lang.Thread.State: TIMED_WAITING
        at sun.misc.Unsafe.park(Native Method)
        at java.util.concurrent.locks.LockSupport.parkNanos(LockSupport.java:215)
        at java.util.concurrent.CompletableFuture$Signaller.block(CompletableFuture.java:1709)
        at java.util.concurrent.ForkJoinPool.managedBlock(ForkJoinPool.java:3323)
        at java.util.concurrent.CompletableFuture.timedGet(CompletableFuture.java:1788)
        at java.util.concurrent.CompletableFuture.get(CompletableFuture.java:1928)
        at org.apache.ratis.util.AwaitForSignal.await(AwaitForSignal.java:56)
        at org.apache.ratis.server.impl.StateMachineUpdater.waitForCommit(StateMachineUpdater.java:207)
        at org.apache.ratis.server.impl.StateMachineUpdater.run(StateMachineUpdater.java:176)
        at java.lang.Thread.run(Thread.java:750)
"StaleRecoveringContainerScrubbingService#0" daemon prio=5 tid=543 timed_waiting
java.lang.Thread.State: TIMED_WAITING
        at sun.misc.Unsafe.park(Native Method)
        at java.util.concurrent.locks.LockSupport.parkNanos(LockSupport.java:215)
        at java.util.concurrent.locks.AbstractQueuedSynchronizer$ConditionObject.awaitNanos(AbstractQueuedSynchronizer.java:2078)
        at java.util.concurrent.ScheduledThreadPoolExecutor$DelayedWorkQueue.take(ScheduledThreadPoolExecutor.java:1093)
        at java.util.concurrent.ScheduledThreadPoolExecutor$DelayedWorkQueue.take(ScheduledThreadPoolExecutor.java:809)
        at java.util.concurrent.ThreadPoolExecutor.getTask(ThreadPoolExecutor.java:1074)
        at java.util.concurrent.ThreadPoolExecutor.runWorker(ThreadPoolExecutor.java:1134)
        at java.util.concurrent.ThreadPoolExecutor$Worker.run(ThreadPoolExecutor.java:624)
        at java.lang.Thread.run(Thread.java:750)
"Session-HouseKeeper-6258f9d1-1"  prio=5 tid=108 timed_waiting
java.lang.Thread.State: TIMED_WAITING
        at sun.misc.Unsafe.park(Native Method)
        at java.util.concurrent.locks.LockSupport.parkNanos(LockSupport.java:215)
        at java.util.concurrent.locks.AbstractQueuedSynchronizer$ConditionObject.awaitNanos(AbstractQueuedSynchronizer.java:2078)
        at java.util.concurrent.ScheduledThreadPoolExecutor$DelayedWorkQueue.take(ScheduledThreadPoolExecutor.java:1093)
        at java.util.concurrent.ScheduledThreadPoolExecutor$DelayedWorkQueue.take(ScheduledThreadPoolExecutor.java:809)
        at java.util.concurrent.ThreadPoolExecutor.getTask(ThreadPoolExecutor.java:1074)
        at java.util.concurrent.ThreadPoolExecutor.runWorker(ThreadPoolExecutor.java:1134)
        at java.util.concurrent.ThreadPoolExecutor$Worker.run(ThreadPoolExecutor.java:624)
        at java.lang.Thread.run(Thread.java:750)
"pool-55-thread-1"  prio=5 tid=117 in Object.wait()
java.lang.Thread.State: WAITING (on object monitor)
        at sun.misc.Unsafe.park(Native Method)
        at java.util.concurrent.locks.LockSupport.park(LockSupport.java:175)
        at java.util.concurrent.locks.AbstractQueuedSynchronizer$ConditionObject.await(AbstractQueuedSynchronizer.java:2039)
        at java.util.concurrent.LinkedBlockingQueue.take(LinkedBlockingQueue.java:442)
        at java.util.concurrent.ThreadPoolExecutor.getTask(ThreadPoolExecutor.java:1074)
        at java.util.concurrent.ThreadPoolExecutor.runWorker(ThreadPoolExecutor.java:1134)
        at java.util.concurrent.ThreadPoolExecutor$Worker.run(ThreadPoolExecutor.java:624)
        at java.lang.Thread.run(Thread.java:750)
"IPC Server handler 14 on default port 33229" daemon prio=5 tid=51 timed_waiting
java.lang.Thread.State: TIMED_WAITING
        at sun.misc.Unsafe.park(Native Method)
        at java.util.concurrent.locks.LockSupport.parkNanos(LockSupport.java:215)
        at java.util.concurrent.locks.AbstractQueuedSynchronizer$ConditionObject.awaitNanos(AbstractQueuedSynchronizer.java:2078)
        at java.util.concurrent.LinkedBlockingQueue.poll(LinkedBlockingQueue.java:467)
        at org.apache.hadoop.ipc.CallQueueManager.take(CallQueueManager.java:317)
        at org.apache.hadoop.ipc.Server$Handler.run(Server.java:2942)
"Datanode State Machine Task Thread - 0"  prio=5 tid=297 in Object.wait()
java.lang.Thread.State: WAITING (on object monitor)
        at sun.misc.Unsafe.park(Native Method)
        at java.util.concurrent.locks.LockSupport.park(LockSupport.java:175)
        at java.util.concurrent.locks.AbstractQueuedSynchronizer$ConditionObject.await(AbstractQueuedSynchronizer.java:2039)
        at java.util.concurrent.LinkedBlockingQueue.take(LinkedBlockingQueue.java:442)
        at java.util.concurrent.ThreadPoolExecutor.getTask(ThreadPoolExecutor.java:1074)
        at java.util.concurrent.ThreadPoolExecutor.runWorker(ThreadPoolExecutor.java:1134)
        at java.util.concurrent.ThreadPoolExecutor$Worker.run(ThreadPoolExecutor.java:624)
        at java.lang.Thread.run(Thread.java:750)
"IPC Server handler 2 on default port 39909" daemon prio=5 tid=79 timed_waiting
java.lang.Thread.State: TIMED_WAITING
        at sun.misc.Unsafe.park(Native Method)
        at java.util.concurrent.locks.LockSupport.parkNanos(LockSupport.java:215)
        at java.util.concurrent.locks.AbstractQueuedSynchronizer$ConditionObject.awaitNanos(AbstractQueuedSynchronizer.java:2078)
        at java.util.concurrent.LinkedBlockingQueue.poll(LinkedBlockingQueue.java:467)
        at org.apache.hadoop.ipc.CallQueueManager.take(CallQueueManager.java:317)
        at org.apache.hadoop.ipc.Server$Handler.run(Server.java:2942)
"qtp463783260-135" daemon prio=5 tid=135 timed_waiting
java.lang.Thread.State: TIMED_WAITING
        at sun.misc.Unsafe.park(Native Method)
        at java.util.concurrent.locks.LockSupport.parkNanos(LockSupport.java:215)
        at java.util.concurrent.locks.AbstractQueuedSynchronizer$ConditionObject.awaitNanos(AbstractQueuedSynchronizer.java:2078)
        at org.eclipse.jetty.util.BlockingArrayQueue.poll(BlockingArrayQueue.java:382)
        at org.eclipse.jetty.util.thread.QueuedThreadPool$Runner.idleJobPoll(QueuedThreadPool.java:974)
        at org.eclipse.jetty.util.thread.QueuedThreadPool$Runner.run(QueuedThreadPool.java:1018)
        at java.lang.Thread.run(Thread.java:750)
"qtp1091459664-283" daemon prio=5 tid=283 timed_waiting
java.lang.Thread.State: TIMED_WAITING
        at sun.misc.Unsafe.park(Native Method)
        at java.util.concurrent.locks.LockSupport.parkNanos(LockSupport.java:215)
        at java.util.concurrent.locks.AbstractQueuedSynchronizer$ConditionObject.awaitNanos(AbstractQueuedSynchronizer.java:2078)
        at org.eclipse.jetty.util.BlockingArrayQueue.poll(BlockingArrayQueue.java:382)
        at org.eclipse.jetty.util.thread.QueuedThreadPool$Runner.idleJobPoll(QueuedThreadPool.java:974)
        at org.eclipse.jetty.util.thread.QueuedThreadPool$Runner.run(QueuedThreadPool.java:1018)
        at java.lang.Thread.run(Thread.java:750)
"Datanode State Machine Task Thread - 0"  prio=5 tid=219 in Object.wait()
java.lang.Thread.State: WAITING (on object monitor)
        at sun.misc.Unsafe.park(Native Method)
        at java.util.concurrent.locks.LockSupport.park(LockSupport.java:175)
        at java.util.concurrent.locks.AbstractQueuedSynchronizer$ConditionObject.await(AbstractQueuedSynchronizer.java:2039)
        at java.util.concurrent.LinkedBlockingQueue.take(LinkedBlockingQueue.java:442)
        at java.util.concurrent.ThreadPoolExecutor.getTask(ThreadPoolExecutor.java:1074)
        at java.util.concurrent.ThreadPoolExecutor.runWorker(ThreadPoolExecutor.java:1134)
        at java.util.concurrent.ThreadPoolExecutor$Worker.run(ThreadPoolExecutor.java:624)
        at java.lang.Thread.run(Thread.java:750)
"pool-196-thread-1"  prio=5 tid=305 timed_waiting
java.lang.Thread.State: TIMED_WAITING
        at sun.misc.Unsafe.park(Native Method)
        at java.util.concurrent.locks.LockSupport.parkNanos(LockSupport.java:215)
        at java.util.concurrent.locks.AbstractQueuedSynchronizer$ConditionObject.awaitNanos(AbstractQueuedSynchronizer.java:2078)
        at java.util.concurrent.ScheduledThreadPoolExecutor$DelayedWorkQueue.take(ScheduledThreadPoolExecutor.java:1093)
        at java.util.concurrent.ScheduledThreadPoolExecutor$DelayedWorkQueue.take(ScheduledThreadPoolExecutor.java:809)
        at java.util.concurrent.ThreadPoolExecutor.getTask(ThreadPoolExecutor.java:1074)
        at java.util.concurrent.ThreadPoolExecutor.runWorker(ThreadPoolExecutor.java:1134)
        at java.util.concurrent.ThreadPoolExecutor$Worker.run(ThreadPoolExecutor.java:624)
        at java.lang.Thread.run(Thread.java:750)
"org.apache.hadoop.ozone.container.common.statemachine.commandhandler.DeleteBlocksCommandHandler$DeleteCmdWorker@15682f4a" daemon prio=5 tid=200 timed_waiting
java.lang.Thread.State: TIMED_WAITING
        at java.lang.Thread.sleep(Native Method)
        at org.apache.hadoop.ozone.container.common.statemachine.commandhandler.DeleteBlocksCommandHandler$DeleteCmdWorker.run(DeleteBlocksCommandHandler.java:183)
        at java.lang.Thread.run(Thread.java:750)
"BlockDeletingService#2" daemon prio=5 tid=921 in Object.wait()
java.lang.Thread.State: WAITING (on object monitor)
        at sun.misc.Unsafe.park(Native Method)
        at java.util.concurrent.locks.LockSupport.park(LockSupport.java:175)
        at java.util.concurrent.locks.AbstractQueuedSynchronizer$ConditionObject.await(AbstractQueuedSynchronizer.java:2039)
        at java.util.concurrent.ScheduledThreadPoolExecutor$DelayedWorkQueue.take(ScheduledThreadPoolExecutor.java:1088)
        at java.util.concurrent.ScheduledThreadPoolExecutor$DelayedWorkQueue.take(ScheduledThreadPoolExecutor.java:809)
        at java.util.concurrent.ThreadPoolExecutor.getTask(ThreadPoolExecutor.java:1074)
        at java.util.concurrent.ThreadPoolExecutor.runWorker(ThreadPoolExecutor.java:1134)
        at java.util.concurrent.ThreadPoolExecutor$Worker.run(ThreadPoolExecutor.java:624)
        at java.lang.Thread.run(Thread.java:750)
"6534404f-39f4-445c-b85e-518a348dbff3@group-CE71C629F99F-SegmentedRaftLogWorker"  prio=5 tid=587 timed_waiting
java.lang.Thread.State: TIMED_WAITING
        at sun.misc.Unsafe.park(Native Method)
        at java.util.concurrent.locks.LockSupport.parkNanos(LockSupport.java:215)
        at java.util.concurrent.locks.AbstractQueuedSynchronizer$ConditionObject.awaitNanos(AbstractQueuedSynchronizer.java:2078)
        at org.apache.ratis.util.DataBlockingQueue.poll(DataBlockingQueue.java:148)
        at org.apache.ratis.server.raftlog.segmented.SegmentedRaftLogWorker.run(SegmentedRaftLogWorker.java:310)
        at org.apache.ratis.server.raftlog.segmented.SegmentedRaftLogWorker$$Lambda$661/302741709.run(Unknown Source)
        at java.lang.Thread.run(Thread.java:750)
"ChunkReader-5" daemon prio=5 tid=845 in Object.wait()
java.lang.Thread.State: WAITING (on object monitor)
        at sun.misc.Unsafe.park(Native Method)
        at java.util.concurrent.locks.LockSupport.park(LockSupport.java:175)
        at java.util.concurrent.locks.AbstractQueuedSynchronizer$ConditionObject.await(AbstractQueuedSynchronizer.java:2039)
        at java.util.concurrent.LinkedBlockingQueue.take(LinkedBlockingQueue.java:442)
        at java.util.concurrent.ThreadPoolExecutor.getTask(ThreadPoolExecutor.java:1074)
        at java.util.concurrent.ThreadPoolExecutor.runWorker(ThreadPoolExecutor.java:1134)
        at java.util.concurrent.ThreadPoolExecutor$Worker.run(ThreadPoolExecutor.java:624)
        at java.lang.Thread.run(Thread.java:750)
"qtp1036316015-107" daemon prio=5 tid=107 timed_waiting
java.lang.Thread.State: TIMED_WAITING
        at sun.misc.Unsafe.park(Native Method)
        at java.util.concurrent.locks.LockSupport.parkNanos(LockSupport.java:215)
        at java.util.concurrent.locks.AbstractQueuedSynchronizer$ConditionObject.awaitNanos(AbstractQueuedSynchronizer.java:2078)
        at org.eclipse.jetty.util.BlockingArrayQueue.poll(BlockingArrayQueue.java:382)
        at org.eclipse.jetty.util.thread.QueuedThreadPool$Runner.idleJobPoll(QueuedThreadPool.java:974)
        at org.eclipse.jetty.util.thread.QueuedThreadPool$Runner.run(QueuedThreadPool.java:1018)
        at java.lang.Thread.run(Thread.java:750)
"6ce03c57-5430-4ab1-bf83-fb555d2de968@group-BD4C0CBA6135-LeaderStateImpl" daemon prio=5 tid=718 timed_waiting
java.lang.Thread.State: TIMED_WAITING
        at sun.misc.Unsafe.park(Native Method)
        at java.util.concurrent.locks.LockSupport.parkNanos(LockSupport.java:215)
        at java.util.concurrent.locks.AbstractQueuedSynchronizer$ConditionObject.awaitNanos(AbstractQueuedSynchronizer.java:2078)
        at java.util.concurrent.ArrayBlockingQueue.poll(ArrayBlockingQueue.java:418)
        at org.apache.ratis.server.impl.LeaderStateImpl$EventQueue.poll(LeaderStateImpl.java:159)
        at org.apache.ratis.server.impl.LeaderStateImpl$EventProcessor.run(LeaderStateImpl.java:630)
"DirectoryDeletingService#0" daemon prio=5 tid=132 timed_waiting
java.lang.Thread.State: TIMED_WAITING
        at sun.misc.Unsafe.park(Native Method)
        at java.util.concurrent.locks.LockSupport.parkNanos(LockSupport.java:215)
        at java.util.concurrent.locks.AbstractQueuedSynchronizer$ConditionObject.awaitNanos(AbstractQueuedSynchronizer.java:2078)
        at java.util.concurrent.ScheduledThreadPoolExecutor$DelayedWorkQueue.take(ScheduledThreadPoolExecutor.java:1093)
        at java.util.concurrent.ScheduledThreadPoolExecutor$DelayedWorkQueue.take(ScheduledThreadPoolExecutor.java:809)
        at java.util.concurrent.ThreadPoolExecutor.getTask(ThreadPoolExecutor.java:1074)
        at java.util.concurrent.ThreadPoolExecutor.runWorker(ThreadPoolExecutor.java:1134)
        at java.util.concurrent.ThreadPoolExecutor$Worker.run(ThreadPoolExecutor.java:624)
        at java.lang.Thread.run(Thread.java:750)
"6ce03c57-5430-4ab1-bf83-fb555d2de968@group-5EAD7F5BC067-SegmentedRaftLogWorker"  prio=5 tid=612 timed_waiting
java.lang.Thread.State: TIMED_WAITING
        at sun.misc.Unsafe.park(Native Method)
        at java.util.concurrent.locks.LockSupport.parkNanos(LockSupport.java:215)
        at java.util.concurrent.locks.AbstractQueuedSynchronizer$ConditionObject.awaitNanos(AbstractQueuedSynchronizer.java:2078)
        at org.apache.ratis.util.DataBlockingQueue.poll(DataBlockingQueue.java:148)
        at org.apache.ratis.server.raftlog.segmented.SegmentedRaftLogWorker.run(SegmentedRaftLogWorker.java:310)
        at org.apache.ratis.server.raftlog.segmented.SegmentedRaftLogWorker$$Lambda$661/302741709.run(Unknown Source)
        at java.lang.Thread.run(Thread.java:750)
"Datanode ReportManager Thread - 2" daemon prio=5 tid=395 timed_waiting
java.lang.Thread.State: TIMED_WAITING
        at sun.misc.Unsafe.park(Native Method)
        at java.util.concurrent.locks.LockSupport.parkNanos(LockSupport.java:215)
        at java.util.concurrent.locks.AbstractQueuedSynchronizer$ConditionObject.awaitNanos(AbstractQueuedSynchronizer.java:2078)
        at java.util.concurrent.ScheduledThreadPoolExecutor$DelayedWorkQueue.take(ScheduledThreadPoolExecutor.java:1093)
        at java.util.concurrent.ScheduledThreadPoolExecutor$DelayedWorkQueue.take(ScheduledThreadPoolExecutor.java:809)
        at java.util.concurrent.ThreadPoolExecutor.getTask(ThreadPoolExecutor.java:1074)
        at java.util.concurrent.ThreadPoolExecutor.runWorker(ThreadPoolExecutor.java:1134)
        at java.util.concurrent.ThreadPoolExecutor$Worker.run(ThreadPoolExecutor.java:624)
        at java.lang.Thread.run(Thread.java:750)
"IPC Server handler 14 on default port 33161" daemon prio=5 tid=158 timed_waiting
java.lang.Thread.State: TIMED_WAITING
        at sun.misc.Unsafe.park(Native Method)
        at java.util.concurrent.locks.LockSupport.parkNanos(LockSupport.java:215)
        at java.util.concurrent.locks.AbstractQueuedSynchronizer$ConditionObject.awaitNanos(AbstractQueuedSynchronizer.java:2078)
        at java.util.concurrent.LinkedBlockingQueue.poll(LinkedBlockingQueue.java:467)
        at org.apache.hadoop.ipc.CallQueueManager.take(CallQueueManager.java:317)
        at org.apache.hadoop.ipc.Server$Handler.run(Server.java:2942)
"timer7" daemon prio=5 tid=797 timed_waiting
java.lang.Thread.State: TIMED_WAITING
        at java.lang.Object.wait(Native Method)
        at java.util.TimerThread.mainLoop(Timer.java:552)
        at java.util.TimerThread.run(Timer.java:505)
"BlockDeletingService#1" daemon prio=5 tid=531 in Object.wait()
java.lang.Thread.State: WAITING (on object monitor)
        at sun.misc.Unsafe.park(Native Method)
        at java.util.concurrent.locks.LockSupport.park(LockSupport.java:175)
        at java.util.concurrent.locks.AbstractQueuedSynchronizer$ConditionObject.await(AbstractQueuedSynchronizer.java:2039)
        at java.util.concurrent.ScheduledThreadPoolExecutor$DelayedWorkQueue.take(ScheduledThreadPoolExecutor.java:1088)
        at java.util.concurrent.ScheduledThreadPoolExecutor$DelayedWorkQueue.take(ScheduledThreadPoolExecutor.java:809)
        at java.util.concurrent.ThreadPoolExecutor.getTask(ThreadPoolExecutor.java:1074)
        at java.util.concurrent.ThreadPoolExecutor.runWorker(ThreadPoolExecutor.java:1134)
        at java.util.concurrent.ThreadPoolExecutor$Worker.run(ThreadPoolExecutor.java:624)
        at java.lang.Thread.run(Thread.java:750)
"ChunkWriter-3-0" daemon prio=5 tid=482 in Object.wait()
java.lang.Thread.State: WAITING (on object monitor)
        at sun.misc.Unsafe.park(Native Method)
        at java.util.concurrent.locks.LockSupport.park(LockSupport.java:175)
        at java.util.concurrent.locks.AbstractQueuedSynchronizer$ConditionObject.await(AbstractQueuedSynchronizer.java:2039)
        at java.util.concurrent.LinkedBlockingDeque.takeFirst(LinkedBlockingDeque.java:492)
        at java.util.concurrent.LinkedBlockingDeque.take(LinkedBlockingDeque.java:680)
        at java.util.concurrent.ThreadPoolExecutor.getTask(ThreadPoolExecutor.java:1074)
        at java.util.concurrent.ThreadPoolExecutor.runWorker(ThreadPoolExecutor.java:1134)
        at java.util.concurrent.ThreadPoolExecutor$Worker.run(ThreadPoolExecutor.java:624)
        at java.lang.Thread.run(Thread.java:750)
"Datanode ReportManager Thread - 4" daemon prio=5 tid=242 timed_waiting
java.lang.Thread.State: TIMED_WAITING
        at sun.misc.Unsafe.park(Native Method)
        at java.util.concurrent.locks.LockSupport.parkNanos(LockSupport.java:215)
        at java.util.concurrent.locks.AbstractQueuedSynchronizer$ConditionObject.awaitNanos(AbstractQueuedSynchronizer.java:2078)
        at java.util.concurrent.ScheduledThreadPoolExecutor$DelayedWorkQueue.take(ScheduledThreadPoolExecutor.java:1093)
        at java.util.concurrent.ScheduledThreadPoolExecutor$DelayedWorkQueue.take(ScheduledThreadPoolExecutor.java:809)
        at java.util.concurrent.ThreadPoolExecutor.getTask(ThreadPoolExecutor.java:1074)
        at java.util.concurrent.ThreadPoolExecutor.runWorker(ThreadPoolExecutor.java:1134)
        at java.util.concurrent.ThreadPoolExecutor$Worker.run(ThreadPoolExecutor.java:624)
        at java.lang.Thread.run(Thread.java:750)
"IPC Server handler 16 on default port 33229" daemon prio=5 tid=53 timed_waiting
java.lang.Thread.State: TIMED_WAITING
        at sun.misc.Unsafe.park(Native Method)
        at java.util.concurrent.locks.LockSupport.parkNanos(LockSupport.java:215)
        at java.util.concurrent.locks.AbstractQueuedSynchronizer$ConditionObject.awaitNanos(AbstractQueuedSynchronizer.java:2078)
        at java.util.concurrent.LinkedBlockingQueue.poll(LinkedBlockingQueue.java:467)
        at org.apache.hadoop.ipc.CallQueueManager.take(CallQueueManager.java:317)
        at org.apache.hadoop.ipc.Server$Handler.run(Server.java:2942)
"Datanode ReportManager Thread - 2" daemon prio=5 tid=321 timed_waiting
java.lang.Thread.State: TIMED_WAITING
        at sun.misc.Unsafe.park(Native Method)
        at java.util.concurrent.locks.LockSupport.park(LockSupport.java:175)
        at java.util.concurrent.locks.AbstractQueuedSynchronizer$ConditionObject.await(AbstractQueuedSynchronizer.java:2039)
        at java.util.concurrent.ScheduledThreadPoolExecutor$DelayedWorkQueue.take(ScheduledThreadPoolExecutor.java:1088)
        at java.util.concurrent.ScheduledThreadPoolExecutor$DelayedWorkQueue.take(ScheduledThreadPoolExecutor.java:809)
        at java.util.concurrent.ThreadPoolExecutor.getTask(ThreadPoolExecutor.java:1074)
        at java.util.concurrent.ThreadPoolExecutor.runWorker(ThreadPoolExecutor.java:1134)
        at java.util.concurrent.ThreadPoolExecutor$Worker.run(ThreadPoolExecutor.java:624)
        at java.lang.Thread.run(Thread.java:750)
"BlockDeletingService#1" daemon prio=5 tid=428 in Object.wait()
java.lang.Thread.State: WAITING (on object monitor)
        at sun.misc.Unsafe.park(Native Method)
        at java.util.concurrent.locks.LockSupport.park(LockSupport.java:175)
        at java.util.concurrent.locks.AbstractQueuedSynchronizer$ConditionObject.await(AbstractQueuedSynchronizer.java:2039)
        at java.util.concurrent.ScheduledThreadPoolExecutor$DelayedWorkQueue.take(ScheduledThreadPoolExecutor.java:1088)
        at java.util.concurrent.ScheduledThreadPoolExecutor$DelayedWorkQueue.take(ScheduledThreadPoolExecutor.java:809)
        at java.util.concurrent.ThreadPoolExecutor.getTask(ThreadPoolExecutor.java:1074)
        at java.util.concurrent.ThreadPoolExecutor.runWorker(ThreadPoolExecutor.java:1134)
        at java.util.concurrent.ThreadPoolExecutor$Worker.run(ThreadPoolExecutor.java:624)
        at java.lang.Thread.run(Thread.java:750)
"om1@group-C5BA1605619E-StateMachineUpdater" daemon prio=5 tid=127 timed_waiting
java.lang.Thread.State: TIMED_WAITING
        at sun.misc.Unsafe.park(Native Method)
        at java.util.concurrent.locks.LockSupport.parkNanos(LockSupport.java:215)
        at java.util.concurrent.CompletableFuture$Signaller.block(CompletableFuture.java:1709)
        at java.util.concurrent.ForkJoinPool.managedBlock(ForkJoinPool.java:3323)
        at java.util.concurrent.CompletableFuture.timedGet(CompletableFuture.java:1788)
        at java.util.concurrent.CompletableFuture.get(CompletableFuture.java:1928)
        at org.apache.ratis.util.AwaitForSignal.await(AwaitForSignal.java:56)
        at org.apache.ratis.server.impl.StateMachineUpdater.waitForCommit(StateMachineUpdater.java:207)
        at org.apache.ratis.server.impl.StateMachineUpdater.run(StateMachineUpdater.java:176)
        at java.lang.Thread.run(Thread.java:750)
"EventQueue-NodeReportForNodeReportHandler" daemon prio=5 tid=911 in Object.wait()
java.lang.Thread.State: WAITING (on object monitor)
        at sun.misc.Unsafe.park(Native Method)
        at java.util.concurrent.locks.LockSupport.park(LockSupport.java:175)
        at java.util.concurrent.locks.AbstractQueuedSynchronizer$ConditionObject.await(AbstractQueuedSynchronizer.java:2039)
        at java.util.concurrent.LinkedBlockingQueue.take(LinkedBlockingQueue.java:442)
        at java.util.concurrent.ThreadPoolExecutor.getTask(ThreadPoolExecutor.java:1074)
        at java.util.concurrent.ThreadPoolExecutor.runWorker(ThreadPoolExecutor.java:1134)
        at java.util.concurrent.ThreadPoolExecutor$Worker.run(ThreadPoolExecutor.java:624)
        at java.lang.Thread.run(Thread.java:750)
"Datanode ReportManager Thread - 0" daemon prio=5 tid=290 timed_waiting
java.lang.Thread.State: TIMED_WAITING
        at sun.misc.Unsafe.park(Native Method)
        at java.util.concurrent.locks.LockSupport.parkNanos(LockSupport.java:215)
        at java.util.concurrent.locks.AbstractQueuedSynchronizer$ConditionObject.awaitNanos(AbstractQueuedSynchronizer.java:2078)
        at java.util.concurrent.ScheduledThreadPoolExecutor$DelayedWorkQueue.take(ScheduledThreadPoolExecutor.java:1093)
        at java.util.concurrent.ScheduledThreadPoolExecutor$DelayedWorkQueue.take(ScheduledThreadPoolExecutor.java:809)
        at java.util.concurrent.ThreadPoolExecutor.getTask(ThreadPoolExecutor.java:1074)
        at java.util.concurrent.ThreadPoolExecutor.runWorker(ThreadPoolExecutor.java:1134)
        at java.util.concurrent.ThreadPoolExecutor$Worker.run(ThreadPoolExecutor.java:624)
        at java.lang.Thread.run(Thread.java:750)
"JvmPauseMonitor5" daemon prio=5 tid=483 timed_waiting
java.lang.Thread.State: TIMED_WAITING
        at java.lang.Thread.sleep(Native Method)
        at java.lang.Thread.sleep(Thread.java:342)
        at java.util.concurrent.TimeUnit.sleep(TimeUnit.java:386)
        at org.apache.ratis.util.TimeDuration.sleep(TimeDuration.java:325)
        at org.apache.ratis.util.TimeDuration.sleep(TimeDuration.java:310)
        at org.apache.ratis.util.JvmPauseMonitor.detectPause(JvmPauseMonitor.java:119)
        at org.apache.ratis.util.JvmPauseMonitor.run(JvmPauseMonitor.java:108)
        at org.apache.ratis.util.JvmPauseMonitor$$Lambda$702/1227187683.run(Unknown Source)
        at java.lang.Thread.run(Thread.java:750)
"qtp1125897995-205" daemon prio=5 tid=205 timed_waiting
java.lang.Thread.State: TIMED_WAITING
        at sun.misc.Unsafe.park(Native Method)
        at java.util.concurrent.locks.LockSupport.parkNanos(LockSupport.java:215)
        at java.util.concurrent.locks.AbstractQueuedSynchronizer$ConditionObject.awaitNanos(AbstractQueuedSynchronizer.java:2078)
        at org.eclipse.jetty.util.BlockingArrayQueue.poll(BlockingArrayQueue.java:382)
        at org.eclipse.jetty.util.thread.QueuedThreadPool$Runner.idleJobPoll(QueuedThreadPool.java:974)
        at org.eclipse.jetty.util.thread.QueuedThreadPool$Runner.run(QueuedThreadPool.java:1018)
        at java.lang.Thread.run(Thread.java:750)
"JvmPauseMonitor1" daemon prio=5 tid=331 timed_waiting
java.lang.Thread.State: TIMED_WAITING
        at java.lang.Thread.sleep(Native Method)
        at java.lang.Thread.sleep(Thread.java:342)
        at java.util.concurrent.TimeUnit.sleep(TimeUnit.java:386)
        at org.apache.ratis.util.TimeDuration.sleep(TimeDuration.java:325)
        at org.apache.ratis.util.TimeDuration.sleep(TimeDuration.java:310)
        at org.apache.ratis.util.JvmPauseMonitor.detectPause(JvmPauseMonitor.java:119)
        at org.apache.ratis.util.JvmPauseMonitor.run(JvmPauseMonitor.java:108)
        at org.apache.ratis.util.JvmPauseMonitor$$Lambda$702/1227187683.run(Unknown Source)
        at java.lang.Thread.run(Thread.java:750)
"qtp936869842-235" daemon prio=5 tid=235 timed_waiting
java.lang.Thread.State: TIMED_WAITING
        at sun.misc.Unsafe.park(Native Method)
        at java.util.concurrent.locks.LockSupport.parkNanos(LockSupport.java:215)
        at java.util.concurrent.locks.AbstractQueuedSynchronizer$ConditionObject.awaitNanos(AbstractQueuedSynchronizer.java:2078)
        at org.eclipse.jetty.util.BlockingArrayQueue.poll(BlockingArrayQueue.java:382)
        at org.eclipse.jetty.util.thread.QueuedThreadPool$Runner.idleJobPoll(QueuedThreadPool.java:974)
        at org.eclipse.jetty.util.thread.QueuedThreadPool$Runner.run(QueuedThreadPool.java:1018)
        at java.lang.Thread.run(Thread.java:750)
"StaleRecoveringContainerScrubbingService#2" daemon prio=5 tid=914 in Object.wait()
java.lang.Thread.State: WAITING (on object monitor)
        at sun.misc.Unsafe.park(Native Method)
        at java.util.concurrent.locks.LockSupport.park(LockSupport.java:175)
        at java.util.concurrent.locks.AbstractQueuedSynchronizer$ConditionObject.await(AbstractQueuedSynchronizer.java:2039)
        at java.util.concurrent.ScheduledThreadPoolExecutor$DelayedWorkQueue.take(ScheduledThreadPoolExecutor.java:1088)
        at java.util.concurrent.ScheduledThreadPoolExecutor$DelayedWorkQueue.take(ScheduledThreadPoolExecutor.java:809)
        at java.util.concurrent.ThreadPoolExecutor.getTask(ThreadPoolExecutor.java:1074)
        at java.util.concurrent.ThreadPoolExecutor.runWorker(ThreadPoolExecutor.java:1134)
        at java.util.concurrent.ThreadPoolExecutor$Worker.run(ThreadPoolExecutor.java:624)
        at java.lang.Thread.run(Thread.java:750)
"be21c5c4-321c-411e-8ca9-5bb5909d110b@group-5EAD7F5BC067-FollowerState" daemon prio=5 tid=764 timed_waiting
java.lang.Thread.State: TIMED_WAITING
        at java.lang.Thread.sleep(Native Method)
        at java.lang.Thread.sleep(Thread.java:342)
        at java.util.concurrent.TimeUnit.sleep(TimeUnit.java:386)
        at org.apache.ratis.util.TimeDuration.sleep(TimeDuration.java:325)
        at org.apache.ratis.util.TimeDuration.sleep(TimeDuration.java:310)
        at org.apache.ratis.server.impl.FollowerState.run(FollowerState.java:128)
"ChunkReader-ELG-0" daemon prio=5 tid=387 runnable
java.lang.Thread.State: RUNNABLE
        at org.apache.ratis.thirdparty.io.netty.channel.epoll.Native.epollWait(Native Method)
        at org.apache.ratis.thirdparty.io.netty.channel.epoll.Native.epollWait(Native.java:209)
        at org.apache.ratis.thirdparty.io.netty.channel.epoll.Native.epollWait(Native.java:202)
        at org.apache.ratis.thirdparty.io.netty.channel.epoll.EpollEventLoop.epollWaitNoTimerChange(EpollEventLoop.java:294)
        at org.apache.ratis.thirdparty.io.netty.channel.epoll.EpollEventLoop.run(EpollEventLoop.java:351)
        at org.apache.ratis.thirdparty.io.netty.util.concurrent.SingleThreadEventExecutor$4.run(SingleThreadEventExecutor.java:995)
        at org.apache.ratis.thirdparty.io.netty.util.internal.ThreadExecutorMap$2.run(ThreadExecutorMap.java:74)
        at java.lang.Thread.run(Thread.java:750)
"qtp936869842-232" daemon prio=5 tid=232 timed_waiting
java.lang.Thread.State: TIMED_WAITING
        at sun.misc.Unsafe.park(Native Method)
        at java.util.concurrent.locks.LockSupport.parkNanos(LockSupport.java:215)
        at java.util.concurrent.locks.AbstractQueuedSynchronizer$ConditionObject.awaitNanos(AbstractQueuedSynchronizer.java:2078)
        at org.eclipse.jetty.util.BlockingArrayQueue.poll(BlockingArrayQueue.java:382)
        at org.eclipse.jetty.util.thread.QueuedThreadPool$Runner.idleJobPoll(QueuedThreadPool.java:974)
        at org.eclipse.jetty.util.thread.QueuedThreadPool$Runner.run(QueuedThreadPool.java:1018)
        at java.lang.Thread.run(Thread.java:750)
"qtp1091459664-282" daemon prio=5 tid=282 timed_waiting
java.lang.Thread.State: TIMED_WAITING
        at sun.misc.Unsafe.park(Native Method)
        at java.util.concurrent.locks.LockSupport.parkNanos(LockSupport.java:215)
        at java.util.concurrent.locks.AbstractQueuedSynchronizer$ConditionObject.awaitNanos(AbstractQueuedSynchronizer.java:2078)
        at org.eclipse.jetty.util.BlockingArrayQueue.poll(BlockingArrayQueue.java:382)
        at org.eclipse.jetty.util.thread.QueuedThreadPool$Runner.idleJobPoll(QueuedThreadPool.java:974)
        at org.eclipse.jetty.util.thread.QueuedThreadPool$Runner.run(QueuedThreadPool.java:1018)
        at java.lang.Thread.run(Thread.java:750)
"EventQueue-DatanodeCommandForSCMNodeManager"  prio=5 tid=495 in Object.wait()
java.lang.Thread.State: WAITING (on object monitor)
        at sun.misc.Unsafe.park(Native Method)
        at java.util.concurrent.locks.LockSupport.park(LockSupport.java:175)
        at java.util.concurrent.locks.AbstractQueuedSynchronizer$ConditionObject.await(AbstractQueuedSynchronizer.java:2039)
        at java.util.concurrent.LinkedBlockingQueue.take(LinkedBlockingQueue.java:442)
        at java.util.concurrent.ThreadPoolExecutor.getTask(ThreadPoolExecutor.java:1074)
        at java.util.concurrent.ThreadPoolExecutor.runWorker(ThreadPoolExecutor.java:1134)
        at java.util.concurrent.ThreadPoolExecutor$Worker.run(ThreadPoolExecutor.java:624)
        at java.lang.Thread.run(Thread.java:750)
"pool-304-thread-1"  prio=5 tid=455 timed_waiting
java.lang.Thread.State: TIMED_WAITING
        at sun.misc.Unsafe.park(Native Method)
        at java.util.concurrent.locks.LockSupport.parkNanos(LockSupport.java:215)
        at java.util.concurrent.locks.AbstractQueuedSynchronizer$ConditionObject.awaitNanos(AbstractQueuedSynchronizer.java:2078)
        at java.util.concurrent.ScheduledThreadPoolExecutor$DelayedWorkQueue.take(ScheduledThreadPoolExecutor.java:1093)
        at java.util.concurrent.ScheduledThreadPoolExecutor$DelayedWorkQueue.take(ScheduledThreadPoolExecutor.java:809)
        at java.util.concurrent.ThreadPoolExecutor.getTask(ThreadPoolExecutor.java:1074)
        at java.util.concurrent.ThreadPoolExecutor.runWorker(ThreadPoolExecutor.java:1134)
        at java.util.concurrent.ThreadPoolExecutor$Worker.run(ThreadPoolExecutor.java:624)
        at java.lang.Thread.run(Thread.java:750)
"StaleRecoveringContainerScrubbingService#0" daemon prio=5 tid=334 timed_waiting
java.lang.Thread.State: TIMED_WAITING
        at sun.misc.Unsafe.park(Native Method)
        at java.util.concurrent.locks.LockSupport.parkNanos(LockSupport.java:215)
        at java.util.concurrent.locks.AbstractQueuedSynchronizer$ConditionObject.awaitNanos(AbstractQueuedSynchronizer.java:2078)
        at java.util.concurrent.ScheduledThreadPoolExecutor$DelayedWorkQueue.take(ScheduledThreadPoolExecutor.java:1093)
        at java.util.concurrent.ScheduledThreadPoolExecutor$DelayedWorkQueue.take(ScheduledThreadPoolExecutor.java:809)
        at java.util.concurrent.ThreadPoolExecutor.getTask(ThreadPoolExecutor.java:1074)
        at java.util.concurrent.ThreadPoolExecutor.runWorker(ThreadPoolExecutor.java:1134)
        at java.util.concurrent.ThreadPoolExecutor$Worker.run(ThreadPoolExecutor.java:624)
        at java.lang.Thread.run(Thread.java:750)
"StaleRecoveringContainerScrubbingService#1" daemon prio=5 tid=544 in Object.wait()
java.lang.Thread.State: WAITING (on object monitor)
        at sun.misc.Unsafe.park(Native Method)
        at java.util.concurrent.locks.LockSupport.park(LockSupport.java:175)
        at java.util.concurrent.locks.AbstractQueuedSynchronizer$ConditionObject.await(AbstractQueuedSynchronizer.java:2039)
        at java.util.concurrent.ScheduledThreadPoolExecutor$DelayedWorkQueue.take(ScheduledThreadPoolExecutor.java:1088)
        at java.util.concurrent.ScheduledThreadPoolExecutor$DelayedWorkQueue.take(ScheduledThreadPoolExecutor.java:809)
        at java.util.concurrent.ThreadPoolExecutor.getTask(ThreadPoolExecutor.java:1074)
        at java.util.concurrent.ThreadPoolExecutor.runWorker(ThreadPoolExecutor.java:1134)
        at java.util.concurrent.ThreadPoolExecutor$Worker.run(ThreadPoolExecutor.java:624)
        at java.lang.Thread.run(Thread.java:750)
"StaleRecoveringContainerScrubbingService#3" daemon prio=5 tid=934 in Object.wait()
java.lang.Thread.State: WAITING (on object monitor)
        at sun.misc.Unsafe.park(Native Method)
        at java.util.concurrent.locks.LockSupport.park(LockSupport.java:175)
        at java.util.concurrent.locks.AbstractQueuedSynchronizer$ConditionObject.await(AbstractQueuedSynchronizer.java:2039)
        at java.util.concurrent.ScheduledThreadPoolExecutor$DelayedWorkQueue.take(ScheduledThreadPoolExecutor.java:1088)
        at java.util.concurrent.ScheduledThreadPoolExecutor$DelayedWorkQueue.take(ScheduledThreadPoolExecutor.java:809)
        at java.util.concurrent.ThreadPoolExecutor.getTask(ThreadPoolExecutor.java:1074)
        at java.util.concurrent.ThreadPoolExecutor.runWorker(ThreadPoolExecutor.java:1134)
        at java.util.concurrent.ThreadPoolExecutor$Worker.run(ThreadPoolExecutor.java:624)
        at java.lang.Thread.run(Thread.java:750)
"BackgroundPipelineScrubberThread" daemon prio=5 tid=16 timed_waiting
java.lang.Thread.State: TIMED_WAITING
        at java.lang.Object.wait(Native Method)
        at org.apache.hadoop.hdds.scm.ha.BackgroundSCMService.run(BackgroundSCMService.java:110)
        at org.apache.hadoop.hdds.scm.ha.BackgroundSCMService$$Lambda$374/200452658.run(Unknown Source)
        at java.lang.Thread.run(Thread.java:750)
"pool-230-thread-1" daemon prio=5 tid=368 timed_waiting
java.lang.Thread.State: TIMED_WAITING
        at sun.misc.Unsafe.park(Native Method)
        at java.util.concurrent.locks.LockSupport.parkNanos(LockSupport.java:215)
        at java.util.concurrent.locks.AbstractQueuedSynchronizer$ConditionObject.awaitNanos(AbstractQueuedSynchronizer.java:2078)
        at java.util.concurrent.ScheduledThreadPoolExecutor$DelayedWorkQueue.take(ScheduledThreadPoolExecutor.java:1093)
        at java.util.concurrent.ScheduledThreadPoolExecutor$DelayedWorkQueue.take(ScheduledThreadPoolExecutor.java:809)
        at java.util.concurrent.ThreadPoolExecutor.getTask(ThreadPoolExecutor.java:1074)
        at java.util.concurrent.ThreadPoolExecutor.runWorker(ThreadPoolExecutor.java:1134)
        at java.util.concurrent.ThreadPoolExecutor$Worker.run(ThreadPoolExecutor.java:624)
        at java.lang.Thread.run(Thread.java:750)
"6ce03c57-5430-4ab1-bf83-fb555d2de968@group-5EAD7F5BC067-FollowerState" daemon prio=5 tid=770 timed_waiting
java.lang.Thread.State: TIMED_WAITING
        at java.lang.Thread.sleep(Native Method)
        at java.lang.Thread.sleep(Thread.java:342)
        at java.util.concurrent.TimeUnit.sleep(TimeUnit.java:386)
        at org.apache.ratis.util.TimeDuration.sleep(TimeDuration.java:325)
        at org.apache.ratis.util.TimeDuration.sleep(TimeDuration.java:310)
        at org.apache.ratis.server.impl.FollowerState.run(FollowerState.java:128)
"ChunkReader-ELG-0" daemon prio=5 tid=452 runnable
java.lang.Thread.State: RUNNABLE
        at org.apache.ratis.thirdparty.io.netty.channel.epoll.Native.epollWait(Native Method)
        at org.apache.ratis.thirdparty.io.netty.channel.epoll.Native.epollWait(Native.java:209)
        at org.apache.ratis.thirdparty.io.netty.channel.epoll.Native.epollWait(Native.java:202)
        at org.apache.ratis.thirdparty.io.netty.channel.epoll.EpollEventLoop.epollWaitNoTimerChange(EpollEventLoop.java:294)
        at org.apache.ratis.thirdparty.io.netty.channel.epoll.EpollEventLoop.run(EpollEventLoop.java:351)
        at org.apache.ratis.thirdparty.io.netty.util.concurrent.SingleThreadEventExecutor$4.run(SingleThreadEventExecutor.java:995)
        at org.apache.ratis.thirdparty.io.netty.util.internal.ThreadExecutorMap$2.run(ThreadExecutorMap.java:74)
        at java.lang.Thread.run(Thread.java:750)
"ChunkWriter-0-0" daemon prio=5 tid=409 in Object.wait()
java.lang.Thread.State: WAITING (on object monitor)
        at sun.misc.Unsafe.park(Native Method)
        at java.util.concurrent.locks.LockSupport.park(LockSupport.java:175)
        at java.util.concurrent.locks.AbstractQueuedSynchronizer$ConditionObject.await(AbstractQueuedSynchronizer.java:2039)
        at java.util.concurrent.LinkedBlockingDeque.takeFirst(LinkedBlockingDeque.java:492)
        at java.util.concurrent.LinkedBlockingDeque.take(LinkedBlockingDeque.java:680)
        at java.util.concurrent.ThreadPoolExecutor.getTask(ThreadPoolExecutor.java:1074)
        at java.util.concurrent.ThreadPoolExecutor.runWorker(ThreadPoolExecutor.java:1134)
        at java.util.concurrent.ThreadPoolExecutor$Worker.run(ThreadPoolExecutor.java:624)
        at java.lang.Thread.run(Thread.java:750)
"qtp936869842-234" daemon prio=5 tid=234 timed_waiting
java.lang.Thread.State: TIMED_WAITING
        at sun.misc.Unsafe.park(Native Method)
        at java.util.concurrent.locks.LockSupport.parkNanos(LockSupport.java:215)
        at java.util.concurrent.locks.AbstractQueuedSynchronizer$ConditionObject.awaitNanos(AbstractQueuedSynchronizer.java:2078)
        at org.eclipse.jetty.util.BlockingArrayQueue.poll(BlockingArrayQueue.java:382)
        at org.eclipse.jetty.util.thread.QueuedThreadPool$Runner.idleJobPoll(QueuedThreadPool.java:974)
        at org.eclipse.jetty.util.thread.QueuedThreadPool$Runner.run(QueuedThreadPool.java:1018)
        at java.lang.Thread.run(Thread.java:750)
"pool-277-thread-1"  prio=5 tid=416 timed_waiting
java.lang.Thread.State: TIMED_WAITING
        at sun.misc.Unsafe.park(Native Method)
        at java.util.concurrent.locks.LockSupport.parkNanos(LockSupport.java:215)
        at java.util.concurrent.locks.AbstractQueuedSynchronizer$ConditionObject.awaitNanos(AbstractQueuedSynchronizer.java:2078)
        at java.util.concurrent.ScheduledThreadPoolExecutor$DelayedWorkQueue.take(ScheduledThreadPoolExecutor.java:1093)
        at java.util.concurrent.ScheduledThreadPoolExecutor$DelayedWorkQueue.take(ScheduledThreadPoolExecutor.java:809)
        at java.util.concurrent.ThreadPoolExecutor.getTask(ThreadPoolExecutor.java:1074)
        at java.util.concurrent.ThreadPoolExecutor.runWorker(ThreadPoolExecutor.java:1134)
        at java.util.concurrent.ThreadPoolExecutor$Worker.run(ThreadPoolExecutor.java:624)
        at java.lang.Thread.run(Thread.java:750)
"JvmPauseMonitor3" daemon prio=5 tid=413 timed_waiting
java.lang.Thread.State: TIMED_WAITING
        at java.lang.Thread.sleep(Native Method)
        at java.lang.Thread.sleep(Thread.java:342)
        at java.util.concurrent.TimeUnit.sleep(TimeUnit.java:386)
        at org.apache.ratis.util.TimeDuration.sleep(TimeDuration.java:325)
        at org.apache.ratis.util.TimeDuration.sleep(TimeDuration.java:310)
        at org.apache.ratis.util.JvmPauseMonitor.detectPause(JvmPauseMonitor.java:119)
        at org.apache.ratis.util.JvmPauseMonitor.run(JvmPauseMonitor.java:108)
        at org.apache.ratis.util.JvmPauseMonitor$$Lambda$702/1227187683.run(Unknown Source)
        at java.lang.Thread.run(Thread.java:750)
"IPC Server handler 10 on default port 39909" daemon prio=5 tid=87 timed_waiting
java.lang.Thread.State: TIMED_WAITING
        at sun.misc.Unsafe.park(Native Method)
        at java.util.concurrent.locks.LockSupport.parkNanos(LockSupport.java:215)
        at java.util.concurrent.locks.AbstractQueuedSynchronizer$ConditionObject.awaitNanos(AbstractQueuedSynchronizer.java:2078)
        at java.util.concurrent.LinkedBlockingQueue.poll(LinkedBlockingQueue.java:467)
        at org.apache.hadoop.ipc.CallQueueManager.take(CallQueueManager.java:317)
        at org.apache.hadoop.ipc.Server$Handler.run(Server.java:2942)
"qtp1246984673-175-acceptor-0@3b55f457-ServerConnector@16b578a3{HTTP/1.1, (http/1.1)}{0.0.0.0:44427}" daemon prio=3 tid=175 runnable
java.lang.Thread.State: RUNNABLE
        at sun.nio.ch.ServerSocketChannelImpl.accept0(Native Method)
        at sun.nio.ch.ServerSocketChannelImpl.accept(ServerSocketChannelImpl.java:421)
        at sun.nio.ch.ServerSocketChannelImpl.accept(ServerSocketChannelImpl.java:249)
        at org.eclipse.jetty.server.ServerConnector.accept(ServerConnector.java:388)
        at org.eclipse.jetty.server.AbstractConnector$Acceptor.run(AbstractConnector.java:702)
        at org.eclipse.jetty.util.thread.QueuedThreadPool.runJob(QueuedThreadPool.java:883)
        at org.eclipse.jetty.util.thread.QueuedThreadPool$Runner.run(QueuedThreadPool.java:1034)
        at java.lang.Thread.run(Thread.java:750)
"JvmPauseMonitor9" daemon prio=5 tid=540 timed_waiting
java.lang.Thread.State: TIMED_WAITING
        at java.lang.Thread.sleep(Native Method)
        at java.lang.Thread.sleep(Thread.java:342)
        at java.util.concurrent.TimeUnit.sleep(TimeUnit.java:386)
        at org.apache.ratis.util.TimeDuration.sleep(TimeDuration.java:325)
        at org.apache.ratis.util.TimeDuration.sleep(TimeDuration.java:310)
        at org.apache.ratis.util.JvmPauseMonitor.detectPause(JvmPauseMonitor.java:119)
        at org.apache.ratis.util.JvmPauseMonitor.run(JvmPauseMonitor.java:108)
        at org.apache.ratis.util.JvmPauseMonitor$$Lambda$702/1227187683.run(Unknown Source)
        at java.lang.Thread.run(Thread.java:750)
"277330ea-7eb2-4eea-8a6b-9d41e81a33f6@group-D1756B2A70E6-SegmentedRaftLogWorker"  prio=5 tid=673 timed_waiting
java.lang.Thread.State: TIMED_WAITING
        at sun.misc.Unsafe.park(Native Method)
        at java.util.concurrent.locks.LockSupport.parkNanos(LockSupport.java:215)
        at java.util.concurrent.locks.AbstractQueuedSynchronizer$ConditionObject.awaitNanos(AbstractQueuedSynchronizer.java:2078)
        at org.apache.ratis.util.DataBlockingQueue.poll(DataBlockingQueue.java:148)
        at org.apache.ratis.server.raftlog.segmented.SegmentedRaftLogWorker.run(SegmentedRaftLogWorker.java:310)
        at org.apache.ratis.server.raftlog.segmented.SegmentedRaftLogWorker$$Lambda$661/302741709.run(Unknown Source)
        at java.lang.Thread.run(Thread.java:750)
"Datanode State Machine Task Thread - 1"  prio=5 tid=315 in Object.wait()
java.lang.Thread.State: WAITING (on object monitor)
        at sun.misc.Unsafe.park(Native Method)
        at java.util.concurrent.locks.LockSupport.park(LockSupport.java:175)
        at java.util.concurrent.locks.AbstractQueuedSynchronizer$ConditionObject.await(AbstractQueuedSynchronizer.java:2039)
        at java.util.concurrent.LinkedBlockingQueue.take(LinkedBlockingQueue.java:442)
        at java.util.concurrent.ThreadPoolExecutor.getTask(ThreadPoolExecutor.java:1074)
        at java.util.concurrent.ThreadPoolExecutor.runWorker(ThreadPoolExecutor.java:1134)
        at java.util.concurrent.ThreadPoolExecutor$Worker.run(ThreadPoolExecutor.java:624)
        at java.lang.Thread.run(Thread.java:750)
"ChunkWriter-1-0" daemon prio=5 tid=410 in Object.wait()
java.lang.Thread.State: WAITING (on object monitor)
        at sun.misc.Unsafe.park(Native Method)
        at java.util.concurrent.locks.LockSupport.park(LockSupport.java:175)
        at java.util.concurrent.locks.AbstractQueuedSynchronizer$ConditionObject.await(AbstractQueuedSynchronizer.java:2039)
        at java.util.concurrent.LinkedBlockingDeque.takeFirst(LinkedBlockingDeque.java:492)
        at java.util.concurrent.LinkedBlockingDeque.take(LinkedBlockingDeque.java:680)
        at java.util.concurrent.ThreadPoolExecutor.getTask(ThreadPoolExecutor.java:1074)
        at java.util.concurrent.ThreadPoolExecutor.runWorker(ThreadPoolExecutor.java:1134)
        at java.util.concurrent.ThreadPoolExecutor$Worker.run(ThreadPoolExecutor.java:624)
        at java.lang.Thread.run(Thread.java:750)
"pool-150-thread-1"  prio=5 tid=253 timed_waiting
java.lang.Thread.State: TIMED_WAITING
        at sun.misc.Unsafe.park(Native Method)
        at java.util.concurrent.locks.LockSupport.parkNanos(LockSupport.java:215)
        at java.util.concurrent.locks.AbstractQueuedSynchronizer$ConditionObject.awaitNanos(AbstractQueuedSynchronizer.java:2078)
        at java.util.concurrent.ScheduledThreadPoolExecutor$DelayedWorkQueue.take(ScheduledThreadPoolExecutor.java:1093)
        at java.util.concurrent.ScheduledThreadPoolExecutor$DelayedWorkQueue.take(ScheduledThreadPoolExecutor.java:809)
        at java.util.concurrent.ThreadPoolExecutor.getTask(ThreadPoolExecutor.java:1074)
        at java.util.concurrent.ThreadPoolExecutor.runWorker(ThreadPoolExecutor.java:1134)
        at java.util.concurrent.ThreadPoolExecutor$Worker.run(ThreadPoolExecutor.java:624)
        at java.lang.Thread.run(Thread.java:750)
"BlockDeletingService#3" daemon prio=5 tid=939 in Object.wait()
java.lang.Thread.State: WAITING (on object monitor)
        at sun.misc.Unsafe.park(Native Method)
        at java.util.concurrent.locks.LockSupport.park(LockSupport.java:175)
        at java.util.concurrent.locks.AbstractQueuedSynchronizer$ConditionObject.await(AbstractQueuedSynchronizer.java:2039)
        at java.util.concurrent.ScheduledThreadPoolExecutor$DelayedWorkQueue.take(ScheduledThreadPoolExecutor.java:1088)
        at java.util.concurrent.ScheduledThreadPoolExecutor$DelayedWorkQueue.take(ScheduledThreadPoolExecutor.java:809)
        at java.util.concurrent.ThreadPoolExecutor.getTask(ThreadPoolExecutor.java:1074)
        at java.util.concurrent.ThreadPoolExecutor.runWorker(ThreadPoolExecutor.java:1134)
        at java.util.concurrent.ThreadPoolExecutor$Worker.run(ThreadPoolExecutor.java:624)
        at java.lang.Thread.run(Thread.java:750)
"timer2" daemon prio=5 tid=775 timed_waiting
java.lang.Thread.State: TIMED_WAITING
        at java.lang.Object.wait(Native Method)
        at java.util.TimerThread.mainLoop(Timer.java:552)
        at java.util.TimerThread.run(Timer.java:505)
"pool-257-thread-1" daemon prio=5 tid=406 timed_waiting
java.lang.Thread.State: TIMED_WAITING
        at sun.misc.Unsafe.park(Native Method)
        at java.util.concurrent.locks.LockSupport.parkNanos(LockSupport.java:215)
        at java.util.concurrent.locks.AbstractQueuedSynchronizer$ConditionObject.awaitNanos(AbstractQueuedSynchronizer.java:2078)
        at java.util.concurrent.ScheduledThreadPoolExecutor$DelayedWorkQueue.take(ScheduledThreadPoolExecutor.java:1093)
        at java.util.concurrent.ScheduledThreadPoolExecutor$DelayedWorkQueue.take(ScheduledThreadPoolExecutor.java:809)
        at java.util.concurrent.ThreadPoolExecutor.getTask(ThreadPoolExecutor.java:1074)
        at java.util.concurrent.ThreadPoolExecutor.runWorker(ThreadPoolExecutor.java:1134)
        at java.util.concurrent.ThreadPoolExecutor$Worker.run(ThreadPoolExecutor.java:624)
        at java.lang.Thread.run(Thread.java:750)
"6534404f-39f4-445c-b85e-518a348dbff3-server-thread2" daemon prio=5 tid=879 timed_waiting
java.lang.Thread.State: TIMED_WAITING
        at sun.misc.Unsafe.park(Native Method)
        at java.util.concurrent.locks.LockSupport.parkNanos(LockSupport.java:215)
        at java.util.concurrent.SynchronousQueue$TransferStack.awaitFulfill(SynchronousQueue.java:460)
        at java.util.concurrent.SynchronousQueue$TransferStack.transfer(SynchronousQueue.java:362)
        at java.util.concurrent.SynchronousQueue.poll(SynchronousQueue.java:941)
        at java.util.concurrent.ThreadPoolExecutor.getTask(ThreadPoolExecutor.java:1073)
        at java.util.concurrent.ThreadPoolExecutor.runWorker(ThreadPoolExecutor.java:1134)
        at java.util.concurrent.ThreadPoolExecutor$Worker.run(ThreadPoolExecutor.java:624)
        at java.lang.Thread.run(Thread.java:750)
"BlockDeletingService#3" daemon prio=5 tid=931 in Object.wait()
java.lang.Thread.State: WAITING (on object monitor)
        at sun.misc.Unsafe.park(Native Method)
        at java.util.concurrent.locks.LockSupport.park(LockSupport.java:175)
        at java.util.concurrent.locks.AbstractQueuedSynchronizer$ConditionObject.await(AbstractQueuedSynchronizer.java:2039)
        at java.util.concurrent.ScheduledThreadPoolExecutor$DelayedWorkQueue.take(ScheduledThreadPoolExecutor.java:1088)
        at java.util.concurrent.ScheduledThreadPoolExecutor$DelayedWorkQueue.take(ScheduledThreadPoolExecutor.java:809)
        at java.util.concurrent.ThreadPoolExecutor.getTask(ThreadPoolExecutor.java:1074)
        at java.util.concurrent.ThreadPoolExecutor.runWorker(ThreadPoolExecutor.java:1134)
        at java.util.concurrent.ThreadPoolExecutor$Worker.run(ThreadPoolExecutor.java:624)
        at java.lang.Thread.run(Thread.java:750)
"org.apache.hadoop.util.JvmPauseMonitor$Monitor@470d539e" daemon prio=5 tid=296 timed_waiting
java.lang.Thread.State: TIMED_WAITING
        at java.lang.Thread.sleep(Native Method)
        at org.apache.hadoop.util.JvmPauseMonitor$Monitor.run(JvmPauseMonitor.java:192)
        at java.lang.Thread.run(Thread.java:750)
"om1@group-C5BA1605619E-SegmentedRaftLogWorker"  prio=5 tid=125 timed_waiting
java.lang.Thread.State: TIMED_WAITING
        at sun.misc.Unsafe.park(Native Method)
        at java.util.concurrent.locks.LockSupport.parkNanos(LockSupport.java:215)
        at java.util.concurrent.locks.AbstractQueuedSynchronizer$ConditionObject.awaitNanos(AbstractQueuedSynchronizer.java:2078)
        at org.apache.ratis.util.DataBlockingQueue.poll(DataBlockingQueue.java:148)
        at org.apache.ratis.server.raftlog.segmented.SegmentedRaftLogWorker.run(SegmentedRaftLogWorker.java:310)
        at org.apache.ratis.server.raftlog.segmented.SegmentedRaftLogWorker$$Lambda$661/302741709.run(Unknown Source)
        at java.lang.Thread.run(Thread.java:750)
"IPC Server handler 11 on default port 39909" daemon prio=5 tid=88 timed_waiting
java.lang.Thread.State: TIMED_WAITING
        at sun.misc.Unsafe.park(Native Method)
        at java.util.concurrent.locks.LockSupport.parkNanos(LockSupport.java:215)
        at java.util.concurrent.locks.AbstractQueuedSynchronizer$ConditionObject.awaitNanos(AbstractQueuedSynchronizer.java:2078)
        at java.util.concurrent.LinkedBlockingQueue.poll(LinkedBlockingQueue.java:467)
        at org.apache.hadoop.ipc.CallQueueManager.take(CallQueueManager.java:317)
        at org.apache.hadoop.ipc.Server$Handler.run(Server.java:2942)
"6534404f-39f4-445c-b85e-518a348dbff3@group-B7DE03A6A590-SegmentedRaftLogWorker"  prio=5 tid=562 timed_waiting
java.lang.Thread.State: TIMED_WAITING
        at sun.misc.Unsafe.park(Native Method)
        at java.util.concurrent.locks.LockSupport.parkNanos(LockSupport.java:215)
        at java.util.concurrent.locks.AbstractQueuedSynchronizer$ConditionObject.awaitNanos(AbstractQueuedSynchronizer.java:2078)
        at org.apache.ratis.util.DataBlockingQueue.poll(DataBlockingQueue.java:148)
        at org.apache.ratis.server.raftlog.segmented.SegmentedRaftLogWorker.run(SegmentedRaftLogWorker.java:310)
        at org.apache.ratis.server.raftlog.segmented.SegmentedRaftLogWorker$$Lambda$661/302741709.run(Unknown Source)
        at java.lang.Thread.run(Thread.java:750)
"qtp1836950623-308-acceptor-0@fee3df1-ServerConnector@5a19393{HTTP/1.1, (http/1.1)}{0.0.0.0:38599}" daemon prio=3 tid=308 runnable
java.lang.Thread.State: RUNNABLE
        at sun.nio.ch.ServerSocketChannelImpl.accept0(Native Method)
        at sun.nio.ch.ServerSocketChannelImpl.accept(ServerSocketChannelImpl.java:421)
        at sun.nio.ch.ServerSocketChannelImpl.accept(ServerSocketChannelImpl.java:249)
        at org.eclipse.jetty.server.ServerConnector.accept(ServerConnector.java:388)
        at org.eclipse.jetty.server.AbstractConnector$Acceptor.run(AbstractConnector.java:702)
        at org.eclipse.jetty.util.thread.QueuedThreadPool.runJob(QueuedThreadPool.java:883)
        at org.eclipse.jetty.util.thread.QueuedThreadPool$Runner.run(QueuedThreadPool.java:1034)
        at java.lang.Thread.run(Thread.java:750)
"Datanode ReportManager Thread - 0" daemon prio=5 tid=393 timed_waiting
java.lang.Thread.State: TIMED_WAITING
        at sun.misc.Unsafe.park(Native Method)
        at java.util.concurrent.locks.LockSupport.parkNanos(LockSupport.java:215)
        at java.util.concurrent.locks.AbstractQueuedSynchronizer$ConditionObject.awaitNanos(AbstractQueuedSynchronizer.java:2078)
        at java.util.concurrent.ScheduledThreadPoolExecutor$DelayedWorkQueue.take(ScheduledThreadPoolExecutor.java:1093)
        at java.util.concurrent.ScheduledThreadPoolExecutor$DelayedWorkQueue.take(ScheduledThreadPoolExecutor.java:809)
        at java.util.concurrent.ThreadPoolExecutor.getTask(ThreadPoolExecutor.java:1074)
        at java.util.concurrent.ThreadPoolExecutor.runWorker(ThreadPoolExecutor.java:1134)
        at java.util.concurrent.ThreadPoolExecutor$Worker.run(ThreadPoolExecutor.java:624)
        at java.lang.Thread.run(Thread.java:750)
"BlockDeletingService#2" daemon prio=5 tid=925 in Object.wait()
java.lang.Thread.State: WAITING (on object monitor)
        at sun.misc.Unsafe.park(Native Method)
        at java.util.concurrent.locks.LockSupport.park(LockSupport.java:175)
        at java.util.concurrent.locks.AbstractQueuedSynchronizer$ConditionObject.await(AbstractQueuedSynchronizer.java:2039)
        at java.util.concurrent.ScheduledThreadPoolExecutor$DelayedWorkQueue.take(ScheduledThreadPoolExecutor.java:1088)
        at java.util.concurrent.ScheduledThreadPoolExecutor$DelayedWorkQueue.take(ScheduledThreadPoolExecutor.java:809)
        at java.util.concurrent.ThreadPoolExecutor.getTask(ThreadPoolExecutor.java:1074)
        at java.util.concurrent.ThreadPoolExecutor.runWorker(ThreadPoolExecutor.java:1134)
        at java.util.concurrent.ThreadPoolExecutor$Worker.run(ThreadPoolExecutor.java:624)
        at java.lang.Thread.run(Thread.java:750)
"EventQueue-CloseContainerForCloseContainerEventHandler" daemon prio=5 tid=887 in Object.wait()
java.lang.Thread.State: WAITING (on object monitor)
        at sun.misc.Unsafe.park(Native Method)
        at java.util.concurrent.locks.LockSupport.park(LockSupport.java:175)
        at java.util.concurrent.locks.AbstractQueuedSynchronizer$ConditionObject.await(AbstractQueuedSynchronizer.java:2039)
        at java.util.concurrent.LinkedBlockingQueue.take(LinkedBlockingQueue.java:442)
        at java.util.concurrent.ThreadPoolExecutor.getTask(ThreadPoolExecutor.java:1074)
        at java.util.concurrent.ThreadPoolExecutor.runWorker(ThreadPoolExecutor.java:1134)
        at java.util.concurrent.ThreadPoolExecutor$Worker.run(ThreadPoolExecutor.java:624)
        at java.lang.Thread.run(Thread.java:750)
"d4065fed-2d66-41be-989b-4bd24a4f6517@group-297D8D80ECA4-StateMachineUpdater" daemon prio=5 tid=637 timed_waiting
java.lang.Thread.State: TIMED_WAITING
        at sun.misc.Unsafe.park(Native Method)
        at java.util.concurrent.locks.LockSupport.parkNanos(LockSupport.java:215)
        at java.util.concurrent.CompletableFuture$Signaller.block(CompletableFuture.java:1709)
        at java.util.concurrent.ForkJoinPool.managedBlock(ForkJoinPool.java:3323)
        at java.util.concurrent.CompletableFuture.timedGet(CompletableFuture.java:1788)
        at java.util.concurrent.CompletableFuture.get(CompletableFuture.java:1928)
        at org.apache.ratis.util.AwaitForSignal.await(AwaitForSignal.java:56)
        at org.apache.ratis.server.impl.StateMachineUpdater.waitForCommit(StateMachineUpdater.java:207)
        at org.apache.ratis.server.impl.StateMachineUpdater.run(StateMachineUpdater.java:176)
        at java.lang.Thread.run(Thread.java:750)
"JvmPauseMonitor8" daemon prio=5 tid=527 timed_waiting
java.lang.Thread.State: TIMED_WAITING
        at java.lang.Thread.sleep(Native Method)
        at java.lang.Thread.sleep(Thread.java:342)
        at java.util.concurrent.TimeUnit.sleep(TimeUnit.java:386)
        at org.apache.ratis.util.TimeDuration.sleep(TimeDuration.java:325)
        at org.apache.ratis.util.TimeDuration.sleep(TimeDuration.java:310)
        at org.apache.ratis.util.JvmPauseMonitor.detectPause(JvmPauseMonitor.java:119)
        at org.apache.ratis.util.JvmPauseMonitor.run(JvmPauseMonitor.java:108)
        at org.apache.ratis.util.JvmPauseMonitor$$Lambda$702/1227187683.run(Unknown Source)
        at java.lang.Thread.run(Thread.java:750)
"pool-81-thread-1"  prio=5 tid=173 timed_waiting
java.lang.Thread.State: TIMED_WAITING
        at sun.misc.Unsafe.park(Native Method)
        at java.util.concurrent.locks.LockSupport.parkNanos(LockSupport.java:215)
        at java.util.concurrent.locks.AbstractQueuedSynchronizer$ConditionObject.awaitNanos(AbstractQueuedSynchronizer.java:2078)
        at java.util.concurrent.ScheduledThreadPoolExecutor$DelayedWorkQueue.take(ScheduledThreadPoolExecutor.java:1093)
        at java.util.concurrent.ScheduledThreadPoolExecutor$DelayedWorkQueue.take(ScheduledThreadPoolExecutor.java:809)
        at java.util.concurrent.ThreadPoolExecutor.getTask(ThreadPoolExecutor.java:1074)
        at java.util.concurrent.ThreadPoolExecutor.runWorker(ThreadPoolExecutor.java:1134)
        at java.util.concurrent.ThreadPoolExecutor$Worker.run(ThreadPoolExecutor.java:624)
        at java.lang.Thread.run(Thread.java:750)
"Datanode ReportManager Thread - 0" daemon prio=5 tid=431 timed_waiting
java.lang.Thread.State: TIMED_WAITING
        at sun.misc.Unsafe.park(Native Method)
        at java.util.concurrent.locks.LockSupport.parkNanos(LockSupport.java:215)
        at java.util.concurrent.locks.AbstractQueuedSynchronizer$ConditionObject.awaitNanos(AbstractQueuedSynchronizer.java:2078)
        at java.util.concurrent.ScheduledThreadPoolExecutor$DelayedWorkQueue.take(ScheduledThreadPoolExecutor.java:1093)
        at java.util.concurrent.ScheduledThreadPoolExecutor$DelayedWorkQueue.take(ScheduledThreadPoolExecutor.java:809)
        at java.util.concurrent.ThreadPoolExecutor.getTask(ThreadPoolExecutor.java:1074)
        at java.util.concurrent.ThreadPoolExecutor.runWorker(ThreadPoolExecutor.java:1134)
        at java.util.concurrent.ThreadPoolExecutor$Worker.run(ThreadPoolExecutor.java:624)
        at java.lang.Thread.run(Thread.java:750)
"qtp1036316015-102" daemon prio=5 tid=102 timed_waiting
java.lang.Thread.State: TIMED_WAITING
        at sun.misc.Unsafe.park(Native Method)
        at java.util.concurrent.locks.LockSupport.parkNanos(LockSupport.java:215)
        at java.util.concurrent.locks.AbstractQueuedSynchronizer$ConditionObject.awaitNanos(AbstractQueuedSynchronizer.java:2078)
        at org.eclipse.jetty.util.BlockingArrayQueue.poll(BlockingArrayQueue.java:382)
        at org.eclipse.jetty.util.thread.QueuedThreadPool$Runner.idleJobPoll(QueuedThreadPool.java:974)
        at org.eclipse.jetty.util.thread.QueuedThreadPool$Runner.run(QueuedThreadPool.java:1018)
        at java.lang.Thread.run(Thread.java:750)
"qtp1130508577-427" daemon prio=5 tid=427 timed_waiting
java.lang.Thread.State: TIMED_WAITING
        at sun.misc.Unsafe.park(Native Method)
        at java.util.concurrent.locks.LockSupport.parkNanos(LockSupport.java:215)
        at java.util.concurrent.locks.AbstractQueuedSynchronizer$ConditionObject.awaitNanos(AbstractQueuedSynchronizer.java:2078)
        at org.eclipse.jetty.util.BlockingArrayQueue.poll(BlockingArrayQueue.java:382)
        at org.eclipse.jetty.util.thread.QueuedThreadPool$Runner.idleJobPoll(QueuedThreadPool.java:974)
        at org.eclipse.jetty.util.thread.QueuedThreadPool$Runner.run(QueuedThreadPool.java:1018)
        at java.lang.Thread.run(Thread.java:750)
"ChunkWriter-1-0" daemon prio=5 tid=328 in Object.wait()
java.lang.Thread.State: WAITING (on object monitor)
        at sun.misc.Unsafe.park(Native Method)
        at java.util.concurrent.locks.LockSupport.park(LockSupport.java:175)
        at java.util.concurrent.locks.AbstractQueuedSynchronizer$ConditionObject.await(AbstractQueuedSynchronizer.java:2039)
        at java.util.concurrent.LinkedBlockingDeque.takeFirst(LinkedBlockingDeque.java:492)
        at java.util.concurrent.LinkedBlockingDeque.take(LinkedBlockingDeque.java:680)
        at java.util.concurrent.ThreadPoolExecutor.getTask(ThreadPoolExecutor.java:1074)
        at java.util.concurrent.ThreadPoolExecutor.runWorker(ThreadPoolExecutor.java:1134)
        at java.util.concurrent.ThreadPoolExecutor$Worker.run(ThreadPoolExecutor.java:624)
        at java.lang.Thread.run(Thread.java:750)
"IPC Server Responder" daemon prio=5 tid=34 runnable
java.lang.Thread.State: RUNNABLE
        at sun.nio.ch.EPollArrayWrapper.epollWait(Native Method)
        at sun.nio.ch.EPollArrayWrapper.poll(EPollArrayWrapper.java:269)
        at sun.nio.ch.EPollSelectorImpl.doSelect(EPollSelectorImpl.java:93)
        at sun.nio.ch.SelectorImpl.lockAndDoSelect(SelectorImpl.java:86)
        at sun.nio.ch.SelectorImpl.select(SelectorImpl.java:97)
        at org.apache.hadoop.ipc.Server$Responder.doRunLoop(Server.java:1532)
        at org.apache.hadoop.ipc.Server$Responder.run(Server.java:1515)
"ChunkReader-3" daemon prio=5 tid=847 in Object.wait()
java.lang.Thread.State: WAITING (on object monitor)
        at sun.misc.Unsafe.park(Native Method)
        at java.util.concurrent.locks.LockSupport.park(LockSupport.java:175)
        at java.util.concurrent.locks.AbstractQueuedSynchronizer$ConditionObject.await(AbstractQueuedSynchronizer.java:2039)
        at java.util.concurrent.LinkedBlockingQueue.take(LinkedBlockingQueue.java:442)
        at java.util.concurrent.ThreadPoolExecutor.getTask(ThreadPoolExecutor.java:1074)
        at java.util.concurrent.ThreadPoolExecutor.runWorker(ThreadPoolExecutor.java:1134)
        at java.util.concurrent.ThreadPoolExecutor$Worker.run(ThreadPoolExecutor.java:624)
        at java.lang.Thread.run(Thread.java:750)
"IPC Server handler 8 on default port 36683" daemon prio=5 tid=65 timed_waiting
java.lang.Thread.State: TIMED_WAITING
        at sun.misc.Unsafe.park(Native Method)
        at java.util.concurrent.locks.LockSupport.parkNanos(LockSupport.java:215)
        at java.util.concurrent.locks.AbstractQueuedSynchronizer$ConditionObject.awaitNanos(AbstractQueuedSynchronizer.java:2078)
        at java.util.concurrent.LinkedBlockingQueue.poll(LinkedBlockingQueue.java:467)
        at org.apache.hadoop.ipc.CallQueueManager.take(CallQueueManager.java:317)
        at org.apache.hadoop.ipc.Server$Handler.run(Server.java:2942)
"IPC Server handler 12 on default port 36683" daemon prio=5 tid=69 timed_waiting
java.lang.Thread.State: TIMED_WAITING
        at sun.misc.Unsafe.park(Native Method)
        at java.util.concurrent.locks.LockSupport.parkNanos(LockSupport.java:215)
        at java.util.concurrent.locks.AbstractQueuedSynchronizer$ConditionObject.awaitNanos(AbstractQueuedSynchronizer.java:2078)
        at java.util.concurrent.LinkedBlockingQueue.poll(LinkedBlockingQueue.java:467)
        at org.apache.hadoop.ipc.CallQueueManager.take(CallQueueManager.java:317)
        at org.apache.hadoop.ipc.Server$Handler.run(Server.java:2942)
"Datanode State Machine Task Thread - 0"  prio=5 tid=192 in Object.wait()
java.lang.Thread.State: WAITING (on object monitor)
        at sun.misc.Unsafe.park(Native Method)
        at java.util.concurrent.locks.LockSupport.park(LockSupport.java:175)
        at java.util.concurrent.locks.AbstractQueuedSynchronizer$ConditionObject.await(AbstractQueuedSynchronizer.java:2039)
        at java.util.concurrent.LinkedBlockingQueue.take(LinkedBlockingQueue.java:442)
        at java.util.concurrent.ThreadPoolExecutor.getTask(ThreadPoolExecutor.java:1074)
        at java.util.concurrent.ThreadPoolExecutor.runWorker(ThreadPoolExecutor.java:1134)
        at java.util.concurrent.ThreadPoolExecutor$Worker.run(ThreadPoolExecutor.java:624)
        at java.lang.Thread.run(Thread.java:750)
"IPC Server handler 1 on default port 33161" daemon prio=5 tid=145 timed_waiting
java.lang.Thread.State: TIMED_WAITING
        at sun.misc.Unsafe.park(Native Method)
        at java.util.concurrent.locks.LockSupport.parkNanos(LockSupport.java:215)
        at java.util.concurrent.locks.AbstractQueuedSynchronizer$ConditionObject.awaitNanos(AbstractQueuedSynchronizer.java:2078)
        at java.util.concurrent.LinkedBlockingQueue.poll(LinkedBlockingQueue.java:467)
        at org.apache.hadoop.ipc.CallQueueManager.take(CallQueueManager.java:317)
        at org.apache.hadoop.ipc.Server$Handler.run(Server.java:2942)
"be21c5c4-321c-411e-8ca9-5bb5909d110b@group-7436307844CD-LeaderStateImpl" daemon prio=5 tid=700 timed_waiting
java.lang.Thread.State: TIMED_WAITING
        at sun.misc.Unsafe.park(Native Method)
        at java.util.concurrent.locks.LockSupport.parkNanos(LockSupport.java:215)
        at java.util.concurrent.locks.AbstractQueuedSynchronizer$ConditionObject.awaitNanos(AbstractQueuedSynchronizer.java:2078)
        at java.util.concurrent.ArrayBlockingQueue.poll(ArrayBlockingQueue.java:418)
        at org.apache.ratis.server.impl.LeaderStateImpl$EventQueue.poll(LeaderStateImpl.java:159)
        at org.apache.ratis.server.impl.LeaderStateImpl$EventProcessor.run(LeaderStateImpl.java:630)
"PartialTableCache Cleanup Thread - 0" daemon prio=5 tid=850 in Object.wait()
java.lang.Thread.State: WAITING (on object monitor)
        at sun.misc.Unsafe.park(Native Method)
        at java.util.concurrent.locks.LockSupport.park(LockSupport.java:175)
        at java.util.concurrent.locks.AbstractQueuedSynchronizer$ConditionObject.await(AbstractQueuedSynchronizer.java:2039)
        at java.util.concurrent.LinkedBlockingQueue.take(LinkedBlockingQueue.java:442)
        at java.util.concurrent.ThreadPoolExecutor.getTask(ThreadPoolExecutor.java:1074)
        at java.util.concurrent.ThreadPoolExecutor.runWorker(ThreadPoolExecutor.java:1134)
        at java.util.concurrent.ThreadPoolExecutor$Worker.run(ThreadPoolExecutor.java:624)
        at java.lang.Thread.run(Thread.java:750)
"6ce03c57-5430-4ab1-bf83-fb555d2de968@group-670B8877836B->d4065fed-2d66-41be-989b-4bd24a4f6517-GrpcLogAppender-LogAppenderDaemon" daemon prio=5 tid=904 timed_waiting
java.lang.Thread.State: TIMED_WAITING
        at sun.misc.Unsafe.park(Native Method)
        at java.util.concurrent.locks.LockSupport.parkNanos(LockSupport.java:215)
        at java.util.concurrent.CompletableFuture$Signaller.block(CompletableFuture.java:1709)
        at java.util.concurrent.ForkJoinPool.managedBlock(ForkJoinPool.java:3323)
        at java.util.concurrent.CompletableFuture.timedGet(CompletableFuture.java:1788)
        at java.util.concurrent.CompletableFuture.get(CompletableFuture.java:1928)
        at org.apache.ratis.util.AwaitForSignal.await(AwaitForSignal.java:56)
        at org.apache.ratis.grpc.server.GrpcLogAppender.mayWait(GrpcLogAppender.java:198)
        at org.apache.ratis.grpc.server.GrpcLogAppender.run(GrpcLogAppender.java:148)
        at org.apache.ratis.server.leader.LogAppenderDaemon.run(LogAppenderDaemon.java:78)
        at org.apache.ratis.server.leader.LogAppenderDaemon$$Lambda$1030/1884454755.run(Unknown Source)
        at java.lang.Thread.run(Thread.java:750)
"qtp463783260-140" daemon prio=5 tid=140 timed_waiting
java.lang.Thread.State: TIMED_WAITING
        at sun.misc.Unsafe.park(Native Method)
        at java.util.concurrent.locks.LockSupport.parkNanos(LockSupport.java:215)
        at java.util.concurrent.locks.AbstractQueuedSynchronizer$ConditionObject.awaitNanos(AbstractQueuedSynchronizer.java:2078)
        at org.eclipse.jetty.util.BlockingArrayQueue.poll(BlockingArrayQueue.java:382)
        at org.eclipse.jetty.util.thread.QueuedThreadPool$Runner.idleJobPoll(QueuedThreadPool.java:974)
        at org.eclipse.jetty.util.thread.QueuedThreadPool$Runner.run(QueuedThreadPool.java:1018)
        at java.lang.Thread.run(Thread.java:750)
"qtp1091459664-280" daemon prio=5 tid=280 runnable
java.lang.Thread.State: RUNNABLE
        at sun.nio.ch.EPollArrayWrapper.epollWait(Native Method)
        at sun.nio.ch.EPollArrayWrapper.poll(EPollArrayWrapper.java:269)
        at sun.nio.ch.EPollSelectorImpl.doSelect(EPollSelectorImpl.java:93)
        at sun.nio.ch.SelectorImpl.lockAndDoSelect(SelectorImpl.java:86)
        at sun.nio.ch.SelectorImpl.select(SelectorImpl.java:97)
        at sun.nio.ch.SelectorImpl.select(SelectorImpl.java:101)
        at org.eclipse.jetty.io.ManagedSelector.nioSelect(ManagedSelector.java:183)
        at org.eclipse.jetty.io.ManagedSelector.select(ManagedSelector.java:190)
        at org.eclipse.jetty.io.ManagedSelector$SelectorProducer.select(ManagedSelector.java:606)
        at org.eclipse.jetty.io.ManagedSelector$SelectorProducer.produce(ManagedSelector.java:543)
        at org.eclipse.jetty.util.thread.strategy.EatWhatYouKill.produceTask(EatWhatYouKill.java:362)
        at org.eclipse.jetty.util.thread.strategy.EatWhatYouKill.doProduce(EatWhatYouKill.java:186)
        at org.eclipse.jetty.util.thread.strategy.EatWhatYouKill.tryProduce(EatWhatYouKill.java:173)
        at org.eclipse.jetty.util.thread.strategy.EatWhatYouKill.produce(EatWhatYouKill.java:137)
        at org.eclipse.jetty.io.ManagedSelector$$Lambda$443/465676958.run(Unknown Source)
        at org.eclipse.jetty.util.thread.QueuedThreadPool.runJob(QueuedThreadPool.java:883)
        at org.eclipse.jetty.util.thread.QueuedThreadPool$Runner.run(QueuedThreadPool.java:1034)
        at java.lang.Thread.run(Thread.java:750)
"ChunkWriter-3-0" daemon prio=5 tid=552 in Object.wait()
java.lang.Thread.State: WAITING (on object monitor)
        at sun.misc.Unsafe.park(Native Method)
        at java.util.concurrent.locks.LockSupport.park(LockSupport.java:175)
        at java.util.concurrent.locks.AbstractQueuedSynchronizer$ConditionObject.await(AbstractQueuedSynchronizer.java:2039)
        at java.util.concurrent.LinkedBlockingDeque.takeFirst(LinkedBlockingDeque.java:492)
        at java.util.concurrent.LinkedBlockingDeque.take(LinkedBlockingDeque.java:680)
        at java.util.concurrent.ThreadPoolExecutor.getTask(ThreadPoolExecutor.java:1074)
        at java.util.concurrent.ThreadPoolExecutor.runWorker(ThreadPoolExecutor.java:1134)
        at java.util.concurrent.ThreadPoolExecutor$Worker.run(ThreadPoolExecutor.java:624)
        at java.lang.Thread.run(Thread.java:750)
"Datanode ReportManager Thread - 1" daemon prio=5 tid=320 in Object.wait()
java.lang.Thread.State: WAITING (on object monitor)
        at sun.misc.Unsafe.park(Native Method)
        at java.util.concurrent.locks.LockSupport.park(LockSupport.java:175)
        at java.util.concurrent.locks.AbstractQueuedSynchronizer$ConditionObject.await(AbstractQueuedSynchronizer.java:2039)
        at java.util.concurrent.ScheduledThreadPoolExecutor$DelayedWorkQueue.take(ScheduledThreadPoolExecutor.java:1088)
        at java.util.concurrent.ScheduledThreadPoolExecutor$DelayedWorkQueue.take(ScheduledThreadPoolExecutor.java:809)
        at java.util.concurrent.ThreadPoolExecutor.getTask(ThreadPoolExecutor.java:1074)
        at java.util.concurrent.ThreadPoolExecutor.runWorker(ThreadPoolExecutor.java:1134)
        at java.util.concurrent.ThreadPoolExecutor$Worker.run(ThreadPoolExecutor.java:624)
        at java.lang.Thread.run(Thread.java:750)
"IPC Server handler 17 on default port 36683" daemon prio=5 tid=74 timed_waiting
java.lang.Thread.State: TIMED_WAITING
        at sun.misc.Unsafe.park(Native Method)
        at java.util.concurrent.locks.LockSupport.parkNanos(LockSupport.java:215)
        at java.util.concurrent.locks.AbstractQueuedSynchronizer$ConditionObject.awaitNanos(AbstractQueuedSynchronizer.java:2078)
        at java.util.concurrent.LinkedBlockingQueue.poll(LinkedBlockingQueue.java:467)
        at org.apache.hadoop.ipc.CallQueueManager.take(CallQueueManager.java:317)
        at org.apache.hadoop.ipc.Server$Handler.run(Server.java:2942)
"d4065fed-2d66-41be-989b-4bd24a4f6517@group-5EAD7F5BC067->be21c5c4-321c-411e-8ca9-5bb5909d110b-GrpcLogAppender-LogAppenderDaemon" daemon prio=5 tid=768 timed_waiting
java.lang.Thread.State: TIMED_WAITING
        at sun.misc.Unsafe.park(Native Method)
        at java.util.concurrent.locks.LockSupport.parkNanos(LockSupport.java:215)
        at java.util.concurrent.CompletableFuture$Signaller.block(CompletableFuture.java:1709)
        at java.util.concurrent.ForkJoinPool.managedBlock(ForkJoinPool.java:3323)
        at java.util.concurrent.CompletableFuture.timedGet(CompletableFuture.java:1788)
        at java.util.concurrent.CompletableFuture.get(CompletableFuture.java:1928)
        at org.apache.ratis.util.AwaitForSignal.await(AwaitForSignal.java:56)
        at org.apache.ratis.grpc.server.GrpcLogAppender.mayWait(GrpcLogAppender.java:198)
        at org.apache.ratis.grpc.server.GrpcLogAppender.run(GrpcLogAppender.java:148)
        at org.apache.ratis.server.leader.LogAppenderDaemon.run(LogAppenderDaemon.java:78)
        at org.apache.ratis.server.leader.LogAppenderDaemon$$Lambda$1030/1884454755.run(Unknown Source)
        at java.lang.Thread.run(Thread.java:750)
"Periodic HDDS volume checker" daemon prio=5 tid=402 timed_waiting
java.lang.Thread.State: TIMED_WAITING
        at sun.misc.Unsafe.park(Native Method)
        at java.util.concurrent.locks.LockSupport.parkNanos(LockSupport.java:215)
        at java.util.concurrent.locks.AbstractQueuedSynchronizer$ConditionObject.awaitNanos(AbstractQueuedSynchronizer.java:2078)
        at java.util.concurrent.ScheduledThreadPoolExecutor$DelayedWorkQueue.take(ScheduledThreadPoolExecutor.java:1093)
        at java.util.concurrent.ScheduledThreadPoolExecutor$DelayedWorkQueue.take(ScheduledThreadPoolExecutor.java:809)
        at java.util.concurrent.ThreadPoolExecutor.getTask(ThreadPoolExecutor.java:1074)
        at java.util.concurrent.ThreadPoolExecutor.runWorker(ThreadPoolExecutor.java:1134)
        at java.util.concurrent.ThreadPoolExecutor$Worker.run(ThreadPoolExecutor.java:624)
        at java.lang.Thread.run(Thread.java:750)
"Command processor thread" daemon prio=5 tid=269 timed_waiting
java.lang.Thread.State: TIMED_WAITING
        at java.lang.Thread.sleep(Native Method)
        at org.apache.hadoop.ozone.container.common.statemachine.DatanodeStateMachine.lambda$initCommandHandlerThread$3(DatanodeStateMachine.java:634)
        at org.apache.hadoop.ozone.container.common.statemachine.DatanodeStateMachine$$Lambda$747/2071845850.run(Unknown Source)
        at java.lang.Thread.run(Thread.java:750)
"ChunkReader-0" daemon prio=5 tid=825 in Object.wait()
java.lang.Thread.State: WAITING (on object monitor)
        at sun.misc.Unsafe.park(Native Method)
        at java.util.concurrent.locks.LockSupport.park(LockSupport.java:175)
        at java.util.concurrent.locks.AbstractQueuedSynchronizer$ConditionObject.await(AbstractQueuedSynchronizer.java:2039)
        at java.util.concurrent.LinkedBlockingQueue.take(LinkedBlockingQueue.java:442)
        at java.util.concurrent.ThreadPoolExecutor.getTask(ThreadPoolExecutor.java:1074)
        at java.util.concurrent.ThreadPoolExecutor.runWorker(ThreadPoolExecutor.java:1134)
        at java.util.concurrent.ThreadPoolExecutor$Worker.run(ThreadPoolExecutor.java:624)
        at java.lang.Thread.run(Thread.java:750)
"qtp1130508577-421-acceptor-0@7c103065-ServerConnector@6d5f9907{HTTP/1.1, (http/1.1)}{0.0.0.0:35849}" daemon prio=3 tid=421 runnable
java.lang.Thread.State: RUNNABLE
        at sun.nio.ch.ServerSocketChannelImpl.accept0(Native Method)
        at sun.nio.ch.ServerSocketChannelImpl.accept(ServerSocketChannelImpl.java:421)
        at sun.nio.ch.ServerSocketChannelImpl.accept(ServerSocketChannelImpl.java:249)
        at org.eclipse.jetty.server.ServerConnector.accept(ServerConnector.java:388)
        at org.eclipse.jetty.server.AbstractConnector$Acceptor.run(AbstractConnector.java:702)
        at org.eclipse.jetty.util.thread.QueuedThreadPool.runJob(QueuedThreadPool.java:883)
        at org.eclipse.jetty.util.thread.QueuedThreadPool$Runner.run(QueuedThreadPool.java:1034)
        at java.lang.Thread.run(Thread.java:750)
"Datanode ReportManager Thread - 0" daemon prio=5 tid=319 timed_waiting
java.lang.Thread.State: TIMED_WAITING
        at sun.misc.Unsafe.park(Native Method)
        at java.util.concurrent.locks.LockSupport.parkNanos(LockSupport.java:215)
        at java.util.concurrent.locks.AbstractQueuedSynchronizer$ConditionObject.awaitNanos(AbstractQueuedSynchronizer.java:2078)
        at java.util.concurrent.ScheduledThreadPoolExecutor$DelayedWorkQueue.take(ScheduledThreadPoolExecutor.java:1093)
        at java.util.concurrent.ScheduledThreadPoolExecutor$DelayedWorkQueue.take(ScheduledThreadPoolExecutor.java:809)
        at java.util.concurrent.ThreadPoolExecutor.getTask(ThreadPoolExecutor.java:1074)
        at java.util.concurrent.ThreadPoolExecutor.runWorker(ThreadPoolExecutor.java:1134)
        at java.util.concurrent.ThreadPoolExecutor$Worker.run(ThreadPoolExecutor.java:624)
        at java.lang.Thread.run(Thread.java:750)
"BlockDeletingService#0" daemon prio=5 tid=333 timed_waiting
java.lang.Thread.State: TIMED_WAITING
        at sun.misc.Unsafe.park(Native Method)
        at java.util.concurrent.locks.LockSupport.parkNanos(LockSupport.java:215)
        at java.util.concurrent.locks.AbstractQueuedSynchronizer$ConditionObject.awaitNanos(AbstractQueuedSynchronizer.java:2078)
        at java.util.concurrent.ScheduledThreadPoolExecutor$DelayedWorkQueue.take(ScheduledThreadPoolExecutor.java:1093)
        at java.util.concurrent.ScheduledThreadPoolExecutor$DelayedWorkQueue.take(ScheduledThreadPoolExecutor.java:809)
        at java.util.concurrent.ThreadPoolExecutor.getTask(ThreadPoolExecutor.java:1074)
        at java.util.concurrent.ThreadPoolExecutor.runWorker(ThreadPoolExecutor.java:1134)
        at java.util.concurrent.ThreadPoolExecutor$Worker.run(ThreadPoolExecutor.java:624)
        at java.lang.Thread.run(Thread.java:750)
"Datanode ReportManager Thread - 0" daemon prio=5 tid=469 timed_waiting
java.lang.Thread.State: TIMED_WAITING
        at sun.misc.Unsafe.park(Native Method)
        at java.util.concurrent.locks.LockSupport.parkNanos(LockSupport.java:215)
        at java.util.concurrent.locks.AbstractQueuedSynchronizer$ConditionObject.awaitNanos(AbstractQueuedSynchronizer.java:2078)
        at java.util.concurrent.ScheduledThreadPoolExecutor$DelayedWorkQueue.take(ScheduledThreadPoolExecutor.java:1093)
        at java.util.concurrent.ScheduledThreadPoolExecutor$DelayedWorkQueue.take(ScheduledThreadPoolExecutor.java:809)
        at java.util.concurrent.ThreadPoolExecutor.getTask(ThreadPoolExecutor.java:1074)
        at java.util.concurrent.ThreadPoolExecutor.runWorker(ThreadPoolExecutor.java:1134)
        at java.util.concurrent.ThreadPoolExecutor$Worker.run(ThreadPoolExecutor.java:624)
        at java.lang.Thread.run(Thread.java:750)
"qtp1433335917-254" daemon prio=5 tid=254 runnable
java.lang.Thread.State: RUNNABLE
        at sun.nio.ch.EPollArrayWrapper.epollWait(Native Method)
        at sun.nio.ch.EPollArrayWrapper.poll(EPollArrayWrapper.java:269)
        at sun.nio.ch.EPollSelectorImpl.doSelect(EPollSelectorImpl.java:93)
        at sun.nio.ch.SelectorImpl.lockAndDoSelect(SelectorImpl.java:86)
        at sun.nio.ch.SelectorImpl.select(SelectorImpl.java:97)
        at sun.nio.ch.SelectorImpl.select(SelectorImpl.java:101)
        at org.eclipse.jetty.io.ManagedSelector.nioSelect(ManagedSelector.java:183)
        at org.eclipse.jetty.io.ManagedSelector.select(ManagedSelector.java:190)
        at org.eclipse.jetty.io.ManagedSelector$SelectorProducer.select(ManagedSelector.java:606)
        at org.eclipse.jetty.io.ManagedSelector$SelectorProducer.produce(ManagedSelector.java:543)
        at org.eclipse.jetty.util.thread.strategy.EatWhatYouKill.produceTask(EatWhatYouKill.java:362)
        at org.eclipse.jetty.util.thread.strategy.EatWhatYouKill.doProduce(EatWhatYouKill.java:186)
        at org.eclipse.jetty.util.thread.strategy.EatWhatYouKill.tryProduce(EatWhatYouKill.java:173)
        at org.eclipse.jetty.util.thread.strategy.EatWhatYouKill.produce(EatWhatYouKill.java:137)
        at org.eclipse.jetty.io.ManagedSelector$$Lambda$443/465676958.run(Unknown Source)
        at org.eclipse.jetty.util.thread.QueuedThreadPool.runJob(QueuedThreadPool.java:883)
        at org.eclipse.jetty.util.thread.QueuedThreadPool$Runner.run(QueuedThreadPool.java:1034)
        at java.lang.Thread.run(Thread.java:750)
"6ce03c57-5430-4ab1-bf83-fb555d2de968-server-thread3" daemon prio=5 tid=777 timed_waiting
java.lang.Thread.State: TIMED_WAITING
        at sun.misc.Unsafe.park(Native Method)
        at java.util.concurrent.locks.LockSupport.parkNanos(LockSupport.java:215)
        at java.util.concurrent.SynchronousQueue$TransferStack.awaitFulfill(SynchronousQueue.java:460)
        at java.util.concurrent.SynchronousQueue$TransferStack.transfer(SynchronousQueue.java:362)
        at java.util.concurrent.SynchronousQueue.poll(SynchronousQueue.java:941)
        at java.util.concurrent.ThreadPoolExecutor.getTask(ThreadPoolExecutor.java:1073)
        at java.util.concurrent.ThreadPoolExecutor.runWorker(ThreadPoolExecutor.java:1134)
        at java.util.concurrent.ThreadPoolExecutor$Worker.run(ThreadPoolExecutor.java:624)
        at java.lang.Thread.run(Thread.java:750)
"IPC Server listener on 0" daemon prio=5 tid=27 runnable
java.lang.Thread.State: RUNNABLE
        at sun.nio.ch.EPollArrayWrapper.epollWait(Native Method)
        at sun.nio.ch.EPollArrayWrapper.poll(EPollArrayWrapper.java:269)
        at sun.nio.ch.EPollSelectorImpl.doSelect(EPollSelectorImpl.java:93)
        at sun.nio.ch.SelectorImpl.lockAndDoSelect(SelectorImpl.java:86)
        at sun.nio.ch.SelectorImpl.select(SelectorImpl.java:97)
        at sun.nio.ch.SelectorImpl.select(SelectorImpl.java:101)
        at org.apache.hadoop.ipc.Server$Listener.run(Server.java:1358)
"BlockDeletingService#2" daemon prio=5 tid=927 in Object.wait()
java.lang.Thread.State: WAITING (on object monitor)
        at sun.misc.Unsafe.park(Native Method)
        at java.util.concurrent.locks.LockSupport.park(LockSupport.java:175)
        at java.util.concurrent.locks.AbstractQueuedSynchronizer$ConditionObject.await(AbstractQueuedSynchronizer.java:2039)
        at java.util.concurrent.ScheduledThreadPoolExecutor$DelayedWorkQueue.take(ScheduledThreadPoolExecutor.java:1088)
        at java.util.concurrent.ScheduledThreadPoolExecutor$DelayedWorkQueue.take(ScheduledThreadPoolExecutor.java:809)
        at java.util.concurrent.ThreadPoolExecutor.getTask(ThreadPoolExecutor.java:1074)
        at java.util.concurrent.ThreadPoolExecutor.runWorker(ThreadPoolExecutor.java:1134)
        at java.util.concurrent.ThreadPoolExecutor$Worker.run(ThreadPoolExecutor.java:624)
        at java.lang.Thread.run(Thread.java:750)
"6ce03c57-5430-4ab1-bf83-fb555d2de968@group-670B8877836B-StateMachineUpdater" daemon prio=5 tid=630 timed_waiting
java.lang.Thread.State: TIMED_WAITING
        at sun.misc.Unsafe.park(Native Method)
        at java.util.concurrent.locks.LockSupport.parkNanos(LockSupport.java:215)
        at java.util.concurrent.CompletableFuture$Signaller.block(CompletableFuture.java:1709)
        at java.util.concurrent.ForkJoinPool.managedBlock(ForkJoinPool.java:3323)
        at java.util.concurrent.CompletableFuture.timedGet(CompletableFuture.java:1788)
        at java.util.concurrent.CompletableFuture.get(CompletableFuture.java:1928)
        at org.apache.ratis.util.AwaitForSignal.await(AwaitForSignal.java:56)
        at org.apache.ratis.server.impl.StateMachineUpdater.waitForCommit(StateMachineUpdater.java:207)
        at org.apache.ratis.server.impl.StateMachineUpdater.run(StateMachineUpdater.java:176)
        at java.lang.Thread.run(Thread.java:750)
"ChunkWriter-1-0" daemon prio=5 tid=524 in Object.wait()
java.lang.Thread.State: WAITING (on object monitor)
        at sun.misc.Unsafe.park(Native Method)
        at java.util.concurrent.locks.LockSupport.park(LockSupport.java:175)
        at java.util.concurrent.locks.AbstractQueuedSynchronizer$ConditionObject.await(AbstractQueuedSynchronizer.java:2039)
        at java.util.concurrent.LinkedBlockingDeque.takeFirst(LinkedBlockingDeque.java:492)
        at java.util.concurrent.LinkedBlockingDeque.take(LinkedBlockingDeque.java:680)
        at java.util.concurrent.ThreadPoolExecutor.getTask(ThreadPoolExecutor.java:1074)
        at java.util.concurrent.ThreadPoolExecutor.runWorker(ThreadPoolExecutor.java:1134)
        at java.util.concurrent.ThreadPoolExecutor$Worker.run(ThreadPoolExecutor.java:624)
        at java.lang.Thread.run(Thread.java:750)
"Datanode ReportManager Thread - 3" daemon prio=5 tid=472 timed_waiting
java.lang.Thread.State: TIMED_WAITING
        at sun.misc.Unsafe.park(Native Method)
        at java.util.concurrent.locks.LockSupport.parkNanos(LockSupport.java:215)
        at java.util.concurrent.locks.AbstractQueuedSynchronizer$ConditionObject.awaitNanos(AbstractQueuedSynchronizer.java:2078)
        at java.util.concurrent.ScheduledThreadPoolExecutor$DelayedWorkQueue.take(ScheduledThreadPoolExecutor.java:1093)
        at java.util.concurrent.ScheduledThreadPoolExecutor$DelayedWorkQueue.take(ScheduledThreadPoolExecutor.java:809)
        at java.util.concurrent.ThreadPoolExecutor.getTask(ThreadPoolExecutor.java:1074)
        at java.util.concurrent.ThreadPoolExecutor.runWorker(ThreadPoolExecutor.java:1134)
        at java.util.concurrent.ThreadPoolExecutor$Worker.run(ThreadPoolExecutor.java:624)
        at java.lang.Thread.run(Thread.java:750)
"IPC Server handler 13 on default port 33161" daemon prio=5 tid=157 timed_waiting
java.lang.Thread.State: TIMED_WAITING
        at sun.misc.Unsafe.park(Native Method)
        at java.util.concurrent.locks.LockSupport.parkNanos(LockSupport.java:215)
        at java.util.concurrent.locks.AbstractQueuedSynchronizer$ConditionObject.awaitNanos(AbstractQueuedSynchronizer.java:2078)
        at java.util.concurrent.LinkedBlockingQueue.poll(LinkedBlockingQueue.java:467)
        at org.apache.hadoop.ipc.CallQueueManager.take(CallQueueManager.java:317)
        at org.apache.hadoop.ipc.Server$Handler.run(Server.java:2942)
"Datanode ReportManager Thread - 0" daemon prio=5 tid=238 timed_waiting
java.lang.Thread.State: TIMED_WAITING
        at sun.misc.Unsafe.park(Native Method)
        at java.util.concurrent.locks.LockSupport.parkNanos(LockSupport.java:215)
        at java.util.concurrent.locks.AbstractQueuedSynchronizer$ConditionObject.awaitNanos(AbstractQueuedSynchronizer.java:2078)
        at java.util.concurrent.ScheduledThreadPoolExecutor$DelayedWorkQueue.take(ScheduledThreadPoolExecutor.java:1093)
        at java.util.concurrent.ScheduledThreadPoolExecutor$DelayedWorkQueue.take(ScheduledThreadPoolExecutor.java:809)
        at java.util.concurrent.ThreadPoolExecutor.getTask(ThreadPoolExecutor.java:1074)
        at java.util.concurrent.ThreadPoolExecutor.runWorker(ThreadPoolExecutor.java:1134)
        at java.util.concurrent.ThreadPoolExecutor$Worker.run(ThreadPoolExecutor.java:624)
        at java.lang.Thread.run(Thread.java:750)
"Session-HouseKeeper-28b11473-1"  prio=5 tid=182 timed_waiting
java.lang.Thread.State: TIMED_WAITING
        at sun.misc.Unsafe.park(Native Method)
        at java.util.concurrent.locks.LockSupport.parkNanos(LockSupport.java:215)
        at java.util.concurrent.locks.AbstractQueuedSynchronizer$ConditionObject.awaitNanos(AbstractQueuedSynchronizer.java:2078)
        at java.util.concurrent.ScheduledThreadPoolExecutor$DelayedWorkQueue.take(ScheduledThreadPoolExecutor.java:1093)
        at java.util.concurrent.ScheduledThreadPoolExecutor$DelayedWorkQueue.take(ScheduledThreadPoolExecutor.java:809)
        at java.util.concurrent.ThreadPoolExecutor.getTask(ThreadPoolExecutor.java:1074)
        at java.util.concurrent.ThreadPoolExecutor.runWorker(ThreadPoolExecutor.java:1134)
        at java.util.concurrent.ThreadPoolExecutor$Worker.run(ThreadPoolExecutor.java:624)
        at java.lang.Thread.run(Thread.java:750)
"qtp1433335917-259" daemon prio=5 tid=259 timed_waiting
java.lang.Thread.State: TIMED_WAITING
        at sun.misc.Unsafe.park(Native Method)
        at java.util.concurrent.locks.LockSupport.parkNanos(LockSupport.java:215)
        at java.util.concurrent.locks.AbstractQueuedSynchronizer$ConditionObject.awaitNanos(AbstractQueuedSynchronizer.java:2078)
        at org.eclipse.jetty.util.BlockingArrayQueue.poll(BlockingArrayQueue.java:382)
        at org.eclipse.jetty.util.thread.QueuedThreadPool$Runner.idleJobPoll(QueuedThreadPool.java:974)
        at org.eclipse.jetty.util.thread.QueuedThreadPool$Runner.run(QueuedThreadPool.java:1018)
        at java.lang.Thread.run(Thread.java:750)
"IPC Server handler 4 on default port 39909" daemon prio=5 tid=81 timed_waiting
java.lang.Thread.State: TIMED_WAITING
        at sun.misc.Unsafe.park(Native Method)
        at java.util.concurrent.locks.LockSupport.parkNanos(LockSupport.java:215)
        at java.util.concurrent.locks.AbstractQueuedSynchronizer$ConditionObject.awaitNanos(AbstractQueuedSynchronizer.java:2078)
        at java.util.concurrent.LinkedBlockingQueue.poll(LinkedBlockingQueue.java:467)
        at org.apache.hadoop.ipc.CallQueueManager.take(CallQueueManager.java:317)
        at org.apache.hadoop.ipc.Server$Handler.run(Server.java:2942)
"ChunkReader-1" daemon prio=5 tid=829 in Object.wait()
java.lang.Thread.State: WAITING (on object monitor)
        at sun.misc.Unsafe.park(Native Method)
        at java.util.concurrent.locks.LockSupport.park(LockSupport.java:175)
        at java.util.concurrent.locks.AbstractQueuedSynchronizer$ConditionObject.await(AbstractQueuedSynchronizer.java:2039)
        at java.util.concurrent.LinkedBlockingQueue.take(LinkedBlockingQueue.java:442)
        at java.util.concurrent.ThreadPoolExecutor.getTask(ThreadPoolExecutor.java:1074)
        at java.util.concurrent.ThreadPoolExecutor.runWorker(ThreadPoolExecutor.java:1134)
        at java.util.concurrent.ThreadPoolExecutor$Worker.run(ThreadPoolExecutor.java:624)
        at java.lang.Thread.run(Thread.java:750)
"0c76121b-7d6b-4708-9ae8-9ff4448060b7@group-C2A56A5A39AA->6534404f-39f4-445c-b85e-518a348dbff3-GrpcLogAppender-LogAppenderDaemon" daemon prio=5 tid=861 timed_waiting
java.lang.Thread.State: TIMED_WAITING
        at sun.misc.Unsafe.park(Native Method)
        at java.util.concurrent.locks.LockSupport.parkNanos(LockSupport.java:215)
        at java.util.concurrent.CompletableFuture$Signaller.block(CompletableFuture.java:1709)
        at java.util.concurrent.ForkJoinPool.managedBlock(ForkJoinPool.java:3323)
        at java.util.concurrent.CompletableFuture.timedGet(CompletableFuture.java:1788)
        at java.util.concurrent.CompletableFuture.get(CompletableFuture.java:1928)
        at org.apache.ratis.util.AwaitForSignal.await(AwaitForSignal.java:56)
        at org.apache.ratis.grpc.server.GrpcLogAppender.mayWait(GrpcLogAppender.java:198)
        at org.apache.ratis.grpc.server.GrpcLogAppender.run(GrpcLogAppender.java:148)
        at org.apache.ratis.server.leader.LogAppenderDaemon.run(LogAppenderDaemon.java:78)
        at org.apache.ratis.server.leader.LogAppenderDaemon$$Lambda$1030/1884454755.run(Unknown Source)
        at java.lang.Thread.run(Thread.java:750)
"BlockDeletingService#0" daemon prio=5 tid=504 timed_waiting
java.lang.Thread.State: TIMED_WAITING
        at sun.misc.Unsafe.park(Native Method)
        at java.util.concurrent.locks.LockSupport.parkNanos(LockSupport.java:215)
        at java.util.concurrent.locks.AbstractQueuedSynchronizer$ConditionObject.awaitNanos(AbstractQueuedSynchronizer.java:2078)
        at java.util.concurrent.ScheduledThreadPoolExecutor$DelayedWorkQueue.take(ScheduledThreadPoolExecutor.java:1093)
        at java.util.concurrent.ScheduledThreadPoolExecutor$DelayedWorkQueue.take(ScheduledThreadPoolExecutor.java:809)
        at java.util.concurrent.ThreadPoolExecutor.getTask(ThreadPoolExecutor.java:1074)
        at java.util.concurrent.ThreadPoolExecutor.runWorker(ThreadPoolExecutor.java:1134)
        at java.util.concurrent.ThreadPoolExecutor$Worker.run(ThreadPoolExecutor.java:624)
        at java.lang.Thread.run(Thread.java:750)
"OMDoubleBufferFlushThread" daemon prio=5 tid=115 timed_waiting
java.lang.Thread.State: TIMED_WAITING
        at java.lang.Object.wait(Native Method)
        at org.apache.hadoop.ozone.om.ratis.OzoneManagerDoubleBuffer.canFlush(OzoneManagerDoubleBuffer.java:538)
        at org.apache.hadoop.ozone.om.ratis.OzoneManagerDoubleBuffer.flushTransactions(OzoneManagerDoubleBuffer.java:268)
        at org.apache.hadoop.ozone.om.ratis.OzoneManagerDoubleBuffer$$Lambda$500/1553775721.run(Unknown Source)
        at java.lang.Thread.run(Thread.java:750)
"FullTableCache Cleanup Thread - 0" daemon prio=5 tid=816 in Object.wait()
java.lang.Thread.State: WAITING (on object monitor)
        at sun.misc.Unsafe.park(Native Method)
        at java.util.concurrent.locks.LockSupport.park(LockSupport.java:175)
        at java.util.concurrent.locks.AbstractQueuedSynchronizer$ConditionObject.await(AbstractQueuedSynchronizer.java:2039)
        at java.util.concurrent.LinkedBlockingQueue.take(LinkedBlockingQueue.java:442)
        at java.util.concurrent.ThreadPoolExecutor.getTask(ThreadPoolExecutor.java:1074)
        at java.util.concurrent.ThreadPoolExecutor.runWorker(ThreadPoolExecutor.java:1134)
        at java.util.concurrent.ThreadPoolExecutor$Worker.run(ThreadPoolExecutor.java:624)
        at java.lang.Thread.run(Thread.java:750)
"0c76121b-7d6b-4708-9ae8-9ff4448060b7@group-C2A56A5A39AA-SegmentedRaftLogWorker"  prio=5 tid=576 timed_waiting
java.lang.Thread.State: TIMED_WAITING
        at sun.misc.Unsafe.park(Native Method)
        at java.util.concurrent.locks.LockSupport.parkNanos(LockSupport.java:215)
        at java.util.concurrent.locks.AbstractQueuedSynchronizer$ConditionObject.awaitNanos(AbstractQueuedSynchronizer.java:2078)
        at org.apache.ratis.util.DataBlockingQueue.poll(DataBlockingQueue.java:148)
        at org.apache.ratis.server.raftlog.segmented.SegmentedRaftLogWorker.run(SegmentedRaftLogWorker.java:310)
        at org.apache.ratis.server.raftlog.segmented.SegmentedRaftLogWorker$$Lambda$661/302741709.run(Unknown Source)
        at java.lang.Thread.run(Thread.java:750)
"qtp1290931099-465" daemon prio=5 tid=465 timed_waiting
java.lang.Thread.State: TIMED_WAITING
        at sun.misc.Unsafe.park(Native Method)
        at java.util.concurrent.locks.LockSupport.parkNanos(LockSupport.java:215)
        at java.util.concurrent.locks.AbstractQueuedSynchronizer$ConditionObject.awaitNanos(AbstractQueuedSynchronizer.java:2078)
        at org.eclipse.jetty.util.BlockingArrayQueue.poll(BlockingArrayQueue.java:382)
        at org.eclipse.jetty.util.thread.QueuedThreadPool$Runner.idleJobPoll(QueuedThreadPool.java:974)
        at org.eclipse.jetty.util.thread.QueuedThreadPool$Runner.run(QueuedThreadPool.java:1018)
        at java.lang.Thread.run(Thread.java:750)
"IPC Server handler 4 on default port 33229" daemon prio=5 tid=41 timed_waiting
java.lang.Thread.State: TIMED_WAITING
        at sun.misc.Unsafe.park(Native Method)
        at java.util.concurrent.locks.LockSupport.parkNanos(LockSupport.java:215)
        at java.util.concurrent.locks.AbstractQueuedSynchronizer$ConditionObject.awaitNanos(AbstractQueuedSynchronizer.java:2078)
        at java.util.concurrent.LinkedBlockingQueue.poll(LinkedBlockingQueue.java:467)
        at org.apache.hadoop.ipc.CallQueueManager.take(CallQueueManager.java:317)
        at org.apache.hadoop.ipc.Server$Handler.run(Server.java:2942)
"IPC Server handler 8 on default port 33229" daemon prio=5 tid=45 timed_waiting
java.lang.Thread.State: TIMED_WAITING
        at sun.misc.Unsafe.park(Native Method)
        at java.util.concurrent.locks.LockSupport.parkNanos(LockSupport.java:215)
        at java.util.concurrent.locks.AbstractQueuedSynchronizer$ConditionObject.awaitNanos(AbstractQueuedSynchronizer.java:2078)
        at java.util.concurrent.LinkedBlockingQueue.poll(LinkedBlockingQueue.java:467)
        at org.apache.hadoop.ipc.CallQueueManager.take(CallQueueManager.java:317)
        at org.apache.hadoop.ipc.Server$Handler.run(Server.java:2942)
"qtp463783260-136-acceptor-0@13c5521f-ServerConnector@1c55db35{HTTP/1.1, (http/1.1)}{0.0.0.0:45163}" daemon prio=3 tid=136 runnable
java.lang.Thread.State: RUNNABLE
        at sun.nio.ch.ServerSocketChannelImpl.accept0(Native Method)
        at sun.nio.ch.ServerSocketChannelImpl.accept(ServerSocketChannelImpl.java:421)
        at sun.nio.ch.ServerSocketChannelImpl.accept(ServerSocketChannelImpl.java:249)
        at org.eclipse.jetty.server.ServerConnector.accept(ServerConnector.java:388)
        at org.eclipse.jetty.server.AbstractConnector$Acceptor.run(AbstractConnector.java:702)
        at org.eclipse.jetty.util.thread.QueuedThreadPool.runJob(QueuedThreadPool.java:883)
        at org.eclipse.jetty.util.thread.QueuedThreadPool$Runner.run(QueuedThreadPool.java:1034)
        at java.lang.Thread.run(Thread.java:750)
"IPC Server handler 12 on default port 33161" daemon prio=5 tid=156 timed_waiting
java.lang.Thread.State: TIMED_WAITING
        at sun.misc.Unsafe.park(Native Method)
        at java.util.concurrent.locks.LockSupport.parkNanos(LockSupport.java:215)
        at java.util.concurrent.locks.AbstractQueuedSynchronizer$ConditionObject.awaitNanos(AbstractQueuedSynchronizer.java:2078)
        at java.util.concurrent.LinkedBlockingQueue.poll(LinkedBlockingQueue.java:467)
        at org.apache.hadoop.ipc.CallQueueManager.take(CallQueueManager.java:317)
        at org.apache.hadoop.ipc.Server$Handler.run(Server.java:2942)
"qtp1036316015-105" daemon prio=5 tid=105 timed_waiting
java.lang.Thread.State: TIMED_WAITING
        at sun.misc.Unsafe.park(Native Method)
        at java.util.concurrent.locks.LockSupport.parkNanos(LockSupport.java:215)
        at java.util.concurrent.locks.AbstractQueuedSynchronizer$ConditionObject.awaitNanos(AbstractQueuedSynchronizer.java:2078)
        at org.eclipse.jetty.util.BlockingArrayQueue.poll(BlockingArrayQueue.java:382)
        at org.eclipse.jetty.util.thread.QueuedThreadPool$Runner.idleJobPoll(QueuedThreadPool.java:974)
        at org.eclipse.jetty.util.thread.QueuedThreadPool$Runner.run(QueuedThreadPool.java:1018)
        at java.lang.Thread.run(Thread.java:750)
"org.apache.hadoop.util.JvmPauseMonitor$Monitor@b6c2f52" daemon prio=5 tid=325 timed_waiting
java.lang.Thread.State: TIMED_WAITING
        at java.lang.Thread.sleep(Native Method)
        at org.apache.hadoop.util.JvmPauseMonitor$Monitor.run(JvmPauseMonitor.java:192)
        at java.lang.Thread.run(Thread.java:750)
"pool-59-thread-1"  prio=5 tid=134 timed_waiting
java.lang.Thread.State: TIMED_WAITING
        at sun.misc.Unsafe.park(Native Method)
        at java.util.concurrent.locks.LockSupport.parkNanos(LockSupport.java:215)
        at java.util.concurrent.locks.AbstractQueuedSynchronizer$ConditionObject.awaitNanos(AbstractQueuedSynchronizer.java:2078)
        at java.util.concurrent.ScheduledThreadPoolExecutor$DelayedWorkQueue.take(ScheduledThreadPoolExecutor.java:1093)
        at java.util.concurrent.ScheduledThreadPoolExecutor$DelayedWorkQueue.take(ScheduledThreadPoolExecutor.java:809)
        at java.util.concurrent.ThreadPoolExecutor.getTask(ThreadPoolExecutor.java:1074)
        at java.util.concurrent.ThreadPoolExecutor.runWorker(ThreadPoolExecutor.java:1134)
        at java.util.concurrent.ThreadPoolExecutor$Worker.run(ThreadPoolExecutor.java:624)
        at java.lang.Thread.run(Thread.java:750)
"BlockDeletingService#0" daemon prio=5 tid=417 timed_waiting
java.lang.Thread.State: TIMED_WAITING
        at sun.misc.Unsafe.park(Native Method)
        at java.util.concurrent.locks.LockSupport.parkNanos(LockSupport.java:215)
        at java.util.concurrent.locks.AbstractQueuedSynchronizer$ConditionObject.awaitNanos(AbstractQueuedSynchronizer.java:2078)
        at java.util.concurrent.ScheduledThreadPoolExecutor$DelayedWorkQueue.take(ScheduledThreadPoolExecutor.java:1093)
        at java.util.concurrent.ScheduledThreadPoolExecutor$DelayedWorkQueue.take(ScheduledThreadPoolExecutor.java:809)
        at java.util.concurrent.ThreadPoolExecutor.getTask(ThreadPoolExecutor.java:1074)
        at java.util.concurrent.ThreadPoolExecutor.runWorker(ThreadPoolExecutor.java:1134)
        at java.util.concurrent.ThreadPoolExecutor$Worker.run(ThreadPoolExecutor.java:624)
        at java.lang.Thread.run(Thread.java:750)
"qtp1836950623-313" daemon prio=5 tid=313 timed_waiting
java.lang.Thread.State: TIMED_WAITING
        at sun.misc.Unsafe.park(Native Method)
        at java.util.concurrent.locks.LockSupport.parkNanos(LockSupport.java:215)
        at java.util.concurrent.locks.AbstractQueuedSynchronizer$ConditionObject.awaitNanos(AbstractQueuedSynchronizer.java:2078)
        at org.eclipse.jetty.util.BlockingArrayQueue.poll(BlockingArrayQueue.java:382)
        at org.eclipse.jetty.util.thread.QueuedThreadPool$Runner.idleJobPoll(QueuedThreadPool.java:974)
        at org.eclipse.jetty.util.thread.QueuedThreadPool$Runner.run(QueuedThreadPool.java:1018)
        at java.lang.Thread.run(Thread.java:750)
"qtp1290931099-459" daemon prio=5 tid=459 timed_waiting
java.lang.Thread.State: TIMED_WAITING
        at sun.misc.Unsafe.park(Native Method)
        at java.util.concurrent.locks.LockSupport.parkNanos(LockSupport.java:215)
        at java.util.concurrent.locks.AbstractQueuedSynchronizer$ConditionObject.awaitNanos(AbstractQueuedSynchronizer.java:2078)
        at org.eclipse.jetty.util.BlockingArrayQueue.poll(BlockingArrayQueue.java:382)
        at org.eclipse.jetty.util.thread.QueuedThreadPool$Runner.idleJobPoll(QueuedThreadPool.java:974)
        at org.eclipse.jetty.util.thread.QueuedThreadPool$Runner.run(QueuedThreadPool.java:1018)
        at java.lang.Thread.run(Thread.java:750)
"qtp1433335917-258" daemon prio=5 tid=258 timed_waiting
java.lang.Thread.State: TIMED_WAITING
        at sun.misc.Unsafe.park(Native Method)
        at java.util.concurrent.locks.LockSupport.parkNanos(LockSupport.java:215)
        at java.util.concurrent.locks.AbstractQueuedSynchronizer$ConditionObject.awaitNanos(AbstractQueuedSynchronizer.java:2078)
        at org.eclipse.jetty.util.BlockingArrayQueue.poll(BlockingArrayQueue.java:382)
        at org.eclipse.jetty.util.thread.QueuedThreadPool$Runner.idleJobPoll(QueuedThreadPool.java:974)
        at org.eclipse.jetty.util.thread.QueuedThreadPool$Runner.run(QueuedThreadPool.java:1018)
        at java.lang.Thread.run(Thread.java:750)
"qtp1836950623-307" daemon prio=5 tid=307 timed_waiting
java.lang.Thread.State: TIMED_WAITING
        at sun.misc.Unsafe.park(Native Method)
        at java.util.concurrent.locks.LockSupport.parkNanos(LockSupport.java:215)
        at java.util.concurrent.locks.AbstractQueuedSynchronizer$ConditionObject.awaitNanos(AbstractQueuedSynchronizer.java:2078)
        at org.eclipse.jetty.util.BlockingArrayQueue.poll(BlockingArrayQueue.java:382)
        at org.eclipse.jetty.util.thread.QueuedThreadPool$Runner.idleJobPoll(QueuedThreadPool.java:974)
        at org.eclipse.jetty.util.thread.QueuedThreadPool$Runner.run(QueuedThreadPool.java:1018)
        at java.lang.Thread.run(Thread.java:750)
"grpc-default-worker-ELG-3-2" daemon prio=5 tid=571 runnable
java.lang.Thread.State: RUNNABLE
        at org.apache.ratis.thirdparty.io.netty.channel.epoll.Native.epollWait0(Native Method)
        at org.apache.ratis.thirdparty.io.netty.channel.epoll.Native.epollWait(Native.java:182)
        at org.apache.ratis.thirdparty.io.netty.channel.epoll.EpollEventLoop.epollWait(EpollEventLoop.java:290)
        at org.apache.ratis.thirdparty.io.netty.channel.epoll.EpollEventLoop.run(EpollEventLoop.java:354)
        at org.apache.ratis.thirdparty.io.netty.util.concurrent.SingleThreadEventExecutor$4.run(SingleThreadEventExecutor.java:995)
        at org.apache.ratis.thirdparty.io.netty.util.internal.ThreadExecutorMap$2.run(ThreadExecutorMap.java:74)
        at org.apache.ratis.thirdparty.io.netty.util.concurrent.FastThreadLocalRunnable.run(FastThreadLocalRunnable.java:30)
        at java.lang.Thread.run(Thread.java:750)
"Datanode State Machine Daemon Thread" daemon prio=5 tid=289 timed_waiting
java.lang.Thread.State: TIMED_WAITING
        at java.lang.Thread.sleep(Native Method)
        at org.apache.hadoop.ozone.container.common.statemachine.DatanodeStateMachine.startStateMachineThread(DatanodeStateMachine.java:318)
        at org.apache.hadoop.ozone.container.common.statemachine.DatanodeStateMachine.lambda$startDaemon$0(DatanodeStateMachine.java:499)
        at org.apache.hadoop.ozone.container.common.statemachine.DatanodeStateMachine$$Lambda$745/1741217770.run(Unknown Source)
        at java.lang.Thread.run(Thread.java:750)
"qtp1091459664-284" daemon prio=5 tid=284 timed_waiting
java.lang.Thread.State: TIMED_WAITING
        at sun.misc.Unsafe.park(Native Method)
        at java.util.concurrent.locks.LockSupport.parkNanos(LockSupport.java:215)
        at java.util.concurrent.locks.AbstractQueuedSynchronizer$ConditionObject.awaitNanos(AbstractQueuedSynchronizer.java:2078)
        at org.eclipse.jetty.util.BlockingArrayQueue.poll(BlockingArrayQueue.java:382)
        at org.eclipse.jetty.util.thread.QueuedThreadPool$Runner.idleJobPoll(QueuedThreadPool.java:974)
        at org.eclipse.jetty.util.thread.QueuedThreadPool$Runner.run(QueuedThreadPool.java:1018)
        at java.lang.Thread.run(Thread.java:750)
"86658d9d-b609-4403-bc8a-bf059dbdbb67@group-E4515EC9A960-SegmentedRaftLogWorker"  prio=5 tid=574 timed_waiting
java.lang.Thread.State: TIMED_WAITING
        at sun.misc.Unsafe.park(Native Method)
        at java.util.concurrent.locks.LockSupport.parkNanos(LockSupport.java:215)
        at java.util.concurrent.locks.AbstractQueuedSynchronizer$ConditionObject.awaitNanos(AbstractQueuedSynchronizer.java:2078)
        at org.apache.ratis.util.DataBlockingQueue.poll(DataBlockingQueue.java:148)
        at org.apache.ratis.server.raftlog.segmented.SegmentedRaftLogWorker.run(SegmentedRaftLogWorker.java:310)
        at org.apache.ratis.server.raftlog.segmented.SegmentedRaftLogWorker$$Lambda$661/302741709.run(Unknown Source)
        at java.lang.Thread.run(Thread.java:750)
"IPC Server handler 17 on default port 39909" daemon prio=5 tid=94 timed_waiting
java.lang.Thread.State: TIMED_WAITING
        at sun.misc.Unsafe.park(Native Method)
        at java.util.concurrent.locks.LockSupport.parkNanos(LockSupport.java:215)
        at java.util.concurrent.locks.AbstractQueuedSynchronizer$ConditionObject.awaitNanos(AbstractQueuedSynchronizer.java:2078)
        at java.util.concurrent.LinkedBlockingQueue.poll(LinkedBlockingQueue.java:467)
        at org.apache.hadoop.ipc.CallQueueManager.take(CallQueueManager.java:317)
        at org.apache.hadoop.ipc.Server$Handler.run(Server.java:2942)
"Datanode ReportManager Thread - 4" daemon prio=5 tid=268 in Object.wait()
java.lang.Thread.State: WAITING (on object monitor)
        at sun.misc.Unsafe.park(Native Method)
        at java.util.concurrent.locks.LockSupport.park(LockSupport.java:175)
        at java.util.concurrent.locks.AbstractQueuedSynchronizer$ConditionObject.await(AbstractQueuedSynchronizer.java:2039)
        at java.util.concurrent.ScheduledThreadPoolExecutor$DelayedWorkQueue.take(ScheduledThreadPoolExecutor.java:1088)
        at java.util.concurrent.ScheduledThreadPoolExecutor$DelayedWorkQueue.take(ScheduledThreadPoolExecutor.java:809)
        at java.util.concurrent.ThreadPoolExecutor.getTask(ThreadPoolExecutor.java:1074)
        at java.util.concurrent.ThreadPoolExecutor.runWorker(ThreadPoolExecutor.java:1134)
        at java.util.concurrent.ThreadPoolExecutor$Worker.run(ThreadPoolExecutor.java:624)
        at java.lang.Thread.run(Thread.java:750)
"pool-264-thread-1"  prio=5 tid=645 in Object.wait()
java.lang.Thread.State: WAITING (on object monitor)
        at sun.misc.Unsafe.park(Native Method)
        at java.util.concurrent.locks.LockSupport.park(LockSupport.java:175)
        at java.util.concurrent.locks.AbstractQueuedSynchronizer$ConditionObject.await(AbstractQueuedSynchronizer.java:2039)
        at java.util.concurrent.LinkedBlockingQueue.take(LinkedBlockingQueue.java:442)
        at java.util.concurrent.ThreadPoolExecutor.getTask(ThreadPoolExecutor.java:1074)
        at java.util.concurrent.ThreadPoolExecutor.runWorker(ThreadPoolExecutor.java:1134)
        at java.util.concurrent.ThreadPoolExecutor$Worker.run(ThreadPoolExecutor.java:624)
        at java.lang.Thread.run(Thread.java:750)
"qtp1130508577-420" daemon prio=5 tid=420 runnable
java.lang.Thread.State: RUNNABLE
        at sun.nio.ch.EPollArrayWrapper.epollWait(Native Method)
        at sun.nio.ch.EPollArrayWrapper.poll(EPollArrayWrapper.java:269)
        at sun.nio.ch.EPollSelectorImpl.doSelect(EPollSelectorImpl.java:93)
        at sun.nio.ch.SelectorImpl.lockAndDoSelect(SelectorImpl.java:86)
        at sun.nio.ch.SelectorImpl.select(SelectorImpl.java:97)
        at sun.nio.ch.SelectorImpl.select(SelectorImpl.java:101)
        at org.eclipse.jetty.io.ManagedSelector.nioSelect(ManagedSelector.java:183)
        at org.eclipse.jetty.io.ManagedSelector.select(ManagedSelector.java:190)
        at org.eclipse.jetty.io.ManagedSelector$SelectorProducer.select(ManagedSelector.java:606)
        at org.eclipse.jetty.io.ManagedSelector$SelectorProducer.produce(ManagedSelector.java:543)
        at org.eclipse.jetty.util.thread.strategy.EatWhatYouKill.produceTask(EatWhatYouKill.java:362)
        at org.eclipse.jetty.util.thread.strategy.EatWhatYouKill.doProduce(EatWhatYouKill.java:186)
        at org.eclipse.jetty.util.thread.strategy.EatWhatYouKill.tryProduce(EatWhatYouKill.java:173)
        at org.eclipse.jetty.util.thread.strategy.EatWhatYouKill.produce(EatWhatYouKill.java:137)
        at org.eclipse.jetty.io.ManagedSelector$$Lambda$443/465676958.run(Unknown Source)
        at org.eclipse.jetty.util.thread.QueuedThreadPool.runJob(QueuedThreadPool.java:883)
        at org.eclipse.jetty.util.thread.QueuedThreadPool$Runner.run(QueuedThreadPool.java:1034)
        at java.lang.Thread.run(Thread.java:750)
"6ce03c57-5430-4ab1-bf83-fb555d2de968@group-670B8877836B->be21c5c4-321c-411e-8ca9-5bb5909d110b-GrpcLogAppender-LogAppenderDaemon" daemon prio=5 tid=903 timed_waiting
java.lang.Thread.State: TIMED_WAITING
        at sun.misc.Unsafe.park(Native Method)
        at java.util.concurrent.locks.LockSupport.parkNanos(LockSupport.java:215)
        at java.util.concurrent.CompletableFuture$Signaller.block(CompletableFuture.java:1709)
        at java.util.concurrent.ForkJoinPool.managedBlock(ForkJoinPool.java:3323)
        at java.util.concurrent.CompletableFuture.timedGet(CompletableFuture.java:1788)
        at java.util.concurrent.CompletableFuture.get(CompletableFuture.java:1928)
        at org.apache.ratis.util.AwaitForSignal.await(AwaitForSignal.java:56)
        at org.apache.ratis.grpc.server.GrpcLogAppender.mayWait(GrpcLogAppender.java:198)
        at org.apache.ratis.grpc.server.GrpcLogAppender.run(GrpcLogAppender.java:148)
        at org.apache.ratis.server.leader.LogAppenderDaemon.run(LogAppenderDaemon.java:78)
        at org.apache.ratis.server.leader.LogAppenderDaemon$$Lambda$1030/1884454755.run(Unknown Source)
        at java.lang.Thread.run(Thread.java:750)
"ChunkWriter-3-0" daemon prio=5 tid=450 in Object.wait()
java.lang.Thread.State: WAITING (on object monitor)
        at sun.misc.Unsafe.park(Native Method)
        at java.util.concurrent.locks.LockSupport.park(LockSupport.java:175)
        at java.util.concurrent.locks.AbstractQueuedSynchronizer$ConditionObject.await(AbstractQueuedSynchronizer.java:2039)
        at java.util.concurrent.LinkedBlockingDeque.takeFirst(LinkedBlockingDeque.java:492)
        at java.util.concurrent.LinkedBlockingDeque.take(LinkedBlockingDeque.java:680)
        at java.util.concurrent.ThreadPoolExecutor.getTask(ThreadPoolExecutor.java:1074)
        at java.util.concurrent.ThreadPoolExecutor.runWorker(ThreadPoolExecutor.java:1134)
        at java.util.concurrent.ThreadPoolExecutor$Worker.run(ThreadPoolExecutor.java:624)
        at java.lang.Thread.run(Thread.java:750)
"Datanode ReportManager Thread - 2" daemon prio=5 tid=292 in Object.wait()
java.lang.Thread.State: WAITING (on object monitor)
        at sun.misc.Unsafe.park(Native Method)
        at java.util.concurrent.locks.LockSupport.park(LockSupport.java:175)
        at java.util.concurrent.locks.AbstractQueuedSynchronizer$ConditionObject.await(AbstractQueuedSynchronizer.java:2039)
        at java.util.concurrent.ScheduledThreadPoolExecutor$DelayedWorkQueue.take(ScheduledThreadPoolExecutor.java:1088)
        at java.util.concurrent.ScheduledThreadPoolExecutor$DelayedWorkQueue.take(ScheduledThreadPoolExecutor.java:809)
        at java.util.concurrent.ThreadPoolExecutor.getTask(ThreadPoolExecutor.java:1074)
        at java.util.concurrent.ThreadPoolExecutor.runWorker(ThreadPoolExecutor.java:1134)
        at java.util.concurrent.ThreadPoolExecutor$Worker.run(ThreadPoolExecutor.java:624)
        at java.lang.Thread.run(Thread.java:750)
"Session-HouseKeeper-24fb7b1-1"  prio=5 tid=143 timed_waiting
java.lang.Thread.State: TIMED_WAITING
        at sun.misc.Unsafe.park(Native Method)
        at java.util.concurrent.locks.LockSupport.parkNanos(LockSupport.java:215)
        at java.util.concurrent.locks.AbstractQueuedSynchronizer$ConditionObject.awaitNanos(AbstractQueuedSynchronizer.java:2078)
        at java.util.concurrent.ScheduledThreadPoolExecutor$DelayedWorkQueue.take(ScheduledThreadPoolExecutor.java:1093)
        at java.util.concurrent.ScheduledThreadPoolExecutor$DelayedWorkQueue.take(ScheduledThreadPoolExecutor.java:809)
        at java.util.concurrent.ThreadPoolExecutor.getTask(ThreadPoolExecutor.java:1074)
        at java.util.concurrent.ThreadPoolExecutor.runWorker(ThreadPoolExecutor.java:1134)
        at java.util.concurrent.ThreadPoolExecutor$Worker.run(ThreadPoolExecutor.java:624)
        at java.lang.Thread.run(Thread.java:750)
"IPC Server handler 15 on default port 33229" daemon prio=5 tid=52 timed_waiting
java.lang.Thread.State: TIMED_WAITING
        at sun.misc.Unsafe.park(Native Method)
        at java.util.concurrent.locks.LockSupport.parkNanos(LockSupport.java:215)
        at java.util.concurrent.locks.AbstractQueuedSynchronizer$ConditionObject.awaitNanos(AbstractQueuedSynchronizer.java:2078)
        at java.util.concurrent.LinkedBlockingQueue.poll(LinkedBlockingQueue.java:467)
        at org.apache.hadoop.ipc.CallQueueManager.take(CallQueueManager.java:317)
        at org.apache.hadoop.ipc.Server$Handler.run(Server.java:2942)
"ChunkWriter-3-0" daemon prio=5 tid=330 in Object.wait()
java.lang.Thread.State: WAITING (on object monitor)
        at sun.misc.Unsafe.park(Native Method)
        at java.util.concurrent.locks.LockSupport.park(LockSupport.java:175)
        at java.util.concurrent.locks.AbstractQueuedSynchronizer$ConditionObject.await(AbstractQueuedSynchronizer.java:2039)
        at java.util.concurrent.LinkedBlockingDeque.takeFirst(LinkedBlockingDeque.java:492)
        at java.util.concurrent.LinkedBlockingDeque.take(LinkedBlockingDeque.java:680)
        at java.util.concurrent.ThreadPoolExecutor.getTask(ThreadPoolExecutor.java:1074)
        at java.util.concurrent.ThreadPoolExecutor.runWorker(ThreadPoolExecutor.java:1134)
        at java.util.concurrent.ThreadPoolExecutor$Worker.run(ThreadPoolExecutor.java:624)
        at java.lang.Thread.run(Thread.java:750)
"surefire-forkedjvm-command-thread" daemon prio=5 tid=10 runnable
java.lang.Thread.State: RUNNABLE
        at java.io.FileInputStream.readBytes(Native Method)
        at java.io.FileInputStream.read(FileInputStream.java:255)
        at java.io.BufferedInputStream.read1(BufferedInputStream.java:284)
        at java.io.BufferedInputStream.read(BufferedInputStream.java:345)
        at java.io.BufferedInputStream.fill(BufferedInputStream.java:246)
        at java.io.BufferedInputStream.read1(BufferedInputStream.java:286)
        at java.io.BufferedInputStream.read(BufferedInputStream.java:345)
        at org.apache.maven.surefire.api.util.internal.Channels$3.readImpl(Channels.java:214)
        at org.apache.maven.surefire.api.util.internal.AbstractNoninterruptibleReadableChannel.read(AbstractNoninterruptibleReadableChannel.java:54)
        at org.apache.maven.surefire.booter.spi.LegacyMasterProcessChannelDecoder.decode(LegacyMasterProcessChannelDecoder.java:80)
        at org.apache.maven.surefire.booter.CommandReader$CommandRunnable.run(CommandReader.java:343)
        at java.lang.Thread.run(Thread.java:750)
"Listener at 127.0.0.1/33161"  prio=5 tid=1 runnable
java.lang.Thread.State: RUNNABLE
        at java.lang.Thread.dumpThreads(Native Method)
        at java.lang.Thread.getAllStackTraces(Thread.java:1615)
        at org.apache.ozone.test.TimedOutTestsListener.buildThreadDump(TimedOutTestsListener.java:93)
        at org.apache.ozone.test.TimedOutTestsListener.buildThreadDiagnosticString(TimedOutTestsListener.java:79)
        at org.apache.ozone.test.GenericTestUtils.waitFor(GenericTestUtils.java:224)
        at org.apache.hadoop.ozone.container.TestECContainerRecovery.waitForContainerCount(TestECContainerRecovery.java:265)
        at org.apache.hadoop.ozone.container.TestECContainerRecovery.testContainerRecoveryOverReplicationProcessing(TestECContainerRecovery.java:209)
        at sun.reflect.NativeMethodAccessorImpl.invoke0(Native Method)
        at sun.reflect.NativeMethodAccessorImpl.invoke(NativeMethodAccessorImpl.java:62)
        at sun.reflect.DelegatingMethodAccessorImpl.invoke(DelegatingMethodAccessorImpl.java:43)
        at java.lang.reflect.Method.invoke(Method.java:498)
        at org.junit.platform.commons.util.ReflectionUtils.invokeMethod(ReflectionUtils.java:725)
        at org.junit.jupiter.engine.execution.MethodInvocation.proceed(MethodInvocation.java:60)
        at org.junit.jupiter.engine.execution.InvocationInterceptorChain$ValidatingInvocation.proceed(InvocationInterceptorChain.java:131)
        at org.junit.jupiter.engine.extension.TimeoutExtension.intercept(TimeoutExtension.java:149)
        at org.junit.jupiter.engine.extension.TimeoutExtension.interceptTestableMethod(TimeoutExtension.java:140)
        at org.junit.jupiter.engine.extension.TimeoutExtension.interceptTestMethod(TimeoutExtension.java:84)
        at org.junit.jupiter.engine.descriptor.TestMethodTestDescriptor$$Lambda$158/977552154.apply(Unknown Source)
        at org.junit.jupiter.engine.execution.ExecutableInvoker$ReflectiveInterceptorCall.lambda$ofVoidMethod$0(ExecutableInvoker.java:115)
        at org.junit.jupiter.engine.execution.ExecutableInvoker$ReflectiveInterceptorCall$$Lambda$159/1208203046.apply(Unknown Source)
        at org.junit.jupiter.engine.execution.ExecutableInvoker.lambda$invoke$0(ExecutableInvoker.java:105)
        at org.junit.jupiter.engine.execution.ExecutableInvoker$$Lambda$314/41489123.apply(Unknown Source)
        at org.junit.jupiter.engine.execution.InvocationInterceptorChain$InterceptedInvocation.proceed(InvocationInterceptorChain.java:106)
        at org.junit.jupiter.engine.execution.InvocationInterceptorChain.proceed(InvocationInterceptorChain.java:64)
        at org.junit.jupiter.engine.execution.InvocationInterceptorChain.chainAndInvoke(InvocationInterceptorChain.java:45)
        at org.junit.jupiter.engine.execution.InvocationInterceptorChain.invoke(InvocationInterceptorChain.java:37)
        at org.junit.jupiter.engine.execution.ExecutableInvoker.invoke(ExecutableInvoker.java:104)
        at org.junit.jupiter.engine.execution.ExecutableInvoker.invoke(ExecutableInvoker.java:98)
        at org.junit.jupiter.engine.descriptor.TestMethodTestDescriptor.lambda$invokeTestMethod$7(TestMethodTestDescriptor.java:214)
        at org.junit.jupiter.engine.descriptor.TestMethodTestDescriptor$$Lambda$1159/1660216191.execute(Unknown Source)
        at org.junit.platform.engine.support.hierarchical.ThrowableCollector.execute(ThrowableCollector.java:73)
        at org.junit.jupiter.engine.descriptor.TestMethodTestDescriptor.invokeTestMethod(TestMethodTestDescriptor.java:210)
        at org.junit.jupiter.engine.descriptor.TestMethodTestDescriptor.execute(TestMethodTestDescriptor.java:135)
        at org.junit.jupiter.engine.descriptor.TestMethodTestDescriptor.execute(TestMethodTestDescriptor.java:66)
        at org.junit.platform.engine.support.hierarchical.NodeTestTask.lambda$executeRecursively$6(NodeTestTask.java:151)
        at org.junit.platform.engine.support.hierarchical.NodeTestTask$$Lambda$258/352367347.execute(Unknown Source)
        at org.junit.platform.engine.support.hierarchical.ThrowableCollector.execute(ThrowableCollector.java:73)
        at org.junit.platform.engine.support.hierarchical.NodeTestTask.lambda$executeRecursively$8(NodeTestTask.java:141)
        at org.junit.platform.engine.support.hierarchical.NodeTestTask$$Lambda$257/684566052.invoke(Unknown Source)
        at org.junit.platform.engine.support.hierarchical.Node.around(Node.java:137)
        at org.junit.platform.engine.support.hierarchical.NodeTestTask.lambda$executeRecursively$9(NodeTestTask.java:139)
        at org.junit.platform.engine.support.hierarchical.NodeTestTask$$Lambda$256/1396721535.execute(Unknown Source)
        at org.junit.platform.engine.support.hierarchical.ThrowableCollector.execute(ThrowableCollector.java:73)
        at org.junit.platform.engine.support.hierarchical.NodeTestTask.executeRecursively(NodeTestTask.java:138)
        at org.junit.platform.engine.support.hierarchical.NodeTestTask.execute(NodeTestTask.java:95)
        at org.junit.platform.engine.support.hierarchical.SameThreadHierarchicalTestExecutorService$$Lambda$262/1383519982.accept(Unknown Source)
        at java.util.ArrayList.forEach(ArrayList.java:1259)
        at org.junit.platform.engine.support.hierarchical.SameThreadHierarchicalTestExecutorService.invokeAll(SameThreadHierarchicalTestExecutorService.java:41)
        at org.junit.platform.engine.support.hierarchical.NodeTestTask.lambda$executeRecursively$6(NodeTestTask.java:155)
        at org.junit.platform.engine.support.hierarchical.NodeTestTask$$Lambda$258/352367347.execute(Unknown Source)
        at org.junit.platform.engine.support.hierarchical.ThrowableCollector.execute(ThrowableCollector.java:73)
        at org.junit.platform.engine.support.hierarchical.NodeTestTask.lambda$executeRecursively$8(NodeTestTask.java:141)
        at org.junit.platform.engine.support.hierarchical.NodeTestTask$$Lambda$257/684566052.invoke(Unknown Source)
        at org.junit.platform.engine.support.hierarchical.Node.around(Node.java:137)
        at org.junit.platform.engine.support.hierarchical.NodeTestTask.lambda$executeRecursively$9(NodeTestTask.java:139)
        at org.junit.platform.engine.support.hierarchical.NodeTestTask$$Lambda$256/1396721535.execute(Unknown Source)
        at org.junit.platform.engine.support.hierarchical.ThrowableCollector.execute(ThrowableCollector.java:73)
        at org.junit.platform.engine.support.hierarchical.NodeTestTask.executeRecursively(NodeTestTask.java:138)
        at org.junit.platform.engine.support.hierarchical.NodeTestTask.execute(NodeTestTask.java:95)
        at org.junit.platform.engine.support.hierarchical.SameThreadHierarchicalTestExecutorService$$Lambda$262/1383519982.accept(Unknown Source)
        at java.util.ArrayList.forEach(ArrayList.java:1259)
        at org.junit.platform.engine.support.hierarchical.SameThreadHierarchicalTestExecutorService.invokeAll(SameThreadHierarchicalTestExecutorService.java:41)
        at org.junit.platform.engine.support.hierarchical.NodeTestTask.lambda$executeRecursively$6(NodeTestTask.java:155)
        at org.junit.platform.engine.support.hierarchical.NodeTestTask$$Lambda$258/352367347.execute(Unknown Source)
        at org.junit.platform.engine.support.hierarchical.ThrowableCollector.execute(ThrowableCollector.java:73)
        at org.junit.platform.engine.support.hierarchical.NodeTestTask.lambda$executeRecursively$8(NodeTestTask.java:141)
        at org.junit.platform.engine.support.hierarchical.NodeTestTask$$Lambda$257/684566052.invoke(Unknown Source)
        at org.junit.platform.engine.support.hierarchical.Node.around(Node.java:137)
        at org.junit.platform.engine.support.hierarchical.NodeTestTask.lambda$executeRecursively$9(NodeTestTask.java:139)
        at org.junit.platform.engine.support.hierarchical.NodeTestTask$$Lambda$256/1396721535.execute(Unknown Source)
        at org.junit.platform.engine.support.hierarchical.ThrowableCollector.execute(ThrowableCollector.java:73)
        at org.junit.platform.engine.support.hierarchical.NodeTestTask.executeRecursively(NodeTestTask.java:138)
        at org.junit.platform.engine.support.hierarchical.NodeTestTask.execute(NodeTestTask.java:95)
        at org.junit.platform.engine.support.hierarchical.SameThreadHierarchicalTestExecutorService.submit(SameThreadHierarchicalTestExecutorService.java:35)
        at org.junit.platform.engine.support.hierarchical.HierarchicalTestExecutor.execute(HierarchicalTestExecutor.java:57)
        at org.junit.platform.engine.support.hierarchical.HierarchicalTestEngine.execute(HierarchicalTestEngine.java:54)
        at org.junit.platform.launcher.core.EngineExecutionOrchestrator.execute(EngineExecutionOrchestrator.java:107)
        at org.junit.platform.launcher.core.EngineExecutionOrchestrator.execute(EngineExecutionOrchestrator.java:88)
        at org.junit.platform.launcher.core.EngineExecutionOrchestrator.lambda$execute$0(EngineExecutionOrchestrator.java:54)
        at org.junit.platform.launcher.core.EngineExecutionOrchestrator$$Lambda$214/1208442275.accept(Unknown Source)
        at org.junit.platform.launcher.core.EngineExecutionOrchestrator.withInterceptedStreams(EngineExecutionOrchestrator.java:67)
        at org.junit.platform.launcher.core.EngineExecutionOrchestrator.execute(EngineExecutionOrchestrator.java:52)
        at org.junit.platform.launcher.core.DefaultLauncher.execute(DefaultLauncher.java:114)
        at org.junit.platform.launcher.core.DefaultLauncher.execute(DefaultLauncher.java:86)
        at org.junit.platform.launcher.core.DefaultLauncherSession$DelegatingLauncher.execute(DefaultLauncherSession.java:86)
        at org.junit.platform.launcher.core.SessionPerRequestLauncher.execute(SessionPerRequestLauncher.java:53)
        at org.apache.maven.surefire.junitplatform.JUnitPlatformProvider.execute(JUnitPlatformProvider.java:188)
        at org.apache.maven.surefire.junitplatform.JUnitPlatformProvider.invokeAllTests(JUnitPlatformProvider.java:154)
        at org.apache.maven.surefire.junitplatform.JUnitPlatformProvider.invoke(JUnitPlatformProvider.java:124)
        at org.apache.maven.surefire.booter.ForkedBooter.runSuitesInProcess(ForkedBooter.java:428)
        at org.apache.maven.surefire.booter.ForkedBooter.execute(ForkedBooter.java:162)
        at org.apache.maven.surefire.booter.ForkedBooter.run(ForkedBooter.java:562)
        at org.apache.maven.surefire.booter.ForkedBooter.main(ForkedBooter.java:548)
"Datanode ReportManager Thread - 1" daemon prio=5 tid=213 timed_waiting
java.lang.Thread.State: TIMED_WAITING
        at sun.misc.Unsafe.park(Native Method)
        at java.util.concurrent.locks.LockSupport.parkNanos(LockSupport.java:215)
        at java.util.concurrent.locks.AbstractQueuedSynchronizer$ConditionObject.awaitNanos(AbstractQueuedSynchronizer.java:2078)
        at java.util.concurrent.ScheduledThreadPoolExecutor$DelayedWorkQueue.take(ScheduledThreadPoolExecutor.java:1093)
        at java.util.concurrent.ScheduledThreadPoolExecutor$DelayedWorkQueue.take(ScheduledThreadPoolExecutor.java:809)
        at java.util.concurrent.ThreadPoolExecutor.getTask(ThreadPoolExecutor.java:1074)
        at java.util.concurrent.ThreadPoolExecutor.runWorker(ThreadPoolExecutor.java:1134)
        at java.util.concurrent.ThreadPoolExecutor$Worker.run(ThreadPoolExecutor.java:624)
        at java.lang.Thread.run(Thread.java:750)
"Over Replicated Processor" daemon prio=5 tid=896 timed_waiting
java.lang.Thread.State: TIMED_WAITING
        at java.lang.Object.wait(Native Method)
        at org.apache.hadoop.hdds.scm.container.replication.OverReplicatedProcessor.run(OverReplicatedProcessor.java:131)
        at java.lang.Thread.run(Thread.java:750)
"pool-237-thread-1"  prio=5 tid=650 in Object.wait()
java.lang.Thread.State: WAITING (on object monitor)
        at sun.misc.Unsafe.park(Native Method)
        at java.util.concurrent.locks.LockSupport.park(LockSupport.java:175)
        at java.util.concurrent.locks.AbstractQueuedSynchronizer$ConditionObject.await(AbstractQueuedSynchronizer.java:2039)
        at java.util.concurrent.LinkedBlockingQueue.take(LinkedBlockingQueue.java:442)
        at java.util.concurrent.ThreadPoolExecutor.getTask(ThreadPoolExecutor.java:1074)
        at java.util.concurrent.ThreadPoolExecutor.runWorker(ThreadPoolExecutor.java:1134)
        at java.util.concurrent.ThreadPoolExecutor$Worker.run(ThreadPoolExecutor.java:624)
        at java.lang.Thread.run(Thread.java:750)
"ChunkWriter-2-0" daemon prio=5 tid=525 in Object.wait()
java.lang.Thread.State: WAITING (on object monitor)
        at sun.misc.Unsafe.park(Native Method)
        at java.util.concurrent.locks.LockSupport.park(LockSupport.java:175)
        at java.util.concurrent.locks.AbstractQueuedSynchronizer$ConditionObject.await(AbstractQueuedSynchronizer.java:2039)
        at java.util.concurrent.LinkedBlockingDeque.takeFirst(LinkedBlockingDeque.java:492)
        at java.util.concurrent.LinkedBlockingDeque.take(LinkedBlockingDeque.java:680)
        at java.util.concurrent.ThreadPoolExecutor.getTask(ThreadPoolExecutor.java:1074)
        at java.util.concurrent.ThreadPoolExecutor.runWorker(ThreadPoolExecutor.java:1134)
        at java.util.concurrent.ThreadPoolExecutor$Worker.run(ThreadPoolExecutor.java:624)
        at java.lang.Thread.run(Thread.java:750)
"qtp1246984673-176" daemon prio=5 tid=176 timed_waiting
java.lang.Thread.State: TIMED_WAITING
        at sun.misc.Unsafe.park(Native Method)
        at java.util.concurrent.locks.LockSupport.parkNanos(LockSupport.java:215)
        at java.util.concurrent.locks.AbstractQueuedSynchronizer$ConditionObject.awaitNanos(AbstractQueuedSynchronizer.java:2078)
        at org.eclipse.jetty.util.BlockingArrayQueue.poll(BlockingArrayQueue.java:382)
        at org.eclipse.jetty.util.thread.QueuedThreadPool$Runner.idleJobPoll(QueuedThreadPool.java:974)
        at org.eclipse.jetty.util.thread.QueuedThreadPool$Runner.run(QueuedThreadPool.java:1018)
        at java.lang.Thread.run(Thread.java:750)
"IPC Server handler 2 on default port 33161" daemon prio=5 tid=146 timed_waiting
java.lang.Thread.State: TIMED_WAITING
        at sun.misc.Unsafe.park(Native Method)
        at java.util.concurrent.locks.LockSupport.parkNanos(LockSupport.java:215)
        at java.util.concurrent.locks.AbstractQueuedSynchronizer$ConditionObject.awaitNanos(AbstractQueuedSynchronizer.java:2078)
        at java.util.concurrent.LinkedBlockingQueue.poll(LinkedBlockingQueue.java:467)
        at org.apache.hadoop.ipc.CallQueueManager.take(CallQueueManager.java:317)
        at org.apache.hadoop.ipc.Server$Handler.run(Server.java:2942)
"PartialTableCache Cleanup Thread - 0" daemon prio=5 tid=819 in Object.wait()
java.lang.Thread.State: WAITING (on object monitor)
        at sun.misc.Unsafe.park(Native Method)
        at java.util.concurrent.locks.LockSupport.park(LockSupport.java:175)
        at java.util.concurrent.locks.AbstractQueuedSynchronizer$ConditionObject.await(AbstractQueuedSynchronizer.java:2039)
        at java.util.concurrent.LinkedBlockingQueue.take(LinkedBlockingQueue.java:442)
        at java.util.concurrent.ThreadPoolExecutor.getTask(ThreadPoolExecutor.java:1074)
        at java.util.concurrent.ThreadPoolExecutor.runWorker(ThreadPoolExecutor.java:1134)
        at java.util.concurrent.ThreadPoolExecutor$Worker.run(ThreadPoolExecutor.java:624)
        at java.lang.Thread.run(Thread.java:750)
"IPC Server idle connection scanner for port 39909" daemon prio=5 tid=25 timed_waiting
java.lang.Thread.State: TIMED_WAITING
        at java.lang.Object.wait(Native Method)
        at java.util.TimerThread.mainLoop(Timer.java:552)
        at java.util.TimerThread.run(Timer.java:505)
"Command processor thread" daemon prio=5 tid=243 timed_waiting
java.lang.Thread.State: TIMED_WAITING
        at java.lang.Thread.sleep(Native Method)
        at org.apache.hadoop.ozone.container.common.statemachine.DatanodeStateMachine.lambda$initCommandHandlerThread$3(DatanodeStateMachine.java:634)
        at org.apache.hadoop.ozone.container.common.statemachine.DatanodeStateMachine$$Lambda$747/2071845850.run(Unknown Source)
        at java.lang.Thread.run(Thread.java:750)
"Datanode State Machine Daemon Thread" daemon prio=5 tid=392 timed_waiting
java.lang.Thread.State: TIMED_WAITING
        at java.lang.Thread.sleep(Native Method)
        at org.apache.hadoop.ozone.container.common.statemachine.DatanodeStateMachine.startStateMachineThread(DatanodeStateMachine.java:318)
        at org.apache.hadoop.ozone.container.common.statemachine.DatanodeStateMachine.lambda$startDaemon$0(DatanodeStateMachine.java:499)
        at org.apache.hadoop.ozone.container.common.statemachine.DatanodeStateMachine$$Lambda$745/1741217770.run(Unknown Source)
        at java.lang.Thread.run(Thread.java:750)
"Command processor thread" daemon prio=5 tid=436 timed_waiting
java.lang.Thread.State: TIMED_WAITING
        at java.lang.Thread.sleep(Native Method)
        at org.apache.hadoop.ozone.container.common.statemachine.DatanodeStateMachine.lambda$initCommandHandlerThread$3(DatanodeStateMachine.java:634)
        at org.apache.hadoop.ozone.container.common.statemachine.DatanodeStateMachine$$Lambda$747/2071845850.run(Unknown Source)
        at java.lang.Thread.run(Thread.java:750)
"Socket Reader #1 for port 0"  prio=5 tid=24 runnable
java.lang.Thread.State: RUNNABLE
        at sun.nio.ch.EPollArrayWrapper.epollWait(Native Method)
        at sun.nio.ch.EPollArrayWrapper.poll(EPollArrayWrapper.java:269)
        at sun.nio.ch.EPollSelectorImpl.doSelect(EPollSelectorImpl.java:93)
        at sun.nio.ch.SelectorImpl.lockAndDoSelect(SelectorImpl.java:86)
        at sun.nio.ch.SelectorImpl.select(SelectorImpl.java:97)
        at sun.nio.ch.SelectorImpl.select(SelectorImpl.java:101)
        at org.apache.hadoop.ipc.Server$Listener$Reader.doRunLoop(Server.java:1296)
        at org.apache.hadoop.ipc.Server$Listener$Reader.run(Server.java:1275)
"IPC Server handler 9 on default port 36683" daemon prio=5 tid=66 timed_waiting
java.lang.Thread.State: TIMED_WAITING
        at sun.misc.Unsafe.park(Native Method)
        at java.util.concurrent.locks.LockSupport.parkNanos(LockSupport.java:215)
        at java.util.concurrent.locks.AbstractQueuedSynchronizer$ConditionObject.awaitNanos(AbstractQueuedSynchronizer.java:2078)
        at java.util.concurrent.LinkedBlockingQueue.poll(LinkedBlockingQueue.java:467)
        at org.apache.hadoop.ipc.CallQueueManager.take(CallQueueManager.java:317)
        at org.apache.hadoop.ipc.Server$Handler.run(Server.java:2942)
"Datanode State Machine Task Thread - 1"  prio=5 tid=546 in Object.wait()
java.lang.Thread.State: WAITING (on object monitor)
        at sun.misc.Unsafe.park(Native Method)
        at java.util.concurrent.locks.LockSupport.park(LockSupport.java:175)
        at java.util.concurrent.locks.AbstractQueuedSynchronizer$ConditionObject.await(AbstractQueuedSynchronizer.java:2039)
        at java.util.concurrent.LinkedBlockingQueue.take(LinkedBlockingQueue.java:442)
        at java.util.concurrent.ThreadPoolExecutor.getTask(ThreadPoolExecutor.java:1074)
        at java.util.concurrent.ThreadPoolExecutor.runWorker(ThreadPoolExecutor.java:1134)
        at java.util.concurrent.ThreadPoolExecutor$Worker.run(ThreadPoolExecutor.java:624)
        at java.lang.Thread.run(Thread.java:750)
"qtp1130508577-423" daemon prio=5 tid=423 timed_waiting
java.lang.Thread.State: TIMED_WAITING
        at sun.misc.Unsafe.park(Native Method)
        at java.util.concurrent.locks.LockSupport.parkNanos(LockSupport.java:215)
        at java.util.concurrent.locks.AbstractQueuedSynchronizer$ConditionObject.awaitNanos(AbstractQueuedSynchronizer.java:2078)
        at org.eclipse.jetty.util.BlockingArrayQueue.poll(BlockingArrayQueue.java:382)
        at org.eclipse.jetty.util.thread.QueuedThreadPool$Runner.idleJobPoll(QueuedThreadPool.java:974)
        at org.eclipse.jetty.util.thread.QueuedThreadPool$Runner.run(QueuedThreadPool.java:1018)
        at java.lang.Thread.run(Thread.java:750)
"Datanode ReportManager Thread - 0" daemon prio=5 tid=212 in Object.wait()
java.lang.Thread.State: WAITING (on object monitor)
        at sun.misc.Unsafe.park(Native Method)
        at java.util.concurrent.locks.LockSupport.park(LockSupport.java:175)
        at java.util.concurrent.locks.AbstractQueuedSynchronizer$ConditionObject.await(AbstractQueuedSynchronizer.java:2039)
        at java.util.concurrent.ScheduledThreadPoolExecutor$DelayedWorkQueue.take(ScheduledThreadPoolExecutor.java:1088)
        at java.util.concurrent.ScheduledThreadPoolExecutor$DelayedWorkQueue.take(ScheduledThreadPoolExecutor.java:809)
        at java.util.concurrent.ThreadPoolExecutor.getTask(ThreadPoolExecutor.java:1074)
        at java.util.concurrent.ThreadPoolExecutor.runWorker(ThreadPoolExecutor.java:1134)
        at java.util.concurrent.ThreadPoolExecutor$Worker.run(ThreadPoolExecutor.java:624)
        at java.lang.Thread.run(Thread.java:750)
"0c76121b-7d6b-4708-9ae8-9ff4448060b7@group-76FCB2189D15-StateMachineUpdater" daemon prio=5 tid=601 timed_waiting
java.lang.Thread.State: TIMED_WAITING
        at sun.misc.Unsafe.park(Native Method)
        at java.util.concurrent.locks.LockSupport.parkNanos(LockSupport.java:215)
        at java.util.concurrent.CompletableFuture$Signaller.block(CompletableFuture.java:1709)
        at java.util.concurrent.ForkJoinPool.managedBlock(ForkJoinPool.java:3323)
        at java.util.concurrent.CompletableFuture.timedGet(CompletableFuture.java:1788)
        at java.util.concurrent.CompletableFuture.get(CompletableFuture.java:1928)
        at org.apache.ratis.util.AwaitForSignal.await(AwaitForSignal.java:56)
        at org.apache.ratis.server.impl.StateMachineUpdater.waitForCommit(StateMachineUpdater.java:207)
        at org.apache.ratis.server.impl.StateMachineUpdater.run(StateMachineUpdater.java:176)
        at java.lang.Thread.run(Thread.java:750)
"0c76121b-7d6b-4708-9ae8-9ff4448060b7@group-C2A56A5A39AA->86658d9d-b609-4403-bc8a-bf059dbdbb67-GrpcLogAppender-LogAppenderDaemon" daemon prio=5 tid=860 timed_waiting
java.lang.Thread.State: TIMED_WAITING
        at sun.misc.Unsafe.park(Native Method)
        at java.util.concurrent.locks.LockSupport.parkNanos(LockSupport.java:215)
        at java.util.concurrent.CompletableFuture$Signaller.block(CompletableFuture.java:1709)
        at java.util.concurrent.ForkJoinPool.managedBlock(ForkJoinPool.java:3323)
        at java.util.concurrent.CompletableFuture.timedGet(CompletableFuture.java:1788)
        at java.util.concurrent.CompletableFuture.get(CompletableFuture.java:1928)
        at org.apache.ratis.util.AwaitForSignal.await(AwaitForSignal.java:56)
        at org.apache.ratis.grpc.server.GrpcLogAppender.mayWait(GrpcLogAppender.java:198)
        at org.apache.ratis.grpc.server.GrpcLogAppender.run(GrpcLogAppender.java:148)
        at org.apache.ratis.server.leader.LogAppenderDaemon.run(LogAppenderDaemon.java:78)
        at org.apache.ratis.server.leader.LogAppenderDaemon$$Lambda$1030/1884454755.run(Unknown Source)
        at java.lang.Thread.run(Thread.java:750)
"86658d9d-b609-4403-bc8a-bf059dbdbb67@group-CE71C629F99F->6534404f-39f4-445c-b85e-518a348dbff3-GrpcLogAppender-LogAppenderDaemon" daemon prio=5 tid=873 timed_waiting
java.lang.Thread.State: TIMED_WAITING
        at sun.misc.Unsafe.park(Native Method)
        at java.util.concurrent.locks.LockSupport.parkNanos(LockSupport.java:215)
        at java.util.concurrent.CompletableFuture$Signaller.block(CompletableFuture.java:1709)
        at java.util.concurrent.ForkJoinPool.managedBlock(ForkJoinPool.java:3323)
        at java.util.concurrent.CompletableFuture.timedGet(CompletableFuture.java:1788)
        at java.util.concurrent.CompletableFuture.get(CompletableFuture.java:1928)
        at org.apache.ratis.util.AwaitForSignal.await(AwaitForSignal.java:56)
        at org.apache.ratis.grpc.server.GrpcLogAppender.mayWait(GrpcLogAppender.java:198)
        at org.apache.ratis.grpc.server.GrpcLogAppender.run(GrpcLogAppender.java:148)
        at org.apache.ratis.server.leader.LogAppenderDaemon.run(LogAppenderDaemon.java:78)
        at org.apache.ratis.server.leader.LogAppenderDaemon$$Lambda$1030/1884454755.run(Unknown Source)
        at java.lang.Thread.run(Thread.java:750)
"Periodic HDDS volume checker" daemon prio=5 tid=221 timed_waiting
java.lang.Thread.State: TIMED_WAITING
        at sun.misc.Unsafe.park(Native Method)
        at java.util.concurrent.locks.LockSupport.parkNanos(LockSupport.java:215)
        at java.util.concurrent.locks.AbstractQueuedSynchronizer$ConditionObject.awaitNanos(AbstractQueuedSynchronizer.java:2078)
        at java.util.concurrent.ScheduledThreadPoolExecutor$DelayedWorkQueue.take(ScheduledThreadPoolExecutor.java:1093)
        at java.util.concurrent.ScheduledThreadPoolExecutor$DelayedWorkQueue.take(ScheduledThreadPoolExecutor.java:809)
        at java.util.concurrent.ThreadPoolExecutor.getTask(ThreadPoolExecutor.java:1074)
        at java.util.concurrent.ThreadPoolExecutor.runWorker(ThreadPoolExecutor.java:1134)
        at java.util.concurrent.ThreadPoolExecutor$Worker.run(ThreadPoolExecutor.java:624)
        at java.lang.Thread.run(Thread.java:750)
"BlockDeletingService#3" daemon prio=5 tid=941 in Object.wait()
java.lang.Thread.State: WAITING (on object monitor)
        at sun.misc.Unsafe.park(Native Method)
        at java.util.concurrent.locks.LockSupport.park(LockSupport.java:175)
        at java.util.concurrent.locks.AbstractQueuedSynchronizer$ConditionObject.await(AbstractQueuedSynchronizer.java:2039)
        at java.util.concurrent.ScheduledThreadPoolExecutor$DelayedWorkQueue.take(ScheduledThreadPoolExecutor.java:1088)
        at java.util.concurrent.ScheduledThreadPoolExecutor$DelayedWorkQueue.take(ScheduledThreadPoolExecutor.java:809)
        at java.util.concurrent.ThreadPoolExecutor.getTask(ThreadPoolExecutor.java:1074)
        at java.util.concurrent.ThreadPoolExecutor.runWorker(ThreadPoolExecutor.java:1134)
        at java.util.concurrent.ThreadPoolExecutor$Worker.run(ThreadPoolExecutor.java:624)
        at java.lang.Thread.run(Thread.java:750)
"Datanode ReportManager Thread - 1" daemon prio=5 tid=470 timed_waiting
java.lang.Thread.State: TIMED_WAITING
        at sun.misc.Unsafe.park(Native Method)
        at java.util.concurrent.locks.LockSupport.parkNanos(LockSupport.java:215)
        at java.util.concurrent.locks.AbstractQueuedSynchronizer$ConditionObject.awaitNanos(AbstractQueuedSynchronizer.java:2078)
        at java.util.concurrent.ScheduledThreadPoolExecutor$DelayedWorkQueue.take(ScheduledThreadPoolExecutor.java:1093)
        at java.util.concurrent.ScheduledThreadPoolExecutor$DelayedWorkQueue.take(ScheduledThreadPoolExecutor.java:809)
        at java.util.concurrent.ThreadPoolExecutor.getTask(ThreadPoolExecutor.java:1074)
        at java.util.concurrent.ThreadPoolExecutor.runWorker(ThreadPoolExecutor.java:1134)
        at java.util.concurrent.ThreadPoolExecutor$Worker.run(ThreadPoolExecutor.java:624)
        at java.lang.Thread.run(Thread.java:750)
"qtp1836950623-310" daemon prio=5 tid=310 timed_waiting
java.lang.Thread.State: TIMED_WAITING
        at sun.misc.Unsafe.park(Native Method)
        at java.util.concurrent.locks.LockSupport.parkNanos(LockSupport.java:215)
        at java.util.concurrent.locks.AbstractQueuedSynchronizer$ConditionObject.awaitNanos(AbstractQueuedSynchronizer.java:2078)
        at org.eclipse.jetty.util.BlockingArrayQueue.poll(BlockingArrayQueue.java:382)
        at org.eclipse.jetty.util.thread.QueuedThreadPool$Runner.idleJobPoll(QueuedThreadPool.java:974)
        at org.eclipse.jetty.util.thread.QueuedThreadPool$Runner.run(QueuedThreadPool.java:1018)
        at java.lang.Thread.run(Thread.java:750)
"IPC Server handler 1 on default port 33229" daemon prio=5 tid=38 timed_waiting
java.lang.Thread.State: TIMED_WAITING
        at sun.misc.Unsafe.park(Native Method)
        at java.util.concurrent.locks.LockSupport.parkNanos(LockSupport.java:215)
        at java.util.concurrent.locks.AbstractQueuedSynchronizer$ConditionObject.awaitNanos(AbstractQueuedSynchronizer.java:2078)
        at java.util.concurrent.LinkedBlockingQueue.poll(LinkedBlockingQueue.java:467)
        at org.apache.hadoop.ipc.CallQueueManager.take(CallQueueManager.java:317)
        at org.apache.hadoop.ipc.Server$Handler.run(Server.java:2942)
"BlockDeletingService#1" daemon prio=5 tid=462 in Object.wait()
java.lang.Thread.State: WAITING (on object monitor)
        at sun.misc.Unsafe.park(Native Method)
        at java.util.concurrent.locks.LockSupport.park(LockSupport.java:175)
        at java.util.concurrent.locks.AbstractQueuedSynchronizer$ConditionObject.await(AbstractQueuedSynchronizer.java:2039)
        at java.util.concurrent.ScheduledThreadPoolExecutor$DelayedWorkQueue.take(ScheduledThreadPoolExecutor.java:1088)
        at java.util.concurrent.ScheduledThreadPoolExecutor$DelayedWorkQueue.take(ScheduledThreadPoolExecutor.java:809)
        at java.util.concurrent.ThreadPoolExecutor.getTask(ThreadPoolExecutor.java:1074)
        at java.util.concurrent.ThreadPoolExecutor.runWorker(ThreadPoolExecutor.java:1134)
        at java.util.concurrent.ThreadPoolExecutor$Worker.run(ThreadPoolExecutor.java:624)
        at java.lang.Thread.run(Thread.java:750)
"qtp1246984673-174" daemon prio=5 tid=174 runnable
java.lang.Thread.State: RUNNABLE
        at sun.nio.ch.EPollArrayWrapper.epollWait(Native Method)
        at sun.nio.ch.EPollArrayWrapper.poll(EPollArrayWrapper.java:269)
        at sun.nio.ch.EPollSelectorImpl.doSelect(EPollSelectorImpl.java:93)
        at sun.nio.ch.SelectorImpl.lockAndDoSelect(SelectorImpl.java:86)
        at sun.nio.ch.SelectorImpl.select(SelectorImpl.java:97)
        at sun.nio.ch.SelectorImpl.select(SelectorImpl.java:101)
        at org.eclipse.jetty.io.ManagedSelector.nioSelect(ManagedSelector.java:183)
        at org.eclipse.jetty.io.ManagedSelector.select(ManagedSelector.java:190)
        at org.eclipse.jetty.io.ManagedSelector$SelectorProducer.select(ManagedSelector.java:606)
        at org.eclipse.jetty.io.ManagedSelector$SelectorProducer.produce(ManagedSelector.java:543)
        at org.eclipse.jetty.util.thread.strategy.EatWhatYouKill.produceTask(EatWhatYouKill.java:362)
        at org.eclipse.jetty.util.thread.strategy.EatWhatYouKill.doProduce(EatWhatYouKill.java:186)
        at org.eclipse.jetty.util.thread.strategy.EatWhatYouKill.tryProduce(EatWhatYouKill.java:173)
        at org.eclipse.jetty.util.thread.strategy.EatWhatYouKill.produce(EatWhatYouKill.java:137)
        at org.eclipse.jetty.io.ManagedSelector$$Lambda$443/465676958.run(Unknown Source)
        at org.eclipse.jetty.util.thread.QueuedThreadPool.runJob(QueuedThreadPool.java:883)
        at org.eclipse.jetty.util.thread.QueuedThreadPool$Runner.run(QueuedThreadPool.java:1034)
        at java.lang.Thread.run(Thread.java:750)
"86658d9d-b609-4403-bc8a-bf059dbdbb67-server-thread1" daemon prio=5 tid=862 timed_waiting
java.lang.Thread.State: TIMED_WAITING
        at sun.misc.Unsafe.park(Native Method)
        at java.util.concurrent.locks.LockSupport.parkNanos(LockSupport.java:215)
        at java.util.concurrent.SynchronousQueue$TransferStack.awaitFulfill(SynchronousQueue.java:460)
        at java.util.concurrent.SynchronousQueue$TransferStack.transfer(SynchronousQueue.java:362)
        at java.util.concurrent.SynchronousQueue.poll(SynchronousQueue.java:941)
        at java.util.concurrent.ThreadPoolExecutor.getTask(ThreadPoolExecutor.java:1073)
        at java.util.concurrent.ThreadPoolExecutor.runWorker(ThreadPoolExecutor.java:1134)
        at java.util.concurrent.ThreadPoolExecutor$Worker.run(ThreadPoolExecutor.java:624)
        at java.lang.Thread.run(Thread.java:750)
"JvmPauseMonitor6" daemon prio=5 tid=502 timed_waiting
java.lang.Thread.State: TIMED_WAITING
        at java.lang.Thread.sleep(Native Method)
        at java.lang.Thread.sleep(Thread.java:342)
        at java.util.concurrent.TimeUnit.sleep(TimeUnit.java:386)
        at org.apache.ratis.util.TimeDuration.sleep(TimeDuration.java:325)
        at org.apache.ratis.util.TimeDuration.sleep(TimeDuration.java:310)
        at org.apache.ratis.util.JvmPauseMonitor.detectPause(JvmPauseMonitor.java:119)
        at org.apache.ratis.util.JvmPauseMonitor.run(JvmPauseMonitor.java:108)
        at org.apache.ratis.util.JvmPauseMonitor$$Lambda$702/1227187683.run(Unknown Source)
        at java.lang.Thread.run(Thread.java:750)
"ChunkReader-3" daemon prio=5 tid=848 in Object.wait()
java.lang.Thread.State: WAITING (on object monitor)
        at sun.misc.Unsafe.park(Native Method)
        at java.util.concurrent.locks.LockSupport.park(LockSupport.java:175)
        at java.util.concurrent.locks.AbstractQueuedSynchronizer$ConditionObject.await(AbstractQueuedSynchronizer.java:2039)
        at java.util.concurrent.LinkedBlockingQueue.take(LinkedBlockingQueue.java:442)
        at java.util.concurrent.ThreadPoolExecutor.getTask(ThreadPoolExecutor.java:1074)
        at java.util.concurrent.ThreadPoolExecutor.runWorker(ThreadPoolExecutor.java:1134)
        at java.util.concurrent.ThreadPoolExecutor$Worker.run(ThreadPoolExecutor.java:624)
        at java.lang.Thread.run(Thread.java:750)
"IPC Server Responder" daemon prio=5 tid=26 runnable
java.lang.Thread.State: RUNNABLE
        at sun.nio.ch.EPollArrayWrapper.epollWait(Native Method)
        at sun.nio.ch.EPollArrayWrapper.poll(EPollArrayWrapper.java:269)
        at sun.nio.ch.EPollSelectorImpl.doSelect(EPollSelectorImpl.java:93)
        at sun.nio.ch.SelectorImpl.lockAndDoSelect(SelectorImpl.java:86)
        at sun.nio.ch.SelectorImpl.select(SelectorImpl.java:97)
        at org.apache.hadoop.ipc.Server$Responder.doRunLoop(Server.java:1532)
        at org.apache.hadoop.ipc.Server$Responder.run(Server.java:1515)
"ChunkReader-ELG-0" daemon prio=5 tid=554 runnable
java.lang.Thread.State: RUNNABLE
        at org.apache.ratis.thirdparty.io.netty.channel.epoll.Native.epollWait0(Native Method)
        at org.apache.ratis.thirdparty.io.netty.channel.epoll.Native.epollWait(Native.java:182)
        at org.apache.ratis.thirdparty.io.netty.channel.epoll.EpollEventLoop.epollWait(EpollEventLoop.java:290)
        at org.apache.ratis.thirdparty.io.netty.channel.epoll.EpollEventLoop.run(EpollEventLoop.java:354)
        at org.apache.ratis.thirdparty.io.netty.util.concurrent.SingleThreadEventExecutor$4.run(SingleThreadEventExecutor.java:995)
        at org.apache.ratis.thirdparty.io.netty.util.internal.ThreadExecutorMap$2.run(ThreadExecutorMap.java:74)
        at java.lang.Thread.run(Thread.java:750)
"Datanode ReportManager Thread - 4" daemon prio=5 tid=435 in Object.wait()
java.lang.Thread.State: WAITING (on object monitor)
        at sun.misc.Unsafe.park(Native Method)
        at java.util.concurrent.locks.LockSupport.park(LockSupport.java:175)
        at java.util.concurrent.locks.AbstractQueuedSynchronizer$ConditionObject.await(AbstractQueuedSynchronizer.java:2039)
        at java.util.concurrent.ScheduledThreadPoolExecutor$DelayedWorkQueue.take(ScheduledThreadPoolExecutor.java:1088)
        at java.util.concurrent.ScheduledThreadPoolExecutor$DelayedWorkQueue.take(ScheduledThreadPoolExecutor.java:809)
        at java.util.concurrent.ThreadPoolExecutor.getTask(ThreadPoolExecutor.java:1074)
        at java.util.concurrent.ThreadPoolExecutor.runWorker(ThreadPoolExecutor.java:1134)
        at java.util.concurrent.ThreadPoolExecutor$Worker.run(ThreadPoolExecutor.java:624)
        at java.lang.Thread.run(Thread.java:750)
"Datanode ReportManager Thread - 3" daemon prio=5 tid=187 timed_waiting
java.lang.Thread.State: TIMED_WAITING
        at sun.misc.Unsafe.park(Native Method)
        at java.util.concurrent.locks.LockSupport.parkNanos(LockSupport.java:215)
        at java.util.concurrent.locks.AbstractQueuedSynchronizer$ConditionObject.awaitNanos(AbstractQueuedSynchronizer.java:2078)
        at java.util.concurrent.ScheduledThreadPoolExecutor$DelayedWorkQueue.take(ScheduledThreadPoolExecutor.java:1093)
        at java.util.concurrent.ScheduledThreadPoolExecutor$DelayedWorkQueue.take(ScheduledThreadPoolExecutor.java:809)
        at java.util.concurrent.ThreadPoolExecutor.getTask(ThreadPoolExecutor.java:1074)
        at java.util.concurrent.ThreadPoolExecutor.runWorker(ThreadPoolExecutor.java:1134)
        at java.util.concurrent.ThreadPoolExecutor$Worker.run(ThreadPoolExecutor.java:624)
        at java.lang.Thread.run(Thread.java:750)
"FullTableCache Cleanup Thread - 0" daemon prio=5 tid=817 in Object.wait()
java.lang.Thread.State: WAITING (on object monitor)
        at sun.misc.Unsafe.park(Native Method)
        at java.util.concurrent.locks.LockSupport.park(LockSupport.java:175)
        at java.util.concurrent.locks.AbstractQueuedSynchronizer$ConditionObject.await(AbstractQueuedSynchronizer.java:2039)
        at java.util.concurrent.LinkedBlockingQueue.take(LinkedBlockingQueue.java:442)
        at java.util.concurrent.ThreadPoolExecutor.getTask(ThreadPoolExecutor.java:1074)
        at java.util.concurrent.ThreadPoolExecutor.runWorker(ThreadPoolExecutor.java:1134)
        at java.util.concurrent.ThreadPoolExecutor$Worker.run(ThreadPoolExecutor.java:624)
        at java.lang.Thread.run(Thread.java:750)
"JvmPauseMonitor2" daemon prio=5 tid=386 timed_waiting
java.lang.Thread.State: TIMED_WAITING
        at java.lang.Thread.sleep(Native Method)
        at java.lang.Thread.sleep(Thread.java:342)
        at java.util.concurrent.TimeUnit.sleep(TimeUnit.java:386)
        at org.apache.ratis.util.TimeDuration.sleep(TimeDuration.java:325)
        at org.apache.ratis.util.TimeDuration.sleep(TimeDuration.java:310)
        at org.apache.ratis.util.JvmPauseMonitor.detectPause(JvmPauseMonitor.java:119)
        at org.apache.ratis.util.JvmPauseMonitor.run(JvmPauseMonitor.java:108)
        at org.apache.ratis.util.JvmPauseMonitor$$Lambda$702/1227187683.run(Unknown Source)
        at java.lang.Thread.run(Thread.java:750)
"qtp1890320776-378" daemon prio=5 tid=378 timed_waiting
java.lang.Thread.State: TIMED_WAITING
        at sun.misc.Unsafe.park(Native Method)
        at java.util.concurrent.locks.LockSupport.parkNanos(LockSupport.java:215)
        at java.util.concurrent.locks.AbstractQueuedSynchronizer$ConditionObject.awaitNanos(AbstractQueuedSynchronizer.java:2078)
        at org.eclipse.jetty.util.BlockingArrayQueue.poll(BlockingArrayQueue.java:382)
        at org.eclipse.jetty.util.thread.QueuedThreadPool$Runner.idleJobPoll(QueuedThreadPool.java:974)
        at org.eclipse.jetty.util.thread.QueuedThreadPool$Runner.run(QueuedThreadPool.java:1018)
        at java.lang.Thread.run(Thread.java:750)
"qtp1890320776-376" daemon prio=5 tid=376 timed_waiting
java.lang.Thread.State: TIMED_WAITING
        at sun.misc.Unsafe.park(Native Method)
        at java.util.concurrent.locks.LockSupport.parkNanos(LockSupport.java:215)
        at java.util.concurrent.locks.AbstractQueuedSynchronizer$ConditionObject.awaitNanos(AbstractQueuedSynchronizer.java:2078)
        at org.eclipse.jetty.util.BlockingArrayQueue.poll(BlockingArrayQueue.java:382)
        at org.eclipse.jetty.util.thread.QueuedThreadPool$Runner.idleJobPoll(QueuedThreadPool.java:974)
        at org.eclipse.jetty.util.thread.QueuedThreadPool$Runner.run(QueuedThreadPool.java:1018)
        at java.lang.Thread.run(Thread.java:750)
"qtp1433335917-257" daemon prio=5 tid=257 timed_waiting
java.lang.Thread.State: TIMED_WAITING
        at sun.misc.Unsafe.park(Native Method)
        at java.util.concurrent.locks.LockSupport.parkNanos(LockSupport.java:215)
        at java.util.concurrent.locks.AbstractQueuedSynchronizer$ConditionObject.awaitNanos(AbstractQueuedSynchronizer.java:2078)
        at org.eclipse.jetty.util.BlockingArrayQueue.poll(BlockingArrayQueue.java:382)
        at org.eclipse.jetty.util.thread.QueuedThreadPool$Runner.idleJobPoll(QueuedThreadPool.java:974)
        at org.eclipse.jetty.util.thread.QueuedThreadPool$Runner.run(QueuedThreadPool.java:1018)
        at java.lang.Thread.run(Thread.java:750)
"86658d9d-b609-4403-bc8a-bf059dbdbb67@group-CE71C629F99F->0c76121b-7d6b-4708-9ae8-9ff4448060b7-GrpcLogAppender-LogAppenderDaemon" daemon prio=5 tid=872 timed_waiting
java.lang.Thread.State: TIMED_WAITING
        at sun.misc.Unsafe.park(Native Method)
        at java.util.concurrent.locks.LockSupport.parkNanos(LockSupport.java:215)
        at java.util.concurrent.CompletableFuture$Signaller.block(CompletableFuture.java:1709)
        at java.util.concurrent.ForkJoinPool.managedBlock(ForkJoinPool.java:3323)
        at java.util.concurrent.CompletableFuture.timedGet(CompletableFuture.java:1788)
        at java.util.concurrent.CompletableFuture.get(CompletableFuture.java:1928)
        at org.apache.ratis.util.AwaitForSignal.await(AwaitForSignal.java:56)
        at org.apache.ratis.grpc.server.GrpcLogAppender.mayWait(GrpcLogAppender.java:198)
        at org.apache.ratis.grpc.server.GrpcLogAppender.run(GrpcLogAppender.java:148)
        at org.apache.ratis.server.leader.LogAppenderDaemon.run(LogAppenderDaemon.java:78)
        at org.apache.ratis.server.leader.LogAppenderDaemon$$Lambda$1030/1884454755.run(Unknown Source)
        at java.lang.Thread.run(Thread.java:750)
"IPC Server handler 12 on default port 39909" daemon prio=5 tid=89 timed_waiting
java.lang.Thread.State: TIMED_WAITING
        at sun.misc.Unsafe.park(Native Method)
        at java.util.concurrent.locks.LockSupport.parkNanos(LockSupport.java:215)
        at java.util.concurrent.locks.AbstractQueuedSynchronizer$ConditionObject.awaitNanos(AbstractQueuedSynchronizer.java:2078)
        at java.util.concurrent.LinkedBlockingQueue.poll(LinkedBlockingQueue.java:467)
        at org.apache.hadoop.ipc.CallQueueManager.take(CallQueueManager.java:317)
        at org.apache.hadoop.ipc.Server$Handler.run(Server.java:2942)
"qtp936869842-228" daemon prio=5 tid=228 runnable
java.lang.Thread.State: RUNNABLE
        at sun.nio.ch.EPollArrayWrapper.epollWait(Native Method)
        at sun.nio.ch.EPollArrayWrapper.poll(EPollArrayWrapper.java:269)
        at sun.nio.ch.EPollSelectorImpl.doSelect(EPollSelectorImpl.java:93)
        at sun.nio.ch.SelectorImpl.lockAndDoSelect(SelectorImpl.java:86)
        at sun.nio.ch.SelectorImpl.select(SelectorImpl.java:97)
        at sun.nio.ch.SelectorImpl.select(SelectorImpl.java:101)
        at org.eclipse.jetty.io.ManagedSelector.nioSelect(ManagedSelector.java:183)
        at org.eclipse.jetty.io.ManagedSelector.select(ManagedSelector.java:190)
        at org.eclipse.jetty.io.ManagedSelector$SelectorProducer.select(ManagedSelector.java:606)
        at org.eclipse.jetty.io.ManagedSelector$SelectorProducer.produce(ManagedSelector.java:543)
        at org.eclipse.jetty.util.thread.strategy.EatWhatYouKill.produceTask(EatWhatYouKill.java:362)
        at org.eclipse.jetty.util.thread.strategy.EatWhatYouKill.doProduce(EatWhatYouKill.java:186)
        at org.eclipse.jetty.util.thread.strategy.EatWhatYouKill.tryProduce(EatWhatYouKill.java:173)
        at org.eclipse.jetty.util.thread.strategy.EatWhatYouKill.produce(EatWhatYouKill.java:137)
        at org.eclipse.jetty.io.ManagedSelector$$Lambda$443/465676958.run(Unknown Source)
        at org.eclipse.jetty.util.thread.QueuedThreadPool.runJob(QueuedThreadPool.java:883)
        at org.eclipse.jetty.util.thread.QueuedThreadPool$Runner.run(QueuedThreadPool.java:1034)
        at java.lang.Thread.run(Thread.java:750)
"Command processor thread" daemon prio=5 tid=189 timed_waiting
java.lang.Thread.State: TIMED_WAITING
        at java.lang.Thread.sleep(Native Method)
        at org.apache.hadoop.ozone.container.common.statemachine.DatanodeStateMachine.lambda$initCommandHandlerThread$3(DatanodeStateMachine.java:634)
        at org.apache.hadoop.ozone.container.common.statemachine.DatanodeStateMachine$$Lambda$747/2071845850.run(Unknown Source)
        at java.lang.Thread.run(Thread.java:750)
"IPC Server handler 7 on default port 36683" daemon prio=5 tid=64 timed_waiting
java.lang.Thread.State: TIMED_WAITING
        at sun.misc.Unsafe.park(Native Method)
        at java.util.concurrent.locks.LockSupport.parkNanos(LockSupport.java:215)
        at java.util.concurrent.locks.AbstractQueuedSynchronizer$ConditionObject.awaitNanos(AbstractQueuedSynchronizer.java:2078)
        at java.util.concurrent.LinkedBlockingQueue.poll(LinkedBlockingQueue.java:467)
        at org.apache.hadoop.ipc.CallQueueManager.take(CallQueueManager.java:317)
        at org.apache.hadoop.ipc.Server$Handler.run(Server.java:2942)
"qtp936869842-233" daemon prio=5 tid=233 timed_waiting
java.lang.Thread.State: TIMED_WAITING
        at sun.misc.Unsafe.park(Native Method)
        at java.util.concurrent.locks.LockSupport.parkNanos(LockSupport.java:215)
        at java.util.concurrent.locks.AbstractQueuedSynchronizer$ConditionObject.awaitNanos(AbstractQueuedSynchronizer.java:2078)
        at org.eclipse.jetty.util.BlockingArrayQueue.poll(BlockingArrayQueue.java:382)
        at org.eclipse.jetty.util.thread.QueuedThreadPool$Runner.idleJobPoll(QueuedThreadPool.java:974)
        at org.eclipse.jetty.util.thread.QueuedThreadPool$Runner.run(QueuedThreadPool.java:1018)
        at java.lang.Thread.run(Thread.java:750)
"IPC Server handler 7 on default port 33229" daemon prio=5 tid=44 timed_waiting
java.lang.Thread.State: TIMED_WAITING
        at sun.misc.Unsafe.park(Native Method)
        at java.util.concurrent.locks.LockSupport.parkNanos(LockSupport.java:215)
        at java.util.concurrent.locks.AbstractQueuedSynchronizer$ConditionObject.awaitNanos(AbstractQueuedSynchronizer.java:2078)
        at java.util.concurrent.LinkedBlockingQueue.poll(LinkedBlockingQueue.java:467)
        at org.apache.hadoop.ipc.CallQueueManager.take(CallQueueManager.java:317)
        at org.apache.hadoop.ipc.Server$Handler.run(Server.java:2942)
"Datanode State Machine Task Thread - 0"  prio=5 tid=326 in Object.wait()
java.lang.Thread.State: WAITING (on object monitor)
        at sun.misc.Unsafe.park(Native Method)
        at java.util.concurrent.locks.LockSupport.park(LockSupport.java:175)
        at java.util.concurrent.locks.AbstractQueuedSynchronizer$ConditionObject.await(AbstractQueuedSynchronizer.java:2039)
        at java.util.concurrent.LinkedBlockingQueue.take(LinkedBlockingQueue.java:442)
        at java.util.concurrent.ThreadPoolExecutor.getTask(ThreadPoolExecutor.java:1074)
        at java.util.concurrent.ThreadPoolExecutor.runWorker(ThreadPoolExecutor.java:1134)
        at java.util.concurrent.ThreadPoolExecutor$Worker.run(ThreadPoolExecutor.java:624)
        at java.lang.Thread.run(Thread.java:750)
"qtp1290931099-461" daemon prio=5 tid=461 timed_waiting
java.lang.Thread.State: TIMED_WAITING
        at sun.misc.Unsafe.park(Native Method)
        at java.util.concurrent.locks.LockSupport.parkNanos(LockSupport.java:215)
        at java.util.concurrent.locks.AbstractQueuedSynchronizer$ConditionObject.awaitNanos(AbstractQueuedSynchronizer.java:2078)
        at org.eclipse.jetty.util.BlockingArrayQueue.poll(BlockingArrayQueue.java:382)
        at org.eclipse.jetty.util.thread.QueuedThreadPool$Runner.idleJobPoll(QueuedThreadPool.java:974)
        at org.eclipse.jetty.util.thread.QueuedThreadPool$Runner.run(QueuedThreadPool.java:1018)
        at java.lang.Thread.run(Thread.java:750)
"IPC Server handler 6 on default port 39909" daemon prio=5 tid=83 timed_waiting
java.lang.Thread.State: TIMED_WAITING
        at sun.misc.Unsafe.park(Native Method)
        at java.util.concurrent.locks.LockSupport.parkNanos(LockSupport.java:215)
        at java.util.concurrent.locks.AbstractQueuedSynchronizer$ConditionObject.awaitNanos(AbstractQueuedSynchronizer.java:2078)
        at java.util.concurrent.LinkedBlockingQueue.poll(LinkedBlockingQueue.java:467)
        at org.apache.hadoop.ipc.CallQueueManager.take(CallQueueManager.java:317)
        at org.apache.hadoop.ipc.Server$Handler.run(Server.java:2942)
"EndpointStateMachine task thread for /0.0.0.0:39909 - 0 "  prio=5 tid=522 in Object.wait()
java.lang.Thread.State: WAITING (on object monitor)
        at sun.misc.Unsafe.park(Native Method)
        at java.util.concurrent.locks.LockSupport.park(LockSupport.java:175)
        at java.util.concurrent.locks.AbstractQueuedSynchronizer$ConditionObject.await(AbstractQueuedSynchronizer.java:2039)
        at java.util.concurrent.LinkedBlockingQueue.take(LinkedBlockingQueue.java:442)
        at java.util.concurrent.ThreadPoolExecutor.getTask(ThreadPoolExecutor.java:1074)
        at java.util.concurrent.ThreadPoolExecutor.runWorker(ThreadPoolExecutor.java:1134)
        at java.util.concurrent.ThreadPoolExecutor$Worker.run(ThreadPoolExecutor.java:624)
        at java.lang.Thread.run(Thread.java:750)
"Datanode State Machine Daemon Thread" daemon prio=5 tid=318 timed_waiting
java.lang.Thread.State: TIMED_WAITING
        at java.lang.Thread.sleep(Native Method)
        at org.apache.hadoop.ozone.container.common.statemachine.DatanodeStateMachine.startStateMachineThread(DatanodeStateMachine.java:318)
        at org.apache.hadoop.ozone.container.common.statemachine.DatanodeStateMachine.lambda$startDaemon$0(DatanodeStateMachine.java:499)
        at org.apache.hadoop.ozone.container.common.statemachine.DatanodeStateMachine$$Lambda$745/1741217770.run(Unknown Source)
        at java.lang.Thread.run(Thread.java:750)
"IPC Server handler 0 on default port 39909" daemon prio=5 tid=77 timed_waiting
java.lang.Thread.State: TIMED_WAITING
        at sun.misc.Unsafe.park(Native Method)
        at java.util.concurrent.locks.LockSupport.parkNanos(LockSupport.java:215)
        at java.util.concurrent.locks.AbstractQueuedSynchronizer$ConditionObject.awaitNanos(AbstractQueuedSynchronizer.java:2078)
        at java.util.concurrent.LinkedBlockingQueue.poll(LinkedBlockingQueue.java:467)
        at org.apache.hadoop.ipc.CallQueueManager.take(CallQueueManager.java:317)
        at org.apache.hadoop.ipc.Server$Handler.run(Server.java:2942)
"DatanodeAdminManager-0" daemon prio=5 tid=21 timed_waiting
java.lang.Thread.State: TIMED_WAITING
        at sun.misc.Unsafe.park(Native Method)
        at java.util.concurrent.locks.LockSupport.parkNanos(LockSupport.java:215)
        at java.util.concurrent.locks.AbstractQueuedSynchronizer$ConditionObject.awaitNanos(AbstractQueuedSynchronizer.java:2078)
        at java.util.concurrent.ScheduledThreadPoolExecutor$DelayedWorkQueue.take(ScheduledThreadPoolExecutor.java:1093)
        at java.util.concurrent.ScheduledThreadPoolExecutor$DelayedWorkQueue.take(ScheduledThreadPoolExecutor.java:809)
        at java.util.concurrent.ThreadPoolExecutor.getTask(ThreadPoolExecutor.java:1074)
        at java.util.concurrent.ThreadPoolExecutor.runWorker(ThreadPoolExecutor.java:1134)
        at java.util.concurrent.ThreadPoolExecutor$Worker.run(ThreadPoolExecutor.java:624)
        at java.lang.Thread.run(Thread.java:750)
"StaleRecoveringContainerScrubbingService#2" daemon prio=5 tid=924 in Object.wait()
java.lang.Thread.State: WAITING (on object monitor)
        at sun.misc.Unsafe.park(Native Method)
        at java.util.concurrent.locks.LockSupport.park(LockSupport.java:175)
        at java.util.concurrent.locks.AbstractQueuedSynchronizer$ConditionObject.await(AbstractQueuedSynchronizer.java:2039)
        at java.util.concurrent.ScheduledThreadPoolExecutor$DelayedWorkQueue.take(ScheduledThreadPoolExecutor.java:1088)
        at java.util.concurrent.ScheduledThreadPoolExecutor$DelayedWorkQueue.take(ScheduledThreadPoolExecutor.java:809)
        at java.util.concurrent.ThreadPoolExecutor.getTask(ThreadPoolExecutor.java:1074)
        at java.util.concurrent.ThreadPoolExecutor.runWorker(ThreadPoolExecutor.java:1134)
        at java.util.concurrent.ThreadPoolExecutor$Worker.run(ThreadPoolExecutor.java:624)
        at java.lang.Thread.run(Thread.java:750)
"d4065fed-2d66-41be-989b-4bd24a4f6517@group-297D8D80ECA4-LeaderStateImpl" daemon prio=5 tid=720 timed_waiting
java.lang.Thread.State: TIMED_WAITING
        at sun.misc.Unsafe.park(Native Method)
        at java.util.concurrent.locks.LockSupport.parkNanos(LockSupport.java:215)
        at java.util.concurrent.locks.AbstractQueuedSynchronizer$ConditionObject.awaitNanos(AbstractQueuedSynchronizer.java:2078)
        at java.util.concurrent.ArrayBlockingQueue.poll(ArrayBlockingQueue.java:418)
        at org.apache.ratis.server.impl.LeaderStateImpl$EventQueue.poll(LeaderStateImpl.java:159)
        at org.apache.ratis.server.impl.LeaderStateImpl$EventProcessor.run(LeaderStateImpl.java:630)
"Datanode State Machine Task Thread - 1"  prio=5 tid=477 in Object.wait()
java.lang.Thread.State: WAITING (on object monitor)
        at sun.misc.Unsafe.park(Native Method)
        at java.util.concurrent.locks.LockSupport.park(LockSupport.java:175)
        at java.util.concurrent.locks.AbstractQueuedSynchronizer$ConditionObject.await(AbstractQueuedSynchronizer.java:2039)
        at java.util.concurrent.LinkedBlockingQueue.take(LinkedBlockingQueue.java:442)
        at java.util.concurrent.ThreadPoolExecutor.getTask(ThreadPoolExecutor.java:1074)
        at java.util.concurrent.ThreadPoolExecutor.runWorker(ThreadPoolExecutor.java:1134)
        at java.util.concurrent.ThreadPoolExecutor$Worker.run(ThreadPoolExecutor.java:624)
        at java.lang.Thread.run(Thread.java:750)
"BlockDeletingService#1" daemon prio=5 tid=557 in Object.wait()
java.lang.Thread.State: WAITING (on object monitor)
        at sun.misc.Unsafe.park(Native Method)
        at java.util.concurrent.locks.LockSupport.park(LockSupport.java:175)
        at java.util.concurrent.locks.AbstractQueuedSynchronizer$ConditionObject.await(AbstractQueuedSynchronizer.java:2039)
        at java.util.concurrent.ScheduledThreadPoolExecutor$DelayedWorkQueue.take(ScheduledThreadPoolExecutor.java:1088)
        at java.util.concurrent.ScheduledThreadPoolExecutor$DelayedWorkQueue.take(ScheduledThreadPoolExecutor.java:809)
        at java.util.concurrent.ThreadPoolExecutor.getTask(ThreadPoolExecutor.java:1074)
        at java.util.concurrent.ThreadPoolExecutor.runWorker(ThreadPoolExecutor.java:1134)
        at java.util.concurrent.ThreadPoolExecutor$Worker.run(ThreadPoolExecutor.java:624)
        at java.lang.Thread.run(Thread.java:750)
"org.apache.hadoop.util.JvmPauseMonitor$Monitor@7f334406" daemon prio=5 tid=191 timed_waiting
java.lang.Thread.State: TIMED_WAITING
        at java.lang.Thread.sleep(Native Method)
        at org.apache.hadoop.util.JvmPauseMonitor$Monitor.run(JvmPauseMonitor.java:192)
        at java.lang.Thread.run(Thread.java:750)
"CommandWatcher-LeaseManager#LeaseMonitor" daemon prio=5 tid=36 timed_waiting
java.lang.Thread.State: TIMED_WAITING
        at java.lang.Object.wait(Native Method)
        at org.apache.hadoop.ozone.lease.LeaseManager$LeaseMonitor.run(LeaseManager.java:238)
        at java.lang.Thread.run(Thread.java:750)
"0c76121b-7d6b-4708-9ae8-9ff4448060b7@group-C2A56A5A39AA-LeaderStateImpl" daemon prio=5 tid=859 timed_waiting
java.lang.Thread.State: TIMED_WAITING
        at sun.misc.Unsafe.park(Native Method)
        at java.util.concurrent.locks.LockSupport.parkNanos(LockSupport.java:215)
        at java.util.concurrent.locks.AbstractQueuedSynchronizer$ConditionObject.awaitNanos(AbstractQueuedSynchronizer.java:2078)
        at java.util.concurrent.ArrayBlockingQueue.poll(ArrayBlockingQueue.java:418)
        at org.apache.ratis.server.impl.LeaderStateImpl$EventQueue.poll(LeaderStateImpl.java:159)
        at org.apache.ratis.server.impl.LeaderStateImpl$EventProcessor.run(LeaderStateImpl.java:630)
"qtp1290931099-460" daemon prio=5 tid=460 timed_waiting
java.lang.Thread.State: TIMED_WAITING
        at sun.misc.Unsafe.park(Native Method)
        at java.util.concurrent.locks.LockSupport.parkNanos(LockSupport.java:215)
        at java.util.concurrent.locks.AbstractQueuedSynchronizer$ConditionObject.awaitNanos(AbstractQueuedSynchronizer.java:2078)
        at org.eclipse.jetty.util.BlockingArrayQueue.poll(BlockingArrayQueue.java:382)
        at org.eclipse.jetty.util.thread.QueuedThreadPool$Runner.idleJobPoll(QueuedThreadPool.java:974)
        at org.eclipse.jetty.util.thread.QueuedThreadPool$Runner.run(QueuedThreadPool.java:1018)
        at java.lang.Thread.run(Thread.java:750)
"JvmPauseMonitor10" daemon prio=5 tid=553 timed_waiting
java.lang.Thread.State: TIMED_WAITING
        at java.lang.Thread.sleep(Native Method)
        at java.lang.Thread.sleep(Thread.java:342)
        at java.util.concurrent.TimeUnit.sleep(TimeUnit.java:386)
        at org.apache.ratis.util.TimeDuration.sleep(TimeDuration.java:325)
        at org.apache.ratis.util.TimeDuration.sleep(TimeDuration.java:310)
        at org.apache.ratis.util.JvmPauseMonitor.detectPause(JvmPauseMonitor.java:119)
        at org.apache.ratis.util.JvmPauseMonitor.run(JvmPauseMonitor.java:108)
        at org.apache.ratis.util.JvmPauseMonitor$$Lambda$702/1227187683.run(Unknown Source)
        at java.lang.Thread.run(Thread.java:750)
"pool-64-thread-1" daemon prio=5 tid=168 timed_waiting
java.lang.Thread.State: TIMED_WAITING
        at sun.misc.Unsafe.park(Native Method)
        at java.util.concurrent.locks.LockSupport.parkNanos(LockSupport.java:215)
        at java.util.concurrent.locks.AbstractQueuedSynchronizer$ConditionObject.awaitNanos(AbstractQueuedSynchronizer.java:2078)
        at java.util.concurrent.ScheduledThreadPoolExecutor$DelayedWorkQueue.take(ScheduledThreadPoolExecutor.java:1093)
        at java.util.concurrent.ScheduledThreadPoolExecutor$DelayedWorkQueue.take(ScheduledThreadPoolExecutor.java:809)
        at java.util.concurrent.ThreadPoolExecutor.getTask(ThreadPoolExecutor.java:1074)
        at java.util.concurrent.ThreadPoolExecutor.runWorker(ThreadPoolExecutor.java:1134)
        at java.util.concurrent.ThreadPoolExecutor$Worker.run(ThreadPoolExecutor.java:624)
        at java.lang.Thread.run(Thread.java:750)
"qtp1890320776-375" daemon prio=5 tid=375 timed_waiting
java.lang.Thread.State: TIMED_WAITING
        at sun.misc.Unsafe.park(Native Method)
        at java.util.concurrent.locks.LockSupport.parkNanos(LockSupport.java:215)
        at java.util.concurrent.locks.AbstractQueuedSynchronizer$ConditionObject.awaitNanos(AbstractQueuedSynchronizer.java:2078)
        at org.eclipse.jetty.util.BlockingArrayQueue.poll(BlockingArrayQueue.java:382)
        at org.eclipse.jetty.util.thread.QueuedThreadPool$Runner.idleJobPoll(QueuedThreadPool.java:974)
        at org.eclipse.jetty.util.thread.QueuedThreadPool$Runner.run(QueuedThreadPool.java:1018)
        at java.lang.Thread.run(Thread.java:750)
"StaleRecoveringContainerScrubbingService#1" daemon prio=5 tid=390 in Object.wait()
java.lang.Thread.State: WAITING (on object monitor)
        at sun.misc.Unsafe.park(Native Method)
        at java.util.concurrent.locks.LockSupport.park(LockSupport.java:175)
        at java.util.concurrent.locks.AbstractQueuedSynchronizer$ConditionObject.await(AbstractQueuedSynchronizer.java:2039)
        at java.util.concurrent.ScheduledThreadPoolExecutor$DelayedWorkQueue.take(ScheduledThreadPoolExecutor.java:1088)
        at java.util.concurrent.ScheduledThreadPoolExecutor$DelayedWorkQueue.take(ScheduledThreadPoolExecutor.java:809)
        at java.util.concurrent.ThreadPoolExecutor.getTask(ThreadPoolExecutor.java:1074)
        at java.util.concurrent.ThreadPoolExecutor.runWorker(ThreadPoolExecutor.java:1134)
        at java.util.concurrent.ThreadPoolExecutor$Worker.run(ThreadPoolExecutor.java:624)
        at java.lang.Thread.run(Thread.java:750)
"IPC Server handler 10 on default port 36683" daemon prio=5 tid=67 timed_waiting
java.lang.Thread.State: TIMED_WAITING
        at sun.misc.Unsafe.park(Native Method)
        at java.util.concurrent.locks.LockSupport.parkNanos(LockSupport.java:215)
        at java.util.concurrent.locks.AbstractQueuedSynchronizer$ConditionObject.awaitNanos(AbstractQueuedSynchronizer.java:2078)
        at java.util.concurrent.LinkedBlockingQueue.poll(LinkedBlockingQueue.java:467)
        at org.apache.hadoop.ipc.CallQueueManager.take(CallQueueManager.java:317)
        at org.apache.hadoop.ipc.Server$Handler.run(Server.java:2942)
"Socket Reader #1 for port 0"  prio=5 tid=32 runnable
java.lang.Thread.State: RUNNABLE
        at sun.nio.ch.EPollArrayWrapper.epollWait(Native Method)
        at sun.nio.ch.EPollArrayWrapper.poll(EPollArrayWrapper.java:269)
        at sun.nio.ch.EPollSelectorImpl.doSelect(EPollSelectorImpl.java:93)
        at sun.nio.ch.SelectorImpl.lockAndDoSelect(SelectorImpl.java:86)
        at sun.nio.ch.SelectorImpl.select(SelectorImpl.java:97)
        at sun.nio.ch.SelectorImpl.select(SelectorImpl.java:101)
        at org.apache.hadoop.ipc.Server$Listener$Reader.doRunLoop(Server.java:1296)
        at org.apache.hadoop.ipc.Server$Listener$Reader.run(Server.java:1275)
"be21c5c4-321c-411e-8ca9-5bb5909d110b@group-670B8877836B-StateMachineUpdater" daemon prio=5 tid=623 timed_waiting
java.lang.Thread.State: TIMED_WAITING
        at sun.misc.Unsafe.park(Native Method)
        at java.util.concurrent.locks.LockSupport.parkNanos(LockSupport.java:215)
        at java.util.concurrent.CompletableFuture$Signaller.block(CompletableFuture.java:1709)
        at java.util.concurrent.ForkJoinPool.managedBlock(ForkJoinPool.java:3323)
        at java.util.concurrent.CompletableFuture.timedGet(CompletableFuture.java:1788)
        at java.util.concurrent.CompletableFuture.get(CompletableFuture.java:1928)
        at org.apache.ratis.util.AwaitForSignal.await(AwaitForSignal.java:56)
        at org.apache.ratis.server.impl.StateMachineUpdater.waitForCommit(StateMachineUpdater.java:207)
        at org.apache.ratis.server.impl.StateMachineUpdater.run(StateMachineUpdater.java:176)
        at java.lang.Thread.run(Thread.java:750)
"IPC Server handler 16 on default port 33161" daemon prio=5 tid=160 timed_waiting
java.lang.Thread.State: TIMED_WAITING
        at sun.misc.Unsafe.park(Native Method)
        at java.util.concurrent.locks.LockSupport.parkNanos(LockSupport.java:215)
        at java.util.concurrent.locks.AbstractQueuedSynchronizer$ConditionObject.awaitNanos(AbstractQueuedSynchronizer.java:2078)
        at java.util.concurrent.LinkedBlockingQueue.poll(LinkedBlockingQueue.java:467)
        at org.apache.hadoop.ipc.CallQueueManager.take(CallQueueManager.java:317)
        at org.apache.hadoop.ipc.Server$Handler.run(Server.java:2942)
"0c76121b-7d6b-4708-9ae8-9ff4448060b7@group-C2A56A5A39AA-StateMachineUpdater" daemon prio=5 tid=579 timed_waiting
java.lang.Thread.State: TIMED_WAITING
        at sun.misc.Unsafe.park(Native Method)
        at java.util.concurrent.locks.LockSupport.parkNanos(LockSupport.java:215)
        at java.util.concurrent.CompletableFuture$Signaller.block(CompletableFuture.java:1709)
        at java.util.concurrent.ForkJoinPool.managedBlock(ForkJoinPool.java:3323)
        at java.util.concurrent.CompletableFuture.timedGet(CompletableFuture.java:1788)
        at java.util.concurrent.CompletableFuture.get(CompletableFuture.java:1928)
        at org.apache.ratis.util.AwaitForSignal.await(AwaitForSignal.java:56)
        at org.apache.ratis.server.impl.StateMachineUpdater.waitForCommit(StateMachineUpdater.java:207)
        at org.apache.ratis.server.impl.StateMachineUpdater.run(StateMachineUpdater.java:176)
        at java.lang.Thread.run(Thread.java:750)
"IPC Server handler 4 on default port 33161" daemon prio=5 tid=148 timed_waiting
java.lang.Thread.State: TIMED_WAITING
        at sun.misc.Unsafe.park(Native Method)
        at java.util.concurrent.locks.LockSupport.parkNanos(LockSupport.java:215)
        at java.util.concurrent.locks.AbstractQueuedSynchronizer$ConditionObject.awaitNanos(AbstractQueuedSynchronizer.java:2078)
        at java.util.concurrent.LinkedBlockingQueue.poll(LinkedBlockingQueue.java:467)
        at org.apache.hadoop.ipc.CallQueueManager.take(CallQueueManager.java:317)
        at org.apache.hadoop.ipc.Server$Handler.run(Server.java:2942)
"ChunkWriter-0-0" daemon prio=5 tid=498 in Object.wait()
java.lang.Thread.State: WAITING (on object monitor)
        at sun.misc.Unsafe.park(Native Method)
        at java.util.concurrent.locks.LockSupport.park(LockSupport.java:175)
        at java.util.concurrent.locks.AbstractQueuedSynchronizer$ConditionObject.await(AbstractQueuedSynchronizer.java:2039)
        at java.util.concurrent.LinkedBlockingDeque.takeFirst(LinkedBlockingDeque.java:492)
        at java.util.concurrent.LinkedBlockingDeque.take(LinkedBlockingDeque.java:680)
        at java.util.concurrent.ThreadPoolExecutor.getTask(ThreadPoolExecutor.java:1074)
        at java.util.concurrent.ThreadPoolExecutor.runWorker(ThreadPoolExecutor.java:1134)
        at java.util.concurrent.ThreadPoolExecutor$Worker.run(ThreadPoolExecutor.java:624)
        at java.lang.Thread.run(Thread.java:750)
"qtp936869842-230" daemon prio=5 tid=230 timed_waiting
java.lang.Thread.State: TIMED_WAITING
        at sun.misc.Unsafe.park(Native Method)
        at java.util.concurrent.locks.LockSupport.parkNanos(LockSupport.java:215)
        at java.util.concurrent.locks.AbstractQueuedSynchronizer$ConditionObject.awaitNanos(AbstractQueuedSynchronizer.java:2078)
        at org.eclipse.jetty.util.BlockingArrayQueue.poll(BlockingArrayQueue.java:382)
        at org.eclipse.jetty.util.thread.QueuedThreadPool$Runner.idleJobPoll(QueuedThreadPool.java:974)
        at org.eclipse.jetty.util.thread.QueuedThreadPool$Runner.run(QueuedThreadPool.java:1018)
        at java.lang.Thread.run(Thread.java:750)
"qtp1433335917-256" daemon prio=5 tid=256 timed_waiting
java.lang.Thread.State: TIMED_WAITING
        at sun.misc.Unsafe.park(Native Method)
        at java.util.concurrent.locks.LockSupport.parkNanos(LockSupport.java:215)
        at java.util.concurrent.locks.AbstractQueuedSynchronizer$ConditionObject.awaitNanos(AbstractQueuedSynchronizer.java:2078)
        at org.eclipse.jetty.util.BlockingArrayQueue.poll(BlockingArrayQueue.java:382)
        at org.eclipse.jetty.util.thread.QueuedThreadPool$Runner.idleJobPoll(QueuedThreadPool.java:974)
        at org.eclipse.jetty.util.thread.QueuedThreadPool$Runner.run(QueuedThreadPool.java:1018)
        at java.lang.Thread.run(Thread.java:750)
"ChunkWriter-1-0" daemon prio=5 tid=537 in Object.wait()
java.lang.Thread.State: WAITING (on object monitor)
        at sun.misc.Unsafe.park(Native Method)
        at java.util.concurrent.locks.LockSupport.park(LockSupport.java:175)
        at java.util.concurrent.locks.AbstractQueuedSynchronizer$ConditionObject.await(AbstractQueuedSynchronizer.java:2039)
        at java.util.concurrent.LinkedBlockingDeque.takeFirst(LinkedBlockingDeque.java:492)
        at java.util.concurrent.LinkedBlockingDeque.take(LinkedBlockingDeque.java:680)
        at java.util.concurrent.ThreadPoolExecutor.getTask(ThreadPoolExecutor.java:1074)
        at java.util.concurrent.ThreadPoolExecutor.runWorker(ThreadPoolExecutor.java:1134)
        at java.util.concurrent.ThreadPoolExecutor$Worker.run(ThreadPoolExecutor.java:624)
        at java.lang.Thread.run(Thread.java:750)
"Command processor thread" daemon prio=5 tid=474 timed_waiting
java.lang.Thread.State: TIMED_WAITING
        at java.lang.Thread.sleep(Native Method)
        at org.apache.hadoop.ozone.container.common.statemachine.DatanodeStateMachine.lambda$initCommandHandlerThread$3(DatanodeStateMachine.java:634)
        at org.apache.hadoop.ozone.container.common.statemachine.DatanodeStateMachine$$Lambda$747/2071845850.run(Unknown Source)
        at java.lang.Thread.run(Thread.java:750)
"qtp1125897995-206" daemon prio=5 tid=206 timed_waiting
java.lang.Thread.State: TIMED_WAITING
        at sun.misc.Unsafe.park(Native Method)
        at java.util.concurrent.locks.LockSupport.parkNanos(LockSupport.java:215)
        at java.util.concurrent.locks.AbstractQueuedSynchronizer$ConditionObject.awaitNanos(AbstractQueuedSynchronizer.java:2078)
        at org.eclipse.jetty.util.BlockingArrayQueue.poll(BlockingArrayQueue.java:382)
        at org.eclipse.jetty.util.thread.QueuedThreadPool$Runner.idleJobPoll(QueuedThreadPool.java:974)
        at org.eclipse.jetty.util.thread.QueuedThreadPool$Runner.run(QueuedThreadPool.java:1018)
        at java.lang.Thread.run(Thread.java:750)
"Datanode ReportManager Thread - 1" daemon prio=5 tid=185 timed_waiting
java.lang.Thread.State: TIMED_WAITING
        at sun.misc.Unsafe.park(Native Method)
        at java.util.concurrent.locks.LockSupport.parkNanos(LockSupport.java:215)
        at java.util.concurrent.locks.AbstractQueuedSynchronizer$ConditionObject.awaitNanos(AbstractQueuedSynchronizer.java:2078)
        at java.util.concurrent.ScheduledThreadPoolExecutor$DelayedWorkQueue.take(ScheduledThreadPoolExecutor.java:1093)
        at java.util.concurrent.ScheduledThreadPoolExecutor$DelayedWorkQueue.take(ScheduledThreadPoolExecutor.java:809)
        at java.util.concurrent.ThreadPoolExecutor.getTask(ThreadPoolExecutor.java:1074)
        at java.util.concurrent.ThreadPoolExecutor.runWorker(ThreadPoolExecutor.java:1134)
        at java.util.concurrent.ThreadPoolExecutor$Worker.run(ThreadPoolExecutor.java:624)
        at java.lang.Thread.run(Thread.java:750)
"0c76121b-7d6b-4708-9ae8-9ff4448060b7@group-CE71C629F99F-StateMachineUpdater" daemon prio=5 tid=596 timed_waiting
java.lang.Thread.State: TIMED_WAITING
        at sun.misc.Unsafe.park(Native Method)
        at java.util.concurrent.locks.LockSupport.parkNanos(LockSupport.java:215)
        at java.util.concurrent.CompletableFuture$Signaller.block(CompletableFuture.java:1709)
        at java.util.concurrent.ForkJoinPool.managedBlock(ForkJoinPool.java:3323)
        at java.util.concurrent.CompletableFuture.timedGet(CompletableFuture.java:1788)
        at java.util.concurrent.CompletableFuture.get(CompletableFuture.java:1928)
        at org.apache.ratis.util.AwaitForSignal.await(AwaitForSignal.java:56)
        at org.apache.ratis.server.impl.StateMachineUpdater.waitForCommit(StateMachineUpdater.java:207)
        at org.apache.ratis.server.impl.StateMachineUpdater.run(StateMachineUpdater.java:176)
        at java.lang.Thread.run(Thread.java:750)
"EventQueue-NodeRegistrationContainerReportForContainerSafeModeRule" daemon prio=5 tid=492 in Object.wait()
java.lang.Thread.State: WAITING (on object monitor)
        at sun.misc.Unsafe.park(Native Method)
        at java.util.concurrent.locks.LockSupport.park(LockSupport.java:175)
        at java.util.concurrent.locks.AbstractQueuedSynchronizer$ConditionObject.await(AbstractQueuedSynchronizer.java:2039)
        at java.util.concurrent.LinkedBlockingQueue.take(LinkedBlockingQueue.java:442)
        at java.util.concurrent.ThreadPoolExecutor.getTask(ThreadPoolExecutor.java:1074)
        at java.util.concurrent.ThreadPoolExecutor.runWorker(ThreadPoolExecutor.java:1134)
        at java.util.concurrent.ThreadPoolExecutor$Worker.run(ThreadPoolExecutor.java:624)
        at java.lang.Thread.run(Thread.java:750)
"IPC Server handler 16 on default port 39909" daemon prio=5 tid=93 timed_waiting
java.lang.Thread.State: TIMED_WAITING
        at sun.misc.Unsafe.park(Native Method)
        at java.util.concurrent.locks.LockSupport.parkNanos(LockSupport.java:215)
        at java.util.concurrent.locks.AbstractQueuedSynchronizer$ConditionObject.awaitNanos(AbstractQueuedSynchronizer.java:2078)
        at java.util.concurrent.LinkedBlockingQueue.poll(LinkedBlockingQueue.java:467)
        at org.apache.hadoop.ipc.CallQueueManager.take(CallQueueManager.java:317)
        at org.apache.hadoop.ipc.Server$Handler.run(Server.java:2942)
"6ce03c57-5430-4ab1-bf83-fb555d2de968@group-5EAD7F5BC067-StateMachineUpdater" daemon prio=5 tid=614 timed_waiting
java.lang.Thread.State: TIMED_WAITING
        at sun.misc.Unsafe.park(Native Method)
        at java.util.concurrent.locks.LockSupport.parkNanos(LockSupport.java:215)
        at java.util.concurrent.CompletableFuture$Signaller.block(CompletableFuture.java:1709)
        at java.util.concurrent.ForkJoinPool.managedBlock(ForkJoinPool.java:3323)
        at java.util.concurrent.CompletableFuture.timedGet(CompletableFuture.java:1788)
        at java.util.concurrent.CompletableFuture.get(CompletableFuture.java:1928)
        at org.apache.ratis.util.AwaitForSignal.await(AwaitForSignal.java:56)
        at org.apache.ratis.server.impl.StateMachineUpdater.waitForCommit(StateMachineUpdater.java:207)
        at org.apache.ratis.server.impl.StateMachineUpdater.run(StateMachineUpdater.java:176)
        at java.lang.Thread.run(Thread.java:750)
"StaleRecoveringContainerScrubbingService#1" daemon prio=5 tid=558 in Object.wait()
java.lang.Thread.State: WAITING (on object monitor)
        at sun.misc.Unsafe.park(Native Method)
        at java.util.concurrent.locks.LockSupport.park(LockSupport.java:175)
        at java.util.concurrent.locks.AbstractQueuedSynchronizer$ConditionObject.await(AbstractQueuedSynchronizer.java:2039)
        at java.util.concurrent.ScheduledThreadPoolExecutor$DelayedWorkQueue.take(ScheduledThreadPoolExecutor.java:1088)
        at java.util.concurrent.ScheduledThreadPoolExecutor$DelayedWorkQueue.take(ScheduledThreadPoolExecutor.java:809)
        at java.util.concurrent.ThreadPoolExecutor.getTask(ThreadPoolExecutor.java:1074)
        at java.util.concurrent.ThreadPoolExecutor.runWorker(ThreadPoolExecutor.java:1134)
        at java.util.concurrent.ThreadPoolExecutor$Worker.run(ThreadPoolExecutor.java:624)
        at java.lang.Thread.run(Thread.java:750)
"qtp1290931099-457" daemon prio=5 tid=457 runnable
java.lang.Thread.State: RUNNABLE
        at sun.nio.ch.EPollArrayWrapper.epollWait(Native Method)
        at sun.nio.ch.EPollArrayWrapper.poll(EPollArrayWrapper.java:269)
        at sun.nio.ch.EPollSelectorImpl.doSelect(EPollSelectorImpl.java:93)
        at sun.nio.ch.SelectorImpl.lockAndDoSelect(SelectorImpl.java:86)
        at sun.nio.ch.SelectorImpl.select(SelectorImpl.java:97)
        at sun.nio.ch.SelectorImpl.select(SelectorImpl.java:101)
        at org.eclipse.jetty.io.ManagedSelector.nioSelect(ManagedSelector.java:183)
        at org.eclipse.jetty.io.ManagedSelector.select(ManagedSelector.java:190)
        at org.eclipse.jetty.io.ManagedSelector$SelectorProducer.select(ManagedSelector.java:606)
        at org.eclipse.jetty.io.ManagedSelector$SelectorProducer.produce(ManagedSelector.java:543)
        at org.eclipse.jetty.util.thread.strategy.EatWhatYouKill.produceTask(EatWhatYouKill.java:362)
        at org.eclipse.jetty.util.thread.strategy.EatWhatYouKill.doProduce(EatWhatYouKill.java:186)
        at org.eclipse.jetty.util.thread.strategy.EatWhatYouKill.tryProduce(EatWhatYouKill.java:173)
        at org.eclipse.jetty.util.thread.strategy.EatWhatYouKill.produce(EatWhatYouKill.java:137)
        at org.eclipse.jetty.io.ManagedSelector$$Lambda$443/465676958.run(Unknown Source)
        at org.eclipse.jetty.util.thread.QueuedThreadPool.runJob(QueuedThreadPool.java:883)
        at org.eclipse.jetty.util.thread.QueuedThreadPool$Runner.run(QueuedThreadPool.java:1034)
        at java.lang.Thread.run(Thread.java:750)
"Datanode ReportManager Thread - 3" daemon prio=5 tid=267 timed_waiting
java.lang.Thread.State: TIMED_WAITING
        at sun.misc.Unsafe.park(Native Method)
        at java.util.concurrent.locks.LockSupport.parkNanos(LockSupport.java:215)
        at java.util.concurrent.locks.AbstractQueuedSynchronizer$ConditionObject.awaitNanos(AbstractQueuedSynchronizer.java:2078)
        at java.util.concurrent.ScheduledThreadPoolExecutor$DelayedWorkQueue.take(ScheduledThreadPoolExecutor.java:1093)
        at java.util.concurrent.ScheduledThreadPoolExecutor$DelayedWorkQueue.take(ScheduledThreadPoolExecutor.java:809)
        at java.util.concurrent.ThreadPoolExecutor.getTask(ThreadPoolExecutor.java:1074)
        at java.util.concurrent.ThreadPoolExecutor.runWorker(ThreadPoolExecutor.java:1134)
        at java.util.concurrent.ThreadPoolExecutor$Worker.run(ThreadPoolExecutor.java:624)
        at java.lang.Thread.run(Thread.java:750)
"qtp1036316015-101-acceptor-0@9b0f54-ServerConnector@37dc7661{HTTP/1.1, (http/1.1)}{0.0.0.0:34491}" daemon prio=3 tid=101 runnable
java.lang.Thread.State: RUNNABLE
        at sun.nio.ch.ServerSocketChannelImpl.accept0(Native Method)
        at sun.nio.ch.ServerSocketChannelImpl.accept(ServerSocketChannelImpl.java:421)
        at sun.nio.ch.ServerSocketChannelImpl.accept(ServerSocketChannelImpl.java:249)
        at org.eclipse.jetty.server.ServerConnector.accept(ServerConnector.java:388)
        at org.eclipse.jetty.server.AbstractConnector$Acceptor.run(AbstractConnector.java:702)
        at org.eclipse.jetty.util.thread.QueuedThreadPool.runJob(QueuedThreadPool.java:883)
        at org.eclipse.jetty.util.thread.QueuedThreadPool$Runner.run(QueuedThreadPool.java:1034)
        at java.lang.Thread.run(Thread.java:750)
"qtp1433335917-260" daemon prio=5 tid=260 timed_waiting
java.lang.Thread.State: TIMED_WAITING
        at sun.misc.Unsafe.park(Native Method)
        at java.util.concurrent.locks.LockSupport.parkNanos(LockSupport.java:215)
        at java.util.concurrent.locks.AbstractQueuedSynchronizer$ConditionObject.awaitNanos(AbstractQueuedSynchronizer.java:2078)
        at org.eclipse.jetty.util.BlockingArrayQueue.poll(BlockingArrayQueue.java:382)
        at org.eclipse.jetty.util.thread.QueuedThreadPool$Runner.idleJobPoll(QueuedThreadPool.java:974)
        at org.eclipse.jetty.util.thread.QueuedThreadPool$Runner.run(QueuedThreadPool.java:1018)
        at java.lang.Thread.run(Thread.java:750)
"timer0" daemon prio=5 tid=802 timed_waiting
java.lang.Thread.State: TIMED_WAITING
        at java.lang.Object.wait(Native Method)
        at java.util.TimerThread.mainLoop(Timer.java:552)
        at java.util.TimerThread.run(Timer.java:505)
"pool-295-thread-1"  prio=5 tid=672 in Object.wait()
java.lang.Thread.State: WAITING (on object monitor)
        at sun.misc.Unsafe.park(Native Method)
        at java.util.concurrent.locks.LockSupport.park(LockSupport.java:175)
        at java.util.concurrent.locks.AbstractQueuedSynchronizer$ConditionObject.await(AbstractQueuedSynchronizer.java:2039)
        at java.util.concurrent.LinkedBlockingQueue.take(LinkedBlockingQueue.java:442)
        at java.util.concurrent.ThreadPoolExecutor.getTask(ThreadPoolExecutor.java:1074)
        at java.util.concurrent.ThreadPoolExecutor.runWorker(ThreadPoolExecutor.java:1134)
        at java.util.concurrent.ThreadPoolExecutor$Worker.run(ThreadPoolExecutor.java:624)
        at java.lang.Thread.run(Thread.java:750)
"d4065fed-2d66-41be-989b-4bd24a4f6517@group-5EAD7F5BC067-SegmentedRaftLogWorker"  prio=5 tid=617 timed_waiting
java.lang.Thread.State: TIMED_WAITING
        at sun.misc.Unsafe.park(Native Method)
        at java.util.concurrent.locks.LockSupport.parkNanos(LockSupport.java:215)
        at java.util.concurrent.locks.AbstractQueuedSynchronizer$ConditionObject.awaitNanos(AbstractQueuedSynchronizer.java:2078)
        at org.apache.ratis.util.DataBlockingQueue.poll(DataBlockingQueue.java:148)
        at org.apache.ratis.server.raftlog.segmented.SegmentedRaftLogWorker.run(SegmentedRaftLogWorker.java:310)
        at org.apache.ratis.server.raftlog.segmented.SegmentedRaftLogWorker$$Lambda$661/302741709.run(Unknown Source)
        at java.lang.Thread.run(Thread.java:750)
"qtp1036316015-104" daemon prio=5 tid=104 timed_waiting
java.lang.Thread.State: TIMED_WAITING
        at sun.misc.Unsafe.park(Native Method)
        at java.util.concurrent.locks.LockSupport.parkNanos(LockSupport.java:215)
        at java.util.concurrent.locks.AbstractQueuedSynchronizer$ConditionObject.awaitNanos(AbstractQueuedSynchronizer.java:2078)
        at org.eclipse.jetty.util.BlockingArrayQueue.poll(BlockingArrayQueue.java:382)
        at org.eclipse.jetty.util.thread.QueuedThreadPool$Runner.idleJobPoll(QueuedThreadPool.java:974)
        at org.eclipse.jetty.util.thread.QueuedThreadPool$Runner.run(QueuedThreadPool.java:1018)
        at java.lang.Thread.run(Thread.java:750)
"86658d9d-b609-4403-bc8a-bf059dbdbb67-server-thread2" daemon prio=5 tid=863 timed_waiting
java.lang.Thread.State: TIMED_WAITING
        at sun.misc.Unsafe.park(Native Method)
        at java.util.concurrent.locks.LockSupport.parkNanos(LockSupport.java:215)
        at java.util.concurrent.SynchronousQueue$TransferStack.awaitFulfill(SynchronousQueue.java:460)
        at java.util.concurrent.SynchronousQueue$TransferStack.transfer(SynchronousQueue.java:362)
        at java.util.concurrent.SynchronousQueue.poll(SynchronousQueue.java:941)
        at java.util.concurrent.ThreadPoolExecutor.getTask(ThreadPoolExecutor.java:1073)
        at java.util.concurrent.ThreadPoolExecutor.runWorker(ThreadPoolExecutor.java:1134)
        at java.util.concurrent.ThreadPoolExecutor$Worker.run(ThreadPoolExecutor.java:624)
        at java.lang.Thread.run(Thread.java:750)
"EventQueue-PipelineReportForPipelineReportHandler" daemon prio=5 tid=494 in Object.wait()
java.lang.Thread.State: WAITING (on object monitor)
        at sun.misc.Unsafe.park(Native Method)
        at java.util.concurrent.locks.LockSupport.park(LockSupport.java:175)
        at java.util.concurrent.locks.AbstractQueuedSynchronizer$ConditionObject.await(AbstractQueuedSynchronizer.java:2039)
        at java.util.concurrent.LinkedBlockingQueue.take(LinkedBlockingQueue.java:442)
        at java.util.concurrent.ThreadPoolExecutor.getTask(ThreadPoolExecutor.java:1074)
        at java.util.concurrent.ThreadPoolExecutor.runWorker(ThreadPoolExecutor.java:1134)
        at java.util.concurrent.ThreadPoolExecutor$Worker.run(ThreadPoolExecutor.java:624)
        at java.lang.Thread.run(Thread.java:750)
"qtp936869842-229-acceptor-0@29ca64dd-ServerConnector@3e828eb6{HTTP/1.1, (http/1.1)}{0.0.0.0:36243}" daemon prio=3 tid=229 runnable
java.lang.Thread.State: RUNNABLE
        at sun.nio.ch.ServerSocketChannelImpl.accept0(Native Method)
        at sun.nio.ch.ServerSocketChannelImpl.accept(ServerSocketChannelImpl.java:421)
        at sun.nio.ch.ServerSocketChannelImpl.accept(ServerSocketChannelImpl.java:249)
        at org.eclipse.jetty.server.ServerConnector.accept(ServerConnector.java:388)
        at org.eclipse.jetty.server.AbstractConnector$Acceptor.run(AbstractConnector.java:702)
        at org.eclipse.jetty.util.thread.QueuedThreadPool.runJob(QueuedThreadPool.java:883)
        at org.eclipse.jetty.util.thread.QueuedThreadPool$Runner.run(QueuedThreadPool.java:1034)
        at java.lang.Thread.run(Thread.java:750)
"BlockDeletingService#0" daemon prio=5 tid=542 timed_waiting
java.lang.Thread.State: TIMED_WAITING
        at sun.misc.Unsafe.park(Native Method)
        at java.util.concurrent.locks.LockSupport.parkNanos(LockSupport.java:215)
        at java.util.concurrent.locks.AbstractQueuedSynchronizer$ConditionObject.awaitNanos(AbstractQueuedSynchronizer.java:2078)
        at java.util.concurrent.ScheduledThreadPoolExecutor$DelayedWorkQueue.take(ScheduledThreadPoolExecutor.java:1093)
        at java.util.concurrent.ScheduledThreadPoolExecutor$DelayedWorkQueue.take(ScheduledThreadPoolExecutor.java:809)
        at java.util.concurrent.ThreadPoolExecutor.getTask(ThreadPoolExecutor.java:1074)
        at java.util.concurrent.ThreadPoolExecutor.runWorker(ThreadPoolExecutor.java:1134)
        at java.util.concurrent.ThreadPoolExecutor$Worker.run(ThreadPoolExecutor.java:624)
        at java.lang.Thread.run(Thread.java:750)
"qtp1091459664-285" daemon prio=5 tid=285 timed_waiting
java.lang.Thread.State: TIMED_WAITING
        at sun.misc.Unsafe.park(Native Method)
        at java.util.concurrent.locks.LockSupport.parkNanos(LockSupport.java:215)
        at java.util.concurrent.locks.AbstractQueuedSynchronizer$ConditionObject.awaitNanos(AbstractQueuedSynchronizer.java:2078)
        at org.eclipse.jetty.util.BlockingArrayQueue.poll(BlockingArrayQueue.java:382)
        at org.eclipse.jetty.util.thread.QueuedThreadPool$Runner.idleJobPoll(QueuedThreadPool.java:974)
        at org.eclipse.jetty.util.thread.QueuedThreadPool$Runner.run(QueuedThreadPool.java:1018)
        at java.lang.Thread.run(Thread.java:750)
"6ce03c57-5430-4ab1-bf83-fb555d2de968@group-670B8877836B-LeaderStateImpl" daemon prio=5 tid=902 timed_waiting
java.lang.Thread.State: TIMED_WAITING
        at sun.misc.Unsafe.park(Native Method)
        at java.util.concurrent.locks.LockSupport.parkNanos(LockSupport.java:215)
        at java.util.concurrent.locks.AbstractQueuedSynchronizer$ConditionObject.awaitNanos(AbstractQueuedSynchronizer.java:2078)
        at java.util.concurrent.ArrayBlockingQueue.poll(ArrayBlockingQueue.java:418)
        at org.apache.ratis.server.impl.LeaderStateImpl$EventQueue.poll(LeaderStateImpl.java:159)
        at org.apache.ratis.server.impl.LeaderStateImpl$EventProcessor.run(LeaderStateImpl.java:630)
"EndpointStateMachine task thread for /0.0.0.0:39909 - 0 "  prio=5 tid=547 in Object.wait()
java.lang.Thread.State: WAITING (on object monitor)
        at sun.misc.Unsafe.park(Native Method)
        at java.util.concurrent.locks.LockSupport.park(LockSupport.java:175)
        at java.util.concurrent.locks.AbstractQueuedSynchronizer$ConditionObject.await(AbstractQueuedSynchronizer.java:2039)
        at java.util.concurrent.LinkedBlockingQueue.take(LinkedBlockingQueue.java:442)
        at java.util.concurrent.ThreadPoolExecutor.getTask(ThreadPoolExecutor.java:1074)
        at java.util.concurrent.ThreadPoolExecutor.runWorker(ThreadPoolExecutor.java:1134)
        at java.util.concurrent.ThreadPoolExecutor$Worker.run(ThreadPoolExecutor.java:624)
        at java.lang.Thread.run(Thread.java:750)
"StaleRecoveringContainerScrubbingService#0" daemon prio=5 tid=458 timed_waiting
java.lang.Thread.State: TIMED_WAITING
        at sun.misc.Unsafe.park(Native Method)
        at java.util.concurrent.locks.LockSupport.parkNanos(LockSupport.java:215)
        at java.util.concurrent.locks.AbstractQueuedSynchronizer$ConditionObject.awaitNanos(AbstractQueuedSynchronizer.java:2078)
        at java.util.concurrent.ScheduledThreadPoolExecutor$DelayedWorkQueue.take(ScheduledThreadPoolExecutor.java:1093)
        at java.util.concurrent.ScheduledThreadPoolExecutor$DelayedWorkQueue.take(ScheduledThreadPoolExecutor.java:809)
        at java.util.concurrent.ThreadPoolExecutor.getTask(ThreadPoolExecutor.java:1074)
        at java.util.concurrent.ThreadPoolExecutor.runWorker(ThreadPoolExecutor.java:1134)
        at java.util.concurrent.ThreadPoolExecutor$Worker.run(ThreadPoolExecutor.java:624)
        at java.lang.Thread.run(Thread.java:750)
"org.apache.hadoop.util.JvmPauseMonitor$Monitor@35053703" daemon prio=5 tid=244 timed_waiting
java.lang.Thread.State: TIMED_WAITING
        at java.lang.Thread.sleep(Native Method)
        at org.apache.hadoop.util.JvmPauseMonitor$Monitor.run(JvmPauseMonitor.java:192)
        at java.lang.Thread.run(Thread.java:750)
"qtp1036316015-103" daemon prio=5 tid=103 timed_waiting
java.lang.Thread.State: TIMED_WAITING
        at sun.misc.Unsafe.park(Native Method)
        at java.util.concurrent.locks.LockSupport.parkNanos(LockSupport.java:215)
        at java.util.concurrent.locks.AbstractQueuedSynchronizer$ConditionObject.awaitNanos(AbstractQueuedSynchronizer.java:2078)
        at org.eclipse.jetty.util.BlockingArrayQueue.poll(BlockingArrayQueue.java:382)
        at org.eclipse.jetty.util.thread.QueuedThreadPool$Runner.idleJobPoll(QueuedThreadPool.java:974)
        at org.eclipse.jetty.util.thread.QueuedThreadPool$Runner.run(QueuedThreadPool.java:1018)
        at java.lang.Thread.run(Thread.java:750)
"IPC Server handler 5 on default port 36683" daemon prio=5 tid=62 timed_waiting
java.lang.Thread.State: TIMED_WAITING
        at sun.misc.Unsafe.park(Native Method)
        at java.util.concurrent.locks.LockSupport.parkNanos(LockSupport.java:215)
        at java.util.concurrent.locks.AbstractQueuedSynchronizer$ConditionObject.awaitNanos(AbstractQueuedSynchronizer.java:2078)
        at java.util.concurrent.LinkedBlockingQueue.poll(LinkedBlockingQueue.java:467)
        at org.apache.hadoop.ipc.CallQueueManager.take(CallQueueManager.java:317)
        at org.apache.hadoop.ipc.Server$Handler.run(Server.java:2942)
"qtp1130508577-425" daemon prio=5 tid=425 timed_waiting
java.lang.Thread.State: TIMED_WAITING
        at sun.misc.Unsafe.park(Native Method)
        at java.util.concurrent.locks.LockSupport.parkNanos(LockSupport.java:215)
        at java.util.concurrent.locks.AbstractQueuedSynchronizer$ConditionObject.awaitNanos(AbstractQueuedSynchronizer.java:2078)
        at org.eclipse.jetty.util.BlockingArrayQueue.poll(BlockingArrayQueue.java:382)
        at org.eclipse.jetty.util.thread.QueuedThreadPool$Runner.idleJobPoll(QueuedThreadPool.java:974)
        at org.eclipse.jetty.util.thread.QueuedThreadPool$Runner.run(QueuedThreadPool.java:1018)
        at java.lang.Thread.run(Thread.java:750)
"6534404f-39f4-445c-b85e-518a348dbff3@group-C2A56A5A39AA-FollowerState" daemon prio=5 tid=858 timed_waiting
java.lang.Thread.State: TIMED_WAITING
        at java.lang.Thread.sleep(Native Method)
        at java.lang.Thread.sleep(Thread.java:342)
        at java.util.concurrent.TimeUnit.sleep(TimeUnit.java:386)
        at org.apache.ratis.util.TimeDuration.sleep(TimeDuration.java:325)
        at org.apache.ratis.util.TimeDuration.sleep(TimeDuration.java:310)
        at org.apache.ratis.server.impl.FollowerState.run(FollowerState.java:128)
"qtp463783260-137" daemon prio=5 tid=137 timed_waiting
java.lang.Thread.State: TIMED_WAITING
        at sun.misc.Unsafe.park(Native Method)
        at java.util.concurrent.locks.LockSupport.parkNanos(LockSupport.java:215)
        at java.util.concurrent.locks.AbstractQueuedSynchronizer$ConditionObject.awaitNanos(AbstractQueuedSynchronizer.java:2078)
        at org.eclipse.jetty.util.BlockingArrayQueue.poll(BlockingArrayQueue.java:382)
        at org.eclipse.jetty.util.thread.QueuedThreadPool$Runner.idleJobPoll(QueuedThreadPool.java:974)
        at org.eclipse.jetty.util.thread.QueuedThreadPool$Runner.run(QueuedThreadPool.java:1018)
        at java.lang.Thread.run(Thread.java:750)
"timer6" daemon prio=5 tid=798 timed_waiting
java.lang.Thread.State: TIMED_WAITING
        at java.lang.Object.wait(Native Method)
        at java.util.TimerThread.mainLoop(Timer.java:552)
        at java.util.TimerThread.run(Timer.java:505)
"qtp1290931099-464" daemon prio=5 tid=464 timed_waiting
java.lang.Thread.State: TIMED_WAITING
        at sun.misc.Unsafe.park(Native Method)
        at java.util.concurrent.locks.LockSupport.parkNanos(LockSupport.java:215)
        at java.util.concurrent.locks.AbstractQueuedSynchronizer$ConditionObject.awaitNanos(AbstractQueuedSynchronizer.java:2078)
        at org.eclipse.jetty.util.BlockingArrayQueue.poll(BlockingArrayQueue.java:382)
        at org.eclipse.jetty.util.thread.QueuedThreadPool$Runner.idleJobPoll(QueuedThreadPool.java:974)
        at org.eclipse.jetty.util.thread.QueuedThreadPool$Runner.run(QueuedThreadPool.java:1018)
        at java.lang.Thread.run(Thread.java:750)
"qtp1246984673-181" daemon prio=5 tid=181 timed_waiting
java.lang.Thread.State: TIMED_WAITING
        at sun.misc.Unsafe.park(Native Method)
        at java.util.concurrent.locks.LockSupport.parkNanos(LockSupport.java:215)
        at java.util.concurrent.locks.AbstractQueuedSynchronizer$ConditionObject.awaitNanos(AbstractQueuedSynchronizer.java:2078)
        at org.eclipse.jetty.util.BlockingArrayQueue.poll(BlockingArrayQueue.java:382)
        at org.eclipse.jetty.util.thread.QueuedThreadPool$Runner.idleJobPoll(QueuedThreadPool.java:974)
        at org.eclipse.jetty.util.thread.QueuedThreadPool$Runner.run(QueuedThreadPool.java:1018)
        at java.lang.Thread.run(Thread.java:750)
"86658d9d-b609-4403-bc8a-bf059dbdbb67@group-CE71C629F99F-LeaderStateImpl" daemon prio=5 tid=871 timed_waiting
java.lang.Thread.State: TIMED_WAITING
        at sun.misc.Unsafe.park(Native Method)
        at java.util.concurrent.locks.LockSupport.parkNanos(LockSupport.java:215)
        at java.util.concurrent.locks.AbstractQueuedSynchronizer$ConditionObject.awaitNanos(AbstractQueuedSynchronizer.java:2078)
        at java.util.concurrent.ArrayBlockingQueue.poll(ArrayBlockingQueue.java:418)
        at org.apache.ratis.server.impl.LeaderStateImpl$EventQueue.poll(LeaderStateImpl.java:159)
        at org.apache.ratis.server.impl.LeaderStateImpl$EventProcessor.run(LeaderStateImpl.java:630)
"qtp1890320776-379" daemon prio=5 tid=379 timed_waiting
java.lang.Thread.State: TIMED_WAITING
        at sun.misc.Unsafe.park(Native Method)
        at java.util.concurrent.locks.LockSupport.parkNanos(LockSupport.java:215)
        at java.util.concurrent.locks.AbstractQueuedSynchronizer$ConditionObject.awaitNanos(AbstractQueuedSynchronizer.java:2078)
        at org.eclipse.jetty.util.BlockingArrayQueue.poll(BlockingArrayQueue.java:382)
        at org.eclipse.jetty.util.thread.QueuedThreadPool$Runner.idleJobPoll(QueuedThreadPool.java:974)
        at org.eclipse.jetty.util.thread.QueuedThreadPool$Runner.run(QueuedThreadPool.java:1018)
        at java.lang.Thread.run(Thread.java:750)
"IPC Server handler 13 on default port 33229" daemon prio=5 tid=50 timed_waiting
java.lang.Thread.State: TIMED_WAITING
        at sun.misc.Unsafe.park(Native Method)
        at java.util.concurrent.locks.LockSupport.parkNanos(LockSupport.java:215)
        at java.util.concurrent.locks.AbstractQueuedSynchronizer$ConditionObject.awaitNanos(AbstractQueuedSynchronizer.java:2078)
        at java.util.concurrent.LinkedBlockingQueue.poll(LinkedBlockingQueue.java:467)
        at org.apache.hadoop.ipc.CallQueueManager.take(CallQueueManager.java:317)
        at org.apache.hadoop.ipc.Server$Handler.run(Server.java:2942)
"0c76121b-7d6b-4708-9ae8-9ff4448060b7@group-76FCB2189D15-SegmentedRaftLogWorker"  prio=5 tid=599 timed_waiting
java.lang.Thread.State: TIMED_WAITING
        at sun.misc.Unsafe.park(Native Method)
        at java.util.concurrent.locks.LockSupport.parkNanos(LockSupport.java:215)
        at java.util.concurrent.locks.AbstractQueuedSynchronizer$ConditionObject.awaitNanos(AbstractQueuedSynchronizer.java:2078)
        at org.apache.ratis.util.DataBlockingQueue.poll(DataBlockingQueue.java:148)
        at org.apache.ratis.server.raftlog.segmented.SegmentedRaftLogWorker.run(SegmentedRaftLogWorker.java:310)
        at org.apache.ratis.server.raftlog.segmented.SegmentedRaftLogWorker$$Lambda$661/302741709.run(Unknown Source)
        at java.lang.Thread.run(Thread.java:750)
"6534404f-39f4-445c-b85e-518a348dbff3-server-thread1" daemon prio=5 tid=878 timed_waiting
java.lang.Thread.State: TIMED_WAITING
        at sun.misc.Unsafe.park(Native Method)
        at java.util.concurrent.locks.LockSupport.parkNanos(LockSupport.java:215)
        at java.util.concurrent.SynchronousQueue$TransferStack.awaitFulfill(SynchronousQueue.java:460)
        at java.util.concurrent.SynchronousQueue$TransferStack.transfer(SynchronousQueue.java:362)
        at java.util.concurrent.SynchronousQueue.poll(SynchronousQueue.java:941)
        at java.util.concurrent.ThreadPoolExecutor.getTask(ThreadPoolExecutor.java:1073)
        at java.util.concurrent.ThreadPoolExecutor.runWorker(ThreadPoolExecutor.java:1134)
        at java.util.concurrent.ThreadPoolExecutor$Worker.run(ThreadPoolExecutor.java:624)
        at java.lang.Thread.run(Thread.java:750)
"qtp1246984673-180" daemon prio=5 tid=180 timed_waiting
java.lang.Thread.State: TIMED_WAITING
        at sun.misc.Unsafe.park(Native Method)
        at java.util.concurrent.locks.LockSupport.parkNanos(LockSupport.java:215)
        at java.util.concurrent.locks.AbstractQueuedSynchronizer$ConditionObject.awaitNanos(AbstractQueuedSynchronizer.java:2078)
        at org.eclipse.jetty.util.BlockingArrayQueue.poll(BlockingArrayQueue.java:382)
        at org.eclipse.jetty.util.thread.QueuedThreadPool$Runner.idleJobPoll(QueuedThreadPool.java:974)
        at org.eclipse.jetty.util.thread.QueuedThreadPool$Runner.run(QueuedThreadPool.java:1018)
        at java.lang.Thread.run(Thread.java:750)
"ChunkWriter-3-0" daemon prio=5 tid=539 in Object.wait()
java.lang.Thread.State: WAITING (on object monitor)
        at sun.misc.Unsafe.park(Native Method)
        at java.util.concurrent.locks.LockSupport.park(LockSupport.java:175)
        at java.util.concurrent.locks.AbstractQueuedSynchronizer$ConditionObject.await(AbstractQueuedSynchronizer.java:2039)
        at java.util.concurrent.LinkedBlockingDeque.takeFirst(LinkedBlockingDeque.java:492)
        at java.util.concurrent.LinkedBlockingDeque.take(LinkedBlockingDeque.java:680)
        at java.util.concurrent.ThreadPoolExecutor.getTask(ThreadPoolExecutor.java:1074)
        at java.util.concurrent.ThreadPoolExecutor.runWorker(ThreadPoolExecutor.java:1134)
        at java.util.concurrent.ThreadPoolExecutor$Worker.run(ThreadPoolExecutor.java:624)
        at java.lang.Thread.run(Thread.java:750)
"ChunkWriter-2-0" daemon prio=5 tid=551 in Object.wait()
java.lang.Thread.State: WAITING (on object monitor)
        at sun.misc.Unsafe.park(Native Method)
        at java.util.concurrent.locks.LockSupport.park(LockSupport.java:175)
        at java.util.concurrent.locks.AbstractQueuedSynchronizer$ConditionObject.await(AbstractQueuedSynchronizer.java:2039)
        at java.util.concurrent.LinkedBlockingDeque.takeFirst(LinkedBlockingDeque.java:492)
        at java.util.concurrent.LinkedBlockingDeque.take(LinkedBlockingDeque.java:680)
        at java.util.concurrent.ThreadPoolExecutor.getTask(ThreadPoolExecutor.java:1074)
        at java.util.concurrent.ThreadPoolExecutor.runWorker(ThreadPoolExecutor.java:1134)
        at java.util.concurrent.ThreadPoolExecutor$Worker.run(ThreadPoolExecutor.java:624)
        at java.lang.Thread.run(Thread.java:750)
"IPC Server Responder" daemon prio=5 tid=30 runnable
java.lang.Thread.State: RUNNABLE
        at sun.nio.ch.EPollArrayWrapper.epollWait(Native Method)
        at sun.nio.ch.EPollArrayWrapper.poll(EPollArrayWrapper.java:269)
        at sun.nio.ch.EPollSelectorImpl.doSelect(EPollSelectorImpl.java:93)
        at sun.nio.ch.SelectorImpl.lockAndDoSelect(SelectorImpl.java:86)
        at sun.nio.ch.SelectorImpl.select(SelectorImpl.java:97)
        at org.apache.hadoop.ipc.Server$Responder.doRunLoop(Server.java:1532)
        at org.apache.hadoop.ipc.Server$Responder.run(Server.java:1515)
"BlockDeletingService#0" daemon prio=5 tid=529 timed_waiting
java.lang.Thread.State: TIMED_WAITING
        at sun.misc.Unsafe.park(Native Method)
        at java.util.concurrent.locks.LockSupport.parkNanos(LockSupport.java:215)
        at java.util.concurrent.locks.AbstractQueuedSynchronizer$ConditionObject.awaitNanos(AbstractQueuedSynchronizer.java:2078)
        at java.util.concurrent.ScheduledThreadPoolExecutor$DelayedWorkQueue.take(ScheduledThreadPoolExecutor.java:1093)
        at java.util.concurrent.ScheduledThreadPoolExecutor$DelayedWorkQueue.take(ScheduledThreadPoolExecutor.java:809)
        at java.util.concurrent.ThreadPoolExecutor.getTask(ThreadPoolExecutor.java:1074)
        at java.util.concurrent.ThreadPoolExecutor.runWorker(ThreadPoolExecutor.java:1134)
        at java.util.concurrent.ThreadPoolExecutor$Worker.run(ThreadPoolExecutor.java:624)
        at java.lang.Thread.run(Thread.java:750)
"pool-284-thread-1" daemon prio=5 tid=444 timed_waiting
java.lang.Thread.State: TIMED_WAITING
        at sun.misc.Unsafe.park(Native Method)
        at java.util.concurrent.locks.LockSupport.parkNanos(LockSupport.java:215)
        at java.util.concurrent.locks.AbstractQueuedSynchronizer$ConditionObject.awaitNanos(AbstractQueuedSynchronizer.java:2078)
        at java.util.concurrent.ScheduledThreadPoolExecutor$DelayedWorkQueue.take(ScheduledThreadPoolExecutor.java:1093)
        at java.util.concurrent.ScheduledThreadPoolExecutor$DelayedWorkQueue.take(ScheduledThreadPoolExecutor.java:809)
        at java.util.concurrent.ThreadPoolExecutor.getTask(ThreadPoolExecutor.java:1074)
        at java.util.concurrent.ThreadPoolExecutor.runWorker(ThreadPoolExecutor.java:1134)
        at java.util.concurrent.ThreadPoolExecutor$Worker.run(ThreadPoolExecutor.java:624)
        at java.lang.Thread.run(Thread.java:750)
"86658d9d-b609-4403-bc8a-bf059dbdbb67@group-C2A56A5A39AA-StateMachineUpdater" daemon prio=5 tid=583 timed_waiting
java.lang.Thread.State: TIMED_WAITING
        at sun.misc.Unsafe.park(Native Method)
        at java.util.concurrent.locks.LockSupport.parkNanos(LockSupport.java:215)
        at java.util.concurrent.CompletableFuture$Signaller.block(CompletableFuture.java:1709)
        at java.util.concurrent.ForkJoinPool.managedBlock(ForkJoinPool.java:3323)
        at java.util.concurrent.CompletableFuture.timedGet(CompletableFuture.java:1788)
        at java.util.concurrent.CompletableFuture.get(CompletableFuture.java:1928)
        at org.apache.ratis.util.AwaitForSignal.await(AwaitForSignal.java:56)
        at org.apache.ratis.server.impl.StateMachineUpdater.waitForCommit(StateMachineUpdater.java:207)
        at org.apache.ratis.server.impl.StateMachineUpdater.run(StateMachineUpdater.java:176)
        at java.lang.Thread.run(Thread.java:750)
"qtp1890320776-377" daemon prio=5 tid=377 timed_waiting
java.lang.Thread.State: TIMED_WAITING
        at sun.misc.Unsafe.park(Native Method)
        at java.util.concurrent.locks.LockSupport.parkNanos(LockSupport.java:215)
        at java.util.concurrent.locks.AbstractQueuedSynchronizer$ConditionObject.awaitNanos(AbstractQueuedSynchronizer.java:2078)
        at org.eclipse.jetty.util.BlockingArrayQueue.poll(BlockingArrayQueue.java:382)
        at org.eclipse.jetty.util.thread.QueuedThreadPool$Runner.idleJobPoll(QueuedThreadPool.java:974)
        at org.eclipse.jetty.util.thread.QueuedThreadPool$Runner.run(QueuedThreadPool.java:1018)
        at java.lang.Thread.run(Thread.java:750)
"ChunkWriter-2-0" daemon prio=5 tid=384 in Object.wait()
java.lang.Thread.State: WAITING (on object monitor)
        at sun.misc.Unsafe.park(Native Method)
        at java.util.concurrent.locks.LockSupport.park(LockSupport.java:175)
        at java.util.concurrent.locks.AbstractQueuedSynchronizer$ConditionObject.await(AbstractQueuedSynchronizer.java:2039)
        at java.util.concurrent.LinkedBlockingDeque.takeFirst(LinkedBlockingDeque.java:492)
        at java.util.concurrent.LinkedBlockingDeque.take(LinkedBlockingDeque.java:680)
        at java.util.concurrent.ThreadPoolExecutor.getTask(ThreadPoolExecutor.java:1074)
        at java.util.concurrent.ThreadPoolExecutor.runWorker(ThreadPoolExecutor.java:1134)
        at java.util.concurrent.ThreadPoolExecutor$Worker.run(ThreadPoolExecutor.java:624)
        at java.lang.Thread.run(Thread.java:750)
"IPC Server handler 1 on default port 39909" daemon prio=5 tid=78 timed_waiting
java.lang.Thread.State: TIMED_WAITING
        at sun.misc.Unsafe.park(Native Method)
        at java.util.concurrent.locks.LockSupport.parkNanos(LockSupport.java:215)
        at java.util.concurrent.locks.AbstractQueuedSynchronizer$ConditionObject.awaitNanos(AbstractQueuedSynchronizer.java:2078)
        at java.util.concurrent.LinkedBlockingQueue.poll(LinkedBlockingQueue.java:467)
        at org.apache.hadoop.ipc.CallQueueManager.take(CallQueueManager.java:317)
        at org.apache.hadoop.ipc.Server$Handler.run(Server.java:2942)
"0c76121b-7d6b-4708-9ae8-9ff4448060b7-server-thread1" daemon prio=5 tid=876 timed_waiting
java.lang.Thread.State: TIMED_WAITING
        at sun.misc.Unsafe.park(Native Method)
        at java.util.concurrent.locks.LockSupport.parkNanos(LockSupport.java:215)
        at java.util.concurrent.SynchronousQueue$TransferStack.awaitFulfill(SynchronousQueue.java:460)
        at java.util.concurrent.SynchronousQueue$TransferStack.transfer(SynchronousQueue.java:362)
        at java.util.concurrent.SynchronousQueue.poll(SynchronousQueue.java:941)
        at java.util.concurrent.ThreadPoolExecutor.getTask(ThreadPoolExecutor.java:1073)
        at java.util.concurrent.ThreadPoolExecutor.runWorker(ThreadPoolExecutor.java:1134)
        at java.util.concurrent.ThreadPoolExecutor$Worker.run(ThreadPoolExecutor.java:624)
        at java.lang.Thread.run(Thread.java:750)
"Session-HouseKeeper-7f0ec4e9-1"  prio=5 tid=381 timed_waiting
java.lang.Thread.State: TIMED_WAITING
        at sun.misc.Unsafe.park(Native Method)
        at java.util.concurrent.locks.LockSupport.parkNanos(LockSupport.java:215)
        at java.util.concurrent.locks.AbstractQueuedSynchronizer$ConditionObject.awaitNanos(AbstractQueuedSynchronizer.java:2078)
        at java.util.concurrent.ScheduledThreadPoolExecutor$DelayedWorkQueue.take(ScheduledThreadPoolExecutor.java:1093)
        at java.util.concurrent.ScheduledThreadPoolExecutor$DelayedWorkQueue.take(ScheduledThreadPoolExecutor.java:809)
        at java.util.concurrent.ThreadPoolExecutor.getTask(ThreadPoolExecutor.java:1074)
        at java.util.concurrent.ThreadPoolExecutor.runWorker(ThreadPoolExecutor.java:1134)
        at java.util.concurrent.ThreadPoolExecutor$Worker.run(ThreadPoolExecutor.java:624)
        at java.lang.Thread.run(Thread.java:750)
"pool-104-thread-1"  prio=5 tid=201 timed_waiting
java.lang.Thread.State: TIMED_WAITING
        at sun.misc.Unsafe.park(Native Method)
        at java.util.concurrent.locks.LockSupport.parkNanos(LockSupport.java:215)
        at java.util.concurrent.locks.AbstractQueuedSynchronizer$ConditionObject.awaitNanos(AbstractQueuedSynchronizer.java:2078)
        at java.util.concurrent.ScheduledThreadPoolExecutor$DelayedWorkQueue.take(ScheduledThreadPoolExecutor.java:1093)
        at java.util.concurrent.ScheduledThreadPoolExecutor$DelayedWorkQueue.take(ScheduledThreadPoolExecutor.java:809)
        at java.util.concurrent.ThreadPoolExecutor.getTask(ThreadPoolExecutor.java:1074)
        at java.util.concurrent.ThreadPoolExecutor.runWorker(ThreadPoolExecutor.java:1134)
        at java.util.concurrent.ThreadPoolExecutor$Worker.run(ThreadPoolExecutor.java:624)
        at java.lang.Thread.run(Thread.java:750)
"ChunkWriter-1-0" daemon prio=5 tid=383 in Object.wait()
java.lang.Thread.State: WAITING (on object monitor)
        at sun.misc.Unsafe.park(Native Method)
        at java.util.concurrent.locks.LockSupport.park(LockSupport.java:175)
        at java.util.concurrent.locks.AbstractQueuedSynchronizer$ConditionObject.await(AbstractQueuedSynchronizer.java:2039)
        at java.util.concurrent.LinkedBlockingDeque.takeFirst(LinkedBlockingDeque.java:492)
        at java.util.concurrent.LinkedBlockingDeque.take(LinkedBlockingDeque.java:680)
        at java.util.concurrent.ThreadPoolExecutor.getTask(ThreadPoolExecutor.java:1074)
        at java.util.concurrent.ThreadPoolExecutor.runWorker(ThreadPoolExecutor.java:1134)
        at java.util.concurrent.ThreadPoolExecutor$Worker.run(ThreadPoolExecutor.java:624)
        at java.lang.Thread.run(Thread.java:750)
"ChunkWriter-1-0" daemon prio=5 tid=447 in Object.wait()
java.lang.Thread.State: WAITING (on object monitor)
        at sun.misc.Unsafe.park(Native Method)
        at java.util.concurrent.locks.LockSupport.park(LockSupport.java:175)
        at java.util.concurrent.locks.AbstractQueuedSynchronizer$ConditionObject.await(AbstractQueuedSynchronizer.java:2039)
        at java.util.concurrent.LinkedBlockingDeque.takeFirst(LinkedBlockingDeque.java:492)
        at java.util.concurrent.LinkedBlockingDeque.take(LinkedBlockingDeque.java:680)
        at java.util.concurrent.ThreadPoolExecutor.getTask(ThreadPoolExecutor.java:1074)
        at java.util.concurrent.ThreadPoolExecutor.runWorker(ThreadPoolExecutor.java:1134)
        at java.util.concurrent.ThreadPoolExecutor$Worker.run(ThreadPoolExecutor.java:624)
        at java.lang.Thread.run(Thread.java:750)
"6534404f-39f4-445c-b85e-518a348dbff3@group-CE71C629F99F-FollowerState" daemon prio=5 tid=874 timed_waiting
java.lang.Thread.State: TIMED_WAITING
        at java.lang.Thread.sleep(Native Method)
        at java.lang.Thread.sleep(Thread.java:342)
        at java.util.concurrent.TimeUnit.sleep(TimeUnit.java:386)
        at org.apache.ratis.util.TimeDuration.sleep(TimeDuration.java:325)
        at org.apache.ratis.util.TimeDuration.sleep(TimeDuration.java:310)
        at org.apache.ratis.server.impl.FollowerState.run(FollowerState.java:128)
"qtp1036316015-100" daemon prio=5 tid=100 runnable
java.lang.Thread.State: RUNNABLE
        at sun.nio.ch.EPollArrayWrapper.epollWait(Native Method)
        at sun.nio.ch.EPollArrayWrapper.poll(EPollArrayWrapper.java:269)
        at sun.nio.ch.EPollSelectorImpl.doSelect(EPollSelectorImpl.java:93)
        at sun.nio.ch.SelectorImpl.lockAndDoSelect(SelectorImpl.java:86)
        at sun.nio.ch.SelectorImpl.select(SelectorImpl.java:97)
        at sun.nio.ch.SelectorImpl.select(SelectorImpl.java:101)
        at org.eclipse.jetty.io.ManagedSelector.nioSelect(ManagedSelector.java:183)
        at org.eclipse.jetty.io.ManagedSelector.select(ManagedSelector.java:190)
        at org.eclipse.jetty.io.ManagedSelector$SelectorProducer.select(ManagedSelector.java:606)
        at org.eclipse.jetty.io.ManagedSelector$SelectorProducer.produce(ManagedSelector.java:543)
        at org.eclipse.jetty.util.thread.strategy.EatWhatYouKill.produceTask(EatWhatYouKill.java:362)
        at org.eclipse.jetty.util.thread.strategy.EatWhatYouKill.doProduce(EatWhatYouKill.java:186)
        at org.eclipse.jetty.util.thread.strategy.EatWhatYouKill.tryProduce(EatWhatYouKill.java:173)
        at org.eclipse.jetty.util.thread.strategy.EatWhatYouKill.produce(EatWhatYouKill.java:137)
        at org.eclipse.jetty.io.ManagedSelector$$Lambda$443/465676958.run(Unknown Source)
        at org.eclipse.jetty.util.thread.QueuedThreadPool.runJob(QueuedThreadPool.java:883)
        at org.eclipse.jetty.util.thread.QueuedThreadPool$Runner.run(QueuedThreadPool.java:1034)
        at java.lang.Thread.run(Thread.java:750)
"StaleRecoveringContainerScrubbingService#3" daemon prio=5 tid=940 in Object.wait()
java.lang.Thread.State: WAITING (on object monitor)
        at sun.misc.Unsafe.park(Native Method)
        at java.util.concurrent.locks.LockSupport.park(LockSupport.java:175)
        at java.util.concurrent.locks.AbstractQueuedSynchronizer$ConditionObject.await(AbstractQueuedSynchronizer.java:2039)
        at java.util.concurrent.ScheduledThreadPoolExecutor$DelayedWorkQueue.take(ScheduledThreadPoolExecutor.java:1088)
        at java.util.concurrent.ScheduledThreadPoolExecutor$DelayedWorkQueue.take(ScheduledThreadPoolExecutor.java:809)
        at java.util.concurrent.ThreadPoolExecutor.getTask(ThreadPoolExecutor.java:1074)
        at java.util.concurrent.ThreadPoolExecutor.runWorker(ThreadPoolExecutor.java:1134)
        at java.util.concurrent.ThreadPoolExecutor$Worker.run(ThreadPoolExecutor.java:624)
        at java.lang.Thread.run(Thread.java:750)
"ChunkWriter-0-0" daemon prio=5 tid=327 in Object.wait()
java.lang.Thread.State: WAITING (on object monitor)
        at sun.misc.Unsafe.park(Native Method)
        at java.util.concurrent.locks.LockSupport.park(LockSupport.java:175)
        at java.util.concurrent.locks.AbstractQueuedSynchronizer$ConditionObject.await(AbstractQueuedSynchronizer.java:2039)
        at java.util.concurrent.LinkedBlockingDeque.takeFirst(LinkedBlockingDeque.java:492)
        at java.util.concurrent.LinkedBlockingDeque.take(LinkedBlockingDeque.java:680)
        at java.util.concurrent.ThreadPoolExecutor.getTask(ThreadPoolExecutor.java:1074)
        at java.util.concurrent.ThreadPoolExecutor.runWorker(ThreadPoolExecutor.java:1134)
        at java.util.concurrent.ThreadPoolExecutor$Worker.run(ThreadPoolExecutor.java:624)
        at java.lang.Thread.run(Thread.java:750)
"qtp1091459664-281-acceptor-0@72234529-ServerConnector@2823a822{HTTP/1.1, (http/1.1)}{0.0.0.0:44457}" daemon prio=3 tid=281 runnable
java.lang.Thread.State: RUNNABLE
        at sun.nio.ch.ServerSocketChannelImpl.accept0(Native Method)
        at sun.nio.ch.ServerSocketChannelImpl.accept(ServerSocketChannelImpl.java:421)
        at sun.nio.ch.ServerSocketChannelImpl.accept(ServerSocketChannelImpl.java:249)
        at org.eclipse.jetty.server.ServerConnector.accept(ServerConnector.java:388)
        at org.eclipse.jetty.server.AbstractConnector$Acceptor.run(AbstractConnector.java:702)
        at org.eclipse.jetty.util.thread.QueuedThreadPool.runJob(QueuedThreadPool.java:883)
        at org.eclipse.jetty.util.thread.QueuedThreadPool$Runner.run(QueuedThreadPool.java:1034)
        at java.lang.Thread.run(Thread.java:750)
"ChunkReader-ELG-0" daemon prio=5 tid=541 runnable
java.lang.Thread.State: RUNNABLE
        at org.apache.ratis.thirdparty.io.netty.channel.epoll.Native.epollWait0(Native Method)
        at org.apache.ratis.thirdparty.io.netty.channel.epoll.Native.epollWait(Native.java:182)
        at org.apache.ratis.thirdparty.io.netty.channel.epoll.EpollEventLoop.epollWait(EpollEventLoop.java:290)
        at org.apache.ratis.thirdparty.io.netty.channel.epoll.EpollEventLoop.run(EpollEventLoop.java:354)
        at org.apache.ratis.thirdparty.io.netty.util.concurrent.SingleThreadEventExecutor$4.run(SingleThreadEventExecutor.java:995)
        at org.apache.ratis.thirdparty.io.netty.util.internal.ThreadExecutorMap$2.run(ThreadExecutorMap.java:74)
        at java.lang.Thread.run(Thread.java:750)
"Datanode ReportManager Thread - 1" daemon prio=5 tid=265 in Object.wait()
java.lang.Thread.State: WAITING (on object monitor)
        at sun.misc.Unsafe.park(Native Method)
        at java.util.concurrent.locks.LockSupport.park(LockSupport.java:175)
        at java.util.concurrent.locks.AbstractQueuedSynchronizer$ConditionObject.await(AbstractQueuedSynchronizer.java:2039)
        at java.util.concurrent.ScheduledThreadPoolExecutor$DelayedWorkQueue.take(ScheduledThreadPoolExecutor.java:1088)
        at java.util.concurrent.ScheduledThreadPoolExecutor$DelayedWorkQueue.take(ScheduledThreadPoolExecutor.java:809)
        at java.util.concurrent.ThreadPoolExecutor.getTask(ThreadPoolExecutor.java:1074)
        at java.util.concurrent.ThreadPoolExecutor.runWorker(ThreadPoolExecutor.java:1134)
        at java.util.concurrent.ThreadPoolExecutor$Worker.run(ThreadPoolExecutor.java:624)
        at java.lang.Thread.run(Thread.java:750)
"6ce03c57-5430-4ab1-bf83-fb555d2de968-server-thread2" daemon prio=5 tid=774 timed_waiting
java.lang.Thread.State: TIMED_WAITING
        at sun.misc.Unsafe.park(Native Method)
        at java.util.concurrent.locks.LockSupport.parkNanos(LockSupport.java:215)
        at java.util.concurrent.SynchronousQueue$TransferStack.awaitFulfill(SynchronousQueue.java:460)
        at java.util.concurrent.SynchronousQueue$TransferStack.transfer(SynchronousQueue.java:362)
        at java.util.concurrent.SynchronousQueue.poll(SynchronousQueue.java:941)
        at java.util.concurrent.ThreadPoolExecutor.getTask(ThreadPoolExecutor.java:1073)
        at java.util.concurrent.ThreadPoolExecutor.runWorker(ThreadPoolExecutor.java:1134)
        at java.util.concurrent.ThreadPoolExecutor$Worker.run(ThreadPoolExecutor.java:624)
        at java.lang.Thread.run(Thread.java:750)
"IPC Parameter Sending Thread #0" daemon prio=5 tid=113 timed_waiting
java.lang.Thread.State: TIMED_WAITING
        at sun.misc.Unsafe.park(Native Method)
        at java.util.concurrent.locks.LockSupport.parkNanos(LockSupport.java:215)
        at java.util.concurrent.SynchronousQueue$TransferStack.awaitFulfill(SynchronousQueue.java:460)
        at java.util.concurrent.SynchronousQueue$TransferStack.transfer(SynchronousQueue.java:362)
        at java.util.concurrent.SynchronousQueue.poll(SynchronousQueue.java:941)
        at java.util.concurrent.ThreadPoolExecutor.getTask(ThreadPoolExecutor.java:1073)
        at java.util.concurrent.ThreadPoolExecutor.runWorker(ThreadPoolExecutor.java:1134)
        at java.util.concurrent.ThreadPoolExecutor$Worker.run(ThreadPoolExecutor.java:624)
        at java.lang.Thread.run(Thread.java:750)
"grpc-default-worker-ELG-3-1" daemon prio=5 tid=569 runnable
java.lang.Thread.State: RUNNABLE
        at org.apache.ratis.thirdparty.io.netty.channel.epoll.Native.epollWait0(Native Method)
        at org.apache.ratis.thirdparty.io.netty.channel.epoll.Native.epollWait(Native.java:182)
        at org.apache.ratis.thirdparty.io.netty.channel.epoll.EpollEventLoop.epollWait(EpollEventLoop.java:290)
        at org.apache.ratis.thirdparty.io.netty.channel.epoll.EpollEventLoop.run(EpollEventLoop.java:354)
        at org.apache.ratis.thirdparty.io.netty.util.concurrent.SingleThreadEventExecutor$4.run(SingleThreadEventExecutor.java:995)
        at org.apache.ratis.thirdparty.io.netty.util.internal.ThreadExecutorMap$2.run(ThreadExecutorMap.java:74)
        at org.apache.ratis.thirdparty.io.netty.util.concurrent.FastThreadLocalRunnable.run(FastThreadLocalRunnable.java:30)
        at java.lang.Thread.run(Thread.java:750)
"ChunkReader-ELG-0" daemon prio=5 tid=414 runnable
java.lang.Thread.State: RUNNABLE
        at org.apache.ratis.thirdparty.io.netty.channel.epoll.Native.epollWait(Native Method)
        at org.apache.ratis.thirdparty.io.netty.channel.epoll.Native.epollWait(Native.java:209)
        at org.apache.ratis.thirdparty.io.netty.channel.epoll.Native.epollWait(Native.java:202)
        at org.apache.ratis.thirdparty.io.netty.channel.epoll.EpollEventLoop.epollWaitNoTimerChange(EpollEventLoop.java:294)
        at org.apache.ratis.thirdparty.io.netty.channel.epoll.EpollEventLoop.run(EpollEventLoop.java:351)
        at org.apache.ratis.thirdparty.io.netty.util.concurrent.SingleThreadEventExecutor$4.run(SingleThreadEventExecutor.java:995)
        at org.apache.ratis.thirdparty.io.netty.util.internal.ThreadExecutorMap$2.run(ThreadExecutorMap.java:74)
        at java.lang.Thread.run(Thread.java:750)
"qtp1091459664-286" daemon prio=5 tid=286 timed_waiting
java.lang.Thread.State: TIMED_WAITING
        at sun.misc.Unsafe.park(Native Method)
        at java.util.concurrent.locks.LockSupport.parkNanos(LockSupport.java:215)
        at java.util.concurrent.locks.AbstractQueuedSynchronizer$ConditionObject.awaitNanos(AbstractQueuedSynchronizer.java:2078)
        at org.eclipse.jetty.util.BlockingArrayQueue.poll(BlockingArrayQueue.java:382)
        at org.eclipse.jetty.util.thread.QueuedThreadPool$Runner.idleJobPoll(QueuedThreadPool.java:974)
        at org.eclipse.jetty.util.thread.QueuedThreadPool$Runner.run(QueuedThreadPool.java:1018)
        at java.lang.Thread.run(Thread.java:750)
"qtp1130508577-422" daemon prio=5 tid=422 timed_waiting
java.lang.Thread.State: TIMED_WAITING
        at sun.misc.Unsafe.park(Native Method)
        at java.util.concurrent.locks.LockSupport.parkNanos(LockSupport.java:215)
        at java.util.concurrent.locks.AbstractQueuedSynchronizer$ConditionObject.awaitNanos(AbstractQueuedSynchronizer.java:2078)
        at org.eclipse.jetty.util.BlockingArrayQueue.poll(BlockingArrayQueue.java:382)
        at org.eclipse.jetty.util.thread.QueuedThreadPool$Runner.idleJobPoll(QueuedThreadPool.java:974)
        at org.eclipse.jetty.util.thread.QueuedThreadPool$Runner.run(QueuedThreadPool.java:1018)
        at java.lang.Thread.run(Thread.java:750)
"IPC Server handler 15 on default port 39909" daemon prio=5 tid=92 timed_waiting
java.lang.Thread.State: TIMED_WAITING
        at sun.misc.Unsafe.park(Native Method)
        at java.util.concurrent.locks.LockSupport.parkNanos(LockSupport.java:215)
        at java.util.concurrent.locks.AbstractQueuedSynchronizer$ConditionObject.awaitNanos(AbstractQueuedSynchronizer.java:2078)
        at java.util.concurrent.LinkedBlockingQueue.poll(LinkedBlockingQueue.java:467)
        at org.apache.hadoop.ipc.CallQueueManager.take(CallQueueManager.java:317)
        at org.apache.hadoop.ipc.Server$Handler.run(Server.java:2942)
"org.apache.hadoop.ozone.container.common.statemachine.commandhandler.DeleteBlocksCommandHandler$DeleteCmdWorker@524f15e9" daemon prio=5 tid=453 timed_waiting
java.lang.Thread.State: TIMED_WAITING
        at java.lang.Thread.sleep(Native Method)
        at org.apache.hadoop.ozone.container.common.statemachine.commandhandler.DeleteBlocksCommandHandler$DeleteCmdWorker.run(DeleteBlocksCommandHandler.java:183)
        at java.lang.Thread.run(Thread.java:750)
"RatisPipelineUtilsThread - 0"  prio=5 tid=15 timed_waiting
java.lang.Thread.State: TIMED_WAITING
        at java.lang.Object.wait(Native Method)
        at org.apache.hadoop.hdds.scm.pipeline.BackgroundPipelineCreator.run(BackgroundPipelineCreator.java:176)
        at org.apache.hadoop.hdds.scm.pipeline.BackgroundPipelineCreator$$Lambda$371/2129927330.run(Unknown Source)
        at java.lang.Thread.run(Thread.java:750)
"SCM Heartbeat Processing Thread - 0" daemon prio=5 tid=14 timed_waiting
java.lang.Thread.State: TIMED_WAITING
        at sun.misc.Unsafe.park(Native Method)
        at java.util.concurrent.locks.LockSupport.parkNanos(LockSupport.java:215)
        at java.util.concurrent.locks.AbstractQueuedSynchronizer$ConditionObject.awaitNanos(AbstractQueuedSynchronizer.java:2078)
        at java.util.concurrent.ScheduledThreadPoolExecutor$DelayedWorkQueue.take(ScheduledThreadPoolExecutor.java:1093)
        at java.util.concurrent.ScheduledThreadPoolExecutor$DelayedWorkQueue.take(ScheduledThreadPoolExecutor.java:809)
        at java.util.concurrent.ThreadPoolExecutor.getTask(ThreadPoolExecutor.java:1074)
        at java.util.concurrent.ThreadPoolExecutor.runWorker(ThreadPoolExecutor.java:1134)
        at java.util.concurrent.ThreadPoolExecutor$Worker.run(ThreadPoolExecutor.java:624)
        at java.lang.Thread.run(Thread.java:750)
"grpc-default-executor-2" daemon prio=5 tid=695 timed_waiting
java.lang.Thread.State: TIMED_WAITING
        at sun.misc.Unsafe.park(Native Method)
        at java.util.concurrent.locks.LockSupport.parkNanos(LockSupport.java:215)
        at java.util.concurrent.SynchronousQueue$TransferStack.awaitFulfill(SynchronousQueue.java:460)
        at java.util.concurrent.SynchronousQueue$TransferStack.transfer(SynchronousQueue.java:362)
        at java.util.concurrent.SynchronousQueue.poll(SynchronousQueue.java:941)
        at java.util.concurrent.ThreadPoolExecutor.getTask(ThreadPoolExecutor.java:1073)
        at java.util.concurrent.ThreadPoolExecutor.runWorker(ThreadPoolExecutor.java:1134)
        at java.util.concurrent.ThreadPoolExecutor$Worker.run(ThreadPoolExecutor.java:624)
        at java.lang.Thread.run(Thread.java:750)
"IPC Server handler 5 on default port 33161" daemon prio=5 tid=149 timed_waiting
java.lang.Thread.State: TIMED_WAITING
        at sun.misc.Unsafe.park(Native Method)
        at java.util.concurrent.locks.LockSupport.parkNanos(LockSupport.java:215)
        at java.util.concurrent.locks.AbstractQueuedSynchronizer$ConditionObject.awaitNanos(AbstractQueuedSynchronizer.java:2078)
        at java.util.concurrent.LinkedBlockingQueue.poll(LinkedBlockingQueue.java:467)
        at org.apache.hadoop.ipc.CallQueueManager.take(CallQueueManager.java:317)
        at org.apache.hadoop.ipc.Server$Handler.run(Server.java:2942)
"Datanode ReportManager Thread - 3" daemon prio=5 tid=396 timed_waiting
java.lang.Thread.State: TIMED_WAITING
        at sun.misc.Unsafe.park(Native Method)
        at java.util.concurrent.locks.LockSupport.parkNanos(LockSupport.java:215)
        at java.util.concurrent.locks.AbstractQueuedSynchronizer$ConditionObject.awaitNanos(AbstractQueuedSynchronizer.java:2078)
        at java.util.concurrent.ScheduledThreadPoolExecutor$DelayedWorkQueue.take(ScheduledThreadPoolExecutor.java:1093)
        at java.util.concurrent.ScheduledThreadPoolExecutor$DelayedWorkQueue.take(ScheduledThreadPoolExecutor.java:809)
        at java.util.concurrent.ThreadPoolExecutor.getTask(ThreadPoolExecutor.java:1074)
        at java.util.concurrent.ThreadPoolExecutor.runWorker(ThreadPoolExecutor.java:1134)
        at java.util.concurrent.ThreadPoolExecutor$Worker.run(ThreadPoolExecutor.java:624)
        at java.lang.Thread.run(Thread.java:750)
"StaleRecoveringContainerScrubbingService#0" daemon prio=5 tid=486 timed_waiting
java.lang.Thread.State: TIMED_WAITING
        at sun.misc.Unsafe.park(Native Method)
        at java.util.concurrent.locks.LockSupport.parkNanos(LockSupport.java:215)
        at java.util.concurrent.locks.AbstractQueuedSynchronizer$ConditionObject.awaitNanos(AbstractQueuedSynchronizer.java:2078)
        at java.util.concurrent.ScheduledThreadPoolExecutor$DelayedWorkQueue.take(ScheduledThreadPoolExecutor.java:1093)
        at java.util.concurrent.ScheduledThreadPoolExecutor$DelayedWorkQueue.take(ScheduledThreadPoolExecutor.java:809)
        at java.util.concurrent.ThreadPoolExecutor.getTask(ThreadPoolExecutor.java:1074)
        at java.util.concurrent.ThreadPoolExecutor.runWorker(ThreadPoolExecutor.java:1134)
        at java.util.concurrent.ThreadPoolExecutor$Worker.run(ThreadPoolExecutor.java:624)
        at java.lang.Thread.run(Thread.java:750)
"IPC Server handler 15 on default port 36683" daemon prio=5 tid=72 timed_waiting
java.lang.Thread.State: TIMED_WAITING
        at sun.misc.Unsafe.park(Native Method)
        at java.util.concurrent.locks.LockSupport.parkNanos(LockSupport.java:215)
        at java.util.concurrent.locks.AbstractQueuedSynchronizer$ConditionObject.awaitNanos(AbstractQueuedSynchronizer.java:2078)
        at java.util.concurrent.LinkedBlockingQueue.poll(LinkedBlockingQueue.java:467)
        at org.apache.hadoop.ipc.CallQueueManager.take(CallQueueManager.java:317)
        at org.apache.hadoop.ipc.Server$Handler.run(Server.java:2942)
"ChunkReader-3" daemon prio=5 tid=846 in Object.wait()
java.lang.Thread.State: WAITING (on object monitor)
        at sun.misc.Unsafe.park(Native Method)
        at java.util.concurrent.locks.LockSupport.park(LockSupport.java:175)
        at java.util.concurrent.locks.AbstractQueuedSynchronizer$ConditionObject.await(AbstractQueuedSynchronizer.java:2039)
        at java.util.concurrent.LinkedBlockingQueue.take(LinkedBlockingQueue.java:442)
        at java.util.concurrent.ThreadPoolExecutor.getTask(ThreadPoolExecutor.java:1074)
        at java.util.concurrent.ThreadPoolExecutor.runWorker(ThreadPoolExecutor.java:1134)
        at java.util.concurrent.ThreadPoolExecutor$Worker.run(ThreadPoolExecutor.java:624)
        at java.lang.Thread.run(Thread.java:750)
"IPC Server handler 6 on default port 36683" daemon prio=5 tid=63 timed_waiting
java.lang.Thread.State: TIMED_WAITING
        at sun.misc.Unsafe.park(Native Method)
        at java.util.concurrent.locks.LockSupport.parkNanos(LockSupport.java:215)
        at java.util.concurrent.locks.AbstractQueuedSynchronizer$ConditionObject.awaitNanos(AbstractQueuedSynchronizer.java:2078)
        at java.util.concurrent.LinkedBlockingQueue.poll(LinkedBlockingQueue.java:467)
        at org.apache.hadoop.ipc.CallQueueManager.take(CallQueueManager.java:317)
        at org.apache.hadoop.ipc.Server$Handler.run(Server.java:2942)
"org.apache.hadoop.util.JvmPauseMonitor$Monitor@28e73e8c" daemon prio=5 tid=270 timed_waiting
java.lang.Thread.State: TIMED_WAITING
        at java.lang.Thread.sleep(Native Method)
        at org.apache.hadoop.util.JvmPauseMonitor$Monitor.run(JvmPauseMonitor.java:192)
        at java.lang.Thread.run(Thread.java:750)
"qtp1125897995-209" daemon prio=5 tid=209 timed_waiting
java.lang.Thread.State: TIMED_WAITING
        at sun.misc.Unsafe.park(Native Method)
        at java.util.concurrent.locks.LockSupport.parkNanos(LockSupport.java:215)
        at java.util.concurrent.locks.AbstractQueuedSynchronizer$ConditionObject.awaitNanos(AbstractQueuedSynchronizer.java:2078)
        at org.eclipse.jetty.util.BlockingArrayQueue.poll(BlockingArrayQueue.java:382)
        at org.eclipse.jetty.util.thread.QueuedThreadPool$Runner.idleJobPoll(QueuedThreadPool.java:974)
        at org.eclipse.jetty.util.thread.QueuedThreadPool$Runner.run(QueuedThreadPool.java:1018)
        at java.lang.Thread.run(Thread.java:750)
"d4065fed-2d66-41be-989b-4bd24a4f6517-server-thread3" daemon prio=5 tid=910 timed_waiting
java.lang.Thread.State: TIMED_WAITING
        at sun.misc.Unsafe.park(Native Method)
        at java.util.concurrent.locks.LockSupport.parkNanos(LockSupport.java:215)
        at java.util.concurrent.SynchronousQueue$TransferStack.awaitFulfill(SynchronousQueue.java:460)
        at java.util.concurrent.SynchronousQueue$TransferStack.transfer(SynchronousQueue.java:362)
        at java.util.concurrent.SynchronousQueue.poll(SynchronousQueue.java:941)
        at java.util.concurrent.ThreadPoolExecutor.getTask(ThreadPoolExecutor.java:1073)
        at java.util.concurrent.ThreadPoolExecutor.runWorker(ThreadPoolExecutor.java:1134)
        at java.util.concurrent.ThreadPoolExecutor$Worker.run(ThreadPoolExecutor.java:624)
        at java.lang.Thread.run(Thread.java:750)
"be21c5c4-321c-411e-8ca9-5bb5909d110b@group-670B8877836B-SegmentedRaftLogWorker"  prio=5 tid=621 timed_waiting
java.lang.Thread.State: TIMED_WAITING
        at sun.misc.Unsafe.park(Native Method)
        at java.util.concurrent.locks.LockSupport.parkNanos(LockSupport.java:215)
        at java.util.concurrent.locks.AbstractQueuedSynchronizer$ConditionObject.awaitNanos(AbstractQueuedSynchronizer.java:2078)
        at org.apache.ratis.util.DataBlockingQueue.poll(DataBlockingQueue.java:148)
        at org.apache.ratis.server.raftlog.segmented.SegmentedRaftLogWorker.run(SegmentedRaftLogWorker.java:310)
        at org.apache.ratis.server.raftlog.segmented.SegmentedRaftLogWorker$$Lambda$661/302741709.run(Unknown Source)
        at java.lang.Thread.run(Thread.java:750)
"ChunkWriter-2-0" daemon prio=5 tid=538 in Object.wait()
java.lang.Thread.State: WAITING (on object monitor)
        at sun.misc.Unsafe.park(Native Method)
        at java.util.concurrent.locks.LockSupport.park(LockSupport.java:175)
        at java.util.concurrent.locks.AbstractQueuedSynchronizer$ConditionObject.await(AbstractQueuedSynchronizer.java:2039)
        at java.util.concurrent.LinkedBlockingDeque.takeFirst(LinkedBlockingDeque.java:492)
        at java.util.concurrent.LinkedBlockingDeque.take(LinkedBlockingDeque.java:680)
        at java.util.concurrent.ThreadPoolExecutor.getTask(ThreadPoolExecutor.java:1074)
        at java.util.concurrent.ThreadPoolExecutor.runWorker(ThreadPoolExecutor.java:1134)
        at java.util.concurrent.ThreadPoolExecutor$Worker.run(ThreadPoolExecutor.java:624)
        at java.lang.Thread.run(Thread.java:750)
"EndpointStateMachine task thread for /0.0.0.0:39909 - 0 "  prio=5 tid=478 in Object.wait()
java.lang.Thread.State: WAITING (on object monitor)
        at sun.misc.Unsafe.park(Native Method)
        at java.util.concurrent.locks.LockSupport.park(LockSupport.java:175)
        at java.util.concurrent.locks.AbstractQueuedSynchronizer$ConditionObject.await(AbstractQueuedSynchronizer.java:2039)
        at java.util.concurrent.LinkedBlockingQueue.take(LinkedBlockingQueue.java:442)
        at java.util.concurrent.ThreadPoolExecutor.getTask(ThreadPoolExecutor.java:1074)
        at java.util.concurrent.ThreadPoolExecutor.runWorker(ThreadPoolExecutor.java:1134)
        at java.util.concurrent.ThreadPoolExecutor$Worker.run(ThreadPoolExecutor.java:624)
        at java.lang.Thread.run(Thread.java:750)
"IPC Server handler 11 on default port 33161" daemon prio=5 tid=155 timed_waiting
java.lang.Thread.State: TIMED_WAITING
        at sun.misc.Unsafe.park(Native Method)
        at java.util.concurrent.locks.LockSupport.parkNanos(LockSupport.java:215)
        at java.util.concurrent.locks.AbstractQueuedSynchronizer$ConditionObject.awaitNanos(AbstractQueuedSynchronizer.java:2078)
        at java.util.concurrent.LinkedBlockingQueue.poll(LinkedBlockingQueue.java:467)
        at org.apache.hadoop.ipc.CallQueueManager.take(CallQueueManager.java:317)
        at org.apache.hadoop.ipc.Server$Handler.run(Server.java:2942)
"0a1cfcca-7ba7-43aa-b517-08505af7a09b@group-7646482EED7C-SegmentedRaftLogWorker"  prio=5 tid=666 timed_waiting
java.lang.Thread.State: TIMED_WAITING
        at sun.misc.Unsafe.park(Native Method)
        at java.util.concurrent.locks.LockSupport.parkNanos(LockSupport.java:215)
        at java.util.concurrent.locks.AbstractQueuedSynchronizer$ConditionObject.awaitNanos(AbstractQueuedSynchronizer.java:2078)
        at org.apache.ratis.util.DataBlockingQueue.poll(DataBlockingQueue.java:148)
        at org.apache.ratis.server.raftlog.segmented.SegmentedRaftLogWorker.run(SegmentedRaftLogWorker.java:310)
        at org.apache.ratis.server.raftlog.segmented.SegmentedRaftLogWorker$$Lambda$661/302741709.run(Unknown Source)
        at java.lang.Thread.run(Thread.java:750)
"FixedThreadPoolWithAffinityExecutor-9-0" daemon prio=5 tid=548 in Object.wait()
java.lang.Thread.State: WAITING (on object monitor)
        at sun.misc.Unsafe.park(Native Method)
        at java.util.concurrent.locks.LockSupport.park(LockSupport.java:175)
        at java.util.concurrent.locks.AbstractQueuedSynchronizer$ConditionObject.await(AbstractQueuedSynchronizer.java:2039)
        at java.util.concurrent.LinkedBlockingDeque.takeFirst(LinkedBlockingDeque.java:492)
        at java.util.concurrent.LinkedBlockingDeque.take(LinkedBlockingDeque.java:680)
        at java.util.concurrent.ThreadPoolExecutor.getTask(ThreadPoolExecutor.java:1074)
        at java.util.concurrent.ThreadPoolExecutor.runWorker(ThreadPoolExecutor.java:1134)
        at java.util.concurrent.ThreadPoolExecutor$Worker.run(ThreadPoolExecutor.java:624)
        at java.lang.Thread.run(Thread.java:750)
"IPC Server handler 3 on default port 36683" daemon prio=5 tid=60 timed_waiting
java.lang.Thread.State: TIMED_WAITING
        at sun.misc.Unsafe.park(Native Method)
        at java.util.concurrent.locks.LockSupport.parkNanos(LockSupport.java:215)
        at java.util.concurrent.locks.AbstractQueuedSynchronizer$ConditionObject.awaitNanos(AbstractQueuedSynchronizer.java:2078)
        at java.util.concurrent.LinkedBlockingQueue.poll(LinkedBlockingQueue.java:467)
        at org.apache.hadoop.ipc.CallQueueManager.take(CallQueueManager.java:317)
        at org.apache.hadoop.ipc.Server$Handler.run(Server.java:2942)
"Datanode State Machine Task Thread - 0"  prio=5 tid=271 in Object.wait()
java.lang.Thread.State: WAITING (on object monitor)
        at sun.misc.Unsafe.park(Native Method)
        at java.util.concurrent.locks.LockSupport.park(LockSupport.java:175)
        at java.util.concurrent.locks.AbstractQueuedSynchronizer$ConditionObject.await(AbstractQueuedSynchronizer.java:2039)
        at java.util.concurrent.LinkedBlockingQueue.take(LinkedBlockingQueue.java:442)
        at java.util.concurrent.ThreadPoolExecutor.getTask(ThreadPoolExecutor.java:1074)
        at java.util.concurrent.ThreadPoolExecutor.runWorker(ThreadPoolExecutor.java:1134)
        at java.util.concurrent.ThreadPoolExecutor$Worker.run(ThreadPoolExecutor.java:624)
        at java.lang.Thread.run(Thread.java:750)
"BlockDeletingService#1" daemon prio=5 tid=506 in Object.wait()
java.lang.Thread.State: WAITING (on object monitor)
        at sun.misc.Unsafe.park(Native Method)
        at java.util.concurrent.locks.LockSupport.park(LockSupport.java:175)
        at java.util.concurrent.locks.AbstractQueuedSynchronizer$ConditionObject.await(AbstractQueuedSynchronizer.java:2039)
        at java.util.concurrent.ScheduledThreadPoolExecutor$DelayedWorkQueue.take(ScheduledThreadPoolExecutor.java:1088)
        at java.util.concurrent.ScheduledThreadPoolExecutor$DelayedWorkQueue.take(ScheduledThreadPoolExecutor.java:809)
        at java.util.concurrent.ThreadPoolExecutor.getTask(ThreadPoolExecutor.java:1074)
        at java.util.concurrent.ThreadPoolExecutor.runWorker(ThreadPoolExecutor.java:1134)
        at java.util.concurrent.ThreadPoolExecutor$Worker.run(ThreadPoolExecutor.java:624)
        at java.lang.Thread.run(Thread.java:750)
"Socket Reader #1 for port 0"  prio=5 tid=28 runnable
java.lang.Thread.State: RUNNABLE
        at sun.nio.ch.EPollArrayWrapper.epollWait(Native Method)
        at sun.nio.ch.EPollArrayWrapper.poll(EPollArrayWrapper.java:269)
        at sun.nio.ch.EPollSelectorImpl.doSelect(EPollSelectorImpl.java:93)
        at sun.nio.ch.SelectorImpl.lockAndDoSelect(SelectorImpl.java:86)
        at sun.nio.ch.SelectorImpl.select(SelectorImpl.java:97)
        at sun.nio.ch.SelectorImpl.select(SelectorImpl.java:101)
        at org.apache.hadoop.ipc.Server$Listener$Reader.doRunLoop(Server.java:1296)
        at org.apache.hadoop.ipc.Server$Listener$Reader.run(Server.java:1275)
"StaleRecoveringContainerScrubbingService#3" daemon prio=5 tid=937 in Object.wait()
java.lang.Thread.State: WAITING (on object monitor)
        at sun.misc.Unsafe.park(Native Method)
        at java.util.concurrent.locks.LockSupport.park(LockSupport.java:175)
        at java.util.concurrent.locks.AbstractQueuedSynchronizer$ConditionObject.await(AbstractQueuedSynchronizer.java:2039)
        at java.util.concurrent.ScheduledThreadPoolExecutor$DelayedWorkQueue.take(ScheduledThreadPoolExecutor.java:1088)
        at java.util.concurrent.ScheduledThreadPoolExecutor$DelayedWorkQueue.take(ScheduledThreadPoolExecutor.java:809)
        at java.util.concurrent.ThreadPoolExecutor.getTask(ThreadPoolExecutor.java:1074)
        at java.util.concurrent.ThreadPoolExecutor.runWorker(ThreadPoolExecutor.java:1134)
        at java.util.concurrent.ThreadPoolExecutor$Worker.run(ThreadPoolExecutor.java:624)
        at java.lang.Thread.run(Thread.java:750)
"Command processor thread" daemon prio=5 tid=398 timed_waiting
java.lang.Thread.State: TIMED_WAITING
        at java.lang.Thread.sleep(Native Method)
        at org.apache.hadoop.ozone.container.common.statemachine.DatanodeStateMachine.lambda$initCommandHandlerThread$3(DatanodeStateMachine.java:634)
        at org.apache.hadoop.ozone.container.common.statemachine.DatanodeStateMachine$$Lambda$747/2071845850.run(Unknown Source)
        at java.lang.Thread.run(Thread.java:750)
"StaleRecoveringContainerScrubbingService#3" daemon prio=5 tid=944 in Object.wait()
java.lang.Thread.State: WAITING (on object monitor)
        at sun.misc.Unsafe.park(Native Method)
        at java.util.concurrent.locks.LockSupport.park(LockSupport.java:175)
        at java.util.concurrent.locks.AbstractQueuedSynchronizer$ConditionObject.await(AbstractQueuedSynchronizer.java:2039)
        at java.util.concurrent.ScheduledThreadPoolExecutor$DelayedWorkQueue.take(ScheduledThreadPoolExecutor.java:1088)
        at java.util.concurrent.ScheduledThreadPoolExecutor$DelayedWorkQueue.take(ScheduledThreadPoolExecutor.java:809)
        at java.util.concurrent.ThreadPoolExecutor.getTask(ThreadPoolExecutor.java:1074)
        at java.util.concurrent.ThreadPoolExecutor.runWorker(ThreadPoolExecutor.java:1134)
        at java.util.concurrent.ThreadPoolExecutor$Worker.run(ThreadPoolExecutor.java:624)
        at java.lang.Thread.run(Thread.java:750)
"d4065fed-2d66-41be-989b-4bd24a4f6517@group-5EAD7F5BC067->6ce03c57-5430-4ab1-bf83-fb555d2de968-GrpcLogAppender-LogAppenderDaemon" daemon prio=5 tid=769 timed_waiting
java.lang.Thread.State: TIMED_WAITING
        at sun.misc.Unsafe.park(Native Method)
        at java.util.concurrent.locks.LockSupport.parkNanos(LockSupport.java:215)
        at java.util.concurrent.CompletableFuture$Signaller.block(CompletableFuture.java:1709)
        at java.util.concurrent.ForkJoinPool.managedBlock(ForkJoinPool.java:3323)
        at java.util.concurrent.CompletableFuture.timedGet(CompletableFuture.java:1788)
        at java.util.concurrent.CompletableFuture.get(CompletableFuture.java:1928)
        at org.apache.ratis.util.AwaitForSignal.await(AwaitForSignal.java:56)
        at org.apache.ratis.grpc.server.GrpcLogAppender.mayWait(GrpcLogAppender.java:198)
        at org.apache.ratis.grpc.server.GrpcLogAppender.run(GrpcLogAppender.java:148)
        at org.apache.ratis.server.leader.LogAppenderDaemon.run(LogAppenderDaemon.java:78)
        at org.apache.ratis.server.leader.LogAppenderDaemon$$Lambda$1030/1884454755.run(Unknown Source)
        at java.lang.Thread.run(Thread.java:750)
"ChunkWriter-3-0" daemon prio=5 tid=385 in Object.wait()
java.lang.Thread.State: WAITING (on object monitor)
        at sun.misc.Unsafe.park(Native Method)
        at java.util.concurrent.locks.LockSupport.park(LockSupport.java:175)
        at java.util.concurrent.locks.AbstractQueuedSynchronizer$ConditionObject.await(AbstractQueuedSynchronizer.java:2039)
        at java.util.concurrent.LinkedBlockingDeque.takeFirst(LinkedBlockingDeque.java:492)
        at java.util.concurrent.LinkedBlockingDeque.take(LinkedBlockingDeque.java:680)
        at java.util.concurrent.ThreadPoolExecutor.getTask(ThreadPoolExecutor.java:1074)
        at java.util.concurrent.ThreadPoolExecutor.runWorker(ThreadPoolExecutor.java:1134)
        at java.util.concurrent.ThreadPoolExecutor$Worker.run(ThreadPoolExecutor.java:624)
        at java.lang.Thread.run(Thread.java:750)
"Datanode ReportManager Thread - 0" daemon prio=5 tid=184 in Object.wait()
java.lang.Thread.State: WAITING (on object monitor)
        at sun.misc.Unsafe.park(Native Method)
        at java.util.concurrent.locks.LockSupport.park(LockSupport.java:175)
        at java.util.concurrent.locks.AbstractQueuedSynchronizer$ConditionObject.await(AbstractQueuedSynchronizer.java:2039)
        at java.util.concurrent.ScheduledThreadPoolExecutor$DelayedWorkQueue.take(ScheduledThreadPoolExecutor.java:1088)
        at java.util.concurrent.ScheduledThreadPoolExecutor$DelayedWorkQueue.take(ScheduledThreadPoolExecutor.java:809)
        at java.util.concurrent.ThreadPoolExecutor.getTask(ThreadPoolExecutor.java:1074)
        at java.util.concurrent.ThreadPoolExecutor.runWorker(ThreadPoolExecutor.java:1134)
        at java.util.concurrent.ThreadPoolExecutor$Worker.run(ThreadPoolExecutor.java:624)
        at java.lang.Thread.run(Thread.java:750)
"BlockDeletingService#0" daemon prio=5 tid=454 timed_waiting
java.lang.Thread.State: TIMED_WAITING
        at sun.misc.Unsafe.park(Native Method)
        at java.util.concurrent.locks.LockSupport.parkNanos(LockSupport.java:215)
        at java.util.concurrent.locks.AbstractQueuedSynchronizer$ConditionObject.awaitNanos(AbstractQueuedSynchronizer.java:2078)
        at java.util.concurrent.ScheduledThreadPoolExecutor$DelayedWorkQueue.take(ScheduledThreadPoolExecutor.java:1093)
        at java.util.concurrent.ScheduledThreadPoolExecutor$DelayedWorkQueue.take(ScheduledThreadPoolExecutor.java:809)
        at java.util.concurrent.ThreadPoolExecutor.getTask(ThreadPoolExecutor.java:1074)
        at java.util.concurrent.ThreadPoolExecutor.runWorker(ThreadPoolExecutor.java:1134)
        at java.util.concurrent.ThreadPoolExecutor$Worker.run(ThreadPoolExecutor.java:624)
        at java.lang.Thread.run(Thread.java:750)
"qtp1836950623-312" daemon prio=5 tid=312 timed_waiting
java.lang.Thread.State: TIMED_WAITING
        at sun.misc.Unsafe.park(Native Method)
        at java.util.concurrent.locks.LockSupport.parkNanos(LockSupport.java:215)
        at java.util.concurrent.locks.AbstractQueuedSynchronizer$ConditionObject.awaitNanos(AbstractQueuedSynchronizer.java:2078)
        at org.eclipse.jetty.util.BlockingArrayQueue.poll(BlockingArrayQueue.java:382)
        at org.eclipse.jetty.util.thread.QueuedThreadPool$Runner.idleJobPoll(QueuedThreadPool.java:974)
        at org.eclipse.jetty.util.thread.QueuedThreadPool$Runner.run(QueuedThreadPool.java:1018)
        at java.lang.Thread.run(Thread.java:750)
"be21c5c4-321c-411e-8ca9-5bb5909d110b@group-7436307844CD-StateMachineUpdater" daemon prio=5 tid=607 timed_waiting
java.lang.Thread.State: TIMED_WAITING
        at sun.misc.Unsafe.park(Native Method)
        at java.util.concurrent.locks.LockSupport.parkNanos(LockSupport.java:215)
        at java.util.concurrent.CompletableFuture$Signaller.block(CompletableFuture.java:1709)
        at java.util.concurrent.ForkJoinPool.managedBlock(ForkJoinPool.java:3323)
        at java.util.concurrent.CompletableFuture.timedGet(CompletableFuture.java:1788)
        at java.util.concurrent.CompletableFuture.get(CompletableFuture.java:1928)
        at org.apache.ratis.util.AwaitForSignal.await(AwaitForSignal.java:56)
        at org.apache.ratis.server.impl.StateMachineUpdater.waitForCommit(StateMachineUpdater.java:207)
        at org.apache.ratis.server.impl.StateMachineUpdater.run(StateMachineUpdater.java:176)
        at java.lang.Thread.run(Thread.java:750)
"qtp1125897995-208" daemon prio=5 tid=208 timed_waiting
java.lang.Thread.State: TIMED_WAITING
        at sun.misc.Unsafe.park(Native Method)
        at java.util.concurrent.locks.LockSupport.parkNanos(LockSupport.java:215)
        at java.util.concurrent.locks.AbstractQueuedSynchronizer$ConditionObject.awaitNanos(AbstractQueuedSynchronizer.java:2078)
        at org.eclipse.jetty.util.BlockingArrayQueue.poll(BlockingArrayQueue.java:382)
        at org.eclipse.jetty.util.thread.QueuedThreadPool$Runner.idleJobPoll(QueuedThreadPool.java:974)
        at org.eclipse.jetty.util.thread.QueuedThreadPool$Runner.run(QueuedThreadPool.java:1018)
        at java.lang.Thread.run(Thread.java:750)
"IPC Server handler 14 on default port 39909" daemon prio=5 tid=91 timed_waiting
java.lang.Thread.State: TIMED_WAITING
        at sun.misc.Unsafe.park(Native Method)
        at java.util.concurrent.locks.LockSupport.parkNanos(LockSupport.java:215)
        at java.util.concurrent.locks.AbstractQueuedSynchronizer$ConditionObject.awaitNanos(AbstractQueuedSynchronizer.java:2078)
        at java.util.concurrent.LinkedBlockingQueue.poll(LinkedBlockingQueue.java:467)
        at org.apache.hadoop.ipc.CallQueueManager.take(CallQueueManager.java:317)
        at org.apache.hadoop.ipc.Server$Handler.run(Server.java:2942)
"JvmPauseMonitor0" daemon prio=5 tid=129 timed_waiting
java.lang.Thread.State: TIMED_WAITING
        at java.lang.Thread.sleep(Native Method)
        at java.lang.Thread.sleep(Thread.java:342)
        at java.util.concurrent.TimeUnit.sleep(TimeUnit.java:386)
        at org.apache.ratis.util.TimeDuration.sleep(TimeDuration.java:325)
        at org.apache.ratis.util.TimeDuration.sleep(TimeDuration.java:310)
        at org.apache.ratis.util.JvmPauseMonitor.detectPause(JvmPauseMonitor.java:119)
        at org.apache.ratis.util.JvmPauseMonitor.run(JvmPauseMonitor.java:108)
        at org.apache.ratis.util.JvmPauseMonitor$$Lambda$702/1227187683.run(Unknown Source)
        at java.lang.Thread.run(Thread.java:750)
"IPC Server handler 10 on default port 33161" daemon prio=5 tid=154 timed_waiting
java.lang.Thread.State: TIMED_WAITING
        at sun.misc.Unsafe.park(Native Method)
        at java.util.concurrent.locks.LockSupport.parkNanos(LockSupport.java:215)
        at java.util.concurrent.locks.AbstractQueuedSynchronizer$ConditionObject.awaitNanos(AbstractQueuedSynchronizer.java:2078)
        at java.util.concurrent.LinkedBlockingQueue.poll(LinkedBlockingQueue.java:467)
        at org.apache.hadoop.ipc.CallQueueManager.take(CallQueueManager.java:317)
        at org.apache.hadoop.ipc.Server$Handler.run(Server.java:2942)
"IPC Server listener on 0" daemon prio=5 tid=23 runnable
java.lang.Thread.State: RUNNABLE
        at sun.nio.ch.EPollArrayWrapper.epollWait(Native Method)
        at sun.nio.ch.EPollArrayWrapper.poll(EPollArrayWrapper.java:269)
        at sun.nio.ch.EPollSelectorImpl.doSelect(EPollSelectorImpl.java:93)
        at sun.nio.ch.SelectorImpl.lockAndDoSelect(SelectorImpl.java:86)
        at sun.nio.ch.SelectorImpl.select(SelectorImpl.java:97)
        at sun.nio.ch.SelectorImpl.select(SelectorImpl.java:101)
        at org.apache.hadoop.ipc.Server$Listener.run(Server.java:1358)
"KeyDeletingService#0" daemon prio=5 tid=131 timed_waiting
java.lang.Thread.State: TIMED_WAITING
        at sun.misc.Unsafe.park(Native Method)
        at java.util.concurrent.locks.LockSupport.parkNanos(LockSupport.java:215)
        at java.util.concurrent.locks.AbstractQueuedSynchronizer$ConditionObject.awaitNanos(AbstractQueuedSynchronizer.java:2078)
        at java.util.concurrent.ScheduledThreadPoolExecutor$DelayedWorkQueue.take(ScheduledThreadPoolExecutor.java:1093)
        at java.util.concurrent.ScheduledThreadPoolExecutor$DelayedWorkQueue.take(ScheduledThreadPoolExecutor.java:809)
        at java.util.concurrent.ThreadPoolExecutor.getTask(ThreadPoolExecutor.java:1074)
        at java.util.concurrent.ThreadPoolExecutor.runWorker(ThreadPoolExecutor.java:1134)
        at java.util.concurrent.ThreadPoolExecutor$Worker.run(ThreadPoolExecutor.java:624)
        at java.lang.Thread.run(Thread.java:750)
"Datanode ReportManager Thread - 4" daemon prio=5 tid=323 in Object.wait()
java.lang.Thread.State: WAITING (on object monitor)
        at sun.misc.Unsafe.park(Native Method)
        at java.util.concurrent.locks.LockSupport.park(LockSupport.java:175)
        at java.util.concurrent.locks.AbstractQueuedSynchronizer$ConditionObject.await(AbstractQueuedSynchronizer.java:2039)
        at java.util.concurrent.ScheduledThreadPoolExecutor$DelayedWorkQueue.take(ScheduledThreadPoolExecutor.java:1088)
        at java.util.concurrent.ScheduledThreadPoolExecutor$DelayedWorkQueue.take(ScheduledThreadPoolExecutor.java:809)
        at java.util.concurrent.ThreadPoolExecutor.getTask(ThreadPoolExecutor.java:1074)
        at java.util.concurrent.ThreadPoolExecutor.runWorker(ThreadPoolExecutor.java:1134)
        at java.util.concurrent.ThreadPoolExecutor$Worker.run(ThreadPoolExecutor.java:624)
        at java.lang.Thread.run(Thread.java:750)
"StaleRecoveringContainerScrubbingService#2" daemon prio=5 tid=923 in Object.wait()
java.lang.Thread.State: WAITING (on object monitor)
        at sun.misc.Unsafe.park(Native Method)
        at java.util.concurrent.locks.LockSupport.park(LockSupport.java:175)
        at java.util.concurrent.locks.AbstractQueuedSynchronizer$ConditionObject.await(AbstractQueuedSynchronizer.java:2039)
        at java.util.concurrent.ScheduledThreadPoolExecutor$DelayedWorkQueue.take(ScheduledThreadPoolExecutor.java:1088)
        at java.util.concurrent.ScheduledThreadPoolExecutor$DelayedWorkQueue.take(ScheduledThreadPoolExecutor.java:809)
        at java.util.concurrent.ThreadPoolExecutor.getTask(ThreadPoolExecutor.java:1074)
        at java.util.concurrent.ThreadPoolExecutor.runWorker(ThreadPoolExecutor.java:1134)
        at java.util.concurrent.ThreadPoolExecutor$Worker.run(ThreadPoolExecutor.java:624)
        at java.lang.Thread.run(Thread.java:750)
"qtp1091459664-287" daemon prio=5 tid=287 timed_waiting
java.lang.Thread.State: TIMED_WAITING
        at sun.misc.Unsafe.park(Native Method)
        at java.util.concurrent.locks.LockSupport.parkNanos(LockSupport.java:215)
        at java.util.concurrent.locks.AbstractQueuedSynchronizer$ConditionObject.awaitNanos(AbstractQueuedSynchronizer.java:2078)
        at org.eclipse.jetty.util.BlockingArrayQueue.poll(BlockingArrayQueue.java:382)
        at org.eclipse.jetty.util.thread.QueuedThreadPool$Runner.idleJobPoll(QueuedThreadPool.java:974)
        at org.eclipse.jetty.util.thread.QueuedThreadPool$Runner.run(QueuedThreadPool.java:1018)
        at java.lang.Thread.run(Thread.java:750)
"ChunkWriter-2-0" daemon prio=5 tid=448 in Object.wait()
java.lang.Thread.State: WAITING (on object monitor)
        at sun.misc.Unsafe.park(Native Method)
        at java.util.concurrent.locks.LockSupport.park(LockSupport.java:175)
        at java.util.concurrent.locks.AbstractQueuedSynchronizer$ConditionObject.await(AbstractQueuedSynchronizer.java:2039)
        at java.util.concurrent.LinkedBlockingDeque.takeFirst(LinkedBlockingDeque.java:492)
        at java.util.concurrent.LinkedBlockingDeque.take(LinkedBlockingDeque.java:680)
        at java.util.concurrent.ThreadPoolExecutor.getTask(ThreadPoolExecutor.java:1074)
        at java.util.concurrent.ThreadPoolExecutor.runWorker(ThreadPoolExecutor.java:1134)
        at java.util.concurrent.ThreadPoolExecutor$Worker.run(ThreadPoolExecutor.java:624)
        at java.lang.Thread.run(Thread.java:750)
"Datanode ReportManager Thread - 1" daemon prio=5 tid=239 in Object.wait()
java.lang.Thread.State: WAITING (on object monitor)
        at sun.misc.Unsafe.park(Native Method)
        at java.util.concurrent.locks.LockSupport.park(LockSupport.java:175)
        at java.util.concurrent.locks.AbstractQueuedSynchronizer$ConditionObject.await(AbstractQueuedSynchronizer.java:2039)
        at java.util.concurrent.ScheduledThreadPoolExecutor$DelayedWorkQueue.take(ScheduledThreadPoolExecutor.java:1088)
        at java.util.concurrent.ScheduledThreadPoolExecutor$DelayedWorkQueue.take(ScheduledThreadPoolExecutor.java:809)
        at java.util.concurrent.ThreadPoolExecutor.getTask(ThreadPoolExecutor.java:1074)
        at java.util.concurrent.ThreadPoolExecutor.runWorker(ThreadPoolExecutor.java:1134)
        at java.util.concurrent.ThreadPoolExecutor$Worker.run(ThreadPoolExecutor.java:624)
        at java.lang.Thread.run(Thread.java:750)
"qtp1130508577-426" daemon prio=5 tid=426 timed_waiting
java.lang.Thread.State: TIMED_WAITING
        at sun.misc.Unsafe.park(Native Method)
        at java.util.concurrent.locks.LockSupport.parkNanos(LockSupport.java:215)
        at java.util.concurrent.locks.AbstractQueuedSynchronizer$ConditionObject.awaitNanos(AbstractQueuedSynchronizer.java:2078)
        at org.eclipse.jetty.util.BlockingArrayQueue.poll(BlockingArrayQueue.java:382)
        at org.eclipse.jetty.util.thread.QueuedThreadPool$Runner.idleJobPoll(QueuedThreadPool.java:974)
        at org.eclipse.jetty.util.thread.QueuedThreadPool$Runner.run(QueuedThreadPool.java:1018)
        at java.lang.Thread.run(Thread.java:750)
"ChunkWriter-0-0" daemon prio=5 tid=536 in Object.wait()
java.lang.Thread.State: WAITING (on object monitor)
        at sun.misc.Unsafe.park(Native Method)
        at java.util.concurrent.locks.LockSupport.park(LockSupport.java:175)
        at java.util.concurrent.locks.AbstractQueuedSynchronizer$ConditionObject.await(AbstractQueuedSynchronizer.java:2039)
        at java.util.concurrent.LinkedBlockingDeque.takeFirst(LinkedBlockingDeque.java:492)
        at java.util.concurrent.LinkedBlockingDeque.take(LinkedBlockingDeque.java:680)
        at java.util.concurrent.ThreadPoolExecutor.getTask(ThreadPoolExecutor.java:1074)
        at java.util.concurrent.ThreadPoolExecutor.runWorker(ThreadPoolExecutor.java:1134)
        at java.util.concurrent.ThreadPoolExecutor$Worker.run(ThreadPoolExecutor.java:624)
        at java.lang.Thread.run(Thread.java:750)
"Session-HouseKeeper-406287f2-1"  prio=5 tid=236 timed_waiting
java.lang.Thread.State: TIMED_WAITING
        at sun.misc.Unsafe.park(Native Method)
        at java.util.concurrent.locks.LockSupport.parkNanos(LockSupport.java:215)
        at java.util.concurrent.locks.AbstractQueuedSynchronizer$ConditionObject.awaitNanos(AbstractQueuedSynchronizer.java:2078)
        at java.util.concurrent.ScheduledThreadPoolExecutor$DelayedWorkQueue.take(ScheduledThreadPoolExecutor.java:1093)
        at java.util.concurrent.ScheduledThreadPoolExecutor$DelayedWorkQueue.take(ScheduledThreadPoolExecutor.java:809)
        at java.util.concurrent.ThreadPoolExecutor.getTask(ThreadPoolExecutor.java:1074)
        at java.util.concurrent.ThreadPoolExecutor.runWorker(ThreadPoolExecutor.java:1134)
        at java.util.concurrent.ThreadPoolExecutor$Worker.run(ThreadPoolExecutor.java:624)
        at java.lang.Thread.run(Thread.java:750)
"IPC Server handler 11 on default port 36683" daemon prio=5 tid=68 timed_waiting
java.lang.Thread.State: TIMED_WAITING
        at sun.misc.Unsafe.park(Native Method)
        at java.util.concurrent.locks.LockSupport.parkNanos(LockSupport.java:215)
        at java.util.concurrent.locks.AbstractQueuedSynchronizer$ConditionObject.awaitNanos(AbstractQueuedSynchronizer.java:2078)
        at java.util.concurrent.LinkedBlockingQueue.poll(LinkedBlockingQueue.java:467)
        at org.apache.hadoop.ipc.CallQueueManager.take(CallQueueManager.java:317)
        at org.apache.hadoop.ipc.Server$Handler.run(Server.java:2942)
"IPC Server handler 3 on default port 39909" daemon prio=5 tid=80 timed_waiting
java.lang.Thread.State: TIMED_WAITING
        at sun.misc.Unsafe.park(Native Method)
        at java.util.concurrent.locks.LockSupport.parkNanos(LockSupport.java:215)
        at java.util.concurrent.locks.AbstractQueuedSynchronizer$ConditionObject.awaitNanos(AbstractQueuedSynchronizer.java:2078)
        at java.util.concurrent.LinkedBlockingQueue.poll(LinkedBlockingQueue.java:467)
        at org.apache.hadoop.ipc.CallQueueManager.take(CallQueueManager.java:317)
        at org.apache.hadoop.ipc.Server$Handler.run(Server.java:2942)
"BlockDeletingService#3" daemon prio=5 tid=936 in Object.wait()
java.lang.Thread.State: WAITING (on object monitor)
        at sun.misc.Unsafe.park(Native Method)
        at java.util.concurrent.locks.LockSupport.park(LockSupport.java:175)
        at java.util.concurrent.locks.AbstractQueuedSynchronizer$ConditionObject.await(AbstractQueuedSynchronizer.java:2039)
        at java.util.concurrent.ScheduledThreadPoolExecutor$DelayedWorkQueue.take(ScheduledThreadPoolExecutor.java:1088)
        at java.util.concurrent.ScheduledThreadPoolExecutor$DelayedWorkQueue.take(ScheduledThreadPoolExecutor.java:809)
        at java.util.concurrent.ThreadPoolExecutor.getTask(ThreadPoolExecutor.java:1074)
        at java.util.concurrent.ThreadPoolExecutor.runWorker(ThreadPoolExecutor.java:1134)
        at java.util.concurrent.ThreadPoolExecutor$Worker.run(ThreadPoolExecutor.java:624)
        at java.lang.Thread.run(Thread.java:750)
"86658d9d-b609-4403-bc8a-bf059dbdbb67@group-CE71C629F99F-StateMachineUpdater" daemon prio=5 tid=593 timed_waiting
java.lang.Thread.State: TIMED_WAITING
        at sun.misc.Unsafe.park(Native Method)
        at java.util.concurrent.locks.LockSupport.parkNanos(LockSupport.java:215)
        at java.util.concurrent.CompletableFuture$Signaller.block(CompletableFuture.java:1709)
        at java.util.concurrent.ForkJoinPool.managedBlock(ForkJoinPool.java:3323)
        at java.util.concurrent.CompletableFuture.timedGet(CompletableFuture.java:1788)
        at java.util.concurrent.CompletableFuture.get(CompletableFuture.java:1928)
        at org.apache.ratis.util.AwaitForSignal.await(AwaitForSignal.java:56)
        at org.apache.ratis.server.impl.StateMachineUpdater.waitForCommit(StateMachineUpdater.java:207)
        at org.apache.ratis.server.impl.StateMachineUpdater.run(StateMachineUpdater.java:176)
        at java.lang.Thread.run(Thread.java:750)
"org.apache.hadoop.ozone.container.common.statemachine.commandhandler.DeleteBlocksCommandHandler$DeleteCmdWorker@9733465" daemon prio=5 tid=172 timed_waiting
java.lang.Thread.State: TIMED_WAITING
        at java.lang.Thread.sleep(Native Method)
        at org.apache.hadoop.ozone.container.common.statemachine.commandhandler.DeleteBlocksCommandHandler$DeleteCmdWorker.run(DeleteBlocksCommandHandler.java:183)
        at java.lang.Thread.run(Thread.java:750)
"qtp1125897995-204" daemon prio=5 tid=204 timed_waiting
java.lang.Thread.State: TIMED_WAITING
        at sun.misc.Unsafe.park(Native Method)
        at java.util.concurrent.locks.LockSupport.parkNanos(LockSupport.java:215)
        at java.util.concurrent.locks.AbstractQueuedSynchronizer$ConditionObject.awaitNanos(AbstractQueuedSynchronizer.java:2078)
        at org.eclipse.jetty.util.BlockingArrayQueue.poll(BlockingArrayQueue.java:382)
        at org.eclipse.jetty.util.thread.QueuedThreadPool$Runner.idleJobPoll(QueuedThreadPool.java:974)
        at org.eclipse.jetty.util.thread.QueuedThreadPool$Runner.run(QueuedThreadPool.java:1018)
        at java.lang.Thread.run(Thread.java:750)
"IPC Server handler 19 on default port 39909" daemon prio=5 tid=96 timed_waiting
java.lang.Thread.State: TIMED_WAITING
        at sun.misc.Unsafe.park(Native Method)
        at java.util.concurrent.locks.LockSupport.parkNanos(LockSupport.java:215)
        at java.util.concurrent.locks.AbstractQueuedSynchronizer$ConditionObject.awaitNanos(AbstractQueuedSynchronizer.java:2078)
        at java.util.concurrent.LinkedBlockingQueue.poll(LinkedBlockingQueue.java:467)
        at org.apache.hadoop.ipc.CallQueueManager.take(CallQueueManager.java:317)
        at org.apache.hadoop.ipc.Server$Handler.run(Server.java:2942)
"EventQueue-StaleNodeForStaleNodeHandler" daemon prio=5 tid=886 in Object.wait()
java.lang.Thread.State: WAITING (on object monitor)
        at sun.misc.Unsafe.park(Native Method)
        at java.util.concurrent.locks.LockSupport.park(LockSupport.java:175)
        at java.util.concurrent.locks.AbstractQueuedSynchronizer$ConditionObject.await(AbstractQueuedSynchronizer.java:2039)
        at java.util.concurrent.LinkedBlockingQueue.take(LinkedBlockingQueue.java:442)
        at java.util.concurrent.ThreadPoolExecutor.getTask(ThreadPoolExecutor.java:1074)
        at java.util.concurrent.ThreadPoolExecutor.runWorker(ThreadPoolExecutor.java:1134)
        at java.util.concurrent.ThreadPoolExecutor$Worker.run(ThreadPoolExecutor.java:624)
        at java.lang.Thread.run(Thread.java:750)
"Datanode ReportManager Thread - 2" daemon prio=5 tid=433 timed_waiting
java.lang.Thread.State: TIMED_WAITING
        at sun.misc.Unsafe.park(Native Method)
        at java.util.concurrent.locks.LockSupport.parkNanos(LockSupport.java:215)
        at java.util.concurrent.locks.AbstractQueuedSynchronizer$ConditionObject.awaitNanos(AbstractQueuedSynchronizer.java:2078)
        at java.util.concurrent.ScheduledThreadPoolExecutor$DelayedWorkQueue.take(ScheduledThreadPoolExecutor.java:1093)
        at java.util.concurrent.ScheduledThreadPoolExecutor$DelayedWorkQueue.take(ScheduledThreadPoolExecutor.java:809)
        at java.util.concurrent.ThreadPoolExecutor.getTask(ThreadPoolExecutor.java:1074)
        at java.util.concurrent.ThreadPoolExecutor.runWorker(ThreadPoolExecutor.java:1134)
        at java.util.concurrent.ThreadPoolExecutor$Worker.run(ThreadPoolExecutor.java:624)
        at java.lang.Thread.run(Thread.java:750)
"BlockDeletingService#3" daemon prio=5 tid=943 in Object.wait()
java.lang.Thread.State: WAITING (on object monitor)
        at sun.misc.Unsafe.park(Native Method)
        at java.util.concurrent.locks.LockSupport.park(LockSupport.java:175)
        at java.util.concurrent.locks.AbstractQueuedSynchronizer$ConditionObject.await(AbstractQueuedSynchronizer.java:2039)
        at java.util.concurrent.ScheduledThreadPoolExecutor$DelayedWorkQueue.take(ScheduledThreadPoolExecutor.java:1088)
        at java.util.concurrent.ScheduledThreadPoolExecutor$DelayedWorkQueue.take(ScheduledThreadPoolExecutor.java:809)
        at java.util.concurrent.ThreadPoolExecutor.getTask(ThreadPoolExecutor.java:1074)
        at java.util.concurrent.ThreadPoolExecutor.runWorker(ThreadPoolExecutor.java:1134)
        at java.util.concurrent.ThreadPoolExecutor$Worker.run(ThreadPoolExecutor.java:624)
        at java.lang.Thread.run(Thread.java:750)
"org.apache.hadoop.util.JvmPauseMonitor$Monitor@347305fa" daemon prio=5 tid=399 timed_waiting
java.lang.Thread.State: TIMED_WAITING
        at java.lang.Thread.sleep(Native Method)
        at org.apache.hadoop.util.JvmPauseMonitor$Monitor.run(JvmPauseMonitor.java:192)
        at java.lang.Thread.run(Thread.java:750)
"ChunkReader-ELG-0" daemon prio=5 tid=332 runnable
java.lang.Thread.State: RUNNABLE
        at org.apache.ratis.thirdparty.io.netty.channel.epoll.Native.epollWait(Native Method)
        at org.apache.ratis.thirdparty.io.netty.channel.epoll.Native.epollWait(Native.java:209)
        at org.apache.ratis.thirdparty.io.netty.channel.epoll.Native.epollWait(Native.java:202)
        at org.apache.ratis.thirdparty.io.netty.channel.epoll.EpollEventLoop.epollWaitNoTimerChange(EpollEventLoop.java:294)
        at org.apache.ratis.thirdparty.io.netty.channel.epoll.EpollEventLoop.run(EpollEventLoop.java:351)
        at org.apache.ratis.thirdparty.io.netty.util.concurrent.SingleThreadEventExecutor$4.run(SingleThreadEventExecutor.java:995)
        at org.apache.ratis.thirdparty.io.netty.util.internal.ThreadExecutorMap$2.run(ThreadExecutorMap.java:74)
        at java.lang.Thread.run(Thread.java:750)
"EndpointStateMachine task thread for /0.0.0.0:39909 - 0 "  prio=5 tid=440 in Object.wait()
java.lang.Thread.State: WAITING (on object monitor)
        at sun.misc.Unsafe.park(Native Method)
        at java.util.concurrent.locks.LockSupport.park(LockSupport.java:175)
        at java.util.concurrent.locks.AbstractQueuedSynchronizer$ConditionObject.await(AbstractQueuedSynchronizer.java:2039)
        at java.util.concurrent.LinkedBlockingQueue.take(LinkedBlockingQueue.java:442)
        at java.util.concurrent.ThreadPoolExecutor.getTask(ThreadPoolExecutor.java:1074)
        at java.util.concurrent.ThreadPoolExecutor.runWorker(ThreadPoolExecutor.java:1134)
        at java.util.concurrent.ThreadPoolExecutor$Worker.run(ThreadPoolExecutor.java:624)
        at java.lang.Thread.run(Thread.java:750)
"Periodic HDDS volume checker" daemon prio=5 tid=166 timed_waiting
java.lang.Thread.State: TIMED_WAITING
        at sun.misc.Unsafe.park(Native Method)
        at java.util.concurrent.locks.LockSupport.parkNanos(LockSupport.java:215)
        at java.util.concurrent.locks.AbstractQueuedSynchronizer$ConditionObject.awaitNanos(AbstractQueuedSynchronizer.java:2078)
        at java.util.concurrent.ScheduledThreadPoolExecutor$DelayedWorkQueue.take(ScheduledThreadPoolExecutor.java:1093)
        at java.util.concurrent.ScheduledThreadPoolExecutor$DelayedWorkQueue.take(ScheduledThreadPoolExecutor.java:809)
        at java.util.concurrent.ThreadPoolExecutor.getTask(ThreadPoolExecutor.java:1074)
        at java.util.concurrent.ThreadPoolExecutor.runWorker(ThreadPoolExecutor.java:1134)
        at java.util.concurrent.ThreadPoolExecutor$Worker.run(ThreadPoolExecutor.java:624)
        at java.lang.Thread.run(Thread.java:750)
"IPC Server handler 9 on default port 33229" daemon prio=5 tid=46 timed_waiting
java.lang.Thread.State: TIMED_WAITING
        at sun.misc.Unsafe.park(Native Method)
        at java.util.concurrent.locks.LockSupport.parkNanos(LockSupport.java:215)
        at java.util.concurrent.locks.AbstractQueuedSynchronizer$ConditionObject.awaitNanos(AbstractQueuedSynchronizer.java:2078)
        at java.util.concurrent.LinkedBlockingQueue.poll(LinkedBlockingQueue.java:467)
        at org.apache.hadoop.ipc.CallQueueManager.take(CallQueueManager.java:317)
        at org.apache.hadoop.ipc.Server$Handler.run(Server.java:2942)
"Finalizer" daemon prio=8 tid=3 in Object.wait()
java.lang.Thread.State: WAITING (on object monitor)
        at java.lang.Object.wait(Native Method)
        at java.lang.ref.ReferenceQueue.remove(ReferenceQueue.java:144)
        at java.lang.ref.ReferenceQueue.remove(ReferenceQueue.java:165)
        at java.lang.ref.Finalizer$FinalizerThread.run(Finalizer.java:216)
"ChunkReader-ELG-0" daemon prio=5 tid=484 runnable
java.lang.Thread.State: RUNNABLE
        at org.apache.ratis.thirdparty.io.netty.channel.epoll.Native.epollWait0(Native Method)
        at org.apache.ratis.thirdparty.io.netty.channel.epoll.Native.epollWait(Native.java:182)
        at org.apache.ratis.thirdparty.io.netty.channel.epoll.EpollEventLoop.epollWait(EpollEventLoop.java:290)
        at org.apache.ratis.thirdparty.io.netty.channel.epoll.EpollEventLoop.run(EpollEventLoop.java:354)
        at org.apache.ratis.thirdparty.io.netty.util.concurrent.SingleThreadEventExecutor$4.run(SingleThreadEventExecutor.java:995)
        at org.apache.ratis.thirdparty.io.netty.util.internal.ThreadExecutorMap$2.run(ThreadExecutorMap.java:74)
        at java.lang.Thread.run(Thread.java:750)
"qtp1836950623-306" daemon prio=5 tid=306 runnable
java.lang.Thread.State: RUNNABLE
        at sun.nio.ch.EPollArrayWrapper.epollWait(Native Method)
        at sun.nio.ch.EPollArrayWrapper.poll(EPollArrayWrapper.java:269)
        at sun.nio.ch.EPollSelectorImpl.doSelect(EPollSelectorImpl.java:93)
        at sun.nio.ch.SelectorImpl.lockAndDoSelect(SelectorImpl.java:86)
        at sun.nio.ch.SelectorImpl.select(SelectorImpl.java:97)
        at sun.nio.ch.SelectorImpl.select(SelectorImpl.java:101)
        at org.eclipse.jetty.io.ManagedSelector.nioSelect(ManagedSelector.java:183)
        at org.eclipse.jetty.io.ManagedSelector.select(ManagedSelector.java:190)
        at org.eclipse.jetty.io.ManagedSelector$SelectorProducer.select(ManagedSelector.java:606)
        at org.eclipse.jetty.io.ManagedSelector$SelectorProducer.produce(ManagedSelector.java:543)
        at org.eclipse.jetty.util.thread.strategy.EatWhatYouKill.produceTask(EatWhatYouKill.java:362)
        at org.eclipse.jetty.util.thread.strategy.EatWhatYouKill.doProduce(EatWhatYouKill.java:186)
        at org.eclipse.jetty.util.thread.strategy.EatWhatYouKill.tryProduce(EatWhatYouKill.java:173)
        at org.eclipse.jetty.util.thread.strategy.EatWhatYouKill.produce(EatWhatYouKill.java:137)
        at org.eclipse.jetty.io.ManagedSelector$$Lambda$443/465676958.run(Unknown Source)
        at org.eclipse.jetty.util.thread.QueuedThreadPool.runJob(QueuedThreadPool.java:883)
        at org.eclipse.jetty.util.thread.QueuedThreadPool$Runner.run(QueuedThreadPool.java:1034)
        at java.lang.Thread.run(Thread.java:750)
"IPC Server handler 18 on default port 39909" daemon prio=5 tid=95 timed_waiting
java.lang.Thread.State: TIMED_WAITING
        at sun.misc.Unsafe.park(Native Method)
        at java.util.concurrent.locks.LockSupport.parkNanos(LockSupport.java:215)
        at java.util.concurrent.locks.AbstractQueuedSynchronizer$ConditionObject.awaitNanos(AbstractQueuedSynchronizer.java:2078)
        at java.util.concurrent.LinkedBlockingQueue.poll(LinkedBlockingQueue.java:467)
        at org.apache.hadoop.ipc.CallQueueManager.take(CallQueueManager.java:317)
        at org.apache.hadoop.ipc.Server$Handler.run(Server.java:2942)
"IPC Server listener on 0" daemon prio=5 tid=31 runnable
java.lang.Thread.State: RUNNABLE
        at sun.nio.ch.EPollArrayWrapper.epollWait(Native Method)
        at sun.nio.ch.EPollArrayWrapper.poll(EPollArrayWrapper.java:269)
        at sun.nio.ch.EPollSelectorImpl.doSelect(EPollSelectorImpl.java:93)
        at sun.nio.ch.SelectorImpl.lockAndDoSelect(SelectorImpl.java:86)
        at sun.nio.ch.SelectorImpl.select(SelectorImpl.java:97)
        at sun.nio.ch.SelectorImpl.select(SelectorImpl.java:101)
        at org.apache.hadoop.ipc.Server$Listener.run(Server.java:1358)
"Datanode State Machine Task Thread - 0"  prio=5 tid=245 in Object.wait()
java.lang.Thread.State: WAITING (on object monitor)
        at sun.misc.Unsafe.park(Native Method)
        at java.util.concurrent.locks.LockSupport.park(LockSupport.java:175)
        at java.util.concurrent.locks.AbstractQueuedSynchronizer$ConditionObject.await(AbstractQueuedSynchronizer.java:2039)
        at java.util.concurrent.LinkedBlockingQueue.take(LinkedBlockingQueue.java:442)
        at java.util.concurrent.ThreadPoolExecutor.getTask(ThreadPoolExecutor.java:1074)
        at java.util.concurrent.ThreadPoolExecutor.runWorker(ThreadPoolExecutor.java:1134)
        at java.util.concurrent.ThreadPoolExecutor$Worker.run(ThreadPoolExecutor.java:624)
        at java.lang.Thread.run(Thread.java:750)
"be21c5c4-321c-411e-8ca9-5bb5909d110b-server-thread3" daemon prio=5 tid=909 timed_waiting
java.lang.Thread.State: TIMED_WAITING
        at sun.misc.Unsafe.park(Native Method)
        at java.util.concurrent.locks.LockSupport.parkNanos(LockSupport.java:215)
        at java.util.concurrent.SynchronousQueue$TransferStack.awaitFulfill(SynchronousQueue.java:460)
        at java.util.concurrent.SynchronousQueue$TransferStack.transfer(SynchronousQueue.java:362)
        at java.util.concurrent.SynchronousQueue.poll(SynchronousQueue.java:941)
        at java.util.concurrent.ThreadPoolExecutor.getTask(ThreadPoolExecutor.java:1073)
        at java.util.concurrent.ThreadPoolExecutor.runWorker(ThreadPoolExecutor.java:1134)
        at java.util.concurrent.ThreadPoolExecutor$Worker.run(ThreadPoolExecutor.java:624)
        at java.lang.Thread.run(Thread.java:750)
"6ce03c57-5430-4ab1-bf83-fb555d2de968@group-BD4C0CBA6135-StateMachineUpdater" daemon prio=5 tid=634 timed_waiting
java.lang.Thread.State: TIMED_WAITING
        at sun.misc.Unsafe.park(Native Method)
        at java.util.concurrent.locks.LockSupport.parkNanos(LockSupport.java:215)
        at java.util.concurrent.CompletableFuture$Signaller.block(CompletableFuture.java:1709)
        at java.util.concurrent.ForkJoinPool.managedBlock(ForkJoinPool.java:3323)
        at java.util.concurrent.CompletableFuture.timedGet(CompletableFuture.java:1788)
        at java.util.concurrent.CompletableFuture.get(CompletableFuture.java:1928)
        at org.apache.ratis.util.AwaitForSignal.await(AwaitForSignal.java:56)
        at org.apache.ratis.server.impl.StateMachineUpdater.waitForCommit(StateMachineUpdater.java:207)
        at org.apache.ratis.server.impl.StateMachineUpdater.run(StateMachineUpdater.java:176)
        at java.lang.Thread.run(Thread.java:750)
"qtp1246984673-178" daemon prio=5 tid=178 timed_waiting
java.lang.Thread.State: TIMED_WAITING
        at sun.misc.Unsafe.park(Native Method)
        at java.util.concurrent.locks.LockSupport.parkNanos(LockSupport.java:215)
        at java.util.concurrent.locks.AbstractQueuedSynchronizer$ConditionObject.awaitNanos(AbstractQueuedSynchronizer.java:2078)
        at org.eclipse.jetty.util.BlockingArrayQueue.poll(BlockingArrayQueue.java:382)
        at org.eclipse.jetty.util.thread.QueuedThreadPool$Runner.idleJobPoll(QueuedThreadPool.java:974)
        at org.eclipse.jetty.util.thread.QueuedThreadPool$Runner.run(QueuedThreadPool.java:1018)
        at java.lang.Thread.run(Thread.java:750)
"86658d9d-b609-4403-bc8a-bf059dbdbb67@group-C2A56A5A39AA-SegmentedRaftLogWorker"  prio=5 tid=581 timed_waiting
java.lang.Thread.State: TIMED_WAITING
        at sun.misc.Unsafe.park(Native Method)
        at java.util.concurrent.locks.LockSupport.parkNanos(LockSupport.java:215)
        at java.util.concurrent.locks.AbstractQueuedSynchronizer$ConditionObject.awaitNanos(AbstractQueuedSynchronizer.java:2078)
        at org.apache.ratis.util.DataBlockingQueue.poll(DataBlockingQueue.java:148)
        at org.apache.ratis.server.raftlog.segmented.SegmentedRaftLogWorker.run(SegmentedRaftLogWorker.java:310)
        at org.apache.ratis.server.raftlog.segmented.SegmentedRaftLogWorker$$Lambda$661/302741709.run(Unknown Source)
        at java.lang.Thread.run(Thread.java:750)
"ChunkReader-4" daemon prio=5 tid=843 in Object.wait()
java.lang.Thread.State: WAITING (on object monitor)
        at sun.misc.Unsafe.park(Native Method)
        at java.util.concurrent.locks.LockSupport.park(LockSupport.java:175)
        at java.util.concurrent.locks.AbstractQueuedSynchronizer$ConditionObject.await(AbstractQueuedSynchronizer.java:2039)
        at java.util.concurrent.LinkedBlockingQueue.take(LinkedBlockingQueue.java:442)
        at java.util.concurrent.ThreadPoolExecutor.getTask(ThreadPoolExecutor.java:1074)
        at java.util.concurrent.ThreadPoolExecutor.runWorker(ThreadPoolExecutor.java:1134)
        at java.util.concurrent.ThreadPoolExecutor$Worker.run(ThreadPoolExecutor.java:624)
        at java.lang.Thread.run(Thread.java:750)
"FixedThreadPoolWithAffinityExecutor-1-0" daemon prio=5 tid=560 in Object.wait()
java.lang.Thread.State: WAITING (on object monitor)
        at sun.misc.Unsafe.park(Native Method)
        at java.util.concurrent.locks.LockSupport.park(LockSupport.java:175)
        at java.util.concurrent.locks.AbstractQueuedSynchronizer$ConditionObject.await(AbstractQueuedSynchronizer.java:2039)
        at java.util.concurrent.LinkedBlockingDeque.takeFirst(LinkedBlockingDeque.java:492)
        at java.util.concurrent.LinkedBlockingDeque.take(LinkedBlockingDeque.java:680)
        at java.util.concurrent.ThreadPoolExecutor.getTask(ThreadPoolExecutor.java:1074)
        at java.util.concurrent.ThreadPoolExecutor.runWorker(ThreadPoolExecutor.java:1134)
        at java.util.concurrent.ThreadPoolExecutor$Worker.run(ThreadPoolExecutor.java:624)
        at java.lang.Thread.run(Thread.java:750)
"IPC Server idle connection scanner for port 33229" daemon prio=5 tid=33 timed_waiting
java.lang.Thread.State: TIMED_WAITING
        at java.lang.Object.wait(Native Method)
        at java.util.TimerThread.mainLoop(Timer.java:552)
        at java.util.TimerThread.run(Timer.java:505)
"IPC Server handler 19 on default port 33229" daemon prio=5 tid=56 timed_waiting
java.lang.Thread.State: TIMED_WAITING
        at sun.misc.Unsafe.park(Native Method)
        at java.util.concurrent.locks.LockSupport.parkNanos(LockSupport.java:215)
        at java.util.concurrent.locks.AbstractQueuedSynchronizer$ConditionObject.awaitNanos(AbstractQueuedSynchronizer.java:2078)
        at java.util.concurrent.LinkedBlockingQueue.poll(LinkedBlockingQueue.java:467)
        at org.apache.hadoop.ipc.CallQueueManager.take(CallQueueManager.java:317)
        at org.apache.hadoop.ipc.Server$Handler.run(Server.java:2942)


	at org.apache.ozone.test.GenericTestUtils.waitFor(GenericTestUtils.java:224)
	at org.apache.hadoop.ozone.container.TestECContainerRecovery.waitForContainerCount(TestECContainerRecovery.java:265)
	at org.apache.hadoop.ozone.container.TestECContainerRecovery.testContainerRecoveryOverReplicationProcessing(TestECContainerRecovery.java:209)
	at sun.reflect.NativeMethodAccessorImpl.invoke0(Native Method)
	at sun.reflect.NativeMethodAccessorImpl.invoke(NativeMethodAccessorImpl.java:62)
	at sun.reflect.DelegatingMethodAccessorImpl.invoke(DelegatingMethodAccessorImpl.java:43)
	at java.lang.reflect.Method.invoke(Method.java:498)
	at org.junit.platform.commons.util.ReflectionUtils.invokeMethod(ReflectionUtils.java:725)
	at org.junit.jupiter.engine.execution.MethodInvocation.proceed(MethodInvocation.java:60)
	at org.junit.jupiter.engine.execution.InvocationInterceptorChain$ValidatingInvocation.proceed(InvocationInterceptorChain.java:131)
	at org.junit.jupiter.engine.extension.TimeoutExtension.intercept(TimeoutExtension.java:149)
	at org.junit.jupiter.engine.extension.TimeoutExtension.interceptTestableMethod(TimeoutExtension.java:140)
	at org.junit.jupiter.engine.extension.TimeoutExtension.interceptTestMethod(TimeoutExtension.java:84)
	at org.junit.jupiter.engine.execution.ExecutableInvoker$ReflectiveInterceptorCall.lambda$ofVoidMethod$0(ExecutableInvoker.java:115)
	at org.junit.jupiter.engine.execution.ExecutableInvoker.lambda$invoke$0(ExecutableInvoker.java:105)
	at org.junit.jupiter.engine.execution.InvocationInterceptorChain$InterceptedInvocation.proceed(InvocationInterceptorChain.java:106)
	at org.junit.jupiter.engine.execution.InvocationInterceptorChain.proceed(InvocationInterceptorChain.java:64)
	at org.junit.jupiter.engine.execution.InvocationInterceptorChain.chainAndInvoke(InvocationInterceptorChain.java:45)
	at org.junit.jupiter.engine.execution.InvocationInterceptorChain.invoke(InvocationInterceptorChain.java:37)
	at org.junit.jupiter.engine.execution.ExecutableInvoker.invoke(ExecutableInvoker.java:104)
	at org.junit.jupiter.engine.execution.ExecutableInvoker.invoke(ExecutableInvoker.java:98)
	at org.junit.jupiter.engine.descriptor.TestMethodTestDescriptor.lambda$invokeTestMethod$7(TestMethodTestDescriptor.java:214)
	at org.junit.platform.engine.support.hierarchical.ThrowableCollector.execute(ThrowableCollector.java:73)
	at org.junit.jupiter.engine.descriptor.TestMethodTestDescriptor.invokeTestMethod(TestMethodTestDescriptor.java:210)
	at org.junit.jupiter.engine.descriptor.TestMethodTestDescriptor.execute(TestMethodTestDescriptor.java:135)
	at org.junit.jupiter.engine.descriptor.TestMethodTestDescriptor.execute(TestMethodTestDescriptor.java:66)
	at org.junit.platform.engine.support.hierarchical.NodeTestTask.lambda$executeRecursively$6(NodeTestTask.java:151)
	at org.junit.platform.engine.support.hierarchical.ThrowableCollector.execute(ThrowableCollector.java:73)
	at org.junit.platform.engine.support.hierarchical.NodeTestTask.lambda$executeRecursively$8(NodeTestTask.java:141)
	at org.junit.platform.engine.support.hierarchical.Node.around(Node.java:137)
	at org.junit.platform.engine.support.hierarchical.NodeTestTask.lambda$executeRecursively$9(NodeTestTask.java:139)
	at org.junit.platform.engine.support.hierarchical.ThrowableCollector.execute(ThrowableCollector.java:73)
	at org.junit.platform.engine.support.hierarchical.NodeTestTask.executeRecursively(NodeTestTask.java:138)
	at org.junit.platform.engine.support.hierarchical.NodeTestTask.execute(NodeTestTask.java:95)
	at java.util.ArrayList.forEach(ArrayList.java:1259)
	at org.junit.platform.engine.support.hierarchical.SameThreadHierarchicalTestExecutorService.invokeAll(SameThreadHierarchicalTestExecutorService.java:41)
	at org.junit.platform.engine.support.hierarchical.NodeTestTask.lambda$executeRecursively$6(NodeTestTask.java:155)
	at org.junit.platform.engine.support.hierarchical.ThrowableCollector.execute(ThrowableCollector.java:73)
	at org.junit.platform.engine.support.hierarchical.NodeTestTask.lambda$executeRecursively$8(NodeTestTask.java:141)
	at org.junit.platform.engine.support.hierarchical.Node.around(Node.java:137)
	at org.junit.platform.engine.support.hierarchical.NodeTestTask.lambda$executeRecursively$9(NodeTestTask.java:139)
	at org.junit.platform.engine.support.hierarchical.ThrowableCollector.execute(ThrowableCollector.java:73)
	at org.junit.platform.engine.support.hierarchical.NodeTestTask.executeRecursively(NodeTestTask.java:138)
	at org.junit.platform.engine.support.hierarchical.NodeTestTask.execute(NodeTestTask.java:95)
	at java.util.ArrayList.forEach(ArrayList.java:1259)
	at org.junit.platform.engine.support.hierarchical.SameThreadHierarchicalTestExecutorService.invokeAll(SameThreadHierarchicalTestExecutorService.java:41)
	at org.junit.platform.engine.support.hierarchical.NodeTestTask.lambda$executeRecursively$6(NodeTestTask.java:155)
	at org.junit.platform.engine.support.hierarchical.ThrowableCollector.execute(ThrowableCollector.java:73)
	at org.junit.platform.engine.support.hierarchical.NodeTestTask.lambda$executeRecursively$8(NodeTestTask.java:141)
	at org.junit.platform.engine.support.hierarchical.Node.around(Node.java:137)
	at org.junit.platform.engine.support.hierarchical.NodeTestTask.lambda$executeRecursively$9(NodeTestTask.java:139)
	at org.junit.platform.engine.support.hierarchical.ThrowableCollector.execute(ThrowableCollector.java:73)
	at org.junit.platform.engine.support.hierarchical.NodeTestTask.executeRecursively(NodeTestTask.java:138)
	at org.junit.platform.engine.support.hierarchical.NodeTestTask.execute(NodeTestTask.java:95)
	at org.junit.platform.engine.support.hierarchical.SameThreadHierarchicalTestExecutorService.submit(SameThreadHierarchicalTestExecutorService.java:35)
	at org.junit.platform.engine.support.hierarchical.HierarchicalTestExecutor.execute(HierarchicalTestExecutor.java:57)
	at org.junit.platform.engine.support.hierarchical.HierarchicalTestEngine.execute(HierarchicalTestEngine.java:54)
	at org.junit.platform.launcher.core.EngineExecutionOrchestrator.execute(EngineExecutionOrchestrator.java:107)
	at org.junit.platform.launcher.core.EngineExecutionOrchestrator.execute(EngineExecutionOrchestrator.java:88)
	at org.junit.platform.launcher.core.EngineExecutionOrchestrator.lambda$execute$0(EngineExecutionOrchestrator.java:54)
	at org.junit.platform.launcher.core.EngineExecutionOrchestrator.withInterceptedStreams(EngineExecutionOrchestrator.java:67)
	at org.junit.platform.launcher.core.EngineExecutionOrchestrator.execute(EngineExecutionOrchestrator.java:52)
	at org.junit.platform.launcher.core.DefaultLauncher.execute(DefaultLauncher.java:114)
	at org.junit.platform.launcher.core.DefaultLauncher.execute(DefaultLauncher.java:86)
	at org.junit.platform.launcher.core.DefaultLauncherSession$DelegatingLauncher.execute(DefaultLauncherSession.java:86)
	at org.junit.platform.launcher.core.SessionPerRequestLauncher.execute(SessionPerRequestLauncher.java:53)
	at org.apache.maven.surefire.junitplatform.JUnitPlatformProvider.execute(JUnitPlatformProvider.java:188)
	at org.apache.maven.surefire.junitplatform.JUnitPlatformProvider.invokeAllTests(JUnitPlatformProvider.java:154)
	at org.apache.maven.surefire.junitplatform.JUnitPlatformProvider.invoke(JUnitPlatformProvider.java:124)
	at org.apache.maven.surefire.booter.ForkedBooter.runSuitesInProcess(ForkedBooter.java:428)
	at org.apache.maven.surefire.booter.ForkedBooter.execute(ForkedBooter.java:162)
	at org.apache.maven.surefire.booter.ForkedBooter.run(ForkedBooter.java:562)
	at org.apache.maven.surefire.booter.ForkedBooter.main(ForkedBooter.java:548)
]]></error>
    <system-out><![CDATA[2022-10-25 12:15:02,359 [main] WARN  server.ServerUtils (ServerUtils.java:getScmDbDir(148)) - ozone.scm.db.dirs is not configured. We recommend adding this setting. Falling back to ozone.metadata.dirs instead.
2022-10-25 12:15:02,454 [main] WARN  server.ServerUtils (ServerUtils.java:getScmDbDir(148)) - ozone.scm.db.dirs is not configured. We recommend adding this setting. Falling back to ozone.metadata.dirs instead.
2022-10-25 12:15:02,458 [main] INFO  ha.SCMHANodeDetails (SCMHANodeDetails.java:loadSCMHAConfig(209)) - ServiceID for StorageContainerManager is null
2022-10-25 12:15:02,473 [main] WARN  ha.SCMHANodeDetails (SCMHANodeDetails.java:validateSCMHAConfig(182)) - Invalid config ozone.scm.ratis.enable. The config was not specified, but the default value true conflicts with the expected config value false. Falling back to the expected value. Current State of SCM: SCM is running in Non-HA without Ratis Ratis SCM -> Non Ratis SCM or Non HA SCM -> HA SCM is not supported
2022-10-25 12:15:02,473 [main] INFO  ha.SCMHANodeDetails (SCMHANodeDetails.java:loadSCMHAConfig(214)) - ozone.scm.default.service.id is not defined, falling back to ozone.scm.service.ids to find serviceID for StorageContainerManager if it is HA enabled cluster
2022-10-25 12:15:03,092 [main] WARN  utils.HAUtils (HAUtils.java:getMetaDir(342)) - ozone.scm.db.dirs is not configured. We recommend adding this setting. Falling back to ozone.metadata.dirs instead.
2022-10-25 12:15:03,232 [main] WARN  db.DBStoreBuilder (DBStoreBuilder.java:applyDBDefinition(144)) - ozone.scm.db.dirs is not configured. We recommend adding this setting. Falling back to ozone.metadata.dirs instead.
2022-10-25 12:15:03,559 [main] INFO  net.NodeSchemaLoader (NodeSchemaLoader.java:loadSchemaFromFile(129)) - Loading schema from [jar:file:/home/runner/.m2/repository/org/apache/ozone/hdds-common/1.3.0-SNAPSHOT/hdds-common-1.3.0-SNAPSHOT.jar!/network-topology-default.xml]
2022-10-25 12:15:03,561 [main] INFO  net.NodeSchemaLoader (NodeSchemaLoader.java:loadSchema(176)) - Loading network topology layer schema file
2022-10-25 12:15:03,603 [main] INFO  metrics.MetricRegistries (MetricRegistriesLoader.java:load(64)) - Loaded MetricRegistries class org.apache.ratis.metrics.impl.MetricRegistriesImpl
2022-10-25 12:15:03,611 [main] INFO  upgrade.AbstractLayoutVersionManager (AbstractLayoutVersionManager.java:init(83)) - Initializing Layout version manager with metadata layout = DATANODE_SCHEMA_V3 (version = 4), software layout = DATANODE_SCHEMA_V3 (version = 4)
2022-10-25 12:15:03,834 [main] INFO  reflections.Reflections (Reflections.java:scan(232)) - Reflections took 143 ms to scan 7 urls, producing 137 keys and 330 values 
2022-10-25 12:15:03,944 [main] INFO  ha.SequenceIdGenerator (SequenceIdGenerator.java:upgradeToSequenceId(349)) - upgrade localId to 109611004723200000
2022-10-25 12:15:03,946 [main] INFO  ha.SequenceIdGenerator (SequenceIdGenerator.java:upgradeToSequenceId(359)) - upgrade delTxnId to 0
2022-10-25 12:15:03,958 [main] INFO  ha.SequenceIdGenerator (SequenceIdGenerator.java:upgradeToSequenceId(376)) - upgrade containerId to 0
2022-10-25 12:15:03,960 [main] INFO  ha.SequenceIdGenerator (SequenceIdGenerator.java:<init>(220)) - Init the HA SequenceIdGenerator.
2022-10-25 12:15:04,009 [main] WARN  server.ServerUtils (ServerUtils.java:sanitizeUserArgs(67)) - ozone.scm.stale.node.interval value = 1000 is smaller than min = 3000 based on the key value of hdds.heartbeat.interval, reset to the min value 3000.
2022-10-25 12:15:04,010 [main] WARN  server.ServerUtils (ServerUtils.java:sanitizeUserArgs(67)) - ozone.scm.stale.node.interval value = 1000 is smaller than min = 3000 based on the key value of hdds.heartbeat.interval, reset to the min value 3000.
2022-10-25 12:15:04,010 [main] WARN  server.ServerUtils (ServerUtils.java:sanitizeUserArgs(67)) - ozone.scm.dead.node.interval value = 1000 is smaller than min = 6000 based on the key value of ozone.scm.stale.node.interval, reset to the min value 6000.
2022-10-25 12:15:04,018 [main] INFO  node.SCMNodeManager (SCMNodeManager.java:<init>(149)) - Entering startup safe mode.
2022-10-25 12:15:04,108 [main] INFO  algorithms.ContainerPlacementPolicyFactory (ContainerPlacementPolicyFactory.java:getPolicyInternal(86)) - Create container placement policy of type org.apache.hadoop.hdds.scm.container.placement.algorithms.SCMContainerPlacementRandom
2022-10-25 12:15:04,111 [main] INFO  algorithms.ContainerPlacementPolicyFactory (ContainerPlacementPolicyFactory.java:getPolicyInternal(86)) - Create container placement policy of type org.apache.hadoop.hdds.scm.container.placement.algorithms.SCMContainerPlacementRackScatter
2022-10-25 12:15:04,121 [main] INFO  pipeline.PipelineStateManagerImpl (PipelineStateManagerImpl.java:initialize(78)) - No pipeline exists in current db
2022-10-25 12:15:04,156 [main] INFO  algorithms.LeaderChoosePolicyFactory (LeaderChoosePolicyFactory.java:getPolicy(57)) - Create leader choose policy of type org.apache.hadoop.hdds.scm.pipeline.leader.choose.algorithms.MinLeaderCountChoosePolicy
2022-10-25 12:15:04,157 [main] INFO  algorithms.ContainerPlacementPolicyFactory (ContainerPlacementPolicyFactory.java:getPolicyInternal(86)) - Create container placement policy of type org.apache.hadoop.hdds.scm.container.placement.algorithms.SCMContainerPlacementRackScatter
2022-10-25 12:15:04,163 [main] INFO  ha.SCMServiceManager (SCMServiceManager.java:register(42)) - Registering service BackgroundPipelineCreator.
2022-10-25 12:15:04,164 [main] INFO  pipeline.BackgroundPipelineCreator (BackgroundPipelineCreator.java:start(124)) - Starting RatisPipelineUtilsThread.
2022-10-25 12:15:04,168 [main] INFO  BackgroundPipelineScrubber (BackgroundSCMService.java:start(68)) - Starting BackgroundPipelineScrubber Service.
2022-10-25 12:15:04,169 [main] INFO  ha.SCMServiceManager (SCMServiceManager.java:register(42)) - Registering service BackgroundPipelineScrubber.
2022-10-25 12:15:04,177 [main] INFO  ExpiredContainerReplicaOpScrubber (BackgroundSCMService.java:start(68)) - Starting ExpiredContainerReplicaOpScrubber Service.
2022-10-25 12:15:04,177 [main] INFO  ha.SCMServiceManager (SCMServiceManager.java:register(42)) - Registering service ExpiredContainerReplicaOpScrubber.
2022-10-25 12:15:04,220 [main] INFO  algorithms.PipelineChoosePolicyFactory (PipelineChoosePolicyFactory.java:createPipelineChoosePolicyFromClass(73)) - Create pipeline choose policy of type org.apache.hadoop.hdds.scm.pipeline.choose.algorithms.RandomPipelineChoosePolicy
2022-10-25 12:15:04,239 [main] INFO  ha.SCMServiceManager (SCMServiceManager.java:register(42)) - Registering service SCMBlockDeletingService.
2022-10-25 12:15:04,286 [main] INFO  replication.ReplicationManager (ReplicationManager.java:start(234)) - Starting Replication Monitor Thread.
2022-10-25 12:15:04,293 [main] INFO  ha.SCMServiceManager (SCMServiceManager.java:register(42)) - Registering service ReplicationManager.
2022-10-25 12:15:04,296 [ReplicationMonitor] INFO  replication.ReplicationManager (ReplicationManager.java:processAll(302)) - Replication Manager is not ready to run until 3000ms after safemode exit
2022-10-25 12:15:04,302 [main] INFO  safemode.ContainerSafeModeRule (ContainerSafeModeRule.java:<init>(89)) - containers with one replica threshold count 0
2022-10-25 12:15:04,306 [main] INFO  safemode.HealthyPipelineSafeModeRule (HealthyPipelineSafeModeRule.java:initializeRule(169)) - Total pipeline count is 0, healthy pipeline threshold count is 1
2022-10-25 12:15:04,308 [main] INFO  safemode.OneReplicaPipelineSafeModeRule (OneReplicaPipelineSafeModeRule.java:initializeRule(180)) - Total pipeline count is 0, pipeline's with at least one datanode reported threshold count is 0
2022-10-25 12:15:04,636 [main] INFO  audit.AuditLogger (AuditLogger.java:refreshDebugCmdSet(126)) - Refresh DebugCmdSet for SCMAudit to [].
2022-10-25 12:15:04,671 [main] INFO  ipc.CallQueueManager (CallQueueManager.java:<init>(90)) - Using callQueue: class java.util.concurrent.LinkedBlockingQueue, queueCapacity: 2000, scheduler: class org.apache.hadoop.ipc.DefaultRpcScheduler, ipcBackoff: false.
2022-10-25 12:15:04,713 [Socket Reader #1 for port 0] INFO  ipc.Server (Server.java:run(1273)) - Starting Socket Reader #1 for port 0
2022-10-25 12:15:04,775 [Listener at 0.0.0.0/39909] INFO  audit.AuditLogger (AuditLogger.java:refreshDebugCmdSet(126)) - Refresh DebugCmdSet for SCMAudit to [].
2022-10-25 12:15:04,781 [Listener at 0.0.0.0/39909] INFO  ipc.CallQueueManager (CallQueueManager.java:<init>(90)) - Using callQueue: class java.util.concurrent.LinkedBlockingQueue, queueCapacity: 2000, scheduler: class org.apache.hadoop.ipc.DefaultRpcScheduler, ipcBackoff: false.
2022-10-25 12:15:04,782 [Socket Reader #1 for port 0] INFO  ipc.Server (Server.java:run(1273)) - Starting Socket Reader #1 for port 0
2022-10-25 12:15:04,814 [Listener at 0.0.0.0/36683] INFO  audit.AuditLogger (AuditLogger.java:refreshDebugCmdSet(126)) - Refresh DebugCmdSet for SCMAudit to [].
2022-10-25 12:15:04,828 [Listener at 0.0.0.0/36683] INFO  ipc.CallQueueManager (CallQueueManager.java:<init>(90)) - Using callQueue: class java.util.concurrent.LinkedBlockingQueue, queueCapacity: 2000, scheduler: class org.apache.hadoop.ipc.DefaultRpcScheduler, ipcBackoff: false.
2022-10-25 12:15:04,829 [Socket Reader #1 for port 0] INFO  ipc.Server (Server.java:run(1273)) - Starting Socket Reader #1 for port 0
2022-10-25 12:15:04,897 [Listener at 0.0.0.0/33229] INFO  ha.SCMServiceManager (SCMServiceManager.java:register(42)) - Registering service ContainerBalancer.
2022-10-25 12:15:04,898 [Listener at 0.0.0.0/33229] INFO  server.StorageContainerManager (StorageContainerManager.java:<init>(410)) - 
Container Balancer status:
Key                            Value
Running                        true
Container Balancer Configuration values:
Key                                                Value
Threshold                                          10
Max Datanodes to Involve per Iteration(percent)    20
Max Size to Move per Iteration                     500GB
Max Size Entering Target per Iteration             26GB
Max Size Leaving Source per Iteration              26GB

2022-10-25 12:15:04,899 [Listener at 0.0.0.0/33229] WARN  events.EventQueue (EventQueue.java:fireEvent(216)) - No event handler registered for event TypedEvent{payloadType=SafeModeStatus, name='Safe mode status'}
2022-10-25 12:15:04,899 [Listener at 0.0.0.0/33229] INFO  ha.SCMContext (SCMContext.java:updateSafeModeStatus(228)) - Update SafeModeStatus from SafeModeStatus{safeModeStatus=true, preCheckPassed=false} to SafeModeStatus{safeModeStatus=true, preCheckPassed=false}.
2022-10-25 12:15:04,902 [Listener at 0.0.0.0/33229] INFO  server.StorageContainerManager (StorageContainerManager.java:start(1439)) - StorageContainerLocationProtocol RPC server is listening at /0.0.0.0:33229
2022-10-25 12:15:04,963 [Listener at 0.0.0.0/33229] WARN  impl.MetricsConfig (MetricsConfig.java:loadFirst(136)) - Cannot locate configuration: tried hadoop-metrics2-storagecontainermanager.properties,hadoop-metrics2.properties
2022-10-25 12:15:04,975 [Listener at 0.0.0.0/33229] INFO  impl.MetricsSystemImpl (MetricsSystemImpl.java:startTimer(378)) - Scheduled Metric snapshot period at 10 second(s).
2022-10-25 12:15:04,975 [Listener at 0.0.0.0/33229] INFO  impl.MetricsSystemImpl (MetricsSystemImpl.java:start(191)) - StorageContainerManager metrics system started
2022-10-25 12:15:05,300 [Listener at 0.0.0.0/33229] INFO  server.SCMClientProtocolServer (SCMClientProtocolServer.java:start(170)) - RPC server for Client  is listening at /0.0.0.0:33229
2022-10-25 12:15:05,300 [IPC Server Responder] INFO  ipc.Server (Server.java:run(1512)) - IPC Server Responder: starting
2022-10-25 12:15:05,302 [IPC Server listener on 0] INFO  ipc.Server (Server.java:run(1352)) - IPC Server listener on 0: starting
2022-10-25 12:15:05,309 [Listener at 0.0.0.0/33229] INFO  server.StorageContainerManager (StorageContainerManager.java:start(1454)) - ScmBlockLocationProtocol RPC server is listening at /0.0.0.0:36683
2022-10-25 12:15:05,310 [Listener at 0.0.0.0/33229] INFO  server.SCMBlockProtocolServer (SCMBlockProtocolServer.java:start(152)) - RPC server for Block Protocol is listening at /0.0.0.0:36683
2022-10-25 12:15:05,310 [IPC Server Responder] INFO  ipc.Server (Server.java:run(1512)) - IPC Server Responder: starting
2022-10-25 12:15:05,310 [IPC Server listener on 0] INFO  ipc.Server (Server.java:run(1352)) - IPC Server listener on 0: starting
2022-10-25 12:15:05,315 [Listener at 0.0.0.0/33229] INFO  server.SCMDatanodeProtocolServer (SCMDatanodeProtocolServer.java:start(186)) - ScmDatanodeProtocol RPC server for DataNodes is listening at /0.0.0.0:39909
2022-10-25 12:15:05,315 [IPC Server Responder] INFO  ipc.Server (Server.java:run(1512)) - IPC Server Responder: starting
2022-10-25 12:15:05,316 [IPC Server listener on 0] INFO  ipc.Server (Server.java:run(1352)) - IPC Server listener on 0: starting
2022-10-25 12:15:05,339 [org.apache.hadoop.util.JvmPauseMonitor$Monitor@515fff35] INFO  util.JvmPauseMonitor (JvmPauseMonitor.java:run(188)) - Starting JVM pause monitor
2022-10-25 12:15:05,358 [Listener at 0.0.0.0/33229] INFO  http.BaseHttpServer (BaseHttpServer.java:newHttpServer2BuilderForOzone(213)) - Starting Web-server for scm at: http://0.0.0.0:0
2022-10-25 12:15:05,358 [Listener at 0.0.0.0/33229] INFO  http.BaseHttpServer (BaseHttpServer.java:<init>(108)) - Hadoop Security Enabled: false Ozone Security Enabled: false Ozone HTTP Security Enabled: false 
2022-10-25 12:15:05,386 [Listener at 0.0.0.0/33229] INFO  util.log (Log.java:initialized(170)) - Logging initialized @4590ms to org.eclipse.jetty.util.log.Slf4jLog
2022-10-25 12:15:05,506 [Listener at 0.0.0.0/33229] WARN  server.AuthenticationFilter (AuthenticationFilter.java:constructSecretProvider(240)) - Unable to initialize FileSignerSecretProvider, falling back to use random secrets. Reason: Could not read signature secret file: /home/runner/hadoop-http-auth-signature-secret
2022-10-25 12:15:05,515 [Listener at 0.0.0.0/33229] WARN  http.HttpRequestLog (HttpRequestLog.java:getRequestLog(103)) - Jetty request log can only be enabled using Log4j
2022-10-25 12:15:05,524 [Listener at 0.0.0.0/33229] INFO  http.HttpServer2 (HttpServer2.java:addGlobalFilter(1031)) - Added global filter 'safety' (class=org.apache.hadoop.hdds.server.http.HttpServer2$QuotingInputFilter)
2022-10-25 12:15:05,527 [Listener at 0.0.0.0/33229] INFO  http.HttpServer2 (HttpServer2.java:addFilter(1007)) - Added filter static_user_filter (class=org.apache.hadoop.http.lib.StaticUserWebFilter$StaticUserFilter) to context scm
2022-10-25 12:15:05,527 [Listener at 0.0.0.0/33229] INFO  http.HttpServer2 (HttpServer2.java:addFilter(1015)) - Added filter static_user_filter (class=org.apache.hadoop.http.lib.StaticUserWebFilter$StaticUserFilter) to context logs
2022-10-25 12:15:05,527 [Listener at 0.0.0.0/33229] INFO  http.HttpServer2 (HttpServer2.java:addFilter(1015)) - Added filter static_user_filter (class=org.apache.hadoop.http.lib.StaticUserWebFilter$StaticUserFilter) to context static
2022-10-25 12:15:05,574 [Listener at 0.0.0.0/33229] INFO  http.HttpServer2 (HttpServer2.java:bindListener(1250)) - Jetty bound to port 34491
2022-10-25 12:15:05,575 [Listener at 0.0.0.0/33229] INFO  server.Server (Server.java:doStart(375)) - jetty-9.4.43.v20210629; built: 2021-06-30T11:07:22.254Z; git: 526006ecfa3af7f1a27ef3a288e2bef7ea9dd7e8; jvm 1.8.0_345-b01
2022-10-25 12:15:05,610 [Listener at 0.0.0.0/33229] INFO  server.session (DefaultSessionIdManager.java:doStart(334)) - DefaultSessionIdManager workerName=node0
2022-10-25 12:15:05,610 [Listener at 0.0.0.0/33229] INFO  server.session (DefaultSessionIdManager.java:doStart(339)) - No SessionScavenger set, using defaults
2022-10-25 12:15:05,613 [Listener at 0.0.0.0/33229] INFO  server.session (HouseKeeper.java:startScavenging(132)) - node0 Scavenging every 660000ms
2022-10-25 12:15:05,628 [Listener at 0.0.0.0/33229] INFO  handler.ContextHandler (ContextHandler.java:doStart(915)) - Started o.e.j.s.ServletContextHandler@c247b02{logs,/logs,file:///home/runner/work/ozone/ozone/hadoop-ozone/integration-test/target/log,AVAILABLE}
2022-10-25 12:15:05,628 [Listener at 0.0.0.0/33229] INFO  handler.ContextHandler (ContextHandler.java:doStart(915)) - Started o.e.j.s.ServletContextHandler@13bf5fd{static,/static,file:///home/runner/work/ozone/ozone/hadoop-ozone/integration-test/target/test-classes/webapps/static,AVAILABLE}
2022-10-25 12:15:05,681 [Listener at 0.0.0.0/33229] INFO  handler.ContextHandler (ContextHandler.java:doStart(915)) - Started o.e.j.w.WebAppContext@36f438f1{scm,/,file:///home/runner/work/ozone/ozone/hadoop-ozone/integration-test/target/test-classes/webapps/scm/,AVAILABLE}{file:/home/runner/work/ozone/ozone/hadoop-ozone/integration-test/target/test-classes/webapps/scm}
2022-10-25 12:15:05,695 [Listener at 0.0.0.0/33229] INFO  server.AbstractConnector (AbstractConnector.java:doStart(331)) - Started ServerConnector@37dc7661{HTTP/1.1, (http/1.1)}{0.0.0.0:34491}
2022-10-25 12:15:05,696 [Listener at 0.0.0.0/33229] INFO  server.Server (Server.java:doStart(415)) - Started @4900ms
2022-10-25 12:15:05,699 [Listener at 0.0.0.0/33229] INFO  impl.MetricsSinkAdapter (MetricsSinkAdapter.java:start(204)) - Sink prometheus started
2022-10-25 12:15:05,699 [Listener at 0.0.0.0/33229] INFO  impl.MetricsSystemImpl (MetricsSystemImpl.java:registerSink(305)) - Registered sink prometheus
2022-10-25 12:15:05,700 [Listener at 0.0.0.0/33229] INFO  http.BaseHttpServer (BaseHttpServer.java:updateConnectorAddress(333)) - HTTP server of scm listening at http://0.0.0.0:34491
2022-10-25 12:15:05,703 [Listener at 0.0.0.0/33229] WARN  server.ServerUtils (ServerUtils.java:getDBPath(225)) - ozone.om.db.dirs is not configured. We recommend adding this setting. Falling back to ozone.metadata.dirs instead.
2022-10-25 12:15:05,779 [Listener at 0.0.0.0/33229] INFO  audit.AuditLogger (AuditLogger.java:refreshDebugCmdSet(126)) - Refresh DebugCmdSet for OMAudit to [].
2022-10-25 12:15:05,885 [Listener at 0.0.0.0/33229] INFO  ha.OMHANodeDetails (OMHANodeDetails.java:loadOMHAConfig(115)) - ozone.om.internal.service.id is not defined, falling back to ozone.om.service.ids to find serviceID for OzoneManager if it is HA enabled cluster
2022-10-25 12:15:05,888 [Listener at 0.0.0.0/33229] INFO  ha.OMHANodeDetails (OMHANodeDetails.java:loadOMHAConfig(226)) - Configuration does not have ozone.om.address set. Falling back to the default OM address /127.0.0.1:0
2022-10-25 12:15:05,888 [Listener at 0.0.0.0/33229] INFO  ha.OMHANodeDetails (OMHANodeDetails.java:getOMNodeDetailsForNonHA(254)) - OM Service ID is not set. Setting it to the default ID: omServiceIdDefault
2022-10-25 12:15:05,889 [Listener at 0.0.0.0/33229] INFO  ha.OMHANodeDetails (OMHANodeDetails.java:getOMNodeDetailsForNonHA(261)) - OM Node ID is not set. Setting it to the default ID: om1
2022-10-25 12:15:05,893 [Listener at 0.0.0.0/33229] WARN  server.ServerUtils (ServerUtils.java:getDBPath(225)) - ozone.om.db.dirs is not configured. We recommend adding this setting. Falling back to ozone.metadata.dirs instead.
2022-10-25 12:15:05,895 [Listener at 0.0.0.0/33229] INFO  upgrade.AbstractLayoutVersionManager (AbstractLayoutVersionManager.java:init(83)) - Initializing Layout version manager with metadata layout = MULTITENANCY_SCHEMA (version = 3), software layout = MULTITENANCY_SCHEMA (version = 3)
2022-10-25 12:15:05,986 [Listener at 0.0.0.0/33229] INFO  reflections.Reflections (Reflections.java:scan(232)) - Reflections took 84 ms to scan 2 urls, producing 154 keys and 428 values [using 2 cores]
2022-10-25 12:15:05,994 [Listener at 0.0.0.0/33229] INFO  upgrade.OMLayoutVersionManager (OMLayoutVersionManager.java:lambda$0(115)) - Skipping Upgrade Action MockOmUpgradeAction since it has been finalized.
2022-10-25 12:15:05,995 [Listener at 0.0.0.0/33229] WARN  server.ServerUtils (ServerUtils.java:getDBPath(225)) - ozone.om.db.dirs is not configured. We recommend adding this setting. Falling back to ozone.metadata.dirs instead.
2022-10-25 12:15:06,163 [Listener at 0.0.0.0/33229] INFO  proxy.SCMBlockLocationFailoverProxyProvider (SCMBlockLocationFailoverProxyProvider.java:<init>(114)) - Created block location fail-over proxy with 1 nodes: [nodeId=scmNodeId,nodeAddress=/0.0.0.0:36683]
2022-10-25 12:15:06,196 [Listener at 0.0.0.0/33229] INFO  proxy.SCMBlockLocationFailoverProxyProvider (SCMBlockLocationFailoverProxyProvider.java:<init>(114)) - Created block location fail-over proxy with 1 nodes: [nodeId=scmNodeId,nodeAddress=/0.0.0.0:36683]
2022-10-25 12:15:06,407 [Listener at 0.0.0.0/33229] WARN  server.ServerUtils (ServerUtils.java:getDBPath(225)) - ozone.om.db.dirs is not configured. We recommend adding this setting. Falling back to ozone.metadata.dirs instead.
2022-10-25 12:15:06,416 [Listener at 0.0.0.0/33229] INFO  codec.OmKeyInfoCodec (OmKeyInfoCodec.java:<init>(49)) - OmKeyInfoCodec ignorePipeline = true
2022-10-25 12:15:06,418 [Listener at 0.0.0.0/33229] INFO  codec.RepeatedOmKeyInfoCodec (RepeatedOmKeyInfoCodec.java:<init>(41)) - RepeatedOmKeyInfoCodec ignorePipeline = true
2022-10-25 12:15:06,608 [Listener at 0.0.0.0/33229] INFO  om.OzoneManager (OzoneManager.java:instantiateServices(712)) - S3 Multi-Tenancy is disabled
2022-10-25 12:15:06,689 [Listener at 0.0.0.0/33229] INFO  om.OzoneManager (OzoneManager.java:addS3GVolumeToDB(4386)) - Created Volume s3v With Owner runner required for S3Gateway operations.
2022-10-25 12:15:06,774 [Listener at 0.0.0.0/33229] WARN  server.ServerUtils (ServerUtils.java:getDefaultRatisDirectory(237)) - Storage directory for Ratis is not configured. It is a good idea to map this to an SSD disk. Falling back to ozone.metadata.dirs
2022-10-25 12:15:06,774 [Listener at 0.0.0.0/33229] WARN  utils.OzoneManagerRatisUtils (OzoneManagerRatisUtils.java:getOMRatisSnapshotDirectory(434)) - ozone.om.ratis.snapshot.dir is not configured. Falling back to ozone.metadata.dirs config
2022-10-25 12:15:06,798 [Listener at 0.0.0.0/33229] WARN  server.ServerUtils (ServerUtils.java:getDefaultRatisDirectory(237)) - Storage directory for Ratis is not configured. It is a good idea to map this to an SSD disk. Falling back to ozone.metadata.dirs
2022-10-25 12:15:06,832 [Listener at 0.0.0.0/33229] INFO  ratis.OzoneManagerRatisServer (OzoneManagerRatisServer.java:<init>(160)) - Instantiating OM Ratis server with groupID: omServiceIdDefault and peers: localhost:9872
2022-10-25 12:15:06,840 [Listener at 0.0.0.0/33229] INFO  ratis.OzoneManagerStateMachine (OzoneManagerStateMachine.java:loadSnapshotInfoFromDB(636)) - LastAppliedIndex is set from TransactionInfo from OM DB as (t:0, i:~)
2022-10-25 12:15:06,895 [Listener at 0.0.0.0/33229] INFO  server.RaftServer (ConfUtils.java:logGet(46)) - raft.rpc.type = GRPC (default)
2022-10-25 12:15:06,998 [Listener at 0.0.0.0/33229] INFO  grpc.GrpcConfigKeys (ConfUtils.java:logFallback(53)) - raft.grpc.admin.host = null (fallback to raft.grpc.server.host)
2022-10-25 12:15:07,000 [Listener at 0.0.0.0/33229] INFO  grpc.GrpcConfigKeys (ConfUtils.java:logFallback(53)) - raft.grpc.admin.port = 9872 (fallback to raft.grpc.server.port)
2022-10-25 12:15:07,001 [Listener at 0.0.0.0/33229] INFO  grpc.GrpcConfigKeys (ConfUtils.java:logFallback(53)) - raft.grpc.client.host = null (fallback to raft.grpc.server.host)
2022-10-25 12:15:07,001 [Listener at 0.0.0.0/33229] INFO  grpc.GrpcConfigKeys (ConfUtils.java:logFallback(53)) - raft.grpc.client.port = 9872 (fallback to raft.grpc.server.port)
2022-10-25 12:15:07,001 [Listener at 0.0.0.0/33229] INFO  grpc.GrpcConfigKeys (ConfUtils.java:logGet(46)) - raft.grpc.server.host = null (default)
2022-10-25 12:15:07,002 [Listener at 0.0.0.0/33229] INFO  grpc.GrpcConfigKeys (ConfUtils.java:logGet(46)) - raft.grpc.server.port = 9872 (custom)
2022-10-25 12:15:07,002 [Listener at 0.0.0.0/33229] INFO  server.GrpcService (ConfUtils.java:logGet(46)) - raft.grpc.message.size.max = 33554432 (custom)
2022-10-25 12:15:07,004 [Listener at 0.0.0.0/33229] INFO  server.RaftServerConfigKeys (ConfUtils.java:logGet(46)) - raft.server.log.appender.buffer.byte-limit = 33554432 (custom)
2022-10-25 12:15:07,004 [Listener at 0.0.0.0/33229] INFO  server.GrpcService (ConfUtils.java:logGet(46)) - raft.grpc.flow.control.window = 1MB (=1048576) (default)
2022-10-25 12:15:07,005 [Listener at 0.0.0.0/33229] INFO  server.RaftServerConfigKeys (ConfUtils.java:logGet(46)) - raft.server.rpc.request.timeout = 3000ms (default)
2022-10-25 12:15:07,021 [Listener at 0.0.0.0/33229] INFO  grpc.GrpcConfigKeys (ConfUtils.java:logGet(46)) - raft.grpc.server.heartbeat.channel = true (default)
2022-10-25 12:15:07,025 [Listener at 0.0.0.0/33229] INFO  grpc.GrpcConfigKeys (ConfUtils.java:logGet(46)) - raft.grpc.server.async.request.thread.pool.cached = true (default)
2022-10-25 12:15:07,025 [Listener at 0.0.0.0/33229] INFO  grpc.GrpcConfigKeys (ConfUtils.java:logGet(46)) - raft.grpc.server.async.request.thread.pool.size = 32 (default)
2022-10-25 12:15:07,365 [Listener at 0.0.0.0/33229] INFO  impl.DataStreamServerImpl (ConfUtils.java:logGet(46)) - raft.datastream.type = DISABLED (default)
2022-10-25 12:15:07,369 [Listener at 0.0.0.0/33229] INFO  server.RaftServerConfigKeys (ConfUtils.java:logGet(46)) - raft.server.threadpool.proxy.cached = true (default)
2022-10-25 12:15:07,369 [Listener at 0.0.0.0/33229] INFO  server.RaftServerConfigKeys (ConfUtils.java:logGet(46)) - raft.server.threadpool.proxy.size = 0 (default)
2022-10-25 12:15:07,370 [Listener at 0.0.0.0/33229] INFO  server.RaftServerConfigKeys (ConfUtils.java:logGet(46)) - raft.server.rpc.slowness.timeout = 120s (custom)
2022-10-25 12:15:07,370 [Listener at 0.0.0.0/33229] INFO  server.RaftServerConfigKeys (ConfUtils.java:logGet(46)) - raft.server.leaderelection.leader.step-down.wait-time = 10s (default)
2022-10-25 12:15:07,374 [Listener at 0.0.0.0/33229] INFO  server.RaftServerConfigKeys (ConfUtils.java:logGet(46)) - raft.server.storage.dir = [/home/runner/work/ozone/ozone/hadoop-ozone/integration-test/target/test-dir/MiniOzoneClusterImpl-59fd4bbb-78e8-4c50-bd4e-19e5c7f0d0cd/ozone-meta/ratis] (custom)
2022-10-25 12:15:07,386 [Listener at 0.0.0.0/33229] INFO  server.RaftServer (RaftServerProxy.java:addNew(96)) - om1: addNew group-C5BA1605619E:[om1|rpc:localhost:9872|priority:0|startupRole:FOLLOWER] returns group-C5BA1605619E:java.util.concurrent.CompletableFuture@5af57b73[Not completed]
2022-10-25 12:15:07,386 [Listener at 0.0.0.0/33229] INFO  om.OzoneManager (OzoneManager.java:initializeRatisServer(1975)) - OzoneManager Ratis server initialized at port 9872
2022-10-25 12:15:07,410 [Listener at 0.0.0.0/33229] INFO  om.OzoneManager (OzoneManager.java:getRpcServer(1101)) - Creating RPC Server
2022-10-25 12:15:07,432 [pool-55-thread-1] INFO  server.RaftServer$Division (RaftServerImpl.java:<init>(195)) - om1: new RaftServerImpl for group-C5BA1605619E:[om1|rpc:localhost:9872|priority:0|startupRole:FOLLOWER] with OzoneManagerStateMachine:uninitialized
2022-10-25 12:15:07,434 [pool-55-thread-1] INFO  server.RaftServerConfigKeys (ConfUtils.java:logGet(46)) - raft.server.rpc.timeout.min = 1s (custom)
2022-10-25 12:15:07,441 [pool-55-thread-1] INFO  server.RaftServerConfigKeys (ConfUtils.java:logGet(46)) - raft.server.rpc.timeout.max = 1200ms (custom)
2022-10-25 12:15:07,441 [pool-55-thread-1] INFO  server.RaftServerConfigKeys (ConfUtils.java:logGet(46)) - raft.server.rpc.sleep.time = 25ms (default)
2022-10-25 12:15:07,442 [pool-55-thread-1] INFO  server.RaftServerConfigKeys (ConfUtils.java:logGet(46)) - raft.server.rpc.slowness.timeout = 120s (custom)
2022-10-25 12:15:07,442 [pool-55-thread-1] INFO  server.RaftServerConfigKeys (ConfUtils.java:logGet(46)) - raft.server.leaderelection.leader.step-down.wait-time = 10s (default)
2022-10-25 12:15:07,442 [pool-55-thread-1] INFO  server.RaftServerConfigKeys (ConfUtils.java:logGet(46)) - raft.server.sleep.deviation.threshold = 300ms (default)
2022-10-25 12:15:07,458 [pool-55-thread-1] INFO  server.RaftServer$Division (ServerState.java:<init>(118)) - om1@group-C5BA1605619E: ConfigurationManager, init=-1: peers:[om1|rpc:localhost:9872|priority:0|startupRole:FOLLOWER]|listeners:[], old=null, confs=<EMPTY_MAP>
2022-10-25 12:15:07,458 [pool-55-thread-1] INFO  server.RaftServerConfigKeys (ConfUtils.java:logGet(46)) - raft.server.storage.dir = [/home/runner/work/ozone/ozone/hadoop-ozone/integration-test/target/test-dir/MiniOzoneClusterImpl-59fd4bbb-78e8-4c50-bd4e-19e5c7f0d0cd/ozone-meta/ratis] (custom)
2022-10-25 12:15:07,470 [pool-55-thread-1] INFO  server.RaftServerConfigKeys (ConfUtils.java:logGet(46)) - raft.server.log.corruption.policy = EXCEPTION (default)
2022-10-25 12:15:07,470 [pool-55-thread-1] INFO  server.RaftServerConfigKeys (ConfUtils.java:logGet(46)) - raft.server.storage.free-space.min = 0MB (=0) (default)
2022-10-25 12:15:07,485 [pool-55-thread-1] INFO  server.RaftServerConfigKeys (ConfUtils.java:logGet(46)) - raft.server.notification.no-leader.timeout = 120s (custom)
2022-10-25 12:15:07,514 [pool-55-thread-1] INFO  server.RaftServerConfigKeys (ConfUtils.java:logGet(46)) - raft.server.retrycache.expirytime = 300s (custom)
2022-10-25 12:15:07,514 [pool-55-thread-1] INFO  server.RaftServerConfigKeys (ConfUtils.java:logGet(46)) - raft.server.retrycache.statistics.expirytime = 100μs (default)
2022-10-25 12:15:07,719 [pool-55-thread-1] INFO  server.RaftServerConfigKeys (ConfUtils.java:logGet(46)) - raft.server.log.appender.install.snapshot.enabled = false (custom)
2022-10-25 12:15:07,720 [pool-55-thread-1] INFO  server.RaftServerConfigKeys (ConfUtils.java:logGet(46)) - raft.server.threadpool.server.cached = true (default)
2022-10-25 12:15:07,720 [pool-55-thread-1] INFO  server.RaftServerConfigKeys (ConfUtils.java:logGet(46)) - raft.server.threadpool.server.size = 0 (default)
2022-10-25 12:15:07,721 [pool-55-thread-1] INFO  server.RaftServerConfigKeys (ConfUtils.java:logGet(46)) - raft.server.threadpool.client.cached = true (default)
2022-10-25 12:15:07,721 [pool-55-thread-1] INFO  server.RaftServerConfigKeys (ConfUtils.java:logGet(46)) - raft.server.threadpool.client.size = 0 (default)
2022-10-25 12:15:08,240 [Listener at 0.0.0.0/33229] INFO  reflections.Reflections (Reflections.java:scan(232)) - Reflections took 728 ms to scan 19 urls, producing 67 keys and 4268 values [using 2 cores]
2022-10-25 12:15:08,422 [Listener at 0.0.0.0/33229] INFO  ipc.CallQueueManager (CallQueueManager.java:<init>(90)) - Using callQueue: class java.util.concurrent.LinkedBlockingQueue, queueCapacity: 2000, scheduler: class org.apache.hadoop.ipc.DefaultRpcScheduler, ipcBackoff: false.
2022-10-25 12:15:08,423 [Socket Reader #1 for port 0] INFO  ipc.Server (Server.java:run(1273)) - Starting Socket Reader #1 for port 0
2022-10-25 12:15:08,458 [Listener at 127.0.0.1/33161] INFO  impl.MetricsSystemImpl (MetricsSystemImpl.java:init(158)) - OzoneManager metrics system started (again)
2022-10-25 12:15:08,475 [Listener at 127.0.0.1/33161] INFO  om.OzoneManager (OzoneManager.java:start(1482)) - OzoneManager RPC server is listening at localhost/127.0.0.1:33161
2022-10-25 12:15:08,476 [Listener at 127.0.0.1/33161] INFO  ratis.OzoneManagerRatisServer (OzoneManagerRatisServer.java:start(555)) - Starting OzoneManagerRatisServer om1 at port 9872
2022-10-25 12:15:08,480 [om1-impl-thread1] INFO  storage.RaftStorageDirectory (RaftStorageDirectoryImpl.java:analyzeStorage(137)) - The storage directory /home/runner/work/ozone/ozone/hadoop-ozone/integration-test/target/test-dir/MiniOzoneClusterImpl-59fd4bbb-78e8-4c50-bd4e-19e5c7f0d0cd/ozone-meta/ratis/bf265839-605b-3f16-9796-c5ba1605619e does not exist. Creating ...
2022-10-25 12:15:08,485 [om1-impl-thread1] INFO  storage.RaftStorageDirectory (RaftStorageDirectoryImpl.java:tryLock(231)) - Lock on /home/runner/work/ozone/ozone/hadoop-ozone/integration-test/target/test-dir/MiniOzoneClusterImpl-59fd4bbb-78e8-4c50-bd4e-19e5c7f0d0cd/ozone-meta/ratis/bf265839-605b-3f16-9796-c5ba1605619e/in_use.lock acquired by nodename 14024@fv-az82-510
2022-10-25 12:15:08,492 [om1-impl-thread1] INFO  storage.RaftStorage (RaftStorageImpl.java:format(96)) - Storage directory /home/runner/work/ozone/ozone/hadoop-ozone/integration-test/target/test-dir/MiniOzoneClusterImpl-59fd4bbb-78e8-4c50-bd4e-19e5c7f0d0cd/ozone-meta/ratis/bf265839-605b-3f16-9796-c5ba1605619e has been successfully formatted.
2022-10-25 12:15:08,494 [om1-impl-thread1] INFO  server.RaftServerConfigKeys (ConfUtils.java:logGet(46)) - raft.server.log.use.memory = false (default)
2022-10-25 12:15:08,508 [om1-impl-thread1] INFO  server.RaftServerConfigKeys (ConfUtils.java:logGet(46)) - raft.server.log.purge.gap = 1000000 (custom)
2022-10-25 12:15:08,509 [om1-impl-thread1] INFO  server.RaftServerConfigKeys (ConfUtils.java:logGet(46)) - raft.server.log.appender.buffer.byte-limit = 33554432 (custom)
2022-10-25 12:15:08,511 [om1-impl-thread1] INFO  server.RaftServerConfigKeys (ConfUtils.java:logGet(46)) - raft.server.log.statemachine.data.read.timeout = 1000ms (default)
2022-10-25 12:15:08,512 [om1-impl-thread1] INFO  server.RaftServerConfigKeys (ConfUtils.java:logGet(46)) - raft.server.log.purge.preservation.log.num = 0 (default)
2022-10-25 12:15:08,515 [om1-impl-thread1] INFO  server.RaftServerConfigKeys (ConfUtils.java:logGet(46)) - raft.server.log.segment.size.max = 4194304 (custom)
2022-10-25 12:15:08,522 [om1-impl-thread1] INFO  server.RaftServerConfigKeys (ConfUtils.java:logGet(46)) - raft.server.log.segment.cache.num.max = 2 (custom)
2022-10-25 12:15:08,522 [om1-impl-thread1] INFO  server.RaftServerConfigKeys (ConfUtils.java:logGet(46)) - raft.server.log.segment.cache.size.max = 200MB (=209715200) (default)
2022-10-25 12:15:08,658 [om1-impl-thread1] INFO  segmented.SegmentedRaftLogWorker (SegmentedRaftLogWorker.java:<init>(191)) - new om1@group-C5BA1605619E-SegmentedRaftLogWorker for RaftStorageImpl:Storage Directory /home/runner/work/ozone/ozone/hadoop-ozone/integration-test/target/test-dir/MiniOzoneClusterImpl-59fd4bbb-78e8-4c50-bd4e-19e5c7f0d0cd/ozone-meta/ratis/bf265839-605b-3f16-9796-c5ba1605619e
2022-10-25 12:15:08,658 [om1-impl-thread1] INFO  server.RaftServerConfigKeys (ConfUtils.java:logGet(46)) - raft.server.log.queue.byte-limit = 64MB (=67108864) (default)
2022-10-25 12:15:08,659 [om1-impl-thread1] INFO  server.RaftServerConfigKeys (ConfUtils.java:logGet(46)) - raft.server.log.queue.element-limit = 4096 (default)
2022-10-25 12:15:08,660 [om1-impl-thread1] INFO  server.RaftServerConfigKeys (ConfUtils.java:logGet(46)) - raft.server.log.segment.size.max = 4194304 (custom)
2022-10-25 12:15:08,660 [om1-impl-thread1] INFO  server.RaftServerConfigKeys (ConfUtils.java:logGet(46)) - raft.server.log.preallocated.size = 4194304 (custom)
2022-10-25 12:15:08,661 [om1-impl-thread1] INFO  server.RaftServerConfigKeys (ConfUtils.java:logGet(46)) - raft.server.log.force.sync.num = 128 (default)
2022-10-25 12:15:08,662 [om1-impl-thread1] INFO  server.RaftServerConfigKeys (ConfUtils.java:logGet(46)) - raft.server.log.statemachine.data.sync = true (default)
2022-10-25 12:15:08,662 [om1-impl-thread1] INFO  server.RaftServerConfigKeys (ConfUtils.java:logGet(46)) - raft.server.log.statemachine.data.sync.timeout = 10s (default)
2022-10-25 12:15:08,663 [om1-impl-thread1] INFO  server.RaftServerConfigKeys (ConfUtils.java:logGet(46)) - raft.server.log.statemachine.data.sync.timeout.retry = -1 (default)
2022-10-25 12:15:08,683 [om1-impl-thread1] INFO  server.RaftServerConfigKeys (ConfUtils.java:logGet(46)) - raft.server.log.write.buffer.size = 64KB (=65536) (default)
2022-10-25 12:15:08,683 [om1-impl-thread1] INFO  server.RaftServerConfigKeys (ConfUtils.java:logGet(46)) - raft.server.log.unsafe-flush.enabled = false (default)
2022-10-25 12:15:08,684 [om1-impl-thread1] INFO  server.RaftServerConfigKeys (ConfUtils.java:logGet(46)) - raft.server.log.async-flush.enabled = false (default)
2022-10-25 12:15:08,684 [om1-impl-thread1] INFO  server.RaftServerConfigKeys (ConfUtils.java:logGet(46)) - raft.server.log.statemachine.data.caching.enabled = false (default)
2022-10-25 12:15:08,691 [om1-impl-thread1] INFO  segmented.SegmentedRaftLogWorker (SegmentedRaftLogWorker.java:lambda$new$0(136)) - om1@group-C5BA1605619E-SegmentedRaftLogWorker: flushIndex: setUnconditionally 0 -> -1
2022-10-25 12:15:08,691 [om1-impl-thread1] INFO  segmented.SegmentedRaftLogWorker (SegmentedRaftLogWorker.java:lambda$new$0(136)) - om1@group-C5BA1605619E-SegmentedRaftLogWorker: safeCacheEvictIndex: setUnconditionally 0 -> -1
2022-10-25 12:15:08,693 [om1-impl-thread1] INFO  server.RaftServer$Division (RaftServerImpl.java:start(334)) - om1@group-C5BA1605619E: start as a follower, conf=-1: peers:[om1|rpc:localhost:9872|priority:0|startupRole:FOLLOWER]|listeners:[], old=null
2022-10-25 12:15:08,698 [om1-impl-thread1] INFO  server.RaftServer$Division (RaftServerImpl.java:setRole(321)) - om1@group-C5BA1605619E: changes role from      null to FOLLOWER at term 0 for startAsFollower
2022-10-25 12:15:08,700 [om1-impl-thread1] INFO  impl.RoleInfo (RoleInfo.java:updateAndGet(139)) - om1: start om1@group-C5BA1605619E-FollowerState
2022-10-25 12:15:08,701 [om1-impl-thread1] INFO  util.JmxRegister (JmxRegister.java:tryRegister(44)) - Successfully registered JMX Bean with object name Ratis:service=RaftServer,group=group-C5BA1605619E,id=om1
2022-10-25 12:15:08,703 [om1-impl-thread1] INFO  server.RaftServerConfigKeys (ConfUtils.java:logGet(46)) - raft.server.snapshot.auto.trigger.enabled = true (custom)
2022-10-25 12:15:08,704 [om1-impl-thread1] INFO  server.RaftServerConfigKeys (ConfUtils.java:logGet(46)) - raft.server.snapshot.auto.trigger.threshold = 400000 (default)
2022-10-25 12:15:08,704 [om1-impl-thread1] INFO  server.RaftServerConfigKeys (ConfUtils.java:logGet(46)) - raft.server.snapshot.retention.file.num = -1 (default)
2022-10-25 12:15:08,705 [om1-impl-thread1] INFO  server.RaftServerConfigKeys (ConfUtils.java:logGet(46)) - raft.server.log.purge.upto.snapshot.index = true (custom)
2022-10-25 12:15:08,706 [om1@group-C5BA1605619E-FollowerState] INFO  server.RaftServerConfigKeys (ConfUtils.java:logFallback(53)) - raft.server.rpc.first-election.timeout.min = 1s (fallback to raft.server.rpc.timeout.min)
2022-10-25 12:15:08,706 [om1@group-C5BA1605619E-FollowerState] INFO  server.RaftServerConfigKeys (ConfUtils.java:logFallback(53)) - raft.server.rpc.first-election.timeout.max = 1200ms (fallback to raft.server.rpc.timeout.max)
2022-10-25 12:15:08,710 [Listener at 127.0.0.1/33161] INFO  server.RaftServer (RaftServerProxy.java:startImpl(393)) - om1: start RPC server
2022-10-25 12:15:08,778 [Listener at 127.0.0.1/33161] INFO  server.GrpcService (GrpcService.java:startImpl(270)) - om1: GrpcService started, listening on 9872
2022-10-25 12:15:08,782 [Listener at 127.0.0.1/33161] INFO  om.OzoneManager (OzoneManager.java:start(1498)) - Version File has different layout version (3) than OM DB (null). That is expected if this OM has never been finalized to a newer layout version.
2022-10-25 12:15:08,785 [JvmPauseMonitor0] INFO  util.JvmPauseMonitor (JvmPauseMonitor.java:run(105)) - JvmPauseMonitor-om1: Started
2022-10-25 12:15:08,805 [Listener at 127.0.0.1/33161] INFO  http.BaseHttpServer (BaseHttpServer.java:newHttpServer2BuilderForOzone(213)) - Starting Web-server for ozoneManager at: http://0.0.0.0:0
2022-10-25 12:15:08,805 [Listener at 127.0.0.1/33161] INFO  http.BaseHttpServer (BaseHttpServer.java:<init>(108)) - Hadoop Security Enabled: false Ozone Security Enabled: false Ozone HTTP Security Enabled: false 
2022-10-25 12:15:08,807 [Listener at 127.0.0.1/33161] WARN  server.AuthenticationFilter (AuthenticationFilter.java:constructSecretProvider(240)) - Unable to initialize FileSignerSecretProvider, falling back to use random secrets. Reason: Could not read signature secret file: /home/runner/hadoop-http-auth-signature-secret
2022-10-25 12:15:08,809 [Listener at 127.0.0.1/33161] WARN  http.HttpRequestLog (HttpRequestLog.java:getRequestLog(103)) - Jetty request log can only be enabled using Log4j
2022-10-25 12:15:08,810 [Listener at 127.0.0.1/33161] INFO  http.HttpServer2 (HttpServer2.java:addGlobalFilter(1031)) - Added global filter 'safety' (class=org.apache.hadoop.hdds.server.http.HttpServer2$QuotingInputFilter)
2022-10-25 12:15:08,811 [Listener at 127.0.0.1/33161] INFO  http.HttpServer2 (HttpServer2.java:addFilter(1007)) - Added filter static_user_filter (class=org.apache.hadoop.http.lib.StaticUserWebFilter$StaticUserFilter) to context ozoneManager
2022-10-25 12:15:08,812 [Listener at 127.0.0.1/33161] INFO  http.HttpServer2 (HttpServer2.java:addFilter(1015)) - Added filter static_user_filter (class=org.apache.hadoop.http.lib.StaticUserWebFilter$StaticUserFilter) to context static
2022-10-25 12:15:08,812 [Listener at 127.0.0.1/33161] INFO  http.HttpServer2 (HttpServer2.java:addFilter(1015)) - Added filter static_user_filter (class=org.apache.hadoop.http.lib.StaticUserWebFilter$StaticUserFilter) to context logs
2022-10-25 12:15:08,814 [Listener at 127.0.0.1/33161] INFO  http.HttpServer2 (HttpServer2.java:bindListener(1250)) - Jetty bound to port 45163
2022-10-25 12:15:08,814 [Listener at 127.0.0.1/33161] INFO  server.Server (Server.java:doStart(375)) - jetty-9.4.43.v20210629; built: 2021-06-30T11:07:22.254Z; git: 526006ecfa3af7f1a27ef3a288e2bef7ea9dd7e8; jvm 1.8.0_345-b01
2022-10-25 12:15:08,822 [Listener at 127.0.0.1/33161] INFO  server.session (DefaultSessionIdManager.java:doStart(334)) - DefaultSessionIdManager workerName=node0
2022-10-25 12:15:08,822 [Listener at 127.0.0.1/33161] INFO  server.session (DefaultSessionIdManager.java:doStart(339)) - No SessionScavenger set, using defaults
2022-10-25 12:15:08,822 [Listener at 127.0.0.1/33161] INFO  server.session (HouseKeeper.java:startScavenging(132)) - node0 Scavenging every 660000ms
2022-10-25 12:15:08,823 [Listener at 127.0.0.1/33161] INFO  handler.ContextHandler (ContextHandler.java:doStart(915)) - Started o.e.j.s.ServletContextHandler@626d2e9b{logs,/logs,file:///home/runner/work/ozone/ozone/hadoop-ozone/integration-test/target/log,AVAILABLE}
2022-10-25 12:15:08,824 [Listener at 127.0.0.1/33161] INFO  handler.ContextHandler (ContextHandler.java:doStart(915)) - Started o.e.j.s.ServletContextHandler@74e37ad3{static,/static,file:///home/runner/work/ozone/ozone/hadoop-ozone/integration-test/target/test-classes/webapps/static,AVAILABLE}
2022-10-25 12:15:08,828 [Listener at 127.0.0.1/33161] INFO  handler.ContextHandler (ContextHandler.java:doStart(915)) - Started o.e.j.w.WebAppContext@69c47d27{ozoneManager,/,file:///home/runner/work/ozone/ozone/hadoop-ozone/integration-test/target/test-classes/webapps/ozoneManager/,AVAILABLE}{file:/home/runner/work/ozone/ozone/hadoop-ozone/integration-test/target/test-classes/webapps/ozoneManager}
2022-10-25 12:15:08,833 [Listener at 127.0.0.1/33161] INFO  server.AbstractConnector (AbstractConnector.java:doStart(331)) - Started ServerConnector@1c55db35{HTTP/1.1, (http/1.1)}{0.0.0.0:45163}
2022-10-25 12:15:08,834 [Listener at 127.0.0.1/33161] INFO  server.Server (Server.java:doStart(415)) - Started @8038ms
2022-10-25 12:15:08,834 [Listener at 127.0.0.1/33161] WARN  impl.MetricsSystemImpl (MetricsSystemImpl.java:register(279)) - Sink prometheus already exists!
2022-10-25 12:15:08,835 [Listener at 127.0.0.1/33161] INFO  http.BaseHttpServer (BaseHttpServer.java:updateConnectorAddress(333)) - HTTP server of ozoneManager listening at http://0.0.0.0:45163
2022-10-25 12:15:08,835 [IPC Server Responder] INFO  ipc.Server (Server.java:run(1512)) - IPC Server Responder: starting
2022-10-25 12:15:08,837 [IPC Server listener on 0] INFO  ipc.Server (Server.java:run(1352)) - IPC Server listener on 0: starting
2022-10-25 12:15:08,842 [Listener at 127.0.0.1/33161] INFO  om.OzoneManager (OzoneManager.java:startTrashEmptier(1919)) - Trash Interval set to 0. Files deleted won't move to trash
2022-10-25 12:15:08,854 [org.apache.hadoop.util.JvmPauseMonitor$Monitor@450a6a51] INFO  util.JvmPauseMonitor (JvmPauseMonitor.java:run(188)) - Starting JVM pause monitor
2022-10-25 12:15:09,064 [Listener at 127.0.0.1/33161] WARN  impl.MetricRegistriesImpl (MetricRegistriesImpl.java:addReporterRegistration(111)) - New reporters are added after registries were created. Some metrics will be missing from the reporter. Please add reporter before adding any new registry.
2022-10-25 12:15:09,064 [Listener at 127.0.0.1/33161] WARN  impl.MetricRegistriesImpl (MetricRegistriesImpl.java:addReporterRegistration(111)) - New reporters are added after registries were created. Some metrics will be missing from the reporter. Please add reporter before adding any new registry.
2022-10-25 12:15:09,064 [Listener at 127.0.0.1/33161] INFO  impl.MetricsSystemImpl (MetricsSystemImpl.java:init(158)) - HddsDatanode metrics system started (again)
2022-10-25 12:15:09,082 [Listener at 127.0.0.1/33161] INFO  ozone.HddsDatanodeService (HddsDatanodeService.java:start(236)) - HddsDatanodeService host:fv-az82-510.ou3itxwc2spe5nxnxxppousbrf.dx.internal.cloudapp.net ip:10.1.1.43
2022-10-25 12:15:09,123 [Listener at 127.0.0.1/33161] INFO  upgrade.AbstractLayoutVersionManager (AbstractLayoutVersionManager.java:init(83)) - Initializing Layout version manager with metadata layout = DATANODE_SCHEMA_V3 (version = 4), software layout = DATANODE_SCHEMA_V3 (version = 4)
2022-10-25 12:15:09,189 [Listener at 127.0.0.1/33161] INFO  reflections.Reflections (Reflections.java:scan(232)) - Reflections took 65 ms to scan 7 urls, producing 137 keys and 330 values 
2022-10-25 12:15:09,196 [Listener at 127.0.0.1/33161] INFO  statemachine.DatanodeStateMachine (DatanodeStateMachine.java:getEndPointTaskThreadPoolSize(242)) - Datanode State Machine Task Thread Pool size 2
2022-10-25 12:15:09,265 [Listener at 127.0.0.1/33161] INFO  volume.HddsVolume (HddsVolume.java:<init>(117)) - Creating HddsVolume: /home/runner/work/ozone/ozone/hadoop-ozone/integration-test/target/test-dir/MiniOzoneClusterImpl-59fd4bbb-78e8-4c50-bd4e-19e5c7f0d0cd/datanode-0/data-0/containers/hdds of storage type : DISK capacity : 9223372036854775807
2022-10-25 12:15:09,268 [Listener at 127.0.0.1/33161] INFO  volume.MutableVolumeSet (MutableVolumeSet.java:initializeVolumeSet(174)) - Added Volume : /home/runner/work/ozone/ozone/hadoop-ozone/integration-test/target/test-dir/MiniOzoneClusterImpl-59fd4bbb-78e8-4c50-bd4e-19e5c7f0d0cd/datanode-0/data-0/containers/hdds to VolumeSet
2022-10-25 12:15:09,269 [Listener at 127.0.0.1/33161] INFO  volume.ThrottledAsyncChecker (ThrottledAsyncChecker.java:schedule(141)) - Scheduling a check for /home/runner/work/ozone/ozone/hadoop-ozone/integration-test/target/test-dir/MiniOzoneClusterImpl-59fd4bbb-78e8-4c50-bd4e-19e5c7f0d0cd/datanode-0/data-0/containers/hdds
2022-10-25 12:15:09,288 [Listener at 127.0.0.1/33161] INFO  volume.StorageVolumeChecker (StorageVolumeChecker.java:checkAllVolumes(202)) - Scheduled health check for volume /home/runner/work/ozone/ozone/hadoop-ozone/integration-test/target/test-dir/MiniOzoneClusterImpl-59fd4bbb-78e8-4c50-bd4e-19e5c7f0d0cd/datanode-0/data-0/containers/hdds
2022-10-25 12:15:09,311 [Listener at 127.0.0.1/33161] INFO  volume.MutableVolumeSet (MutableVolumeSet.java:initializeVolumeSet(174)) - Added Volume : /home/runner/work/ozone/ozone/hadoop-ozone/integration-test/target/test-dir/MiniOzoneClusterImpl-59fd4bbb-78e8-4c50-bd4e-19e5c7f0d0cd/datanode-0/data/ratis to VolumeSet
2022-10-25 12:15:09,311 [Listener at 127.0.0.1/33161] INFO  volume.ThrottledAsyncChecker (ThrottledAsyncChecker.java:schedule(141)) - Scheduling a check for /home/runner/work/ozone/ozone/hadoop-ozone/integration-test/target/test-dir/MiniOzoneClusterImpl-59fd4bbb-78e8-4c50-bd4e-19e5c7f0d0cd/datanode-0/data/ratis
2022-10-25 12:15:09,312 [Listener at 127.0.0.1/33161] INFO  volume.StorageVolumeChecker (StorageVolumeChecker.java:checkAllVolumes(202)) - Scheduled health check for volume /home/runner/work/ozone/ozone/hadoop-ozone/integration-test/target/test-dir/MiniOzoneClusterImpl-59fd4bbb-78e8-4c50-bd4e-19e5c7f0d0cd/datanode-0/data/ratis
2022-10-25 12:15:09,337 [Thread-136] INFO  ozoneimpl.ContainerReader (ContainerReader.java:readVolume(175)) - Finish verifying containers on volume /home/runner/work/ozone/ozone/hadoop-ozone/integration-test/target/test-dir/MiniOzoneClusterImpl-59fd4bbb-78e8-4c50-bd4e-19e5c7f0d0cd/datanode-0/data-0/containers/hdds
2022-10-25 12:15:09,338 [Listener at 127.0.0.1/33161] INFO  ozoneimpl.OzoneContainer (OzoneContainer.java:buildContainerSet(300)) - Build ContainerSet costs 0s
2022-10-25 12:15:09,399 [Listener at 127.0.0.1/33161] INFO  audit.AuditLogger (AuditLogger.java:refreshDebugCmdSet(126)) - Refresh DebugCmdSet for DNAudit to [].
2022-10-25 12:15:09,430 [Listener at 127.0.0.1/33161] INFO  server.RaftServer (ConfUtils.java:logGet(46)) - raft.rpc.type = GRPC (default)
2022-10-25 12:15:09,432 [Listener at 127.0.0.1/33161] INFO  grpc.GrpcConfigKeys (ConfUtils.java:logFallback(53)) - raft.grpc.admin.host = null (fallback to raft.grpc.server.host)
2022-10-25 12:15:09,433 [Listener at 127.0.0.1/33161] INFO  grpc.GrpcConfigKeys (ConfUtils.java:logGet(46)) - raft.grpc.admin.port = 0 (custom)
2022-10-25 12:15:09,435 [Listener at 127.0.0.1/33161] INFO  grpc.GrpcConfigKeys (ConfUtils.java:logFallback(53)) - raft.grpc.client.host = null (fallback to raft.grpc.server.host)
2022-10-25 12:15:09,435 [Listener at 127.0.0.1/33161] INFO  grpc.GrpcConfigKeys (ConfUtils.java:logGet(46)) - raft.grpc.client.port = 0 (custom)
2022-10-25 12:15:09,435 [Listener at 127.0.0.1/33161] INFO  grpc.GrpcConfigKeys (ConfUtils.java:logGet(46)) - raft.grpc.server.host = null (default)
2022-10-25 12:15:09,437 [Listener at 127.0.0.1/33161] INFO  grpc.GrpcConfigKeys (ConfUtils.java:logGet(46)) - raft.grpc.server.port = 0 (default)
2022-10-25 12:15:09,438 [Listener at 127.0.0.1/33161] INFO  server.GrpcService (ConfUtils.java:logGet(46)) - raft.grpc.message.size.max = 32MB (=33554432) (custom)
2022-10-25 12:15:09,438 [Listener at 127.0.0.1/33161] INFO  server.RaftServerConfigKeys (ConfUtils.java:logGet(46)) - raft.server.log.appender.buffer.byte-limit = 33554432 (custom)
2022-10-25 12:15:09,439 [Listener at 127.0.0.1/33161] INFO  server.GrpcService (ConfUtils.java:logGet(46)) - raft.grpc.flow.control.window = 5MB (=5242880) (custom)
2022-10-25 12:15:09,441 [Listener at 127.0.0.1/33161] INFO  server.RaftServerConfigKeys (ConfUtils.java:logGet(46)) - raft.server.rpc.request.timeout = 60s (custom)
2022-10-25 12:15:09,441 [Listener at 127.0.0.1/33161] INFO  grpc.GrpcConfigKeys (ConfUtils.java:logGet(46)) - raft.grpc.server.heartbeat.channel = true (default)
2022-10-25 12:15:09,441 [Listener at 127.0.0.1/33161] INFO  grpc.GrpcConfigKeys (ConfUtils.java:logGet(46)) - raft.grpc.server.async.request.thread.pool.cached = true (default)
2022-10-25 12:15:09,441 [Listener at 127.0.0.1/33161] INFO  grpc.GrpcConfigKeys (ConfUtils.java:logGet(46)) - raft.grpc.server.async.request.thread.pool.size = 32 (default)
2022-10-25 12:15:09,443 [Listener at 127.0.0.1/33161] INFO  impl.DataStreamServerImpl (ConfUtils.java:logGet(46)) - raft.datastream.type = DISABLED (default)
2022-10-25 12:15:09,443 [Listener at 127.0.0.1/33161] INFO  server.RaftServerConfigKeys (ConfUtils.java:logGet(46)) - raft.server.threadpool.proxy.cached = true (default)
2022-10-25 12:15:09,443 [Listener at 127.0.0.1/33161] INFO  server.RaftServerConfigKeys (ConfUtils.java:logGet(46)) - raft.server.threadpool.proxy.size = 0 (default)
2022-10-25 12:15:09,443 [Listener at 127.0.0.1/33161] INFO  server.RaftServerConfigKeys (ConfUtils.java:logGet(46)) - raft.server.rpc.slowness.timeout = 300s (custom)
2022-10-25 12:15:09,444 [Listener at 127.0.0.1/33161] INFO  server.RaftServerConfigKeys (ConfUtils.java:logGet(46)) - raft.server.leaderelection.leader.step-down.wait-time = 10s (default)
2022-10-25 12:15:09,444 [Listener at 127.0.0.1/33161] INFO  server.RaftServerConfigKeys (ConfUtils.java:logGet(46)) - raft.server.storage.dir = [/home/runner/work/ozone/ozone/hadoop-ozone/integration-test/target/test-dir/MiniOzoneClusterImpl-59fd4bbb-78e8-4c50-bd4e-19e5c7f0d0cd/datanode-0/data/ratis] (custom)
2022-10-25 12:15:09,471 [Listener at 127.0.0.1/33161] INFO  server.XceiverServerGrpc (XceiverServerGrpc.java:<init>(132)) - GrpcServer channel type EpollServerSocketChannel
2022-10-25 12:15:09,543 [Listener at 127.0.0.1/33161] INFO  http.BaseHttpServer (BaseHttpServer.java:newHttpServer2BuilderForOzone(213)) - Starting Web-server for hddsDatanode at: http://0.0.0.0:0
2022-10-25 12:15:09,544 [Listener at 127.0.0.1/33161] INFO  http.BaseHttpServer (BaseHttpServer.java:<init>(108)) - Hadoop Security Enabled: false Ozone Security Enabled: false Ozone HTTP Security Enabled: false 
2022-10-25 12:15:09,546 [Listener at 127.0.0.1/33161] WARN  server.AuthenticationFilter (AuthenticationFilter.java:constructSecretProvider(240)) - Unable to initialize FileSignerSecretProvider, falling back to use random secrets. Reason: Could not read signature secret file: /home/runner/hadoop-http-auth-signature-secret
2022-10-25 12:15:09,547 [Listener at 127.0.0.1/33161] WARN  http.HttpRequestLog (HttpRequestLog.java:getRequestLog(103)) - Jetty request log can only be enabled using Log4j
2022-10-25 12:15:09,549 [Listener at 127.0.0.1/33161] INFO  http.HttpServer2 (HttpServer2.java:addGlobalFilter(1031)) - Added global filter 'safety' (class=org.apache.hadoop.hdds.server.http.HttpServer2$QuotingInputFilter)
2022-10-25 12:15:09,550 [Listener at 127.0.0.1/33161] INFO  http.HttpServer2 (HttpServer2.java:addFilter(1007)) - Added filter static_user_filter (class=org.apache.hadoop.http.lib.StaticUserWebFilter$StaticUserFilter) to context hddsDatanode
2022-10-25 12:15:09,550 [Listener at 127.0.0.1/33161] INFO  http.HttpServer2 (HttpServer2.java:addFilter(1015)) - Added filter static_user_filter (class=org.apache.hadoop.http.lib.StaticUserWebFilter$StaticUserFilter) to context static
2022-10-25 12:15:09,550 [Listener at 127.0.0.1/33161] INFO  http.HttpServer2 (HttpServer2.java:addFilter(1015)) - Added filter static_user_filter (class=org.apache.hadoop.http.lib.StaticUserWebFilter$StaticUserFilter) to context logs
2022-10-25 12:15:09,553 [Listener at 127.0.0.1/33161] INFO  http.HttpServer2 (HttpServer2.java:bindListener(1250)) - Jetty bound to port 44427
2022-10-25 12:15:09,554 [Listener at 127.0.0.1/33161] INFO  server.Server (Server.java:doStart(375)) - jetty-9.4.43.v20210629; built: 2021-06-30T11:07:22.254Z; git: 526006ecfa3af7f1a27ef3a288e2bef7ea9dd7e8; jvm 1.8.0_345-b01
2022-10-25 12:15:09,556 [Listener at 127.0.0.1/33161] INFO  server.session (DefaultSessionIdManager.java:doStart(334)) - DefaultSessionIdManager workerName=node0
2022-10-25 12:15:09,556 [Listener at 127.0.0.1/33161] INFO  server.session (DefaultSessionIdManager.java:doStart(339)) - No SessionScavenger set, using defaults
2022-10-25 12:15:09,557 [Listener at 127.0.0.1/33161] INFO  server.session (HouseKeeper.java:startScavenging(132)) - node0 Scavenging every 600000ms
2022-10-25 12:15:09,557 [Listener at 127.0.0.1/33161] INFO  handler.ContextHandler (ContextHandler.java:doStart(915)) - Started o.e.j.s.ServletContextHandler@15aa7d97{logs,/logs,file:///home/runner/work/ozone/ozone/hadoop-ozone/integration-test/target/log,AVAILABLE}
2022-10-25 12:15:09,558 [Listener at 127.0.0.1/33161] INFO  handler.ContextHandler (ContextHandler.java:doStart(915)) - Started o.e.j.s.ServletContextHandler@755cc0c9{static,/static,jar:file:/home/runner/.m2/repository/org/apache/ozone/hdds-container-service/1.3.0-SNAPSHOT/hdds-container-service-1.3.0-SNAPSHOT.jar!/webapps/static,AVAILABLE}
2022-10-25 12:15:09,792 [Listener at 127.0.0.1/33161] INFO  handler.ContextHandler (ContextHandler.java:doStart(915)) - Started o.e.j.w.WebAppContext@56208ee4{hddsDatanode,/,file:///tmp/jetty-0_0_0_0-44427-hdds-container-service-1_3_0-SNAPSHOT_jar-_-any-6663298113959483849/webapp/,AVAILABLE}{jar:file:/home/runner/.m2/repository/org/apache/ozone/hdds-container-service/1.3.0-SNAPSHOT/hdds-container-service-1.3.0-SNAPSHOT.jar!/webapps/hddsDatanode}
2022-10-25 12:15:09,793 [Listener at 127.0.0.1/33161] INFO  server.AbstractConnector (AbstractConnector.java:doStart(331)) - Started ServerConnector@16b578a3{HTTP/1.1, (http/1.1)}{0.0.0.0:44427}
2022-10-25 12:15:09,794 [Listener at 127.0.0.1/33161] INFO  server.Server (Server.java:doStart(415)) - Started @8997ms
2022-10-25 12:15:09,794 [Listener at 127.0.0.1/33161] WARN  impl.MetricsSystemImpl (MetricsSystemImpl.java:register(279)) - Sink prometheus already exists!
2022-10-25 12:15:09,794 [Listener at 127.0.0.1/33161] INFO  http.BaseHttpServer (BaseHttpServer.java:updateConnectorAddress(333)) - HTTP server of hddsDatanode listening at http://0.0.0.0:44427
2022-10-25 12:15:09,796 [Listener at 127.0.0.1/33161] WARN  impl.MetricRegistriesImpl (MetricRegistriesImpl.java:addReporterRegistration(111)) - New reporters are added after registries were created. Some metrics will be missing from the reporter. Please add reporter before adding any new registry.
2022-10-25 12:15:09,796 [Listener at 127.0.0.1/33161] WARN  impl.MetricRegistriesImpl (MetricRegistriesImpl.java:addReporterRegistration(111)) - New reporters are added after registries were created. Some metrics will be missing from the reporter. Please add reporter before adding any new registry.
2022-10-25 12:15:09,796 [Listener at 127.0.0.1/33161] INFO  impl.MetricsSystemImpl (MetricsSystemImpl.java:init(158)) - HddsDatanode metrics system started (again)
2022-10-25 12:15:09,805 [Datanode State Machine Daemon Thread] INFO  statemachine.DatanodeStateMachine (DatanodeStateMachine.java:lambda$startDaemon$0(498)) - Ozone container server started.
2022-10-25 12:15:09,810 [Listener at 127.0.0.1/33161] INFO  ozone.HddsDatanodeService (HddsDatanodeService.java:start(236)) - HddsDatanodeService host:fv-az82-510.ou3itxwc2spe5nxnxxppousbrf.dx.internal.cloudapp.net ip:10.1.1.43
2022-10-25 12:15:09,810 [om1@group-C5BA1605619E-FollowerState] INFO  impl.FollowerState (FollowerState.java:run(143)) - om1@group-C5BA1605619E-FollowerState: change to CANDIDATE, lastRpcElapsedTime:1110556112ns, electionTimeout:1102ms
2022-10-25 12:15:09,812 [om1@group-C5BA1605619E-FollowerState] INFO  impl.RoleInfo (RoleInfo.java:shutdownFollowerState(110)) - om1: shutdown om1@group-C5BA1605619E-FollowerState
2022-10-25 12:15:09,821 [om1@group-C5BA1605619E-FollowerState] INFO  server.RaftServer$Division (RaftServerImpl.java:setRole(321)) - om1@group-C5BA1605619E: changes role from  FOLLOWER to CANDIDATE at term 0 for changeToCandidate
2022-10-25 12:15:09,824 [om1@group-C5BA1605619E-FollowerState] INFO  server.RaftServerConfigKeys (ConfUtils.java:logGet(46)) - raft.server.leaderelection.pre-vote = false (custom)
2022-10-25 12:15:09,824 [om1@group-C5BA1605619E-FollowerState] INFO  impl.RoleInfo (RoleInfo.java:updateAndGet(139)) - om1: start om1@group-C5BA1605619E-LeaderElection1
2022-10-25 12:15:09,826 [org.apache.hadoop.util.JvmPauseMonitor$Monitor@7f334406] INFO  util.JvmPauseMonitor (JvmPauseMonitor.java:run(188)) - Starting JVM pause monitor
2022-10-25 12:15:09,841 [om1@group-C5BA1605619E-LeaderElection1] INFO  impl.LeaderElection (LeaderElection.java:askForVotes(312)) - om1@group-C5BA1605619E-LeaderElection1 ELECTION round 0: submit vote requests at term 1 for -1: peers:[om1|rpc:localhost:9872|priority:0|startupRole:FOLLOWER]|listeners:[], old=null
2022-10-25 12:15:09,846 [om1@group-C5BA1605619E-LeaderElection1] INFO  impl.LeaderElection (LeaderElection.java:askForVotes(314)) - om1@group-C5BA1605619E-LeaderElection1 ELECTION round 0: result PASSED (term=1)
2022-10-25 12:15:09,846 [om1@group-C5BA1605619E-LeaderElection1] INFO  impl.RoleInfo (RoleInfo.java:shutdownLeaderElection(130)) - om1: shutdown om1@group-C5BA1605619E-LeaderElection1
2022-10-25 12:15:09,847 [om1@group-C5BA1605619E-LeaderElection1] INFO  server.RaftServer$Division (RaftServerImpl.java:setRole(321)) - om1@group-C5BA1605619E: changes role from CANDIDATE to LEADER at term 1 for changeToLeader
2022-10-25 12:15:09,847 [om1@group-C5BA1605619E-LeaderElection1] INFO  server.RaftServer$Division (ServerState.java:setLeader(313)) - om1@group-C5BA1605619E: change Leader from null to om1 at term 1 for becomeLeader, leader elected after 2362ms
2022-10-25 12:15:09,858 [Listener at 127.0.0.1/33161] INFO  upgrade.AbstractLayoutVersionManager (AbstractLayoutVersionManager.java:init(83)) - Initializing Layout version manager with metadata layout = DATANODE_SCHEMA_V3 (version = 4), software layout = DATANODE_SCHEMA_V3 (version = 4)
2022-10-25 12:15:09,863 [om1@group-C5BA1605619E-LeaderElection1] INFO  server.RaftServerConfigKeys (ConfUtils.java:logGet(46)) - raft.server.staging.catchup.gap = 1000 (default)
2022-10-25 12:15:09,869 [om1@group-C5BA1605619E-LeaderElection1] INFO  server.RaftServerConfigKeys (ConfUtils.java:logGet(46)) - raft.server.write.element-limit = 4096 (default)
2022-10-25 12:15:09,872 [om1@group-C5BA1605619E-LeaderElection1] INFO  server.RaftServerConfigKeys (ConfUtils.java:logGet(46)) - raft.server.write.byte-limit = 64MB (=67108864) (default)
2022-10-25 12:15:09,876 [om1@group-C5BA1605619E-LeaderElection1] INFO  server.RaftServerConfigKeys (ConfUtils.java:logGet(46)) - raft.server.watch.timeout = 10s (default)
2022-10-25 12:15:09,877 [om1@group-C5BA1605619E-LeaderElection1] INFO  server.RaftServerConfigKeys (ConfUtils.java:logGet(46)) - raft.server.watch.timeout.denomination = 1s (default)
2022-10-25 12:15:09,877 [om1@group-C5BA1605619E-LeaderElection1] INFO  server.RaftServerConfigKeys (ConfUtils.java:logGet(46)) - raft.server.watch.element-limit = 65536 (default)
2022-10-25 12:15:09,883 [om1@group-C5BA1605619E-LeaderElection1] INFO  server.RaftServerConfigKeys (ConfUtils.java:logGet(46)) - raft.server.write.element-limit = 4096 (default)
2022-10-25 12:15:09,887 [om1@group-C5BA1605619E-LeaderElection1] INFO  server.RaftServerConfigKeys (ConfUtils.java:logGet(46)) - raft.server.write.follower.gap.ratio.max = -1.0 (default)
2022-10-25 12:15:09,890 [om1@group-C5BA1605619E-LeaderElection1] INFO  impl.RoleInfo (RoleInfo.java:updateAndGet(139)) - om1: start om1@group-C5BA1605619E-LeaderStateImpl
2022-10-25 12:15:09,921 [om1@group-C5BA1605619E-LeaderElection1] INFO  segmented.SegmentedRaftLogWorker (SegmentedRaftLogWorker.java:startLogSegment(452)) - om1@group-C5BA1605619E-SegmentedRaftLogWorker: Starting segment from index:0
2022-10-25 12:15:10,022 [Listener at 127.0.0.1/33161] INFO  reflections.Reflections (Reflections.java:scan(232)) - Reflections took 163 ms to scan 7 urls, producing 137 keys and 330 values 
2022-10-25 12:15:10,026 [Listener at 127.0.0.1/33161] INFO  statemachine.DatanodeStateMachine (DatanodeStateMachine.java:getEndPointTaskThreadPoolSize(242)) - Datanode State Machine Task Thread Pool size 2
2022-10-25 12:15:10,058 [Listener at 127.0.0.1/33161] INFO  volume.HddsVolume (HddsVolume.java:<init>(117)) - Creating HddsVolume: /home/runner/work/ozone/ozone/hadoop-ozone/integration-test/target/test-dir/MiniOzoneClusterImpl-59fd4bbb-78e8-4c50-bd4e-19e5c7f0d0cd/datanode-1/data-0/containers/hdds of storage type : DISK capacity : 9223372036854775807
2022-10-25 12:15:10,058 [Listener at 127.0.0.1/33161] INFO  volume.MutableVolumeSet (MutableVolumeSet.java:initializeVolumeSet(174)) - Added Volume : /home/runner/work/ozone/ozone/hadoop-ozone/integration-test/target/test-dir/MiniOzoneClusterImpl-59fd4bbb-78e8-4c50-bd4e-19e5c7f0d0cd/datanode-1/data-0/containers/hdds to VolumeSet
2022-10-25 12:15:10,058 [Listener at 127.0.0.1/33161] INFO  volume.ThrottledAsyncChecker (ThrottledAsyncChecker.java:schedule(141)) - Scheduling a check for /home/runner/work/ozone/ozone/hadoop-ozone/integration-test/target/test-dir/MiniOzoneClusterImpl-59fd4bbb-78e8-4c50-bd4e-19e5c7f0d0cd/datanode-1/data-0/containers/hdds
2022-10-25 12:15:10,063 [om1@group-C5BA1605619E-LeaderElection1] INFO  server.RaftServer$Division (ServerState.java:setRaftConf(430)) - om1@group-C5BA1605619E: set configuration 0: peers:[om1|rpc:localhost:9872|admin:|client:|dataStream:|priority:0|startupRole:FOLLOWER]|listeners:[], old=null
2022-10-25 12:15:10,076 [Listener at 127.0.0.1/33161] INFO  volume.StorageVolumeChecker (StorageVolumeChecker.java:checkAllVolumes(202)) - Scheduled health check for volume /home/runner/work/ozone/ozone/hadoop-ozone/integration-test/target/test-dir/MiniOzoneClusterImpl-59fd4bbb-78e8-4c50-bd4e-19e5c7f0d0cd/datanode-1/data-0/containers/hdds
2022-10-25 12:15:10,106 [Listener at 127.0.0.1/33161] INFO  volume.MutableVolumeSet (MutableVolumeSet.java:initializeVolumeSet(174)) - Added Volume : /home/runner/work/ozone/ozone/hadoop-ozone/integration-test/target/test-dir/MiniOzoneClusterImpl-59fd4bbb-78e8-4c50-bd4e-19e5c7f0d0cd/datanode-1/data/ratis to VolumeSet
2022-10-25 12:15:10,106 [Listener at 127.0.0.1/33161] INFO  volume.ThrottledAsyncChecker (ThrottledAsyncChecker.java:schedule(141)) - Scheduling a check for /home/runner/work/ozone/ozone/hadoop-ozone/integration-test/target/test-dir/MiniOzoneClusterImpl-59fd4bbb-78e8-4c50-bd4e-19e5c7f0d0cd/datanode-1/data/ratis
2022-10-25 12:15:10,107 [Listener at 127.0.0.1/33161] INFO  volume.StorageVolumeChecker (StorageVolumeChecker.java:checkAllVolumes(202)) - Scheduled health check for volume /home/runner/work/ozone/ozone/hadoop-ozone/integration-test/target/test-dir/MiniOzoneClusterImpl-59fd4bbb-78e8-4c50-bd4e-19e5c7f0d0cd/datanode-1/data/ratis
2022-10-25 12:15:10,120 [Datanode State Machine Task Thread - 0] INFO  datanode.InitDatanodeState (InitDatanodeState.java:persistContainerDatanodeDetails(138)) - DatanodeDetails is persisted to /home/runner/work/ozone/ozone/hadoop-ozone/integration-test/target/test-dir/MiniOzoneClusterImpl-59fd4bbb-78e8-4c50-bd4e-19e5c7f0d0cd/datanode-0/meta/datanode.id
2022-10-25 12:15:10,141 [Thread-151] INFO  ozoneimpl.ContainerReader (ContainerReader.java:readVolume(175)) - Finish verifying containers on volume /home/runner/work/ozone/ozone/hadoop-ozone/integration-test/target/test-dir/MiniOzoneClusterImpl-59fd4bbb-78e8-4c50-bd4e-19e5c7f0d0cd/datanode-1/data-0/containers/hdds
2022-10-25 12:15:10,142 [Listener at 127.0.0.1/33161] INFO  ozoneimpl.OzoneContainer (OzoneContainer.java:buildContainerSet(300)) - Build ContainerSet costs 0s
2022-10-25 12:15:10,146 [Listener at 127.0.0.1/33161] INFO  server.RaftServer (ConfUtils.java:logGet(46)) - raft.rpc.type = GRPC (default)
2022-10-25 12:15:10,146 [Listener at 127.0.0.1/33161] INFO  grpc.GrpcConfigKeys (ConfUtils.java:logFallback(53)) - raft.grpc.admin.host = null (fallback to raft.grpc.server.host)
2022-10-25 12:15:10,147 [Listener at 127.0.0.1/33161] INFO  grpc.GrpcConfigKeys (ConfUtils.java:logGet(46)) - raft.grpc.admin.port = 0 (custom)
2022-10-25 12:15:10,147 [Listener at 127.0.0.1/33161] INFO  grpc.GrpcConfigKeys (ConfUtils.java:logFallback(53)) - raft.grpc.client.host = null (fallback to raft.grpc.server.host)
2022-10-25 12:15:10,147 [Listener at 127.0.0.1/33161] INFO  grpc.GrpcConfigKeys (ConfUtils.java:logGet(46)) - raft.grpc.client.port = 0 (custom)
2022-10-25 12:15:10,147 [Listener at 127.0.0.1/33161] INFO  grpc.GrpcConfigKeys (ConfUtils.java:logGet(46)) - raft.grpc.server.host = null (default)
2022-10-25 12:15:10,148 [Listener at 127.0.0.1/33161] INFO  grpc.GrpcConfigKeys (ConfUtils.java:logGet(46)) - raft.grpc.server.port = 0 (default)
2022-10-25 12:15:10,148 [Listener at 127.0.0.1/33161] INFO  server.GrpcService (ConfUtils.java:logGet(46)) - raft.grpc.message.size.max = 32MB (=33554432) (custom)
2022-10-25 12:15:10,148 [Listener at 127.0.0.1/33161] INFO  server.RaftServerConfigKeys (ConfUtils.java:logGet(46)) - raft.server.log.appender.buffer.byte-limit = 33554432 (custom)
2022-10-25 12:15:10,149 [Listener at 127.0.0.1/33161] INFO  server.GrpcService (ConfUtils.java:logGet(46)) - raft.grpc.flow.control.window = 5MB (=5242880) (custom)
2022-10-25 12:15:10,149 [Listener at 127.0.0.1/33161] INFO  server.RaftServerConfigKeys (ConfUtils.java:logGet(46)) - raft.server.rpc.request.timeout = 60s (custom)
2022-10-25 12:15:10,149 [Listener at 127.0.0.1/33161] INFO  grpc.GrpcConfigKeys (ConfUtils.java:logGet(46)) - raft.grpc.server.heartbeat.channel = true (default)
2022-10-25 12:15:10,149 [Listener at 127.0.0.1/33161] INFO  grpc.GrpcConfigKeys (ConfUtils.java:logGet(46)) - raft.grpc.server.async.request.thread.pool.cached = true (default)
2022-10-25 12:15:10,149 [Listener at 127.0.0.1/33161] INFO  grpc.GrpcConfigKeys (ConfUtils.java:logGet(46)) - raft.grpc.server.async.request.thread.pool.size = 32 (default)
2022-10-25 12:15:10,151 [Listener at 127.0.0.1/33161] INFO  impl.DataStreamServerImpl (ConfUtils.java:logGet(46)) - raft.datastream.type = DISABLED (default)
2022-10-25 12:15:10,151 [Listener at 127.0.0.1/33161] INFO  server.RaftServerConfigKeys (ConfUtils.java:logGet(46)) - raft.server.threadpool.proxy.cached = true (default)
2022-10-25 12:15:10,152 [Listener at 127.0.0.1/33161] INFO  server.RaftServerConfigKeys (ConfUtils.java:logGet(46)) - raft.server.threadpool.proxy.size = 0 (default)
2022-10-25 12:15:10,152 [Listener at 127.0.0.1/33161] INFO  server.RaftServerConfigKeys (ConfUtils.java:logGet(46)) - raft.server.rpc.slowness.timeout = 300s (custom)
2022-10-25 12:15:10,152 [Listener at 127.0.0.1/33161] INFO  server.RaftServerConfigKeys (ConfUtils.java:logGet(46)) - raft.server.leaderelection.leader.step-down.wait-time = 10s (default)
2022-10-25 12:15:10,152 [Listener at 127.0.0.1/33161] INFO  server.RaftServerConfigKeys (ConfUtils.java:logGet(46)) - raft.server.storage.dir = [/home/runner/work/ozone/ozone/hadoop-ozone/integration-test/target/test-dir/MiniOzoneClusterImpl-59fd4bbb-78e8-4c50-bd4e-19e5c7f0d0cd/datanode-1/data/ratis] (custom)
2022-10-25 12:15:10,162 [Listener at 127.0.0.1/33161] INFO  server.XceiverServerGrpc (XceiverServerGrpc.java:<init>(132)) - GrpcServer channel type EpollServerSocketChannel
2022-10-25 12:15:10,164 [om1@group-C5BA1605619E-SegmentedRaftLogWorker] INFO  segmented.SegmentedRaftLogWorker (SegmentedRaftLogWorker.java:execute(656)) - om1@group-C5BA1605619E-SegmentedRaftLogWorker: created new log segment /home/runner/work/ozone/ozone/hadoop-ozone/integration-test/target/test-dir/MiniOzoneClusterImpl-59fd4bbb-78e8-4c50-bd4e-19e5c7f0d0cd/ozone-meta/ratis/bf265839-605b-3f16-9796-c5ba1605619e/current/log_inprogress_0
2022-10-25 12:15:10,170 [Listener at 127.0.0.1/33161] INFO  http.BaseHttpServer (BaseHttpServer.java:newHttpServer2BuilderForOzone(213)) - Starting Web-server for hddsDatanode at: http://0.0.0.0:0
2022-10-25 12:15:10,171 [Listener at 127.0.0.1/33161] INFO  http.BaseHttpServer (BaseHttpServer.java:<init>(108)) - Hadoop Security Enabled: false Ozone Security Enabled: false Ozone HTTP Security Enabled: false 
2022-10-25 12:15:10,172 [Listener at 127.0.0.1/33161] WARN  server.AuthenticationFilter (AuthenticationFilter.java:constructSecretProvider(240)) - Unable to initialize FileSignerSecretProvider, falling back to use random secrets. Reason: Could not read signature secret file: /home/runner/hadoop-http-auth-signature-secret
2022-10-25 12:15:10,173 [Listener at 127.0.0.1/33161] WARN  http.HttpRequestLog (HttpRequestLog.java:getRequestLog(103)) - Jetty request log can only be enabled using Log4j
2022-10-25 12:15:10,174 [Listener at 127.0.0.1/33161] INFO  http.HttpServer2 (HttpServer2.java:addGlobalFilter(1031)) - Added global filter 'safety' (class=org.apache.hadoop.hdds.server.http.HttpServer2$QuotingInputFilter)
2022-10-25 12:15:10,175 [Listener at 127.0.0.1/33161] INFO  http.HttpServer2 (HttpServer2.java:addFilter(1007)) - Added filter static_user_filter (class=org.apache.hadoop.http.lib.StaticUserWebFilter$StaticUserFilter) to context hddsDatanode
2022-10-25 12:15:10,175 [Listener at 127.0.0.1/33161] INFO  http.HttpServer2 (HttpServer2.java:addFilter(1015)) - Added filter static_user_filter (class=org.apache.hadoop.http.lib.StaticUserWebFilter$StaticUserFilter) to context static
2022-10-25 12:15:10,176 [Listener at 127.0.0.1/33161] INFO  http.HttpServer2 (HttpServer2.java:addFilter(1015)) - Added filter static_user_filter (class=org.apache.hadoop.http.lib.StaticUserWebFilter$StaticUserFilter) to context logs
2022-10-25 12:15:10,176 [Listener at 127.0.0.1/33161] INFO  http.HttpServer2 (HttpServer2.java:bindListener(1250)) - Jetty bound to port 43335
2022-10-25 12:15:10,177 [Listener at 127.0.0.1/33161] INFO  server.Server (Server.java:doStart(375)) - jetty-9.4.43.v20210629; built: 2021-06-30T11:07:22.254Z; git: 526006ecfa3af7f1a27ef3a288e2bef7ea9dd7e8; jvm 1.8.0_345-b01
2022-10-25 12:15:10,238 [Listener at 127.0.0.1/33161] INFO  server.session (DefaultSessionIdManager.java:doStart(334)) - DefaultSessionIdManager workerName=node0
2022-10-25 12:15:10,238 [Listener at 127.0.0.1/33161] INFO  server.session (DefaultSessionIdManager.java:doStart(339)) - No SessionScavenger set, using defaults
2022-10-25 12:15:10,239 [Listener at 127.0.0.1/33161] INFO  server.session (HouseKeeper.java:startScavenging(132)) - node0 Scavenging every 660000ms
2022-10-25 12:15:10,240 [Listener at 127.0.0.1/33161] INFO  handler.ContextHandler (ContextHandler.java:doStart(915)) - Started o.e.j.s.ServletContextHandler@4b0b4083{logs,/logs,file:///home/runner/work/ozone/ozone/hadoop-ozone/integration-test/target/log,AVAILABLE}
2022-10-25 12:15:10,240 [Listener at 127.0.0.1/33161] INFO  handler.ContextHandler (ContextHandler.java:doStart(915)) - Started o.e.j.s.ServletContextHandler@45e0589{static,/static,jar:file:/home/runner/.m2/repository/org/apache/ozone/hdds-container-service/1.3.0-SNAPSHOT/hdds-container-service-1.3.0-SNAPSHOT.jar!/webapps/static,AVAILABLE}
2022-10-25 12:15:10,307 [om1@group-C5BA1605619E-StateMachineUpdater] INFO  ratis.OzoneManagerStateMachine (OzoneManagerStateMachine.java:notifyConfigurationChanged(192)) - Received Configuration change notification from Ratis. New Peer list:
[id: "om1"
address: "localhost:9872"
startupRole: FOLLOWER
]
2022-10-25 12:15:10,464 [Listener at 127.0.0.1/33161] INFO  handler.ContextHandler (ContextHandler.java:doStart(915)) - Started o.e.j.w.WebAppContext@53d917df{hddsDatanode,/,file:///tmp/jetty-0_0_0_0-43335-hdds-container-service-1_3_0-SNAPSHOT_jar-_-any-2381689087165635130/webapp/,AVAILABLE}{jar:file:/home/runner/.m2/repository/org/apache/ozone/hdds-container-service/1.3.0-SNAPSHOT/hdds-container-service-1.3.0-SNAPSHOT.jar!/webapps/hddsDatanode}
2022-10-25 12:15:10,466 [Listener at 127.0.0.1/33161] INFO  server.AbstractConnector (AbstractConnector.java:doStart(331)) - Started ServerConnector@4a126898{HTTP/1.1, (http/1.1)}{0.0.0.0:43335}
2022-10-25 12:15:10,466 [Listener at 127.0.0.1/33161] INFO  server.Server (Server.java:doStart(415)) - Started @9670ms
2022-10-25 12:15:10,467 [Listener at 127.0.0.1/33161] WARN  impl.MetricsSystemImpl (MetricsSystemImpl.java:register(279)) - Sink prometheus already exists!
2022-10-25 12:15:10,467 [Listener at 127.0.0.1/33161] INFO  http.BaseHttpServer (BaseHttpServer.java:updateConnectorAddress(333)) - HTTP server of hddsDatanode listening at http://0.0.0.0:43335
2022-10-25 12:15:10,468 [Listener at 127.0.0.1/33161] WARN  impl.MetricRegistriesImpl (MetricRegistriesImpl.java:addReporterRegistration(111)) - New reporters are added after registries were created. Some metrics will be missing from the reporter. Please add reporter before adding any new registry.
2022-10-25 12:15:10,468 [Listener at 127.0.0.1/33161] WARN  impl.MetricRegistriesImpl (MetricRegistriesImpl.java:addReporterRegistration(111)) - New reporters are added after registries were created. Some metrics will be missing from the reporter. Please add reporter before adding any new registry.
2022-10-25 12:15:10,468 [Listener at 127.0.0.1/33161] INFO  impl.MetricsSystemImpl (MetricsSystemImpl.java:init(158)) - HddsDatanode metrics system started (again)
2022-10-25 12:15:10,480 [Datanode State Machine Daemon Thread] INFO  statemachine.DatanodeStateMachine (DatanodeStateMachine.java:lambda$startDaemon$0(498)) - Ozone container server started.
2022-10-25 12:15:10,497 [org.apache.hadoop.util.JvmPauseMonitor$Monitor@7de1898a] INFO  util.JvmPauseMonitor (JvmPauseMonitor.java:run(188)) - Starting JVM pause monitor
2022-10-25 12:15:10,498 [Listener at 127.0.0.1/33161] INFO  ozone.HddsDatanodeService (HddsDatanodeService.java:start(236)) - HddsDatanodeService host:fv-az82-510.ou3itxwc2spe5nxnxxppousbrf.dx.internal.cloudapp.net ip:10.1.1.43
2022-10-25 12:15:10,527 [Datanode State Machine Task Thread - 0] INFO  datanode.InitDatanodeState (InitDatanodeState.java:persistContainerDatanodeDetails(138)) - DatanodeDetails is persisted to /home/runner/work/ozone/ozone/hadoop-ozone/integration-test/target/test-dir/MiniOzoneClusterImpl-59fd4bbb-78e8-4c50-bd4e-19e5c7f0d0cd/datanode-1/meta/datanode.id
2022-10-25 12:15:10,543 [Listener at 127.0.0.1/33161] INFO  upgrade.AbstractLayoutVersionManager (AbstractLayoutVersionManager.java:init(83)) - Initializing Layout version manager with metadata layout = DATANODE_SCHEMA_V3 (version = 4), software layout = DATANODE_SCHEMA_V3 (version = 4)
2022-10-25 12:15:10,600 [Listener at 127.0.0.1/33161] INFO  reflections.Reflections (Reflections.java:scan(232)) - Reflections took 54 ms to scan 7 urls, producing 137 keys and 330 values 
2022-10-25 12:15:10,603 [Listener at 127.0.0.1/33161] INFO  statemachine.DatanodeStateMachine (DatanodeStateMachine.java:getEndPointTaskThreadPoolSize(242)) - Datanode State Machine Task Thread Pool size 2
2022-10-25 12:15:10,607 [Listener at 127.0.0.1/33161] INFO  volume.HddsVolume (HddsVolume.java:<init>(117)) - Creating HddsVolume: /home/runner/work/ozone/ozone/hadoop-ozone/integration-test/target/test-dir/MiniOzoneClusterImpl-59fd4bbb-78e8-4c50-bd4e-19e5c7f0d0cd/datanode-2/data-0/containers/hdds of storage type : DISK capacity : 9223372036854775807
2022-10-25 12:15:10,607 [Listener at 127.0.0.1/33161] INFO  volume.MutableVolumeSet (MutableVolumeSet.java:initializeVolumeSet(174)) - Added Volume : /home/runner/work/ozone/ozone/hadoop-ozone/integration-test/target/test-dir/MiniOzoneClusterImpl-59fd4bbb-78e8-4c50-bd4e-19e5c7f0d0cd/datanode-2/data-0/containers/hdds to VolumeSet
2022-10-25 12:15:10,607 [Listener at 127.0.0.1/33161] INFO  volume.ThrottledAsyncChecker (ThrottledAsyncChecker.java:schedule(141)) - Scheduling a check for /home/runner/work/ozone/ozone/hadoop-ozone/integration-test/target/test-dir/MiniOzoneClusterImpl-59fd4bbb-78e8-4c50-bd4e-19e5c7f0d0cd/datanode-2/data-0/containers/hdds
2022-10-25 12:15:10,613 [Listener at 127.0.0.1/33161] INFO  volume.StorageVolumeChecker (StorageVolumeChecker.java:checkAllVolumes(202)) - Scheduled health check for volume /home/runner/work/ozone/ozone/hadoop-ozone/integration-test/target/test-dir/MiniOzoneClusterImpl-59fd4bbb-78e8-4c50-bd4e-19e5c7f0d0cd/datanode-2/data-0/containers/hdds
2022-10-25 12:15:10,627 [Listener at 127.0.0.1/33161] INFO  volume.MutableVolumeSet (MutableVolumeSet.java:initializeVolumeSet(174)) - Added Volume : /home/runner/work/ozone/ozone/hadoop-ozone/integration-test/target/test-dir/MiniOzoneClusterImpl-59fd4bbb-78e8-4c50-bd4e-19e5c7f0d0cd/datanode-2/data/ratis to VolumeSet
2022-10-25 12:15:10,628 [Listener at 127.0.0.1/33161] INFO  volume.ThrottledAsyncChecker (ThrottledAsyncChecker.java:schedule(141)) - Scheduling a check for /home/runner/work/ozone/ozone/hadoop-ozone/integration-test/target/test-dir/MiniOzoneClusterImpl-59fd4bbb-78e8-4c50-bd4e-19e5c7f0d0cd/datanode-2/data/ratis
2022-10-25 12:15:10,628 [Listener at 127.0.0.1/33161] INFO  volume.StorageVolumeChecker (StorageVolumeChecker.java:checkAllVolumes(202)) - Scheduled health check for volume /home/runner/work/ozone/ozone/hadoop-ozone/integration-test/target/test-dir/MiniOzoneClusterImpl-59fd4bbb-78e8-4c50-bd4e-19e5c7f0d0cd/datanode-2/data/ratis
2022-10-25 12:15:10,640 [Thread-164] INFO  ozoneimpl.ContainerReader (ContainerReader.java:readVolume(175)) - Finish verifying containers on volume /home/runner/work/ozone/ozone/hadoop-ozone/integration-test/target/test-dir/MiniOzoneClusterImpl-59fd4bbb-78e8-4c50-bd4e-19e5c7f0d0cd/datanode-2/data-0/containers/hdds
2022-10-25 12:15:10,640 [Listener at 127.0.0.1/33161] INFO  ozoneimpl.OzoneContainer (OzoneContainer.java:buildContainerSet(300)) - Build ContainerSet costs 0s
2022-10-25 12:15:10,644 [Listener at 127.0.0.1/33161] INFO  server.RaftServer (ConfUtils.java:logGet(46)) - raft.rpc.type = GRPC (default)
2022-10-25 12:15:10,644 [Listener at 127.0.0.1/33161] INFO  grpc.GrpcConfigKeys (ConfUtils.java:logFallback(53)) - raft.grpc.admin.host = null (fallback to raft.grpc.server.host)
2022-10-25 12:15:10,644 [Listener at 127.0.0.1/33161] INFO  grpc.GrpcConfigKeys (ConfUtils.java:logGet(46)) - raft.grpc.admin.port = 0 (custom)
2022-10-25 12:15:10,645 [Listener at 127.0.0.1/33161] INFO  grpc.GrpcConfigKeys (ConfUtils.java:logFallback(53)) - raft.grpc.client.host = null (fallback to raft.grpc.server.host)
2022-10-25 12:15:10,645 [Listener at 127.0.0.1/33161] INFO  grpc.GrpcConfigKeys (ConfUtils.java:logGet(46)) - raft.grpc.client.port = 0 (custom)
2022-10-25 12:15:10,645 [Listener at 127.0.0.1/33161] INFO  grpc.GrpcConfigKeys (ConfUtils.java:logGet(46)) - raft.grpc.server.host = null (default)
2022-10-25 12:15:10,646 [Listener at 127.0.0.1/33161] INFO  grpc.GrpcConfigKeys (ConfUtils.java:logGet(46)) - raft.grpc.server.port = 0 (default)
2022-10-25 12:15:10,646 [Listener at 127.0.0.1/33161] INFO  server.GrpcService (ConfUtils.java:logGet(46)) - raft.grpc.message.size.max = 32MB (=33554432) (custom)
2022-10-25 12:15:10,646 [Listener at 127.0.0.1/33161] INFO  server.RaftServerConfigKeys (ConfUtils.java:logGet(46)) - raft.server.log.appender.buffer.byte-limit = 33554432 (custom)
2022-10-25 12:15:10,649 [Listener at 127.0.0.1/33161] INFO  server.GrpcService (ConfUtils.java:logGet(46)) - raft.grpc.flow.control.window = 5MB (=5242880) (custom)
2022-10-25 12:15:10,649 [Listener at 127.0.0.1/33161] INFO  server.RaftServerConfigKeys (ConfUtils.java:logGet(46)) - raft.server.rpc.request.timeout = 60s (custom)
2022-10-25 12:15:10,649 [Listener at 127.0.0.1/33161] INFO  grpc.GrpcConfigKeys (ConfUtils.java:logGet(46)) - raft.grpc.server.heartbeat.channel = true (default)
2022-10-25 12:15:10,649 [Listener at 127.0.0.1/33161] INFO  grpc.GrpcConfigKeys (ConfUtils.java:logGet(46)) - raft.grpc.server.async.request.thread.pool.cached = true (default)
2022-10-25 12:15:10,650 [Listener at 127.0.0.1/33161] INFO  grpc.GrpcConfigKeys (ConfUtils.java:logGet(46)) - raft.grpc.server.async.request.thread.pool.size = 32 (default)
2022-10-25 12:15:10,651 [Listener at 127.0.0.1/33161] INFO  impl.DataStreamServerImpl (ConfUtils.java:logGet(46)) - raft.datastream.type = DISABLED (default)
2022-10-25 12:15:10,651 [Listener at 127.0.0.1/33161] INFO  server.RaftServerConfigKeys (ConfUtils.java:logGet(46)) - raft.server.threadpool.proxy.cached = true (default)
2022-10-25 12:15:10,651 [Listener at 127.0.0.1/33161] INFO  server.RaftServerConfigKeys (ConfUtils.java:logGet(46)) - raft.server.threadpool.proxy.size = 0 (default)
2022-10-25 12:15:10,651 [Listener at 127.0.0.1/33161] INFO  server.RaftServerConfigKeys (ConfUtils.java:logGet(46)) - raft.server.rpc.slowness.timeout = 300s (custom)
2022-10-25 12:15:10,652 [Listener at 127.0.0.1/33161] INFO  server.RaftServerConfigKeys (ConfUtils.java:logGet(46)) - raft.server.leaderelection.leader.step-down.wait-time = 10s (default)
2022-10-25 12:15:10,652 [Listener at 127.0.0.1/33161] INFO  server.RaftServerConfigKeys (ConfUtils.java:logGet(46)) - raft.server.storage.dir = [/home/runner/work/ozone/ozone/hadoop-ozone/integration-test/target/test-dir/MiniOzoneClusterImpl-59fd4bbb-78e8-4c50-bd4e-19e5c7f0d0cd/datanode-2/data/ratis] (custom)
2022-10-25 12:15:10,654 [Listener at 127.0.0.1/33161] INFO  server.XceiverServerGrpc (XceiverServerGrpc.java:<init>(132)) - GrpcServer channel type EpollServerSocketChannel
2022-10-25 12:15:10,658 [Listener at 127.0.0.1/33161] INFO  http.BaseHttpServer (BaseHttpServer.java:newHttpServer2BuilderForOzone(213)) - Starting Web-server for hddsDatanode at: http://0.0.0.0:0
2022-10-25 12:15:10,658 [Listener at 127.0.0.1/33161] INFO  http.BaseHttpServer (BaseHttpServer.java:<init>(108)) - Hadoop Security Enabled: false Ozone Security Enabled: false Ozone HTTP Security Enabled: false 
2022-10-25 12:15:10,660 [Listener at 127.0.0.1/33161] WARN  server.AuthenticationFilter (AuthenticationFilter.java:constructSecretProvider(240)) - Unable to initialize FileSignerSecretProvider, falling back to use random secrets. Reason: Could not read signature secret file: /home/runner/hadoop-http-auth-signature-secret
2022-10-25 12:15:10,663 [Listener at 127.0.0.1/33161] WARN  http.HttpRequestLog (HttpRequestLog.java:getRequestLog(103)) - Jetty request log can only be enabled using Log4j
2022-10-25 12:15:10,668 [Listener at 127.0.0.1/33161] INFO  http.HttpServer2 (HttpServer2.java:addGlobalFilter(1031)) - Added global filter 'safety' (class=org.apache.hadoop.hdds.server.http.HttpServer2$QuotingInputFilter)
2022-10-25 12:15:10,669 [Listener at 127.0.0.1/33161] INFO  http.HttpServer2 (HttpServer2.java:addFilter(1007)) - Added filter static_user_filter (class=org.apache.hadoop.http.lib.StaticUserWebFilter$StaticUserFilter) to context hddsDatanode
2022-10-25 12:15:10,669 [Listener at 127.0.0.1/33161] INFO  http.HttpServer2 (HttpServer2.java:addFilter(1015)) - Added filter static_user_filter (class=org.apache.hadoop.http.lib.StaticUserWebFilter$StaticUserFilter) to context static
2022-10-25 12:15:10,669 [Listener at 127.0.0.1/33161] INFO  http.HttpServer2 (HttpServer2.java:addFilter(1015)) - Added filter static_user_filter (class=org.apache.hadoop.http.lib.StaticUserWebFilter$StaticUserFilter) to context logs
2022-10-25 12:15:10,670 [Listener at 127.0.0.1/33161] INFO  http.HttpServer2 (HttpServer2.java:bindListener(1250)) - Jetty bound to port 36243
2022-10-25 12:15:10,670 [Listener at 127.0.0.1/33161] INFO  server.Server (Server.java:doStart(375)) - jetty-9.4.43.v20210629; built: 2021-06-30T11:07:22.254Z; git: 526006ecfa3af7f1a27ef3a288e2bef7ea9dd7e8; jvm 1.8.0_345-b01
2022-10-25 12:15:10,672 [Listener at 127.0.0.1/33161] INFO  server.session (DefaultSessionIdManager.java:doStart(334)) - DefaultSessionIdManager workerName=node0
2022-10-25 12:15:10,672 [Listener at 127.0.0.1/33161] INFO  server.session (DefaultSessionIdManager.java:doStart(339)) - No SessionScavenger set, using defaults
2022-10-25 12:15:10,673 [Listener at 127.0.0.1/33161] INFO  server.session (HouseKeeper.java:startScavenging(132)) - node0 Scavenging every 660000ms
2022-10-25 12:15:10,674 [Listener at 127.0.0.1/33161] INFO  handler.ContextHandler (ContextHandler.java:doStart(915)) - Started o.e.j.s.ServletContextHandler@7f3f5a67{logs,/logs,file:///home/runner/work/ozone/ozone/hadoop-ozone/integration-test/target/log,AVAILABLE}
2022-10-25 12:15:10,674 [Listener at 127.0.0.1/33161] INFO  handler.ContextHandler (ContextHandler.java:doStart(915)) - Started o.e.j.s.ServletContextHandler@1007897{static,/static,jar:file:/home/runner/.m2/repository/org/apache/ozone/hdds-container-service/1.3.0-SNAPSHOT/hdds-container-service-1.3.0-SNAPSHOT.jar!/webapps/static,AVAILABLE}
2022-10-25 12:15:10,857 [Listener at 127.0.0.1/33161] INFO  handler.ContextHandler (ContextHandler.java:doStart(915)) - Started o.e.j.w.WebAppContext@53106235{hddsDatanode,/,file:///tmp/jetty-0_0_0_0-36243-hdds-container-service-1_3_0-SNAPSHOT_jar-_-any-5068234773246270059/webapp/,AVAILABLE}{jar:file:/home/runner/.m2/repository/org/apache/ozone/hdds-container-service/1.3.0-SNAPSHOT/hdds-container-service-1.3.0-SNAPSHOT.jar!/webapps/hddsDatanode}
2022-10-25 12:15:10,858 [Listener at 127.0.0.1/33161] INFO  server.AbstractConnector (AbstractConnector.java:doStart(331)) - Started ServerConnector@3e828eb6{HTTP/1.1, (http/1.1)}{0.0.0.0:36243}
2022-10-25 12:15:10,859 [Listener at 127.0.0.1/33161] INFO  server.Server (Server.java:doStart(415)) - Started @10062ms
2022-10-25 12:15:10,859 [Listener at 127.0.0.1/33161] WARN  impl.MetricsSystemImpl (MetricsSystemImpl.java:register(279)) - Sink prometheus already exists!
2022-10-25 12:15:10,859 [Listener at 127.0.0.1/33161] INFO  http.BaseHttpServer (BaseHttpServer.java:updateConnectorAddress(333)) - HTTP server of hddsDatanode listening at http://0.0.0.0:36243
2022-10-25 12:15:10,860 [Datanode State Machine Daemon Thread] INFO  statemachine.DatanodeStateMachine (DatanodeStateMachine.java:lambda$startDaemon$0(498)) - Ozone container server started.
2022-10-25 12:15:10,860 [Listener at 127.0.0.1/33161] WARN  impl.MetricRegistriesImpl (MetricRegistriesImpl.java:addReporterRegistration(111)) - New reporters are added after registries were created. Some metrics will be missing from the reporter. Please add reporter before adding any new registry.
2022-10-25 12:15:10,861 [Listener at 127.0.0.1/33161] WARN  impl.MetricRegistriesImpl (MetricRegistriesImpl.java:addReporterRegistration(111)) - New reporters are added after registries were created. Some metrics will be missing from the reporter. Please add reporter before adding any new registry.
2022-10-25 12:15:10,861 [Listener at 127.0.0.1/33161] INFO  impl.MetricsSystemImpl (MetricsSystemImpl.java:init(158)) - HddsDatanode metrics system started (again)
2022-10-25 12:15:10,877 [org.apache.hadoop.util.JvmPauseMonitor$Monitor@35053703] INFO  util.JvmPauseMonitor (JvmPauseMonitor.java:run(188)) - Starting JVM pause monitor
2022-10-25 12:15:10,883 [Datanode State Machine Task Thread - 0] INFO  datanode.InitDatanodeState (InitDatanodeState.java:persistContainerDatanodeDetails(138)) - DatanodeDetails is persisted to /home/runner/work/ozone/ozone/hadoop-ozone/integration-test/target/test-dir/MiniOzoneClusterImpl-59fd4bbb-78e8-4c50-bd4e-19e5c7f0d0cd/datanode-2/meta/datanode.id
2022-10-25 12:15:10,885 [Listener at 127.0.0.1/33161] INFO  ozone.HddsDatanodeService (HddsDatanodeService.java:start(236)) - HddsDatanodeService host:fv-az82-510.ou3itxwc2spe5nxnxxppousbrf.dx.internal.cloudapp.net ip:10.1.1.43
2022-10-25 12:15:10,920 [Listener at 127.0.0.1/33161] INFO  upgrade.AbstractLayoutVersionManager (AbstractLayoutVersionManager.java:init(83)) - Initializing Layout version manager with metadata layout = DATANODE_SCHEMA_V3 (version = 4), software layout = DATANODE_SCHEMA_V3 (version = 4)
2022-10-25 12:15:10,969 [Listener at 127.0.0.1/33161] INFO  reflections.Reflections (Reflections.java:scan(232)) - Reflections took 48 ms to scan 7 urls, producing 137 keys and 330 values 
2022-10-25 12:15:10,970 [Listener at 127.0.0.1/33161] INFO  statemachine.DatanodeStateMachine (DatanodeStateMachine.java:getEndPointTaskThreadPoolSize(242)) - Datanode State Machine Task Thread Pool size 2
2022-10-25 12:15:10,973 [Listener at 127.0.0.1/33161] INFO  volume.HddsVolume (HddsVolume.java:<init>(117)) - Creating HddsVolume: /home/runner/work/ozone/ozone/hadoop-ozone/integration-test/target/test-dir/MiniOzoneClusterImpl-59fd4bbb-78e8-4c50-bd4e-19e5c7f0d0cd/datanode-3/data-0/containers/hdds of storage type : DISK capacity : 9223372036854775807
2022-10-25 12:15:10,973 [Listener at 127.0.0.1/33161] INFO  volume.MutableVolumeSet (MutableVolumeSet.java:initializeVolumeSet(174)) - Added Volume : /home/runner/work/ozone/ozone/hadoop-ozone/integration-test/target/test-dir/MiniOzoneClusterImpl-59fd4bbb-78e8-4c50-bd4e-19e5c7f0d0cd/datanode-3/data-0/containers/hdds to VolumeSet
2022-10-25 12:15:10,973 [Listener at 127.0.0.1/33161] INFO  volume.ThrottledAsyncChecker (ThrottledAsyncChecker.java:schedule(141)) - Scheduling a check for /home/runner/work/ozone/ozone/hadoop-ozone/integration-test/target/test-dir/MiniOzoneClusterImpl-59fd4bbb-78e8-4c50-bd4e-19e5c7f0d0cd/datanode-3/data-0/containers/hdds
2022-10-25 12:15:10,974 [Listener at 127.0.0.1/33161] INFO  volume.StorageVolumeChecker (StorageVolumeChecker.java:checkAllVolumes(202)) - Scheduled health check for volume /home/runner/work/ozone/ozone/hadoop-ozone/integration-test/target/test-dir/MiniOzoneClusterImpl-59fd4bbb-78e8-4c50-bd4e-19e5c7f0d0cd/datanode-3/data-0/containers/hdds
2022-10-25 12:15:10,986 [Listener at 127.0.0.1/33161] INFO  volume.MutableVolumeSet (MutableVolumeSet.java:initializeVolumeSet(174)) - Added Volume : /home/runner/work/ozone/ozone/hadoop-ozone/integration-test/target/test-dir/MiniOzoneClusterImpl-59fd4bbb-78e8-4c50-bd4e-19e5c7f0d0cd/datanode-3/data/ratis to VolumeSet
2022-10-25 12:15:10,986 [Listener at 127.0.0.1/33161] INFO  volume.ThrottledAsyncChecker (ThrottledAsyncChecker.java:schedule(141)) - Scheduling a check for /home/runner/work/ozone/ozone/hadoop-ozone/integration-test/target/test-dir/MiniOzoneClusterImpl-59fd4bbb-78e8-4c50-bd4e-19e5c7f0d0cd/datanode-3/data/ratis
2022-10-25 12:15:10,986 [Listener at 127.0.0.1/33161] INFO  volume.StorageVolumeChecker (StorageVolumeChecker.java:checkAllVolumes(202)) - Scheduled health check for volume /home/runner/work/ozone/ozone/hadoop-ozone/integration-test/target/test-dir/MiniOzoneClusterImpl-59fd4bbb-78e8-4c50-bd4e-19e5c7f0d0cd/datanode-3/data/ratis
2022-10-25 12:15:10,997 [Thread-177] INFO  ozoneimpl.ContainerReader (ContainerReader.java:readVolume(175)) - Finish verifying containers on volume /home/runner/work/ozone/ozone/hadoop-ozone/integration-test/target/test-dir/MiniOzoneClusterImpl-59fd4bbb-78e8-4c50-bd4e-19e5c7f0d0cd/datanode-3/data-0/containers/hdds
2022-10-25 12:15:10,998 [Listener at 127.0.0.1/33161] INFO  ozoneimpl.OzoneContainer (OzoneContainer.java:buildContainerSet(300)) - Build ContainerSet costs 0s
2022-10-25 12:15:11,001 [Listener at 127.0.0.1/33161] INFO  server.RaftServer (ConfUtils.java:logGet(46)) - raft.rpc.type = GRPC (default)
2022-10-25 12:15:11,001 [Listener at 127.0.0.1/33161] INFO  grpc.GrpcConfigKeys (ConfUtils.java:logFallback(53)) - raft.grpc.admin.host = null (fallback to raft.grpc.server.host)
2022-10-25 12:15:11,001 [Listener at 127.0.0.1/33161] INFO  grpc.GrpcConfigKeys (ConfUtils.java:logGet(46)) - raft.grpc.admin.port = 0 (custom)
2022-10-25 12:15:11,001 [Listener at 127.0.0.1/33161] INFO  grpc.GrpcConfigKeys (ConfUtils.java:logFallback(53)) - raft.grpc.client.host = null (fallback to raft.grpc.server.host)
2022-10-25 12:15:11,001 [Listener at 127.0.0.1/33161] INFO  grpc.GrpcConfigKeys (ConfUtils.java:logGet(46)) - raft.grpc.client.port = 0 (custom)
2022-10-25 12:15:11,002 [Listener at 127.0.0.1/33161] INFO  grpc.GrpcConfigKeys (ConfUtils.java:logGet(46)) - raft.grpc.server.host = null (default)
2022-10-25 12:15:11,002 [Listener at 127.0.0.1/33161] INFO  grpc.GrpcConfigKeys (ConfUtils.java:logGet(46)) - raft.grpc.server.port = 0 (default)
2022-10-25 12:15:11,002 [Listener at 127.0.0.1/33161] INFO  server.GrpcService (ConfUtils.java:logGet(46)) - raft.grpc.message.size.max = 32MB (=33554432) (custom)
2022-10-25 12:15:11,002 [Listener at 127.0.0.1/33161] INFO  server.RaftServerConfigKeys (ConfUtils.java:logGet(46)) - raft.server.log.appender.buffer.byte-limit = 33554432 (custom)
2022-10-25 12:15:11,002 [Listener at 127.0.0.1/33161] INFO  server.GrpcService (ConfUtils.java:logGet(46)) - raft.grpc.flow.control.window = 5MB (=5242880) (custom)
2022-10-25 12:15:11,003 [Listener at 127.0.0.1/33161] INFO  server.RaftServerConfigKeys (ConfUtils.java:logGet(46)) - raft.server.rpc.request.timeout = 60s (custom)
2022-10-25 12:15:11,003 [Listener at 127.0.0.1/33161] INFO  grpc.GrpcConfigKeys (ConfUtils.java:logGet(46)) - raft.grpc.server.heartbeat.channel = true (default)
2022-10-25 12:15:11,003 [Listener at 127.0.0.1/33161] INFO  grpc.GrpcConfigKeys (ConfUtils.java:logGet(46)) - raft.grpc.server.async.request.thread.pool.cached = true (default)
2022-10-25 12:15:11,003 [Listener at 127.0.0.1/33161] INFO  grpc.GrpcConfigKeys (ConfUtils.java:logGet(46)) - raft.grpc.server.async.request.thread.pool.size = 32 (default)
2022-10-25 12:15:11,004 [Listener at 127.0.0.1/33161] INFO  impl.DataStreamServerImpl (ConfUtils.java:logGet(46)) - raft.datastream.type = DISABLED (default)
2022-10-25 12:15:11,005 [Listener at 127.0.0.1/33161] INFO  server.RaftServerConfigKeys (ConfUtils.java:logGet(46)) - raft.server.threadpool.proxy.cached = true (default)
2022-10-25 12:15:11,005 [Listener at 127.0.0.1/33161] INFO  server.RaftServerConfigKeys (ConfUtils.java:logGet(46)) - raft.server.threadpool.proxy.size = 0 (default)
2022-10-25 12:15:11,005 [Listener at 127.0.0.1/33161] INFO  server.RaftServerConfigKeys (ConfUtils.java:logGet(46)) - raft.server.rpc.slowness.timeout = 300s (custom)
2022-10-25 12:15:11,005 [Listener at 127.0.0.1/33161] INFO  server.RaftServerConfigKeys (ConfUtils.java:logGet(46)) - raft.server.leaderelection.leader.step-down.wait-time = 10s (default)
2022-10-25 12:15:11,005 [Listener at 127.0.0.1/33161] INFO  server.RaftServerConfigKeys (ConfUtils.java:logGet(46)) - raft.server.storage.dir = [/home/runner/work/ozone/ozone/hadoop-ozone/integration-test/target/test-dir/MiniOzoneClusterImpl-59fd4bbb-78e8-4c50-bd4e-19e5c7f0d0cd/datanode-3/data/ratis] (custom)
2022-10-25 12:15:11,009 [Listener at 127.0.0.1/33161] INFO  server.XceiverServerGrpc (XceiverServerGrpc.java:<init>(132)) - GrpcServer channel type EpollServerSocketChannel
2022-10-25 12:15:11,014 [Listener at 127.0.0.1/33161] INFO  http.BaseHttpServer (BaseHttpServer.java:newHttpServer2BuilderForOzone(213)) - Starting Web-server for hddsDatanode at: http://0.0.0.0:0
2022-10-25 12:15:11,015 [Listener at 127.0.0.1/33161] INFO  http.BaseHttpServer (BaseHttpServer.java:<init>(108)) - Hadoop Security Enabled: false Ozone Security Enabled: false Ozone HTTP Security Enabled: false 
2022-10-25 12:15:11,016 [Listener at 127.0.0.1/33161] WARN  server.AuthenticationFilter (AuthenticationFilter.java:constructSecretProvider(240)) - Unable to initialize FileSignerSecretProvider, falling back to use random secrets. Reason: Could not read signature secret file: /home/runner/hadoop-http-auth-signature-secret
2022-10-25 12:15:11,020 [Listener at 127.0.0.1/33161] WARN  http.HttpRequestLog (HttpRequestLog.java:getRequestLog(103)) - Jetty request log can only be enabled using Log4j
2022-10-25 12:15:11,023 [Listener at 127.0.0.1/33161] INFO  http.HttpServer2 (HttpServer2.java:addGlobalFilter(1031)) - Added global filter 'safety' (class=org.apache.hadoop.hdds.server.http.HttpServer2$QuotingInputFilter)
2022-10-25 12:15:11,024 [Listener at 127.0.0.1/33161] INFO  http.HttpServer2 (HttpServer2.java:addFilter(1007)) - Added filter static_user_filter (class=org.apache.hadoop.http.lib.StaticUserWebFilter$StaticUserFilter) to context hddsDatanode
2022-10-25 12:15:11,024 [Listener at 127.0.0.1/33161] INFO  http.HttpServer2 (HttpServer2.java:addFilter(1015)) - Added filter static_user_filter (class=org.apache.hadoop.http.lib.StaticUserWebFilter$StaticUserFilter) to context logs
2022-10-25 12:15:11,024 [Listener at 127.0.0.1/33161] INFO  http.HttpServer2 (HttpServer2.java:addFilter(1015)) - Added filter static_user_filter (class=org.apache.hadoop.http.lib.StaticUserWebFilter$StaticUserFilter) to context static
2022-10-25 12:15:11,025 [Listener at 127.0.0.1/33161] INFO  http.HttpServer2 (HttpServer2.java:bindListener(1250)) - Jetty bound to port 39943
2022-10-25 12:15:11,025 [Listener at 127.0.0.1/33161] INFO  server.Server (Server.java:doStart(375)) - jetty-9.4.43.v20210629; built: 2021-06-30T11:07:22.254Z; git: 526006ecfa3af7f1a27ef3a288e2bef7ea9dd7e8; jvm 1.8.0_345-b01
2022-10-25 12:15:11,034 [Listener at 127.0.0.1/33161] INFO  server.session (DefaultSessionIdManager.java:doStart(334)) - DefaultSessionIdManager workerName=node0
2022-10-25 12:15:11,034 [Listener at 127.0.0.1/33161] INFO  server.session (DefaultSessionIdManager.java:doStart(339)) - No SessionScavenger set, using defaults
2022-10-25 12:15:11,035 [Listener at 127.0.0.1/33161] INFO  server.session (HouseKeeper.java:startScavenging(132)) - node0 Scavenging every 660000ms
2022-10-25 12:15:11,035 [Listener at 127.0.0.1/33161] INFO  handler.ContextHandler (ContextHandler.java:doStart(915)) - Started o.e.j.s.ServletContextHandler@7941e523{logs,/logs,file:///home/runner/work/ozone/ozone/hadoop-ozone/integration-test/target/log,AVAILABLE}
2022-10-25 12:15:11,036 [Listener at 127.0.0.1/33161] INFO  handler.ContextHandler (ContextHandler.java:doStart(915)) - Started o.e.j.s.ServletContextHandler@3f832bd{static,/static,jar:file:/home/runner/.m2/repository/org/apache/ozone/hdds-container-service/1.3.0-SNAPSHOT/hdds-container-service-1.3.0-SNAPSHOT.jar!/webapps/static,AVAILABLE}
2022-10-25 12:15:11,233 [Listener at 127.0.0.1/33161] INFO  handler.ContextHandler (ContextHandler.java:doStart(915)) - Started o.e.j.w.WebAppContext@637f8b01{hddsDatanode,/,file:///tmp/jetty-0_0_0_0-39943-hdds-container-service-1_3_0-SNAPSHOT_jar-_-any-3230394436193253478/webapp/,AVAILABLE}{jar:file:/home/runner/.m2/repository/org/apache/ozone/hdds-container-service/1.3.0-SNAPSHOT/hdds-container-service-1.3.0-SNAPSHOT.jar!/webapps/hddsDatanode}
2022-10-25 12:15:11,234 [Listener at 127.0.0.1/33161] INFO  server.AbstractConnector (AbstractConnector.java:doStart(331)) - Started ServerConnector@2c5281b1{HTTP/1.1, (http/1.1)}{0.0.0.0:39943}
2022-10-25 12:15:11,235 [Listener at 127.0.0.1/33161] INFO  server.Server (Server.java:doStart(415)) - Started @10438ms
2022-10-25 12:15:11,235 [Listener at 127.0.0.1/33161] WARN  impl.MetricsSystemImpl (MetricsSystemImpl.java:register(279)) - Sink prometheus already exists!
2022-10-25 12:15:11,235 [Listener at 127.0.0.1/33161] INFO  http.BaseHttpServer (BaseHttpServer.java:updateConnectorAddress(333)) - HTTP server of hddsDatanode listening at http://0.0.0.0:39943
2022-10-25 12:15:11,237 [Listener at 127.0.0.1/33161] WARN  impl.MetricRegistriesImpl (MetricRegistriesImpl.java:addReporterRegistration(111)) - New reporters are added after registries were created. Some metrics will be missing from the reporter. Please add reporter before adding any new registry.
2022-10-25 12:15:11,237 [Listener at 127.0.0.1/33161] WARN  impl.MetricRegistriesImpl (MetricRegistriesImpl.java:addReporterRegistration(111)) - New reporters are added after registries were created. Some metrics will be missing from the reporter. Please add reporter before adding any new registry.
2022-10-25 12:15:11,237 [Listener at 127.0.0.1/33161] INFO  impl.MetricsSystemImpl (MetricsSystemImpl.java:init(158)) - HddsDatanode metrics system started (again)
2022-10-25 12:15:11,245 [Datanode State Machine Daemon Thread] INFO  statemachine.DatanodeStateMachine (DatanodeStateMachine.java:lambda$startDaemon$0(498)) - Ozone container server started.
2022-10-25 12:15:11,253 [org.apache.hadoop.util.JvmPauseMonitor$Monitor@28e73e8c] INFO  util.JvmPauseMonitor (JvmPauseMonitor.java:run(188)) - Starting JVM pause monitor
2022-10-25 12:15:11,257 [Listener at 127.0.0.1/33161] INFO  ozone.HddsDatanodeService (HddsDatanodeService.java:start(236)) - HddsDatanodeService host:fv-az82-510.ou3itxwc2spe5nxnxxppousbrf.dx.internal.cloudapp.net ip:10.1.1.43
2022-10-25 12:15:11,271 [Datanode State Machine Task Thread - 0] INFO  datanode.InitDatanodeState (InitDatanodeState.java:persistContainerDatanodeDetails(138)) - DatanodeDetails is persisted to /home/runner/work/ozone/ozone/hadoop-ozone/integration-test/target/test-dir/MiniOzoneClusterImpl-59fd4bbb-78e8-4c50-bd4e-19e5c7f0d0cd/datanode-3/meta/datanode.id
2022-10-25 12:15:11,287 [Listener at 127.0.0.1/33161] INFO  upgrade.AbstractLayoutVersionManager (AbstractLayoutVersionManager.java:init(83)) - Initializing Layout version manager with metadata layout = DATANODE_SCHEMA_V3 (version = 4), software layout = DATANODE_SCHEMA_V3 (version = 4)
2022-10-25 12:15:11,337 [Listener at 127.0.0.1/33161] INFO  reflections.Reflections (Reflections.java:scan(232)) - Reflections took 49 ms to scan 7 urls, producing 137 keys and 330 values 
2022-10-25 12:15:11,339 [Listener at 127.0.0.1/33161] INFO  statemachine.DatanodeStateMachine (DatanodeStateMachine.java:getEndPointTaskThreadPoolSize(242)) - Datanode State Machine Task Thread Pool size 2
2022-10-25 12:15:11,341 [Listener at 127.0.0.1/33161] INFO  volume.HddsVolume (HddsVolume.java:<init>(117)) - Creating HddsVolume: /home/runner/work/ozone/ozone/hadoop-ozone/integration-test/target/test-dir/MiniOzoneClusterImpl-59fd4bbb-78e8-4c50-bd4e-19e5c7f0d0cd/datanode-4/data-0/containers/hdds of storage type : DISK capacity : 9223372036854775807
2022-10-25 12:15:11,341 [Listener at 127.0.0.1/33161] INFO  volume.MutableVolumeSet (MutableVolumeSet.java:initializeVolumeSet(174)) - Added Volume : /home/runner/work/ozone/ozone/hadoop-ozone/integration-test/target/test-dir/MiniOzoneClusterImpl-59fd4bbb-78e8-4c50-bd4e-19e5c7f0d0cd/datanode-4/data-0/containers/hdds to VolumeSet
2022-10-25 12:15:11,341 [Listener at 127.0.0.1/33161] INFO  volume.ThrottledAsyncChecker (ThrottledAsyncChecker.java:schedule(141)) - Scheduling a check for /home/runner/work/ozone/ozone/hadoop-ozone/integration-test/target/test-dir/MiniOzoneClusterImpl-59fd4bbb-78e8-4c50-bd4e-19e5c7f0d0cd/datanode-4/data-0/containers/hdds
2022-10-25 12:15:11,346 [Listener at 127.0.0.1/33161] INFO  volume.StorageVolumeChecker (StorageVolumeChecker.java:checkAllVolumes(202)) - Scheduled health check for volume /home/runner/work/ozone/ozone/hadoop-ozone/integration-test/target/test-dir/MiniOzoneClusterImpl-59fd4bbb-78e8-4c50-bd4e-19e5c7f0d0cd/datanode-4/data-0/containers/hdds
2022-10-25 12:15:11,359 [Listener at 127.0.0.1/33161] INFO  volume.MutableVolumeSet (MutableVolumeSet.java:initializeVolumeSet(174)) - Added Volume : /home/runner/work/ozone/ozone/hadoop-ozone/integration-test/target/test-dir/MiniOzoneClusterImpl-59fd4bbb-78e8-4c50-bd4e-19e5c7f0d0cd/datanode-4/data/ratis to VolumeSet
2022-10-25 12:15:11,359 [Listener at 127.0.0.1/33161] INFO  volume.ThrottledAsyncChecker (ThrottledAsyncChecker.java:schedule(141)) - Scheduling a check for /home/runner/work/ozone/ozone/hadoop-ozone/integration-test/target/test-dir/MiniOzoneClusterImpl-59fd4bbb-78e8-4c50-bd4e-19e5c7f0d0cd/datanode-4/data/ratis
2022-10-25 12:15:11,360 [Listener at 127.0.0.1/33161] INFO  volume.StorageVolumeChecker (StorageVolumeChecker.java:checkAllVolumes(202)) - Scheduled health check for volume /home/runner/work/ozone/ozone/hadoop-ozone/integration-test/target/test-dir/MiniOzoneClusterImpl-59fd4bbb-78e8-4c50-bd4e-19e5c7f0d0cd/datanode-4/data/ratis
2022-10-25 12:15:11,373 [Thread-190] INFO  ozoneimpl.ContainerReader (ContainerReader.java:readVolume(175)) - Finish verifying containers on volume /home/runner/work/ozone/ozone/hadoop-ozone/integration-test/target/test-dir/MiniOzoneClusterImpl-59fd4bbb-78e8-4c50-bd4e-19e5c7f0d0cd/datanode-4/data-0/containers/hdds
2022-10-25 12:15:11,373 [Listener at 127.0.0.1/33161] INFO  ozoneimpl.OzoneContainer (OzoneContainer.java:buildContainerSet(300)) - Build ContainerSet costs 0s
2022-10-25 12:15:11,376 [Listener at 127.0.0.1/33161] INFO  server.RaftServer (ConfUtils.java:logGet(46)) - raft.rpc.type = GRPC (default)
2022-10-25 12:15:11,377 [Listener at 127.0.0.1/33161] INFO  grpc.GrpcConfigKeys (ConfUtils.java:logFallback(53)) - raft.grpc.admin.host = null (fallback to raft.grpc.server.host)
2022-10-25 12:15:11,377 [Listener at 127.0.0.1/33161] INFO  grpc.GrpcConfigKeys (ConfUtils.java:logGet(46)) - raft.grpc.admin.port = 0 (custom)
2022-10-25 12:15:11,378 [Listener at 127.0.0.1/33161] INFO  grpc.GrpcConfigKeys (ConfUtils.java:logFallback(53)) - raft.grpc.client.host = null (fallback to raft.grpc.server.host)
2022-10-25 12:15:11,378 [Listener at 127.0.0.1/33161] INFO  grpc.GrpcConfigKeys (ConfUtils.java:logGet(46)) - raft.grpc.client.port = 0 (custom)
2022-10-25 12:15:11,378 [Listener at 127.0.0.1/33161] INFO  grpc.GrpcConfigKeys (ConfUtils.java:logGet(46)) - raft.grpc.server.host = null (default)
2022-10-25 12:15:11,378 [Listener at 127.0.0.1/33161] INFO  grpc.GrpcConfigKeys (ConfUtils.java:logGet(46)) - raft.grpc.server.port = 0 (default)
2022-10-25 12:15:11,379 [Listener at 127.0.0.1/33161] INFO  server.GrpcService (ConfUtils.java:logGet(46)) - raft.grpc.message.size.max = 32MB (=33554432) (custom)
2022-10-25 12:15:11,379 [Listener at 127.0.0.1/33161] INFO  server.RaftServerConfigKeys (ConfUtils.java:logGet(46)) - raft.server.log.appender.buffer.byte-limit = 33554432 (custom)
2022-10-25 12:15:11,379 [Listener at 127.0.0.1/33161] INFO  server.GrpcService (ConfUtils.java:logGet(46)) - raft.grpc.flow.control.window = 5MB (=5242880) (custom)
2022-10-25 12:15:11,379 [Listener at 127.0.0.1/33161] INFO  server.RaftServerConfigKeys (ConfUtils.java:logGet(46)) - raft.server.rpc.request.timeout = 60s (custom)
2022-10-25 12:15:11,379 [Listener at 127.0.0.1/33161] INFO  grpc.GrpcConfigKeys (ConfUtils.java:logGet(46)) - raft.grpc.server.heartbeat.channel = true (default)
2022-10-25 12:15:11,380 [Listener at 127.0.0.1/33161] INFO  grpc.GrpcConfigKeys (ConfUtils.java:logGet(46)) - raft.grpc.server.async.request.thread.pool.cached = true (default)
2022-10-25 12:15:11,380 [Listener at 127.0.0.1/33161] INFO  grpc.GrpcConfigKeys (ConfUtils.java:logGet(46)) - raft.grpc.server.async.request.thread.pool.size = 32 (default)
2022-10-25 12:15:11,381 [Listener at 127.0.0.1/33161] INFO  impl.DataStreamServerImpl (ConfUtils.java:logGet(46)) - raft.datastream.type = DISABLED (default)
2022-10-25 12:15:11,381 [Listener at 127.0.0.1/33161] INFO  server.RaftServerConfigKeys (ConfUtils.java:logGet(46)) - raft.server.threadpool.proxy.cached = true (default)
2022-10-25 12:15:11,381 [Listener at 127.0.0.1/33161] INFO  server.RaftServerConfigKeys (ConfUtils.java:logGet(46)) - raft.server.threadpool.proxy.size = 0 (default)
2022-10-25 12:15:11,382 [Listener at 127.0.0.1/33161] INFO  server.RaftServerConfigKeys (ConfUtils.java:logGet(46)) - raft.server.rpc.slowness.timeout = 300s (custom)
2022-10-25 12:15:11,382 [Listener at 127.0.0.1/33161] INFO  server.RaftServerConfigKeys (ConfUtils.java:logGet(46)) - raft.server.leaderelection.leader.step-down.wait-time = 10s (default)
2022-10-25 12:15:11,382 [Listener at 127.0.0.1/33161] INFO  server.RaftServerConfigKeys (ConfUtils.java:logGet(46)) - raft.server.storage.dir = [/home/runner/work/ozone/ozone/hadoop-ozone/integration-test/target/test-dir/MiniOzoneClusterImpl-59fd4bbb-78e8-4c50-bd4e-19e5c7f0d0cd/datanode-4/data/ratis] (custom)
2022-10-25 12:15:11,386 [Listener at 127.0.0.1/33161] INFO  server.XceiverServerGrpc (XceiverServerGrpc.java:<init>(132)) - GrpcServer channel type EpollServerSocketChannel
2022-10-25 12:15:11,393 [Listener at 127.0.0.1/33161] INFO  http.BaseHttpServer (BaseHttpServer.java:newHttpServer2BuilderForOzone(213)) - Starting Web-server for hddsDatanode at: http://0.0.0.0:0
2022-10-25 12:15:11,393 [Listener at 127.0.0.1/33161] INFO  http.BaseHttpServer (BaseHttpServer.java:<init>(108)) - Hadoop Security Enabled: false Ozone Security Enabled: false Ozone HTTP Security Enabled: false 
2022-10-25 12:15:11,394 [Listener at 127.0.0.1/33161] WARN  server.AuthenticationFilter (AuthenticationFilter.java:constructSecretProvider(240)) - Unable to initialize FileSignerSecretProvider, falling back to use random secrets. Reason: Could not read signature secret file: /home/runner/hadoop-http-auth-signature-secret
2022-10-25 12:15:11,395 [Listener at 127.0.0.1/33161] WARN  http.HttpRequestLog (HttpRequestLog.java:getRequestLog(103)) - Jetty request log can only be enabled using Log4j
2022-10-25 12:15:11,396 [Listener at 127.0.0.1/33161] INFO  http.HttpServer2 (HttpServer2.java:addGlobalFilter(1031)) - Added global filter 'safety' (class=org.apache.hadoop.hdds.server.http.HttpServer2$QuotingInputFilter)
2022-10-25 12:15:11,397 [Listener at 127.0.0.1/33161] INFO  http.HttpServer2 (HttpServer2.java:addFilter(1007)) - Added filter static_user_filter (class=org.apache.hadoop.http.lib.StaticUserWebFilter$StaticUserFilter) to context hddsDatanode
2022-10-25 12:15:11,397 [Listener at 127.0.0.1/33161] INFO  http.HttpServer2 (HttpServer2.java:addFilter(1015)) - Added filter static_user_filter (class=org.apache.hadoop.http.lib.StaticUserWebFilter$StaticUserFilter) to context static
2022-10-25 12:15:11,397 [Listener at 127.0.0.1/33161] INFO  http.HttpServer2 (HttpServer2.java:addFilter(1015)) - Added filter static_user_filter (class=org.apache.hadoop.http.lib.StaticUserWebFilter$StaticUserFilter) to context logs
2022-10-25 12:15:11,398 [Listener at 127.0.0.1/33161] INFO  http.HttpServer2 (HttpServer2.java:bindListener(1250)) - Jetty bound to port 44457
2022-10-25 12:15:11,399 [Listener at 127.0.0.1/33161] INFO  server.Server (Server.java:doStart(375)) - jetty-9.4.43.v20210629; built: 2021-06-30T11:07:22.254Z; git: 526006ecfa3af7f1a27ef3a288e2bef7ea9dd7e8; jvm 1.8.0_345-b01
2022-10-25 12:15:11,400 [Listener at 127.0.0.1/33161] INFO  server.session (DefaultSessionIdManager.java:doStart(334)) - DefaultSessionIdManager workerName=node0
2022-10-25 12:15:11,400 [Listener at 127.0.0.1/33161] INFO  server.session (DefaultSessionIdManager.java:doStart(339)) - No SessionScavenger set, using defaults
2022-10-25 12:15:11,401 [Listener at 127.0.0.1/33161] INFO  server.session (HouseKeeper.java:startScavenging(132)) - node0 Scavenging every 660000ms
2022-10-25 12:15:11,402 [Listener at 127.0.0.1/33161] INFO  handler.ContextHandler (ContextHandler.java:doStart(915)) - Started o.e.j.s.ServletContextHandler@34d5a168{logs,/logs,file:///home/runner/work/ozone/ozone/hadoop-ozone/integration-test/target/log,AVAILABLE}
2022-10-25 12:15:11,402 [Listener at 127.0.0.1/33161] INFO  handler.ContextHandler (ContextHandler.java:doStart(915)) - Started o.e.j.s.ServletContextHandler@b28d8fc{static,/static,jar:file:/home/runner/.m2/repository/org/apache/ozone/hdds-container-service/1.3.0-SNAPSHOT/hdds-container-service-1.3.0-SNAPSHOT.jar!/webapps/static,AVAILABLE}
2022-10-25 12:15:11,586 [Listener at 127.0.0.1/33161] INFO  handler.ContextHandler (ContextHandler.java:doStart(915)) - Started o.e.j.w.WebAppContext@2f0c2b93{hddsDatanode,/,file:///tmp/jetty-0_0_0_0-44457-hdds-container-service-1_3_0-SNAPSHOT_jar-_-any-1173681469724090745/webapp/,AVAILABLE}{jar:file:/home/runner/.m2/repository/org/apache/ozone/hdds-container-service/1.3.0-SNAPSHOT/hdds-container-service-1.3.0-SNAPSHOT.jar!/webapps/hddsDatanode}
2022-10-25 12:15:11,588 [Listener at 127.0.0.1/33161] INFO  server.AbstractConnector (AbstractConnector.java:doStart(331)) - Started ServerConnector@2823a822{HTTP/1.1, (http/1.1)}{0.0.0.0:44457}
2022-10-25 12:15:11,588 [Listener at 127.0.0.1/33161] INFO  server.Server (Server.java:doStart(415)) - Started @10792ms
2022-10-25 12:15:11,588 [Listener at 127.0.0.1/33161] WARN  impl.MetricsSystemImpl (MetricsSystemImpl.java:register(279)) - Sink prometheus already exists!
2022-10-25 12:15:11,589 [Listener at 127.0.0.1/33161] INFO  http.BaseHttpServer (BaseHttpServer.java:updateConnectorAddress(333)) - HTTP server of hddsDatanode listening at http://0.0.0.0:44457
2022-10-25 12:15:11,590 [Listener at 127.0.0.1/33161] WARN  impl.MetricRegistriesImpl (MetricRegistriesImpl.java:addReporterRegistration(111)) - New reporters are added after registries were created. Some metrics will be missing from the reporter. Please add reporter before adding any new registry.
2022-10-25 12:15:11,590 [Listener at 127.0.0.1/33161] WARN  impl.MetricRegistriesImpl (MetricRegistriesImpl.java:addReporterRegistration(111)) - New reporters are added after registries were created. Some metrics will be missing from the reporter. Please add reporter before adding any new registry.
2022-10-25 12:15:11,590 [Datanode State Machine Daemon Thread] INFO  statemachine.DatanodeStateMachine (DatanodeStateMachine.java:lambda$startDaemon$0(498)) - Ozone container server started.
2022-10-25 12:15:11,590 [Listener at 127.0.0.1/33161] INFO  impl.MetricsSystemImpl (MetricsSystemImpl.java:init(158)) - HddsDatanode metrics system started (again)
2022-10-25 12:15:11,598 [org.apache.hadoop.util.JvmPauseMonitor$Monitor@470d539e] INFO  util.JvmPauseMonitor (JvmPauseMonitor.java:run(188)) - Starting JVM pause monitor
2022-10-25 12:15:11,599 [Datanode State Machine Task Thread - 0] INFO  datanode.InitDatanodeState (InitDatanodeState.java:persistContainerDatanodeDetails(138)) - DatanodeDetails is persisted to /home/runner/work/ozone/ozone/hadoop-ozone/integration-test/target/test-dir/MiniOzoneClusterImpl-59fd4bbb-78e8-4c50-bd4e-19e5c7f0d0cd/datanode-4/meta/datanode.id
2022-10-25 12:15:11,602 [Listener at 127.0.0.1/33161] INFO  ozone.HddsDatanodeService (HddsDatanodeService.java:start(236)) - HddsDatanodeService host:fv-az82-510.ou3itxwc2spe5nxnxxppousbrf.dx.internal.cloudapp.net ip:10.1.1.43
2022-10-25 12:15:11,624 [Listener at 127.0.0.1/33161] INFO  upgrade.AbstractLayoutVersionManager (AbstractLayoutVersionManager.java:init(83)) - Initializing Layout version manager with metadata layout = DATANODE_SCHEMA_V3 (version = 4), software layout = DATANODE_SCHEMA_V3 (version = 4)
2022-10-25 12:15:11,670 [Listener at 127.0.0.1/33161] INFO  reflections.Reflections (Reflections.java:scan(232)) - Reflections took 46 ms to scan 7 urls, producing 137 keys and 330 values 
2022-10-25 12:15:11,672 [Listener at 127.0.0.1/33161] INFO  statemachine.DatanodeStateMachine (DatanodeStateMachine.java:getEndPointTaskThreadPoolSize(242)) - Datanode State Machine Task Thread Pool size 2
2022-10-25 12:15:11,674 [Listener at 127.0.0.1/33161] INFO  volume.HddsVolume (HddsVolume.java:<init>(117)) - Creating HddsVolume: /home/runner/work/ozone/ozone/hadoop-ozone/integration-test/target/test-dir/MiniOzoneClusterImpl-59fd4bbb-78e8-4c50-bd4e-19e5c7f0d0cd/datanode-5/data-0/containers/hdds of storage type : DISK capacity : 9223372036854775807
2022-10-25 12:15:11,675 [Listener at 127.0.0.1/33161] INFO  volume.MutableVolumeSet (MutableVolumeSet.java:initializeVolumeSet(174)) - Added Volume : /home/runner/work/ozone/ozone/hadoop-ozone/integration-test/target/test-dir/MiniOzoneClusterImpl-59fd4bbb-78e8-4c50-bd4e-19e5c7f0d0cd/datanode-5/data-0/containers/hdds to VolumeSet
2022-10-25 12:15:11,675 [Listener at 127.0.0.1/33161] INFO  volume.ThrottledAsyncChecker (ThrottledAsyncChecker.java:schedule(141)) - Scheduling a check for /home/runner/work/ozone/ozone/hadoop-ozone/integration-test/target/test-dir/MiniOzoneClusterImpl-59fd4bbb-78e8-4c50-bd4e-19e5c7f0d0cd/datanode-5/data-0/containers/hdds
2022-10-25 12:15:11,678 [Listener at 127.0.0.1/33161] INFO  volume.StorageVolumeChecker (StorageVolumeChecker.java:checkAllVolumes(202)) - Scheduled health check for volume /home/runner/work/ozone/ozone/hadoop-ozone/integration-test/target/test-dir/MiniOzoneClusterImpl-59fd4bbb-78e8-4c50-bd4e-19e5c7f0d0cd/datanode-5/data-0/containers/hdds
2022-10-25 12:15:11,689 [Listener at 127.0.0.1/33161] INFO  volume.MutableVolumeSet (MutableVolumeSet.java:initializeVolumeSet(174)) - Added Volume : /home/runner/work/ozone/ozone/hadoop-ozone/integration-test/target/test-dir/MiniOzoneClusterImpl-59fd4bbb-78e8-4c50-bd4e-19e5c7f0d0cd/datanode-5/data/ratis to VolumeSet
2022-10-25 12:15:11,689 [Listener at 127.0.0.1/33161] INFO  volume.ThrottledAsyncChecker (ThrottledAsyncChecker.java:schedule(141)) - Scheduling a check for /home/runner/work/ozone/ozone/hadoop-ozone/integration-test/target/test-dir/MiniOzoneClusterImpl-59fd4bbb-78e8-4c50-bd4e-19e5c7f0d0cd/datanode-5/data/ratis
2022-10-25 12:15:11,690 [Listener at 127.0.0.1/33161] INFO  volume.StorageVolumeChecker (StorageVolumeChecker.java:checkAllVolumes(202)) - Scheduled health check for volume /home/runner/work/ozone/ozone/hadoop-ozone/integration-test/target/test-dir/MiniOzoneClusterImpl-59fd4bbb-78e8-4c50-bd4e-19e5c7f0d0cd/datanode-5/data/ratis
2022-10-25 12:15:11,700 [Thread-203] INFO  ozoneimpl.ContainerReader (ContainerReader.java:readVolume(175)) - Finish verifying containers on volume /home/runner/work/ozone/ozone/hadoop-ozone/integration-test/target/test-dir/MiniOzoneClusterImpl-59fd4bbb-78e8-4c50-bd4e-19e5c7f0d0cd/datanode-5/data-0/containers/hdds
2022-10-25 12:15:11,700 [Listener at 127.0.0.1/33161] INFO  ozoneimpl.OzoneContainer (OzoneContainer.java:buildContainerSet(300)) - Build ContainerSet costs 0s
2022-10-25 12:15:11,707 [Listener at 127.0.0.1/33161] INFO  server.RaftServer (ConfUtils.java:logGet(46)) - raft.rpc.type = GRPC (default)
2022-10-25 12:15:11,707 [Listener at 127.0.0.1/33161] INFO  grpc.GrpcConfigKeys (ConfUtils.java:logFallback(53)) - raft.grpc.admin.host = null (fallback to raft.grpc.server.host)
2022-10-25 12:15:11,707 [Listener at 127.0.0.1/33161] INFO  grpc.GrpcConfigKeys (ConfUtils.java:logGet(46)) - raft.grpc.admin.port = 0 (custom)
2022-10-25 12:15:11,707 [Listener at 127.0.0.1/33161] INFO  grpc.GrpcConfigKeys (ConfUtils.java:logFallback(53)) - raft.grpc.client.host = null (fallback to raft.grpc.server.host)
2022-10-25 12:15:11,707 [Listener at 127.0.0.1/33161] INFO  grpc.GrpcConfigKeys (ConfUtils.java:logGet(46)) - raft.grpc.client.port = 0 (custom)
2022-10-25 12:15:11,708 [Listener at 127.0.0.1/33161] INFO  grpc.GrpcConfigKeys (ConfUtils.java:logGet(46)) - raft.grpc.server.host = null (default)
2022-10-25 12:15:11,708 [Listener at 127.0.0.1/33161] INFO  grpc.GrpcConfigKeys (ConfUtils.java:logGet(46)) - raft.grpc.server.port = 0 (default)
2022-10-25 12:15:11,708 [Listener at 127.0.0.1/33161] INFO  server.GrpcService (ConfUtils.java:logGet(46)) - raft.grpc.message.size.max = 32MB (=33554432) (custom)
2022-10-25 12:15:11,708 [Listener at 127.0.0.1/33161] INFO  server.RaftServerConfigKeys (ConfUtils.java:logGet(46)) - raft.server.log.appender.buffer.byte-limit = 33554432 (custom)
2022-10-25 12:15:11,708 [Listener at 127.0.0.1/33161] INFO  server.GrpcService (ConfUtils.java:logGet(46)) - raft.grpc.flow.control.window = 5MB (=5242880) (custom)
2022-10-25 12:15:11,709 [Listener at 127.0.0.1/33161] INFO  server.RaftServerConfigKeys (ConfUtils.java:logGet(46)) - raft.server.rpc.request.timeout = 60s (custom)
2022-10-25 12:15:11,709 [Listener at 127.0.0.1/33161] INFO  grpc.GrpcConfigKeys (ConfUtils.java:logGet(46)) - raft.grpc.server.heartbeat.channel = true (default)
2022-10-25 12:15:11,709 [Listener at 127.0.0.1/33161] INFO  grpc.GrpcConfigKeys (ConfUtils.java:logGet(46)) - raft.grpc.server.async.request.thread.pool.cached = true (default)
2022-10-25 12:15:11,709 [Listener at 127.0.0.1/33161] INFO  grpc.GrpcConfigKeys (ConfUtils.java:logGet(46)) - raft.grpc.server.async.request.thread.pool.size = 32 (default)
2022-10-25 12:15:11,711 [Listener at 127.0.0.1/33161] INFO  impl.DataStreamServerImpl (ConfUtils.java:logGet(46)) - raft.datastream.type = DISABLED (default)
2022-10-25 12:15:11,711 [Listener at 127.0.0.1/33161] INFO  server.RaftServerConfigKeys (ConfUtils.java:logGet(46)) - raft.server.threadpool.proxy.cached = true (default)
2022-10-25 12:15:11,711 [Listener at 127.0.0.1/33161] INFO  server.RaftServerConfigKeys (ConfUtils.java:logGet(46)) - raft.server.threadpool.proxy.size = 0 (default)
2022-10-25 12:15:11,711 [Listener at 127.0.0.1/33161] INFO  server.RaftServerConfigKeys (ConfUtils.java:logGet(46)) - raft.server.rpc.slowness.timeout = 300s (custom)
2022-10-25 12:15:11,711 [Listener at 127.0.0.1/33161] INFO  server.RaftServerConfigKeys (ConfUtils.java:logGet(46)) - raft.server.leaderelection.leader.step-down.wait-time = 10s (default)
2022-10-25 12:15:11,712 [Listener at 127.0.0.1/33161] INFO  server.RaftServerConfigKeys (ConfUtils.java:logGet(46)) - raft.server.storage.dir = [/home/runner/work/ozone/ozone/hadoop-ozone/integration-test/target/test-dir/MiniOzoneClusterImpl-59fd4bbb-78e8-4c50-bd4e-19e5c7f0d0cd/datanode-5/data/ratis] (custom)
2022-10-25 12:15:11,713 [Listener at 127.0.0.1/33161] INFO  server.XceiverServerGrpc (XceiverServerGrpc.java:<init>(132)) - GrpcServer channel type EpollServerSocketChannel
2022-10-25 12:15:11,723 [Listener at 127.0.0.1/33161] INFO  http.BaseHttpServer (BaseHttpServer.java:newHttpServer2BuilderForOzone(213)) - Starting Web-server for hddsDatanode at: http://0.0.0.0:0
2022-10-25 12:15:11,723 [Listener at 127.0.0.1/33161] INFO  http.BaseHttpServer (BaseHttpServer.java:<init>(108)) - Hadoop Security Enabled: false Ozone Security Enabled: false Ozone HTTP Security Enabled: false 
2022-10-25 12:15:11,724 [Listener at 127.0.0.1/33161] WARN  server.AuthenticationFilter (AuthenticationFilter.java:constructSecretProvider(240)) - Unable to initialize FileSignerSecretProvider, falling back to use random secrets. Reason: Could not read signature secret file: /home/runner/hadoop-http-auth-signature-secret
2022-10-25 12:15:11,725 [Listener at 127.0.0.1/33161] WARN  http.HttpRequestLog (HttpRequestLog.java:getRequestLog(103)) - Jetty request log can only be enabled using Log4j
2022-10-25 12:15:11,727 [Listener at 127.0.0.1/33161] INFO  http.HttpServer2 (HttpServer2.java:addGlobalFilter(1031)) - Added global filter 'safety' (class=org.apache.hadoop.hdds.server.http.HttpServer2$QuotingInputFilter)
2022-10-25 12:15:11,727 [Listener at 127.0.0.1/33161] INFO  http.HttpServer2 (HttpServer2.java:addFilter(1007)) - Added filter static_user_filter (class=org.apache.hadoop.http.lib.StaticUserWebFilter$StaticUserFilter) to context hddsDatanode
2022-10-25 12:15:11,728 [Listener at 127.0.0.1/33161] INFO  http.HttpServer2 (HttpServer2.java:addFilter(1015)) - Added filter static_user_filter (class=org.apache.hadoop.http.lib.StaticUserWebFilter$StaticUserFilter) to context static
2022-10-25 12:15:11,728 [Listener at 127.0.0.1/33161] INFO  http.HttpServer2 (HttpServer2.java:addFilter(1015)) - Added filter static_user_filter (class=org.apache.hadoop.http.lib.StaticUserWebFilter$StaticUserFilter) to context logs
2022-10-25 12:15:11,728 [Listener at 127.0.0.1/33161] INFO  http.HttpServer2 (HttpServer2.java:bindListener(1250)) - Jetty bound to port 38599
2022-10-25 12:15:11,728 [Listener at 127.0.0.1/33161] INFO  server.Server (Server.java:doStart(375)) - jetty-9.4.43.v20210629; built: 2021-06-30T11:07:22.254Z; git: 526006ecfa3af7f1a27ef3a288e2bef7ea9dd7e8; jvm 1.8.0_345-b01
2022-10-25 12:15:11,731 [Listener at 127.0.0.1/33161] INFO  server.session (DefaultSessionIdManager.java:doStart(334)) - DefaultSessionIdManager workerName=node0
2022-10-25 12:15:11,731 [Listener at 127.0.0.1/33161] INFO  server.session (DefaultSessionIdManager.java:doStart(339)) - No SessionScavenger set, using defaults
2022-10-25 12:15:11,731 [Listener at 127.0.0.1/33161] INFO  server.session (HouseKeeper.java:startScavenging(132)) - node0 Scavenging every 600000ms
2022-10-25 12:15:11,732 [Listener at 127.0.0.1/33161] INFO  handler.ContextHandler (ContextHandler.java:doStart(915)) - Started o.e.j.s.ServletContextHandler@5195b6bc{logs,/logs,file:///home/runner/work/ozone/ozone/hadoop-ozone/integration-test/target/log,AVAILABLE}
2022-10-25 12:15:11,732 [Listener at 127.0.0.1/33161] INFO  handler.ContextHandler (ContextHandler.java:doStart(915)) - Started o.e.j.s.ServletContextHandler@260a839d{static,/static,jar:file:/home/runner/.m2/repository/org/apache/ozone/hdds-container-service/1.3.0-SNAPSHOT/hdds-container-service-1.3.0-SNAPSHOT.jar!/webapps/static,AVAILABLE}
2022-10-25 12:15:11,955 [Listener at 127.0.0.1/33161] INFO  handler.ContextHandler (ContextHandler.java:doStart(915)) - Started o.e.j.w.WebAppContext@437c5a25{hddsDatanode,/,file:///tmp/jetty-0_0_0_0-38599-hdds-container-service-1_3_0-SNAPSHOT_jar-_-any-1468203125406370157/webapp/,AVAILABLE}{jar:file:/home/runner/.m2/repository/org/apache/ozone/hdds-container-service/1.3.0-SNAPSHOT/hdds-container-service-1.3.0-SNAPSHOT.jar!/webapps/hddsDatanode}
2022-10-25 12:15:11,957 [Listener at 127.0.0.1/33161] INFO  server.AbstractConnector (AbstractConnector.java:doStart(331)) - Started ServerConnector@5a19393{HTTP/1.1, (http/1.1)}{0.0.0.0:38599}
2022-10-25 12:15:11,957 [Listener at 127.0.0.1/33161] INFO  server.Server (Server.java:doStart(415)) - Started @11161ms
2022-10-25 12:15:11,957 [Listener at 127.0.0.1/33161] WARN  impl.MetricsSystemImpl (MetricsSystemImpl.java:register(279)) - Sink prometheus already exists!
2022-10-25 12:15:11,958 [Listener at 127.0.0.1/33161] INFO  http.BaseHttpServer (BaseHttpServer.java:updateConnectorAddress(333)) - HTTP server of hddsDatanode listening at http://0.0.0.0:38599
2022-10-25 12:15:11,959 [Datanode State Machine Daemon Thread] INFO  statemachine.DatanodeStateMachine (DatanodeStateMachine.java:lambda$startDaemon$0(498)) - Ozone container server started.
2022-10-25 12:15:11,959 [Listener at 127.0.0.1/33161] WARN  impl.MetricRegistriesImpl (MetricRegistriesImpl.java:addReporterRegistration(111)) - New reporters are added after registries were created. Some metrics will be missing from the reporter. Please add reporter before adding any new registry.
2022-10-25 12:15:11,963 [Listener at 127.0.0.1/33161] WARN  impl.MetricRegistriesImpl (MetricRegistriesImpl.java:addReporterRegistration(111)) - New reporters are added after registries were created. Some metrics will be missing from the reporter. Please add reporter before adding any new registry.
2022-10-25 12:15:11,964 [Listener at 127.0.0.1/33161] INFO  impl.MetricsSystemImpl (MetricsSystemImpl.java:init(158)) - HddsDatanode metrics system started (again)
2022-10-25 12:15:11,982 [Listener at 127.0.0.1/33161] INFO  ozone.HddsDatanodeService (HddsDatanodeService.java:start(236)) - HddsDatanodeService host:fv-az82-510.ou3itxwc2spe5nxnxxppousbrf.dx.internal.cloudapp.net ip:10.1.1.43
2022-10-25 12:15:11,968 [EndpointStateMachine task thread for /0.0.0.0:39909 - 0 ] INFO  volume.HddsVolume (HddsVolume.java:createDbStore(307)) - SchemaV3 db is created and loaded at /home/runner/work/ozone/ozone/hadoop-ozone/integration-test/target/test-dir/MiniOzoneClusterImpl-59fd4bbb-78e8-4c50-bd4e-19e5c7f0d0cd/datanode-0/data-0/containers/hdds/59fd4bbb-78e8-4c50-bd4e-19e5c7f0d0cd/DS-54370d81-d8b2-43f7-92fc-5505010d0743/container.db for volume DS-54370d81-d8b2-43f7-92fc-5505010d0743
2022-10-25 12:15:11,998 [org.apache.hadoop.util.JvmPauseMonitor$Monitor@b6c2f52] INFO  util.JvmPauseMonitor (JvmPauseMonitor.java:run(188)) - Starting JVM pause monitor
2022-10-25 12:15:12,005 [EndpointStateMachine task thread for /0.0.0.0:39909 - 0 ] INFO  volume.HddsVolume (HddsVolume.java:closeDbStore(338)) - SchemaV3 db is stopped at /home/runner/work/ozone/ozone/hadoop-ozone/integration-test/target/test-dir/MiniOzoneClusterImpl-59fd4bbb-78e8-4c50-bd4e-19e5c7f0d0cd/datanode-0/data-0/containers/hdds/59fd4bbb-78e8-4c50-bd4e-19e5c7f0d0cd/DS-54370d81-d8b2-43f7-92fc-5505010d0743/container.db for volume DS-54370d81-d8b2-43f7-92fc-5505010d0743
2022-10-25 12:15:12,005 [EndpointStateMachine task thread for /0.0.0.0:39909 - 0 ] INFO  ozoneimpl.OzoneContainer (OzoneContainer.java:start(378)) - Attempting to start container services.
2022-10-25 12:15:12,015 [EndpointStateMachine task thread for /0.0.0.0:39909 - 0 ] INFO  ozoneimpl.OzoneContainer (OzoneContainer.java:startContainerScrub(313)) - Background container scanner has been disabled.
2022-10-25 12:15:12,017 [EndpointStateMachine task thread for /0.0.0.0:39909 - 0 ] INFO  replication.ReplicationServer (ReplicationServer.java:start(111)) - ReplicationServer is started using port 46725
2022-10-25 12:15:12,020 [EndpointStateMachine task thread for /0.0.0.0:39909 - 0 ] INFO  ratis.XceiverServerRatis (XceiverServerRatis.java:start(481)) - Starting XceiverServerRatis 6534404f-39f4-445c-b85e-518a348dbff3
2022-10-25 12:15:12,021 [EndpointStateMachine task thread for /0.0.0.0:39909 - 0 ] INFO  server.RaftServer (RaftServerProxy.java:startImpl(393)) - 6534404f-39f4-445c-b85e-518a348dbff3: start RPC server
2022-10-25 12:15:12,027 [Listener at 127.0.0.1/33161] INFO  upgrade.AbstractLayoutVersionManager (AbstractLayoutVersionManager.java:init(83)) - Initializing Layout version manager with metadata layout = DATANODE_SCHEMA_V3 (version = 4), software layout = DATANODE_SCHEMA_V3 (version = 4)
2022-10-25 12:15:12,028 [Datanode State Machine Task Thread - 0] INFO  datanode.InitDatanodeState (InitDatanodeState.java:persistContainerDatanodeDetails(138)) - DatanodeDetails is persisted to /home/runner/work/ozone/ozone/hadoop-ozone/integration-test/target/test-dir/MiniOzoneClusterImpl-59fd4bbb-78e8-4c50-bd4e-19e5c7f0d0cd/datanode-5/meta/datanode.id
2022-10-25 12:15:12,029 [EndpointStateMachine task thread for /0.0.0.0:39909 - 0 ] INFO  server.GrpcService (GrpcService.java:startImpl(270)) - 6534404f-39f4-445c-b85e-518a348dbff3: GrpcService started, listening on 42177
2022-10-25 12:15:12,041 [EndpointStateMachine task thread for /0.0.0.0:39909 - 0 ] INFO  ratis.XceiverServerRatis (XceiverServerRatis.java:getRealPort(502)) - XceiverServerRatis 6534404f-39f4-445c-b85e-518a348dbff3 is started using port 42177 for RATIS
2022-10-25 12:15:12,041 [EndpointStateMachine task thread for /0.0.0.0:39909 - 0 ] INFO  ratis.XceiverServerRatis (XceiverServerRatis.java:getRealPort(502)) - XceiverServerRatis 6534404f-39f4-445c-b85e-518a348dbff3 is started using port 42177 for RATIS_ADMIN
2022-10-25 12:15:12,041 [EndpointStateMachine task thread for /0.0.0.0:39909 - 0 ] INFO  ratis.XceiverServerRatis (XceiverServerRatis.java:getRealPort(502)) - XceiverServerRatis 6534404f-39f4-445c-b85e-518a348dbff3 is started using port 42177 for RATIS_SERVER
2022-10-25 12:15:12,042 [JvmPauseMonitor1] INFO  util.JvmPauseMonitor (JvmPauseMonitor.java:run(105)) - JvmPauseMonitor-6534404f-39f4-445c-b85e-518a348dbff3: Started
2022-10-25 12:15:12,050 [EndpointStateMachine task thread for /0.0.0.0:39909 - 0 ] INFO  server.XceiverServerGrpc (XceiverServerGrpc.java:start(180)) - XceiverServerGrpc 6534404f-39f4-445c-b85e-518a348dbff3 is started using port 37675
2022-10-25 12:15:12,116 [Listener at 127.0.0.1/33161] INFO  reflections.Reflections (Reflections.java:scan(232)) - Reflections took 87 ms to scan 7 urls, producing 137 keys and 330 values 
2022-10-25 12:15:12,118 [Listener at 127.0.0.1/33161] INFO  statemachine.DatanodeStateMachine (DatanodeStateMachine.java:getEndPointTaskThreadPoolSize(242)) - Datanode State Machine Task Thread Pool size 2
2022-10-25 12:15:12,122 [Listener at 127.0.0.1/33161] INFO  volume.HddsVolume (HddsVolume.java:<init>(117)) - Creating HddsVolume: /home/runner/work/ozone/ozone/hadoop-ozone/integration-test/target/test-dir/MiniOzoneClusterImpl-59fd4bbb-78e8-4c50-bd4e-19e5c7f0d0cd/datanode-6/data-0/containers/hdds of storage type : DISK capacity : 9223372036854775807
2022-10-25 12:15:12,123 [Listener at 127.0.0.1/33161] INFO  volume.MutableVolumeSet (MutableVolumeSet.java:initializeVolumeSet(174)) - Added Volume : /home/runner/work/ozone/ozone/hadoop-ozone/integration-test/target/test-dir/MiniOzoneClusterImpl-59fd4bbb-78e8-4c50-bd4e-19e5c7f0d0cd/datanode-6/data-0/containers/hdds to VolumeSet
2022-10-25 12:15:12,123 [Listener at 127.0.0.1/33161] INFO  volume.ThrottledAsyncChecker (ThrottledAsyncChecker.java:schedule(141)) - Scheduling a check for /home/runner/work/ozone/ozone/hadoop-ozone/integration-test/target/test-dir/MiniOzoneClusterImpl-59fd4bbb-78e8-4c50-bd4e-19e5c7f0d0cd/datanode-6/data-0/containers/hdds
2022-10-25 12:15:12,124 [Listener at 127.0.0.1/33161] INFO  volume.StorageVolumeChecker (StorageVolumeChecker.java:checkAllVolumes(202)) - Scheduled health check for volume /home/runner/work/ozone/ozone/hadoop-ozone/integration-test/target/test-dir/MiniOzoneClusterImpl-59fd4bbb-78e8-4c50-bd4e-19e5c7f0d0cd/datanode-6/data-0/containers/hdds
2022-10-25 12:15:12,145 [Listener at 127.0.0.1/33161] INFO  volume.MutableVolumeSet (MutableVolumeSet.java:initializeVolumeSet(174)) - Added Volume : /home/runner/work/ozone/ozone/hadoop-ozone/integration-test/target/test-dir/MiniOzoneClusterImpl-59fd4bbb-78e8-4c50-bd4e-19e5c7f0d0cd/datanode-6/data/ratis to VolumeSet
2022-10-25 12:15:12,145 [Listener at 127.0.0.1/33161] INFO  volume.ThrottledAsyncChecker (ThrottledAsyncChecker.java:schedule(141)) - Scheduling a check for /home/runner/work/ozone/ozone/hadoop-ozone/integration-test/target/test-dir/MiniOzoneClusterImpl-59fd4bbb-78e8-4c50-bd4e-19e5c7f0d0cd/datanode-6/data/ratis
2022-10-25 12:15:12,145 [Listener at 127.0.0.1/33161] INFO  volume.StorageVolumeChecker (StorageVolumeChecker.java:checkAllVolumes(202)) - Scheduled health check for volume /home/runner/work/ozone/ozone/hadoop-ozone/integration-test/target/test-dir/MiniOzoneClusterImpl-59fd4bbb-78e8-4c50-bd4e-19e5c7f0d0cd/datanode-6/data/ratis
2022-10-25 12:15:12,170 [Thread-222] INFO  ozoneimpl.ContainerReader (ContainerReader.java:readVolume(175)) - Finish verifying containers on volume /home/runner/work/ozone/ozone/hadoop-ozone/integration-test/target/test-dir/MiniOzoneClusterImpl-59fd4bbb-78e8-4c50-bd4e-19e5c7f0d0cd/datanode-6/data-0/containers/hdds
2022-10-25 12:15:12,170 [Listener at 127.0.0.1/33161] INFO  ozoneimpl.OzoneContainer (OzoneContainer.java:buildContainerSet(300)) - Build ContainerSet costs 0s
2022-10-25 12:15:12,173 [Listener at 127.0.0.1/33161] INFO  server.RaftServer (ConfUtils.java:logGet(46)) - raft.rpc.type = GRPC (default)
2022-10-25 12:15:12,173 [Listener at 127.0.0.1/33161] INFO  grpc.GrpcConfigKeys (ConfUtils.java:logFallback(53)) - raft.grpc.admin.host = null (fallback to raft.grpc.server.host)
2022-10-25 12:15:12,173 [Listener at 127.0.0.1/33161] INFO  grpc.GrpcConfigKeys (ConfUtils.java:logGet(46)) - raft.grpc.admin.port = 0 (custom)
2022-10-25 12:15:12,173 [Listener at 127.0.0.1/33161] INFO  grpc.GrpcConfigKeys (ConfUtils.java:logFallback(53)) - raft.grpc.client.host = null (fallback to raft.grpc.server.host)
2022-10-25 12:15:12,173 [Listener at 127.0.0.1/33161] INFO  grpc.GrpcConfigKeys (ConfUtils.java:logGet(46)) - raft.grpc.client.port = 0 (custom)
2022-10-25 12:15:12,174 [Listener at 127.0.0.1/33161] INFO  grpc.GrpcConfigKeys (ConfUtils.java:logGet(46)) - raft.grpc.server.host = null (default)
2022-10-25 12:15:12,174 [Listener at 127.0.0.1/33161] INFO  grpc.GrpcConfigKeys (ConfUtils.java:logGet(46)) - raft.grpc.server.port = 0 (default)
2022-10-25 12:15:12,174 [Listener at 127.0.0.1/33161] INFO  server.GrpcService (ConfUtils.java:logGet(46)) - raft.grpc.message.size.max = 32MB (=33554432) (custom)
2022-10-25 12:15:12,174 [Listener at 127.0.0.1/33161] INFO  server.RaftServerConfigKeys (ConfUtils.java:logGet(46)) - raft.server.log.appender.buffer.byte-limit = 33554432 (custom)
2022-10-25 12:15:12,174 [Listener at 127.0.0.1/33161] INFO  server.GrpcService (ConfUtils.java:logGet(46)) - raft.grpc.flow.control.window = 5MB (=5242880) (custom)
2022-10-25 12:15:12,175 [Listener at 127.0.0.1/33161] INFO  server.RaftServerConfigKeys (ConfUtils.java:logGet(46)) - raft.server.rpc.request.timeout = 60s (custom)
2022-10-25 12:15:12,175 [Listener at 127.0.0.1/33161] INFO  grpc.GrpcConfigKeys (ConfUtils.java:logGet(46)) - raft.grpc.server.heartbeat.channel = true (default)
2022-10-25 12:15:12,175 [Listener at 127.0.0.1/33161] INFO  grpc.GrpcConfigKeys (ConfUtils.java:logGet(46)) - raft.grpc.server.async.request.thread.pool.cached = true (default)
2022-10-25 12:15:12,175 [Listener at 127.0.0.1/33161] INFO  grpc.GrpcConfigKeys (ConfUtils.java:logGet(46)) - raft.grpc.server.async.request.thread.pool.size = 32 (default)
2022-10-25 12:15:12,176 [Listener at 127.0.0.1/33161] INFO  impl.DataStreamServerImpl (ConfUtils.java:logGet(46)) - raft.datastream.type = DISABLED (default)
2022-10-25 12:15:12,177 [Listener at 127.0.0.1/33161] INFO  server.RaftServerConfigKeys (ConfUtils.java:logGet(46)) - raft.server.threadpool.proxy.cached = true (default)
2022-10-25 12:15:12,177 [Listener at 127.0.0.1/33161] INFO  server.RaftServerConfigKeys (ConfUtils.java:logGet(46)) - raft.server.threadpool.proxy.size = 0 (default)
2022-10-25 12:15:12,177 [Listener at 127.0.0.1/33161] INFO  server.RaftServerConfigKeys (ConfUtils.java:logGet(46)) - raft.server.rpc.slowness.timeout = 300s (custom)
2022-10-25 12:15:12,185 [Listener at 127.0.0.1/33161] INFO  server.RaftServerConfigKeys (ConfUtils.java:logGet(46)) - raft.server.leaderelection.leader.step-down.wait-time = 10s (default)
2022-10-25 12:15:12,186 [Listener at 127.0.0.1/33161] INFO  server.RaftServerConfigKeys (ConfUtils.java:logGet(46)) - raft.server.storage.dir = [/home/runner/work/ozone/ozone/hadoop-ozone/integration-test/target/test-dir/MiniOzoneClusterImpl-59fd4bbb-78e8-4c50-bd4e-19e5c7f0d0cd/datanode-6/data/ratis] (custom)
2022-10-25 12:15:12,192 [Listener at 127.0.0.1/33161] INFO  server.XceiverServerGrpc (XceiverServerGrpc.java:<init>(132)) - GrpcServer channel type EpollServerSocketChannel
2022-10-25 12:15:12,196 [Listener at 127.0.0.1/33161] INFO  http.BaseHttpServer (BaseHttpServer.java:newHttpServer2BuilderForOzone(213)) - Starting Web-server for hddsDatanode at: http://0.0.0.0:0
2022-10-25 12:15:12,196 [Listener at 127.0.0.1/33161] INFO  http.BaseHttpServer (BaseHttpServer.java:<init>(108)) - Hadoop Security Enabled: false Ozone Security Enabled: false Ozone HTTP Security Enabled: false 
2022-10-25 12:15:12,198 [Listener at 127.0.0.1/33161] WARN  server.AuthenticationFilter (AuthenticationFilter.java:constructSecretProvider(240)) - Unable to initialize FileSignerSecretProvider, falling back to use random secrets. Reason: Could not read signature secret file: /home/runner/hadoop-http-auth-signature-secret
2022-10-25 12:15:12,199 [Listener at 127.0.0.1/33161] WARN  http.HttpRequestLog (HttpRequestLog.java:getRequestLog(103)) - Jetty request log can only be enabled using Log4j
2022-10-25 12:15:12,200 [Listener at 127.0.0.1/33161] INFO  http.HttpServer2 (HttpServer2.java:addGlobalFilter(1031)) - Added global filter 'safety' (class=org.apache.hadoop.hdds.server.http.HttpServer2$QuotingInputFilter)
2022-10-25 12:15:12,201 [Listener at 127.0.0.1/33161] INFO  http.HttpServer2 (HttpServer2.java:addFilter(1007)) - Added filter static_user_filter (class=org.apache.hadoop.http.lib.StaticUserWebFilter$StaticUserFilter) to context hddsDatanode
2022-10-25 12:15:12,201 [Listener at 127.0.0.1/33161] INFO  http.HttpServer2 (HttpServer2.java:addFilter(1015)) - Added filter static_user_filter (class=org.apache.hadoop.http.lib.StaticUserWebFilter$StaticUserFilter) to context logs
2022-10-25 12:15:12,201 [Listener at 127.0.0.1/33161] INFO  http.HttpServer2 (HttpServer2.java:addFilter(1015)) - Added filter static_user_filter (class=org.apache.hadoop.http.lib.StaticUserWebFilter$StaticUserFilter) to context static
2022-10-25 12:15:12,202 [Listener at 127.0.0.1/33161] INFO  http.HttpServer2 (HttpServer2.java:bindListener(1250)) - Jetty bound to port 33727
2022-10-25 12:15:12,202 [Listener at 127.0.0.1/33161] INFO  server.Server (Server.java:doStart(375)) - jetty-9.4.43.v20210629; built: 2021-06-30T11:07:22.254Z; git: 526006ecfa3af7f1a27ef3a288e2bef7ea9dd7e8; jvm 1.8.0_345-b01
2022-10-25 12:15:12,207 [Listener at 127.0.0.1/33161] INFO  server.session (DefaultSessionIdManager.java:doStart(334)) - DefaultSessionIdManager workerName=node0
2022-10-25 12:15:12,207 [Listener at 127.0.0.1/33161] INFO  server.session (DefaultSessionIdManager.java:doStart(339)) - No SessionScavenger set, using defaults
2022-10-25 12:15:12,208 [Listener at 127.0.0.1/33161] INFO  server.session (HouseKeeper.java:startScavenging(132)) - node0 Scavenging every 600000ms
2022-10-25 12:15:12,209 [Listener at 127.0.0.1/33161] INFO  handler.ContextHandler (ContextHandler.java:doStart(915)) - Started o.e.j.s.ServletContextHandler@2c507e20{logs,/logs,file:///home/runner/work/ozone/ozone/hadoop-ozone/integration-test/target/log,AVAILABLE}
2022-10-25 12:15:12,209 [Listener at 127.0.0.1/33161] INFO  handler.ContextHandler (ContextHandler.java:doStart(915)) - Started o.e.j.s.ServletContextHandler@80ee766{static,/static,jar:file:/home/runner/.m2/repository/org/apache/ozone/hdds-container-service/1.3.0-SNAPSHOT/hdds-container-service-1.3.0-SNAPSHOT.jar!/webapps/static,AVAILABLE}
2022-10-25 12:15:12,403 [Listener at 127.0.0.1/33161] INFO  handler.ContextHandler (ContextHandler.java:doStart(915)) - Started o.e.j.w.WebAppContext@3f498899{hddsDatanode,/,file:///tmp/jetty-0_0_0_0-33727-hdds-container-service-1_3_0-SNAPSHOT_jar-_-any-3033580003093646194/webapp/,AVAILABLE}{jar:file:/home/runner/.m2/repository/org/apache/ozone/hdds-container-service/1.3.0-SNAPSHOT/hdds-container-service-1.3.0-SNAPSHOT.jar!/webapps/hddsDatanode}
2022-10-25 12:15:12,404 [Listener at 127.0.0.1/33161] INFO  server.AbstractConnector (AbstractConnector.java:doStart(331)) - Started ServerConnector@6e96492b{HTTP/1.1, (http/1.1)}{0.0.0.0:33727}
2022-10-25 12:15:12,405 [Listener at 127.0.0.1/33161] INFO  server.Server (Server.java:doStart(415)) - Started @11608ms
2022-10-25 12:15:12,405 [Listener at 127.0.0.1/33161] WARN  impl.MetricsSystemImpl (MetricsSystemImpl.java:register(279)) - Sink prometheus already exists!
2022-10-25 12:15:12,405 [Listener at 127.0.0.1/33161] INFO  http.BaseHttpServer (BaseHttpServer.java:updateConnectorAddress(333)) - HTTP server of hddsDatanode listening at http://0.0.0.0:33727
2022-10-25 12:15:12,409 [Listener at 127.0.0.1/33161] WARN  impl.MetricRegistriesImpl (MetricRegistriesImpl.java:addReporterRegistration(111)) - New reporters are added after registries were created. Some metrics will be missing from the reporter. Please add reporter before adding any new registry.
2022-10-25 12:15:12,409 [Listener at 127.0.0.1/33161] WARN  impl.MetricRegistriesImpl (MetricRegistriesImpl.java:addReporterRegistration(111)) - New reporters are added after registries were created. Some metrics will be missing from the reporter. Please add reporter before adding any new registry.
2022-10-25 12:15:12,409 [Listener at 127.0.0.1/33161] INFO  impl.MetricsSystemImpl (MetricsSystemImpl.java:init(158)) - HddsDatanode metrics system started (again)
2022-10-25 12:15:12,410 [Datanode State Machine Daemon Thread] INFO  statemachine.DatanodeStateMachine (DatanodeStateMachine.java:lambda$startDaemon$0(498)) - Ozone container server started.
2022-10-25 12:15:12,422 [org.apache.hadoop.util.JvmPauseMonitor$Monitor@1f159360] INFO  util.JvmPauseMonitor (JvmPauseMonitor.java:run(188)) - Starting JVM pause monitor
2022-10-25 12:15:12,424 [Datanode State Machine Task Thread - 0] INFO  datanode.InitDatanodeState (InitDatanodeState.java:persistContainerDatanodeDetails(138)) - DatanodeDetails is persisted to /home/runner/work/ozone/ozone/hadoop-ozone/integration-test/target/test-dir/MiniOzoneClusterImpl-59fd4bbb-78e8-4c50-bd4e-19e5c7f0d0cd/datanode-6/meta/datanode.id
2022-10-25 12:15:12,429 [Listener at 127.0.0.1/33161] INFO  ozone.HddsDatanodeService (HddsDatanodeService.java:start(236)) - HddsDatanodeService host:fv-az82-510.ou3itxwc2spe5nxnxxppousbrf.dx.internal.cloudapp.net ip:10.1.1.43
2022-10-25 12:15:12,452 [Listener at 127.0.0.1/33161] INFO  upgrade.AbstractLayoutVersionManager (AbstractLayoutVersionManager.java:init(83)) - Initializing Layout version manager with metadata layout = DATANODE_SCHEMA_V3 (version = 4), software layout = DATANODE_SCHEMA_V3 (version = 4)
2022-10-25 12:15:12,502 [Listener at 127.0.0.1/33161] INFO  reflections.Reflections (Reflections.java:scan(232)) - Reflections took 47 ms to scan 7 urls, producing 137 keys and 330 values 
2022-10-25 12:15:12,503 [Listener at 127.0.0.1/33161] INFO  statemachine.DatanodeStateMachine (DatanodeStateMachine.java:getEndPointTaskThreadPoolSize(242)) - Datanode State Machine Task Thread Pool size 2
2022-10-25 12:15:12,510 [Listener at 127.0.0.1/33161] INFO  volume.HddsVolume (HddsVolume.java:<init>(117)) - Creating HddsVolume: /home/runner/work/ozone/ozone/hadoop-ozone/integration-test/target/test-dir/MiniOzoneClusterImpl-59fd4bbb-78e8-4c50-bd4e-19e5c7f0d0cd/datanode-7/data-0/containers/hdds of storage type : DISK capacity : 9223372036854775807
2022-10-25 12:15:12,511 [Listener at 127.0.0.1/33161] INFO  volume.MutableVolumeSet (MutableVolumeSet.java:initializeVolumeSet(174)) - Added Volume : /home/runner/work/ozone/ozone/hadoop-ozone/integration-test/target/test-dir/MiniOzoneClusterImpl-59fd4bbb-78e8-4c50-bd4e-19e5c7f0d0cd/datanode-7/data-0/containers/hdds to VolumeSet
2022-10-25 12:15:12,511 [Listener at 127.0.0.1/33161] INFO  volume.ThrottledAsyncChecker (ThrottledAsyncChecker.java:schedule(141)) - Scheduling a check for /home/runner/work/ozone/ozone/hadoop-ozone/integration-test/target/test-dir/MiniOzoneClusterImpl-59fd4bbb-78e8-4c50-bd4e-19e5c7f0d0cd/datanode-7/data-0/containers/hdds
2022-10-25 12:15:12,513 [Listener at 127.0.0.1/33161] INFO  volume.StorageVolumeChecker (StorageVolumeChecker.java:checkAllVolumes(202)) - Scheduled health check for volume /home/runner/work/ozone/ozone/hadoop-ozone/integration-test/target/test-dir/MiniOzoneClusterImpl-59fd4bbb-78e8-4c50-bd4e-19e5c7f0d0cd/datanode-7/data-0/containers/hdds
2022-10-25 12:15:12,530 [Listener at 127.0.0.1/33161] INFO  volume.MutableVolumeSet (MutableVolumeSet.java:initializeVolumeSet(174)) - Added Volume : /home/runner/work/ozone/ozone/hadoop-ozone/integration-test/target/test-dir/MiniOzoneClusterImpl-59fd4bbb-78e8-4c50-bd4e-19e5c7f0d0cd/datanode-7/data/ratis to VolumeSet
2022-10-25 12:15:12,530 [Listener at 127.0.0.1/33161] INFO  volume.ThrottledAsyncChecker (ThrottledAsyncChecker.java:schedule(141)) - Scheduling a check for /home/runner/work/ozone/ozone/hadoop-ozone/integration-test/target/test-dir/MiniOzoneClusterImpl-59fd4bbb-78e8-4c50-bd4e-19e5c7f0d0cd/datanode-7/data/ratis
2022-10-25 12:15:12,531 [Listener at 127.0.0.1/33161] INFO  volume.StorageVolumeChecker (StorageVolumeChecker.java:checkAllVolumes(202)) - Scheduled health check for volume /home/runner/work/ozone/ozone/hadoop-ozone/integration-test/target/test-dir/MiniOzoneClusterImpl-59fd4bbb-78e8-4c50-bd4e-19e5c7f0d0cd/datanode-7/data/ratis
2022-10-25 12:15:12,542 [Thread-235] INFO  ozoneimpl.ContainerReader (ContainerReader.java:readVolume(175)) - Finish verifying containers on volume /home/runner/work/ozone/ozone/hadoop-ozone/integration-test/target/test-dir/MiniOzoneClusterImpl-59fd4bbb-78e8-4c50-bd4e-19e5c7f0d0cd/datanode-7/data-0/containers/hdds
2022-10-25 12:15:12,542 [Listener at 127.0.0.1/33161] INFO  ozoneimpl.OzoneContainer (OzoneContainer.java:buildContainerSet(300)) - Build ContainerSet costs 0s
2022-10-25 12:15:12,545 [Listener at 127.0.0.1/33161] INFO  server.RaftServer (ConfUtils.java:logGet(46)) - raft.rpc.type = GRPC (default)
2022-10-25 12:15:12,545 [Listener at 127.0.0.1/33161] INFO  grpc.GrpcConfigKeys (ConfUtils.java:logFallback(53)) - raft.grpc.admin.host = null (fallback to raft.grpc.server.host)
2022-10-25 12:15:12,545 [Listener at 127.0.0.1/33161] INFO  grpc.GrpcConfigKeys (ConfUtils.java:logGet(46)) - raft.grpc.admin.port = 0 (custom)
2022-10-25 12:15:12,546 [Listener at 127.0.0.1/33161] INFO  grpc.GrpcConfigKeys (ConfUtils.java:logFallback(53)) - raft.grpc.client.host = null (fallback to raft.grpc.server.host)
2022-10-25 12:15:12,546 [Listener at 127.0.0.1/33161] INFO  grpc.GrpcConfigKeys (ConfUtils.java:logGet(46)) - raft.grpc.client.port = 0 (custom)
2022-10-25 12:15:12,546 [Listener at 127.0.0.1/33161] INFO  grpc.GrpcConfigKeys (ConfUtils.java:logGet(46)) - raft.grpc.server.host = null (default)
2022-10-25 12:15:12,546 [Listener at 127.0.0.1/33161] INFO  grpc.GrpcConfigKeys (ConfUtils.java:logGet(46)) - raft.grpc.server.port = 0 (default)
2022-10-25 12:15:12,546 [Listener at 127.0.0.1/33161] INFO  server.GrpcService (ConfUtils.java:logGet(46)) - raft.grpc.message.size.max = 32MB (=33554432) (custom)
2022-10-25 12:15:12,547 [Listener at 127.0.0.1/33161] INFO  server.RaftServerConfigKeys (ConfUtils.java:logGet(46)) - raft.server.log.appender.buffer.byte-limit = 33554432 (custom)
2022-10-25 12:15:12,547 [Listener at 127.0.0.1/33161] INFO  server.GrpcService (ConfUtils.java:logGet(46)) - raft.grpc.flow.control.window = 5MB (=5242880) (custom)
2022-10-25 12:15:12,547 [Listener at 127.0.0.1/33161] INFO  server.RaftServerConfigKeys (ConfUtils.java:logGet(46)) - raft.server.rpc.request.timeout = 60s (custom)
2022-10-25 12:15:12,547 [Listener at 127.0.0.1/33161] INFO  grpc.GrpcConfigKeys (ConfUtils.java:logGet(46)) - raft.grpc.server.heartbeat.channel = true (default)
2022-10-25 12:15:12,547 [Listener at 127.0.0.1/33161] INFO  grpc.GrpcConfigKeys (ConfUtils.java:logGet(46)) - raft.grpc.server.async.request.thread.pool.cached = true (default)
2022-10-25 12:15:12,548 [Listener at 127.0.0.1/33161] INFO  grpc.GrpcConfigKeys (ConfUtils.java:logGet(46)) - raft.grpc.server.async.request.thread.pool.size = 32 (default)
2022-10-25 12:15:12,549 [Listener at 127.0.0.1/33161] INFO  impl.DataStreamServerImpl (ConfUtils.java:logGet(46)) - raft.datastream.type = DISABLED (default)
2022-10-25 12:15:12,549 [Listener at 127.0.0.1/33161] INFO  server.RaftServerConfigKeys (ConfUtils.java:logGet(46)) - raft.server.threadpool.proxy.cached = true (default)
2022-10-25 12:15:12,549 [Listener at 127.0.0.1/33161] INFO  server.RaftServerConfigKeys (ConfUtils.java:logGet(46)) - raft.server.threadpool.proxy.size = 0 (default)
2022-10-25 12:15:12,549 [Listener at 127.0.0.1/33161] INFO  server.RaftServerConfigKeys (ConfUtils.java:logGet(46)) - raft.server.rpc.slowness.timeout = 300s (custom)
2022-10-25 12:15:12,550 [Listener at 127.0.0.1/33161] INFO  server.RaftServerConfigKeys (ConfUtils.java:logGet(46)) - raft.server.leaderelection.leader.step-down.wait-time = 10s (default)
2022-10-25 12:15:12,550 [Listener at 127.0.0.1/33161] INFO  server.RaftServerConfigKeys (ConfUtils.java:logGet(46)) - raft.server.storage.dir = [/home/runner/work/ozone/ozone/hadoop-ozone/integration-test/target/test-dir/MiniOzoneClusterImpl-59fd4bbb-78e8-4c50-bd4e-19e5c7f0d0cd/datanode-7/data/ratis] (custom)
2022-10-25 12:15:12,551 [Listener at 127.0.0.1/33161] INFO  server.XceiverServerGrpc (XceiverServerGrpc.java:<init>(132)) - GrpcServer channel type EpollServerSocketChannel
2022-10-25 12:15:12,557 [Listener at 127.0.0.1/33161] INFO  http.BaseHttpServer (BaseHttpServer.java:newHttpServer2BuilderForOzone(213)) - Starting Web-server for hddsDatanode at: http://0.0.0.0:0
2022-10-25 12:15:12,557 [Listener at 127.0.0.1/33161] INFO  http.BaseHttpServer (BaseHttpServer.java:<init>(108)) - Hadoop Security Enabled: false Ozone Security Enabled: false Ozone HTTP Security Enabled: false 
2022-10-25 12:15:12,558 [Listener at 127.0.0.1/33161] WARN  server.AuthenticationFilter (AuthenticationFilter.java:constructSecretProvider(240)) - Unable to initialize FileSignerSecretProvider, falling back to use random secrets. Reason: Could not read signature secret file: /home/runner/hadoop-http-auth-signature-secret
2022-10-25 12:15:12,560 [Listener at 127.0.0.1/33161] WARN  http.HttpRequestLog (HttpRequestLog.java:getRequestLog(103)) - Jetty request log can only be enabled using Log4j
2022-10-25 12:15:12,561 [Listener at 127.0.0.1/33161] INFO  http.HttpServer2 (HttpServer2.java:addGlobalFilter(1031)) - Added global filter 'safety' (class=org.apache.hadoop.hdds.server.http.HttpServer2$QuotingInputFilter)
2022-10-25 12:15:12,562 [Listener at 127.0.0.1/33161] INFO  http.HttpServer2 (HttpServer2.java:addFilter(1007)) - Added filter static_user_filter (class=org.apache.hadoop.http.lib.StaticUserWebFilter$StaticUserFilter) to context hddsDatanode
2022-10-25 12:15:12,563 [Listener at 127.0.0.1/33161] INFO  http.HttpServer2 (HttpServer2.java:addFilter(1015)) - Added filter static_user_filter (class=org.apache.hadoop.http.lib.StaticUserWebFilter$StaticUserFilter) to context static
2022-10-25 12:15:12,563 [Listener at 127.0.0.1/33161] INFO  http.HttpServer2 (HttpServer2.java:addFilter(1015)) - Added filter static_user_filter (class=org.apache.hadoop.http.lib.StaticUserWebFilter$StaticUserFilter) to context logs
2022-10-25 12:15:12,564 [Listener at 127.0.0.1/33161] INFO  http.HttpServer2 (HttpServer2.java:bindListener(1250)) - Jetty bound to port 41523
2022-10-25 12:15:12,564 [Listener at 127.0.0.1/33161] INFO  server.Server (Server.java:doStart(375)) - jetty-9.4.43.v20210629; built: 2021-06-30T11:07:22.254Z; git: 526006ecfa3af7f1a27ef3a288e2bef7ea9dd7e8; jvm 1.8.0_345-b01
2022-10-25 12:15:12,569 [Listener at 127.0.0.1/33161] INFO  server.session (DefaultSessionIdManager.java:doStart(334)) - DefaultSessionIdManager workerName=node0
2022-10-25 12:15:12,569 [Listener at 127.0.0.1/33161] INFO  server.session (DefaultSessionIdManager.java:doStart(339)) - No SessionScavenger set, using defaults
2022-10-25 12:15:12,570 [Listener at 127.0.0.1/33161] INFO  server.session (HouseKeeper.java:startScavenging(132)) - node0 Scavenging every 660000ms
2022-10-25 12:15:12,571 [Listener at 127.0.0.1/33161] INFO  handler.ContextHandler (ContextHandler.java:doStart(915)) - Started o.e.j.s.ServletContextHandler@1fe37814{logs,/logs,file:///home/runner/work/ozone/ozone/hadoop-ozone/integration-test/target/log,AVAILABLE}
2022-10-25 12:15:12,571 [Listener at 127.0.0.1/33161] INFO  handler.ContextHandler (ContextHandler.java:doStart(915)) - Started o.e.j.s.ServletContextHandler@39af729d{static,/static,jar:file:/home/runner/.m2/repository/org/apache/ozone/hdds-container-service/1.3.0-SNAPSHOT/hdds-container-service-1.3.0-SNAPSHOT.jar!/webapps/static,AVAILABLE}
2022-10-25 12:15:12,575 [EndpointStateMachine task thread for /0.0.0.0:39909 - 0 ] INFO  volume.HddsVolume (HddsVolume.java:createDbStore(307)) - SchemaV3 db is created and loaded at /home/runner/work/ozone/ozone/hadoop-ozone/integration-test/target/test-dir/MiniOzoneClusterImpl-59fd4bbb-78e8-4c50-bd4e-19e5c7f0d0cd/datanode-1/data-0/containers/hdds/59fd4bbb-78e8-4c50-bd4e-19e5c7f0d0cd/DS-4258e3d6-14e1-4011-b68f-b5ba84cb9d1b/container.db for volume DS-4258e3d6-14e1-4011-b68f-b5ba84cb9d1b
2022-10-25 12:15:12,577 [EndpointStateMachine task thread for /0.0.0.0:39909 - 0 ] INFO  volume.HddsVolume (HddsVolume.java:closeDbStore(338)) - SchemaV3 db is stopped at /home/runner/work/ozone/ozone/hadoop-ozone/integration-test/target/test-dir/MiniOzoneClusterImpl-59fd4bbb-78e8-4c50-bd4e-19e5c7f0d0cd/datanode-1/data-0/containers/hdds/59fd4bbb-78e8-4c50-bd4e-19e5c7f0d0cd/DS-4258e3d6-14e1-4011-b68f-b5ba84cb9d1b/container.db for volume DS-4258e3d6-14e1-4011-b68f-b5ba84cb9d1b
2022-10-25 12:15:12,577 [EndpointStateMachine task thread for /0.0.0.0:39909 - 0 ] INFO  ozoneimpl.OzoneContainer (OzoneContainer.java:start(378)) - Attempting to start container services.
2022-10-25 12:15:12,577 [EndpointStateMachine task thread for /0.0.0.0:39909 - 0 ] INFO  ozoneimpl.OzoneContainer (OzoneContainer.java:startContainerScrub(313)) - Background container scanner has been disabled.
2022-10-25 12:15:12,579 [EndpointStateMachine task thread for /0.0.0.0:39909 - 0 ] INFO  replication.ReplicationServer (ReplicationServer.java:start(111)) - ReplicationServer is started using port 46767
2022-10-25 12:15:12,580 [EndpointStateMachine task thread for /0.0.0.0:39909 - 0 ] INFO  ratis.XceiverServerRatis (XceiverServerRatis.java:start(481)) - Starting XceiverServerRatis 86658d9d-b609-4403-bc8a-bf059dbdbb67
2022-10-25 12:15:12,589 [EndpointStateMachine task thread for /0.0.0.0:39909 - 0 ] INFO  server.RaftServer (RaftServerProxy.java:startImpl(393)) - 86658d9d-b609-4403-bc8a-bf059dbdbb67: start RPC server
2022-10-25 12:15:12,595 [EndpointStateMachine task thread for /0.0.0.0:39909 - 0 ] INFO  server.GrpcService (GrpcService.java:startImpl(270)) - 86658d9d-b609-4403-bc8a-bf059dbdbb67: GrpcService started, listening on 34601
2022-10-25 12:15:12,596 [EndpointStateMachine task thread for /0.0.0.0:39909 - 0 ] INFO  ratis.XceiverServerRatis (XceiverServerRatis.java:getRealPort(502)) - XceiverServerRatis 86658d9d-b609-4403-bc8a-bf059dbdbb67 is started using port 34601 for RATIS
2022-10-25 12:15:12,596 [EndpointStateMachine task thread for /0.0.0.0:39909 - 0 ] INFO  ratis.XceiverServerRatis (XceiverServerRatis.java:getRealPort(502)) - XceiverServerRatis 86658d9d-b609-4403-bc8a-bf059dbdbb67 is started using port 34601 for RATIS_ADMIN
2022-10-25 12:15:12,596 [EndpointStateMachine task thread for /0.0.0.0:39909 - 0 ] INFO  ratis.XceiverServerRatis (XceiverServerRatis.java:getRealPort(502)) - XceiverServerRatis 86658d9d-b609-4403-bc8a-bf059dbdbb67 is started using port 34601 for RATIS_SERVER
2022-10-25 12:15:12,597 [JvmPauseMonitor2] INFO  util.JvmPauseMonitor (JvmPauseMonitor.java:run(105)) - JvmPauseMonitor-86658d9d-b609-4403-bc8a-bf059dbdbb67: Started
2022-10-25 12:15:12,602 [EndpointStateMachine task thread for /0.0.0.0:39909 - 0 ] INFO  server.XceiverServerGrpc (XceiverServerGrpc.java:start(180)) - XceiverServerGrpc 86658d9d-b609-4403-bc8a-bf059dbdbb67 is started using port 42213
2022-10-25 12:15:12,771 [Listener at 127.0.0.1/33161] INFO  handler.ContextHandler (ContextHandler.java:doStart(915)) - Started o.e.j.w.WebAppContext@b32dbea{hddsDatanode,/,file:///tmp/jetty-0_0_0_0-41523-hdds-container-service-1_3_0-SNAPSHOT_jar-_-any-4103457966691749176/webapp/,AVAILABLE}{jar:file:/home/runner/.m2/repository/org/apache/ozone/hdds-container-service/1.3.0-SNAPSHOT/hdds-container-service-1.3.0-SNAPSHOT.jar!/webapps/hddsDatanode}
2022-10-25 12:15:12,773 [Listener at 127.0.0.1/33161] INFO  server.AbstractConnector (AbstractConnector.java:doStart(331)) - Started ServerConnector@f559f83{HTTP/1.1, (http/1.1)}{0.0.0.0:41523}
2022-10-25 12:15:12,773 [Listener at 127.0.0.1/33161] INFO  server.Server (Server.java:doStart(415)) - Started @11977ms
2022-10-25 12:15:12,774 [Listener at 127.0.0.1/33161] WARN  impl.MetricsSystemImpl (MetricsSystemImpl.java:register(279)) - Sink prometheus already exists!
2022-10-25 12:15:12,774 [Listener at 127.0.0.1/33161] INFO  http.BaseHttpServer (BaseHttpServer.java:updateConnectorAddress(333)) - HTTP server of hddsDatanode listening at http://0.0.0.0:41523
2022-10-25 12:15:12,776 [Datanode State Machine Daemon Thread] INFO  statemachine.DatanodeStateMachine (DatanodeStateMachine.java:lambda$startDaemon$0(498)) - Ozone container server started.
2022-10-25 12:15:12,778 [Listener at 127.0.0.1/33161] WARN  impl.MetricRegistriesImpl (MetricRegistriesImpl.java:addReporterRegistration(111)) - New reporters are added after registries were created. Some metrics will be missing from the reporter. Please add reporter before adding any new registry.
2022-10-25 12:15:12,778 [Listener at 127.0.0.1/33161] WARN  impl.MetricRegistriesImpl (MetricRegistriesImpl.java:addReporterRegistration(111)) - New reporters are added after registries were created. Some metrics will be missing from the reporter. Please add reporter before adding any new registry.
2022-10-25 12:15:12,778 [Listener at 127.0.0.1/33161] INFO  impl.MetricsSystemImpl (MetricsSystemImpl.java:init(158)) - HddsDatanode metrics system started (again)
2022-10-25 12:15:12,792 [org.apache.hadoop.util.JvmPauseMonitor$Monitor@347305fa] INFO  util.JvmPauseMonitor (JvmPauseMonitor.java:run(188)) - Starting JVM pause monitor
2022-10-25 12:15:12,793 [Datanode State Machine Task Thread - 0] INFO  datanode.InitDatanodeState (InitDatanodeState.java:persistContainerDatanodeDetails(138)) - DatanodeDetails is persisted to /home/runner/work/ozone/ozone/hadoop-ozone/integration-test/target/test-dir/MiniOzoneClusterImpl-59fd4bbb-78e8-4c50-bd4e-19e5c7f0d0cd/datanode-7/meta/datanode.id
2022-10-25 12:15:12,794 [Listener at 127.0.0.1/33161] INFO  ozone.HddsDatanodeService (HddsDatanodeService.java:start(236)) - HddsDatanodeService host:fv-az82-510.ou3itxwc2spe5nxnxxppousbrf.dx.internal.cloudapp.net ip:10.1.1.43
2022-10-25 12:15:12,818 [Listener at 127.0.0.1/33161] INFO  upgrade.AbstractLayoutVersionManager (AbstractLayoutVersionManager.java:init(83)) - Initializing Layout version manager with metadata layout = DATANODE_SCHEMA_V3 (version = 4), software layout = DATANODE_SCHEMA_V3 (version = 4)
2022-10-25 12:15:12,875 [Listener at 127.0.0.1/33161] INFO  reflections.Reflections (Reflections.java:scan(232)) - Reflections took 56 ms to scan 7 urls, producing 137 keys and 330 values 
2022-10-25 12:15:12,876 [Listener at 127.0.0.1/33161] INFO  statemachine.DatanodeStateMachine (DatanodeStateMachine.java:getEndPointTaskThreadPoolSize(242)) - Datanode State Machine Task Thread Pool size 2
2022-10-25 12:15:12,880 [Listener at 127.0.0.1/33161] INFO  volume.HddsVolume (HddsVolume.java:<init>(117)) - Creating HddsVolume: /home/runner/work/ozone/ozone/hadoop-ozone/integration-test/target/test-dir/MiniOzoneClusterImpl-59fd4bbb-78e8-4c50-bd4e-19e5c7f0d0cd/datanode-8/data-0/containers/hdds of storage type : DISK capacity : 9223372036854775807
2022-10-25 12:15:12,880 [Listener at 127.0.0.1/33161] INFO  volume.MutableVolumeSet (MutableVolumeSet.java:initializeVolumeSet(174)) - Added Volume : /home/runner/work/ozone/ozone/hadoop-ozone/integration-test/target/test-dir/MiniOzoneClusterImpl-59fd4bbb-78e8-4c50-bd4e-19e5c7f0d0cd/datanode-8/data-0/containers/hdds to VolumeSet
2022-10-25 12:15:12,882 [Listener at 127.0.0.1/33161] INFO  volume.ThrottledAsyncChecker (ThrottledAsyncChecker.java:schedule(141)) - Scheduling a check for /home/runner/work/ozone/ozone/hadoop-ozone/integration-test/target/test-dir/MiniOzoneClusterImpl-59fd4bbb-78e8-4c50-bd4e-19e5c7f0d0cd/datanode-8/data-0/containers/hdds
2022-10-25 12:15:12,883 [Listener at 127.0.0.1/33161] INFO  volume.StorageVolumeChecker (StorageVolumeChecker.java:checkAllVolumes(202)) - Scheduled health check for volume /home/runner/work/ozone/ozone/hadoop-ozone/integration-test/target/test-dir/MiniOzoneClusterImpl-59fd4bbb-78e8-4c50-bd4e-19e5c7f0d0cd/datanode-8/data-0/containers/hdds
2022-10-25 12:15:12,911 [Listener at 127.0.0.1/33161] INFO  volume.MutableVolumeSet (MutableVolumeSet.java:initializeVolumeSet(174)) - Added Volume : /home/runner/work/ozone/ozone/hadoop-ozone/integration-test/target/test-dir/MiniOzoneClusterImpl-59fd4bbb-78e8-4c50-bd4e-19e5c7f0d0cd/datanode-8/data/ratis to VolumeSet
2022-10-25 12:15:12,911 [Listener at 127.0.0.1/33161] INFO  volume.ThrottledAsyncChecker (ThrottledAsyncChecker.java:schedule(141)) - Scheduling a check for /home/runner/work/ozone/ozone/hadoop-ozone/integration-test/target/test-dir/MiniOzoneClusterImpl-59fd4bbb-78e8-4c50-bd4e-19e5c7f0d0cd/datanode-8/data/ratis
2022-10-25 12:15:12,912 [Listener at 127.0.0.1/33161] INFO  volume.StorageVolumeChecker (StorageVolumeChecker.java:checkAllVolumes(202)) - Scheduled health check for volume /home/runner/work/ozone/ozone/hadoop-ozone/integration-test/target/test-dir/MiniOzoneClusterImpl-59fd4bbb-78e8-4c50-bd4e-19e5c7f0d0cd/datanode-8/data/ratis
2022-10-25 12:15:12,931 [Thread-253] INFO  ozoneimpl.ContainerReader (ContainerReader.java:readVolume(175)) - Finish verifying containers on volume /home/runner/work/ozone/ozone/hadoop-ozone/integration-test/target/test-dir/MiniOzoneClusterImpl-59fd4bbb-78e8-4c50-bd4e-19e5c7f0d0cd/datanode-8/data-0/containers/hdds
2022-10-25 12:15:12,931 [Listener at 127.0.0.1/33161] INFO  ozoneimpl.OzoneContainer (OzoneContainer.java:buildContainerSet(300)) - Build ContainerSet costs 0s
2022-10-25 12:15:12,934 [Listener at 127.0.0.1/33161] INFO  server.RaftServer (ConfUtils.java:logGet(46)) - raft.rpc.type = GRPC (default)
2022-10-25 12:15:12,934 [Listener at 127.0.0.1/33161] INFO  grpc.GrpcConfigKeys (ConfUtils.java:logFallback(53)) - raft.grpc.admin.host = null (fallback to raft.grpc.server.host)
2022-10-25 12:15:12,934 [Listener at 127.0.0.1/33161] INFO  grpc.GrpcConfigKeys (ConfUtils.java:logGet(46)) - raft.grpc.admin.port = 0 (custom)
2022-10-25 12:15:12,934 [Listener at 127.0.0.1/33161] INFO  grpc.GrpcConfigKeys (ConfUtils.java:logFallback(53)) - raft.grpc.client.host = null (fallback to raft.grpc.server.host)
2022-10-25 12:15:12,935 [Listener at 127.0.0.1/33161] INFO  grpc.GrpcConfigKeys (ConfUtils.java:logGet(46)) - raft.grpc.client.port = 0 (custom)
2022-10-25 12:15:12,935 [Listener at 127.0.0.1/33161] INFO  grpc.GrpcConfigKeys (ConfUtils.java:logGet(46)) - raft.grpc.server.host = null (default)
2022-10-25 12:15:12,935 [Listener at 127.0.0.1/33161] INFO  grpc.GrpcConfigKeys (ConfUtils.java:logGet(46)) - raft.grpc.server.port = 0 (default)
2022-10-25 12:15:12,935 [Listener at 127.0.0.1/33161] INFO  server.GrpcService (ConfUtils.java:logGet(46)) - raft.grpc.message.size.max = 32MB (=33554432) (custom)
2022-10-25 12:15:12,935 [Listener at 127.0.0.1/33161] INFO  server.RaftServerConfigKeys (ConfUtils.java:logGet(46)) - raft.server.log.appender.buffer.byte-limit = 33554432 (custom)
2022-10-25 12:15:12,936 [Listener at 127.0.0.1/33161] INFO  server.GrpcService (ConfUtils.java:logGet(46)) - raft.grpc.flow.control.window = 5MB (=5242880) (custom)
2022-10-25 12:15:12,936 [Listener at 127.0.0.1/33161] INFO  server.RaftServerConfigKeys (ConfUtils.java:logGet(46)) - raft.server.rpc.request.timeout = 60s (custom)
2022-10-25 12:15:12,936 [Listener at 127.0.0.1/33161] INFO  grpc.GrpcConfigKeys (ConfUtils.java:logGet(46)) - raft.grpc.server.heartbeat.channel = true (default)
2022-10-25 12:15:12,936 [Listener at 127.0.0.1/33161] INFO  grpc.GrpcConfigKeys (ConfUtils.java:logGet(46)) - raft.grpc.server.async.request.thread.pool.cached = true (default)
2022-10-25 12:15:12,936 [Listener at 127.0.0.1/33161] INFO  grpc.GrpcConfigKeys (ConfUtils.java:logGet(46)) - raft.grpc.server.async.request.thread.pool.size = 32 (default)
2022-10-25 12:15:12,942 [Listener at 127.0.0.1/33161] INFO  impl.DataStreamServerImpl (ConfUtils.java:logGet(46)) - raft.datastream.type = DISABLED (default)
2022-10-25 12:15:12,943 [Listener at 127.0.0.1/33161] INFO  server.RaftServerConfigKeys (ConfUtils.java:logGet(46)) - raft.server.threadpool.proxy.cached = true (default)
2022-10-25 12:15:12,944 [EndpointStateMachine task thread for /0.0.0.0:39909 - 0 ] INFO  volume.HddsVolume (HddsVolume.java:createDbStore(307)) - SchemaV3 db is created and loaded at /home/runner/work/ozone/ozone/hadoop-ozone/integration-test/target/test-dir/MiniOzoneClusterImpl-59fd4bbb-78e8-4c50-bd4e-19e5c7f0d0cd/datanode-2/data-0/containers/hdds/59fd4bbb-78e8-4c50-bd4e-19e5c7f0d0cd/DS-a58d032a-3d61-4e06-a3d0-957a851c5886/container.db for volume DS-a58d032a-3d61-4e06-a3d0-957a851c5886
2022-10-25 12:15:12,945 [Listener at 127.0.0.1/33161] INFO  server.RaftServerConfigKeys (ConfUtils.java:logGet(46)) - raft.server.threadpool.proxy.size = 0 (default)
2022-10-25 12:15:12,950 [Listener at 127.0.0.1/33161] INFO  server.RaftServerConfigKeys (ConfUtils.java:logGet(46)) - raft.server.rpc.slowness.timeout = 300s (custom)
2022-10-25 12:15:12,950 [Listener at 127.0.0.1/33161] INFO  server.RaftServerConfigKeys (ConfUtils.java:logGet(46)) - raft.server.leaderelection.leader.step-down.wait-time = 10s (default)
2022-10-25 12:15:12,950 [EndpointStateMachine task thread for /0.0.0.0:39909 - 0 ] INFO  volume.HddsVolume (HddsVolume.java:closeDbStore(338)) - SchemaV3 db is stopped at /home/runner/work/ozone/ozone/hadoop-ozone/integration-test/target/test-dir/MiniOzoneClusterImpl-59fd4bbb-78e8-4c50-bd4e-19e5c7f0d0cd/datanode-2/data-0/containers/hdds/59fd4bbb-78e8-4c50-bd4e-19e5c7f0d0cd/DS-a58d032a-3d61-4e06-a3d0-957a851c5886/container.db for volume DS-a58d032a-3d61-4e06-a3d0-957a851c5886
2022-10-25 12:15:12,950 [EndpointStateMachine task thread for /0.0.0.0:39909 - 0 ] INFO  ozoneimpl.OzoneContainer (OzoneContainer.java:start(378)) - Attempting to start container services.
2022-10-25 12:15:12,950 [EndpointStateMachine task thread for /0.0.0.0:39909 - 0 ] INFO  ozoneimpl.OzoneContainer (OzoneContainer.java:startContainerScrub(313)) - Background container scanner has been disabled.
2022-10-25 12:15:12,950 [Listener at 127.0.0.1/33161] INFO  server.RaftServerConfigKeys (ConfUtils.java:logGet(46)) - raft.server.storage.dir = [/home/runner/work/ozone/ozone/hadoop-ozone/integration-test/target/test-dir/MiniOzoneClusterImpl-59fd4bbb-78e8-4c50-bd4e-19e5c7f0d0cd/datanode-8/data/ratis] (custom)
2022-10-25 12:15:12,958 [EndpointStateMachine task thread for /0.0.0.0:39909 - 0 ] INFO  replication.ReplicationServer (ReplicationServer.java:start(111)) - ReplicationServer is started using port 39861
2022-10-25 12:15:12,958 [EndpointStateMachine task thread for /0.0.0.0:39909 - 0 ] INFO  ratis.XceiverServerRatis (XceiverServerRatis.java:start(481)) - Starting XceiverServerRatis 0c76121b-7d6b-4708-9ae8-9ff4448060b7
2022-10-25 12:15:12,959 [EndpointStateMachine task thread for /0.0.0.0:39909 - 0 ] INFO  server.RaftServer (RaftServerProxy.java:startImpl(393)) - 0c76121b-7d6b-4708-9ae8-9ff4448060b7: start RPC server
2022-10-25 12:15:12,961 [Listener at 127.0.0.1/33161] INFO  server.XceiverServerGrpc (XceiverServerGrpc.java:<init>(132)) - GrpcServer channel type EpollServerSocketChannel
2022-10-25 12:15:12,963 [EndpointStateMachine task thread for /0.0.0.0:39909 - 0 ] INFO  server.GrpcService (GrpcService.java:startImpl(270)) - 0c76121b-7d6b-4708-9ae8-9ff4448060b7: GrpcService started, listening on 35675
2022-10-25 12:15:12,969 [EndpointStateMachine task thread for /0.0.0.0:39909 - 0 ] INFO  ratis.XceiverServerRatis (XceiverServerRatis.java:getRealPort(502)) - XceiverServerRatis 0c76121b-7d6b-4708-9ae8-9ff4448060b7 is started using port 35675 for RATIS
2022-10-25 12:15:12,969 [EndpointStateMachine task thread for /0.0.0.0:39909 - 0 ] INFO  ratis.XceiverServerRatis (XceiverServerRatis.java:getRealPort(502)) - XceiverServerRatis 0c76121b-7d6b-4708-9ae8-9ff4448060b7 is started using port 35675 for RATIS_ADMIN
2022-10-25 12:15:12,969 [EndpointStateMachine task thread for /0.0.0.0:39909 - 0 ] INFO  ratis.XceiverServerRatis (XceiverServerRatis.java:getRealPort(502)) - XceiverServerRatis 0c76121b-7d6b-4708-9ae8-9ff4448060b7 is started using port 35675 for RATIS_SERVER
2022-10-25 12:15:12,970 [JvmPauseMonitor3] INFO  util.JvmPauseMonitor (JvmPauseMonitor.java:run(105)) - JvmPauseMonitor-0c76121b-7d6b-4708-9ae8-9ff4448060b7: Started
2022-10-25 12:15:12,974 [Listener at 127.0.0.1/33161] INFO  http.BaseHttpServer (BaseHttpServer.java:newHttpServer2BuilderForOzone(213)) - Starting Web-server for hddsDatanode at: http://0.0.0.0:0
2022-10-25 12:15:12,974 [Listener at 127.0.0.1/33161] INFO  http.BaseHttpServer (BaseHttpServer.java:<init>(108)) - Hadoop Security Enabled: false Ozone Security Enabled: false Ozone HTTP Security Enabled: false 
2022-10-25 12:15:12,977 [Listener at 127.0.0.1/33161] WARN  server.AuthenticationFilter (AuthenticationFilter.java:constructSecretProvider(240)) - Unable to initialize FileSignerSecretProvider, falling back to use random secrets. Reason: Could not read signature secret file: /home/runner/hadoop-http-auth-signature-secret
2022-10-25 12:15:12,978 [Listener at 127.0.0.1/33161] WARN  http.HttpRequestLog (HttpRequestLog.java:getRequestLog(103)) - Jetty request log can only be enabled using Log4j
2022-10-25 12:15:12,978 [EndpointStateMachine task thread for /0.0.0.0:39909 - 0 ] INFO  server.XceiverServerGrpc (XceiverServerGrpc.java:start(180)) - XceiverServerGrpc 0c76121b-7d6b-4708-9ae8-9ff4448060b7 is started using port 32975
2022-10-25 12:15:12,989 [Listener at 127.0.0.1/33161] INFO  http.HttpServer2 (HttpServer2.java:addGlobalFilter(1031)) - Added global filter 'safety' (class=org.apache.hadoop.hdds.server.http.HttpServer2$QuotingInputFilter)
2022-10-25 12:15:12,990 [Listener at 127.0.0.1/33161] INFO  http.HttpServer2 (HttpServer2.java:addFilter(1007)) - Added filter static_user_filter (class=org.apache.hadoop.http.lib.StaticUserWebFilter$StaticUserFilter) to context hddsDatanode
2022-10-25 12:15:12,990 [Listener at 127.0.0.1/33161] INFO  http.HttpServer2 (HttpServer2.java:addFilter(1015)) - Added filter static_user_filter (class=org.apache.hadoop.http.lib.StaticUserWebFilter$StaticUserFilter) to context static
2022-10-25 12:15:12,990 [Listener at 127.0.0.1/33161] INFO  http.HttpServer2 (HttpServer2.java:addFilter(1015)) - Added filter static_user_filter (class=org.apache.hadoop.http.lib.StaticUserWebFilter$StaticUserFilter) to context logs
2022-10-25 12:15:12,990 [Listener at 127.0.0.1/33161] INFO  http.HttpServer2 (HttpServer2.java:bindListener(1250)) - Jetty bound to port 35849
2022-10-25 12:15:12,991 [Listener at 127.0.0.1/33161] INFO  server.Server (Server.java:doStart(375)) - jetty-9.4.43.v20210629; built: 2021-06-30T11:07:22.254Z; git: 526006ecfa3af7f1a27ef3a288e2bef7ea9dd7e8; jvm 1.8.0_345-b01
2022-10-25 12:15:12,993 [Listener at 127.0.0.1/33161] INFO  server.session (DefaultSessionIdManager.java:doStart(334)) - DefaultSessionIdManager workerName=node0
2022-10-25 12:15:12,994 [Listener at 127.0.0.1/33161] INFO  server.session (DefaultSessionIdManager.java:doStart(339)) - No SessionScavenger set, using defaults
2022-10-25 12:15:12,994 [Listener at 127.0.0.1/33161] INFO  server.session (HouseKeeper.java:startScavenging(132)) - node0 Scavenging every 660000ms
2022-10-25 12:15:12,995 [Listener at 127.0.0.1/33161] INFO  handler.ContextHandler (ContextHandler.java:doStart(915)) - Started o.e.j.s.ServletContextHandler@2bb4b203{logs,/logs,file:///home/runner/work/ozone/ozone/hadoop-ozone/integration-test/target/log,AVAILABLE}
2022-10-25 12:15:12,995 [Listener at 127.0.0.1/33161] INFO  handler.ContextHandler (ContextHandler.java:doStart(915)) - Started o.e.j.s.ServletContextHandler@28d6d970{static,/static,jar:file:/home/runner/.m2/repository/org/apache/ozone/hdds-container-service/1.3.0-SNAPSHOT/hdds-container-service-1.3.0-SNAPSHOT.jar!/webapps/static,AVAILABLE}
2022-10-25 12:15:13,177 [Listener at 127.0.0.1/33161] INFO  handler.ContextHandler (ContextHandler.java:doStart(915)) - Started o.e.j.w.WebAppContext@635b5740{hddsDatanode,/,file:///tmp/jetty-0_0_0_0-35849-hdds-container-service-1_3_0-SNAPSHOT_jar-_-any-8266954636079136109/webapp/,AVAILABLE}{jar:file:/home/runner/.m2/repository/org/apache/ozone/hdds-container-service/1.3.0-SNAPSHOT/hdds-container-service-1.3.0-SNAPSHOT.jar!/webapps/hddsDatanode}
2022-10-25 12:15:13,178 [Listener at 127.0.0.1/33161] INFO  server.AbstractConnector (AbstractConnector.java:doStart(331)) - Started ServerConnector@6d5f9907{HTTP/1.1, (http/1.1)}{0.0.0.0:35849}
2022-10-25 12:15:13,179 [Listener at 127.0.0.1/33161] INFO  server.Server (Server.java:doStart(415)) - Started @12383ms
2022-10-25 12:15:13,179 [Listener at 127.0.0.1/33161] WARN  impl.MetricsSystemImpl (MetricsSystemImpl.java:register(279)) - Sink prometheus already exists!
2022-10-25 12:15:13,180 [Listener at 127.0.0.1/33161] INFO  http.BaseHttpServer (BaseHttpServer.java:updateConnectorAddress(333)) - HTTP server of hddsDatanode listening at http://0.0.0.0:35849
2022-10-25 12:15:13,185 [Listener at 127.0.0.1/33161] WARN  impl.MetricRegistriesImpl (MetricRegistriesImpl.java:addReporterRegistration(111)) - New reporters are added after registries were created. Some metrics will be missing from the reporter. Please add reporter before adding any new registry.
2022-10-25 12:15:13,185 [Listener at 127.0.0.1/33161] WARN  impl.MetricRegistriesImpl (MetricRegistriesImpl.java:addReporterRegistration(111)) - New reporters are added after registries were created. Some metrics will be missing from the reporter. Please add reporter before adding any new registry.
2022-10-25 12:15:13,185 [Listener at 127.0.0.1/33161] INFO  impl.MetricsSystemImpl (MetricsSystemImpl.java:init(158)) - HddsDatanode metrics system started (again)
2022-10-25 12:15:13,190 [Datanode State Machine Daemon Thread] INFO  statemachine.DatanodeStateMachine (DatanodeStateMachine.java:lambda$startDaemon$0(498)) - Ozone container server started.
2022-10-25 12:15:13,206 [Listener at 127.0.0.1/33161] INFO  ozone.HddsDatanodeService (HddsDatanodeService.java:start(236)) - HddsDatanodeService host:fv-az82-510.ou3itxwc2spe5nxnxxppousbrf.dx.internal.cloudapp.net ip:10.1.1.43
2022-10-25 12:15:13,210 [org.apache.hadoop.util.JvmPauseMonitor$Monitor@3fb4f938] INFO  util.JvmPauseMonitor (JvmPauseMonitor.java:run(188)) - Starting JVM pause monitor
2022-10-25 12:15:13,214 [Datanode State Machine Task Thread - 0] INFO  datanode.InitDatanodeState (InitDatanodeState.java:persistContainerDatanodeDetails(138)) - DatanodeDetails is persisted to /home/runner/work/ozone/ozone/hadoop-ozone/integration-test/target/test-dir/MiniOzoneClusterImpl-59fd4bbb-78e8-4c50-bd4e-19e5c7f0d0cd/datanode-8/meta/datanode.id
2022-10-25 12:15:13,232 [Listener at 127.0.0.1/33161] INFO  upgrade.AbstractLayoutVersionManager (AbstractLayoutVersionManager.java:init(83)) - Initializing Layout version manager with metadata layout = DATANODE_SCHEMA_V3 (version = 4), software layout = DATANODE_SCHEMA_V3 (version = 4)
2022-10-25 12:15:13,283 [Listener at 127.0.0.1/33161] INFO  reflections.Reflections (Reflections.java:scan(232)) - Reflections took 50 ms to scan 7 urls, producing 137 keys and 330 values 
2022-10-25 12:15:13,285 [Listener at 127.0.0.1/33161] INFO  statemachine.DatanodeStateMachine (DatanodeStateMachine.java:getEndPointTaskThreadPoolSize(242)) - Datanode State Machine Task Thread Pool size 2
2022-10-25 12:15:13,287 [Listener at 127.0.0.1/33161] INFO  volume.HddsVolume (HddsVolume.java:<init>(117)) - Creating HddsVolume: /home/runner/work/ozone/ozone/hadoop-ozone/integration-test/target/test-dir/MiniOzoneClusterImpl-59fd4bbb-78e8-4c50-bd4e-19e5c7f0d0cd/datanode-9/data-0/containers/hdds of storage type : DISK capacity : 9223372036854775807
2022-10-25 12:15:13,288 [Listener at 127.0.0.1/33161] INFO  volume.MutableVolumeSet (MutableVolumeSet.java:initializeVolumeSet(174)) - Added Volume : /home/runner/work/ozone/ozone/hadoop-ozone/integration-test/target/test-dir/MiniOzoneClusterImpl-59fd4bbb-78e8-4c50-bd4e-19e5c7f0d0cd/datanode-9/data-0/containers/hdds to VolumeSet
2022-10-25 12:15:13,288 [Listener at 127.0.0.1/33161] INFO  volume.ThrottledAsyncChecker (ThrottledAsyncChecker.java:schedule(141)) - Scheduling a check for /home/runner/work/ozone/ozone/hadoop-ozone/integration-test/target/test-dir/MiniOzoneClusterImpl-59fd4bbb-78e8-4c50-bd4e-19e5c7f0d0cd/datanode-9/data-0/containers/hdds
2022-10-25 12:15:13,289 [Listener at 127.0.0.1/33161] INFO  volume.StorageVolumeChecker (StorageVolumeChecker.java:checkAllVolumes(202)) - Scheduled health check for volume /home/runner/work/ozone/ozone/hadoop-ozone/integration-test/target/test-dir/MiniOzoneClusterImpl-59fd4bbb-78e8-4c50-bd4e-19e5c7f0d0cd/datanode-9/data-0/containers/hdds
2022-10-25 12:15:13,302 [Listener at 127.0.0.1/33161] INFO  volume.MutableVolumeSet (MutableVolumeSet.java:initializeVolumeSet(174)) - Added Volume : /home/runner/work/ozone/ozone/hadoop-ozone/integration-test/target/test-dir/MiniOzoneClusterImpl-59fd4bbb-78e8-4c50-bd4e-19e5c7f0d0cd/datanode-9/data/ratis to VolumeSet
2022-10-25 12:15:13,302 [Listener at 127.0.0.1/33161] INFO  volume.ThrottledAsyncChecker (ThrottledAsyncChecker.java:schedule(141)) - Scheduling a check for /home/runner/work/ozone/ozone/hadoop-ozone/integration-test/target/test-dir/MiniOzoneClusterImpl-59fd4bbb-78e8-4c50-bd4e-19e5c7f0d0cd/datanode-9/data/ratis
2022-10-25 12:15:13,303 [Listener at 127.0.0.1/33161] INFO  volume.StorageVolumeChecker (StorageVolumeChecker.java:checkAllVolumes(202)) - Scheduled health check for volume /home/runner/work/ozone/ozone/hadoop-ozone/integration-test/target/test-dir/MiniOzoneClusterImpl-59fd4bbb-78e8-4c50-bd4e-19e5c7f0d0cd/datanode-9/data/ratis
2022-10-25 12:15:13,314 [Thread-271] INFO  ozoneimpl.ContainerReader (ContainerReader.java:readVolume(175)) - Finish verifying containers on volume /home/runner/work/ozone/ozone/hadoop-ozone/integration-test/target/test-dir/MiniOzoneClusterImpl-59fd4bbb-78e8-4c50-bd4e-19e5c7f0d0cd/datanode-9/data-0/containers/hdds
2022-10-25 12:15:13,314 [Listener at 127.0.0.1/33161] INFO  ozoneimpl.OzoneContainer (OzoneContainer.java:buildContainerSet(300)) - Build ContainerSet costs 0s
2022-10-25 12:15:13,315 [EndpointStateMachine task thread for /0.0.0.0:39909 - 0 ] INFO  volume.HddsVolume (HddsVolume.java:createDbStore(307)) - SchemaV3 db is created and loaded at /home/runner/work/ozone/ozone/hadoop-ozone/integration-test/target/test-dir/MiniOzoneClusterImpl-59fd4bbb-78e8-4c50-bd4e-19e5c7f0d0cd/datanode-3/data-0/containers/hdds/59fd4bbb-78e8-4c50-bd4e-19e5c7f0d0cd/DS-3a0b62e4-247c-4fdf-9510-13dbf392836a/container.db for volume DS-3a0b62e4-247c-4fdf-9510-13dbf392836a
2022-10-25 12:15:13,318 [Listener at 127.0.0.1/33161] INFO  server.RaftServer (ConfUtils.java:logGet(46)) - raft.rpc.type = GRPC (default)
2022-10-25 12:15:13,318 [Listener at 127.0.0.1/33161] INFO  grpc.GrpcConfigKeys (ConfUtils.java:logFallback(53)) - raft.grpc.admin.host = null (fallback to raft.grpc.server.host)
2022-10-25 12:15:13,318 [Listener at 127.0.0.1/33161] INFO  grpc.GrpcConfigKeys (ConfUtils.java:logGet(46)) - raft.grpc.admin.port = 0 (custom)
2022-10-25 12:15:13,319 [Listener at 127.0.0.1/33161] INFO  grpc.GrpcConfigKeys (ConfUtils.java:logFallback(53)) - raft.grpc.client.host = null (fallback to raft.grpc.server.host)
2022-10-25 12:15:13,319 [Listener at 127.0.0.1/33161] INFO  grpc.GrpcConfigKeys (ConfUtils.java:logGet(46)) - raft.grpc.client.port = 0 (custom)
2022-10-25 12:15:13,319 [Listener at 127.0.0.1/33161] INFO  grpc.GrpcConfigKeys (ConfUtils.java:logGet(46)) - raft.grpc.server.host = null (default)
2022-10-25 12:15:13,319 [Listener at 127.0.0.1/33161] INFO  grpc.GrpcConfigKeys (ConfUtils.java:logGet(46)) - raft.grpc.server.port = 0 (default)
2022-10-25 12:15:13,319 [Listener at 127.0.0.1/33161] INFO  server.GrpcService (ConfUtils.java:logGet(46)) - raft.grpc.message.size.max = 32MB (=33554432) (custom)
2022-10-25 12:15:13,320 [Listener at 127.0.0.1/33161] INFO  server.RaftServerConfigKeys (ConfUtils.java:logGet(46)) - raft.server.log.appender.buffer.byte-limit = 33554432 (custom)
2022-10-25 12:15:13,320 [Listener at 127.0.0.1/33161] INFO  server.GrpcService (ConfUtils.java:logGet(46)) - raft.grpc.flow.control.window = 5MB (=5242880) (custom)
2022-10-25 12:15:13,320 [Listener at 127.0.0.1/33161] INFO  server.RaftServerConfigKeys (ConfUtils.java:logGet(46)) - raft.server.rpc.request.timeout = 60s (custom)
2022-10-25 12:15:13,324 [Listener at 127.0.0.1/33161] INFO  grpc.GrpcConfigKeys (ConfUtils.java:logGet(46)) - raft.grpc.server.heartbeat.channel = true (default)
2022-10-25 12:15:13,324 [Listener at 127.0.0.1/33161] INFO  grpc.GrpcConfigKeys (ConfUtils.java:logGet(46)) - raft.grpc.server.async.request.thread.pool.cached = true (default)
2022-10-25 12:15:13,324 [EndpointStateMachine task thread for /0.0.0.0:39909 - 0 ] INFO  volume.HddsVolume (HddsVolume.java:closeDbStore(338)) - SchemaV3 db is stopped at /home/runner/work/ozone/ozone/hadoop-ozone/integration-test/target/test-dir/MiniOzoneClusterImpl-59fd4bbb-78e8-4c50-bd4e-19e5c7f0d0cd/datanode-3/data-0/containers/hdds/59fd4bbb-78e8-4c50-bd4e-19e5c7f0d0cd/DS-3a0b62e4-247c-4fdf-9510-13dbf392836a/container.db for volume DS-3a0b62e4-247c-4fdf-9510-13dbf392836a
2022-10-25 12:15:13,325 [Listener at 127.0.0.1/33161] INFO  grpc.GrpcConfigKeys (ConfUtils.java:logGet(46)) - raft.grpc.server.async.request.thread.pool.size = 32 (default)
2022-10-25 12:15:13,325 [EndpointStateMachine task thread for /0.0.0.0:39909 - 0 ] INFO  ozoneimpl.OzoneContainer (OzoneContainer.java:start(378)) - Attempting to start container services.
2022-10-25 12:15:13,325 [EndpointStateMachine task thread for /0.0.0.0:39909 - 0 ] INFO  ozoneimpl.OzoneContainer (OzoneContainer.java:startContainerScrub(313)) - Background container scanner has been disabled.
2022-10-25 12:15:13,327 [Listener at 127.0.0.1/33161] INFO  impl.DataStreamServerImpl (ConfUtils.java:logGet(46)) - raft.datastream.type = DISABLED (default)
2022-10-25 12:15:13,327 [EndpointStateMachine task thread for /0.0.0.0:39909 - 0 ] INFO  replication.ReplicationServer (ReplicationServer.java:start(111)) - ReplicationServer is started using port 34441
2022-10-25 12:15:13,327 [Listener at 127.0.0.1/33161] INFO  server.RaftServerConfigKeys (ConfUtils.java:logGet(46)) - raft.server.threadpool.proxy.cached = true (default)
2022-10-25 12:15:13,331 [EndpointStateMachine task thread for /0.0.0.0:39909 - 0 ] INFO  ratis.XceiverServerRatis (XceiverServerRatis.java:start(481)) - Starting XceiverServerRatis be21c5c4-321c-411e-8ca9-5bb5909d110b
2022-10-25 12:15:13,331 [Listener at 127.0.0.1/33161] INFO  server.RaftServerConfigKeys (ConfUtils.java:logGet(46)) - raft.server.threadpool.proxy.size = 0 (default)
2022-10-25 12:15:13,331 [Listener at 127.0.0.1/33161] INFO  server.RaftServerConfigKeys (ConfUtils.java:logGet(46)) - raft.server.rpc.slowness.timeout = 300s (custom)
2022-10-25 12:15:13,332 [Listener at 127.0.0.1/33161] INFO  server.RaftServerConfigKeys (ConfUtils.java:logGet(46)) - raft.server.leaderelection.leader.step-down.wait-time = 10s (default)
2022-10-25 12:15:13,332 [Listener at 127.0.0.1/33161] INFO  server.RaftServerConfigKeys (ConfUtils.java:logGet(46)) - raft.server.storage.dir = [/home/runner/work/ozone/ozone/hadoop-ozone/integration-test/target/test-dir/MiniOzoneClusterImpl-59fd4bbb-78e8-4c50-bd4e-19e5c7f0d0cd/datanode-9/data/ratis] (custom)
2022-10-25 12:15:13,335 [EndpointStateMachine task thread for /0.0.0.0:39909 - 0 ] INFO  server.RaftServer (RaftServerProxy.java:startImpl(393)) - be21c5c4-321c-411e-8ca9-5bb5909d110b: start RPC server
2022-10-25 12:15:13,339 [EndpointStateMachine task thread for /0.0.0.0:39909 - 0 ] INFO  server.GrpcService (GrpcService.java:startImpl(270)) - be21c5c4-321c-411e-8ca9-5bb5909d110b: GrpcService started, listening on 34703
2022-10-25 12:15:13,339 [Listener at 127.0.0.1/33161] INFO  server.XceiverServerGrpc (XceiverServerGrpc.java:<init>(132)) - GrpcServer channel type EpollServerSocketChannel
2022-10-25 12:15:13,342 [EndpointStateMachine task thread for /0.0.0.0:39909 - 0 ] INFO  ratis.XceiverServerRatis (XceiverServerRatis.java:getRealPort(502)) - XceiverServerRatis be21c5c4-321c-411e-8ca9-5bb5909d110b is started using port 34703 for RATIS
2022-10-25 12:15:13,342 [EndpointStateMachine task thread for /0.0.0.0:39909 - 0 ] INFO  ratis.XceiverServerRatis (XceiverServerRatis.java:getRealPort(502)) - XceiverServerRatis be21c5c4-321c-411e-8ca9-5bb5909d110b is started using port 34703 for RATIS_ADMIN
2022-10-25 12:15:13,342 [EndpointStateMachine task thread for /0.0.0.0:39909 - 0 ] INFO  ratis.XceiverServerRatis (XceiverServerRatis.java:getRealPort(502)) - XceiverServerRatis be21c5c4-321c-411e-8ca9-5bb5909d110b is started using port 34703 for RATIS_SERVER
2022-10-25 12:15:13,342 [JvmPauseMonitor4] INFO  util.JvmPauseMonitor (JvmPauseMonitor.java:run(105)) - JvmPauseMonitor-be21c5c4-321c-411e-8ca9-5bb5909d110b: Started
2022-10-25 12:15:13,343 [Listener at 127.0.0.1/33161] INFO  http.BaseHttpServer (BaseHttpServer.java:newHttpServer2BuilderForOzone(213)) - Starting Web-server for hddsDatanode at: http://0.0.0.0:0
2022-10-25 12:15:13,344 [Listener at 127.0.0.1/33161] INFO  http.BaseHttpServer (BaseHttpServer.java:<init>(108)) - Hadoop Security Enabled: false Ozone Security Enabled: false Ozone HTTP Security Enabled: false 
2022-10-25 12:15:13,346 [EndpointStateMachine task thread for /0.0.0.0:39909 - 0 ] INFO  server.XceiverServerGrpc (XceiverServerGrpc.java:start(180)) - XceiverServerGrpc be21c5c4-321c-411e-8ca9-5bb5909d110b is started using port 38509
2022-10-25 12:15:13,347 [Listener at 127.0.0.1/33161] WARN  server.AuthenticationFilter (AuthenticationFilter.java:constructSecretProvider(240)) - Unable to initialize FileSignerSecretProvider, falling back to use random secrets. Reason: Could not read signature secret file: /home/runner/hadoop-http-auth-signature-secret
2022-10-25 12:15:13,348 [Listener at 127.0.0.1/33161] WARN  http.HttpRequestLog (HttpRequestLog.java:getRequestLog(103)) - Jetty request log can only be enabled using Log4j
2022-10-25 12:15:13,350 [Listener at 127.0.0.1/33161] INFO  http.HttpServer2 (HttpServer2.java:addGlobalFilter(1031)) - Added global filter 'safety' (class=org.apache.hadoop.hdds.server.http.HttpServer2$QuotingInputFilter)
2022-10-25 12:15:13,351 [Listener at 127.0.0.1/33161] INFO  http.HttpServer2 (HttpServer2.java:addFilter(1007)) - Added filter static_user_filter (class=org.apache.hadoop.http.lib.StaticUserWebFilter$StaticUserFilter) to context hddsDatanode
2022-10-25 12:15:13,351 [Listener at 127.0.0.1/33161] INFO  http.HttpServer2 (HttpServer2.java:addFilter(1015)) - Added filter static_user_filter (class=org.apache.hadoop.http.lib.StaticUserWebFilter$StaticUserFilter) to context static
2022-10-25 12:15:13,351 [Listener at 127.0.0.1/33161] INFO  http.HttpServer2 (HttpServer2.java:addFilter(1015)) - Added filter static_user_filter (class=org.apache.hadoop.http.lib.StaticUserWebFilter$StaticUserFilter) to context logs
2022-10-25 12:15:13,351 [Listener at 127.0.0.1/33161] INFO  http.HttpServer2 (HttpServer2.java:bindListener(1250)) - Jetty bound to port 46097
2022-10-25 12:15:13,352 [Listener at 127.0.0.1/33161] INFO  server.Server (Server.java:doStart(375)) - jetty-9.4.43.v20210629; built: 2021-06-30T11:07:22.254Z; git: 526006ecfa3af7f1a27ef3a288e2bef7ea9dd7e8; jvm 1.8.0_345-b01
2022-10-25 12:15:13,357 [Listener at 127.0.0.1/33161] INFO  server.session (DefaultSessionIdManager.java:doStart(334)) - DefaultSessionIdManager workerName=node0
2022-10-25 12:15:13,358 [Listener at 127.0.0.1/33161] INFO  server.session (DefaultSessionIdManager.java:doStart(339)) - No SessionScavenger set, using defaults
2022-10-25 12:15:13,358 [Listener at 127.0.0.1/33161] INFO  server.session (HouseKeeper.java:startScavenging(132)) - node0 Scavenging every 660000ms
2022-10-25 12:15:13,359 [Listener at 127.0.0.1/33161] INFO  handler.ContextHandler (ContextHandler.java:doStart(915)) - Started o.e.j.s.ServletContextHandler@1f2797ac{logs,/logs,file:///home/runner/work/ozone/ozone/hadoop-ozone/integration-test/target/log,AVAILABLE}
2022-10-25 12:15:13,359 [Listener at 127.0.0.1/33161] INFO  handler.ContextHandler (ContextHandler.java:doStart(915)) - Started o.e.j.s.ServletContextHandler@3be5eccd{static,/static,jar:file:/home/runner/.m2/repository/org/apache/ozone/hdds-container-service/1.3.0-SNAPSHOT/hdds-container-service-1.3.0-SNAPSHOT.jar!/webapps/static,AVAILABLE}
2022-10-25 12:15:13,548 [Listener at 127.0.0.1/33161] INFO  handler.ContextHandler (ContextHandler.java:doStart(915)) - Started o.e.j.w.WebAppContext@28f9b308{hddsDatanode,/,file:///tmp/jetty-0_0_0_0-46097-hdds-container-service-1_3_0-SNAPSHOT_jar-_-any-7705440346707299524/webapp/,AVAILABLE}{jar:file:/home/runner/.m2/repository/org/apache/ozone/hdds-container-service/1.3.0-SNAPSHOT/hdds-container-service-1.3.0-SNAPSHOT.jar!/webapps/hddsDatanode}
2022-10-25 12:15:13,550 [Listener at 127.0.0.1/33161] INFO  server.AbstractConnector (AbstractConnector.java:doStart(331)) - Started ServerConnector@fb7eb2c{HTTP/1.1, (http/1.1)}{0.0.0.0:46097}
2022-10-25 12:15:13,550 [Listener at 127.0.0.1/33161] INFO  server.Server (Server.java:doStart(415)) - Started @12754ms
2022-10-25 12:15:13,550 [Listener at 127.0.0.1/33161] WARN  impl.MetricsSystemImpl (MetricsSystemImpl.java:register(279)) - Sink prometheus already exists!
2022-10-25 12:15:13,551 [Listener at 127.0.0.1/33161] INFO  http.BaseHttpServer (BaseHttpServer.java:updateConnectorAddress(333)) - HTTP server of hddsDatanode listening at http://0.0.0.0:46097
2022-10-25 12:15:13,553 [Datanode State Machine Daemon Thread] INFO  statemachine.DatanodeStateMachine (DatanodeStateMachine.java:lambda$startDaemon$0(498)) - Ozone container server started.
2022-10-25 12:15:13,557 [Listener at 127.0.0.1/33161] INFO  ozone.MiniOzoneClusterImpl (MiniOzoneClusterImpl.java:lambda$waitForClusterToBeReady$0(216)) - Waiting for nodes to be ready. Got 0 of 10 DN Heartbeats.
2022-10-25 12:15:13,557 [Listener at 127.0.0.1/33161] INFO  ozone.MiniOzoneClusterImpl (MiniOzoneClusterImpl.java:lambda$waitForClusterToBeReady$0(219)) - Waiting for cluster to exit safe mode
2022-10-25 12:15:13,557 [Listener at 127.0.0.1/33161] INFO  ozone.MiniOzoneClusterImpl (MiniOzoneClusterImpl.java:lambda$waitForClusterToBeReady$0(221)) - SCM became leader
2022-10-25 12:15:13,565 [org.apache.hadoop.util.JvmPauseMonitor$Monitor@47c5e923] INFO  util.JvmPauseMonitor (JvmPauseMonitor.java:run(188)) - Starting JVM pause monitor
2022-10-25 12:15:13,568 [Datanode State Machine Task Thread - 0] INFO  datanode.InitDatanodeState (InitDatanodeState.java:persistContainerDatanodeDetails(138)) - DatanodeDetails is persisted to /home/runner/work/ozone/ozone/hadoop-ozone/integration-test/target/test-dir/MiniOzoneClusterImpl-59fd4bbb-78e8-4c50-bd4e-19e5c7f0d0cd/datanode-9/meta/datanode.id
2022-10-25 12:15:13,640 [EndpointStateMachine task thread for /0.0.0.0:39909 - 0 ] INFO  volume.HddsVolume (HddsVolume.java:createDbStore(307)) - SchemaV3 db is created and loaded at /home/runner/work/ozone/ozone/hadoop-ozone/integration-test/target/test-dir/MiniOzoneClusterImpl-59fd4bbb-78e8-4c50-bd4e-19e5c7f0d0cd/datanode-4/data-0/containers/hdds/59fd4bbb-78e8-4c50-bd4e-19e5c7f0d0cd/DS-6083d057-6d20-4400-91b5-faa8bf713538/container.db for volume DS-6083d057-6d20-4400-91b5-faa8bf713538
2022-10-25 12:15:13,641 [EndpointStateMachine task thread for /0.0.0.0:39909 - 0 ] INFO  volume.HddsVolume (HddsVolume.java:closeDbStore(338)) - SchemaV3 db is stopped at /home/runner/work/ozone/ozone/hadoop-ozone/integration-test/target/test-dir/MiniOzoneClusterImpl-59fd4bbb-78e8-4c50-bd4e-19e5c7f0d0cd/datanode-4/data-0/containers/hdds/59fd4bbb-78e8-4c50-bd4e-19e5c7f0d0cd/DS-6083d057-6d20-4400-91b5-faa8bf713538/container.db for volume DS-6083d057-6d20-4400-91b5-faa8bf713538
2022-10-25 12:15:13,641 [EndpointStateMachine task thread for /0.0.0.0:39909 - 0 ] INFO  ozoneimpl.OzoneContainer (OzoneContainer.java:start(378)) - Attempting to start container services.
2022-10-25 12:15:13,641 [EndpointStateMachine task thread for /0.0.0.0:39909 - 0 ] INFO  ozoneimpl.OzoneContainer (OzoneContainer.java:startContainerScrub(313)) - Background container scanner has been disabled.
2022-10-25 12:15:13,644 [EndpointStateMachine task thread for /0.0.0.0:39909 - 0 ] INFO  replication.ReplicationServer (ReplicationServer.java:start(111)) - ReplicationServer is started using port 34039
2022-10-25 12:15:13,647 [EndpointStateMachine task thread for /0.0.0.0:39909 - 0 ] INFO  ratis.XceiverServerRatis (XceiverServerRatis.java:start(481)) - Starting XceiverServerRatis 6ce03c57-5430-4ab1-bf83-fb555d2de968
2022-10-25 12:15:13,648 [EndpointStateMachine task thread for /0.0.0.0:39909 - 0 ] INFO  server.RaftServer (RaftServerProxy.java:startImpl(393)) - 6ce03c57-5430-4ab1-bf83-fb555d2de968: start RPC server
2022-10-25 12:15:13,650 [EndpointStateMachine task thread for /0.0.0.0:39909 - 0 ] INFO  server.GrpcService (GrpcService.java:startImpl(270)) - 6ce03c57-5430-4ab1-bf83-fb555d2de968: GrpcService started, listening on 33579
2022-10-25 12:15:13,651 [EndpointStateMachine task thread for /0.0.0.0:39909 - 0 ] INFO  ratis.XceiverServerRatis (XceiverServerRatis.java:getRealPort(502)) - XceiverServerRatis 6ce03c57-5430-4ab1-bf83-fb555d2de968 is started using port 33579 for RATIS
2022-10-25 12:15:13,651 [JvmPauseMonitor5] INFO  util.JvmPauseMonitor (JvmPauseMonitor.java:run(105)) - JvmPauseMonitor-6ce03c57-5430-4ab1-bf83-fb555d2de968: Started
2022-10-25 12:15:13,651 [EndpointStateMachine task thread for /0.0.0.0:39909 - 0 ] INFO  ratis.XceiverServerRatis (XceiverServerRatis.java:getRealPort(502)) - XceiverServerRatis 6ce03c57-5430-4ab1-bf83-fb555d2de968 is started using port 33579 for RATIS_ADMIN
2022-10-25 12:15:13,651 [EndpointStateMachine task thread for /0.0.0.0:39909 - 0 ] INFO  ratis.XceiverServerRatis (XceiverServerRatis.java:getRealPort(502)) - XceiverServerRatis 6ce03c57-5430-4ab1-bf83-fb555d2de968 is started using port 33579 for RATIS_SERVER
2022-10-25 12:15:13,654 [EndpointStateMachine task thread for /0.0.0.0:39909 - 0 ] INFO  server.XceiverServerGrpc (XceiverServerGrpc.java:start(180)) - XceiverServerGrpc 6ce03c57-5430-4ab1-bf83-fb555d2de968 is started using port 43353
2022-10-25 12:15:13,859 [IPC Server handler 3 on default port 39909] INFO  net.NetworkTopologyImpl (NetworkTopologyImpl.java:add(112)) - Added a new node: /default-rack/6534404f-39f4-445c-b85e-518a348dbff3
2022-10-25 12:15:13,861 [IPC Server handler 3 on default port 39909] INFO  node.SCMNodeManager (SCMNodeManager.java:register(397)) - Registered Data node : 6534404f-39f4-445c-b85e-518a348dbff3{ip: 10.1.1.43, host: fv-az82-510.ou3itxwc2spe5nxnxxppousbrf.dx.internal.cloudapp.net, ports: [REPLICATION=46725, RATIS=42177, RATIS_ADMIN=42177, RATIS_SERVER=42177, STANDALONE=37675], networkLocation: /default-rack, certSerialId: null, persistedOpState: null, persistedOpStateExpiryEpochSec: 0}
2022-10-25 12:15:13,864 [EventQueue-NewNodeForNewNodeHandler] INFO  pipeline.BackgroundPipelineCreator (BackgroundPipelineCreator.java:notifyEventTriggered(276)) - trigger a one-shot run on RatisPipelineUtilsThread.
2022-10-25 12:15:13,866 [EventQueue-NodeRegistrationContainerReportForDataNodeSafeModeRule] INFO  safemode.SCMSafeModeManager (DataNodeSafeModeRule.java:process(71)) - SCM in safe mode. 1 DataNodes registered, 3 required.
2022-10-25 12:15:13,866 [EventQueue-NodeRegistrationContainerReportForContainerSafeModeRule] INFO  safemode.SCMSafeModeManager (SCMSafeModeManager.java:validateSafeModeExitRules(204)) - ContainerSafeModeRule rule is successfully validated
2022-10-25 12:15:13,867 [EventQueue-PipelineReportForOneReplicaPipelineSafeModeRule] INFO  safemode.SCMSafeModeManager (SCMSafeModeManager.java:validateSafeModeExitRules(204)) - AtleastOneDatanodeReportedRule rule is successfully validated
2022-10-25 12:15:13,875 [RatisPipelineUtilsThread - 0] INFO  pipeline.RatisPipelineProvider (RatisPipelineProvider.java:lambda$create$0(195)) - Sending CreatePipelineCommand for pipeline:PipelineID=7c679310-8af0-46af-9ef5-b7de03a6a590 to datanode:6534404f-39f4-445c-b85e-518a348dbff3
2022-10-25 12:15:13,883 [RatisPipelineUtilsThread - 0] INFO  pipeline.PipelineStateManagerImpl (PipelineStateManagerImpl.java:addPipeline(103)) - Created pipeline Pipeline[ Id: 7c679310-8af0-46af-9ef5-b7de03a6a590, Nodes: 6534404f-39f4-445c-b85e-518a348dbff3{ip: 10.1.1.43, host: fv-az82-510.ou3itxwc2spe5nxnxxppousbrf.dx.internal.cloudapp.net, ports: [REPLICATION=46725, RATIS=42177, RATIS_ADMIN=42177, RATIS_SERVER=42177, STANDALONE=37675], networkLocation: /default-rack, certSerialId: null, persistedOpState: IN_SERVICE, persistedOpStateExpiryEpochSec: 0}, ReplicationConfig: RATIS/ONE, State:ALLOCATED, leaderId:, CreationTimestamp2022-10-25T12:15:13.874Z[Etc/UTC]].
2022-10-25 12:15:14,036 [EndpointStateMachine task thread for /0.0.0.0:39909 - 0 ] INFO  volume.HddsVolume (HddsVolume.java:createDbStore(307)) - SchemaV3 db is created and loaded at /home/runner/work/ozone/ozone/hadoop-ozone/integration-test/target/test-dir/MiniOzoneClusterImpl-59fd4bbb-78e8-4c50-bd4e-19e5c7f0d0cd/datanode-5/data-0/containers/hdds/59fd4bbb-78e8-4c50-bd4e-19e5c7f0d0cd/DS-790434fa-feef-4da1-8746-dfaeb331beb2/container.db for volume DS-790434fa-feef-4da1-8746-dfaeb331beb2
2022-10-25 12:15:14,037 [EndpointStateMachine task thread for /0.0.0.0:39909 - 0 ] INFO  volume.HddsVolume (HddsVolume.java:closeDbStore(338)) - SchemaV3 db is stopped at /home/runner/work/ozone/ozone/hadoop-ozone/integration-test/target/test-dir/MiniOzoneClusterImpl-59fd4bbb-78e8-4c50-bd4e-19e5c7f0d0cd/datanode-5/data-0/containers/hdds/59fd4bbb-78e8-4c50-bd4e-19e5c7f0d0cd/DS-790434fa-feef-4da1-8746-dfaeb331beb2/container.db for volume DS-790434fa-feef-4da1-8746-dfaeb331beb2
2022-10-25 12:15:14,037 [EndpointStateMachine task thread for /0.0.0.0:39909 - 0 ] INFO  ozoneimpl.OzoneContainer (OzoneContainer.java:start(378)) - Attempting to start container services.
2022-10-25 12:15:14,037 [EndpointStateMachine task thread for /0.0.0.0:39909 - 0 ] INFO  ozoneimpl.OzoneContainer (OzoneContainer.java:startContainerScrub(313)) - Background container scanner has been disabled.
2022-10-25 12:15:14,040 [EndpointStateMachine task thread for /0.0.0.0:39909 - 0 ] INFO  replication.ReplicationServer (ReplicationServer.java:start(111)) - ReplicationServer is started using port 36477
2022-10-25 12:15:14,040 [EndpointStateMachine task thread for /0.0.0.0:39909 - 0 ] INFO  ratis.XceiverServerRatis (XceiverServerRatis.java:start(481)) - Starting XceiverServerRatis d4065fed-2d66-41be-989b-4bd24a4f6517
2022-10-25 12:15:14,041 [EndpointStateMachine task thread for /0.0.0.0:39909 - 0 ] INFO  server.RaftServer (RaftServerProxy.java:startImpl(393)) - d4065fed-2d66-41be-989b-4bd24a4f6517: start RPC server
2022-10-25 12:15:14,043 [EndpointStateMachine task thread for /0.0.0.0:39909 - 0 ] INFO  server.GrpcService (GrpcService.java:startImpl(270)) - d4065fed-2d66-41be-989b-4bd24a4f6517: GrpcService started, listening on 33373
2022-10-25 12:15:14,043 [EndpointStateMachine task thread for /0.0.0.0:39909 - 0 ] INFO  ratis.XceiverServerRatis (XceiverServerRatis.java:getRealPort(502)) - XceiverServerRatis d4065fed-2d66-41be-989b-4bd24a4f6517 is started using port 33373 for RATIS
2022-10-25 12:15:14,043 [JvmPauseMonitor6] INFO  util.JvmPauseMonitor (JvmPauseMonitor.java:run(105)) - JvmPauseMonitor-d4065fed-2d66-41be-989b-4bd24a4f6517: Started
2022-10-25 12:15:14,043 [EndpointStateMachine task thread for /0.0.0.0:39909 - 0 ] INFO  ratis.XceiverServerRatis (XceiverServerRatis.java:getRealPort(502)) - XceiverServerRatis d4065fed-2d66-41be-989b-4bd24a4f6517 is started using port 33373 for RATIS_ADMIN
2022-10-25 12:15:14,044 [EndpointStateMachine task thread for /0.0.0.0:39909 - 0 ] INFO  ratis.XceiverServerRatis (XceiverServerRatis.java:getRealPort(502)) - XceiverServerRatis d4065fed-2d66-41be-989b-4bd24a4f6517 is started using port 33373 for RATIS_SERVER
2022-10-25 12:15:14,047 [EndpointStateMachine task thread for /0.0.0.0:39909 - 0 ] INFO  server.XceiverServerGrpc (XceiverServerGrpc.java:start(180)) - XceiverServerGrpc d4065fed-2d66-41be-989b-4bd24a4f6517 is started using port 33211
2022-10-25 12:15:14,462 [EndpointStateMachine task thread for /0.0.0.0:39909 - 0 ] INFO  volume.HddsVolume (HddsVolume.java:createDbStore(307)) - SchemaV3 db is created and loaded at /home/runner/work/ozone/ozone/hadoop-ozone/integration-test/target/test-dir/MiniOzoneClusterImpl-59fd4bbb-78e8-4c50-bd4e-19e5c7f0d0cd/datanode-6/data-0/containers/hdds/59fd4bbb-78e8-4c50-bd4e-19e5c7f0d0cd/DS-90687693-75be-4fa4-b73b-bad06bb6a41b/container.db for volume DS-90687693-75be-4fa4-b73b-bad06bb6a41b
2022-10-25 12:15:14,462 [EndpointStateMachine task thread for /0.0.0.0:39909 - 0 ] INFO  volume.HddsVolume (HddsVolume.java:closeDbStore(338)) - SchemaV3 db is stopped at /home/runner/work/ozone/ozone/hadoop-ozone/integration-test/target/test-dir/MiniOzoneClusterImpl-59fd4bbb-78e8-4c50-bd4e-19e5c7f0d0cd/datanode-6/data-0/containers/hdds/59fd4bbb-78e8-4c50-bd4e-19e5c7f0d0cd/DS-90687693-75be-4fa4-b73b-bad06bb6a41b/container.db for volume DS-90687693-75be-4fa4-b73b-bad06bb6a41b
2022-10-25 12:15:14,465 [EndpointStateMachine task thread for /0.0.0.0:39909 - 0 ] INFO  ozoneimpl.OzoneContainer (OzoneContainer.java:start(378)) - Attempting to start container services.
2022-10-25 12:15:14,465 [EndpointStateMachine task thread for /0.0.0.0:39909 - 0 ] INFO  ozoneimpl.OzoneContainer (OzoneContainer.java:startContainerScrub(313)) - Background container scanner has been disabled.
2022-10-25 12:15:14,471 [EndpointStateMachine task thread for /0.0.0.0:39909 - 0 ] INFO  replication.ReplicationServer (ReplicationServer.java:start(111)) - ReplicationServer is started using port 41909
2022-10-25 12:15:14,472 [EndpointStateMachine task thread for /0.0.0.0:39909 - 0 ] INFO  ratis.XceiverServerRatis (XceiverServerRatis.java:start(481)) - Starting XceiverServerRatis 86ba6119-8a76-46a4-9f38-747fe10c9207
2022-10-25 12:15:14,472 [EndpointStateMachine task thread for /0.0.0.0:39909 - 0 ] INFO  server.RaftServer (RaftServerProxy.java:startImpl(393)) - 86ba6119-8a76-46a4-9f38-747fe10c9207: start RPC server
2022-10-25 12:15:14,473 [EndpointStateMachine task thread for /0.0.0.0:39909 - 0 ] INFO  server.GrpcService (GrpcService.java:startImpl(270)) - 86ba6119-8a76-46a4-9f38-747fe10c9207: GrpcService started, listening on 42323
2022-10-25 12:15:14,474 [EndpointStateMachine task thread for /0.0.0.0:39909 - 0 ] INFO  ratis.XceiverServerRatis (XceiverServerRatis.java:getRealPort(502)) - XceiverServerRatis 86ba6119-8a76-46a4-9f38-747fe10c9207 is started using port 42323 for RATIS
2022-10-25 12:15:14,474 [JvmPauseMonitor7] INFO  util.JvmPauseMonitor (JvmPauseMonitor.java:run(105)) - JvmPauseMonitor-86ba6119-8a76-46a4-9f38-747fe10c9207: Started
2022-10-25 12:15:14,474 [EndpointStateMachine task thread for /0.0.0.0:39909 - 0 ] INFO  ratis.XceiverServerRatis (XceiverServerRatis.java:getRealPort(502)) - XceiverServerRatis 86ba6119-8a76-46a4-9f38-747fe10c9207 is started using port 42323 for RATIS_ADMIN
2022-10-25 12:15:14,474 [EndpointStateMachine task thread for /0.0.0.0:39909 - 0 ] INFO  ratis.XceiverServerRatis (XceiverServerRatis.java:getRealPort(502)) - XceiverServerRatis 86ba6119-8a76-46a4-9f38-747fe10c9207 is started using port 42323 for RATIS_SERVER
2022-10-25 12:15:14,476 [EndpointStateMachine task thread for /0.0.0.0:39909 - 0 ] INFO  server.XceiverServerGrpc (XceiverServerGrpc.java:start(180)) - XceiverServerGrpc 86ba6119-8a76-46a4-9f38-747fe10c9207 is started using port 33887
2022-10-25 12:15:14,500 [IPC Server handler 2 on default port 39909] INFO  net.NetworkTopologyImpl (NetworkTopologyImpl.java:add(112)) - Added a new node: /default-rack/86658d9d-b609-4403-bc8a-bf059dbdbb67
2022-10-25 12:15:14,500 [IPC Server handler 2 on default port 39909] INFO  node.SCMNodeManager (SCMNodeManager.java:register(397)) - Registered Data node : 86658d9d-b609-4403-bc8a-bf059dbdbb67{ip: 10.1.1.43, host: fv-az82-510.ou3itxwc2spe5nxnxxppousbrf.dx.internal.cloudapp.net, ports: [REPLICATION=46767, RATIS=34601, RATIS_ADMIN=34601, RATIS_SERVER=34601, STANDALONE=42213], networkLocation: /default-rack, certSerialId: null, persistedOpState: null, persistedOpStateExpiryEpochSec: 0}
2022-10-25 12:15:14,501 [EventQueue-NodeRegistrationContainerReportForDataNodeSafeModeRule] INFO  safemode.SCMSafeModeManager (DataNodeSafeModeRule.java:process(71)) - SCM in safe mode. 2 DataNodes registered, 3 required.
2022-10-25 12:15:14,501 [EventQueue-NewNodeForNewNodeHandler] INFO  pipeline.BackgroundPipelineCreator (BackgroundPipelineCreator.java:notifyEventTriggered(276)) - trigger a one-shot run on RatisPipelineUtilsThread.
2022-10-25 12:15:14,505 [RatisPipelineUtilsThread - 0] INFO  pipeline.RatisPipelineProvider (RatisPipelineProvider.java:lambda$create$0(195)) - Sending CreatePipelineCommand for pipeline:PipelineID=ce12fa4a-d381-4e3e-8ed5-e4515ec9a960 to datanode:86658d9d-b609-4403-bc8a-bf059dbdbb67
2022-10-25 12:15:14,506 [RatisPipelineUtilsThread - 0] INFO  pipeline.PipelineStateManagerImpl (PipelineStateManagerImpl.java:addPipeline(103)) - Created pipeline Pipeline[ Id: ce12fa4a-d381-4e3e-8ed5-e4515ec9a960, Nodes: 86658d9d-b609-4403-bc8a-bf059dbdbb67{ip: 10.1.1.43, host: fv-az82-510.ou3itxwc2spe5nxnxxppousbrf.dx.internal.cloudapp.net, ports: [REPLICATION=46767, RATIS=34601, RATIS_ADMIN=34601, RATIS_SERVER=34601, STANDALONE=42213], networkLocation: /default-rack, certSerialId: null, persistedOpState: IN_SERVICE, persistedOpStateExpiryEpochSec: 0}, ReplicationConfig: RATIS/ONE, State:ALLOCATED, leaderId:, CreationTimestamp2022-10-25T12:15:14.505Z[Etc/UTC]].
2022-10-25 12:15:14,558 [Listener at 127.0.0.1/33161] INFO  ozone.MiniOzoneClusterImpl (MiniOzoneClusterImpl.java:lambda$waitForClusterToBeReady$0(216)) - Waiting for nodes to be ready. Got 2 of 10 DN Heartbeats.
2022-10-25 12:15:14,558 [Listener at 127.0.0.1/33161] INFO  ozone.MiniOzoneClusterImpl (MiniOzoneClusterImpl.java:lambda$waitForClusterToBeReady$0(219)) - Waiting for cluster to exit safe mode
2022-10-25 12:15:14,558 [Listener at 127.0.0.1/33161] INFO  ozone.MiniOzoneClusterImpl (MiniOzoneClusterImpl.java:lambda$waitForClusterToBeReady$0(221)) - SCM became leader
2022-10-25 12:15:14,829 [EndpointStateMachine task thread for /0.0.0.0:39909 - 0 ] INFO  volume.HddsVolume (HddsVolume.java:createDbStore(307)) - SchemaV3 db is created and loaded at /home/runner/work/ozone/ozone/hadoop-ozone/integration-test/target/test-dir/MiniOzoneClusterImpl-59fd4bbb-78e8-4c50-bd4e-19e5c7f0d0cd/datanode-7/data-0/containers/hdds/59fd4bbb-78e8-4c50-bd4e-19e5c7f0d0cd/DS-bf4adb95-3559-4cf0-90ff-d5b49382391f/container.db for volume DS-bf4adb95-3559-4cf0-90ff-d5b49382391f
2022-10-25 12:15:14,830 [EndpointStateMachine task thread for /0.0.0.0:39909 - 0 ] INFO  volume.HddsVolume (HddsVolume.java:closeDbStore(338)) - SchemaV3 db is stopped at /home/runner/work/ozone/ozone/hadoop-ozone/integration-test/target/test-dir/MiniOzoneClusterImpl-59fd4bbb-78e8-4c50-bd4e-19e5c7f0d0cd/datanode-7/data-0/containers/hdds/59fd4bbb-78e8-4c50-bd4e-19e5c7f0d0cd/DS-bf4adb95-3559-4cf0-90ff-d5b49382391f/container.db for volume DS-bf4adb95-3559-4cf0-90ff-d5b49382391f
2022-10-25 12:15:14,831 [EndpointStateMachine task thread for /0.0.0.0:39909 - 0 ] INFO  ozoneimpl.OzoneContainer (OzoneContainer.java:start(378)) - Attempting to start container services.
2022-10-25 12:15:14,831 [EndpointStateMachine task thread for /0.0.0.0:39909 - 0 ] INFO  ozoneimpl.OzoneContainer (OzoneContainer.java:startContainerScrub(313)) - Background container scanner has been disabled.
2022-10-25 12:15:14,832 [EndpointStateMachine task thread for /0.0.0.0:39909 - 0 ] INFO  replication.ReplicationServer (ReplicationServer.java:start(111)) - ReplicationServer is started using port 42611
2022-10-25 12:15:14,832 [EndpointStateMachine task thread for /0.0.0.0:39909 - 0 ] INFO  ratis.XceiverServerRatis (XceiverServerRatis.java:start(481)) - Starting XceiverServerRatis 0a1cfcca-7ba7-43aa-b517-08505af7a09b
2022-10-25 12:15:14,833 [EndpointStateMachine task thread for /0.0.0.0:39909 - 0 ] INFO  server.RaftServer (RaftServerProxy.java:startImpl(393)) - 0a1cfcca-7ba7-43aa-b517-08505af7a09b: start RPC server
2022-10-25 12:15:14,834 [EndpointStateMachine task thread for /0.0.0.0:39909 - 0 ] INFO  server.GrpcService (GrpcService.java:startImpl(270)) - 0a1cfcca-7ba7-43aa-b517-08505af7a09b: GrpcService started, listening on 43175
2022-10-25 12:15:14,834 [EndpointStateMachine task thread for /0.0.0.0:39909 - 0 ] INFO  ratis.XceiverServerRatis (XceiverServerRatis.java:getRealPort(502)) - XceiverServerRatis 0a1cfcca-7ba7-43aa-b517-08505af7a09b is started using port 43175 for RATIS
2022-10-25 12:15:14,834 [JvmPauseMonitor8] INFO  util.JvmPauseMonitor (JvmPauseMonitor.java:run(105)) - JvmPauseMonitor-0a1cfcca-7ba7-43aa-b517-08505af7a09b: Started
2022-10-25 12:15:14,835 [EndpointStateMachine task thread for /0.0.0.0:39909 - 0 ] INFO  ratis.XceiverServerRatis (XceiverServerRatis.java:getRealPort(502)) - XceiverServerRatis 0a1cfcca-7ba7-43aa-b517-08505af7a09b is started using port 43175 for RATIS_ADMIN
2022-10-25 12:15:14,835 [EndpointStateMachine task thread for /0.0.0.0:39909 - 0 ] INFO  ratis.XceiverServerRatis (XceiverServerRatis.java:getRealPort(502)) - XceiverServerRatis 0a1cfcca-7ba7-43aa-b517-08505af7a09b is started using port 43175 for RATIS_SERVER
2022-10-25 12:15:14,839 [EndpointStateMachine task thread for /0.0.0.0:39909 - 0 ] INFO  server.XceiverServerGrpc (XceiverServerGrpc.java:start(180)) - XceiverServerGrpc 0a1cfcca-7ba7-43aa-b517-08505af7a09b is started using port 40433
2022-10-25 12:15:14,880 [IPC Server handler 4 on default port 39909] INFO  net.NetworkTopologyImpl (NetworkTopologyImpl.java:add(112)) - Added a new node: /default-rack/0c76121b-7d6b-4708-9ae8-9ff4448060b7
2022-10-25 12:15:14,880 [IPC Server handler 4 on default port 39909] INFO  node.SCMNodeManager (SCMNodeManager.java:register(397)) - Registered Data node : 0c76121b-7d6b-4708-9ae8-9ff4448060b7{ip: 10.1.1.43, host: fv-az82-510.ou3itxwc2spe5nxnxxppousbrf.dx.internal.cloudapp.net, ports: [REPLICATION=39861, RATIS=35675, RATIS_ADMIN=35675, RATIS_SERVER=35675, STANDALONE=32975], networkLocation: /default-rack, certSerialId: null, persistedOpState: null, persistedOpStateExpiryEpochSec: 0}
2022-10-25 12:15:14,881 [EventQueue-NewNodeForNewNodeHandler] INFO  pipeline.BackgroundPipelineCreator (BackgroundPipelineCreator.java:notifyEventTriggered(276)) - trigger a one-shot run on RatisPipelineUtilsThread.
2022-10-25 12:15:14,881 [EventQueue-NodeRegistrationContainerReportForDataNodeSafeModeRule] INFO  safemode.SCMSafeModeManager (DataNodeSafeModeRule.java:process(71)) - SCM in safe mode. 3 DataNodes registered, 3 required.
2022-10-25 12:15:14,881 [EventQueue-NodeRegistrationContainerReportForDataNodeSafeModeRule] INFO  safemode.SCMSafeModeManager (SCMSafeModeManager.java:validateSafeModeExitRules(204)) - DataNodeSafeModeRule rule is successfully validated
2022-10-25 12:15:14,881 [EventQueue-NodeRegistrationContainerReportForDataNodeSafeModeRule] INFO  safemode.SCMSafeModeManager (SCMSafeModeManager.java:completePreCheck(233)) - All SCM safe mode pre check rules have passed
2022-10-25 12:15:14,882 [EventQueue-NodeRegistrationContainerReportForDataNodeSafeModeRule] WARN  events.EventQueue (EventQueue.java:fireEvent(216)) - No event handler registered for event TypedEvent{payloadType=SafeModeStatus, name='Safe mode status'}
2022-10-25 12:15:14,882 [EventQueue-NodeRegistrationContainerReportForDataNodeSafeModeRule] INFO  ha.SCMContext (SCMContext.java:updateSafeModeStatus(228)) - Update SafeModeStatus from SafeModeStatus{safeModeStatus=true, preCheckPassed=false} to SafeModeStatus{safeModeStatus=true, preCheckPassed=true}.
2022-10-25 12:15:14,882 [EventQueue-NodeRegistrationContainerReportForDataNodeSafeModeRule] INFO  pipeline.BackgroundPipelineCreator (BackgroundPipelineCreator.java:notifyEventTriggered(276)) - trigger a one-shot run on RatisPipelineUtilsThread.
2022-10-25 12:15:14,883 [RatisPipelineUtilsThread - 0] INFO  pipeline.RatisPipelineProvider (RatisPipelineProvider.java:lambda$create$0(195)) - Sending CreatePipelineCommand for pipeline:PipelineID=d5d90663-85b3-4dea-b805-76fcb2189d15 to datanode:0c76121b-7d6b-4708-9ae8-9ff4448060b7
2022-10-25 12:15:14,883 [RatisPipelineUtilsThread - 0] INFO  pipeline.PipelineStateManagerImpl (PipelineStateManagerImpl.java:addPipeline(103)) - Created pipeline Pipeline[ Id: d5d90663-85b3-4dea-b805-76fcb2189d15, Nodes: 0c76121b-7d6b-4708-9ae8-9ff4448060b7{ip: 10.1.1.43, host: fv-az82-510.ou3itxwc2spe5nxnxxppousbrf.dx.internal.cloudapp.net, ports: [REPLICATION=39861, RATIS=35675, RATIS_ADMIN=35675, RATIS_SERVER=35675, STANDALONE=32975], networkLocation: /default-rack, certSerialId: null, persistedOpState: IN_SERVICE, persistedOpStateExpiryEpochSec: 0}, ReplicationConfig: RATIS/ONE, State:ALLOCATED, leaderId:, CreationTimestamp2022-10-25T12:15:14.883Z[Etc/UTC]].
2022-10-25 12:15:14,887 [RatisPipelineUtilsThread - 0] INFO  pipeline.RatisPipelineProvider (RatisPipelineProvider.java:lambda$create$0(195)) - Sending CreatePipelineCommand for pipeline:PipelineID=f1a390e2-8bbb-41d2-9b09-c2a56a5a39aa to datanode:6534404f-39f4-445c-b85e-518a348dbff3
2022-10-25 12:15:14,887 [RatisPipelineUtilsThread - 0] INFO  pipeline.RatisPipelineProvider (RatisPipelineProvider.java:lambda$create$0(195)) - Sending CreatePipelineCommand for pipeline:PipelineID=f1a390e2-8bbb-41d2-9b09-c2a56a5a39aa to datanode:0c76121b-7d6b-4708-9ae8-9ff4448060b7
2022-10-25 12:15:14,887 [RatisPipelineUtilsThread - 0] INFO  pipeline.RatisPipelineProvider (RatisPipelineProvider.java:lambda$create$0(195)) - Sending CreatePipelineCommand for pipeline:PipelineID=f1a390e2-8bbb-41d2-9b09-c2a56a5a39aa to datanode:86658d9d-b609-4403-bc8a-bf059dbdbb67
2022-10-25 12:15:14,888 [RatisPipelineUtilsThread - 0] INFO  pipeline.PipelineStateManagerImpl (PipelineStateManagerImpl.java:addPipeline(103)) - Created pipeline Pipeline[ Id: f1a390e2-8bbb-41d2-9b09-c2a56a5a39aa, Nodes: 6534404f-39f4-445c-b85e-518a348dbff3{ip: 10.1.1.43, host: fv-az82-510.ou3itxwc2spe5nxnxxppousbrf.dx.internal.cloudapp.net, ports: [REPLICATION=46725, RATIS=42177, RATIS_ADMIN=42177, RATIS_SERVER=42177, STANDALONE=37675], networkLocation: /default-rack, certSerialId: null, persistedOpState: IN_SERVICE, persistedOpStateExpiryEpochSec: 0}0c76121b-7d6b-4708-9ae8-9ff4448060b7{ip: 10.1.1.43, host: fv-az82-510.ou3itxwc2spe5nxnxxppousbrf.dx.internal.cloudapp.net, ports: [REPLICATION=39861, RATIS=35675, RATIS_ADMIN=35675, RATIS_SERVER=35675, STANDALONE=32975], networkLocation: /default-rack, certSerialId: null, persistedOpState: IN_SERVICE, persistedOpStateExpiryEpochSec: 0}86658d9d-b609-4403-bc8a-bf059dbdbb67{ip: 10.1.1.43, host: fv-az82-510.ou3itxwc2spe5nxnxxppousbrf.dx.internal.cloudapp.net, ports: [REPLICATION=46767, RATIS=34601, RATIS_ADMIN=34601, RATIS_SERVER=34601, STANDALONE=42213], networkLocation: /default-rack, certSerialId: null, persistedOpState: IN_SERVICE, persistedOpStateExpiryEpochSec: 0}, ReplicationConfig: RATIS/THREE, State:ALLOCATED, leaderId:, CreationTimestamp2022-10-25T12:15:14.887Z[Etc/UTC]].
2022-10-25 12:15:14,889 [RatisPipelineUtilsThread - 0] INFO  pipeline.RatisPipelineProvider (RatisPipelineProvider.java:lambda$create$0(195)) - Sending CreatePipelineCommand for pipeline:PipelineID=c23ad605-34aa-4467-b59d-ce71c629f99f to datanode:0c76121b-7d6b-4708-9ae8-9ff4448060b7
2022-10-25 12:15:14,889 [RatisPipelineUtilsThread - 0] INFO  pipeline.RatisPipelineProvider (RatisPipelineProvider.java:lambda$create$0(195)) - Sending CreatePipelineCommand for pipeline:PipelineID=c23ad605-34aa-4467-b59d-ce71c629f99f to datanode:6534404f-39f4-445c-b85e-518a348dbff3
2022-10-25 12:15:14,889 [RatisPipelineUtilsThread - 0] INFO  pipeline.RatisPipelineProvider (RatisPipelineProvider.java:lambda$create$0(195)) - Sending CreatePipelineCommand for pipeline:PipelineID=c23ad605-34aa-4467-b59d-ce71c629f99f to datanode:86658d9d-b609-4403-bc8a-bf059dbdbb67
2022-10-25 12:15:14,890 [RatisPipelineUtilsThread - 0] INFO  pipeline.PipelineStateManagerImpl (PipelineStateManagerImpl.java:addPipeline(103)) - Created pipeline Pipeline[ Id: c23ad605-34aa-4467-b59d-ce71c629f99f, Nodes: 0c76121b-7d6b-4708-9ae8-9ff4448060b7{ip: 10.1.1.43, host: fv-az82-510.ou3itxwc2spe5nxnxxppousbrf.dx.internal.cloudapp.net, ports: [REPLICATION=39861, RATIS=35675, RATIS_ADMIN=35675, RATIS_SERVER=35675, STANDALONE=32975], networkLocation: /default-rack, certSerialId: null, persistedOpState: IN_SERVICE, persistedOpStateExpiryEpochSec: 0}6534404f-39f4-445c-b85e-518a348dbff3{ip: 10.1.1.43, host: fv-az82-510.ou3itxwc2spe5nxnxxppousbrf.dx.internal.cloudapp.net, ports: [REPLICATION=46725, RATIS=42177, RATIS_ADMIN=42177, RATIS_SERVER=42177, STANDALONE=37675], networkLocation: /default-rack, certSerialId: null, persistedOpState: IN_SERVICE, persistedOpStateExpiryEpochSec: 0}86658d9d-b609-4403-bc8a-bf059dbdbb67{ip: 10.1.1.43, host: fv-az82-510.ou3itxwc2spe5nxnxxppousbrf.dx.internal.cloudapp.net, ports: [REPLICATION=46767, RATIS=34601, RATIS_ADMIN=34601, RATIS_SERVER=34601, STANDALONE=42213], networkLocation: /default-rack, certSerialId: null, persistedOpState: IN_SERVICE, persistedOpStateExpiryEpochSec: 0}, ReplicationConfig: RATIS/THREE, State:ALLOCATED, leaderId:, CreationTimestamp2022-10-25T12:15:14.889Z[Etc/UTC]].
2022-10-25 12:15:14,890 [RatisPipelineUtilsThread - 0] INFO  pipeline.PipelineManagerImpl (PipelineManagerImpl.java:recordMetricsForPipeline(826)) - Pipeline: PipelineID=c23ad605-34aa-4467-b59d-ce71c629f99f contains same datanodes as previous pipelines: PipelineID=f1a390e2-8bbb-41d2-9b09-c2a56a5a39aa nodeIds: 0c76121b-7d6b-4708-9ae8-9ff4448060b7, 6534404f-39f4-445c-b85e-518a348dbff3, 86658d9d-b609-4403-bc8a-bf059dbdbb67
2022-10-25 12:15:15,257 [IPC Server handler 5 on default port 39909] INFO  net.NetworkTopologyImpl (NetworkTopologyImpl.java:add(112)) - Added a new node: /default-rack/be21c5c4-321c-411e-8ca9-5bb5909d110b
2022-10-25 12:15:15,259 [IPC Server handler 5 on default port 39909] INFO  node.SCMNodeManager (SCMNodeManager.java:register(397)) - Registered Data node : be21c5c4-321c-411e-8ca9-5bb5909d110b{ip: 10.1.1.43, host: fv-az82-510.ou3itxwc2spe5nxnxxppousbrf.dx.internal.cloudapp.net, ports: [REPLICATION=34441, RATIS=34703, RATIS_ADMIN=34703, RATIS_SERVER=34703, STANDALONE=38509], networkLocation: /default-rack, certSerialId: null, persistedOpState: null, persistedOpStateExpiryEpochSec: 0}
2022-10-25 12:15:15,259 [EventQueue-NewNodeForNewNodeHandler] INFO  pipeline.BackgroundPipelineCreator (BackgroundPipelineCreator.java:notifyEventTriggered(276)) - trigger a one-shot run on RatisPipelineUtilsThread.
2022-10-25 12:15:15,260 [RatisPipelineUtilsThread - 0] INFO  pipeline.RatisPipelineProvider (RatisPipelineProvider.java:lambda$create$0(195)) - Sending CreatePipelineCommand for pipeline:PipelineID=dde74bf9-b4df-4c8b-bcf2-7436307844cd to datanode:be21c5c4-321c-411e-8ca9-5bb5909d110b
2022-10-25 12:15:15,260 [RatisPipelineUtilsThread - 0] INFO  pipeline.PipelineStateManagerImpl (PipelineStateManagerImpl.java:addPipeline(103)) - Created pipeline Pipeline[ Id: dde74bf9-b4df-4c8b-bcf2-7436307844cd, Nodes: be21c5c4-321c-411e-8ca9-5bb5909d110b{ip: 10.1.1.43, host: fv-az82-510.ou3itxwc2spe5nxnxxppousbrf.dx.internal.cloudapp.net, ports: [REPLICATION=34441, RATIS=34703, RATIS_ADMIN=34703, RATIS_SERVER=34703, STANDALONE=38509], networkLocation: /default-rack, certSerialId: null, persistedOpState: IN_SERVICE, persistedOpStateExpiryEpochSec: 0}, ReplicationConfig: RATIS/ONE, State:ALLOCATED, leaderId:, CreationTimestamp2022-10-25T12:15:15.260Z[Etc/UTC]].
2022-10-25 12:15:15,267 [EndpointStateMachine task thread for /0.0.0.0:39909 - 0 ] INFO  volume.HddsVolume (HddsVolume.java:createDbStore(307)) - SchemaV3 db is created and loaded at /home/runner/work/ozone/ozone/hadoop-ozone/integration-test/target/test-dir/MiniOzoneClusterImpl-59fd4bbb-78e8-4c50-bd4e-19e5c7f0d0cd/datanode-8/data-0/containers/hdds/59fd4bbb-78e8-4c50-bd4e-19e5c7f0d0cd/DS-77341216-1405-4fe4-8650-456f604778f6/container.db for volume DS-77341216-1405-4fe4-8650-456f604778f6
2022-10-25 12:15:15,268 [EndpointStateMachine task thread for /0.0.0.0:39909 - 0 ] INFO  volume.HddsVolume (HddsVolume.java:closeDbStore(338)) - SchemaV3 db is stopped at /home/runner/work/ozone/ozone/hadoop-ozone/integration-test/target/test-dir/MiniOzoneClusterImpl-59fd4bbb-78e8-4c50-bd4e-19e5c7f0d0cd/datanode-8/data-0/containers/hdds/59fd4bbb-78e8-4c50-bd4e-19e5c7f0d0cd/DS-77341216-1405-4fe4-8650-456f604778f6/container.db for volume DS-77341216-1405-4fe4-8650-456f604778f6
2022-10-25 12:15:15,268 [EndpointStateMachine task thread for /0.0.0.0:39909 - 0 ] INFO  ozoneimpl.OzoneContainer (OzoneContainer.java:start(378)) - Attempting to start container services.
2022-10-25 12:15:15,268 [EndpointStateMachine task thread for /0.0.0.0:39909 - 0 ] INFO  ozoneimpl.OzoneContainer (OzoneContainer.java:startContainerScrub(313)) - Background container scanner has been disabled.
2022-10-25 12:15:15,270 [EndpointStateMachine task thread for /0.0.0.0:39909 - 0 ] INFO  replication.ReplicationServer (ReplicationServer.java:start(111)) - ReplicationServer is started using port 43209
2022-10-25 12:15:15,271 [EndpointStateMachine task thread for /0.0.0.0:39909 - 0 ] INFO  ratis.XceiverServerRatis (XceiverServerRatis.java:start(481)) - Starting XceiverServerRatis 907eb2bb-0522-4d6b-bbf0-1b213cc99331
2022-10-25 12:15:15,271 [EndpointStateMachine task thread for /0.0.0.0:39909 - 0 ] INFO  server.RaftServer (RaftServerProxy.java:startImpl(393)) - 907eb2bb-0522-4d6b-bbf0-1b213cc99331: start RPC server
2022-10-25 12:15:15,275 [EndpointStateMachine task thread for /0.0.0.0:39909 - 0 ] INFO  server.GrpcService (GrpcService.java:startImpl(270)) - 907eb2bb-0522-4d6b-bbf0-1b213cc99331: GrpcService started, listening on 40069
2022-10-25 12:15:15,275 [EndpointStateMachine task thread for /0.0.0.0:39909 - 0 ] INFO  ratis.XceiverServerRatis (XceiverServerRatis.java:getRealPort(502)) - XceiverServerRatis 907eb2bb-0522-4d6b-bbf0-1b213cc99331 is started using port 40069 for RATIS
2022-10-25 12:15:15,275 [JvmPauseMonitor9] INFO  util.JvmPauseMonitor (JvmPauseMonitor.java:run(105)) - JvmPauseMonitor-907eb2bb-0522-4d6b-bbf0-1b213cc99331: Started
2022-10-25 12:15:15,275 [EndpointStateMachine task thread for /0.0.0.0:39909 - 0 ] INFO  ratis.XceiverServerRatis (XceiverServerRatis.java:getRealPort(502)) - XceiverServerRatis 907eb2bb-0522-4d6b-bbf0-1b213cc99331 is started using port 40069 for RATIS_ADMIN
2022-10-25 12:15:15,276 [EndpointStateMachine task thread for /0.0.0.0:39909 - 0 ] INFO  ratis.XceiverServerRatis (XceiverServerRatis.java:getRealPort(502)) - XceiverServerRatis 907eb2bb-0522-4d6b-bbf0-1b213cc99331 is started using port 40069 for RATIS_SERVER
2022-10-25 12:15:15,278 [EndpointStateMachine task thread for /0.0.0.0:39909 - 0 ] INFO  server.XceiverServerGrpc (XceiverServerGrpc.java:start(180)) - XceiverServerGrpc 907eb2bb-0522-4d6b-bbf0-1b213cc99331 is started using port 36449
2022-10-25 12:15:15,558 [Listener at 127.0.0.1/33161] INFO  ozone.MiniOzoneClusterImpl (MiniOzoneClusterImpl.java:lambda$waitForClusterToBeReady$0(216)) - Waiting for nodes to be ready. Got 4 of 10 DN Heartbeats.
2022-10-25 12:15:15,559 [Listener at 127.0.0.1/33161] INFO  ozone.MiniOzoneClusterImpl (MiniOzoneClusterImpl.java:lambda$waitForClusterToBeReady$0(219)) - Waiting for cluster to exit safe mode
2022-10-25 12:15:15,559 [Listener at 127.0.0.1/33161] INFO  ozone.MiniOzoneClusterImpl (MiniOzoneClusterImpl.java:lambda$waitForClusterToBeReady$0(221)) - SCM became leader
2022-10-25 12:15:15,603 [IPC Server handler 4 on default port 39909] INFO  net.NetworkTopologyImpl (NetworkTopologyImpl.java:add(112)) - Added a new node: /default-rack/6ce03c57-5430-4ab1-bf83-fb555d2de968
2022-10-25 12:15:15,603 [IPC Server handler 4 on default port 39909] INFO  node.SCMNodeManager (SCMNodeManager.java:register(397)) - Registered Data node : 6ce03c57-5430-4ab1-bf83-fb555d2de968{ip: 10.1.1.43, host: fv-az82-510.ou3itxwc2spe5nxnxxppousbrf.dx.internal.cloudapp.net, ports: [REPLICATION=34039, RATIS=33579, RATIS_ADMIN=33579, RATIS_SERVER=33579, STANDALONE=43353], networkLocation: /default-rack, certSerialId: null, persistedOpState: null, persistedOpStateExpiryEpochSec: 0}
2022-10-25 12:15:15,603 [EventQueue-NewNodeForNewNodeHandler] INFO  pipeline.BackgroundPipelineCreator (BackgroundPipelineCreator.java:notifyEventTriggered(276)) - trigger a one-shot run on RatisPipelineUtilsThread.
2022-10-25 12:15:15,605 [RatisPipelineUtilsThread - 0] INFO  pipeline.RatisPipelineProvider (RatisPipelineProvider.java:lambda$create$0(195)) - Sending CreatePipelineCommand for pipeline:PipelineID=aa9a4fae-7578-4753-adb6-bd4c0cba6135 to datanode:6ce03c57-5430-4ab1-bf83-fb555d2de968
2022-10-25 12:15:15,608 [RatisPipelineUtilsThread - 0] INFO  pipeline.PipelineStateManagerImpl (PipelineStateManagerImpl.java:addPipeline(103)) - Created pipeline Pipeline[ Id: aa9a4fae-7578-4753-adb6-bd4c0cba6135, Nodes: 6ce03c57-5430-4ab1-bf83-fb555d2de968{ip: 10.1.1.43, host: fv-az82-510.ou3itxwc2spe5nxnxxppousbrf.dx.internal.cloudapp.net, ports: [REPLICATION=34039, RATIS=33579, RATIS_ADMIN=33579, RATIS_SERVER=33579, STANDALONE=43353], networkLocation: /default-rack, certSerialId: null, persistedOpState: IN_SERVICE, persistedOpStateExpiryEpochSec: 0}, ReplicationConfig: RATIS/ONE, State:ALLOCATED, leaderId:, CreationTimestamp2022-10-25T12:15:15.605Z[Etc/UTC]].
2022-10-25 12:15:15,614 [EndpointStateMachine task thread for /0.0.0.0:39909 - 0 ] INFO  volume.HddsVolume (HddsVolume.java:createDbStore(307)) - SchemaV3 db is created and loaded at /home/runner/work/ozone/ozone/hadoop-ozone/integration-test/target/test-dir/MiniOzoneClusterImpl-59fd4bbb-78e8-4c50-bd4e-19e5c7f0d0cd/datanode-9/data-0/containers/hdds/59fd4bbb-78e8-4c50-bd4e-19e5c7f0d0cd/DS-49bfe063-7fa8-4420-b810-db6994d62160/container.db for volume DS-49bfe063-7fa8-4420-b810-db6994d62160
2022-10-25 12:15:15,615 [EndpointStateMachine task thread for /0.0.0.0:39909 - 0 ] INFO  volume.HddsVolume (HddsVolume.java:closeDbStore(338)) - SchemaV3 db is stopped at /home/runner/work/ozone/ozone/hadoop-ozone/integration-test/target/test-dir/MiniOzoneClusterImpl-59fd4bbb-78e8-4c50-bd4e-19e5c7f0d0cd/datanode-9/data-0/containers/hdds/59fd4bbb-78e8-4c50-bd4e-19e5c7f0d0cd/DS-49bfe063-7fa8-4420-b810-db6994d62160/container.db for volume DS-49bfe063-7fa8-4420-b810-db6994d62160
2022-10-25 12:15:15,615 [EndpointStateMachine task thread for /0.0.0.0:39909 - 0 ] INFO  ozoneimpl.OzoneContainer (OzoneContainer.java:start(378)) - Attempting to start container services.
2022-10-25 12:15:15,615 [EndpointStateMachine task thread for /0.0.0.0:39909 - 0 ] INFO  ozoneimpl.OzoneContainer (OzoneContainer.java:startContainerScrub(313)) - Background container scanner has been disabled.
2022-10-25 12:15:15,618 [EndpointStateMachine task thread for /0.0.0.0:39909 - 0 ] INFO  replication.ReplicationServer (ReplicationServer.java:start(111)) - ReplicationServer is started using port 40199
2022-10-25 12:15:15,619 [EndpointStateMachine task thread for /0.0.0.0:39909 - 0 ] INFO  ratis.XceiverServerRatis (XceiverServerRatis.java:start(481)) - Starting XceiverServerRatis 277330ea-7eb2-4eea-8a6b-9d41e81a33f6
2022-10-25 12:15:15,620 [EndpointStateMachine task thread for /0.0.0.0:39909 - 0 ] INFO  server.RaftServer (RaftServerProxy.java:startImpl(393)) - 277330ea-7eb2-4eea-8a6b-9d41e81a33f6: start RPC server
2022-10-25 12:15:15,621 [EndpointStateMachine task thread for /0.0.0.0:39909 - 0 ] INFO  server.GrpcService (GrpcService.java:startImpl(270)) - 277330ea-7eb2-4eea-8a6b-9d41e81a33f6: GrpcService started, listening on 40547
2022-10-25 12:15:15,622 [EndpointStateMachine task thread for /0.0.0.0:39909 - 0 ] INFO  ratis.XceiverServerRatis (XceiverServerRatis.java:getRealPort(502)) - XceiverServerRatis 277330ea-7eb2-4eea-8a6b-9d41e81a33f6 is started using port 40547 for RATIS
2022-10-25 12:15:15,622 [JvmPauseMonitor10] INFO  util.JvmPauseMonitor (JvmPauseMonitor.java:run(105)) - JvmPauseMonitor-277330ea-7eb2-4eea-8a6b-9d41e81a33f6: Started
2022-10-25 12:15:15,622 [EndpointStateMachine task thread for /0.0.0.0:39909 - 0 ] INFO  ratis.XceiverServerRatis (XceiverServerRatis.java:getRealPort(502)) - XceiverServerRatis 277330ea-7eb2-4eea-8a6b-9d41e81a33f6 is started using port 40547 for RATIS_ADMIN
2022-10-25 12:15:15,623 [EndpointStateMachine task thread for /0.0.0.0:39909 - 0 ] INFO  ratis.XceiverServerRatis (XceiverServerRatis.java:getRealPort(502)) - XceiverServerRatis 277330ea-7eb2-4eea-8a6b-9d41e81a33f6 is started using port 40547 for RATIS_SERVER
2022-10-25 12:15:15,624 [EndpointStateMachine task thread for /0.0.0.0:39909 - 0 ] INFO  server.XceiverServerGrpc (XceiverServerGrpc.java:start(180)) - XceiverServerGrpc 277330ea-7eb2-4eea-8a6b-9d41e81a33f6 is started using port 46845
2022-10-25 12:15:16,001 [IPC Server handler 5 on default port 39909] INFO  net.NetworkTopologyImpl (NetworkTopologyImpl.java:add(112)) - Added a new node: /default-rack/d4065fed-2d66-41be-989b-4bd24a4f6517
2022-10-25 12:15:16,001 [IPC Server handler 5 on default port 39909] INFO  node.SCMNodeManager (SCMNodeManager.java:register(397)) - Registered Data node : d4065fed-2d66-41be-989b-4bd24a4f6517{ip: 10.1.1.43, host: fv-az82-510.ou3itxwc2spe5nxnxxppousbrf.dx.internal.cloudapp.net, ports: [REPLICATION=36477, RATIS=33373, RATIS_ADMIN=33373, RATIS_SERVER=33373, STANDALONE=33211], networkLocation: /default-rack, certSerialId: null, persistedOpState: null, persistedOpStateExpiryEpochSec: 0}
2022-10-25 12:15:16,001 [EventQueue-NewNodeForNewNodeHandler] INFO  pipeline.BackgroundPipelineCreator (BackgroundPipelineCreator.java:notifyEventTriggered(276)) - trigger a one-shot run on RatisPipelineUtilsThread.
2022-10-25 12:15:16,002 [RatisPipelineUtilsThread - 0] INFO  pipeline.RatisPipelineProvider (RatisPipelineProvider.java:lambda$create$0(195)) - Sending CreatePipelineCommand for pipeline:PipelineID=3b7ebf2d-66b0-421e-a3c1-297d8d80eca4 to datanode:d4065fed-2d66-41be-989b-4bd24a4f6517
2022-10-25 12:15:16,003 [RatisPipelineUtilsThread - 0] INFO  pipeline.PipelineStateManagerImpl (PipelineStateManagerImpl.java:addPipeline(103)) - Created pipeline Pipeline[ Id: 3b7ebf2d-66b0-421e-a3c1-297d8d80eca4, Nodes: d4065fed-2d66-41be-989b-4bd24a4f6517{ip: 10.1.1.43, host: fv-az82-510.ou3itxwc2spe5nxnxxppousbrf.dx.internal.cloudapp.net, ports: [REPLICATION=36477, RATIS=33373, RATIS_ADMIN=33373, RATIS_SERVER=33373, STANDALONE=33211], networkLocation: /default-rack, certSerialId: null, persistedOpState: IN_SERVICE, persistedOpStateExpiryEpochSec: 0}, ReplicationConfig: RATIS/ONE, State:ALLOCATED, leaderId:, CreationTimestamp2022-10-25T12:15:16.002Z[Etc/UTC]].
2022-10-25 12:15:16,003 [RatisPipelineUtilsThread - 0] INFO  pipeline.RatisPipelineProvider (RatisPipelineProvider.java:lambda$create$0(195)) - Sending CreatePipelineCommand for pipeline:PipelineID=46fbd23a-91f8-4d0e-a109-5ead7f5bc067 to datanode:6ce03c57-5430-4ab1-bf83-fb555d2de968
2022-10-25 12:15:16,003 [RatisPipelineUtilsThread - 0] INFO  pipeline.RatisPipelineProvider (RatisPipelineProvider.java:lambda$create$0(195)) - Sending CreatePipelineCommand for pipeline:PipelineID=46fbd23a-91f8-4d0e-a109-5ead7f5bc067 to datanode:be21c5c4-321c-411e-8ca9-5bb5909d110b
2022-10-25 12:15:16,003 [RatisPipelineUtilsThread - 0] INFO  pipeline.RatisPipelineProvider (RatisPipelineProvider.java:lambda$create$0(195)) - Sending CreatePipelineCommand for pipeline:PipelineID=46fbd23a-91f8-4d0e-a109-5ead7f5bc067 to datanode:d4065fed-2d66-41be-989b-4bd24a4f6517
2022-10-25 12:15:16,004 [RatisPipelineUtilsThread - 0] INFO  pipeline.PipelineStateManagerImpl (PipelineStateManagerImpl.java:addPipeline(103)) - Created pipeline Pipeline[ Id: 46fbd23a-91f8-4d0e-a109-5ead7f5bc067, Nodes: 6ce03c57-5430-4ab1-bf83-fb555d2de968{ip: 10.1.1.43, host: fv-az82-510.ou3itxwc2spe5nxnxxppousbrf.dx.internal.cloudapp.net, ports: [REPLICATION=34039, RATIS=33579, RATIS_ADMIN=33579, RATIS_SERVER=33579, STANDALONE=43353], networkLocation: /default-rack, certSerialId: null, persistedOpState: IN_SERVICE, persistedOpStateExpiryEpochSec: 0}be21c5c4-321c-411e-8ca9-5bb5909d110b{ip: 10.1.1.43, host: fv-az82-510.ou3itxwc2spe5nxnxxppousbrf.dx.internal.cloudapp.net, ports: [REPLICATION=34441, RATIS=34703, RATIS_ADMIN=34703, RATIS_SERVER=34703, STANDALONE=38509], networkLocation: /default-rack, certSerialId: null, persistedOpState: IN_SERVICE, persistedOpStateExpiryEpochSec: 0}d4065fed-2d66-41be-989b-4bd24a4f6517{ip: 10.1.1.43, host: fv-az82-510.ou3itxwc2spe5nxnxxppousbrf.dx.internal.cloudapp.net, ports: [REPLICATION=36477, RATIS=33373, RATIS_ADMIN=33373, RATIS_SERVER=33373, STANDALONE=33211], networkLocation: /default-rack, certSerialId: null, persistedOpState: IN_SERVICE, persistedOpStateExpiryEpochSec: 0}, ReplicationConfig: RATIS/THREE, State:ALLOCATED, leaderId:, CreationTimestamp2022-10-25T12:15:16.003Z[Etc/UTC]].
2022-10-25 12:15:16,005 [RatisPipelineUtilsThread - 0] INFO  pipeline.RatisPipelineProvider (RatisPipelineProvider.java:lambda$create$0(195)) - Sending CreatePipelineCommand for pipeline:PipelineID=7fe513b6-f2fb-4b3f-969c-670b8877836b to datanode:d4065fed-2d66-41be-989b-4bd24a4f6517
2022-10-25 12:15:16,006 [RatisPipelineUtilsThread - 0] INFO  pipeline.RatisPipelineProvider (RatisPipelineProvider.java:lambda$create$0(195)) - Sending CreatePipelineCommand for pipeline:PipelineID=7fe513b6-f2fb-4b3f-969c-670b8877836b to datanode:be21c5c4-321c-411e-8ca9-5bb5909d110b
2022-10-25 12:15:16,006 [RatisPipelineUtilsThread - 0] INFO  pipeline.RatisPipelineProvider (RatisPipelineProvider.java:lambda$create$0(195)) - Sending CreatePipelineCommand for pipeline:PipelineID=7fe513b6-f2fb-4b3f-969c-670b8877836b to datanode:6ce03c57-5430-4ab1-bf83-fb555d2de968
2022-10-25 12:15:16,007 [RatisPipelineUtilsThread - 0] INFO  pipeline.PipelineStateManagerImpl (PipelineStateManagerImpl.java:addPipeline(103)) - Created pipeline Pipeline[ Id: 7fe513b6-f2fb-4b3f-969c-670b8877836b, Nodes: d4065fed-2d66-41be-989b-4bd24a4f6517{ip: 10.1.1.43, host: fv-az82-510.ou3itxwc2spe5nxnxxppousbrf.dx.internal.cloudapp.net, ports: [REPLICATION=36477, RATIS=33373, RATIS_ADMIN=33373, RATIS_SERVER=33373, STANDALONE=33211], networkLocation: /default-rack, certSerialId: null, persistedOpState: IN_SERVICE, persistedOpStateExpiryEpochSec: 0}be21c5c4-321c-411e-8ca9-5bb5909d110b{ip: 10.1.1.43, host: fv-az82-510.ou3itxwc2spe5nxnxxppousbrf.dx.internal.cloudapp.net, ports: [REPLICATION=34441, RATIS=34703, RATIS_ADMIN=34703, RATIS_SERVER=34703, STANDALONE=38509], networkLocation: /default-rack, certSerialId: null, persistedOpState: IN_SERVICE, persistedOpStateExpiryEpochSec: 0}6ce03c57-5430-4ab1-bf83-fb555d2de968{ip: 10.1.1.43, host: fv-az82-510.ou3itxwc2spe5nxnxxppousbrf.dx.internal.cloudapp.net, ports: [REPLICATION=34039, RATIS=33579, RATIS_ADMIN=33579, RATIS_SERVER=33579, STANDALONE=43353], networkLocation: /default-rack, certSerialId: null, persistedOpState: IN_SERVICE, persistedOpStateExpiryEpochSec: 0}, ReplicationConfig: RATIS/THREE, State:ALLOCATED, leaderId:, CreationTimestamp2022-10-25T12:15:16.005Z[Etc/UTC]].
2022-10-25 12:15:16,007 [RatisPipelineUtilsThread - 0] INFO  pipeline.PipelineManagerImpl (PipelineManagerImpl.java:recordMetricsForPipeline(826)) - Pipeline: PipelineID=7fe513b6-f2fb-4b3f-969c-670b8877836b contains same datanodes as previous pipelines: PipelineID=46fbd23a-91f8-4d0e-a109-5ead7f5bc067 nodeIds: d4065fed-2d66-41be-989b-4bd24a4f6517, be21c5c4-321c-411e-8ca9-5bb5909d110b, 6ce03c57-5430-4ab1-bf83-fb555d2de968
2022-10-25 12:15:16,427 [IPC Server handler 2 on default port 39909] INFO  net.NetworkTopologyImpl (NetworkTopologyImpl.java:add(112)) - Added a new node: /default-rack/86ba6119-8a76-46a4-9f38-747fe10c9207
2022-10-25 12:15:16,427 [IPC Server handler 2 on default port 39909] INFO  node.SCMNodeManager (SCMNodeManager.java:register(397)) - Registered Data node : 86ba6119-8a76-46a4-9f38-747fe10c9207{ip: 10.1.1.43, host: fv-az82-510.ou3itxwc2spe5nxnxxppousbrf.dx.internal.cloudapp.net, ports: [REPLICATION=41909, RATIS=42323, RATIS_ADMIN=42323, RATIS_SERVER=42323, STANDALONE=33887], networkLocation: /default-rack, certSerialId: null, persistedOpState: null, persistedOpStateExpiryEpochSec: 0}
2022-10-25 12:15:16,428 [EventQueue-NewNodeForNewNodeHandler] INFO  pipeline.BackgroundPipelineCreator (BackgroundPipelineCreator.java:notifyEventTriggered(276)) - trigger a one-shot run on RatisPipelineUtilsThread.
2022-10-25 12:15:16,429 [RatisPipelineUtilsThread - 0] INFO  pipeline.RatisPipelineProvider (RatisPipelineProvider.java:lambda$create$0(195)) - Sending CreatePipelineCommand for pipeline:PipelineID=cc640d43-417d-4dcd-bd1f-0a56fe1ff9ef to datanode:86ba6119-8a76-46a4-9f38-747fe10c9207
2022-10-25 12:15:16,430 [RatisPipelineUtilsThread - 0] INFO  pipeline.PipelineStateManagerImpl (PipelineStateManagerImpl.java:addPipeline(103)) - Created pipeline Pipeline[ Id: cc640d43-417d-4dcd-bd1f-0a56fe1ff9ef, Nodes: 86ba6119-8a76-46a4-9f38-747fe10c9207{ip: 10.1.1.43, host: fv-az82-510.ou3itxwc2spe5nxnxxppousbrf.dx.internal.cloudapp.net, ports: [REPLICATION=41909, RATIS=42323, RATIS_ADMIN=42323, RATIS_SERVER=42323, STANDALONE=33887], networkLocation: /default-rack, certSerialId: null, persistedOpState: IN_SERVICE, persistedOpStateExpiryEpochSec: 0}, ReplicationConfig: RATIS/ONE, State:ALLOCATED, leaderId:, CreationTimestamp2022-10-25T12:15:16.429Z[Etc/UTC]].
2022-10-25 12:15:16,559 [Listener at 127.0.0.1/33161] INFO  ozone.MiniOzoneClusterImpl (MiniOzoneClusterImpl.java:lambda$waitForClusterToBeReady$0(216)) - Waiting for nodes to be ready. Got 7 of 10 DN Heartbeats.
2022-10-25 12:15:16,560 [Listener at 127.0.0.1/33161] INFO  ozone.MiniOzoneClusterImpl (MiniOzoneClusterImpl.java:lambda$waitForClusterToBeReady$0(219)) - Waiting for cluster to exit safe mode
2022-10-25 12:15:16,560 [Listener at 127.0.0.1/33161] INFO  ozone.MiniOzoneClusterImpl (MiniOzoneClusterImpl.java:lambda$waitForClusterToBeReady$0(221)) - SCM became leader
2022-10-25 12:15:16,796 [IPC Server handler 6 on default port 39909] INFO  net.NetworkTopologyImpl (NetworkTopologyImpl.java:add(112)) - Added a new node: /default-rack/0a1cfcca-7ba7-43aa-b517-08505af7a09b
2022-10-25 12:15:16,797 [IPC Server handler 6 on default port 39909] INFO  node.SCMNodeManager (SCMNodeManager.java:register(397)) - Registered Data node : 0a1cfcca-7ba7-43aa-b517-08505af7a09b{ip: 10.1.1.43, host: fv-az82-510.ou3itxwc2spe5nxnxxppousbrf.dx.internal.cloudapp.net, ports: [REPLICATION=42611, RATIS=43175, RATIS_ADMIN=43175, RATIS_SERVER=43175, STANDALONE=40433], networkLocation: /default-rack, certSerialId: null, persistedOpState: null, persistedOpStateExpiryEpochSec: 0}
2022-10-25 12:15:16,798 [EventQueue-NewNodeForNewNodeHandler] INFO  pipeline.BackgroundPipelineCreator (BackgroundPipelineCreator.java:notifyEventTriggered(276)) - trigger a one-shot run on RatisPipelineUtilsThread.
2022-10-25 12:15:16,799 [RatisPipelineUtilsThread - 0] INFO  pipeline.RatisPipelineProvider (RatisPipelineProvider.java:lambda$create$0(195)) - Sending CreatePipelineCommand for pipeline:PipelineID=dfe068ea-08e5-4a6b-83fc-7646482eed7c to datanode:0a1cfcca-7ba7-43aa-b517-08505af7a09b
2022-10-25 12:15:16,800 [RatisPipelineUtilsThread - 0] INFO  pipeline.PipelineStateManagerImpl (PipelineStateManagerImpl.java:addPipeline(103)) - Created pipeline Pipeline[ Id: dfe068ea-08e5-4a6b-83fc-7646482eed7c, Nodes: 0a1cfcca-7ba7-43aa-b517-08505af7a09b{ip: 10.1.1.43, host: fv-az82-510.ou3itxwc2spe5nxnxxppousbrf.dx.internal.cloudapp.net, ports: [REPLICATION=42611, RATIS=43175, RATIS_ADMIN=43175, RATIS_SERVER=43175, STANDALONE=40433], networkLocation: /default-rack, certSerialId: null, persistedOpState: IN_SERVICE, persistedOpStateExpiryEpochSec: 0}, ReplicationConfig: RATIS/ONE, State:ALLOCATED, leaderId:, CreationTimestamp2022-10-25T12:15:16.799Z[Etc/UTC]].
2022-10-25 12:15:16,859 [Command processor thread] INFO  server.RaftServer (RaftServerProxy.java:addNew(96)) - 6534404f-39f4-445c-b85e-518a348dbff3: addNew group-B7DE03A6A590:[6534404f-39f4-445c-b85e-518a348dbff3|rpc:10.1.1.43:42177|priority:1|startupRole:FOLLOWER] returns group-B7DE03A6A590:java.util.concurrent.CompletableFuture@6f81841f[Not completed]
2022-10-25 12:15:16,870 [pool-72-thread-1] INFO  server.RaftServer$Division (RaftServerImpl.java:<init>(195)) - 6534404f-39f4-445c-b85e-518a348dbff3: new RaftServerImpl for group-B7DE03A6A590:[6534404f-39f4-445c-b85e-518a348dbff3|rpc:10.1.1.43:42177|priority:1|startupRole:FOLLOWER] with ContainerStateMachine:uninitialized
2022-10-25 12:15:16,870 [pool-72-thread-1] INFO  server.RaftServerConfigKeys (ConfUtils.java:logGet(46)) - raft.server.rpc.timeout.min = 5s (custom)
2022-10-25 12:15:16,870 [pool-72-thread-1] INFO  server.RaftServerConfigKeys (ConfUtils.java:logGet(46)) - raft.server.rpc.timeout.max = 5200ms (custom)
2022-10-25 12:15:16,871 [pool-72-thread-1] INFO  server.RaftServerConfigKeys (ConfUtils.java:logGet(46)) - raft.server.rpc.sleep.time = 25ms (default)
2022-10-25 12:15:16,871 [pool-72-thread-1] INFO  server.RaftServerConfigKeys (ConfUtils.java:logGet(46)) - raft.server.rpc.slowness.timeout = 300s (custom)
2022-10-25 12:15:16,871 [pool-72-thread-1] INFO  server.RaftServerConfigKeys (ConfUtils.java:logGet(46)) - raft.server.leaderelection.leader.step-down.wait-time = 10s (default)
2022-10-25 12:15:16,871 [pool-72-thread-1] INFO  server.RaftServerConfigKeys (ConfUtils.java:logGet(46)) - raft.server.sleep.deviation.threshold = 300ms (default)
2022-10-25 12:15:16,871 [pool-72-thread-1] INFO  server.RaftServer$Division (ServerState.java:<init>(118)) - 6534404f-39f4-445c-b85e-518a348dbff3@group-B7DE03A6A590: ConfigurationManager, init=-1: peers:[6534404f-39f4-445c-b85e-518a348dbff3|rpc:10.1.1.43:42177|priority:1|startupRole:FOLLOWER]|listeners:[], old=null, confs=<EMPTY_MAP>
2022-10-25 12:15:16,871 [pool-72-thread-1] INFO  server.RaftServerConfigKeys (ConfUtils.java:logGet(46)) - raft.server.storage.dir = [/home/runner/work/ozone/ozone/hadoop-ozone/integration-test/target/test-dir/MiniOzoneClusterImpl-59fd4bbb-78e8-4c50-bd4e-19e5c7f0d0cd/datanode-0/data/ratis] (custom)
2022-10-25 12:15:16,871 [pool-72-thread-1] INFO  server.RaftServerConfigKeys (ConfUtils.java:logGet(46)) - raft.server.log.corruption.policy = EXCEPTION (default)
2022-10-25 12:15:16,871 [pool-72-thread-1] INFO  server.RaftServerConfigKeys (ConfUtils.java:logGet(46)) - raft.server.storage.free-space.min = 0MB (=0) (default)
2022-10-25 12:15:16,872 [pool-72-thread-1] INFO  server.RaftServerConfigKeys (ConfUtils.java:logGet(46)) - raft.server.notification.no-leader.timeout = 300s (custom)
2022-10-25 12:15:16,872 [pool-72-thread-1] INFO  server.RaftServerConfigKeys (ConfUtils.java:logGet(46)) - raft.server.retrycache.expirytime = 600000ms (custom)
2022-10-25 12:15:16,872 [pool-72-thread-1] INFO  server.RaftServerConfigKeys (ConfUtils.java:logGet(46)) - raft.server.retrycache.statistics.expirytime = 100μs (default)
2022-10-25 12:15:16,877 [pool-72-thread-1] INFO  server.RaftServerConfigKeys (ConfUtils.java:logGet(46)) - raft.server.log.appender.install.snapshot.enabled = false (custom)
2022-10-25 12:15:16,877 [pool-72-thread-1] INFO  server.RaftServerConfigKeys (ConfUtils.java:logGet(46)) - raft.server.threadpool.server.cached = true (default)
2022-10-25 12:15:16,878 [pool-72-thread-1] INFO  server.RaftServerConfigKeys (ConfUtils.java:logGet(46)) - raft.server.threadpool.server.size = 0 (default)
2022-10-25 12:15:16,879 [pool-72-thread-1] INFO  server.RaftServerConfigKeys (ConfUtils.java:logGet(46)) - raft.server.threadpool.client.cached = true (default)
2022-10-25 12:15:16,879 [pool-72-thread-1] INFO  server.RaftServerConfigKeys (ConfUtils.java:logGet(46)) - raft.server.threadpool.client.size = 0 (default)
2022-10-25 12:15:16,889 [pool-72-thread-1] INFO  storage.RaftStorageDirectory (RaftStorageDirectoryImpl.java:analyzeStorage(137)) - The storage directory /home/runner/work/ozone/ozone/hadoop-ozone/integration-test/target/test-dir/MiniOzoneClusterImpl-59fd4bbb-78e8-4c50-bd4e-19e5c7f0d0cd/datanode-0/data/ratis/7c679310-8af0-46af-9ef5-b7de03a6a590 does not exist. Creating ...
2022-10-25 12:15:16,893 [pool-72-thread-1] INFO  storage.RaftStorageDirectory (RaftStorageDirectoryImpl.java:tryLock(231)) - Lock on /home/runner/work/ozone/ozone/hadoop-ozone/integration-test/target/test-dir/MiniOzoneClusterImpl-59fd4bbb-78e8-4c50-bd4e-19e5c7f0d0cd/datanode-0/data/ratis/7c679310-8af0-46af-9ef5-b7de03a6a590/in_use.lock acquired by nodename 14024@fv-az82-510
2022-10-25 12:15:16,895 [pool-72-thread-1] INFO  storage.RaftStorage (RaftStorageImpl.java:format(96)) - Storage directory /home/runner/work/ozone/ozone/hadoop-ozone/integration-test/target/test-dir/MiniOzoneClusterImpl-59fd4bbb-78e8-4c50-bd4e-19e5c7f0d0cd/datanode-0/data/ratis/7c679310-8af0-46af-9ef5-b7de03a6a590 has been successfully formatted.
2022-10-25 12:15:16,902 [pool-72-thread-1] INFO  ratis.ContainerStateMachine (ContainerStateMachine.java:loadSnapshot(236)) - group-B7DE03A6A590: The snapshot info is null. Setting the last applied indexto:(t:0, i:~)
2022-10-25 12:15:16,906 [pool-72-thread-1] INFO  server.RaftServerConfigKeys (ConfUtils.java:logGet(46)) - raft.server.log.use.memory = false (default)
2022-10-25 12:15:16,906 [pool-72-thread-1] INFO  server.RaftServerConfigKeys (ConfUtils.java:logGet(46)) - raft.server.log.purge.gap = 1000000 (custom)
2022-10-25 12:15:16,906 [pool-72-thread-1] INFO  server.RaftServerConfigKeys (ConfUtils.java:logGet(46)) - raft.server.log.appender.buffer.byte-limit = 33554432 (custom)
2022-10-25 12:15:16,906 [pool-72-thread-1] INFO  server.RaftServerConfigKeys (ConfUtils.java:logGet(46)) - raft.server.log.statemachine.data.read.timeout = 1000ms (default)
2022-10-25 12:15:16,906 [pool-72-thread-1] INFO  server.RaftServerConfigKeys (ConfUtils.java:logGet(46)) - raft.server.log.purge.preservation.log.num = 0 (default)
2022-10-25 12:15:16,906 [pool-72-thread-1] INFO  server.RaftServerConfigKeys (ConfUtils.java:logGet(46)) - raft.server.log.segment.size.max = 1048576 (custom)
2022-10-25 12:15:16,907 [EventQueue-PipelineReportForPipelineReportHandler] INFO  pipeline.PipelineManagerImpl (PipelineManagerImpl.java:openPipeline(367)) - Pipeline Pipeline[ Id: 7c679310-8af0-46af-9ef5-b7de03a6a590, Nodes: 6534404f-39f4-445c-b85e-518a348dbff3{ip: 10.1.1.43, host: fv-az82-510.ou3itxwc2spe5nxnxxppousbrf.dx.internal.cloudapp.net, ports: [REPLICATION=46725, RATIS=42177, RATIS_ADMIN=42177, RATIS_SERVER=42177, STANDALONE=37675], networkLocation: /default-rack, certSerialId: null, persistedOpState: IN_SERVICE, persistedOpStateExpiryEpochSec: 0}, ReplicationConfig: RATIS/ONE, State:ALLOCATED, leaderId:6534404f-39f4-445c-b85e-518a348dbff3, CreationTimestamp2022-10-25T12:15:13.874Z[Etc/UTC]] moved to OPEN state
2022-10-25 12:15:16,910 [pool-72-thread-1] INFO  server.RaftServerConfigKeys (ConfUtils.java:logGet(46)) - raft.server.log.segment.cache.num.max = 2 (custom)
2022-10-25 12:15:16,910 [pool-72-thread-1] INFO  server.RaftServerConfigKeys (ConfUtils.java:logGet(46)) - raft.server.log.segment.cache.size.max = 200MB (=209715200) (default)
2022-10-25 12:15:16,910 [pool-72-thread-1] INFO  segmented.SegmentedRaftLogWorker (SegmentedRaftLogWorker.java:<init>(191)) - new 6534404f-39f4-445c-b85e-518a348dbff3@group-B7DE03A6A590-SegmentedRaftLogWorker for RaftStorageImpl:Storage Directory /home/runner/work/ozone/ozone/hadoop-ozone/integration-test/target/test-dir/MiniOzoneClusterImpl-59fd4bbb-78e8-4c50-bd4e-19e5c7f0d0cd/datanode-0/data/ratis/7c679310-8af0-46af-9ef5-b7de03a6a590
2022-10-25 12:15:16,910 [pool-72-thread-1] INFO  server.RaftServerConfigKeys (ConfUtils.java:logGet(46)) - raft.server.log.queue.byte-limit = 4294967296 (custom)
2022-10-25 12:15:16,910 [pool-72-thread-1] INFO  server.RaftServerConfigKeys (ConfUtils.java:logGet(46)) - raft.server.log.queue.element-limit = 1024 (custom)
2022-10-25 12:15:16,910 [pool-72-thread-1] INFO  server.RaftServerConfigKeys (ConfUtils.java:logGet(46)) - raft.server.log.segment.size.max = 1048576 (custom)
2022-10-25 12:15:16,910 [pool-72-thread-1] INFO  server.RaftServerConfigKeys (ConfUtils.java:logGet(46)) - raft.server.log.preallocated.size = 16384 (custom)
2022-10-25 12:15:16,910 [pool-72-thread-1] INFO  server.RaftServerConfigKeys (ConfUtils.java:logGet(46)) - raft.server.log.force.sync.num = 128 (default)
2022-10-25 12:15:16,910 [pool-72-thread-1] INFO  server.RaftServerConfigKeys (ConfUtils.java:logGet(46)) - raft.server.log.statemachine.data.sync = true (default)
2022-10-25 12:15:16,910 [pool-72-thread-1] INFO  server.RaftServerConfigKeys (ConfUtils.java:logGet(46)) - raft.server.log.statemachine.data.sync.timeout = 10s (default)
2022-10-25 12:15:16,911 [pool-72-thread-1] INFO  server.RaftServerConfigKeys (ConfUtils.java:logGet(46)) - raft.server.log.statemachine.data.sync.timeout.retry = -1 (default)
2022-10-25 12:15:16,915 [EventQueue-OpenPipelineForHealthyPipelineSafeModeRule] INFO  safemode.SCMSafeModeManager (HealthyPipelineSafeModeRule.java:process(137)) - SCM in safe mode. Healthy pipelines reported count is 0, required healthy pipeline reported count is 1
2022-10-25 12:15:16,916 [pool-72-thread-1] INFO  server.RaftServerConfigKeys (ConfUtils.java:logGet(46)) - raft.server.log.write.buffer.size = 1048576 (custom)
2022-10-25 12:15:16,916 [pool-72-thread-1] INFO  server.RaftServerConfigKeys (ConfUtils.java:logGet(46)) - raft.server.log.unsafe-flush.enabled = false (default)
2022-10-25 12:15:16,916 [pool-72-thread-1] INFO  server.RaftServerConfigKeys (ConfUtils.java:logGet(46)) - raft.server.log.async-flush.enabled = false (default)
2022-10-25 12:15:16,916 [pool-72-thread-1] INFO  server.RaftServerConfigKeys (ConfUtils.java:logGet(46)) - raft.server.log.statemachine.data.caching.enabled = true (custom)
2022-10-25 12:15:16,917 [pool-72-thread-1] INFO  segmented.SegmentedRaftLogWorker (SegmentedRaftLogWorker.java:lambda$new$0(136)) - 6534404f-39f4-445c-b85e-518a348dbff3@group-B7DE03A6A590-SegmentedRaftLogWorker: flushIndex: setUnconditionally 0 -> -1
2022-10-25 12:15:16,917 [pool-72-thread-1] INFO  segmented.SegmentedRaftLogWorker (SegmentedRaftLogWorker.java:lambda$new$0(136)) - 6534404f-39f4-445c-b85e-518a348dbff3@group-B7DE03A6A590-SegmentedRaftLogWorker: safeCacheEvictIndex: setUnconditionally 0 -> -1
2022-10-25 12:15:16,917 [pool-72-thread-1] INFO  server.RaftServer$Division (RaftServerImpl.java:start(334)) - 6534404f-39f4-445c-b85e-518a348dbff3@group-B7DE03A6A590: start as a follower, conf=-1: peers:[6534404f-39f4-445c-b85e-518a348dbff3|rpc:10.1.1.43:42177|priority:1|startupRole:FOLLOWER]|listeners:[], old=null
2022-10-25 12:15:16,918 [pool-72-thread-1] INFO  server.RaftServer$Division (RaftServerImpl.java:setRole(321)) - 6534404f-39f4-445c-b85e-518a348dbff3@group-B7DE03A6A590: changes role from      null to FOLLOWER at term 0 for startAsFollower
2022-10-25 12:15:16,918 [pool-72-thread-1] INFO  impl.RoleInfo (RoleInfo.java:updateAndGet(139)) - 6534404f-39f4-445c-b85e-518a348dbff3: start 6534404f-39f4-445c-b85e-518a348dbff3@group-B7DE03A6A590-FollowerState
2022-10-25 12:15:16,921 [pool-72-thread-1] INFO  util.JmxRegister (JmxRegister.java:tryRegister(44)) - Successfully registered JMX Bean with object name Ratis:service=RaftServer,group=group-B7DE03A6A590,id=6534404f-39f4-445c-b85e-518a348dbff3
2022-10-25 12:15:16,926 [pool-72-thread-1] INFO  server.RaftServerConfigKeys (ConfUtils.java:logGet(46)) - raft.server.snapshot.auto.trigger.enabled = true (custom)
2022-10-25 12:15:16,926 [pool-72-thread-1] INFO  server.RaftServerConfigKeys (ConfUtils.java:logGet(46)) - raft.server.snapshot.auto.trigger.threshold = 10000 (custom)
2022-10-25 12:15:16,926 [pool-72-thread-1] INFO  server.RaftServerConfigKeys (ConfUtils.java:logGet(46)) - raft.server.snapshot.retention.file.num = 5 (custom)
2022-10-25 12:15:16,926 [pool-72-thread-1] INFO  server.RaftServerConfigKeys (ConfUtils.java:logGet(46)) - raft.server.log.purge.upto.snapshot.index = false (default)
2022-10-25 12:15:16,927 [6534404f-39f4-445c-b85e-518a348dbff3@group-B7DE03A6A590-FollowerState] INFO  server.RaftServerConfigKeys (ConfUtils.java:logFallback(53)) - raft.server.rpc.first-election.timeout.min = 5s (fallback to raft.server.rpc.timeout.min)
2022-10-25 12:15:16,928 [6534404f-39f4-445c-b85e-518a348dbff3@group-B7DE03A6A590-FollowerState] INFO  server.RaftServerConfigKeys (ConfUtils.java:logFallback(53)) - raft.server.rpc.first-election.timeout.max = 5200ms (fallback to raft.server.rpc.timeout.max)
2022-10-25 12:15:16,935 [Command processor thread] INFO  ratis.XceiverServerRatis (XceiverServerRatis.java:addGroup(765)) - Created group PipelineID=7c679310-8af0-46af-9ef5-b7de03a6a590
2022-10-25 12:15:16,935 [Command processor thread] INFO  commandhandler.CreatePipelineCommandHandler (CreatePipelineCommandHandler.java:handle(113)) - Created Pipeline RATIS ONE PipelineID=7c679310-8af0-46af-9ef5-b7de03a6a590.
2022-10-25 12:15:16,936 [Command processor thread] INFO  server.RaftServer (RaftServerProxy.java:addNew(96)) - 6534404f-39f4-445c-b85e-518a348dbff3: addNew group-C2A56A5A39AA:[86658d9d-b609-4403-bc8a-bf059dbdbb67|rpc:10.1.1.43:34601|priority:0|startupRole:FOLLOWER, 0c76121b-7d6b-4708-9ae8-9ff4448060b7|rpc:10.1.1.43:35675|priority:1|startupRole:FOLLOWER, 6534404f-39f4-445c-b85e-518a348dbff3|rpc:10.1.1.43:42177|priority:0|startupRole:FOLLOWER] returns group-C2A56A5A39AA:java.util.concurrent.CompletableFuture@753d5b1e[Not completed]
2022-10-25 12:15:16,937 [pool-72-thread-1] INFO  server.RaftServer$Division (RaftServerImpl.java:<init>(195)) - 6534404f-39f4-445c-b85e-518a348dbff3: new RaftServerImpl for group-C2A56A5A39AA:[86658d9d-b609-4403-bc8a-bf059dbdbb67|rpc:10.1.1.43:34601|priority:0|startupRole:FOLLOWER, 0c76121b-7d6b-4708-9ae8-9ff4448060b7|rpc:10.1.1.43:35675|priority:1|startupRole:FOLLOWER, 6534404f-39f4-445c-b85e-518a348dbff3|rpc:10.1.1.43:42177|priority:0|startupRole:FOLLOWER] with ContainerStateMachine:uninitialized
2022-10-25 12:15:16,937 [pool-72-thread-1] INFO  server.RaftServerConfigKeys (ConfUtils.java:logGet(46)) - raft.server.rpc.timeout.min = 5s (custom)
2022-10-25 12:15:16,937 [pool-72-thread-1] INFO  server.RaftServerConfigKeys (ConfUtils.java:logGet(46)) - raft.server.rpc.timeout.max = 5200ms (custom)
2022-10-25 12:15:16,937 [pool-72-thread-1] INFO  server.RaftServerConfigKeys (ConfUtils.java:logGet(46)) - raft.server.rpc.sleep.time = 25ms (default)
2022-10-25 12:15:16,937 [pool-72-thread-1] INFO  server.RaftServerConfigKeys (ConfUtils.java:logGet(46)) - raft.server.rpc.slowness.timeout = 300s (custom)
2022-10-25 12:15:16,937 [pool-72-thread-1] INFO  server.RaftServerConfigKeys (ConfUtils.java:logGet(46)) - raft.server.leaderelection.leader.step-down.wait-time = 10s (default)
2022-10-25 12:15:16,937 [pool-72-thread-1] INFO  server.RaftServerConfigKeys (ConfUtils.java:logGet(46)) - raft.server.sleep.deviation.threshold = 300ms (default)
2022-10-25 12:15:16,938 [pool-72-thread-1] INFO  server.RaftServer$Division (ServerState.java:<init>(118)) - 6534404f-39f4-445c-b85e-518a348dbff3@group-C2A56A5A39AA: ConfigurationManager, init=-1: peers:[86658d9d-b609-4403-bc8a-bf059dbdbb67|rpc:10.1.1.43:34601|priority:0|startupRole:FOLLOWER, 0c76121b-7d6b-4708-9ae8-9ff4448060b7|rpc:10.1.1.43:35675|priority:1|startupRole:FOLLOWER, 6534404f-39f4-445c-b85e-518a348dbff3|rpc:10.1.1.43:42177|priority:0|startupRole:FOLLOWER]|listeners:[], old=null, confs=<EMPTY_MAP>
2022-10-25 12:15:16,938 [pool-72-thread-1] INFO  server.RaftServerConfigKeys (ConfUtils.java:logGet(46)) - raft.server.storage.dir = [/home/runner/work/ozone/ozone/hadoop-ozone/integration-test/target/test-dir/MiniOzoneClusterImpl-59fd4bbb-78e8-4c50-bd4e-19e5c7f0d0cd/datanode-0/data/ratis] (custom)
2022-10-25 12:15:16,938 [pool-72-thread-1] INFO  server.RaftServerConfigKeys (ConfUtils.java:logGet(46)) - raft.server.log.corruption.policy = EXCEPTION (default)
2022-10-25 12:15:16,938 [pool-72-thread-1] INFO  server.RaftServerConfigKeys (ConfUtils.java:logGet(46)) - raft.server.storage.free-space.min = 0MB (=0) (default)
2022-10-25 12:15:16,938 [pool-72-thread-1] INFO  server.RaftServerConfigKeys (ConfUtils.java:logGet(46)) - raft.server.notification.no-leader.timeout = 300s (custom)
2022-10-25 12:15:16,938 [pool-72-thread-1] INFO  server.RaftServerConfigKeys (ConfUtils.java:logGet(46)) - raft.server.retrycache.expirytime = 600000ms (custom)
2022-10-25 12:15:16,938 [pool-72-thread-1] INFO  server.RaftServerConfigKeys (ConfUtils.java:logGet(46)) - raft.server.retrycache.statistics.expirytime = 100μs (default)
2022-10-25 12:15:16,942 [pool-72-thread-1] INFO  server.RaftServerConfigKeys (ConfUtils.java:logGet(46)) - raft.server.log.appender.install.snapshot.enabled = false (custom)
2022-10-25 12:15:16,942 [pool-72-thread-1] INFO  server.RaftServerConfigKeys (ConfUtils.java:logGet(46)) - raft.server.threadpool.server.cached = true (default)
2022-10-25 12:15:16,942 [pool-72-thread-1] INFO  server.RaftServerConfigKeys (ConfUtils.java:logGet(46)) - raft.server.threadpool.server.size = 0 (default)
2022-10-25 12:15:16,942 [pool-72-thread-1] INFO  server.RaftServerConfigKeys (ConfUtils.java:logGet(46)) - raft.server.threadpool.client.cached = true (default)
2022-10-25 12:15:16,942 [pool-72-thread-1] INFO  server.RaftServerConfigKeys (ConfUtils.java:logGet(46)) - raft.server.threadpool.client.size = 0 (default)
2022-10-25 12:15:16,942 [pool-72-thread-1] INFO  storage.RaftStorageDirectory (RaftStorageDirectoryImpl.java:analyzeStorage(137)) - The storage directory /home/runner/work/ozone/ozone/hadoop-ozone/integration-test/target/test-dir/MiniOzoneClusterImpl-59fd4bbb-78e8-4c50-bd4e-19e5c7f0d0cd/datanode-0/data/ratis/f1a390e2-8bbb-41d2-9b09-c2a56a5a39aa does not exist. Creating ...
2022-10-25 12:15:16,943 [pool-72-thread-1] INFO  storage.RaftStorageDirectory (RaftStorageDirectoryImpl.java:tryLock(231)) - Lock on /home/runner/work/ozone/ozone/hadoop-ozone/integration-test/target/test-dir/MiniOzoneClusterImpl-59fd4bbb-78e8-4c50-bd4e-19e5c7f0d0cd/datanode-0/data/ratis/f1a390e2-8bbb-41d2-9b09-c2a56a5a39aa/in_use.lock acquired by nodename 14024@fv-az82-510
2022-10-25 12:15:16,944 [pool-72-thread-1] INFO  storage.RaftStorage (RaftStorageImpl.java:format(96)) - Storage directory /home/runner/work/ozone/ozone/hadoop-ozone/integration-test/target/test-dir/MiniOzoneClusterImpl-59fd4bbb-78e8-4c50-bd4e-19e5c7f0d0cd/datanode-0/data/ratis/f1a390e2-8bbb-41d2-9b09-c2a56a5a39aa has been successfully formatted.
2022-10-25 12:15:16,945 [pool-72-thread-1] INFO  ratis.ContainerStateMachine (ContainerStateMachine.java:loadSnapshot(236)) - group-C2A56A5A39AA: The snapshot info is null. Setting the last applied indexto:(t:0, i:~)
2022-10-25 12:15:16,945 [pool-72-thread-1] INFO  server.RaftServerConfigKeys (ConfUtils.java:logGet(46)) - raft.server.log.use.memory = false (default)
2022-10-25 12:15:16,945 [pool-72-thread-1] INFO  server.RaftServerConfigKeys (ConfUtils.java:logGet(46)) - raft.server.log.purge.gap = 1000000 (custom)
2022-10-25 12:15:16,945 [pool-72-thread-1] INFO  server.RaftServerConfigKeys (ConfUtils.java:logGet(46)) - raft.server.log.appender.buffer.byte-limit = 33554432 (custom)
2022-10-25 12:15:16,945 [pool-72-thread-1] INFO  server.RaftServerConfigKeys (ConfUtils.java:logGet(46)) - raft.server.log.statemachine.data.read.timeout = 1000ms (default)
2022-10-25 12:15:16,945 [pool-72-thread-1] INFO  server.RaftServerConfigKeys (ConfUtils.java:logGet(46)) - raft.server.log.purge.preservation.log.num = 0 (default)
2022-10-25 12:15:16,948 [EventQueue-OpenPipelineForHealthyPipelineSafeModeRule] INFO  safemode.SCMSafeModeManager (HealthyPipelineSafeModeRule.java:process(137)) - SCM in safe mode. Healthy pipelines reported count is 0, required healthy pipeline reported count is 1
2022-10-25 12:15:16,952 [pool-72-thread-1] INFO  server.RaftServerConfigKeys (ConfUtils.java:logGet(46)) - raft.server.log.segment.size.max = 1048576 (custom)
2022-10-25 12:15:16,953 [pool-72-thread-1] INFO  server.RaftServerConfigKeys (ConfUtils.java:logGet(46)) - raft.server.log.segment.cache.num.max = 2 (custom)
2022-10-25 12:15:16,953 [pool-72-thread-1] INFO  server.RaftServerConfigKeys (ConfUtils.java:logGet(46)) - raft.server.log.segment.cache.size.max = 200MB (=209715200) (default)
2022-10-25 12:15:16,953 [pool-72-thread-1] INFO  segmented.SegmentedRaftLogWorker (SegmentedRaftLogWorker.java:<init>(191)) - new 6534404f-39f4-445c-b85e-518a348dbff3@group-C2A56A5A39AA-SegmentedRaftLogWorker for RaftStorageImpl:Storage Directory /home/runner/work/ozone/ozone/hadoop-ozone/integration-test/target/test-dir/MiniOzoneClusterImpl-59fd4bbb-78e8-4c50-bd4e-19e5c7f0d0cd/datanode-0/data/ratis/f1a390e2-8bbb-41d2-9b09-c2a56a5a39aa
2022-10-25 12:15:16,953 [pool-72-thread-1] INFO  server.RaftServerConfigKeys (ConfUtils.java:logGet(46)) - raft.server.log.queue.byte-limit = 4294967296 (custom)
2022-10-25 12:15:16,953 [pool-72-thread-1] INFO  server.RaftServerConfigKeys (ConfUtils.java:logGet(46)) - raft.server.log.queue.element-limit = 1024 (custom)
2022-10-25 12:15:16,953 [pool-72-thread-1] INFO  server.RaftServerConfigKeys (ConfUtils.java:logGet(46)) - raft.server.log.segment.size.max = 1048576 (custom)
2022-10-25 12:15:16,954 [pool-72-thread-1] INFO  server.RaftServerConfigKeys (ConfUtils.java:logGet(46)) - raft.server.log.preallocated.size = 16384 (custom)
2022-10-25 12:15:16,954 [pool-72-thread-1] INFO  server.RaftServerConfigKeys (ConfUtils.java:logGet(46)) - raft.server.log.force.sync.num = 128 (default)
2022-10-25 12:15:16,954 [pool-72-thread-1] INFO  server.RaftServerConfigKeys (ConfUtils.java:logGet(46)) - raft.server.log.statemachine.data.sync = true (default)
2022-10-25 12:15:16,954 [pool-72-thread-1] INFO  server.RaftServerConfigKeys (ConfUtils.java:logGet(46)) - raft.server.log.statemachine.data.sync.timeout = 10s (default)
2022-10-25 12:15:16,954 [pool-72-thread-1] INFO  server.RaftServerConfigKeys (ConfUtils.java:logGet(46)) - raft.server.log.statemachine.data.sync.timeout.retry = -1 (default)
2022-10-25 12:15:16,956 [pool-72-thread-1] INFO  server.RaftServerConfigKeys (ConfUtils.java:logGet(46)) - raft.server.log.write.buffer.size = 1048576 (custom)
2022-10-25 12:15:16,957 [pool-72-thread-1] INFO  server.RaftServerConfigKeys (ConfUtils.java:logGet(46)) - raft.server.log.unsafe-flush.enabled = false (default)
2022-10-25 12:15:16,957 [pool-72-thread-1] INFO  server.RaftServerConfigKeys (ConfUtils.java:logGet(46)) - raft.server.log.async-flush.enabled = false (default)
2022-10-25 12:15:16,957 [pool-72-thread-1] INFO  server.RaftServerConfigKeys (ConfUtils.java:logGet(46)) - raft.server.log.statemachine.data.caching.enabled = true (custom)
2022-10-25 12:15:16,957 [pool-72-thread-1] INFO  segmented.SegmentedRaftLogWorker (SegmentedRaftLogWorker.java:lambda$new$0(136)) - 6534404f-39f4-445c-b85e-518a348dbff3@group-C2A56A5A39AA-SegmentedRaftLogWorker: flushIndex: setUnconditionally 0 -> -1
2022-10-25 12:15:16,957 [pool-72-thread-1] INFO  segmented.SegmentedRaftLogWorker (SegmentedRaftLogWorker.java:lambda$new$0(136)) - 6534404f-39f4-445c-b85e-518a348dbff3@group-C2A56A5A39AA-SegmentedRaftLogWorker: safeCacheEvictIndex: setUnconditionally 0 -> -1
2022-10-25 12:15:16,960 [pool-72-thread-1] INFO  server.RaftServer$Division (RaftServerImpl.java:start(334)) - 6534404f-39f4-445c-b85e-518a348dbff3@group-C2A56A5A39AA: start as a follower, conf=-1: peers:[86658d9d-b609-4403-bc8a-bf059dbdbb67|rpc:10.1.1.43:34601|priority:0|startupRole:FOLLOWER, 0c76121b-7d6b-4708-9ae8-9ff4448060b7|rpc:10.1.1.43:35675|priority:1|startupRole:FOLLOWER, 6534404f-39f4-445c-b85e-518a348dbff3|rpc:10.1.1.43:42177|priority:0|startupRole:FOLLOWER]|listeners:[], old=null
2022-10-25 12:15:16,960 [pool-72-thread-1] INFO  server.RaftServer$Division (RaftServerImpl.java:setRole(321)) - 6534404f-39f4-445c-b85e-518a348dbff3@group-C2A56A5A39AA: changes role from      null to FOLLOWER at term 0 for startAsFollower
2022-10-25 12:15:16,960 [pool-72-thread-1] INFO  impl.RoleInfo (RoleInfo.java:updateAndGet(139)) - 6534404f-39f4-445c-b85e-518a348dbff3: start 6534404f-39f4-445c-b85e-518a348dbff3@group-C2A56A5A39AA-FollowerState
2022-10-25 12:15:16,960 [6534404f-39f4-445c-b85e-518a348dbff3@group-C2A56A5A39AA-FollowerState] INFO  server.RaftServerConfigKeys (ConfUtils.java:logFallback(53)) - raft.server.rpc.first-election.timeout.min = 5s (fallback to raft.server.rpc.timeout.min)
2022-10-25 12:15:16,960 [pool-72-thread-1] INFO  util.JmxRegister (JmxRegister.java:tryRegister(44)) - Successfully registered JMX Bean with object name Ratis:service=RaftServer,group=group-C2A56A5A39AA,id=6534404f-39f4-445c-b85e-518a348dbff3
2022-10-25 12:15:16,960 [6534404f-39f4-445c-b85e-518a348dbff3@group-C2A56A5A39AA-FollowerState] INFO  server.RaftServerConfigKeys (ConfUtils.java:logFallback(53)) - raft.server.rpc.first-election.timeout.max = 5200ms (fallback to raft.server.rpc.timeout.max)
2022-10-25 12:15:16,960 [pool-72-thread-1] INFO  server.RaftServerConfigKeys (ConfUtils.java:logGet(46)) - raft.server.snapshot.auto.trigger.enabled = true (custom)
2022-10-25 12:15:16,960 [pool-72-thread-1] INFO  server.RaftServerConfigKeys (ConfUtils.java:logGet(46)) - raft.server.snapshot.auto.trigger.threshold = 10000 (custom)
2022-10-25 12:15:16,960 [pool-72-thread-1] INFO  server.RaftServerConfigKeys (ConfUtils.java:logGet(46)) - raft.server.snapshot.retention.file.num = 5 (custom)
2022-10-25 12:15:16,961 [pool-72-thread-1] INFO  server.RaftServerConfigKeys (ConfUtils.java:logGet(46)) - raft.server.log.purge.upto.snapshot.index = false (default)
2022-10-25 12:15:16,964 [Command processor thread] INFO  ratis.XceiverServerRatis (XceiverServerRatis.java:addGroup(765)) - Created group PipelineID=f1a390e2-8bbb-41d2-9b09-c2a56a5a39aa
2022-10-25 12:15:17,213 [IPC Server handler 11 on default port 39909] INFO  net.NetworkTopologyImpl (NetworkTopologyImpl.java:add(112)) - Added a new node: /default-rack/907eb2bb-0522-4d6b-bbf0-1b213cc99331
2022-10-25 12:15:17,213 [IPC Server handler 11 on default port 39909] INFO  node.SCMNodeManager (SCMNodeManager.java:register(397)) - Registered Data node : 907eb2bb-0522-4d6b-bbf0-1b213cc99331{ip: 10.1.1.43, host: fv-az82-510.ou3itxwc2spe5nxnxxppousbrf.dx.internal.cloudapp.net, ports: [REPLICATION=43209, RATIS=40069, RATIS_ADMIN=40069, RATIS_SERVER=40069, STANDALONE=36449], networkLocation: /default-rack, certSerialId: null, persistedOpState: null, persistedOpStateExpiryEpochSec: 0}
2022-10-25 12:15:17,221 [EventQueue-NewNodeForNewNodeHandler] INFO  pipeline.BackgroundPipelineCreator (BackgroundPipelineCreator.java:notifyEventTriggered(276)) - trigger a one-shot run on RatisPipelineUtilsThread.
2022-10-25 12:15:17,222 [RatisPipelineUtilsThread - 0] INFO  pipeline.RatisPipelineProvider (RatisPipelineProvider.java:lambda$create$0(195)) - Sending CreatePipelineCommand for pipeline:PipelineID=7cd578f1-a803-4180-bca8-7e6ab8b5dd8d to datanode:907eb2bb-0522-4d6b-bbf0-1b213cc99331
2022-10-25 12:15:17,222 [RatisPipelineUtilsThread - 0] INFO  pipeline.PipelineStateManagerImpl (PipelineStateManagerImpl.java:addPipeline(103)) - Created pipeline Pipeline[ Id: 7cd578f1-a803-4180-bca8-7e6ab8b5dd8d, Nodes: 907eb2bb-0522-4d6b-bbf0-1b213cc99331{ip: 10.1.1.43, host: fv-az82-510.ou3itxwc2spe5nxnxxppousbrf.dx.internal.cloudapp.net, ports: [REPLICATION=43209, RATIS=40069, RATIS_ADMIN=40069, RATIS_SERVER=40069, STANDALONE=36449], networkLocation: /default-rack, certSerialId: null, persistedOpState: IN_SERVICE, persistedOpStateExpiryEpochSec: 0}, ReplicationConfig: RATIS/ONE, State:ALLOCATED, leaderId:, CreationTimestamp2022-10-25T12:15:17.222Z[Etc/UTC]].
2022-10-25 12:15:17,223 [RatisPipelineUtilsThread - 0] INFO  pipeline.RatisPipelineProvider (RatisPipelineProvider.java:lambda$create$0(195)) - Sending CreatePipelineCommand for pipeline:PipelineID=ededb7be-9b98-4dd7-bd7e-d1cf6f441345 to datanode:907eb2bb-0522-4d6b-bbf0-1b213cc99331
2022-10-25 12:15:17,223 [RatisPipelineUtilsThread - 0] INFO  pipeline.RatisPipelineProvider (RatisPipelineProvider.java:lambda$create$0(195)) - Sending CreatePipelineCommand for pipeline:PipelineID=ededb7be-9b98-4dd7-bd7e-d1cf6f441345 to datanode:86ba6119-8a76-46a4-9f38-747fe10c9207
2022-10-25 12:15:17,223 [RatisPipelineUtilsThread - 0] INFO  pipeline.RatisPipelineProvider (RatisPipelineProvider.java:lambda$create$0(195)) - Sending CreatePipelineCommand for pipeline:PipelineID=ededb7be-9b98-4dd7-bd7e-d1cf6f441345 to datanode:0a1cfcca-7ba7-43aa-b517-08505af7a09b
2022-10-25 12:15:17,224 [RatisPipelineUtilsThread - 0] INFO  pipeline.PipelineStateManagerImpl (PipelineStateManagerImpl.java:addPipeline(103)) - Created pipeline Pipeline[ Id: ededb7be-9b98-4dd7-bd7e-d1cf6f441345, Nodes: 907eb2bb-0522-4d6b-bbf0-1b213cc99331{ip: 10.1.1.43, host: fv-az82-510.ou3itxwc2spe5nxnxxppousbrf.dx.internal.cloudapp.net, ports: [REPLICATION=43209, RATIS=40069, RATIS_ADMIN=40069, RATIS_SERVER=40069, STANDALONE=36449], networkLocation: /default-rack, certSerialId: null, persistedOpState: IN_SERVICE, persistedOpStateExpiryEpochSec: 0}86ba6119-8a76-46a4-9f38-747fe10c9207{ip: 10.1.1.43, host: fv-az82-510.ou3itxwc2spe5nxnxxppousbrf.dx.internal.cloudapp.net, ports: [REPLICATION=41909, RATIS=42323, RATIS_ADMIN=42323, RATIS_SERVER=42323, STANDALONE=33887], networkLocation: /default-rack, certSerialId: null, persistedOpState: IN_SERVICE, persistedOpStateExpiryEpochSec: 0}0a1cfcca-7ba7-43aa-b517-08505af7a09b{ip: 10.1.1.43, host: fv-az82-510.ou3itxwc2spe5nxnxxppousbrf.dx.internal.cloudapp.net, ports: [REPLICATION=42611, RATIS=43175, RATIS_ADMIN=43175, RATIS_SERVER=43175, STANDALONE=40433], networkLocation: /default-rack, certSerialId: null, persistedOpState: IN_SERVICE, persistedOpStateExpiryEpochSec: 0}, ReplicationConfig: RATIS/THREE, State:ALLOCATED, leaderId:, CreationTimestamp2022-10-25T12:15:17.223Z[Etc/UTC]].
2022-10-25 12:15:17,225 [RatisPipelineUtilsThread - 0] INFO  pipeline.RatisPipelineProvider (RatisPipelineProvider.java:lambda$create$0(195)) - Sending CreatePipelineCommand for pipeline:PipelineID=282e6f30-2b1d-4c13-924a-a2ce196d64da to datanode:0a1cfcca-7ba7-43aa-b517-08505af7a09b
2022-10-25 12:15:17,225 [RatisPipelineUtilsThread - 0] INFO  pipeline.RatisPipelineProvider (RatisPipelineProvider.java:lambda$create$0(195)) - Sending CreatePipelineCommand for pipeline:PipelineID=282e6f30-2b1d-4c13-924a-a2ce196d64da to datanode:907eb2bb-0522-4d6b-bbf0-1b213cc99331
2022-10-25 12:15:17,225 [RatisPipelineUtilsThread - 0] INFO  pipeline.RatisPipelineProvider (RatisPipelineProvider.java:lambda$create$0(195)) - Sending CreatePipelineCommand for pipeline:PipelineID=282e6f30-2b1d-4c13-924a-a2ce196d64da to datanode:86ba6119-8a76-46a4-9f38-747fe10c9207
2022-10-25 12:15:17,225 [RatisPipelineUtilsThread - 0] INFO  pipeline.PipelineStateManagerImpl (PipelineStateManagerImpl.java:addPipeline(103)) - Created pipeline Pipeline[ Id: 282e6f30-2b1d-4c13-924a-a2ce196d64da, Nodes: 0a1cfcca-7ba7-43aa-b517-08505af7a09b{ip: 10.1.1.43, host: fv-az82-510.ou3itxwc2spe5nxnxxppousbrf.dx.internal.cloudapp.net, ports: [REPLICATION=42611, RATIS=43175, RATIS_ADMIN=43175, RATIS_SERVER=43175, STANDALONE=40433], networkLocation: /default-rack, certSerialId: null, persistedOpState: IN_SERVICE, persistedOpStateExpiryEpochSec: 0}907eb2bb-0522-4d6b-bbf0-1b213cc99331{ip: 10.1.1.43, host: fv-az82-510.ou3itxwc2spe5nxnxxppousbrf.dx.internal.cloudapp.net, ports: [REPLICATION=43209, RATIS=40069, RATIS_ADMIN=40069, RATIS_SERVER=40069, STANDALONE=36449], networkLocation: /default-rack, certSerialId: null, persistedOpState: IN_SERVICE, persistedOpStateExpiryEpochSec: 0}86ba6119-8a76-46a4-9f38-747fe10c9207{ip: 10.1.1.43, host: fv-az82-510.ou3itxwc2spe5nxnxxppousbrf.dx.internal.cloudapp.net, ports: [REPLICATION=41909, RATIS=42323, RATIS_ADMIN=42323, RATIS_SERVER=42323, STANDALONE=33887], networkLocation: /default-rack, certSerialId: null, persistedOpState: IN_SERVICE, persistedOpStateExpiryEpochSec: 0}, ReplicationConfig: RATIS/THREE, State:ALLOCATED, leaderId:, CreationTimestamp2022-10-25T12:15:17.225Z[Etc/UTC]].
2022-10-25 12:15:17,226 [RatisPipelineUtilsThread - 0] INFO  pipeline.PipelineManagerImpl (PipelineManagerImpl.java:recordMetricsForPipeline(826)) - Pipeline: PipelineID=282e6f30-2b1d-4c13-924a-a2ce196d64da contains same datanodes as previous pipelines: PipelineID=ededb7be-9b98-4dd7-bd7e-d1cf6f441345 nodeIds: 0a1cfcca-7ba7-43aa-b517-08505af7a09b, 907eb2bb-0522-4d6b-bbf0-1b213cc99331, 86ba6119-8a76-46a4-9f38-747fe10c9207
2022-10-25 12:15:17,499 [Command processor thread] INFO  server.RaftServer (RaftServerProxy.java:addNew(96)) - 86658d9d-b609-4403-bc8a-bf059dbdbb67: addNew group-E4515EC9A960:[86658d9d-b609-4403-bc8a-bf059dbdbb67|rpc:10.1.1.43:34601|priority:1|startupRole:FOLLOWER] returns group-E4515EC9A960:java.util.concurrent.CompletableFuture@4fc0ca2c[Not completed]
2022-10-25 12:15:17,515 [pool-95-thread-1] INFO  server.RaftServer$Division (RaftServerImpl.java:<init>(195)) - 86658d9d-b609-4403-bc8a-bf059dbdbb67: new RaftServerImpl for group-E4515EC9A960:[86658d9d-b609-4403-bc8a-bf059dbdbb67|rpc:10.1.1.43:34601|priority:1|startupRole:FOLLOWER] with ContainerStateMachine:uninitialized
2022-10-25 12:15:17,515 [pool-95-thread-1] INFO  server.RaftServerConfigKeys (ConfUtils.java:logGet(46)) - raft.server.rpc.timeout.min = 5s (custom)
2022-10-25 12:15:17,515 [pool-95-thread-1] INFO  server.RaftServerConfigKeys (ConfUtils.java:logGet(46)) - raft.server.rpc.timeout.max = 5200ms (custom)
2022-10-25 12:15:17,516 [pool-95-thread-1] INFO  server.RaftServerConfigKeys (ConfUtils.java:logGet(46)) - raft.server.rpc.sleep.time = 25ms (default)
2022-10-25 12:15:17,516 [pool-95-thread-1] INFO  server.RaftServerConfigKeys (ConfUtils.java:logGet(46)) - raft.server.rpc.slowness.timeout = 300s (custom)
2022-10-25 12:15:17,516 [pool-95-thread-1] INFO  server.RaftServerConfigKeys (ConfUtils.java:logGet(46)) - raft.server.leaderelection.leader.step-down.wait-time = 10s (default)
2022-10-25 12:15:17,516 [pool-95-thread-1] INFO  server.RaftServerConfigKeys (ConfUtils.java:logGet(46)) - raft.server.sleep.deviation.threshold = 300ms (default)
2022-10-25 12:15:17,516 [pool-95-thread-1] INFO  server.RaftServer$Division (ServerState.java:<init>(118)) - 86658d9d-b609-4403-bc8a-bf059dbdbb67@group-E4515EC9A960: ConfigurationManager, init=-1: peers:[86658d9d-b609-4403-bc8a-bf059dbdbb67|rpc:10.1.1.43:34601|priority:1|startupRole:FOLLOWER]|listeners:[], old=null, confs=<EMPTY_MAP>
2022-10-25 12:15:17,516 [pool-95-thread-1] INFO  server.RaftServerConfigKeys (ConfUtils.java:logGet(46)) - raft.server.storage.dir = [/home/runner/work/ozone/ozone/hadoop-ozone/integration-test/target/test-dir/MiniOzoneClusterImpl-59fd4bbb-78e8-4c50-bd4e-19e5c7f0d0cd/datanode-1/data/ratis] (custom)
2022-10-25 12:15:17,516 [pool-95-thread-1] INFO  server.RaftServerConfigKeys (ConfUtils.java:logGet(46)) - raft.server.log.corruption.policy = EXCEPTION (default)
2022-10-25 12:15:17,516 [pool-95-thread-1] INFO  server.RaftServerConfigKeys (ConfUtils.java:logGet(46)) - raft.server.storage.free-space.min = 0MB (=0) (default)
2022-10-25 12:15:17,516 [pool-95-thread-1] INFO  server.RaftServerConfigKeys (ConfUtils.java:logGet(46)) - raft.server.notification.no-leader.timeout = 300s (custom)
2022-10-25 12:15:17,516 [pool-95-thread-1] INFO  server.RaftServerConfigKeys (ConfUtils.java:logGet(46)) - raft.server.retrycache.expirytime = 600000ms (custom)
2022-10-25 12:15:17,517 [pool-95-thread-1] INFO  server.RaftServerConfigKeys (ConfUtils.java:logGet(46)) - raft.server.retrycache.statistics.expirytime = 100μs (default)
2022-10-25 12:15:17,520 [grpc-default-executor-0] INFO  server.RaftServer (RaftServerProxy.java:addNew(96)) - 0c76121b-7d6b-4708-9ae8-9ff4448060b7: addNew group-C2A56A5A39AA:[86658d9d-b609-4403-bc8a-bf059dbdbb67|rpc:10.1.1.43:34601|dataStream:|priority:0|startupRole:FOLLOWER, 0c76121b-7d6b-4708-9ae8-9ff4448060b7|rpc:10.1.1.43:35675|dataStream:|priority:1|startupRole:FOLLOWER, 6534404f-39f4-445c-b85e-518a348dbff3|rpc:10.1.1.43:42177|dataStream:|priority:0|startupRole:FOLLOWER] returns group-C2A56A5A39AA:java.util.concurrent.CompletableFuture@4f1e652e[Not completed]
2022-10-25 12:15:17,522 [pool-95-thread-1] INFO  server.RaftServerConfigKeys (ConfUtils.java:logGet(46)) - raft.server.log.appender.install.snapshot.enabled = false (custom)
2022-10-25 12:15:17,522 [pool-95-thread-1] INFO  server.RaftServerConfigKeys (ConfUtils.java:logGet(46)) - raft.server.threadpool.server.cached = true (default)
2022-10-25 12:15:17,522 [pool-95-thread-1] INFO  server.RaftServerConfigKeys (ConfUtils.java:logGet(46)) - raft.server.threadpool.server.size = 0 (default)
2022-10-25 12:15:17,522 [pool-95-thread-1] INFO  server.RaftServerConfigKeys (ConfUtils.java:logGet(46)) - raft.server.threadpool.client.cached = true (default)
2022-10-25 12:15:17,522 [pool-95-thread-1] INFO  server.RaftServerConfigKeys (ConfUtils.java:logGet(46)) - raft.server.threadpool.client.size = 0 (default)
2022-10-25 12:15:17,522 [pool-95-thread-1] INFO  storage.RaftStorageDirectory (RaftStorageDirectoryImpl.java:analyzeStorage(137)) - The storage directory /home/runner/work/ozone/ozone/hadoop-ozone/integration-test/target/test-dir/MiniOzoneClusterImpl-59fd4bbb-78e8-4c50-bd4e-19e5c7f0d0cd/datanode-1/data/ratis/ce12fa4a-d381-4e3e-8ed5-e4515ec9a960 does not exist. Creating ...
2022-10-25 12:15:17,524 [pool-95-thread-1] INFO  storage.RaftStorageDirectory (RaftStorageDirectoryImpl.java:tryLock(231)) - Lock on /home/runner/work/ozone/ozone/hadoop-ozone/integration-test/target/test-dir/MiniOzoneClusterImpl-59fd4bbb-78e8-4c50-bd4e-19e5c7f0d0cd/datanode-1/data/ratis/ce12fa4a-d381-4e3e-8ed5-e4515ec9a960/in_use.lock acquired by nodename 14024@fv-az82-510
2022-10-25 12:15:17,525 [pool-118-thread-1] INFO  server.RaftServer$Division (RaftServerImpl.java:<init>(195)) - 0c76121b-7d6b-4708-9ae8-9ff4448060b7: new RaftServerImpl for group-C2A56A5A39AA:[86658d9d-b609-4403-bc8a-bf059dbdbb67|rpc:10.1.1.43:34601|dataStream:|priority:0|startupRole:FOLLOWER, 0c76121b-7d6b-4708-9ae8-9ff4448060b7|rpc:10.1.1.43:35675|dataStream:|priority:1|startupRole:FOLLOWER, 6534404f-39f4-445c-b85e-518a348dbff3|rpc:10.1.1.43:42177|dataStream:|priority:0|startupRole:FOLLOWER] with ContainerStateMachine:uninitialized
2022-10-25 12:15:17,526 [pool-95-thread-1] INFO  storage.RaftStorage (RaftStorageImpl.java:format(96)) - Storage directory /home/runner/work/ozone/ozone/hadoop-ozone/integration-test/target/test-dir/MiniOzoneClusterImpl-59fd4bbb-78e8-4c50-bd4e-19e5c7f0d0cd/datanode-1/data/ratis/ce12fa4a-d381-4e3e-8ed5-e4515ec9a960 has been successfully formatted.
2022-10-25 12:15:17,526 [pool-118-thread-1] INFO  server.RaftServerConfigKeys (ConfUtils.java:logGet(46)) - raft.server.rpc.timeout.min = 5s (custom)
2022-10-25 12:15:17,527 [pool-118-thread-1] INFO  server.RaftServerConfigKeys (ConfUtils.java:logGet(46)) - raft.server.rpc.timeout.max = 5200ms (custom)
2022-10-25 12:15:17,527 [pool-118-thread-1] INFO  server.RaftServerConfigKeys (ConfUtils.java:logGet(46)) - raft.server.rpc.sleep.time = 25ms (default)
2022-10-25 12:15:17,527 [pool-118-thread-1] INFO  server.RaftServerConfigKeys (ConfUtils.java:logGet(46)) - raft.server.rpc.slowness.timeout = 300s (custom)
2022-10-25 12:15:17,527 [pool-118-thread-1] INFO  server.RaftServerConfigKeys (ConfUtils.java:logGet(46)) - raft.server.leaderelection.leader.step-down.wait-time = 10s (default)
2022-10-25 12:15:17,527 [pool-118-thread-1] INFO  server.RaftServerConfigKeys (ConfUtils.java:logGet(46)) - raft.server.sleep.deviation.threshold = 300ms (default)
2022-10-25 12:15:17,527 [pool-118-thread-1] INFO  server.RaftServer$Division (ServerState.java:<init>(118)) - 0c76121b-7d6b-4708-9ae8-9ff4448060b7@group-C2A56A5A39AA: ConfigurationManager, init=-1: peers:[86658d9d-b609-4403-bc8a-bf059dbdbb67|rpc:10.1.1.43:34601|dataStream:|priority:0|startupRole:FOLLOWER, 0c76121b-7d6b-4708-9ae8-9ff4448060b7|rpc:10.1.1.43:35675|dataStream:|priority:1|startupRole:FOLLOWER, 6534404f-39f4-445c-b85e-518a348dbff3|rpc:10.1.1.43:42177|dataStream:|priority:0|startupRole:FOLLOWER]|listeners:[], old=null, confs=<EMPTY_MAP>
2022-10-25 12:15:17,528 [pool-118-thread-1] INFO  server.RaftServerConfigKeys (ConfUtils.java:logGet(46)) - raft.server.storage.dir = [/home/runner/work/ozone/ozone/hadoop-ozone/integration-test/target/test-dir/MiniOzoneClusterImpl-59fd4bbb-78e8-4c50-bd4e-19e5c7f0d0cd/datanode-2/data/ratis] (custom)
2022-10-25 12:15:17,528 [pool-95-thread-1] INFO  ratis.ContainerStateMachine (ContainerStateMachine.java:loadSnapshot(236)) - group-E4515EC9A960: The snapshot info is null. Setting the last applied indexto:(t:0, i:~)
2022-10-25 12:15:17,529 [EventQueue-PipelineReportForPipelineReportHandler] INFO  pipeline.PipelineManagerImpl (PipelineManagerImpl.java:openPipeline(367)) - Pipeline Pipeline[ Id: ce12fa4a-d381-4e3e-8ed5-e4515ec9a960, Nodes: 86658d9d-b609-4403-bc8a-bf059dbdbb67{ip: 10.1.1.43, host: fv-az82-510.ou3itxwc2spe5nxnxxppousbrf.dx.internal.cloudapp.net, ports: [REPLICATION=46767, RATIS=34601, RATIS_ADMIN=34601, RATIS_SERVER=34601, STANDALONE=42213], networkLocation: /default-rack, certSerialId: null, persistedOpState: IN_SERVICE, persistedOpStateExpiryEpochSec: 0}, ReplicationConfig: RATIS/ONE, State:ALLOCATED, leaderId:86658d9d-b609-4403-bc8a-bf059dbdbb67, CreationTimestamp2022-10-25T12:15:14.505Z[Etc/UTC]] moved to OPEN state
2022-10-25 12:15:17,531 [EventQueue-OpenPipelineForHealthyPipelineSafeModeRule] INFO  safemode.SCMSafeModeManager (HealthyPipelineSafeModeRule.java:process(137)) - SCM in safe mode. Healthy pipelines reported count is 0, required healthy pipeline reported count is 1
2022-10-25 12:15:17,531 [pool-95-thread-1] INFO  server.RaftServerConfigKeys (ConfUtils.java:logGet(46)) - raft.server.log.use.memory = false (default)
2022-10-25 12:15:17,531 [pool-118-thread-1] INFO  server.RaftServerConfigKeys (ConfUtils.java:logGet(46)) - raft.server.log.corruption.policy = EXCEPTION (default)
2022-10-25 12:15:17,531 [pool-95-thread-1] INFO  server.RaftServerConfigKeys (ConfUtils.java:logGet(46)) - raft.server.log.purge.gap = 1000000 (custom)
2022-10-25 12:15:17,531 [pool-95-thread-1] INFO  server.RaftServerConfigKeys (ConfUtils.java:logGet(46)) - raft.server.log.appender.buffer.byte-limit = 33554432 (custom)
2022-10-25 12:15:17,532 [pool-95-thread-1] INFO  server.RaftServerConfigKeys (ConfUtils.java:logGet(46)) - raft.server.log.statemachine.data.read.timeout = 1000ms (default)
2022-10-25 12:15:17,532 [pool-95-thread-1] INFO  server.RaftServerConfigKeys (ConfUtils.java:logGet(46)) - raft.server.log.purge.preservation.log.num = 0 (default)
2022-10-25 12:15:17,532 [pool-95-thread-1] INFO  server.RaftServerConfigKeys (ConfUtils.java:logGet(46)) - raft.server.log.segment.size.max = 1048576 (custom)
2022-10-25 12:15:17,531 [pool-118-thread-1] INFO  server.RaftServerConfigKeys (ConfUtils.java:logGet(46)) - raft.server.storage.free-space.min = 0MB (=0) (default)
2022-10-25 12:15:17,533 [pool-118-thread-1] INFO  server.RaftServerConfigKeys (ConfUtils.java:logGet(46)) - raft.server.notification.no-leader.timeout = 300s (custom)
2022-10-25 12:15:17,533 [pool-118-thread-1] INFO  server.RaftServerConfigKeys (ConfUtils.java:logGet(46)) - raft.server.retrycache.expirytime = 600000ms (custom)
2022-10-25 12:15:17,533 [pool-118-thread-1] INFO  server.RaftServerConfigKeys (ConfUtils.java:logGet(46)) - raft.server.retrycache.statistics.expirytime = 100μs (default)
2022-10-25 12:15:17,533 [pool-95-thread-1] INFO  server.RaftServerConfigKeys (ConfUtils.java:logGet(46)) - raft.server.log.segment.cache.num.max = 2 (custom)
2022-10-25 12:15:17,536 [pool-95-thread-1] INFO  server.RaftServerConfigKeys (ConfUtils.java:logGet(46)) - raft.server.log.segment.cache.size.max = 200MB (=209715200) (default)
2022-10-25 12:15:17,536 [pool-95-thread-1] INFO  segmented.SegmentedRaftLogWorker (SegmentedRaftLogWorker.java:<init>(191)) - new 86658d9d-b609-4403-bc8a-bf059dbdbb67@group-E4515EC9A960-SegmentedRaftLogWorker for RaftStorageImpl:Storage Directory /home/runner/work/ozone/ozone/hadoop-ozone/integration-test/target/test-dir/MiniOzoneClusterImpl-59fd4bbb-78e8-4c50-bd4e-19e5c7f0d0cd/datanode-1/data/ratis/ce12fa4a-d381-4e3e-8ed5-e4515ec9a960
2022-10-25 12:15:17,536 [pool-95-thread-1] INFO  server.RaftServerConfigKeys (ConfUtils.java:logGet(46)) - raft.server.log.queue.byte-limit = 4294967296 (custom)
2022-10-25 12:15:17,536 [pool-95-thread-1] INFO  server.RaftServerConfigKeys (ConfUtils.java:logGet(46)) - raft.server.log.queue.element-limit = 1024 (custom)
2022-10-25 12:15:17,536 [pool-95-thread-1] INFO  server.RaftServerConfigKeys (ConfUtils.java:logGet(46)) - raft.server.log.segment.size.max = 1048576 (custom)
2022-10-25 12:15:17,536 [pool-95-thread-1] INFO  server.RaftServerConfigKeys (ConfUtils.java:logGet(46)) - raft.server.log.preallocated.size = 16384 (custom)
2022-10-25 12:15:17,536 [pool-95-thread-1] INFO  server.RaftServerConfigKeys (ConfUtils.java:logGet(46)) - raft.server.log.force.sync.num = 128 (default)
2022-10-25 12:15:17,536 [pool-95-thread-1] INFO  server.RaftServerConfigKeys (ConfUtils.java:logGet(46)) - raft.server.log.statemachine.data.sync = true (default)
2022-10-25 12:15:17,536 [pool-95-thread-1] INFO  server.RaftServerConfigKeys (ConfUtils.java:logGet(46)) - raft.server.log.statemachine.data.sync.timeout = 10s (default)
2022-10-25 12:15:17,537 [pool-95-thread-1] INFO  server.RaftServerConfigKeys (ConfUtils.java:logGet(46)) - raft.server.log.statemachine.data.sync.timeout.retry = -1 (default)
2022-10-25 12:15:17,539 [pool-95-thread-1] INFO  server.RaftServerConfigKeys (ConfUtils.java:logGet(46)) - raft.server.log.write.buffer.size = 1048576 (custom)
2022-10-25 12:15:17,539 [pool-118-thread-1] INFO  server.RaftServerConfigKeys (ConfUtils.java:logGet(46)) - raft.server.log.appender.install.snapshot.enabled = false (custom)
2022-10-25 12:15:17,543 [pool-118-thread-1] INFO  server.RaftServerConfigKeys (ConfUtils.java:logGet(46)) - raft.server.threadpool.server.cached = true (default)
2022-10-25 12:15:17,543 [pool-118-thread-1] INFO  server.RaftServerConfigKeys (ConfUtils.java:logGet(46)) - raft.server.threadpool.server.size = 0 (default)
2022-10-25 12:15:17,543 [pool-118-thread-1] INFO  server.RaftServerConfigKeys (ConfUtils.java:logGet(46)) - raft.server.threadpool.client.cached = true (default)
2022-10-25 12:15:17,543 [pool-118-thread-1] INFO  server.RaftServerConfigKeys (ConfUtils.java:logGet(46)) - raft.server.threadpool.client.size = 0 (default)
2022-10-25 12:15:17,543 [pool-118-thread-1] INFO  storage.RaftStorageDirectory (RaftStorageDirectoryImpl.java:analyzeStorage(137)) - The storage directory /home/runner/work/ozone/ozone/hadoop-ozone/integration-test/target/test-dir/MiniOzoneClusterImpl-59fd4bbb-78e8-4c50-bd4e-19e5c7f0d0cd/datanode-2/data/ratis/f1a390e2-8bbb-41d2-9b09-c2a56a5a39aa does not exist. Creating ...
2022-10-25 12:15:17,544 [pool-95-thread-1] INFO  server.RaftServerConfigKeys (ConfUtils.java:logGet(46)) - raft.server.log.unsafe-flush.enabled = false (default)
2022-10-25 12:15:17,544 [pool-95-thread-1] INFO  server.RaftServerConfigKeys (ConfUtils.java:logGet(46)) - raft.server.log.async-flush.enabled = false (default)
2022-10-25 12:15:17,544 [pool-95-thread-1] INFO  server.RaftServerConfigKeys (ConfUtils.java:logGet(46)) - raft.server.log.statemachine.data.caching.enabled = true (custom)
2022-10-25 12:15:17,544 [pool-95-thread-1] INFO  segmented.SegmentedRaftLogWorker (SegmentedRaftLogWorker.java:lambda$new$0(136)) - 86658d9d-b609-4403-bc8a-bf059dbdbb67@group-E4515EC9A960-SegmentedRaftLogWorker: flushIndex: setUnconditionally 0 -> -1
2022-10-25 12:15:17,544 [pool-95-thread-1] INFO  segmented.SegmentedRaftLogWorker (SegmentedRaftLogWorker.java:lambda$new$0(136)) - 86658d9d-b609-4403-bc8a-bf059dbdbb67@group-E4515EC9A960-SegmentedRaftLogWorker: safeCacheEvictIndex: setUnconditionally 0 -> -1
2022-10-25 12:15:17,546 [pool-118-thread-1] INFO  storage.RaftStorageDirectory (RaftStorageDirectoryImpl.java:tryLock(231)) - Lock on /home/runner/work/ozone/ozone/hadoop-ozone/integration-test/target/test-dir/MiniOzoneClusterImpl-59fd4bbb-78e8-4c50-bd4e-19e5c7f0d0cd/datanode-2/data/ratis/f1a390e2-8bbb-41d2-9b09-c2a56a5a39aa/in_use.lock acquired by nodename 14024@fv-az82-510
2022-10-25 12:15:17,548 [pool-118-thread-1] INFO  storage.RaftStorage (RaftStorageImpl.java:format(96)) - Storage directory /home/runner/work/ozone/ozone/hadoop-ozone/integration-test/target/test-dir/MiniOzoneClusterImpl-59fd4bbb-78e8-4c50-bd4e-19e5c7f0d0cd/datanode-2/data/ratis/f1a390e2-8bbb-41d2-9b09-c2a56a5a39aa has been successfully formatted.
2022-10-25 12:15:17,548 [pool-118-thread-1] INFO  ratis.ContainerStateMachine (ContainerStateMachine.java:loadSnapshot(236)) - group-C2A56A5A39AA: The snapshot info is null. Setting the last applied indexto:(t:0, i:~)
2022-10-25 12:15:17,548 [pool-118-thread-1] INFO  server.RaftServerConfigKeys (ConfUtils.java:logGet(46)) - raft.server.log.use.memory = false (default)
2022-10-25 12:15:17,549 [pool-118-thread-1] INFO  server.RaftServerConfigKeys (ConfUtils.java:logGet(46)) - raft.server.log.purge.gap = 1000000 (custom)
2022-10-25 12:15:17,549 [pool-118-thread-1] INFO  server.RaftServerConfigKeys (ConfUtils.java:logGet(46)) - raft.server.log.appender.buffer.byte-limit = 33554432 (custom)
2022-10-25 12:15:17,549 [pool-118-thread-1] INFO  server.RaftServerConfigKeys (ConfUtils.java:logGet(46)) - raft.server.log.statemachine.data.read.timeout = 1000ms (default)
2022-10-25 12:15:17,549 [pool-118-thread-1] INFO  server.RaftServerConfigKeys (ConfUtils.java:logGet(46)) - raft.server.log.purge.preservation.log.num = 0 (default)
2022-10-25 12:15:17,550 [pool-95-thread-1] INFO  server.RaftServer$Division (RaftServerImpl.java:start(334)) - 86658d9d-b609-4403-bc8a-bf059dbdbb67@group-E4515EC9A960: start as a follower, conf=-1: peers:[86658d9d-b609-4403-bc8a-bf059dbdbb67|rpc:10.1.1.43:34601|priority:1|startupRole:FOLLOWER]|listeners:[], old=null
2022-10-25 12:15:17,550 [pool-95-thread-1] INFO  server.RaftServer$Division (RaftServerImpl.java:setRole(321)) - 86658d9d-b609-4403-bc8a-bf059dbdbb67@group-E4515EC9A960: changes role from      null to FOLLOWER at term 0 for startAsFollower
2022-10-25 12:15:17,550 [pool-118-thread-1] INFO  server.RaftServerConfigKeys (ConfUtils.java:logGet(46)) - raft.server.log.segment.size.max = 1048576 (custom)
2022-10-25 12:15:17,550 [pool-95-thread-1] INFO  impl.RoleInfo (RoleInfo.java:updateAndGet(139)) - 86658d9d-b609-4403-bc8a-bf059dbdbb67: start 86658d9d-b609-4403-bc8a-bf059dbdbb67@group-E4515EC9A960-FollowerState
2022-10-25 12:15:17,551 [pool-118-thread-1] INFO  server.RaftServerConfigKeys (ConfUtils.java:logGet(46)) - raft.server.log.segment.cache.num.max = 2 (custom)
2022-10-25 12:15:17,551 [pool-118-thread-1] INFO  server.RaftServerConfigKeys (ConfUtils.java:logGet(46)) - raft.server.log.segment.cache.size.max = 200MB (=209715200) (default)
2022-10-25 12:15:17,552 [pool-118-thread-1] INFO  segmented.SegmentedRaftLogWorker (SegmentedRaftLogWorker.java:<init>(191)) - new 0c76121b-7d6b-4708-9ae8-9ff4448060b7@group-C2A56A5A39AA-SegmentedRaftLogWorker for RaftStorageImpl:Storage Directory /home/runner/work/ozone/ozone/hadoop-ozone/integration-test/target/test-dir/MiniOzoneClusterImpl-59fd4bbb-78e8-4c50-bd4e-19e5c7f0d0cd/datanode-2/data/ratis/f1a390e2-8bbb-41d2-9b09-c2a56a5a39aa
2022-10-25 12:15:17,552 [pool-118-thread-1] INFO  server.RaftServerConfigKeys (ConfUtils.java:logGet(46)) - raft.server.log.queue.byte-limit = 4294967296 (custom)
2022-10-25 12:15:17,552 [pool-118-thread-1] INFO  server.RaftServerConfigKeys (ConfUtils.java:logGet(46)) - raft.server.log.queue.element-limit = 1024 (custom)
2022-10-25 12:15:17,552 [pool-118-thread-1] INFO  server.RaftServerConfigKeys (ConfUtils.java:logGet(46)) - raft.server.log.segment.size.max = 1048576 (custom)
2022-10-25 12:15:17,552 [pool-118-thread-1] INFO  server.RaftServerConfigKeys (ConfUtils.java:logGet(46)) - raft.server.log.preallocated.size = 16384 (custom)
2022-10-25 12:15:17,552 [pool-118-thread-1] INFO  server.RaftServerConfigKeys (ConfUtils.java:logGet(46)) - raft.server.log.force.sync.num = 128 (default)
2022-10-25 12:15:17,552 [pool-118-thread-1] INFO  server.RaftServerConfigKeys (ConfUtils.java:logGet(46)) - raft.server.log.statemachine.data.sync = true (default)
2022-10-25 12:15:17,552 [pool-118-thread-1] INFO  server.RaftServerConfigKeys (ConfUtils.java:logGet(46)) - raft.server.log.statemachine.data.sync.timeout = 10s (default)
2022-10-25 12:15:17,552 [pool-118-thread-1] INFO  server.RaftServerConfigKeys (ConfUtils.java:logGet(46)) - raft.server.log.statemachine.data.sync.timeout.retry = -1 (default)
2022-10-25 12:15:17,557 [pool-95-thread-1] INFO  util.JmxRegister (JmxRegister.java:tryRegister(44)) - Successfully registered JMX Bean with object name Ratis:service=RaftServer,group=group-E4515EC9A960,id=86658d9d-b609-4403-bc8a-bf059dbdbb67
2022-10-25 12:15:17,558 [pool-95-thread-1] INFO  server.RaftServerConfigKeys (ConfUtils.java:logGet(46)) - raft.server.snapshot.auto.trigger.enabled = true (custom)
2022-10-25 12:15:17,558 [pool-95-thread-1] INFO  server.RaftServerConfigKeys (ConfUtils.java:logGet(46)) - raft.server.snapshot.auto.trigger.threshold = 10000 (custom)
2022-10-25 12:15:17,558 [pool-95-thread-1] INFO  server.RaftServerConfigKeys (ConfUtils.java:logGet(46)) - raft.server.snapshot.retention.file.num = 5 (custom)
2022-10-25 12:15:17,558 [pool-95-thread-1] INFO  server.RaftServerConfigKeys (ConfUtils.java:logGet(46)) - raft.server.log.purge.upto.snapshot.index = false (default)
2022-10-25 12:15:17,559 [86658d9d-b609-4403-bc8a-bf059dbdbb67@group-E4515EC9A960-FollowerState] INFO  server.RaftServerConfigKeys (ConfUtils.java:logFallback(53)) - raft.server.rpc.first-election.timeout.min = 5s (fallback to raft.server.rpc.timeout.min)
2022-10-25 12:15:17,559 [86658d9d-b609-4403-bc8a-bf059dbdbb67@group-E4515EC9A960-FollowerState] INFO  server.RaftServerConfigKeys (ConfUtils.java:logFallback(53)) - raft.server.rpc.first-election.timeout.max = 5200ms (fallback to raft.server.rpc.timeout.max)
2022-10-25 12:15:17,560 [pool-118-thread-1] INFO  server.RaftServerConfigKeys (ConfUtils.java:logGet(46)) - raft.server.log.write.buffer.size = 1048576 (custom)
2022-10-25 12:15:17,560 [Listener at 127.0.0.1/33161] INFO  ozone.MiniOzoneClusterImpl (MiniOzoneClusterImpl.java:lambda$waitForClusterToBeReady$0(216)) - Waiting for nodes to be ready. Got 9 of 10 DN Heartbeats.
2022-10-25 12:15:17,560 [Listener at 127.0.0.1/33161] INFO  ozone.MiniOzoneClusterImpl (MiniOzoneClusterImpl.java:lambda$waitForClusterToBeReady$0(219)) - Waiting for cluster to exit safe mode
2022-10-25 12:15:17,560 [Listener at 127.0.0.1/33161] INFO  ozone.MiniOzoneClusterImpl (MiniOzoneClusterImpl.java:lambda$waitForClusterToBeReady$0(221)) - SCM became leader
2022-10-25 12:15:17,560 [pool-118-thread-1] INFO  server.RaftServerConfigKeys (ConfUtils.java:logGet(46)) - raft.server.log.unsafe-flush.enabled = false (default)
2022-10-25 12:15:17,560 [pool-118-thread-1] INFO  server.RaftServerConfigKeys (ConfUtils.java:logGet(46)) - raft.server.log.async-flush.enabled = false (default)
2022-10-25 12:15:17,561 [pool-118-thread-1] INFO  server.RaftServerConfigKeys (ConfUtils.java:logGet(46)) - raft.server.log.statemachine.data.caching.enabled = true (custom)
2022-10-25 12:15:17,561 [pool-118-thread-1] INFO  segmented.SegmentedRaftLogWorker (SegmentedRaftLogWorker.java:lambda$new$0(136)) - 0c76121b-7d6b-4708-9ae8-9ff4448060b7@group-C2A56A5A39AA-SegmentedRaftLogWorker: flushIndex: setUnconditionally 0 -> -1
2022-10-25 12:15:17,561 [pool-118-thread-1] INFO  segmented.SegmentedRaftLogWorker (SegmentedRaftLogWorker.java:lambda$new$0(136)) - 0c76121b-7d6b-4708-9ae8-9ff4448060b7@group-C2A56A5A39AA-SegmentedRaftLogWorker: safeCacheEvictIndex: setUnconditionally 0 -> -1
2022-10-25 12:15:17,561 [Command processor thread] INFO  ratis.XceiverServerRatis (XceiverServerRatis.java:addGroup(765)) - Created group PipelineID=ce12fa4a-d381-4e3e-8ed5-e4515ec9a960
2022-10-25 12:15:17,561 [pool-118-thread-1] INFO  server.RaftServer$Division (RaftServerImpl.java:start(334)) - 0c76121b-7d6b-4708-9ae8-9ff4448060b7@group-C2A56A5A39AA: start as a follower, conf=-1: peers:[86658d9d-b609-4403-bc8a-bf059dbdbb67|rpc:10.1.1.43:34601|dataStream:|priority:0|startupRole:FOLLOWER, 0c76121b-7d6b-4708-9ae8-9ff4448060b7|rpc:10.1.1.43:35675|dataStream:|priority:1|startupRole:FOLLOWER, 6534404f-39f4-445c-b85e-518a348dbff3|rpc:10.1.1.43:42177|dataStream:|priority:0|startupRole:FOLLOWER]|listeners:[], old=null
2022-10-25 12:15:17,561 [Command processor thread] INFO  commandhandler.CreatePipelineCommandHandler (CreatePipelineCommandHandler.java:handle(113)) - Created Pipeline RATIS ONE PipelineID=ce12fa4a-d381-4e3e-8ed5-e4515ec9a960.
2022-10-25 12:15:17,562 [pool-118-thread-1] INFO  server.RaftServer$Division (RaftServerImpl.java:setRole(321)) - 0c76121b-7d6b-4708-9ae8-9ff4448060b7@group-C2A56A5A39AA: changes role from      null to FOLLOWER at term 0 for startAsFollower
2022-10-25 12:15:17,564 [Command processor thread] INFO  server.RaftServer (RaftServerProxy.java:addNew(96)) - 86658d9d-b609-4403-bc8a-bf059dbdbb67: addNew group-C2A56A5A39AA:[86658d9d-b609-4403-bc8a-bf059dbdbb67|rpc:10.1.1.43:34601|priority:0|startupRole:FOLLOWER, 0c76121b-7d6b-4708-9ae8-9ff4448060b7|rpc:10.1.1.43:35675|priority:1|startupRole:FOLLOWER, 6534404f-39f4-445c-b85e-518a348dbff3|rpc:10.1.1.43:42177|priority:0|startupRole:FOLLOWER] returns group-C2A56A5A39AA:java.util.concurrent.CompletableFuture@4bff570c[Not completed]
2022-10-25 12:15:17,565 [pool-118-thread-1] INFO  impl.RoleInfo (RoleInfo.java:updateAndGet(139)) - 0c76121b-7d6b-4708-9ae8-9ff4448060b7: start 0c76121b-7d6b-4708-9ae8-9ff4448060b7@group-C2A56A5A39AA-FollowerState
2022-10-25 12:15:17,565 [pool-118-thread-1] INFO  util.JmxRegister (JmxRegister.java:tryRegister(44)) - Successfully registered JMX Bean with object name Ratis:service=RaftServer,group=group-C2A56A5A39AA,id=0c76121b-7d6b-4708-9ae8-9ff4448060b7
2022-10-25 12:15:17,565 [pool-118-thread-1] INFO  server.RaftServerConfigKeys (ConfUtils.java:logGet(46)) - raft.server.snapshot.auto.trigger.enabled = true (custom)
2022-10-25 12:15:17,566 [pool-118-thread-1] INFO  server.RaftServerConfigKeys (ConfUtils.java:logGet(46)) - raft.server.snapshot.auto.trigger.threshold = 10000 (custom)
2022-10-25 12:15:17,566 [pool-118-thread-1] INFO  server.RaftServerConfigKeys (ConfUtils.java:logGet(46)) - raft.server.snapshot.retention.file.num = 5 (custom)
2022-10-25 12:15:17,566 [pool-118-thread-1] INFO  server.RaftServerConfigKeys (ConfUtils.java:logGet(46)) - raft.server.log.purge.upto.snapshot.index = false (default)
2022-10-25 12:15:17,566 [pool-95-thread-1] INFO  server.RaftServer$Division (RaftServerImpl.java:<init>(195)) - 86658d9d-b609-4403-bc8a-bf059dbdbb67: new RaftServerImpl for group-C2A56A5A39AA:[86658d9d-b609-4403-bc8a-bf059dbdbb67|rpc:10.1.1.43:34601|priority:0|startupRole:FOLLOWER, 0c76121b-7d6b-4708-9ae8-9ff4448060b7|rpc:10.1.1.43:35675|priority:1|startupRole:FOLLOWER, 6534404f-39f4-445c-b85e-518a348dbff3|rpc:10.1.1.43:42177|priority:0|startupRole:FOLLOWER] with ContainerStateMachine:uninitialized
2022-10-25 12:15:17,570 [pool-95-thread-1] INFO  server.RaftServerConfigKeys (ConfUtils.java:logGet(46)) - raft.server.rpc.timeout.min = 5s (custom)
2022-10-25 12:15:17,570 [pool-95-thread-1] INFO  server.RaftServerConfigKeys (ConfUtils.java:logGet(46)) - raft.server.rpc.timeout.max = 5200ms (custom)
2022-10-25 12:15:17,570 [pool-95-thread-1] INFO  server.RaftServerConfigKeys (ConfUtils.java:logGet(46)) - raft.server.rpc.sleep.time = 25ms (default)
2022-10-25 12:15:17,570 [pool-95-thread-1] INFO  server.RaftServerConfigKeys (ConfUtils.java:logGet(46)) - raft.server.rpc.slowness.timeout = 300s (custom)
2022-10-25 12:15:17,571 [pool-95-thread-1] INFO  server.RaftServerConfigKeys (ConfUtils.java:logGet(46)) - raft.server.leaderelection.leader.step-down.wait-time = 10s (default)
2022-10-25 12:15:17,571 [pool-95-thread-1] INFO  server.RaftServerConfigKeys (ConfUtils.java:logGet(46)) - raft.server.sleep.deviation.threshold = 300ms (default)
2022-10-25 12:15:17,571 [pool-95-thread-1] INFO  server.RaftServer$Division (ServerState.java:<init>(118)) - 86658d9d-b609-4403-bc8a-bf059dbdbb67@group-C2A56A5A39AA: ConfigurationManager, init=-1: peers:[86658d9d-b609-4403-bc8a-bf059dbdbb67|rpc:10.1.1.43:34601|priority:0|startupRole:FOLLOWER, 0c76121b-7d6b-4708-9ae8-9ff4448060b7|rpc:10.1.1.43:35675|priority:1|startupRole:FOLLOWER, 6534404f-39f4-445c-b85e-518a348dbff3|rpc:10.1.1.43:42177|priority:0|startupRole:FOLLOWER]|listeners:[], old=null, confs=<EMPTY_MAP>
2022-10-25 12:15:17,571 [0c76121b-7d6b-4708-9ae8-9ff4448060b7@group-C2A56A5A39AA-FollowerState] INFO  server.RaftServerConfigKeys (ConfUtils.java:logFallback(53)) - raft.server.rpc.first-election.timeout.min = 5s (fallback to raft.server.rpc.timeout.min)
2022-10-25 12:15:17,571 [pool-95-thread-1] INFO  server.RaftServerConfigKeys (ConfUtils.java:logGet(46)) - raft.server.storage.dir = [/home/runner/work/ozone/ozone/hadoop-ozone/integration-test/target/test-dir/MiniOzoneClusterImpl-59fd4bbb-78e8-4c50-bd4e-19e5c7f0d0cd/datanode-1/data/ratis] (custom)
2022-10-25 12:15:17,572 [IPC Server handler 7 on default port 39909] INFO  net.NetworkTopologyImpl (NetworkTopologyImpl.java:add(112)) - Added a new node: /default-rack/277330ea-7eb2-4eea-8a6b-9d41e81a33f6
2022-10-25 12:15:17,572 [IPC Server handler 7 on default port 39909] INFO  node.SCMNodeManager (SCMNodeManager.java:register(397)) - Registered Data node : 277330ea-7eb2-4eea-8a6b-9d41e81a33f6{ip: 10.1.1.43, host: fv-az82-510.ou3itxwc2spe5nxnxxppousbrf.dx.internal.cloudapp.net, ports: [REPLICATION=40199, RATIS=40547, RATIS_ADMIN=40547, RATIS_SERVER=40547, STANDALONE=46845], networkLocation: /default-rack, certSerialId: null, persistedOpState: null, persistedOpStateExpiryEpochSec: 0}
2022-10-25 12:15:17,573 [EventQueue-NewNodeForNewNodeHandler] INFO  pipeline.BackgroundPipelineCreator (BackgroundPipelineCreator.java:notifyEventTriggered(276)) - trigger a one-shot run on RatisPipelineUtilsThread.
2022-10-25 12:15:17,573 [pool-95-thread-1] INFO  server.RaftServerConfigKeys (ConfUtils.java:logGet(46)) - raft.server.log.corruption.policy = EXCEPTION (default)
2022-10-25 12:15:17,573 [pool-95-thread-1] INFO  server.RaftServerConfigKeys (ConfUtils.java:logGet(46)) - raft.server.storage.free-space.min = 0MB (=0) (default)
2022-10-25 12:15:17,573 [pool-95-thread-1] INFO  server.RaftServerConfigKeys (ConfUtils.java:logGet(46)) - raft.server.notification.no-leader.timeout = 300s (custom)
2022-10-25 12:15:17,573 [pool-95-thread-1] INFO  server.RaftServerConfigKeys (ConfUtils.java:logGet(46)) - raft.server.retrycache.expirytime = 600000ms (custom)
2022-10-25 12:15:17,573 [pool-95-thread-1] INFO  server.RaftServerConfigKeys (ConfUtils.java:logGet(46)) - raft.server.retrycache.statistics.expirytime = 100μs (default)
2022-10-25 12:15:17,575 [pool-95-thread-1] INFO  server.RaftServerConfigKeys (ConfUtils.java:logGet(46)) - raft.server.log.appender.install.snapshot.enabled = false (custom)
2022-10-25 12:15:17,575 [pool-95-thread-1] INFO  server.RaftServerConfigKeys (ConfUtils.java:logGet(46)) - raft.server.threadpool.server.cached = true (default)
2022-10-25 12:15:17,575 [pool-95-thread-1] INFO  server.RaftServerConfigKeys (ConfUtils.java:logGet(46)) - raft.server.threadpool.server.size = 0 (default)
2022-10-25 12:15:17,575 [pool-95-thread-1] INFO  server.RaftServerConfigKeys (ConfUtils.java:logGet(46)) - raft.server.threadpool.client.cached = true (default)
2022-10-25 12:15:17,575 [pool-95-thread-1] INFO  server.RaftServerConfigKeys (ConfUtils.java:logGet(46)) - raft.server.threadpool.client.size = 0 (default)
2022-10-25 12:15:17,576 [pool-95-thread-1] INFO  storage.RaftStorageDirectory (RaftStorageDirectoryImpl.java:analyzeStorage(137)) - The storage directory /home/runner/work/ozone/ozone/hadoop-ozone/integration-test/target/test-dir/MiniOzoneClusterImpl-59fd4bbb-78e8-4c50-bd4e-19e5c7f0d0cd/datanode-1/data/ratis/f1a390e2-8bbb-41d2-9b09-c2a56a5a39aa does not exist. Creating ...
2022-10-25 12:15:17,577 [pool-95-thread-1] INFO  storage.RaftStorageDirectory (RaftStorageDirectoryImpl.java:tryLock(231)) - Lock on /home/runner/work/ozone/ozone/hadoop-ozone/integration-test/target/test-dir/MiniOzoneClusterImpl-59fd4bbb-78e8-4c50-bd4e-19e5c7f0d0cd/datanode-1/data/ratis/f1a390e2-8bbb-41d2-9b09-c2a56a5a39aa/in_use.lock acquired by nodename 14024@fv-az82-510
2022-10-25 12:15:17,578 [pool-95-thread-1] INFO  storage.RaftStorage (RaftStorageImpl.java:format(96)) - Storage directory /home/runner/work/ozone/ozone/hadoop-ozone/integration-test/target/test-dir/MiniOzoneClusterImpl-59fd4bbb-78e8-4c50-bd4e-19e5c7f0d0cd/datanode-1/data/ratis/f1a390e2-8bbb-41d2-9b09-c2a56a5a39aa has been successfully formatted.
2022-10-25 12:15:17,586 [0c76121b-7d6b-4708-9ae8-9ff4448060b7@group-C2A56A5A39AA-FollowerState] INFO  server.RaftServerConfigKeys (ConfUtils.java:logFallback(53)) - raft.server.rpc.first-election.timeout.max = 5200ms (fallback to raft.server.rpc.timeout.max)
2022-10-25 12:15:17,586 [EventQueue-OpenPipelineForHealthyPipelineSafeModeRule] INFO  safemode.SCMSafeModeManager (HealthyPipelineSafeModeRule.java:process(137)) - SCM in safe mode. Healthy pipelines reported count is 0, required healthy pipeline reported count is 1
2022-10-25 12:15:17,586 [pool-95-thread-1] INFO  ratis.ContainerStateMachine (ContainerStateMachine.java:loadSnapshot(236)) - group-C2A56A5A39AA: The snapshot info is null. Setting the last applied indexto:(t:0, i:~)
2022-10-25 12:15:17,587 [pool-95-thread-1] INFO  server.RaftServerConfigKeys (ConfUtils.java:logGet(46)) - raft.server.log.use.memory = false (default)
2022-10-25 12:15:17,587 [pool-95-thread-1] INFO  server.RaftServerConfigKeys (ConfUtils.java:logGet(46)) - raft.server.log.purge.gap = 1000000 (custom)
2022-10-25 12:15:17,587 [pool-95-thread-1] INFO  server.RaftServerConfigKeys (ConfUtils.java:logGet(46)) - raft.server.log.appender.buffer.byte-limit = 33554432 (custom)
2022-10-25 12:15:17,587 [pool-95-thread-1] INFO  server.RaftServerConfigKeys (ConfUtils.java:logGet(46)) - raft.server.log.statemachine.data.read.timeout = 1000ms (default)
2022-10-25 12:15:17,587 [pool-95-thread-1] INFO  server.RaftServerConfigKeys (ConfUtils.java:logGet(46)) - raft.server.log.purge.preservation.log.num = 0 (default)
2022-10-25 12:15:17,587 [pool-95-thread-1] INFO  server.RaftServerConfigKeys (ConfUtils.java:logGet(46)) - raft.server.log.segment.size.max = 1048576 (custom)
2022-10-25 12:15:17,588 [pool-95-thread-1] INFO  server.RaftServerConfigKeys (ConfUtils.java:logGet(46)) - raft.server.log.segment.cache.num.max = 2 (custom)
2022-10-25 12:15:17,588 [pool-95-thread-1] INFO  server.RaftServerConfigKeys (ConfUtils.java:logGet(46)) - raft.server.log.segment.cache.size.max = 200MB (=209715200) (default)
2022-10-25 12:15:17,588 [pool-95-thread-1] INFO  segmented.SegmentedRaftLogWorker (SegmentedRaftLogWorker.java:<init>(191)) - new 86658d9d-b609-4403-bc8a-bf059dbdbb67@group-C2A56A5A39AA-SegmentedRaftLogWorker for RaftStorageImpl:Storage Directory /home/runner/work/ozone/ozone/hadoop-ozone/integration-test/target/test-dir/MiniOzoneClusterImpl-59fd4bbb-78e8-4c50-bd4e-19e5c7f0d0cd/datanode-1/data/ratis/f1a390e2-8bbb-41d2-9b09-c2a56a5a39aa
2022-10-25 12:15:17,588 [pool-95-thread-1] INFO  server.RaftServerConfigKeys (ConfUtils.java:logGet(46)) - raft.server.log.queue.byte-limit = 4294967296 (custom)
2022-10-25 12:15:17,588 [pool-95-thread-1] INFO  server.RaftServerConfigKeys (ConfUtils.java:logGet(46)) - raft.server.log.queue.element-limit = 1024 (custom)
2022-10-25 12:15:17,588 [pool-95-thread-1] INFO  server.RaftServerConfigKeys (ConfUtils.java:logGet(46)) - raft.server.log.segment.size.max = 1048576 (custom)
2022-10-25 12:15:17,588 [pool-95-thread-1] INFO  server.RaftServerConfigKeys (ConfUtils.java:logGet(46)) - raft.server.log.preallocated.size = 16384 (custom)
2022-10-25 12:15:17,588 [pool-95-thread-1] INFO  server.RaftServerConfigKeys (ConfUtils.java:logGet(46)) - raft.server.log.force.sync.num = 128 (default)
2022-10-25 12:15:17,589 [pool-95-thread-1] INFO  server.RaftServerConfigKeys (ConfUtils.java:logGet(46)) - raft.server.log.statemachine.data.sync = true (default)
2022-10-25 12:15:17,589 [pool-95-thread-1] INFO  server.RaftServerConfigKeys (ConfUtils.java:logGet(46)) - raft.server.log.statemachine.data.sync.timeout = 10s (default)
2022-10-25 12:15:17,589 [pool-95-thread-1] INFO  server.RaftServerConfigKeys (ConfUtils.java:logGet(46)) - raft.server.log.statemachine.data.sync.timeout.retry = -1 (default)
2022-10-25 12:15:17,590 [pool-95-thread-1] INFO  server.RaftServerConfigKeys (ConfUtils.java:logGet(46)) - raft.server.log.write.buffer.size = 1048576 (custom)
2022-10-25 12:15:17,591 [pool-95-thread-1] INFO  server.RaftServerConfigKeys (ConfUtils.java:logGet(46)) - raft.server.log.unsafe-flush.enabled = false (default)
2022-10-25 12:15:17,591 [pool-95-thread-1] INFO  server.RaftServerConfigKeys (ConfUtils.java:logGet(46)) - raft.server.log.async-flush.enabled = false (default)
2022-10-25 12:15:17,591 [pool-95-thread-1] INFO  server.RaftServerConfigKeys (ConfUtils.java:logGet(46)) - raft.server.log.statemachine.data.caching.enabled = true (custom)
2022-10-25 12:15:17,591 [pool-95-thread-1] INFO  segmented.SegmentedRaftLogWorker (SegmentedRaftLogWorker.java:lambda$new$0(136)) - 86658d9d-b609-4403-bc8a-bf059dbdbb67@group-C2A56A5A39AA-SegmentedRaftLogWorker: flushIndex: setUnconditionally 0 -> -1
2022-10-25 12:15:17,591 [pool-95-thread-1] INFO  segmented.SegmentedRaftLogWorker (SegmentedRaftLogWorker.java:lambda$new$0(136)) - 86658d9d-b609-4403-bc8a-bf059dbdbb67@group-C2A56A5A39AA-SegmentedRaftLogWorker: safeCacheEvictIndex: setUnconditionally 0 -> -1
2022-10-25 12:15:17,600 [RatisPipelineUtilsThread - 0] INFO  pipeline.RatisPipelineProvider (RatisPipelineProvider.java:lambda$create$0(195)) - Sending CreatePipelineCommand for pipeline:PipelineID=572b340a-129e-4f63-96f2-d1756b2a70e6 to datanode:277330ea-7eb2-4eea-8a6b-9d41e81a33f6
2022-10-25 12:15:17,610 [RatisPipelineUtilsThread - 0] INFO  pipeline.PipelineStateManagerImpl (PipelineStateManagerImpl.java:addPipeline(103)) - Created pipeline Pipeline[ Id: 572b340a-129e-4f63-96f2-d1756b2a70e6, Nodes: 277330ea-7eb2-4eea-8a6b-9d41e81a33f6{ip: 10.1.1.43, host: fv-az82-510.ou3itxwc2spe5nxnxxppousbrf.dx.internal.cloudapp.net, ports: [REPLICATION=40199, RATIS=40547, RATIS_ADMIN=40547, RATIS_SERVER=40547, STANDALONE=46845], networkLocation: /default-rack, certSerialId: null, persistedOpState: IN_SERVICE, persistedOpStateExpiryEpochSec: 0}, ReplicationConfig: RATIS/ONE, State:ALLOCATED, leaderId:, CreationTimestamp2022-10-25T12:15:17.579Z[Etc/UTC]].
2022-10-25 12:15:17,608 [pool-95-thread-1] INFO  server.RaftServer$Division (RaftServerImpl.java:start(334)) - 86658d9d-b609-4403-bc8a-bf059dbdbb67@group-C2A56A5A39AA: start as a follower, conf=-1: peers:[86658d9d-b609-4403-bc8a-bf059dbdbb67|rpc:10.1.1.43:34601|priority:0|startupRole:FOLLOWER, 0c76121b-7d6b-4708-9ae8-9ff4448060b7|rpc:10.1.1.43:35675|priority:1|startupRole:FOLLOWER, 6534404f-39f4-445c-b85e-518a348dbff3|rpc:10.1.1.43:42177|priority:0|startupRole:FOLLOWER]|listeners:[], old=null
2022-10-25 12:15:17,615 [pool-95-thread-1] INFO  server.RaftServer$Division (RaftServerImpl.java:setRole(321)) - 86658d9d-b609-4403-bc8a-bf059dbdbb67@group-C2A56A5A39AA: changes role from      null to FOLLOWER at term 0 for startAsFollower
2022-10-25 12:15:17,615 [pool-95-thread-1] INFO  impl.RoleInfo (RoleInfo.java:updateAndGet(139)) - 86658d9d-b609-4403-bc8a-bf059dbdbb67: start 86658d9d-b609-4403-bc8a-bf059dbdbb67@group-C2A56A5A39AA-FollowerState
2022-10-25 12:15:17,615 [pool-95-thread-1] INFO  util.JmxRegister (JmxRegister.java:tryRegister(44)) - Successfully registered JMX Bean with object name Ratis:service=RaftServer,group=group-C2A56A5A39AA,id=86658d9d-b609-4403-bc8a-bf059dbdbb67
2022-10-25 12:15:17,615 [pool-95-thread-1] INFO  server.RaftServerConfigKeys (ConfUtils.java:logGet(46)) - raft.server.snapshot.auto.trigger.enabled = true (custom)
2022-10-25 12:15:17,616 [pool-95-thread-1] INFO  server.RaftServerConfigKeys (ConfUtils.java:logGet(46)) - raft.server.snapshot.auto.trigger.threshold = 10000 (custom)
2022-10-25 12:15:17,616 [pool-95-thread-1] INFO  server.RaftServerConfigKeys (ConfUtils.java:logGet(46)) - raft.server.snapshot.retention.file.num = 5 (custom)
2022-10-25 12:15:17,616 [pool-95-thread-1] INFO  server.RaftServerConfigKeys (ConfUtils.java:logGet(46)) - raft.server.log.purge.upto.snapshot.index = false (default)
2022-10-25 12:15:17,618 [Command processor thread] INFO  ratis.XceiverServerRatis (XceiverServerRatis.java:addGroup(765)) - Created group PipelineID=f1a390e2-8bbb-41d2-9b09-c2a56a5a39aa
2022-10-25 12:15:17,626 [86658d9d-b609-4403-bc8a-bf059dbdbb67@group-C2A56A5A39AA-FollowerState] INFO  server.RaftServerConfigKeys (ConfUtils.java:logFallback(53)) - raft.server.rpc.first-election.timeout.min = 5s (fallback to raft.server.rpc.timeout.min)
2022-10-25 12:15:17,626 [86658d9d-b609-4403-bc8a-bf059dbdbb67@group-C2A56A5A39AA-FollowerState] INFO  server.RaftServerConfigKeys (ConfUtils.java:logFallback(53)) - raft.server.rpc.first-election.timeout.max = 5200ms (fallback to raft.server.rpc.timeout.max)
2022-10-25 12:15:17,759 [Command processor thread] INFO  commandhandler.CreatePipelineCommandHandler (CreatePipelineCommandHandler.java:handle(113)) - Created Pipeline RATIS THREE PipelineID=f1a390e2-8bbb-41d2-9b09-c2a56a5a39aa.
2022-10-25 12:15:17,760 [Command processor thread] INFO  server.RaftServer (RaftServerProxy.java:addNew(96)) - 6534404f-39f4-445c-b85e-518a348dbff3: addNew group-CE71C629F99F:[86658d9d-b609-4403-bc8a-bf059dbdbb67|rpc:10.1.1.43:34601|priority:1|startupRole:FOLLOWER, 0c76121b-7d6b-4708-9ae8-9ff4448060b7|rpc:10.1.1.43:35675|priority:0|startupRole:FOLLOWER, 6534404f-39f4-445c-b85e-518a348dbff3|rpc:10.1.1.43:42177|priority:0|startupRole:FOLLOWER] returns group-CE71C629F99F:java.util.concurrent.CompletableFuture@6966aac9[Not completed]
2022-10-25 12:15:17,765 [pool-72-thread-1] INFO  server.RaftServer$Division (RaftServerImpl.java:<init>(195)) - 6534404f-39f4-445c-b85e-518a348dbff3: new RaftServerImpl for group-CE71C629F99F:[86658d9d-b609-4403-bc8a-bf059dbdbb67|rpc:10.1.1.43:34601|priority:1|startupRole:FOLLOWER, 0c76121b-7d6b-4708-9ae8-9ff4448060b7|rpc:10.1.1.43:35675|priority:0|startupRole:FOLLOWER, 6534404f-39f4-445c-b85e-518a348dbff3|rpc:10.1.1.43:42177|priority:0|startupRole:FOLLOWER] with ContainerStateMachine:uninitialized
2022-10-25 12:15:17,765 [pool-72-thread-1] INFO  server.RaftServerConfigKeys (ConfUtils.java:logGet(46)) - raft.server.rpc.timeout.min = 5s (custom)
2022-10-25 12:15:17,765 [pool-72-thread-1] INFO  server.RaftServerConfigKeys (ConfUtils.java:logGet(46)) - raft.server.rpc.timeout.max = 5200ms (custom)
2022-10-25 12:15:17,765 [pool-72-thread-1] INFO  server.RaftServerConfigKeys (ConfUtils.java:logGet(46)) - raft.server.rpc.sleep.time = 25ms (default)
2022-10-25 12:15:17,765 [pool-72-thread-1] INFO  server.RaftServerConfigKeys (ConfUtils.java:logGet(46)) - raft.server.rpc.slowness.timeout = 300s (custom)
2022-10-25 12:15:17,765 [pool-72-thread-1] INFO  server.RaftServerConfigKeys (ConfUtils.java:logGet(46)) - raft.server.leaderelection.leader.step-down.wait-time = 10s (default)
2022-10-25 12:15:17,765 [pool-72-thread-1] INFO  server.RaftServerConfigKeys (ConfUtils.java:logGet(46)) - raft.server.sleep.deviation.threshold = 300ms (default)
2022-10-25 12:15:17,765 [pool-72-thread-1] INFO  server.RaftServer$Division (ServerState.java:<init>(118)) - 6534404f-39f4-445c-b85e-518a348dbff3@group-CE71C629F99F: ConfigurationManager, init=-1: peers:[86658d9d-b609-4403-bc8a-bf059dbdbb67|rpc:10.1.1.43:34601|priority:1|startupRole:FOLLOWER, 0c76121b-7d6b-4708-9ae8-9ff4448060b7|rpc:10.1.1.43:35675|priority:0|startupRole:FOLLOWER, 6534404f-39f4-445c-b85e-518a348dbff3|rpc:10.1.1.43:42177|priority:0|startupRole:FOLLOWER]|listeners:[], old=null, confs=<EMPTY_MAP>
2022-10-25 12:15:17,765 [pool-72-thread-1] INFO  server.RaftServerConfigKeys (ConfUtils.java:logGet(46)) - raft.server.storage.dir = [/home/runner/work/ozone/ozone/hadoop-ozone/integration-test/target/test-dir/MiniOzoneClusterImpl-59fd4bbb-78e8-4c50-bd4e-19e5c7f0d0cd/datanode-0/data/ratis] (custom)
2022-10-25 12:15:17,765 [pool-72-thread-1] INFO  server.RaftServerConfigKeys (ConfUtils.java:logGet(46)) - raft.server.log.corruption.policy = EXCEPTION (default)
2022-10-25 12:15:17,766 [pool-72-thread-1] INFO  server.RaftServerConfigKeys (ConfUtils.java:logGet(46)) - raft.server.storage.free-space.min = 0MB (=0) (default)
2022-10-25 12:15:17,766 [pool-72-thread-1] INFO  server.RaftServerConfigKeys (ConfUtils.java:logGet(46)) - raft.server.notification.no-leader.timeout = 300s (custom)
2022-10-25 12:15:17,766 [pool-72-thread-1] INFO  server.RaftServerConfigKeys (ConfUtils.java:logGet(46)) - raft.server.retrycache.expirytime = 600000ms (custom)
2022-10-25 12:15:17,766 [pool-72-thread-1] INFO  server.RaftServerConfigKeys (ConfUtils.java:logGet(46)) - raft.server.retrycache.statistics.expirytime = 100μs (default)
2022-10-25 12:15:17,767 [pool-72-thread-1] INFO  server.RaftServerConfigKeys (ConfUtils.java:logGet(46)) - raft.server.log.appender.install.snapshot.enabled = false (custom)
2022-10-25 12:15:17,767 [pool-72-thread-1] INFO  server.RaftServerConfigKeys (ConfUtils.java:logGet(46)) - raft.server.threadpool.server.cached = true (default)
2022-10-25 12:15:17,767 [pool-72-thread-1] INFO  server.RaftServerConfigKeys (ConfUtils.java:logGet(46)) - raft.server.threadpool.server.size = 0 (default)
2022-10-25 12:15:17,768 [pool-72-thread-1] INFO  server.RaftServerConfigKeys (ConfUtils.java:logGet(46)) - raft.server.threadpool.client.cached = true (default)
2022-10-25 12:15:17,768 [pool-72-thread-1] INFO  server.RaftServerConfigKeys (ConfUtils.java:logGet(46)) - raft.server.threadpool.client.size = 0 (default)
2022-10-25 12:15:17,768 [pool-72-thread-1] INFO  storage.RaftStorageDirectory (RaftStorageDirectoryImpl.java:analyzeStorage(137)) - The storage directory /home/runner/work/ozone/ozone/hadoop-ozone/integration-test/target/test-dir/MiniOzoneClusterImpl-59fd4bbb-78e8-4c50-bd4e-19e5c7f0d0cd/datanode-0/data/ratis/c23ad605-34aa-4467-b59d-ce71c629f99f does not exist. Creating ...
2022-10-25 12:15:17,774 [pool-72-thread-1] INFO  storage.RaftStorageDirectory (RaftStorageDirectoryImpl.java:tryLock(231)) - Lock on /home/runner/work/ozone/ozone/hadoop-ozone/integration-test/target/test-dir/MiniOzoneClusterImpl-59fd4bbb-78e8-4c50-bd4e-19e5c7f0d0cd/datanode-0/data/ratis/c23ad605-34aa-4467-b59d-ce71c629f99f/in_use.lock acquired by nodename 14024@fv-az82-510
2022-10-25 12:15:17,777 [pool-72-thread-1] INFO  storage.RaftStorage (RaftStorageImpl.java:format(96)) - Storage directory /home/runner/work/ozone/ozone/hadoop-ozone/integration-test/target/test-dir/MiniOzoneClusterImpl-59fd4bbb-78e8-4c50-bd4e-19e5c7f0d0cd/datanode-0/data/ratis/c23ad605-34aa-4467-b59d-ce71c629f99f has been successfully formatted.
2022-10-25 12:15:17,777 [pool-72-thread-1] INFO  ratis.ContainerStateMachine (ContainerStateMachine.java:loadSnapshot(236)) - group-CE71C629F99F: The snapshot info is null. Setting the last applied indexto:(t:0, i:~)
2022-10-25 12:15:17,777 [pool-72-thread-1] INFO  server.RaftServerConfigKeys (ConfUtils.java:logGet(46)) - raft.server.log.use.memory = false (default)
2022-10-25 12:15:17,777 [pool-72-thread-1] INFO  server.RaftServerConfigKeys (ConfUtils.java:logGet(46)) - raft.server.log.purge.gap = 1000000 (custom)
2022-10-25 12:15:17,778 [pool-72-thread-1] INFO  server.RaftServerConfigKeys (ConfUtils.java:logGet(46)) - raft.server.log.appender.buffer.byte-limit = 33554432 (custom)
2022-10-25 12:15:17,778 [pool-72-thread-1] INFO  server.RaftServerConfigKeys (ConfUtils.java:logGet(46)) - raft.server.log.statemachine.data.read.timeout = 1000ms (default)
2022-10-25 12:15:17,778 [pool-72-thread-1] INFO  server.RaftServerConfigKeys (ConfUtils.java:logGet(46)) - raft.server.log.purge.preservation.log.num = 0 (default)
2022-10-25 12:15:17,778 [pool-72-thread-1] INFO  server.RaftServerConfigKeys (ConfUtils.java:logGet(46)) - raft.server.log.segment.size.max = 1048576 (custom)
2022-10-25 12:15:17,781 [pool-72-thread-1] INFO  server.RaftServerConfigKeys (ConfUtils.java:logGet(46)) - raft.server.log.segment.cache.num.max = 2 (custom)
2022-10-25 12:15:17,782 [pool-72-thread-1] INFO  server.RaftServerConfigKeys (ConfUtils.java:logGet(46)) - raft.server.log.segment.cache.size.max = 200MB (=209715200) (default)
2022-10-25 12:15:17,782 [pool-72-thread-1] INFO  segmented.SegmentedRaftLogWorker (SegmentedRaftLogWorker.java:<init>(191)) - new 6534404f-39f4-445c-b85e-518a348dbff3@group-CE71C629F99F-SegmentedRaftLogWorker for RaftStorageImpl:Storage Directory /home/runner/work/ozone/ozone/hadoop-ozone/integration-test/target/test-dir/MiniOzoneClusterImpl-59fd4bbb-78e8-4c50-bd4e-19e5c7f0d0cd/datanode-0/data/ratis/c23ad605-34aa-4467-b59d-ce71c629f99f
2022-10-25 12:15:17,782 [pool-72-thread-1] INFO  server.RaftServerConfigKeys (ConfUtils.java:logGet(46)) - raft.server.log.queue.byte-limit = 4294967296 (custom)
2022-10-25 12:15:17,782 [pool-72-thread-1] INFO  server.RaftServerConfigKeys (ConfUtils.java:logGet(46)) - raft.server.log.queue.element-limit = 1024 (custom)
2022-10-25 12:15:17,782 [pool-72-thread-1] INFO  server.RaftServerConfigKeys (ConfUtils.java:logGet(46)) - raft.server.log.segment.size.max = 1048576 (custom)
2022-10-25 12:15:17,782 [pool-72-thread-1] INFO  server.RaftServerConfigKeys (ConfUtils.java:logGet(46)) - raft.server.log.preallocated.size = 16384 (custom)
2022-10-25 12:15:17,782 [pool-72-thread-1] INFO  server.RaftServerConfigKeys (ConfUtils.java:logGet(46)) - raft.server.log.force.sync.num = 128 (default)
2022-10-25 12:15:17,782 [pool-72-thread-1] INFO  server.RaftServerConfigKeys (ConfUtils.java:logGet(46)) - raft.server.log.statemachine.data.sync = true (default)
2022-10-25 12:15:17,782 [pool-72-thread-1] INFO  server.RaftServerConfigKeys (ConfUtils.java:logGet(46)) - raft.server.log.statemachine.data.sync.timeout = 10s (default)
2022-10-25 12:15:17,782 [pool-72-thread-1] INFO  server.RaftServerConfigKeys (ConfUtils.java:logGet(46)) - raft.server.log.statemachine.data.sync.timeout.retry = -1 (default)
2022-10-25 12:15:17,784 [EventQueue-OpenPipelineForHealthyPipelineSafeModeRule] INFO  safemode.SCMSafeModeManager (HealthyPipelineSafeModeRule.java:process(137)) - SCM in safe mode. Healthy pipelines reported count is 0, required healthy pipeline reported count is 1
2022-10-25 12:15:17,806 [pool-72-thread-1] INFO  server.RaftServerConfigKeys (ConfUtils.java:logGet(46)) - raft.server.log.write.buffer.size = 1048576 (custom)
2022-10-25 12:15:17,807 [pool-72-thread-1] INFO  server.RaftServerConfigKeys (ConfUtils.java:logGet(46)) - raft.server.log.unsafe-flush.enabled = false (default)
2022-10-25 12:15:17,807 [pool-72-thread-1] INFO  server.RaftServerConfigKeys (ConfUtils.java:logGet(46)) - raft.server.log.async-flush.enabled = false (default)
2022-10-25 12:15:17,807 [pool-72-thread-1] INFO  server.RaftServerConfigKeys (ConfUtils.java:logGet(46)) - raft.server.log.statemachine.data.caching.enabled = true (custom)
2022-10-25 12:15:17,807 [pool-72-thread-1] INFO  segmented.SegmentedRaftLogWorker (SegmentedRaftLogWorker.java:lambda$new$0(136)) - 6534404f-39f4-445c-b85e-518a348dbff3@group-CE71C629F99F-SegmentedRaftLogWorker: flushIndex: setUnconditionally 0 -> -1
2022-10-25 12:15:17,807 [pool-72-thread-1] INFO  segmented.SegmentedRaftLogWorker (SegmentedRaftLogWorker.java:lambda$new$0(136)) - 6534404f-39f4-445c-b85e-518a348dbff3@group-CE71C629F99F-SegmentedRaftLogWorker: safeCacheEvictIndex: setUnconditionally 0 -> -1
2022-10-25 12:15:17,811 [pool-72-thread-1] INFO  server.RaftServer$Division (RaftServerImpl.java:start(334)) - 6534404f-39f4-445c-b85e-518a348dbff3@group-CE71C629F99F: start as a follower, conf=-1: peers:[86658d9d-b609-4403-bc8a-bf059dbdbb67|rpc:10.1.1.43:34601|priority:1|startupRole:FOLLOWER, 0c76121b-7d6b-4708-9ae8-9ff4448060b7|rpc:10.1.1.43:35675|priority:0|startupRole:FOLLOWER, 6534404f-39f4-445c-b85e-518a348dbff3|rpc:10.1.1.43:42177|priority:0|startupRole:FOLLOWER]|listeners:[], old=null
2022-10-25 12:15:17,811 [pool-72-thread-1] INFO  server.RaftServer$Division (RaftServerImpl.java:setRole(321)) - 6534404f-39f4-445c-b85e-518a348dbff3@group-CE71C629F99F: changes role from      null to FOLLOWER at term 0 for startAsFollower
2022-10-25 12:15:17,811 [pool-72-thread-1] INFO  impl.RoleInfo (RoleInfo.java:updateAndGet(139)) - 6534404f-39f4-445c-b85e-518a348dbff3: start 6534404f-39f4-445c-b85e-518a348dbff3@group-CE71C629F99F-FollowerState
2022-10-25 12:15:17,822 [Command processor thread] INFO  commandhandler.CreatePipelineCommandHandler (CreatePipelineCommandHandler.java:handle(113)) - Created Pipeline RATIS THREE PipelineID=f1a390e2-8bbb-41d2-9b09-c2a56a5a39aa.
2022-10-25 12:15:17,822 [6534404f-39f4-445c-b85e-518a348dbff3@group-CE71C629F99F-FollowerState] INFO  server.RaftServerConfigKeys (ConfUtils.java:logFallback(53)) - raft.server.rpc.first-election.timeout.min = 5s (fallback to raft.server.rpc.timeout.min)
2022-10-25 12:15:17,822 [6534404f-39f4-445c-b85e-518a348dbff3@group-CE71C629F99F-FollowerState] INFO  server.RaftServerConfigKeys (ConfUtils.java:logFallback(53)) - raft.server.rpc.first-election.timeout.max = 5200ms (fallback to raft.server.rpc.timeout.max)
2022-10-25 12:15:17,823 [pool-95-thread-1] INFO  server.RaftServer$Division (RaftServerImpl.java:<init>(195)) - 86658d9d-b609-4403-bc8a-bf059dbdbb67: new RaftServerImpl for group-CE71C629F99F:[86658d9d-b609-4403-bc8a-bf059dbdbb67|rpc:10.1.1.43:34601|priority:1|startupRole:FOLLOWER, 0c76121b-7d6b-4708-9ae8-9ff4448060b7|rpc:10.1.1.43:35675|priority:0|startupRole:FOLLOWER, 6534404f-39f4-445c-b85e-518a348dbff3|rpc:10.1.1.43:42177|priority:0|startupRole:FOLLOWER] with ContainerStateMachine:uninitialized
2022-10-25 12:15:17,823 [pool-95-thread-1] INFO  server.RaftServerConfigKeys (ConfUtils.java:logGet(46)) - raft.server.rpc.timeout.min = 5s (custom)
2022-10-25 12:15:17,823 [pool-95-thread-1] INFO  server.RaftServerConfigKeys (ConfUtils.java:logGet(46)) - raft.server.rpc.timeout.max = 5200ms (custom)
2022-10-25 12:15:17,824 [pool-95-thread-1] INFO  server.RaftServerConfigKeys (ConfUtils.java:logGet(46)) - raft.server.rpc.sleep.time = 25ms (default)
2022-10-25 12:15:17,824 [pool-95-thread-1] INFO  server.RaftServerConfigKeys (ConfUtils.java:logGet(46)) - raft.server.rpc.slowness.timeout = 300s (custom)
2022-10-25 12:15:17,824 [pool-95-thread-1] INFO  server.RaftServerConfigKeys (ConfUtils.java:logGet(46)) - raft.server.leaderelection.leader.step-down.wait-time = 10s (default)
2022-10-25 12:15:17,824 [pool-95-thread-1] INFO  server.RaftServerConfigKeys (ConfUtils.java:logGet(46)) - raft.server.sleep.deviation.threshold = 300ms (default)
2022-10-25 12:15:17,824 [pool-95-thread-1] INFO  server.RaftServer$Division (ServerState.java:<init>(118)) - 86658d9d-b609-4403-bc8a-bf059dbdbb67@group-CE71C629F99F: ConfigurationManager, init=-1: peers:[86658d9d-b609-4403-bc8a-bf059dbdbb67|rpc:10.1.1.43:34601|priority:1|startupRole:FOLLOWER, 0c76121b-7d6b-4708-9ae8-9ff4448060b7|rpc:10.1.1.43:35675|priority:0|startupRole:FOLLOWER, 6534404f-39f4-445c-b85e-518a348dbff3|rpc:10.1.1.43:42177|priority:0|startupRole:FOLLOWER]|listeners:[], old=null, confs=<EMPTY_MAP>
2022-10-25 12:15:17,824 [pool-95-thread-1] INFO  server.RaftServerConfigKeys (ConfUtils.java:logGet(46)) - raft.server.storage.dir = [/home/runner/work/ozone/ozone/hadoop-ozone/integration-test/target/test-dir/MiniOzoneClusterImpl-59fd4bbb-78e8-4c50-bd4e-19e5c7f0d0cd/datanode-1/data/ratis] (custom)
2022-10-25 12:15:17,824 [pool-95-thread-1] INFO  server.RaftServerConfigKeys (ConfUtils.java:logGet(46)) - raft.server.log.corruption.policy = EXCEPTION (default)
2022-10-25 12:15:17,824 [pool-95-thread-1] INFO  server.RaftServerConfigKeys (ConfUtils.java:logGet(46)) - raft.server.storage.free-space.min = 0MB (=0) (default)
2022-10-25 12:15:17,825 [pool-95-thread-1] INFO  server.RaftServerConfigKeys (ConfUtils.java:logGet(46)) - raft.server.notification.no-leader.timeout = 300s (custom)
2022-10-25 12:15:17,825 [pool-95-thread-1] INFO  server.RaftServerConfigKeys (ConfUtils.java:logGet(46)) - raft.server.retrycache.expirytime = 600000ms (custom)
2022-10-25 12:15:17,825 [pool-95-thread-1] INFO  server.RaftServerConfigKeys (ConfUtils.java:logGet(46)) - raft.server.retrycache.statistics.expirytime = 100μs (default)
2022-10-25 12:15:17,822 [Command processor thread] INFO  server.RaftServer (RaftServerProxy.java:addNew(96)) - 86658d9d-b609-4403-bc8a-bf059dbdbb67: addNew group-CE71C629F99F:[86658d9d-b609-4403-bc8a-bf059dbdbb67|rpc:10.1.1.43:34601|priority:1|startupRole:FOLLOWER, 0c76121b-7d6b-4708-9ae8-9ff4448060b7|rpc:10.1.1.43:35675|priority:0|startupRole:FOLLOWER, 6534404f-39f4-445c-b85e-518a348dbff3|rpc:10.1.1.43:42177|priority:0|startupRole:FOLLOWER] returns group-CE71C629F99F:java.util.concurrent.CompletableFuture@36958ab1[Not completed]
2022-10-25 12:15:17,827 [pool-72-thread-1] INFO  util.JmxRegister (JmxRegister.java:tryRegister(44)) - Successfully registered JMX Bean with object name Ratis:service=RaftServer,group=group-CE71C629F99F,id=6534404f-39f4-445c-b85e-518a348dbff3
2022-10-25 12:15:17,827 [pool-95-thread-1] INFO  server.RaftServerConfigKeys (ConfUtils.java:logGet(46)) - raft.server.log.appender.install.snapshot.enabled = false (custom)
2022-10-25 12:15:17,828 [pool-95-thread-1] INFO  server.RaftServerConfigKeys (ConfUtils.java:logGet(46)) - raft.server.threadpool.server.cached = true (default)
2022-10-25 12:15:17,828 [pool-95-thread-1] INFO  server.RaftServerConfigKeys (ConfUtils.java:logGet(46)) - raft.server.threadpool.server.size = 0 (default)
2022-10-25 12:15:17,828 [pool-95-thread-1] INFO  server.RaftServerConfigKeys (ConfUtils.java:logGet(46)) - raft.server.threadpool.client.cached = true (default)
2022-10-25 12:15:17,828 [pool-95-thread-1] INFO  server.RaftServerConfigKeys (ConfUtils.java:logGet(46)) - raft.server.threadpool.client.size = 0 (default)
2022-10-25 12:15:17,828 [pool-95-thread-1] INFO  storage.RaftStorageDirectory (RaftStorageDirectoryImpl.java:analyzeStorage(137)) - The storage directory /home/runner/work/ozone/ozone/hadoop-ozone/integration-test/target/test-dir/MiniOzoneClusterImpl-59fd4bbb-78e8-4c50-bd4e-19e5c7f0d0cd/datanode-1/data/ratis/c23ad605-34aa-4467-b59d-ce71c629f99f does not exist. Creating ...
2022-10-25 12:15:17,828 [pool-72-thread-1] INFO  server.RaftServerConfigKeys (ConfUtils.java:logGet(46)) - raft.server.snapshot.auto.trigger.enabled = true (custom)
2022-10-25 12:15:17,829 [pool-72-thread-1] INFO  server.RaftServerConfigKeys (ConfUtils.java:logGet(46)) - raft.server.snapshot.auto.trigger.threshold = 10000 (custom)
2022-10-25 12:15:17,829 [pool-72-thread-1] INFO  server.RaftServerConfigKeys (ConfUtils.java:logGet(46)) - raft.server.snapshot.retention.file.num = 5 (custom)
2022-10-25 12:15:17,829 [pool-72-thread-1] INFO  server.RaftServerConfigKeys (ConfUtils.java:logGet(46)) - raft.server.log.purge.upto.snapshot.index = false (default)
2022-10-25 12:15:17,829 [Command processor thread] INFO  ratis.XceiverServerRatis (XceiverServerRatis.java:addGroup(765)) - Created group PipelineID=c23ad605-34aa-4467-b59d-ce71c629f99f
2022-10-25 12:15:17,830 [pool-95-thread-1] INFO  storage.RaftStorageDirectory (RaftStorageDirectoryImpl.java:tryLock(231)) - Lock on /home/runner/work/ozone/ozone/hadoop-ozone/integration-test/target/test-dir/MiniOzoneClusterImpl-59fd4bbb-78e8-4c50-bd4e-19e5c7f0d0cd/datanode-1/data/ratis/c23ad605-34aa-4467-b59d-ce71c629f99f/in_use.lock acquired by nodename 14024@fv-az82-510
2022-10-25 12:15:17,832 [pool-95-thread-1] INFO  storage.RaftStorage (RaftStorageImpl.java:format(96)) - Storage directory /home/runner/work/ozone/ozone/hadoop-ozone/integration-test/target/test-dir/MiniOzoneClusterImpl-59fd4bbb-78e8-4c50-bd4e-19e5c7f0d0cd/datanode-1/data/ratis/c23ad605-34aa-4467-b59d-ce71c629f99f has been successfully formatted.
2022-10-25 12:15:17,833 [pool-95-thread-1] INFO  ratis.ContainerStateMachine (ContainerStateMachine.java:loadSnapshot(236)) - group-CE71C629F99F: The snapshot info is null. Setting the last applied indexto:(t:0, i:~)
2022-10-25 12:15:17,833 [pool-95-thread-1] INFO  server.RaftServerConfigKeys (ConfUtils.java:logGet(46)) - raft.server.log.use.memory = false (default)
2022-10-25 12:15:17,834 [pool-95-thread-1] INFO  server.RaftServerConfigKeys (ConfUtils.java:logGet(46)) - raft.server.log.purge.gap = 1000000 (custom)
2022-10-25 12:15:17,834 [pool-95-thread-1] INFO  server.RaftServerConfigKeys (ConfUtils.java:logGet(46)) - raft.server.log.appender.buffer.byte-limit = 33554432 (custom)
2022-10-25 12:15:17,834 [pool-95-thread-1] INFO  server.RaftServerConfigKeys (ConfUtils.java:logGet(46)) - raft.server.log.statemachine.data.read.timeout = 1000ms (default)
2022-10-25 12:15:17,834 [pool-95-thread-1] INFO  server.RaftServerConfigKeys (ConfUtils.java:logGet(46)) - raft.server.log.purge.preservation.log.num = 0 (default)
2022-10-25 12:15:17,834 [pool-95-thread-1] INFO  server.RaftServerConfigKeys (ConfUtils.java:logGet(46)) - raft.server.log.segment.size.max = 1048576 (custom)
2022-10-25 12:15:17,835 [pool-95-thread-1] INFO  server.RaftServerConfigKeys (ConfUtils.java:logGet(46)) - raft.server.log.segment.cache.num.max = 2 (custom)
2022-10-25 12:15:17,835 [pool-95-thread-1] INFO  server.RaftServerConfigKeys (ConfUtils.java:logGet(46)) - raft.server.log.segment.cache.size.max = 200MB (=209715200) (default)
2022-10-25 12:15:17,835 [pool-95-thread-1] INFO  segmented.SegmentedRaftLogWorker (SegmentedRaftLogWorker.java:<init>(191)) - new 86658d9d-b609-4403-bc8a-bf059dbdbb67@group-CE71C629F99F-SegmentedRaftLogWorker for RaftStorageImpl:Storage Directory /home/runner/work/ozone/ozone/hadoop-ozone/integration-test/target/test-dir/MiniOzoneClusterImpl-59fd4bbb-78e8-4c50-bd4e-19e5c7f0d0cd/datanode-1/data/ratis/c23ad605-34aa-4467-b59d-ce71c629f99f
2022-10-25 12:15:17,835 [pool-95-thread-1] INFO  server.RaftServerConfigKeys (ConfUtils.java:logGet(46)) - raft.server.log.queue.byte-limit = 4294967296 (custom)
2022-10-25 12:15:17,835 [pool-95-thread-1] INFO  server.RaftServerConfigKeys (ConfUtils.java:logGet(46)) - raft.server.log.queue.element-limit = 1024 (custom)
2022-10-25 12:15:17,835 [pool-95-thread-1] INFO  server.RaftServerConfigKeys (ConfUtils.java:logGet(46)) - raft.server.log.segment.size.max = 1048576 (custom)
2022-10-25 12:15:17,835 [pool-95-thread-1] INFO  server.RaftServerConfigKeys (ConfUtils.java:logGet(46)) - raft.server.log.preallocated.size = 16384 (custom)
2022-10-25 12:15:17,835 [pool-95-thread-1] INFO  server.RaftServerConfigKeys (ConfUtils.java:logGet(46)) - raft.server.log.force.sync.num = 128 (default)
2022-10-25 12:15:17,835 [pool-95-thread-1] INFO  server.RaftServerConfigKeys (ConfUtils.java:logGet(46)) - raft.server.log.statemachine.data.sync = true (default)
2022-10-25 12:15:17,835 [pool-95-thread-1] INFO  server.RaftServerConfigKeys (ConfUtils.java:logGet(46)) - raft.server.log.statemachine.data.sync.timeout = 10s (default)
2022-10-25 12:15:17,836 [pool-95-thread-1] INFO  server.RaftServerConfigKeys (ConfUtils.java:logGet(46)) - raft.server.log.statemachine.data.sync.timeout.retry = -1 (default)
2022-10-25 12:15:17,837 [pool-95-thread-1] INFO  server.RaftServerConfigKeys (ConfUtils.java:logGet(46)) - raft.server.log.write.buffer.size = 1048576 (custom)
2022-10-25 12:15:17,838 [pool-95-thread-1] INFO  server.RaftServerConfigKeys (ConfUtils.java:logGet(46)) - raft.server.log.unsafe-flush.enabled = false (default)
2022-10-25 12:15:17,838 [pool-95-thread-1] INFO  server.RaftServerConfigKeys (ConfUtils.java:logGet(46)) - raft.server.log.async-flush.enabled = false (default)
2022-10-25 12:15:17,839 [pool-95-thread-1] INFO  server.RaftServerConfigKeys (ConfUtils.java:logGet(46)) - raft.server.log.statemachine.data.caching.enabled = true (custom)
2022-10-25 12:15:17,839 [pool-95-thread-1] INFO  segmented.SegmentedRaftLogWorker (SegmentedRaftLogWorker.java:lambda$new$0(136)) - 86658d9d-b609-4403-bc8a-bf059dbdbb67@group-CE71C629F99F-SegmentedRaftLogWorker: flushIndex: setUnconditionally 0 -> -1
2022-10-25 12:15:17,839 [pool-95-thread-1] INFO  segmented.SegmentedRaftLogWorker (SegmentedRaftLogWorker.java:lambda$new$0(136)) - 86658d9d-b609-4403-bc8a-bf059dbdbb67@group-CE71C629F99F-SegmentedRaftLogWorker: safeCacheEvictIndex: setUnconditionally 0 -> -1
2022-10-25 12:15:17,839 [pool-95-thread-1] INFO  server.RaftServer$Division (RaftServerImpl.java:start(334)) - 86658d9d-b609-4403-bc8a-bf059dbdbb67@group-CE71C629F99F: start as a follower, conf=-1: peers:[86658d9d-b609-4403-bc8a-bf059dbdbb67|rpc:10.1.1.43:34601|priority:1|startupRole:FOLLOWER, 0c76121b-7d6b-4708-9ae8-9ff4448060b7|rpc:10.1.1.43:35675|priority:0|startupRole:FOLLOWER, 6534404f-39f4-445c-b85e-518a348dbff3|rpc:10.1.1.43:42177|priority:0|startupRole:FOLLOWER]|listeners:[], old=null
2022-10-25 12:15:17,839 [pool-95-thread-1] INFO  server.RaftServer$Division (RaftServerImpl.java:setRole(321)) - 86658d9d-b609-4403-bc8a-bf059dbdbb67@group-CE71C629F99F: changes role from      null to FOLLOWER at term 0 for startAsFollower
2022-10-25 12:15:17,839 [pool-95-thread-1] INFO  impl.RoleInfo (RoleInfo.java:updateAndGet(139)) - 86658d9d-b609-4403-bc8a-bf059dbdbb67: start 86658d9d-b609-4403-bc8a-bf059dbdbb67@group-CE71C629F99F-FollowerState
2022-10-25 12:15:17,840 [EventQueue-OpenPipelineForHealthyPipelineSafeModeRule] INFO  safemode.SCMSafeModeManager (HealthyPipelineSafeModeRule.java:process(137)) - SCM in safe mode. Healthy pipelines reported count is 0, required healthy pipeline reported count is 1
2022-10-25 12:15:17,841 [pool-95-thread-1] INFO  util.JmxRegister (JmxRegister.java:tryRegister(44)) - Successfully registered JMX Bean with object name Ratis:service=RaftServer,group=group-CE71C629F99F,id=86658d9d-b609-4403-bc8a-bf059dbdbb67
2022-10-25 12:15:17,841 [pool-95-thread-1] INFO  server.RaftServerConfigKeys (ConfUtils.java:logGet(46)) - raft.server.snapshot.auto.trigger.enabled = true (custom)
2022-10-25 12:15:17,841 [pool-95-thread-1] INFO  server.RaftServerConfigKeys (ConfUtils.java:logGet(46)) - raft.server.snapshot.auto.trigger.threshold = 10000 (custom)
2022-10-25 12:15:17,841 [pool-95-thread-1] INFO  server.RaftServerConfigKeys (ConfUtils.java:logGet(46)) - raft.server.snapshot.retention.file.num = 5 (custom)
2022-10-25 12:15:17,841 [pool-95-thread-1] INFO  server.RaftServerConfigKeys (ConfUtils.java:logGet(46)) - raft.server.log.purge.upto.snapshot.index = false (default)
2022-10-25 12:15:17,852 [Command processor thread] INFO  ratis.XceiverServerRatis (XceiverServerRatis.java:addGroup(765)) - Created group PipelineID=c23ad605-34aa-4467-b59d-ce71c629f99f
2022-10-25 12:15:17,855 [grpc-default-executor-1] INFO  server.RaftServer (RaftServerProxy.java:addNew(96)) - 0c76121b-7d6b-4708-9ae8-9ff4448060b7: addNew group-CE71C629F99F:[86658d9d-b609-4403-bc8a-bf059dbdbb67|rpc:10.1.1.43:34601|dataStream:|priority:1|startupRole:FOLLOWER, 0c76121b-7d6b-4708-9ae8-9ff4448060b7|rpc:10.1.1.43:35675|dataStream:|priority:0|startupRole:FOLLOWER, 6534404f-39f4-445c-b85e-518a348dbff3|rpc:10.1.1.43:42177|dataStream:|priority:0|startupRole:FOLLOWER] returns group-CE71C629F99F:java.util.concurrent.CompletableFuture@2035b1dd[Not completed]
2022-10-25 12:15:17,856 [pool-118-thread-1] INFO  server.RaftServer$Division (RaftServerImpl.java:<init>(195)) - 0c76121b-7d6b-4708-9ae8-9ff4448060b7: new RaftServerImpl for group-CE71C629F99F:[86658d9d-b609-4403-bc8a-bf059dbdbb67|rpc:10.1.1.43:34601|dataStream:|priority:1|startupRole:FOLLOWER, 0c76121b-7d6b-4708-9ae8-9ff4448060b7|rpc:10.1.1.43:35675|dataStream:|priority:0|startupRole:FOLLOWER, 6534404f-39f4-445c-b85e-518a348dbff3|rpc:10.1.1.43:42177|dataStream:|priority:0|startupRole:FOLLOWER] with ContainerStateMachine:uninitialized
2022-10-25 12:15:17,856 [pool-118-thread-1] INFO  server.RaftServerConfigKeys (ConfUtils.java:logGet(46)) - raft.server.rpc.timeout.min = 5s (custom)
2022-10-25 12:15:17,856 [pool-118-thread-1] INFO  server.RaftServerConfigKeys (ConfUtils.java:logGet(46)) - raft.server.rpc.timeout.max = 5200ms (custom)
2022-10-25 12:15:17,856 [pool-118-thread-1] INFO  server.RaftServerConfigKeys (ConfUtils.java:logGet(46)) - raft.server.rpc.sleep.time = 25ms (default)
2022-10-25 12:15:17,856 [pool-118-thread-1] INFO  server.RaftServerConfigKeys (ConfUtils.java:logGet(46)) - raft.server.rpc.slowness.timeout = 300s (custom)
2022-10-25 12:15:17,856 [pool-118-thread-1] INFO  server.RaftServerConfigKeys (ConfUtils.java:logGet(46)) - raft.server.leaderelection.leader.step-down.wait-time = 10s (default)
2022-10-25 12:15:17,856 [pool-118-thread-1] INFO  server.RaftServerConfigKeys (ConfUtils.java:logGet(46)) - raft.server.sleep.deviation.threshold = 300ms (default)
2022-10-25 12:15:17,857 [pool-118-thread-1] INFO  server.RaftServer$Division (ServerState.java:<init>(118)) - 0c76121b-7d6b-4708-9ae8-9ff4448060b7@group-CE71C629F99F: ConfigurationManager, init=-1: peers:[86658d9d-b609-4403-bc8a-bf059dbdbb67|rpc:10.1.1.43:34601|dataStream:|priority:1|startupRole:FOLLOWER, 0c76121b-7d6b-4708-9ae8-9ff4448060b7|rpc:10.1.1.43:35675|dataStream:|priority:0|startupRole:FOLLOWER, 6534404f-39f4-445c-b85e-518a348dbff3|rpc:10.1.1.43:42177|dataStream:|priority:0|startupRole:FOLLOWER]|listeners:[], old=null, confs=<EMPTY_MAP>
2022-10-25 12:15:17,857 [pool-118-thread-1] INFO  server.RaftServerConfigKeys (ConfUtils.java:logGet(46)) - raft.server.storage.dir = [/home/runner/work/ozone/ozone/hadoop-ozone/integration-test/target/test-dir/MiniOzoneClusterImpl-59fd4bbb-78e8-4c50-bd4e-19e5c7f0d0cd/datanode-2/data/ratis] (custom)
2022-10-25 12:15:17,857 [pool-118-thread-1] INFO  server.RaftServerConfigKeys (ConfUtils.java:logGet(46)) - raft.server.log.corruption.policy = EXCEPTION (default)
2022-10-25 12:15:17,857 [pool-118-thread-1] INFO  server.RaftServerConfigKeys (ConfUtils.java:logGet(46)) - raft.server.storage.free-space.min = 0MB (=0) (default)
2022-10-25 12:15:17,857 [pool-118-thread-1] INFO  server.RaftServerConfigKeys (ConfUtils.java:logGet(46)) - raft.server.notification.no-leader.timeout = 300s (custom)
2022-10-25 12:15:17,857 [pool-118-thread-1] INFO  server.RaftServerConfigKeys (ConfUtils.java:logGet(46)) - raft.server.retrycache.expirytime = 600000ms (custom)
2022-10-25 12:15:17,857 [pool-118-thread-1] INFO  server.RaftServerConfigKeys (ConfUtils.java:logGet(46)) - raft.server.retrycache.statistics.expirytime = 100μs (default)
2022-10-25 12:15:17,859 [pool-118-thread-1] INFO  server.RaftServerConfigKeys (ConfUtils.java:logGet(46)) - raft.server.log.appender.install.snapshot.enabled = false (custom)
2022-10-25 12:15:17,859 [pool-118-thread-1] INFO  server.RaftServerConfigKeys (ConfUtils.java:logGet(46)) - raft.server.threadpool.server.cached = true (default)
2022-10-25 12:15:17,859 [pool-118-thread-1] INFO  server.RaftServerConfigKeys (ConfUtils.java:logGet(46)) - raft.server.threadpool.server.size = 0 (default)
2022-10-25 12:15:17,859 [pool-118-thread-1] INFO  server.RaftServerConfigKeys (ConfUtils.java:logGet(46)) - raft.server.threadpool.client.cached = true (default)
2022-10-25 12:15:17,859 [pool-118-thread-1] INFO  server.RaftServerConfigKeys (ConfUtils.java:logGet(46)) - raft.server.threadpool.client.size = 0 (default)
2022-10-25 12:15:17,859 [pool-118-thread-1] INFO  storage.RaftStorageDirectory (RaftStorageDirectoryImpl.java:analyzeStorage(137)) - The storage directory /home/runner/work/ozone/ozone/hadoop-ozone/integration-test/target/test-dir/MiniOzoneClusterImpl-59fd4bbb-78e8-4c50-bd4e-19e5c7f0d0cd/datanode-2/data/ratis/c23ad605-34aa-4467-b59d-ce71c629f99f does not exist. Creating ...
2022-10-25 12:15:17,861 [pool-118-thread-1] INFO  storage.RaftStorageDirectory (RaftStorageDirectoryImpl.java:tryLock(231)) - Lock on /home/runner/work/ozone/ozone/hadoop-ozone/integration-test/target/test-dir/MiniOzoneClusterImpl-59fd4bbb-78e8-4c50-bd4e-19e5c7f0d0cd/datanode-2/data/ratis/c23ad605-34aa-4467-b59d-ce71c629f99f/in_use.lock acquired by nodename 14024@fv-az82-510
2022-10-25 12:15:17,861 [86658d9d-b609-4403-bc8a-bf059dbdbb67@group-CE71C629F99F-FollowerState] INFO  server.RaftServerConfigKeys (ConfUtils.java:logFallback(53)) - raft.server.rpc.first-election.timeout.min = 5s (fallback to raft.server.rpc.timeout.min)
2022-10-25 12:15:17,864 [pool-118-thread-1] INFO  storage.RaftStorage (RaftStorageImpl.java:format(96)) - Storage directory /home/runner/work/ozone/ozone/hadoop-ozone/integration-test/target/test-dir/MiniOzoneClusterImpl-59fd4bbb-78e8-4c50-bd4e-19e5c7f0d0cd/datanode-2/data/ratis/c23ad605-34aa-4467-b59d-ce71c629f99f has been successfully formatted.
2022-10-25 12:15:17,865 [86658d9d-b609-4403-bc8a-bf059dbdbb67@group-CE71C629F99F-FollowerState] INFO  server.RaftServerConfigKeys (ConfUtils.java:logFallback(53)) - raft.server.rpc.first-election.timeout.max = 5200ms (fallback to raft.server.rpc.timeout.max)
2022-10-25 12:15:17,865 [pool-118-thread-1] INFO  ratis.ContainerStateMachine (ContainerStateMachine.java:loadSnapshot(236)) - group-CE71C629F99F: The snapshot info is null. Setting the last applied indexto:(t:0, i:~)
2022-10-25 12:15:17,866 [pool-118-thread-1] INFO  server.RaftServerConfigKeys (ConfUtils.java:logGet(46)) - raft.server.log.use.memory = false (default)
2022-10-25 12:15:17,866 [pool-118-thread-1] INFO  server.RaftServerConfigKeys (ConfUtils.java:logGet(46)) - raft.server.log.purge.gap = 1000000 (custom)
2022-10-25 12:15:17,866 [pool-118-thread-1] INFO  server.RaftServerConfigKeys (ConfUtils.java:logGet(46)) - raft.server.log.appender.buffer.byte-limit = 33554432 (custom)
2022-10-25 12:15:17,866 [pool-118-thread-1] INFO  server.RaftServerConfigKeys (ConfUtils.java:logGet(46)) - raft.server.log.statemachine.data.read.timeout = 1000ms (default)
2022-10-25 12:15:17,866 [pool-118-thread-1] INFO  server.RaftServerConfigKeys (ConfUtils.java:logGet(46)) - raft.server.log.purge.preservation.log.num = 0 (default)
2022-10-25 12:15:17,866 [pool-118-thread-1] INFO  server.RaftServerConfigKeys (ConfUtils.java:logGet(46)) - raft.server.log.segment.size.max = 1048576 (custom)
2022-10-25 12:15:17,867 [pool-118-thread-1] INFO  server.RaftServerConfigKeys (ConfUtils.java:logGet(46)) - raft.server.log.segment.cache.num.max = 2 (custom)
2022-10-25 12:15:17,867 [pool-118-thread-1] INFO  server.RaftServerConfigKeys (ConfUtils.java:logGet(46)) - raft.server.log.segment.cache.size.max = 200MB (=209715200) (default)
2022-10-25 12:15:17,867 [pool-118-thread-1] INFO  segmented.SegmentedRaftLogWorker (SegmentedRaftLogWorker.java:<init>(191)) - new 0c76121b-7d6b-4708-9ae8-9ff4448060b7@group-CE71C629F99F-SegmentedRaftLogWorker for RaftStorageImpl:Storage Directory /home/runner/work/ozone/ozone/hadoop-ozone/integration-test/target/test-dir/MiniOzoneClusterImpl-59fd4bbb-78e8-4c50-bd4e-19e5c7f0d0cd/datanode-2/data/ratis/c23ad605-34aa-4467-b59d-ce71c629f99f
2022-10-25 12:15:17,867 [pool-118-thread-1] INFO  server.RaftServerConfigKeys (ConfUtils.java:logGet(46)) - raft.server.log.queue.byte-limit = 4294967296 (custom)
2022-10-25 12:15:17,867 [pool-118-thread-1] INFO  server.RaftServerConfigKeys (ConfUtils.java:logGet(46)) - raft.server.log.queue.element-limit = 1024 (custom)
2022-10-25 12:15:17,867 [pool-118-thread-1] INFO  server.RaftServerConfigKeys (ConfUtils.java:logGet(46)) - raft.server.log.segment.size.max = 1048576 (custom)
2022-10-25 12:15:17,867 [pool-118-thread-1] INFO  server.RaftServerConfigKeys (ConfUtils.java:logGet(46)) - raft.server.log.preallocated.size = 16384 (custom)
2022-10-25 12:15:17,867 [pool-118-thread-1] INFO  server.RaftServerConfigKeys (ConfUtils.java:logGet(46)) - raft.server.log.force.sync.num = 128 (default)
2022-10-25 12:15:17,867 [pool-118-thread-1] INFO  server.RaftServerConfigKeys (ConfUtils.java:logGet(46)) - raft.server.log.statemachine.data.sync = true (default)
2022-10-25 12:15:17,868 [pool-118-thread-1] INFO  server.RaftServerConfigKeys (ConfUtils.java:logGet(46)) - raft.server.log.statemachine.data.sync.timeout = 10s (default)
2022-10-25 12:15:17,868 [pool-118-thread-1] INFO  server.RaftServerConfigKeys (ConfUtils.java:logGet(46)) - raft.server.log.statemachine.data.sync.timeout.retry = -1 (default)
2022-10-25 12:15:17,869 [pool-118-thread-1] INFO  server.RaftServerConfigKeys (ConfUtils.java:logGet(46)) - raft.server.log.write.buffer.size = 1048576 (custom)
2022-10-25 12:15:17,869 [pool-118-thread-1] INFO  server.RaftServerConfigKeys (ConfUtils.java:logGet(46)) - raft.server.log.unsafe-flush.enabled = false (default)
2022-10-25 12:15:17,869 [pool-118-thread-1] INFO  server.RaftServerConfigKeys (ConfUtils.java:logGet(46)) - raft.server.log.async-flush.enabled = false (default)
2022-10-25 12:15:17,869 [pool-118-thread-1] INFO  server.RaftServerConfigKeys (ConfUtils.java:logGet(46)) - raft.server.log.statemachine.data.caching.enabled = true (custom)
2022-10-25 12:15:17,870 [pool-118-thread-1] INFO  segmented.SegmentedRaftLogWorker (SegmentedRaftLogWorker.java:lambda$new$0(136)) - 0c76121b-7d6b-4708-9ae8-9ff4448060b7@group-CE71C629F99F-SegmentedRaftLogWorker: flushIndex: setUnconditionally 0 -> -1
2022-10-25 12:15:17,870 [pool-118-thread-1] INFO  segmented.SegmentedRaftLogWorker (SegmentedRaftLogWorker.java:lambda$new$0(136)) - 0c76121b-7d6b-4708-9ae8-9ff4448060b7@group-CE71C629F99F-SegmentedRaftLogWorker: safeCacheEvictIndex: setUnconditionally 0 -> -1
2022-10-25 12:15:17,875 [pool-118-thread-1] INFO  server.RaftServer$Division (RaftServerImpl.java:start(334)) - 0c76121b-7d6b-4708-9ae8-9ff4448060b7@group-CE71C629F99F: start as a follower, conf=-1: peers:[86658d9d-b609-4403-bc8a-bf059dbdbb67|rpc:10.1.1.43:34601|dataStream:|priority:1|startupRole:FOLLOWER, 0c76121b-7d6b-4708-9ae8-9ff4448060b7|rpc:10.1.1.43:35675|dataStream:|priority:0|startupRole:FOLLOWER, 6534404f-39f4-445c-b85e-518a348dbff3|rpc:10.1.1.43:42177|dataStream:|priority:0|startupRole:FOLLOWER]|listeners:[], old=null
2022-10-25 12:15:17,875 [pool-118-thread-1] INFO  server.RaftServer$Division (RaftServerImpl.java:setRole(321)) - 0c76121b-7d6b-4708-9ae8-9ff4448060b7@group-CE71C629F99F: changes role from      null to FOLLOWER at term 0 for startAsFollower
2022-10-25 12:15:17,875 [pool-118-thread-1] INFO  impl.RoleInfo (RoleInfo.java:updateAndGet(139)) - 0c76121b-7d6b-4708-9ae8-9ff4448060b7: start 0c76121b-7d6b-4708-9ae8-9ff4448060b7@group-CE71C629F99F-FollowerState
2022-10-25 12:15:17,876 [pool-118-thread-1] INFO  util.JmxRegister (JmxRegister.java:tryRegister(44)) - Successfully registered JMX Bean with object name Ratis:service=RaftServer,group=group-CE71C629F99F,id=0c76121b-7d6b-4708-9ae8-9ff4448060b7
2022-10-25 12:15:17,876 [pool-118-thread-1] INFO  server.RaftServerConfigKeys (ConfUtils.java:logGet(46)) - raft.server.snapshot.auto.trigger.enabled = true (custom)
2022-10-25 12:15:17,876 [pool-118-thread-1] INFO  server.RaftServerConfigKeys (ConfUtils.java:logGet(46)) - raft.server.snapshot.auto.trigger.threshold = 10000 (custom)
2022-10-25 12:15:17,876 [pool-118-thread-1] INFO  server.RaftServerConfigKeys (ConfUtils.java:logGet(46)) - raft.server.snapshot.retention.file.num = 5 (custom)
2022-10-25 12:15:17,876 [pool-118-thread-1] INFO  server.RaftServerConfigKeys (ConfUtils.java:logGet(46)) - raft.server.log.purge.upto.snapshot.index = false (default)
2022-10-25 12:15:17,878 [Command processor thread] INFO  server.RaftServer (RaftServerProxy.java:addNew(96)) - 0c76121b-7d6b-4708-9ae8-9ff4448060b7: addNew group-76FCB2189D15:[0c76121b-7d6b-4708-9ae8-9ff4448060b7|rpc:10.1.1.43:35675|priority:1|startupRole:FOLLOWER] returns group-76FCB2189D15:java.util.concurrent.CompletableFuture@1d8a3a13[Not completed]
2022-10-25 12:15:17,882 [pool-118-thread-1] INFO  server.RaftServer$Division (RaftServerImpl.java:<init>(195)) - 0c76121b-7d6b-4708-9ae8-9ff4448060b7: new RaftServerImpl for group-76FCB2189D15:[0c76121b-7d6b-4708-9ae8-9ff4448060b7|rpc:10.1.1.43:35675|priority:1|startupRole:FOLLOWER] with ContainerStateMachine:uninitialized
2022-10-25 12:15:17,889 [pool-118-thread-1] INFO  server.RaftServerConfigKeys (ConfUtils.java:logGet(46)) - raft.server.rpc.timeout.min = 5s (custom)
2022-10-25 12:15:17,889 [pool-118-thread-1] INFO  server.RaftServerConfigKeys (ConfUtils.java:logGet(46)) - raft.server.rpc.timeout.max = 5200ms (custom)
2022-10-25 12:15:17,889 [pool-118-thread-1] INFO  server.RaftServerConfigKeys (ConfUtils.java:logGet(46)) - raft.server.rpc.sleep.time = 25ms (default)
2022-10-25 12:15:17,889 [pool-118-thread-1] INFO  server.RaftServerConfigKeys (ConfUtils.java:logGet(46)) - raft.server.rpc.slowness.timeout = 300s (custom)
2022-10-25 12:15:17,889 [pool-118-thread-1] INFO  server.RaftServerConfigKeys (ConfUtils.java:logGet(46)) - raft.server.leaderelection.leader.step-down.wait-time = 10s (default)
2022-10-25 12:15:17,889 [pool-118-thread-1] INFO  server.RaftServerConfigKeys (ConfUtils.java:logGet(46)) - raft.server.sleep.deviation.threshold = 300ms (default)
2022-10-25 12:15:17,889 [pool-118-thread-1] INFO  server.RaftServer$Division (ServerState.java:<init>(118)) - 0c76121b-7d6b-4708-9ae8-9ff4448060b7@group-76FCB2189D15: ConfigurationManager, init=-1: peers:[0c76121b-7d6b-4708-9ae8-9ff4448060b7|rpc:10.1.1.43:35675|priority:1|startupRole:FOLLOWER]|listeners:[], old=null, confs=<EMPTY_MAP>
2022-10-25 12:15:17,889 [pool-118-thread-1] INFO  server.RaftServerConfigKeys (ConfUtils.java:logGet(46)) - raft.server.storage.dir = [/home/runner/work/ozone/ozone/hadoop-ozone/integration-test/target/test-dir/MiniOzoneClusterImpl-59fd4bbb-78e8-4c50-bd4e-19e5c7f0d0cd/datanode-2/data/ratis] (custom)
2022-10-25 12:15:17,890 [pool-118-thread-1] INFO  server.RaftServerConfigKeys (ConfUtils.java:logGet(46)) - raft.server.log.corruption.policy = EXCEPTION (default)
2022-10-25 12:15:17,890 [pool-118-thread-1] INFO  server.RaftServerConfigKeys (ConfUtils.java:logGet(46)) - raft.server.storage.free-space.min = 0MB (=0) (default)
2022-10-25 12:15:17,890 [pool-118-thread-1] INFO  server.RaftServerConfigKeys (ConfUtils.java:logGet(46)) - raft.server.notification.no-leader.timeout = 300s (custom)
2022-10-25 12:15:17,890 [pool-118-thread-1] INFO  server.RaftServerConfigKeys (ConfUtils.java:logGet(46)) - raft.server.retrycache.expirytime = 600000ms (custom)
2022-10-25 12:15:17,890 [pool-118-thread-1] INFO  server.RaftServerConfigKeys (ConfUtils.java:logGet(46)) - raft.server.retrycache.statistics.expirytime = 100μs (default)
2022-10-25 12:15:17,892 [pool-118-thread-1] INFO  server.RaftServerConfigKeys (ConfUtils.java:logGet(46)) - raft.server.log.appender.install.snapshot.enabled = false (custom)
2022-10-25 12:15:17,892 [pool-118-thread-1] INFO  server.RaftServerConfigKeys (ConfUtils.java:logGet(46)) - raft.server.threadpool.server.cached = true (default)
2022-10-25 12:15:17,892 [pool-118-thread-1] INFO  server.RaftServerConfigKeys (ConfUtils.java:logGet(46)) - raft.server.threadpool.server.size = 0 (default)
2022-10-25 12:15:17,892 [pool-118-thread-1] INFO  server.RaftServerConfigKeys (ConfUtils.java:logGet(46)) - raft.server.threadpool.client.cached = true (default)
2022-10-25 12:15:17,892 [pool-118-thread-1] INFO  server.RaftServerConfigKeys (ConfUtils.java:logGet(46)) - raft.server.threadpool.client.size = 0 (default)
2022-10-25 12:15:17,879 [0c76121b-7d6b-4708-9ae8-9ff4448060b7@group-CE71C629F99F-FollowerState] INFO  server.RaftServerConfigKeys (ConfUtils.java:logFallback(53)) - raft.server.rpc.first-election.timeout.min = 5s (fallback to raft.server.rpc.timeout.min)
2022-10-25 12:15:17,892 [0c76121b-7d6b-4708-9ae8-9ff4448060b7@group-CE71C629F99F-FollowerState] INFO  server.RaftServerConfigKeys (ConfUtils.java:logFallback(53)) - raft.server.rpc.first-election.timeout.max = 5200ms (fallback to raft.server.rpc.timeout.max)
2022-10-25 12:15:17,892 [pool-118-thread-1] INFO  storage.RaftStorageDirectory (RaftStorageDirectoryImpl.java:analyzeStorage(137)) - The storage directory /home/runner/work/ozone/ozone/hadoop-ozone/integration-test/target/test-dir/MiniOzoneClusterImpl-59fd4bbb-78e8-4c50-bd4e-19e5c7f0d0cd/datanode-2/data/ratis/d5d90663-85b3-4dea-b805-76fcb2189d15 does not exist. Creating ...
2022-10-25 12:15:17,894 [pool-118-thread-1] INFO  storage.RaftStorageDirectory (RaftStorageDirectoryImpl.java:tryLock(231)) - Lock on /home/runner/work/ozone/ozone/hadoop-ozone/integration-test/target/test-dir/MiniOzoneClusterImpl-59fd4bbb-78e8-4c50-bd4e-19e5c7f0d0cd/datanode-2/data/ratis/d5d90663-85b3-4dea-b805-76fcb2189d15/in_use.lock acquired by nodename 14024@fv-az82-510
2022-10-25 12:15:17,899 [pool-118-thread-1] INFO  storage.RaftStorage (RaftStorageImpl.java:format(96)) - Storage directory /home/runner/work/ozone/ozone/hadoop-ozone/integration-test/target/test-dir/MiniOzoneClusterImpl-59fd4bbb-78e8-4c50-bd4e-19e5c7f0d0cd/datanode-2/data/ratis/d5d90663-85b3-4dea-b805-76fcb2189d15 has been successfully formatted.
2022-10-25 12:15:17,899 [pool-118-thread-1] INFO  ratis.ContainerStateMachine (ContainerStateMachine.java:loadSnapshot(236)) - group-76FCB2189D15: The snapshot info is null. Setting the last applied indexto:(t:0, i:~)
2022-10-25 12:15:17,900 [pool-118-thread-1] INFO  server.RaftServerConfigKeys (ConfUtils.java:logGet(46)) - raft.server.log.use.memory = false (default)
2022-10-25 12:15:17,900 [pool-118-thread-1] INFO  server.RaftServerConfigKeys (ConfUtils.java:logGet(46)) - raft.server.log.purge.gap = 1000000 (custom)
2022-10-25 12:15:17,900 [pool-118-thread-1] INFO  server.RaftServerConfigKeys (ConfUtils.java:logGet(46)) - raft.server.log.appender.buffer.byte-limit = 33554432 (custom)
2022-10-25 12:15:17,900 [pool-118-thread-1] INFO  server.RaftServerConfigKeys (ConfUtils.java:logGet(46)) - raft.server.log.statemachine.data.read.timeout = 1000ms (default)
2022-10-25 12:15:17,900 [pool-118-thread-1] INFO  server.RaftServerConfigKeys (ConfUtils.java:logGet(46)) - raft.server.log.purge.preservation.log.num = 0 (default)
2022-10-25 12:15:17,900 [pool-118-thread-1] INFO  server.RaftServerConfigKeys (ConfUtils.java:logGet(46)) - raft.server.log.segment.size.max = 1048576 (custom)
2022-10-25 12:15:17,901 [pool-118-thread-1] INFO  server.RaftServerConfigKeys (ConfUtils.java:logGet(46)) - raft.server.log.segment.cache.num.max = 2 (custom)
2022-10-25 12:15:17,901 [pool-118-thread-1] INFO  server.RaftServerConfigKeys (ConfUtils.java:logGet(46)) - raft.server.log.segment.cache.size.max = 200MB (=209715200) (default)
2022-10-25 12:15:17,901 [pool-118-thread-1] INFO  segmented.SegmentedRaftLogWorker (SegmentedRaftLogWorker.java:<init>(191)) - new 0c76121b-7d6b-4708-9ae8-9ff4448060b7@group-76FCB2189D15-SegmentedRaftLogWorker for RaftStorageImpl:Storage Directory /home/runner/work/ozone/ozone/hadoop-ozone/integration-test/target/test-dir/MiniOzoneClusterImpl-59fd4bbb-78e8-4c50-bd4e-19e5c7f0d0cd/datanode-2/data/ratis/d5d90663-85b3-4dea-b805-76fcb2189d15
2022-10-25 12:15:17,901 [pool-118-thread-1] INFO  server.RaftServerConfigKeys (ConfUtils.java:logGet(46)) - raft.server.log.queue.byte-limit = 4294967296 (custom)
2022-10-25 12:15:17,901 [pool-118-thread-1] INFO  server.RaftServerConfigKeys (ConfUtils.java:logGet(46)) - raft.server.log.queue.element-limit = 1024 (custom)
2022-10-25 12:15:17,901 [pool-118-thread-1] INFO  server.RaftServerConfigKeys (ConfUtils.java:logGet(46)) - raft.server.log.segment.size.max = 1048576 (custom)
2022-10-25 12:15:17,901 [pool-118-thread-1] INFO  server.RaftServerConfigKeys (ConfUtils.java:logGet(46)) - raft.server.log.preallocated.size = 16384 (custom)
2022-10-25 12:15:17,901 [pool-118-thread-1] INFO  server.RaftServerConfigKeys (ConfUtils.java:logGet(46)) - raft.server.log.force.sync.num = 128 (default)
2022-10-25 12:15:17,901 [pool-118-thread-1] INFO  server.RaftServerConfigKeys (ConfUtils.java:logGet(46)) - raft.server.log.statemachine.data.sync = true (default)
2022-10-25 12:15:17,902 [pool-118-thread-1] INFO  server.RaftServerConfigKeys (ConfUtils.java:logGet(46)) - raft.server.log.statemachine.data.sync.timeout = 10s (default)
2022-10-25 12:15:17,902 [pool-118-thread-1] INFO  server.RaftServerConfigKeys (ConfUtils.java:logGet(46)) - raft.server.log.statemachine.data.sync.timeout.retry = -1 (default)
2022-10-25 12:15:17,903 [pool-118-thread-1] INFO  server.RaftServerConfigKeys (ConfUtils.java:logGet(46)) - raft.server.log.write.buffer.size = 1048576 (custom)
2022-10-25 12:15:17,903 [pool-118-thread-1] INFO  server.RaftServerConfigKeys (ConfUtils.java:logGet(46)) - raft.server.log.unsafe-flush.enabled = false (default)
2022-10-25 12:15:17,903 [pool-118-thread-1] INFO  server.RaftServerConfigKeys (ConfUtils.java:logGet(46)) - raft.server.log.async-flush.enabled = false (default)
2022-10-25 12:15:17,903 [pool-118-thread-1] INFO  server.RaftServerConfigKeys (ConfUtils.java:logGet(46)) - raft.server.log.statemachine.data.caching.enabled = true (custom)
2022-10-25 12:15:17,904 [pool-118-thread-1] INFO  segmented.SegmentedRaftLogWorker (SegmentedRaftLogWorker.java:lambda$new$0(136)) - 0c76121b-7d6b-4708-9ae8-9ff4448060b7@group-76FCB2189D15-SegmentedRaftLogWorker: flushIndex: setUnconditionally 0 -> -1
2022-10-25 12:15:17,904 [pool-118-thread-1] INFO  segmented.SegmentedRaftLogWorker (SegmentedRaftLogWorker.java:lambda$new$0(136)) - 0c76121b-7d6b-4708-9ae8-9ff4448060b7@group-76FCB2189D15-SegmentedRaftLogWorker: safeCacheEvictIndex: setUnconditionally 0 -> -1
2022-10-25 12:15:17,917 [EventQueue-PipelineReportForPipelineReportHandler] INFO  pipeline.PipelineManagerImpl (PipelineManagerImpl.java:openPipeline(367)) - Pipeline Pipeline[ Id: d5d90663-85b3-4dea-b805-76fcb2189d15, Nodes: 0c76121b-7d6b-4708-9ae8-9ff4448060b7{ip: 10.1.1.43, host: fv-az82-510.ou3itxwc2spe5nxnxxppousbrf.dx.internal.cloudapp.net, ports: [REPLICATION=39861, RATIS=35675, RATIS_ADMIN=35675, RATIS_SERVER=35675, STANDALONE=32975], networkLocation: /default-rack, certSerialId: null, persistedOpState: IN_SERVICE, persistedOpStateExpiryEpochSec: 0}, ReplicationConfig: RATIS/ONE, State:ALLOCATED, leaderId:0c76121b-7d6b-4708-9ae8-9ff4448060b7, CreationTimestamp2022-10-25T12:15:14.883Z[Etc/UTC]] moved to OPEN state
2022-10-25 12:15:17,918 [EventQueue-OpenPipelineForHealthyPipelineSafeModeRule] INFO  safemode.SCMSafeModeManager (HealthyPipelineSafeModeRule.java:process(137)) - SCM in safe mode. Healthy pipelines reported count is 0, required healthy pipeline reported count is 1
2022-10-25 12:15:17,920 [pool-118-thread-1] INFO  server.RaftServer$Division (RaftServerImpl.java:start(334)) - 0c76121b-7d6b-4708-9ae8-9ff4448060b7@group-76FCB2189D15: start as a follower, conf=-1: peers:[0c76121b-7d6b-4708-9ae8-9ff4448060b7|rpc:10.1.1.43:35675|priority:1|startupRole:FOLLOWER]|listeners:[], old=null
2022-10-25 12:15:17,924 [pool-118-thread-1] INFO  server.RaftServer$Division (RaftServerImpl.java:setRole(321)) - 0c76121b-7d6b-4708-9ae8-9ff4448060b7@group-76FCB2189D15: changes role from      null to FOLLOWER at term 0 for startAsFollower
2022-10-25 12:15:17,924 [pool-118-thread-1] INFO  impl.RoleInfo (RoleInfo.java:updateAndGet(139)) - 0c76121b-7d6b-4708-9ae8-9ff4448060b7: start 0c76121b-7d6b-4708-9ae8-9ff4448060b7@group-76FCB2189D15-FollowerState
2022-10-25 12:15:17,929 [pool-118-thread-1] INFO  util.JmxRegister (JmxRegister.java:tryRegister(44)) - Successfully registered JMX Bean with object name Ratis:service=RaftServer,group=group-76FCB2189D15,id=0c76121b-7d6b-4708-9ae8-9ff4448060b7
2022-10-25 12:15:17,929 [pool-118-thread-1] INFO  server.RaftServerConfigKeys (ConfUtils.java:logGet(46)) - raft.server.snapshot.auto.trigger.enabled = true (custom)
2022-10-25 12:15:17,929 [pool-118-thread-1] INFO  server.RaftServerConfigKeys (ConfUtils.java:logGet(46)) - raft.server.snapshot.auto.trigger.threshold = 10000 (custom)
2022-10-25 12:15:17,930 [pool-118-thread-1] INFO  server.RaftServerConfigKeys (ConfUtils.java:logGet(46)) - raft.server.snapshot.retention.file.num = 5 (custom)
2022-10-25 12:15:17,930 [pool-118-thread-1] INFO  server.RaftServerConfigKeys (ConfUtils.java:logGet(46)) - raft.server.log.purge.upto.snapshot.index = false (default)
2022-10-25 12:15:17,930 [0c76121b-7d6b-4708-9ae8-9ff4448060b7@group-76FCB2189D15-FollowerState] INFO  server.RaftServerConfigKeys (ConfUtils.java:logFallback(53)) - raft.server.rpc.first-election.timeout.min = 5s (fallback to raft.server.rpc.timeout.min)
2022-10-25 12:15:17,931 [0c76121b-7d6b-4708-9ae8-9ff4448060b7@group-76FCB2189D15-FollowerState] INFO  server.RaftServerConfigKeys (ConfUtils.java:logFallback(53)) - raft.server.rpc.first-election.timeout.max = 5200ms (fallback to raft.server.rpc.timeout.max)
2022-10-25 12:15:17,933 [Command processor thread] INFO  ratis.XceiverServerRatis (XceiverServerRatis.java:addGroup(765)) - Created group PipelineID=d5d90663-85b3-4dea-b805-76fcb2189d15
2022-10-25 12:15:17,933 [Command processor thread] INFO  commandhandler.CreatePipelineCommandHandler (CreatePipelineCommandHandler.java:handle(113)) - Created Pipeline RATIS ONE PipelineID=d5d90663-85b3-4dea-b805-76fcb2189d15.
2022-10-25 12:15:17,987 [Command processor thread] INFO  commandhandler.CreatePipelineCommandHandler (CreatePipelineCommandHandler.java:handle(113)) - Created Pipeline RATIS THREE PipelineID=c23ad605-34aa-4467-b59d-ce71c629f99f.
2022-10-25 12:15:17,993 [Command processor thread] INFO  commandhandler.CreatePipelineCommandHandler (CreatePipelineCommandHandler.java:handle(113)) - Created Pipeline RATIS THREE PipelineID=c23ad605-34aa-4467-b59d-ce71c629f99f.
2022-10-25 12:15:18,258 [Command processor thread] INFO  server.RaftServer (RaftServerProxy.java:addNew(96)) - be21c5c4-321c-411e-8ca9-5bb5909d110b: addNew group-7436307844CD:[be21c5c4-321c-411e-8ca9-5bb5909d110b|rpc:10.1.1.43:34703|priority:1|startupRole:FOLLOWER] returns group-7436307844CD:java.util.concurrent.CompletableFuture@3d3ea128[Not completed]
2022-10-25 12:15:18,262 [pool-141-thread-1] INFO  server.RaftServer$Division (RaftServerImpl.java:<init>(195)) - be21c5c4-321c-411e-8ca9-5bb5909d110b: new RaftServerImpl for group-7436307844CD:[be21c5c4-321c-411e-8ca9-5bb5909d110b|rpc:10.1.1.43:34703|priority:1|startupRole:FOLLOWER] with ContainerStateMachine:uninitialized
2022-10-25 12:15:18,262 [pool-141-thread-1] INFO  server.RaftServerConfigKeys (ConfUtils.java:logGet(46)) - raft.server.rpc.timeout.min = 5s (custom)
2022-10-25 12:15:18,262 [pool-141-thread-1] INFO  server.RaftServerConfigKeys (ConfUtils.java:logGet(46)) - raft.server.rpc.timeout.max = 5200ms (custom)
2022-10-25 12:15:18,262 [pool-141-thread-1] INFO  server.RaftServerConfigKeys (ConfUtils.java:logGet(46)) - raft.server.rpc.sleep.time = 25ms (default)
2022-10-25 12:15:18,262 [pool-141-thread-1] INFO  server.RaftServerConfigKeys (ConfUtils.java:logGet(46)) - raft.server.rpc.slowness.timeout = 300s (custom)
2022-10-25 12:15:18,263 [pool-141-thread-1] INFO  server.RaftServerConfigKeys (ConfUtils.java:logGet(46)) - raft.server.leaderelection.leader.step-down.wait-time = 10s (default)
2022-10-25 12:15:18,263 [pool-141-thread-1] INFO  server.RaftServerConfigKeys (ConfUtils.java:logGet(46)) - raft.server.sleep.deviation.threshold = 300ms (default)
2022-10-25 12:15:18,263 [pool-141-thread-1] INFO  server.RaftServer$Division (ServerState.java:<init>(118)) - be21c5c4-321c-411e-8ca9-5bb5909d110b@group-7436307844CD: ConfigurationManager, init=-1: peers:[be21c5c4-321c-411e-8ca9-5bb5909d110b|rpc:10.1.1.43:34703|priority:1|startupRole:FOLLOWER]|listeners:[], old=null, confs=<EMPTY_MAP>
2022-10-25 12:15:18,263 [pool-141-thread-1] INFO  server.RaftServerConfigKeys (ConfUtils.java:logGet(46)) - raft.server.storage.dir = [/home/runner/work/ozone/ozone/hadoop-ozone/integration-test/target/test-dir/MiniOzoneClusterImpl-59fd4bbb-78e8-4c50-bd4e-19e5c7f0d0cd/datanode-3/data/ratis] (custom)
2022-10-25 12:15:18,265 [pool-141-thread-1] INFO  server.RaftServerConfigKeys (ConfUtils.java:logGet(46)) - raft.server.log.corruption.policy = EXCEPTION (default)
2022-10-25 12:15:18,265 [pool-141-thread-1] INFO  server.RaftServerConfigKeys (ConfUtils.java:logGet(46)) - raft.server.storage.free-space.min = 0MB (=0) (default)
2022-10-25 12:15:18,265 [pool-141-thread-1] INFO  server.RaftServerConfigKeys (ConfUtils.java:logGet(46)) - raft.server.notification.no-leader.timeout = 300s (custom)
2022-10-25 12:15:18,265 [pool-141-thread-1] INFO  server.RaftServerConfigKeys (ConfUtils.java:logGet(46)) - raft.server.retrycache.expirytime = 600000ms (custom)
2022-10-25 12:15:18,265 [pool-141-thread-1] INFO  server.RaftServerConfigKeys (ConfUtils.java:logGet(46)) - raft.server.retrycache.statistics.expirytime = 100μs (default)
2022-10-25 12:15:18,268 [pool-141-thread-1] INFO  server.RaftServerConfigKeys (ConfUtils.java:logGet(46)) - raft.server.log.appender.install.snapshot.enabled = false (custom)
2022-10-25 12:15:18,269 [pool-141-thread-1] INFO  server.RaftServerConfigKeys (ConfUtils.java:logGet(46)) - raft.server.threadpool.server.cached = true (default)
2022-10-25 12:15:18,269 [pool-141-thread-1] INFO  server.RaftServerConfigKeys (ConfUtils.java:logGet(46)) - raft.server.threadpool.server.size = 0 (default)
2022-10-25 12:15:18,269 [pool-141-thread-1] INFO  server.RaftServerConfigKeys (ConfUtils.java:logGet(46)) - raft.server.threadpool.client.cached = true (default)
2022-10-25 12:15:18,269 [pool-141-thread-1] INFO  server.RaftServerConfigKeys (ConfUtils.java:logGet(46)) - raft.server.threadpool.client.size = 0 (default)
2022-10-25 12:15:18,269 [pool-141-thread-1] INFO  storage.RaftStorageDirectory (RaftStorageDirectoryImpl.java:analyzeStorage(137)) - The storage directory /home/runner/work/ozone/ozone/hadoop-ozone/integration-test/target/test-dir/MiniOzoneClusterImpl-59fd4bbb-78e8-4c50-bd4e-19e5c7f0d0cd/datanode-3/data/ratis/dde74bf9-b4df-4c8b-bcf2-7436307844cd does not exist. Creating ...
2022-10-25 12:15:18,271 [pool-141-thread-1] INFO  storage.RaftStorageDirectory (RaftStorageDirectoryImpl.java:tryLock(231)) - Lock on /home/runner/work/ozone/ozone/hadoop-ozone/integration-test/target/test-dir/MiniOzoneClusterImpl-59fd4bbb-78e8-4c50-bd4e-19e5c7f0d0cd/datanode-3/data/ratis/dde74bf9-b4df-4c8b-bcf2-7436307844cd/in_use.lock acquired by nodename 14024@fv-az82-510
2022-10-25 12:15:18,272 [pool-141-thread-1] INFO  storage.RaftStorage (RaftStorageImpl.java:format(96)) - Storage directory /home/runner/work/ozone/ozone/hadoop-ozone/integration-test/target/test-dir/MiniOzoneClusterImpl-59fd4bbb-78e8-4c50-bd4e-19e5c7f0d0cd/datanode-3/data/ratis/dde74bf9-b4df-4c8b-bcf2-7436307844cd has been successfully formatted.
2022-10-25 12:15:18,272 [pool-141-thread-1] INFO  ratis.ContainerStateMachine (ContainerStateMachine.java:loadSnapshot(236)) - group-7436307844CD: The snapshot info is null. Setting the last applied indexto:(t:0, i:~)
2022-10-25 12:15:18,272 [pool-141-thread-1] INFO  server.RaftServerConfigKeys (ConfUtils.java:logGet(46)) - raft.server.log.use.memory = false (default)
2022-10-25 12:15:18,273 [pool-141-thread-1] INFO  server.RaftServerConfigKeys (ConfUtils.java:logGet(46)) - raft.server.log.purge.gap = 1000000 (custom)
2022-10-25 12:15:18,273 [pool-141-thread-1] INFO  server.RaftServerConfigKeys (ConfUtils.java:logGet(46)) - raft.server.log.appender.buffer.byte-limit = 33554432 (custom)
2022-10-25 12:15:18,273 [pool-141-thread-1] INFO  server.RaftServerConfigKeys (ConfUtils.java:logGet(46)) - raft.server.log.statemachine.data.read.timeout = 1000ms (default)
2022-10-25 12:15:18,273 [pool-141-thread-1] INFO  server.RaftServerConfigKeys (ConfUtils.java:logGet(46)) - raft.server.log.purge.preservation.log.num = 0 (default)
2022-10-25 12:15:18,273 [pool-141-thread-1] INFO  server.RaftServerConfigKeys (ConfUtils.java:logGet(46)) - raft.server.log.segment.size.max = 1048576 (custom)
2022-10-25 12:15:18,274 [pool-141-thread-1] INFO  server.RaftServerConfigKeys (ConfUtils.java:logGet(46)) - raft.server.log.segment.cache.num.max = 2 (custom)
2022-10-25 12:15:18,274 [pool-141-thread-1] INFO  server.RaftServerConfigKeys (ConfUtils.java:logGet(46)) - raft.server.log.segment.cache.size.max = 200MB (=209715200) (default)
2022-10-25 12:15:18,274 [pool-141-thread-1] INFO  segmented.SegmentedRaftLogWorker (SegmentedRaftLogWorker.java:<init>(191)) - new be21c5c4-321c-411e-8ca9-5bb5909d110b@group-7436307844CD-SegmentedRaftLogWorker for RaftStorageImpl:Storage Directory /home/runner/work/ozone/ozone/hadoop-ozone/integration-test/target/test-dir/MiniOzoneClusterImpl-59fd4bbb-78e8-4c50-bd4e-19e5c7f0d0cd/datanode-3/data/ratis/dde74bf9-b4df-4c8b-bcf2-7436307844cd
2022-10-25 12:15:18,274 [pool-141-thread-1] INFO  server.RaftServerConfigKeys (ConfUtils.java:logGet(46)) - raft.server.log.queue.byte-limit = 4294967296 (custom)
2022-10-25 12:15:18,274 [pool-141-thread-1] INFO  server.RaftServerConfigKeys (ConfUtils.java:logGet(46)) - raft.server.log.queue.element-limit = 1024 (custom)
2022-10-25 12:15:18,274 [pool-141-thread-1] INFO  server.RaftServerConfigKeys (ConfUtils.java:logGet(46)) - raft.server.log.segment.size.max = 1048576 (custom)
2022-10-25 12:15:18,274 [pool-141-thread-1] INFO  server.RaftServerConfigKeys (ConfUtils.java:logGet(46)) - raft.server.log.preallocated.size = 16384 (custom)
2022-10-25 12:15:18,274 [pool-141-thread-1] INFO  server.RaftServerConfigKeys (ConfUtils.java:logGet(46)) - raft.server.log.force.sync.num = 128 (default)
2022-10-25 12:15:18,275 [pool-141-thread-1] INFO  server.RaftServerConfigKeys (ConfUtils.java:logGet(46)) - raft.server.log.statemachine.data.sync = true (default)
2022-10-25 12:15:18,275 [pool-141-thread-1] INFO  server.RaftServerConfigKeys (ConfUtils.java:logGet(46)) - raft.server.log.statemachine.data.sync.timeout = 10s (default)
2022-10-25 12:15:18,275 [pool-141-thread-1] INFO  server.RaftServerConfigKeys (ConfUtils.java:logGet(46)) - raft.server.log.statemachine.data.sync.timeout.retry = -1 (default)
2022-10-25 12:15:18,286 [EventQueue-PipelineReportForPipelineReportHandler] INFO  pipeline.PipelineManagerImpl (PipelineManagerImpl.java:openPipeline(367)) - Pipeline Pipeline[ Id: dde74bf9-b4df-4c8b-bcf2-7436307844cd, Nodes: be21c5c4-321c-411e-8ca9-5bb5909d110b{ip: 10.1.1.43, host: fv-az82-510.ou3itxwc2spe5nxnxxppousbrf.dx.internal.cloudapp.net, ports: [REPLICATION=34441, RATIS=34703, RATIS_ADMIN=34703, RATIS_SERVER=34703, STANDALONE=38509], networkLocation: /default-rack, certSerialId: null, persistedOpState: IN_SERVICE, persistedOpStateExpiryEpochSec: 0}, ReplicationConfig: RATIS/ONE, State:ALLOCATED, leaderId:be21c5c4-321c-411e-8ca9-5bb5909d110b, CreationTimestamp2022-10-25T12:15:15.260Z[Etc/UTC]] moved to OPEN state
2022-10-25 12:15:18,287 [EventQueue-OpenPipelineForHealthyPipelineSafeModeRule] INFO  safemode.SCMSafeModeManager (HealthyPipelineSafeModeRule.java:process(137)) - SCM in safe mode. Healthy pipelines reported count is 0, required healthy pipeline reported count is 1
2022-10-25 12:15:18,287 [pool-141-thread-1] INFO  server.RaftServerConfigKeys (ConfUtils.java:logGet(46)) - raft.server.log.write.buffer.size = 1048576 (custom)
2022-10-25 12:15:18,289 [pool-141-thread-1] INFO  server.RaftServerConfigKeys (ConfUtils.java:logGet(46)) - raft.server.log.unsafe-flush.enabled = false (default)
2022-10-25 12:15:18,289 [pool-141-thread-1] INFO  server.RaftServerConfigKeys (ConfUtils.java:logGet(46)) - raft.server.log.async-flush.enabled = false (default)
2022-10-25 12:15:18,289 [pool-141-thread-1] INFO  server.RaftServerConfigKeys (ConfUtils.java:logGet(46)) - raft.server.log.statemachine.data.caching.enabled = true (custom)
2022-10-25 12:15:18,289 [pool-141-thread-1] INFO  segmented.SegmentedRaftLogWorker (SegmentedRaftLogWorker.java:lambda$new$0(136)) - be21c5c4-321c-411e-8ca9-5bb5909d110b@group-7436307844CD-SegmentedRaftLogWorker: flushIndex: setUnconditionally 0 -> -1
2022-10-25 12:15:18,289 [pool-141-thread-1] INFO  segmented.SegmentedRaftLogWorker (SegmentedRaftLogWorker.java:lambda$new$0(136)) - be21c5c4-321c-411e-8ca9-5bb5909d110b@group-7436307844CD-SegmentedRaftLogWorker: safeCacheEvictIndex: setUnconditionally 0 -> -1
2022-10-25 12:15:18,290 [pool-141-thread-1] INFO  server.RaftServer$Division (RaftServerImpl.java:start(334)) - be21c5c4-321c-411e-8ca9-5bb5909d110b@group-7436307844CD: start as a follower, conf=-1: peers:[be21c5c4-321c-411e-8ca9-5bb5909d110b|rpc:10.1.1.43:34703|priority:1|startupRole:FOLLOWER]|listeners:[], old=null
2022-10-25 12:15:18,290 [pool-141-thread-1] INFO  server.RaftServer$Division (RaftServerImpl.java:setRole(321)) - be21c5c4-321c-411e-8ca9-5bb5909d110b@group-7436307844CD: changes role from      null to FOLLOWER at term 0 for startAsFollower
2022-10-25 12:15:18,290 [pool-141-thread-1] INFO  impl.RoleInfo (RoleInfo.java:updateAndGet(139)) - be21c5c4-321c-411e-8ca9-5bb5909d110b: start be21c5c4-321c-411e-8ca9-5bb5909d110b@group-7436307844CD-FollowerState
2022-10-25 12:15:18,290 [pool-141-thread-1] INFO  util.JmxRegister (JmxRegister.java:tryRegister(44)) - Successfully registered JMX Bean with object name Ratis:service=RaftServer,group=group-7436307844CD,id=be21c5c4-321c-411e-8ca9-5bb5909d110b
2022-10-25 12:15:18,290 [pool-141-thread-1] INFO  server.RaftServerConfigKeys (ConfUtils.java:logGet(46)) - raft.server.snapshot.auto.trigger.enabled = true (custom)
2022-10-25 12:15:18,290 [pool-141-thread-1] INFO  server.RaftServerConfigKeys (ConfUtils.java:logGet(46)) - raft.server.snapshot.auto.trigger.threshold = 10000 (custom)
2022-10-25 12:15:18,290 [pool-141-thread-1] INFO  server.RaftServerConfigKeys (ConfUtils.java:logGet(46)) - raft.server.snapshot.retention.file.num = 5 (custom)
2022-10-25 12:15:18,290 [pool-141-thread-1] INFO  server.RaftServerConfigKeys (ConfUtils.java:logGet(46)) - raft.server.log.purge.upto.snapshot.index = false (default)
2022-10-25 12:15:18,291 [be21c5c4-321c-411e-8ca9-5bb5909d110b@group-7436307844CD-FollowerState] INFO  server.RaftServerConfigKeys (ConfUtils.java:logFallback(53)) - raft.server.rpc.first-election.timeout.min = 5s (fallback to raft.server.rpc.timeout.min)
2022-10-25 12:15:18,291 [be21c5c4-321c-411e-8ca9-5bb5909d110b@group-7436307844CD-FollowerState] INFO  server.RaftServerConfigKeys (ConfUtils.java:logFallback(53)) - raft.server.rpc.first-election.timeout.max = 5200ms (fallback to raft.server.rpc.timeout.max)
2022-10-25 12:15:18,296 [Command processor thread] INFO  ratis.XceiverServerRatis (XceiverServerRatis.java:addGroup(765)) - Created group PipelineID=dde74bf9-b4df-4c8b-bcf2-7436307844cd
2022-10-25 12:15:18,296 [Command processor thread] INFO  commandhandler.CreatePipelineCommandHandler (CreatePipelineCommandHandler.java:handle(113)) - Created Pipeline RATIS ONE PipelineID=dde74bf9-b4df-4c8b-bcf2-7436307844cd.
2022-10-25 12:15:18,296 [Command processor thread] INFO  server.RaftServer (RaftServerProxy.java:addNew(96)) - be21c5c4-321c-411e-8ca9-5bb5909d110b: addNew group-5EAD7F5BC067:[be21c5c4-321c-411e-8ca9-5bb5909d110b|rpc:10.1.1.43:34703|priority:0|startupRole:FOLLOWER, d4065fed-2d66-41be-989b-4bd24a4f6517|rpc:10.1.1.43:33373|priority:1|startupRole:FOLLOWER, 6ce03c57-5430-4ab1-bf83-fb555d2de968|rpc:10.1.1.43:33579|priority:0|startupRole:FOLLOWER] returns group-5EAD7F5BC067:java.util.concurrent.CompletableFuture@39013257[Not completed]
2022-10-25 12:15:18,297 [pool-141-thread-1] INFO  server.RaftServer$Division (RaftServerImpl.java:<init>(195)) - be21c5c4-321c-411e-8ca9-5bb5909d110b: new RaftServerImpl for group-5EAD7F5BC067:[be21c5c4-321c-411e-8ca9-5bb5909d110b|rpc:10.1.1.43:34703|priority:0|startupRole:FOLLOWER, d4065fed-2d66-41be-989b-4bd24a4f6517|rpc:10.1.1.43:33373|priority:1|startupRole:FOLLOWER, 6ce03c57-5430-4ab1-bf83-fb555d2de968|rpc:10.1.1.43:33579|priority:0|startupRole:FOLLOWER] with ContainerStateMachine:uninitialized
2022-10-25 12:15:18,298 [pool-141-thread-1] INFO  server.RaftServerConfigKeys (ConfUtils.java:logGet(46)) - raft.server.rpc.timeout.min = 5s (custom)
2022-10-25 12:15:18,298 [pool-141-thread-1] INFO  server.RaftServerConfigKeys (ConfUtils.java:logGet(46)) - raft.server.rpc.timeout.max = 5200ms (custom)
2022-10-25 12:15:18,298 [pool-141-thread-1] INFO  server.RaftServerConfigKeys (ConfUtils.java:logGet(46)) - raft.server.rpc.sleep.time = 25ms (default)
2022-10-25 12:15:18,298 [pool-141-thread-1] INFO  server.RaftServerConfigKeys (ConfUtils.java:logGet(46)) - raft.server.rpc.slowness.timeout = 300s (custom)
2022-10-25 12:15:18,298 [pool-141-thread-1] INFO  server.RaftServerConfigKeys (ConfUtils.java:logGet(46)) - raft.server.leaderelection.leader.step-down.wait-time = 10s (default)
2022-10-25 12:15:18,298 [pool-141-thread-1] INFO  server.RaftServerConfigKeys (ConfUtils.java:logGet(46)) - raft.server.sleep.deviation.threshold = 300ms (default)
2022-10-25 12:15:18,298 [pool-141-thread-1] INFO  server.RaftServer$Division (ServerState.java:<init>(118)) - be21c5c4-321c-411e-8ca9-5bb5909d110b@group-5EAD7F5BC067: ConfigurationManager, init=-1: peers:[be21c5c4-321c-411e-8ca9-5bb5909d110b|rpc:10.1.1.43:34703|priority:0|startupRole:FOLLOWER, d4065fed-2d66-41be-989b-4bd24a4f6517|rpc:10.1.1.43:33373|priority:1|startupRole:FOLLOWER, 6ce03c57-5430-4ab1-bf83-fb555d2de968|rpc:10.1.1.43:33579|priority:0|startupRole:FOLLOWER]|listeners:[], old=null, confs=<EMPTY_MAP>
2022-10-25 12:15:18,298 [pool-141-thread-1] INFO  server.RaftServerConfigKeys (ConfUtils.java:logGet(46)) - raft.server.storage.dir = [/home/runner/work/ozone/ozone/hadoop-ozone/integration-test/target/test-dir/MiniOzoneClusterImpl-59fd4bbb-78e8-4c50-bd4e-19e5c7f0d0cd/datanode-3/data/ratis] (custom)
2022-10-25 12:15:18,298 [pool-141-thread-1] INFO  server.RaftServerConfigKeys (ConfUtils.java:logGet(46)) - raft.server.log.corruption.policy = EXCEPTION (default)
2022-10-25 12:15:18,298 [pool-141-thread-1] INFO  server.RaftServerConfigKeys (ConfUtils.java:logGet(46)) - raft.server.storage.free-space.min = 0MB (=0) (default)
2022-10-25 12:15:18,299 [pool-141-thread-1] INFO  server.RaftServerConfigKeys (ConfUtils.java:logGet(46)) - raft.server.notification.no-leader.timeout = 300s (custom)
2022-10-25 12:15:18,299 [pool-141-thread-1] INFO  server.RaftServerConfigKeys (ConfUtils.java:logGet(46)) - raft.server.retrycache.expirytime = 600000ms (custom)
2022-10-25 12:15:18,299 [pool-141-thread-1] INFO  server.RaftServerConfigKeys (ConfUtils.java:logGet(46)) - raft.server.retrycache.statistics.expirytime = 100μs (default)
2022-10-25 12:15:18,300 [pool-141-thread-1] INFO  server.RaftServerConfigKeys (ConfUtils.java:logGet(46)) - raft.server.log.appender.install.snapshot.enabled = false (custom)
2022-10-25 12:15:18,300 [pool-141-thread-1] INFO  server.RaftServerConfigKeys (ConfUtils.java:logGet(46)) - raft.server.threadpool.server.cached = true (default)
2022-10-25 12:15:18,300 [pool-141-thread-1] INFO  server.RaftServerConfigKeys (ConfUtils.java:logGet(46)) - raft.server.threadpool.server.size = 0 (default)
2022-10-25 12:15:18,300 [pool-141-thread-1] INFO  server.RaftServerConfigKeys (ConfUtils.java:logGet(46)) - raft.server.threadpool.client.cached = true (default)
2022-10-25 12:15:18,300 [pool-141-thread-1] INFO  server.RaftServerConfigKeys (ConfUtils.java:logGet(46)) - raft.server.threadpool.client.size = 0 (default)
2022-10-25 12:15:18,301 [pool-141-thread-1] INFO  storage.RaftStorageDirectory (RaftStorageDirectoryImpl.java:analyzeStorage(137)) - The storage directory /home/runner/work/ozone/ozone/hadoop-ozone/integration-test/target/test-dir/MiniOzoneClusterImpl-59fd4bbb-78e8-4c50-bd4e-19e5c7f0d0cd/datanode-3/data/ratis/46fbd23a-91f8-4d0e-a109-5ead7f5bc067 does not exist. Creating ...
2022-10-25 12:15:18,303 [pool-141-thread-1] INFO  storage.RaftStorageDirectory (RaftStorageDirectoryImpl.java:tryLock(231)) - Lock on /home/runner/work/ozone/ozone/hadoop-ozone/integration-test/target/test-dir/MiniOzoneClusterImpl-59fd4bbb-78e8-4c50-bd4e-19e5c7f0d0cd/datanode-3/data/ratis/46fbd23a-91f8-4d0e-a109-5ead7f5bc067/in_use.lock acquired by nodename 14024@fv-az82-510
2022-10-25 12:15:18,304 [pool-141-thread-1] INFO  storage.RaftStorage (RaftStorageImpl.java:format(96)) - Storage directory /home/runner/work/ozone/ozone/hadoop-ozone/integration-test/target/test-dir/MiniOzoneClusterImpl-59fd4bbb-78e8-4c50-bd4e-19e5c7f0d0cd/datanode-3/data/ratis/46fbd23a-91f8-4d0e-a109-5ead7f5bc067 has been successfully formatted.
2022-10-25 12:15:18,305 [pool-141-thread-1] INFO  ratis.ContainerStateMachine (ContainerStateMachine.java:loadSnapshot(236)) - group-5EAD7F5BC067: The snapshot info is null. Setting the last applied indexto:(t:0, i:~)
2022-10-25 12:15:18,305 [pool-141-thread-1] INFO  server.RaftServerConfigKeys (ConfUtils.java:logGet(46)) - raft.server.log.use.memory = false (default)
2022-10-25 12:15:18,305 [pool-141-thread-1] INFO  server.RaftServerConfigKeys (ConfUtils.java:logGet(46)) - raft.server.log.purge.gap = 1000000 (custom)
2022-10-25 12:15:18,305 [pool-141-thread-1] INFO  server.RaftServerConfigKeys (ConfUtils.java:logGet(46)) - raft.server.log.appender.buffer.byte-limit = 33554432 (custom)
2022-10-25 12:15:18,305 [pool-141-thread-1] INFO  server.RaftServerConfigKeys (ConfUtils.java:logGet(46)) - raft.server.log.statemachine.data.read.timeout = 1000ms (default)
2022-10-25 12:15:18,305 [pool-141-thread-1] INFO  server.RaftServerConfigKeys (ConfUtils.java:logGet(46)) - raft.server.log.purge.preservation.log.num = 0 (default)
2022-10-25 12:15:18,305 [pool-141-thread-1] INFO  server.RaftServerConfigKeys (ConfUtils.java:logGet(46)) - raft.server.log.segment.size.max = 1048576 (custom)
2022-10-25 12:15:18,306 [pool-141-thread-1] INFO  server.RaftServerConfigKeys (ConfUtils.java:logGet(46)) - raft.server.log.segment.cache.num.max = 2 (custom)
2022-10-25 12:15:18,306 [pool-141-thread-1] INFO  server.RaftServerConfigKeys (ConfUtils.java:logGet(46)) - raft.server.log.segment.cache.size.max = 200MB (=209715200) (default)
2022-10-25 12:15:18,306 [pool-141-thread-1] INFO  segmented.SegmentedRaftLogWorker (SegmentedRaftLogWorker.java:<init>(191)) - new be21c5c4-321c-411e-8ca9-5bb5909d110b@group-5EAD7F5BC067-SegmentedRaftLogWorker for RaftStorageImpl:Storage Directory /home/runner/work/ozone/ozone/hadoop-ozone/integration-test/target/test-dir/MiniOzoneClusterImpl-59fd4bbb-78e8-4c50-bd4e-19e5c7f0d0cd/datanode-3/data/ratis/46fbd23a-91f8-4d0e-a109-5ead7f5bc067
2022-10-25 12:15:18,306 [pool-141-thread-1] INFO  server.RaftServerConfigKeys (ConfUtils.java:logGet(46)) - raft.server.log.queue.byte-limit = 4294967296 (custom)
2022-10-25 12:15:18,306 [pool-141-thread-1] INFO  server.RaftServerConfigKeys (ConfUtils.java:logGet(46)) - raft.server.log.queue.element-limit = 1024 (custom)
2022-10-25 12:15:18,306 [pool-141-thread-1] INFO  server.RaftServerConfigKeys (ConfUtils.java:logGet(46)) - raft.server.log.segment.size.max = 1048576 (custom)
2022-10-25 12:15:18,306 [pool-141-thread-1] INFO  server.RaftServerConfigKeys (ConfUtils.java:logGet(46)) - raft.server.log.preallocated.size = 16384 (custom)
2022-10-25 12:15:18,306 [pool-141-thread-1] INFO  server.RaftServerConfigKeys (ConfUtils.java:logGet(46)) - raft.server.log.force.sync.num = 128 (default)
2022-10-25 12:15:18,307 [pool-141-thread-1] INFO  server.RaftServerConfigKeys (ConfUtils.java:logGet(46)) - raft.server.log.statemachine.data.sync = true (default)
2022-10-25 12:15:18,307 [pool-141-thread-1] INFO  server.RaftServerConfigKeys (ConfUtils.java:logGet(46)) - raft.server.log.statemachine.data.sync.timeout = 10s (default)
2022-10-25 12:15:18,307 [pool-141-thread-1] INFO  server.RaftServerConfigKeys (ConfUtils.java:logGet(46)) - raft.server.log.statemachine.data.sync.timeout.retry = -1 (default)
2022-10-25 12:15:18,308 [pool-141-thread-1] INFO  server.RaftServerConfigKeys (ConfUtils.java:logGet(46)) - raft.server.log.write.buffer.size = 1048576 (custom)
2022-10-25 12:15:18,309 [pool-141-thread-1] INFO  server.RaftServerConfigKeys (ConfUtils.java:logGet(46)) - raft.server.log.unsafe-flush.enabled = false (default)
2022-10-25 12:15:18,309 [pool-141-thread-1] INFO  server.RaftServerConfigKeys (ConfUtils.java:logGet(46)) - raft.server.log.async-flush.enabled = false (default)
2022-10-25 12:15:18,309 [pool-141-thread-1] INFO  server.RaftServerConfigKeys (ConfUtils.java:logGet(46)) - raft.server.log.statemachine.data.caching.enabled = true (custom)
2022-10-25 12:15:18,310 [pool-141-thread-1] INFO  segmented.SegmentedRaftLogWorker (SegmentedRaftLogWorker.java:lambda$new$0(136)) - be21c5c4-321c-411e-8ca9-5bb5909d110b@group-5EAD7F5BC067-SegmentedRaftLogWorker: flushIndex: setUnconditionally 0 -> -1
2022-10-25 12:15:18,310 [pool-141-thread-1] INFO  segmented.SegmentedRaftLogWorker (SegmentedRaftLogWorker.java:lambda$new$0(136)) - be21c5c4-321c-411e-8ca9-5bb5909d110b@group-5EAD7F5BC067-SegmentedRaftLogWorker: safeCacheEvictIndex: setUnconditionally 0 -> -1
2022-10-25 12:15:18,311 [pool-141-thread-1] INFO  server.RaftServer$Division (RaftServerImpl.java:start(334)) - be21c5c4-321c-411e-8ca9-5bb5909d110b@group-5EAD7F5BC067: start as a follower, conf=-1: peers:[be21c5c4-321c-411e-8ca9-5bb5909d110b|rpc:10.1.1.43:34703|priority:0|startupRole:FOLLOWER, d4065fed-2d66-41be-989b-4bd24a4f6517|rpc:10.1.1.43:33373|priority:1|startupRole:FOLLOWER, 6ce03c57-5430-4ab1-bf83-fb555d2de968|rpc:10.1.1.43:33579|priority:0|startupRole:FOLLOWER]|listeners:[], old=null
2022-10-25 12:15:18,311 [pool-141-thread-1] INFO  server.RaftServer$Division (RaftServerImpl.java:setRole(321)) - be21c5c4-321c-411e-8ca9-5bb5909d110b@group-5EAD7F5BC067: changes role from      null to FOLLOWER at term 0 for startAsFollower
2022-10-25 12:15:18,311 [pool-141-thread-1] INFO  impl.RoleInfo (RoleInfo.java:updateAndGet(139)) - be21c5c4-321c-411e-8ca9-5bb5909d110b: start be21c5c4-321c-411e-8ca9-5bb5909d110b@group-5EAD7F5BC067-FollowerState
2022-10-25 12:15:18,311 [EventQueue-OpenPipelineForHealthyPipelineSafeModeRule] INFO  safemode.SCMSafeModeManager (HealthyPipelineSafeModeRule.java:process(137)) - SCM in safe mode. Healthy pipelines reported count is 0, required healthy pipeline reported count is 1
2022-10-25 12:15:18,311 [pool-141-thread-1] INFO  util.JmxRegister (JmxRegister.java:tryRegister(44)) - Successfully registered JMX Bean with object name Ratis:service=RaftServer,group=group-5EAD7F5BC067,id=be21c5c4-321c-411e-8ca9-5bb5909d110b
2022-10-25 12:15:18,313 [pool-141-thread-1] INFO  server.RaftServerConfigKeys (ConfUtils.java:logGet(46)) - raft.server.snapshot.auto.trigger.enabled = true (custom)
2022-10-25 12:15:18,313 [pool-141-thread-1] INFO  server.RaftServerConfigKeys (ConfUtils.java:logGet(46)) - raft.server.snapshot.auto.trigger.threshold = 10000 (custom)
2022-10-25 12:15:18,313 [pool-141-thread-1] INFO  server.RaftServerConfigKeys (ConfUtils.java:logGet(46)) - raft.server.snapshot.retention.file.num = 5 (custom)
2022-10-25 12:15:18,313 [pool-141-thread-1] INFO  server.RaftServerConfigKeys (ConfUtils.java:logGet(46)) - raft.server.log.purge.upto.snapshot.index = false (default)
2022-10-25 12:15:18,314 [be21c5c4-321c-411e-8ca9-5bb5909d110b@group-5EAD7F5BC067-FollowerState] INFO  server.RaftServerConfigKeys (ConfUtils.java:logFallback(53)) - raft.server.rpc.first-election.timeout.min = 5s (fallback to raft.server.rpc.timeout.min)
2022-10-25 12:15:18,314 [be21c5c4-321c-411e-8ca9-5bb5909d110b@group-5EAD7F5BC067-FollowerState] INFO  server.RaftServerConfigKeys (ConfUtils.java:logFallback(53)) - raft.server.rpc.first-election.timeout.max = 5200ms (fallback to raft.server.rpc.timeout.max)
2022-10-25 12:15:18,314 [Command processor thread] INFO  ratis.XceiverServerRatis (XceiverServerRatis.java:addGroup(765)) - Created group PipelineID=46fbd23a-91f8-4d0e-a109-5ead7f5bc067
2022-10-25 12:15:18,338 [grpc-default-executor-0] INFO  server.RaftServer (RaftServerProxy.java:addNew(96)) - 6ce03c57-5430-4ab1-bf83-fb555d2de968: addNew group-5EAD7F5BC067:[be21c5c4-321c-411e-8ca9-5bb5909d110b|rpc:10.1.1.43:34703|dataStream:|priority:0|startupRole:FOLLOWER, d4065fed-2d66-41be-989b-4bd24a4f6517|rpc:10.1.1.43:33373|dataStream:|priority:1|startupRole:FOLLOWER, 6ce03c57-5430-4ab1-bf83-fb555d2de968|rpc:10.1.1.43:33579|dataStream:|priority:0|startupRole:FOLLOWER] returns group-5EAD7F5BC067:java.util.concurrent.CompletableFuture@31f4d09b[Not completed]
2022-10-25 12:15:18,339 [pool-164-thread-1] INFO  server.RaftServer$Division (RaftServerImpl.java:<init>(195)) - 6ce03c57-5430-4ab1-bf83-fb555d2de968: new RaftServerImpl for group-5EAD7F5BC067:[be21c5c4-321c-411e-8ca9-5bb5909d110b|rpc:10.1.1.43:34703|dataStream:|priority:0|startupRole:FOLLOWER, d4065fed-2d66-41be-989b-4bd24a4f6517|rpc:10.1.1.43:33373|dataStream:|priority:1|startupRole:FOLLOWER, 6ce03c57-5430-4ab1-bf83-fb555d2de968|rpc:10.1.1.43:33579|dataStream:|priority:0|startupRole:FOLLOWER] with ContainerStateMachine:uninitialized
2022-10-25 12:15:18,339 [pool-164-thread-1] INFO  server.RaftServerConfigKeys (ConfUtils.java:logGet(46)) - raft.server.rpc.timeout.min = 5s (custom)
2022-10-25 12:15:18,340 [pool-164-thread-1] INFO  server.RaftServerConfigKeys (ConfUtils.java:logGet(46)) - raft.server.rpc.timeout.max = 5200ms (custom)
2022-10-25 12:15:18,340 [pool-164-thread-1] INFO  server.RaftServerConfigKeys (ConfUtils.java:logGet(46)) - raft.server.rpc.sleep.time = 25ms (default)
2022-10-25 12:15:18,340 [pool-164-thread-1] INFO  server.RaftServerConfigKeys (ConfUtils.java:logGet(46)) - raft.server.rpc.slowness.timeout = 300s (custom)
2022-10-25 12:15:18,340 [pool-164-thread-1] INFO  server.RaftServerConfigKeys (ConfUtils.java:logGet(46)) - raft.server.leaderelection.leader.step-down.wait-time = 10s (default)
2022-10-25 12:15:18,340 [pool-164-thread-1] INFO  server.RaftServerConfigKeys (ConfUtils.java:logGet(46)) - raft.server.sleep.deviation.threshold = 300ms (default)
2022-10-25 12:15:18,340 [pool-164-thread-1] INFO  server.RaftServer$Division (ServerState.java:<init>(118)) - 6ce03c57-5430-4ab1-bf83-fb555d2de968@group-5EAD7F5BC067: ConfigurationManager, init=-1: peers:[be21c5c4-321c-411e-8ca9-5bb5909d110b|rpc:10.1.1.43:34703|dataStream:|priority:0|startupRole:FOLLOWER, d4065fed-2d66-41be-989b-4bd24a4f6517|rpc:10.1.1.43:33373|dataStream:|priority:1|startupRole:FOLLOWER, 6ce03c57-5430-4ab1-bf83-fb555d2de968|rpc:10.1.1.43:33579|dataStream:|priority:0|startupRole:FOLLOWER]|listeners:[], old=null, confs=<EMPTY_MAP>
2022-10-25 12:15:18,340 [pool-164-thread-1] INFO  server.RaftServerConfigKeys (ConfUtils.java:logGet(46)) - raft.server.storage.dir = [/home/runner/work/ozone/ozone/hadoop-ozone/integration-test/target/test-dir/MiniOzoneClusterImpl-59fd4bbb-78e8-4c50-bd4e-19e5c7f0d0cd/datanode-4/data/ratis] (custom)
2022-10-25 12:15:18,340 [pool-164-thread-1] INFO  server.RaftServerConfigKeys (ConfUtils.java:logGet(46)) - raft.server.log.corruption.policy = EXCEPTION (default)
2022-10-25 12:15:18,340 [pool-164-thread-1] INFO  server.RaftServerConfigKeys (ConfUtils.java:logGet(46)) - raft.server.storage.free-space.min = 0MB (=0) (default)
2022-10-25 12:15:18,340 [pool-164-thread-1] INFO  server.RaftServerConfigKeys (ConfUtils.java:logGet(46)) - raft.server.notification.no-leader.timeout = 300s (custom)
2022-10-25 12:15:18,341 [pool-164-thread-1] INFO  server.RaftServerConfigKeys (ConfUtils.java:logGet(46)) - raft.server.retrycache.expirytime = 600000ms (custom)
2022-10-25 12:15:18,341 [pool-164-thread-1] INFO  server.RaftServerConfigKeys (ConfUtils.java:logGet(46)) - raft.server.retrycache.statistics.expirytime = 100μs (default)
2022-10-25 12:15:18,344 [pool-164-thread-1] INFO  server.RaftServerConfigKeys (ConfUtils.java:logGet(46)) - raft.server.log.appender.install.snapshot.enabled = false (custom)
2022-10-25 12:15:18,344 [pool-164-thread-1] INFO  server.RaftServerConfigKeys (ConfUtils.java:logGet(46)) - raft.server.threadpool.server.cached = true (default)
2022-10-25 12:15:18,344 [pool-164-thread-1] INFO  server.RaftServerConfigKeys (ConfUtils.java:logGet(46)) - raft.server.threadpool.server.size = 0 (default)
2022-10-25 12:15:18,344 [pool-164-thread-1] INFO  server.RaftServerConfigKeys (ConfUtils.java:logGet(46)) - raft.server.threadpool.client.cached = true (default)
2022-10-25 12:15:18,344 [pool-164-thread-1] INFO  server.RaftServerConfigKeys (ConfUtils.java:logGet(46)) - raft.server.threadpool.client.size = 0 (default)
2022-10-25 12:15:18,344 [pool-164-thread-1] INFO  storage.RaftStorageDirectory (RaftStorageDirectoryImpl.java:analyzeStorage(137)) - The storage directory /home/runner/work/ozone/ozone/hadoop-ozone/integration-test/target/test-dir/MiniOzoneClusterImpl-59fd4bbb-78e8-4c50-bd4e-19e5c7f0d0cd/datanode-4/data/ratis/46fbd23a-91f8-4d0e-a109-5ead7f5bc067 does not exist. Creating ...
2022-10-25 12:15:18,346 [pool-164-thread-1] INFO  storage.RaftStorageDirectory (RaftStorageDirectoryImpl.java:tryLock(231)) - Lock on /home/runner/work/ozone/ozone/hadoop-ozone/integration-test/target/test-dir/MiniOzoneClusterImpl-59fd4bbb-78e8-4c50-bd4e-19e5c7f0d0cd/datanode-4/data/ratis/46fbd23a-91f8-4d0e-a109-5ead7f5bc067/in_use.lock acquired by nodename 14024@fv-az82-510
2022-10-25 12:15:18,347 [pool-164-thread-1] INFO  storage.RaftStorage (RaftStorageImpl.java:format(96)) - Storage directory /home/runner/work/ozone/ozone/hadoop-ozone/integration-test/target/test-dir/MiniOzoneClusterImpl-59fd4bbb-78e8-4c50-bd4e-19e5c7f0d0cd/datanode-4/data/ratis/46fbd23a-91f8-4d0e-a109-5ead7f5bc067 has been successfully formatted.
2022-10-25 12:15:18,349 [pool-164-thread-1] INFO  ratis.ContainerStateMachine (ContainerStateMachine.java:loadSnapshot(236)) - group-5EAD7F5BC067: The snapshot info is null. Setting the last applied indexto:(t:0, i:~)
2022-10-25 12:15:18,350 [pool-164-thread-1] INFO  server.RaftServerConfigKeys (ConfUtils.java:logGet(46)) - raft.server.log.use.memory = false (default)
2022-10-25 12:15:18,350 [pool-164-thread-1] INFO  server.RaftServerConfigKeys (ConfUtils.java:logGet(46)) - raft.server.log.purge.gap = 1000000 (custom)
2022-10-25 12:15:18,350 [pool-164-thread-1] INFO  server.RaftServerConfigKeys (ConfUtils.java:logGet(46)) - raft.server.log.appender.buffer.byte-limit = 33554432 (custom)
2022-10-25 12:15:18,350 [pool-164-thread-1] INFO  server.RaftServerConfigKeys (ConfUtils.java:logGet(46)) - raft.server.log.statemachine.data.read.timeout = 1000ms (default)
2022-10-25 12:15:18,350 [pool-164-thread-1] INFO  server.RaftServerConfigKeys (ConfUtils.java:logGet(46)) - raft.server.log.purge.preservation.log.num = 0 (default)
2022-10-25 12:15:18,350 [pool-164-thread-1] INFO  server.RaftServerConfigKeys (ConfUtils.java:logGet(46)) - raft.server.log.segment.size.max = 1048576 (custom)
2022-10-25 12:15:18,351 [pool-164-thread-1] INFO  server.RaftServerConfigKeys (ConfUtils.java:logGet(46)) - raft.server.log.segment.cache.num.max = 2 (custom)
2022-10-25 12:15:18,351 [pool-164-thread-1] INFO  server.RaftServerConfigKeys (ConfUtils.java:logGet(46)) - raft.server.log.segment.cache.size.max = 200MB (=209715200) (default)
2022-10-25 12:15:18,351 [pool-164-thread-1] INFO  segmented.SegmentedRaftLogWorker (SegmentedRaftLogWorker.java:<init>(191)) - new 6ce03c57-5430-4ab1-bf83-fb555d2de968@group-5EAD7F5BC067-SegmentedRaftLogWorker for RaftStorageImpl:Storage Directory /home/runner/work/ozone/ozone/hadoop-ozone/integration-test/target/test-dir/MiniOzoneClusterImpl-59fd4bbb-78e8-4c50-bd4e-19e5c7f0d0cd/datanode-4/data/ratis/46fbd23a-91f8-4d0e-a109-5ead7f5bc067
2022-10-25 12:15:18,351 [pool-164-thread-1] INFO  server.RaftServerConfigKeys (ConfUtils.java:logGet(46)) - raft.server.log.queue.byte-limit = 4294967296 (custom)
2022-10-25 12:15:18,351 [pool-164-thread-1] INFO  server.RaftServerConfigKeys (ConfUtils.java:logGet(46)) - raft.server.log.queue.element-limit = 1024 (custom)
2022-10-25 12:15:18,351 [pool-164-thread-1] INFO  server.RaftServerConfigKeys (ConfUtils.java:logGet(46)) - raft.server.log.segment.size.max = 1048576 (custom)
2022-10-25 12:15:18,351 [pool-164-thread-1] INFO  server.RaftServerConfigKeys (ConfUtils.java:logGet(46)) - raft.server.log.preallocated.size = 16384 (custom)
2022-10-25 12:15:18,351 [pool-164-thread-1] INFO  server.RaftServerConfigKeys (ConfUtils.java:logGet(46)) - raft.server.log.force.sync.num = 128 (default)
2022-10-25 12:15:18,352 [pool-164-thread-1] INFO  server.RaftServerConfigKeys (ConfUtils.java:logGet(46)) - raft.server.log.statemachine.data.sync = true (default)
2022-10-25 12:15:18,353 [pool-164-thread-1] INFO  server.RaftServerConfigKeys (ConfUtils.java:logGet(46)) - raft.server.log.statemachine.data.sync.timeout = 10s (default)
2022-10-25 12:15:18,354 [pool-164-thread-1] INFO  server.RaftServerConfigKeys (ConfUtils.java:logGet(46)) - raft.server.log.statemachine.data.sync.timeout.retry = -1 (default)
2022-10-25 12:15:18,355 [pool-164-thread-1] INFO  server.RaftServerConfigKeys (ConfUtils.java:logGet(46)) - raft.server.log.write.buffer.size = 1048576 (custom)
2022-10-25 12:15:18,355 [pool-164-thread-1] INFO  server.RaftServerConfigKeys (ConfUtils.java:logGet(46)) - raft.server.log.unsafe-flush.enabled = false (default)
2022-10-25 12:15:18,355 [pool-164-thread-1] INFO  server.RaftServerConfigKeys (ConfUtils.java:logGet(46)) - raft.server.log.async-flush.enabled = false (default)
2022-10-25 12:15:18,355 [pool-164-thread-1] INFO  server.RaftServerConfigKeys (ConfUtils.java:logGet(46)) - raft.server.log.statemachine.data.caching.enabled = true (custom)
2022-10-25 12:15:18,356 [pool-164-thread-1] INFO  segmented.SegmentedRaftLogWorker (SegmentedRaftLogWorker.java:lambda$new$0(136)) - 6ce03c57-5430-4ab1-bf83-fb555d2de968@group-5EAD7F5BC067-SegmentedRaftLogWorker: flushIndex: setUnconditionally 0 -> -1
2022-10-25 12:15:18,356 [pool-164-thread-1] INFO  segmented.SegmentedRaftLogWorker (SegmentedRaftLogWorker.java:lambda$new$0(136)) - 6ce03c57-5430-4ab1-bf83-fb555d2de968@group-5EAD7F5BC067-SegmentedRaftLogWorker: safeCacheEvictIndex: setUnconditionally 0 -> -1
2022-10-25 12:15:18,356 [pool-164-thread-1] INFO  server.RaftServer$Division (RaftServerImpl.java:start(334)) - 6ce03c57-5430-4ab1-bf83-fb555d2de968@group-5EAD7F5BC067: start as a follower, conf=-1: peers:[be21c5c4-321c-411e-8ca9-5bb5909d110b|rpc:10.1.1.43:34703|dataStream:|priority:0|startupRole:FOLLOWER, d4065fed-2d66-41be-989b-4bd24a4f6517|rpc:10.1.1.43:33373|dataStream:|priority:1|startupRole:FOLLOWER, 6ce03c57-5430-4ab1-bf83-fb555d2de968|rpc:10.1.1.43:33579|dataStream:|priority:0|startupRole:FOLLOWER]|listeners:[], old=null
2022-10-25 12:15:18,356 [pool-164-thread-1] INFO  server.RaftServer$Division (RaftServerImpl.java:setRole(321)) - 6ce03c57-5430-4ab1-bf83-fb555d2de968@group-5EAD7F5BC067: changes role from      null to FOLLOWER at term 0 for startAsFollower
2022-10-25 12:15:18,356 [pool-164-thread-1] INFO  impl.RoleInfo (RoleInfo.java:updateAndGet(139)) - 6ce03c57-5430-4ab1-bf83-fb555d2de968: start 6ce03c57-5430-4ab1-bf83-fb555d2de968@group-5EAD7F5BC067-FollowerState
2022-10-25 12:15:18,356 [pool-164-thread-1] INFO  util.JmxRegister (JmxRegister.java:tryRegister(44)) - Successfully registered JMX Bean with object name Ratis:service=RaftServer,group=group-5EAD7F5BC067,id=6ce03c57-5430-4ab1-bf83-fb555d2de968
2022-10-25 12:15:18,356 [6ce03c57-5430-4ab1-bf83-fb555d2de968@group-5EAD7F5BC067-FollowerState] INFO  server.RaftServerConfigKeys (ConfUtils.java:logFallback(53)) - raft.server.rpc.first-election.timeout.min = 5s (fallback to raft.server.rpc.timeout.min)
2022-10-25 12:15:18,358 [pool-164-thread-1] INFO  server.RaftServerConfigKeys (ConfUtils.java:logGet(46)) - raft.server.snapshot.auto.trigger.enabled = true (custom)
2022-10-25 12:15:18,358 [6ce03c57-5430-4ab1-bf83-fb555d2de968@group-5EAD7F5BC067-FollowerState] INFO  server.RaftServerConfigKeys (ConfUtils.java:logFallback(53)) - raft.server.rpc.first-election.timeout.max = 5200ms (fallback to raft.server.rpc.timeout.max)
2022-10-25 12:15:18,358 [pool-164-thread-1] INFO  server.RaftServerConfigKeys (ConfUtils.java:logGet(46)) - raft.server.snapshot.auto.trigger.threshold = 10000 (custom)
2022-10-25 12:15:18,359 [pool-164-thread-1] INFO  server.RaftServerConfigKeys (ConfUtils.java:logGet(46)) - raft.server.snapshot.retention.file.num = 5 (custom)
2022-10-25 12:15:18,359 [pool-164-thread-1] INFO  server.RaftServerConfigKeys (ConfUtils.java:logGet(46)) - raft.server.log.purge.upto.snapshot.index = false (default)
2022-10-25 12:15:18,388 [grpc-default-executor-0] INFO  server.RaftServer (RaftServerProxy.java:addNew(96)) - d4065fed-2d66-41be-989b-4bd24a4f6517: addNew group-5EAD7F5BC067:[be21c5c4-321c-411e-8ca9-5bb5909d110b|rpc:10.1.1.43:34703|dataStream:|priority:0|startupRole:FOLLOWER, d4065fed-2d66-41be-989b-4bd24a4f6517|rpc:10.1.1.43:33373|dataStream:|priority:1|startupRole:FOLLOWER, 6ce03c57-5430-4ab1-bf83-fb555d2de968|rpc:10.1.1.43:33579|dataStream:|priority:0|startupRole:FOLLOWER] returns group-5EAD7F5BC067:java.util.concurrent.CompletableFuture@6b85832[Not completed]
2022-10-25 12:15:18,390 [pool-187-thread-1] INFO  server.RaftServer$Division (RaftServerImpl.java:<init>(195)) - d4065fed-2d66-41be-989b-4bd24a4f6517: new RaftServerImpl for group-5EAD7F5BC067:[be21c5c4-321c-411e-8ca9-5bb5909d110b|rpc:10.1.1.43:34703|dataStream:|priority:0|startupRole:FOLLOWER, d4065fed-2d66-41be-989b-4bd24a4f6517|rpc:10.1.1.43:33373|dataStream:|priority:1|startupRole:FOLLOWER, 6ce03c57-5430-4ab1-bf83-fb555d2de968|rpc:10.1.1.43:33579|dataStream:|priority:0|startupRole:FOLLOWER] with ContainerStateMachine:uninitialized
2022-10-25 12:15:18,391 [pool-187-thread-1] INFO  server.RaftServerConfigKeys (ConfUtils.java:logGet(46)) - raft.server.rpc.timeout.min = 5s (custom)
2022-10-25 12:15:18,391 [pool-187-thread-1] INFO  server.RaftServerConfigKeys (ConfUtils.java:logGet(46)) - raft.server.rpc.timeout.max = 5200ms (custom)
2022-10-25 12:15:18,391 [pool-187-thread-1] INFO  server.RaftServerConfigKeys (ConfUtils.java:logGet(46)) - raft.server.rpc.sleep.time = 25ms (default)
2022-10-25 12:15:18,391 [pool-187-thread-1] INFO  server.RaftServerConfigKeys (ConfUtils.java:logGet(46)) - raft.server.rpc.slowness.timeout = 300s (custom)
2022-10-25 12:15:18,391 [pool-187-thread-1] INFO  server.RaftServerConfigKeys (ConfUtils.java:logGet(46)) - raft.server.leaderelection.leader.step-down.wait-time = 10s (default)
2022-10-25 12:15:18,391 [pool-187-thread-1] INFO  server.RaftServerConfigKeys (ConfUtils.java:logGet(46)) - raft.server.sleep.deviation.threshold = 300ms (default)
2022-10-25 12:15:18,391 [pool-187-thread-1] INFO  server.RaftServer$Division (ServerState.java:<init>(118)) - d4065fed-2d66-41be-989b-4bd24a4f6517@group-5EAD7F5BC067: ConfigurationManager, init=-1: peers:[be21c5c4-321c-411e-8ca9-5bb5909d110b|rpc:10.1.1.43:34703|dataStream:|priority:0|startupRole:FOLLOWER, d4065fed-2d66-41be-989b-4bd24a4f6517|rpc:10.1.1.43:33373|dataStream:|priority:1|startupRole:FOLLOWER, 6ce03c57-5430-4ab1-bf83-fb555d2de968|rpc:10.1.1.43:33579|dataStream:|priority:0|startupRole:FOLLOWER]|listeners:[], old=null, confs=<EMPTY_MAP>
2022-10-25 12:15:18,391 [pool-187-thread-1] INFO  server.RaftServerConfigKeys (ConfUtils.java:logGet(46)) - raft.server.storage.dir = [/home/runner/work/ozone/ozone/hadoop-ozone/integration-test/target/test-dir/MiniOzoneClusterImpl-59fd4bbb-78e8-4c50-bd4e-19e5c7f0d0cd/datanode-5/data/ratis] (custom)
2022-10-25 12:15:18,392 [pool-187-thread-1] INFO  server.RaftServerConfigKeys (ConfUtils.java:logGet(46)) - raft.server.log.corruption.policy = EXCEPTION (default)
2022-10-25 12:15:18,392 [pool-187-thread-1] INFO  server.RaftServerConfigKeys (ConfUtils.java:logGet(46)) - raft.server.storage.free-space.min = 0MB (=0) (default)
2022-10-25 12:15:18,392 [pool-187-thread-1] INFO  server.RaftServerConfigKeys (ConfUtils.java:logGet(46)) - raft.server.notification.no-leader.timeout = 300s (custom)
2022-10-25 12:15:18,392 [pool-187-thread-1] INFO  server.RaftServerConfigKeys (ConfUtils.java:logGet(46)) - raft.server.retrycache.expirytime = 600000ms (custom)
2022-10-25 12:15:18,392 [pool-187-thread-1] INFO  server.RaftServerConfigKeys (ConfUtils.java:logGet(46)) - raft.server.retrycache.statistics.expirytime = 100μs (default)
2022-10-25 12:15:18,397 [pool-187-thread-1] INFO  server.RaftServerConfigKeys (ConfUtils.java:logGet(46)) - raft.server.log.appender.install.snapshot.enabled = false (custom)
2022-10-25 12:15:18,397 [pool-187-thread-1] INFO  server.RaftServerConfigKeys (ConfUtils.java:logGet(46)) - raft.server.threadpool.server.cached = true (default)
2022-10-25 12:15:18,397 [pool-187-thread-1] INFO  server.RaftServerConfigKeys (ConfUtils.java:logGet(46)) - raft.server.threadpool.server.size = 0 (default)
2022-10-25 12:15:18,397 [pool-187-thread-1] INFO  server.RaftServerConfigKeys (ConfUtils.java:logGet(46)) - raft.server.threadpool.client.cached = true (default)
2022-10-25 12:15:18,397 [pool-187-thread-1] INFO  server.RaftServerConfigKeys (ConfUtils.java:logGet(46)) - raft.server.threadpool.client.size = 0 (default)
2022-10-25 12:15:18,398 [pool-187-thread-1] INFO  storage.RaftStorageDirectory (RaftStorageDirectoryImpl.java:analyzeStorage(137)) - The storage directory /home/runner/work/ozone/ozone/hadoop-ozone/integration-test/target/test-dir/MiniOzoneClusterImpl-59fd4bbb-78e8-4c50-bd4e-19e5c7f0d0cd/datanode-5/data/ratis/46fbd23a-91f8-4d0e-a109-5ead7f5bc067 does not exist. Creating ...
2022-10-25 12:15:18,400 [pool-187-thread-1] INFO  storage.RaftStorageDirectory (RaftStorageDirectoryImpl.java:tryLock(231)) - Lock on /home/runner/work/ozone/ozone/hadoop-ozone/integration-test/target/test-dir/MiniOzoneClusterImpl-59fd4bbb-78e8-4c50-bd4e-19e5c7f0d0cd/datanode-5/data/ratis/46fbd23a-91f8-4d0e-a109-5ead7f5bc067/in_use.lock acquired by nodename 14024@fv-az82-510
2022-10-25 12:15:18,402 [pool-187-thread-1] INFO  storage.RaftStorage (RaftStorageImpl.java:format(96)) - Storage directory /home/runner/work/ozone/ozone/hadoop-ozone/integration-test/target/test-dir/MiniOzoneClusterImpl-59fd4bbb-78e8-4c50-bd4e-19e5c7f0d0cd/datanode-5/data/ratis/46fbd23a-91f8-4d0e-a109-5ead7f5bc067 has been successfully formatted.
2022-10-25 12:15:18,402 [pool-187-thread-1] INFO  ratis.ContainerStateMachine (ContainerStateMachine.java:loadSnapshot(236)) - group-5EAD7F5BC067: The snapshot info is null. Setting the last applied indexto:(t:0, i:~)
2022-10-25 12:15:18,402 [pool-187-thread-1] INFO  server.RaftServerConfigKeys (ConfUtils.java:logGet(46)) - raft.server.log.use.memory = false (default)
2022-10-25 12:15:18,402 [pool-187-thread-1] INFO  server.RaftServerConfigKeys (ConfUtils.java:logGet(46)) - raft.server.log.purge.gap = 1000000 (custom)
2022-10-25 12:15:18,403 [pool-187-thread-1] INFO  server.RaftServerConfigKeys (ConfUtils.java:logGet(46)) - raft.server.log.appender.buffer.byte-limit = 33554432 (custom)
2022-10-25 12:15:18,403 [pool-187-thread-1] INFO  server.RaftServerConfigKeys (ConfUtils.java:logGet(46)) - raft.server.log.statemachine.data.read.timeout = 1000ms (default)
2022-10-25 12:15:18,403 [pool-187-thread-1] INFO  server.RaftServerConfigKeys (ConfUtils.java:logGet(46)) - raft.server.log.purge.preservation.log.num = 0 (default)
2022-10-25 12:15:18,403 [pool-187-thread-1] INFO  server.RaftServerConfigKeys (ConfUtils.java:logGet(46)) - raft.server.log.segment.size.max = 1048576 (custom)
2022-10-25 12:15:18,404 [pool-187-thread-1] INFO  server.RaftServerConfigKeys (ConfUtils.java:logGet(46)) - raft.server.log.segment.cache.num.max = 2 (custom)
2022-10-25 12:15:18,404 [pool-187-thread-1] INFO  server.RaftServerConfigKeys (ConfUtils.java:logGet(46)) - raft.server.log.segment.cache.size.max = 200MB (=209715200) (default)
2022-10-25 12:15:18,404 [pool-187-thread-1] INFO  segmented.SegmentedRaftLogWorker (SegmentedRaftLogWorker.java:<init>(191)) - new d4065fed-2d66-41be-989b-4bd24a4f6517@group-5EAD7F5BC067-SegmentedRaftLogWorker for RaftStorageImpl:Storage Directory /home/runner/work/ozone/ozone/hadoop-ozone/integration-test/target/test-dir/MiniOzoneClusterImpl-59fd4bbb-78e8-4c50-bd4e-19e5c7f0d0cd/datanode-5/data/ratis/46fbd23a-91f8-4d0e-a109-5ead7f5bc067
2022-10-25 12:15:18,404 [pool-187-thread-1] INFO  server.RaftServerConfigKeys (ConfUtils.java:logGet(46)) - raft.server.log.queue.byte-limit = 4294967296 (custom)
2022-10-25 12:15:18,404 [pool-187-thread-1] INFO  server.RaftServerConfigKeys (ConfUtils.java:logGet(46)) - raft.server.log.queue.element-limit = 1024 (custom)
2022-10-25 12:15:18,404 [pool-187-thread-1] INFO  server.RaftServerConfigKeys (ConfUtils.java:logGet(46)) - raft.server.log.segment.size.max = 1048576 (custom)
2022-10-25 12:15:18,404 [pool-187-thread-1] INFO  server.RaftServerConfigKeys (ConfUtils.java:logGet(46)) - raft.server.log.preallocated.size = 16384 (custom)
2022-10-25 12:15:18,404 [pool-187-thread-1] INFO  server.RaftServerConfigKeys (ConfUtils.java:logGet(46)) - raft.server.log.force.sync.num = 128 (default)
2022-10-25 12:15:18,405 [pool-187-thread-1] INFO  server.RaftServerConfigKeys (ConfUtils.java:logGet(46)) - raft.server.log.statemachine.data.sync = true (default)
2022-10-25 12:15:18,405 [pool-187-thread-1] INFO  server.RaftServerConfigKeys (ConfUtils.java:logGet(46)) - raft.server.log.statemachine.data.sync.timeout = 10s (default)
2022-10-25 12:15:18,405 [pool-187-thread-1] INFO  server.RaftServerConfigKeys (ConfUtils.java:logGet(46)) - raft.server.log.statemachine.data.sync.timeout.retry = -1 (default)
2022-10-25 12:15:18,406 [pool-187-thread-1] INFO  server.RaftServerConfigKeys (ConfUtils.java:logGet(46)) - raft.server.log.write.buffer.size = 1048576 (custom)
2022-10-25 12:15:18,406 [pool-187-thread-1] INFO  server.RaftServerConfigKeys (ConfUtils.java:logGet(46)) - raft.server.log.unsafe-flush.enabled = false (default)
2022-10-25 12:15:18,407 [pool-187-thread-1] INFO  server.RaftServerConfigKeys (ConfUtils.java:logGet(46)) - raft.server.log.async-flush.enabled = false (default)
2022-10-25 12:15:18,407 [pool-187-thread-1] INFO  server.RaftServerConfigKeys (ConfUtils.java:logGet(46)) - raft.server.log.statemachine.data.caching.enabled = true (custom)
2022-10-25 12:15:18,407 [pool-187-thread-1] INFO  segmented.SegmentedRaftLogWorker (SegmentedRaftLogWorker.java:lambda$new$0(136)) - d4065fed-2d66-41be-989b-4bd24a4f6517@group-5EAD7F5BC067-SegmentedRaftLogWorker: flushIndex: setUnconditionally 0 -> -1
2022-10-25 12:15:18,407 [pool-187-thread-1] INFO  segmented.SegmentedRaftLogWorker (SegmentedRaftLogWorker.java:lambda$new$0(136)) - d4065fed-2d66-41be-989b-4bd24a4f6517@group-5EAD7F5BC067-SegmentedRaftLogWorker: safeCacheEvictIndex: setUnconditionally 0 -> -1
2022-10-25 12:15:18,410 [pool-187-thread-1] INFO  server.RaftServer$Division (RaftServerImpl.java:start(334)) - d4065fed-2d66-41be-989b-4bd24a4f6517@group-5EAD7F5BC067: start as a follower, conf=-1: peers:[be21c5c4-321c-411e-8ca9-5bb5909d110b|rpc:10.1.1.43:34703|dataStream:|priority:0|startupRole:FOLLOWER, d4065fed-2d66-41be-989b-4bd24a4f6517|rpc:10.1.1.43:33373|dataStream:|priority:1|startupRole:FOLLOWER, 6ce03c57-5430-4ab1-bf83-fb555d2de968|rpc:10.1.1.43:33579|dataStream:|priority:0|startupRole:FOLLOWER]|listeners:[], old=null
2022-10-25 12:15:18,410 [pool-187-thread-1] INFO  server.RaftServer$Division (RaftServerImpl.java:setRole(321)) - d4065fed-2d66-41be-989b-4bd24a4f6517@group-5EAD7F5BC067: changes role from      null to FOLLOWER at term 0 for startAsFollower
2022-10-25 12:15:18,410 [pool-187-thread-1] INFO  impl.RoleInfo (RoleInfo.java:updateAndGet(139)) - d4065fed-2d66-41be-989b-4bd24a4f6517: start d4065fed-2d66-41be-989b-4bd24a4f6517@group-5EAD7F5BC067-FollowerState
2022-10-25 12:15:18,411 [d4065fed-2d66-41be-989b-4bd24a4f6517@group-5EAD7F5BC067-FollowerState] INFO  server.RaftServerConfigKeys (ConfUtils.java:logFallback(53)) - raft.server.rpc.first-election.timeout.min = 5s (fallback to raft.server.rpc.timeout.min)
2022-10-25 12:15:18,418 [pool-187-thread-1] INFO  util.JmxRegister (JmxRegister.java:tryRegister(44)) - Successfully registered JMX Bean with object name Ratis:service=RaftServer,group=group-5EAD7F5BC067,id=d4065fed-2d66-41be-989b-4bd24a4f6517
2022-10-25 12:15:18,418 [d4065fed-2d66-41be-989b-4bd24a4f6517@group-5EAD7F5BC067-FollowerState] INFO  server.RaftServerConfigKeys (ConfUtils.java:logFallback(53)) - raft.server.rpc.first-election.timeout.max = 5200ms (fallback to raft.server.rpc.timeout.max)
2022-10-25 12:15:18,418 [pool-187-thread-1] INFO  server.RaftServerConfigKeys (ConfUtils.java:logGet(46)) - raft.server.snapshot.auto.trigger.enabled = true (custom)
2022-10-25 12:15:18,418 [pool-187-thread-1] INFO  server.RaftServerConfigKeys (ConfUtils.java:logGet(46)) - raft.server.snapshot.auto.trigger.threshold = 10000 (custom)
2022-10-25 12:15:18,418 [pool-187-thread-1] INFO  server.RaftServerConfigKeys (ConfUtils.java:logGet(46)) - raft.server.snapshot.retention.file.num = 5 (custom)
2022-10-25 12:15:18,418 [pool-187-thread-1] INFO  server.RaftServerConfigKeys (ConfUtils.java:logGet(46)) - raft.server.log.purge.upto.snapshot.index = false (default)
2022-10-25 12:15:18,428 [Command processor thread] INFO  commandhandler.CreatePipelineCommandHandler (CreatePipelineCommandHandler.java:handle(113)) - Created Pipeline RATIS THREE PipelineID=46fbd23a-91f8-4d0e-a109-5ead7f5bc067.
2022-10-25 12:15:18,429 [Command processor thread] INFO  server.RaftServer (RaftServerProxy.java:addNew(96)) - be21c5c4-321c-411e-8ca9-5bb5909d110b: addNew group-670B8877836B:[be21c5c4-321c-411e-8ca9-5bb5909d110b|rpc:10.1.1.43:34703|priority:0|startupRole:FOLLOWER, d4065fed-2d66-41be-989b-4bd24a4f6517|rpc:10.1.1.43:33373|priority:0|startupRole:FOLLOWER, 6ce03c57-5430-4ab1-bf83-fb555d2de968|rpc:10.1.1.43:33579|priority:1|startupRole:FOLLOWER] returns group-670B8877836B:java.util.concurrent.CompletableFuture@1c6f83c4[Not completed]
2022-10-25 12:15:18,430 [pool-141-thread-1] INFO  server.RaftServer$Division (RaftServerImpl.java:<init>(195)) - be21c5c4-321c-411e-8ca9-5bb5909d110b: new RaftServerImpl for group-670B8877836B:[be21c5c4-321c-411e-8ca9-5bb5909d110b|rpc:10.1.1.43:34703|priority:0|startupRole:FOLLOWER, d4065fed-2d66-41be-989b-4bd24a4f6517|rpc:10.1.1.43:33373|priority:0|startupRole:FOLLOWER, 6ce03c57-5430-4ab1-bf83-fb555d2de968|rpc:10.1.1.43:33579|priority:1|startupRole:FOLLOWER] with ContainerStateMachine:uninitialized
2022-10-25 12:15:18,430 [pool-141-thread-1] INFO  server.RaftServerConfigKeys (ConfUtils.java:logGet(46)) - raft.server.rpc.timeout.min = 5s (custom)
2022-10-25 12:15:18,430 [pool-141-thread-1] INFO  server.RaftServerConfigKeys (ConfUtils.java:logGet(46)) - raft.server.rpc.timeout.max = 5200ms (custom)
2022-10-25 12:15:18,430 [pool-141-thread-1] INFO  server.RaftServerConfigKeys (ConfUtils.java:logGet(46)) - raft.server.rpc.sleep.time = 25ms (default)
2022-10-25 12:15:18,430 [pool-141-thread-1] INFO  server.RaftServerConfigKeys (ConfUtils.java:logGet(46)) - raft.server.rpc.slowness.timeout = 300s (custom)
2022-10-25 12:15:18,430 [pool-141-thread-1] INFO  server.RaftServerConfigKeys (ConfUtils.java:logGet(46)) - raft.server.leaderelection.leader.step-down.wait-time = 10s (default)
2022-10-25 12:15:18,430 [pool-141-thread-1] INFO  server.RaftServerConfigKeys (ConfUtils.java:logGet(46)) - raft.server.sleep.deviation.threshold = 300ms (default)
2022-10-25 12:15:18,430 [pool-141-thread-1] INFO  server.RaftServer$Division (ServerState.java:<init>(118)) - be21c5c4-321c-411e-8ca9-5bb5909d110b@group-670B8877836B: ConfigurationManager, init=-1: peers:[be21c5c4-321c-411e-8ca9-5bb5909d110b|rpc:10.1.1.43:34703|priority:0|startupRole:FOLLOWER, d4065fed-2d66-41be-989b-4bd24a4f6517|rpc:10.1.1.43:33373|priority:0|startupRole:FOLLOWER, 6ce03c57-5430-4ab1-bf83-fb555d2de968|rpc:10.1.1.43:33579|priority:1|startupRole:FOLLOWER]|listeners:[], old=null, confs=<EMPTY_MAP>
2022-10-25 12:15:18,430 [pool-141-thread-1] INFO  server.RaftServerConfigKeys (ConfUtils.java:logGet(46)) - raft.server.storage.dir = [/home/runner/work/ozone/ozone/hadoop-ozone/integration-test/target/test-dir/MiniOzoneClusterImpl-59fd4bbb-78e8-4c50-bd4e-19e5c7f0d0cd/datanode-3/data/ratis] (custom)
2022-10-25 12:15:18,431 [pool-141-thread-1] INFO  server.RaftServerConfigKeys (ConfUtils.java:logGet(46)) - raft.server.log.corruption.policy = EXCEPTION (default)
2022-10-25 12:15:18,431 [pool-141-thread-1] INFO  server.RaftServerConfigKeys (ConfUtils.java:logGet(46)) - raft.server.storage.free-space.min = 0MB (=0) (default)
2022-10-25 12:15:18,431 [pool-141-thread-1] INFO  server.RaftServerConfigKeys (ConfUtils.java:logGet(46)) - raft.server.notification.no-leader.timeout = 300s (custom)
2022-10-25 12:15:18,431 [pool-141-thread-1] INFO  server.RaftServerConfigKeys (ConfUtils.java:logGet(46)) - raft.server.retrycache.expirytime = 600000ms (custom)
2022-10-25 12:15:18,431 [pool-141-thread-1] INFO  server.RaftServerConfigKeys (ConfUtils.java:logGet(46)) - raft.server.retrycache.statistics.expirytime = 100μs (default)
2022-10-25 12:15:18,432 [pool-141-thread-1] INFO  server.RaftServerConfigKeys (ConfUtils.java:logGet(46)) - raft.server.log.appender.install.snapshot.enabled = false (custom)
2022-10-25 12:15:18,432 [pool-141-thread-1] INFO  server.RaftServerConfigKeys (ConfUtils.java:logGet(46)) - raft.server.threadpool.server.cached = true (default)
2022-10-25 12:15:18,432 [pool-141-thread-1] INFO  server.RaftServerConfigKeys (ConfUtils.java:logGet(46)) - raft.server.threadpool.server.size = 0 (default)
2022-10-25 12:15:18,432 [pool-141-thread-1] INFO  server.RaftServerConfigKeys (ConfUtils.java:logGet(46)) - raft.server.threadpool.client.cached = true (default)
2022-10-25 12:15:18,432 [pool-141-thread-1] INFO  server.RaftServerConfigKeys (ConfUtils.java:logGet(46)) - raft.server.threadpool.client.size = 0 (default)
2022-10-25 12:15:18,433 [pool-141-thread-1] INFO  storage.RaftStorageDirectory (RaftStorageDirectoryImpl.java:analyzeStorage(137)) - The storage directory /home/runner/work/ozone/ozone/hadoop-ozone/integration-test/target/test-dir/MiniOzoneClusterImpl-59fd4bbb-78e8-4c50-bd4e-19e5c7f0d0cd/datanode-3/data/ratis/7fe513b6-f2fb-4b3f-969c-670b8877836b does not exist. Creating ...
2022-10-25 12:15:18,434 [pool-141-thread-1] INFO  storage.RaftStorageDirectory (RaftStorageDirectoryImpl.java:tryLock(231)) - Lock on /home/runner/work/ozone/ozone/hadoop-ozone/integration-test/target/test-dir/MiniOzoneClusterImpl-59fd4bbb-78e8-4c50-bd4e-19e5c7f0d0cd/datanode-3/data/ratis/7fe513b6-f2fb-4b3f-969c-670b8877836b/in_use.lock acquired by nodename 14024@fv-az82-510
2022-10-25 12:15:18,436 [pool-141-thread-1] INFO  storage.RaftStorage (RaftStorageImpl.java:format(96)) - Storage directory /home/runner/work/ozone/ozone/hadoop-ozone/integration-test/target/test-dir/MiniOzoneClusterImpl-59fd4bbb-78e8-4c50-bd4e-19e5c7f0d0cd/datanode-3/data/ratis/7fe513b6-f2fb-4b3f-969c-670b8877836b has been successfully formatted.
2022-10-25 12:15:18,437 [pool-141-thread-1] INFO  ratis.ContainerStateMachine (ContainerStateMachine.java:loadSnapshot(236)) - group-670B8877836B: The snapshot info is null. Setting the last applied indexto:(t:0, i:~)
2022-10-25 12:15:18,437 [pool-141-thread-1] INFO  server.RaftServerConfigKeys (ConfUtils.java:logGet(46)) - raft.server.log.use.memory = false (default)
2022-10-25 12:15:18,437 [pool-141-thread-1] INFO  server.RaftServerConfigKeys (ConfUtils.java:logGet(46)) - raft.server.log.purge.gap = 1000000 (custom)
2022-10-25 12:15:18,437 [pool-141-thread-1] INFO  server.RaftServerConfigKeys (ConfUtils.java:logGet(46)) - raft.server.log.appender.buffer.byte-limit = 33554432 (custom)
2022-10-25 12:15:18,438 [pool-141-thread-1] INFO  server.RaftServerConfigKeys (ConfUtils.java:logGet(46)) - raft.server.log.statemachine.data.read.timeout = 1000ms (default)
2022-10-25 12:15:18,438 [EventQueue-OpenPipelineForHealthyPipelineSafeModeRule] INFO  safemode.SCMSafeModeManager (HealthyPipelineSafeModeRule.java:process(137)) - SCM in safe mode. Healthy pipelines reported count is 0, required healthy pipeline reported count is 1
2022-10-25 12:15:18,438 [pool-141-thread-1] INFO  server.RaftServerConfigKeys (ConfUtils.java:logGet(46)) - raft.server.log.purge.preservation.log.num = 0 (default)
2022-10-25 12:15:18,439 [pool-141-thread-1] INFO  server.RaftServerConfigKeys (ConfUtils.java:logGet(46)) - raft.server.log.segment.size.max = 1048576 (custom)
2022-10-25 12:15:18,443 [pool-141-thread-1] INFO  server.RaftServerConfigKeys (ConfUtils.java:logGet(46)) - raft.server.log.segment.cache.num.max = 2 (custom)
2022-10-25 12:15:18,443 [pool-141-thread-1] INFO  server.RaftServerConfigKeys (ConfUtils.java:logGet(46)) - raft.server.log.segment.cache.size.max = 200MB (=209715200) (default)
2022-10-25 12:15:18,443 [pool-141-thread-1] INFO  segmented.SegmentedRaftLogWorker (SegmentedRaftLogWorker.java:<init>(191)) - new be21c5c4-321c-411e-8ca9-5bb5909d110b@group-670B8877836B-SegmentedRaftLogWorker for RaftStorageImpl:Storage Directory /home/runner/work/ozone/ozone/hadoop-ozone/integration-test/target/test-dir/MiniOzoneClusterImpl-59fd4bbb-78e8-4c50-bd4e-19e5c7f0d0cd/datanode-3/data/ratis/7fe513b6-f2fb-4b3f-969c-670b8877836b
2022-10-25 12:15:18,443 [pool-141-thread-1] INFO  server.RaftServerConfigKeys (ConfUtils.java:logGet(46)) - raft.server.log.queue.byte-limit = 4294967296 (custom)
2022-10-25 12:15:18,443 [pool-141-thread-1] INFO  server.RaftServerConfigKeys (ConfUtils.java:logGet(46)) - raft.server.log.queue.element-limit = 1024 (custom)
2022-10-25 12:15:18,443 [pool-141-thread-1] INFO  server.RaftServerConfigKeys (ConfUtils.java:logGet(46)) - raft.server.log.segment.size.max = 1048576 (custom)
2022-10-25 12:15:18,443 [pool-141-thread-1] INFO  server.RaftServerConfigKeys (ConfUtils.java:logGet(46)) - raft.server.log.preallocated.size = 16384 (custom)
2022-10-25 12:15:18,444 [pool-141-thread-1] INFO  server.RaftServerConfigKeys (ConfUtils.java:logGet(46)) - raft.server.log.force.sync.num = 128 (default)
2022-10-25 12:15:18,444 [pool-141-thread-1] INFO  server.RaftServerConfigKeys (ConfUtils.java:logGet(46)) - raft.server.log.statemachine.data.sync = true (default)
2022-10-25 12:15:18,444 [pool-141-thread-1] INFO  server.RaftServerConfigKeys (ConfUtils.java:logGet(46)) - raft.server.log.statemachine.data.sync.timeout = 10s (default)
2022-10-25 12:15:18,444 [pool-141-thread-1] INFO  server.RaftServerConfigKeys (ConfUtils.java:logGet(46)) - raft.server.log.statemachine.data.sync.timeout.retry = -1 (default)
2022-10-25 12:15:18,445 [pool-141-thread-1] INFO  server.RaftServerConfigKeys (ConfUtils.java:logGet(46)) - raft.server.log.write.buffer.size = 1048576 (custom)
2022-10-25 12:15:18,446 [pool-141-thread-1] INFO  server.RaftServerConfigKeys (ConfUtils.java:logGet(46)) - raft.server.log.unsafe-flush.enabled = false (default)
2022-10-25 12:15:18,446 [pool-141-thread-1] INFO  server.RaftServerConfigKeys (ConfUtils.java:logGet(46)) - raft.server.log.async-flush.enabled = false (default)
2022-10-25 12:15:18,446 [pool-141-thread-1] INFO  server.RaftServerConfigKeys (ConfUtils.java:logGet(46)) - raft.server.log.statemachine.data.caching.enabled = true (custom)
2022-10-25 12:15:18,446 [pool-141-thread-1] INFO  segmented.SegmentedRaftLogWorker (SegmentedRaftLogWorker.java:lambda$new$0(136)) - be21c5c4-321c-411e-8ca9-5bb5909d110b@group-670B8877836B-SegmentedRaftLogWorker: flushIndex: setUnconditionally 0 -> -1
2022-10-25 12:15:18,446 [pool-141-thread-1] INFO  segmented.SegmentedRaftLogWorker (SegmentedRaftLogWorker.java:lambda$new$0(136)) - be21c5c4-321c-411e-8ca9-5bb5909d110b@group-670B8877836B-SegmentedRaftLogWorker: safeCacheEvictIndex: setUnconditionally 0 -> -1
2022-10-25 12:15:18,447 [pool-141-thread-1] INFO  server.RaftServer$Division (RaftServerImpl.java:start(334)) - be21c5c4-321c-411e-8ca9-5bb5909d110b@group-670B8877836B: start as a follower, conf=-1: peers:[be21c5c4-321c-411e-8ca9-5bb5909d110b|rpc:10.1.1.43:34703|priority:0|startupRole:FOLLOWER, d4065fed-2d66-41be-989b-4bd24a4f6517|rpc:10.1.1.43:33373|priority:0|startupRole:FOLLOWER, 6ce03c57-5430-4ab1-bf83-fb555d2de968|rpc:10.1.1.43:33579|priority:1|startupRole:FOLLOWER]|listeners:[], old=null
2022-10-25 12:15:18,447 [pool-141-thread-1] INFO  server.RaftServer$Division (RaftServerImpl.java:setRole(321)) - be21c5c4-321c-411e-8ca9-5bb5909d110b@group-670B8877836B: changes role from      null to FOLLOWER at term 0 for startAsFollower
2022-10-25 12:15:18,447 [pool-141-thread-1] INFO  impl.RoleInfo (RoleInfo.java:updateAndGet(139)) - be21c5c4-321c-411e-8ca9-5bb5909d110b: start be21c5c4-321c-411e-8ca9-5bb5909d110b@group-670B8877836B-FollowerState
2022-10-25 12:15:18,448 [pool-141-thread-1] INFO  util.JmxRegister (JmxRegister.java:tryRegister(44)) - Successfully registered JMX Bean with object name Ratis:service=RaftServer,group=group-670B8877836B,id=be21c5c4-321c-411e-8ca9-5bb5909d110b
2022-10-25 12:15:18,448 [pool-141-thread-1] INFO  server.RaftServerConfigKeys (ConfUtils.java:logGet(46)) - raft.server.snapshot.auto.trigger.enabled = true (custom)
2022-10-25 12:15:18,448 [pool-141-thread-1] INFO  server.RaftServerConfigKeys (ConfUtils.java:logGet(46)) - raft.server.snapshot.auto.trigger.threshold = 10000 (custom)
2022-10-25 12:15:18,448 [pool-141-thread-1] INFO  server.RaftServerConfigKeys (ConfUtils.java:logGet(46)) - raft.server.snapshot.retention.file.num = 5 (custom)
2022-10-25 12:15:18,448 [pool-141-thread-1] INFO  server.RaftServerConfigKeys (ConfUtils.java:logGet(46)) - raft.server.log.purge.upto.snapshot.index = false (default)
2022-10-25 12:15:18,452 [be21c5c4-321c-411e-8ca9-5bb5909d110b@group-670B8877836B-FollowerState] INFO  server.RaftServerConfigKeys (ConfUtils.java:logFallback(53)) - raft.server.rpc.first-election.timeout.min = 5s (fallback to raft.server.rpc.timeout.min)
2022-10-25 12:15:18,452 [be21c5c4-321c-411e-8ca9-5bb5909d110b@group-670B8877836B-FollowerState] INFO  server.RaftServerConfigKeys (ConfUtils.java:logFallback(53)) - raft.server.rpc.first-election.timeout.max = 5200ms (fallback to raft.server.rpc.timeout.max)
2022-10-25 12:15:18,452 [Command processor thread] INFO  ratis.XceiverServerRatis (XceiverServerRatis.java:addGroup(765)) - Created group PipelineID=7fe513b6-f2fb-4b3f-969c-670b8877836b
2022-10-25 12:15:18,471 [grpc-default-executor-0] INFO  server.RaftServer (RaftServerProxy.java:addNew(96)) - d4065fed-2d66-41be-989b-4bd24a4f6517: addNew group-670B8877836B:[be21c5c4-321c-411e-8ca9-5bb5909d110b|rpc:10.1.1.43:34703|dataStream:|priority:0|startupRole:FOLLOWER, d4065fed-2d66-41be-989b-4bd24a4f6517|rpc:10.1.1.43:33373|dataStream:|priority:0|startupRole:FOLLOWER, 6ce03c57-5430-4ab1-bf83-fb555d2de968|rpc:10.1.1.43:33579|dataStream:|priority:1|startupRole:FOLLOWER] returns group-670B8877836B:java.util.concurrent.CompletableFuture@1ba43a90[Not completed]
2022-10-25 12:15:18,472 [pool-187-thread-1] INFO  server.RaftServer$Division (RaftServerImpl.java:<init>(195)) - d4065fed-2d66-41be-989b-4bd24a4f6517: new RaftServerImpl for group-670B8877836B:[be21c5c4-321c-411e-8ca9-5bb5909d110b|rpc:10.1.1.43:34703|dataStream:|priority:0|startupRole:FOLLOWER, d4065fed-2d66-41be-989b-4bd24a4f6517|rpc:10.1.1.43:33373|dataStream:|priority:0|startupRole:FOLLOWER, 6ce03c57-5430-4ab1-bf83-fb555d2de968|rpc:10.1.1.43:33579|dataStream:|priority:1|startupRole:FOLLOWER] with ContainerStateMachine:uninitialized
2022-10-25 12:15:18,472 [pool-187-thread-1] INFO  server.RaftServerConfigKeys (ConfUtils.java:logGet(46)) - raft.server.rpc.timeout.min = 5s (custom)
2022-10-25 12:15:18,472 [pool-187-thread-1] INFO  server.RaftServerConfigKeys (ConfUtils.java:logGet(46)) - raft.server.rpc.timeout.max = 5200ms (custom)
2022-10-25 12:15:18,472 [pool-187-thread-1] INFO  server.RaftServerConfigKeys (ConfUtils.java:logGet(46)) - raft.server.rpc.sleep.time = 25ms (default)
2022-10-25 12:15:18,472 [pool-187-thread-1] INFO  server.RaftServerConfigKeys (ConfUtils.java:logGet(46)) - raft.server.rpc.slowness.timeout = 300s (custom)
2022-10-25 12:15:18,472 [pool-187-thread-1] INFO  server.RaftServerConfigKeys (ConfUtils.java:logGet(46)) - raft.server.leaderelection.leader.step-down.wait-time = 10s (default)
2022-10-25 12:15:18,472 [pool-187-thread-1] INFO  server.RaftServerConfigKeys (ConfUtils.java:logGet(46)) - raft.server.sleep.deviation.threshold = 300ms (default)
2022-10-25 12:15:18,472 [pool-187-thread-1] INFO  server.RaftServer$Division (ServerState.java:<init>(118)) - d4065fed-2d66-41be-989b-4bd24a4f6517@group-670B8877836B: ConfigurationManager, init=-1: peers:[be21c5c4-321c-411e-8ca9-5bb5909d110b|rpc:10.1.1.43:34703|dataStream:|priority:0|startupRole:FOLLOWER, d4065fed-2d66-41be-989b-4bd24a4f6517|rpc:10.1.1.43:33373|dataStream:|priority:0|startupRole:FOLLOWER, 6ce03c57-5430-4ab1-bf83-fb555d2de968|rpc:10.1.1.43:33579|dataStream:|priority:1|startupRole:FOLLOWER]|listeners:[], old=null, confs=<EMPTY_MAP>
2022-10-25 12:15:18,472 [pool-187-thread-1] INFO  server.RaftServerConfigKeys (ConfUtils.java:logGet(46)) - raft.server.storage.dir = [/home/runner/work/ozone/ozone/hadoop-ozone/integration-test/target/test-dir/MiniOzoneClusterImpl-59fd4bbb-78e8-4c50-bd4e-19e5c7f0d0cd/datanode-5/data/ratis] (custom)
2022-10-25 12:15:18,473 [pool-187-thread-1] INFO  server.RaftServerConfigKeys (ConfUtils.java:logGet(46)) - raft.server.log.corruption.policy = EXCEPTION (default)
2022-10-25 12:15:18,473 [pool-187-thread-1] INFO  server.RaftServerConfigKeys (ConfUtils.java:logGet(46)) - raft.server.storage.free-space.min = 0MB (=0) (default)
2022-10-25 12:15:18,473 [pool-187-thread-1] INFO  server.RaftServerConfigKeys (ConfUtils.java:logGet(46)) - raft.server.notification.no-leader.timeout = 300s (custom)
2022-10-25 12:15:18,473 [pool-187-thread-1] INFO  server.RaftServerConfigKeys (ConfUtils.java:logGet(46)) - raft.server.retrycache.expirytime = 600000ms (custom)
2022-10-25 12:15:18,473 [pool-187-thread-1] INFO  server.RaftServerConfigKeys (ConfUtils.java:logGet(46)) - raft.server.retrycache.statistics.expirytime = 100μs (default)
2022-10-25 12:15:18,475 [pool-187-thread-1] INFO  server.RaftServerConfigKeys (ConfUtils.java:logGet(46)) - raft.server.log.appender.install.snapshot.enabled = false (custom)
2022-10-25 12:15:18,475 [pool-187-thread-1] INFO  server.RaftServerConfigKeys (ConfUtils.java:logGet(46)) - raft.server.threadpool.server.cached = true (default)
2022-10-25 12:15:18,475 [pool-187-thread-1] INFO  server.RaftServerConfigKeys (ConfUtils.java:logGet(46)) - raft.server.threadpool.server.size = 0 (default)
2022-10-25 12:15:18,475 [pool-187-thread-1] INFO  server.RaftServerConfigKeys (ConfUtils.java:logGet(46)) - raft.server.threadpool.client.cached = true (default)
2022-10-25 12:15:18,475 [pool-187-thread-1] INFO  server.RaftServerConfigKeys (ConfUtils.java:logGet(46)) - raft.server.threadpool.client.size = 0 (default)
2022-10-25 12:15:18,475 [pool-187-thread-1] INFO  storage.RaftStorageDirectory (RaftStorageDirectoryImpl.java:analyzeStorage(137)) - The storage directory /home/runner/work/ozone/ozone/hadoop-ozone/integration-test/target/test-dir/MiniOzoneClusterImpl-59fd4bbb-78e8-4c50-bd4e-19e5c7f0d0cd/datanode-5/data/ratis/7fe513b6-f2fb-4b3f-969c-670b8877836b does not exist. Creating ...
2022-10-25 12:15:18,476 [pool-187-thread-1] INFO  storage.RaftStorageDirectory (RaftStorageDirectoryImpl.java:tryLock(231)) - Lock on /home/runner/work/ozone/ozone/hadoop-ozone/integration-test/target/test-dir/MiniOzoneClusterImpl-59fd4bbb-78e8-4c50-bd4e-19e5c7f0d0cd/datanode-5/data/ratis/7fe513b6-f2fb-4b3f-969c-670b8877836b/in_use.lock acquired by nodename 14024@fv-az82-510
2022-10-25 12:15:18,478 [pool-187-thread-1] INFO  storage.RaftStorage (RaftStorageImpl.java:format(96)) - Storage directory /home/runner/work/ozone/ozone/hadoop-ozone/integration-test/target/test-dir/MiniOzoneClusterImpl-59fd4bbb-78e8-4c50-bd4e-19e5c7f0d0cd/datanode-5/data/ratis/7fe513b6-f2fb-4b3f-969c-670b8877836b has been successfully formatted.
2022-10-25 12:15:18,478 [pool-187-thread-1] INFO  ratis.ContainerStateMachine (ContainerStateMachine.java:loadSnapshot(236)) - group-670B8877836B: The snapshot info is null. Setting the last applied indexto:(t:0, i:~)
2022-10-25 12:15:18,478 [pool-187-thread-1] INFO  server.RaftServerConfigKeys (ConfUtils.java:logGet(46)) - raft.server.log.use.memory = false (default)
2022-10-25 12:15:18,478 [pool-187-thread-1] INFO  server.RaftServerConfigKeys (ConfUtils.java:logGet(46)) - raft.server.log.purge.gap = 1000000 (custom)
2022-10-25 12:15:18,479 [pool-187-thread-1] INFO  server.RaftServerConfigKeys (ConfUtils.java:logGet(46)) - raft.server.log.appender.buffer.byte-limit = 33554432 (custom)
2022-10-25 12:15:18,479 [pool-187-thread-1] INFO  server.RaftServerConfigKeys (ConfUtils.java:logGet(46)) - raft.server.log.statemachine.data.read.timeout = 1000ms (default)
2022-10-25 12:15:18,480 [pool-187-thread-1] INFO  server.RaftServerConfigKeys (ConfUtils.java:logGet(46)) - raft.server.log.purge.preservation.log.num = 0 (default)
2022-10-25 12:15:18,481 [pool-187-thread-1] INFO  server.RaftServerConfigKeys (ConfUtils.java:logGet(46)) - raft.server.log.segment.size.max = 1048576 (custom)
2022-10-25 12:15:18,481 [pool-187-thread-1] INFO  server.RaftServerConfigKeys (ConfUtils.java:logGet(46)) - raft.server.log.segment.cache.num.max = 2 (custom)
2022-10-25 12:15:18,481 [pool-187-thread-1] INFO  server.RaftServerConfigKeys (ConfUtils.java:logGet(46)) - raft.server.log.segment.cache.size.max = 200MB (=209715200) (default)
2022-10-25 12:15:18,481 [pool-187-thread-1] INFO  segmented.SegmentedRaftLogWorker (SegmentedRaftLogWorker.java:<init>(191)) - new d4065fed-2d66-41be-989b-4bd24a4f6517@group-670B8877836B-SegmentedRaftLogWorker for RaftStorageImpl:Storage Directory /home/runner/work/ozone/ozone/hadoop-ozone/integration-test/target/test-dir/MiniOzoneClusterImpl-59fd4bbb-78e8-4c50-bd4e-19e5c7f0d0cd/datanode-5/data/ratis/7fe513b6-f2fb-4b3f-969c-670b8877836b
2022-10-25 12:15:18,481 [pool-187-thread-1] INFO  server.RaftServerConfigKeys (ConfUtils.java:logGet(46)) - raft.server.log.queue.byte-limit = 4294967296 (custom)
2022-10-25 12:15:18,481 [pool-187-thread-1] INFO  server.RaftServerConfigKeys (ConfUtils.java:logGet(46)) - raft.server.log.queue.element-limit = 1024 (custom)
2022-10-25 12:15:18,481 [pool-187-thread-1] INFO  server.RaftServerConfigKeys (ConfUtils.java:logGet(46)) - raft.server.log.segment.size.max = 1048576 (custom)
2022-10-25 12:15:18,482 [pool-187-thread-1] INFO  server.RaftServerConfigKeys (ConfUtils.java:logGet(46)) - raft.server.log.preallocated.size = 16384 (custom)
2022-10-25 12:15:18,482 [pool-187-thread-1] INFO  server.RaftServerConfigKeys (ConfUtils.java:logGet(46)) - raft.server.log.force.sync.num = 128 (default)
2022-10-25 12:15:18,482 [pool-187-thread-1] INFO  server.RaftServerConfigKeys (ConfUtils.java:logGet(46)) - raft.server.log.statemachine.data.sync = true (default)
2022-10-25 12:15:18,482 [pool-187-thread-1] INFO  server.RaftServerConfigKeys (ConfUtils.java:logGet(46)) - raft.server.log.statemachine.data.sync.timeout = 10s (default)
2022-10-25 12:15:18,482 [pool-187-thread-1] INFO  server.RaftServerConfigKeys (ConfUtils.java:logGet(46)) - raft.server.log.statemachine.data.sync.timeout.retry = -1 (default)
2022-10-25 12:15:18,483 [pool-187-thread-1] INFO  server.RaftServerConfigKeys (ConfUtils.java:logGet(46)) - raft.server.log.write.buffer.size = 1048576 (custom)
2022-10-25 12:15:18,484 [pool-187-thread-1] INFO  server.RaftServerConfigKeys (ConfUtils.java:logGet(46)) - raft.server.log.unsafe-flush.enabled = false (default)
2022-10-25 12:15:18,484 [pool-187-thread-1] INFO  server.RaftServerConfigKeys (ConfUtils.java:logGet(46)) - raft.server.log.async-flush.enabled = false (default)
2022-10-25 12:15:18,484 [pool-187-thread-1] INFO  server.RaftServerConfigKeys (ConfUtils.java:logGet(46)) - raft.server.log.statemachine.data.caching.enabled = true (custom)
2022-10-25 12:15:18,484 [pool-187-thread-1] INFO  segmented.SegmentedRaftLogWorker (SegmentedRaftLogWorker.java:lambda$new$0(136)) - d4065fed-2d66-41be-989b-4bd24a4f6517@group-670B8877836B-SegmentedRaftLogWorker: flushIndex: setUnconditionally 0 -> -1
2022-10-25 12:15:18,484 [pool-187-thread-1] INFO  segmented.SegmentedRaftLogWorker (SegmentedRaftLogWorker.java:lambda$new$0(136)) - d4065fed-2d66-41be-989b-4bd24a4f6517@group-670B8877836B-SegmentedRaftLogWorker: safeCacheEvictIndex: setUnconditionally 0 -> -1
2022-10-25 12:15:18,486 [pool-187-thread-1] INFO  server.RaftServer$Division (RaftServerImpl.java:start(334)) - d4065fed-2d66-41be-989b-4bd24a4f6517@group-670B8877836B: start as a follower, conf=-1: peers:[be21c5c4-321c-411e-8ca9-5bb5909d110b|rpc:10.1.1.43:34703|dataStream:|priority:0|startupRole:FOLLOWER, d4065fed-2d66-41be-989b-4bd24a4f6517|rpc:10.1.1.43:33373|dataStream:|priority:0|startupRole:FOLLOWER, 6ce03c57-5430-4ab1-bf83-fb555d2de968|rpc:10.1.1.43:33579|dataStream:|priority:1|startupRole:FOLLOWER]|listeners:[], old=null
2022-10-25 12:15:18,487 [pool-187-thread-1] INFO  server.RaftServer$Division (RaftServerImpl.java:setRole(321)) - d4065fed-2d66-41be-989b-4bd24a4f6517@group-670B8877836B: changes role from      null to FOLLOWER at term 0 for startAsFollower
2022-10-25 12:15:18,487 [pool-187-thread-1] INFO  impl.RoleInfo (RoleInfo.java:updateAndGet(139)) - d4065fed-2d66-41be-989b-4bd24a4f6517: start d4065fed-2d66-41be-989b-4bd24a4f6517@group-670B8877836B-FollowerState
2022-10-25 12:15:18,488 [pool-187-thread-1] INFO  util.JmxRegister (JmxRegister.java:tryRegister(44)) - Successfully registered JMX Bean with object name Ratis:service=RaftServer,group=group-670B8877836B,id=d4065fed-2d66-41be-989b-4bd24a4f6517
2022-10-25 12:15:18,488 [pool-187-thread-1] INFO  server.RaftServerConfigKeys (ConfUtils.java:logGet(46)) - raft.server.snapshot.auto.trigger.enabled = true (custom)
2022-10-25 12:15:18,488 [pool-187-thread-1] INFO  server.RaftServerConfigKeys (ConfUtils.java:logGet(46)) - raft.server.snapshot.auto.trigger.threshold = 10000 (custom)
2022-10-25 12:15:18,488 [pool-187-thread-1] INFO  server.RaftServerConfigKeys (ConfUtils.java:logGet(46)) - raft.server.snapshot.retention.file.num = 5 (custom)
2022-10-25 12:15:18,488 [pool-187-thread-1] INFO  server.RaftServerConfigKeys (ConfUtils.java:logGet(46)) - raft.server.log.purge.upto.snapshot.index = false (default)
2022-10-25 12:15:18,490 [d4065fed-2d66-41be-989b-4bd24a4f6517@group-670B8877836B-FollowerState] INFO  server.RaftServerConfigKeys (ConfUtils.java:logFallback(53)) - raft.server.rpc.first-election.timeout.min = 5s (fallback to raft.server.rpc.timeout.min)
2022-10-25 12:15:18,494 [d4065fed-2d66-41be-989b-4bd24a4f6517@group-670B8877836B-FollowerState] INFO  server.RaftServerConfigKeys (ConfUtils.java:logFallback(53)) - raft.server.rpc.first-election.timeout.max = 5200ms (fallback to raft.server.rpc.timeout.max)
2022-10-25 12:15:18,514 [grpc-default-executor-0] INFO  server.RaftServer (RaftServerProxy.java:addNew(96)) - 6ce03c57-5430-4ab1-bf83-fb555d2de968: addNew group-670B8877836B:[be21c5c4-321c-411e-8ca9-5bb5909d110b|rpc:10.1.1.43:34703|dataStream:|priority:0|startupRole:FOLLOWER, d4065fed-2d66-41be-989b-4bd24a4f6517|rpc:10.1.1.43:33373|dataStream:|priority:0|startupRole:FOLLOWER, 6ce03c57-5430-4ab1-bf83-fb555d2de968|rpc:10.1.1.43:33579|dataStream:|priority:1|startupRole:FOLLOWER] returns group-670B8877836B:java.util.concurrent.CompletableFuture@778667ba[Not completed]
2022-10-25 12:15:18,515 [pool-164-thread-1] INFO  server.RaftServer$Division (RaftServerImpl.java:<init>(195)) - 6ce03c57-5430-4ab1-bf83-fb555d2de968: new RaftServerImpl for group-670B8877836B:[be21c5c4-321c-411e-8ca9-5bb5909d110b|rpc:10.1.1.43:34703|dataStream:|priority:0|startupRole:FOLLOWER, d4065fed-2d66-41be-989b-4bd24a4f6517|rpc:10.1.1.43:33373|dataStream:|priority:0|startupRole:FOLLOWER, 6ce03c57-5430-4ab1-bf83-fb555d2de968|rpc:10.1.1.43:33579|dataStream:|priority:1|startupRole:FOLLOWER] with ContainerStateMachine:uninitialized
2022-10-25 12:15:18,515 [pool-164-thread-1] INFO  server.RaftServerConfigKeys (ConfUtils.java:logGet(46)) - raft.server.rpc.timeout.min = 5s (custom)
2022-10-25 12:15:18,515 [pool-164-thread-1] INFO  server.RaftServerConfigKeys (ConfUtils.java:logGet(46)) - raft.server.rpc.timeout.max = 5200ms (custom)
2022-10-25 12:15:18,515 [pool-164-thread-1] INFO  server.RaftServerConfigKeys (ConfUtils.java:logGet(46)) - raft.server.rpc.sleep.time = 25ms (default)
2022-10-25 12:15:18,515 [pool-164-thread-1] INFO  server.RaftServerConfigKeys (ConfUtils.java:logGet(46)) - raft.server.rpc.slowness.timeout = 300s (custom)
2022-10-25 12:15:18,515 [pool-164-thread-1] INFO  server.RaftServerConfigKeys (ConfUtils.java:logGet(46)) - raft.server.leaderelection.leader.step-down.wait-time = 10s (default)
2022-10-25 12:15:18,515 [pool-164-thread-1] INFO  server.RaftServerConfigKeys (ConfUtils.java:logGet(46)) - raft.server.sleep.deviation.threshold = 300ms (default)
2022-10-25 12:15:18,515 [pool-164-thread-1] INFO  server.RaftServer$Division (ServerState.java:<init>(118)) - 6ce03c57-5430-4ab1-bf83-fb555d2de968@group-670B8877836B: ConfigurationManager, init=-1: peers:[be21c5c4-321c-411e-8ca9-5bb5909d110b|rpc:10.1.1.43:34703|dataStream:|priority:0|startupRole:FOLLOWER, d4065fed-2d66-41be-989b-4bd24a4f6517|rpc:10.1.1.43:33373|dataStream:|priority:0|startupRole:FOLLOWER, 6ce03c57-5430-4ab1-bf83-fb555d2de968|rpc:10.1.1.43:33579|dataStream:|priority:1|startupRole:FOLLOWER]|listeners:[], old=null, confs=<EMPTY_MAP>
2022-10-25 12:15:18,515 [pool-164-thread-1] INFO  server.RaftServerConfigKeys (ConfUtils.java:logGet(46)) - raft.server.storage.dir = [/home/runner/work/ozone/ozone/hadoop-ozone/integration-test/target/test-dir/MiniOzoneClusterImpl-59fd4bbb-78e8-4c50-bd4e-19e5c7f0d0cd/datanode-4/data/ratis] (custom)
2022-10-25 12:15:18,515 [pool-164-thread-1] INFO  server.RaftServerConfigKeys (ConfUtils.java:logGet(46)) - raft.server.log.corruption.policy = EXCEPTION (default)
2022-10-25 12:15:18,515 [pool-164-thread-1] INFO  server.RaftServerConfigKeys (ConfUtils.java:logGet(46)) - raft.server.storage.free-space.min = 0MB (=0) (default)
2022-10-25 12:15:18,516 [pool-164-thread-1] INFO  server.RaftServerConfigKeys (ConfUtils.java:logGet(46)) - raft.server.notification.no-leader.timeout = 300s (custom)
2022-10-25 12:15:18,516 [pool-164-thread-1] INFO  server.RaftServerConfigKeys (ConfUtils.java:logGet(46)) - raft.server.retrycache.expirytime = 600000ms (custom)
2022-10-25 12:15:18,516 [pool-164-thread-1] INFO  server.RaftServerConfigKeys (ConfUtils.java:logGet(46)) - raft.server.retrycache.statistics.expirytime = 100μs (default)
2022-10-25 12:15:18,517 [pool-164-thread-1] INFO  server.RaftServerConfigKeys (ConfUtils.java:logGet(46)) - raft.server.log.appender.install.snapshot.enabled = false (custom)
2022-10-25 12:15:18,517 [pool-164-thread-1] INFO  server.RaftServerConfigKeys (ConfUtils.java:logGet(46)) - raft.server.threadpool.server.cached = true (default)
2022-10-25 12:15:18,517 [pool-164-thread-1] INFO  server.RaftServerConfigKeys (ConfUtils.java:logGet(46)) - raft.server.threadpool.server.size = 0 (default)
2022-10-25 12:15:18,517 [pool-164-thread-1] INFO  server.RaftServerConfigKeys (ConfUtils.java:logGet(46)) - raft.server.threadpool.client.cached = true (default)
2022-10-25 12:15:18,517 [pool-164-thread-1] INFO  server.RaftServerConfigKeys (ConfUtils.java:logGet(46)) - raft.server.threadpool.client.size = 0 (default)
2022-10-25 12:15:18,517 [pool-164-thread-1] INFO  storage.RaftStorageDirectory (RaftStorageDirectoryImpl.java:analyzeStorage(137)) - The storage directory /home/runner/work/ozone/ozone/hadoop-ozone/integration-test/target/test-dir/MiniOzoneClusterImpl-59fd4bbb-78e8-4c50-bd4e-19e5c7f0d0cd/datanode-4/data/ratis/7fe513b6-f2fb-4b3f-969c-670b8877836b does not exist. Creating ...
2022-10-25 12:15:18,519 [pool-164-thread-1] INFO  storage.RaftStorageDirectory (RaftStorageDirectoryImpl.java:tryLock(231)) - Lock on /home/runner/work/ozone/ozone/hadoop-ozone/integration-test/target/test-dir/MiniOzoneClusterImpl-59fd4bbb-78e8-4c50-bd4e-19e5c7f0d0cd/datanode-4/data/ratis/7fe513b6-f2fb-4b3f-969c-670b8877836b/in_use.lock acquired by nodename 14024@fv-az82-510
2022-10-25 12:15:18,520 [pool-164-thread-1] INFO  storage.RaftStorage (RaftStorageImpl.java:format(96)) - Storage directory /home/runner/work/ozone/ozone/hadoop-ozone/integration-test/target/test-dir/MiniOzoneClusterImpl-59fd4bbb-78e8-4c50-bd4e-19e5c7f0d0cd/datanode-4/data/ratis/7fe513b6-f2fb-4b3f-969c-670b8877836b has been successfully formatted.
2022-10-25 12:15:18,523 [pool-164-thread-1] INFO  ratis.ContainerStateMachine (ContainerStateMachine.java:loadSnapshot(236)) - group-670B8877836B: The snapshot info is null. Setting the last applied indexto:(t:0, i:~)
2022-10-25 12:15:18,523 [pool-164-thread-1] INFO  server.RaftServerConfigKeys (ConfUtils.java:logGet(46)) - raft.server.log.use.memory = false (default)
2022-10-25 12:15:18,523 [pool-164-thread-1] INFO  server.RaftServerConfigKeys (ConfUtils.java:logGet(46)) - raft.server.log.purge.gap = 1000000 (custom)
2022-10-25 12:15:18,523 [pool-164-thread-1] INFO  server.RaftServerConfigKeys (ConfUtils.java:logGet(46)) - raft.server.log.appender.buffer.byte-limit = 33554432 (custom)
2022-10-25 12:15:18,523 [pool-164-thread-1] INFO  server.RaftServerConfigKeys (ConfUtils.java:logGet(46)) - raft.server.log.statemachine.data.read.timeout = 1000ms (default)
2022-10-25 12:15:18,523 [pool-164-thread-1] INFO  server.RaftServerConfigKeys (ConfUtils.java:logGet(46)) - raft.server.log.purge.preservation.log.num = 0 (default)
2022-10-25 12:15:18,524 [pool-164-thread-1] INFO  server.RaftServerConfigKeys (ConfUtils.java:logGet(46)) - raft.server.log.segment.size.max = 1048576 (custom)
2022-10-25 12:15:18,524 [pool-164-thread-1] INFO  server.RaftServerConfigKeys (ConfUtils.java:logGet(46)) - raft.server.log.segment.cache.num.max = 2 (custom)
2022-10-25 12:15:18,524 [pool-164-thread-1] INFO  server.RaftServerConfigKeys (ConfUtils.java:logGet(46)) - raft.server.log.segment.cache.size.max = 200MB (=209715200) (default)
2022-10-25 12:15:18,524 [pool-164-thread-1] INFO  segmented.SegmentedRaftLogWorker (SegmentedRaftLogWorker.java:<init>(191)) - new 6ce03c57-5430-4ab1-bf83-fb555d2de968@group-670B8877836B-SegmentedRaftLogWorker for RaftStorageImpl:Storage Directory /home/runner/work/ozone/ozone/hadoop-ozone/integration-test/target/test-dir/MiniOzoneClusterImpl-59fd4bbb-78e8-4c50-bd4e-19e5c7f0d0cd/datanode-4/data/ratis/7fe513b6-f2fb-4b3f-969c-670b8877836b
2022-10-25 12:15:18,524 [pool-164-thread-1] INFO  server.RaftServerConfigKeys (ConfUtils.java:logGet(46)) - raft.server.log.queue.byte-limit = 4294967296 (custom)
2022-10-25 12:15:18,524 [pool-164-thread-1] INFO  server.RaftServerConfigKeys (ConfUtils.java:logGet(46)) - raft.server.log.queue.element-limit = 1024 (custom)
2022-10-25 12:15:18,525 [pool-164-thread-1] INFO  server.RaftServerConfigKeys (ConfUtils.java:logGet(46)) - raft.server.log.segment.size.max = 1048576 (custom)
2022-10-25 12:15:18,525 [pool-164-thread-1] INFO  server.RaftServerConfigKeys (ConfUtils.java:logGet(46)) - raft.server.log.preallocated.size = 16384 (custom)
2022-10-25 12:15:18,525 [pool-164-thread-1] INFO  server.RaftServerConfigKeys (ConfUtils.java:logGet(46)) - raft.server.log.force.sync.num = 128 (default)
2022-10-25 12:15:18,525 [pool-164-thread-1] INFO  server.RaftServerConfigKeys (ConfUtils.java:logGet(46)) - raft.server.log.statemachine.data.sync = true (default)
2022-10-25 12:15:18,525 [pool-164-thread-1] INFO  server.RaftServerConfigKeys (ConfUtils.java:logGet(46)) - raft.server.log.statemachine.data.sync.timeout = 10s (default)
2022-10-25 12:15:18,525 [pool-164-thread-1] INFO  server.RaftServerConfigKeys (ConfUtils.java:logGet(46)) - raft.server.log.statemachine.data.sync.timeout.retry = -1 (default)
2022-10-25 12:15:18,526 [pool-164-thread-1] INFO  server.RaftServerConfigKeys (ConfUtils.java:logGet(46)) - raft.server.log.write.buffer.size = 1048576 (custom)
2022-10-25 12:15:18,527 [pool-164-thread-1] INFO  server.RaftServerConfigKeys (ConfUtils.java:logGet(46)) - raft.server.log.unsafe-flush.enabled = false (default)
2022-10-25 12:15:18,527 [pool-164-thread-1] INFO  server.RaftServerConfigKeys (ConfUtils.java:logGet(46)) - raft.server.log.async-flush.enabled = false (default)
2022-10-25 12:15:18,527 [pool-164-thread-1] INFO  server.RaftServerConfigKeys (ConfUtils.java:logGet(46)) - raft.server.log.statemachine.data.caching.enabled = true (custom)
2022-10-25 12:15:18,527 [pool-164-thread-1] INFO  segmented.SegmentedRaftLogWorker (SegmentedRaftLogWorker.java:lambda$new$0(136)) - 6ce03c57-5430-4ab1-bf83-fb555d2de968@group-670B8877836B-SegmentedRaftLogWorker: flushIndex: setUnconditionally 0 -> -1
2022-10-25 12:15:18,527 [pool-164-thread-1] INFO  segmented.SegmentedRaftLogWorker (SegmentedRaftLogWorker.java:lambda$new$0(136)) - 6ce03c57-5430-4ab1-bf83-fb555d2de968@group-670B8877836B-SegmentedRaftLogWorker: safeCacheEvictIndex: setUnconditionally 0 -> -1
2022-10-25 12:15:18,527 [pool-164-thread-1] INFO  server.RaftServer$Division (RaftServerImpl.java:start(334)) - 6ce03c57-5430-4ab1-bf83-fb555d2de968@group-670B8877836B: start as a follower, conf=-1: peers:[be21c5c4-321c-411e-8ca9-5bb5909d110b|rpc:10.1.1.43:34703|dataStream:|priority:0|startupRole:FOLLOWER, d4065fed-2d66-41be-989b-4bd24a4f6517|rpc:10.1.1.43:33373|dataStream:|priority:0|startupRole:FOLLOWER, 6ce03c57-5430-4ab1-bf83-fb555d2de968|rpc:10.1.1.43:33579|dataStream:|priority:1|startupRole:FOLLOWER]|listeners:[], old=null
2022-10-25 12:15:18,527 [pool-164-thread-1] INFO  server.RaftServer$Division (RaftServerImpl.java:setRole(321)) - 6ce03c57-5430-4ab1-bf83-fb555d2de968@group-670B8877836B: changes role from      null to FOLLOWER at term 0 for startAsFollower
2022-10-25 12:15:18,527 [pool-164-thread-1] INFO  impl.RoleInfo (RoleInfo.java:updateAndGet(139)) - 6ce03c57-5430-4ab1-bf83-fb555d2de968: start 6ce03c57-5430-4ab1-bf83-fb555d2de968@group-670B8877836B-FollowerState
2022-10-25 12:15:18,528 [pool-164-thread-1] INFO  util.JmxRegister (JmxRegister.java:tryRegister(44)) - Successfully registered JMX Bean with object name Ratis:service=RaftServer,group=group-670B8877836B,id=6ce03c57-5430-4ab1-bf83-fb555d2de968
2022-10-25 12:15:18,528 [6ce03c57-5430-4ab1-bf83-fb555d2de968@group-670B8877836B-FollowerState] INFO  server.RaftServerConfigKeys (ConfUtils.java:logFallback(53)) - raft.server.rpc.first-election.timeout.min = 5s (fallback to raft.server.rpc.timeout.min)
2022-10-25 12:15:18,528 [pool-164-thread-1] INFO  server.RaftServerConfigKeys (ConfUtils.java:logGet(46)) - raft.server.snapshot.auto.trigger.enabled = true (custom)
2022-10-25 12:15:18,529 [6ce03c57-5430-4ab1-bf83-fb555d2de968@group-670B8877836B-FollowerState] INFO  server.RaftServerConfigKeys (ConfUtils.java:logFallback(53)) - raft.server.rpc.first-election.timeout.max = 5200ms (fallback to raft.server.rpc.timeout.max)
2022-10-25 12:15:18,529 [pool-164-thread-1] INFO  server.RaftServerConfigKeys (ConfUtils.java:logGet(46)) - raft.server.snapshot.auto.trigger.threshold = 10000 (custom)
2022-10-25 12:15:18,529 [pool-164-thread-1] INFO  server.RaftServerConfigKeys (ConfUtils.java:logGet(46)) - raft.server.snapshot.retention.file.num = 5 (custom)
2022-10-25 12:15:18,529 [pool-164-thread-1] INFO  server.RaftServerConfigKeys (ConfUtils.java:logGet(46)) - raft.server.log.purge.upto.snapshot.index = false (default)
2022-10-25 12:15:18,537 [Command processor thread] INFO  commandhandler.CreatePipelineCommandHandler (CreatePipelineCommandHandler.java:handle(113)) - Created Pipeline RATIS THREE PipelineID=7fe513b6-f2fb-4b3f-969c-670b8877836b.
2022-10-25 12:15:18,561 [Listener at 127.0.0.1/33161] INFO  ozone.MiniOzoneClusterImpl (MiniOzoneClusterImpl.java:lambda$waitForClusterToBeReady$0(216)) - Nodes are ready. Got 10 of 10 DN Heartbeats.
2022-10-25 12:15:18,561 [Listener at 127.0.0.1/33161] INFO  ozone.MiniOzoneClusterImpl (MiniOzoneClusterImpl.java:lambda$waitForClusterToBeReady$0(219)) - Waiting for cluster to exit safe mode
2022-10-25 12:15:18,562 [Listener at 127.0.0.1/33161] INFO  ozone.MiniOzoneClusterImpl (MiniOzoneClusterImpl.java:lambda$waitForClusterToBeReady$0(221)) - SCM became leader
2022-10-25 12:15:18,598 [Command processor thread] INFO  server.RaftServer (RaftServerProxy.java:addNew(96)) - 6ce03c57-5430-4ab1-bf83-fb555d2de968: addNew group-BD4C0CBA6135:[6ce03c57-5430-4ab1-bf83-fb555d2de968|rpc:10.1.1.43:33579|priority:1|startupRole:FOLLOWER] returns group-BD4C0CBA6135:java.util.concurrent.CompletableFuture@657dd23b[Not completed]
2022-10-25 12:15:18,599 [pool-164-thread-1] INFO  server.RaftServer$Division (RaftServerImpl.java:<init>(195)) - 6ce03c57-5430-4ab1-bf83-fb555d2de968: new RaftServerImpl for group-BD4C0CBA6135:[6ce03c57-5430-4ab1-bf83-fb555d2de968|rpc:10.1.1.43:33579|priority:1|startupRole:FOLLOWER] with ContainerStateMachine:uninitialized
2022-10-25 12:15:18,599 [pool-164-thread-1] INFO  server.RaftServerConfigKeys (ConfUtils.java:logGet(46)) - raft.server.rpc.timeout.min = 5s (custom)
2022-10-25 12:15:18,599 [pool-164-thread-1] INFO  server.RaftServerConfigKeys (ConfUtils.java:logGet(46)) - raft.server.rpc.timeout.max = 5200ms (custom)
2022-10-25 12:15:18,599 [pool-164-thread-1] INFO  server.RaftServerConfigKeys (ConfUtils.java:logGet(46)) - raft.server.rpc.sleep.time = 25ms (default)
2022-10-25 12:15:18,599 [pool-164-thread-1] INFO  server.RaftServerConfigKeys (ConfUtils.java:logGet(46)) - raft.server.rpc.slowness.timeout = 300s (custom)
2022-10-25 12:15:18,599 [pool-164-thread-1] INFO  server.RaftServerConfigKeys (ConfUtils.java:logGet(46)) - raft.server.leaderelection.leader.step-down.wait-time = 10s (default)
2022-10-25 12:15:18,599 [pool-164-thread-1] INFO  server.RaftServerConfigKeys (ConfUtils.java:logGet(46)) - raft.server.sleep.deviation.threshold = 300ms (default)
2022-10-25 12:15:18,600 [pool-164-thread-1] INFO  server.RaftServer$Division (ServerState.java:<init>(118)) - 6ce03c57-5430-4ab1-bf83-fb555d2de968@group-BD4C0CBA6135: ConfigurationManager, init=-1: peers:[6ce03c57-5430-4ab1-bf83-fb555d2de968|rpc:10.1.1.43:33579|priority:1|startupRole:FOLLOWER]|listeners:[], old=null, confs=<EMPTY_MAP>
2022-10-25 12:15:18,600 [pool-164-thread-1] INFO  server.RaftServerConfigKeys (ConfUtils.java:logGet(46)) - raft.server.storage.dir = [/home/runner/work/ozone/ozone/hadoop-ozone/integration-test/target/test-dir/MiniOzoneClusterImpl-59fd4bbb-78e8-4c50-bd4e-19e5c7f0d0cd/datanode-4/data/ratis] (custom)
2022-10-25 12:15:18,600 [pool-164-thread-1] INFO  server.RaftServerConfigKeys (ConfUtils.java:logGet(46)) - raft.server.log.corruption.policy = EXCEPTION (default)
2022-10-25 12:15:18,600 [pool-164-thread-1] INFO  server.RaftServerConfigKeys (ConfUtils.java:logGet(46)) - raft.server.storage.free-space.min = 0MB (=0) (default)
2022-10-25 12:15:18,600 [pool-164-thread-1] INFO  server.RaftServerConfigKeys (ConfUtils.java:logGet(46)) - raft.server.notification.no-leader.timeout = 300s (custom)
2022-10-25 12:15:18,600 [pool-164-thread-1] INFO  server.RaftServerConfigKeys (ConfUtils.java:logGet(46)) - raft.server.retrycache.expirytime = 600000ms (custom)
2022-10-25 12:15:18,600 [pool-164-thread-1] INFO  server.RaftServerConfigKeys (ConfUtils.java:logGet(46)) - raft.server.retrycache.statistics.expirytime = 100μs (default)
2022-10-25 12:15:18,603 [pool-164-thread-1] INFO  server.RaftServerConfigKeys (ConfUtils.java:logGet(46)) - raft.server.log.appender.install.snapshot.enabled = false (custom)
2022-10-25 12:15:18,603 [pool-164-thread-1] INFO  server.RaftServerConfigKeys (ConfUtils.java:logGet(46)) - raft.server.threadpool.server.cached = true (default)
2022-10-25 12:15:18,603 [pool-164-thread-1] INFO  server.RaftServerConfigKeys (ConfUtils.java:logGet(46)) - raft.server.threadpool.server.size = 0 (default)
2022-10-25 12:15:18,603 [pool-164-thread-1] INFO  server.RaftServerConfigKeys (ConfUtils.java:logGet(46)) - raft.server.threadpool.client.cached = true (default)
2022-10-25 12:15:18,603 [pool-164-thread-1] INFO  server.RaftServerConfigKeys (ConfUtils.java:logGet(46)) - raft.server.threadpool.client.size = 0 (default)
2022-10-25 12:15:18,604 [pool-164-thread-1] INFO  storage.RaftStorageDirectory (RaftStorageDirectoryImpl.java:analyzeStorage(137)) - The storage directory /home/runner/work/ozone/ozone/hadoop-ozone/integration-test/target/test-dir/MiniOzoneClusterImpl-59fd4bbb-78e8-4c50-bd4e-19e5c7f0d0cd/datanode-4/data/ratis/aa9a4fae-7578-4753-adb6-bd4c0cba6135 does not exist. Creating ...
2022-10-25 12:15:18,605 [pool-164-thread-1] INFO  storage.RaftStorageDirectory (RaftStorageDirectoryImpl.java:tryLock(231)) - Lock on /home/runner/work/ozone/ozone/hadoop-ozone/integration-test/target/test-dir/MiniOzoneClusterImpl-59fd4bbb-78e8-4c50-bd4e-19e5c7f0d0cd/datanode-4/data/ratis/aa9a4fae-7578-4753-adb6-bd4c0cba6135/in_use.lock acquired by nodename 14024@fv-az82-510
2022-10-25 12:15:18,606 [pool-164-thread-1] INFO  storage.RaftStorage (RaftStorageImpl.java:format(96)) - Storage directory /home/runner/work/ozone/ozone/hadoop-ozone/integration-test/target/test-dir/MiniOzoneClusterImpl-59fd4bbb-78e8-4c50-bd4e-19e5c7f0d0cd/datanode-4/data/ratis/aa9a4fae-7578-4753-adb6-bd4c0cba6135 has been successfully formatted.
2022-10-25 12:15:18,607 [pool-164-thread-1] INFO  ratis.ContainerStateMachine (ContainerStateMachine.java:loadSnapshot(236)) - group-BD4C0CBA6135: The snapshot info is null. Setting the last applied indexto:(t:0, i:~)
2022-10-25 12:15:18,607 [pool-164-thread-1] INFO  server.RaftServerConfigKeys (ConfUtils.java:logGet(46)) - raft.server.log.use.memory = false (default)
2022-10-25 12:15:18,607 [pool-164-thread-1] INFO  server.RaftServerConfigKeys (ConfUtils.java:logGet(46)) - raft.server.log.purge.gap = 1000000 (custom)
2022-10-25 12:15:18,608 [EventQueue-PipelineReportForPipelineReportHandler] INFO  pipeline.PipelineManagerImpl (PipelineManagerImpl.java:openPipeline(367)) - Pipeline Pipeline[ Id: aa9a4fae-7578-4753-adb6-bd4c0cba6135, Nodes: 6ce03c57-5430-4ab1-bf83-fb555d2de968{ip: 10.1.1.43, host: fv-az82-510.ou3itxwc2spe5nxnxxppousbrf.dx.internal.cloudapp.net, ports: [REPLICATION=34039, RATIS=33579, RATIS_ADMIN=33579, RATIS_SERVER=33579, STANDALONE=43353], networkLocation: /default-rack, certSerialId: null, persistedOpState: IN_SERVICE, persistedOpStateExpiryEpochSec: 0}, ReplicationConfig: RATIS/ONE, State:ALLOCATED, leaderId:6ce03c57-5430-4ab1-bf83-fb555d2de968, CreationTimestamp2022-10-25T12:15:15.605Z[Etc/UTC]] moved to OPEN state
2022-10-25 12:15:18,609 [EventQueue-OpenPipelineForHealthyPipelineSafeModeRule] INFO  safemode.SCMSafeModeManager (HealthyPipelineSafeModeRule.java:process(137)) - SCM in safe mode. Healthy pipelines reported count is 0, required healthy pipeline reported count is 1
2022-10-25 12:15:18,609 [pool-164-thread-1] INFO  server.RaftServerConfigKeys (ConfUtils.java:logGet(46)) - raft.server.log.appender.buffer.byte-limit = 33554432 (custom)
2022-10-25 12:15:18,610 [pool-164-thread-1] INFO  server.RaftServerConfigKeys (ConfUtils.java:logGet(46)) - raft.server.log.statemachine.data.read.timeout = 1000ms (default)
2022-10-25 12:15:18,610 [pool-164-thread-1] INFO  server.RaftServerConfigKeys (ConfUtils.java:logGet(46)) - raft.server.log.purge.preservation.log.num = 0 (default)
2022-10-25 12:15:18,611 [pool-164-thread-1] INFO  server.RaftServerConfigKeys (ConfUtils.java:logGet(46)) - raft.server.log.segment.size.max = 1048576 (custom)
2022-10-25 12:15:18,612 [pool-164-thread-1] INFO  server.RaftServerConfigKeys (ConfUtils.java:logGet(46)) - raft.server.log.segment.cache.num.max = 2 (custom)
2022-10-25 12:15:18,612 [pool-164-thread-1] INFO  server.RaftServerConfigKeys (ConfUtils.java:logGet(46)) - raft.server.log.segment.cache.size.max = 200MB (=209715200) (default)
2022-10-25 12:15:18,612 [pool-164-thread-1] INFO  segmented.SegmentedRaftLogWorker (SegmentedRaftLogWorker.java:<init>(191)) - new 6ce03c57-5430-4ab1-bf83-fb555d2de968@group-BD4C0CBA6135-SegmentedRaftLogWorker for RaftStorageImpl:Storage Directory /home/runner/work/ozone/ozone/hadoop-ozone/integration-test/target/test-dir/MiniOzoneClusterImpl-59fd4bbb-78e8-4c50-bd4e-19e5c7f0d0cd/datanode-4/data/ratis/aa9a4fae-7578-4753-adb6-bd4c0cba6135
2022-10-25 12:15:18,612 [pool-164-thread-1] INFO  server.RaftServerConfigKeys (ConfUtils.java:logGet(46)) - raft.server.log.queue.byte-limit = 4294967296 (custom)
2022-10-25 12:15:18,612 [pool-164-thread-1] INFO  server.RaftServerConfigKeys (ConfUtils.java:logGet(46)) - raft.server.log.queue.element-limit = 1024 (custom)
2022-10-25 12:15:18,612 [pool-164-thread-1] INFO  server.RaftServerConfigKeys (ConfUtils.java:logGet(46)) - raft.server.log.segment.size.max = 1048576 (custom)
2022-10-25 12:15:18,612 [pool-164-thread-1] INFO  server.RaftServerConfigKeys (ConfUtils.java:logGet(46)) - raft.server.log.preallocated.size = 16384 (custom)
2022-10-25 12:15:18,612 [pool-164-thread-1] INFO  server.RaftServerConfigKeys (ConfUtils.java:logGet(46)) - raft.server.log.force.sync.num = 128 (default)
2022-10-25 12:15:18,612 [pool-164-thread-1] INFO  server.RaftServerConfigKeys (ConfUtils.java:logGet(46)) - raft.server.log.statemachine.data.sync = true (default)
2022-10-25 12:15:18,612 [pool-164-thread-1] INFO  server.RaftServerConfigKeys (ConfUtils.java:logGet(46)) - raft.server.log.statemachine.data.sync.timeout = 10s (default)
2022-10-25 12:15:18,612 [pool-164-thread-1] INFO  server.RaftServerConfigKeys (ConfUtils.java:logGet(46)) - raft.server.log.statemachine.data.sync.timeout.retry = -1 (default)
2022-10-25 12:15:18,614 [pool-164-thread-1] INFO  server.RaftServerConfigKeys (ConfUtils.java:logGet(46)) - raft.server.log.write.buffer.size = 1048576 (custom)
2022-10-25 12:15:18,614 [pool-164-thread-1] INFO  server.RaftServerConfigKeys (ConfUtils.java:logGet(46)) - raft.server.log.unsafe-flush.enabled = false (default)
2022-10-25 12:15:18,614 [pool-164-thread-1] INFO  server.RaftServerConfigKeys (ConfUtils.java:logGet(46)) - raft.server.log.async-flush.enabled = false (default)
2022-10-25 12:15:18,614 [pool-164-thread-1] INFO  server.RaftServerConfigKeys (ConfUtils.java:logGet(46)) - raft.server.log.statemachine.data.caching.enabled = true (custom)
2022-10-25 12:15:18,615 [pool-164-thread-1] INFO  segmented.SegmentedRaftLogWorker (SegmentedRaftLogWorker.java:lambda$new$0(136)) - 6ce03c57-5430-4ab1-bf83-fb555d2de968@group-BD4C0CBA6135-SegmentedRaftLogWorker: flushIndex: setUnconditionally 0 -> -1
2022-10-25 12:15:18,615 [pool-164-thread-1] INFO  segmented.SegmentedRaftLogWorker (SegmentedRaftLogWorker.java:lambda$new$0(136)) - 6ce03c57-5430-4ab1-bf83-fb555d2de968@group-BD4C0CBA6135-SegmentedRaftLogWorker: safeCacheEvictIndex: setUnconditionally 0 -> -1
2022-10-25 12:15:18,615 [pool-164-thread-1] INFO  server.RaftServer$Division (RaftServerImpl.java:start(334)) - 6ce03c57-5430-4ab1-bf83-fb555d2de968@group-BD4C0CBA6135: start as a follower, conf=-1: peers:[6ce03c57-5430-4ab1-bf83-fb555d2de968|rpc:10.1.1.43:33579|priority:1|startupRole:FOLLOWER]|listeners:[], old=null
2022-10-25 12:15:18,615 [pool-164-thread-1] INFO  server.RaftServer$Division (RaftServerImpl.java:setRole(321)) - 6ce03c57-5430-4ab1-bf83-fb555d2de968@group-BD4C0CBA6135: changes role from      null to FOLLOWER at term 0 for startAsFollower
2022-10-25 12:15:18,615 [pool-164-thread-1] INFO  impl.RoleInfo (RoleInfo.java:updateAndGet(139)) - 6ce03c57-5430-4ab1-bf83-fb555d2de968: start 6ce03c57-5430-4ab1-bf83-fb555d2de968@group-BD4C0CBA6135-FollowerState
2022-10-25 12:15:18,615 [pool-164-thread-1] INFO  util.JmxRegister (JmxRegister.java:tryRegister(44)) - Successfully registered JMX Bean with object name Ratis:service=RaftServer,group=group-BD4C0CBA6135,id=6ce03c57-5430-4ab1-bf83-fb555d2de968
2022-10-25 12:15:18,615 [pool-164-thread-1] INFO  server.RaftServerConfigKeys (ConfUtils.java:logGet(46)) - raft.server.snapshot.auto.trigger.enabled = true (custom)
2022-10-25 12:15:18,616 [pool-164-thread-1] INFO  server.RaftServerConfigKeys (ConfUtils.java:logGet(46)) - raft.server.snapshot.auto.trigger.threshold = 10000 (custom)
2022-10-25 12:15:18,616 [pool-164-thread-1] INFO  server.RaftServerConfigKeys (ConfUtils.java:logGet(46)) - raft.server.snapshot.retention.file.num = 5 (custom)
2022-10-25 12:15:18,616 [pool-164-thread-1] INFO  server.RaftServerConfigKeys (ConfUtils.java:logGet(46)) - raft.server.log.purge.upto.snapshot.index = false (default)
2022-10-25 12:15:18,616 [6ce03c57-5430-4ab1-bf83-fb555d2de968@group-BD4C0CBA6135-FollowerState] INFO  server.RaftServerConfigKeys (ConfUtils.java:logFallback(53)) - raft.server.rpc.first-election.timeout.min = 5s (fallback to raft.server.rpc.timeout.min)
2022-10-25 12:15:18,616 [6ce03c57-5430-4ab1-bf83-fb555d2de968@group-BD4C0CBA6135-FollowerState] INFO  server.RaftServerConfigKeys (ConfUtils.java:logFallback(53)) - raft.server.rpc.first-election.timeout.max = 5200ms (fallback to raft.server.rpc.timeout.max)
2022-10-25 12:15:18,617 [Command processor thread] INFO  ratis.XceiverServerRatis (XceiverServerRatis.java:addGroup(765)) - Created group PipelineID=aa9a4fae-7578-4753-adb6-bd4c0cba6135
2022-10-25 12:15:18,617 [Command processor thread] INFO  commandhandler.CreatePipelineCommandHandler (CreatePipelineCommandHandler.java:handle(113)) - Created Pipeline RATIS ONE PipelineID=aa9a4fae-7578-4753-adb6-bd4c0cba6135.
2022-10-25 12:15:18,998 [Command processor thread] INFO  server.RaftServer (RaftServerProxy.java:addNew(96)) - d4065fed-2d66-41be-989b-4bd24a4f6517: addNew group-297D8D80ECA4:[d4065fed-2d66-41be-989b-4bd24a4f6517|rpc:10.1.1.43:33373|priority:1|startupRole:FOLLOWER] returns group-297D8D80ECA4:java.util.concurrent.CompletableFuture@18bf8d5c[Not completed]
2022-10-25 12:15:19,000 [pool-187-thread-1] INFO  server.RaftServer$Division (RaftServerImpl.java:<init>(195)) - d4065fed-2d66-41be-989b-4bd24a4f6517: new RaftServerImpl for group-297D8D80ECA4:[d4065fed-2d66-41be-989b-4bd24a4f6517|rpc:10.1.1.43:33373|priority:1|startupRole:FOLLOWER] with ContainerStateMachine:uninitialized
2022-10-25 12:15:19,000 [pool-187-thread-1] INFO  server.RaftServerConfigKeys (ConfUtils.java:logGet(46)) - raft.server.rpc.timeout.min = 5s (custom)
2022-10-25 12:15:19,000 [pool-187-thread-1] INFO  server.RaftServerConfigKeys (ConfUtils.java:logGet(46)) - raft.server.rpc.timeout.max = 5200ms (custom)
2022-10-25 12:15:19,000 [pool-187-thread-1] INFO  server.RaftServerConfigKeys (ConfUtils.java:logGet(46)) - raft.server.rpc.sleep.time = 25ms (default)
2022-10-25 12:15:19,000 [pool-187-thread-1] INFO  server.RaftServerConfigKeys (ConfUtils.java:logGet(46)) - raft.server.rpc.slowness.timeout = 300s (custom)
2022-10-25 12:15:19,000 [pool-187-thread-1] INFO  server.RaftServerConfigKeys (ConfUtils.java:logGet(46)) - raft.server.leaderelection.leader.step-down.wait-time = 10s (default)
2022-10-25 12:15:19,000 [pool-187-thread-1] INFO  server.RaftServerConfigKeys (ConfUtils.java:logGet(46)) - raft.server.sleep.deviation.threshold = 300ms (default)
2022-10-25 12:15:19,000 [pool-187-thread-1] INFO  server.RaftServer$Division (ServerState.java:<init>(118)) - d4065fed-2d66-41be-989b-4bd24a4f6517@group-297D8D80ECA4: ConfigurationManager, init=-1: peers:[d4065fed-2d66-41be-989b-4bd24a4f6517|rpc:10.1.1.43:33373|priority:1|startupRole:FOLLOWER]|listeners:[], old=null, confs=<EMPTY_MAP>
2022-10-25 12:15:19,000 [pool-187-thread-1] INFO  server.RaftServerConfigKeys (ConfUtils.java:logGet(46)) - raft.server.storage.dir = [/home/runner/work/ozone/ozone/hadoop-ozone/integration-test/target/test-dir/MiniOzoneClusterImpl-59fd4bbb-78e8-4c50-bd4e-19e5c7f0d0cd/datanode-5/data/ratis] (custom)
2022-10-25 12:15:19,001 [pool-187-thread-1] INFO  server.RaftServerConfigKeys (ConfUtils.java:logGet(46)) - raft.server.log.corruption.policy = EXCEPTION (default)
2022-10-25 12:15:19,001 [pool-187-thread-1] INFO  server.RaftServerConfigKeys (ConfUtils.java:logGet(46)) - raft.server.storage.free-space.min = 0MB (=0) (default)
2022-10-25 12:15:19,001 [pool-187-thread-1] INFO  server.RaftServerConfigKeys (ConfUtils.java:logGet(46)) - raft.server.notification.no-leader.timeout = 300s (custom)
2022-10-25 12:15:19,001 [pool-187-thread-1] INFO  server.RaftServerConfigKeys (ConfUtils.java:logGet(46)) - raft.server.retrycache.expirytime = 600000ms (custom)
2022-10-25 12:15:19,001 [pool-187-thread-1] INFO  server.RaftServerConfigKeys (ConfUtils.java:logGet(46)) - raft.server.retrycache.statistics.expirytime = 100μs (default)
2022-10-25 12:15:19,002 [pool-187-thread-1] INFO  server.RaftServerConfigKeys (ConfUtils.java:logGet(46)) - raft.server.log.appender.install.snapshot.enabled = false (custom)
2022-10-25 12:15:19,003 [pool-187-thread-1] INFO  server.RaftServerConfigKeys (ConfUtils.java:logGet(46)) - raft.server.threadpool.server.cached = true (default)
2022-10-25 12:15:19,003 [pool-187-thread-1] INFO  server.RaftServerConfigKeys (ConfUtils.java:logGet(46)) - raft.server.threadpool.server.size = 0 (default)
2022-10-25 12:15:19,003 [pool-187-thread-1] INFO  server.RaftServerConfigKeys (ConfUtils.java:logGet(46)) - raft.server.threadpool.client.cached = true (default)
2022-10-25 12:15:19,003 [pool-187-thread-1] INFO  server.RaftServerConfigKeys (ConfUtils.java:logGet(46)) - raft.server.threadpool.client.size = 0 (default)
2022-10-25 12:15:19,003 [pool-187-thread-1] INFO  storage.RaftStorageDirectory (RaftStorageDirectoryImpl.java:analyzeStorage(137)) - The storage directory /home/runner/work/ozone/ozone/hadoop-ozone/integration-test/target/test-dir/MiniOzoneClusterImpl-59fd4bbb-78e8-4c50-bd4e-19e5c7f0d0cd/datanode-5/data/ratis/3b7ebf2d-66b0-421e-a3c1-297d8d80eca4 does not exist. Creating ...
2022-10-25 12:15:19,005 [pool-187-thread-1] INFO  storage.RaftStorageDirectory (RaftStorageDirectoryImpl.java:tryLock(231)) - Lock on /home/runner/work/ozone/ozone/hadoop-ozone/integration-test/target/test-dir/MiniOzoneClusterImpl-59fd4bbb-78e8-4c50-bd4e-19e5c7f0d0cd/datanode-5/data/ratis/3b7ebf2d-66b0-421e-a3c1-297d8d80eca4/in_use.lock acquired by nodename 14024@fv-az82-510
2022-10-25 12:15:19,006 [pool-187-thread-1] INFO  storage.RaftStorage (RaftStorageImpl.java:format(96)) - Storage directory /home/runner/work/ozone/ozone/hadoop-ozone/integration-test/target/test-dir/MiniOzoneClusterImpl-59fd4bbb-78e8-4c50-bd4e-19e5c7f0d0cd/datanode-5/data/ratis/3b7ebf2d-66b0-421e-a3c1-297d8d80eca4 has been successfully formatted.
2022-10-25 12:15:19,006 [pool-187-thread-1] INFO  ratis.ContainerStateMachine (ContainerStateMachine.java:loadSnapshot(236)) - group-297D8D80ECA4: The snapshot info is null. Setting the last applied indexto:(t:0, i:~)
2022-10-25 12:15:19,007 [pool-187-thread-1] INFO  server.RaftServerConfigKeys (ConfUtils.java:logGet(46)) - raft.server.log.use.memory = false (default)
2022-10-25 12:15:19,007 [pool-187-thread-1] INFO  server.RaftServerConfigKeys (ConfUtils.java:logGet(46)) - raft.server.log.purge.gap = 1000000 (custom)
2022-10-25 12:15:19,007 [pool-187-thread-1] INFO  server.RaftServerConfigKeys (ConfUtils.java:logGet(46)) - raft.server.log.appender.buffer.byte-limit = 33554432 (custom)
2022-10-25 12:15:19,007 [pool-187-thread-1] INFO  server.RaftServerConfigKeys (ConfUtils.java:logGet(46)) - raft.server.log.statemachine.data.read.timeout = 1000ms (default)
2022-10-25 12:15:19,007 [pool-187-thread-1] INFO  server.RaftServerConfigKeys (ConfUtils.java:logGet(46)) - raft.server.log.purge.preservation.log.num = 0 (default)
2022-10-25 12:15:19,007 [pool-187-thread-1] INFO  server.RaftServerConfigKeys (ConfUtils.java:logGet(46)) - raft.server.log.segment.size.max = 1048576 (custom)
2022-10-25 12:15:19,008 [pool-187-thread-1] INFO  server.RaftServerConfigKeys (ConfUtils.java:logGet(46)) - raft.server.log.segment.cache.num.max = 2 (custom)
2022-10-25 12:15:19,008 [pool-187-thread-1] INFO  server.RaftServerConfigKeys (ConfUtils.java:logGet(46)) - raft.server.log.segment.cache.size.max = 200MB (=209715200) (default)
2022-10-25 12:15:19,008 [pool-187-thread-1] INFO  segmented.SegmentedRaftLogWorker (SegmentedRaftLogWorker.java:<init>(191)) - new d4065fed-2d66-41be-989b-4bd24a4f6517@group-297D8D80ECA4-SegmentedRaftLogWorker for RaftStorageImpl:Storage Directory /home/runner/work/ozone/ozone/hadoop-ozone/integration-test/target/test-dir/MiniOzoneClusterImpl-59fd4bbb-78e8-4c50-bd4e-19e5c7f0d0cd/datanode-5/data/ratis/3b7ebf2d-66b0-421e-a3c1-297d8d80eca4
2022-10-25 12:15:19,008 [pool-187-thread-1] INFO  server.RaftServerConfigKeys (ConfUtils.java:logGet(46)) - raft.server.log.queue.byte-limit = 4294967296 (custom)
2022-10-25 12:15:19,008 [pool-187-thread-1] INFO  server.RaftServerConfigKeys (ConfUtils.java:logGet(46)) - raft.server.log.queue.element-limit = 1024 (custom)
2022-10-25 12:15:19,008 [pool-187-thread-1] INFO  server.RaftServerConfigKeys (ConfUtils.java:logGet(46)) - raft.server.log.segment.size.max = 1048576 (custom)
2022-10-25 12:15:19,008 [pool-187-thread-1] INFO  server.RaftServerConfigKeys (ConfUtils.java:logGet(46)) - raft.server.log.preallocated.size = 16384 (custom)
2022-10-25 12:15:19,008 [pool-187-thread-1] INFO  server.RaftServerConfigKeys (ConfUtils.java:logGet(46)) - raft.server.log.force.sync.num = 128 (default)
2022-10-25 12:15:19,009 [pool-187-thread-1] INFO  server.RaftServerConfigKeys (ConfUtils.java:logGet(46)) - raft.server.log.statemachine.data.sync = true (default)
2022-10-25 12:15:19,009 [pool-187-thread-1] INFO  server.RaftServerConfigKeys (ConfUtils.java:logGet(46)) - raft.server.log.statemachine.data.sync.timeout = 10s (default)
2022-10-25 12:15:19,009 [EventQueue-PipelineReportForPipelineReportHandler] INFO  pipeline.PipelineManagerImpl (PipelineManagerImpl.java:openPipeline(367)) - Pipeline Pipeline[ Id: 3b7ebf2d-66b0-421e-a3c1-297d8d80eca4, Nodes: d4065fed-2d66-41be-989b-4bd24a4f6517{ip: 10.1.1.43, host: fv-az82-510.ou3itxwc2spe5nxnxxppousbrf.dx.internal.cloudapp.net, ports: [REPLICATION=36477, RATIS=33373, RATIS_ADMIN=33373, RATIS_SERVER=33373, STANDALONE=33211], networkLocation: /default-rack, certSerialId: null, persistedOpState: IN_SERVICE, persistedOpStateExpiryEpochSec: 0}, ReplicationConfig: RATIS/ONE, State:ALLOCATED, leaderId:d4065fed-2d66-41be-989b-4bd24a4f6517, CreationTimestamp2022-10-25T12:15:16.002Z[Etc/UTC]] moved to OPEN state
2022-10-25 12:15:19,009 [EventQueue-OpenPipelineForHealthyPipelineSafeModeRule] INFO  safemode.SCMSafeModeManager (HealthyPipelineSafeModeRule.java:process(137)) - SCM in safe mode. Healthy pipelines reported count is 0, required healthy pipeline reported count is 1
2022-10-25 12:15:19,009 [pool-187-thread-1] INFO  server.RaftServerConfigKeys (ConfUtils.java:logGet(46)) - raft.server.log.statemachine.data.sync.timeout.retry = -1 (default)
2022-10-25 12:15:19,012 [pool-187-thread-1] INFO  server.RaftServerConfigKeys (ConfUtils.java:logGet(46)) - raft.server.log.write.buffer.size = 1048576 (custom)
2022-10-25 12:15:19,013 [pool-187-thread-1] INFO  server.RaftServerConfigKeys (ConfUtils.java:logGet(46)) - raft.server.log.unsafe-flush.enabled = false (default)
2022-10-25 12:15:19,013 [pool-187-thread-1] INFO  server.RaftServerConfigKeys (ConfUtils.java:logGet(46)) - raft.server.log.async-flush.enabled = false (default)
2022-10-25 12:15:19,013 [pool-187-thread-1] INFO  server.RaftServerConfigKeys (ConfUtils.java:logGet(46)) - raft.server.log.statemachine.data.caching.enabled = true (custom)
2022-10-25 12:15:19,014 [pool-187-thread-1] INFO  segmented.SegmentedRaftLogWorker (SegmentedRaftLogWorker.java:lambda$new$0(136)) - d4065fed-2d66-41be-989b-4bd24a4f6517@group-297D8D80ECA4-SegmentedRaftLogWorker: flushIndex: setUnconditionally 0 -> -1
2022-10-25 12:15:19,014 [pool-187-thread-1] INFO  segmented.SegmentedRaftLogWorker (SegmentedRaftLogWorker.java:lambda$new$0(136)) - d4065fed-2d66-41be-989b-4bd24a4f6517@group-297D8D80ECA4-SegmentedRaftLogWorker: safeCacheEvictIndex: setUnconditionally 0 -> -1
2022-10-25 12:15:19,014 [pool-187-thread-1] INFO  server.RaftServer$Division (RaftServerImpl.java:start(334)) - d4065fed-2d66-41be-989b-4bd24a4f6517@group-297D8D80ECA4: start as a follower, conf=-1: peers:[d4065fed-2d66-41be-989b-4bd24a4f6517|rpc:10.1.1.43:33373|priority:1|startupRole:FOLLOWER]|listeners:[], old=null
2022-10-25 12:15:19,014 [pool-187-thread-1] INFO  server.RaftServer$Division (RaftServerImpl.java:setRole(321)) - d4065fed-2d66-41be-989b-4bd24a4f6517@group-297D8D80ECA4: changes role from      null to FOLLOWER at term 0 for startAsFollower
2022-10-25 12:15:19,014 [pool-187-thread-1] INFO  impl.RoleInfo (RoleInfo.java:updateAndGet(139)) - d4065fed-2d66-41be-989b-4bd24a4f6517: start d4065fed-2d66-41be-989b-4bd24a4f6517@group-297D8D80ECA4-FollowerState
2022-10-25 12:15:19,014 [pool-187-thread-1] INFO  util.JmxRegister (JmxRegister.java:tryRegister(44)) - Successfully registered JMX Bean with object name Ratis:service=RaftServer,group=group-297D8D80ECA4,id=d4065fed-2d66-41be-989b-4bd24a4f6517
2022-10-25 12:15:19,014 [d4065fed-2d66-41be-989b-4bd24a4f6517@group-297D8D80ECA4-FollowerState] INFO  server.RaftServerConfigKeys (ConfUtils.java:logFallback(53)) - raft.server.rpc.first-election.timeout.min = 5s (fallback to raft.server.rpc.timeout.min)
2022-10-25 12:15:19,014 [pool-187-thread-1] INFO  server.RaftServerConfigKeys (ConfUtils.java:logGet(46)) - raft.server.snapshot.auto.trigger.enabled = true (custom)
2022-10-25 12:15:19,014 [d4065fed-2d66-41be-989b-4bd24a4f6517@group-297D8D80ECA4-FollowerState] INFO  server.RaftServerConfigKeys (ConfUtils.java:logFallback(53)) - raft.server.rpc.first-election.timeout.max = 5200ms (fallback to raft.server.rpc.timeout.max)
2022-10-25 12:15:19,015 [pool-187-thread-1] INFO  server.RaftServerConfigKeys (ConfUtils.java:logGet(46)) - raft.server.snapshot.auto.trigger.threshold = 10000 (custom)
2022-10-25 12:15:19,015 [pool-187-thread-1] INFO  server.RaftServerConfigKeys (ConfUtils.java:logGet(46)) - raft.server.snapshot.retention.file.num = 5 (custom)
2022-10-25 12:15:19,015 [pool-187-thread-1] INFO  server.RaftServerConfigKeys (ConfUtils.java:logGet(46)) - raft.server.log.purge.upto.snapshot.index = false (default)
2022-10-25 12:15:19,015 [Command processor thread] INFO  ratis.XceiverServerRatis (XceiverServerRatis.java:addGroup(765)) - Created group PipelineID=3b7ebf2d-66b0-421e-a3c1-297d8d80eca4
2022-10-25 12:15:19,016 [Command processor thread] INFO  commandhandler.CreatePipelineCommandHandler (CreatePipelineCommandHandler.java:handle(113)) - Created Pipeline RATIS ONE PipelineID=3b7ebf2d-66b0-421e-a3c1-297d8d80eca4.
2022-10-25 12:15:19,424 [Command processor thread] INFO  server.RaftServer (RaftServerProxy.java:addNew(96)) - 86ba6119-8a76-46a4-9f38-747fe10c9207: addNew group-0A56FE1FF9EF:[86ba6119-8a76-46a4-9f38-747fe10c9207|rpc:10.1.1.43:42323|priority:1|startupRole:FOLLOWER] returns group-0A56FE1FF9EF:java.util.concurrent.CompletableFuture@5d5d4573[Not completed]
2022-10-25 12:15:19,426 [pool-214-thread-1] INFO  server.RaftServer$Division (RaftServerImpl.java:<init>(195)) - 86ba6119-8a76-46a4-9f38-747fe10c9207: new RaftServerImpl for group-0A56FE1FF9EF:[86ba6119-8a76-46a4-9f38-747fe10c9207|rpc:10.1.1.43:42323|priority:1|startupRole:FOLLOWER] with ContainerStateMachine:uninitialized
2022-10-25 12:15:19,426 [pool-214-thread-1] INFO  server.RaftServerConfigKeys (ConfUtils.java:logGet(46)) - raft.server.rpc.timeout.min = 5s (custom)
2022-10-25 12:15:19,426 [pool-214-thread-1] INFO  server.RaftServerConfigKeys (ConfUtils.java:logGet(46)) - raft.server.rpc.timeout.max = 5200ms (custom)
2022-10-25 12:15:19,426 [pool-214-thread-1] INFO  server.RaftServerConfigKeys (ConfUtils.java:logGet(46)) - raft.server.rpc.sleep.time = 25ms (default)
2022-10-25 12:15:19,426 [pool-214-thread-1] INFO  server.RaftServerConfigKeys (ConfUtils.java:logGet(46)) - raft.server.rpc.slowness.timeout = 300s (custom)
2022-10-25 12:15:19,426 [pool-214-thread-1] INFO  server.RaftServerConfigKeys (ConfUtils.java:logGet(46)) - raft.server.leaderelection.leader.step-down.wait-time = 10s (default)
2022-10-25 12:15:19,426 [pool-214-thread-1] INFO  server.RaftServerConfigKeys (ConfUtils.java:logGet(46)) - raft.server.sleep.deviation.threshold = 300ms (default)
2022-10-25 12:15:19,426 [pool-214-thread-1] INFO  server.RaftServer$Division (ServerState.java:<init>(118)) - 86ba6119-8a76-46a4-9f38-747fe10c9207@group-0A56FE1FF9EF: ConfigurationManager, init=-1: peers:[86ba6119-8a76-46a4-9f38-747fe10c9207|rpc:10.1.1.43:42323|priority:1|startupRole:FOLLOWER]|listeners:[], old=null, confs=<EMPTY_MAP>
2022-10-25 12:15:19,426 [pool-214-thread-1] INFO  server.RaftServerConfigKeys (ConfUtils.java:logGet(46)) - raft.server.storage.dir = [/home/runner/work/ozone/ozone/hadoop-ozone/integration-test/target/test-dir/MiniOzoneClusterImpl-59fd4bbb-78e8-4c50-bd4e-19e5c7f0d0cd/datanode-6/data/ratis] (custom)
2022-10-25 12:15:19,427 [pool-214-thread-1] INFO  server.RaftServerConfigKeys (ConfUtils.java:logGet(46)) - raft.server.log.corruption.policy = EXCEPTION (default)
2022-10-25 12:15:19,427 [pool-214-thread-1] INFO  server.RaftServerConfigKeys (ConfUtils.java:logGet(46)) - raft.server.storage.free-space.min = 0MB (=0) (default)
2022-10-25 12:15:19,427 [pool-214-thread-1] INFO  server.RaftServerConfigKeys (ConfUtils.java:logGet(46)) - raft.server.notification.no-leader.timeout = 300s (custom)
2022-10-25 12:15:19,427 [pool-214-thread-1] INFO  server.RaftServerConfigKeys (ConfUtils.java:logGet(46)) - raft.server.retrycache.expirytime = 600000ms (custom)
2022-10-25 12:15:19,427 [pool-214-thread-1] INFO  server.RaftServerConfigKeys (ConfUtils.java:logGet(46)) - raft.server.retrycache.statistics.expirytime = 100μs (default)
2022-10-25 12:15:19,430 [pool-214-thread-1] INFO  server.RaftServerConfigKeys (ConfUtils.java:logGet(46)) - raft.server.log.appender.install.snapshot.enabled = false (custom)
2022-10-25 12:15:19,430 [pool-214-thread-1] INFO  server.RaftServerConfigKeys (ConfUtils.java:logGet(46)) - raft.server.threadpool.server.cached = true (default)
2022-10-25 12:15:19,431 [pool-214-thread-1] INFO  server.RaftServerConfigKeys (ConfUtils.java:logGet(46)) - raft.server.threadpool.server.size = 0 (default)
2022-10-25 12:15:19,431 [pool-214-thread-1] INFO  server.RaftServerConfigKeys (ConfUtils.java:logGet(46)) - raft.server.threadpool.client.cached = true (default)
2022-10-25 12:15:19,431 [pool-214-thread-1] INFO  server.RaftServerConfigKeys (ConfUtils.java:logGet(46)) - raft.server.threadpool.client.size = 0 (default)
2022-10-25 12:15:19,431 [pool-214-thread-1] INFO  storage.RaftStorageDirectory (RaftStorageDirectoryImpl.java:analyzeStorage(137)) - The storage directory /home/runner/work/ozone/ozone/hadoop-ozone/integration-test/target/test-dir/MiniOzoneClusterImpl-59fd4bbb-78e8-4c50-bd4e-19e5c7f0d0cd/datanode-6/data/ratis/cc640d43-417d-4dcd-bd1f-0a56fe1ff9ef does not exist. Creating ...
2022-10-25 12:15:19,432 [pool-214-thread-1] INFO  storage.RaftStorageDirectory (RaftStorageDirectoryImpl.java:tryLock(231)) - Lock on /home/runner/work/ozone/ozone/hadoop-ozone/integration-test/target/test-dir/MiniOzoneClusterImpl-59fd4bbb-78e8-4c50-bd4e-19e5c7f0d0cd/datanode-6/data/ratis/cc640d43-417d-4dcd-bd1f-0a56fe1ff9ef/in_use.lock acquired by nodename 14024@fv-az82-510
2022-10-25 12:15:19,433 [pool-214-thread-1] INFO  storage.RaftStorage (RaftStorageImpl.java:format(96)) - Storage directory /home/runner/work/ozone/ozone/hadoop-ozone/integration-test/target/test-dir/MiniOzoneClusterImpl-59fd4bbb-78e8-4c50-bd4e-19e5c7f0d0cd/datanode-6/data/ratis/cc640d43-417d-4dcd-bd1f-0a56fe1ff9ef has been successfully formatted.
2022-10-25 12:15:19,434 [pool-214-thread-1] INFO  ratis.ContainerStateMachine (ContainerStateMachine.java:loadSnapshot(236)) - group-0A56FE1FF9EF: The snapshot info is null. Setting the last applied indexto:(t:0, i:~)
2022-10-25 12:15:19,434 [pool-214-thread-1] INFO  server.RaftServerConfigKeys (ConfUtils.java:logGet(46)) - raft.server.log.use.memory = false (default)
2022-10-25 12:15:19,434 [pool-214-thread-1] INFO  server.RaftServerConfigKeys (ConfUtils.java:logGet(46)) - raft.server.log.purge.gap = 1000000 (custom)
2022-10-25 12:15:19,434 [pool-214-thread-1] INFO  server.RaftServerConfigKeys (ConfUtils.java:logGet(46)) - raft.server.log.appender.buffer.byte-limit = 33554432 (custom)
2022-10-25 12:15:19,434 [pool-214-thread-1] INFO  server.RaftServerConfigKeys (ConfUtils.java:logGet(46)) - raft.server.log.statemachine.data.read.timeout = 1000ms (default)
2022-10-25 12:15:19,434 [pool-214-thread-1] INFO  server.RaftServerConfigKeys (ConfUtils.java:logGet(46)) - raft.server.log.purge.preservation.log.num = 0 (default)
2022-10-25 12:15:19,434 [pool-214-thread-1] INFO  server.RaftServerConfigKeys (ConfUtils.java:logGet(46)) - raft.server.log.segment.size.max = 1048576 (custom)
2022-10-25 12:15:19,435 [pool-214-thread-1] INFO  server.RaftServerConfigKeys (ConfUtils.java:logGet(46)) - raft.server.log.segment.cache.num.max = 2 (custom)
2022-10-25 12:15:19,435 [pool-214-thread-1] INFO  server.RaftServerConfigKeys (ConfUtils.java:logGet(46)) - raft.server.log.segment.cache.size.max = 200MB (=209715200) (default)
2022-10-25 12:15:19,435 [pool-214-thread-1] INFO  segmented.SegmentedRaftLogWorker (SegmentedRaftLogWorker.java:<init>(191)) - new 86ba6119-8a76-46a4-9f38-747fe10c9207@group-0A56FE1FF9EF-SegmentedRaftLogWorker for RaftStorageImpl:Storage Directory /home/runner/work/ozone/ozone/hadoop-ozone/integration-test/target/test-dir/MiniOzoneClusterImpl-59fd4bbb-78e8-4c50-bd4e-19e5c7f0d0cd/datanode-6/data/ratis/cc640d43-417d-4dcd-bd1f-0a56fe1ff9ef
2022-10-25 12:15:19,435 [pool-214-thread-1] INFO  server.RaftServerConfigKeys (ConfUtils.java:logGet(46)) - raft.server.log.queue.byte-limit = 4294967296 (custom)
2022-10-25 12:15:19,435 [pool-214-thread-1] INFO  server.RaftServerConfigKeys (ConfUtils.java:logGet(46)) - raft.server.log.queue.element-limit = 1024 (custom)
2022-10-25 12:15:19,435 [pool-214-thread-1] INFO  server.RaftServerConfigKeys (ConfUtils.java:logGet(46)) - raft.server.log.segment.size.max = 1048576 (custom)
2022-10-25 12:15:19,435 [EventQueue-PipelineReportForPipelineReportHandler] INFO  pipeline.PipelineManagerImpl (PipelineManagerImpl.java:openPipeline(367)) - Pipeline Pipeline[ Id: cc640d43-417d-4dcd-bd1f-0a56fe1ff9ef, Nodes: 86ba6119-8a76-46a4-9f38-747fe10c9207{ip: 10.1.1.43, host: fv-az82-510.ou3itxwc2spe5nxnxxppousbrf.dx.internal.cloudapp.net, ports: [REPLICATION=41909, RATIS=42323, RATIS_ADMIN=42323, RATIS_SERVER=42323, STANDALONE=33887], networkLocation: /default-rack, certSerialId: null, persistedOpState: IN_SERVICE, persistedOpStateExpiryEpochSec: 0}, ReplicationConfig: RATIS/ONE, State:ALLOCATED, leaderId:86ba6119-8a76-46a4-9f38-747fe10c9207, CreationTimestamp2022-10-25T12:15:16.429Z[Etc/UTC]] moved to OPEN state
2022-10-25 12:15:19,435 [pool-214-thread-1] INFO  server.RaftServerConfigKeys (ConfUtils.java:logGet(46)) - raft.server.log.preallocated.size = 16384 (custom)
2022-10-25 12:15:19,435 [pool-214-thread-1] INFO  server.RaftServerConfigKeys (ConfUtils.java:logGet(46)) - raft.server.log.force.sync.num = 128 (default)
2022-10-25 12:15:19,435 [pool-214-thread-1] INFO  server.RaftServerConfigKeys (ConfUtils.java:logGet(46)) - raft.server.log.statemachine.data.sync = true (default)
2022-10-25 12:15:19,436 [pool-214-thread-1] INFO  server.RaftServerConfigKeys (ConfUtils.java:logGet(46)) - raft.server.log.statemachine.data.sync.timeout = 10s (default)
2022-10-25 12:15:19,436 [pool-214-thread-1] INFO  server.RaftServerConfigKeys (ConfUtils.java:logGet(46)) - raft.server.log.statemachine.data.sync.timeout.retry = -1 (default)
2022-10-25 12:15:19,437 [pool-214-thread-1] INFO  server.RaftServerConfigKeys (ConfUtils.java:logGet(46)) - raft.server.log.write.buffer.size = 1048576 (custom)
2022-10-25 12:15:19,437 [pool-214-thread-1] INFO  server.RaftServerConfigKeys (ConfUtils.java:logGet(46)) - raft.server.log.unsafe-flush.enabled = false (default)
2022-10-25 12:15:19,437 [pool-214-thread-1] INFO  server.RaftServerConfigKeys (ConfUtils.java:logGet(46)) - raft.server.log.async-flush.enabled = false (default)
2022-10-25 12:15:19,437 [pool-214-thread-1] INFO  server.RaftServerConfigKeys (ConfUtils.java:logGet(46)) - raft.server.log.statemachine.data.caching.enabled = true (custom)
2022-10-25 12:15:19,438 [pool-214-thread-1] INFO  segmented.SegmentedRaftLogWorker (SegmentedRaftLogWorker.java:lambda$new$0(136)) - 86ba6119-8a76-46a4-9f38-747fe10c9207@group-0A56FE1FF9EF-SegmentedRaftLogWorker: flushIndex: setUnconditionally 0 -> -1
2022-10-25 12:15:19,438 [pool-214-thread-1] INFO  segmented.SegmentedRaftLogWorker (SegmentedRaftLogWorker.java:lambda$new$0(136)) - 86ba6119-8a76-46a4-9f38-747fe10c9207@group-0A56FE1FF9EF-SegmentedRaftLogWorker: safeCacheEvictIndex: setUnconditionally 0 -> -1
2022-10-25 12:15:19,438 [pool-214-thread-1] INFO  server.RaftServer$Division (RaftServerImpl.java:start(334)) - 86ba6119-8a76-46a4-9f38-747fe10c9207@group-0A56FE1FF9EF: start as a follower, conf=-1: peers:[86ba6119-8a76-46a4-9f38-747fe10c9207|rpc:10.1.1.43:42323|priority:1|startupRole:FOLLOWER]|listeners:[], old=null
2022-10-25 12:15:19,438 [pool-214-thread-1] INFO  server.RaftServer$Division (RaftServerImpl.java:setRole(321)) - 86ba6119-8a76-46a4-9f38-747fe10c9207@group-0A56FE1FF9EF: changes role from      null to FOLLOWER at term 0 for startAsFollower
2022-10-25 12:15:19,438 [pool-214-thread-1] INFO  impl.RoleInfo (RoleInfo.java:updateAndGet(139)) - 86ba6119-8a76-46a4-9f38-747fe10c9207: start 86ba6119-8a76-46a4-9f38-747fe10c9207@group-0A56FE1FF9EF-FollowerState
2022-10-25 12:15:19,436 [EventQueue-OpenPipelineForHealthyPipelineSafeModeRule] INFO  safemode.SCMSafeModeManager (HealthyPipelineSafeModeRule.java:process(137)) - SCM in safe mode. Healthy pipelines reported count is 0, required healthy pipeline reported count is 1
2022-10-25 12:15:19,443 [pool-214-thread-1] INFO  util.JmxRegister (JmxRegister.java:tryRegister(44)) - Successfully registered JMX Bean with object name Ratis:service=RaftServer,group=group-0A56FE1FF9EF,id=86ba6119-8a76-46a4-9f38-747fe10c9207
2022-10-25 12:15:19,443 [pool-214-thread-1] INFO  server.RaftServerConfigKeys (ConfUtils.java:logGet(46)) - raft.server.snapshot.auto.trigger.enabled = true (custom)
2022-10-25 12:15:19,443 [pool-214-thread-1] INFO  server.RaftServerConfigKeys (ConfUtils.java:logGet(46)) - raft.server.snapshot.auto.trigger.threshold = 10000 (custom)
2022-10-25 12:15:19,443 [pool-214-thread-1] INFO  server.RaftServerConfigKeys (ConfUtils.java:logGet(46)) - raft.server.snapshot.retention.file.num = 5 (custom)
2022-10-25 12:15:19,443 [pool-214-thread-1] INFO  server.RaftServerConfigKeys (ConfUtils.java:logGet(46)) - raft.server.log.purge.upto.snapshot.index = false (default)
2022-10-25 12:15:19,444 [Command processor thread] INFO  ratis.XceiverServerRatis (XceiverServerRatis.java:addGroup(765)) - Created group PipelineID=cc640d43-417d-4dcd-bd1f-0a56fe1ff9ef
2022-10-25 12:15:19,444 [86ba6119-8a76-46a4-9f38-747fe10c9207@group-0A56FE1FF9EF-FollowerState] INFO  server.RaftServerConfigKeys (ConfUtils.java:logFallback(53)) - raft.server.rpc.first-election.timeout.min = 5s (fallback to raft.server.rpc.timeout.min)
2022-10-25 12:15:19,444 [86ba6119-8a76-46a4-9f38-747fe10c9207@group-0A56FE1FF9EF-FollowerState] INFO  server.RaftServerConfigKeys (ConfUtils.java:logFallback(53)) - raft.server.rpc.first-election.timeout.max = 5200ms (fallback to raft.server.rpc.timeout.max)
2022-10-25 12:15:19,444 [Command processor thread] INFO  commandhandler.CreatePipelineCommandHandler (CreatePipelineCommandHandler.java:handle(113)) - Created Pipeline RATIS ONE PipelineID=cc640d43-417d-4dcd-bd1f-0a56fe1ff9ef.
2022-10-25 12:15:19,447 [Command processor thread] INFO  server.RaftServer (RaftServerProxy.java:addNew(96)) - 86ba6119-8a76-46a4-9f38-747fe10c9207: addNew group-D1CF6F441345:[0a1cfcca-7ba7-43aa-b517-08505af7a09b|rpc:10.1.1.43:43175|priority:1|startupRole:FOLLOWER, 86ba6119-8a76-46a4-9f38-747fe10c9207|rpc:10.1.1.43:42323|priority:0|startupRole:FOLLOWER, 907eb2bb-0522-4d6b-bbf0-1b213cc99331|rpc:10.1.1.43:40069|priority:0|startupRole:FOLLOWER] returns group-D1CF6F441345:java.util.concurrent.CompletableFuture@5962ca00[Not completed]
2022-10-25 12:15:19,448 [pool-214-thread-1] INFO  server.RaftServer$Division (RaftServerImpl.java:<init>(195)) - 86ba6119-8a76-46a4-9f38-747fe10c9207: new RaftServerImpl for group-D1CF6F441345:[0a1cfcca-7ba7-43aa-b517-08505af7a09b|rpc:10.1.1.43:43175|priority:1|startupRole:FOLLOWER, 86ba6119-8a76-46a4-9f38-747fe10c9207|rpc:10.1.1.43:42323|priority:0|startupRole:FOLLOWER, 907eb2bb-0522-4d6b-bbf0-1b213cc99331|rpc:10.1.1.43:40069|priority:0|startupRole:FOLLOWER] with ContainerStateMachine:uninitialized
2022-10-25 12:15:19,448 [pool-214-thread-1] INFO  server.RaftServerConfigKeys (ConfUtils.java:logGet(46)) - raft.server.rpc.timeout.min = 5s (custom)
2022-10-25 12:15:19,448 [pool-214-thread-1] INFO  server.RaftServerConfigKeys (ConfUtils.java:logGet(46)) - raft.server.rpc.timeout.max = 5200ms (custom)
2022-10-25 12:15:19,448 [pool-214-thread-1] INFO  server.RaftServerConfigKeys (ConfUtils.java:logGet(46)) - raft.server.rpc.sleep.time = 25ms (default)
2022-10-25 12:15:19,448 [pool-214-thread-1] INFO  server.RaftServerConfigKeys (ConfUtils.java:logGet(46)) - raft.server.rpc.slowness.timeout = 300s (custom)
2022-10-25 12:15:19,449 [pool-214-thread-1] INFO  server.RaftServerConfigKeys (ConfUtils.java:logGet(46)) - raft.server.leaderelection.leader.step-down.wait-time = 10s (default)
2022-10-25 12:15:19,449 [pool-214-thread-1] INFO  server.RaftServerConfigKeys (ConfUtils.java:logGet(46)) - raft.server.sleep.deviation.threshold = 300ms (default)
2022-10-25 12:15:19,449 [pool-214-thread-1] INFO  server.RaftServer$Division (ServerState.java:<init>(118)) - 86ba6119-8a76-46a4-9f38-747fe10c9207@group-D1CF6F441345: ConfigurationManager, init=-1: peers:[0a1cfcca-7ba7-43aa-b517-08505af7a09b|rpc:10.1.1.43:43175|priority:1|startupRole:FOLLOWER, 86ba6119-8a76-46a4-9f38-747fe10c9207|rpc:10.1.1.43:42323|priority:0|startupRole:FOLLOWER, 907eb2bb-0522-4d6b-bbf0-1b213cc99331|rpc:10.1.1.43:40069|priority:0|startupRole:FOLLOWER]|listeners:[], old=null, confs=<EMPTY_MAP>
2022-10-25 12:15:19,449 [pool-214-thread-1] INFO  server.RaftServerConfigKeys (ConfUtils.java:logGet(46)) - raft.server.storage.dir = [/home/runner/work/ozone/ozone/hadoop-ozone/integration-test/target/test-dir/MiniOzoneClusterImpl-59fd4bbb-78e8-4c50-bd4e-19e5c7f0d0cd/datanode-6/data/ratis] (custom)
2022-10-25 12:15:19,449 [pool-214-thread-1] INFO  server.RaftServerConfigKeys (ConfUtils.java:logGet(46)) - raft.server.log.corruption.policy = EXCEPTION (default)
2022-10-25 12:15:19,449 [pool-214-thread-1] INFO  server.RaftServerConfigKeys (ConfUtils.java:logGet(46)) - raft.server.storage.free-space.min = 0MB (=0) (default)
2022-10-25 12:15:19,449 [pool-214-thread-1] INFO  server.RaftServerConfigKeys (ConfUtils.java:logGet(46)) - raft.server.notification.no-leader.timeout = 300s (custom)
2022-10-25 12:15:19,449 [pool-214-thread-1] INFO  server.RaftServerConfigKeys (ConfUtils.java:logGet(46)) - raft.server.retrycache.expirytime = 600000ms (custom)
2022-10-25 12:15:19,449 [pool-214-thread-1] INFO  server.RaftServerConfigKeys (ConfUtils.java:logGet(46)) - raft.server.retrycache.statistics.expirytime = 100μs (default)
2022-10-25 12:15:19,451 [pool-214-thread-1] INFO  server.RaftServerConfigKeys (ConfUtils.java:logGet(46)) - raft.server.log.appender.install.snapshot.enabled = false (custom)
2022-10-25 12:15:19,451 [pool-214-thread-1] INFO  server.RaftServerConfigKeys (ConfUtils.java:logGet(46)) - raft.server.threadpool.server.cached = true (default)
2022-10-25 12:15:19,451 [pool-214-thread-1] INFO  server.RaftServerConfigKeys (ConfUtils.java:logGet(46)) - raft.server.threadpool.server.size = 0 (default)
2022-10-25 12:15:19,451 [pool-214-thread-1] INFO  server.RaftServerConfigKeys (ConfUtils.java:logGet(46)) - raft.server.threadpool.client.cached = true (default)
2022-10-25 12:15:19,451 [pool-214-thread-1] INFO  server.RaftServerConfigKeys (ConfUtils.java:logGet(46)) - raft.server.threadpool.client.size = 0 (default)
2022-10-25 12:15:19,451 [pool-214-thread-1] INFO  storage.RaftStorageDirectory (RaftStorageDirectoryImpl.java:analyzeStorage(137)) - The storage directory /home/runner/work/ozone/ozone/hadoop-ozone/integration-test/target/test-dir/MiniOzoneClusterImpl-59fd4bbb-78e8-4c50-bd4e-19e5c7f0d0cd/datanode-6/data/ratis/ededb7be-9b98-4dd7-bd7e-d1cf6f441345 does not exist. Creating ...
2022-10-25 12:15:19,454 [pool-214-thread-1] INFO  storage.RaftStorageDirectory (RaftStorageDirectoryImpl.java:tryLock(231)) - Lock on /home/runner/work/ozone/ozone/hadoop-ozone/integration-test/target/test-dir/MiniOzoneClusterImpl-59fd4bbb-78e8-4c50-bd4e-19e5c7f0d0cd/datanode-6/data/ratis/ededb7be-9b98-4dd7-bd7e-d1cf6f441345/in_use.lock acquired by nodename 14024@fv-az82-510
2022-10-25 12:15:19,455 [pool-214-thread-1] INFO  storage.RaftStorage (RaftStorageImpl.java:format(96)) - Storage directory /home/runner/work/ozone/ozone/hadoop-ozone/integration-test/target/test-dir/MiniOzoneClusterImpl-59fd4bbb-78e8-4c50-bd4e-19e5c7f0d0cd/datanode-6/data/ratis/ededb7be-9b98-4dd7-bd7e-d1cf6f441345 has been successfully formatted.
2022-10-25 12:15:19,457 [EventQueue-OpenPipelineForHealthyPipelineSafeModeRule] INFO  safemode.SCMSafeModeManager (HealthyPipelineSafeModeRule.java:process(137)) - SCM in safe mode. Healthy pipelines reported count is 0, required healthy pipeline reported count is 1
2022-10-25 12:15:19,460 [pool-214-thread-1] INFO  ratis.ContainerStateMachine (ContainerStateMachine.java:loadSnapshot(236)) - group-D1CF6F441345: The snapshot info is null. Setting the last applied indexto:(t:0, i:~)
2022-10-25 12:15:19,460 [pool-214-thread-1] INFO  server.RaftServerConfigKeys (ConfUtils.java:logGet(46)) - raft.server.log.use.memory = false (default)
2022-10-25 12:15:19,460 [pool-214-thread-1] INFO  server.RaftServerConfigKeys (ConfUtils.java:logGet(46)) - raft.server.log.purge.gap = 1000000 (custom)
2022-10-25 12:15:19,460 [pool-214-thread-1] INFO  server.RaftServerConfigKeys (ConfUtils.java:logGet(46)) - raft.server.log.appender.buffer.byte-limit = 33554432 (custom)
2022-10-25 12:15:19,460 [pool-214-thread-1] INFO  server.RaftServerConfigKeys (ConfUtils.java:logGet(46)) - raft.server.log.statemachine.data.read.timeout = 1000ms (default)
2022-10-25 12:15:19,461 [pool-214-thread-1] INFO  server.RaftServerConfigKeys (ConfUtils.java:logGet(46)) - raft.server.log.purge.preservation.log.num = 0 (default)
2022-10-25 12:15:19,461 [pool-214-thread-1] INFO  server.RaftServerConfigKeys (ConfUtils.java:logGet(46)) - raft.server.log.segment.size.max = 1048576 (custom)
2022-10-25 12:15:19,461 [pool-214-thread-1] INFO  server.RaftServerConfigKeys (ConfUtils.java:logGet(46)) - raft.server.log.segment.cache.num.max = 2 (custom)
2022-10-25 12:15:19,462 [pool-214-thread-1] INFO  server.RaftServerConfigKeys (ConfUtils.java:logGet(46)) - raft.server.log.segment.cache.size.max = 200MB (=209715200) (default)
2022-10-25 12:15:19,462 [pool-214-thread-1] INFO  segmented.SegmentedRaftLogWorker (SegmentedRaftLogWorker.java:<init>(191)) - new 86ba6119-8a76-46a4-9f38-747fe10c9207@group-D1CF6F441345-SegmentedRaftLogWorker for RaftStorageImpl:Storage Directory /home/runner/work/ozone/ozone/hadoop-ozone/integration-test/target/test-dir/MiniOzoneClusterImpl-59fd4bbb-78e8-4c50-bd4e-19e5c7f0d0cd/datanode-6/data/ratis/ededb7be-9b98-4dd7-bd7e-d1cf6f441345
2022-10-25 12:15:19,462 [pool-214-thread-1] INFO  server.RaftServerConfigKeys (ConfUtils.java:logGet(46)) - raft.server.log.queue.byte-limit = 4294967296 (custom)
2022-10-25 12:15:19,462 [pool-214-thread-1] INFO  server.RaftServerConfigKeys (ConfUtils.java:logGet(46)) - raft.server.log.queue.element-limit = 1024 (custom)
2022-10-25 12:15:19,462 [pool-214-thread-1] INFO  server.RaftServerConfigKeys (ConfUtils.java:logGet(46)) - raft.server.log.segment.size.max = 1048576 (custom)
2022-10-25 12:15:19,462 [pool-214-thread-1] INFO  server.RaftServerConfigKeys (ConfUtils.java:logGet(46)) - raft.server.log.preallocated.size = 16384 (custom)
2022-10-25 12:15:19,462 [pool-214-thread-1] INFO  server.RaftServerConfigKeys (ConfUtils.java:logGet(46)) - raft.server.log.force.sync.num = 128 (default)
2022-10-25 12:15:19,462 [pool-214-thread-1] INFO  server.RaftServerConfigKeys (ConfUtils.java:logGet(46)) - raft.server.log.statemachine.data.sync = true (default)
2022-10-25 12:15:19,462 [pool-214-thread-1] INFO  server.RaftServerConfigKeys (ConfUtils.java:logGet(46)) - raft.server.log.statemachine.data.sync.timeout = 10s (default)
2022-10-25 12:15:19,462 [pool-214-thread-1] INFO  server.RaftServerConfigKeys (ConfUtils.java:logGet(46)) - raft.server.log.statemachine.data.sync.timeout.retry = -1 (default)
2022-10-25 12:15:19,464 [pool-214-thread-1] INFO  server.RaftServerConfigKeys (ConfUtils.java:logGet(46)) - raft.server.log.write.buffer.size = 1048576 (custom)
2022-10-25 12:15:19,465 [pool-214-thread-1] INFO  server.RaftServerConfigKeys (ConfUtils.java:logGet(46)) - raft.server.log.unsafe-flush.enabled = false (default)
2022-10-25 12:15:19,465 [pool-214-thread-1] INFO  server.RaftServerConfigKeys (ConfUtils.java:logGet(46)) - raft.server.log.async-flush.enabled = false (default)
2022-10-25 12:15:19,465 [pool-214-thread-1] INFO  server.RaftServerConfigKeys (ConfUtils.java:logGet(46)) - raft.server.log.statemachine.data.caching.enabled = true (custom)
2022-10-25 12:15:19,465 [pool-214-thread-1] INFO  segmented.SegmentedRaftLogWorker (SegmentedRaftLogWorker.java:lambda$new$0(136)) - 86ba6119-8a76-46a4-9f38-747fe10c9207@group-D1CF6F441345-SegmentedRaftLogWorker: flushIndex: setUnconditionally 0 -> -1
2022-10-25 12:15:19,465 [pool-214-thread-1] INFO  segmented.SegmentedRaftLogWorker (SegmentedRaftLogWorker.java:lambda$new$0(136)) - 86ba6119-8a76-46a4-9f38-747fe10c9207@group-D1CF6F441345-SegmentedRaftLogWorker: safeCacheEvictIndex: setUnconditionally 0 -> -1
2022-10-25 12:15:19,467 [pool-214-thread-1] INFO  server.RaftServer$Division (RaftServerImpl.java:start(334)) - 86ba6119-8a76-46a4-9f38-747fe10c9207@group-D1CF6F441345: start as a follower, conf=-1: peers:[0a1cfcca-7ba7-43aa-b517-08505af7a09b|rpc:10.1.1.43:43175|priority:1|startupRole:FOLLOWER, 86ba6119-8a76-46a4-9f38-747fe10c9207|rpc:10.1.1.43:42323|priority:0|startupRole:FOLLOWER, 907eb2bb-0522-4d6b-bbf0-1b213cc99331|rpc:10.1.1.43:40069|priority:0|startupRole:FOLLOWER]|listeners:[], old=null
2022-10-25 12:15:19,467 [pool-214-thread-1] INFO  server.RaftServer$Division (RaftServerImpl.java:setRole(321)) - 86ba6119-8a76-46a4-9f38-747fe10c9207@group-D1CF6F441345: changes role from      null to FOLLOWER at term 0 for startAsFollower
2022-10-25 12:15:19,467 [pool-214-thread-1] INFO  impl.RoleInfo (RoleInfo.java:updateAndGet(139)) - 86ba6119-8a76-46a4-9f38-747fe10c9207: start 86ba6119-8a76-46a4-9f38-747fe10c9207@group-D1CF6F441345-FollowerState
2022-10-25 12:15:19,467 [pool-214-thread-1] INFO  util.JmxRegister (JmxRegister.java:tryRegister(44)) - Successfully registered JMX Bean with object name Ratis:service=RaftServer,group=group-D1CF6F441345,id=86ba6119-8a76-46a4-9f38-747fe10c9207
2022-10-25 12:15:19,467 [pool-214-thread-1] INFO  server.RaftServerConfigKeys (ConfUtils.java:logGet(46)) - raft.server.snapshot.auto.trigger.enabled = true (custom)
2022-10-25 12:15:19,467 [pool-214-thread-1] INFO  server.RaftServerConfigKeys (ConfUtils.java:logGet(46)) - raft.server.snapshot.auto.trigger.threshold = 10000 (custom)
2022-10-25 12:15:19,468 [pool-214-thread-1] INFO  server.RaftServerConfigKeys (ConfUtils.java:logGet(46)) - raft.server.snapshot.retention.file.num = 5 (custom)
2022-10-25 12:15:19,468 [pool-214-thread-1] INFO  server.RaftServerConfigKeys (ConfUtils.java:logGet(46)) - raft.server.log.purge.upto.snapshot.index = false (default)
2022-10-25 12:15:19,469 [86ba6119-8a76-46a4-9f38-747fe10c9207@group-D1CF6F441345-FollowerState] INFO  server.RaftServerConfigKeys (ConfUtils.java:logFallback(53)) - raft.server.rpc.first-election.timeout.min = 5s (fallback to raft.server.rpc.timeout.min)
2022-10-25 12:15:19,469 [86ba6119-8a76-46a4-9f38-747fe10c9207@group-D1CF6F441345-FollowerState] INFO  server.RaftServerConfigKeys (ConfUtils.java:logFallback(53)) - raft.server.rpc.first-election.timeout.max = 5200ms (fallback to raft.server.rpc.timeout.max)
2022-10-25 12:15:19,470 [Command processor thread] INFO  ratis.XceiverServerRatis (XceiverServerRatis.java:addGroup(765)) - Created group PipelineID=ededb7be-9b98-4dd7-bd7e-d1cf6f441345
2022-10-25 12:15:19,491 [grpc-default-executor-0] INFO  server.RaftServer (RaftServerProxy.java:addNew(96)) - 907eb2bb-0522-4d6b-bbf0-1b213cc99331: addNew group-D1CF6F441345:[0a1cfcca-7ba7-43aa-b517-08505af7a09b|rpc:10.1.1.43:43175|dataStream:|priority:1|startupRole:FOLLOWER, 86ba6119-8a76-46a4-9f38-747fe10c9207|rpc:10.1.1.43:42323|dataStream:|priority:0|startupRole:FOLLOWER, 907eb2bb-0522-4d6b-bbf0-1b213cc99331|rpc:10.1.1.43:40069|dataStream:|priority:0|startupRole:FOLLOWER] returns group-D1CF6F441345:java.util.concurrent.CompletableFuture@12d037d2[Not completed]
2022-10-25 12:15:19,492 [pool-264-thread-1] INFO  server.RaftServer$Division (RaftServerImpl.java:<init>(195)) - 907eb2bb-0522-4d6b-bbf0-1b213cc99331: new RaftServerImpl for group-D1CF6F441345:[0a1cfcca-7ba7-43aa-b517-08505af7a09b|rpc:10.1.1.43:43175|dataStream:|priority:1|startupRole:FOLLOWER, 86ba6119-8a76-46a4-9f38-747fe10c9207|rpc:10.1.1.43:42323|dataStream:|priority:0|startupRole:FOLLOWER, 907eb2bb-0522-4d6b-bbf0-1b213cc99331|rpc:10.1.1.43:40069|dataStream:|priority:0|startupRole:FOLLOWER] with ContainerStateMachine:uninitialized
2022-10-25 12:15:19,492 [pool-264-thread-1] INFO  server.RaftServerConfigKeys (ConfUtils.java:logGet(46)) - raft.server.rpc.timeout.min = 5s (custom)
2022-10-25 12:15:19,492 [pool-264-thread-1] INFO  server.RaftServerConfigKeys (ConfUtils.java:logGet(46)) - raft.server.rpc.timeout.max = 5200ms (custom)
2022-10-25 12:15:19,492 [pool-264-thread-1] INFO  server.RaftServerConfigKeys (ConfUtils.java:logGet(46)) - raft.server.rpc.sleep.time = 25ms (default)
2022-10-25 12:15:19,492 [pool-264-thread-1] INFO  server.RaftServerConfigKeys (ConfUtils.java:logGet(46)) - raft.server.rpc.slowness.timeout = 300s (custom)
2022-10-25 12:15:19,493 [pool-264-thread-1] INFO  server.RaftServerConfigKeys (ConfUtils.java:logGet(46)) - raft.server.leaderelection.leader.step-down.wait-time = 10s (default)
2022-10-25 12:15:19,493 [pool-264-thread-1] INFO  server.RaftServerConfigKeys (ConfUtils.java:logGet(46)) - raft.server.sleep.deviation.threshold = 300ms (default)
2022-10-25 12:15:19,493 [pool-264-thread-1] INFO  server.RaftServer$Division (ServerState.java:<init>(118)) - 907eb2bb-0522-4d6b-bbf0-1b213cc99331@group-D1CF6F441345: ConfigurationManager, init=-1: peers:[0a1cfcca-7ba7-43aa-b517-08505af7a09b|rpc:10.1.1.43:43175|dataStream:|priority:1|startupRole:FOLLOWER, 86ba6119-8a76-46a4-9f38-747fe10c9207|rpc:10.1.1.43:42323|dataStream:|priority:0|startupRole:FOLLOWER, 907eb2bb-0522-4d6b-bbf0-1b213cc99331|rpc:10.1.1.43:40069|dataStream:|priority:0|startupRole:FOLLOWER]|listeners:[], old=null, confs=<EMPTY_MAP>
2022-10-25 12:15:19,493 [pool-264-thread-1] INFO  server.RaftServerConfigKeys (ConfUtils.java:logGet(46)) - raft.server.storage.dir = [/home/runner/work/ozone/ozone/hadoop-ozone/integration-test/target/test-dir/MiniOzoneClusterImpl-59fd4bbb-78e8-4c50-bd4e-19e5c7f0d0cd/datanode-8/data/ratis] (custom)
2022-10-25 12:15:19,493 [pool-264-thread-1] INFO  server.RaftServerConfigKeys (ConfUtils.java:logGet(46)) - raft.server.log.corruption.policy = EXCEPTION (default)
2022-10-25 12:15:19,493 [pool-264-thread-1] INFO  server.RaftServerConfigKeys (ConfUtils.java:logGet(46)) - raft.server.storage.free-space.min = 0MB (=0) (default)
2022-10-25 12:15:19,496 [pool-264-thread-1] INFO  server.RaftServerConfigKeys (ConfUtils.java:logGet(46)) - raft.server.notification.no-leader.timeout = 300s (custom)
2022-10-25 12:15:19,496 [pool-264-thread-1] INFO  server.RaftServerConfigKeys (ConfUtils.java:logGet(46)) - raft.server.retrycache.expirytime = 600000ms (custom)
2022-10-25 12:15:19,497 [pool-264-thread-1] INFO  server.RaftServerConfigKeys (ConfUtils.java:logGet(46)) - raft.server.retrycache.statistics.expirytime = 100μs (default)
2022-10-25 12:15:19,499 [pool-264-thread-1] INFO  server.RaftServerConfigKeys (ConfUtils.java:logGet(46)) - raft.server.log.appender.install.snapshot.enabled = false (custom)
2022-10-25 12:15:19,499 [pool-264-thread-1] INFO  server.RaftServerConfigKeys (ConfUtils.java:logGet(46)) - raft.server.threadpool.server.cached = true (default)
2022-10-25 12:15:19,499 [pool-264-thread-1] INFO  server.RaftServerConfigKeys (ConfUtils.java:logGet(46)) - raft.server.threadpool.server.size = 0 (default)
2022-10-25 12:15:19,500 [pool-264-thread-1] INFO  server.RaftServerConfigKeys (ConfUtils.java:logGet(46)) - raft.server.threadpool.client.cached = true (default)
2022-10-25 12:15:19,500 [pool-264-thread-1] INFO  server.RaftServerConfigKeys (ConfUtils.java:logGet(46)) - raft.server.threadpool.client.size = 0 (default)
2022-10-25 12:15:19,500 [pool-264-thread-1] INFO  storage.RaftStorageDirectory (RaftStorageDirectoryImpl.java:analyzeStorage(137)) - The storage directory /home/runner/work/ozone/ozone/hadoop-ozone/integration-test/target/test-dir/MiniOzoneClusterImpl-59fd4bbb-78e8-4c50-bd4e-19e5c7f0d0cd/datanode-8/data/ratis/ededb7be-9b98-4dd7-bd7e-d1cf6f441345 does not exist. Creating ...
2022-10-25 12:15:19,501 [pool-264-thread-1] INFO  storage.RaftStorageDirectory (RaftStorageDirectoryImpl.java:tryLock(231)) - Lock on /home/runner/work/ozone/ozone/hadoop-ozone/integration-test/target/test-dir/MiniOzoneClusterImpl-59fd4bbb-78e8-4c50-bd4e-19e5c7f0d0cd/datanode-8/data/ratis/ededb7be-9b98-4dd7-bd7e-d1cf6f441345/in_use.lock acquired by nodename 14024@fv-az82-510
2022-10-25 12:15:19,502 [pool-264-thread-1] INFO  storage.RaftStorage (RaftStorageImpl.java:format(96)) - Storage directory /home/runner/work/ozone/ozone/hadoop-ozone/integration-test/target/test-dir/MiniOzoneClusterImpl-59fd4bbb-78e8-4c50-bd4e-19e5c7f0d0cd/datanode-8/data/ratis/ededb7be-9b98-4dd7-bd7e-d1cf6f441345 has been successfully formatted.
2022-10-25 12:15:19,503 [pool-264-thread-1] INFO  ratis.ContainerStateMachine (ContainerStateMachine.java:loadSnapshot(236)) - group-D1CF6F441345: The snapshot info is null. Setting the last applied indexto:(t:0, i:~)
2022-10-25 12:15:19,503 [pool-264-thread-1] INFO  server.RaftServerConfigKeys (ConfUtils.java:logGet(46)) - raft.server.log.use.memory = false (default)
2022-10-25 12:15:19,503 [pool-264-thread-1] INFO  server.RaftServerConfigKeys (ConfUtils.java:logGet(46)) - raft.server.log.purge.gap = 1000000 (custom)
2022-10-25 12:15:19,503 [pool-264-thread-1] INFO  server.RaftServerConfigKeys (ConfUtils.java:logGet(46)) - raft.server.log.appender.buffer.byte-limit = 33554432 (custom)
2022-10-25 12:15:19,503 [pool-264-thread-1] INFO  server.RaftServerConfigKeys (ConfUtils.java:logGet(46)) - raft.server.log.statemachine.data.read.timeout = 1000ms (default)
2022-10-25 12:15:19,503 [pool-264-thread-1] INFO  server.RaftServerConfigKeys (ConfUtils.java:logGet(46)) - raft.server.log.purge.preservation.log.num = 0 (default)
2022-10-25 12:15:19,503 [pool-264-thread-1] INFO  server.RaftServerConfigKeys (ConfUtils.java:logGet(46)) - raft.server.log.segment.size.max = 1048576 (custom)
2022-10-25 12:15:19,504 [pool-264-thread-1] INFO  server.RaftServerConfigKeys (ConfUtils.java:logGet(46)) - raft.server.log.segment.cache.num.max = 2 (custom)
2022-10-25 12:15:19,504 [pool-264-thread-1] INFO  server.RaftServerConfigKeys (ConfUtils.java:logGet(46)) - raft.server.log.segment.cache.size.max = 200MB (=209715200) (default)
2022-10-25 12:15:19,505 [pool-264-thread-1] INFO  segmented.SegmentedRaftLogWorker (SegmentedRaftLogWorker.java:<init>(191)) - new 907eb2bb-0522-4d6b-bbf0-1b213cc99331@group-D1CF6F441345-SegmentedRaftLogWorker for RaftStorageImpl:Storage Directory /home/runner/work/ozone/ozone/hadoop-ozone/integration-test/target/test-dir/MiniOzoneClusterImpl-59fd4bbb-78e8-4c50-bd4e-19e5c7f0d0cd/datanode-8/data/ratis/ededb7be-9b98-4dd7-bd7e-d1cf6f441345
2022-10-25 12:15:19,505 [pool-264-thread-1] INFO  server.RaftServerConfigKeys (ConfUtils.java:logGet(46)) - raft.server.log.queue.byte-limit = 4294967296 (custom)
2022-10-25 12:15:19,505 [pool-264-thread-1] INFO  server.RaftServerConfigKeys (ConfUtils.java:logGet(46)) - raft.server.log.queue.element-limit = 1024 (custom)
2022-10-25 12:15:19,505 [pool-264-thread-1] INFO  server.RaftServerConfigKeys (ConfUtils.java:logGet(46)) - raft.server.log.segment.size.max = 1048576 (custom)
2022-10-25 12:15:19,505 [pool-264-thread-1] INFO  server.RaftServerConfigKeys (ConfUtils.java:logGet(46)) - raft.server.log.preallocated.size = 16384 (custom)
2022-10-25 12:15:19,505 [pool-264-thread-1] INFO  server.RaftServerConfigKeys (ConfUtils.java:logGet(46)) - raft.server.log.force.sync.num = 128 (default)
2022-10-25 12:15:19,505 [pool-264-thread-1] INFO  server.RaftServerConfigKeys (ConfUtils.java:logGet(46)) - raft.server.log.statemachine.data.sync = true (default)
2022-10-25 12:15:19,506 [pool-264-thread-1] INFO  server.RaftServerConfigKeys (ConfUtils.java:logGet(46)) - raft.server.log.statemachine.data.sync.timeout = 10s (default)
2022-10-25 12:15:19,506 [pool-264-thread-1] INFO  server.RaftServerConfigKeys (ConfUtils.java:logGet(46)) - raft.server.log.statemachine.data.sync.timeout.retry = -1 (default)
2022-10-25 12:15:19,507 [pool-264-thread-1] INFO  server.RaftServerConfigKeys (ConfUtils.java:logGet(46)) - raft.server.log.write.buffer.size = 1048576 (custom)
2022-10-25 12:15:19,507 [pool-264-thread-1] INFO  server.RaftServerConfigKeys (ConfUtils.java:logGet(46)) - raft.server.log.unsafe-flush.enabled = false (default)
2022-10-25 12:15:19,507 [pool-264-thread-1] INFO  server.RaftServerConfigKeys (ConfUtils.java:logGet(46)) - raft.server.log.async-flush.enabled = false (default)
2022-10-25 12:15:19,507 [pool-264-thread-1] INFO  server.RaftServerConfigKeys (ConfUtils.java:logGet(46)) - raft.server.log.statemachine.data.caching.enabled = true (custom)
2022-10-25 12:15:19,507 [pool-264-thread-1] INFO  segmented.SegmentedRaftLogWorker (SegmentedRaftLogWorker.java:lambda$new$0(136)) - 907eb2bb-0522-4d6b-bbf0-1b213cc99331@group-D1CF6F441345-SegmentedRaftLogWorker: flushIndex: setUnconditionally 0 -> -1
2022-10-25 12:15:19,507 [pool-264-thread-1] INFO  segmented.SegmentedRaftLogWorker (SegmentedRaftLogWorker.java:lambda$new$0(136)) - 907eb2bb-0522-4d6b-bbf0-1b213cc99331@group-D1CF6F441345-SegmentedRaftLogWorker: safeCacheEvictIndex: setUnconditionally 0 -> -1
2022-10-25 12:15:19,508 [pool-264-thread-1] INFO  server.RaftServer$Division (RaftServerImpl.java:start(334)) - 907eb2bb-0522-4d6b-bbf0-1b213cc99331@group-D1CF6F441345: start as a follower, conf=-1: peers:[0a1cfcca-7ba7-43aa-b517-08505af7a09b|rpc:10.1.1.43:43175|dataStream:|priority:1|startupRole:FOLLOWER, 86ba6119-8a76-46a4-9f38-747fe10c9207|rpc:10.1.1.43:42323|dataStream:|priority:0|startupRole:FOLLOWER, 907eb2bb-0522-4d6b-bbf0-1b213cc99331|rpc:10.1.1.43:40069|dataStream:|priority:0|startupRole:FOLLOWER]|listeners:[], old=null
2022-10-25 12:15:19,508 [pool-264-thread-1] INFO  server.RaftServer$Division (RaftServerImpl.java:setRole(321)) - 907eb2bb-0522-4d6b-bbf0-1b213cc99331@group-D1CF6F441345: changes role from      null to FOLLOWER at term 0 for startAsFollower
2022-10-25 12:15:19,508 [pool-264-thread-1] INFO  impl.RoleInfo (RoleInfo.java:updateAndGet(139)) - 907eb2bb-0522-4d6b-bbf0-1b213cc99331: start 907eb2bb-0522-4d6b-bbf0-1b213cc99331@group-D1CF6F441345-FollowerState
2022-10-25 12:15:19,509 [pool-264-thread-1] INFO  util.JmxRegister (JmxRegister.java:tryRegister(44)) - Successfully registered JMX Bean with object name Ratis:service=RaftServer,group=group-D1CF6F441345,id=907eb2bb-0522-4d6b-bbf0-1b213cc99331
2022-10-25 12:15:19,509 [pool-264-thread-1] INFO  server.RaftServerConfigKeys (ConfUtils.java:logGet(46)) - raft.server.snapshot.auto.trigger.enabled = true (custom)
2022-10-25 12:15:19,509 [pool-264-thread-1] INFO  server.RaftServerConfigKeys (ConfUtils.java:logGet(46)) - raft.server.snapshot.auto.trigger.threshold = 10000 (custom)
2022-10-25 12:15:19,509 [pool-264-thread-1] INFO  server.RaftServerConfigKeys (ConfUtils.java:logGet(46)) - raft.server.snapshot.retention.file.num = 5 (custom)
2022-10-25 12:15:19,509 [pool-264-thread-1] INFO  server.RaftServerConfigKeys (ConfUtils.java:logGet(46)) - raft.server.log.purge.upto.snapshot.index = false (default)
2022-10-25 12:15:19,510 [907eb2bb-0522-4d6b-bbf0-1b213cc99331@group-D1CF6F441345-FollowerState] INFO  server.RaftServerConfigKeys (ConfUtils.java:logFallback(53)) - raft.server.rpc.first-election.timeout.min = 5s (fallback to raft.server.rpc.timeout.min)
2022-10-25 12:15:19,514 [907eb2bb-0522-4d6b-bbf0-1b213cc99331@group-D1CF6F441345-FollowerState] INFO  server.RaftServerConfigKeys (ConfUtils.java:logFallback(53)) - raft.server.rpc.first-election.timeout.max = 5200ms (fallback to raft.server.rpc.timeout.max)
2022-10-25 12:15:19,538 [grpc-default-executor-0] INFO  server.RaftServer (RaftServerProxy.java:addNew(96)) - 0a1cfcca-7ba7-43aa-b517-08505af7a09b: addNew group-D1CF6F441345:[0a1cfcca-7ba7-43aa-b517-08505af7a09b|rpc:10.1.1.43:43175|dataStream:|priority:1|startupRole:FOLLOWER, 86ba6119-8a76-46a4-9f38-747fe10c9207|rpc:10.1.1.43:42323|dataStream:|priority:0|startupRole:FOLLOWER, 907eb2bb-0522-4d6b-bbf0-1b213cc99331|rpc:10.1.1.43:40069|dataStream:|priority:0|startupRole:FOLLOWER] returns group-D1CF6F441345:java.util.concurrent.CompletableFuture@726dc6e9[Not completed]
2022-10-25 12:15:19,540 [pool-237-thread-1] INFO  server.RaftServer$Division (RaftServerImpl.java:<init>(195)) - 0a1cfcca-7ba7-43aa-b517-08505af7a09b: new RaftServerImpl for group-D1CF6F441345:[0a1cfcca-7ba7-43aa-b517-08505af7a09b|rpc:10.1.1.43:43175|dataStream:|priority:1|startupRole:FOLLOWER, 86ba6119-8a76-46a4-9f38-747fe10c9207|rpc:10.1.1.43:42323|dataStream:|priority:0|startupRole:FOLLOWER, 907eb2bb-0522-4d6b-bbf0-1b213cc99331|rpc:10.1.1.43:40069|dataStream:|priority:0|startupRole:FOLLOWER] with ContainerStateMachine:uninitialized
2022-10-25 12:15:19,540 [pool-237-thread-1] INFO  server.RaftServerConfigKeys (ConfUtils.java:logGet(46)) - raft.server.rpc.timeout.min = 5s (custom)
2022-10-25 12:15:19,540 [pool-237-thread-1] INFO  server.RaftServerConfigKeys (ConfUtils.java:logGet(46)) - raft.server.rpc.timeout.max = 5200ms (custom)
2022-10-25 12:15:19,540 [pool-237-thread-1] INFO  server.RaftServerConfigKeys (ConfUtils.java:logGet(46)) - raft.server.rpc.sleep.time = 25ms (default)
2022-10-25 12:15:19,540 [pool-237-thread-1] INFO  server.RaftServerConfigKeys (ConfUtils.java:logGet(46)) - raft.server.rpc.slowness.timeout = 300s (custom)
2022-10-25 12:15:19,540 [pool-237-thread-1] INFO  server.RaftServerConfigKeys (ConfUtils.java:logGet(46)) - raft.server.leaderelection.leader.step-down.wait-time = 10s (default)
2022-10-25 12:15:19,540 [pool-237-thread-1] INFO  server.RaftServerConfigKeys (ConfUtils.java:logGet(46)) - raft.server.sleep.deviation.threshold = 300ms (default)
2022-10-25 12:15:19,540 [pool-237-thread-1] INFO  server.RaftServer$Division (ServerState.java:<init>(118)) - 0a1cfcca-7ba7-43aa-b517-08505af7a09b@group-D1CF6F441345: ConfigurationManager, init=-1: peers:[0a1cfcca-7ba7-43aa-b517-08505af7a09b|rpc:10.1.1.43:43175|dataStream:|priority:1|startupRole:FOLLOWER, 86ba6119-8a76-46a4-9f38-747fe10c9207|rpc:10.1.1.43:42323|dataStream:|priority:0|startupRole:FOLLOWER, 907eb2bb-0522-4d6b-bbf0-1b213cc99331|rpc:10.1.1.43:40069|dataStream:|priority:0|startupRole:FOLLOWER]|listeners:[], old=null, confs=<EMPTY_MAP>
2022-10-25 12:15:19,540 [pool-237-thread-1] INFO  server.RaftServerConfigKeys (ConfUtils.java:logGet(46)) - raft.server.storage.dir = [/home/runner/work/ozone/ozone/hadoop-ozone/integration-test/target/test-dir/MiniOzoneClusterImpl-59fd4bbb-78e8-4c50-bd4e-19e5c7f0d0cd/datanode-7/data/ratis] (custom)
2022-10-25 12:15:19,540 [pool-237-thread-1] INFO  server.RaftServerConfigKeys (ConfUtils.java:logGet(46)) - raft.server.log.corruption.policy = EXCEPTION (default)
2022-10-25 12:15:19,540 [pool-237-thread-1] INFO  server.RaftServerConfigKeys (ConfUtils.java:logGet(46)) - raft.server.storage.free-space.min = 0MB (=0) (default)
2022-10-25 12:15:19,541 [pool-237-thread-1] INFO  server.RaftServerConfigKeys (ConfUtils.java:logGet(46)) - raft.server.notification.no-leader.timeout = 300s (custom)
2022-10-25 12:15:19,541 [pool-237-thread-1] INFO  server.RaftServerConfigKeys (ConfUtils.java:logGet(46)) - raft.server.retrycache.expirytime = 600000ms (custom)
2022-10-25 12:15:19,541 [pool-237-thread-1] INFO  server.RaftServerConfigKeys (ConfUtils.java:logGet(46)) - raft.server.retrycache.statistics.expirytime = 100μs (default)
2022-10-25 12:15:19,544 [pool-237-thread-1] INFO  server.RaftServerConfigKeys (ConfUtils.java:logGet(46)) - raft.server.log.appender.install.snapshot.enabled = false (custom)
2022-10-25 12:15:19,544 [pool-237-thread-1] INFO  server.RaftServerConfigKeys (ConfUtils.java:logGet(46)) - raft.server.threadpool.server.cached = true (default)
2022-10-25 12:15:19,545 [pool-237-thread-1] INFO  server.RaftServerConfigKeys (ConfUtils.java:logGet(46)) - raft.server.threadpool.server.size = 0 (default)
2022-10-25 12:15:19,545 [pool-237-thread-1] INFO  server.RaftServerConfigKeys (ConfUtils.java:logGet(46)) - raft.server.threadpool.client.cached = true (default)
2022-10-25 12:15:19,545 [pool-237-thread-1] INFO  server.RaftServerConfigKeys (ConfUtils.java:logGet(46)) - raft.server.threadpool.client.size = 0 (default)
2022-10-25 12:15:19,545 [pool-237-thread-1] INFO  storage.RaftStorageDirectory (RaftStorageDirectoryImpl.java:analyzeStorage(137)) - The storage directory /home/runner/work/ozone/ozone/hadoop-ozone/integration-test/target/test-dir/MiniOzoneClusterImpl-59fd4bbb-78e8-4c50-bd4e-19e5c7f0d0cd/datanode-7/data/ratis/ededb7be-9b98-4dd7-bd7e-d1cf6f441345 does not exist. Creating ...
2022-10-25 12:15:19,546 [pool-237-thread-1] INFO  storage.RaftStorageDirectory (RaftStorageDirectoryImpl.java:tryLock(231)) - Lock on /home/runner/work/ozone/ozone/hadoop-ozone/integration-test/target/test-dir/MiniOzoneClusterImpl-59fd4bbb-78e8-4c50-bd4e-19e5c7f0d0cd/datanode-7/data/ratis/ededb7be-9b98-4dd7-bd7e-d1cf6f441345/in_use.lock acquired by nodename 14024@fv-az82-510
2022-10-25 12:15:19,548 [pool-237-thread-1] INFO  storage.RaftStorage (RaftStorageImpl.java:format(96)) - Storage directory /home/runner/work/ozone/ozone/hadoop-ozone/integration-test/target/test-dir/MiniOzoneClusterImpl-59fd4bbb-78e8-4c50-bd4e-19e5c7f0d0cd/datanode-7/data/ratis/ededb7be-9b98-4dd7-bd7e-d1cf6f441345 has been successfully formatted.
2022-10-25 12:15:19,552 [pool-237-thread-1] INFO  ratis.ContainerStateMachine (ContainerStateMachine.java:loadSnapshot(236)) - group-D1CF6F441345: The snapshot info is null. Setting the last applied indexto:(t:0, i:~)
2022-10-25 12:15:19,552 [pool-237-thread-1] INFO  server.RaftServerConfigKeys (ConfUtils.java:logGet(46)) - raft.server.log.use.memory = false (default)
2022-10-25 12:15:19,552 [pool-237-thread-1] INFO  server.RaftServerConfigKeys (ConfUtils.java:logGet(46)) - raft.server.log.purge.gap = 1000000 (custom)
2022-10-25 12:15:19,552 [pool-237-thread-1] INFO  server.RaftServerConfigKeys (ConfUtils.java:logGet(46)) - raft.server.log.appender.buffer.byte-limit = 33554432 (custom)
2022-10-25 12:15:19,552 [pool-237-thread-1] INFO  server.RaftServerConfigKeys (ConfUtils.java:logGet(46)) - raft.server.log.statemachine.data.read.timeout = 1000ms (default)
2022-10-25 12:15:19,553 [pool-237-thread-1] INFO  server.RaftServerConfigKeys (ConfUtils.java:logGet(46)) - raft.server.log.purge.preservation.log.num = 0 (default)
2022-10-25 12:15:19,553 [pool-237-thread-1] INFO  server.RaftServerConfigKeys (ConfUtils.java:logGet(46)) - raft.server.log.segment.size.max = 1048576 (custom)
2022-10-25 12:15:19,553 [pool-237-thread-1] INFO  server.RaftServerConfigKeys (ConfUtils.java:logGet(46)) - raft.server.log.segment.cache.num.max = 2 (custom)
2022-10-25 12:15:19,554 [pool-237-thread-1] INFO  server.RaftServerConfigKeys (ConfUtils.java:logGet(46)) - raft.server.log.segment.cache.size.max = 200MB (=209715200) (default)
2022-10-25 12:15:19,554 [pool-237-thread-1] INFO  segmented.SegmentedRaftLogWorker (SegmentedRaftLogWorker.java:<init>(191)) - new 0a1cfcca-7ba7-43aa-b517-08505af7a09b@group-D1CF6F441345-SegmentedRaftLogWorker for RaftStorageImpl:Storage Directory /home/runner/work/ozone/ozone/hadoop-ozone/integration-test/target/test-dir/MiniOzoneClusterImpl-59fd4bbb-78e8-4c50-bd4e-19e5c7f0d0cd/datanode-7/data/ratis/ededb7be-9b98-4dd7-bd7e-d1cf6f441345
2022-10-25 12:15:19,555 [pool-237-thread-1] INFO  server.RaftServerConfigKeys (ConfUtils.java:logGet(46)) - raft.server.log.queue.byte-limit = 4294967296 (custom)
2022-10-25 12:15:19,555 [pool-237-thread-1] INFO  server.RaftServerConfigKeys (ConfUtils.java:logGet(46)) - raft.server.log.queue.element-limit = 1024 (custom)
2022-10-25 12:15:19,555 [pool-237-thread-1] INFO  server.RaftServerConfigKeys (ConfUtils.java:logGet(46)) - raft.server.log.segment.size.max = 1048576 (custom)
2022-10-25 12:15:19,555 [pool-237-thread-1] INFO  server.RaftServerConfigKeys (ConfUtils.java:logGet(46)) - raft.server.log.preallocated.size = 16384 (custom)
2022-10-25 12:15:19,555 [pool-237-thread-1] INFO  server.RaftServerConfigKeys (ConfUtils.java:logGet(46)) - raft.server.log.force.sync.num = 128 (default)
2022-10-25 12:15:19,555 [pool-237-thread-1] INFO  server.RaftServerConfigKeys (ConfUtils.java:logGet(46)) - raft.server.log.statemachine.data.sync = true (default)
2022-10-25 12:15:19,555 [pool-237-thread-1] INFO  server.RaftServerConfigKeys (ConfUtils.java:logGet(46)) - raft.server.log.statemachine.data.sync.timeout = 10s (default)
2022-10-25 12:15:19,555 [pool-237-thread-1] INFO  server.RaftServerConfigKeys (ConfUtils.java:logGet(46)) - raft.server.log.statemachine.data.sync.timeout.retry = -1 (default)
2022-10-25 12:15:19,558 [pool-237-thread-1] INFO  server.RaftServerConfigKeys (ConfUtils.java:logGet(46)) - raft.server.log.write.buffer.size = 1048576 (custom)
2022-10-25 12:15:19,559 [pool-237-thread-1] INFO  server.RaftServerConfigKeys (ConfUtils.java:logGet(46)) - raft.server.log.unsafe-flush.enabled = false (default)
2022-10-25 12:15:19,559 [pool-237-thread-1] INFO  server.RaftServerConfigKeys (ConfUtils.java:logGet(46)) - raft.server.log.async-flush.enabled = false (default)
2022-10-25 12:15:19,559 [pool-237-thread-1] INFO  server.RaftServerConfigKeys (ConfUtils.java:logGet(46)) - raft.server.log.statemachine.data.caching.enabled = true (custom)
2022-10-25 12:15:19,559 [pool-237-thread-1] INFO  segmented.SegmentedRaftLogWorker (SegmentedRaftLogWorker.java:lambda$new$0(136)) - 0a1cfcca-7ba7-43aa-b517-08505af7a09b@group-D1CF6F441345-SegmentedRaftLogWorker: flushIndex: setUnconditionally 0 -> -1
2022-10-25 12:15:19,560 [pool-237-thread-1] INFO  segmented.SegmentedRaftLogWorker (SegmentedRaftLogWorker.java:lambda$new$0(136)) - 0a1cfcca-7ba7-43aa-b517-08505af7a09b@group-D1CF6F441345-SegmentedRaftLogWorker: safeCacheEvictIndex: setUnconditionally 0 -> -1
2022-10-25 12:15:19,560 [pool-237-thread-1] INFO  server.RaftServer$Division (RaftServerImpl.java:start(334)) - 0a1cfcca-7ba7-43aa-b517-08505af7a09b@group-D1CF6F441345: start as a follower, conf=-1: peers:[0a1cfcca-7ba7-43aa-b517-08505af7a09b|rpc:10.1.1.43:43175|dataStream:|priority:1|startupRole:FOLLOWER, 86ba6119-8a76-46a4-9f38-747fe10c9207|rpc:10.1.1.43:42323|dataStream:|priority:0|startupRole:FOLLOWER, 907eb2bb-0522-4d6b-bbf0-1b213cc99331|rpc:10.1.1.43:40069|dataStream:|priority:0|startupRole:FOLLOWER]|listeners:[], old=null
2022-10-25 12:15:19,560 [pool-237-thread-1] INFO  server.RaftServer$Division (RaftServerImpl.java:setRole(321)) - 0a1cfcca-7ba7-43aa-b517-08505af7a09b@group-D1CF6F441345: changes role from      null to FOLLOWER at term 0 for startAsFollower
2022-10-25 12:15:19,560 [pool-237-thread-1] INFO  impl.RoleInfo (RoleInfo.java:updateAndGet(139)) - 0a1cfcca-7ba7-43aa-b517-08505af7a09b: start 0a1cfcca-7ba7-43aa-b517-08505af7a09b@group-D1CF6F441345-FollowerState
2022-10-25 12:15:19,562 [pool-237-thread-1] INFO  util.JmxRegister (JmxRegister.java:tryRegister(44)) - Successfully registered JMX Bean with object name Ratis:service=RaftServer,group=group-D1CF6F441345,id=0a1cfcca-7ba7-43aa-b517-08505af7a09b
2022-10-25 12:15:19,562 [Listener at 127.0.0.1/33161] INFO  ozone.MiniOzoneClusterImpl (MiniOzoneClusterImpl.java:lambda$waitForClusterToBeReady$0(216)) - Nodes are ready. Got 10 of 10 DN Heartbeats.
2022-10-25 12:15:19,575 [Listener at 127.0.0.1/33161] INFO  ozone.MiniOzoneClusterImpl (MiniOzoneClusterImpl.java:lambda$waitForClusterToBeReady$0(219)) - Waiting for cluster to exit safe mode
2022-10-25 12:15:19,575 [Listener at 127.0.0.1/33161] INFO  ozone.MiniOzoneClusterImpl (MiniOzoneClusterImpl.java:lambda$waitForClusterToBeReady$0(221)) - SCM became leader
2022-10-25 12:15:19,574 [0a1cfcca-7ba7-43aa-b517-08505af7a09b@group-D1CF6F441345-FollowerState] INFO  server.RaftServerConfigKeys (ConfUtils.java:logFallback(53)) - raft.server.rpc.first-election.timeout.min = 5s (fallback to raft.server.rpc.timeout.min)
2022-10-25 12:15:19,575 [0a1cfcca-7ba7-43aa-b517-08505af7a09b@group-D1CF6F441345-FollowerState] INFO  server.RaftServerConfigKeys (ConfUtils.java:logFallback(53)) - raft.server.rpc.first-election.timeout.max = 5200ms (fallback to raft.server.rpc.timeout.max)
2022-10-25 12:15:19,562 [pool-237-thread-1] INFO  server.RaftServerConfigKeys (ConfUtils.java:logGet(46)) - raft.server.snapshot.auto.trigger.enabled = true (custom)
2022-10-25 12:15:19,575 [pool-237-thread-1] INFO  server.RaftServerConfigKeys (ConfUtils.java:logGet(46)) - raft.server.snapshot.auto.trigger.threshold = 10000 (custom)
2022-10-25 12:15:19,575 [pool-237-thread-1] INFO  server.RaftServerConfigKeys (ConfUtils.java:logGet(46)) - raft.server.snapshot.retention.file.num = 5 (custom)
2022-10-25 12:15:19,575 [pool-237-thread-1] INFO  server.RaftServerConfigKeys (ConfUtils.java:logGet(46)) - raft.server.log.purge.upto.snapshot.index = false (default)
2022-10-25 12:15:19,594 [Command processor thread] INFO  commandhandler.CreatePipelineCommandHandler (CreatePipelineCommandHandler.java:handle(113)) - Created Pipeline RATIS THREE PipelineID=ededb7be-9b98-4dd7-bd7e-d1cf6f441345.
2022-10-25 12:15:19,595 [Command processor thread] INFO  server.RaftServer (RaftServerProxy.java:addNew(96)) - 86ba6119-8a76-46a4-9f38-747fe10c9207: addNew group-A2CE196D64DA:[0a1cfcca-7ba7-43aa-b517-08505af7a09b|rpc:10.1.1.43:43175|priority:0|startupRole:FOLLOWER, 86ba6119-8a76-46a4-9f38-747fe10c9207|rpc:10.1.1.43:42323|priority:0|startupRole:FOLLOWER, 907eb2bb-0522-4d6b-bbf0-1b213cc99331|rpc:10.1.1.43:40069|priority:1|startupRole:FOLLOWER] returns group-A2CE196D64DA:java.util.concurrent.CompletableFuture@286de257[Not completed]
2022-10-25 12:15:19,596 [pool-214-thread-1] INFO  server.RaftServer$Division (RaftServerImpl.java:<init>(195)) - 86ba6119-8a76-46a4-9f38-747fe10c9207: new RaftServerImpl for group-A2CE196D64DA:[0a1cfcca-7ba7-43aa-b517-08505af7a09b|rpc:10.1.1.43:43175|priority:0|startupRole:FOLLOWER, 86ba6119-8a76-46a4-9f38-747fe10c9207|rpc:10.1.1.43:42323|priority:0|startupRole:FOLLOWER, 907eb2bb-0522-4d6b-bbf0-1b213cc99331|rpc:10.1.1.43:40069|priority:1|startupRole:FOLLOWER] with ContainerStateMachine:uninitialized
2022-10-25 12:15:19,596 [pool-214-thread-1] INFO  server.RaftServerConfigKeys (ConfUtils.java:logGet(46)) - raft.server.rpc.timeout.min = 5s (custom)
2022-10-25 12:15:19,596 [pool-214-thread-1] INFO  server.RaftServerConfigKeys (ConfUtils.java:logGet(46)) - raft.server.rpc.timeout.max = 5200ms (custom)
2022-10-25 12:15:19,596 [pool-214-thread-1] INFO  server.RaftServerConfigKeys (ConfUtils.java:logGet(46)) - raft.server.rpc.sleep.time = 25ms (default)
2022-10-25 12:15:19,596 [pool-214-thread-1] INFO  server.RaftServerConfigKeys (ConfUtils.java:logGet(46)) - raft.server.rpc.slowness.timeout = 300s (custom)
2022-10-25 12:15:19,596 [pool-214-thread-1] INFO  server.RaftServerConfigKeys (ConfUtils.java:logGet(46)) - raft.server.leaderelection.leader.step-down.wait-time = 10s (default)
2022-10-25 12:15:19,596 [pool-214-thread-1] INFO  server.RaftServerConfigKeys (ConfUtils.java:logGet(46)) - raft.server.sleep.deviation.threshold = 300ms (default)
2022-10-25 12:15:19,596 [pool-214-thread-1] INFO  server.RaftServer$Division (ServerState.java:<init>(118)) - 86ba6119-8a76-46a4-9f38-747fe10c9207@group-A2CE196D64DA: ConfigurationManager, init=-1: peers:[0a1cfcca-7ba7-43aa-b517-08505af7a09b|rpc:10.1.1.43:43175|priority:0|startupRole:FOLLOWER, 86ba6119-8a76-46a4-9f38-747fe10c9207|rpc:10.1.1.43:42323|priority:0|startupRole:FOLLOWER, 907eb2bb-0522-4d6b-bbf0-1b213cc99331|rpc:10.1.1.43:40069|priority:1|startupRole:FOLLOWER]|listeners:[], old=null, confs=<EMPTY_MAP>
2022-10-25 12:15:19,596 [pool-214-thread-1] INFO  server.RaftServerConfigKeys (ConfUtils.java:logGet(46)) - raft.server.storage.dir = [/home/runner/work/ozone/ozone/hadoop-ozone/integration-test/target/test-dir/MiniOzoneClusterImpl-59fd4bbb-78e8-4c50-bd4e-19e5c7f0d0cd/datanode-6/data/ratis] (custom)
2022-10-25 12:15:19,597 [pool-214-thread-1] INFO  server.RaftServerConfigKeys (ConfUtils.java:logGet(46)) - raft.server.log.corruption.policy = EXCEPTION (default)
2022-10-25 12:15:19,597 [pool-214-thread-1] INFO  server.RaftServerConfigKeys (ConfUtils.java:logGet(46)) - raft.server.storage.free-space.min = 0MB (=0) (default)
2022-10-25 12:15:19,597 [pool-214-thread-1] INFO  server.RaftServerConfigKeys (ConfUtils.java:logGet(46)) - raft.server.notification.no-leader.timeout = 300s (custom)
2022-10-25 12:15:19,597 [pool-214-thread-1] INFO  server.RaftServerConfigKeys (ConfUtils.java:logGet(46)) - raft.server.retrycache.expirytime = 600000ms (custom)
2022-10-25 12:15:19,597 [pool-214-thread-1] INFO  server.RaftServerConfigKeys (ConfUtils.java:logGet(46)) - raft.server.retrycache.statistics.expirytime = 100μs (default)
2022-10-25 12:15:19,598 [pool-214-thread-1] INFO  server.RaftServerConfigKeys (ConfUtils.java:logGet(46)) - raft.server.log.appender.install.snapshot.enabled = false (custom)
2022-10-25 12:15:19,599 [pool-214-thread-1] INFO  server.RaftServerConfigKeys (ConfUtils.java:logGet(46)) - raft.server.threadpool.server.cached = true (default)
2022-10-25 12:15:19,599 [pool-214-thread-1] INFO  server.RaftServerConfigKeys (ConfUtils.java:logGet(46)) - raft.server.threadpool.server.size = 0 (default)
2022-10-25 12:15:19,599 [pool-214-thread-1] INFO  server.RaftServerConfigKeys (ConfUtils.java:logGet(46)) - raft.server.threadpool.client.cached = true (default)
2022-10-25 12:15:19,599 [pool-214-thread-1] INFO  server.RaftServerConfigKeys (ConfUtils.java:logGet(46)) - raft.server.threadpool.client.size = 0 (default)
2022-10-25 12:15:19,599 [pool-214-thread-1] INFO  storage.RaftStorageDirectory (RaftStorageDirectoryImpl.java:analyzeStorage(137)) - The storage directory /home/runner/work/ozone/ozone/hadoop-ozone/integration-test/target/test-dir/MiniOzoneClusterImpl-59fd4bbb-78e8-4c50-bd4e-19e5c7f0d0cd/datanode-6/data/ratis/282e6f30-2b1d-4c13-924a-a2ce196d64da does not exist. Creating ...
2022-10-25 12:15:19,600 [pool-214-thread-1] INFO  storage.RaftStorageDirectory (RaftStorageDirectoryImpl.java:tryLock(231)) - Lock on /home/runner/work/ozone/ozone/hadoop-ozone/integration-test/target/test-dir/MiniOzoneClusterImpl-59fd4bbb-78e8-4c50-bd4e-19e5c7f0d0cd/datanode-6/data/ratis/282e6f30-2b1d-4c13-924a-a2ce196d64da/in_use.lock acquired by nodename 14024@fv-az82-510
2022-10-25 12:15:19,601 [pool-214-thread-1] INFO  storage.RaftStorage (RaftStorageImpl.java:format(96)) - Storage directory /home/runner/work/ozone/ozone/hadoop-ozone/integration-test/target/test-dir/MiniOzoneClusterImpl-59fd4bbb-78e8-4c50-bd4e-19e5c7f0d0cd/datanode-6/data/ratis/282e6f30-2b1d-4c13-924a-a2ce196d64da has been successfully formatted.
2022-10-25 12:15:19,602 [pool-214-thread-1] INFO  ratis.ContainerStateMachine (ContainerStateMachine.java:loadSnapshot(236)) - group-A2CE196D64DA: The snapshot info is null. Setting the last applied indexto:(t:0, i:~)
2022-10-25 12:15:19,602 [pool-214-thread-1] INFO  server.RaftServerConfigKeys (ConfUtils.java:logGet(46)) - raft.server.log.use.memory = false (default)
2022-10-25 12:15:19,602 [pool-214-thread-1] INFO  server.RaftServerConfigKeys (ConfUtils.java:logGet(46)) - raft.server.log.purge.gap = 1000000 (custom)
2022-10-25 12:15:19,602 [pool-214-thread-1] INFO  server.RaftServerConfigKeys (ConfUtils.java:logGet(46)) - raft.server.log.appender.buffer.byte-limit = 33554432 (custom)
2022-10-25 12:15:19,602 [pool-214-thread-1] INFO  server.RaftServerConfigKeys (ConfUtils.java:logGet(46)) - raft.server.log.statemachine.data.read.timeout = 1000ms (default)
2022-10-25 12:15:19,602 [pool-214-thread-1] INFO  server.RaftServerConfigKeys (ConfUtils.java:logGet(46)) - raft.server.log.purge.preservation.log.num = 0 (default)
2022-10-25 12:15:19,602 [pool-214-thread-1] INFO  server.RaftServerConfigKeys (ConfUtils.java:logGet(46)) - raft.server.log.segment.size.max = 1048576 (custom)
2022-10-25 12:15:19,603 [pool-214-thread-1] INFO  server.RaftServerConfigKeys (ConfUtils.java:logGet(46)) - raft.server.log.segment.cache.num.max = 2 (custom)
2022-10-25 12:15:19,603 [pool-214-thread-1] INFO  server.RaftServerConfigKeys (ConfUtils.java:logGet(46)) - raft.server.log.segment.cache.size.max = 200MB (=209715200) (default)
2022-10-25 12:15:19,603 [pool-214-thread-1] INFO  segmented.SegmentedRaftLogWorker (SegmentedRaftLogWorker.java:<init>(191)) - new 86ba6119-8a76-46a4-9f38-747fe10c9207@group-A2CE196D64DA-SegmentedRaftLogWorker for RaftStorageImpl:Storage Directory /home/runner/work/ozone/ozone/hadoop-ozone/integration-test/target/test-dir/MiniOzoneClusterImpl-59fd4bbb-78e8-4c50-bd4e-19e5c7f0d0cd/datanode-6/data/ratis/282e6f30-2b1d-4c13-924a-a2ce196d64da
2022-10-25 12:15:19,604 [pool-214-thread-1] INFO  server.RaftServerConfigKeys (ConfUtils.java:logGet(46)) - raft.server.log.queue.byte-limit = 4294967296 (custom)
2022-10-25 12:15:19,604 [pool-214-thread-1] INFO  server.RaftServerConfigKeys (ConfUtils.java:logGet(46)) - raft.server.log.queue.element-limit = 1024 (custom)
2022-10-25 12:15:19,604 [pool-214-thread-1] INFO  server.RaftServerConfigKeys (ConfUtils.java:logGet(46)) - raft.server.log.segment.size.max = 1048576 (custom)
2022-10-25 12:15:19,604 [pool-214-thread-1] INFO  server.RaftServerConfigKeys (ConfUtils.java:logGet(46)) - raft.server.log.preallocated.size = 16384 (custom)
2022-10-25 12:15:19,604 [pool-214-thread-1] INFO  server.RaftServerConfigKeys (ConfUtils.java:logGet(46)) - raft.server.log.force.sync.num = 128 (default)
2022-10-25 12:15:19,604 [pool-214-thread-1] INFO  server.RaftServerConfigKeys (ConfUtils.java:logGet(46)) - raft.server.log.statemachine.data.sync = true (default)
2022-10-25 12:15:19,604 [pool-214-thread-1] INFO  server.RaftServerConfigKeys (ConfUtils.java:logGet(46)) - raft.server.log.statemachine.data.sync.timeout = 10s (default)
2022-10-25 12:15:19,604 [pool-214-thread-1] INFO  server.RaftServerConfigKeys (ConfUtils.java:logGet(46)) - raft.server.log.statemachine.data.sync.timeout.retry = -1 (default)
2022-10-25 12:15:19,605 [pool-214-thread-1] INFO  server.RaftServerConfigKeys (ConfUtils.java:logGet(46)) - raft.server.log.write.buffer.size = 1048576 (custom)
2022-10-25 12:15:19,606 [pool-214-thread-1] INFO  server.RaftServerConfigKeys (ConfUtils.java:logGet(46)) - raft.server.log.unsafe-flush.enabled = false (default)
2022-10-25 12:15:19,606 [EventQueue-OpenPipelineForHealthyPipelineSafeModeRule] INFO  safemode.SCMSafeModeManager (HealthyPipelineSafeModeRule.java:process(137)) - SCM in safe mode. Healthy pipelines reported count is 0, required healthy pipeline reported count is 1
2022-10-25 12:15:19,616 [pool-214-thread-1] INFO  server.RaftServerConfigKeys (ConfUtils.java:logGet(46)) - raft.server.log.async-flush.enabled = false (default)
2022-10-25 12:15:19,616 [pool-214-thread-1] INFO  server.RaftServerConfigKeys (ConfUtils.java:logGet(46)) - raft.server.log.statemachine.data.caching.enabled = true (custom)
2022-10-25 12:15:19,616 [pool-214-thread-1] INFO  segmented.SegmentedRaftLogWorker (SegmentedRaftLogWorker.java:lambda$new$0(136)) - 86ba6119-8a76-46a4-9f38-747fe10c9207@group-A2CE196D64DA-SegmentedRaftLogWorker: flushIndex: setUnconditionally 0 -> -1
2022-10-25 12:15:19,616 [pool-214-thread-1] INFO  segmented.SegmentedRaftLogWorker (SegmentedRaftLogWorker.java:lambda$new$0(136)) - 86ba6119-8a76-46a4-9f38-747fe10c9207@group-A2CE196D64DA-SegmentedRaftLogWorker: safeCacheEvictIndex: setUnconditionally 0 -> -1
2022-10-25 12:15:19,621 [pool-214-thread-1] INFO  server.RaftServer$Division (RaftServerImpl.java:start(334)) - 86ba6119-8a76-46a4-9f38-747fe10c9207@group-A2CE196D64DA: start as a follower, conf=-1: peers:[0a1cfcca-7ba7-43aa-b517-08505af7a09b|rpc:10.1.1.43:43175|priority:0|startupRole:FOLLOWER, 86ba6119-8a76-46a4-9f38-747fe10c9207|rpc:10.1.1.43:42323|priority:0|startupRole:FOLLOWER, 907eb2bb-0522-4d6b-bbf0-1b213cc99331|rpc:10.1.1.43:40069|priority:1|startupRole:FOLLOWER]|listeners:[], old=null
2022-10-25 12:15:19,621 [pool-214-thread-1] INFO  server.RaftServer$Division (RaftServerImpl.java:setRole(321)) - 86ba6119-8a76-46a4-9f38-747fe10c9207@group-A2CE196D64DA: changes role from      null to FOLLOWER at term 0 for startAsFollower
2022-10-25 12:15:19,621 [pool-214-thread-1] INFO  impl.RoleInfo (RoleInfo.java:updateAndGet(139)) - 86ba6119-8a76-46a4-9f38-747fe10c9207: start 86ba6119-8a76-46a4-9f38-747fe10c9207@group-A2CE196D64DA-FollowerState
2022-10-25 12:15:19,622 [pool-214-thread-1] INFO  util.JmxRegister (JmxRegister.java:tryRegister(44)) - Successfully registered JMX Bean with object name Ratis:service=RaftServer,group=group-A2CE196D64DA,id=86ba6119-8a76-46a4-9f38-747fe10c9207
2022-10-25 12:15:19,622 [pool-214-thread-1] INFO  server.RaftServerConfigKeys (ConfUtils.java:logGet(46)) - raft.server.snapshot.auto.trigger.enabled = true (custom)
2022-10-25 12:15:19,622 [pool-214-thread-1] INFO  server.RaftServerConfigKeys (ConfUtils.java:logGet(46)) - raft.server.snapshot.auto.trigger.threshold = 10000 (custom)
2022-10-25 12:15:19,622 [pool-214-thread-1] INFO  server.RaftServerConfigKeys (ConfUtils.java:logGet(46)) - raft.server.snapshot.retention.file.num = 5 (custom)
2022-10-25 12:15:19,622 [pool-214-thread-1] INFO  server.RaftServerConfigKeys (ConfUtils.java:logGet(46)) - raft.server.log.purge.upto.snapshot.index = false (default)
2022-10-25 12:15:19,623 [86ba6119-8a76-46a4-9f38-747fe10c9207@group-A2CE196D64DA-FollowerState] INFO  server.RaftServerConfigKeys (ConfUtils.java:logFallback(53)) - raft.server.rpc.first-election.timeout.min = 5s (fallback to raft.server.rpc.timeout.min)
2022-10-25 12:15:19,623 [86ba6119-8a76-46a4-9f38-747fe10c9207@group-A2CE196D64DA-FollowerState] INFO  server.RaftServerConfigKeys (ConfUtils.java:logFallback(53)) - raft.server.rpc.first-election.timeout.max = 5200ms (fallback to raft.server.rpc.timeout.max)
2022-10-25 12:15:19,623 [Command processor thread] INFO  ratis.XceiverServerRatis (XceiverServerRatis.java:addGroup(765)) - Created group PipelineID=282e6f30-2b1d-4c13-924a-a2ce196d64da
2022-10-25 12:15:19,636 [grpc-default-executor-0] INFO  server.RaftServer (RaftServerProxy.java:addNew(96)) - 0a1cfcca-7ba7-43aa-b517-08505af7a09b: addNew group-A2CE196D64DA:[0a1cfcca-7ba7-43aa-b517-08505af7a09b|rpc:10.1.1.43:43175|dataStream:|priority:0|startupRole:FOLLOWER, 86ba6119-8a76-46a4-9f38-747fe10c9207|rpc:10.1.1.43:42323|dataStream:|priority:0|startupRole:FOLLOWER, 907eb2bb-0522-4d6b-bbf0-1b213cc99331|rpc:10.1.1.43:40069|dataStream:|priority:1|startupRole:FOLLOWER] returns group-A2CE196D64DA:java.util.concurrent.CompletableFuture@34417544[Not completed]
2022-10-25 12:15:19,637 [pool-237-thread-1] INFO  server.RaftServer$Division (RaftServerImpl.java:<init>(195)) - 0a1cfcca-7ba7-43aa-b517-08505af7a09b: new RaftServerImpl for group-A2CE196D64DA:[0a1cfcca-7ba7-43aa-b517-08505af7a09b|rpc:10.1.1.43:43175|dataStream:|priority:0|startupRole:FOLLOWER, 86ba6119-8a76-46a4-9f38-747fe10c9207|rpc:10.1.1.43:42323|dataStream:|priority:0|startupRole:FOLLOWER, 907eb2bb-0522-4d6b-bbf0-1b213cc99331|rpc:10.1.1.43:40069|dataStream:|priority:1|startupRole:FOLLOWER] with ContainerStateMachine:uninitialized
2022-10-25 12:15:19,637 [pool-237-thread-1] INFO  server.RaftServerConfigKeys (ConfUtils.java:logGet(46)) - raft.server.rpc.timeout.min = 5s (custom)
2022-10-25 12:15:19,637 [pool-237-thread-1] INFO  server.RaftServerConfigKeys (ConfUtils.java:logGet(46)) - raft.server.rpc.timeout.max = 5200ms (custom)
2022-10-25 12:15:19,637 [pool-237-thread-1] INFO  server.RaftServerConfigKeys (ConfUtils.java:logGet(46)) - raft.server.rpc.sleep.time = 25ms (default)
2022-10-25 12:15:19,637 [pool-237-thread-1] INFO  server.RaftServerConfigKeys (ConfUtils.java:logGet(46)) - raft.server.rpc.slowness.timeout = 300s (custom)
2022-10-25 12:15:19,638 [pool-237-thread-1] INFO  server.RaftServerConfigKeys (ConfUtils.java:logGet(46)) - raft.server.leaderelection.leader.step-down.wait-time = 10s (default)
2022-10-25 12:15:19,638 [pool-237-thread-1] INFO  server.RaftServerConfigKeys (ConfUtils.java:logGet(46)) - raft.server.sleep.deviation.threshold = 300ms (default)
2022-10-25 12:15:19,638 [pool-237-thread-1] INFO  server.RaftServer$Division (ServerState.java:<init>(118)) - 0a1cfcca-7ba7-43aa-b517-08505af7a09b@group-A2CE196D64DA: ConfigurationManager, init=-1: peers:[0a1cfcca-7ba7-43aa-b517-08505af7a09b|rpc:10.1.1.43:43175|dataStream:|priority:0|startupRole:FOLLOWER, 86ba6119-8a76-46a4-9f38-747fe10c9207|rpc:10.1.1.43:42323|dataStream:|priority:0|startupRole:FOLLOWER, 907eb2bb-0522-4d6b-bbf0-1b213cc99331|rpc:10.1.1.43:40069|dataStream:|priority:1|startupRole:FOLLOWER]|listeners:[], old=null, confs=<EMPTY_MAP>
2022-10-25 12:15:19,638 [pool-237-thread-1] INFO  server.RaftServerConfigKeys (ConfUtils.java:logGet(46)) - raft.server.storage.dir = [/home/runner/work/ozone/ozone/hadoop-ozone/integration-test/target/test-dir/MiniOzoneClusterImpl-59fd4bbb-78e8-4c50-bd4e-19e5c7f0d0cd/datanode-7/data/ratis] (custom)
2022-10-25 12:15:19,638 [pool-237-thread-1] INFO  server.RaftServerConfigKeys (ConfUtils.java:logGet(46)) - raft.server.log.corruption.policy = EXCEPTION (default)
2022-10-25 12:15:19,638 [pool-237-thread-1] INFO  server.RaftServerConfigKeys (ConfUtils.java:logGet(46)) - raft.server.storage.free-space.min = 0MB (=0) (default)
2022-10-25 12:15:19,638 [pool-237-thread-1] INFO  server.RaftServerConfigKeys (ConfUtils.java:logGet(46)) - raft.server.notification.no-leader.timeout = 300s (custom)
2022-10-25 12:15:19,638 [pool-237-thread-1] INFO  server.RaftServerConfigKeys (ConfUtils.java:logGet(46)) - raft.server.retrycache.expirytime = 600000ms (custom)
2022-10-25 12:15:19,638 [pool-237-thread-1] INFO  server.RaftServerConfigKeys (ConfUtils.java:logGet(46)) - raft.server.retrycache.statistics.expirytime = 100μs (default)
2022-10-25 12:15:19,639 [pool-237-thread-1] INFO  server.RaftServerConfigKeys (ConfUtils.java:logGet(46)) - raft.server.log.appender.install.snapshot.enabled = false (custom)
2022-10-25 12:15:19,639 [pool-237-thread-1] INFO  server.RaftServerConfigKeys (ConfUtils.java:logGet(46)) - raft.server.threadpool.server.cached = true (default)
2022-10-25 12:15:19,640 [pool-237-thread-1] INFO  server.RaftServerConfigKeys (ConfUtils.java:logGet(46)) - raft.server.threadpool.server.size = 0 (default)
2022-10-25 12:15:19,640 [pool-237-thread-1] INFO  server.RaftServerConfigKeys (ConfUtils.java:logGet(46)) - raft.server.threadpool.client.cached = true (default)
2022-10-25 12:15:19,640 [pool-237-thread-1] INFO  server.RaftServerConfigKeys (ConfUtils.java:logGet(46)) - raft.server.threadpool.client.size = 0 (default)
2022-10-25 12:15:19,640 [pool-237-thread-1] INFO  storage.RaftStorageDirectory (RaftStorageDirectoryImpl.java:analyzeStorage(137)) - The storage directory /home/runner/work/ozone/ozone/hadoop-ozone/integration-test/target/test-dir/MiniOzoneClusterImpl-59fd4bbb-78e8-4c50-bd4e-19e5c7f0d0cd/datanode-7/data/ratis/282e6f30-2b1d-4c13-924a-a2ce196d64da does not exist. Creating ...
2022-10-25 12:15:19,642 [pool-237-thread-1] INFO  storage.RaftStorageDirectory (RaftStorageDirectoryImpl.java:tryLock(231)) - Lock on /home/runner/work/ozone/ozone/hadoop-ozone/integration-test/target/test-dir/MiniOzoneClusterImpl-59fd4bbb-78e8-4c50-bd4e-19e5c7f0d0cd/datanode-7/data/ratis/282e6f30-2b1d-4c13-924a-a2ce196d64da/in_use.lock acquired by nodename 14024@fv-az82-510
2022-10-25 12:15:19,643 [pool-237-thread-1] INFO  storage.RaftStorage (RaftStorageImpl.java:format(96)) - Storage directory /home/runner/work/ozone/ozone/hadoop-ozone/integration-test/target/test-dir/MiniOzoneClusterImpl-59fd4bbb-78e8-4c50-bd4e-19e5c7f0d0cd/datanode-7/data/ratis/282e6f30-2b1d-4c13-924a-a2ce196d64da has been successfully formatted.
2022-10-25 12:15:19,645 [pool-237-thread-1] INFO  ratis.ContainerStateMachine (ContainerStateMachine.java:loadSnapshot(236)) - group-A2CE196D64DA: The snapshot info is null. Setting the last applied indexto:(t:0, i:~)
2022-10-25 12:15:19,645 [pool-237-thread-1] INFO  server.RaftServerConfigKeys (ConfUtils.java:logGet(46)) - raft.server.log.use.memory = false (default)
2022-10-25 12:15:19,646 [pool-237-thread-1] INFO  server.RaftServerConfigKeys (ConfUtils.java:logGet(46)) - raft.server.log.purge.gap = 1000000 (custom)
2022-10-25 12:15:19,646 [pool-237-thread-1] INFO  server.RaftServerConfigKeys (ConfUtils.java:logGet(46)) - raft.server.log.appender.buffer.byte-limit = 33554432 (custom)
2022-10-25 12:15:19,646 [pool-237-thread-1] INFO  server.RaftServerConfigKeys (ConfUtils.java:logGet(46)) - raft.server.log.statemachine.data.read.timeout = 1000ms (default)
2022-10-25 12:15:19,646 [pool-237-thread-1] INFO  server.RaftServerConfigKeys (ConfUtils.java:logGet(46)) - raft.server.log.purge.preservation.log.num = 0 (default)
2022-10-25 12:15:19,646 [pool-237-thread-1] INFO  server.RaftServerConfigKeys (ConfUtils.java:logGet(46)) - raft.server.log.segment.size.max = 1048576 (custom)
2022-10-25 12:15:19,646 [pool-237-thread-1] INFO  server.RaftServerConfigKeys (ConfUtils.java:logGet(46)) - raft.server.log.segment.cache.num.max = 2 (custom)
2022-10-25 12:15:19,646 [pool-237-thread-1] INFO  server.RaftServerConfigKeys (ConfUtils.java:logGet(46)) - raft.server.log.segment.cache.size.max = 200MB (=209715200) (default)
2022-10-25 12:15:19,647 [pool-237-thread-1] INFO  segmented.SegmentedRaftLogWorker (SegmentedRaftLogWorker.java:<init>(191)) - new 0a1cfcca-7ba7-43aa-b517-08505af7a09b@group-A2CE196D64DA-SegmentedRaftLogWorker for RaftStorageImpl:Storage Directory /home/runner/work/ozone/ozone/hadoop-ozone/integration-test/target/test-dir/MiniOzoneClusterImpl-59fd4bbb-78e8-4c50-bd4e-19e5c7f0d0cd/datanode-7/data/ratis/282e6f30-2b1d-4c13-924a-a2ce196d64da
2022-10-25 12:15:19,647 [pool-237-thread-1] INFO  server.RaftServerConfigKeys (ConfUtils.java:logGet(46)) - raft.server.log.queue.byte-limit = 4294967296 (custom)
2022-10-25 12:15:19,647 [pool-237-thread-1] INFO  server.RaftServerConfigKeys (ConfUtils.java:logGet(46)) - raft.server.log.queue.element-limit = 1024 (custom)
2022-10-25 12:15:19,647 [pool-237-thread-1] INFO  server.RaftServerConfigKeys (ConfUtils.java:logGet(46)) - raft.server.log.segment.size.max = 1048576 (custom)
2022-10-25 12:15:19,647 [pool-237-thread-1] INFO  server.RaftServerConfigKeys (ConfUtils.java:logGet(46)) - raft.server.log.preallocated.size = 16384 (custom)
2022-10-25 12:15:19,647 [pool-237-thread-1] INFO  server.RaftServerConfigKeys (ConfUtils.java:logGet(46)) - raft.server.log.force.sync.num = 128 (default)
2022-10-25 12:15:19,647 [pool-237-thread-1] INFO  server.RaftServerConfigKeys (ConfUtils.java:logGet(46)) - raft.server.log.statemachine.data.sync = true (default)
2022-10-25 12:15:19,647 [pool-237-thread-1] INFO  server.RaftServerConfigKeys (ConfUtils.java:logGet(46)) - raft.server.log.statemachine.data.sync.timeout = 10s (default)
2022-10-25 12:15:19,647 [pool-237-thread-1] INFO  server.RaftServerConfigKeys (ConfUtils.java:logGet(46)) - raft.server.log.statemachine.data.sync.timeout.retry = -1 (default)
2022-10-25 12:15:19,648 [pool-237-thread-1] INFO  server.RaftServerConfigKeys (ConfUtils.java:logGet(46)) - raft.server.log.write.buffer.size = 1048576 (custom)
2022-10-25 12:15:19,652 [pool-237-thread-1] INFO  server.RaftServerConfigKeys (ConfUtils.java:logGet(46)) - raft.server.log.unsafe-flush.enabled = false (default)
2022-10-25 12:15:19,652 [pool-237-thread-1] INFO  server.RaftServerConfigKeys (ConfUtils.java:logGet(46)) - raft.server.log.async-flush.enabled = false (default)
2022-10-25 12:15:19,652 [pool-237-thread-1] INFO  server.RaftServerConfigKeys (ConfUtils.java:logGet(46)) - raft.server.log.statemachine.data.caching.enabled = true (custom)
2022-10-25 12:15:19,652 [pool-237-thread-1] INFO  segmented.SegmentedRaftLogWorker (SegmentedRaftLogWorker.java:lambda$new$0(136)) - 0a1cfcca-7ba7-43aa-b517-08505af7a09b@group-A2CE196D64DA-SegmentedRaftLogWorker: flushIndex: setUnconditionally 0 -> -1
2022-10-25 12:15:19,652 [pool-237-thread-1] INFO  segmented.SegmentedRaftLogWorker (SegmentedRaftLogWorker.java:lambda$new$0(136)) - 0a1cfcca-7ba7-43aa-b517-08505af7a09b@group-A2CE196D64DA-SegmentedRaftLogWorker: safeCacheEvictIndex: setUnconditionally 0 -> -1
2022-10-25 12:15:19,653 [pool-237-thread-1] INFO  server.RaftServer$Division (RaftServerImpl.java:start(334)) - 0a1cfcca-7ba7-43aa-b517-08505af7a09b@group-A2CE196D64DA: start as a follower, conf=-1: peers:[0a1cfcca-7ba7-43aa-b517-08505af7a09b|rpc:10.1.1.43:43175|dataStream:|priority:0|startupRole:FOLLOWER, 86ba6119-8a76-46a4-9f38-747fe10c9207|rpc:10.1.1.43:42323|dataStream:|priority:0|startupRole:FOLLOWER, 907eb2bb-0522-4d6b-bbf0-1b213cc99331|rpc:10.1.1.43:40069|dataStream:|priority:1|startupRole:FOLLOWER]|listeners:[], old=null
2022-10-25 12:15:19,653 [pool-237-thread-1] INFO  server.RaftServer$Division (RaftServerImpl.java:setRole(321)) - 0a1cfcca-7ba7-43aa-b517-08505af7a09b@group-A2CE196D64DA: changes role from      null to FOLLOWER at term 0 for startAsFollower
2022-10-25 12:15:19,653 [pool-237-thread-1] INFO  impl.RoleInfo (RoleInfo.java:updateAndGet(139)) - 0a1cfcca-7ba7-43aa-b517-08505af7a09b: start 0a1cfcca-7ba7-43aa-b517-08505af7a09b@group-A2CE196D64DA-FollowerState
2022-10-25 12:15:19,653 [pool-237-thread-1] INFO  util.JmxRegister (JmxRegister.java:tryRegister(44)) - Successfully registered JMX Bean with object name Ratis:service=RaftServer,group=group-A2CE196D64DA,id=0a1cfcca-7ba7-43aa-b517-08505af7a09b
2022-10-25 12:15:19,653 [0a1cfcca-7ba7-43aa-b517-08505af7a09b@group-A2CE196D64DA-FollowerState] INFO  server.RaftServerConfigKeys (ConfUtils.java:logFallback(53)) - raft.server.rpc.first-election.timeout.min = 5s (fallback to raft.server.rpc.timeout.min)
2022-10-25 12:15:19,653 [0a1cfcca-7ba7-43aa-b517-08505af7a09b@group-A2CE196D64DA-FollowerState] INFO  server.RaftServerConfigKeys (ConfUtils.java:logFallback(53)) - raft.server.rpc.first-election.timeout.max = 5200ms (fallback to raft.server.rpc.timeout.max)
2022-10-25 12:15:19,653 [pool-237-thread-1] INFO  server.RaftServerConfigKeys (ConfUtils.java:logGet(46)) - raft.server.snapshot.auto.trigger.enabled = true (custom)
2022-10-25 12:15:19,654 [pool-237-thread-1] INFO  server.RaftServerConfigKeys (ConfUtils.java:logGet(46)) - raft.server.snapshot.auto.trigger.threshold = 10000 (custom)
2022-10-25 12:15:19,654 [pool-237-thread-1] INFO  server.RaftServerConfigKeys (ConfUtils.java:logGet(46)) - raft.server.snapshot.retention.file.num = 5 (custom)
2022-10-25 12:15:19,654 [pool-237-thread-1] INFO  server.RaftServerConfigKeys (ConfUtils.java:logGet(46)) - raft.server.log.purge.upto.snapshot.index = false (default)
2022-10-25 12:15:19,677 [grpc-default-executor-0] INFO  server.RaftServer (RaftServerProxy.java:addNew(96)) - 907eb2bb-0522-4d6b-bbf0-1b213cc99331: addNew group-A2CE196D64DA:[0a1cfcca-7ba7-43aa-b517-08505af7a09b|rpc:10.1.1.43:43175|dataStream:|priority:0|startupRole:FOLLOWER, 86ba6119-8a76-46a4-9f38-747fe10c9207|rpc:10.1.1.43:42323|dataStream:|priority:0|startupRole:FOLLOWER, 907eb2bb-0522-4d6b-bbf0-1b213cc99331|rpc:10.1.1.43:40069|dataStream:|priority:1|startupRole:FOLLOWER] returns group-A2CE196D64DA:java.util.concurrent.CompletableFuture@2b09a374[Not completed]
2022-10-25 12:15:19,678 [pool-264-thread-1] INFO  server.RaftServer$Division (RaftServerImpl.java:<init>(195)) - 907eb2bb-0522-4d6b-bbf0-1b213cc99331: new RaftServerImpl for group-A2CE196D64DA:[0a1cfcca-7ba7-43aa-b517-08505af7a09b|rpc:10.1.1.43:43175|dataStream:|priority:0|startupRole:FOLLOWER, 86ba6119-8a76-46a4-9f38-747fe10c9207|rpc:10.1.1.43:42323|dataStream:|priority:0|startupRole:FOLLOWER, 907eb2bb-0522-4d6b-bbf0-1b213cc99331|rpc:10.1.1.43:40069|dataStream:|priority:1|startupRole:FOLLOWER] with ContainerStateMachine:uninitialized
2022-10-25 12:15:19,678 [pool-264-thread-1] INFO  server.RaftServerConfigKeys (ConfUtils.java:logGet(46)) - raft.server.rpc.timeout.min = 5s (custom)
2022-10-25 12:15:19,678 [pool-264-thread-1] INFO  server.RaftServerConfigKeys (ConfUtils.java:logGet(46)) - raft.server.rpc.timeout.max = 5200ms (custom)
2022-10-25 12:15:19,678 [pool-264-thread-1] INFO  server.RaftServerConfigKeys (ConfUtils.java:logGet(46)) - raft.server.rpc.sleep.time = 25ms (default)
2022-10-25 12:15:19,678 [pool-264-thread-1] INFO  server.RaftServerConfigKeys (ConfUtils.java:logGet(46)) - raft.server.rpc.slowness.timeout = 300s (custom)
2022-10-25 12:15:19,678 [pool-264-thread-1] INFO  server.RaftServerConfigKeys (ConfUtils.java:logGet(46)) - raft.server.leaderelection.leader.step-down.wait-time = 10s (default)
2022-10-25 12:15:19,678 [pool-264-thread-1] INFO  server.RaftServerConfigKeys (ConfUtils.java:logGet(46)) - raft.server.sleep.deviation.threshold = 300ms (default)
2022-10-25 12:15:19,678 [pool-264-thread-1] INFO  server.RaftServer$Division (ServerState.java:<init>(118)) - 907eb2bb-0522-4d6b-bbf0-1b213cc99331@group-A2CE196D64DA: ConfigurationManager, init=-1: peers:[0a1cfcca-7ba7-43aa-b517-08505af7a09b|rpc:10.1.1.43:43175|dataStream:|priority:0|startupRole:FOLLOWER, 86ba6119-8a76-46a4-9f38-747fe10c9207|rpc:10.1.1.43:42323|dataStream:|priority:0|startupRole:FOLLOWER, 907eb2bb-0522-4d6b-bbf0-1b213cc99331|rpc:10.1.1.43:40069|dataStream:|priority:1|startupRole:FOLLOWER]|listeners:[], old=null, confs=<EMPTY_MAP>
2022-10-25 12:15:19,678 [pool-264-thread-1] INFO  server.RaftServerConfigKeys (ConfUtils.java:logGet(46)) - raft.server.storage.dir = [/home/runner/work/ozone/ozone/hadoop-ozone/integration-test/target/test-dir/MiniOzoneClusterImpl-59fd4bbb-78e8-4c50-bd4e-19e5c7f0d0cd/datanode-8/data/ratis] (custom)
2022-10-25 12:15:19,679 [pool-264-thread-1] INFO  server.RaftServerConfigKeys (ConfUtils.java:logGet(46)) - raft.server.log.corruption.policy = EXCEPTION (default)
2022-10-25 12:15:19,679 [pool-264-thread-1] INFO  server.RaftServerConfigKeys (ConfUtils.java:logGet(46)) - raft.server.storage.free-space.min = 0MB (=0) (default)
2022-10-25 12:15:19,679 [pool-264-thread-1] INFO  server.RaftServerConfigKeys (ConfUtils.java:logGet(46)) - raft.server.notification.no-leader.timeout = 300s (custom)
2022-10-25 12:15:19,679 [pool-264-thread-1] INFO  server.RaftServerConfigKeys (ConfUtils.java:logGet(46)) - raft.server.retrycache.expirytime = 600000ms (custom)
2022-10-25 12:15:19,679 [pool-264-thread-1] INFO  server.RaftServerConfigKeys (ConfUtils.java:logGet(46)) - raft.server.retrycache.statistics.expirytime = 100μs (default)
2022-10-25 12:15:19,680 [pool-264-thread-1] INFO  server.RaftServerConfigKeys (ConfUtils.java:logGet(46)) - raft.server.log.appender.install.snapshot.enabled = false (custom)
2022-10-25 12:15:19,680 [pool-264-thread-1] INFO  server.RaftServerConfigKeys (ConfUtils.java:logGet(46)) - raft.server.threadpool.server.cached = true (default)
2022-10-25 12:15:19,680 [pool-264-thread-1] INFO  server.RaftServerConfigKeys (ConfUtils.java:logGet(46)) - raft.server.threadpool.server.size = 0 (default)
2022-10-25 12:15:19,680 [pool-264-thread-1] INFO  server.RaftServerConfigKeys (ConfUtils.java:logGet(46)) - raft.server.threadpool.client.cached = true (default)
2022-10-25 12:15:19,680 [pool-264-thread-1] INFO  server.RaftServerConfigKeys (ConfUtils.java:logGet(46)) - raft.server.threadpool.client.size = 0 (default)
2022-10-25 12:15:19,681 [pool-264-thread-1] INFO  storage.RaftStorageDirectory (RaftStorageDirectoryImpl.java:analyzeStorage(137)) - The storage directory /home/runner/work/ozone/ozone/hadoop-ozone/integration-test/target/test-dir/MiniOzoneClusterImpl-59fd4bbb-78e8-4c50-bd4e-19e5c7f0d0cd/datanode-8/data/ratis/282e6f30-2b1d-4c13-924a-a2ce196d64da does not exist. Creating ...
2022-10-25 12:15:19,683 [pool-264-thread-1] INFO  storage.RaftStorageDirectory (RaftStorageDirectoryImpl.java:tryLock(231)) - Lock on /home/runner/work/ozone/ozone/hadoop-ozone/integration-test/target/test-dir/MiniOzoneClusterImpl-59fd4bbb-78e8-4c50-bd4e-19e5c7f0d0cd/datanode-8/data/ratis/282e6f30-2b1d-4c13-924a-a2ce196d64da/in_use.lock acquired by nodename 14024@fv-az82-510
2022-10-25 12:15:19,684 [pool-264-thread-1] INFO  storage.RaftStorage (RaftStorageImpl.java:format(96)) - Storage directory /home/runner/work/ozone/ozone/hadoop-ozone/integration-test/target/test-dir/MiniOzoneClusterImpl-59fd4bbb-78e8-4c50-bd4e-19e5c7f0d0cd/datanode-8/data/ratis/282e6f30-2b1d-4c13-924a-a2ce196d64da has been successfully formatted.
2022-10-25 12:15:19,684 [pool-264-thread-1] INFO  ratis.ContainerStateMachine (ContainerStateMachine.java:loadSnapshot(236)) - group-A2CE196D64DA: The snapshot info is null. Setting the last applied indexto:(t:0, i:~)
2022-10-25 12:15:19,684 [pool-264-thread-1] INFO  server.RaftServerConfigKeys (ConfUtils.java:logGet(46)) - raft.server.log.use.memory = false (default)
2022-10-25 12:15:19,685 [pool-264-thread-1] INFO  server.RaftServerConfigKeys (ConfUtils.java:logGet(46)) - raft.server.log.purge.gap = 1000000 (custom)
2022-10-25 12:15:19,685 [pool-264-thread-1] INFO  server.RaftServerConfigKeys (ConfUtils.java:logGet(46)) - raft.server.log.appender.buffer.byte-limit = 33554432 (custom)
2022-10-25 12:15:19,685 [pool-264-thread-1] INFO  server.RaftServerConfigKeys (ConfUtils.java:logGet(46)) - raft.server.log.statemachine.data.read.timeout = 1000ms (default)
2022-10-25 12:15:19,685 [pool-264-thread-1] INFO  server.RaftServerConfigKeys (ConfUtils.java:logGet(46)) - raft.server.log.purge.preservation.log.num = 0 (default)
2022-10-25 12:15:19,685 [pool-264-thread-1] INFO  server.RaftServerConfigKeys (ConfUtils.java:logGet(46)) - raft.server.log.segment.size.max = 1048576 (custom)
2022-10-25 12:15:19,686 [pool-264-thread-1] INFO  server.RaftServerConfigKeys (ConfUtils.java:logGet(46)) - raft.server.log.segment.cache.num.max = 2 (custom)
2022-10-25 12:15:19,686 [pool-264-thread-1] INFO  server.RaftServerConfigKeys (ConfUtils.java:logGet(46)) - raft.server.log.segment.cache.size.max = 200MB (=209715200) (default)
2022-10-25 12:15:19,686 [pool-264-thread-1] INFO  segmented.SegmentedRaftLogWorker (SegmentedRaftLogWorker.java:<init>(191)) - new 907eb2bb-0522-4d6b-bbf0-1b213cc99331@group-A2CE196D64DA-SegmentedRaftLogWorker for RaftStorageImpl:Storage Directory /home/runner/work/ozone/ozone/hadoop-ozone/integration-test/target/test-dir/MiniOzoneClusterImpl-59fd4bbb-78e8-4c50-bd4e-19e5c7f0d0cd/datanode-8/data/ratis/282e6f30-2b1d-4c13-924a-a2ce196d64da
2022-10-25 12:15:19,686 [pool-264-thread-1] INFO  server.RaftServerConfigKeys (ConfUtils.java:logGet(46)) - raft.server.log.queue.byte-limit = 4294967296 (custom)
2022-10-25 12:15:19,686 [pool-264-thread-1] INFO  server.RaftServerConfigKeys (ConfUtils.java:logGet(46)) - raft.server.log.queue.element-limit = 1024 (custom)
2022-10-25 12:15:19,686 [pool-264-thread-1] INFO  server.RaftServerConfigKeys (ConfUtils.java:logGet(46)) - raft.server.log.segment.size.max = 1048576 (custom)
2022-10-25 12:15:19,686 [pool-264-thread-1] INFO  server.RaftServerConfigKeys (ConfUtils.java:logGet(46)) - raft.server.log.preallocated.size = 16384 (custom)
2022-10-25 12:15:19,686 [pool-264-thread-1] INFO  server.RaftServerConfigKeys (ConfUtils.java:logGet(46)) - raft.server.log.force.sync.num = 128 (default)
2022-10-25 12:15:19,687 [pool-264-thread-1] INFO  server.RaftServerConfigKeys (ConfUtils.java:logGet(46)) - raft.server.log.statemachine.data.sync = true (default)
2022-10-25 12:15:19,687 [pool-264-thread-1] INFO  server.RaftServerConfigKeys (ConfUtils.java:logGet(46)) - raft.server.log.statemachine.data.sync.timeout = 10s (default)
2022-10-25 12:15:19,687 [pool-264-thread-1] INFO  server.RaftServerConfigKeys (ConfUtils.java:logGet(46)) - raft.server.log.statemachine.data.sync.timeout.retry = -1 (default)
2022-10-25 12:15:19,689 [pool-264-thread-1] INFO  server.RaftServerConfigKeys (ConfUtils.java:logGet(46)) - raft.server.log.write.buffer.size = 1048576 (custom)
2022-10-25 12:15:19,689 [pool-264-thread-1] INFO  server.RaftServerConfigKeys (ConfUtils.java:logGet(46)) - raft.server.log.unsafe-flush.enabled = false (default)
2022-10-25 12:15:19,689 [pool-264-thread-1] INFO  server.RaftServerConfigKeys (ConfUtils.java:logGet(46)) - raft.server.log.async-flush.enabled = false (default)
2022-10-25 12:15:19,689 [pool-264-thread-1] INFO  server.RaftServerConfigKeys (ConfUtils.java:logGet(46)) - raft.server.log.statemachine.data.caching.enabled = true (custom)
2022-10-25 12:15:19,690 [pool-264-thread-1] INFO  segmented.SegmentedRaftLogWorker (SegmentedRaftLogWorker.java:lambda$new$0(136)) - 907eb2bb-0522-4d6b-bbf0-1b213cc99331@group-A2CE196D64DA-SegmentedRaftLogWorker: flushIndex: setUnconditionally 0 -> -1
2022-10-25 12:15:19,690 [pool-264-thread-1] INFO  segmented.SegmentedRaftLogWorker (SegmentedRaftLogWorker.java:lambda$new$0(136)) - 907eb2bb-0522-4d6b-bbf0-1b213cc99331@group-A2CE196D64DA-SegmentedRaftLogWorker: safeCacheEvictIndex: setUnconditionally 0 -> -1
2022-10-25 12:15:19,693 [pool-264-thread-1] INFO  server.RaftServer$Division (RaftServerImpl.java:start(334)) - 907eb2bb-0522-4d6b-bbf0-1b213cc99331@group-A2CE196D64DA: start as a follower, conf=-1: peers:[0a1cfcca-7ba7-43aa-b517-08505af7a09b|rpc:10.1.1.43:43175|dataStream:|priority:0|startupRole:FOLLOWER, 86ba6119-8a76-46a4-9f38-747fe10c9207|rpc:10.1.1.43:42323|dataStream:|priority:0|startupRole:FOLLOWER, 907eb2bb-0522-4d6b-bbf0-1b213cc99331|rpc:10.1.1.43:40069|dataStream:|priority:1|startupRole:FOLLOWER]|listeners:[], old=null
2022-10-25 12:15:19,693 [pool-264-thread-1] INFO  server.RaftServer$Division (RaftServerImpl.java:setRole(321)) - 907eb2bb-0522-4d6b-bbf0-1b213cc99331@group-A2CE196D64DA: changes role from      null to FOLLOWER at term 0 for startAsFollower
2022-10-25 12:15:19,693 [pool-264-thread-1] INFO  impl.RoleInfo (RoleInfo.java:updateAndGet(139)) - 907eb2bb-0522-4d6b-bbf0-1b213cc99331: start 907eb2bb-0522-4d6b-bbf0-1b213cc99331@group-A2CE196D64DA-FollowerState
2022-10-25 12:15:19,697 [pool-264-thread-1] INFO  util.JmxRegister (JmxRegister.java:tryRegister(44)) - Successfully registered JMX Bean with object name Ratis:service=RaftServer,group=group-A2CE196D64DA,id=907eb2bb-0522-4d6b-bbf0-1b213cc99331
2022-10-25 12:15:19,697 [pool-264-thread-1] INFO  server.RaftServerConfigKeys (ConfUtils.java:logGet(46)) - raft.server.snapshot.auto.trigger.enabled = true (custom)
2022-10-25 12:15:19,698 [pool-264-thread-1] INFO  server.RaftServerConfigKeys (ConfUtils.java:logGet(46)) - raft.server.snapshot.auto.trigger.threshold = 10000 (custom)
2022-10-25 12:15:19,698 [pool-264-thread-1] INFO  server.RaftServerConfigKeys (ConfUtils.java:logGet(46)) - raft.server.snapshot.retention.file.num = 5 (custom)
2022-10-25 12:15:19,698 [pool-264-thread-1] INFO  server.RaftServerConfigKeys (ConfUtils.java:logGet(46)) - raft.server.log.purge.upto.snapshot.index = false (default)
2022-10-25 12:15:19,698 [907eb2bb-0522-4d6b-bbf0-1b213cc99331@group-A2CE196D64DA-FollowerState] INFO  server.RaftServerConfigKeys (ConfUtils.java:logFallback(53)) - raft.server.rpc.first-election.timeout.min = 5s (fallback to raft.server.rpc.timeout.min)
2022-10-25 12:15:19,698 [907eb2bb-0522-4d6b-bbf0-1b213cc99331@group-A2CE196D64DA-FollowerState] INFO  server.RaftServerConfigKeys (ConfUtils.java:logFallback(53)) - raft.server.rpc.first-election.timeout.max = 5200ms (fallback to raft.server.rpc.timeout.max)
2022-10-25 12:15:19,705 [Command processor thread] INFO  commandhandler.CreatePipelineCommandHandler (CreatePipelineCommandHandler.java:handle(113)) - Created Pipeline RATIS THREE PipelineID=282e6f30-2b1d-4c13-924a-a2ce196d64da.
2022-10-25 12:15:19,793 [Command processor thread] INFO  server.RaftServer (RaftServerProxy.java:addNew(96)) - 0a1cfcca-7ba7-43aa-b517-08505af7a09b: addNew group-7646482EED7C:[0a1cfcca-7ba7-43aa-b517-08505af7a09b|rpc:10.1.1.43:43175|priority:1|startupRole:FOLLOWER] returns group-7646482EED7C:java.util.concurrent.CompletableFuture@4ffab541[Not completed]
2022-10-25 12:15:19,794 [pool-237-thread-1] INFO  server.RaftServer$Division (RaftServerImpl.java:<init>(195)) - 0a1cfcca-7ba7-43aa-b517-08505af7a09b: new RaftServerImpl for group-7646482EED7C:[0a1cfcca-7ba7-43aa-b517-08505af7a09b|rpc:10.1.1.43:43175|priority:1|startupRole:FOLLOWER] with ContainerStateMachine:uninitialized
2022-10-25 12:15:19,794 [pool-237-thread-1] INFO  server.RaftServerConfigKeys (ConfUtils.java:logGet(46)) - raft.server.rpc.timeout.min = 5s (custom)
2022-10-25 12:15:19,794 [pool-237-thread-1] INFO  server.RaftServerConfigKeys (ConfUtils.java:logGet(46)) - raft.server.rpc.timeout.max = 5200ms (custom)
2022-10-25 12:15:19,794 [pool-237-thread-1] INFO  server.RaftServerConfigKeys (ConfUtils.java:logGet(46)) - raft.server.rpc.sleep.time = 25ms (default)
2022-10-25 12:15:19,794 [pool-237-thread-1] INFO  server.RaftServerConfigKeys (ConfUtils.java:logGet(46)) - raft.server.rpc.slowness.timeout = 300s (custom)
2022-10-25 12:15:19,794 [pool-237-thread-1] INFO  server.RaftServerConfigKeys (ConfUtils.java:logGet(46)) - raft.server.leaderelection.leader.step-down.wait-time = 10s (default)
2022-10-25 12:15:19,794 [pool-237-thread-1] INFO  server.RaftServerConfigKeys (ConfUtils.java:logGet(46)) - raft.server.sleep.deviation.threshold = 300ms (default)
2022-10-25 12:15:19,794 [pool-237-thread-1] INFO  server.RaftServer$Division (ServerState.java:<init>(118)) - 0a1cfcca-7ba7-43aa-b517-08505af7a09b@group-7646482EED7C: ConfigurationManager, init=-1: peers:[0a1cfcca-7ba7-43aa-b517-08505af7a09b|rpc:10.1.1.43:43175|priority:1|startupRole:FOLLOWER]|listeners:[], old=null, confs=<EMPTY_MAP>
2022-10-25 12:15:19,794 [pool-237-thread-1] INFO  server.RaftServerConfigKeys (ConfUtils.java:logGet(46)) - raft.server.storage.dir = [/home/runner/work/ozone/ozone/hadoop-ozone/integration-test/target/test-dir/MiniOzoneClusterImpl-59fd4bbb-78e8-4c50-bd4e-19e5c7f0d0cd/datanode-7/data/ratis] (custom)
2022-10-25 12:15:19,795 [pool-237-thread-1] INFO  server.RaftServerConfigKeys (ConfUtils.java:logGet(46)) - raft.server.log.corruption.policy = EXCEPTION (default)
2022-10-25 12:15:19,795 [pool-237-thread-1] INFO  server.RaftServerConfigKeys (ConfUtils.java:logGet(46)) - raft.server.storage.free-space.min = 0MB (=0) (default)
2022-10-25 12:15:19,795 [pool-237-thread-1] INFO  server.RaftServerConfigKeys (ConfUtils.java:logGet(46)) - raft.server.notification.no-leader.timeout = 300s (custom)
2022-10-25 12:15:19,795 [pool-237-thread-1] INFO  server.RaftServerConfigKeys (ConfUtils.java:logGet(46)) - raft.server.retrycache.expirytime = 600000ms (custom)
2022-10-25 12:15:19,795 [pool-237-thread-1] INFO  server.RaftServerConfigKeys (ConfUtils.java:logGet(46)) - raft.server.retrycache.statistics.expirytime = 100μs (default)
2022-10-25 12:15:19,796 [pool-237-thread-1] INFO  server.RaftServerConfigKeys (ConfUtils.java:logGet(46)) - raft.server.log.appender.install.snapshot.enabled = false (custom)
2022-10-25 12:15:19,796 [pool-237-thread-1] INFO  server.RaftServerConfigKeys (ConfUtils.java:logGet(46)) - raft.server.threadpool.server.cached = true (default)
2022-10-25 12:15:19,796 [pool-237-thread-1] INFO  server.RaftServerConfigKeys (ConfUtils.java:logGet(46)) - raft.server.threadpool.server.size = 0 (default)
2022-10-25 12:15:19,796 [pool-237-thread-1] INFO  server.RaftServerConfigKeys (ConfUtils.java:logGet(46)) - raft.server.threadpool.client.cached = true (default)
2022-10-25 12:15:19,796 [pool-237-thread-1] INFO  server.RaftServerConfigKeys (ConfUtils.java:logGet(46)) - raft.server.threadpool.client.size = 0 (default)
2022-10-25 12:15:19,796 [pool-237-thread-1] INFO  storage.RaftStorageDirectory (RaftStorageDirectoryImpl.java:analyzeStorage(137)) - The storage directory /home/runner/work/ozone/ozone/hadoop-ozone/integration-test/target/test-dir/MiniOzoneClusterImpl-59fd4bbb-78e8-4c50-bd4e-19e5c7f0d0cd/datanode-7/data/ratis/dfe068ea-08e5-4a6b-83fc-7646482eed7c does not exist. Creating ...
2022-10-25 12:15:19,798 [pool-237-thread-1] INFO  storage.RaftStorageDirectory (RaftStorageDirectoryImpl.java:tryLock(231)) - Lock on /home/runner/work/ozone/ozone/hadoop-ozone/integration-test/target/test-dir/MiniOzoneClusterImpl-59fd4bbb-78e8-4c50-bd4e-19e5c7f0d0cd/datanode-7/data/ratis/dfe068ea-08e5-4a6b-83fc-7646482eed7c/in_use.lock acquired by nodename 14024@fv-az82-510
2022-10-25 12:15:19,799 [pool-237-thread-1] INFO  storage.RaftStorage (RaftStorageImpl.java:format(96)) - Storage directory /home/runner/work/ozone/ozone/hadoop-ozone/integration-test/target/test-dir/MiniOzoneClusterImpl-59fd4bbb-78e8-4c50-bd4e-19e5c7f0d0cd/datanode-7/data/ratis/dfe068ea-08e5-4a6b-83fc-7646482eed7c has been successfully formatted.
2022-10-25 12:15:19,799 [pool-237-thread-1] INFO  ratis.ContainerStateMachine (ContainerStateMachine.java:loadSnapshot(236)) - group-7646482EED7C: The snapshot info is null. Setting the last applied indexto:(t:0, i:~)
2022-10-25 12:15:19,799 [pool-237-thread-1] INFO  server.RaftServerConfigKeys (ConfUtils.java:logGet(46)) - raft.server.log.use.memory = false (default)
2022-10-25 12:15:19,799 [pool-237-thread-1] INFO  server.RaftServerConfigKeys (ConfUtils.java:logGet(46)) - raft.server.log.purge.gap = 1000000 (custom)
2022-10-25 12:15:19,799 [pool-237-thread-1] INFO  server.RaftServerConfigKeys (ConfUtils.java:logGet(46)) - raft.server.log.appender.buffer.byte-limit = 33554432 (custom)
2022-10-25 12:15:19,800 [pool-237-thread-1] INFO  server.RaftServerConfigKeys (ConfUtils.java:logGet(46)) - raft.server.log.statemachine.data.read.timeout = 1000ms (default)
2022-10-25 12:15:19,800 [pool-237-thread-1] INFO  server.RaftServerConfigKeys (ConfUtils.java:logGet(46)) - raft.server.log.purge.preservation.log.num = 0 (default)
2022-10-25 12:15:19,800 [pool-237-thread-1] INFO  server.RaftServerConfigKeys (ConfUtils.java:logGet(46)) - raft.server.log.segment.size.max = 1048576 (custom)
2022-10-25 12:15:19,800 [EventQueue-PipelineReportForPipelineReportHandler] INFO  pipeline.PipelineManagerImpl (PipelineManagerImpl.java:openPipeline(367)) - Pipeline Pipeline[ Id: dfe068ea-08e5-4a6b-83fc-7646482eed7c, Nodes: 0a1cfcca-7ba7-43aa-b517-08505af7a09b{ip: 10.1.1.43, host: fv-az82-510.ou3itxwc2spe5nxnxxppousbrf.dx.internal.cloudapp.net, ports: [REPLICATION=42611, RATIS=43175, RATIS_ADMIN=43175, RATIS_SERVER=43175, STANDALONE=40433], networkLocation: /default-rack, certSerialId: null, persistedOpState: IN_SERVICE, persistedOpStateExpiryEpochSec: 0}, ReplicationConfig: RATIS/ONE, State:ALLOCATED, leaderId:0a1cfcca-7ba7-43aa-b517-08505af7a09b, CreationTimestamp2022-10-25T12:15:16.799Z[Etc/UTC]] moved to OPEN state
2022-10-25 12:15:19,801 [pool-237-thread-1] INFO  server.RaftServerConfigKeys (ConfUtils.java:logGet(46)) - raft.server.log.segment.cache.num.max = 2 (custom)
2022-10-25 12:15:19,801 [pool-237-thread-1] INFO  server.RaftServerConfigKeys (ConfUtils.java:logGet(46)) - raft.server.log.segment.cache.size.max = 200MB (=209715200) (default)
2022-10-25 12:15:19,801 [pool-237-thread-1] INFO  segmented.SegmentedRaftLogWorker (SegmentedRaftLogWorker.java:<init>(191)) - new 0a1cfcca-7ba7-43aa-b517-08505af7a09b@group-7646482EED7C-SegmentedRaftLogWorker for RaftStorageImpl:Storage Directory /home/runner/work/ozone/ozone/hadoop-ozone/integration-test/target/test-dir/MiniOzoneClusterImpl-59fd4bbb-78e8-4c50-bd4e-19e5c7f0d0cd/datanode-7/data/ratis/dfe068ea-08e5-4a6b-83fc-7646482eed7c
2022-10-25 12:15:19,801 [pool-237-thread-1] INFO  server.RaftServerConfigKeys (ConfUtils.java:logGet(46)) - raft.server.log.queue.byte-limit = 4294967296 (custom)
2022-10-25 12:15:19,801 [pool-237-thread-1] INFO  server.RaftServerConfigKeys (ConfUtils.java:logGet(46)) - raft.server.log.queue.element-limit = 1024 (custom)
2022-10-25 12:15:19,801 [EventQueue-OpenPipelineForHealthyPipelineSafeModeRule] INFO  safemode.SCMSafeModeManager (HealthyPipelineSafeModeRule.java:process(137)) - SCM in safe mode. Healthy pipelines reported count is 0, required healthy pipeline reported count is 1
2022-10-25 12:15:19,801 [pool-237-thread-1] INFO  server.RaftServerConfigKeys (ConfUtils.java:logGet(46)) - raft.server.log.segment.size.max = 1048576 (custom)
2022-10-25 12:15:19,802 [pool-237-thread-1] INFO  server.RaftServerConfigKeys (ConfUtils.java:logGet(46)) - raft.server.log.preallocated.size = 16384 (custom)
2022-10-25 12:15:19,802 [pool-237-thread-1] INFO  server.RaftServerConfigKeys (ConfUtils.java:logGet(46)) - raft.server.log.force.sync.num = 128 (default)
2022-10-25 12:15:19,802 [pool-237-thread-1] INFO  server.RaftServerConfigKeys (ConfUtils.java:logGet(46)) - raft.server.log.statemachine.data.sync = true (default)
2022-10-25 12:15:19,802 [pool-237-thread-1] INFO  server.RaftServerConfigKeys (ConfUtils.java:logGet(46)) - raft.server.log.statemachine.data.sync.timeout = 10s (default)
2022-10-25 12:15:19,802 [pool-237-thread-1] INFO  server.RaftServerConfigKeys (ConfUtils.java:logGet(46)) - raft.server.log.statemachine.data.sync.timeout.retry = -1 (default)
2022-10-25 12:15:19,803 [pool-237-thread-1] INFO  server.RaftServerConfigKeys (ConfUtils.java:logGet(46)) - raft.server.log.write.buffer.size = 1048576 (custom)
2022-10-25 12:15:19,804 [pool-237-thread-1] INFO  server.RaftServerConfigKeys (ConfUtils.java:logGet(46)) - raft.server.log.unsafe-flush.enabled = false (default)
2022-10-25 12:15:19,804 [pool-237-thread-1] INFO  server.RaftServerConfigKeys (ConfUtils.java:logGet(46)) - raft.server.log.async-flush.enabled = false (default)
2022-10-25 12:15:19,804 [pool-237-thread-1] INFO  server.RaftServerConfigKeys (ConfUtils.java:logGet(46)) - raft.server.log.statemachine.data.caching.enabled = true (custom)
2022-10-25 12:15:19,804 [pool-237-thread-1] INFO  segmented.SegmentedRaftLogWorker (SegmentedRaftLogWorker.java:lambda$new$0(136)) - 0a1cfcca-7ba7-43aa-b517-08505af7a09b@group-7646482EED7C-SegmentedRaftLogWorker: flushIndex: setUnconditionally 0 -> -1
2022-10-25 12:15:19,804 [pool-237-thread-1] INFO  segmented.SegmentedRaftLogWorker (SegmentedRaftLogWorker.java:lambda$new$0(136)) - 0a1cfcca-7ba7-43aa-b517-08505af7a09b@group-7646482EED7C-SegmentedRaftLogWorker: safeCacheEvictIndex: setUnconditionally 0 -> -1
2022-10-25 12:15:19,805 [pool-237-thread-1] INFO  server.RaftServer$Division (RaftServerImpl.java:start(334)) - 0a1cfcca-7ba7-43aa-b517-08505af7a09b@group-7646482EED7C: start as a follower, conf=-1: peers:[0a1cfcca-7ba7-43aa-b517-08505af7a09b|rpc:10.1.1.43:43175|priority:1|startupRole:FOLLOWER]|listeners:[], old=null
2022-10-25 12:15:19,805 [pool-237-thread-1] INFO  server.RaftServer$Division (RaftServerImpl.java:setRole(321)) - 0a1cfcca-7ba7-43aa-b517-08505af7a09b@group-7646482EED7C: changes role from      null to FOLLOWER at term 0 for startAsFollower
2022-10-25 12:15:19,805 [pool-237-thread-1] INFO  impl.RoleInfo (RoleInfo.java:updateAndGet(139)) - 0a1cfcca-7ba7-43aa-b517-08505af7a09b: start 0a1cfcca-7ba7-43aa-b517-08505af7a09b@group-7646482EED7C-FollowerState
2022-10-25 12:15:19,805 [pool-237-thread-1] INFO  util.JmxRegister (JmxRegister.java:tryRegister(44)) - Successfully registered JMX Bean with object name Ratis:service=RaftServer,group=group-7646482EED7C,id=0a1cfcca-7ba7-43aa-b517-08505af7a09b
2022-10-25 12:15:19,805 [0a1cfcca-7ba7-43aa-b517-08505af7a09b@group-7646482EED7C-FollowerState] INFO  server.RaftServerConfigKeys (ConfUtils.java:logFallback(53)) - raft.server.rpc.first-election.timeout.min = 5s (fallback to raft.server.rpc.timeout.min)
2022-10-25 12:15:19,805 [pool-237-thread-1] INFO  server.RaftServerConfigKeys (ConfUtils.java:logGet(46)) - raft.server.snapshot.auto.trigger.enabled = true (custom)
2022-10-25 12:15:19,805 [0a1cfcca-7ba7-43aa-b517-08505af7a09b@group-7646482EED7C-FollowerState] INFO  server.RaftServerConfigKeys (ConfUtils.java:logFallback(53)) - raft.server.rpc.first-election.timeout.max = 5200ms (fallback to raft.server.rpc.timeout.max)
2022-10-25 12:15:19,805 [pool-237-thread-1] INFO  server.RaftServerConfigKeys (ConfUtils.java:logGet(46)) - raft.server.snapshot.auto.trigger.threshold = 10000 (custom)
2022-10-25 12:15:19,805 [pool-237-thread-1] INFO  server.RaftServerConfigKeys (ConfUtils.java:logGet(46)) - raft.server.snapshot.retention.file.num = 5 (custom)
2022-10-25 12:15:19,805 [pool-237-thread-1] INFO  server.RaftServerConfigKeys (ConfUtils.java:logGet(46)) - raft.server.log.purge.upto.snapshot.index = false (default)
2022-10-25 12:15:19,806 [Command processor thread] INFO  ratis.XceiverServerRatis (XceiverServerRatis.java:addGroup(765)) - Created group PipelineID=dfe068ea-08e5-4a6b-83fc-7646482eed7c
2022-10-25 12:15:19,806 [Command processor thread] INFO  commandhandler.CreatePipelineCommandHandler (CreatePipelineCommandHandler.java:handle(113)) - Created Pipeline RATIS ONE PipelineID=dfe068ea-08e5-4a6b-83fc-7646482eed7c.
2022-10-25 12:15:20,209 [Command processor thread] INFO  server.RaftServer (RaftServerProxy.java:addNew(96)) - 907eb2bb-0522-4d6b-bbf0-1b213cc99331: addNew group-7E6AB8B5DD8D:[907eb2bb-0522-4d6b-bbf0-1b213cc99331|rpc:10.1.1.43:40069|priority:1|startupRole:FOLLOWER] returns group-7E6AB8B5DD8D:java.util.concurrent.CompletableFuture@6a71933d[Not completed]
2022-10-25 12:15:20,210 [pool-264-thread-1] INFO  server.RaftServer$Division (RaftServerImpl.java:<init>(195)) - 907eb2bb-0522-4d6b-bbf0-1b213cc99331: new RaftServerImpl for group-7E6AB8B5DD8D:[907eb2bb-0522-4d6b-bbf0-1b213cc99331|rpc:10.1.1.43:40069|priority:1|startupRole:FOLLOWER] with ContainerStateMachine:uninitialized
2022-10-25 12:15:20,210 [pool-264-thread-1] INFO  server.RaftServerConfigKeys (ConfUtils.java:logGet(46)) - raft.server.rpc.timeout.min = 5s (custom)
2022-10-25 12:15:20,211 [pool-264-thread-1] INFO  server.RaftServerConfigKeys (ConfUtils.java:logGet(46)) - raft.server.rpc.timeout.max = 5200ms (custom)
2022-10-25 12:15:20,211 [pool-264-thread-1] INFO  server.RaftServerConfigKeys (ConfUtils.java:logGet(46)) - raft.server.rpc.sleep.time = 25ms (default)
2022-10-25 12:15:20,211 [pool-264-thread-1] INFO  server.RaftServerConfigKeys (ConfUtils.java:logGet(46)) - raft.server.rpc.slowness.timeout = 300s (custom)
2022-10-25 12:15:20,211 [pool-264-thread-1] INFO  server.RaftServerConfigKeys (ConfUtils.java:logGet(46)) - raft.server.leaderelection.leader.step-down.wait-time = 10s (default)
2022-10-25 12:15:20,211 [pool-264-thread-1] INFO  server.RaftServerConfigKeys (ConfUtils.java:logGet(46)) - raft.server.sleep.deviation.threshold = 300ms (default)
2022-10-25 12:15:20,211 [pool-264-thread-1] INFO  server.RaftServer$Division (ServerState.java:<init>(118)) - 907eb2bb-0522-4d6b-bbf0-1b213cc99331@group-7E6AB8B5DD8D: ConfigurationManager, init=-1: peers:[907eb2bb-0522-4d6b-bbf0-1b213cc99331|rpc:10.1.1.43:40069|priority:1|startupRole:FOLLOWER]|listeners:[], old=null, confs=<EMPTY_MAP>
2022-10-25 12:15:20,211 [pool-264-thread-1] INFO  server.RaftServerConfigKeys (ConfUtils.java:logGet(46)) - raft.server.storage.dir = [/home/runner/work/ozone/ozone/hadoop-ozone/integration-test/target/test-dir/MiniOzoneClusterImpl-59fd4bbb-78e8-4c50-bd4e-19e5c7f0d0cd/datanode-8/data/ratis] (custom)
2022-10-25 12:15:20,211 [pool-264-thread-1] INFO  server.RaftServerConfigKeys (ConfUtils.java:logGet(46)) - raft.server.log.corruption.policy = EXCEPTION (default)
2022-10-25 12:15:20,211 [pool-264-thread-1] INFO  server.RaftServerConfigKeys (ConfUtils.java:logGet(46)) - raft.server.storage.free-space.min = 0MB (=0) (default)
2022-10-25 12:15:20,211 [pool-264-thread-1] INFO  server.RaftServerConfigKeys (ConfUtils.java:logGet(46)) - raft.server.notification.no-leader.timeout = 300s (custom)
2022-10-25 12:15:20,211 [pool-264-thread-1] INFO  server.RaftServerConfigKeys (ConfUtils.java:logGet(46)) - raft.server.retrycache.expirytime = 600000ms (custom)
2022-10-25 12:15:20,211 [pool-264-thread-1] INFO  server.RaftServerConfigKeys (ConfUtils.java:logGet(46)) - raft.server.retrycache.statistics.expirytime = 100μs (default)
2022-10-25 12:15:20,213 [pool-264-thread-1] INFO  server.RaftServerConfigKeys (ConfUtils.java:logGet(46)) - raft.server.log.appender.install.snapshot.enabled = false (custom)
2022-10-25 12:15:20,213 [pool-264-thread-1] INFO  server.RaftServerConfigKeys (ConfUtils.java:logGet(46)) - raft.server.threadpool.server.cached = true (default)
2022-10-25 12:15:20,213 [pool-264-thread-1] INFO  server.RaftServerConfigKeys (ConfUtils.java:logGet(46)) - raft.server.threadpool.server.size = 0 (default)
2022-10-25 12:15:20,213 [pool-264-thread-1] INFO  server.RaftServerConfigKeys (ConfUtils.java:logGet(46)) - raft.server.threadpool.client.cached = true (default)
2022-10-25 12:15:20,213 [pool-264-thread-1] INFO  server.RaftServerConfigKeys (ConfUtils.java:logGet(46)) - raft.server.threadpool.client.size = 0 (default)
2022-10-25 12:15:20,213 [pool-264-thread-1] INFO  storage.RaftStorageDirectory (RaftStorageDirectoryImpl.java:analyzeStorage(137)) - The storage directory /home/runner/work/ozone/ozone/hadoop-ozone/integration-test/target/test-dir/MiniOzoneClusterImpl-59fd4bbb-78e8-4c50-bd4e-19e5c7f0d0cd/datanode-8/data/ratis/7cd578f1-a803-4180-bca8-7e6ab8b5dd8d does not exist. Creating ...
2022-10-25 12:15:20,214 [pool-264-thread-1] INFO  storage.RaftStorageDirectory (RaftStorageDirectoryImpl.java:tryLock(231)) - Lock on /home/runner/work/ozone/ozone/hadoop-ozone/integration-test/target/test-dir/MiniOzoneClusterImpl-59fd4bbb-78e8-4c50-bd4e-19e5c7f0d0cd/datanode-8/data/ratis/7cd578f1-a803-4180-bca8-7e6ab8b5dd8d/in_use.lock acquired by nodename 14024@fv-az82-510
2022-10-25 12:15:20,217 [pool-264-thread-1] INFO  storage.RaftStorage (RaftStorageImpl.java:format(96)) - Storage directory /home/runner/work/ozone/ozone/hadoop-ozone/integration-test/target/test-dir/MiniOzoneClusterImpl-59fd4bbb-78e8-4c50-bd4e-19e5c7f0d0cd/datanode-8/data/ratis/7cd578f1-a803-4180-bca8-7e6ab8b5dd8d has been successfully formatted.
2022-10-25 12:15:20,219 [pool-264-thread-1] INFO  ratis.ContainerStateMachine (ContainerStateMachine.java:loadSnapshot(236)) - group-7E6AB8B5DD8D: The snapshot info is null. Setting the last applied indexto:(t:0, i:~)
2022-10-25 12:15:20,219 [pool-264-thread-1] INFO  server.RaftServerConfigKeys (ConfUtils.java:logGet(46)) - raft.server.log.use.memory = false (default)
2022-10-25 12:15:20,219 [pool-264-thread-1] INFO  server.RaftServerConfigKeys (ConfUtils.java:logGet(46)) - raft.server.log.purge.gap = 1000000 (custom)
2022-10-25 12:15:20,219 [pool-264-thread-1] INFO  server.RaftServerConfigKeys (ConfUtils.java:logGet(46)) - raft.server.log.appender.buffer.byte-limit = 33554432 (custom)
2022-10-25 12:15:20,220 [pool-264-thread-1] INFO  server.RaftServerConfigKeys (ConfUtils.java:logGet(46)) - raft.server.log.statemachine.data.read.timeout = 1000ms (default)
2022-10-25 12:15:20,220 [pool-264-thread-1] INFO  server.RaftServerConfigKeys (ConfUtils.java:logGet(46)) - raft.server.log.purge.preservation.log.num = 0 (default)
2022-10-25 12:15:20,220 [pool-264-thread-1] INFO  server.RaftServerConfigKeys (ConfUtils.java:logGet(46)) - raft.server.log.segment.size.max = 1048576 (custom)
2022-10-25 12:15:20,220 [EventQueue-PipelineReportForPipelineReportHandler] INFO  pipeline.PipelineManagerImpl (PipelineManagerImpl.java:openPipeline(367)) - Pipeline Pipeline[ Id: 7cd578f1-a803-4180-bca8-7e6ab8b5dd8d, Nodes: 907eb2bb-0522-4d6b-bbf0-1b213cc99331{ip: 10.1.1.43, host: fv-az82-510.ou3itxwc2spe5nxnxxppousbrf.dx.internal.cloudapp.net, ports: [REPLICATION=43209, RATIS=40069, RATIS_ADMIN=40069, RATIS_SERVER=40069, STANDALONE=36449], networkLocation: /default-rack, certSerialId: null, persistedOpState: IN_SERVICE, persistedOpStateExpiryEpochSec: 0}, ReplicationConfig: RATIS/ONE, State:ALLOCATED, leaderId:907eb2bb-0522-4d6b-bbf0-1b213cc99331, CreationTimestamp2022-10-25T12:15:17.222Z[Etc/UTC]] moved to OPEN state
2022-10-25 12:15:20,220 [pool-264-thread-1] INFO  server.RaftServerConfigKeys (ConfUtils.java:logGet(46)) - raft.server.log.segment.cache.num.max = 2 (custom)
2022-10-25 12:15:20,220 [pool-264-thread-1] INFO  server.RaftServerConfigKeys (ConfUtils.java:logGet(46)) - raft.server.log.segment.cache.size.max = 200MB (=209715200) (default)
2022-10-25 12:15:20,220 [pool-264-thread-1] INFO  segmented.SegmentedRaftLogWorker (SegmentedRaftLogWorker.java:<init>(191)) - new 907eb2bb-0522-4d6b-bbf0-1b213cc99331@group-7E6AB8B5DD8D-SegmentedRaftLogWorker for RaftStorageImpl:Storage Directory /home/runner/work/ozone/ozone/hadoop-ozone/integration-test/target/test-dir/MiniOzoneClusterImpl-59fd4bbb-78e8-4c50-bd4e-19e5c7f0d0cd/datanode-8/data/ratis/7cd578f1-a803-4180-bca8-7e6ab8b5dd8d
2022-10-25 12:15:20,220 [pool-264-thread-1] INFO  server.RaftServerConfigKeys (ConfUtils.java:logGet(46)) - raft.server.log.queue.byte-limit = 4294967296 (custom)
2022-10-25 12:15:20,221 [EventQueue-OpenPipelineForHealthyPipelineSafeModeRule] INFO  safemode.SCMSafeModeManager (HealthyPipelineSafeModeRule.java:process(137)) - SCM in safe mode. Healthy pipelines reported count is 0, required healthy pipeline reported count is 1
2022-10-25 12:15:20,224 [pool-264-thread-1] INFO  server.RaftServerConfigKeys (ConfUtils.java:logGet(46)) - raft.server.log.queue.element-limit = 1024 (custom)
2022-10-25 12:15:20,225 [pool-264-thread-1] INFO  server.RaftServerConfigKeys (ConfUtils.java:logGet(46)) - raft.server.log.segment.size.max = 1048576 (custom)
2022-10-25 12:15:20,225 [pool-264-thread-1] INFO  server.RaftServerConfigKeys (ConfUtils.java:logGet(46)) - raft.server.log.preallocated.size = 16384 (custom)
2022-10-25 12:15:20,225 [pool-264-thread-1] INFO  server.RaftServerConfigKeys (ConfUtils.java:logGet(46)) - raft.server.log.force.sync.num = 128 (default)
2022-10-25 12:15:20,225 [pool-264-thread-1] INFO  server.RaftServerConfigKeys (ConfUtils.java:logGet(46)) - raft.server.log.statemachine.data.sync = true (default)
2022-10-25 12:15:20,225 [pool-264-thread-1] INFO  server.RaftServerConfigKeys (ConfUtils.java:logGet(46)) - raft.server.log.statemachine.data.sync.timeout = 10s (default)
2022-10-25 12:15:20,225 [pool-264-thread-1] INFO  server.RaftServerConfigKeys (ConfUtils.java:logGet(46)) - raft.server.log.statemachine.data.sync.timeout.retry = -1 (default)
2022-10-25 12:15:20,226 [pool-264-thread-1] INFO  server.RaftServerConfigKeys (ConfUtils.java:logGet(46)) - raft.server.log.write.buffer.size = 1048576 (custom)
2022-10-25 12:15:20,226 [pool-264-thread-1] INFO  server.RaftServerConfigKeys (ConfUtils.java:logGet(46)) - raft.server.log.unsafe-flush.enabled = false (default)
2022-10-25 12:15:20,226 [pool-264-thread-1] INFO  server.RaftServerConfigKeys (ConfUtils.java:logGet(46)) - raft.server.log.async-flush.enabled = false (default)
2022-10-25 12:15:20,226 [pool-264-thread-1] INFO  server.RaftServerConfigKeys (ConfUtils.java:logGet(46)) - raft.server.log.statemachine.data.caching.enabled = true (custom)
2022-10-25 12:15:20,226 [pool-264-thread-1] INFO  segmented.SegmentedRaftLogWorker (SegmentedRaftLogWorker.java:lambda$new$0(136)) - 907eb2bb-0522-4d6b-bbf0-1b213cc99331@group-7E6AB8B5DD8D-SegmentedRaftLogWorker: flushIndex: setUnconditionally 0 -> -1
2022-10-25 12:15:20,226 [pool-264-thread-1] INFO  segmented.SegmentedRaftLogWorker (SegmentedRaftLogWorker.java:lambda$new$0(136)) - 907eb2bb-0522-4d6b-bbf0-1b213cc99331@group-7E6AB8B5DD8D-SegmentedRaftLogWorker: safeCacheEvictIndex: setUnconditionally 0 -> -1
2022-10-25 12:15:20,227 [pool-264-thread-1] INFO  server.RaftServer$Division (RaftServerImpl.java:start(334)) - 907eb2bb-0522-4d6b-bbf0-1b213cc99331@group-7E6AB8B5DD8D: start as a follower, conf=-1: peers:[907eb2bb-0522-4d6b-bbf0-1b213cc99331|rpc:10.1.1.43:40069|priority:1|startupRole:FOLLOWER]|listeners:[], old=null
2022-10-25 12:15:20,227 [pool-264-thread-1] INFO  server.RaftServer$Division (RaftServerImpl.java:setRole(321)) - 907eb2bb-0522-4d6b-bbf0-1b213cc99331@group-7E6AB8B5DD8D: changes role from      null to FOLLOWER at term 0 for startAsFollower
2022-10-25 12:15:20,228 [pool-264-thread-1] INFO  impl.RoleInfo (RoleInfo.java:updateAndGet(139)) - 907eb2bb-0522-4d6b-bbf0-1b213cc99331: start 907eb2bb-0522-4d6b-bbf0-1b213cc99331@group-7E6AB8B5DD8D-FollowerState
2022-10-25 12:15:20,228 [pool-264-thread-1] INFO  util.JmxRegister (JmxRegister.java:tryRegister(44)) - Successfully registered JMX Bean with object name Ratis:service=RaftServer,group=group-7E6AB8B5DD8D,id=907eb2bb-0522-4d6b-bbf0-1b213cc99331
2022-10-25 12:15:20,228 [pool-264-thread-1] INFO  server.RaftServerConfigKeys (ConfUtils.java:logGet(46)) - raft.server.snapshot.auto.trigger.enabled = true (custom)
2022-10-25 12:15:20,228 [pool-264-thread-1] INFO  server.RaftServerConfigKeys (ConfUtils.java:logGet(46)) - raft.server.snapshot.auto.trigger.threshold = 10000 (custom)
2022-10-25 12:15:20,228 [pool-264-thread-1] INFO  server.RaftServerConfigKeys (ConfUtils.java:logGet(46)) - raft.server.snapshot.retention.file.num = 5 (custom)
2022-10-25 12:15:20,228 [pool-264-thread-1] INFO  server.RaftServerConfigKeys (ConfUtils.java:logGet(46)) - raft.server.log.purge.upto.snapshot.index = false (default)
2022-10-25 12:15:20,229 [907eb2bb-0522-4d6b-bbf0-1b213cc99331@group-7E6AB8B5DD8D-FollowerState] INFO  server.RaftServerConfigKeys (ConfUtils.java:logFallback(53)) - raft.server.rpc.first-election.timeout.min = 5s (fallback to raft.server.rpc.timeout.min)
2022-10-25 12:15:20,229 [907eb2bb-0522-4d6b-bbf0-1b213cc99331@group-7E6AB8B5DD8D-FollowerState] INFO  server.RaftServerConfigKeys (ConfUtils.java:logFallback(53)) - raft.server.rpc.first-election.timeout.max = 5200ms (fallback to raft.server.rpc.timeout.max)
2022-10-25 12:15:20,229 [Command processor thread] INFO  ratis.XceiverServerRatis (XceiverServerRatis.java:addGroup(765)) - Created group PipelineID=7cd578f1-a803-4180-bca8-7e6ab8b5dd8d
2022-10-25 12:15:20,229 [Command processor thread] INFO  commandhandler.CreatePipelineCommandHandler (CreatePipelineCommandHandler.java:handle(113)) - Created Pipeline RATIS ONE PipelineID=7cd578f1-a803-4180-bca8-7e6ab8b5dd8d.
2022-10-25 12:15:20,567 [Command processor thread] INFO  server.RaftServer (RaftServerProxy.java:addNew(96)) - 277330ea-7eb2-4eea-8a6b-9d41e81a33f6: addNew group-D1756B2A70E6:[277330ea-7eb2-4eea-8a6b-9d41e81a33f6|rpc:10.1.1.43:40547|priority:1|startupRole:FOLLOWER] returns group-D1756B2A70E6:java.util.concurrent.CompletableFuture@4faa397b[Not completed]
2022-10-25 12:15:20,568 [pool-295-thread-1] INFO  server.RaftServer$Division (RaftServerImpl.java:<init>(195)) - 277330ea-7eb2-4eea-8a6b-9d41e81a33f6: new RaftServerImpl for group-D1756B2A70E6:[277330ea-7eb2-4eea-8a6b-9d41e81a33f6|rpc:10.1.1.43:40547|priority:1|startupRole:FOLLOWER] with ContainerStateMachine:uninitialized
2022-10-25 12:15:20,569 [pool-295-thread-1] INFO  server.RaftServerConfigKeys (ConfUtils.java:logGet(46)) - raft.server.rpc.timeout.min = 5s (custom)
2022-10-25 12:15:20,569 [pool-295-thread-1] INFO  server.RaftServerConfigKeys (ConfUtils.java:logGet(46)) - raft.server.rpc.timeout.max = 5200ms (custom)
2022-10-25 12:15:20,569 [pool-295-thread-1] INFO  server.RaftServerConfigKeys (ConfUtils.java:logGet(46)) - raft.server.rpc.sleep.time = 25ms (default)
2022-10-25 12:15:20,569 [pool-295-thread-1] INFO  server.RaftServerConfigKeys (ConfUtils.java:logGet(46)) - raft.server.rpc.slowness.timeout = 300s (custom)
2022-10-25 12:15:20,569 [pool-295-thread-1] INFO  server.RaftServerConfigKeys (ConfUtils.java:logGet(46)) - raft.server.leaderelection.leader.step-down.wait-time = 10s (default)
2022-10-25 12:15:20,569 [pool-295-thread-1] INFO  server.RaftServerConfigKeys (ConfUtils.java:logGet(46)) - raft.server.sleep.deviation.threshold = 300ms (default)
2022-10-25 12:15:20,569 [pool-295-thread-1] INFO  server.RaftServer$Division (ServerState.java:<init>(118)) - 277330ea-7eb2-4eea-8a6b-9d41e81a33f6@group-D1756B2A70E6: ConfigurationManager, init=-1: peers:[277330ea-7eb2-4eea-8a6b-9d41e81a33f6|rpc:10.1.1.43:40547|priority:1|startupRole:FOLLOWER]|listeners:[], old=null, confs=<EMPTY_MAP>
2022-10-25 12:15:20,569 [pool-295-thread-1] INFO  server.RaftServerConfigKeys (ConfUtils.java:logGet(46)) - raft.server.storage.dir = [/home/runner/work/ozone/ozone/hadoop-ozone/integration-test/target/test-dir/MiniOzoneClusterImpl-59fd4bbb-78e8-4c50-bd4e-19e5c7f0d0cd/datanode-9/data/ratis] (custom)
2022-10-25 12:15:20,569 [pool-295-thread-1] INFO  server.RaftServerConfigKeys (ConfUtils.java:logGet(46)) - raft.server.log.corruption.policy = EXCEPTION (default)
2022-10-25 12:15:20,569 [pool-295-thread-1] INFO  server.RaftServerConfigKeys (ConfUtils.java:logGet(46)) - raft.server.storage.free-space.min = 0MB (=0) (default)
2022-10-25 12:15:20,569 [pool-295-thread-1] INFO  server.RaftServerConfigKeys (ConfUtils.java:logGet(46)) - raft.server.notification.no-leader.timeout = 300s (custom)
2022-10-25 12:15:20,569 [pool-295-thread-1] INFO  server.RaftServerConfigKeys (ConfUtils.java:logGet(46)) - raft.server.retrycache.expirytime = 600000ms (custom)
2022-10-25 12:15:20,570 [pool-295-thread-1] INFO  server.RaftServerConfigKeys (ConfUtils.java:logGet(46)) - raft.server.retrycache.statistics.expirytime = 100μs (default)
2022-10-25 12:15:20,571 [pool-295-thread-1] INFO  server.RaftServerConfigKeys (ConfUtils.java:logGet(46)) - raft.server.log.appender.install.snapshot.enabled = false (custom)
2022-10-25 12:15:20,571 [pool-295-thread-1] INFO  server.RaftServerConfigKeys (ConfUtils.java:logGet(46)) - raft.server.threadpool.server.cached = true (default)
2022-10-25 12:15:20,572 [pool-295-thread-1] INFO  server.RaftServerConfigKeys (ConfUtils.java:logGet(46)) - raft.server.threadpool.server.size = 0 (default)
2022-10-25 12:15:20,572 [pool-295-thread-1] INFO  server.RaftServerConfigKeys (ConfUtils.java:logGet(46)) - raft.server.threadpool.client.cached = true (default)
2022-10-25 12:15:20,572 [pool-295-thread-1] INFO  server.RaftServerConfigKeys (ConfUtils.java:logGet(46)) - raft.server.threadpool.client.size = 0 (default)
2022-10-25 12:15:20,572 [pool-295-thread-1] INFO  storage.RaftStorageDirectory (RaftStorageDirectoryImpl.java:analyzeStorage(137)) - The storage directory /home/runner/work/ozone/ozone/hadoop-ozone/integration-test/target/test-dir/MiniOzoneClusterImpl-59fd4bbb-78e8-4c50-bd4e-19e5c7f0d0cd/datanode-9/data/ratis/572b340a-129e-4f63-96f2-d1756b2a70e6 does not exist. Creating ...
2022-10-25 12:15:20,573 [pool-295-thread-1] INFO  storage.RaftStorageDirectory (RaftStorageDirectoryImpl.java:tryLock(231)) - Lock on /home/runner/work/ozone/ozone/hadoop-ozone/integration-test/target/test-dir/MiniOzoneClusterImpl-59fd4bbb-78e8-4c50-bd4e-19e5c7f0d0cd/datanode-9/data/ratis/572b340a-129e-4f63-96f2-d1756b2a70e6/in_use.lock acquired by nodename 14024@fv-az82-510
2022-10-25 12:15:20,575 [pool-295-thread-1] INFO  storage.RaftStorage (RaftStorageImpl.java:format(96)) - Storage directory /home/runner/work/ozone/ozone/hadoop-ozone/integration-test/target/test-dir/MiniOzoneClusterImpl-59fd4bbb-78e8-4c50-bd4e-19e5c7f0d0cd/datanode-9/data/ratis/572b340a-129e-4f63-96f2-d1756b2a70e6 has been successfully formatted.
2022-10-25 12:15:20,575 [Listener at 127.0.0.1/33161] INFO  ozone.MiniOzoneClusterImpl (MiniOzoneClusterImpl.java:lambda$waitForClusterToBeReady$0(216)) - Nodes are ready. Got 10 of 10 DN Heartbeats.
2022-10-25 12:15:20,575 [Listener at 127.0.0.1/33161] INFO  ozone.MiniOzoneClusterImpl (MiniOzoneClusterImpl.java:lambda$waitForClusterToBeReady$0(219)) - Waiting for cluster to exit safe mode
2022-10-25 12:15:20,575 [Listener at 127.0.0.1/33161] INFO  ozone.MiniOzoneClusterImpl (MiniOzoneClusterImpl.java:lambda$waitForClusterToBeReady$0(221)) - SCM became leader
2022-10-25 12:15:20,576 [pool-295-thread-1] INFO  ratis.ContainerStateMachine (ContainerStateMachine.java:loadSnapshot(236)) - group-D1756B2A70E6: The snapshot info is null. Setting the last applied indexto:(t:0, i:~)
2022-10-25 12:15:20,576 [pool-295-thread-1] INFO  server.RaftServerConfigKeys (ConfUtils.java:logGet(46)) - raft.server.log.use.memory = false (default)
2022-10-25 12:15:20,576 [pool-295-thread-1] INFO  server.RaftServerConfigKeys (ConfUtils.java:logGet(46)) - raft.server.log.purge.gap = 1000000 (custom)
2022-10-25 12:15:20,576 [pool-295-thread-1] INFO  server.RaftServerConfigKeys (ConfUtils.java:logGet(46)) - raft.server.log.appender.buffer.byte-limit = 33554432 (custom)
2022-10-25 12:15:20,576 [pool-295-thread-1] INFO  server.RaftServerConfigKeys (ConfUtils.java:logGet(46)) - raft.server.log.statemachine.data.read.timeout = 1000ms (default)
2022-10-25 12:15:20,576 [pool-295-thread-1] INFO  server.RaftServerConfigKeys (ConfUtils.java:logGet(46)) - raft.server.log.purge.preservation.log.num = 0 (default)
2022-10-25 12:15:20,576 [pool-295-thread-1] INFO  server.RaftServerConfigKeys (ConfUtils.java:logGet(46)) - raft.server.log.segment.size.max = 1048576 (custom)
2022-10-25 12:15:20,577 [pool-295-thread-1] INFO  server.RaftServerConfigKeys (ConfUtils.java:logGet(46)) - raft.server.log.segment.cache.num.max = 2 (custom)
2022-10-25 12:15:20,577 [pool-295-thread-1] INFO  server.RaftServerConfigKeys (ConfUtils.java:logGet(46)) - raft.server.log.segment.cache.size.max = 200MB (=209715200) (default)
2022-10-25 12:15:20,577 [pool-295-thread-1] INFO  segmented.SegmentedRaftLogWorker (SegmentedRaftLogWorker.java:<init>(191)) - new 277330ea-7eb2-4eea-8a6b-9d41e81a33f6@group-D1756B2A70E6-SegmentedRaftLogWorker for RaftStorageImpl:Storage Directory /home/runner/work/ozone/ozone/hadoop-ozone/integration-test/target/test-dir/MiniOzoneClusterImpl-59fd4bbb-78e8-4c50-bd4e-19e5c7f0d0cd/datanode-9/data/ratis/572b340a-129e-4f63-96f2-d1756b2a70e6
2022-10-25 12:15:20,577 [pool-295-thread-1] INFO  server.RaftServerConfigKeys (ConfUtils.java:logGet(46)) - raft.server.log.queue.byte-limit = 4294967296 (custom)
2022-10-25 12:15:20,577 [pool-295-thread-1] INFO  server.RaftServerConfigKeys (ConfUtils.java:logGet(46)) - raft.server.log.queue.element-limit = 1024 (custom)
2022-10-25 12:15:20,577 [pool-295-thread-1] INFO  server.RaftServerConfigKeys (ConfUtils.java:logGet(46)) - raft.server.log.segment.size.max = 1048576 (custom)
2022-10-25 12:15:20,577 [pool-295-thread-1] INFO  server.RaftServerConfigKeys (ConfUtils.java:logGet(46)) - raft.server.log.preallocated.size = 16384 (custom)
2022-10-25 12:15:20,577 [pool-295-thread-1] INFO  server.RaftServerConfigKeys (ConfUtils.java:logGet(46)) - raft.server.log.force.sync.num = 128 (default)
2022-10-25 12:15:20,578 [pool-295-thread-1] INFO  server.RaftServerConfigKeys (ConfUtils.java:logGet(46)) - raft.server.log.statemachine.data.sync = true (default)
2022-10-25 12:15:20,578 [pool-295-thread-1] INFO  server.RaftServerConfigKeys (ConfUtils.java:logGet(46)) - raft.server.log.statemachine.data.sync.timeout = 10s (default)
2022-10-25 12:15:20,578 [pool-295-thread-1] INFO  server.RaftServerConfigKeys (ConfUtils.java:logGet(46)) - raft.server.log.statemachine.data.sync.timeout.retry = -1 (default)
2022-10-25 12:15:20,579 [EventQueue-PipelineReportForPipelineReportHandler] INFO  pipeline.PipelineManagerImpl (PipelineManagerImpl.java:openPipeline(367)) - Pipeline Pipeline[ Id: 572b340a-129e-4f63-96f2-d1756b2a70e6, Nodes: 277330ea-7eb2-4eea-8a6b-9d41e81a33f6{ip: 10.1.1.43, host: fv-az82-510.ou3itxwc2spe5nxnxxppousbrf.dx.internal.cloudapp.net, ports: [REPLICATION=40199, RATIS=40547, RATIS_ADMIN=40547, RATIS_SERVER=40547, STANDALONE=46845], networkLocation: /default-rack, certSerialId: null, persistedOpState: IN_SERVICE, persistedOpStateExpiryEpochSec: 0}, ReplicationConfig: RATIS/ONE, State:ALLOCATED, leaderId:277330ea-7eb2-4eea-8a6b-9d41e81a33f6, CreationTimestamp2022-10-25T12:15:17.579Z[Etc/UTC]] moved to OPEN state
2022-10-25 12:15:20,579 [EventQueue-OpenPipelineForHealthyPipelineSafeModeRule] INFO  safemode.SCMSafeModeManager (HealthyPipelineSafeModeRule.java:process(137)) - SCM in safe mode. Healthy pipelines reported count is 0, required healthy pipeline reported count is 1
2022-10-25 12:15:20,580 [pool-295-thread-1] INFO  server.RaftServerConfigKeys (ConfUtils.java:logGet(46)) - raft.server.log.write.buffer.size = 1048576 (custom)
2022-10-25 12:15:20,581 [pool-295-thread-1] INFO  server.RaftServerConfigKeys (ConfUtils.java:logGet(46)) - raft.server.log.unsafe-flush.enabled = false (default)
2022-10-25 12:15:20,581 [pool-295-thread-1] INFO  server.RaftServerConfigKeys (ConfUtils.java:logGet(46)) - raft.server.log.async-flush.enabled = false (default)
2022-10-25 12:15:20,581 [pool-295-thread-1] INFO  server.RaftServerConfigKeys (ConfUtils.java:logGet(46)) - raft.server.log.statemachine.data.caching.enabled = true (custom)
2022-10-25 12:15:20,581 [pool-295-thread-1] INFO  segmented.SegmentedRaftLogWorker (SegmentedRaftLogWorker.java:lambda$new$0(136)) - 277330ea-7eb2-4eea-8a6b-9d41e81a33f6@group-D1756B2A70E6-SegmentedRaftLogWorker: flushIndex: setUnconditionally 0 -> -1
2022-10-25 12:15:20,581 [pool-295-thread-1] INFO  segmented.SegmentedRaftLogWorker (SegmentedRaftLogWorker.java:lambda$new$0(136)) - 277330ea-7eb2-4eea-8a6b-9d41e81a33f6@group-D1756B2A70E6-SegmentedRaftLogWorker: safeCacheEvictIndex: setUnconditionally 0 -> -1
2022-10-25 12:15:20,582 [pool-295-thread-1] INFO  server.RaftServer$Division (RaftServerImpl.java:start(334)) - 277330ea-7eb2-4eea-8a6b-9d41e81a33f6@group-D1756B2A70E6: start as a follower, conf=-1: peers:[277330ea-7eb2-4eea-8a6b-9d41e81a33f6|rpc:10.1.1.43:40547|priority:1|startupRole:FOLLOWER]|listeners:[], old=null
2022-10-25 12:15:20,582 [pool-295-thread-1] INFO  server.RaftServer$Division (RaftServerImpl.java:setRole(321)) - 277330ea-7eb2-4eea-8a6b-9d41e81a33f6@group-D1756B2A70E6: changes role from      null to FOLLOWER at term 0 for startAsFollower
2022-10-25 12:15:20,582 [pool-295-thread-1] INFO  impl.RoleInfo (RoleInfo.java:updateAndGet(139)) - 277330ea-7eb2-4eea-8a6b-9d41e81a33f6: start 277330ea-7eb2-4eea-8a6b-9d41e81a33f6@group-D1756B2A70E6-FollowerState
2022-10-25 12:15:20,582 [pool-295-thread-1] INFO  util.JmxRegister (JmxRegister.java:tryRegister(44)) - Successfully registered JMX Bean with object name Ratis:service=RaftServer,group=group-D1756B2A70E6,id=277330ea-7eb2-4eea-8a6b-9d41e81a33f6
2022-10-25 12:15:20,582 [pool-295-thread-1] INFO  server.RaftServerConfigKeys (ConfUtils.java:logGet(46)) - raft.server.snapshot.auto.trigger.enabled = true (custom)
2022-10-25 12:15:20,582 [pool-295-thread-1] INFO  server.RaftServerConfigKeys (ConfUtils.java:logGet(46)) - raft.server.snapshot.auto.trigger.threshold = 10000 (custom)
2022-10-25 12:15:20,582 [pool-295-thread-1] INFO  server.RaftServerConfigKeys (ConfUtils.java:logGet(46)) - raft.server.snapshot.retention.file.num = 5 (custom)
2022-10-25 12:15:20,582 [pool-295-thread-1] INFO  server.RaftServerConfigKeys (ConfUtils.java:logGet(46)) - raft.server.log.purge.upto.snapshot.index = false (default)
2022-10-25 12:15:20,583 [277330ea-7eb2-4eea-8a6b-9d41e81a33f6@group-D1756B2A70E6-FollowerState] INFO  server.RaftServerConfigKeys (ConfUtils.java:logFallback(53)) - raft.server.rpc.first-election.timeout.min = 5s (fallback to raft.server.rpc.timeout.min)
2022-10-25 12:15:20,583 [277330ea-7eb2-4eea-8a6b-9d41e81a33f6@group-D1756B2A70E6-FollowerState] INFO  server.RaftServerConfigKeys (ConfUtils.java:logFallback(53)) - raft.server.rpc.first-election.timeout.max = 5200ms (fallback to raft.server.rpc.timeout.max)
2022-10-25 12:15:20,585 [Command processor thread] INFO  ratis.XceiverServerRatis (XceiverServerRatis.java:addGroup(765)) - Created group PipelineID=572b340a-129e-4f63-96f2-d1756b2a70e6
2022-10-25 12:15:20,585 [Command processor thread] INFO  commandhandler.CreatePipelineCommandHandler (CreatePipelineCommandHandler.java:handle(113)) - Created Pipeline RATIS ONE PipelineID=572b340a-129e-4f63-96f2-d1756b2a70e6.
2022-10-25 12:15:21,576 [Listener at 127.0.0.1/33161] INFO  ozone.MiniOzoneClusterImpl (MiniOzoneClusterImpl.java:lambda$waitForClusterToBeReady$0(216)) - Nodes are ready. Got 10 of 10 DN Heartbeats.
2022-10-25 12:15:21,576 [Listener at 127.0.0.1/33161] INFO  ozone.MiniOzoneClusterImpl (MiniOzoneClusterImpl.java:lambda$waitForClusterToBeReady$0(219)) - Waiting for cluster to exit safe mode
2022-10-25 12:15:21,576 [Listener at 127.0.0.1/33161] INFO  ozone.MiniOzoneClusterImpl (MiniOzoneClusterImpl.java:lambda$waitForClusterToBeReady$0(221)) - SCM became leader
2022-10-25 12:15:22,067 [6534404f-39f4-445c-b85e-518a348dbff3@group-B7DE03A6A590-FollowerState] INFO  impl.FollowerState (FollowerState.java:run(143)) - 6534404f-39f4-445c-b85e-518a348dbff3@group-B7DE03A6A590-FollowerState: change to CANDIDATE, lastRpcElapsedTime:5148792192ns, electionTimeout:5139ms
2022-10-25 12:15:22,067 [6534404f-39f4-445c-b85e-518a348dbff3@group-B7DE03A6A590-FollowerState] INFO  impl.RoleInfo (RoleInfo.java:shutdownFollowerState(110)) - 6534404f-39f4-445c-b85e-518a348dbff3: shutdown 6534404f-39f4-445c-b85e-518a348dbff3@group-B7DE03A6A590-FollowerState
2022-10-25 12:15:22,067 [6534404f-39f4-445c-b85e-518a348dbff3@group-B7DE03A6A590-FollowerState] INFO  server.RaftServer$Division (RaftServerImpl.java:setRole(321)) - 6534404f-39f4-445c-b85e-518a348dbff3@group-B7DE03A6A590: changes role from  FOLLOWER to CANDIDATE at term 0 for changeToCandidate
2022-10-25 12:15:22,069 [6534404f-39f4-445c-b85e-518a348dbff3@group-B7DE03A6A590-FollowerState] INFO  server.RaftServerConfigKeys (ConfUtils.java:logGet(46)) - raft.server.leaderelection.pre-vote = false (custom)
2022-10-25 12:15:22,069 [6534404f-39f4-445c-b85e-518a348dbff3@group-B7DE03A6A590-FollowerState] INFO  impl.RoleInfo (RoleInfo.java:updateAndGet(139)) - 6534404f-39f4-445c-b85e-518a348dbff3: start 6534404f-39f4-445c-b85e-518a348dbff3@group-B7DE03A6A590-LeaderElection2
2022-10-25 12:15:22,072 [6534404f-39f4-445c-b85e-518a348dbff3@group-B7DE03A6A590-LeaderElection2] INFO  impl.LeaderElection (LeaderElection.java:askForVotes(312)) - 6534404f-39f4-445c-b85e-518a348dbff3@group-B7DE03A6A590-LeaderElection2 ELECTION round 0: submit vote requests at term 1 for -1: peers:[6534404f-39f4-445c-b85e-518a348dbff3|rpc:10.1.1.43:42177|priority:1|startupRole:FOLLOWER]|listeners:[], old=null
2022-10-25 12:15:22,072 [6534404f-39f4-445c-b85e-518a348dbff3@group-B7DE03A6A590-LeaderElection2] INFO  impl.LeaderElection (LeaderElection.java:askForVotes(314)) - 6534404f-39f4-445c-b85e-518a348dbff3@group-B7DE03A6A590-LeaderElection2 ELECTION round 0: result PASSED (term=1)
2022-10-25 12:15:22,073 [6534404f-39f4-445c-b85e-518a348dbff3@group-B7DE03A6A590-LeaderElection2] INFO  impl.RoleInfo (RoleInfo.java:shutdownLeaderElection(130)) - 6534404f-39f4-445c-b85e-518a348dbff3: shutdown 6534404f-39f4-445c-b85e-518a348dbff3@group-B7DE03A6A590-LeaderElection2
2022-10-25 12:15:22,073 [6534404f-39f4-445c-b85e-518a348dbff3@group-B7DE03A6A590-LeaderElection2] INFO  server.RaftServer$Division (RaftServerImpl.java:setRole(321)) - 6534404f-39f4-445c-b85e-518a348dbff3@group-B7DE03A6A590: changes role from CANDIDATE to LEADER at term 1 for changeToLeader
2022-10-25 12:15:22,073 [6534404f-39f4-445c-b85e-518a348dbff3@group-B7DE03A6A590-LeaderElection2] INFO  ratis.XceiverServerRatis (XceiverServerRatis.java:handleLeaderChangedNotification(863)) - Leader change notification received for group: group-B7DE03A6A590 with new leaderId: 6534404f-39f4-445c-b85e-518a348dbff3
2022-10-25 12:15:22,073 [6534404f-39f4-445c-b85e-518a348dbff3@group-B7DE03A6A590-LeaderElection2] INFO  server.RaftServer$Division (ServerState.java:setLeader(313)) - 6534404f-39f4-445c-b85e-518a348dbff3@group-B7DE03A6A590: change Leader from null to 6534404f-39f4-445c-b85e-518a348dbff3 at term 1 for becomeLeader, leader elected after 5201ms
2022-10-25 12:15:22,073 [6534404f-39f4-445c-b85e-518a348dbff3@group-B7DE03A6A590-LeaderElection2] INFO  server.RaftServerConfigKeys (ConfUtils.java:logGet(46)) - raft.server.staging.catchup.gap = 1000 (default)
2022-10-25 12:15:22,074 [EventQueue-OpenPipelineForHealthyPipelineSafeModeRule] INFO  safemode.SCMSafeModeManager (HealthyPipelineSafeModeRule.java:process(137)) - SCM in safe mode. Healthy pipelines reported count is 0, required healthy pipeline reported count is 1
2022-10-25 12:15:22,075 [6534404f-39f4-445c-b85e-518a348dbff3@group-B7DE03A6A590-LeaderElection2] INFO  server.RaftServerConfigKeys (ConfUtils.java:logGet(46)) - raft.server.write.element-limit = 1024 (custom)
2022-10-25 12:15:22,075 [6534404f-39f4-445c-b85e-518a348dbff3@group-B7DE03A6A590-LeaderElection2] INFO  server.RaftServerConfigKeys (ConfUtils.java:logGet(46)) - raft.server.write.byte-limit = 1024 M (=1073741824) (custom)
2022-10-25 12:15:22,076 [6534404f-39f4-445c-b85e-518a348dbff3@group-B7DE03A6A590-LeaderElection2] INFO  server.RaftServerConfigKeys (ConfUtils.java:logGet(46)) - raft.server.watch.timeout = 180s (custom)
2022-10-25 12:15:22,076 [6534404f-39f4-445c-b85e-518a348dbff3@group-B7DE03A6A590-LeaderElection2] INFO  server.RaftServerConfigKeys (ConfUtils.java:logGet(46)) - raft.server.watch.timeout.denomination = 1s (default)
2022-10-25 12:15:22,076 [6534404f-39f4-445c-b85e-518a348dbff3@group-B7DE03A6A590-LeaderElection2] INFO  server.RaftServerConfigKeys (ConfUtils.java:logGet(46)) - raft.server.watch.element-limit = 65536 (default)
2022-10-25 12:15:22,076 [6534404f-39f4-445c-b85e-518a348dbff3@group-B7DE03A6A590-LeaderElection2] INFO  server.RaftServerConfigKeys (ConfUtils.java:logGet(46)) - raft.server.write.element-limit = 1024 (custom)
2022-10-25 12:15:22,076 [6534404f-39f4-445c-b85e-518a348dbff3@group-B7DE03A6A590-LeaderElection2] INFO  server.RaftServerConfigKeys (ConfUtils.java:logGet(46)) - raft.server.write.follower.gap.ratio.max = -1.0 (default)
2022-10-25 12:15:22,076 [6534404f-39f4-445c-b85e-518a348dbff3@group-B7DE03A6A590-LeaderElection2] INFO  impl.RoleInfo (RoleInfo.java:updateAndGet(139)) - 6534404f-39f4-445c-b85e-518a348dbff3: start 6534404f-39f4-445c-b85e-518a348dbff3@group-B7DE03A6A590-LeaderStateImpl
2022-10-25 12:15:22,076 [6534404f-39f4-445c-b85e-518a348dbff3@group-B7DE03A6A590-LeaderElection2] INFO  segmented.SegmentedRaftLogWorker (SegmentedRaftLogWorker.java:startLogSegment(452)) - 6534404f-39f4-445c-b85e-518a348dbff3@group-B7DE03A6A590-SegmentedRaftLogWorker: Starting segment from index:0
2022-10-25 12:15:22,078 [6534404f-39f4-445c-b85e-518a348dbff3@group-B7DE03A6A590-SegmentedRaftLogWorker] INFO  segmented.SegmentedRaftLogWorker (SegmentedRaftLogWorker.java:execute(656)) - 6534404f-39f4-445c-b85e-518a348dbff3@group-B7DE03A6A590-SegmentedRaftLogWorker: created new log segment /home/runner/work/ozone/ozone/hadoop-ozone/integration-test/target/test-dir/MiniOzoneClusterImpl-59fd4bbb-78e8-4c50-bd4e-19e5c7f0d0cd/datanode-0/data/ratis/7c679310-8af0-46af-9ef5-b7de03a6a590/current/log_inprogress_0
2022-10-25 12:15:22,079 [6534404f-39f4-445c-b85e-518a348dbff3@group-B7DE03A6A590-LeaderElection2] INFO  server.RaftServer$Division (ServerState.java:setRaftConf(430)) - 6534404f-39f4-445c-b85e-518a348dbff3@group-B7DE03A6A590: set configuration 0: peers:[6534404f-39f4-445c-b85e-518a348dbff3|rpc:10.1.1.43:42177|dataStream:|priority:1|startupRole:FOLLOWER]|listeners:[], old=null
2022-10-25 12:15:22,136 [6534404f-39f4-445c-b85e-518a348dbff3@group-C2A56A5A39AA-FollowerState] INFO  impl.FollowerState (FollowerState.java:run(143)) - 6534404f-39f4-445c-b85e-518a348dbff3@group-C2A56A5A39AA-FollowerState: change to CANDIDATE, lastRpcElapsedTime:5176681035ns, electionTimeout:5176ms
2022-10-25 12:15:22,138 [6534404f-39f4-445c-b85e-518a348dbff3@group-C2A56A5A39AA-FollowerState] INFO  impl.RoleInfo (RoleInfo.java:shutdownFollowerState(110)) - 6534404f-39f4-445c-b85e-518a348dbff3: shutdown 6534404f-39f4-445c-b85e-518a348dbff3@group-C2A56A5A39AA-FollowerState
2022-10-25 12:15:22,138 [6534404f-39f4-445c-b85e-518a348dbff3@group-C2A56A5A39AA-FollowerState] INFO  server.RaftServer$Division (RaftServerImpl.java:setRole(321)) - 6534404f-39f4-445c-b85e-518a348dbff3@group-C2A56A5A39AA: changes role from  FOLLOWER to CANDIDATE at term 0 for changeToCandidate
2022-10-25 12:15:22,138 [6534404f-39f4-445c-b85e-518a348dbff3@group-C2A56A5A39AA-FollowerState] INFO  server.RaftServerConfigKeys (ConfUtils.java:logGet(46)) - raft.server.leaderelection.pre-vote = false (custom)
2022-10-25 12:15:22,138 [6534404f-39f4-445c-b85e-518a348dbff3@group-C2A56A5A39AA-FollowerState] INFO  impl.RoleInfo (RoleInfo.java:updateAndGet(139)) - 6534404f-39f4-445c-b85e-518a348dbff3: start 6534404f-39f4-445c-b85e-518a348dbff3@group-C2A56A5A39AA-LeaderElection3
2022-10-25 12:15:22,142 [6534404f-39f4-445c-b85e-518a348dbff3@group-C2A56A5A39AA-LeaderElection3] INFO  impl.LeaderElection (LeaderElection.java:askForVotes(312)) - 6534404f-39f4-445c-b85e-518a348dbff3@group-C2A56A5A39AA-LeaderElection3 ELECTION round 0: submit vote requests at term 1 for -1: peers:[86658d9d-b609-4403-bc8a-bf059dbdbb67|rpc:10.1.1.43:34601|priority:0|startupRole:FOLLOWER, 0c76121b-7d6b-4708-9ae8-9ff4448060b7|rpc:10.1.1.43:35675|priority:1|startupRole:FOLLOWER, 6534404f-39f4-445c-b85e-518a348dbff3|rpc:10.1.1.43:42177|priority:0|startupRole:FOLLOWER]|listeners:[], old=null
2022-10-25 12:15:22,147 [6534404f-39f4-445c-b85e-518a348dbff3@group-C2A56A5A39AA-LeaderElection3-1] INFO  server.GrpcServerProtocolClient (GrpcServerProtocolClient.java:<init>(63)) - Build channel for 86658d9d-b609-4403-bc8a-bf059dbdbb67
2022-10-25 12:15:22,152 [6534404f-39f4-445c-b85e-518a348dbff3@group-C2A56A5A39AA-LeaderElection3] INFO  server.RaftServerConfigKeys (ConfUtils.java:logFallback(53)) - raft.server.rpc.first-election.timeout.min = 5s (fallback to raft.server.rpc.timeout.min)
2022-10-25 12:15:22,152 [6534404f-39f4-445c-b85e-518a348dbff3@group-C2A56A5A39AA-LeaderElection3] INFO  server.RaftServerConfigKeys (ConfUtils.java:logFallback(53)) - raft.server.rpc.first-election.timeout.max = 5200ms (fallback to raft.server.rpc.timeout.max)
2022-10-25 12:15:22,153 [6534404f-39f4-445c-b85e-518a348dbff3@group-C2A56A5A39AA-LeaderElection3-2] INFO  server.GrpcServerProtocolClient (GrpcServerProtocolClient.java:<init>(63)) - Build channel for 0c76121b-7d6b-4708-9ae8-9ff4448060b7
2022-10-25 12:15:22,171 [grpc-default-executor-0] INFO  server.RaftServer$Division (RaftServerImpl.java:requestVote(1218)) - 86658d9d-b609-4403-bc8a-bf059dbdbb67@group-C2A56A5A39AA: receive requestVote(ELECTION, 6534404f-39f4-445c-b85e-518a348dbff3, group-C2A56A5A39AA, 1, (t:0, i:0))
2022-10-25 12:15:22,174 [grpc-default-executor-0] INFO  impl.VoteContext (VoteContext.java:log(48)) - 86658d9d-b609-4403-bc8a-bf059dbdbb67@group-C2A56A5A39AA-FOLLOWER: accept ELECTION from 6534404f-39f4-445c-b85e-518a348dbff3: our priority 0 <= candidate's priority 0
2022-10-25 12:15:22,175 [grpc-default-executor-0] INFO  server.RaftServer$Division (RaftServerImpl.java:setRole(321)) - 86658d9d-b609-4403-bc8a-bf059dbdbb67@group-C2A56A5A39AA: changes role from  FOLLOWER to FOLLOWER at term 1 for candidate:6534404f-39f4-445c-b85e-518a348dbff3
2022-10-25 12:15:22,175 [grpc-default-executor-0] INFO  impl.RoleInfo (RoleInfo.java:shutdownFollowerState(110)) - 86658d9d-b609-4403-bc8a-bf059dbdbb67: shutdown 86658d9d-b609-4403-bc8a-bf059dbdbb67@group-C2A56A5A39AA-FollowerState
2022-10-25 12:15:22,175 [86658d9d-b609-4403-bc8a-bf059dbdbb67@group-C2A56A5A39AA-FollowerState] INFO  impl.FollowerState (FollowerState.java:run(152)) - 86658d9d-b609-4403-bc8a-bf059dbdbb67@group-C2A56A5A39AA-FollowerState was interrupted
2022-10-25 12:15:22,176 [grpc-default-executor-0] INFO  impl.RoleInfo (RoleInfo.java:updateAndGet(139)) - 86658d9d-b609-4403-bc8a-bf059dbdbb67: start 86658d9d-b609-4403-bc8a-bf059dbdbb67@group-C2A56A5A39AA-FollowerState
2022-10-25 12:15:22,179 [86658d9d-b609-4403-bc8a-bf059dbdbb67@group-C2A56A5A39AA-FollowerState] INFO  server.RaftServerConfigKeys (ConfUtils.java:logFallback(53)) - raft.server.rpc.first-election.timeout.min = 5s (fallback to raft.server.rpc.timeout.min)
2022-10-25 12:15:22,179 [86658d9d-b609-4403-bc8a-bf059dbdbb67@group-C2A56A5A39AA-FollowerState] INFO  server.RaftServerConfigKeys (ConfUtils.java:logFallback(53)) - raft.server.rpc.first-election.timeout.max = 5200ms (fallback to raft.server.rpc.timeout.max)
2022-10-25 12:15:22,184 [grpc-default-executor-0] INFO  server.RaftServer$Division (RaftServerImpl.java:requestVote(1251)) - 86658d9d-b609-4403-bc8a-bf059dbdbb67@group-C2A56A5A39AA replies to ELECTION vote request: 6534404f-39f4-445c-b85e-518a348dbff3<-86658d9d-b609-4403-bc8a-bf059dbdbb67#0:OK-t1. Peer's state: 86658d9d-b609-4403-bc8a-bf059dbdbb67@group-C2A56A5A39AA:t1, leader=null, voted=6534404f-39f4-445c-b85e-518a348dbff3, raftlog=Memoized:86658d9d-b609-4403-bc8a-bf059dbdbb67@group-C2A56A5A39AA-SegmentedRaftLog:OPENED:c-1, conf=-1: peers:[86658d9d-b609-4403-bc8a-bf059dbdbb67|rpc:10.1.1.43:34601|priority:0|startupRole:FOLLOWER, 0c76121b-7d6b-4708-9ae8-9ff4448060b7|rpc:10.1.1.43:35675|priority:1|startupRole:FOLLOWER, 6534404f-39f4-445c-b85e-518a348dbff3|rpc:10.1.1.43:42177|priority:0|startupRole:FOLLOWER]|listeners:[], old=null
2022-10-25 12:15:22,186 [grpc-default-executor-1] INFO  server.RaftServer$Division (RaftServerImpl.java:requestVote(1218)) - 0c76121b-7d6b-4708-9ae8-9ff4448060b7@group-C2A56A5A39AA: receive requestVote(ELECTION, 6534404f-39f4-445c-b85e-518a348dbff3, group-C2A56A5A39AA, 1, (t:0, i:0))
2022-10-25 12:15:22,187 [grpc-default-executor-1] INFO  impl.VoteContext (VoteContext.java:log(48)) - 0c76121b-7d6b-4708-9ae8-9ff4448060b7@group-C2A56A5A39AA-FOLLOWER: reject ELECTION from 6534404f-39f4-445c-b85e-518a348dbff3: our priority 1 > candidate's priority 0
2022-10-25 12:15:22,187 [grpc-default-executor-1] INFO  server.RaftServer$Division (RaftServerImpl.java:setRole(321)) - 0c76121b-7d6b-4708-9ae8-9ff4448060b7@group-C2A56A5A39AA: changes role from  FOLLOWER to FOLLOWER at term 1 for candidate:6534404f-39f4-445c-b85e-518a348dbff3
2022-10-25 12:15:22,187 [grpc-default-executor-1] INFO  impl.RoleInfo (RoleInfo.java:shutdownFollowerState(110)) - 0c76121b-7d6b-4708-9ae8-9ff4448060b7: shutdown 0c76121b-7d6b-4708-9ae8-9ff4448060b7@group-C2A56A5A39AA-FollowerState
2022-10-25 12:15:22,188 [grpc-default-executor-1] INFO  impl.RoleInfo (RoleInfo.java:updateAndGet(139)) - 0c76121b-7d6b-4708-9ae8-9ff4448060b7: start 0c76121b-7d6b-4708-9ae8-9ff4448060b7@group-C2A56A5A39AA-FollowerState
2022-10-25 12:15:22,188 [0c76121b-7d6b-4708-9ae8-9ff4448060b7@group-C2A56A5A39AA-FollowerState] INFO  impl.FollowerState (FollowerState.java:run(152)) - 0c76121b-7d6b-4708-9ae8-9ff4448060b7@group-C2A56A5A39AA-FollowerState was interrupted
2022-10-25 12:15:22,194 [grpc-default-executor-1] INFO  server.RaftServer$Division (RaftServerImpl.java:requestVote(1251)) - 0c76121b-7d6b-4708-9ae8-9ff4448060b7@group-C2A56A5A39AA replies to ELECTION vote request: 6534404f-39f4-445c-b85e-518a348dbff3<-0c76121b-7d6b-4708-9ae8-9ff4448060b7#0:FAIL-t1. Peer's state: 0c76121b-7d6b-4708-9ae8-9ff4448060b7@group-C2A56A5A39AA:t1, leader=null, voted=null, raftlog=Memoized:0c76121b-7d6b-4708-9ae8-9ff4448060b7@group-C2A56A5A39AA-SegmentedRaftLog:OPENED:c-1, conf=-1: peers:[86658d9d-b609-4403-bc8a-bf059dbdbb67|rpc:10.1.1.43:34601|dataStream:|priority:0|startupRole:FOLLOWER, 0c76121b-7d6b-4708-9ae8-9ff4448060b7|rpc:10.1.1.43:35675|dataStream:|priority:1|startupRole:FOLLOWER, 6534404f-39f4-445c-b85e-518a348dbff3|rpc:10.1.1.43:42177|dataStream:|priority:0|startupRole:FOLLOWER]|listeners:[], old=null
2022-10-25 12:15:22,194 [0c76121b-7d6b-4708-9ae8-9ff4448060b7@group-C2A56A5A39AA-FollowerState] INFO  server.RaftServerConfigKeys (ConfUtils.java:logFallback(53)) - raft.server.rpc.first-election.timeout.min = 5s (fallback to raft.server.rpc.timeout.min)
2022-10-25 12:15:22,195 [0c76121b-7d6b-4708-9ae8-9ff4448060b7@group-C2A56A5A39AA-FollowerState] INFO  server.RaftServerConfigKeys (ConfUtils.java:logFallback(53)) - raft.server.rpc.first-election.timeout.max = 5200ms (fallback to raft.server.rpc.timeout.max)
2022-10-25 12:15:22,196 [6534404f-39f4-445c-b85e-518a348dbff3@group-C2A56A5A39AA-LeaderElection3] INFO  impl.LeaderElection (LeaderElection.java:logAndReturn(90)) - 6534404f-39f4-445c-b85e-518a348dbff3@group-C2A56A5A39AA-LeaderElection3: ELECTION REJECTED received 2 response(s) and 0 exception(s):
2022-10-25 12:15:22,197 [6534404f-39f4-445c-b85e-518a348dbff3@group-C2A56A5A39AA-LeaderElection3] INFO  impl.LeaderElection (LeaderElection.java:logAndReturn(94)) -   Response 0: 6534404f-39f4-445c-b85e-518a348dbff3<-86658d9d-b609-4403-bc8a-bf059dbdbb67#0:OK-t1
2022-10-25 12:15:22,197 [6534404f-39f4-445c-b85e-518a348dbff3@group-C2A56A5A39AA-LeaderElection3] INFO  impl.LeaderElection (LeaderElection.java:logAndReturn(94)) -   Response 1: 6534404f-39f4-445c-b85e-518a348dbff3<-0c76121b-7d6b-4708-9ae8-9ff4448060b7#0:FAIL-t1
2022-10-25 12:15:22,197 [6534404f-39f4-445c-b85e-518a348dbff3@group-C2A56A5A39AA-LeaderElection3] INFO  impl.LeaderElection (LeaderElection.java:askForVotes(314)) - 6534404f-39f4-445c-b85e-518a348dbff3@group-C2A56A5A39AA-LeaderElection3 ELECTION round 0: result REJECTED
2022-10-25 12:15:22,197 [6534404f-39f4-445c-b85e-518a348dbff3@group-C2A56A5A39AA-LeaderElection3] INFO  server.RaftServer$Division (RaftServerImpl.java:setRole(321)) - 6534404f-39f4-445c-b85e-518a348dbff3@group-C2A56A5A39AA: changes role from CANDIDATE to FOLLOWER at term 1 for REJECTED
2022-10-25 12:15:22,197 [6534404f-39f4-445c-b85e-518a348dbff3@group-C2A56A5A39AA-LeaderElection3] INFO  impl.RoleInfo (RoleInfo.java:shutdownLeaderElection(130)) - 6534404f-39f4-445c-b85e-518a348dbff3: shutdown 6534404f-39f4-445c-b85e-518a348dbff3@group-C2A56A5A39AA-LeaderElection3
2022-10-25 12:15:22,197 [6534404f-39f4-445c-b85e-518a348dbff3@group-C2A56A5A39AA-LeaderElection3] INFO  impl.RoleInfo (RoleInfo.java:updateAndGet(139)) - 6534404f-39f4-445c-b85e-518a348dbff3: start 6534404f-39f4-445c-b85e-518a348dbff3@group-C2A56A5A39AA-FollowerState
2022-10-25 12:15:22,202 [6534404f-39f4-445c-b85e-518a348dbff3@group-C2A56A5A39AA-FollowerState] INFO  server.RaftServerConfigKeys (ConfUtils.java:logFallback(53)) - raft.server.rpc.first-election.timeout.min = 5s (fallback to raft.server.rpc.timeout.min)
2022-10-25 12:15:22,203 [6534404f-39f4-445c-b85e-518a348dbff3@group-C2A56A5A39AA-FollowerState] INFO  server.RaftServerConfigKeys (ConfUtils.java:logFallback(53)) - raft.server.rpc.first-election.timeout.max = 5200ms (fallback to raft.server.rpc.timeout.max)
2022-10-25 12:15:22,564 [86658d9d-b609-4403-bc8a-bf059dbdbb67@group-E4515EC9A960-FollowerState] INFO  impl.FollowerState (FollowerState.java:run(143)) - 86658d9d-b609-4403-bc8a-bf059dbdbb67@group-E4515EC9A960-FollowerState: change to CANDIDATE, lastRpcElapsedTime:5013470221ns, electionTimeout:5005ms
2022-10-25 12:15:22,564 [86658d9d-b609-4403-bc8a-bf059dbdbb67@group-E4515EC9A960-FollowerState] INFO  impl.RoleInfo (RoleInfo.java:shutdownFollowerState(110)) - 86658d9d-b609-4403-bc8a-bf059dbdbb67: shutdown 86658d9d-b609-4403-bc8a-bf059dbdbb67@group-E4515EC9A960-FollowerState
2022-10-25 12:15:22,565 [86658d9d-b609-4403-bc8a-bf059dbdbb67@group-E4515EC9A960-FollowerState] INFO  server.RaftServer$Division (RaftServerImpl.java:setRole(321)) - 86658d9d-b609-4403-bc8a-bf059dbdbb67@group-E4515EC9A960: changes role from  FOLLOWER to CANDIDATE at term 0 for changeToCandidate
2022-10-25 12:15:22,569 [86658d9d-b609-4403-bc8a-bf059dbdbb67@group-E4515EC9A960-FollowerState] INFO  server.RaftServerConfigKeys (ConfUtils.java:logGet(46)) - raft.server.leaderelection.pre-vote = false (custom)
2022-10-25 12:15:22,569 [86658d9d-b609-4403-bc8a-bf059dbdbb67@group-E4515EC9A960-FollowerState] INFO  impl.RoleInfo (RoleInfo.java:updateAndGet(139)) - 86658d9d-b609-4403-bc8a-bf059dbdbb67: start 86658d9d-b609-4403-bc8a-bf059dbdbb67@group-E4515EC9A960-LeaderElection4
2022-10-25 12:15:22,572 [86658d9d-b609-4403-bc8a-bf059dbdbb67@group-E4515EC9A960-LeaderElection4] INFO  impl.LeaderElection (LeaderElection.java:askForVotes(312)) - 86658d9d-b609-4403-bc8a-bf059dbdbb67@group-E4515EC9A960-LeaderElection4 ELECTION round 0: submit vote requests at term 1 for -1: peers:[86658d9d-b609-4403-bc8a-bf059dbdbb67|rpc:10.1.1.43:34601|priority:1|startupRole:FOLLOWER]|listeners:[], old=null
2022-10-25 12:15:22,572 [86658d9d-b609-4403-bc8a-bf059dbdbb67@group-E4515EC9A960-LeaderElection4] INFO  impl.LeaderElection (LeaderElection.java:askForVotes(314)) - 86658d9d-b609-4403-bc8a-bf059dbdbb67@group-E4515EC9A960-LeaderElection4 ELECTION round 0: result PASSED (term=1)
2022-10-25 12:15:22,572 [86658d9d-b609-4403-bc8a-bf059dbdbb67@group-E4515EC9A960-LeaderElection4] INFO  impl.RoleInfo (RoleInfo.java:shutdownLeaderElection(130)) - 86658d9d-b609-4403-bc8a-bf059dbdbb67: shutdown 86658d9d-b609-4403-bc8a-bf059dbdbb67@group-E4515EC9A960-LeaderElection4
2022-10-25 12:15:22,572 [86658d9d-b609-4403-bc8a-bf059dbdbb67@group-E4515EC9A960-LeaderElection4] INFO  server.RaftServer$Division (RaftServerImpl.java:setRole(321)) - 86658d9d-b609-4403-bc8a-bf059dbdbb67@group-E4515EC9A960: changes role from CANDIDATE to LEADER at term 1 for changeToLeader
2022-10-25 12:15:22,573 [86658d9d-b609-4403-bc8a-bf059dbdbb67@group-E4515EC9A960-LeaderElection4] INFO  ratis.XceiverServerRatis (XceiverServerRatis.java:handleLeaderChangedNotification(863)) - Leader change notification received for group: group-E4515EC9A960 with new leaderId: 86658d9d-b609-4403-bc8a-bf059dbdbb67
2022-10-25 12:15:22,573 [86658d9d-b609-4403-bc8a-bf059dbdbb67@group-E4515EC9A960-LeaderElection4] INFO  server.RaftServer$Division (ServerState.java:setLeader(313)) - 86658d9d-b609-4403-bc8a-bf059dbdbb67@group-E4515EC9A960: change Leader from null to 86658d9d-b609-4403-bc8a-bf059dbdbb67 at term 1 for becomeLeader, leader elected after 5056ms
2022-10-25 12:15:22,573 [86658d9d-b609-4403-bc8a-bf059dbdbb67@group-E4515EC9A960-LeaderElection4] INFO  server.RaftServerConfigKeys (ConfUtils.java:logGet(46)) - raft.server.staging.catchup.gap = 1000 (default)
2022-10-25 12:15:22,573 [86658d9d-b609-4403-bc8a-bf059dbdbb67@group-E4515EC9A960-LeaderElection4] INFO  server.RaftServerConfigKeys (ConfUtils.java:logGet(46)) - raft.server.write.element-limit = 1024 (custom)
2022-10-25 12:15:22,573 [86658d9d-b609-4403-bc8a-bf059dbdbb67@group-E4515EC9A960-LeaderElection4] INFO  server.RaftServerConfigKeys (ConfUtils.java:logGet(46)) - raft.server.write.byte-limit = 1024 M (=1073741824) (custom)
2022-10-25 12:15:22,575 [EventQueue-OpenPipelineForHealthyPipelineSafeModeRule] INFO  safemode.SCMSafeModeManager (HealthyPipelineSafeModeRule.java:process(137)) - SCM in safe mode. Healthy pipelines reported count is 0, required healthy pipeline reported count is 1
2022-10-25 12:15:22,575 [86658d9d-b609-4403-bc8a-bf059dbdbb67@group-E4515EC9A960-LeaderElection4] INFO  server.RaftServerConfigKeys (ConfUtils.java:logGet(46)) - raft.server.watch.timeout = 180s (custom)
2022-10-25 12:15:22,576 [86658d9d-b609-4403-bc8a-bf059dbdbb67@group-E4515EC9A960-LeaderElection4] INFO  server.RaftServerConfigKeys (ConfUtils.java:logGet(46)) - raft.server.watch.timeout.denomination = 1s (default)
2022-10-25 12:15:22,576 [86658d9d-b609-4403-bc8a-bf059dbdbb67@group-E4515EC9A960-LeaderElection4] INFO  server.RaftServerConfigKeys (ConfUtils.java:logGet(46)) - raft.server.watch.element-limit = 65536 (default)
2022-10-25 12:15:22,576 [86658d9d-b609-4403-bc8a-bf059dbdbb67@group-E4515EC9A960-LeaderElection4] INFO  server.RaftServerConfigKeys (ConfUtils.java:logGet(46)) - raft.server.write.element-limit = 1024 (custom)
2022-10-25 12:15:22,576 [86658d9d-b609-4403-bc8a-bf059dbdbb67@group-E4515EC9A960-LeaderElection4] INFO  server.RaftServerConfigKeys (ConfUtils.java:logGet(46)) - raft.server.write.follower.gap.ratio.max = -1.0 (default)
2022-10-25 12:15:22,576 [86658d9d-b609-4403-bc8a-bf059dbdbb67@group-E4515EC9A960-LeaderElection4] INFO  impl.RoleInfo (RoleInfo.java:updateAndGet(139)) - 86658d9d-b609-4403-bc8a-bf059dbdbb67: start 86658d9d-b609-4403-bc8a-bf059dbdbb67@group-E4515EC9A960-LeaderStateImpl
2022-10-25 12:15:22,576 [86658d9d-b609-4403-bc8a-bf059dbdbb67@group-E4515EC9A960-LeaderElection4] INFO  segmented.SegmentedRaftLogWorker (SegmentedRaftLogWorker.java:startLogSegment(452)) - 86658d9d-b609-4403-bc8a-bf059dbdbb67@group-E4515EC9A960-SegmentedRaftLogWorker: Starting segment from index:0
2022-10-25 12:15:22,576 [Listener at 127.0.0.1/33161] INFO  ozone.MiniOzoneClusterImpl (MiniOzoneClusterImpl.java:lambda$waitForClusterToBeReady$0(216)) - Nodes are ready. Got 10 of 10 DN Heartbeats.
2022-10-25 12:15:22,577 [Listener at 127.0.0.1/33161] INFO  ozone.MiniOzoneClusterImpl (MiniOzoneClusterImpl.java:lambda$waitForClusterToBeReady$0(219)) - Waiting for cluster to exit safe mode
2022-10-25 12:15:22,577 [Listener at 127.0.0.1/33161] INFO  ozone.MiniOzoneClusterImpl (MiniOzoneClusterImpl.java:lambda$waitForClusterToBeReady$0(221)) - SCM became leader
2022-10-25 12:15:22,582 [86658d9d-b609-4403-bc8a-bf059dbdbb67@group-E4515EC9A960-LeaderElection4] INFO  server.RaftServer$Division (ServerState.java:setRaftConf(430)) - 86658d9d-b609-4403-bc8a-bf059dbdbb67@group-E4515EC9A960: set configuration 0: peers:[86658d9d-b609-4403-bc8a-bf059dbdbb67|rpc:10.1.1.43:34601|dataStream:|priority:1|startupRole:FOLLOWER]|listeners:[], old=null
2022-10-25 12:15:22,582 [86658d9d-b609-4403-bc8a-bf059dbdbb67@group-E4515EC9A960-SegmentedRaftLogWorker] INFO  segmented.SegmentedRaftLogWorker (SegmentedRaftLogWorker.java:execute(656)) - 86658d9d-b609-4403-bc8a-bf059dbdbb67@group-E4515EC9A960-SegmentedRaftLogWorker: created new log segment /home/runner/work/ozone/ozone/hadoop-ozone/integration-test/target/test-dir/MiniOzoneClusterImpl-59fd4bbb-78e8-4c50-bd4e-19e5c7f0d0cd/datanode-1/data/ratis/ce12fa4a-d381-4e3e-8ed5-e4515ec9a960/current/log_inprogress_0
2022-10-25 12:15:22,945 [0c76121b-7d6b-4708-9ae8-9ff4448060b7@group-CE71C629F99F-FollowerState] INFO  impl.FollowerState (FollowerState.java:run(143)) - 0c76121b-7d6b-4708-9ae8-9ff4448060b7@group-CE71C629F99F-FollowerState: change to CANDIDATE, lastRpcElapsedTime:5070043734ns, electionTimeout:5053ms
2022-10-25 12:15:22,946 [0c76121b-7d6b-4708-9ae8-9ff4448060b7@group-CE71C629F99F-FollowerState] INFO  impl.RoleInfo (RoleInfo.java:shutdownFollowerState(110)) - 0c76121b-7d6b-4708-9ae8-9ff4448060b7: shutdown 0c76121b-7d6b-4708-9ae8-9ff4448060b7@group-CE71C629F99F-FollowerState
2022-10-25 12:15:22,946 [0c76121b-7d6b-4708-9ae8-9ff4448060b7@group-CE71C629F99F-FollowerState] INFO  server.RaftServer$Division (RaftServerImpl.java:setRole(321)) - 0c76121b-7d6b-4708-9ae8-9ff4448060b7@group-CE71C629F99F: changes role from  FOLLOWER to CANDIDATE at term 0 for changeToCandidate
2022-10-25 12:15:22,946 [0c76121b-7d6b-4708-9ae8-9ff4448060b7@group-CE71C629F99F-FollowerState] INFO  server.RaftServerConfigKeys (ConfUtils.java:logGet(46)) - raft.server.leaderelection.pre-vote = false (custom)
2022-10-25 12:15:22,946 [0c76121b-7d6b-4708-9ae8-9ff4448060b7@group-CE71C629F99F-FollowerState] INFO  impl.RoleInfo (RoleInfo.java:updateAndGet(139)) - 0c76121b-7d6b-4708-9ae8-9ff4448060b7: start 0c76121b-7d6b-4708-9ae8-9ff4448060b7@group-CE71C629F99F-LeaderElection5
2022-10-25 12:15:22,950 [0c76121b-7d6b-4708-9ae8-9ff4448060b7@group-CE71C629F99F-LeaderElection5] INFO  impl.LeaderElection (LeaderElection.java:askForVotes(312)) - 0c76121b-7d6b-4708-9ae8-9ff4448060b7@group-CE71C629F99F-LeaderElection5 ELECTION round 0: submit vote requests at term 1 for -1: peers:[86658d9d-b609-4403-bc8a-bf059dbdbb67|rpc:10.1.1.43:34601|dataStream:|priority:1|startupRole:FOLLOWER, 0c76121b-7d6b-4708-9ae8-9ff4448060b7|rpc:10.1.1.43:35675|dataStream:|priority:0|startupRole:FOLLOWER, 6534404f-39f4-445c-b85e-518a348dbff3|rpc:10.1.1.43:42177|dataStream:|priority:0|startupRole:FOLLOWER]|listeners:[], old=null
2022-10-25 12:15:22,951 [0c76121b-7d6b-4708-9ae8-9ff4448060b7@group-CE71C629F99F-LeaderElection5-1] INFO  server.GrpcServerProtocolClient (GrpcServerProtocolClient.java:<init>(63)) - Build channel for 86658d9d-b609-4403-bc8a-bf059dbdbb67
2022-10-25 12:15:22,954 [0c76121b-7d6b-4708-9ae8-9ff4448060b7@group-CE71C629F99F-LeaderElection5] INFO  server.RaftServerConfigKeys (ConfUtils.java:logFallback(53)) - raft.server.rpc.first-election.timeout.min = 5s (fallback to raft.server.rpc.timeout.min)
2022-10-25 12:15:22,954 [0c76121b-7d6b-4708-9ae8-9ff4448060b7@group-CE71C629F99F-LeaderElection5] INFO  server.RaftServerConfigKeys (ConfUtils.java:logFallback(53)) - raft.server.rpc.first-election.timeout.max = 5200ms (fallback to raft.server.rpc.timeout.max)
2022-10-25 12:15:22,960 [0c76121b-7d6b-4708-9ae8-9ff4448060b7@group-CE71C629F99F-LeaderElection5-2] INFO  server.GrpcServerProtocolClient (GrpcServerProtocolClient.java:<init>(63)) - Build channel for 6534404f-39f4-445c-b85e-518a348dbff3
2022-10-25 12:15:22,963 [grpc-default-executor-0] INFO  server.RaftServer$Division (RaftServerImpl.java:requestVote(1218)) - 86658d9d-b609-4403-bc8a-bf059dbdbb67@group-CE71C629F99F: receive requestVote(ELECTION, 0c76121b-7d6b-4708-9ae8-9ff4448060b7, group-CE71C629F99F, 1, (t:0, i:0))
2022-10-25 12:15:22,963 [grpc-default-executor-0] INFO  impl.VoteContext (VoteContext.java:log(48)) - 86658d9d-b609-4403-bc8a-bf059dbdbb67@group-CE71C629F99F-FOLLOWER: reject ELECTION from 0c76121b-7d6b-4708-9ae8-9ff4448060b7: our priority 1 > candidate's priority 0
2022-10-25 12:15:22,963 [grpc-default-executor-0] INFO  server.RaftServer$Division (RaftServerImpl.java:setRole(321)) - 86658d9d-b609-4403-bc8a-bf059dbdbb67@group-CE71C629F99F: changes role from  FOLLOWER to FOLLOWER at term 1 for candidate:0c76121b-7d6b-4708-9ae8-9ff4448060b7
2022-10-25 12:15:22,963 [grpc-default-executor-0] INFO  impl.RoleInfo (RoleInfo.java:shutdownFollowerState(110)) - 86658d9d-b609-4403-bc8a-bf059dbdbb67: shutdown 86658d9d-b609-4403-bc8a-bf059dbdbb67@group-CE71C629F99F-FollowerState
2022-10-25 12:15:22,963 [grpc-default-executor-0] INFO  impl.RoleInfo (RoleInfo.java:updateAndGet(139)) - 86658d9d-b609-4403-bc8a-bf059dbdbb67: start 86658d9d-b609-4403-bc8a-bf059dbdbb67@group-CE71C629F99F-FollowerState
2022-10-25 12:15:22,963 [86658d9d-b609-4403-bc8a-bf059dbdbb67@group-CE71C629F99F-FollowerState] INFO  impl.FollowerState (FollowerState.java:run(152)) - 86658d9d-b609-4403-bc8a-bf059dbdbb67@group-CE71C629F99F-FollowerState was interrupted
2022-10-25 12:15:22,964 [6534404f-39f4-445c-b85e-518a348dbff3@group-CE71C629F99F-FollowerState] INFO  impl.FollowerState (FollowerState.java:run(143)) - 6534404f-39f4-445c-b85e-518a348dbff3@group-CE71C629F99F-FollowerState: change to CANDIDATE, lastRpcElapsedTime:5152113501ns, electionTimeout:5141ms
2022-10-25 12:15:22,964 [6534404f-39f4-445c-b85e-518a348dbff3@group-CE71C629F99F-FollowerState] INFO  impl.RoleInfo (RoleInfo.java:shutdownFollowerState(110)) - 6534404f-39f4-445c-b85e-518a348dbff3: shutdown 6534404f-39f4-445c-b85e-518a348dbff3@group-CE71C629F99F-FollowerState
2022-10-25 12:15:22,964 [6534404f-39f4-445c-b85e-518a348dbff3@group-CE71C629F99F-FollowerState] INFO  server.RaftServer$Division (RaftServerImpl.java:setRole(321)) - 6534404f-39f4-445c-b85e-518a348dbff3@group-CE71C629F99F: changes role from  FOLLOWER to CANDIDATE at term 0 for changeToCandidate
2022-10-25 12:15:22,964 [6534404f-39f4-445c-b85e-518a348dbff3@group-CE71C629F99F-FollowerState] INFO  server.RaftServerConfigKeys (ConfUtils.java:logGet(46)) - raft.server.leaderelection.pre-vote = false (custom)
2022-10-25 12:15:22,964 [6534404f-39f4-445c-b85e-518a348dbff3@group-CE71C629F99F-FollowerState] INFO  impl.RoleInfo (RoleInfo.java:updateAndGet(139)) - 6534404f-39f4-445c-b85e-518a348dbff3: start 6534404f-39f4-445c-b85e-518a348dbff3@group-CE71C629F99F-LeaderElection6
2022-10-25 12:15:22,965 [86658d9d-b609-4403-bc8a-bf059dbdbb67@group-CE71C629F99F-FollowerState] INFO  server.RaftServerConfigKeys (ConfUtils.java:logFallback(53)) - raft.server.rpc.first-election.timeout.min = 5s (fallback to raft.server.rpc.timeout.min)
2022-10-25 12:15:22,965 [86658d9d-b609-4403-bc8a-bf059dbdbb67@group-CE71C629F99F-FollowerState] INFO  server.RaftServerConfigKeys (ConfUtils.java:logFallback(53)) - raft.server.rpc.first-election.timeout.max = 5200ms (fallback to raft.server.rpc.timeout.max)
2022-10-25 12:15:22,970 [grpc-default-executor-0] INFO  server.RaftServer$Division (RaftServerImpl.java:requestVote(1251)) - 86658d9d-b609-4403-bc8a-bf059dbdbb67@group-CE71C629F99F replies to ELECTION vote request: 0c76121b-7d6b-4708-9ae8-9ff4448060b7<-86658d9d-b609-4403-bc8a-bf059dbdbb67#0:FAIL-t1. Peer's state: 86658d9d-b609-4403-bc8a-bf059dbdbb67@group-CE71C629F99F:t1, leader=null, voted=null, raftlog=Memoized:86658d9d-b609-4403-bc8a-bf059dbdbb67@group-CE71C629F99F-SegmentedRaftLog:OPENED:c-1, conf=-1: peers:[86658d9d-b609-4403-bc8a-bf059dbdbb67|rpc:10.1.1.43:34601|priority:1|startupRole:FOLLOWER, 0c76121b-7d6b-4708-9ae8-9ff4448060b7|rpc:10.1.1.43:35675|priority:0|startupRole:FOLLOWER, 6534404f-39f4-445c-b85e-518a348dbff3|rpc:10.1.1.43:42177|priority:0|startupRole:FOLLOWER]|listeners:[], old=null
2022-10-25 12:15:22,975 [0c76121b-7d6b-4708-9ae8-9ff4448060b7@group-CE71C629F99F-LeaderElection5] INFO  impl.LeaderElection (LeaderElection.java:logAndReturn(90)) - 0c76121b-7d6b-4708-9ae8-9ff4448060b7@group-CE71C629F99F-LeaderElection5: ELECTION REJECTED received 1 response(s) and 0 exception(s):
2022-10-25 12:15:22,975 [0c76121b-7d6b-4708-9ae8-9ff4448060b7@group-CE71C629F99F-LeaderElection5] INFO  impl.LeaderElection (LeaderElection.java:logAndReturn(94)) -   Response 0: 0c76121b-7d6b-4708-9ae8-9ff4448060b7<-86658d9d-b609-4403-bc8a-bf059dbdbb67#0:FAIL-t1
2022-10-25 12:15:22,975 [0c76121b-7d6b-4708-9ae8-9ff4448060b7@group-CE71C629F99F-LeaderElection5] INFO  impl.LeaderElection (LeaderElection.java:askForVotes(314)) - 0c76121b-7d6b-4708-9ae8-9ff4448060b7@group-CE71C629F99F-LeaderElection5 ELECTION round 0: result REJECTED
2022-10-25 12:15:22,976 [0c76121b-7d6b-4708-9ae8-9ff4448060b7@group-CE71C629F99F-LeaderElection5] INFO  server.RaftServer$Division (RaftServerImpl.java:setRole(321)) - 0c76121b-7d6b-4708-9ae8-9ff4448060b7@group-CE71C629F99F: changes role from CANDIDATE to FOLLOWER at term 1 for REJECTED
2022-10-25 12:15:22,976 [0c76121b-7d6b-4708-9ae8-9ff4448060b7@group-CE71C629F99F-LeaderElection5] INFO  impl.RoleInfo (RoleInfo.java:shutdownLeaderElection(130)) - 0c76121b-7d6b-4708-9ae8-9ff4448060b7: shutdown 0c76121b-7d6b-4708-9ae8-9ff4448060b7@group-CE71C629F99F-LeaderElection5
2022-10-25 12:15:22,976 [0c76121b-7d6b-4708-9ae8-9ff4448060b7@group-CE71C629F99F-LeaderElection5] INFO  impl.RoleInfo (RoleInfo.java:updateAndGet(139)) - 0c76121b-7d6b-4708-9ae8-9ff4448060b7: start 0c76121b-7d6b-4708-9ae8-9ff4448060b7@group-CE71C629F99F-FollowerState
2022-10-25 12:15:22,978 [0c76121b-7d6b-4708-9ae8-9ff4448060b7@group-CE71C629F99F-FollowerState] INFO  server.RaftServerConfigKeys (ConfUtils.java:logFallback(53)) - raft.server.rpc.first-election.timeout.min = 5s (fallback to raft.server.rpc.timeout.min)
2022-10-25 12:15:22,978 [0c76121b-7d6b-4708-9ae8-9ff4448060b7@group-CE71C629F99F-FollowerState] INFO  server.RaftServerConfigKeys (ConfUtils.java:logFallback(53)) - raft.server.rpc.first-election.timeout.max = 5200ms (fallback to raft.server.rpc.timeout.max)
2022-10-25 12:15:22,979 [6534404f-39f4-445c-b85e-518a348dbff3@group-CE71C629F99F-LeaderElection6] INFO  impl.LeaderElection (LeaderElection.java:askForVotes(312)) - 6534404f-39f4-445c-b85e-518a348dbff3@group-CE71C629F99F-LeaderElection6 ELECTION round 0: submit vote requests at term 1 for -1: peers:[86658d9d-b609-4403-bc8a-bf059dbdbb67|rpc:10.1.1.43:34601|priority:1|startupRole:FOLLOWER, 0c76121b-7d6b-4708-9ae8-9ff4448060b7|rpc:10.1.1.43:35675|priority:0|startupRole:FOLLOWER, 6534404f-39f4-445c-b85e-518a348dbff3|rpc:10.1.1.43:42177|priority:0|startupRole:FOLLOWER]|listeners:[], old=null
2022-10-25 12:15:22,985 [grpc-default-executor-1] INFO  server.RaftServer$Division (RaftServerImpl.java:requestVote(1218)) - 6534404f-39f4-445c-b85e-518a348dbff3@group-CE71C629F99F: receive requestVote(ELECTION, 0c76121b-7d6b-4708-9ae8-9ff4448060b7, group-CE71C629F99F, 1, (t:0, i:0))
2022-10-25 12:15:22,985 [grpc-default-executor-1] INFO  impl.VoteContext (VoteContext.java:log(48)) - 6534404f-39f4-445c-b85e-518a348dbff3@group-CE71C629F99F-CANDIDATE: reject ELECTION from 0c76121b-7d6b-4708-9ae8-9ff4448060b7: already has voted for 6534404f-39f4-445c-b85e-518a348dbff3 at current term 1
2022-10-25 12:15:22,985 [6534404f-39f4-445c-b85e-518a348dbff3@group-CE71C629F99F-LeaderElection6] INFO  server.RaftServerConfigKeys (ConfUtils.java:logFallback(53)) - raft.server.rpc.first-election.timeout.min = 5s (fallback to raft.server.rpc.timeout.min)
2022-10-25 12:15:22,985 [grpc-default-executor-1] INFO  server.RaftServer$Division (RaftServerImpl.java:requestVote(1251)) - 6534404f-39f4-445c-b85e-518a348dbff3@group-CE71C629F99F replies to ELECTION vote request: 0c76121b-7d6b-4708-9ae8-9ff4448060b7<-6534404f-39f4-445c-b85e-518a348dbff3#0:FAIL-t1. Peer's state: 6534404f-39f4-445c-b85e-518a348dbff3@group-CE71C629F99F:t1, leader=null, voted=6534404f-39f4-445c-b85e-518a348dbff3, raftlog=Memoized:6534404f-39f4-445c-b85e-518a348dbff3@group-CE71C629F99F-SegmentedRaftLog:OPENED:c-1, conf=-1: peers:[86658d9d-b609-4403-bc8a-bf059dbdbb67|rpc:10.1.1.43:34601|priority:1|startupRole:FOLLOWER, 0c76121b-7d6b-4708-9ae8-9ff4448060b7|rpc:10.1.1.43:35675|priority:0|startupRole:FOLLOWER, 6534404f-39f4-445c-b85e-518a348dbff3|rpc:10.1.1.43:42177|priority:0|startupRole:FOLLOWER]|listeners:[], old=null
2022-10-25 12:15:22,986 [0c76121b-7d6b-4708-9ae8-9ff4448060b7@group-76FCB2189D15-FollowerState] INFO  impl.FollowerState (FollowerState.java:run(143)) - 0c76121b-7d6b-4708-9ae8-9ff4448060b7@group-76FCB2189D15-FollowerState: change to CANDIDATE, lastRpcElapsedTime:5061532452ns, electionTimeout:5055ms
2022-10-25 12:15:22,986 [0c76121b-7d6b-4708-9ae8-9ff4448060b7@group-76FCB2189D15-FollowerState] INFO  impl.RoleInfo (RoleInfo.java:shutdownFollowerState(110)) - 0c76121b-7d6b-4708-9ae8-9ff4448060b7: shutdown 0c76121b-7d6b-4708-9ae8-9ff4448060b7@group-76FCB2189D15-FollowerState
2022-10-25 12:15:22,986 [0c76121b-7d6b-4708-9ae8-9ff4448060b7@group-76FCB2189D15-FollowerState] INFO  server.RaftServer$Division (RaftServerImpl.java:setRole(321)) - 0c76121b-7d6b-4708-9ae8-9ff4448060b7@group-76FCB2189D15: changes role from  FOLLOWER to CANDIDATE at term 0 for changeToCandidate
2022-10-25 12:15:22,986 [0c76121b-7d6b-4708-9ae8-9ff4448060b7@group-76FCB2189D15-FollowerState] INFO  server.RaftServerConfigKeys (ConfUtils.java:logGet(46)) - raft.server.leaderelection.pre-vote = false (custom)
2022-10-25 12:15:22,986 [0c76121b-7d6b-4708-9ae8-9ff4448060b7@group-76FCB2189D15-FollowerState] INFO  impl.RoleInfo (RoleInfo.java:updateAndGet(139)) - 0c76121b-7d6b-4708-9ae8-9ff4448060b7: start 0c76121b-7d6b-4708-9ae8-9ff4448060b7@group-76FCB2189D15-LeaderElection7
2022-10-25 12:15:22,985 [6534404f-39f4-445c-b85e-518a348dbff3@group-CE71C629F99F-LeaderElection6] INFO  server.RaftServerConfigKeys (ConfUtils.java:logFallback(53)) - raft.server.rpc.first-election.timeout.max = 5200ms (fallback to raft.server.rpc.timeout.max)
2022-10-25 12:15:22,998 [0c76121b-7d6b-4708-9ae8-9ff4448060b7@group-76FCB2189D15-LeaderElection7] INFO  impl.LeaderElection (LeaderElection.java:askForVotes(312)) - 0c76121b-7d6b-4708-9ae8-9ff4448060b7@group-76FCB2189D15-LeaderElection7 ELECTION round 0: submit vote requests at term 1 for -1: peers:[0c76121b-7d6b-4708-9ae8-9ff4448060b7|rpc:10.1.1.43:35675|priority:1|startupRole:FOLLOWER]|listeners:[], old=null
2022-10-25 12:15:22,998 [0c76121b-7d6b-4708-9ae8-9ff4448060b7@group-76FCB2189D15-LeaderElection7] INFO  impl.LeaderElection (LeaderElection.java:askForVotes(314)) - 0c76121b-7d6b-4708-9ae8-9ff4448060b7@group-76FCB2189D15-LeaderElection7 ELECTION round 0: result PASSED (term=1)
2022-10-25 12:15:22,998 [0c76121b-7d6b-4708-9ae8-9ff4448060b7@group-76FCB2189D15-LeaderElection7] INFO  impl.RoleInfo (RoleInfo.java:shutdownLeaderElection(130)) - 0c76121b-7d6b-4708-9ae8-9ff4448060b7: shutdown 0c76121b-7d6b-4708-9ae8-9ff4448060b7@group-76FCB2189D15-LeaderElection7
2022-10-25 12:15:22,998 [grpc-default-executor-0] INFO  server.RaftServer$Division (RaftServerImpl.java:requestVote(1218)) - 86658d9d-b609-4403-bc8a-bf059dbdbb67@group-CE71C629F99F: receive requestVote(ELECTION, 6534404f-39f4-445c-b85e-518a348dbff3, group-CE71C629F99F, 1, (t:0, i:0))
2022-10-25 12:15:22,998 [0c76121b-7d6b-4708-9ae8-9ff4448060b7@group-76FCB2189D15-LeaderElection7] INFO  server.RaftServer$Division (RaftServerImpl.java:setRole(321)) - 0c76121b-7d6b-4708-9ae8-9ff4448060b7@group-76FCB2189D15: changes role from CANDIDATE to LEADER at term 1 for changeToLeader
2022-10-25 12:15:22,998 [grpc-default-executor-0] INFO  impl.VoteContext (VoteContext.java:log(48)) - 86658d9d-b609-4403-bc8a-bf059dbdbb67@group-CE71C629F99F-FOLLOWER: reject ELECTION from 6534404f-39f4-445c-b85e-518a348dbff3: our priority 1 > candidate's priority 0
2022-10-25 12:15:22,998 [0c76121b-7d6b-4708-9ae8-9ff4448060b7@group-76FCB2189D15-LeaderElection7] INFO  ratis.XceiverServerRatis (XceiverServerRatis.java:handleLeaderChangedNotification(863)) - Leader change notification received for group: group-76FCB2189D15 with new leaderId: 0c76121b-7d6b-4708-9ae8-9ff4448060b7
2022-10-25 12:15:22,998 [grpc-default-executor-0] INFO  server.RaftServer$Division (RaftServerImpl.java:setRole(321)) - 86658d9d-b609-4403-bc8a-bf059dbdbb67@group-CE71C629F99F: changes role from  FOLLOWER to FOLLOWER at term 1 for candidate:6534404f-39f4-445c-b85e-518a348dbff3
2022-10-25 12:15:22,998 [grpc-default-executor-0] INFO  impl.RoleInfo (RoleInfo.java:shutdownFollowerState(110)) - 86658d9d-b609-4403-bc8a-bf059dbdbb67: shutdown 86658d9d-b609-4403-bc8a-bf059dbdbb67@group-CE71C629F99F-FollowerState
2022-10-25 12:15:22,999 [0c76121b-7d6b-4708-9ae8-9ff4448060b7@group-76FCB2189D15-LeaderElection7] INFO  server.RaftServer$Division (ServerState.java:setLeader(313)) - 0c76121b-7d6b-4708-9ae8-9ff4448060b7@group-76FCB2189D15: change Leader from null to 0c76121b-7d6b-4708-9ae8-9ff4448060b7 at term 1 for becomeLeader, leader elected after 5108ms
2022-10-25 12:15:22,999 [0c76121b-7d6b-4708-9ae8-9ff4448060b7@group-76FCB2189D15-LeaderElection7] INFO  server.RaftServerConfigKeys (ConfUtils.java:logGet(46)) - raft.server.staging.catchup.gap = 1000 (default)
2022-10-25 12:15:23,000 [grpc-default-executor-0] INFO  impl.RoleInfo (RoleInfo.java:updateAndGet(139)) - 86658d9d-b609-4403-bc8a-bf059dbdbb67: start 86658d9d-b609-4403-bc8a-bf059dbdbb67@group-CE71C629F99F-FollowerState
2022-10-25 12:15:23,000 [86658d9d-b609-4403-bc8a-bf059dbdbb67@group-CE71C629F99F-FollowerState] INFO  impl.FollowerState (FollowerState.java:run(152)) - 86658d9d-b609-4403-bc8a-bf059dbdbb67@group-CE71C629F99F-FollowerState was interrupted
2022-10-25 12:15:23,001 [grpc-default-executor-0] INFO  server.RaftServer$Division (RaftServerImpl.java:requestVote(1251)) - 86658d9d-b609-4403-bc8a-bf059dbdbb67@group-CE71C629F99F replies to ELECTION vote request: 6534404f-39f4-445c-b85e-518a348dbff3<-86658d9d-b609-4403-bc8a-bf059dbdbb67#0:FAIL-t1. Peer's state: 86658d9d-b609-4403-bc8a-bf059dbdbb67@group-CE71C629F99F:t1, leader=null, voted=null, raftlog=Memoized:86658d9d-b609-4403-bc8a-bf059dbdbb67@group-CE71C629F99F-SegmentedRaftLog:OPENED:c-1, conf=-1: peers:[86658d9d-b609-4403-bc8a-bf059dbdbb67|rpc:10.1.1.43:34601|priority:1|startupRole:FOLLOWER, 0c76121b-7d6b-4708-9ae8-9ff4448060b7|rpc:10.1.1.43:35675|priority:0|startupRole:FOLLOWER, 6534404f-39f4-445c-b85e-518a348dbff3|rpc:10.1.1.43:42177|priority:0|startupRole:FOLLOWER]|listeners:[], old=null
2022-10-25 12:15:23,002 [EventQueue-OpenPipelineForHealthyPipelineSafeModeRule] INFO  safemode.SCMSafeModeManager (HealthyPipelineSafeModeRule.java:process(137)) - SCM in safe mode. Healthy pipelines reported count is 0, required healthy pipeline reported count is 1
2022-10-25 12:15:23,003 [6534404f-39f4-445c-b85e-518a348dbff3@group-CE71C629F99F-LeaderElection6] INFO  impl.LeaderElection (LeaderElection.java:logAndReturn(90)) - 6534404f-39f4-445c-b85e-518a348dbff3@group-CE71C629F99F-LeaderElection6: ELECTION REJECTED received 1 response(s) and 0 exception(s):
2022-10-25 12:15:23,003 [6534404f-39f4-445c-b85e-518a348dbff3@group-CE71C629F99F-LeaderElection6] INFO  impl.LeaderElection (LeaderElection.java:logAndReturn(94)) -   Response 0: 6534404f-39f4-445c-b85e-518a348dbff3<-86658d9d-b609-4403-bc8a-bf059dbdbb67#0:FAIL-t1
2022-10-25 12:15:23,003 [6534404f-39f4-445c-b85e-518a348dbff3@group-CE71C629F99F-LeaderElection6] INFO  impl.LeaderElection (LeaderElection.java:askForVotes(314)) - 6534404f-39f4-445c-b85e-518a348dbff3@group-CE71C629F99F-LeaderElection6 ELECTION round 0: result REJECTED
2022-10-25 12:15:23,003 [6534404f-39f4-445c-b85e-518a348dbff3@group-CE71C629F99F-LeaderElection6] INFO  server.RaftServer$Division (RaftServerImpl.java:setRole(321)) - 6534404f-39f4-445c-b85e-518a348dbff3@group-CE71C629F99F: changes role from CANDIDATE to FOLLOWER at term 1 for REJECTED
2022-10-25 12:15:23,006 [6534404f-39f4-445c-b85e-518a348dbff3@group-CE71C629F99F-LeaderElection6] INFO  impl.RoleInfo (RoleInfo.java:shutdownLeaderElection(130)) - 6534404f-39f4-445c-b85e-518a348dbff3: shutdown 6534404f-39f4-445c-b85e-518a348dbff3@group-CE71C629F99F-LeaderElection6
2022-10-25 12:15:23,006 [6534404f-39f4-445c-b85e-518a348dbff3@group-CE71C629F99F-LeaderElection6] INFO  impl.RoleInfo (RoleInfo.java:updateAndGet(139)) - 6534404f-39f4-445c-b85e-518a348dbff3: start 6534404f-39f4-445c-b85e-518a348dbff3@group-CE71C629F99F-FollowerState
2022-10-25 12:15:23,006 [0c76121b-7d6b-4708-9ae8-9ff4448060b7@group-76FCB2189D15-LeaderElection7] INFO  server.RaftServerConfigKeys (ConfUtils.java:logGet(46)) - raft.server.write.element-limit = 1024 (custom)
2022-10-25 12:15:23,006 [0c76121b-7d6b-4708-9ae8-9ff4448060b7@group-76FCB2189D15-LeaderElection7] INFO  server.RaftServerConfigKeys (ConfUtils.java:logGet(46)) - raft.server.write.byte-limit = 1024 M (=1073741824) (custom)
2022-10-25 12:15:23,007 [0c76121b-7d6b-4708-9ae8-9ff4448060b7@group-76FCB2189D15-LeaderElection7] INFO  server.RaftServerConfigKeys (ConfUtils.java:logGet(46)) - raft.server.watch.timeout = 180s (custom)
2022-10-25 12:15:23,007 [0c76121b-7d6b-4708-9ae8-9ff4448060b7@group-76FCB2189D15-LeaderElection7] INFO  server.RaftServerConfigKeys (ConfUtils.java:logGet(46)) - raft.server.watch.timeout.denomination = 1s (default)
2022-10-25 12:15:23,007 [0c76121b-7d6b-4708-9ae8-9ff4448060b7@group-76FCB2189D15-LeaderElection7] INFO  server.RaftServerConfigKeys (ConfUtils.java:logGet(46)) - raft.server.watch.element-limit = 65536 (default)
2022-10-25 12:15:23,007 [0c76121b-7d6b-4708-9ae8-9ff4448060b7@group-76FCB2189D15-LeaderElection7] INFO  server.RaftServerConfigKeys (ConfUtils.java:logGet(46)) - raft.server.write.element-limit = 1024 (custom)
2022-10-25 12:15:23,007 [0c76121b-7d6b-4708-9ae8-9ff4448060b7@group-76FCB2189D15-LeaderElection7] INFO  server.RaftServerConfigKeys (ConfUtils.java:logGet(46)) - raft.server.write.follower.gap.ratio.max = -1.0 (default)
2022-10-25 12:15:23,007 [0c76121b-7d6b-4708-9ae8-9ff4448060b7@group-76FCB2189D15-LeaderElection7] INFO  impl.RoleInfo (RoleInfo.java:updateAndGet(139)) - 0c76121b-7d6b-4708-9ae8-9ff4448060b7: start 0c76121b-7d6b-4708-9ae8-9ff4448060b7@group-76FCB2189D15-LeaderStateImpl
2022-10-25 12:15:23,007 [0c76121b-7d6b-4708-9ae8-9ff4448060b7@group-76FCB2189D15-LeaderElection7] INFO  segmented.SegmentedRaftLogWorker (SegmentedRaftLogWorker.java:startLogSegment(452)) - 0c76121b-7d6b-4708-9ae8-9ff4448060b7@group-76FCB2189D15-SegmentedRaftLogWorker: Starting segment from index:0
2022-10-25 12:15:23,008 [grpc-default-executor-2] INFO  server.RaftServer$Division (RaftServerImpl.java:requestVote(1218)) - 0c76121b-7d6b-4708-9ae8-9ff4448060b7@group-CE71C629F99F: receive requestVote(ELECTION, 6534404f-39f4-445c-b85e-518a348dbff3, group-CE71C629F99F, 1, (t:0, i:0))
2022-10-25 12:15:23,008 [grpc-default-executor-2] INFO  impl.VoteContext (VoteContext.java:log(48)) - 0c76121b-7d6b-4708-9ae8-9ff4448060b7@group-CE71C629F99F-FOLLOWER: reject ELECTION from 6534404f-39f4-445c-b85e-518a348dbff3: already has voted for 0c76121b-7d6b-4708-9ae8-9ff4448060b7 at current term 1
2022-10-25 12:15:23,008 [grpc-default-executor-2] INFO  server.RaftServer$Division (RaftServerImpl.java:requestVote(1251)) - 0c76121b-7d6b-4708-9ae8-9ff4448060b7@group-CE71C629F99F replies to ELECTION vote request: 6534404f-39f4-445c-b85e-518a348dbff3<-0c76121b-7d6b-4708-9ae8-9ff4448060b7#0:FAIL-t1. Peer's state: 0c76121b-7d6b-4708-9ae8-9ff4448060b7@group-CE71C629F99F:t1, leader=null, voted=0c76121b-7d6b-4708-9ae8-9ff4448060b7, raftlog=Memoized:0c76121b-7d6b-4708-9ae8-9ff4448060b7@group-CE71C629F99F-SegmentedRaftLog:OPENED:c-1, conf=-1: peers:[86658d9d-b609-4403-bc8a-bf059dbdbb67|rpc:10.1.1.43:34601|dataStream:|priority:1|startupRole:FOLLOWER, 0c76121b-7d6b-4708-9ae8-9ff4448060b7|rpc:10.1.1.43:35675|dataStream:|priority:0|startupRole:FOLLOWER, 6534404f-39f4-445c-b85e-518a348dbff3|rpc:10.1.1.43:42177|dataStream:|priority:0|startupRole:FOLLOWER]|listeners:[], old=null
2022-10-25 12:15:23,009 [6534404f-39f4-445c-b85e-518a348dbff3@group-CE71C629F99F-FollowerState] INFO  server.RaftServerConfigKeys (ConfUtils.java:logFallback(53)) - raft.server.rpc.first-election.timeout.min = 5s (fallback to raft.server.rpc.timeout.min)
2022-10-25 12:15:23,009 [6534404f-39f4-445c-b85e-518a348dbff3@group-CE71C629F99F-FollowerState] INFO  server.RaftServerConfigKeys (ConfUtils.java:logFallback(53)) - raft.server.rpc.first-election.timeout.max = 5200ms (fallback to raft.server.rpc.timeout.max)
2022-10-25 12:15:23,010 [0c76121b-7d6b-4708-9ae8-9ff4448060b7@group-76FCB2189D15-SegmentedRaftLogWorker] INFO  segmented.SegmentedRaftLogWorker (SegmentedRaftLogWorker.java:execute(656)) - 0c76121b-7d6b-4708-9ae8-9ff4448060b7@group-76FCB2189D15-SegmentedRaftLogWorker: created new log segment /home/runner/work/ozone/ozone/hadoop-ozone/integration-test/target/test-dir/MiniOzoneClusterImpl-59fd4bbb-78e8-4c50-bd4e-19e5c7f0d0cd/datanode-2/data/ratis/d5d90663-85b3-4dea-b805-76fcb2189d15/current/log_inprogress_0
2022-10-25 12:15:23,011 [86658d9d-b609-4403-bc8a-bf059dbdbb67@group-CE71C629F99F-FollowerState] INFO  server.RaftServerConfigKeys (ConfUtils.java:logFallback(53)) - raft.server.rpc.first-election.timeout.min = 5s (fallback to raft.server.rpc.timeout.min)
2022-10-25 12:15:23,011 [86658d9d-b609-4403-bc8a-bf059dbdbb67@group-CE71C629F99F-FollowerState] INFO  server.RaftServerConfigKeys (ConfUtils.java:logFallback(53)) - raft.server.rpc.first-election.timeout.max = 5200ms (fallback to raft.server.rpc.timeout.max)
2022-10-25 12:15:23,015 [0c76121b-7d6b-4708-9ae8-9ff4448060b7@group-76FCB2189D15-LeaderElection7] INFO  server.RaftServer$Division (ServerState.java:setRaftConf(430)) - 0c76121b-7d6b-4708-9ae8-9ff4448060b7@group-76FCB2189D15: set configuration 0: peers:[0c76121b-7d6b-4708-9ae8-9ff4448060b7|rpc:10.1.1.43:35675|dataStream:|priority:1|startupRole:FOLLOWER]|listeners:[], old=null
2022-10-25 12:15:23,385 [be21c5c4-321c-411e-8ca9-5bb5909d110b@group-7436307844CD-FollowerState] INFO  impl.FollowerState (FollowerState.java:run(143)) - be21c5c4-321c-411e-8ca9-5bb5909d110b@group-7436307844CD-FollowerState: change to CANDIDATE, lastRpcElapsedTime:5094831622ns, electionTimeout:5093ms
2022-10-25 12:15:23,385 [be21c5c4-321c-411e-8ca9-5bb5909d110b@group-7436307844CD-FollowerState] INFO  impl.RoleInfo (RoleInfo.java:shutdownFollowerState(110)) - be21c5c4-321c-411e-8ca9-5bb5909d110b: shutdown be21c5c4-321c-411e-8ca9-5bb5909d110b@group-7436307844CD-FollowerState
2022-10-25 12:15:23,385 [be21c5c4-321c-411e-8ca9-5bb5909d110b@group-7436307844CD-FollowerState] INFO  server.RaftServer$Division (RaftServerImpl.java:setRole(321)) - be21c5c4-321c-411e-8ca9-5bb5909d110b@group-7436307844CD: changes role from  FOLLOWER to CANDIDATE at term 0 for changeToCandidate
2022-10-25 12:15:23,385 [be21c5c4-321c-411e-8ca9-5bb5909d110b@group-7436307844CD-FollowerState] INFO  server.RaftServerConfigKeys (ConfUtils.java:logGet(46)) - raft.server.leaderelection.pre-vote = false (custom)
2022-10-25 12:15:23,385 [be21c5c4-321c-411e-8ca9-5bb5909d110b@group-7436307844CD-FollowerState] INFO  impl.RoleInfo (RoleInfo.java:updateAndGet(139)) - be21c5c4-321c-411e-8ca9-5bb5909d110b: start be21c5c4-321c-411e-8ca9-5bb5909d110b@group-7436307844CD-LeaderElection8
2022-10-25 12:15:23,389 [be21c5c4-321c-411e-8ca9-5bb5909d110b@group-7436307844CD-LeaderElection8] INFO  impl.LeaderElection (LeaderElection.java:askForVotes(312)) - be21c5c4-321c-411e-8ca9-5bb5909d110b@group-7436307844CD-LeaderElection8 ELECTION round 0: submit vote requests at term 1 for -1: peers:[be21c5c4-321c-411e-8ca9-5bb5909d110b|rpc:10.1.1.43:34703|priority:1|startupRole:FOLLOWER]|listeners:[], old=null
2022-10-25 12:15:23,389 [be21c5c4-321c-411e-8ca9-5bb5909d110b@group-7436307844CD-LeaderElection8] INFO  impl.LeaderElection (LeaderElection.java:askForVotes(314)) - be21c5c4-321c-411e-8ca9-5bb5909d110b@group-7436307844CD-LeaderElection8 ELECTION round 0: result PASSED (term=1)
2022-10-25 12:15:23,389 [be21c5c4-321c-411e-8ca9-5bb5909d110b@group-7436307844CD-LeaderElection8] INFO  impl.RoleInfo (RoleInfo.java:shutdownLeaderElection(130)) - be21c5c4-321c-411e-8ca9-5bb5909d110b: shutdown be21c5c4-321c-411e-8ca9-5bb5909d110b@group-7436307844CD-LeaderElection8
2022-10-25 12:15:23,389 [be21c5c4-321c-411e-8ca9-5bb5909d110b@group-7436307844CD-LeaderElection8] INFO  server.RaftServer$Division (RaftServerImpl.java:setRole(321)) - be21c5c4-321c-411e-8ca9-5bb5909d110b@group-7436307844CD: changes role from CANDIDATE to LEADER at term 1 for changeToLeader
2022-10-25 12:15:23,389 [be21c5c4-321c-411e-8ca9-5bb5909d110b@group-7436307844CD-LeaderElection8] INFO  ratis.XceiverServerRatis (XceiverServerRatis.java:handleLeaderChangedNotification(863)) - Leader change notification received for group: group-7436307844CD with new leaderId: be21c5c4-321c-411e-8ca9-5bb5909d110b
2022-10-25 12:15:23,390 [be21c5c4-321c-411e-8ca9-5bb5909d110b@group-7436307844CD-LeaderElection8] INFO  server.RaftServer$Division (ServerState.java:setLeader(313)) - be21c5c4-321c-411e-8ca9-5bb5909d110b@group-7436307844CD: change Leader from null to be21c5c4-321c-411e-8ca9-5bb5909d110b at term 1 for becomeLeader, leader elected after 5124ms
2022-10-25 12:15:23,390 [be21c5c4-321c-411e-8ca9-5bb5909d110b@group-7436307844CD-LeaderElection8] INFO  server.RaftServerConfigKeys (ConfUtils.java:logGet(46)) - raft.server.staging.catchup.gap = 1000 (default)
2022-10-25 12:15:23,390 [be21c5c4-321c-411e-8ca9-5bb5909d110b@group-7436307844CD-LeaderElection8] INFO  server.RaftServerConfigKeys (ConfUtils.java:logGet(46)) - raft.server.write.element-limit = 1024 (custom)
2022-10-25 12:15:23,390 [be21c5c4-321c-411e-8ca9-5bb5909d110b@group-7436307844CD-LeaderElection8] INFO  server.RaftServerConfigKeys (ConfUtils.java:logGet(46)) - raft.server.write.byte-limit = 1024 M (=1073741824) (custom)
2022-10-25 12:15:23,391 [be21c5c4-321c-411e-8ca9-5bb5909d110b@group-7436307844CD-LeaderElection8] INFO  server.RaftServerConfigKeys (ConfUtils.java:logGet(46)) - raft.server.watch.timeout = 180s (custom)
2022-10-25 12:15:23,391 [be21c5c4-321c-411e-8ca9-5bb5909d110b@group-7436307844CD-LeaderElection8] INFO  server.RaftServerConfigKeys (ConfUtils.java:logGet(46)) - raft.server.watch.timeout.denomination = 1s (default)
2022-10-25 12:15:23,391 [be21c5c4-321c-411e-8ca9-5bb5909d110b@group-7436307844CD-LeaderElection8] INFO  server.RaftServerConfigKeys (ConfUtils.java:logGet(46)) - raft.server.watch.element-limit = 65536 (default)
2022-10-25 12:15:23,391 [EventQueue-OpenPipelineForHealthyPipelineSafeModeRule] INFO  safemode.SCMSafeModeManager (HealthyPipelineSafeModeRule.java:process(137)) - SCM in safe mode. Healthy pipelines reported count is 0, required healthy pipeline reported count is 1
2022-10-25 12:15:23,392 [be21c5c4-321c-411e-8ca9-5bb5909d110b@group-7436307844CD-LeaderElection8] INFO  server.RaftServerConfigKeys (ConfUtils.java:logGet(46)) - raft.server.write.element-limit = 1024 (custom)
2022-10-25 12:15:23,392 [be21c5c4-321c-411e-8ca9-5bb5909d110b@group-7436307844CD-LeaderElection8] INFO  server.RaftServerConfigKeys (ConfUtils.java:logGet(46)) - raft.server.write.follower.gap.ratio.max = -1.0 (default)
2022-10-25 12:15:23,392 [be21c5c4-321c-411e-8ca9-5bb5909d110b@group-7436307844CD-LeaderElection8] INFO  impl.RoleInfo (RoleInfo.java:updateAndGet(139)) - be21c5c4-321c-411e-8ca9-5bb5909d110b: start be21c5c4-321c-411e-8ca9-5bb5909d110b@group-7436307844CD-LeaderStateImpl
2022-10-25 12:15:23,392 [be21c5c4-321c-411e-8ca9-5bb5909d110b@group-7436307844CD-LeaderElection8] INFO  segmented.SegmentedRaftLogWorker (SegmentedRaftLogWorker.java:startLogSegment(452)) - be21c5c4-321c-411e-8ca9-5bb5909d110b@group-7436307844CD-SegmentedRaftLogWorker: Starting segment from index:0
2022-10-25 12:15:23,394 [be21c5c4-321c-411e-8ca9-5bb5909d110b@group-7436307844CD-SegmentedRaftLogWorker] INFO  segmented.SegmentedRaftLogWorker (SegmentedRaftLogWorker.java:execute(656)) - be21c5c4-321c-411e-8ca9-5bb5909d110b@group-7436307844CD-SegmentedRaftLogWorker: created new log segment /home/runner/work/ozone/ozone/hadoop-ozone/integration-test/target/test-dir/MiniOzoneClusterImpl-59fd4bbb-78e8-4c50-bd4e-19e5c7f0d0cd/datanode-3/data/ratis/dde74bf9-b4df-4c8b-bcf2-7436307844cd/current/log_inprogress_0
2022-10-25 12:15:23,396 [be21c5c4-321c-411e-8ca9-5bb5909d110b@group-7436307844CD-LeaderElection8] INFO  server.RaftServer$Division (ServerState.java:setRaftConf(430)) - be21c5c4-321c-411e-8ca9-5bb5909d110b@group-7436307844CD: set configuration 0: peers:[be21c5c4-321c-411e-8ca9-5bb5909d110b|rpc:10.1.1.43:34703|dataStream:|priority:1|startupRole:FOLLOWER]|listeners:[], old=null
2022-10-25 12:15:23,421 [be21c5c4-321c-411e-8ca9-5bb5909d110b@group-5EAD7F5BC067-FollowerState] INFO  impl.FollowerState (FollowerState.java:run(143)) - be21c5c4-321c-411e-8ca9-5bb5909d110b@group-5EAD7F5BC067-FollowerState: change to CANDIDATE, lastRpcElapsedTime:5110768533ns, electionTimeout:5107ms
2022-10-25 12:15:23,422 [be21c5c4-321c-411e-8ca9-5bb5909d110b@group-5EAD7F5BC067-FollowerState] INFO  impl.RoleInfo (RoleInfo.java:shutdownFollowerState(110)) - be21c5c4-321c-411e-8ca9-5bb5909d110b: shutdown be21c5c4-321c-411e-8ca9-5bb5909d110b@group-5EAD7F5BC067-FollowerState
2022-10-25 12:15:23,422 [be21c5c4-321c-411e-8ca9-5bb5909d110b@group-5EAD7F5BC067-FollowerState] INFO  server.RaftServer$Division (RaftServerImpl.java:setRole(321)) - be21c5c4-321c-411e-8ca9-5bb5909d110b@group-5EAD7F5BC067: changes role from  FOLLOWER to CANDIDATE at term 0 for changeToCandidate
2022-10-25 12:15:23,422 [be21c5c4-321c-411e-8ca9-5bb5909d110b@group-5EAD7F5BC067-FollowerState] INFO  server.RaftServerConfigKeys (ConfUtils.java:logGet(46)) - raft.server.leaderelection.pre-vote = false (custom)
2022-10-25 12:15:23,422 [be21c5c4-321c-411e-8ca9-5bb5909d110b@group-5EAD7F5BC067-FollowerState] INFO  impl.RoleInfo (RoleInfo.java:updateAndGet(139)) - be21c5c4-321c-411e-8ca9-5bb5909d110b: start be21c5c4-321c-411e-8ca9-5bb5909d110b@group-5EAD7F5BC067-LeaderElection9
2022-10-25 12:15:23,422 [6ce03c57-5430-4ab1-bf83-fb555d2de968@group-5EAD7F5BC067-FollowerState] INFO  impl.FollowerState (FollowerState.java:run(143)) - 6ce03c57-5430-4ab1-bf83-fb555d2de968@group-5EAD7F5BC067-FollowerState: change to CANDIDATE, lastRpcElapsedTime:5066108437ns, electionTimeout:5064ms
2022-10-25 12:15:23,422 [6ce03c57-5430-4ab1-bf83-fb555d2de968@group-5EAD7F5BC067-FollowerState] INFO  impl.RoleInfo (RoleInfo.java:shutdownFollowerState(110)) - 6ce03c57-5430-4ab1-bf83-fb555d2de968: shutdown 6ce03c57-5430-4ab1-bf83-fb555d2de968@group-5EAD7F5BC067-FollowerState
2022-10-25 12:15:23,422 [6ce03c57-5430-4ab1-bf83-fb555d2de968@group-5EAD7F5BC067-FollowerState] INFO  server.RaftServer$Division (RaftServerImpl.java:setRole(321)) - 6ce03c57-5430-4ab1-bf83-fb555d2de968@group-5EAD7F5BC067: changes role from  FOLLOWER to CANDIDATE at term 0 for changeToCandidate
2022-10-25 12:15:23,422 [6ce03c57-5430-4ab1-bf83-fb555d2de968@group-5EAD7F5BC067-FollowerState] INFO  server.RaftServerConfigKeys (ConfUtils.java:logGet(46)) - raft.server.leaderelection.pre-vote = false (custom)
2022-10-25 12:15:23,422 [6ce03c57-5430-4ab1-bf83-fb555d2de968@group-5EAD7F5BC067-FollowerState] INFO  impl.RoleInfo (RoleInfo.java:updateAndGet(139)) - 6ce03c57-5430-4ab1-bf83-fb555d2de968: start 6ce03c57-5430-4ab1-bf83-fb555d2de968@group-5EAD7F5BC067-LeaderElection10
2022-10-25 12:15:23,433 [be21c5c4-321c-411e-8ca9-5bb5909d110b@group-5EAD7F5BC067-LeaderElection9] INFO  impl.LeaderElection (LeaderElection.java:askForVotes(312)) - be21c5c4-321c-411e-8ca9-5bb5909d110b@group-5EAD7F5BC067-LeaderElection9 ELECTION round 0: submit vote requests at term 1 for -1: peers:[be21c5c4-321c-411e-8ca9-5bb5909d110b|rpc:10.1.1.43:34703|priority:0|startupRole:FOLLOWER, d4065fed-2d66-41be-989b-4bd24a4f6517|rpc:10.1.1.43:33373|priority:1|startupRole:FOLLOWER, 6ce03c57-5430-4ab1-bf83-fb555d2de968|rpc:10.1.1.43:33579|priority:0|startupRole:FOLLOWER]|listeners:[], old=null
2022-10-25 12:15:23,434 [be21c5c4-321c-411e-8ca9-5bb5909d110b@group-5EAD7F5BC067-LeaderElection9-1] INFO  server.GrpcServerProtocolClient (GrpcServerProtocolClient.java:<init>(63)) - Build channel for d4065fed-2d66-41be-989b-4bd24a4f6517
2022-10-25 12:15:23,436 [6ce03c57-5430-4ab1-bf83-fb555d2de968@group-5EAD7F5BC067-LeaderElection10] INFO  impl.LeaderElection (LeaderElection.java:askForVotes(312)) - 6ce03c57-5430-4ab1-bf83-fb555d2de968@group-5EAD7F5BC067-LeaderElection10 ELECTION round 0: submit vote requests at term 1 for -1: peers:[be21c5c4-321c-411e-8ca9-5bb5909d110b|rpc:10.1.1.43:34703|dataStream:|priority:0|startupRole:FOLLOWER, d4065fed-2d66-41be-989b-4bd24a4f6517|rpc:10.1.1.43:33373|dataStream:|priority:1|startupRole:FOLLOWER, 6ce03c57-5430-4ab1-bf83-fb555d2de968|rpc:10.1.1.43:33579|dataStream:|priority:0|startupRole:FOLLOWER]|listeners:[], old=null
2022-10-25 12:15:23,438 [be21c5c4-321c-411e-8ca9-5bb5909d110b@group-5EAD7F5BC067-LeaderElection9] INFO  server.RaftServerConfigKeys (ConfUtils.java:logFallback(53)) - raft.server.rpc.first-election.timeout.min = 5s (fallback to raft.server.rpc.timeout.min)
2022-10-25 12:15:23,438 [be21c5c4-321c-411e-8ca9-5bb5909d110b@group-5EAD7F5BC067-LeaderElection9] INFO  server.RaftServerConfigKeys (ConfUtils.java:logFallback(53)) - raft.server.rpc.first-election.timeout.max = 5200ms (fallback to raft.server.rpc.timeout.max)
2022-10-25 12:15:23,439 [be21c5c4-321c-411e-8ca9-5bb5909d110b@group-5EAD7F5BC067-LeaderElection9-2] INFO  server.GrpcServerProtocolClient (GrpcServerProtocolClient.java:<init>(63)) - Build channel for 6ce03c57-5430-4ab1-bf83-fb555d2de968
2022-10-25 12:15:23,447 [6ce03c57-5430-4ab1-bf83-fb555d2de968@group-5EAD7F5BC067-LeaderElection10-1] INFO  server.GrpcServerProtocolClient (GrpcServerProtocolClient.java:<init>(63)) - Build channel for be21c5c4-321c-411e-8ca9-5bb5909d110b
2022-10-25 12:15:23,457 [6ce03c57-5430-4ab1-bf83-fb555d2de968@group-5EAD7F5BC067-LeaderElection10] INFO  server.RaftServerConfigKeys (ConfUtils.java:logFallback(53)) - raft.server.rpc.first-election.timeout.min = 5s (fallback to raft.server.rpc.timeout.min)
2022-10-25 12:15:23,457 [6ce03c57-5430-4ab1-bf83-fb555d2de968@group-5EAD7F5BC067-LeaderElection10] INFO  server.RaftServerConfigKeys (ConfUtils.java:logFallback(53)) - raft.server.rpc.first-election.timeout.max = 5200ms (fallback to raft.server.rpc.timeout.max)
2022-10-25 12:15:23,467 [6ce03c57-5430-4ab1-bf83-fb555d2de968@group-5EAD7F5BC067-LeaderElection10-2] INFO  server.GrpcServerProtocolClient (GrpcServerProtocolClient.java:<init>(63)) - Build channel for d4065fed-2d66-41be-989b-4bd24a4f6517
2022-10-25 12:15:23,473 [grpc-default-executor-0] INFO  server.RaftServer$Division (RaftServerImpl.java:requestVote(1218)) - d4065fed-2d66-41be-989b-4bd24a4f6517@group-5EAD7F5BC067: receive requestVote(ELECTION, be21c5c4-321c-411e-8ca9-5bb5909d110b, group-5EAD7F5BC067, 1, (t:0, i:0))
2022-10-25 12:15:23,473 [grpc-default-executor-0] INFO  impl.VoteContext (VoteContext.java:log(48)) - d4065fed-2d66-41be-989b-4bd24a4f6517@group-5EAD7F5BC067-FOLLOWER: reject ELECTION from be21c5c4-321c-411e-8ca9-5bb5909d110b: our priority 1 > candidate's priority 0
2022-10-25 12:15:23,473 [grpc-default-executor-0] INFO  server.RaftServer$Division (RaftServerImpl.java:setRole(321)) - d4065fed-2d66-41be-989b-4bd24a4f6517@group-5EAD7F5BC067: changes role from  FOLLOWER to FOLLOWER at term 1 for candidate:be21c5c4-321c-411e-8ca9-5bb5909d110b
2022-10-25 12:15:23,473 [grpc-default-executor-0] INFO  impl.RoleInfo (RoleInfo.java:shutdownFollowerState(110)) - d4065fed-2d66-41be-989b-4bd24a4f6517: shutdown d4065fed-2d66-41be-989b-4bd24a4f6517@group-5EAD7F5BC067-FollowerState
2022-10-25 12:15:23,473 [grpc-default-executor-0] INFO  impl.RoleInfo (RoleInfo.java:updateAndGet(139)) - d4065fed-2d66-41be-989b-4bd24a4f6517: start d4065fed-2d66-41be-989b-4bd24a4f6517@group-5EAD7F5BC067-FollowerState
2022-10-25 12:15:23,473 [d4065fed-2d66-41be-989b-4bd24a4f6517@group-5EAD7F5BC067-FollowerState] INFO  impl.FollowerState (FollowerState.java:run(152)) - d4065fed-2d66-41be-989b-4bd24a4f6517@group-5EAD7F5BC067-FollowerState was interrupted
2022-10-25 12:15:23,473 [grpc-default-executor-1] INFO  server.RaftServer$Division (RaftServerImpl.java:requestVote(1218)) - be21c5c4-321c-411e-8ca9-5bb5909d110b@group-5EAD7F5BC067: receive requestVote(ELECTION, 6ce03c57-5430-4ab1-bf83-fb555d2de968, group-5EAD7F5BC067, 1, (t:0, i:0))
2022-10-25 12:15:23,473 [grpc-default-executor-1] INFO  impl.VoteContext (VoteContext.java:log(48)) - be21c5c4-321c-411e-8ca9-5bb5909d110b@group-5EAD7F5BC067-CANDIDATE: reject ELECTION from 6ce03c57-5430-4ab1-bf83-fb555d2de968: already has voted for be21c5c4-321c-411e-8ca9-5bb5909d110b at current term 1
2022-10-25 12:15:23,474 [grpc-default-executor-1] INFO  server.RaftServer$Division (RaftServerImpl.java:requestVote(1251)) - be21c5c4-321c-411e-8ca9-5bb5909d110b@group-5EAD7F5BC067 replies to ELECTION vote request: 6ce03c57-5430-4ab1-bf83-fb555d2de968<-be21c5c4-321c-411e-8ca9-5bb5909d110b#0:FAIL-t1. Peer's state: be21c5c4-321c-411e-8ca9-5bb5909d110b@group-5EAD7F5BC067:t1, leader=null, voted=be21c5c4-321c-411e-8ca9-5bb5909d110b, raftlog=Memoized:be21c5c4-321c-411e-8ca9-5bb5909d110b@group-5EAD7F5BC067-SegmentedRaftLog:OPENED:c-1, conf=-1: peers:[be21c5c4-321c-411e-8ca9-5bb5909d110b|rpc:10.1.1.43:34703|priority:0|startupRole:FOLLOWER, d4065fed-2d66-41be-989b-4bd24a4f6517|rpc:10.1.1.43:33373|priority:1|startupRole:FOLLOWER, 6ce03c57-5430-4ab1-bf83-fb555d2de968|rpc:10.1.1.43:33579|priority:0|startupRole:FOLLOWER]|listeners:[], old=null
2022-10-25 12:15:23,480 [d4065fed-2d66-41be-989b-4bd24a4f6517@group-5EAD7F5BC067-FollowerState] INFO  server.RaftServerConfigKeys (ConfUtils.java:logFallback(53)) - raft.server.rpc.first-election.timeout.min = 5s (fallback to raft.server.rpc.timeout.min)
2022-10-25 12:15:23,480 [d4065fed-2d66-41be-989b-4bd24a4f6517@group-5EAD7F5BC067-FollowerState] INFO  server.RaftServerConfigKeys (ConfUtils.java:logFallback(53)) - raft.server.rpc.first-election.timeout.max = 5200ms (fallback to raft.server.rpc.timeout.max)
2022-10-25 12:15:23,480 [grpc-default-executor-0] INFO  server.RaftServer$Division (RaftServerImpl.java:requestVote(1251)) - d4065fed-2d66-41be-989b-4bd24a4f6517@group-5EAD7F5BC067 replies to ELECTION vote request: be21c5c4-321c-411e-8ca9-5bb5909d110b<-d4065fed-2d66-41be-989b-4bd24a4f6517#0:FAIL-t1. Peer's state: d4065fed-2d66-41be-989b-4bd24a4f6517@group-5EAD7F5BC067:t1, leader=null, voted=null, raftlog=Memoized:d4065fed-2d66-41be-989b-4bd24a4f6517@group-5EAD7F5BC067-SegmentedRaftLog:OPENED:c-1, conf=-1: peers:[be21c5c4-321c-411e-8ca9-5bb5909d110b|rpc:10.1.1.43:34703|dataStream:|priority:0|startupRole:FOLLOWER, d4065fed-2d66-41be-989b-4bd24a4f6517|rpc:10.1.1.43:33373|dataStream:|priority:1|startupRole:FOLLOWER, 6ce03c57-5430-4ab1-bf83-fb555d2de968|rpc:10.1.1.43:33579|dataStream:|priority:0|startupRole:FOLLOWER]|listeners:[], old=null
2022-10-25 12:15:23,484 [be21c5c4-321c-411e-8ca9-5bb5909d110b@group-5EAD7F5BC067-LeaderElection9] INFO  impl.LeaderElection (LeaderElection.java:logAndReturn(90)) - be21c5c4-321c-411e-8ca9-5bb5909d110b@group-5EAD7F5BC067-LeaderElection9: ELECTION REJECTED received 1 response(s) and 0 exception(s):
2022-10-25 12:15:23,484 [be21c5c4-321c-411e-8ca9-5bb5909d110b@group-5EAD7F5BC067-LeaderElection9] INFO  impl.LeaderElection (LeaderElection.java:logAndReturn(94)) -   Response 0: be21c5c4-321c-411e-8ca9-5bb5909d110b<-d4065fed-2d66-41be-989b-4bd24a4f6517#0:FAIL-t1
2022-10-25 12:15:23,484 [be21c5c4-321c-411e-8ca9-5bb5909d110b@group-5EAD7F5BC067-LeaderElection9] INFO  impl.LeaderElection (LeaderElection.java:askForVotes(314)) - be21c5c4-321c-411e-8ca9-5bb5909d110b@group-5EAD7F5BC067-LeaderElection9 ELECTION round 0: result REJECTED
2022-10-25 12:15:23,484 [be21c5c4-321c-411e-8ca9-5bb5909d110b@group-5EAD7F5BC067-LeaderElection9] INFO  server.RaftServer$Division (RaftServerImpl.java:setRole(321)) - be21c5c4-321c-411e-8ca9-5bb5909d110b@group-5EAD7F5BC067: changes role from CANDIDATE to FOLLOWER at term 1 for REJECTED
2022-10-25 12:15:23,484 [be21c5c4-321c-411e-8ca9-5bb5909d110b@group-5EAD7F5BC067-LeaderElection9] INFO  impl.RoleInfo (RoleInfo.java:shutdownLeaderElection(130)) - be21c5c4-321c-411e-8ca9-5bb5909d110b: shutdown be21c5c4-321c-411e-8ca9-5bb5909d110b@group-5EAD7F5BC067-LeaderElection9
2022-10-25 12:15:23,484 [be21c5c4-321c-411e-8ca9-5bb5909d110b@group-5EAD7F5BC067-LeaderElection9] INFO  impl.RoleInfo (RoleInfo.java:updateAndGet(139)) - be21c5c4-321c-411e-8ca9-5bb5909d110b: start be21c5c4-321c-411e-8ca9-5bb5909d110b@group-5EAD7F5BC067-FollowerState
2022-10-25 12:15:23,490 [grpc-default-executor-0] INFO  server.RaftServer$Division (RaftServerImpl.java:requestVote(1218)) - 6ce03c57-5430-4ab1-bf83-fb555d2de968@group-5EAD7F5BC067: receive requestVote(ELECTION, be21c5c4-321c-411e-8ca9-5bb5909d110b, group-5EAD7F5BC067, 1, (t:0, i:0))
2022-10-25 12:15:23,490 [grpc-default-executor-0] INFO  impl.VoteContext (VoteContext.java:log(48)) - 6ce03c57-5430-4ab1-bf83-fb555d2de968@group-5EAD7F5BC067-CANDIDATE: reject ELECTION from be21c5c4-321c-411e-8ca9-5bb5909d110b: already has voted for 6ce03c57-5430-4ab1-bf83-fb555d2de968 at current term 1
2022-10-25 12:15:23,491 [grpc-default-executor-0] INFO  server.RaftServer$Division (RaftServerImpl.java:requestVote(1251)) - 6ce03c57-5430-4ab1-bf83-fb555d2de968@group-5EAD7F5BC067 replies to ELECTION vote request: be21c5c4-321c-411e-8ca9-5bb5909d110b<-6ce03c57-5430-4ab1-bf83-fb555d2de968#0:FAIL-t1. Peer's state: 6ce03c57-5430-4ab1-bf83-fb555d2de968@group-5EAD7F5BC067:t1, leader=null, voted=6ce03c57-5430-4ab1-bf83-fb555d2de968, raftlog=Memoized:6ce03c57-5430-4ab1-bf83-fb555d2de968@group-5EAD7F5BC067-SegmentedRaftLog:OPENED:c-1, conf=-1: peers:[be21c5c4-321c-411e-8ca9-5bb5909d110b|rpc:10.1.1.43:34703|dataStream:|priority:0|startupRole:FOLLOWER, d4065fed-2d66-41be-989b-4bd24a4f6517|rpc:10.1.1.43:33373|dataStream:|priority:1|startupRole:FOLLOWER, 6ce03c57-5430-4ab1-bf83-fb555d2de968|rpc:10.1.1.43:33579|dataStream:|priority:0|startupRole:FOLLOWER]|listeners:[], old=null
2022-10-25 12:15:23,492 [be21c5c4-321c-411e-8ca9-5bb5909d110b@group-5EAD7F5BC067-FollowerState] INFO  server.RaftServerConfigKeys (ConfUtils.java:logFallback(53)) - raft.server.rpc.first-election.timeout.min = 5s (fallback to raft.server.rpc.timeout.min)
2022-10-25 12:15:23,492 [be21c5c4-321c-411e-8ca9-5bb5909d110b@group-5EAD7F5BC067-FollowerState] INFO  server.RaftServerConfigKeys (ConfUtils.java:logFallback(53)) - raft.server.rpc.first-election.timeout.max = 5200ms (fallback to raft.server.rpc.timeout.max)
2022-10-25 12:15:23,498 [grpc-default-executor-0] INFO  server.RaftServer$Division (RaftServerImpl.java:requestVote(1218)) - d4065fed-2d66-41be-989b-4bd24a4f6517@group-5EAD7F5BC067: receive requestVote(ELECTION, 6ce03c57-5430-4ab1-bf83-fb555d2de968, group-5EAD7F5BC067, 1, (t:0, i:0))
2022-10-25 12:15:23,498 [grpc-default-executor-0] INFO  impl.VoteContext (VoteContext.java:log(48)) - d4065fed-2d66-41be-989b-4bd24a4f6517@group-5EAD7F5BC067-FOLLOWER: reject ELECTION from 6ce03c57-5430-4ab1-bf83-fb555d2de968: our priority 1 > candidate's priority 0
2022-10-25 12:15:23,498 [grpc-default-executor-0] INFO  server.RaftServer$Division (RaftServerImpl.java:setRole(321)) - d4065fed-2d66-41be-989b-4bd24a4f6517@group-5EAD7F5BC067: changes role from  FOLLOWER to FOLLOWER at term 1 for candidate:6ce03c57-5430-4ab1-bf83-fb555d2de968
2022-10-25 12:15:23,498 [grpc-default-executor-0] INFO  impl.RoleInfo (RoleInfo.java:shutdownFollowerState(110)) - d4065fed-2d66-41be-989b-4bd24a4f6517: shutdown d4065fed-2d66-41be-989b-4bd24a4f6517@group-5EAD7F5BC067-FollowerState
2022-10-25 12:15:23,498 [grpc-default-executor-0] INFO  impl.RoleInfo (RoleInfo.java:updateAndGet(139)) - d4065fed-2d66-41be-989b-4bd24a4f6517: start d4065fed-2d66-41be-989b-4bd24a4f6517@group-5EAD7F5BC067-FollowerState
2022-10-25 12:15:23,498 [d4065fed-2d66-41be-989b-4bd24a4f6517@group-5EAD7F5BC067-FollowerState] INFO  impl.FollowerState (FollowerState.java:run(152)) - d4065fed-2d66-41be-989b-4bd24a4f6517@group-5EAD7F5BC067-FollowerState was interrupted
2022-10-25 12:15:23,499 [grpc-default-executor-0] INFO  server.RaftServer$Division (RaftServerImpl.java:requestVote(1251)) - d4065fed-2d66-41be-989b-4bd24a4f6517@group-5EAD7F5BC067 replies to ELECTION vote request: 6ce03c57-5430-4ab1-bf83-fb555d2de968<-d4065fed-2d66-41be-989b-4bd24a4f6517#0:FAIL-t1. Peer's state: d4065fed-2d66-41be-989b-4bd24a4f6517@group-5EAD7F5BC067:t1, leader=null, voted=null, raftlog=Memoized:d4065fed-2d66-41be-989b-4bd24a4f6517@group-5EAD7F5BC067-SegmentedRaftLog:OPENED:c-1, conf=-1: peers:[be21c5c4-321c-411e-8ca9-5bb5909d110b|rpc:10.1.1.43:34703|dataStream:|priority:0|startupRole:FOLLOWER, d4065fed-2d66-41be-989b-4bd24a4f6517|rpc:10.1.1.43:33373|dataStream:|priority:1|startupRole:FOLLOWER, 6ce03c57-5430-4ab1-bf83-fb555d2de968|rpc:10.1.1.43:33579|dataStream:|priority:0|startupRole:FOLLOWER]|listeners:[], old=null
2022-10-25 12:15:23,500 [d4065fed-2d66-41be-989b-4bd24a4f6517@group-5EAD7F5BC067-FollowerState] INFO  server.RaftServerConfigKeys (ConfUtils.java:logFallback(53)) - raft.server.rpc.first-election.timeout.min = 5s (fallback to raft.server.rpc.timeout.min)
2022-10-25 12:15:23,500 [d4065fed-2d66-41be-989b-4bd24a4f6517@group-5EAD7F5BC067-FollowerState] INFO  server.RaftServerConfigKeys (ConfUtils.java:logFallback(53)) - raft.server.rpc.first-election.timeout.max = 5200ms (fallback to raft.server.rpc.timeout.max)
2022-10-25 12:15:23,501 [6ce03c57-5430-4ab1-bf83-fb555d2de968@group-5EAD7F5BC067-LeaderElection10] INFO  impl.LeaderElection (LeaderElection.java:logAndReturn(90)) - 6ce03c57-5430-4ab1-bf83-fb555d2de968@group-5EAD7F5BC067-LeaderElection10: ELECTION REJECTED received 2 response(s) and 0 exception(s):
2022-10-25 12:15:23,501 [6ce03c57-5430-4ab1-bf83-fb555d2de968@group-5EAD7F5BC067-LeaderElection10] INFO  impl.LeaderElection (LeaderElection.java:logAndReturn(94)) -   Response 0: 6ce03c57-5430-4ab1-bf83-fb555d2de968<-be21c5c4-321c-411e-8ca9-5bb5909d110b#0:FAIL-t1
2022-10-25 12:15:23,501 [6ce03c57-5430-4ab1-bf83-fb555d2de968@group-5EAD7F5BC067-LeaderElection10] INFO  impl.LeaderElection (LeaderElection.java:logAndReturn(94)) -   Response 1: 6ce03c57-5430-4ab1-bf83-fb555d2de968<-d4065fed-2d66-41be-989b-4bd24a4f6517#0:FAIL-t1
2022-10-25 12:15:23,501 [6ce03c57-5430-4ab1-bf83-fb555d2de968@group-5EAD7F5BC067-LeaderElection10] INFO  impl.LeaderElection (LeaderElection.java:askForVotes(314)) - 6ce03c57-5430-4ab1-bf83-fb555d2de968@group-5EAD7F5BC067-LeaderElection10 ELECTION round 0: result REJECTED
2022-10-25 12:15:23,502 [6ce03c57-5430-4ab1-bf83-fb555d2de968@group-5EAD7F5BC067-LeaderElection10] INFO  server.RaftServer$Division (RaftServerImpl.java:setRole(321)) - 6ce03c57-5430-4ab1-bf83-fb555d2de968@group-5EAD7F5BC067: changes role from CANDIDATE to FOLLOWER at term 1 for REJECTED
2022-10-25 12:15:23,502 [6ce03c57-5430-4ab1-bf83-fb555d2de968@group-5EAD7F5BC067-LeaderElection10] INFO  impl.RoleInfo (RoleInfo.java:shutdownLeaderElection(130)) - 6ce03c57-5430-4ab1-bf83-fb555d2de968: shutdown 6ce03c57-5430-4ab1-bf83-fb555d2de968@group-5EAD7F5BC067-LeaderElection10
2022-10-25 12:15:23,502 [6ce03c57-5430-4ab1-bf83-fb555d2de968@group-5EAD7F5BC067-LeaderElection10] INFO  impl.RoleInfo (RoleInfo.java:updateAndGet(139)) - 6ce03c57-5430-4ab1-bf83-fb555d2de968: start 6ce03c57-5430-4ab1-bf83-fb555d2de968@group-5EAD7F5BC067-FollowerState
2022-10-25 12:15:23,502 [6ce03c57-5430-4ab1-bf83-fb555d2de968@group-5EAD7F5BC067-FollowerState] INFO  server.RaftServerConfigKeys (ConfUtils.java:logFallback(53)) - raft.server.rpc.first-election.timeout.min = 5s (fallback to raft.server.rpc.timeout.min)
2022-10-25 12:15:23,505 [6ce03c57-5430-4ab1-bf83-fb555d2de968@group-5EAD7F5BC067-FollowerState] INFO  server.RaftServerConfigKeys (ConfUtils.java:logFallback(53)) - raft.server.rpc.first-election.timeout.max = 5200ms (fallback to raft.server.rpc.timeout.max)
2022-10-25 12:15:23,550 [be21c5c4-321c-411e-8ca9-5bb5909d110b@group-670B8877836B-FollowerState] INFO  impl.FollowerState (FollowerState.java:run(143)) - be21c5c4-321c-411e-8ca9-5bb5909d110b@group-670B8877836B-FollowerState: change to CANDIDATE, lastRpcElapsedTime:5102723768ns, electionTimeout:5098ms
2022-10-25 12:15:23,550 [be21c5c4-321c-411e-8ca9-5bb5909d110b@group-670B8877836B-FollowerState] INFO  impl.RoleInfo (RoleInfo.java:shutdownFollowerState(110)) - be21c5c4-321c-411e-8ca9-5bb5909d110b: shutdown be21c5c4-321c-411e-8ca9-5bb5909d110b@group-670B8877836B-FollowerState
2022-10-25 12:15:23,550 [be21c5c4-321c-411e-8ca9-5bb5909d110b@group-670B8877836B-FollowerState] INFO  server.RaftServer$Division (RaftServerImpl.java:setRole(321)) - be21c5c4-321c-411e-8ca9-5bb5909d110b@group-670B8877836B: changes role from  FOLLOWER to CANDIDATE at term 0 for changeToCandidate
2022-10-25 12:15:23,550 [be21c5c4-321c-411e-8ca9-5bb5909d110b@group-670B8877836B-FollowerState] INFO  server.RaftServerConfigKeys (ConfUtils.java:logGet(46)) - raft.server.leaderelection.pre-vote = false (custom)
2022-10-25 12:15:23,550 [be21c5c4-321c-411e-8ca9-5bb5909d110b@group-670B8877836B-FollowerState] INFO  impl.RoleInfo (RoleInfo.java:updateAndGet(139)) - be21c5c4-321c-411e-8ca9-5bb5909d110b: start be21c5c4-321c-411e-8ca9-5bb5909d110b@group-670B8877836B-LeaderElection11
2022-10-25 12:15:23,555 [be21c5c4-321c-411e-8ca9-5bb5909d110b@group-670B8877836B-LeaderElection11] INFO  impl.LeaderElection (LeaderElection.java:askForVotes(312)) - be21c5c4-321c-411e-8ca9-5bb5909d110b@group-670B8877836B-LeaderElection11 ELECTION round 0: submit vote requests at term 1 for -1: peers:[be21c5c4-321c-411e-8ca9-5bb5909d110b|rpc:10.1.1.43:34703|priority:0|startupRole:FOLLOWER, d4065fed-2d66-41be-989b-4bd24a4f6517|rpc:10.1.1.43:33373|priority:0|startupRole:FOLLOWER, 6ce03c57-5430-4ab1-bf83-fb555d2de968|rpc:10.1.1.43:33579|priority:1|startupRole:FOLLOWER]|listeners:[], old=null
2022-10-25 12:15:23,555 [be21c5c4-321c-411e-8ca9-5bb5909d110b@group-670B8877836B-LeaderElection11] INFO  server.RaftServerConfigKeys (ConfUtils.java:logFallback(53)) - raft.server.rpc.first-election.timeout.min = 5s (fallback to raft.server.rpc.timeout.min)
2022-10-25 12:15:23,555 [be21c5c4-321c-411e-8ca9-5bb5909d110b@group-670B8877836B-LeaderElection11] INFO  server.RaftServerConfigKeys (ConfUtils.java:logFallback(53)) - raft.server.rpc.first-election.timeout.max = 5200ms (fallback to raft.server.rpc.timeout.max)
2022-10-25 12:15:23,557 [grpc-default-executor-0] INFO  server.RaftServer$Division (RaftServerImpl.java:requestVote(1218)) - d4065fed-2d66-41be-989b-4bd24a4f6517@group-670B8877836B: receive requestVote(ELECTION, be21c5c4-321c-411e-8ca9-5bb5909d110b, group-670B8877836B, 1, (t:0, i:0))
2022-10-25 12:15:23,558 [grpc-default-executor-0] INFO  impl.VoteContext (VoteContext.java:log(48)) - d4065fed-2d66-41be-989b-4bd24a4f6517@group-670B8877836B-FOLLOWER: accept ELECTION from be21c5c4-321c-411e-8ca9-5bb5909d110b: our priority 0 <= candidate's priority 0
2022-10-25 12:15:23,558 [grpc-default-executor-0] INFO  server.RaftServer$Division (RaftServerImpl.java:setRole(321)) - d4065fed-2d66-41be-989b-4bd24a4f6517@group-670B8877836B: changes role from  FOLLOWER to FOLLOWER at term 1 for candidate:be21c5c4-321c-411e-8ca9-5bb5909d110b
2022-10-25 12:15:23,558 [grpc-default-executor-0] INFO  impl.RoleInfo (RoleInfo.java:shutdownFollowerState(110)) - d4065fed-2d66-41be-989b-4bd24a4f6517: shutdown d4065fed-2d66-41be-989b-4bd24a4f6517@group-670B8877836B-FollowerState
2022-10-25 12:15:23,558 [grpc-default-executor-0] INFO  impl.RoleInfo (RoleInfo.java:updateAndGet(139)) - d4065fed-2d66-41be-989b-4bd24a4f6517: start d4065fed-2d66-41be-989b-4bd24a4f6517@group-670B8877836B-FollowerState
2022-10-25 12:15:23,559 [d4065fed-2d66-41be-989b-4bd24a4f6517@group-670B8877836B-FollowerState] INFO  impl.FollowerState (FollowerState.java:run(152)) - d4065fed-2d66-41be-989b-4bd24a4f6517@group-670B8877836B-FollowerState was interrupted
2022-10-25 12:15:23,560 [grpc-default-executor-0] INFO  server.RaftServer$Division (RaftServerImpl.java:requestVote(1251)) - d4065fed-2d66-41be-989b-4bd24a4f6517@group-670B8877836B replies to ELECTION vote request: be21c5c4-321c-411e-8ca9-5bb5909d110b<-d4065fed-2d66-41be-989b-4bd24a4f6517#0:OK-t1. Peer's state: d4065fed-2d66-41be-989b-4bd24a4f6517@group-670B8877836B:t1, leader=null, voted=be21c5c4-321c-411e-8ca9-5bb5909d110b, raftlog=Memoized:d4065fed-2d66-41be-989b-4bd24a4f6517@group-670B8877836B-SegmentedRaftLog:OPENED:c-1, conf=-1: peers:[be21c5c4-321c-411e-8ca9-5bb5909d110b|rpc:10.1.1.43:34703|dataStream:|priority:0|startupRole:FOLLOWER, d4065fed-2d66-41be-989b-4bd24a4f6517|rpc:10.1.1.43:33373|dataStream:|priority:0|startupRole:FOLLOWER, 6ce03c57-5430-4ab1-bf83-fb555d2de968|rpc:10.1.1.43:33579|dataStream:|priority:1|startupRole:FOLLOWER]|listeners:[], old=null
2022-10-25 12:15:23,560 [d4065fed-2d66-41be-989b-4bd24a4f6517@group-670B8877836B-FollowerState] INFO  server.RaftServerConfigKeys (ConfUtils.java:logFallback(53)) - raft.server.rpc.first-election.timeout.min = 5s (fallback to raft.server.rpc.timeout.min)
2022-10-25 12:15:23,560 [d4065fed-2d66-41be-989b-4bd24a4f6517@group-670B8877836B-FollowerState] INFO  server.RaftServerConfigKeys (ConfUtils.java:logFallback(53)) - raft.server.rpc.first-election.timeout.max = 5200ms (fallback to raft.server.rpc.timeout.max)
2022-10-25 12:15:23,565 [grpc-default-executor-0] INFO  server.RaftServer$Division (RaftServerImpl.java:requestVote(1218)) - 6ce03c57-5430-4ab1-bf83-fb555d2de968@group-670B8877836B: receive requestVote(ELECTION, be21c5c4-321c-411e-8ca9-5bb5909d110b, group-670B8877836B, 1, (t:0, i:0))
2022-10-25 12:15:23,566 [grpc-default-executor-0] INFO  impl.VoteContext (VoteContext.java:log(48)) - 6ce03c57-5430-4ab1-bf83-fb555d2de968@group-670B8877836B-FOLLOWER: reject ELECTION from be21c5c4-321c-411e-8ca9-5bb5909d110b: our priority 1 > candidate's priority 0
2022-10-25 12:15:23,566 [grpc-default-executor-0] INFO  server.RaftServer$Division (RaftServerImpl.java:setRole(321)) - 6ce03c57-5430-4ab1-bf83-fb555d2de968@group-670B8877836B: changes role from  FOLLOWER to FOLLOWER at term 1 for candidate:be21c5c4-321c-411e-8ca9-5bb5909d110b
2022-10-25 12:15:23,566 [grpc-default-executor-0] INFO  impl.RoleInfo (RoleInfo.java:shutdownFollowerState(110)) - 6ce03c57-5430-4ab1-bf83-fb555d2de968: shutdown 6ce03c57-5430-4ab1-bf83-fb555d2de968@group-670B8877836B-FollowerState
2022-10-25 12:15:23,566 [grpc-default-executor-0] INFO  impl.RoleInfo (RoleInfo.java:updateAndGet(139)) - 6ce03c57-5430-4ab1-bf83-fb555d2de968: start 6ce03c57-5430-4ab1-bf83-fb555d2de968@group-670B8877836B-FollowerState
2022-10-25 12:15:23,566 [6ce03c57-5430-4ab1-bf83-fb555d2de968@group-670B8877836B-FollowerState] INFO  impl.FollowerState (FollowerState.java:run(152)) - 6ce03c57-5430-4ab1-bf83-fb555d2de968@group-670B8877836B-FollowerState was interrupted
2022-10-25 12:15:23,567 [6ce03c57-5430-4ab1-bf83-fb555d2de968@group-670B8877836B-FollowerState] INFO  server.RaftServerConfigKeys (ConfUtils.java:logFallback(53)) - raft.server.rpc.first-election.timeout.min = 5s (fallback to raft.server.rpc.timeout.min)
2022-10-25 12:15:23,567 [6ce03c57-5430-4ab1-bf83-fb555d2de968@group-670B8877836B-FollowerState] INFO  server.RaftServerConfigKeys (ConfUtils.java:logFallback(53)) - raft.server.rpc.first-election.timeout.max = 5200ms (fallback to raft.server.rpc.timeout.max)
2022-10-25 12:15:23,568 [grpc-default-executor-0] INFO  server.RaftServer$Division (RaftServerImpl.java:requestVote(1251)) - 6ce03c57-5430-4ab1-bf83-fb555d2de968@group-670B8877836B replies to ELECTION vote request: be21c5c4-321c-411e-8ca9-5bb5909d110b<-6ce03c57-5430-4ab1-bf83-fb555d2de968#0:FAIL-t1. Peer's state: 6ce03c57-5430-4ab1-bf83-fb555d2de968@group-670B8877836B:t1, leader=null, voted=null, raftlog=Memoized:6ce03c57-5430-4ab1-bf83-fb555d2de968@group-670B8877836B-SegmentedRaftLog:OPENED:c-1, conf=-1: peers:[be21c5c4-321c-411e-8ca9-5bb5909d110b|rpc:10.1.1.43:34703|dataStream:|priority:0|startupRole:FOLLOWER, d4065fed-2d66-41be-989b-4bd24a4f6517|rpc:10.1.1.43:33373|dataStream:|priority:0|startupRole:FOLLOWER, 6ce03c57-5430-4ab1-bf83-fb555d2de968|rpc:10.1.1.43:33579|dataStream:|priority:1|startupRole:FOLLOWER]|listeners:[], old=null
2022-10-25 12:15:23,571 [be21c5c4-321c-411e-8ca9-5bb5909d110b@group-670B8877836B-LeaderElection11] INFO  impl.LeaderElection (LeaderElection.java:logAndReturn(90)) - be21c5c4-321c-411e-8ca9-5bb5909d110b@group-670B8877836B-LeaderElection11: ELECTION REJECTED received 2 response(s) and 0 exception(s):
2022-10-25 12:15:23,572 [be21c5c4-321c-411e-8ca9-5bb5909d110b@group-670B8877836B-LeaderElection11] INFO  impl.LeaderElection (LeaderElection.java:logAndReturn(94)) -   Response 0: be21c5c4-321c-411e-8ca9-5bb5909d110b<-d4065fed-2d66-41be-989b-4bd24a4f6517#0:OK-t1
2022-10-25 12:15:23,572 [be21c5c4-321c-411e-8ca9-5bb5909d110b@group-670B8877836B-LeaderElection11] INFO  impl.LeaderElection (LeaderElection.java:logAndReturn(94)) -   Response 1: be21c5c4-321c-411e-8ca9-5bb5909d110b<-6ce03c57-5430-4ab1-bf83-fb555d2de968#0:FAIL-t1
2022-10-25 12:15:23,572 [be21c5c4-321c-411e-8ca9-5bb5909d110b@group-670B8877836B-LeaderElection11] INFO  impl.LeaderElection (LeaderElection.java:askForVotes(314)) - be21c5c4-321c-411e-8ca9-5bb5909d110b@group-670B8877836B-LeaderElection11 ELECTION round 0: result REJECTED
2022-10-25 12:15:23,573 [be21c5c4-321c-411e-8ca9-5bb5909d110b@group-670B8877836B-LeaderElection11] INFO  server.RaftServer$Division (RaftServerImpl.java:setRole(321)) - be21c5c4-321c-411e-8ca9-5bb5909d110b@group-670B8877836B: changes role from CANDIDATE to FOLLOWER at term 1 for REJECTED
2022-10-25 12:15:23,573 [be21c5c4-321c-411e-8ca9-5bb5909d110b@group-670B8877836B-LeaderElection11] INFO  impl.RoleInfo (RoleInfo.java:shutdownLeaderElection(130)) - be21c5c4-321c-411e-8ca9-5bb5909d110b: shutdown be21c5c4-321c-411e-8ca9-5bb5909d110b@group-670B8877836B-LeaderElection11
2022-10-25 12:15:23,574 [be21c5c4-321c-411e-8ca9-5bb5909d110b@group-670B8877836B-LeaderElection11] INFO  impl.RoleInfo (RoleInfo.java:updateAndGet(139)) - be21c5c4-321c-411e-8ca9-5bb5909d110b: start be21c5c4-321c-411e-8ca9-5bb5909d110b@group-670B8877836B-FollowerState
2022-10-25 12:15:23,577 [Listener at 127.0.0.1/33161] INFO  ozone.MiniOzoneClusterImpl (MiniOzoneClusterImpl.java:lambda$waitForClusterToBeReady$0(216)) - Nodes are ready. Got 10 of 10 DN Heartbeats.
2022-10-25 12:15:23,577 [Listener at 127.0.0.1/33161] INFO  ozone.MiniOzoneClusterImpl (MiniOzoneClusterImpl.java:lambda$waitForClusterToBeReady$0(219)) - Waiting for cluster to exit safe mode
2022-10-25 12:15:23,577 [Listener at 127.0.0.1/33161] INFO  ozone.MiniOzoneClusterImpl (MiniOzoneClusterImpl.java:lambda$waitForClusterToBeReady$0(221)) - SCM became leader
2022-10-25 12:15:23,583 [be21c5c4-321c-411e-8ca9-5bb5909d110b@group-670B8877836B-FollowerState] INFO  server.RaftServerConfigKeys (ConfUtils.java:logFallback(53)) - raft.server.rpc.first-election.timeout.min = 5s (fallback to raft.server.rpc.timeout.min)
2022-10-25 12:15:23,584 [be21c5c4-321c-411e-8ca9-5bb5909d110b@group-670B8877836B-FollowerState] INFO  server.RaftServerConfigKeys (ConfUtils.java:logFallback(53)) - raft.server.rpc.first-election.timeout.max = 5200ms (fallback to raft.server.rpc.timeout.max)
2022-10-25 12:15:23,796 [6ce03c57-5430-4ab1-bf83-fb555d2de968@group-BD4C0CBA6135-FollowerState] INFO  impl.FollowerState (FollowerState.java:run(143)) - 6ce03c57-5430-4ab1-bf83-fb555d2de968@group-BD4C0CBA6135-FollowerState: change to CANDIDATE, lastRpcElapsedTime:5180603538ns, electionTimeout:5179ms
2022-10-25 12:15:23,796 [6ce03c57-5430-4ab1-bf83-fb555d2de968@group-BD4C0CBA6135-FollowerState] INFO  impl.RoleInfo (RoleInfo.java:shutdownFollowerState(110)) - 6ce03c57-5430-4ab1-bf83-fb555d2de968: shutdown 6ce03c57-5430-4ab1-bf83-fb555d2de968@group-BD4C0CBA6135-FollowerState
2022-10-25 12:15:23,796 [6ce03c57-5430-4ab1-bf83-fb555d2de968@group-BD4C0CBA6135-FollowerState] INFO  server.RaftServer$Division (RaftServerImpl.java:setRole(321)) - 6ce03c57-5430-4ab1-bf83-fb555d2de968@group-BD4C0CBA6135: changes role from  FOLLOWER to CANDIDATE at term 0 for changeToCandidate
2022-10-25 12:15:23,796 [6ce03c57-5430-4ab1-bf83-fb555d2de968@group-BD4C0CBA6135-FollowerState] INFO  server.RaftServerConfigKeys (ConfUtils.java:logGet(46)) - raft.server.leaderelection.pre-vote = false (custom)
2022-10-25 12:15:23,796 [6ce03c57-5430-4ab1-bf83-fb555d2de968@group-BD4C0CBA6135-FollowerState] INFO  impl.RoleInfo (RoleInfo.java:updateAndGet(139)) - 6ce03c57-5430-4ab1-bf83-fb555d2de968: start 6ce03c57-5430-4ab1-bf83-fb555d2de968@group-BD4C0CBA6135-LeaderElection12
2022-10-25 12:15:23,803 [6ce03c57-5430-4ab1-bf83-fb555d2de968@group-BD4C0CBA6135-LeaderElection12] INFO  impl.LeaderElection (LeaderElection.java:askForVotes(312)) - 6ce03c57-5430-4ab1-bf83-fb555d2de968@group-BD4C0CBA6135-LeaderElection12 ELECTION round 0: submit vote requests at term 1 for -1: peers:[6ce03c57-5430-4ab1-bf83-fb555d2de968|rpc:10.1.1.43:33579|priority:1|startupRole:FOLLOWER]|listeners:[], old=null
2022-10-25 12:15:23,803 [6ce03c57-5430-4ab1-bf83-fb555d2de968@group-BD4C0CBA6135-LeaderElection12] INFO  impl.LeaderElection (LeaderElection.java:askForVotes(314)) - 6ce03c57-5430-4ab1-bf83-fb555d2de968@group-BD4C0CBA6135-LeaderElection12 ELECTION round 0: result PASSED (term=1)
2022-10-25 12:15:23,803 [6ce03c57-5430-4ab1-bf83-fb555d2de968@group-BD4C0CBA6135-LeaderElection12] INFO  impl.RoleInfo (RoleInfo.java:shutdownLeaderElection(130)) - 6ce03c57-5430-4ab1-bf83-fb555d2de968: shutdown 6ce03c57-5430-4ab1-bf83-fb555d2de968@group-BD4C0CBA6135-LeaderElection12
2022-10-25 12:15:23,803 [6ce03c57-5430-4ab1-bf83-fb555d2de968@group-BD4C0CBA6135-LeaderElection12] INFO  server.RaftServer$Division (RaftServerImpl.java:setRole(321)) - 6ce03c57-5430-4ab1-bf83-fb555d2de968@group-BD4C0CBA6135: changes role from CANDIDATE to LEADER at term 1 for changeToLeader
2022-10-25 12:15:23,803 [6ce03c57-5430-4ab1-bf83-fb555d2de968@group-BD4C0CBA6135-LeaderElection12] INFO  ratis.XceiverServerRatis (XceiverServerRatis.java:handleLeaderChangedNotification(863)) - Leader change notification received for group: group-BD4C0CBA6135 with new leaderId: 6ce03c57-5430-4ab1-bf83-fb555d2de968
2022-10-25 12:15:23,804 [6ce03c57-5430-4ab1-bf83-fb555d2de968@group-BD4C0CBA6135-LeaderElection12] INFO  server.RaftServer$Division (ServerState.java:setLeader(313)) - 6ce03c57-5430-4ab1-bf83-fb555d2de968@group-BD4C0CBA6135: change Leader from null to 6ce03c57-5430-4ab1-bf83-fb555d2de968 at term 1 for becomeLeader, leader elected after 5203ms
2022-10-25 12:15:23,804 [6ce03c57-5430-4ab1-bf83-fb555d2de968@group-BD4C0CBA6135-LeaderElection12] INFO  server.RaftServerConfigKeys (ConfUtils.java:logGet(46)) - raft.server.staging.catchup.gap = 1000 (default)
2022-10-25 12:15:23,804 [6ce03c57-5430-4ab1-bf83-fb555d2de968@group-BD4C0CBA6135-LeaderElection12] INFO  server.RaftServerConfigKeys (ConfUtils.java:logGet(46)) - raft.server.write.element-limit = 1024 (custom)
2022-10-25 12:15:23,804 [6ce03c57-5430-4ab1-bf83-fb555d2de968@group-BD4C0CBA6135-LeaderElection12] INFO  server.RaftServerConfigKeys (ConfUtils.java:logGet(46)) - raft.server.write.byte-limit = 1024 M (=1073741824) (custom)
2022-10-25 12:15:23,804 [6ce03c57-5430-4ab1-bf83-fb555d2de968@group-BD4C0CBA6135-LeaderElection12] INFO  server.RaftServerConfigKeys (ConfUtils.java:logGet(46)) - raft.server.watch.timeout = 180s (custom)
2022-10-25 12:15:23,805 [6ce03c57-5430-4ab1-bf83-fb555d2de968@group-BD4C0CBA6135-LeaderElection12] INFO  server.RaftServerConfigKeys (ConfUtils.java:logGet(46)) - raft.server.watch.timeout.denomination = 1s (default)
2022-10-25 12:15:23,805 [EventQueue-OpenPipelineForHealthyPipelineSafeModeRule] INFO  safemode.SCMSafeModeManager (HealthyPipelineSafeModeRule.java:process(137)) - SCM in safe mode. Healthy pipelines reported count is 0, required healthy pipeline reported count is 1
2022-10-25 12:15:23,805 [6ce03c57-5430-4ab1-bf83-fb555d2de968@group-BD4C0CBA6135-LeaderElection12] INFO  server.RaftServerConfigKeys (ConfUtils.java:logGet(46)) - raft.server.watch.element-limit = 65536 (default)
2022-10-25 12:15:23,805 [6ce03c57-5430-4ab1-bf83-fb555d2de968@group-BD4C0CBA6135-LeaderElection12] INFO  server.RaftServerConfigKeys (ConfUtils.java:logGet(46)) - raft.server.write.element-limit = 1024 (custom)
2022-10-25 12:15:23,805 [6ce03c57-5430-4ab1-bf83-fb555d2de968@group-BD4C0CBA6135-LeaderElection12] INFO  server.RaftServerConfigKeys (ConfUtils.java:logGet(46)) - raft.server.write.follower.gap.ratio.max = -1.0 (default)
2022-10-25 12:15:23,805 [6ce03c57-5430-4ab1-bf83-fb555d2de968@group-BD4C0CBA6135-LeaderElection12] INFO  impl.RoleInfo (RoleInfo.java:updateAndGet(139)) - 6ce03c57-5430-4ab1-bf83-fb555d2de968: start 6ce03c57-5430-4ab1-bf83-fb555d2de968@group-BD4C0CBA6135-LeaderStateImpl
2022-10-25 12:15:23,805 [6ce03c57-5430-4ab1-bf83-fb555d2de968@group-BD4C0CBA6135-LeaderElection12] INFO  segmented.SegmentedRaftLogWorker (SegmentedRaftLogWorker.java:startLogSegment(452)) - 6ce03c57-5430-4ab1-bf83-fb555d2de968@group-BD4C0CBA6135-SegmentedRaftLogWorker: Starting segment from index:0
2022-10-25 12:15:23,813 [6ce03c57-5430-4ab1-bf83-fb555d2de968@group-BD4C0CBA6135-SegmentedRaftLogWorker] INFO  segmented.SegmentedRaftLogWorker (SegmentedRaftLogWorker.java:execute(656)) - 6ce03c57-5430-4ab1-bf83-fb555d2de968@group-BD4C0CBA6135-SegmentedRaftLogWorker: created new log segment /home/runner/work/ozone/ozone/hadoop-ozone/integration-test/target/test-dir/MiniOzoneClusterImpl-59fd4bbb-78e8-4c50-bd4e-19e5c7f0d0cd/datanode-4/data/ratis/aa9a4fae-7578-4753-adb6-bd4c0cba6135/current/log_inprogress_0
2022-10-25 12:15:23,813 [6ce03c57-5430-4ab1-bf83-fb555d2de968@group-BD4C0CBA6135-LeaderElection12] INFO  server.RaftServer$Division (ServerState.java:setRaftConf(430)) - 6ce03c57-5430-4ab1-bf83-fb555d2de968@group-BD4C0CBA6135: set configuration 0: peers:[6ce03c57-5430-4ab1-bf83-fb555d2de968|rpc:10.1.1.43:33579|dataStream:|priority:1|startupRole:FOLLOWER]|listeners:[], old=null
2022-10-25 12:15:24,042 [d4065fed-2d66-41be-989b-4bd24a4f6517@group-297D8D80ECA4-FollowerState] INFO  impl.FollowerState (FollowerState.java:run(143)) - d4065fed-2d66-41be-989b-4bd24a4f6517@group-297D8D80ECA4-FollowerState: change to CANDIDATE, lastRpcElapsedTime:5027779611ns, electionTimeout:5027ms
2022-10-25 12:15:24,042 [d4065fed-2d66-41be-989b-4bd24a4f6517@group-297D8D80ECA4-FollowerState] INFO  impl.RoleInfo (RoleInfo.java:shutdownFollowerState(110)) - d4065fed-2d66-41be-989b-4bd24a4f6517: shutdown d4065fed-2d66-41be-989b-4bd24a4f6517@group-297D8D80ECA4-FollowerState
2022-10-25 12:15:24,042 [d4065fed-2d66-41be-989b-4bd24a4f6517@group-297D8D80ECA4-FollowerState] INFO  server.RaftServer$Division (RaftServerImpl.java:setRole(321)) - d4065fed-2d66-41be-989b-4bd24a4f6517@group-297D8D80ECA4: changes role from  FOLLOWER to CANDIDATE at term 0 for changeToCandidate
2022-10-25 12:15:24,042 [d4065fed-2d66-41be-989b-4bd24a4f6517@group-297D8D80ECA4-FollowerState] INFO  server.RaftServerConfigKeys (ConfUtils.java:logGet(46)) - raft.server.leaderelection.pre-vote = false (custom)
2022-10-25 12:15:24,043 [d4065fed-2d66-41be-989b-4bd24a4f6517@group-297D8D80ECA4-FollowerState] INFO  impl.RoleInfo (RoleInfo.java:updateAndGet(139)) - d4065fed-2d66-41be-989b-4bd24a4f6517: start d4065fed-2d66-41be-989b-4bd24a4f6517@group-297D8D80ECA4-LeaderElection13
2022-10-25 12:15:24,046 [d4065fed-2d66-41be-989b-4bd24a4f6517@group-297D8D80ECA4-LeaderElection13] INFO  impl.LeaderElection (LeaderElection.java:askForVotes(312)) - d4065fed-2d66-41be-989b-4bd24a4f6517@group-297D8D80ECA4-LeaderElection13 ELECTION round 0: submit vote requests at term 1 for -1: peers:[d4065fed-2d66-41be-989b-4bd24a4f6517|rpc:10.1.1.43:33373|priority:1|startupRole:FOLLOWER]|listeners:[], old=null
2022-10-25 12:15:24,046 [d4065fed-2d66-41be-989b-4bd24a4f6517@group-297D8D80ECA4-LeaderElection13] INFO  impl.LeaderElection (LeaderElection.java:askForVotes(314)) - d4065fed-2d66-41be-989b-4bd24a4f6517@group-297D8D80ECA4-LeaderElection13 ELECTION round 0: result PASSED (term=1)
2022-10-25 12:15:24,046 [d4065fed-2d66-41be-989b-4bd24a4f6517@group-297D8D80ECA4-LeaderElection13] INFO  impl.RoleInfo (RoleInfo.java:shutdownLeaderElection(130)) - d4065fed-2d66-41be-989b-4bd24a4f6517: shutdown d4065fed-2d66-41be-989b-4bd24a4f6517@group-297D8D80ECA4-LeaderElection13
2022-10-25 12:15:24,046 [d4065fed-2d66-41be-989b-4bd24a4f6517@group-297D8D80ECA4-LeaderElection13] INFO  server.RaftServer$Division (RaftServerImpl.java:setRole(321)) - d4065fed-2d66-41be-989b-4bd24a4f6517@group-297D8D80ECA4: changes role from CANDIDATE to LEADER at term 1 for changeToLeader
2022-10-25 12:15:24,046 [d4065fed-2d66-41be-989b-4bd24a4f6517@group-297D8D80ECA4-LeaderElection13] INFO  ratis.XceiverServerRatis (XceiverServerRatis.java:handleLeaderChangedNotification(863)) - Leader change notification received for group: group-297D8D80ECA4 with new leaderId: d4065fed-2d66-41be-989b-4bd24a4f6517
2022-10-25 12:15:24,046 [d4065fed-2d66-41be-989b-4bd24a4f6517@group-297D8D80ECA4-LeaderElection13] INFO  server.RaftServer$Division (ServerState.java:setLeader(313)) - d4065fed-2d66-41be-989b-4bd24a4f6517@group-297D8D80ECA4: change Leader from null to d4065fed-2d66-41be-989b-4bd24a4f6517 at term 1 for becomeLeader, leader elected after 5045ms
2022-10-25 12:15:24,046 [d4065fed-2d66-41be-989b-4bd24a4f6517@group-297D8D80ECA4-LeaderElection13] INFO  server.RaftServerConfigKeys (ConfUtils.java:logGet(46)) - raft.server.staging.catchup.gap = 1000 (default)
2022-10-25 12:15:24,046 [d4065fed-2d66-41be-989b-4bd24a4f6517@group-297D8D80ECA4-LeaderElection13] INFO  server.RaftServerConfigKeys (ConfUtils.java:logGet(46)) - raft.server.write.element-limit = 1024 (custom)
2022-10-25 12:15:24,046 [d4065fed-2d66-41be-989b-4bd24a4f6517@group-297D8D80ECA4-LeaderElection13] INFO  server.RaftServerConfigKeys (ConfUtils.java:logGet(46)) - raft.server.write.byte-limit = 1024 M (=1073741824) (custom)
2022-10-25 12:15:24,047 [EventQueue-OpenPipelineForHealthyPipelineSafeModeRule] INFO  safemode.SCMSafeModeManager (HealthyPipelineSafeModeRule.java:process(137)) - SCM in safe mode. Healthy pipelines reported count is 0, required healthy pipeline reported count is 1
2022-10-25 12:15:24,049 [d4065fed-2d66-41be-989b-4bd24a4f6517@group-297D8D80ECA4-LeaderElection13] INFO  server.RaftServerConfigKeys (ConfUtils.java:logGet(46)) - raft.server.watch.timeout = 180s (custom)
2022-10-25 12:15:24,049 [d4065fed-2d66-41be-989b-4bd24a4f6517@group-297D8D80ECA4-LeaderElection13] INFO  server.RaftServerConfigKeys (ConfUtils.java:logGet(46)) - raft.server.watch.timeout.denomination = 1s (default)
2022-10-25 12:15:24,049 [d4065fed-2d66-41be-989b-4bd24a4f6517@group-297D8D80ECA4-LeaderElection13] INFO  server.RaftServerConfigKeys (ConfUtils.java:logGet(46)) - raft.server.watch.element-limit = 65536 (default)
2022-10-25 12:15:24,049 [d4065fed-2d66-41be-989b-4bd24a4f6517@group-297D8D80ECA4-LeaderElection13] INFO  server.RaftServerConfigKeys (ConfUtils.java:logGet(46)) - raft.server.write.element-limit = 1024 (custom)
2022-10-25 12:15:24,050 [d4065fed-2d66-41be-989b-4bd24a4f6517@group-297D8D80ECA4-LeaderElection13] INFO  server.RaftServerConfigKeys (ConfUtils.java:logGet(46)) - raft.server.write.follower.gap.ratio.max = -1.0 (default)
2022-10-25 12:15:24,050 [d4065fed-2d66-41be-989b-4bd24a4f6517@group-297D8D80ECA4-LeaderElection13] INFO  impl.RoleInfo (RoleInfo.java:updateAndGet(139)) - d4065fed-2d66-41be-989b-4bd24a4f6517: start d4065fed-2d66-41be-989b-4bd24a4f6517@group-297D8D80ECA4-LeaderStateImpl
2022-10-25 12:15:24,050 [d4065fed-2d66-41be-989b-4bd24a4f6517@group-297D8D80ECA4-LeaderElection13] INFO  segmented.SegmentedRaftLogWorker (SegmentedRaftLogWorker.java:startLogSegment(452)) - d4065fed-2d66-41be-989b-4bd24a4f6517@group-297D8D80ECA4-SegmentedRaftLogWorker: Starting segment from index:0
2022-10-25 12:15:24,054 [d4065fed-2d66-41be-989b-4bd24a4f6517@group-297D8D80ECA4-LeaderElection13] INFO  server.RaftServer$Division (ServerState.java:setRaftConf(430)) - d4065fed-2d66-41be-989b-4bd24a4f6517@group-297D8D80ECA4: set configuration 0: peers:[d4065fed-2d66-41be-989b-4bd24a4f6517|rpc:10.1.1.43:33373|dataStream:|priority:1|startupRole:FOLLOWER]|listeners:[], old=null
2022-10-25 12:15:24,055 [d4065fed-2d66-41be-989b-4bd24a4f6517@group-297D8D80ECA4-SegmentedRaftLogWorker] INFO  segmented.SegmentedRaftLogWorker (SegmentedRaftLogWorker.java:execute(656)) - d4065fed-2d66-41be-989b-4bd24a4f6517@group-297D8D80ECA4-SegmentedRaftLogWorker: created new log segment /home/runner/work/ozone/ozone/hadoop-ozone/integration-test/target/test-dir/MiniOzoneClusterImpl-59fd4bbb-78e8-4c50-bd4e-19e5c7f0d0cd/datanode-5/data/ratis/3b7ebf2d-66b0-421e-a3c1-297d8d80eca4/current/log_inprogress_0
2022-10-25 12:15:24,578 [Listener at 127.0.0.1/33161] INFO  ozone.MiniOzoneClusterImpl (MiniOzoneClusterImpl.java:lambda$waitForClusterToBeReady$0(216)) - Nodes are ready. Got 10 of 10 DN Heartbeats.
2022-10-25 12:15:24,578 [Listener at 127.0.0.1/33161] INFO  ozone.MiniOzoneClusterImpl (MiniOzoneClusterImpl.java:lambda$waitForClusterToBeReady$0(219)) - Waiting for cluster to exit safe mode
2022-10-25 12:15:24,578 [Listener at 127.0.0.1/33161] INFO  ozone.MiniOzoneClusterImpl (MiniOzoneClusterImpl.java:lambda$waitForClusterToBeReady$0(221)) - SCM became leader
2022-10-25 12:15:24,598 [86ba6119-8a76-46a4-9f38-747fe10c9207@group-D1CF6F441345-FollowerState] INFO  impl.FollowerState (FollowerState.java:run(143)) - 86ba6119-8a76-46a4-9f38-747fe10c9207@group-D1CF6F441345-FollowerState: change to CANDIDATE, lastRpcElapsedTime:5130667305ns, electionTimeout:5128ms
2022-10-25 12:15:24,598 [86ba6119-8a76-46a4-9f38-747fe10c9207@group-D1CF6F441345-FollowerState] INFO  impl.RoleInfo (RoleInfo.java:shutdownFollowerState(110)) - 86ba6119-8a76-46a4-9f38-747fe10c9207: shutdown 86ba6119-8a76-46a4-9f38-747fe10c9207@group-D1CF6F441345-FollowerState
2022-10-25 12:15:24,598 [86ba6119-8a76-46a4-9f38-747fe10c9207@group-D1CF6F441345-FollowerState] INFO  server.RaftServer$Division (RaftServerImpl.java:setRole(321)) - 86ba6119-8a76-46a4-9f38-747fe10c9207@group-D1CF6F441345: changes role from  FOLLOWER to CANDIDATE at term 0 for changeToCandidate
2022-10-25 12:15:24,598 [86ba6119-8a76-46a4-9f38-747fe10c9207@group-D1CF6F441345-FollowerState] INFO  server.RaftServerConfigKeys (ConfUtils.java:logGet(46)) - raft.server.leaderelection.pre-vote = false (custom)
2022-10-25 12:15:24,598 [86ba6119-8a76-46a4-9f38-747fe10c9207@group-D1CF6F441345-FollowerState] INFO  impl.RoleInfo (RoleInfo.java:updateAndGet(139)) - 86ba6119-8a76-46a4-9f38-747fe10c9207: start 86ba6119-8a76-46a4-9f38-747fe10c9207@group-D1CF6F441345-LeaderElection14
2022-10-25 12:15:24,602 [86ba6119-8a76-46a4-9f38-747fe10c9207@group-D1CF6F441345-LeaderElection14] INFO  impl.LeaderElection (LeaderElection.java:askForVotes(312)) - 86ba6119-8a76-46a4-9f38-747fe10c9207@group-D1CF6F441345-LeaderElection14 ELECTION round 0: submit vote requests at term 1 for -1: peers:[0a1cfcca-7ba7-43aa-b517-08505af7a09b|rpc:10.1.1.43:43175|priority:1|startupRole:FOLLOWER, 86ba6119-8a76-46a4-9f38-747fe10c9207|rpc:10.1.1.43:42323|priority:0|startupRole:FOLLOWER, 907eb2bb-0522-4d6b-bbf0-1b213cc99331|rpc:10.1.1.43:40069|priority:0|startupRole:FOLLOWER]|listeners:[], old=null
2022-10-25 12:15:24,602 [86ba6119-8a76-46a4-9f38-747fe10c9207@group-D1CF6F441345-LeaderElection14-1] INFO  server.GrpcServerProtocolClient (GrpcServerProtocolClient.java:<init>(63)) - Build channel for 0a1cfcca-7ba7-43aa-b517-08505af7a09b
2022-10-25 12:15:24,602 [86ba6119-8a76-46a4-9f38-747fe10c9207@group-D1CF6F441345-LeaderElection14] INFO  server.RaftServerConfigKeys (ConfUtils.java:logFallback(53)) - raft.server.rpc.first-election.timeout.min = 5s (fallback to raft.server.rpc.timeout.min)
2022-10-25 12:15:24,602 [86ba6119-8a76-46a4-9f38-747fe10c9207@group-D1CF6F441345-LeaderElection14] INFO  server.RaftServerConfigKeys (ConfUtils.java:logFallback(53)) - raft.server.rpc.first-election.timeout.max = 5200ms (fallback to raft.server.rpc.timeout.max)
2022-10-25 12:15:24,603 [86ba6119-8a76-46a4-9f38-747fe10c9207@group-D1CF6F441345-LeaderElection14-2] INFO  server.GrpcServerProtocolClient (GrpcServerProtocolClient.java:<init>(63)) - Build channel for 907eb2bb-0522-4d6b-bbf0-1b213cc99331
2022-10-25 12:15:24,603 [86ba6119-8a76-46a4-9f38-747fe10c9207@group-0A56FE1FF9EF-FollowerState] INFO  impl.FollowerState (FollowerState.java:run(143)) - 86ba6119-8a76-46a4-9f38-747fe10c9207@group-0A56FE1FF9EF-FollowerState: change to CANDIDATE, lastRpcElapsedTime:5165083142ns, electionTimeout:5159ms
2022-10-25 12:15:24,603 [86ba6119-8a76-46a4-9f38-747fe10c9207@group-0A56FE1FF9EF-FollowerState] INFO  impl.RoleInfo (RoleInfo.java:shutdownFollowerState(110)) - 86ba6119-8a76-46a4-9f38-747fe10c9207: shutdown 86ba6119-8a76-46a4-9f38-747fe10c9207@group-0A56FE1FF9EF-FollowerState
2022-10-25 12:15:24,603 [86ba6119-8a76-46a4-9f38-747fe10c9207@group-0A56FE1FF9EF-FollowerState] INFO  server.RaftServer$Division (RaftServerImpl.java:setRole(321)) - 86ba6119-8a76-46a4-9f38-747fe10c9207@group-0A56FE1FF9EF: changes role from  FOLLOWER to CANDIDATE at term 0 for changeToCandidate
2022-10-25 12:15:24,604 [86ba6119-8a76-46a4-9f38-747fe10c9207@group-0A56FE1FF9EF-FollowerState] INFO  server.RaftServerConfigKeys (ConfUtils.java:logGet(46)) - raft.server.leaderelection.pre-vote = false (custom)
2022-10-25 12:15:24,604 [86ba6119-8a76-46a4-9f38-747fe10c9207@group-0A56FE1FF9EF-FollowerState] INFO  impl.RoleInfo (RoleInfo.java:updateAndGet(139)) - 86ba6119-8a76-46a4-9f38-747fe10c9207: start 86ba6119-8a76-46a4-9f38-747fe10c9207@group-0A56FE1FF9EF-LeaderElection15
2022-10-25 12:15:24,615 [86ba6119-8a76-46a4-9f38-747fe10c9207@group-0A56FE1FF9EF-LeaderElection15] INFO  impl.LeaderElection (LeaderElection.java:askForVotes(312)) - 86ba6119-8a76-46a4-9f38-747fe10c9207@group-0A56FE1FF9EF-LeaderElection15 ELECTION round 0: submit vote requests at term 1 for -1: peers:[86ba6119-8a76-46a4-9f38-747fe10c9207|rpc:10.1.1.43:42323|priority:1|startupRole:FOLLOWER]|listeners:[], old=null
2022-10-25 12:15:24,615 [86ba6119-8a76-46a4-9f38-747fe10c9207@group-0A56FE1FF9EF-LeaderElection15] INFO  impl.LeaderElection (LeaderElection.java:askForVotes(314)) - 86ba6119-8a76-46a4-9f38-747fe10c9207@group-0A56FE1FF9EF-LeaderElection15 ELECTION round 0: result PASSED (term=1)
2022-10-25 12:15:24,616 [86ba6119-8a76-46a4-9f38-747fe10c9207@group-0A56FE1FF9EF-LeaderElection15] INFO  impl.RoleInfo (RoleInfo.java:shutdownLeaderElection(130)) - 86ba6119-8a76-46a4-9f38-747fe10c9207: shutdown 86ba6119-8a76-46a4-9f38-747fe10c9207@group-0A56FE1FF9EF-LeaderElection15
2022-10-25 12:15:24,616 [86ba6119-8a76-46a4-9f38-747fe10c9207@group-0A56FE1FF9EF-LeaderElection15] INFO  server.RaftServer$Division (RaftServerImpl.java:setRole(321)) - 86ba6119-8a76-46a4-9f38-747fe10c9207@group-0A56FE1FF9EF: changes role from CANDIDATE to LEADER at term 1 for changeToLeader
2022-10-25 12:15:24,616 [86ba6119-8a76-46a4-9f38-747fe10c9207@group-0A56FE1FF9EF-LeaderElection15] INFO  ratis.XceiverServerRatis (XceiverServerRatis.java:handleLeaderChangedNotification(863)) - Leader change notification received for group: group-0A56FE1FF9EF with new leaderId: 86ba6119-8a76-46a4-9f38-747fe10c9207
2022-10-25 12:15:24,616 [86ba6119-8a76-46a4-9f38-747fe10c9207@group-0A56FE1FF9EF-LeaderElection15] INFO  server.RaftServer$Division (ServerState.java:setLeader(313)) - 86ba6119-8a76-46a4-9f38-747fe10c9207@group-0A56FE1FF9EF: change Leader from null to 86ba6119-8a76-46a4-9f38-747fe10c9207 at term 1 for becomeLeader, leader elected after 5188ms
2022-10-25 12:15:24,624 [86ba6119-8a76-46a4-9f38-747fe10c9207@group-0A56FE1FF9EF-LeaderElection15] INFO  server.RaftServerConfigKeys (ConfUtils.java:logGet(46)) - raft.server.staging.catchup.gap = 1000 (default)
2022-10-25 12:15:24,627 [EventQueue-OpenPipelineForHealthyPipelineSafeModeRule] INFO  safemode.SCMSafeModeManager (HealthyPipelineSafeModeRule.java:process(137)) - SCM in safe mode. Healthy pipelines reported count is 0, required healthy pipeline reported count is 1
2022-10-25 12:15:24,628 [0a1cfcca-7ba7-43aa-b517-08505af7a09b@group-D1CF6F441345-FollowerState] INFO  impl.FollowerState (FollowerState.java:run(143)) - 0a1cfcca-7ba7-43aa-b517-08505af7a09b@group-D1CF6F441345-FollowerState: change to CANDIDATE, lastRpcElapsedTime:5068093711ns, electionTimeout:5053ms
2022-10-25 12:15:24,628 [0a1cfcca-7ba7-43aa-b517-08505af7a09b@group-D1CF6F441345-FollowerState] INFO  impl.RoleInfo (RoleInfo.java:shutdownFollowerState(110)) - 0a1cfcca-7ba7-43aa-b517-08505af7a09b: shutdown 0a1cfcca-7ba7-43aa-b517-08505af7a09b@group-D1CF6F441345-FollowerState
2022-10-25 12:15:24,628 [0a1cfcca-7ba7-43aa-b517-08505af7a09b@group-D1CF6F441345-FollowerState] INFO  server.RaftServer$Division (RaftServerImpl.java:setRole(321)) - 0a1cfcca-7ba7-43aa-b517-08505af7a09b@group-D1CF6F441345: changes role from  FOLLOWER to CANDIDATE at term 0 for changeToCandidate
2022-10-25 12:15:24,628 [0a1cfcca-7ba7-43aa-b517-08505af7a09b@group-D1CF6F441345-FollowerState] INFO  server.RaftServerConfigKeys (ConfUtils.java:logGet(46)) - raft.server.leaderelection.pre-vote = false (custom)
2022-10-25 12:15:24,628 [0a1cfcca-7ba7-43aa-b517-08505af7a09b@group-D1CF6F441345-FollowerState] INFO  impl.RoleInfo (RoleInfo.java:updateAndGet(139)) - 0a1cfcca-7ba7-43aa-b517-08505af7a09b: start 0a1cfcca-7ba7-43aa-b517-08505af7a09b@group-D1CF6F441345-LeaderElection16
2022-10-25 12:15:24,636 [86ba6119-8a76-46a4-9f38-747fe10c9207@group-0A56FE1FF9EF-LeaderElection15] INFO  server.RaftServerConfigKeys (ConfUtils.java:logGet(46)) - raft.server.write.element-limit = 1024 (custom)
2022-10-25 12:15:24,637 [86ba6119-8a76-46a4-9f38-747fe10c9207@group-0A56FE1FF9EF-LeaderElection15] INFO  server.RaftServerConfigKeys (ConfUtils.java:logGet(46)) - raft.server.write.byte-limit = 1024 M (=1073741824) (custom)
2022-10-25 12:15:24,637 [86ba6119-8a76-46a4-9f38-747fe10c9207@group-0A56FE1FF9EF-LeaderElection15] INFO  server.RaftServerConfigKeys (ConfUtils.java:logGet(46)) - raft.server.watch.timeout = 180s (custom)
2022-10-25 12:15:24,637 [86ba6119-8a76-46a4-9f38-747fe10c9207@group-0A56FE1FF9EF-LeaderElection15] INFO  server.RaftServerConfigKeys (ConfUtils.java:logGet(46)) - raft.server.watch.timeout.denomination = 1s (default)
2022-10-25 12:15:24,637 [86ba6119-8a76-46a4-9f38-747fe10c9207@group-0A56FE1FF9EF-LeaderElection15] INFO  server.RaftServerConfigKeys (ConfUtils.java:logGet(46)) - raft.server.watch.element-limit = 65536 (default)
2022-10-25 12:15:24,637 [grpc-default-executor-1] INFO  server.RaftServer$Division (RaftServerImpl.java:requestVote(1218)) - 907eb2bb-0522-4d6b-bbf0-1b213cc99331@group-D1CF6F441345: receive requestVote(ELECTION, 86ba6119-8a76-46a4-9f38-747fe10c9207, group-D1CF6F441345, 1, (t:0, i:0))
2022-10-25 12:15:24,637 [86ba6119-8a76-46a4-9f38-747fe10c9207@group-0A56FE1FF9EF-LeaderElection15] INFO  server.RaftServerConfigKeys (ConfUtils.java:logGet(46)) - raft.server.write.element-limit = 1024 (custom)
2022-10-25 12:15:24,637 [grpc-default-executor-1] INFO  impl.VoteContext (VoteContext.java:log(48)) - 907eb2bb-0522-4d6b-bbf0-1b213cc99331@group-D1CF6F441345-FOLLOWER: accept ELECTION from 86ba6119-8a76-46a4-9f38-747fe10c9207: our priority 0 <= candidate's priority 0
2022-10-25 12:15:24,637 [86ba6119-8a76-46a4-9f38-747fe10c9207@group-0A56FE1FF9EF-LeaderElection15] INFO  server.RaftServerConfigKeys (ConfUtils.java:logGet(46)) - raft.server.write.follower.gap.ratio.max = -1.0 (default)
2022-10-25 12:15:24,637 [grpc-default-executor-1] INFO  server.RaftServer$Division (RaftServerImpl.java:setRole(321)) - 907eb2bb-0522-4d6b-bbf0-1b213cc99331@group-D1CF6F441345: changes role from  FOLLOWER to FOLLOWER at term 1 for candidate:86ba6119-8a76-46a4-9f38-747fe10c9207
2022-10-25 12:15:24,637 [86ba6119-8a76-46a4-9f38-747fe10c9207@group-0A56FE1FF9EF-LeaderElection15] INFO  impl.RoleInfo (RoleInfo.java:updateAndGet(139)) - 86ba6119-8a76-46a4-9f38-747fe10c9207: start 86ba6119-8a76-46a4-9f38-747fe10c9207@group-0A56FE1FF9EF-LeaderStateImpl
2022-10-25 12:15:24,637 [grpc-default-executor-1] INFO  impl.RoleInfo (RoleInfo.java:shutdownFollowerState(110)) - 907eb2bb-0522-4d6b-bbf0-1b213cc99331: shutdown 907eb2bb-0522-4d6b-bbf0-1b213cc99331@group-D1CF6F441345-FollowerState
2022-10-25 12:15:24,638 [grpc-default-executor-1] INFO  impl.RoleInfo (RoleInfo.java:updateAndGet(139)) - 907eb2bb-0522-4d6b-bbf0-1b213cc99331: start 907eb2bb-0522-4d6b-bbf0-1b213cc99331@group-D1CF6F441345-FollowerState
2022-10-25 12:15:24,638 [86ba6119-8a76-46a4-9f38-747fe10c9207@group-0A56FE1FF9EF-LeaderElection15] INFO  segmented.SegmentedRaftLogWorker (SegmentedRaftLogWorker.java:startLogSegment(452)) - 86ba6119-8a76-46a4-9f38-747fe10c9207@group-0A56FE1FF9EF-SegmentedRaftLogWorker: Starting segment from index:0
2022-10-25 12:15:24,638 [907eb2bb-0522-4d6b-bbf0-1b213cc99331@group-D1CF6F441345-FollowerState] INFO  impl.FollowerState (FollowerState.java:run(152)) - 907eb2bb-0522-4d6b-bbf0-1b213cc99331@group-D1CF6F441345-FollowerState was interrupted
2022-10-25 12:15:24,639 [grpc-default-executor-0] INFO  server.RaftServer$Division (RaftServerImpl.java:requestVote(1218)) - 0a1cfcca-7ba7-43aa-b517-08505af7a09b@group-D1CF6F441345: receive requestVote(ELECTION, 86ba6119-8a76-46a4-9f38-747fe10c9207, group-D1CF6F441345, 1, (t:0, i:0))
2022-10-25 12:15:24,639 [907eb2bb-0522-4d6b-bbf0-1b213cc99331@group-D1CF6F441345-FollowerState] INFO  server.RaftServerConfigKeys (ConfUtils.java:logFallback(53)) - raft.server.rpc.first-election.timeout.min = 5s (fallback to raft.server.rpc.timeout.min)
2022-10-25 12:15:24,639 [907eb2bb-0522-4d6b-bbf0-1b213cc99331@group-D1CF6F441345-FollowerState] INFO  server.RaftServerConfigKeys (ConfUtils.java:logFallback(53)) - raft.server.rpc.first-election.timeout.max = 5200ms (fallback to raft.server.rpc.timeout.max)
2022-10-25 12:15:24,642 [grpc-default-executor-0] INFO  impl.VoteContext (VoteContext.java:log(48)) - 0a1cfcca-7ba7-43aa-b517-08505af7a09b@group-D1CF6F441345-CANDIDATE: reject ELECTION from 86ba6119-8a76-46a4-9f38-747fe10c9207: our priority 1 > candidate's priority 0
2022-10-25 12:15:24,642 [grpc-default-executor-0] INFO  server.RaftServer$Division (RaftServerImpl.java:setRole(321)) - 0a1cfcca-7ba7-43aa-b517-08505af7a09b@group-D1CF6F441345: changes role from CANDIDATE to FOLLOWER at term 1 for candidate:86ba6119-8a76-46a4-9f38-747fe10c9207
2022-10-25 12:15:24,642 [grpc-default-executor-0] INFO  impl.RoleInfo (RoleInfo.java:shutdownLeaderElection(130)) - 0a1cfcca-7ba7-43aa-b517-08505af7a09b: shutdown 0a1cfcca-7ba7-43aa-b517-08505af7a09b@group-D1CF6F441345-LeaderElection16
2022-10-25 12:15:24,642 [grpc-default-executor-0] INFO  impl.RoleInfo (RoleInfo.java:updateAndGet(139)) - 0a1cfcca-7ba7-43aa-b517-08505af7a09b: start 0a1cfcca-7ba7-43aa-b517-08505af7a09b@group-D1CF6F441345-FollowerState
2022-10-25 12:15:24,645 [0a1cfcca-7ba7-43aa-b517-08505af7a09b@group-D1CF6F441345-LeaderElection16] INFO  impl.LeaderElection (LeaderElection.java:run(233)) - 0a1cfcca-7ba7-43aa-b517-08505af7a09b@group-D1CF6F441345-LeaderElection16: skip running since this is already CLOSING
2022-10-25 12:15:24,656 [grpc-default-executor-0] INFO  server.RaftServer$Division (RaftServerImpl.java:requestVote(1251)) - 0a1cfcca-7ba7-43aa-b517-08505af7a09b@group-D1CF6F441345 replies to ELECTION vote request: 86ba6119-8a76-46a4-9f38-747fe10c9207<-0a1cfcca-7ba7-43aa-b517-08505af7a09b#0:FAIL-t1. Peer's state: 0a1cfcca-7ba7-43aa-b517-08505af7a09b@group-D1CF6F441345:t1, leader=null, voted=null, raftlog=Memoized:0a1cfcca-7ba7-43aa-b517-08505af7a09b@group-D1CF6F441345-SegmentedRaftLog:OPENED:c-1, conf=-1: peers:[0a1cfcca-7ba7-43aa-b517-08505af7a09b|rpc:10.1.1.43:43175|dataStream:|priority:1|startupRole:FOLLOWER, 86ba6119-8a76-46a4-9f38-747fe10c9207|rpc:10.1.1.43:42323|dataStream:|priority:0|startupRole:FOLLOWER, 907eb2bb-0522-4d6b-bbf0-1b213cc99331|rpc:10.1.1.43:40069|dataStream:|priority:0|startupRole:FOLLOWER]|listeners:[], old=null
2022-10-25 12:15:24,654 [0a1cfcca-7ba7-43aa-b517-08505af7a09b@group-D1CF6F441345-FollowerState] INFO  server.RaftServerConfigKeys (ConfUtils.java:logFallback(53)) - raft.server.rpc.first-election.timeout.min = 5s (fallback to raft.server.rpc.timeout.min)
2022-10-25 12:15:24,654 [86ba6119-8a76-46a4-9f38-747fe10c9207@group-A2CE196D64DA-FollowerState] INFO  impl.FollowerState (FollowerState.java:run(143)) - 86ba6119-8a76-46a4-9f38-747fe10c9207@group-A2CE196D64DA-FollowerState: change to CANDIDATE, lastRpcElapsedTime:5032622827ns, electionTimeout:5030ms
2022-10-25 12:15:24,665 [86ba6119-8a76-46a4-9f38-747fe10c9207@group-A2CE196D64DA-FollowerState] INFO  impl.RoleInfo (RoleInfo.java:shutdownFollowerState(110)) - 86ba6119-8a76-46a4-9f38-747fe10c9207: shutdown 86ba6119-8a76-46a4-9f38-747fe10c9207@group-A2CE196D64DA-FollowerState
2022-10-25 12:15:24,665 [86ba6119-8a76-46a4-9f38-747fe10c9207@group-A2CE196D64DA-FollowerState] INFO  server.RaftServer$Division (RaftServerImpl.java:setRole(321)) - 86ba6119-8a76-46a4-9f38-747fe10c9207@group-A2CE196D64DA: changes role from  FOLLOWER to CANDIDATE at term 0 for changeToCandidate
2022-10-25 12:15:24,665 [86ba6119-8a76-46a4-9f38-747fe10c9207@group-A2CE196D64DA-FollowerState] INFO  server.RaftServerConfigKeys (ConfUtils.java:logGet(46)) - raft.server.leaderelection.pre-vote = false (custom)
2022-10-25 12:15:24,665 [86ba6119-8a76-46a4-9f38-747fe10c9207@group-A2CE196D64DA-FollowerState] INFO  impl.RoleInfo (RoleInfo.java:updateAndGet(139)) - 86ba6119-8a76-46a4-9f38-747fe10c9207: start 86ba6119-8a76-46a4-9f38-747fe10c9207@group-A2CE196D64DA-LeaderElection17
2022-10-25 12:15:24,654 [86ba6119-8a76-46a4-9f38-747fe10c9207@group-0A56FE1FF9EF-LeaderElection15] INFO  server.RaftServer$Division (ServerState.java:setRaftConf(430)) - 86ba6119-8a76-46a4-9f38-747fe10c9207@group-0A56FE1FF9EF: set configuration 0: peers:[86ba6119-8a76-46a4-9f38-747fe10c9207|rpc:10.1.1.43:42323|dataStream:|priority:1|startupRole:FOLLOWER]|listeners:[], old=null
2022-10-25 12:15:24,646 [86ba6119-8a76-46a4-9f38-747fe10c9207@group-0A56FE1FF9EF-SegmentedRaftLogWorker] INFO  segmented.SegmentedRaftLogWorker (SegmentedRaftLogWorker.java:execute(656)) - 86ba6119-8a76-46a4-9f38-747fe10c9207@group-0A56FE1FF9EF-SegmentedRaftLogWorker: created new log segment /home/runner/work/ozone/ozone/hadoop-ozone/integration-test/target/test-dir/MiniOzoneClusterImpl-59fd4bbb-78e8-4c50-bd4e-19e5c7f0d0cd/datanode-6/data/ratis/cc640d43-417d-4dcd-bd1f-0a56fe1ff9ef/current/log_inprogress_0
2022-10-25 12:15:24,646 [grpc-default-executor-1] INFO  server.RaftServer$Division (RaftServerImpl.java:requestVote(1251)) - 907eb2bb-0522-4d6b-bbf0-1b213cc99331@group-D1CF6F441345 replies to ELECTION vote request: 86ba6119-8a76-46a4-9f38-747fe10c9207<-907eb2bb-0522-4d6b-bbf0-1b213cc99331#0:OK-t1. Peer's state: 907eb2bb-0522-4d6b-bbf0-1b213cc99331@group-D1CF6F441345:t1, leader=null, voted=86ba6119-8a76-46a4-9f38-747fe10c9207, raftlog=Memoized:907eb2bb-0522-4d6b-bbf0-1b213cc99331@group-D1CF6F441345-SegmentedRaftLog:OPENED:c-1, conf=-1: peers:[0a1cfcca-7ba7-43aa-b517-08505af7a09b|rpc:10.1.1.43:43175|dataStream:|priority:1|startupRole:FOLLOWER, 86ba6119-8a76-46a4-9f38-747fe10c9207|rpc:10.1.1.43:42323|dataStream:|priority:0|startupRole:FOLLOWER, 907eb2bb-0522-4d6b-bbf0-1b213cc99331|rpc:10.1.1.43:40069|dataStream:|priority:0|startupRole:FOLLOWER]|listeners:[], old=null
2022-10-25 12:15:24,665 [0a1cfcca-7ba7-43aa-b517-08505af7a09b@group-D1CF6F441345-FollowerState] INFO  server.RaftServerConfigKeys (ConfUtils.java:logFallback(53)) - raft.server.rpc.first-election.timeout.max = 5200ms (fallback to raft.server.rpc.timeout.max)
2022-10-25 12:15:24,665 [86ba6119-8a76-46a4-9f38-747fe10c9207@group-D1CF6F441345-LeaderElection14] INFO  impl.LeaderElection (LeaderElection.java:logAndReturn(90)) - 86ba6119-8a76-46a4-9f38-747fe10c9207@group-D1CF6F441345-LeaderElection14: ELECTION REJECTED received 1 response(s) and 0 exception(s):
2022-10-25 12:15:24,677 [86ba6119-8a76-46a4-9f38-747fe10c9207@group-D1CF6F441345-LeaderElection14] INFO  impl.LeaderElection (LeaderElection.java:logAndReturn(94)) -   Response 0: 86ba6119-8a76-46a4-9f38-747fe10c9207<-0a1cfcca-7ba7-43aa-b517-08505af7a09b#0:FAIL-t1
2022-10-25 12:15:24,677 [86ba6119-8a76-46a4-9f38-747fe10c9207@group-D1CF6F441345-LeaderElection14] INFO  impl.LeaderElection (LeaderElection.java:askForVotes(314)) - 86ba6119-8a76-46a4-9f38-747fe10c9207@group-D1CF6F441345-LeaderElection14 ELECTION round 0: result REJECTED
2022-10-25 12:15:24,677 [86ba6119-8a76-46a4-9f38-747fe10c9207@group-D1CF6F441345-LeaderElection14] INFO  server.RaftServer$Division (RaftServerImpl.java:setRole(321)) - 86ba6119-8a76-46a4-9f38-747fe10c9207@group-D1CF6F441345: changes role from CANDIDATE to FOLLOWER at term 1 for REJECTED
2022-10-25 12:15:24,677 [86ba6119-8a76-46a4-9f38-747fe10c9207@group-D1CF6F441345-LeaderElection14] INFO  impl.RoleInfo (RoleInfo.java:shutdownLeaderElection(130)) - 86ba6119-8a76-46a4-9f38-747fe10c9207: shutdown 86ba6119-8a76-46a4-9f38-747fe10c9207@group-D1CF6F441345-LeaderElection14
2022-10-25 12:15:24,677 [86ba6119-8a76-46a4-9f38-747fe10c9207@group-D1CF6F441345-LeaderElection14] INFO  impl.RoleInfo (RoleInfo.java:updateAndGet(139)) - 86ba6119-8a76-46a4-9f38-747fe10c9207: start 86ba6119-8a76-46a4-9f38-747fe10c9207@group-D1CF6F441345-FollowerState
2022-10-25 12:15:24,681 [86ba6119-8a76-46a4-9f38-747fe10c9207@group-D1CF6F441345-FollowerState] INFO  server.RaftServerConfigKeys (ConfUtils.java:logFallback(53)) - raft.server.rpc.first-election.timeout.min = 5s (fallback to raft.server.rpc.timeout.min)
2022-10-25 12:15:24,683 [86ba6119-8a76-46a4-9f38-747fe10c9207@group-D1CF6F441345-FollowerState] INFO  server.RaftServerConfigKeys (ConfUtils.java:logFallback(53)) - raft.server.rpc.first-election.timeout.max = 5200ms (fallback to raft.server.rpc.timeout.max)
2022-10-25 12:15:24,684 [86ba6119-8a76-46a4-9f38-747fe10c9207@group-A2CE196D64DA-LeaderElection17] INFO  impl.LeaderElection (LeaderElection.java:askForVotes(312)) - 86ba6119-8a76-46a4-9f38-747fe10c9207@group-A2CE196D64DA-LeaderElection17 ELECTION round 0: submit vote requests at term 1 for -1: peers:[0a1cfcca-7ba7-43aa-b517-08505af7a09b|rpc:10.1.1.43:43175|priority:0|startupRole:FOLLOWER, 86ba6119-8a76-46a4-9f38-747fe10c9207|rpc:10.1.1.43:42323|priority:0|startupRole:FOLLOWER, 907eb2bb-0522-4d6b-bbf0-1b213cc99331|rpc:10.1.1.43:40069|priority:1|startupRole:FOLLOWER]|listeners:[], old=null
2022-10-25 12:15:24,684 [86ba6119-8a76-46a4-9f38-747fe10c9207@group-A2CE196D64DA-LeaderElection17] INFO  server.RaftServerConfigKeys (ConfUtils.java:logFallback(53)) - raft.server.rpc.first-election.timeout.min = 5s (fallback to raft.server.rpc.timeout.min)
2022-10-25 12:15:24,685 [86ba6119-8a76-46a4-9f38-747fe10c9207@group-A2CE196D64DA-LeaderElection17] INFO  server.RaftServerConfigKeys (ConfUtils.java:logFallback(53)) - raft.server.rpc.first-election.timeout.max = 5200ms (fallback to raft.server.rpc.timeout.max)
2022-10-25 12:15:24,688 [grpc-default-executor-1] INFO  server.RaftServer$Division (RaftServerImpl.java:requestVote(1218)) - 0a1cfcca-7ba7-43aa-b517-08505af7a09b@group-A2CE196D64DA: receive requestVote(ELECTION, 86ba6119-8a76-46a4-9f38-747fe10c9207, group-A2CE196D64DA, 1, (t:0, i:0))
2022-10-25 12:15:24,688 [grpc-default-executor-1] INFO  impl.VoteContext (VoteContext.java:log(48)) - 0a1cfcca-7ba7-43aa-b517-08505af7a09b@group-A2CE196D64DA-FOLLOWER: accept ELECTION from 86ba6119-8a76-46a4-9f38-747fe10c9207: our priority 0 <= candidate's priority 0
2022-10-25 12:15:24,688 [grpc-default-executor-1] INFO  server.RaftServer$Division (RaftServerImpl.java:setRole(321)) - 0a1cfcca-7ba7-43aa-b517-08505af7a09b@group-A2CE196D64DA: changes role from  FOLLOWER to FOLLOWER at term 1 for candidate:86ba6119-8a76-46a4-9f38-747fe10c9207
2022-10-25 12:15:24,688 [grpc-default-executor-1] INFO  impl.RoleInfo (RoleInfo.java:shutdownFollowerState(110)) - 0a1cfcca-7ba7-43aa-b517-08505af7a09b: shutdown 0a1cfcca-7ba7-43aa-b517-08505af7a09b@group-A2CE196D64DA-FollowerState
2022-10-25 12:15:24,688 [grpc-default-executor-1] INFO  impl.RoleInfo (RoleInfo.java:updateAndGet(139)) - 0a1cfcca-7ba7-43aa-b517-08505af7a09b: start 0a1cfcca-7ba7-43aa-b517-08505af7a09b@group-A2CE196D64DA-FollowerState
2022-10-25 12:15:24,688 [0a1cfcca-7ba7-43aa-b517-08505af7a09b@group-A2CE196D64DA-FollowerState] INFO  impl.FollowerState (FollowerState.java:run(152)) - 0a1cfcca-7ba7-43aa-b517-08505af7a09b@group-A2CE196D64DA-FollowerState was interrupted
2022-10-25 12:15:24,689 [grpc-default-executor-0] INFO  server.RaftServer$Division (RaftServerImpl.java:requestVote(1218)) - 907eb2bb-0522-4d6b-bbf0-1b213cc99331@group-A2CE196D64DA: receive requestVote(ELECTION, 86ba6119-8a76-46a4-9f38-747fe10c9207, group-A2CE196D64DA, 1, (t:0, i:0))
2022-10-25 12:15:24,689 [grpc-default-executor-0] INFO  impl.VoteContext (VoteContext.java:log(48)) - 907eb2bb-0522-4d6b-bbf0-1b213cc99331@group-A2CE196D64DA-FOLLOWER: reject ELECTION from 86ba6119-8a76-46a4-9f38-747fe10c9207: our priority 1 > candidate's priority 0
2022-10-25 12:15:24,689 [grpc-default-executor-0] INFO  server.RaftServer$Division (RaftServerImpl.java:setRole(321)) - 907eb2bb-0522-4d6b-bbf0-1b213cc99331@group-A2CE196D64DA: changes role from  FOLLOWER to FOLLOWER at term 1 for candidate:86ba6119-8a76-46a4-9f38-747fe10c9207
2022-10-25 12:15:24,690 [grpc-default-executor-0] INFO  impl.RoleInfo (RoleInfo.java:shutdownFollowerState(110)) - 907eb2bb-0522-4d6b-bbf0-1b213cc99331: shutdown 907eb2bb-0522-4d6b-bbf0-1b213cc99331@group-A2CE196D64DA-FollowerState
2022-10-25 12:15:24,690 [grpc-default-executor-0] INFO  impl.RoleInfo (RoleInfo.java:updateAndGet(139)) - 907eb2bb-0522-4d6b-bbf0-1b213cc99331: start 907eb2bb-0522-4d6b-bbf0-1b213cc99331@group-A2CE196D64DA-FollowerState
2022-10-25 12:15:24,690 [907eb2bb-0522-4d6b-bbf0-1b213cc99331@group-A2CE196D64DA-FollowerState] INFO  impl.FollowerState (FollowerState.java:run(152)) - 907eb2bb-0522-4d6b-bbf0-1b213cc99331@group-A2CE196D64DA-FollowerState was interrupted
2022-10-25 12:15:24,694 [907eb2bb-0522-4d6b-bbf0-1b213cc99331@group-A2CE196D64DA-FollowerState] INFO  server.RaftServerConfigKeys (ConfUtils.java:logFallback(53)) - raft.server.rpc.first-election.timeout.min = 5s (fallback to raft.server.rpc.timeout.min)
2022-10-25 12:15:24,694 [907eb2bb-0522-4d6b-bbf0-1b213cc99331@group-A2CE196D64DA-FollowerState] INFO  server.RaftServerConfigKeys (ConfUtils.java:logFallback(53)) - raft.server.rpc.first-election.timeout.max = 5200ms (fallback to raft.server.rpc.timeout.max)
2022-10-25 12:15:24,695 [grpc-default-executor-1] INFO  server.RaftServer$Division (RaftServerImpl.java:requestVote(1251)) - 0a1cfcca-7ba7-43aa-b517-08505af7a09b@group-A2CE196D64DA replies to ELECTION vote request: 86ba6119-8a76-46a4-9f38-747fe10c9207<-0a1cfcca-7ba7-43aa-b517-08505af7a09b#0:OK-t1. Peer's state: 0a1cfcca-7ba7-43aa-b517-08505af7a09b@group-A2CE196D64DA:t1, leader=null, voted=86ba6119-8a76-46a4-9f38-747fe10c9207, raftlog=Memoized:0a1cfcca-7ba7-43aa-b517-08505af7a09b@group-A2CE196D64DA-SegmentedRaftLog:OPENED:c-1, conf=-1: peers:[0a1cfcca-7ba7-43aa-b517-08505af7a09b|rpc:10.1.1.43:43175|dataStream:|priority:0|startupRole:FOLLOWER, 86ba6119-8a76-46a4-9f38-747fe10c9207|rpc:10.1.1.43:42323|dataStream:|priority:0|startupRole:FOLLOWER, 907eb2bb-0522-4d6b-bbf0-1b213cc99331|rpc:10.1.1.43:40069|dataStream:|priority:1|startupRole:FOLLOWER]|listeners:[], old=null
2022-10-25 12:15:24,697 [grpc-default-executor-0] INFO  server.RaftServer$Division (RaftServerImpl.java:requestVote(1251)) - 907eb2bb-0522-4d6b-bbf0-1b213cc99331@group-A2CE196D64DA replies to ELECTION vote request: 86ba6119-8a76-46a4-9f38-747fe10c9207<-907eb2bb-0522-4d6b-bbf0-1b213cc99331#0:FAIL-t1. Peer's state: 907eb2bb-0522-4d6b-bbf0-1b213cc99331@group-A2CE196D64DA:t1, leader=null, voted=null, raftlog=Memoized:907eb2bb-0522-4d6b-bbf0-1b213cc99331@group-A2CE196D64DA-SegmentedRaftLog:OPENED:c-1, conf=-1: peers:[0a1cfcca-7ba7-43aa-b517-08505af7a09b|rpc:10.1.1.43:43175|dataStream:|priority:0|startupRole:FOLLOWER, 86ba6119-8a76-46a4-9f38-747fe10c9207|rpc:10.1.1.43:42323|dataStream:|priority:0|startupRole:FOLLOWER, 907eb2bb-0522-4d6b-bbf0-1b213cc99331|rpc:10.1.1.43:40069|dataStream:|priority:1|startupRole:FOLLOWER]|listeners:[], old=null
2022-10-25 12:15:24,698 [86ba6119-8a76-46a4-9f38-747fe10c9207@group-A2CE196D64DA-LeaderElection17] INFO  impl.LeaderElection (LeaderElection.java:logAndReturn(90)) - 86ba6119-8a76-46a4-9f38-747fe10c9207@group-A2CE196D64DA-LeaderElection17: ELECTION REJECTED received 2 response(s) and 0 exception(s):
2022-10-25 12:15:24,698 [86ba6119-8a76-46a4-9f38-747fe10c9207@group-A2CE196D64DA-LeaderElection17] INFO  impl.LeaderElection (LeaderElection.java:logAndReturn(94)) -   Response 0: 86ba6119-8a76-46a4-9f38-747fe10c9207<-0a1cfcca-7ba7-43aa-b517-08505af7a09b#0:OK-t1
2022-10-25 12:15:24,698 [86ba6119-8a76-46a4-9f38-747fe10c9207@group-A2CE196D64DA-LeaderElection17] INFO  impl.LeaderElection (LeaderElection.java:logAndReturn(94)) -   Response 1: 86ba6119-8a76-46a4-9f38-747fe10c9207<-907eb2bb-0522-4d6b-bbf0-1b213cc99331#0:FAIL-t1
2022-10-25 12:15:24,698 [86ba6119-8a76-46a4-9f38-747fe10c9207@group-A2CE196D64DA-LeaderElection17] INFO  impl.LeaderElection (LeaderElection.java:askForVotes(314)) - 86ba6119-8a76-46a4-9f38-747fe10c9207@group-A2CE196D64DA-LeaderElection17 ELECTION round 0: result REJECTED
2022-10-25 12:15:24,698 [86ba6119-8a76-46a4-9f38-747fe10c9207@group-A2CE196D64DA-LeaderElection17] INFO  server.RaftServer$Division (RaftServerImpl.java:setRole(321)) - 86ba6119-8a76-46a4-9f38-747fe10c9207@group-A2CE196D64DA: changes role from CANDIDATE to FOLLOWER at term 1 for REJECTED
2022-10-25 12:15:24,698 [86ba6119-8a76-46a4-9f38-747fe10c9207@group-A2CE196D64DA-LeaderElection17] INFO  impl.RoleInfo (RoleInfo.java:shutdownLeaderElection(130)) - 86ba6119-8a76-46a4-9f38-747fe10c9207: shutdown 86ba6119-8a76-46a4-9f38-747fe10c9207@group-A2CE196D64DA-LeaderElection17
2022-10-25 12:15:24,698 [86ba6119-8a76-46a4-9f38-747fe10c9207@group-A2CE196D64DA-LeaderElection17] INFO  impl.RoleInfo (RoleInfo.java:updateAndGet(139)) - 86ba6119-8a76-46a4-9f38-747fe10c9207: start 86ba6119-8a76-46a4-9f38-747fe10c9207@group-A2CE196D64DA-FollowerState
2022-10-25 12:15:24,699 [0a1cfcca-7ba7-43aa-b517-08505af7a09b@group-A2CE196D64DA-FollowerState] INFO  server.RaftServerConfigKeys (ConfUtils.java:logFallback(53)) - raft.server.rpc.first-election.timeout.min = 5s (fallback to raft.server.rpc.timeout.min)
2022-10-25 12:15:24,699 [0a1cfcca-7ba7-43aa-b517-08505af7a09b@group-A2CE196D64DA-FollowerState] INFO  server.RaftServerConfigKeys (ConfUtils.java:logFallback(53)) - raft.server.rpc.first-election.timeout.max = 5200ms (fallback to raft.server.rpc.timeout.max)
2022-10-25 12:15:24,701 [86ba6119-8a76-46a4-9f38-747fe10c9207@group-A2CE196D64DA-FollowerState] INFO  server.RaftServerConfigKeys (ConfUtils.java:logFallback(53)) - raft.server.rpc.first-election.timeout.min = 5s (fallback to raft.server.rpc.timeout.min)
2022-10-25 12:15:24,702 [86ba6119-8a76-46a4-9f38-747fe10c9207@group-A2CE196D64DA-FollowerState] INFO  server.RaftServerConfigKeys (ConfUtils.java:logFallback(53)) - raft.server.rpc.first-election.timeout.max = 5200ms (fallback to raft.server.rpc.timeout.max)
2022-10-25 12:15:24,947 [0a1cfcca-7ba7-43aa-b517-08505af7a09b@group-7646482EED7C-FollowerState] INFO  impl.FollowerState (FollowerState.java:run(143)) - 0a1cfcca-7ba7-43aa-b517-08505af7a09b@group-7646482EED7C-FollowerState: change to CANDIDATE, lastRpcElapsedTime:5142779746ns, electionTimeout:5142ms
2022-10-25 12:15:24,948 [0a1cfcca-7ba7-43aa-b517-08505af7a09b@group-7646482EED7C-FollowerState] INFO  impl.RoleInfo (RoleInfo.java:shutdownFollowerState(110)) - 0a1cfcca-7ba7-43aa-b517-08505af7a09b: shutdown 0a1cfcca-7ba7-43aa-b517-08505af7a09b@group-7646482EED7C-FollowerState
2022-10-25 12:15:24,948 [0a1cfcca-7ba7-43aa-b517-08505af7a09b@group-7646482EED7C-FollowerState] INFO  server.RaftServer$Division (RaftServerImpl.java:setRole(321)) - 0a1cfcca-7ba7-43aa-b517-08505af7a09b@group-7646482EED7C: changes role from  FOLLOWER to CANDIDATE at term 0 for changeToCandidate
2022-10-25 12:15:24,948 [0a1cfcca-7ba7-43aa-b517-08505af7a09b@group-7646482EED7C-FollowerState] INFO  server.RaftServerConfigKeys (ConfUtils.java:logGet(46)) - raft.server.leaderelection.pre-vote = false (custom)
2022-10-25 12:15:24,948 [0a1cfcca-7ba7-43aa-b517-08505af7a09b@group-7646482EED7C-FollowerState] INFO  impl.RoleInfo (RoleInfo.java:updateAndGet(139)) - 0a1cfcca-7ba7-43aa-b517-08505af7a09b: start 0a1cfcca-7ba7-43aa-b517-08505af7a09b@group-7646482EED7C-LeaderElection18
2022-10-25 12:15:24,952 [0a1cfcca-7ba7-43aa-b517-08505af7a09b@group-7646482EED7C-LeaderElection18] INFO  impl.LeaderElection (LeaderElection.java:askForVotes(312)) - 0a1cfcca-7ba7-43aa-b517-08505af7a09b@group-7646482EED7C-LeaderElection18 ELECTION round 0: submit vote requests at term 1 for -1: peers:[0a1cfcca-7ba7-43aa-b517-08505af7a09b|rpc:10.1.1.43:43175|priority:1|startupRole:FOLLOWER]|listeners:[], old=null
2022-10-25 12:15:24,952 [0a1cfcca-7ba7-43aa-b517-08505af7a09b@group-7646482EED7C-LeaderElection18] INFO  impl.LeaderElection (LeaderElection.java:askForVotes(314)) - 0a1cfcca-7ba7-43aa-b517-08505af7a09b@group-7646482EED7C-LeaderElection18 ELECTION round 0: result PASSED (term=1)
2022-10-25 12:15:24,952 [0a1cfcca-7ba7-43aa-b517-08505af7a09b@group-7646482EED7C-LeaderElection18] INFO  impl.RoleInfo (RoleInfo.java:shutdownLeaderElection(130)) - 0a1cfcca-7ba7-43aa-b517-08505af7a09b: shutdown 0a1cfcca-7ba7-43aa-b517-08505af7a09b@group-7646482EED7C-LeaderElection18
2022-10-25 12:15:24,952 [0a1cfcca-7ba7-43aa-b517-08505af7a09b@group-7646482EED7C-LeaderElection18] INFO  server.RaftServer$Division (RaftServerImpl.java:setRole(321)) - 0a1cfcca-7ba7-43aa-b517-08505af7a09b@group-7646482EED7C: changes role from CANDIDATE to LEADER at term 1 for changeToLeader
2022-10-25 12:15:24,952 [0a1cfcca-7ba7-43aa-b517-08505af7a09b@group-7646482EED7C-LeaderElection18] INFO  ratis.XceiverServerRatis (XceiverServerRatis.java:handleLeaderChangedNotification(863)) - Leader change notification received for group: group-7646482EED7C with new leaderId: 0a1cfcca-7ba7-43aa-b517-08505af7a09b
2022-10-25 12:15:24,952 [0a1cfcca-7ba7-43aa-b517-08505af7a09b@group-7646482EED7C-LeaderElection18] INFO  server.RaftServer$Division (ServerState.java:setLeader(313)) - 0a1cfcca-7ba7-43aa-b517-08505af7a09b@group-7646482EED7C: change Leader from null to 0a1cfcca-7ba7-43aa-b517-08505af7a09b at term 1 for becomeLeader, leader elected after 5157ms
2022-10-25 12:15:24,952 [0a1cfcca-7ba7-43aa-b517-08505af7a09b@group-7646482EED7C-LeaderElection18] INFO  server.RaftServerConfigKeys (ConfUtils.java:logGet(46)) - raft.server.staging.catchup.gap = 1000 (default)
2022-10-25 12:15:24,953 [0a1cfcca-7ba7-43aa-b517-08505af7a09b@group-7646482EED7C-LeaderElection18] INFO  server.RaftServerConfigKeys (ConfUtils.java:logGet(46)) - raft.server.write.element-limit = 1024 (custom)
2022-10-25 12:15:24,953 [0a1cfcca-7ba7-43aa-b517-08505af7a09b@group-7646482EED7C-LeaderElection18] INFO  server.RaftServerConfigKeys (ConfUtils.java:logGet(46)) - raft.server.write.byte-limit = 1024 M (=1073741824) (custom)
2022-10-25 12:15:24,953 [0a1cfcca-7ba7-43aa-b517-08505af7a09b@group-7646482EED7C-LeaderElection18] INFO  server.RaftServerConfigKeys (ConfUtils.java:logGet(46)) - raft.server.watch.timeout = 180s (custom)
2022-10-25 12:15:24,953 [0a1cfcca-7ba7-43aa-b517-08505af7a09b@group-7646482EED7C-LeaderElection18] INFO  server.RaftServerConfigKeys (ConfUtils.java:logGet(46)) - raft.server.watch.timeout.denomination = 1s (default)
2022-10-25 12:15:24,953 [0a1cfcca-7ba7-43aa-b517-08505af7a09b@group-7646482EED7C-LeaderElection18] INFO  server.RaftServerConfigKeys (ConfUtils.java:logGet(46)) - raft.server.watch.element-limit = 65536 (default)
2022-10-25 12:15:24,953 [0a1cfcca-7ba7-43aa-b517-08505af7a09b@group-7646482EED7C-LeaderElection18] INFO  server.RaftServerConfigKeys (ConfUtils.java:logGet(46)) - raft.server.write.element-limit = 1024 (custom)
2022-10-25 12:15:24,953 [0a1cfcca-7ba7-43aa-b517-08505af7a09b@group-7646482EED7C-LeaderElection18] INFO  server.RaftServerConfigKeys (ConfUtils.java:logGet(46)) - raft.server.write.follower.gap.ratio.max = -1.0 (default)
2022-10-25 12:15:24,953 [0a1cfcca-7ba7-43aa-b517-08505af7a09b@group-7646482EED7C-LeaderElection18] INFO  impl.RoleInfo (RoleInfo.java:updateAndGet(139)) - 0a1cfcca-7ba7-43aa-b517-08505af7a09b: start 0a1cfcca-7ba7-43aa-b517-08505af7a09b@group-7646482EED7C-LeaderStateImpl
2022-10-25 12:15:24,954 [0a1cfcca-7ba7-43aa-b517-08505af7a09b@group-7646482EED7C-LeaderElection18] INFO  segmented.SegmentedRaftLogWorker (SegmentedRaftLogWorker.java:startLogSegment(452)) - 0a1cfcca-7ba7-43aa-b517-08505af7a09b@group-7646482EED7C-SegmentedRaftLogWorker: Starting segment from index:0
2022-10-25 12:15:24,957 [0a1cfcca-7ba7-43aa-b517-08505af7a09b@group-7646482EED7C-LeaderElection18] INFO  server.RaftServer$Division (ServerState.java:setRaftConf(430)) - 0a1cfcca-7ba7-43aa-b517-08505af7a09b@group-7646482EED7C: set configuration 0: peers:[0a1cfcca-7ba7-43aa-b517-08505af7a09b|rpc:10.1.1.43:43175|dataStream:|priority:1|startupRole:FOLLOWER]|listeners:[], old=null
2022-10-25 12:15:24,957 [EventQueue-OpenPipelineForHealthyPipelineSafeModeRule] INFO  safemode.SCMSafeModeManager (HealthyPipelineSafeModeRule.java:process(137)) - SCM in safe mode. Healthy pipelines reported count is 0, required healthy pipeline reported count is 1
2022-10-25 12:15:24,960 [0a1cfcca-7ba7-43aa-b517-08505af7a09b@group-7646482EED7C-SegmentedRaftLogWorker] INFO  segmented.SegmentedRaftLogWorker (SegmentedRaftLogWorker.java:execute(656)) - 0a1cfcca-7ba7-43aa-b517-08505af7a09b@group-7646482EED7C-SegmentedRaftLogWorker: created new log segment /home/runner/work/ozone/ozone/hadoop-ozone/integration-test/target/test-dir/MiniOzoneClusterImpl-59fd4bbb-78e8-4c50-bd4e-19e5c7f0d0cd/datanode-7/data/ratis/dfe068ea-08e5-4a6b-83fc-7646482eed7c/current/log_inprogress_0
2022-10-25 12:15:25,429 [907eb2bb-0522-4d6b-bbf0-1b213cc99331@group-7E6AB8B5DD8D-FollowerState] INFO  impl.FollowerState (FollowerState.java:run(143)) - 907eb2bb-0522-4d6b-bbf0-1b213cc99331@group-7E6AB8B5DD8D-FollowerState: change to CANDIDATE, lastRpcElapsedTime:5201809982ns, electionTimeout:5200ms
2022-10-25 12:15:25,430 [907eb2bb-0522-4d6b-bbf0-1b213cc99331@group-7E6AB8B5DD8D-FollowerState] INFO  impl.RoleInfo (RoleInfo.java:shutdownFollowerState(110)) - 907eb2bb-0522-4d6b-bbf0-1b213cc99331: shutdown 907eb2bb-0522-4d6b-bbf0-1b213cc99331@group-7E6AB8B5DD8D-FollowerState
2022-10-25 12:15:25,430 [907eb2bb-0522-4d6b-bbf0-1b213cc99331@group-7E6AB8B5DD8D-FollowerState] INFO  server.RaftServer$Division (RaftServerImpl.java:setRole(321)) - 907eb2bb-0522-4d6b-bbf0-1b213cc99331@group-7E6AB8B5DD8D: changes role from  FOLLOWER to CANDIDATE at term 0 for changeToCandidate
2022-10-25 12:15:25,430 [907eb2bb-0522-4d6b-bbf0-1b213cc99331@group-7E6AB8B5DD8D-FollowerState] INFO  server.RaftServerConfigKeys (ConfUtils.java:logGet(46)) - raft.server.leaderelection.pre-vote = false (custom)
2022-10-25 12:15:25,430 [907eb2bb-0522-4d6b-bbf0-1b213cc99331@group-7E6AB8B5DD8D-FollowerState] INFO  impl.RoleInfo (RoleInfo.java:updateAndGet(139)) - 907eb2bb-0522-4d6b-bbf0-1b213cc99331: start 907eb2bb-0522-4d6b-bbf0-1b213cc99331@group-7E6AB8B5DD8D-LeaderElection19
2022-10-25 12:15:25,433 [907eb2bb-0522-4d6b-bbf0-1b213cc99331@group-7E6AB8B5DD8D-LeaderElection19] INFO  impl.LeaderElection (LeaderElection.java:askForVotes(312)) - 907eb2bb-0522-4d6b-bbf0-1b213cc99331@group-7E6AB8B5DD8D-LeaderElection19 ELECTION round 0: submit vote requests at term 1 for -1: peers:[907eb2bb-0522-4d6b-bbf0-1b213cc99331|rpc:10.1.1.43:40069|priority:1|startupRole:FOLLOWER]|listeners:[], old=null
2022-10-25 12:15:25,433 [907eb2bb-0522-4d6b-bbf0-1b213cc99331@group-7E6AB8B5DD8D-LeaderElection19] INFO  impl.LeaderElection (LeaderElection.java:askForVotes(314)) - 907eb2bb-0522-4d6b-bbf0-1b213cc99331@group-7E6AB8B5DD8D-LeaderElection19 ELECTION round 0: result PASSED (term=1)
2022-10-25 12:15:25,433 [907eb2bb-0522-4d6b-bbf0-1b213cc99331@group-7E6AB8B5DD8D-LeaderElection19] INFO  impl.RoleInfo (RoleInfo.java:shutdownLeaderElection(130)) - 907eb2bb-0522-4d6b-bbf0-1b213cc99331: shutdown 907eb2bb-0522-4d6b-bbf0-1b213cc99331@group-7E6AB8B5DD8D-LeaderElection19
2022-10-25 12:15:25,433 [907eb2bb-0522-4d6b-bbf0-1b213cc99331@group-7E6AB8B5DD8D-LeaderElection19] INFO  server.RaftServer$Division (RaftServerImpl.java:setRole(321)) - 907eb2bb-0522-4d6b-bbf0-1b213cc99331@group-7E6AB8B5DD8D: changes role from CANDIDATE to LEADER at term 1 for changeToLeader
2022-10-25 12:15:25,433 [907eb2bb-0522-4d6b-bbf0-1b213cc99331@group-7E6AB8B5DD8D-LeaderElection19] INFO  ratis.XceiverServerRatis (XceiverServerRatis.java:handleLeaderChangedNotification(863)) - Leader change notification received for group: group-7E6AB8B5DD8D with new leaderId: 907eb2bb-0522-4d6b-bbf0-1b213cc99331
2022-10-25 12:15:25,434 [907eb2bb-0522-4d6b-bbf0-1b213cc99331@group-7E6AB8B5DD8D-LeaderElection19] INFO  server.RaftServer$Division (ServerState.java:setLeader(313)) - 907eb2bb-0522-4d6b-bbf0-1b213cc99331@group-7E6AB8B5DD8D: change Leader from null to 907eb2bb-0522-4d6b-bbf0-1b213cc99331 at term 1 for becomeLeader, leader elected after 5222ms
2022-10-25 12:15:25,434 [907eb2bb-0522-4d6b-bbf0-1b213cc99331@group-7E6AB8B5DD8D-LeaderElection19] INFO  server.RaftServerConfigKeys (ConfUtils.java:logGet(46)) - raft.server.staging.catchup.gap = 1000 (default)
2022-10-25 12:15:25,434 [907eb2bb-0522-4d6b-bbf0-1b213cc99331@group-7E6AB8B5DD8D-LeaderElection19] INFO  server.RaftServerConfigKeys (ConfUtils.java:logGet(46)) - raft.server.write.element-limit = 1024 (custom)
2022-10-25 12:15:25,434 [907eb2bb-0522-4d6b-bbf0-1b213cc99331@group-7E6AB8B5DD8D-LeaderElection19] INFO  server.RaftServerConfigKeys (ConfUtils.java:logGet(46)) - raft.server.write.byte-limit = 1024 M (=1073741824) (custom)
2022-10-25 12:15:25,434 [907eb2bb-0522-4d6b-bbf0-1b213cc99331@group-7E6AB8B5DD8D-LeaderElection19] INFO  server.RaftServerConfigKeys (ConfUtils.java:logGet(46)) - raft.server.watch.timeout = 180s (custom)
2022-10-25 12:15:25,435 [907eb2bb-0522-4d6b-bbf0-1b213cc99331@group-7E6AB8B5DD8D-LeaderElection19] INFO  server.RaftServerConfigKeys (ConfUtils.java:logGet(46)) - raft.server.watch.timeout.denomination = 1s (default)
2022-10-25 12:15:25,435 [907eb2bb-0522-4d6b-bbf0-1b213cc99331@group-7E6AB8B5DD8D-LeaderElection19] INFO  server.RaftServerConfigKeys (ConfUtils.java:logGet(46)) - raft.server.watch.element-limit = 65536 (default)
2022-10-25 12:15:25,435 [907eb2bb-0522-4d6b-bbf0-1b213cc99331@group-7E6AB8B5DD8D-LeaderElection19] INFO  server.RaftServerConfigKeys (ConfUtils.java:logGet(46)) - raft.server.write.element-limit = 1024 (custom)
2022-10-25 12:15:25,435 [907eb2bb-0522-4d6b-bbf0-1b213cc99331@group-7E6AB8B5DD8D-LeaderElection19] INFO  server.RaftServerConfigKeys (ConfUtils.java:logGet(46)) - raft.server.write.follower.gap.ratio.max = -1.0 (default)
2022-10-25 12:15:25,435 [907eb2bb-0522-4d6b-bbf0-1b213cc99331@group-7E6AB8B5DD8D-LeaderElection19] INFO  impl.RoleInfo (RoleInfo.java:updateAndGet(139)) - 907eb2bb-0522-4d6b-bbf0-1b213cc99331: start 907eb2bb-0522-4d6b-bbf0-1b213cc99331@group-7E6AB8B5DD8D-LeaderStateImpl
2022-10-25 12:15:25,435 [907eb2bb-0522-4d6b-bbf0-1b213cc99331@group-7E6AB8B5DD8D-LeaderElection19] INFO  segmented.SegmentedRaftLogWorker (SegmentedRaftLogWorker.java:startLogSegment(452)) - 907eb2bb-0522-4d6b-bbf0-1b213cc99331@group-7E6AB8B5DD8D-SegmentedRaftLogWorker: Starting segment from index:0
2022-10-25 12:15:25,435 [EventQueue-OpenPipelineForHealthyPipelineSafeModeRule] INFO  safemode.SCMSafeModeManager (HealthyPipelineSafeModeRule.java:process(137)) - SCM in safe mode. Healthy pipelines reported count is 0, required healthy pipeline reported count is 1
2022-10-25 12:15:25,438 [907eb2bb-0522-4d6b-bbf0-1b213cc99331@group-7E6AB8B5DD8D-LeaderElection19] INFO  server.RaftServer$Division (ServerState.java:setRaftConf(430)) - 907eb2bb-0522-4d6b-bbf0-1b213cc99331@group-7E6AB8B5DD8D: set configuration 0: peers:[907eb2bb-0522-4d6b-bbf0-1b213cc99331|rpc:10.1.1.43:40069|dataStream:|priority:1|startupRole:FOLLOWER]|listeners:[], old=null
2022-10-25 12:15:25,439 [907eb2bb-0522-4d6b-bbf0-1b213cc99331@group-7E6AB8B5DD8D-SegmentedRaftLogWorker] INFO  segmented.SegmentedRaftLogWorker (SegmentedRaftLogWorker.java:execute(656)) - 907eb2bb-0522-4d6b-bbf0-1b213cc99331@group-7E6AB8B5DD8D-SegmentedRaftLogWorker: created new log segment /home/runner/work/ozone/ozone/hadoop-ozone/integration-test/target/test-dir/MiniOzoneClusterImpl-59fd4bbb-78e8-4c50-bd4e-19e5c7f0d0cd/datanode-8/data/ratis/7cd578f1-a803-4180-bca8-7e6ab8b5dd8d/current/log_inprogress_0
2022-10-25 12:15:25,578 [Listener at 127.0.0.1/33161] INFO  ozone.MiniOzoneClusterImpl (MiniOzoneClusterImpl.java:lambda$waitForClusterToBeReady$0(216)) - Nodes are ready. Got 10 of 10 DN Heartbeats.
2022-10-25 12:15:25,578 [Listener at 127.0.0.1/33161] INFO  ozone.MiniOzoneClusterImpl (MiniOzoneClusterImpl.java:lambda$waitForClusterToBeReady$0(219)) - Waiting for cluster to exit safe mode
2022-10-25 12:15:25,579 [Listener at 127.0.0.1/33161] INFO  ozone.MiniOzoneClusterImpl (MiniOzoneClusterImpl.java:lambda$waitForClusterToBeReady$0(221)) - SCM became leader
2022-10-25 12:15:25,751 [277330ea-7eb2-4eea-8a6b-9d41e81a33f6@group-D1756B2A70E6-FollowerState] INFO  impl.FollowerState (FollowerState.java:run(143)) - 277330ea-7eb2-4eea-8a6b-9d41e81a33f6@group-D1756B2A70E6-FollowerState: change to CANDIDATE, lastRpcElapsedTime:5169550041ns, electionTimeout:5168ms
2022-10-25 12:15:25,751 [277330ea-7eb2-4eea-8a6b-9d41e81a33f6@group-D1756B2A70E6-FollowerState] INFO  impl.RoleInfo (RoleInfo.java:shutdownFollowerState(110)) - 277330ea-7eb2-4eea-8a6b-9d41e81a33f6: shutdown 277330ea-7eb2-4eea-8a6b-9d41e81a33f6@group-D1756B2A70E6-FollowerState
2022-10-25 12:15:25,752 [277330ea-7eb2-4eea-8a6b-9d41e81a33f6@group-D1756B2A70E6-FollowerState] INFO  server.RaftServer$Division (RaftServerImpl.java:setRole(321)) - 277330ea-7eb2-4eea-8a6b-9d41e81a33f6@group-D1756B2A70E6: changes role from  FOLLOWER to CANDIDATE at term 0 for changeToCandidate
2022-10-25 12:15:25,752 [277330ea-7eb2-4eea-8a6b-9d41e81a33f6@group-D1756B2A70E6-FollowerState] INFO  server.RaftServerConfigKeys (ConfUtils.java:logGet(46)) - raft.server.leaderelection.pre-vote = false (custom)
2022-10-25 12:15:25,752 [277330ea-7eb2-4eea-8a6b-9d41e81a33f6@group-D1756B2A70E6-FollowerState] INFO  impl.RoleInfo (RoleInfo.java:updateAndGet(139)) - 277330ea-7eb2-4eea-8a6b-9d41e81a33f6: start 277330ea-7eb2-4eea-8a6b-9d41e81a33f6@group-D1756B2A70E6-LeaderElection20
2022-10-25 12:15:25,757 [277330ea-7eb2-4eea-8a6b-9d41e81a33f6@group-D1756B2A70E6-LeaderElection20] INFO  impl.LeaderElection (LeaderElection.java:askForVotes(312)) - 277330ea-7eb2-4eea-8a6b-9d41e81a33f6@group-D1756B2A70E6-LeaderElection20 ELECTION round 0: submit vote requests at term 1 for -1: peers:[277330ea-7eb2-4eea-8a6b-9d41e81a33f6|rpc:10.1.1.43:40547|priority:1|startupRole:FOLLOWER]|listeners:[], old=null
2022-10-25 12:15:25,757 [277330ea-7eb2-4eea-8a6b-9d41e81a33f6@group-D1756B2A70E6-LeaderElection20] INFO  impl.LeaderElection (LeaderElection.java:askForVotes(314)) - 277330ea-7eb2-4eea-8a6b-9d41e81a33f6@group-D1756B2A70E6-LeaderElection20 ELECTION round 0: result PASSED (term=1)
2022-10-25 12:15:25,758 [277330ea-7eb2-4eea-8a6b-9d41e81a33f6@group-D1756B2A70E6-LeaderElection20] INFO  impl.RoleInfo (RoleInfo.java:shutdownLeaderElection(130)) - 277330ea-7eb2-4eea-8a6b-9d41e81a33f6: shutdown 277330ea-7eb2-4eea-8a6b-9d41e81a33f6@group-D1756B2A70E6-LeaderElection20
2022-10-25 12:15:25,758 [277330ea-7eb2-4eea-8a6b-9d41e81a33f6@group-D1756B2A70E6-LeaderElection20] INFO  server.RaftServer$Division (RaftServerImpl.java:setRole(321)) - 277330ea-7eb2-4eea-8a6b-9d41e81a33f6@group-D1756B2A70E6: changes role from CANDIDATE to LEADER at term 1 for changeToLeader
2022-10-25 12:15:25,758 [277330ea-7eb2-4eea-8a6b-9d41e81a33f6@group-D1756B2A70E6-LeaderElection20] INFO  ratis.XceiverServerRatis (XceiverServerRatis.java:handleLeaderChangedNotification(863)) - Leader change notification received for group: group-D1756B2A70E6 with new leaderId: 277330ea-7eb2-4eea-8a6b-9d41e81a33f6
2022-10-25 12:15:25,758 [277330ea-7eb2-4eea-8a6b-9d41e81a33f6@group-D1756B2A70E6-LeaderElection20] INFO  server.RaftServer$Division (ServerState.java:setLeader(313)) - 277330ea-7eb2-4eea-8a6b-9d41e81a33f6@group-D1756B2A70E6: change Leader from null to 277330ea-7eb2-4eea-8a6b-9d41e81a33f6 at term 1 for becomeLeader, leader elected after 5188ms
2022-10-25 12:15:25,758 [277330ea-7eb2-4eea-8a6b-9d41e81a33f6@group-D1756B2A70E6-LeaderElection20] INFO  server.RaftServerConfigKeys (ConfUtils.java:logGet(46)) - raft.server.staging.catchup.gap = 1000 (default)
2022-10-25 12:15:25,758 [277330ea-7eb2-4eea-8a6b-9d41e81a33f6@group-D1756B2A70E6-LeaderElection20] INFO  server.RaftServerConfigKeys (ConfUtils.java:logGet(46)) - raft.server.write.element-limit = 1024 (custom)
2022-10-25 12:15:25,758 [277330ea-7eb2-4eea-8a6b-9d41e81a33f6@group-D1756B2A70E6-LeaderElection20] INFO  server.RaftServerConfigKeys (ConfUtils.java:logGet(46)) - raft.server.write.byte-limit = 1024 M (=1073741824) (custom)
2022-10-25 12:15:25,760 [EventQueue-OpenPipelineForHealthyPipelineSafeModeRule] INFO  safemode.SCMSafeModeManager (HealthyPipelineSafeModeRule.java:process(137)) - SCM in safe mode. Healthy pipelines reported count is 0, required healthy pipeline reported count is 1
2022-10-25 12:15:25,760 [277330ea-7eb2-4eea-8a6b-9d41e81a33f6@group-D1756B2A70E6-LeaderElection20] INFO  server.RaftServerConfigKeys (ConfUtils.java:logGet(46)) - raft.server.watch.timeout = 180s (custom)
2022-10-25 12:15:25,760 [277330ea-7eb2-4eea-8a6b-9d41e81a33f6@group-D1756B2A70E6-LeaderElection20] INFO  server.RaftServerConfigKeys (ConfUtils.java:logGet(46)) - raft.server.watch.timeout.denomination = 1s (default)
2022-10-25 12:15:25,760 [277330ea-7eb2-4eea-8a6b-9d41e81a33f6@group-D1756B2A70E6-LeaderElection20] INFO  server.RaftServerConfigKeys (ConfUtils.java:logGet(46)) - raft.server.watch.element-limit = 65536 (default)
2022-10-25 12:15:25,761 [277330ea-7eb2-4eea-8a6b-9d41e81a33f6@group-D1756B2A70E6-LeaderElection20] INFO  server.RaftServerConfigKeys (ConfUtils.java:logGet(46)) - raft.server.write.element-limit = 1024 (custom)
2022-10-25 12:15:25,761 [277330ea-7eb2-4eea-8a6b-9d41e81a33f6@group-D1756B2A70E6-LeaderElection20] INFO  server.RaftServerConfigKeys (ConfUtils.java:logGet(46)) - raft.server.write.follower.gap.ratio.max = -1.0 (default)
2022-10-25 12:15:25,761 [277330ea-7eb2-4eea-8a6b-9d41e81a33f6@group-D1756B2A70E6-LeaderElection20] INFO  impl.RoleInfo (RoleInfo.java:updateAndGet(139)) - 277330ea-7eb2-4eea-8a6b-9d41e81a33f6: start 277330ea-7eb2-4eea-8a6b-9d41e81a33f6@group-D1756B2A70E6-LeaderStateImpl
2022-10-25 12:15:25,761 [277330ea-7eb2-4eea-8a6b-9d41e81a33f6@group-D1756B2A70E6-LeaderElection20] INFO  segmented.SegmentedRaftLogWorker (SegmentedRaftLogWorker.java:startLogSegment(452)) - 277330ea-7eb2-4eea-8a6b-9d41e81a33f6@group-D1756B2A70E6-SegmentedRaftLogWorker: Starting segment from index:0
2022-10-25 12:15:25,763 [277330ea-7eb2-4eea-8a6b-9d41e81a33f6@group-D1756B2A70E6-SegmentedRaftLogWorker] INFO  segmented.SegmentedRaftLogWorker (SegmentedRaftLogWorker.java:execute(656)) - 277330ea-7eb2-4eea-8a6b-9d41e81a33f6@group-D1756B2A70E6-SegmentedRaftLogWorker: created new log segment /home/runner/work/ozone/ozone/hadoop-ozone/integration-test/target/test-dir/MiniOzoneClusterImpl-59fd4bbb-78e8-4c50-bd4e-19e5c7f0d0cd/datanode-9/data/ratis/572b340a-129e-4f63-96f2-d1756b2a70e6/current/log_inprogress_0
2022-10-25 12:15:25,763 [277330ea-7eb2-4eea-8a6b-9d41e81a33f6@group-D1756B2A70E6-LeaderElection20] INFO  server.RaftServer$Division (ServerState.java:setRaftConf(430)) - 277330ea-7eb2-4eea-8a6b-9d41e81a33f6@group-D1756B2A70E6: set configuration 0: peers:[277330ea-7eb2-4eea-8a6b-9d41e81a33f6|rpc:10.1.1.43:40547|dataStream:|priority:1|startupRole:FOLLOWER]|listeners:[], old=null
2022-10-25 12:15:26,579 [Listener at 127.0.0.1/33161] INFO  ozone.MiniOzoneClusterImpl (MiniOzoneClusterImpl.java:lambda$waitForClusterToBeReady$0(216)) - Nodes are ready. Got 10 of 10 DN Heartbeats.
2022-10-25 12:15:26,579 [Listener at 127.0.0.1/33161] INFO  ozone.MiniOzoneClusterImpl (MiniOzoneClusterImpl.java:lambda$waitForClusterToBeReady$0(219)) - Waiting for cluster to exit safe mode
2022-10-25 12:15:26,579 [Listener at 127.0.0.1/33161] INFO  ozone.MiniOzoneClusterImpl (MiniOzoneClusterImpl.java:lambda$waitForClusterToBeReady$0(221)) - SCM became leader
2022-10-25 12:15:27,213 [6534404f-39f4-445c-b85e-518a348dbff3@group-C2A56A5A39AA-FollowerState] INFO  impl.FollowerState (FollowerState.java:run(143)) - 6534404f-39f4-445c-b85e-518a348dbff3@group-C2A56A5A39AA-FollowerState: change to CANDIDATE, lastRpcElapsedTime:5015698968ns, electionTimeout:5010ms
2022-10-25 12:15:27,213 [6534404f-39f4-445c-b85e-518a348dbff3@group-C2A56A5A39AA-FollowerState] INFO  impl.RoleInfo (RoleInfo.java:shutdownFollowerState(110)) - 6534404f-39f4-445c-b85e-518a348dbff3: shutdown 6534404f-39f4-445c-b85e-518a348dbff3@group-C2A56A5A39AA-FollowerState
2022-10-25 12:15:27,214 [6534404f-39f4-445c-b85e-518a348dbff3@group-C2A56A5A39AA-FollowerState] INFO  server.RaftServer$Division (RaftServerImpl.java:setRole(321)) - 6534404f-39f4-445c-b85e-518a348dbff3@group-C2A56A5A39AA: changes role from  FOLLOWER to CANDIDATE at term 1 for changeToCandidate
2022-10-25 12:15:27,214 [6534404f-39f4-445c-b85e-518a348dbff3@group-C2A56A5A39AA-FollowerState] INFO  server.RaftServerConfigKeys (ConfUtils.java:logGet(46)) - raft.server.leaderelection.pre-vote = false (custom)
2022-10-25 12:15:27,214 [6534404f-39f4-445c-b85e-518a348dbff3@group-C2A56A5A39AA-FollowerState] INFO  impl.RoleInfo (RoleInfo.java:updateAndGet(139)) - 6534404f-39f4-445c-b85e-518a348dbff3: start 6534404f-39f4-445c-b85e-518a348dbff3@group-C2A56A5A39AA-LeaderElection21
2022-10-25 12:15:27,216 [6534404f-39f4-445c-b85e-518a348dbff3@group-C2A56A5A39AA-LeaderElection21] INFO  impl.LeaderElection (LeaderElection.java:askForVotes(312)) - 6534404f-39f4-445c-b85e-518a348dbff3@group-C2A56A5A39AA-LeaderElection21 ELECTION round 0: submit vote requests at term 2 for -1: peers:[86658d9d-b609-4403-bc8a-bf059dbdbb67|rpc:10.1.1.43:34601|priority:0|startupRole:FOLLOWER, 0c76121b-7d6b-4708-9ae8-9ff4448060b7|rpc:10.1.1.43:35675|priority:1|startupRole:FOLLOWER, 6534404f-39f4-445c-b85e-518a348dbff3|rpc:10.1.1.43:42177|priority:0|startupRole:FOLLOWER]|listeners:[], old=null
2022-10-25 12:15:27,217 [6534404f-39f4-445c-b85e-518a348dbff3@group-C2A56A5A39AA-LeaderElection21] INFO  server.RaftServerConfigKeys (ConfUtils.java:logFallback(53)) - raft.server.rpc.first-election.timeout.min = 5s (fallback to raft.server.rpc.timeout.min)
2022-10-25 12:15:27,217 [6534404f-39f4-445c-b85e-518a348dbff3@group-C2A56A5A39AA-LeaderElection21] INFO  server.RaftServerConfigKeys (ConfUtils.java:logFallback(53)) - raft.server.rpc.first-election.timeout.max = 5200ms (fallback to raft.server.rpc.timeout.max)
2022-10-25 12:15:27,220 [grpc-default-executor-0] INFO  server.RaftServer$Division (RaftServerImpl.java:requestVote(1218)) - 86658d9d-b609-4403-bc8a-bf059dbdbb67@group-C2A56A5A39AA: receive requestVote(ELECTION, 6534404f-39f4-445c-b85e-518a348dbff3, group-C2A56A5A39AA, 2, (t:0, i:0))
2022-10-25 12:15:27,220 [grpc-default-executor-0] INFO  impl.VoteContext (VoteContext.java:log(48)) - 86658d9d-b609-4403-bc8a-bf059dbdbb67@group-C2A56A5A39AA-FOLLOWER: accept ELECTION from 6534404f-39f4-445c-b85e-518a348dbff3: our priority 0 <= candidate's priority 0
2022-10-25 12:15:27,220 [grpc-default-executor-0] INFO  server.RaftServer$Division (RaftServerImpl.java:setRole(321)) - 86658d9d-b609-4403-bc8a-bf059dbdbb67@group-C2A56A5A39AA: changes role from  FOLLOWER to FOLLOWER at term 2 for candidate:6534404f-39f4-445c-b85e-518a348dbff3
2022-10-25 12:15:27,220 [grpc-default-executor-0] INFO  impl.RoleInfo (RoleInfo.java:shutdownFollowerState(110)) - 86658d9d-b609-4403-bc8a-bf059dbdbb67: shutdown 86658d9d-b609-4403-bc8a-bf059dbdbb67@group-C2A56A5A39AA-FollowerState
2022-10-25 12:15:27,220 [grpc-default-executor-0] INFO  impl.RoleInfo (RoleInfo.java:updateAndGet(139)) - 86658d9d-b609-4403-bc8a-bf059dbdbb67: start 86658d9d-b609-4403-bc8a-bf059dbdbb67@group-C2A56A5A39AA-FollowerState
2022-10-25 12:15:27,220 [86658d9d-b609-4403-bc8a-bf059dbdbb67@group-C2A56A5A39AA-FollowerState] INFO  impl.FollowerState (FollowerState.java:run(152)) - 86658d9d-b609-4403-bc8a-bf059dbdbb67@group-C2A56A5A39AA-FollowerState was interrupted
2022-10-25 12:15:27,222 [grpc-default-executor-1] INFO  server.RaftServer$Division (RaftServerImpl.java:requestVote(1218)) - 0c76121b-7d6b-4708-9ae8-9ff4448060b7@group-C2A56A5A39AA: receive requestVote(ELECTION, 6534404f-39f4-445c-b85e-518a348dbff3, group-C2A56A5A39AA, 2, (t:0, i:0))
2022-10-25 12:15:27,222 [grpc-default-executor-1] INFO  impl.VoteContext (VoteContext.java:log(48)) - 0c76121b-7d6b-4708-9ae8-9ff4448060b7@group-C2A56A5A39AA-FOLLOWER: reject ELECTION from 6534404f-39f4-445c-b85e-518a348dbff3: our priority 1 > candidate's priority 0
2022-10-25 12:15:27,222 [grpc-default-executor-1] INFO  server.RaftServer$Division (RaftServerImpl.java:setRole(321)) - 0c76121b-7d6b-4708-9ae8-9ff4448060b7@group-C2A56A5A39AA: changes role from  FOLLOWER to FOLLOWER at term 2 for candidate:6534404f-39f4-445c-b85e-518a348dbff3
2022-10-25 12:15:27,222 [grpc-default-executor-1] INFO  impl.RoleInfo (RoleInfo.java:shutdownFollowerState(110)) - 0c76121b-7d6b-4708-9ae8-9ff4448060b7: shutdown 0c76121b-7d6b-4708-9ae8-9ff4448060b7@group-C2A56A5A39AA-FollowerState
2022-10-25 12:15:27,222 [grpc-default-executor-1] INFO  impl.RoleInfo (RoleInfo.java:updateAndGet(139)) - 0c76121b-7d6b-4708-9ae8-9ff4448060b7: start 0c76121b-7d6b-4708-9ae8-9ff4448060b7@group-C2A56A5A39AA-FollowerState
2022-10-25 12:15:27,222 [0c76121b-7d6b-4708-9ae8-9ff4448060b7@group-C2A56A5A39AA-FollowerState] INFO  impl.FollowerState (FollowerState.java:run(152)) - 0c76121b-7d6b-4708-9ae8-9ff4448060b7@group-C2A56A5A39AA-FollowerState was interrupted
2022-10-25 12:15:27,222 [86658d9d-b609-4403-bc8a-bf059dbdbb67@group-C2A56A5A39AA-FollowerState] INFO  server.RaftServerConfigKeys (ConfUtils.java:logFallback(53)) - raft.server.rpc.first-election.timeout.min = 5s (fallback to raft.server.rpc.timeout.min)
2022-10-25 12:15:27,223 [86658d9d-b609-4403-bc8a-bf059dbdbb67@group-C2A56A5A39AA-FollowerState] INFO  server.RaftServerConfigKeys (ConfUtils.java:logFallback(53)) - raft.server.rpc.first-election.timeout.max = 5200ms (fallback to raft.server.rpc.timeout.max)
2022-10-25 12:15:27,223 [0c76121b-7d6b-4708-9ae8-9ff4448060b7@group-C2A56A5A39AA-FollowerState] INFO  server.RaftServerConfigKeys (ConfUtils.java:logFallback(53)) - raft.server.rpc.first-election.timeout.min = 5s (fallback to raft.server.rpc.timeout.min)
2022-10-25 12:15:27,223 [0c76121b-7d6b-4708-9ae8-9ff4448060b7@group-C2A56A5A39AA-FollowerState] INFO  server.RaftServerConfigKeys (ConfUtils.java:logFallback(53)) - raft.server.rpc.first-election.timeout.max = 5200ms (fallback to raft.server.rpc.timeout.max)
2022-10-25 12:15:27,224 [grpc-default-executor-0] INFO  server.RaftServer$Division (RaftServerImpl.java:requestVote(1251)) - 86658d9d-b609-4403-bc8a-bf059dbdbb67@group-C2A56A5A39AA replies to ELECTION vote request: 6534404f-39f4-445c-b85e-518a348dbff3<-86658d9d-b609-4403-bc8a-bf059dbdbb67#0:OK-t2. Peer's state: 86658d9d-b609-4403-bc8a-bf059dbdbb67@group-C2A56A5A39AA:t2, leader=null, voted=6534404f-39f4-445c-b85e-518a348dbff3, raftlog=Memoized:86658d9d-b609-4403-bc8a-bf059dbdbb67@group-C2A56A5A39AA-SegmentedRaftLog:OPENED:c-1, conf=-1: peers:[86658d9d-b609-4403-bc8a-bf059dbdbb67|rpc:10.1.1.43:34601|priority:0|startupRole:FOLLOWER, 0c76121b-7d6b-4708-9ae8-9ff4448060b7|rpc:10.1.1.43:35675|priority:1|startupRole:FOLLOWER, 6534404f-39f4-445c-b85e-518a348dbff3|rpc:10.1.1.43:42177|priority:0|startupRole:FOLLOWER]|listeners:[], old=null
2022-10-25 12:15:27,224 [grpc-default-executor-1] INFO  server.RaftServer$Division (RaftServerImpl.java:requestVote(1251)) - 0c76121b-7d6b-4708-9ae8-9ff4448060b7@group-C2A56A5A39AA replies to ELECTION vote request: 6534404f-39f4-445c-b85e-518a348dbff3<-0c76121b-7d6b-4708-9ae8-9ff4448060b7#0:FAIL-t2. Peer's state: 0c76121b-7d6b-4708-9ae8-9ff4448060b7@group-C2A56A5A39AA:t2, leader=null, voted=null, raftlog=Memoized:0c76121b-7d6b-4708-9ae8-9ff4448060b7@group-C2A56A5A39AA-SegmentedRaftLog:OPENED:c-1, conf=-1: peers:[86658d9d-b609-4403-bc8a-bf059dbdbb67|rpc:10.1.1.43:34601|dataStream:|priority:0|startupRole:FOLLOWER, 0c76121b-7d6b-4708-9ae8-9ff4448060b7|rpc:10.1.1.43:35675|dataStream:|priority:1|startupRole:FOLLOWER, 6534404f-39f4-445c-b85e-518a348dbff3|rpc:10.1.1.43:42177|dataStream:|priority:0|startupRole:FOLLOWER]|listeners:[], old=null
2022-10-25 12:15:27,227 [6534404f-39f4-445c-b85e-518a348dbff3@group-C2A56A5A39AA-LeaderElection21] INFO  impl.LeaderElection (LeaderElection.java:logAndReturn(90)) - 6534404f-39f4-445c-b85e-518a348dbff3@group-C2A56A5A39AA-LeaderElection21: ELECTION REJECTED received 1 response(s) and 0 exception(s):
2022-10-25 12:15:27,227 [6534404f-39f4-445c-b85e-518a348dbff3@group-C2A56A5A39AA-LeaderElection21] INFO  impl.LeaderElection (LeaderElection.java:logAndReturn(94)) -   Response 0: 6534404f-39f4-445c-b85e-518a348dbff3<-0c76121b-7d6b-4708-9ae8-9ff4448060b7#0:FAIL-t2
2022-10-25 12:15:27,227 [6534404f-39f4-445c-b85e-518a348dbff3@group-C2A56A5A39AA-LeaderElection21] INFO  impl.LeaderElection (LeaderElection.java:askForVotes(314)) - 6534404f-39f4-445c-b85e-518a348dbff3@group-C2A56A5A39AA-LeaderElection21 ELECTION round 0: result REJECTED
2022-10-25 12:15:27,227 [6534404f-39f4-445c-b85e-518a348dbff3@group-C2A56A5A39AA-LeaderElection21] INFO  server.RaftServer$Division (RaftServerImpl.java:setRole(321)) - 6534404f-39f4-445c-b85e-518a348dbff3@group-C2A56A5A39AA: changes role from CANDIDATE to FOLLOWER at term 2 for REJECTED
2022-10-25 12:15:27,227 [6534404f-39f4-445c-b85e-518a348dbff3@group-C2A56A5A39AA-LeaderElection21] INFO  impl.RoleInfo (RoleInfo.java:shutdownLeaderElection(130)) - 6534404f-39f4-445c-b85e-518a348dbff3: shutdown 6534404f-39f4-445c-b85e-518a348dbff3@group-C2A56A5A39AA-LeaderElection21
2022-10-25 12:15:27,227 [6534404f-39f4-445c-b85e-518a348dbff3@group-C2A56A5A39AA-LeaderElection21] INFO  impl.RoleInfo (RoleInfo.java:updateAndGet(139)) - 6534404f-39f4-445c-b85e-518a348dbff3: start 6534404f-39f4-445c-b85e-518a348dbff3@group-C2A56A5A39AA-FollowerState
2022-10-25 12:15:27,233 [6534404f-39f4-445c-b85e-518a348dbff3@group-C2A56A5A39AA-FollowerState] INFO  server.RaftServerConfigKeys (ConfUtils.java:logFallback(53)) - raft.server.rpc.first-election.timeout.min = 5s (fallback to raft.server.rpc.timeout.min)
2022-10-25 12:15:27,233 [6534404f-39f4-445c-b85e-518a348dbff3@group-C2A56A5A39AA-FollowerState] INFO  server.RaftServerConfigKeys (ConfUtils.java:logFallback(53)) - raft.server.rpc.first-election.timeout.max = 5200ms (fallback to raft.server.rpc.timeout.max)
2022-10-25 12:15:27,580 [Listener at 127.0.0.1/33161] INFO  ozone.MiniOzoneClusterImpl (MiniOzoneClusterImpl.java:lambda$waitForClusterToBeReady$0(216)) - Nodes are ready. Got 10 of 10 DN Heartbeats.
2022-10-25 12:15:27,580 [Listener at 127.0.0.1/33161] INFO  ozone.MiniOzoneClusterImpl (MiniOzoneClusterImpl.java:lambda$waitForClusterToBeReady$0(219)) - Waiting for cluster to exit safe mode
2022-10-25 12:15:27,580 [Listener at 127.0.0.1/33161] INFO  ozone.MiniOzoneClusterImpl (MiniOzoneClusterImpl.java:lambda$waitForClusterToBeReady$0(221)) - SCM became leader
2022-10-25 12:15:28,013 [0c76121b-7d6b-4708-9ae8-9ff4448060b7@group-CE71C629F99F-FollowerState] INFO  impl.FollowerState (FollowerState.java:run(143)) - 0c76121b-7d6b-4708-9ae8-9ff4448060b7@group-CE71C629F99F-FollowerState: change to CANDIDATE, lastRpcElapsedTime:5037184323ns, electionTimeout:5035ms
2022-10-25 12:15:28,013 [0c76121b-7d6b-4708-9ae8-9ff4448060b7@group-CE71C629F99F-FollowerState] INFO  impl.RoleInfo (RoleInfo.java:shutdownFollowerState(110)) - 0c76121b-7d6b-4708-9ae8-9ff4448060b7: shutdown 0c76121b-7d6b-4708-9ae8-9ff4448060b7@group-CE71C629F99F-FollowerState
2022-10-25 12:15:28,013 [0c76121b-7d6b-4708-9ae8-9ff4448060b7@group-CE71C629F99F-FollowerState] INFO  server.RaftServer$Division (RaftServerImpl.java:setRole(321)) - 0c76121b-7d6b-4708-9ae8-9ff4448060b7@group-CE71C629F99F: changes role from  FOLLOWER to CANDIDATE at term 1 for changeToCandidate
2022-10-25 12:15:28,013 [0c76121b-7d6b-4708-9ae8-9ff4448060b7@group-CE71C629F99F-FollowerState] INFO  server.RaftServerConfigKeys (ConfUtils.java:logGet(46)) - raft.server.leaderelection.pre-vote = false (custom)
2022-10-25 12:15:28,013 [0c76121b-7d6b-4708-9ae8-9ff4448060b7@group-CE71C629F99F-FollowerState] INFO  impl.RoleInfo (RoleInfo.java:updateAndGet(139)) - 0c76121b-7d6b-4708-9ae8-9ff4448060b7: start 0c76121b-7d6b-4708-9ae8-9ff4448060b7@group-CE71C629F99F-LeaderElection22
2022-10-25 12:15:28,015 [0c76121b-7d6b-4708-9ae8-9ff4448060b7@group-CE71C629F99F-LeaderElection22] INFO  impl.LeaderElection (LeaderElection.java:askForVotes(312)) - 0c76121b-7d6b-4708-9ae8-9ff4448060b7@group-CE71C629F99F-LeaderElection22 ELECTION round 0: submit vote requests at term 2 for -1: peers:[86658d9d-b609-4403-bc8a-bf059dbdbb67|rpc:10.1.1.43:34601|dataStream:|priority:1|startupRole:FOLLOWER, 0c76121b-7d6b-4708-9ae8-9ff4448060b7|rpc:10.1.1.43:35675|dataStream:|priority:0|startupRole:FOLLOWER, 6534404f-39f4-445c-b85e-518a348dbff3|rpc:10.1.1.43:42177|dataStream:|priority:0|startupRole:FOLLOWER]|listeners:[], old=null
2022-10-25 12:15:28,016 [0c76121b-7d6b-4708-9ae8-9ff4448060b7@group-CE71C629F99F-LeaderElection22] INFO  server.RaftServerConfigKeys (ConfUtils.java:logFallback(53)) - raft.server.rpc.first-election.timeout.min = 5s (fallback to raft.server.rpc.timeout.min)
2022-10-25 12:15:28,016 [0c76121b-7d6b-4708-9ae8-9ff4448060b7@group-CE71C629F99F-LeaderElection22] INFO  server.RaftServerConfigKeys (ConfUtils.java:logFallback(53)) - raft.server.rpc.first-election.timeout.max = 5200ms (fallback to raft.server.rpc.timeout.max)
2022-10-25 12:15:28,023 [grpc-default-executor-1] INFO  server.RaftServer$Division (RaftServerImpl.java:requestVote(1218)) - 6534404f-39f4-445c-b85e-518a348dbff3@group-CE71C629F99F: receive requestVote(ELECTION, 0c76121b-7d6b-4708-9ae8-9ff4448060b7, group-CE71C629F99F, 2, (t:0, i:0))
2022-10-25 12:15:28,023 [grpc-default-executor-1] INFO  impl.VoteContext (VoteContext.java:log(48)) - 6534404f-39f4-445c-b85e-518a348dbff3@group-CE71C629F99F-FOLLOWER: accept ELECTION from 0c76121b-7d6b-4708-9ae8-9ff4448060b7: our priority 0 <= candidate's priority 0
2022-10-25 12:15:28,023 [grpc-default-executor-1] INFO  server.RaftServer$Division (RaftServerImpl.java:setRole(321)) - 6534404f-39f4-445c-b85e-518a348dbff3@group-CE71C629F99F: changes role from  FOLLOWER to FOLLOWER at term 2 for candidate:0c76121b-7d6b-4708-9ae8-9ff4448060b7
2022-10-25 12:15:28,024 [grpc-default-executor-1] INFO  impl.RoleInfo (RoleInfo.java:shutdownFollowerState(110)) - 6534404f-39f4-445c-b85e-518a348dbff3: shutdown 6534404f-39f4-445c-b85e-518a348dbff3@group-CE71C629F99F-FollowerState
2022-10-25 12:15:28,024 [grpc-default-executor-1] INFO  impl.RoleInfo (RoleInfo.java:updateAndGet(139)) - 6534404f-39f4-445c-b85e-518a348dbff3: start 6534404f-39f4-445c-b85e-518a348dbff3@group-CE71C629F99F-FollowerState
2022-10-25 12:15:28,024 [6534404f-39f4-445c-b85e-518a348dbff3@group-CE71C629F99F-FollowerState] INFO  impl.FollowerState (FollowerState.java:run(152)) - 6534404f-39f4-445c-b85e-518a348dbff3@group-CE71C629F99F-FollowerState was interrupted
2022-10-25 12:15:28,030 [6534404f-39f4-445c-b85e-518a348dbff3@group-CE71C629F99F-FollowerState] INFO  server.RaftServerConfigKeys (ConfUtils.java:logFallback(53)) - raft.server.rpc.first-election.timeout.min = 5s (fallback to raft.server.rpc.timeout.min)
2022-10-25 12:15:28,030 [6534404f-39f4-445c-b85e-518a348dbff3@group-CE71C629F99F-FollowerState] INFO  server.RaftServerConfigKeys (ConfUtils.java:logFallback(53)) - raft.server.rpc.first-election.timeout.max = 5200ms (fallback to raft.server.rpc.timeout.max)
2022-10-25 12:15:28,030 [grpc-default-executor-0] INFO  server.RaftServer$Division (RaftServerImpl.java:requestVote(1218)) - 86658d9d-b609-4403-bc8a-bf059dbdbb67@group-CE71C629F99F: receive requestVote(ELECTION, 0c76121b-7d6b-4708-9ae8-9ff4448060b7, group-CE71C629F99F, 2, (t:0, i:0))
2022-10-25 12:15:28,030 [grpc-default-executor-0] INFO  impl.VoteContext (VoteContext.java:log(48)) - 86658d9d-b609-4403-bc8a-bf059dbdbb67@group-CE71C629F99F-FOLLOWER: reject ELECTION from 0c76121b-7d6b-4708-9ae8-9ff4448060b7: our priority 1 > candidate's priority 0
2022-10-25 12:15:28,030 [grpc-default-executor-0] INFO  server.RaftServer$Division (RaftServerImpl.java:setRole(321)) - 86658d9d-b609-4403-bc8a-bf059dbdbb67@group-CE71C629F99F: changes role from  FOLLOWER to FOLLOWER at term 2 for candidate:0c76121b-7d6b-4708-9ae8-9ff4448060b7
2022-10-25 12:15:28,030 [grpc-default-executor-1] INFO  server.RaftServer$Division (RaftServerImpl.java:requestVote(1251)) - 6534404f-39f4-445c-b85e-518a348dbff3@group-CE71C629F99F replies to ELECTION vote request: 0c76121b-7d6b-4708-9ae8-9ff4448060b7<-6534404f-39f4-445c-b85e-518a348dbff3#0:OK-t2. Peer's state: 6534404f-39f4-445c-b85e-518a348dbff3@group-CE71C629F99F:t2, leader=null, voted=0c76121b-7d6b-4708-9ae8-9ff4448060b7, raftlog=Memoized:6534404f-39f4-445c-b85e-518a348dbff3@group-CE71C629F99F-SegmentedRaftLog:OPENED:c-1, conf=-1: peers:[86658d9d-b609-4403-bc8a-bf059dbdbb67|rpc:10.1.1.43:34601|priority:1|startupRole:FOLLOWER, 0c76121b-7d6b-4708-9ae8-9ff4448060b7|rpc:10.1.1.43:35675|priority:0|startupRole:FOLLOWER, 6534404f-39f4-445c-b85e-518a348dbff3|rpc:10.1.1.43:42177|priority:0|startupRole:FOLLOWER]|listeners:[], old=null
2022-10-25 12:15:28,030 [grpc-default-executor-0] INFO  impl.RoleInfo (RoleInfo.java:shutdownFollowerState(110)) - 86658d9d-b609-4403-bc8a-bf059dbdbb67: shutdown 86658d9d-b609-4403-bc8a-bf059dbdbb67@group-CE71C629F99F-FollowerState
2022-10-25 12:15:28,031 [grpc-default-executor-0] INFO  impl.RoleInfo (RoleInfo.java:updateAndGet(139)) - 86658d9d-b609-4403-bc8a-bf059dbdbb67: start 86658d9d-b609-4403-bc8a-bf059dbdbb67@group-CE71C629F99F-FollowerState
2022-10-25 12:15:28,031 [86658d9d-b609-4403-bc8a-bf059dbdbb67@group-CE71C629F99F-FollowerState] INFO  impl.FollowerState (FollowerState.java:run(152)) - 86658d9d-b609-4403-bc8a-bf059dbdbb67@group-CE71C629F99F-FollowerState was interrupted
2022-10-25 12:15:28,033 [86658d9d-b609-4403-bc8a-bf059dbdbb67@group-CE71C629F99F-FollowerState] INFO  server.RaftServerConfigKeys (ConfUtils.java:logFallback(53)) - raft.server.rpc.first-election.timeout.min = 5s (fallback to raft.server.rpc.timeout.min)
2022-10-25 12:15:28,033 [grpc-default-executor-0] INFO  server.RaftServer$Division (RaftServerImpl.java:requestVote(1251)) - 86658d9d-b609-4403-bc8a-bf059dbdbb67@group-CE71C629F99F replies to ELECTION vote request: 0c76121b-7d6b-4708-9ae8-9ff4448060b7<-86658d9d-b609-4403-bc8a-bf059dbdbb67#0:FAIL-t2. Peer's state: 86658d9d-b609-4403-bc8a-bf059dbdbb67@group-CE71C629F99F:t2, leader=null, voted=null, raftlog=Memoized:86658d9d-b609-4403-bc8a-bf059dbdbb67@group-CE71C629F99F-SegmentedRaftLog:OPENED:c-1, conf=-1: peers:[86658d9d-b609-4403-bc8a-bf059dbdbb67|rpc:10.1.1.43:34601|priority:1|startupRole:FOLLOWER, 0c76121b-7d6b-4708-9ae8-9ff4448060b7|rpc:10.1.1.43:35675|priority:0|startupRole:FOLLOWER, 6534404f-39f4-445c-b85e-518a348dbff3|rpc:10.1.1.43:42177|priority:0|startupRole:FOLLOWER]|listeners:[], old=null
2022-10-25 12:15:28,034 [0c76121b-7d6b-4708-9ae8-9ff4448060b7@group-CE71C629F99F-LeaderElection22] INFO  impl.LeaderElection (LeaderElection.java:logAndReturn(90)) - 0c76121b-7d6b-4708-9ae8-9ff4448060b7@group-CE71C629F99F-LeaderElection22: ELECTION REJECTED received 2 response(s) and 0 exception(s):
2022-10-25 12:15:28,034 [0c76121b-7d6b-4708-9ae8-9ff4448060b7@group-CE71C629F99F-LeaderElection22] INFO  impl.LeaderElection (LeaderElection.java:logAndReturn(94)) -   Response 0: 0c76121b-7d6b-4708-9ae8-9ff4448060b7<-86658d9d-b609-4403-bc8a-bf059dbdbb67#0:FAIL-t2
2022-10-25 12:15:28,034 [0c76121b-7d6b-4708-9ae8-9ff4448060b7@group-CE71C629F99F-LeaderElection22] INFO  impl.LeaderElection (LeaderElection.java:logAndReturn(94)) -   Response 1: 0c76121b-7d6b-4708-9ae8-9ff4448060b7<-6534404f-39f4-445c-b85e-518a348dbff3#0:OK-t2
2022-10-25 12:15:28,034 [0c76121b-7d6b-4708-9ae8-9ff4448060b7@group-CE71C629F99F-LeaderElection22] INFO  impl.LeaderElection (LeaderElection.java:askForVotes(314)) - 0c76121b-7d6b-4708-9ae8-9ff4448060b7@group-CE71C629F99F-LeaderElection22 ELECTION round 0: result REJECTED
2022-10-25 12:15:28,038 [0c76121b-7d6b-4708-9ae8-9ff4448060b7@group-CE71C629F99F-LeaderElection22] INFO  server.RaftServer$Division (RaftServerImpl.java:setRole(321)) - 0c76121b-7d6b-4708-9ae8-9ff4448060b7@group-CE71C629F99F: changes role from CANDIDATE to FOLLOWER at term 2 for REJECTED
2022-10-25 12:15:28,038 [0c76121b-7d6b-4708-9ae8-9ff4448060b7@group-CE71C629F99F-LeaderElection22] INFO  impl.RoleInfo (RoleInfo.java:shutdownLeaderElection(130)) - 0c76121b-7d6b-4708-9ae8-9ff4448060b7: shutdown 0c76121b-7d6b-4708-9ae8-9ff4448060b7@group-CE71C629F99F-LeaderElection22
2022-10-25 12:15:28,038 [0c76121b-7d6b-4708-9ae8-9ff4448060b7@group-CE71C629F99F-LeaderElection22] INFO  impl.RoleInfo (RoleInfo.java:updateAndGet(139)) - 0c76121b-7d6b-4708-9ae8-9ff4448060b7: start 0c76121b-7d6b-4708-9ae8-9ff4448060b7@group-CE71C629F99F-FollowerState
2022-10-25 12:15:28,039 [86658d9d-b609-4403-bc8a-bf059dbdbb67@group-CE71C629F99F-FollowerState] INFO  server.RaftServerConfigKeys (ConfUtils.java:logFallback(53)) - raft.server.rpc.first-election.timeout.max = 5200ms (fallback to raft.server.rpc.timeout.max)
2022-10-25 12:15:28,040 [0c76121b-7d6b-4708-9ae8-9ff4448060b7@group-CE71C629F99F-FollowerState] INFO  server.RaftServerConfigKeys (ConfUtils.java:logFallback(53)) - raft.server.rpc.first-election.timeout.min = 5s (fallback to raft.server.rpc.timeout.min)
2022-10-25 12:15:28,040 [0c76121b-7d6b-4708-9ae8-9ff4448060b7@group-CE71C629F99F-FollowerState] INFO  server.RaftServerConfigKeys (ConfUtils.java:logFallback(53)) - raft.server.rpc.first-election.timeout.max = 5200ms (fallback to raft.server.rpc.timeout.max)
2022-10-25 12:15:28,580 [Listener at 127.0.0.1/33161] INFO  ozone.MiniOzoneClusterImpl (MiniOzoneClusterImpl.java:lambda$waitForClusterToBeReady$0(216)) - Nodes are ready. Got 10 of 10 DN Heartbeats.
2022-10-25 12:15:28,580 [Listener at 127.0.0.1/33161] INFO  ozone.MiniOzoneClusterImpl (MiniOzoneClusterImpl.java:lambda$waitForClusterToBeReady$0(219)) - Waiting for cluster to exit safe mode
2022-10-25 12:15:28,580 [Listener at 127.0.0.1/33161] INFO  ozone.MiniOzoneClusterImpl (MiniOzoneClusterImpl.java:lambda$waitForClusterToBeReady$0(221)) - SCM became leader
2022-10-25 12:15:28,584 [be21c5c4-321c-411e-8ca9-5bb5909d110b@group-670B8877836B-FollowerState] INFO  impl.FollowerState (FollowerState.java:run(143)) - be21c5c4-321c-411e-8ca9-5bb5909d110b@group-670B8877836B-FollowerState: change to CANDIDATE, lastRpcElapsedTime:5010361121ns, electionTimeout:5000ms
2022-10-25 12:15:28,584 [be21c5c4-321c-411e-8ca9-5bb5909d110b@group-670B8877836B-FollowerState] INFO  impl.RoleInfo (RoleInfo.java:shutdownFollowerState(110)) - be21c5c4-321c-411e-8ca9-5bb5909d110b: shutdown be21c5c4-321c-411e-8ca9-5bb5909d110b@group-670B8877836B-FollowerState
2022-10-25 12:15:28,584 [be21c5c4-321c-411e-8ca9-5bb5909d110b@group-670B8877836B-FollowerState] INFO  server.RaftServer$Division (RaftServerImpl.java:setRole(321)) - be21c5c4-321c-411e-8ca9-5bb5909d110b@group-670B8877836B: changes role from  FOLLOWER to CANDIDATE at term 1 for changeToCandidate
2022-10-25 12:15:28,584 [be21c5c4-321c-411e-8ca9-5bb5909d110b@group-670B8877836B-FollowerState] INFO  server.RaftServerConfigKeys (ConfUtils.java:logGet(46)) - raft.server.leaderelection.pre-vote = false (custom)
2022-10-25 12:15:28,584 [be21c5c4-321c-411e-8ca9-5bb5909d110b@group-670B8877836B-FollowerState] INFO  impl.RoleInfo (RoleInfo.java:updateAndGet(139)) - be21c5c4-321c-411e-8ca9-5bb5909d110b: start be21c5c4-321c-411e-8ca9-5bb5909d110b@group-670B8877836B-LeaderElection23
2022-10-25 12:15:28,586 [be21c5c4-321c-411e-8ca9-5bb5909d110b@group-670B8877836B-LeaderElection23] INFO  impl.LeaderElection (LeaderElection.java:askForVotes(312)) - be21c5c4-321c-411e-8ca9-5bb5909d110b@group-670B8877836B-LeaderElection23 ELECTION round 0: submit vote requests at term 2 for -1: peers:[be21c5c4-321c-411e-8ca9-5bb5909d110b|rpc:10.1.1.43:34703|priority:0|startupRole:FOLLOWER, d4065fed-2d66-41be-989b-4bd24a4f6517|rpc:10.1.1.43:33373|priority:0|startupRole:FOLLOWER, 6ce03c57-5430-4ab1-bf83-fb555d2de968|rpc:10.1.1.43:33579|priority:1|startupRole:FOLLOWER]|listeners:[], old=null
2022-10-25 12:15:28,587 [be21c5c4-321c-411e-8ca9-5bb5909d110b@group-670B8877836B-LeaderElection23] INFO  server.RaftServerConfigKeys (ConfUtils.java:logFallback(53)) - raft.server.rpc.first-election.timeout.min = 5s (fallback to raft.server.rpc.timeout.min)
2022-10-25 12:15:28,587 [be21c5c4-321c-411e-8ca9-5bb5909d110b@group-670B8877836B-LeaderElection23] INFO  server.RaftServerConfigKeys (ConfUtils.java:logFallback(53)) - raft.server.rpc.first-election.timeout.max = 5200ms (fallback to raft.server.rpc.timeout.max)
2022-10-25 12:15:28,590 [grpc-default-executor-0] INFO  server.RaftServer$Division (RaftServerImpl.java:requestVote(1218)) - 6ce03c57-5430-4ab1-bf83-fb555d2de968@group-670B8877836B: receive requestVote(ELECTION, be21c5c4-321c-411e-8ca9-5bb5909d110b, group-670B8877836B, 2, (t:0, i:0))
2022-10-25 12:15:28,590 [grpc-default-executor-0] INFO  impl.VoteContext (VoteContext.java:log(48)) - 6ce03c57-5430-4ab1-bf83-fb555d2de968@group-670B8877836B-FOLLOWER: reject ELECTION from be21c5c4-321c-411e-8ca9-5bb5909d110b: our priority 1 > candidate's priority 0
2022-10-25 12:15:28,590 [grpc-default-executor-0] INFO  server.RaftServer$Division (RaftServerImpl.java:setRole(321)) - 6ce03c57-5430-4ab1-bf83-fb555d2de968@group-670B8877836B: changes role from  FOLLOWER to FOLLOWER at term 2 for candidate:be21c5c4-321c-411e-8ca9-5bb5909d110b
2022-10-25 12:15:28,590 [grpc-default-executor-0] INFO  impl.RoleInfo (RoleInfo.java:shutdownFollowerState(110)) - 6ce03c57-5430-4ab1-bf83-fb555d2de968: shutdown 6ce03c57-5430-4ab1-bf83-fb555d2de968@group-670B8877836B-FollowerState
2022-10-25 12:15:28,591 [grpc-default-executor-0] INFO  impl.RoleInfo (RoleInfo.java:updateAndGet(139)) - 6ce03c57-5430-4ab1-bf83-fb555d2de968: start 6ce03c57-5430-4ab1-bf83-fb555d2de968@group-670B8877836B-FollowerState
2022-10-25 12:15:28,591 [6ce03c57-5430-4ab1-bf83-fb555d2de968@group-670B8877836B-FollowerState] INFO  impl.FollowerState (FollowerState.java:run(152)) - 6ce03c57-5430-4ab1-bf83-fb555d2de968@group-670B8877836B-FollowerState was interrupted
2022-10-25 12:15:28,594 [6ce03c57-5430-4ab1-bf83-fb555d2de968@group-670B8877836B-FollowerState] INFO  server.RaftServerConfigKeys (ConfUtils.java:logFallback(53)) - raft.server.rpc.first-election.timeout.min = 5s (fallback to raft.server.rpc.timeout.min)
2022-10-25 12:15:28,594 [6ce03c57-5430-4ab1-bf83-fb555d2de968@group-670B8877836B-FollowerState] INFO  server.RaftServerConfigKeys (ConfUtils.java:logFallback(53)) - raft.server.rpc.first-election.timeout.max = 5200ms (fallback to raft.server.rpc.timeout.max)
2022-10-25 12:15:28,594 [grpc-default-executor-1] INFO  server.RaftServer$Division (RaftServerImpl.java:requestVote(1218)) - d4065fed-2d66-41be-989b-4bd24a4f6517@group-670B8877836B: receive requestVote(ELECTION, be21c5c4-321c-411e-8ca9-5bb5909d110b, group-670B8877836B, 2, (t:0, i:0))
2022-10-25 12:15:28,594 [grpc-default-executor-1] INFO  impl.VoteContext (VoteContext.java:log(48)) - d4065fed-2d66-41be-989b-4bd24a4f6517@group-670B8877836B-FOLLOWER: accept ELECTION from be21c5c4-321c-411e-8ca9-5bb5909d110b: our priority 0 <= candidate's priority 0
2022-10-25 12:15:28,594 [grpc-default-executor-1] INFO  server.RaftServer$Division (RaftServerImpl.java:setRole(321)) - d4065fed-2d66-41be-989b-4bd24a4f6517@group-670B8877836B: changes role from  FOLLOWER to FOLLOWER at term 2 for candidate:be21c5c4-321c-411e-8ca9-5bb5909d110b
2022-10-25 12:15:28,594 [grpc-default-executor-1] INFO  impl.RoleInfo (RoleInfo.java:shutdownFollowerState(110)) - d4065fed-2d66-41be-989b-4bd24a4f6517: shutdown d4065fed-2d66-41be-989b-4bd24a4f6517@group-670B8877836B-FollowerState
2022-10-25 12:15:28,595 [grpc-default-executor-1] INFO  impl.RoleInfo (RoleInfo.java:updateAndGet(139)) - d4065fed-2d66-41be-989b-4bd24a4f6517: start d4065fed-2d66-41be-989b-4bd24a4f6517@group-670B8877836B-FollowerState
2022-10-25 12:15:28,595 [d4065fed-2d66-41be-989b-4bd24a4f6517@group-670B8877836B-FollowerState] INFO  impl.FollowerState (FollowerState.java:run(152)) - d4065fed-2d66-41be-989b-4bd24a4f6517@group-670B8877836B-FollowerState was interrupted
2022-10-25 12:15:28,595 [grpc-default-executor-0] INFO  server.RaftServer$Division (RaftServerImpl.java:requestVote(1251)) - 6ce03c57-5430-4ab1-bf83-fb555d2de968@group-670B8877836B replies to ELECTION vote request: be21c5c4-321c-411e-8ca9-5bb5909d110b<-6ce03c57-5430-4ab1-bf83-fb555d2de968#0:FAIL-t2. Peer's state: 6ce03c57-5430-4ab1-bf83-fb555d2de968@group-670B8877836B:t2, leader=null, voted=null, raftlog=Memoized:6ce03c57-5430-4ab1-bf83-fb555d2de968@group-670B8877836B-SegmentedRaftLog:OPENED:c-1, conf=-1: peers:[be21c5c4-321c-411e-8ca9-5bb5909d110b|rpc:10.1.1.43:34703|dataStream:|priority:0|startupRole:FOLLOWER, d4065fed-2d66-41be-989b-4bd24a4f6517|rpc:10.1.1.43:33373|dataStream:|priority:0|startupRole:FOLLOWER, 6ce03c57-5430-4ab1-bf83-fb555d2de968|rpc:10.1.1.43:33579|dataStream:|priority:1|startupRole:FOLLOWER]|listeners:[], old=null
2022-10-25 12:15:28,595 [d4065fed-2d66-41be-989b-4bd24a4f6517@group-670B8877836B-FollowerState] INFO  server.RaftServerConfigKeys (ConfUtils.java:logFallback(53)) - raft.server.rpc.first-election.timeout.min = 5s (fallback to raft.server.rpc.timeout.min)
2022-10-25 12:15:28,595 [d4065fed-2d66-41be-989b-4bd24a4f6517@group-670B8877836B-FollowerState] INFO  server.RaftServerConfigKeys (ConfUtils.java:logFallback(53)) - raft.server.rpc.first-election.timeout.max = 5200ms (fallback to raft.server.rpc.timeout.max)
2022-10-25 12:15:28,596 [be21c5c4-321c-411e-8ca9-5bb5909d110b@group-670B8877836B-LeaderElection23] INFO  impl.LeaderElection (LeaderElection.java:logAndReturn(90)) - be21c5c4-321c-411e-8ca9-5bb5909d110b@group-670B8877836B-LeaderElection23: ELECTION REJECTED received 1 response(s) and 0 exception(s):
2022-10-25 12:15:28,596 [be21c5c4-321c-411e-8ca9-5bb5909d110b@group-670B8877836B-LeaderElection23] INFO  impl.LeaderElection (LeaderElection.java:logAndReturn(94)) -   Response 0: be21c5c4-321c-411e-8ca9-5bb5909d110b<-6ce03c57-5430-4ab1-bf83-fb555d2de968#0:FAIL-t2
2022-10-25 12:15:28,596 [be21c5c4-321c-411e-8ca9-5bb5909d110b@group-670B8877836B-LeaderElection23] INFO  impl.LeaderElection (LeaderElection.java:askForVotes(314)) - be21c5c4-321c-411e-8ca9-5bb5909d110b@group-670B8877836B-LeaderElection23 ELECTION round 0: result REJECTED
2022-10-25 12:15:28,597 [be21c5c4-321c-411e-8ca9-5bb5909d110b@group-670B8877836B-LeaderElection23] INFO  server.RaftServer$Division (RaftServerImpl.java:setRole(321)) - be21c5c4-321c-411e-8ca9-5bb5909d110b@group-670B8877836B: changes role from CANDIDATE to FOLLOWER at term 2 for REJECTED
2022-10-25 12:15:28,597 [be21c5c4-321c-411e-8ca9-5bb5909d110b@group-670B8877836B-LeaderElection23] INFO  impl.RoleInfo (RoleInfo.java:shutdownLeaderElection(130)) - be21c5c4-321c-411e-8ca9-5bb5909d110b: shutdown be21c5c4-321c-411e-8ca9-5bb5909d110b@group-670B8877836B-LeaderElection23
2022-10-25 12:15:28,597 [be21c5c4-321c-411e-8ca9-5bb5909d110b@group-670B8877836B-LeaderElection23] INFO  impl.RoleInfo (RoleInfo.java:updateAndGet(139)) - be21c5c4-321c-411e-8ca9-5bb5909d110b: start be21c5c4-321c-411e-8ca9-5bb5909d110b@group-670B8877836B-FollowerState
2022-10-25 12:15:28,597 [be21c5c4-321c-411e-8ca9-5bb5909d110b@group-670B8877836B-FollowerState] INFO  server.RaftServerConfigKeys (ConfUtils.java:logFallback(53)) - raft.server.rpc.first-election.timeout.min = 5s (fallback to raft.server.rpc.timeout.min)
2022-10-25 12:15:28,597 [be21c5c4-321c-411e-8ca9-5bb5909d110b@group-670B8877836B-FollowerState] INFO  server.RaftServerConfigKeys (ConfUtils.java:logFallback(53)) - raft.server.rpc.first-election.timeout.max = 5200ms (fallback to raft.server.rpc.timeout.max)
2022-10-25 12:15:28,598 [grpc-default-executor-1] INFO  server.RaftServer$Division (RaftServerImpl.java:requestVote(1251)) - d4065fed-2d66-41be-989b-4bd24a4f6517@group-670B8877836B replies to ELECTION vote request: be21c5c4-321c-411e-8ca9-5bb5909d110b<-d4065fed-2d66-41be-989b-4bd24a4f6517#0:OK-t2. Peer's state: d4065fed-2d66-41be-989b-4bd24a4f6517@group-670B8877836B:t2, leader=null, voted=be21c5c4-321c-411e-8ca9-5bb5909d110b, raftlog=Memoized:d4065fed-2d66-41be-989b-4bd24a4f6517@group-670B8877836B-SegmentedRaftLog:OPENED:c-1, conf=-1: peers:[be21c5c4-321c-411e-8ca9-5bb5909d110b|rpc:10.1.1.43:34703|dataStream:|priority:0|startupRole:FOLLOWER, d4065fed-2d66-41be-989b-4bd24a4f6517|rpc:10.1.1.43:33373|dataStream:|priority:0|startupRole:FOLLOWER, 6ce03c57-5430-4ab1-bf83-fb555d2de968|rpc:10.1.1.43:33579|dataStream:|priority:1|startupRole:FOLLOWER]|listeners:[], old=null
2022-10-25 12:15:28,601 [d4065fed-2d66-41be-989b-4bd24a4f6517@group-5EAD7F5BC067-FollowerState] INFO  impl.FollowerState (FollowerState.java:run(143)) - d4065fed-2d66-41be-989b-4bd24a4f6517@group-5EAD7F5BC067-FollowerState: change to CANDIDATE, lastRpcElapsedTime:5102425532ns, electionTimeout:5100ms
2022-10-25 12:15:28,601 [d4065fed-2d66-41be-989b-4bd24a4f6517@group-5EAD7F5BC067-FollowerState] INFO  impl.RoleInfo (RoleInfo.java:shutdownFollowerState(110)) - d4065fed-2d66-41be-989b-4bd24a4f6517: shutdown d4065fed-2d66-41be-989b-4bd24a4f6517@group-5EAD7F5BC067-FollowerState
2022-10-25 12:15:28,601 [d4065fed-2d66-41be-989b-4bd24a4f6517@group-5EAD7F5BC067-FollowerState] INFO  server.RaftServer$Division (RaftServerImpl.java:setRole(321)) - d4065fed-2d66-41be-989b-4bd24a4f6517@group-5EAD7F5BC067: changes role from  FOLLOWER to CANDIDATE at term 1 for changeToCandidate
2022-10-25 12:15:28,601 [d4065fed-2d66-41be-989b-4bd24a4f6517@group-5EAD7F5BC067-FollowerState] INFO  server.RaftServerConfigKeys (ConfUtils.java:logGet(46)) - raft.server.leaderelection.pre-vote = false (custom)
2022-10-25 12:15:28,601 [d4065fed-2d66-41be-989b-4bd24a4f6517@group-5EAD7F5BC067-FollowerState] INFO  impl.RoleInfo (RoleInfo.java:updateAndGet(139)) - d4065fed-2d66-41be-989b-4bd24a4f6517: start d4065fed-2d66-41be-989b-4bd24a4f6517@group-5EAD7F5BC067-LeaderElection24
2022-10-25 12:15:28,603 [d4065fed-2d66-41be-989b-4bd24a4f6517@group-5EAD7F5BC067-LeaderElection24] INFO  impl.LeaderElection (LeaderElection.java:askForVotes(312)) - d4065fed-2d66-41be-989b-4bd24a4f6517@group-5EAD7F5BC067-LeaderElection24 ELECTION round 0: submit vote requests at term 2 for -1: peers:[be21c5c4-321c-411e-8ca9-5bb5909d110b|rpc:10.1.1.43:34703|dataStream:|priority:0|startupRole:FOLLOWER, d4065fed-2d66-41be-989b-4bd24a4f6517|rpc:10.1.1.43:33373|dataStream:|priority:1|startupRole:FOLLOWER, 6ce03c57-5430-4ab1-bf83-fb555d2de968|rpc:10.1.1.43:33579|dataStream:|priority:0|startupRole:FOLLOWER]|listeners:[], old=null
2022-10-25 12:15:28,604 [d4065fed-2d66-41be-989b-4bd24a4f6517@group-5EAD7F5BC067-LeaderElection24-1] INFO  server.GrpcServerProtocolClient (GrpcServerProtocolClient.java:<init>(63)) - Build channel for be21c5c4-321c-411e-8ca9-5bb5909d110b
2022-10-25 12:15:28,614 [d4065fed-2d66-41be-989b-4bd24a4f6517@group-5EAD7F5BC067-LeaderElection24] INFO  server.RaftServerConfigKeys (ConfUtils.java:logFallback(53)) - raft.server.rpc.first-election.timeout.min = 5s (fallback to raft.server.rpc.timeout.min)
2022-10-25 12:15:28,614 [d4065fed-2d66-41be-989b-4bd24a4f6517@group-5EAD7F5BC067-LeaderElection24] INFO  server.RaftServerConfigKeys (ConfUtils.java:logFallback(53)) - raft.server.rpc.first-election.timeout.max = 5200ms (fallback to raft.server.rpc.timeout.max)
2022-10-25 12:15:28,617 [6ce03c57-5430-4ab1-bf83-fb555d2de968@group-5EAD7F5BC067-FollowerState] INFO  impl.FollowerState (FollowerState.java:run(143)) - 6ce03c57-5430-4ab1-bf83-fb555d2de968@group-5EAD7F5BC067-FollowerState: change to CANDIDATE, lastRpcElapsedTime:5115302607ns, electionTimeout:5112ms
2022-10-25 12:15:28,617 [6ce03c57-5430-4ab1-bf83-fb555d2de968@group-5EAD7F5BC067-FollowerState] INFO  impl.RoleInfo (RoleInfo.java:shutdownFollowerState(110)) - 6ce03c57-5430-4ab1-bf83-fb555d2de968: shutdown 6ce03c57-5430-4ab1-bf83-fb555d2de968@group-5EAD7F5BC067-FollowerState
2022-10-25 12:15:28,617 [6ce03c57-5430-4ab1-bf83-fb555d2de968@group-5EAD7F5BC067-FollowerState] INFO  server.RaftServer$Division (RaftServerImpl.java:setRole(321)) - 6ce03c57-5430-4ab1-bf83-fb555d2de968@group-5EAD7F5BC067: changes role from  FOLLOWER to CANDIDATE at term 1 for changeToCandidate
2022-10-25 12:15:28,617 [6ce03c57-5430-4ab1-bf83-fb555d2de968@group-5EAD7F5BC067-FollowerState] INFO  server.RaftServerConfigKeys (ConfUtils.java:logGet(46)) - raft.server.leaderelection.pre-vote = false (custom)
2022-10-25 12:15:28,617 [6ce03c57-5430-4ab1-bf83-fb555d2de968@group-5EAD7F5BC067-FollowerState] INFO  impl.RoleInfo (RoleInfo.java:updateAndGet(139)) - 6ce03c57-5430-4ab1-bf83-fb555d2de968: start 6ce03c57-5430-4ab1-bf83-fb555d2de968@group-5EAD7F5BC067-LeaderElection25
2022-10-25 12:15:28,620 [grpc-default-executor-1] INFO  server.RaftServer$Division (RaftServerImpl.java:requestVote(1218)) - be21c5c4-321c-411e-8ca9-5bb5909d110b@group-5EAD7F5BC067: receive requestVote(ELECTION, d4065fed-2d66-41be-989b-4bd24a4f6517, group-5EAD7F5BC067, 2, (t:0, i:0))
2022-10-25 12:15:28,620 [grpc-default-executor-1] INFO  impl.VoteContext (VoteContext.java:log(48)) - be21c5c4-321c-411e-8ca9-5bb5909d110b@group-5EAD7F5BC067-FOLLOWER: accept ELECTION from d4065fed-2d66-41be-989b-4bd24a4f6517: our priority 0 <= candidate's priority 1
2022-10-25 12:15:28,620 [grpc-default-executor-1] INFO  server.RaftServer$Division (RaftServerImpl.java:setRole(321)) - be21c5c4-321c-411e-8ca9-5bb5909d110b@group-5EAD7F5BC067: changes role from  FOLLOWER to FOLLOWER at term 2 for candidate:d4065fed-2d66-41be-989b-4bd24a4f6517
2022-10-25 12:15:28,620 [grpc-default-executor-1] INFO  impl.RoleInfo (RoleInfo.java:shutdownFollowerState(110)) - be21c5c4-321c-411e-8ca9-5bb5909d110b: shutdown be21c5c4-321c-411e-8ca9-5bb5909d110b@group-5EAD7F5BC067-FollowerState
2022-10-25 12:15:28,620 [grpc-default-executor-1] INFO  impl.RoleInfo (RoleInfo.java:updateAndGet(139)) - be21c5c4-321c-411e-8ca9-5bb5909d110b: start be21c5c4-321c-411e-8ca9-5bb5909d110b@group-5EAD7F5BC067-FollowerState
2022-10-25 12:15:28,620 [be21c5c4-321c-411e-8ca9-5bb5909d110b@group-5EAD7F5BC067-FollowerState] INFO  impl.FollowerState (FollowerState.java:run(152)) - be21c5c4-321c-411e-8ca9-5bb5909d110b@group-5EAD7F5BC067-FollowerState was interrupted
2022-10-25 12:15:28,621 [d4065fed-2d66-41be-989b-4bd24a4f6517@group-5EAD7F5BC067-LeaderElection24-2] INFO  server.GrpcServerProtocolClient (GrpcServerProtocolClient.java:<init>(63)) - Build channel for 6ce03c57-5430-4ab1-bf83-fb555d2de968
2022-10-25 12:15:28,623 [be21c5c4-321c-411e-8ca9-5bb5909d110b@group-5EAD7F5BC067-FollowerState] INFO  server.RaftServerConfigKeys (ConfUtils.java:logFallback(53)) - raft.server.rpc.first-election.timeout.min = 5s (fallback to raft.server.rpc.timeout.min)
2022-10-25 12:15:28,623 [be21c5c4-321c-411e-8ca9-5bb5909d110b@group-5EAD7F5BC067-FollowerState] INFO  server.RaftServerConfigKeys (ConfUtils.java:logFallback(53)) - raft.server.rpc.first-election.timeout.max = 5200ms (fallback to raft.server.rpc.timeout.max)
2022-10-25 12:15:28,624 [grpc-default-executor-1] INFO  server.RaftServer$Division (RaftServerImpl.java:requestVote(1251)) - be21c5c4-321c-411e-8ca9-5bb5909d110b@group-5EAD7F5BC067 replies to ELECTION vote request: d4065fed-2d66-41be-989b-4bd24a4f6517<-be21c5c4-321c-411e-8ca9-5bb5909d110b#0:OK-t2. Peer's state: be21c5c4-321c-411e-8ca9-5bb5909d110b@group-5EAD7F5BC067:t2, leader=null, voted=d4065fed-2d66-41be-989b-4bd24a4f6517, raftlog=Memoized:be21c5c4-321c-411e-8ca9-5bb5909d110b@group-5EAD7F5BC067-SegmentedRaftLog:OPENED:c-1, conf=-1: peers:[be21c5c4-321c-411e-8ca9-5bb5909d110b|rpc:10.1.1.43:34703|priority:0|startupRole:FOLLOWER, d4065fed-2d66-41be-989b-4bd24a4f6517|rpc:10.1.1.43:33373|priority:1|startupRole:FOLLOWER, 6ce03c57-5430-4ab1-bf83-fb555d2de968|rpc:10.1.1.43:33579|priority:0|startupRole:FOLLOWER]|listeners:[], old=null
2022-10-25 12:15:28,626 [d4065fed-2d66-41be-989b-4bd24a4f6517@group-5EAD7F5BC067-LeaderElection24] INFO  impl.LeaderElection (LeaderElection.java:logAndReturn(90)) - d4065fed-2d66-41be-989b-4bd24a4f6517@group-5EAD7F5BC067-LeaderElection24: ELECTION PASSED received 1 response(s) and 0 exception(s):
2022-10-25 12:15:28,627 [d4065fed-2d66-41be-989b-4bd24a4f6517@group-5EAD7F5BC067-LeaderElection24] INFO  impl.LeaderElection (LeaderElection.java:logAndReturn(94)) -   Response 0: d4065fed-2d66-41be-989b-4bd24a4f6517<-be21c5c4-321c-411e-8ca9-5bb5909d110b#0:OK-t2
2022-10-25 12:15:28,627 [d4065fed-2d66-41be-989b-4bd24a4f6517@group-5EAD7F5BC067-LeaderElection24] INFO  impl.LeaderElection (LeaderElection.java:askForVotes(314)) - d4065fed-2d66-41be-989b-4bd24a4f6517@group-5EAD7F5BC067-LeaderElection24 ELECTION round 0: result PASSED
2022-10-25 12:15:28,627 [d4065fed-2d66-41be-989b-4bd24a4f6517@group-5EAD7F5BC067-LeaderElection24] INFO  impl.RoleInfo (RoleInfo.java:shutdownLeaderElection(130)) - d4065fed-2d66-41be-989b-4bd24a4f6517: shutdown d4065fed-2d66-41be-989b-4bd24a4f6517@group-5EAD7F5BC067-LeaderElection24
2022-10-25 12:15:28,627 [d4065fed-2d66-41be-989b-4bd24a4f6517@group-5EAD7F5BC067-LeaderElection24] INFO  server.RaftServer$Division (RaftServerImpl.java:setRole(321)) - d4065fed-2d66-41be-989b-4bd24a4f6517@group-5EAD7F5BC067: changes role from CANDIDATE to LEADER at term 2 for changeToLeader
2022-10-25 12:15:28,627 [d4065fed-2d66-41be-989b-4bd24a4f6517@group-5EAD7F5BC067-LeaderElection24] INFO  ratis.XceiverServerRatis (XceiverServerRatis.java:handleLeaderChangedNotification(863)) - Leader change notification received for group: group-5EAD7F5BC067 with new leaderId: d4065fed-2d66-41be-989b-4bd24a4f6517
2022-10-25 12:15:28,627 [d4065fed-2d66-41be-989b-4bd24a4f6517@group-5EAD7F5BC067-LeaderElection24] INFO  server.RaftServer$Division (ServerState.java:setLeader(313)) - d4065fed-2d66-41be-989b-4bd24a4f6517@group-5EAD7F5BC067: change Leader from null to d4065fed-2d66-41be-989b-4bd24a4f6517 at term 2 for becomeLeader, leader elected after 10234ms
2022-10-25 12:15:28,627 [d4065fed-2d66-41be-989b-4bd24a4f6517@group-5EAD7F5BC067-LeaderElection24] INFO  server.RaftServerConfigKeys (ConfUtils.java:logGet(46)) - raft.server.staging.catchup.gap = 1000 (default)
2022-10-25 12:15:28,627 [d4065fed-2d66-41be-989b-4bd24a4f6517@group-5EAD7F5BC067-LeaderElection24] INFO  server.RaftServerConfigKeys (ConfUtils.java:logGet(46)) - raft.server.write.element-limit = 1024 (custom)
2022-10-25 12:15:28,627 [d4065fed-2d66-41be-989b-4bd24a4f6517@group-5EAD7F5BC067-LeaderElection24] INFO  server.RaftServerConfigKeys (ConfUtils.java:logGet(46)) - raft.server.write.byte-limit = 1024 M (=1073741824) (custom)
2022-10-25 12:15:28,628 [d4065fed-2d66-41be-989b-4bd24a4f6517@group-5EAD7F5BC067-LeaderElection24] INFO  server.RaftServerConfigKeys (ConfUtils.java:logGet(46)) - raft.server.watch.timeout = 180s (custom)
2022-10-25 12:15:28,628 [d4065fed-2d66-41be-989b-4bd24a4f6517@group-5EAD7F5BC067-LeaderElection24] INFO  server.RaftServerConfigKeys (ConfUtils.java:logGet(46)) - raft.server.watch.timeout.denomination = 1s (default)
2022-10-25 12:15:28,628 [d4065fed-2d66-41be-989b-4bd24a4f6517@group-5EAD7F5BC067-LeaderElection24] INFO  server.RaftServerConfigKeys (ConfUtils.java:logGet(46)) - raft.server.watch.element-limit = 65536 (default)
2022-10-25 12:15:28,628 [d4065fed-2d66-41be-989b-4bd24a4f6517@group-5EAD7F5BC067-LeaderElection24] INFO  server.RaftServerConfigKeys (ConfUtils.java:logGet(46)) - raft.server.write.element-limit = 1024 (custom)
2022-10-25 12:15:28,628 [d4065fed-2d66-41be-989b-4bd24a4f6517@group-5EAD7F5BC067-LeaderElection24] INFO  server.RaftServerConfigKeys (ConfUtils.java:logGet(46)) - raft.server.write.follower.gap.ratio.max = -1.0 (default)
2022-10-25 12:15:28,631 [EventQueue-PipelineReportForPipelineReportHandler] INFO  pipeline.PipelineManagerImpl (PipelineManagerImpl.java:openPipeline(367)) - Pipeline Pipeline[ Id: 46fbd23a-91f8-4d0e-a109-5ead7f5bc067, Nodes: 6ce03c57-5430-4ab1-bf83-fb555d2de968{ip: 10.1.1.43, host: fv-az82-510.ou3itxwc2spe5nxnxxppousbrf.dx.internal.cloudapp.net, ports: [REPLICATION=34039, RATIS=33579, RATIS_ADMIN=33579, RATIS_SERVER=33579, STANDALONE=43353], networkLocation: /default-rack, certSerialId: null, persistedOpState: IN_SERVICE, persistedOpStateExpiryEpochSec: 0}be21c5c4-321c-411e-8ca9-5bb5909d110b{ip: 10.1.1.43, host: fv-az82-510.ou3itxwc2spe5nxnxxppousbrf.dx.internal.cloudapp.net, ports: [REPLICATION=34441, RATIS=34703, RATIS_ADMIN=34703, RATIS_SERVER=34703, STANDALONE=38509], networkLocation: /default-rack, certSerialId: null, persistedOpState: IN_SERVICE, persistedOpStateExpiryEpochSec: 0}d4065fed-2d66-41be-989b-4bd24a4f6517{ip: 10.1.1.43, host: fv-az82-510.ou3itxwc2spe5nxnxxppousbrf.dx.internal.cloudapp.net, ports: [REPLICATION=36477, RATIS=33373, RATIS_ADMIN=33373, RATIS_SERVER=33373, STANDALONE=33211], networkLocation: /default-rack, certSerialId: null, persistedOpState: IN_SERVICE, persistedOpStateExpiryEpochSec: 0}, ReplicationConfig: RATIS/THREE, State:ALLOCATED, leaderId:d4065fed-2d66-41be-989b-4bd24a4f6517, CreationTimestamp2022-10-25T12:15:16.003Z[Etc/UTC]] moved to OPEN state
2022-10-25 12:15:28,631 [EventQueue-OpenPipelineForHealthyPipelineSafeModeRule] INFO  safemode.SCMSafeModeManager (HealthyPipelineSafeModeRule.java:process(137)) - SCM in safe mode. Healthy pipelines reported count is 0, required healthy pipeline reported count is 1
2022-10-25 12:15:28,631 [EventQueue-OpenPipelineForHealthyPipelineSafeModeRule] INFO  safemode.SCMSafeModeManager (HealthyPipelineSafeModeRule.java:process(137)) - SCM in safe mode. Healthy pipelines reported count is 1, required healthy pipeline reported count is 1
2022-10-25 12:15:28,631 [EventQueue-OpenPipelineForHealthyPipelineSafeModeRule] INFO  safemode.SCMSafeModeManager (SCMSafeModeManager.java:validateSafeModeExitRules(204)) - HealthyPipelineSafeModeRule rule is successfully validated
2022-10-25 12:15:28,632 [EventQueue-OpenPipelineForHealthyPipelineSafeModeRule] INFO  safemode.SCMSafeModeManager (SCMSafeModeManager.java:validateSafeModeExitRules(219)) - ScmSafeModeManager, all rules are successfully validated
2022-10-25 12:15:28,632 [EventQueue-OpenPipelineForHealthyPipelineSafeModeRule] INFO  safemode.SCMSafeModeManager (SCMSafeModeManager.java:exitSafeMode(248)) - SCM exiting safe mode.
2022-10-25 12:15:28,632 [EventQueue-OpenPipelineForHealthyPipelineSafeModeRule] WARN  events.EventQueue (EventQueue.java:fireEvent(216)) - No event handler registered for event TypedEvent{payloadType=SafeModeStatus, name='Safe mode status'}
2022-10-25 12:15:28,632 [EventQueue-OpenPipelineForHealthyPipelineSafeModeRule] INFO  ha.SCMContext (SCMContext.java:updateSafeModeStatus(228)) - Update SafeModeStatus from SafeModeStatus{safeModeStatus=true, preCheckPassed=true} to SafeModeStatus{safeModeStatus=false, preCheckPassed=true}.
2022-10-25 12:15:28,632 [EventQueue-OpenPipelineForHealthyPipelineSafeModeRule] INFO  pipeline.BackgroundPipelineCreator (BackgroundPipelineCreator.java:notifyStatusChanged(254)) - Service BackgroundPipelineCreator transitions to RUNNING.
2022-10-25 12:15:28,632 [EventQueue-OpenPipelineForHealthyPipelineSafeModeRule] INFO  BackgroundPipelineScrubber (BackgroundSCMService.java:notifyStatusChanged(82)) - Service BackgroundPipelineScrubber transitions to RUNNING.
2022-10-25 12:15:28,632 [EventQueue-OpenPipelineForHealthyPipelineSafeModeRule] INFO  ExpiredContainerReplicaOpScrubber (BackgroundSCMService.java:notifyStatusChanged(82)) - Service ExpiredContainerReplicaOpScrubber transitions to RUNNING.
2022-10-25 12:15:28,632 [EventQueue-OpenPipelineForHealthyPipelineSafeModeRule] INFO  replication.ReplicationManager (ReplicationManager.java:notifyStatusChanged(776)) - Service ReplicationManager transitions to RUNNING.
2022-10-25 12:15:28,635 [EventQueue-OpenPipelineForHealthyPipelineSafeModeRule] WARN  balancer.ContainerBalancer (ContainerBalancer.java:shouldRun(131)) - Could not find persisted configuration for ContainerBalancer when checking if ContainerBalancer should run. ContainerBalancer should not run now.
2022-10-25 12:15:28,641 [6ce03c57-5430-4ab1-bf83-fb555d2de968@group-5EAD7F5BC067-LeaderElection25] INFO  impl.LeaderElection (LeaderElection.java:askForVotes(312)) - 6ce03c57-5430-4ab1-bf83-fb555d2de968@group-5EAD7F5BC067-LeaderElection25 ELECTION round 0: submit vote requests at term 2 for -1: peers:[be21c5c4-321c-411e-8ca9-5bb5909d110b|rpc:10.1.1.43:34703|dataStream:|priority:0|startupRole:FOLLOWER, d4065fed-2d66-41be-989b-4bd24a4f6517|rpc:10.1.1.43:33373|dataStream:|priority:1|startupRole:FOLLOWER, 6ce03c57-5430-4ab1-bf83-fb555d2de968|rpc:10.1.1.43:33579|dataStream:|priority:0|startupRole:FOLLOWER]|listeners:[], old=null
2022-10-25 12:15:28,641 [grpc-default-executor-1] INFO  server.RaftServer$Division (RaftServerImpl.java:requestVote(1218)) - 6ce03c57-5430-4ab1-bf83-fb555d2de968@group-5EAD7F5BC067: receive requestVote(ELECTION, d4065fed-2d66-41be-989b-4bd24a4f6517, group-5EAD7F5BC067, 2, (t:0, i:0))
2022-10-25 12:15:28,645 [grpc-default-executor-1] INFO  impl.VoteContext (VoteContext.java:log(48)) - 6ce03c57-5430-4ab1-bf83-fb555d2de968@group-5EAD7F5BC067-CANDIDATE: reject ELECTION from d4065fed-2d66-41be-989b-4bd24a4f6517: already has voted for 6ce03c57-5430-4ab1-bf83-fb555d2de968 at current term 2
2022-10-25 12:15:28,645 [grpc-default-executor-1] INFO  server.RaftServer$Division (RaftServerImpl.java:requestVote(1251)) - 6ce03c57-5430-4ab1-bf83-fb555d2de968@group-5EAD7F5BC067 replies to ELECTION vote request: d4065fed-2d66-41be-989b-4bd24a4f6517<-6ce03c57-5430-4ab1-bf83-fb555d2de968#0:FAIL-t2. Peer's state: 6ce03c57-5430-4ab1-bf83-fb555d2de968@group-5EAD7F5BC067:t2, leader=null, voted=6ce03c57-5430-4ab1-bf83-fb555d2de968, raftlog=Memoized:6ce03c57-5430-4ab1-bf83-fb555d2de968@group-5EAD7F5BC067-SegmentedRaftLog:OPENED:c-1, conf=-1: peers:[be21c5c4-321c-411e-8ca9-5bb5909d110b|rpc:10.1.1.43:34703|dataStream:|priority:0|startupRole:FOLLOWER, d4065fed-2d66-41be-989b-4bd24a4f6517|rpc:10.1.1.43:33373|dataStream:|priority:1|startupRole:FOLLOWER, 6ce03c57-5430-4ab1-bf83-fb555d2de968|rpc:10.1.1.43:33579|dataStream:|priority:0|startupRole:FOLLOWER]|listeners:[], old=null
2022-10-25 12:15:28,650 [d4065fed-2d66-41be-989b-4bd24a4f6517@group-5EAD7F5BC067-LeaderElection24] INFO  server.RaftServerConfigKeys (ConfUtils.java:logGet(46)) - raft.server.log.appender.snapshot.chunk.size.max = 16MB (=16777216) (default)
2022-10-25 12:15:28,650 [d4065fed-2d66-41be-989b-4bd24a4f6517@group-5EAD7F5BC067-LeaderElection24] INFO  server.RaftServerConfigKeys (ConfUtils.java:logGet(46)) - raft.server.log.appender.buffer.byte-limit = 33554432 (custom)
2022-10-25 12:15:28,650 [d4065fed-2d66-41be-989b-4bd24a4f6517@group-5EAD7F5BC067-LeaderElection24] INFO  server.RaftServerConfigKeys (ConfUtils.java:logGet(46)) - raft.server.log.appender.buffer.element-limit = 1 (custom)
2022-10-25 12:15:28,651 [6ce03c57-5430-4ab1-bf83-fb555d2de968@group-5EAD7F5BC067-LeaderElection25] INFO  server.RaftServerConfigKeys (ConfUtils.java:logFallback(53)) - raft.server.rpc.first-election.timeout.min = 5s (fallback to raft.server.rpc.timeout.min)
2022-10-25 12:15:28,651 [6ce03c57-5430-4ab1-bf83-fb555d2de968@group-5EAD7F5BC067-LeaderElection25] INFO  server.RaftServerConfigKeys (ConfUtils.java:logFallback(53)) - raft.server.rpc.first-election.timeout.max = 5200ms (fallback to raft.server.rpc.timeout.max)
2022-10-25 12:15:28,652 [grpc-default-executor-1] INFO  server.RaftServer$Division (RaftServerImpl.java:requestVote(1218)) - be21c5c4-321c-411e-8ca9-5bb5909d110b@group-5EAD7F5BC067: receive requestVote(ELECTION, 6ce03c57-5430-4ab1-bf83-fb555d2de968, group-5EAD7F5BC067, 2, (t:0, i:0))
2022-10-25 12:15:28,652 [grpc-default-executor-1] INFO  impl.VoteContext (VoteContext.java:log(48)) - be21c5c4-321c-411e-8ca9-5bb5909d110b@group-5EAD7F5BC067-FOLLOWER: reject ELECTION from 6ce03c57-5430-4ab1-bf83-fb555d2de968: already has voted for d4065fed-2d66-41be-989b-4bd24a4f6517 at current term 2
2022-10-25 12:15:28,653 [grpc-default-executor-1] INFO  server.RaftServer$Division (RaftServerImpl.java:requestVote(1251)) - be21c5c4-321c-411e-8ca9-5bb5909d110b@group-5EAD7F5BC067 replies to ELECTION vote request: 6ce03c57-5430-4ab1-bf83-fb555d2de968<-be21c5c4-321c-411e-8ca9-5bb5909d110b#0:FAIL-t2. Peer's state: be21c5c4-321c-411e-8ca9-5bb5909d110b@group-5EAD7F5BC067:t2, leader=null, voted=d4065fed-2d66-41be-989b-4bd24a4f6517, raftlog=Memoized:be21c5c4-321c-411e-8ca9-5bb5909d110b@group-5EAD7F5BC067-SegmentedRaftLog:OPENED:c-1, conf=-1: peers:[be21c5c4-321c-411e-8ca9-5bb5909d110b|rpc:10.1.1.43:34703|priority:0|startupRole:FOLLOWER, d4065fed-2d66-41be-989b-4bd24a4f6517|rpc:10.1.1.43:33373|priority:1|startupRole:FOLLOWER, 6ce03c57-5430-4ab1-bf83-fb555d2de968|rpc:10.1.1.43:33579|priority:0|startupRole:FOLLOWER]|listeners:[], old=null
2022-10-25 12:15:28,654 [grpc-default-executor-1] INFO  server.RaftServer$Division (RaftServerImpl.java:requestVote(1218)) - d4065fed-2d66-41be-989b-4bd24a4f6517@group-5EAD7F5BC067: receive requestVote(ELECTION, 6ce03c57-5430-4ab1-bf83-fb555d2de968, group-5EAD7F5BC067, 2, (t:0, i:0))
2022-10-25 12:15:28,654 [d4065fed-2d66-41be-989b-4bd24a4f6517@group-5EAD7F5BC067-LeaderElection24] INFO  grpc.GrpcConfigKeys (ConfUtils.java:logGet(46)) - raft.grpc.server.leader.outstanding.appends.max = 128 (default)
2022-10-25 12:15:28,655 [d4065fed-2d66-41be-989b-4bd24a4f6517@group-5EAD7F5BC067-LeaderElection24] INFO  server.RaftServerConfigKeys (ConfUtils.java:logGet(46)) - raft.server.rpc.request.timeout = 60s (custom)
2022-10-25 12:15:28,655 [d4065fed-2d66-41be-989b-4bd24a4f6517@group-5EAD7F5BC067-LeaderElection24] INFO  server.RaftServerConfigKeys (ConfUtils.java:logGet(46)) - raft.server.log.appender.install.snapshot.enabled = false (custom)
2022-10-25 12:15:28,655 [d4065fed-2d66-41be-989b-4bd24a4f6517@group-5EAD7F5BC067-LeaderElection24] INFO  grpc.GrpcConfigKeys (ConfUtils.java:logGet(46)) - raft.grpc.server.heartbeat.channel = true (default)
2022-10-25 12:15:28,655 [d4065fed-2d66-41be-989b-4bd24a4f6517@group-5EAD7F5BC067-LeaderElection24] INFO  server.RaftServerConfigKeys (ConfUtils.java:logGet(46)) - raft.server.log.appender.wait-time.min = 10ms (default)
2022-10-25 12:15:28,660 [d4065fed-2d66-41be-989b-4bd24a4f6517@group-5EAD7F5BC067-LeaderElection24] INFO  server.RaftServerConfigKeys (ConfUtils.java:logGet(46)) - raft.server.log.appender.snapshot.chunk.size.max = 16MB (=16777216) (default)
2022-10-25 12:15:28,661 [d4065fed-2d66-41be-989b-4bd24a4f6517@group-5EAD7F5BC067-LeaderElection24] INFO  server.RaftServerConfigKeys (ConfUtils.java:logGet(46)) - raft.server.log.appender.buffer.byte-limit = 33554432 (custom)
2022-10-25 12:15:28,661 [d4065fed-2d66-41be-989b-4bd24a4f6517@group-5EAD7F5BC067-LeaderElection24] INFO  server.RaftServerConfigKeys (ConfUtils.java:logGet(46)) - raft.server.log.appender.buffer.element-limit = 1 (custom)
2022-10-25 12:15:28,661 [d4065fed-2d66-41be-989b-4bd24a4f6517@group-5EAD7F5BC067-LeaderElection24] INFO  grpc.GrpcConfigKeys (ConfUtils.java:logGet(46)) - raft.grpc.server.leader.outstanding.appends.max = 128 (default)
2022-10-25 12:15:28,661 [d4065fed-2d66-41be-989b-4bd24a4f6517@group-5EAD7F5BC067-LeaderElection24] INFO  server.RaftServerConfigKeys (ConfUtils.java:logGet(46)) - raft.server.rpc.request.timeout = 60s (custom)
2022-10-25 12:15:28,662 [d4065fed-2d66-41be-989b-4bd24a4f6517@group-5EAD7F5BC067-LeaderElection24] INFO  server.RaftServerConfigKeys (ConfUtils.java:logGet(46)) - raft.server.log.appender.install.snapshot.enabled = false (custom)
2022-10-25 12:15:28,662 [d4065fed-2d66-41be-989b-4bd24a4f6517@group-5EAD7F5BC067-LeaderElection24] INFO  grpc.GrpcConfigKeys (ConfUtils.java:logGet(46)) - raft.grpc.server.heartbeat.channel = true (default)
2022-10-25 12:15:28,662 [d4065fed-2d66-41be-989b-4bd24a4f6517@group-5EAD7F5BC067-LeaderElection24] INFO  server.RaftServerConfigKeys (ConfUtils.java:logGet(46)) - raft.server.log.appender.wait-time.min = 10ms (default)
2022-10-25 12:15:28,663 [d4065fed-2d66-41be-989b-4bd24a4f6517@group-5EAD7F5BC067-LeaderElection24] INFO  impl.RoleInfo (RoleInfo.java:updateAndGet(139)) - d4065fed-2d66-41be-989b-4bd24a4f6517: start d4065fed-2d66-41be-989b-4bd24a4f6517@group-5EAD7F5BC067-LeaderStateImpl
2022-10-25 12:15:28,663 [d4065fed-2d66-41be-989b-4bd24a4f6517@group-5EAD7F5BC067-LeaderElection24] INFO  segmented.SegmentedRaftLogWorker (SegmentedRaftLogWorker.java:startLogSegment(452)) - d4065fed-2d66-41be-989b-4bd24a4f6517@group-5EAD7F5BC067-SegmentedRaftLogWorker: Starting segment from index:0
2022-10-25 12:15:28,666 [d4065fed-2d66-41be-989b-4bd24a4f6517@group-5EAD7F5BC067-SegmentedRaftLogWorker] INFO  segmented.SegmentedRaftLogWorker (SegmentedRaftLogWorker.java:execute(656)) - d4065fed-2d66-41be-989b-4bd24a4f6517@group-5EAD7F5BC067-SegmentedRaftLogWorker: created new log segment /home/runner/work/ozone/ozone/hadoop-ozone/integration-test/target/test-dir/MiniOzoneClusterImpl-59fd4bbb-78e8-4c50-bd4e-19e5c7f0d0cd/datanode-5/data/ratis/46fbd23a-91f8-4d0e-a109-5ead7f5bc067/current/log_inprogress_0
2022-10-25 12:15:28,682 [d4065fed-2d66-41be-989b-4bd24a4f6517@group-5EAD7F5BC067-LeaderElection24] INFO  server.RaftServer$Division (ServerState.java:setRaftConf(430)) - d4065fed-2d66-41be-989b-4bd24a4f6517@group-5EAD7F5BC067: set configuration 0: peers:[be21c5c4-321c-411e-8ca9-5bb5909d110b|rpc:10.1.1.43:34703|dataStream:|priority:0|startupRole:FOLLOWER, d4065fed-2d66-41be-989b-4bd24a4f6517|rpc:10.1.1.43:33373|dataStream:|priority:1|startupRole:FOLLOWER, 6ce03c57-5430-4ab1-bf83-fb555d2de968|rpc:10.1.1.43:33579|dataStream:|priority:0|startupRole:FOLLOWER]|listeners:[], old=null
2022-10-25 12:15:28,683 [grpc-default-executor-1] INFO  impl.VoteContext (VoteContext.java:log(48)) - d4065fed-2d66-41be-989b-4bd24a4f6517@group-5EAD7F5BC067-LEADER: reject ELECTION from 6ce03c57-5430-4ab1-bf83-fb555d2de968: already has voted for d4065fed-2d66-41be-989b-4bd24a4f6517 at current term 2
2022-10-25 12:15:28,683 [grpc-default-executor-1] INFO  server.RaftServer$Division (RaftServerImpl.java:requestVote(1251)) - d4065fed-2d66-41be-989b-4bd24a4f6517@group-5EAD7F5BC067 replies to ELECTION vote request: 6ce03c57-5430-4ab1-bf83-fb555d2de968<-d4065fed-2d66-41be-989b-4bd24a4f6517#0:FAIL-t2. Peer's state: d4065fed-2d66-41be-989b-4bd24a4f6517@group-5EAD7F5BC067:t2, leader=d4065fed-2d66-41be-989b-4bd24a4f6517, voted=d4065fed-2d66-41be-989b-4bd24a4f6517, raftlog=Memoized:d4065fed-2d66-41be-989b-4bd24a4f6517@group-5EAD7F5BC067-SegmentedRaftLog:OPENED:c0, conf=0: peers:[be21c5c4-321c-411e-8ca9-5bb5909d110b|rpc:10.1.1.43:34703|dataStream:|priority:0|startupRole:FOLLOWER, d4065fed-2d66-41be-989b-4bd24a4f6517|rpc:10.1.1.43:33373|dataStream:|priority:1|startupRole:FOLLOWER, 6ce03c57-5430-4ab1-bf83-fb555d2de968|rpc:10.1.1.43:33579|dataStream:|priority:0|startupRole:FOLLOWER]|listeners:[], old=null
2022-10-25 12:15:28,684 [6ce03c57-5430-4ab1-bf83-fb555d2de968@group-5EAD7F5BC067-LeaderElection25] INFO  impl.LeaderElection (LeaderElection.java:logAndReturn(90)) - 6ce03c57-5430-4ab1-bf83-fb555d2de968@group-5EAD7F5BC067-LeaderElection25: ELECTION REJECTED received 2 response(s) and 0 exception(s):
2022-10-25 12:15:28,684 [6ce03c57-5430-4ab1-bf83-fb555d2de968@group-5EAD7F5BC067-LeaderElection25] INFO  impl.LeaderElection (LeaderElection.java:logAndReturn(94)) -   Response 0: 6ce03c57-5430-4ab1-bf83-fb555d2de968<-be21c5c4-321c-411e-8ca9-5bb5909d110b#0:FAIL-t2
2022-10-25 12:15:28,685 [6ce03c57-5430-4ab1-bf83-fb555d2de968@group-5EAD7F5BC067-LeaderElection25] INFO  impl.LeaderElection (LeaderElection.java:logAndReturn(94)) -   Response 1: 6ce03c57-5430-4ab1-bf83-fb555d2de968<-d4065fed-2d66-41be-989b-4bd24a4f6517#0:FAIL-t2
2022-10-25 12:15:28,685 [6ce03c57-5430-4ab1-bf83-fb555d2de968@group-5EAD7F5BC067-LeaderElection25] INFO  impl.LeaderElection (LeaderElection.java:askForVotes(314)) - 6ce03c57-5430-4ab1-bf83-fb555d2de968@group-5EAD7F5BC067-LeaderElection25 ELECTION round 0: result REJECTED
2022-10-25 12:15:28,685 [6ce03c57-5430-4ab1-bf83-fb555d2de968@group-5EAD7F5BC067-LeaderElection25] INFO  server.RaftServer$Division (RaftServerImpl.java:setRole(321)) - 6ce03c57-5430-4ab1-bf83-fb555d2de968@group-5EAD7F5BC067: changes role from CANDIDATE to FOLLOWER at term 2 for REJECTED
2022-10-25 12:15:28,685 [6ce03c57-5430-4ab1-bf83-fb555d2de968@group-5EAD7F5BC067-LeaderElection25] INFO  impl.RoleInfo (RoleInfo.java:shutdownLeaderElection(130)) - 6ce03c57-5430-4ab1-bf83-fb555d2de968: shutdown 6ce03c57-5430-4ab1-bf83-fb555d2de968@group-5EAD7F5BC067-LeaderElection25
2022-10-25 12:15:28,685 [6ce03c57-5430-4ab1-bf83-fb555d2de968@group-5EAD7F5BC067-LeaderElection25] INFO  impl.RoleInfo (RoleInfo.java:updateAndGet(139)) - 6ce03c57-5430-4ab1-bf83-fb555d2de968: start 6ce03c57-5430-4ab1-bf83-fb555d2de968@group-5EAD7F5BC067-FollowerState
2022-10-25 12:15:28,697 [6ce03c57-5430-4ab1-bf83-fb555d2de968@group-5EAD7F5BC067-FollowerState] INFO  server.RaftServerConfigKeys (ConfUtils.java:logFallback(53)) - raft.server.rpc.first-election.timeout.min = 5s (fallback to raft.server.rpc.timeout.min)
2022-10-25 12:15:28,697 [6ce03c57-5430-4ab1-bf83-fb555d2de968@group-5EAD7F5BC067-FollowerState] INFO  server.RaftServerConfigKeys (ConfUtils.java:logFallback(53)) - raft.server.rpc.first-election.timeout.max = 5200ms (fallback to raft.server.rpc.timeout.max)
2022-10-25 12:15:28,711 [6ce03c57-5430-4ab1-bf83-fb555d2de968-server-thread1] INFO  ratis.XceiverServerRatis (XceiverServerRatis.java:handleLeaderChangedNotification(863)) - Leader change notification received for group: group-5EAD7F5BC067 with new leaderId: d4065fed-2d66-41be-989b-4bd24a4f6517
2022-10-25 12:15:28,711 [6ce03c57-5430-4ab1-bf83-fb555d2de968-server-thread1] INFO  server.RaftServer$Division (ServerState.java:setLeader(313)) - 6ce03c57-5430-4ab1-bf83-fb555d2de968@group-5EAD7F5BC067: change Leader from null to d4065fed-2d66-41be-989b-4bd24a4f6517 at term 2 for appendEntries, leader elected after 10370ms
2022-10-25 12:15:28,718 [be21c5c4-321c-411e-8ca9-5bb5909d110b-server-thread1] INFO  ratis.XceiverServerRatis (XceiverServerRatis.java:handleLeaderChangedNotification(863)) - Leader change notification received for group: group-5EAD7F5BC067 with new leaderId: d4065fed-2d66-41be-989b-4bd24a4f6517
2022-10-25 12:15:28,718 [be21c5c4-321c-411e-8ca9-5bb5909d110b-server-thread1] INFO  server.RaftServer$Division (ServerState.java:setLeader(313)) - be21c5c4-321c-411e-8ca9-5bb5909d110b@group-5EAD7F5BC067: change Leader from null to d4065fed-2d66-41be-989b-4bd24a4f6517 at term 2 for appendEntries, leader elected after 10419ms
2022-10-25 12:15:28,720 [6ce03c57-5430-4ab1-bf83-fb555d2de968-server-thread2] INFO  server.RaftServer$Division (ServerState.java:setRaftConf(430)) - 6ce03c57-5430-4ab1-bf83-fb555d2de968@group-5EAD7F5BC067: set configuration 0: peers:[be21c5c4-321c-411e-8ca9-5bb5909d110b|rpc:10.1.1.43:34703|dataStream:|priority:0|startupRole:FOLLOWER, d4065fed-2d66-41be-989b-4bd24a4f6517|rpc:10.1.1.43:33373|dataStream:|priority:1|startupRole:FOLLOWER, 6ce03c57-5430-4ab1-bf83-fb555d2de968|rpc:10.1.1.43:33579|dataStream:|priority:0|startupRole:FOLLOWER]|listeners:[], old=null
2022-10-25 12:15:28,720 [6ce03c57-5430-4ab1-bf83-fb555d2de968-server-thread2] INFO  segmented.SegmentedRaftLogWorker (SegmentedRaftLogWorker.java:startLogSegment(452)) - 6ce03c57-5430-4ab1-bf83-fb555d2de968@group-5EAD7F5BC067-SegmentedRaftLogWorker: Starting segment from index:0
2022-10-25 12:15:28,739 [6ce03c57-5430-4ab1-bf83-fb555d2de968@group-5EAD7F5BC067-SegmentedRaftLogWorker] INFO  segmented.SegmentedRaftLogWorker (SegmentedRaftLogWorker.java:execute(656)) - 6ce03c57-5430-4ab1-bf83-fb555d2de968@group-5EAD7F5BC067-SegmentedRaftLogWorker: created new log segment /home/runner/work/ozone/ozone/hadoop-ozone/integration-test/target/test-dir/MiniOzoneClusterImpl-59fd4bbb-78e8-4c50-bd4e-19e5c7f0d0cd/datanode-4/data/ratis/46fbd23a-91f8-4d0e-a109-5ead7f5bc067/current/log_inprogress_0
2022-10-25 12:15:28,744 [be21c5c4-321c-411e-8ca9-5bb5909d110b-server-thread2] INFO  server.RaftServer$Division (ServerState.java:setRaftConf(430)) - be21c5c4-321c-411e-8ca9-5bb5909d110b@group-5EAD7F5BC067: set configuration 0: peers:[be21c5c4-321c-411e-8ca9-5bb5909d110b|rpc:10.1.1.43:34703|dataStream:|priority:0|startupRole:FOLLOWER, d4065fed-2d66-41be-989b-4bd24a4f6517|rpc:10.1.1.43:33373|dataStream:|priority:1|startupRole:FOLLOWER, 6ce03c57-5430-4ab1-bf83-fb555d2de968|rpc:10.1.1.43:33579|dataStream:|priority:0|startupRole:FOLLOWER]|listeners:[], old=null
2022-10-25 12:15:28,744 [be21c5c4-321c-411e-8ca9-5bb5909d110b-server-thread2] INFO  segmented.SegmentedRaftLogWorker (SegmentedRaftLogWorker.java:startLogSegment(452)) - be21c5c4-321c-411e-8ca9-5bb5909d110b@group-5EAD7F5BC067-SegmentedRaftLogWorker: Starting segment from index:0
2022-10-25 12:15:28,745 [be21c5c4-321c-411e-8ca9-5bb5909d110b@group-5EAD7F5BC067-SegmentedRaftLogWorker] INFO  segmented.SegmentedRaftLogWorker (SegmentedRaftLogWorker.java:execute(656)) - be21c5c4-321c-411e-8ca9-5bb5909d110b@group-5EAD7F5BC067-SegmentedRaftLogWorker: created new log segment /home/runner/work/ozone/ozone/hadoop-ozone/integration-test/target/test-dir/MiniOzoneClusterImpl-59fd4bbb-78e8-4c50-bd4e-19e5c7f0d0cd/datanode-3/data/ratis/46fbd23a-91f8-4d0e-a109-5ead7f5bc067/current/log_inprogress_0
2022-10-25 12:15:29,581 [Listener at 127.0.0.1/33161] INFO  ozone.MiniOzoneClusterImpl (MiniOzoneClusterImpl.java:lambda$waitForClusterToBeReady$0(216)) - Nodes are ready. Got 10 of 10 DN Heartbeats.
2022-10-25 12:15:29,581 [Listener at 127.0.0.1/33161] INFO  ozone.MiniOzoneClusterImpl (MiniOzoneClusterImpl.java:lambda$waitForClusterToBeReady$0(219)) - Cluster exits safe mode
2022-10-25 12:15:29,581 [Listener at 127.0.0.1/33161] INFO  ozone.MiniOzoneClusterImpl (MiniOzoneClusterImpl.java:lambda$waitForClusterToBeReady$0(221)) - SCM became leader
2022-10-25 12:15:29,716 [0a1cfcca-7ba7-43aa-b517-08505af7a09b@group-D1CF6F441345-FollowerState] INFO  impl.FollowerState (FollowerState.java:run(143)) - 0a1cfcca-7ba7-43aa-b517-08505af7a09b@group-D1CF6F441345-FollowerState: change to CANDIDATE, lastRpcElapsedTime:5074194465ns, electionTimeout:5043ms
2022-10-25 12:15:29,716 [0a1cfcca-7ba7-43aa-b517-08505af7a09b@group-D1CF6F441345-FollowerState] INFO  impl.RoleInfo (RoleInfo.java:shutdownFollowerState(110)) - 0a1cfcca-7ba7-43aa-b517-08505af7a09b: shutdown 0a1cfcca-7ba7-43aa-b517-08505af7a09b@group-D1CF6F441345-FollowerState
2022-10-25 12:15:29,716 [0a1cfcca-7ba7-43aa-b517-08505af7a09b@group-D1CF6F441345-FollowerState] INFO  server.RaftServer$Division (RaftServerImpl.java:setRole(321)) - 0a1cfcca-7ba7-43aa-b517-08505af7a09b@group-D1CF6F441345: changes role from  FOLLOWER to CANDIDATE at term 1 for changeToCandidate
2022-10-25 12:15:29,717 [0a1cfcca-7ba7-43aa-b517-08505af7a09b@group-D1CF6F441345-FollowerState] INFO  server.RaftServerConfigKeys (ConfUtils.java:logGet(46)) - raft.server.leaderelection.pre-vote = false (custom)
2022-10-25 12:15:29,717 [0a1cfcca-7ba7-43aa-b517-08505af7a09b@group-D1CF6F441345-FollowerState] INFO  impl.RoleInfo (RoleInfo.java:updateAndGet(139)) - 0a1cfcca-7ba7-43aa-b517-08505af7a09b: start 0a1cfcca-7ba7-43aa-b517-08505af7a09b@group-D1CF6F441345-LeaderElection26
2022-10-25 12:15:29,726 [0a1cfcca-7ba7-43aa-b517-08505af7a09b@group-D1CF6F441345-LeaderElection26] INFO  impl.LeaderElection (LeaderElection.java:askForVotes(312)) - 0a1cfcca-7ba7-43aa-b517-08505af7a09b@group-D1CF6F441345-LeaderElection26 ELECTION round 0: submit vote requests at term 2 for -1: peers:[0a1cfcca-7ba7-43aa-b517-08505af7a09b|rpc:10.1.1.43:43175|dataStream:|priority:1|startupRole:FOLLOWER, 86ba6119-8a76-46a4-9f38-747fe10c9207|rpc:10.1.1.43:42323|dataStream:|priority:0|startupRole:FOLLOWER, 907eb2bb-0522-4d6b-bbf0-1b213cc99331|rpc:10.1.1.43:40069|dataStream:|priority:0|startupRole:FOLLOWER]|listeners:[], old=null
2022-10-25 12:15:29,733 [0a1cfcca-7ba7-43aa-b517-08505af7a09b@group-A2CE196D64DA-FollowerState] INFO  impl.FollowerState (FollowerState.java:run(143)) - 0a1cfcca-7ba7-43aa-b517-08505af7a09b@group-A2CE196D64DA-FollowerState: change to CANDIDATE, lastRpcElapsedTime:5037572329ns, electionTimeout:5033ms
2022-10-25 12:15:29,733 [0a1cfcca-7ba7-43aa-b517-08505af7a09b@group-A2CE196D64DA-FollowerState] INFO  impl.RoleInfo (RoleInfo.java:shutdownFollowerState(110)) - 0a1cfcca-7ba7-43aa-b517-08505af7a09b: shutdown 0a1cfcca-7ba7-43aa-b517-08505af7a09b@group-A2CE196D64DA-FollowerState
2022-10-25 12:15:29,733 [0a1cfcca-7ba7-43aa-b517-08505af7a09b@group-A2CE196D64DA-FollowerState] INFO  server.RaftServer$Division (RaftServerImpl.java:setRole(321)) - 0a1cfcca-7ba7-43aa-b517-08505af7a09b@group-A2CE196D64DA: changes role from  FOLLOWER to CANDIDATE at term 1 for changeToCandidate
2022-10-25 12:15:29,733 [0a1cfcca-7ba7-43aa-b517-08505af7a09b@group-D1CF6F441345-LeaderElection26-1] INFO  server.GrpcServerProtocolClient (GrpcServerProtocolClient.java:<init>(63)) - Build channel for 86ba6119-8a76-46a4-9f38-747fe10c9207
2022-10-25 12:15:29,736 [86ba6119-8a76-46a4-9f38-747fe10c9207@group-A2CE196D64DA-FollowerState] INFO  impl.FollowerState (FollowerState.java:run(143)) - 86ba6119-8a76-46a4-9f38-747fe10c9207@group-A2CE196D64DA-FollowerState: change to CANDIDATE, lastRpcElapsedTime:5038074952ns, electionTimeout:5034ms
2022-10-25 12:15:29,736 [86ba6119-8a76-46a4-9f38-747fe10c9207@group-A2CE196D64DA-FollowerState] INFO  impl.RoleInfo (RoleInfo.java:shutdownFollowerState(110)) - 86ba6119-8a76-46a4-9f38-747fe10c9207: shutdown 86ba6119-8a76-46a4-9f38-747fe10c9207@group-A2CE196D64DA-FollowerState
2022-10-25 12:15:29,736 [86ba6119-8a76-46a4-9f38-747fe10c9207@group-A2CE196D64DA-FollowerState] INFO  server.RaftServer$Division (RaftServerImpl.java:setRole(321)) - 86ba6119-8a76-46a4-9f38-747fe10c9207@group-A2CE196D64DA: changes role from  FOLLOWER to CANDIDATE at term 1 for changeToCandidate
2022-10-25 12:15:29,739 [907eb2bb-0522-4d6b-bbf0-1b213cc99331@group-D1CF6F441345-FollowerState] INFO  server.RaftServerConfigKeys (ConfUtils.java:logFallback(53)) - raft.server.rpc.first-election.timeout.min = 5s (fallback to raft.server.rpc.timeout.min)
2022-10-25 12:15:29,739 [907eb2bb-0522-4d6b-bbf0-1b213cc99331@group-D1CF6F441345-FollowerState] INFO  server.RaftServerConfigKeys (ConfUtils.java:logFallback(53)) - raft.server.rpc.first-election.timeout.max = 5200ms (fallback to raft.server.rpc.timeout.max)
2022-10-25 12:15:29,740 [0a1cfcca-7ba7-43aa-b517-08505af7a09b@group-D1CF6F441345-LeaderElection26] INFO  server.RaftServerConfigKeys (ConfUtils.java:logFallback(53)) - raft.server.rpc.first-election.timeout.min = 5s (fallback to raft.server.rpc.timeout.min)
2022-10-25 12:15:29,740 [0a1cfcca-7ba7-43aa-b517-08505af7a09b@group-D1CF6F441345-LeaderElection26] INFO  server.RaftServerConfigKeys (ConfUtils.java:logFallback(53)) - raft.server.rpc.first-election.timeout.max = 5200ms (fallback to raft.server.rpc.timeout.max)
2022-10-25 12:15:29,740 [0a1cfcca-7ba7-43aa-b517-08505af7a09b@group-A2CE196D64DA-FollowerState] INFO  server.RaftServerConfigKeys (ConfUtils.java:logGet(46)) - raft.server.leaderelection.pre-vote = false (custom)
2022-10-25 12:15:29,740 [0a1cfcca-7ba7-43aa-b517-08505af7a09b@group-A2CE196D64DA-FollowerState] INFO  impl.RoleInfo (RoleInfo.java:updateAndGet(139)) - 0a1cfcca-7ba7-43aa-b517-08505af7a09b: start 0a1cfcca-7ba7-43aa-b517-08505af7a09b@group-A2CE196D64DA-LeaderElection27
2022-10-25 12:15:29,740 [0a1cfcca-7ba7-43aa-b517-08505af7a09b@group-D1CF6F441345-LeaderElection26-2] INFO  server.GrpcServerProtocolClient (GrpcServerProtocolClient.java:<init>(63)) - Build channel for 907eb2bb-0522-4d6b-bbf0-1b213cc99331
2022-10-25 12:15:29,745 [86ba6119-8a76-46a4-9f38-747fe10c9207@group-A2CE196D64DA-FollowerState] INFO  server.RaftServerConfigKeys (ConfUtils.java:logGet(46)) - raft.server.leaderelection.pre-vote = false (custom)
2022-10-25 12:15:29,745 [86ba6119-8a76-46a4-9f38-747fe10c9207@group-A2CE196D64DA-FollowerState] INFO  impl.RoleInfo (RoleInfo.java:updateAndGet(139)) - 86ba6119-8a76-46a4-9f38-747fe10c9207: start 86ba6119-8a76-46a4-9f38-747fe10c9207@group-A2CE196D64DA-LeaderElection28
2022-10-25 12:15:29,749 [grpc-default-executor-3] INFO  server.RaftServer$Division (RaftServerImpl.java:requestVote(1218)) - 86ba6119-8a76-46a4-9f38-747fe10c9207@group-D1CF6F441345: receive requestVote(ELECTION, 0a1cfcca-7ba7-43aa-b517-08505af7a09b, group-D1CF6F441345, 2, (t:0, i:0))
2022-10-25 12:15:29,749 [grpc-default-executor-3] INFO  impl.VoteContext (VoteContext.java:log(48)) - 86ba6119-8a76-46a4-9f38-747fe10c9207@group-D1CF6F441345-FOLLOWER: accept ELECTION from 0a1cfcca-7ba7-43aa-b517-08505af7a09b: our priority 0 <= candidate's priority 1
2022-10-25 12:15:29,749 [grpc-default-executor-3] INFO  server.RaftServer$Division (RaftServerImpl.java:setRole(321)) - 86ba6119-8a76-46a4-9f38-747fe10c9207@group-D1CF6F441345: changes role from  FOLLOWER to FOLLOWER at term 2 for candidate:0a1cfcca-7ba7-43aa-b517-08505af7a09b
2022-10-25 12:15:29,749 [grpc-default-executor-3] INFO  impl.RoleInfo (RoleInfo.java:shutdownFollowerState(110)) - 86ba6119-8a76-46a4-9f38-747fe10c9207: shutdown 86ba6119-8a76-46a4-9f38-747fe10c9207@group-D1CF6F441345-FollowerState
2022-10-25 12:15:29,749 [grpc-default-executor-3] INFO  impl.RoleInfo (RoleInfo.java:updateAndGet(139)) - 86ba6119-8a76-46a4-9f38-747fe10c9207: start 86ba6119-8a76-46a4-9f38-747fe10c9207@group-D1CF6F441345-FollowerState
2022-10-25 12:15:29,749 [86ba6119-8a76-46a4-9f38-747fe10c9207@group-D1CF6F441345-FollowerState] INFO  impl.FollowerState (FollowerState.java:run(152)) - 86ba6119-8a76-46a4-9f38-747fe10c9207@group-D1CF6F441345-FollowerState was interrupted
2022-10-25 12:15:29,751 [86ba6119-8a76-46a4-9f38-747fe10c9207@group-A2CE196D64DA-LeaderElection28] INFO  impl.LeaderElection (LeaderElection.java:askForVotes(312)) - 86ba6119-8a76-46a4-9f38-747fe10c9207@group-A2CE196D64DA-LeaderElection28 ELECTION round 0: submit vote requests at term 2 for -1: peers:[0a1cfcca-7ba7-43aa-b517-08505af7a09b|rpc:10.1.1.43:43175|priority:0|startupRole:FOLLOWER, 86ba6119-8a76-46a4-9f38-747fe10c9207|rpc:10.1.1.43:42323|priority:0|startupRole:FOLLOWER, 907eb2bb-0522-4d6b-bbf0-1b213cc99331|rpc:10.1.1.43:40069|priority:1|startupRole:FOLLOWER]|listeners:[], old=null
2022-10-25 12:15:29,756 [grpc-default-executor-0] INFO  server.RaftServer$Division (RaftServerImpl.java:requestVote(1218)) - 907eb2bb-0522-4d6b-bbf0-1b213cc99331@group-D1CF6F441345: receive requestVote(ELECTION, 0a1cfcca-7ba7-43aa-b517-08505af7a09b, group-D1CF6F441345, 2, (t:0, i:0))
2022-10-25 12:15:29,774 [86ba6119-8a76-46a4-9f38-747fe10c9207@group-D1CF6F441345-FollowerState] INFO  server.RaftServerConfigKeys (ConfUtils.java:logFallback(53)) - raft.server.rpc.first-election.timeout.min = 5s (fallback to raft.server.rpc.timeout.min)
2022-10-25 12:15:29,775 [86ba6119-8a76-46a4-9f38-747fe10c9207@group-D1CF6F441345-FollowerState] INFO  server.RaftServerConfigKeys (ConfUtils.java:logFallback(53)) - raft.server.rpc.first-election.timeout.max = 5200ms (fallback to raft.server.rpc.timeout.max)
2022-10-25 12:15:29,776 [grpc-default-executor-3] INFO  server.RaftServer$Division (RaftServerImpl.java:requestVote(1251)) - 86ba6119-8a76-46a4-9f38-747fe10c9207@group-D1CF6F441345 replies to ELECTION vote request: 0a1cfcca-7ba7-43aa-b517-08505af7a09b<-86ba6119-8a76-46a4-9f38-747fe10c9207#0:OK-t2. Peer's state: 86ba6119-8a76-46a4-9f38-747fe10c9207@group-D1CF6F441345:t2, leader=null, voted=0a1cfcca-7ba7-43aa-b517-08505af7a09b, raftlog=Memoized:86ba6119-8a76-46a4-9f38-747fe10c9207@group-D1CF6F441345-SegmentedRaftLog:OPENED:c-1, conf=-1: peers:[0a1cfcca-7ba7-43aa-b517-08505af7a09b|rpc:10.1.1.43:43175|priority:1|startupRole:FOLLOWER, 86ba6119-8a76-46a4-9f38-747fe10c9207|rpc:10.1.1.43:42323|priority:0|startupRole:FOLLOWER, 907eb2bb-0522-4d6b-bbf0-1b213cc99331|rpc:10.1.1.43:40069|priority:0|startupRole:FOLLOWER]|listeners:[], old=null
2022-10-25 12:15:29,782 [grpc-default-executor-0] INFO  impl.VoteContext (VoteContext.java:log(48)) - 907eb2bb-0522-4d6b-bbf0-1b213cc99331@group-D1CF6F441345-FOLLOWER: accept ELECTION from 0a1cfcca-7ba7-43aa-b517-08505af7a09b: our priority 0 <= candidate's priority 1
2022-10-25 12:15:29,782 [grpc-default-executor-0] INFO  server.RaftServer$Division (RaftServerImpl.java:setRole(321)) - 907eb2bb-0522-4d6b-bbf0-1b213cc99331@group-D1CF6F441345: changes role from  FOLLOWER to FOLLOWER at term 2 for candidate:0a1cfcca-7ba7-43aa-b517-08505af7a09b
2022-10-25 12:15:29,782 [grpc-default-executor-0] INFO  impl.RoleInfo (RoleInfo.java:shutdownFollowerState(110)) - 907eb2bb-0522-4d6b-bbf0-1b213cc99331: shutdown 907eb2bb-0522-4d6b-bbf0-1b213cc99331@group-D1CF6F441345-FollowerState
2022-10-25 12:15:29,782 [grpc-default-executor-0] INFO  impl.RoleInfo (RoleInfo.java:updateAndGet(139)) - 907eb2bb-0522-4d6b-bbf0-1b213cc99331: start 907eb2bb-0522-4d6b-bbf0-1b213cc99331@group-D1CF6F441345-FollowerState
2022-10-25 12:15:29,783 [0a1cfcca-7ba7-43aa-b517-08505af7a09b@group-A2CE196D64DA-LeaderElection27] INFO  impl.LeaderElection (LeaderElection.java:askForVotes(312)) - 0a1cfcca-7ba7-43aa-b517-08505af7a09b@group-A2CE196D64DA-LeaderElection27 ELECTION round 0: submit vote requests at term 2 for -1: peers:[0a1cfcca-7ba7-43aa-b517-08505af7a09b|rpc:10.1.1.43:43175|dataStream:|priority:0|startupRole:FOLLOWER, 86ba6119-8a76-46a4-9f38-747fe10c9207|rpc:10.1.1.43:42323|dataStream:|priority:0|startupRole:FOLLOWER, 907eb2bb-0522-4d6b-bbf0-1b213cc99331|rpc:10.1.1.43:40069|dataStream:|priority:1|startupRole:FOLLOWER]|listeners:[], old=null
2022-10-25 12:15:29,783 [907eb2bb-0522-4d6b-bbf0-1b213cc99331@group-D1CF6F441345-FollowerState] INFO  impl.FollowerState (FollowerState.java:run(152)) - 907eb2bb-0522-4d6b-bbf0-1b213cc99331@group-D1CF6F441345-FollowerState was interrupted
2022-10-25 12:15:29,786 [907eb2bb-0522-4d6b-bbf0-1b213cc99331@group-D1CF6F441345-FollowerState] INFO  server.RaftServerConfigKeys (ConfUtils.java:logFallback(53)) - raft.server.rpc.first-election.timeout.min = 5s (fallback to raft.server.rpc.timeout.min)
2022-10-25 12:15:29,786 [907eb2bb-0522-4d6b-bbf0-1b213cc99331@group-D1CF6F441345-FollowerState] INFO  server.RaftServerConfigKeys (ConfUtils.java:logFallback(53)) - raft.server.rpc.first-election.timeout.max = 5200ms (fallback to raft.server.rpc.timeout.max)
2022-10-25 12:15:29,788 [grpc-default-executor-0] INFO  server.RaftServer$Division (RaftServerImpl.java:requestVote(1251)) - 907eb2bb-0522-4d6b-bbf0-1b213cc99331@group-D1CF6F441345 replies to ELECTION vote request: 0a1cfcca-7ba7-43aa-b517-08505af7a09b<-907eb2bb-0522-4d6b-bbf0-1b213cc99331#0:OK-t2. Peer's state: 907eb2bb-0522-4d6b-bbf0-1b213cc99331@group-D1CF6F441345:t2, leader=null, voted=0a1cfcca-7ba7-43aa-b517-08505af7a09b, raftlog=Memoized:907eb2bb-0522-4d6b-bbf0-1b213cc99331@group-D1CF6F441345-SegmentedRaftLog:OPENED:c-1, conf=-1: peers:[0a1cfcca-7ba7-43aa-b517-08505af7a09b|rpc:10.1.1.43:43175|dataStream:|priority:1|startupRole:FOLLOWER, 86ba6119-8a76-46a4-9f38-747fe10c9207|rpc:10.1.1.43:42323|dataStream:|priority:0|startupRole:FOLLOWER, 907eb2bb-0522-4d6b-bbf0-1b213cc99331|rpc:10.1.1.43:40069|dataStream:|priority:0|startupRole:FOLLOWER]|listeners:[], old=null
2022-10-25 12:15:29,794 [86ba6119-8a76-46a4-9f38-747fe10c9207@group-A2CE196D64DA-LeaderElection28] INFO  server.RaftServerConfigKeys (ConfUtils.java:logFallback(53)) - raft.server.rpc.first-election.timeout.min = 5s (fallback to raft.server.rpc.timeout.min)
2022-10-25 12:15:29,794 [0a1cfcca-7ba7-43aa-b517-08505af7a09b@group-D1CF6F441345-LeaderElection26] INFO  impl.LeaderElection (LeaderElection.java:logAndReturn(90)) - 0a1cfcca-7ba7-43aa-b517-08505af7a09b@group-D1CF6F441345-LeaderElection26: ELECTION PASSED received 1 response(s) and 0 exception(s):
2022-10-25 12:15:29,794 [0a1cfcca-7ba7-43aa-b517-08505af7a09b@group-D1CF6F441345-LeaderElection26] INFO  impl.LeaderElection (LeaderElection.java:logAndReturn(94)) -   Response 0: 0a1cfcca-7ba7-43aa-b517-08505af7a09b<-86ba6119-8a76-46a4-9f38-747fe10c9207#0:OK-t2
2022-10-25 12:15:29,794 [86ba6119-8a76-46a4-9f38-747fe10c9207@group-A2CE196D64DA-LeaderElection28] INFO  server.RaftServerConfigKeys (ConfUtils.java:logFallback(53)) - raft.server.rpc.first-election.timeout.max = 5200ms (fallback to raft.server.rpc.timeout.max)
2022-10-25 12:15:29,794 [0a1cfcca-7ba7-43aa-b517-08505af7a09b@group-D1CF6F441345-LeaderElection26] INFO  impl.LeaderElection (LeaderElection.java:askForVotes(314)) - 0a1cfcca-7ba7-43aa-b517-08505af7a09b@group-D1CF6F441345-LeaderElection26 ELECTION round 0: result PASSED
2022-10-25 12:15:29,794 [0a1cfcca-7ba7-43aa-b517-08505af7a09b@group-D1CF6F441345-LeaderElection26] INFO  impl.RoleInfo (RoleInfo.java:shutdownLeaderElection(130)) - 0a1cfcca-7ba7-43aa-b517-08505af7a09b: shutdown 0a1cfcca-7ba7-43aa-b517-08505af7a09b@group-D1CF6F441345-LeaderElection26
2022-10-25 12:15:29,794 [0a1cfcca-7ba7-43aa-b517-08505af7a09b@group-D1CF6F441345-LeaderElection26] INFO  server.RaftServer$Division (RaftServerImpl.java:setRole(321)) - 0a1cfcca-7ba7-43aa-b517-08505af7a09b@group-D1CF6F441345: changes role from CANDIDATE to LEADER at term 2 for changeToLeader
2022-10-25 12:15:29,794 [0a1cfcca-7ba7-43aa-b517-08505af7a09b@group-D1CF6F441345-LeaderElection26] INFO  ratis.XceiverServerRatis (XceiverServerRatis.java:handleLeaderChangedNotification(863)) - Leader change notification received for group: group-D1CF6F441345 with new leaderId: 0a1cfcca-7ba7-43aa-b517-08505af7a09b
2022-10-25 12:15:29,795 [0a1cfcca-7ba7-43aa-b517-08505af7a09b@group-D1CF6F441345-LeaderElection26] INFO  server.RaftServer$Division (ServerState.java:setLeader(313)) - 0a1cfcca-7ba7-43aa-b517-08505af7a09b@group-D1CF6F441345: change Leader from null to 0a1cfcca-7ba7-43aa-b517-08505af7a09b at term 2 for becomeLeader, leader elected after 10253ms
2022-10-25 12:15:29,795 [0a1cfcca-7ba7-43aa-b517-08505af7a09b@group-D1CF6F441345-LeaderElection26] INFO  server.RaftServerConfigKeys (ConfUtils.java:logGet(46)) - raft.server.staging.catchup.gap = 1000 (default)
2022-10-25 12:15:29,795 [0a1cfcca-7ba7-43aa-b517-08505af7a09b@group-D1CF6F441345-LeaderElection26] INFO  server.RaftServerConfigKeys (ConfUtils.java:logGet(46)) - raft.server.write.element-limit = 1024 (custom)
2022-10-25 12:15:29,795 [0a1cfcca-7ba7-43aa-b517-08505af7a09b@group-D1CF6F441345-LeaderElection26] INFO  server.RaftServerConfigKeys (ConfUtils.java:logGet(46)) - raft.server.write.byte-limit = 1024 M (=1073741824) (custom)
2022-10-25 12:15:29,795 [0a1cfcca-7ba7-43aa-b517-08505af7a09b@group-D1CF6F441345-LeaderElection26] INFO  server.RaftServerConfigKeys (ConfUtils.java:logGet(46)) - raft.server.watch.timeout = 180s (custom)
2022-10-25 12:15:29,795 [0a1cfcca-7ba7-43aa-b517-08505af7a09b@group-D1CF6F441345-LeaderElection26] INFO  server.RaftServerConfigKeys (ConfUtils.java:logGet(46)) - raft.server.watch.timeout.denomination = 1s (default)
2022-10-25 12:15:29,795 [0a1cfcca-7ba7-43aa-b517-08505af7a09b@group-D1CF6F441345-LeaderElection26] INFO  server.RaftServerConfigKeys (ConfUtils.java:logGet(46)) - raft.server.watch.element-limit = 65536 (default)
2022-10-25 12:15:29,795 [0a1cfcca-7ba7-43aa-b517-08505af7a09b@group-D1CF6F441345-LeaderElection26] INFO  server.RaftServerConfigKeys (ConfUtils.java:logGet(46)) - raft.server.write.element-limit = 1024 (custom)
2022-10-25 12:15:29,795 [0a1cfcca-7ba7-43aa-b517-08505af7a09b@group-D1CF6F441345-LeaderElection26] INFO  server.RaftServerConfigKeys (ConfUtils.java:logGet(46)) - raft.server.write.follower.gap.ratio.max = -1.0 (default)
2022-10-25 12:15:29,796 [0a1cfcca-7ba7-43aa-b517-08505af7a09b@group-D1CF6F441345-LeaderElection26] INFO  server.RaftServerConfigKeys (ConfUtils.java:logGet(46)) - raft.server.log.appender.snapshot.chunk.size.max = 16MB (=16777216) (default)
2022-10-25 12:15:29,796 [0a1cfcca-7ba7-43aa-b517-08505af7a09b@group-D1CF6F441345-LeaderElection26] INFO  server.RaftServerConfigKeys (ConfUtils.java:logGet(46)) - raft.server.log.appender.buffer.byte-limit = 33554432 (custom)
2022-10-25 12:15:29,796 [0a1cfcca-7ba7-43aa-b517-08505af7a09b@group-D1CF6F441345-LeaderElection26] INFO  server.RaftServerConfigKeys (ConfUtils.java:logGet(46)) - raft.server.log.appender.buffer.element-limit = 1 (custom)
2022-10-25 12:15:29,797 [grpc-default-executor-0] INFO  server.RaftServer$Division (RaftServerImpl.java:requestVote(1218)) - 0a1cfcca-7ba7-43aa-b517-08505af7a09b@group-A2CE196D64DA: receive requestVote(ELECTION, 86ba6119-8a76-46a4-9f38-747fe10c9207, group-A2CE196D64DA, 2, (t:0, i:0))
2022-10-25 12:15:29,797 [grpc-default-executor-0] INFO  impl.VoteContext (VoteContext.java:log(48)) - 0a1cfcca-7ba7-43aa-b517-08505af7a09b@group-A2CE196D64DA-CANDIDATE: reject ELECTION from 86ba6119-8a76-46a4-9f38-747fe10c9207: already has voted for 0a1cfcca-7ba7-43aa-b517-08505af7a09b at current term 2
2022-10-25 12:15:29,797 [grpc-default-executor-0] INFO  server.RaftServer$Division (RaftServerImpl.java:requestVote(1251)) - 0a1cfcca-7ba7-43aa-b517-08505af7a09b@group-A2CE196D64DA replies to ELECTION vote request: 86ba6119-8a76-46a4-9f38-747fe10c9207<-0a1cfcca-7ba7-43aa-b517-08505af7a09b#0:FAIL-t2. Peer's state: 0a1cfcca-7ba7-43aa-b517-08505af7a09b@group-A2CE196D64DA:t2, leader=null, voted=0a1cfcca-7ba7-43aa-b517-08505af7a09b, raftlog=Memoized:0a1cfcca-7ba7-43aa-b517-08505af7a09b@group-A2CE196D64DA-SegmentedRaftLog:OPENED:c-1, conf=-1: peers:[0a1cfcca-7ba7-43aa-b517-08505af7a09b|rpc:10.1.1.43:43175|dataStream:|priority:0|startupRole:FOLLOWER, 86ba6119-8a76-46a4-9f38-747fe10c9207|rpc:10.1.1.43:42323|dataStream:|priority:0|startupRole:FOLLOWER, 907eb2bb-0522-4d6b-bbf0-1b213cc99331|rpc:10.1.1.43:40069|dataStream:|priority:1|startupRole:FOLLOWER]|listeners:[], old=null
2022-10-25 12:15:29,799 [EventQueue-PipelineReportForPipelineReportHandler] INFO  pipeline.PipelineManagerImpl (PipelineManagerImpl.java:openPipeline(367)) - Pipeline Pipeline[ Id: ededb7be-9b98-4dd7-bd7e-d1cf6f441345, Nodes: 907eb2bb-0522-4d6b-bbf0-1b213cc99331{ip: 10.1.1.43, host: fv-az82-510.ou3itxwc2spe5nxnxxppousbrf.dx.internal.cloudapp.net, ports: [REPLICATION=43209, RATIS=40069, RATIS_ADMIN=40069, RATIS_SERVER=40069, STANDALONE=36449], networkLocation: /default-rack, certSerialId: null, persistedOpState: IN_SERVICE, persistedOpStateExpiryEpochSec: 0}86ba6119-8a76-46a4-9f38-747fe10c9207{ip: 10.1.1.43, host: fv-az82-510.ou3itxwc2spe5nxnxxppousbrf.dx.internal.cloudapp.net, ports: [REPLICATION=41909, RATIS=42323, RATIS_ADMIN=42323, RATIS_SERVER=42323, STANDALONE=33887], networkLocation: /default-rack, certSerialId: null, persistedOpState: IN_SERVICE, persistedOpStateExpiryEpochSec: 0}0a1cfcca-7ba7-43aa-b517-08505af7a09b{ip: 10.1.1.43, host: fv-az82-510.ou3itxwc2spe5nxnxxppousbrf.dx.internal.cloudapp.net, ports: [REPLICATION=42611, RATIS=43175, RATIS_ADMIN=43175, RATIS_SERVER=43175, STANDALONE=40433], networkLocation: /default-rack, certSerialId: null, persistedOpState: IN_SERVICE, persistedOpStateExpiryEpochSec: 0}, ReplicationConfig: RATIS/THREE, State:ALLOCATED, leaderId:0a1cfcca-7ba7-43aa-b517-08505af7a09b, CreationTimestamp2022-10-25T12:15:17.223Z[Etc/UTC]] moved to OPEN state
2022-10-25 12:15:29,796 [0a1cfcca-7ba7-43aa-b517-08505af7a09b@group-D1CF6F441345-LeaderElection26] INFO  grpc.GrpcConfigKeys (ConfUtils.java:logGet(46)) - raft.grpc.server.leader.outstanding.appends.max = 128 (default)
2022-10-25 12:15:29,807 [0a1cfcca-7ba7-43aa-b517-08505af7a09b@group-D1CF6F441345-LeaderElection26] INFO  server.RaftServerConfigKeys (ConfUtils.java:logGet(46)) - raft.server.rpc.request.timeout = 60s (custom)
2022-10-25 12:15:29,807 [0a1cfcca-7ba7-43aa-b517-08505af7a09b@group-D1CF6F441345-LeaderElection26] INFO  server.RaftServerConfigKeys (ConfUtils.java:logGet(46)) - raft.server.log.appender.install.snapshot.enabled = false (custom)
2022-10-25 12:15:29,807 [0a1cfcca-7ba7-43aa-b517-08505af7a09b@group-D1CF6F441345-LeaderElection26] INFO  grpc.GrpcConfigKeys (ConfUtils.java:logGet(46)) - raft.grpc.server.heartbeat.channel = true (default)
2022-10-25 12:15:29,807 [0a1cfcca-7ba7-43aa-b517-08505af7a09b@group-D1CF6F441345-LeaderElection26] INFO  server.RaftServerConfigKeys (ConfUtils.java:logGet(46)) - raft.server.log.appender.wait-time.min = 10ms (default)
2022-10-25 12:15:29,808 [0a1cfcca-7ba7-43aa-b517-08505af7a09b@group-D1CF6F441345-LeaderElection26] INFO  server.RaftServerConfigKeys (ConfUtils.java:logGet(46)) - raft.server.log.appender.snapshot.chunk.size.max = 16MB (=16777216) (default)
2022-10-25 12:15:29,808 [0a1cfcca-7ba7-43aa-b517-08505af7a09b@group-D1CF6F441345-LeaderElection26] INFO  server.RaftServerConfigKeys (ConfUtils.java:logGet(46)) - raft.server.log.appender.buffer.byte-limit = 33554432 (custom)
2022-10-25 12:15:29,808 [0a1cfcca-7ba7-43aa-b517-08505af7a09b@group-D1CF6F441345-LeaderElection26] INFO  server.RaftServerConfigKeys (ConfUtils.java:logGet(46)) - raft.server.log.appender.buffer.element-limit = 1 (custom)
2022-10-25 12:15:29,808 [0a1cfcca-7ba7-43aa-b517-08505af7a09b@group-D1CF6F441345-LeaderElection26] INFO  grpc.GrpcConfigKeys (ConfUtils.java:logGet(46)) - raft.grpc.server.leader.outstanding.appends.max = 128 (default)
2022-10-25 12:15:29,808 [0a1cfcca-7ba7-43aa-b517-08505af7a09b@group-D1CF6F441345-LeaderElection26] INFO  server.RaftServerConfigKeys (ConfUtils.java:logGet(46)) - raft.server.rpc.request.timeout = 60s (custom)
2022-10-25 12:15:29,808 [0a1cfcca-7ba7-43aa-b517-08505af7a09b@group-D1CF6F441345-LeaderElection26] INFO  server.RaftServerConfigKeys (ConfUtils.java:logGet(46)) - raft.server.log.appender.install.snapshot.enabled = false (custom)
2022-10-25 12:15:29,808 [0a1cfcca-7ba7-43aa-b517-08505af7a09b@group-D1CF6F441345-LeaderElection26] INFO  grpc.GrpcConfigKeys (ConfUtils.java:logGet(46)) - raft.grpc.server.heartbeat.channel = true (default)
2022-10-25 12:15:29,808 [0a1cfcca-7ba7-43aa-b517-08505af7a09b@group-D1CF6F441345-LeaderElection26] INFO  server.RaftServerConfigKeys (ConfUtils.java:logGet(46)) - raft.server.log.appender.wait-time.min = 10ms (default)
2022-10-25 12:15:29,808 [0a1cfcca-7ba7-43aa-b517-08505af7a09b@group-D1CF6F441345-LeaderElection26] INFO  impl.RoleInfo (RoleInfo.java:updateAndGet(139)) - 0a1cfcca-7ba7-43aa-b517-08505af7a09b: start 0a1cfcca-7ba7-43aa-b517-08505af7a09b@group-D1CF6F441345-LeaderStateImpl
2022-10-25 12:15:29,809 [0a1cfcca-7ba7-43aa-b517-08505af7a09b@group-D1CF6F441345-LeaderElection26] INFO  segmented.SegmentedRaftLogWorker (SegmentedRaftLogWorker.java:startLogSegment(452)) - 0a1cfcca-7ba7-43aa-b517-08505af7a09b@group-D1CF6F441345-SegmentedRaftLogWorker: Starting segment from index:0
2022-10-25 12:15:29,811 [0a1cfcca-7ba7-43aa-b517-08505af7a09b@group-D1CF6F441345-SegmentedRaftLogWorker] INFO  segmented.SegmentedRaftLogWorker (SegmentedRaftLogWorker.java:execute(656)) - 0a1cfcca-7ba7-43aa-b517-08505af7a09b@group-D1CF6F441345-SegmentedRaftLogWorker: created new log segment /home/runner/work/ozone/ozone/hadoop-ozone/integration-test/target/test-dir/MiniOzoneClusterImpl-59fd4bbb-78e8-4c50-bd4e-19e5c7f0d0cd/datanode-7/data/ratis/ededb7be-9b98-4dd7-bd7e-d1cf6f441345/current/log_inprogress_0
2022-10-25 12:15:29,820 [0a1cfcca-7ba7-43aa-b517-08505af7a09b@group-D1CF6F441345-LeaderElection26] INFO  server.RaftServer$Division (ServerState.java:setRaftConf(430)) - 0a1cfcca-7ba7-43aa-b517-08505af7a09b@group-D1CF6F441345: set configuration 0: peers:[0a1cfcca-7ba7-43aa-b517-08505af7a09b|rpc:10.1.1.43:43175|dataStream:|priority:1|startupRole:FOLLOWER, 86ba6119-8a76-46a4-9f38-747fe10c9207|rpc:10.1.1.43:42323|dataStream:|priority:0|startupRole:FOLLOWER, 907eb2bb-0522-4d6b-bbf0-1b213cc99331|rpc:10.1.1.43:40069|dataStream:|priority:0|startupRole:FOLLOWER]|listeners:[], old=null
2022-10-25 12:15:29,824 [0a1cfcca-7ba7-43aa-b517-08505af7a09b@group-A2CE196D64DA-LeaderElection27] INFO  server.RaftServerConfigKeys (ConfUtils.java:logFallback(53)) - raft.server.rpc.first-election.timeout.min = 5s (fallback to raft.server.rpc.timeout.min)
2022-10-25 12:15:29,825 [0a1cfcca-7ba7-43aa-b517-08505af7a09b@group-A2CE196D64DA-LeaderElection27] INFO  server.RaftServerConfigKeys (ConfUtils.java:logFallback(53)) - raft.server.rpc.first-election.timeout.max = 5200ms (fallback to raft.server.rpc.timeout.max)
2022-10-25 12:15:29,827 [907eb2bb-0522-4d6b-bbf0-1b213cc99331@group-A2CE196D64DA-FollowerState] INFO  impl.FollowerState (FollowerState.java:run(143)) - 907eb2bb-0522-4d6b-bbf0-1b213cc99331@group-A2CE196D64DA-FollowerState: change to CANDIDATE, lastRpcElapsedTime:5137543092ns, electionTimeout:5121ms
2022-10-25 12:15:29,828 [907eb2bb-0522-4d6b-bbf0-1b213cc99331@group-A2CE196D64DA-FollowerState] INFO  impl.RoleInfo (RoleInfo.java:shutdownFollowerState(110)) - 907eb2bb-0522-4d6b-bbf0-1b213cc99331: shutdown 907eb2bb-0522-4d6b-bbf0-1b213cc99331@group-A2CE196D64DA-FollowerState
2022-10-25 12:15:29,828 [907eb2bb-0522-4d6b-bbf0-1b213cc99331@group-A2CE196D64DA-FollowerState] INFO  server.RaftServer$Division (RaftServerImpl.java:setRole(321)) - 907eb2bb-0522-4d6b-bbf0-1b213cc99331@group-A2CE196D64DA: changes role from  FOLLOWER to CANDIDATE at term 1 for changeToCandidate
2022-10-25 12:15:29,828 [907eb2bb-0522-4d6b-bbf0-1b213cc99331@group-A2CE196D64DA-FollowerState] INFO  server.RaftServerConfigKeys (ConfUtils.java:logGet(46)) - raft.server.leaderelection.pre-vote = false (custom)
2022-10-25 12:15:29,828 [907eb2bb-0522-4d6b-bbf0-1b213cc99331@group-A2CE196D64DA-FollowerState] INFO  impl.RoleInfo (RoleInfo.java:updateAndGet(139)) - 907eb2bb-0522-4d6b-bbf0-1b213cc99331: start 907eb2bb-0522-4d6b-bbf0-1b213cc99331@group-A2CE196D64DA-LeaderElection29
2022-10-25 12:15:29,832 [grpc-default-executor-2] INFO  server.RaftServer$Division (RaftServerImpl.java:requestVote(1218)) - 86ba6119-8a76-46a4-9f38-747fe10c9207@group-A2CE196D64DA: receive requestVote(ELECTION, 0a1cfcca-7ba7-43aa-b517-08505af7a09b, group-A2CE196D64DA, 2, (t:0, i:0))
2022-10-25 12:15:29,832 [grpc-default-executor-2] INFO  impl.VoteContext (VoteContext.java:log(48)) - 86ba6119-8a76-46a4-9f38-747fe10c9207@group-A2CE196D64DA-CANDIDATE: reject ELECTION from 0a1cfcca-7ba7-43aa-b517-08505af7a09b: already has voted for 86ba6119-8a76-46a4-9f38-747fe10c9207 at current term 2
2022-10-25 12:15:29,832 [grpc-default-executor-2] INFO  server.RaftServer$Division (RaftServerImpl.java:requestVote(1251)) - 86ba6119-8a76-46a4-9f38-747fe10c9207@group-A2CE196D64DA replies to ELECTION vote request: 0a1cfcca-7ba7-43aa-b517-08505af7a09b<-86ba6119-8a76-46a4-9f38-747fe10c9207#0:FAIL-t2. Peer's state: 86ba6119-8a76-46a4-9f38-747fe10c9207@group-A2CE196D64DA:t2, leader=null, voted=86ba6119-8a76-46a4-9f38-747fe10c9207, raftlog=Memoized:86ba6119-8a76-46a4-9f38-747fe10c9207@group-A2CE196D64DA-SegmentedRaftLog:OPENED:c-1, conf=-1: peers:[0a1cfcca-7ba7-43aa-b517-08505af7a09b|rpc:10.1.1.43:43175|priority:0|startupRole:FOLLOWER, 86ba6119-8a76-46a4-9f38-747fe10c9207|rpc:10.1.1.43:42323|priority:0|startupRole:FOLLOWER, 907eb2bb-0522-4d6b-bbf0-1b213cc99331|rpc:10.1.1.43:40069|priority:1|startupRole:FOLLOWER]|listeners:[], old=null
2022-10-25 12:15:29,855 [907eb2bb-0522-4d6b-bbf0-1b213cc99331@group-A2CE196D64DA-LeaderElection29] INFO  impl.LeaderElection (LeaderElection.java:askForVotes(312)) - 907eb2bb-0522-4d6b-bbf0-1b213cc99331@group-A2CE196D64DA-LeaderElection29 ELECTION round 0: submit vote requests at term 2 for -1: peers:[0a1cfcca-7ba7-43aa-b517-08505af7a09b|rpc:10.1.1.43:43175|dataStream:|priority:0|startupRole:FOLLOWER, 86ba6119-8a76-46a4-9f38-747fe10c9207|rpc:10.1.1.43:42323|dataStream:|priority:0|startupRole:FOLLOWER, 907eb2bb-0522-4d6b-bbf0-1b213cc99331|rpc:10.1.1.43:40069|dataStream:|priority:1|startupRole:FOLLOWER]|listeners:[], old=null
2022-10-25 12:15:29,856 [grpc-default-executor-3] INFO  server.RaftServer$Division (RaftServerImpl.java:requestVote(1218)) - 907eb2bb-0522-4d6b-bbf0-1b213cc99331@group-A2CE196D64DA: receive requestVote(ELECTION, 86ba6119-8a76-46a4-9f38-747fe10c9207, group-A2CE196D64DA, 2, (t:0, i:0))
2022-10-25 12:15:29,856 [grpc-default-executor-3] INFO  impl.VoteContext (VoteContext.java:log(48)) - 907eb2bb-0522-4d6b-bbf0-1b213cc99331@group-A2CE196D64DA-CANDIDATE: reject ELECTION from 86ba6119-8a76-46a4-9f38-747fe10c9207: already has voted for 907eb2bb-0522-4d6b-bbf0-1b213cc99331 at current term 2
2022-10-25 12:15:29,856 [grpc-default-executor-3] INFO  server.RaftServer$Division (RaftServerImpl.java:requestVote(1251)) - 907eb2bb-0522-4d6b-bbf0-1b213cc99331@group-A2CE196D64DA replies to ELECTION vote request: 86ba6119-8a76-46a4-9f38-747fe10c9207<-907eb2bb-0522-4d6b-bbf0-1b213cc99331#0:FAIL-t2. Peer's state: 907eb2bb-0522-4d6b-bbf0-1b213cc99331@group-A2CE196D64DA:t2, leader=null, voted=907eb2bb-0522-4d6b-bbf0-1b213cc99331, raftlog=Memoized:907eb2bb-0522-4d6b-bbf0-1b213cc99331@group-A2CE196D64DA-SegmentedRaftLog:OPENED:c-1, conf=-1: peers:[0a1cfcca-7ba7-43aa-b517-08505af7a09b|rpc:10.1.1.43:43175|dataStream:|priority:0|startupRole:FOLLOWER, 86ba6119-8a76-46a4-9f38-747fe10c9207|rpc:10.1.1.43:42323|dataStream:|priority:0|startupRole:FOLLOWER, 907eb2bb-0522-4d6b-bbf0-1b213cc99331|rpc:10.1.1.43:40069|dataStream:|priority:1|startupRole:FOLLOWER]|listeners:[], old=null
2022-10-25 12:15:29,864 [grpc-default-executor-4] INFO  server.RaftServer$Division (RaftServerImpl.java:requestVote(1218)) - 907eb2bb-0522-4d6b-bbf0-1b213cc99331@group-A2CE196D64DA: receive requestVote(ELECTION, 0a1cfcca-7ba7-43aa-b517-08505af7a09b, group-A2CE196D64DA, 2, (t:0, i:0))
2022-10-25 12:15:29,864 [grpc-default-executor-4] INFO  impl.VoteContext (VoteContext.java:log(48)) - 907eb2bb-0522-4d6b-bbf0-1b213cc99331@group-A2CE196D64DA-CANDIDATE: reject ELECTION from 0a1cfcca-7ba7-43aa-b517-08505af7a09b: already has voted for 907eb2bb-0522-4d6b-bbf0-1b213cc99331 at current term 2
2022-10-25 12:15:29,865 [grpc-default-executor-4] INFO  server.RaftServer$Division (RaftServerImpl.java:requestVote(1251)) - 907eb2bb-0522-4d6b-bbf0-1b213cc99331@group-A2CE196D64DA replies to ELECTION vote request: 0a1cfcca-7ba7-43aa-b517-08505af7a09b<-907eb2bb-0522-4d6b-bbf0-1b213cc99331#0:FAIL-t2. Peer's state: 907eb2bb-0522-4d6b-bbf0-1b213cc99331@group-A2CE196D64DA:t2, leader=null, voted=907eb2bb-0522-4d6b-bbf0-1b213cc99331, raftlog=Memoized:907eb2bb-0522-4d6b-bbf0-1b213cc99331@group-A2CE196D64DA-SegmentedRaftLog:OPENED:c-1, conf=-1: peers:[0a1cfcca-7ba7-43aa-b517-08505af7a09b|rpc:10.1.1.43:43175|dataStream:|priority:0|startupRole:FOLLOWER, 86ba6119-8a76-46a4-9f38-747fe10c9207|rpc:10.1.1.43:42323|dataStream:|priority:0|startupRole:FOLLOWER, 907eb2bb-0522-4d6b-bbf0-1b213cc99331|rpc:10.1.1.43:40069|dataStream:|priority:1|startupRole:FOLLOWER]|listeners:[], old=null
2022-10-25 12:15:29,867 [907eb2bb-0522-4d6b-bbf0-1b213cc99331@group-A2CE196D64DA-LeaderElection29-1] INFO  server.GrpcServerProtocolClient (GrpcServerProtocolClient.java:<init>(63)) - Build channel for 0a1cfcca-7ba7-43aa-b517-08505af7a09b
2022-10-25 12:15:29,869 [907eb2bb-0522-4d6b-bbf0-1b213cc99331@group-A2CE196D64DA-LeaderElection29] INFO  server.RaftServerConfigKeys (ConfUtils.java:logFallback(53)) - raft.server.rpc.first-election.timeout.min = 5s (fallback to raft.server.rpc.timeout.min)
2022-10-25 12:15:29,869 [907eb2bb-0522-4d6b-bbf0-1b213cc99331@group-A2CE196D64DA-LeaderElection29] INFO  server.RaftServerConfigKeys (ConfUtils.java:logFallback(53)) - raft.server.rpc.first-election.timeout.max = 5200ms (fallback to raft.server.rpc.timeout.max)
2022-10-25 12:15:29,870 [907eb2bb-0522-4d6b-bbf0-1b213cc99331@group-A2CE196D64DA-LeaderElection29-2] INFO  server.GrpcServerProtocolClient (GrpcServerProtocolClient.java:<init>(63)) - Build channel for 86ba6119-8a76-46a4-9f38-747fe10c9207
2022-10-25 12:15:29,887 [86ba6119-8a76-46a4-9f38-747fe10c9207-server-thread2] INFO  ratis.XceiverServerRatis (XceiverServerRatis.java:handleLeaderChangedNotification(863)) - Leader change notification received for group: group-D1CF6F441345 with new leaderId: 0a1cfcca-7ba7-43aa-b517-08505af7a09b
2022-10-25 12:15:29,887 [86ba6119-8a76-46a4-9f38-747fe10c9207-server-thread2] INFO  server.RaftServer$Division (ServerState.java:setLeader(313)) - 86ba6119-8a76-46a4-9f38-747fe10c9207@group-D1CF6F441345: change Leader from null to 0a1cfcca-7ba7-43aa-b517-08505af7a09b at term 2 for appendEntries, leader elected after 10437ms
2022-10-25 12:15:29,887 [86ba6119-8a76-46a4-9f38-747fe10c9207@group-A2CE196D64DA-LeaderElection28] INFO  impl.LeaderElection (LeaderElection.java:logAndReturn(90)) - 86ba6119-8a76-46a4-9f38-747fe10c9207@group-A2CE196D64DA-LeaderElection28: ELECTION REJECTED received 2 response(s) and 0 exception(s):
2022-10-25 12:15:29,887 [86ba6119-8a76-46a4-9f38-747fe10c9207@group-A2CE196D64DA-LeaderElection28] INFO  impl.LeaderElection (LeaderElection.java:logAndReturn(94)) -   Response 0: 86ba6119-8a76-46a4-9f38-747fe10c9207<-0a1cfcca-7ba7-43aa-b517-08505af7a09b#0:FAIL-t2
2022-10-25 12:15:29,887 [86ba6119-8a76-46a4-9f38-747fe10c9207@group-A2CE196D64DA-LeaderElection28] INFO  impl.LeaderElection (LeaderElection.java:logAndReturn(94)) -   Response 1: 86ba6119-8a76-46a4-9f38-747fe10c9207<-907eb2bb-0522-4d6b-bbf0-1b213cc99331#0:FAIL-t2
2022-10-25 12:15:29,895 [86ba6119-8a76-46a4-9f38-747fe10c9207@group-A2CE196D64DA-LeaderElection28] INFO  impl.LeaderElection (LeaderElection.java:askForVotes(314)) - 86ba6119-8a76-46a4-9f38-747fe10c9207@group-A2CE196D64DA-LeaderElection28 ELECTION round 0: result REJECTED
2022-10-25 12:15:29,895 [86ba6119-8a76-46a4-9f38-747fe10c9207@group-A2CE196D64DA-LeaderElection28] INFO  server.RaftServer$Division (RaftServerImpl.java:setRole(321)) - 86ba6119-8a76-46a4-9f38-747fe10c9207@group-A2CE196D64DA: changes role from CANDIDATE to FOLLOWER at term 2 for REJECTED
2022-10-25 12:15:29,895 [86ba6119-8a76-46a4-9f38-747fe10c9207-server-thread1] INFO  server.RaftServer$Division (ServerState.java:setRaftConf(430)) - 86ba6119-8a76-46a4-9f38-747fe10c9207@group-D1CF6F441345: set configuration 0: peers:[0a1cfcca-7ba7-43aa-b517-08505af7a09b|rpc:10.1.1.43:43175|dataStream:|priority:1|startupRole:FOLLOWER, 86ba6119-8a76-46a4-9f38-747fe10c9207|rpc:10.1.1.43:42323|dataStream:|priority:0|startupRole:FOLLOWER, 907eb2bb-0522-4d6b-bbf0-1b213cc99331|rpc:10.1.1.43:40069|dataStream:|priority:0|startupRole:FOLLOWER]|listeners:[], old=null
2022-10-25 12:15:29,895 [86ba6119-8a76-46a4-9f38-747fe10c9207-server-thread1] INFO  segmented.SegmentedRaftLogWorker (SegmentedRaftLogWorker.java:startLogSegment(452)) - 86ba6119-8a76-46a4-9f38-747fe10c9207@group-D1CF6F441345-SegmentedRaftLogWorker: Starting segment from index:0
2022-10-25 12:15:29,896 [0a1cfcca-7ba7-43aa-b517-08505af7a09b@group-A2CE196D64DA-LeaderElection27] INFO  impl.LeaderElection (LeaderElection.java:logAndReturn(90)) - 0a1cfcca-7ba7-43aa-b517-08505af7a09b@group-A2CE196D64DA-LeaderElection27: ELECTION REJECTED received 2 response(s) and 0 exception(s):
2022-10-25 12:15:29,896 [0a1cfcca-7ba7-43aa-b517-08505af7a09b@group-A2CE196D64DA-LeaderElection27] INFO  impl.LeaderElection (LeaderElection.java:logAndReturn(94)) -   Response 0: 0a1cfcca-7ba7-43aa-b517-08505af7a09b<-86ba6119-8a76-46a4-9f38-747fe10c9207#0:FAIL-t2
2022-10-25 12:15:29,897 [0a1cfcca-7ba7-43aa-b517-08505af7a09b@group-A2CE196D64DA-LeaderElection27] INFO  impl.LeaderElection (LeaderElection.java:logAndReturn(94)) -   Response 1: 0a1cfcca-7ba7-43aa-b517-08505af7a09b<-907eb2bb-0522-4d6b-bbf0-1b213cc99331#0:FAIL-t2
2022-10-25 12:15:29,897 [86ba6119-8a76-46a4-9f38-747fe10c9207@group-D1CF6F441345-SegmentedRaftLogWorker] INFO  segmented.SegmentedRaftLogWorker (SegmentedRaftLogWorker.java:execute(656)) - 86ba6119-8a76-46a4-9f38-747fe10c9207@group-D1CF6F441345-SegmentedRaftLogWorker: created new log segment /home/runner/work/ozone/ozone/hadoop-ozone/integration-test/target/test-dir/MiniOzoneClusterImpl-59fd4bbb-78e8-4c50-bd4e-19e5c7f0d0cd/datanode-6/data/ratis/ededb7be-9b98-4dd7-bd7e-d1cf6f441345/current/log_inprogress_0
2022-10-25 12:15:29,898 [grpc-default-executor-4] INFO  server.RaftServer$Division (RaftServerImpl.java:requestVote(1218)) - 86ba6119-8a76-46a4-9f38-747fe10c9207@group-A2CE196D64DA: receive requestVote(ELECTION, 907eb2bb-0522-4d6b-bbf0-1b213cc99331, group-A2CE196D64DA, 2, (t:0, i:0))
2022-10-25 12:15:29,895 [86ba6119-8a76-46a4-9f38-747fe10c9207@group-A2CE196D64DA-LeaderElection28] INFO  impl.RoleInfo (RoleInfo.java:shutdownLeaderElection(130)) - 86ba6119-8a76-46a4-9f38-747fe10c9207: shutdown 86ba6119-8a76-46a4-9f38-747fe10c9207@group-A2CE196D64DA-LeaderElection28
2022-10-25 12:15:29,899 [86ba6119-8a76-46a4-9f38-747fe10c9207@group-A2CE196D64DA-LeaderElection28] INFO  impl.RoleInfo (RoleInfo.java:updateAndGet(139)) - 86ba6119-8a76-46a4-9f38-747fe10c9207: start 86ba6119-8a76-46a4-9f38-747fe10c9207@group-A2CE196D64DA-FollowerState
2022-10-25 12:15:29,899 [907eb2bb-0522-4d6b-bbf0-1b213cc99331-server-thread1] INFO  ratis.XceiverServerRatis (XceiverServerRatis.java:handleLeaderChangedNotification(863)) - Leader change notification received for group: group-D1CF6F441345 with new leaderId: 0a1cfcca-7ba7-43aa-b517-08505af7a09b
2022-10-25 12:15:29,903 [grpc-default-executor-4] INFO  impl.VoteContext (VoteContext.java:log(48)) - 86ba6119-8a76-46a4-9f38-747fe10c9207@group-A2CE196D64DA-FOLLOWER: reject ELECTION from 907eb2bb-0522-4d6b-bbf0-1b213cc99331: already has voted for 86ba6119-8a76-46a4-9f38-747fe10c9207 at current term 2
2022-10-25 12:15:29,914 [grpc-default-executor-4] INFO  server.RaftServer$Division (RaftServerImpl.java:requestVote(1251)) - 86ba6119-8a76-46a4-9f38-747fe10c9207@group-A2CE196D64DA replies to ELECTION vote request: 907eb2bb-0522-4d6b-bbf0-1b213cc99331<-86ba6119-8a76-46a4-9f38-747fe10c9207#0:FAIL-t2. Peer's state: 86ba6119-8a76-46a4-9f38-747fe10c9207@group-A2CE196D64DA:t2, leader=null, voted=86ba6119-8a76-46a4-9f38-747fe10c9207, raftlog=Memoized:86ba6119-8a76-46a4-9f38-747fe10c9207@group-A2CE196D64DA-SegmentedRaftLog:OPENED:c-1, conf=-1: peers:[0a1cfcca-7ba7-43aa-b517-08505af7a09b|rpc:10.1.1.43:43175|priority:0|startupRole:FOLLOWER, 86ba6119-8a76-46a4-9f38-747fe10c9207|rpc:10.1.1.43:42323|priority:0|startupRole:FOLLOWER, 907eb2bb-0522-4d6b-bbf0-1b213cc99331|rpc:10.1.1.43:40069|priority:1|startupRole:FOLLOWER]|listeners:[], old=null
2022-10-25 12:15:29,903 [86ba6119-8a76-46a4-9f38-747fe10c9207@group-A2CE196D64DA-FollowerState] INFO  server.RaftServerConfigKeys (ConfUtils.java:logFallback(53)) - raft.server.rpc.first-election.timeout.min = 5s (fallback to raft.server.rpc.timeout.min)
2022-10-25 12:15:29,916 [86ba6119-8a76-46a4-9f38-747fe10c9207@group-A2CE196D64DA-FollowerState] INFO  server.RaftServerConfigKeys (ConfUtils.java:logFallback(53)) - raft.server.rpc.first-election.timeout.max = 5200ms (fallback to raft.server.rpc.timeout.max)
2022-10-25 12:15:29,903 [grpc-default-executor-2] INFO  server.RaftServer$Division (RaftServerImpl.java:requestVote(1218)) - 0a1cfcca-7ba7-43aa-b517-08505af7a09b@group-A2CE196D64DA: receive requestVote(ELECTION, 907eb2bb-0522-4d6b-bbf0-1b213cc99331, group-A2CE196D64DA, 2, (t:0, i:0))
2022-10-25 12:15:29,918 [grpc-default-executor-2] INFO  impl.VoteContext (VoteContext.java:log(48)) - 0a1cfcca-7ba7-43aa-b517-08505af7a09b@group-A2CE196D64DA-CANDIDATE: reject ELECTION from 907eb2bb-0522-4d6b-bbf0-1b213cc99331: already has voted for 0a1cfcca-7ba7-43aa-b517-08505af7a09b at current term 2
2022-10-25 12:15:29,918 [grpc-default-executor-2] INFO  server.RaftServer$Division (RaftServerImpl.java:requestVote(1251)) - 0a1cfcca-7ba7-43aa-b517-08505af7a09b@group-A2CE196D64DA replies to ELECTION vote request: 907eb2bb-0522-4d6b-bbf0-1b213cc99331<-0a1cfcca-7ba7-43aa-b517-08505af7a09b#0:FAIL-t2. Peer's state: 0a1cfcca-7ba7-43aa-b517-08505af7a09b@group-A2CE196D64DA:t2, leader=null, voted=0a1cfcca-7ba7-43aa-b517-08505af7a09b, raftlog=Memoized:0a1cfcca-7ba7-43aa-b517-08505af7a09b@group-A2CE196D64DA-SegmentedRaftLog:OPENED:c-1, conf=-1: peers:[0a1cfcca-7ba7-43aa-b517-08505af7a09b|rpc:10.1.1.43:43175|dataStream:|priority:0|startupRole:FOLLOWER, 86ba6119-8a76-46a4-9f38-747fe10c9207|rpc:10.1.1.43:42323|dataStream:|priority:0|startupRole:FOLLOWER, 907eb2bb-0522-4d6b-bbf0-1b213cc99331|rpc:10.1.1.43:40069|dataStream:|priority:1|startupRole:FOLLOWER]|listeners:[], old=null
2022-10-25 12:15:29,901 [0a1cfcca-7ba7-43aa-b517-08505af7a09b@group-A2CE196D64DA-LeaderElection27] INFO  impl.LeaderElection (LeaderElection.java:askForVotes(314)) - 0a1cfcca-7ba7-43aa-b517-08505af7a09b@group-A2CE196D64DA-LeaderElection27 ELECTION round 0: result REJECTED
2022-10-25 12:15:29,918 [0a1cfcca-7ba7-43aa-b517-08505af7a09b@group-A2CE196D64DA-LeaderElection27] INFO  server.RaftServer$Division (RaftServerImpl.java:setRole(321)) - 0a1cfcca-7ba7-43aa-b517-08505af7a09b@group-A2CE196D64DA: changes role from CANDIDATE to FOLLOWER at term 2 for REJECTED
2022-10-25 12:15:29,918 [0a1cfcca-7ba7-43aa-b517-08505af7a09b@group-A2CE196D64DA-LeaderElection27] INFO  impl.RoleInfo (RoleInfo.java:shutdownLeaderElection(130)) - 0a1cfcca-7ba7-43aa-b517-08505af7a09b: shutdown 0a1cfcca-7ba7-43aa-b517-08505af7a09b@group-A2CE196D64DA-LeaderElection27
2022-10-25 12:15:29,918 [0a1cfcca-7ba7-43aa-b517-08505af7a09b@group-A2CE196D64DA-LeaderElection27] INFO  impl.RoleInfo (RoleInfo.java:updateAndGet(139)) - 0a1cfcca-7ba7-43aa-b517-08505af7a09b: start 0a1cfcca-7ba7-43aa-b517-08505af7a09b@group-A2CE196D64DA-FollowerState
2022-10-25 12:15:29,920 [0a1cfcca-7ba7-43aa-b517-08505af7a09b@group-A2CE196D64DA-FollowerState] INFO  server.RaftServerConfigKeys (ConfUtils.java:logFallback(53)) - raft.server.rpc.first-election.timeout.min = 5s (fallback to raft.server.rpc.timeout.min)
2022-10-25 12:15:29,914 [907eb2bb-0522-4d6b-bbf0-1b213cc99331-server-thread1] INFO  server.RaftServer$Division (ServerState.java:setLeader(313)) - 907eb2bb-0522-4d6b-bbf0-1b213cc99331@group-D1CF6F441345: change Leader from null to 0a1cfcca-7ba7-43aa-b517-08505af7a09b at term 2 for appendEntries, leader elected after 10405ms
2022-10-25 12:15:29,923 [907eb2bb-0522-4d6b-bbf0-1b213cc99331@group-A2CE196D64DA-LeaderElection29] INFO  impl.LeaderElection (LeaderElection.java:logAndReturn(90)) - 907eb2bb-0522-4d6b-bbf0-1b213cc99331@group-A2CE196D64DA-LeaderElection29: ELECTION REJECTED received 2 response(s) and 0 exception(s):
2022-10-25 12:15:29,925 [907eb2bb-0522-4d6b-bbf0-1b213cc99331@group-A2CE196D64DA-LeaderElection29] INFO  impl.LeaderElection (LeaderElection.java:logAndReturn(94)) -   Response 0: 907eb2bb-0522-4d6b-bbf0-1b213cc99331<-0a1cfcca-7ba7-43aa-b517-08505af7a09b#0:FAIL-t2
2022-10-25 12:15:29,925 [907eb2bb-0522-4d6b-bbf0-1b213cc99331@group-A2CE196D64DA-LeaderElection29] INFO  impl.LeaderElection (LeaderElection.java:logAndReturn(94)) -   Response 1: 907eb2bb-0522-4d6b-bbf0-1b213cc99331<-86ba6119-8a76-46a4-9f38-747fe10c9207#0:FAIL-t2
2022-10-25 12:15:29,926 [0a1cfcca-7ba7-43aa-b517-08505af7a09b@group-A2CE196D64DA-FollowerState] INFO  server.RaftServerConfigKeys (ConfUtils.java:logFallback(53)) - raft.server.rpc.first-election.timeout.max = 5200ms (fallback to raft.server.rpc.timeout.max)
2022-10-25 12:15:29,930 [907eb2bb-0522-4d6b-bbf0-1b213cc99331@group-A2CE196D64DA-LeaderElection29] INFO  impl.LeaderElection (LeaderElection.java:askForVotes(314)) - 907eb2bb-0522-4d6b-bbf0-1b213cc99331@group-A2CE196D64DA-LeaderElection29 ELECTION round 0: result REJECTED
2022-10-25 12:15:29,930 [907eb2bb-0522-4d6b-bbf0-1b213cc99331@group-A2CE196D64DA-LeaderElection29] INFO  server.RaftServer$Division (RaftServerImpl.java:setRole(321)) - 907eb2bb-0522-4d6b-bbf0-1b213cc99331@group-A2CE196D64DA: changes role from CANDIDATE to FOLLOWER at term 2 for REJECTED
2022-10-25 12:15:29,930 [907eb2bb-0522-4d6b-bbf0-1b213cc99331@group-A2CE196D64DA-LeaderElection29] INFO  impl.RoleInfo (RoleInfo.java:shutdownLeaderElection(130)) - 907eb2bb-0522-4d6b-bbf0-1b213cc99331: shutdown 907eb2bb-0522-4d6b-bbf0-1b213cc99331@group-A2CE196D64DA-LeaderElection29
2022-10-25 12:15:29,930 [907eb2bb-0522-4d6b-bbf0-1b213cc99331@group-A2CE196D64DA-LeaderElection29] INFO  impl.RoleInfo (RoleInfo.java:updateAndGet(139)) - 907eb2bb-0522-4d6b-bbf0-1b213cc99331: start 907eb2bb-0522-4d6b-bbf0-1b213cc99331@group-A2CE196D64DA-FollowerState
2022-10-25 12:15:29,930 [907eb2bb-0522-4d6b-bbf0-1b213cc99331-server-thread2] INFO  server.RaftServer$Division (ServerState.java:setRaftConf(430)) - 907eb2bb-0522-4d6b-bbf0-1b213cc99331@group-D1CF6F441345: set configuration 0: peers:[0a1cfcca-7ba7-43aa-b517-08505af7a09b|rpc:10.1.1.43:43175|dataStream:|priority:1|startupRole:FOLLOWER, 86ba6119-8a76-46a4-9f38-747fe10c9207|rpc:10.1.1.43:42323|dataStream:|priority:0|startupRole:FOLLOWER, 907eb2bb-0522-4d6b-bbf0-1b213cc99331|rpc:10.1.1.43:40069|dataStream:|priority:0|startupRole:FOLLOWER]|listeners:[], old=null
2022-10-25 12:15:29,930 [907eb2bb-0522-4d6b-bbf0-1b213cc99331@group-A2CE196D64DA-FollowerState] INFO  server.RaftServerConfigKeys (ConfUtils.java:logFallback(53)) - raft.server.rpc.first-election.timeout.min = 5s (fallback to raft.server.rpc.timeout.min)
2022-10-25 12:15:29,930 [907eb2bb-0522-4d6b-bbf0-1b213cc99331-server-thread2] INFO  segmented.SegmentedRaftLogWorker (SegmentedRaftLogWorker.java:startLogSegment(452)) - 907eb2bb-0522-4d6b-bbf0-1b213cc99331@group-D1CF6F441345-SegmentedRaftLogWorker: Starting segment from index:0
2022-10-25 12:15:29,930 [907eb2bb-0522-4d6b-bbf0-1b213cc99331@group-A2CE196D64DA-FollowerState] INFO  server.RaftServerConfigKeys (ConfUtils.java:logFallback(53)) - raft.server.rpc.first-election.timeout.max = 5200ms (fallback to raft.server.rpc.timeout.max)
2022-10-25 12:15:29,968 [907eb2bb-0522-4d6b-bbf0-1b213cc99331@group-D1CF6F441345-SegmentedRaftLogWorker] INFO  segmented.SegmentedRaftLogWorker (SegmentedRaftLogWorker.java:execute(656)) - 907eb2bb-0522-4d6b-bbf0-1b213cc99331@group-D1CF6F441345-SegmentedRaftLogWorker: created new log segment /home/runner/work/ozone/ozone/hadoop-ozone/integration-test/target/test-dir/MiniOzoneClusterImpl-59fd4bbb-78e8-4c50-bd4e-19e5c7f0d0cd/datanode-8/data/ratis/ededb7be-9b98-4dd7-bd7e-d1cf6f441345/current/log_inprogress_0
2022-10-25 12:15:30,217 [Listener at 127.0.0.1/33161] INFO  rpc.RpcClient (RpcClient.java:createVolume(471)) - Creating Volume: 74be3751-6c36-4208-b5f4-1f6e68ab1307, with runner as owner and space quota set to -1 bytes, counts quota set to -1
2022-10-25 12:15:30,262 [OM StateMachine ApplyTransaction Thread - 0] INFO  volume.OMVolumeCreateRequest (OMVolumeCreateRequest.java:validateAndUpdateCache(195)) - created volume:74be3751-6c36-4208-b5f4-1f6e68ab1307 for user:runner
2022-10-25 12:15:30,292 [Listener at 127.0.0.1/33161] INFO  rpc.RpcClient (RpcClient.java:createBucket(674)) - Creating Bucket: 74be3751-6c36-4208-b5f4-1f6e68ab1307/74be3751-6c36-4208-b5f4-1f6e68ab1307, with server-side default bucket layout, runner as owner, Versioning false, Storage Type set to DISK and Encryption set to false 
2022-10-25 12:15:30,305 [OM StateMachine ApplyTransaction Thread - 0] INFO  bucket.OMBucketCreateRequest (OMBucketCreateRequest.java:validateAndUpdateCache(260)) - created bucket: 74be3751-6c36-4208-b5f4-1f6e68ab1307 of layout LEGACY in volume: 74be3751-6c36-4208-b5f4-1f6e68ab1307
2022-10-25 12:15:30,326 [Listener at 127.0.0.1/33161] INFO  rpc.RpcClient (RpcClient.java:createBucket(674)) - Creating Bucket: 74be3751-6c36-4208-b5f4-1f6e68ab1307/167ed14b-1b8d-4996-98b1-b05bce9f1aed, with server-side default bucket layout, runner as owner, Versioning false, Storage Type set to DISK and Encryption set to false 
2022-10-25 12:15:30,336 [OM StateMachine ApplyTransaction Thread - 0] INFO  bucket.OMBucketCreateRequest (OMBucketCreateRequest.java:validateAndUpdateCache(260)) - created bucket: 167ed14b-1b8d-4996-98b1-b05bce9f1aed of layout LEGACY in volume: 74be3751-6c36-4208-b5f4-1f6e68ab1307
2022-10-25 12:15:30,390 [IPC Server handler 0 on default port 36683] INFO  pipeline.PipelineStateManagerImpl (PipelineStateManagerImpl.java:addPipeline(103)) - Created pipeline Pipeline[ Id: cd424db0-5d51-490b-aeef-afff73eed793, Nodes: 86ba6119-8a76-46a4-9f38-747fe10c9207{ip: 10.1.1.43, host: fv-az82-510.ou3itxwc2spe5nxnxxppousbrf.dx.internal.cloudapp.net, ports: [REPLICATION=41909, RATIS=42323, RATIS_ADMIN=42323, RATIS_SERVER=42323, STANDALONE=33887], networkLocation: /default-rack, certSerialId: null, persistedOpState: null, persistedOpStateExpiryEpochSec: 0}907eb2bb-0522-4d6b-bbf0-1b213cc99331{ip: 10.1.1.43, host: fv-az82-510.ou3itxwc2spe5nxnxxppousbrf.dx.internal.cloudapp.net, ports: [REPLICATION=43209, RATIS=40069, RATIS_ADMIN=40069, RATIS_SERVER=40069, STANDALONE=36449], networkLocation: /default-rack, certSerialId: null, persistedOpState: null, persistedOpStateExpiryEpochSec: 0}0a1cfcca-7ba7-43aa-b517-08505af7a09b{ip: 10.1.1.43, host: fv-az82-510.ou3itxwc2spe5nxnxxppousbrf.dx.internal.cloudapp.net, ports: [REPLICATION=42611, RATIS=43175, RATIS_ADMIN=43175, RATIS_SERVER=43175, STANDALONE=40433], networkLocation: /default-rack, certSerialId: null, persistedOpState: null, persistedOpStateExpiryEpochSec: 0}277330ea-7eb2-4eea-8a6b-9d41e81a33f6{ip: 10.1.1.43, host: fv-az82-510.ou3itxwc2spe5nxnxxppousbrf.dx.internal.cloudapp.net, ports: [REPLICATION=40199, RATIS=40547, RATIS_ADMIN=40547, RATIS_SERVER=40547, STANDALONE=46845], networkLocation: /default-rack, certSerialId: null, persistedOpState: null, persistedOpStateExpiryEpochSec: 0}6ce03c57-5430-4ab1-bf83-fb555d2de968{ip: 10.1.1.43, host: fv-az82-510.ou3itxwc2spe5nxnxxppousbrf.dx.internal.cloudapp.net, ports: [REPLICATION=34039, RATIS=33579, RATIS_ADMIN=33579, RATIS_SERVER=33579, STANDALONE=43353], networkLocation: /default-rack, certSerialId: null, persistedOpState: null, persistedOpStateExpiryEpochSec: 0}, ReplicationConfig: EC/ECReplicationConfig{data=3, parity=2, ecChunkSize=1024, codec=rs}, State:ALLOCATED, leaderId:, CreationTimestamp2022-10-25T12:15:30.389Z[Etc/UTC]].
2022-10-25 12:15:30,398 [IPC Server handler 0 on default port 36683] INFO  ha.SequenceIdGenerator (SequenceIdGenerator.java:getNextId(128)) - Allocate a batch for containerId, change lastId from 0 to 1000.
2022-10-25 12:15:30,407 [IPC Server handler 0 on default port 36683] INFO  pipeline.PipelineManagerImpl (PipelineManagerImpl.java:openPipeline(367)) - Pipeline Pipeline[ Id: cd424db0-5d51-490b-aeef-afff73eed793, Nodes: 86ba6119-8a76-46a4-9f38-747fe10c9207{ip: 10.1.1.43, host: fv-az82-510.ou3itxwc2spe5nxnxxppousbrf.dx.internal.cloudapp.net, ports: [REPLICATION=41909, RATIS=42323, RATIS_ADMIN=42323, RATIS_SERVER=42323, STANDALONE=33887], networkLocation: /default-rack, certSerialId: null, persistedOpState: null, persistedOpStateExpiryEpochSec: 0}907eb2bb-0522-4d6b-bbf0-1b213cc99331{ip: 10.1.1.43, host: fv-az82-510.ou3itxwc2spe5nxnxxppousbrf.dx.internal.cloudapp.net, ports: [REPLICATION=43209, RATIS=40069, RATIS_ADMIN=40069, RATIS_SERVER=40069, STANDALONE=36449], networkLocation: /default-rack, certSerialId: null, persistedOpState: null, persistedOpStateExpiryEpochSec: 0}0a1cfcca-7ba7-43aa-b517-08505af7a09b{ip: 10.1.1.43, host: fv-az82-510.ou3itxwc2spe5nxnxxppousbrf.dx.internal.cloudapp.net, ports: [REPLICATION=42611, RATIS=43175, RATIS_ADMIN=43175, RATIS_SERVER=43175, STANDALONE=40433], networkLocation: /default-rack, certSerialId: null, persistedOpState: null, persistedOpStateExpiryEpochSec: 0}277330ea-7eb2-4eea-8a6b-9d41e81a33f6{ip: 10.1.1.43, host: fv-az82-510.ou3itxwc2spe5nxnxxppousbrf.dx.internal.cloudapp.net, ports: [REPLICATION=40199, RATIS=40547, RATIS_ADMIN=40547, RATIS_SERVER=40547, STANDALONE=46845], networkLocation: /default-rack, certSerialId: null, persistedOpState: null, persistedOpStateExpiryEpochSec: 0}6ce03c57-5430-4ab1-bf83-fb555d2de968{ip: 10.1.1.43, host: fv-az82-510.ou3itxwc2spe5nxnxxppousbrf.dx.internal.cloudapp.net, ports: [REPLICATION=34039, RATIS=33579, RATIS_ADMIN=33579, RATIS_SERVER=33579, STANDALONE=43353], networkLocation: /default-rack, certSerialId: null, persistedOpState: null, persistedOpStateExpiryEpochSec: 0}, ReplicationConfig: EC/ECReplicationConfig{data=3, parity=2, ecChunkSize=1024, codec=rs}, State:ALLOCATED, leaderId:, CreationTimestamp2022-10-25T12:15:30.389Z[Etc/UTC]] moved to OPEN state
2022-10-25 12:15:30,408 [IPC Server handler 0 on default port 36683] WARN  ha.SequenceIdGenerator (SequenceIdGenerator.java:allocateBatch(237)) - Failed to allocate a batch for localId, expected lastId is 0, actual lastId is 109611004723200000.
2022-10-25 12:15:30,408 [IPC Server handler 0 on default port 36683] INFO  ha.SequenceIdGenerator (SequenceIdGenerator.java:getNextId(128)) - Allocate a batch for localId, change lastId from 109611004723200000 to 109611004723201000.
2022-10-25 12:15:30,501 [Listener at 127.0.0.1/33161] WARN  erasurecode.ErasureCodeNative (ErasureCodeNative.java:<clinit>(55)) - ISA-L support is not available in your platform... using builtin-java codec where applicable
2022-10-25 12:15:30,639 [Listener at 127.0.0.1/33161] INFO  impl.MetricsSystemImpl (MetricsSystemImpl.java:init(158)) - XceiverClientMetrics metrics system started (again)
2022-10-25 12:15:31,033 [Listener at 127.0.0.1/33161] INFO  ozoneimpl.OzoneContainer (OzoneContainer.java:stop(400)) - Attempting to stop container services.
2022-10-25 12:15:31,042 [Listener at 127.0.0.1/33161] INFO  server.RaftServer (RaftServerProxy.java:lambda$close$6(409)) - 86ba6119-8a76-46a4-9f38-747fe10c9207: close
2022-10-25 12:15:31,042 [86ba6119-8a76-46a4-9f38-747fe10c9207-impl-thread1] INFO  server.RaftServer$Division (RaftServerImpl.java:lambda$close$4(458)) - 86ba6119-8a76-46a4-9f38-747fe10c9207@group-A2CE196D64DA: shutdown
2022-10-25 12:15:31,043 [86ba6119-8a76-46a4-9f38-747fe10c9207-impl-thread1] INFO  util.JmxRegister (JmxRegister.java:unregister(73)) - Successfully un-registered JMX Bean with object name Ratis:service=RaftServer,group=group-A2CE196D64DA,id=86ba6119-8a76-46a4-9f38-747fe10c9207
2022-10-25 12:15:31,043 [86ba6119-8a76-46a4-9f38-747fe10c9207-impl-thread1] INFO  impl.RoleInfo (RoleInfo.java:shutdownFollowerState(110)) - 86ba6119-8a76-46a4-9f38-747fe10c9207: shutdown 86ba6119-8a76-46a4-9f38-747fe10c9207@group-A2CE196D64DA-FollowerState
2022-10-25 12:15:31,043 [86ba6119-8a76-46a4-9f38-747fe10c9207@group-A2CE196D64DA-FollowerState] INFO  impl.FollowerState (FollowerState.java:run(152)) - 86ba6119-8a76-46a4-9f38-747fe10c9207@group-A2CE196D64DA-FollowerState was interrupted
2022-10-25 12:15:31,046 [86ba6119-8a76-46a4-9f38-747fe10c9207-impl-thread1] INFO  impl.StateMachineUpdater (StateMachineUpdater.java:stopAndJoin(153)) - 86ba6119-8a76-46a4-9f38-747fe10c9207@group-A2CE196D64DA-StateMachineUpdater: set stopIndex = -1
2022-10-25 12:15:31,047 [86ba6119-8a76-46a4-9f38-747fe10c9207-impl-thread2] INFO  server.RaftServer$Division (RaftServerImpl.java:lambda$close$4(458)) - 86ba6119-8a76-46a4-9f38-747fe10c9207@group-D1CF6F441345: shutdown
2022-10-25 12:15:31,047 [86ba6119-8a76-46a4-9f38-747fe10c9207-impl-thread2] INFO  util.JmxRegister (JmxRegister.java:unregister(73)) - Successfully un-registered JMX Bean with object name Ratis:service=RaftServer,group=group-D1CF6F441345,id=86ba6119-8a76-46a4-9f38-747fe10c9207
2022-10-25 12:15:31,047 [86ba6119-8a76-46a4-9f38-747fe10c9207-impl-thread2] INFO  impl.RoleInfo (RoleInfo.java:shutdownFollowerState(110)) - 86ba6119-8a76-46a4-9f38-747fe10c9207: shutdown 86ba6119-8a76-46a4-9f38-747fe10c9207@group-D1CF6F441345-FollowerState
2022-10-25 12:15:31,047 [Listener at 127.0.0.1/33161] INFO  server.GrpcService (GrpcService.java:closeImpl(279)) - 86ba6119-8a76-46a4-9f38-747fe10c9207: shutdown server GrpcServerProtocolService now
2022-10-25 12:15:31,047 [86ba6119-8a76-46a4-9f38-747fe10c9207@group-D1CF6F441345-StateMachineUpdater] INFO  ratis.ContainerStateMachine (ContainerStateMachine.java:takeSnapshot(304)) - group-D1CF6F441345: Taking a snapshot at:(t:2, i:0) file /home/runner/work/ozone/ozone/hadoop-ozone/integration-test/target/test-dir/MiniOzoneClusterImpl-59fd4bbb-78e8-4c50-bd4e-19e5c7f0d0cd/datanode-6/data/ratis/ededb7be-9b98-4dd7-bd7e-d1cf6f441345/sm/snapshot.2_0
2022-10-25 12:15:31,049 [86ba6119-8a76-46a4-9f38-747fe10c9207-impl-thread1] INFO  server.RaftServer$Division (ServerState.java:close(466)) - 86ba6119-8a76-46a4-9f38-747fe10c9207@group-A2CE196D64DA: closes. applyIndex: -1
2022-10-25 12:15:31,047 [86ba6119-8a76-46a4-9f38-747fe10c9207@group-D1CF6F441345-FollowerState] INFO  impl.FollowerState (FollowerState.java:run(152)) - 86ba6119-8a76-46a4-9f38-747fe10c9207@group-D1CF6F441345-FollowerState was interrupted
2022-10-25 12:15:31,050 [86ba6119-8a76-46a4-9f38-747fe10c9207@group-A2CE196D64DA-SegmentedRaftLogWorker] INFO  segmented.SegmentedRaftLogWorker (SegmentedRaftLogWorker.java:run(345)) - 86ba6119-8a76-46a4-9f38-747fe10c9207@group-A2CE196D64DA-SegmentedRaftLogWorker was interrupted, exiting. There are 0 tasks remaining in the queue.
2022-10-25 12:15:31,050 [86ba6119-8a76-46a4-9f38-747fe10c9207-impl-thread1] INFO  segmented.SegmentedRaftLogWorker (SegmentedRaftLogWorker.java:close(255)) - 86ba6119-8a76-46a4-9f38-747fe10c9207@group-A2CE196D64DA-SegmentedRaftLogWorker close()
2022-10-25 12:15:31,054 [86ba6119-8a76-46a4-9f38-747fe10c9207-impl-thread3] INFO  server.RaftServer$Division (RaftServerImpl.java:lambda$close$4(458)) - 86ba6119-8a76-46a4-9f38-747fe10c9207@group-0A56FE1FF9EF: shutdown
2022-10-25 12:15:31,054 [86ba6119-8a76-46a4-9f38-747fe10c9207-impl-thread3] INFO  util.JmxRegister (JmxRegister.java:unregister(73)) - Successfully un-registered JMX Bean with object name Ratis:service=RaftServer,group=group-0A56FE1FF9EF,id=86ba6119-8a76-46a4-9f38-747fe10c9207
2022-10-25 12:15:31,057 [Listener at 127.0.0.1/33161] INFO  server.GrpcServerProtocolClient (GrpcServerProtocolClient.java:close(111)) - 0a1cfcca-7ba7-43aa-b517-08505af7a09b Close channels
2022-10-25 12:15:31,053 [86ba6119-8a76-46a4-9f38-747fe10c9207-impl-thread2] INFO  impl.StateMachineUpdater (StateMachineUpdater.java:stopAndJoin(153)) - 86ba6119-8a76-46a4-9f38-747fe10c9207@group-D1CF6F441345-StateMachineUpdater: set stopIndex = 0
2022-10-25 12:15:31,058 [86ba6119-8a76-46a4-9f38-747fe10c9207-impl-thread3] INFO  impl.RoleInfo (RoleInfo.java:shutdownLeaderState(93)) - 86ba6119-8a76-46a4-9f38-747fe10c9207: shutdown 86ba6119-8a76-46a4-9f38-747fe10c9207@group-0A56FE1FF9EF-LeaderStateImpl
2022-10-25 12:15:31,058 [86ba6119-8a76-46a4-9f38-747fe10c9207-impl-thread3] INFO  impl.PendingRequests (PendingRequests.java:sendNotLeaderResponses(282)) - 86ba6119-8a76-46a4-9f38-747fe10c9207@group-0A56FE1FF9EF-PendingRequests: sendNotLeaderResponses
2022-10-25 12:15:31,061 [Listener at 127.0.0.1/33161] INFO  server.GrpcServerProtocolClient (GrpcServerProtocolClient.java:close(111)) - 907eb2bb-0522-4d6b-bbf0-1b213cc99331 Close channels
2022-10-25 12:15:31,062 [86ba6119-8a76-46a4-9f38-747fe10c9207@group-0A56FE1FF9EF-StateMachineUpdater] INFO  ratis.ContainerStateMachine (ContainerStateMachine.java:takeSnapshot(304)) - group-0A56FE1FF9EF: Taking a snapshot at:(t:1, i:0) file /home/runner/work/ozone/ozone/hadoop-ozone/integration-test/target/test-dir/MiniOzoneClusterImpl-59fd4bbb-78e8-4c50-bd4e-19e5c7f0d0cd/datanode-6/data/ratis/cc640d43-417d-4dcd-bd1f-0a56fe1ff9ef/sm/snapshot.1_0
2022-10-25 12:15:31,062 [86ba6119-8a76-46a4-9f38-747fe10c9207-impl-thread3] INFO  impl.StateMachineUpdater (StateMachineUpdater.java:stopAndJoin(153)) - 86ba6119-8a76-46a4-9f38-747fe10c9207@group-0A56FE1FF9EF-StateMachineUpdater: set stopIndex = 0
2022-10-25 12:15:31,069 [grpc-default-executor-0] WARN  server.GrpcServerProtocolService (LogUtils.java:warn(122)) - 86ba6119-8a76-46a4-9f38-747fe10c9207: installSnapshot onError, lastRequest: 0a1cfcca-7ba7-43aa-b517-08505af7a09b->86ba6119-8a76-46a4-9f38-747fe10c9207#1-t2,previous=(t:0, i:0),leaderCommit=0,initializing? true,entries: size=1, first=(t:2, i:0), CONFIGURATIONENTRY(current:id: "0a1cfcca-7ba7-43aa-b517-08505af7a09b"
address: "10.1.1.43:43175"
priority: 1
clientAddress: "10.1.1.43:43175"
adminAddress: "10.1.1.43:43175"
startupRole: FOLLOWER
,id: "86ba6119-8a76-46a4-9f38-747fe10c9207"
address: "10.1.1.43:42323"
clientAddress: "10.1.1.43:42323"
adminAddress: "10.1.1.43:42323"
startupRole: FOLLOWER
,id: "907eb2bb-0522-4d6b-bbf0-1b213cc99331"
address: "10.1.1.43:40069"
clientAddress: "10.1.1.43:40069"
adminAddress: "10.1.1.43:40069"
startupRole: FOLLOWER
, old:): org.apache.ratis.thirdparty.io.grpc.StatusRuntimeException: CANCELLED: client cancelled
2022-10-25 12:15:31,076 [grpc-default-executor-1] WARN  server.GrpcServerProtocolService (LogUtils.java:warn(122)) - 86ba6119-8a76-46a4-9f38-747fe10c9207: installSnapshot onError, lastRequest: null: org.apache.ratis.thirdparty.io.grpc.StatusRuntimeException: CANCELLED: client cancelled
2022-10-25 12:15:31,078 [grpc-default-executor-5] WARN  server.GrpcLogAppender (LogUtils.java:warn(122)) - 0a1cfcca-7ba7-43aa-b517-08505af7a09b@group-D1CF6F441345->86ba6119-8a76-46a4-9f38-747fe10c9207-AppendLogResponseHandler: Failed appendEntries: org.apache.ratis.thirdparty.io.grpc.StatusRuntimeException: CANCELLED: RST_STREAM closed stream. HTTP/2 error code: CANCEL
2022-10-25 12:15:31,080 [grpc-default-executor-5] WARN  server.GrpcLogAppender (GrpcLogAppender.java:resetClient(131)) - 0a1cfcca-7ba7-43aa-b517-08505af7a09b@group-D1CF6F441345->86ba6119-8a76-46a4-9f38-747fe10c9207-GrpcLogAppender: Leader has not got in touch with Follower 0a1cfcca-7ba7-43aa-b517-08505af7a09b@group-D1CF6F441345->86ba6119-8a76-46a4-9f38-747fe10c9207(c0,m0,n1, attendVote=true, lastRpcSendTime=1239, lastRpcResponseTime=1174) yet, just keep nextIndex unchanged and retry.
2022-10-25 12:15:31,088 [Listener at 127.0.0.1/33161] INFO  server.GrpcService (GrpcService.java:closeImpl(288)) - 86ba6119-8a76-46a4-9f38-747fe10c9207: shutdown server GrpcServerProtocolService successfully
2022-10-25 12:15:31,089 [grpc-default-executor-5] WARN  server.GrpcLogAppender (LogUtils.java:warn(122)) - 0a1cfcca-7ba7-43aa-b517-08505af7a09b@group-D1CF6F441345->86ba6119-8a76-46a4-9f38-747fe10c9207-AppendLogResponseHandler: Failed appendEntries: org.apache.ratis.thirdparty.io.grpc.StatusRuntimeException: CANCELLED: RST_STREAM closed stream. HTTP/2 error code: CANCEL
2022-10-25 12:15:31,089 [grpc-default-executor-5] WARN  server.GrpcLogAppender (GrpcLogAppender.java:resetClient(131)) - 0a1cfcca-7ba7-43aa-b517-08505af7a09b@group-D1CF6F441345->86ba6119-8a76-46a4-9f38-747fe10c9207-GrpcLogAppender: Leader has not got in touch with Follower 0a1cfcca-7ba7-43aa-b517-08505af7a09b@group-D1CF6F441345->86ba6119-8a76-46a4-9f38-747fe10c9207(c0,m0,n1, attendVote=true, lastRpcSendTime=1248, lastRpcResponseTime=1183) yet, just keep nextIndex unchanged and retry.
2022-10-25 12:15:31,123 [86ba6119-8a76-46a4-9f38-747fe10c9207@group-D1CF6F441345-StateMachineUpdater] INFO  ratis.ContainerStateMachine (ContainerStateMachine.java:takeSnapshot(315)) - group-D1CF6F441345: Finished taking a snapshot at:(t:2, i:0) file:/home/runner/work/ozone/ozone/hadoop-ozone/integration-test/target/test-dir/MiniOzoneClusterImpl-59fd4bbb-78e8-4c50-bd4e-19e5c7f0d0cd/datanode-6/data/ratis/ededb7be-9b98-4dd7-bd7e-d1cf6f441345/sm/snapshot.2_0 took: 76 ms
2022-10-25 12:15:31,125 [86ba6119-8a76-46a4-9f38-747fe10c9207@group-D1CF6F441345-StateMachineUpdater] INFO  impl.StateMachineUpdater (StateMachineUpdater.java:takeSnapshot(287)) - 86ba6119-8a76-46a4-9f38-747fe10c9207@group-D1CF6F441345-StateMachineUpdater: Took a snapshot at index 0
2022-10-25 12:15:31,125 [86ba6119-8a76-46a4-9f38-747fe10c9207@group-D1CF6F441345-StateMachineUpdater] INFO  impl.StateMachineUpdater (StateMachineUpdater.java:lambda$new$0(92)) - 86ba6119-8a76-46a4-9f38-747fe10c9207@group-D1CF6F441345-StateMachineUpdater: snapshotIndex: updateIncreasingly -1 -> 0
2022-10-25 12:15:31,126 [86ba6119-8a76-46a4-9f38-747fe10c9207@group-0A56FE1FF9EF-StateMachineUpdater] INFO  ratis.ContainerStateMachine (ContainerStateMachine.java:takeSnapshot(315)) - group-0A56FE1FF9EF: Finished taking a snapshot at:(t:1, i:0) file:/home/runner/work/ozone/ozone/hadoop-ozone/integration-test/target/test-dir/MiniOzoneClusterImpl-59fd4bbb-78e8-4c50-bd4e-19e5c7f0d0cd/datanode-6/data/ratis/cc640d43-417d-4dcd-bd1f-0a56fe1ff9ef/sm/snapshot.1_0 took: 64 ms
2022-10-25 12:15:31,126 [86ba6119-8a76-46a4-9f38-747fe10c9207@group-0A56FE1FF9EF-StateMachineUpdater] INFO  impl.StateMachineUpdater (StateMachineUpdater.java:takeSnapshot(287)) - 86ba6119-8a76-46a4-9f38-747fe10c9207@group-0A56FE1FF9EF-StateMachineUpdater: Took a snapshot at index 0
2022-10-25 12:15:31,126 [86ba6119-8a76-46a4-9f38-747fe10c9207@group-0A56FE1FF9EF-StateMachineUpdater] INFO  impl.StateMachineUpdater (StateMachineUpdater.java:lambda$new$0(92)) - 86ba6119-8a76-46a4-9f38-747fe10c9207@group-0A56FE1FF9EF-StateMachineUpdater: snapshotIndex: updateIncreasingly -1 -> 0
2022-10-25 12:15:31,130 [86ba6119-8a76-46a4-9f38-747fe10c9207-impl-thread2] INFO  server.RaftServer$Division (ServerState.java:close(466)) - 86ba6119-8a76-46a4-9f38-747fe10c9207@group-D1CF6F441345: closes. applyIndex: 0
2022-10-25 12:15:31,131 [86ba6119-8a76-46a4-9f38-747fe10c9207@group-D1CF6F441345-SegmentedRaftLogWorker] INFO  segmented.SegmentedRaftLogWorker (SegmentedRaftLogWorker.java:run(345)) - 86ba6119-8a76-46a4-9f38-747fe10c9207@group-D1CF6F441345-SegmentedRaftLogWorker was interrupted, exiting. There are 0 tasks remaining in the queue.
2022-10-25 12:15:31,131 [86ba6119-8a76-46a4-9f38-747fe10c9207-impl-thread3] INFO  server.RaftServer$Division (ServerState.java:close(466)) - 86ba6119-8a76-46a4-9f38-747fe10c9207@group-0A56FE1FF9EF: closes. applyIndex: 0
2022-10-25 12:15:31,131 [86ba6119-8a76-46a4-9f38-747fe10c9207@group-0A56FE1FF9EF-SegmentedRaftLogWorker] INFO  segmented.SegmentedRaftLogWorker (SegmentedRaftLogWorker.java:run(345)) - 86ba6119-8a76-46a4-9f38-747fe10c9207@group-0A56FE1FF9EF-SegmentedRaftLogWorker was interrupted, exiting. There are 0 tasks remaining in the queue.
2022-10-25 12:15:31,134 [86ba6119-8a76-46a4-9f38-747fe10c9207-impl-thread2] INFO  segmented.SegmentedRaftLogWorker (SegmentedRaftLogWorker.java:close(255)) - 86ba6119-8a76-46a4-9f38-747fe10c9207@group-D1CF6F441345-SegmentedRaftLogWorker close()
2022-10-25 12:15:31,134 [86ba6119-8a76-46a4-9f38-747fe10c9207-impl-thread3] INFO  segmented.SegmentedRaftLogWorker (SegmentedRaftLogWorker.java:close(255)) - 86ba6119-8a76-46a4-9f38-747fe10c9207@group-0A56FE1FF9EF-SegmentedRaftLogWorker close()
2022-10-25 12:15:31,139 [JvmPauseMonitor7] INFO  util.JvmPauseMonitor (JvmPauseMonitor.java:run(111)) - JvmPauseMonitor-86ba6119-8a76-46a4-9f38-747fe10c9207: Stopped
2022-10-25 12:15:32,297 [0c76121b-7d6b-4708-9ae8-9ff4448060b7@group-C2A56A5A39AA-FollowerState] INFO  impl.FollowerState (FollowerState.java:run(143)) - 0c76121b-7d6b-4708-9ae8-9ff4448060b7@group-C2A56A5A39AA-FollowerState: change to CANDIDATE, lastRpcElapsedTime:5074761477ns, electionTimeout:5072ms
2022-10-25 12:15:32,297 [0c76121b-7d6b-4708-9ae8-9ff4448060b7@group-C2A56A5A39AA-FollowerState] INFO  impl.RoleInfo (RoleInfo.java:shutdownFollowerState(110)) - 0c76121b-7d6b-4708-9ae8-9ff4448060b7: shutdown 0c76121b-7d6b-4708-9ae8-9ff4448060b7@group-C2A56A5A39AA-FollowerState
2022-10-25 12:15:32,297 [0c76121b-7d6b-4708-9ae8-9ff4448060b7@group-C2A56A5A39AA-FollowerState] INFO  server.RaftServer$Division (RaftServerImpl.java:setRole(321)) - 0c76121b-7d6b-4708-9ae8-9ff4448060b7@group-C2A56A5A39AA: changes role from  FOLLOWER to CANDIDATE at term 2 for changeToCandidate
2022-10-25 12:15:32,297 [0c76121b-7d6b-4708-9ae8-9ff4448060b7@group-C2A56A5A39AA-FollowerState] INFO  server.RaftServerConfigKeys (ConfUtils.java:logGet(46)) - raft.server.leaderelection.pre-vote = false (custom)
2022-10-25 12:15:32,297 [0c76121b-7d6b-4708-9ae8-9ff4448060b7@group-C2A56A5A39AA-FollowerState] INFO  impl.RoleInfo (RoleInfo.java:updateAndGet(139)) - 0c76121b-7d6b-4708-9ae8-9ff4448060b7: start 0c76121b-7d6b-4708-9ae8-9ff4448060b7@group-C2A56A5A39AA-LeaderElection30
2022-10-25 12:15:32,303 [0c76121b-7d6b-4708-9ae8-9ff4448060b7@group-C2A56A5A39AA-LeaderElection30] INFO  impl.LeaderElection (LeaderElection.java:askForVotes(312)) - 0c76121b-7d6b-4708-9ae8-9ff4448060b7@group-C2A56A5A39AA-LeaderElection30 ELECTION round 0: submit vote requests at term 3 for -1: peers:[86658d9d-b609-4403-bc8a-bf059dbdbb67|rpc:10.1.1.43:34601|dataStream:|priority:0|startupRole:FOLLOWER, 0c76121b-7d6b-4708-9ae8-9ff4448060b7|rpc:10.1.1.43:35675|dataStream:|priority:1|startupRole:FOLLOWER, 6534404f-39f4-445c-b85e-518a348dbff3|rpc:10.1.1.43:42177|dataStream:|priority:0|startupRole:FOLLOWER]|listeners:[], old=null
2022-10-25 12:15:32,306 [grpc-default-executor-5] INFO  server.RaftServer$Division (RaftServerImpl.java:requestVote(1218)) - 86658d9d-b609-4403-bc8a-bf059dbdbb67@group-C2A56A5A39AA: receive requestVote(ELECTION, 0c76121b-7d6b-4708-9ae8-9ff4448060b7, group-C2A56A5A39AA, 3, (t:0, i:0))
2022-10-25 12:15:32,306 [0c76121b-7d6b-4708-9ae8-9ff4448060b7@group-C2A56A5A39AA-LeaderElection30] INFO  server.RaftServerConfigKeys (ConfUtils.java:logFallback(53)) - raft.server.rpc.first-election.timeout.min = 5s (fallback to raft.server.rpc.timeout.min)
2022-10-25 12:15:32,306 [0c76121b-7d6b-4708-9ae8-9ff4448060b7@group-C2A56A5A39AA-LeaderElection30] INFO  server.RaftServerConfigKeys (ConfUtils.java:logFallback(53)) - raft.server.rpc.first-election.timeout.max = 5200ms (fallback to raft.server.rpc.timeout.max)
2022-10-25 12:15:32,309 [grpc-default-executor-5] INFO  impl.VoteContext (VoteContext.java:log(48)) - 86658d9d-b609-4403-bc8a-bf059dbdbb67@group-C2A56A5A39AA-FOLLOWER: accept ELECTION from 0c76121b-7d6b-4708-9ae8-9ff4448060b7: our priority 0 <= candidate's priority 1
2022-10-25 12:15:32,309 [grpc-default-executor-5] INFO  server.RaftServer$Division (RaftServerImpl.java:setRole(321)) - 86658d9d-b609-4403-bc8a-bf059dbdbb67@group-C2A56A5A39AA: changes role from  FOLLOWER to FOLLOWER at term 3 for candidate:0c76121b-7d6b-4708-9ae8-9ff4448060b7
2022-10-25 12:15:32,309 [grpc-default-executor-5] INFO  impl.RoleInfo (RoleInfo.java:shutdownFollowerState(110)) - 86658d9d-b609-4403-bc8a-bf059dbdbb67: shutdown 86658d9d-b609-4403-bc8a-bf059dbdbb67@group-C2A56A5A39AA-FollowerState
2022-10-25 12:15:32,309 [grpc-default-executor-5] INFO  impl.RoleInfo (RoleInfo.java:updateAndGet(139)) - 86658d9d-b609-4403-bc8a-bf059dbdbb67: start 86658d9d-b609-4403-bc8a-bf059dbdbb67@group-C2A56A5A39AA-FollowerState
2022-10-25 12:15:32,309 [86658d9d-b609-4403-bc8a-bf059dbdbb67@group-C2A56A5A39AA-FollowerState] INFO  impl.FollowerState (FollowerState.java:run(152)) - 86658d9d-b609-4403-bc8a-bf059dbdbb67@group-C2A56A5A39AA-FollowerState was interrupted
2022-10-25 12:15:32,312 [grpc-default-executor-5] INFO  server.RaftServer$Division (RaftServerImpl.java:requestVote(1251)) - 86658d9d-b609-4403-bc8a-bf059dbdbb67@group-C2A56A5A39AA replies to ELECTION vote request: 0c76121b-7d6b-4708-9ae8-9ff4448060b7<-86658d9d-b609-4403-bc8a-bf059dbdbb67#0:OK-t3. Peer's state: 86658d9d-b609-4403-bc8a-bf059dbdbb67@group-C2A56A5A39AA:t3, leader=null, voted=0c76121b-7d6b-4708-9ae8-9ff4448060b7, raftlog=Memoized:86658d9d-b609-4403-bc8a-bf059dbdbb67@group-C2A56A5A39AA-SegmentedRaftLog:OPENED:c-1, conf=-1: peers:[86658d9d-b609-4403-bc8a-bf059dbdbb67|rpc:10.1.1.43:34601|priority:0|startupRole:FOLLOWER, 0c76121b-7d6b-4708-9ae8-9ff4448060b7|rpc:10.1.1.43:35675|priority:1|startupRole:FOLLOWER, 6534404f-39f4-445c-b85e-518a348dbff3|rpc:10.1.1.43:42177|priority:0|startupRole:FOLLOWER]|listeners:[], old=null
2022-10-25 12:15:32,313 [grpc-default-executor-5] INFO  server.RaftServer$Division (RaftServerImpl.java:requestVote(1218)) - 6534404f-39f4-445c-b85e-518a348dbff3@group-C2A56A5A39AA: receive requestVote(ELECTION, 0c76121b-7d6b-4708-9ae8-9ff4448060b7, group-C2A56A5A39AA, 3, (t:0, i:0))
2022-10-25 12:15:32,313 [grpc-default-executor-5] INFO  impl.VoteContext (VoteContext.java:log(48)) - 6534404f-39f4-445c-b85e-518a348dbff3@group-C2A56A5A39AA-FOLLOWER: accept ELECTION from 0c76121b-7d6b-4708-9ae8-9ff4448060b7: our priority 0 <= candidate's priority 1
2022-10-25 12:15:32,313 [grpc-default-executor-5] INFO  server.RaftServer$Division (RaftServerImpl.java:setRole(321)) - 6534404f-39f4-445c-b85e-518a348dbff3@group-C2A56A5A39AA: changes role from  FOLLOWER to FOLLOWER at term 3 for candidate:0c76121b-7d6b-4708-9ae8-9ff4448060b7
2022-10-25 12:15:32,313 [grpc-default-executor-5] INFO  impl.RoleInfo (RoleInfo.java:shutdownFollowerState(110)) - 6534404f-39f4-445c-b85e-518a348dbff3: shutdown 6534404f-39f4-445c-b85e-518a348dbff3@group-C2A56A5A39AA-FollowerState
2022-10-25 12:15:32,314 [grpc-default-executor-5] INFO  impl.RoleInfo (RoleInfo.java:updateAndGet(139)) - 6534404f-39f4-445c-b85e-518a348dbff3: start 6534404f-39f4-445c-b85e-518a348dbff3@group-C2A56A5A39AA-FollowerState
2022-10-25 12:15:32,314 [6534404f-39f4-445c-b85e-518a348dbff3@group-C2A56A5A39AA-FollowerState] INFO  impl.FollowerState (FollowerState.java:run(152)) - 6534404f-39f4-445c-b85e-518a348dbff3@group-C2A56A5A39AA-FollowerState was interrupted
2022-10-25 12:15:32,315 [86658d9d-b609-4403-bc8a-bf059dbdbb67@group-C2A56A5A39AA-FollowerState] INFO  server.RaftServerConfigKeys (ConfUtils.java:logFallback(53)) - raft.server.rpc.first-election.timeout.min = 5s (fallback to raft.server.rpc.timeout.min)
2022-10-25 12:15:32,316 [86658d9d-b609-4403-bc8a-bf059dbdbb67@group-C2A56A5A39AA-FollowerState] INFO  server.RaftServerConfigKeys (ConfUtils.java:logFallback(53)) - raft.server.rpc.first-election.timeout.max = 5200ms (fallback to raft.server.rpc.timeout.max)
2022-10-25 12:15:32,320 [0c76121b-7d6b-4708-9ae8-9ff4448060b7@group-C2A56A5A39AA-LeaderElection30] INFO  impl.LeaderElection (LeaderElection.java:logAndReturn(90)) - 0c76121b-7d6b-4708-9ae8-9ff4448060b7@group-C2A56A5A39AA-LeaderElection30: ELECTION PASSED received 1 response(s) and 0 exception(s):
2022-10-25 12:15:32,320 [0c76121b-7d6b-4708-9ae8-9ff4448060b7@group-C2A56A5A39AA-LeaderElection30] INFO  impl.LeaderElection (LeaderElection.java:logAndReturn(94)) -   Response 0: 0c76121b-7d6b-4708-9ae8-9ff4448060b7<-86658d9d-b609-4403-bc8a-bf059dbdbb67#0:OK-t3
2022-10-25 12:15:32,320 [grpc-default-executor-5] INFO  server.RaftServer$Division (RaftServerImpl.java:requestVote(1251)) - 6534404f-39f4-445c-b85e-518a348dbff3@group-C2A56A5A39AA replies to ELECTION vote request: 0c76121b-7d6b-4708-9ae8-9ff4448060b7<-6534404f-39f4-445c-b85e-518a348dbff3#0:OK-t3. Peer's state: 6534404f-39f4-445c-b85e-518a348dbff3@group-C2A56A5A39AA:t3, leader=null, voted=0c76121b-7d6b-4708-9ae8-9ff4448060b7, raftlog=Memoized:6534404f-39f4-445c-b85e-518a348dbff3@group-C2A56A5A39AA-SegmentedRaftLog:OPENED:c-1, conf=-1: peers:[86658d9d-b609-4403-bc8a-bf059dbdbb67|rpc:10.1.1.43:34601|priority:0|startupRole:FOLLOWER, 0c76121b-7d6b-4708-9ae8-9ff4448060b7|rpc:10.1.1.43:35675|priority:1|startupRole:FOLLOWER, 6534404f-39f4-445c-b85e-518a348dbff3|rpc:10.1.1.43:42177|priority:0|startupRole:FOLLOWER]|listeners:[], old=null
2022-10-25 12:15:32,320 [0c76121b-7d6b-4708-9ae8-9ff4448060b7@group-C2A56A5A39AA-LeaderElection30] INFO  impl.LeaderElection (LeaderElection.java:askForVotes(314)) - 0c76121b-7d6b-4708-9ae8-9ff4448060b7@group-C2A56A5A39AA-LeaderElection30 ELECTION round 0: result PASSED
2022-10-25 12:15:32,320 [0c76121b-7d6b-4708-9ae8-9ff4448060b7@group-C2A56A5A39AA-LeaderElection30] INFO  impl.RoleInfo (RoleInfo.java:shutdownLeaderElection(130)) - 0c76121b-7d6b-4708-9ae8-9ff4448060b7: shutdown 0c76121b-7d6b-4708-9ae8-9ff4448060b7@group-C2A56A5A39AA-LeaderElection30
2022-10-25 12:15:32,320 [0c76121b-7d6b-4708-9ae8-9ff4448060b7@group-C2A56A5A39AA-LeaderElection30] INFO  server.RaftServer$Division (RaftServerImpl.java:setRole(321)) - 0c76121b-7d6b-4708-9ae8-9ff4448060b7@group-C2A56A5A39AA: changes role from CANDIDATE to LEADER at term 3 for changeToLeader
2022-10-25 12:15:32,320 [0c76121b-7d6b-4708-9ae8-9ff4448060b7@group-C2A56A5A39AA-LeaderElection30] INFO  ratis.XceiverServerRatis (XceiverServerRatis.java:handleLeaderChangedNotification(863)) - Leader change notification received for group: group-C2A56A5A39AA with new leaderId: 0c76121b-7d6b-4708-9ae8-9ff4448060b7
2022-10-25 12:15:32,320 [6534404f-39f4-445c-b85e-518a348dbff3@group-C2A56A5A39AA-FollowerState] INFO  server.RaftServerConfigKeys (ConfUtils.java:logFallback(53)) - raft.server.rpc.first-election.timeout.min = 5s (fallback to raft.server.rpc.timeout.min)
2022-10-25 12:15:32,320 [6534404f-39f4-445c-b85e-518a348dbff3@group-C2A56A5A39AA-FollowerState] INFO  server.RaftServerConfigKeys (ConfUtils.java:logFallback(53)) - raft.server.rpc.first-election.timeout.max = 5200ms (fallback to raft.server.rpc.timeout.max)
2022-10-25 12:15:32,321 [0c76121b-7d6b-4708-9ae8-9ff4448060b7@group-C2A56A5A39AA-LeaderElection30] INFO  server.RaftServer$Division (ServerState.java:setLeader(313)) - 0c76121b-7d6b-4708-9ae8-9ff4448060b7@group-C2A56A5A39AA: change Leader from null to 0c76121b-7d6b-4708-9ae8-9ff4448060b7 at term 3 for becomeLeader, leader elected after 14787ms
2022-10-25 12:15:32,321 [0c76121b-7d6b-4708-9ae8-9ff4448060b7@group-C2A56A5A39AA-LeaderElection30] INFO  server.RaftServerConfigKeys (ConfUtils.java:logGet(46)) - raft.server.staging.catchup.gap = 1000 (default)
2022-10-25 12:15:32,321 [0c76121b-7d6b-4708-9ae8-9ff4448060b7@group-C2A56A5A39AA-LeaderElection30] INFO  server.RaftServerConfigKeys (ConfUtils.java:logGet(46)) - raft.server.write.element-limit = 1024 (custom)
2022-10-25 12:15:32,321 [0c76121b-7d6b-4708-9ae8-9ff4448060b7@group-C2A56A5A39AA-LeaderElection30] INFO  server.RaftServerConfigKeys (ConfUtils.java:logGet(46)) - raft.server.write.byte-limit = 1024 M (=1073741824) (custom)
2022-10-25 12:15:32,321 [0c76121b-7d6b-4708-9ae8-9ff4448060b7@group-C2A56A5A39AA-LeaderElection30] INFO  server.RaftServerConfigKeys (ConfUtils.java:logGet(46)) - raft.server.watch.timeout = 180s (custom)
2022-10-25 12:15:32,321 [0c76121b-7d6b-4708-9ae8-9ff4448060b7@group-C2A56A5A39AA-LeaderElection30] INFO  server.RaftServerConfigKeys (ConfUtils.java:logGet(46)) - raft.server.watch.timeout.denomination = 1s (default)
2022-10-25 12:15:32,321 [0c76121b-7d6b-4708-9ae8-9ff4448060b7@group-C2A56A5A39AA-LeaderElection30] INFO  server.RaftServerConfigKeys (ConfUtils.java:logGet(46)) - raft.server.watch.element-limit = 65536 (default)
2022-10-25 12:15:32,321 [0c76121b-7d6b-4708-9ae8-9ff4448060b7@group-C2A56A5A39AA-LeaderElection30] INFO  server.RaftServerConfigKeys (ConfUtils.java:logGet(46)) - raft.server.write.element-limit = 1024 (custom)
2022-10-25 12:15:32,322 [0c76121b-7d6b-4708-9ae8-9ff4448060b7@group-C2A56A5A39AA-LeaderElection30] INFO  server.RaftServerConfigKeys (ConfUtils.java:logGet(46)) - raft.server.write.follower.gap.ratio.max = -1.0 (default)
2022-10-25 12:15:32,322 [0c76121b-7d6b-4708-9ae8-9ff4448060b7@group-C2A56A5A39AA-LeaderElection30] INFO  server.RaftServerConfigKeys (ConfUtils.java:logGet(46)) - raft.server.log.appender.snapshot.chunk.size.max = 16MB (=16777216) (default)
2022-10-25 12:15:32,322 [0c76121b-7d6b-4708-9ae8-9ff4448060b7@group-C2A56A5A39AA-LeaderElection30] INFO  server.RaftServerConfigKeys (ConfUtils.java:logGet(46)) - raft.server.log.appender.buffer.byte-limit = 33554432 (custom)
2022-10-25 12:15:32,322 [0c76121b-7d6b-4708-9ae8-9ff4448060b7@group-C2A56A5A39AA-LeaderElection30] INFO  server.RaftServerConfigKeys (ConfUtils.java:logGet(46)) - raft.server.log.appender.buffer.element-limit = 1 (custom)
2022-10-25 12:15:32,322 [0c76121b-7d6b-4708-9ae8-9ff4448060b7@group-C2A56A5A39AA-LeaderElection30] INFO  grpc.GrpcConfigKeys (ConfUtils.java:logGet(46)) - raft.grpc.server.leader.outstanding.appends.max = 128 (default)
2022-10-25 12:15:32,322 [0c76121b-7d6b-4708-9ae8-9ff4448060b7@group-C2A56A5A39AA-LeaderElection30] INFO  server.RaftServerConfigKeys (ConfUtils.java:logGet(46)) - raft.server.rpc.request.timeout = 60s (custom)
2022-10-25 12:15:32,322 [0c76121b-7d6b-4708-9ae8-9ff4448060b7@group-C2A56A5A39AA-LeaderElection30] INFO  server.RaftServerConfigKeys (ConfUtils.java:logGet(46)) - raft.server.log.appender.install.snapshot.enabled = false (custom)
2022-10-25 12:15:32,322 [0c76121b-7d6b-4708-9ae8-9ff4448060b7@group-C2A56A5A39AA-LeaderElection30] INFO  grpc.GrpcConfigKeys (ConfUtils.java:logGet(46)) - raft.grpc.server.heartbeat.channel = true (default)
2022-10-25 12:15:32,323 [0c76121b-7d6b-4708-9ae8-9ff4448060b7@group-C2A56A5A39AA-LeaderElection30] INFO  server.RaftServerConfigKeys (ConfUtils.java:logGet(46)) - raft.server.log.appender.wait-time.min = 10ms (default)
2022-10-25 12:15:32,323 [0c76121b-7d6b-4708-9ae8-9ff4448060b7@group-C2A56A5A39AA-LeaderElection30] INFO  server.RaftServerConfigKeys (ConfUtils.java:logGet(46)) - raft.server.log.appender.snapshot.chunk.size.max = 16MB (=16777216) (default)
2022-10-25 12:15:32,323 [0c76121b-7d6b-4708-9ae8-9ff4448060b7@group-C2A56A5A39AA-LeaderElection30] INFO  server.RaftServerConfigKeys (ConfUtils.java:logGet(46)) - raft.server.log.appender.buffer.byte-limit = 33554432 (custom)
2022-10-25 12:15:32,323 [0c76121b-7d6b-4708-9ae8-9ff4448060b7@group-C2A56A5A39AA-LeaderElection30] INFO  server.RaftServerConfigKeys (ConfUtils.java:logGet(46)) - raft.server.log.appender.buffer.element-limit = 1 (custom)
2022-10-25 12:15:32,325 [EventQueue-PipelineReportForPipelineReportHandler] INFO  pipeline.PipelineManagerImpl (PipelineManagerImpl.java:openPipeline(367)) - Pipeline Pipeline[ Id: f1a390e2-8bbb-41d2-9b09-c2a56a5a39aa, Nodes: 6534404f-39f4-445c-b85e-518a348dbff3{ip: 10.1.1.43, host: fv-az82-510.ou3itxwc2spe5nxnxxppousbrf.dx.internal.cloudapp.net, ports: [REPLICATION=46725, RATIS=42177, RATIS_ADMIN=42177, RATIS_SERVER=42177, STANDALONE=37675], networkLocation: /default-rack, certSerialId: null, persistedOpState: IN_SERVICE, persistedOpStateExpiryEpochSec: 0}0c76121b-7d6b-4708-9ae8-9ff4448060b7{ip: 10.1.1.43, host: fv-az82-510.ou3itxwc2spe5nxnxxppousbrf.dx.internal.cloudapp.net, ports: [REPLICATION=39861, RATIS=35675, RATIS_ADMIN=35675, RATIS_SERVER=35675, STANDALONE=32975], networkLocation: /default-rack, certSerialId: null, persistedOpState: IN_SERVICE, persistedOpStateExpiryEpochSec: 0}86658d9d-b609-4403-bc8a-bf059dbdbb67{ip: 10.1.1.43, host: fv-az82-510.ou3itxwc2spe5nxnxxppousbrf.dx.internal.cloudapp.net, ports: [REPLICATION=46767, RATIS=34601, RATIS_ADMIN=34601, RATIS_SERVER=34601, STANDALONE=42213], networkLocation: /default-rack, certSerialId: null, persistedOpState: IN_SERVICE, persistedOpStateExpiryEpochSec: 0}, ReplicationConfig: RATIS/THREE, State:ALLOCATED, leaderId:0c76121b-7d6b-4708-9ae8-9ff4448060b7, CreationTimestamp2022-10-25T12:15:14.887Z[Etc/UTC]] moved to OPEN state
2022-10-25 12:15:32,328 [0c76121b-7d6b-4708-9ae8-9ff4448060b7@group-C2A56A5A39AA-LeaderElection30] INFO  grpc.GrpcConfigKeys (ConfUtils.java:logGet(46)) - raft.grpc.server.leader.outstanding.appends.max = 128 (default)
2022-10-25 12:15:32,328 [0c76121b-7d6b-4708-9ae8-9ff4448060b7@group-C2A56A5A39AA-LeaderElection30] INFO  server.RaftServerConfigKeys (ConfUtils.java:logGet(46)) - raft.server.rpc.request.timeout = 60s (custom)
2022-10-25 12:15:32,328 [0c76121b-7d6b-4708-9ae8-9ff4448060b7@group-C2A56A5A39AA-LeaderElection30] INFO  server.RaftServerConfigKeys (ConfUtils.java:logGet(46)) - raft.server.log.appender.install.snapshot.enabled = false (custom)
2022-10-25 12:15:32,329 [0c76121b-7d6b-4708-9ae8-9ff4448060b7@group-C2A56A5A39AA-LeaderElection30] INFO  grpc.GrpcConfigKeys (ConfUtils.java:logGet(46)) - raft.grpc.server.heartbeat.channel = true (default)
2022-10-25 12:15:32,329 [0c76121b-7d6b-4708-9ae8-9ff4448060b7@group-C2A56A5A39AA-LeaderElection30] INFO  server.RaftServerConfigKeys (ConfUtils.java:logGet(46)) - raft.server.log.appender.wait-time.min = 10ms (default)
2022-10-25 12:15:32,329 [0c76121b-7d6b-4708-9ae8-9ff4448060b7@group-C2A56A5A39AA-LeaderElection30] INFO  impl.RoleInfo (RoleInfo.java:updateAndGet(139)) - 0c76121b-7d6b-4708-9ae8-9ff4448060b7: start 0c76121b-7d6b-4708-9ae8-9ff4448060b7@group-C2A56A5A39AA-LeaderStateImpl
2022-10-25 12:15:32,329 [0c76121b-7d6b-4708-9ae8-9ff4448060b7@group-C2A56A5A39AA-LeaderElection30] INFO  segmented.SegmentedRaftLogWorker (SegmentedRaftLogWorker.java:startLogSegment(452)) - 0c76121b-7d6b-4708-9ae8-9ff4448060b7@group-C2A56A5A39AA-SegmentedRaftLogWorker: Starting segment from index:0
2022-10-25 12:15:32,331 [0c76121b-7d6b-4708-9ae8-9ff4448060b7@group-C2A56A5A39AA-SegmentedRaftLogWorker] INFO  segmented.SegmentedRaftLogWorker (SegmentedRaftLogWorker.java:execute(656)) - 0c76121b-7d6b-4708-9ae8-9ff4448060b7@group-C2A56A5A39AA-SegmentedRaftLogWorker: created new log segment /home/runner/work/ozone/ozone/hadoop-ozone/integration-test/target/test-dir/MiniOzoneClusterImpl-59fd4bbb-78e8-4c50-bd4e-19e5c7f0d0cd/datanode-2/data/ratis/f1a390e2-8bbb-41d2-9b09-c2a56a5a39aa/current/log_inprogress_0
2022-10-25 12:15:32,346 [0c76121b-7d6b-4708-9ae8-9ff4448060b7@group-C2A56A5A39AA-LeaderElection30] INFO  server.RaftServer$Division (ServerState.java:setRaftConf(430)) - 0c76121b-7d6b-4708-9ae8-9ff4448060b7@group-C2A56A5A39AA: set configuration 0: peers:[86658d9d-b609-4403-bc8a-bf059dbdbb67|rpc:10.1.1.43:34601|dataStream:|priority:0|startupRole:FOLLOWER, 0c76121b-7d6b-4708-9ae8-9ff4448060b7|rpc:10.1.1.43:35675|dataStream:|priority:1|startupRole:FOLLOWER, 6534404f-39f4-445c-b85e-518a348dbff3|rpc:10.1.1.43:42177|dataStream:|priority:0|startupRole:FOLLOWER]|listeners:[], old=null
2022-10-25 12:15:32,347 [86658d9d-b609-4403-bc8a-bf059dbdbb67-server-thread1] INFO  ratis.XceiverServerRatis (XceiverServerRatis.java:handleLeaderChangedNotification(863)) - Leader change notification received for group: group-C2A56A5A39AA with new leaderId: 0c76121b-7d6b-4708-9ae8-9ff4448060b7
2022-10-25 12:15:32,347 [86658d9d-b609-4403-bc8a-bf059dbdbb67-server-thread1] INFO  server.RaftServer$Division (ServerState.java:setLeader(313)) - 86658d9d-b609-4403-bc8a-bf059dbdbb67@group-C2A56A5A39AA: change Leader from null to 0c76121b-7d6b-4708-9ae8-9ff4448060b7 at term 3 for appendEntries, leader elected after 14773ms
2022-10-25 12:15:32,368 [6534404f-39f4-445c-b85e-518a348dbff3-server-thread1] INFO  ratis.XceiverServerRatis (XceiverServerRatis.java:handleLeaderChangedNotification(863)) - Leader change notification received for group: group-C2A56A5A39AA with new leaderId: 0c76121b-7d6b-4708-9ae8-9ff4448060b7
2022-10-25 12:15:32,368 [6534404f-39f4-445c-b85e-518a348dbff3-server-thread1] INFO  server.RaftServer$Division (ServerState.java:setLeader(313)) - 6534404f-39f4-445c-b85e-518a348dbff3@group-C2A56A5A39AA: change Leader from null to 0c76121b-7d6b-4708-9ae8-9ff4448060b7 at term 3 for appendEntries, leader elected after 15429ms
2022-10-25 12:15:32,373 [86658d9d-b609-4403-bc8a-bf059dbdbb67-server-thread2] INFO  server.RaftServer$Division (ServerState.java:setRaftConf(430)) - 86658d9d-b609-4403-bc8a-bf059dbdbb67@group-C2A56A5A39AA: set configuration 0: peers:[86658d9d-b609-4403-bc8a-bf059dbdbb67|rpc:10.1.1.43:34601|dataStream:|priority:0|startupRole:FOLLOWER, 0c76121b-7d6b-4708-9ae8-9ff4448060b7|rpc:10.1.1.43:35675|dataStream:|priority:1|startupRole:FOLLOWER, 6534404f-39f4-445c-b85e-518a348dbff3|rpc:10.1.1.43:42177|dataStream:|priority:0|startupRole:FOLLOWER]|listeners:[], old=null
2022-10-25 12:15:32,373 [86658d9d-b609-4403-bc8a-bf059dbdbb67-server-thread2] INFO  segmented.SegmentedRaftLogWorker (SegmentedRaftLogWorker.java:startLogSegment(452)) - 86658d9d-b609-4403-bc8a-bf059dbdbb67@group-C2A56A5A39AA-SegmentedRaftLogWorker: Starting segment from index:0
2022-10-25 12:15:32,374 [6534404f-39f4-445c-b85e-518a348dbff3-server-thread1] INFO  server.RaftServer$Division (ServerState.java:setRaftConf(430)) - 6534404f-39f4-445c-b85e-518a348dbff3@group-C2A56A5A39AA: set configuration 0: peers:[86658d9d-b609-4403-bc8a-bf059dbdbb67|rpc:10.1.1.43:34601|dataStream:|priority:0|startupRole:FOLLOWER, 0c76121b-7d6b-4708-9ae8-9ff4448060b7|rpc:10.1.1.43:35675|dataStream:|priority:1|startupRole:FOLLOWER, 6534404f-39f4-445c-b85e-518a348dbff3|rpc:10.1.1.43:42177|dataStream:|priority:0|startupRole:FOLLOWER]|listeners:[], old=null
2022-10-25 12:15:32,375 [6534404f-39f4-445c-b85e-518a348dbff3-server-thread1] INFO  segmented.SegmentedRaftLogWorker (SegmentedRaftLogWorker.java:startLogSegment(452)) - 6534404f-39f4-445c-b85e-518a348dbff3@group-C2A56A5A39AA-SegmentedRaftLogWorker: Starting segment from index:0
2022-10-25 12:15:32,375 [86658d9d-b609-4403-bc8a-bf059dbdbb67@group-C2A56A5A39AA-SegmentedRaftLogWorker] INFO  segmented.SegmentedRaftLogWorker (SegmentedRaftLogWorker.java:execute(656)) - 86658d9d-b609-4403-bc8a-bf059dbdbb67@group-C2A56A5A39AA-SegmentedRaftLogWorker: created new log segment /home/runner/work/ozone/ozone/hadoop-ozone/integration-test/target/test-dir/MiniOzoneClusterImpl-59fd4bbb-78e8-4c50-bd4e-19e5c7f0d0cd/datanode-1/data/ratis/f1a390e2-8bbb-41d2-9b09-c2a56a5a39aa/current/log_inprogress_0
2022-10-25 12:15:32,377 [6534404f-39f4-445c-b85e-518a348dbff3@group-C2A56A5A39AA-SegmentedRaftLogWorker] INFO  segmented.SegmentedRaftLogWorker (SegmentedRaftLogWorker.java:execute(656)) - 6534404f-39f4-445c-b85e-518a348dbff3@group-C2A56A5A39AA-SegmentedRaftLogWorker: created new log segment /home/runner/work/ozone/ozone/hadoop-ozone/integration-test/target/test-dir/MiniOzoneClusterImpl-59fd4bbb-78e8-4c50-bd4e-19e5c7f0d0cd/datanode-0/data/ratis/f1a390e2-8bbb-41d2-9b09-c2a56a5a39aa/current/log_inprogress_0
2022-10-25 12:15:32,418 [grpc-default-executor-1] WARN  server.GrpcLogAppender (LogUtils.java:warn(122)) - 0a1cfcca-7ba7-43aa-b517-08505af7a09b@group-D1CF6F441345->86ba6119-8a76-46a4-9f38-747fe10c9207-AppendLogResponseHandler: Failed appendEntries: org.apache.ratis.thirdparty.io.grpc.StatusRuntimeException: UNAVAILABLE: io exception
2022-10-25 12:15:32,422 [grpc-default-executor-0] WARN  server.GrpcLogAppender (LogUtils.java:warn(122)) - 0a1cfcca-7ba7-43aa-b517-08505af7a09b@group-D1CF6F441345->86ba6119-8a76-46a4-9f38-747fe10c9207-AppendLogResponseHandler: Failed appendEntries: org.apache.ratis.thirdparty.io.grpc.StatusRuntimeException: UNAVAILABLE: io exception
2022-10-25 12:15:32,423 [grpc-default-executor-1] WARN  server.GrpcLogAppender (GrpcLogAppender.java:resetClient(131)) - 0a1cfcca-7ba7-43aa-b517-08505af7a09b@group-D1CF6F441345->86ba6119-8a76-46a4-9f38-747fe10c9207-GrpcLogAppender: Leader has not got in touch with Follower 0a1cfcca-7ba7-43aa-b517-08505af7a09b@group-D1CF6F441345->86ba6119-8a76-46a4-9f38-747fe10c9207(c0,m0,n1, attendVote=true, lastRpcSendTime=2582, lastRpcResponseTime=2517) yet, just keep nextIndex unchanged and retry.
2022-10-25 12:15:32,424 [grpc-default-executor-0] WARN  server.GrpcLogAppender (GrpcLogAppender.java:resetClient(131)) - 0a1cfcca-7ba7-43aa-b517-08505af7a09b@group-D1CF6F441345->86ba6119-8a76-46a4-9f38-747fe10c9207-GrpcLogAppender: Leader has not got in touch with Follower 0a1cfcca-7ba7-43aa-b517-08505af7a09b@group-D1CF6F441345->86ba6119-8a76-46a4-9f38-747fe10c9207(c0,m0,n1, attendVote=true, lastRpcSendTime=2584, lastRpcResponseTime=2518) yet, just keep nextIndex unchanged and retry.
2022-10-25 12:15:32,429 [grpc-default-executor-0] WARN  server.GrpcLogAppender (LogUtils.java:warn(122)) - 0a1cfcca-7ba7-43aa-b517-08505af7a09b@group-D1CF6F441345->86ba6119-8a76-46a4-9f38-747fe10c9207-AppendLogResponseHandler: Failed appendEntries: org.apache.ratis.thirdparty.io.grpc.StatusRuntimeException: UNAVAILABLE: io exception
2022-10-25 12:15:32,431 [grpc-default-executor-1] WARN  server.GrpcLogAppender (LogUtils.java:warn(122)) - 0a1cfcca-7ba7-43aa-b517-08505af7a09b@group-D1CF6F441345->86ba6119-8a76-46a4-9f38-747fe10c9207-AppendLogResponseHandler: Failed appendEntries: org.apache.ratis.thirdparty.io.grpc.StatusRuntimeException: UNAVAILABLE: io exception
2022-10-25 12:15:32,431 [grpc-default-executor-0] WARN  server.GrpcLogAppender (GrpcLogAppender.java:resetClient(131)) - 0a1cfcca-7ba7-43aa-b517-08505af7a09b@group-D1CF6F441345->86ba6119-8a76-46a4-9f38-747fe10c9207-GrpcLogAppender: Leader has not got in touch with Follower 0a1cfcca-7ba7-43aa-b517-08505af7a09b@group-D1CF6F441345->86ba6119-8a76-46a4-9f38-747fe10c9207(c0,m0,n1, attendVote=true, lastRpcSendTime=2, lastRpcResponseTime=2525) yet, just keep nextIndex unchanged and retry.
2022-10-25 12:15:32,432 [grpc-default-executor-1] WARN  server.GrpcLogAppender (GrpcLogAppender.java:resetClient(131)) - 0a1cfcca-7ba7-43aa-b517-08505af7a09b@group-D1CF6F441345->86ba6119-8a76-46a4-9f38-747fe10c9207-GrpcLogAppender: Leader has not got in touch with Follower 0a1cfcca-7ba7-43aa-b517-08505af7a09b@group-D1CF6F441345->86ba6119-8a76-46a4-9f38-747fe10c9207(c0,m0,n1, attendVote=true, lastRpcSendTime=3, lastRpcResponseTime=2526) yet, just keep nextIndex unchanged and retry.
2022-10-25 12:15:33,062 [6534404f-39f4-445c-b85e-518a348dbff3@group-CE71C629F99F-FollowerState] INFO  server.RaftServerConfigKeys (ConfUtils.java:logFallback(53)) - raft.server.rpc.first-election.timeout.min = 5s (fallback to raft.server.rpc.timeout.min)
2022-10-25 12:15:33,062 [6534404f-39f4-445c-b85e-518a348dbff3@group-CE71C629F99F-FollowerState] INFO  server.RaftServerConfigKeys (ConfUtils.java:logFallback(53)) - raft.server.rpc.first-election.timeout.max = 5200ms (fallback to raft.server.rpc.timeout.max)
2022-10-25 12:15:33,152 [86658d9d-b609-4403-bc8a-bf059dbdbb67@group-CE71C629F99F-FollowerState] INFO  impl.FollowerState (FollowerState.java:run(143)) - 86658d9d-b609-4403-bc8a-bf059dbdbb67@group-CE71C629F99F-FollowerState: change to CANDIDATE, lastRpcElapsedTime:5121560767ns, electionTimeout:5111ms
2022-10-25 12:15:33,152 [86658d9d-b609-4403-bc8a-bf059dbdbb67@group-CE71C629F99F-FollowerState] INFO  impl.RoleInfo (RoleInfo.java:shutdownFollowerState(110)) - 86658d9d-b609-4403-bc8a-bf059dbdbb67: shutdown 86658d9d-b609-4403-bc8a-bf059dbdbb67@group-CE71C629F99F-FollowerState
2022-10-25 12:15:33,152 [86658d9d-b609-4403-bc8a-bf059dbdbb67@group-CE71C629F99F-FollowerState] INFO  server.RaftServer$Division (RaftServerImpl.java:setRole(321)) - 86658d9d-b609-4403-bc8a-bf059dbdbb67@group-CE71C629F99F: changes role from  FOLLOWER to CANDIDATE at term 2 for changeToCandidate
2022-10-25 12:15:33,153 [86658d9d-b609-4403-bc8a-bf059dbdbb67@group-CE71C629F99F-FollowerState] INFO  server.RaftServerConfigKeys (ConfUtils.java:logGet(46)) - raft.server.leaderelection.pre-vote = false (custom)
2022-10-25 12:15:33,153 [86658d9d-b609-4403-bc8a-bf059dbdbb67@group-CE71C629F99F-FollowerState] INFO  impl.RoleInfo (RoleInfo.java:updateAndGet(139)) - 86658d9d-b609-4403-bc8a-bf059dbdbb67: start 86658d9d-b609-4403-bc8a-bf059dbdbb67@group-CE71C629F99F-LeaderElection31
2022-10-25 12:15:33,160 [86658d9d-b609-4403-bc8a-bf059dbdbb67@group-CE71C629F99F-LeaderElection31] INFO  impl.LeaderElection (LeaderElection.java:askForVotes(312)) - 86658d9d-b609-4403-bc8a-bf059dbdbb67@group-CE71C629F99F-LeaderElection31 ELECTION round 0: submit vote requests at term 3 for -1: peers:[86658d9d-b609-4403-bc8a-bf059dbdbb67|rpc:10.1.1.43:34601|priority:1|startupRole:FOLLOWER, 0c76121b-7d6b-4708-9ae8-9ff4448060b7|rpc:10.1.1.43:35675|priority:0|startupRole:FOLLOWER, 6534404f-39f4-445c-b85e-518a348dbff3|rpc:10.1.1.43:42177|priority:0|startupRole:FOLLOWER]|listeners:[], old=null
2022-10-25 12:15:33,160 [86658d9d-b609-4403-bc8a-bf059dbdbb67@group-CE71C629F99F-LeaderElection31-1] INFO  server.GrpcServerProtocolClient (GrpcServerProtocolClient.java:<init>(63)) - Build channel for 0c76121b-7d6b-4708-9ae8-9ff4448060b7
2022-10-25 12:15:33,164 [86658d9d-b609-4403-bc8a-bf059dbdbb67@group-CE71C629F99F-LeaderElection31] INFO  server.RaftServerConfigKeys (ConfUtils.java:logFallback(53)) - raft.server.rpc.first-election.timeout.min = 5s (fallback to raft.server.rpc.timeout.min)
2022-10-25 12:15:33,164 [86658d9d-b609-4403-bc8a-bf059dbdbb67@group-CE71C629F99F-LeaderElection31] INFO  server.RaftServerConfigKeys (ConfUtils.java:logFallback(53)) - raft.server.rpc.first-election.timeout.max = 5200ms (fallback to raft.server.rpc.timeout.max)
2022-10-25 12:15:33,165 [86658d9d-b609-4403-bc8a-bf059dbdbb67@group-CE71C629F99F-LeaderElection31-2] INFO  server.GrpcServerProtocolClient (GrpcServerProtocolClient.java:<init>(63)) - Build channel for 6534404f-39f4-445c-b85e-518a348dbff3
2022-10-25 12:15:33,168 [grpc-default-executor-1] INFO  server.RaftServer$Division (RaftServerImpl.java:requestVote(1218)) - 0c76121b-7d6b-4708-9ae8-9ff4448060b7@group-CE71C629F99F: receive requestVote(ELECTION, 86658d9d-b609-4403-bc8a-bf059dbdbb67, group-CE71C629F99F, 3, (t:0, i:0))
2022-10-25 12:15:33,168 [grpc-default-executor-1] INFO  impl.VoteContext (VoteContext.java:log(48)) - 0c76121b-7d6b-4708-9ae8-9ff4448060b7@group-CE71C629F99F-FOLLOWER: accept ELECTION from 86658d9d-b609-4403-bc8a-bf059dbdbb67: our priority 0 <= candidate's priority 1
2022-10-25 12:15:33,168 [grpc-default-executor-1] INFO  server.RaftServer$Division (RaftServerImpl.java:setRole(321)) - 0c76121b-7d6b-4708-9ae8-9ff4448060b7@group-CE71C629F99F: changes role from  FOLLOWER to FOLLOWER at term 3 for candidate:86658d9d-b609-4403-bc8a-bf059dbdbb67
2022-10-25 12:15:33,168 [grpc-default-executor-1] INFO  impl.RoleInfo (RoleInfo.java:shutdownFollowerState(110)) - 0c76121b-7d6b-4708-9ae8-9ff4448060b7: shutdown 0c76121b-7d6b-4708-9ae8-9ff4448060b7@group-CE71C629F99F-FollowerState
2022-10-25 12:15:33,168 [grpc-default-executor-1] INFO  impl.RoleInfo (RoleInfo.java:updateAndGet(139)) - 0c76121b-7d6b-4708-9ae8-9ff4448060b7: start 0c76121b-7d6b-4708-9ae8-9ff4448060b7@group-CE71C629F99F-FollowerState
2022-10-25 12:15:33,168 [0c76121b-7d6b-4708-9ae8-9ff4448060b7@group-CE71C629F99F-FollowerState] INFO  impl.FollowerState (FollowerState.java:run(152)) - 0c76121b-7d6b-4708-9ae8-9ff4448060b7@group-CE71C629F99F-FollowerState was interrupted
2022-10-25 12:15:33,171 [0c76121b-7d6b-4708-9ae8-9ff4448060b7@group-CE71C629F99F-FollowerState] INFO  server.RaftServerConfigKeys (ConfUtils.java:logFallback(53)) - raft.server.rpc.first-election.timeout.min = 5s (fallback to raft.server.rpc.timeout.min)
2022-10-25 12:15:33,171 [0c76121b-7d6b-4708-9ae8-9ff4448060b7@group-CE71C629F99F-FollowerState] INFO  server.RaftServerConfigKeys (ConfUtils.java:logFallback(53)) - raft.server.rpc.first-election.timeout.max = 5200ms (fallback to raft.server.rpc.timeout.max)
2022-10-25 12:15:33,172 [grpc-default-executor-1] INFO  server.RaftServer$Division (RaftServerImpl.java:requestVote(1251)) - 0c76121b-7d6b-4708-9ae8-9ff4448060b7@group-CE71C629F99F replies to ELECTION vote request: 86658d9d-b609-4403-bc8a-bf059dbdbb67<-0c76121b-7d6b-4708-9ae8-9ff4448060b7#0:OK-t3. Peer's state: 0c76121b-7d6b-4708-9ae8-9ff4448060b7@group-CE71C629F99F:t3, leader=null, voted=86658d9d-b609-4403-bc8a-bf059dbdbb67, raftlog=Memoized:0c76121b-7d6b-4708-9ae8-9ff4448060b7@group-CE71C629F99F-SegmentedRaftLog:OPENED:c-1, conf=-1: peers:[86658d9d-b609-4403-bc8a-bf059dbdbb67|rpc:10.1.1.43:34601|dataStream:|priority:1|startupRole:FOLLOWER, 0c76121b-7d6b-4708-9ae8-9ff4448060b7|rpc:10.1.1.43:35675|dataStream:|priority:0|startupRole:FOLLOWER, 6534404f-39f4-445c-b85e-518a348dbff3|rpc:10.1.1.43:42177|dataStream:|priority:0|startupRole:FOLLOWER]|listeners:[], old=null
2022-10-25 12:15:33,174 [86658d9d-b609-4403-bc8a-bf059dbdbb67@group-CE71C629F99F-LeaderElection31] INFO  impl.LeaderElection (LeaderElection.java:logAndReturn(90)) - 86658d9d-b609-4403-bc8a-bf059dbdbb67@group-CE71C629F99F-LeaderElection31: ELECTION PASSED received 1 response(s) and 0 exception(s):
2022-10-25 12:15:33,174 [86658d9d-b609-4403-bc8a-bf059dbdbb67@group-CE71C629F99F-LeaderElection31] INFO  impl.LeaderElection (LeaderElection.java:logAndReturn(94)) -   Response 0: 86658d9d-b609-4403-bc8a-bf059dbdbb67<-0c76121b-7d6b-4708-9ae8-9ff4448060b7#0:OK-t3
2022-10-25 12:15:33,174 [86658d9d-b609-4403-bc8a-bf059dbdbb67@group-CE71C629F99F-LeaderElection31] INFO  impl.LeaderElection (LeaderElection.java:askForVotes(314)) - 86658d9d-b609-4403-bc8a-bf059dbdbb67@group-CE71C629F99F-LeaderElection31 ELECTION round 0: result PASSED
2022-10-25 12:15:33,174 [86658d9d-b609-4403-bc8a-bf059dbdbb67@group-CE71C629F99F-LeaderElection31] INFO  impl.RoleInfo (RoleInfo.java:shutdownLeaderElection(130)) - 86658d9d-b609-4403-bc8a-bf059dbdbb67: shutdown 86658d9d-b609-4403-bc8a-bf059dbdbb67@group-CE71C629F99F-LeaderElection31
2022-10-25 12:15:33,174 [86658d9d-b609-4403-bc8a-bf059dbdbb67@group-CE71C629F99F-LeaderElection31] INFO  server.RaftServer$Division (RaftServerImpl.java:setRole(321)) - 86658d9d-b609-4403-bc8a-bf059dbdbb67@group-CE71C629F99F: changes role from CANDIDATE to LEADER at term 3 for changeToLeader
2022-10-25 12:15:33,174 [86658d9d-b609-4403-bc8a-bf059dbdbb67@group-CE71C629F99F-LeaderElection31] INFO  ratis.XceiverServerRatis (XceiverServerRatis.java:handleLeaderChangedNotification(863)) - Leader change notification received for group: group-CE71C629F99F with new leaderId: 86658d9d-b609-4403-bc8a-bf059dbdbb67
2022-10-25 12:15:33,175 [86658d9d-b609-4403-bc8a-bf059dbdbb67@group-CE71C629F99F-LeaderElection31] INFO  server.RaftServer$Division (ServerState.java:setLeader(313)) - 86658d9d-b609-4403-bc8a-bf059dbdbb67@group-CE71C629F99F: change Leader from null to 86658d9d-b609-4403-bc8a-bf059dbdbb67 at term 3 for becomeLeader, leader elected after 15349ms
2022-10-25 12:15:33,175 [86658d9d-b609-4403-bc8a-bf059dbdbb67@group-CE71C629F99F-LeaderElection31] INFO  server.RaftServerConfigKeys (ConfUtils.java:logGet(46)) - raft.server.staging.catchup.gap = 1000 (default)
2022-10-25 12:15:33,175 [86658d9d-b609-4403-bc8a-bf059dbdbb67@group-CE71C629F99F-LeaderElection31] INFO  server.RaftServerConfigKeys (ConfUtils.java:logGet(46)) - raft.server.write.element-limit = 1024 (custom)
2022-10-25 12:15:33,175 [86658d9d-b609-4403-bc8a-bf059dbdbb67@group-CE71C629F99F-LeaderElection31] INFO  server.RaftServerConfigKeys (ConfUtils.java:logGet(46)) - raft.server.write.byte-limit = 1024 M (=1073741824) (custom)
2022-10-25 12:15:33,175 [86658d9d-b609-4403-bc8a-bf059dbdbb67@group-CE71C629F99F-LeaderElection31] INFO  server.RaftServerConfigKeys (ConfUtils.java:logGet(46)) - raft.server.watch.timeout = 180s (custom)
2022-10-25 12:15:33,176 [86658d9d-b609-4403-bc8a-bf059dbdbb67@group-CE71C629F99F-LeaderElection31] INFO  server.RaftServerConfigKeys (ConfUtils.java:logGet(46)) - raft.server.watch.timeout.denomination = 1s (default)
2022-10-25 12:15:33,176 [86658d9d-b609-4403-bc8a-bf059dbdbb67@group-CE71C629F99F-LeaderElection31] INFO  server.RaftServerConfigKeys (ConfUtils.java:logGet(46)) - raft.server.watch.element-limit = 65536 (default)
2022-10-25 12:15:33,176 [86658d9d-b609-4403-bc8a-bf059dbdbb67@group-CE71C629F99F-LeaderElection31] INFO  server.RaftServerConfigKeys (ConfUtils.java:logGet(46)) - raft.server.write.element-limit = 1024 (custom)
2022-10-25 12:15:33,176 [86658d9d-b609-4403-bc8a-bf059dbdbb67@group-CE71C629F99F-LeaderElection31] INFO  server.RaftServerConfigKeys (ConfUtils.java:logGet(46)) - raft.server.write.follower.gap.ratio.max = -1.0 (default)
2022-10-25 12:15:33,176 [86658d9d-b609-4403-bc8a-bf059dbdbb67@group-CE71C629F99F-LeaderElection31] INFO  server.RaftServerConfigKeys (ConfUtils.java:logGet(46)) - raft.server.log.appender.snapshot.chunk.size.max = 16MB (=16777216) (default)
2022-10-25 12:15:33,176 [86658d9d-b609-4403-bc8a-bf059dbdbb67@group-CE71C629F99F-LeaderElection31] INFO  server.RaftServerConfigKeys (ConfUtils.java:logGet(46)) - raft.server.log.appender.buffer.byte-limit = 33554432 (custom)
2022-10-25 12:15:33,176 [86658d9d-b609-4403-bc8a-bf059dbdbb67@group-CE71C629F99F-LeaderElection31] INFO  server.RaftServerConfigKeys (ConfUtils.java:logGet(46)) - raft.server.log.appender.buffer.element-limit = 1 (custom)
2022-10-25 12:15:33,177 [86658d9d-b609-4403-bc8a-bf059dbdbb67@group-CE71C629F99F-LeaderElection31] INFO  grpc.GrpcConfigKeys (ConfUtils.java:logGet(46)) - raft.grpc.server.leader.outstanding.appends.max = 128 (default)
2022-10-25 12:15:33,177 [86658d9d-b609-4403-bc8a-bf059dbdbb67@group-CE71C629F99F-LeaderElection31] INFO  server.RaftServerConfigKeys (ConfUtils.java:logGet(46)) - raft.server.rpc.request.timeout = 60s (custom)
2022-10-25 12:15:33,177 [86658d9d-b609-4403-bc8a-bf059dbdbb67@group-CE71C629F99F-LeaderElection31] INFO  server.RaftServerConfigKeys (ConfUtils.java:logGet(46)) - raft.server.log.appender.install.snapshot.enabled = false (custom)
2022-10-25 12:15:33,177 [86658d9d-b609-4403-bc8a-bf059dbdbb67@group-CE71C629F99F-LeaderElection31] INFO  grpc.GrpcConfigKeys (ConfUtils.java:logGet(46)) - raft.grpc.server.heartbeat.channel = true (default)
2022-10-25 12:15:33,177 [86658d9d-b609-4403-bc8a-bf059dbdbb67@group-CE71C629F99F-LeaderElection31] INFO  server.RaftServerConfigKeys (ConfUtils.java:logGet(46)) - raft.server.log.appender.wait-time.min = 10ms (default)
2022-10-25 12:15:33,178 [86658d9d-b609-4403-bc8a-bf059dbdbb67@group-CE71C629F99F-LeaderElection31] INFO  server.RaftServerConfigKeys (ConfUtils.java:logGet(46)) - raft.server.log.appender.snapshot.chunk.size.max = 16MB (=16777216) (default)
2022-10-25 12:15:33,178 [86658d9d-b609-4403-bc8a-bf059dbdbb67@group-CE71C629F99F-LeaderElection31] INFO  server.RaftServerConfigKeys (ConfUtils.java:logGet(46)) - raft.server.log.appender.buffer.byte-limit = 33554432 (custom)
2022-10-25 12:15:33,178 [86658d9d-b609-4403-bc8a-bf059dbdbb67@group-CE71C629F99F-LeaderElection31] INFO  server.RaftServerConfigKeys (ConfUtils.java:logGet(46)) - raft.server.log.appender.buffer.element-limit = 1 (custom)
2022-10-25 12:15:33,179 [86658d9d-b609-4403-bc8a-bf059dbdbb67@group-CE71C629F99F-LeaderElection31] INFO  grpc.GrpcConfigKeys (ConfUtils.java:logGet(46)) - raft.grpc.server.leader.outstanding.appends.max = 128 (default)
2022-10-25 12:15:33,179 [86658d9d-b609-4403-bc8a-bf059dbdbb67@group-CE71C629F99F-LeaderElection31] INFO  server.RaftServerConfigKeys (ConfUtils.java:logGet(46)) - raft.server.rpc.request.timeout = 60s (custom)
2022-10-25 12:15:33,179 [86658d9d-b609-4403-bc8a-bf059dbdbb67@group-CE71C629F99F-LeaderElection31] INFO  server.RaftServerConfigKeys (ConfUtils.java:logGet(46)) - raft.server.log.appender.install.snapshot.enabled = false (custom)
2022-10-25 12:15:33,179 [86658d9d-b609-4403-bc8a-bf059dbdbb67@group-CE71C629F99F-LeaderElection31] INFO  grpc.GrpcConfigKeys (ConfUtils.java:logGet(46)) - raft.grpc.server.heartbeat.channel = true (default)
2022-10-25 12:15:33,179 [86658d9d-b609-4403-bc8a-bf059dbdbb67@group-CE71C629F99F-LeaderElection31] INFO  server.RaftServerConfigKeys (ConfUtils.java:logGet(46)) - raft.server.log.appender.wait-time.min = 10ms (default)
2022-10-25 12:15:33,179 [EventQueue-PipelineReportForPipelineReportHandler] INFO  pipeline.PipelineManagerImpl (PipelineManagerImpl.java:openPipeline(367)) - Pipeline Pipeline[ Id: c23ad605-34aa-4467-b59d-ce71c629f99f, Nodes: 0c76121b-7d6b-4708-9ae8-9ff4448060b7{ip: 10.1.1.43, host: fv-az82-510.ou3itxwc2spe5nxnxxppousbrf.dx.internal.cloudapp.net, ports: [REPLICATION=39861, RATIS=35675, RATIS_ADMIN=35675, RATIS_SERVER=35675, STANDALONE=32975], networkLocation: /default-rack, certSerialId: null, persistedOpState: IN_SERVICE, persistedOpStateExpiryEpochSec: 0}6534404f-39f4-445c-b85e-518a348dbff3{ip: 10.1.1.43, host: fv-az82-510.ou3itxwc2spe5nxnxxppousbrf.dx.internal.cloudapp.net, ports: [REPLICATION=46725, RATIS=42177, RATIS_ADMIN=42177, RATIS_SERVER=42177, STANDALONE=37675], networkLocation: /default-rack, certSerialId: null, persistedOpState: IN_SERVICE, persistedOpStateExpiryEpochSec: 0}86658d9d-b609-4403-bc8a-bf059dbdbb67{ip: 10.1.1.43, host: fv-az82-510.ou3itxwc2spe5nxnxxppousbrf.dx.internal.cloudapp.net, ports: [REPLICATION=46767, RATIS=34601, RATIS_ADMIN=34601, RATIS_SERVER=34601, STANDALONE=42213], networkLocation: /default-rack, certSerialId: null, persistedOpState: IN_SERVICE, persistedOpStateExpiryEpochSec: 0}, ReplicationConfig: RATIS/THREE, State:ALLOCATED, leaderId:86658d9d-b609-4403-bc8a-bf059dbdbb67, CreationTimestamp2022-10-25T12:15:14.889Z[Etc/UTC]] moved to OPEN state
2022-10-25 12:15:33,179 [86658d9d-b609-4403-bc8a-bf059dbdbb67@group-CE71C629F99F-LeaderElection31] INFO  impl.RoleInfo (RoleInfo.java:updateAndGet(139)) - 86658d9d-b609-4403-bc8a-bf059dbdbb67: start 86658d9d-b609-4403-bc8a-bf059dbdbb67@group-CE71C629F99F-LeaderStateImpl
2022-10-25 12:15:33,181 [grpc-default-executor-1] INFO  server.RaftServer$Division (RaftServerImpl.java:requestVote(1218)) - 6534404f-39f4-445c-b85e-518a348dbff3@group-CE71C629F99F: receive requestVote(ELECTION, 86658d9d-b609-4403-bc8a-bf059dbdbb67, group-CE71C629F99F, 3, (t:0, i:0))
2022-10-25 12:15:33,181 [grpc-default-executor-1] INFO  impl.VoteContext (VoteContext.java:log(48)) - 6534404f-39f4-445c-b85e-518a348dbff3@group-CE71C629F99F-FOLLOWER: accept ELECTION from 86658d9d-b609-4403-bc8a-bf059dbdbb67: our priority 0 <= candidate's priority 1
2022-10-25 12:15:33,181 [grpc-default-executor-1] INFO  server.RaftServer$Division (RaftServerImpl.java:setRole(321)) - 6534404f-39f4-445c-b85e-518a348dbff3@group-CE71C629F99F: changes role from  FOLLOWER to FOLLOWER at term 3 for candidate:86658d9d-b609-4403-bc8a-bf059dbdbb67
2022-10-25 12:15:33,181 [grpc-default-executor-1] INFO  impl.RoleInfo (RoleInfo.java:shutdownFollowerState(110)) - 6534404f-39f4-445c-b85e-518a348dbff3: shutdown 6534404f-39f4-445c-b85e-518a348dbff3@group-CE71C629F99F-FollowerState
2022-10-25 12:15:33,181 [6534404f-39f4-445c-b85e-518a348dbff3@group-CE71C629F99F-FollowerState] INFO  impl.FollowerState (FollowerState.java:run(152)) - 6534404f-39f4-445c-b85e-518a348dbff3@group-CE71C629F99F-FollowerState was interrupted
2022-10-25 12:15:33,186 [grpc-default-executor-1] INFO  impl.RoleInfo (RoleInfo.java:updateAndGet(139)) - 6534404f-39f4-445c-b85e-518a348dbff3: start 6534404f-39f4-445c-b85e-518a348dbff3@group-CE71C629F99F-FollowerState
2022-10-25 12:15:33,191 [6534404f-39f4-445c-b85e-518a348dbff3@group-CE71C629F99F-FollowerState] INFO  server.RaftServerConfigKeys (ConfUtils.java:logFallback(53)) - raft.server.rpc.first-election.timeout.min = 5s (fallback to raft.server.rpc.timeout.min)
2022-10-25 12:15:33,191 [6534404f-39f4-445c-b85e-518a348dbff3@group-CE71C629F99F-FollowerState] INFO  server.RaftServerConfigKeys (ConfUtils.java:logFallback(53)) - raft.server.rpc.first-election.timeout.max = 5200ms (fallback to raft.server.rpc.timeout.max)
2022-10-25 12:15:33,192 [grpc-default-executor-1] INFO  server.RaftServer$Division (RaftServerImpl.java:requestVote(1251)) - 6534404f-39f4-445c-b85e-518a348dbff3@group-CE71C629F99F replies to ELECTION vote request: 86658d9d-b609-4403-bc8a-bf059dbdbb67<-6534404f-39f4-445c-b85e-518a348dbff3#0:OK-t3. Peer's state: 6534404f-39f4-445c-b85e-518a348dbff3@group-CE71C629F99F:t3, leader=null, voted=86658d9d-b609-4403-bc8a-bf059dbdbb67, raftlog=Memoized:6534404f-39f4-445c-b85e-518a348dbff3@group-CE71C629F99F-SegmentedRaftLog:OPENED:c-1, conf=-1: peers:[86658d9d-b609-4403-bc8a-bf059dbdbb67|rpc:10.1.1.43:34601|priority:1|startupRole:FOLLOWER, 0c76121b-7d6b-4708-9ae8-9ff4448060b7|rpc:10.1.1.43:35675|priority:0|startupRole:FOLLOWER, 6534404f-39f4-445c-b85e-518a348dbff3|rpc:10.1.1.43:42177|priority:0|startupRole:FOLLOWER]|listeners:[], old=null
2022-10-25 12:15:33,194 [86658d9d-b609-4403-bc8a-bf059dbdbb67@group-CE71C629F99F-LeaderElection31] INFO  segmented.SegmentedRaftLogWorker (SegmentedRaftLogWorker.java:startLogSegment(452)) - 86658d9d-b609-4403-bc8a-bf059dbdbb67@group-CE71C629F99F-SegmentedRaftLogWorker: Starting segment from index:0
2022-10-25 12:15:33,196 [86658d9d-b609-4403-bc8a-bf059dbdbb67@group-CE71C629F99F-SegmentedRaftLogWorker] INFO  segmented.SegmentedRaftLogWorker (SegmentedRaftLogWorker.java:execute(656)) - 86658d9d-b609-4403-bc8a-bf059dbdbb67@group-CE71C629F99F-SegmentedRaftLogWorker: created new log segment /home/runner/work/ozone/ozone/hadoop-ozone/integration-test/target/test-dir/MiniOzoneClusterImpl-59fd4bbb-78e8-4c50-bd4e-19e5c7f0d0cd/datanode-1/data/ratis/c23ad605-34aa-4467-b59d-ce71c629f99f/current/log_inprogress_0
2022-10-25 12:15:33,204 [86658d9d-b609-4403-bc8a-bf059dbdbb67@group-CE71C629F99F-LeaderElection31] INFO  server.RaftServer$Division (ServerState.java:setRaftConf(430)) - 86658d9d-b609-4403-bc8a-bf059dbdbb67@group-CE71C629F99F: set configuration 0: peers:[86658d9d-b609-4403-bc8a-bf059dbdbb67|rpc:10.1.1.43:34601|dataStream:|priority:1|startupRole:FOLLOWER, 0c76121b-7d6b-4708-9ae8-9ff4448060b7|rpc:10.1.1.43:35675|dataStream:|priority:0|startupRole:FOLLOWER, 6534404f-39f4-445c-b85e-518a348dbff3|rpc:10.1.1.43:42177|dataStream:|priority:0|startupRole:FOLLOWER]|listeners:[], old=null
2022-10-25 12:15:33,211 [0c76121b-7d6b-4708-9ae8-9ff4448060b7-server-thread1] INFO  ratis.XceiverServerRatis (XceiverServerRatis.java:handleLeaderChangedNotification(863)) - Leader change notification received for group: group-CE71C629F99F with new leaderId: 86658d9d-b609-4403-bc8a-bf059dbdbb67
2022-10-25 12:15:33,211 [0c76121b-7d6b-4708-9ae8-9ff4448060b7-server-thread1] INFO  server.RaftServer$Division (ServerState.java:setLeader(313)) - 0c76121b-7d6b-4708-9ae8-9ff4448060b7@group-CE71C629F99F: change Leader from null to 86658d9d-b609-4403-bc8a-bf059dbdbb67 at term 3 for appendEntries, leader elected after 15354ms
2022-10-25 12:15:33,212 [0c76121b-7d6b-4708-9ae8-9ff4448060b7-server-thread1] INFO  server.RaftServer$Division (ServerState.java:setRaftConf(430)) - 0c76121b-7d6b-4708-9ae8-9ff4448060b7@group-CE71C629F99F: set configuration 0: peers:[86658d9d-b609-4403-bc8a-bf059dbdbb67|rpc:10.1.1.43:34601|dataStream:|priority:1|startupRole:FOLLOWER, 0c76121b-7d6b-4708-9ae8-9ff4448060b7|rpc:10.1.1.43:35675|dataStream:|priority:0|startupRole:FOLLOWER, 6534404f-39f4-445c-b85e-518a348dbff3|rpc:10.1.1.43:42177|dataStream:|priority:0|startupRole:FOLLOWER]|listeners:[], old=null
2022-10-25 12:15:33,212 [0c76121b-7d6b-4708-9ae8-9ff4448060b7-server-thread1] INFO  segmented.SegmentedRaftLogWorker (SegmentedRaftLogWorker.java:startLogSegment(452)) - 0c76121b-7d6b-4708-9ae8-9ff4448060b7@group-CE71C629F99F-SegmentedRaftLogWorker: Starting segment from index:0
2022-10-25 12:15:33,214 [0c76121b-7d6b-4708-9ae8-9ff4448060b7@group-CE71C629F99F-SegmentedRaftLogWorker] INFO  segmented.SegmentedRaftLogWorker (SegmentedRaftLogWorker.java:execute(656)) - 0c76121b-7d6b-4708-9ae8-9ff4448060b7@group-CE71C629F99F-SegmentedRaftLogWorker: created new log segment /home/runner/work/ozone/ozone/hadoop-ozone/integration-test/target/test-dir/MiniOzoneClusterImpl-59fd4bbb-78e8-4c50-bd4e-19e5c7f0d0cd/datanode-2/data/ratis/c23ad605-34aa-4467-b59d-ce71c629f99f/current/log_inprogress_0
2022-10-25 12:15:33,227 [6534404f-39f4-445c-b85e-518a348dbff3-server-thread1] INFO  ratis.XceiverServerRatis (XceiverServerRatis.java:handleLeaderChangedNotification(863)) - Leader change notification received for group: group-CE71C629F99F with new leaderId: 86658d9d-b609-4403-bc8a-bf059dbdbb67
2022-10-25 12:15:33,227 [6534404f-39f4-445c-b85e-518a348dbff3-server-thread1] INFO  server.RaftServer$Division (ServerState.java:setLeader(313)) - 6534404f-39f4-445c-b85e-518a348dbff3@group-CE71C629F99F: change Leader from null to 86658d9d-b609-4403-bc8a-bf059dbdbb67 at term 3 for appendEntries, leader elected after 15461ms
2022-10-25 12:15:33,232 [6534404f-39f4-445c-b85e-518a348dbff3-server-thread1] INFO  server.RaftServer$Division (ServerState.java:setRaftConf(430)) - 6534404f-39f4-445c-b85e-518a348dbff3@group-CE71C629F99F: set configuration 0: peers:[86658d9d-b609-4403-bc8a-bf059dbdbb67|rpc:10.1.1.43:34601|dataStream:|priority:1|startupRole:FOLLOWER, 0c76121b-7d6b-4708-9ae8-9ff4448060b7|rpc:10.1.1.43:35675|dataStream:|priority:0|startupRole:FOLLOWER, 6534404f-39f4-445c-b85e-518a348dbff3|rpc:10.1.1.43:42177|dataStream:|priority:0|startupRole:FOLLOWER]|listeners:[], old=null
2022-10-25 12:15:33,232 [6534404f-39f4-445c-b85e-518a348dbff3-server-thread1] INFO  segmented.SegmentedRaftLogWorker (SegmentedRaftLogWorker.java:startLogSegment(452)) - 6534404f-39f4-445c-b85e-518a348dbff3@group-CE71C629F99F-SegmentedRaftLogWorker: Starting segment from index:0
2022-10-25 12:15:33,234 [6534404f-39f4-445c-b85e-518a348dbff3@group-CE71C629F99F-SegmentedRaftLogWorker] INFO  segmented.SegmentedRaftLogWorker (SegmentedRaftLogWorker.java:execute(656)) - 6534404f-39f4-445c-b85e-518a348dbff3@group-CE71C629F99F-SegmentedRaftLogWorker: created new log segment /home/runner/work/ozone/ozone/hadoop-ozone/integration-test/target/test-dir/MiniOzoneClusterImpl-59fd4bbb-78e8-4c50-bd4e-19e5c7f0d0cd/datanode-0/data/ratis/c23ad605-34aa-4467-b59d-ce71c629f99f/current/log_inprogress_0
2022-10-25 12:15:33,240 [Listener at 127.0.0.1/33161] INFO  utils.BackgroundService (BackgroundService.java:shutdown(141)) - Shutting down service BlockDeletingService
2022-10-25 12:15:33,241 [Listener at 127.0.0.1/33161] INFO  utils.BackgroundService (BackgroundService.java:shutdown(141)) - Shutting down service StaleRecoveringContainerScrubbingService
2022-10-25 12:15:33,248 [Listener at 127.0.0.1/33161] INFO  statemachine.DatanodeStateMachine (DatanodeStateMachine.java:stopDaemon(586)) - Ozone container server stopped.
2022-10-25 12:15:33,258 [Listener at 127.0.0.1/33161] INFO  handler.ContextHandler (ContextHandler.java:doStop(1153)) - Stopped o.e.j.w.WebAppContext@3f498899{hddsDatanode,/,null,STOPPED}{jar:file:/home/runner/.m2/repository/org/apache/ozone/hdds-container-service/1.3.0-SNAPSHOT/hdds-container-service-1.3.0-SNAPSHOT.jar!/webapps/hddsDatanode}
2022-10-25 12:15:33,265 [Listener at 127.0.0.1/33161] INFO  server.AbstractConnector (AbstractConnector.java:doStop(381)) - Stopped ServerConnector@6e96492b{HTTP/1.1, (http/1.1)}{0.0.0.0:0}
2022-10-25 12:15:33,265 [Listener at 127.0.0.1/33161] INFO  server.session (HouseKeeper.java:stopScavenging(149)) - node0 Stopped scavenging
2022-10-25 12:15:33,266 [Listener at 127.0.0.1/33161] INFO  handler.ContextHandler (ContextHandler.java:doStop(1153)) - Stopped o.e.j.s.ServletContextHandler@80ee766{static,/static,jar:file:/home/runner/.m2/repository/org/apache/ozone/hdds-container-service/1.3.0-SNAPSHOT/hdds-container-service-1.3.0-SNAPSHOT.jar!/webapps/static,STOPPED}
2022-10-25 12:15:33,266 [Listener at 127.0.0.1/33161] INFO  handler.ContextHandler (ContextHandler.java:doStop(1153)) - Stopped o.e.j.s.ServletContextHandler@2c507e20{logs,/logs,file:///home/runner/work/ozone/ozone/hadoop-ozone/integration-test/target/log,STOPPED}
2022-10-25 12:15:33,639 [d4065fed-2d66-41be-989b-4bd24a4f6517@group-670B8877836B-FollowerState] INFO  impl.FollowerState (FollowerState.java:run(143)) - d4065fed-2d66-41be-989b-4bd24a4f6517@group-670B8877836B-FollowerState: change to CANDIDATE, lastRpcElapsedTime:5041133776ns, electionTimeout:5040ms
2022-10-25 12:15:33,639 [d4065fed-2d66-41be-989b-4bd24a4f6517@group-670B8877836B-FollowerState] INFO  impl.RoleInfo (RoleInfo.java:shutdownFollowerState(110)) - d4065fed-2d66-41be-989b-4bd24a4f6517: shutdown d4065fed-2d66-41be-989b-4bd24a4f6517@group-670B8877836B-FollowerState
2022-10-25 12:15:33,639 [d4065fed-2d66-41be-989b-4bd24a4f6517@group-670B8877836B-FollowerState] INFO  server.RaftServer$Division (RaftServerImpl.java:setRole(321)) - d4065fed-2d66-41be-989b-4bd24a4f6517@group-670B8877836B: changes role from  FOLLOWER to CANDIDATE at term 2 for changeToCandidate
2022-10-25 12:15:33,639 [d4065fed-2d66-41be-989b-4bd24a4f6517@group-670B8877836B-FollowerState] INFO  server.RaftServerConfigKeys (ConfUtils.java:logGet(46)) - raft.server.leaderelection.pre-vote = false (custom)
2022-10-25 12:15:33,639 [d4065fed-2d66-41be-989b-4bd24a4f6517@group-670B8877836B-FollowerState] INFO  impl.RoleInfo (RoleInfo.java:updateAndGet(139)) - d4065fed-2d66-41be-989b-4bd24a4f6517: start d4065fed-2d66-41be-989b-4bd24a4f6517@group-670B8877836B-LeaderElection32
2022-10-25 12:15:33,645 [d4065fed-2d66-41be-989b-4bd24a4f6517@group-670B8877836B-LeaderElection32] INFO  impl.LeaderElection (LeaderElection.java:askForVotes(312)) - d4065fed-2d66-41be-989b-4bd24a4f6517@group-670B8877836B-LeaderElection32 ELECTION round 0: submit vote requests at term 3 for -1: peers:[be21c5c4-321c-411e-8ca9-5bb5909d110b|rpc:10.1.1.43:34703|dataStream:|priority:0|startupRole:FOLLOWER, d4065fed-2d66-41be-989b-4bd24a4f6517|rpc:10.1.1.43:33373|dataStream:|priority:0|startupRole:FOLLOWER, 6ce03c57-5430-4ab1-bf83-fb555d2de968|rpc:10.1.1.43:33579|dataStream:|priority:1|startupRole:FOLLOWER]|listeners:[], old=null
2022-10-25 12:15:33,646 [d4065fed-2d66-41be-989b-4bd24a4f6517@group-670B8877836B-LeaderElection32] INFO  server.RaftServerConfigKeys (ConfUtils.java:logFallback(53)) - raft.server.rpc.first-election.timeout.min = 5s (fallback to raft.server.rpc.timeout.min)
2022-10-25 12:15:33,646 [d4065fed-2d66-41be-989b-4bd24a4f6517@group-670B8877836B-LeaderElection32] INFO  server.RaftServerConfigKeys (ConfUtils.java:logFallback(53)) - raft.server.rpc.first-election.timeout.max = 5200ms (fallback to raft.server.rpc.timeout.max)
2022-10-25 12:15:33,648 [grpc-default-executor-0] INFO  server.RaftServer$Division (RaftServerImpl.java:requestVote(1218)) - be21c5c4-321c-411e-8ca9-5bb5909d110b@group-670B8877836B: receive requestVote(ELECTION, d4065fed-2d66-41be-989b-4bd24a4f6517, group-670B8877836B, 3, (t:0, i:0))
2022-10-25 12:15:33,648 [grpc-default-executor-1] INFO  server.RaftServer$Division (RaftServerImpl.java:requestVote(1218)) - 6ce03c57-5430-4ab1-bf83-fb555d2de968@group-670B8877836B: receive requestVote(ELECTION, d4065fed-2d66-41be-989b-4bd24a4f6517, group-670B8877836B, 3, (t:0, i:0))
2022-10-25 12:15:33,648 [grpc-default-executor-0] INFO  impl.VoteContext (VoteContext.java:log(48)) - be21c5c4-321c-411e-8ca9-5bb5909d110b@group-670B8877836B-FOLLOWER: accept ELECTION from d4065fed-2d66-41be-989b-4bd24a4f6517: our priority 0 <= candidate's priority 0
2022-10-25 12:15:33,650 [grpc-default-executor-0] INFO  server.RaftServer$Division (RaftServerImpl.java:setRole(321)) - be21c5c4-321c-411e-8ca9-5bb5909d110b@group-670B8877836B: changes role from  FOLLOWER to FOLLOWER at term 3 for candidate:d4065fed-2d66-41be-989b-4bd24a4f6517
2022-10-25 12:15:33,650 [grpc-default-executor-0] INFO  impl.RoleInfo (RoleInfo.java:shutdownFollowerState(110)) - be21c5c4-321c-411e-8ca9-5bb5909d110b: shutdown be21c5c4-321c-411e-8ca9-5bb5909d110b@group-670B8877836B-FollowerState
2022-10-25 12:15:33,650 [grpc-default-executor-0] INFO  impl.RoleInfo (RoleInfo.java:updateAndGet(139)) - be21c5c4-321c-411e-8ca9-5bb5909d110b: start be21c5c4-321c-411e-8ca9-5bb5909d110b@group-670B8877836B-FollowerState
2022-10-25 12:15:33,650 [grpc-default-executor-1] INFO  impl.VoteContext (VoteContext.java:log(48)) - 6ce03c57-5430-4ab1-bf83-fb555d2de968@group-670B8877836B-FOLLOWER: reject ELECTION from d4065fed-2d66-41be-989b-4bd24a4f6517: our priority 1 > candidate's priority 0
2022-10-25 12:15:33,650 [be21c5c4-321c-411e-8ca9-5bb5909d110b@group-670B8877836B-FollowerState] INFO  impl.FollowerState (FollowerState.java:run(152)) - be21c5c4-321c-411e-8ca9-5bb5909d110b@group-670B8877836B-FollowerState was interrupted
2022-10-25 12:15:33,650 [grpc-default-executor-1] INFO  server.RaftServer$Division (RaftServerImpl.java:setRole(321)) - 6ce03c57-5430-4ab1-bf83-fb555d2de968@group-670B8877836B: changes role from  FOLLOWER to FOLLOWER at term 3 for candidate:d4065fed-2d66-41be-989b-4bd24a4f6517
2022-10-25 12:15:33,650 [grpc-default-executor-1] INFO  impl.RoleInfo (RoleInfo.java:shutdownFollowerState(110)) - 6ce03c57-5430-4ab1-bf83-fb555d2de968: shutdown 6ce03c57-5430-4ab1-bf83-fb555d2de968@group-670B8877836B-FollowerState
2022-10-25 12:15:33,656 [grpc-default-executor-1] INFO  impl.RoleInfo (RoleInfo.java:updateAndGet(139)) - 6ce03c57-5430-4ab1-bf83-fb555d2de968: start 6ce03c57-5430-4ab1-bf83-fb555d2de968@group-670B8877836B-FollowerState
2022-10-25 12:15:33,657 [grpc-default-executor-0] INFO  server.RaftServer$Division (RaftServerImpl.java:requestVote(1251)) - be21c5c4-321c-411e-8ca9-5bb5909d110b@group-670B8877836B replies to ELECTION vote request: d4065fed-2d66-41be-989b-4bd24a4f6517<-be21c5c4-321c-411e-8ca9-5bb5909d110b#0:OK-t3. Peer's state: be21c5c4-321c-411e-8ca9-5bb5909d110b@group-670B8877836B:t3, leader=null, voted=d4065fed-2d66-41be-989b-4bd24a4f6517, raftlog=Memoized:be21c5c4-321c-411e-8ca9-5bb5909d110b@group-670B8877836B-SegmentedRaftLog:OPENED:c-1, conf=-1: peers:[be21c5c4-321c-411e-8ca9-5bb5909d110b|rpc:10.1.1.43:34703|priority:0|startupRole:FOLLOWER, d4065fed-2d66-41be-989b-4bd24a4f6517|rpc:10.1.1.43:33373|priority:0|startupRole:FOLLOWER, 6ce03c57-5430-4ab1-bf83-fb555d2de968|rpc:10.1.1.43:33579|priority:1|startupRole:FOLLOWER]|listeners:[], old=null
2022-10-25 12:15:33,657 [6ce03c57-5430-4ab1-bf83-fb555d2de968@group-670B8877836B-FollowerState] INFO  server.RaftServerConfigKeys (ConfUtils.java:logFallback(53)) - raft.server.rpc.first-election.timeout.min = 5s (fallback to raft.server.rpc.timeout.min)
2022-10-25 12:15:33,657 [6ce03c57-5430-4ab1-bf83-fb555d2de968@group-670B8877836B-FollowerState] INFO  server.RaftServerConfigKeys (ConfUtils.java:logFallback(53)) - raft.server.rpc.first-election.timeout.max = 5200ms (fallback to raft.server.rpc.timeout.max)
2022-10-25 12:15:33,658 [6ce03c57-5430-4ab1-bf83-fb555d2de968@group-670B8877836B-FollowerState] INFO  impl.FollowerState (FollowerState.java:run(152)) - 6ce03c57-5430-4ab1-bf83-fb555d2de968@group-670B8877836B-FollowerState was interrupted
2022-10-25 12:15:33,662 [be21c5c4-321c-411e-8ca9-5bb5909d110b@group-670B8877836B-FollowerState] INFO  server.RaftServerConfigKeys (ConfUtils.java:logFallback(53)) - raft.server.rpc.first-election.timeout.min = 5s (fallback to raft.server.rpc.timeout.min)
2022-10-25 12:15:33,662 [be21c5c4-321c-411e-8ca9-5bb5909d110b@group-670B8877836B-FollowerState] INFO  server.RaftServerConfigKeys (ConfUtils.java:logFallback(53)) - raft.server.rpc.first-election.timeout.max = 5200ms (fallback to raft.server.rpc.timeout.max)
2022-10-25 12:15:33,663 [grpc-default-executor-1] INFO  server.RaftServer$Division (RaftServerImpl.java:requestVote(1251)) - 6ce03c57-5430-4ab1-bf83-fb555d2de968@group-670B8877836B replies to ELECTION vote request: d4065fed-2d66-41be-989b-4bd24a4f6517<-6ce03c57-5430-4ab1-bf83-fb555d2de968#0:FAIL-t3. Peer's state: 6ce03c57-5430-4ab1-bf83-fb555d2de968@group-670B8877836B:t3, leader=null, voted=null, raftlog=Memoized:6ce03c57-5430-4ab1-bf83-fb555d2de968@group-670B8877836B-SegmentedRaftLog:OPENED:c-1, conf=-1: peers:[be21c5c4-321c-411e-8ca9-5bb5909d110b|rpc:10.1.1.43:34703|dataStream:|priority:0|startupRole:FOLLOWER, d4065fed-2d66-41be-989b-4bd24a4f6517|rpc:10.1.1.43:33373|dataStream:|priority:0|startupRole:FOLLOWER, 6ce03c57-5430-4ab1-bf83-fb555d2de968|rpc:10.1.1.43:33579|dataStream:|priority:1|startupRole:FOLLOWER]|listeners:[], old=null
2022-10-25 12:15:33,665 [d4065fed-2d66-41be-989b-4bd24a4f6517@group-670B8877836B-LeaderElection32] INFO  impl.LeaderElection (LeaderElection.java:logAndReturn(90)) - d4065fed-2d66-41be-989b-4bd24a4f6517@group-670B8877836B-LeaderElection32: ELECTION REJECTED received 2 response(s) and 0 exception(s):
2022-10-25 12:15:33,665 [d4065fed-2d66-41be-989b-4bd24a4f6517@group-670B8877836B-LeaderElection32] INFO  impl.LeaderElection (LeaderElection.java:logAndReturn(94)) -   Response 0: d4065fed-2d66-41be-989b-4bd24a4f6517<-be21c5c4-321c-411e-8ca9-5bb5909d110b#0:OK-t3
2022-10-25 12:15:33,666 [d4065fed-2d66-41be-989b-4bd24a4f6517@group-670B8877836B-LeaderElection32] INFO  impl.LeaderElection (LeaderElection.java:logAndReturn(94)) -   Response 1: d4065fed-2d66-41be-989b-4bd24a4f6517<-6ce03c57-5430-4ab1-bf83-fb555d2de968#0:FAIL-t3
2022-10-25 12:15:33,666 [d4065fed-2d66-41be-989b-4bd24a4f6517@group-670B8877836B-LeaderElection32] INFO  impl.LeaderElection (LeaderElection.java:askForVotes(314)) - d4065fed-2d66-41be-989b-4bd24a4f6517@group-670B8877836B-LeaderElection32 ELECTION round 0: result REJECTED
2022-10-25 12:15:33,666 [d4065fed-2d66-41be-989b-4bd24a4f6517@group-670B8877836B-LeaderElection32] INFO  server.RaftServer$Division (RaftServerImpl.java:setRole(321)) - d4065fed-2d66-41be-989b-4bd24a4f6517@group-670B8877836B: changes role from CANDIDATE to FOLLOWER at term 3 for REJECTED
2022-10-25 12:15:33,666 [d4065fed-2d66-41be-989b-4bd24a4f6517@group-670B8877836B-LeaderElection32] INFO  impl.RoleInfo (RoleInfo.java:shutdownLeaderElection(130)) - d4065fed-2d66-41be-989b-4bd24a4f6517: shutdown d4065fed-2d66-41be-989b-4bd24a4f6517@group-670B8877836B-LeaderElection32
2022-10-25 12:15:33,666 [d4065fed-2d66-41be-989b-4bd24a4f6517@group-670B8877836B-LeaderElection32] INFO  impl.RoleInfo (RoleInfo.java:updateAndGet(139)) - d4065fed-2d66-41be-989b-4bd24a4f6517: start d4065fed-2d66-41be-989b-4bd24a4f6517@group-670B8877836B-FollowerState
2022-10-25 12:15:33,670 [d4065fed-2d66-41be-989b-4bd24a4f6517@group-670B8877836B-FollowerState] INFO  server.RaftServerConfigKeys (ConfUtils.java:logFallback(53)) - raft.server.rpc.first-election.timeout.min = 5s (fallback to raft.server.rpc.timeout.min)
2022-10-25 12:15:33,670 [d4065fed-2d66-41be-989b-4bd24a4f6517@group-670B8877836B-FollowerState] INFO  server.RaftServerConfigKeys (ConfUtils.java:logFallback(53)) - raft.server.rpc.first-election.timeout.max = 5200ms (fallback to raft.server.rpc.timeout.max)
2022-10-25 12:15:33,679 [grpc-default-executor-1] WARN  server.GrpcLogAppender (LogUtils.java:warn(122)) - 0a1cfcca-7ba7-43aa-b517-08505af7a09b@group-D1CF6F441345->86ba6119-8a76-46a4-9f38-747fe10c9207-AppendLogResponseHandler: Failed appendEntries: org.apache.ratis.thirdparty.io.grpc.StatusRuntimeException: UNAVAILABLE: io exception
2022-10-25 12:15:33,682 [grpc-default-executor-0] WARN  server.GrpcLogAppender (LogUtils.java:warn(122)) - 0a1cfcca-7ba7-43aa-b517-08505af7a09b@group-D1CF6F441345->86ba6119-8a76-46a4-9f38-747fe10c9207-AppendLogResponseHandler: Failed appendEntries: org.apache.ratis.thirdparty.io.grpc.StatusRuntimeException: UNAVAILABLE: io exception
2022-10-25 12:15:33,682 [grpc-default-executor-1] WARN  server.GrpcLogAppender (GrpcLogAppender.java:resetClient(131)) - 0a1cfcca-7ba7-43aa-b517-08505af7a09b@group-D1CF6F441345->86ba6119-8a76-46a4-9f38-747fe10c9207-GrpcLogAppender: Leader has not got in touch with Follower 0a1cfcca-7ba7-43aa-b517-08505af7a09b@group-D1CF6F441345->86ba6119-8a76-46a4-9f38-747fe10c9207(c0,m0,n1, attendVote=true, lastRpcSendTime=1253, lastRpcResponseTime=3776) yet, just keep nextIndex unchanged and retry.
2022-10-25 12:15:33,683 [grpc-default-executor-0] WARN  server.GrpcLogAppender (GrpcLogAppender.java:resetClient(131)) - 0a1cfcca-7ba7-43aa-b517-08505af7a09b@group-D1CF6F441345->86ba6119-8a76-46a4-9f38-747fe10c9207-GrpcLogAppender: Leader has not got in touch with Follower 0a1cfcca-7ba7-43aa-b517-08505af7a09b@group-D1CF6F441345->86ba6119-8a76-46a4-9f38-747fe10c9207(c0,m0,n1, attendVote=true, lastRpcSendTime=1254, lastRpcResponseTime=3777) yet, just keep nextIndex unchanged and retry.
2022-10-25 12:15:33,688 [grpc-default-executor-0] WARN  server.GrpcLogAppender (LogUtils.java:warn(122)) - 0a1cfcca-7ba7-43aa-b517-08505af7a09b@group-D1CF6F441345->86ba6119-8a76-46a4-9f38-747fe10c9207-AppendLogResponseHandler: Failed appendEntries: org.apache.ratis.thirdparty.io.grpc.StatusRuntimeException: UNAVAILABLE: io exception
2022-10-25 12:15:33,689 [grpc-default-executor-1] WARN  server.GrpcLogAppender (LogUtils.java:warn(122)) - 0a1cfcca-7ba7-43aa-b517-08505af7a09b@group-D1CF6F441345->86ba6119-8a76-46a4-9f38-747fe10c9207-AppendLogResponseHandler: Failed appendEntries: org.apache.ratis.thirdparty.io.grpc.StatusRuntimeException: UNAVAILABLE: io exception
2022-10-25 12:15:33,690 [grpc-default-executor-0] WARN  server.GrpcLogAppender (GrpcLogAppender.java:resetClient(131)) - 0a1cfcca-7ba7-43aa-b517-08505af7a09b@group-D1CF6F441345->86ba6119-8a76-46a4-9f38-747fe10c9207-GrpcLogAppender: Leader has not got in touch with Follower 0a1cfcca-7ba7-43aa-b517-08505af7a09b@group-D1CF6F441345->86ba6119-8a76-46a4-9f38-747fe10c9207(c0,m0,n1, attendVote=true, lastRpcSendTime=0, lastRpcResponseTime=3783) yet, just keep nextIndex unchanged and retry.
2022-10-25 12:15:33,690 [grpc-default-executor-1] WARN  server.GrpcLogAppender (GrpcLogAppender.java:resetClient(131)) - 0a1cfcca-7ba7-43aa-b517-08505af7a09b@group-D1CF6F441345->86ba6119-8a76-46a4-9f38-747fe10c9207-GrpcLogAppender: Leader has not got in touch with Follower 0a1cfcca-7ba7-43aa-b517-08505af7a09b@group-D1CF6F441345->86ba6119-8a76-46a4-9f38-747fe10c9207(c0,m0,n1, attendVote=true, lastRpcSendTime=0, lastRpcResponseTime=3784) yet, just keep nextIndex unchanged and retry.
2022-10-25 12:15:33,904 [EventQueue-StaleNodeForStaleNodeHandler] INFO  node.StaleNodeHandler (StaleNodeHandler.java:onMessage(59)) - Datanode 86ba6119-8a76-46a4-9f38-747fe10c9207{ip: 10.1.1.43, host: fv-az82-510.ou3itxwc2spe5nxnxxppousbrf.dx.internal.cloudapp.net, ports: [REPLICATION=41909, RATIS=42323, RATIS_ADMIN=42323, RATIS_SERVER=42323, STANDALONE=33887], networkLocation: /default-rack, certSerialId: null, persistedOpState: IN_SERVICE, persistedOpStateExpiryEpochSec: 0} moved to stale state. Finalizing its pipelines [PipelineID=282e6f30-2b1d-4c13-924a-a2ce196d64da, PipelineID=cd424db0-5d51-490b-aeef-afff73eed793, PipelineID=ededb7be-9b98-4dd7-bd7e-d1cf6f441345, PipelineID=cc640d43-417d-4dcd-bd1f-0a56fe1ff9ef]
2022-10-25 12:15:33,910 [EventQueue-StaleNodeForStaleNodeHandler] INFO  pipeline.PipelineManagerImpl (PipelineManagerImpl.java:closePipeline(442)) - Pipeline Pipeline[ Id: 282e6f30-2b1d-4c13-924a-a2ce196d64da, Nodes: 0a1cfcca-7ba7-43aa-b517-08505af7a09b{ip: 10.1.1.43, host: fv-az82-510.ou3itxwc2spe5nxnxxppousbrf.dx.internal.cloudapp.net, ports: [REPLICATION=42611, RATIS=43175, RATIS_ADMIN=43175, RATIS_SERVER=43175, STANDALONE=40433], networkLocation: /default-rack, certSerialId: null, persistedOpState: IN_SERVICE, persistedOpStateExpiryEpochSec: 0}907eb2bb-0522-4d6b-bbf0-1b213cc99331{ip: 10.1.1.43, host: fv-az82-510.ou3itxwc2spe5nxnxxppousbrf.dx.internal.cloudapp.net, ports: [REPLICATION=43209, RATIS=40069, RATIS_ADMIN=40069, RATIS_SERVER=40069, STANDALONE=36449], networkLocation: /default-rack, certSerialId: null, persistedOpState: IN_SERVICE, persistedOpStateExpiryEpochSec: 0}86ba6119-8a76-46a4-9f38-747fe10c9207{ip: 10.1.1.43, host: fv-az82-510.ou3itxwc2spe5nxnxxppousbrf.dx.internal.cloudapp.net, ports: [REPLICATION=41909, RATIS=42323, RATIS_ADMIN=42323, RATIS_SERVER=42323, STANDALONE=33887], networkLocation: /default-rack, certSerialId: null, persistedOpState: IN_SERVICE, persistedOpStateExpiryEpochSec: 0}, ReplicationConfig: RATIS/THREE, State:ALLOCATED, leaderId:, CreationTimestamp2022-10-25T12:15:17.225Z[Etc/UTC]] moved to CLOSED state
2022-10-25 12:15:33,914 [EventQueue-StaleNodeForStaleNodeHandler] INFO  pipeline.PipelineManagerImpl (PipelineManagerImpl.java:closeContainersForPipeline(421)) - Container #1 closed for pipeline=PipelineID=cd424db0-5d51-490b-aeef-afff73eed793
2022-10-25 12:15:33,914 [EventQueue-StaleNodeForStaleNodeHandler] INFO  pipeline.PipelineManagerImpl (PipelineManagerImpl.java:closePipeline(442)) - Pipeline Pipeline[ Id: cd424db0-5d51-490b-aeef-afff73eed793, Nodes: 86ba6119-8a76-46a4-9f38-747fe10c9207{ip: 10.1.1.43, host: fv-az82-510.ou3itxwc2spe5nxnxxppousbrf.dx.internal.cloudapp.net, ports: [REPLICATION=41909, RATIS=42323, RATIS_ADMIN=42323, RATIS_SERVER=42323, STANDALONE=33887], networkLocation: /default-rack, certSerialId: null, persistedOpState: null, persistedOpStateExpiryEpochSec: 0}907eb2bb-0522-4d6b-bbf0-1b213cc99331{ip: 10.1.1.43, host: fv-az82-510.ou3itxwc2spe5nxnxxppousbrf.dx.internal.cloudapp.net, ports: [REPLICATION=43209, RATIS=40069, RATIS_ADMIN=40069, RATIS_SERVER=40069, STANDALONE=36449], networkLocation: /default-rack, certSerialId: null, persistedOpState: null, persistedOpStateExpiryEpochSec: 0}0a1cfcca-7ba7-43aa-b517-08505af7a09b{ip: 10.1.1.43, host: fv-az82-510.ou3itxwc2spe5nxnxxppousbrf.dx.internal.cloudapp.net, ports: [REPLICATION=42611, RATIS=43175, RATIS_ADMIN=43175, RATIS_SERVER=43175, STANDALONE=40433], networkLocation: /default-rack, certSerialId: null, persistedOpState: null, persistedOpStateExpiryEpochSec: 0}277330ea-7eb2-4eea-8a6b-9d41e81a33f6{ip: 10.1.1.43, host: fv-az82-510.ou3itxwc2spe5nxnxxppousbrf.dx.internal.cloudapp.net, ports: [REPLICATION=40199, RATIS=40547, RATIS_ADMIN=40547, RATIS_SERVER=40547, STANDALONE=46845], networkLocation: /default-rack, certSerialId: null, persistedOpState: null, persistedOpStateExpiryEpochSec: 0}6ce03c57-5430-4ab1-bf83-fb555d2de968{ip: 10.1.1.43, host: fv-az82-510.ou3itxwc2spe5nxnxxppousbrf.dx.internal.cloudapp.net, ports: [REPLICATION=34039, RATIS=33579, RATIS_ADMIN=33579, RATIS_SERVER=33579, STANDALONE=43353], networkLocation: /default-rack, certSerialId: null, persistedOpState: null, persistedOpStateExpiryEpochSec: 0}, ReplicationConfig: EC/ECReplicationConfig{data=3, parity=2, ecChunkSize=1024, codec=rs}, State:OPEN, leaderId:, CreationTimestamp2022-10-25T12:15:30.389Z[Etc/UTC]] moved to CLOSED state
2022-10-25 12:15:33,914 [EventQueue-StaleNodeForStaleNodeHandler] INFO  pipeline.PipelineManagerImpl (PipelineManagerImpl.java:closePipeline(442)) - Pipeline Pipeline[ Id: ededb7be-9b98-4dd7-bd7e-d1cf6f441345, Nodes: 907eb2bb-0522-4d6b-bbf0-1b213cc99331{ip: 10.1.1.43, host: fv-az82-510.ou3itxwc2spe5nxnxxppousbrf.dx.internal.cloudapp.net, ports: [REPLICATION=43209, RATIS=40069, RATIS_ADMIN=40069, RATIS_SERVER=40069, STANDALONE=36449], networkLocation: /default-rack, certSerialId: null, persistedOpState: IN_SERVICE, persistedOpStateExpiryEpochSec: 0}86ba6119-8a76-46a4-9f38-747fe10c9207{ip: 10.1.1.43, host: fv-az82-510.ou3itxwc2spe5nxnxxppousbrf.dx.internal.cloudapp.net, ports: [REPLICATION=41909, RATIS=42323, RATIS_ADMIN=42323, RATIS_SERVER=42323, STANDALONE=33887], networkLocation: /default-rack, certSerialId: null, persistedOpState: IN_SERVICE, persistedOpStateExpiryEpochSec: 0}0a1cfcca-7ba7-43aa-b517-08505af7a09b{ip: 10.1.1.43, host: fv-az82-510.ou3itxwc2spe5nxnxxppousbrf.dx.internal.cloudapp.net, ports: [REPLICATION=42611, RATIS=43175, RATIS_ADMIN=43175, RATIS_SERVER=43175, STANDALONE=40433], networkLocation: /default-rack, certSerialId: null, persistedOpState: IN_SERVICE, persistedOpStateExpiryEpochSec: 0}, ReplicationConfig: RATIS/THREE, State:OPEN, leaderId:0a1cfcca-7ba7-43aa-b517-08505af7a09b, CreationTimestamp2022-10-25T12:15:17.223Z[Etc/UTC]] moved to CLOSED state
2022-10-25 12:15:33,915 [EventQueue-StaleNodeForStaleNodeHandler] INFO  pipeline.PipelineManagerImpl (PipelineManagerImpl.java:closePipeline(442)) - Pipeline Pipeline[ Id: cc640d43-417d-4dcd-bd1f-0a56fe1ff9ef, Nodes: 86ba6119-8a76-46a4-9f38-747fe10c9207{ip: 10.1.1.43, host: fv-az82-510.ou3itxwc2spe5nxnxxppousbrf.dx.internal.cloudapp.net, ports: [REPLICATION=41909, RATIS=42323, RATIS_ADMIN=42323, RATIS_SERVER=42323, STANDALONE=33887], networkLocation: /default-rack, certSerialId: null, persistedOpState: IN_SERVICE, persistedOpStateExpiryEpochSec: 0}, ReplicationConfig: RATIS/ONE, State:OPEN, leaderId:86ba6119-8a76-46a4-9f38-747fe10c9207, CreationTimestamp2022-10-25T12:15:16.429Z[Etc/UTC]] moved to CLOSED state
2022-10-25 12:15:33,917 [EventQueue-CloseContainerForCloseContainerEventHandler] INFO  container.CloseContainerEventHandler (CloseContainerEventHandler.java:onMessage(71)) - Close container Event triggered for container : #1
2022-10-25 12:15:34,293 [Under Replicated Processor] INFO  replication.UnderReplicatedProcessor (UnderReplicatedProcessor.java:processAll(92)) - Processed 0 under replicated containers, failed processing 0
2022-10-25 12:15:34,301 [Over Replicated Processor] INFO  replication.OverReplicatedProcessor (OverReplicatedProcessor.java:processAll(90)) - Processed 0 over replicated containers, failed processing 0
2022-10-25 12:15:34,940 [grpc-default-executor-0] WARN  server.GrpcLogAppender (LogUtils.java:warn(122)) - 0a1cfcca-7ba7-43aa-b517-08505af7a09b@group-D1CF6F441345->86ba6119-8a76-46a4-9f38-747fe10c9207-AppendLogResponseHandler: Failed appendEntries: org.apache.ratis.thirdparty.io.grpc.StatusRuntimeException: UNAVAILABLE: io exception
2022-10-25 12:15:34,941 [grpc-default-executor-0] WARN  server.GrpcLogAppender (GrpcLogAppender.java:resetClient(131)) - 0a1cfcca-7ba7-43aa-b517-08505af7a09b@group-D1CF6F441345->86ba6119-8a76-46a4-9f38-747fe10c9207-GrpcLogAppender: Leader has not got in touch with Follower 0a1cfcca-7ba7-43aa-b517-08505af7a09b@group-D1CF6F441345->86ba6119-8a76-46a4-9f38-747fe10c9207(c0,m0,n1, attendVote=true, lastRpcSendTime=0, lastRpcResponseTime=5034) yet, just keep nextIndex unchanged and retry.
2022-10-25 12:15:34,941 [grpc-default-executor-1] WARN  server.GrpcLogAppender (LogUtils.java:warn(122)) - 0a1cfcca-7ba7-43aa-b517-08505af7a09b@group-D1CF6F441345->86ba6119-8a76-46a4-9f38-747fe10c9207-AppendLogResponseHandler: Failed appendEntries: org.apache.ratis.thirdparty.io.grpc.StatusRuntimeException: UNAVAILABLE: io exception
2022-10-25 12:15:34,941 [grpc-default-executor-1] WARN  server.GrpcLogAppender (GrpcLogAppender.java:resetClient(131)) - 0a1cfcca-7ba7-43aa-b517-08505af7a09b@group-D1CF6F441345->86ba6119-8a76-46a4-9f38-747fe10c9207-GrpcLogAppender: Leader has not got in touch with Follower 0a1cfcca-7ba7-43aa-b517-08505af7a09b@group-D1CF6F441345->86ba6119-8a76-46a4-9f38-747fe10c9207(c0,m0,n1, attendVote=true, lastRpcSendTime=1, lastRpcResponseTime=5035) yet, just keep nextIndex unchanged and retry.
2022-10-25 12:15:34,967 [0a1cfcca-7ba7-43aa-b517-08505af7a09b@group-A2CE196D64DA-FollowerState] INFO  impl.FollowerState (FollowerState.java:run(143)) - 0a1cfcca-7ba7-43aa-b517-08505af7a09b@group-A2CE196D64DA-FollowerState: change to CANDIDATE, lastRpcElapsedTime:5048431594ns, electionTimeout:5041ms
2022-10-25 12:15:34,967 [0a1cfcca-7ba7-43aa-b517-08505af7a09b@group-A2CE196D64DA-FollowerState] INFO  impl.RoleInfo (RoleInfo.java:shutdownFollowerState(110)) - 0a1cfcca-7ba7-43aa-b517-08505af7a09b: shutdown 0a1cfcca-7ba7-43aa-b517-08505af7a09b@group-A2CE196D64DA-FollowerState
2022-10-25 12:15:34,967 [0a1cfcca-7ba7-43aa-b517-08505af7a09b@group-A2CE196D64DA-FollowerState] INFO  server.RaftServer$Division (RaftServerImpl.java:setRole(321)) - 0a1cfcca-7ba7-43aa-b517-08505af7a09b@group-A2CE196D64DA: changes role from  FOLLOWER to CANDIDATE at term 2 for changeToCandidate
2022-10-25 12:15:34,967 [0a1cfcca-7ba7-43aa-b517-08505af7a09b@group-A2CE196D64DA-FollowerState] INFO  server.RaftServerConfigKeys (ConfUtils.java:logGet(46)) - raft.server.leaderelection.pre-vote = false (custom)
2022-10-25 12:15:34,967 [0a1cfcca-7ba7-43aa-b517-08505af7a09b@group-A2CE196D64DA-FollowerState] INFO  impl.RoleInfo (RoleInfo.java:updateAndGet(139)) - 0a1cfcca-7ba7-43aa-b517-08505af7a09b: start 0a1cfcca-7ba7-43aa-b517-08505af7a09b@group-A2CE196D64DA-LeaderElection33
2022-10-25 12:15:34,972 [0a1cfcca-7ba7-43aa-b517-08505af7a09b@group-A2CE196D64DA-LeaderElection33] INFO  impl.LeaderElection (LeaderElection.java:askForVotes(312)) - 0a1cfcca-7ba7-43aa-b517-08505af7a09b@group-A2CE196D64DA-LeaderElection33 ELECTION round 0: submit vote requests at term 3 for -1: peers:[0a1cfcca-7ba7-43aa-b517-08505af7a09b|rpc:10.1.1.43:43175|dataStream:|priority:0|startupRole:FOLLOWER, 86ba6119-8a76-46a4-9f38-747fe10c9207|rpc:10.1.1.43:42323|dataStream:|priority:0|startupRole:FOLLOWER, 907eb2bb-0522-4d6b-bbf0-1b213cc99331|rpc:10.1.1.43:40069|dataStream:|priority:1|startupRole:FOLLOWER]|listeners:[], old=null
2022-10-25 12:15:34,973 [0a1cfcca-7ba7-43aa-b517-08505af7a09b@group-A2CE196D64DA-LeaderElection33] INFO  server.RaftServerConfigKeys (ConfUtils.java:logFallback(53)) - raft.server.rpc.first-election.timeout.min = 5s (fallback to raft.server.rpc.timeout.min)
2022-10-25 12:15:34,973 [0a1cfcca-7ba7-43aa-b517-08505af7a09b@group-A2CE196D64DA-LeaderElection33] INFO  server.RaftServerConfigKeys (ConfUtils.java:logFallback(53)) - raft.server.rpc.first-election.timeout.max = 5200ms (fallback to raft.server.rpc.timeout.max)
2022-10-25 12:15:34,973 [0a1cfcca-7ba7-43aa-b517-08505af7a09b@group-A2CE196D64DA-LeaderElection33] INFO  impl.LeaderElection (LogUtils.java:infoOrTrace(137)) - 0a1cfcca-7ba7-43aa-b517-08505af7a09b@group-A2CE196D64DA-LeaderElection33 got exception when requesting votes: java.util.concurrent.ExecutionException: org.apache.ratis.thirdparty.io.grpc.StatusRuntimeException: UNAVAILABLE: io exception
2022-10-25 12:15:34,977 [grpc-default-executor-1] INFO  server.RaftServer$Division (RaftServerImpl.java:requestVote(1218)) - 907eb2bb-0522-4d6b-bbf0-1b213cc99331@group-A2CE196D64DA: receive requestVote(ELECTION, 0a1cfcca-7ba7-43aa-b517-08505af7a09b, group-A2CE196D64DA, 3, (t:0, i:0))
2022-10-25 12:15:34,977 [grpc-default-executor-1] INFO  impl.VoteContext (VoteContext.java:log(48)) - 907eb2bb-0522-4d6b-bbf0-1b213cc99331@group-A2CE196D64DA-FOLLOWER: reject ELECTION from 0a1cfcca-7ba7-43aa-b517-08505af7a09b: our priority 1 > candidate's priority 0
2022-10-25 12:15:34,977 [grpc-default-executor-1] INFO  server.RaftServer$Division (RaftServerImpl.java:setRole(321)) - 907eb2bb-0522-4d6b-bbf0-1b213cc99331@group-A2CE196D64DA: changes role from  FOLLOWER to FOLLOWER at term 3 for candidate:0a1cfcca-7ba7-43aa-b517-08505af7a09b
2022-10-25 12:15:34,977 [grpc-default-executor-1] INFO  impl.RoleInfo (RoleInfo.java:shutdownFollowerState(110)) - 907eb2bb-0522-4d6b-bbf0-1b213cc99331: shutdown 907eb2bb-0522-4d6b-bbf0-1b213cc99331@group-A2CE196D64DA-FollowerState
2022-10-25 12:15:34,977 [grpc-default-executor-1] INFO  impl.RoleInfo (RoleInfo.java:updateAndGet(139)) - 907eb2bb-0522-4d6b-bbf0-1b213cc99331: start 907eb2bb-0522-4d6b-bbf0-1b213cc99331@group-A2CE196D64DA-FollowerState
2022-10-25 12:15:34,977 [907eb2bb-0522-4d6b-bbf0-1b213cc99331@group-A2CE196D64DA-FollowerState] INFO  impl.FollowerState (FollowerState.java:run(152)) - 907eb2bb-0522-4d6b-bbf0-1b213cc99331@group-A2CE196D64DA-FollowerState was interrupted
2022-10-25 12:15:34,984 [grpc-default-executor-1] INFO  server.RaftServer$Division (RaftServerImpl.java:requestVote(1251)) - 907eb2bb-0522-4d6b-bbf0-1b213cc99331@group-A2CE196D64DA replies to ELECTION vote request: 0a1cfcca-7ba7-43aa-b517-08505af7a09b<-907eb2bb-0522-4d6b-bbf0-1b213cc99331#0:FAIL-t3. Peer's state: 907eb2bb-0522-4d6b-bbf0-1b213cc99331@group-A2CE196D64DA:t3, leader=null, voted=null, raftlog=Memoized:907eb2bb-0522-4d6b-bbf0-1b213cc99331@group-A2CE196D64DA-SegmentedRaftLog:OPENED:c-1, conf=-1: peers:[0a1cfcca-7ba7-43aa-b517-08505af7a09b|rpc:10.1.1.43:43175|dataStream:|priority:0|startupRole:FOLLOWER, 86ba6119-8a76-46a4-9f38-747fe10c9207|rpc:10.1.1.43:42323|dataStream:|priority:0|startupRole:FOLLOWER, 907eb2bb-0522-4d6b-bbf0-1b213cc99331|rpc:10.1.1.43:40069|dataStream:|priority:1|startupRole:FOLLOWER]|listeners:[], old=null
2022-10-25 12:15:35,004 [0a1cfcca-7ba7-43aa-b517-08505af7a09b@group-A2CE196D64DA-LeaderElection33] INFO  impl.LeaderElection (LeaderElection.java:logAndReturn(90)) - 0a1cfcca-7ba7-43aa-b517-08505af7a09b@group-A2CE196D64DA-LeaderElection33: ELECTION REJECTED received 1 response(s) and 1 exception(s):
2022-10-25 12:15:35,004 [0a1cfcca-7ba7-43aa-b517-08505af7a09b@group-A2CE196D64DA-LeaderElection33] INFO  impl.LeaderElection (LeaderElection.java:logAndReturn(94)) -   Response 0: 0a1cfcca-7ba7-43aa-b517-08505af7a09b<-907eb2bb-0522-4d6b-bbf0-1b213cc99331#0:FAIL-t3
2022-10-25 12:15:35,002 [907eb2bb-0522-4d6b-bbf0-1b213cc99331@group-A2CE196D64DA-FollowerState] INFO  server.RaftServerConfigKeys (ConfUtils.java:logFallback(53)) - raft.server.rpc.first-election.timeout.min = 5s (fallback to raft.server.rpc.timeout.min)
2022-10-25 12:15:35,004 [907eb2bb-0522-4d6b-bbf0-1b213cc99331@group-A2CE196D64DA-FollowerState] INFO  server.RaftServerConfigKeys (ConfUtils.java:logFallback(53)) - raft.server.rpc.first-election.timeout.max = 5200ms (fallback to raft.server.rpc.timeout.max)
2022-10-25 12:15:35,004 [0a1cfcca-7ba7-43aa-b517-08505af7a09b@group-A2CE196D64DA-LeaderElection33] INFO  impl.LeaderElection (LogUtils.java:infoOrTrace(137)) -   Exception 1: java.util.concurrent.ExecutionException: org.apache.ratis.thirdparty.io.grpc.StatusRuntimeException: UNAVAILABLE: io exception
2022-10-25 12:15:35,004 [0a1cfcca-7ba7-43aa-b517-08505af7a09b@group-A2CE196D64DA-LeaderElection33] INFO  impl.LeaderElection (LeaderElection.java:askForVotes(314)) - 0a1cfcca-7ba7-43aa-b517-08505af7a09b@group-A2CE196D64DA-LeaderElection33 ELECTION round 0: result REJECTED
2022-10-25 12:15:35,004 [0a1cfcca-7ba7-43aa-b517-08505af7a09b@group-A2CE196D64DA-LeaderElection33] INFO  server.RaftServer$Division (RaftServerImpl.java:setRole(321)) - 0a1cfcca-7ba7-43aa-b517-08505af7a09b@group-A2CE196D64DA: changes role from CANDIDATE to FOLLOWER at term 3 for REJECTED
2022-10-25 12:15:35,004 [0a1cfcca-7ba7-43aa-b517-08505af7a09b@group-A2CE196D64DA-LeaderElection33] INFO  impl.RoleInfo (RoleInfo.java:shutdownLeaderElection(130)) - 0a1cfcca-7ba7-43aa-b517-08505af7a09b: shutdown 0a1cfcca-7ba7-43aa-b517-08505af7a09b@group-A2CE196D64DA-LeaderElection33
2022-10-25 12:15:35,004 [0a1cfcca-7ba7-43aa-b517-08505af7a09b@group-A2CE196D64DA-LeaderElection33] INFO  impl.RoleInfo (RoleInfo.java:updateAndGet(139)) - 0a1cfcca-7ba7-43aa-b517-08505af7a09b: start 0a1cfcca-7ba7-43aa-b517-08505af7a09b@group-A2CE196D64DA-FollowerState
2022-10-25 12:15:35,009 [0a1cfcca-7ba7-43aa-b517-08505af7a09b@group-A2CE196D64DA-FollowerState] INFO  server.RaftServerConfigKeys (ConfUtils.java:logFallback(53)) - raft.server.rpc.first-election.timeout.min = 5s (fallback to raft.server.rpc.timeout.min)
2022-10-25 12:15:35,010 [0a1cfcca-7ba7-43aa-b517-08505af7a09b@group-A2CE196D64DA-FollowerState] INFO  server.RaftServerConfigKeys (ConfUtils.java:logFallback(53)) - raft.server.rpc.first-election.timeout.max = 5200ms (fallback to raft.server.rpc.timeout.max)
2022-10-25 12:15:35,937 [Command processor thread] INFO  keyvalue.KeyValueContainer (KeyValueContainer.java:flushAndSyncDB(436)) - Container 1 is synced with bcsId 0.
2022-10-25 12:15:35,937 [Command processor thread] INFO  keyvalue.KeyValueContainer (KeyValueContainer.java:flushAndSyncDB(436)) - Container 1 is synced with bcsId 0.
2022-10-25 12:15:35,943 [Command processor thread] INFO  keyvalue.KeyValueContainer (KeyValueContainer.java:close(351)) - Container 1 is closed with bcsId 0.
2022-10-25 12:15:35,946 [FixedThreadPoolWithAffinityExecutor-1-0] INFO  container.IncrementalContainerReportHandler (AbstractContainerReportHandler.java:updateContainerState(292)) - Moving container #1 to CLOSED state, datanode 277330ea-7eb2-4eea-8a6b-9d41e81a33f6{ip: 10.1.1.43, host: fv-az82-510.ou3itxwc2spe5nxnxxppousbrf.dx.internal.cloudapp.net, ports: [REPLICATION=40199, RATIS=40547, RATIS_ADMIN=40547, RATIS_SERVER=40547, STANDALONE=46845], networkLocation: /default-rack, certSerialId: null, persistedOpState: IN_SERVICE, persistedOpStateExpiryEpochSec: 0} reported CLOSED replica.
2022-10-25 12:15:35,979 [Listener at 127.0.0.1/33161] INFO  replication.ReplicationManager (ReplicationManager.java:stop(268)) - Stopping Replication Monitor Thread.
2022-10-25 12:15:35,980 [Under Replicated Processor] WARN  replication.UnderReplicatedProcessor (UnderReplicatedProcessor.java:run(148)) - Under Replicated Processor interrupted. Exiting...
2022-10-25 12:15:35,981 [ReplicationMonitor] INFO  replication.ReplicationManager (ReplicationManager.java:run(557)) - Replication Monitor Thread is stopped
2022-10-25 12:15:35,981 [Over Replicated Processor] WARN  replication.OverReplicatedProcessor (OverReplicatedProcessor.java:run(137)) - Over Replicated Processor interrupted. Exiting...
2022-10-25 12:15:36,190 [grpc-default-executor-1] WARN  server.GrpcLogAppender (LogUtils.java:warn(122)) - 0a1cfcca-7ba7-43aa-b517-08505af7a09b@group-D1CF6F441345->86ba6119-8a76-46a4-9f38-747fe10c9207-AppendLogResponseHandler: Failed appendEntries: org.apache.ratis.thirdparty.io.grpc.StatusRuntimeException: UNAVAILABLE: io exception
2022-10-25 12:15:36,190 [grpc-default-executor-0] WARN  server.GrpcLogAppender (LogUtils.java:warn(122)) - 0a1cfcca-7ba7-43aa-b517-08505af7a09b@group-D1CF6F441345->86ba6119-8a76-46a4-9f38-747fe10c9207-AppendLogResponseHandler: Failed appendEntries: org.apache.ratis.thirdparty.io.grpc.StatusRuntimeException: UNAVAILABLE: io exception
2022-10-25 12:15:36,191 [grpc-default-executor-1] WARN  server.GrpcLogAppender (GrpcLogAppender.java:resetClient(131)) - 0a1cfcca-7ba7-43aa-b517-08505af7a09b@group-D1CF6F441345->86ba6119-8a76-46a4-9f38-747fe10c9207-GrpcLogAppender: Leader has not got in touch with Follower 0a1cfcca-7ba7-43aa-b517-08505af7a09b@group-D1CF6F441345->86ba6119-8a76-46a4-9f38-747fe10c9207(c0,m0,n1, attendVote=true, lastRpcSendTime=0, lastRpcResponseTime=6285) yet, just keep nextIndex unchanged and retry.
2022-10-25 12:15:36,192 [grpc-default-executor-0] WARN  server.GrpcLogAppender (GrpcLogAppender.java:resetClient(131)) - 0a1cfcca-7ba7-43aa-b517-08505af7a09b@group-D1CF6F441345->86ba6119-8a76-46a4-9f38-747fe10c9207-GrpcLogAppender: Leader has not got in touch with Follower 0a1cfcca-7ba7-43aa-b517-08505af7a09b@group-D1CF6F441345->86ba6119-8a76-46a4-9f38-747fe10c9207(c0,m0,n1, attendVote=true, lastRpcSendTime=2, lastRpcResponseTime=6286) yet, just keep nextIndex unchanged and retry.
2022-10-25 12:15:36,930 [EventQueue-DeadNodeForDeadNodeHandler] INFO  node.DeadNodeHandler (DeadNodeHandler.java:onMessage(81)) - A dead datanode is detected. 86ba6119-8a76-46a4-9f38-747fe10c9207{ip: 10.1.1.43, host: fv-az82-510.ou3itxwc2spe5nxnxxppousbrf.dx.internal.cloudapp.net, ports: [REPLICATION=41909, RATIS=42323, RATIS_ADMIN=42323, RATIS_SERVER=42323, STANDALONE=33887], networkLocation: /default-rack, certSerialId: null, persistedOpState: IN_SERVICE, persistedOpStateExpiryEpochSec: 0}
2022-10-25 12:15:36,935 [EventQueue-DeadNodeForDeadNodeHandler] INFO  pipeline.RatisPipelineProvider (RatisPipelineProvider.java:lambda$close$1(244)) - Send pipeline:PipelineID=282e6f30-2b1d-4c13-924a-a2ce196d64da close command to datanode 0a1cfcca-7ba7-43aa-b517-08505af7a09b
2022-10-25 12:15:36,935 [EventQueue-DeadNodeForDeadNodeHandler] INFO  pipeline.RatisPipelineProvider (RatisPipelineProvider.java:lambda$close$1(244)) - Send pipeline:PipelineID=282e6f30-2b1d-4c13-924a-a2ce196d64da close command to datanode 907eb2bb-0522-4d6b-bbf0-1b213cc99331
2022-10-25 12:15:36,936 [EventQueue-DeadNodeForDeadNodeHandler] INFO  pipeline.RatisPipelineProvider (RatisPipelineProvider.java:lambda$close$1(244)) - Send pipeline:PipelineID=282e6f30-2b1d-4c13-924a-a2ce196d64da close command to datanode 86ba6119-8a76-46a4-9f38-747fe10c9207
2022-10-25 12:15:36,936 [EventQueue-DeadNodeForDeadNodeHandler] INFO  pipeline.PipelineStateManagerImpl (PipelineStateManagerImpl.java:removePipeline(245)) - Pipeline Pipeline[ Id: 282e6f30-2b1d-4c13-924a-a2ce196d64da, Nodes: 0a1cfcca-7ba7-43aa-b517-08505af7a09b{ip: 10.1.1.43, host: fv-az82-510.ou3itxwc2spe5nxnxxppousbrf.dx.internal.cloudapp.net, ports: [REPLICATION=42611, RATIS=43175, RATIS_ADMIN=43175, RATIS_SERVER=43175, STANDALONE=40433], networkLocation: /default-rack, certSerialId: null, persistedOpState: IN_SERVICE, persistedOpStateExpiryEpochSec: 0}907eb2bb-0522-4d6b-bbf0-1b213cc99331{ip: 10.1.1.43, host: fv-az82-510.ou3itxwc2spe5nxnxxppousbrf.dx.internal.cloudapp.net, ports: [REPLICATION=43209, RATIS=40069, RATIS_ADMIN=40069, RATIS_SERVER=40069, STANDALONE=36449], networkLocation: /default-rack, certSerialId: null, persistedOpState: IN_SERVICE, persistedOpStateExpiryEpochSec: 0}86ba6119-8a76-46a4-9f38-747fe10c9207{ip: 10.1.1.43, host: fv-az82-510.ou3itxwc2spe5nxnxxppousbrf.dx.internal.cloudapp.net, ports: [REPLICATION=41909, RATIS=42323, RATIS_ADMIN=42323, RATIS_SERVER=42323, STANDALONE=33887], networkLocation: /default-rack, certSerialId: null, persistedOpState: IN_SERVICE, persistedOpStateExpiryEpochSec: 0}, ReplicationConfig: RATIS/THREE, State:CLOSED, leaderId:, CreationTimestamp2022-10-25T12:15:17.225Z[Etc/UTC]] removed.
2022-10-25 12:15:36,937 [EventQueue-DeadNodeForDeadNodeHandler] INFO  pipeline.PipelineStateManagerImpl (PipelineStateManagerImpl.java:removePipeline(245)) - Pipeline Pipeline[ Id: cd424db0-5d51-490b-aeef-afff73eed793, Nodes: 86ba6119-8a76-46a4-9f38-747fe10c9207{ip: 10.1.1.43, host: fv-az82-510.ou3itxwc2spe5nxnxxppousbrf.dx.internal.cloudapp.net, ports: [REPLICATION=41909, RATIS=42323, RATIS_ADMIN=42323, RATIS_SERVER=42323, STANDALONE=33887], networkLocation: /default-rack, certSerialId: null, persistedOpState: null, persistedOpStateExpiryEpochSec: 0}907eb2bb-0522-4d6b-bbf0-1b213cc99331{ip: 10.1.1.43, host: fv-az82-510.ou3itxwc2spe5nxnxxppousbrf.dx.internal.cloudapp.net, ports: [REPLICATION=43209, RATIS=40069, RATIS_ADMIN=40069, RATIS_SERVER=40069, STANDALONE=36449], networkLocation: /default-rack, certSerialId: null, persistedOpState: null, persistedOpStateExpiryEpochSec: 0}0a1cfcca-7ba7-43aa-b517-08505af7a09b{ip: 10.1.1.43, host: fv-az82-510.ou3itxwc2spe5nxnxxppousbrf.dx.internal.cloudapp.net, ports: [REPLICATION=42611, RATIS=43175, RATIS_ADMIN=43175, RATIS_SERVER=43175, STANDALONE=40433], networkLocation: /default-rack, certSerialId: null, persistedOpState: null, persistedOpStateExpiryEpochSec: 0}277330ea-7eb2-4eea-8a6b-9d41e81a33f6{ip: 10.1.1.43, host: fv-az82-510.ou3itxwc2spe5nxnxxppousbrf.dx.internal.cloudapp.net, ports: [REPLICATION=40199, RATIS=40547, RATIS_ADMIN=40547, RATIS_SERVER=40547, STANDALONE=46845], networkLocation: /default-rack, certSerialId: null, persistedOpState: null, persistedOpStateExpiryEpochSec: 0}6ce03c57-5430-4ab1-bf83-fb555d2de968{ip: 10.1.1.43, host: fv-az82-510.ou3itxwc2spe5nxnxxppousbrf.dx.internal.cloudapp.net, ports: [REPLICATION=34039, RATIS=33579, RATIS_ADMIN=33579, RATIS_SERVER=33579, STANDALONE=43353], networkLocation: /default-rack, certSerialId: null, persistedOpState: null, persistedOpStateExpiryEpochSec: 0}, ReplicationConfig: EC/ECReplicationConfig{data=3, parity=2, ecChunkSize=1024, codec=rs}, State:CLOSED, leaderId:, CreationTimestamp2022-10-25T12:15:30.389Z[Etc/UTC]] removed.
2022-10-25 12:15:36,937 [EventQueue-DeadNodeForDeadNodeHandler] INFO  pipeline.RatisPipelineProvider (RatisPipelineProvider.java:lambda$close$1(244)) - Send pipeline:PipelineID=ededb7be-9b98-4dd7-bd7e-d1cf6f441345 close command to datanode 907eb2bb-0522-4d6b-bbf0-1b213cc99331
2022-10-25 12:15:36,937 [EventQueue-DeadNodeForDeadNodeHandler] INFO  pipeline.RatisPipelineProvider (RatisPipelineProvider.java:lambda$close$1(244)) - Send pipeline:PipelineID=ededb7be-9b98-4dd7-bd7e-d1cf6f441345 close command to datanode 86ba6119-8a76-46a4-9f38-747fe10c9207
2022-10-25 12:15:36,937 [EventQueue-DeadNodeForDeadNodeHandler] INFO  pipeline.RatisPipelineProvider (RatisPipelineProvider.java:lambda$close$1(244)) - Send pipeline:PipelineID=ededb7be-9b98-4dd7-bd7e-d1cf6f441345 close command to datanode 0a1cfcca-7ba7-43aa-b517-08505af7a09b
2022-10-25 12:15:36,937 [EventQueue-DeadNodeForDeadNodeHandler] INFO  pipeline.PipelineStateManagerImpl (PipelineStateManagerImpl.java:removePipeline(245)) - Pipeline Pipeline[ Id: ededb7be-9b98-4dd7-bd7e-d1cf6f441345, Nodes: 907eb2bb-0522-4d6b-bbf0-1b213cc99331{ip: 10.1.1.43, host: fv-az82-510.ou3itxwc2spe5nxnxxppousbrf.dx.internal.cloudapp.net, ports: [REPLICATION=43209, RATIS=40069, RATIS_ADMIN=40069, RATIS_SERVER=40069, STANDALONE=36449], networkLocation: /default-rack, certSerialId: null, persistedOpState: IN_SERVICE, persistedOpStateExpiryEpochSec: 0}86ba6119-8a76-46a4-9f38-747fe10c9207{ip: 10.1.1.43, host: fv-az82-510.ou3itxwc2spe5nxnxxppousbrf.dx.internal.cloudapp.net, ports: [REPLICATION=41909, RATIS=42323, RATIS_ADMIN=42323, RATIS_SERVER=42323, STANDALONE=33887], networkLocation: /default-rack, certSerialId: null, persistedOpState: IN_SERVICE, persistedOpStateExpiryEpochSec: 0}0a1cfcca-7ba7-43aa-b517-08505af7a09b{ip: 10.1.1.43, host: fv-az82-510.ou3itxwc2spe5nxnxxppousbrf.dx.internal.cloudapp.net, ports: [REPLICATION=42611, RATIS=43175, RATIS_ADMIN=43175, RATIS_SERVER=43175, STANDALONE=40433], networkLocation: /default-rack, certSerialId: null, persistedOpState: IN_SERVICE, persistedOpStateExpiryEpochSec: 0}, ReplicationConfig: RATIS/THREE, State:CLOSED, leaderId:0a1cfcca-7ba7-43aa-b517-08505af7a09b, CreationTimestamp2022-10-25T12:15:17.223Z[Etc/UTC]] removed.
2022-10-25 12:15:36,937 [EventQueue-DeadNodeForDeadNodeHandler] INFO  pipeline.RatisPipelineProvider (RatisPipelineProvider.java:lambda$close$1(244)) - Send pipeline:PipelineID=cc640d43-417d-4dcd-bd1f-0a56fe1ff9ef close command to datanode 86ba6119-8a76-46a4-9f38-747fe10c9207
2022-10-25 12:15:36,938 [EventQueue-DeadNodeForDeadNodeHandler] INFO  pipeline.PipelineStateManagerImpl (PipelineStateManagerImpl.java:removePipeline(245)) - Pipeline Pipeline[ Id: cc640d43-417d-4dcd-bd1f-0a56fe1ff9ef, Nodes: 86ba6119-8a76-46a4-9f38-747fe10c9207{ip: 10.1.1.43, host: fv-az82-510.ou3itxwc2spe5nxnxxppousbrf.dx.internal.cloudapp.net, ports: [REPLICATION=41909, RATIS=42323, RATIS_ADMIN=42323, RATIS_SERVER=42323, STANDALONE=33887], networkLocation: /default-rack, certSerialId: null, persistedOpState: IN_SERVICE, persistedOpStateExpiryEpochSec: 0}, ReplicationConfig: RATIS/ONE, State:CLOSED, leaderId:86ba6119-8a76-46a4-9f38-747fe10c9207, CreationTimestamp2022-10-25T12:15:16.429Z[Etc/UTC]] removed.
2022-10-25 12:15:36,939 [EventQueue-DeadNodeForDeadNodeHandler] INFO  net.NetworkTopologyImpl (NetworkTopologyImpl.java:remove(190)) - Removed a node: /default-rack/86ba6119-8a76-46a4-9f38-747fe10c9207
2022-10-25 12:15:36,983 [Listener at 127.0.0.1/33161] INFO  replication.ReplicationManager (ReplicationManager.java:start(234)) - Starting Replication Monitor Thread.
2022-10-25 12:15:36,985 [Under Replicated Processor] INFO  replication.UnderReplicatedProcessor (UnderReplicatedProcessor.java:processAll(92)) - Processed 0 under replicated containers, failed processing 0
2022-10-25 12:15:36,985 [Command processor thread] INFO  keyvalue.KeyValueContainer (KeyValueContainer.java:flushAndSyncDB(436)) - Container 1 is synced with bcsId 0.
2022-10-25 12:15:36,985 [Command processor thread] INFO  keyvalue.KeyValueContainer (KeyValueContainer.java:flushAndSyncDB(436)) - Container 1 is synced with bcsId 0.
2022-10-25 12:15:36,985 [Command processor thread] INFO  keyvalue.KeyValueContainer (KeyValueContainer.java:flushAndSyncDB(436)) - Container 1 is synced with bcsId 0.
2022-10-25 12:15:36,981 [Command processor thread] INFO  keyvalue.KeyValueContainer (KeyValueContainer.java:flushAndSyncDB(436)) - Container 1 is synced with bcsId 0.
2022-10-25 12:15:36,986 [Command processor thread] INFO  keyvalue.KeyValueContainer (KeyValueContainer.java:flushAndSyncDB(436)) - Container 1 is synced with bcsId 0.
2022-10-25 12:15:36,990 [ReplicationMonitor] INFO  replication.ReplicationManager (ReplicationManager.java:sendCloseContainerReplicaCommand(515)) - Sending close container command for container #1 to datanode 0a1cfcca-7ba7-43aa-b517-08505af7a09b{ip: 10.1.1.43, host: fv-az82-510.ou3itxwc2spe5nxnxxppousbrf.dx.internal.cloudapp.net, ports: [REPLICATION=42611, RATIS=43175, RATIS_ADMIN=43175, RATIS_SERVER=43175, STANDALONE=40433], networkLocation: /default-rack, certSerialId: null, persistedOpState: IN_SERVICE, persistedOpStateExpiryEpochSec: 0}.
2022-10-25 12:15:36,991 [ReplicationMonitor] INFO  replication.ReplicationManager (ReplicationManager.java:sendCloseContainerReplicaCommand(515)) - Sending close container command for container #1 to datanode 6ce03c57-5430-4ab1-bf83-fb555d2de968{ip: 10.1.1.43, host: fv-az82-510.ou3itxwc2spe5nxnxxppousbrf.dx.internal.cloudapp.net, ports: [REPLICATION=34039, RATIS=33579, RATIS_ADMIN=33579, RATIS_SERVER=33579, STANDALONE=43353], networkLocation: /default-rack, certSerialId: null, persistedOpState: IN_SERVICE, persistedOpStateExpiryEpochSec: 0}.
2022-10-25 12:15:36,991 [ReplicationMonitor] INFO  replication.ReplicationManager (ReplicationManager.java:sendCloseContainerReplicaCommand(515)) - Sending close container command for container #1 to datanode 907eb2bb-0522-4d6b-bbf0-1b213cc99331{ip: 10.1.1.43, host: fv-az82-510.ou3itxwc2spe5nxnxxppousbrf.dx.internal.cloudapp.net, ports: [REPLICATION=43209, RATIS=40069, RATIS_ADMIN=40069, RATIS_SERVER=40069, STANDALONE=36449], networkLocation: /default-rack, certSerialId: null, persistedOpState: IN_SERVICE, persistedOpStateExpiryEpochSec: 0}.
2022-10-25 12:15:36,991 [ReplicationMonitor] INFO  replication.ReplicationManager (ReplicationManager.java:processAll(335)) - Replication Monitor Thread took 2 milliseconds for processing 1 containers.
2022-10-25 12:15:36,985 [Command processor thread] INFO  keyvalue.KeyValueContainer (KeyValueContainer.java:flushAndSyncDB(436)) - Container 1 is synced with bcsId 0.
2022-10-25 12:15:36,994 [Command processor thread] INFO  keyvalue.KeyValueContainer (KeyValueContainer.java:close(351)) - Container 1 is closed with bcsId 0.
2022-10-25 12:15:37,002 [Command processor thread] INFO  keyvalue.KeyValueContainer (KeyValueContainer.java:close(351)) - Container 1 is closed with bcsId 0.
2022-10-25 12:15:37,002 [Over Replicated Processor] INFO  replication.OverReplicatedProcessor (OverReplicatedProcessor.java:processAll(90)) - Processed 0 over replicated containers, failed processing 0
2022-10-25 12:15:37,004 [Command processor thread] INFO  keyvalue.KeyValueContainer (KeyValueContainer.java:close(351)) - Container 1 is closed with bcsId 0.
2022-10-25 12:15:37,441 [grpc-default-executor-0] WARN  server.GrpcLogAppender (LogUtils.java:warn(122)) - 0a1cfcca-7ba7-43aa-b517-08505af7a09b@group-D1CF6F441345->86ba6119-8a76-46a4-9f38-747fe10c9207-AppendLogResponseHandler: Failed appendEntries: org.apache.ratis.thirdparty.io.grpc.StatusRuntimeException: UNAVAILABLE: io exception
2022-10-25 12:15:37,441 [grpc-default-executor-1] WARN  server.GrpcLogAppender (LogUtils.java:warn(122)) - 0a1cfcca-7ba7-43aa-b517-08505af7a09b@group-D1CF6F441345->86ba6119-8a76-46a4-9f38-747fe10c9207-AppendLogResponseHandler: Failed appendEntries: org.apache.ratis.thirdparty.io.grpc.StatusRuntimeException: UNAVAILABLE: io exception
2022-10-25 12:15:37,442 [grpc-default-executor-0] WARN  server.GrpcLogAppender (GrpcLogAppender.java:resetClient(131)) - 0a1cfcca-7ba7-43aa-b517-08505af7a09b@group-D1CF6F441345->86ba6119-8a76-46a4-9f38-747fe10c9207-GrpcLogAppender: Leader has not got in touch with Follower 0a1cfcca-7ba7-43aa-b517-08505af7a09b@group-D1CF6F441345->86ba6119-8a76-46a4-9f38-747fe10c9207(c0,m0,n1, attendVote=true, lastRpcSendTime=1251, lastRpcResponseTime=7536) yet, just keep nextIndex unchanged and retry.
2022-10-25 12:15:37,443 [grpc-default-executor-1] WARN  server.GrpcLogAppender (GrpcLogAppender.java:resetClient(131)) - 0a1cfcca-7ba7-43aa-b517-08505af7a09b@group-D1CF6F441345->86ba6119-8a76-46a4-9f38-747fe10c9207-GrpcLogAppender: Leader has not got in touch with Follower 0a1cfcca-7ba7-43aa-b517-08505af7a09b@group-D1CF6F441345->86ba6119-8a76-46a4-9f38-747fe10c9207(c0,m0,n1, attendVote=true, lastRpcSendTime=1252, lastRpcResponseTime=7537) yet, just keep nextIndex unchanged and retry.
2022-10-25 12:15:37,444 [grpc-default-executor-1] WARN  server.GrpcLogAppender (LogUtils.java:warn(122)) - 0a1cfcca-7ba7-43aa-b517-08505af7a09b@group-D1CF6F441345->86ba6119-8a76-46a4-9f38-747fe10c9207-AppendLogResponseHandler: Failed appendEntries: org.apache.ratis.thirdparty.io.grpc.StatusRuntimeException: UNAVAILABLE: io exception
2022-10-25 12:15:37,444 [grpc-default-executor-1] WARN  server.GrpcLogAppender (GrpcLogAppender.java:resetClient(131)) - 0a1cfcca-7ba7-43aa-b517-08505af7a09b@group-D1CF6F441345->86ba6119-8a76-46a4-9f38-747fe10c9207-GrpcLogAppender: Leader has not got in touch with Follower 0a1cfcca-7ba7-43aa-b517-08505af7a09b@group-D1CF6F441345->86ba6119-8a76-46a4-9f38-747fe10c9207(c0,m0,n1, attendVote=true, lastRpcSendTime=1254, lastRpcResponseTime=7538) yet, just keep nextIndex unchanged and retry.
2022-10-25 12:15:37,446 [grpc-default-executor-1] WARN  server.GrpcLogAppender (LogUtils.java:warn(122)) - 0a1cfcca-7ba7-43aa-b517-08505af7a09b@group-D1CF6F441345->86ba6119-8a76-46a4-9f38-747fe10c9207-AppendLogResponseHandler: Failed appendEntries: org.apache.ratis.thirdparty.io.grpc.StatusRuntimeException: UNAVAILABLE: io exception
2022-10-25 12:15:37,447 [grpc-default-executor-5] WARN  server.GrpcLogAppender (LogUtils.java:warn(122)) - 0a1cfcca-7ba7-43aa-b517-08505af7a09b@group-D1CF6F441345->86ba6119-8a76-46a4-9f38-747fe10c9207-AppendLogResponseHandler: Failed appendEntries: org.apache.ratis.thirdparty.io.grpc.StatusRuntimeException: UNAVAILABLE: io exception
2022-10-25 12:15:37,450 [grpc-default-executor-2] WARN  server.GrpcLogAppender (LogUtils.java:warn(122)) - 0a1cfcca-7ba7-43aa-b517-08505af7a09b@group-D1CF6F441345->86ba6119-8a76-46a4-9f38-747fe10c9207-AppendLogResponseHandler: Failed appendEntries: org.apache.ratis.thirdparty.io.grpc.StatusRuntimeException: UNAVAILABLE: io exception
2022-10-25 12:15:37,451 [grpc-default-executor-1] WARN  server.GrpcLogAppender (GrpcLogAppender.java:resetClient(131)) - 0a1cfcca-7ba7-43aa-b517-08505af7a09b@group-D1CF6F441345->86ba6119-8a76-46a4-9f38-747fe10c9207-GrpcLogAppender: Leader has not got in touch with Follower 0a1cfcca-7ba7-43aa-b517-08505af7a09b@group-D1CF6F441345->86ba6119-8a76-46a4-9f38-747fe10c9207(c0,m0,n1, attendVote=true, lastRpcSendTime=3, lastRpcResponseTime=7545) yet, just keep nextIndex unchanged and retry.
2022-10-25 12:15:37,452 [grpc-default-executor-5] WARN  server.GrpcLogAppender (GrpcLogAppender.java:resetClient(131)) - 0a1cfcca-7ba7-43aa-b517-08505af7a09b@group-D1CF6F441345->86ba6119-8a76-46a4-9f38-747fe10c9207-GrpcLogAppender: Leader has not got in touch with Follower 0a1cfcca-7ba7-43aa-b517-08505af7a09b@group-D1CF6F441345->86ba6119-8a76-46a4-9f38-747fe10c9207(c0,m0,n1, attendVote=true, lastRpcSendTime=5, lastRpcResponseTime=7546) yet, just keep nextIndex unchanged and retry.
2022-10-25 12:15:37,452 [grpc-default-executor-2] WARN  server.GrpcLogAppender (GrpcLogAppender.java:resetClient(131)) - 0a1cfcca-7ba7-43aa-b517-08505af7a09b@group-D1CF6F441345->86ba6119-8a76-46a4-9f38-747fe10c9207-GrpcLogAppender: Leader has not got in touch with Follower 0a1cfcca-7ba7-43aa-b517-08505af7a09b@group-D1CF6F441345->86ba6119-8a76-46a4-9f38-747fe10c9207(c0,m0,n1, attendVote=true, lastRpcSendTime=5, lastRpcResponseTime=7546) yet, just keep nextIndex unchanged and retry.
2022-10-25 12:15:38,698 [grpc-default-executor-2] WARN  server.GrpcLogAppender (LogUtils.java:warn(122)) - 0a1cfcca-7ba7-43aa-b517-08505af7a09b@group-D1CF6F441345->86ba6119-8a76-46a4-9f38-747fe10c9207-AppendLogResponseHandler: Failed appendEntries: org.apache.ratis.thirdparty.io.grpc.StatusRuntimeException: UNAVAILABLE: io exception
2022-10-25 12:15:38,699 [grpc-default-executor-2] WARN  server.GrpcLogAppender (GrpcLogAppender.java:resetClient(131)) - 0a1cfcca-7ba7-43aa-b517-08505af7a09b@group-D1CF6F441345->86ba6119-8a76-46a4-9f38-747fe10c9207-GrpcLogAppender: Leader has not got in touch with Follower 0a1cfcca-7ba7-43aa-b517-08505af7a09b@group-D1CF6F441345->86ba6119-8a76-46a4-9f38-747fe10c9207(c0,m0,n1, attendVote=true, lastRpcSendTime=1, lastRpcResponseTime=8792) yet, just keep nextIndex unchanged and retry.
2022-10-25 12:15:38,698 [grpc-default-executor-5] WARN  server.GrpcLogAppender (LogUtils.java:warn(122)) - 0a1cfcca-7ba7-43aa-b517-08505af7a09b@group-D1CF6F441345->86ba6119-8a76-46a4-9f38-747fe10c9207-AppendLogResponseHandler: Failed appendEntries: org.apache.ratis.thirdparty.io.grpc.StatusRuntimeException: UNAVAILABLE: io exception
2022-10-25 12:15:38,699 [grpc-default-executor-5] WARN  server.GrpcLogAppender (GrpcLogAppender.java:resetClient(131)) - 0a1cfcca-7ba7-43aa-b517-08505af7a09b@group-D1CF6F441345->86ba6119-8a76-46a4-9f38-747fe10c9207-GrpcLogAppender: Leader has not got in touch with Follower 0a1cfcca-7ba7-43aa-b517-08505af7a09b@group-D1CF6F441345->86ba6119-8a76-46a4-9f38-747fe10c9207(c0,m0,n1, attendVote=true, lastRpcSendTime=1, lastRpcResponseTime=8793) yet, just keep nextIndex unchanged and retry.
2022-10-25 12:15:38,714 [6ce03c57-5430-4ab1-bf83-fb555d2de968@group-670B8877836B-FollowerState] INFO  impl.FollowerState (FollowerState.java:run(143)) - 6ce03c57-5430-4ab1-bf83-fb555d2de968@group-670B8877836B-FollowerState: change to CANDIDATE, lastRpcElapsedTime:5058308935ns, electionTimeout:5056ms
2022-10-25 12:15:38,714 [6ce03c57-5430-4ab1-bf83-fb555d2de968@group-670B8877836B-FollowerState] INFO  impl.RoleInfo (RoleInfo.java:shutdownFollowerState(110)) - 6ce03c57-5430-4ab1-bf83-fb555d2de968: shutdown 6ce03c57-5430-4ab1-bf83-fb555d2de968@group-670B8877836B-FollowerState
2022-10-25 12:15:38,714 [6ce03c57-5430-4ab1-bf83-fb555d2de968@group-670B8877836B-FollowerState] INFO  server.RaftServer$Division (RaftServerImpl.java:setRole(321)) - 6ce03c57-5430-4ab1-bf83-fb555d2de968@group-670B8877836B: changes role from  FOLLOWER to CANDIDATE at term 3 for changeToCandidate
2022-10-25 12:15:38,714 [6ce03c57-5430-4ab1-bf83-fb555d2de968@group-670B8877836B-FollowerState] INFO  server.RaftServerConfigKeys (ConfUtils.java:logGet(46)) - raft.server.leaderelection.pre-vote = false (custom)
2022-10-25 12:15:38,715 [6ce03c57-5430-4ab1-bf83-fb555d2de968@group-670B8877836B-FollowerState] INFO  impl.RoleInfo (RoleInfo.java:updateAndGet(139)) - 6ce03c57-5430-4ab1-bf83-fb555d2de968: start 6ce03c57-5430-4ab1-bf83-fb555d2de968@group-670B8877836B-LeaderElection34
2022-10-25 12:15:38,724 [6ce03c57-5430-4ab1-bf83-fb555d2de968@group-670B8877836B-LeaderElection34] INFO  impl.LeaderElection (LeaderElection.java:askForVotes(312)) - 6ce03c57-5430-4ab1-bf83-fb555d2de968@group-670B8877836B-LeaderElection34 ELECTION round 0: submit vote requests at term 4 for -1: peers:[be21c5c4-321c-411e-8ca9-5bb5909d110b|rpc:10.1.1.43:34703|dataStream:|priority:0|startupRole:FOLLOWER, d4065fed-2d66-41be-989b-4bd24a4f6517|rpc:10.1.1.43:33373|dataStream:|priority:0|startupRole:FOLLOWER, 6ce03c57-5430-4ab1-bf83-fb555d2de968|rpc:10.1.1.43:33579|dataStream:|priority:1|startupRole:FOLLOWER]|listeners:[], old=null
2022-10-25 12:15:38,725 [6ce03c57-5430-4ab1-bf83-fb555d2de968@group-670B8877836B-LeaderElection34] INFO  server.RaftServerConfigKeys (ConfUtils.java:logFallback(53)) - raft.server.rpc.first-election.timeout.min = 5s (fallback to raft.server.rpc.timeout.min)
2022-10-25 12:15:38,725 [6ce03c57-5430-4ab1-bf83-fb555d2de968@group-670B8877836B-LeaderElection34] INFO  server.RaftServerConfigKeys (ConfUtils.java:logFallback(53)) - raft.server.rpc.first-election.timeout.max = 5200ms (fallback to raft.server.rpc.timeout.max)
2022-10-25 12:15:38,727 [grpc-default-executor-2] INFO  server.RaftServer$Division (RaftServerImpl.java:requestVote(1218)) - d4065fed-2d66-41be-989b-4bd24a4f6517@group-670B8877836B: receive requestVote(ELECTION, 6ce03c57-5430-4ab1-bf83-fb555d2de968, group-670B8877836B, 4, (t:0, i:0))
2022-10-25 12:15:38,727 [grpc-default-executor-2] INFO  impl.VoteContext (VoteContext.java:log(48)) - d4065fed-2d66-41be-989b-4bd24a4f6517@group-670B8877836B-FOLLOWER: accept ELECTION from 6ce03c57-5430-4ab1-bf83-fb555d2de968: our priority 0 <= candidate's priority 1
2022-10-25 12:15:38,727 [grpc-default-executor-2] INFO  server.RaftServer$Division (RaftServerImpl.java:setRole(321)) - d4065fed-2d66-41be-989b-4bd24a4f6517@group-670B8877836B: changes role from  FOLLOWER to FOLLOWER at term 4 for candidate:6ce03c57-5430-4ab1-bf83-fb555d2de968
2022-10-25 12:15:38,727 [grpc-default-executor-2] INFO  impl.RoleInfo (RoleInfo.java:shutdownFollowerState(110)) - d4065fed-2d66-41be-989b-4bd24a4f6517: shutdown d4065fed-2d66-41be-989b-4bd24a4f6517@group-670B8877836B-FollowerState
2022-10-25 12:15:38,728 [grpc-default-executor-2] INFO  impl.RoleInfo (RoleInfo.java:updateAndGet(139)) - d4065fed-2d66-41be-989b-4bd24a4f6517: start d4065fed-2d66-41be-989b-4bd24a4f6517@group-670B8877836B-FollowerState
2022-10-25 12:15:38,728 [d4065fed-2d66-41be-989b-4bd24a4f6517@group-670B8877836B-FollowerState] INFO  impl.FollowerState (FollowerState.java:run(152)) - d4065fed-2d66-41be-989b-4bd24a4f6517@group-670B8877836B-FollowerState was interrupted
2022-10-25 12:15:38,728 [grpc-default-executor-5] INFO  server.RaftServer$Division (RaftServerImpl.java:requestVote(1218)) - be21c5c4-321c-411e-8ca9-5bb5909d110b@group-670B8877836B: receive requestVote(ELECTION, 6ce03c57-5430-4ab1-bf83-fb555d2de968, group-670B8877836B, 4, (t:0, i:0))
2022-10-25 12:15:38,728 [grpc-default-executor-5] INFO  impl.VoteContext (VoteContext.java:log(48)) - be21c5c4-321c-411e-8ca9-5bb5909d110b@group-670B8877836B-FOLLOWER: accept ELECTION from 6ce03c57-5430-4ab1-bf83-fb555d2de968: our priority 0 <= candidate's priority 1
2022-10-25 12:15:38,728 [grpc-default-executor-5] INFO  server.RaftServer$Division (RaftServerImpl.java:setRole(321)) - be21c5c4-321c-411e-8ca9-5bb5909d110b@group-670B8877836B: changes role from  FOLLOWER to FOLLOWER at term 4 for candidate:6ce03c57-5430-4ab1-bf83-fb555d2de968
2022-10-25 12:15:38,728 [grpc-default-executor-5] INFO  impl.RoleInfo (RoleInfo.java:shutdownFollowerState(110)) - be21c5c4-321c-411e-8ca9-5bb5909d110b: shutdown be21c5c4-321c-411e-8ca9-5bb5909d110b@group-670B8877836B-FollowerState
2022-10-25 12:15:38,733 [be21c5c4-321c-411e-8ca9-5bb5909d110b@group-670B8877836B-FollowerState] INFO  impl.FollowerState (FollowerState.java:run(152)) - be21c5c4-321c-411e-8ca9-5bb5909d110b@group-670B8877836B-FollowerState was interrupted
2022-10-25 12:15:38,733 [grpc-default-executor-5] INFO  impl.RoleInfo (RoleInfo.java:updateAndGet(139)) - be21c5c4-321c-411e-8ca9-5bb5909d110b: start be21c5c4-321c-411e-8ca9-5bb5909d110b@group-670B8877836B-FollowerState
2022-10-25 12:15:38,734 [d4065fed-2d66-41be-989b-4bd24a4f6517@group-670B8877836B-FollowerState] INFO  server.RaftServerConfigKeys (ConfUtils.java:logFallback(53)) - raft.server.rpc.first-election.timeout.min = 5s (fallback to raft.server.rpc.timeout.min)
2022-10-25 12:15:38,734 [d4065fed-2d66-41be-989b-4bd24a4f6517@group-670B8877836B-FollowerState] INFO  server.RaftServerConfigKeys (ConfUtils.java:logFallback(53)) - raft.server.rpc.first-election.timeout.max = 5200ms (fallback to raft.server.rpc.timeout.max)
2022-10-25 12:15:38,734 [be21c5c4-321c-411e-8ca9-5bb5909d110b@group-670B8877836B-FollowerState] INFO  server.RaftServerConfigKeys (ConfUtils.java:logFallback(53)) - raft.server.rpc.first-election.timeout.min = 5s (fallback to raft.server.rpc.timeout.min)
2022-10-25 12:15:38,734 [be21c5c4-321c-411e-8ca9-5bb5909d110b@group-670B8877836B-FollowerState] INFO  server.RaftServerConfigKeys (ConfUtils.java:logFallback(53)) - raft.server.rpc.first-election.timeout.max = 5200ms (fallback to raft.server.rpc.timeout.max)
2022-10-25 12:15:38,736 [grpc-default-executor-2] INFO  server.RaftServer$Division (RaftServerImpl.java:requestVote(1251)) - d4065fed-2d66-41be-989b-4bd24a4f6517@group-670B8877836B replies to ELECTION vote request: 6ce03c57-5430-4ab1-bf83-fb555d2de968<-d4065fed-2d66-41be-989b-4bd24a4f6517#0:OK-t4. Peer's state: d4065fed-2d66-41be-989b-4bd24a4f6517@group-670B8877836B:t4, leader=null, voted=6ce03c57-5430-4ab1-bf83-fb555d2de968, raftlog=Memoized:d4065fed-2d66-41be-989b-4bd24a4f6517@group-670B8877836B-SegmentedRaftLog:OPENED:c-1, conf=-1: peers:[be21c5c4-321c-411e-8ca9-5bb5909d110b|rpc:10.1.1.43:34703|dataStream:|priority:0|startupRole:FOLLOWER, d4065fed-2d66-41be-989b-4bd24a4f6517|rpc:10.1.1.43:33373|dataStream:|priority:0|startupRole:FOLLOWER, 6ce03c57-5430-4ab1-bf83-fb555d2de968|rpc:10.1.1.43:33579|dataStream:|priority:1|startupRole:FOLLOWER]|listeners:[], old=null
2022-10-25 12:15:38,737 [grpc-default-executor-5] INFO  server.RaftServer$Division (RaftServerImpl.java:requestVote(1251)) - be21c5c4-321c-411e-8ca9-5bb5909d110b@group-670B8877836B replies to ELECTION vote request: 6ce03c57-5430-4ab1-bf83-fb555d2de968<-be21c5c4-321c-411e-8ca9-5bb5909d110b#0:OK-t4. Peer's state: be21c5c4-321c-411e-8ca9-5bb5909d110b@group-670B8877836B:t4, leader=null, voted=6ce03c57-5430-4ab1-bf83-fb555d2de968, raftlog=Memoized:be21c5c4-321c-411e-8ca9-5bb5909d110b@group-670B8877836B-SegmentedRaftLog:OPENED:c-1, conf=-1: peers:[be21c5c4-321c-411e-8ca9-5bb5909d110b|rpc:10.1.1.43:34703|priority:0|startupRole:FOLLOWER, d4065fed-2d66-41be-989b-4bd24a4f6517|rpc:10.1.1.43:33373|priority:0|startupRole:FOLLOWER, 6ce03c57-5430-4ab1-bf83-fb555d2de968|rpc:10.1.1.43:33579|priority:1|startupRole:FOLLOWER]|listeners:[], old=null
2022-10-25 12:15:38,741 [6ce03c57-5430-4ab1-bf83-fb555d2de968@group-670B8877836B-LeaderElection34] INFO  impl.LeaderElection (LeaderElection.java:logAndReturn(90)) - 6ce03c57-5430-4ab1-bf83-fb555d2de968@group-670B8877836B-LeaderElection34: ELECTION PASSED received 1 response(s) and 0 exception(s):
2022-10-25 12:15:38,742 [6ce03c57-5430-4ab1-bf83-fb555d2de968@group-670B8877836B-LeaderElection34] INFO  impl.LeaderElection (LeaderElection.java:logAndReturn(94)) -   Response 0: 6ce03c57-5430-4ab1-bf83-fb555d2de968<-d4065fed-2d66-41be-989b-4bd24a4f6517#0:OK-t4
2022-10-25 12:15:38,742 [6ce03c57-5430-4ab1-bf83-fb555d2de968@group-670B8877836B-LeaderElection34] INFO  impl.LeaderElection (LeaderElection.java:askForVotes(314)) - 6ce03c57-5430-4ab1-bf83-fb555d2de968@group-670B8877836B-LeaderElection34 ELECTION round 0: result PASSED
2022-10-25 12:15:38,742 [6ce03c57-5430-4ab1-bf83-fb555d2de968@group-670B8877836B-LeaderElection34] INFO  impl.RoleInfo (RoleInfo.java:shutdownLeaderElection(130)) - 6ce03c57-5430-4ab1-bf83-fb555d2de968: shutdown 6ce03c57-5430-4ab1-bf83-fb555d2de968@group-670B8877836B-LeaderElection34
2022-10-25 12:15:38,742 [6ce03c57-5430-4ab1-bf83-fb555d2de968@group-670B8877836B-LeaderElection34] INFO  server.RaftServer$Division (RaftServerImpl.java:setRole(321)) - 6ce03c57-5430-4ab1-bf83-fb555d2de968@group-670B8877836B: changes role from CANDIDATE to LEADER at term 4 for changeToLeader
2022-10-25 12:15:38,742 [6ce03c57-5430-4ab1-bf83-fb555d2de968@group-670B8877836B-LeaderElection34] INFO  ratis.XceiverServerRatis (XceiverServerRatis.java:handleLeaderChangedNotification(863)) - Leader change notification received for group: group-670B8877836B with new leaderId: 6ce03c57-5430-4ab1-bf83-fb555d2de968
2022-10-25 12:15:38,742 [6ce03c57-5430-4ab1-bf83-fb555d2de968@group-670B8877836B-LeaderElection34] INFO  server.RaftServer$Division (ServerState.java:setLeader(313)) - 6ce03c57-5430-4ab1-bf83-fb555d2de968@group-670B8877836B: change Leader from null to 6ce03c57-5430-4ab1-bf83-fb555d2de968 at term 4 for becomeLeader, leader elected after 20226ms
2022-10-25 12:15:38,742 [6ce03c57-5430-4ab1-bf83-fb555d2de968@group-670B8877836B-LeaderElection34] INFO  server.RaftServerConfigKeys (ConfUtils.java:logGet(46)) - raft.server.staging.catchup.gap = 1000 (default)
2022-10-25 12:15:38,742 [6ce03c57-5430-4ab1-bf83-fb555d2de968@group-670B8877836B-LeaderElection34] INFO  server.RaftServerConfigKeys (ConfUtils.java:logGet(46)) - raft.server.write.element-limit = 1024 (custom)
2022-10-25 12:15:38,742 [6ce03c57-5430-4ab1-bf83-fb555d2de968@group-670B8877836B-LeaderElection34] INFO  server.RaftServerConfigKeys (ConfUtils.java:logGet(46)) - raft.server.write.byte-limit = 1024 M (=1073741824) (custom)
2022-10-25 12:15:38,743 [6ce03c57-5430-4ab1-bf83-fb555d2de968@group-670B8877836B-LeaderElection34] INFO  server.RaftServerConfigKeys (ConfUtils.java:logGet(46)) - raft.server.watch.timeout = 180s (custom)
2022-10-25 12:15:38,743 [6ce03c57-5430-4ab1-bf83-fb555d2de968@group-670B8877836B-LeaderElection34] INFO  server.RaftServerConfigKeys (ConfUtils.java:logGet(46)) - raft.server.watch.timeout.denomination = 1s (default)
2022-10-25 12:15:38,743 [6ce03c57-5430-4ab1-bf83-fb555d2de968@group-670B8877836B-LeaderElection34] INFO  server.RaftServerConfigKeys (ConfUtils.java:logGet(46)) - raft.server.watch.element-limit = 65536 (default)
2022-10-25 12:15:38,743 [6ce03c57-5430-4ab1-bf83-fb555d2de968@group-670B8877836B-LeaderElection34] INFO  server.RaftServerConfigKeys (ConfUtils.java:logGet(46)) - raft.server.write.element-limit = 1024 (custom)
2022-10-25 12:15:38,743 [6ce03c57-5430-4ab1-bf83-fb555d2de968@group-670B8877836B-LeaderElection34] INFO  server.RaftServerConfigKeys (ConfUtils.java:logGet(46)) - raft.server.write.follower.gap.ratio.max = -1.0 (default)
2022-10-25 12:15:38,744 [6ce03c57-5430-4ab1-bf83-fb555d2de968@group-670B8877836B-LeaderElection34] INFO  server.RaftServerConfigKeys (ConfUtils.java:logGet(46)) - raft.server.log.appender.snapshot.chunk.size.max = 16MB (=16777216) (default)
2022-10-25 12:15:38,744 [6ce03c57-5430-4ab1-bf83-fb555d2de968@group-670B8877836B-LeaderElection34] INFO  server.RaftServerConfigKeys (ConfUtils.java:logGet(46)) - raft.server.log.appender.buffer.byte-limit = 33554432 (custom)
2022-10-25 12:15:38,744 [6ce03c57-5430-4ab1-bf83-fb555d2de968@group-670B8877836B-LeaderElection34] INFO  server.RaftServerConfigKeys (ConfUtils.java:logGet(46)) - raft.server.log.appender.buffer.element-limit = 1 (custom)
2022-10-25 12:15:38,744 [6ce03c57-5430-4ab1-bf83-fb555d2de968@group-670B8877836B-LeaderElection34] INFO  grpc.GrpcConfigKeys (ConfUtils.java:logGet(46)) - raft.grpc.server.leader.outstanding.appends.max = 128 (default)
2022-10-25 12:15:38,744 [6ce03c57-5430-4ab1-bf83-fb555d2de968@group-670B8877836B-LeaderElection34] INFO  server.RaftServerConfigKeys (ConfUtils.java:logGet(46)) - raft.server.rpc.request.timeout = 60s (custom)
2022-10-25 12:15:38,744 [6ce03c57-5430-4ab1-bf83-fb555d2de968@group-670B8877836B-LeaderElection34] INFO  server.RaftServerConfigKeys (ConfUtils.java:logGet(46)) - raft.server.log.appender.install.snapshot.enabled = false (custom)
2022-10-25 12:15:38,744 [6ce03c57-5430-4ab1-bf83-fb555d2de968@group-670B8877836B-LeaderElection34] INFO  grpc.GrpcConfigKeys (ConfUtils.java:logGet(46)) - raft.grpc.server.heartbeat.channel = true (default)
2022-10-25 12:15:38,744 [6ce03c57-5430-4ab1-bf83-fb555d2de968@group-670B8877836B-LeaderElection34] INFO  server.RaftServerConfigKeys (ConfUtils.java:logGet(46)) - raft.server.log.appender.wait-time.min = 10ms (default)
2022-10-25 12:15:38,745 [6ce03c57-5430-4ab1-bf83-fb555d2de968@group-670B8877836B-LeaderElection34] INFO  server.RaftServerConfigKeys (ConfUtils.java:logGet(46)) - raft.server.log.appender.snapshot.chunk.size.max = 16MB (=16777216) (default)
2022-10-25 12:15:38,745 [6ce03c57-5430-4ab1-bf83-fb555d2de968@group-670B8877836B-LeaderElection34] INFO  server.RaftServerConfigKeys (ConfUtils.java:logGet(46)) - raft.server.log.appender.buffer.byte-limit = 33554432 (custom)
2022-10-25 12:15:38,747 [EventQueue-PipelineReportForPipelineReportHandler] INFO  pipeline.PipelineManagerImpl (PipelineManagerImpl.java:openPipeline(367)) - Pipeline Pipeline[ Id: 7fe513b6-f2fb-4b3f-969c-670b8877836b, Nodes: d4065fed-2d66-41be-989b-4bd24a4f6517{ip: 10.1.1.43, host: fv-az82-510.ou3itxwc2spe5nxnxxppousbrf.dx.internal.cloudapp.net, ports: [REPLICATION=36477, RATIS=33373, RATIS_ADMIN=33373, RATIS_SERVER=33373, STANDALONE=33211], networkLocation: /default-rack, certSerialId: null, persistedOpState: IN_SERVICE, persistedOpStateExpiryEpochSec: 0}be21c5c4-321c-411e-8ca9-5bb5909d110b{ip: 10.1.1.43, host: fv-az82-510.ou3itxwc2spe5nxnxxppousbrf.dx.internal.cloudapp.net, ports: [REPLICATION=34441, RATIS=34703, RATIS_ADMIN=34703, RATIS_SERVER=34703, STANDALONE=38509], networkLocation: /default-rack, certSerialId: null, persistedOpState: IN_SERVICE, persistedOpStateExpiryEpochSec: 0}6ce03c57-5430-4ab1-bf83-fb555d2de968{ip: 10.1.1.43, host: fv-az82-510.ou3itxwc2spe5nxnxxppousbrf.dx.internal.cloudapp.net, ports: [REPLICATION=34039, RATIS=33579, RATIS_ADMIN=33579, RATIS_SERVER=33579, STANDALONE=43353], networkLocation: /default-rack, certSerialId: null, persistedOpState: IN_SERVICE, persistedOpStateExpiryEpochSec: 0}, ReplicationConfig: RATIS/THREE, State:ALLOCATED, leaderId:6ce03c57-5430-4ab1-bf83-fb555d2de968, CreationTimestamp2022-10-25T12:15:16.005Z[Etc/UTC]] moved to OPEN state
2022-10-25 12:15:38,747 [6ce03c57-5430-4ab1-bf83-fb555d2de968@group-670B8877836B-LeaderElection34] INFO  server.RaftServerConfigKeys (ConfUtils.java:logGet(46)) - raft.server.log.appender.buffer.element-limit = 1 (custom)
2022-10-25 12:15:38,747 [6ce03c57-5430-4ab1-bf83-fb555d2de968@group-670B8877836B-LeaderElection34] INFO  grpc.GrpcConfigKeys (ConfUtils.java:logGet(46)) - raft.grpc.server.leader.outstanding.appends.max = 128 (default)
2022-10-25 12:15:38,747 [6ce03c57-5430-4ab1-bf83-fb555d2de968@group-670B8877836B-LeaderElection34] INFO  server.RaftServerConfigKeys (ConfUtils.java:logGet(46)) - raft.server.rpc.request.timeout = 60s (custom)
2022-10-25 12:15:38,747 [6ce03c57-5430-4ab1-bf83-fb555d2de968@group-670B8877836B-LeaderElection34] INFO  server.RaftServerConfigKeys (ConfUtils.java:logGet(46)) - raft.server.log.appender.install.snapshot.enabled = false (custom)
2022-10-25 12:15:38,748 [6ce03c57-5430-4ab1-bf83-fb555d2de968@group-670B8877836B-LeaderElection34] INFO  grpc.GrpcConfigKeys (ConfUtils.java:logGet(46)) - raft.grpc.server.heartbeat.channel = true (default)
2022-10-25 12:15:38,748 [6ce03c57-5430-4ab1-bf83-fb555d2de968@group-670B8877836B-LeaderElection34] INFO  server.RaftServerConfigKeys (ConfUtils.java:logGet(46)) - raft.server.log.appender.wait-time.min = 10ms (default)
2022-10-25 12:15:38,748 [6ce03c57-5430-4ab1-bf83-fb555d2de968@group-670B8877836B-LeaderElection34] INFO  impl.RoleInfo (RoleInfo.java:updateAndGet(139)) - 6ce03c57-5430-4ab1-bf83-fb555d2de968: start 6ce03c57-5430-4ab1-bf83-fb555d2de968@group-670B8877836B-LeaderStateImpl
2022-10-25 12:15:38,748 [6ce03c57-5430-4ab1-bf83-fb555d2de968@group-670B8877836B-LeaderElection34] INFO  segmented.SegmentedRaftLogWorker (SegmentedRaftLogWorker.java:startLogSegment(452)) - 6ce03c57-5430-4ab1-bf83-fb555d2de968@group-670B8877836B-SegmentedRaftLogWorker: Starting segment from index:0
2022-10-25 12:15:38,750 [6ce03c57-5430-4ab1-bf83-fb555d2de968@group-670B8877836B-SegmentedRaftLogWorker] INFO  segmented.SegmentedRaftLogWorker (SegmentedRaftLogWorker.java:execute(656)) - 6ce03c57-5430-4ab1-bf83-fb555d2de968@group-670B8877836B-SegmentedRaftLogWorker: created new log segment /home/runner/work/ozone/ozone/hadoop-ozone/integration-test/target/test-dir/MiniOzoneClusterImpl-59fd4bbb-78e8-4c50-bd4e-19e5c7f0d0cd/datanode-4/data/ratis/7fe513b6-f2fb-4b3f-969c-670b8877836b/current/log_inprogress_0
2022-10-25 12:15:38,776 [6ce03c57-5430-4ab1-bf83-fb555d2de968@group-670B8877836B-LeaderElection34] INFO  server.RaftServer$Division (ServerState.java:setRaftConf(430)) - 6ce03c57-5430-4ab1-bf83-fb555d2de968@group-670B8877836B: set configuration 0: peers:[be21c5c4-321c-411e-8ca9-5bb5909d110b|rpc:10.1.1.43:34703|dataStream:|priority:0|startupRole:FOLLOWER, d4065fed-2d66-41be-989b-4bd24a4f6517|rpc:10.1.1.43:33373|dataStream:|priority:0|startupRole:FOLLOWER, 6ce03c57-5430-4ab1-bf83-fb555d2de968|rpc:10.1.1.43:33579|dataStream:|priority:1|startupRole:FOLLOWER]|listeners:[], old=null
2022-10-25 12:15:38,784 [be21c5c4-321c-411e-8ca9-5bb5909d110b-server-thread1] INFO  ratis.XceiverServerRatis (XceiverServerRatis.java:handleLeaderChangedNotification(863)) - Leader change notification received for group: group-670B8877836B with new leaderId: 6ce03c57-5430-4ab1-bf83-fb555d2de968
2022-10-25 12:15:38,784 [be21c5c4-321c-411e-8ca9-5bb5909d110b-server-thread1] INFO  server.RaftServer$Division (ServerState.java:setLeader(313)) - be21c5c4-321c-411e-8ca9-5bb5909d110b@group-670B8877836B: change Leader from null to 6ce03c57-5430-4ab1-bf83-fb555d2de968 at term 4 for appendEntries, leader elected after 20352ms
2022-10-25 12:15:38,785 [d4065fed-2d66-41be-989b-4bd24a4f6517-server-thread1] INFO  ratis.XceiverServerRatis (XceiverServerRatis.java:handleLeaderChangedNotification(863)) - Leader change notification received for group: group-670B8877836B with new leaderId: 6ce03c57-5430-4ab1-bf83-fb555d2de968
2022-10-25 12:15:38,798 [d4065fed-2d66-41be-989b-4bd24a4f6517-server-thread1] INFO  server.RaftServer$Division (ServerState.java:setLeader(313)) - d4065fed-2d66-41be-989b-4bd24a4f6517@group-670B8877836B: change Leader from null to 6ce03c57-5430-4ab1-bf83-fb555d2de968 at term 4 for appendEntries, leader elected after 20311ms
2022-10-25 12:15:38,798 [d4065fed-2d66-41be-989b-4bd24a4f6517-server-thread2] INFO  server.RaftServer$Division (ServerState.java:setRaftConf(430)) - d4065fed-2d66-41be-989b-4bd24a4f6517@group-670B8877836B: set configuration 0: peers:[be21c5c4-321c-411e-8ca9-5bb5909d110b|rpc:10.1.1.43:34703|dataStream:|priority:0|startupRole:FOLLOWER, d4065fed-2d66-41be-989b-4bd24a4f6517|rpc:10.1.1.43:33373|dataStream:|priority:0|startupRole:FOLLOWER, 6ce03c57-5430-4ab1-bf83-fb555d2de968|rpc:10.1.1.43:33579|dataStream:|priority:1|startupRole:FOLLOWER]|listeners:[], old=null
2022-10-25 12:15:38,799 [d4065fed-2d66-41be-989b-4bd24a4f6517-server-thread2] INFO  segmented.SegmentedRaftLogWorker (SegmentedRaftLogWorker.java:startLogSegment(452)) - d4065fed-2d66-41be-989b-4bd24a4f6517@group-670B8877836B-SegmentedRaftLogWorker: Starting segment from index:0
2022-10-25 12:15:38,809 [be21c5c4-321c-411e-8ca9-5bb5909d110b-server-thread3] INFO  server.RaftServer$Division (ServerState.java:setRaftConf(430)) - be21c5c4-321c-411e-8ca9-5bb5909d110b@group-670B8877836B: set configuration 0: peers:[be21c5c4-321c-411e-8ca9-5bb5909d110b|rpc:10.1.1.43:34703|dataStream:|priority:0|startupRole:FOLLOWER, d4065fed-2d66-41be-989b-4bd24a4f6517|rpc:10.1.1.43:33373|dataStream:|priority:0|startupRole:FOLLOWER, 6ce03c57-5430-4ab1-bf83-fb555d2de968|rpc:10.1.1.43:33579|dataStream:|priority:1|startupRole:FOLLOWER]|listeners:[], old=null
2022-10-25 12:15:38,810 [be21c5c4-321c-411e-8ca9-5bb5909d110b-server-thread3] INFO  segmented.SegmentedRaftLogWorker (SegmentedRaftLogWorker.java:startLogSegment(452)) - be21c5c4-321c-411e-8ca9-5bb5909d110b@group-670B8877836B-SegmentedRaftLogWorker: Starting segment from index:0
2022-10-25 12:15:38,829 [d4065fed-2d66-41be-989b-4bd24a4f6517@group-670B8877836B-SegmentedRaftLogWorker] INFO  segmented.SegmentedRaftLogWorker (SegmentedRaftLogWorker.java:execute(656)) - d4065fed-2d66-41be-989b-4bd24a4f6517@group-670B8877836B-SegmentedRaftLogWorker: created new log segment /home/runner/work/ozone/ozone/hadoop-ozone/integration-test/target/test-dir/MiniOzoneClusterImpl-59fd4bbb-78e8-4c50-bd4e-19e5c7f0d0cd/datanode-5/data/ratis/7fe513b6-f2fb-4b3f-969c-670b8877836b/current/log_inprogress_0
2022-10-25 12:15:38,833 [be21c5c4-321c-411e-8ca9-5bb5909d110b@group-670B8877836B-SegmentedRaftLogWorker] INFO  segmented.SegmentedRaftLogWorker (SegmentedRaftLogWorker.java:execute(656)) - be21c5c4-321c-411e-8ca9-5bb5909d110b@group-670B8877836B-SegmentedRaftLogWorker: created new log segment /home/runner/work/ozone/ozone/hadoop-ozone/integration-test/target/test-dir/MiniOzoneClusterImpl-59fd4bbb-78e8-4c50-bd4e-19e5c7f0d0cd/datanode-3/data/ratis/7fe513b6-f2fb-4b3f-969c-670b8877836b/current/log_inprogress_0
2022-10-25 12:15:38,911 [Command processor thread] INFO  server.RaftServer (RaftServerProxy.java:remove(107)) - 0a1cfcca-7ba7-43aa-b517-08505af7a09b: remove  FOLLOWER 0a1cfcca-7ba7-43aa-b517-08505af7a09b@group-A2CE196D64DA:t3, leader=null, voted=0a1cfcca-7ba7-43aa-b517-08505af7a09b, raftlog=Memoized:0a1cfcca-7ba7-43aa-b517-08505af7a09b@group-A2CE196D64DA-SegmentedRaftLog:OPENED:c-1, conf=-1: peers:[0a1cfcca-7ba7-43aa-b517-08505af7a09b|rpc:10.1.1.43:43175|dataStream:|priority:0|startupRole:FOLLOWER, 86ba6119-8a76-46a4-9f38-747fe10c9207|rpc:10.1.1.43:42323|dataStream:|priority:0|startupRole:FOLLOWER, 907eb2bb-0522-4d6b-bbf0-1b213cc99331|rpc:10.1.1.43:40069|dataStream:|priority:1|startupRole:FOLLOWER]|listeners:[], old=null RUNNING
2022-10-25 12:15:38,911 [Command processor thread] INFO  server.RaftServer (RaftServerProxy.java:remove(107)) - 907eb2bb-0522-4d6b-bbf0-1b213cc99331: remove  FOLLOWER 907eb2bb-0522-4d6b-bbf0-1b213cc99331@group-A2CE196D64DA:t3, leader=null, voted=null, raftlog=Memoized:907eb2bb-0522-4d6b-bbf0-1b213cc99331@group-A2CE196D64DA-SegmentedRaftLog:OPENED:c-1, conf=-1: peers:[0a1cfcca-7ba7-43aa-b517-08505af7a09b|rpc:10.1.1.43:43175|dataStream:|priority:0|startupRole:FOLLOWER, 86ba6119-8a76-46a4-9f38-747fe10c9207|rpc:10.1.1.43:42323|dataStream:|priority:0|startupRole:FOLLOWER, 907eb2bb-0522-4d6b-bbf0-1b213cc99331|rpc:10.1.1.43:40069|dataStream:|priority:1|startupRole:FOLLOWER]|listeners:[], old=null RUNNING
2022-10-25 12:15:38,914 [Command processor thread] INFO  server.RaftServer$Division (RaftServerImpl.java:lambda$close$4(458)) - 0a1cfcca-7ba7-43aa-b517-08505af7a09b@group-A2CE196D64DA: shutdown
2022-10-25 12:15:38,914 [Command processor thread] INFO  util.JmxRegister (JmxRegister.java:unregister(73)) - Successfully un-registered JMX Bean with object name Ratis:service=RaftServer,group=group-A2CE196D64DA,id=0a1cfcca-7ba7-43aa-b517-08505af7a09b
2022-10-25 12:15:38,914 [Command processor thread] INFO  impl.RoleInfo (RoleInfo.java:shutdownFollowerState(110)) - 0a1cfcca-7ba7-43aa-b517-08505af7a09b: shutdown 0a1cfcca-7ba7-43aa-b517-08505af7a09b@group-A2CE196D64DA-FollowerState
2022-10-25 12:15:38,914 [0a1cfcca-7ba7-43aa-b517-08505af7a09b@group-A2CE196D64DA-FollowerState] INFO  impl.FollowerState (FollowerState.java:run(152)) - 0a1cfcca-7ba7-43aa-b517-08505af7a09b@group-A2CE196D64DA-FollowerState was interrupted
2022-10-25 12:15:38,914 [Command processor thread] INFO  server.RaftServer$Division (RaftServerImpl.java:lambda$close$4(458)) - 907eb2bb-0522-4d6b-bbf0-1b213cc99331@group-A2CE196D64DA: shutdown
2022-10-25 12:15:38,914 [Command processor thread] INFO  util.JmxRegister (JmxRegister.java:unregister(73)) - Successfully un-registered JMX Bean with object name Ratis:service=RaftServer,group=group-A2CE196D64DA,id=907eb2bb-0522-4d6b-bbf0-1b213cc99331
2022-10-25 12:15:38,914 [Command processor thread] INFO  impl.RoleInfo (RoleInfo.java:shutdownFollowerState(110)) - 907eb2bb-0522-4d6b-bbf0-1b213cc99331: shutdown 907eb2bb-0522-4d6b-bbf0-1b213cc99331@group-A2CE196D64DA-FollowerState
2022-10-25 12:15:38,914 [Command processor thread] INFO  impl.StateMachineUpdater (StateMachineUpdater.java:stopAndJoin(153)) - 907eb2bb-0522-4d6b-bbf0-1b213cc99331@group-A2CE196D64DA-StateMachineUpdater: set stopIndex = -1
2022-10-25 12:15:38,917 [907eb2bb-0522-4d6b-bbf0-1b213cc99331@group-A2CE196D64DA-FollowerState] INFO  impl.FollowerState (FollowerState.java:run(152)) - 907eb2bb-0522-4d6b-bbf0-1b213cc99331@group-A2CE196D64DA-FollowerState was interrupted
2022-10-25 12:15:38,917 [Command processor thread] INFO  server.RaftServer$Division (ServerState.java:close(466)) - 907eb2bb-0522-4d6b-bbf0-1b213cc99331@group-A2CE196D64DA: closes. applyIndex: -1
2022-10-25 12:15:38,918 [907eb2bb-0522-4d6b-bbf0-1b213cc99331@group-A2CE196D64DA-SegmentedRaftLogWorker] INFO  segmented.SegmentedRaftLogWorker (SegmentedRaftLogWorker.java:run(345)) - 907eb2bb-0522-4d6b-bbf0-1b213cc99331@group-A2CE196D64DA-SegmentedRaftLogWorker was interrupted, exiting. There are 0 tasks remaining in the queue.
2022-10-25 12:15:38,918 [Command processor thread] INFO  segmented.SegmentedRaftLogWorker (SegmentedRaftLogWorker.java:close(255)) - 907eb2bb-0522-4d6b-bbf0-1b213cc99331@group-A2CE196D64DA-SegmentedRaftLogWorker close()
2022-10-25 12:15:38,920 [Command processor thread] INFO  impl.StateMachineUpdater (StateMachineUpdater.java:stopAndJoin(153)) - 0a1cfcca-7ba7-43aa-b517-08505af7a09b@group-A2CE196D64DA-StateMachineUpdater: set stopIndex = -1
2022-10-25 12:15:38,921 [Command processor thread] INFO  server.RaftServer$Division (ServerState.java:close(466)) - 0a1cfcca-7ba7-43aa-b517-08505af7a09b@group-A2CE196D64DA: closes. applyIndex: -1
2022-10-25 12:15:38,921 [0a1cfcca-7ba7-43aa-b517-08505af7a09b@group-A2CE196D64DA-SegmentedRaftLogWorker] INFO  segmented.SegmentedRaftLogWorker (SegmentedRaftLogWorker.java:run(345)) - 0a1cfcca-7ba7-43aa-b517-08505af7a09b@group-A2CE196D64DA-SegmentedRaftLogWorker was interrupted, exiting. There are 0 tasks remaining in the queue.
2022-10-25 12:15:38,921 [Command processor thread] INFO  segmented.SegmentedRaftLogWorker (SegmentedRaftLogWorker.java:close(255)) - 0a1cfcca-7ba7-43aa-b517-08505af7a09b@group-A2CE196D64DA-SegmentedRaftLogWorker close()
2022-10-25 12:15:38,924 [Command processor thread] INFO  server.RaftServer$Division (RaftServerImpl.java:groupRemove(428)) - 907eb2bb-0522-4d6b-bbf0-1b213cc99331@group-A2CE196D64DA: Succeed to remove RaftStorageDirectory Storage Directory /home/runner/work/ozone/ozone/hadoop-ozone/integration-test/target/test-dir/MiniOzoneClusterImpl-59fd4bbb-78e8-4c50-bd4e-19e5c7f0d0cd/datanode-8/data/ratis/282e6f30-2b1d-4c13-924a-a2ce196d64da
2022-10-25 12:15:38,924 [Command processor thread] INFO  commandhandler.ClosePipelineCommandHandler (ClosePipelineCommandHandler.java:handle(78)) - Close Pipeline PipelineID=282e6f30-2b1d-4c13-924a-a2ce196d64da command on datanode 907eb2bb-0522-4d6b-bbf0-1b213cc99331.
2022-10-25 12:15:38,924 [Command processor thread] INFO  server.RaftServer (RaftServerProxy.java:remove(107)) - 907eb2bb-0522-4d6b-bbf0-1b213cc99331: remove  FOLLOWER 907eb2bb-0522-4d6b-bbf0-1b213cc99331@group-D1CF6F441345:t2, leader=0a1cfcca-7ba7-43aa-b517-08505af7a09b, voted=0a1cfcca-7ba7-43aa-b517-08505af7a09b, raftlog=Memoized:907eb2bb-0522-4d6b-bbf0-1b213cc99331@group-D1CF6F441345-SegmentedRaftLog:OPENED:c0, conf=0: peers:[0a1cfcca-7ba7-43aa-b517-08505af7a09b|rpc:10.1.1.43:43175|dataStream:|priority:1|startupRole:FOLLOWER, 86ba6119-8a76-46a4-9f38-747fe10c9207|rpc:10.1.1.43:42323|dataStream:|priority:0|startupRole:FOLLOWER, 907eb2bb-0522-4d6b-bbf0-1b213cc99331|rpc:10.1.1.43:40069|dataStream:|priority:0|startupRole:FOLLOWER]|listeners:[], old=null RUNNING
2022-10-25 12:15:38,924 [Command processor thread] INFO  server.RaftServer$Division (RaftServerImpl.java:lambda$close$4(458)) - 907eb2bb-0522-4d6b-bbf0-1b213cc99331@group-D1CF6F441345: shutdown
2022-10-25 12:15:38,924 [Command processor thread] INFO  util.JmxRegister (JmxRegister.java:unregister(73)) - Successfully un-registered JMX Bean with object name Ratis:service=RaftServer,group=group-D1CF6F441345,id=907eb2bb-0522-4d6b-bbf0-1b213cc99331
2022-10-25 12:15:38,925 [Command processor thread] INFO  impl.RoleInfo (RoleInfo.java:shutdownFollowerState(110)) - 907eb2bb-0522-4d6b-bbf0-1b213cc99331: shutdown 907eb2bb-0522-4d6b-bbf0-1b213cc99331@group-D1CF6F441345-FollowerState
2022-10-25 12:15:38,925 [Command processor thread] INFO  impl.StateMachineUpdater (StateMachineUpdater.java:stopAndJoin(153)) - 907eb2bb-0522-4d6b-bbf0-1b213cc99331@group-D1CF6F441345-StateMachineUpdater: set stopIndex = 0
2022-10-25 12:15:38,925 [907eb2bb-0522-4d6b-bbf0-1b213cc99331@group-D1CF6F441345-FollowerState] INFO  impl.FollowerState (FollowerState.java:run(152)) - 907eb2bb-0522-4d6b-bbf0-1b213cc99331@group-D1CF6F441345-FollowerState was interrupted
2022-10-25 12:15:38,929 [907eb2bb-0522-4d6b-bbf0-1b213cc99331@group-D1CF6F441345-StateMachineUpdater] INFO  ratis.ContainerStateMachine (ContainerStateMachine.java:takeSnapshot(304)) - group-D1CF6F441345: Taking a snapshot at:(t:2, i:0) file /home/runner/work/ozone/ozone/hadoop-ozone/integration-test/target/test-dir/MiniOzoneClusterImpl-59fd4bbb-78e8-4c50-bd4e-19e5c7f0d0cd/datanode-8/data/ratis/ededb7be-9b98-4dd7-bd7e-d1cf6f441345/sm/snapshot.2_0
2022-10-25 12:15:38,930 [Command processor thread] INFO  server.RaftServer$Division (RaftServerImpl.java:groupRemove(428)) - 0a1cfcca-7ba7-43aa-b517-08505af7a09b@group-A2CE196D64DA: Succeed to remove RaftStorageDirectory Storage Directory /home/runner/work/ozone/ozone/hadoop-ozone/integration-test/target/test-dir/MiniOzoneClusterImpl-59fd4bbb-78e8-4c50-bd4e-19e5c7f0d0cd/datanode-7/data/ratis/282e6f30-2b1d-4c13-924a-a2ce196d64da
2022-10-25 12:15:38,930 [907eb2bb-0522-4d6b-bbf0-1b213cc99331@group-D1CF6F441345-StateMachineUpdater] INFO  ratis.ContainerStateMachine (ContainerStateMachine.java:takeSnapshot(315)) - group-D1CF6F441345: Finished taking a snapshot at:(t:2, i:0) file:/home/runner/work/ozone/ozone/hadoop-ozone/integration-test/target/test-dir/MiniOzoneClusterImpl-59fd4bbb-78e8-4c50-bd4e-19e5c7f0d0cd/datanode-8/data/ratis/ededb7be-9b98-4dd7-bd7e-d1cf6f441345/sm/snapshot.2_0 took: 1 ms
2022-10-25 12:15:38,931 [907eb2bb-0522-4d6b-bbf0-1b213cc99331@group-D1CF6F441345-StateMachineUpdater] INFO  impl.StateMachineUpdater (StateMachineUpdater.java:takeSnapshot(287)) - 907eb2bb-0522-4d6b-bbf0-1b213cc99331@group-D1CF6F441345-StateMachineUpdater: Took a snapshot at index 0
2022-10-25 12:15:38,931 [907eb2bb-0522-4d6b-bbf0-1b213cc99331@group-D1CF6F441345-StateMachineUpdater] INFO  impl.StateMachineUpdater (StateMachineUpdater.java:lambda$new$0(92)) - 907eb2bb-0522-4d6b-bbf0-1b213cc99331@group-D1CF6F441345-StateMachineUpdater: snapshotIndex: updateIncreasingly -1 -> 0
2022-10-25 12:15:38,931 [Command processor thread] INFO  commandhandler.ClosePipelineCommandHandler (ClosePipelineCommandHandler.java:handle(78)) - Close Pipeline PipelineID=282e6f30-2b1d-4c13-924a-a2ce196d64da command on datanode 0a1cfcca-7ba7-43aa-b517-08505af7a09b.
2022-10-25 12:15:38,932 [Command processor thread] INFO  server.RaftServer (RaftServerProxy.java:remove(107)) - 0a1cfcca-7ba7-43aa-b517-08505af7a09b: remove    LEADER 0a1cfcca-7ba7-43aa-b517-08505af7a09b@group-D1CF6F441345:t2, leader=0a1cfcca-7ba7-43aa-b517-08505af7a09b, voted=0a1cfcca-7ba7-43aa-b517-08505af7a09b, raftlog=Memoized:0a1cfcca-7ba7-43aa-b517-08505af7a09b@group-D1CF6F441345-SegmentedRaftLog:OPENED:c0, conf=0: peers:[0a1cfcca-7ba7-43aa-b517-08505af7a09b|rpc:10.1.1.43:43175|dataStream:|priority:1|startupRole:FOLLOWER, 86ba6119-8a76-46a4-9f38-747fe10c9207|rpc:10.1.1.43:42323|dataStream:|priority:0|startupRole:FOLLOWER, 907eb2bb-0522-4d6b-bbf0-1b213cc99331|rpc:10.1.1.43:40069|dataStream:|priority:0|startupRole:FOLLOWER]|listeners:[], old=null RUNNING
2022-10-25 12:15:38,932 [Command processor thread] INFO  server.RaftServer$Division (RaftServerImpl.java:lambda$close$4(458)) - 0a1cfcca-7ba7-43aa-b517-08505af7a09b@group-D1CF6F441345: shutdown
2022-10-25 12:15:38,932 [Command processor thread] INFO  util.JmxRegister (JmxRegister.java:unregister(73)) - Successfully un-registered JMX Bean with object name Ratis:service=RaftServer,group=group-D1CF6F441345,id=0a1cfcca-7ba7-43aa-b517-08505af7a09b
2022-10-25 12:15:38,932 [Command processor thread] INFO  impl.RoleInfo (RoleInfo.java:shutdownLeaderState(93)) - 0a1cfcca-7ba7-43aa-b517-08505af7a09b: shutdown 0a1cfcca-7ba7-43aa-b517-08505af7a09b@group-D1CF6F441345-LeaderStateImpl
2022-10-25 12:15:38,933 [0a1cfcca-7ba7-43aa-b517-08505af7a09b@group-D1CF6F441345->907eb2bb-0522-4d6b-bbf0-1b213cc99331-GrpcLogAppender-LogAppenderDaemon] WARN  server.GrpcLogAppender (GrpcLogAppender.java:mayWait(200)) - 0a1cfcca-7ba7-43aa-b517-08505af7a09b@group-D1CF6F441345->907eb2bb-0522-4d6b-bbf0-1b213cc99331-GrpcLogAppender: Wait interrupted by java.lang.InterruptedException
2022-10-25 12:15:38,935 [grpc-default-executor-0] INFO  server.GrpcServerProtocolService (GrpcServerProtocolService.java:onCompleted(145)) - 907eb2bb-0522-4d6b-bbf0-1b213cc99331: Completed APPEND_ENTRIES, lastRequest: 0a1cfcca-7ba7-43aa-b517-08505af7a09b->907eb2bb-0522-4d6b-bbf0-1b213cc99331#1-t2,previous=(t:0, i:0),leaderCommit=0,initializing? true,entries: size=1, first=(t:2, i:0), CONFIGURATIONENTRY(current:id: "0a1cfcca-7ba7-43aa-b517-08505af7a09b"
address: "10.1.1.43:43175"
priority: 1
clientAddress: "10.1.1.43:43175"
adminAddress: "10.1.1.43:43175"
startupRole: FOLLOWER
,id: "86ba6119-8a76-46a4-9f38-747fe10c9207"
address: "10.1.1.43:42323"
clientAddress: "10.1.1.43:42323"
adminAddress: "10.1.1.43:42323"
startupRole: FOLLOWER
,id: "907eb2bb-0522-4d6b-bbf0-1b213cc99331"
address: "10.1.1.43:40069"
clientAddress: "10.1.1.43:40069"
adminAddress: "10.1.1.43:40069"
startupRole: FOLLOWER
, old:)
2022-10-25 12:15:38,935 [grpc-default-executor-1] INFO  server.GrpcServerProtocolService (GrpcServerProtocolService.java:onCompleted(145)) - 907eb2bb-0522-4d6b-bbf0-1b213cc99331: Completed APPEND_ENTRIES, lastRequest: null
2022-10-25 12:15:38,936 [grpc-default-executor-2] INFO  server.GrpcLogAppender (GrpcLogAppender.java:onCompleted(415)) - 0a1cfcca-7ba7-43aa-b517-08505af7a09b@group-D1CF6F441345->907eb2bb-0522-4d6b-bbf0-1b213cc99331-AppendLogResponseHandler: follower responses appendEntries COMPLETED
2022-10-25 12:15:38,937 [grpc-default-executor-2] INFO  leader.FollowerInfo (FollowerInfoImpl.java:lambda$new$0(48)) - 0a1cfcca-7ba7-43aa-b517-08505af7a09b@group-D1CF6F441345->907eb2bb-0522-4d6b-bbf0-1b213cc99331: nextIndex: updateUnconditionally 1 -> 0
2022-10-25 12:15:38,937 [grpc-default-executor-5] INFO  server.GrpcLogAppender (GrpcLogAppender.java:onCompleted(415)) - 0a1cfcca-7ba7-43aa-b517-08505af7a09b@group-D1CF6F441345->907eb2bb-0522-4d6b-bbf0-1b213cc99331-AppendLogResponseHandler: follower responses appendEntries COMPLETED
2022-10-25 12:15:38,937 [Command processor thread] INFO  server.RaftServer$Division (ServerState.java:close(466)) - 907eb2bb-0522-4d6b-bbf0-1b213cc99331@group-D1CF6F441345: closes. applyIndex: 0
2022-10-25 12:15:38,933 [Command processor thread] INFO  impl.PendingRequests (PendingRequests.java:sendNotLeaderResponses(282)) - 0a1cfcca-7ba7-43aa-b517-08505af7a09b@group-D1CF6F441345-PendingRequests: sendNotLeaderResponses
2022-10-25 12:15:38,937 [grpc-default-executor-5] INFO  leader.FollowerInfo (FollowerInfoImpl.java:lambda$new$0(48)) - 0a1cfcca-7ba7-43aa-b517-08505af7a09b@group-D1CF6F441345->907eb2bb-0522-4d6b-bbf0-1b213cc99331: nextIndex: updateUnconditionally 0 -> 0
2022-10-25 12:15:38,938 [Command processor thread] INFO  impl.StateMachineUpdater (StateMachineUpdater.java:stopAndJoin(153)) - 0a1cfcca-7ba7-43aa-b517-08505af7a09b@group-D1CF6F441345-StateMachineUpdater: set stopIndex = 0
2022-10-25 12:15:38,939 [0a1cfcca-7ba7-43aa-b517-08505af7a09b@group-D1CF6F441345-StateMachineUpdater] INFO  ratis.ContainerStateMachine (ContainerStateMachine.java:takeSnapshot(304)) - group-D1CF6F441345: Taking a snapshot at:(t:2, i:0) file /home/runner/work/ozone/ozone/hadoop-ozone/integration-test/target/test-dir/MiniOzoneClusterImpl-59fd4bbb-78e8-4c50-bd4e-19e5c7f0d0cd/datanode-7/data/ratis/ededb7be-9b98-4dd7-bd7e-d1cf6f441345/sm/snapshot.2_0
2022-10-25 12:15:38,939 [907eb2bb-0522-4d6b-bbf0-1b213cc99331@group-D1CF6F441345-SegmentedRaftLogWorker] INFO  segmented.SegmentedRaftLogWorker (SegmentedRaftLogWorker.java:run(345)) - 907eb2bb-0522-4d6b-bbf0-1b213cc99331@group-D1CF6F441345-SegmentedRaftLogWorker was interrupted, exiting. There are 0 tasks remaining in the queue.
2022-10-25 12:15:38,940 [0a1cfcca-7ba7-43aa-b517-08505af7a09b@group-D1CF6F441345-StateMachineUpdater] INFO  ratis.ContainerStateMachine (ContainerStateMachine.java:takeSnapshot(315)) - group-D1CF6F441345: Finished taking a snapshot at:(t:2, i:0) file:/home/runner/work/ozone/ozone/hadoop-ozone/integration-test/target/test-dir/MiniOzoneClusterImpl-59fd4bbb-78e8-4c50-bd4e-19e5c7f0d0cd/datanode-7/data/ratis/ededb7be-9b98-4dd7-bd7e-d1cf6f441345/sm/snapshot.2_0 took: 1 ms
2022-10-25 12:15:38,940 [Command processor thread] INFO  segmented.SegmentedRaftLogWorker (SegmentedRaftLogWorker.java:close(255)) - 907eb2bb-0522-4d6b-bbf0-1b213cc99331@group-D1CF6F441345-SegmentedRaftLogWorker close()
2022-10-25 12:15:38,940 [0a1cfcca-7ba7-43aa-b517-08505af7a09b@group-D1CF6F441345-StateMachineUpdater] INFO  impl.StateMachineUpdater (StateMachineUpdater.java:takeSnapshot(287)) - 0a1cfcca-7ba7-43aa-b517-08505af7a09b@group-D1CF6F441345-StateMachineUpdater: Took a snapshot at index 0
2022-10-25 12:15:38,940 [0a1cfcca-7ba7-43aa-b517-08505af7a09b@group-D1CF6F441345-StateMachineUpdater] INFO  impl.StateMachineUpdater (StateMachineUpdater.java:lambda$new$0(92)) - 0a1cfcca-7ba7-43aa-b517-08505af7a09b@group-D1CF6F441345-StateMachineUpdater: snapshotIndex: updateIncreasingly -1 -> 0
2022-10-25 12:15:38,942 [Command processor thread] INFO  server.RaftServer$Division (ServerState.java:close(466)) - 0a1cfcca-7ba7-43aa-b517-08505af7a09b@group-D1CF6F441345: closes. applyIndex: 0
2022-10-25 12:15:38,943 [0a1cfcca-7ba7-43aa-b517-08505af7a09b@group-D1CF6F441345-SegmentedRaftLogWorker] INFO  segmented.SegmentedRaftLogWorker (SegmentedRaftLogWorker.java:run(345)) - 0a1cfcca-7ba7-43aa-b517-08505af7a09b@group-D1CF6F441345-SegmentedRaftLogWorker was interrupted, exiting. There are 0 tasks remaining in the queue.
2022-10-25 12:15:38,948 [Command processor thread] INFO  segmented.SegmentedRaftLogWorker (SegmentedRaftLogWorker.java:close(255)) - 0a1cfcca-7ba7-43aa-b517-08505af7a09b@group-D1CF6F441345-SegmentedRaftLogWorker close()
2022-10-25 12:15:38,950 [Command processor thread] INFO  server.RaftServer$Division (RaftServerImpl.java:groupRemove(428)) - 0a1cfcca-7ba7-43aa-b517-08505af7a09b@group-D1CF6F441345: Succeed to remove RaftStorageDirectory Storage Directory /home/runner/work/ozone/ozone/hadoop-ozone/integration-test/target/test-dir/MiniOzoneClusterImpl-59fd4bbb-78e8-4c50-bd4e-19e5c7f0d0cd/datanode-7/data/ratis/ededb7be-9b98-4dd7-bd7e-d1cf6f441345
2022-10-25 12:15:38,950 [Command processor thread] INFO  commandhandler.ClosePipelineCommandHandler (ClosePipelineCommandHandler.java:handle(78)) - Close Pipeline PipelineID=ededb7be-9b98-4dd7-bd7e-d1cf6f441345 command on datanode 0a1cfcca-7ba7-43aa-b517-08505af7a09b.
2022-10-25 12:15:38,953 [Command processor thread] INFO  server.RaftServer$Division (RaftServerImpl.java:groupRemove(428)) - 907eb2bb-0522-4d6b-bbf0-1b213cc99331@group-D1CF6F441345: Succeed to remove RaftStorageDirectory Storage Directory /home/runner/work/ozone/ozone/hadoop-ozone/integration-test/target/test-dir/MiniOzoneClusterImpl-59fd4bbb-78e8-4c50-bd4e-19e5c7f0d0cd/datanode-8/data/ratis/ededb7be-9b98-4dd7-bd7e-d1cf6f441345
2022-10-25 12:15:38,953 [Command processor thread] INFO  commandhandler.ClosePipelineCommandHandler (ClosePipelineCommandHandler.java:handle(78)) - Close Pipeline PipelineID=ededb7be-9b98-4dd7-bd7e-d1cf6f441345 command on datanode 907eb2bb-0522-4d6b-bbf0-1b213cc99331.
2022-10-25 12:16:06,985 [Under Replicated Processor] INFO  replication.UnderReplicatedProcessor (UnderReplicatedProcessor.java:processAll(92)) - Processed 0 under replicated containers, failed processing 0
2022-10-25 12:16:07,004 [Over Replicated Processor] INFO  replication.OverReplicatedProcessor (OverReplicatedProcessor.java:processAll(90)) - Processed 0 over replicated containers, failed processing 0
2022-10-25 12:16:36,985 [Under Replicated Processor] INFO  replication.UnderReplicatedProcessor (UnderReplicatedProcessor.java:processAll(92)) - Processed 0 under replicated containers, failed processing 0
2022-10-25 12:16:37,004 [Over Replicated Processor] INFO  replication.OverReplicatedProcessor (OverReplicatedProcessor.java:processAll(90)) - Processed 0 over replicated containers, failed processing 0
2022-10-25 12:17:06,986 [Under Replicated Processor] INFO  replication.UnderReplicatedProcessor (UnderReplicatedProcessor.java:processAll(92)) - Processed 0 under replicated containers, failed processing 0
2022-10-25 12:17:07,005 [Over Replicated Processor] INFO  replication.OverReplicatedProcessor (OverReplicatedProcessor.java:processAll(90)) - Processed 0 over replicated containers, failed processing 0
]]></system-out>
  </testcase>
</testsuite>