<?xml version="1.0" encoding="UTF-8"?>
<testsuite xmlns:xsi="http://www.w3.org/2001/XMLSchema-instance" xsi:noNamespaceSchemaLocation="https://maven.apache.org/surefire/maven-surefire-plugin/xsd/surefire-test-report-3.0.xsd" version="3.0" name="org.apache.hadoop.ozone.container.TestECContainerRecovery" time="138.375" tests="1" errors="1" skipped="0" failures="0">
  <properties>
    <property name="awt.toolkit" value="sun.awt.X11.XToolkit"/>
    <property name="file.encoding.pkg" value="sun.io"/>
    <property name="java.specification.version" value="1.8"/>
    <property name="sun.cpu.isalist" value=""/>
    <property name="sun.jnu.encoding" value="UTF-8"/>
    <property name="java.class.path" value="/home/runner/work/ozone/ozone/hadoop-ozone/integration-test/target/test-classes:/home/runner/work/ozone/ozone/hadoop-ozone/integration-test/target/classes:/home/runner/.m2/repository/org/apache/ozone/ozone-common/1.3.0-SNAPSHOT/ozone-common-1.3.0-SNAPSHOT.jar:/home/runner/.m2/repository/io/grpc/grpc-netty/1.48.1/grpc-netty-1.48.1.jar:/home/runner/.m2/repository/io/grpc/grpc-core/1.48.1/grpc-core-1.48.1.jar:/home/runner/.m2/repository/com/google/android/annotations/4.1.1.4/annotations-4.1.1.4.jar:/home/runner/.m2/repository/org/codehaus/mojo/animal-sniffer-annotations/1.21/animal-sniffer-annotations-1.21.jar:/home/runner/.m2/repository/com/google/errorprone/error_prone_annotations/2.2.0/error_prone_annotations-2.2.0.jar:/home/runner/.m2/repository/io/perfmark/perfmark-api/0.25.0/perfmark-api-0.25.0.jar:/home/runner/.m2/repository/io/netty/netty-codec-http2/4.1.79.Final/netty-codec-http2-4.1.79.Final.jar:/home/runner/.m2/repository/io/netty/netty-common/4.1.79.Final/netty-common-4.1.79.Final.jar:/home/runner/.m2/repository/io/netty/netty-buffer/4.1.79.Final/netty-buffer-4.1.79.Final.jar:/home/runner/.m2/repository/io/netty/netty-codec-http/4.1.79.Final/netty-codec-http-4.1.79.Final.jar:/home/runner/.m2/repository/io/netty/netty-handler-proxy/4.1.79.Final/netty-handler-proxy-4.1.79.Final.jar:/home/runner/.m2/repository/io/netty/netty-codec-socks/4.1.79.Final/netty-codec-socks-4.1.79.Final.jar:/home/runner/.m2/repository/io/netty/netty-tcnative-boringssl-static/2.0.53.Final/netty-tcnative-boringssl-static-2.0.53.Final.jar:/home/runner/.m2/repository/io/netty/netty-tcnative-classes/2.0.53.Final/netty-tcnative-classes-2.0.53.Final.jar:/home/runner/.m2/repository/io/netty/netty-tcnative-boringssl-static/2.0.53.Final/netty-tcnative-boringssl-static-2.0.53.Final-linux-x86_64.jar:/home/runner/.m2/repository/io/netty/netty-tcnative-boringssl-static/2.0.53.Final/netty-tcnative-boringssl-static-2.0.53.Final-linux-aarch_64.jar:/home/runner/.m2/repository/io/netty/netty-tcnative-boringssl-static/2.0.53.Final/netty-tcnative-boringssl-static-2.0.53.Final-osx-x86_64.jar:/home/runner/.m2/repository/io/netty/netty-tcnative-boringssl-static/2.0.53.Final/netty-tcnative-boringssl-static-2.0.53.Final-osx-aarch_64.jar:/home/runner/.m2/repository/io/netty/netty-tcnative-boringssl-static/2.0.53.Final/netty-tcnative-boringssl-static-2.0.53.Final-windows-x86_64.jar:/home/runner/.m2/repository/org/apache/commons/commons-compress/1.21/commons-compress-1.21.jar:/home/runner/.m2/repository/org/apache/ozone/hdds-common/1.3.0-SNAPSHOT/hdds-common-1.3.0-SNAPSHOT.jar:/home/runner/.m2/repository/org/apache/ozone/hdds-client/1.3.0-SNAPSHOT/hdds-client-1.3.0-SNAPSHOT.jar:/home/runner/.m2/repository/org/apache/ozone/ozone-interface-client/1.3.0-SNAPSHOT/ozone-interface-client-1.3.0-SNAPSHOT.jar:/home/runner/.m2/repository/org/apache/ozone/hdds-test-utils/1.3.0-SNAPSHOT/hdds-test-utils-1.3.0-SNAPSHOT.jar:/home/runner/.m2/repository/com/google/guava/guava/31.1-jre/guava-31.1-jre.jar:/home/runner/.m2/repository/com/google/guava/failureaccess/1.0.1/failureaccess-1.0.1.jar:/home/runner/.m2/repository/com/google/guava/listenablefuture/9999.0-empty-to-avoid-conflict-with-guava/listenablefuture-9999.0-empty-to-avoid-conflict-with-guava.jar:/home/runner/.m2/repository/com/google/code/findbugs/jsr305/3.0.0/jsr305-3.0.0.jar:/home/runner/.m2/repository/org/checkerframework/checker-qual/3.12.0/checker-qual-3.12.0.jar:/home/runner/.m2/repository/com/google/j2objc/j2objc-annotations/1.3/j2objc-annotations-1.3.jar:/home/runner/.m2/repository/commons-io/commons-io/2.11.0/commons-io-2.11.0.jar:/home/runner/.m2/repository/commons-logging/commons-logging/1.2/commons-logging-1.2.jar:/home/runner/.m2/repository/ch/qos/reload4j/reload4j/1.2.22/reload4j-1.2.22.jar:/home/runner/.m2/repository/org/slf4j/slf4j-api/1.7.36/slf4j-api-1.7.36.jar:/home/runner/.m2/repository/org/apache/ozone/hdds-server-scm/1.3.0-SNAPSHOT/hdds-server-scm-1.3.0-SNAPSHOT.jar:/home/runner/.m2/repository/org/apache/ozone/hdds-container-service/1.3.0-SNAPSHOT/hdds-container-service-1.3.0-SNAPSHOT.jar:/home/runner/.m2/repository/org/apache/ozone/hdds-hadoop-dependency-server/1.3.0-SNAPSHOT/hdds-hadoop-dependency-server-1.3.0-SNAPSHOT.jar:/home/runner/.m2/repository/org/apache/hadoop/hadoop-hdfs/3.3.4/hadoop-hdfs-3.3.4.jar:/home/runner/.m2/repository/org/eclipse/jetty/jetty-util-ajax/9.4.49.v20220914/jetty-util-ajax-9.4.49.v20220914.jar:/home/runner/.m2/repository/commons-daemon/commons-daemon/1.0.13/commons-daemon-1.0.13.jar:/home/runner/.m2/repository/org/apache/ozone/hdds-server-framework/1.3.0-SNAPSHOT/hdds-server-framework-1.3.0-SNAPSHOT.jar:/home/runner/.m2/repository/org/apache/ozone/hdds-interface-server/1.3.0-SNAPSHOT/hdds-interface-server-1.3.0-SNAPSHOT.jar:/home/runner/.m2/repository/org/apache/commons/commons-configuration2/2.1.1/commons-configuration2-2.1.1.jar:/home/runner/.m2/repository/org/apache/logging/log4j/log4j-core/2.17.1/log4j-core-2.17.1.jar:/home/runner/.m2/repository/com/lmax/disruptor/3.4.2/disruptor-3.4.2.jar:/home/runner/.m2/repository/org/eclipse/jetty/jetty-servlet/9.4.49.v20220914/jetty-servlet-9.4.49.v20220914.jar:/home/runner/.m2/repository/org/eclipse/jetty/jetty-security/9.4.49.v20220914/jetty-security-9.4.49.v20220914.jar:/home/runner/.m2/repository/org/rocksdb/rocksdbjni/7.4.5/rocksdbjni-7.4.5.jar:/home/runner/.m2/repository/io/prometheus/simpleclient_dropwizard/0.7.0/simpleclient_dropwizard-0.7.0.jar:/home/runner/.m2/repository/io/prometheus/simpleclient/0.7.0/simpleclient-0.7.0.jar:/home/runner/.m2/repository/io/prometheus/simpleclient_common/0.7.0/simpleclient_common-0.7.0.jar:/home/runner/.m2/repository/com/github/spotbugs/spotbugs-annotations/3.1.12/spotbugs-annotations-3.1.12.jar:/home/runner/.m2/repository/io/dropwizard/metrics/metrics-core/3.2.4/metrics-core-3.2.4.jar:/home/runner/.m2/repository/org/apache/commons/commons-text/1.4/commons-text-1.4.jar:/home/runner/.m2/repository/org/apache/hadoop/hadoop-hdfs-client/3.3.4/hadoop-hdfs-client-3.3.4.jar:/home/runner/.m2/repository/com/squareup/okhttp3/okhttp/4.9.3/okhttp-4.9.3.jar:/home/runner/.m2/repository/com/squareup/okio/okio/2.8.0/okio-2.8.0.jar:/home/runner/.m2/repository/org/jetbrains/kotlin/kotlin-stdlib-common/1.4.10/kotlin-stdlib-common-1.4.10.jar:/home/runner/.m2/repository/org/bouncycastle/bcprov-jdk15on/1.67/bcprov-jdk15on-1.67.jar:/home/runner/.m2/repository/com/google/protobuf/protobuf-java/2.5.0/protobuf-java-2.5.0.jar:/home/runner/.m2/repository/org/apache/ozone/ozone-manager/1.3.0-SNAPSHOT/ozone-manager-1.3.0-SNAPSHOT.jar:/home/runner/.m2/repository/org/aspectj/aspectjrt/1.9.7/aspectjrt-1.9.7.jar:/home/runner/.m2/repository/org/aspectj/aspectjweaver/1.9.7/aspectjweaver-1.9.7.jar:/home/runner/.m2/repository/org/apache/ozone/hdds-interface-client/1.3.0-SNAPSHOT/hdds-interface-client-1.3.0-SNAPSHOT.jar:/home/runner/.m2/repository/org/apache/hadoop/thirdparty/hadoop-shaded-protobuf_3_7/1.1.1/hadoop-shaded-protobuf_3_7-1.1.1.jar:/home/runner/.m2/repository/org/apache/ozone/ozone-interface-storage/1.3.0-SNAPSHOT/ozone-interface-storage-1.3.0-SNAPSHOT.jar:/home/runner/.m2/repository/org/reflections/reflections/0.9.11/reflections-0.9.11.jar:/home/runner/.m2/repository/com/sun/jersey/jersey-client/1.19/jersey-client-1.19.jar:/home/runner/.m2/repository/org/apache/ranger/ranger-intg/2.3.0/ranger-intg-2.3.0.jar:/home/runner/.m2/repository/org/apache/ranger/ranger-plugins-common/2.3.0/ranger-plugins-common-2.3.0.jar:/home/runner/.m2/repository/commons-lang/commons-lang/2.6/commons-lang-2.6.jar:/home/runner/.m2/repository/org/codehaus/jackson/jackson-jaxrs/1.9.13/jackson-jaxrs-1.9.13.jar:/home/runner/.m2/repository/org/apache/ranger/ranger-plugins-cred/2.3.0/ranger-plugins-cred-2.3.0.jar:/home/runner/.m2/repository/org/apache/ranger/ranger-plugins-audit/2.3.0/ranger-plugins-audit-2.3.0.jar:/home/runner/.m2/repository/org/eclipse/jetty/jetty-client/9.4.31.v20200723/jetty-client-9.4.31.v20200723.jar:/home/runner/.m2/repository/org/apache/httpcomponents/httpmime/4.5.6/httpmime-4.5.6.jar:/home/runner/.m2/repository/org/apache/httpcomponents/httpcore-nio/4.4.6/httpcore-nio-4.4.6.jar:/home/runner/.m2/repository/org/apache/httpcomponents/httpasyncclient/4.1.3/httpasyncclient-4.1.3.jar:/home/runner/.m2/repository/com/carrotsearch/hppc/0.8.0/hppc-0.8.0.jar:/home/runner/.m2/repository/org/apache/orc/orc-core/1.5.8/orc-core-1.5.8.jar:/home/runner/.m2/repository/net/java/dev/jna/jna/5.2.0/jna-5.2.0.jar:/home/runner/.m2/repository/net/java/dev/jna/jna-platform/5.2.0/jna-platform-5.2.0.jar:/home/runner/.m2/repository/com/kstruct/gethostname4j/0.0.2/gethostname4j-0.0.2.jar:/home/runner/.m2/repository/org/apache/ranger/ranger-plugin-classloader/2.3.0/ranger-plugin-classloader-2.3.0.jar:/home/runner/.m2/repository/org/apache/hadoop/hadoop-minikdc/3.3.4/hadoop-minikdc-3.3.4.jar:/home/runner/.m2/repository/org/apache/kerby/kerb-simplekdc/1.0.1/kerb-simplekdc-1.0.1.jar:/home/runner/.m2/repository/org/apache/kerby/kerb-client/1.0.1/kerb-client-1.0.1.jar:/home/runner/.m2/repository/org/apache/kerby/kerby-config/1.0.1/kerby-config-1.0.1.jar:/home/runner/.m2/repository/org/apache/kerby/kerb-common/1.0.1/kerb-common-1.0.1.jar:/home/runner/.m2/repository/org/apache/kerby/kerb-crypto/1.0.1/kerb-crypto-1.0.1.jar:/home/runner/.m2/repository/org/apache/kerby/kerb-util/1.0.1/kerb-util-1.0.1.jar:/home/runner/.m2/repository/org/apache/kerby/token-provider/1.0.1/token-provider-1.0.1.jar:/home/runner/.m2/repository/org/apache/kerby/kerb-admin/1.0.1/kerb-admin-1.0.1.jar:/home/runner/.m2/repository/org/apache/kerby/kerb-server/1.0.1/kerb-server-1.0.1.jar:/home/runner/.m2/repository/org/apache/kerby/kerb-identity/1.0.1/kerb-identity-1.0.1.jar:/home/runner/.m2/repository/org/apache/kerby/kerby-xdr/1.0.1/kerby-xdr-1.0.1.jar:/home/runner/.m2/repository/org/apache/ozone/ozone-s3gateway/1.3.0-SNAPSHOT/ozone-s3gateway-1.3.0-SNAPSHOT.jar:/home/runner/.m2/repository/org/javassist/javassist/3.21.0-GA/javassist-3.21.0-GA.jar:/home/runner/.m2/repository/org/jboss/weld/servlet/weld-servlet/2.4.7.Final/weld-servlet-2.4.7.Final.jar:/home/runner/.m2/repository/org/glassfish/jersey/containers/jersey-container-servlet-core/2.34/jersey-container-servlet-core-2.34.jar:/home/runner/.m2/repository/org/glassfish/hk2/external/jakarta.inject/2.6.1/jakarta.inject-2.6.1.jar:/home/runner/.m2/repository/org/glassfish/jersey/core/jersey-common/2.34/jersey-common-2.34.jar:/home/runner/.m2/repository/jakarta/ws/rs/jakarta.ws.rs-api/2.1.6/jakarta.ws.rs-api-2.1.6.jar:/home/runner/.m2/repository/org/glassfish/jersey/ext/cdi/jersey-cdi1x/2.34/jersey-cdi1x-2.34.jar:/home/runner/.m2/repository/org/glassfish/jersey/inject/jersey-hk2/2.34/jersey-hk2-2.34.jar:/home/runner/.m2/repository/org/glassfish/hk2/hk2-locator/2.6.1/hk2-locator-2.6.1.jar:/home/runner/.m2/repository/org/glassfish/jersey/media/jersey-media-jaxb/2.34/jersey-media-jaxb-2.34.jar:/home/runner/.m2/repository/org/glassfish/hk2/osgi-resource-locator/1.0.3/osgi-resource-locator-1.0.3.jar:/home/runner/.m2/repository/org/glassfish/hk2/hk2-api/2.5.0/hk2-api-2.5.0.jar:/home/runner/.m2/repository/org/glassfish/hk2/hk2-utils/2.5.0/hk2-utils-2.5.0.jar:/home/runner/.m2/repository/org/glassfish/hk2/external/aopalliance-repackaged/2.5.0/aopalliance-repackaged-2.5.0.jar:/home/runner/.m2/repository/com/fasterxml/jackson/dataformat/jackson-dataformat-xml/2.13.4/jackson-dataformat-xml-2.13.4.jar:/home/runner/.m2/repository/com/fasterxml/jackson/core/jackson-core/2.13.4/jackson-core-2.13.4.jar:/home/runner/.m2/repository/org/codehaus/woodstox/stax2-api/3.1.4/stax2-api-3.1.4.jar:/home/runner/.m2/repository/com/fasterxml/woodstox/woodstox-core/5.4.0/woodstox-core-5.4.0.jar:/home/runner/.m2/repository/com/fasterxml/jackson/module/jackson-module-jaxb-annotations/2.13.4/jackson-module-jaxb-annotations-2.13.4.jar:/home/runner/.m2/repository/jakarta/xml/bind/jakarta.xml.bind-api/2.3.3/jakarta.xml.bind-api-2.3.3.jar:/home/runner/.m2/repository/jakarta/activation/jakarta.activation-api/1.2.1/jakarta.activation-api-1.2.1.jar:/home/runner/.m2/repository/javax/enterprise/cdi-api/1.2/cdi-api-1.2.jar:/home/runner/.m2/repository/javax/el/javax.el-api/3.0.0/javax.el-api-3.0.0.jar:/home/runner/.m2/repository/javax/interceptor/javax.interceptor-api/1.2/javax.interceptor-api-1.2.jar:/home/runner/.m2/repository/javax/inject/javax.inject/1/javax.inject-1.jar:/home/runner/.m2/repository/javax/xml/bind/jaxb-api/2.3.0/jaxb-api-2.3.0.jar:/home/runner/.m2/repository/org/glassfish/jaxb/jaxb-runtime/2.3.0.1/jaxb-runtime-2.3.0.1.jar:/home/runner/.m2/repository/org/glassfish/jaxb/jaxb-core/2.3.0.1/jaxb-core-2.3.0.1.jar:/home/runner/.m2/repository/org/glassfish/jaxb/txw2/2.3.0.1/txw2-2.3.0.1.jar:/home/runner/.m2/repository/com/sun/istack/istack-commons-runtime/3.0.5/istack-commons-runtime-3.0.5.jar:/home/runner/.m2/repository/org/jvnet/staxex/stax-ex/1.7.8/stax-ex-1.7.8.jar:/home/runner/.m2/repository/com/sun/xml/fastinfoset/FastInfoset/1.2.13/FastInfoset-1.2.13.jar:/home/runner/.m2/repository/javax/activation/activation/1.1.1/activation-1.1.1.jar:/home/runner/.m2/repository/io/grpc/grpc-protobuf/1.48.1/grpc-protobuf-1.48.1.jar:/home/runner/.m2/repository/io/grpc/grpc-api/1.48.1/grpc-api-1.48.1.jar:/home/runner/.m2/repository/io/grpc/grpc-context/1.48.1/grpc-context-1.48.1.jar:/home/runner/.m2/repository/com/google/api/grpc/proto-google-common-protos/2.9.0/proto-google-common-protos-2.9.0.jar:/home/runner/.m2/repository/io/grpc/grpc-protobuf-lite/1.48.1/grpc-protobuf-lite-1.48.1.jar:/home/runner/.m2/repository/io/grpc/grpc-stub/1.48.1/grpc-stub-1.48.1.jar:/home/runner/.m2/repository/io/netty/netty-transport/4.1.79.Final/netty-transport-4.1.79.Final.jar:/home/runner/.m2/repository/io/netty/netty-resolver/4.1.79.Final/netty-resolver-4.1.79.Final.jar:/home/runner/.m2/repository/org/apache/ozone/ozone-csi/1.3.0-SNAPSHOT/ozone-csi-1.3.0-SNAPSHOT.jar:/home/runner/.m2/repository/com/google/protobuf/protobuf-java-util/3.19.2/protobuf-java-util-3.19.2.jar:/home/runner/.m2/repository/com/google/code/gson/gson/2.9.0/gson-2.9.0.jar:/home/runner/.m2/repository/org/apache/ozone/hdds-config/1.3.0-SNAPSHOT/hdds-config-1.3.0-SNAPSHOT.jar:/home/runner/.m2/repository/io/netty/netty-transport-native-epoll/4.1.79.Final/netty-transport-native-epoll-4.1.79.Final-linux-x86_64.jar:/home/runner/.m2/repository/io/netty/netty-transport-classes-epoll/4.1.79.Final/netty-transport-classes-epoll-4.1.79.Final.jar:/home/runner/.m2/repository/io/netty/netty-transport-native-unix-common/4.1.79.Final/netty-transport-native-unix-common-4.1.79.Final.jar:/home/runner/.m2/repository/org/slf4j/slf4j-reload4j/1.7.36/slf4j-reload4j-1.7.36.jar:/home/runner/.m2/repository/org/apache/ozone/ozone-recon/1.3.0-SNAPSHOT/ozone-recon-1.3.0-SNAPSHOT.jar:/home/runner/.m2/repository/org/apache/ozone/ozone-reconcodegen/1.3.0-SNAPSHOT/ozone-reconcodegen-1.3.0-SNAPSHOT.jar:/home/runner/.m2/repository/com/google/inject/extensions/guice-multibindings/4.0/guice-multibindings-4.0.jar:/home/runner/.m2/repository/com/google/inject/guice/4.0/guice-4.0.jar:/home/runner/.m2/repository/aopalliance/aopalliance/1.0/aopalliance-1.0.jar:/home/runner/.m2/repository/com/google/inject/extensions/guice-assistedinject/4.0/guice-assistedinject-4.0.jar:/home/runner/.m2/repository/com/google/inject/extensions/guice-servlet/4.0/guice-servlet-4.0.jar:/home/runner/.m2/repository/org/glassfish/jersey/containers/jersey-container-servlet/2.34/jersey-container-servlet-2.34.jar:/home/runner/.m2/repository/org/glassfish/hk2/guice-bridge/2.5.0/guice-bridge-2.5.0.jar:/home/runner/.m2/repository/org/glassfish/jersey/core/jersey-server/2.34/jersey-server-2.34.jar:/home/runner/.m2/repository/org/glassfish/jersey/core/jersey-client/2.34/jersey-client-2.34.jar:/home/runner/.m2/repository/jakarta/annotation/jakarta.annotation-api/1.3.5/jakarta.annotation-api-1.3.5.jar:/home/runner/.m2/repository/jakarta/validation/jakarta.validation-api/2.0.2/jakarta.validation-api-2.0.2.jar:/home/runner/.m2/repository/org/glassfish/jersey/media/jersey-media-json-jackson/2.34/jersey-media-json-jackson-2.34.jar:/home/runner/.m2/repository/org/glassfish/jersey/ext/jersey-entity-filtering/2.34/jersey-entity-filtering-2.34.jar:/home/runner/.m2/repository/org/jooq/jooq/3.11.10/jooq-3.11.10.jar:/home/runner/.m2/repository/org/jooq/jooq-meta/3.11.10/jooq-meta-3.11.10.jar:/home/runner/.m2/repository/org/jooq/jooq-codegen/3.11.10/jooq-codegen-3.11.10.jar:/home/runner/.m2/repository/com/jolbox/bonecp/0.8.0.RELEASE/bonecp-0.8.0.RELEASE.jar:/home/runner/.m2/repository/org/apache/derby/derby/10.14.2.0/derby-10.14.2.0.jar:/home/runner/.m2/repository/org/xerial/sqlite-jdbc/3.25.2/sqlite-jdbc-3.25.2.jar:/home/runner/.m2/repository/org/springframework/spring-jdbc/5.3.23/spring-jdbc-5.3.23.jar:/home/runner/.m2/repository/org/springframework/spring-beans/5.3.23/spring-beans-5.3.23.jar:/home/runner/.m2/repository/org/springframework/spring-core/5.3.23/spring-core-5.3.23.jar:/home/runner/.m2/repository/org/springframework/spring-jcl/5.3.23/spring-jcl-5.3.23.jar:/home/runner/.m2/repository/org/springframework/spring-tx/5.3.23/spring-tx-5.3.23.jar:/home/runner/.m2/repository/org/apache/ozone/ozone-client/1.3.0-SNAPSHOT/ozone-client-1.3.0-SNAPSHOT.jar:/home/runner/.m2/repository/org/apache/ozone/hdds-erasurecode/1.3.0-SNAPSHOT/hdds-erasurecode-1.3.0-SNAPSHOT.jar:/home/runner/.m2/repository/org/apache/ozone/ozone-filesystem/1.3.0-SNAPSHOT/ozone-filesystem-1.3.0-SNAPSHOT.jar:/home/runner/.m2/repository/org/apache/ozone/ozone-filesystem-common/1.3.0-SNAPSHOT/ozone-filesystem-common-1.3.0-SNAPSHOT.jar:/home/runner/.m2/repository/org/apache/ozone/ozone-tools/1.3.0-SNAPSHOT/ozone-tools-1.3.0-SNAPSHOT.jar:/home/runner/.m2/repository/org/apache/ratis/ratis-tools/2.4.0/ratis-tools-2.4.0.jar:/home/runner/.m2/repository/com/amazonaws/aws-java-sdk-core/1.12.261/aws-java-sdk-core-1.12.261.jar:/home/runner/.m2/repository/org/apache/httpcomponents/httpclient/4.5.13/httpclient-4.5.13.jar:/home/runner/.m2/repository/org/apache/httpcomponents/httpcore/4.4.13/httpcore-4.4.13.jar:/home/runner/.m2/repository/software/amazon/ion/ion-java/1.0.2/ion-java-1.0.2.jar:/home/runner/.m2/repository/com/fasterxml/jackson/dataformat/jackson-dataformat-cbor/2.13.4/jackson-dataformat-cbor-2.13.4.jar:/home/runner/.m2/repository/joda-time/joda-time/2.8.1/joda-time-2.8.1.jar:/home/runner/.m2/repository/com/amazonaws/aws-java-sdk-s3/1.12.261/aws-java-sdk-s3-1.12.261.jar:/home/runner/.m2/repository/com/amazonaws/aws-java-sdk-kms/1.12.261/aws-java-sdk-kms-1.12.261.jar:/home/runner/.m2/repository/com/amazonaws/jmespath-java/1.12.261/jmespath-java-1.12.261.jar:/home/runner/.m2/repository/org/kohsuke/metainf-services/metainf-services/1.8/metainf-services-1.8.jar:/home/runner/.m2/repository/org/apache/ozone/hdds-tools/1.3.0-SNAPSHOT/hdds-tools-1.3.0-SNAPSHOT.jar:/home/runner/.m2/repository/commons-cli/commons-cli/1.2/commons-cli-1.2.jar:/home/runner/.m2/repository/org/apache/commons/commons-lang3/3.7/commons-lang3-3.7.jar:/home/runner/.m2/repository/org/apache/ozone/ozone-manager/1.3.0-SNAPSHOT/ozone-manager-1.3.0-SNAPSHOT-tests.jar:/home/runner/.m2/repository/org/apache/ozone/hdds-common/1.3.0-SNAPSHOT/hdds-common-1.3.0-SNAPSHOT-tests.jar:/home/runner/.m2/repository/org/apache/ozone/hdds-hadoop-dependency-client/1.3.0-SNAPSHOT/hdds-hadoop-dependency-client-1.3.0-SNAPSHOT.jar:/home/runner/.m2/repository/info/picocli/picocli/4.6.1/picocli-4.6.1.jar:/home/runner/.m2/repository/com/fasterxml/jackson/core/jackson-annotations/2.13.4/jackson-annotations-2.13.4.jar:/home/runner/.m2/repository/com/fasterxml/jackson/datatype/jackson-datatype-jsr310/2.13.4/jackson-datatype-jsr310-2.13.4.jar:/home/runner/.m2/repository/org/apache/ozone/hdds-annotation-processing/1.3.0-SNAPSHOT/hdds-annotation-processing-1.3.0-SNAPSHOT.jar:/home/runner/.m2/repository/javax/annotation/javax.annotation-api/1.2/javax.annotation-api-1.2.jar:/home/runner/.m2/repository/org/apache/ratis/ratis-server/2.4.0/ratis-server-2.4.0.jar:/home/runner/.m2/repository/org/apache/ratis/ratis-client/2.4.0/ratis-client-2.4.0.jar:/home/runner/.m2/repository/org/apache/ratis/ratis-server-api/2.4.0/ratis-server-api-2.4.0.jar:/home/runner/.m2/repository/org/apache/ratis/ratis-metrics/2.4.0/ratis-metrics-2.4.0.jar:/home/runner/.m2/repository/org/apache/ratis/ratis-netty/2.4.0/ratis-netty-2.4.0.jar:/home/runner/.m2/repository/org/apache/ratis/ratis-grpc/2.4.0/ratis-grpc-2.4.0.jar:/home/runner/.m2/repository/org/apache/logging/log4j/log4j-api/2.17.1/log4j-api-2.17.1.jar:/home/runner/.m2/repository/org/apache/commons/commons-pool2/2.6.0/commons-pool2-2.6.0.jar:/home/runner/.m2/repository/org/bouncycastle/bcpkix-jdk15on/1.67/bcpkix-jdk15on-1.67.jar:/home/runner/.m2/repository/commons-validator/commons-validator/1.6/commons-validator-1.6.jar:/home/runner/.m2/repository/commons-beanutils/commons-beanutils/1.9.4/commons-beanutils-1.9.4.jar:/home/runner/.m2/repository/commons-digester/commons-digester/1.8.1/commons-digester-1.8.1.jar:/home/runner/.m2/repository/commons-collections/commons-collections/3.2.2/commons-collections-3.2.2.jar:/home/runner/.m2/repository/io/jaegertracing/jaeger-client/1.6.0/jaeger-client-1.6.0.jar:/home/runner/.m2/repository/io/jaegertracing/jaeger-thrift/1.6.0/jaeger-thrift-1.6.0.jar:/home/runner/.m2/repository/org/apache/thrift/libthrift/0.14.1/libthrift-0.14.1.jar:/home/runner/.m2/repository/io/jaegertracing/jaeger-core/1.6.0/jaeger-core-1.6.0.jar:/home/runner/.m2/repository/io/jaegertracing/jaeger-tracerresolver/1.6.0/jaeger-tracerresolver-1.6.0.jar:/home/runner/.m2/repository/io/opentracing/contrib/opentracing-tracerresolver/0.1.8/opentracing-tracerresolver-0.1.8.jar:/home/runner/.m2/repository/org/jetbrains/kotlin/kotlin-stdlib/1.6.21/kotlin-stdlib-1.6.21.jar:/home/runner/.m2/repository/org/jetbrains/annotations/13.0/annotations-13.0.jar:/home/runner/.m2/repository/io/opentracing/opentracing-util/0.33.0/opentracing-util-0.33.0.jar:/home/runner/.m2/repository/io/opentracing/opentracing-api/0.33.0/opentracing-api-0.33.0.jar:/home/runner/.m2/repository/io/opentracing/opentracing-noop/0.33.0/opentracing-noop-0.33.0.jar:/home/runner/.m2/repository/org/yaml/snakeyaml/1.32/snakeyaml-1.32.jar:/home/runner/.m2/repository/org/apache/ozone/hdds-interface-admin/1.3.0-SNAPSHOT/hdds-interface-admin-1.3.0-SNAPSHOT.jar:/home/runner/.m2/repository/junit/junit/4.13.1/junit-4.13.1.jar:/home/runner/.m2/repository/org/hamcrest/hamcrest-core/1.3/hamcrest-core-1.3.jar:/home/runner/.m2/repository/org/junit/jupiter/junit-jupiter-api/5.8.2/junit-jupiter-api-5.8.2.jar:/home/runner/.m2/repository/org/opentest4j/opentest4j/1.2.0/opentest4j-1.2.0.jar:/home/runner/.m2/repository/org/junit/platform/junit-platform-commons/1.8.2/junit-platform-commons-1.8.2.jar:/home/runner/.m2/repository/org/apiguardian/apiguardian-api/1.1.2/apiguardian-api-1.1.2.jar:/home/runner/.m2/repository/org/junit/jupiter/junit-jupiter-params/5.8.2/junit-jupiter-params-5.8.2.jar:/home/runner/.m2/repository/org/junit/jupiter/junit-jupiter-migrationsupport/5.8.2/junit-jupiter-migrationsupport-5.8.2.jar:/home/runner/.m2/repository/org/junit/jupiter/junit-jupiter-engine/5.8.2/junit-jupiter-engine-5.8.2.jar:/home/runner/.m2/repository/org/junit/platform/junit-platform-engine/1.8.2/junit-platform-engine-1.8.2.jar:/home/runner/.m2/repository/org/junit/vintage/junit-vintage-engine/5.8.2/junit-vintage-engine-5.8.2.jar:/home/runner/.m2/repository/org/junit/platform/junit-platform-launcher/1.8.2/junit-platform-launcher-1.8.2.jar:/home/runner/.m2/repository/org/mockito/mockito-core/2.28.2/mockito-core-2.28.2.jar:/home/runner/.m2/repository/net/bytebuddy/byte-buddy/1.9.10/byte-buddy-1.9.10.jar:/home/runner/.m2/repository/net/bytebuddy/byte-buddy-agent/1.9.10/byte-buddy-agent-1.9.10.jar:/home/runner/.m2/repository/org/objenesis/objenesis/1.0/objenesis-1.0.jar:/home/runner/.m2/repository/org/apache/hadoop/hadoop-kms/3.3.4/hadoop-kms-3.3.4.jar:/home/runner/.m2/repository/org/apache/hadoop/hadoop-auth/3.3.4/hadoop-auth-3.3.4.jar:/home/runner/.m2/repository/com/nimbusds/nimbus-jose-jwt/7.9/nimbus-jose-jwt-7.9.jar:/home/runner/.m2/repository/com/github/stephenc/jcip/jcip-annotations/1.0-1/jcip-annotations-1.0-1.jar:/home/runner/.m2/repository/net/minidev/json-smart/2.4.7/json-smart-2.4.7.jar:/home/runner/.m2/repository/net/minidev/accessors-smart/2.4.7/accessors-smart-2.4.7.jar:/home/runner/.m2/repository/org/ow2/asm/asm/5.0.4/asm-5.0.4.jar:/home/runner/.m2/repository/org/apache/zookeeper/zookeeper/3.5.6/zookeeper-3.5.6.jar:/home/runner/.m2/repository/org/apache/zookeeper/zookeeper-jute/3.5.6/zookeeper-jute-3.5.6.jar:/home/runner/.m2/repository/org/apache/yetus/audience-annotations/0.5.0/audience-annotations-0.5.0.jar:/home/runner/.m2/repository/org/apache/curator/curator-framework/4.2.0/curator-framework-4.2.0.jar:/home/runner/.m2/repository/org/apache/hadoop/thirdparty/hadoop-shaded-guava/1.1.1/hadoop-shaded-guava-1.1.1.jar:/home/runner/.m2/repository/com/sun/jersey/jersey-core/1.19/jersey-core-1.19.jar:/home/runner/.m2/repository/javax/ws/rs/jsr311-api/1.1.1/jsr311-api-1.1.1.jar:/home/runner/.m2/repository/com/sun/jersey/jersey-server/1.19/jersey-server-1.19.jar:/home/runner/.m2/repository/javax/servlet/javax.servlet-api/3.1.0/javax.servlet-api-3.1.0.jar:/home/runner/.m2/repository/org/eclipse/jetty/jetty-server/9.4.49.v20220914/jetty-server-9.4.49.v20220914.jar:/home/runner/.m2/repository/org/eclipse/jetty/jetty-http/9.4.49.v20220914/jetty-http-9.4.49.v20220914.jar:/home/runner/.m2/repository/org/eclipse/jetty/jetty-io/9.4.49.v20220914/jetty-io-9.4.49.v20220914.jar:/home/runner/.m2/repository/org/eclipse/jetty/jetty-webapp/9.4.49.v20220914/jetty-webapp-9.4.49.v20220914.jar:/home/runner/.m2/repository/org/eclipse/jetty/jetty-xml/9.4.49.v20220914/jetty-xml-9.4.49.v20220914.jar:/home/runner/.m2/repository/org/apache/hadoop/hadoop-common/3.3.4/hadoop-common-3.3.4.jar:/home/runner/.m2/repository/org/apache/commons/commons-math3/3.1.1/commons-math3-3.1.1.jar:/home/runner/.m2/repository/commons-net/commons-net/3.6/commons-net-3.6.jar:/home/runner/.m2/repository/com/sun/jersey/jersey-servlet/1.19/jersey-servlet-1.19.jar:/home/runner/.m2/repository/com/sun/jersey/jersey-json/1.19/jersey-json-1.19.jar:/home/runner/.m2/repository/org/codehaus/jettison/jettison/1.1/jettison-1.1.jar:/home/runner/.m2/repository/com/sun/xml/bind/jaxb-impl/2.2.3-1/jaxb-impl-2.2.3-1.jar:/home/runner/.m2/repository/org/codehaus/jackson/jackson-xc/1.9.2/jackson-xc-1.9.2.jar:/home/runner/.m2/repository/com/google/re2j/re2j/1.1/re2j-1.1.jar:/home/runner/.m2/repository/com/jcraft/jsch/0.1.54/jsch-0.1.54.jar:/home/runner/.m2/repository/org/apache/curator/curator-client/4.2.0/curator-client-4.2.0.jar:/home/runner/.m2/repository/org/apache/curator/curator-recipes/4.2.0/curator-recipes-4.2.0.jar:/home/runner/.m2/repository/org/apache/kerby/kerb-core/1.0.1/kerb-core-1.0.1.jar:/home/runner/.m2/repository/org/apache/kerby/kerby-pkix/1.0.1/kerby-pkix-1.0.1.jar:/home/runner/.m2/repository/org/apache/kerby/kerby-asn1/1.0.1/kerby-asn1-1.0.1.jar:/home/runner/.m2/repository/org/apache/kerby/kerby-util/1.0.1/kerby-util-1.0.1.jar:/home/runner/.m2/repository/dnsjava/dnsjava/2.1.7/dnsjava-2.1.7.jar:/home/runner/.m2/repository/org/xerial/snappy/snappy-java/1.1.8.2/snappy-java-1.1.8.2.jar:/home/runner/.m2/repository/org/eclipse/jetty/jetty-util/9.4.49.v20220914/jetty-util-9.4.49.v20220914.jar:/home/runner/.m2/repository/com/fasterxml/jackson/core/jackson-databind/2.13.4.2/jackson-databind-2.13.4.2.jar:/home/runner/.m2/repository/org/apache/hadoop/hadoop-kms/3.3.4/hadoop-kms-3.3.4-tests.jar:/home/runner/.m2/repository/org/apache/ozone/hdds-server-scm/1.3.0-SNAPSHOT/hdds-server-scm-1.3.0-SNAPSHOT-tests.jar:/home/runner/.m2/repository/org/apache/ozone/hdds-container-service/1.3.0-SNAPSHOT/hdds-container-service-1.3.0-SNAPSHOT-tests.jar:/home/runner/.m2/repository/commons-codec/commons-codec/1.11/commons-codec-1.11.jar:/home/runner/.m2/repository/io/netty/netty-codec/4.1.79.Final/netty-codec-4.1.79.Final.jar:/home/runner/.m2/repository/io/netty/netty-handler/4.1.79.Final/netty-handler-4.1.79.Final.jar:/home/runner/.m2/repository/org/apache/ozone/hdds-hadoop-dependency-test/1.3.0-SNAPSHOT/hdds-hadoop-dependency-test-1.3.0-SNAPSHOT.jar:/home/runner/.m2/repository/org/apache/hadoop/hadoop-common/3.3.4/hadoop-common-3.3.4-tests.jar:/home/runner/.m2/repository/org/apache/hadoop/hadoop-hdfs/3.3.4/hadoop-hdfs-3.3.4-tests.jar:/home/runner/.m2/repository/org/assertj/assertj-core/3.12.2/assertj-core-3.12.2.jar:/home/runner/.m2/repository/org/apache/hadoop/hadoop-distcp/3.3.4/hadoop-distcp-3.3.4.jar:/home/runner/.m2/repository/org/apache/hadoop/hadoop-mapreduce-client-jobclient/3.3.4/hadoop-mapreduce-client-jobclient-3.3.4.jar:/home/runner/.m2/repository/org/apache/hadoop/hadoop-mapreduce-client-common/3.3.4/hadoop-mapreduce-client-common-3.3.4.jar:/home/runner/.m2/repository/org/apache/hadoop/hadoop-yarn-common/3.3.4/hadoop-yarn-common-3.3.4.jar:/home/runner/.m2/repository/org/apache/hadoop/hadoop-yarn-api/3.3.4/hadoop-yarn-api-3.3.4.jar:/home/runner/.m2/repository/com/sun/jersey/contribs/jersey-guice/1.19/jersey-guice-1.19.jar:/home/runner/.m2/repository/com/fasterxml/jackson/jaxrs/jackson-jaxrs-json-provider/2.13.4/jackson-jaxrs-json-provider-2.13.4.jar:/home/runner/.m2/repository/com/fasterxml/jackson/jaxrs/jackson-jaxrs-base/2.13.4/jackson-jaxrs-base-2.13.4.jar:/home/runner/.m2/repository/org/apache/hadoop/hadoop-yarn-client/3.3.4/hadoop-yarn-client-3.3.4.jar:/home/runner/.m2/repository/org/eclipse/jetty/websocket/websocket-client/9.4.43.v20210629/websocket-client-9.4.43.v20210629.jar:/home/runner/.m2/repository/org/eclipse/jetty/websocket/websocket-common/9.4.43.v20210629/websocket-common-9.4.43.v20210629.jar:/home/runner/.m2/repository/org/eclipse/jetty/websocket/websocket-api/9.4.43.v20210629/websocket-api-9.4.43.v20210629.jar:/home/runner/.m2/repository/org/jline/jline/3.9.0/jline-3.9.0.jar:/home/runner/.m2/repository/org/apache/hadoop/hadoop-mapreduce-client-core/3.3.4/hadoop-mapreduce-client-core-3.3.4.jar:/home/runner/.m2/repository/org/apache/avro/avro/1.7.7/avro-1.7.7.jar:/home/runner/.m2/repository/org/codehaus/jackson/jackson-core-asl/1.9.13/jackson-core-asl-1.9.13.jar:/home/runner/.m2/repository/org/codehaus/jackson/jackson-mapper-asl/1.9.13/jackson-mapper-asl-1.9.13.jar:/home/runner/.m2/repository/com/thoughtworks/paranamer/paranamer/2.3/paranamer-2.3.jar:/home/runner/.m2/repository/org/apache/hadoop/hadoop-annotations/3.3.4/hadoop-annotations-3.3.4.jar:/usr/lib/jvm/temurin-8-jdk-amd64/jre/../lib/tools.jar:/home/runner/.m2/repository/io/netty/netty/3.10.6.Final/netty-3.10.6.Final.jar:/home/runner/.m2/repository/org/apache/hadoop/hadoop-distcp/3.3.4/hadoop-distcp-3.3.4-tests.jar:/home/runner/.m2/repository/org/slf4j/jul-to-slf4j/1.7.36/jul-to-slf4j-1.7.36.jar:/home/runner/.m2/repository/org/apache/ratis/ratis-common/2.4.0/ratis-common-2.4.0.jar:/home/runner/.m2/repository/org/apache/ratis/ratis-thirdparty-misc/1.0.2/ratis-thirdparty-misc-1.0.2.jar:/home/runner/.m2/repository/org/apache/ratis/ratis-proto/2.4.0/ratis-proto-2.4.0.jar:"/>
    <property name="java.vm.vendor" value="Temurin"/>
    <property name="sun.arch.data.model" value="64"/>
    <property name="test.build.dir" value="/home/runner/work/ozone/ozone/hadoop-ozone/integration-test/target/test-dir"/>
    <property name="test.cache.data" value=""/>
    <property name="java.vendor.url" value="https://adoptium.net/"/>
    <property name="user.timezone" value="Etc/UTC"/>
    <property name="java.vm.specification.version" value="1.8"/>
    <property name="os.name" value="Linux"/>
    <property name="test.build.data" value="/home/runner/work/ozone/ozone/hadoop-ozone/integration-test/target/test-dir"/>
    <property name="sun.java.launcher" value="SUN_STANDARD"/>
    <property name="sun.boot.library.path" value="/usr/lib/jvm/temurin-8-jdk-amd64/jre/lib/amd64"/>
    <property name="sun.java.command" value="/home/runner/work/ozone/ozone/hadoop-ozone/integration-test/target/surefire/surefirebooter5346596598128440649.jar /home/runner/work/ozone/ozone/hadoop-ozone/integration-test/target/surefire 2022-11-03T15-49-48_855-jvmRun1 surefire1761261799309709442tmp surefire_12260370888264857980tmp"/>
    <property name="surefire.test.class.path" value="/home/runner/work/ozone/ozone/hadoop-ozone/integration-test/target/test-classes:/home/runner/work/ozone/ozone/hadoop-ozone/integration-test/target/classes:/home/runner/.m2/repository/org/apache/ozone/ozone-common/1.3.0-SNAPSHOT/ozone-common-1.3.0-SNAPSHOT.jar:/home/runner/.m2/repository/io/grpc/grpc-netty/1.48.1/grpc-netty-1.48.1.jar:/home/runner/.m2/repository/io/grpc/grpc-core/1.48.1/grpc-core-1.48.1.jar:/home/runner/.m2/repository/com/google/android/annotations/4.1.1.4/annotations-4.1.1.4.jar:/home/runner/.m2/repository/org/codehaus/mojo/animal-sniffer-annotations/1.21/animal-sniffer-annotations-1.21.jar:/home/runner/.m2/repository/com/google/errorprone/error_prone_annotations/2.2.0/error_prone_annotations-2.2.0.jar:/home/runner/.m2/repository/io/perfmark/perfmark-api/0.25.0/perfmark-api-0.25.0.jar:/home/runner/.m2/repository/io/netty/netty-codec-http2/4.1.79.Final/netty-codec-http2-4.1.79.Final.jar:/home/runner/.m2/repository/io/netty/netty-common/4.1.79.Final/netty-common-4.1.79.Final.jar:/home/runner/.m2/repository/io/netty/netty-buffer/4.1.79.Final/netty-buffer-4.1.79.Final.jar:/home/runner/.m2/repository/io/netty/netty-codec-http/4.1.79.Final/netty-codec-http-4.1.79.Final.jar:/home/runner/.m2/repository/io/netty/netty-handler-proxy/4.1.79.Final/netty-handler-proxy-4.1.79.Final.jar:/home/runner/.m2/repository/io/netty/netty-codec-socks/4.1.79.Final/netty-codec-socks-4.1.79.Final.jar:/home/runner/.m2/repository/io/netty/netty-tcnative-boringssl-static/2.0.53.Final/netty-tcnative-boringssl-static-2.0.53.Final.jar:/home/runner/.m2/repository/io/netty/netty-tcnative-classes/2.0.53.Final/netty-tcnative-classes-2.0.53.Final.jar:/home/runner/.m2/repository/io/netty/netty-tcnative-boringssl-static/2.0.53.Final/netty-tcnative-boringssl-static-2.0.53.Final-linux-x86_64.jar:/home/runner/.m2/repository/io/netty/netty-tcnative-boringssl-static/2.0.53.Final/netty-tcnative-boringssl-static-2.0.53.Final-linux-aarch_64.jar:/home/runner/.m2/repository/io/netty/netty-tcnative-boringssl-static/2.0.53.Final/netty-tcnative-boringssl-static-2.0.53.Final-osx-x86_64.jar:/home/runner/.m2/repository/io/netty/netty-tcnative-boringssl-static/2.0.53.Final/netty-tcnative-boringssl-static-2.0.53.Final-osx-aarch_64.jar:/home/runner/.m2/repository/io/netty/netty-tcnative-boringssl-static/2.0.53.Final/netty-tcnative-boringssl-static-2.0.53.Final-windows-x86_64.jar:/home/runner/.m2/repository/org/apache/commons/commons-compress/1.21/commons-compress-1.21.jar:/home/runner/.m2/repository/org/apache/ozone/hdds-common/1.3.0-SNAPSHOT/hdds-common-1.3.0-SNAPSHOT.jar:/home/runner/.m2/repository/org/apache/ozone/hdds-client/1.3.0-SNAPSHOT/hdds-client-1.3.0-SNAPSHOT.jar:/home/runner/.m2/repository/org/apache/ozone/ozone-interface-client/1.3.0-SNAPSHOT/ozone-interface-client-1.3.0-SNAPSHOT.jar:/home/runner/.m2/repository/org/apache/ozone/hdds-test-utils/1.3.0-SNAPSHOT/hdds-test-utils-1.3.0-SNAPSHOT.jar:/home/runner/.m2/repository/com/google/guava/guava/31.1-jre/guava-31.1-jre.jar:/home/runner/.m2/repository/com/google/guava/failureaccess/1.0.1/failureaccess-1.0.1.jar:/home/runner/.m2/repository/com/google/guava/listenablefuture/9999.0-empty-to-avoid-conflict-with-guava/listenablefuture-9999.0-empty-to-avoid-conflict-with-guava.jar:/home/runner/.m2/repository/com/google/code/findbugs/jsr305/3.0.0/jsr305-3.0.0.jar:/home/runner/.m2/repository/org/checkerframework/checker-qual/3.12.0/checker-qual-3.12.0.jar:/home/runner/.m2/repository/com/google/j2objc/j2objc-annotations/1.3/j2objc-annotations-1.3.jar:/home/runner/.m2/repository/commons-io/commons-io/2.11.0/commons-io-2.11.0.jar:/home/runner/.m2/repository/commons-logging/commons-logging/1.2/commons-logging-1.2.jar:/home/runner/.m2/repository/ch/qos/reload4j/reload4j/1.2.22/reload4j-1.2.22.jar:/home/runner/.m2/repository/org/slf4j/slf4j-api/1.7.36/slf4j-api-1.7.36.jar:/home/runner/.m2/repository/org/apache/ozone/hdds-server-scm/1.3.0-SNAPSHOT/hdds-server-scm-1.3.0-SNAPSHOT.jar:/home/runner/.m2/repository/org/apache/ozone/hdds-container-service/1.3.0-SNAPSHOT/hdds-container-service-1.3.0-SNAPSHOT.jar:/home/runner/.m2/repository/org/apache/ozone/hdds-hadoop-dependency-server/1.3.0-SNAPSHOT/hdds-hadoop-dependency-server-1.3.0-SNAPSHOT.jar:/home/runner/.m2/repository/org/apache/hadoop/hadoop-hdfs/3.3.4/hadoop-hdfs-3.3.4.jar:/home/runner/.m2/repository/org/eclipse/jetty/jetty-util-ajax/9.4.49.v20220914/jetty-util-ajax-9.4.49.v20220914.jar:/home/runner/.m2/repository/commons-daemon/commons-daemon/1.0.13/commons-daemon-1.0.13.jar:/home/runner/.m2/repository/org/apache/ozone/hdds-server-framework/1.3.0-SNAPSHOT/hdds-server-framework-1.3.0-SNAPSHOT.jar:/home/runner/.m2/repository/org/apache/ozone/hdds-interface-server/1.3.0-SNAPSHOT/hdds-interface-server-1.3.0-SNAPSHOT.jar:/home/runner/.m2/repository/org/apache/commons/commons-configuration2/2.1.1/commons-configuration2-2.1.1.jar:/home/runner/.m2/repository/org/apache/logging/log4j/log4j-core/2.17.1/log4j-core-2.17.1.jar:/home/runner/.m2/repository/com/lmax/disruptor/3.4.2/disruptor-3.4.2.jar:/home/runner/.m2/repository/org/eclipse/jetty/jetty-servlet/9.4.49.v20220914/jetty-servlet-9.4.49.v20220914.jar:/home/runner/.m2/repository/org/eclipse/jetty/jetty-security/9.4.49.v20220914/jetty-security-9.4.49.v20220914.jar:/home/runner/.m2/repository/org/rocksdb/rocksdbjni/7.4.5/rocksdbjni-7.4.5.jar:/home/runner/.m2/repository/io/prometheus/simpleclient_dropwizard/0.7.0/simpleclient_dropwizard-0.7.0.jar:/home/runner/.m2/repository/io/prometheus/simpleclient/0.7.0/simpleclient-0.7.0.jar:/home/runner/.m2/repository/io/prometheus/simpleclient_common/0.7.0/simpleclient_common-0.7.0.jar:/home/runner/.m2/repository/com/github/spotbugs/spotbugs-annotations/3.1.12/spotbugs-annotations-3.1.12.jar:/home/runner/.m2/repository/io/dropwizard/metrics/metrics-core/3.2.4/metrics-core-3.2.4.jar:/home/runner/.m2/repository/org/apache/commons/commons-text/1.4/commons-text-1.4.jar:/home/runner/.m2/repository/org/apache/hadoop/hadoop-hdfs-client/3.3.4/hadoop-hdfs-client-3.3.4.jar:/home/runner/.m2/repository/com/squareup/okhttp3/okhttp/4.9.3/okhttp-4.9.3.jar:/home/runner/.m2/repository/com/squareup/okio/okio/2.8.0/okio-2.8.0.jar:/home/runner/.m2/repository/org/jetbrains/kotlin/kotlin-stdlib-common/1.4.10/kotlin-stdlib-common-1.4.10.jar:/home/runner/.m2/repository/org/bouncycastle/bcprov-jdk15on/1.67/bcprov-jdk15on-1.67.jar:/home/runner/.m2/repository/com/google/protobuf/protobuf-java/2.5.0/protobuf-java-2.5.0.jar:/home/runner/.m2/repository/org/apache/ozone/ozone-manager/1.3.0-SNAPSHOT/ozone-manager-1.3.0-SNAPSHOT.jar:/home/runner/.m2/repository/org/aspectj/aspectjrt/1.9.7/aspectjrt-1.9.7.jar:/home/runner/.m2/repository/org/aspectj/aspectjweaver/1.9.7/aspectjweaver-1.9.7.jar:/home/runner/.m2/repository/org/apache/ozone/hdds-interface-client/1.3.0-SNAPSHOT/hdds-interface-client-1.3.0-SNAPSHOT.jar:/home/runner/.m2/repository/org/apache/hadoop/thirdparty/hadoop-shaded-protobuf_3_7/1.1.1/hadoop-shaded-protobuf_3_7-1.1.1.jar:/home/runner/.m2/repository/org/apache/ozone/ozone-interface-storage/1.3.0-SNAPSHOT/ozone-interface-storage-1.3.0-SNAPSHOT.jar:/home/runner/.m2/repository/org/reflections/reflections/0.9.11/reflections-0.9.11.jar:/home/runner/.m2/repository/com/sun/jersey/jersey-client/1.19/jersey-client-1.19.jar:/home/runner/.m2/repository/org/apache/ranger/ranger-intg/2.3.0/ranger-intg-2.3.0.jar:/home/runner/.m2/repository/org/apache/ranger/ranger-plugins-common/2.3.0/ranger-plugins-common-2.3.0.jar:/home/runner/.m2/repository/commons-lang/commons-lang/2.6/commons-lang-2.6.jar:/home/runner/.m2/repository/org/codehaus/jackson/jackson-jaxrs/1.9.13/jackson-jaxrs-1.9.13.jar:/home/runner/.m2/repository/org/apache/ranger/ranger-plugins-cred/2.3.0/ranger-plugins-cred-2.3.0.jar:/home/runner/.m2/repository/org/apache/ranger/ranger-plugins-audit/2.3.0/ranger-plugins-audit-2.3.0.jar:/home/runner/.m2/repository/org/eclipse/jetty/jetty-client/9.4.31.v20200723/jetty-client-9.4.31.v20200723.jar:/home/runner/.m2/repository/org/apache/httpcomponents/httpmime/4.5.6/httpmime-4.5.6.jar:/home/runner/.m2/repository/org/apache/httpcomponents/httpcore-nio/4.4.6/httpcore-nio-4.4.6.jar:/home/runner/.m2/repository/org/apache/httpcomponents/httpasyncclient/4.1.3/httpasyncclient-4.1.3.jar:/home/runner/.m2/repository/com/carrotsearch/hppc/0.8.0/hppc-0.8.0.jar:/home/runner/.m2/repository/org/apache/orc/orc-core/1.5.8/orc-core-1.5.8.jar:/home/runner/.m2/repository/net/java/dev/jna/jna/5.2.0/jna-5.2.0.jar:/home/runner/.m2/repository/net/java/dev/jna/jna-platform/5.2.0/jna-platform-5.2.0.jar:/home/runner/.m2/repository/com/kstruct/gethostname4j/0.0.2/gethostname4j-0.0.2.jar:/home/runner/.m2/repository/org/apache/ranger/ranger-plugin-classloader/2.3.0/ranger-plugin-classloader-2.3.0.jar:/home/runner/.m2/repository/org/apache/hadoop/hadoop-minikdc/3.3.4/hadoop-minikdc-3.3.4.jar:/home/runner/.m2/repository/org/apache/kerby/kerb-simplekdc/1.0.1/kerb-simplekdc-1.0.1.jar:/home/runner/.m2/repository/org/apache/kerby/kerb-client/1.0.1/kerb-client-1.0.1.jar:/home/runner/.m2/repository/org/apache/kerby/kerby-config/1.0.1/kerby-config-1.0.1.jar:/home/runner/.m2/repository/org/apache/kerby/kerb-common/1.0.1/kerb-common-1.0.1.jar:/home/runner/.m2/repository/org/apache/kerby/kerb-crypto/1.0.1/kerb-crypto-1.0.1.jar:/home/runner/.m2/repository/org/apache/kerby/kerb-util/1.0.1/kerb-util-1.0.1.jar:/home/runner/.m2/repository/org/apache/kerby/token-provider/1.0.1/token-provider-1.0.1.jar:/home/runner/.m2/repository/org/apache/kerby/kerb-admin/1.0.1/kerb-admin-1.0.1.jar:/home/runner/.m2/repository/org/apache/kerby/kerb-server/1.0.1/kerb-server-1.0.1.jar:/home/runner/.m2/repository/org/apache/kerby/kerb-identity/1.0.1/kerb-identity-1.0.1.jar:/home/runner/.m2/repository/org/apache/kerby/kerby-xdr/1.0.1/kerby-xdr-1.0.1.jar:/home/runner/.m2/repository/org/apache/ozone/ozone-s3gateway/1.3.0-SNAPSHOT/ozone-s3gateway-1.3.0-SNAPSHOT.jar:/home/runner/.m2/repository/org/javassist/javassist/3.21.0-GA/javassist-3.21.0-GA.jar:/home/runner/.m2/repository/org/jboss/weld/servlet/weld-servlet/2.4.7.Final/weld-servlet-2.4.7.Final.jar:/home/runner/.m2/repository/org/glassfish/jersey/containers/jersey-container-servlet-core/2.34/jersey-container-servlet-core-2.34.jar:/home/runner/.m2/repository/org/glassfish/hk2/external/jakarta.inject/2.6.1/jakarta.inject-2.6.1.jar:/home/runner/.m2/repository/org/glassfish/jersey/core/jersey-common/2.34/jersey-common-2.34.jar:/home/runner/.m2/repository/jakarta/ws/rs/jakarta.ws.rs-api/2.1.6/jakarta.ws.rs-api-2.1.6.jar:/home/runner/.m2/repository/org/glassfish/jersey/ext/cdi/jersey-cdi1x/2.34/jersey-cdi1x-2.34.jar:/home/runner/.m2/repository/org/glassfish/jersey/inject/jersey-hk2/2.34/jersey-hk2-2.34.jar:/home/runner/.m2/repository/org/glassfish/hk2/hk2-locator/2.6.1/hk2-locator-2.6.1.jar:/home/runner/.m2/repository/org/glassfish/jersey/media/jersey-media-jaxb/2.34/jersey-media-jaxb-2.34.jar:/home/runner/.m2/repository/org/glassfish/hk2/osgi-resource-locator/1.0.3/osgi-resource-locator-1.0.3.jar:/home/runner/.m2/repository/org/glassfish/hk2/hk2-api/2.5.0/hk2-api-2.5.0.jar:/home/runner/.m2/repository/org/glassfish/hk2/hk2-utils/2.5.0/hk2-utils-2.5.0.jar:/home/runner/.m2/repository/org/glassfish/hk2/external/aopalliance-repackaged/2.5.0/aopalliance-repackaged-2.5.0.jar:/home/runner/.m2/repository/com/fasterxml/jackson/dataformat/jackson-dataformat-xml/2.13.4/jackson-dataformat-xml-2.13.4.jar:/home/runner/.m2/repository/com/fasterxml/jackson/core/jackson-core/2.13.4/jackson-core-2.13.4.jar:/home/runner/.m2/repository/org/codehaus/woodstox/stax2-api/3.1.4/stax2-api-3.1.4.jar:/home/runner/.m2/repository/com/fasterxml/woodstox/woodstox-core/5.4.0/woodstox-core-5.4.0.jar:/home/runner/.m2/repository/com/fasterxml/jackson/module/jackson-module-jaxb-annotations/2.13.4/jackson-module-jaxb-annotations-2.13.4.jar:/home/runner/.m2/repository/jakarta/xml/bind/jakarta.xml.bind-api/2.3.3/jakarta.xml.bind-api-2.3.3.jar:/home/runner/.m2/repository/jakarta/activation/jakarta.activation-api/1.2.1/jakarta.activation-api-1.2.1.jar:/home/runner/.m2/repository/javax/enterprise/cdi-api/1.2/cdi-api-1.2.jar:/home/runner/.m2/repository/javax/el/javax.el-api/3.0.0/javax.el-api-3.0.0.jar:/home/runner/.m2/repository/javax/interceptor/javax.interceptor-api/1.2/javax.interceptor-api-1.2.jar:/home/runner/.m2/repository/javax/inject/javax.inject/1/javax.inject-1.jar:/home/runner/.m2/repository/javax/xml/bind/jaxb-api/2.3.0/jaxb-api-2.3.0.jar:/home/runner/.m2/repository/org/glassfish/jaxb/jaxb-runtime/2.3.0.1/jaxb-runtime-2.3.0.1.jar:/home/runner/.m2/repository/org/glassfish/jaxb/jaxb-core/2.3.0.1/jaxb-core-2.3.0.1.jar:/home/runner/.m2/repository/org/glassfish/jaxb/txw2/2.3.0.1/txw2-2.3.0.1.jar:/home/runner/.m2/repository/com/sun/istack/istack-commons-runtime/3.0.5/istack-commons-runtime-3.0.5.jar:/home/runner/.m2/repository/org/jvnet/staxex/stax-ex/1.7.8/stax-ex-1.7.8.jar:/home/runner/.m2/repository/com/sun/xml/fastinfoset/FastInfoset/1.2.13/FastInfoset-1.2.13.jar:/home/runner/.m2/repository/javax/activation/activation/1.1.1/activation-1.1.1.jar:/home/runner/.m2/repository/io/grpc/grpc-protobuf/1.48.1/grpc-protobuf-1.48.1.jar:/home/runner/.m2/repository/io/grpc/grpc-api/1.48.1/grpc-api-1.48.1.jar:/home/runner/.m2/repository/io/grpc/grpc-context/1.48.1/grpc-context-1.48.1.jar:/home/runner/.m2/repository/com/google/api/grpc/proto-google-common-protos/2.9.0/proto-google-common-protos-2.9.0.jar:/home/runner/.m2/repository/io/grpc/grpc-protobuf-lite/1.48.1/grpc-protobuf-lite-1.48.1.jar:/home/runner/.m2/repository/io/grpc/grpc-stub/1.48.1/grpc-stub-1.48.1.jar:/home/runner/.m2/repository/io/netty/netty-transport/4.1.79.Final/netty-transport-4.1.79.Final.jar:/home/runner/.m2/repository/io/netty/netty-resolver/4.1.79.Final/netty-resolver-4.1.79.Final.jar:/home/runner/.m2/repository/org/apache/ozone/ozone-csi/1.3.0-SNAPSHOT/ozone-csi-1.3.0-SNAPSHOT.jar:/home/runner/.m2/repository/com/google/protobuf/protobuf-java-util/3.19.2/protobuf-java-util-3.19.2.jar:/home/runner/.m2/repository/com/google/code/gson/gson/2.9.0/gson-2.9.0.jar:/home/runner/.m2/repository/org/apache/ozone/hdds-config/1.3.0-SNAPSHOT/hdds-config-1.3.0-SNAPSHOT.jar:/home/runner/.m2/repository/io/netty/netty-transport-native-epoll/4.1.79.Final/netty-transport-native-epoll-4.1.79.Final-linux-x86_64.jar:/home/runner/.m2/repository/io/netty/netty-transport-classes-epoll/4.1.79.Final/netty-transport-classes-epoll-4.1.79.Final.jar:/home/runner/.m2/repository/io/netty/netty-transport-native-unix-common/4.1.79.Final/netty-transport-native-unix-common-4.1.79.Final.jar:/home/runner/.m2/repository/org/slf4j/slf4j-reload4j/1.7.36/slf4j-reload4j-1.7.36.jar:/home/runner/.m2/repository/org/apache/ozone/ozone-recon/1.3.0-SNAPSHOT/ozone-recon-1.3.0-SNAPSHOT.jar:/home/runner/.m2/repository/org/apache/ozone/ozone-reconcodegen/1.3.0-SNAPSHOT/ozone-reconcodegen-1.3.0-SNAPSHOT.jar:/home/runner/.m2/repository/com/google/inject/extensions/guice-multibindings/4.0/guice-multibindings-4.0.jar:/home/runner/.m2/repository/com/google/inject/guice/4.0/guice-4.0.jar:/home/runner/.m2/repository/aopalliance/aopalliance/1.0/aopalliance-1.0.jar:/home/runner/.m2/repository/com/google/inject/extensions/guice-assistedinject/4.0/guice-assistedinject-4.0.jar:/home/runner/.m2/repository/com/google/inject/extensions/guice-servlet/4.0/guice-servlet-4.0.jar:/home/runner/.m2/repository/org/glassfish/jersey/containers/jersey-container-servlet/2.34/jersey-container-servlet-2.34.jar:/home/runner/.m2/repository/org/glassfish/hk2/guice-bridge/2.5.0/guice-bridge-2.5.0.jar:/home/runner/.m2/repository/org/glassfish/jersey/core/jersey-server/2.34/jersey-server-2.34.jar:/home/runner/.m2/repository/org/glassfish/jersey/core/jersey-client/2.34/jersey-client-2.34.jar:/home/runner/.m2/repository/jakarta/annotation/jakarta.annotation-api/1.3.5/jakarta.annotation-api-1.3.5.jar:/home/runner/.m2/repository/jakarta/validation/jakarta.validation-api/2.0.2/jakarta.validation-api-2.0.2.jar:/home/runner/.m2/repository/org/glassfish/jersey/media/jersey-media-json-jackson/2.34/jersey-media-json-jackson-2.34.jar:/home/runner/.m2/repository/org/glassfish/jersey/ext/jersey-entity-filtering/2.34/jersey-entity-filtering-2.34.jar:/home/runner/.m2/repository/org/jooq/jooq/3.11.10/jooq-3.11.10.jar:/home/runner/.m2/repository/org/jooq/jooq-meta/3.11.10/jooq-meta-3.11.10.jar:/home/runner/.m2/repository/org/jooq/jooq-codegen/3.11.10/jooq-codegen-3.11.10.jar:/home/runner/.m2/repository/com/jolbox/bonecp/0.8.0.RELEASE/bonecp-0.8.0.RELEASE.jar:/home/runner/.m2/repository/org/apache/derby/derby/10.14.2.0/derby-10.14.2.0.jar:/home/runner/.m2/repository/org/xerial/sqlite-jdbc/3.25.2/sqlite-jdbc-3.25.2.jar:/home/runner/.m2/repository/org/springframework/spring-jdbc/5.3.23/spring-jdbc-5.3.23.jar:/home/runner/.m2/repository/org/springframework/spring-beans/5.3.23/spring-beans-5.3.23.jar:/home/runner/.m2/repository/org/springframework/spring-core/5.3.23/spring-core-5.3.23.jar:/home/runner/.m2/repository/org/springframework/spring-jcl/5.3.23/spring-jcl-5.3.23.jar:/home/runner/.m2/repository/org/springframework/spring-tx/5.3.23/spring-tx-5.3.23.jar:/home/runner/.m2/repository/org/apache/ozone/ozone-client/1.3.0-SNAPSHOT/ozone-client-1.3.0-SNAPSHOT.jar:/home/runner/.m2/repository/org/apache/ozone/hdds-erasurecode/1.3.0-SNAPSHOT/hdds-erasurecode-1.3.0-SNAPSHOT.jar:/home/runner/.m2/repository/org/apache/ozone/ozone-filesystem/1.3.0-SNAPSHOT/ozone-filesystem-1.3.0-SNAPSHOT.jar:/home/runner/.m2/repository/org/apache/ozone/ozone-filesystem-common/1.3.0-SNAPSHOT/ozone-filesystem-common-1.3.0-SNAPSHOT.jar:/home/runner/.m2/repository/org/apache/ozone/ozone-tools/1.3.0-SNAPSHOT/ozone-tools-1.3.0-SNAPSHOT.jar:/home/runner/.m2/repository/org/apache/ratis/ratis-tools/2.4.0/ratis-tools-2.4.0.jar:/home/runner/.m2/repository/com/amazonaws/aws-java-sdk-core/1.12.261/aws-java-sdk-core-1.12.261.jar:/home/runner/.m2/repository/org/apache/httpcomponents/httpclient/4.5.13/httpclient-4.5.13.jar:/home/runner/.m2/repository/org/apache/httpcomponents/httpcore/4.4.13/httpcore-4.4.13.jar:/home/runner/.m2/repository/software/amazon/ion/ion-java/1.0.2/ion-java-1.0.2.jar:/home/runner/.m2/repository/com/fasterxml/jackson/dataformat/jackson-dataformat-cbor/2.13.4/jackson-dataformat-cbor-2.13.4.jar:/home/runner/.m2/repository/joda-time/joda-time/2.8.1/joda-time-2.8.1.jar:/home/runner/.m2/repository/com/amazonaws/aws-java-sdk-s3/1.12.261/aws-java-sdk-s3-1.12.261.jar:/home/runner/.m2/repository/com/amazonaws/aws-java-sdk-kms/1.12.261/aws-java-sdk-kms-1.12.261.jar:/home/runner/.m2/repository/com/amazonaws/jmespath-java/1.12.261/jmespath-java-1.12.261.jar:/home/runner/.m2/repository/org/kohsuke/metainf-services/metainf-services/1.8/metainf-services-1.8.jar:/home/runner/.m2/repository/org/apache/ozone/hdds-tools/1.3.0-SNAPSHOT/hdds-tools-1.3.0-SNAPSHOT.jar:/home/runner/.m2/repository/commons-cli/commons-cli/1.2/commons-cli-1.2.jar:/home/runner/.m2/repository/org/apache/commons/commons-lang3/3.7/commons-lang3-3.7.jar:/home/runner/.m2/repository/org/apache/ozone/ozone-manager/1.3.0-SNAPSHOT/ozone-manager-1.3.0-SNAPSHOT-tests.jar:/home/runner/.m2/repository/org/apache/ozone/hdds-common/1.3.0-SNAPSHOT/hdds-common-1.3.0-SNAPSHOT-tests.jar:/home/runner/.m2/repository/org/apache/ozone/hdds-hadoop-dependency-client/1.3.0-SNAPSHOT/hdds-hadoop-dependency-client-1.3.0-SNAPSHOT.jar:/home/runner/.m2/repository/info/picocli/picocli/4.6.1/picocli-4.6.1.jar:/home/runner/.m2/repository/com/fasterxml/jackson/core/jackson-annotations/2.13.4/jackson-annotations-2.13.4.jar:/home/runner/.m2/repository/com/fasterxml/jackson/datatype/jackson-datatype-jsr310/2.13.4/jackson-datatype-jsr310-2.13.4.jar:/home/runner/.m2/repository/org/apache/ozone/hdds-annotation-processing/1.3.0-SNAPSHOT/hdds-annotation-processing-1.3.0-SNAPSHOT.jar:/home/runner/.m2/repository/javax/annotation/javax.annotation-api/1.2/javax.annotation-api-1.2.jar:/home/runner/.m2/repository/org/apache/ratis/ratis-server/2.4.0/ratis-server-2.4.0.jar:/home/runner/.m2/repository/org/apache/ratis/ratis-client/2.4.0/ratis-client-2.4.0.jar:/home/runner/.m2/repository/org/apache/ratis/ratis-server-api/2.4.0/ratis-server-api-2.4.0.jar:/home/runner/.m2/repository/org/apache/ratis/ratis-metrics/2.4.0/ratis-metrics-2.4.0.jar:/home/runner/.m2/repository/org/apache/ratis/ratis-netty/2.4.0/ratis-netty-2.4.0.jar:/home/runner/.m2/repository/org/apache/ratis/ratis-grpc/2.4.0/ratis-grpc-2.4.0.jar:/home/runner/.m2/repository/org/apache/logging/log4j/log4j-api/2.17.1/log4j-api-2.17.1.jar:/home/runner/.m2/repository/org/apache/commons/commons-pool2/2.6.0/commons-pool2-2.6.0.jar:/home/runner/.m2/repository/org/bouncycastle/bcpkix-jdk15on/1.67/bcpkix-jdk15on-1.67.jar:/home/runner/.m2/repository/commons-validator/commons-validator/1.6/commons-validator-1.6.jar:/home/runner/.m2/repository/commons-beanutils/commons-beanutils/1.9.4/commons-beanutils-1.9.4.jar:/home/runner/.m2/repository/commons-digester/commons-digester/1.8.1/commons-digester-1.8.1.jar:/home/runner/.m2/repository/commons-collections/commons-collections/3.2.2/commons-collections-3.2.2.jar:/home/runner/.m2/repository/io/jaegertracing/jaeger-client/1.6.0/jaeger-client-1.6.0.jar:/home/runner/.m2/repository/io/jaegertracing/jaeger-thrift/1.6.0/jaeger-thrift-1.6.0.jar:/home/runner/.m2/repository/org/apache/thrift/libthrift/0.14.1/libthrift-0.14.1.jar:/home/runner/.m2/repository/io/jaegertracing/jaeger-core/1.6.0/jaeger-core-1.6.0.jar:/home/runner/.m2/repository/io/jaegertracing/jaeger-tracerresolver/1.6.0/jaeger-tracerresolver-1.6.0.jar:/home/runner/.m2/repository/io/opentracing/contrib/opentracing-tracerresolver/0.1.8/opentracing-tracerresolver-0.1.8.jar:/home/runner/.m2/repository/org/jetbrains/kotlin/kotlin-stdlib/1.6.21/kotlin-stdlib-1.6.21.jar:/home/runner/.m2/repository/org/jetbrains/annotations/13.0/annotations-13.0.jar:/home/runner/.m2/repository/io/opentracing/opentracing-util/0.33.0/opentracing-util-0.33.0.jar:/home/runner/.m2/repository/io/opentracing/opentracing-api/0.33.0/opentracing-api-0.33.0.jar:/home/runner/.m2/repository/io/opentracing/opentracing-noop/0.33.0/opentracing-noop-0.33.0.jar:/home/runner/.m2/repository/org/yaml/snakeyaml/1.32/snakeyaml-1.32.jar:/home/runner/.m2/repository/org/apache/ozone/hdds-interface-admin/1.3.0-SNAPSHOT/hdds-interface-admin-1.3.0-SNAPSHOT.jar:/home/runner/.m2/repository/junit/junit/4.13.1/junit-4.13.1.jar:/home/runner/.m2/repository/org/hamcrest/hamcrest-core/1.3/hamcrest-core-1.3.jar:/home/runner/.m2/repository/org/junit/jupiter/junit-jupiter-api/5.8.2/junit-jupiter-api-5.8.2.jar:/home/runner/.m2/repository/org/opentest4j/opentest4j/1.2.0/opentest4j-1.2.0.jar:/home/runner/.m2/repository/org/junit/platform/junit-platform-commons/1.8.2/junit-platform-commons-1.8.2.jar:/home/runner/.m2/repository/org/apiguardian/apiguardian-api/1.1.2/apiguardian-api-1.1.2.jar:/home/runner/.m2/repository/org/junit/jupiter/junit-jupiter-params/5.8.2/junit-jupiter-params-5.8.2.jar:/home/runner/.m2/repository/org/junit/jupiter/junit-jupiter-migrationsupport/5.8.2/junit-jupiter-migrationsupport-5.8.2.jar:/home/runner/.m2/repository/org/junit/jupiter/junit-jupiter-engine/5.8.2/junit-jupiter-engine-5.8.2.jar:/home/runner/.m2/repository/org/junit/platform/junit-platform-engine/1.8.2/junit-platform-engine-1.8.2.jar:/home/runner/.m2/repository/org/junit/vintage/junit-vintage-engine/5.8.2/junit-vintage-engine-5.8.2.jar:/home/runner/.m2/repository/org/junit/platform/junit-platform-launcher/1.8.2/junit-platform-launcher-1.8.2.jar:/home/runner/.m2/repository/org/mockito/mockito-core/2.28.2/mockito-core-2.28.2.jar:/home/runner/.m2/repository/net/bytebuddy/byte-buddy/1.9.10/byte-buddy-1.9.10.jar:/home/runner/.m2/repository/net/bytebuddy/byte-buddy-agent/1.9.10/byte-buddy-agent-1.9.10.jar:/home/runner/.m2/repository/org/objenesis/objenesis/1.0/objenesis-1.0.jar:/home/runner/.m2/repository/org/apache/hadoop/hadoop-kms/3.3.4/hadoop-kms-3.3.4.jar:/home/runner/.m2/repository/org/apache/hadoop/hadoop-auth/3.3.4/hadoop-auth-3.3.4.jar:/home/runner/.m2/repository/com/nimbusds/nimbus-jose-jwt/7.9/nimbus-jose-jwt-7.9.jar:/home/runner/.m2/repository/com/github/stephenc/jcip/jcip-annotations/1.0-1/jcip-annotations-1.0-1.jar:/home/runner/.m2/repository/net/minidev/json-smart/2.4.7/json-smart-2.4.7.jar:/home/runner/.m2/repository/net/minidev/accessors-smart/2.4.7/accessors-smart-2.4.7.jar:/home/runner/.m2/repository/org/ow2/asm/asm/5.0.4/asm-5.0.4.jar:/home/runner/.m2/repository/org/apache/zookeeper/zookeeper/3.5.6/zookeeper-3.5.6.jar:/home/runner/.m2/repository/org/apache/zookeeper/zookeeper-jute/3.5.6/zookeeper-jute-3.5.6.jar:/home/runner/.m2/repository/org/apache/yetus/audience-annotations/0.5.0/audience-annotations-0.5.0.jar:/home/runner/.m2/repository/org/apache/curator/curator-framework/4.2.0/curator-framework-4.2.0.jar:/home/runner/.m2/repository/org/apache/hadoop/thirdparty/hadoop-shaded-guava/1.1.1/hadoop-shaded-guava-1.1.1.jar:/home/runner/.m2/repository/com/sun/jersey/jersey-core/1.19/jersey-core-1.19.jar:/home/runner/.m2/repository/javax/ws/rs/jsr311-api/1.1.1/jsr311-api-1.1.1.jar:/home/runner/.m2/repository/com/sun/jersey/jersey-server/1.19/jersey-server-1.19.jar:/home/runner/.m2/repository/javax/servlet/javax.servlet-api/3.1.0/javax.servlet-api-3.1.0.jar:/home/runner/.m2/repository/org/eclipse/jetty/jetty-server/9.4.49.v20220914/jetty-server-9.4.49.v20220914.jar:/home/runner/.m2/repository/org/eclipse/jetty/jetty-http/9.4.49.v20220914/jetty-http-9.4.49.v20220914.jar:/home/runner/.m2/repository/org/eclipse/jetty/jetty-io/9.4.49.v20220914/jetty-io-9.4.49.v20220914.jar:/home/runner/.m2/repository/org/eclipse/jetty/jetty-webapp/9.4.49.v20220914/jetty-webapp-9.4.49.v20220914.jar:/home/runner/.m2/repository/org/eclipse/jetty/jetty-xml/9.4.49.v20220914/jetty-xml-9.4.49.v20220914.jar:/home/runner/.m2/repository/org/apache/hadoop/hadoop-common/3.3.4/hadoop-common-3.3.4.jar:/home/runner/.m2/repository/org/apache/commons/commons-math3/3.1.1/commons-math3-3.1.1.jar:/home/runner/.m2/repository/commons-net/commons-net/3.6/commons-net-3.6.jar:/home/runner/.m2/repository/com/sun/jersey/jersey-servlet/1.19/jersey-servlet-1.19.jar:/home/runner/.m2/repository/com/sun/jersey/jersey-json/1.19/jersey-json-1.19.jar:/home/runner/.m2/repository/org/codehaus/jettison/jettison/1.1/jettison-1.1.jar:/home/runner/.m2/repository/com/sun/xml/bind/jaxb-impl/2.2.3-1/jaxb-impl-2.2.3-1.jar:/home/runner/.m2/repository/org/codehaus/jackson/jackson-xc/1.9.2/jackson-xc-1.9.2.jar:/home/runner/.m2/repository/com/google/re2j/re2j/1.1/re2j-1.1.jar:/home/runner/.m2/repository/com/jcraft/jsch/0.1.54/jsch-0.1.54.jar:/home/runner/.m2/repository/org/apache/curator/curator-client/4.2.0/curator-client-4.2.0.jar:/home/runner/.m2/repository/org/apache/curator/curator-recipes/4.2.0/curator-recipes-4.2.0.jar:/home/runner/.m2/repository/org/apache/kerby/kerb-core/1.0.1/kerb-core-1.0.1.jar:/home/runner/.m2/repository/org/apache/kerby/kerby-pkix/1.0.1/kerby-pkix-1.0.1.jar:/home/runner/.m2/repository/org/apache/kerby/kerby-asn1/1.0.1/kerby-asn1-1.0.1.jar:/home/runner/.m2/repository/org/apache/kerby/kerby-util/1.0.1/kerby-util-1.0.1.jar:/home/runner/.m2/repository/dnsjava/dnsjava/2.1.7/dnsjava-2.1.7.jar:/home/runner/.m2/repository/org/xerial/snappy/snappy-java/1.1.8.2/snappy-java-1.1.8.2.jar:/home/runner/.m2/repository/org/eclipse/jetty/jetty-util/9.4.49.v20220914/jetty-util-9.4.49.v20220914.jar:/home/runner/.m2/repository/com/fasterxml/jackson/core/jackson-databind/2.13.4.2/jackson-databind-2.13.4.2.jar:/home/runner/.m2/repository/org/apache/hadoop/hadoop-kms/3.3.4/hadoop-kms-3.3.4-tests.jar:/home/runner/.m2/repository/org/apache/ozone/hdds-server-scm/1.3.0-SNAPSHOT/hdds-server-scm-1.3.0-SNAPSHOT-tests.jar:/home/runner/.m2/repository/org/apache/ozone/hdds-container-service/1.3.0-SNAPSHOT/hdds-container-service-1.3.0-SNAPSHOT-tests.jar:/home/runner/.m2/repository/commons-codec/commons-codec/1.11/commons-codec-1.11.jar:/home/runner/.m2/repository/io/netty/netty-codec/4.1.79.Final/netty-codec-4.1.79.Final.jar:/home/runner/.m2/repository/io/netty/netty-handler/4.1.79.Final/netty-handler-4.1.79.Final.jar:/home/runner/.m2/repository/org/apache/ozone/hdds-hadoop-dependency-test/1.3.0-SNAPSHOT/hdds-hadoop-dependency-test-1.3.0-SNAPSHOT.jar:/home/runner/.m2/repository/org/apache/hadoop/hadoop-common/3.3.4/hadoop-common-3.3.4-tests.jar:/home/runner/.m2/repository/org/apache/hadoop/hadoop-hdfs/3.3.4/hadoop-hdfs-3.3.4-tests.jar:/home/runner/.m2/repository/org/assertj/assertj-core/3.12.2/assertj-core-3.12.2.jar:/home/runner/.m2/repository/org/apache/hadoop/hadoop-distcp/3.3.4/hadoop-distcp-3.3.4.jar:/home/runner/.m2/repository/org/apache/hadoop/hadoop-mapreduce-client-jobclient/3.3.4/hadoop-mapreduce-client-jobclient-3.3.4.jar:/home/runner/.m2/repository/org/apache/hadoop/hadoop-mapreduce-client-common/3.3.4/hadoop-mapreduce-client-common-3.3.4.jar:/home/runner/.m2/repository/org/apache/hadoop/hadoop-yarn-common/3.3.4/hadoop-yarn-common-3.3.4.jar:/home/runner/.m2/repository/org/apache/hadoop/hadoop-yarn-api/3.3.4/hadoop-yarn-api-3.3.4.jar:/home/runner/.m2/repository/com/sun/jersey/contribs/jersey-guice/1.19/jersey-guice-1.19.jar:/home/runner/.m2/repository/com/fasterxml/jackson/jaxrs/jackson-jaxrs-json-provider/2.13.4/jackson-jaxrs-json-provider-2.13.4.jar:/home/runner/.m2/repository/com/fasterxml/jackson/jaxrs/jackson-jaxrs-base/2.13.4/jackson-jaxrs-base-2.13.4.jar:/home/runner/.m2/repository/org/apache/hadoop/hadoop-yarn-client/3.3.4/hadoop-yarn-client-3.3.4.jar:/home/runner/.m2/repository/org/eclipse/jetty/websocket/websocket-client/9.4.43.v20210629/websocket-client-9.4.43.v20210629.jar:/home/runner/.m2/repository/org/eclipse/jetty/websocket/websocket-common/9.4.43.v20210629/websocket-common-9.4.43.v20210629.jar:/home/runner/.m2/repository/org/eclipse/jetty/websocket/websocket-api/9.4.43.v20210629/websocket-api-9.4.43.v20210629.jar:/home/runner/.m2/repository/org/jline/jline/3.9.0/jline-3.9.0.jar:/home/runner/.m2/repository/org/apache/hadoop/hadoop-mapreduce-client-core/3.3.4/hadoop-mapreduce-client-core-3.3.4.jar:/home/runner/.m2/repository/org/apache/avro/avro/1.7.7/avro-1.7.7.jar:/home/runner/.m2/repository/org/codehaus/jackson/jackson-core-asl/1.9.13/jackson-core-asl-1.9.13.jar:/home/runner/.m2/repository/org/codehaus/jackson/jackson-mapper-asl/1.9.13/jackson-mapper-asl-1.9.13.jar:/home/runner/.m2/repository/com/thoughtworks/paranamer/paranamer/2.3/paranamer-2.3.jar:/home/runner/.m2/repository/org/apache/hadoop/hadoop-annotations/3.3.4/hadoop-annotations-3.3.4.jar:/usr/lib/jvm/temurin-8-jdk-amd64/jre/../lib/tools.jar:/home/runner/.m2/repository/io/netty/netty/3.10.6.Final/netty-3.10.6.Final.jar:/home/runner/.m2/repository/org/apache/hadoop/hadoop-distcp/3.3.4/hadoop-distcp-3.3.4-tests.jar:/home/runner/.m2/repository/org/slf4j/jul-to-slf4j/1.7.36/jul-to-slf4j-1.7.36.jar:/home/runner/.m2/repository/org/apache/ratis/ratis-common/2.4.0/ratis-common-2.4.0.jar:/home/runner/.m2/repository/org/apache/ratis/ratis-thirdparty-misc/1.0.2/ratis-thirdparty-misc-1.0.2.jar:/home/runner/.m2/repository/org/apache/ratis/ratis-proto/2.4.0/ratis-proto-2.4.0.jar:"/>
    <property name="sun.cpu.endian" value="little"/>
    <property name="user.home" value="/home/runner"/>
    <property name="user.language" value="en"/>
    <property name="java.specification.vendor" value="Oracle Corporation"/>
    <property name="java.home" value="/usr/lib/jvm/temurin-8-jdk-amd64/jre"/>
    <property name="java.security.krb5.conf" value="/home/runner/work/ozone/ozone/hadoop-ozone/integration-test/target/test-classes/krb5.conf"/>
    <property name="basedir" value="/home/runner/work/ozone/ozone/hadoop-ozone/integration-test"/>
    <property name="file.separator" value="/"/>
    <property name="line.separator" value="&#10;"/>
    <property name="java.vm.specification.vendor" value="Oracle Corporation"/>
    <property name="java.specification.name" value="Java Platform API Specification"/>
    <property name="java.awt.graphicsenv" value="sun.awt.X11GraphicsEnvironment"/>
    <property name="skip.installnpx" value="true"/>
    <property name="surefire.real.class.path" value="/home/runner/work/ozone/ozone/hadoop-ozone/integration-test/target/surefire/surefirebooter5346596598128440649.jar:/home/runner/.m2/repository/org/jacoco/org.jacoco.agent/0.8.5/org.jacoco.agent-0.8.5-runtime.jar"/>
    <property name="hadoop.log.dir" value="/home/runner/work/ozone/ozone/hadoop-ozone/integration-test/target/log"/>
    <property name="sun.boot.class.path" value="/usr/lib/jvm/temurin-8-jdk-amd64/jre/lib/resources.jar:/usr/lib/jvm/temurin-8-jdk-amd64/jre/lib/rt.jar:/usr/lib/jvm/temurin-8-jdk-amd64/jre/lib/sunrsasign.jar:/usr/lib/jvm/temurin-8-jdk-amd64/jre/lib/jsse.jar:/usr/lib/jvm/temurin-8-jdk-amd64/jre/lib/jce.jar:/usr/lib/jvm/temurin-8-jdk-amd64/jre/lib/charsets.jar:/usr/lib/jvm/temurin-8-jdk-amd64/jre/lib/jfr.jar:/usr/lib/jvm/temurin-8-jdk-amd64/jre/classes"/>
    <property name="sun.management.compiler" value="HotSpot 64-Bit Tiered Compilers"/>
    <property name="skip.npx" value="true"/>
    <property name="java.runtime.version" value="1.8.0_345-b01"/>
    <property name="java.net.preferIPv4Stack" value="true"/>
    <property name="user.name" value="runner"/>
    <property name="path.separator" value=":"/>
    <property name="java.security.egd" value="file:///dev/urandom"/>
    <property name="os.version" value="5.15.0-1022-azure"/>
    <property name="java.endorsed.dirs" value="/usr/lib/jvm/temurin-8-jdk-amd64/jre/lib/endorsed"/>
    <property name="java.runtime.name" value="OpenJDK Runtime Environment"/>
    <property name="file.encoding" value="UTF-8"/>
    <property name="java.vm.name" value="OpenJDK 64-Bit Server VM"/>
    <property name="test.build.webapps" value=""/>
    <property name="localRepository" value="/home/runner/.m2/repository"/>
    <property name="jetty.git.hash" value="4231a3b2e4cb8548a412a789936d640a97b1aa0a"/>
    <property name="java.vendor.url.bug" value="https://github.com/adoptium/adoptium-support/issues"/>
    <property name="java.io.tmpdir" value="/tmp"/>
    <property name="require.test.libhadoop" value=""/>
    <property name="java.version" value="1.8.0_345"/>
    <property name="user.dir" value="/home/runner/work/ozone/ozone/hadoop-ozone/integration-test"/>
    <property name="os.arch" value="amd64"/>
    <property name="java.vm.specification.name" value="Java Virtual Machine Specification"/>
    <property name="test.build.classes" value="/home/runner/work/ozone/ozone/hadoop-ozone/integration-test/target/test-classes"/>
    <property name="java.awt.printerjob" value="sun.print.PSPrinterJob"/>
    <property name="sun.os.patch.level" value="unknown"/>
    <property name="org.apache.ratis.thirdparty.io.netty.allocator.useCacheForAllThreads" value="false"/>
    <property name="hadoop.tmp.dir" value="/home/runner/work/ozone/ozone/hadoop-ozone/integration-test/target/tmp"/>
    <property name="java.library.path" value="/usr/java/packages/lib/amd64:/usr/lib64:/lib64:/lib:/usr/lib"/>
    <property name="java.vm.info" value="mixed mode"/>
    <property name="java.vendor" value="Temurin"/>
    <property name="java.vm.version" value="25.345-b01"/>
    <property name="java.ext.dirs" value="/usr/lib/jvm/temurin-8-jdk-amd64/jre/lib/ext:/usr/java/packages/lib/ext"/>
    <property name="sun.io.unicode.encoding" value="UnicodeLittle"/>
    <property name="java.class.version" value="52.0"/>
  </properties>
  <testcase name="testContainerRecoveryOverReplicationProcessing" classname="org.apache.hadoop.ozone.container.TestECContainerRecovery" time="106.866">
    <error type="java.util.concurrent.TimeoutException"><![CDATA[java.util.concurrent.TimeoutException: 
Timed out waiting for condition. Thread diagnostics:
Timestamp: 2022-11-03 04:03:10,324

"org.apache.hadoop.util.JvmPauseMonitor$Monitor@22c0d427" daemon prio=5 tid=332 timed_waiting
java.lang.Thread.State: TIMED_WAITING
        at java.lang.Thread.sleep(Native Method)
        at org.apache.hadoop.util.JvmPauseMonitor$Monitor.run(JvmPauseMonitor.java:192)
        at java.lang.Thread.run(Thread.java:750)
"EventQueue-OpenPipelineForHealthyPipelineSafeModeRule" daemon prio=5 tid=569 in Object.wait()
java.lang.Thread.State: WAITING (on object monitor)
        at sun.misc.Unsafe.park(Native Method)
        at java.util.concurrent.locks.LockSupport.park(LockSupport.java:175)
        at java.util.concurrent.locks.AbstractQueuedSynchronizer$ConditionObject.await(AbstractQueuedSynchronizer.java:2039)
        at java.util.concurrent.LinkedBlockingQueue.take(LinkedBlockingQueue.java:442)
        at java.util.concurrent.ThreadPoolExecutor.getTask(ThreadPoolExecutor.java:1074)
        at java.util.concurrent.ThreadPoolExecutor.runWorker(ThreadPoolExecutor.java:1134)
        at java.util.concurrent.ThreadPoolExecutor$Worker.run(ThreadPoolExecutor.java:624)
        at java.lang.Thread.run(Thread.java:750)
"qtp602120831-117" daemon prio=5 tid=117 timed_waiting
java.lang.Thread.State: TIMED_WAITING
        at sun.misc.Unsafe.park(Native Method)
        at java.util.concurrent.locks.LockSupport.parkNanos(LockSupport.java:215)
        at java.util.concurrent.locks.AbstractQueuedSynchronizer$ConditionObject.awaitNanos(AbstractQueuedSynchronizer.java:2078)
        at org.eclipse.jetty.util.BlockingArrayQueue.poll(BlockingArrayQueue.java:382)
        at org.eclipse.jetty.util.thread.QueuedThreadPool$Runner.idleJobPoll(QueuedThreadPool.java:974)
        at org.eclipse.jetty.util.thread.QueuedThreadPool$Runner.run(QueuedThreadPool.java:1018)
        at java.lang.Thread.run(Thread.java:750)
"FixedThreadPoolWithAffinityExecutor-2-0" daemon prio=5 tid=37 timed_waiting
java.lang.Thread.State: TIMED_WAITING
        at sun.misc.Unsafe.park(Native Method)
        at java.util.concurrent.locks.LockSupport.parkNanos(LockSupport.java:215)
        at java.util.concurrent.locks.AbstractQueuedSynchronizer$ConditionObject.awaitNanos(AbstractQueuedSynchronizer.java:2078)
        at java.util.concurrent.LinkedBlockingQueue.poll(LinkedBlockingQueue.java:467)
        at org.apache.hadoop.hdds.scm.server.ContainerReportQueue.poll(ContainerReportQueue.java:266)
        at org.apache.hadoop.hdds.scm.server.ContainerReportQueue.poll(ContainerReportQueue.java:42)
        at org.apache.hadoop.hdds.server.events.FixedThreadPoolWithAffinityExecutor$ContainerReportProcessTask.run(FixedThreadPoolWithAffinityExecutor.java:218)
        at java.util.concurrent.Executors$RunnableAdapter.call(Executors.java:511)
        at java.util.concurrent.FutureTask.run(FutureTask.java:266)
        at java.util.concurrent.ThreadPoolExecutor.runWorker(ThreadPoolExecutor.java:1149)
        at java.util.concurrent.ThreadPoolExecutor$Worker.run(ThreadPoolExecutor.java:624)
        at java.lang.Thread.run(Thread.java:750)
"pool-203-thread-1" daemon prio=5 tid=337 timed_waiting
java.lang.Thread.State: TIMED_WAITING
        at sun.misc.Unsafe.park(Native Method)
        at java.util.concurrent.locks.LockSupport.parkNanos(LockSupport.java:215)
        at java.util.concurrent.locks.AbstractQueuedSynchronizer$ConditionObject.awaitNanos(AbstractQueuedSynchronizer.java:2078)
        at java.util.concurrent.ScheduledThreadPoolExecutor$DelayedWorkQueue.take(ScheduledThreadPoolExecutor.java:1093)
        at java.util.concurrent.ScheduledThreadPoolExecutor$DelayedWorkQueue.take(ScheduledThreadPoolExecutor.java:809)
        at java.util.concurrent.ThreadPoolExecutor.getTask(ThreadPoolExecutor.java:1074)
        at java.util.concurrent.ThreadPoolExecutor.runWorker(ThreadPoolExecutor.java:1134)
        at java.util.concurrent.ThreadPoolExecutor$Worker.run(ThreadPoolExecutor.java:624)
        at java.lang.Thread.run(Thread.java:750)
"BlockDeletingService#1" daemon prio=5 tid=540 timed_waiting
java.lang.Thread.State: TIMED_WAITING
        at sun.misc.Unsafe.park(Native Method)
        at java.util.concurrent.locks.LockSupport.parkNanos(LockSupport.java:215)
        at java.util.concurrent.locks.AbstractQueuedSynchronizer$ConditionObject.awaitNanos(AbstractQueuedSynchronizer.java:2078)
        at java.util.concurrent.ScheduledThreadPoolExecutor$DelayedWorkQueue.take(ScheduledThreadPoolExecutor.java:1093)
        at java.util.concurrent.ScheduledThreadPoolExecutor$DelayedWorkQueue.take(ScheduledThreadPoolExecutor.java:809)
        at java.util.concurrent.ThreadPoolExecutor.getTask(ThreadPoolExecutor.java:1074)
        at java.util.concurrent.ThreadPoolExecutor.runWorker(ThreadPoolExecutor.java:1134)
        at java.util.concurrent.ThreadPoolExecutor$Worker.run(ThreadPoolExecutor.java:624)
        at java.lang.Thread.run(Thread.java:750)
"IPC Server Responder" daemon prio=5 tid=133 runnable
java.lang.Thread.State: RUNNABLE
        at sun.nio.ch.EPollArrayWrapper.epollWait(Native Method)
        at sun.nio.ch.EPollArrayWrapper.poll(EPollArrayWrapper.java:269)
        at sun.nio.ch.EPollSelectorImpl.doSelect(EPollSelectorImpl.java:93)
        at sun.nio.ch.SelectorImpl.lockAndDoSelect(SelectorImpl.java:86)
        at sun.nio.ch.SelectorImpl.select(SelectorImpl.java:97)
        at org.apache.hadoop.ipc.Server$Responder.doRunLoop(Server.java:1532)
        at org.apache.hadoop.ipc.Server$Responder.run(Server.java:1515)
"EndpointStateMachine task thread for /0.0.0.0:35727 - 0 "  prio=5 tid=518 in Object.wait()
java.lang.Thread.State: WAITING (on object monitor)
        at sun.misc.Unsafe.park(Native Method)
        at java.util.concurrent.locks.LockSupport.park(LockSupport.java:175)
        at java.util.concurrent.locks.AbstractQueuedSynchronizer$ConditionObject.await(AbstractQueuedSynchronizer.java:2039)
        at java.util.concurrent.LinkedBlockingQueue.take(LinkedBlockingQueue.java:442)
        at java.util.concurrent.ThreadPoolExecutor.getTask(ThreadPoolExecutor.java:1074)
        at java.util.concurrent.ThreadPoolExecutor.runWorker(ThreadPoolExecutor.java:1134)
        at java.util.concurrent.ThreadPoolExecutor$Worker.run(ThreadPoolExecutor.java:624)
        at java.lang.Thread.run(Thread.java:750)
"BlockDeletingService#0" daemon prio=5 tid=550 in Object.wait()
java.lang.Thread.State: WAITING (on object monitor)
        at sun.misc.Unsafe.park(Native Method)
        at java.util.concurrent.locks.LockSupport.park(LockSupport.java:175)
        at java.util.concurrent.locks.AbstractQueuedSynchronizer$ConditionObject.await(AbstractQueuedSynchronizer.java:2039)
        at java.util.concurrent.ScheduledThreadPoolExecutor$DelayedWorkQueue.take(ScheduledThreadPoolExecutor.java:1088)
        at java.util.concurrent.ScheduledThreadPoolExecutor$DelayedWorkQueue.take(ScheduledThreadPoolExecutor.java:809)
        at java.util.concurrent.ThreadPoolExecutor.getTask(ThreadPoolExecutor.java:1074)
        at java.util.concurrent.ThreadPoolExecutor.runWorker(ThreadPoolExecutor.java:1134)
        at java.util.concurrent.ThreadPoolExecutor$Worker.run(ThreadPoolExecutor.java:624)
        at java.lang.Thread.run(Thread.java:750)
"org.apache.hadoop.util.JvmPauseMonitor$Monitor@63d97a76" daemon prio=5 tid=254 timed_waiting
java.lang.Thread.State: TIMED_WAITING
        at java.lang.Thread.sleep(Native Method)
        at org.apache.hadoop.util.JvmPauseMonitor$Monitor.run(JvmPauseMonitor.java:192)
        at java.lang.Thread.run(Thread.java:750)
"IPC Server handler 2 on default port 42009" daemon prio=5 tid=49 timed_waiting
java.lang.Thread.State: TIMED_WAITING
        at sun.misc.Unsafe.park(Native Method)
        at java.util.concurrent.locks.LockSupport.parkNanos(LockSupport.java:215)
        at java.util.concurrent.locks.AbstractQueuedSynchronizer$ConditionObject.awaitNanos(AbstractQueuedSynchronizer.java:2078)
        at java.util.concurrent.LinkedBlockingQueue.poll(LinkedBlockingQueue.java:467)
        at org.apache.hadoop.ipc.CallQueueManager.take(CallQueueManager.java:317)
        at org.apache.hadoop.ipc.Server$Handler.run(Server.java:2942)
"qtp326207642-189" daemon prio=5 tid=189 timed_waiting
java.lang.Thread.State: TIMED_WAITING
        at sun.misc.Unsafe.park(Native Method)
        at java.util.concurrent.locks.LockSupport.parkNanos(LockSupport.java:215)
        at java.util.concurrent.locks.AbstractQueuedSynchronizer$ConditionObject.awaitNanos(AbstractQueuedSynchronizer.java:2078)
        at org.eclipse.jetty.util.BlockingArrayQueue.poll(BlockingArrayQueue.java:382)
        at org.eclipse.jetty.util.thread.QueuedThreadPool$Runner.idleJobPoll(QueuedThreadPool.java:974)
        at org.eclipse.jetty.util.thread.QueuedThreadPool$Runner.run(QueuedThreadPool.java:1018)
        at java.lang.Thread.run(Thread.java:750)
"Periodic HDDS volume checker" daemon prio=5 tid=176 timed_waiting
java.lang.Thread.State: TIMED_WAITING
        at sun.misc.Unsafe.park(Native Method)
        at java.util.concurrent.locks.LockSupport.parkNanos(LockSupport.java:215)
        at java.util.concurrent.locks.AbstractQueuedSynchronizer$ConditionObject.awaitNanos(AbstractQueuedSynchronizer.java:2078)
        at java.util.concurrent.ScheduledThreadPoolExecutor$DelayedWorkQueue.take(ScheduledThreadPoolExecutor.java:1093)
        at java.util.concurrent.ScheduledThreadPoolExecutor$DelayedWorkQueue.take(ScheduledThreadPoolExecutor.java:809)
        at java.util.concurrent.ThreadPoolExecutor.getTask(ThreadPoolExecutor.java:1074)
        at java.util.concurrent.ThreadPoolExecutor.runWorker(ThreadPoolExecutor.java:1134)
        at java.util.concurrent.ThreadPoolExecutor$Worker.run(ThreadPoolExecutor.java:624)
        at java.lang.Thread.run(Thread.java:750)
"pool-118-thread-1"  prio=5 tid=586 in Object.wait()
java.lang.Thread.State: WAITING (on object monitor)
        at sun.misc.Unsafe.park(Native Method)
        at java.util.concurrent.locks.LockSupport.park(LockSupport.java:175)
        at java.util.concurrent.locks.AbstractQueuedSynchronizer$ConditionObject.await(AbstractQueuedSynchronizer.java:2039)
        at java.util.concurrent.LinkedBlockingQueue.take(LinkedBlockingQueue.java:442)
        at java.util.concurrent.ThreadPoolExecutor.getTask(ThreadPoolExecutor.java:1074)
        at java.util.concurrent.ThreadPoolExecutor.runWorker(ThreadPoolExecutor.java:1134)
        at java.util.concurrent.ThreadPoolExecutor$Worker.run(ThreadPoolExecutor.java:624)
        at java.lang.Thread.run(Thread.java:750)
"ChunkWriter-0-0" daemon prio=5 tid=392 in Object.wait()
java.lang.Thread.State: WAITING (on object monitor)
        at sun.misc.Unsafe.park(Native Method)
        at java.util.concurrent.locks.LockSupport.park(LockSupport.java:175)
        at java.util.concurrent.locks.AbstractQueuedSynchronizer$ConditionObject.await(AbstractQueuedSynchronizer.java:2039)
        at java.util.concurrent.LinkedBlockingDeque.takeFirst(LinkedBlockingDeque.java:492)
        at java.util.concurrent.LinkedBlockingDeque.take(LinkedBlockingDeque.java:680)
        at java.util.concurrent.ThreadPoolExecutor.getTask(ThreadPoolExecutor.java:1074)
        at java.util.concurrent.ThreadPoolExecutor.runWorker(ThreadPoolExecutor.java:1134)
        at java.util.concurrent.ThreadPoolExecutor$Worker.run(ThreadPoolExecutor.java:624)
        at java.lang.Thread.run(Thread.java:750)
"IPC Server handler 1 on default port 40715" daemon prio=5 tid=68 timed_waiting
java.lang.Thread.State: TIMED_WAITING
        at sun.misc.Unsafe.park(Native Method)
        at java.util.concurrent.locks.LockSupport.parkNanos(LockSupport.java:215)
        at java.util.concurrent.locks.AbstractQueuedSynchronizer$ConditionObject.awaitNanos(AbstractQueuedSynchronizer.java:2078)
        at java.util.concurrent.LinkedBlockingQueue.poll(LinkedBlockingQueue.java:467)
        at org.apache.hadoop.ipc.CallQueueManager.take(CallQueueManager.java:317)
        at org.apache.hadoop.ipc.Server$Handler.run(Server.java:2942)
"org.apache.hadoop.ozone.container.common.statemachine.commandhandler.DeleteBlocksCommandHandler$DeleteCmdWorker@631f692d" daemon prio=5 tid=209 timed_waiting
java.lang.Thread.State: TIMED_WAITING
        at java.lang.Thread.sleep(Native Method)
        at org.apache.hadoop.ozone.container.common.statemachine.commandhandler.DeleteBlocksCommandHandler$DeleteCmdWorker.run(DeleteBlocksCommandHandler.java:183)
        at java.lang.Thread.run(Thread.java:750)
"IPC Server handler 0 on default port 45563" daemon prio=5 tid=154 timed_waiting
java.lang.Thread.State: TIMED_WAITING
        at sun.misc.Unsafe.park(Native Method)
        at java.util.concurrent.locks.LockSupport.parkNanos(LockSupport.java:215)
        at java.util.concurrent.locks.AbstractQueuedSynchronizer$ConditionObject.awaitNanos(AbstractQueuedSynchronizer.java:2078)
        at java.util.concurrent.LinkedBlockingQueue.poll(LinkedBlockingQueue.java:467)
        at org.apache.hadoop.ipc.CallQueueManager.take(CallQueueManager.java:317)
        at org.apache.hadoop.ipc.Server$Handler.run(Server.java:2942)
"IPC Server handler 15 on default port 35727" daemon prio=5 tid=102 timed_waiting
java.lang.Thread.State: TIMED_WAITING
        at sun.misc.Unsafe.park(Native Method)
        at java.util.concurrent.locks.LockSupport.parkNanos(LockSupport.java:215)
        at java.util.concurrent.locks.AbstractQueuedSynchronizer$ConditionObject.awaitNanos(AbstractQueuedSynchronizer.java:2078)
        at java.util.concurrent.LinkedBlockingQueue.poll(LinkedBlockingQueue.java:467)
        at org.apache.hadoop.ipc.CallQueueManager.take(CallQueueManager.java:317)
        at org.apache.hadoop.ipc.Server$Handler.run(Server.java:2942)
"qtp160371564-318" daemon prio=5 tid=318 timed_waiting
java.lang.Thread.State: TIMED_WAITING
        at sun.misc.Unsafe.park(Native Method)
        at java.util.concurrent.locks.LockSupport.parkNanos(LockSupport.java:215)
        at java.util.concurrent.locks.AbstractQueuedSynchronizer$ConditionObject.awaitNanos(AbstractQueuedSynchronizer.java:2078)
        at org.eclipse.jetty.util.BlockingArrayQueue.poll(BlockingArrayQueue.java:382)
        at org.eclipse.jetty.util.thread.QueuedThreadPool$Runner.idleJobPoll(QueuedThreadPool.java:974)
        at org.eclipse.jetty.util.thread.QueuedThreadPool$Runner.run(QueuedThreadPool.java:1018)
        at java.lang.Thread.run(Thread.java:750)
"ChunkWriter-3-0" daemon prio=5 tid=492 in Object.wait()
java.lang.Thread.State: WAITING (on object monitor)
        at sun.misc.Unsafe.park(Native Method)
        at java.util.concurrent.locks.LockSupport.park(LockSupport.java:175)
        at java.util.concurrent.locks.AbstractQueuedSynchronizer$ConditionObject.await(AbstractQueuedSynchronizer.java:2039)
        at java.util.concurrent.LinkedBlockingDeque.takeFirst(LinkedBlockingDeque.java:492)
        at java.util.concurrent.LinkedBlockingDeque.take(LinkedBlockingDeque.java:680)
        at java.util.concurrent.ThreadPoolExecutor.getTask(ThreadPoolExecutor.java:1074)
        at java.util.concurrent.ThreadPoolExecutor.runWorker(ThreadPoolExecutor.java:1134)
        at java.util.concurrent.ThreadPoolExecutor$Worker.run(ThreadPoolExecutor.java:624)
        at java.lang.Thread.run(Thread.java:750)
"Periodic HDDS volume checker" daemon prio=5 tid=283 timed_waiting
java.lang.Thread.State: TIMED_WAITING
        at sun.misc.Unsafe.park(Native Method)
        at java.util.concurrent.locks.LockSupport.parkNanos(LockSupport.java:215)
        at java.util.concurrent.locks.AbstractQueuedSynchronizer$ConditionObject.awaitNanos(AbstractQueuedSynchronizer.java:2078)
        at java.util.concurrent.ScheduledThreadPoolExecutor$DelayedWorkQueue.take(ScheduledThreadPoolExecutor.java:1093)
        at java.util.concurrent.ScheduledThreadPoolExecutor$DelayedWorkQueue.take(ScheduledThreadPoolExecutor.java:809)
        at java.util.concurrent.ThreadPoolExecutor.getTask(ThreadPoolExecutor.java:1074)
        at java.util.concurrent.ThreadPoolExecutor.runWorker(ThreadPoolExecutor.java:1134)
        at java.util.concurrent.ThreadPoolExecutor$Worker.run(ThreadPoolExecutor.java:624)
        at java.lang.Thread.run(Thread.java:750)
"Command processor thread" daemon prio=5 tid=408 timed_waiting
java.lang.Thread.State: TIMED_WAITING
        at java.lang.Thread.sleep(Native Method)
        at org.apache.hadoop.ozone.container.common.statemachine.DatanodeStateMachine.lambda$initCommandHandlerThread$3(DatanodeStateMachine.java:641)
        at org.apache.hadoop.ozone.container.common.statemachine.DatanodeStateMachine$$Lambda$753/651253568.run(Unknown Source)
        at java.lang.Thread.run(Thread.java:750)
"IPC Server handler 8 on default port 45563" daemon prio=5 tid=162 timed_waiting
java.lang.Thread.State: TIMED_WAITING
        at sun.misc.Unsafe.park(Native Method)
        at java.util.concurrent.locks.LockSupport.parkNanos(LockSupport.java:215)
        at java.util.concurrent.locks.AbstractQueuedSynchronizer$ConditionObject.awaitNanos(AbstractQueuedSynchronizer.java:2078)
        at java.util.concurrent.LinkedBlockingQueue.poll(LinkedBlockingQueue.java:467)
        at org.apache.hadoop.ipc.CallQueueManager.take(CallQueueManager.java:317)
        at org.apache.hadoop.ipc.Server$Handler.run(Server.java:2942)
"Timer-0"  prio=5 tid=140 timed_waiting
java.lang.Thread.State: TIMED_WAITING
        at java.lang.Object.wait(Native Method)
        at java.util.TimerThread.mainLoop(Timer.java:552)
        at java.util.TimerThread.run(Timer.java:505)
"d878db48-ef46-44bf-ac98-cb2daa3cfd80@group-8A4815B43099-FollowerState" daemon prio=5 tid=884 timed_waiting
java.lang.Thread.State: TIMED_WAITING
        at java.lang.Thread.sleep(Native Method)
        at java.lang.Thread.sleep(Thread.java:342)
        at java.util.concurrent.TimeUnit.sleep(TimeUnit.java:386)
        at org.apache.ratis.util.TimeDuration.sleep(TimeDuration.java:325)
        at org.apache.ratis.util.TimeDuration.sleep(TimeDuration.java:310)
        at org.apache.ratis.server.impl.FollowerState.run(FollowerState.java:128)
"ChunkWriter-2-0" daemon prio=5 tid=432 in Object.wait()
java.lang.Thread.State: WAITING (on object monitor)
        at sun.misc.Unsafe.park(Native Method)
        at java.util.concurrent.locks.LockSupport.park(LockSupport.java:175)
        at java.util.concurrent.locks.AbstractQueuedSynchronizer$ConditionObject.await(AbstractQueuedSynchronizer.java:2039)
        at java.util.concurrent.LinkedBlockingDeque.takeFirst(LinkedBlockingDeque.java:492)
        at java.util.concurrent.LinkedBlockingDeque.take(LinkedBlockingDeque.java:680)
        at java.util.concurrent.ThreadPoolExecutor.getTask(ThreadPoolExecutor.java:1074)
        at java.util.concurrent.ThreadPoolExecutor.runWorker(ThreadPoolExecutor.java:1134)
        at java.util.concurrent.ThreadPoolExecutor$Worker.run(ThreadPoolExecutor.java:624)
        at java.lang.Thread.run(Thread.java:750)
"Datanode ReportManager Thread - 2" daemon prio=5 tid=481 in Object.wait()
java.lang.Thread.State: WAITING (on object monitor)
        at sun.misc.Unsafe.park(Native Method)
        at java.util.concurrent.locks.LockSupport.park(LockSupport.java:175)
        at java.util.concurrent.locks.AbstractQueuedSynchronizer$ConditionObject.await(AbstractQueuedSynchronizer.java:2039)
        at java.util.concurrent.ScheduledThreadPoolExecutor$DelayedWorkQueue.take(ScheduledThreadPoolExecutor.java:1088)
        at java.util.concurrent.ScheduledThreadPoolExecutor$DelayedWorkQueue.take(ScheduledThreadPoolExecutor.java:809)
        at java.util.concurrent.ThreadPoolExecutor.getTask(ThreadPoolExecutor.java:1074)
        at java.util.concurrent.ThreadPoolExecutor.runWorker(ThreadPoolExecutor.java:1134)
        at java.util.concurrent.ThreadPoolExecutor$Worker.run(ThreadPoolExecutor.java:624)
        at java.lang.Thread.run(Thread.java:750)
"IPC Server handler 4 on default port 45563" daemon prio=5 tid=158 timed_waiting
java.lang.Thread.State: TIMED_WAITING
        at sun.misc.Unsafe.park(Native Method)
        at java.util.concurrent.locks.LockSupport.parkNanos(LockSupport.java:215)
        at java.util.concurrent.locks.AbstractQueuedSynchronizer$ConditionObject.awaitNanos(AbstractQueuedSynchronizer.java:2078)
        at java.util.concurrent.LinkedBlockingQueue.poll(LinkedBlockingQueue.java:467)
        at org.apache.hadoop.ipc.CallQueueManager.take(CallQueueManager.java:317)
        at org.apache.hadoop.ipc.Server$Handler.run(Server.java:2942)
"ChunkWriter-3-0" daemon prio=5 tid=395 in Object.wait()
java.lang.Thread.State: WAITING (on object monitor)
        at sun.misc.Unsafe.park(Native Method)
        at java.util.concurrent.locks.LockSupport.park(LockSupport.java:175)
        at java.util.concurrent.locks.AbstractQueuedSynchronizer$ConditionObject.await(AbstractQueuedSynchronizer.java:2039)
        at java.util.concurrent.LinkedBlockingDeque.takeFirst(LinkedBlockingDeque.java:492)
        at java.util.concurrent.LinkedBlockingDeque.take(LinkedBlockingDeque.java:680)
        at java.util.concurrent.ThreadPoolExecutor.getTask(ThreadPoolExecutor.java:1074)
        at java.util.concurrent.ThreadPoolExecutor.runWorker(ThreadPoolExecutor.java:1134)
        at java.util.concurrent.ThreadPoolExecutor$Worker.run(ThreadPoolExecutor.java:624)
        at java.lang.Thread.run(Thread.java:750)
"pool-157-thread-1" daemon prio=5 tid=285 timed_waiting
java.lang.Thread.State: TIMED_WAITING
        at sun.misc.Unsafe.park(Native Method)
        at java.util.concurrent.locks.LockSupport.parkNanos(LockSupport.java:215)
        at java.util.concurrent.locks.AbstractQueuedSynchronizer$ConditionObject.awaitNanos(AbstractQueuedSynchronizer.java:2078)
        at java.util.concurrent.ScheduledThreadPoolExecutor$DelayedWorkQueue.take(ScheduledThreadPoolExecutor.java:1093)
        at java.util.concurrent.ScheduledThreadPoolExecutor$DelayedWorkQueue.take(ScheduledThreadPoolExecutor.java:809)
        at java.util.concurrent.ThreadPoolExecutor.getTask(ThreadPoolExecutor.java:1074)
        at java.util.concurrent.ThreadPoolExecutor.runWorker(ThreadPoolExecutor.java:1134)
        at java.util.concurrent.ThreadPoolExecutor$Worker.run(ThreadPoolExecutor.java:624)
        at java.lang.Thread.run(Thread.java:750)
"Datanode ReportManager Thread - 2" daemon prio=5 tid=363 timed_waiting
java.lang.Thread.State: TIMED_WAITING
        at sun.misc.Unsafe.park(Native Method)
        at java.util.concurrent.locks.LockSupport.parkNanos(LockSupport.java:215)
        at java.util.concurrent.locks.AbstractQueuedSynchronizer$ConditionObject.awaitNanos(AbstractQueuedSynchronizer.java:2078)
        at java.util.concurrent.ScheduledThreadPoolExecutor$DelayedWorkQueue.take(ScheduledThreadPoolExecutor.java:1093)
        at java.util.concurrent.ScheduledThreadPoolExecutor$DelayedWorkQueue.take(ScheduledThreadPoolExecutor.java:809)
        at java.util.concurrent.ThreadPoolExecutor.getTask(ThreadPoolExecutor.java:1074)
        at java.util.concurrent.ThreadPoolExecutor.runWorker(ThreadPoolExecutor.java:1134)
        at java.util.concurrent.ThreadPoolExecutor$Worker.run(ThreadPoolExecutor.java:624)
        at java.lang.Thread.run(Thread.java:750)
"Datanode State Machine Daemon Thread" daemon prio=5 tid=193 timed_waiting
java.lang.Thread.State: TIMED_WAITING
        at java.lang.Thread.sleep(Native Method)
        at org.apache.hadoop.ozone.container.common.statemachine.DatanodeStateMachine.startStateMachineThread(DatanodeStateMachine.java:321)
        at org.apache.hadoop.ozone.container.common.statemachine.DatanodeStateMachine.lambda$startDaemon$0(DatanodeStateMachine.java:506)
        at org.apache.hadoop.ozone.container.common.statemachine.DatanodeStateMachine$$Lambda$751/596905128.run(Unknown Source)
        at java.lang.Thread.run(Thread.java:750)
"qtp1798219135-214" daemon prio=5 tid=214 timed_waiting
java.lang.Thread.State: TIMED_WAITING
        at sun.misc.Unsafe.park(Native Method)
        at java.util.concurrent.locks.LockSupport.parkNanos(LockSupport.java:215)
        at java.util.concurrent.locks.AbstractQueuedSynchronizer$ConditionObject.awaitNanos(AbstractQueuedSynchronizer.java:2078)
        at org.eclipse.jetty.util.BlockingArrayQueue.poll(BlockingArrayQueue.java:382)
        at org.eclipse.jetty.util.thread.QueuedThreadPool$Runner.idleJobPoll(QueuedThreadPool.java:974)
        at org.eclipse.jetty.util.thread.QueuedThreadPool$Runner.run(QueuedThreadPool.java:1018)
        at java.lang.Thread.run(Thread.java:750)
"qtp1646881279-242" daemon prio=5 tid=242 timed_waiting
java.lang.Thread.State: TIMED_WAITING
        at sun.misc.Unsafe.park(Native Method)
        at java.util.concurrent.locks.LockSupport.parkNanos(LockSupport.java:215)
        at java.util.concurrent.locks.AbstractQueuedSynchronizer$ConditionObject.awaitNanos(AbstractQueuedSynchronizer.java:2078)
        at org.eclipse.jetty.util.BlockingArrayQueue.poll(BlockingArrayQueue.java:382)
        at org.eclipse.jetty.util.thread.QueuedThreadPool$Runner.idleJobPoll(QueuedThreadPool.java:974)
        at org.eclipse.jetty.util.thread.QueuedThreadPool$Runner.run(QueuedThreadPool.java:1018)
        at java.lang.Thread.run(Thread.java:750)
"IPC Server handler 18 on default port 42009" daemon prio=5 tid=65 timed_waiting
java.lang.Thread.State: TIMED_WAITING
        at sun.misc.Unsafe.park(Native Method)
        at java.util.concurrent.locks.LockSupport.parkNanos(LockSupport.java:215)
        at java.util.concurrent.locks.AbstractQueuedSynchronizer$ConditionObject.awaitNanos(AbstractQueuedSynchronizer.java:2078)
        at java.util.concurrent.LinkedBlockingQueue.poll(LinkedBlockingQueue.java:467)
        at org.apache.hadoop.ipc.CallQueueManager.take(CallQueueManager.java:317)
        at org.apache.hadoop.ipc.Server$Handler.run(Server.java:2942)
"ChunkWriter-3-0" daemon prio=5 tid=522 in Object.wait()
java.lang.Thread.State: WAITING (on object monitor)
        at sun.misc.Unsafe.park(Native Method)
        at java.util.concurrent.locks.LockSupport.park(LockSupport.java:175)
        at java.util.concurrent.locks.AbstractQueuedSynchronizer$ConditionObject.await(AbstractQueuedSynchronizer.java:2039)
        at java.util.concurrent.LinkedBlockingDeque.takeFirst(LinkedBlockingDeque.java:492)
        at java.util.concurrent.LinkedBlockingDeque.take(LinkedBlockingDeque.java:680)
        at java.util.concurrent.ThreadPoolExecutor.getTask(ThreadPoolExecutor.java:1074)
        at java.util.concurrent.ThreadPoolExecutor.runWorker(ThreadPoolExecutor.java:1134)
        at java.util.concurrent.ThreadPoolExecutor$Worker.run(ThreadPoolExecutor.java:624)
        at java.lang.Thread.run(Thread.java:750)
"pool-59-thread-1"  prio=5 tid=144 timed_waiting
java.lang.Thread.State: TIMED_WAITING
        at sun.misc.Unsafe.park(Native Method)
        at java.util.concurrent.locks.LockSupport.parkNanos(LockSupport.java:215)
        at java.util.concurrent.locks.AbstractQueuedSynchronizer$ConditionObject.awaitNanos(AbstractQueuedSynchronizer.java:2078)
        at java.util.concurrent.ScheduledThreadPoolExecutor$DelayedWorkQueue.take(ScheduledThreadPoolExecutor.java:1093)
        at java.util.concurrent.ScheduledThreadPoolExecutor$DelayedWorkQueue.take(ScheduledThreadPoolExecutor.java:809)
        at java.util.concurrent.ThreadPoolExecutor.getTask(ThreadPoolExecutor.java:1074)
        at java.util.concurrent.ThreadPoolExecutor.runWorker(ThreadPoolExecutor.java:1134)
        at java.util.concurrent.ThreadPoolExecutor$Worker.run(ThreadPoolExecutor.java:624)
        at java.lang.Thread.run(Thread.java:750)
"org.apache.hadoop.util.JvmPauseMonitor$Monitor@358283d9" daemon prio=5 tid=174 timed_waiting
java.lang.Thread.State: TIMED_WAITING
        at java.lang.Thread.sleep(Native Method)
        at org.apache.hadoop.util.JvmPauseMonitor$Monitor.run(JvmPauseMonitor.java:192)
        at java.lang.Thread.run(Thread.java:750)
"b6bbe4ab-2937-401d-96b4-8acfa82ea187@group-EFE686CBFEBE-FollowerState" daemon prio=5 tid=759 timed_waiting
java.lang.Thread.State: TIMED_WAITING
        at java.lang.Thread.sleep(Native Method)
        at java.lang.Thread.sleep(Thread.java:342)
        at java.util.concurrent.TimeUnit.sleep(TimeUnit.java:386)
        at org.apache.ratis.util.TimeDuration.sleep(TimeDuration.java:325)
        at org.apache.ratis.util.TimeDuration.sleep(TimeDuration.java:310)
        at org.apache.ratis.server.impl.FollowerState.run(FollowerState.java:128)
"IPC Server handler 14 on default port 35727" daemon prio=5 tid=101 timed_waiting
java.lang.Thread.State: TIMED_WAITING
        at sun.misc.Unsafe.park(Native Method)
        at java.util.concurrent.locks.LockSupport.parkNanos(LockSupport.java:215)
        at java.util.concurrent.locks.AbstractQueuedSynchronizer$ConditionObject.awaitNanos(AbstractQueuedSynchronizer.java:2078)
        at java.util.concurrent.LinkedBlockingQueue.poll(LinkedBlockingQueue.java:467)
        at org.apache.hadoop.ipc.CallQueueManager.take(CallQueueManager.java:317)
        at org.apache.hadoop.ipc.Server$Handler.run(Server.java:2942)
"IPC Server handler 10 on default port 35727" daemon prio=5 tid=97 timed_waiting
java.lang.Thread.State: TIMED_WAITING
        at sun.misc.Unsafe.park(Native Method)
        at java.util.concurrent.locks.LockSupport.parkNanos(LockSupport.java:215)
        at java.util.concurrent.locks.AbstractQueuedSynchronizer$ConditionObject.awaitNanos(AbstractQueuedSynchronizer.java:2078)
        at java.util.concurrent.LinkedBlockingQueue.poll(LinkedBlockingQueue.java:467)
        at org.apache.hadoop.ipc.CallQueueManager.take(CallQueueManager.java:317)
        at org.apache.hadoop.ipc.Server$Handler.run(Server.java:2942)
"8d7ec919-acd2-4b88-a99a-dd9f5739b33b@group-BEB6889659DA-LeaderStateImpl" daemon prio=5 tid=701 timed_waiting
java.lang.Thread.State: TIMED_WAITING
        at sun.misc.Unsafe.park(Native Method)
        at java.util.concurrent.locks.LockSupport.parkNanos(LockSupport.java:215)
        at java.util.concurrent.locks.AbstractQueuedSynchronizer$ConditionObject.awaitNanos(AbstractQueuedSynchronizer.java:2078)
        at java.util.concurrent.ArrayBlockingQueue.poll(ArrayBlockingQueue.java:418)
        at org.apache.ratis.server.impl.LeaderStateImpl$EventQueue.poll(LeaderStateImpl.java:159)
        at org.apache.ratis.server.impl.LeaderStateImpl$EventProcessor.run(LeaderStateImpl.java:630)
"EventQueue-StaleNodeForStaleNodeHandler" daemon prio=5 tid=824 in Object.wait()
java.lang.Thread.State: WAITING (on object monitor)
        at sun.misc.Unsafe.park(Native Method)
        at java.util.concurrent.locks.LockSupport.park(LockSupport.java:175)
        at java.util.concurrent.locks.AbstractQueuedSynchronizer$ConditionObject.await(AbstractQueuedSynchronizer.java:2039)
        at java.util.concurrent.LinkedBlockingQueue.take(LinkedBlockingQueue.java:442)
        at java.util.concurrent.ThreadPoolExecutor.getTask(ThreadPoolExecutor.java:1074)
        at java.util.concurrent.ThreadPoolExecutor.runWorker(ThreadPoolExecutor.java:1134)
        at java.util.concurrent.ThreadPoolExecutor$Worker.run(ThreadPoolExecutor.java:624)
        at java.lang.Thread.run(Thread.java:750)
"Periodic HDDS volume checker" daemon prio=5 tid=231 timed_waiting
java.lang.Thread.State: TIMED_WAITING
        at sun.misc.Unsafe.park(Native Method)
        at java.util.concurrent.locks.LockSupport.parkNanos(LockSupport.java:215)
        at java.util.concurrent.locks.AbstractQueuedSynchronizer$ConditionObject.awaitNanos(AbstractQueuedSynchronizer.java:2078)
        at java.util.concurrent.ScheduledThreadPoolExecutor$DelayedWorkQueue.take(ScheduledThreadPoolExecutor.java:1093)
        at java.util.concurrent.ScheduledThreadPoolExecutor$DelayedWorkQueue.take(ScheduledThreadPoolExecutor.java:809)
        at java.util.concurrent.ThreadPoolExecutor.getTask(ThreadPoolExecutor.java:1074)
        at java.util.concurrent.ThreadPoolExecutor.runWorker(ThreadPoolExecutor.java:1134)
        at java.util.concurrent.ThreadPoolExecutor$Worker.run(ThreadPoolExecutor.java:624)
        at java.lang.Thread.run(Thread.java:750)
"IPC Server handler 17 on default port 45563" daemon prio=5 tid=171 timed_waiting
java.lang.Thread.State: TIMED_WAITING
        at sun.misc.Unsafe.park(Native Method)
        at java.util.concurrent.locks.LockSupport.parkNanos(LockSupport.java:215)
        at java.util.concurrent.locks.AbstractQueuedSynchronizer$ConditionObject.awaitNanos(AbstractQueuedSynchronizer.java:2078)
        at java.util.concurrent.LinkedBlockingQueue.poll(LinkedBlockingQueue.java:467)
        at org.apache.hadoop.ipc.CallQueueManager.take(CallQueueManager.java:317)
        at org.apache.hadoop.ipc.Server$Handler.run(Server.java:2942)
"b6bbe4ab-2937-401d-96b4-8acfa82ea187@group-8A4815B43099-StateMachineUpdater" daemon prio=5 tid=672 timed_waiting
java.lang.Thread.State: TIMED_WAITING
        at sun.misc.Unsafe.park(Native Method)
        at java.util.concurrent.locks.LockSupport.parkNanos(LockSupport.java:215)
        at java.util.concurrent.CompletableFuture$Signaller.block(CompletableFuture.java:1709)
        at java.util.concurrent.ForkJoinPool.managedBlock(ForkJoinPool.java:3323)
        at java.util.concurrent.CompletableFuture.timedGet(CompletableFuture.java:1788)
        at java.util.concurrent.CompletableFuture.get(CompletableFuture.java:1928)
        at org.apache.ratis.util.AwaitForSignal.await(AwaitForSignal.java:56)
        at org.apache.ratis.server.impl.StateMachineUpdater.waitForCommit(StateMachineUpdater.java:207)
        at org.apache.ratis.server.impl.StateMachineUpdater.run(StateMachineUpdater.java:176)
        at java.lang.Thread.run(Thread.java:750)
"BlockDeletingService#2" daemon prio=5 tid=905 in Object.wait()
java.lang.Thread.State: WAITING (on object monitor)
        at sun.misc.Unsafe.park(Native Method)
        at java.util.concurrent.locks.LockSupport.park(LockSupport.java:175)
        at java.util.concurrent.locks.AbstractQueuedSynchronizer$ConditionObject.await(AbstractQueuedSynchronizer.java:2039)
        at java.util.concurrent.ScheduledThreadPoolExecutor$DelayedWorkQueue.take(ScheduledThreadPoolExecutor.java:1088)
        at java.util.concurrent.ScheduledThreadPoolExecutor$DelayedWorkQueue.take(ScheduledThreadPoolExecutor.java:809)
        at java.util.concurrent.ThreadPoolExecutor.getTask(ThreadPoolExecutor.java:1074)
        at java.util.concurrent.ThreadPoolExecutor.runWorker(ThreadPoolExecutor.java:1134)
        at java.util.concurrent.ThreadPoolExecutor$Worker.run(ThreadPoolExecutor.java:624)
        at java.lang.Thread.run(Thread.java:750)
"Datanode State Machine Daemon Thread" daemon prio=5 tid=247 timed_waiting
java.lang.Thread.State: TIMED_WAITING
        at java.lang.Thread.sleep(Native Method)
        at org.apache.hadoop.ozone.container.common.statemachine.DatanodeStateMachine.startStateMachineThread(DatanodeStateMachine.java:321)
        at org.apache.hadoop.ozone.container.common.statemachine.DatanodeStateMachine.lambda$startDaemon$0(DatanodeStateMachine.java:506)
        at org.apache.hadoop.ozone.container.common.statemachine.DatanodeStateMachine$$Lambda$751/596905128.run(Unknown Source)
        at java.lang.Thread.run(Thread.java:750)
"d878db48-ef46-44bf-ac98-cb2daa3cfd80-server-thread3" daemon prio=5 tid=893 timed_waiting
java.lang.Thread.State: TIMED_WAITING
        at sun.misc.Unsafe.park(Native Method)
        at java.util.concurrent.locks.LockSupport.parkNanos(LockSupport.java:215)
        at java.util.concurrent.SynchronousQueue$TransferStack.awaitFulfill(SynchronousQueue.java:460)
        at java.util.concurrent.SynchronousQueue$TransferStack.transfer(SynchronousQueue.java:362)
        at java.util.concurrent.SynchronousQueue.poll(SynchronousQueue.java:941)
        at java.util.concurrent.ThreadPoolExecutor.getTask(ThreadPoolExecutor.java:1073)
        at java.util.concurrent.ThreadPoolExecutor.runWorker(ThreadPoolExecutor.java:1134)
        at java.util.concurrent.ThreadPoolExecutor$Worker.run(ThreadPoolExecutor.java:624)
        at java.lang.Thread.run(Thread.java:750)
"pool-55-thread-1"  prio=5 tid=127 in Object.wait()
java.lang.Thread.State: WAITING (on object monitor)
        at sun.misc.Unsafe.park(Native Method)
        at java.util.concurrent.locks.LockSupport.park(LockSupport.java:175)
        at java.util.concurrent.locks.AbstractQueuedSynchronizer$ConditionObject.await(AbstractQueuedSynchronizer.java:2039)
        at java.util.concurrent.LinkedBlockingQueue.take(LinkedBlockingQueue.java:442)
        at java.util.concurrent.ThreadPoolExecutor.getTask(ThreadPoolExecutor.java:1074)
        at java.util.concurrent.ThreadPoolExecutor.runWorker(ThreadPoolExecutor.java:1134)
        at java.util.concurrent.ThreadPoolExecutor$Worker.run(ThreadPoolExecutor.java:624)
        at java.lang.Thread.run(Thread.java:750)
"IPC Server handler 14 on default port 45563" daemon prio=5 tid=168 timed_waiting
java.lang.Thread.State: TIMED_WAITING
        at sun.misc.Unsafe.park(Native Method)
        at java.util.concurrent.locks.LockSupport.parkNanos(LockSupport.java:215)
        at java.util.concurrent.locks.AbstractQueuedSynchronizer$ConditionObject.awaitNanos(AbstractQueuedSynchronizer.java:2078)
        at java.util.concurrent.LinkedBlockingQueue.poll(LinkedBlockingQueue.java:467)
        at org.apache.hadoop.ipc.CallQueueManager.take(CallQueueManager.java:317)
        at org.apache.hadoop.ipc.Server$Handler.run(Server.java:2942)
"qtp160371564-320" daemon prio=5 tid=320 timed_waiting
java.lang.Thread.State: TIMED_WAITING
        at sun.misc.Unsafe.park(Native Method)
        at java.util.concurrent.locks.LockSupport.parkNanos(LockSupport.java:215)
        at java.util.concurrent.locks.AbstractQueuedSynchronizer$ConditionObject.awaitNanos(AbstractQueuedSynchronizer.java:2078)
        at org.eclipse.jetty.util.BlockingArrayQueue.poll(BlockingArrayQueue.java:382)
        at org.eclipse.jetty.util.thread.QueuedThreadPool$Runner.idleJobPoll(QueuedThreadPool.java:974)
        at org.eclipse.jetty.util.thread.QueuedThreadPool$Runner.run(QueuedThreadPool.java:1018)
        at java.lang.Thread.run(Thread.java:750)
"b412bf4c-8645-4ac9-920f-94e6c323f92a@group-EFE686CBFEBE-StateMachineUpdater" daemon prio=5 tid=656 timed_waiting
java.lang.Thread.State: TIMED_WAITING
        at sun.misc.Unsafe.park(Native Method)
        at java.util.concurrent.locks.LockSupport.parkNanos(LockSupport.java:215)
        at java.util.concurrent.CompletableFuture$Signaller.block(CompletableFuture.java:1709)
        at java.util.concurrent.ForkJoinPool.managedBlock(ForkJoinPool.java:3323)
        at java.util.concurrent.CompletableFuture.timedGet(CompletableFuture.java:1788)
        at java.util.concurrent.CompletableFuture.get(CompletableFuture.java:1928)
        at org.apache.ratis.util.AwaitForSignal.await(AwaitForSignal.java:56)
        at org.apache.ratis.server.impl.StateMachineUpdater.waitForCommit(StateMachineUpdater.java:207)
        at org.apache.ratis.server.impl.StateMachineUpdater.run(StateMachineUpdater.java:176)
        at java.lang.Thread.run(Thread.java:750)
"qtp1646881279-244" daemon prio=5 tid=244 timed_waiting
java.lang.Thread.State: TIMED_WAITING
        at sun.misc.Unsafe.park(Native Method)
        at java.util.concurrent.locks.LockSupport.parkNanos(LockSupport.java:215)
        at java.util.concurrent.locks.AbstractQueuedSynchronizer$ConditionObject.awaitNanos(AbstractQueuedSynchronizer.java:2078)
        at org.eclipse.jetty.util.BlockingArrayQueue.poll(BlockingArrayQueue.java:382)
        at org.eclipse.jetty.util.thread.QueuedThreadPool$Runner.idleJobPoll(QueuedThreadPool.java:974)
        at org.eclipse.jetty.util.thread.QueuedThreadPool$Runner.run(QueuedThreadPool.java:1018)
        at java.lang.Thread.run(Thread.java:750)
"StaleRecoveringContainerScrubbingService#0" daemon prio=5 tid=437 in Object.wait()
java.lang.Thread.State: WAITING (on object monitor)
        at sun.misc.Unsafe.park(Native Method)
        at java.util.concurrent.locks.LockSupport.park(LockSupport.java:175)
        at java.util.concurrent.locks.AbstractQueuedSynchronizer$ConditionObject.await(AbstractQueuedSynchronizer.java:2039)
        at java.util.concurrent.ScheduledThreadPoolExecutor$DelayedWorkQueue.take(ScheduledThreadPoolExecutor.java:1088)
        at java.util.concurrent.ScheduledThreadPoolExecutor$DelayedWorkQueue.take(ScheduledThreadPoolExecutor.java:809)
        at java.util.concurrent.ThreadPoolExecutor.getTask(ThreadPoolExecutor.java:1074)
        at java.util.concurrent.ThreadPoolExecutor.runWorker(ThreadPoolExecutor.java:1134)
        at java.util.concurrent.ThreadPoolExecutor$Worker.run(ThreadPoolExecutor.java:624)
        at java.lang.Thread.run(Thread.java:750)
"IPC Server handler 2 on default port 40715" daemon prio=5 tid=69 timed_waiting
java.lang.Thread.State: TIMED_WAITING
        at sun.misc.Unsafe.park(Native Method)
        at java.util.concurrent.locks.LockSupport.parkNanos(LockSupport.java:215)
        at java.util.concurrent.locks.AbstractQueuedSynchronizer$ConditionObject.awaitNanos(AbstractQueuedSynchronizer.java:2078)
        at java.util.concurrent.LinkedBlockingQueue.poll(LinkedBlockingQueue.java:467)
        at org.apache.hadoop.ipc.CallQueueManager.take(CallQueueManager.java:317)
        at org.apache.hadoop.ipc.Server$Handler.run(Server.java:2942)
"qtp860364734-420-acceptor-0@182af62f-ServerConnector@837ef79{HTTP/1.1, (http/1.1)}{0.0.0.0:43069}" daemon prio=3 tid=420 runnable
java.lang.Thread.State: RUNNABLE
        at sun.nio.ch.ServerSocketChannelImpl.accept0(Native Method)
        at sun.nio.ch.ServerSocketChannelImpl.accept(ServerSocketChannelImpl.java:421)
        at sun.nio.ch.ServerSocketChannelImpl.accept(ServerSocketChannelImpl.java:249)
        at org.eclipse.jetty.server.ServerConnector.accept(ServerConnector.java:388)
        at org.eclipse.jetty.server.AbstractConnector$Acceptor.run(AbstractConnector.java:704)
        at org.eclipse.jetty.util.thread.QueuedThreadPool.runJob(QueuedThreadPool.java:883)
        at org.eclipse.jetty.util.thread.QueuedThreadPool$Runner.run(QueuedThreadPool.java:1034)
        at java.lang.Thread.run(Thread.java:750)
"FullTableCache Cleanup Thread - 0" daemon prio=5 tid=749 in Object.wait()
java.lang.Thread.State: WAITING (on object monitor)
        at sun.misc.Unsafe.park(Native Method)
        at java.util.concurrent.locks.LockSupport.park(LockSupport.java:175)
        at java.util.concurrent.locks.AbstractQueuedSynchronizer$ConditionObject.await(AbstractQueuedSynchronizer.java:2039)
        at java.util.concurrent.LinkedBlockingQueue.take(LinkedBlockingQueue.java:442)
        at java.util.concurrent.ThreadPoolExecutor.getTask(ThreadPoolExecutor.java:1074)
        at java.util.concurrent.ThreadPoolExecutor.runWorker(ThreadPoolExecutor.java:1134)
        at java.util.concurrent.ThreadPoolExecutor$Worker.run(ThreadPoolExecutor.java:624)
        at java.lang.Thread.run(Thread.java:750)
"IPC Server Responder" daemon prio=5 tid=26 runnable
java.lang.Thread.State: RUNNABLE
        at sun.nio.ch.EPollArrayWrapper.epollWait(Native Method)
        at sun.nio.ch.EPollArrayWrapper.poll(EPollArrayWrapper.java:269)
        at sun.nio.ch.EPollSelectorImpl.doSelect(EPollSelectorImpl.java:93)
        at sun.nio.ch.SelectorImpl.lockAndDoSelect(SelectorImpl.java:86)
        at sun.nio.ch.SelectorImpl.select(SelectorImpl.java:97)
        at org.apache.hadoop.ipc.Server$Responder.doRunLoop(Server.java:1532)
        at org.apache.hadoop.ipc.Server$Responder.run(Server.java:1515)
"PartialTableCache Cleanup Thread - 0" daemon prio=5 tid=752 in Object.wait()
java.lang.Thread.State: WAITING (on object monitor)
        at sun.misc.Unsafe.park(Native Method)
        at java.util.concurrent.locks.LockSupport.park(LockSupport.java:175)
        at java.util.concurrent.locks.AbstractQueuedSynchronizer$ConditionObject.await(AbstractQueuedSynchronizer.java:2039)
        at java.util.concurrent.LinkedBlockingQueue.take(LinkedBlockingQueue.java:442)
        at java.util.concurrent.ThreadPoolExecutor.getTask(ThreadPoolExecutor.java:1074)
        at java.util.concurrent.ThreadPoolExecutor.runWorker(ThreadPoolExecutor.java:1134)
        at java.util.concurrent.ThreadPoolExecutor$Worker.run(ThreadPoolExecutor.java:624)
        at java.lang.Thread.run(Thread.java:750)
"Datanode State Machine Daemon Thread" daemon prio=5 tid=440 timed_waiting
java.lang.Thread.State: TIMED_WAITING
        at java.lang.Thread.sleep(Native Method)
        at org.apache.hadoop.ozone.container.common.statemachine.DatanodeStateMachine.startStateMachineThread(DatanodeStateMachine.java:321)
        at org.apache.hadoop.ozone.container.common.statemachine.DatanodeStateMachine.lambda$startDaemon$0(DatanodeStateMachine.java:506)
        at org.apache.hadoop.ozone.container.common.statemachine.DatanodeStateMachine$$Lambda$751/596905128.run(Unknown Source)
        at java.lang.Thread.run(Thread.java:750)
"pool-196-thread-1"  prio=5 tid=315 timed_waiting
java.lang.Thread.State: TIMED_WAITING
        at sun.misc.Unsafe.park(Native Method)
        at java.util.concurrent.locks.LockSupport.parkNanos(LockSupport.java:215)
        at java.util.concurrent.locks.AbstractQueuedSynchronizer$ConditionObject.awaitNanos(AbstractQueuedSynchronizer.java:2078)
        at java.util.concurrent.ScheduledThreadPoolExecutor$DelayedWorkQueue.take(ScheduledThreadPoolExecutor.java:1093)
        at java.util.concurrent.ScheduledThreadPoolExecutor$DelayedWorkQueue.take(ScheduledThreadPoolExecutor.java:809)
        at java.util.concurrent.ThreadPoolExecutor.getTask(ThreadPoolExecutor.java:1074)
        at java.util.concurrent.ThreadPoolExecutor.runWorker(ThreadPoolExecutor.java:1134)
        at java.util.concurrent.ThreadPoolExecutor$Worker.run(ThreadPoolExecutor.java:624)
        at java.lang.Thread.run(Thread.java:750)
"IPC Server handler 3 on default port 35727" daemon prio=5 tid=90 timed_waiting
java.lang.Thread.State: TIMED_WAITING
        at sun.misc.Unsafe.park(Native Method)
        at java.util.concurrent.locks.LockSupport.parkNanos(LockSupport.java:215)
        at java.util.concurrent.locks.AbstractQueuedSynchronizer$ConditionObject.awaitNanos(AbstractQueuedSynchronizer.java:2078)
        at java.util.concurrent.LinkedBlockingQueue.poll(LinkedBlockingQueue.java:467)
        at org.apache.hadoop.ipc.CallQueueManager.take(CallQueueManager.java:317)
        at org.apache.hadoop.ipc.Server$Handler.run(Server.java:2942)
"IPC Server handler 10 on default port 42009" daemon prio=5 tid=57 timed_waiting
java.lang.Thread.State: TIMED_WAITING
        at sun.misc.Unsafe.park(Native Method)
        at java.util.concurrent.locks.LockSupport.parkNanos(LockSupport.java:215)
        at java.util.concurrent.locks.AbstractQueuedSynchronizer$ConditionObject.awaitNanos(AbstractQueuedSynchronizer.java:2078)
        at java.util.concurrent.LinkedBlockingQueue.poll(LinkedBlockingQueue.java:467)
        at org.apache.hadoop.ipc.CallQueueManager.take(CallQueueManager.java:317)
        at org.apache.hadoop.ipc.Server$Handler.run(Server.java:2942)
"ChunkWriter-2-0" daemon prio=5 tid=503 in Object.wait()
java.lang.Thread.State: WAITING (on object monitor)
        at sun.misc.Unsafe.park(Native Method)
        at java.util.concurrent.locks.LockSupport.park(LockSupport.java:175)
        at java.util.concurrent.locks.AbstractQueuedSynchronizer$ConditionObject.await(AbstractQueuedSynchronizer.java:2039)
        at java.util.concurrent.LinkedBlockingDeque.takeFirst(LinkedBlockingDeque.java:492)
        at java.util.concurrent.LinkedBlockingDeque.take(LinkedBlockingDeque.java:680)
        at java.util.concurrent.ThreadPoolExecutor.getTask(ThreadPoolExecutor.java:1074)
        at java.util.concurrent.ThreadPoolExecutor.runWorker(ThreadPoolExecutor.java:1134)
        at java.util.concurrent.ThreadPoolExecutor$Worker.run(ThreadPoolExecutor.java:624)
        at java.lang.Thread.run(Thread.java:750)
"ChunkWriter-0-0" daemon prio=5 tid=544 in Object.wait()
java.lang.Thread.State: WAITING (on object monitor)
        at sun.misc.Unsafe.park(Native Method)
        at java.util.concurrent.locks.LockSupport.park(LockSupport.java:175)
        at java.util.concurrent.locks.AbstractQueuedSynchronizer$ConditionObject.await(AbstractQueuedSynchronizer.java:2039)
        at java.util.concurrent.LinkedBlockingDeque.takeFirst(LinkedBlockingDeque.java:492)
        at java.util.concurrent.LinkedBlockingDeque.take(LinkedBlockingDeque.java:680)
        at java.util.concurrent.ThreadPoolExecutor.getTask(ThreadPoolExecutor.java:1074)
        at java.util.concurrent.ThreadPoolExecutor.runWorker(ThreadPoolExecutor.java:1134)
        at java.util.concurrent.ThreadPoolExecutor$Worker.run(ThreadPoolExecutor.java:624)
        at java.lang.Thread.run(Thread.java:750)
"StaleRecoveringContainerScrubbingService#2" daemon prio=5 tid=911 in Object.wait()
java.lang.Thread.State: WAITING (on object monitor)
        at sun.misc.Unsafe.park(Native Method)
        at java.util.concurrent.locks.LockSupport.park(LockSupport.java:175)
        at java.util.concurrent.locks.AbstractQueuedSynchronizer$ConditionObject.await(AbstractQueuedSynchronizer.java:2039)
        at java.util.concurrent.ScheduledThreadPoolExecutor$DelayedWorkQueue.take(ScheduledThreadPoolExecutor.java:1088)
        at java.util.concurrent.ScheduledThreadPoolExecutor$DelayedWorkQueue.take(ScheduledThreadPoolExecutor.java:809)
        at java.util.concurrent.ThreadPoolExecutor.getTask(ThreadPoolExecutor.java:1074)
        at java.util.concurrent.ThreadPoolExecutor.runWorker(ThreadPoolExecutor.java:1134)
        at java.util.concurrent.ThreadPoolExecutor$Worker.run(ThreadPoolExecutor.java:624)
        at java.lang.Thread.run(Thread.java:750)
"b412bf4c-8645-4ac9-920f-94e6c323f92a@group-8A4815B43099-StateMachineUpdater" daemon prio=5 tid=668 timed_waiting
java.lang.Thread.State: TIMED_WAITING
        at sun.misc.Unsafe.park(Native Method)
        at java.util.concurrent.locks.LockSupport.parkNanos(LockSupport.java:215)
        at java.util.concurrent.CompletableFuture$Signaller.block(CompletableFuture.java:1709)
        at java.util.concurrent.ForkJoinPool.managedBlock(ForkJoinPool.java:3323)
        at java.util.concurrent.CompletableFuture.timedGet(CompletableFuture.java:1788)
        at java.util.concurrent.CompletableFuture.get(CompletableFuture.java:1928)
        at org.apache.ratis.util.AwaitForSignal.await(AwaitForSignal.java:56)
        at org.apache.ratis.server.impl.StateMachineUpdater.waitForCommit(StateMachineUpdater.java:207)
        at org.apache.ratis.server.impl.StateMachineUpdater.run(StateMachineUpdater.java:176)
        at java.lang.Thread.run(Thread.java:750)
"BlockDeletingService#2" daemon prio=5 tid=909 in Object.wait()
java.lang.Thread.State: WAITING (on object monitor)
        at sun.misc.Unsafe.park(Native Method)
        at java.util.concurrent.locks.LockSupport.park(LockSupport.java:175)
        at java.util.concurrent.locks.AbstractQueuedSynchronizer$ConditionObject.await(AbstractQueuedSynchronizer.java:2039)
        at java.util.concurrent.ScheduledThreadPoolExecutor$DelayedWorkQueue.take(ScheduledThreadPoolExecutor.java:1088)
        at java.util.concurrent.ScheduledThreadPoolExecutor$DelayedWorkQueue.take(ScheduledThreadPoolExecutor.java:809)
        at java.util.concurrent.ThreadPoolExecutor.getTask(ThreadPoolExecutor.java:1074)
        at java.util.concurrent.ThreadPoolExecutor.runWorker(ThreadPoolExecutor.java:1134)
        at java.util.concurrent.ThreadPoolExecutor$Worker.run(ThreadPoolExecutor.java:624)
        at java.lang.Thread.run(Thread.java:750)
"org.apache.hadoop.util.JvmPauseMonitor$Monitor@229f8d20" daemon prio=5 tid=200 timed_waiting
java.lang.Thread.State: TIMED_WAITING
        at java.lang.Thread.sleep(Native Method)
        at org.apache.hadoop.util.JvmPauseMonitor$Monitor.run(JvmPauseMonitor.java:192)
        at java.lang.Thread.run(Thread.java:750)
"qtp326207642-186" daemon prio=5 tid=186 timed_waiting
java.lang.Thread.State: TIMED_WAITING
        at sun.misc.Unsafe.park(Native Method)
        at java.util.concurrent.locks.LockSupport.parkNanos(LockSupport.java:215)
        at java.util.concurrent.locks.AbstractQueuedSynchronizer$ConditionObject.awaitNanos(AbstractQueuedSynchronizer.java:2078)
        at org.eclipse.jetty.util.BlockingArrayQueue.poll(BlockingArrayQueue.java:382)
        at org.eclipse.jetty.util.thread.QueuedThreadPool$Runner.idleJobPoll(QueuedThreadPool.java:974)
        at org.eclipse.jetty.util.thread.QueuedThreadPool$Runner.run(QueuedThreadPool.java:1018)
        at java.lang.Thread.run(Thread.java:750)
"ChunkReader-ELG-0" daemon prio=5 tid=549 runnable
java.lang.Thread.State: RUNNABLE
        at org.apache.ratis.thirdparty.io.netty.channel.epoll.Native.epollWait(Native Method)
        at org.apache.ratis.thirdparty.io.netty.channel.epoll.Native.epollWait(Native.java:209)
        at org.apache.ratis.thirdparty.io.netty.channel.epoll.Native.epollWait(Native.java:202)
        at org.apache.ratis.thirdparty.io.netty.channel.epoll.EpollEventLoop.epollWaitNoTimerChange(EpollEventLoop.java:294)
        at org.apache.ratis.thirdparty.io.netty.channel.epoll.EpollEventLoop.run(EpollEventLoop.java:351)
        at org.apache.ratis.thirdparty.io.netty.util.concurrent.SingleThreadEventExecutor$4.run(SingleThreadEventExecutor.java:995)
        at org.apache.ratis.thirdparty.io.netty.util.internal.ThreadExecutorMap$2.run(ThreadExecutorMap.java:74)
        at java.lang.Thread.run(Thread.java:750)
"IPC Server idle connection scanner for port 42009" daemon prio=5 tid=33 timed_waiting
java.lang.Thread.State: TIMED_WAITING
        at java.lang.Object.wait(Native Method)
        at java.util.TimerThread.mainLoop(Timer.java:552)
        at java.util.TimerThread.run(Timer.java:505)
"qtp160371564-323" daemon prio=5 tid=323 timed_waiting
java.lang.Thread.State: TIMED_WAITING
        at sun.misc.Unsafe.park(Native Method)
        at java.util.concurrent.locks.LockSupport.parkNanos(LockSupport.java:215)
        at java.util.concurrent.locks.AbstractQueuedSynchronizer$ConditionObject.awaitNanos(AbstractQueuedSynchronizer.java:2078)
        at org.eclipse.jetty.util.BlockingArrayQueue.poll(BlockingArrayQueue.java:382)
        at org.eclipse.jetty.util.thread.QueuedThreadPool$Runner.idleJobPoll(QueuedThreadPool.java:974)
        at org.eclipse.jetty.util.thread.QueuedThreadPool$Runner.run(QueuedThreadPool.java:1018)
        at java.lang.Thread.run(Thread.java:750)
"org.apache.hadoop.ozone.container.common.statemachine.commandhandler.DeleteBlocksCommandHandler$DeleteCmdWorker@ca129b5" daemon prio=5 tid=236 timed_waiting
java.lang.Thread.State: TIMED_WAITING
        at java.lang.Thread.sleep(Native Method)
        at org.apache.hadoop.ozone.container.common.statemachine.commandhandler.DeleteBlocksCommandHandler$DeleteCmdWorker.run(DeleteBlocksCommandHandler.java:183)
        at java.lang.Thread.run(Thread.java:750)
"556da25a-9bc8-419d-83a0-dc1d92c1e895-server-thread3" daemon prio=5 tid=864 timed_waiting
java.lang.Thread.State: TIMED_WAITING
        at sun.misc.Unsafe.park(Native Method)
        at java.util.concurrent.locks.LockSupport.parkNanos(LockSupport.java:215)
        at java.util.concurrent.SynchronousQueue$TransferStack.awaitFulfill(SynchronousQueue.java:460)
        at java.util.concurrent.SynchronousQueue$TransferStack.transfer(SynchronousQueue.java:362)
        at java.util.concurrent.SynchronousQueue.poll(SynchronousQueue.java:941)
        at java.util.concurrent.ThreadPoolExecutor.getTask(ThreadPoolExecutor.java:1073)
        at java.util.concurrent.ThreadPoolExecutor.runWorker(ThreadPoolExecutor.java:1134)
        at java.util.concurrent.ThreadPoolExecutor$Worker.run(ThreadPoolExecutor.java:624)
        at java.lang.Thread.run(Thread.java:750)
"timer2" daemon prio=5 tid=706 timed_waiting
java.lang.Thread.State: TIMED_WAITING
        at java.lang.Object.wait(Native Method)
        at java.util.TimerThread.mainLoop(Timer.java:552)
        at java.util.TimerThread.run(Timer.java:505)
"ChunkWriter-1-0" daemon prio=5 tid=393 in Object.wait()
java.lang.Thread.State: WAITING (on object monitor)
        at sun.misc.Unsafe.park(Native Method)
        at java.util.concurrent.locks.LockSupport.park(LockSupport.java:175)
        at java.util.concurrent.locks.AbstractQueuedSynchronizer$ConditionObject.await(AbstractQueuedSynchronizer.java:2039)
        at java.util.concurrent.LinkedBlockingDeque.takeFirst(LinkedBlockingDeque.java:492)
        at java.util.concurrent.LinkedBlockingDeque.take(LinkedBlockingDeque.java:680)
        at java.util.concurrent.ThreadPoolExecutor.getTask(ThreadPoolExecutor.java:1074)
        at java.util.concurrent.ThreadPoolExecutor.runWorker(ThreadPoolExecutor.java:1134)
        at java.util.concurrent.ThreadPoolExecutor$Worker.run(ThreadPoolExecutor.java:624)
        at java.lang.Thread.run(Thread.java:750)
"FixedThreadPoolWithAffinityExecutor-3-0" daemon prio=5 tid=38 timed_waiting
java.lang.Thread.State: TIMED_WAITING
        at sun.misc.Unsafe.park(Native Method)
        at java.util.concurrent.locks.LockSupport.parkNanos(LockSupport.java:215)
        at java.util.concurrent.locks.AbstractQueuedSynchronizer$ConditionObject.awaitNanos(AbstractQueuedSynchronizer.java:2078)
        at java.util.concurrent.LinkedBlockingQueue.poll(LinkedBlockingQueue.java:467)
        at org.apache.hadoop.hdds.scm.server.ContainerReportQueue.poll(ContainerReportQueue.java:266)
        at org.apache.hadoop.hdds.scm.server.ContainerReportQueue.poll(ContainerReportQueue.java:42)
        at org.apache.hadoop.hdds.server.events.FixedThreadPoolWithAffinityExecutor$ContainerReportProcessTask.run(FixedThreadPoolWithAffinityExecutor.java:218)
        at java.util.concurrent.Executors$RunnableAdapter.call(Executors.java:511)
        at java.util.concurrent.FutureTask.run(FutureTask.java:266)
        at java.util.concurrent.ThreadPoolExecutor.runWorker(ThreadPoolExecutor.java:1149)
        at java.util.concurrent.ThreadPoolExecutor$Worker.run(ThreadPoolExecutor.java:624)
        at java.lang.Thread.run(Thread.java:750)
"Datanode State Machine Task Thread - 1"  prio=5 tid=428 in Object.wait()
java.lang.Thread.State: WAITING (on object monitor)
        at sun.misc.Unsafe.park(Native Method)
        at java.util.concurrent.locks.LockSupport.park(LockSupport.java:175)
        at java.util.concurrent.locks.AbstractQueuedSynchronizer$ConditionObject.await(AbstractQueuedSynchronizer.java:2039)
        at java.util.concurrent.LinkedBlockingQueue.take(LinkedBlockingQueue.java:442)
        at java.util.concurrent.ThreadPoolExecutor.getTask(ThreadPoolExecutor.java:1074)
        at java.util.concurrent.ThreadPoolExecutor.runWorker(ThreadPoolExecutor.java:1134)
        at java.util.concurrent.ThreadPoolExecutor$Worker.run(ThreadPoolExecutor.java:624)
        at java.lang.Thread.run(Thread.java:750)
"DatanodeAdminManager-0" daemon prio=5 tid=21 timed_waiting
java.lang.Thread.State: TIMED_WAITING
        at sun.misc.Unsafe.park(Native Method)
        at java.util.concurrent.locks.LockSupport.parkNanos(LockSupport.java:215)
        at java.util.concurrent.locks.AbstractQueuedSynchronizer$ConditionObject.awaitNanos(AbstractQueuedSynchronizer.java:2078)
        at java.util.concurrent.ScheduledThreadPoolExecutor$DelayedWorkQueue.take(ScheduledThreadPoolExecutor.java:1093)
        at java.util.concurrent.ScheduledThreadPoolExecutor$DelayedWorkQueue.take(ScheduledThreadPoolExecutor.java:809)
        at java.util.concurrent.ThreadPoolExecutor.getTask(ThreadPoolExecutor.java:1074)
        at java.util.concurrent.ThreadPoolExecutor.runWorker(ThreadPoolExecutor.java:1134)
        at java.util.concurrent.ThreadPoolExecutor$Worker.run(ThreadPoolExecutor.java:624)
        at java.lang.Thread.run(Thread.java:750)
"IPC Server handler 9 on default port 40715" daemon prio=5 tid=76 timed_waiting
java.lang.Thread.State: TIMED_WAITING
        at sun.misc.Unsafe.park(Native Method)
        at java.util.concurrent.locks.LockSupport.parkNanos(LockSupport.java:215)
        at java.util.concurrent.locks.AbstractQueuedSynchronizer$ConditionObject.awaitNanos(AbstractQueuedSynchronizer.java:2078)
        at java.util.concurrent.LinkedBlockingQueue.poll(LinkedBlockingQueue.java:467)
        at org.apache.hadoop.ipc.CallQueueManager.take(CallQueueManager.java:317)
        at org.apache.hadoop.ipc.Server$Handler.run(Server.java:2942)
"IPC Server Responder" daemon prio=5 tid=34 runnable
java.lang.Thread.State: RUNNABLE
        at sun.nio.ch.EPollArrayWrapper.epollWait(Native Method)
        at sun.nio.ch.EPollArrayWrapper.poll(EPollArrayWrapper.java:269)
        at sun.nio.ch.EPollSelectorImpl.doSelect(EPollSelectorImpl.java:93)
        at sun.nio.ch.SelectorImpl.lockAndDoSelect(SelectorImpl.java:86)
        at sun.nio.ch.SelectorImpl.select(SelectorImpl.java:97)
        at org.apache.hadoop.ipc.Server$Responder.doRunLoop(Server.java:1532)
        at org.apache.hadoop.ipc.Server$Responder.run(Server.java:1515)
"org.apache.hadoop.util.JvmPauseMonitor$Monitor@6d852898" daemon prio=5 tid=367 timed_waiting
java.lang.Thread.State: TIMED_WAITING
        at java.lang.Thread.sleep(Native Method)
        at org.apache.hadoop.util.JvmPauseMonitor$Monitor.run(JvmPauseMonitor.java:192)
        at java.lang.Thread.run(Thread.java:750)
"Datanode ReportManager Thread - 3" daemon prio=5 tid=251 in Object.wait()
java.lang.Thread.State: WAITING (on object monitor)
        at sun.misc.Unsafe.park(Native Method)
        at java.util.concurrent.locks.LockSupport.park(LockSupport.java:175)
        at java.util.concurrent.locks.AbstractQueuedSynchronizer$ConditionObject.await(AbstractQueuedSynchronizer.java:2039)
        at java.util.concurrent.ScheduledThreadPoolExecutor$DelayedWorkQueue.take(ScheduledThreadPoolExecutor.java:1088)
        at java.util.concurrent.ScheduledThreadPoolExecutor$DelayedWorkQueue.take(ScheduledThreadPoolExecutor.java:809)
        at java.util.concurrent.ThreadPoolExecutor.getTask(ThreadPoolExecutor.java:1074)
        at java.util.concurrent.ThreadPoolExecutor.runWorker(ThreadPoolExecutor.java:1134)
        at java.util.concurrent.ThreadPoolExecutor$Worker.run(ThreadPoolExecutor.java:624)
        at java.lang.Thread.run(Thread.java:750)
"qtp1531438298-297" daemon prio=5 tid=297 timed_waiting
java.lang.Thread.State: TIMED_WAITING
        at sun.misc.Unsafe.park(Native Method)
        at java.util.concurrent.locks.LockSupport.parkNanos(LockSupport.java:215)
        at java.util.concurrent.locks.AbstractQueuedSynchronizer$ConditionObject.awaitNanos(AbstractQueuedSynchronizer.java:2078)
        at org.eclipse.jetty.util.BlockingArrayQueue.poll(BlockingArrayQueue.java:382)
        at org.eclipse.jetty.util.thread.QueuedThreadPool$Runner.idleJobPoll(QueuedThreadPool.java:974)
        at org.eclipse.jetty.util.thread.QueuedThreadPool$Runner.run(QueuedThreadPool.java:1018)
        at java.lang.Thread.run(Thread.java:750)
"ChunkWriter-1-0" daemon prio=5 tid=533 in Object.wait()
java.lang.Thread.State: WAITING (on object monitor)
        at sun.misc.Unsafe.park(Native Method)
        at java.util.concurrent.locks.LockSupport.park(LockSupport.java:175)
        at java.util.concurrent.locks.AbstractQueuedSynchronizer$ConditionObject.await(AbstractQueuedSynchronizer.java:2039)
        at java.util.concurrent.LinkedBlockingDeque.takeFirst(LinkedBlockingDeque.java:492)
        at java.util.concurrent.LinkedBlockingDeque.take(LinkedBlockingDeque.java:680)
        at java.util.concurrent.ThreadPoolExecutor.getTask(ThreadPoolExecutor.java:1074)
        at java.util.concurrent.ThreadPoolExecutor.runWorker(ThreadPoolExecutor.java:1134)
        at java.util.concurrent.ThreadPoolExecutor$Worker.run(ThreadPoolExecutor.java:624)
        at java.lang.Thread.run(Thread.java:750)
"qtp457009334-462" daemon prio=5 tid=462 timed_waiting
java.lang.Thread.State: TIMED_WAITING
        at sun.misc.Unsafe.park(Native Method)
        at java.util.concurrent.locks.LockSupport.parkNanos(LockSupport.java:215)
        at java.util.concurrent.locks.AbstractQueuedSynchronizer$ConditionObject.awaitNanos(AbstractQueuedSynchronizer.java:2078)
        at org.eclipse.jetty.util.BlockingArrayQueue.poll(BlockingArrayQueue.java:382)
        at org.eclipse.jetty.util.thread.QueuedThreadPool$Runner.idleJobPoll(QueuedThreadPool.java:974)
        at org.eclipse.jetty.util.thread.QueuedThreadPool$Runner.run(QueuedThreadPool.java:1018)
        at java.lang.Thread.run(Thread.java:750)
"b2efe8a5-99bb-41e7-9296-f49000549216@group-16B0CCAD8931-SegmentedRaftLogWorker"  prio=5 tid=588 timed_waiting
java.lang.Thread.State: TIMED_WAITING
        at sun.misc.Unsafe.park(Native Method)
        at java.util.concurrent.locks.LockSupport.parkNanos(LockSupport.java:215)
        at java.util.concurrent.locks.AbstractQueuedSynchronizer$ConditionObject.awaitNanos(AbstractQueuedSynchronizer.java:2078)
        at org.apache.ratis.util.DataBlockingQueue.poll(DataBlockingQueue.java:148)
        at org.apache.ratis.server.raftlog.segmented.SegmentedRaftLogWorker.run(SegmentedRaftLogWorker.java:310)
        at org.apache.ratis.server.raftlog.segmented.SegmentedRaftLogWorker$$Lambda$665/2146560083.run(Unknown Source)
        at java.lang.Thread.run(Thread.java:750)
"IPC Server handler 2 on default port 35727" daemon prio=5 tid=89 timed_waiting
java.lang.Thread.State: TIMED_WAITING
        at sun.misc.Unsafe.park(Native Method)
        at java.util.concurrent.locks.LockSupport.parkNanos(LockSupport.java:215)
        at java.util.concurrent.locks.AbstractQueuedSynchronizer$ConditionObject.awaitNanos(AbstractQueuedSynchronizer.java:2078)
        at java.util.concurrent.LinkedBlockingQueue.poll(LinkedBlockingQueue.java:467)
        at org.apache.hadoop.ipc.CallQueueManager.take(CallQueueManager.java:317)
        at org.apache.hadoop.ipc.Server$Handler.run(Server.java:2942)
"StaleRecoveringContainerScrubbingService#0" daemon prio=5 tid=539 in Object.wait()
java.lang.Thread.State: WAITING (on object monitor)
        at sun.misc.Unsafe.park(Native Method)
        at java.util.concurrent.locks.LockSupport.park(LockSupport.java:175)
        at java.util.concurrent.locks.AbstractQueuedSynchronizer$ConditionObject.await(AbstractQueuedSynchronizer.java:2039)
        at java.util.concurrent.ScheduledThreadPoolExecutor$DelayedWorkQueue.take(ScheduledThreadPoolExecutor.java:1088)
        at java.util.concurrent.ScheduledThreadPoolExecutor$DelayedWorkQueue.take(ScheduledThreadPoolExecutor.java:809)
        at java.util.concurrent.ThreadPoolExecutor.getTask(ThreadPoolExecutor.java:1074)
        at java.util.concurrent.ThreadPoolExecutor.runWorker(ThreadPoolExecutor.java:1134)
        at java.util.concurrent.ThreadPoolExecutor$Worker.run(ThreadPoolExecutor.java:624)
        at java.lang.Thread.run(Thread.java:750)
"556da25a-9bc8-419d-83a0-dc1d92c1e895@group-59B1A9201BDA-StateMachineUpdater" daemon prio=5 tid=581 timed_waiting
java.lang.Thread.State: TIMED_WAITING
        at sun.misc.Unsafe.park(Native Method)
        at java.util.concurrent.locks.LockSupport.parkNanos(LockSupport.java:215)
        at java.util.concurrent.CompletableFuture$Signaller.block(CompletableFuture.java:1709)
        at java.util.concurrent.ForkJoinPool.managedBlock(ForkJoinPool.java:3323)
        at java.util.concurrent.CompletableFuture.timedGet(CompletableFuture.java:1788)
        at java.util.concurrent.CompletableFuture.get(CompletableFuture.java:1928)
        at org.apache.ratis.util.AwaitForSignal.await(AwaitForSignal.java:56)
        at org.apache.ratis.server.impl.StateMachineUpdater.waitForCommit(StateMachineUpdater.java:207)
        at org.apache.ratis.server.impl.StateMachineUpdater.run(StateMachineUpdater.java:176)
        at java.lang.Thread.run(Thread.java:750)
"EventQueue-DeadNodeForDeadNodeHandler" daemon prio=5 tid=844 in Object.wait()
java.lang.Thread.State: WAITING (on object monitor)
        at sun.misc.Unsafe.park(Native Method)
        at java.util.concurrent.locks.LockSupport.park(LockSupport.java:175)
        at java.util.concurrent.locks.AbstractQueuedSynchronizer$ConditionObject.await(AbstractQueuedSynchronizer.java:2039)
        at java.util.concurrent.LinkedBlockingQueue.take(LinkedBlockingQueue.java:442)
        at java.util.concurrent.ThreadPoolExecutor.getTask(ThreadPoolExecutor.java:1074)
        at java.util.concurrent.ThreadPoolExecutor.runWorker(ThreadPoolExecutor.java:1134)
        at java.util.concurrent.ThreadPoolExecutor$Worker.run(ThreadPoolExecutor.java:624)
        at java.lang.Thread.run(Thread.java:750)
"qtp1646881279-240-acceptor-0@3f2760d3-ServerConnector@f4161d8{HTTP/1.1, (http/1.1)}{0.0.0.0:39495}" daemon prio=3 tid=240 runnable
java.lang.Thread.State: RUNNABLE
        at sun.nio.ch.ServerSocketChannelImpl.accept0(Native Method)
        at sun.nio.ch.ServerSocketChannelImpl.accept(ServerSocketChannelImpl.java:421)
        at sun.nio.ch.ServerSocketChannelImpl.accept(ServerSocketChannelImpl.java:249)
        at org.eclipse.jetty.server.ServerConnector.accept(ServerConnector.java:388)
        at org.eclipse.jetty.server.AbstractConnector$Acceptor.run(AbstractConnector.java:704)
        at org.eclipse.jetty.util.thread.QueuedThreadPool.runJob(QueuedThreadPool.java:883)
        at org.eclipse.jetty.util.thread.QueuedThreadPool$Runner.run(QueuedThreadPool.java:1034)
        at java.lang.Thread.run(Thread.java:750)
"Session-HouseKeeper-6a05f8d0-1"  prio=5 tid=324 timed_waiting
java.lang.Thread.State: TIMED_WAITING
        at sun.misc.Unsafe.park(Native Method)
        at java.util.concurrent.locks.LockSupport.parkNanos(LockSupport.java:215)
        at java.util.concurrent.locks.AbstractQueuedSynchronizer$ConditionObject.awaitNanos(AbstractQueuedSynchronizer.java:2078)
        at java.util.concurrent.ScheduledThreadPoolExecutor$DelayedWorkQueue.take(ScheduledThreadPoolExecutor.java:1093)
        at java.util.concurrent.ScheduledThreadPoolExecutor$DelayedWorkQueue.take(ScheduledThreadPoolExecutor.java:809)
        at java.util.concurrent.ThreadPoolExecutor.getTask(ThreadPoolExecutor.java:1074)
        at java.util.concurrent.ThreadPoolExecutor.runWorker(ThreadPoolExecutor.java:1134)
        at java.util.concurrent.ThreadPoolExecutor$Worker.run(ThreadPoolExecutor.java:624)
        at java.lang.Thread.run(Thread.java:750)
"Session-HouseKeeper-79f127e-1"  prio=5 tid=219 timed_waiting
java.lang.Thread.State: TIMED_WAITING
        at sun.misc.Unsafe.park(Native Method)
        at java.util.concurrent.locks.LockSupport.parkNanos(LockSupport.java:215)
        at java.util.concurrent.locks.AbstractQueuedSynchronizer$ConditionObject.awaitNanos(AbstractQueuedSynchronizer.java:2078)
        at java.util.concurrent.ScheduledThreadPoolExecutor$DelayedWorkQueue.take(ScheduledThreadPoolExecutor.java:1093)
        at java.util.concurrent.ScheduledThreadPoolExecutor$DelayedWorkQueue.take(ScheduledThreadPoolExecutor.java:809)
        at java.util.concurrent.ThreadPoolExecutor.getTask(ThreadPoolExecutor.java:1074)
        at java.util.concurrent.ThreadPoolExecutor.runWorker(ThreadPoolExecutor.java:1134)
        at java.util.concurrent.ThreadPoolExecutor$Worker.run(ThreadPoolExecutor.java:624)
        at java.lang.Thread.run(Thread.java:750)
"8d7ec919-acd2-4b88-a99a-dd9f5739b33b@group-16B0CCAD8931-StateMachineUpdater" daemon prio=5 tid=574 timed_waiting
java.lang.Thread.State: TIMED_WAITING
        at sun.misc.Unsafe.park(Native Method)
        at java.util.concurrent.locks.LockSupport.parkNanos(LockSupport.java:215)
        at java.util.concurrent.CompletableFuture$Signaller.block(CompletableFuture.java:1709)
        at java.util.concurrent.ForkJoinPool.managedBlock(ForkJoinPool.java:3323)
        at java.util.concurrent.CompletableFuture.timedGet(CompletableFuture.java:1788)
        at java.util.concurrent.CompletableFuture.get(CompletableFuture.java:1928)
        at org.apache.ratis.util.AwaitForSignal.await(AwaitForSignal.java:56)
        at org.apache.ratis.server.impl.StateMachineUpdater.waitForCommit(StateMachineUpdater.java:207)
        at org.apache.ratis.server.impl.StateMachineUpdater.run(StateMachineUpdater.java:176)
        at java.lang.Thread.run(Thread.java:750)
"BlockDeletingService#2" daemon prio=5 tid=902 in Object.wait()
java.lang.Thread.State: WAITING (on object monitor)
        at sun.misc.Unsafe.park(Native Method)
        at java.util.concurrent.locks.LockSupport.park(LockSupport.java:175)
        at java.util.concurrent.locks.AbstractQueuedSynchronizer$ConditionObject.await(AbstractQueuedSynchronizer.java:2039)
        at java.util.concurrent.ScheduledThreadPoolExecutor$DelayedWorkQueue.take(ScheduledThreadPoolExecutor.java:1088)
        at java.util.concurrent.ScheduledThreadPoolExecutor$DelayedWorkQueue.take(ScheduledThreadPoolExecutor.java:809)
        at java.util.concurrent.ThreadPoolExecutor.getTask(ThreadPoolExecutor.java:1074)
        at java.util.concurrent.ThreadPoolExecutor.runWorker(ThreadPoolExecutor.java:1134)
        at java.util.concurrent.ThreadPoolExecutor$Worker.run(ThreadPoolExecutor.java:624)
        at java.lang.Thread.run(Thread.java:750)
"Session-HouseKeeper-5785b1b7-1"  prio=5 tid=153 timed_waiting
java.lang.Thread.State: TIMED_WAITING
        at sun.misc.Unsafe.park(Native Method)
        at java.util.concurrent.locks.LockSupport.parkNanos(LockSupport.java:215)
        at java.util.concurrent.locks.AbstractQueuedSynchronizer$ConditionObject.awaitNanos(AbstractQueuedSynchronizer.java:2078)
        at java.util.concurrent.ScheduledThreadPoolExecutor$DelayedWorkQueue.take(ScheduledThreadPoolExecutor.java:1093)
        at java.util.concurrent.ScheduledThreadPoolExecutor$DelayedWorkQueue.take(ScheduledThreadPoolExecutor.java:809)
        at java.util.concurrent.ThreadPoolExecutor.getTask(ThreadPoolExecutor.java:1074)
        at java.util.concurrent.ThreadPoolExecutor.runWorker(ThreadPoolExecutor.java:1134)
        at java.util.concurrent.ThreadPoolExecutor$Worker.run(ThreadPoolExecutor.java:624)
        at java.lang.Thread.run(Thread.java:750)
"b2efe8a5-99bb-41e7-9296-f49000549216@group-BEB6889659DA-SegmentedRaftLogWorker"  prio=5 tid=604 timed_waiting
java.lang.Thread.State: TIMED_WAITING
        at sun.misc.Unsafe.park(Native Method)
        at java.util.concurrent.locks.LockSupport.parkNanos(LockSupport.java:215)
        at java.util.concurrent.locks.AbstractQueuedSynchronizer$ConditionObject.awaitNanos(AbstractQueuedSynchronizer.java:2078)
        at org.apache.ratis.util.DataBlockingQueue.poll(DataBlockingQueue.java:148)
        at org.apache.ratis.server.raftlog.segmented.SegmentedRaftLogWorker.run(SegmentedRaftLogWorker.java:310)
        at org.apache.ratis.server.raftlog.segmented.SegmentedRaftLogWorker$$Lambda$665/2146560083.run(Unknown Source)
        at java.lang.Thread.run(Thread.java:750)
"Datanode State Machine Task Thread - 1"  prio=5 tid=487 in Object.wait()
java.lang.Thread.State: WAITING (on object monitor)
        at sun.misc.Unsafe.park(Native Method)
        at java.util.concurrent.locks.LockSupport.park(LockSupport.java:175)
        at java.util.concurrent.locks.AbstractQueuedSynchronizer$ConditionObject.await(AbstractQueuedSynchronizer.java:2039)
        at java.util.concurrent.LinkedBlockingQueue.take(LinkedBlockingQueue.java:442)
        at java.util.concurrent.ThreadPoolExecutor.getTask(ThreadPoolExecutor.java:1074)
        at java.util.concurrent.ThreadPoolExecutor.runWorker(ThreadPoolExecutor.java:1134)
        at java.util.concurrent.ThreadPoolExecutor$Worker.run(ThreadPoolExecutor.java:624)
        at java.lang.Thread.run(Thread.java:750)
"Periodic HDDS volume checker" daemon prio=5 tid=374 timed_waiting
java.lang.Thread.State: TIMED_WAITING
        at sun.misc.Unsafe.park(Native Method)
        at java.util.concurrent.locks.LockSupport.parkNanos(LockSupport.java:215)
        at java.util.concurrent.locks.AbstractQueuedSynchronizer$ConditionObject.awaitNanos(AbstractQueuedSynchronizer.java:2078)
        at java.util.concurrent.ScheduledThreadPoolExecutor$DelayedWorkQueue.take(ScheduledThreadPoolExecutor.java:1093)
        at java.util.concurrent.ScheduledThreadPoolExecutor$DelayedWorkQueue.take(ScheduledThreadPoolExecutor.java:809)
        at java.util.concurrent.ThreadPoolExecutor.getTask(ThreadPoolExecutor.java:1074)
        at java.util.concurrent.ThreadPoolExecutor.runWorker(ThreadPoolExecutor.java:1134)
        at java.util.concurrent.ThreadPoolExecutor$Worker.run(ThreadPoolExecutor.java:624)
        at java.lang.Thread.run(Thread.java:750)
"qtp110059025-347" daemon prio=5 tid=347 timed_waiting
java.lang.Thread.State: TIMED_WAITING
        at sun.misc.Unsafe.park(Native Method)
        at java.util.concurrent.locks.LockSupport.parkNanos(LockSupport.java:215)
        at java.util.concurrent.locks.AbstractQueuedSynchronizer$ConditionObject.awaitNanos(AbstractQueuedSynchronizer.java:2078)
        at org.eclipse.jetty.util.BlockingArrayQueue.poll(BlockingArrayQueue.java:382)
        at org.eclipse.jetty.util.thread.QueuedThreadPool$Runner.idleJobPoll(QueuedThreadPool.java:974)
        at org.eclipse.jetty.util.thread.QueuedThreadPool$Runner.run(QueuedThreadPool.java:1018)
        at java.lang.Thread.run(Thread.java:750)
"SCMBlockDeletingService#0" daemon prio=5 tid=107 timed_waiting
java.lang.Thread.State: TIMED_WAITING
        at sun.misc.Unsafe.park(Native Method)
        at java.util.concurrent.locks.LockSupport.parkNanos(LockSupport.java:215)
        at java.util.concurrent.locks.AbstractQueuedSynchronizer$ConditionObject.awaitNanos(AbstractQueuedSynchronizer.java:2078)
        at java.util.concurrent.ScheduledThreadPoolExecutor$DelayedWorkQueue.take(ScheduledThreadPoolExecutor.java:1093)
        at java.util.concurrent.ScheduledThreadPoolExecutor$DelayedWorkQueue.take(ScheduledThreadPoolExecutor.java:809)
        at java.util.concurrent.ThreadPoolExecutor.getTask(ThreadPoolExecutor.java:1074)
        at java.util.concurrent.ThreadPoolExecutor.runWorker(ThreadPoolExecutor.java:1134)
        at java.util.concurrent.ThreadPoolExecutor$Worker.run(ThreadPoolExecutor.java:624)
        at java.lang.Thread.run(Thread.java:750)
"StaleRecoveringContainerScrubbingService#2" daemon prio=5 tid=904 in Object.wait()
java.lang.Thread.State: WAITING (on object monitor)
        at sun.misc.Unsafe.park(Native Method)
        at java.util.concurrent.locks.LockSupport.park(LockSupport.java:175)
        at java.util.concurrent.locks.AbstractQueuedSynchronizer$ConditionObject.await(AbstractQueuedSynchronizer.java:2039)
        at java.util.concurrent.ScheduledThreadPoolExecutor$DelayedWorkQueue.take(ScheduledThreadPoolExecutor.java:1088)
        at java.util.concurrent.ScheduledThreadPoolExecutor$DelayedWorkQueue.take(ScheduledThreadPoolExecutor.java:809)
        at java.util.concurrent.ThreadPoolExecutor.getTask(ThreadPoolExecutor.java:1074)
        at java.util.concurrent.ThreadPoolExecutor.runWorker(ThreadPoolExecutor.java:1134)
        at java.util.concurrent.ThreadPoolExecutor$Worker.run(ThreadPoolExecutor.java:624)
        at java.lang.Thread.run(Thread.java:750)
"pool-104-thread-1"  prio=5 tid=210 timed_waiting
java.lang.Thread.State: TIMED_WAITING
        at sun.misc.Unsafe.park(Native Method)
        at java.util.concurrent.locks.LockSupport.parkNanos(LockSupport.java:215)
        at java.util.concurrent.locks.AbstractQueuedSynchronizer$ConditionObject.awaitNanos(AbstractQueuedSynchronizer.java:2078)
        at java.util.concurrent.ScheduledThreadPoolExecutor$DelayedWorkQueue.take(ScheduledThreadPoolExecutor.java:1093)
        at java.util.concurrent.ScheduledThreadPoolExecutor$DelayedWorkQueue.take(ScheduledThreadPoolExecutor.java:809)
        at java.util.concurrent.ThreadPoolExecutor.getTask(ThreadPoolExecutor.java:1074)
        at java.util.concurrent.ThreadPoolExecutor.runWorker(ThreadPoolExecutor.java:1134)
        at java.util.concurrent.ThreadPoolExecutor$Worker.run(ThreadPoolExecutor.java:624)
        at java.lang.Thread.run(Thread.java:750)
"ChunkWriter-1-0" daemon prio=5 tid=520 in Object.wait()
java.lang.Thread.State: WAITING (on object monitor)
        at sun.misc.Unsafe.park(Native Method)
        at java.util.concurrent.locks.LockSupport.park(LockSupport.java:175)
        at java.util.concurrent.locks.AbstractQueuedSynchronizer$ConditionObject.await(AbstractQueuedSynchronizer.java:2039)
        at java.util.concurrent.LinkedBlockingDeque.takeFirst(LinkedBlockingDeque.java:492)
        at java.util.concurrent.LinkedBlockingDeque.take(LinkedBlockingDeque.java:680)
        at java.util.concurrent.ThreadPoolExecutor.getTask(ThreadPoolExecutor.java:1074)
        at java.util.concurrent.ThreadPoolExecutor.runWorker(ThreadPoolExecutor.java:1134)
        at java.util.concurrent.ThreadPoolExecutor$Worker.run(ThreadPoolExecutor.java:624)
        at java.lang.Thread.run(Thread.java:750)
"IPC Server handler 18 on default port 35727" daemon prio=5 tid=105 timed_waiting
java.lang.Thread.State: TIMED_WAITING
        at sun.misc.Unsafe.park(Native Method)
        at java.util.concurrent.locks.LockSupport.parkNanos(LockSupport.java:215)
        at java.util.concurrent.locks.AbstractQueuedSynchronizer$ConditionObject.awaitNanos(AbstractQueuedSynchronizer.java:2078)
        at java.util.concurrent.LinkedBlockingQueue.poll(LinkedBlockingQueue.java:467)
        at org.apache.hadoop.ipc.CallQueueManager.take(CallQueueManager.java:317)
        at org.apache.hadoop.ipc.Server$Handler.run(Server.java:2942)
"ChunkReader-3" daemon prio=5 tid=802 in Object.wait()
java.lang.Thread.State: WAITING (on object monitor)
        at sun.misc.Unsafe.park(Native Method)
        at java.util.concurrent.locks.LockSupport.park(LockSupport.java:175)
        at java.util.concurrent.locks.AbstractQueuedSynchronizer$ConditionObject.await(AbstractQueuedSynchronizer.java:2039)
        at java.util.concurrent.LinkedBlockingQueue.take(LinkedBlockingQueue.java:442)
        at java.util.concurrent.ThreadPoolExecutor.getTask(ThreadPoolExecutor.java:1074)
        at java.util.concurrent.ThreadPoolExecutor.runWorker(ThreadPoolExecutor.java:1134)
        at java.util.concurrent.ThreadPoolExecutor$Worker.run(ThreadPoolExecutor.java:624)
        at java.lang.Thread.run(Thread.java:750)
"ChunkWriter-0-0" daemon prio=5 tid=519 in Object.wait()
java.lang.Thread.State: WAITING (on object monitor)
        at sun.misc.Unsafe.park(Native Method)
        at java.util.concurrent.locks.LockSupport.park(LockSupport.java:175)
        at java.util.concurrent.locks.AbstractQueuedSynchronizer$ConditionObject.await(AbstractQueuedSynchronizer.java:2039)
        at java.util.concurrent.LinkedBlockingDeque.takeFirst(LinkedBlockingDeque.java:492)
        at java.util.concurrent.LinkedBlockingDeque.take(LinkedBlockingDeque.java:680)
        at java.util.concurrent.ThreadPoolExecutor.getTask(ThreadPoolExecutor.java:1074)
        at java.util.concurrent.ThreadPoolExecutor.runWorker(ThreadPoolExecutor.java:1134)
        at java.util.concurrent.ThreadPoolExecutor$Worker.run(ThreadPoolExecutor.java:624)
        at java.lang.Thread.run(Thread.java:750)
"b412bf4c-8645-4ac9-920f-94e6c323f92a@group-8A4815B43099-LeaderStateImpl" daemon prio=5 tid=886 timed_waiting
java.lang.Thread.State: TIMED_WAITING
        at sun.misc.Unsafe.park(Native Method)
        at java.util.concurrent.locks.LockSupport.parkNanos(LockSupport.java:215)
        at java.util.concurrent.locks.AbstractQueuedSynchronizer$ConditionObject.awaitNanos(AbstractQueuedSynchronizer.java:2078)
        at java.util.concurrent.ArrayBlockingQueue.poll(ArrayBlockingQueue.java:418)
        at org.apache.ratis.server.impl.LeaderStateImpl$EventQueue.poll(LeaderStateImpl.java:159)
        at org.apache.ratis.server.impl.LeaderStateImpl$EventProcessor.run(LeaderStateImpl.java:630)
"StaleRecoveringContainerScrubbingService#1" daemon prio=5 tid=438 timed_waiting
java.lang.Thread.State: TIMED_WAITING
        at sun.misc.Unsafe.park(Native Method)
        at java.util.concurrent.locks.LockSupport.parkNanos(LockSupport.java:215)
        at java.util.concurrent.locks.AbstractQueuedSynchronizer$ConditionObject.awaitNanos(AbstractQueuedSynchronizer.java:2078)
        at java.util.concurrent.ScheduledThreadPoolExecutor$DelayedWorkQueue.take(ScheduledThreadPoolExecutor.java:1093)
        at java.util.concurrent.ScheduledThreadPoolExecutor$DelayedWorkQueue.take(ScheduledThreadPoolExecutor.java:809)
        at java.util.concurrent.ThreadPoolExecutor.getTask(ThreadPoolExecutor.java:1074)
        at java.util.concurrent.ThreadPoolExecutor.runWorker(ThreadPoolExecutor.java:1134)
        at java.util.concurrent.ThreadPoolExecutor$Worker.run(ThreadPoolExecutor.java:624)
        at java.lang.Thread.run(Thread.java:750)
"qtp110059025-344" daemon prio=5 tid=344 timed_waiting
java.lang.Thread.State: TIMED_WAITING
        at sun.misc.Unsafe.park(Native Method)
        at java.util.concurrent.locks.LockSupport.parkNanos(LockSupport.java:215)
        at java.util.concurrent.locks.AbstractQueuedSynchronizer$ConditionObject.awaitNanos(AbstractQueuedSynchronizer.java:2078)
        at org.eclipse.jetty.util.BlockingArrayQueue.poll(BlockingArrayQueue.java:382)
        at org.eclipse.jetty.util.thread.QueuedThreadPool$Runner.idleJobPoll(QueuedThreadPool.java:974)
        at org.eclipse.jetty.util.thread.QueuedThreadPool$Runner.run(QueuedThreadPool.java:1018)
        at java.lang.Thread.run(Thread.java:750)
"qtp1798219135-212-acceptor-0@6106d1ee-ServerConnector@715f00d0{HTTP/1.1, (http/1.1)}{0.0.0.0:33409}" daemon prio=3 tid=212 runnable
java.lang.Thread.State: RUNNABLE
        at sun.nio.ch.ServerSocketChannelImpl.accept0(Native Method)
        at sun.nio.ch.ServerSocketChannelImpl.accept(ServerSocketChannelImpl.java:421)
        at sun.nio.ch.ServerSocketChannelImpl.accept(ServerSocketChannelImpl.java:249)
        at org.eclipse.jetty.server.ServerConnector.accept(ServerConnector.java:388)
        at org.eclipse.jetty.server.AbstractConnector$Acceptor.run(AbstractConnector.java:704)
        at org.eclipse.jetty.util.thread.QueuedThreadPool.runJob(QueuedThreadPool.java:883)
        at org.eclipse.jetty.util.thread.QueuedThreadPool$Runner.run(QueuedThreadPool.java:1034)
        at java.lang.Thread.run(Thread.java:750)
"Command processor thread" daemon prio=5 tid=331 timed_waiting
java.lang.Thread.State: TIMED_WAITING
        at java.lang.Thread.sleep(Native Method)
        at org.apache.hadoop.ozone.container.common.statemachine.DatanodeStateMachine.lambda$initCommandHandlerThread$3(DatanodeStateMachine.java:641)
        at org.apache.hadoop.ozone.container.common.statemachine.DatanodeStateMachine$$Lambda$753/651253568.run(Unknown Source)
        at java.lang.Thread.run(Thread.java:750)
"BlockDeletingService#1" daemon prio=5 tid=528 timed_waiting
java.lang.Thread.State: TIMED_WAITING
        at sun.misc.Unsafe.park(Native Method)
        at java.util.concurrent.locks.LockSupport.parkNanos(LockSupport.java:215)
        at java.util.concurrent.locks.AbstractQueuedSynchronizer$ConditionObject.awaitNanos(AbstractQueuedSynchronizer.java:2078)
        at java.util.concurrent.ScheduledThreadPoolExecutor$DelayedWorkQueue.take(ScheduledThreadPoolExecutor.java:1093)
        at java.util.concurrent.ScheduledThreadPoolExecutor$DelayedWorkQueue.take(ScheduledThreadPoolExecutor.java:809)
        at java.util.concurrent.ThreadPoolExecutor.getTask(ThreadPoolExecutor.java:1074)
        at java.util.concurrent.ThreadPoolExecutor.runWorker(ThreadPoolExecutor.java:1134)
        at java.util.concurrent.ThreadPoolExecutor$Worker.run(ThreadPoolExecutor.java:624)
        at java.lang.Thread.run(Thread.java:750)
"qtp2076445832-383-acceptor-0@5d141574-ServerConnector@12d1165b{HTTP/1.1, (http/1.1)}{0.0.0.0:34953}" daemon prio=3 tid=383 runnable
java.lang.Thread.State: RUNNABLE
        at sun.nio.ch.ServerSocketChannelImpl.accept0(Native Method)
        at sun.nio.ch.ServerSocketChannelImpl.accept(ServerSocketChannelImpl.java:421)
        at sun.nio.ch.ServerSocketChannelImpl.accept(ServerSocketChannelImpl.java:249)
        at org.eclipse.jetty.server.ServerConnector.accept(ServerConnector.java:388)
        at org.eclipse.jetty.server.AbstractConnector$Acceptor.run(AbstractConnector.java:704)
        at org.eclipse.jetty.util.thread.QueuedThreadPool.runJob(QueuedThreadPool.java:883)
        at org.eclipse.jetty.util.thread.QueuedThreadPool$Runner.run(QueuedThreadPool.java:1034)
        at java.lang.Thread.run(Thread.java:750)
"qtp860364734-419" daemon prio=5 tid=419 runnable
java.lang.Thread.State: RUNNABLE
        at sun.nio.ch.EPollArrayWrapper.epollWait(Native Method)
        at sun.nio.ch.EPollArrayWrapper.poll(EPollArrayWrapper.java:269)
        at sun.nio.ch.EPollSelectorImpl.doSelect(EPollSelectorImpl.java:93)
        at sun.nio.ch.SelectorImpl.lockAndDoSelect(SelectorImpl.java:86)
        at sun.nio.ch.SelectorImpl.select(SelectorImpl.java:97)
        at sun.nio.ch.SelectorImpl.select(SelectorImpl.java:101)
        at org.eclipse.jetty.io.ManagedSelector.nioSelect(ManagedSelector.java:183)
        at org.eclipse.jetty.io.ManagedSelector.select(ManagedSelector.java:190)
        at org.eclipse.jetty.io.ManagedSelector$SelectorProducer.select(ManagedSelector.java:606)
        at org.eclipse.jetty.io.ManagedSelector$SelectorProducer.produce(ManagedSelector.java:543)
        at org.eclipse.jetty.util.thread.strategy.EatWhatYouKill.produceTask(EatWhatYouKill.java:362)
        at org.eclipse.jetty.util.thread.strategy.EatWhatYouKill.doProduce(EatWhatYouKill.java:186)
        at org.eclipse.jetty.util.thread.strategy.EatWhatYouKill.tryProduce(EatWhatYouKill.java:173)
        at org.eclipse.jetty.util.thread.strategy.EatWhatYouKill.produce(EatWhatYouKill.java:137)
        at org.eclipse.jetty.io.ManagedSelector$$Lambda$446/827549167.run(Unknown Source)
        at org.eclipse.jetty.util.thread.QueuedThreadPool.runJob(QueuedThreadPool.java:883)
        at org.eclipse.jetty.util.thread.QueuedThreadPool$Runner.run(QueuedThreadPool.java:1034)
        at java.lang.Thread.run(Thread.java:750)
"IPC Server handler 13 on default port 42009" daemon prio=5 tid=60 timed_waiting
java.lang.Thread.State: TIMED_WAITING
        at sun.misc.Unsafe.park(Native Method)
        at java.util.concurrent.locks.LockSupport.parkNanos(LockSupport.java:215)
        at java.util.concurrent.locks.AbstractQueuedSynchronizer$ConditionObject.awaitNanos(AbstractQueuedSynchronizer.java:2078)
        at java.util.concurrent.LinkedBlockingQueue.poll(LinkedBlockingQueue.java:467)
        at org.apache.hadoop.ipc.CallQueueManager.take(CallQueueManager.java:317)
        at org.apache.hadoop.ipc.Server$Handler.run(Server.java:2942)
"pool-257-thread-1" daemon prio=5 tid=414 timed_waiting
java.lang.Thread.State: TIMED_WAITING
        at sun.misc.Unsafe.park(Native Method)
        at java.util.concurrent.locks.LockSupport.parkNanos(LockSupport.java:215)
        at java.util.concurrent.locks.AbstractQueuedSynchronizer$ConditionObject.awaitNanos(AbstractQueuedSynchronizer.java:2078)
        at java.util.concurrent.ScheduledThreadPoolExecutor$DelayedWorkQueue.take(ScheduledThreadPoolExecutor.java:1093)
        at java.util.concurrent.ScheduledThreadPoolExecutor$DelayedWorkQueue.take(ScheduledThreadPoolExecutor.java:809)
        at java.util.concurrent.ThreadPoolExecutor.getTask(ThreadPoolExecutor.java:1074)
        at java.util.concurrent.ThreadPoolExecutor.runWorker(ThreadPoolExecutor.java:1134)
        at java.util.concurrent.ThreadPoolExecutor$Worker.run(ThreadPoolExecutor.java:624)
        at java.lang.Thread.run(Thread.java:750)
"Command processor thread" daemon prio=5 tid=227 timed_waiting
java.lang.Thread.State: TIMED_WAITING
        at java.lang.Thread.sleep(Native Method)
        at org.apache.hadoop.ozone.container.common.statemachine.DatanodeStateMachine.lambda$initCommandHandlerThread$3(DatanodeStateMachine.java:641)
        at org.apache.hadoop.ozone.container.common.statemachine.DatanodeStateMachine$$Lambda$753/651253568.run(Unknown Source)
        at java.lang.Thread.run(Thread.java:750)
"pool-264-thread-1"  prio=5 tid=658 in Object.wait()
java.lang.Thread.State: WAITING (on object monitor)
        at sun.misc.Unsafe.park(Native Method)
        at java.util.concurrent.locks.LockSupport.park(LockSupport.java:175)
        at java.util.concurrent.locks.AbstractQueuedSynchronizer$ConditionObject.await(AbstractQueuedSynchronizer.java:2039)
        at java.util.concurrent.LinkedBlockingQueue.take(LinkedBlockingQueue.java:442)
        at java.util.concurrent.ThreadPoolExecutor.getTask(ThreadPoolExecutor.java:1074)
        at java.util.concurrent.ThreadPoolExecutor.runWorker(ThreadPoolExecutor.java:1134)
        at java.util.concurrent.ThreadPoolExecutor$Worker.run(ThreadPoolExecutor.java:624)
        at java.lang.Thread.run(Thread.java:750)
"org.apache.hadoop.util.JvmPauseMonitor$Monitor@441640da" daemon prio=5 tid=306 timed_waiting
java.lang.Thread.State: TIMED_WAITING
        at java.lang.Thread.sleep(Native Method)
        at org.apache.hadoop.util.JvmPauseMonitor$Monitor.run(JvmPauseMonitor.java:192)
        at java.lang.Thread.run(Thread.java:750)
"Periodic HDDS volume checker" daemon prio=5 tid=309 timed_waiting
java.lang.Thread.State: TIMED_WAITING
        at sun.misc.Unsafe.park(Native Method)
        at java.util.concurrent.locks.LockSupport.parkNanos(LockSupport.java:215)
        at java.util.concurrent.locks.AbstractQueuedSynchronizer$ConditionObject.awaitNanos(AbstractQueuedSynchronizer.java:2078)
        at java.util.concurrent.ScheduledThreadPoolExecutor$DelayedWorkQueue.take(ScheduledThreadPoolExecutor.java:1093)
        at java.util.concurrent.ScheduledThreadPoolExecutor$DelayedWorkQueue.take(ScheduledThreadPoolExecutor.java:809)
        at java.util.concurrent.ThreadPoolExecutor.getTask(ThreadPoolExecutor.java:1074)
        at java.util.concurrent.ThreadPoolExecutor.runWorker(ThreadPoolExecutor.java:1134)
        at java.util.concurrent.ThreadPoolExecutor$Worker.run(ThreadPoolExecutor.java:624)
        at java.lang.Thread.run(Thread.java:750)
"8d7ec919-acd2-4b88-a99a-dd9f5739b33b@group-16B0CCAD8931-FollowerState" daemon prio=5 tid=852 timed_waiting
java.lang.Thread.State: TIMED_WAITING
        at java.lang.Thread.sleep(Native Method)
        at java.lang.Thread.sleep(Thread.java:342)
        at java.util.concurrent.TimeUnit.sleep(TimeUnit.java:386)
        at org.apache.ratis.util.TimeDuration.sleep(TimeDuration.java:325)
        at org.apache.ratis.util.TimeDuration.sleep(TimeDuration.java:310)
        at org.apache.ratis.server.impl.FollowerState.run(FollowerState.java:128)
"IPC Server handler 7 on default port 40715" daemon prio=5 tid=74 timed_waiting
java.lang.Thread.State: TIMED_WAITING
        at sun.misc.Unsafe.park(Native Method)
        at java.util.concurrent.locks.LockSupport.parkNanos(LockSupport.java:215)
        at java.util.concurrent.locks.AbstractQueuedSynchronizer$ConditionObject.awaitNanos(AbstractQueuedSynchronizer.java:2078)
        at java.util.concurrent.LinkedBlockingQueue.poll(LinkedBlockingQueue.java:467)
        at org.apache.hadoop.ipc.CallQueueManager.take(CallQueueManager.java:317)
        at org.apache.hadoop.ipc.Server$Handler.run(Server.java:2942)
"Datanode ReportManager Thread - 0" daemon prio=5 tid=300 timed_waiting
java.lang.Thread.State: TIMED_WAITING
        at sun.misc.Unsafe.park(Native Method)
        at java.util.concurrent.locks.LockSupport.parkNanos(LockSupport.java:215)
        at java.util.concurrent.locks.AbstractQueuedSynchronizer$ConditionObject.awaitNanos(AbstractQueuedSynchronizer.java:2078)
        at java.util.concurrent.ScheduledThreadPoolExecutor$DelayedWorkQueue.take(ScheduledThreadPoolExecutor.java:1093)
        at java.util.concurrent.ScheduledThreadPoolExecutor$DelayedWorkQueue.take(ScheduledThreadPoolExecutor.java:809)
        at java.util.concurrent.ThreadPoolExecutor.getTask(ThreadPoolExecutor.java:1074)
        at java.util.concurrent.ThreadPoolExecutor.runWorker(ThreadPoolExecutor.java:1134)
        at java.util.concurrent.ThreadPoolExecutor$Worker.run(ThreadPoolExecutor.java:624)
        at java.lang.Thread.run(Thread.java:750)
"IPC Server handler 15 on default port 40715" daemon prio=5 tid=82 timed_waiting
java.lang.Thread.State: TIMED_WAITING
        at sun.misc.Unsafe.park(Native Method)
        at java.util.concurrent.locks.LockSupport.parkNanos(LockSupport.java:215)
        at java.util.concurrent.locks.AbstractQueuedSynchronizer$ConditionObject.awaitNanos(AbstractQueuedSynchronizer.java:2078)
        at java.util.concurrent.LinkedBlockingQueue.poll(LinkedBlockingQueue.java:467)
        at org.apache.hadoop.ipc.CallQueueManager.take(CallQueueManager.java:317)
        at org.apache.hadoop.ipc.Server$Handler.run(Server.java:2942)
"b412bf4c-8645-4ac9-920f-94e6c323f92a@group-EFE686CBFEBE-FollowerState" daemon prio=5 tid=763 timed_waiting
java.lang.Thread.State: TIMED_WAITING
        at java.lang.Thread.sleep(Native Method)
        at java.lang.Thread.sleep(Thread.java:342)
        at java.util.concurrent.TimeUnit.sleep(TimeUnit.java:386)
        at org.apache.ratis.util.TimeDuration.sleep(TimeDuration.java:325)
        at org.apache.ratis.util.TimeDuration.sleep(TimeDuration.java:310)
        at org.apache.ratis.server.impl.FollowerState.run(FollowerState.java:128)
"Listener at 127.0.0.1/45563"  prio=5 tid=1 runnable
java.lang.Thread.State: RUNNABLE
        at java.lang.Thread.dumpThreads(Native Method)
        at java.lang.Thread.getAllStackTraces(Thread.java:1615)
        at org.apache.ozone.test.TimedOutTestsListener.buildThreadDump(TimedOutTestsListener.java:93)
        at org.apache.ozone.test.TimedOutTestsListener.buildThreadDiagnosticString(TimedOutTestsListener.java:79)
        at org.apache.ozone.test.GenericTestUtils.waitFor(GenericTestUtils.java:224)
        at org.apache.hadoop.ozone.container.TestECContainerRecovery.waitForContainerCount(TestECContainerRecovery.java:265)
        at org.apache.hadoop.ozone.container.TestECContainerRecovery.testContainerRecoveryOverReplicationProcessing(TestECContainerRecovery.java:209)
        at sun.reflect.NativeMethodAccessorImpl.invoke0(Native Method)
        at sun.reflect.NativeMethodAccessorImpl.invoke(NativeMethodAccessorImpl.java:62)
        at sun.reflect.DelegatingMethodAccessorImpl.invoke(DelegatingMethodAccessorImpl.java:43)
        at java.lang.reflect.Method.invoke(Method.java:498)
        at org.junit.platform.commons.util.ReflectionUtils.invokeMethod(ReflectionUtils.java:725)
        at org.junit.jupiter.engine.execution.MethodInvocation.proceed(MethodInvocation.java:60)
        at org.junit.jupiter.engine.execution.InvocationInterceptorChain$ValidatingInvocation.proceed(InvocationInterceptorChain.java:131)
        at org.junit.jupiter.engine.extension.TimeoutExtension.intercept(TimeoutExtension.java:149)
        at org.junit.jupiter.engine.extension.TimeoutExtension.interceptTestableMethod(TimeoutExtension.java:140)
        at org.junit.jupiter.engine.extension.TimeoutExtension.interceptTestMethod(TimeoutExtension.java:84)
        at org.junit.jupiter.engine.descriptor.TestMethodTestDescriptor$$Lambda$158/1014982340.apply(Unknown Source)
        at org.junit.jupiter.engine.execution.ExecutableInvoker$ReflectiveInterceptorCall.lambda$ofVoidMethod$0(ExecutableInvoker.java:115)
        at org.junit.jupiter.engine.execution.ExecutableInvoker$ReflectiveInterceptorCall$$Lambda$159/268084911.apply(Unknown Source)
        at org.junit.jupiter.engine.execution.ExecutableInvoker.lambda$invoke$0(ExecutableInvoker.java:105)
        at org.junit.jupiter.engine.execution.ExecutableInvoker$$Lambda$314/884603232.apply(Unknown Source)
        at org.junit.jupiter.engine.execution.InvocationInterceptorChain$InterceptedInvocation.proceed(InvocationInterceptorChain.java:106)
        at org.junit.jupiter.engine.execution.InvocationInterceptorChain.proceed(InvocationInterceptorChain.java:64)
        at org.junit.jupiter.engine.execution.InvocationInterceptorChain.chainAndInvoke(InvocationInterceptorChain.java:45)
        at org.junit.jupiter.engine.execution.InvocationInterceptorChain.invoke(InvocationInterceptorChain.java:37)
        at org.junit.jupiter.engine.execution.ExecutableInvoker.invoke(ExecutableInvoker.java:104)
        at org.junit.jupiter.engine.execution.ExecutableInvoker.invoke(ExecutableInvoker.java:98)
        at org.junit.jupiter.engine.descriptor.TestMethodTestDescriptor.lambda$invokeTestMethod$7(TestMethodTestDescriptor.java:214)
        at org.junit.jupiter.engine.descriptor.TestMethodTestDescriptor$$Lambda$1168/2031737092.execute(Unknown Source)
        at org.junit.platform.engine.support.hierarchical.ThrowableCollector.execute(ThrowableCollector.java:73)
        at org.junit.jupiter.engine.descriptor.TestMethodTestDescriptor.invokeTestMethod(TestMethodTestDescriptor.java:210)
        at org.junit.jupiter.engine.descriptor.TestMethodTestDescriptor.execute(TestMethodTestDescriptor.java:135)
        at org.junit.jupiter.engine.descriptor.TestMethodTestDescriptor.execute(TestMethodTestDescriptor.java:66)
        at org.junit.platform.engine.support.hierarchical.NodeTestTask.lambda$executeRecursively$6(NodeTestTask.java:151)
        at org.junit.platform.engine.support.hierarchical.NodeTestTask$$Lambda$258/2129442232.execute(Unknown Source)
        at org.junit.platform.engine.support.hierarchical.ThrowableCollector.execute(ThrowableCollector.java:73)
        at org.junit.platform.engine.support.hierarchical.NodeTestTask.lambda$executeRecursively$8(NodeTestTask.java:141)
        at org.junit.platform.engine.support.hierarchical.NodeTestTask$$Lambda$257/352367347.invoke(Unknown Source)
        at org.junit.platform.engine.support.hierarchical.Node.around(Node.java:137)
        at org.junit.platform.engine.support.hierarchical.NodeTestTask.lambda$executeRecursively$9(NodeTestTask.java:139)
        at org.junit.platform.engine.support.hierarchical.NodeTestTask$$Lambda$256/1204481453.execute(Unknown Source)
        at org.junit.platform.engine.support.hierarchical.ThrowableCollector.execute(ThrowableCollector.java:73)
        at org.junit.platform.engine.support.hierarchical.NodeTestTask.executeRecursively(NodeTestTask.java:138)
        at org.junit.platform.engine.support.hierarchical.NodeTestTask.execute(NodeTestTask.java:95)
        at org.junit.platform.engine.support.hierarchical.SameThreadHierarchicalTestExecutorService$$Lambda$262/1902671237.accept(Unknown Source)
        at java.util.ArrayList.forEach(ArrayList.java:1259)
        at org.junit.platform.engine.support.hierarchical.SameThreadHierarchicalTestExecutorService.invokeAll(SameThreadHierarchicalTestExecutorService.java:41)
        at org.junit.platform.engine.support.hierarchical.NodeTestTask.lambda$executeRecursively$6(NodeTestTask.java:155)
        at org.junit.platform.engine.support.hierarchical.NodeTestTask$$Lambda$258/2129442232.execute(Unknown Source)
        at org.junit.platform.engine.support.hierarchical.ThrowableCollector.execute(ThrowableCollector.java:73)
        at org.junit.platform.engine.support.hierarchical.NodeTestTask.lambda$executeRecursively$8(NodeTestTask.java:141)
        at org.junit.platform.engine.support.hierarchical.NodeTestTask$$Lambda$257/352367347.invoke(Unknown Source)
        at org.junit.platform.engine.support.hierarchical.Node.around(Node.java:137)
        at org.junit.platform.engine.support.hierarchical.NodeTestTask.lambda$executeRecursively$9(NodeTestTask.java:139)
        at org.junit.platform.engine.support.hierarchical.NodeTestTask$$Lambda$256/1204481453.execute(Unknown Source)
        at org.junit.platform.engine.support.hierarchical.ThrowableCollector.execute(ThrowableCollector.java:73)
        at org.junit.platform.engine.support.hierarchical.NodeTestTask.executeRecursively(NodeTestTask.java:138)
        at org.junit.platform.engine.support.hierarchical.NodeTestTask.execute(NodeTestTask.java:95)
        at org.junit.platform.engine.support.hierarchical.SameThreadHierarchicalTestExecutorService$$Lambda$262/1902671237.accept(Unknown Source)
        at java.util.ArrayList.forEach(ArrayList.java:1259)
        at org.junit.platform.engine.support.hierarchical.SameThreadHierarchicalTestExecutorService.invokeAll(SameThreadHierarchicalTestExecutorService.java:41)
        at org.junit.platform.engine.support.hierarchical.NodeTestTask.lambda$executeRecursively$6(NodeTestTask.java:155)
        at org.junit.platform.engine.support.hierarchical.NodeTestTask$$Lambda$258/2129442232.execute(Unknown Source)
        at org.junit.platform.engine.support.hierarchical.ThrowableCollector.execute(ThrowableCollector.java:73)
        at org.junit.platform.engine.support.hierarchical.NodeTestTask.lambda$executeRecursively$8(NodeTestTask.java:141)
        at org.junit.platform.engine.support.hierarchical.NodeTestTask$$Lambda$257/352367347.invoke(Unknown Source)
        at org.junit.platform.engine.support.hierarchical.Node.around(Node.java:137)
        at org.junit.platform.engine.support.hierarchical.NodeTestTask.lambda$executeRecursively$9(NodeTestTask.java:139)
        at org.junit.platform.engine.support.hierarchical.NodeTestTask$$Lambda$256/1204481453.execute(Unknown Source)
        at org.junit.platform.engine.support.hierarchical.ThrowableCollector.execute(ThrowableCollector.java:73)
        at org.junit.platform.engine.support.hierarchical.NodeTestTask.executeRecursively(NodeTestTask.java:138)
        at org.junit.platform.engine.support.hierarchical.NodeTestTask.execute(NodeTestTask.java:95)
        at org.junit.platform.engine.support.hierarchical.SameThreadHierarchicalTestExecutorService.submit(SameThreadHierarchicalTestExecutorService.java:35)
        at org.junit.platform.engine.support.hierarchical.HierarchicalTestExecutor.execute(HierarchicalTestExecutor.java:57)
        at org.junit.platform.engine.support.hierarchical.HierarchicalTestEngine.execute(HierarchicalTestEngine.java:54)
        at org.junit.platform.launcher.core.EngineExecutionOrchestrator.execute(EngineExecutionOrchestrator.java:107)
        at org.junit.platform.launcher.core.EngineExecutionOrchestrator.execute(EngineExecutionOrchestrator.java:88)
        at org.junit.platform.launcher.core.EngineExecutionOrchestrator.lambda$execute$0(EngineExecutionOrchestrator.java:54)
        at org.junit.platform.launcher.core.EngineExecutionOrchestrator$$Lambda$214/1758008124.accept(Unknown Source)
        at org.junit.platform.launcher.core.EngineExecutionOrchestrator.withInterceptedStreams(EngineExecutionOrchestrator.java:67)
        at org.junit.platform.launcher.core.EngineExecutionOrchestrator.execute(EngineExecutionOrchestrator.java:52)
        at org.junit.platform.launcher.core.DefaultLauncher.execute(DefaultLauncher.java:114)
        at org.junit.platform.launcher.core.DefaultLauncher.execute(DefaultLauncher.java:86)
        at org.junit.platform.launcher.core.DefaultLauncherSession$DelegatingLauncher.execute(DefaultLauncherSession.java:86)
        at org.junit.platform.launcher.core.SessionPerRequestLauncher.execute(SessionPerRequestLauncher.java:53)
        at org.apache.maven.surefire.junitplatform.JUnitPlatformProvider.execute(JUnitPlatformProvider.java:188)
        at org.apache.maven.surefire.junitplatform.JUnitPlatformProvider.invokeAllTests(JUnitPlatformProvider.java:154)
        at org.apache.maven.surefire.junitplatform.JUnitPlatformProvider.invoke(JUnitPlatformProvider.java:124)
        at org.apache.maven.surefire.booter.ForkedBooter.runSuitesInProcess(ForkedBooter.java:428)
        at org.apache.maven.surefire.booter.ForkedBooter.execute(ForkedBooter.java:162)
        at org.apache.maven.surefire.booter.ForkedBooter.run(ForkedBooter.java:562)
        at org.apache.maven.surefire.booter.ForkedBooter.main(ForkedBooter.java:548)
"org.apache.hadoop.ozone.container.common.statemachine.commandhandler.DeleteBlocksCommandHandler$DeleteCmdWorker@206be60b" daemon prio=5 tid=340 timed_waiting
java.lang.Thread.State: TIMED_WAITING
        at java.lang.Thread.sleep(Native Method)
        at org.apache.hadoop.ozone.container.common.statemachine.commandhandler.DeleteBlocksCommandHandler$DeleteCmdWorker.run(DeleteBlocksCommandHandler.java:183)
        at java.lang.Thread.run(Thread.java:750)
"ChunkReader-4" daemon prio=5 tid=804 in Object.wait()
java.lang.Thread.State: WAITING (on object monitor)
        at sun.misc.Unsafe.park(Native Method)
        at java.util.concurrent.locks.LockSupport.park(LockSupport.java:175)
        at java.util.concurrent.locks.AbstractQueuedSynchronizer$ConditionObject.await(AbstractQueuedSynchronizer.java:2039)
        at java.util.concurrent.LinkedBlockingQueue.take(LinkedBlockingQueue.java:442)
        at java.util.concurrent.ThreadPoolExecutor.getTask(ThreadPoolExecutor.java:1074)
        at java.util.concurrent.ThreadPoolExecutor.runWorker(ThreadPoolExecutor.java:1134)
        at java.util.concurrent.ThreadPoolExecutor$Worker.run(ThreadPoolExecutor.java:624)
        at java.lang.Thread.run(Thread.java:750)
"Periodic HDDS volume checker" daemon prio=5 tid=335 timed_waiting
java.lang.Thread.State: TIMED_WAITING
        at sun.misc.Unsafe.park(Native Method)
        at java.util.concurrent.locks.LockSupport.parkNanos(LockSupport.java:215)
        at java.util.concurrent.locks.AbstractQueuedSynchronizer$ConditionObject.awaitNanos(AbstractQueuedSynchronizer.java:2078)
        at java.util.concurrent.ScheduledThreadPoolExecutor$DelayedWorkQueue.take(ScheduledThreadPoolExecutor.java:1093)
        at java.util.concurrent.ScheduledThreadPoolExecutor$DelayedWorkQueue.take(ScheduledThreadPoolExecutor.java:809)
        at java.util.concurrent.ThreadPoolExecutor.getTask(ThreadPoolExecutor.java:1074)
        at java.util.concurrent.ThreadPoolExecutor.runWorker(ThreadPoolExecutor.java:1134)
        at java.util.concurrent.ThreadPoolExecutor$Worker.run(ThreadPoolExecutor.java:624)
        at java.lang.Thread.run(Thread.java:750)
"qtp457009334-459" daemon prio=5 tid=459 timed_waiting
java.lang.Thread.State: TIMED_WAITING
        at sun.misc.Unsafe.park(Native Method)
        at java.util.concurrent.locks.LockSupport.parkNanos(LockSupport.java:215)
        at java.util.concurrent.locks.AbstractQueuedSynchronizer$ConditionObject.awaitNanos(AbstractQueuedSynchronizer.java:2078)
        at org.eclipse.jetty.util.BlockingArrayQueue.poll(BlockingArrayQueue.java:382)
        at org.eclipse.jetty.util.thread.QueuedThreadPool$Runner.idleJobPoll(QueuedThreadPool.java:974)
        at org.eclipse.jetty.util.thread.QueuedThreadPool$Runner.run(QueuedThreadPool.java:1018)
        at java.lang.Thread.run(Thread.java:750)
"Datanode State Machine Task Thread - 0"  prio=5 tid=368 in Object.wait()
java.lang.Thread.State: WAITING (on object monitor)
        at sun.misc.Unsafe.park(Native Method)
        at java.util.concurrent.locks.LockSupport.park(LockSupport.java:175)
        at java.util.concurrent.locks.AbstractQueuedSynchronizer$ConditionObject.await(AbstractQueuedSynchronizer.java:2039)
        at java.util.concurrent.LinkedBlockingQueue.take(LinkedBlockingQueue.java:442)
        at java.util.concurrent.ThreadPoolExecutor.getTask(ThreadPoolExecutor.java:1074)
        at java.util.concurrent.ThreadPoolExecutor.runWorker(ThreadPoolExecutor.java:1134)
        at java.util.concurrent.ThreadPoolExecutor$Worker.run(ThreadPoolExecutor.java:624)
        at java.lang.Thread.run(Thread.java:750)
"Command processor thread" daemon prio=5 tid=484 timed_waiting
java.lang.Thread.State: TIMED_WAITING
        at java.lang.Thread.sleep(Native Method)
        at org.apache.hadoop.ozone.container.common.statemachine.DatanodeStateMachine.lambda$initCommandHandlerThread$3(DatanodeStateMachine.java:641)
        at org.apache.hadoop.ozone.container.common.statemachine.DatanodeStateMachine$$Lambda$753/651253568.run(Unknown Source)
        at java.lang.Thread.run(Thread.java:750)
"qtp326207642-188" daemon prio=5 tid=188 timed_waiting
java.lang.Thread.State: TIMED_WAITING
        at sun.misc.Unsafe.park(Native Method)
        at java.util.concurrent.locks.LockSupport.parkNanos(LockSupport.java:215)
        at java.util.concurrent.locks.AbstractQueuedSynchronizer$ConditionObject.awaitNanos(AbstractQueuedSynchronizer.java:2078)
        at org.eclipse.jetty.util.BlockingArrayQueue.poll(BlockingArrayQueue.java:382)
        at org.eclipse.jetty.util.thread.QueuedThreadPool$Runner.idleJobPoll(QueuedThreadPool.java:974)
        at org.eclipse.jetty.util.thread.QueuedThreadPool$Runner.run(QueuedThreadPool.java:1018)
        at java.lang.Thread.run(Thread.java:750)
"8d7ec919-acd2-4b88-a99a-dd9f5739b33b@group-BEB6889659DA->b2efe8a5-99bb-41e7-9296-f49000549216-GrpcLogAppender-LogAppenderDaemon" daemon prio=5 tid=702 timed_waiting
java.lang.Thread.State: TIMED_WAITING
        at sun.misc.Unsafe.park(Native Method)
        at java.util.concurrent.locks.LockSupport.parkNanos(LockSupport.java:215)
        at java.util.concurrent.CompletableFuture$Signaller.block(CompletableFuture.java:1709)
        at java.util.concurrent.ForkJoinPool.managedBlock(ForkJoinPool.java:3323)
        at java.util.concurrent.CompletableFuture.timedGet(CompletableFuture.java:1788)
        at java.util.concurrent.CompletableFuture.get(CompletableFuture.java:1928)
        at org.apache.ratis.util.AwaitForSignal.await(AwaitForSignal.java:56)
        at org.apache.ratis.grpc.server.GrpcLogAppender.mayWait(GrpcLogAppender.java:198)
        at org.apache.ratis.grpc.server.GrpcLogAppender.run(GrpcLogAppender.java:148)
        at org.apache.ratis.server.leader.LogAppenderDaemon.run(LogAppenderDaemon.java:78)
        at org.apache.ratis.server.leader.LogAppenderDaemon$$Lambda$1038/329273412.run(Unknown Source)
        at java.lang.Thread.run(Thread.java:750)
"ChunkWriter-0-0" daemon prio=5 tid=489 in Object.wait()
java.lang.Thread.State: WAITING (on object monitor)
        at sun.misc.Unsafe.park(Native Method)
        at java.util.concurrent.locks.LockSupport.park(LockSupport.java:175)
        at java.util.concurrent.locks.AbstractQueuedSynchronizer$ConditionObject.await(AbstractQueuedSynchronizer.java:2039)
        at java.util.concurrent.LinkedBlockingDeque.takeFirst(LinkedBlockingDeque.java:492)
        at java.util.concurrent.LinkedBlockingDeque.take(LinkedBlockingDeque.java:680)
        at java.util.concurrent.ThreadPoolExecutor.getTask(ThreadPoolExecutor.java:1074)
        at java.util.concurrent.ThreadPoolExecutor.runWorker(ThreadPoolExecutor.java:1134)
        at java.util.concurrent.ThreadPoolExecutor$Worker.run(ThreadPoolExecutor.java:624)
        at java.lang.Thread.run(Thread.java:750)
"StaleRecoveringContainerScrubbingService#2" daemon prio=5 tid=903 in Object.wait()
java.lang.Thread.State: WAITING (on object monitor)
        at sun.misc.Unsafe.park(Native Method)
        at java.util.concurrent.locks.LockSupport.park(LockSupport.java:175)
        at java.util.concurrent.locks.AbstractQueuedSynchronizer$ConditionObject.await(AbstractQueuedSynchronizer.java:2039)
        at java.util.concurrent.ScheduledThreadPoolExecutor$DelayedWorkQueue.take(ScheduledThreadPoolExecutor.java:1088)
        at java.util.concurrent.ScheduledThreadPoolExecutor$DelayedWorkQueue.take(ScheduledThreadPoolExecutor.java:809)
        at java.util.concurrent.ThreadPoolExecutor.getTask(ThreadPoolExecutor.java:1074)
        at java.util.concurrent.ThreadPoolExecutor.runWorker(ThreadPoolExecutor.java:1134)
        at java.util.concurrent.ThreadPoolExecutor$Worker.run(ThreadPoolExecutor.java:624)
        at java.lang.Thread.run(Thread.java:750)
"ChunkReader-3" daemon prio=5 tid=803 in Object.wait()
java.lang.Thread.State: WAITING (on object monitor)
        at sun.misc.Unsafe.park(Native Method)
        at java.util.concurrent.locks.LockSupport.park(LockSupport.java:175)
        at java.util.concurrent.locks.AbstractQueuedSynchronizer$ConditionObject.await(AbstractQueuedSynchronizer.java:2039)
        at java.util.concurrent.LinkedBlockingQueue.take(LinkedBlockingQueue.java:442)
        at java.util.concurrent.ThreadPoolExecutor.getTask(ThreadPoolExecutor.java:1074)
        at java.util.concurrent.ThreadPoolExecutor.runWorker(ThreadPoolExecutor.java:1134)
        at java.util.concurrent.ThreadPoolExecutor$Worker.run(ThreadPoolExecutor.java:624)
        at java.lang.Thread.run(Thread.java:750)
"Datanode ReportManager Thread - 4" daemon prio=5 tid=330 timed_waiting
java.lang.Thread.State: TIMED_WAITING
        at sun.misc.Unsafe.park(Native Method)
        at java.util.concurrent.locks.LockSupport.parkNanos(LockSupport.java:215)
        at java.util.concurrent.locks.AbstractQueuedSynchronizer$ConditionObject.awaitNanos(AbstractQueuedSynchronizer.java:2078)
        at java.util.concurrent.ScheduledThreadPoolExecutor$DelayedWorkQueue.take(ScheduledThreadPoolExecutor.java:1093)
        at java.util.concurrent.ScheduledThreadPoolExecutor$DelayedWorkQueue.take(ScheduledThreadPoolExecutor.java:809)
        at java.util.concurrent.ThreadPoolExecutor.getTask(ThreadPoolExecutor.java:1074)
        at java.util.concurrent.ThreadPoolExecutor.runWorker(ThreadPoolExecutor.java:1134)
        at java.util.concurrent.ThreadPoolExecutor$Worker.run(ThreadPoolExecutor.java:624)
        at java.lang.Thread.run(Thread.java:750)
"ChunkWriter-2-0" daemon prio=5 tid=491 in Object.wait()
java.lang.Thread.State: WAITING (on object monitor)
        at sun.misc.Unsafe.park(Native Method)
        at java.util.concurrent.locks.LockSupport.park(LockSupport.java:175)
        at java.util.concurrent.locks.AbstractQueuedSynchronizer$ConditionObject.await(AbstractQueuedSynchronizer.java:2039)
        at java.util.concurrent.LinkedBlockingDeque.takeFirst(LinkedBlockingDeque.java:492)
        at java.util.concurrent.LinkedBlockingDeque.take(LinkedBlockingDeque.java:680)
        at java.util.concurrent.ThreadPoolExecutor.getTask(ThreadPoolExecutor.java:1074)
        at java.util.concurrent.ThreadPoolExecutor.runWorker(ThreadPoolExecutor.java:1134)
        at java.util.concurrent.ThreadPoolExecutor$Worker.run(ThreadPoolExecutor.java:624)
        at java.lang.Thread.run(Thread.java:750)
"IPC Server handler 6 on default port 40715" daemon prio=5 tid=73 timed_waiting
java.lang.Thread.State: TIMED_WAITING
        at sun.misc.Unsafe.park(Native Method)
        at java.util.concurrent.locks.LockSupport.parkNanos(LockSupport.java:215)
        at java.util.concurrent.locks.AbstractQueuedSynchronizer$ConditionObject.awaitNanos(AbstractQueuedSynchronizer.java:2078)
        at java.util.concurrent.LinkedBlockingQueue.poll(LinkedBlockingQueue.java:467)
        at org.apache.hadoop.ipc.CallQueueManager.take(CallQueueManager.java:317)
        at org.apache.hadoop.ipc.Server$Handler.run(Server.java:2942)
"prometheus" daemon prio=5 tid=119 in Object.wait()
java.lang.Thread.State: WAITING (on object monitor)
        at java.lang.Object.wait(Native Method)
        at java.lang.Object.wait(Object.java:502)
        at org.apache.hadoop.metrics2.impl.SinkQueue.waitForData(SinkQueue.java:114)
        at org.apache.hadoop.metrics2.impl.SinkQueue.consumeAll(SinkQueue.java:83)
        at org.apache.hadoop.metrics2.impl.MetricsSinkAdapter.publishMetricsFromQueue(MetricsSinkAdapter.java:135)
        at org.apache.hadoop.metrics2.impl.MetricsSinkAdapter$1.run(MetricsSinkAdapter.java:89)
"timer7" daemon prio=5 tid=737 timed_waiting
java.lang.Thread.State: TIMED_WAITING
        at java.lang.Object.wait(Native Method)
        at java.util.TimerThread.mainLoop(Timer.java:552)
        at java.util.TimerThread.run(Timer.java:505)
"ChunkReader-2" daemon prio=5 tid=798 in Object.wait()
java.lang.Thread.State: WAITING (on object monitor)
        at sun.misc.Unsafe.park(Native Method)
        at java.util.concurrent.locks.LockSupport.park(LockSupport.java:175)
        at java.util.concurrent.locks.AbstractQueuedSynchronizer$ConditionObject.await(AbstractQueuedSynchronizer.java:2039)
        at java.util.concurrent.LinkedBlockingQueue.take(LinkedBlockingQueue.java:442)
        at java.util.concurrent.ThreadPoolExecutor.getTask(ThreadPoolExecutor.java:1074)
        at java.util.concurrent.ThreadPoolExecutor.runWorker(ThreadPoolExecutor.java:1134)
        at java.util.concurrent.ThreadPoolExecutor$Worker.run(ThreadPoolExecutor.java:624)
        at java.lang.Thread.run(Thread.java:750)
"b6bbe4ab-2937-401d-96b4-8acfa82ea187@group-8A4815B43099-SegmentedRaftLogWorker"  prio=5 tid=670 timed_waiting
java.lang.Thread.State: TIMED_WAITING
        at sun.misc.Unsafe.park(Native Method)
        at java.util.concurrent.locks.LockSupport.parkNanos(LockSupport.java:215)
        at java.util.concurrent.locks.AbstractQueuedSynchronizer$ConditionObject.awaitNanos(AbstractQueuedSynchronizer.java:2078)
        at org.apache.ratis.util.DataBlockingQueue.poll(DataBlockingQueue.java:148)
        at org.apache.ratis.server.raftlog.segmented.SegmentedRaftLogWorker.run(SegmentedRaftLogWorker.java:310)
        at org.apache.ratis.server.raftlog.segmented.SegmentedRaftLogWorker$$Lambda$665/2146560083.run(Unknown Source)
        at java.lang.Thread.run(Thread.java:750)
"ChunkWriter-1-0" daemon prio=5 tid=502 in Object.wait()
java.lang.Thread.State: WAITING (on object monitor)
        at sun.misc.Unsafe.park(Native Method)
        at java.util.concurrent.locks.LockSupport.park(LockSupport.java:175)
        at java.util.concurrent.locks.AbstractQueuedSynchronizer$ConditionObject.await(AbstractQueuedSynchronizer.java:2039)
        at java.util.concurrent.LinkedBlockingDeque.takeFirst(LinkedBlockingDeque.java:492)
        at java.util.concurrent.LinkedBlockingDeque.take(LinkedBlockingDeque.java:680)
        at java.util.concurrent.ThreadPoolExecutor.getTask(ThreadPoolExecutor.java:1074)
        at java.util.concurrent.ThreadPoolExecutor.runWorker(ThreadPoolExecutor.java:1134)
        at java.util.concurrent.ThreadPoolExecutor$Worker.run(ThreadPoolExecutor.java:624)
        at java.lang.Thread.run(Thread.java:750)
"qtp160371564-319" daemon prio=5 tid=319 timed_waiting
java.lang.Thread.State: TIMED_WAITING
        at sun.misc.Unsafe.park(Native Method)
        at java.util.concurrent.locks.LockSupport.parkNanos(LockSupport.java:215)
        at java.util.concurrent.locks.AbstractQueuedSynchronizer$ConditionObject.awaitNanos(AbstractQueuedSynchronizer.java:2078)
        at org.eclipse.jetty.util.BlockingArrayQueue.poll(BlockingArrayQueue.java:382)
        at org.eclipse.jetty.util.thread.QueuedThreadPool$Runner.idleJobPoll(QueuedThreadPool.java:974)
        at org.eclipse.jetty.util.thread.QueuedThreadPool$Runner.run(QueuedThreadPool.java:1018)
        at java.lang.Thread.run(Thread.java:750)
"IPC Server handler 14 on default port 40715" daemon prio=5 tid=81 timed_waiting
java.lang.Thread.State: TIMED_WAITING
        at sun.misc.Unsafe.park(Native Method)
        at java.util.concurrent.locks.LockSupport.parkNanos(LockSupport.java:215)
        at java.util.concurrent.locks.AbstractQueuedSynchronizer$ConditionObject.awaitNanos(AbstractQueuedSynchronizer.java:2078)
        at java.util.concurrent.LinkedBlockingQueue.poll(LinkedBlockingQueue.java:467)
        at org.apache.hadoop.ipc.CallQueueManager.take(CallQueueManager.java:317)
        at org.apache.hadoop.ipc.Server$Handler.run(Server.java:2942)
"d878db48-ef46-44bf-ac98-cb2daa3cfd80@group-2FC460863941-SegmentedRaftLogWorker"  prio=5 tid=647 timed_waiting
java.lang.Thread.State: TIMED_WAITING
        at sun.misc.Unsafe.park(Native Method)
        at java.util.concurrent.locks.LockSupport.parkNanos(LockSupport.java:215)
        at java.util.concurrent.locks.AbstractQueuedSynchronizer$ConditionObject.awaitNanos(AbstractQueuedSynchronizer.java:2078)
        at org.apache.ratis.util.DataBlockingQueue.poll(DataBlockingQueue.java:148)
        at org.apache.ratis.server.raftlog.segmented.SegmentedRaftLogWorker.run(SegmentedRaftLogWorker.java:310)
        at org.apache.ratis.server.raftlog.segmented.SegmentedRaftLogWorker$$Lambda$665/2146560083.run(Unknown Source)
        at java.lang.Thread.run(Thread.java:750)
"BlockDeletingService#2" daemon prio=5 tid=910 in Object.wait()
java.lang.Thread.State: WAITING (on object monitor)
        at sun.misc.Unsafe.park(Native Method)
        at java.util.concurrent.locks.LockSupport.park(LockSupport.java:175)
        at java.util.concurrent.locks.AbstractQueuedSynchronizer$ConditionObject.await(AbstractQueuedSynchronizer.java:2039)
        at java.util.concurrent.ScheduledThreadPoolExecutor$DelayedWorkQueue.take(ScheduledThreadPoolExecutor.java:1088)
        at java.util.concurrent.ScheduledThreadPoolExecutor$DelayedWorkQueue.take(ScheduledThreadPoolExecutor.java:809)
        at java.util.concurrent.ThreadPoolExecutor.getTask(ThreadPoolExecutor.java:1074)
        at java.util.concurrent.ThreadPoolExecutor.runWorker(ThreadPoolExecutor.java:1134)
        at java.util.concurrent.ThreadPoolExecutor$Worker.run(ThreadPoolExecutor.java:624)
        at java.lang.Thread.run(Thread.java:750)
"StaleRecoveringContainerScrubbingService#0" daemon prio=5 tid=526 in Object.wait()
java.lang.Thread.State: WAITING (on object monitor)
        at sun.misc.Unsafe.park(Native Method)
        at java.util.concurrent.locks.LockSupport.park(LockSupport.java:175)
        at java.util.concurrent.locks.AbstractQueuedSynchronizer$ConditionObject.await(AbstractQueuedSynchronizer.java:2039)
        at java.util.concurrent.ScheduledThreadPoolExecutor$DelayedWorkQueue.take(ScheduledThreadPoolExecutor.java:1088)
        at java.util.concurrent.ScheduledThreadPoolExecutor$DelayedWorkQueue.take(ScheduledThreadPoolExecutor.java:809)
        at java.util.concurrent.ThreadPoolExecutor.getTask(ThreadPoolExecutor.java:1074)
        at java.util.concurrent.ThreadPoolExecutor.runWorker(ThreadPoolExecutor.java:1134)
        at java.util.concurrent.ThreadPoolExecutor$Worker.run(ThreadPoolExecutor.java:624)
        at java.lang.Thread.run(Thread.java:750)
"qtp457009334-461" daemon prio=5 tid=461 timed_waiting
java.lang.Thread.State: TIMED_WAITING
        at sun.misc.Unsafe.park(Native Method)
        at java.util.concurrent.locks.LockSupport.parkNanos(LockSupport.java:215)
        at java.util.concurrent.locks.AbstractQueuedSynchronizer$ConditionObject.awaitNanos(AbstractQueuedSynchronizer.java:2078)
        at org.eclipse.jetty.util.BlockingArrayQueue.poll(BlockingArrayQueue.java:382)
        at org.eclipse.jetty.util.thread.QueuedThreadPool$Runner.idleJobPoll(QueuedThreadPool.java:974)
        at org.eclipse.jetty.util.thread.QueuedThreadPool$Runner.run(QueuedThreadPool.java:1018)
        at java.lang.Thread.run(Thread.java:750)
"Datanode ReportManager Thread - 1" daemon prio=5 tid=195 in Object.wait()
java.lang.Thread.State: WAITING (on object monitor)
        at sun.misc.Unsafe.park(Native Method)
        at java.util.concurrent.locks.LockSupport.park(LockSupport.java:175)
        at java.util.concurrent.locks.AbstractQueuedSynchronizer$ConditionObject.await(AbstractQueuedSynchronizer.java:2039)
        at java.util.concurrent.ScheduledThreadPoolExecutor$DelayedWorkQueue.take(ScheduledThreadPoolExecutor.java:1088)
        at java.util.concurrent.ScheduledThreadPoolExecutor$DelayedWorkQueue.take(ScheduledThreadPoolExecutor.java:809)
        at java.util.concurrent.ThreadPoolExecutor.getTask(ThreadPoolExecutor.java:1074)
        at java.util.concurrent.ThreadPoolExecutor.runWorker(ThreadPoolExecutor.java:1134)
        at java.util.concurrent.ThreadPoolExecutor$Worker.run(ThreadPoolExecutor.java:624)
        at java.lang.Thread.run(Thread.java:750)
"f9539b2c-40d6-4ae2-988d-1a0916bca307@group-82D5C711159A-LeaderStateImpl" daemon prio=5 tid=816 timed_waiting
java.lang.Thread.State: TIMED_WAITING
        at sun.misc.Unsafe.park(Native Method)
        at java.util.concurrent.locks.LockSupport.parkNanos(LockSupport.java:215)
        at java.util.concurrent.locks.AbstractQueuedSynchronizer$ConditionObject.awaitNanos(AbstractQueuedSynchronizer.java:2078)
        at java.util.concurrent.ArrayBlockingQueue.poll(ArrayBlockingQueue.java:418)
        at org.apache.ratis.server.impl.LeaderStateImpl$EventQueue.poll(LeaderStateImpl.java:159)
        at org.apache.ratis.server.impl.LeaderStateImpl$EventProcessor.run(LeaderStateImpl.java:630)
"Datanode State Machine Task Thread - 1"  prio=5 tid=542 in Object.wait()
java.lang.Thread.State: WAITING (on object monitor)
        at sun.misc.Unsafe.park(Native Method)
        at java.util.concurrent.locks.LockSupport.park(LockSupport.java:175)
        at java.util.concurrent.locks.AbstractQueuedSynchronizer$ConditionObject.await(AbstractQueuedSynchronizer.java:2039)
        at java.util.concurrent.LinkedBlockingQueue.take(LinkedBlockingQueue.java:442)
        at java.util.concurrent.ThreadPoolExecutor.getTask(ThreadPoolExecutor.java:1074)
        at java.util.concurrent.ThreadPoolExecutor.runWorker(ThreadPoolExecutor.java:1134)
        at java.util.concurrent.ThreadPoolExecutor$Worker.run(ThreadPoolExecutor.java:624)
        at java.lang.Thread.run(Thread.java:750)
"Datanode ReportManager Thread - 0" daemon prio=5 tid=194 in Object.wait()
java.lang.Thread.State: WAITING (on object monitor)
        at sun.misc.Unsafe.park(Native Method)
        at java.util.concurrent.locks.LockSupport.park(LockSupport.java:175)
        at java.util.concurrent.locks.AbstractQueuedSynchronizer$ConditionObject.await(AbstractQueuedSynchronizer.java:2039)
        at java.util.concurrent.ScheduledThreadPoolExecutor$DelayedWorkQueue.take(ScheduledThreadPoolExecutor.java:1088)
        at java.util.concurrent.ScheduledThreadPoolExecutor$DelayedWorkQueue.take(ScheduledThreadPoolExecutor.java:809)
        at java.util.concurrent.ThreadPoolExecutor.getTask(ThreadPoolExecutor.java:1074)
        at java.util.concurrent.ThreadPoolExecutor.runWorker(ThreadPoolExecutor.java:1134)
        at java.util.concurrent.ThreadPoolExecutor$Worker.run(ThreadPoolExecutor.java:624)
        at java.lang.Thread.run(Thread.java:750)
"grpc-default-worker-ELG-3-2" daemon prio=5 tid=577 runnable
java.lang.Thread.State: RUNNABLE
        at org.apache.ratis.thirdparty.io.netty.channel.epoll.Native.epollWait0(Native Method)
        at org.apache.ratis.thirdparty.io.netty.channel.epoll.Native.epollWait(Native.java:182)
        at org.apache.ratis.thirdparty.io.netty.channel.epoll.EpollEventLoop.epollWait(EpollEventLoop.java:290)
        at org.apache.ratis.thirdparty.io.netty.channel.epoll.EpollEventLoop.run(EpollEventLoop.java:354)
        at org.apache.ratis.thirdparty.io.netty.util.concurrent.SingleThreadEventExecutor$4.run(SingleThreadEventExecutor.java:995)
        at org.apache.ratis.thirdparty.io.netty.util.internal.ThreadExecutorMap$2.run(ThreadExecutorMap.java:74)
        at org.apache.ratis.thirdparty.io.netty.util.concurrent.FastThreadLocalRunnable.run(FastThreadLocalRunnable.java:30)
        at java.lang.Thread.run(Thread.java:750)
"ChunkReader-ELG-0" daemon prio=5 tid=524 runnable
java.lang.Thread.State: RUNNABLE
        at org.apache.ratis.thirdparty.io.netty.channel.epoll.Native.epollWait0(Native Method)
        at org.apache.ratis.thirdparty.io.netty.channel.epoll.Native.epollWait(Native.java:182)
        at org.apache.ratis.thirdparty.io.netty.channel.epoll.EpollEventLoop.epollWait(EpollEventLoop.java:290)
        at org.apache.ratis.thirdparty.io.netty.channel.epoll.EpollEventLoop.run(EpollEventLoop.java:354)
        at org.apache.ratis.thirdparty.io.netty.util.concurrent.SingleThreadEventExecutor$4.run(SingleThreadEventExecutor.java:995)
        at org.apache.ratis.thirdparty.io.netty.util.internal.ThreadExecutorMap$2.run(ThreadExecutorMap.java:74)
        at java.lang.Thread.run(Thread.java:750)
"grpc-default-executor-0" daemon prio=5 tid=576 timed_waiting
java.lang.Thread.State: TIMED_WAITING
        at sun.misc.Unsafe.park(Native Method)
        at java.util.concurrent.locks.LockSupport.parkNanos(LockSupport.java:215)
        at java.util.concurrent.SynchronousQueue$TransferStack.awaitFulfill(SynchronousQueue.java:460)
        at java.util.concurrent.SynchronousQueue$TransferStack.transfer(SynchronousQueue.java:362)
        at java.util.concurrent.SynchronousQueue.poll(SynchronousQueue.java:941)
        at java.util.concurrent.ThreadPoolExecutor.getTask(ThreadPoolExecutor.java:1073)
        at java.util.concurrent.ThreadPoolExecutor.runWorker(ThreadPoolExecutor.java:1134)
        at java.util.concurrent.ThreadPoolExecutor$Worker.run(ThreadPoolExecutor.java:624)
        at java.lang.Thread.run(Thread.java:750)
"2369a186-4f78-4e7b-885b-53a729611fd8@group-8513DF5B1E68-StateMachineUpdater" daemon prio=5 tid=642 timed_waiting
java.lang.Thread.State: TIMED_WAITING
        at sun.misc.Unsafe.park(Native Method)
        at java.util.concurrent.locks.LockSupport.parkNanos(LockSupport.java:215)
        at java.util.concurrent.CompletableFuture$Signaller.block(CompletableFuture.java:1709)
        at java.util.concurrent.ForkJoinPool.managedBlock(ForkJoinPool.java:3323)
        at java.util.concurrent.CompletableFuture.timedGet(CompletableFuture.java:1788)
        at java.util.concurrent.CompletableFuture.get(CompletableFuture.java:1928)
        at org.apache.ratis.util.AwaitForSignal.await(AwaitForSignal.java:56)
        at org.apache.ratis.server.impl.StateMachineUpdater.waitForCommit(StateMachineUpdater.java:207)
        at org.apache.ratis.server.impl.StateMachineUpdater.run(StateMachineUpdater.java:176)
        at java.lang.Thread.run(Thread.java:750)
"8d7ec919-acd2-4b88-a99a-dd9f5739b33b-server-thread2" daemon prio=5 tid=863 timed_waiting
java.lang.Thread.State: TIMED_WAITING
        at sun.misc.Unsafe.park(Native Method)
        at java.util.concurrent.locks.LockSupport.parkNanos(LockSupport.java:215)
        at java.util.concurrent.SynchronousQueue$TransferStack.awaitFulfill(SynchronousQueue.java:460)
        at java.util.concurrent.SynchronousQueue$TransferStack.transfer(SynchronousQueue.java:362)
        at java.util.concurrent.SynchronousQueue.poll(SynchronousQueue.java:941)
        at java.util.concurrent.ThreadPoolExecutor.getTask(ThreadPoolExecutor.java:1073)
        at java.util.concurrent.ThreadPoolExecutor.runWorker(ThreadPoolExecutor.java:1134)
        at java.util.concurrent.ThreadPoolExecutor$Worker.run(ThreadPoolExecutor.java:624)
        at java.lang.Thread.run(Thread.java:750)
"Finalizer" daemon prio=8 tid=3 in Object.wait()
java.lang.Thread.State: WAITING (on object monitor)
        at java.lang.Object.wait(Native Method)
        at java.lang.ref.ReferenceQueue.remove(ReferenceQueue.java:144)
        at java.lang.ref.ReferenceQueue.remove(ReferenceQueue.java:165)
        at java.lang.ref.Finalizer$FinalizerThread.run(Finalizer.java:216)
"b2efe8a5-99bb-41e7-9296-f49000549216@group-93AA63AA76A7-StateMachineUpdater" daemon prio=5 tid=599 timed_waiting
java.lang.Thread.State: TIMED_WAITING
        at sun.misc.Unsafe.park(Native Method)
        at java.util.concurrent.locks.LockSupport.parkNanos(LockSupport.java:215)
        at java.util.concurrent.CompletableFuture$Signaller.block(CompletableFuture.java:1709)
        at java.util.concurrent.ForkJoinPool.managedBlock(ForkJoinPool.java:3323)
        at java.util.concurrent.CompletableFuture.timedGet(CompletableFuture.java:1788)
        at java.util.concurrent.CompletableFuture.get(CompletableFuture.java:1928)
        at org.apache.ratis.util.AwaitForSignal.await(AwaitForSignal.java:56)
        at org.apache.ratis.server.impl.StateMachineUpdater.waitForCommit(StateMachineUpdater.java:207)
        at org.apache.ratis.server.impl.StateMachineUpdater.run(StateMachineUpdater.java:176)
        at java.lang.Thread.run(Thread.java:750)
"StaleRecoveringContainerScrubbingService#1" daemon prio=5 tid=564 timed_waiting
java.lang.Thread.State: TIMED_WAITING
        at sun.misc.Unsafe.park(Native Method)
        at java.util.concurrent.locks.LockSupport.parkNanos(LockSupport.java:215)
        at java.util.concurrent.locks.AbstractQueuedSynchronizer$ConditionObject.awaitNanos(AbstractQueuedSynchronizer.java:2078)
        at java.util.concurrent.ScheduledThreadPoolExecutor$DelayedWorkQueue.take(ScheduledThreadPoolExecutor.java:1093)
        at java.util.concurrent.ScheduledThreadPoolExecutor$DelayedWorkQueue.take(ScheduledThreadPoolExecutor.java:809)
        at java.util.concurrent.ThreadPoolExecutor.getTask(ThreadPoolExecutor.java:1074)
        at java.util.concurrent.ThreadPoolExecutor.runWorker(ThreadPoolExecutor.java:1134)
        at java.util.concurrent.ThreadPoolExecutor$Worker.run(ThreadPoolExecutor.java:624)
        at java.lang.Thread.run(Thread.java:750)
"ChunkReader-1" daemon prio=5 tid=791 in Object.wait()
java.lang.Thread.State: WAITING (on object monitor)
        at sun.misc.Unsafe.park(Native Method)
        at java.util.concurrent.locks.LockSupport.park(LockSupport.java:175)
        at java.util.concurrent.locks.AbstractQueuedSynchronizer$ConditionObject.await(AbstractQueuedSynchronizer.java:2039)
        at java.util.concurrent.LinkedBlockingQueue.take(LinkedBlockingQueue.java:442)
        at java.util.concurrent.ThreadPoolExecutor.getTask(ThreadPoolExecutor.java:1074)
        at java.util.concurrent.ThreadPoolExecutor.runWorker(ThreadPoolExecutor.java:1134)
        at java.util.concurrent.ThreadPoolExecutor$Worker.run(ThreadPoolExecutor.java:624)
        at java.lang.Thread.run(Thread.java:750)
"JvmPauseMonitor2" daemon prio=5 tid=396 timed_waiting
java.lang.Thread.State: TIMED_WAITING
        at java.lang.Thread.sleep(Native Method)
        at java.lang.Thread.sleep(Thread.java:342)
        at java.util.concurrent.TimeUnit.sleep(TimeUnit.java:386)
        at org.apache.ratis.util.TimeDuration.sleep(TimeDuration.java:325)
        at org.apache.ratis.util.TimeDuration.sleep(TimeDuration.java:310)
        at org.apache.ratis.util.JvmPauseMonitor.detectPause(JvmPauseMonitor.java:119)
        at org.apache.ratis.util.JvmPauseMonitor.run(JvmPauseMonitor.java:108)
        at org.apache.ratis.util.JvmPauseMonitor$$Lambda$706/668240146.run(Unknown Source)
        at java.lang.Thread.run(Thread.java:750)
"Datanode ReportManager Thread - 0" daemon prio=5 tid=248 timed_waiting
java.lang.Thread.State: TIMED_WAITING
        at sun.misc.Unsafe.park(Native Method)
        at java.util.concurrent.locks.LockSupport.parkNanos(LockSupport.java:215)
        at java.util.concurrent.locks.AbstractQueuedSynchronizer$ConditionObject.awaitNanos(AbstractQueuedSynchronizer.java:2078)
        at java.util.concurrent.ScheduledThreadPoolExecutor$DelayedWorkQueue.take(ScheduledThreadPoolExecutor.java:1093)
        at java.util.concurrent.ScheduledThreadPoolExecutor$DelayedWorkQueue.take(ScheduledThreadPoolExecutor.java:809)
        at java.util.concurrent.ThreadPoolExecutor.getTask(ThreadPoolExecutor.java:1074)
        at java.util.concurrent.ThreadPoolExecutor.runWorker(ThreadPoolExecutor.java:1134)
        at java.util.concurrent.ThreadPoolExecutor$Worker.run(ThreadPoolExecutor.java:624)
        at java.lang.Thread.run(Thread.java:750)
"qtp1798219135-213" daemon prio=5 tid=213 timed_waiting
java.lang.Thread.State: TIMED_WAITING
        at sun.misc.Unsafe.park(Native Method)
        at java.util.concurrent.locks.LockSupport.parkNanos(LockSupport.java:215)
        at java.util.concurrent.locks.AbstractQueuedSynchronizer$ConditionObject.awaitNanos(AbstractQueuedSynchronizer.java:2078)
        at org.eclipse.jetty.util.BlockingArrayQueue.poll(BlockingArrayQueue.java:382)
        at org.eclipse.jetty.util.thread.QueuedThreadPool$Runner.idleJobPoll(QueuedThreadPool.java:974)
        at org.eclipse.jetty.util.thread.QueuedThreadPool$Runner.run(QueuedThreadPool.java:1018)
        at java.lang.Thread.run(Thread.java:750)
"timer0" daemon prio=5 tid=740 timed_waiting
java.lang.Thread.State: TIMED_WAITING
        at java.lang.Object.wait(Native Method)
        at java.util.TimerThread.mainLoop(Timer.java:552)
        at java.util.TimerThread.run(Timer.java:505)
"6065ee46-1250-4f2d-bd18-fb99db464885@group-9F230E4DCB97-LeaderStateImpl" daemon prio=5 tid=746 timed_waiting
java.lang.Thread.State: TIMED_WAITING
        at sun.misc.Unsafe.park(Native Method)
        at java.util.concurrent.locks.LockSupport.parkNanos(LockSupport.java:215)
        at java.util.concurrent.locks.AbstractQueuedSynchronizer$ConditionObject.awaitNanos(AbstractQueuedSynchronizer.java:2078)
        at java.util.concurrent.ArrayBlockingQueue.poll(ArrayBlockingQueue.java:418)
        at org.apache.ratis.server.impl.LeaderStateImpl$EventQueue.poll(LeaderStateImpl.java:159)
        at org.apache.ratis.server.impl.LeaderStateImpl$EventProcessor.run(LeaderStateImpl.java:630)
"8d7ec919-acd2-4b88-a99a-dd9f5739b33b-server-thread3" daemon prio=5 tid=862 timed_waiting
java.lang.Thread.State: TIMED_WAITING
        at sun.misc.Unsafe.park(Native Method)
        at java.util.concurrent.locks.LockSupport.parkNanos(LockSupport.java:215)
        at java.util.concurrent.SynchronousQueue$TransferStack.awaitFulfill(SynchronousQueue.java:460)
        at java.util.concurrent.SynchronousQueue$TransferStack.transfer(SynchronousQueue.java:362)
        at java.util.concurrent.SynchronousQueue.poll(SynchronousQueue.java:941)
        at java.util.concurrent.ThreadPoolExecutor.getTask(ThreadPoolExecutor.java:1073)
        at java.util.concurrent.ThreadPoolExecutor.runWorker(ThreadPoolExecutor.java:1134)
        at java.util.concurrent.ThreadPoolExecutor$Worker.run(ThreadPoolExecutor.java:624)
        at java.lang.Thread.run(Thread.java:750)
"ChunkWriter-1-0" daemon prio=5 tid=431 in Object.wait()
java.lang.Thread.State: WAITING (on object monitor)
        at sun.misc.Unsafe.park(Native Method)
        at java.util.concurrent.locks.LockSupport.park(LockSupport.java:175)
        at java.util.concurrent.locks.AbstractQueuedSynchronizer$ConditionObject.await(AbstractQueuedSynchronizer.java:2039)
        at java.util.concurrent.LinkedBlockingDeque.takeFirst(LinkedBlockingDeque.java:492)
        at java.util.concurrent.LinkedBlockingDeque.take(LinkedBlockingDeque.java:680)
        at java.util.concurrent.ThreadPoolExecutor.getTask(ThreadPoolExecutor.java:1074)
        at java.util.concurrent.ThreadPoolExecutor.runWorker(ThreadPoolExecutor.java:1134)
        at java.util.concurrent.ThreadPoolExecutor$Worker.run(ThreadPoolExecutor.java:624)
        at java.lang.Thread.run(Thread.java:750)
"PartialTableCache Cleanup Thread - 0" daemon prio=5 tid=896 in Object.wait()
java.lang.Thread.State: WAITING (on object monitor)
        at sun.misc.Unsafe.park(Native Method)
        at java.util.concurrent.locks.LockSupport.park(LockSupport.java:175)
        at java.util.concurrent.locks.AbstractQueuedSynchronizer$ConditionObject.await(AbstractQueuedSynchronizer.java:2039)
        at java.util.concurrent.LinkedBlockingQueue.take(LinkedBlockingQueue.java:442)
        at java.util.concurrent.ThreadPoolExecutor.getTask(ThreadPoolExecutor.java:1074)
        at java.util.concurrent.ThreadPoolExecutor.runWorker(ThreadPoolExecutor.java:1134)
        at java.util.concurrent.ThreadPoolExecutor$Worker.run(ThreadPoolExecutor.java:624)
        at java.lang.Thread.run(Thread.java:750)
"Datanode ReportManager Thread - 1" daemon prio=5 tid=362 in Object.wait()
java.lang.Thread.State: WAITING (on object monitor)
        at sun.misc.Unsafe.park(Native Method)
        at java.util.concurrent.locks.LockSupport.park(LockSupport.java:175)
        at java.util.concurrent.locks.AbstractQueuedSynchronizer$ConditionObject.await(AbstractQueuedSynchronizer.java:2039)
        at java.util.concurrent.ScheduledThreadPoolExecutor$DelayedWorkQueue.take(ScheduledThreadPoolExecutor.java:1088)
        at java.util.concurrent.ScheduledThreadPoolExecutor$DelayedWorkQueue.take(ScheduledThreadPoolExecutor.java:809)
        at java.util.concurrent.ThreadPoolExecutor.getTask(ThreadPoolExecutor.java:1074)
        at java.util.concurrent.ThreadPoolExecutor.runWorker(ThreadPoolExecutor.java:1134)
        at java.util.concurrent.ThreadPoolExecutor$Worker.run(ThreadPoolExecutor.java:624)
        at java.lang.Thread.run(Thread.java:750)
"Datanode ReportManager Thread - 4" daemon prio=5 tid=198 in Object.wait()
java.lang.Thread.State: WAITING (on object monitor)
        at sun.misc.Unsafe.park(Native Method)
        at java.util.concurrent.locks.LockSupport.park(LockSupport.java:175)
        at java.util.concurrent.locks.AbstractQueuedSynchronizer$ConditionObject.await(AbstractQueuedSynchronizer.java:2039)
        at java.util.concurrent.ScheduledThreadPoolExecutor$DelayedWorkQueue.take(ScheduledThreadPoolExecutor.java:1088)
        at java.util.concurrent.ScheduledThreadPoolExecutor$DelayedWorkQueue.take(ScheduledThreadPoolExecutor.java:809)
        at java.util.concurrent.ThreadPoolExecutor.getTask(ThreadPoolExecutor.java:1074)
        at java.util.concurrent.ThreadPoolExecutor.runWorker(ThreadPoolExecutor.java:1134)
        at java.util.concurrent.ThreadPoolExecutor$Worker.run(ThreadPoolExecutor.java:624)
        at java.lang.Thread.run(Thread.java:750)
"org.apache.hadoop.ozone.container.common.statemachine.commandhandler.DeleteBlocksCommandHandler$DeleteCmdWorker@10463c5" daemon prio=5 tid=417 timed_waiting
java.lang.Thread.State: TIMED_WAITING
        at java.lang.Thread.sleep(Native Method)
        at org.apache.hadoop.ozone.container.common.statemachine.commandhandler.DeleteBlocksCommandHandler$DeleteCmdWorker.run(DeleteBlocksCommandHandler.java:183)
        at java.lang.Thread.run(Thread.java:750)
"qtp2076445832-387" daemon prio=5 tid=387 timed_waiting
java.lang.Thread.State: TIMED_WAITING
        at sun.misc.Unsafe.park(Native Method)
        at java.util.concurrent.locks.LockSupport.parkNanos(LockSupport.java:215)
        at java.util.concurrent.locks.AbstractQueuedSynchronizer$ConditionObject.awaitNanos(AbstractQueuedSynchronizer.java:2078)
        at org.eclipse.jetty.util.BlockingArrayQueue.poll(BlockingArrayQueue.java:382)
        at org.eclipse.jetty.util.thread.QueuedThreadPool$Runner.idleJobPoll(QueuedThreadPool.java:974)
        at org.eclipse.jetty.util.thread.QueuedThreadPool$Runner.run(QueuedThreadPool.java:1018)
        at java.lang.Thread.run(Thread.java:750)
"b412bf4c-8645-4ac9-920f-94e6c323f92a@group-8A4815B43099-SegmentedRaftLogWorker"  prio=5 tid=666 timed_waiting
java.lang.Thread.State: TIMED_WAITING
        at sun.misc.Unsafe.park(Native Method)
        at java.util.concurrent.locks.LockSupport.parkNanos(LockSupport.java:215)
        at java.util.concurrent.locks.AbstractQueuedSynchronizer$ConditionObject.awaitNanos(AbstractQueuedSynchronizer.java:2078)
        at org.apache.ratis.util.DataBlockingQueue.poll(DataBlockingQueue.java:148)
        at org.apache.ratis.server.raftlog.segmented.SegmentedRaftLogWorker.run(SegmentedRaftLogWorker.java:310)
        at org.apache.ratis.server.raftlog.segmented.SegmentedRaftLogWorker$$Lambda$665/2146560083.run(Unknown Source)
        at java.lang.Thread.run(Thread.java:750)
"Datanode ReportManager Thread - 2" daemon prio=5 tid=196 in Object.wait()
java.lang.Thread.State: WAITING (on object monitor)
        at sun.misc.Unsafe.park(Native Method)
        at java.util.concurrent.locks.LockSupport.park(LockSupport.java:175)
        at java.util.concurrent.locks.AbstractQueuedSynchronizer$ConditionObject.await(AbstractQueuedSynchronizer.java:2039)
        at java.util.concurrent.ScheduledThreadPoolExecutor$DelayedWorkQueue.take(ScheduledThreadPoolExecutor.java:1088)
        at java.util.concurrent.ScheduledThreadPoolExecutor$DelayedWorkQueue.take(ScheduledThreadPoolExecutor.java:809)
        at java.util.concurrent.ThreadPoolExecutor.getTask(ThreadPoolExecutor.java:1074)
        at java.util.concurrent.ThreadPoolExecutor.runWorker(ThreadPoolExecutor.java:1134)
        at java.util.concurrent.ThreadPoolExecutor$Worker.run(ThreadPoolExecutor.java:624)
        at java.lang.Thread.run(Thread.java:750)
"FixedThreadPoolWithAffinityExecutor-6-0" daemon prio=5 tid=41 timed_waiting
java.lang.Thread.State: TIMED_WAITING
        at sun.misc.Unsafe.park(Native Method)
        at java.util.concurrent.locks.LockSupport.parkNanos(LockSupport.java:215)
        at java.util.concurrent.locks.AbstractQueuedSynchronizer$ConditionObject.awaitNanos(AbstractQueuedSynchronizer.java:2078)
        at java.util.concurrent.LinkedBlockingQueue.poll(LinkedBlockingQueue.java:467)
        at org.apache.hadoop.hdds.scm.server.ContainerReportQueue.poll(ContainerReportQueue.java:266)
        at org.apache.hadoop.hdds.scm.server.ContainerReportQueue.poll(ContainerReportQueue.java:42)
        at org.apache.hadoop.hdds.server.events.FixedThreadPoolWithAffinityExecutor$ContainerReportProcessTask.run(FixedThreadPoolWithAffinityExecutor.java:218)
        at java.util.concurrent.Executors$RunnableAdapter.call(Executors.java:511)
        at java.util.concurrent.FutureTask.run(FutureTask.java:266)
        at java.util.concurrent.ThreadPoolExecutor.runWorker(ThreadPoolExecutor.java:1149)
        at java.util.concurrent.ThreadPoolExecutor$Worker.run(ThreadPoolExecutor.java:624)
        at java.lang.Thread.run(Thread.java:750)
"Datanode ReportManager Thread - 3" daemon prio=5 tid=303 timed_waiting
java.lang.Thread.State: TIMED_WAITING
        at sun.misc.Unsafe.park(Native Method)
        at java.util.concurrent.locks.LockSupport.parkNanos(LockSupport.java:215)
        at java.util.concurrent.locks.AbstractQueuedSynchronizer$ConditionObject.awaitNanos(AbstractQueuedSynchronizer.java:2078)
        at java.util.concurrent.ScheduledThreadPoolExecutor$DelayedWorkQueue.take(ScheduledThreadPoolExecutor.java:1093)
        at java.util.concurrent.ScheduledThreadPoolExecutor$DelayedWorkQueue.take(ScheduledThreadPoolExecutor.java:809)
        at java.util.concurrent.ThreadPoolExecutor.getTask(ThreadPoolExecutor.java:1074)
        at java.util.concurrent.ThreadPoolExecutor.runWorker(ThreadPoolExecutor.java:1134)
        at java.util.concurrent.ThreadPoolExecutor$Worker.run(ThreadPoolExecutor.java:624)
        at java.lang.Thread.run(Thread.java:750)
"b6bbe4ab-2937-401d-96b4-8acfa82ea187@group-07838B844681-StateMachineUpdater" daemon prio=5 tid=679 timed_waiting
java.lang.Thread.State: TIMED_WAITING
        at sun.misc.Unsafe.park(Native Method)
        at java.util.concurrent.locks.LockSupport.parkNanos(LockSupport.java:215)
        at java.util.concurrent.CompletableFuture$Signaller.block(CompletableFuture.java:1709)
        at java.util.concurrent.ForkJoinPool.managedBlock(ForkJoinPool.java:3323)
        at java.util.concurrent.CompletableFuture.timedGet(CompletableFuture.java:1788)
        at java.util.concurrent.CompletableFuture.get(CompletableFuture.java:1928)
        at org.apache.ratis.util.AwaitForSignal.await(AwaitForSignal.java:56)
        at org.apache.ratis.server.impl.StateMachineUpdater.waitForCommit(StateMachineUpdater.java:207)
        at org.apache.ratis.server.impl.StateMachineUpdater.run(StateMachineUpdater.java:176)
        at java.lang.Thread.run(Thread.java:750)
"BlockDeletingService#2" daemon prio=5 tid=914 in Object.wait()
java.lang.Thread.State: WAITING (on object monitor)
        at sun.misc.Unsafe.park(Native Method)
        at java.util.concurrent.locks.LockSupport.park(LockSupport.java:175)
        at java.util.concurrent.locks.AbstractQueuedSynchronizer$ConditionObject.await(AbstractQueuedSynchronizer.java:2039)
        at java.util.concurrent.ScheduledThreadPoolExecutor$DelayedWorkQueue.take(ScheduledThreadPoolExecutor.java:1088)
        at java.util.concurrent.ScheduledThreadPoolExecutor$DelayedWorkQueue.take(ScheduledThreadPoolExecutor.java:809)
        at java.util.concurrent.ThreadPoolExecutor.getTask(ThreadPoolExecutor.java:1074)
        at java.util.concurrent.ThreadPoolExecutor.runWorker(ThreadPoolExecutor.java:1134)
        at java.util.concurrent.ThreadPoolExecutor$Worker.run(ThreadPoolExecutor.java:624)
        at java.lang.Thread.run(Thread.java:750)
"qtp2076445832-384" daemon prio=5 tid=384 timed_waiting
java.lang.Thread.State: TIMED_WAITING
        at sun.misc.Unsafe.park(Native Method)
        at java.util.concurrent.locks.LockSupport.parkNanos(LockSupport.java:215)
        at java.util.concurrent.locks.AbstractQueuedSynchronizer$ConditionObject.awaitNanos(AbstractQueuedSynchronizer.java:2078)
        at org.eclipse.jetty.util.BlockingArrayQueue.poll(BlockingArrayQueue.java:382)
        at org.eclipse.jetty.util.thread.QueuedThreadPool$Runner.idleJobPoll(QueuedThreadPool.java:974)
        at org.eclipse.jetty.util.thread.QueuedThreadPool$Runner.run(QueuedThreadPool.java:1018)
        at java.lang.Thread.run(Thread.java:750)
"FullTableCache Cleanup Thread - 0" daemon prio=5 tid=750 in Object.wait()
java.lang.Thread.State: WAITING (on object monitor)
        at sun.misc.Unsafe.park(Native Method)
        at java.util.concurrent.locks.LockSupport.park(LockSupport.java:175)
        at java.util.concurrent.locks.AbstractQueuedSynchronizer$ConditionObject.await(AbstractQueuedSynchronizer.java:2039)
        at java.util.concurrent.LinkedBlockingQueue.take(LinkedBlockingQueue.java:442)
        at java.util.concurrent.ThreadPoolExecutor.getTask(ThreadPoolExecutor.java:1074)
        at java.util.concurrent.ThreadPoolExecutor.runWorker(ThreadPoolExecutor.java:1134)
        at java.util.concurrent.ThreadPoolExecutor$Worker.run(ThreadPoolExecutor.java:624)
        at java.lang.Thread.run(Thread.java:750)
"b2efe8a5-99bb-41e7-9296-f49000549216@group-93AA63AA76A7-SegmentedRaftLogWorker"  prio=5 tid=594 timed_waiting
java.lang.Thread.State: TIMED_WAITING
        at sun.misc.Unsafe.park(Native Method)
        at java.util.concurrent.locks.LockSupport.parkNanos(LockSupport.java:215)
        at java.util.concurrent.locks.AbstractQueuedSynchronizer$ConditionObject.awaitNanos(AbstractQueuedSynchronizer.java:2078)
        at org.apache.ratis.util.DataBlockingQueue.poll(DataBlockingQueue.java:148)
        at org.apache.ratis.server.raftlog.segmented.SegmentedRaftLogWorker.run(SegmentedRaftLogWorker.java:310)
        at org.apache.ratis.server.raftlog.segmented.SegmentedRaftLogWorker$$Lambda$665/2146560083.run(Unknown Source)
        at java.lang.Thread.run(Thread.java:750)
"qtp1531438298-293" daemon prio=5 tid=293 timed_waiting
java.lang.Thread.State: TIMED_WAITING
        at sun.misc.Unsafe.park(Native Method)
        at java.util.concurrent.locks.LockSupport.parkNanos(LockSupport.java:215)
        at java.util.concurrent.locks.AbstractQueuedSynchronizer$ConditionObject.awaitNanos(AbstractQueuedSynchronizer.java:2078)
        at org.eclipse.jetty.util.BlockingArrayQueue.poll(BlockingArrayQueue.java:382)
        at org.eclipse.jetty.util.thread.QueuedThreadPool$Runner.idleJobPoll(QueuedThreadPool.java:974)
        at org.eclipse.jetty.util.thread.QueuedThreadPool$Runner.run(QueuedThreadPool.java:1018)
        at java.lang.Thread.run(Thread.java:750)
"OM StateMachine ApplyTransaction Thread - 0" daemon prio=5 tid=748 in Object.wait()
java.lang.Thread.State: WAITING (on object monitor)
        at sun.misc.Unsafe.park(Native Method)
        at java.util.concurrent.locks.LockSupport.park(LockSupport.java:175)
        at java.util.concurrent.locks.AbstractQueuedSynchronizer$ConditionObject.await(AbstractQueuedSynchronizer.java:2039)
        at java.util.concurrent.LinkedBlockingQueue.take(LinkedBlockingQueue.java:442)
        at java.util.concurrent.ThreadPoolExecutor.getTask(ThreadPoolExecutor.java:1074)
        at java.util.concurrent.ThreadPoolExecutor.runWorker(ThreadPoolExecutor.java:1134)
        at java.util.concurrent.ThreadPoolExecutor$Worker.run(ThreadPoolExecutor.java:624)
        at java.lang.Thread.run(Thread.java:750)
"556da25a-9bc8-419d-83a0-dc1d92c1e895@group-16B0CCAD8931-StateMachineUpdater" daemon prio=5 tid=584 timed_waiting
java.lang.Thread.State: TIMED_WAITING
        at sun.misc.Unsafe.park(Native Method)
        at java.util.concurrent.locks.LockSupport.parkNanos(LockSupport.java:215)
        at java.util.concurrent.CompletableFuture$Signaller.block(CompletableFuture.java:1709)
        at java.util.concurrent.ForkJoinPool.managedBlock(ForkJoinPool.java:3323)
        at java.util.concurrent.CompletableFuture.timedGet(CompletableFuture.java:1788)
        at java.util.concurrent.CompletableFuture.get(CompletableFuture.java:1928)
        at org.apache.ratis.util.AwaitForSignal.await(AwaitForSignal.java:56)
        at org.apache.ratis.server.impl.StateMachineUpdater.waitForCommit(StateMachineUpdater.java:207)
        at org.apache.ratis.server.impl.StateMachineUpdater.run(StateMachineUpdater.java:176)
        at java.lang.Thread.run(Thread.java:750)
"EventQueue-CommandQueueReportForCommandQueueReportHandler" daemon prio=5 tid=566 in Object.wait()
java.lang.Thread.State: WAITING (on object monitor)
        at sun.misc.Unsafe.park(Native Method)
        at java.util.concurrent.locks.LockSupport.park(LockSupport.java:175)
        at java.util.concurrent.locks.AbstractQueuedSynchronizer$ConditionObject.await(AbstractQueuedSynchronizer.java:2039)
        at java.util.concurrent.LinkedBlockingQueue.take(LinkedBlockingQueue.java:442)
        at java.util.concurrent.ThreadPoolExecutor.getTask(ThreadPoolExecutor.java:1074)
        at java.util.concurrent.ThreadPoolExecutor.runWorker(ThreadPoolExecutor.java:1134)
        at java.util.concurrent.ThreadPoolExecutor$Worker.run(ThreadPoolExecutor.java:624)
        at java.lang.Thread.run(Thread.java:750)
"qtp602120831-110" daemon prio=5 tid=110 runnable
java.lang.Thread.State: RUNNABLE
        at sun.nio.ch.EPollArrayWrapper.epollWait(Native Method)
        at sun.nio.ch.EPollArrayWrapper.poll(EPollArrayWrapper.java:269)
        at sun.nio.ch.EPollSelectorImpl.doSelect(EPollSelectorImpl.java:93)
        at sun.nio.ch.SelectorImpl.lockAndDoSelect(SelectorImpl.java:86)
        at sun.nio.ch.SelectorImpl.select(SelectorImpl.java:97)
        at sun.nio.ch.SelectorImpl.select(SelectorImpl.java:101)
        at org.eclipse.jetty.io.ManagedSelector.nioSelect(ManagedSelector.java:183)
        at org.eclipse.jetty.io.ManagedSelector.select(ManagedSelector.java:190)
        at org.eclipse.jetty.io.ManagedSelector$SelectorProducer.select(ManagedSelector.java:606)
        at org.eclipse.jetty.io.ManagedSelector$SelectorProducer.produce(ManagedSelector.java:543)
        at org.eclipse.jetty.util.thread.strategy.EatWhatYouKill.produceTask(EatWhatYouKill.java:362)
        at org.eclipse.jetty.util.thread.strategy.EatWhatYouKill.doProduce(EatWhatYouKill.java:186)
        at org.eclipse.jetty.util.thread.strategy.EatWhatYouKill.tryProduce(EatWhatYouKill.java:173)
        at org.eclipse.jetty.util.thread.strategy.EatWhatYouKill.produce(EatWhatYouKill.java:137)
        at org.eclipse.jetty.io.ManagedSelector$$Lambda$446/827549167.run(Unknown Source)
        at org.eclipse.jetty.util.thread.QueuedThreadPool.runJob(QueuedThreadPool.java:883)
        at org.eclipse.jetty.util.thread.QueuedThreadPool$Runner.run(QueuedThreadPool.java:1034)
        at java.lang.Thread.run(Thread.java:750)
"IPC Server handler 4 on default port 40715" daemon prio=5 tid=71 timed_waiting
java.lang.Thread.State: TIMED_WAITING
        at sun.misc.Unsafe.park(Native Method)
        at java.util.concurrent.locks.LockSupport.parkNanos(LockSupport.java:215)
        at java.util.concurrent.locks.AbstractQueuedSynchronizer$ConditionObject.awaitNanos(AbstractQueuedSynchronizer.java:2078)
        at java.util.concurrent.LinkedBlockingQueue.poll(LinkedBlockingQueue.java:467)
        at org.apache.hadoop.ipc.CallQueueManager.take(CallQueueManager.java:317)
        at org.apache.hadoop.ipc.Server$Handler.run(Server.java:2942)
"qtp1531438298-291-acceptor-0@1146ae58-ServerConnector@24112ec4{HTTP/1.1, (http/1.1)}{0.0.0.0:39643}" daemon prio=3 tid=291 runnable
java.lang.Thread.State: RUNNABLE
        at sun.nio.ch.ServerSocketChannelImpl.accept0(Native Method)
        at sun.nio.ch.ServerSocketChannelImpl.accept(ServerSocketChannelImpl.java:421)
        at sun.nio.ch.ServerSocketChannelImpl.accept(ServerSocketChannelImpl.java:249)
        at org.eclipse.jetty.server.ServerConnector.accept(ServerConnector.java:388)
        at org.eclipse.jetty.server.AbstractConnector$Acceptor.run(AbstractConnector.java:704)
        at org.eclipse.jetty.util.thread.QueuedThreadPool.runJob(QueuedThreadPool.java:883)
        at org.eclipse.jetty.util.thread.QueuedThreadPool$Runner.run(QueuedThreadPool.java:1034)
        at java.lang.Thread.run(Thread.java:750)
"556da25a-9bc8-419d-83a0-dc1d92c1e895@group-BEB6889659DA-StateMachineUpdater" daemon prio=5 tid=597 timed_waiting
java.lang.Thread.State: TIMED_WAITING
        at sun.misc.Unsafe.park(Native Method)
        at java.util.concurrent.locks.LockSupport.parkNanos(LockSupport.java:215)
        at java.util.concurrent.CompletableFuture$Signaller.block(CompletableFuture.java:1709)
        at java.util.concurrent.ForkJoinPool.managedBlock(ForkJoinPool.java:3323)
        at java.util.concurrent.CompletableFuture.timedGet(CompletableFuture.java:1788)
        at java.util.concurrent.CompletableFuture.get(CompletableFuture.java:1928)
        at org.apache.ratis.util.AwaitForSignal.await(AwaitForSignal.java:56)
        at org.apache.ratis.server.impl.StateMachineUpdater.waitForCommit(StateMachineUpdater.java:207)
        at org.apache.ratis.server.impl.StateMachineUpdater.run(StateMachineUpdater.java:176)
        at java.lang.Thread.run(Thread.java:750)
"StaleRecoveringContainerScrubbingService#1" daemon prio=5 tid=510 timed_waiting
java.lang.Thread.State: TIMED_WAITING
        at sun.misc.Unsafe.park(Native Method)
        at java.util.concurrent.locks.LockSupport.parkNanos(LockSupport.java:215)
        at java.util.concurrent.locks.AbstractQueuedSynchronizer$ConditionObject.awaitNanos(AbstractQueuedSynchronizer.java:2078)
        at java.util.concurrent.ScheduledThreadPoolExecutor$DelayedWorkQueue.take(ScheduledThreadPoolExecutor.java:1093)
        at java.util.concurrent.ScheduledThreadPoolExecutor$DelayedWorkQueue.take(ScheduledThreadPoolExecutor.java:809)
        at java.util.concurrent.ThreadPoolExecutor.getTask(ThreadPoolExecutor.java:1074)
        at java.util.concurrent.ThreadPoolExecutor.runWorker(ThreadPoolExecutor.java:1134)
        at java.util.concurrent.ThreadPoolExecutor$Worker.run(ThreadPoolExecutor.java:624)
        at java.lang.Thread.run(Thread.java:750)
"EventQueue-DatanodeCommandForSCMNodeManager"  prio=5 tid=516 in Object.wait()
java.lang.Thread.State: WAITING (on object monitor)
        at sun.misc.Unsafe.park(Native Method)
        at java.util.concurrent.locks.LockSupport.park(LockSupport.java:175)
        at java.util.concurrent.locks.AbstractQueuedSynchronizer$ConditionObject.await(AbstractQueuedSynchronizer.java:2039)
        at java.util.concurrent.LinkedBlockingQueue.take(LinkedBlockingQueue.java:442)
        at java.util.concurrent.ThreadPoolExecutor.getTask(ThreadPoolExecutor.java:1074)
        at java.util.concurrent.ThreadPoolExecutor.runWorker(ThreadPoolExecutor.java:1134)
        at java.util.concurrent.ThreadPoolExecutor$Worker.run(ThreadPoolExecutor.java:624)
        at java.lang.Thread.run(Thread.java:750)
"BlockDeletingService#0" daemon prio=5 tid=525 in Object.wait()
java.lang.Thread.State: WAITING (on object monitor)
        at sun.misc.Unsafe.park(Native Method)
        at java.util.concurrent.locks.LockSupport.park(LockSupport.java:175)
        at java.util.concurrent.locks.AbstractQueuedSynchronizer$ConditionObject.await(AbstractQueuedSynchronizer.java:2039)
        at java.util.concurrent.ScheduledThreadPoolExecutor$DelayedWorkQueue.take(ScheduledThreadPoolExecutor.java:1088)
        at java.util.concurrent.ScheduledThreadPoolExecutor$DelayedWorkQueue.take(ScheduledThreadPoolExecutor.java:809)
        at java.util.concurrent.ThreadPoolExecutor.getTask(ThreadPoolExecutor.java:1074)
        at java.util.concurrent.ThreadPoolExecutor.runWorker(ThreadPoolExecutor.java:1134)
        at java.util.concurrent.ThreadPoolExecutor$Worker.run(ThreadPoolExecutor.java:624)
        at java.lang.Thread.run(Thread.java:750)
"PartialTableCache Cleanup Thread - 0" daemon prio=5 tid=753 in Object.wait()
java.lang.Thread.State: WAITING (on object monitor)
        at sun.misc.Unsafe.park(Native Method)
        at java.util.concurrent.locks.LockSupport.park(LockSupport.java:175)
        at java.util.concurrent.locks.AbstractQueuedSynchronizer$ConditionObject.await(AbstractQueuedSynchronizer.java:2039)
        at java.util.concurrent.LinkedBlockingQueue.take(LinkedBlockingQueue.java:442)
        at java.util.concurrent.ThreadPoolExecutor.getTask(ThreadPoolExecutor.java:1074)
        at java.util.concurrent.ThreadPoolExecutor.runWorker(ThreadPoolExecutor.java:1134)
        at java.util.concurrent.ThreadPoolExecutor$Worker.run(ThreadPoolExecutor.java:624)
        at java.lang.Thread.run(Thread.java:750)
"IPC Server handler 6 on default port 35727" daemon prio=5 tid=93 timed_waiting
java.lang.Thread.State: TIMED_WAITING
        at sun.misc.Unsafe.park(Native Method)
        at java.util.concurrent.locks.LockSupport.parkNanos(LockSupport.java:215)
        at java.util.concurrent.locks.AbstractQueuedSynchronizer$ConditionObject.awaitNanos(AbstractQueuedSynchronizer.java:2078)
        at java.util.concurrent.LinkedBlockingQueue.poll(LinkedBlockingQueue.java:467)
        at org.apache.hadoop.ipc.CallQueueManager.take(CallQueueManager.java:317)
        at org.apache.hadoop.ipc.Server$Handler.run(Server.java:2942)
"IPC Server handler 13 on default port 40715" daemon prio=5 tid=80 timed_waiting
java.lang.Thread.State: TIMED_WAITING
        at sun.misc.Unsafe.park(Native Method)
        at java.util.concurrent.locks.LockSupport.parkNanos(LockSupport.java:215)
        at java.util.concurrent.locks.AbstractQueuedSynchronizer$ConditionObject.awaitNanos(AbstractQueuedSynchronizer.java:2078)
        at java.util.concurrent.LinkedBlockingQueue.poll(LinkedBlockingQueue.java:467)
        at org.apache.hadoop.ipc.CallQueueManager.take(CallQueueManager.java:317)
        at org.apache.hadoop.ipc.Server$Handler.run(Server.java:2942)
"qtp110059025-349" daemon prio=5 tid=349 timed_waiting
java.lang.Thread.State: TIMED_WAITING
        at sun.misc.Unsafe.park(Native Method)
        at java.util.concurrent.locks.LockSupport.parkNanos(LockSupport.java:215)
        at java.util.concurrent.locks.AbstractQueuedSynchronizer$ConditionObject.awaitNanos(AbstractQueuedSynchronizer.java:2078)
        at org.eclipse.jetty.util.BlockingArrayQueue.poll(BlockingArrayQueue.java:382)
        at org.eclipse.jetty.util.thread.QueuedThreadPool$Runner.idleJobPoll(QueuedThreadPool.java:974)
        at org.eclipse.jetty.util.thread.QueuedThreadPool$Runner.run(QueuedThreadPool.java:1018)
        at java.lang.Thread.run(Thread.java:750)
"Datanode ReportManager Thread - 3" daemon prio=5 tid=364 in Object.wait()
java.lang.Thread.State: WAITING (on object monitor)
        at sun.misc.Unsafe.park(Native Method)
        at java.util.concurrent.locks.LockSupport.park(LockSupport.java:175)
        at java.util.concurrent.locks.AbstractQueuedSynchronizer$ConditionObject.await(AbstractQueuedSynchronizer.java:2039)
        at java.util.concurrent.ScheduledThreadPoolExecutor$DelayedWorkQueue.take(ScheduledThreadPoolExecutor.java:1088)
        at java.util.concurrent.ScheduledThreadPoolExecutor$DelayedWorkQueue.take(ScheduledThreadPoolExecutor.java:809)
        at java.util.concurrent.ThreadPoolExecutor.getTask(ThreadPoolExecutor.java:1074)
        at java.util.concurrent.ThreadPoolExecutor.runWorker(ThreadPoolExecutor.java:1134)
        at java.util.concurrent.ThreadPoolExecutor$Worker.run(ThreadPoolExecutor.java:624)
        at java.lang.Thread.run(Thread.java:750)
"org.apache.hadoop.util.JvmPauseMonitor$Monitor@490a9b3c" daemon prio=5 tid=409 timed_waiting
java.lang.Thread.State: TIMED_WAITING
        at java.lang.Thread.sleep(Native Method)
        at org.apache.hadoop.util.JvmPauseMonitor$Monitor.run(JvmPauseMonitor.java:192)
        at java.lang.Thread.run(Thread.java:750)
"IPC Server listener on 0" daemon prio=5 tid=23 runnable
java.lang.Thread.State: RUNNABLE
        at sun.nio.ch.EPollArrayWrapper.epollWait(Native Method)
        at sun.nio.ch.EPollArrayWrapper.poll(EPollArrayWrapper.java:269)
        at sun.nio.ch.EPollSelectorImpl.doSelect(EPollSelectorImpl.java:93)
        at sun.nio.ch.SelectorImpl.lockAndDoSelect(SelectorImpl.java:86)
        at sun.nio.ch.SelectorImpl.select(SelectorImpl.java:97)
        at sun.nio.ch.SelectorImpl.select(SelectorImpl.java:101)
        at org.apache.hadoop.ipc.Server$Listener.run(Server.java:1358)
"BlockDeletingService#1" daemon prio=5 tid=553 timed_waiting
java.lang.Thread.State: TIMED_WAITING
        at sun.misc.Unsafe.park(Native Method)
        at java.util.concurrent.locks.LockSupport.parkNanos(LockSupport.java:215)
        at java.util.concurrent.locks.AbstractQueuedSynchronizer$ConditionObject.awaitNanos(AbstractQueuedSynchronizer.java:2078)
        at java.util.concurrent.ScheduledThreadPoolExecutor$DelayedWorkQueue.take(ScheduledThreadPoolExecutor.java:1093)
        at java.util.concurrent.ScheduledThreadPoolExecutor$DelayedWorkQueue.take(ScheduledThreadPoolExecutor.java:809)
        at java.util.concurrent.ThreadPoolExecutor.getTask(ThreadPoolExecutor.java:1074)
        at java.util.concurrent.ThreadPoolExecutor.runWorker(ThreadPoolExecutor.java:1134)
        at java.util.concurrent.ThreadPoolExecutor$Worker.run(ThreadPoolExecutor.java:624)
        at java.lang.Thread.run(Thread.java:750)
"Periodic HDDS volume checker" daemon prio=5 tid=412 timed_waiting
java.lang.Thread.State: TIMED_WAITING
        at sun.misc.Unsafe.park(Native Method)
        at java.util.concurrent.locks.LockSupport.parkNanos(LockSupport.java:215)
        at java.util.concurrent.locks.AbstractQueuedSynchronizer$ConditionObject.awaitNanos(AbstractQueuedSynchronizer.java:2078)
        at java.util.concurrent.ScheduledThreadPoolExecutor$DelayedWorkQueue.take(ScheduledThreadPoolExecutor.java:1093)
        at java.util.concurrent.ScheduledThreadPoolExecutor$DelayedWorkQueue.take(ScheduledThreadPoolExecutor.java:809)
        at java.util.concurrent.ThreadPoolExecutor.getTask(ThreadPoolExecutor.java:1074)
        at java.util.concurrent.ThreadPoolExecutor.runWorker(ThreadPoolExecutor.java:1134)
        at java.util.concurrent.ThreadPoolExecutor$Worker.run(ThreadPoolExecutor.java:624)
        at java.lang.Thread.run(Thread.java:750)
"IPC Server listener on 0" daemon prio=5 tid=27 runnable
java.lang.Thread.State: RUNNABLE
        at sun.nio.ch.EPollArrayWrapper.epollWait(Native Method)
        at sun.nio.ch.EPollArrayWrapper.poll(EPollArrayWrapper.java:269)
        at sun.nio.ch.EPollSelectorImpl.doSelect(EPollSelectorImpl.java:93)
        at sun.nio.ch.SelectorImpl.lockAndDoSelect(SelectorImpl.java:86)
        at sun.nio.ch.SelectorImpl.select(SelectorImpl.java:97)
        at sun.nio.ch.SelectorImpl.select(SelectorImpl.java:101)
        at org.apache.hadoop.ipc.Server$Listener.run(Server.java:1358)
"BlockDeletingService#0" daemon prio=5 tid=538 in Object.wait()
java.lang.Thread.State: WAITING (on object monitor)
        at sun.misc.Unsafe.park(Native Method)
        at java.util.concurrent.locks.LockSupport.park(LockSupport.java:175)
        at java.util.concurrent.locks.AbstractQueuedSynchronizer$ConditionObject.await(AbstractQueuedSynchronizer.java:2039)
        at java.util.concurrent.ScheduledThreadPoolExecutor$DelayedWorkQueue.take(ScheduledThreadPoolExecutor.java:1088)
        at java.util.concurrent.ScheduledThreadPoolExecutor$DelayedWorkQueue.take(ScheduledThreadPoolExecutor.java:809)
        at java.util.concurrent.ThreadPoolExecutor.getTask(ThreadPoolExecutor.java:1074)
        at java.util.concurrent.ThreadPoolExecutor.runWorker(ThreadPoolExecutor.java:1134)
        at java.util.concurrent.ThreadPoolExecutor$Worker.run(ThreadPoolExecutor.java:624)
        at java.lang.Thread.run(Thread.java:750)
"ChunkWriter-2-0" daemon prio=5 tid=558 in Object.wait()
java.lang.Thread.State: WAITING (on object monitor)
        at sun.misc.Unsafe.park(Native Method)
        at java.util.concurrent.locks.LockSupport.park(LockSupport.java:175)
        at java.util.concurrent.locks.AbstractQueuedSynchronizer$ConditionObject.await(AbstractQueuedSynchronizer.java:2039)
        at java.util.concurrent.LinkedBlockingDeque.takeFirst(LinkedBlockingDeque.java:492)
        at java.util.concurrent.LinkedBlockingDeque.take(LinkedBlockingDeque.java:680)
        at java.util.concurrent.ThreadPoolExecutor.getTask(ThreadPoolExecutor.java:1074)
        at java.util.concurrent.ThreadPoolExecutor.runWorker(ThreadPoolExecutor.java:1134)
        at java.util.concurrent.ThreadPoolExecutor$Worker.run(ThreadPoolExecutor.java:624)
        at java.lang.Thread.run(Thread.java:750)
"qtp1646881279-245" daemon prio=5 tid=245 timed_waiting
java.lang.Thread.State: TIMED_WAITING
        at sun.misc.Unsafe.park(Native Method)
        at java.util.concurrent.locks.LockSupport.parkNanos(LockSupport.java:215)
        at java.util.concurrent.locks.AbstractQueuedSynchronizer$ConditionObject.awaitNanos(AbstractQueuedSynchronizer.java:2078)
        at org.eclipse.jetty.util.BlockingArrayQueue.poll(BlockingArrayQueue.java:382)
        at org.eclipse.jetty.util.thread.QueuedThreadPool$Runner.idleJobPoll(QueuedThreadPool.java:974)
        at org.eclipse.jetty.util.thread.QueuedThreadPool$Runner.run(QueuedThreadPool.java:1018)
        at java.lang.Thread.run(Thread.java:750)
"Session-HouseKeeper-76351c98-1"  prio=5 tid=465 timed_waiting
java.lang.Thread.State: TIMED_WAITING
        at sun.misc.Unsafe.park(Native Method)
        at java.util.concurrent.locks.LockSupport.parkNanos(LockSupport.java:215)
        at java.util.concurrent.locks.AbstractQueuedSynchronizer$ConditionObject.awaitNanos(AbstractQueuedSynchronizer.java:2078)
        at java.util.concurrent.ScheduledThreadPoolExecutor$DelayedWorkQueue.take(ScheduledThreadPoolExecutor.java:1093)
        at java.util.concurrent.ScheduledThreadPoolExecutor$DelayedWorkQueue.take(ScheduledThreadPoolExecutor.java:809)
        at java.util.concurrent.ThreadPoolExecutor.getTask(ThreadPoolExecutor.java:1074)
        at java.util.concurrent.ThreadPoolExecutor.runWorker(ThreadPoolExecutor.java:1134)
        at java.util.concurrent.ThreadPoolExecutor$Worker.run(ThreadPoolExecutor.java:624)
        at java.lang.Thread.run(Thread.java:750)
"Datanode ReportManager Thread - 3" daemon prio=5 tid=225 in Object.wait()
java.lang.Thread.State: WAITING (on object monitor)
        at sun.misc.Unsafe.park(Native Method)
        at java.util.concurrent.locks.LockSupport.park(LockSupport.java:175)
        at java.util.concurrent.locks.AbstractQueuedSynchronizer$ConditionObject.await(AbstractQueuedSynchronizer.java:2039)
        at java.util.concurrent.ScheduledThreadPoolExecutor$DelayedWorkQueue.take(ScheduledThreadPoolExecutor.java:1088)
        at java.util.concurrent.ScheduledThreadPoolExecutor$DelayedWorkQueue.take(ScheduledThreadPoolExecutor.java:809)
        at java.util.concurrent.ThreadPoolExecutor.getTask(ThreadPoolExecutor.java:1074)
        at java.util.concurrent.ThreadPoolExecutor.runWorker(ThreadPoolExecutor.java:1134)
        at java.util.concurrent.ThreadPoolExecutor$Worker.run(ThreadPoolExecutor.java:624)
        at java.lang.Thread.run(Thread.java:750)
"qtp1798219135-216" daemon prio=5 tid=216 timed_waiting
java.lang.Thread.State: TIMED_WAITING
        at sun.misc.Unsafe.park(Native Method)
        at java.util.concurrent.locks.LockSupport.parkNanos(LockSupport.java:215)
        at java.util.concurrent.locks.AbstractQueuedSynchronizer$ConditionObject.awaitNanos(AbstractQueuedSynchronizer.java:2078)
        at org.eclipse.jetty.util.BlockingArrayQueue.poll(BlockingArrayQueue.java:382)
        at org.eclipse.jetty.util.thread.QueuedThreadPool$Runner.idleJobPoll(QueuedThreadPool.java:974)
        at org.eclipse.jetty.util.thread.QueuedThreadPool$Runner.run(QueuedThreadPool.java:1018)
        at java.lang.Thread.run(Thread.java:750)
"JvmPauseMonitor8" daemon prio=5 tid=536 timed_waiting
java.lang.Thread.State: TIMED_WAITING
        at java.lang.Thread.sleep(Native Method)
        at java.lang.Thread.sleep(Thread.java:342)
        at java.util.concurrent.TimeUnit.sleep(TimeUnit.java:386)
        at org.apache.ratis.util.TimeDuration.sleep(TimeDuration.java:325)
        at org.apache.ratis.util.TimeDuration.sleep(TimeDuration.java:310)
        at org.apache.ratis.util.JvmPauseMonitor.detectPause(JvmPauseMonitor.java:119)
        at org.apache.ratis.util.JvmPauseMonitor.run(JvmPauseMonitor.java:108)
        at org.apache.ratis.util.JvmPauseMonitor$$Lambda$706/668240146.run(Unknown Source)
        at java.lang.Thread.run(Thread.java:750)
"Socket Reader #1 for port 0"  prio=5 tid=24 runnable
java.lang.Thread.State: RUNNABLE
        at sun.nio.ch.EPollArrayWrapper.epollWait(Native Method)
        at sun.nio.ch.EPollArrayWrapper.poll(EPollArrayWrapper.java:269)
        at sun.nio.ch.EPollSelectorImpl.doSelect(EPollSelectorImpl.java:93)
        at sun.nio.ch.SelectorImpl.lockAndDoSelect(SelectorImpl.java:86)
        at sun.nio.ch.SelectorImpl.select(SelectorImpl.java:97)
        at sun.nio.ch.SelectorImpl.select(SelectorImpl.java:101)
        at org.apache.hadoop.ipc.Server$Listener$Reader.doRunLoop(Server.java:1296)
        at org.apache.hadoop.ipc.Server$Listener$Reader.run(Server.java:1275)
"qtp1798219135-218" daemon prio=5 tid=218 timed_waiting
java.lang.Thread.State: TIMED_WAITING
        at sun.misc.Unsafe.park(Native Method)
        at java.util.concurrent.locks.LockSupport.parkNanos(LockSupport.java:215)
        at java.util.concurrent.locks.AbstractQueuedSynchronizer$ConditionObject.awaitNanos(AbstractQueuedSynchronizer.java:2078)
        at org.eclipse.jetty.util.BlockingArrayQueue.poll(BlockingArrayQueue.java:382)
        at org.eclipse.jetty.util.thread.QueuedThreadPool$Runner.idleJobPoll(QueuedThreadPool.java:974)
        at org.eclipse.jetty.util.thread.QueuedThreadPool$Runner.run(QueuedThreadPool.java:1018)
        at java.lang.Thread.run(Thread.java:750)
"b2efe8a5-99bb-41e7-9296-f49000549216@group-93AA63AA76A7-LeaderStateImpl" daemon prio=5 tid=695 timed_waiting
java.lang.Thread.State: TIMED_WAITING
        at sun.misc.Unsafe.park(Native Method)
        at java.util.concurrent.locks.LockSupport.parkNanos(LockSupport.java:215)
        at java.util.concurrent.locks.AbstractQueuedSynchronizer$ConditionObject.awaitNanos(AbstractQueuedSynchronizer.java:2078)
        at java.util.concurrent.ArrayBlockingQueue.poll(ArrayBlockingQueue.java:418)
        at org.apache.ratis.server.impl.LeaderStateImpl$EventQueue.poll(LeaderStateImpl.java:159)
        at org.apache.ratis.server.impl.LeaderStateImpl$EventProcessor.run(LeaderStateImpl.java:630)
"pool-31-thread-1"  prio=5 tid=109 timed_waiting
java.lang.Thread.State: TIMED_WAITING
        at sun.misc.Unsafe.park(Native Method)
        at java.util.concurrent.locks.LockSupport.parkNanos(LockSupport.java:215)
        at java.util.concurrent.locks.AbstractQueuedSynchronizer$ConditionObject.awaitNanos(AbstractQueuedSynchronizer.java:2078)
        at java.util.concurrent.ScheduledThreadPoolExecutor$DelayedWorkQueue.take(ScheduledThreadPoolExecutor.java:1093)
        at java.util.concurrent.ScheduledThreadPoolExecutor$DelayedWorkQueue.take(ScheduledThreadPoolExecutor.java:809)
        at java.util.concurrent.ThreadPoolExecutor.getTask(ThreadPoolExecutor.java:1074)
        at java.util.concurrent.ThreadPoolExecutor.runWorker(ThreadPoolExecutor.java:1134)
        at java.util.concurrent.ThreadPoolExecutor$Worker.run(ThreadPoolExecutor.java:624)
        at java.lang.Thread.run(Thread.java:750)
"Datanode ReportManager Thread - 2" daemon prio=5 tid=443 in Object.wait()
java.lang.Thread.State: WAITING (on object monitor)
        at sun.misc.Unsafe.park(Native Method)
        at java.util.concurrent.locks.LockSupport.park(LockSupport.java:175)
        at java.util.concurrent.locks.AbstractQueuedSynchronizer$ConditionObject.await(AbstractQueuedSynchronizer.java:2039)
        at java.util.concurrent.ScheduledThreadPoolExecutor$DelayedWorkQueue.take(ScheduledThreadPoolExecutor.java:1088)
        at java.util.concurrent.ScheduledThreadPoolExecutor$DelayedWorkQueue.take(ScheduledThreadPoolExecutor.java:809)
        at java.util.concurrent.ThreadPoolExecutor.getTask(ThreadPoolExecutor.java:1074)
        at java.util.concurrent.ThreadPoolExecutor.runWorker(ThreadPoolExecutor.java:1134)
        at java.util.concurrent.ThreadPoolExecutor$Worker.run(ThreadPoolExecutor.java:624)
        at java.lang.Thread.run(Thread.java:750)
"Datanode ReportManager Thread - 3" daemon prio=5 tid=482 timed_waiting
java.lang.Thread.State: TIMED_WAITING
        at sun.misc.Unsafe.park(Native Method)
        at java.util.concurrent.locks.LockSupport.parkNanos(LockSupport.java:215)
        at java.util.concurrent.locks.AbstractQueuedSynchronizer$ConditionObject.awaitNanos(AbstractQueuedSynchronizer.java:2078)
        at java.util.concurrent.ScheduledThreadPoolExecutor$DelayedWorkQueue.take(ScheduledThreadPoolExecutor.java:1093)
        at java.util.concurrent.ScheduledThreadPoolExecutor$DelayedWorkQueue.take(ScheduledThreadPoolExecutor.java:809)
        at java.util.concurrent.ThreadPoolExecutor.getTask(ThreadPoolExecutor.java:1074)
        at java.util.concurrent.ThreadPoolExecutor.runWorker(ThreadPoolExecutor.java:1134)
        at java.util.concurrent.ThreadPoolExecutor$Worker.run(ThreadPoolExecutor.java:624)
        at java.lang.Thread.run(Thread.java:750)
"ChunkReader-3" daemon prio=5 tid=800 in Object.wait()
java.lang.Thread.State: WAITING (on object monitor)
        at sun.misc.Unsafe.park(Native Method)
        at java.util.concurrent.locks.LockSupport.park(LockSupport.java:175)
        at java.util.concurrent.locks.AbstractQueuedSynchronizer$ConditionObject.await(AbstractQueuedSynchronizer.java:2039)
        at java.util.concurrent.LinkedBlockingQueue.take(LinkedBlockingQueue.java:442)
        at java.util.concurrent.ThreadPoolExecutor.getTask(ThreadPoolExecutor.java:1074)
        at java.util.concurrent.ThreadPoolExecutor.runWorker(ThreadPoolExecutor.java:1134)
        at java.util.concurrent.ThreadPoolExecutor$Worker.run(ThreadPoolExecutor.java:624)
        at java.lang.Thread.run(Thread.java:750)
"ChunkWriter-3-0" daemon prio=5 tid=504 in Object.wait()
java.lang.Thread.State: WAITING (on object monitor)
        at sun.misc.Unsafe.park(Native Method)
        at java.util.concurrent.locks.LockSupport.park(LockSupport.java:175)
        at java.util.concurrent.locks.AbstractQueuedSynchronizer$ConditionObject.await(AbstractQueuedSynchronizer.java:2039)
        at java.util.concurrent.LinkedBlockingDeque.takeFirst(LinkedBlockingDeque.java:492)
        at java.util.concurrent.LinkedBlockingDeque.take(LinkedBlockingDeque.java:680)
        at java.util.concurrent.ThreadPoolExecutor.getTask(ThreadPoolExecutor.java:1074)
        at java.util.concurrent.ThreadPoolExecutor.runWorker(ThreadPoolExecutor.java:1134)
        at java.util.concurrent.ThreadPoolExecutor$Worker.run(ThreadPoolExecutor.java:624)
        at java.lang.Thread.run(Thread.java:750)
"DirectoryDeletingService#0" daemon prio=5 tid=142 timed_waiting
java.lang.Thread.State: TIMED_WAITING
        at sun.misc.Unsafe.park(Native Method)
        at java.util.concurrent.locks.LockSupport.parkNanos(LockSupport.java:215)
        at java.util.concurrent.locks.AbstractQueuedSynchronizer$ConditionObject.awaitNanos(AbstractQueuedSynchronizer.java:2078)
        at java.util.concurrent.ScheduledThreadPoolExecutor$DelayedWorkQueue.take(ScheduledThreadPoolExecutor.java:1093)
        at java.util.concurrent.ScheduledThreadPoolExecutor$DelayedWorkQueue.take(ScheduledThreadPoolExecutor.java:809)
        at java.util.concurrent.ThreadPoolExecutor.getTask(ThreadPoolExecutor.java:1074)
        at java.util.concurrent.ThreadPoolExecutor.runWorker(ThreadPoolExecutor.java:1134)
        at java.util.concurrent.ThreadPoolExecutor$Worker.run(ThreadPoolExecutor.java:624)
        at java.lang.Thread.run(Thread.java:750)
"JvmPauseMonitor7" daemon prio=5 tid=523 timed_waiting
java.lang.Thread.State: TIMED_WAITING
        at java.lang.Thread.sleep(Native Method)
        at java.lang.Thread.sleep(Thread.java:342)
        at java.util.concurrent.TimeUnit.sleep(TimeUnit.java:386)
        at org.apache.ratis.util.TimeDuration.sleep(TimeDuration.java:325)
        at org.apache.ratis.util.TimeDuration.sleep(TimeDuration.java:310)
        at org.apache.ratis.util.JvmPauseMonitor.detectPause(JvmPauseMonitor.java:119)
        at org.apache.ratis.util.JvmPauseMonitor.run(JvmPauseMonitor.java:108)
        at org.apache.ratis.util.JvmPauseMonitor$$Lambda$706/668240146.run(Unknown Source)
        at java.lang.Thread.run(Thread.java:750)
"qtp797802443-152" daemon prio=5 tid=152 timed_waiting
java.lang.Thread.State: TIMED_WAITING
        at sun.misc.Unsafe.park(Native Method)
        at java.util.concurrent.locks.LockSupport.parkNanos(LockSupport.java:215)
        at java.util.concurrent.locks.AbstractQueuedSynchronizer$ConditionObject.awaitNanos(AbstractQueuedSynchronizer.java:2078)
        at org.eclipse.jetty.util.BlockingArrayQueue.poll(BlockingArrayQueue.java:382)
        at org.eclipse.jetty.util.thread.QueuedThreadPool$Runner.idleJobPoll(QueuedThreadPool.java:974)
        at org.eclipse.jetty.util.thread.QueuedThreadPool$Runner.run(QueuedThreadPool.java:1018)
        at java.lang.Thread.run(Thread.java:750)
"d878db48-ef46-44bf-ac98-cb2daa3cfd80-server-thread2" daemon prio=5 tid=890 timed_waiting
java.lang.Thread.State: TIMED_WAITING
        at sun.misc.Unsafe.park(Native Method)
        at java.util.concurrent.locks.LockSupport.parkNanos(LockSupport.java:215)
        at java.util.concurrent.SynchronousQueue$TransferStack.awaitFulfill(SynchronousQueue.java:460)
        at java.util.concurrent.SynchronousQueue$TransferStack.transfer(SynchronousQueue.java:362)
        at java.util.concurrent.SynchronousQueue.poll(SynchronousQueue.java:941)
        at java.util.concurrent.ThreadPoolExecutor.getTask(ThreadPoolExecutor.java:1073)
        at java.util.concurrent.ThreadPoolExecutor.runWorker(ThreadPoolExecutor.java:1134)
        at java.util.concurrent.ThreadPoolExecutor$Worker.run(ThreadPoolExecutor.java:624)
        at java.lang.Thread.run(Thread.java:750)
"FixedThreadPoolWithAffinityExecutor-1-0" daemon prio=5 tid=36 timed_waiting
java.lang.Thread.State: TIMED_WAITING
        at sun.misc.Unsafe.park(Native Method)
        at java.util.concurrent.locks.LockSupport.parkNanos(LockSupport.java:215)
        at java.util.concurrent.locks.AbstractQueuedSynchronizer$ConditionObject.awaitNanos(AbstractQueuedSynchronizer.java:2078)
        at java.util.concurrent.LinkedBlockingQueue.poll(LinkedBlockingQueue.java:467)
        at org.apache.hadoop.hdds.scm.server.ContainerReportQueue.poll(ContainerReportQueue.java:266)
        at org.apache.hadoop.hdds.scm.server.ContainerReportQueue.poll(ContainerReportQueue.java:42)
        at org.apache.hadoop.hdds.server.events.FixedThreadPoolWithAffinityExecutor$ContainerReportProcessTask.run(FixedThreadPoolWithAffinityExecutor.java:218)
        at java.util.concurrent.Executors$RunnableAdapter.call(Executors.java:511)
        at java.util.concurrent.FutureTask.run(FutureTask.java:266)
        at java.util.concurrent.ThreadPoolExecutor.runWorker(ThreadPoolExecutor.java:1149)
        at java.util.concurrent.ThreadPoolExecutor$Worker.run(ThreadPoolExecutor.java:624)
        at java.lang.Thread.run(Thread.java:750)
"qtp797802443-151" daemon prio=5 tid=151 timed_waiting
java.lang.Thread.State: TIMED_WAITING
        at sun.misc.Unsafe.park(Native Method)
        at java.util.concurrent.locks.LockSupport.parkNanos(LockSupport.java:215)
        at java.util.concurrent.locks.AbstractQueuedSynchronizer$ConditionObject.awaitNanos(AbstractQueuedSynchronizer.java:2078)
        at org.eclipse.jetty.util.BlockingArrayQueue.poll(BlockingArrayQueue.java:382)
        at org.eclipse.jetty.util.thread.QueuedThreadPool$Runner.idleJobPoll(QueuedThreadPool.java:974)
        at org.eclipse.jetty.util.thread.QueuedThreadPool$Runner.run(QueuedThreadPool.java:1018)
        at java.lang.Thread.run(Thread.java:750)
"ChunkReader-0" daemon prio=5 tid=778 in Object.wait()
java.lang.Thread.State: WAITING (on object monitor)
        at sun.misc.Unsafe.park(Native Method)
        at java.util.concurrent.locks.LockSupport.park(LockSupport.java:175)
        at java.util.concurrent.locks.AbstractQueuedSynchronizer$ConditionObject.await(AbstractQueuedSynchronizer.java:2039)
        at java.util.concurrent.LinkedBlockingQueue.take(LinkedBlockingQueue.java:442)
        at java.util.concurrent.ThreadPoolExecutor.getTask(ThreadPoolExecutor.java:1074)
        at java.util.concurrent.ThreadPoolExecutor.runWorker(ThreadPoolExecutor.java:1134)
        at java.util.concurrent.ThreadPoolExecutor$Worker.run(ThreadPoolExecutor.java:624)
        at java.lang.Thread.run(Thread.java:750)
"Datanode State Machine Task Thread - 0"  prio=5 tid=448 in Object.wait()
java.lang.Thread.State: WAITING (on object monitor)
        at sun.misc.Unsafe.park(Native Method)
        at java.util.concurrent.locks.LockSupport.park(LockSupport.java:175)
        at java.util.concurrent.locks.AbstractQueuedSynchronizer$ConditionObject.await(AbstractQueuedSynchronizer.java:2039)
        at java.util.concurrent.LinkedBlockingQueue.take(LinkedBlockingQueue.java:442)
        at java.util.concurrent.ThreadPoolExecutor.getTask(ThreadPoolExecutor.java:1074)
        at java.util.concurrent.ThreadPoolExecutor.runWorker(ThreadPoolExecutor.java:1134)
        at java.util.concurrent.ThreadPoolExecutor$Worker.run(ThreadPoolExecutor.java:624)
        at java.lang.Thread.run(Thread.java:750)
"qtp1798219135-215" daemon prio=5 tid=215 timed_waiting
java.lang.Thread.State: TIMED_WAITING
        at sun.misc.Unsafe.park(Native Method)
        at java.util.concurrent.locks.LockSupport.parkNanos(LockSupport.java:215)
        at java.util.concurrent.locks.AbstractQueuedSynchronizer$ConditionObject.awaitNanos(AbstractQueuedSynchronizer.java:2078)
        at org.eclipse.jetty.util.BlockingArrayQueue.poll(BlockingArrayQueue.java:382)
        at org.eclipse.jetty.util.thread.QueuedThreadPool$Runner.idleJobPoll(QueuedThreadPool.java:974)
        at org.eclipse.jetty.util.thread.QueuedThreadPool$Runner.run(QueuedThreadPool.java:1018)
        at java.lang.Thread.run(Thread.java:750)
"qtp602120831-114" daemon prio=5 tid=114 timed_waiting
java.lang.Thread.State: TIMED_WAITING
        at sun.misc.Unsafe.park(Native Method)
        at java.util.concurrent.locks.LockSupport.parkNanos(LockSupport.java:215)
        at java.util.concurrent.locks.AbstractQueuedSynchronizer$ConditionObject.awaitNanos(AbstractQueuedSynchronizer.java:2078)
        at org.eclipse.jetty.util.BlockingArrayQueue.poll(BlockingArrayQueue.java:382)
        at org.eclipse.jetty.util.thread.QueuedThreadPool$Runner.idleJobPoll(QueuedThreadPool.java:974)
        at org.eclipse.jetty.util.thread.QueuedThreadPool$Runner.run(QueuedThreadPool.java:1018)
        at java.lang.Thread.run(Thread.java:750)
"Datanode State Machine Task Thread - 1"  prio=5 tid=530 in Object.wait()
java.lang.Thread.State: WAITING (on object monitor)
        at sun.misc.Unsafe.park(Native Method)
        at java.util.concurrent.locks.LockSupport.park(LockSupport.java:175)
        at java.util.concurrent.locks.AbstractQueuedSynchronizer$ConditionObject.await(AbstractQueuedSynchronizer.java:2039)
        at java.util.concurrent.LinkedBlockingQueue.take(LinkedBlockingQueue.java:442)
        at java.util.concurrent.ThreadPoolExecutor.getTask(ThreadPoolExecutor.java:1074)
        at java.util.concurrent.ThreadPoolExecutor.runWorker(ThreadPoolExecutor.java:1134)
        at java.util.concurrent.ThreadPoolExecutor$Worker.run(ThreadPoolExecutor.java:624)
        at java.lang.Thread.run(Thread.java:750)
"ChunkWriter-1-0" daemon prio=5 tid=557 in Object.wait()
java.lang.Thread.State: WAITING (on object monitor)
        at sun.misc.Unsafe.park(Native Method)
        at java.util.concurrent.locks.LockSupport.park(LockSupport.java:175)
        at java.util.concurrent.locks.AbstractQueuedSynchronizer$ConditionObject.await(AbstractQueuedSynchronizer.java:2039)
        at java.util.concurrent.LinkedBlockingDeque.takeFirst(LinkedBlockingDeque.java:492)
        at java.util.concurrent.LinkedBlockingDeque.take(LinkedBlockingDeque.java:680)
        at java.util.concurrent.ThreadPoolExecutor.getTask(ThreadPoolExecutor.java:1074)
        at java.util.concurrent.ThreadPoolExecutor.runWorker(ThreadPoolExecutor.java:1134)
        at java.util.concurrent.ThreadPoolExecutor$Worker.run(ThreadPoolExecutor.java:624)
        at java.lang.Thread.run(Thread.java:750)
"StaleRecoveringContainerScrubbingService#2" daemon prio=5 tid=900 in Object.wait()
java.lang.Thread.State: WAITING (on object monitor)
        at sun.misc.Unsafe.park(Native Method)
        at java.util.concurrent.locks.LockSupport.park(LockSupport.java:175)
        at java.util.concurrent.locks.AbstractQueuedSynchronizer$ConditionObject.await(AbstractQueuedSynchronizer.java:2039)
        at java.util.concurrent.ScheduledThreadPoolExecutor$DelayedWorkQueue.take(ScheduledThreadPoolExecutor.java:1088)
        at java.util.concurrent.ScheduledThreadPoolExecutor$DelayedWorkQueue.take(ScheduledThreadPoolExecutor.java:809)
        at java.util.concurrent.ThreadPoolExecutor.getTask(ThreadPoolExecutor.java:1074)
        at java.util.concurrent.ThreadPoolExecutor.runWorker(ThreadPoolExecutor.java:1134)
        at java.util.concurrent.ThreadPoolExecutor$Worker.run(ThreadPoolExecutor.java:624)
        at java.lang.Thread.run(Thread.java:750)
"qtp602120831-112" daemon prio=5 tid=112 timed_waiting
java.lang.Thread.State: TIMED_WAITING
        at sun.misc.Unsafe.park(Native Method)
        at java.util.concurrent.locks.LockSupport.parkNanos(LockSupport.java:215)
        at java.util.concurrent.locks.AbstractQueuedSynchronizer$ConditionObject.awaitNanos(AbstractQueuedSynchronizer.java:2078)
        at org.eclipse.jetty.util.BlockingArrayQueue.poll(BlockingArrayQueue.java:382)
        at org.eclipse.jetty.util.thread.QueuedThreadPool$Runner.idleJobPoll(QueuedThreadPool.java:974)
        at org.eclipse.jetty.util.thread.QueuedThreadPool$Runner.run(QueuedThreadPool.java:1018)
        at java.lang.Thread.run(Thread.java:750)
"org.apache.hadoop.util.JvmPauseMonitor$Monitor@45964b9e" daemon prio=5 tid=108 timed_waiting
java.lang.Thread.State: TIMED_WAITING
        at java.lang.Thread.sleep(Native Method)
        at org.apache.hadoop.util.JvmPauseMonitor$Monitor.run(JvmPauseMonitor.java:192)
        at java.lang.Thread.run(Thread.java:750)
"b2efe8a5-99bb-41e7-9296-f49000549216-server-thread2" daemon prio=5 tid=710 timed_waiting
java.lang.Thread.State: TIMED_WAITING
        at sun.misc.Unsafe.park(Native Method)
        at java.util.concurrent.locks.LockSupport.parkNanos(LockSupport.java:215)
        at java.util.concurrent.SynchronousQueue$TransferStack.awaitFulfill(SynchronousQueue.java:460)
        at java.util.concurrent.SynchronousQueue$TransferStack.transfer(SynchronousQueue.java:362)
        at java.util.concurrent.SynchronousQueue.poll(SynchronousQueue.java:941)
        at java.util.concurrent.ThreadPoolExecutor.getTask(ThreadPoolExecutor.java:1073)
        at java.util.concurrent.ThreadPoolExecutor.runWorker(ThreadPoolExecutor.java:1134)
        at java.util.concurrent.ThreadPoolExecutor$Worker.run(ThreadPoolExecutor.java:624)
        at java.lang.Thread.run(Thread.java:750)
"Datanode ReportManager Thread - 3" daemon prio=5 tid=329 timed_waiting
java.lang.Thread.State: TIMED_WAITING
        at sun.misc.Unsafe.park(Native Method)
        at java.util.concurrent.locks.LockSupport.parkNanos(LockSupport.java:215)
        at java.util.concurrent.locks.AbstractQueuedSynchronizer$ConditionObject.awaitNanos(AbstractQueuedSynchronizer.java:2078)
        at java.util.concurrent.ScheduledThreadPoolExecutor$DelayedWorkQueue.take(ScheduledThreadPoolExecutor.java:1093)
        at java.util.concurrent.ScheduledThreadPoolExecutor$DelayedWorkQueue.take(ScheduledThreadPoolExecutor.java:809)
        at java.util.concurrent.ThreadPoolExecutor.getTask(ThreadPoolExecutor.java:1074)
        at java.util.concurrent.ThreadPoolExecutor.runWorker(ThreadPoolExecutor.java:1134)
        at java.util.concurrent.ThreadPoolExecutor$Worker.run(ThreadPoolExecutor.java:624)
        at java.lang.Thread.run(Thread.java:750)
"qtp326207642-184" daemon prio=5 tid=184 runnable
java.lang.Thread.State: RUNNABLE
        at sun.nio.ch.EPollArrayWrapper.epollWait(Native Method)
        at sun.nio.ch.EPollArrayWrapper.poll(EPollArrayWrapper.java:269)
        at sun.nio.ch.EPollSelectorImpl.doSelect(EPollSelectorImpl.java:93)
        at sun.nio.ch.SelectorImpl.lockAndDoSelect(SelectorImpl.java:86)
        at sun.nio.ch.SelectorImpl.select(SelectorImpl.java:97)
        at sun.nio.ch.SelectorImpl.select(SelectorImpl.java:101)
        at org.eclipse.jetty.io.ManagedSelector.nioSelect(ManagedSelector.java:183)
        at org.eclipse.jetty.io.ManagedSelector.select(ManagedSelector.java:190)
        at org.eclipse.jetty.io.ManagedSelector$SelectorProducer.select(ManagedSelector.java:606)
        at org.eclipse.jetty.io.ManagedSelector$SelectorProducer.produce(ManagedSelector.java:543)
        at org.eclipse.jetty.util.thread.strategy.EatWhatYouKill.produceTask(EatWhatYouKill.java:362)
        at org.eclipse.jetty.util.thread.strategy.EatWhatYouKill.doProduce(EatWhatYouKill.java:186)
        at org.eclipse.jetty.util.thread.strategy.EatWhatYouKill.tryProduce(EatWhatYouKill.java:173)
        at org.eclipse.jetty.util.thread.strategy.EatWhatYouKill.produce(EatWhatYouKill.java:137)
        at org.eclipse.jetty.io.ManagedSelector$$Lambda$446/827549167.run(Unknown Source)
        at org.eclipse.jetty.util.thread.QueuedThreadPool.runJob(QueuedThreadPool.java:883)
        at org.eclipse.jetty.util.thread.QueuedThreadPool$Runner.run(QueuedThreadPool.java:1034)
        at java.lang.Thread.run(Thread.java:750)
"qtp797802443-147" daemon prio=5 tid=147 timed_waiting
java.lang.Thread.State: TIMED_WAITING
        at sun.misc.Unsafe.park(Native Method)
        at java.util.concurrent.locks.LockSupport.parkNanos(LockSupport.java:215)
        at java.util.concurrent.locks.AbstractQueuedSynchronizer$ConditionObject.awaitNanos(AbstractQueuedSynchronizer.java:2078)
        at org.eclipse.jetty.util.BlockingArrayQueue.poll(BlockingArrayQueue.java:382)
        at org.eclipse.jetty.util.thread.QueuedThreadPool$Runner.idleJobPoll(QueuedThreadPool.java:974)
        at org.eclipse.jetty.util.thread.QueuedThreadPool$Runner.run(QueuedThreadPool.java:1018)
        at java.lang.Thread.run(Thread.java:750)
"556da25a-9bc8-419d-83a0-dc1d92c1e895@group-16B0CCAD8931-SegmentedRaftLogWorker"  prio=5 tid=582 timed_waiting
java.lang.Thread.State: TIMED_WAITING
        at sun.misc.Unsafe.park(Native Method)
        at java.util.concurrent.locks.LockSupport.parkNanos(LockSupport.java:215)
        at java.util.concurrent.locks.AbstractQueuedSynchronizer$ConditionObject.awaitNanos(AbstractQueuedSynchronizer.java:2078)
        at org.apache.ratis.util.DataBlockingQueue.poll(DataBlockingQueue.java:148)
        at org.apache.ratis.server.raftlog.segmented.SegmentedRaftLogWorker.run(SegmentedRaftLogWorker.java:310)
        at org.apache.ratis.server.raftlog.segmented.SegmentedRaftLogWorker$$Lambda$665/2146560083.run(Unknown Source)
        at java.lang.Thread.run(Thread.java:750)
"qtp2076445832-382" daemon prio=5 tid=382 runnable
java.lang.Thread.State: RUNNABLE
        at sun.nio.ch.EPollArrayWrapper.epollWait(Native Method)
        at sun.nio.ch.EPollArrayWrapper.poll(EPollArrayWrapper.java:269)
        at sun.nio.ch.EPollSelectorImpl.doSelect(EPollSelectorImpl.java:93)
        at sun.nio.ch.SelectorImpl.lockAndDoSelect(SelectorImpl.java:86)
        at sun.nio.ch.SelectorImpl.select(SelectorImpl.java:97)
        at sun.nio.ch.SelectorImpl.select(SelectorImpl.java:101)
        at org.eclipse.jetty.io.ManagedSelector.nioSelect(ManagedSelector.java:183)
        at org.eclipse.jetty.io.ManagedSelector.select(ManagedSelector.java:190)
        at org.eclipse.jetty.io.ManagedSelector$SelectorProducer.select(ManagedSelector.java:606)
        at org.eclipse.jetty.io.ManagedSelector$SelectorProducer.produce(ManagedSelector.java:543)
        at org.eclipse.jetty.util.thread.strategy.EatWhatYouKill.produceTask(EatWhatYouKill.java:362)
        at org.eclipse.jetty.util.thread.strategy.EatWhatYouKill.doProduce(EatWhatYouKill.java:186)
        at org.eclipse.jetty.util.thread.strategy.EatWhatYouKill.tryProduce(EatWhatYouKill.java:173)
        at org.eclipse.jetty.util.thread.strategy.EatWhatYouKill.produce(EatWhatYouKill.java:137)
        at org.eclipse.jetty.io.ManagedSelector$$Lambda$446/827549167.run(Unknown Source)
        at org.eclipse.jetty.util.thread.QueuedThreadPool.runJob(QueuedThreadPool.java:883)
        at org.eclipse.jetty.util.thread.QueuedThreadPool$Runner.run(QueuedThreadPool.java:1034)
        at java.lang.Thread.run(Thread.java:750)
"FixedThreadPoolWithAffinityExecutor-5-0" daemon prio=5 tid=40 timed_waiting
java.lang.Thread.State: TIMED_WAITING
        at sun.misc.Unsafe.park(Native Method)
        at java.util.concurrent.locks.LockSupport.parkNanos(LockSupport.java:215)
        at java.util.concurrent.locks.AbstractQueuedSynchronizer$ConditionObject.awaitNanos(AbstractQueuedSynchronizer.java:2078)
        at java.util.concurrent.LinkedBlockingQueue.poll(LinkedBlockingQueue.java:467)
        at org.apache.hadoop.hdds.scm.server.ContainerReportQueue.poll(ContainerReportQueue.java:266)
        at org.apache.hadoop.hdds.scm.server.ContainerReportQueue.poll(ContainerReportQueue.java:42)
        at org.apache.hadoop.hdds.server.events.FixedThreadPoolWithAffinityExecutor$ContainerReportProcessTask.run(FixedThreadPoolWithAffinityExecutor.java:218)
        at java.util.concurrent.Executors$RunnableAdapter.call(Executors.java:511)
        at java.util.concurrent.FutureTask.run(FutureTask.java:266)
        at java.util.concurrent.ThreadPoolExecutor.runWorker(ThreadPoolExecutor.java:1149)
        at java.util.concurrent.ThreadPoolExecutor$Worker.run(ThreadPoolExecutor.java:624)
        at java.lang.Thread.run(Thread.java:750)
"IPC Server handler 2 on default port 45563" daemon prio=5 tid=156 timed_waiting
java.lang.Thread.State: TIMED_WAITING
        at sun.misc.Unsafe.park(Native Method)
        at java.util.concurrent.locks.LockSupport.parkNanos(LockSupport.java:215)
        at java.util.concurrent.locks.AbstractQueuedSynchronizer$ConditionObject.awaitNanos(AbstractQueuedSynchronizer.java:2078)
        at java.util.concurrent.LinkedBlockingQueue.poll(LinkedBlockingQueue.java:467)
        at org.apache.hadoop.ipc.CallQueueManager.take(CallQueueManager.java:317)
        at org.apache.hadoop.ipc.Server$Handler.run(Server.java:2942)
"Datanode State Machine Daemon Thread" daemon prio=5 tid=402 timed_waiting
java.lang.Thread.State: TIMED_WAITING
        at java.lang.Thread.sleep(Native Method)
        at org.apache.hadoop.ozone.container.common.statemachine.DatanodeStateMachine.startStateMachineThread(DatanodeStateMachine.java:321)
        at org.apache.hadoop.ozone.container.common.statemachine.DatanodeStateMachine.lambda$startDaemon$0(DatanodeStateMachine.java:506)
        at org.apache.hadoop.ozone.container.common.statemachine.DatanodeStateMachine$$Lambda$751/596905128.run(Unknown Source)
        at java.lang.Thread.run(Thread.java:750)
"PartialTableCache Cleanup Thread - 0" daemon prio=5 tid=895 in Object.wait()
java.lang.Thread.State: WAITING (on object monitor)
        at sun.misc.Unsafe.park(Native Method)
        at java.util.concurrent.locks.LockSupport.park(LockSupport.java:175)
        at java.util.concurrent.locks.AbstractQueuedSynchronizer$ConditionObject.await(AbstractQueuedSynchronizer.java:2039)
        at java.util.concurrent.LinkedBlockingQueue.take(LinkedBlockingQueue.java:442)
        at java.util.concurrent.ThreadPoolExecutor.getTask(ThreadPoolExecutor.java:1074)
        at java.util.concurrent.ThreadPoolExecutor.runWorker(ThreadPoolExecutor.java:1134)
        at java.util.concurrent.ThreadPoolExecutor$Worker.run(ThreadPoolExecutor.java:624)
        at java.lang.Thread.run(Thread.java:750)
"ChunkReader-0" daemon prio=5 tid=774 in Object.wait()
java.lang.Thread.State: WAITING (on object monitor)
        at sun.misc.Unsafe.park(Native Method)
        at java.util.concurrent.locks.LockSupport.park(LockSupport.java:175)
        at java.util.concurrent.locks.AbstractQueuedSynchronizer$ConditionObject.await(AbstractQueuedSynchronizer.java:2039)
        at java.util.concurrent.LinkedBlockingQueue.take(LinkedBlockingQueue.java:442)
        at java.util.concurrent.ThreadPoolExecutor.getTask(ThreadPoolExecutor.java:1074)
        at java.util.concurrent.ThreadPoolExecutor.runWorker(ThreadPoolExecutor.java:1134)
        at java.util.concurrent.ThreadPoolExecutor$Worker.run(ThreadPoolExecutor.java:624)
        at java.lang.Thread.run(Thread.java:750)
"pool-291-thread-1"  prio=5 tid=680 in Object.wait()
java.lang.Thread.State: WAITING (on object monitor)
        at sun.misc.Unsafe.park(Native Method)
        at java.util.concurrent.locks.LockSupport.park(LockSupport.java:175)
        at java.util.concurrent.locks.AbstractQueuedSynchronizer$ConditionObject.await(AbstractQueuedSynchronizer.java:2039)
        at java.util.concurrent.LinkedBlockingQueue.take(LinkedBlockingQueue.java:442)
        at java.util.concurrent.ThreadPoolExecutor.getTask(ThreadPoolExecutor.java:1074)
        at java.util.concurrent.ThreadPoolExecutor.runWorker(ThreadPoolExecutor.java:1134)
        at java.util.concurrent.ThreadPoolExecutor$Worker.run(ThreadPoolExecutor.java:624)
        at java.lang.Thread.run(Thread.java:750)
"qtp2076445832-386" daemon prio=5 tid=386 timed_waiting
java.lang.Thread.State: TIMED_WAITING
        at sun.misc.Unsafe.park(Native Method)
        at java.util.concurrent.locks.LockSupport.parkNanos(LockSupport.java:215)
        at java.util.concurrent.locks.AbstractQueuedSynchronizer$ConditionObject.awaitNanos(AbstractQueuedSynchronizer.java:2078)
        at org.eclipse.jetty.util.BlockingArrayQueue.poll(BlockingArrayQueue.java:382)
        at org.eclipse.jetty.util.thread.QueuedThreadPool$Runner.idleJobPoll(QueuedThreadPool.java:974)
        at org.eclipse.jetty.util.thread.QueuedThreadPool$Runner.run(QueuedThreadPool.java:1018)
        at java.lang.Thread.run(Thread.java:750)
"qtp2076445832-381" daemon prio=5 tid=381 timed_waiting
java.lang.Thread.State: TIMED_WAITING
        at sun.misc.Unsafe.park(Native Method)
        at java.util.concurrent.locks.LockSupport.parkNanos(LockSupport.java:215)
        at java.util.concurrent.locks.AbstractQueuedSynchronizer$ConditionObject.awaitNanos(AbstractQueuedSynchronizer.java:2078)
        at org.eclipse.jetty.util.BlockingArrayQueue.poll(BlockingArrayQueue.java:382)
        at org.eclipse.jetty.util.thread.QueuedThreadPool$Runner.idleJobPoll(QueuedThreadPool.java:974)
        at org.eclipse.jetty.util.thread.QueuedThreadPool$Runner.run(QueuedThreadPool.java:1018)
        at java.lang.Thread.run(Thread.java:750)
"om1@group-C5BA1605619E-SegmentedRaftLogWorker"  prio=5 tid=135 timed_waiting
java.lang.Thread.State: TIMED_WAITING
        at sun.misc.Unsafe.park(Native Method)
        at java.util.concurrent.locks.LockSupport.parkNanos(LockSupport.java:215)
        at java.util.concurrent.locks.AbstractQueuedSynchronizer$ConditionObject.awaitNanos(AbstractQueuedSynchronizer.java:2078)
        at org.apache.ratis.util.DataBlockingQueue.poll(DataBlockingQueue.java:148)
        at org.apache.ratis.server.raftlog.segmented.SegmentedRaftLogWorker.run(SegmentedRaftLogWorker.java:310)
        at org.apache.ratis.server.raftlog.segmented.SegmentedRaftLogWorker$$Lambda$665/2146560083.run(Unknown Source)
        at java.lang.Thread.run(Thread.java:750)
"IPC Server handler 7 on default port 35727" daemon prio=5 tid=94 timed_waiting
java.lang.Thread.State: TIMED_WAITING
        at sun.misc.Unsafe.park(Native Method)
        at java.util.concurrent.locks.LockSupport.parkNanos(LockSupport.java:215)
        at java.util.concurrent.locks.AbstractQueuedSynchronizer$ConditionObject.awaitNanos(AbstractQueuedSynchronizer.java:2078)
        at java.util.concurrent.LinkedBlockingQueue.poll(LinkedBlockingQueue.java:467)
        at org.apache.hadoop.ipc.CallQueueManager.take(CallQueueManager.java:317)
        at org.apache.hadoop.ipc.Server$Handler.run(Server.java:2942)
"b6bbe4ab-2937-401d-96b4-8acfa82ea187@group-EFE686CBFEBE-SegmentedRaftLogWorker"  prio=5 tid=659 timed_waiting
java.lang.Thread.State: TIMED_WAITING
        at sun.misc.Unsafe.park(Native Method)
        at java.util.concurrent.locks.LockSupport.parkNanos(LockSupport.java:215)
        at java.util.concurrent.locks.AbstractQueuedSynchronizer$ConditionObject.awaitNanos(AbstractQueuedSynchronizer.java:2078)
        at org.apache.ratis.util.DataBlockingQueue.poll(DataBlockingQueue.java:148)
        at org.apache.ratis.server.raftlog.segmented.SegmentedRaftLogWorker.run(SegmentedRaftLogWorker.java:310)
        at org.apache.ratis.server.raftlog.segmented.SegmentedRaftLogWorker$$Lambda$665/2146560083.run(Unknown Source)
        at java.lang.Thread.run(Thread.java:750)
"IPC Server handler 3 on default port 40715" daemon prio=5 tid=70 timed_waiting
java.lang.Thread.State: TIMED_WAITING
        at sun.misc.Unsafe.park(Native Method)
        at java.util.concurrent.locks.LockSupport.parkNanos(LockSupport.java:215)
        at java.util.concurrent.locks.AbstractQueuedSynchronizer$ConditionObject.awaitNanos(AbstractQueuedSynchronizer.java:2078)
        at java.util.concurrent.LinkedBlockingQueue.poll(LinkedBlockingQueue.java:467)
        at org.apache.hadoop.ipc.CallQueueManager.take(CallQueueManager.java:317)
        at org.apache.hadoop.ipc.Server$Handler.run(Server.java:2942)
"Datanode ReportManager Thread - 4" daemon prio=5 tid=252 in Object.wait()
java.lang.Thread.State: WAITING (on object monitor)
        at sun.misc.Unsafe.park(Native Method)
        at java.util.concurrent.locks.LockSupport.park(LockSupport.java:175)
        at java.util.concurrent.locks.AbstractQueuedSynchronizer$ConditionObject.await(AbstractQueuedSynchronizer.java:2039)
        at java.util.concurrent.ScheduledThreadPoolExecutor$DelayedWorkQueue.take(ScheduledThreadPoolExecutor.java:1088)
        at java.util.concurrent.ScheduledThreadPoolExecutor$DelayedWorkQueue.take(ScheduledThreadPoolExecutor.java:809)
        at java.util.concurrent.ThreadPoolExecutor.getTask(ThreadPoolExecutor.java:1074)
        at java.util.concurrent.ThreadPoolExecutor.runWorker(ThreadPoolExecutor.java:1134)
        at java.util.concurrent.ThreadPoolExecutor$Worker.run(ThreadPoolExecutor.java:624)
        at java.lang.Thread.run(Thread.java:750)
"JvmPauseMonitor1" daemon prio=5 tid=358 timed_waiting
java.lang.Thread.State: TIMED_WAITING
        at java.lang.Thread.sleep(Native Method)
        at java.lang.Thread.sleep(Thread.java:342)
        at java.util.concurrent.TimeUnit.sleep(TimeUnit.java:386)
        at org.apache.ratis.util.TimeDuration.sleep(TimeDuration.java:325)
        at org.apache.ratis.util.TimeDuration.sleep(TimeDuration.java:310)
        at org.apache.ratis.util.JvmPauseMonitor.detectPause(JvmPauseMonitor.java:119)
        at org.apache.ratis.util.JvmPauseMonitor.run(JvmPauseMonitor.java:108)
        at org.apache.ratis.util.JvmPauseMonitor$$Lambda$706/668240146.run(Unknown Source)
        at java.lang.Thread.run(Thread.java:750)
"IPC Server handler 9 on default port 45563" daemon prio=5 tid=163 timed_waiting
java.lang.Thread.State: TIMED_WAITING
        at sun.misc.Unsafe.park(Native Method)
        at java.util.concurrent.locks.LockSupport.parkNanos(LockSupport.java:215)
        at java.util.concurrent.locks.AbstractQueuedSynchronizer$ConditionObject.awaitNanos(AbstractQueuedSynchronizer.java:2078)
        at java.util.concurrent.LinkedBlockingQueue.poll(LinkedBlockingQueue.java:467)
        at org.apache.hadoop.ipc.CallQueueManager.take(CallQueueManager.java:317)
        at org.apache.hadoop.ipc.Server$Handler.run(Server.java:2942)
"IPC Server handler 11 on default port 42009" daemon prio=5 tid=58 timed_waiting
java.lang.Thread.State: TIMED_WAITING
        at sun.misc.Unsafe.park(Native Method)
        at java.util.concurrent.locks.LockSupport.parkNanos(LockSupport.java:215)
        at java.util.concurrent.locks.AbstractQueuedSynchronizer$ConditionObject.awaitNanos(AbstractQueuedSynchronizer.java:2078)
        at java.util.concurrent.LinkedBlockingQueue.poll(LinkedBlockingQueue.java:467)
        at org.apache.hadoop.ipc.CallQueueManager.take(CallQueueManager.java:317)
        at org.apache.hadoop.ipc.Server$Handler.run(Server.java:2942)
"pool-187-thread-1"  prio=5 tid=624 in Object.wait()
java.lang.Thread.State: WAITING (on object monitor)
        at sun.misc.Unsafe.park(Native Method)
        at java.util.concurrent.locks.LockSupport.park(LockSupport.java:175)
        at java.util.concurrent.locks.AbstractQueuedSynchronizer$ConditionObject.await(AbstractQueuedSynchronizer.java:2039)
        at java.util.concurrent.LinkedBlockingQueue.take(LinkedBlockingQueue.java:442)
        at java.util.concurrent.ThreadPoolExecutor.getTask(ThreadPoolExecutor.java:1074)
        at java.util.concurrent.ThreadPoolExecutor.runWorker(ThreadPoolExecutor.java:1134)
        at java.util.concurrent.ThreadPoolExecutor$Worker.run(ThreadPoolExecutor.java:624)
        at java.lang.Thread.run(Thread.java:750)
"IPC Server handler 0 on default port 35727" daemon prio=5 tid=87 timed_waiting
java.lang.Thread.State: TIMED_WAITING
        at sun.misc.Unsafe.park(Native Method)
        at java.util.concurrent.locks.LockSupport.parkNanos(LockSupport.java:215)
        at java.util.concurrent.locks.AbstractQueuedSynchronizer$ConditionObject.awaitNanos(AbstractQueuedSynchronizer.java:2078)
        at java.util.concurrent.LinkedBlockingQueue.poll(LinkedBlockingQueue.java:467)
        at org.apache.hadoop.ipc.CallQueueManager.take(CallQueueManager.java:317)
        at org.apache.hadoop.ipc.Server$Handler.run(Server.java:2942)
"Socket Reader #1 for port 0"  prio=5 tid=32 runnable
java.lang.Thread.State: RUNNABLE
        at sun.nio.ch.EPollArrayWrapper.epollWait(Native Method)
        at sun.nio.ch.EPollArrayWrapper.poll(EPollArrayWrapper.java:269)
        at sun.nio.ch.EPollSelectorImpl.doSelect(EPollSelectorImpl.java:93)
        at sun.nio.ch.SelectorImpl.lockAndDoSelect(SelectorImpl.java:86)
        at sun.nio.ch.SelectorImpl.select(SelectorImpl.java:97)
        at sun.nio.ch.SelectorImpl.select(SelectorImpl.java:101)
        at org.apache.hadoop.ipc.Server$Listener$Reader.doRunLoop(Server.java:1296)
        at org.apache.hadoop.ipc.Server$Listener$Reader.run(Server.java:1275)
"Datanode ReportManager Thread - 2" daemon prio=5 tid=302 in Object.wait()
java.lang.Thread.State: WAITING (on object monitor)
        at sun.misc.Unsafe.park(Native Method)
        at java.util.concurrent.locks.LockSupport.park(LockSupport.java:175)
        at java.util.concurrent.locks.AbstractQueuedSynchronizer$ConditionObject.await(AbstractQueuedSynchronizer.java:2039)
        at java.util.concurrent.ScheduledThreadPoolExecutor$DelayedWorkQueue.take(ScheduledThreadPoolExecutor.java:1088)
        at java.util.concurrent.ScheduledThreadPoolExecutor$DelayedWorkQueue.take(ScheduledThreadPoolExecutor.java:809)
        at java.util.concurrent.ThreadPoolExecutor.getTask(ThreadPoolExecutor.java:1074)
        at java.util.concurrent.ThreadPoolExecutor.runWorker(ThreadPoolExecutor.java:1134)
        at java.util.concurrent.ThreadPoolExecutor$Worker.run(ThreadPoolExecutor.java:624)
        at java.lang.Thread.run(Thread.java:750)
"8d7ec919-acd2-4b88-a99a-dd9f5739b33b@group-BEB6889659DA->556da25a-9bc8-419d-83a0-dc1d92c1e895-GrpcLogAppender-LogAppenderDaemon" daemon prio=5 tid=703 timed_waiting
java.lang.Thread.State: TIMED_WAITING
        at sun.misc.Unsafe.park(Native Method)
        at java.util.concurrent.locks.LockSupport.parkNanos(LockSupport.java:215)
        at java.util.concurrent.CompletableFuture$Signaller.block(CompletableFuture.java:1709)
        at java.util.concurrent.ForkJoinPool.managedBlock(ForkJoinPool.java:3323)
        at java.util.concurrent.CompletableFuture.timedGet(CompletableFuture.java:1788)
        at java.util.concurrent.CompletableFuture.get(CompletableFuture.java:1928)
        at org.apache.ratis.util.AwaitForSignal.await(AwaitForSignal.java:56)
        at org.apache.ratis.grpc.server.GrpcLogAppender.mayWait(GrpcLogAppender.java:198)
        at org.apache.ratis.grpc.server.GrpcLogAppender.run(GrpcLogAppender.java:148)
        at org.apache.ratis.server.leader.LogAppenderDaemon.run(LogAppenderDaemon.java:78)
        at org.apache.ratis.server.leader.LogAppenderDaemon$$Lambda$1038/329273412.run(Unknown Source)
        at java.lang.Thread.run(Thread.java:750)
"org.apache.hadoop.ozone.container.common.statemachine.commandhandler.DeleteBlocksCommandHandler$DeleteCmdWorker@2d349056" daemon prio=5 tid=455 timed_waiting
java.lang.Thread.State: TIMED_WAITING
        at java.lang.Thread.sleep(Native Method)
        at org.apache.hadoop.ozone.container.common.statemachine.commandhandler.DeleteBlocksCommandHandler$DeleteCmdWorker.run(DeleteBlocksCommandHandler.java:183)
        at java.lang.Thread.run(Thread.java:750)
"Datanode ReportManager Thread - 4" daemon prio=5 tid=365 timed_waiting
java.lang.Thread.State: TIMED_WAITING
        at sun.misc.Unsafe.park(Native Method)
        at java.util.concurrent.locks.LockSupport.parkNanos(LockSupport.java:215)
        at java.util.concurrent.locks.AbstractQueuedSynchronizer$ConditionObject.awaitNanos(AbstractQueuedSynchronizer.java:2078)
        at java.util.concurrent.ScheduledThreadPoolExecutor$DelayedWorkQueue.take(ScheduledThreadPoolExecutor.java:1093)
        at java.util.concurrent.ScheduledThreadPoolExecutor$DelayedWorkQueue.take(ScheduledThreadPoolExecutor.java:809)
        at java.util.concurrent.ThreadPoolExecutor.getTask(ThreadPoolExecutor.java:1074)
        at java.util.concurrent.ThreadPoolExecutor.runWorker(ThreadPoolExecutor.java:1134)
        at java.util.concurrent.ThreadPoolExecutor$Worker.run(ThreadPoolExecutor.java:624)
        at java.lang.Thread.run(Thread.java:750)
"FixedThreadPoolWithAffinityExecutor-4-0" daemon prio=5 tid=39 timed_waiting
java.lang.Thread.State: TIMED_WAITING
        at sun.misc.Unsafe.park(Native Method)
        at java.util.concurrent.locks.LockSupport.parkNanos(LockSupport.java:215)
        at java.util.concurrent.locks.AbstractQueuedSynchronizer$ConditionObject.awaitNanos(AbstractQueuedSynchronizer.java:2078)
        at java.util.concurrent.LinkedBlockingQueue.poll(LinkedBlockingQueue.java:467)
        at org.apache.hadoop.hdds.scm.server.ContainerReportQueue.poll(ContainerReportQueue.java:266)
        at org.apache.hadoop.hdds.scm.server.ContainerReportQueue.poll(ContainerReportQueue.java:42)
        at org.apache.hadoop.hdds.server.events.FixedThreadPoolWithAffinityExecutor$ContainerReportProcessTask.run(FixedThreadPoolWithAffinityExecutor.java:218)
        at java.util.concurrent.Executors$RunnableAdapter.call(Executors.java:511)
        at java.util.concurrent.FutureTask.run(FutureTask.java:266)
        at java.util.concurrent.ThreadPoolExecutor.runWorker(ThreadPoolExecutor.java:1149)
        at java.util.concurrent.ThreadPoolExecutor$Worker.run(ThreadPoolExecutor.java:624)
        at java.lang.Thread.run(Thread.java:750)
"EndpointStateMachine task thread for /0.0.0.0:35727 - 0 "  prio=5 tid=500 in Object.wait()
java.lang.Thread.State: WAITING (on object monitor)
        at java.lang.Object.wait(Native Method)
        at java.lang.Object.wait(Object.java:502)
        at org.apache.hadoop.util.concurrent.AsyncGet$Util.wait(AsyncGet.java:59)
        at org.apache.hadoop.ipc.Client.getRpcResponse(Client.java:1600)
        at org.apache.hadoop.ipc.Client.call(Client.java:1558)
        at org.apache.hadoop.ipc.Client.call(Client.java:1455)
        at org.apache.hadoop.ipc.ProtobufRpcEngine$Invoker.invoke(ProtobufRpcEngine.java:235)
        at org.apache.hadoop.ipc.ProtobufRpcEngine$Invoker.invoke(ProtobufRpcEngine.java:122)
        at com.sun.proxy.$Proxy50.submitRequest(Unknown Source)
        at org.apache.hadoop.ozone.protocolPB.StorageContainerDatanodeProtocolClientSideTranslatorPB.submitRequest(StorageContainerDatanodeProtocolClientSideTranslatorPB.java:117)
        at org.apache.hadoop.ozone.protocolPB.StorageContainerDatanodeProtocolClientSideTranslatorPB.sendHeartbeat(StorageContainerDatanodeProtocolClientSideTranslatorPB.java:149)
        at org.apache.hadoop.ozone.container.common.states.endpoint.HeartbeatEndpointTask.call(HeartbeatEndpointTask.java:185)
        at org.apache.hadoop.ozone.container.common.states.endpoint.HeartbeatEndpointTask.call(HeartbeatEndpointTask.java:87)
        at java.util.concurrent.FutureTask.run(FutureTask.java:266)
        at java.util.concurrent.ThreadPoolExecutor.runWorker(ThreadPoolExecutor.java:1149)
        at java.util.concurrent.ThreadPoolExecutor$Worker.run(ThreadPoolExecutor.java:624)
        at java.lang.Thread.run(Thread.java:750)
"IPC Server handler 16 on default port 42009" daemon prio=5 tid=63 timed_waiting
java.lang.Thread.State: TIMED_WAITING
        at sun.misc.Unsafe.park(Native Method)
        at java.util.concurrent.locks.LockSupport.parkNanos(LockSupport.java:215)
        at java.util.concurrent.locks.AbstractQueuedSynchronizer$ConditionObject.awaitNanos(AbstractQueuedSynchronizer.java:2078)
        at java.util.concurrent.LinkedBlockingQueue.poll(LinkedBlockingQueue.java:467)
        at org.apache.hadoop.ipc.CallQueueManager.take(CallQueueManager.java:317)
        at org.apache.hadoop.ipc.Server$Handler.run(Server.java:2942)
"IPC Server handler 0 on default port 40715" daemon prio=5 tid=67 timed_waiting
java.lang.Thread.State: TIMED_WAITING
        at sun.misc.Unsafe.park(Native Method)
        at java.util.concurrent.locks.LockSupport.parkNanos(LockSupport.java:215)
        at java.util.concurrent.locks.AbstractQueuedSynchronizer$ConditionObject.awaitNanos(AbstractQueuedSynchronizer.java:2078)
        at java.util.concurrent.LinkedBlockingQueue.poll(LinkedBlockingQueue.java:467)
        at org.apache.hadoop.ipc.CallQueueManager.take(CallQueueManager.java:317)
        at org.apache.hadoop.ipc.Server$Handler.run(Server.java:2942)
"IPC Server handler 7 on default port 45563" daemon prio=5 tid=161 timed_waiting
java.lang.Thread.State: TIMED_WAITING
        at sun.misc.Unsafe.park(Native Method)
        at java.util.concurrent.locks.LockSupport.parkNanos(LockSupport.java:215)
        at java.util.concurrent.locks.AbstractQueuedSynchronizer$ConditionObject.awaitNanos(AbstractQueuedSynchronizer.java:2078)
        at java.util.concurrent.LinkedBlockingQueue.poll(LinkedBlockingQueue.java:467)
        at org.apache.hadoop.ipc.CallQueueManager.take(CallQueueManager.java:317)
        at org.apache.hadoop.ipc.Server$Handler.run(Server.java:2942)
"Session-HouseKeeper-1a3a1b59-1"  prio=5 tid=298 timed_waiting
java.lang.Thread.State: TIMED_WAITING
        at sun.misc.Unsafe.park(Native Method)
        at java.util.concurrent.locks.LockSupport.parkNanos(LockSupport.java:215)
        at java.util.concurrent.locks.AbstractQueuedSynchronizer$ConditionObject.awaitNanos(AbstractQueuedSynchronizer.java:2078)
        at java.util.concurrent.ScheduledThreadPoolExecutor$DelayedWorkQueue.take(ScheduledThreadPoolExecutor.java:1093)
        at java.util.concurrent.ScheduledThreadPoolExecutor$DelayedWorkQueue.take(ScheduledThreadPoolExecutor.java:809)
        at java.util.concurrent.ThreadPoolExecutor.getTask(ThreadPoolExecutor.java:1074)
        at java.util.concurrent.ThreadPoolExecutor.runWorker(ThreadPoolExecutor.java:1134)
        at java.util.concurrent.ThreadPoolExecutor$Worker.run(ThreadPoolExecutor.java:624)
        at java.lang.Thread.run(Thread.java:750)
"StaleRecoveringContainerScrubbingService#1" daemon prio=5 tid=401 timed_waiting
java.lang.Thread.State: TIMED_WAITING
        at sun.misc.Unsafe.park(Native Method)
        at java.util.concurrent.locks.LockSupport.parkNanos(LockSupport.java:215)
        at java.util.concurrent.locks.AbstractQueuedSynchronizer$ConditionObject.awaitNanos(AbstractQueuedSynchronizer.java:2078)
        at java.util.concurrent.ScheduledThreadPoolExecutor$DelayedWorkQueue.take(ScheduledThreadPoolExecutor.java:1093)
        at java.util.concurrent.ScheduledThreadPoolExecutor$DelayedWorkQueue.take(ScheduledThreadPoolExecutor.java:809)
        at java.util.concurrent.ThreadPoolExecutor.getTask(ThreadPoolExecutor.java:1074)
        at java.util.concurrent.ThreadPoolExecutor.runWorker(ThreadPoolExecutor.java:1134)
        at java.util.concurrent.ThreadPoolExecutor$Worker.run(ThreadPoolExecutor.java:624)
        at java.lang.Thread.run(Thread.java:750)
"pool-230-thread-1" daemon prio=5 tid=376 timed_waiting
java.lang.Thread.State: TIMED_WAITING
        at sun.misc.Unsafe.park(Native Method)
        at java.util.concurrent.locks.LockSupport.parkNanos(LockSupport.java:215)
        at java.util.concurrent.locks.AbstractQueuedSynchronizer$ConditionObject.awaitNanos(AbstractQueuedSynchronizer.java:2078)
        at java.util.concurrent.ScheduledThreadPoolExecutor$DelayedWorkQueue.take(ScheduledThreadPoolExecutor.java:1093)
        at java.util.concurrent.ScheduledThreadPoolExecutor$DelayedWorkQueue.take(ScheduledThreadPoolExecutor.java:809)
        at java.util.concurrent.ThreadPoolExecutor.getTask(ThreadPoolExecutor.java:1074)
        at java.util.concurrent.ThreadPoolExecutor.runWorker(ThreadPoolExecutor.java:1134)
        at java.util.concurrent.ThreadPoolExecutor$Worker.run(ThreadPoolExecutor.java:624)
        at java.lang.Thread.run(Thread.java:750)
"FixedThreadPoolWithAffinityExecutor-0-0" daemon prio=5 tid=35 timed_waiting
java.lang.Thread.State: TIMED_WAITING
        at sun.misc.Unsafe.park(Native Method)
        at java.util.concurrent.locks.LockSupport.parkNanos(LockSupport.java:215)
        at java.util.concurrent.locks.AbstractQueuedSynchronizer$ConditionObject.awaitNanos(AbstractQueuedSynchronizer.java:2078)
        at java.util.concurrent.LinkedBlockingQueue.poll(LinkedBlockingQueue.java:467)
        at org.apache.hadoop.hdds.scm.server.ContainerReportQueue.poll(ContainerReportQueue.java:266)
        at org.apache.hadoop.hdds.scm.server.ContainerReportQueue.poll(ContainerReportQueue.java:42)
        at org.apache.hadoop.hdds.server.events.FixedThreadPoolWithAffinityExecutor$ContainerReportProcessTask.run(FixedThreadPoolWithAffinityExecutor.java:218)
        at java.util.concurrent.Executors$RunnableAdapter.call(Executors.java:511)
        at java.util.concurrent.FutureTask.run(FutureTask.java:266)
        at java.util.concurrent.ThreadPoolExecutor.runWorker(ThreadPoolExecutor.java:1149)
        at java.util.concurrent.ThreadPoolExecutor$Worker.run(ThreadPoolExecutor.java:624)
        at java.lang.Thread.run(Thread.java:750)
"ChunkReader-0" daemon prio=5 tid=782 in Object.wait()
java.lang.Thread.State: WAITING (on object monitor)
        at sun.misc.Unsafe.park(Native Method)
        at java.util.concurrent.locks.LockSupport.park(LockSupport.java:175)
        at java.util.concurrent.locks.AbstractQueuedSynchronizer$ConditionObject.await(AbstractQueuedSynchronizer.java:2039)
        at java.util.concurrent.LinkedBlockingQueue.take(LinkedBlockingQueue.java:442)
        at java.util.concurrent.ThreadPoolExecutor.getTask(ThreadPoolExecutor.java:1074)
        at java.util.concurrent.ThreadPoolExecutor.runWorker(ThreadPoolExecutor.java:1134)
        at java.util.concurrent.ThreadPoolExecutor$Worker.run(ThreadPoolExecutor.java:624)
        at java.lang.Thread.run(Thread.java:750)
"pool-210-thread-1"  prio=5 tid=646 in Object.wait()
java.lang.Thread.State: WAITING (on object monitor)
        at sun.misc.Unsafe.park(Native Method)
        at java.util.concurrent.locks.LockSupport.park(LockSupport.java:175)
        at java.util.concurrent.locks.AbstractQueuedSynchronizer$ConditionObject.await(AbstractQueuedSynchronizer.java:2039)
        at java.util.concurrent.LinkedBlockingQueue.take(LinkedBlockingQueue.java:442)
        at java.util.concurrent.ThreadPoolExecutor.getTask(ThreadPoolExecutor.java:1074)
        at java.util.concurrent.ThreadPoolExecutor.runWorker(ThreadPoolExecutor.java:1134)
        at java.util.concurrent.ThreadPoolExecutor$Worker.run(ThreadPoolExecutor.java:624)
        at java.lang.Thread.run(Thread.java:750)
"d878db48-ef46-44bf-ac98-cb2daa3cfd80@group-EFE686CBFEBE->b6bbe4ab-2937-401d-96b4-8acfa82ea187-GrpcLogAppender-LogAppenderDaemon" daemon prio=5 tid=761 timed_waiting
java.lang.Thread.State: TIMED_WAITING
        at sun.misc.Unsafe.park(Native Method)
        at java.util.concurrent.locks.LockSupport.parkNanos(LockSupport.java:215)
        at java.util.concurrent.CompletableFuture$Signaller.block(CompletableFuture.java:1709)
        at java.util.concurrent.ForkJoinPool.managedBlock(ForkJoinPool.java:3323)
        at java.util.concurrent.CompletableFuture.timedGet(CompletableFuture.java:1788)
        at java.util.concurrent.CompletableFuture.get(CompletableFuture.java:1928)
        at org.apache.ratis.util.AwaitForSignal.await(AwaitForSignal.java:56)
        at org.apache.ratis.grpc.server.GrpcLogAppender.mayWait(GrpcLogAppender.java:198)
        at org.apache.ratis.grpc.server.GrpcLogAppender.run(GrpcLogAppender.java:148)
        at org.apache.ratis.server.leader.LogAppenderDaemon.run(LogAppenderDaemon.java:78)
        at org.apache.ratis.server.leader.LogAppenderDaemon$$Lambda$1038/329273412.run(Unknown Source)
        at java.lang.Thread.run(Thread.java:750)
"EndpointStateMachine task thread for /0.0.0.0:35727 - 0 "  prio=5 tid=488 in Object.wait()
java.lang.Thread.State: WAITING (on object monitor)
        at sun.misc.Unsafe.park(Native Method)
        at java.util.concurrent.locks.LockSupport.park(LockSupport.java:175)
        at java.util.concurrent.locks.AbstractQueuedSynchronizer$ConditionObject.await(AbstractQueuedSynchronizer.java:2039)
        at java.util.concurrent.LinkedBlockingQueue.take(LinkedBlockingQueue.java:442)
        at java.util.concurrent.ThreadPoolExecutor.getTask(ThreadPoolExecutor.java:1074)
        at java.util.concurrent.ThreadPoolExecutor.runWorker(ThreadPoolExecutor.java:1134)
        at java.util.concurrent.ThreadPoolExecutor$Worker.run(ThreadPoolExecutor.java:624)
        at java.lang.Thread.run(Thread.java:750)
"IPC Server handler 1 on default port 45563" daemon prio=5 tid=155 timed_waiting
java.lang.Thread.State: TIMED_WAITING
        at sun.misc.Unsafe.park(Native Method)
        at java.util.concurrent.locks.LockSupport.parkNanos(LockSupport.java:215)
        at java.util.concurrent.locks.AbstractQueuedSynchronizer$ConditionObject.awaitNanos(AbstractQueuedSynchronizer.java:2078)
        at java.util.concurrent.LinkedBlockingQueue.poll(LinkedBlockingQueue.java:467)
        at org.apache.hadoop.ipc.CallQueueManager.take(CallQueueManager.java:317)
        at org.apache.hadoop.ipc.Server$Handler.run(Server.java:2942)
"pool-164-thread-1"  prio=5 tid=619 in Object.wait()
java.lang.Thread.State: WAITING (on object monitor)
        at sun.misc.Unsafe.park(Native Method)
        at java.util.concurrent.locks.LockSupport.park(LockSupport.java:175)
        at java.util.concurrent.locks.AbstractQueuedSynchronizer$ConditionObject.await(AbstractQueuedSynchronizer.java:2039)
        at java.util.concurrent.LinkedBlockingQueue.take(LinkedBlockingQueue.java:442)
        at java.util.concurrent.ThreadPoolExecutor.getTask(ThreadPoolExecutor.java:1074)
        at java.util.concurrent.ThreadPoolExecutor.runWorker(ThreadPoolExecutor.java:1134)
        at java.util.concurrent.ThreadPoolExecutor$Worker.run(ThreadPoolExecutor.java:624)
        at java.lang.Thread.run(Thread.java:750)
"IPC Server handler 5 on default port 35727" daemon prio=5 tid=92 timed_waiting
java.lang.Thread.State: TIMED_WAITING
        at sun.misc.Unsafe.park(Native Method)
        at java.util.concurrent.locks.LockSupport.parkNanos(LockSupport.java:215)
        at java.util.concurrent.locks.AbstractQueuedSynchronizer$ConditionObject.awaitNanos(AbstractQueuedSynchronizer.java:2078)
        at java.util.concurrent.LinkedBlockingQueue.poll(LinkedBlockingQueue.java:467)
        at org.apache.hadoop.ipc.CallQueueManager.take(CallQueueManager.java:317)
        at org.apache.hadoop.ipc.Server$Handler.run(Server.java:2942)
"IPC Server handler 19 on default port 42009" daemon prio=5 tid=66 timed_waiting
java.lang.Thread.State: TIMED_WAITING
        at sun.misc.Unsafe.park(Native Method)
        at java.util.concurrent.locks.LockSupport.parkNanos(LockSupport.java:215)
        at java.util.concurrent.locks.AbstractQueuedSynchronizer$ConditionObject.awaitNanos(AbstractQueuedSynchronizer.java:2078)
        at java.util.concurrent.LinkedBlockingQueue.poll(LinkedBlockingQueue.java:467)
        at org.apache.hadoop.ipc.CallQueueManager.take(CallQueueManager.java:317)
        at org.apache.hadoop.ipc.Server$Handler.run(Server.java:2942)
"pool-173-thread-1"  prio=5 tid=289 timed_waiting
java.lang.Thread.State: TIMED_WAITING
        at sun.misc.Unsafe.park(Native Method)
        at java.util.concurrent.locks.LockSupport.parkNanos(LockSupport.java:215)
        at java.util.concurrent.locks.AbstractQueuedSynchronizer$ConditionObject.awaitNanos(AbstractQueuedSynchronizer.java:2078)
        at java.util.concurrent.ScheduledThreadPoolExecutor$DelayedWorkQueue.take(ScheduledThreadPoolExecutor.java:1093)
        at java.util.concurrent.ScheduledThreadPoolExecutor$DelayedWorkQueue.take(ScheduledThreadPoolExecutor.java:809)
        at java.util.concurrent.ThreadPoolExecutor.getTask(ThreadPoolExecutor.java:1074)
        at java.util.concurrent.ThreadPoolExecutor.runWorker(ThreadPoolExecutor.java:1134)
        at java.util.concurrent.ThreadPoolExecutor$Worker.run(ThreadPoolExecutor.java:624)
        at java.lang.Thread.run(Thread.java:750)
"qtp602120831-116" daemon prio=5 tid=116 timed_waiting
java.lang.Thread.State: TIMED_WAITING
        at sun.misc.Unsafe.park(Native Method)
        at java.util.concurrent.locks.LockSupport.parkNanos(LockSupport.java:215)
        at java.util.concurrent.locks.AbstractQueuedSynchronizer$ConditionObject.awaitNanos(AbstractQueuedSynchronizer.java:2078)
        at org.eclipse.jetty.util.BlockingArrayQueue.poll(BlockingArrayQueue.java:382)
        at org.eclipse.jetty.util.thread.QueuedThreadPool$Runner.idleJobPoll(QueuedThreadPool.java:974)
        at org.eclipse.jetty.util.thread.QueuedThreadPool$Runner.run(QueuedThreadPool.java:1018)
        at java.lang.Thread.run(Thread.java:750)
"qtp602120831-115" daemon prio=5 tid=115 timed_waiting
java.lang.Thread.State: TIMED_WAITING
        at sun.misc.Unsafe.park(Native Method)
        at java.util.concurrent.locks.LockSupport.parkNanos(LockSupport.java:215)
        at java.util.concurrent.locks.AbstractQueuedSynchronizer$ConditionObject.awaitNanos(AbstractQueuedSynchronizer.java:2078)
        at org.eclipse.jetty.util.BlockingArrayQueue.poll(BlockingArrayQueue.java:382)
        at org.eclipse.jetty.util.thread.QueuedThreadPool$Runner.idleJobPoll(QueuedThreadPool.java:974)
        at org.eclipse.jetty.util.thread.QueuedThreadPool$Runner.run(QueuedThreadPool.java:1018)
        at java.lang.Thread.run(Thread.java:750)
"qtp1646881279-239" daemon prio=5 tid=239 timed_waiting
java.lang.Thread.State: TIMED_WAITING
        at sun.misc.Unsafe.park(Native Method)
        at java.util.concurrent.locks.LockSupport.parkNanos(LockSupport.java:215)
        at java.util.concurrent.locks.AbstractQueuedSynchronizer$ConditionObject.awaitNanos(AbstractQueuedSynchronizer.java:2078)
        at org.eclipse.jetty.util.BlockingArrayQueue.poll(BlockingArrayQueue.java:382)
        at org.eclipse.jetty.util.thread.QueuedThreadPool$Runner.idleJobPoll(QueuedThreadPool.java:974)
        at org.eclipse.jetty.util.thread.QueuedThreadPool$Runner.run(QueuedThreadPool.java:1018)
        at java.lang.Thread.run(Thread.java:750)
"BlockDeletingService#0" daemon prio=5 tid=436 in Object.wait()
java.lang.Thread.State: WAITING (on object monitor)
        at sun.misc.Unsafe.park(Native Method)
        at java.util.concurrent.locks.LockSupport.park(LockSupport.java:175)
        at java.util.concurrent.locks.AbstractQueuedSynchronizer$ConditionObject.await(AbstractQueuedSynchronizer.java:2039)
        at java.util.concurrent.ScheduledThreadPoolExecutor$DelayedWorkQueue.take(ScheduledThreadPoolExecutor.java:1088)
        at java.util.concurrent.ScheduledThreadPoolExecutor$DelayedWorkQueue.take(ScheduledThreadPoolExecutor.java:809)
        at java.util.concurrent.ThreadPoolExecutor.getTask(ThreadPoolExecutor.java:1074)
        at java.util.concurrent.ThreadPoolExecutor.runWorker(ThreadPoolExecutor.java:1134)
        at java.util.concurrent.ThreadPoolExecutor$Worker.run(ThreadPoolExecutor.java:624)
        at java.lang.Thread.run(Thread.java:750)
"IPC Server handler 3 on default port 42009" daemon prio=5 tid=50 timed_waiting
java.lang.Thread.State: TIMED_WAITING
        at sun.misc.Unsafe.park(Native Method)
        at java.util.concurrent.locks.LockSupport.parkNanos(LockSupport.java:215)
        at java.util.concurrent.locks.AbstractQueuedSynchronizer$ConditionObject.awaitNanos(AbstractQueuedSynchronizer.java:2078)
        at java.util.concurrent.LinkedBlockingQueue.poll(LinkedBlockingQueue.java:467)
        at org.apache.hadoop.ipc.CallQueueManager.take(CallQueueManager.java:317)
        at org.apache.hadoop.ipc.Server$Handler.run(Server.java:2942)
"ChunkReader-ELG-0" daemon prio=5 tid=397 runnable
java.lang.Thread.State: RUNNABLE
        at org.apache.ratis.thirdparty.io.netty.channel.epoll.Native.epollWait0(Native Method)
        at org.apache.ratis.thirdparty.io.netty.channel.epoll.Native.epollWait(Native.java:182)
        at org.apache.ratis.thirdparty.io.netty.channel.epoll.EpollEventLoop.epollWait(EpollEventLoop.java:290)
        at org.apache.ratis.thirdparty.io.netty.channel.epoll.EpollEventLoop.run(EpollEventLoop.java:354)
        at org.apache.ratis.thirdparty.io.netty.util.concurrent.SingleThreadEventExecutor$4.run(SingleThreadEventExecutor.java:995)
        at org.apache.ratis.thirdparty.io.netty.util.internal.ThreadExecutorMap$2.run(ThreadExecutorMap.java:74)
        at java.lang.Thread.run(Thread.java:750)
"ChunkWriter-2-0" daemon prio=5 tid=394 in Object.wait()
java.lang.Thread.State: WAITING (on object monitor)
        at sun.misc.Unsafe.park(Native Method)
        at java.util.concurrent.locks.LockSupport.park(LockSupport.java:175)
        at java.util.concurrent.locks.AbstractQueuedSynchronizer$ConditionObject.await(AbstractQueuedSynchronizer.java:2039)
        at java.util.concurrent.LinkedBlockingDeque.takeFirst(LinkedBlockingDeque.java:492)
        at java.util.concurrent.LinkedBlockingDeque.take(LinkedBlockingDeque.java:680)
        at java.util.concurrent.ThreadPoolExecutor.getTask(ThreadPoolExecutor.java:1074)
        at java.util.concurrent.ThreadPoolExecutor.runWorker(ThreadPoolExecutor.java:1134)
        at java.util.concurrent.ThreadPoolExecutor$Worker.run(ThreadPoolExecutor.java:624)
        at java.lang.Thread.run(Thread.java:750)
"Socket Reader #1 for port 0"  prio=5 tid=131 runnable
java.lang.Thread.State: RUNNABLE
        at sun.nio.ch.EPollArrayWrapper.epollWait(Native Method)
        at sun.nio.ch.EPollArrayWrapper.poll(EPollArrayWrapper.java:269)
        at sun.nio.ch.EPollSelectorImpl.doSelect(EPollSelectorImpl.java:93)
        at sun.nio.ch.SelectorImpl.lockAndDoSelect(SelectorImpl.java:86)
        at sun.nio.ch.SelectorImpl.select(SelectorImpl.java:97)
        at sun.nio.ch.SelectorImpl.select(SelectorImpl.java:101)
        at org.apache.hadoop.ipc.Server$Listener$Reader.doRunLoop(Server.java:1296)
        at org.apache.hadoop.ipc.Server$Listener$Reader.run(Server.java:1275)
"Under Replicated Processor" daemon prio=5 tid=846 timed_waiting
java.lang.Thread.State: TIMED_WAITING
        at java.lang.Object.wait(Native Method)
        at org.apache.hadoop.hdds.scm.container.replication.UnderReplicatedProcessor.run(UnderReplicatedProcessor.java:142)
        at java.lang.Thread.run(Thread.java:750)
"b412bf4c-8645-4ac9-920f-94e6c323f92a-server-thread2" daemon prio=5 tid=767 timed_waiting
java.lang.Thread.State: TIMED_WAITING
        at sun.misc.Unsafe.park(Native Method)
        at java.util.concurrent.locks.LockSupport.parkNanos(LockSupport.java:215)
        at java.util.concurrent.SynchronousQueue$TransferStack.awaitFulfill(SynchronousQueue.java:460)
        at java.util.concurrent.SynchronousQueue$TransferStack.transfer(SynchronousQueue.java:362)
        at java.util.concurrent.SynchronousQueue.poll(SynchronousQueue.java:941)
        at java.util.concurrent.ThreadPoolExecutor.getTask(ThreadPoolExecutor.java:1073)
        at java.util.concurrent.ThreadPoolExecutor.runWorker(ThreadPoolExecutor.java:1134)
        at java.util.concurrent.ThreadPoolExecutor$Worker.run(ThreadPoolExecutor.java:624)
        at java.lang.Thread.run(Thread.java:750)
"EventQueue-NewNodeForNewNodeHandler" daemon prio=5 tid=511 in Object.wait()
java.lang.Thread.State: WAITING (on object monitor)
        at sun.misc.Unsafe.park(Native Method)
        at java.util.concurrent.locks.LockSupport.park(LockSupport.java:175)
        at java.util.concurrent.locks.AbstractQueuedSynchronizer$ConditionObject.await(AbstractQueuedSynchronizer.java:2039)
        at java.util.concurrent.LinkedBlockingQueue.take(LinkedBlockingQueue.java:442)
        at java.util.concurrent.ThreadPoolExecutor.getTask(ThreadPoolExecutor.java:1074)
        at java.util.concurrent.ThreadPoolExecutor.runWorker(ThreadPoolExecutor.java:1134)
        at java.util.concurrent.ThreadPoolExecutor$Worker.run(ThreadPoolExecutor.java:624)
        at java.lang.Thread.run(Thread.java:750)
"BlockDeletingService#1" daemon prio=5 tid=565 timed_waiting
java.lang.Thread.State: TIMED_WAITING
        at sun.misc.Unsafe.park(Native Method)
        at java.util.concurrent.locks.LockSupport.parkNanos(LockSupport.java:215)
        at java.util.concurrent.locks.AbstractQueuedSynchronizer$ConditionObject.awaitNanos(AbstractQueuedSynchronizer.java:2078)
        at java.util.concurrent.ScheduledThreadPoolExecutor$DelayedWorkQueue.take(ScheduledThreadPoolExecutor.java:1093)
        at java.util.concurrent.ScheduledThreadPoolExecutor$DelayedWorkQueue.take(ScheduledThreadPoolExecutor.java:809)
        at java.util.concurrent.ThreadPoolExecutor.getTask(ThreadPoolExecutor.java:1074)
        at java.util.concurrent.ThreadPoolExecutor.runWorker(ThreadPoolExecutor.java:1134)
        at java.util.concurrent.ThreadPoolExecutor$Worker.run(ThreadPoolExecutor.java:624)
        at java.lang.Thread.run(Thread.java:750)
"IPC Server handler 12 on default port 40715" daemon prio=5 tid=79 timed_waiting
java.lang.Thread.State: TIMED_WAITING
        at sun.misc.Unsafe.park(Native Method)
        at java.util.concurrent.locks.LockSupport.parkNanos(LockSupport.java:215)
        at java.util.concurrent.locks.AbstractQueuedSynchronizer$ConditionObject.awaitNanos(AbstractQueuedSynchronizer.java:2078)
        at java.util.concurrent.LinkedBlockingQueue.poll(LinkedBlockingQueue.java:467)
        at org.apache.hadoop.ipc.CallQueueManager.take(CallQueueManager.java:317)
        at org.apache.hadoop.ipc.Server$Handler.run(Server.java:2942)
"qtp326207642-190" daemon prio=5 tid=190 timed_waiting
java.lang.Thread.State: TIMED_WAITING
        at sun.misc.Unsafe.park(Native Method)
        at java.util.concurrent.locks.LockSupport.parkNanos(LockSupport.java:215)
        at java.util.concurrent.locks.AbstractQueuedSynchronizer$ConditionObject.awaitNanos(AbstractQueuedSynchronizer.java:2078)
        at org.eclipse.jetty.util.BlockingArrayQueue.poll(BlockingArrayQueue.java:382)
        at org.eclipse.jetty.util.thread.QueuedThreadPool$Runner.idleJobPoll(QueuedThreadPool.java:974)
        at org.eclipse.jetty.util.thread.QueuedThreadPool$Runner.run(QueuedThreadPool.java:1018)
        at java.lang.Thread.run(Thread.java:750)
"Datanode ReportManager Thread - 1" daemon prio=5 tid=442 timed_waiting
java.lang.Thread.State: TIMED_WAITING
        at sun.misc.Unsafe.park(Native Method)
        at java.util.concurrent.locks.LockSupport.parkNanos(LockSupport.java:215)
        at java.util.concurrent.locks.AbstractQueuedSynchronizer$ConditionObject.awaitNanos(AbstractQueuedSynchronizer.java:2078)
        at java.util.concurrent.ScheduledThreadPoolExecutor$DelayedWorkQueue.take(ScheduledThreadPoolExecutor.java:1093)
        at java.util.concurrent.ScheduledThreadPoolExecutor$DelayedWorkQueue.take(ScheduledThreadPoolExecutor.java:809)
        at java.util.concurrent.ThreadPoolExecutor.getTask(ThreadPoolExecutor.java:1074)
        at java.util.concurrent.ThreadPoolExecutor.runWorker(ThreadPoolExecutor.java:1134)
        at java.util.concurrent.ThreadPoolExecutor$Worker.run(ThreadPoolExecutor.java:624)
        at java.lang.Thread.run(Thread.java:750)
"IPC Server listener on 0" daemon prio=5 tid=31 runnable
java.lang.Thread.State: RUNNABLE
        at sun.nio.ch.EPollArrayWrapper.epollWait(Native Method)
        at sun.nio.ch.EPollArrayWrapper.poll(EPollArrayWrapper.java:269)
        at sun.nio.ch.EPollSelectorImpl.doSelect(EPollSelectorImpl.java:93)
        at sun.nio.ch.SelectorImpl.lockAndDoSelect(SelectorImpl.java:86)
        at sun.nio.ch.SelectorImpl.select(SelectorImpl.java:97)
        at sun.nio.ch.SelectorImpl.select(SelectorImpl.java:101)
        at org.apache.hadoop.ipc.Server$Listener.run(Server.java:1358)
"b2efe8a5-99bb-41e7-9296-f49000549216@group-16B0CCAD8931->8d7ec919-acd2-4b88-a99a-dd9f5739b33b-GrpcLogAppender-LogAppenderDaemon" daemon prio=5 tid=856 timed_waiting
java.lang.Thread.State: TIMED_WAITING
        at sun.misc.Unsafe.park(Native Method)
        at java.util.concurrent.locks.LockSupport.parkNanos(LockSupport.java:215)
        at java.util.concurrent.CompletableFuture$Signaller.block(CompletableFuture.java:1709)
        at java.util.concurrent.ForkJoinPool.managedBlock(ForkJoinPool.java:3323)
        at java.util.concurrent.CompletableFuture.timedGet(CompletableFuture.java:1788)
        at java.util.concurrent.CompletableFuture.get(CompletableFuture.java:1928)
        at org.apache.ratis.util.AwaitForSignal.await(AwaitForSignal.java:56)
        at org.apache.ratis.grpc.server.GrpcLogAppender.mayWait(GrpcLogAppender.java:198)
        at org.apache.ratis.grpc.server.GrpcLogAppender.run(GrpcLogAppender.java:148)
        at org.apache.ratis.server.leader.LogAppenderDaemon.run(LogAppenderDaemon.java:78)
        at org.apache.ratis.server.leader.LogAppenderDaemon$$Lambda$1038/329273412.run(Unknown Source)
        at java.lang.Thread.run(Thread.java:750)
"JvmPauseMonitor3" daemon prio=5 tid=434 timed_waiting
java.lang.Thread.State: TIMED_WAITING
        at java.lang.Thread.sleep(Native Method)
        at java.lang.Thread.sleep(Thread.java:342)
        at java.util.concurrent.TimeUnit.sleep(TimeUnit.java:386)
        at org.apache.ratis.util.TimeDuration.sleep(TimeDuration.java:325)
        at org.apache.ratis.util.TimeDuration.sleep(TimeDuration.java:310)
        at org.apache.ratis.util.JvmPauseMonitor.detectPause(JvmPauseMonitor.java:119)
        at org.apache.ratis.util.JvmPauseMonitor.run(JvmPauseMonitor.java:108)
        at org.apache.ratis.util.JvmPauseMonitor$$Lambda$706/668240146.run(Unknown Source)
        at java.lang.Thread.run(Thread.java:750)
"pool-127-thread-1"  prio=5 tid=237 timed_waiting
java.lang.Thread.State: TIMED_WAITING
        at sun.misc.Unsafe.park(Native Method)
        at java.util.concurrent.locks.LockSupport.parkNanos(LockSupport.java:215)
        at java.util.concurrent.locks.AbstractQueuedSynchronizer$ConditionObject.awaitNanos(AbstractQueuedSynchronizer.java:2078)
        at java.util.concurrent.ScheduledThreadPoolExecutor$DelayedWorkQueue.take(ScheduledThreadPoolExecutor.java:1093)
        at java.util.concurrent.ScheduledThreadPoolExecutor$DelayedWorkQueue.take(ScheduledThreadPoolExecutor.java:809)
        at java.util.concurrent.ThreadPoolExecutor.getTask(ThreadPoolExecutor.java:1074)
        at java.util.concurrent.ThreadPoolExecutor.runWorker(ThreadPoolExecutor.java:1134)
        at java.util.concurrent.ThreadPoolExecutor$Worker.run(ThreadPoolExecutor.java:624)
        at java.lang.Thread.run(Thread.java:750)
"EventQueue-PipelineReportForPipelineReportHandler" daemon prio=5 tid=514 in Object.wait()
java.lang.Thread.State: WAITING (on object monitor)
        at sun.misc.Unsafe.park(Native Method)
        at java.util.concurrent.locks.LockSupport.park(LockSupport.java:175)
        at java.util.concurrent.locks.AbstractQueuedSynchronizer$ConditionObject.await(AbstractQueuedSynchronizer.java:2039)
        at java.util.concurrent.LinkedBlockingQueue.take(LinkedBlockingQueue.java:442)
        at java.util.concurrent.ThreadPoolExecutor.getTask(ThreadPoolExecutor.java:1074)
        at java.util.concurrent.ThreadPoolExecutor.runWorker(ThreadPoolExecutor.java:1134)
        at java.util.concurrent.ThreadPoolExecutor$Worker.run(ThreadPoolExecutor.java:624)
        at java.lang.Thread.run(Thread.java:750)
"Datanode ReportManager Thread - 0" daemon prio=5 tid=403 in Object.wait()
java.lang.Thread.State: WAITING (on object monitor)
        at sun.misc.Unsafe.park(Native Method)
        at java.util.concurrent.locks.LockSupport.park(LockSupport.java:175)
        at java.util.concurrent.locks.AbstractQueuedSynchronizer$ConditionObject.await(AbstractQueuedSynchronizer.java:2039)
        at java.util.concurrent.ScheduledThreadPoolExecutor$DelayedWorkQueue.take(ScheduledThreadPoolExecutor.java:1088)
        at java.util.concurrent.ScheduledThreadPoolExecutor$DelayedWorkQueue.take(ScheduledThreadPoolExecutor.java:809)
        at java.util.concurrent.ThreadPoolExecutor.getTask(ThreadPoolExecutor.java:1074)
        at java.util.concurrent.ThreadPoolExecutor.runWorker(ThreadPoolExecutor.java:1134)
        at java.util.concurrent.ThreadPoolExecutor$Worker.run(ThreadPoolExecutor.java:624)
        at java.lang.Thread.run(Thread.java:750)
"IPC Server idle connection scanner for port 35727" daemon prio=5 tid=25 timed_waiting
java.lang.Thread.State: TIMED_WAITING
        at java.lang.Object.wait(Native Method)
        at java.util.TimerThread.mainLoop(Timer.java:552)
        at java.util.TimerThread.run(Timer.java:505)
"8d7ec919-acd2-4b88-a99a-dd9f5739b33b@group-DEA1DB5A5D55-StateMachineUpdater" daemon prio=5 tid=571 timed_waiting
java.lang.Thread.State: TIMED_WAITING
        at sun.misc.Unsafe.park(Native Method)
        at java.util.concurrent.locks.LockSupport.parkNanos(LockSupport.java:215)
        at java.util.concurrent.CompletableFuture$Signaller.block(CompletableFuture.java:1709)
        at java.util.concurrent.ForkJoinPool.managedBlock(ForkJoinPool.java:3323)
        at java.util.concurrent.CompletableFuture.timedGet(CompletableFuture.java:1788)
        at java.util.concurrent.CompletableFuture.get(CompletableFuture.java:1928)
        at org.apache.ratis.util.AwaitForSignal.await(AwaitForSignal.java:56)
        at org.apache.ratis.server.impl.StateMachineUpdater.waitForCommit(StateMachineUpdater.java:207)
        at org.apache.ratis.server.impl.StateMachineUpdater.run(StateMachineUpdater.java:176)
        at java.lang.Thread.run(Thread.java:750)
"pool-81-thread-1"  prio=5 tid=183 timed_waiting
java.lang.Thread.State: TIMED_WAITING
        at sun.misc.Unsafe.park(Native Method)
        at java.util.concurrent.locks.LockSupport.parkNanos(LockSupport.java:215)
        at java.util.concurrent.locks.AbstractQueuedSynchronizer$ConditionObject.awaitNanos(AbstractQueuedSynchronizer.java:2078)
        at java.util.concurrent.ScheduledThreadPoolExecutor$DelayedWorkQueue.take(ScheduledThreadPoolExecutor.java:1093)
        at java.util.concurrent.ScheduledThreadPoolExecutor$DelayedWorkQueue.take(ScheduledThreadPoolExecutor.java:809)
        at java.util.concurrent.ThreadPoolExecutor.getTask(ThreadPoolExecutor.java:1074)
        at java.util.concurrent.ThreadPoolExecutor.runWorker(ThreadPoolExecutor.java:1134)
        at java.util.concurrent.ThreadPoolExecutor$Worker.run(ThreadPoolExecutor.java:624)
        at java.lang.Thread.run(Thread.java:750)
"pool-88-thread-1" daemon prio=5 tid=205 timed_waiting
java.lang.Thread.State: TIMED_WAITING
        at sun.misc.Unsafe.park(Native Method)
        at java.util.concurrent.locks.LockSupport.parkNanos(LockSupport.java:215)
        at java.util.concurrent.locks.AbstractQueuedSynchronizer$ConditionObject.awaitNanos(AbstractQueuedSynchronizer.java:2078)
        at java.util.concurrent.ScheduledThreadPoolExecutor$DelayedWorkQueue.take(ScheduledThreadPoolExecutor.java:1093)
        at java.util.concurrent.ScheduledThreadPoolExecutor$DelayedWorkQueue.take(ScheduledThreadPoolExecutor.java:809)
        at java.util.concurrent.ThreadPoolExecutor.getTask(ThreadPoolExecutor.java:1074)
        at java.util.concurrent.ThreadPoolExecutor.runWorker(ThreadPoolExecutor.java:1134)
        at java.util.concurrent.ThreadPoolExecutor$Worker.run(ThreadPoolExecutor.java:624)
        at java.lang.Thread.run(Thread.java:750)
"qtp797802443-148" daemon prio=5 tid=148 timed_waiting
java.lang.Thread.State: TIMED_WAITING
        at sun.misc.Unsafe.park(Native Method)
        at java.util.concurrent.locks.LockSupport.parkNanos(LockSupport.java:215)
        at java.util.concurrent.locks.AbstractQueuedSynchronizer$ConditionObject.awaitNanos(AbstractQueuedSynchronizer.java:2078)
        at org.eclipse.jetty.util.BlockingArrayQueue.poll(BlockingArrayQueue.java:382)
        at org.eclipse.jetty.util.thread.QueuedThreadPool$Runner.idleJobPoll(QueuedThreadPool.java:974)
        at org.eclipse.jetty.util.thread.QueuedThreadPool$Runner.run(QueuedThreadPool.java:1018)
        at java.lang.Thread.run(Thread.java:750)
"Datanode State Machine Task Thread - 0"  prio=5 tid=255 in Object.wait()
java.lang.Thread.State: WAITING (on object monitor)
        at sun.misc.Unsafe.park(Native Method)
        at java.util.concurrent.locks.LockSupport.park(LockSupport.java:175)
        at java.util.concurrent.locks.AbstractQueuedSynchronizer$ConditionObject.await(AbstractQueuedSynchronizer.java:2039)
        at java.util.concurrent.LinkedBlockingQueue.take(LinkedBlockingQueue.java:442)
        at java.util.concurrent.ThreadPoolExecutor.getTask(ThreadPoolExecutor.java:1074)
        at java.util.concurrent.ThreadPoolExecutor.runWorker(ThreadPoolExecutor.java:1134)
        at java.util.concurrent.ThreadPoolExecutor$Worker.run(ThreadPoolExecutor.java:624)
        at java.lang.Thread.run(Thread.java:750)
"BlockDeletingService#0" daemon prio=5 tid=369 in Object.wait()
java.lang.Thread.State: WAITING (on object monitor)
        at sun.misc.Unsafe.park(Native Method)
        at java.util.concurrent.locks.LockSupport.park(LockSupport.java:175)
        at java.util.concurrent.locks.AbstractQueuedSynchronizer$ConditionObject.await(AbstractQueuedSynchronizer.java:2039)
        at java.util.concurrent.ScheduledThreadPoolExecutor$DelayedWorkQueue.take(ScheduledThreadPoolExecutor.java:1088)
        at java.util.concurrent.ScheduledThreadPoolExecutor$DelayedWorkQueue.take(ScheduledThreadPoolExecutor.java:809)
        at java.util.concurrent.ThreadPoolExecutor.getTask(ThreadPoolExecutor.java:1074)
        at java.util.concurrent.ThreadPoolExecutor.runWorker(ThreadPoolExecutor.java:1134)
        at java.util.concurrent.ThreadPoolExecutor$Worker.run(ThreadPoolExecutor.java:624)
        at java.lang.Thread.run(Thread.java:750)
"qtp860364734-425" daemon prio=5 tid=425 timed_waiting
java.lang.Thread.State: TIMED_WAITING
        at sun.misc.Unsafe.park(Native Method)
        at java.util.concurrent.locks.LockSupport.parkNanos(LockSupport.java:215)
        at java.util.concurrent.locks.AbstractQueuedSynchronizer$ConditionObject.awaitNanos(AbstractQueuedSynchronizer.java:2078)
        at org.eclipse.jetty.util.BlockingArrayQueue.poll(BlockingArrayQueue.java:382)
        at org.eclipse.jetty.util.thread.QueuedThreadPool$Runner.idleJobPoll(QueuedThreadPool.java:974)
        at org.eclipse.jetty.util.thread.QueuedThreadPool$Runner.run(QueuedThreadPool.java:1018)
        at java.lang.Thread.run(Thread.java:750)
"IPC Server handler 17 on default port 35727" daemon prio=5 tid=104 timed_waiting
java.lang.Thread.State: TIMED_WAITING
        at sun.misc.Unsafe.park(Native Method)
        at java.util.concurrent.locks.LockSupport.parkNanos(LockSupport.java:215)
        at java.util.concurrent.locks.AbstractQueuedSynchronizer$ConditionObject.awaitNanos(AbstractQueuedSynchronizer.java:2078)
        at java.util.concurrent.LinkedBlockingQueue.poll(LinkedBlockingQueue.java:467)
        at org.apache.hadoop.ipc.CallQueueManager.take(CallQueueManager.java:317)
        at org.apache.hadoop.ipc.Server$Handler.run(Server.java:2942)
"f9539b2c-40d6-4ae2-988d-1a0916bca307@group-82D5C711159A-SegmentedRaftLogWorker"  prio=5 tid=681 timed_waiting
java.lang.Thread.State: TIMED_WAITING
        at sun.misc.Unsafe.park(Native Method)
        at java.util.concurrent.locks.LockSupport.parkNanos(LockSupport.java:215)
        at java.util.concurrent.locks.AbstractQueuedSynchronizer$ConditionObject.awaitNanos(AbstractQueuedSynchronizer.java:2078)
        at org.apache.ratis.util.DataBlockingQueue.poll(DataBlockingQueue.java:148)
        at org.apache.ratis.server.raftlog.segmented.SegmentedRaftLogWorker.run(SegmentedRaftLogWorker.java:310)
        at org.apache.ratis.server.raftlog.segmented.SegmentedRaftLogWorker$$Lambda$665/2146560083.run(Unknown Source)
        at java.lang.Thread.run(Thread.java:750)
"EventQueue-NodeRegistrationContainerReportForDataNodeSafeModeRule" daemon prio=5 tid=512 in Object.wait()
java.lang.Thread.State: WAITING (on object monitor)
        at sun.misc.Unsafe.park(Native Method)
        at java.util.concurrent.locks.LockSupport.park(LockSupport.java:175)
        at java.util.concurrent.locks.AbstractQueuedSynchronizer$ConditionObject.await(AbstractQueuedSynchronizer.java:2039)
        at java.util.concurrent.LinkedBlockingQueue.take(LinkedBlockingQueue.java:442)
        at java.util.concurrent.ThreadPoolExecutor.getTask(ThreadPoolExecutor.java:1074)
        at java.util.concurrent.ThreadPoolExecutor.runWorker(ThreadPoolExecutor.java:1134)
        at java.util.concurrent.ThreadPoolExecutor$Worker.run(ThreadPoolExecutor.java:624)
        at java.lang.Thread.run(Thread.java:750)
"pool-284-thread-1" daemon prio=5 tid=452 timed_waiting
java.lang.Thread.State: TIMED_WAITING
        at sun.misc.Unsafe.park(Native Method)
        at java.util.concurrent.locks.LockSupport.parkNanos(LockSupport.java:215)
        at java.util.concurrent.locks.AbstractQueuedSynchronizer$ConditionObject.awaitNanos(AbstractQueuedSynchronizer.java:2078)
        at java.util.concurrent.ScheduledThreadPoolExecutor$DelayedWorkQueue.take(ScheduledThreadPoolExecutor.java:1093)
        at java.util.concurrent.ScheduledThreadPoolExecutor$DelayedWorkQueue.take(ScheduledThreadPoolExecutor.java:809)
        at java.util.concurrent.ThreadPoolExecutor.getTask(ThreadPoolExecutor.java:1074)
        at java.util.concurrent.ThreadPoolExecutor.runWorker(ThreadPoolExecutor.java:1134)
        at java.util.concurrent.ThreadPoolExecutor$Worker.run(ThreadPoolExecutor.java:624)
        at java.lang.Thread.run(Thread.java:750)
"timer5" daemon prio=5 tid=732 timed_waiting
java.lang.Thread.State: TIMED_WAITING
        at java.lang.Object.wait(Native Method)
        at java.util.TimerThread.mainLoop(Timer.java:552)
        at java.util.TimerThread.run(Timer.java:505)
"org.apache.hadoop.ozone.container.common.statemachine.commandhandler.DeleteBlocksCommandHandler$DeleteCmdWorker@ab7eb31" daemon prio=5 tid=314 timed_waiting
java.lang.Thread.State: TIMED_WAITING
        at java.lang.Thread.sleep(Native Method)
        at org.apache.hadoop.ozone.container.common.statemachine.commandhandler.DeleteBlocksCommandHandler$DeleteCmdWorker.run(DeleteBlocksCommandHandler.java:183)
        at java.lang.Thread.run(Thread.java:750)
"PartialTableCache Cleanup Thread - 0" daemon prio=5 tid=809 in Object.wait()
java.lang.Thread.State: WAITING (on object monitor)
        at sun.misc.Unsafe.park(Native Method)
        at java.util.concurrent.locks.LockSupport.park(LockSupport.java:175)
        at java.util.concurrent.locks.AbstractQueuedSynchronizer$ConditionObject.await(AbstractQueuedSynchronizer.java:2039)
        at java.util.concurrent.LinkedBlockingQueue.take(LinkedBlockingQueue.java:442)
        at java.util.concurrent.ThreadPoolExecutor.getTask(ThreadPoolExecutor.java:1074)
        at java.util.concurrent.ThreadPoolExecutor.runWorker(ThreadPoolExecutor.java:1134)
        at java.util.concurrent.ThreadPoolExecutor$Worker.run(ThreadPoolExecutor.java:624)
        at java.lang.Thread.run(Thread.java:750)
"StaleRecoveringContainerScrubbingService#2" daemon prio=5 tid=915 in Object.wait()
java.lang.Thread.State: WAITING (on object monitor)
        at sun.misc.Unsafe.park(Native Method)
        at java.util.concurrent.locks.LockSupport.park(LockSupport.java:175)
        at java.util.concurrent.locks.AbstractQueuedSynchronizer$ConditionObject.await(AbstractQueuedSynchronizer.java:2039)
        at java.util.concurrent.ScheduledThreadPoolExecutor$DelayedWorkQueue.take(ScheduledThreadPoolExecutor.java:1088)
        at java.util.concurrent.ScheduledThreadPoolExecutor$DelayedWorkQueue.take(ScheduledThreadPoolExecutor.java:809)
        at java.util.concurrent.ThreadPoolExecutor.getTask(ThreadPoolExecutor.java:1074)
        at java.util.concurrent.ThreadPoolExecutor.runWorker(ThreadPoolExecutor.java:1134)
        at java.util.concurrent.ThreadPoolExecutor$Worker.run(ThreadPoolExecutor.java:624)
        at java.lang.Thread.run(Thread.java:750)
"BackgroundPipelineScrubberThread" daemon prio=5 tid=16 timed_waiting
java.lang.Thread.State: TIMED_WAITING
        at java.lang.Object.wait(Native Method)
        at org.apache.hadoop.hdds.scm.ha.BackgroundSCMService.run(BackgroundSCMService.java:110)
        at org.apache.hadoop.hdds.scm.ha.BackgroundSCMService$$Lambda$375/1129874021.run(Unknown Source)
        at java.lang.Thread.run(Thread.java:750)
"timer6" daemon prio=5 tid=734 timed_waiting
java.lang.Thread.State: TIMED_WAITING
        at java.lang.Object.wait(Native Method)
        at java.util.TimerThread.mainLoop(Timer.java:552)
        at java.util.TimerThread.run(Timer.java:505)
"556da25a-9bc8-419d-83a0-dc1d92c1e895-server-thread2" daemon prio=5 tid=709 timed_waiting
java.lang.Thread.State: TIMED_WAITING
        at sun.misc.Unsafe.park(Native Method)
        at java.util.concurrent.locks.LockSupport.parkNanos(LockSupport.java:215)
        at java.util.concurrent.SynchronousQueue$TransferStack.awaitFulfill(SynchronousQueue.java:460)
        at java.util.concurrent.SynchronousQueue$TransferStack.transfer(SynchronousQueue.java:362)
        at java.util.concurrent.SynchronousQueue.poll(SynchronousQueue.java:941)
        at java.util.concurrent.ThreadPoolExecutor.getTask(ThreadPoolExecutor.java:1073)
        at java.util.concurrent.ThreadPoolExecutor.runWorker(ThreadPoolExecutor.java:1134)
        at java.util.concurrent.ThreadPoolExecutor$Worker.run(ThreadPoolExecutor.java:624)
        at java.lang.Thread.run(Thread.java:750)
"Session-HouseKeeper-574411f2-1"  prio=5 tid=427 timed_waiting
java.lang.Thread.State: TIMED_WAITING
        at sun.misc.Unsafe.park(Native Method)
        at java.util.concurrent.locks.LockSupport.parkNanos(LockSupport.java:215)
        at java.util.concurrent.locks.AbstractQueuedSynchronizer$ConditionObject.awaitNanos(AbstractQueuedSynchronizer.java:2078)
        at java.util.concurrent.ScheduledThreadPoolExecutor$DelayedWorkQueue.take(ScheduledThreadPoolExecutor.java:1093)
        at java.util.concurrent.ScheduledThreadPoolExecutor$DelayedWorkQueue.take(ScheduledThreadPoolExecutor.java:809)
        at java.util.concurrent.ThreadPoolExecutor.getTask(ThreadPoolExecutor.java:1074)
        at java.util.concurrent.ThreadPoolExecutor.runWorker(ThreadPoolExecutor.java:1134)
        at java.util.concurrent.ThreadPoolExecutor$Worker.run(ThreadPoolExecutor.java:624)
        at java.lang.Thread.run(Thread.java:750)
"ChunkWriter-0-0" daemon prio=5 tid=501 in Object.wait()
java.lang.Thread.State: WAITING (on object monitor)
        at sun.misc.Unsafe.park(Native Method)
        at java.util.concurrent.locks.LockSupport.park(LockSupport.java:175)
        at java.util.concurrent.locks.AbstractQueuedSynchronizer$ConditionObject.await(AbstractQueuedSynchronizer.java:2039)
        at java.util.concurrent.LinkedBlockingDeque.takeFirst(LinkedBlockingDeque.java:492)
        at java.util.concurrent.LinkedBlockingDeque.take(LinkedBlockingDeque.java:680)
        at java.util.concurrent.ThreadPoolExecutor.getTask(ThreadPoolExecutor.java:1074)
        at java.util.concurrent.ThreadPoolExecutor.runWorker(ThreadPoolExecutor.java:1134)
        at java.util.concurrent.ThreadPoolExecutor$Worker.run(ThreadPoolExecutor.java:624)
        at java.lang.Thread.run(Thread.java:750)
"Datanode State Machine Task Thread - 0"  prio=5 tid=201 in Object.wait()
java.lang.Thread.State: WAITING (on object monitor)
        at sun.misc.Unsafe.park(Native Method)
        at java.util.concurrent.locks.LockSupport.park(LockSupport.java:175)
        at java.util.concurrent.locks.AbstractQueuedSynchronizer$ConditionObject.await(AbstractQueuedSynchronizer.java:2039)
        at java.util.concurrent.LinkedBlockingQueue.take(LinkedBlockingQueue.java:442)
        at java.util.concurrent.ThreadPoolExecutor.getTask(ThreadPoolExecutor.java:1074)
        at java.util.concurrent.ThreadPoolExecutor.runWorker(ThreadPoolExecutor.java:1134)
        at java.util.concurrent.ThreadPoolExecutor$Worker.run(ThreadPoolExecutor.java:624)
        at java.lang.Thread.run(Thread.java:750)
"IPC Server handler 11 on default port 40715" daemon prio=5 tid=78 timed_waiting
java.lang.Thread.State: TIMED_WAITING
        at sun.misc.Unsafe.park(Native Method)
        at java.util.concurrent.locks.LockSupport.parkNanos(LockSupport.java:215)
        at java.util.concurrent.locks.AbstractQueuedSynchronizer$ConditionObject.awaitNanos(AbstractQueuedSynchronizer.java:2078)
        at java.util.concurrent.LinkedBlockingQueue.poll(LinkedBlockingQueue.java:467)
        at org.apache.hadoop.ipc.CallQueueManager.take(CallQueueManager.java:317)
        at org.apache.hadoop.ipc.Server$Handler.run(Server.java:2942)
"surefire-forkedjvm-command-thread" daemon prio=5 tid=10 runnable
java.lang.Thread.State: RUNNABLE
        at java.io.FileInputStream.readBytes(Native Method)
        at java.io.FileInputStream.read(FileInputStream.java:255)
        at java.io.BufferedInputStream.read1(BufferedInputStream.java:284)
        at java.io.BufferedInputStream.read(BufferedInputStream.java:345)
        at java.io.BufferedInputStream.fill(BufferedInputStream.java:246)
        at java.io.BufferedInputStream.read1(BufferedInputStream.java:286)
        at java.io.BufferedInputStream.read(BufferedInputStream.java:345)
        at org.apache.maven.surefire.api.util.internal.Channels$3.readImpl(Channels.java:214)
        at org.apache.maven.surefire.api.util.internal.AbstractNoninterruptibleReadableChannel.read(AbstractNoninterruptibleReadableChannel.java:54)
        at org.apache.maven.surefire.booter.spi.LegacyMasterProcessChannelDecoder.decode(LegacyMasterProcessChannelDecoder.java:80)
        at org.apache.maven.surefire.booter.CommandReader$CommandRunnable.run(CommandReader.java:343)
        at java.lang.Thread.run(Thread.java:750)
"qtp797802443-146-acceptor-0@7098c8ef-ServerConnector@4184d960{HTTP/1.1, (http/1.1)}{0.0.0.0:37163}" daemon prio=3 tid=146 runnable
java.lang.Thread.State: RUNNABLE
        at sun.nio.ch.ServerSocketChannelImpl.accept0(Native Method)
        at sun.nio.ch.ServerSocketChannelImpl.accept(ServerSocketChannelImpl.java:421)
        at sun.nio.ch.ServerSocketChannelImpl.accept(ServerSocketChannelImpl.java:249)
        at org.eclipse.jetty.server.ServerConnector.accept(ServerConnector.java:388)
        at org.eclipse.jetty.server.AbstractConnector$Acceptor.run(AbstractConnector.java:704)
        at org.eclipse.jetty.util.thread.QueuedThreadPool.runJob(QueuedThreadPool.java:883)
        at org.eclipse.jetty.util.thread.QueuedThreadPool$Runner.run(QueuedThreadPool.java:1034)
        at java.lang.Thread.run(Thread.java:750)
"Datanode State Machine Daemon Thread" daemon prio=5 tid=299 timed_waiting
java.lang.Thread.State: TIMED_WAITING
        at java.lang.Thread.sleep(Native Method)
        at org.apache.hadoop.ozone.container.common.statemachine.DatanodeStateMachine.startStateMachineThread(DatanodeStateMachine.java:321)
        at org.apache.hadoop.ozone.container.common.statemachine.DatanodeStateMachine.lambda$startDaemon$0(DatanodeStateMachine.java:506)
        at org.apache.hadoop.ozone.container.common.statemachine.DatanodeStateMachine$$Lambda$751/596905128.run(Unknown Source)
        at java.lang.Thread.run(Thread.java:750)
"qtp110059025-343-acceptor-0@760d010e-ServerConnector@393adb37{HTTP/1.1, (http/1.1)}{0.0.0.0:33047}" daemon prio=3 tid=343 runnable
java.lang.Thread.State: RUNNABLE
        at sun.nio.ch.ServerSocketChannelImpl.accept0(Native Method)
        at sun.nio.ch.ServerSocketChannelImpl.accept(ServerSocketChannelImpl.java:421)
        at sun.nio.ch.ServerSocketChannelImpl.accept(ServerSocketChannelImpl.java:249)
        at org.eclipse.jetty.server.ServerConnector.accept(ServerConnector.java:388)
        at org.eclipse.jetty.server.AbstractConnector$Acceptor.run(AbstractConnector.java:704)
        at org.eclipse.jetty.util.thread.QueuedThreadPool.runJob(QueuedThreadPool.java:883)
        at org.eclipse.jetty.util.thread.QueuedThreadPool$Runner.run(QueuedThreadPool.java:1034)
        at java.lang.Thread.run(Thread.java:750)
"IPC Server listener on 0" daemon prio=5 tid=130 runnable
java.lang.Thread.State: RUNNABLE
        at sun.nio.ch.EPollArrayWrapper.epollWait(Native Method)
        at sun.nio.ch.EPollArrayWrapper.poll(EPollArrayWrapper.java:269)
        at sun.nio.ch.EPollSelectorImpl.doSelect(EPollSelectorImpl.java:93)
        at sun.nio.ch.SelectorImpl.lockAndDoSelect(SelectorImpl.java:86)
        at sun.nio.ch.SelectorImpl.select(SelectorImpl.java:97)
        at sun.nio.ch.SelectorImpl.select(SelectorImpl.java:101)
        at org.apache.hadoop.ipc.Server$Listener.run(Server.java:1358)
"BlockDeletingService#2" daemon prio=5 tid=913 in Object.wait()
java.lang.Thread.State: WAITING (on object monitor)
        at sun.misc.Unsafe.park(Native Method)
        at java.util.concurrent.locks.LockSupport.park(LockSupport.java:175)
        at java.util.concurrent.locks.AbstractQueuedSynchronizer$ConditionObject.await(AbstractQueuedSynchronizer.java:2039)
        at java.util.concurrent.ScheduledThreadPoolExecutor$DelayedWorkQueue.take(ScheduledThreadPoolExecutor.java:1088)
        at java.util.concurrent.ScheduledThreadPoolExecutor$DelayedWorkQueue.take(ScheduledThreadPoolExecutor.java:809)
        at java.util.concurrent.ThreadPoolExecutor.getTask(ThreadPoolExecutor.java:1074)
        at java.util.concurrent.ThreadPoolExecutor.runWorker(ThreadPoolExecutor.java:1134)
        at java.util.concurrent.ThreadPoolExecutor$Worker.run(ThreadPoolExecutor.java:624)
        at java.lang.Thread.run(Thread.java:750)
"ChunkWriter-3-0" daemon prio=5 tid=547 in Object.wait()
java.lang.Thread.State: WAITING (on object monitor)
        at sun.misc.Unsafe.park(Native Method)
        at java.util.concurrent.locks.LockSupport.park(LockSupport.java:175)
        at java.util.concurrent.locks.AbstractQueuedSynchronizer$ConditionObject.await(AbstractQueuedSynchronizer.java:2039)
        at java.util.concurrent.LinkedBlockingDeque.takeFirst(LinkedBlockingDeque.java:492)
        at java.util.concurrent.LinkedBlockingDeque.take(LinkedBlockingDeque.java:680)
        at java.util.concurrent.ThreadPoolExecutor.getTask(ThreadPoolExecutor.java:1074)
        at java.util.concurrent.ThreadPoolExecutor.runWorker(ThreadPoolExecutor.java:1134)
        at java.util.concurrent.ThreadPoolExecutor$Worker.run(ThreadPoolExecutor.java:624)
        at java.lang.Thread.run(Thread.java:750)
"Datanode ReportManager Thread - 3" daemon prio=5 tid=444 in Object.wait()
java.lang.Thread.State: WAITING (on object monitor)
        at sun.misc.Unsafe.park(Native Method)
        at java.util.concurrent.locks.LockSupport.park(LockSupport.java:175)
        at java.util.concurrent.locks.AbstractQueuedSynchronizer$ConditionObject.await(AbstractQueuedSynchronizer.java:2039)
        at java.util.concurrent.ScheduledThreadPoolExecutor$DelayedWorkQueue.take(ScheduledThreadPoolExecutor.java:1088)
        at java.util.concurrent.ScheduledThreadPoolExecutor$DelayedWorkQueue.take(ScheduledThreadPoolExecutor.java:809)
        at java.util.concurrent.ThreadPoolExecutor.getTask(ThreadPoolExecutor.java:1074)
        at java.util.concurrent.ThreadPoolExecutor.runWorker(ThreadPoolExecutor.java:1134)
        at java.util.concurrent.ThreadPoolExecutor$Worker.run(ThreadPoolExecutor.java:624)
        at java.lang.Thread.run(Thread.java:750)
"Datanode ReportManager Thread - 4" daemon prio=5 tid=407 timed_waiting
java.lang.Thread.State: TIMED_WAITING
        at sun.misc.Unsafe.park(Native Method)
        at java.util.concurrent.locks.LockSupport.parkNanos(LockSupport.java:215)
        at java.util.concurrent.locks.AbstractQueuedSynchronizer$ConditionObject.awaitNanos(AbstractQueuedSynchronizer.java:2078)
        at java.util.concurrent.ScheduledThreadPoolExecutor$DelayedWorkQueue.take(ScheduledThreadPoolExecutor.java:1093)
        at java.util.concurrent.ScheduledThreadPoolExecutor$DelayedWorkQueue.take(ScheduledThreadPoolExecutor.java:809)
        at java.util.concurrent.ThreadPoolExecutor.getTask(ThreadPoolExecutor.java:1074)
        at java.util.concurrent.ThreadPoolExecutor.runWorker(ThreadPoolExecutor.java:1134)
        at java.util.concurrent.ThreadPoolExecutor$Worker.run(ThreadPoolExecutor.java:624)
        at java.lang.Thread.run(Thread.java:750)
"ChunkReader-ELG-0" daemon prio=5 tid=561 runnable
java.lang.Thread.State: RUNNABLE
        at org.apache.ratis.thirdparty.io.netty.channel.epoll.Native.epollWait(Native Method)
        at org.apache.ratis.thirdparty.io.netty.channel.epoll.Native.epollWait(Native.java:209)
        at org.apache.ratis.thirdparty.io.netty.channel.epoll.Native.epollWait(Native.java:202)
        at org.apache.ratis.thirdparty.io.netty.channel.epoll.EpollEventLoop.epollWaitNoTimerChange(EpollEventLoop.java:294)
        at org.apache.ratis.thirdparty.io.netty.channel.epoll.EpollEventLoop.run(EpollEventLoop.java:351)
        at org.apache.ratis.thirdparty.io.netty.util.concurrent.SingleThreadEventExecutor$4.run(SingleThreadEventExecutor.java:995)
        at org.apache.ratis.thirdparty.io.netty.util.internal.ThreadExecutorMap$2.run(ThreadExecutorMap.java:74)
        at java.lang.Thread.run(Thread.java:750)
"b412bf4c-8645-4ac9-920f-94e6c323f92a@group-66FEC34252F7-StateMachineUpdater" daemon prio=5 tid=676 timed_waiting
java.lang.Thread.State: TIMED_WAITING
        at sun.misc.Unsafe.park(Native Method)
        at java.util.concurrent.locks.LockSupport.parkNanos(LockSupport.java:215)
        at java.util.concurrent.CompletableFuture$Signaller.block(CompletableFuture.java:1709)
        at java.util.concurrent.ForkJoinPool.managedBlock(ForkJoinPool.java:3323)
        at java.util.concurrent.CompletableFuture.timedGet(CompletableFuture.java:1788)
        at java.util.concurrent.CompletableFuture.get(CompletableFuture.java:1928)
        at org.apache.ratis.util.AwaitForSignal.await(AwaitForSignal.java:56)
        at org.apache.ratis.server.impl.StateMachineUpdater.waitForCommit(StateMachineUpdater.java:207)
        at org.apache.ratis.server.impl.StateMachineUpdater.run(StateMachineUpdater.java:176)
        at java.lang.Thread.run(Thread.java:750)
"BlockDeletingService#0" daemon prio=5 tid=507 in Object.wait()
java.lang.Thread.State: WAITING (on object monitor)
        at sun.misc.Unsafe.park(Native Method)
        at java.util.concurrent.locks.LockSupport.park(LockSupport.java:175)
        at java.util.concurrent.locks.AbstractQueuedSynchronizer$ConditionObject.await(AbstractQueuedSynchronizer.java:2039)
        at java.util.concurrent.ScheduledThreadPoolExecutor$DelayedWorkQueue.take(ScheduledThreadPoolExecutor.java:1088)
        at java.util.concurrent.ScheduledThreadPoolExecutor$DelayedWorkQueue.take(ScheduledThreadPoolExecutor.java:809)
        at java.util.concurrent.ThreadPoolExecutor.getTask(ThreadPoolExecutor.java:1074)
        at java.util.concurrent.ThreadPoolExecutor.runWorker(ThreadPoolExecutor.java:1134)
        at java.util.concurrent.ThreadPoolExecutor$Worker.run(ThreadPoolExecutor.java:624)
        at java.lang.Thread.run(Thread.java:750)
"d878db48-ef46-44bf-ac98-cb2daa3cfd80@group-EFE686CBFEBE->b412bf4c-8645-4ac9-920f-94e6c323f92a-GrpcLogAppender-LogAppenderDaemon" daemon prio=5 tid=762 timed_waiting
java.lang.Thread.State: TIMED_WAITING
        at sun.misc.Unsafe.park(Native Method)
        at java.util.concurrent.locks.LockSupport.parkNanos(LockSupport.java:215)
        at java.util.concurrent.CompletableFuture$Signaller.block(CompletableFuture.java:1709)
        at java.util.concurrent.ForkJoinPool.managedBlock(ForkJoinPool.java:3323)
        at java.util.concurrent.CompletableFuture.timedGet(CompletableFuture.java:1788)
        at java.util.concurrent.CompletableFuture.get(CompletableFuture.java:1928)
        at org.apache.ratis.util.AwaitForSignal.await(AwaitForSignal.java:56)
        at org.apache.ratis.grpc.server.GrpcLogAppender.mayWait(GrpcLogAppender.java:198)
        at org.apache.ratis.grpc.server.GrpcLogAppender.run(GrpcLogAppender.java:148)
        at org.apache.ratis.server.leader.LogAppenderDaemon.run(LogAppenderDaemon.java:78)
        at org.apache.ratis.server.leader.LogAppenderDaemon$$Lambda$1038/329273412.run(Unknown Source)
        at java.lang.Thread.run(Thread.java:750)
"b6bbe4ab-2937-401d-96b4-8acfa82ea187@group-07838B844681-SegmentedRaftLogWorker"  prio=5 tid=677 timed_waiting
java.lang.Thread.State: TIMED_WAITING
        at sun.misc.Unsafe.park(Native Method)
        at java.util.concurrent.locks.LockSupport.parkNanos(LockSupport.java:215)
        at java.util.concurrent.locks.AbstractQueuedSynchronizer$ConditionObject.awaitNanos(AbstractQueuedSynchronizer.java:2078)
        at org.apache.ratis.util.DataBlockingQueue.poll(DataBlockingQueue.java:148)
        at org.apache.ratis.server.raftlog.segmented.SegmentedRaftLogWorker.run(SegmentedRaftLogWorker.java:310)
        at org.apache.ratis.server.raftlog.segmented.SegmentedRaftLogWorker$$Lambda$665/2146560083.run(Unknown Source)
        at java.lang.Thread.run(Thread.java:750)
"556da25a-9bc8-419d-83a0-dc1d92c1e895@group-16B0CCAD8931-FollowerState" daemon prio=5 tid=858 timed_waiting
java.lang.Thread.State: TIMED_WAITING
        at java.lang.Thread.sleep(Native Method)
        at java.lang.Thread.sleep(Thread.java:342)
        at java.util.concurrent.TimeUnit.sleep(TimeUnit.java:386)
        at org.apache.ratis.util.TimeDuration.sleep(TimeDuration.java:325)
        at org.apache.ratis.util.TimeDuration.sleep(TimeDuration.java:310)
        at org.apache.ratis.server.impl.FollowerState.run(FollowerState.java:128)
"timer3" daemon prio=5 tid=708 timed_waiting
java.lang.Thread.State: TIMED_WAITING
        at java.lang.Object.wait(Native Method)
        at java.util.TimerThread.mainLoop(Timer.java:552)
        at java.util.TimerThread.run(Timer.java:505)
"om1@group-C5BA1605619E-LeaderStateImpl" daemon prio=5 tid=220 timed_waiting
java.lang.Thread.State: TIMED_WAITING
        at sun.misc.Unsafe.park(Native Method)
        at java.util.concurrent.locks.LockSupport.parkNanos(LockSupport.java:215)
        at java.util.concurrent.locks.AbstractQueuedSynchronizer$ConditionObject.awaitNanos(AbstractQueuedSynchronizer.java:2078)
        at java.util.concurrent.ArrayBlockingQueue.poll(ArrayBlockingQueue.java:418)
        at org.apache.ratis.server.impl.LeaderStateImpl$EventQueue.poll(LeaderStateImpl.java:159)
        at org.apache.ratis.server.impl.LeaderStateImpl$EventProcessor.run(LeaderStateImpl.java:630)
"StaleRecoveringContainerScrubbingService#0" daemon prio=5 tid=370 in Object.wait()
java.lang.Thread.State: WAITING (on object monitor)
        at sun.misc.Unsafe.park(Native Method)
        at java.util.concurrent.locks.LockSupport.park(LockSupport.java:175)
        at java.util.concurrent.locks.AbstractQueuedSynchronizer$ConditionObject.await(AbstractQueuedSynchronizer.java:2039)
        at java.util.concurrent.ScheduledThreadPoolExecutor$DelayedWorkQueue.take(ScheduledThreadPoolExecutor.java:1088)
        at java.util.concurrent.ScheduledThreadPoolExecutor$DelayedWorkQueue.take(ScheduledThreadPoolExecutor.java:809)
        at java.util.concurrent.ThreadPoolExecutor.getTask(ThreadPoolExecutor.java:1074)
        at java.util.concurrent.ThreadPoolExecutor.runWorker(ThreadPoolExecutor.java:1134)
        at java.util.concurrent.ThreadPoolExecutor$Worker.run(ThreadPoolExecutor.java:624)
        at java.lang.Thread.run(Thread.java:750)
"FixedThreadPoolWithAffinityExecutor-7-0" daemon prio=5 tid=42 timed_waiting
java.lang.Thread.State: TIMED_WAITING
        at sun.misc.Unsafe.park(Native Method)
        at java.util.concurrent.locks.LockSupport.parkNanos(LockSupport.java:215)
        at java.util.concurrent.locks.AbstractQueuedSynchronizer$ConditionObject.awaitNanos(AbstractQueuedSynchronizer.java:2078)
        at java.util.concurrent.LinkedBlockingQueue.poll(LinkedBlockingQueue.java:467)
        at org.apache.hadoop.hdds.scm.server.ContainerReportQueue.poll(ContainerReportQueue.java:266)
        at org.apache.hadoop.hdds.scm.server.ContainerReportQueue.poll(ContainerReportQueue.java:42)
        at org.apache.hadoop.hdds.server.events.FixedThreadPoolWithAffinityExecutor$ContainerReportProcessTask.run(FixedThreadPoolWithAffinityExecutor.java:218)
        at java.util.concurrent.Executors$RunnableAdapter.call(Executors.java:511)
        at java.util.concurrent.FutureTask.run(FutureTask.java:266)
        at java.util.concurrent.ThreadPoolExecutor.runWorker(ThreadPoolExecutor.java:1149)
        at java.util.concurrent.ThreadPoolExecutor$Worker.run(ThreadPoolExecutor.java:624)
        at java.lang.Thread.run(Thread.java:750)
"BlockDeletingService#1" daemon prio=5 tid=439 timed_waiting
java.lang.Thread.State: TIMED_WAITING
        at sun.misc.Unsafe.park(Native Method)
        at java.util.concurrent.locks.LockSupport.parkNanos(LockSupport.java:215)
        at java.util.concurrent.locks.AbstractQueuedSynchronizer$ConditionObject.awaitNanos(AbstractQueuedSynchronizer.java:2078)
        at java.util.concurrent.ScheduledThreadPoolExecutor$DelayedWorkQueue.take(ScheduledThreadPoolExecutor.java:1093)
        at java.util.concurrent.ScheduledThreadPoolExecutor$DelayedWorkQueue.take(ScheduledThreadPoolExecutor.java:809)
        at java.util.concurrent.ThreadPoolExecutor.getTask(ThreadPoolExecutor.java:1074)
        at java.util.concurrent.ThreadPoolExecutor.runWorker(ThreadPoolExecutor.java:1134)
        at java.util.concurrent.ThreadPoolExecutor$Worker.run(ThreadPoolExecutor.java:624)
        at java.lang.Thread.run(Thread.java:750)
"qtp1798219135-211" daemon prio=5 tid=211 runnable
java.lang.Thread.State: RUNNABLE
        at sun.nio.ch.EPollArrayWrapper.epollWait(Native Method)
        at sun.nio.ch.EPollArrayWrapper.poll(EPollArrayWrapper.java:269)
        at sun.nio.ch.EPollSelectorImpl.doSelect(EPollSelectorImpl.java:93)
        at sun.nio.ch.SelectorImpl.lockAndDoSelect(SelectorImpl.java:86)
        at sun.nio.ch.SelectorImpl.select(SelectorImpl.java:97)
        at sun.nio.ch.SelectorImpl.select(SelectorImpl.java:101)
        at org.eclipse.jetty.io.ManagedSelector.nioSelect(ManagedSelector.java:183)
        at org.eclipse.jetty.io.ManagedSelector.select(ManagedSelector.java:190)
        at org.eclipse.jetty.io.ManagedSelector$SelectorProducer.select(ManagedSelector.java:606)
        at org.eclipse.jetty.io.ManagedSelector$SelectorProducer.produce(ManagedSelector.java:543)
        at org.eclipse.jetty.util.thread.strategy.EatWhatYouKill.produceTask(EatWhatYouKill.java:362)
        at org.eclipse.jetty.util.thread.strategy.EatWhatYouKill.doProduce(EatWhatYouKill.java:186)
        at org.eclipse.jetty.util.thread.strategy.EatWhatYouKill.tryProduce(EatWhatYouKill.java:173)
        at org.eclipse.jetty.util.thread.strategy.EatWhatYouKill.produce(EatWhatYouKill.java:137)
        at org.eclipse.jetty.io.ManagedSelector$$Lambda$446/827549167.run(Unknown Source)
        at org.eclipse.jetty.util.thread.QueuedThreadPool.runJob(QueuedThreadPool.java:883)
        at org.eclipse.jetty.util.thread.QueuedThreadPool$Runner.run(QueuedThreadPool.java:1034)
        at java.lang.Thread.run(Thread.java:750)
"Datanode ReportManager Thread - 0" daemon prio=5 tid=326 in Object.wait()
java.lang.Thread.State: WAITING (on object monitor)
        at sun.misc.Unsafe.park(Native Method)
        at java.util.concurrent.locks.LockSupport.park(LockSupport.java:175)
        at java.util.concurrent.locks.AbstractQueuedSynchronizer$ConditionObject.await(AbstractQueuedSynchronizer.java:2039)
        at java.util.concurrent.ScheduledThreadPoolExecutor$DelayedWorkQueue.take(ScheduledThreadPoolExecutor.java:1088)
        at java.util.concurrent.ScheduledThreadPoolExecutor$DelayedWorkQueue.take(ScheduledThreadPoolExecutor.java:809)
        at java.util.concurrent.ThreadPoolExecutor.getTask(ThreadPoolExecutor.java:1074)
        at java.util.concurrent.ThreadPoolExecutor.runWorker(ThreadPoolExecutor.java:1134)
        at java.util.concurrent.ThreadPoolExecutor$Worker.run(ThreadPoolExecutor.java:624)
        at java.lang.Thread.run(Thread.java:750)
"IPC Server handler 17 on default port 40715" daemon prio=5 tid=84 timed_waiting
java.lang.Thread.State: TIMED_WAITING
        at sun.misc.Unsafe.park(Native Method)
        at java.util.concurrent.locks.LockSupport.parkNanos(LockSupport.java:215)
        at java.util.concurrent.locks.AbstractQueuedSynchronizer$ConditionObject.awaitNanos(AbstractQueuedSynchronizer.java:2078)
        at java.util.concurrent.LinkedBlockingQueue.poll(LinkedBlockingQueue.java:467)
        at org.apache.hadoop.ipc.CallQueueManager.take(CallQueueManager.java:317)
        at org.apache.hadoop.ipc.Server$Handler.run(Server.java:2942)
"timer1" daemon prio=5 tid=704 timed_waiting
java.lang.Thread.State: TIMED_WAITING
        at java.lang.Object.wait(Native Method)
        at java.util.TimerThread.mainLoop(Timer.java:552)
        at java.util.TimerThread.run(Timer.java:505)
"pool-111-thread-1" daemon prio=5 tid=233 timed_waiting
java.lang.Thread.State: TIMED_WAITING
        at sun.misc.Unsafe.park(Native Method)
        at java.util.concurrent.locks.LockSupport.parkNanos(LockSupport.java:215)
        at java.util.concurrent.locks.AbstractQueuedSynchronizer$ConditionObject.awaitNanos(AbstractQueuedSynchronizer.java:2078)
        at java.util.concurrent.ScheduledThreadPoolExecutor$DelayedWorkQueue.take(ScheduledThreadPoolExecutor.java:1093)
        at java.util.concurrent.ScheduledThreadPoolExecutor$DelayedWorkQueue.take(ScheduledThreadPoolExecutor.java:809)
        at java.util.concurrent.ThreadPoolExecutor.getTask(ThreadPoolExecutor.java:1074)
        at java.util.concurrent.ThreadPoolExecutor.runWorker(ThreadPoolExecutor.java:1134)
        at java.util.concurrent.ThreadPoolExecutor$Worker.run(ThreadPoolExecutor.java:624)
        at java.lang.Thread.run(Thread.java:750)
"8d7ec919-acd2-4b88-a99a-dd9f5739b33b@group-16B0CCAD8931-SegmentedRaftLogWorker"  prio=5 tid=572 timed_waiting
java.lang.Thread.State: TIMED_WAITING
        at sun.misc.Unsafe.park(Native Method)
        at java.util.concurrent.locks.LockSupport.parkNanos(LockSupport.java:215)
        at java.util.concurrent.locks.AbstractQueuedSynchronizer$ConditionObject.awaitNanos(AbstractQueuedSynchronizer.java:2078)
        at org.apache.ratis.util.DataBlockingQueue.poll(DataBlockingQueue.java:148)
        at org.apache.ratis.server.raftlog.segmented.SegmentedRaftLogWorker.run(SegmentedRaftLogWorker.java:310)
        at org.apache.ratis.server.raftlog.segmented.SegmentedRaftLogWorker$$Lambda$665/2146560083.run(Unknown Source)
        at java.lang.Thread.run(Thread.java:750)
"b6bbe4ab-2937-401d-96b4-8acfa82ea187@group-8A4815B43099-FollowerState" daemon prio=5 tid=885 timed_waiting
java.lang.Thread.State: TIMED_WAITING
        at java.lang.Thread.sleep(Native Method)
        at java.lang.Thread.sleep(Thread.java:342)
        at java.util.concurrent.TimeUnit.sleep(TimeUnit.java:386)
        at org.apache.ratis.util.TimeDuration.sleep(TimeDuration.java:325)
        at org.apache.ratis.util.TimeDuration.sleep(TimeDuration.java:310)
        at org.apache.ratis.server.impl.FollowerState.run(FollowerState.java:128)
"Datanode ReportManager Thread - 0" daemon prio=5 tid=479 timed_waiting
java.lang.Thread.State: TIMED_WAITING
        at sun.misc.Unsafe.park(Native Method)
        at java.util.concurrent.locks.LockSupport.parkNanos(LockSupport.java:215)
        at java.util.concurrent.locks.AbstractQueuedSynchronizer$ConditionObject.awaitNanos(AbstractQueuedSynchronizer.java:2078)
        at java.util.concurrent.ScheduledThreadPoolExecutor$DelayedWorkQueue.take(ScheduledThreadPoolExecutor.java:1093)
        at java.util.concurrent.ScheduledThreadPoolExecutor$DelayedWorkQueue.take(ScheduledThreadPoolExecutor.java:809)
        at java.util.concurrent.ThreadPoolExecutor.getTask(ThreadPoolExecutor.java:1074)
        at java.util.concurrent.ThreadPoolExecutor.runWorker(ThreadPoolExecutor.java:1134)
        at java.util.concurrent.ThreadPoolExecutor$Worker.run(ThreadPoolExecutor.java:624)
        at java.lang.Thread.run(Thread.java:750)
"Datanode State Machine Task Thread - 0"  prio=5 tid=410 in Object.wait()
java.lang.Thread.State: WAITING (on object monitor)
        at sun.misc.Unsafe.park(Native Method)
        at java.util.concurrent.locks.LockSupport.park(LockSupport.java:175)
        at java.util.concurrent.locks.AbstractQueuedSynchronizer$ConditionObject.await(AbstractQueuedSynchronizer.java:2039)
        at java.util.concurrent.LinkedBlockingQueue.take(LinkedBlockingQueue.java:442)
        at java.util.concurrent.ThreadPoolExecutor.getTask(ThreadPoolExecutor.java:1074)
        at java.util.concurrent.ThreadPoolExecutor.runWorker(ThreadPoolExecutor.java:1134)
        at java.util.concurrent.ThreadPoolExecutor$Worker.run(ThreadPoolExecutor.java:624)
        at java.lang.Thread.run(Thread.java:750)
"Datanode ReportManager Thread - 3" daemon prio=5 tid=406 timed_waiting
java.lang.Thread.State: TIMED_WAITING
        at sun.misc.Unsafe.park(Native Method)
        at java.util.concurrent.locks.LockSupport.parkNanos(LockSupport.java:215)
        at java.util.concurrent.locks.AbstractQueuedSynchronizer$ConditionObject.awaitNanos(AbstractQueuedSynchronizer.java:2078)
        at java.util.concurrent.ScheduledThreadPoolExecutor$DelayedWorkQueue.take(ScheduledThreadPoolExecutor.java:1093)
        at java.util.concurrent.ScheduledThreadPoolExecutor$DelayedWorkQueue.take(ScheduledThreadPoolExecutor.java:809)
        at java.util.concurrent.ThreadPoolExecutor.getTask(ThreadPoolExecutor.java:1074)
        at java.util.concurrent.ThreadPoolExecutor.runWorker(ThreadPoolExecutor.java:1134)
        at java.util.concurrent.ThreadPoolExecutor$Worker.run(ThreadPoolExecutor.java:624)
        at java.lang.Thread.run(Thread.java:750)
"om1@group-C5BA1605619E-StateMachineUpdater" daemon prio=5 tid=137 timed_waiting
java.lang.Thread.State: TIMED_WAITING
        at sun.misc.Unsafe.park(Native Method)
        at java.util.concurrent.locks.LockSupport.parkNanos(LockSupport.java:215)
        at java.util.concurrent.CompletableFuture$Signaller.block(CompletableFuture.java:1709)
        at java.util.concurrent.ForkJoinPool.managedBlock(ForkJoinPool.java:3323)
        at java.util.concurrent.CompletableFuture.timedGet(CompletableFuture.java:1788)
        at java.util.concurrent.CompletableFuture.get(CompletableFuture.java:1928)
        at org.apache.ratis.util.AwaitForSignal.await(AwaitForSignal.java:56)
        at org.apache.ratis.server.impl.StateMachineUpdater.waitForCommit(StateMachineUpdater.java:207)
        at org.apache.ratis.server.impl.StateMachineUpdater.run(StateMachineUpdater.java:176)
        at java.lang.Thread.run(Thread.java:750)
"EndpointStateMachine task thread for /0.0.0.0:35727 - 0 "  prio=5 tid=391 in Object.wait()
java.lang.Thread.State: WAITING (on object monitor)
        at sun.misc.Unsafe.park(Native Method)
        at java.util.concurrent.locks.LockSupport.park(LockSupport.java:175)
        at java.util.concurrent.locks.AbstractQueuedSynchronizer$ConditionObject.await(AbstractQueuedSynchronizer.java:2039)
        at java.util.concurrent.LinkedBlockingQueue.take(LinkedBlockingQueue.java:442)
        at java.util.concurrent.ThreadPoolExecutor.getTask(ThreadPoolExecutor.java:1074)
        at java.util.concurrent.ThreadPoolExecutor.runWorker(ThreadPoolExecutor.java:1134)
        at java.util.concurrent.ThreadPoolExecutor$Worker.run(ThreadPoolExecutor.java:624)
        at java.lang.Thread.run(Thread.java:750)
"ChunkWriter-2-0" daemon prio=5 tid=534 in Object.wait()
java.lang.Thread.State: WAITING (on object monitor)
        at sun.misc.Unsafe.park(Native Method)
        at java.util.concurrent.locks.LockSupport.park(LockSupport.java:175)
        at java.util.concurrent.locks.AbstractQueuedSynchronizer$ConditionObject.await(AbstractQueuedSynchronizer.java:2039)
        at java.util.concurrent.LinkedBlockingDeque.takeFirst(LinkedBlockingDeque.java:492)
        at java.util.concurrent.LinkedBlockingDeque.take(LinkedBlockingDeque.java:680)
        at java.util.concurrent.ThreadPoolExecutor.getTask(ThreadPoolExecutor.java:1074)
        at java.util.concurrent.ThreadPoolExecutor.runWorker(ThreadPoolExecutor.java:1134)
        at java.util.concurrent.ThreadPoolExecutor$Worker.run(ThreadPoolExecutor.java:624)
        at java.lang.Thread.run(Thread.java:750)
"556da25a-9bc8-419d-83a0-dc1d92c1e895@group-BEB6889659DA-FollowerState" daemon prio=5 tid=699 timed_waiting
java.lang.Thread.State: TIMED_WAITING
        at java.lang.Thread.sleep(Native Method)
        at java.lang.Thread.sleep(Thread.java:342)
        at java.util.concurrent.TimeUnit.sleep(TimeUnit.java:386)
        at org.apache.ratis.util.TimeDuration.sleep(TimeDuration.java:325)
        at org.apache.ratis.util.TimeDuration.sleep(TimeDuration.java:310)
        at org.apache.ratis.server.impl.FollowerState.run(FollowerState.java:128)
"BlockDeletingService#1" daemon prio=5 tid=371 timed_waiting
java.lang.Thread.State: TIMED_WAITING
        at sun.misc.Unsafe.park(Native Method)
        at java.util.concurrent.locks.LockSupport.parkNanos(LockSupport.java:215)
        at java.util.concurrent.locks.AbstractQueuedSynchronizer$ConditionObject.awaitNanos(AbstractQueuedSynchronizer.java:2078)
        at java.util.concurrent.ScheduledThreadPoolExecutor$DelayedWorkQueue.take(ScheduledThreadPoolExecutor.java:1093)
        at java.util.concurrent.ScheduledThreadPoolExecutor$DelayedWorkQueue.take(ScheduledThreadPoolExecutor.java:809)
        at java.util.concurrent.ThreadPoolExecutor.getTask(ThreadPoolExecutor.java:1074)
        at java.util.concurrent.ThreadPoolExecutor.runWorker(ThreadPoolExecutor.java:1134)
        at java.util.concurrent.ThreadPoolExecutor$Worker.run(ThreadPoolExecutor.java:624)
        at java.lang.Thread.run(Thread.java:750)
"StaleRecoveringContainerScrubbingService#1" daemon prio=5 tid=541 timed_waiting
java.lang.Thread.State: TIMED_WAITING
        at sun.misc.Unsafe.park(Native Method)
        at java.util.concurrent.locks.LockSupport.parkNanos(LockSupport.java:215)
        at java.util.concurrent.locks.AbstractQueuedSynchronizer$ConditionObject.awaitNanos(AbstractQueuedSynchronizer.java:2078)
        at java.util.concurrent.ScheduledThreadPoolExecutor$DelayedWorkQueue.take(ScheduledThreadPoolExecutor.java:1093)
        at java.util.concurrent.ScheduledThreadPoolExecutor$DelayedWorkQueue.take(ScheduledThreadPoolExecutor.java:809)
        at java.util.concurrent.ThreadPoolExecutor.getTask(ThreadPoolExecutor.java:1074)
        at java.util.concurrent.ThreadPoolExecutor.runWorker(ThreadPoolExecutor.java:1134)
        at java.util.concurrent.ThreadPoolExecutor$Worker.run(ThreadPoolExecutor.java:624)
        at java.lang.Thread.run(Thread.java:750)
"RatisPipelineUtilsThread - 0"  prio=5 tid=15 timed_waiting
java.lang.Thread.State: TIMED_WAITING
        at java.lang.Object.wait(Native Method)
        at org.apache.hadoop.hdds.scm.pipeline.BackgroundPipelineCreator.run(BackgroundPipelineCreator.java:176)
        at org.apache.hadoop.hdds.scm.pipeline.BackgroundPipelineCreator$$Lambda$372/1580727170.run(Unknown Source)
        at java.lang.Thread.run(Thread.java:750)
"Datanode ReportManager Thread - 4" daemon prio=5 tid=304 in Object.wait()
java.lang.Thread.State: WAITING (on object monitor)
        at sun.misc.Unsafe.park(Native Method)
        at java.util.concurrent.locks.LockSupport.park(LockSupport.java:175)
        at java.util.concurrent.locks.AbstractQueuedSynchronizer$ConditionObject.await(AbstractQueuedSynchronizer.java:2039)
        at java.util.concurrent.ScheduledThreadPoolExecutor$DelayedWorkQueue.take(ScheduledThreadPoolExecutor.java:1088)
        at java.util.concurrent.ScheduledThreadPoolExecutor$DelayedWorkQueue.take(ScheduledThreadPoolExecutor.java:809)
        at java.util.concurrent.ThreadPoolExecutor.getTask(ThreadPoolExecutor.java:1074)
        at java.util.concurrent.ThreadPoolExecutor.runWorker(ThreadPoolExecutor.java:1134)
        at java.util.concurrent.ThreadPoolExecutor$Worker.run(ThreadPoolExecutor.java:624)
        at java.lang.Thread.run(Thread.java:750)
"d878db48-ef46-44bf-ac98-cb2daa3cfd80@group-EFE686CBFEBE-SegmentedRaftLogWorker"  prio=5 tid=650 timed_waiting
java.lang.Thread.State: TIMED_WAITING
        at sun.misc.Unsafe.park(Native Method)
        at java.util.concurrent.locks.LockSupport.parkNanos(LockSupport.java:215)
        at java.util.concurrent.locks.AbstractQueuedSynchronizer$ConditionObject.awaitNanos(AbstractQueuedSynchronizer.java:2078)
        at org.apache.ratis.util.DataBlockingQueue.poll(DataBlockingQueue.java:148)
        at org.apache.ratis.server.raftlog.segmented.SegmentedRaftLogWorker.run(SegmentedRaftLogWorker.java:310)
        at org.apache.ratis.server.raftlog.segmented.SegmentedRaftLogWorker$$Lambda$665/2146560083.run(Unknown Source)
        at java.lang.Thread.run(Thread.java:750)
"8d7ec919-acd2-4b88-a99a-dd9f5739b33b@group-DEA1DB5A5D55-LeaderStateImpl" daemon prio=5 tid=685 timed_waiting
java.lang.Thread.State: TIMED_WAITING
        at sun.misc.Unsafe.park(Native Method)
        at java.util.concurrent.locks.LockSupport.parkNanos(LockSupport.java:215)
        at java.util.concurrent.locks.AbstractQueuedSynchronizer$ConditionObject.awaitNanos(AbstractQueuedSynchronizer.java:2078)
        at java.util.concurrent.ArrayBlockingQueue.poll(ArrayBlockingQueue.java:418)
        at org.apache.ratis.server.impl.LeaderStateImpl$EventQueue.poll(LeaderStateImpl.java:159)
        at org.apache.ratis.server.impl.LeaderStateImpl$EventProcessor.run(LeaderStateImpl.java:630)
"Socket Reader #1 for port 0"  prio=5 tid=28 runnable
java.lang.Thread.State: RUNNABLE
        at sun.nio.ch.EPollArrayWrapper.epollWait(Native Method)
        at sun.nio.ch.EPollArrayWrapper.poll(EPollArrayWrapper.java:269)
        at sun.nio.ch.EPollSelectorImpl.doSelect(EPollSelectorImpl.java:93)
        at sun.nio.ch.SelectorImpl.lockAndDoSelect(SelectorImpl.java:86)
        at sun.nio.ch.SelectorImpl.select(SelectorImpl.java:97)
        at sun.nio.ch.SelectorImpl.select(SelectorImpl.java:101)
        at org.apache.hadoop.ipc.Server$Listener$Reader.doRunLoop(Server.java:1296)
        at org.apache.hadoop.ipc.Server$Listener$Reader.run(Server.java:1275)
"org.apache.hadoop.util.JvmPauseMonitor$Monitor@1ba67d13" daemon prio=5 tid=485 timed_waiting
java.lang.Thread.State: TIMED_WAITING
        at java.lang.Thread.sleep(Native Method)
        at org.apache.hadoop.util.JvmPauseMonitor$Monitor.run(JvmPauseMonitor.java:192)
        at java.lang.Thread.run(Thread.java:750)
"IPC Server Responder" daemon prio=5 tid=30 runnable
java.lang.Thread.State: RUNNABLE
        at sun.nio.ch.EPollArrayWrapper.epollWait(Native Method)
        at sun.nio.ch.EPollArrayWrapper.poll(EPollArrayWrapper.java:269)
        at sun.nio.ch.EPollSelectorImpl.doSelect(EPollSelectorImpl.java:93)
        at sun.nio.ch.SelectorImpl.lockAndDoSelect(SelectorImpl.java:86)
        at sun.nio.ch.SelectorImpl.select(SelectorImpl.java:97)
        at org.apache.hadoop.ipc.Server$Responder.doRunLoop(Server.java:1532)
        at org.apache.hadoop.ipc.Server$Responder.run(Server.java:1515)
"d878db48-ef46-44bf-ac98-cb2daa3cfd80@group-EFE686CBFEBE-LeaderStateImpl" daemon prio=5 tid=760 timed_waiting
java.lang.Thread.State: TIMED_WAITING
        at sun.misc.Unsafe.park(Native Method)
        at java.util.concurrent.locks.LockSupport.parkNanos(LockSupport.java:215)
        at java.util.concurrent.locks.AbstractQueuedSynchronizer$ConditionObject.awaitNanos(AbstractQueuedSynchronizer.java:2078)
        at java.util.concurrent.ArrayBlockingQueue.poll(ArrayBlockingQueue.java:418)
        at org.apache.ratis.server.impl.LeaderStateImpl$EventQueue.poll(LeaderStateImpl.java:159)
        at org.apache.ratis.server.impl.LeaderStateImpl$EventProcessor.run(LeaderStateImpl.java:630)
"qtp860364734-421" daemon prio=5 tid=421 timed_waiting
java.lang.Thread.State: TIMED_WAITING
        at sun.misc.Unsafe.park(Native Method)
        at java.util.concurrent.locks.LockSupport.parkNanos(LockSupport.java:215)
        at java.util.concurrent.locks.AbstractQueuedSynchronizer$ConditionObject.awaitNanos(AbstractQueuedSynchronizer.java:2078)
        at org.eclipse.jetty.util.BlockingArrayQueue.poll(BlockingArrayQueue.java:382)
        at org.eclipse.jetty.util.thread.QueuedThreadPool$Runner.idleJobPoll(QueuedThreadPool.java:974)
        at org.eclipse.jetty.util.thread.QueuedThreadPool$Runner.run(QueuedThreadPool.java:1018)
        at java.lang.Thread.run(Thread.java:750)
"d878db48-ef46-44bf-ac98-cb2daa3cfd80@group-8A4815B43099-SegmentedRaftLogWorker"  prio=5 tid=663 timed_waiting
java.lang.Thread.State: TIMED_WAITING
        at sun.misc.Unsafe.park(Native Method)
        at java.util.concurrent.locks.LockSupport.parkNanos(LockSupport.java:215)
        at java.util.concurrent.locks.AbstractQueuedSynchronizer$ConditionObject.awaitNanos(AbstractQueuedSynchronizer.java:2078)
        at org.apache.ratis.util.DataBlockingQueue.poll(DataBlockingQueue.java:148)
        at org.apache.ratis.server.raftlog.segmented.SegmentedRaftLogWorker.run(SegmentedRaftLogWorker.java:310)
        at org.apache.ratis.server.raftlog.segmented.SegmentedRaftLogWorker$$Lambda$665/2146560083.run(Unknown Source)
        at java.lang.Thread.run(Thread.java:750)
"b2efe8a5-99bb-41e7-9296-f49000549216@group-BEB6889659DA-StateMachineUpdater" daemon prio=5 tid=606 timed_waiting
java.lang.Thread.State: TIMED_WAITING
        at sun.misc.Unsafe.park(Native Method)
        at java.util.concurrent.locks.LockSupport.parkNanos(LockSupport.java:215)
        at java.util.concurrent.CompletableFuture$Signaller.block(CompletableFuture.java:1709)
        at java.util.concurrent.ForkJoinPool.managedBlock(ForkJoinPool.java:3323)
        at java.util.concurrent.CompletableFuture.timedGet(CompletableFuture.java:1788)
        at java.util.concurrent.CompletableFuture.get(CompletableFuture.java:1928)
        at org.apache.ratis.util.AwaitForSignal.await(AwaitForSignal.java:56)
        at org.apache.ratis.server.impl.StateMachineUpdater.waitForCommit(StateMachineUpdater.java:207)
        at org.apache.ratis.server.impl.StateMachineUpdater.run(StateMachineUpdater.java:176)
        at java.lang.Thread.run(Thread.java:750)
"ChunkWriter-0-0" daemon prio=5 tid=556 in Object.wait()
java.lang.Thread.State: WAITING (on object monitor)
        at sun.misc.Unsafe.park(Native Method)
        at java.util.concurrent.locks.LockSupport.park(LockSupport.java:175)
        at java.util.concurrent.locks.AbstractQueuedSynchronizer$ConditionObject.await(AbstractQueuedSynchronizer.java:2039)
        at java.util.concurrent.LinkedBlockingDeque.takeFirst(LinkedBlockingDeque.java:492)
        at java.util.concurrent.LinkedBlockingDeque.take(LinkedBlockingDeque.java:680)
        at java.util.concurrent.ThreadPoolExecutor.getTask(ThreadPoolExecutor.java:1074)
        at java.util.concurrent.ThreadPoolExecutor.runWorker(ThreadPoolExecutor.java:1134)
        at java.util.concurrent.ThreadPoolExecutor$Worker.run(ThreadPoolExecutor.java:624)
        at java.lang.Thread.run(Thread.java:750)
"d878db48-ef46-44bf-ac98-cb2daa3cfd80@group-2FC460863941-StateMachineUpdater" daemon prio=5 tid=649 timed_waiting
java.lang.Thread.State: TIMED_WAITING
        at sun.misc.Unsafe.park(Native Method)
        at java.util.concurrent.locks.LockSupport.parkNanos(LockSupport.java:215)
        at java.util.concurrent.CompletableFuture$Signaller.block(CompletableFuture.java:1709)
        at java.util.concurrent.ForkJoinPool.managedBlock(ForkJoinPool.java:3323)
        at java.util.concurrent.CompletableFuture.timedGet(CompletableFuture.java:1788)
        at java.util.concurrent.CompletableFuture.get(CompletableFuture.java:1928)
        at org.apache.ratis.util.AwaitForSignal.await(AwaitForSignal.java:56)
        at org.apache.ratis.server.impl.StateMachineUpdater.waitForCommit(StateMachineUpdater.java:207)
        at org.apache.ratis.server.impl.StateMachineUpdater.run(StateMachineUpdater.java:176)
        at java.lang.Thread.run(Thread.java:750)
"Datanode State Machine Task Thread - 0"  prio=5 tid=229 in Object.wait()
java.lang.Thread.State: WAITING (on object monitor)
        at sun.misc.Unsafe.park(Native Method)
        at java.util.concurrent.locks.LockSupport.park(LockSupport.java:175)
        at java.util.concurrent.locks.AbstractQueuedSynchronizer$ConditionObject.await(AbstractQueuedSynchronizer.java:2039)
        at java.util.concurrent.LinkedBlockingQueue.take(LinkedBlockingQueue.java:442)
        at java.util.concurrent.ThreadPoolExecutor.getTask(ThreadPoolExecutor.java:1074)
        at java.util.concurrent.ThreadPoolExecutor.runWorker(ThreadPoolExecutor.java:1134)
        at java.util.concurrent.ThreadPoolExecutor$Worker.run(ThreadPoolExecutor.java:624)
        at java.lang.Thread.run(Thread.java:750)
"b6bbe4ab-2937-401d-96b4-8acfa82ea187@group-EFE686CBFEBE-StateMachineUpdater" daemon prio=5 tid=661 timed_waiting
java.lang.Thread.State: TIMED_WAITING
        at sun.misc.Unsafe.park(Native Method)
        at java.util.concurrent.locks.LockSupport.parkNanos(LockSupport.java:215)
        at java.util.concurrent.CompletableFuture$Signaller.block(CompletableFuture.java:1709)
        at java.util.concurrent.ForkJoinPool.managedBlock(ForkJoinPool.java:3323)
        at java.util.concurrent.CompletableFuture.timedGet(CompletableFuture.java:1788)
        at java.util.concurrent.CompletableFuture.get(CompletableFuture.java:1928)
        at org.apache.ratis.util.AwaitForSignal.await(AwaitForSignal.java:56)
        at org.apache.ratis.server.impl.StateMachineUpdater.waitForCommit(StateMachineUpdater.java:207)
        at org.apache.ratis.server.impl.StateMachineUpdater.run(StateMachineUpdater.java:176)
        at java.lang.Thread.run(Thread.java:750)
"Session-HouseKeeper-7f5627cd-1"  prio=5 tid=350 timed_waiting
java.lang.Thread.State: TIMED_WAITING
        at sun.misc.Unsafe.park(Native Method)
        at java.util.concurrent.locks.LockSupport.parkNanos(LockSupport.java:215)
        at java.util.concurrent.locks.AbstractQueuedSynchronizer$ConditionObject.awaitNanos(AbstractQueuedSynchronizer.java:2078)
        at java.util.concurrent.ScheduledThreadPoolExecutor$DelayedWorkQueue.take(ScheduledThreadPoolExecutor.java:1093)
        at java.util.concurrent.ScheduledThreadPoolExecutor$DelayedWorkQueue.take(ScheduledThreadPoolExecutor.java:809)
        at java.util.concurrent.ThreadPoolExecutor.getTask(ThreadPoolExecutor.java:1074)
        at java.util.concurrent.ThreadPoolExecutor.runWorker(ThreadPoolExecutor.java:1134)
        at java.util.concurrent.ThreadPoolExecutor$Worker.run(ThreadPoolExecutor.java:624)
        at java.lang.Thread.run(Thread.java:750)
"ChunkReader-ELG-0" daemon prio=5 tid=537 runnable
java.lang.Thread.State: RUNNABLE
        at org.apache.ratis.thirdparty.io.netty.channel.epoll.Native.epollWait(Native Method)
        at org.apache.ratis.thirdparty.io.netty.channel.epoll.Native.epollWait(Native.java:209)
        at org.apache.ratis.thirdparty.io.netty.channel.epoll.Native.epollWait(Native.java:202)
        at org.apache.ratis.thirdparty.io.netty.channel.epoll.EpollEventLoop.epollWaitNoTimerChange(EpollEventLoop.java:294)
        at org.apache.ratis.thirdparty.io.netty.channel.epoll.EpollEventLoop.run(EpollEventLoop.java:351)
        at org.apache.ratis.thirdparty.io.netty.util.concurrent.SingleThreadEventExecutor$4.run(SingleThreadEventExecutor.java:995)
        at org.apache.ratis.thirdparty.io.netty.util.internal.ThreadExecutorMap$2.run(ThreadExecutorMap.java:74)
        at java.lang.Thread.run(Thread.java:750)
"ChunkReader-ELG-0" daemon prio=5 tid=494 runnable
java.lang.Thread.State: RUNNABLE
        at org.apache.ratis.thirdparty.io.netty.channel.epoll.Native.epollWait0(Native Method)
        at org.apache.ratis.thirdparty.io.netty.channel.epoll.Native.epollWait(Native.java:182)
        at org.apache.ratis.thirdparty.io.netty.channel.epoll.EpollEventLoop.epollWait(EpollEventLoop.java:290)
        at org.apache.ratis.thirdparty.io.netty.channel.epoll.EpollEventLoop.run(EpollEventLoop.java:354)
        at org.apache.ratis.thirdparty.io.netty.util.concurrent.SingleThreadEventExecutor$4.run(SingleThreadEventExecutor.java:995)
        at org.apache.ratis.thirdparty.io.netty.util.internal.ThreadExecutorMap$2.run(ThreadExecutorMap.java:74)
        at java.lang.Thread.run(Thread.java:750)
"Timer for 'StorageContainerManager' metrics system" daemon prio=5 tid=45 timed_waiting
java.lang.Thread.State: TIMED_WAITING
        at java.lang.Object.wait(Native Method)
        at java.util.TimerThread.mainLoop(Timer.java:552)
        at java.util.TimerThread.run(Timer.java:505)
"qtp457009334-463" daemon prio=5 tid=463 timed_waiting
java.lang.Thread.State: TIMED_WAITING
        at sun.misc.Unsafe.park(Native Method)
        at java.util.concurrent.locks.LockSupport.parkNanos(LockSupport.java:215)
        at java.util.concurrent.locks.AbstractQueuedSynchronizer$ConditionObject.awaitNanos(AbstractQueuedSynchronizer.java:2078)
        at org.eclipse.jetty.util.BlockingArrayQueue.poll(BlockingArrayQueue.java:382)
        at org.eclipse.jetty.util.thread.QueuedThreadPool$Runner.idleJobPoll(QueuedThreadPool.java:974)
        at org.eclipse.jetty.util.thread.QueuedThreadPool$Runner.run(QueuedThreadPool.java:1018)
        at java.lang.Thread.run(Thread.java:750)
"pool-246-thread-1"  prio=5 tid=380 timed_waiting
java.lang.Thread.State: TIMED_WAITING
        at sun.misc.Unsafe.park(Native Method)
        at java.util.concurrent.locks.LockSupport.parkNanos(LockSupport.java:215)
        at java.util.concurrent.locks.AbstractQueuedSynchronizer$ConditionObject.awaitNanos(AbstractQueuedSynchronizer.java:2078)
        at java.util.concurrent.ScheduledThreadPoolExecutor$DelayedWorkQueue.take(ScheduledThreadPoolExecutor.java:1093)
        at java.util.concurrent.ScheduledThreadPoolExecutor$DelayedWorkQueue.take(ScheduledThreadPoolExecutor.java:809)
        at java.util.concurrent.ThreadPoolExecutor.getTask(ThreadPoolExecutor.java:1074)
        at java.util.concurrent.ThreadPoolExecutor.runWorker(ThreadPoolExecutor.java:1134)
        at java.util.concurrent.ThreadPoolExecutor$Worker.run(ThreadPoolExecutor.java:624)
        at java.lang.Thread.run(Thread.java:750)
"qtp110059025-342" daemon prio=5 tid=342 runnable
java.lang.Thread.State: RUNNABLE
        at sun.nio.ch.EPollArrayWrapper.epollWait(Native Method)
        at sun.nio.ch.EPollArrayWrapper.poll(EPollArrayWrapper.java:269)
        at sun.nio.ch.EPollSelectorImpl.doSelect(EPollSelectorImpl.java:93)
        at sun.nio.ch.SelectorImpl.lockAndDoSelect(SelectorImpl.java:86)
        at sun.nio.ch.SelectorImpl.select(SelectorImpl.java:97)
        at sun.nio.ch.SelectorImpl.select(SelectorImpl.java:101)
        at org.eclipse.jetty.io.ManagedSelector.nioSelect(ManagedSelector.java:183)
        at org.eclipse.jetty.io.ManagedSelector.select(ManagedSelector.java:190)
        at org.eclipse.jetty.io.ManagedSelector$SelectorProducer.select(ManagedSelector.java:606)
        at org.eclipse.jetty.io.ManagedSelector$SelectorProducer.produce(ManagedSelector.java:543)
        at org.eclipse.jetty.util.thread.strategy.EatWhatYouKill.produceTask(EatWhatYouKill.java:362)
        at org.eclipse.jetty.util.thread.strategy.EatWhatYouKill.doProduce(EatWhatYouKill.java:186)
        at org.eclipse.jetty.util.thread.strategy.EatWhatYouKill.tryProduce(EatWhatYouKill.java:173)
        at org.eclipse.jetty.util.thread.strategy.EatWhatYouKill.produce(EatWhatYouKill.java:137)
        at org.eclipse.jetty.io.ManagedSelector$$Lambda$446/827549167.run(Unknown Source)
        at org.eclipse.jetty.util.thread.QueuedThreadPool.runJob(QueuedThreadPool.java:883)
        at org.eclipse.jetty.util.thread.QueuedThreadPool$Runner.run(QueuedThreadPool.java:1034)
        at java.lang.Thread.run(Thread.java:750)
"IPC Server handler 19 on default port 35727" daemon prio=5 tid=106 timed_waiting
java.lang.Thread.State: TIMED_WAITING
        at sun.misc.Unsafe.park(Native Method)
        at java.util.concurrent.locks.LockSupport.parkNanos(LockSupport.java:215)
        at java.util.concurrent.locks.AbstractQueuedSynchronizer$ConditionObject.awaitNanos(AbstractQueuedSynchronizer.java:2078)
        at java.util.concurrent.LinkedBlockingQueue.poll(LinkedBlockingQueue.java:467)
        at org.apache.hadoop.ipc.CallQueueManager.take(CallQueueManager.java:317)
        at org.apache.hadoop.ipc.Server$Handler.run(Server.java:2942)
"qtp1531438298-294" daemon prio=5 tid=294 timed_waiting
java.lang.Thread.State: TIMED_WAITING
        at sun.misc.Unsafe.park(Native Method)
        at java.util.concurrent.locks.LockSupport.parkNanos(LockSupport.java:215)
        at java.util.concurrent.locks.AbstractQueuedSynchronizer$ConditionObject.awaitNanos(AbstractQueuedSynchronizer.java:2078)
        at org.eclipse.jetty.util.BlockingArrayQueue.poll(BlockingArrayQueue.java:382)
        at org.eclipse.jetty.util.thread.QueuedThreadPool$Runner.idleJobPoll(QueuedThreadPool.java:974)
        at org.eclipse.jetty.util.thread.QueuedThreadPool$Runner.run(QueuedThreadPool.java:1018)
        at java.lang.Thread.run(Thread.java:750)
"b6bbe4ab-2937-401d-96b4-8acfa82ea187-server-thread2" daemon prio=5 tid=766 timed_waiting
java.lang.Thread.State: TIMED_WAITING
        at sun.misc.Unsafe.park(Native Method)
        at java.util.concurrent.locks.LockSupport.parkNanos(LockSupport.java:215)
        at java.util.concurrent.SynchronousQueue$TransferStack.awaitFulfill(SynchronousQueue.java:460)
        at java.util.concurrent.SynchronousQueue$TransferStack.transfer(SynchronousQueue.java:362)
        at java.util.concurrent.SynchronousQueue.poll(SynchronousQueue.java:941)
        at java.util.concurrent.ThreadPoolExecutor.getTask(ThreadPoolExecutor.java:1073)
        at java.util.concurrent.ThreadPoolExecutor.runWorker(ThreadPoolExecutor.java:1134)
        at java.util.concurrent.ThreadPoolExecutor$Worker.run(ThreadPoolExecutor.java:624)
        at java.lang.Thread.run(Thread.java:750)
"pool-180-thread-1" daemon prio=5 tid=311 timed_waiting
java.lang.Thread.State: TIMED_WAITING
        at sun.misc.Unsafe.park(Native Method)
        at java.util.concurrent.locks.LockSupport.parkNanos(LockSupport.java:215)
        at java.util.concurrent.locks.AbstractQueuedSynchronizer$ConditionObject.awaitNanos(AbstractQueuedSynchronizer.java:2078)
        at java.util.concurrent.ScheduledThreadPoolExecutor$DelayedWorkQueue.take(ScheduledThreadPoolExecutor.java:1093)
        at java.util.concurrent.ScheduledThreadPoolExecutor$DelayedWorkQueue.take(ScheduledThreadPoolExecutor.java:809)
        at java.util.concurrent.ThreadPoolExecutor.getTask(ThreadPoolExecutor.java:1074)
        at java.util.concurrent.ThreadPoolExecutor.runWorker(ThreadPoolExecutor.java:1134)
        at java.util.concurrent.ThreadPoolExecutor$Worker.run(ThreadPoolExecutor.java:624)
        at java.lang.Thread.run(Thread.java:750)
"b6bbe4ab-2937-401d-96b4-8acfa82ea187-server-thread1" daemon prio=5 tid=891 timed_waiting
java.lang.Thread.State: TIMED_WAITING
        at sun.misc.Unsafe.park(Native Method)
        at java.util.concurrent.locks.LockSupport.parkNanos(LockSupport.java:215)
        at java.util.concurrent.SynchronousQueue$TransferStack.awaitFulfill(SynchronousQueue.java:460)
        at java.util.concurrent.SynchronousQueue$TransferStack.transfer(SynchronousQueue.java:362)
        at java.util.concurrent.SynchronousQueue.poll(SynchronousQueue.java:941)
        at java.util.concurrent.ThreadPoolExecutor.getTask(ThreadPoolExecutor.java:1073)
        at java.util.concurrent.ThreadPoolExecutor.runWorker(ThreadPoolExecutor.java:1134)
        at java.util.concurrent.ThreadPoolExecutor$Worker.run(ThreadPoolExecutor.java:624)
        at java.lang.Thread.run(Thread.java:750)
"Over Replicated Processor" daemon prio=5 tid=847 timed_waiting
java.lang.Thread.State: TIMED_WAITING
        at java.lang.Object.wait(Native Method)
        at org.apache.hadoop.hdds.scm.container.replication.OverReplicatedProcessor.run(OverReplicatedProcessor.java:131)
        at java.lang.Thread.run(Thread.java:750)
"Datanode State Machine Daemon Thread" daemon prio=5 tid=325 timed_waiting
java.lang.Thread.State: TIMED_WAITING
        at sun.misc.Unsafe.park(Native Method)
        at java.util.concurrent.locks.LockSupport.parkNanos(LockSupport.java:215)
        at java.util.concurrent.locks.AbstractQueuedSynchronizer$ConditionObject.awaitNanos(AbstractQueuedSynchronizer.java:2078)
        at java.util.concurrent.LinkedBlockingQueue.poll(LinkedBlockingQueue.java:467)
        at java.util.concurrent.ExecutorCompletionService.poll(ExecutorCompletionService.java:202)
        at org.apache.hadoop.ozone.container.common.states.datanode.RunningDatanodeState.await(RunningDatanodeState.java:232)
        at org.apache.hadoop.ozone.container.common.states.datanode.RunningDatanodeState.await(RunningDatanodeState.java:50)
        at org.apache.hadoop.ozone.container.common.statemachine.StateContext.execute(StateContext.java:661)
        at org.apache.hadoop.ozone.container.common.statemachine.DatanodeStateMachine.startStateMachineThread(DatanodeStateMachine.java:306)
        at org.apache.hadoop.ozone.container.common.statemachine.DatanodeStateMachine.lambda$startDaemon$0(DatanodeStateMachine.java:506)
        at org.apache.hadoop.ozone.container.common.statemachine.DatanodeStateMachine$$Lambda$751/596905128.run(Unknown Source)
        at java.lang.Thread.run(Thread.java:750)
"ReplicationMonitor" daemon prio=5 tid=845 timed_waiting
java.lang.Thread.State: TIMED_WAITING
        at java.lang.Object.wait(Native Method)
        at org.apache.hadoop.hdds.scm.container.replication.ReplicationManager.run(ReplicationManager.java:575)
        at org.apache.hadoop.hdds.scm.container.replication.ReplicationManager$$Lambda$382/361656258.run(Unknown Source)
        at java.lang.Thread.run(Thread.java:750)
"b412bf4c-8645-4ac9-920f-94e6c323f92a-server-thread4" daemon prio=5 tid=770 timed_waiting
java.lang.Thread.State: TIMED_WAITING
        at sun.misc.Unsafe.park(Native Method)
        at java.util.concurrent.locks.LockSupport.parkNanos(LockSupport.java:215)
        at java.util.concurrent.SynchronousQueue$TransferStack.awaitFulfill(SynchronousQueue.java:460)
        at java.util.concurrent.SynchronousQueue$TransferStack.transfer(SynchronousQueue.java:362)
        at java.util.concurrent.SynchronousQueue.poll(SynchronousQueue.java:941)
        at java.util.concurrent.ThreadPoolExecutor.getTask(ThreadPoolExecutor.java:1073)
        at java.util.concurrent.ThreadPoolExecutor.runWorker(ThreadPoolExecutor.java:1134)
        at java.util.concurrent.ThreadPoolExecutor$Worker.run(ThreadPoolExecutor.java:624)
        at java.lang.Thread.run(Thread.java:750)
"qtp1646881279-243" daemon prio=5 tid=243 timed_waiting
java.lang.Thread.State: TIMED_WAITING
        at sun.misc.Unsafe.park(Native Method)
        at java.util.concurrent.locks.LockSupport.parkNanos(LockSupport.java:215)
        at java.util.concurrent.locks.AbstractQueuedSynchronizer$ConditionObject.awaitNanos(AbstractQueuedSynchronizer.java:2078)
        at org.eclipse.jetty.util.BlockingArrayQueue.poll(BlockingArrayQueue.java:382)
        at org.eclipse.jetty.util.thread.QueuedThreadPool$Runner.idleJobPoll(QueuedThreadPool.java:974)
        at org.eclipse.jetty.util.thread.QueuedThreadPool$Runner.run(QueuedThreadPool.java:1018)
        at java.lang.Thread.run(Thread.java:750)
"IPC Server idle connection scanner for port 45563" daemon prio=5 tid=132 timed_waiting
java.lang.Thread.State: TIMED_WAITING
        at java.lang.Object.wait(Native Method)
        at java.util.TimerThread.mainLoop(Timer.java:552)
        at java.util.TimerThread.run(Timer.java:505)
"556da25a-9bc8-419d-83a0-dc1d92c1e895@group-BEB6889659DA-SegmentedRaftLogWorker"  prio=5 tid=595 timed_waiting
java.lang.Thread.State: TIMED_WAITING
        at sun.misc.Unsafe.park(Native Method)
        at java.util.concurrent.locks.LockSupport.parkNanos(LockSupport.java:215)
        at java.util.concurrent.locks.AbstractQueuedSynchronizer$ConditionObject.awaitNanos(AbstractQueuedSynchronizer.java:2078)
        at org.apache.ratis.util.DataBlockingQueue.poll(DataBlockingQueue.java:148)
        at org.apache.ratis.server.raftlog.segmented.SegmentedRaftLogWorker.run(SegmentedRaftLogWorker.java:310)
        at org.apache.ratis.server.raftlog.segmented.SegmentedRaftLogWorker$$Lambda$665/2146560083.run(Unknown Source)
        at java.lang.Thread.run(Thread.java:750)
"Command processor thread" daemon prio=5 tid=305 timed_waiting
java.lang.Thread.State: TIMED_WAITING
        at java.lang.Thread.sleep(Native Method)
        at org.apache.hadoop.ozone.container.common.statemachine.DatanodeStateMachine.lambda$initCommandHandlerThread$3(DatanodeStateMachine.java:641)
        at org.apache.hadoop.ozone.container.common.statemachine.DatanodeStateMachine$$Lambda$753/651253568.run(Unknown Source)
        at java.lang.Thread.run(Thread.java:750)
"ChunkWriter-3-0" daemon prio=5 tid=559 in Object.wait()
java.lang.Thread.State: WAITING (on object monitor)
        at sun.misc.Unsafe.park(Native Method)
        at java.util.concurrent.locks.LockSupport.park(LockSupport.java:175)
        at java.util.concurrent.locks.AbstractQueuedSynchronizer$ConditionObject.await(AbstractQueuedSynchronizer.java:2039)
        at java.util.concurrent.LinkedBlockingDeque.takeFirst(LinkedBlockingDeque.java:492)
        at java.util.concurrent.LinkedBlockingDeque.take(LinkedBlockingDeque.java:680)
        at java.util.concurrent.ThreadPoolExecutor.getTask(ThreadPoolExecutor.java:1074)
        at java.util.concurrent.ThreadPoolExecutor.runWorker(ThreadPoolExecutor.java:1134)
        at java.util.concurrent.ThreadPoolExecutor$Worker.run(ThreadPoolExecutor.java:624)
        at java.lang.Thread.run(Thread.java:750)
"556da25a-9bc8-419d-83a0-dc1d92c1e895@group-59B1A9201BDA-LeaderStateImpl" daemon prio=5 tid=693 timed_waiting
java.lang.Thread.State: TIMED_WAITING
        at sun.misc.Unsafe.park(Native Method)
        at java.util.concurrent.locks.LockSupport.parkNanos(LockSupport.java:215)
        at java.util.concurrent.locks.AbstractQueuedSynchronizer$ConditionObject.awaitNanos(AbstractQueuedSynchronizer.java:2078)
        at java.util.concurrent.ArrayBlockingQueue.poll(ArrayBlockingQueue.java:418)
        at org.apache.ratis.server.impl.LeaderStateImpl$EventQueue.poll(LeaderStateImpl.java:159)
        at org.apache.ratis.server.impl.LeaderStateImpl$EventProcessor.run(LeaderStateImpl.java:630)
"qtp326207642-187" daemon prio=5 tid=187 timed_waiting
java.lang.Thread.State: TIMED_WAITING
        at sun.misc.Unsafe.park(Native Method)
        at java.util.concurrent.locks.LockSupport.parkNanos(LockSupport.java:215)
        at java.util.concurrent.locks.AbstractQueuedSynchronizer$ConditionObject.awaitNanos(AbstractQueuedSynchronizer.java:2078)
        at org.eclipse.jetty.util.BlockingArrayQueue.poll(BlockingArrayQueue.java:382)
        at org.eclipse.jetty.util.thread.QueuedThreadPool$Runner.idleJobPoll(QueuedThreadPool.java:974)
        at org.eclipse.jetty.util.thread.QueuedThreadPool$Runner.run(QueuedThreadPool.java:1018)
        at java.lang.Thread.run(Thread.java:750)
"StaleRecoveringContainerScrubbingService#0" daemon prio=5 tid=508 in Object.wait()
java.lang.Thread.State: WAITING (on object monitor)
        at sun.misc.Unsafe.park(Native Method)
        at java.util.concurrent.locks.LockSupport.park(LockSupport.java:175)
        at java.util.concurrent.locks.AbstractQueuedSynchronizer$ConditionObject.await(AbstractQueuedSynchronizer.java:2039)
        at java.util.concurrent.ScheduledThreadPoolExecutor$DelayedWorkQueue.take(ScheduledThreadPoolExecutor.java:1088)
        at java.util.concurrent.ScheduledThreadPoolExecutor$DelayedWorkQueue.take(ScheduledThreadPoolExecutor.java:809)
        at java.util.concurrent.ThreadPoolExecutor.getTask(ThreadPoolExecutor.java:1074)
        at java.util.concurrent.ThreadPoolExecutor.runWorker(ThreadPoolExecutor.java:1134)
        at java.util.concurrent.ThreadPoolExecutor$Worker.run(ThreadPoolExecutor.java:624)
        at java.lang.Thread.run(Thread.java:750)
"556da25a-9bc8-419d-83a0-dc1d92c1e895-server-thread2" daemon prio=5 tid=861 timed_waiting
java.lang.Thread.State: TIMED_WAITING
        at sun.misc.Unsafe.park(Native Method)
        at java.util.concurrent.locks.LockSupport.parkNanos(LockSupport.java:215)
        at java.util.concurrent.SynchronousQueue$TransferStack.awaitFulfill(SynchronousQueue.java:460)
        at java.util.concurrent.SynchronousQueue$TransferStack.transfer(SynchronousQueue.java:362)
        at java.util.concurrent.SynchronousQueue.poll(SynchronousQueue.java:941)
        at java.util.concurrent.ThreadPoolExecutor.getTask(ThreadPoolExecutor.java:1073)
        at java.util.concurrent.ThreadPoolExecutor.runWorker(ThreadPoolExecutor.java:1134)
        at java.util.concurrent.ThreadPoolExecutor$Worker.run(ThreadPoolExecutor.java:624)
        at java.lang.Thread.run(Thread.java:750)
"IPC Server handler 6 on default port 42009" daemon prio=5 tid=53 timed_waiting
java.lang.Thread.State: TIMED_WAITING
        at sun.misc.Unsafe.park(Native Method)
        at java.util.concurrent.locks.LockSupport.parkNanos(LockSupport.java:215)
        at java.util.concurrent.locks.AbstractQueuedSynchronizer$ConditionObject.awaitNanos(AbstractQueuedSynchronizer.java:2078)
        at java.util.concurrent.LinkedBlockingQueue.poll(LinkedBlockingQueue.java:467)
        at org.apache.hadoop.ipc.CallQueueManager.take(CallQueueManager.java:317)
        at org.apache.hadoop.ipc.Server$Handler.run(Server.java:2942)
"556da25a-9bc8-419d-83a0-dc1d92c1e895-server-thread1" daemon prio=5 tid=707 timed_waiting
java.lang.Thread.State: TIMED_WAITING
        at sun.misc.Unsafe.park(Native Method)
        at java.util.concurrent.locks.LockSupport.parkNanos(LockSupport.java:215)
        at java.util.concurrent.SynchronousQueue$TransferStack.awaitFulfill(SynchronousQueue.java:460)
        at java.util.concurrent.SynchronousQueue$TransferStack.transfer(SynchronousQueue.java:362)
        at java.util.concurrent.SynchronousQueue.poll(SynchronousQueue.java:941)
        at java.util.concurrent.ThreadPoolExecutor.getTask(ThreadPoolExecutor.java:1073)
        at java.util.concurrent.ThreadPoolExecutor.runWorker(ThreadPoolExecutor.java:1134)
        at java.util.concurrent.ThreadPoolExecutor$Worker.run(ThreadPoolExecutor.java:624)
        at java.lang.Thread.run(Thread.java:750)
"IPC Server handler 18 on default port 45563" daemon prio=5 tid=172 timed_waiting
java.lang.Thread.State: TIMED_WAITING
        at sun.misc.Unsafe.park(Native Method)
        at java.util.concurrent.locks.LockSupport.parkNanos(LockSupport.java:215)
        at java.util.concurrent.locks.AbstractQueuedSynchronizer$ConditionObject.awaitNanos(AbstractQueuedSynchronizer.java:2078)
        at java.util.concurrent.LinkedBlockingQueue.poll(LinkedBlockingQueue.java:467)
        at org.apache.hadoop.ipc.CallQueueManager.take(CallQueueManager.java:317)
        at org.apache.hadoop.ipc.Server$Handler.run(Server.java:2942)
"Datanode State Machine Daemon Thread" daemon prio=5 tid=221 timed_waiting
java.lang.Thread.State: TIMED_WAITING
        at java.lang.Thread.sleep(Native Method)
        at org.apache.hadoop.ozone.container.common.statemachine.DatanodeStateMachine.startStateMachineThread(DatanodeStateMachine.java:321)
        at org.apache.hadoop.ozone.container.common.statemachine.DatanodeStateMachine.lambda$startDaemon$0(DatanodeStateMachine.java:506)
        at org.apache.hadoop.ozone.container.common.statemachine.DatanodeStateMachine$$Lambda$751/596905128.run(Unknown Source)
        at java.lang.Thread.run(Thread.java:750)
"qtp860364734-424" daemon prio=5 tid=424 timed_waiting
java.lang.Thread.State: TIMED_WAITING
        at sun.misc.Unsafe.park(Native Method)
        at java.util.concurrent.locks.LockSupport.parkNanos(LockSupport.java:215)
        at java.util.concurrent.locks.AbstractQueuedSynchronizer$ConditionObject.awaitNanos(AbstractQueuedSynchronizer.java:2078)
        at org.eclipse.jetty.util.BlockingArrayQueue.poll(BlockingArrayQueue.java:382)
        at org.eclipse.jetty.util.thread.QueuedThreadPool$Runner.idleJobPoll(QueuedThreadPool.java:974)
        at org.eclipse.jetty.util.thread.QueuedThreadPool$Runner.run(QueuedThreadPool.java:1018)
        at java.lang.Thread.run(Thread.java:750)
"OMDoubleBufferFlushThread" daemon prio=5 tid=125 timed_waiting
java.lang.Thread.State: TIMED_WAITING
        at java.lang.Object.wait(Native Method)
        at org.apache.hadoop.ozone.om.ratis.OzoneManagerDoubleBuffer.canFlush(OzoneManagerDoubleBuffer.java:538)
        at org.apache.hadoop.ozone.om.ratis.OzoneManagerDoubleBuffer.flushTransactions(OzoneManagerDoubleBuffer.java:268)
        at org.apache.hadoop.ozone.om.ratis.OzoneManagerDoubleBuffer$$Lambda$504/1445675891.run(Unknown Source)
        at java.lang.Thread.run(Thread.java:750)
"ChunkReader-1" daemon prio=5 tid=785 in Object.wait()
java.lang.Thread.State: WAITING (on object monitor)
        at sun.misc.Unsafe.park(Native Method)
        at java.util.concurrent.locks.LockSupport.park(LockSupport.java:175)
        at java.util.concurrent.locks.AbstractQueuedSynchronizer$ConditionObject.await(AbstractQueuedSynchronizer.java:2039)
        at java.util.concurrent.LinkedBlockingQueue.take(LinkedBlockingQueue.java:442)
        at java.util.concurrent.ThreadPoolExecutor.getTask(ThreadPoolExecutor.java:1074)
        at java.util.concurrent.ThreadPoolExecutor.runWorker(ThreadPoolExecutor.java:1134)
        at java.util.concurrent.ThreadPoolExecutor$Worker.run(ThreadPoolExecutor.java:624)
        at java.lang.Thread.run(Thread.java:750)
"org.apache.hadoop.util.JvmPauseMonitor$Monitor@251a8fe3" daemon prio=5 tid=447 timed_waiting
java.lang.Thread.State: TIMED_WAITING
        at java.lang.Thread.sleep(Native Method)
        at org.apache.hadoop.util.JvmPauseMonitor$Monitor.run(JvmPauseMonitor.java:192)
        at java.lang.Thread.run(Thread.java:750)
"StaleRecoveringContainerScrubbingService#1" daemon prio=5 tid=372 timed_waiting
java.lang.Thread.State: TIMED_WAITING
        at sun.misc.Unsafe.park(Native Method)
        at java.util.concurrent.locks.LockSupport.parkNanos(LockSupport.java:215)
        at java.util.concurrent.locks.AbstractQueuedSynchronizer$ConditionObject.awaitNanos(AbstractQueuedSynchronizer.java:2078)
        at java.util.concurrent.ScheduledThreadPoolExecutor$DelayedWorkQueue.take(ScheduledThreadPoolExecutor.java:1093)
        at java.util.concurrent.ScheduledThreadPoolExecutor$DelayedWorkQueue.take(ScheduledThreadPoolExecutor.java:809)
        at java.util.concurrent.ThreadPoolExecutor.getTask(ThreadPoolExecutor.java:1074)
        at java.util.concurrent.ThreadPoolExecutor.runWorker(ThreadPoolExecutor.java:1134)
        at java.util.concurrent.ThreadPoolExecutor$Worker.run(ThreadPoolExecutor.java:624)
        at java.lang.Thread.run(Thread.java:750)
"Datanode ReportManager Thread - 2" daemon prio=5 tid=405 in Object.wait()
java.lang.Thread.State: WAITING (on object monitor)
        at sun.misc.Unsafe.park(Native Method)
        at java.util.concurrent.locks.LockSupport.park(LockSupport.java:175)
        at java.util.concurrent.locks.AbstractQueuedSynchronizer$ConditionObject.await(AbstractQueuedSynchronizer.java:2039)
        at java.util.concurrent.ScheduledThreadPoolExecutor$DelayedWorkQueue.take(ScheduledThreadPoolExecutor.java:1088)
        at java.util.concurrent.ScheduledThreadPoolExecutor$DelayedWorkQueue.take(ScheduledThreadPoolExecutor.java:809)
        at java.util.concurrent.ThreadPoolExecutor.getTask(ThreadPoolExecutor.java:1074)
        at java.util.concurrent.ThreadPoolExecutor.runWorker(ThreadPoolExecutor.java:1134)
        at java.util.concurrent.ThreadPoolExecutor$Worker.run(ThreadPoolExecutor.java:624)
        at java.lang.Thread.run(Thread.java:750)
"ChunkWriter-2-0" daemon prio=5 tid=521 in Object.wait()
java.lang.Thread.State: WAITING (on object monitor)
        at sun.misc.Unsafe.park(Native Method)
        at java.util.concurrent.locks.LockSupport.park(LockSupport.java:175)
        at java.util.concurrent.locks.AbstractQueuedSynchronizer$ConditionObject.await(AbstractQueuedSynchronizer.java:2039)
        at java.util.concurrent.LinkedBlockingDeque.takeFirst(LinkedBlockingDeque.java:492)
        at java.util.concurrent.LinkedBlockingDeque.take(LinkedBlockingDeque.java:680)
        at java.util.concurrent.ThreadPoolExecutor.getTask(ThreadPoolExecutor.java:1074)
        at java.util.concurrent.ThreadPoolExecutor.runWorker(ThreadPoolExecutor.java:1134)
        at java.util.concurrent.ThreadPoolExecutor$Worker.run(ThreadPoolExecutor.java:624)
        at java.lang.Thread.run(Thread.java:750)
"IPC Server handler 5 on default port 45563" daemon prio=5 tid=159 timed_waiting
java.lang.Thread.State: TIMED_WAITING
        at sun.misc.Unsafe.park(Native Method)
        at java.util.concurrent.locks.LockSupport.parkNanos(LockSupport.java:215)
        at java.util.concurrent.locks.AbstractQueuedSynchronizer$ConditionObject.awaitNanos(AbstractQueuedSynchronizer.java:2078)
        at java.util.concurrent.LinkedBlockingQueue.poll(LinkedBlockingQueue.java:467)
        at org.apache.hadoop.ipc.CallQueueManager.take(CallQueueManager.java:317)
        at org.apache.hadoop.ipc.Server$Handler.run(Server.java:2942)
"JvmPauseMonitor6" daemon prio=5 tid=505 timed_waiting
java.lang.Thread.State: TIMED_WAITING
        at java.lang.Thread.sleep(Native Method)
        at java.lang.Thread.sleep(Thread.java:342)
        at java.util.concurrent.TimeUnit.sleep(TimeUnit.java:386)
        at org.apache.ratis.util.TimeDuration.sleep(TimeDuration.java:325)
        at org.apache.ratis.util.TimeDuration.sleep(TimeDuration.java:310)
        at org.apache.ratis.util.JvmPauseMonitor.detectPause(JvmPauseMonitor.java:119)
        at org.apache.ratis.util.JvmPauseMonitor.run(JvmPauseMonitor.java:108)
        at org.apache.ratis.util.JvmPauseMonitor$$Lambda$706/668240146.run(Unknown Source)
        at java.lang.Thread.run(Thread.java:750)
"Datanode ReportManager Thread - 0" daemon prio=5 tid=361 timed_waiting
java.lang.Thread.State: TIMED_WAITING
        at sun.misc.Unsafe.park(Native Method)
        at java.util.concurrent.locks.LockSupport.parkNanos(LockSupport.java:215)
        at java.util.concurrent.locks.AbstractQueuedSynchronizer$ConditionObject.awaitNanos(AbstractQueuedSynchronizer.java:2078)
        at java.util.concurrent.ScheduledThreadPoolExecutor$DelayedWorkQueue.take(ScheduledThreadPoolExecutor.java:1093)
        at java.util.concurrent.ScheduledThreadPoolExecutor$DelayedWorkQueue.take(ScheduledThreadPoolExecutor.java:809)
        at java.util.concurrent.ThreadPoolExecutor.getTask(ThreadPoolExecutor.java:1074)
        at java.util.concurrent.ThreadPoolExecutor.runWorker(ThreadPoolExecutor.java:1134)
        at java.util.concurrent.ThreadPoolExecutor$Worker.run(ThreadPoolExecutor.java:624)
        at java.lang.Thread.run(Thread.java:750)
"grpc-default-boss-ELG-1-1" daemon prio=5 tid=138 runnable
java.lang.Thread.State: RUNNABLE
        at org.apache.ratis.thirdparty.io.netty.channel.epoll.Native.epollWait(Native Method)
        at org.apache.ratis.thirdparty.io.netty.channel.epoll.Native.epollWait(Native.java:209)
        at org.apache.ratis.thirdparty.io.netty.channel.epoll.Native.epollWait(Native.java:202)
        at org.apache.ratis.thirdparty.io.netty.channel.epoll.EpollEventLoop.epollWaitNoTimerChange(EpollEventLoop.java:294)
        at org.apache.ratis.thirdparty.io.netty.channel.epoll.EpollEventLoop.run(EpollEventLoop.java:351)
        at org.apache.ratis.thirdparty.io.netty.util.concurrent.SingleThreadEventExecutor$4.run(SingleThreadEventExecutor.java:995)
        at org.apache.ratis.thirdparty.io.netty.util.internal.ThreadExecutorMap$2.run(ThreadExecutorMap.java:74)
        at org.apache.ratis.thirdparty.io.netty.util.concurrent.FastThreadLocalRunnable.run(FastThreadLocalRunnable.java:30)
        at java.lang.Thread.run(Thread.java:750)
"ChunkWriter-0-0" daemon prio=5 tid=354 in Object.wait()
java.lang.Thread.State: WAITING (on object monitor)
        at sun.misc.Unsafe.park(Native Method)
        at java.util.concurrent.locks.LockSupport.park(LockSupport.java:175)
        at java.util.concurrent.locks.AbstractQueuedSynchronizer$ConditionObject.await(AbstractQueuedSynchronizer.java:2039)
        at java.util.concurrent.LinkedBlockingDeque.takeFirst(LinkedBlockingDeque.java:492)
        at java.util.concurrent.LinkedBlockingDeque.take(LinkedBlockingDeque.java:680)
        at java.util.concurrent.ThreadPoolExecutor.getTask(ThreadPoolExecutor.java:1074)
        at java.util.concurrent.ThreadPoolExecutor.runWorker(ThreadPoolExecutor.java:1134)
        at java.util.concurrent.ThreadPoolExecutor$Worker.run(ThreadPoolExecutor.java:624)
        at java.lang.Thread.run(Thread.java:750)
"b6bbe4ab-2937-401d-96b4-8acfa82ea187-server-thread2" daemon prio=5 tid=892 timed_waiting
java.lang.Thread.State: TIMED_WAITING
        at sun.misc.Unsafe.park(Native Method)
        at java.util.concurrent.locks.LockSupport.parkNanos(LockSupport.java:215)
        at java.util.concurrent.SynchronousQueue$TransferStack.awaitFulfill(SynchronousQueue.java:460)
        at java.util.concurrent.SynchronousQueue$TransferStack.transfer(SynchronousQueue.java:362)
        at java.util.concurrent.SynchronousQueue.poll(SynchronousQueue.java:941)
        at java.util.concurrent.ThreadPoolExecutor.getTask(ThreadPoolExecutor.java:1073)
        at java.util.concurrent.ThreadPoolExecutor.runWorker(ThreadPoolExecutor.java:1134)
        at java.util.concurrent.ThreadPoolExecutor$Worker.run(ThreadPoolExecutor.java:624)
        at java.lang.Thread.run(Thread.java:750)
"IPC Server handler 16 on default port 40715" daemon prio=5 tid=83 timed_waiting
java.lang.Thread.State: TIMED_WAITING
        at sun.misc.Unsafe.park(Native Method)
        at java.util.concurrent.locks.LockSupport.parkNanos(LockSupport.java:215)
        at java.util.concurrent.locks.AbstractQueuedSynchronizer$ConditionObject.awaitNanos(AbstractQueuedSynchronizer.java:2078)
        at java.util.concurrent.LinkedBlockingQueue.poll(LinkedBlockingQueue.java:467)
        at org.apache.hadoop.ipc.CallQueueManager.take(CallQueueManager.java:317)
        at org.apache.hadoop.ipc.Server$Handler.run(Server.java:2942)
"IPC Server handler 13 on default port 45563" daemon prio=5 tid=167 timed_waiting
java.lang.Thread.State: TIMED_WAITING
        at sun.misc.Unsafe.park(Native Method)
        at java.util.concurrent.locks.LockSupport.parkNanos(LockSupport.java:215)
        at java.util.concurrent.locks.AbstractQueuedSynchronizer$ConditionObject.awaitNanos(AbstractQueuedSynchronizer.java:2078)
        at java.util.concurrent.LinkedBlockingQueue.poll(LinkedBlockingQueue.java:467)
        at org.apache.hadoop.ipc.CallQueueManager.take(CallQueueManager.java:317)
        at org.apache.hadoop.ipc.Server$Handler.run(Server.java:2942)
"EndpointStateMachine task thread for /0.0.0.0:35727 - 0 "  prio=5 tid=555 in Object.wait()
java.lang.Thread.State: WAITING (on object monitor)
        at sun.misc.Unsafe.park(Native Method)
        at java.util.concurrent.locks.LockSupport.park(LockSupport.java:175)
        at java.util.concurrent.locks.AbstractQueuedSynchronizer$ConditionObject.await(AbstractQueuedSynchronizer.java:2039)
        at java.util.concurrent.LinkedBlockingQueue.take(LinkedBlockingQueue.java:442)
        at java.util.concurrent.ThreadPoolExecutor.getTask(ThreadPoolExecutor.java:1074)
        at java.util.concurrent.ThreadPoolExecutor.runWorker(ThreadPoolExecutor.java:1134)
        at java.util.concurrent.ThreadPoolExecutor$Worker.run(ThreadPoolExecutor.java:624)
        at java.lang.Thread.run(Thread.java:750)
"8d7ec919-acd2-4b88-a99a-dd9f5739b33b@group-BEB6889659DA-SegmentedRaftLogWorker"  prio=5 tid=601 timed_waiting
java.lang.Thread.State: TIMED_WAITING
        at sun.misc.Unsafe.park(Native Method)
        at java.util.concurrent.locks.LockSupport.parkNanos(LockSupport.java:215)
        at java.util.concurrent.locks.AbstractQueuedSynchronizer$ConditionObject.awaitNanos(AbstractQueuedSynchronizer.java:2078)
        at org.apache.ratis.util.DataBlockingQueue.poll(DataBlockingQueue.java:148)
        at org.apache.ratis.server.raftlog.segmented.SegmentedRaftLogWorker.run(SegmentedRaftLogWorker.java:310)
        at org.apache.ratis.server.raftlog.segmented.SegmentedRaftLogWorker$$Lambda$665/2146560083.run(Unknown Source)
        at java.lang.Thread.run(Thread.java:750)
"d878db48-ef46-44bf-ac98-cb2daa3cfd80@group-EFE686CBFEBE-StateMachineUpdater" daemon prio=5 tid=652 timed_waiting
java.lang.Thread.State: TIMED_WAITING
        at sun.misc.Unsafe.park(Native Method)
        at java.util.concurrent.locks.LockSupport.parkNanos(LockSupport.java:215)
        at java.util.concurrent.CompletableFuture$Signaller.block(CompletableFuture.java:1709)
        at java.util.concurrent.ForkJoinPool.managedBlock(ForkJoinPool.java:3323)
        at java.util.concurrent.CompletableFuture.timedGet(CompletableFuture.java:1788)
        at java.util.concurrent.CompletableFuture.get(CompletableFuture.java:1928)
        at org.apache.ratis.util.AwaitForSignal.await(AwaitForSignal.java:56)
        at org.apache.ratis.server.impl.StateMachineUpdater.waitForCommit(StateMachineUpdater.java:207)
        at org.apache.ratis.server.impl.StateMachineUpdater.run(StateMachineUpdater.java:176)
        at java.lang.Thread.run(Thread.java:750)
"qtp797802443-145" daemon prio=5 tid=145 runnable
java.lang.Thread.State: RUNNABLE
        at sun.nio.ch.EPollArrayWrapper.epollWait(Native Method)
        at sun.nio.ch.EPollArrayWrapper.poll(EPollArrayWrapper.java:269)
        at sun.nio.ch.EPollSelectorImpl.doSelect(EPollSelectorImpl.java:93)
        at sun.nio.ch.SelectorImpl.lockAndDoSelect(SelectorImpl.java:86)
        at sun.nio.ch.SelectorImpl.select(SelectorImpl.java:97)
        at sun.nio.ch.SelectorImpl.select(SelectorImpl.java:101)
        at org.eclipse.jetty.io.ManagedSelector.nioSelect(ManagedSelector.java:183)
        at org.eclipse.jetty.io.ManagedSelector.select(ManagedSelector.java:190)
        at org.eclipse.jetty.io.ManagedSelector$SelectorProducer.select(ManagedSelector.java:606)
        at org.eclipse.jetty.io.ManagedSelector$SelectorProducer.produce(ManagedSelector.java:543)
        at org.eclipse.jetty.util.thread.strategy.EatWhatYouKill.produceTask(EatWhatYouKill.java:362)
        at org.eclipse.jetty.util.thread.strategy.EatWhatYouKill.doProduce(EatWhatYouKill.java:186)
        at org.eclipse.jetty.util.thread.strategy.EatWhatYouKill.tryProduce(EatWhatYouKill.java:173)
        at org.eclipse.jetty.util.thread.strategy.EatWhatYouKill.produce(EatWhatYouKill.java:137)
        at org.eclipse.jetty.io.ManagedSelector$$Lambda$446/827549167.run(Unknown Source)
        at org.eclipse.jetty.util.thread.QueuedThreadPool.runJob(QueuedThreadPool.java:883)
        at org.eclipse.jetty.util.thread.QueuedThreadPool$Runner.run(QueuedThreadPool.java:1034)
        at java.lang.Thread.run(Thread.java:750)
"IPC Server handler 5 on default port 40715" daemon prio=5 tid=72 timed_waiting
java.lang.Thread.State: TIMED_WAITING
        at sun.misc.Unsafe.park(Native Method)
        at java.util.concurrent.locks.LockSupport.parkNanos(LockSupport.java:215)
        at java.util.concurrent.locks.AbstractQueuedSynchronizer$ConditionObject.awaitNanos(AbstractQueuedSynchronizer.java:2078)
        at java.util.concurrent.LinkedBlockingQueue.poll(LinkedBlockingQueue.java:467)
        at org.apache.hadoop.ipc.CallQueueManager.take(CallQueueManager.java:317)
        at org.apache.hadoop.ipc.Server$Handler.run(Server.java:2942)
"b6bbe4ab-2937-401d-96b4-8acfa82ea187-server-thread1" daemon prio=5 tid=764 timed_waiting
java.lang.Thread.State: TIMED_WAITING
        at sun.misc.Unsafe.park(Native Method)
        at java.util.concurrent.locks.LockSupport.parkNanos(LockSupport.java:215)
        at java.util.concurrent.SynchronousQueue$TransferStack.awaitFulfill(SynchronousQueue.java:460)
        at java.util.concurrent.SynchronousQueue$TransferStack.transfer(SynchronousQueue.java:362)
        at java.util.concurrent.SynchronousQueue.poll(SynchronousQueue.java:941)
        at java.util.concurrent.ThreadPoolExecutor.getTask(ThreadPoolExecutor.java:1073)
        at java.util.concurrent.ThreadPoolExecutor.runWorker(ThreadPoolExecutor.java:1134)
        at java.util.concurrent.ThreadPoolExecutor$Worker.run(ThreadPoolExecutor.java:624)
        at java.lang.Thread.run(Thread.java:750)
"ChunkReader-0" daemon prio=5 tid=779 in Object.wait()
java.lang.Thread.State: WAITING (on object monitor)
        at sun.misc.Unsafe.park(Native Method)
        at java.util.concurrent.locks.LockSupport.park(LockSupport.java:175)
        at java.util.concurrent.locks.AbstractQueuedSynchronizer$ConditionObject.await(AbstractQueuedSynchronizer.java:2039)
        at java.util.concurrent.LinkedBlockingQueue.take(LinkedBlockingQueue.java:442)
        at java.util.concurrent.ThreadPoolExecutor.getTask(ThreadPoolExecutor.java:1074)
        at java.util.concurrent.ThreadPoolExecutor.runWorker(ThreadPoolExecutor.java:1134)
        at java.util.concurrent.ThreadPoolExecutor$Worker.run(ThreadPoolExecutor.java:624)
        at java.lang.Thread.run(Thread.java:750)
"Datanode State Machine Task Thread - 1"  prio=5 tid=499 in Object.wait()
java.lang.Thread.State: WAITING (on object monitor)
        at sun.misc.Unsafe.park(Native Method)
        at java.util.concurrent.locks.LockSupport.parkNanos(LockSupport.java:215)
        at java.util.concurrent.FutureTask.awaitDone(FutureTask.java:426)
        at java.util.concurrent.FutureTask.get(FutureTask.java:204)
        at org.apache.hadoop.ozone.container.common.states.datanode.RunningDatanodeState.lambda$execute$0(RunningDatanodeState.java:157)
        at org.apache.hadoop.ozone.container.common.states.datanode.RunningDatanodeState$$Lambda$859/1873061427.call(Unknown Source)
        at java.util.concurrent.FutureTask.run(FutureTask.java:266)
        at java.util.concurrent.Executors$RunnableAdapter.call(Executors.java:511)
        at java.util.concurrent.FutureTask.run(FutureTask.java:266)
        at java.util.concurrent.ThreadPoolExecutor.runWorker(ThreadPoolExecutor.java:1149)
        at java.util.concurrent.ThreadPoolExecutor$Worker.run(ThreadPoolExecutor.java:624)
        at java.lang.Thread.run(Thread.java:750)
"IPC Server handler 9 on default port 42009" daemon prio=5 tid=56 timed_waiting
java.lang.Thread.State: TIMED_WAITING
        at sun.misc.Unsafe.park(Native Method)
        at java.util.concurrent.locks.LockSupport.parkNanos(LockSupport.java:215)
        at java.util.concurrent.locks.AbstractQueuedSynchronizer$ConditionObject.awaitNanos(AbstractQueuedSynchronizer.java:2078)
        at java.util.concurrent.LinkedBlockingQueue.poll(LinkedBlockingQueue.java:467)
        at org.apache.hadoop.ipc.CallQueueManager.take(CallQueueManager.java:317)
        at org.apache.hadoop.ipc.Server$Handler.run(Server.java:2942)
"JvmPauseMonitor5" daemon prio=5 tid=493 timed_waiting
java.lang.Thread.State: TIMED_WAITING
        at java.lang.Thread.sleep(Native Method)
        at java.lang.Thread.sleep(Thread.java:342)
        at java.util.concurrent.TimeUnit.sleep(TimeUnit.java:386)
        at org.apache.ratis.util.TimeDuration.sleep(TimeDuration.java:325)
        at org.apache.ratis.util.TimeDuration.sleep(TimeDuration.java:310)
        at org.apache.ratis.util.JvmPauseMonitor.detectPause(JvmPauseMonitor.java:119)
        at org.apache.ratis.util.JvmPauseMonitor.run(JvmPauseMonitor.java:108)
        at org.apache.ratis.util.JvmPauseMonitor$$Lambda$706/668240146.run(Unknown Source)
        at java.lang.Thread.run(Thread.java:750)
"IPC Server handler 17 on default port 42009" daemon prio=5 tid=64 timed_waiting
java.lang.Thread.State: TIMED_WAITING
        at sun.misc.Unsafe.park(Native Method)
        at java.util.concurrent.locks.LockSupport.parkNanos(LockSupport.java:215)
        at java.util.concurrent.locks.AbstractQueuedSynchronizer$ConditionObject.awaitNanos(AbstractQueuedSynchronizer.java:2078)
        at java.util.concurrent.LinkedBlockingQueue.poll(LinkedBlockingQueue.java:467)
        at org.apache.hadoop.ipc.CallQueueManager.take(CallQueueManager.java:317)
        at org.apache.hadoop.ipc.Server$Handler.run(Server.java:2942)
"StaleRecoveringContainerScrubbingService#0" daemon prio=5 tid=563 in Object.wait()
java.lang.Thread.State: WAITING (on object monitor)
        at sun.misc.Unsafe.park(Native Method)
        at java.util.concurrent.locks.LockSupport.park(LockSupport.java:175)
        at java.util.concurrent.locks.AbstractQueuedSynchronizer$ConditionObject.await(AbstractQueuedSynchronizer.java:2039)
        at java.util.concurrent.ScheduledThreadPoolExecutor$DelayedWorkQueue.take(ScheduledThreadPoolExecutor.java:1088)
        at java.util.concurrent.ScheduledThreadPoolExecutor$DelayedWorkQueue.take(ScheduledThreadPoolExecutor.java:809)
        at java.util.concurrent.ThreadPoolExecutor.getTask(ThreadPoolExecutor.java:1074)
        at java.util.concurrent.ThreadPoolExecutor.runWorker(ThreadPoolExecutor.java:1134)
        at java.util.concurrent.ThreadPoolExecutor$Worker.run(ThreadPoolExecutor.java:624)
        at java.lang.Thread.run(Thread.java:750)
"FixedThreadPoolWithAffinityExecutor-9-0" daemon prio=5 tid=44 timed_waiting
java.lang.Thread.State: TIMED_WAITING
        at sun.misc.Unsafe.park(Native Method)
        at java.util.concurrent.locks.LockSupport.parkNanos(LockSupport.java:215)
        at java.util.concurrent.locks.AbstractQueuedSynchronizer$ConditionObject.awaitNanos(AbstractQueuedSynchronizer.java:2078)
        at java.util.concurrent.LinkedBlockingQueue.poll(LinkedBlockingQueue.java:467)
        at org.apache.hadoop.hdds.scm.server.ContainerReportQueue.poll(ContainerReportQueue.java:266)
        at org.apache.hadoop.hdds.scm.server.ContainerReportQueue.poll(ContainerReportQueue.java:42)
        at org.apache.hadoop.hdds.server.events.FixedThreadPoolWithAffinityExecutor$ContainerReportProcessTask.run(FixedThreadPoolWithAffinityExecutor.java:218)
        at java.util.concurrent.Executors$RunnableAdapter.call(Executors.java:511)
        at java.util.concurrent.FutureTask.run(FutureTask.java:266)
        at java.util.concurrent.ThreadPoolExecutor.runWorker(ThreadPoolExecutor.java:1149)
        at java.util.concurrent.ThreadPoolExecutor$Worker.run(ThreadPoolExecutor.java:624)
        at java.lang.Thread.run(Thread.java:750)
"qtp1531438298-290" daemon prio=5 tid=290 runnable
java.lang.Thread.State: RUNNABLE
        at sun.nio.ch.EPollArrayWrapper.epollWait(Native Method)
        at sun.nio.ch.EPollArrayWrapper.poll(EPollArrayWrapper.java:269)
        at sun.nio.ch.EPollSelectorImpl.doSelect(EPollSelectorImpl.java:93)
        at sun.nio.ch.SelectorImpl.lockAndDoSelect(SelectorImpl.java:86)
        at sun.nio.ch.SelectorImpl.select(SelectorImpl.java:97)
        at sun.nio.ch.SelectorImpl.select(SelectorImpl.java:101)
        at org.eclipse.jetty.io.ManagedSelector.nioSelect(ManagedSelector.java:183)
        at org.eclipse.jetty.io.ManagedSelector.select(ManagedSelector.java:190)
        at org.eclipse.jetty.io.ManagedSelector$SelectorProducer.select(ManagedSelector.java:606)
        at org.eclipse.jetty.io.ManagedSelector$SelectorProducer.produce(ManagedSelector.java:543)
        at org.eclipse.jetty.util.thread.strategy.EatWhatYouKill.produceTask(EatWhatYouKill.java:362)
        at org.eclipse.jetty.util.thread.strategy.EatWhatYouKill.doProduce(EatWhatYouKill.java:186)
        at org.eclipse.jetty.util.thread.strategy.EatWhatYouKill.tryProduce(EatWhatYouKill.java:173)
        at org.eclipse.jetty.util.thread.strategy.EatWhatYouKill.produce(EatWhatYouKill.java:137)
        at org.eclipse.jetty.io.ManagedSelector$$Lambda$446/827549167.run(Unknown Source)
        at org.eclipse.jetty.util.thread.QueuedThreadPool.runJob(QueuedThreadPool.java:883)
        at org.eclipse.jetty.util.thread.QueuedThreadPool$Runner.run(QueuedThreadPool.java:1034)
        at java.lang.Thread.run(Thread.java:750)
"org.apache.hadoop.ozone.container.common.statemachine.commandhandler.DeleteBlocksCommandHandler$DeleteCmdWorker@5357ce45" daemon prio=5 tid=182 timed_waiting
java.lang.Thread.State: TIMED_WAITING
        at java.lang.Thread.sleep(Native Method)
        at org.apache.hadoop.ozone.container.common.statemachine.commandhandler.DeleteBlocksCommandHandler$DeleteCmdWorker.run(DeleteBlocksCommandHandler.java:183)
        at java.lang.Thread.run(Thread.java:750)
"OpenKeyCleanupService#0" daemon prio=5 tid=143 timed_waiting
java.lang.Thread.State: TIMED_WAITING
        at sun.misc.Unsafe.park(Native Method)
        at java.util.concurrent.locks.LockSupport.parkNanos(LockSupport.java:215)
        at java.util.concurrent.locks.AbstractQueuedSynchronizer$ConditionObject.awaitNanos(AbstractQueuedSynchronizer.java:2078)
        at java.util.concurrent.ScheduledThreadPoolExecutor$DelayedWorkQueue.take(ScheduledThreadPoolExecutor.java:1093)
        at java.util.concurrent.ScheduledThreadPoolExecutor$DelayedWorkQueue.take(ScheduledThreadPoolExecutor.java:809)
        at java.util.concurrent.ThreadPoolExecutor.getTask(ThreadPoolExecutor.java:1074)
        at java.util.concurrent.ThreadPoolExecutor.runWorker(ThreadPoolExecutor.java:1134)
        at java.util.concurrent.ThreadPoolExecutor$Worker.run(ThreadPoolExecutor.java:624)
        at java.lang.Thread.run(Thread.java:750)
"ChunkWriter-1-0" daemon prio=5 tid=545 in Object.wait()
java.lang.Thread.State: WAITING (on object monitor)
        at sun.misc.Unsafe.park(Native Method)
        at java.util.concurrent.locks.LockSupport.park(LockSupport.java:175)
        at java.util.concurrent.locks.AbstractQueuedSynchronizer$ConditionObject.await(AbstractQueuedSynchronizer.java:2039)
        at java.util.concurrent.LinkedBlockingDeque.takeFirst(LinkedBlockingDeque.java:492)
        at java.util.concurrent.LinkedBlockingDeque.take(LinkedBlockingDeque.java:680)
        at java.util.concurrent.ThreadPoolExecutor.getTask(ThreadPoolExecutor.java:1074)
        at java.util.concurrent.ThreadPoolExecutor.runWorker(ThreadPoolExecutor.java:1134)
        at java.util.concurrent.ThreadPoolExecutor$Worker.run(ThreadPoolExecutor.java:624)
        at java.lang.Thread.run(Thread.java:750)
"qtp457009334-460" daemon prio=5 tid=460 timed_waiting
java.lang.Thread.State: TIMED_WAITING
        at sun.misc.Unsafe.park(Native Method)
        at java.util.concurrent.locks.LockSupport.parkNanos(LockSupport.java:215)
        at java.util.concurrent.locks.AbstractQueuedSynchronizer$ConditionObject.awaitNanos(AbstractQueuedSynchronizer.java:2078)
        at org.eclipse.jetty.util.BlockingArrayQueue.poll(BlockingArrayQueue.java:382)
        at org.eclipse.jetty.util.thread.QueuedThreadPool$Runner.idleJobPoll(QueuedThreadPool.java:974)
        at org.eclipse.jetty.util.thread.QueuedThreadPool$Runner.run(QueuedThreadPool.java:1018)
        at java.lang.Thread.run(Thread.java:750)
"IPC Server handler 16 on default port 35727" daemon prio=5 tid=103 timed_waiting
java.lang.Thread.State: TIMED_WAITING
        at sun.misc.Unsafe.park(Native Method)
        at java.util.concurrent.locks.LockSupport.parkNanos(LockSupport.java:215)
        at java.util.concurrent.locks.AbstractQueuedSynchronizer$ConditionObject.awaitNanos(AbstractQueuedSynchronizer.java:2078)
        at java.util.concurrent.LinkedBlockingQueue.poll(LinkedBlockingQueue.java:467)
        at org.apache.hadoop.ipc.CallQueueManager.take(CallQueueManager.java:317)
        at org.apache.hadoop.ipc.Server$Handler.run(Server.java:2942)
"IPC Server handler 0 on default port 42009" daemon prio=5 tid=47 timed_waiting
java.lang.Thread.State: TIMED_WAITING
        at sun.misc.Unsafe.park(Native Method)
        at java.util.concurrent.locks.LockSupport.parkNanos(LockSupport.java:215)
        at java.util.concurrent.locks.AbstractQueuedSynchronizer$ConditionObject.awaitNanos(AbstractQueuedSynchronizer.java:2078)
        at java.util.concurrent.LinkedBlockingQueue.poll(LinkedBlockingQueue.java:467)
        at org.apache.hadoop.ipc.CallQueueManager.take(CallQueueManager.java:317)
        at org.apache.hadoop.ipc.Server$Handler.run(Server.java:2942)
"Datanode ReportManager Thread - 0" daemon prio=5 tid=441 timed_waiting
java.lang.Thread.State: TIMED_WAITING
        at sun.misc.Unsafe.park(Native Method)
        at java.util.concurrent.locks.LockSupport.parkNanos(LockSupport.java:215)
        at java.util.concurrent.locks.AbstractQueuedSynchronizer$ConditionObject.awaitNanos(AbstractQueuedSynchronizer.java:2078)
        at java.util.concurrent.ScheduledThreadPoolExecutor$DelayedWorkQueue.take(ScheduledThreadPoolExecutor.java:1093)
        at java.util.concurrent.ScheduledThreadPoolExecutor$DelayedWorkQueue.take(ScheduledThreadPoolExecutor.java:809)
        at java.util.concurrent.ThreadPoolExecutor.getTask(ThreadPoolExecutor.java:1074)
        at java.util.concurrent.ThreadPoolExecutor.runWorker(ThreadPoolExecutor.java:1134)
        at java.util.concurrent.ThreadPoolExecutor$Worker.run(ThreadPoolExecutor.java:624)
        at java.lang.Thread.run(Thread.java:750)
"grpc-default-worker-ELG-3-1" daemon prio=5 tid=575 runnable
java.lang.Thread.State: RUNNABLE
        at org.apache.ratis.thirdparty.io.netty.channel.epoll.Native.epollWait0(Native Method)
        at org.apache.ratis.thirdparty.io.netty.channel.epoll.Native.epollWait(Native.java:182)
        at org.apache.ratis.thirdparty.io.netty.channel.epoll.EpollEventLoop.epollWait(EpollEventLoop.java:290)
        at org.apache.ratis.thirdparty.io.netty.channel.epoll.EpollEventLoop.run(EpollEventLoop.java:354)
        at org.apache.ratis.thirdparty.io.netty.util.concurrent.SingleThreadEventExecutor$4.run(SingleThreadEventExecutor.java:995)
        at org.apache.ratis.thirdparty.io.netty.util.internal.ThreadExecutorMap$2.run(ThreadExecutorMap.java:74)
        at org.apache.ratis.thirdparty.io.netty.util.concurrent.FastThreadLocalRunnable.run(FastThreadLocalRunnable.java:30)
        at java.lang.Thread.run(Thread.java:750)
"qtp110059025-348" daemon prio=5 tid=348 timed_waiting
java.lang.Thread.State: TIMED_WAITING
        at sun.misc.Unsafe.park(Native Method)
        at java.util.concurrent.locks.LockSupport.parkNanos(LockSupport.java:215)
        at java.util.concurrent.locks.AbstractQueuedSynchronizer$ConditionObject.awaitNanos(AbstractQueuedSynchronizer.java:2078)
        at org.eclipse.jetty.util.BlockingArrayQueue.poll(BlockingArrayQueue.java:382)
        at org.eclipse.jetty.util.thread.QueuedThreadPool$Runner.idleJobPoll(QueuedThreadPool.java:974)
        at org.eclipse.jetty.util.thread.QueuedThreadPool$Runner.run(QueuedThreadPool.java:1018)
        at java.lang.Thread.run(Thread.java:750)
"2369a186-4f78-4e7b-885b-53a729611fd8@group-8513DF5B1E68-LeaderStateImpl" daemon prio=5 tid=743 timed_waiting
java.lang.Thread.State: TIMED_WAITING
        at sun.misc.Unsafe.park(Native Method)
        at java.util.concurrent.locks.LockSupport.parkNanos(LockSupport.java:215)
        at java.util.concurrent.locks.AbstractQueuedSynchronizer$ConditionObject.awaitNanos(AbstractQueuedSynchronizer.java:2078)
        at java.util.concurrent.ArrayBlockingQueue.poll(ArrayBlockingQueue.java:418)
        at org.apache.ratis.server.impl.LeaderStateImpl$EventQueue.poll(LeaderStateImpl.java:159)
        at org.apache.ratis.server.impl.LeaderStateImpl$EventProcessor.run(LeaderStateImpl.java:630)
"qtp110059025-346" daemon prio=5 tid=346 timed_waiting
java.lang.Thread.State: TIMED_WAITING
        at sun.misc.Unsafe.park(Native Method)
        at java.util.concurrent.locks.LockSupport.parkNanos(LockSupport.java:215)
        at java.util.concurrent.locks.AbstractQueuedSynchronizer$ConditionObject.awaitNanos(AbstractQueuedSynchronizer.java:2078)
        at org.eclipse.jetty.util.BlockingArrayQueue.poll(BlockingArrayQueue.java:382)
        at org.eclipse.jetty.util.thread.QueuedThreadPool$Runner.idleJobPoll(QueuedThreadPool.java:974)
        at org.eclipse.jetty.util.thread.QueuedThreadPool$Runner.run(QueuedThreadPool.java:1018)
        at java.lang.Thread.run(Thread.java:750)
"Command processor thread" daemon prio=5 tid=199 timed_waiting
java.lang.Thread.State: TIMED_WAITING
        at java.lang.Thread.sleep(Native Method)
        at org.apache.hadoop.ozone.container.common.statemachine.DatanodeStateMachine.lambda$initCommandHandlerThread$3(DatanodeStateMachine.java:641)
        at org.apache.hadoop.ozone.container.common.statemachine.DatanodeStateMachine$$Lambda$753/651253568.run(Unknown Source)
        at java.lang.Thread.run(Thread.java:750)
"JvmPauseMonitor9" daemon prio=5 tid=548 timed_waiting
java.lang.Thread.State: TIMED_WAITING
        at java.lang.Thread.sleep(Native Method)
        at java.lang.Thread.sleep(Thread.java:342)
        at java.util.concurrent.TimeUnit.sleep(TimeUnit.java:386)
        at org.apache.ratis.util.TimeDuration.sleep(TimeDuration.java:325)
        at org.apache.ratis.util.TimeDuration.sleep(TimeDuration.java:310)
        at org.apache.ratis.util.JvmPauseMonitor.detectPause(JvmPauseMonitor.java:119)
        at org.apache.ratis.util.JvmPauseMonitor.run(JvmPauseMonitor.java:108)
        at org.apache.ratis.util.JvmPauseMonitor$$Lambda$706/668240146.run(Unknown Source)
        at java.lang.Thread.run(Thread.java:750)
"IPC Server handler 4 on default port 35727" daemon prio=5 tid=91 timed_waiting
java.lang.Thread.State: TIMED_WAITING
        at sun.misc.Unsafe.park(Native Method)
        at java.util.concurrent.locks.LockSupport.parkNanos(LockSupport.java:215)
        at java.util.concurrent.locks.AbstractQueuedSynchronizer$ConditionObject.awaitNanos(AbstractQueuedSynchronizer.java:2078)
        at java.util.concurrent.LinkedBlockingQueue.poll(LinkedBlockingQueue.java:467)
        at org.apache.hadoop.ipc.CallQueueManager.take(CallQueueManager.java:317)
        at org.apache.hadoop.ipc.Server$Handler.run(Server.java:2942)
"IPC Server handler 11 on default port 35727" daemon prio=5 tid=98 timed_waiting
java.lang.Thread.State: TIMED_WAITING
        at sun.misc.Unsafe.park(Native Method)
        at java.util.concurrent.locks.LockSupport.parkNanos(LockSupport.java:215)
        at java.util.concurrent.locks.AbstractQueuedSynchronizer$ConditionObject.awaitNanos(AbstractQueuedSynchronizer.java:2078)
        at java.util.concurrent.LinkedBlockingQueue.poll(LinkedBlockingQueue.java:467)
        at org.apache.hadoop.ipc.CallQueueManager.take(CallQueueManager.java:317)
        at org.apache.hadoop.ipc.Server$Handler.run(Server.java:2942)
"CommandWatcher-LeaseManager#LeaseMonitor" daemon prio=5 tid=46 timed_waiting
java.lang.Thread.State: TIMED_WAITING
        at java.lang.Object.wait(Native Method)
        at org.apache.hadoop.ozone.lease.LeaseManager$LeaseMonitor.run(LeaseManager.java:238)
        at java.lang.Thread.run(Thread.java:750)
"Periodic HDDS volume checker" daemon prio=5 tid=203 timed_waiting
java.lang.Thread.State: TIMED_WAITING
        at sun.misc.Unsafe.park(Native Method)
        at java.util.concurrent.locks.LockSupport.parkNanos(LockSupport.java:215)
        at java.util.concurrent.locks.AbstractQueuedSynchronizer$ConditionObject.awaitNanos(AbstractQueuedSynchronizer.java:2078)
        at java.util.concurrent.ScheduledThreadPoolExecutor$DelayedWorkQueue.take(ScheduledThreadPoolExecutor.java:1093)
        at java.util.concurrent.ScheduledThreadPoolExecutor$DelayedWorkQueue.take(ScheduledThreadPoolExecutor.java:809)
        at java.util.concurrent.ThreadPoolExecutor.getTask(ThreadPoolExecutor.java:1074)
        at java.util.concurrent.ThreadPoolExecutor.runWorker(ThreadPoolExecutor.java:1134)
        at java.util.concurrent.ThreadPoolExecutor$Worker.run(ThreadPoolExecutor.java:624)
        at java.lang.Thread.run(Thread.java:750)
"ChunkWriter-2-0" daemon prio=5 tid=546 in Object.wait()
java.lang.Thread.State: WAITING (on object monitor)
        at sun.misc.Unsafe.park(Native Method)
        at java.util.concurrent.locks.LockSupport.park(LockSupport.java:175)
        at java.util.concurrent.locks.AbstractQueuedSynchronizer$ConditionObject.await(AbstractQueuedSynchronizer.java:2039)
        at java.util.concurrent.LinkedBlockingDeque.takeFirst(LinkedBlockingDeque.java:492)
        at java.util.concurrent.LinkedBlockingDeque.take(LinkedBlockingDeque.java:680)
        at java.util.concurrent.ThreadPoolExecutor.getTask(ThreadPoolExecutor.java:1074)
        at java.util.concurrent.ThreadPoolExecutor.runWorker(ThreadPoolExecutor.java:1134)
        at java.util.concurrent.ThreadPoolExecutor$Worker.run(ThreadPoolExecutor.java:624)
        at java.lang.Thread.run(Thread.java:750)
"StaleRecoveringContainerScrubbingService#0" daemon prio=5 tid=551 in Object.wait()
java.lang.Thread.State: WAITING (on object monitor)
        at sun.misc.Unsafe.park(Native Method)
        at java.util.concurrent.locks.LockSupport.park(LockSupport.java:175)
        at java.util.concurrent.locks.AbstractQueuedSynchronizer$ConditionObject.await(AbstractQueuedSynchronizer.java:2039)
        at java.util.concurrent.ScheduledThreadPoolExecutor$DelayedWorkQueue.take(ScheduledThreadPoolExecutor.java:1088)
        at java.util.concurrent.ScheduledThreadPoolExecutor$DelayedWorkQueue.take(ScheduledThreadPoolExecutor.java:809)
        at java.util.concurrent.ThreadPoolExecutor.getTask(ThreadPoolExecutor.java:1074)
        at java.util.concurrent.ThreadPoolExecutor.runWorker(ThreadPoolExecutor.java:1134)
        at java.util.concurrent.ThreadPoolExecutor$Worker.run(ThreadPoolExecutor.java:624)
        at java.lang.Thread.run(Thread.java:750)
"IPC Server handler 1 on default port 42009" daemon prio=5 tid=48 timed_waiting
java.lang.Thread.State: TIMED_WAITING
        at sun.misc.Unsafe.park(Native Method)
        at java.util.concurrent.locks.LockSupport.parkNanos(LockSupport.java:215)
        at java.util.concurrent.locks.AbstractQueuedSynchronizer$ConditionObject.awaitNanos(AbstractQueuedSynchronizer.java:2078)
        at java.util.concurrent.LinkedBlockingQueue.poll(LinkedBlockingQueue.java:467)
        at org.apache.hadoop.ipc.CallQueueManager.take(CallQueueManager.java:317)
        at org.apache.hadoop.ipc.Server$Handler.run(Server.java:2942)
"IPC Server handler 12 on default port 35727" daemon prio=5 tid=99 timed_waiting
java.lang.Thread.State: TIMED_WAITING
        at sun.misc.Unsafe.park(Native Method)
        at java.util.concurrent.locks.LockSupport.parkNanos(LockSupport.java:215)
        at java.util.concurrent.locks.AbstractQueuedSynchronizer$ConditionObject.awaitNanos(AbstractQueuedSynchronizer.java:2078)
        at java.util.concurrent.LinkedBlockingQueue.poll(LinkedBlockingQueue.java:467)
        at org.apache.hadoop.ipc.CallQueueManager.take(CallQueueManager.java:317)
        at org.apache.hadoop.ipc.Server$Handler.run(Server.java:2942)
"b412bf4c-8645-4ac9-920f-94e6c323f92a@group-66FEC34252F7-SegmentedRaftLogWorker"  prio=5 tid=674 timed_waiting
java.lang.Thread.State: TIMED_WAITING
        at sun.misc.Unsafe.park(Native Method)
        at java.util.concurrent.locks.LockSupport.parkNanos(LockSupport.java:215)
        at java.util.concurrent.locks.AbstractQueuedSynchronizer$ConditionObject.awaitNanos(AbstractQueuedSynchronizer.java:2078)
        at org.apache.ratis.util.DataBlockingQueue.poll(DataBlockingQueue.java:148)
        at org.apache.ratis.server.raftlog.segmented.SegmentedRaftLogWorker.run(SegmentedRaftLogWorker.java:310)
        at org.apache.ratis.server.raftlog.segmented.SegmentedRaftLogWorker$$Lambda$665/2146560083.run(Unknown Source)
        at java.lang.Thread.run(Thread.java:750)
"qtp160371564-322" daemon prio=5 tid=322 timed_waiting
java.lang.Thread.State: TIMED_WAITING
        at sun.misc.Unsafe.park(Native Method)
        at java.util.concurrent.locks.LockSupport.parkNanos(LockSupport.java:215)
        at java.util.concurrent.locks.AbstractQueuedSynchronizer$ConditionObject.awaitNanos(AbstractQueuedSynchronizer.java:2078)
        at org.eclipse.jetty.util.BlockingArrayQueue.poll(BlockingArrayQueue.java:382)
        at org.eclipse.jetty.util.thread.QueuedThreadPool$Runner.idleJobPoll(QueuedThreadPool.java:974)
        at org.eclipse.jetty.util.thread.QueuedThreadPool$Runner.run(QueuedThreadPool.java:1018)
        at java.lang.Thread.run(Thread.java:750)
"qtp1646881279-238" daemon prio=5 tid=238 runnable
java.lang.Thread.State: RUNNABLE
        at sun.nio.ch.EPollArrayWrapper.epollWait(Native Method)
        at sun.nio.ch.EPollArrayWrapper.poll(EPollArrayWrapper.java:269)
        at sun.nio.ch.EPollSelectorImpl.doSelect(EPollSelectorImpl.java:93)
        at sun.nio.ch.SelectorImpl.lockAndDoSelect(SelectorImpl.java:86)
        at sun.nio.ch.SelectorImpl.select(SelectorImpl.java:97)
        at sun.nio.ch.SelectorImpl.select(SelectorImpl.java:101)
        at org.eclipse.jetty.io.ManagedSelector.nioSelect(ManagedSelector.java:183)
        at org.eclipse.jetty.io.ManagedSelector.select(ManagedSelector.java:190)
        at org.eclipse.jetty.io.ManagedSelector$SelectorProducer.select(ManagedSelector.java:606)
        at org.eclipse.jetty.io.ManagedSelector$SelectorProducer.produce(ManagedSelector.java:543)
        at org.eclipse.jetty.util.thread.strategy.EatWhatYouKill.produceTask(EatWhatYouKill.java:362)
        at org.eclipse.jetty.util.thread.strategy.EatWhatYouKill.doProduce(EatWhatYouKill.java:186)
        at org.eclipse.jetty.util.thread.strategy.EatWhatYouKill.tryProduce(EatWhatYouKill.java:173)
        at org.eclipse.jetty.util.thread.strategy.EatWhatYouKill.produce(EatWhatYouKill.java:137)
        at org.eclipse.jetty.io.ManagedSelector$$Lambda$446/827549167.run(Unknown Source)
        at org.eclipse.jetty.util.thread.QueuedThreadPool.runJob(QueuedThreadPool.java:883)
        at org.eclipse.jetty.util.thread.QueuedThreadPool$Runner.run(QueuedThreadPool.java:1034)
        at java.lang.Thread.run(Thread.java:750)
"StaleRecoveringContainerScrubbingService#2" daemon prio=5 tid=907 in Object.wait()
java.lang.Thread.State: WAITING (on object monitor)
        at sun.misc.Unsafe.park(Native Method)
        at java.util.concurrent.locks.LockSupport.park(LockSupport.java:175)
        at java.util.concurrent.locks.AbstractQueuedSynchronizer$ConditionObject.await(AbstractQueuedSynchronizer.java:2039)
        at java.util.concurrent.ScheduledThreadPoolExecutor$DelayedWorkQueue.take(ScheduledThreadPoolExecutor.java:1088)
        at java.util.concurrent.ScheduledThreadPoolExecutor$DelayedWorkQueue.take(ScheduledThreadPoolExecutor.java:809)
        at java.util.concurrent.ThreadPoolExecutor.getTask(ThreadPoolExecutor.java:1074)
        at java.util.concurrent.ThreadPoolExecutor.runWorker(ThreadPoolExecutor.java:1134)
        at java.util.concurrent.ThreadPoolExecutor$Worker.run(ThreadPoolExecutor.java:624)
        at java.lang.Thread.run(Thread.java:750)
"BlockDeletingService#0" daemon prio=5 tid=562 in Object.wait()
java.lang.Thread.State: WAITING (on object monitor)
        at sun.misc.Unsafe.park(Native Method)
        at java.util.concurrent.locks.LockSupport.park(LockSupport.java:175)
        at java.util.concurrent.locks.AbstractQueuedSynchronizer$ConditionObject.await(AbstractQueuedSynchronizer.java:2039)
        at java.util.concurrent.ScheduledThreadPoolExecutor$DelayedWorkQueue.take(ScheduledThreadPoolExecutor.java:1088)
        at java.util.concurrent.ScheduledThreadPoolExecutor$DelayedWorkQueue.take(ScheduledThreadPoolExecutor.java:809)
        at java.util.concurrent.ThreadPoolExecutor.getTask(ThreadPoolExecutor.java:1074)
        at java.util.concurrent.ThreadPoolExecutor.runWorker(ThreadPoolExecutor.java:1134)
        at java.util.concurrent.ThreadPoolExecutor$Worker.run(ThreadPoolExecutor.java:624)
        at java.lang.Thread.run(Thread.java:750)
"IPC Server handler 10 on default port 45563" daemon prio=5 tid=164 timed_waiting
java.lang.Thread.State: TIMED_WAITING
        at sun.misc.Unsafe.park(Native Method)
        at java.util.concurrent.locks.LockSupport.parkNanos(LockSupport.java:215)
        at java.util.concurrent.locks.AbstractQueuedSynchronizer$ConditionObject.awaitNanos(AbstractQueuedSynchronizer.java:2078)
        at java.util.concurrent.LinkedBlockingQueue.poll(LinkedBlockingQueue.java:467)
        at org.apache.hadoop.ipc.CallQueueManager.take(CallQueueManager.java:317)
        at org.apache.hadoop.ipc.Server$Handler.run(Server.java:2942)
"b2efe8a5-99bb-41e7-9296-f49000549216-server-thread1" daemon prio=5 tid=705 timed_waiting
java.lang.Thread.State: TIMED_WAITING
        at sun.misc.Unsafe.park(Native Method)
        at java.util.concurrent.locks.LockSupport.parkNanos(LockSupport.java:215)
        at java.util.concurrent.SynchronousQueue$TransferStack.awaitFulfill(SynchronousQueue.java:460)
        at java.util.concurrent.SynchronousQueue$TransferStack.transfer(SynchronousQueue.java:362)
        at java.util.concurrent.SynchronousQueue.poll(SynchronousQueue.java:941)
        at java.util.concurrent.ThreadPoolExecutor.getTask(ThreadPoolExecutor.java:1073)
        at java.util.concurrent.ThreadPoolExecutor.runWorker(ThreadPoolExecutor.java:1134)
        at java.util.concurrent.ThreadPoolExecutor$Worker.run(ThreadPoolExecutor.java:624)
        at java.lang.Thread.run(Thread.java:750)
"b2efe8a5-99bb-41e7-9296-f49000549216@group-16B0CCAD8931-StateMachineUpdater" daemon prio=5 tid=590 timed_waiting
java.lang.Thread.State: TIMED_WAITING
        at sun.misc.Unsafe.park(Native Method)
        at java.util.concurrent.locks.LockSupport.parkNanos(LockSupport.java:215)
        at java.util.concurrent.CompletableFuture$Signaller.block(CompletableFuture.java:1709)
        at java.util.concurrent.ForkJoinPool.managedBlock(ForkJoinPool.java:3323)
        at java.util.concurrent.CompletableFuture.timedGet(CompletableFuture.java:1788)
        at java.util.concurrent.CompletableFuture.get(CompletableFuture.java:1928)
        at org.apache.ratis.util.AwaitForSignal.await(AwaitForSignal.java:56)
        at org.apache.ratis.server.impl.StateMachineUpdater.waitForCommit(StateMachineUpdater.java:207)
        at org.apache.ratis.server.impl.StateMachineUpdater.run(StateMachineUpdater.java:176)
        at java.lang.Thread.run(Thread.java:750)
"JvmPauseMonitor10" daemon prio=5 tid=560 timed_waiting
java.lang.Thread.State: TIMED_WAITING
        at java.lang.Thread.sleep(Native Method)
        at java.lang.Thread.sleep(Thread.java:342)
        at java.util.concurrent.TimeUnit.sleep(TimeUnit.java:386)
        at org.apache.ratis.util.TimeDuration.sleep(TimeDuration.java:325)
        at org.apache.ratis.util.TimeDuration.sleep(TimeDuration.java:310)
        at org.apache.ratis.util.JvmPauseMonitor.detectPause(JvmPauseMonitor.java:119)
        at org.apache.ratis.util.JvmPauseMonitor.run(JvmPauseMonitor.java:108)
        at org.apache.ratis.util.JvmPauseMonitor$$Lambda$706/668240146.run(Unknown Source)
        at java.lang.Thread.run(Thread.java:750)
"qtp797802443-149" daemon prio=5 tid=149 timed_waiting
java.lang.Thread.State: TIMED_WAITING
        at sun.misc.Unsafe.park(Native Method)
        at java.util.concurrent.locks.LockSupport.parkNanos(LockSupport.java:215)
        at java.util.concurrent.locks.AbstractQueuedSynchronizer$ConditionObject.awaitNanos(AbstractQueuedSynchronizer.java:2078)
        at org.eclipse.jetty.util.BlockingArrayQueue.poll(BlockingArrayQueue.java:382)
        at org.eclipse.jetty.util.thread.QueuedThreadPool$Runner.idleJobPoll(QueuedThreadPool.java:974)
        at org.eclipse.jetty.util.thread.QueuedThreadPool$Runner.run(QueuedThreadPool.java:1018)
        at java.lang.Thread.run(Thread.java:750)
"BlockDeletingService#2" daemon prio=5 tid=898 in Object.wait()
java.lang.Thread.State: WAITING (on object monitor)
        at sun.misc.Unsafe.park(Native Method)
        at java.util.concurrent.locks.LockSupport.park(LockSupport.java:175)
        at java.util.concurrent.locks.AbstractQueuedSynchronizer$ConditionObject.await(AbstractQueuedSynchronizer.java:2039)
        at java.util.concurrent.ScheduledThreadPoolExecutor$DelayedWorkQueue.take(ScheduledThreadPoolExecutor.java:1088)
        at java.util.concurrent.ScheduledThreadPoolExecutor$DelayedWorkQueue.take(ScheduledThreadPoolExecutor.java:809)
        at java.util.concurrent.ThreadPoolExecutor.getTask(ThreadPoolExecutor.java:1074)
        at java.util.concurrent.ThreadPoolExecutor.runWorker(ThreadPoolExecutor.java:1134)
        at java.util.concurrent.ThreadPoolExecutor$Worker.run(ThreadPoolExecutor.java:624)
        at java.lang.Thread.run(Thread.java:750)
"b412bf4c-8645-4ac9-920f-94e6c323f92a@group-8A4815B43099->d878db48-ef46-44bf-ac98-cb2daa3cfd80-GrpcLogAppender-LogAppenderDaemon" daemon prio=5 tid=887 timed_waiting
java.lang.Thread.State: TIMED_WAITING
        at sun.misc.Unsafe.park(Native Method)
        at java.util.concurrent.locks.LockSupport.parkNanos(LockSupport.java:215)
        at java.util.concurrent.CompletableFuture$Signaller.block(CompletableFuture.java:1709)
        at java.util.concurrent.ForkJoinPool.managedBlock(ForkJoinPool.java:3323)
        at java.util.concurrent.CompletableFuture.timedGet(CompletableFuture.java:1788)
        at java.util.concurrent.CompletableFuture.get(CompletableFuture.java:1928)
        at org.apache.ratis.util.AwaitForSignal.await(AwaitForSignal.java:56)
        at org.apache.ratis.grpc.server.GrpcLogAppender.mayWait(GrpcLogAppender.java:198)
        at org.apache.ratis.grpc.server.GrpcLogAppender.run(GrpcLogAppender.java:148)
        at org.apache.ratis.server.leader.LogAppenderDaemon.run(LogAppenderDaemon.java:78)
        at org.apache.ratis.server.leader.LogAppenderDaemon$$Lambda$1038/329273412.run(Unknown Source)
        at java.lang.Thread.run(Thread.java:750)
"d878db48-ef46-44bf-ac98-cb2daa3cfd80@group-2FC460863941-LeaderStateImpl" daemon prio=5 tid=755 timed_waiting
java.lang.Thread.State: TIMED_WAITING
        at sun.misc.Unsafe.park(Native Method)
        at java.util.concurrent.locks.LockSupport.parkNanos(LockSupport.java:215)
        at java.util.concurrent.locks.AbstractQueuedSynchronizer$ConditionObject.awaitNanos(AbstractQueuedSynchronizer.java:2078)
        at java.util.concurrent.ArrayBlockingQueue.poll(ArrayBlockingQueue.java:418)
        at org.apache.ratis.server.impl.LeaderStateImpl$EventQueue.poll(LeaderStateImpl.java:159)
        at org.apache.ratis.server.impl.LeaderStateImpl$EventProcessor.run(LeaderStateImpl.java:630)
"pool-64-thread-1" daemon prio=5 tid=178 timed_waiting
java.lang.Thread.State: TIMED_WAITING
        at sun.misc.Unsafe.park(Native Method)
        at java.util.concurrent.locks.LockSupport.parkNanos(LockSupport.java:215)
        at java.util.concurrent.locks.AbstractQueuedSynchronizer$ConditionObject.awaitNanos(AbstractQueuedSynchronizer.java:2078)
        at java.util.concurrent.ScheduledThreadPoolExecutor$DelayedWorkQueue.take(ScheduledThreadPoolExecutor.java:1093)
        at java.util.concurrent.ScheduledThreadPoolExecutor$DelayedWorkQueue.take(ScheduledThreadPoolExecutor.java:809)
        at java.util.concurrent.ThreadPoolExecutor.getTask(ThreadPoolExecutor.java:1074)
        at java.util.concurrent.ThreadPoolExecutor.runWorker(ThreadPoolExecutor.java:1134)
        at java.util.concurrent.ThreadPoolExecutor$Worker.run(ThreadPoolExecutor.java:624)
        at java.lang.Thread.run(Thread.java:750)
"Datanode ReportManager Thread - 4" daemon prio=5 tid=226 timed_waiting
java.lang.Thread.State: TIMED_WAITING
        at sun.misc.Unsafe.park(Native Method)
        at java.util.concurrent.locks.LockSupport.parkNanos(LockSupport.java:215)
        at java.util.concurrent.locks.AbstractQueuedSynchronizer$ConditionObject.awaitNanos(AbstractQueuedSynchronizer.java:2078)
        at java.util.concurrent.ScheduledThreadPoolExecutor$DelayedWorkQueue.take(ScheduledThreadPoolExecutor.java:1093)
        at java.util.concurrent.ScheduledThreadPoolExecutor$DelayedWorkQueue.take(ScheduledThreadPoolExecutor.java:809)
        at java.util.concurrent.ThreadPoolExecutor.getTask(ThreadPoolExecutor.java:1074)
        at java.util.concurrent.ThreadPoolExecutor.runWorker(ThreadPoolExecutor.java:1134)
        at java.util.concurrent.ThreadPoolExecutor$Worker.run(ThreadPoolExecutor.java:624)
        at java.lang.Thread.run(Thread.java:750)
"pool-300-thread-1"  prio=5 tid=456 timed_waiting
java.lang.Thread.State: TIMED_WAITING
        at sun.misc.Unsafe.park(Native Method)
        at java.util.concurrent.locks.LockSupport.parkNanos(LockSupport.java:215)
        at java.util.concurrent.locks.AbstractQueuedSynchronizer$ConditionObject.awaitNanos(AbstractQueuedSynchronizer.java:2078)
        at java.util.concurrent.ScheduledThreadPoolExecutor$DelayedWorkQueue.take(ScheduledThreadPoolExecutor.java:1093)
        at java.util.concurrent.ScheduledThreadPoolExecutor$DelayedWorkQueue.take(ScheduledThreadPoolExecutor.java:809)
        at java.util.concurrent.ThreadPoolExecutor.getTask(ThreadPoolExecutor.java:1074)
        at java.util.concurrent.ThreadPoolExecutor.runWorker(ThreadPoolExecutor.java:1134)
        at java.util.concurrent.ThreadPoolExecutor$Worker.run(ThreadPoolExecutor.java:624)
        at java.lang.Thread.run(Thread.java:750)
"IPC Server handler 1 on default port 35727" daemon prio=5 tid=88 timed_waiting
java.lang.Thread.State: TIMED_WAITING
        at sun.misc.Unsafe.park(Native Method)
        at java.util.concurrent.locks.LockSupport.parkNanos(LockSupport.java:215)
        at java.util.concurrent.locks.AbstractQueuedSynchronizer$ConditionObject.awaitNanos(AbstractQueuedSynchronizer.java:2078)
        at java.util.concurrent.LinkedBlockingQueue.poll(LinkedBlockingQueue.java:467)
        at org.apache.hadoop.ipc.CallQueueManager.take(CallQueueManager.java:317)
        at org.apache.hadoop.ipc.Server$Handler.run(Server.java:2942)
"StaleRecoveringContainerScrubbingService#2" daemon prio=5 tid=912 in Object.wait()
java.lang.Thread.State: WAITING (on object monitor)
        at sun.misc.Unsafe.park(Native Method)
        at java.util.concurrent.locks.LockSupport.park(LockSupport.java:175)
        at java.util.concurrent.locks.AbstractQueuedSynchronizer$ConditionObject.await(AbstractQueuedSynchronizer.java:2039)
        at java.util.concurrent.ScheduledThreadPoolExecutor$DelayedWorkQueue.take(ScheduledThreadPoolExecutor.java:1088)
        at java.util.concurrent.ScheduledThreadPoolExecutor$DelayedWorkQueue.take(ScheduledThreadPoolExecutor.java:809)
        at java.util.concurrent.ThreadPoolExecutor.getTask(ThreadPoolExecutor.java:1074)
        at java.util.concurrent.ThreadPoolExecutor.runWorker(ThreadPoolExecutor.java:1134)
        at java.util.concurrent.ThreadPoolExecutor$Worker.run(ThreadPoolExecutor.java:624)
        at java.lang.Thread.run(Thread.java:750)
"ChunkWriter-1-0" daemon prio=5 tid=355 in Object.wait()
java.lang.Thread.State: WAITING (on object monitor)
        at sun.misc.Unsafe.park(Native Method)
        at java.util.concurrent.locks.LockSupport.park(LockSupport.java:175)
        at java.util.concurrent.locks.AbstractQueuedSynchronizer$ConditionObject.await(AbstractQueuedSynchronizer.java:2039)
        at java.util.concurrent.LinkedBlockingDeque.takeFirst(LinkedBlockingDeque.java:492)
        at java.util.concurrent.LinkedBlockingDeque.take(LinkedBlockingDeque.java:680)
        at java.util.concurrent.ThreadPoolExecutor.getTask(ThreadPoolExecutor.java:1074)
        at java.util.concurrent.ThreadPoolExecutor.runWorker(ThreadPoolExecutor.java:1134)
        at java.util.concurrent.ThreadPoolExecutor$Worker.run(ThreadPoolExecutor.java:624)
        at java.lang.Thread.run(Thread.java:750)
"Datanode ReportManager Thread - 1" daemon prio=5 tid=249 in Object.wait()
java.lang.Thread.State: WAITING (on object monitor)
        at sun.misc.Unsafe.park(Native Method)
        at java.util.concurrent.locks.LockSupport.park(LockSupport.java:175)
        at java.util.concurrent.locks.AbstractQueuedSynchronizer$ConditionObject.await(AbstractQueuedSynchronizer.java:2039)
        at java.util.concurrent.ScheduledThreadPoolExecutor$DelayedWorkQueue.take(ScheduledThreadPoolExecutor.java:1088)
        at java.util.concurrent.ScheduledThreadPoolExecutor$DelayedWorkQueue.take(ScheduledThreadPoolExecutor.java:809)
        at java.util.concurrent.ThreadPoolExecutor.getTask(ThreadPoolExecutor.java:1074)
        at java.util.concurrent.ThreadPoolExecutor.runWorker(ThreadPoolExecutor.java:1134)
        at java.util.concurrent.ThreadPoolExecutor$Worker.run(ThreadPoolExecutor.java:624)
        at java.lang.Thread.run(Thread.java:750)
"Datanode ReportManager Thread - 2" daemon prio=5 tid=328 in Object.wait()
java.lang.Thread.State: WAITING (on object monitor)
        at sun.misc.Unsafe.park(Native Method)
        at java.util.concurrent.locks.LockSupport.park(LockSupport.java:175)
        at java.util.concurrent.locks.AbstractQueuedSynchronizer$ConditionObject.await(AbstractQueuedSynchronizer.java:2039)
        at java.util.concurrent.ScheduledThreadPoolExecutor$DelayedWorkQueue.take(ScheduledThreadPoolExecutor.java:1088)
        at java.util.concurrent.ScheduledThreadPoolExecutor$DelayedWorkQueue.take(ScheduledThreadPoolExecutor.java:809)
        at java.util.concurrent.ThreadPoolExecutor.getTask(ThreadPoolExecutor.java:1074)
        at java.util.concurrent.ThreadPoolExecutor.runWorker(ThreadPoolExecutor.java:1134)
        at java.util.concurrent.ThreadPoolExecutor$Worker.run(ThreadPoolExecutor.java:624)
        at java.lang.Thread.run(Thread.java:750)
"SCM Heartbeat Processing Thread - 0" daemon prio=5 tid=14 timed_waiting
java.lang.Thread.State: TIMED_WAITING
        at sun.misc.Unsafe.park(Native Method)
        at java.util.concurrent.locks.LockSupport.parkNanos(LockSupport.java:215)
        at java.util.concurrent.locks.AbstractQueuedSynchronizer$ConditionObject.awaitNanos(AbstractQueuedSynchronizer.java:2078)
        at java.util.concurrent.ScheduledThreadPoolExecutor$DelayedWorkQueue.take(ScheduledThreadPoolExecutor.java:1093)
        at java.util.concurrent.ScheduledThreadPoolExecutor$DelayedWorkQueue.take(ScheduledThreadPoolExecutor.java:809)
        at java.util.concurrent.ThreadPoolExecutor.getTask(ThreadPoolExecutor.java:1074)
        at java.util.concurrent.ThreadPoolExecutor.runWorker(ThreadPoolExecutor.java:1134)
        at java.util.concurrent.ThreadPoolExecutor$Worker.run(ThreadPoolExecutor.java:624)
        at java.lang.Thread.run(Thread.java:750)
"BlockDeletingService#1" daemon prio=5 tid=498 timed_waiting
java.lang.Thread.State: TIMED_WAITING
        at sun.misc.Unsafe.park(Native Method)
        at java.util.concurrent.locks.LockSupport.parkNanos(LockSupport.java:215)
        at java.util.concurrent.locks.AbstractQueuedSynchronizer$ConditionObject.awaitNanos(AbstractQueuedSynchronizer.java:2078)
        at java.util.concurrent.ScheduledThreadPoolExecutor$DelayedWorkQueue.take(ScheduledThreadPoolExecutor.java:1093)
        at java.util.concurrent.ScheduledThreadPoolExecutor$DelayedWorkQueue.take(ScheduledThreadPoolExecutor.java:809)
        at java.util.concurrent.ThreadPoolExecutor.getTask(ThreadPoolExecutor.java:1074)
        at java.util.concurrent.ThreadPoolExecutor.runWorker(ThreadPoolExecutor.java:1134)
        at java.util.concurrent.ThreadPoolExecutor$Worker.run(ThreadPoolExecutor.java:624)
        at java.lang.Thread.run(Thread.java:750)
"StaleRecoveringContainerScrubbingService#2" daemon prio=5 tid=899 in Object.wait()
java.lang.Thread.State: WAITING (on object monitor)
        at sun.misc.Unsafe.park(Native Method)
        at java.util.concurrent.locks.LockSupport.park(LockSupport.java:175)
        at java.util.concurrent.locks.AbstractQueuedSynchronizer$ConditionObject.await(AbstractQueuedSynchronizer.java:2039)
        at java.util.concurrent.ScheduledThreadPoolExecutor$DelayedWorkQueue.take(ScheduledThreadPoolExecutor.java:1088)
        at java.util.concurrent.ScheduledThreadPoolExecutor$DelayedWorkQueue.take(ScheduledThreadPoolExecutor.java:809)
        at java.util.concurrent.ThreadPoolExecutor.getTask(ThreadPoolExecutor.java:1074)
        at java.util.concurrent.ThreadPoolExecutor.runWorker(ThreadPoolExecutor.java:1134)
        at java.util.concurrent.ThreadPoolExecutor$Worker.run(ThreadPoolExecutor.java:624)
        at java.lang.Thread.run(Thread.java:750)
"pool-237-thread-1"  prio=5 tid=653 in Object.wait()
java.lang.Thread.State: WAITING (on object monitor)
        at sun.misc.Unsafe.park(Native Method)
        at java.util.concurrent.locks.LockSupport.park(LockSupport.java:175)
        at java.util.concurrent.locks.AbstractQueuedSynchronizer$ConditionObject.await(AbstractQueuedSynchronizer.java:2039)
        at java.util.concurrent.LinkedBlockingQueue.take(LinkedBlockingQueue.java:442)
        at java.util.concurrent.ThreadPoolExecutor.getTask(ThreadPoolExecutor.java:1074)
        at java.util.concurrent.ThreadPoolExecutor.runWorker(ThreadPoolExecutor.java:1134)
        at java.util.concurrent.ThreadPoolExecutor$Worker.run(ThreadPoolExecutor.java:624)
        at java.lang.Thread.run(Thread.java:750)
"IPC Server handler 8 on default port 42009" daemon prio=5 tid=55 timed_waiting
java.lang.Thread.State: TIMED_WAITING
        at sun.misc.Unsafe.park(Native Method)
        at java.util.concurrent.locks.LockSupport.parkNanos(LockSupport.java:215)
        at java.util.concurrent.locks.AbstractQueuedSynchronizer$ConditionObject.awaitNanos(AbstractQueuedSynchronizer.java:2078)
        at java.util.concurrent.LinkedBlockingQueue.poll(LinkedBlockingQueue.java:467)
        at org.apache.hadoop.ipc.CallQueueManager.take(CallQueueManager.java:317)
        at org.apache.hadoop.ipc.Server$Handler.run(Server.java:2942)
"Datanode ReportManager Thread - 1" daemon prio=5 tid=404 timed_waiting
java.lang.Thread.State: TIMED_WAITING
        at sun.misc.Unsafe.park(Native Method)
        at java.util.concurrent.locks.LockSupport.parkNanos(LockSupport.java:215)
        at java.util.concurrent.locks.AbstractQueuedSynchronizer$ConditionObject.awaitNanos(AbstractQueuedSynchronizer.java:2078)
        at java.util.concurrent.ScheduledThreadPoolExecutor$DelayedWorkQueue.take(ScheduledThreadPoolExecutor.java:1093)
        at java.util.concurrent.ScheduledThreadPoolExecutor$DelayedWorkQueue.take(ScheduledThreadPoolExecutor.java:809)
        at java.util.concurrent.ThreadPoolExecutor.getTask(ThreadPoolExecutor.java:1074)
        at java.util.concurrent.ThreadPoolExecutor.runWorker(ThreadPoolExecutor.java:1134)
        at java.util.concurrent.ThreadPoolExecutor$Worker.run(ThreadPoolExecutor.java:624)
        at java.lang.Thread.run(Thread.java:750)
"IPC Server handler 4 on default port 42009" daemon prio=5 tid=51 timed_waiting
java.lang.Thread.State: TIMED_WAITING
        at sun.misc.Unsafe.park(Native Method)
        at java.util.concurrent.locks.LockSupport.parkNanos(LockSupport.java:215)
        at java.util.concurrent.locks.AbstractQueuedSynchronizer$ConditionObject.awaitNanos(AbstractQueuedSynchronizer.java:2078)
        at java.util.concurrent.LinkedBlockingQueue.poll(LinkedBlockingQueue.java:467)
        at org.apache.hadoop.ipc.CallQueueManager.take(CallQueueManager.java:317)
        at org.apache.hadoop.ipc.Server$Handler.run(Server.java:2942)
"EventQueue-PipelineReportForOneReplicaPipelineSafeModeRule" daemon prio=5 tid=515 in Object.wait()
java.lang.Thread.State: WAITING (on object monitor)
        at sun.misc.Unsafe.park(Native Method)
        at java.util.concurrent.locks.LockSupport.park(LockSupport.java:175)
        at java.util.concurrent.locks.AbstractQueuedSynchronizer$ConditionObject.await(AbstractQueuedSynchronizer.java:2039)
        at java.util.concurrent.LinkedBlockingQueue.take(LinkedBlockingQueue.java:442)
        at java.util.concurrent.ThreadPoolExecutor.getTask(ThreadPoolExecutor.java:1074)
        at java.util.concurrent.ThreadPoolExecutor.runWorker(ThreadPoolExecutor.java:1134)
        at java.util.concurrent.ThreadPoolExecutor$Worker.run(ThreadPoolExecutor.java:624)
        at java.lang.Thread.run(Thread.java:750)
"ChunkReader-2" daemon prio=5 tid=797 in Object.wait()
java.lang.Thread.State: WAITING (on object monitor)
        at sun.misc.Unsafe.park(Native Method)
        at java.util.concurrent.locks.LockSupport.park(LockSupport.java:175)
        at java.util.concurrent.locks.AbstractQueuedSynchronizer$ConditionObject.await(AbstractQueuedSynchronizer.java:2039)
        at java.util.concurrent.LinkedBlockingQueue.take(LinkedBlockingQueue.java:442)
        at java.util.concurrent.ThreadPoolExecutor.getTask(ThreadPoolExecutor.java:1074)
        at java.util.concurrent.ThreadPoolExecutor.runWorker(ThreadPoolExecutor.java:1134)
        at java.util.concurrent.ThreadPoolExecutor$Worker.run(ThreadPoolExecutor.java:624)
        at java.lang.Thread.run(Thread.java:750)
"EndpointStateMachine task thread for /0.0.0.0:35727 - 0 "  prio=5 tid=531 in Object.wait()
java.lang.Thread.State: WAITING (on object monitor)
        at sun.misc.Unsafe.park(Native Method)
        at java.util.concurrent.locks.LockSupport.park(LockSupport.java:175)
        at java.util.concurrent.locks.AbstractQueuedSynchronizer$ConditionObject.await(AbstractQueuedSynchronizer.java:2039)
        at java.util.concurrent.LinkedBlockingQueue.take(LinkedBlockingQueue.java:442)
        at java.util.concurrent.ThreadPoolExecutor.getTask(ThreadPoolExecutor.java:1074)
        at java.util.concurrent.ThreadPoolExecutor.runWorker(ThreadPoolExecutor.java:1134)
        at java.util.concurrent.ThreadPoolExecutor$Worker.run(ThreadPoolExecutor.java:624)
        at java.lang.Thread.run(Thread.java:750)
"IPC Server handler 10 on default port 40715" daemon prio=5 tid=77 timed_waiting
java.lang.Thread.State: TIMED_WAITING
        at sun.misc.Unsafe.park(Native Method)
        at java.util.concurrent.locks.LockSupport.parkNanos(LockSupport.java:215)
        at java.util.concurrent.locks.AbstractQueuedSynchronizer$ConditionObject.awaitNanos(AbstractQueuedSynchronizer.java:2078)
        at java.util.concurrent.LinkedBlockingQueue.poll(LinkedBlockingQueue.java:467)
        at org.apache.hadoop.ipc.CallQueueManager.take(CallQueueManager.java:317)
        at org.apache.hadoop.ipc.Server$Handler.run(Server.java:2942)
"IPC Server handler 7 on default port 42009" daemon prio=5 tid=54 timed_waiting
java.lang.Thread.State: TIMED_WAITING
        at sun.misc.Unsafe.park(Native Method)
        at java.util.concurrent.locks.LockSupport.parkNanos(LockSupport.java:215)
        at java.util.concurrent.locks.AbstractQueuedSynchronizer$ConditionObject.awaitNanos(AbstractQueuedSynchronizer.java:2078)
        at java.util.concurrent.LinkedBlockingQueue.poll(LinkedBlockingQueue.java:467)
        at org.apache.hadoop.ipc.CallQueueManager.take(CallQueueManager.java:317)
        at org.apache.hadoop.ipc.Server$Handler.run(Server.java:2942)
"BlockDeletingService#0" daemon prio=5 tid=398 in Object.wait()
java.lang.Thread.State: WAITING (on object monitor)
        at sun.misc.Unsafe.park(Native Method)
        at java.util.concurrent.locks.LockSupport.park(LockSupport.java:175)
        at java.util.concurrent.locks.AbstractQueuedSynchronizer$ConditionObject.await(AbstractQueuedSynchronizer.java:2039)
        at java.util.concurrent.ScheduledThreadPoolExecutor$DelayedWorkQueue.take(ScheduledThreadPoolExecutor.java:1088)
        at java.util.concurrent.ScheduledThreadPoolExecutor$DelayedWorkQueue.take(ScheduledThreadPoolExecutor.java:809)
        at java.util.concurrent.ThreadPoolExecutor.getTask(ThreadPoolExecutor.java:1074)
        at java.util.concurrent.ThreadPoolExecutor.runWorker(ThreadPoolExecutor.java:1134)
        at java.util.concurrent.ThreadPoolExecutor$Worker.run(ThreadPoolExecutor.java:624)
        at java.lang.Thread.run(Thread.java:750)
"d878db48-ef46-44bf-ac98-cb2daa3cfd80@group-8A4815B43099-StateMachineUpdater" daemon prio=5 tid=665 timed_waiting
java.lang.Thread.State: TIMED_WAITING
        at sun.misc.Unsafe.park(Native Method)
        at java.util.concurrent.locks.LockSupport.parkNanos(LockSupport.java:215)
        at java.util.concurrent.CompletableFuture$Signaller.block(CompletableFuture.java:1709)
        at java.util.concurrent.ForkJoinPool.managedBlock(ForkJoinPool.java:3323)
        at java.util.concurrent.CompletableFuture.timedGet(CompletableFuture.java:1788)
        at java.util.concurrent.CompletableFuture.get(CompletableFuture.java:1928)
        at org.apache.ratis.util.AwaitForSignal.await(AwaitForSignal.java:56)
        at org.apache.ratis.server.impl.StateMachineUpdater.waitForCommit(StateMachineUpdater.java:207)
        at org.apache.ratis.server.impl.StateMachineUpdater.run(StateMachineUpdater.java:176)
        at java.lang.Thread.run(Thread.java:750)
"PartialTableCache Cleanup Thread - 0" daemon prio=5 tid=894 in Object.wait()
java.lang.Thread.State: WAITING (on object monitor)
        at sun.misc.Unsafe.park(Native Method)
        at java.util.concurrent.locks.LockSupport.park(LockSupport.java:175)
        at java.util.concurrent.locks.AbstractQueuedSynchronizer$ConditionObject.await(AbstractQueuedSynchronizer.java:2039)
        at java.util.concurrent.LinkedBlockingQueue.take(LinkedBlockingQueue.java:442)
        at java.util.concurrent.ThreadPoolExecutor.getTask(ThreadPoolExecutor.java:1074)
        at java.util.concurrent.ThreadPoolExecutor.runWorker(ThreadPoolExecutor.java:1134)
        at java.util.concurrent.ThreadPoolExecutor$Worker.run(ThreadPoolExecutor.java:624)
        at java.lang.Thread.run(Thread.java:750)
"qtp326207642-185-acceptor-0@235e1e81-ServerConnector@5f79d076{HTTP/1.1, (http/1.1)}{0.0.0.0:42387}" daemon prio=3 tid=185 runnable
java.lang.Thread.State: RUNNABLE
        at sun.nio.ch.ServerSocketChannelImpl.accept0(Native Method)
        at sun.nio.ch.ServerSocketChannelImpl.accept(ServerSocketChannelImpl.java:421)
        at sun.nio.ch.ServerSocketChannelImpl.accept(ServerSocketChannelImpl.java:249)
        at org.eclipse.jetty.server.ServerConnector.accept(ServerConnector.java:388)
        at org.eclipse.jetty.server.AbstractConnector$Acceptor.run(AbstractConnector.java:704)
        at org.eclipse.jetty.util.thread.QueuedThreadPool.runJob(QueuedThreadPool.java:883)
        at org.eclipse.jetty.util.thread.QueuedThreadPool$Runner.run(QueuedThreadPool.java:1034)
        at java.lang.Thread.run(Thread.java:750)
"qtp1531438298-296" daemon prio=5 tid=296 timed_waiting
java.lang.Thread.State: TIMED_WAITING
        at sun.misc.Unsafe.park(Native Method)
        at java.util.concurrent.locks.LockSupport.parkNanos(LockSupport.java:215)
        at java.util.concurrent.locks.AbstractQueuedSynchronizer$ConditionObject.awaitNanos(AbstractQueuedSynchronizer.java:2078)
        at org.eclipse.jetty.util.BlockingArrayQueue.poll(BlockingArrayQueue.java:382)
        at org.eclipse.jetty.util.thread.QueuedThreadPool$Runner.idleJobPoll(QueuedThreadPool.java:974)
        at org.eclipse.jetty.util.thread.QueuedThreadPool$Runner.run(QueuedThreadPool.java:1018)
        at java.lang.Thread.run(Thread.java:750)
"qtp602120831-113" daemon prio=5 tid=113 timed_waiting
java.lang.Thread.State: TIMED_WAITING
        at sun.misc.Unsafe.park(Native Method)
        at java.util.concurrent.locks.LockSupport.parkNanos(LockSupport.java:215)
        at java.util.concurrent.locks.AbstractQueuedSynchronizer$ConditionObject.awaitNanos(AbstractQueuedSynchronizer.java:2078)
        at org.eclipse.jetty.util.BlockingArrayQueue.poll(BlockingArrayQueue.java:382)
        at org.eclipse.jetty.util.thread.QueuedThreadPool$Runner.idleJobPoll(QueuedThreadPool.java:974)
        at org.eclipse.jetty.util.thread.QueuedThreadPool$Runner.run(QueuedThreadPool.java:1018)
        at java.lang.Thread.run(Thread.java:750)
"556da25a-9bc8-419d-83a0-dc1d92c1e895@group-59B1A9201BDA-SegmentedRaftLogWorker"  prio=5 tid=579 timed_waiting
java.lang.Thread.State: TIMED_WAITING
        at sun.misc.Unsafe.park(Native Method)
        at java.util.concurrent.locks.LockSupport.parkNanos(LockSupport.java:215)
        at java.util.concurrent.locks.AbstractQueuedSynchronizer$ConditionObject.awaitNanos(AbstractQueuedSynchronizer.java:2078)
        at org.apache.ratis.util.DataBlockingQueue.poll(DataBlockingQueue.java:148)
        at org.apache.ratis.server.raftlog.segmented.SegmentedRaftLogWorker.run(SegmentedRaftLogWorker.java:310)
        at org.apache.ratis.server.raftlog.segmented.SegmentedRaftLogWorker$$Lambda$665/2146560083.run(Unknown Source)
        at java.lang.Thread.run(Thread.java:750)
"Datanode State Machine Daemon Thread" daemon prio=5 tid=478 timed_waiting
java.lang.Thread.State: TIMED_WAITING
        at java.lang.Thread.sleep(Native Method)
        at org.apache.hadoop.ozone.container.common.statemachine.DatanodeStateMachine.startStateMachineThread(DatanodeStateMachine.java:321)
        at org.apache.hadoop.ozone.container.common.statemachine.DatanodeStateMachine.lambda$startDaemon$0(DatanodeStateMachine.java:506)
        at org.apache.hadoop.ozone.container.common.statemachine.DatanodeStateMachine$$Lambda$751/596905128.run(Unknown Source)
        at java.lang.Thread.run(Thread.java:750)
"Session-HouseKeeper-607624b7-1"  prio=5 tid=246 timed_waiting
java.lang.Thread.State: TIMED_WAITING
        at sun.misc.Unsafe.park(Native Method)
        at java.util.concurrent.locks.LockSupport.parkNanos(LockSupport.java:215)
        at java.util.concurrent.locks.AbstractQueuedSynchronizer$ConditionObject.awaitNanos(AbstractQueuedSynchronizer.java:2078)
        at java.util.concurrent.ScheduledThreadPoolExecutor$DelayedWorkQueue.take(ScheduledThreadPoolExecutor.java:1093)
        at java.util.concurrent.ScheduledThreadPoolExecutor$DelayedWorkQueue.take(ScheduledThreadPoolExecutor.java:809)
        at java.util.concurrent.ThreadPoolExecutor.getTask(ThreadPoolExecutor.java:1074)
        at java.util.concurrent.ThreadPoolExecutor.runWorker(ThreadPoolExecutor.java:1134)
        at java.util.concurrent.ThreadPoolExecutor$Worker.run(ThreadPoolExecutor.java:624)
        at java.lang.Thread.run(Thread.java:750)
"Periodic HDDS volume checker" daemon prio=5 tid=450 timed_waiting
java.lang.Thread.State: TIMED_WAITING
        at sun.misc.Unsafe.park(Native Method)
        at java.util.concurrent.locks.LockSupport.parkNanos(LockSupport.java:215)
        at java.util.concurrent.locks.AbstractQueuedSynchronizer$ConditionObject.awaitNanos(AbstractQueuedSynchronizer.java:2078)
        at java.util.concurrent.ScheduledThreadPoolExecutor$DelayedWorkQueue.take(ScheduledThreadPoolExecutor.java:1093)
        at java.util.concurrent.ScheduledThreadPoolExecutor$DelayedWorkQueue.take(ScheduledThreadPoolExecutor.java:809)
        at java.util.concurrent.ThreadPoolExecutor.getTask(ThreadPoolExecutor.java:1074)
        at java.util.concurrent.ThreadPoolExecutor.runWorker(ThreadPoolExecutor.java:1134)
        at java.util.concurrent.ThreadPoolExecutor$Worker.run(ThreadPoolExecutor.java:624)
        at java.lang.Thread.run(Thread.java:750)
"IPC Server handler 15 on default port 42009" daemon prio=5 tid=62 timed_waiting
java.lang.Thread.State: TIMED_WAITING
        at sun.misc.Unsafe.park(Native Method)
        at java.util.concurrent.locks.LockSupport.parkNanos(LockSupport.java:215)
        at java.util.concurrent.locks.AbstractQueuedSynchronizer$ConditionObject.awaitNanos(AbstractQueuedSynchronizer.java:2078)
        at java.util.concurrent.LinkedBlockingQueue.poll(LinkedBlockingQueue.java:467)
        at org.apache.hadoop.ipc.CallQueueManager.take(CallQueueManager.java:317)
        at org.apache.hadoop.ipc.Server$Handler.run(Server.java:2942)
"Datanode ReportManager Thread - 2" daemon prio=5 tid=250 in Object.wait()
java.lang.Thread.State: WAITING (on object monitor)
        at sun.misc.Unsafe.park(Native Method)
        at java.util.concurrent.locks.LockSupport.park(LockSupport.java:175)
        at java.util.concurrent.locks.AbstractQueuedSynchronizer$ConditionObject.await(AbstractQueuedSynchronizer.java:2039)
        at java.util.concurrent.ScheduledThreadPoolExecutor$DelayedWorkQueue.take(ScheduledThreadPoolExecutor.java:1088)
        at java.util.concurrent.ScheduledThreadPoolExecutor$DelayedWorkQueue.take(ScheduledThreadPoolExecutor.java:809)
        at java.util.concurrent.ThreadPoolExecutor.getTask(ThreadPoolExecutor.java:1074)
        at java.util.concurrent.ThreadPoolExecutor.runWorker(ThreadPoolExecutor.java:1134)
        at java.util.concurrent.ThreadPoolExecutor$Worker.run(ThreadPoolExecutor.java:624)
        at java.lang.Thread.run(Thread.java:750)
"qtp860364734-423" daemon prio=5 tid=423 timed_waiting
java.lang.Thread.State: TIMED_WAITING
        at sun.misc.Unsafe.park(Native Method)
        at java.util.concurrent.locks.LockSupport.parkNanos(LockSupport.java:215)
        at java.util.concurrent.locks.AbstractQueuedSynchronizer$ConditionObject.awaitNanos(AbstractQueuedSynchronizer.java:2078)
        at org.eclipse.jetty.util.BlockingArrayQueue.poll(BlockingArrayQueue.java:382)
        at org.eclipse.jetty.util.thread.QueuedThreadPool$Runner.idleJobPoll(QueuedThreadPool.java:974)
        at org.eclipse.jetty.util.thread.QueuedThreadPool$Runner.run(QueuedThreadPool.java:1018)
        at java.lang.Thread.run(Thread.java:750)
"EventQueue-NodeReportForNodeReportHandler" daemon prio=5 tid=897 in Object.wait()
java.lang.Thread.State: WAITING (on object monitor)
        at sun.misc.Unsafe.park(Native Method)
        at java.util.concurrent.locks.LockSupport.park(LockSupport.java:175)
        at java.util.concurrent.locks.AbstractQueuedSynchronizer$ConditionObject.await(AbstractQueuedSynchronizer.java:2039)
        at java.util.concurrent.LinkedBlockingQueue.take(LinkedBlockingQueue.java:442)
        at java.util.concurrent.ThreadPoolExecutor.getTask(ThreadPoolExecutor.java:1074)
        at java.util.concurrent.ThreadPoolExecutor.runWorker(ThreadPoolExecutor.java:1134)
        at java.util.concurrent.ThreadPoolExecutor$Worker.run(ThreadPoolExecutor.java:624)
        at java.lang.Thread.run(Thread.java:750)
"ChunkWriter-2-0" daemon prio=5 tid=356 in Object.wait()
java.lang.Thread.State: WAITING (on object monitor)
        at sun.misc.Unsafe.park(Native Method)
        at java.util.concurrent.locks.LockSupport.park(LockSupport.java:175)
        at java.util.concurrent.locks.AbstractQueuedSynchronizer$ConditionObject.await(AbstractQueuedSynchronizer.java:2039)
        at java.util.concurrent.LinkedBlockingDeque.takeFirst(LinkedBlockingDeque.java:492)
        at java.util.concurrent.LinkedBlockingDeque.take(LinkedBlockingDeque.java:680)
        at java.util.concurrent.ThreadPoolExecutor.getTask(ThreadPoolExecutor.java:1074)
        at java.util.concurrent.ThreadPoolExecutor.runWorker(ThreadPoolExecutor.java:1134)
        at java.util.concurrent.ThreadPoolExecutor$Worker.run(ThreadPoolExecutor.java:624)
        at java.lang.Thread.run(Thread.java:750)
"Datanode State Machine Task Thread - 1"  prio=5 tid=554 in Object.wait()
java.lang.Thread.State: WAITING (on object monitor)
        at sun.misc.Unsafe.park(Native Method)
        at java.util.concurrent.locks.LockSupport.park(LockSupport.java:175)
        at java.util.concurrent.locks.AbstractQueuedSynchronizer$ConditionObject.await(AbstractQueuedSynchronizer.java:2039)
        at java.util.concurrent.LinkedBlockingQueue.take(LinkedBlockingQueue.java:442)
        at java.util.concurrent.ThreadPoolExecutor.getTask(ThreadPoolExecutor.java:1074)
        at java.util.concurrent.ThreadPoolExecutor.runWorker(ThreadPoolExecutor.java:1134)
        at java.util.concurrent.ThreadPoolExecutor$Worker.run(ThreadPoolExecutor.java:624)
        at java.lang.Thread.run(Thread.java:750)
"b412bf4c-8645-4ac9-920f-94e6c323f92a@group-EFE686CBFEBE-SegmentedRaftLogWorker"  prio=5 tid=654 timed_waiting
java.lang.Thread.State: TIMED_WAITING
        at sun.misc.Unsafe.park(Native Method)
        at java.util.concurrent.locks.LockSupport.parkNanos(LockSupport.java:215)
        at java.util.concurrent.locks.AbstractQueuedSynchronizer$ConditionObject.awaitNanos(AbstractQueuedSynchronizer.java:2078)
        at org.apache.ratis.util.DataBlockingQueue.poll(DataBlockingQueue.java:148)
        at org.apache.ratis.server.raftlog.segmented.SegmentedRaftLogWorker.run(SegmentedRaftLogWorker.java:310)
        at org.apache.ratis.server.raftlog.segmented.SegmentedRaftLogWorker$$Lambda$665/2146560083.run(Unknown Source)
        at java.lang.Thread.run(Thread.java:750)
"ChunkReader-ELG-0" daemon prio=5 tid=506 runnable
java.lang.Thread.State: RUNNABLE
        at org.apache.ratis.thirdparty.io.netty.channel.epoll.Native.epollWait(Native Method)
        at org.apache.ratis.thirdparty.io.netty.channel.epoll.Native.epollWait(Native.java:209)
        at org.apache.ratis.thirdparty.io.netty.channel.epoll.Native.epollWait(Native.java:202)
        at org.apache.ratis.thirdparty.io.netty.channel.epoll.EpollEventLoop.epollWaitNoTimerChange(EpollEventLoop.java:294)
        at org.apache.ratis.thirdparty.io.netty.channel.epoll.EpollEventLoop.run(EpollEventLoop.java:351)
        at org.apache.ratis.thirdparty.io.netty.util.concurrent.SingleThreadEventExecutor$4.run(SingleThreadEventExecutor.java:995)
        at org.apache.ratis.thirdparty.io.netty.util.internal.ThreadExecutorMap$2.run(ThreadExecutorMap.java:74)
        at java.lang.Thread.run(Thread.java:750)
"Datanode State Machine Daemon Thread" daemon prio=5 tid=360 timed_waiting
java.lang.Thread.State: TIMED_WAITING
        at java.lang.Thread.sleep(Native Method)
        at org.apache.hadoop.ozone.container.common.statemachine.DatanodeStateMachine.startStateMachineThread(DatanodeStateMachine.java:321)
        at org.apache.hadoop.ozone.container.common.statemachine.DatanodeStateMachine.lambda$startDaemon$0(DatanodeStateMachine.java:506)
        at org.apache.hadoop.ozone.container.common.statemachine.DatanodeStateMachine$$Lambda$751/596905128.run(Unknown Source)
        at java.lang.Thread.run(Thread.java:750)
"IPC Server handler 11 on default port 45563" daemon prio=5 tid=165 timed_waiting
java.lang.Thread.State: TIMED_WAITING
        at sun.misc.Unsafe.park(Native Method)
        at java.util.concurrent.locks.LockSupport.parkNanos(LockSupport.java:215)
        at java.util.concurrent.locks.AbstractQueuedSynchronizer$ConditionObject.awaitNanos(AbstractQueuedSynchronizer.java:2078)
        at java.util.concurrent.LinkedBlockingQueue.poll(LinkedBlockingQueue.java:467)
        at org.apache.hadoop.ipc.CallQueueManager.take(CallQueueManager.java:317)
        at org.apache.hadoop.ipc.Server$Handler.run(Server.java:2942)
"qtp160371564-316" daemon prio=5 tid=316 runnable
java.lang.Thread.State: RUNNABLE
        at sun.nio.ch.EPollArrayWrapper.epollWait(Native Method)
        at sun.nio.ch.EPollArrayWrapper.poll(EPollArrayWrapper.java:269)
        at sun.nio.ch.EPollSelectorImpl.doSelect(EPollSelectorImpl.java:93)
        at sun.nio.ch.SelectorImpl.lockAndDoSelect(SelectorImpl.java:86)
        at sun.nio.ch.SelectorImpl.select(SelectorImpl.java:97)
        at sun.nio.ch.SelectorImpl.select(SelectorImpl.java:101)
        at org.eclipse.jetty.io.ManagedSelector.nioSelect(ManagedSelector.java:183)
        at org.eclipse.jetty.io.ManagedSelector.select(ManagedSelector.java:190)
        at org.eclipse.jetty.io.ManagedSelector$SelectorProducer.select(ManagedSelector.java:606)
        at org.eclipse.jetty.io.ManagedSelector$SelectorProducer.produce(ManagedSelector.java:543)
        at org.eclipse.jetty.util.thread.strategy.EatWhatYouKill.produceTask(EatWhatYouKill.java:362)
        at org.eclipse.jetty.util.thread.strategy.EatWhatYouKill.doProduce(EatWhatYouKill.java:186)
        at org.eclipse.jetty.util.thread.strategy.EatWhatYouKill.tryProduce(EatWhatYouKill.java:173)
        at org.eclipse.jetty.util.thread.strategy.EatWhatYouKill.produce(EatWhatYouKill.java:137)
        at org.eclipse.jetty.io.ManagedSelector$$Lambda$446/827549167.run(Unknown Source)
        at org.eclipse.jetty.util.thread.QueuedThreadPool.runJob(QueuedThreadPool.java:883)
        at org.eclipse.jetty.util.thread.QueuedThreadPool$Runner.run(QueuedThreadPool.java:1034)
        at java.lang.Thread.run(Thread.java:750)
"FixedThreadPoolWithAffinityExecutor-8-0" daemon prio=5 tid=43 timed_waiting
java.lang.Thread.State: TIMED_WAITING
        at sun.misc.Unsafe.park(Native Method)
        at java.util.concurrent.locks.LockSupport.parkNanos(LockSupport.java:215)
        at java.util.concurrent.locks.AbstractQueuedSynchronizer$ConditionObject.awaitNanos(AbstractQueuedSynchronizer.java:2078)
        at java.util.concurrent.LinkedBlockingQueue.poll(LinkedBlockingQueue.java:467)
        at org.apache.hadoop.hdds.scm.server.ContainerReportQueue.poll(ContainerReportQueue.java:266)
        at org.apache.hadoop.hdds.scm.server.ContainerReportQueue.poll(ContainerReportQueue.java:42)
        at org.apache.hadoop.hdds.server.events.FixedThreadPoolWithAffinityExecutor$ContainerReportProcessTask.run(FixedThreadPoolWithAffinityExecutor.java:218)
        at java.util.concurrent.Executors$RunnableAdapter.call(Executors.java:511)
        at java.util.concurrent.FutureTask.run(FutureTask.java:266)
        at java.util.concurrent.ThreadPoolExecutor.runWorker(ThreadPoolExecutor.java:1149)
        at java.util.concurrent.ThreadPoolExecutor$Worker.run(ThreadPoolExecutor.java:624)
        at java.lang.Thread.run(Thread.java:750)
"ChunkWriter-3-0" daemon prio=5 tid=357 in Object.wait()
java.lang.Thread.State: WAITING (on object monitor)
        at sun.misc.Unsafe.park(Native Method)
        at java.util.concurrent.locks.LockSupport.park(LockSupport.java:175)
        at java.util.concurrent.locks.AbstractQueuedSynchronizer$ConditionObject.await(AbstractQueuedSynchronizer.java:2039)
        at java.util.concurrent.LinkedBlockingDeque.takeFirst(LinkedBlockingDeque.java:492)
        at java.util.concurrent.LinkedBlockingDeque.take(LinkedBlockingDeque.java:680)
        at java.util.concurrent.ThreadPoolExecutor.getTask(ThreadPoolExecutor.java:1074)
        at java.util.concurrent.ThreadPoolExecutor.runWorker(ThreadPoolExecutor.java:1134)
        at java.util.concurrent.ThreadPoolExecutor$Worker.run(ThreadPoolExecutor.java:624)
        at java.lang.Thread.run(Thread.java:750)
"pool-72-thread-1"  prio=5 tid=567 in Object.wait()
java.lang.Thread.State: WAITING (on object monitor)
        at sun.misc.Unsafe.park(Native Method)
        at java.util.concurrent.locks.LockSupport.park(LockSupport.java:175)
        at java.util.concurrent.locks.AbstractQueuedSynchronizer$ConditionObject.await(AbstractQueuedSynchronizer.java:2039)
        at java.util.concurrent.LinkedBlockingQueue.take(LinkedBlockingQueue.java:442)
        at java.util.concurrent.ThreadPoolExecutor.getTask(ThreadPoolExecutor.java:1074)
        at java.util.concurrent.ThreadPoolExecutor.runWorker(ThreadPoolExecutor.java:1134)
        at java.util.concurrent.ThreadPoolExecutor$Worker.run(ThreadPoolExecutor.java:624)
        at java.lang.Thread.run(Thread.java:750)
"BlockDeletingService#1" daemon prio=5 tid=400 timed_waiting
java.lang.Thread.State: TIMED_WAITING
        at sun.misc.Unsafe.park(Native Method)
        at java.util.concurrent.locks.LockSupport.parkNanos(LockSupport.java:215)
        at java.util.concurrent.locks.AbstractQueuedSynchronizer$ConditionObject.awaitNanos(AbstractQueuedSynchronizer.java:2078)
        at java.util.concurrent.ScheduledThreadPoolExecutor$DelayedWorkQueue.take(ScheduledThreadPoolExecutor.java:1093)
        at java.util.concurrent.ScheduledThreadPoolExecutor$DelayedWorkQueue.take(ScheduledThreadPoolExecutor.java:809)
        at java.util.concurrent.ThreadPoolExecutor.getTask(ThreadPoolExecutor.java:1074)
        at java.util.concurrent.ThreadPoolExecutor.runWorker(ThreadPoolExecutor.java:1134)
        at java.util.concurrent.ThreadPoolExecutor$Worker.run(ThreadPoolExecutor.java:624)
        at java.lang.Thread.run(Thread.java:750)
"Datanode State Machine Task Thread - 1"  prio=5 tid=390 in Object.wait()
java.lang.Thread.State: WAITING (on object monitor)
        at sun.misc.Unsafe.park(Native Method)
        at java.util.concurrent.locks.LockSupport.park(LockSupport.java:175)
        at java.util.concurrent.locks.AbstractQueuedSynchronizer$ConditionObject.await(AbstractQueuedSynchronizer.java:2039)
        at java.util.concurrent.LinkedBlockingQueue.take(LinkedBlockingQueue.java:442)
        at java.util.concurrent.ThreadPoolExecutor.getTask(ThreadPoolExecutor.java:1074)
        at java.util.concurrent.ThreadPoolExecutor.runWorker(ThreadPoolExecutor.java:1134)
        at java.util.concurrent.ThreadPoolExecutor$Worker.run(ThreadPoolExecutor.java:624)
        at java.lang.Thread.run(Thread.java:750)
"IPC Server handler 5 on default port 42009" daemon prio=5 tid=52 timed_waiting
java.lang.Thread.State: TIMED_WAITING
        at sun.misc.Unsafe.park(Native Method)
        at java.util.concurrent.locks.LockSupport.parkNanos(LockSupport.java:215)
        at java.util.concurrent.locks.AbstractQueuedSynchronizer$ConditionObject.awaitNanos(AbstractQueuedSynchronizer.java:2078)
        at java.util.concurrent.LinkedBlockingQueue.poll(LinkedBlockingQueue.java:467)
        at org.apache.hadoop.ipc.CallQueueManager.take(CallQueueManager.java:317)
        at org.apache.hadoop.ipc.Server$Handler.run(Server.java:2942)
"BlockDeletingService#0" daemon prio=5 tid=495 in Object.wait()
java.lang.Thread.State: WAITING (on object monitor)
        at sun.misc.Unsafe.park(Native Method)
        at java.util.concurrent.locks.LockSupport.park(LockSupport.java:175)
        at java.util.concurrent.locks.AbstractQueuedSynchronizer$ConditionObject.await(AbstractQueuedSynchronizer.java:2039)
        at java.util.concurrent.ScheduledThreadPoolExecutor$DelayedWorkQueue.take(ScheduledThreadPoolExecutor.java:1088)
        at java.util.concurrent.ScheduledThreadPoolExecutor$DelayedWorkQueue.take(ScheduledThreadPoolExecutor.java:809)
        at java.util.concurrent.ThreadPoolExecutor.getTask(ThreadPoolExecutor.java:1074)
        at java.util.concurrent.ThreadPoolExecutor.runWorker(ThreadPoolExecutor.java:1134)
        at java.util.concurrent.ThreadPoolExecutor$Worker.run(ThreadPoolExecutor.java:624)
        at java.lang.Thread.run(Thread.java:750)
"pool-219-thread-1"  prio=5 tid=341 timed_waiting
java.lang.Thread.State: TIMED_WAITING
        at sun.misc.Unsafe.park(Native Method)
        at java.util.concurrent.locks.LockSupport.parkNanos(LockSupport.java:215)
        at java.util.concurrent.locks.AbstractQueuedSynchronizer$ConditionObject.awaitNanos(AbstractQueuedSynchronizer.java:2078)
        at java.util.concurrent.ScheduledThreadPoolExecutor$DelayedWorkQueue.take(ScheduledThreadPoolExecutor.java:1093)
        at java.util.concurrent.ScheduledThreadPoolExecutor$DelayedWorkQueue.take(ScheduledThreadPoolExecutor.java:809)
        at java.util.concurrent.ThreadPoolExecutor.getTask(ThreadPoolExecutor.java:1074)
        at java.util.concurrent.ThreadPoolExecutor.runWorker(ThreadPoolExecutor.java:1134)
        at java.util.concurrent.ThreadPoolExecutor$Worker.run(ThreadPoolExecutor.java:624)
        at java.lang.Thread.run(Thread.java:750)
"Session-HouseKeeper-1c100314-1"  prio=5 tid=389 timed_waiting
java.lang.Thread.State: TIMED_WAITING
        at sun.misc.Unsafe.park(Native Method)
        at java.util.concurrent.locks.LockSupport.parkNanos(LockSupport.java:215)
        at java.util.concurrent.locks.AbstractQueuedSynchronizer$ConditionObject.awaitNanos(AbstractQueuedSynchronizer.java:2078)
        at java.util.concurrent.ScheduledThreadPoolExecutor$DelayedWorkQueue.take(ScheduledThreadPoolExecutor.java:1093)
        at java.util.concurrent.ScheduledThreadPoolExecutor$DelayedWorkQueue.take(ScheduledThreadPoolExecutor.java:809)
        at java.util.concurrent.ThreadPoolExecutor.getTask(ThreadPoolExecutor.java:1074)
        at java.util.concurrent.ThreadPoolExecutor.runWorker(ThreadPoolExecutor.java:1134)
        at java.util.concurrent.ThreadPoolExecutor$Worker.run(ThreadPoolExecutor.java:624)
        at java.lang.Thread.run(Thread.java:750)
"Signal Dispatcher" daemon prio=9 tid=4 runnable
java.lang.Thread.State: RUNNABLE
"Datanode State Machine Task Thread - 0"  prio=5 tid=307 in Object.wait()
java.lang.Thread.State: WAITING (on object monitor)
        at sun.misc.Unsafe.park(Native Method)
        at java.util.concurrent.locks.LockSupport.park(LockSupport.java:175)
        at java.util.concurrent.locks.AbstractQueuedSynchronizer$ConditionObject.await(AbstractQueuedSynchronizer.java:2039)
        at java.util.concurrent.LinkedBlockingQueue.take(LinkedBlockingQueue.java:442)
        at java.util.concurrent.ThreadPoolExecutor.getTask(ThreadPoolExecutor.java:1074)
        at java.util.concurrent.ThreadPoolExecutor.runWorker(ThreadPoolExecutor.java:1134)
        at java.util.concurrent.ThreadPoolExecutor$Worker.run(ThreadPoolExecutor.java:624)
        at java.lang.Thread.run(Thread.java:750)
"ChunkReader-2" daemon prio=5 tid=801 in Object.wait()
java.lang.Thread.State: WAITING (on object monitor)
        at sun.misc.Unsafe.park(Native Method)
        at java.util.concurrent.locks.LockSupport.park(LockSupport.java:175)
        at java.util.concurrent.locks.AbstractQueuedSynchronizer$ConditionObject.await(AbstractQueuedSynchronizer.java:2039)
        at java.util.concurrent.LinkedBlockingQueue.take(LinkedBlockingQueue.java:442)
        at java.util.concurrent.ThreadPoolExecutor.getTask(ThreadPoolExecutor.java:1074)
        at java.util.concurrent.ThreadPoolExecutor.runWorker(ThreadPoolExecutor.java:1134)
        at java.util.concurrent.ThreadPoolExecutor$Worker.run(ThreadPoolExecutor.java:624)
        at java.lang.Thread.run(Thread.java:750)
"IPC Server handler 13 on default port 35727" daemon prio=5 tid=100 timed_waiting
java.lang.Thread.State: TIMED_WAITING
        at sun.misc.Unsafe.park(Native Method)
        at java.util.concurrent.locks.LockSupport.parkNanos(LockSupport.java:215)
        at java.util.concurrent.locks.AbstractQueuedSynchronizer$ConditionObject.awaitNanos(AbstractQueuedSynchronizer.java:2078)
        at java.util.concurrent.LinkedBlockingQueue.poll(LinkedBlockingQueue.java:467)
        at org.apache.hadoop.ipc.CallQueueManager.take(CallQueueManager.java:317)
        at org.apache.hadoop.ipc.Server$Handler.run(Server.java:2942)
"IPC Server handler 12 on default port 42009" daemon prio=5 tid=59 timed_waiting
java.lang.Thread.State: TIMED_WAITING
        at sun.misc.Unsafe.park(Native Method)
        at java.util.concurrent.locks.LockSupport.parkNanos(LockSupport.java:215)
        at java.util.concurrent.locks.AbstractQueuedSynchronizer$ConditionObject.awaitNanos(AbstractQueuedSynchronizer.java:2078)
        at java.util.concurrent.LinkedBlockingQueue.poll(LinkedBlockingQueue.java:467)
        at org.apache.hadoop.ipc.CallQueueManager.take(CallQueueManager.java:317)
        at org.apache.hadoop.ipc.Server$Handler.run(Server.java:2942)
"ChunkWriter-0-0" daemon prio=5 tid=532 in Object.wait()
java.lang.Thread.State: WAITING (on object monitor)
        at sun.misc.Unsafe.park(Native Method)
        at java.util.concurrent.locks.LockSupport.park(LockSupport.java:175)
        at java.util.concurrent.locks.AbstractQueuedSynchronizer$ConditionObject.await(AbstractQueuedSynchronizer.java:2039)
        at java.util.concurrent.LinkedBlockingDeque.takeFirst(LinkedBlockingDeque.java:492)
        at java.util.concurrent.LinkedBlockingDeque.take(LinkedBlockingDeque.java:680)
        at java.util.concurrent.ThreadPoolExecutor.getTask(ThreadPoolExecutor.java:1074)
        at java.util.concurrent.ThreadPoolExecutor.runWorker(ThreadPoolExecutor.java:1134)
        at java.util.concurrent.ThreadPoolExecutor$Worker.run(ThreadPoolExecutor.java:624)
        at java.lang.Thread.run(Thread.java:750)
"ChunkWriter-1-0" daemon prio=5 tid=490 in Object.wait()
java.lang.Thread.State: WAITING (on object monitor)
        at sun.misc.Unsafe.park(Native Method)
        at java.util.concurrent.locks.LockSupport.park(LockSupport.java:175)
        at java.util.concurrent.locks.AbstractQueuedSynchronizer$ConditionObject.await(AbstractQueuedSynchronizer.java:2039)
        at java.util.concurrent.LinkedBlockingDeque.takeFirst(LinkedBlockingDeque.java:492)
        at java.util.concurrent.LinkedBlockingDeque.take(LinkedBlockingDeque.java:680)
        at java.util.concurrent.ThreadPoolExecutor.getTask(ThreadPoolExecutor.java:1074)
        at java.util.concurrent.ThreadPoolExecutor.runWorker(ThreadPoolExecutor.java:1134)
        at java.util.concurrent.ThreadPoolExecutor$Worker.run(ThreadPoolExecutor.java:624)
        at java.lang.Thread.run(Thread.java:750)
"Datanode ReportManager Thread - 1" daemon prio=5 tid=480 timed_waiting
java.lang.Thread.State: TIMED_WAITING
        at sun.misc.Unsafe.park(Native Method)
        at java.util.concurrent.locks.LockSupport.parkNanos(LockSupport.java:215)
        at java.util.concurrent.locks.AbstractQueuedSynchronizer$ConditionObject.awaitNanos(AbstractQueuedSynchronizer.java:2078)
        at java.util.concurrent.ScheduledThreadPoolExecutor$DelayedWorkQueue.take(ScheduledThreadPoolExecutor.java:1093)
        at java.util.concurrent.ScheduledThreadPoolExecutor$DelayedWorkQueue.take(ScheduledThreadPoolExecutor.java:809)
        at java.util.concurrent.ThreadPoolExecutor.getTask(ThreadPoolExecutor.java:1074)
        at java.util.concurrent.ThreadPoolExecutor.runWorker(ThreadPoolExecutor.java:1134)
        at java.util.concurrent.ThreadPoolExecutor$Worker.run(ThreadPoolExecutor.java:624)
        at java.lang.Thread.run(Thread.java:750)
"StaleRecoveringContainerScrubbingService#2" daemon prio=5 tid=908 in Object.wait()
java.lang.Thread.State: WAITING (on object monitor)
        at sun.misc.Unsafe.park(Native Method)
        at java.util.concurrent.locks.LockSupport.park(LockSupport.java:175)
        at java.util.concurrent.locks.AbstractQueuedSynchronizer$ConditionObject.await(AbstractQueuedSynchronizer.java:2039)
        at java.util.concurrent.ScheduledThreadPoolExecutor$DelayedWorkQueue.take(ScheduledThreadPoolExecutor.java:1088)
        at java.util.concurrent.ScheduledThreadPoolExecutor$DelayedWorkQueue.take(ScheduledThreadPoolExecutor.java:809)
        at java.util.concurrent.ThreadPoolExecutor.getTask(ThreadPoolExecutor.java:1074)
        at java.util.concurrent.ThreadPoolExecutor.runWorker(ThreadPoolExecutor.java:1134)
        at java.util.concurrent.ThreadPoolExecutor$Worker.run(ThreadPoolExecutor.java:624)
        at java.lang.Thread.run(Thread.java:750)
"StaleRecoveringContainerScrubbingService#1" daemon prio=5 tid=527 timed_waiting
java.lang.Thread.State: TIMED_WAITING
        at sun.misc.Unsafe.park(Native Method)
        at java.util.concurrent.locks.LockSupport.parkNanos(LockSupport.java:215)
        at java.util.concurrent.locks.AbstractQueuedSynchronizer$ConditionObject.awaitNanos(AbstractQueuedSynchronizer.java:2078)
        at java.util.concurrent.ScheduledThreadPoolExecutor$DelayedWorkQueue.take(ScheduledThreadPoolExecutor.java:1093)
        at java.util.concurrent.ScheduledThreadPoolExecutor$DelayedWorkQueue.take(ScheduledThreadPoolExecutor.java:809)
        at java.util.concurrent.ThreadPoolExecutor.getTask(ThreadPoolExecutor.java:1074)
        at java.util.concurrent.ThreadPoolExecutor.runWorker(ThreadPoolExecutor.java:1134)
        at java.util.concurrent.ThreadPoolExecutor$Worker.run(ThreadPoolExecutor.java:624)
        at java.lang.Thread.run(Thread.java:750)
"IPC Server handler 18 on default port 40715" daemon prio=5 tid=85 timed_waiting
java.lang.Thread.State: TIMED_WAITING
        at sun.misc.Unsafe.park(Native Method)
        at java.util.concurrent.locks.LockSupport.parkNanos(LockSupport.java:215)
        at java.util.concurrent.locks.AbstractQueuedSynchronizer$ConditionObject.awaitNanos(AbstractQueuedSynchronizer.java:2078)
        at java.util.concurrent.LinkedBlockingQueue.poll(LinkedBlockingQueue.java:467)
        at org.apache.hadoop.ipc.CallQueueManager.take(CallQueueManager.java:317)
        at org.apache.hadoop.ipc.Server$Handler.run(Server.java:2942)
"8d7ec919-acd2-4b88-a99a-dd9f5739b33b@group-DEA1DB5A5D55-SegmentedRaftLogWorker"  prio=5 tid=568 timed_waiting
java.lang.Thread.State: TIMED_WAITING
        at sun.misc.Unsafe.park(Native Method)
        at java.util.concurrent.locks.LockSupport.parkNanos(LockSupport.java:215)
        at java.util.concurrent.locks.AbstractQueuedSynchronizer$ConditionObject.awaitNanos(AbstractQueuedSynchronizer.java:2078)
        at org.apache.ratis.util.DataBlockingQueue.poll(DataBlockingQueue.java:148)
        at org.apache.ratis.server.raftlog.segmented.SegmentedRaftLogWorker.run(SegmentedRaftLogWorker.java:310)
        at org.apache.ratis.server.raftlog.segmented.SegmentedRaftLogWorker$$Lambda$665/2146560083.run(Unknown Source)
        at java.lang.Thread.run(Thread.java:750)
"qtp1531438298-292" daemon prio=5 tid=292 timed_waiting
java.lang.Thread.State: TIMED_WAITING
        at sun.misc.Unsafe.park(Native Method)
        at java.util.concurrent.locks.LockSupport.parkNanos(LockSupport.java:215)
        at java.util.concurrent.locks.AbstractQueuedSynchronizer$ConditionObject.awaitNanos(AbstractQueuedSynchronizer.java:2078)
        at org.eclipse.jetty.util.BlockingArrayQueue.poll(BlockingArrayQueue.java:382)
        at org.eclipse.jetty.util.thread.QueuedThreadPool$Runner.idleJobPoll(QueuedThreadPool.java:974)
        at org.eclipse.jetty.util.thread.QueuedThreadPool$Runner.run(QueuedThreadPool.java:1018)
        at java.lang.Thread.run(Thread.java:750)
"Datanode ReportManager Thread - 2" daemon prio=5 tid=224 in Object.wait()
java.lang.Thread.State: WAITING (on object monitor)
        at sun.misc.Unsafe.park(Native Method)
        at java.util.concurrent.locks.LockSupport.park(LockSupport.java:175)
        at java.util.concurrent.locks.AbstractQueuedSynchronizer$ConditionObject.await(AbstractQueuedSynchronizer.java:2039)
        at java.util.concurrent.ScheduledThreadPoolExecutor$DelayedWorkQueue.take(ScheduledThreadPoolExecutor.java:1088)
        at java.util.concurrent.ScheduledThreadPoolExecutor$DelayedWorkQueue.take(ScheduledThreadPoolExecutor.java:809)
        at java.util.concurrent.ThreadPoolExecutor.getTask(ThreadPoolExecutor.java:1074)
        at java.util.concurrent.ThreadPoolExecutor.runWorker(ThreadPoolExecutor.java:1134)
        at java.util.concurrent.ThreadPoolExecutor$Worker.run(ThreadPoolExecutor.java:624)
        at java.lang.Thread.run(Thread.java:750)
"StaleRecoveringContainerScrubbingService#1" daemon prio=5 tid=497 timed_waiting
java.lang.Thread.State: TIMED_WAITING
        at sun.misc.Unsafe.park(Native Method)
        at java.util.concurrent.locks.LockSupport.parkNanos(LockSupport.java:215)
        at java.util.concurrent.locks.AbstractQueuedSynchronizer$ConditionObject.awaitNanos(AbstractQueuedSynchronizer.java:2078)
        at java.util.concurrent.ScheduledThreadPoolExecutor$DelayedWorkQueue.take(ScheduledThreadPoolExecutor.java:1093)
        at java.util.concurrent.ScheduledThreadPoolExecutor$DelayedWorkQueue.take(ScheduledThreadPoolExecutor.java:809)
        at java.util.concurrent.ThreadPoolExecutor.getTask(ThreadPoolExecutor.java:1074)
        at java.util.concurrent.ThreadPoolExecutor.runWorker(ThreadPoolExecutor.java:1134)
        at java.util.concurrent.ThreadPoolExecutor$Worker.run(ThreadPoolExecutor.java:624)
        at java.lang.Thread.run(Thread.java:750)
"Command processor thread" daemon prio=5 tid=446 timed_waiting
java.lang.Thread.State: TIMED_WAITING
        at java.lang.Thread.sleep(Native Method)
        at org.apache.hadoop.ozone.container.common.statemachine.DatanodeStateMachine.lambda$initCommandHandlerThread$3(DatanodeStateMachine.java:641)
        at org.apache.hadoop.ozone.container.common.statemachine.DatanodeStateMachine$$Lambda$753/651253568.run(Unknown Source)
        at java.lang.Thread.run(Thread.java:750)
"Command processor thread" daemon prio=5 tid=253 timed_waiting
java.lang.Thread.State: TIMED_WAITING
        at java.lang.Thread.sleep(Native Method)
        at org.apache.hadoop.ozone.container.common.statemachine.DatanodeStateMachine.lambda$initCommandHandlerThread$3(DatanodeStateMachine.java:641)
        at org.apache.hadoop.ozone.container.common.statemachine.DatanodeStateMachine$$Lambda$753/651253568.run(Unknown Source)
        at java.lang.Thread.run(Thread.java:750)
"IPC Server handler 6 on default port 45563" daemon prio=5 tid=160 timed_waiting
java.lang.Thread.State: TIMED_WAITING
        at sun.misc.Unsafe.park(Native Method)
        at java.util.concurrent.locks.LockSupport.parkNanos(LockSupport.java:215)
        at java.util.concurrent.locks.AbstractQueuedSynchronizer$ConditionObject.awaitNanos(AbstractQueuedSynchronizer.java:2078)
        at java.util.concurrent.LinkedBlockingQueue.poll(LinkedBlockingQueue.java:467)
        at org.apache.hadoop.ipc.CallQueueManager.take(CallQueueManager.java:317)
        at org.apache.hadoop.ipc.Server$Handler.run(Server.java:2942)
"EndpointStateMachine task thread for /0.0.0.0:35727 - 0 "  prio=5 tid=352 in Object.wait()
java.lang.Thread.State: WAITING (on object monitor)
        at sun.misc.Unsafe.park(Native Method)
        at java.util.concurrent.locks.LockSupport.park(LockSupport.java:175)
        at java.util.concurrent.locks.AbstractQueuedSynchronizer$ConditionObject.await(AbstractQueuedSynchronizer.java:2039)
        at java.util.concurrent.LinkedBlockingQueue.take(LinkedBlockingQueue.java:442)
        at java.util.concurrent.ThreadPoolExecutor.getTask(ThreadPoolExecutor.java:1074)
        at java.util.concurrent.ThreadPoolExecutor.runWorker(ThreadPoolExecutor.java:1134)
        at java.util.concurrent.ThreadPoolExecutor$Worker.run(ThreadPoolExecutor.java:624)
        at java.lang.Thread.run(Thread.java:750)
"pool-95-thread-1"  prio=5 tid=578 in Object.wait()
java.lang.Thread.State: WAITING (on object monitor)
        at sun.misc.Unsafe.park(Native Method)
        at java.util.concurrent.locks.LockSupport.park(LockSupport.java:175)
        at java.util.concurrent.locks.AbstractQueuedSynchronizer$ConditionObject.await(AbstractQueuedSynchronizer.java:2039)
        at java.util.concurrent.LinkedBlockingQueue.take(LinkedBlockingQueue.java:442)
        at java.util.concurrent.ThreadPoolExecutor.getTask(ThreadPoolExecutor.java:1074)
        at java.util.concurrent.ThreadPoolExecutor.runWorker(ThreadPoolExecutor.java:1134)
        at java.util.concurrent.ThreadPoolExecutor$Worker.run(ThreadPoolExecutor.java:624)
        at java.lang.Thread.run(Thread.java:750)
"ChunkWriter-0-0" daemon prio=5 tid=430 in Object.wait()
java.lang.Thread.State: WAITING (on object monitor)
        at sun.misc.Unsafe.park(Native Method)
        at java.util.concurrent.locks.LockSupport.park(LockSupport.java:175)
        at java.util.concurrent.locks.AbstractQueuedSynchronizer$ConditionObject.await(AbstractQueuedSynchronizer.java:2039)
        at java.util.concurrent.LinkedBlockingDeque.takeFirst(LinkedBlockingDeque.java:492)
        at java.util.concurrent.LinkedBlockingDeque.take(LinkedBlockingDeque.java:680)
        at java.util.concurrent.ThreadPoolExecutor.getTask(ThreadPoolExecutor.java:1074)
        at java.util.concurrent.ThreadPoolExecutor.runWorker(ThreadPoolExecutor.java:1134)
        at java.util.concurrent.ThreadPoolExecutor$Worker.run(ThreadPoolExecutor.java:624)
        at java.lang.Thread.run(Thread.java:750)
"b2efe8a5-99bb-41e7-9296-f49000549216@group-BEB6889659DA-FollowerState" daemon prio=5 tid=700 timed_waiting
java.lang.Thread.State: TIMED_WAITING
        at java.lang.Thread.sleep(Native Method)
        at java.lang.Thread.sleep(Thread.java:342)
        at java.util.concurrent.TimeUnit.sleep(TimeUnit.java:386)
        at org.apache.ratis.util.TimeDuration.sleep(TimeDuration.java:325)
        at org.apache.ratis.util.TimeDuration.sleep(TimeDuration.java:310)
        at org.apache.ratis.server.impl.FollowerState.run(FollowerState.java:128)
"EndpointStateMachine task thread for /0.0.0.0:35727 - 0 "  prio=5 tid=429 in Object.wait()
java.lang.Thread.State: WAITING (on object monitor)
        at sun.misc.Unsafe.park(Native Method)
        at java.util.concurrent.locks.LockSupport.park(LockSupport.java:175)
        at java.util.concurrent.locks.AbstractQueuedSynchronizer$ConditionObject.await(AbstractQueuedSynchronizer.java:2039)
        at java.util.concurrent.LinkedBlockingQueue.take(LinkedBlockingQueue.java:442)
        at java.util.concurrent.ThreadPoolExecutor.getTask(ThreadPoolExecutor.java:1074)
        at java.util.concurrent.ThreadPoolExecutor.runWorker(ThreadPoolExecutor.java:1134)
        at java.util.concurrent.ThreadPoolExecutor$Worker.run(ThreadPoolExecutor.java:624)
        at java.lang.Thread.run(Thread.java:750)
"b2efe8a5-99bb-41e7-9296-f49000549216@group-16B0CCAD8931->556da25a-9bc8-419d-83a0-dc1d92c1e895-GrpcLogAppender-LogAppenderDaemon" daemon prio=5 tid=857 timed_waiting
java.lang.Thread.State: TIMED_WAITING
        at sun.misc.Unsafe.park(Native Method)
        at java.util.concurrent.locks.LockSupport.parkNanos(LockSupport.java:215)
        at java.util.concurrent.CompletableFuture$Signaller.block(CompletableFuture.java:1709)
        at java.util.concurrent.ForkJoinPool.managedBlock(ForkJoinPool.java:3323)
        at java.util.concurrent.CompletableFuture.timedGet(CompletableFuture.java:1788)
        at java.util.concurrent.CompletableFuture.get(CompletableFuture.java:1928)
        at org.apache.ratis.util.AwaitForSignal.await(AwaitForSignal.java:56)
        at org.apache.ratis.grpc.server.GrpcLogAppender.mayWait(GrpcLogAppender.java:198)
        at org.apache.ratis.grpc.server.GrpcLogAppender.run(GrpcLogAppender.java:148)
        at org.apache.ratis.server.leader.LogAppenderDaemon.run(LogAppenderDaemon.java:78)
        at org.apache.ratis.server.leader.LogAppenderDaemon$$Lambda$1038/329273412.run(Unknown Source)
        at java.lang.Thread.run(Thread.java:750)
"EndpointStateMachine task thread for /0.0.0.0:35727 - 0 "  prio=5 tid=543 in Object.wait()
java.lang.Thread.State: WAITING (on object monitor)
        at sun.misc.Unsafe.park(Native Method)
        at java.util.concurrent.locks.LockSupport.park(LockSupport.java:175)
        at java.util.concurrent.locks.AbstractQueuedSynchronizer$ConditionObject.await(AbstractQueuedSynchronizer.java:2039)
        at java.util.concurrent.LinkedBlockingQueue.take(LinkedBlockingQueue.java:442)
        at java.util.concurrent.ThreadPoolExecutor.getTask(ThreadPoolExecutor.java:1074)
        at java.util.concurrent.ThreadPoolExecutor.runWorker(ThreadPoolExecutor.java:1134)
        at java.util.concurrent.ThreadPoolExecutor$Worker.run(ThreadPoolExecutor.java:624)
        at java.lang.Thread.run(Thread.java:750)
"Session-HouseKeeper-2a15bbf3-1"  prio=5 tid=118 timed_waiting
java.lang.Thread.State: TIMED_WAITING
        at sun.misc.Unsafe.park(Native Method)
        at java.util.concurrent.locks.LockSupport.parkNanos(LockSupport.java:215)
        at java.util.concurrent.locks.AbstractQueuedSynchronizer$ConditionObject.awaitNanos(AbstractQueuedSynchronizer.java:2078)
        at java.util.concurrent.ScheduledThreadPoolExecutor$DelayedWorkQueue.take(ScheduledThreadPoolExecutor.java:1093)
        at java.util.concurrent.ScheduledThreadPoolExecutor$DelayedWorkQueue.take(ScheduledThreadPoolExecutor.java:809)
        at java.util.concurrent.ThreadPoolExecutor.getTask(ThreadPoolExecutor.java:1074)
        at java.util.concurrent.ThreadPoolExecutor.runWorker(ThreadPoolExecutor.java:1134)
        at java.util.concurrent.ThreadPoolExecutor$Worker.run(ThreadPoolExecutor.java:624)
        at java.lang.Thread.run(Thread.java:750)
"IPC Client (1553257656) connection to 0.0.0.0/0.0.0.0:35727 from runner" daemon prio=5 tid=353 timed_waiting
java.lang.Thread.State: TIMED_WAITING
        at sun.nio.ch.EPollArrayWrapper.epollWait(Native Method)
        at sun.nio.ch.EPollArrayWrapper.poll(EPollArrayWrapper.java:269)
        at sun.nio.ch.EPollSelectorImpl.doSelect(EPollSelectorImpl.java:93)
        at sun.nio.ch.SelectorImpl.lockAndDoSelect(SelectorImpl.java:86)
        at sun.nio.ch.SelectorImpl.select(SelectorImpl.java:97)
        at org.apache.hadoop.net.SocketIOWithTimeout$SelectorPool.select(SocketIOWithTimeout.java:335)
        at org.apache.hadoop.net.SocketIOWithTimeout.doIO(SocketIOWithTimeout.java:156)
        at org.apache.hadoop.net.SocketInputStream.read(SocketInputStream.java:161)
        at org.apache.hadoop.net.SocketInputStream.read(SocketInputStream.java:131)
        at java.io.FilterInputStream.read(FilterInputStream.java:133)
        at java.io.BufferedInputStream.fill(BufferedInputStream.java:246)
        at java.io.BufferedInputStream.read(BufferedInputStream.java:265)
        at java.io.FilterInputStream.read(FilterInputStream.java:83)
        at java.io.FilterInputStream.read(FilterInputStream.java:83)
        at org.apache.hadoop.ipc.Client$Connection$PingInputStream.read(Client.java:563)
        at java.io.DataInputStream.readInt(DataInputStream.java:387)
        at org.apache.hadoop.ipc.Client$IpcStreams.readResponse(Client.java:1922)
        at org.apache.hadoop.ipc.Client$Connection.receiveRpcResponse(Client.java:1238)
        at org.apache.hadoop.ipc.Client$Connection.run(Client.java:1134)
"Session-HouseKeeper-2bc1cc4-1"  prio=5 tid=192 timed_waiting
java.lang.Thread.State: TIMED_WAITING
        at sun.misc.Unsafe.park(Native Method)
        at java.util.concurrent.locks.LockSupport.parkNanos(LockSupport.java:215)
        at java.util.concurrent.locks.AbstractQueuedSynchronizer$ConditionObject.awaitNanos(AbstractQueuedSynchronizer.java:2078)
        at java.util.concurrent.ScheduledThreadPoolExecutor$DelayedWorkQueue.take(ScheduledThreadPoolExecutor.java:1093)
        at java.util.concurrent.ScheduledThreadPoolExecutor$DelayedWorkQueue.take(ScheduledThreadPoolExecutor.java:809)
        at java.util.concurrent.ThreadPoolExecutor.getTask(ThreadPoolExecutor.java:1074)
        at java.util.concurrent.ThreadPoolExecutor.runWorker(ThreadPoolExecutor.java:1134)
        at java.util.concurrent.ThreadPoolExecutor$Worker.run(ThreadPoolExecutor.java:624)
        at java.lang.Thread.run(Thread.java:750)
"6065ee46-1250-4f2d-bd18-fb99db464885@group-9F230E4DCB97-SegmentedRaftLogWorker"  prio=5 tid=643 timed_waiting
java.lang.Thread.State: TIMED_WAITING
        at sun.misc.Unsafe.park(Native Method)
        at java.util.concurrent.locks.LockSupport.parkNanos(LockSupport.java:215)
        at java.util.concurrent.locks.AbstractQueuedSynchronizer$ConditionObject.awaitNanos(AbstractQueuedSynchronizer.java:2078)
        at org.apache.ratis.util.DataBlockingQueue.poll(DataBlockingQueue.java:148)
        at org.apache.ratis.server.raftlog.segmented.SegmentedRaftLogWorker.run(SegmentedRaftLogWorker.java:310)
        at org.apache.ratis.server.raftlog.segmented.SegmentedRaftLogWorker$$Lambda$665/2146560083.run(Unknown Source)
        at java.lang.Thread.run(Thread.java:750)
"StaleRecoveringContainerScrubbingService#1" daemon prio=5 tid=552 timed_waiting
java.lang.Thread.State: TIMED_WAITING
        at sun.misc.Unsafe.park(Native Method)
        at java.util.concurrent.locks.LockSupport.parkNanos(LockSupport.java:215)
        at java.util.concurrent.locks.AbstractQueuedSynchronizer$ConditionObject.awaitNanos(AbstractQueuedSynchronizer.java:2078)
        at java.util.concurrent.ScheduledThreadPoolExecutor$DelayedWorkQueue.take(ScheduledThreadPoolExecutor.java:1093)
        at java.util.concurrent.ScheduledThreadPoolExecutor$DelayedWorkQueue.take(ScheduledThreadPoolExecutor.java:809)
        at java.util.concurrent.ThreadPoolExecutor.getTask(ThreadPoolExecutor.java:1074)
        at java.util.concurrent.ThreadPoolExecutor.runWorker(ThreadPoolExecutor.java:1134)
        at java.util.concurrent.ThreadPoolExecutor$Worker.run(ThreadPoolExecutor.java:624)
        at java.lang.Thread.run(Thread.java:750)
"f9539b2c-40d6-4ae2-988d-1a0916bca307@group-82D5C711159A-StateMachineUpdater" daemon prio=5 tid=683 timed_waiting
java.lang.Thread.State: TIMED_WAITING
        at sun.misc.Unsafe.park(Native Method)
        at java.util.concurrent.locks.LockSupport.parkNanos(LockSupport.java:215)
        at java.util.concurrent.CompletableFuture$Signaller.block(CompletableFuture.java:1709)
        at java.util.concurrent.ForkJoinPool.managedBlock(ForkJoinPool.java:3323)
        at java.util.concurrent.CompletableFuture.timedGet(CompletableFuture.java:1788)
        at java.util.concurrent.CompletableFuture.get(CompletableFuture.java:1928)
        at org.apache.ratis.util.AwaitForSignal.await(AwaitForSignal.java:56)
        at org.apache.ratis.server.impl.StateMachineUpdater.waitForCommit(StateMachineUpdater.java:207)
        at org.apache.ratis.server.impl.StateMachineUpdater.run(StateMachineUpdater.java:176)
        at java.lang.Thread.run(Thread.java:750)
"org.apache.hadoop.ozone.container.common.statemachine.commandhandler.DeleteBlocksCommandHandler$DeleteCmdWorker@3e74da1f" daemon prio=5 tid=288 timed_waiting
java.lang.Thread.State: TIMED_WAITING
        at java.lang.Thread.sleep(Native Method)
        at org.apache.hadoop.ozone.container.common.statemachine.commandhandler.DeleteBlocksCommandHandler$DeleteCmdWorker.run(DeleteBlocksCommandHandler.java:183)
        at java.lang.Thread.run(Thread.java:750)
"qtp2076445832-388" daemon prio=5 tid=388 timed_waiting
java.lang.Thread.State: TIMED_WAITING
        at sun.misc.Unsafe.park(Native Method)
        at java.util.concurrent.locks.LockSupport.parkNanos(LockSupport.java:215)
        at java.util.concurrent.locks.AbstractQueuedSynchronizer$ConditionObject.awaitNanos(AbstractQueuedSynchronizer.java:2078)
        at org.eclipse.jetty.util.BlockingArrayQueue.poll(BlockingArrayQueue.java:382)
        at org.eclipse.jetty.util.thread.QueuedThreadPool$Runner.idleJobPoll(QueuedThreadPool.java:974)
        at org.eclipse.jetty.util.thread.QueuedThreadPool$Runner.run(QueuedThreadPool.java:1018)
        at java.lang.Thread.run(Thread.java:750)
"ChunkWriter-3-0" daemon prio=5 tid=433 in Object.wait()
java.lang.Thread.State: WAITING (on object monitor)
        at sun.misc.Unsafe.park(Native Method)
        at java.util.concurrent.locks.LockSupport.park(LockSupport.java:175)
        at java.util.concurrent.locks.AbstractQueuedSynchronizer$ConditionObject.await(AbstractQueuedSynchronizer.java:2039)
        at java.util.concurrent.LinkedBlockingDeque.takeFirst(LinkedBlockingDeque.java:492)
        at java.util.concurrent.LinkedBlockingDeque.take(LinkedBlockingDeque.java:680)
        at java.util.concurrent.ThreadPoolExecutor.getTask(ThreadPoolExecutor.java:1074)
        at java.util.concurrent.ThreadPoolExecutor.runWorker(ThreadPoolExecutor.java:1134)
        at java.util.concurrent.ThreadPoolExecutor$Worker.run(ThreadPoolExecutor.java:624)
        at java.lang.Thread.run(Thread.java:750)
"EventQueue-CloseContainerForCloseContainerEventHandler" daemon prio=5 tid=825 in Object.wait()
java.lang.Thread.State: WAITING (on object monitor)
        at sun.misc.Unsafe.park(Native Method)
        at java.util.concurrent.locks.LockSupport.park(LockSupport.java:175)
        at java.util.concurrent.locks.AbstractQueuedSynchronizer$ConditionObject.await(AbstractQueuedSynchronizer.java:2039)
        at java.util.concurrent.LinkedBlockingQueue.take(LinkedBlockingQueue.java:442)
        at java.util.concurrent.ThreadPoolExecutor.getTask(ThreadPoolExecutor.java:1074)
        at java.util.concurrent.ThreadPoolExecutor.runWorker(ThreadPoolExecutor.java:1134)
        at java.util.concurrent.ThreadPoolExecutor$Worker.run(ThreadPoolExecutor.java:624)
        at java.lang.Thread.run(Thread.java:750)
"Datanode State Machine Task Thread - 1"  prio=5 tid=517 in Object.wait()
java.lang.Thread.State: WAITING (on object monitor)
        at sun.misc.Unsafe.park(Native Method)
        at java.util.concurrent.locks.LockSupport.park(LockSupport.java:175)
        at java.util.concurrent.locks.AbstractQueuedSynchronizer$ConditionObject.await(AbstractQueuedSynchronizer.java:2039)
        at java.util.concurrent.LinkedBlockingQueue.take(LinkedBlockingQueue.java:442)
        at java.util.concurrent.ThreadPoolExecutor.getTask(ThreadPoolExecutor.java:1074)
        at java.util.concurrent.ThreadPoolExecutor.runWorker(ThreadPoolExecutor.java:1134)
        at java.util.concurrent.ThreadPoolExecutor$Worker.run(ThreadPoolExecutor.java:624)
        at java.lang.Thread.run(Thread.java:750)
"Reference Handler" daemon prio=10 tid=2 in Object.wait()
java.lang.Thread.State: WAITING (on object monitor)
        at java.lang.Object.wait(Native Method)
        at java.lang.Object.wait(Object.java:502)
        at java.lang.ref.Reference.tryHandlePending(Reference.java:191)
        at java.lang.ref.Reference$ReferenceHandler.run(Reference.java:153)
"qtp797802443-150" daemon prio=5 tid=150 timed_waiting
java.lang.Thread.State: TIMED_WAITING
        at sun.misc.Unsafe.park(Native Method)
        at java.util.concurrent.locks.LockSupport.parkNanos(LockSupport.java:215)
        at java.util.concurrent.locks.AbstractQueuedSynchronizer$ConditionObject.awaitNanos(AbstractQueuedSynchronizer.java:2078)
        at org.eclipse.jetty.util.BlockingArrayQueue.poll(BlockingArrayQueue.java:382)
        at org.eclipse.jetty.util.thread.QueuedThreadPool$Runner.idleJobPoll(QueuedThreadPool.java:974)
        at org.eclipse.jetty.util.thread.QueuedThreadPool$Runner.run(QueuedThreadPool.java:1018)
        at java.lang.Thread.run(Thread.java:750)
"qtp2076445832-385" daemon prio=5 tid=385 timed_waiting
java.lang.Thread.State: TIMED_WAITING
        at sun.misc.Unsafe.park(Native Method)
        at java.util.concurrent.locks.LockSupport.parkNanos(LockSupport.java:215)
        at java.util.concurrent.locks.AbstractQueuedSynchronizer$ConditionObject.awaitNanos(AbstractQueuedSynchronizer.java:2078)
        at org.eclipse.jetty.util.BlockingArrayQueue.poll(BlockingArrayQueue.java:382)
        at org.eclipse.jetty.util.thread.QueuedThreadPool$Runner.idleJobPoll(QueuedThreadPool.java:974)
        at org.eclipse.jetty.util.thread.QueuedThreadPool$Runner.run(QueuedThreadPool.java:1018)
        at java.lang.Thread.run(Thread.java:750)
"IPC Server handler 19 on default port 45563" daemon prio=5 tid=173 timed_waiting
java.lang.Thread.State: TIMED_WAITING
        at sun.misc.Unsafe.park(Native Method)
        at java.util.concurrent.locks.LockSupport.parkNanos(LockSupport.java:215)
        at java.util.concurrent.locks.AbstractQueuedSynchronizer$ConditionObject.awaitNanos(AbstractQueuedSynchronizer.java:2078)
        at java.util.concurrent.LinkedBlockingQueue.poll(LinkedBlockingQueue.java:467)
        at org.apache.hadoop.ipc.CallQueueManager.take(CallQueueManager.java:317)
        at org.apache.hadoop.ipc.Server$Handler.run(Server.java:2942)
"b2efe8a5-99bb-41e7-9296-f49000549216@group-16B0CCAD8931-LeaderStateImpl" daemon prio=5 tid=855 timed_waiting
java.lang.Thread.State: TIMED_WAITING
        at sun.misc.Unsafe.park(Native Method)
        at java.util.concurrent.locks.LockSupport.parkNanos(LockSupport.java:215)
        at java.util.concurrent.locks.AbstractQueuedSynchronizer$ConditionObject.awaitNanos(AbstractQueuedSynchronizer.java:2078)
        at java.util.concurrent.ArrayBlockingQueue.poll(ArrayBlockingQueue.java:418)
        at org.apache.ratis.server.impl.LeaderStateImpl$EventQueue.poll(LeaderStateImpl.java:159)
        at org.apache.ratis.server.impl.LeaderStateImpl$EventProcessor.run(LeaderStateImpl.java:630)
"org.apache.hadoop.util.JvmPauseMonitor$Monitor@4b2e8012" daemon prio=5 tid=228 timed_waiting
java.lang.Thread.State: TIMED_WAITING
        at java.lang.Thread.sleep(Native Method)
        at org.apache.hadoop.util.JvmPauseMonitor$Monitor.run(JvmPauseMonitor.java:192)
        at java.lang.Thread.run(Thread.java:750)
"grpc-default-executor-2" daemon prio=5 tid=711 timed_waiting
java.lang.Thread.State: TIMED_WAITING
        at sun.misc.Unsafe.park(Native Method)
        at java.util.concurrent.locks.LockSupport.parkNanos(LockSupport.java:215)
        at java.util.concurrent.SynchronousQueue$TransferStack.awaitFulfill(SynchronousQueue.java:460)
        at java.util.concurrent.SynchronousQueue$TransferStack.transfer(SynchronousQueue.java:362)
        at java.util.concurrent.SynchronousQueue.poll(SynchronousQueue.java:941)
        at java.util.concurrent.ThreadPoolExecutor.getTask(ThreadPoolExecutor.java:1073)
        at java.util.concurrent.ThreadPoolExecutor.runWorker(ThreadPoolExecutor.java:1134)
        at java.util.concurrent.ThreadPoolExecutor$Worker.run(ThreadPoolExecutor.java:624)
        at java.lang.Thread.run(Thread.java:750)
"BlockDeletingService#1" daemon prio=5 tid=509 timed_waiting
java.lang.Thread.State: TIMED_WAITING
        at sun.misc.Unsafe.park(Native Method)
        at java.util.concurrent.locks.LockSupport.parkNanos(LockSupport.java:215)
        at java.util.concurrent.locks.AbstractQueuedSynchronizer$ConditionObject.awaitNanos(AbstractQueuedSynchronizer.java:2078)
        at java.util.concurrent.ScheduledThreadPoolExecutor$DelayedWorkQueue.take(ScheduledThreadPoolExecutor.java:1093)
        at java.util.concurrent.ScheduledThreadPoolExecutor$DelayedWorkQueue.take(ScheduledThreadPoolExecutor.java:809)
        at java.util.concurrent.ThreadPoolExecutor.getTask(ThreadPoolExecutor.java:1074)
        at java.util.concurrent.ThreadPoolExecutor.runWorker(ThreadPoolExecutor.java:1134)
        at java.util.concurrent.ThreadPoolExecutor$Worker.run(ThreadPoolExecutor.java:624)
        at java.lang.Thread.run(Thread.java:750)
"Datanode ReportManager Thread - 1" daemon prio=5 tid=327 timed_waiting
java.lang.Thread.State: TIMED_WAITING
        at sun.misc.Unsafe.park(Native Method)
        at java.util.concurrent.locks.LockSupport.parkNanos(LockSupport.java:215)
        at java.util.concurrent.locks.AbstractQueuedSynchronizer$ConditionObject.awaitNanos(AbstractQueuedSynchronizer.java:2078)
        at java.util.concurrent.ScheduledThreadPoolExecutor$DelayedWorkQueue.take(ScheduledThreadPoolExecutor.java:1093)
        at java.util.concurrent.ScheduledThreadPoolExecutor$DelayedWorkQueue.take(ScheduledThreadPoolExecutor.java:809)
        at java.util.concurrent.ThreadPoolExecutor.getTask(ThreadPoolExecutor.java:1074)
        at java.util.concurrent.ThreadPoolExecutor.runWorker(ThreadPoolExecutor.java:1134)
        at java.util.concurrent.ThreadPoolExecutor$Worker.run(ThreadPoolExecutor.java:624)
        at java.lang.Thread.run(Thread.java:750)
"IPC Server handler 16 on default port 45563" daemon prio=5 tid=170 timed_waiting
java.lang.Thread.State: TIMED_WAITING
        at sun.misc.Unsafe.park(Native Method)
        at java.util.concurrent.locks.LockSupport.parkNanos(LockSupport.java:215)
        at java.util.concurrent.locks.AbstractQueuedSynchronizer$ConditionObject.awaitNanos(AbstractQueuedSynchronizer.java:2078)
        at java.util.concurrent.LinkedBlockingQueue.poll(LinkedBlockingQueue.java:467)
        at org.apache.hadoop.ipc.CallQueueManager.take(CallQueueManager.java:317)
        at org.apache.hadoop.ipc.Server$Handler.run(Server.java:2942)
"ExpiredContainerReplicaOpScrubberThread" daemon prio=5 tid=17 timed_waiting
java.lang.Thread.State: TIMED_WAITING
        at java.lang.Object.wait(Native Method)
        at org.apache.hadoop.hdds.scm.ha.BackgroundSCMService.run(BackgroundSCMService.java:110)
        at org.apache.hadoop.hdds.scm.ha.BackgroundSCMService$$Lambda$375/1129874021.run(Unknown Source)
        at java.lang.Thread.run(Thread.java:750)
"qtp110059025-345" daemon prio=5 tid=345 timed_waiting
java.lang.Thread.State: TIMED_WAITING
        at sun.misc.Unsafe.park(Native Method)
        at java.util.concurrent.locks.LockSupport.parkNanos(LockSupport.java:215)
        at java.util.concurrent.locks.AbstractQueuedSynchronizer$ConditionObject.awaitNanos(AbstractQueuedSynchronizer.java:2078)
        at org.eclipse.jetty.util.BlockingArrayQueue.poll(BlockingArrayQueue.java:382)
        at org.eclipse.jetty.util.thread.QueuedThreadPool$Runner.idleJobPoll(QueuedThreadPool.java:974)
        at org.eclipse.jetty.util.thread.QueuedThreadPool$Runner.run(QueuedThreadPool.java:1018)
        at java.lang.Thread.run(Thread.java:750)
"b412bf4c-8645-4ac9-920f-94e6c323f92a@group-8A4815B43099->b6bbe4ab-2937-401d-96b4-8acfa82ea187-GrpcLogAppender-LogAppenderDaemon" daemon prio=5 tid=888 timed_waiting
java.lang.Thread.State: TIMED_WAITING
        at sun.misc.Unsafe.park(Native Method)
        at java.util.concurrent.locks.LockSupport.parkNanos(LockSupport.java:215)
        at java.util.concurrent.CompletableFuture$Signaller.block(CompletableFuture.java:1709)
        at java.util.concurrent.ForkJoinPool.managedBlock(ForkJoinPool.java:3323)
        at java.util.concurrent.CompletableFuture.timedGet(CompletableFuture.java:1788)
        at java.util.concurrent.CompletableFuture.get(CompletableFuture.java:1928)
        at org.apache.ratis.util.AwaitForSignal.await(AwaitForSignal.java:56)
        at org.apache.ratis.grpc.server.GrpcLogAppender.mayWait(GrpcLogAppender.java:198)
        at org.apache.ratis.grpc.server.GrpcLogAppender.run(GrpcLogAppender.java:148)
        at org.apache.ratis.server.leader.LogAppenderDaemon.run(LogAppenderDaemon.java:78)
        at org.apache.ratis.server.leader.LogAppenderDaemon$$Lambda$1038/329273412.run(Unknown Source)
        at java.lang.Thread.run(Thread.java:750)
"ChunkReader-3" daemon prio=5 tid=806 in Object.wait()
java.lang.Thread.State: WAITING (on object monitor)
        at sun.misc.Unsafe.park(Native Method)
        at java.util.concurrent.locks.LockSupport.park(LockSupport.java:175)
        at java.util.concurrent.locks.AbstractQueuedSynchronizer$ConditionObject.await(AbstractQueuedSynchronizer.java:2039)
        at java.util.concurrent.LinkedBlockingQueue.take(LinkedBlockingQueue.java:442)
        at java.util.concurrent.ThreadPoolExecutor.getTask(ThreadPoolExecutor.java:1074)
        at java.util.concurrent.ThreadPoolExecutor.runWorker(ThreadPoolExecutor.java:1134)
        at java.util.concurrent.ThreadPoolExecutor$Worker.run(ThreadPoolExecutor.java:624)
        at java.lang.Thread.run(Thread.java:750)
"Datanode ReportManager Thread - 4" daemon prio=5 tid=483 in Object.wait()
java.lang.Thread.State: WAITING (on object monitor)
        at sun.misc.Unsafe.park(Native Method)
        at java.util.concurrent.locks.LockSupport.park(LockSupport.java:175)
        at java.util.concurrent.locks.AbstractQueuedSynchronizer$ConditionObject.await(AbstractQueuedSynchronizer.java:2039)
        at java.util.concurrent.ScheduledThreadPoolExecutor$DelayedWorkQueue.take(ScheduledThreadPoolExecutor.java:1088)
        at java.util.concurrent.ScheduledThreadPoolExecutor$DelayedWorkQueue.take(ScheduledThreadPoolExecutor.java:809)
        at java.util.concurrent.ThreadPoolExecutor.getTask(ThreadPoolExecutor.java:1074)
        at java.util.concurrent.ThreadPoolExecutor.runWorker(ThreadPoolExecutor.java:1134)
        at java.util.concurrent.ThreadPoolExecutor$Worker.run(ThreadPoolExecutor.java:624)
        at java.lang.Thread.run(Thread.java:750)
"qtp457009334-457" daemon prio=5 tid=457 runnable
java.lang.Thread.State: RUNNABLE
        at sun.nio.ch.EPollArrayWrapper.epollWait(Native Method)
        at sun.nio.ch.EPollArrayWrapper.poll(EPollArrayWrapper.java:269)
        at sun.nio.ch.EPollSelectorImpl.doSelect(EPollSelectorImpl.java:93)
        at sun.nio.ch.SelectorImpl.lockAndDoSelect(SelectorImpl.java:86)
        at sun.nio.ch.SelectorImpl.select(SelectorImpl.java:97)
        at sun.nio.ch.SelectorImpl.select(SelectorImpl.java:101)
        at org.eclipse.jetty.io.ManagedSelector.nioSelect(ManagedSelector.java:183)
        at org.eclipse.jetty.io.ManagedSelector.select(ManagedSelector.java:190)
        at org.eclipse.jetty.io.ManagedSelector$SelectorProducer.select(ManagedSelector.java:606)
        at org.eclipse.jetty.io.ManagedSelector$SelectorProducer.produce(ManagedSelector.java:543)
        at org.eclipse.jetty.util.thread.strategy.EatWhatYouKill.produceTask(EatWhatYouKill.java:362)
        at org.eclipse.jetty.util.thread.strategy.EatWhatYouKill.doProduce(EatWhatYouKill.java:186)
        at org.eclipse.jetty.util.thread.strategy.EatWhatYouKill.tryProduce(EatWhatYouKill.java:173)
        at org.eclipse.jetty.util.thread.strategy.EatWhatYouKill.produce(EatWhatYouKill.java:137)
        at org.eclipse.jetty.io.ManagedSelector$$Lambda$446/827549167.run(Unknown Source)
        at org.eclipse.jetty.util.thread.QueuedThreadPool.runJob(QueuedThreadPool.java:883)
        at org.eclipse.jetty.util.thread.QueuedThreadPool$Runner.run(QueuedThreadPool.java:1034)
        at java.lang.Thread.run(Thread.java:750)
"Datanode State Machine Task Thread - 1"  prio=5 tid=351 in Object.wait()
java.lang.Thread.State: WAITING (on object monitor)
        at sun.misc.Unsafe.park(Native Method)
        at java.util.concurrent.locks.LockSupport.park(LockSupport.java:175)
        at java.util.concurrent.locks.AbstractQueuedSynchronizer$ConditionObject.await(AbstractQueuedSynchronizer.java:2039)
        at java.util.concurrent.LinkedBlockingQueue.take(LinkedBlockingQueue.java:442)
        at java.util.concurrent.ThreadPoolExecutor.getTask(ThreadPoolExecutor.java:1074)
        at java.util.concurrent.ThreadPoolExecutor.runWorker(ThreadPoolExecutor.java:1134)
        at java.util.concurrent.ThreadPoolExecutor$Worker.run(ThreadPoolExecutor.java:624)
        at java.lang.Thread.run(Thread.java:750)
"qtp1798219135-217" daemon prio=5 tid=217 timed_waiting
java.lang.Thread.State: TIMED_WAITING
        at sun.misc.Unsafe.park(Native Method)
        at java.util.concurrent.locks.LockSupport.parkNanos(LockSupport.java:215)
        at java.util.concurrent.locks.AbstractQueuedSynchronizer$ConditionObject.awaitNanos(AbstractQueuedSynchronizer.java:2078)
        at org.eclipse.jetty.util.BlockingArrayQueue.poll(BlockingArrayQueue.java:382)
        at org.eclipse.jetty.util.thread.QueuedThreadPool$Runner.idleJobPoll(QueuedThreadPool.java:974)
        at org.eclipse.jetty.util.thread.QueuedThreadPool$Runner.run(QueuedThreadPool.java:1018)
        at java.lang.Thread.run(Thread.java:750)
"IPC Server handler 9 on default port 35727" daemon prio=5 tid=96 timed_waiting
java.lang.Thread.State: TIMED_WAITING
        at sun.misc.Unsafe.park(Native Method)
        at java.util.concurrent.locks.LockSupport.parkNanos(LockSupport.java:215)
        at java.util.concurrent.locks.AbstractQueuedSynchronizer$ConditionObject.awaitNanos(AbstractQueuedSynchronizer.java:2078)
        at java.util.concurrent.LinkedBlockingQueue.poll(LinkedBlockingQueue.java:467)
        at org.apache.hadoop.ipc.CallQueueManager.take(CallQueueManager.java:317)
        at org.apache.hadoop.ipc.Server$Handler.run(Server.java:2942)
"ChunkReader-ELG-0" daemon prio=5 tid=359 runnable
java.lang.Thread.State: RUNNABLE
        at org.apache.ratis.thirdparty.io.netty.channel.epoll.Native.epollWait0(Native Method)
        at org.apache.ratis.thirdparty.io.netty.channel.epoll.Native.epollWait(Native.java:182)
        at org.apache.ratis.thirdparty.io.netty.channel.epoll.EpollEventLoop.epollWait(EpollEventLoop.java:290)
        at org.apache.ratis.thirdparty.io.netty.channel.epoll.EpollEventLoop.run(EpollEventLoop.java:354)
        at org.apache.ratis.thirdparty.io.netty.util.concurrent.SingleThreadEventExecutor$4.run(SingleThreadEventExecutor.java:995)
        at org.apache.ratis.thirdparty.io.netty.util.internal.ThreadExecutorMap$2.run(ThreadExecutorMap.java:74)
        at java.lang.Thread.run(Thread.java:750)
"qtp160371564-321" daemon prio=5 tid=321 timed_waiting
java.lang.Thread.State: TIMED_WAITING
        at sun.misc.Unsafe.park(Native Method)
        at java.util.concurrent.locks.LockSupport.parkNanos(LockSupport.java:215)
        at java.util.concurrent.locks.AbstractQueuedSynchronizer$ConditionObject.awaitNanos(AbstractQueuedSynchronizer.java:2078)
        at org.eclipse.jetty.util.BlockingArrayQueue.poll(BlockingArrayQueue.java:382)
        at org.eclipse.jetty.util.thread.QueuedThreadPool$Runner.idleJobPoll(QueuedThreadPool.java:974)
        at org.eclipse.jetty.util.thread.QueuedThreadPool$Runner.run(QueuedThreadPool.java:1018)
        at java.lang.Thread.run(Thread.java:750)
"Datanode ReportManager Thread - 1" daemon prio=5 tid=223 in Object.wait()
java.lang.Thread.State: WAITING (on object monitor)
        at sun.misc.Unsafe.park(Native Method)
        at java.util.concurrent.locks.LockSupport.park(LockSupport.java:175)
        at java.util.concurrent.locks.AbstractQueuedSynchronizer$ConditionObject.await(AbstractQueuedSynchronizer.java:2039)
        at java.util.concurrent.ScheduledThreadPoolExecutor$DelayedWorkQueue.take(ScheduledThreadPoolExecutor.java:1088)
        at java.util.concurrent.ScheduledThreadPoolExecutor$DelayedWorkQueue.take(ScheduledThreadPoolExecutor.java:809)
        at java.util.concurrent.ThreadPoolExecutor.getTask(ThreadPoolExecutor.java:1074)
        at java.util.concurrent.ThreadPoolExecutor.runWorker(ThreadPoolExecutor.java:1134)
        at java.util.concurrent.ThreadPoolExecutor$Worker.run(ThreadPoolExecutor.java:624)
        at java.lang.Thread.run(Thread.java:750)
"IPC Server handler 3 on default port 45563" daemon prio=5 tid=157 timed_waiting
java.lang.Thread.State: TIMED_WAITING
        at sun.misc.Unsafe.park(Native Method)
        at java.util.concurrent.locks.LockSupport.parkNanos(LockSupport.java:215)
        at java.util.concurrent.locks.AbstractQueuedSynchronizer$ConditionObject.awaitNanos(AbstractQueuedSynchronizer.java:2078)
        at java.util.concurrent.LinkedBlockingQueue.poll(LinkedBlockingQueue.java:467)
        at org.apache.hadoop.ipc.CallQueueManager.take(CallQueueManager.java:317)
        at org.apache.hadoop.ipc.Server$Handler.run(Server.java:2942)
"qtp160371564-317-acceptor-0@765fc82d-ServerConnector@131fafba{HTTP/1.1, (http/1.1)}{0.0.0.0:38229}" daemon prio=3 tid=317 runnable
java.lang.Thread.State: RUNNABLE
        at sun.nio.ch.ServerSocketChannelImpl.accept0(Native Method)
        at sun.nio.ch.ServerSocketChannelImpl.accept(ServerSocketChannelImpl.java:421)
        at sun.nio.ch.ServerSocketChannelImpl.accept(ServerSocketChannelImpl.java:249)
        at org.eclipse.jetty.server.ServerConnector.accept(ServerConnector.java:388)
        at org.eclipse.jetty.server.AbstractConnector$Acceptor.run(AbstractConnector.java:704)
        at org.eclipse.jetty.util.thread.QueuedThreadPool.runJob(QueuedThreadPool.java:883)
        at org.eclipse.jetty.util.thread.QueuedThreadPool$Runner.run(QueuedThreadPool.java:1034)
        at java.lang.Thread.run(Thread.java:750)
"IPC Server handler 8 on default port 40715" daemon prio=5 tid=75 timed_waiting
java.lang.Thread.State: TIMED_WAITING
        at sun.misc.Unsafe.park(Native Method)
        at java.util.concurrent.locks.LockSupport.parkNanos(LockSupport.java:215)
        at java.util.concurrent.locks.AbstractQueuedSynchronizer$ConditionObject.awaitNanos(AbstractQueuedSynchronizer.java:2078)
        at java.util.concurrent.LinkedBlockingQueue.poll(LinkedBlockingQueue.java:467)
        at org.apache.hadoop.ipc.CallQueueManager.take(CallQueueManager.java:317)
        at org.apache.hadoop.ipc.Server$Handler.run(Server.java:2942)
"Datanode ReportManager Thread - 4" daemon prio=5 tid=445 timed_waiting
java.lang.Thread.State: TIMED_WAITING
        at sun.misc.Unsafe.park(Native Method)
        at java.util.concurrent.locks.LockSupport.parkNanos(LockSupport.java:215)
        at java.util.concurrent.locks.AbstractQueuedSynchronizer$ConditionObject.awaitNanos(AbstractQueuedSynchronizer.java:2078)
        at java.util.concurrent.ScheduledThreadPoolExecutor$DelayedWorkQueue.take(ScheduledThreadPoolExecutor.java:1093)
        at java.util.concurrent.ScheduledThreadPoolExecutor$DelayedWorkQueue.take(ScheduledThreadPoolExecutor.java:809)
        at java.util.concurrent.ThreadPoolExecutor.getTask(ThreadPoolExecutor.java:1074)
        at java.util.concurrent.ThreadPoolExecutor.runWorker(ThreadPoolExecutor.java:1134)
        at java.util.concurrent.ThreadPoolExecutor$Worker.run(ThreadPoolExecutor.java:624)
        at java.lang.Thread.run(Thread.java:750)
"org.apache.hadoop.ozone.container.common.statemachine.commandhandler.DeleteBlocksCommandHandler$DeleteCmdWorker@aa1bb72" daemon prio=5 tid=379 timed_waiting
java.lang.Thread.State: TIMED_WAITING
        at java.lang.Thread.sleep(Native Method)
        at org.apache.hadoop.ozone.container.common.statemachine.commandhandler.DeleteBlocksCommandHandler$DeleteCmdWorker.run(DeleteBlocksCommandHandler.java:183)
        at java.lang.Thread.run(Thread.java:750)
"Command processor thread" daemon prio=5 tid=366 timed_waiting
java.lang.Thread.State: TIMED_WAITING
        at java.lang.Thread.sleep(Native Method)
        at org.apache.hadoop.ozone.container.common.statemachine.DatanodeStateMachine.lambda$initCommandHandlerThread$3(DatanodeStateMachine.java:641)
        at org.apache.hadoop.ozone.container.common.statemachine.DatanodeStateMachine$$Lambda$753/651253568.run(Unknown Source)
        at java.lang.Thread.run(Thread.java:750)
"6065ee46-1250-4f2d-bd18-fb99db464885@group-9F230E4DCB97-StateMachineUpdater" daemon prio=5 tid=645 timed_waiting
java.lang.Thread.State: TIMED_WAITING
        at sun.misc.Unsafe.park(Native Method)
        at java.util.concurrent.locks.LockSupport.parkNanos(LockSupport.java:215)
        at java.util.concurrent.CompletableFuture$Signaller.block(CompletableFuture.java:1709)
        at java.util.concurrent.ForkJoinPool.managedBlock(ForkJoinPool.java:3323)
        at java.util.concurrent.CompletableFuture.timedGet(CompletableFuture.java:1788)
        at java.util.concurrent.CompletableFuture.get(CompletableFuture.java:1928)
        at org.apache.ratis.util.AwaitForSignal.await(AwaitForSignal.java:56)
        at org.apache.ratis.server.impl.StateMachineUpdater.waitForCommit(StateMachineUpdater.java:207)
        at org.apache.ratis.server.impl.StateMachineUpdater.run(StateMachineUpdater.java:176)
        at java.lang.Thread.run(Thread.java:750)
"IPC Server handler 8 on default port 35727" daemon prio=5 tid=95 timed_waiting
java.lang.Thread.State: TIMED_WAITING
        at sun.misc.Unsafe.park(Native Method)
        at java.util.concurrent.locks.LockSupport.parkNanos(LockSupport.java:215)
        at java.util.concurrent.locks.AbstractQueuedSynchronizer$ConditionObject.awaitNanos(AbstractQueuedSynchronizer.java:2078)
        at java.util.concurrent.LinkedBlockingQueue.poll(LinkedBlockingQueue.java:467)
        at org.apache.hadoop.ipc.CallQueueManager.take(CallQueueManager.java:317)
        at org.apache.hadoop.ipc.Server$Handler.run(Server.java:2942)
"timer4" daemon prio=5 tid=713 timed_waiting
java.lang.Thread.State: TIMED_WAITING
        at java.lang.Object.wait(Native Method)
        at java.util.TimerThread.mainLoop(Timer.java:552)
        at java.util.TimerThread.run(Timer.java:505)
"ChunkReader-ELG-0" daemon prio=5 tid=435 runnable
java.lang.Thread.State: RUNNABLE
        at org.apache.ratis.thirdparty.io.netty.channel.epoll.Native.epollWait(Native Method)
        at org.apache.ratis.thirdparty.io.netty.channel.epoll.Native.epollWait(Native.java:209)
        at org.apache.ratis.thirdparty.io.netty.channel.epoll.Native.epollWait(Native.java:202)
        at org.apache.ratis.thirdparty.io.netty.channel.epoll.EpollEventLoop.epollWaitNoTimerChange(EpollEventLoop.java:294)
        at org.apache.ratis.thirdparty.io.netty.channel.epoll.EpollEventLoop.run(EpollEventLoop.java:351)
        at org.apache.ratis.thirdparty.io.netty.util.concurrent.SingleThreadEventExecutor$4.run(SingleThreadEventExecutor.java:995)
        at org.apache.ratis.thirdparty.io.netty.util.internal.ThreadExecutorMap$2.run(ThreadExecutorMap.java:74)
        at java.lang.Thread.run(Thread.java:750)
"qtp860364734-426" daemon prio=5 tid=426 timed_waiting
java.lang.Thread.State: TIMED_WAITING
        at sun.misc.Unsafe.park(Native Method)
        at java.util.concurrent.locks.LockSupport.parkNanos(LockSupport.java:215)
        at java.util.concurrent.locks.AbstractQueuedSynchronizer$ConditionObject.awaitNanos(AbstractQueuedSynchronizer.java:2078)
        at org.eclipse.jetty.util.BlockingArrayQueue.poll(BlockingArrayQueue.java:382)
        at org.eclipse.jetty.util.thread.QueuedThreadPool$Runner.idleJobPoll(QueuedThreadPool.java:974)
        at org.eclipse.jetty.util.thread.QueuedThreadPool$Runner.run(QueuedThreadPool.java:1018)
        at java.lang.Thread.run(Thread.java:750)
"StaleRecoveringContainerScrubbingService#0" daemon prio=5 tid=496 in Object.wait()
java.lang.Thread.State: WAITING (on object monitor)
        at sun.misc.Unsafe.park(Native Method)
        at java.util.concurrent.locks.LockSupport.park(LockSupport.java:175)
        at java.util.concurrent.locks.AbstractQueuedSynchronizer$ConditionObject.await(AbstractQueuedSynchronizer.java:2039)
        at java.util.concurrent.ScheduledThreadPoolExecutor$DelayedWorkQueue.take(ScheduledThreadPoolExecutor.java:1088)
        at java.util.concurrent.ScheduledThreadPoolExecutor$DelayedWorkQueue.take(ScheduledThreadPoolExecutor.java:809)
        at java.util.concurrent.ThreadPoolExecutor.getTask(ThreadPoolExecutor.java:1074)
        at java.util.concurrent.ThreadPoolExecutor.runWorker(ThreadPoolExecutor.java:1134)
        at java.util.concurrent.ThreadPoolExecutor$Worker.run(ThreadPoolExecutor.java:624)
        at java.lang.Thread.run(Thread.java:750)
"Datanode ReportManager Thread - 1" daemon prio=5 tid=301 timed_waiting
java.lang.Thread.State: TIMED_WAITING
        at sun.misc.Unsafe.park(Native Method)
        at java.util.concurrent.locks.LockSupport.parkNanos(LockSupport.java:215)
        at java.util.concurrent.locks.AbstractQueuedSynchronizer$ConditionObject.awaitNanos(AbstractQueuedSynchronizer.java:2078)
        at java.util.concurrent.ScheduledThreadPoolExecutor$DelayedWorkQueue.take(ScheduledThreadPoolExecutor.java:1093)
        at java.util.concurrent.ScheduledThreadPoolExecutor$DelayedWorkQueue.take(ScheduledThreadPoolExecutor.java:809)
        at java.util.concurrent.ThreadPoolExecutor.getTask(ThreadPoolExecutor.java:1074)
        at java.util.concurrent.ThreadPoolExecutor.runWorker(ThreadPoolExecutor.java:1134)
        at java.util.concurrent.ThreadPoolExecutor$Worker.run(ThreadPoolExecutor.java:624)
        at java.lang.Thread.run(Thread.java:750)
"Datanode ReportManager Thread - 3" daemon prio=5 tid=197 timed_waiting
java.lang.Thread.State: TIMED_WAITING
        at sun.misc.Unsafe.park(Native Method)
        at java.util.concurrent.locks.LockSupport.parkNanos(LockSupport.java:215)
        at java.util.concurrent.locks.AbstractQueuedSynchronizer$ConditionObject.awaitNanos(AbstractQueuedSynchronizer.java:2078)
        at java.util.concurrent.ScheduledThreadPoolExecutor$DelayedWorkQueue.take(ScheduledThreadPoolExecutor.java:1093)
        at java.util.concurrent.ScheduledThreadPoolExecutor$DelayedWorkQueue.take(ScheduledThreadPoolExecutor.java:809)
        at java.util.concurrent.ThreadPoolExecutor.getTask(ThreadPoolExecutor.java:1074)
        at java.util.concurrent.ThreadPoolExecutor.runWorker(ThreadPoolExecutor.java:1134)
        at java.util.concurrent.ThreadPoolExecutor$Worker.run(ThreadPoolExecutor.java:624)
        at java.lang.Thread.run(Thread.java:750)
"JvmPauseMonitor0" daemon prio=5 tid=139 timed_waiting
java.lang.Thread.State: TIMED_WAITING
        at java.lang.Thread.sleep(Native Method)
        at java.lang.Thread.sleep(Thread.java:342)
        at java.util.concurrent.TimeUnit.sleep(TimeUnit.java:386)
        at org.apache.ratis.util.TimeDuration.sleep(TimeDuration.java:325)
        at org.apache.ratis.util.TimeDuration.sleep(TimeDuration.java:310)
        at org.apache.ratis.util.JvmPauseMonitor.detectPause(JvmPauseMonitor.java:119)
        at org.apache.ratis.util.JvmPauseMonitor.run(JvmPauseMonitor.java:108)
        at org.apache.ratis.util.JvmPauseMonitor$$Lambda$706/668240146.run(Unknown Source)
        at java.lang.Thread.run(Thread.java:750)
"KeyDeletingService#0" daemon prio=5 tid=141 timed_waiting
java.lang.Thread.State: TIMED_WAITING
        at sun.misc.Unsafe.park(Native Method)
        at java.util.concurrent.locks.LockSupport.parkNanos(LockSupport.java:215)
        at java.util.concurrent.locks.AbstractQueuedSynchronizer$ConditionObject.awaitNanos(AbstractQueuedSynchronizer.java:2078)
        at java.util.concurrent.ScheduledThreadPoolExecutor$DelayedWorkQueue.take(ScheduledThreadPoolExecutor.java:1093)
        at java.util.concurrent.ScheduledThreadPoolExecutor$DelayedWorkQueue.take(ScheduledThreadPoolExecutor.java:809)
        at java.util.concurrent.ThreadPoolExecutor.getTask(ThreadPoolExecutor.java:1074)
        at java.util.concurrent.ThreadPoolExecutor.runWorker(ThreadPoolExecutor.java:1134)
        at java.util.concurrent.ThreadPoolExecutor$Worker.run(ThreadPoolExecutor.java:624)
        at java.lang.Thread.run(Thread.java:750)
"ChunkWriter-3-0" daemon prio=5 tid=535 in Object.wait()
java.lang.Thread.State: WAITING (on object monitor)
        at sun.misc.Unsafe.park(Native Method)
        at java.util.concurrent.locks.LockSupport.park(LockSupport.java:175)
        at java.util.concurrent.locks.AbstractQueuedSynchronizer$ConditionObject.await(AbstractQueuedSynchronizer.java:2039)
        at java.util.concurrent.LinkedBlockingDeque.takeFirst(LinkedBlockingDeque.java:492)
        at java.util.concurrent.LinkedBlockingDeque.take(LinkedBlockingDeque.java:680)
        at java.util.concurrent.ThreadPoolExecutor.getTask(ThreadPoolExecutor.java:1074)
        at java.util.concurrent.ThreadPoolExecutor.runWorker(ThreadPoolExecutor.java:1134)
        at java.util.concurrent.ThreadPoolExecutor$Worker.run(ThreadPoolExecutor.java:624)
        at java.lang.Thread.run(Thread.java:750)
"ChunkReader-1" daemon prio=5 tid=788 in Object.wait()
java.lang.Thread.State: WAITING (on object monitor)
        at sun.misc.Unsafe.park(Native Method)
        at java.util.concurrent.locks.LockSupport.park(LockSupport.java:175)
        at java.util.concurrent.locks.AbstractQueuedSynchronizer$ConditionObject.await(AbstractQueuedSynchronizer.java:2039)
        at java.util.concurrent.LinkedBlockingQueue.take(LinkedBlockingQueue.java:442)
        at java.util.concurrent.ThreadPoolExecutor.getTask(ThreadPoolExecutor.java:1074)
        at java.util.concurrent.ThreadPoolExecutor.runWorker(ThreadPoolExecutor.java:1134)
        at java.util.concurrent.ThreadPoolExecutor$Worker.run(ThreadPoolExecutor.java:624)
        at java.lang.Thread.run(Thread.java:750)
"om1-client-thread1" daemon prio=5 tid=747 timed_waiting
java.lang.Thread.State: TIMED_WAITING
        at sun.misc.Unsafe.park(Native Method)
        at java.util.concurrent.locks.LockSupport.parkNanos(LockSupport.java:215)
        at java.util.concurrent.SynchronousQueue$TransferStack.awaitFulfill(SynchronousQueue.java:460)
        at java.util.concurrent.SynchronousQueue$TransferStack.transfer(SynchronousQueue.java:362)
        at java.util.concurrent.SynchronousQueue.poll(SynchronousQueue.java:941)
        at java.util.concurrent.ThreadPoolExecutor.getTask(ThreadPoolExecutor.java:1073)
        at java.util.concurrent.ThreadPoolExecutor.runWorker(ThreadPoolExecutor.java:1134)
        at java.util.concurrent.ThreadPoolExecutor$Worker.run(ThreadPoolExecutor.java:624)
        at java.lang.Thread.run(Thread.java:750)
"StaleRecoveringContainerScrubbingService#0" daemon prio=5 tid=399 in Object.wait()
java.lang.Thread.State: WAITING (on object monitor)
        at sun.misc.Unsafe.park(Native Method)
        at java.util.concurrent.locks.LockSupport.park(LockSupport.java:175)
        at java.util.concurrent.locks.AbstractQueuedSynchronizer$ConditionObject.await(AbstractQueuedSynchronizer.java:2039)
        at java.util.concurrent.ScheduledThreadPoolExecutor$DelayedWorkQueue.take(ScheduledThreadPoolExecutor.java:1088)
        at java.util.concurrent.ScheduledThreadPoolExecutor$DelayedWorkQueue.take(ScheduledThreadPoolExecutor.java:809)
        at java.util.concurrent.ThreadPoolExecutor.getTask(ThreadPoolExecutor.java:1074)
        at java.util.concurrent.ThreadPoolExecutor.runWorker(ThreadPoolExecutor.java:1134)
        at java.util.concurrent.ThreadPoolExecutor$Worker.run(ThreadPoolExecutor.java:624)
        at java.lang.Thread.run(Thread.java:750)
"Datanode State Machine Task Thread - 0"  prio=5 tid=333 in Object.wait()
java.lang.Thread.State: WAITING (on object monitor)
        at sun.misc.Unsafe.park(Native Method)
        at java.util.concurrent.locks.LockSupport.park(LockSupport.java:175)
        at java.util.concurrent.locks.AbstractQueuedSynchronizer$ConditionObject.await(AbstractQueuedSynchronizer.java:2039)
        at java.util.concurrent.LinkedBlockingQueue.take(LinkedBlockingQueue.java:442)
        at java.util.concurrent.ThreadPoolExecutor.getTask(ThreadPoolExecutor.java:1074)
        at java.util.concurrent.ThreadPoolExecutor.runWorker(ThreadPoolExecutor.java:1134)
        at java.util.concurrent.ThreadPoolExecutor$Worker.run(ThreadPoolExecutor.java:624)
        at java.lang.Thread.run(Thread.java:750)
"ChunkReader-2" daemon prio=5 tid=796 in Object.wait()
java.lang.Thread.State: WAITING (on object monitor)
        at sun.misc.Unsafe.park(Native Method)
        at java.util.concurrent.locks.LockSupport.park(LockSupport.java:175)
        at java.util.concurrent.locks.AbstractQueuedSynchronizer$ConditionObject.await(AbstractQueuedSynchronizer.java:2039)
        at java.util.concurrent.LinkedBlockingQueue.take(LinkedBlockingQueue.java:442)
        at java.util.concurrent.ThreadPoolExecutor.getTask(ThreadPoolExecutor.java:1074)
        at java.util.concurrent.ThreadPoolExecutor.runWorker(ThreadPoolExecutor.java:1134)
        at java.util.concurrent.ThreadPoolExecutor$Worker.run(ThreadPoolExecutor.java:624)
        at java.lang.Thread.run(Thread.java:750)
"pool-273-thread-1"  prio=5 tid=418 timed_waiting
java.lang.Thread.State: TIMED_WAITING
        at sun.misc.Unsafe.park(Native Method)
        at java.util.concurrent.locks.LockSupport.parkNanos(LockSupport.java:215)
        at java.util.concurrent.locks.AbstractQueuedSynchronizer$ConditionObject.awaitNanos(AbstractQueuedSynchronizer.java:2078)
        at java.util.concurrent.ScheduledThreadPoolExecutor$DelayedWorkQueue.take(ScheduledThreadPoolExecutor.java:1093)
        at java.util.concurrent.ScheduledThreadPoolExecutor$DelayedWorkQueue.take(ScheduledThreadPoolExecutor.java:809)
        at java.util.concurrent.ThreadPoolExecutor.getTask(ThreadPoolExecutor.java:1074)
        at java.util.concurrent.ThreadPoolExecutor.runWorker(ThreadPoolExecutor.java:1134)
        at java.util.concurrent.ThreadPoolExecutor$Worker.run(ThreadPoolExecutor.java:624)
        at java.lang.Thread.run(Thread.java:750)
"qtp602120831-111-acceptor-0@21c4fdfe-ServerConnector@4a3404fa{HTTP/1.1, (http/1.1)}{0.0.0.0:45399}" daemon prio=3 tid=111 runnable
java.lang.Thread.State: RUNNABLE
        at sun.nio.ch.ServerSocketChannelImpl.accept0(Native Method)
        at sun.nio.ch.ServerSocketChannelImpl.accept(ServerSocketChannelImpl.java:421)
        at sun.nio.ch.ServerSocketChannelImpl.accept(ServerSocketChannelImpl.java:249)
        at org.eclipse.jetty.server.ServerConnector.accept(ServerConnector.java:388)
        at org.eclipse.jetty.server.AbstractConnector$Acceptor.run(AbstractConnector.java:704)
        at org.eclipse.jetty.util.thread.QueuedThreadPool.runJob(QueuedThreadPool.java:883)
        at org.eclipse.jetty.util.thread.QueuedThreadPool$Runner.run(QueuedThreadPool.java:1034)
        at java.lang.Thread.run(Thread.java:750)
"Datanode ReportManager Thread - 0" daemon prio=5 tid=222 in Object.wait()
java.lang.Thread.State: WAITING (on object monitor)
        at sun.misc.Unsafe.park(Native Method)
        at java.util.concurrent.locks.LockSupport.park(LockSupport.java:175)
        at java.util.concurrent.locks.AbstractQueuedSynchronizer$ConditionObject.await(AbstractQueuedSynchronizer.java:2039)
        at java.util.concurrent.ScheduledThreadPoolExecutor$DelayedWorkQueue.take(ScheduledThreadPoolExecutor.java:1088)
        at java.util.concurrent.ScheduledThreadPoolExecutor$DelayedWorkQueue.take(ScheduledThreadPoolExecutor.java:809)
        at java.util.concurrent.ThreadPoolExecutor.getTask(ThreadPoolExecutor.java:1074)
        at java.util.concurrent.ThreadPoolExecutor.runWorker(ThreadPoolExecutor.java:1134)
        at java.util.concurrent.ThreadPoolExecutor$Worker.run(ThreadPoolExecutor.java:624)
        at java.lang.Thread.run(Thread.java:750)
"qtp1531438298-295" daemon prio=5 tid=295 timed_waiting
java.lang.Thread.State: TIMED_WAITING
        at sun.misc.Unsafe.park(Native Method)
        at java.util.concurrent.locks.LockSupport.parkNanos(LockSupport.java:215)
        at java.util.concurrent.locks.AbstractQueuedSynchronizer$ConditionObject.awaitNanos(AbstractQueuedSynchronizer.java:2078)
        at org.eclipse.jetty.util.BlockingArrayQueue.poll(BlockingArrayQueue.java:382)
        at org.eclipse.jetty.util.thread.QueuedThreadPool$Runner.idleJobPoll(QueuedThreadPool.java:974)
        at org.eclipse.jetty.util.thread.QueuedThreadPool$Runner.run(QueuedThreadPool.java:1018)
        at java.lang.Thread.run(Thread.java:750)
"qtp326207642-191" daemon prio=5 tid=191 timed_waiting
java.lang.Thread.State: TIMED_WAITING
        at sun.misc.Unsafe.park(Native Method)
        at java.util.concurrent.locks.LockSupport.parkNanos(LockSupport.java:215)
        at java.util.concurrent.locks.AbstractQueuedSynchronizer$ConditionObject.awaitNanos(AbstractQueuedSynchronizer.java:2078)
        at org.eclipse.jetty.util.BlockingArrayQueue.poll(BlockingArrayQueue.java:382)
        at org.eclipse.jetty.util.thread.QueuedThreadPool$Runner.idleJobPoll(QueuedThreadPool.java:974)
        at org.eclipse.jetty.util.thread.QueuedThreadPool$Runner.run(QueuedThreadPool.java:1018)
        at java.lang.Thread.run(Thread.java:750)
"qtp457009334-464" daemon prio=5 tid=464 timed_waiting
java.lang.Thread.State: TIMED_WAITING
        at sun.misc.Unsafe.park(Native Method)
        at java.util.concurrent.locks.LockSupport.parkNanos(LockSupport.java:215)
        at java.util.concurrent.locks.AbstractQueuedSynchronizer$ConditionObject.awaitNanos(AbstractQueuedSynchronizer.java:2078)
        at org.eclipse.jetty.util.BlockingArrayQueue.poll(BlockingArrayQueue.java:382)
        at org.eclipse.jetty.util.thread.QueuedThreadPool$Runner.idleJobPoll(QueuedThreadPool.java:974)
        at org.eclipse.jetty.util.thread.QueuedThreadPool$Runner.run(QueuedThreadPool.java:1018)
        at java.lang.Thread.run(Thread.java:750)
"2369a186-4f78-4e7b-885b-53a729611fd8@group-8513DF5B1E68-SegmentedRaftLogWorker"  prio=5 tid=640 timed_waiting
java.lang.Thread.State: TIMED_WAITING
        at sun.misc.Unsafe.park(Native Method)
        at java.util.concurrent.locks.LockSupport.parkNanos(LockSupport.java:215)
        at java.util.concurrent.locks.AbstractQueuedSynchronizer$ConditionObject.awaitNanos(AbstractQueuedSynchronizer.java:2078)
        at org.apache.ratis.util.DataBlockingQueue.poll(DataBlockingQueue.java:148)
        at org.apache.ratis.server.raftlog.segmented.SegmentedRaftLogWorker.run(SegmentedRaftLogWorker.java:310)
        at org.apache.ratis.server.raftlog.segmented.SegmentedRaftLogWorker$$Lambda$665/2146560083.run(Unknown Source)
        at java.lang.Thread.run(Thread.java:750)
"qtp860364734-422" daemon prio=5 tid=422 timed_waiting
java.lang.Thread.State: TIMED_WAITING
        at sun.misc.Unsafe.park(Native Method)
        at java.util.concurrent.locks.LockSupport.parkNanos(LockSupport.java:215)
        at java.util.concurrent.locks.AbstractQueuedSynchronizer$ConditionObject.awaitNanos(AbstractQueuedSynchronizer.java:2078)
        at org.eclipse.jetty.util.BlockingArrayQueue.poll(BlockingArrayQueue.java:382)
        at org.eclipse.jetty.util.thread.QueuedThreadPool$Runner.idleJobPoll(QueuedThreadPool.java:974)
        at org.eclipse.jetty.util.thread.QueuedThreadPool$Runner.run(QueuedThreadPool.java:1018)
        at java.lang.Thread.run(Thread.java:750)
"IPC Server handler 12 on default port 45563" daemon prio=5 tid=166 timed_waiting
java.lang.Thread.State: TIMED_WAITING
        at sun.misc.Unsafe.park(Native Method)
        at java.util.concurrent.locks.LockSupport.parkNanos(LockSupport.java:215)
        at java.util.concurrent.locks.AbstractQueuedSynchronizer$ConditionObject.awaitNanos(AbstractQueuedSynchronizer.java:2078)
        at java.util.concurrent.LinkedBlockingQueue.poll(LinkedBlockingQueue.java:467)
        at org.apache.hadoop.ipc.CallQueueManager.take(CallQueueManager.java:317)
        at org.apache.hadoop.ipc.Server$Handler.run(Server.java:2942)
"IPC Server handler 14 on default port 42009" daemon prio=5 tid=61 timed_waiting
java.lang.Thread.State: TIMED_WAITING
        at sun.misc.Unsafe.park(Native Method)
        at java.util.concurrent.locks.LockSupport.parkNanos(LockSupport.java:215)
        at java.util.concurrent.locks.AbstractQueuedSynchronizer$ConditionObject.awaitNanos(AbstractQueuedSynchronizer.java:2078)
        at java.util.concurrent.LinkedBlockingQueue.poll(LinkedBlockingQueue.java:467)
        at org.apache.hadoop.ipc.CallQueueManager.take(CallQueueManager.java:317)
        at org.apache.hadoop.ipc.Server$Handler.run(Server.java:2942)
"BlockDeletingService#2" daemon prio=5 tid=901 in Object.wait()
java.lang.Thread.State: WAITING (on object monitor)
        at sun.misc.Unsafe.park(Native Method)
        at java.util.concurrent.locks.LockSupport.park(LockSupport.java:175)
        at java.util.concurrent.locks.AbstractQueuedSynchronizer$ConditionObject.await(AbstractQueuedSynchronizer.java:2039)
        at java.util.concurrent.ScheduledThreadPoolExecutor$DelayedWorkQueue.take(ScheduledThreadPoolExecutor.java:1088)
        at java.util.concurrent.ScheduledThreadPoolExecutor$DelayedWorkQueue.take(ScheduledThreadPoolExecutor.java:809)
        at java.util.concurrent.ThreadPoolExecutor.getTask(ThreadPoolExecutor.java:1074)
        at java.util.concurrent.ThreadPoolExecutor.runWorker(ThreadPoolExecutor.java:1134)
        at java.util.concurrent.ThreadPoolExecutor$Worker.run(ThreadPoolExecutor.java:624)
        at java.lang.Thread.run(Thread.java:750)
"b6bbe4ab-2937-401d-96b4-8acfa82ea187@group-07838B844681-LeaderStateImpl" daemon prio=5 tid=814 timed_waiting
java.lang.Thread.State: TIMED_WAITING
        at sun.misc.Unsafe.park(Native Method)
        at java.util.concurrent.locks.LockSupport.parkNanos(LockSupport.java:215)
        at java.util.concurrent.locks.AbstractQueuedSynchronizer$ConditionObject.awaitNanos(AbstractQueuedSynchronizer.java:2078)
        at java.util.concurrent.ArrayBlockingQueue.poll(ArrayBlockingQueue.java:418)
        at org.apache.ratis.server.impl.LeaderStateImpl$EventQueue.poll(LeaderStateImpl.java:159)
        at org.apache.ratis.server.impl.LeaderStateImpl$EventProcessor.run(LeaderStateImpl.java:630)
"b412bf4c-8645-4ac9-920f-94e6c323f92a@group-66FEC34252F7-LeaderStateImpl" daemon prio=5 tid=808 timed_waiting
java.lang.Thread.State: TIMED_WAITING
        at sun.misc.Unsafe.park(Native Method)
        at java.util.concurrent.locks.LockSupport.parkNanos(LockSupport.java:215)
        at java.util.concurrent.locks.AbstractQueuedSynchronizer$ConditionObject.awaitNanos(AbstractQueuedSynchronizer.java:2078)
        at java.util.concurrent.ArrayBlockingQueue.poll(ArrayBlockingQueue.java:418)
        at org.apache.ratis.server.impl.LeaderStateImpl$EventQueue.poll(LeaderStateImpl.java:159)
        at org.apache.ratis.server.impl.LeaderStateImpl$EventProcessor.run(LeaderStateImpl.java:630)
"IPC Server handler 19 on default port 40715" daemon prio=5 tid=86 timed_waiting
java.lang.Thread.State: TIMED_WAITING
        at sun.misc.Unsafe.park(Native Method)
        at java.util.concurrent.locks.LockSupport.parkNanos(LockSupport.java:215)
        at java.util.concurrent.locks.AbstractQueuedSynchronizer$ConditionObject.awaitNanos(AbstractQueuedSynchronizer.java:2078)
        at java.util.concurrent.LinkedBlockingQueue.poll(LinkedBlockingQueue.java:467)
        at org.apache.hadoop.ipc.CallQueueManager.take(CallQueueManager.java:317)
        at org.apache.hadoop.ipc.Server$Handler.run(Server.java:2942)
"IPC Server idle connection scanner for port 40715" daemon prio=5 tid=29 timed_waiting
java.lang.Thread.State: TIMED_WAITING
        at java.lang.Object.wait(Native Method)
        at java.util.TimerThread.mainLoop(Timer.java:552)
        at java.util.TimerThread.run(Timer.java:505)
"Datanode State Machine Task Thread - 0"  prio=5 tid=486 in Object.wait()
java.lang.Thread.State: WAITING (on object monitor)
        at sun.misc.Unsafe.park(Native Method)
        at java.util.concurrent.locks.LockSupport.park(LockSupport.java:175)
        at java.util.concurrent.locks.AbstractQueuedSynchronizer$ConditionObject.await(AbstractQueuedSynchronizer.java:2039)
        at java.util.concurrent.LinkedBlockingQueue.take(LinkedBlockingQueue.java:442)
        at java.util.concurrent.ThreadPoolExecutor.getTask(ThreadPoolExecutor.java:1074)
        at java.util.concurrent.ThreadPoolExecutor.runWorker(ThreadPoolExecutor.java:1134)
        at java.util.concurrent.ThreadPoolExecutor$Worker.run(ThreadPoolExecutor.java:624)
        at java.lang.Thread.run(Thread.java:750)
"BlockDeletingService#2" daemon prio=5 tid=906 in Object.wait()
java.lang.Thread.State: WAITING (on object monitor)
        at sun.misc.Unsafe.park(Native Method)
        at java.util.concurrent.locks.LockSupport.park(LockSupport.java:175)
        at java.util.concurrent.locks.AbstractQueuedSynchronizer$ConditionObject.await(AbstractQueuedSynchronizer.java:2039)
        at java.util.concurrent.ScheduledThreadPoolExecutor$DelayedWorkQueue.take(ScheduledThreadPoolExecutor.java:1088)
        at java.util.concurrent.ScheduledThreadPoolExecutor$DelayedWorkQueue.take(ScheduledThreadPoolExecutor.java:809)
        at java.util.concurrent.ThreadPoolExecutor.getTask(ThreadPoolExecutor.java:1074)
        at java.util.concurrent.ThreadPoolExecutor.runWorker(ThreadPoolExecutor.java:1134)
        at java.util.concurrent.ThreadPoolExecutor$Worker.run(ThreadPoolExecutor.java:624)
        at java.lang.Thread.run(Thread.java:750)
"8d7ec919-acd2-4b88-a99a-dd9f5739b33b@group-BEB6889659DA-StateMachineUpdater" daemon prio=5 tid=603 timed_waiting
java.lang.Thread.State: TIMED_WAITING
        at sun.misc.Unsafe.park(Native Method)
        at java.util.concurrent.locks.LockSupport.parkNanos(LockSupport.java:215)
        at java.util.concurrent.CompletableFuture$Signaller.block(CompletableFuture.java:1709)
        at java.util.concurrent.ForkJoinPool.managedBlock(ForkJoinPool.java:3323)
        at java.util.concurrent.CompletableFuture.timedGet(CompletableFuture.java:1788)
        at java.util.concurrent.CompletableFuture.get(CompletableFuture.java:1928)
        at org.apache.ratis.util.AwaitForSignal.await(AwaitForSignal.java:56)
        at org.apache.ratis.server.impl.StateMachineUpdater.waitForCommit(StateMachineUpdater.java:207)
        at org.apache.ratis.server.impl.StateMachineUpdater.run(StateMachineUpdater.java:176)
        at java.lang.Thread.run(Thread.java:750)
"qtp1646881279-241" daemon prio=5 tid=241 timed_waiting
java.lang.Thread.State: TIMED_WAITING
        at sun.misc.Unsafe.park(Native Method)
        at java.util.concurrent.locks.LockSupport.parkNanos(LockSupport.java:215)
        at java.util.concurrent.locks.AbstractQueuedSynchronizer$ConditionObject.awaitNanos(AbstractQueuedSynchronizer.java:2078)
        at org.eclipse.jetty.util.BlockingArrayQueue.poll(BlockingArrayQueue.java:382)
        at org.eclipse.jetty.util.thread.QueuedThreadPool$Runner.idleJobPoll(QueuedThreadPool.java:974)
        at org.eclipse.jetty.util.thread.QueuedThreadPool$Runner.run(QueuedThreadPool.java:1018)
        at java.lang.Thread.run(Thread.java:750)
"EventQueue-NodeRegistrationContainerReportForContainerSafeModeRule" daemon prio=5 tid=513 in Object.wait()
java.lang.Thread.State: WAITING (on object monitor)
        at sun.misc.Unsafe.park(Native Method)
        at java.util.concurrent.locks.LockSupport.park(LockSupport.java:175)
        at java.util.concurrent.locks.AbstractQueuedSynchronizer$ConditionObject.await(AbstractQueuedSynchronizer.java:2039)
        at java.util.concurrent.LinkedBlockingQueue.take(LinkedBlockingQueue.java:442)
        at java.util.concurrent.ThreadPoolExecutor.getTask(ThreadPoolExecutor.java:1074)
        at java.util.concurrent.ThreadPoolExecutor.runWorker(ThreadPoolExecutor.java:1134)
        at java.util.concurrent.ThreadPoolExecutor$Worker.run(ThreadPoolExecutor.java:624)
        at java.lang.Thread.run(Thread.java:750)
"qtp457009334-458-acceptor-0@669eb4af-ServerConnector@78a724c3{HTTP/1.1, (http/1.1)}{0.0.0.0:40145}" daemon prio=3 tid=458 runnable
java.lang.Thread.State: RUNNABLE
        at sun.nio.ch.ServerSocketChannelImpl.accept0(Native Method)
        at sun.nio.ch.ServerSocketChannelImpl.accept(ServerSocketChannelImpl.java:421)
        at sun.nio.ch.ServerSocketChannelImpl.accept(ServerSocketChannelImpl.java:249)
        at org.eclipse.jetty.server.ServerConnector.accept(ServerConnector.java:388)
        at org.eclipse.jetty.server.AbstractConnector$Acceptor.run(AbstractConnector.java:704)
        at org.eclipse.jetty.util.thread.QueuedThreadPool.runJob(QueuedThreadPool.java:883)
        at org.eclipse.jetty.util.thread.QueuedThreadPool$Runner.run(QueuedThreadPool.java:1034)
        at java.lang.Thread.run(Thread.java:750)
"ChunkReader-1" daemon prio=5 tid=786 in Object.wait()
java.lang.Thread.State: WAITING (on object monitor)
        at sun.misc.Unsafe.park(Native Method)
        at java.util.concurrent.locks.LockSupport.park(LockSupport.java:175)
        at java.util.concurrent.locks.AbstractQueuedSynchronizer$ConditionObject.await(AbstractQueuedSynchronizer.java:2039)
        at java.util.concurrent.LinkedBlockingQueue.take(LinkedBlockingQueue.java:442)
        at java.util.concurrent.ThreadPoolExecutor.getTask(ThreadPoolExecutor.java:1074)
        at java.util.concurrent.ThreadPoolExecutor.runWorker(ThreadPoolExecutor.java:1134)
        at java.util.concurrent.ThreadPoolExecutor$Worker.run(ThreadPoolExecutor.java:624)
        at java.lang.Thread.run(Thread.java:750)
"IPC Server handler 15 on default port 45563" daemon prio=5 tid=169 timed_waiting
java.lang.Thread.State: TIMED_WAITING
        at sun.misc.Unsafe.park(Native Method)
        at java.util.concurrent.locks.LockSupport.parkNanos(LockSupport.java:215)
        at java.util.concurrent.locks.AbstractQueuedSynchronizer$ConditionObject.awaitNanos(AbstractQueuedSynchronizer.java:2078)
        at java.util.concurrent.LinkedBlockingQueue.poll(LinkedBlockingQueue.java:467)
        at org.apache.hadoop.ipc.CallQueueManager.take(CallQueueManager.java:317)
        at org.apache.hadoop.ipc.Server$Handler.run(Server.java:2942)
"IPC Parameter Sending Thread #0" daemon prio=5 tid=123 timed_waiting
java.lang.Thread.State: TIMED_WAITING
        at sun.misc.Unsafe.park(Native Method)
        at java.util.concurrent.locks.LockSupport.parkNanos(LockSupport.java:215)
        at java.util.concurrent.SynchronousQueue$TransferStack.awaitFulfill(SynchronousQueue.java:460)
        at java.util.concurrent.SynchronousQueue$TransferStack.transfer(SynchronousQueue.java:362)
        at java.util.concurrent.SynchronousQueue.poll(SynchronousQueue.java:941)
        at java.util.concurrent.ThreadPoolExecutor.getTask(ThreadPoolExecutor.java:1073)
        at java.util.concurrent.ThreadPoolExecutor.runWorker(ThreadPoolExecutor.java:1134)
        at java.util.concurrent.ThreadPoolExecutor$Worker.run(ThreadPoolExecutor.java:624)
        at java.lang.Thread.run(Thread.java:750)


	at org.apache.ozone.test.GenericTestUtils.waitFor(GenericTestUtils.java:224)
	at org.apache.hadoop.ozone.container.TestECContainerRecovery.waitForContainerCount(TestECContainerRecovery.java:265)
	at org.apache.hadoop.ozone.container.TestECContainerRecovery.testContainerRecoveryOverReplicationProcessing(TestECContainerRecovery.java:209)
	at sun.reflect.NativeMethodAccessorImpl.invoke0(Native Method)
	at sun.reflect.NativeMethodAccessorImpl.invoke(NativeMethodAccessorImpl.java:62)
	at sun.reflect.DelegatingMethodAccessorImpl.invoke(DelegatingMethodAccessorImpl.java:43)
	at java.lang.reflect.Method.invoke(Method.java:498)
	at org.junit.platform.commons.util.ReflectionUtils.invokeMethod(ReflectionUtils.java:725)
	at org.junit.jupiter.engine.execution.MethodInvocation.proceed(MethodInvocation.java:60)
	at org.junit.jupiter.engine.execution.InvocationInterceptorChain$ValidatingInvocation.proceed(InvocationInterceptorChain.java:131)
	at org.junit.jupiter.engine.extension.TimeoutExtension.intercept(TimeoutExtension.java:149)
	at org.junit.jupiter.engine.extension.TimeoutExtension.interceptTestableMethod(TimeoutExtension.java:140)
	at org.junit.jupiter.engine.extension.TimeoutExtension.interceptTestMethod(TimeoutExtension.java:84)
	at org.junit.jupiter.engine.execution.ExecutableInvoker$ReflectiveInterceptorCall.lambda$ofVoidMethod$0(ExecutableInvoker.java:115)
	at org.junit.jupiter.engine.execution.ExecutableInvoker.lambda$invoke$0(ExecutableInvoker.java:105)
	at org.junit.jupiter.engine.execution.InvocationInterceptorChain$InterceptedInvocation.proceed(InvocationInterceptorChain.java:106)
	at org.junit.jupiter.engine.execution.InvocationInterceptorChain.proceed(InvocationInterceptorChain.java:64)
	at org.junit.jupiter.engine.execution.InvocationInterceptorChain.chainAndInvoke(InvocationInterceptorChain.java:45)
	at org.junit.jupiter.engine.execution.InvocationInterceptorChain.invoke(InvocationInterceptorChain.java:37)
	at org.junit.jupiter.engine.execution.ExecutableInvoker.invoke(ExecutableInvoker.java:104)
	at org.junit.jupiter.engine.execution.ExecutableInvoker.invoke(ExecutableInvoker.java:98)
	at org.junit.jupiter.engine.descriptor.TestMethodTestDescriptor.lambda$invokeTestMethod$7(TestMethodTestDescriptor.java:214)
	at org.junit.platform.engine.support.hierarchical.ThrowableCollector.execute(ThrowableCollector.java:73)
	at org.junit.jupiter.engine.descriptor.TestMethodTestDescriptor.invokeTestMethod(TestMethodTestDescriptor.java:210)
	at org.junit.jupiter.engine.descriptor.TestMethodTestDescriptor.execute(TestMethodTestDescriptor.java:135)
	at org.junit.jupiter.engine.descriptor.TestMethodTestDescriptor.execute(TestMethodTestDescriptor.java:66)
	at org.junit.platform.engine.support.hierarchical.NodeTestTask.lambda$executeRecursively$6(NodeTestTask.java:151)
	at org.junit.platform.engine.support.hierarchical.ThrowableCollector.execute(ThrowableCollector.java:73)
	at org.junit.platform.engine.support.hierarchical.NodeTestTask.lambda$executeRecursively$8(NodeTestTask.java:141)
	at org.junit.platform.engine.support.hierarchical.Node.around(Node.java:137)
	at org.junit.platform.engine.support.hierarchical.NodeTestTask.lambda$executeRecursively$9(NodeTestTask.java:139)
	at org.junit.platform.engine.support.hierarchical.ThrowableCollector.execute(ThrowableCollector.java:73)
	at org.junit.platform.engine.support.hierarchical.NodeTestTask.executeRecursively(NodeTestTask.java:138)
	at org.junit.platform.engine.support.hierarchical.NodeTestTask.execute(NodeTestTask.java:95)
	at java.util.ArrayList.forEach(ArrayList.java:1259)
	at org.junit.platform.engine.support.hierarchical.SameThreadHierarchicalTestExecutorService.invokeAll(SameThreadHierarchicalTestExecutorService.java:41)
	at org.junit.platform.engine.support.hierarchical.NodeTestTask.lambda$executeRecursively$6(NodeTestTask.java:155)
	at org.junit.platform.engine.support.hierarchical.ThrowableCollector.execute(ThrowableCollector.java:73)
	at org.junit.platform.engine.support.hierarchical.NodeTestTask.lambda$executeRecursively$8(NodeTestTask.java:141)
	at org.junit.platform.engine.support.hierarchical.Node.around(Node.java:137)
	at org.junit.platform.engine.support.hierarchical.NodeTestTask.lambda$executeRecursively$9(NodeTestTask.java:139)
	at org.junit.platform.engine.support.hierarchical.ThrowableCollector.execute(ThrowableCollector.java:73)
	at org.junit.platform.engine.support.hierarchical.NodeTestTask.executeRecursively(NodeTestTask.java:138)
	at org.junit.platform.engine.support.hierarchical.NodeTestTask.execute(NodeTestTask.java:95)
	at java.util.ArrayList.forEach(ArrayList.java:1259)
	at org.junit.platform.engine.support.hierarchical.SameThreadHierarchicalTestExecutorService.invokeAll(SameThreadHierarchicalTestExecutorService.java:41)
	at org.junit.platform.engine.support.hierarchical.NodeTestTask.lambda$executeRecursively$6(NodeTestTask.java:155)
	at org.junit.platform.engine.support.hierarchical.ThrowableCollector.execute(ThrowableCollector.java:73)
	at org.junit.platform.engine.support.hierarchical.NodeTestTask.lambda$executeRecursively$8(NodeTestTask.java:141)
	at org.junit.platform.engine.support.hierarchical.Node.around(Node.java:137)
	at org.junit.platform.engine.support.hierarchical.NodeTestTask.lambda$executeRecursively$9(NodeTestTask.java:139)
	at org.junit.platform.engine.support.hierarchical.ThrowableCollector.execute(ThrowableCollector.java:73)
	at org.junit.platform.engine.support.hierarchical.NodeTestTask.executeRecursively(NodeTestTask.java:138)
	at org.junit.platform.engine.support.hierarchical.NodeTestTask.execute(NodeTestTask.java:95)
	at org.junit.platform.engine.support.hierarchical.SameThreadHierarchicalTestExecutorService.submit(SameThreadHierarchicalTestExecutorService.java:35)
	at org.junit.platform.engine.support.hierarchical.HierarchicalTestExecutor.execute(HierarchicalTestExecutor.java:57)
	at org.junit.platform.engine.support.hierarchical.HierarchicalTestEngine.execute(HierarchicalTestEngine.java:54)
	at org.junit.platform.launcher.core.EngineExecutionOrchestrator.execute(EngineExecutionOrchestrator.java:107)
	at org.junit.platform.launcher.core.EngineExecutionOrchestrator.execute(EngineExecutionOrchestrator.java:88)
	at org.junit.platform.launcher.core.EngineExecutionOrchestrator.lambda$execute$0(EngineExecutionOrchestrator.java:54)
	at org.junit.platform.launcher.core.EngineExecutionOrchestrator.withInterceptedStreams(EngineExecutionOrchestrator.java:67)
	at org.junit.platform.launcher.core.EngineExecutionOrchestrator.execute(EngineExecutionOrchestrator.java:52)
	at org.junit.platform.launcher.core.DefaultLauncher.execute(DefaultLauncher.java:114)
	at org.junit.platform.launcher.core.DefaultLauncher.execute(DefaultLauncher.java:86)
	at org.junit.platform.launcher.core.DefaultLauncherSession$DelegatingLauncher.execute(DefaultLauncherSession.java:86)
	at org.junit.platform.launcher.core.SessionPerRequestLauncher.execute(SessionPerRequestLauncher.java:53)
	at org.apache.maven.surefire.junitplatform.JUnitPlatformProvider.execute(JUnitPlatformProvider.java:188)
	at org.apache.maven.surefire.junitplatform.JUnitPlatformProvider.invokeAllTests(JUnitPlatformProvider.java:154)
	at org.apache.maven.surefire.junitplatform.JUnitPlatformProvider.invoke(JUnitPlatformProvider.java:124)
	at org.apache.maven.surefire.booter.ForkedBooter.runSuitesInProcess(ForkedBooter.java:428)
	at org.apache.maven.surefire.booter.ForkedBooter.execute(ForkedBooter.java:162)
	at org.apache.maven.surefire.booter.ForkedBooter.run(ForkedBooter.java:562)
	at org.apache.maven.surefire.booter.ForkedBooter.main(ForkedBooter.java:548)
]]></error>
    <system-out><![CDATA[2022-11-03 16:01:02,953 [main] WARN  server.ServerUtils (ServerUtils.java:getScmDbDir(148)) - ozone.scm.db.dirs is not configured. We recommend adding this setting. Falling back to ozone.metadata.dirs instead.
2022-11-03 16:01:03,020 [main] WARN  server.ServerUtils (ServerUtils.java:getScmDbDir(148)) - ozone.scm.db.dirs is not configured. We recommend adding this setting. Falling back to ozone.metadata.dirs instead.
2022-11-03 16:01:03,023 [main] INFO  ha.SCMHANodeDetails (SCMHANodeDetails.java:loadSCMHAConfig(209)) - ServiceID for StorageContainerManager is null
2022-11-03 16:01:03,033 [main] WARN  ha.SCMHANodeDetails (SCMHANodeDetails.java:validateSCMHAConfig(182)) - Invalid config ozone.scm.ratis.enable. The config was not specified, but the default value true conflicts with the expected config value false. Falling back to the expected value. Current State of SCM: SCM is running in Non-HA without Ratis Ratis SCM -> Non Ratis SCM or Non HA SCM -> HA SCM is not supported
2022-11-03 16:01:03,034 [main] INFO  ha.SCMHANodeDetails (SCMHANodeDetails.java:loadSCMHAConfig(214)) - ozone.scm.default.service.id is not defined, falling back to ozone.scm.service.ids to find serviceID for StorageContainerManager if it is HA enabled cluster
2022-11-03 16:01:03,533 [main] WARN  utils.HAUtils (HAUtils.java:getMetaDir(342)) - ozone.scm.db.dirs is not configured. We recommend adding this setting. Falling back to ozone.metadata.dirs instead.
2022-11-03 16:01:03,669 [main] WARN  db.DBStoreBuilder (DBStoreBuilder.java:applyDBDefinition(144)) - ozone.scm.db.dirs is not configured. We recommend adding this setting. Falling back to ozone.metadata.dirs instead.
2022-11-03 16:01:03,962 [main] INFO  net.NodeSchemaLoader (NodeSchemaLoader.java:loadSchemaFromFile(129)) - Loading schema from [jar:file:/home/runner/.m2/repository/org/apache/ozone/hdds-common/1.3.0-SNAPSHOT/hdds-common-1.3.0-SNAPSHOT.jar!/network-topology-default.xml]
2022-11-03 16:01:03,964 [main] INFO  net.NodeSchemaLoader (NodeSchemaLoader.java:loadSchema(176)) - Loading network topology layer schema file
2022-11-03 16:01:04,005 [main] INFO  metrics.MetricRegistries (MetricRegistriesLoader.java:load(64)) - Loaded MetricRegistries class org.apache.ratis.metrics.impl.MetricRegistriesImpl
2022-11-03 16:01:04,012 [main] INFO  upgrade.AbstractLayoutVersionManager (AbstractLayoutVersionManager.java:init(83)) - Initializing Layout version manager with metadata layout = DATANODE_SCHEMA_V3 (version = 4), software layout = DATANODE_SCHEMA_V3 (version = 4)
2022-11-03 16:01:04,251 [main] INFO  reflections.Reflections (Reflections.java:scan(232)) - Reflections took 153 ms to scan 7 urls, producing 139 keys and 336 values 
2022-11-03 16:01:04,356 [main] INFO  ha.SequenceIdGenerator (SequenceIdGenerator.java:upgradeToSequenceId(349)) - upgrade localId to 109611004723200000
2022-11-03 16:01:04,357 [main] INFO  ha.SequenceIdGenerator (SequenceIdGenerator.java:upgradeToSequenceId(359)) - upgrade delTxnId to 0
2022-11-03 16:01:04,360 [main] INFO  ha.SequenceIdGenerator (SequenceIdGenerator.java:upgradeToSequenceId(376)) - upgrade containerId to 0
2022-11-03 16:01:04,362 [main] INFO  ha.SequenceIdGenerator (SequenceIdGenerator.java:<init>(220)) - Init the HA SequenceIdGenerator.
2022-11-03 16:01:04,402 [main] WARN  server.ServerUtils (ServerUtils.java:sanitizeUserArgs(67)) - ozone.scm.stale.node.interval value = 1000 is smaller than min = 3000 based on the key value of hdds.heartbeat.interval, reset to the min value 3000.
2022-11-03 16:01:04,402 [main] WARN  server.ServerUtils (ServerUtils.java:sanitizeUserArgs(67)) - ozone.scm.stale.node.interval value = 1000 is smaller than min = 3000 based on the key value of hdds.heartbeat.interval, reset to the min value 3000.
2022-11-03 16:01:04,403 [main] WARN  server.ServerUtils (ServerUtils.java:sanitizeUserArgs(67)) - ozone.scm.dead.node.interval value = 1000 is smaller than min = 6000 based on the key value of ozone.scm.stale.node.interval, reset to the min value 6000.
2022-11-03 16:01:04,409 [main] INFO  node.SCMNodeManager (SCMNodeManager.java:<init>(149)) - Entering startup safe mode.
2022-11-03 16:01:04,474 [main] INFO  algorithms.ContainerPlacementPolicyFactory (ContainerPlacementPolicyFactory.java:getPolicyInternal(86)) - Create container placement policy of type org.apache.hadoop.hdds.scm.container.placement.algorithms.SCMContainerPlacementRandom
2022-11-03 16:01:04,476 [main] INFO  algorithms.ContainerPlacementPolicyFactory (ContainerPlacementPolicyFactory.java:getPolicyInternal(86)) - Create container placement policy of type org.apache.hadoop.hdds.scm.container.placement.algorithms.SCMContainerPlacementRackScatter
2022-11-03 16:01:04,485 [main] INFO  pipeline.PipelineStateManagerImpl (PipelineStateManagerImpl.java:initialize(78)) - No pipeline exists in current db
2022-11-03 16:01:04,525 [main] INFO  algorithms.LeaderChoosePolicyFactory (LeaderChoosePolicyFactory.java:getPolicy(57)) - Create leader choose policy of type org.apache.hadoop.hdds.scm.pipeline.leader.choose.algorithms.MinLeaderCountChoosePolicy
2022-11-03 16:01:04,525 [main] INFO  algorithms.ContainerPlacementPolicyFactory (ContainerPlacementPolicyFactory.java:getPolicyInternal(86)) - Create container placement policy of type org.apache.hadoop.hdds.scm.container.placement.algorithms.SCMContainerPlacementRackScatter
2022-11-03 16:01:04,530 [main] INFO  ha.SCMServiceManager (SCMServiceManager.java:register(42)) - Registering service BackgroundPipelineCreator.
2022-11-03 16:01:04,531 [main] INFO  pipeline.BackgroundPipelineCreator (BackgroundPipelineCreator.java:start(124)) - Starting RatisPipelineUtilsThread.
2022-11-03 16:01:04,535 [main] INFO  BackgroundPipelineScrubber (BackgroundSCMService.java:start(68)) - Starting BackgroundPipelineScrubber Service.
2022-11-03 16:01:04,536 [main] INFO  ha.SCMServiceManager (SCMServiceManager.java:register(42)) - Registering service BackgroundPipelineScrubber.
2022-11-03 16:01:04,542 [main] INFO  ExpiredContainerReplicaOpScrubber (BackgroundSCMService.java:start(68)) - Starting ExpiredContainerReplicaOpScrubber Service.
2022-11-03 16:01:04,548 [main] INFO  ha.SCMServiceManager (SCMServiceManager.java:register(42)) - Registering service ExpiredContainerReplicaOpScrubber.
2022-11-03 16:01:04,590 [main] INFO  algorithms.PipelineChoosePolicyFactory (PipelineChoosePolicyFactory.java:createPipelineChoosePolicyFromClass(73)) - Create pipeline choose policy of type org.apache.hadoop.hdds.scm.pipeline.choose.algorithms.RandomPipelineChoosePolicy
2022-11-03 16:01:04,609 [main] INFO  ha.SCMServiceManager (SCMServiceManager.java:register(42)) - Registering service SCMBlockDeletingService.
2022-11-03 16:01:04,662 [main] INFO  replication.ReplicationManager (ReplicationManager.java:start(239)) - Starting Replication Monitor Thread.
2022-11-03 16:01:04,669 [main] INFO  ha.SCMServiceManager (SCMServiceManager.java:register(42)) - Registering service ReplicationManager.
2022-11-03 16:01:04,671 [ReplicationMonitor] INFO  replication.ReplicationManager (ReplicationManager.java:processAll(307)) - Replication Manager is not ready to run until 3000ms after safemode exit
2022-11-03 16:01:04,678 [main] INFO  safemode.ContainerSafeModeRule (ContainerSafeModeRule.java:<init>(89)) - containers with one replica threshold count 0
2022-11-03 16:01:04,686 [main] INFO  safemode.HealthyPipelineSafeModeRule (HealthyPipelineSafeModeRule.java:initializeRule(169)) - Total pipeline count is 0, healthy pipeline threshold count is 1
2022-11-03 16:01:04,688 [main] INFO  safemode.OneReplicaPipelineSafeModeRule (OneReplicaPipelineSafeModeRule.java:initializeRule(180)) - Total pipeline count is 0, pipeline's with at least one datanode reported threshold count is 0
2022-11-03 16:01:04,971 [main] INFO  audit.AuditLogger (AuditLogger.java:refreshDebugCmdSet(126)) - Refresh DebugCmdSet for SCMAudit to [].
2022-11-03 16:01:04,999 [main] INFO  ipc.CallQueueManager (CallQueueManager.java:<init>(90)) - Using callQueue: class java.util.concurrent.LinkedBlockingQueue, queueCapacity: 2000, scheduler: class org.apache.hadoop.ipc.DefaultRpcScheduler, ipcBackoff: false.
2022-11-03 16:01:05,035 [Socket Reader #1 for port 0] INFO  ipc.Server (Server.java:run(1273)) - Starting Socket Reader #1 for port 0
2022-11-03 16:01:05,089 [Listener at 0.0.0.0/35727] INFO  audit.AuditLogger (AuditLogger.java:refreshDebugCmdSet(126)) - Refresh DebugCmdSet for SCMAudit to [].
2022-11-03 16:01:05,094 [Listener at 0.0.0.0/35727] INFO  ipc.CallQueueManager (CallQueueManager.java:<init>(90)) - Using callQueue: class java.util.concurrent.LinkedBlockingQueue, queueCapacity: 2000, scheduler: class org.apache.hadoop.ipc.DefaultRpcScheduler, ipcBackoff: false.
2022-11-03 16:01:05,096 [Socket Reader #1 for port 0] INFO  ipc.Server (Server.java:run(1273)) - Starting Socket Reader #1 for port 0
2022-11-03 16:01:05,125 [Listener at 0.0.0.0/40715] INFO  audit.AuditLogger (AuditLogger.java:refreshDebugCmdSet(126)) - Refresh DebugCmdSet for SCMAudit to [].
2022-11-03 16:01:05,136 [Listener at 0.0.0.0/40715] INFO  ipc.CallQueueManager (CallQueueManager.java:<init>(90)) - Using callQueue: class java.util.concurrent.LinkedBlockingQueue, queueCapacity: 2000, scheduler: class org.apache.hadoop.ipc.DefaultRpcScheduler, ipcBackoff: false.
2022-11-03 16:01:05,137 [Socket Reader #1 for port 0] INFO  ipc.Server (Server.java:run(1273)) - Starting Socket Reader #1 for port 0
2022-11-03 16:01:05,187 [Listener at 0.0.0.0/42009] INFO  ha.SCMServiceManager (SCMServiceManager.java:register(42)) - Registering service ContainerBalancer.
2022-11-03 16:01:05,189 [Listener at 0.0.0.0/42009] INFO  server.StorageContainerManager (StorageContainerManager.java:<init>(415)) - 
Container Balancer status:
Key                            Value
Running                        true
Container Balancer Configuration values:
Key                                                Value
Threshold                                          10
Max Datanodes to Involve per Iteration(percent)    20
Max Size to Move per Iteration                     500GB
Max Size Entering Target per Iteration             26GB
Max Size Leaving Source per Iteration              26GB

2022-11-03 16:01:05,189 [Listener at 0.0.0.0/42009] WARN  events.EventQueue (EventQueue.java:fireEvent(216)) - No event handler registered for event TypedEvent{payloadType=SafeModeStatus, name='Safe mode status'}
2022-11-03 16:01:05,190 [Listener at 0.0.0.0/42009] INFO  ha.SCMContext (SCMContext.java:updateSafeModeStatus(228)) - Update SafeModeStatus from SafeModeStatus{safeModeStatus=true, preCheckPassed=false} to SafeModeStatus{safeModeStatus=true, preCheckPassed=false}.
2022-11-03 16:01:05,194 [Listener at 0.0.0.0/42009] INFO  server.StorageContainerManager (StorageContainerManager.java:start(1449)) - StorageContainerLocationProtocol RPC server is listening at /0.0.0.0:42009
2022-11-03 16:01:05,254 [Listener at 0.0.0.0/42009] WARN  impl.MetricsConfig (MetricsConfig.java:loadFirst(136)) - Cannot locate configuration: tried hadoop-metrics2-storagecontainermanager.properties,hadoop-metrics2.properties
2022-11-03 16:01:05,265 [Listener at 0.0.0.0/42009] INFO  impl.MetricsSystemImpl (MetricsSystemImpl.java:startTimer(378)) - Scheduled Metric snapshot period at 10 second(s).
2022-11-03 16:01:05,266 [Listener at 0.0.0.0/42009] INFO  impl.MetricsSystemImpl (MetricsSystemImpl.java:start(191)) - StorageContainerManager metrics system started
2022-11-03 16:01:05,574 [Listener at 0.0.0.0/42009] INFO  server.SCMClientProtocolServer (SCMClientProtocolServer.java:start(170)) - RPC server for Client  is listening at /0.0.0.0:42009
2022-11-03 16:01:05,576 [IPC Server Responder] INFO  ipc.Server (Server.java:run(1512)) - IPC Server Responder: starting
2022-11-03 16:01:05,577 [IPC Server listener on 0] INFO  ipc.Server (Server.java:run(1352)) - IPC Server listener on 0: starting
2022-11-03 16:01:05,580 [Listener at 0.0.0.0/42009] INFO  server.StorageContainerManager (StorageContainerManager.java:start(1464)) - ScmBlockLocationProtocol RPC server is listening at /0.0.0.0:40715
2022-11-03 16:01:05,580 [Listener at 0.0.0.0/42009] INFO  server.SCMBlockProtocolServer (SCMBlockProtocolServer.java:start(152)) - RPC server for Block Protocol is listening at /0.0.0.0:40715
2022-11-03 16:01:05,581 [IPC Server Responder] INFO  ipc.Server (Server.java:run(1512)) - IPC Server Responder: starting
2022-11-03 16:01:05,581 [IPC Server listener on 0] INFO  ipc.Server (Server.java:run(1352)) - IPC Server listener on 0: starting
2022-11-03 16:01:05,584 [Listener at 0.0.0.0/42009] INFO  server.SCMDatanodeProtocolServer (SCMDatanodeProtocolServer.java:start(186)) - ScmDatanodeProtocol RPC server for DataNodes is listening at /0.0.0.0:35727
2022-11-03 16:01:05,585 [IPC Server Responder] INFO  ipc.Server (Server.java:run(1512)) - IPC Server Responder: starting
2022-11-03 16:01:05,586 [IPC Server listener on 0] INFO  ipc.Server (Server.java:run(1352)) - IPC Server listener on 0: starting
2022-11-03 16:01:05,607 [org.apache.hadoop.util.JvmPauseMonitor$Monitor@45964b9e] INFO  util.JvmPauseMonitor (JvmPauseMonitor.java:run(188)) - Starting JVM pause monitor
2022-11-03 16:01:05,618 [Listener at 0.0.0.0/42009] INFO  http.BaseHttpServer (BaseHttpServer.java:newHttpServer2BuilderForOzone(213)) - Starting Web-server for scm at: http://0.0.0.0:0
2022-11-03 16:01:05,618 [Listener at 0.0.0.0/42009] INFO  http.BaseHttpServer (BaseHttpServer.java:<init>(108)) - Hadoop Security Enabled: false Ozone Security Enabled: false Ozone HTTP Security Enabled: false 
2022-11-03 16:01:05,645 [Listener at 0.0.0.0/42009] INFO  util.log (Log.java:initialized(170)) - Logging initialized @4020ms to org.eclipse.jetty.util.log.Slf4jLog
2022-11-03 16:01:05,752 [Listener at 0.0.0.0/42009] WARN  server.AuthenticationFilter (AuthenticationFilter.java:constructSecretProvider(240)) - Unable to initialize FileSignerSecretProvider, falling back to use random secrets. Reason: Could not read signature secret file: /home/runner/hadoop-http-auth-signature-secret
2022-11-03 16:01:05,759 [Listener at 0.0.0.0/42009] WARN  http.HttpRequestLog (HttpRequestLog.java:getRequestLog(103)) - Jetty request log can only be enabled using Log4j
2022-11-03 16:01:05,766 [Listener at 0.0.0.0/42009] INFO  http.HttpServer2 (HttpServer2.java:addGlobalFilter(1031)) - Added global filter 'safety' (class=org.apache.hadoop.hdds.server.http.HttpServer2$QuotingInputFilter)
2022-11-03 16:01:05,768 [Listener at 0.0.0.0/42009] INFO  http.HttpServer2 (HttpServer2.java:addFilter(1007)) - Added filter static_user_filter (class=org.apache.hadoop.http.lib.StaticUserWebFilter$StaticUserFilter) to context scm
2022-11-03 16:01:05,768 [Listener at 0.0.0.0/42009] INFO  http.HttpServer2 (HttpServer2.java:addFilter(1015)) - Added filter static_user_filter (class=org.apache.hadoop.http.lib.StaticUserWebFilter$StaticUserFilter) to context static
2022-11-03 16:01:05,769 [Listener at 0.0.0.0/42009] INFO  http.HttpServer2 (HttpServer2.java:addFilter(1015)) - Added filter static_user_filter (class=org.apache.hadoop.http.lib.StaticUserWebFilter$StaticUserFilter) to context logs
2022-11-03 16:01:05,812 [Listener at 0.0.0.0/42009] INFO  http.HttpServer2 (HttpServer2.java:bindListener(1250)) - Jetty bound to port 45399
2022-11-03 16:01:05,813 [Listener at 0.0.0.0/42009] INFO  server.Server (Server.java:doStart(375)) - jetty-9.4.49.v20220914; built: 2022-09-14T01:07:36.601Z; git: 4231a3b2e4cb8548a412a789936d640a97b1aa0a; jvm 1.8.0_345-b01
2022-11-03 16:01:05,849 [Listener at 0.0.0.0/42009] INFO  server.session (DefaultSessionIdManager.java:doStart(334)) - DefaultSessionIdManager workerName=node0
2022-11-03 16:01:05,850 [Listener at 0.0.0.0/42009] INFO  server.session (DefaultSessionIdManager.java:doStart(339)) - No SessionScavenger set, using defaults
2022-11-03 16:01:05,851 [Listener at 0.0.0.0/42009] INFO  server.session (HouseKeeper.java:startScavenging(132)) - node0 Scavenging every 600000ms
2022-11-03 16:01:05,865 [Listener at 0.0.0.0/42009] INFO  handler.ContextHandler (ContextHandler.java:doStart(921)) - Started o.e.j.s.ServletContextHandler@1d988297{logs,/logs,file:///home/runner/work/ozone/ozone/hadoop-ozone/integration-test/target/log,AVAILABLE}
2022-11-03 16:01:05,866 [Listener at 0.0.0.0/42009] INFO  handler.ContextHandler (ContextHandler.java:doStart(921)) - Started o.e.j.s.ServletContextHandler@7f839ec5{static,/static,file:///home/runner/work/ozone/ozone/hadoop-ozone/integration-test/target/test-classes/webapps/static,AVAILABLE}
2022-11-03 16:01:05,913 [Listener at 0.0.0.0/42009] INFO  handler.ContextHandler (ContextHandler.java:doStart(921)) - Started o.e.j.w.WebAppContext@3e563293{scm,/,file:///home/runner/work/ozone/ozone/hadoop-ozone/integration-test/target/test-classes/webapps/scm/,AVAILABLE}{file:/home/runner/work/ozone/ozone/hadoop-ozone/integration-test/target/test-classes/webapps/scm}
2022-11-03 16:01:05,922 [Listener at 0.0.0.0/42009] INFO  server.AbstractConnector (AbstractConnector.java:doStart(333)) - Started ServerConnector@4a3404fa{HTTP/1.1, (http/1.1)}{0.0.0.0:45399}
2022-11-03 16:01:05,923 [Listener at 0.0.0.0/42009] INFO  server.Server (Server.java:doStart(415)) - Started @4298ms
2022-11-03 16:01:05,928 [Listener at 0.0.0.0/42009] INFO  impl.MetricsSinkAdapter (MetricsSinkAdapter.java:start(204)) - Sink prometheus started
2022-11-03 16:01:05,928 [Listener at 0.0.0.0/42009] INFO  impl.MetricsSystemImpl (MetricsSystemImpl.java:registerSink(305)) - Registered sink prometheus
2022-11-03 16:01:05,929 [Listener at 0.0.0.0/42009] INFO  http.BaseHttpServer (BaseHttpServer.java:updateConnectorAddress(333)) - HTTP server of scm listening at http://0.0.0.0:45399
2022-11-03 16:01:05,931 [Listener at 0.0.0.0/42009] WARN  server.ServerUtils (ServerUtils.java:getDBPath(225)) - ozone.om.db.dirs is not configured. We recommend adding this setting. Falling back to ozone.metadata.dirs instead.
2022-11-03 16:01:05,989 [Listener at 0.0.0.0/42009] INFO  audit.AuditLogger (AuditLogger.java:refreshDebugCmdSet(126)) - Refresh DebugCmdSet for OMAudit to [].
2022-11-03 16:01:06,079 [Listener at 0.0.0.0/42009] INFO  ha.OMHANodeDetails (OMHANodeDetails.java:loadOMHAConfig(115)) - ozone.om.internal.service.id is not defined, falling back to ozone.om.service.ids to find serviceID for OzoneManager if it is HA enabled cluster
2022-11-03 16:01:06,082 [Listener at 0.0.0.0/42009] INFO  ha.OMHANodeDetails (OMHANodeDetails.java:loadOMHAConfig(226)) - Configuration does not have ozone.om.address set. Falling back to the default OM address /127.0.0.1:0
2022-11-03 16:01:06,082 [Listener at 0.0.0.0/42009] INFO  ha.OMHANodeDetails (OMHANodeDetails.java:getOMNodeDetailsForNonHA(254)) - OM Service ID is not set. Setting it to the default ID: omServiceIdDefault
2022-11-03 16:01:06,083 [Listener at 0.0.0.0/42009] INFO  ha.OMHANodeDetails (OMHANodeDetails.java:getOMNodeDetailsForNonHA(261)) - OM Node ID is not set. Setting it to the default ID: om1
2022-11-03 16:01:06,087 [Listener at 0.0.0.0/42009] WARN  server.ServerUtils (ServerUtils.java:getDBPath(225)) - ozone.om.db.dirs is not configured. We recommend adding this setting. Falling back to ozone.metadata.dirs instead.
2022-11-03 16:01:06,089 [Listener at 0.0.0.0/42009] INFO  upgrade.AbstractLayoutVersionManager (AbstractLayoutVersionManager.java:init(83)) - Initializing Layout version manager with metadata layout = MULTITENANCY_SCHEMA (version = 3), software layout = MULTITENANCY_SCHEMA (version = 3)
2022-11-03 16:01:06,183 [Listener at 0.0.0.0/42009] INFO  reflections.Reflections (Reflections.java:scan(232)) - Reflections took 90 ms to scan 2 urls, producing 154 keys and 428 values [using 2 cores]
2022-11-03 16:01:06,193 [Listener at 0.0.0.0/42009] INFO  upgrade.OMLayoutVersionManager (OMLayoutVersionManager.java:lambda$0(115)) - Skipping Upgrade Action MockOmUpgradeAction since it has been finalized.
2022-11-03 16:01:06,194 [Listener at 0.0.0.0/42009] WARN  server.ServerUtils (ServerUtils.java:getDBPath(225)) - ozone.om.db.dirs is not configured. We recommend adding this setting. Falling back to ozone.metadata.dirs instead.
2022-11-03 16:01:06,365 [Listener at 0.0.0.0/42009] INFO  proxy.SCMBlockLocationFailoverProxyProvider (SCMBlockLocationFailoverProxyProvider.java:<init>(114)) - Created block location fail-over proxy with 1 nodes: [nodeId=scmNodeId,nodeAddress=/0.0.0.0:40715]
2022-11-03 16:01:06,404 [Listener at 0.0.0.0/42009] INFO  proxy.SCMBlockLocationFailoverProxyProvider (SCMBlockLocationFailoverProxyProvider.java:<init>(114)) - Created block location fail-over proxy with 1 nodes: [nodeId=scmNodeId,nodeAddress=/0.0.0.0:40715]
2022-11-03 16:01:06,593 [Listener at 0.0.0.0/42009] WARN  server.ServerUtils (ServerUtils.java:getDBPath(225)) - ozone.om.db.dirs is not configured. We recommend adding this setting. Falling back to ozone.metadata.dirs instead.
2022-11-03 16:01:06,599 [Listener at 0.0.0.0/42009] INFO  codec.OmKeyInfoCodec (OmKeyInfoCodec.java:<init>(49)) - OmKeyInfoCodec ignorePipeline = true
2022-11-03 16:01:06,601 [Listener at 0.0.0.0/42009] INFO  codec.RepeatedOmKeyInfoCodec (RepeatedOmKeyInfoCodec.java:<init>(41)) - RepeatedOmKeyInfoCodec ignorePipeline = true
2022-11-03 16:01:06,754 [Listener at 0.0.0.0/42009] INFO  om.OzoneManager (OzoneManager.java:instantiateServices(715)) - S3 Multi-Tenancy is disabled
2022-11-03 16:01:06,847 [Listener at 0.0.0.0/42009] INFO  om.OzoneManager (OzoneManager.java:addS3GVolumeToDB(4395)) - Created Volume s3v With Owner runner required for S3Gateway operations.
2022-11-03 16:01:06,903 [Listener at 0.0.0.0/42009] WARN  server.ServerUtils (ServerUtils.java:getDefaultRatisDirectory(237)) - Storage directory for Ratis is not configured. It is a good idea to map this to an SSD disk. Falling back to ozone.metadata.dirs
2022-11-03 16:01:06,904 [Listener at 0.0.0.0/42009] WARN  utils.OzoneManagerRatisUtils (OzoneManagerRatisUtils.java:getOMRatisSnapshotDirectory(434)) - ozone.om.ratis.snapshot.dir is not configured. Falling back to ozone.metadata.dirs config
2022-11-03 16:01:06,927 [Listener at 0.0.0.0/42009] WARN  server.ServerUtils (ServerUtils.java:getDefaultRatisDirectory(237)) - Storage directory for Ratis is not configured. It is a good idea to map this to an SSD disk. Falling back to ozone.metadata.dirs
2022-11-03 16:01:06,961 [Listener at 0.0.0.0/42009] INFO  ratis.OzoneManagerRatisServer (OzoneManagerRatisServer.java:<init>(160)) - Instantiating OM Ratis server with groupID: omServiceIdDefault and peers: localhost:9872
2022-11-03 16:01:06,970 [Listener at 0.0.0.0/42009] INFO  ratis.OzoneManagerStateMachine (OzoneManagerStateMachine.java:loadSnapshotInfoFromDB(636)) - LastAppliedIndex is set from TransactionInfo from OM DB as (t:0, i:~)
2022-11-03 16:01:07,038 [Listener at 0.0.0.0/42009] INFO  server.RaftServer (ConfUtils.java:logGet(46)) - raft.rpc.type = GRPC (default)
2022-11-03 16:01:07,135 [Listener at 0.0.0.0/42009] INFO  grpc.GrpcConfigKeys (ConfUtils.java:logFallback(53)) - raft.grpc.admin.host = null (fallback to raft.grpc.server.host)
2022-11-03 16:01:07,137 [Listener at 0.0.0.0/42009] INFO  grpc.GrpcConfigKeys (ConfUtils.java:logFallback(53)) - raft.grpc.admin.port = 9872 (fallback to raft.grpc.server.port)
2022-11-03 16:01:07,138 [Listener at 0.0.0.0/42009] INFO  grpc.GrpcConfigKeys (ConfUtils.java:logFallback(53)) - raft.grpc.client.host = null (fallback to raft.grpc.server.host)
2022-11-03 16:01:07,139 [Listener at 0.0.0.0/42009] INFO  grpc.GrpcConfigKeys (ConfUtils.java:logFallback(53)) - raft.grpc.client.port = 9872 (fallback to raft.grpc.server.port)
2022-11-03 16:01:07,139 [Listener at 0.0.0.0/42009] INFO  grpc.GrpcConfigKeys (ConfUtils.java:logGet(46)) - raft.grpc.server.host = null (default)
2022-11-03 16:01:07,140 [Listener at 0.0.0.0/42009] INFO  grpc.GrpcConfigKeys (ConfUtils.java:logGet(46)) - raft.grpc.server.port = 9872 (custom)
2022-11-03 16:01:07,141 [Listener at 0.0.0.0/42009] INFO  server.GrpcService (ConfUtils.java:logGet(46)) - raft.grpc.message.size.max = 33554432 (custom)
2022-11-03 16:01:07,143 [Listener at 0.0.0.0/42009] INFO  server.RaftServerConfigKeys (ConfUtils.java:logGet(46)) - raft.server.log.appender.buffer.byte-limit = 33554432 (custom)
2022-11-03 16:01:07,145 [Listener at 0.0.0.0/42009] INFO  server.GrpcService (ConfUtils.java:logGet(46)) - raft.grpc.flow.control.window = 1MB (=1048576) (default)
2022-11-03 16:01:07,146 [Listener at 0.0.0.0/42009] INFO  server.RaftServerConfigKeys (ConfUtils.java:logGet(46)) - raft.server.rpc.request.timeout = 3000ms (default)
2022-11-03 16:01:07,162 [Listener at 0.0.0.0/42009] INFO  grpc.GrpcConfigKeys (ConfUtils.java:logGet(46)) - raft.grpc.server.heartbeat.channel = true (default)
2022-11-03 16:01:07,166 [Listener at 0.0.0.0/42009] INFO  grpc.GrpcConfigKeys (ConfUtils.java:logGet(46)) - raft.grpc.server.async.request.thread.pool.cached = true (default)
2022-11-03 16:01:07,167 [Listener at 0.0.0.0/42009] INFO  grpc.GrpcConfigKeys (ConfUtils.java:logGet(46)) - raft.grpc.server.async.request.thread.pool.size = 32 (default)
2022-11-03 16:01:07,458 [Listener at 0.0.0.0/42009] INFO  impl.DataStreamServerImpl (ConfUtils.java:logGet(46)) - raft.datastream.type = DISABLED (default)
2022-11-03 16:01:07,461 [Listener at 0.0.0.0/42009] INFO  server.RaftServerConfigKeys (ConfUtils.java:logGet(46)) - raft.server.threadpool.proxy.cached = true (default)
2022-11-03 16:01:07,462 [Listener at 0.0.0.0/42009] INFO  server.RaftServerConfigKeys (ConfUtils.java:logGet(46)) - raft.server.threadpool.proxy.size = 0 (default)
2022-11-03 16:01:07,462 [Listener at 0.0.0.0/42009] INFO  server.RaftServerConfigKeys (ConfUtils.java:logGet(46)) - raft.server.rpc.slowness.timeout = 120s (custom)
2022-11-03 16:01:07,462 [Listener at 0.0.0.0/42009] INFO  server.RaftServerConfigKeys (ConfUtils.java:logGet(46)) - raft.server.leaderelection.leader.step-down.wait-time = 10s (default)
2022-11-03 16:01:07,465 [Listener at 0.0.0.0/42009] INFO  server.RaftServerConfigKeys (ConfUtils.java:logGet(46)) - raft.server.storage.dir = [/home/runner/work/ozone/ozone/hadoop-ozone/integration-test/target/test-dir/MiniOzoneClusterImpl-84bf62e0-a170-4695-9dd9-8848938f690d/ozone-meta/ratis] (custom)
2022-11-03 16:01:07,476 [Listener at 0.0.0.0/42009] INFO  server.RaftServer (RaftServerProxy.java:addNew(96)) - om1: addNew group-C5BA1605619E:[om1|rpc:localhost:9872|priority:0|startupRole:FOLLOWER] returns group-C5BA1605619E:java.util.concurrent.CompletableFuture@23497000[Not completed]
2022-11-03 16:01:07,477 [Listener at 0.0.0.0/42009] INFO  om.OzoneManager (OzoneManager.java:initializeRatisServer(1978)) - OzoneManager Ratis server initialized at port 9872
2022-11-03 16:01:07,488 [Listener at 0.0.0.0/42009] INFO  om.OzoneManager (OzoneManager.java:getRpcServer(1104)) - Creating RPC Server
2022-11-03 16:01:07,517 [pool-55-thread-1] INFO  server.RaftServer$Division (RaftServerImpl.java:<init>(195)) - om1: new RaftServerImpl for group-C5BA1605619E:[om1|rpc:localhost:9872|priority:0|startupRole:FOLLOWER] with OzoneManagerStateMachine:uninitialized
2022-11-03 16:01:07,520 [pool-55-thread-1] INFO  server.RaftServerConfigKeys (ConfUtils.java:logGet(46)) - raft.server.rpc.timeout.min = 1s (custom)
2022-11-03 16:01:07,520 [pool-55-thread-1] INFO  server.RaftServerConfigKeys (ConfUtils.java:logGet(46)) - raft.server.rpc.timeout.max = 1200ms (custom)
2022-11-03 16:01:07,520 [pool-55-thread-1] INFO  server.RaftServerConfigKeys (ConfUtils.java:logGet(46)) - raft.server.rpc.sleep.time = 25ms (default)
2022-11-03 16:01:07,520 [pool-55-thread-1] INFO  server.RaftServerConfigKeys (ConfUtils.java:logGet(46)) - raft.server.rpc.slowness.timeout = 120s (custom)
2022-11-03 16:01:07,520 [pool-55-thread-1] INFO  server.RaftServerConfigKeys (ConfUtils.java:logGet(46)) - raft.server.leaderelection.leader.step-down.wait-time = 10s (default)
2022-11-03 16:01:07,520 [pool-55-thread-1] INFO  server.RaftServerConfigKeys (ConfUtils.java:logGet(46)) - raft.server.sleep.deviation.threshold = 300ms (default)
2022-11-03 16:01:07,527 [pool-55-thread-1] INFO  server.RaftServer$Division (ServerState.java:<init>(118)) - om1@group-C5BA1605619E: ConfigurationManager, init=-1: peers:[om1|rpc:localhost:9872|priority:0|startupRole:FOLLOWER]|listeners:[], old=null, confs=<EMPTY_MAP>
2022-11-03 16:01:07,527 [pool-55-thread-1] INFO  server.RaftServerConfigKeys (ConfUtils.java:logGet(46)) - raft.server.storage.dir = [/home/runner/work/ozone/ozone/hadoop-ozone/integration-test/target/test-dir/MiniOzoneClusterImpl-84bf62e0-a170-4695-9dd9-8848938f690d/ozone-meta/ratis] (custom)
2022-11-03 16:01:07,561 [pool-55-thread-1] INFO  server.RaftServerConfigKeys (ConfUtils.java:logGet(46)) - raft.server.log.corruption.policy = EXCEPTION (default)
2022-11-03 16:01:07,561 [pool-55-thread-1] INFO  server.RaftServerConfigKeys (ConfUtils.java:logGet(46)) - raft.server.storage.free-space.min = 0MB (=0) (default)
2022-11-03 16:01:07,569 [pool-55-thread-1] INFO  server.RaftServerConfigKeys (ConfUtils.java:logGet(46)) - raft.server.notification.no-leader.timeout = 120s (custom)
2022-11-03 16:01:07,572 [pool-55-thread-1] INFO  server.RaftServerConfigKeys (ConfUtils.java:logGet(46)) - raft.server.retrycache.expirytime = 300s (custom)
2022-11-03 16:01:07,572 [pool-55-thread-1] INFO  server.RaftServerConfigKeys (ConfUtils.java:logGet(46)) - raft.server.retrycache.statistics.expirytime = 100μs (default)
2022-11-03 16:01:07,743 [pool-55-thread-1] INFO  server.RaftServerConfigKeys (ConfUtils.java:logGet(46)) - raft.server.log.appender.install.snapshot.enabled = false (custom)
2022-11-03 16:01:07,743 [pool-55-thread-1] INFO  server.RaftServerConfigKeys (ConfUtils.java:logGet(46)) - raft.server.threadpool.server.cached = true (default)
2022-11-03 16:01:07,744 [pool-55-thread-1] INFO  server.RaftServerConfigKeys (ConfUtils.java:logGet(46)) - raft.server.threadpool.server.size = 0 (default)
2022-11-03 16:01:07,744 [pool-55-thread-1] INFO  server.RaftServerConfigKeys (ConfUtils.java:logGet(46)) - raft.server.threadpool.client.cached = true (default)
2022-11-03 16:01:07,744 [pool-55-thread-1] INFO  server.RaftServerConfigKeys (ConfUtils.java:logGet(46)) - raft.server.threadpool.client.size = 0 (default)
2022-11-03 16:01:08,153 [Listener at 0.0.0.0/42009] INFO  reflections.Reflections (Reflections.java:scan(232)) - Reflections took 610 ms to scan 19 urls, producing 67 keys and 4308 values [using 2 cores]
2022-11-03 16:01:08,300 [Listener at 0.0.0.0/42009] INFO  ipc.CallQueueManager (CallQueueManager.java:<init>(90)) - Using callQueue: class java.util.concurrent.LinkedBlockingQueue, queueCapacity: 2000, scheduler: class org.apache.hadoop.ipc.DefaultRpcScheduler, ipcBackoff: false.
2022-11-03 16:01:08,300 [Socket Reader #1 for port 0] INFO  ipc.Server (Server.java:run(1273)) - Starting Socket Reader #1 for port 0
2022-11-03 16:01:08,330 [Listener at 127.0.0.1/45563] INFO  impl.MetricsSystemImpl (MetricsSystemImpl.java:init(158)) - OzoneManager metrics system started (again)
2022-11-03 16:01:08,343 [Listener at 127.0.0.1/45563] INFO  om.OzoneManager (OzoneManager.java:start(1485)) - OzoneManager RPC server is listening at localhost/127.0.0.1:45563
2022-11-03 16:01:08,343 [Listener at 127.0.0.1/45563] INFO  ratis.OzoneManagerRatisServer (OzoneManagerRatisServer.java:start(555)) - Starting OzoneManagerRatisServer om1 at port 9872
2022-11-03 16:01:08,347 [om1-impl-thread1] INFO  storage.RaftStorageDirectory (RaftStorageDirectoryImpl.java:analyzeStorage(137)) - The storage directory /home/runner/work/ozone/ozone/hadoop-ozone/integration-test/target/test-dir/MiniOzoneClusterImpl-84bf62e0-a170-4695-9dd9-8848938f690d/ozone-meta/ratis/bf265839-605b-3f16-9796-c5ba1605619e does not exist. Creating ...
2022-11-03 16:01:08,351 [om1-impl-thread1] INFO  storage.RaftStorageDirectory (RaftStorageDirectoryImpl.java:tryLock(231)) - Lock on /home/runner/work/ozone/ozone/hadoop-ozone/integration-test/target/test-dir/MiniOzoneClusterImpl-84bf62e0-a170-4695-9dd9-8848938f690d/ozone-meta/ratis/bf265839-605b-3f16-9796-c5ba1605619e/in_use.lock acquired by nodename 14715@fv-az47-358
2022-11-03 16:01:08,357 [om1-impl-thread1] INFO  storage.RaftStorage (RaftStorageImpl.java:format(96)) - Storage directory /home/runner/work/ozone/ozone/hadoop-ozone/integration-test/target/test-dir/MiniOzoneClusterImpl-84bf62e0-a170-4695-9dd9-8848938f690d/ozone-meta/ratis/bf265839-605b-3f16-9796-c5ba1605619e has been successfully formatted.
2022-11-03 16:01:08,359 [om1-impl-thread1] INFO  server.RaftServerConfigKeys (ConfUtils.java:logGet(46)) - raft.server.log.use.memory = false (default)
2022-11-03 16:01:08,366 [om1-impl-thread1] INFO  server.RaftServerConfigKeys (ConfUtils.java:logGet(46)) - raft.server.log.purge.gap = 1000000 (custom)
2022-11-03 16:01:08,366 [om1-impl-thread1] INFO  server.RaftServerConfigKeys (ConfUtils.java:logGet(46)) - raft.server.log.appender.buffer.byte-limit = 33554432 (custom)
2022-11-03 16:01:08,368 [om1-impl-thread1] INFO  server.RaftServerConfigKeys (ConfUtils.java:logGet(46)) - raft.server.log.statemachine.data.read.timeout = 1000ms (default)
2022-11-03 16:01:08,369 [om1-impl-thread1] INFO  server.RaftServerConfigKeys (ConfUtils.java:logGet(46)) - raft.server.log.purge.preservation.log.num = 0 (default)
2022-11-03 16:01:08,371 [om1-impl-thread1] INFO  server.RaftServerConfigKeys (ConfUtils.java:logGet(46)) - raft.server.log.segment.size.max = 4194304 (custom)
2022-11-03 16:01:08,498 [om1-impl-thread1] INFO  server.RaftServerConfigKeys (ConfUtils.java:logGet(46)) - raft.server.log.segment.cache.num.max = 2 (custom)
2022-11-03 16:01:08,499 [om1-impl-thread1] INFO  server.RaftServerConfigKeys (ConfUtils.java:logGet(46)) - raft.server.log.segment.cache.size.max = 200MB (=209715200) (default)
2022-11-03 16:01:08,517 [om1-impl-thread1] INFO  segmented.SegmentedRaftLogWorker (SegmentedRaftLogWorker.java:<init>(191)) - new om1@group-C5BA1605619E-SegmentedRaftLogWorker for RaftStorageImpl:Storage Directory /home/runner/work/ozone/ozone/hadoop-ozone/integration-test/target/test-dir/MiniOzoneClusterImpl-84bf62e0-a170-4695-9dd9-8848938f690d/ozone-meta/ratis/bf265839-605b-3f16-9796-c5ba1605619e
2022-11-03 16:01:08,517 [om1-impl-thread1] INFO  server.RaftServerConfigKeys (ConfUtils.java:logGet(46)) - raft.server.log.queue.byte-limit = 64MB (=67108864) (default)
2022-11-03 16:01:08,518 [om1-impl-thread1] INFO  server.RaftServerConfigKeys (ConfUtils.java:logGet(46)) - raft.server.log.queue.element-limit = 4096 (default)
2022-11-03 16:01:08,519 [om1-impl-thread1] INFO  server.RaftServerConfigKeys (ConfUtils.java:logGet(46)) - raft.server.log.segment.size.max = 4194304 (custom)
2022-11-03 16:01:08,524 [om1-impl-thread1] INFO  server.RaftServerConfigKeys (ConfUtils.java:logGet(46)) - raft.server.log.preallocated.size = 4194304 (custom)
2022-11-03 16:01:08,526 [om1-impl-thread1] INFO  server.RaftServerConfigKeys (ConfUtils.java:logGet(46)) - raft.server.log.force.sync.num = 128 (default)
2022-11-03 16:01:08,527 [om1-impl-thread1] INFO  server.RaftServerConfigKeys (ConfUtils.java:logGet(46)) - raft.server.log.statemachine.data.sync = true (default)
2022-11-03 16:01:08,527 [om1-impl-thread1] INFO  server.RaftServerConfigKeys (ConfUtils.java:logGet(46)) - raft.server.log.statemachine.data.sync.timeout = 10s (default)
2022-11-03 16:01:08,530 [om1-impl-thread1] INFO  server.RaftServerConfigKeys (ConfUtils.java:logGet(46)) - raft.server.log.statemachine.data.sync.timeout.retry = -1 (default)
2022-11-03 16:01:08,540 [om1-impl-thread1] INFO  server.RaftServerConfigKeys (ConfUtils.java:logGet(46)) - raft.server.log.write.buffer.size = 64KB (=65536) (default)
2022-11-03 16:01:08,541 [om1-impl-thread1] INFO  server.RaftServerConfigKeys (ConfUtils.java:logGet(46)) - raft.server.log.unsafe-flush.enabled = false (default)
2022-11-03 16:01:08,541 [om1-impl-thread1] INFO  server.RaftServerConfigKeys (ConfUtils.java:logGet(46)) - raft.server.log.async-flush.enabled = false (default)
2022-11-03 16:01:08,541 [om1-impl-thread1] INFO  server.RaftServerConfigKeys (ConfUtils.java:logGet(46)) - raft.server.log.statemachine.data.caching.enabled = false (default)
2022-11-03 16:01:08,548 [om1-impl-thread1] INFO  segmented.SegmentedRaftLogWorker (SegmentedRaftLogWorker.java:lambda$new$0(136)) - om1@group-C5BA1605619E-SegmentedRaftLogWorker: flushIndex: setUnconditionally 0 -> -1
2022-11-03 16:01:08,548 [om1-impl-thread1] INFO  segmented.SegmentedRaftLogWorker (SegmentedRaftLogWorker.java:lambda$new$0(136)) - om1@group-C5BA1605619E-SegmentedRaftLogWorker: safeCacheEvictIndex: setUnconditionally 0 -> -1
2022-11-03 16:01:08,550 [om1-impl-thread1] INFO  server.RaftServer$Division (RaftServerImpl.java:start(334)) - om1@group-C5BA1605619E: start as a follower, conf=-1: peers:[om1|rpc:localhost:9872|priority:0|startupRole:FOLLOWER]|listeners:[], old=null
2022-11-03 16:01:08,550 [om1-impl-thread1] INFO  server.RaftServer$Division (RaftServerImpl.java:setRole(321)) - om1@group-C5BA1605619E: changes role from      null to FOLLOWER at term 0 for startAsFollower
2022-11-03 16:01:08,552 [om1-impl-thread1] INFO  impl.RoleInfo (RoleInfo.java:updateAndGet(139)) - om1: start om1@group-C5BA1605619E-FollowerState
2022-11-03 16:01:08,559 [om1-impl-thread1] INFO  util.JmxRegister (JmxRegister.java:tryRegister(44)) - Successfully registered JMX Bean with object name Ratis:service=RaftServer,group=group-C5BA1605619E,id=om1
2022-11-03 16:01:08,561 [om1-impl-thread1] INFO  server.RaftServerConfigKeys (ConfUtils.java:logGet(46)) - raft.server.snapshot.auto.trigger.enabled = true (custom)
2022-11-03 16:01:08,561 [om1@group-C5BA1605619E-FollowerState] INFO  server.RaftServerConfigKeys (ConfUtils.java:logFallback(53)) - raft.server.rpc.first-election.timeout.min = 1s (fallback to raft.server.rpc.timeout.min)
2022-11-03 16:01:08,562 [om1@group-C5BA1605619E-FollowerState] INFO  server.RaftServerConfigKeys (ConfUtils.java:logFallback(53)) - raft.server.rpc.first-election.timeout.max = 1200ms (fallback to raft.server.rpc.timeout.max)
2022-11-03 16:01:08,561 [om1-impl-thread1] INFO  server.RaftServerConfigKeys (ConfUtils.java:logGet(46)) - raft.server.snapshot.auto.trigger.threshold = 400000 (default)
2022-11-03 16:01:08,563 [om1-impl-thread1] INFO  server.RaftServerConfigKeys (ConfUtils.java:logGet(46)) - raft.server.snapshot.retention.file.num = -1 (default)
2022-11-03 16:01:08,564 [om1-impl-thread1] INFO  server.RaftServerConfigKeys (ConfUtils.java:logGet(46)) - raft.server.log.purge.upto.snapshot.index = true (custom)
2022-11-03 16:01:08,567 [Listener at 127.0.0.1/45563] INFO  server.RaftServer (RaftServerProxy.java:startImpl(393)) - om1: start RPC server
2022-11-03 16:01:08,629 [Listener at 127.0.0.1/45563] INFO  server.GrpcService (GrpcService.java:startImpl(270)) - om1: GrpcService started, listening on 9872
2022-11-03 16:01:08,630 [JvmPauseMonitor0] INFO  util.JvmPauseMonitor (JvmPauseMonitor.java:run(105)) - JvmPauseMonitor-om1: Started
2022-11-03 16:01:08,630 [Listener at 127.0.0.1/45563] INFO  om.OzoneManager (OzoneManager.java:start(1501)) - Version File has different layout version (3) than OM DB (null). That is expected if this OM has never been finalized to a newer layout version.
2022-11-03 16:01:08,650 [Listener at 127.0.0.1/45563] INFO  http.BaseHttpServer (BaseHttpServer.java:newHttpServer2BuilderForOzone(213)) - Starting Web-server for ozoneManager at: http://0.0.0.0:0
2022-11-03 16:01:08,650 [Listener at 127.0.0.1/45563] INFO  http.BaseHttpServer (BaseHttpServer.java:<init>(108)) - Hadoop Security Enabled: false Ozone Security Enabled: false Ozone HTTP Security Enabled: false 
2022-11-03 16:01:08,652 [Listener at 127.0.0.1/45563] WARN  server.AuthenticationFilter (AuthenticationFilter.java:constructSecretProvider(240)) - Unable to initialize FileSignerSecretProvider, falling back to use random secrets. Reason: Could not read signature secret file: /home/runner/hadoop-http-auth-signature-secret
2022-11-03 16:01:08,654 [Listener at 127.0.0.1/45563] WARN  http.HttpRequestLog (HttpRequestLog.java:getRequestLog(103)) - Jetty request log can only be enabled using Log4j
2022-11-03 16:01:08,656 [Listener at 127.0.0.1/45563] INFO  http.HttpServer2 (HttpServer2.java:addGlobalFilter(1031)) - Added global filter 'safety' (class=org.apache.hadoop.hdds.server.http.HttpServer2$QuotingInputFilter)
2022-11-03 16:01:08,657 [Listener at 127.0.0.1/45563] INFO  http.HttpServer2 (HttpServer2.java:addFilter(1007)) - Added filter static_user_filter (class=org.apache.hadoop.http.lib.StaticUserWebFilter$StaticUserFilter) to context ozoneManager
2022-11-03 16:01:08,659 [Listener at 127.0.0.1/45563] INFO  http.HttpServer2 (HttpServer2.java:addFilter(1015)) - Added filter static_user_filter (class=org.apache.hadoop.http.lib.StaticUserWebFilter$StaticUserFilter) to context logs
2022-11-03 16:01:08,659 [Listener at 127.0.0.1/45563] INFO  http.HttpServer2 (HttpServer2.java:addFilter(1015)) - Added filter static_user_filter (class=org.apache.hadoop.http.lib.StaticUserWebFilter$StaticUserFilter) to context static
2022-11-03 16:01:08,661 [Listener at 127.0.0.1/45563] INFO  http.HttpServer2 (HttpServer2.java:bindListener(1250)) - Jetty bound to port 37163
2022-11-03 16:01:08,661 [Listener at 127.0.0.1/45563] INFO  server.Server (Server.java:doStart(375)) - jetty-9.4.49.v20220914; built: 2022-09-14T01:07:36.601Z; git: 4231a3b2e4cb8548a412a789936d640a97b1aa0a; jvm 1.8.0_345-b01
2022-11-03 16:01:08,670 [Listener at 127.0.0.1/45563] INFO  server.session (DefaultSessionIdManager.java:doStart(334)) - DefaultSessionIdManager workerName=node0
2022-11-03 16:01:08,670 [Listener at 127.0.0.1/45563] INFO  server.session (DefaultSessionIdManager.java:doStart(339)) - No SessionScavenger set, using defaults
2022-11-03 16:01:08,671 [Listener at 127.0.0.1/45563] INFO  server.session (HouseKeeper.java:startScavenging(132)) - node0 Scavenging every 600000ms
2022-11-03 16:01:08,672 [Listener at 127.0.0.1/45563] INFO  handler.ContextHandler (ContextHandler.java:doStart(921)) - Started o.e.j.s.ServletContextHandler@5bb34437{logs,/logs,file:///home/runner/work/ozone/ozone/hadoop-ozone/integration-test/target/log,AVAILABLE}
2022-11-03 16:01:08,672 [Listener at 127.0.0.1/45563] INFO  handler.ContextHandler (ContextHandler.java:doStart(921)) - Started o.e.j.s.ServletContextHandler@5afe1da5{static,/static,file:///home/runner/work/ozone/ozone/hadoop-ozone/integration-test/target/test-classes/webapps/static,AVAILABLE}
2022-11-03 16:01:08,676 [Listener at 127.0.0.1/45563] INFO  handler.ContextHandler (ContextHandler.java:doStart(921)) - Started o.e.j.w.WebAppContext@3c7eb170{ozoneManager,/,file:///home/runner/work/ozone/ozone/hadoop-ozone/integration-test/target/test-classes/webapps/ozoneManager/,AVAILABLE}{file:/home/runner/work/ozone/ozone/hadoop-ozone/integration-test/target/test-classes/webapps/ozoneManager}
2022-11-03 16:01:08,684 [Listener at 127.0.0.1/45563] INFO  server.AbstractConnector (AbstractConnector.java:doStart(333)) - Started ServerConnector@4184d960{HTTP/1.1, (http/1.1)}{0.0.0.0:37163}
2022-11-03 16:01:08,684 [Listener at 127.0.0.1/45563] INFO  server.Server (Server.java:doStart(415)) - Started @7059ms
2022-11-03 16:01:08,684 [Listener at 127.0.0.1/45563] WARN  impl.MetricsSystemImpl (MetricsSystemImpl.java:register(279)) - Sink prometheus already exists!
2022-11-03 16:01:08,685 [Listener at 127.0.0.1/45563] INFO  http.BaseHttpServer (BaseHttpServer.java:updateConnectorAddress(333)) - HTTP server of ozoneManager listening at http://0.0.0.0:37163
2022-11-03 16:01:08,685 [IPC Server Responder] INFO  ipc.Server (Server.java:run(1512)) - IPC Server Responder: starting
2022-11-03 16:01:08,686 [IPC Server listener on 0] INFO  ipc.Server (Server.java:run(1352)) - IPC Server listener on 0: starting
2022-11-03 16:01:08,694 [Listener at 127.0.0.1/45563] INFO  om.OzoneManager (OzoneManager.java:startTrashEmptier(1922)) - Trash Interval set to 0. Files deleted won't move to trash
2022-11-03 16:01:08,705 [org.apache.hadoop.util.JvmPauseMonitor$Monitor@358283d9] INFO  util.JvmPauseMonitor (JvmPauseMonitor.java:run(188)) - Starting JVM pause monitor
2022-11-03 16:01:08,852 [Listener at 127.0.0.1/45563] WARN  impl.MetricRegistriesImpl (MetricRegistriesImpl.java:addReporterRegistration(111)) - New reporters are added after registries were created. Some metrics will be missing from the reporter. Please add reporter before adding any new registry.
2022-11-03 16:01:08,853 [Listener at 127.0.0.1/45563] WARN  impl.MetricRegistriesImpl (MetricRegistriesImpl.java:addReporterRegistration(111)) - New reporters are added after registries were created. Some metrics will be missing from the reporter. Please add reporter before adding any new registry.
2022-11-03 16:01:08,853 [Listener at 127.0.0.1/45563] INFO  impl.MetricsSystemImpl (MetricsSystemImpl.java:init(158)) - HddsDatanode metrics system started (again)
2022-11-03 16:01:08,868 [Listener at 127.0.0.1/45563] INFO  ozone.HddsDatanodeService (HddsDatanodeService.java:start(236)) - HddsDatanodeService host:fv-az47-358.mma5zatft5wupo5mzspaixdheh.bx.internal.cloudapp.net ip:10.1.1.36
2022-11-03 16:01:08,897 [Listener at 127.0.0.1/45563] INFO  upgrade.AbstractLayoutVersionManager (AbstractLayoutVersionManager.java:init(83)) - Initializing Layout version manager with metadata layout = DATANODE_SCHEMA_V3 (version = 4), software layout = DATANODE_SCHEMA_V3 (version = 4)
2022-11-03 16:01:08,945 [Listener at 127.0.0.1/45563] INFO  reflections.Reflections (Reflections.java:scan(232)) - Reflections took 46 ms to scan 7 urls, producing 139 keys and 336 values 
2022-11-03 16:01:08,949 [Listener at 127.0.0.1/45563] INFO  statemachine.DatanodeStateMachine (DatanodeStateMachine.java:getEndPointTaskThreadPoolSize(245)) - Datanode State Machine Task Thread Pool size 2
2022-11-03 16:01:09,002 [Listener at 127.0.0.1/45563] INFO  volume.HddsVolume (HddsVolume.java:<init>(117)) - Creating HddsVolume: /home/runner/work/ozone/ozone/hadoop-ozone/integration-test/target/test-dir/MiniOzoneClusterImpl-84bf62e0-a170-4695-9dd9-8848938f690d/datanode-0/data-0/containers/hdds of storage type : DISK capacity : 9223372036854775807
2022-11-03 16:01:09,005 [Listener at 127.0.0.1/45563] INFO  volume.MutableVolumeSet (MutableVolumeSet.java:initializeVolumeSet(174)) - Added Volume : /home/runner/work/ozone/ozone/hadoop-ozone/integration-test/target/test-dir/MiniOzoneClusterImpl-84bf62e0-a170-4695-9dd9-8848938f690d/datanode-0/data-0/containers/hdds to VolumeSet
2022-11-03 16:01:09,006 [Listener at 127.0.0.1/45563] INFO  volume.ThrottledAsyncChecker (ThrottledAsyncChecker.java:schedule(141)) - Scheduling a check for /home/runner/work/ozone/ozone/hadoop-ozone/integration-test/target/test-dir/MiniOzoneClusterImpl-84bf62e0-a170-4695-9dd9-8848938f690d/datanode-0/data-0/containers/hdds
2022-11-03 16:01:09,024 [Listener at 127.0.0.1/45563] INFO  volume.StorageVolumeChecker (StorageVolumeChecker.java:checkAllVolumes(202)) - Scheduled health check for volume /home/runner/work/ozone/ozone/hadoop-ozone/integration-test/target/test-dir/MiniOzoneClusterImpl-84bf62e0-a170-4695-9dd9-8848938f690d/datanode-0/data-0/containers/hdds
2022-11-03 16:01:09,041 [Listener at 127.0.0.1/45563] INFO  volume.MutableVolumeSet (MutableVolumeSet.java:initializeVolumeSet(174)) - Added Volume : /home/runner/work/ozone/ozone/hadoop-ozone/integration-test/target/test-dir/MiniOzoneClusterImpl-84bf62e0-a170-4695-9dd9-8848938f690d/datanode-0/data/ratis to VolumeSet
2022-11-03 16:01:09,041 [Listener at 127.0.0.1/45563] INFO  volume.ThrottledAsyncChecker (ThrottledAsyncChecker.java:schedule(141)) - Scheduling a check for /home/runner/work/ozone/ozone/hadoop-ozone/integration-test/target/test-dir/MiniOzoneClusterImpl-84bf62e0-a170-4695-9dd9-8848938f690d/datanode-0/data/ratis
2022-11-03 16:01:09,041 [Listener at 127.0.0.1/45563] INFO  volume.StorageVolumeChecker (StorageVolumeChecker.java:checkAllVolumes(202)) - Scheduled health check for volume /home/runner/work/ozone/ozone/hadoop-ozone/integration-test/target/test-dir/MiniOzoneClusterImpl-84bf62e0-a170-4695-9dd9-8848938f690d/datanode-0/data/ratis
2022-11-03 16:01:09,067 [Thread-136] INFO  ozoneimpl.ContainerReader (ContainerReader.java:readVolume(175)) - Finish verifying containers on volume /home/runner/work/ozone/ozone/hadoop-ozone/integration-test/target/test-dir/MiniOzoneClusterImpl-84bf62e0-a170-4695-9dd9-8848938f690d/datanode-0/data-0/containers/hdds
2022-11-03 16:01:09,068 [Listener at 127.0.0.1/45563] INFO  ozoneimpl.OzoneContainer (OzoneContainer.java:buildContainerSet(300)) - Build ContainerSet costs 0s
2022-11-03 16:01:09,116 [Listener at 127.0.0.1/45563] INFO  audit.AuditLogger (AuditLogger.java:refreshDebugCmdSet(126)) - Refresh DebugCmdSet for DNAudit to [].
2022-11-03 16:01:09,144 [Listener at 127.0.0.1/45563] INFO  server.RaftServer (ConfUtils.java:logGet(46)) - raft.rpc.type = GRPC (default)
2022-11-03 16:01:09,144 [Listener at 127.0.0.1/45563] INFO  grpc.GrpcConfigKeys (ConfUtils.java:logFallback(53)) - raft.grpc.admin.host = null (fallback to raft.grpc.server.host)
2022-11-03 16:01:09,144 [Listener at 127.0.0.1/45563] INFO  grpc.GrpcConfigKeys (ConfUtils.java:logGet(46)) - raft.grpc.admin.port = 0 (custom)
2022-11-03 16:01:09,145 [Listener at 127.0.0.1/45563] INFO  grpc.GrpcConfigKeys (ConfUtils.java:logFallback(53)) - raft.grpc.client.host = null (fallback to raft.grpc.server.host)
2022-11-03 16:01:09,145 [Listener at 127.0.0.1/45563] INFO  grpc.GrpcConfigKeys (ConfUtils.java:logGet(46)) - raft.grpc.client.port = 0 (custom)
2022-11-03 16:01:09,145 [Listener at 127.0.0.1/45563] INFO  grpc.GrpcConfigKeys (ConfUtils.java:logGet(46)) - raft.grpc.server.host = null (default)
2022-11-03 16:01:09,145 [Listener at 127.0.0.1/45563] INFO  grpc.GrpcConfigKeys (ConfUtils.java:logGet(46)) - raft.grpc.server.port = 0 (default)
2022-11-03 16:01:09,145 [Listener at 127.0.0.1/45563] INFO  server.GrpcService (ConfUtils.java:logGet(46)) - raft.grpc.message.size.max = 32MB (=33554432) (custom)
2022-11-03 16:01:09,145 [Listener at 127.0.0.1/45563] INFO  server.RaftServerConfigKeys (ConfUtils.java:logGet(46)) - raft.server.log.appender.buffer.byte-limit = 33554432 (custom)
2022-11-03 16:01:09,145 [Listener at 127.0.0.1/45563] INFO  server.GrpcService (ConfUtils.java:logGet(46)) - raft.grpc.flow.control.window = 5MB (=5242880) (custom)
2022-11-03 16:01:09,146 [Listener at 127.0.0.1/45563] INFO  server.RaftServerConfigKeys (ConfUtils.java:logGet(46)) - raft.server.rpc.request.timeout = 60s (custom)
2022-11-03 16:01:09,146 [Listener at 127.0.0.1/45563] INFO  grpc.GrpcConfigKeys (ConfUtils.java:logGet(46)) - raft.grpc.server.heartbeat.channel = true (default)
2022-11-03 16:01:09,146 [Listener at 127.0.0.1/45563] INFO  grpc.GrpcConfigKeys (ConfUtils.java:logGet(46)) - raft.grpc.server.async.request.thread.pool.cached = true (default)
2022-11-03 16:01:09,146 [Listener at 127.0.0.1/45563] INFO  grpc.GrpcConfigKeys (ConfUtils.java:logGet(46)) - raft.grpc.server.async.request.thread.pool.size = 32 (default)
2022-11-03 16:01:09,147 [Listener at 127.0.0.1/45563] INFO  impl.DataStreamServerImpl (ConfUtils.java:logGet(46)) - raft.datastream.type = DISABLED (default)
2022-11-03 16:01:09,148 [Listener at 127.0.0.1/45563] INFO  server.RaftServerConfigKeys (ConfUtils.java:logGet(46)) - raft.server.threadpool.proxy.cached = true (default)
2022-11-03 16:01:09,148 [Listener at 127.0.0.1/45563] INFO  server.RaftServerConfigKeys (ConfUtils.java:logGet(46)) - raft.server.threadpool.proxy.size = 0 (default)
2022-11-03 16:01:09,148 [Listener at 127.0.0.1/45563] INFO  server.RaftServerConfigKeys (ConfUtils.java:logGet(46)) - raft.server.rpc.slowness.timeout = 300s (custom)
2022-11-03 16:01:09,148 [Listener at 127.0.0.1/45563] INFO  server.RaftServerConfigKeys (ConfUtils.java:logGet(46)) - raft.server.leaderelection.leader.step-down.wait-time = 10s (default)
2022-11-03 16:01:09,149 [Listener at 127.0.0.1/45563] INFO  server.RaftServerConfigKeys (ConfUtils.java:logGet(46)) - raft.server.storage.dir = [/home/runner/work/ozone/ozone/hadoop-ozone/integration-test/target/test-dir/MiniOzoneClusterImpl-84bf62e0-a170-4695-9dd9-8848938f690d/datanode-0/data/ratis] (custom)
2022-11-03 16:01:09,165 [Listener at 127.0.0.1/45563] INFO  server.XceiverServerGrpc (XceiverServerGrpc.java:<init>(132)) - GrpcServer channel type EpollServerSocketChannel
2022-11-03 16:01:09,226 [Listener at 127.0.0.1/45563] INFO  http.BaseHttpServer (BaseHttpServer.java:newHttpServer2BuilderForOzone(213)) - Starting Web-server for hddsDatanode at: http://0.0.0.0:0
2022-11-03 16:01:09,227 [Listener at 127.0.0.1/45563] INFO  http.BaseHttpServer (BaseHttpServer.java:<init>(108)) - Hadoop Security Enabled: false Ozone Security Enabled: false Ozone HTTP Security Enabled: false 
2022-11-03 16:01:09,228 [Listener at 127.0.0.1/45563] WARN  server.AuthenticationFilter (AuthenticationFilter.java:constructSecretProvider(240)) - Unable to initialize FileSignerSecretProvider, falling back to use random secrets. Reason: Could not read signature secret file: /home/runner/hadoop-http-auth-signature-secret
2022-11-03 16:01:09,229 [Listener at 127.0.0.1/45563] WARN  http.HttpRequestLog (HttpRequestLog.java:getRequestLog(103)) - Jetty request log can only be enabled using Log4j
2022-11-03 16:01:09,231 [Listener at 127.0.0.1/45563] INFO  http.HttpServer2 (HttpServer2.java:addGlobalFilter(1031)) - Added global filter 'safety' (class=org.apache.hadoop.hdds.server.http.HttpServer2$QuotingInputFilter)
2022-11-03 16:01:09,231 [Listener at 127.0.0.1/45563] INFO  http.HttpServer2 (HttpServer2.java:addFilter(1007)) - Added filter static_user_filter (class=org.apache.hadoop.http.lib.StaticUserWebFilter$StaticUserFilter) to context hddsDatanode
2022-11-03 16:01:09,232 [Listener at 127.0.0.1/45563] INFO  http.HttpServer2 (HttpServer2.java:addFilter(1015)) - Added filter static_user_filter (class=org.apache.hadoop.http.lib.StaticUserWebFilter$StaticUserFilter) to context logs
2022-11-03 16:01:09,232 [Listener at 127.0.0.1/45563] INFO  http.HttpServer2 (HttpServer2.java:addFilter(1015)) - Added filter static_user_filter (class=org.apache.hadoop.http.lib.StaticUserWebFilter$StaticUserFilter) to context static
2022-11-03 16:01:09,233 [Listener at 127.0.0.1/45563] INFO  http.HttpServer2 (HttpServer2.java:bindListener(1250)) - Jetty bound to port 42387
2022-11-03 16:01:09,233 [Listener at 127.0.0.1/45563] INFO  server.Server (Server.java:doStart(375)) - jetty-9.4.49.v20220914; built: 2022-09-14T01:07:36.601Z; git: 4231a3b2e4cb8548a412a789936d640a97b1aa0a; jvm 1.8.0_345-b01
2022-11-03 16:01:09,245 [Listener at 127.0.0.1/45563] INFO  server.session (DefaultSessionIdManager.java:doStart(334)) - DefaultSessionIdManager workerName=node0
2022-11-03 16:01:09,245 [Listener at 127.0.0.1/45563] INFO  server.session (DefaultSessionIdManager.java:doStart(339)) - No SessionScavenger set, using defaults
2022-11-03 16:01:09,245 [Listener at 127.0.0.1/45563] INFO  server.session (HouseKeeper.java:startScavenging(132)) - node0 Scavenging every 600000ms
2022-11-03 16:01:09,246 [Listener at 127.0.0.1/45563] INFO  handler.ContextHandler (ContextHandler.java:doStart(921)) - Started o.e.j.s.ServletContextHandler@1894b733{logs,/logs,file:///home/runner/work/ozone/ozone/hadoop-ozone/integration-test/target/log,AVAILABLE}
2022-11-03 16:01:09,246 [Listener at 127.0.0.1/45563] INFO  handler.ContextHandler (ContextHandler.java:doStart(921)) - Started o.e.j.s.ServletContextHandler@145554d9{static,/static,jar:file:/home/runner/.m2/repository/org/apache/ozone/hdds-container-service/1.3.0-SNAPSHOT/hdds-container-service-1.3.0-SNAPSHOT.jar!/webapps/static,AVAILABLE}
2022-11-03 16:01:09,424 [Listener at 127.0.0.1/45563] INFO  handler.ContextHandler (ContextHandler.java:doStart(921)) - Started o.e.j.w.WebAppContext@34696884{hddsDatanode,/,file:///tmp/jetty-0_0_0_0-42387-hdds-container-service-1_3_0-SNAPSHOT_jar-_-any-4628040386833690561/webapp/,AVAILABLE}{jar:file:/home/runner/.m2/repository/org/apache/ozone/hdds-container-service/1.3.0-SNAPSHOT/hdds-container-service-1.3.0-SNAPSHOT.jar!/webapps/hddsDatanode}
2022-11-03 16:01:09,429 [Listener at 127.0.0.1/45563] INFO  server.AbstractConnector (AbstractConnector.java:doStart(333)) - Started ServerConnector@5f79d076{HTTP/1.1, (http/1.1)}{0.0.0.0:42387}
2022-11-03 16:01:09,429 [Listener at 127.0.0.1/45563] INFO  server.Server (Server.java:doStart(415)) - Started @7804ms
2022-11-03 16:01:09,429 [Listener at 127.0.0.1/45563] WARN  impl.MetricsSystemImpl (MetricsSystemImpl.java:register(279)) - Sink prometheus already exists!
2022-11-03 16:01:09,430 [Listener at 127.0.0.1/45563] INFO  http.BaseHttpServer (BaseHttpServer.java:updateConnectorAddress(333)) - HTTP server of hddsDatanode listening at http://0.0.0.0:42387
2022-11-03 16:01:09,437 [Listener at 127.0.0.1/45563] WARN  impl.MetricRegistriesImpl (MetricRegistriesImpl.java:addReporterRegistration(111)) - New reporters are added after registries were created. Some metrics will be missing from the reporter. Please add reporter before adding any new registry.
2022-11-03 16:01:09,437 [Listener at 127.0.0.1/45563] WARN  impl.MetricRegistriesImpl (MetricRegistriesImpl.java:addReporterRegistration(111)) - New reporters are added after registries were created. Some metrics will be missing from the reporter. Please add reporter before adding any new registry.
2022-11-03 16:01:09,437 [Listener at 127.0.0.1/45563] INFO  impl.MetricsSystemImpl (MetricsSystemImpl.java:init(158)) - HddsDatanode metrics system started (again)
2022-11-03 16:01:09,440 [Datanode State Machine Daemon Thread] INFO  statemachine.DatanodeStateMachine (DatanodeStateMachine.java:lambda$startDaemon$0(505)) - Ozone container server started.
2022-11-03 16:01:09,451 [Listener at 127.0.0.1/45563] INFO  ozone.HddsDatanodeService (HddsDatanodeService.java:start(236)) - HddsDatanodeService host:fv-az47-358.mma5zatft5wupo5mzspaixdheh.bx.internal.cloudapp.net ip:10.1.1.36
2022-11-03 16:01:09,459 [org.apache.hadoop.util.JvmPauseMonitor$Monitor@229f8d20] INFO  util.JvmPauseMonitor (JvmPauseMonitor.java:run(188)) - Starting JVM pause monitor
2022-11-03 16:01:09,474 [Listener at 127.0.0.1/45563] INFO  upgrade.AbstractLayoutVersionManager (AbstractLayoutVersionManager.java:init(83)) - Initializing Layout version manager with metadata layout = DATANODE_SCHEMA_V3 (version = 4), software layout = DATANODE_SCHEMA_V3 (version = 4)
2022-11-03 16:01:09,529 [Listener at 127.0.0.1/45563] INFO  reflections.Reflections (Reflections.java:scan(232)) - Reflections took 53 ms to scan 7 urls, producing 139 keys and 336 values 
2022-11-03 16:01:09,535 [Listener at 127.0.0.1/45563] INFO  statemachine.DatanodeStateMachine (DatanodeStateMachine.java:getEndPointTaskThreadPoolSize(245)) - Datanode State Machine Task Thread Pool size 2
2022-11-03 16:01:09,538 [Listener at 127.0.0.1/45563] INFO  volume.HddsVolume (HddsVolume.java:<init>(117)) - Creating HddsVolume: /home/runner/work/ozone/ozone/hadoop-ozone/integration-test/target/test-dir/MiniOzoneClusterImpl-84bf62e0-a170-4695-9dd9-8848938f690d/datanode-1/data-0/containers/hdds of storage type : DISK capacity : 9223372036854775807
2022-11-03 16:01:09,539 [Listener at 127.0.0.1/45563] INFO  volume.MutableVolumeSet (MutableVolumeSet.java:initializeVolumeSet(174)) - Added Volume : /home/runner/work/ozone/ozone/hadoop-ozone/integration-test/target/test-dir/MiniOzoneClusterImpl-84bf62e0-a170-4695-9dd9-8848938f690d/datanode-1/data-0/containers/hdds to VolumeSet
2022-11-03 16:01:09,539 [Listener at 127.0.0.1/45563] INFO  volume.ThrottledAsyncChecker (ThrottledAsyncChecker.java:schedule(141)) - Scheduling a check for /home/runner/work/ozone/ozone/hadoop-ozone/integration-test/target/test-dir/MiniOzoneClusterImpl-84bf62e0-a170-4695-9dd9-8848938f690d/datanode-1/data-0/containers/hdds
2022-11-03 16:01:09,552 [Listener at 127.0.0.1/45563] INFO  volume.StorageVolumeChecker (StorageVolumeChecker.java:checkAllVolumes(202)) - Scheduled health check for volume /home/runner/work/ozone/ozone/hadoop-ozone/integration-test/target/test-dir/MiniOzoneClusterImpl-84bf62e0-a170-4695-9dd9-8848938f690d/datanode-1/data-0/containers/hdds
2022-11-03 16:01:09,579 [Listener at 127.0.0.1/45563] INFO  volume.MutableVolumeSet (MutableVolumeSet.java:initializeVolumeSet(174)) - Added Volume : /home/runner/work/ozone/ozone/hadoop-ozone/integration-test/target/test-dir/MiniOzoneClusterImpl-84bf62e0-a170-4695-9dd9-8848938f690d/datanode-1/data/ratis to VolumeSet
2022-11-03 16:01:09,580 [Listener at 127.0.0.1/45563] INFO  volume.ThrottledAsyncChecker (ThrottledAsyncChecker.java:schedule(141)) - Scheduling a check for /home/runner/work/ozone/ozone/hadoop-ozone/integration-test/target/test-dir/MiniOzoneClusterImpl-84bf62e0-a170-4695-9dd9-8848938f690d/datanode-1/data/ratis
2022-11-03 16:01:09,581 [Listener at 127.0.0.1/45563] INFO  volume.StorageVolumeChecker (StorageVolumeChecker.java:checkAllVolumes(202)) - Scheduled health check for volume /home/runner/work/ozone/ozone/hadoop-ozone/integration-test/target/test-dir/MiniOzoneClusterImpl-84bf62e0-a170-4695-9dd9-8848938f690d/datanode-1/data/ratis
2022-11-03 16:01:09,599 [om1@group-C5BA1605619E-FollowerState] INFO  impl.FollowerState (FollowerState.java:run(143)) - om1@group-C5BA1605619E-FollowerState: change to CANDIDATE, lastRpcElapsedTime:1047588553ns, electionTimeout:1036ms
2022-11-03 16:01:09,600 [om1@group-C5BA1605619E-FollowerState] INFO  impl.RoleInfo (RoleInfo.java:shutdownFollowerState(110)) - om1: shutdown om1@group-C5BA1605619E-FollowerState
2022-11-03 16:01:09,601 [om1@group-C5BA1605619E-FollowerState] INFO  server.RaftServer$Division (RaftServerImpl.java:setRole(321)) - om1@group-C5BA1605619E: changes role from  FOLLOWER to CANDIDATE at term 0 for changeToCandidate
2022-11-03 16:01:09,604 [om1@group-C5BA1605619E-FollowerState] INFO  server.RaftServerConfigKeys (ConfUtils.java:logGet(46)) - raft.server.leaderelection.pre-vote = false (custom)
2022-11-03 16:01:09,604 [om1@group-C5BA1605619E-FollowerState] INFO  impl.RoleInfo (RoleInfo.java:updateAndGet(139)) - om1: start om1@group-C5BA1605619E-LeaderElection1
2022-11-03 16:01:09,616 [Thread-150] INFO  ozoneimpl.ContainerReader (ContainerReader.java:readVolume(175)) - Finish verifying containers on volume /home/runner/work/ozone/ozone/hadoop-ozone/integration-test/target/test-dir/MiniOzoneClusterImpl-84bf62e0-a170-4695-9dd9-8848938f690d/datanode-1/data-0/containers/hdds
2022-11-03 16:01:09,625 [Listener at 127.0.0.1/45563] INFO  ozoneimpl.OzoneContainer (OzoneContainer.java:buildContainerSet(300)) - Build ContainerSet costs 0s
2022-11-03 16:01:09,626 [om1@group-C5BA1605619E-LeaderElection1] INFO  impl.LeaderElection (LeaderElection.java:askForVotes(312)) - om1@group-C5BA1605619E-LeaderElection1 ELECTION round 0: submit vote requests at term 1 for -1: peers:[om1|rpc:localhost:9872|priority:0|startupRole:FOLLOWER]|listeners:[], old=null
2022-11-03 16:01:09,627 [om1@group-C5BA1605619E-LeaderElection1] INFO  impl.LeaderElection (LeaderElection.java:askForVotes(314)) - om1@group-C5BA1605619E-LeaderElection1 ELECTION round 0: result PASSED (term=1)
2022-11-03 16:01:09,628 [om1@group-C5BA1605619E-LeaderElection1] INFO  impl.RoleInfo (RoleInfo.java:shutdownLeaderElection(130)) - om1: shutdown om1@group-C5BA1605619E-LeaderElection1
2022-11-03 16:01:09,628 [om1@group-C5BA1605619E-LeaderElection1] INFO  server.RaftServer$Division (RaftServerImpl.java:setRole(321)) - om1@group-C5BA1605619E: changes role from CANDIDATE to LEADER at term 1 for changeToLeader
2022-11-03 16:01:09,628 [om1@group-C5BA1605619E-LeaderElection1] INFO  server.RaftServer$Division (ServerState.java:setLeader(313)) - om1@group-C5BA1605619E: change Leader from null to om1 at term 1 for becomeLeader, leader elected after 2059ms
2022-11-03 16:01:09,629 [Listener at 127.0.0.1/45563] INFO  server.RaftServer (ConfUtils.java:logGet(46)) - raft.rpc.type = GRPC (default)
2022-11-03 16:01:09,629 [Listener at 127.0.0.1/45563] INFO  grpc.GrpcConfigKeys (ConfUtils.java:logFallback(53)) - raft.grpc.admin.host = null (fallback to raft.grpc.server.host)
2022-11-03 16:01:09,629 [Listener at 127.0.0.1/45563] INFO  grpc.GrpcConfigKeys (ConfUtils.java:logGet(46)) - raft.grpc.admin.port = 0 (custom)
2022-11-03 16:01:09,629 [Listener at 127.0.0.1/45563] INFO  grpc.GrpcConfigKeys (ConfUtils.java:logFallback(53)) - raft.grpc.client.host = null (fallback to raft.grpc.server.host)
2022-11-03 16:01:09,629 [Listener at 127.0.0.1/45563] INFO  grpc.GrpcConfigKeys (ConfUtils.java:logGet(46)) - raft.grpc.client.port = 0 (custom)
2022-11-03 16:01:09,630 [Listener at 127.0.0.1/45563] INFO  grpc.GrpcConfigKeys (ConfUtils.java:logGet(46)) - raft.grpc.server.host = null (default)
2022-11-03 16:01:09,630 [Listener at 127.0.0.1/45563] INFO  grpc.GrpcConfigKeys (ConfUtils.java:logGet(46)) - raft.grpc.server.port = 0 (default)
2022-11-03 16:01:09,630 [Listener at 127.0.0.1/45563] INFO  server.GrpcService (ConfUtils.java:logGet(46)) - raft.grpc.message.size.max = 32MB (=33554432) (custom)
2022-11-03 16:01:09,630 [Listener at 127.0.0.1/45563] INFO  server.RaftServerConfigKeys (ConfUtils.java:logGet(46)) - raft.server.log.appender.buffer.byte-limit = 33554432 (custom)
2022-11-03 16:01:09,630 [Listener at 127.0.0.1/45563] INFO  server.GrpcService (ConfUtils.java:logGet(46)) - raft.grpc.flow.control.window = 5MB (=5242880) (custom)
2022-11-03 16:01:09,630 [Listener at 127.0.0.1/45563] INFO  server.RaftServerConfigKeys (ConfUtils.java:logGet(46)) - raft.server.rpc.request.timeout = 60s (custom)
2022-11-03 16:01:09,631 [Listener at 127.0.0.1/45563] INFO  grpc.GrpcConfigKeys (ConfUtils.java:logGet(46)) - raft.grpc.server.heartbeat.channel = true (default)
2022-11-03 16:01:09,631 [Listener at 127.0.0.1/45563] INFO  grpc.GrpcConfigKeys (ConfUtils.java:logGet(46)) - raft.grpc.server.async.request.thread.pool.cached = true (default)
2022-11-03 16:01:09,631 [Listener at 127.0.0.1/45563] INFO  grpc.GrpcConfigKeys (ConfUtils.java:logGet(46)) - raft.grpc.server.async.request.thread.pool.size = 32 (default)
2022-11-03 16:01:09,634 [Listener at 127.0.0.1/45563] INFO  impl.DataStreamServerImpl (ConfUtils.java:logGet(46)) - raft.datastream.type = DISABLED (default)
2022-11-03 16:01:09,634 [Listener at 127.0.0.1/45563] INFO  server.RaftServerConfigKeys (ConfUtils.java:logGet(46)) - raft.server.threadpool.proxy.cached = true (default)
2022-11-03 16:01:09,634 [Listener at 127.0.0.1/45563] INFO  server.RaftServerConfigKeys (ConfUtils.java:logGet(46)) - raft.server.threadpool.proxy.size = 0 (default)
2022-11-03 16:01:09,635 [Listener at 127.0.0.1/45563] INFO  server.RaftServerConfigKeys (ConfUtils.java:logGet(46)) - raft.server.rpc.slowness.timeout = 300s (custom)
2022-11-03 16:01:09,635 [Listener at 127.0.0.1/45563] INFO  server.RaftServerConfigKeys (ConfUtils.java:logGet(46)) - raft.server.leaderelection.leader.step-down.wait-time = 10s (default)
2022-11-03 16:01:09,635 [Listener at 127.0.0.1/45563] INFO  server.RaftServerConfigKeys (ConfUtils.java:logGet(46)) - raft.server.storage.dir = [/home/runner/work/ozone/ozone/hadoop-ozone/integration-test/target/test-dir/MiniOzoneClusterImpl-84bf62e0-a170-4695-9dd9-8848938f690d/datanode-1/data/ratis] (custom)
2022-11-03 16:01:09,642 [Listener at 127.0.0.1/45563] INFO  server.XceiverServerGrpc (XceiverServerGrpc.java:<init>(132)) - GrpcServer channel type EpollServerSocketChannel
2022-11-03 16:01:09,643 [om1@group-C5BA1605619E-LeaderElection1] INFO  server.RaftServerConfigKeys (ConfUtils.java:logGet(46)) - raft.server.staging.catchup.gap = 1000 (default)
2022-11-03 16:01:09,648 [Listener at 127.0.0.1/45563] INFO  http.BaseHttpServer (BaseHttpServer.java:newHttpServer2BuilderForOzone(213)) - Starting Web-server for hddsDatanode at: http://0.0.0.0:0
2022-11-03 16:01:09,648 [Listener at 127.0.0.1/45563] INFO  http.BaseHttpServer (BaseHttpServer.java:<init>(108)) - Hadoop Security Enabled: false Ozone Security Enabled: false Ozone HTTP Security Enabled: false 
2022-11-03 16:01:09,650 [Listener at 127.0.0.1/45563] WARN  server.AuthenticationFilter (AuthenticationFilter.java:constructSecretProvider(240)) - Unable to initialize FileSignerSecretProvider, falling back to use random secrets. Reason: Could not read signature secret file: /home/runner/hadoop-http-auth-signature-secret
2022-11-03 16:01:09,655 [Datanode State Machine Task Thread - 0] INFO  datanode.InitDatanodeState (InitDatanodeState.java:persistContainerDatanodeDetails(138)) - DatanodeDetails is persisted to /home/runner/work/ozone/ozone/hadoop-ozone/integration-test/target/test-dir/MiniOzoneClusterImpl-84bf62e0-a170-4695-9dd9-8848938f690d/datanode-0/meta/datanode.id
2022-11-03 16:01:09,657 [Listener at 127.0.0.1/45563] WARN  http.HttpRequestLog (HttpRequestLog.java:getRequestLog(103)) - Jetty request log can only be enabled using Log4j
2022-11-03 16:01:09,658 [Listener at 127.0.0.1/45563] INFO  http.HttpServer2 (HttpServer2.java:addGlobalFilter(1031)) - Added global filter 'safety' (class=org.apache.hadoop.hdds.server.http.HttpServer2$QuotingInputFilter)
2022-11-03 16:01:09,659 [Listener at 127.0.0.1/45563] INFO  http.HttpServer2 (HttpServer2.java:addFilter(1007)) - Added filter static_user_filter (class=org.apache.hadoop.http.lib.StaticUserWebFilter$StaticUserFilter) to context hddsDatanode
2022-11-03 16:01:09,659 [Listener at 127.0.0.1/45563] INFO  http.HttpServer2 (HttpServer2.java:addFilter(1015)) - Added filter static_user_filter (class=org.apache.hadoop.http.lib.StaticUserWebFilter$StaticUserFilter) to context logs
2022-11-03 16:01:09,659 [Listener at 127.0.0.1/45563] INFO  http.HttpServer2 (HttpServer2.java:addFilter(1015)) - Added filter static_user_filter (class=org.apache.hadoop.http.lib.StaticUserWebFilter$StaticUserFilter) to context static
2022-11-03 16:01:09,660 [Listener at 127.0.0.1/45563] INFO  http.HttpServer2 (HttpServer2.java:bindListener(1250)) - Jetty bound to port 33409
2022-11-03 16:01:09,660 [Listener at 127.0.0.1/45563] INFO  server.Server (Server.java:doStart(375)) - jetty-9.4.49.v20220914; built: 2022-09-14T01:07:36.601Z; git: 4231a3b2e4cb8548a412a789936d640a97b1aa0a; jvm 1.8.0_345-b01
2022-11-03 16:01:09,683 [Listener at 127.0.0.1/45563] INFO  server.session (DefaultSessionIdManager.java:doStart(334)) - DefaultSessionIdManager workerName=node0
2022-11-03 16:01:09,684 [Listener at 127.0.0.1/45563] INFO  server.session (DefaultSessionIdManager.java:doStart(339)) - No SessionScavenger set, using defaults
2022-11-03 16:01:09,684 [Listener at 127.0.0.1/45563] INFO  server.session (HouseKeeper.java:startScavenging(132)) - node0 Scavenging every 660000ms
2022-11-03 16:01:09,685 [Listener at 127.0.0.1/45563] INFO  handler.ContextHandler (ContextHandler.java:doStart(921)) - Started o.e.j.s.ServletContextHandler@26f2b7{logs,/logs,file:///home/runner/work/ozone/ozone/hadoop-ozone/integration-test/target/log,AVAILABLE}
2022-11-03 16:01:09,685 [Listener at 127.0.0.1/45563] INFO  handler.ContextHandler (ContextHandler.java:doStart(921)) - Started o.e.j.s.ServletContextHandler@bbb5f74{static,/static,jar:file:/home/runner/.m2/repository/org/apache/ozone/hdds-container-service/1.3.0-SNAPSHOT/hdds-container-service-1.3.0-SNAPSHOT.jar!/webapps/static,AVAILABLE}
2022-11-03 16:01:09,690 [om1@group-C5BA1605619E-LeaderElection1] INFO  server.RaftServerConfigKeys (ConfUtils.java:logGet(46)) - raft.server.write.element-limit = 4096 (default)
2022-11-03 16:01:09,691 [om1@group-C5BA1605619E-LeaderElection1] INFO  server.RaftServerConfigKeys (ConfUtils.java:logGet(46)) - raft.server.write.byte-limit = 64MB (=67108864) (default)
2022-11-03 16:01:09,696 [om1@group-C5BA1605619E-LeaderElection1] INFO  server.RaftServerConfigKeys (ConfUtils.java:logGet(46)) - raft.server.watch.timeout = 10s (default)
2022-11-03 16:01:09,697 [om1@group-C5BA1605619E-LeaderElection1] INFO  server.RaftServerConfigKeys (ConfUtils.java:logGet(46)) - raft.server.watch.timeout.denomination = 1s (default)
2022-11-03 16:01:09,698 [om1@group-C5BA1605619E-LeaderElection1] INFO  server.RaftServerConfigKeys (ConfUtils.java:logGet(46)) - raft.server.watch.element-limit = 65536 (default)
2022-11-03 16:01:09,705 [om1@group-C5BA1605619E-LeaderElection1] INFO  server.RaftServerConfigKeys (ConfUtils.java:logGet(46)) - raft.server.write.element-limit = 4096 (default)
2022-11-03 16:01:09,706 [om1@group-C5BA1605619E-LeaderElection1] INFO  server.RaftServerConfigKeys (ConfUtils.java:logGet(46)) - raft.server.write.follower.gap.ratio.max = -1.0 (default)
2022-11-03 16:01:09,711 [om1@group-C5BA1605619E-LeaderElection1] INFO  impl.RoleInfo (RoleInfo.java:updateAndGet(139)) - om1: start om1@group-C5BA1605619E-LeaderStateImpl
2022-11-03 16:01:09,738 [om1@group-C5BA1605619E-LeaderElection1] INFO  segmented.SegmentedRaftLogWorker (SegmentedRaftLogWorker.java:startLogSegment(452)) - om1@group-C5BA1605619E-SegmentedRaftLogWorker: Starting segment from index:0
2022-11-03 16:01:09,770 [om1@group-C5BA1605619E-LeaderElection1] INFO  server.RaftServer$Division (ServerState.java:setRaftConf(430)) - om1@group-C5BA1605619E: set configuration 0: peers:[om1|rpc:localhost:9872|admin:|client:|dataStream:|priority:0|startupRole:FOLLOWER]|listeners:[], old=null
2022-11-03 16:01:09,891 [om1@group-C5BA1605619E-SegmentedRaftLogWorker] INFO  segmented.SegmentedRaftLogWorker (SegmentedRaftLogWorker.java:execute(656)) - om1@group-C5BA1605619E-SegmentedRaftLogWorker: created new log segment /home/runner/work/ozone/ozone/hadoop-ozone/integration-test/target/test-dir/MiniOzoneClusterImpl-84bf62e0-a170-4695-9dd9-8848938f690d/ozone-meta/ratis/bf265839-605b-3f16-9796-c5ba1605619e/current/log_inprogress_0
2022-11-03 16:01:09,937 [Listener at 127.0.0.1/45563] INFO  handler.ContextHandler (ContextHandler.java:doStart(921)) - Started o.e.j.w.WebAppContext@59aa07cf{hddsDatanode,/,file:///tmp/jetty-0_0_0_0-33409-hdds-container-service-1_3_0-SNAPSHOT_jar-_-any-674527040503952020/webapp/,AVAILABLE}{jar:file:/home/runner/.m2/repository/org/apache/ozone/hdds-container-service/1.3.0-SNAPSHOT/hdds-container-service-1.3.0-SNAPSHOT.jar!/webapps/hddsDatanode}
2022-11-03 16:01:09,940 [Listener at 127.0.0.1/45563] INFO  server.AbstractConnector (AbstractConnector.java:doStart(333)) - Started ServerConnector@715f00d0{HTTP/1.1, (http/1.1)}{0.0.0.0:33409}
2022-11-03 16:01:09,940 [Listener at 127.0.0.1/45563] INFO  server.Server (Server.java:doStart(415)) - Started @8315ms
2022-11-03 16:01:09,940 [Listener at 127.0.0.1/45563] WARN  impl.MetricsSystemImpl (MetricsSystemImpl.java:register(279)) - Sink prometheus already exists!
2022-11-03 16:01:09,941 [Listener at 127.0.0.1/45563] INFO  http.BaseHttpServer (BaseHttpServer.java:updateConnectorAddress(333)) - HTTP server of hddsDatanode listening at http://0.0.0.0:33409
2022-11-03 16:01:09,944 [Listener at 127.0.0.1/45563] WARN  impl.MetricRegistriesImpl (MetricRegistriesImpl.java:addReporterRegistration(111)) - New reporters are added after registries were created. Some metrics will be missing from the reporter. Please add reporter before adding any new registry.
2022-11-03 16:01:09,944 [Listener at 127.0.0.1/45563] WARN  impl.MetricRegistriesImpl (MetricRegistriesImpl.java:addReporterRegistration(111)) - New reporters are added after registries were created. Some metrics will be missing from the reporter. Please add reporter before adding any new registry.
2022-11-03 16:01:09,944 [Listener at 127.0.0.1/45563] INFO  impl.MetricsSystemImpl (MetricsSystemImpl.java:init(158)) - HddsDatanode metrics system started (again)
2022-11-03 16:01:09,950 [Datanode State Machine Daemon Thread] INFO  statemachine.DatanodeStateMachine (DatanodeStateMachine.java:lambda$startDaemon$0(505)) - Ozone container server started.
2022-11-03 16:01:09,966 [org.apache.hadoop.util.JvmPauseMonitor$Monitor@4b2e8012] INFO  util.JvmPauseMonitor (JvmPauseMonitor.java:run(188)) - Starting JVM pause monitor
2022-11-03 16:01:09,973 [Listener at 127.0.0.1/45563] INFO  ozone.HddsDatanodeService (HddsDatanodeService.java:start(236)) - HddsDatanodeService host:fv-az47-358.mma5zatft5wupo5mzspaixdheh.bx.internal.cloudapp.net ip:10.1.1.36
2022-11-03 16:01:09,995 [Datanode State Machine Task Thread - 0] INFO  datanode.InitDatanodeState (InitDatanodeState.java:persistContainerDatanodeDetails(138)) - DatanodeDetails is persisted to /home/runner/work/ozone/ozone/hadoop-ozone/integration-test/target/test-dir/MiniOzoneClusterImpl-84bf62e0-a170-4695-9dd9-8848938f690d/datanode-1/meta/datanode.id
2022-11-03 16:01:10,014 [Listener at 127.0.0.1/45563] INFO  upgrade.AbstractLayoutVersionManager (AbstractLayoutVersionManager.java:init(83)) - Initializing Layout version manager with metadata layout = DATANODE_SCHEMA_V3 (version = 4), software layout = DATANODE_SCHEMA_V3 (version = 4)
2022-11-03 16:01:10,027 [om1@group-C5BA1605619E-StateMachineUpdater] INFO  ratis.OzoneManagerStateMachine (OzoneManagerStateMachine.java:notifyConfigurationChanged(192)) - Received Configuration change notification from Ratis. New Peer list:
[id: "om1"
address: "localhost:9872"
startupRole: FOLLOWER
]
2022-11-03 16:01:10,062 [Listener at 127.0.0.1/45563] INFO  reflections.Reflections (Reflections.java:scan(232)) - Reflections took 46 ms to scan 7 urls, producing 139 keys and 336 values 
2022-11-03 16:01:10,064 [Listener at 127.0.0.1/45563] INFO  statemachine.DatanodeStateMachine (DatanodeStateMachine.java:getEndPointTaskThreadPoolSize(245)) - Datanode State Machine Task Thread Pool size 2
2022-11-03 16:01:10,073 [Listener at 127.0.0.1/45563] INFO  volume.HddsVolume (HddsVolume.java:<init>(117)) - Creating HddsVolume: /home/runner/work/ozone/ozone/hadoop-ozone/integration-test/target/test-dir/MiniOzoneClusterImpl-84bf62e0-a170-4695-9dd9-8848938f690d/datanode-2/data-0/containers/hdds of storage type : DISK capacity : 9223372036854775807
2022-11-03 16:01:10,073 [Listener at 127.0.0.1/45563] INFO  volume.MutableVolumeSet (MutableVolumeSet.java:initializeVolumeSet(174)) - Added Volume : /home/runner/work/ozone/ozone/hadoop-ozone/integration-test/target/test-dir/MiniOzoneClusterImpl-84bf62e0-a170-4695-9dd9-8848938f690d/datanode-2/data-0/containers/hdds to VolumeSet
2022-11-03 16:01:10,074 [Listener at 127.0.0.1/45563] INFO  volume.ThrottledAsyncChecker (ThrottledAsyncChecker.java:schedule(141)) - Scheduling a check for /home/runner/work/ozone/ozone/hadoop-ozone/integration-test/target/test-dir/MiniOzoneClusterImpl-84bf62e0-a170-4695-9dd9-8848938f690d/datanode-2/data-0/containers/hdds
2022-11-03 16:01:10,080 [Listener at 127.0.0.1/45563] INFO  volume.StorageVolumeChecker (StorageVolumeChecker.java:checkAllVolumes(202)) - Scheduled health check for volume /home/runner/work/ozone/ozone/hadoop-ozone/integration-test/target/test-dir/MiniOzoneClusterImpl-84bf62e0-a170-4695-9dd9-8848938f690d/datanode-2/data-0/containers/hdds
2022-11-03 16:01:10,092 [Listener at 127.0.0.1/45563] INFO  volume.MutableVolumeSet (MutableVolumeSet.java:initializeVolumeSet(174)) - Added Volume : /home/runner/work/ozone/ozone/hadoop-ozone/integration-test/target/test-dir/MiniOzoneClusterImpl-84bf62e0-a170-4695-9dd9-8848938f690d/datanode-2/data/ratis to VolumeSet
2022-11-03 16:01:10,092 [Listener at 127.0.0.1/45563] INFO  volume.ThrottledAsyncChecker (ThrottledAsyncChecker.java:schedule(141)) - Scheduling a check for /home/runner/work/ozone/ozone/hadoop-ozone/integration-test/target/test-dir/MiniOzoneClusterImpl-84bf62e0-a170-4695-9dd9-8848938f690d/datanode-2/data/ratis
2022-11-03 16:01:10,093 [Listener at 127.0.0.1/45563] INFO  volume.StorageVolumeChecker (StorageVolumeChecker.java:checkAllVolumes(202)) - Scheduled health check for volume /home/runner/work/ozone/ozone/hadoop-ozone/integration-test/target/test-dir/MiniOzoneClusterImpl-84bf62e0-a170-4695-9dd9-8848938f690d/datanode-2/data/ratis
2022-11-03 16:01:10,104 [Thread-164] INFO  ozoneimpl.ContainerReader (ContainerReader.java:readVolume(175)) - Finish verifying containers on volume /home/runner/work/ozone/ozone/hadoop-ozone/integration-test/target/test-dir/MiniOzoneClusterImpl-84bf62e0-a170-4695-9dd9-8848938f690d/datanode-2/data-0/containers/hdds
2022-11-03 16:01:10,104 [Listener at 127.0.0.1/45563] INFO  ozoneimpl.OzoneContainer (OzoneContainer.java:buildContainerSet(300)) - Build ContainerSet costs 0s
2022-11-03 16:01:10,107 [Listener at 127.0.0.1/45563] INFO  server.RaftServer (ConfUtils.java:logGet(46)) - raft.rpc.type = GRPC (default)
2022-11-03 16:01:10,107 [Listener at 127.0.0.1/45563] INFO  grpc.GrpcConfigKeys (ConfUtils.java:logFallback(53)) - raft.grpc.admin.host = null (fallback to raft.grpc.server.host)
2022-11-03 16:01:10,107 [Listener at 127.0.0.1/45563] INFO  grpc.GrpcConfigKeys (ConfUtils.java:logGet(46)) - raft.grpc.admin.port = 0 (custom)
2022-11-03 16:01:10,107 [Listener at 127.0.0.1/45563] INFO  grpc.GrpcConfigKeys (ConfUtils.java:logFallback(53)) - raft.grpc.client.host = null (fallback to raft.grpc.server.host)
2022-11-03 16:01:10,108 [Listener at 127.0.0.1/45563] INFO  grpc.GrpcConfigKeys (ConfUtils.java:logGet(46)) - raft.grpc.client.port = 0 (custom)
2022-11-03 16:01:10,108 [Listener at 127.0.0.1/45563] INFO  grpc.GrpcConfigKeys (ConfUtils.java:logGet(46)) - raft.grpc.server.host = null (default)
2022-11-03 16:01:10,108 [Listener at 127.0.0.1/45563] INFO  grpc.GrpcConfigKeys (ConfUtils.java:logGet(46)) - raft.grpc.server.port = 0 (default)
2022-11-03 16:01:10,108 [Listener at 127.0.0.1/45563] INFO  server.GrpcService (ConfUtils.java:logGet(46)) - raft.grpc.message.size.max = 32MB (=33554432) (custom)
2022-11-03 16:01:10,108 [Listener at 127.0.0.1/45563] INFO  server.RaftServerConfigKeys (ConfUtils.java:logGet(46)) - raft.server.log.appender.buffer.byte-limit = 33554432 (custom)
2022-11-03 16:01:10,110 [Listener at 127.0.0.1/45563] INFO  server.GrpcService (ConfUtils.java:logGet(46)) - raft.grpc.flow.control.window = 5MB (=5242880) (custom)
2022-11-03 16:01:10,111 [Listener at 127.0.0.1/45563] INFO  server.RaftServerConfigKeys (ConfUtils.java:logGet(46)) - raft.server.rpc.request.timeout = 60s (custom)
2022-11-03 16:01:10,111 [Listener at 127.0.0.1/45563] INFO  grpc.GrpcConfigKeys (ConfUtils.java:logGet(46)) - raft.grpc.server.heartbeat.channel = true (default)
2022-11-03 16:01:10,111 [Listener at 127.0.0.1/45563] INFO  grpc.GrpcConfigKeys (ConfUtils.java:logGet(46)) - raft.grpc.server.async.request.thread.pool.cached = true (default)
2022-11-03 16:01:10,111 [Listener at 127.0.0.1/45563] INFO  grpc.GrpcConfigKeys (ConfUtils.java:logGet(46)) - raft.grpc.server.async.request.thread.pool.size = 32 (default)
2022-11-03 16:01:10,112 [Listener at 127.0.0.1/45563] INFO  impl.DataStreamServerImpl (ConfUtils.java:logGet(46)) - raft.datastream.type = DISABLED (default)
2022-11-03 16:01:10,113 [Listener at 127.0.0.1/45563] INFO  server.RaftServerConfigKeys (ConfUtils.java:logGet(46)) - raft.server.threadpool.proxy.cached = true (default)
2022-11-03 16:01:10,113 [Listener at 127.0.0.1/45563] INFO  server.RaftServerConfigKeys (ConfUtils.java:logGet(46)) - raft.server.threadpool.proxy.size = 0 (default)
2022-11-03 16:01:10,113 [Listener at 127.0.0.1/45563] INFO  server.RaftServerConfigKeys (ConfUtils.java:logGet(46)) - raft.server.rpc.slowness.timeout = 300s (custom)
2022-11-03 16:01:10,113 [Listener at 127.0.0.1/45563] INFO  server.RaftServerConfigKeys (ConfUtils.java:logGet(46)) - raft.server.leaderelection.leader.step-down.wait-time = 10s (default)
2022-11-03 16:01:10,113 [Listener at 127.0.0.1/45563] INFO  server.RaftServerConfigKeys (ConfUtils.java:logGet(46)) - raft.server.storage.dir = [/home/runner/work/ozone/ozone/hadoop-ozone/integration-test/target/test-dir/MiniOzoneClusterImpl-84bf62e0-a170-4695-9dd9-8848938f690d/datanode-2/data/ratis] (custom)
2022-11-03 16:01:10,115 [Listener at 127.0.0.1/45563] INFO  server.XceiverServerGrpc (XceiverServerGrpc.java:<init>(132)) - GrpcServer channel type EpollServerSocketChannel
2022-11-03 16:01:10,119 [Listener at 127.0.0.1/45563] INFO  http.BaseHttpServer (BaseHttpServer.java:newHttpServer2BuilderForOzone(213)) - Starting Web-server for hddsDatanode at: http://0.0.0.0:0
2022-11-03 16:01:10,119 [Listener at 127.0.0.1/45563] INFO  http.BaseHttpServer (BaseHttpServer.java:<init>(108)) - Hadoop Security Enabled: false Ozone Security Enabled: false Ozone HTTP Security Enabled: false 
2022-11-03 16:01:10,120 [Listener at 127.0.0.1/45563] WARN  server.AuthenticationFilter (AuthenticationFilter.java:constructSecretProvider(240)) - Unable to initialize FileSignerSecretProvider, falling back to use random secrets. Reason: Could not read signature secret file: /home/runner/hadoop-http-auth-signature-secret
2022-11-03 16:01:10,121 [Listener at 127.0.0.1/45563] WARN  http.HttpRequestLog (HttpRequestLog.java:getRequestLog(103)) - Jetty request log can only be enabled using Log4j
2022-11-03 16:01:10,122 [Listener at 127.0.0.1/45563] INFO  http.HttpServer2 (HttpServer2.java:addGlobalFilter(1031)) - Added global filter 'safety' (class=org.apache.hadoop.hdds.server.http.HttpServer2$QuotingInputFilter)
2022-11-03 16:01:10,123 [Listener at 127.0.0.1/45563] INFO  http.HttpServer2 (HttpServer2.java:addFilter(1007)) - Added filter static_user_filter (class=org.apache.hadoop.http.lib.StaticUserWebFilter$StaticUserFilter) to context hddsDatanode
2022-11-03 16:01:10,123 [Listener at 127.0.0.1/45563] INFO  http.HttpServer2 (HttpServer2.java:addFilter(1015)) - Added filter static_user_filter (class=org.apache.hadoop.http.lib.StaticUserWebFilter$StaticUserFilter) to context static
2022-11-03 16:01:10,123 [Listener at 127.0.0.1/45563] INFO  http.HttpServer2 (HttpServer2.java:addFilter(1015)) - Added filter static_user_filter (class=org.apache.hadoop.http.lib.StaticUserWebFilter$StaticUserFilter) to context logs
2022-11-03 16:01:10,124 [Listener at 127.0.0.1/45563] INFO  http.HttpServer2 (HttpServer2.java:bindListener(1250)) - Jetty bound to port 39495
2022-11-03 16:01:10,124 [Listener at 127.0.0.1/45563] INFO  server.Server (Server.java:doStart(375)) - jetty-9.4.49.v20220914; built: 2022-09-14T01:07:36.601Z; git: 4231a3b2e4cb8548a412a789936d640a97b1aa0a; jvm 1.8.0_345-b01
2022-11-03 16:01:10,141 [Listener at 127.0.0.1/45563] INFO  server.session (DefaultSessionIdManager.java:doStart(334)) - DefaultSessionIdManager workerName=node0
2022-11-03 16:01:10,142 [Listener at 127.0.0.1/45563] INFO  server.session (DefaultSessionIdManager.java:doStart(339)) - No SessionScavenger set, using defaults
2022-11-03 16:01:10,142 [Listener at 127.0.0.1/45563] INFO  server.session (HouseKeeper.java:startScavenging(132)) - node0 Scavenging every 660000ms
2022-11-03 16:01:10,144 [Listener at 127.0.0.1/45563] INFO  handler.ContextHandler (ContextHandler.java:doStart(921)) - Started o.e.j.s.ServletContextHandler@123a6926{logs,/logs,file:///home/runner/work/ozone/ozone/hadoop-ozone/integration-test/target/log,AVAILABLE}
2022-11-03 16:01:10,144 [Listener at 127.0.0.1/45563] INFO  handler.ContextHandler (ContextHandler.java:doStart(921)) - Started o.e.j.s.ServletContextHandler@76e14d07{static,/static,jar:file:/home/runner/.m2/repository/org/apache/ozone/hdds-container-service/1.3.0-SNAPSHOT/hdds-container-service-1.3.0-SNAPSHOT.jar!/webapps/static,AVAILABLE}
2022-11-03 16:01:10,314 [Listener at 127.0.0.1/45563] INFO  handler.ContextHandler (ContextHandler.java:doStart(921)) - Started o.e.j.w.WebAppContext@1be2c8a4{hddsDatanode,/,file:///tmp/jetty-0_0_0_0-39495-hdds-container-service-1_3_0-SNAPSHOT_jar-_-any-1548799611043865415/webapp/,AVAILABLE}{jar:file:/home/runner/.m2/repository/org/apache/ozone/hdds-container-service/1.3.0-SNAPSHOT/hdds-container-service-1.3.0-SNAPSHOT.jar!/webapps/hddsDatanode}
2022-11-03 16:01:10,315 [Listener at 127.0.0.1/45563] INFO  server.AbstractConnector (AbstractConnector.java:doStart(333)) - Started ServerConnector@f4161d8{HTTP/1.1, (http/1.1)}{0.0.0.0:39495}
2022-11-03 16:01:10,315 [Listener at 127.0.0.1/45563] INFO  server.Server (Server.java:doStart(415)) - Started @8690ms
2022-11-03 16:01:10,315 [Listener at 127.0.0.1/45563] WARN  impl.MetricsSystemImpl (MetricsSystemImpl.java:register(279)) - Sink prometheus already exists!
2022-11-03 16:01:10,316 [Listener at 127.0.0.1/45563] INFO  http.BaseHttpServer (BaseHttpServer.java:updateConnectorAddress(333)) - HTTP server of hddsDatanode listening at http://0.0.0.0:39495
2022-11-03 16:01:10,317 [Datanode State Machine Daemon Thread] INFO  statemachine.DatanodeStateMachine (DatanodeStateMachine.java:lambda$startDaemon$0(505)) - Ozone container server started.
2022-11-03 16:01:10,317 [Listener at 127.0.0.1/45563] WARN  impl.MetricRegistriesImpl (MetricRegistriesImpl.java:addReporterRegistration(111)) - New reporters are added after registries were created. Some metrics will be missing from the reporter. Please add reporter before adding any new registry.
2022-11-03 16:01:10,321 [Listener at 127.0.0.1/45563] WARN  impl.MetricRegistriesImpl (MetricRegistriesImpl.java:addReporterRegistration(111)) - New reporters are added after registries were created. Some metrics will be missing from the reporter. Please add reporter before adding any new registry.
2022-11-03 16:01:10,321 [Listener at 127.0.0.1/45563] INFO  impl.MetricsSystemImpl (MetricsSystemImpl.java:init(158)) - HddsDatanode metrics system started (again)
2022-11-03 16:01:10,334 [Listener at 127.0.0.1/45563] INFO  ozone.HddsDatanodeService (HddsDatanodeService.java:start(236)) - HddsDatanodeService host:fv-az47-358.mma5zatft5wupo5mzspaixdheh.bx.internal.cloudapp.net ip:10.1.1.36
2022-11-03 16:01:10,348 [org.apache.hadoop.util.JvmPauseMonitor$Monitor@63d97a76] INFO  util.JvmPauseMonitor (JvmPauseMonitor.java:run(188)) - Starting JVM pause monitor
2022-11-03 16:01:10,366 [Datanode State Machine Task Thread - 0] INFO  datanode.InitDatanodeState (InitDatanodeState.java:persistContainerDatanodeDetails(138)) - DatanodeDetails is persisted to /home/runner/work/ozone/ozone/hadoop-ozone/integration-test/target/test-dir/MiniOzoneClusterImpl-84bf62e0-a170-4695-9dd9-8848938f690d/datanode-2/meta/datanode.id
2022-11-03 16:01:10,380 [Listener at 127.0.0.1/45563] INFO  upgrade.AbstractLayoutVersionManager (AbstractLayoutVersionManager.java:init(83)) - Initializing Layout version manager with metadata layout = DATANODE_SCHEMA_V3 (version = 4), software layout = DATANODE_SCHEMA_V3 (version = 4)
2022-11-03 16:01:10,425 [Listener at 127.0.0.1/45563] INFO  reflections.Reflections (Reflections.java:scan(232)) - Reflections took 44 ms to scan 7 urls, producing 139 keys and 336 values 
2022-11-03 16:01:10,427 [Listener at 127.0.0.1/45563] INFO  statemachine.DatanodeStateMachine (DatanodeStateMachine.java:getEndPointTaskThreadPoolSize(245)) - Datanode State Machine Task Thread Pool size 2
2022-11-03 16:01:10,429 [Listener at 127.0.0.1/45563] INFO  volume.HddsVolume (HddsVolume.java:<init>(117)) - Creating HddsVolume: /home/runner/work/ozone/ozone/hadoop-ozone/integration-test/target/test-dir/MiniOzoneClusterImpl-84bf62e0-a170-4695-9dd9-8848938f690d/datanode-3/data-0/containers/hdds of storage type : DISK capacity : 9223372036854775807
2022-11-03 16:01:10,429 [Listener at 127.0.0.1/45563] INFO  volume.MutableVolumeSet (MutableVolumeSet.java:initializeVolumeSet(174)) - Added Volume : /home/runner/work/ozone/ozone/hadoop-ozone/integration-test/target/test-dir/MiniOzoneClusterImpl-84bf62e0-a170-4695-9dd9-8848938f690d/datanode-3/data-0/containers/hdds to VolumeSet
2022-11-03 16:01:10,430 [Listener at 127.0.0.1/45563] INFO  volume.ThrottledAsyncChecker (ThrottledAsyncChecker.java:schedule(141)) - Scheduling a check for /home/runner/work/ozone/ozone/hadoop-ozone/integration-test/target/test-dir/MiniOzoneClusterImpl-84bf62e0-a170-4695-9dd9-8848938f690d/datanode-3/data-0/containers/hdds
2022-11-03 16:01:10,436 [Listener at 127.0.0.1/45563] INFO  volume.StorageVolumeChecker (StorageVolumeChecker.java:checkAllVolumes(202)) - Scheduled health check for volume /home/runner/work/ozone/ozone/hadoop-ozone/integration-test/target/test-dir/MiniOzoneClusterImpl-84bf62e0-a170-4695-9dd9-8848938f690d/datanode-3/data-0/containers/hdds
2022-11-03 16:01:10,447 [Listener at 127.0.0.1/45563] INFO  volume.MutableVolumeSet (MutableVolumeSet.java:initializeVolumeSet(174)) - Added Volume : /home/runner/work/ozone/ozone/hadoop-ozone/integration-test/target/test-dir/MiniOzoneClusterImpl-84bf62e0-a170-4695-9dd9-8848938f690d/datanode-3/data/ratis to VolumeSet
2022-11-03 16:01:10,447 [Listener at 127.0.0.1/45563] INFO  volume.ThrottledAsyncChecker (ThrottledAsyncChecker.java:schedule(141)) - Scheduling a check for /home/runner/work/ozone/ozone/hadoop-ozone/integration-test/target/test-dir/MiniOzoneClusterImpl-84bf62e0-a170-4695-9dd9-8848938f690d/datanode-3/data/ratis
2022-11-03 16:01:10,448 [Listener at 127.0.0.1/45563] INFO  volume.StorageVolumeChecker (StorageVolumeChecker.java:checkAllVolumes(202)) - Scheduled health check for volume /home/runner/work/ozone/ozone/hadoop-ozone/integration-test/target/test-dir/MiniOzoneClusterImpl-84bf62e0-a170-4695-9dd9-8848938f690d/datanode-3/data/ratis
2022-11-03 16:01:10,459 [Thread-177] INFO  ozoneimpl.ContainerReader (ContainerReader.java:readVolume(175)) - Finish verifying containers on volume /home/runner/work/ozone/ozone/hadoop-ozone/integration-test/target/test-dir/MiniOzoneClusterImpl-84bf62e0-a170-4695-9dd9-8848938f690d/datanode-3/data-0/containers/hdds
2022-11-03 16:01:10,459 [Listener at 127.0.0.1/45563] INFO  ozoneimpl.OzoneContainer (OzoneContainer.java:buildContainerSet(300)) - Build ContainerSet costs 0s
2022-11-03 16:01:10,462 [Listener at 127.0.0.1/45563] INFO  server.RaftServer (ConfUtils.java:logGet(46)) - raft.rpc.type = GRPC (default)
2022-11-03 16:01:10,462 [Listener at 127.0.0.1/45563] INFO  grpc.GrpcConfigKeys (ConfUtils.java:logFallback(53)) - raft.grpc.admin.host = null (fallback to raft.grpc.server.host)
2022-11-03 16:01:10,462 [Listener at 127.0.0.1/45563] INFO  grpc.GrpcConfigKeys (ConfUtils.java:logGet(46)) - raft.grpc.admin.port = 0 (custom)
2022-11-03 16:01:10,463 [Listener at 127.0.0.1/45563] INFO  grpc.GrpcConfigKeys (ConfUtils.java:logFallback(53)) - raft.grpc.client.host = null (fallback to raft.grpc.server.host)
2022-11-03 16:01:10,463 [Listener at 127.0.0.1/45563] INFO  grpc.GrpcConfigKeys (ConfUtils.java:logGet(46)) - raft.grpc.client.port = 0 (custom)
2022-11-03 16:01:10,463 [Listener at 127.0.0.1/45563] INFO  grpc.GrpcConfigKeys (ConfUtils.java:logGet(46)) - raft.grpc.server.host = null (default)
2022-11-03 16:01:10,464 [Listener at 127.0.0.1/45563] INFO  grpc.GrpcConfigKeys (ConfUtils.java:logGet(46)) - raft.grpc.server.port = 0 (default)
2022-11-03 16:01:10,464 [Listener at 127.0.0.1/45563] INFO  server.GrpcService (ConfUtils.java:logGet(46)) - raft.grpc.message.size.max = 32MB (=33554432) (custom)
2022-11-03 16:01:10,464 [Listener at 127.0.0.1/45563] INFO  server.RaftServerConfigKeys (ConfUtils.java:logGet(46)) - raft.server.log.appender.buffer.byte-limit = 33554432 (custom)
2022-11-03 16:01:10,464 [Listener at 127.0.0.1/45563] INFO  server.GrpcService (ConfUtils.java:logGet(46)) - raft.grpc.flow.control.window = 5MB (=5242880) (custom)
2022-11-03 16:01:10,464 [Listener at 127.0.0.1/45563] INFO  server.RaftServerConfigKeys (ConfUtils.java:logGet(46)) - raft.server.rpc.request.timeout = 60s (custom)
2022-11-03 16:01:10,464 [Listener at 127.0.0.1/45563] INFO  grpc.GrpcConfigKeys (ConfUtils.java:logGet(46)) - raft.grpc.server.heartbeat.channel = true (default)
2022-11-03 16:01:10,465 [Listener at 127.0.0.1/45563] INFO  grpc.GrpcConfigKeys (ConfUtils.java:logGet(46)) - raft.grpc.server.async.request.thread.pool.cached = true (default)
2022-11-03 16:01:10,465 [Listener at 127.0.0.1/45563] INFO  grpc.GrpcConfigKeys (ConfUtils.java:logGet(46)) - raft.grpc.server.async.request.thread.pool.size = 32 (default)
2022-11-03 16:01:10,466 [Listener at 127.0.0.1/45563] INFO  impl.DataStreamServerImpl (ConfUtils.java:logGet(46)) - raft.datastream.type = DISABLED (default)
2022-11-03 16:01:10,466 [Listener at 127.0.0.1/45563] INFO  server.RaftServerConfigKeys (ConfUtils.java:logGet(46)) - raft.server.threadpool.proxy.cached = true (default)
2022-11-03 16:01:10,466 [Listener at 127.0.0.1/45563] INFO  server.RaftServerConfigKeys (ConfUtils.java:logGet(46)) - raft.server.threadpool.proxy.size = 0 (default)
2022-11-03 16:01:10,466 [Listener at 127.0.0.1/45563] INFO  server.RaftServerConfigKeys (ConfUtils.java:logGet(46)) - raft.server.rpc.slowness.timeout = 300s (custom)
2022-11-03 16:01:10,466 [Listener at 127.0.0.1/45563] INFO  server.RaftServerConfigKeys (ConfUtils.java:logGet(46)) - raft.server.leaderelection.leader.step-down.wait-time = 10s (default)
2022-11-03 16:01:10,467 [Listener at 127.0.0.1/45563] INFO  server.RaftServerConfigKeys (ConfUtils.java:logGet(46)) - raft.server.storage.dir = [/home/runner/work/ozone/ozone/hadoop-ozone/integration-test/target/test-dir/MiniOzoneClusterImpl-84bf62e0-a170-4695-9dd9-8848938f690d/datanode-3/data/ratis] (custom)
2022-11-03 16:01:10,468 [Listener at 127.0.0.1/45563] INFO  server.XceiverServerGrpc (XceiverServerGrpc.java:<init>(132)) - GrpcServer channel type EpollServerSocketChannel
2022-11-03 16:01:10,474 [Listener at 127.0.0.1/45563] INFO  http.BaseHttpServer (BaseHttpServer.java:newHttpServer2BuilderForOzone(213)) - Starting Web-server for hddsDatanode at: http://0.0.0.0:0
2022-11-03 16:01:10,474 [Listener at 127.0.0.1/45563] INFO  http.BaseHttpServer (BaseHttpServer.java:<init>(108)) - Hadoop Security Enabled: false Ozone Security Enabled: false Ozone HTTP Security Enabled: false 
2022-11-03 16:01:10,476 [Listener at 127.0.0.1/45563] WARN  server.AuthenticationFilter (AuthenticationFilter.java:constructSecretProvider(240)) - Unable to initialize FileSignerSecretProvider, falling back to use random secrets. Reason: Could not read signature secret file: /home/runner/hadoop-http-auth-signature-secret
2022-11-03 16:01:10,480 [Listener at 127.0.0.1/45563] WARN  http.HttpRequestLog (HttpRequestLog.java:getRequestLog(103)) - Jetty request log can only be enabled using Log4j
2022-11-03 16:01:10,482 [Listener at 127.0.0.1/45563] INFO  http.HttpServer2 (HttpServer2.java:addGlobalFilter(1031)) - Added global filter 'safety' (class=org.apache.hadoop.hdds.server.http.HttpServer2$QuotingInputFilter)
2022-11-03 16:01:10,483 [Listener at 127.0.0.1/45563] INFO  http.HttpServer2 (HttpServer2.java:addFilter(1007)) - Added filter static_user_filter (class=org.apache.hadoop.http.lib.StaticUserWebFilter$StaticUserFilter) to context hddsDatanode
2022-11-03 16:01:10,483 [Listener at 127.0.0.1/45563] INFO  http.HttpServer2 (HttpServer2.java:addFilter(1015)) - Added filter static_user_filter (class=org.apache.hadoop.http.lib.StaticUserWebFilter$StaticUserFilter) to context logs
2022-11-03 16:01:10,483 [Listener at 127.0.0.1/45563] INFO  http.HttpServer2 (HttpServer2.java:addFilter(1015)) - Added filter static_user_filter (class=org.apache.hadoop.http.lib.StaticUserWebFilter$StaticUserFilter) to context static
2022-11-03 16:01:10,484 [Listener at 127.0.0.1/45563] INFO  http.HttpServer2 (HttpServer2.java:bindListener(1250)) - Jetty bound to port 43421
2022-11-03 16:01:10,484 [Listener at 127.0.0.1/45563] INFO  server.Server (Server.java:doStart(375)) - jetty-9.4.49.v20220914; built: 2022-09-14T01:07:36.601Z; git: 4231a3b2e4cb8548a412a789936d640a97b1aa0a; jvm 1.8.0_345-b01
2022-11-03 16:01:10,486 [Listener at 127.0.0.1/45563] INFO  server.session (DefaultSessionIdManager.java:doStart(334)) - DefaultSessionIdManager workerName=node0
2022-11-03 16:01:10,486 [Listener at 127.0.0.1/45563] INFO  server.session (DefaultSessionIdManager.java:doStart(339)) - No SessionScavenger set, using defaults
2022-11-03 16:01:10,486 [Listener at 127.0.0.1/45563] INFO  server.session (HouseKeeper.java:startScavenging(132)) - node0 Scavenging every 660000ms
2022-11-03 16:01:10,488 [Listener at 127.0.0.1/45563] INFO  handler.ContextHandler (ContextHandler.java:doStart(921)) - Started o.e.j.s.ServletContextHandler@2c567743{logs,/logs,file:///home/runner/work/ozone/ozone/hadoop-ozone/integration-test/target/log,AVAILABLE}
2022-11-03 16:01:10,489 [Listener at 127.0.0.1/45563] INFO  handler.ContextHandler (ContextHandler.java:doStart(921)) - Started o.e.j.s.ServletContextHandler@62bc8312{static,/static,jar:file:/home/runner/.m2/repository/org/apache/ozone/hdds-container-service/1.3.0-SNAPSHOT/hdds-container-service-1.3.0-SNAPSHOT.jar!/webapps/static,AVAILABLE}
2022-11-03 16:01:10,654 [Listener at 127.0.0.1/45563] INFO  handler.ContextHandler (ContextHandler.java:doStart(921)) - Started o.e.j.w.WebAppContext@44ba8747{hddsDatanode,/,file:///tmp/jetty-0_0_0_0-43421-hdds-container-service-1_3_0-SNAPSHOT_jar-_-any-1687252761021665188/webapp/,AVAILABLE}{jar:file:/home/runner/.m2/repository/org/apache/ozone/hdds-container-service/1.3.0-SNAPSHOT/hdds-container-service-1.3.0-SNAPSHOT.jar!/webapps/hddsDatanode}
2022-11-03 16:01:10,655 [Listener at 127.0.0.1/45563] INFO  server.AbstractConnector (AbstractConnector.java:doStart(333)) - Started ServerConnector@55cc19ee{HTTP/1.1, (http/1.1)}{0.0.0.0:43421}
2022-11-03 16:01:10,655 [Listener at 127.0.0.1/45563] INFO  server.Server (Server.java:doStart(415)) - Started @9030ms
2022-11-03 16:01:10,655 [Listener at 127.0.0.1/45563] WARN  impl.MetricsSystemImpl (MetricsSystemImpl.java:register(279)) - Sink prometheus already exists!
2022-11-03 16:01:10,656 [Listener at 127.0.0.1/45563] INFO  http.BaseHttpServer (BaseHttpServer.java:updateConnectorAddress(333)) - HTTP server of hddsDatanode listening at http://0.0.0.0:43421
2022-11-03 16:01:10,658 [Datanode State Machine Daemon Thread] INFO  statemachine.DatanodeStateMachine (DatanodeStateMachine.java:lambda$startDaemon$0(505)) - Ozone container server started.
2022-11-03 16:01:10,658 [Listener at 127.0.0.1/45563] WARN  impl.MetricRegistriesImpl (MetricRegistriesImpl.java:addReporterRegistration(111)) - New reporters are added after registries were created. Some metrics will be missing from the reporter. Please add reporter before adding any new registry.
2022-11-03 16:01:10,658 [Listener at 127.0.0.1/45563] WARN  impl.MetricRegistriesImpl (MetricRegistriesImpl.java:addReporterRegistration(111)) - New reporters are added after registries were created. Some metrics will be missing from the reporter. Please add reporter before adding any new registry.
2022-11-03 16:01:10,658 [Listener at 127.0.0.1/45563] INFO  impl.MetricsSystemImpl (MetricsSystemImpl.java:init(158)) - HddsDatanode metrics system started (again)
2022-11-03 16:01:10,666 [org.apache.hadoop.util.JvmPauseMonitor$Monitor@1edc8cc0] INFO  util.JvmPauseMonitor (JvmPauseMonitor.java:run(188)) - Starting JVM pause monitor
2022-11-03 16:01:10,671 [Listener at 127.0.0.1/45563] INFO  ozone.HddsDatanodeService (HddsDatanodeService.java:start(236)) - HddsDatanodeService host:fv-az47-358.mma5zatft5wupo5mzspaixdheh.bx.internal.cloudapp.net ip:10.1.1.36
2022-11-03 16:01:10,673 [Datanode State Machine Task Thread - 0] INFO  datanode.InitDatanodeState (InitDatanodeState.java:persistContainerDatanodeDetails(138)) - DatanodeDetails is persisted to /home/runner/work/ozone/ozone/hadoop-ozone/integration-test/target/test-dir/MiniOzoneClusterImpl-84bf62e0-a170-4695-9dd9-8848938f690d/datanode-3/meta/datanode.id
2022-11-03 16:01:10,691 [Listener at 127.0.0.1/45563] INFO  upgrade.AbstractLayoutVersionManager (AbstractLayoutVersionManager.java:init(83)) - Initializing Layout version manager with metadata layout = DATANODE_SCHEMA_V3 (version = 4), software layout = DATANODE_SCHEMA_V3 (version = 4)
2022-11-03 16:01:10,734 [Listener at 127.0.0.1/45563] INFO  reflections.Reflections (Reflections.java:scan(232)) - Reflections took 42 ms to scan 7 urls, producing 139 keys and 336 values 
2022-11-03 16:01:10,735 [Listener at 127.0.0.1/45563] INFO  statemachine.DatanodeStateMachine (DatanodeStateMachine.java:getEndPointTaskThreadPoolSize(245)) - Datanode State Machine Task Thread Pool size 2
2022-11-03 16:01:10,738 [Listener at 127.0.0.1/45563] INFO  volume.HddsVolume (HddsVolume.java:<init>(117)) - Creating HddsVolume: /home/runner/work/ozone/ozone/hadoop-ozone/integration-test/target/test-dir/MiniOzoneClusterImpl-84bf62e0-a170-4695-9dd9-8848938f690d/datanode-4/data-0/containers/hdds of storage type : DISK capacity : 9223372036854775807
2022-11-03 16:01:10,738 [Listener at 127.0.0.1/45563] INFO  volume.MutableVolumeSet (MutableVolumeSet.java:initializeVolumeSet(174)) - Added Volume : /home/runner/work/ozone/ozone/hadoop-ozone/integration-test/target/test-dir/MiniOzoneClusterImpl-84bf62e0-a170-4695-9dd9-8848938f690d/datanode-4/data-0/containers/hdds to VolumeSet
2022-11-03 16:01:10,738 [Listener at 127.0.0.1/45563] INFO  volume.ThrottledAsyncChecker (ThrottledAsyncChecker.java:schedule(141)) - Scheduling a check for /home/runner/work/ozone/ozone/hadoop-ozone/integration-test/target/test-dir/MiniOzoneClusterImpl-84bf62e0-a170-4695-9dd9-8848938f690d/datanode-4/data-0/containers/hdds
2022-11-03 16:01:10,744 [Listener at 127.0.0.1/45563] INFO  volume.StorageVolumeChecker (StorageVolumeChecker.java:checkAllVolumes(202)) - Scheduled health check for volume /home/runner/work/ozone/ozone/hadoop-ozone/integration-test/target/test-dir/MiniOzoneClusterImpl-84bf62e0-a170-4695-9dd9-8848938f690d/datanode-4/data-0/containers/hdds
2022-11-03 16:01:10,755 [Listener at 127.0.0.1/45563] INFO  volume.MutableVolumeSet (MutableVolumeSet.java:initializeVolumeSet(174)) - Added Volume : /home/runner/work/ozone/ozone/hadoop-ozone/integration-test/target/test-dir/MiniOzoneClusterImpl-84bf62e0-a170-4695-9dd9-8848938f690d/datanode-4/data/ratis to VolumeSet
2022-11-03 16:01:10,755 [Listener at 127.0.0.1/45563] INFO  volume.ThrottledAsyncChecker (ThrottledAsyncChecker.java:schedule(141)) - Scheduling a check for /home/runner/work/ozone/ozone/hadoop-ozone/integration-test/target/test-dir/MiniOzoneClusterImpl-84bf62e0-a170-4695-9dd9-8848938f690d/datanode-4/data/ratis
2022-11-03 16:01:10,755 [Listener at 127.0.0.1/45563] INFO  volume.StorageVolumeChecker (StorageVolumeChecker.java:checkAllVolumes(202)) - Scheduled health check for volume /home/runner/work/ozone/ozone/hadoop-ozone/integration-test/target/test-dir/MiniOzoneClusterImpl-84bf62e0-a170-4695-9dd9-8848938f690d/datanode-4/data/ratis
2022-11-03 16:01:10,767 [Thread-190] INFO  ozoneimpl.ContainerReader (ContainerReader.java:readVolume(175)) - Finish verifying containers on volume /home/runner/work/ozone/ozone/hadoop-ozone/integration-test/target/test-dir/MiniOzoneClusterImpl-84bf62e0-a170-4695-9dd9-8848938f690d/datanode-4/data-0/containers/hdds
2022-11-03 16:01:10,767 [Listener at 127.0.0.1/45563] INFO  ozoneimpl.OzoneContainer (OzoneContainer.java:buildContainerSet(300)) - Build ContainerSet costs 0s
2022-11-03 16:01:10,775 [Listener at 127.0.0.1/45563] INFO  server.RaftServer (ConfUtils.java:logGet(46)) - raft.rpc.type = GRPC (default)
2022-11-03 16:01:10,775 [Listener at 127.0.0.1/45563] INFO  grpc.GrpcConfigKeys (ConfUtils.java:logFallback(53)) - raft.grpc.admin.host = null (fallback to raft.grpc.server.host)
2022-11-03 16:01:10,775 [Listener at 127.0.0.1/45563] INFO  grpc.GrpcConfigKeys (ConfUtils.java:logGet(46)) - raft.grpc.admin.port = 0 (custom)
2022-11-03 16:01:10,775 [Listener at 127.0.0.1/45563] INFO  grpc.GrpcConfigKeys (ConfUtils.java:logFallback(53)) - raft.grpc.client.host = null (fallback to raft.grpc.server.host)
2022-11-03 16:01:10,775 [Listener at 127.0.0.1/45563] INFO  grpc.GrpcConfigKeys (ConfUtils.java:logGet(46)) - raft.grpc.client.port = 0 (custom)
2022-11-03 16:01:10,776 [Listener at 127.0.0.1/45563] INFO  grpc.GrpcConfigKeys (ConfUtils.java:logGet(46)) - raft.grpc.server.host = null (default)
2022-11-03 16:01:10,776 [Listener at 127.0.0.1/45563] INFO  grpc.GrpcConfigKeys (ConfUtils.java:logGet(46)) - raft.grpc.server.port = 0 (default)
2022-11-03 16:01:10,776 [Listener at 127.0.0.1/45563] INFO  server.GrpcService (ConfUtils.java:logGet(46)) - raft.grpc.message.size.max = 32MB (=33554432) (custom)
2022-11-03 16:01:10,776 [Listener at 127.0.0.1/45563] INFO  server.RaftServerConfigKeys (ConfUtils.java:logGet(46)) - raft.server.log.appender.buffer.byte-limit = 33554432 (custom)
2022-11-03 16:01:10,776 [Listener at 127.0.0.1/45563] INFO  server.GrpcService (ConfUtils.java:logGet(46)) - raft.grpc.flow.control.window = 5MB (=5242880) (custom)
2022-11-03 16:01:10,776 [Listener at 127.0.0.1/45563] INFO  server.RaftServerConfigKeys (ConfUtils.java:logGet(46)) - raft.server.rpc.request.timeout = 60s (custom)
2022-11-03 16:01:10,777 [Listener at 127.0.0.1/45563] INFO  grpc.GrpcConfigKeys (ConfUtils.java:logGet(46)) - raft.grpc.server.heartbeat.channel = true (default)
2022-11-03 16:01:10,777 [Listener at 127.0.0.1/45563] INFO  grpc.GrpcConfigKeys (ConfUtils.java:logGet(46)) - raft.grpc.server.async.request.thread.pool.cached = true (default)
2022-11-03 16:01:10,777 [Listener at 127.0.0.1/45563] INFO  grpc.GrpcConfigKeys (ConfUtils.java:logGet(46)) - raft.grpc.server.async.request.thread.pool.size = 32 (default)
2022-11-03 16:01:10,778 [Listener at 127.0.0.1/45563] INFO  impl.DataStreamServerImpl (ConfUtils.java:logGet(46)) - raft.datastream.type = DISABLED (default)
2022-11-03 16:01:10,778 [Listener at 127.0.0.1/45563] INFO  server.RaftServerConfigKeys (ConfUtils.java:logGet(46)) - raft.server.threadpool.proxy.cached = true (default)
2022-11-03 16:01:10,778 [Listener at 127.0.0.1/45563] INFO  server.RaftServerConfigKeys (ConfUtils.java:logGet(46)) - raft.server.threadpool.proxy.size = 0 (default)
2022-11-03 16:01:10,778 [Listener at 127.0.0.1/45563] INFO  server.RaftServerConfigKeys (ConfUtils.java:logGet(46)) - raft.server.rpc.slowness.timeout = 300s (custom)
2022-11-03 16:01:10,779 [Listener at 127.0.0.1/45563] INFO  server.RaftServerConfigKeys (ConfUtils.java:logGet(46)) - raft.server.leaderelection.leader.step-down.wait-time = 10s (default)
2022-11-03 16:01:10,779 [Listener at 127.0.0.1/45563] INFO  server.RaftServerConfigKeys (ConfUtils.java:logGet(46)) - raft.server.storage.dir = [/home/runner/work/ozone/ozone/hadoop-ozone/integration-test/target/test-dir/MiniOzoneClusterImpl-84bf62e0-a170-4695-9dd9-8848938f690d/datanode-4/data/ratis] (custom)
2022-11-03 16:01:10,780 [Listener at 127.0.0.1/45563] INFO  server.XceiverServerGrpc (XceiverServerGrpc.java:<init>(132)) - GrpcServer channel type EpollServerSocketChannel
2022-11-03 16:01:10,783 [Listener at 127.0.0.1/45563] INFO  http.BaseHttpServer (BaseHttpServer.java:newHttpServer2BuilderForOzone(213)) - Starting Web-server for hddsDatanode at: http://0.0.0.0:0
2022-11-03 16:01:10,784 [Listener at 127.0.0.1/45563] INFO  http.BaseHttpServer (BaseHttpServer.java:<init>(108)) - Hadoop Security Enabled: false Ozone Security Enabled: false Ozone HTTP Security Enabled: false 
2022-11-03 16:01:10,785 [Listener at 127.0.0.1/45563] WARN  server.AuthenticationFilter (AuthenticationFilter.java:constructSecretProvider(240)) - Unable to initialize FileSignerSecretProvider, falling back to use random secrets. Reason: Could not read signature secret file: /home/runner/hadoop-http-auth-signature-secret
2022-11-03 16:01:10,788 [Listener at 127.0.0.1/45563] WARN  http.HttpRequestLog (HttpRequestLog.java:getRequestLog(103)) - Jetty request log can only be enabled using Log4j
2022-11-03 16:01:10,789 [Listener at 127.0.0.1/45563] INFO  http.HttpServer2 (HttpServer2.java:addGlobalFilter(1031)) - Added global filter 'safety' (class=org.apache.hadoop.hdds.server.http.HttpServer2$QuotingInputFilter)
2022-11-03 16:01:10,790 [Listener at 127.0.0.1/45563] INFO  http.HttpServer2 (HttpServer2.java:addFilter(1007)) - Added filter static_user_filter (class=org.apache.hadoop.http.lib.StaticUserWebFilter$StaticUserFilter) to context hddsDatanode
2022-11-03 16:01:10,790 [Listener at 127.0.0.1/45563] INFO  http.HttpServer2 (HttpServer2.java:addFilter(1015)) - Added filter static_user_filter (class=org.apache.hadoop.http.lib.StaticUserWebFilter$StaticUserFilter) to context static
2022-11-03 16:01:10,790 [Listener at 127.0.0.1/45563] INFO  http.HttpServer2 (HttpServer2.java:addFilter(1015)) - Added filter static_user_filter (class=org.apache.hadoop.http.lib.StaticUserWebFilter$StaticUserFilter) to context logs
2022-11-03 16:01:10,791 [Listener at 127.0.0.1/45563] INFO  http.HttpServer2 (HttpServer2.java:bindListener(1250)) - Jetty bound to port 39643
2022-11-03 16:01:10,791 [Listener at 127.0.0.1/45563] INFO  server.Server (Server.java:doStart(375)) - jetty-9.4.49.v20220914; built: 2022-09-14T01:07:36.601Z; git: 4231a3b2e4cb8548a412a789936d640a97b1aa0a; jvm 1.8.0_345-b01
2022-11-03 16:01:10,792 [Listener at 127.0.0.1/45563] INFO  server.session (DefaultSessionIdManager.java:doStart(334)) - DefaultSessionIdManager workerName=node0
2022-11-03 16:01:10,793 [Listener at 127.0.0.1/45563] INFO  server.session (DefaultSessionIdManager.java:doStart(339)) - No SessionScavenger set, using defaults
2022-11-03 16:01:10,793 [Listener at 127.0.0.1/45563] INFO  server.session (HouseKeeper.java:startScavenging(132)) - node0 Scavenging every 600000ms
2022-11-03 16:01:10,793 [Listener at 127.0.0.1/45563] INFO  handler.ContextHandler (ContextHandler.java:doStart(921)) - Started o.e.j.s.ServletContextHandler@18bd405b{logs,/logs,file:///home/runner/work/ozone/ozone/hadoop-ozone/integration-test/target/log,AVAILABLE}
2022-11-03 16:01:10,794 [Listener at 127.0.0.1/45563] INFO  handler.ContextHandler (ContextHandler.java:doStart(921)) - Started o.e.j.s.ServletContextHandler@27cac84b{static,/static,jar:file:/home/runner/.m2/repository/org/apache/ozone/hdds-container-service/1.3.0-SNAPSHOT/hdds-container-service-1.3.0-SNAPSHOT.jar!/webapps/static,AVAILABLE}
2022-11-03 16:01:10,959 [Listener at 127.0.0.1/45563] INFO  handler.ContextHandler (ContextHandler.java:doStart(921)) - Started o.e.j.w.WebAppContext@79a6e0e6{hddsDatanode,/,file:///tmp/jetty-0_0_0_0-39643-hdds-container-service-1_3_0-SNAPSHOT_jar-_-any-1711692545382954310/webapp/,AVAILABLE}{jar:file:/home/runner/.m2/repository/org/apache/ozone/hdds-container-service/1.3.0-SNAPSHOT/hdds-container-service-1.3.0-SNAPSHOT.jar!/webapps/hddsDatanode}
2022-11-03 16:01:10,962 [Listener at 127.0.0.1/45563] INFO  server.AbstractConnector (AbstractConnector.java:doStart(333)) - Started ServerConnector@24112ec4{HTTP/1.1, (http/1.1)}{0.0.0.0:39643}
2022-11-03 16:01:10,963 [Listener at 127.0.0.1/45563] INFO  server.Server (Server.java:doStart(415)) - Started @9338ms
2022-11-03 16:01:10,963 [Listener at 127.0.0.1/45563] WARN  impl.MetricsSystemImpl (MetricsSystemImpl.java:register(279)) - Sink prometheus already exists!
2022-11-03 16:01:10,963 [Listener at 127.0.0.1/45563] INFO  http.BaseHttpServer (BaseHttpServer.java:updateConnectorAddress(333)) - HTTP server of hddsDatanode listening at http://0.0.0.0:39643
2022-11-03 16:01:10,970 [Datanode State Machine Daemon Thread] INFO  statemachine.DatanodeStateMachine (DatanodeStateMachine.java:lambda$startDaemon$0(505)) - Ozone container server started.
2022-11-03 16:01:10,973 [Listener at 127.0.0.1/45563] WARN  impl.MetricRegistriesImpl (MetricRegistriesImpl.java:addReporterRegistration(111)) - New reporters are added after registries were created. Some metrics will be missing from the reporter. Please add reporter before adding any new registry.
2022-11-03 16:01:10,973 [Listener at 127.0.0.1/45563] WARN  impl.MetricRegistriesImpl (MetricRegistriesImpl.java:addReporterRegistration(111)) - New reporters are added after registries were created. Some metrics will be missing from the reporter. Please add reporter before adding any new registry.
2022-11-03 16:01:10,973 [Listener at 127.0.0.1/45563] INFO  impl.MetricsSystemImpl (MetricsSystemImpl.java:init(158)) - HddsDatanode metrics system started (again)
2022-11-03 16:01:10,985 [Listener at 127.0.0.1/45563] INFO  ozone.HddsDatanodeService (HddsDatanodeService.java:start(236)) - HddsDatanodeService host:fv-az47-358.mma5zatft5wupo5mzspaixdheh.bx.internal.cloudapp.net ip:10.1.1.36
2022-11-03 16:01:10,985 [org.apache.hadoop.util.JvmPauseMonitor$Monitor@441640da] INFO  util.JvmPauseMonitor (JvmPauseMonitor.java:run(188)) - Starting JVM pause monitor
2022-11-03 16:01:10,991 [Datanode State Machine Task Thread - 0] INFO  datanode.InitDatanodeState (InitDatanodeState.java:persistContainerDatanodeDetails(138)) - DatanodeDetails is persisted to /home/runner/work/ozone/ozone/hadoop-ozone/integration-test/target/test-dir/MiniOzoneClusterImpl-84bf62e0-a170-4695-9dd9-8848938f690d/datanode-4/meta/datanode.id
2022-11-03 16:01:11,005 [Listener at 127.0.0.1/45563] INFO  upgrade.AbstractLayoutVersionManager (AbstractLayoutVersionManager.java:init(83)) - Initializing Layout version manager with metadata layout = DATANODE_SCHEMA_V3 (version = 4), software layout = DATANODE_SCHEMA_V3 (version = 4)
2022-11-03 16:01:11,048 [Listener at 127.0.0.1/45563] INFO  reflections.Reflections (Reflections.java:scan(232)) - Reflections took 42 ms to scan 7 urls, producing 139 keys and 336 values 
2022-11-03 16:01:11,049 [Listener at 127.0.0.1/45563] INFO  statemachine.DatanodeStateMachine (DatanodeStateMachine.java:getEndPointTaskThreadPoolSize(245)) - Datanode State Machine Task Thread Pool size 2
2022-11-03 16:01:11,051 [Listener at 127.0.0.1/45563] INFO  volume.HddsVolume (HddsVolume.java:<init>(117)) - Creating HddsVolume: /home/runner/work/ozone/ozone/hadoop-ozone/integration-test/target/test-dir/MiniOzoneClusterImpl-84bf62e0-a170-4695-9dd9-8848938f690d/datanode-5/data-0/containers/hdds of storage type : DISK capacity : 9223372036854775807
2022-11-03 16:01:11,052 [Listener at 127.0.0.1/45563] INFO  volume.MutableVolumeSet (MutableVolumeSet.java:initializeVolumeSet(174)) - Added Volume : /home/runner/work/ozone/ozone/hadoop-ozone/integration-test/target/test-dir/MiniOzoneClusterImpl-84bf62e0-a170-4695-9dd9-8848938f690d/datanode-5/data-0/containers/hdds to VolumeSet
2022-11-03 16:01:11,052 [Listener at 127.0.0.1/45563] INFO  volume.ThrottledAsyncChecker (ThrottledAsyncChecker.java:schedule(141)) - Scheduling a check for /home/runner/work/ozone/ozone/hadoop-ozone/integration-test/target/test-dir/MiniOzoneClusterImpl-84bf62e0-a170-4695-9dd9-8848938f690d/datanode-5/data-0/containers/hdds
2022-11-03 16:01:11,056 [Listener at 127.0.0.1/45563] INFO  volume.StorageVolumeChecker (StorageVolumeChecker.java:checkAllVolumes(202)) - Scheduled health check for volume /home/runner/work/ozone/ozone/hadoop-ozone/integration-test/target/test-dir/MiniOzoneClusterImpl-84bf62e0-a170-4695-9dd9-8848938f690d/datanode-5/data-0/containers/hdds
2022-11-03 16:01:11,067 [Listener at 127.0.0.1/45563] INFO  volume.MutableVolumeSet (MutableVolumeSet.java:initializeVolumeSet(174)) - Added Volume : /home/runner/work/ozone/ozone/hadoop-ozone/integration-test/target/test-dir/MiniOzoneClusterImpl-84bf62e0-a170-4695-9dd9-8848938f690d/datanode-5/data/ratis to VolumeSet
2022-11-03 16:01:11,067 [Listener at 127.0.0.1/45563] INFO  volume.ThrottledAsyncChecker (ThrottledAsyncChecker.java:schedule(141)) - Scheduling a check for /home/runner/work/ozone/ozone/hadoop-ozone/integration-test/target/test-dir/MiniOzoneClusterImpl-84bf62e0-a170-4695-9dd9-8848938f690d/datanode-5/data/ratis
2022-11-03 16:01:11,067 [Listener at 127.0.0.1/45563] INFO  volume.StorageVolumeChecker (StorageVolumeChecker.java:checkAllVolumes(202)) - Scheduled health check for volume /home/runner/work/ozone/ozone/hadoop-ozone/integration-test/target/test-dir/MiniOzoneClusterImpl-84bf62e0-a170-4695-9dd9-8848938f690d/datanode-5/data/ratis
2022-11-03 16:01:11,078 [Thread-203] INFO  ozoneimpl.ContainerReader (ContainerReader.java:readVolume(175)) - Finish verifying containers on volume /home/runner/work/ozone/ozone/hadoop-ozone/integration-test/target/test-dir/MiniOzoneClusterImpl-84bf62e0-a170-4695-9dd9-8848938f690d/datanode-5/data-0/containers/hdds
2022-11-03 16:01:11,078 [Listener at 127.0.0.1/45563] INFO  ozoneimpl.OzoneContainer (OzoneContainer.java:buildContainerSet(300)) - Build ContainerSet costs 0s
2022-11-03 16:01:11,081 [Listener at 127.0.0.1/45563] INFO  server.RaftServer (ConfUtils.java:logGet(46)) - raft.rpc.type = GRPC (default)
2022-11-03 16:01:11,082 [Listener at 127.0.0.1/45563] INFO  grpc.GrpcConfigKeys (ConfUtils.java:logFallback(53)) - raft.grpc.admin.host = null (fallback to raft.grpc.server.host)
2022-11-03 16:01:11,082 [Listener at 127.0.0.1/45563] INFO  grpc.GrpcConfigKeys (ConfUtils.java:logGet(46)) - raft.grpc.admin.port = 0 (custom)
2022-11-03 16:01:11,082 [Listener at 127.0.0.1/45563] INFO  grpc.GrpcConfigKeys (ConfUtils.java:logFallback(53)) - raft.grpc.client.host = null (fallback to raft.grpc.server.host)
2022-11-03 16:01:11,082 [Listener at 127.0.0.1/45563] INFO  grpc.GrpcConfigKeys (ConfUtils.java:logGet(46)) - raft.grpc.client.port = 0 (custom)
2022-11-03 16:01:11,082 [Listener at 127.0.0.1/45563] INFO  grpc.GrpcConfigKeys (ConfUtils.java:logGet(46)) - raft.grpc.server.host = null (default)
2022-11-03 16:01:11,082 [Listener at 127.0.0.1/45563] INFO  grpc.GrpcConfigKeys (ConfUtils.java:logGet(46)) - raft.grpc.server.port = 0 (default)
2022-11-03 16:01:11,082 [Listener at 127.0.0.1/45563] INFO  server.GrpcService (ConfUtils.java:logGet(46)) - raft.grpc.message.size.max = 32MB (=33554432) (custom)
2022-11-03 16:01:11,083 [Listener at 127.0.0.1/45563] INFO  server.RaftServerConfigKeys (ConfUtils.java:logGet(46)) - raft.server.log.appender.buffer.byte-limit = 33554432 (custom)
2022-11-03 16:01:11,083 [Listener at 127.0.0.1/45563] INFO  server.GrpcService (ConfUtils.java:logGet(46)) - raft.grpc.flow.control.window = 5MB (=5242880) (custom)
2022-11-03 16:01:11,083 [Listener at 127.0.0.1/45563] INFO  server.RaftServerConfigKeys (ConfUtils.java:logGet(46)) - raft.server.rpc.request.timeout = 60s (custom)
2022-11-03 16:01:11,083 [Listener at 127.0.0.1/45563] INFO  grpc.GrpcConfigKeys (ConfUtils.java:logGet(46)) - raft.grpc.server.heartbeat.channel = true (default)
2022-11-03 16:01:11,083 [Listener at 127.0.0.1/45563] INFO  grpc.GrpcConfigKeys (ConfUtils.java:logGet(46)) - raft.grpc.server.async.request.thread.pool.cached = true (default)
2022-11-03 16:01:11,083 [Listener at 127.0.0.1/45563] INFO  grpc.GrpcConfigKeys (ConfUtils.java:logGet(46)) - raft.grpc.server.async.request.thread.pool.size = 32 (default)
2022-11-03 16:01:11,084 [Listener at 127.0.0.1/45563] INFO  impl.DataStreamServerImpl (ConfUtils.java:logGet(46)) - raft.datastream.type = DISABLED (default)
2022-11-03 16:01:11,084 [Listener at 127.0.0.1/45563] INFO  server.RaftServerConfigKeys (ConfUtils.java:logGet(46)) - raft.server.threadpool.proxy.cached = true (default)
2022-11-03 16:01:11,085 [Listener at 127.0.0.1/45563] INFO  server.RaftServerConfigKeys (ConfUtils.java:logGet(46)) - raft.server.threadpool.proxy.size = 0 (default)
2022-11-03 16:01:11,085 [Listener at 127.0.0.1/45563] INFO  server.RaftServerConfigKeys (ConfUtils.java:logGet(46)) - raft.server.rpc.slowness.timeout = 300s (custom)
2022-11-03 16:01:11,085 [Listener at 127.0.0.1/45563] INFO  server.RaftServerConfigKeys (ConfUtils.java:logGet(46)) - raft.server.leaderelection.leader.step-down.wait-time = 10s (default)
2022-11-03 16:01:11,085 [Listener at 127.0.0.1/45563] INFO  server.RaftServerConfigKeys (ConfUtils.java:logGet(46)) - raft.server.storage.dir = [/home/runner/work/ozone/ozone/hadoop-ozone/integration-test/target/test-dir/MiniOzoneClusterImpl-84bf62e0-a170-4695-9dd9-8848938f690d/datanode-5/data/ratis] (custom)
2022-11-03 16:01:11,087 [Listener at 127.0.0.1/45563] INFO  server.XceiverServerGrpc (XceiverServerGrpc.java:<init>(132)) - GrpcServer channel type EpollServerSocketChannel
2022-11-03 16:01:11,090 [Listener at 127.0.0.1/45563] INFO  http.BaseHttpServer (BaseHttpServer.java:newHttpServer2BuilderForOzone(213)) - Starting Web-server for hddsDatanode at: http://0.0.0.0:0
2022-11-03 16:01:11,090 [Listener at 127.0.0.1/45563] INFO  http.BaseHttpServer (BaseHttpServer.java:<init>(108)) - Hadoop Security Enabled: false Ozone Security Enabled: false Ozone HTTP Security Enabled: false 
2022-11-03 16:01:11,091 [Listener at 127.0.0.1/45563] WARN  server.AuthenticationFilter (AuthenticationFilter.java:constructSecretProvider(240)) - Unable to initialize FileSignerSecretProvider, falling back to use random secrets. Reason: Could not read signature secret file: /home/runner/hadoop-http-auth-signature-secret
2022-11-03 16:01:11,092 [Listener at 127.0.0.1/45563] WARN  http.HttpRequestLog (HttpRequestLog.java:getRequestLog(103)) - Jetty request log can only be enabled using Log4j
2022-11-03 16:01:11,093 [Listener at 127.0.0.1/45563] INFO  http.HttpServer2 (HttpServer2.java:addGlobalFilter(1031)) - Added global filter 'safety' (class=org.apache.hadoop.hdds.server.http.HttpServer2$QuotingInputFilter)
2022-11-03 16:01:11,094 [Listener at 127.0.0.1/45563] INFO  http.HttpServer2 (HttpServer2.java:addFilter(1007)) - Added filter static_user_filter (class=org.apache.hadoop.http.lib.StaticUserWebFilter$StaticUserFilter) to context hddsDatanode
2022-11-03 16:01:11,094 [Listener at 127.0.0.1/45563] INFO  http.HttpServer2 (HttpServer2.java:addFilter(1015)) - Added filter static_user_filter (class=org.apache.hadoop.http.lib.StaticUserWebFilter$StaticUserFilter) to context logs
2022-11-03 16:01:11,094 [Listener at 127.0.0.1/45563] INFO  http.HttpServer2 (HttpServer2.java:addFilter(1015)) - Added filter static_user_filter (class=org.apache.hadoop.http.lib.StaticUserWebFilter$StaticUserFilter) to context static
2022-11-03 16:01:11,095 [Listener at 127.0.0.1/45563] INFO  http.HttpServer2 (HttpServer2.java:bindListener(1250)) - Jetty bound to port 38229
2022-11-03 16:01:11,095 [Listener at 127.0.0.1/45563] INFO  server.Server (Server.java:doStart(375)) - jetty-9.4.49.v20220914; built: 2022-09-14T01:07:36.601Z; git: 4231a3b2e4cb8548a412a789936d640a97b1aa0a; jvm 1.8.0_345-b01
2022-11-03 16:01:11,096 [Listener at 127.0.0.1/45563] INFO  server.session (DefaultSessionIdManager.java:doStart(334)) - DefaultSessionIdManager workerName=node0
2022-11-03 16:01:11,097 [Listener at 127.0.0.1/45563] INFO  server.session (DefaultSessionIdManager.java:doStart(339)) - No SessionScavenger set, using defaults
2022-11-03 16:01:11,097 [Listener at 127.0.0.1/45563] INFO  server.session (HouseKeeper.java:startScavenging(132)) - node0 Scavenging every 600000ms
2022-11-03 16:01:11,097 [Listener at 127.0.0.1/45563] INFO  handler.ContextHandler (ContextHandler.java:doStart(921)) - Started o.e.j.s.ServletContextHandler@5d0011a3{logs,/logs,file:///home/runner/work/ozone/ozone/hadoop-ozone/integration-test/target/log,AVAILABLE}
2022-11-03 16:01:11,098 [Listener at 127.0.0.1/45563] INFO  handler.ContextHandler (ContextHandler.java:doStart(921)) - Started o.e.j.s.ServletContextHandler@63e6d21c{static,/static,jar:file:/home/runner/.m2/repository/org/apache/ozone/hdds-container-service/1.3.0-SNAPSHOT/hdds-container-service-1.3.0-SNAPSHOT.jar!/webapps/static,AVAILABLE}
2022-11-03 16:01:11,265 [Listener at 127.0.0.1/45563] INFO  handler.ContextHandler (ContextHandler.java:doStart(921)) - Started o.e.j.w.WebAppContext@3cc3f137{hddsDatanode,/,file:///tmp/jetty-0_0_0_0-38229-hdds-container-service-1_3_0-SNAPSHOT_jar-_-any-2577602056061578405/webapp/,AVAILABLE}{jar:file:/home/runner/.m2/repository/org/apache/ozone/hdds-container-service/1.3.0-SNAPSHOT/hdds-container-service-1.3.0-SNAPSHOT.jar!/webapps/hddsDatanode}
2022-11-03 16:01:11,266 [Listener at 127.0.0.1/45563] INFO  server.AbstractConnector (AbstractConnector.java:doStart(333)) - Started ServerConnector@131fafba{HTTP/1.1, (http/1.1)}{0.0.0.0:38229}
2022-11-03 16:01:11,267 [Listener at 127.0.0.1/45563] INFO  server.Server (Server.java:doStart(415)) - Started @9642ms
2022-11-03 16:01:11,267 [Listener at 127.0.0.1/45563] WARN  impl.MetricsSystemImpl (MetricsSystemImpl.java:register(279)) - Sink prometheus already exists!
2022-11-03 16:01:11,267 [Listener at 127.0.0.1/45563] INFO  http.BaseHttpServer (BaseHttpServer.java:updateConnectorAddress(333)) - HTTP server of hddsDatanode listening at http://0.0.0.0:38229
2022-11-03 16:01:11,268 [Datanode State Machine Daemon Thread] INFO  statemachine.DatanodeStateMachine (DatanodeStateMachine.java:lambda$startDaemon$0(505)) - Ozone container server started.
2022-11-03 16:01:11,269 [Listener at 127.0.0.1/45563] WARN  impl.MetricRegistriesImpl (MetricRegistriesImpl.java:addReporterRegistration(111)) - New reporters are added after registries were created. Some metrics will be missing from the reporter. Please add reporter before adding any new registry.
2022-11-03 16:01:11,269 [Listener at 127.0.0.1/45563] WARN  impl.MetricRegistriesImpl (MetricRegistriesImpl.java:addReporterRegistration(111)) - New reporters are added after registries were created. Some metrics will be missing from the reporter. Please add reporter before adding any new registry.
2022-11-03 16:01:11,269 [Listener at 127.0.0.1/45563] INFO  impl.MetricsSystemImpl (MetricsSystemImpl.java:init(158)) - HddsDatanode metrics system started (again)
2022-11-03 16:01:11,280 [org.apache.hadoop.util.JvmPauseMonitor$Monitor@22c0d427] INFO  util.JvmPauseMonitor (JvmPauseMonitor.java:run(188)) - Starting JVM pause monitor
2022-11-03 16:01:11,281 [Listener at 127.0.0.1/45563] INFO  ozone.HddsDatanodeService (HddsDatanodeService.java:start(236)) - HddsDatanodeService host:fv-az47-358.mma5zatft5wupo5mzspaixdheh.bx.internal.cloudapp.net ip:10.1.1.36
2022-11-03 16:01:11,286 [Datanode State Machine Task Thread - 0] INFO  datanode.InitDatanodeState (InitDatanodeState.java:persistContainerDatanodeDetails(138)) - DatanodeDetails is persisted to /home/runner/work/ozone/ozone/hadoop-ozone/integration-test/target/test-dir/MiniOzoneClusterImpl-84bf62e0-a170-4695-9dd9-8848938f690d/datanode-5/meta/datanode.id
2022-11-03 16:01:11,300 [Listener at 127.0.0.1/45563] INFO  upgrade.AbstractLayoutVersionManager (AbstractLayoutVersionManager.java:init(83)) - Initializing Layout version manager with metadata layout = DATANODE_SCHEMA_V3 (version = 4), software layout = DATANODE_SCHEMA_V3 (version = 4)
2022-11-03 16:01:11,344 [Listener at 127.0.0.1/45563] INFO  reflections.Reflections (Reflections.java:scan(232)) - Reflections took 43 ms to scan 7 urls, producing 139 keys and 336 values 
2022-11-03 16:01:11,346 [Listener at 127.0.0.1/45563] INFO  statemachine.DatanodeStateMachine (DatanodeStateMachine.java:getEndPointTaskThreadPoolSize(245)) - Datanode State Machine Task Thread Pool size 2
2022-11-03 16:01:11,348 [Listener at 127.0.0.1/45563] INFO  volume.HddsVolume (HddsVolume.java:<init>(117)) - Creating HddsVolume: /home/runner/work/ozone/ozone/hadoop-ozone/integration-test/target/test-dir/MiniOzoneClusterImpl-84bf62e0-a170-4695-9dd9-8848938f690d/datanode-6/data-0/containers/hdds of storage type : DISK capacity : 9223372036854775807
2022-11-03 16:01:11,348 [Listener at 127.0.0.1/45563] INFO  volume.MutableVolumeSet (MutableVolumeSet.java:initializeVolumeSet(174)) - Added Volume : /home/runner/work/ozone/ozone/hadoop-ozone/integration-test/target/test-dir/MiniOzoneClusterImpl-84bf62e0-a170-4695-9dd9-8848938f690d/datanode-6/data-0/containers/hdds to VolumeSet
2022-11-03 16:01:11,348 [Listener at 127.0.0.1/45563] INFO  volume.ThrottledAsyncChecker (ThrottledAsyncChecker.java:schedule(141)) - Scheduling a check for /home/runner/work/ozone/ozone/hadoop-ozone/integration-test/target/test-dir/MiniOzoneClusterImpl-84bf62e0-a170-4695-9dd9-8848938f690d/datanode-6/data-0/containers/hdds
2022-11-03 16:01:11,352 [Listener at 127.0.0.1/45563] INFO  volume.StorageVolumeChecker (StorageVolumeChecker.java:checkAllVolumes(202)) - Scheduled health check for volume /home/runner/work/ozone/ozone/hadoop-ozone/integration-test/target/test-dir/MiniOzoneClusterImpl-84bf62e0-a170-4695-9dd9-8848938f690d/datanode-6/data-0/containers/hdds
2022-11-03 16:01:11,363 [Listener at 127.0.0.1/45563] INFO  volume.MutableVolumeSet (MutableVolumeSet.java:initializeVolumeSet(174)) - Added Volume : /home/runner/work/ozone/ozone/hadoop-ozone/integration-test/target/test-dir/MiniOzoneClusterImpl-84bf62e0-a170-4695-9dd9-8848938f690d/datanode-6/data/ratis to VolumeSet
2022-11-03 16:01:11,364 [Listener at 127.0.0.1/45563] INFO  volume.ThrottledAsyncChecker (ThrottledAsyncChecker.java:schedule(141)) - Scheduling a check for /home/runner/work/ozone/ozone/hadoop-ozone/integration-test/target/test-dir/MiniOzoneClusterImpl-84bf62e0-a170-4695-9dd9-8848938f690d/datanode-6/data/ratis
2022-11-03 16:01:11,364 [Listener at 127.0.0.1/45563] INFO  volume.StorageVolumeChecker (StorageVolumeChecker.java:checkAllVolumes(202)) - Scheduled health check for volume /home/runner/work/ozone/ozone/hadoop-ozone/integration-test/target/test-dir/MiniOzoneClusterImpl-84bf62e0-a170-4695-9dd9-8848938f690d/datanode-6/data/ratis
2022-11-03 16:01:11,374 [Thread-216] INFO  ozoneimpl.ContainerReader (ContainerReader.java:readVolume(175)) - Finish verifying containers on volume /home/runner/work/ozone/ozone/hadoop-ozone/integration-test/target/test-dir/MiniOzoneClusterImpl-84bf62e0-a170-4695-9dd9-8848938f690d/datanode-6/data-0/containers/hdds
2022-11-03 16:01:11,374 [Listener at 127.0.0.1/45563] INFO  ozoneimpl.OzoneContainer (OzoneContainer.java:buildContainerSet(300)) - Build ContainerSet costs 0s
2022-11-03 16:01:11,377 [Listener at 127.0.0.1/45563] INFO  server.RaftServer (ConfUtils.java:logGet(46)) - raft.rpc.type = GRPC (default)
2022-11-03 16:01:11,377 [Listener at 127.0.0.1/45563] INFO  grpc.GrpcConfigKeys (ConfUtils.java:logFallback(53)) - raft.grpc.admin.host = null (fallback to raft.grpc.server.host)
2022-11-03 16:01:11,377 [Listener at 127.0.0.1/45563] INFO  grpc.GrpcConfigKeys (ConfUtils.java:logGet(46)) - raft.grpc.admin.port = 0 (custom)
2022-11-03 16:01:11,377 [Listener at 127.0.0.1/45563] INFO  grpc.GrpcConfigKeys (ConfUtils.java:logFallback(53)) - raft.grpc.client.host = null (fallback to raft.grpc.server.host)
2022-11-03 16:01:11,378 [Listener at 127.0.0.1/45563] INFO  grpc.GrpcConfigKeys (ConfUtils.java:logGet(46)) - raft.grpc.client.port = 0 (custom)
2022-11-03 16:01:11,378 [Listener at 127.0.0.1/45563] INFO  grpc.GrpcConfigKeys (ConfUtils.java:logGet(46)) - raft.grpc.server.host = null (default)
2022-11-03 16:01:11,378 [Listener at 127.0.0.1/45563] INFO  grpc.GrpcConfigKeys (ConfUtils.java:logGet(46)) - raft.grpc.server.port = 0 (default)
2022-11-03 16:01:11,378 [Listener at 127.0.0.1/45563] INFO  server.GrpcService (ConfUtils.java:logGet(46)) - raft.grpc.message.size.max = 32MB (=33554432) (custom)
2022-11-03 16:01:11,378 [Listener at 127.0.0.1/45563] INFO  server.RaftServerConfigKeys (ConfUtils.java:logGet(46)) - raft.server.log.appender.buffer.byte-limit = 33554432 (custom)
2022-11-03 16:01:11,378 [Listener at 127.0.0.1/45563] INFO  server.GrpcService (ConfUtils.java:logGet(46)) - raft.grpc.flow.control.window = 5MB (=5242880) (custom)
2022-11-03 16:01:11,378 [Listener at 127.0.0.1/45563] INFO  server.RaftServerConfigKeys (ConfUtils.java:logGet(46)) - raft.server.rpc.request.timeout = 60s (custom)
2022-11-03 16:01:11,378 [Listener at 127.0.0.1/45563] INFO  grpc.GrpcConfigKeys (ConfUtils.java:logGet(46)) - raft.grpc.server.heartbeat.channel = true (default)
2022-11-03 16:01:11,379 [Listener at 127.0.0.1/45563] INFO  grpc.GrpcConfigKeys (ConfUtils.java:logGet(46)) - raft.grpc.server.async.request.thread.pool.cached = true (default)
2022-11-03 16:01:11,379 [Listener at 127.0.0.1/45563] INFO  grpc.GrpcConfigKeys (ConfUtils.java:logGet(46)) - raft.grpc.server.async.request.thread.pool.size = 32 (default)
2022-11-03 16:01:11,380 [Listener at 127.0.0.1/45563] INFO  impl.DataStreamServerImpl (ConfUtils.java:logGet(46)) - raft.datastream.type = DISABLED (default)
2022-11-03 16:01:11,380 [Listener at 127.0.0.1/45563] INFO  server.RaftServerConfigKeys (ConfUtils.java:logGet(46)) - raft.server.threadpool.proxy.cached = true (default)
2022-11-03 16:01:11,380 [Listener at 127.0.0.1/45563] INFO  server.RaftServerConfigKeys (ConfUtils.java:logGet(46)) - raft.server.threadpool.proxy.size = 0 (default)
2022-11-03 16:01:11,380 [Listener at 127.0.0.1/45563] INFO  server.RaftServerConfigKeys (ConfUtils.java:logGet(46)) - raft.server.rpc.slowness.timeout = 300s (custom)
2022-11-03 16:01:11,380 [Listener at 127.0.0.1/45563] INFO  server.RaftServerConfigKeys (ConfUtils.java:logGet(46)) - raft.server.leaderelection.leader.step-down.wait-time = 10s (default)
2022-11-03 16:01:11,381 [Listener at 127.0.0.1/45563] INFO  server.RaftServerConfigKeys (ConfUtils.java:logGet(46)) - raft.server.storage.dir = [/home/runner/work/ozone/ozone/hadoop-ozone/integration-test/target/test-dir/MiniOzoneClusterImpl-84bf62e0-a170-4695-9dd9-8848938f690d/datanode-6/data/ratis] (custom)
2022-11-03 16:01:11,382 [Listener at 127.0.0.1/45563] INFO  server.XceiverServerGrpc (XceiverServerGrpc.java:<init>(132)) - GrpcServer channel type EpollServerSocketChannel
2022-11-03 16:01:11,385 [Listener at 127.0.0.1/45563] INFO  http.BaseHttpServer (BaseHttpServer.java:newHttpServer2BuilderForOzone(213)) - Starting Web-server for hddsDatanode at: http://0.0.0.0:0
2022-11-03 16:01:11,385 [Listener at 127.0.0.1/45563] INFO  http.BaseHttpServer (BaseHttpServer.java:<init>(108)) - Hadoop Security Enabled: false Ozone Security Enabled: false Ozone HTTP Security Enabled: false 
2022-11-03 16:01:11,387 [Listener at 127.0.0.1/45563] WARN  server.AuthenticationFilter (AuthenticationFilter.java:constructSecretProvider(240)) - Unable to initialize FileSignerSecretProvider, falling back to use random secrets. Reason: Could not read signature secret file: /home/runner/hadoop-http-auth-signature-secret
2022-11-03 16:01:11,387 [Listener at 127.0.0.1/45563] WARN  http.HttpRequestLog (HttpRequestLog.java:getRequestLog(103)) - Jetty request log can only be enabled using Log4j
2022-11-03 16:01:11,388 [Listener at 127.0.0.1/45563] INFO  http.HttpServer2 (HttpServer2.java:addGlobalFilter(1031)) - Added global filter 'safety' (class=org.apache.hadoop.hdds.server.http.HttpServer2$QuotingInputFilter)
2022-11-03 16:01:11,389 [Listener at 127.0.0.1/45563] INFO  http.HttpServer2 (HttpServer2.java:addFilter(1007)) - Added filter static_user_filter (class=org.apache.hadoop.http.lib.StaticUserWebFilter$StaticUserFilter) to context hddsDatanode
2022-11-03 16:01:11,389 [Listener at 127.0.0.1/45563] INFO  http.HttpServer2 (HttpServer2.java:addFilter(1015)) - Added filter static_user_filter (class=org.apache.hadoop.http.lib.StaticUserWebFilter$StaticUserFilter) to context logs
2022-11-03 16:01:11,390 [Listener at 127.0.0.1/45563] INFO  http.HttpServer2 (HttpServer2.java:addFilter(1015)) - Added filter static_user_filter (class=org.apache.hadoop.http.lib.StaticUserWebFilter$StaticUserFilter) to context static
2022-11-03 16:01:11,390 [Listener at 127.0.0.1/45563] INFO  http.HttpServer2 (HttpServer2.java:bindListener(1250)) - Jetty bound to port 33047
2022-11-03 16:01:11,390 [Listener at 127.0.0.1/45563] INFO  server.Server (Server.java:doStart(375)) - jetty-9.4.49.v20220914; built: 2022-09-14T01:07:36.601Z; git: 4231a3b2e4cb8548a412a789936d640a97b1aa0a; jvm 1.8.0_345-b01
2022-11-03 16:01:11,411 [Listener at 127.0.0.1/45563] INFO  server.session (DefaultSessionIdManager.java:doStart(334)) - DefaultSessionIdManager workerName=node0
2022-11-03 16:01:11,412 [Listener at 127.0.0.1/45563] INFO  server.session (DefaultSessionIdManager.java:doStart(339)) - No SessionScavenger set, using defaults
2022-11-03 16:01:11,412 [Listener at 127.0.0.1/45563] INFO  server.session (HouseKeeper.java:startScavenging(132)) - node0 Scavenging every 660000ms
2022-11-03 16:01:11,413 [Listener at 127.0.0.1/45563] INFO  handler.ContextHandler (ContextHandler.java:doStart(921)) - Started o.e.j.s.ServletContextHandler@571dab6a{logs,/logs,file:///home/runner/work/ozone/ozone/hadoop-ozone/integration-test/target/log,AVAILABLE}
2022-11-03 16:01:11,413 [Listener at 127.0.0.1/45563] INFO  handler.ContextHandler (ContextHandler.java:doStart(921)) - Started o.e.j.s.ServletContextHandler@6a03c039{static,/static,jar:file:/home/runner/.m2/repository/org/apache/ozone/hdds-container-service/1.3.0-SNAPSHOT/hdds-container-service-1.3.0-SNAPSHOT.jar!/webapps/static,AVAILABLE}
2022-11-03 16:01:11,651 [EndpointStateMachine task thread for /0.0.0.0:35727 - 0 ] INFO  utils.DatanodeStoreCache (DatanodeStoreCache.java:addDB(58)) - Added db /home/runner/work/ozone/ozone/hadoop-ozone/integration-test/target/test-dir/MiniOzoneClusterImpl-84bf62e0-a170-4695-9dd9-8848938f690d/datanode-0/data-0/containers/hdds/84bf62e0-a170-4695-9dd9-8848938f690d/DS-f92bb1d9-30ce-4e36-a383-d1edd13c2b2b/container.db to cache
2022-11-03 16:01:11,651 [EndpointStateMachine task thread for /0.0.0.0:35727 - 0 ] INFO  volume.HddsVolume (HddsVolume.java:createDbStore(307)) - SchemaV3 db is created and loaded at /home/runner/work/ozone/ozone/hadoop-ozone/integration-test/target/test-dir/MiniOzoneClusterImpl-84bf62e0-a170-4695-9dd9-8848938f690d/datanode-0/data-0/containers/hdds/84bf62e0-a170-4695-9dd9-8848938f690d/DS-f92bb1d9-30ce-4e36-a383-d1edd13c2b2b/container.db for volume DS-f92bb1d9-30ce-4e36-a383-d1edd13c2b2b
2022-11-03 16:01:11,652 [EndpointStateMachine task thread for /0.0.0.0:35727 - 0 ] INFO  ozoneimpl.OzoneContainer (OzoneContainer.java:start(378)) - Attempting to start container services.
2022-11-03 16:01:11,656 [EndpointStateMachine task thread for /0.0.0.0:35727 - 0 ] INFO  ozoneimpl.OzoneContainer (OzoneContainer.java:startContainerScrub(313)) - Background container scanner has been disabled.
2022-11-03 16:01:11,660 [EndpointStateMachine task thread for /0.0.0.0:35727 - 0 ] INFO  replication.ReplicationServer (ReplicationServer.java:start(111)) - ReplicationServer is started using port 34637
2022-11-03 16:01:11,662 [EndpointStateMachine task thread for /0.0.0.0:35727 - 0 ] INFO  ratis.XceiverServerRatis (XceiverServerRatis.java:start(481)) - Starting XceiverServerRatis 8d7ec919-acd2-4b88-a99a-dd9f5739b33b
2022-11-03 16:01:11,677 [EndpointStateMachine task thread for /0.0.0.0:35727 - 0 ] INFO  server.RaftServer (RaftServerProxy.java:startImpl(393)) - 8d7ec919-acd2-4b88-a99a-dd9f5739b33b: start RPC server
2022-11-03 16:01:11,689 [Listener at 127.0.0.1/45563] INFO  handler.ContextHandler (ContextHandler.java:doStart(921)) - Started o.e.j.w.WebAppContext@62f6c22e{hddsDatanode,/,file:///tmp/jetty-0_0_0_0-33047-hdds-container-service-1_3_0-SNAPSHOT_jar-_-any-5565202674995700691/webapp/,AVAILABLE}{jar:file:/home/runner/.m2/repository/org/apache/ozone/hdds-container-service/1.3.0-SNAPSHOT/hdds-container-service-1.3.0-SNAPSHOT.jar!/webapps/hddsDatanode}
2022-11-03 16:01:11,693 [EndpointStateMachine task thread for /0.0.0.0:35727 - 0 ] INFO  server.GrpcService (GrpcService.java:startImpl(270)) - 8d7ec919-acd2-4b88-a99a-dd9f5739b33b: GrpcService started, listening on 45267
2022-11-03 16:01:11,693 [EndpointStateMachine task thread for /0.0.0.0:35727 - 0 ] INFO  ratis.XceiverServerRatis (XceiverServerRatis.java:getRealPort(502)) - XceiverServerRatis 8d7ec919-acd2-4b88-a99a-dd9f5739b33b is started using port 45267 for RATIS
2022-11-03 16:01:11,694 [Listener at 127.0.0.1/45563] INFO  server.AbstractConnector (AbstractConnector.java:doStart(333)) - Started ServerConnector@393adb37{HTTP/1.1, (http/1.1)}{0.0.0.0:33047}
2022-11-03 16:01:11,694 [EndpointStateMachine task thread for /0.0.0.0:35727 - 0 ] INFO  ratis.XceiverServerRatis (XceiverServerRatis.java:getRealPort(502)) - XceiverServerRatis 8d7ec919-acd2-4b88-a99a-dd9f5739b33b is started using port 45267 for RATIS_ADMIN
2022-11-03 16:01:11,694 [Listener at 127.0.0.1/45563] INFO  server.Server (Server.java:doStart(415)) - Started @10069ms
2022-11-03 16:01:11,694 [EndpointStateMachine task thread for /0.0.0.0:35727 - 0 ] INFO  ratis.XceiverServerRatis (XceiverServerRatis.java:getRealPort(502)) - XceiverServerRatis 8d7ec919-acd2-4b88-a99a-dd9f5739b33b is started using port 45267 for RATIS_SERVER
2022-11-03 16:01:11,694 [Listener at 127.0.0.1/45563] WARN  impl.MetricsSystemImpl (MetricsSystemImpl.java:register(279)) - Sink prometheus already exists!
2022-11-03 16:01:11,695 [Listener at 127.0.0.1/45563] INFO  http.BaseHttpServer (BaseHttpServer.java:updateConnectorAddress(333)) - HTTP server of hddsDatanode listening at http://0.0.0.0:33047
2022-11-03 16:01:11,695 [JvmPauseMonitor1] INFO  util.JvmPauseMonitor (JvmPauseMonitor.java:run(105)) - JvmPauseMonitor-8d7ec919-acd2-4b88-a99a-dd9f5739b33b: Started
2022-11-03 16:01:11,706 [Listener at 127.0.0.1/45563] WARN  impl.MetricRegistriesImpl (MetricRegistriesImpl.java:addReporterRegistration(111)) - New reporters are added after registries were created. Some metrics will be missing from the reporter. Please add reporter before adding any new registry.
2022-11-03 16:01:11,706 [Listener at 127.0.0.1/45563] WARN  impl.MetricRegistriesImpl (MetricRegistriesImpl.java:addReporterRegistration(111)) - New reporters are added after registries were created. Some metrics will be missing from the reporter. Please add reporter before adding any new registry.
2022-11-03 16:01:11,706 [Listener at 127.0.0.1/45563] INFO  impl.MetricsSystemImpl (MetricsSystemImpl.java:init(158)) - HddsDatanode metrics system started (again)
2022-11-03 16:01:11,722 [Datanode State Machine Daemon Thread] INFO  statemachine.DatanodeStateMachine (DatanodeStateMachine.java:lambda$startDaemon$0(505)) - Ozone container server started.
2022-11-03 16:01:11,733 [org.apache.hadoop.util.JvmPauseMonitor$Monitor@6d852898] INFO  util.JvmPauseMonitor (JvmPauseMonitor.java:run(188)) - Starting JVM pause monitor
2022-11-03 16:01:11,724 [EndpointStateMachine task thread for /0.0.0.0:35727 - 0 ] INFO  server.XceiverServerGrpc (XceiverServerGrpc.java:start(180)) - XceiverServerGrpc 8d7ec919-acd2-4b88-a99a-dd9f5739b33b is started using port 43171
2022-11-03 16:01:11,742 [Datanode State Machine Task Thread - 0] INFO  datanode.InitDatanodeState (InitDatanodeState.java:persistContainerDatanodeDetails(138)) - DatanodeDetails is persisted to /home/runner/work/ozone/ozone/hadoop-ozone/integration-test/target/test-dir/MiniOzoneClusterImpl-84bf62e0-a170-4695-9dd9-8848938f690d/datanode-6/meta/datanode.id
2022-11-03 16:01:11,742 [Listener at 127.0.0.1/45563] INFO  ozone.HddsDatanodeService (HddsDatanodeService.java:start(236)) - HddsDatanodeService host:fv-az47-358.mma5zatft5wupo5mzspaixdheh.bx.internal.cloudapp.net ip:10.1.1.36
2022-11-03 16:01:11,763 [Listener at 127.0.0.1/45563] INFO  upgrade.AbstractLayoutVersionManager (AbstractLayoutVersionManager.java:init(83)) - Initializing Layout version manager with metadata layout = DATANODE_SCHEMA_V3 (version = 4), software layout = DATANODE_SCHEMA_V3 (version = 4)
2022-11-03 16:01:11,813 [Listener at 127.0.0.1/45563] INFO  reflections.Reflections (Reflections.java:scan(232)) - Reflections took 49 ms to scan 7 urls, producing 139 keys and 336 values 
2022-11-03 16:01:11,816 [Listener at 127.0.0.1/45563] INFO  statemachine.DatanodeStateMachine (DatanodeStateMachine.java:getEndPointTaskThreadPoolSize(245)) - Datanode State Machine Task Thread Pool size 2
2022-11-03 16:01:11,826 [Listener at 127.0.0.1/45563] INFO  volume.HddsVolume (HddsVolume.java:<init>(117)) - Creating HddsVolume: /home/runner/work/ozone/ozone/hadoop-ozone/integration-test/target/test-dir/MiniOzoneClusterImpl-84bf62e0-a170-4695-9dd9-8848938f690d/datanode-7/data-0/containers/hdds of storage type : DISK capacity : 9223372036854775807
2022-11-03 16:01:11,827 [Listener at 127.0.0.1/45563] INFO  volume.MutableVolumeSet (MutableVolumeSet.java:initializeVolumeSet(174)) - Added Volume : /home/runner/work/ozone/ozone/hadoop-ozone/integration-test/target/test-dir/MiniOzoneClusterImpl-84bf62e0-a170-4695-9dd9-8848938f690d/datanode-7/data-0/containers/hdds to VolumeSet
2022-11-03 16:01:11,827 [Listener at 127.0.0.1/45563] INFO  volume.ThrottledAsyncChecker (ThrottledAsyncChecker.java:schedule(141)) - Scheduling a check for /home/runner/work/ozone/ozone/hadoop-ozone/integration-test/target/test-dir/MiniOzoneClusterImpl-84bf62e0-a170-4695-9dd9-8848938f690d/datanode-7/data-0/containers/hdds
2022-11-03 16:01:11,832 [Listener at 127.0.0.1/45563] INFO  volume.StorageVolumeChecker (StorageVolumeChecker.java:checkAllVolumes(202)) - Scheduled health check for volume /home/runner/work/ozone/ozone/hadoop-ozone/integration-test/target/test-dir/MiniOzoneClusterImpl-84bf62e0-a170-4695-9dd9-8848938f690d/datanode-7/data-0/containers/hdds
2022-11-03 16:01:11,853 [Listener at 127.0.0.1/45563] INFO  volume.MutableVolumeSet (MutableVolumeSet.java:initializeVolumeSet(174)) - Added Volume : /home/runner/work/ozone/ozone/hadoop-ozone/integration-test/target/test-dir/MiniOzoneClusterImpl-84bf62e0-a170-4695-9dd9-8848938f690d/datanode-7/data/ratis to VolumeSet
2022-11-03 16:01:11,853 [Listener at 127.0.0.1/45563] INFO  volume.ThrottledAsyncChecker (ThrottledAsyncChecker.java:schedule(141)) - Scheduling a check for /home/runner/work/ozone/ozone/hadoop-ozone/integration-test/target/test-dir/MiniOzoneClusterImpl-84bf62e0-a170-4695-9dd9-8848938f690d/datanode-7/data/ratis
2022-11-03 16:01:11,853 [Listener at 127.0.0.1/45563] INFO  volume.StorageVolumeChecker (StorageVolumeChecker.java:checkAllVolumes(202)) - Scheduled health check for volume /home/runner/work/ozone/ozone/hadoop-ozone/integration-test/target/test-dir/MiniOzoneClusterImpl-84bf62e0-a170-4695-9dd9-8848938f690d/datanode-7/data/ratis
2022-11-03 16:01:11,868 [Thread-235] INFO  ozoneimpl.ContainerReader (ContainerReader.java:readVolume(175)) - Finish verifying containers on volume /home/runner/work/ozone/ozone/hadoop-ozone/integration-test/target/test-dir/MiniOzoneClusterImpl-84bf62e0-a170-4695-9dd9-8848938f690d/datanode-7/data-0/containers/hdds
2022-11-03 16:01:11,868 [Listener at 127.0.0.1/45563] INFO  ozoneimpl.OzoneContainer (OzoneContainer.java:buildContainerSet(300)) - Build ContainerSet costs 0s
2022-11-03 16:01:11,871 [Listener at 127.0.0.1/45563] INFO  server.RaftServer (ConfUtils.java:logGet(46)) - raft.rpc.type = GRPC (default)
2022-11-03 16:01:11,872 [Listener at 127.0.0.1/45563] INFO  grpc.GrpcConfigKeys (ConfUtils.java:logFallback(53)) - raft.grpc.admin.host = null (fallback to raft.grpc.server.host)
2022-11-03 16:01:11,872 [Listener at 127.0.0.1/45563] INFO  grpc.GrpcConfigKeys (ConfUtils.java:logGet(46)) - raft.grpc.admin.port = 0 (custom)
2022-11-03 16:01:11,872 [Listener at 127.0.0.1/45563] INFO  grpc.GrpcConfigKeys (ConfUtils.java:logFallback(53)) - raft.grpc.client.host = null (fallback to raft.grpc.server.host)
2022-11-03 16:01:11,872 [Listener at 127.0.0.1/45563] INFO  grpc.GrpcConfigKeys (ConfUtils.java:logGet(46)) - raft.grpc.client.port = 0 (custom)
2022-11-03 16:01:11,872 [Listener at 127.0.0.1/45563] INFO  grpc.GrpcConfigKeys (ConfUtils.java:logGet(46)) - raft.grpc.server.host = null (default)
2022-11-03 16:01:11,872 [Listener at 127.0.0.1/45563] INFO  grpc.GrpcConfigKeys (ConfUtils.java:logGet(46)) - raft.grpc.server.port = 0 (default)
2022-11-03 16:01:11,872 [Listener at 127.0.0.1/45563] INFO  server.GrpcService (ConfUtils.java:logGet(46)) - raft.grpc.message.size.max = 32MB (=33554432) (custom)
2022-11-03 16:01:11,873 [Listener at 127.0.0.1/45563] INFO  server.RaftServerConfigKeys (ConfUtils.java:logGet(46)) - raft.server.log.appender.buffer.byte-limit = 33554432 (custom)
2022-11-03 16:01:11,873 [Listener at 127.0.0.1/45563] INFO  server.GrpcService (ConfUtils.java:logGet(46)) - raft.grpc.flow.control.window = 5MB (=5242880) (custom)
2022-11-03 16:01:11,873 [Listener at 127.0.0.1/45563] INFO  server.RaftServerConfigKeys (ConfUtils.java:logGet(46)) - raft.server.rpc.request.timeout = 60s (custom)
2022-11-03 16:01:11,873 [Listener at 127.0.0.1/45563] INFO  grpc.GrpcConfigKeys (ConfUtils.java:logGet(46)) - raft.grpc.server.heartbeat.channel = true (default)
2022-11-03 16:01:11,873 [Listener at 127.0.0.1/45563] INFO  grpc.GrpcConfigKeys (ConfUtils.java:logGet(46)) - raft.grpc.server.async.request.thread.pool.cached = true (default)
2022-11-03 16:01:11,873 [Listener at 127.0.0.1/45563] INFO  grpc.GrpcConfigKeys (ConfUtils.java:logGet(46)) - raft.grpc.server.async.request.thread.pool.size = 32 (default)
2022-11-03 16:01:11,875 [Listener at 127.0.0.1/45563] INFO  impl.DataStreamServerImpl (ConfUtils.java:logGet(46)) - raft.datastream.type = DISABLED (default)
2022-11-03 16:01:11,875 [Listener at 127.0.0.1/45563] INFO  server.RaftServerConfigKeys (ConfUtils.java:logGet(46)) - raft.server.threadpool.proxy.cached = true (default)
2022-11-03 16:01:11,875 [Listener at 127.0.0.1/45563] INFO  server.RaftServerConfigKeys (ConfUtils.java:logGet(46)) - raft.server.threadpool.proxy.size = 0 (default)
2022-11-03 16:01:11,875 [Listener at 127.0.0.1/45563] INFO  server.RaftServerConfigKeys (ConfUtils.java:logGet(46)) - raft.server.rpc.slowness.timeout = 300s (custom)
2022-11-03 16:01:11,875 [Listener at 127.0.0.1/45563] INFO  server.RaftServerConfigKeys (ConfUtils.java:logGet(46)) - raft.server.leaderelection.leader.step-down.wait-time = 10s (default)
2022-11-03 16:01:11,875 [Listener at 127.0.0.1/45563] INFO  server.RaftServerConfigKeys (ConfUtils.java:logGet(46)) - raft.server.storage.dir = [/home/runner/work/ozone/ozone/hadoop-ozone/integration-test/target/test-dir/MiniOzoneClusterImpl-84bf62e0-a170-4695-9dd9-8848938f690d/datanode-7/data/ratis] (custom)
2022-11-03 16:01:11,877 [Listener at 127.0.0.1/45563] INFO  server.XceiverServerGrpc (XceiverServerGrpc.java:<init>(132)) - GrpcServer channel type EpollServerSocketChannel
2022-11-03 16:01:11,881 [Listener at 127.0.0.1/45563] INFO  http.BaseHttpServer (BaseHttpServer.java:newHttpServer2BuilderForOzone(213)) - Starting Web-server for hddsDatanode at: http://0.0.0.0:0
2022-11-03 16:01:11,881 [Listener at 127.0.0.1/45563] INFO  http.BaseHttpServer (BaseHttpServer.java:<init>(108)) - Hadoop Security Enabled: false Ozone Security Enabled: false Ozone HTTP Security Enabled: false 
2022-11-03 16:01:11,882 [Listener at 127.0.0.1/45563] WARN  server.AuthenticationFilter (AuthenticationFilter.java:constructSecretProvider(240)) - Unable to initialize FileSignerSecretProvider, falling back to use random secrets. Reason: Could not read signature secret file: /home/runner/hadoop-http-auth-signature-secret
2022-11-03 16:01:11,883 [Listener at 127.0.0.1/45563] WARN  http.HttpRequestLog (HttpRequestLog.java:getRequestLog(103)) - Jetty request log can only be enabled using Log4j
2022-11-03 16:01:11,884 [Listener at 127.0.0.1/45563] INFO  http.HttpServer2 (HttpServer2.java:addGlobalFilter(1031)) - Added global filter 'safety' (class=org.apache.hadoop.hdds.server.http.HttpServer2$QuotingInputFilter)
2022-11-03 16:01:11,885 [Listener at 127.0.0.1/45563] INFO  http.HttpServer2 (HttpServer2.java:addFilter(1007)) - Added filter static_user_filter (class=org.apache.hadoop.http.lib.StaticUserWebFilter$StaticUserFilter) to context hddsDatanode
2022-11-03 16:01:11,885 [Listener at 127.0.0.1/45563] INFO  http.HttpServer2 (HttpServer2.java:addFilter(1015)) - Added filter static_user_filter (class=org.apache.hadoop.http.lib.StaticUserWebFilter$StaticUserFilter) to context logs
2022-11-03 16:01:11,885 [Listener at 127.0.0.1/45563] INFO  http.HttpServer2 (HttpServer2.java:addFilter(1015)) - Added filter static_user_filter (class=org.apache.hadoop.http.lib.StaticUserWebFilter$StaticUserFilter) to context static
2022-11-03 16:01:11,886 [Listener at 127.0.0.1/45563] INFO  http.HttpServer2 (HttpServer2.java:bindListener(1250)) - Jetty bound to port 34953
2022-11-03 16:01:11,886 [Listener at 127.0.0.1/45563] INFO  server.Server (Server.java:doStart(375)) - jetty-9.4.49.v20220914; built: 2022-09-14T01:07:36.601Z; git: 4231a3b2e4cb8548a412a789936d640a97b1aa0a; jvm 1.8.0_345-b01
2022-11-03 16:01:11,956 [Listener at 127.0.0.1/45563] INFO  server.session (DefaultSessionIdManager.java:doStart(334)) - DefaultSessionIdManager workerName=node0
2022-11-03 16:01:11,957 [Listener at 127.0.0.1/45563] INFO  server.session (DefaultSessionIdManager.java:doStart(339)) - No SessionScavenger set, using defaults
2022-11-03 16:01:11,957 [Listener at 127.0.0.1/45563] INFO  server.session (HouseKeeper.java:startScavenging(132)) - node0 Scavenging every 600000ms
2022-11-03 16:01:11,962 [Listener at 127.0.0.1/45563] INFO  handler.ContextHandler (ContextHandler.java:doStart(921)) - Started o.e.j.s.ServletContextHandler@d725e10{logs,/logs,file:///home/runner/work/ozone/ozone/hadoop-ozone/integration-test/target/log,AVAILABLE}
2022-11-03 16:01:11,962 [Listener at 127.0.0.1/45563] INFO  handler.ContextHandler (ContextHandler.java:doStart(921)) - Started o.e.j.s.ServletContextHandler@284e134c{static,/static,jar:file:/home/runner/.m2/repository/org/apache/ozone/hdds-container-service/1.3.0-SNAPSHOT/hdds-container-service-1.3.0-SNAPSHOT.jar!/webapps/static,AVAILABLE}
2022-11-03 16:01:12,029 [EndpointStateMachine task thread for /0.0.0.0:35727 - 0 ] INFO  utils.DatanodeStoreCache (DatanodeStoreCache.java:addDB(58)) - Added db /home/runner/work/ozone/ozone/hadoop-ozone/integration-test/target/test-dir/MiniOzoneClusterImpl-84bf62e0-a170-4695-9dd9-8848938f690d/datanode-1/data-0/containers/hdds/84bf62e0-a170-4695-9dd9-8848938f690d/DS-b1a872b6-1d42-496f-a8d7-495ce003b2a8/container.db to cache
2022-11-03 16:01:12,029 [EndpointStateMachine task thread for /0.0.0.0:35727 - 0 ] INFO  volume.HddsVolume (HddsVolume.java:createDbStore(307)) - SchemaV3 db is created and loaded at /home/runner/work/ozone/ozone/hadoop-ozone/integration-test/target/test-dir/MiniOzoneClusterImpl-84bf62e0-a170-4695-9dd9-8848938f690d/datanode-1/data-0/containers/hdds/84bf62e0-a170-4695-9dd9-8848938f690d/DS-b1a872b6-1d42-496f-a8d7-495ce003b2a8/container.db for volume DS-b1a872b6-1d42-496f-a8d7-495ce003b2a8
2022-11-03 16:01:12,030 [EndpointStateMachine task thread for /0.0.0.0:35727 - 0 ] INFO  ozoneimpl.OzoneContainer (OzoneContainer.java:start(378)) - Attempting to start container services.
2022-11-03 16:01:12,030 [EndpointStateMachine task thread for /0.0.0.0:35727 - 0 ] INFO  ozoneimpl.OzoneContainer (OzoneContainer.java:startContainerScrub(313)) - Background container scanner has been disabled.
2022-11-03 16:01:12,031 [EndpointStateMachine task thread for /0.0.0.0:35727 - 0 ] INFO  replication.ReplicationServer (ReplicationServer.java:start(111)) - ReplicationServer is started using port 36403
2022-11-03 16:01:12,032 [EndpointStateMachine task thread for /0.0.0.0:35727 - 0 ] INFO  ratis.XceiverServerRatis (XceiverServerRatis.java:start(481)) - Starting XceiverServerRatis 556da25a-9bc8-419d-83a0-dc1d92c1e895
2022-11-03 16:01:12,056 [EndpointStateMachine task thread for /0.0.0.0:35727 - 0 ] INFO  server.RaftServer (RaftServerProxy.java:startImpl(393)) - 556da25a-9bc8-419d-83a0-dc1d92c1e895: start RPC server
2022-11-03 16:01:12,059 [EndpointStateMachine task thread for /0.0.0.0:35727 - 0 ] INFO  server.GrpcService (GrpcService.java:startImpl(270)) - 556da25a-9bc8-419d-83a0-dc1d92c1e895: GrpcService started, listening on 41941
2022-11-03 16:01:12,064 [EndpointStateMachine task thread for /0.0.0.0:35727 - 0 ] INFO  ratis.XceiverServerRatis (XceiverServerRatis.java:getRealPort(502)) - XceiverServerRatis 556da25a-9bc8-419d-83a0-dc1d92c1e895 is started using port 41941 for RATIS
2022-11-03 16:01:12,064 [EndpointStateMachine task thread for /0.0.0.0:35727 - 0 ] INFO  ratis.XceiverServerRatis (XceiverServerRatis.java:getRealPort(502)) - XceiverServerRatis 556da25a-9bc8-419d-83a0-dc1d92c1e895 is started using port 41941 for RATIS_ADMIN
2022-11-03 16:01:12,064 [EndpointStateMachine task thread for /0.0.0.0:35727 - 0 ] INFO  ratis.XceiverServerRatis (XceiverServerRatis.java:getRealPort(502)) - XceiverServerRatis 556da25a-9bc8-419d-83a0-dc1d92c1e895 is started using port 41941 for RATIS_SERVER
2022-11-03 16:01:12,065 [JvmPauseMonitor2] INFO  util.JvmPauseMonitor (JvmPauseMonitor.java:run(105)) - JvmPauseMonitor-556da25a-9bc8-419d-83a0-dc1d92c1e895: Started
2022-11-03 16:01:12,078 [EndpointStateMachine task thread for /0.0.0.0:35727 - 0 ] INFO  server.XceiverServerGrpc (XceiverServerGrpc.java:start(180)) - XceiverServerGrpc 556da25a-9bc8-419d-83a0-dc1d92c1e895 is started using port 44967
2022-11-03 16:01:12,169 [Listener at 127.0.0.1/45563] INFO  handler.ContextHandler (ContextHandler.java:doStart(921)) - Started o.e.j.w.WebAppContext@53795bd6{hddsDatanode,/,file:///tmp/jetty-0_0_0_0-34953-hdds-container-service-1_3_0-SNAPSHOT_jar-_-any-4140236721090757517/webapp/,AVAILABLE}{jar:file:/home/runner/.m2/repository/org/apache/ozone/hdds-container-service/1.3.0-SNAPSHOT/hdds-container-service-1.3.0-SNAPSHOT.jar!/webapps/hddsDatanode}
2022-11-03 16:01:12,170 [Listener at 127.0.0.1/45563] INFO  server.AbstractConnector (AbstractConnector.java:doStart(333)) - Started ServerConnector@12d1165b{HTTP/1.1, (http/1.1)}{0.0.0.0:34953}
2022-11-03 16:01:12,171 [Listener at 127.0.0.1/45563] INFO  server.Server (Server.java:doStart(415)) - Started @10546ms
2022-11-03 16:01:12,171 [Listener at 127.0.0.1/45563] WARN  impl.MetricsSystemImpl (MetricsSystemImpl.java:register(279)) - Sink prometheus already exists!
2022-11-03 16:01:12,171 [Listener at 127.0.0.1/45563] INFO  http.BaseHttpServer (BaseHttpServer.java:updateConnectorAddress(333)) - HTTP server of hddsDatanode listening at http://0.0.0.0:34953
2022-11-03 16:01:12,172 [Listener at 127.0.0.1/45563] WARN  impl.MetricRegistriesImpl (MetricRegistriesImpl.java:addReporterRegistration(111)) - New reporters are added after registries were created. Some metrics will be missing from the reporter. Please add reporter before adding any new registry.
2022-11-03 16:01:12,172 [Listener at 127.0.0.1/45563] WARN  impl.MetricRegistriesImpl (MetricRegistriesImpl.java:addReporterRegistration(111)) - New reporters are added after registries were created. Some metrics will be missing from the reporter. Please add reporter before adding any new registry.
2022-11-03 16:01:12,172 [Listener at 127.0.0.1/45563] INFO  impl.MetricsSystemImpl (MetricsSystemImpl.java:init(158)) - HddsDatanode metrics system started (again)
2022-11-03 16:01:12,178 [Datanode State Machine Daemon Thread] INFO  statemachine.DatanodeStateMachine (DatanodeStateMachine.java:lambda$startDaemon$0(505)) - Ozone container server started.
2022-11-03 16:01:12,196 [org.apache.hadoop.util.JvmPauseMonitor$Monitor@490a9b3c] INFO  util.JvmPauseMonitor (JvmPauseMonitor.java:run(188)) - Starting JVM pause monitor
2022-11-03 16:01:12,203 [Listener at 127.0.0.1/45563] INFO  ozone.HddsDatanodeService (HddsDatanodeService.java:start(236)) - HddsDatanodeService host:fv-az47-358.mma5zatft5wupo5mzspaixdheh.bx.internal.cloudapp.net ip:10.1.1.36
2022-11-03 16:01:12,207 [Datanode State Machine Task Thread - 0] INFO  datanode.InitDatanodeState (InitDatanodeState.java:persistContainerDatanodeDetails(138)) - DatanodeDetails is persisted to /home/runner/work/ozone/ozone/hadoop-ozone/integration-test/target/test-dir/MiniOzoneClusterImpl-84bf62e0-a170-4695-9dd9-8848938f690d/datanode-7/meta/datanode.id
2022-11-03 16:01:12,228 [Listener at 127.0.0.1/45563] INFO  upgrade.AbstractLayoutVersionManager (AbstractLayoutVersionManager.java:init(83)) - Initializing Layout version manager with metadata layout = DATANODE_SCHEMA_V3 (version = 4), software layout = DATANODE_SCHEMA_V3 (version = 4)
2022-11-03 16:01:12,270 [Listener at 127.0.0.1/45563] INFO  reflections.Reflections (Reflections.java:scan(232)) - Reflections took 40 ms to scan 7 urls, producing 139 keys and 336 values 
2022-11-03 16:01:12,272 [Listener at 127.0.0.1/45563] INFO  statemachine.DatanodeStateMachine (DatanodeStateMachine.java:getEndPointTaskThreadPoolSize(245)) - Datanode State Machine Task Thread Pool size 2
2022-11-03 16:01:12,274 [Listener at 127.0.0.1/45563] INFO  volume.HddsVolume (HddsVolume.java:<init>(117)) - Creating HddsVolume: /home/runner/work/ozone/ozone/hadoop-ozone/integration-test/target/test-dir/MiniOzoneClusterImpl-84bf62e0-a170-4695-9dd9-8848938f690d/datanode-8/data-0/containers/hdds of storage type : DISK capacity : 9223372036854775807
2022-11-03 16:01:12,274 [Listener at 127.0.0.1/45563] INFO  volume.MutableVolumeSet (MutableVolumeSet.java:initializeVolumeSet(174)) - Added Volume : /home/runner/work/ozone/ozone/hadoop-ozone/integration-test/target/test-dir/MiniOzoneClusterImpl-84bf62e0-a170-4695-9dd9-8848938f690d/datanode-8/data-0/containers/hdds to VolumeSet
2022-11-03 16:01:12,274 [Listener at 127.0.0.1/45563] INFO  volume.ThrottledAsyncChecker (ThrottledAsyncChecker.java:schedule(141)) - Scheduling a check for /home/runner/work/ozone/ozone/hadoop-ozone/integration-test/target/test-dir/MiniOzoneClusterImpl-84bf62e0-a170-4695-9dd9-8848938f690d/datanode-8/data-0/containers/hdds
2022-11-03 16:01:12,277 [Listener at 127.0.0.1/45563] INFO  volume.StorageVolumeChecker (StorageVolumeChecker.java:checkAllVolumes(202)) - Scheduled health check for volume /home/runner/work/ozone/ozone/hadoop-ozone/integration-test/target/test-dir/MiniOzoneClusterImpl-84bf62e0-a170-4695-9dd9-8848938f690d/datanode-8/data-0/containers/hdds
2022-11-03 16:01:12,287 [Listener at 127.0.0.1/45563] INFO  volume.MutableVolumeSet (MutableVolumeSet.java:initializeVolumeSet(174)) - Added Volume : /home/runner/work/ozone/ozone/hadoop-ozone/integration-test/target/test-dir/MiniOzoneClusterImpl-84bf62e0-a170-4695-9dd9-8848938f690d/datanode-8/data/ratis to VolumeSet
2022-11-03 16:01:12,287 [Listener at 127.0.0.1/45563] INFO  volume.ThrottledAsyncChecker (ThrottledAsyncChecker.java:schedule(141)) - Scheduling a check for /home/runner/work/ozone/ozone/hadoop-ozone/integration-test/target/test-dir/MiniOzoneClusterImpl-84bf62e0-a170-4695-9dd9-8848938f690d/datanode-8/data/ratis
2022-11-03 16:01:12,288 [Listener at 127.0.0.1/45563] INFO  volume.StorageVolumeChecker (StorageVolumeChecker.java:checkAllVolumes(202)) - Scheduled health check for volume /home/runner/work/ozone/ozone/hadoop-ozone/integration-test/target/test-dir/MiniOzoneClusterImpl-84bf62e0-a170-4695-9dd9-8848938f690d/datanode-8/data/ratis
2022-11-03 16:01:12,298 [Thread-253] INFO  ozoneimpl.ContainerReader (ContainerReader.java:readVolume(175)) - Finish verifying containers on volume /home/runner/work/ozone/ozone/hadoop-ozone/integration-test/target/test-dir/MiniOzoneClusterImpl-84bf62e0-a170-4695-9dd9-8848938f690d/datanode-8/data-0/containers/hdds
2022-11-03 16:01:12,298 [Listener at 127.0.0.1/45563] INFO  ozoneimpl.OzoneContainer (OzoneContainer.java:buildContainerSet(300)) - Build ContainerSet costs 0s
2022-11-03 16:01:12,300 [Listener at 127.0.0.1/45563] INFO  server.RaftServer (ConfUtils.java:logGet(46)) - raft.rpc.type = GRPC (default)
2022-11-03 16:01:12,300 [Listener at 127.0.0.1/45563] INFO  grpc.GrpcConfigKeys (ConfUtils.java:logFallback(53)) - raft.grpc.admin.host = null (fallback to raft.grpc.server.host)
2022-11-03 16:01:12,300 [Listener at 127.0.0.1/45563] INFO  grpc.GrpcConfigKeys (ConfUtils.java:logGet(46)) - raft.grpc.admin.port = 0 (custom)
2022-11-03 16:01:12,301 [Listener at 127.0.0.1/45563] INFO  grpc.GrpcConfigKeys (ConfUtils.java:logFallback(53)) - raft.grpc.client.host = null (fallback to raft.grpc.server.host)
2022-11-03 16:01:12,301 [Listener at 127.0.0.1/45563] INFO  grpc.GrpcConfigKeys (ConfUtils.java:logGet(46)) - raft.grpc.client.port = 0 (custom)
2022-11-03 16:01:12,301 [Listener at 127.0.0.1/45563] INFO  grpc.GrpcConfigKeys (ConfUtils.java:logGet(46)) - raft.grpc.server.host = null (default)
2022-11-03 16:01:12,301 [Listener at 127.0.0.1/45563] INFO  grpc.GrpcConfigKeys (ConfUtils.java:logGet(46)) - raft.grpc.server.port = 0 (default)
2022-11-03 16:01:12,301 [Listener at 127.0.0.1/45563] INFO  server.GrpcService (ConfUtils.java:logGet(46)) - raft.grpc.message.size.max = 32MB (=33554432) (custom)
2022-11-03 16:01:12,301 [Listener at 127.0.0.1/45563] INFO  server.RaftServerConfigKeys (ConfUtils.java:logGet(46)) - raft.server.log.appender.buffer.byte-limit = 33554432 (custom)
2022-11-03 16:01:12,301 [Listener at 127.0.0.1/45563] INFO  server.GrpcService (ConfUtils.java:logGet(46)) - raft.grpc.flow.control.window = 5MB (=5242880) (custom)
2022-11-03 16:01:12,302 [Listener at 127.0.0.1/45563] INFO  server.RaftServerConfigKeys (ConfUtils.java:logGet(46)) - raft.server.rpc.request.timeout = 60s (custom)
2022-11-03 16:01:12,302 [Listener at 127.0.0.1/45563] INFO  grpc.GrpcConfigKeys (ConfUtils.java:logGet(46)) - raft.grpc.server.heartbeat.channel = true (default)
2022-11-03 16:01:12,302 [Listener at 127.0.0.1/45563] INFO  grpc.GrpcConfigKeys (ConfUtils.java:logGet(46)) - raft.grpc.server.async.request.thread.pool.cached = true (default)
2022-11-03 16:01:12,302 [Listener at 127.0.0.1/45563] INFO  grpc.GrpcConfigKeys (ConfUtils.java:logGet(46)) - raft.grpc.server.async.request.thread.pool.size = 32 (default)
2022-11-03 16:01:12,303 [Listener at 127.0.0.1/45563] INFO  impl.DataStreamServerImpl (ConfUtils.java:logGet(46)) - raft.datastream.type = DISABLED (default)
2022-11-03 16:01:12,303 [Listener at 127.0.0.1/45563] INFO  server.RaftServerConfigKeys (ConfUtils.java:logGet(46)) - raft.server.threadpool.proxy.cached = true (default)
2022-11-03 16:01:12,303 [Listener at 127.0.0.1/45563] INFO  server.RaftServerConfigKeys (ConfUtils.java:logGet(46)) - raft.server.threadpool.proxy.size = 0 (default)
2022-11-03 16:01:12,303 [Listener at 127.0.0.1/45563] INFO  server.RaftServerConfigKeys (ConfUtils.java:logGet(46)) - raft.server.rpc.slowness.timeout = 300s (custom)
2022-11-03 16:01:12,303 [Listener at 127.0.0.1/45563] INFO  server.RaftServerConfigKeys (ConfUtils.java:logGet(46)) - raft.server.leaderelection.leader.step-down.wait-time = 10s (default)
2022-11-03 16:01:12,304 [Listener at 127.0.0.1/45563] INFO  server.RaftServerConfigKeys (ConfUtils.java:logGet(46)) - raft.server.storage.dir = [/home/runner/work/ozone/ozone/hadoop-ozone/integration-test/target/test-dir/MiniOzoneClusterImpl-84bf62e0-a170-4695-9dd9-8848938f690d/datanode-8/data/ratis] (custom)
2022-11-03 16:01:12,305 [Listener at 127.0.0.1/45563] INFO  server.XceiverServerGrpc (XceiverServerGrpc.java:<init>(132)) - GrpcServer channel type EpollServerSocketChannel
2022-11-03 16:01:12,308 [Listener at 127.0.0.1/45563] INFO  http.BaseHttpServer (BaseHttpServer.java:newHttpServer2BuilderForOzone(213)) - Starting Web-server for hddsDatanode at: http://0.0.0.0:0
2022-11-03 16:01:12,308 [Listener at 127.0.0.1/45563] INFO  http.BaseHttpServer (BaseHttpServer.java:<init>(108)) - Hadoop Security Enabled: false Ozone Security Enabled: false Ozone HTTP Security Enabled: false 
2022-11-03 16:01:12,309 [Listener at 127.0.0.1/45563] WARN  server.AuthenticationFilter (AuthenticationFilter.java:constructSecretProvider(240)) - Unable to initialize FileSignerSecretProvider, falling back to use random secrets. Reason: Could not read signature secret file: /home/runner/hadoop-http-auth-signature-secret
2022-11-03 16:01:12,310 [Listener at 127.0.0.1/45563] WARN  http.HttpRequestLog (HttpRequestLog.java:getRequestLog(103)) - Jetty request log can only be enabled using Log4j
2022-11-03 16:01:12,311 [Listener at 127.0.0.1/45563] INFO  http.HttpServer2 (HttpServer2.java:addGlobalFilter(1031)) - Added global filter 'safety' (class=org.apache.hadoop.hdds.server.http.HttpServer2$QuotingInputFilter)
2022-11-03 16:01:12,312 [Listener at 127.0.0.1/45563] INFO  http.HttpServer2 (HttpServer2.java:addFilter(1007)) - Added filter static_user_filter (class=org.apache.hadoop.http.lib.StaticUserWebFilter$StaticUserFilter) to context hddsDatanode
2022-11-03 16:01:12,312 [Listener at 127.0.0.1/45563] INFO  http.HttpServer2 (HttpServer2.java:addFilter(1015)) - Added filter static_user_filter (class=org.apache.hadoop.http.lib.StaticUserWebFilter$StaticUserFilter) to context logs
2022-11-03 16:01:12,312 [Listener at 127.0.0.1/45563] INFO  http.HttpServer2 (HttpServer2.java:addFilter(1015)) - Added filter static_user_filter (class=org.apache.hadoop.http.lib.StaticUserWebFilter$StaticUserFilter) to context static
2022-11-03 16:01:12,312 [Listener at 127.0.0.1/45563] INFO  http.HttpServer2 (HttpServer2.java:bindListener(1250)) - Jetty bound to port 43069
2022-11-03 16:01:12,312 [Listener at 127.0.0.1/45563] INFO  server.Server (Server.java:doStart(375)) - jetty-9.4.49.v20220914; built: 2022-09-14T01:07:36.601Z; git: 4231a3b2e4cb8548a412a789936d640a97b1aa0a; jvm 1.8.0_345-b01
2022-11-03 16:01:12,314 [Listener at 127.0.0.1/45563] INFO  server.session (DefaultSessionIdManager.java:doStart(334)) - DefaultSessionIdManager workerName=node0
2022-11-03 16:01:12,314 [Listener at 127.0.0.1/45563] INFO  server.session (DefaultSessionIdManager.java:doStart(339)) - No SessionScavenger set, using defaults
2022-11-03 16:01:12,314 [Listener at 127.0.0.1/45563] INFO  server.session (HouseKeeper.java:startScavenging(132)) - node0 Scavenging every 660000ms
2022-11-03 16:01:12,315 [Listener at 127.0.0.1/45563] INFO  handler.ContextHandler (ContextHandler.java:doStart(921)) - Started o.e.j.s.ServletContextHandler@6c9696c5{logs,/logs,file:///home/runner/work/ozone/ozone/hadoop-ozone/integration-test/target/log,AVAILABLE}
2022-11-03 16:01:12,315 [Listener at 127.0.0.1/45563] INFO  handler.ContextHandler (ContextHandler.java:doStart(921)) - Started o.e.j.s.ServletContextHandler@575fffc{static,/static,jar:file:/home/runner/.m2/repository/org/apache/ozone/hdds-container-service/1.3.0-SNAPSHOT/hdds-container-service-1.3.0-SNAPSHOT.jar!/webapps/static,AVAILABLE}
2022-11-03 16:01:12,379 [EndpointStateMachine task thread for /0.0.0.0:35727 - 0 ] INFO  utils.DatanodeStoreCache (DatanodeStoreCache.java:addDB(58)) - Added db /home/runner/work/ozone/ozone/hadoop-ozone/integration-test/target/test-dir/MiniOzoneClusterImpl-84bf62e0-a170-4695-9dd9-8848938f690d/datanode-2/data-0/containers/hdds/84bf62e0-a170-4695-9dd9-8848938f690d/DS-2dfd0b16-77bd-461e-bead-71240ae9812b/container.db to cache
2022-11-03 16:01:12,379 [EndpointStateMachine task thread for /0.0.0.0:35727 - 0 ] INFO  volume.HddsVolume (HddsVolume.java:createDbStore(307)) - SchemaV3 db is created and loaded at /home/runner/work/ozone/ozone/hadoop-ozone/integration-test/target/test-dir/MiniOzoneClusterImpl-84bf62e0-a170-4695-9dd9-8848938f690d/datanode-2/data-0/containers/hdds/84bf62e0-a170-4695-9dd9-8848938f690d/DS-2dfd0b16-77bd-461e-bead-71240ae9812b/container.db for volume DS-2dfd0b16-77bd-461e-bead-71240ae9812b
2022-11-03 16:01:12,382 [EndpointStateMachine task thread for /0.0.0.0:35727 - 0 ] INFO  ozoneimpl.OzoneContainer (OzoneContainer.java:start(378)) - Attempting to start container services.
2022-11-03 16:01:12,382 [EndpointStateMachine task thread for /0.0.0.0:35727 - 0 ] INFO  ozoneimpl.OzoneContainer (OzoneContainer.java:startContainerScrub(313)) - Background container scanner has been disabled.
2022-11-03 16:01:12,384 [EndpointStateMachine task thread for /0.0.0.0:35727 - 0 ] INFO  replication.ReplicationServer (ReplicationServer.java:start(111)) - ReplicationServer is started using port 33417
2022-11-03 16:01:12,385 [EndpointStateMachine task thread for /0.0.0.0:35727 - 0 ] INFO  ratis.XceiverServerRatis (XceiverServerRatis.java:start(481)) - Starting XceiverServerRatis b2efe8a5-99bb-41e7-9296-f49000549216
2022-11-03 16:01:12,388 [EndpointStateMachine task thread for /0.0.0.0:35727 - 0 ] INFO  server.RaftServer (RaftServerProxy.java:startImpl(393)) - b2efe8a5-99bb-41e7-9296-f49000549216: start RPC server
2022-11-03 16:01:12,390 [EndpointStateMachine task thread for /0.0.0.0:35727 - 0 ] INFO  server.GrpcService (GrpcService.java:startImpl(270)) - b2efe8a5-99bb-41e7-9296-f49000549216: GrpcService started, listening on 39397
2022-11-03 16:01:12,392 [EndpointStateMachine task thread for /0.0.0.0:35727 - 0 ] INFO  ratis.XceiverServerRatis (XceiverServerRatis.java:getRealPort(502)) - XceiverServerRatis b2efe8a5-99bb-41e7-9296-f49000549216 is started using port 39397 for RATIS
2022-11-03 16:01:12,392 [EndpointStateMachine task thread for /0.0.0.0:35727 - 0 ] INFO  ratis.XceiverServerRatis (XceiverServerRatis.java:getRealPort(502)) - XceiverServerRatis b2efe8a5-99bb-41e7-9296-f49000549216 is started using port 39397 for RATIS_ADMIN
2022-11-03 16:01:12,392 [EndpointStateMachine task thread for /0.0.0.0:35727 - 0 ] INFO  ratis.XceiverServerRatis (XceiverServerRatis.java:getRealPort(502)) - XceiverServerRatis b2efe8a5-99bb-41e7-9296-f49000549216 is started using port 39397 for RATIS_SERVER
2022-11-03 16:01:12,392 [JvmPauseMonitor3] INFO  util.JvmPauseMonitor (JvmPauseMonitor.java:run(105)) - JvmPauseMonitor-b2efe8a5-99bb-41e7-9296-f49000549216: Started
2022-11-03 16:01:12,405 [EndpointStateMachine task thread for /0.0.0.0:35727 - 0 ] INFO  server.XceiverServerGrpc (XceiverServerGrpc.java:start(180)) - XceiverServerGrpc b2efe8a5-99bb-41e7-9296-f49000549216 is started using port 42203
2022-11-03 16:01:12,503 [Listener at 127.0.0.1/45563] INFO  handler.ContextHandler (ContextHandler.java:doStart(921)) - Started o.e.j.w.WebAppContext@3c4f0087{hddsDatanode,/,file:///tmp/jetty-0_0_0_0-43069-hdds-container-service-1_3_0-SNAPSHOT_jar-_-any-7581422553753571785/webapp/,AVAILABLE}{jar:file:/home/runner/.m2/repository/org/apache/ozone/hdds-container-service/1.3.0-SNAPSHOT/hdds-container-service-1.3.0-SNAPSHOT.jar!/webapps/hddsDatanode}
2022-11-03 16:01:12,505 [Listener at 127.0.0.1/45563] INFO  server.AbstractConnector (AbstractConnector.java:doStart(333)) - Started ServerConnector@837ef79{HTTP/1.1, (http/1.1)}{0.0.0.0:43069}
2022-11-03 16:01:12,505 [Listener at 127.0.0.1/45563] INFO  server.Server (Server.java:doStart(415)) - Started @10880ms
2022-11-03 16:01:12,505 [Listener at 127.0.0.1/45563] WARN  impl.MetricsSystemImpl (MetricsSystemImpl.java:register(279)) - Sink prometheus already exists!
2022-11-03 16:01:12,506 [Listener at 127.0.0.1/45563] INFO  http.BaseHttpServer (BaseHttpServer.java:updateConnectorAddress(333)) - HTTP server of hddsDatanode listening at http://0.0.0.0:43069
2022-11-03 16:01:12,508 [Listener at 127.0.0.1/45563] WARN  impl.MetricRegistriesImpl (MetricRegistriesImpl.java:addReporterRegistration(111)) - New reporters are added after registries were created. Some metrics will be missing from the reporter. Please add reporter before adding any new registry.
2022-11-03 16:01:12,508 [Listener at 127.0.0.1/45563] WARN  impl.MetricRegistriesImpl (MetricRegistriesImpl.java:addReporterRegistration(111)) - New reporters are added after registries were created. Some metrics will be missing from the reporter. Please add reporter before adding any new registry.
2022-11-03 16:01:12,509 [Listener at 127.0.0.1/45563] INFO  impl.MetricsSystemImpl (MetricsSystemImpl.java:init(158)) - HddsDatanode metrics system started (again)
2022-11-03 16:01:12,512 [Datanode State Machine Daemon Thread] INFO  statemachine.DatanodeStateMachine (DatanodeStateMachine.java:lambda$startDaemon$0(505)) - Ozone container server started.
2022-11-03 16:01:12,525 [Datanode State Machine Task Thread - 0] INFO  datanode.InitDatanodeState (InitDatanodeState.java:persistContainerDatanodeDetails(138)) - DatanodeDetails is persisted to /home/runner/work/ozone/ozone/hadoop-ozone/integration-test/target/test-dir/MiniOzoneClusterImpl-84bf62e0-a170-4695-9dd9-8848938f690d/datanode-8/meta/datanode.id
2022-11-03 16:01:12,527 [org.apache.hadoop.util.JvmPauseMonitor$Monitor@251a8fe3] INFO  util.JvmPauseMonitor (JvmPauseMonitor.java:run(188)) - Starting JVM pause monitor
2022-11-03 16:01:12,531 [Listener at 127.0.0.1/45563] INFO  ozone.HddsDatanodeService (HddsDatanodeService.java:start(236)) - HddsDatanodeService host:fv-az47-358.mma5zatft5wupo5mzspaixdheh.bx.internal.cloudapp.net ip:10.1.1.36
2022-11-03 16:01:12,552 [Listener at 127.0.0.1/45563] INFO  upgrade.AbstractLayoutVersionManager (AbstractLayoutVersionManager.java:init(83)) - Initializing Layout version manager with metadata layout = DATANODE_SCHEMA_V3 (version = 4), software layout = DATANODE_SCHEMA_V3 (version = 4)
2022-11-03 16:01:12,599 [Listener at 127.0.0.1/45563] INFO  reflections.Reflections (Reflections.java:scan(232)) - Reflections took 46 ms to scan 7 urls, producing 139 keys and 336 values 
2022-11-03 16:01:12,600 [Listener at 127.0.0.1/45563] INFO  statemachine.DatanodeStateMachine (DatanodeStateMachine.java:getEndPointTaskThreadPoolSize(245)) - Datanode State Machine Task Thread Pool size 2
2022-11-03 16:01:12,603 [Listener at 127.0.0.1/45563] INFO  volume.HddsVolume (HddsVolume.java:<init>(117)) - Creating HddsVolume: /home/runner/work/ozone/ozone/hadoop-ozone/integration-test/target/test-dir/MiniOzoneClusterImpl-84bf62e0-a170-4695-9dd9-8848938f690d/datanode-9/data-0/containers/hdds of storage type : DISK capacity : 9223372036854775807
2022-11-03 16:01:12,603 [Listener at 127.0.0.1/45563] INFO  volume.MutableVolumeSet (MutableVolumeSet.java:initializeVolumeSet(174)) - Added Volume : /home/runner/work/ozone/ozone/hadoop-ozone/integration-test/target/test-dir/MiniOzoneClusterImpl-84bf62e0-a170-4695-9dd9-8848938f690d/datanode-9/data-0/containers/hdds to VolumeSet
2022-11-03 16:01:12,603 [Listener at 127.0.0.1/45563] INFO  volume.ThrottledAsyncChecker (ThrottledAsyncChecker.java:schedule(141)) - Scheduling a check for /home/runner/work/ozone/ozone/hadoop-ozone/integration-test/target/test-dir/MiniOzoneClusterImpl-84bf62e0-a170-4695-9dd9-8848938f690d/datanode-9/data-0/containers/hdds
2022-11-03 16:01:12,604 [Listener at 127.0.0.1/45563] INFO  volume.StorageVolumeChecker (StorageVolumeChecker.java:checkAllVolumes(202)) - Scheduled health check for volume /home/runner/work/ozone/ozone/hadoop-ozone/integration-test/target/test-dir/MiniOzoneClusterImpl-84bf62e0-a170-4695-9dd9-8848938f690d/datanode-9/data-0/containers/hdds
2022-11-03 16:01:12,615 [Listener at 127.0.0.1/45563] INFO  volume.MutableVolumeSet (MutableVolumeSet.java:initializeVolumeSet(174)) - Added Volume : /home/runner/work/ozone/ozone/hadoop-ozone/integration-test/target/test-dir/MiniOzoneClusterImpl-84bf62e0-a170-4695-9dd9-8848938f690d/datanode-9/data/ratis to VolumeSet
2022-11-03 16:01:12,615 [Listener at 127.0.0.1/45563] INFO  volume.ThrottledAsyncChecker (ThrottledAsyncChecker.java:schedule(141)) - Scheduling a check for /home/runner/work/ozone/ozone/hadoop-ozone/integration-test/target/test-dir/MiniOzoneClusterImpl-84bf62e0-a170-4695-9dd9-8848938f690d/datanode-9/data/ratis
2022-11-03 16:01:12,615 [Listener at 127.0.0.1/45563] INFO  volume.StorageVolumeChecker (StorageVolumeChecker.java:checkAllVolumes(202)) - Scheduled health check for volume /home/runner/work/ozone/ozone/hadoop-ozone/integration-test/target/test-dir/MiniOzoneClusterImpl-84bf62e0-a170-4695-9dd9-8848938f690d/datanode-9/data/ratis
2022-11-03 16:01:12,626 [Thread-271] INFO  ozoneimpl.ContainerReader (ContainerReader.java:readVolume(175)) - Finish verifying containers on volume /home/runner/work/ozone/ozone/hadoop-ozone/integration-test/target/test-dir/MiniOzoneClusterImpl-84bf62e0-a170-4695-9dd9-8848938f690d/datanode-9/data-0/containers/hdds
2022-11-03 16:01:12,626 [Listener at 127.0.0.1/45563] INFO  ozoneimpl.OzoneContainer (OzoneContainer.java:buildContainerSet(300)) - Build ContainerSet costs 0s
2022-11-03 16:01:12,630 [Listener at 127.0.0.1/45563] INFO  server.RaftServer (ConfUtils.java:logGet(46)) - raft.rpc.type = GRPC (default)
2022-11-03 16:01:12,630 [Listener at 127.0.0.1/45563] INFO  grpc.GrpcConfigKeys (ConfUtils.java:logFallback(53)) - raft.grpc.admin.host = null (fallback to raft.grpc.server.host)
2022-11-03 16:01:12,630 [Listener at 127.0.0.1/45563] INFO  grpc.GrpcConfigKeys (ConfUtils.java:logGet(46)) - raft.grpc.admin.port = 0 (custom)
2022-11-03 16:01:12,630 [Listener at 127.0.0.1/45563] INFO  grpc.GrpcConfigKeys (ConfUtils.java:logFallback(53)) - raft.grpc.client.host = null (fallback to raft.grpc.server.host)
2022-11-03 16:01:12,630 [Listener at 127.0.0.1/45563] INFO  grpc.GrpcConfigKeys (ConfUtils.java:logGet(46)) - raft.grpc.client.port = 0 (custom)
2022-11-03 16:01:12,631 [Listener at 127.0.0.1/45563] INFO  grpc.GrpcConfigKeys (ConfUtils.java:logGet(46)) - raft.grpc.server.host = null (default)
2022-11-03 16:01:12,631 [Listener at 127.0.0.1/45563] INFO  grpc.GrpcConfigKeys (ConfUtils.java:logGet(46)) - raft.grpc.server.port = 0 (default)
2022-11-03 16:01:12,631 [Listener at 127.0.0.1/45563] INFO  server.GrpcService (ConfUtils.java:logGet(46)) - raft.grpc.message.size.max = 32MB (=33554432) (custom)
2022-11-03 16:01:12,631 [Listener at 127.0.0.1/45563] INFO  server.RaftServerConfigKeys (ConfUtils.java:logGet(46)) - raft.server.log.appender.buffer.byte-limit = 33554432 (custom)
2022-11-03 16:01:12,631 [Listener at 127.0.0.1/45563] INFO  server.GrpcService (ConfUtils.java:logGet(46)) - raft.grpc.flow.control.window = 5MB (=5242880) (custom)
2022-11-03 16:01:12,631 [Listener at 127.0.0.1/45563] INFO  server.RaftServerConfigKeys (ConfUtils.java:logGet(46)) - raft.server.rpc.request.timeout = 60s (custom)
2022-11-03 16:01:12,631 [Listener at 127.0.0.1/45563] INFO  grpc.GrpcConfigKeys (ConfUtils.java:logGet(46)) - raft.grpc.server.heartbeat.channel = true (default)
2022-11-03 16:01:12,631 [Listener at 127.0.0.1/45563] INFO  grpc.GrpcConfigKeys (ConfUtils.java:logGet(46)) - raft.grpc.server.async.request.thread.pool.cached = true (default)
2022-11-03 16:01:12,632 [Listener at 127.0.0.1/45563] INFO  grpc.GrpcConfigKeys (ConfUtils.java:logGet(46)) - raft.grpc.server.async.request.thread.pool.size = 32 (default)
2022-11-03 16:01:12,633 [Listener at 127.0.0.1/45563] INFO  impl.DataStreamServerImpl (ConfUtils.java:logGet(46)) - raft.datastream.type = DISABLED (default)
2022-11-03 16:01:12,633 [Listener at 127.0.0.1/45563] INFO  server.RaftServerConfigKeys (ConfUtils.java:logGet(46)) - raft.server.threadpool.proxy.cached = true (default)
2022-11-03 16:01:12,633 [Listener at 127.0.0.1/45563] INFO  server.RaftServerConfigKeys (ConfUtils.java:logGet(46)) - raft.server.threadpool.proxy.size = 0 (default)
2022-11-03 16:01:12,633 [Listener at 127.0.0.1/45563] INFO  server.RaftServerConfigKeys (ConfUtils.java:logGet(46)) - raft.server.rpc.slowness.timeout = 300s (custom)
2022-11-03 16:01:12,633 [Listener at 127.0.0.1/45563] INFO  server.RaftServerConfigKeys (ConfUtils.java:logGet(46)) - raft.server.leaderelection.leader.step-down.wait-time = 10s (default)
2022-11-03 16:01:12,634 [Listener at 127.0.0.1/45563] INFO  server.RaftServerConfigKeys (ConfUtils.java:logGet(46)) - raft.server.storage.dir = [/home/runner/work/ozone/ozone/hadoop-ozone/integration-test/target/test-dir/MiniOzoneClusterImpl-84bf62e0-a170-4695-9dd9-8848938f690d/datanode-9/data/ratis] (custom)
2022-11-03 16:01:12,635 [Listener at 127.0.0.1/45563] INFO  server.XceiverServerGrpc (XceiverServerGrpc.java:<init>(132)) - GrpcServer channel type EpollServerSocketChannel
2022-11-03 16:01:12,638 [Listener at 127.0.0.1/45563] INFO  http.BaseHttpServer (BaseHttpServer.java:newHttpServer2BuilderForOzone(213)) - Starting Web-server for hddsDatanode at: http://0.0.0.0:0
2022-11-03 16:01:12,638 [Listener at 127.0.0.1/45563] INFO  http.BaseHttpServer (BaseHttpServer.java:<init>(108)) - Hadoop Security Enabled: false Ozone Security Enabled: false Ozone HTTP Security Enabled: false 
2022-11-03 16:01:12,639 [Listener at 127.0.0.1/45563] WARN  server.AuthenticationFilter (AuthenticationFilter.java:constructSecretProvider(240)) - Unable to initialize FileSignerSecretProvider, falling back to use random secrets. Reason: Could not read signature secret file: /home/runner/hadoop-http-auth-signature-secret
2022-11-03 16:01:12,640 [Listener at 127.0.0.1/45563] WARN  http.HttpRequestLog (HttpRequestLog.java:getRequestLog(103)) - Jetty request log can only be enabled using Log4j
2022-11-03 16:01:12,642 [Listener at 127.0.0.1/45563] INFO  http.HttpServer2 (HttpServer2.java:addGlobalFilter(1031)) - Added global filter 'safety' (class=org.apache.hadoop.hdds.server.http.HttpServer2$QuotingInputFilter)
2022-11-03 16:01:12,642 [Listener at 127.0.0.1/45563] INFO  http.HttpServer2 (HttpServer2.java:addFilter(1007)) - Added filter static_user_filter (class=org.apache.hadoop.http.lib.StaticUserWebFilter$StaticUserFilter) to context hddsDatanode
2022-11-03 16:01:12,643 [Listener at 127.0.0.1/45563] INFO  http.HttpServer2 (HttpServer2.java:addFilter(1015)) - Added filter static_user_filter (class=org.apache.hadoop.http.lib.StaticUserWebFilter$StaticUserFilter) to context logs
2022-11-03 16:01:12,643 [Listener at 127.0.0.1/45563] INFO  http.HttpServer2 (HttpServer2.java:addFilter(1015)) - Added filter static_user_filter (class=org.apache.hadoop.http.lib.StaticUserWebFilter$StaticUserFilter) to context static
2022-11-03 16:01:12,643 [Listener at 127.0.0.1/45563] INFO  http.HttpServer2 (HttpServer2.java:bindListener(1250)) - Jetty bound to port 40145
2022-11-03 16:01:12,643 [Listener at 127.0.0.1/45563] INFO  server.Server (Server.java:doStart(375)) - jetty-9.4.49.v20220914; built: 2022-09-14T01:07:36.601Z; git: 4231a3b2e4cb8548a412a789936d640a97b1aa0a; jvm 1.8.0_345-b01
2022-11-03 16:01:12,656 [Listener at 127.0.0.1/45563] INFO  server.session (DefaultSessionIdManager.java:doStart(334)) - DefaultSessionIdManager workerName=node0
2022-11-03 16:01:12,656 [Listener at 127.0.0.1/45563] INFO  server.session (DefaultSessionIdManager.java:doStart(339)) - No SessionScavenger set, using defaults
2022-11-03 16:01:12,656 [Listener at 127.0.0.1/45563] INFO  server.session (HouseKeeper.java:startScavenging(132)) - node0 Scavenging every 660000ms
2022-11-03 16:01:12,657 [Listener at 127.0.0.1/45563] INFO  handler.ContextHandler (ContextHandler.java:doStart(921)) - Started o.e.j.s.ServletContextHandler@27080a5e{logs,/logs,file:///home/runner/work/ozone/ozone/hadoop-ozone/integration-test/target/log,AVAILABLE}
2022-11-03 16:01:12,657 [Listener at 127.0.0.1/45563] INFO  handler.ContextHandler (ContextHandler.java:doStart(921)) - Started o.e.j.s.ServletContextHandler@162e7803{static,/static,jar:file:/home/runner/.m2/repository/org/apache/ozone/hdds-container-service/1.3.0-SNAPSHOT/hdds-container-service-1.3.0-SNAPSHOT.jar!/webapps/static,AVAILABLE}
2022-11-03 16:01:12,721 [EndpointStateMachine task thread for /0.0.0.0:35727 - 0 ] INFO  utils.DatanodeStoreCache (DatanodeStoreCache.java:addDB(58)) - Added db /home/runner/work/ozone/ozone/hadoop-ozone/integration-test/target/test-dir/MiniOzoneClusterImpl-84bf62e0-a170-4695-9dd9-8848938f690d/datanode-3/data-0/containers/hdds/84bf62e0-a170-4695-9dd9-8848938f690d/DS-19d4c83b-17f7-4466-91cd-f54aa84dd192/container.db to cache
2022-11-03 16:01:12,721 [EndpointStateMachine task thread for /0.0.0.0:35727 - 0 ] INFO  volume.HddsVolume (HddsVolume.java:createDbStore(307)) - SchemaV3 db is created and loaded at /home/runner/work/ozone/ozone/hadoop-ozone/integration-test/target/test-dir/MiniOzoneClusterImpl-84bf62e0-a170-4695-9dd9-8848938f690d/datanode-3/data-0/containers/hdds/84bf62e0-a170-4695-9dd9-8848938f690d/DS-19d4c83b-17f7-4466-91cd-f54aa84dd192/container.db for volume DS-19d4c83b-17f7-4466-91cd-f54aa84dd192
2022-11-03 16:01:12,721 [EndpointStateMachine task thread for /0.0.0.0:35727 - 0 ] INFO  ozoneimpl.OzoneContainer (OzoneContainer.java:start(378)) - Attempting to start container services.
2022-11-03 16:01:12,721 [EndpointStateMachine task thread for /0.0.0.0:35727 - 0 ] INFO  ozoneimpl.OzoneContainer (OzoneContainer.java:startContainerScrub(313)) - Background container scanner has been disabled.
2022-11-03 16:01:12,727 [EndpointStateMachine task thread for /0.0.0.0:35727 - 0 ] INFO  replication.ReplicationServer (ReplicationServer.java:start(111)) - ReplicationServer is started using port 40563
2022-11-03 16:01:12,727 [EndpointStateMachine task thread for /0.0.0.0:35727 - 0 ] INFO  ratis.XceiverServerRatis (XceiverServerRatis.java:start(481)) - Starting XceiverServerRatis 3af182df-8746-4079-a1aa-2aadbfcb2e37
2022-11-03 16:01:12,733 [EndpointStateMachine task thread for /0.0.0.0:35727 - 0 ] INFO  server.RaftServer (RaftServerProxy.java:startImpl(393)) - 3af182df-8746-4079-a1aa-2aadbfcb2e37: start RPC server
2022-11-03 16:01:12,739 [EndpointStateMachine task thread for /0.0.0.0:35727 - 0 ] INFO  server.GrpcService (GrpcService.java:startImpl(270)) - 3af182df-8746-4079-a1aa-2aadbfcb2e37: GrpcService started, listening on 35587
2022-11-03 16:01:12,743 [EndpointStateMachine task thread for /0.0.0.0:35727 - 0 ] INFO  ratis.XceiverServerRatis (XceiverServerRatis.java:getRealPort(502)) - XceiverServerRatis 3af182df-8746-4079-a1aa-2aadbfcb2e37 is started using port 35587 for RATIS
2022-11-03 16:01:12,743 [EndpointStateMachine task thread for /0.0.0.0:35727 - 0 ] INFO  ratis.XceiverServerRatis (XceiverServerRatis.java:getRealPort(502)) - XceiverServerRatis 3af182df-8746-4079-a1aa-2aadbfcb2e37 is started using port 35587 for RATIS_ADMIN
2022-11-03 16:01:12,743 [EndpointStateMachine task thread for /0.0.0.0:35727 - 0 ] INFO  ratis.XceiverServerRatis (XceiverServerRatis.java:getRealPort(502)) - XceiverServerRatis 3af182df-8746-4079-a1aa-2aadbfcb2e37 is started using port 35587 for RATIS_SERVER
2022-11-03 16:01:12,743 [JvmPauseMonitor4] INFO  util.JvmPauseMonitor (JvmPauseMonitor.java:run(105)) - JvmPauseMonitor-3af182df-8746-4079-a1aa-2aadbfcb2e37: Started
2022-11-03 16:01:12,753 [EndpointStateMachine task thread for /0.0.0.0:35727 - 0 ] INFO  server.XceiverServerGrpc (XceiverServerGrpc.java:start(180)) - XceiverServerGrpc 3af182df-8746-4079-a1aa-2aadbfcb2e37 is started using port 33707
2022-11-03 16:01:12,848 [Listener at 127.0.0.1/45563] INFO  handler.ContextHandler (ContextHandler.java:doStart(921)) - Started o.e.j.w.WebAppContext@f057789{hddsDatanode,/,file:///tmp/jetty-0_0_0_0-40145-hdds-container-service-1_3_0-SNAPSHOT_jar-_-any-118311037538660466/webapp/,AVAILABLE}{jar:file:/home/runner/.m2/repository/org/apache/ozone/hdds-container-service/1.3.0-SNAPSHOT/hdds-container-service-1.3.0-SNAPSHOT.jar!/webapps/hddsDatanode}
2022-11-03 16:01:12,850 [Listener at 127.0.0.1/45563] INFO  server.AbstractConnector (AbstractConnector.java:doStart(333)) - Started ServerConnector@78a724c3{HTTP/1.1, (http/1.1)}{0.0.0.0:40145}
2022-11-03 16:01:12,850 [Listener at 127.0.0.1/45563] INFO  server.Server (Server.java:doStart(415)) - Started @11225ms
2022-11-03 16:01:12,850 [Listener at 127.0.0.1/45563] WARN  impl.MetricsSystemImpl (MetricsSystemImpl.java:register(279)) - Sink prometheus already exists!
2022-11-03 16:01:12,851 [Listener at 127.0.0.1/45563] INFO  http.BaseHttpServer (BaseHttpServer.java:updateConnectorAddress(333)) - HTTP server of hddsDatanode listening at http://0.0.0.0:40145
2022-11-03 16:01:12,852 [Datanode State Machine Daemon Thread] INFO  statemachine.DatanodeStateMachine (DatanodeStateMachine.java:lambda$startDaemon$0(505)) - Ozone container server started.
2022-11-03 16:01:12,860 [Listener at 127.0.0.1/45563] INFO  ozone.MiniOzoneClusterImpl (MiniOzoneClusterImpl.java:lambda$waitForClusterToBeReady$0(216)) - Waiting for nodes to be ready. Got 0 of 10 DN Heartbeats.
2022-11-03 16:01:12,860 [Listener at 127.0.0.1/45563] INFO  ozone.MiniOzoneClusterImpl (MiniOzoneClusterImpl.java:lambda$waitForClusterToBeReady$0(219)) - Waiting for cluster to exit safe mode
2022-11-03 16:01:12,860 [Listener at 127.0.0.1/45563] INFO  ozone.MiniOzoneClusterImpl (MiniOzoneClusterImpl.java:lambda$waitForClusterToBeReady$0(221)) - SCM became leader
2022-11-03 16:01:12,861 [org.apache.hadoop.util.JvmPauseMonitor$Monitor@1ba67d13] INFO  util.JvmPauseMonitor (JvmPauseMonitor.java:run(188)) - Starting JVM pause monitor
2022-11-03 16:01:12,863 [Datanode State Machine Task Thread - 0] INFO  datanode.InitDatanodeState (InitDatanodeState.java:persistContainerDatanodeDetails(138)) - DatanodeDetails is persisted to /home/runner/work/ozone/ozone/hadoop-ozone/integration-test/target/test-dir/MiniOzoneClusterImpl-84bf62e0-a170-4695-9dd9-8848938f690d/datanode-9/meta/datanode.id
2022-11-03 16:01:13,016 [EndpointStateMachine task thread for /0.0.0.0:35727 - 0 ] INFO  utils.DatanodeStoreCache (DatanodeStoreCache.java:addDB(58)) - Added db /home/runner/work/ozone/ozone/hadoop-ozone/integration-test/target/test-dir/MiniOzoneClusterImpl-84bf62e0-a170-4695-9dd9-8848938f690d/datanode-4/data-0/containers/hdds/84bf62e0-a170-4695-9dd9-8848938f690d/DS-fb432a3a-23d8-4abb-9eb7-26275682eef7/container.db to cache
2022-11-03 16:01:13,016 [EndpointStateMachine task thread for /0.0.0.0:35727 - 0 ] INFO  volume.HddsVolume (HddsVolume.java:createDbStore(307)) - SchemaV3 db is created and loaded at /home/runner/work/ozone/ozone/hadoop-ozone/integration-test/target/test-dir/MiniOzoneClusterImpl-84bf62e0-a170-4695-9dd9-8848938f690d/datanode-4/data-0/containers/hdds/84bf62e0-a170-4695-9dd9-8848938f690d/DS-fb432a3a-23d8-4abb-9eb7-26275682eef7/container.db for volume DS-fb432a3a-23d8-4abb-9eb7-26275682eef7
2022-11-03 16:01:13,017 [EndpointStateMachine task thread for /0.0.0.0:35727 - 0 ] INFO  ozoneimpl.OzoneContainer (OzoneContainer.java:start(378)) - Attempting to start container services.
2022-11-03 16:01:13,017 [EndpointStateMachine task thread for /0.0.0.0:35727 - 0 ] INFO  ozoneimpl.OzoneContainer (OzoneContainer.java:startContainerScrub(313)) - Background container scanner has been disabled.
2022-11-03 16:01:13,019 [EndpointStateMachine task thread for /0.0.0.0:35727 - 0 ] INFO  replication.ReplicationServer (ReplicationServer.java:start(111)) - ReplicationServer is started using port 39183
2022-11-03 16:01:13,020 [EndpointStateMachine task thread for /0.0.0.0:35727 - 0 ] INFO  ratis.XceiverServerRatis (XceiverServerRatis.java:start(481)) - Starting XceiverServerRatis 2369a186-4f78-4e7b-885b-53a729611fd8
2022-11-03 16:01:13,020 [EndpointStateMachine task thread for /0.0.0.0:35727 - 0 ] INFO  server.RaftServer (RaftServerProxy.java:startImpl(393)) - 2369a186-4f78-4e7b-885b-53a729611fd8: start RPC server
2022-11-03 16:01:13,022 [EndpointStateMachine task thread for /0.0.0.0:35727 - 0 ] INFO  server.GrpcService (GrpcService.java:startImpl(270)) - 2369a186-4f78-4e7b-885b-53a729611fd8: GrpcService started, listening on 35493
2022-11-03 16:01:13,023 [EndpointStateMachine task thread for /0.0.0.0:35727 - 0 ] INFO  ratis.XceiverServerRatis (XceiverServerRatis.java:getRealPort(502)) - XceiverServerRatis 2369a186-4f78-4e7b-885b-53a729611fd8 is started using port 35493 for RATIS
2022-11-03 16:01:13,023 [EndpointStateMachine task thread for /0.0.0.0:35727 - 0 ] INFO  ratis.XceiverServerRatis (XceiverServerRatis.java:getRealPort(502)) - XceiverServerRatis 2369a186-4f78-4e7b-885b-53a729611fd8 is started using port 35493 for RATIS_ADMIN
2022-11-03 16:01:13,023 [EndpointStateMachine task thread for /0.0.0.0:35727 - 0 ] INFO  ratis.XceiverServerRatis (XceiverServerRatis.java:getRealPort(502)) - XceiverServerRatis 2369a186-4f78-4e7b-885b-53a729611fd8 is started using port 35493 for RATIS_SERVER
2022-11-03 16:01:13,023 [JvmPauseMonitor5] INFO  util.JvmPauseMonitor (JvmPauseMonitor.java:run(105)) - JvmPauseMonitor-2369a186-4f78-4e7b-885b-53a729611fd8: Started
2022-11-03 16:01:13,025 [EndpointStateMachine task thread for /0.0.0.0:35727 - 0 ] INFO  server.XceiverServerGrpc (XceiverServerGrpc.java:start(180)) - XceiverServerGrpc 2369a186-4f78-4e7b-885b-53a729611fd8 is started using port 34169
2022-11-03 16:01:13,309 [EndpointStateMachine task thread for /0.0.0.0:35727 - 0 ] INFO  utils.DatanodeStoreCache (DatanodeStoreCache.java:addDB(58)) - Added db /home/runner/work/ozone/ozone/hadoop-ozone/integration-test/target/test-dir/MiniOzoneClusterImpl-84bf62e0-a170-4695-9dd9-8848938f690d/datanode-5/data-0/containers/hdds/84bf62e0-a170-4695-9dd9-8848938f690d/DS-6073aa41-0196-480c-a53b-de6fdbead3d9/container.db to cache
2022-11-03 16:01:13,310 [EndpointStateMachine task thread for /0.0.0.0:35727 - 0 ] INFO  volume.HddsVolume (HddsVolume.java:createDbStore(307)) - SchemaV3 db is created and loaded at /home/runner/work/ozone/ozone/hadoop-ozone/integration-test/target/test-dir/MiniOzoneClusterImpl-84bf62e0-a170-4695-9dd9-8848938f690d/datanode-5/data-0/containers/hdds/84bf62e0-a170-4695-9dd9-8848938f690d/DS-6073aa41-0196-480c-a53b-de6fdbead3d9/container.db for volume DS-6073aa41-0196-480c-a53b-de6fdbead3d9
2022-11-03 16:01:13,310 [EndpointStateMachine task thread for /0.0.0.0:35727 - 0 ] INFO  ozoneimpl.OzoneContainer (OzoneContainer.java:start(378)) - Attempting to start container services.
2022-11-03 16:01:13,310 [EndpointStateMachine task thread for /0.0.0.0:35727 - 0 ] INFO  ozoneimpl.OzoneContainer (OzoneContainer.java:startContainerScrub(313)) - Background container scanner has been disabled.
2022-11-03 16:01:13,312 [EndpointStateMachine task thread for /0.0.0.0:35727 - 0 ] INFO  replication.ReplicationServer (ReplicationServer.java:start(111)) - ReplicationServer is started using port 33343
2022-11-03 16:01:13,313 [EndpointStateMachine task thread for /0.0.0.0:35727 - 0 ] INFO  ratis.XceiverServerRatis (XceiverServerRatis.java:start(481)) - Starting XceiverServerRatis 6065ee46-1250-4f2d-bd18-fb99db464885
2022-11-03 16:01:13,314 [EndpointStateMachine task thread for /0.0.0.0:35727 - 0 ] INFO  server.RaftServer (RaftServerProxy.java:startImpl(393)) - 6065ee46-1250-4f2d-bd18-fb99db464885: start RPC server
2022-11-03 16:01:13,316 [EndpointStateMachine task thread for /0.0.0.0:35727 - 0 ] INFO  server.GrpcService (GrpcService.java:startImpl(270)) - 6065ee46-1250-4f2d-bd18-fb99db464885: GrpcService started, listening on 43193
2022-11-03 16:01:13,316 [EndpointStateMachine task thread for /0.0.0.0:35727 - 0 ] INFO  ratis.XceiverServerRatis (XceiverServerRatis.java:getRealPort(502)) - XceiverServerRatis 6065ee46-1250-4f2d-bd18-fb99db464885 is started using port 43193 for RATIS
2022-11-03 16:01:13,316 [EndpointStateMachine task thread for /0.0.0.0:35727 - 0 ] INFO  ratis.XceiverServerRatis (XceiverServerRatis.java:getRealPort(502)) - XceiverServerRatis 6065ee46-1250-4f2d-bd18-fb99db464885 is started using port 43193 for RATIS_ADMIN
2022-11-03 16:01:13,316 [EndpointStateMachine task thread for /0.0.0.0:35727 - 0 ] INFO  ratis.XceiverServerRatis (XceiverServerRatis.java:getRealPort(502)) - XceiverServerRatis 6065ee46-1250-4f2d-bd18-fb99db464885 is started using port 43193 for RATIS_SERVER
2022-11-03 16:01:13,316 [JvmPauseMonitor6] INFO  util.JvmPauseMonitor (JvmPauseMonitor.java:run(105)) - JvmPauseMonitor-6065ee46-1250-4f2d-bd18-fb99db464885: Started
2022-11-03 16:01:13,318 [EndpointStateMachine task thread for /0.0.0.0:35727 - 0 ] INFO  server.XceiverServerGrpc (XceiverServerGrpc.java:start(180)) - XceiverServerGrpc 6065ee46-1250-4f2d-bd18-fb99db464885 is started using port 44277
2022-11-03 16:01:13,490 [IPC Server handler 3 on default port 35727] INFO  net.NetworkTopologyImpl (NetworkTopologyImpl.java:add(112)) - Added a new node: /default-rack/8d7ec919-acd2-4b88-a99a-dd9f5739b33b
2022-11-03 16:01:13,492 [IPC Server handler 3 on default port 35727] INFO  node.SCMNodeManager (SCMNodeManager.java:register(397)) - Registered Data node : 8d7ec919-acd2-4b88-a99a-dd9f5739b33b{ip: 10.1.1.36, host: fv-az47-358.mma5zatft5wupo5mzspaixdheh.bx.internal.cloudapp.net, ports: [REPLICATION=34637, RATIS=45267, RATIS_ADMIN=45267, RATIS_SERVER=45267, STANDALONE=43171], networkLocation: /default-rack, certSerialId: null, persistedOpState: null, persistedOpStateExpiryEpochSec: 0}
2022-11-03 16:01:13,497 [EventQueue-NewNodeForNewNodeHandler] INFO  pipeline.BackgroundPipelineCreator (BackgroundPipelineCreator.java:notifyEventTriggered(276)) - trigger a one-shot run on RatisPipelineUtilsThread.
2022-11-03 16:01:13,498 [EventQueue-NodeRegistrationContainerReportForDataNodeSafeModeRule] INFO  safemode.SCMSafeModeManager (DataNodeSafeModeRule.java:process(71)) - SCM in safe mode. 1 DataNodes registered, 3 required.
2022-11-03 16:01:13,503 [EventQueue-NodeRegistrationContainerReportForContainerSafeModeRule] INFO  safemode.SCMSafeModeManager (SCMSafeModeManager.java:validateSafeModeExitRules(204)) - ContainerSafeModeRule rule is successfully validated
2022-11-03 16:01:13,505 [RatisPipelineUtilsThread - 0] INFO  pipeline.RatisPipelineProvider (RatisPipelineProvider.java:lambda$create$0(195)) - Sending CreatePipelineCommand for pipeline:PipelineID=e99803ec-a9ec-43b4-9133-dea1db5a5d55 to datanode:8d7ec919-acd2-4b88-a99a-dd9f5739b33b
2022-11-03 16:01:13,512 [EventQueue-PipelineReportForOneReplicaPipelineSafeModeRule] INFO  safemode.SCMSafeModeManager (SCMSafeModeManager.java:validateSafeModeExitRules(204)) - AtleastOneDatanodeReportedRule rule is successfully validated
2022-11-03 16:01:13,522 [RatisPipelineUtilsThread - 0] INFO  pipeline.PipelineStateManagerImpl (PipelineStateManagerImpl.java:addPipeline(103)) - Created pipeline Pipeline[ Id: e99803ec-a9ec-43b4-9133-dea1db5a5d55, Nodes: 8d7ec919-acd2-4b88-a99a-dd9f5739b33b{ip: 10.1.1.36, host: fv-az47-358.mma5zatft5wupo5mzspaixdheh.bx.internal.cloudapp.net, ports: [REPLICATION=34637, RATIS=45267, RATIS_ADMIN=45267, RATIS_SERVER=45267, STANDALONE=43171], networkLocation: /default-rack, certSerialId: null, persistedOpState: IN_SERVICE, persistedOpStateExpiryEpochSec: 0}, ReplicationConfig: RATIS/ONE, State:ALLOCATED, leaderId:, CreationTimestamp2022-11-03T16:01:13.504Z[Etc/UTC]].
2022-11-03 16:01:13,766 [EndpointStateMachine task thread for /0.0.0.0:35727 - 0 ] INFO  utils.DatanodeStoreCache (DatanodeStoreCache.java:addDB(58)) - Added db /home/runner/work/ozone/ozone/hadoop-ozone/integration-test/target/test-dir/MiniOzoneClusterImpl-84bf62e0-a170-4695-9dd9-8848938f690d/datanode-6/data-0/containers/hdds/84bf62e0-a170-4695-9dd9-8848938f690d/DS-4c9125cf-ba3d-4a07-9839-dc4f2748a84b/container.db to cache
2022-11-03 16:01:13,766 [EndpointStateMachine task thread for /0.0.0.0:35727 - 0 ] INFO  volume.HddsVolume (HddsVolume.java:createDbStore(307)) - SchemaV3 db is created and loaded at /home/runner/work/ozone/ozone/hadoop-ozone/integration-test/target/test-dir/MiniOzoneClusterImpl-84bf62e0-a170-4695-9dd9-8848938f690d/datanode-6/data-0/containers/hdds/84bf62e0-a170-4695-9dd9-8848938f690d/DS-4c9125cf-ba3d-4a07-9839-dc4f2748a84b/container.db for volume DS-4c9125cf-ba3d-4a07-9839-dc4f2748a84b
2022-11-03 16:01:13,766 [EndpointStateMachine task thread for /0.0.0.0:35727 - 0 ] INFO  ozoneimpl.OzoneContainer (OzoneContainer.java:start(378)) - Attempting to start container services.
2022-11-03 16:01:13,766 [EndpointStateMachine task thread for /0.0.0.0:35727 - 0 ] INFO  ozoneimpl.OzoneContainer (OzoneContainer.java:startContainerScrub(313)) - Background container scanner has been disabled.
2022-11-03 16:01:13,773 [EndpointStateMachine task thread for /0.0.0.0:35727 - 0 ] INFO  replication.ReplicationServer (ReplicationServer.java:start(111)) - ReplicationServer is started using port 44811
2022-11-03 16:01:13,774 [EndpointStateMachine task thread for /0.0.0.0:35727 - 0 ] INFO  ratis.XceiverServerRatis (XceiverServerRatis.java:start(481)) - Starting XceiverServerRatis d878db48-ef46-44bf-ac98-cb2daa3cfd80
2022-11-03 16:01:13,775 [EndpointStateMachine task thread for /0.0.0.0:35727 - 0 ] INFO  server.RaftServer (RaftServerProxy.java:startImpl(393)) - d878db48-ef46-44bf-ac98-cb2daa3cfd80: start RPC server
2022-11-03 16:01:13,777 [EndpointStateMachine task thread for /0.0.0.0:35727 - 0 ] INFO  server.GrpcService (GrpcService.java:startImpl(270)) - d878db48-ef46-44bf-ac98-cb2daa3cfd80: GrpcService started, listening on 39321
2022-11-03 16:01:13,778 [EndpointStateMachine task thread for /0.0.0.0:35727 - 0 ] INFO  ratis.XceiverServerRatis (XceiverServerRatis.java:getRealPort(502)) - XceiverServerRatis d878db48-ef46-44bf-ac98-cb2daa3cfd80 is started using port 39321 for RATIS
2022-11-03 16:01:13,778 [JvmPauseMonitor7] INFO  util.JvmPauseMonitor (JvmPauseMonitor.java:run(105)) - JvmPauseMonitor-d878db48-ef46-44bf-ac98-cb2daa3cfd80: Started
2022-11-03 16:01:13,778 [EndpointStateMachine task thread for /0.0.0.0:35727 - 0 ] INFO  ratis.XceiverServerRatis (XceiverServerRatis.java:getRealPort(502)) - XceiverServerRatis d878db48-ef46-44bf-ac98-cb2daa3cfd80 is started using port 39321 for RATIS_ADMIN
2022-11-03 16:01:13,778 [EndpointStateMachine task thread for /0.0.0.0:35727 - 0 ] INFO  ratis.XceiverServerRatis (XceiverServerRatis.java:getRealPort(502)) - XceiverServerRatis d878db48-ef46-44bf-ac98-cb2daa3cfd80 is started using port 39321 for RATIS_SERVER
2022-11-03 16:01:13,780 [EndpointStateMachine task thread for /0.0.0.0:35727 - 0 ] INFO  server.XceiverServerGrpc (XceiverServerGrpc.java:start(180)) - XceiverServerGrpc d878db48-ef46-44bf-ac98-cb2daa3cfd80 is started using port 40525
2022-11-03 16:01:13,860 [Listener at 127.0.0.1/45563] INFO  ozone.MiniOzoneClusterImpl (MiniOzoneClusterImpl.java:lambda$waitForClusterToBeReady$0(216)) - Waiting for nodes to be ready. Got 1 of 10 DN Heartbeats.
2022-11-03 16:01:13,860 [Listener at 127.0.0.1/45563] INFO  ozone.MiniOzoneClusterImpl (MiniOzoneClusterImpl.java:lambda$waitForClusterToBeReady$0(219)) - Waiting for cluster to exit safe mode
2022-11-03 16:01:13,860 [Listener at 127.0.0.1/45563] INFO  ozone.MiniOzoneClusterImpl (MiniOzoneClusterImpl.java:lambda$waitForClusterToBeReady$0(221)) - SCM became leader
2022-11-03 16:01:13,969 [IPC Server handler 2 on default port 35727] INFO  net.NetworkTopologyImpl (NetworkTopologyImpl.java:add(112)) - Added a new node: /default-rack/556da25a-9bc8-419d-83a0-dc1d92c1e895
2022-11-03 16:01:13,969 [IPC Server handler 2 on default port 35727] INFO  node.SCMNodeManager (SCMNodeManager.java:register(397)) - Registered Data node : 556da25a-9bc8-419d-83a0-dc1d92c1e895{ip: 10.1.1.36, host: fv-az47-358.mma5zatft5wupo5mzspaixdheh.bx.internal.cloudapp.net, ports: [REPLICATION=36403, RATIS=41941, RATIS_ADMIN=41941, RATIS_SERVER=41941, STANDALONE=44967], networkLocation: /default-rack, certSerialId: null, persistedOpState: null, persistedOpStateExpiryEpochSec: 0}
2022-11-03 16:01:13,970 [EventQueue-NewNodeForNewNodeHandler] INFO  pipeline.BackgroundPipelineCreator (BackgroundPipelineCreator.java:notifyEventTriggered(276)) - trigger a one-shot run on RatisPipelineUtilsThread.
2022-11-03 16:01:13,970 [EventQueue-NodeRegistrationContainerReportForDataNodeSafeModeRule] INFO  safemode.SCMSafeModeManager (DataNodeSafeModeRule.java:process(71)) - SCM in safe mode. 2 DataNodes registered, 3 required.
2022-11-03 16:01:13,971 [RatisPipelineUtilsThread - 0] INFO  pipeline.RatisPipelineProvider (RatisPipelineProvider.java:lambda$create$0(195)) - Sending CreatePipelineCommand for pipeline:PipelineID=79b5d2ba-fb92-48c4-a867-59b1a9201bda to datanode:556da25a-9bc8-419d-83a0-dc1d92c1e895
2022-11-03 16:01:13,972 [RatisPipelineUtilsThread - 0] INFO  pipeline.PipelineStateManagerImpl (PipelineStateManagerImpl.java:addPipeline(103)) - Created pipeline Pipeline[ Id: 79b5d2ba-fb92-48c4-a867-59b1a9201bda, Nodes: 556da25a-9bc8-419d-83a0-dc1d92c1e895{ip: 10.1.1.36, host: fv-az47-358.mma5zatft5wupo5mzspaixdheh.bx.internal.cloudapp.net, ports: [REPLICATION=36403, RATIS=41941, RATIS_ADMIN=41941, RATIS_SERVER=41941, STANDALONE=44967], networkLocation: /default-rack, certSerialId: null, persistedOpState: IN_SERVICE, persistedOpStateExpiryEpochSec: 0}, ReplicationConfig: RATIS/ONE, State:ALLOCATED, leaderId:, CreationTimestamp2022-11-03T16:01:13.971Z[Etc/UTC]].
2022-11-03 16:01:14,229 [EndpointStateMachine task thread for /0.0.0.0:35727 - 0 ] INFO  utils.DatanodeStoreCache (DatanodeStoreCache.java:addDB(58)) - Added db /home/runner/work/ozone/ozone/hadoop-ozone/integration-test/target/test-dir/MiniOzoneClusterImpl-84bf62e0-a170-4695-9dd9-8848938f690d/datanode-7/data-0/containers/hdds/84bf62e0-a170-4695-9dd9-8848938f690d/DS-4a72e44d-7f75-4b7c-9c7d-40c95f3c6f9d/container.db to cache
2022-11-03 16:01:14,230 [EndpointStateMachine task thread for /0.0.0.0:35727 - 0 ] INFO  volume.HddsVolume (HddsVolume.java:createDbStore(307)) - SchemaV3 db is created and loaded at /home/runner/work/ozone/ozone/hadoop-ozone/integration-test/target/test-dir/MiniOzoneClusterImpl-84bf62e0-a170-4695-9dd9-8848938f690d/datanode-7/data-0/containers/hdds/84bf62e0-a170-4695-9dd9-8848938f690d/DS-4a72e44d-7f75-4b7c-9c7d-40c95f3c6f9d/container.db for volume DS-4a72e44d-7f75-4b7c-9c7d-40c95f3c6f9d
2022-11-03 16:01:14,230 [EndpointStateMachine task thread for /0.0.0.0:35727 - 0 ] INFO  ozoneimpl.OzoneContainer (OzoneContainer.java:start(378)) - Attempting to start container services.
2022-11-03 16:01:14,230 [EndpointStateMachine task thread for /0.0.0.0:35727 - 0 ] INFO  ozoneimpl.OzoneContainer (OzoneContainer.java:startContainerScrub(313)) - Background container scanner has been disabled.
2022-11-03 16:01:14,231 [EndpointStateMachine task thread for /0.0.0.0:35727 - 0 ] INFO  replication.ReplicationServer (ReplicationServer.java:start(111)) - ReplicationServer is started using port 39897
2022-11-03 16:01:14,232 [EndpointStateMachine task thread for /0.0.0.0:35727 - 0 ] INFO  ratis.XceiverServerRatis (XceiverServerRatis.java:start(481)) - Starting XceiverServerRatis b412bf4c-8645-4ac9-920f-94e6c323f92a
2022-11-03 16:01:14,232 [EndpointStateMachine task thread for /0.0.0.0:35727 - 0 ] INFO  server.RaftServer (RaftServerProxy.java:startImpl(393)) - b412bf4c-8645-4ac9-920f-94e6c323f92a: start RPC server
2022-11-03 16:01:14,234 [EndpointStateMachine task thread for /0.0.0.0:35727 - 0 ] INFO  server.GrpcService (GrpcService.java:startImpl(270)) - b412bf4c-8645-4ac9-920f-94e6c323f92a: GrpcService started, listening on 37969
2022-11-03 16:01:14,234 [EndpointStateMachine task thread for /0.0.0.0:35727 - 0 ] INFO  ratis.XceiverServerRatis (XceiverServerRatis.java:getRealPort(502)) - XceiverServerRatis b412bf4c-8645-4ac9-920f-94e6c323f92a is started using port 37969 for RATIS
2022-11-03 16:01:14,234 [EndpointStateMachine task thread for /0.0.0.0:35727 - 0 ] INFO  ratis.XceiverServerRatis (XceiverServerRatis.java:getRealPort(502)) - XceiverServerRatis b412bf4c-8645-4ac9-920f-94e6c323f92a is started using port 37969 for RATIS_ADMIN
2022-11-03 16:01:14,234 [EndpointStateMachine task thread for /0.0.0.0:35727 - 0 ] INFO  ratis.XceiverServerRatis (XceiverServerRatis.java:getRealPort(502)) - XceiverServerRatis b412bf4c-8645-4ac9-920f-94e6c323f92a is started using port 37969 for RATIS_SERVER
2022-11-03 16:01:14,235 [JvmPauseMonitor8] INFO  util.JvmPauseMonitor (JvmPauseMonitor.java:run(105)) - JvmPauseMonitor-b412bf4c-8645-4ac9-920f-94e6c323f92a: Started
2022-11-03 16:01:14,240 [EndpointStateMachine task thread for /0.0.0.0:35727 - 0 ] INFO  server.XceiverServerGrpc (XceiverServerGrpc.java:start(180)) - XceiverServerGrpc b412bf4c-8645-4ac9-920f-94e6c323f92a is started using port 37951
2022-11-03 16:01:14,350 [IPC Server handler 4 on default port 35727] INFO  net.NetworkTopologyImpl (NetworkTopologyImpl.java:add(112)) - Added a new node: /default-rack/b2efe8a5-99bb-41e7-9296-f49000549216
2022-11-03 16:01:14,350 [IPC Server handler 4 on default port 35727] INFO  node.SCMNodeManager (SCMNodeManager.java:register(397)) - Registered Data node : b2efe8a5-99bb-41e7-9296-f49000549216{ip: 10.1.1.36, host: fv-az47-358.mma5zatft5wupo5mzspaixdheh.bx.internal.cloudapp.net, ports: [REPLICATION=33417, RATIS=39397, RATIS_ADMIN=39397, RATIS_SERVER=39397, STANDALONE=42203], networkLocation: /default-rack, certSerialId: null, persistedOpState: null, persistedOpStateExpiryEpochSec: 0}
2022-11-03 16:01:14,351 [EventQueue-NewNodeForNewNodeHandler] INFO  pipeline.BackgroundPipelineCreator (BackgroundPipelineCreator.java:notifyEventTriggered(276)) - trigger a one-shot run on RatisPipelineUtilsThread.
2022-11-03 16:01:14,351 [EventQueue-NodeRegistrationContainerReportForDataNodeSafeModeRule] INFO  safemode.SCMSafeModeManager (DataNodeSafeModeRule.java:process(71)) - SCM in safe mode. 3 DataNodes registered, 3 required.
2022-11-03 16:01:14,351 [EventQueue-NodeRegistrationContainerReportForDataNodeSafeModeRule] INFO  safemode.SCMSafeModeManager (SCMSafeModeManager.java:validateSafeModeExitRules(204)) - DataNodeSafeModeRule rule is successfully validated
2022-11-03 16:01:14,351 [EventQueue-NodeRegistrationContainerReportForDataNodeSafeModeRule] INFO  safemode.SCMSafeModeManager (SCMSafeModeManager.java:completePreCheck(233)) - All SCM safe mode pre check rules have passed
2022-11-03 16:01:14,351 [EventQueue-NodeRegistrationContainerReportForDataNodeSafeModeRule] WARN  events.EventQueue (EventQueue.java:fireEvent(216)) - No event handler registered for event TypedEvent{payloadType=SafeModeStatus, name='Safe mode status'}
2022-11-03 16:01:14,351 [EventQueue-NodeRegistrationContainerReportForDataNodeSafeModeRule] INFO  ha.SCMContext (SCMContext.java:updateSafeModeStatus(228)) - Update SafeModeStatus from SafeModeStatus{safeModeStatus=true, preCheckPassed=false} to SafeModeStatus{safeModeStatus=true, preCheckPassed=true}.
2022-11-03 16:01:14,351 [EventQueue-NodeRegistrationContainerReportForDataNodeSafeModeRule] INFO  pipeline.BackgroundPipelineCreator (BackgroundPipelineCreator.java:notifyEventTriggered(276)) - trigger a one-shot run on RatisPipelineUtilsThread.
2022-11-03 16:01:14,351 [RatisPipelineUtilsThread - 0] INFO  pipeline.RatisPipelineProvider (RatisPipelineProvider.java:lambda$create$0(195)) - Sending CreatePipelineCommand for pipeline:PipelineID=b7930c4f-caf2-4553-816e-93aa63aa76a7 to datanode:b2efe8a5-99bb-41e7-9296-f49000549216
2022-11-03 16:01:14,352 [RatisPipelineUtilsThread - 0] INFO  pipeline.PipelineStateManagerImpl (PipelineStateManagerImpl.java:addPipeline(103)) - Created pipeline Pipeline[ Id: b7930c4f-caf2-4553-816e-93aa63aa76a7, Nodes: b2efe8a5-99bb-41e7-9296-f49000549216{ip: 10.1.1.36, host: fv-az47-358.mma5zatft5wupo5mzspaixdheh.bx.internal.cloudapp.net, ports: [REPLICATION=33417, RATIS=39397, RATIS_ADMIN=39397, RATIS_SERVER=39397, STANDALONE=42203], networkLocation: /default-rack, certSerialId: null, persistedOpState: IN_SERVICE, persistedOpStateExpiryEpochSec: 0}, ReplicationConfig: RATIS/ONE, State:ALLOCATED, leaderId:, CreationTimestamp2022-11-03T16:01:14.351Z[Etc/UTC]].
2022-11-03 16:01:14,356 [RatisPipelineUtilsThread - 0] INFO  pipeline.RatisPipelineProvider (RatisPipelineProvider.java:lambda$create$0(195)) - Sending CreatePipelineCommand for pipeline:PipelineID=cb3f4a6d-2ef8-4f70-9309-16b0ccad8931 to datanode:b2efe8a5-99bb-41e7-9296-f49000549216
2022-11-03 16:01:14,356 [RatisPipelineUtilsThread - 0] INFO  pipeline.RatisPipelineProvider (RatisPipelineProvider.java:lambda$create$0(195)) - Sending CreatePipelineCommand for pipeline:PipelineID=cb3f4a6d-2ef8-4f70-9309-16b0ccad8931 to datanode:556da25a-9bc8-419d-83a0-dc1d92c1e895
2022-11-03 16:01:14,356 [RatisPipelineUtilsThread - 0] INFO  pipeline.RatisPipelineProvider (RatisPipelineProvider.java:lambda$create$0(195)) - Sending CreatePipelineCommand for pipeline:PipelineID=cb3f4a6d-2ef8-4f70-9309-16b0ccad8931 to datanode:8d7ec919-acd2-4b88-a99a-dd9f5739b33b
2022-11-03 16:01:14,357 [RatisPipelineUtilsThread - 0] INFO  pipeline.PipelineStateManagerImpl (PipelineStateManagerImpl.java:addPipeline(103)) - Created pipeline Pipeline[ Id: cb3f4a6d-2ef8-4f70-9309-16b0ccad8931, Nodes: b2efe8a5-99bb-41e7-9296-f49000549216{ip: 10.1.1.36, host: fv-az47-358.mma5zatft5wupo5mzspaixdheh.bx.internal.cloudapp.net, ports: [REPLICATION=33417, RATIS=39397, RATIS_ADMIN=39397, RATIS_SERVER=39397, STANDALONE=42203], networkLocation: /default-rack, certSerialId: null, persistedOpState: IN_SERVICE, persistedOpStateExpiryEpochSec: 0}556da25a-9bc8-419d-83a0-dc1d92c1e895{ip: 10.1.1.36, host: fv-az47-358.mma5zatft5wupo5mzspaixdheh.bx.internal.cloudapp.net, ports: [REPLICATION=36403, RATIS=41941, RATIS_ADMIN=41941, RATIS_SERVER=41941, STANDALONE=44967], networkLocation: /default-rack, certSerialId: null, persistedOpState: IN_SERVICE, persistedOpStateExpiryEpochSec: 0}8d7ec919-acd2-4b88-a99a-dd9f5739b33b{ip: 10.1.1.36, host: fv-az47-358.mma5zatft5wupo5mzspaixdheh.bx.internal.cloudapp.net, ports: [REPLICATION=34637, RATIS=45267, RATIS_ADMIN=45267, RATIS_SERVER=45267, STANDALONE=43171], networkLocation: /default-rack, certSerialId: null, persistedOpState: IN_SERVICE, persistedOpStateExpiryEpochSec: 0}, ReplicationConfig: RATIS/THREE, State:ALLOCATED, leaderId:, CreationTimestamp2022-11-03T16:01:14.356Z[Etc/UTC]].
2022-11-03 16:01:14,358 [RatisPipelineUtilsThread - 0] INFO  pipeline.RatisPipelineProvider (RatisPipelineProvider.java:lambda$create$0(195)) - Sending CreatePipelineCommand for pipeline:PipelineID=cd4b2498-b69b-44d6-af4e-beb6889659da to datanode:b2efe8a5-99bb-41e7-9296-f49000549216
2022-11-03 16:01:14,358 [RatisPipelineUtilsThread - 0] INFO  pipeline.RatisPipelineProvider (RatisPipelineProvider.java:lambda$create$0(195)) - Sending CreatePipelineCommand for pipeline:PipelineID=cd4b2498-b69b-44d6-af4e-beb6889659da to datanode:8d7ec919-acd2-4b88-a99a-dd9f5739b33b
2022-11-03 16:01:14,358 [RatisPipelineUtilsThread - 0] INFO  pipeline.RatisPipelineProvider (RatisPipelineProvider.java:lambda$create$0(195)) - Sending CreatePipelineCommand for pipeline:PipelineID=cd4b2498-b69b-44d6-af4e-beb6889659da to datanode:556da25a-9bc8-419d-83a0-dc1d92c1e895
2022-11-03 16:01:14,359 [RatisPipelineUtilsThread - 0] INFO  pipeline.PipelineStateManagerImpl (PipelineStateManagerImpl.java:addPipeline(103)) - Created pipeline Pipeline[ Id: cd4b2498-b69b-44d6-af4e-beb6889659da, Nodes: b2efe8a5-99bb-41e7-9296-f49000549216{ip: 10.1.1.36, host: fv-az47-358.mma5zatft5wupo5mzspaixdheh.bx.internal.cloudapp.net, ports: [REPLICATION=33417, RATIS=39397, RATIS_ADMIN=39397, RATIS_SERVER=39397, STANDALONE=42203], networkLocation: /default-rack, certSerialId: null, persistedOpState: IN_SERVICE, persistedOpStateExpiryEpochSec: 0}8d7ec919-acd2-4b88-a99a-dd9f5739b33b{ip: 10.1.1.36, host: fv-az47-358.mma5zatft5wupo5mzspaixdheh.bx.internal.cloudapp.net, ports: [REPLICATION=34637, RATIS=45267, RATIS_ADMIN=45267, RATIS_SERVER=45267, STANDALONE=43171], networkLocation: /default-rack, certSerialId: null, persistedOpState: IN_SERVICE, persistedOpStateExpiryEpochSec: 0}556da25a-9bc8-419d-83a0-dc1d92c1e895{ip: 10.1.1.36, host: fv-az47-358.mma5zatft5wupo5mzspaixdheh.bx.internal.cloudapp.net, ports: [REPLICATION=36403, RATIS=41941, RATIS_ADMIN=41941, RATIS_SERVER=41941, STANDALONE=44967], networkLocation: /default-rack, certSerialId: null, persistedOpState: IN_SERVICE, persistedOpStateExpiryEpochSec: 0}, ReplicationConfig: RATIS/THREE, State:ALLOCATED, leaderId:, CreationTimestamp2022-11-03T16:01:14.358Z[Etc/UTC]].
2022-11-03 16:01:14,359 [RatisPipelineUtilsThread - 0] INFO  pipeline.PipelineManagerImpl (PipelineManagerImpl.java:recordMetricsForPipeline(826)) - Pipeline: PipelineID=cd4b2498-b69b-44d6-af4e-beb6889659da contains same datanodes as previous pipelines: PipelineID=cb3f4a6d-2ef8-4f70-9309-16b0ccad8931 nodeIds: b2efe8a5-99bb-41e7-9296-f49000549216, 8d7ec919-acd2-4b88-a99a-dd9f5739b33b, 556da25a-9bc8-419d-83a0-dc1d92c1e895
2022-11-03 16:01:14,551 [EndpointStateMachine task thread for /0.0.0.0:35727 - 0 ] INFO  utils.DatanodeStoreCache (DatanodeStoreCache.java:addDB(58)) - Added db /home/runner/work/ozone/ozone/hadoop-ozone/integration-test/target/test-dir/MiniOzoneClusterImpl-84bf62e0-a170-4695-9dd9-8848938f690d/datanode-8/data-0/containers/hdds/84bf62e0-a170-4695-9dd9-8848938f690d/DS-60ba135a-384b-445a-8feb-20660685f1bd/container.db to cache
2022-11-03 16:01:14,552 [EndpointStateMachine task thread for /0.0.0.0:35727 - 0 ] INFO  volume.HddsVolume (HddsVolume.java:createDbStore(307)) - SchemaV3 db is created and loaded at /home/runner/work/ozone/ozone/hadoop-ozone/integration-test/target/test-dir/MiniOzoneClusterImpl-84bf62e0-a170-4695-9dd9-8848938f690d/datanode-8/data-0/containers/hdds/84bf62e0-a170-4695-9dd9-8848938f690d/DS-60ba135a-384b-445a-8feb-20660685f1bd/container.db for volume DS-60ba135a-384b-445a-8feb-20660685f1bd
2022-11-03 16:01:14,553 [EndpointStateMachine task thread for /0.0.0.0:35727 - 0 ] INFO  ozoneimpl.OzoneContainer (OzoneContainer.java:start(378)) - Attempting to start container services.
2022-11-03 16:01:14,553 [EndpointStateMachine task thread for /0.0.0.0:35727 - 0 ] INFO  ozoneimpl.OzoneContainer (OzoneContainer.java:startContainerScrub(313)) - Background container scanner has been disabled.
2022-11-03 16:01:14,554 [EndpointStateMachine task thread for /0.0.0.0:35727 - 0 ] INFO  replication.ReplicationServer (ReplicationServer.java:start(111)) - ReplicationServer is started using port 42469
2022-11-03 16:01:14,555 [EndpointStateMachine task thread for /0.0.0.0:35727 - 0 ] INFO  ratis.XceiverServerRatis (XceiverServerRatis.java:start(481)) - Starting XceiverServerRatis b6bbe4ab-2937-401d-96b4-8acfa82ea187
2022-11-03 16:01:14,560 [EndpointStateMachine task thread for /0.0.0.0:35727 - 0 ] INFO  server.RaftServer (RaftServerProxy.java:startImpl(393)) - b6bbe4ab-2937-401d-96b4-8acfa82ea187: start RPC server
2022-11-03 16:01:14,562 [EndpointStateMachine task thread for /0.0.0.0:35727 - 0 ] INFO  server.GrpcService (GrpcService.java:startImpl(270)) - b6bbe4ab-2937-401d-96b4-8acfa82ea187: GrpcService started, listening on 37137
2022-11-03 16:01:14,562 [EndpointStateMachine task thread for /0.0.0.0:35727 - 0 ] INFO  ratis.XceiverServerRatis (XceiverServerRatis.java:getRealPort(502)) - XceiverServerRatis b6bbe4ab-2937-401d-96b4-8acfa82ea187 is started using port 37137 for RATIS
2022-11-03 16:01:14,562 [EndpointStateMachine task thread for /0.0.0.0:35727 - 0 ] INFO  ratis.XceiverServerRatis (XceiverServerRatis.java:getRealPort(502)) - XceiverServerRatis b6bbe4ab-2937-401d-96b4-8acfa82ea187 is started using port 37137 for RATIS_ADMIN
2022-11-03 16:01:14,562 [JvmPauseMonitor9] INFO  util.JvmPauseMonitor (JvmPauseMonitor.java:run(105)) - JvmPauseMonitor-b6bbe4ab-2937-401d-96b4-8acfa82ea187: Started
2022-11-03 16:01:14,562 [EndpointStateMachine task thread for /0.0.0.0:35727 - 0 ] INFO  ratis.XceiverServerRatis (XceiverServerRatis.java:getRealPort(502)) - XceiverServerRatis b6bbe4ab-2937-401d-96b4-8acfa82ea187 is started using port 37137 for RATIS_SERVER
2022-11-03 16:01:14,564 [EndpointStateMachine task thread for /0.0.0.0:35727 - 0 ] INFO  server.XceiverServerGrpc (XceiverServerGrpc.java:start(180)) - XceiverServerGrpc b6bbe4ab-2937-401d-96b4-8acfa82ea187 is started using port 37887
2022-11-03 16:01:14,670 [IPC Server handler 0 on default port 35727] INFO  net.NetworkTopologyImpl (NetworkTopologyImpl.java:add(112)) - Added a new node: /default-rack/3af182df-8746-4079-a1aa-2aadbfcb2e37
2022-11-03 16:01:14,670 [IPC Server handler 0 on default port 35727] INFO  node.SCMNodeManager (SCMNodeManager.java:register(397)) - Registered Data node : 3af182df-8746-4079-a1aa-2aadbfcb2e37{ip: 10.1.1.36, host: fv-az47-358.mma5zatft5wupo5mzspaixdheh.bx.internal.cloudapp.net, ports: [REPLICATION=40563, RATIS=35587, RATIS_ADMIN=35587, RATIS_SERVER=35587, STANDALONE=33707], networkLocation: /default-rack, certSerialId: null, persistedOpState: null, persistedOpStateExpiryEpochSec: 0}
2022-11-03 16:01:14,671 [EventQueue-NewNodeForNewNodeHandler] INFO  pipeline.BackgroundPipelineCreator (BackgroundPipelineCreator.java:notifyEventTriggered(276)) - trigger a one-shot run on RatisPipelineUtilsThread.
2022-11-03 16:01:14,671 [RatisPipelineUtilsThread - 0] INFO  pipeline.RatisPipelineProvider (RatisPipelineProvider.java:lambda$create$0(195)) - Sending CreatePipelineCommand for pipeline:PipelineID=e35255d0-3530-439e-90c0-c23791542c4c to datanode:3af182df-8746-4079-a1aa-2aadbfcb2e37
2022-11-03 16:01:14,672 [RatisPipelineUtilsThread - 0] INFO  pipeline.PipelineStateManagerImpl (PipelineStateManagerImpl.java:addPipeline(103)) - Created pipeline Pipeline[ Id: e35255d0-3530-439e-90c0-c23791542c4c, Nodes: 3af182df-8746-4079-a1aa-2aadbfcb2e37{ip: 10.1.1.36, host: fv-az47-358.mma5zatft5wupo5mzspaixdheh.bx.internal.cloudapp.net, ports: [REPLICATION=40563, RATIS=35587, RATIS_ADMIN=35587, RATIS_SERVER=35587, STANDALONE=33707], networkLocation: /default-rack, certSerialId: null, persistedOpState: IN_SERVICE, persistedOpStateExpiryEpochSec: 0}, ReplicationConfig: RATIS/ONE, State:ALLOCATED, leaderId:, CreationTimestamp2022-11-03T16:01:14.671Z[Etc/UTC]].
2022-11-03 16:01:14,861 [Listener at 127.0.0.1/45563] INFO  ozone.MiniOzoneClusterImpl (MiniOzoneClusterImpl.java:lambda$waitForClusterToBeReady$0(216)) - Waiting for nodes to be ready. Got 4 of 10 DN Heartbeats.
2022-11-03 16:01:14,861 [Listener at 127.0.0.1/45563] INFO  ozone.MiniOzoneClusterImpl (MiniOzoneClusterImpl.java:lambda$waitForClusterToBeReady$0(219)) - Waiting for cluster to exit safe mode
2022-11-03 16:01:14,861 [Listener at 127.0.0.1/45563] INFO  ozone.MiniOzoneClusterImpl (MiniOzoneClusterImpl.java:lambda$waitForClusterToBeReady$0(221)) - SCM became leader
2022-11-03 16:01:14,889 [EndpointStateMachine task thread for /0.0.0.0:35727 - 0 ] INFO  utils.DatanodeStoreCache (DatanodeStoreCache.java:addDB(58)) - Added db /home/runner/work/ozone/ozone/hadoop-ozone/integration-test/target/test-dir/MiniOzoneClusterImpl-84bf62e0-a170-4695-9dd9-8848938f690d/datanode-9/data-0/containers/hdds/84bf62e0-a170-4695-9dd9-8848938f690d/DS-9a5432b2-d58d-407d-920c-a0e08743a61e/container.db to cache
2022-11-03 16:01:14,890 [EndpointStateMachine task thread for /0.0.0.0:35727 - 0 ] INFO  volume.HddsVolume (HddsVolume.java:createDbStore(307)) - SchemaV3 db is created and loaded at /home/runner/work/ozone/ozone/hadoop-ozone/integration-test/target/test-dir/MiniOzoneClusterImpl-84bf62e0-a170-4695-9dd9-8848938f690d/datanode-9/data-0/containers/hdds/84bf62e0-a170-4695-9dd9-8848938f690d/DS-9a5432b2-d58d-407d-920c-a0e08743a61e/container.db for volume DS-9a5432b2-d58d-407d-920c-a0e08743a61e
2022-11-03 16:01:14,890 [EndpointStateMachine task thread for /0.0.0.0:35727 - 0 ] INFO  ozoneimpl.OzoneContainer (OzoneContainer.java:start(378)) - Attempting to start container services.
2022-11-03 16:01:14,890 [EndpointStateMachine task thread for /0.0.0.0:35727 - 0 ] INFO  ozoneimpl.OzoneContainer (OzoneContainer.java:startContainerScrub(313)) - Background container scanner has been disabled.
2022-11-03 16:01:14,891 [EndpointStateMachine task thread for /0.0.0.0:35727 - 0 ] INFO  replication.ReplicationServer (ReplicationServer.java:start(111)) - ReplicationServer is started using port 45155
2022-11-03 16:01:14,892 [EndpointStateMachine task thread for /0.0.0.0:35727 - 0 ] INFO  ratis.XceiverServerRatis (XceiverServerRatis.java:start(481)) - Starting XceiverServerRatis f9539b2c-40d6-4ae2-988d-1a0916bca307
2022-11-03 16:01:14,893 [EndpointStateMachine task thread for /0.0.0.0:35727 - 0 ] INFO  server.RaftServer (RaftServerProxy.java:startImpl(393)) - f9539b2c-40d6-4ae2-988d-1a0916bca307: start RPC server
2022-11-03 16:01:14,895 [EndpointStateMachine task thread for /0.0.0.0:35727 - 0 ] INFO  server.GrpcService (GrpcService.java:startImpl(270)) - f9539b2c-40d6-4ae2-988d-1a0916bca307: GrpcService started, listening on 36441
2022-11-03 16:01:14,895 [EndpointStateMachine task thread for /0.0.0.0:35727 - 0 ] INFO  ratis.XceiverServerRatis (XceiverServerRatis.java:getRealPort(502)) - XceiverServerRatis f9539b2c-40d6-4ae2-988d-1a0916bca307 is started using port 36441 for RATIS
2022-11-03 16:01:14,895 [JvmPauseMonitor10] INFO  util.JvmPauseMonitor (JvmPauseMonitor.java:run(105)) - JvmPauseMonitor-f9539b2c-40d6-4ae2-988d-1a0916bca307: Started
2022-11-03 16:01:14,895 [EndpointStateMachine task thread for /0.0.0.0:35727 - 0 ] INFO  ratis.XceiverServerRatis (XceiverServerRatis.java:getRealPort(502)) - XceiverServerRatis f9539b2c-40d6-4ae2-988d-1a0916bca307 is started using port 36441 for RATIS_ADMIN
2022-11-03 16:01:14,895 [EndpointStateMachine task thread for /0.0.0.0:35727 - 0 ] INFO  ratis.XceiverServerRatis (XceiverServerRatis.java:getRealPort(502)) - XceiverServerRatis f9539b2c-40d6-4ae2-988d-1a0916bca307 is started using port 36441 for RATIS_SERVER
2022-11-03 16:01:14,897 [EndpointStateMachine task thread for /0.0.0.0:35727 - 0 ] INFO  server.XceiverServerGrpc (XceiverServerGrpc.java:start(180)) - XceiverServerGrpc f9539b2c-40d6-4ae2-988d-1a0916bca307 is started using port 33539
2022-11-03 16:01:14,990 [IPC Server handler 3 on default port 35727] INFO  net.NetworkTopologyImpl (NetworkTopologyImpl.java:add(112)) - Added a new node: /default-rack/2369a186-4f78-4e7b-885b-53a729611fd8
2022-11-03 16:01:14,990 [IPC Server handler 3 on default port 35727] INFO  node.SCMNodeManager (SCMNodeManager.java:register(397)) - Registered Data node : 2369a186-4f78-4e7b-885b-53a729611fd8{ip: 10.1.1.36, host: fv-az47-358.mma5zatft5wupo5mzspaixdheh.bx.internal.cloudapp.net, ports: [REPLICATION=39183, RATIS=35493, RATIS_ADMIN=35493, RATIS_SERVER=35493, STANDALONE=34169], networkLocation: /default-rack, certSerialId: null, persistedOpState: null, persistedOpStateExpiryEpochSec: 0}
2022-11-03 16:01:14,990 [EventQueue-NewNodeForNewNodeHandler] INFO  pipeline.BackgroundPipelineCreator (BackgroundPipelineCreator.java:notifyEventTriggered(276)) - trigger a one-shot run on RatisPipelineUtilsThread.
2022-11-03 16:01:14,991 [RatisPipelineUtilsThread - 0] INFO  pipeline.RatisPipelineProvider (RatisPipelineProvider.java:lambda$create$0(195)) - Sending CreatePipelineCommand for pipeline:PipelineID=6f691f80-73da-46d0-aad5-8513df5b1e68 to datanode:2369a186-4f78-4e7b-885b-53a729611fd8
2022-11-03 16:01:14,991 [RatisPipelineUtilsThread - 0] INFO  pipeline.PipelineStateManagerImpl (PipelineStateManagerImpl.java:addPipeline(103)) - Created pipeline Pipeline[ Id: 6f691f80-73da-46d0-aad5-8513df5b1e68, Nodes: 2369a186-4f78-4e7b-885b-53a729611fd8{ip: 10.1.1.36, host: fv-az47-358.mma5zatft5wupo5mzspaixdheh.bx.internal.cloudapp.net, ports: [REPLICATION=39183, RATIS=35493, RATIS_ADMIN=35493, RATIS_SERVER=35493, STANDALONE=34169], networkLocation: /default-rack, certSerialId: null, persistedOpState: IN_SERVICE, persistedOpStateExpiryEpochSec: 0}, ReplicationConfig: RATIS/ONE, State:ALLOCATED, leaderId:, CreationTimestamp2022-11-03T16:01:14.991Z[Etc/UTC]].
2022-11-03 16:01:15,294 [IPC Server handler 4 on default port 35727] INFO  net.NetworkTopologyImpl (NetworkTopologyImpl.java:add(112)) - Added a new node: /default-rack/6065ee46-1250-4f2d-bd18-fb99db464885
2022-11-03 16:01:15,294 [IPC Server handler 4 on default port 35727] INFO  node.SCMNodeManager (SCMNodeManager.java:register(397)) - Registered Data node : 6065ee46-1250-4f2d-bd18-fb99db464885{ip: 10.1.1.36, host: fv-az47-358.mma5zatft5wupo5mzspaixdheh.bx.internal.cloudapp.net, ports: [REPLICATION=33343, RATIS=43193, RATIS_ADMIN=43193, RATIS_SERVER=43193, STANDALONE=44277], networkLocation: /default-rack, certSerialId: null, persistedOpState: null, persistedOpStateExpiryEpochSec: 0}
2022-11-03 16:01:15,294 [EventQueue-NewNodeForNewNodeHandler] INFO  pipeline.BackgroundPipelineCreator (BackgroundPipelineCreator.java:notifyEventTriggered(276)) - trigger a one-shot run on RatisPipelineUtilsThread.
2022-11-03 16:01:15,300 [RatisPipelineUtilsThread - 0] INFO  pipeline.RatisPipelineProvider (RatisPipelineProvider.java:lambda$create$0(195)) - Sending CreatePipelineCommand for pipeline:PipelineID=846dae9d-3761-419b-8e70-9f230e4dcb97 to datanode:6065ee46-1250-4f2d-bd18-fb99db464885
2022-11-03 16:01:15,301 [RatisPipelineUtilsThread - 0] INFO  pipeline.PipelineStateManagerImpl (PipelineStateManagerImpl.java:addPipeline(103)) - Created pipeline Pipeline[ Id: 846dae9d-3761-419b-8e70-9f230e4dcb97, Nodes: 6065ee46-1250-4f2d-bd18-fb99db464885{ip: 10.1.1.36, host: fv-az47-358.mma5zatft5wupo5mzspaixdheh.bx.internal.cloudapp.net, ports: [REPLICATION=33343, RATIS=43193, RATIS_ADMIN=43193, RATIS_SERVER=43193, STANDALONE=44277], networkLocation: /default-rack, certSerialId: null, persistedOpState: IN_SERVICE, persistedOpStateExpiryEpochSec: 0}, ReplicationConfig: RATIS/ONE, State:ALLOCATED, leaderId:, CreationTimestamp2022-11-03T16:01:15.300Z[Etc/UTC]].
2022-11-03 16:01:15,301 [RatisPipelineUtilsThread - 0] INFO  pipeline.RatisPipelineProvider (RatisPipelineProvider.java:lambda$create$0(195)) - Sending CreatePipelineCommand for pipeline:PipelineID=2f92345d-93a4-4cdf-8dfe-94a5fe1a6c6f to datanode:2369a186-4f78-4e7b-885b-53a729611fd8
2022-11-03 16:01:15,301 [RatisPipelineUtilsThread - 0] INFO  pipeline.RatisPipelineProvider (RatisPipelineProvider.java:lambda$create$0(195)) - Sending CreatePipelineCommand for pipeline:PipelineID=2f92345d-93a4-4cdf-8dfe-94a5fe1a6c6f to datanode:3af182df-8746-4079-a1aa-2aadbfcb2e37
2022-11-03 16:01:15,301 [RatisPipelineUtilsThread - 0] INFO  pipeline.RatisPipelineProvider (RatisPipelineProvider.java:lambda$create$0(195)) - Sending CreatePipelineCommand for pipeline:PipelineID=2f92345d-93a4-4cdf-8dfe-94a5fe1a6c6f to datanode:6065ee46-1250-4f2d-bd18-fb99db464885
2022-11-03 16:01:15,302 [RatisPipelineUtilsThread - 0] INFO  pipeline.PipelineStateManagerImpl (PipelineStateManagerImpl.java:addPipeline(103)) - Created pipeline Pipeline[ Id: 2f92345d-93a4-4cdf-8dfe-94a5fe1a6c6f, Nodes: 2369a186-4f78-4e7b-885b-53a729611fd8{ip: 10.1.1.36, host: fv-az47-358.mma5zatft5wupo5mzspaixdheh.bx.internal.cloudapp.net, ports: [REPLICATION=39183, RATIS=35493, RATIS_ADMIN=35493, RATIS_SERVER=35493, STANDALONE=34169], networkLocation: /default-rack, certSerialId: null, persistedOpState: IN_SERVICE, persistedOpStateExpiryEpochSec: 0}3af182df-8746-4079-a1aa-2aadbfcb2e37{ip: 10.1.1.36, host: fv-az47-358.mma5zatft5wupo5mzspaixdheh.bx.internal.cloudapp.net, ports: [REPLICATION=40563, RATIS=35587, RATIS_ADMIN=35587, RATIS_SERVER=35587, STANDALONE=33707], networkLocation: /default-rack, certSerialId: null, persistedOpState: IN_SERVICE, persistedOpStateExpiryEpochSec: 0}6065ee46-1250-4f2d-bd18-fb99db464885{ip: 10.1.1.36, host: fv-az47-358.mma5zatft5wupo5mzspaixdheh.bx.internal.cloudapp.net, ports: [REPLICATION=33343, RATIS=43193, RATIS_ADMIN=43193, RATIS_SERVER=43193, STANDALONE=44277], networkLocation: /default-rack, certSerialId: null, persistedOpState: IN_SERVICE, persistedOpStateExpiryEpochSec: 0}, ReplicationConfig: RATIS/THREE, State:ALLOCATED, leaderId:, CreationTimestamp2022-11-03T16:01:15.301Z[Etc/UTC]].
2022-11-03 16:01:15,303 [RatisPipelineUtilsThread - 0] INFO  pipeline.RatisPipelineProvider (RatisPipelineProvider.java:lambda$create$0(195)) - Sending CreatePipelineCommand for pipeline:PipelineID=f27972fe-4000-4d5a-8cf1-e9b64072809a to datanode:3af182df-8746-4079-a1aa-2aadbfcb2e37
2022-11-03 16:01:15,303 [RatisPipelineUtilsThread - 0] INFO  pipeline.RatisPipelineProvider (RatisPipelineProvider.java:lambda$create$0(195)) - Sending CreatePipelineCommand for pipeline:PipelineID=f27972fe-4000-4d5a-8cf1-e9b64072809a to datanode:2369a186-4f78-4e7b-885b-53a729611fd8
2022-11-03 16:01:15,303 [RatisPipelineUtilsThread - 0] INFO  pipeline.RatisPipelineProvider (RatisPipelineProvider.java:lambda$create$0(195)) - Sending CreatePipelineCommand for pipeline:PipelineID=f27972fe-4000-4d5a-8cf1-e9b64072809a to datanode:6065ee46-1250-4f2d-bd18-fb99db464885
2022-11-03 16:01:15,303 [RatisPipelineUtilsThread - 0] INFO  pipeline.PipelineStateManagerImpl (PipelineStateManagerImpl.java:addPipeline(103)) - Created pipeline Pipeline[ Id: f27972fe-4000-4d5a-8cf1-e9b64072809a, Nodes: 3af182df-8746-4079-a1aa-2aadbfcb2e37{ip: 10.1.1.36, host: fv-az47-358.mma5zatft5wupo5mzspaixdheh.bx.internal.cloudapp.net, ports: [REPLICATION=40563, RATIS=35587, RATIS_ADMIN=35587, RATIS_SERVER=35587, STANDALONE=33707], networkLocation: /default-rack, certSerialId: null, persistedOpState: IN_SERVICE, persistedOpStateExpiryEpochSec: 0}2369a186-4f78-4e7b-885b-53a729611fd8{ip: 10.1.1.36, host: fv-az47-358.mma5zatft5wupo5mzspaixdheh.bx.internal.cloudapp.net, ports: [REPLICATION=39183, RATIS=35493, RATIS_ADMIN=35493, RATIS_SERVER=35493, STANDALONE=34169], networkLocation: /default-rack, certSerialId: null, persistedOpState: IN_SERVICE, persistedOpStateExpiryEpochSec: 0}6065ee46-1250-4f2d-bd18-fb99db464885{ip: 10.1.1.36, host: fv-az47-358.mma5zatft5wupo5mzspaixdheh.bx.internal.cloudapp.net, ports: [REPLICATION=33343, RATIS=43193, RATIS_ADMIN=43193, RATIS_SERVER=43193, STANDALONE=44277], networkLocation: /default-rack, certSerialId: null, persistedOpState: IN_SERVICE, persistedOpStateExpiryEpochSec: 0}, ReplicationConfig: RATIS/THREE, State:ALLOCATED, leaderId:, CreationTimestamp2022-11-03T16:01:15.303Z[Etc/UTC]].
2022-11-03 16:01:15,303 [RatisPipelineUtilsThread - 0] INFO  pipeline.PipelineManagerImpl (PipelineManagerImpl.java:recordMetricsForPipeline(826)) - Pipeline: PipelineID=f27972fe-4000-4d5a-8cf1-e9b64072809a contains same datanodes as previous pipelines: PipelineID=2f92345d-93a4-4cdf-8dfe-94a5fe1a6c6f nodeIds: 3af182df-8746-4079-a1aa-2aadbfcb2e37, 2369a186-4f78-4e7b-885b-53a729611fd8, 6065ee46-1250-4f2d-bd18-fb99db464885
2022-11-03 16:01:15,736 [IPC Server handler 1 on default port 35727] INFO  net.NetworkTopologyImpl (NetworkTopologyImpl.java:add(112)) - Added a new node: /default-rack/d878db48-ef46-44bf-ac98-cb2daa3cfd80
2022-11-03 16:01:15,740 [IPC Server handler 1 on default port 35727] INFO  node.SCMNodeManager (SCMNodeManager.java:register(397)) - Registered Data node : d878db48-ef46-44bf-ac98-cb2daa3cfd80{ip: 10.1.1.36, host: fv-az47-358.mma5zatft5wupo5mzspaixdheh.bx.internal.cloudapp.net, ports: [REPLICATION=44811, RATIS=39321, RATIS_ADMIN=39321, RATIS_SERVER=39321, STANDALONE=40525], networkLocation: /default-rack, certSerialId: null, persistedOpState: null, persistedOpStateExpiryEpochSec: 0}
2022-11-03 16:01:15,740 [EventQueue-NewNodeForNewNodeHandler] INFO  pipeline.BackgroundPipelineCreator (BackgroundPipelineCreator.java:notifyEventTriggered(276)) - trigger a one-shot run on RatisPipelineUtilsThread.
2022-11-03 16:01:15,741 [RatisPipelineUtilsThread - 0] INFO  pipeline.RatisPipelineProvider (RatisPipelineProvider.java:lambda$create$0(195)) - Sending CreatePipelineCommand for pipeline:PipelineID=9e03c8e7-7a69-41fc-8f54-2fc460863941 to datanode:d878db48-ef46-44bf-ac98-cb2daa3cfd80
2022-11-03 16:01:15,741 [RatisPipelineUtilsThread - 0] INFO  pipeline.PipelineStateManagerImpl (PipelineStateManagerImpl.java:addPipeline(103)) - Created pipeline Pipeline[ Id: 9e03c8e7-7a69-41fc-8f54-2fc460863941, Nodes: d878db48-ef46-44bf-ac98-cb2daa3cfd80{ip: 10.1.1.36, host: fv-az47-358.mma5zatft5wupo5mzspaixdheh.bx.internal.cloudapp.net, ports: [REPLICATION=44811, RATIS=39321, RATIS_ADMIN=39321, RATIS_SERVER=39321, STANDALONE=40525], networkLocation: /default-rack, certSerialId: null, persistedOpState: IN_SERVICE, persistedOpStateExpiryEpochSec: 0}, ReplicationConfig: RATIS/ONE, State:ALLOCATED, leaderId:, CreationTimestamp2022-11-03T16:01:15.741Z[Etc/UTC]].
2022-11-03 16:01:15,861 [Listener at 127.0.0.1/45563] INFO  ozone.MiniOzoneClusterImpl (MiniOzoneClusterImpl.java:lambda$waitForClusterToBeReady$0(216)) - Waiting for nodes to be ready. Got 7 of 10 DN Heartbeats.
2022-11-03 16:01:15,862 [Listener at 127.0.0.1/45563] INFO  ozone.MiniOzoneClusterImpl (MiniOzoneClusterImpl.java:lambda$waitForClusterToBeReady$0(219)) - Waiting for cluster to exit safe mode
2022-11-03 16:01:15,862 [Listener at 127.0.0.1/45563] INFO  ozone.MiniOzoneClusterImpl (MiniOzoneClusterImpl.java:lambda$waitForClusterToBeReady$0(221)) - SCM became leader
2022-11-03 16:01:16,200 [IPC Server handler 4 on default port 35727] INFO  net.NetworkTopologyImpl (NetworkTopologyImpl.java:add(112)) - Added a new node: /default-rack/b412bf4c-8645-4ac9-920f-94e6c323f92a
2022-11-03 16:01:16,201 [IPC Server handler 4 on default port 35727] INFO  node.SCMNodeManager (SCMNodeManager.java:register(397)) - Registered Data node : b412bf4c-8645-4ac9-920f-94e6c323f92a{ip: 10.1.1.36, host: fv-az47-358.mma5zatft5wupo5mzspaixdheh.bx.internal.cloudapp.net, ports: [REPLICATION=39897, RATIS=37969, RATIS_ADMIN=37969, RATIS_SERVER=37969, STANDALONE=37951], networkLocation: /default-rack, certSerialId: null, persistedOpState: null, persistedOpStateExpiryEpochSec: 0}
2022-11-03 16:01:16,201 [EventQueue-NewNodeForNewNodeHandler] INFO  pipeline.BackgroundPipelineCreator (BackgroundPipelineCreator.java:notifyEventTriggered(276)) - trigger a one-shot run on RatisPipelineUtilsThread.
2022-11-03 16:01:16,202 [RatisPipelineUtilsThread - 0] INFO  pipeline.RatisPipelineProvider (RatisPipelineProvider.java:lambda$create$0(195)) - Sending CreatePipelineCommand for pipeline:PipelineID=efba5c6f-189f-4cfa-a1bc-66fec34252f7 to datanode:b412bf4c-8645-4ac9-920f-94e6c323f92a
2022-11-03 16:01:16,202 [RatisPipelineUtilsThread - 0] INFO  pipeline.PipelineStateManagerImpl (PipelineStateManagerImpl.java:addPipeline(103)) - Created pipeline Pipeline[ Id: efba5c6f-189f-4cfa-a1bc-66fec34252f7, Nodes: b412bf4c-8645-4ac9-920f-94e6c323f92a{ip: 10.1.1.36, host: fv-az47-358.mma5zatft5wupo5mzspaixdheh.bx.internal.cloudapp.net, ports: [REPLICATION=39897, RATIS=37969, RATIS_ADMIN=37969, RATIS_SERVER=37969, STANDALONE=37951], networkLocation: /default-rack, certSerialId: null, persistedOpState: IN_SERVICE, persistedOpStateExpiryEpochSec: 0}, ReplicationConfig: RATIS/ONE, State:ALLOCATED, leaderId:, CreationTimestamp2022-11-03T16:01:16.202Z[Etc/UTC]].
2022-11-03 16:01:16,497 [Command processor thread] INFO  server.RaftServer (RaftServerProxy.java:addNew(96)) - 8d7ec919-acd2-4b88-a99a-dd9f5739b33b: addNew group-DEA1DB5A5D55:[8d7ec919-acd2-4b88-a99a-dd9f5739b33b|rpc:10.1.1.36:45267|priority:1|startupRole:FOLLOWER] returns group-DEA1DB5A5D55:java.util.concurrent.CompletableFuture@2bcab8bd[Not completed]
2022-11-03 16:01:16,508 [pool-72-thread-1] INFO  server.RaftServer$Division (RaftServerImpl.java:<init>(195)) - 8d7ec919-acd2-4b88-a99a-dd9f5739b33b: new RaftServerImpl for group-DEA1DB5A5D55:[8d7ec919-acd2-4b88-a99a-dd9f5739b33b|rpc:10.1.1.36:45267|priority:1|startupRole:FOLLOWER] with ContainerStateMachine:uninitialized
2022-11-03 16:01:16,509 [pool-72-thread-1] INFO  server.RaftServerConfigKeys (ConfUtils.java:logGet(46)) - raft.server.rpc.timeout.min = 5s (custom)
2022-11-03 16:01:16,509 [pool-72-thread-1] INFO  server.RaftServerConfigKeys (ConfUtils.java:logGet(46)) - raft.server.rpc.timeout.max = 5200ms (custom)
2022-11-03 16:01:16,509 [pool-72-thread-1] INFO  server.RaftServerConfigKeys (ConfUtils.java:logGet(46)) - raft.server.rpc.sleep.time = 25ms (default)
2022-11-03 16:01:16,509 [pool-72-thread-1] INFO  server.RaftServerConfigKeys (ConfUtils.java:logGet(46)) - raft.server.rpc.slowness.timeout = 300s (custom)
2022-11-03 16:01:16,509 [pool-72-thread-1] INFO  server.RaftServerConfigKeys (ConfUtils.java:logGet(46)) - raft.server.leaderelection.leader.step-down.wait-time = 10s (default)
2022-11-03 16:01:16,509 [pool-72-thread-1] INFO  server.RaftServerConfigKeys (ConfUtils.java:logGet(46)) - raft.server.sleep.deviation.threshold = 300ms (default)
2022-11-03 16:01:16,510 [pool-72-thread-1] INFO  server.RaftServer$Division (ServerState.java:<init>(118)) - 8d7ec919-acd2-4b88-a99a-dd9f5739b33b@group-DEA1DB5A5D55: ConfigurationManager, init=-1: peers:[8d7ec919-acd2-4b88-a99a-dd9f5739b33b|rpc:10.1.1.36:45267|priority:1|startupRole:FOLLOWER]|listeners:[], old=null, confs=<EMPTY_MAP>
2022-11-03 16:01:16,510 [pool-72-thread-1] INFO  server.RaftServerConfigKeys (ConfUtils.java:logGet(46)) - raft.server.storage.dir = [/home/runner/work/ozone/ozone/hadoop-ozone/integration-test/target/test-dir/MiniOzoneClusterImpl-84bf62e0-a170-4695-9dd9-8848938f690d/datanode-0/data/ratis] (custom)
2022-11-03 16:01:16,510 [pool-72-thread-1] INFO  server.RaftServerConfigKeys (ConfUtils.java:logGet(46)) - raft.server.log.corruption.policy = EXCEPTION (default)
2022-11-03 16:01:16,510 [pool-72-thread-1] INFO  server.RaftServerConfigKeys (ConfUtils.java:logGet(46)) - raft.server.storage.free-space.min = 0MB (=0) (default)
2022-11-03 16:01:16,510 [pool-72-thread-1] INFO  server.RaftServerConfigKeys (ConfUtils.java:logGet(46)) - raft.server.notification.no-leader.timeout = 300s (custom)
2022-11-03 16:01:16,510 [pool-72-thread-1] INFO  server.RaftServerConfigKeys (ConfUtils.java:logGet(46)) - raft.server.retrycache.expirytime = 600000ms (custom)
2022-11-03 16:01:16,510 [pool-72-thread-1] INFO  server.RaftServerConfigKeys (ConfUtils.java:logGet(46)) - raft.server.retrycache.statistics.expirytime = 100μs (default)
2022-11-03 16:01:16,514 [pool-72-thread-1] INFO  server.RaftServerConfigKeys (ConfUtils.java:logGet(46)) - raft.server.log.appender.install.snapshot.enabled = false (custom)
2022-11-03 16:01:16,514 [pool-72-thread-1] INFO  server.RaftServerConfigKeys (ConfUtils.java:logGet(46)) - raft.server.threadpool.server.cached = true (default)
2022-11-03 16:01:16,514 [pool-72-thread-1] INFO  server.RaftServerConfigKeys (ConfUtils.java:logGet(46)) - raft.server.threadpool.server.size = 0 (default)
2022-11-03 16:01:16,514 [pool-72-thread-1] INFO  server.RaftServerConfigKeys (ConfUtils.java:logGet(46)) - raft.server.threadpool.client.cached = true (default)
2022-11-03 16:01:16,514 [pool-72-thread-1] INFO  server.RaftServerConfigKeys (ConfUtils.java:logGet(46)) - raft.server.threadpool.client.size = 0 (default)
2022-11-03 16:01:16,514 [pool-72-thread-1] INFO  storage.RaftStorageDirectory (RaftStorageDirectoryImpl.java:analyzeStorage(137)) - The storage directory /home/runner/work/ozone/ozone/hadoop-ozone/integration-test/target/test-dir/MiniOzoneClusterImpl-84bf62e0-a170-4695-9dd9-8848938f690d/datanode-0/data/ratis/e99803ec-a9ec-43b4-9133-dea1db5a5d55 does not exist. Creating ...
2022-11-03 16:01:16,518 [pool-72-thread-1] INFO  storage.RaftStorageDirectory (RaftStorageDirectoryImpl.java:tryLock(231)) - Lock on /home/runner/work/ozone/ozone/hadoop-ozone/integration-test/target/test-dir/MiniOzoneClusterImpl-84bf62e0-a170-4695-9dd9-8848938f690d/datanode-0/data/ratis/e99803ec-a9ec-43b4-9133-dea1db5a5d55/in_use.lock acquired by nodename 14715@fv-az47-358
2022-11-03 16:01:16,519 [pool-72-thread-1] INFO  storage.RaftStorage (RaftStorageImpl.java:format(96)) - Storage directory /home/runner/work/ozone/ozone/hadoop-ozone/integration-test/target/test-dir/MiniOzoneClusterImpl-84bf62e0-a170-4695-9dd9-8848938f690d/datanode-0/data/ratis/e99803ec-a9ec-43b4-9133-dea1db5a5d55 has been successfully formatted.
2022-11-03 16:01:16,522 [pool-72-thread-1] INFO  ratis.ContainerStateMachine (ContainerStateMachine.java:loadSnapshot(236)) - group-DEA1DB5A5D55: The snapshot info is null. Setting the last applied indexto:(t:0, i:~)
2022-11-03 16:01:16,523 [pool-72-thread-1] INFO  server.RaftServerConfigKeys (ConfUtils.java:logGet(46)) - raft.server.log.use.memory = false (default)
2022-11-03 16:01:16,523 [pool-72-thread-1] INFO  server.RaftServerConfigKeys (ConfUtils.java:logGet(46)) - raft.server.log.purge.gap = 1000000 (custom)
2022-11-03 16:01:16,523 [pool-72-thread-1] INFO  server.RaftServerConfigKeys (ConfUtils.java:logGet(46)) - raft.server.log.appender.buffer.byte-limit = 33554432 (custom)
2022-11-03 16:01:16,523 [pool-72-thread-1] INFO  server.RaftServerConfigKeys (ConfUtils.java:logGet(46)) - raft.server.log.statemachine.data.read.timeout = 1000ms (default)
2022-11-03 16:01:16,523 [pool-72-thread-1] INFO  server.RaftServerConfigKeys (ConfUtils.java:logGet(46)) - raft.server.log.purge.preservation.log.num = 0 (default)
2022-11-03 16:01:16,523 [pool-72-thread-1] INFO  server.RaftServerConfigKeys (ConfUtils.java:logGet(46)) - raft.server.log.segment.size.max = 1048576 (custom)
2022-11-03 16:01:16,525 [pool-72-thread-1] INFO  server.RaftServerConfigKeys (ConfUtils.java:logGet(46)) - raft.server.log.segment.cache.num.max = 2 (custom)
2022-11-03 16:01:16,525 [EventQueue-PipelineReportForPipelineReportHandler] INFO  pipeline.PipelineManagerImpl (PipelineManagerImpl.java:openPipeline(367)) - Pipeline Pipeline[ Id: e99803ec-a9ec-43b4-9133-dea1db5a5d55, Nodes: 8d7ec919-acd2-4b88-a99a-dd9f5739b33b{ip: 10.1.1.36, host: fv-az47-358.mma5zatft5wupo5mzspaixdheh.bx.internal.cloudapp.net, ports: [REPLICATION=34637, RATIS=45267, RATIS_ADMIN=45267, RATIS_SERVER=45267, STANDALONE=43171], networkLocation: /default-rack, certSerialId: null, persistedOpState: IN_SERVICE, persistedOpStateExpiryEpochSec: 0}, ReplicationConfig: RATIS/ONE, State:ALLOCATED, leaderId:8d7ec919-acd2-4b88-a99a-dd9f5739b33b, CreationTimestamp2022-11-03T16:01:13.504Z[Etc/UTC]] moved to OPEN state
2022-11-03 16:01:16,527 [pool-72-thread-1] INFO  server.RaftServerConfigKeys (ConfUtils.java:logGet(46)) - raft.server.log.segment.cache.size.max = 200MB (=209715200) (default)
2022-11-03 16:01:16,527 [pool-72-thread-1] INFO  segmented.SegmentedRaftLogWorker (SegmentedRaftLogWorker.java:<init>(191)) - new 8d7ec919-acd2-4b88-a99a-dd9f5739b33b@group-DEA1DB5A5D55-SegmentedRaftLogWorker for RaftStorageImpl:Storage Directory /home/runner/work/ozone/ozone/hadoop-ozone/integration-test/target/test-dir/MiniOzoneClusterImpl-84bf62e0-a170-4695-9dd9-8848938f690d/datanode-0/data/ratis/e99803ec-a9ec-43b4-9133-dea1db5a5d55
2022-11-03 16:01:16,527 [pool-72-thread-1] INFO  server.RaftServerConfigKeys (ConfUtils.java:logGet(46)) - raft.server.log.queue.byte-limit = 4294967296 (custom)
2022-11-03 16:01:16,527 [pool-72-thread-1] INFO  server.RaftServerConfigKeys (ConfUtils.java:logGet(46)) - raft.server.log.queue.element-limit = 1024 (custom)
2022-11-03 16:01:16,527 [pool-72-thread-1] INFO  server.RaftServerConfigKeys (ConfUtils.java:logGet(46)) - raft.server.log.segment.size.max = 1048576 (custom)
2022-11-03 16:01:16,527 [pool-72-thread-1] INFO  server.RaftServerConfigKeys (ConfUtils.java:logGet(46)) - raft.server.log.preallocated.size = 16384 (custom)
2022-11-03 16:01:16,527 [pool-72-thread-1] INFO  server.RaftServerConfigKeys (ConfUtils.java:logGet(46)) - raft.server.log.force.sync.num = 128 (default)
2022-11-03 16:01:16,527 [pool-72-thread-1] INFO  server.RaftServerConfigKeys (ConfUtils.java:logGet(46)) - raft.server.log.statemachine.data.sync = true (default)
2022-11-03 16:01:16,527 [pool-72-thread-1] INFO  server.RaftServerConfigKeys (ConfUtils.java:logGet(46)) - raft.server.log.statemachine.data.sync.timeout = 10s (default)
2022-11-03 16:01:16,527 [pool-72-thread-1] INFO  server.RaftServerConfigKeys (ConfUtils.java:logGet(46)) - raft.server.log.statemachine.data.sync.timeout.retry = -1 (default)
2022-11-03 16:01:16,530 [pool-72-thread-1] INFO  server.RaftServerConfigKeys (ConfUtils.java:logGet(46)) - raft.server.log.write.buffer.size = 1048576 (custom)
2022-11-03 16:01:16,531 [pool-72-thread-1] INFO  server.RaftServerConfigKeys (ConfUtils.java:logGet(46)) - raft.server.log.unsafe-flush.enabled = false (default)
2022-11-03 16:01:16,531 [pool-72-thread-1] INFO  server.RaftServerConfigKeys (ConfUtils.java:logGet(46)) - raft.server.log.async-flush.enabled = false (default)
2022-11-03 16:01:16,531 [pool-72-thread-1] INFO  server.RaftServerConfigKeys (ConfUtils.java:logGet(46)) - raft.server.log.statemachine.data.caching.enabled = true (custom)
2022-11-03 16:01:16,531 [pool-72-thread-1] INFO  segmented.SegmentedRaftLogWorker (SegmentedRaftLogWorker.java:lambda$new$0(136)) - 8d7ec919-acd2-4b88-a99a-dd9f5739b33b@group-DEA1DB5A5D55-SegmentedRaftLogWorker: flushIndex: setUnconditionally 0 -> -1
2022-11-03 16:01:16,531 [pool-72-thread-1] INFO  segmented.SegmentedRaftLogWorker (SegmentedRaftLogWorker.java:lambda$new$0(136)) - 8d7ec919-acd2-4b88-a99a-dd9f5739b33b@group-DEA1DB5A5D55-SegmentedRaftLogWorker: safeCacheEvictIndex: setUnconditionally 0 -> -1
2022-11-03 16:01:16,535 [EventQueue-OpenPipelineForHealthyPipelineSafeModeRule] INFO  safemode.SCMSafeModeManager (HealthyPipelineSafeModeRule.java:process(137)) - SCM in safe mode. Healthy pipelines reported count is 0, required healthy pipeline reported count is 1
2022-11-03 16:01:16,541 [pool-72-thread-1] INFO  server.RaftServer$Division (RaftServerImpl.java:start(334)) - 8d7ec919-acd2-4b88-a99a-dd9f5739b33b@group-DEA1DB5A5D55: start as a follower, conf=-1: peers:[8d7ec919-acd2-4b88-a99a-dd9f5739b33b|rpc:10.1.1.36:45267|priority:1|startupRole:FOLLOWER]|listeners:[], old=null
2022-11-03 16:01:16,543 [pool-72-thread-1] INFO  server.RaftServer$Division (RaftServerImpl.java:setRole(321)) - 8d7ec919-acd2-4b88-a99a-dd9f5739b33b@group-DEA1DB5A5D55: changes role from      null to FOLLOWER at term 0 for startAsFollower
2022-11-03 16:01:16,543 [pool-72-thread-1] INFO  impl.RoleInfo (RoleInfo.java:updateAndGet(139)) - 8d7ec919-acd2-4b88-a99a-dd9f5739b33b: start 8d7ec919-acd2-4b88-a99a-dd9f5739b33b@group-DEA1DB5A5D55-FollowerState
2022-11-03 16:01:16,543 [IPC Server handler 8 on default port 35727] INFO  net.NetworkTopologyImpl (NetworkTopologyImpl.java:add(112)) - Added a new node: /default-rack/b6bbe4ab-2937-401d-96b4-8acfa82ea187
2022-11-03 16:01:16,543 [IPC Server handler 8 on default port 35727] INFO  node.SCMNodeManager (SCMNodeManager.java:register(397)) - Registered Data node : b6bbe4ab-2937-401d-96b4-8acfa82ea187{ip: 10.1.1.36, host: fv-az47-358.mma5zatft5wupo5mzspaixdheh.bx.internal.cloudapp.net, ports: [REPLICATION=42469, RATIS=37137, RATIS_ADMIN=37137, RATIS_SERVER=37137, STANDALONE=37887], networkLocation: /default-rack, certSerialId: null, persistedOpState: null, persistedOpStateExpiryEpochSec: 0}
2022-11-03 16:01:16,544 [EventQueue-NewNodeForNewNodeHandler] INFO  pipeline.BackgroundPipelineCreator (BackgroundPipelineCreator.java:notifyEventTriggered(276)) - trigger a one-shot run on RatisPipelineUtilsThread.
2022-11-03 16:01:16,545 [RatisPipelineUtilsThread - 0] INFO  pipeline.RatisPipelineProvider (RatisPipelineProvider.java:lambda$create$0(195)) - Sending CreatePipelineCommand for pipeline:PipelineID=aa7030db-5f59-4709-8c1a-07838b844681 to datanode:b6bbe4ab-2937-401d-96b4-8acfa82ea187
2022-11-03 16:01:16,545 [RatisPipelineUtilsThread - 0] INFO  pipeline.PipelineStateManagerImpl (PipelineStateManagerImpl.java:addPipeline(103)) - Created pipeline Pipeline[ Id: aa7030db-5f59-4709-8c1a-07838b844681, Nodes: b6bbe4ab-2937-401d-96b4-8acfa82ea187{ip: 10.1.1.36, host: fv-az47-358.mma5zatft5wupo5mzspaixdheh.bx.internal.cloudapp.net, ports: [REPLICATION=42469, RATIS=37137, RATIS_ADMIN=37137, RATIS_SERVER=37137, STANDALONE=37887], networkLocation: /default-rack, certSerialId: null, persistedOpState: IN_SERVICE, persistedOpStateExpiryEpochSec: 0}, ReplicationConfig: RATIS/ONE, State:ALLOCATED, leaderId:, CreationTimestamp2022-11-03T16:01:16.545Z[Etc/UTC]].
2022-11-03 16:01:16,546 [RatisPipelineUtilsThread - 0] INFO  pipeline.RatisPipelineProvider (RatisPipelineProvider.java:lambda$create$0(195)) - Sending CreatePipelineCommand for pipeline:PipelineID=af8aba9c-0dd5-48e0-96a6-efe686cbfebe to datanode:d878db48-ef46-44bf-ac98-cb2daa3cfd80
2022-11-03 16:01:16,546 [RatisPipelineUtilsThread - 0] INFO  pipeline.RatisPipelineProvider (RatisPipelineProvider.java:lambda$create$0(195)) - Sending CreatePipelineCommand for pipeline:PipelineID=af8aba9c-0dd5-48e0-96a6-efe686cbfebe to datanode:b412bf4c-8645-4ac9-920f-94e6c323f92a
2022-11-03 16:01:16,546 [RatisPipelineUtilsThread - 0] INFO  pipeline.RatisPipelineProvider (RatisPipelineProvider.java:lambda$create$0(195)) - Sending CreatePipelineCommand for pipeline:PipelineID=af8aba9c-0dd5-48e0-96a6-efe686cbfebe to datanode:b6bbe4ab-2937-401d-96b4-8acfa82ea187
2022-11-03 16:01:16,547 [RatisPipelineUtilsThread - 0] INFO  pipeline.PipelineStateManagerImpl (PipelineStateManagerImpl.java:addPipeline(103)) - Created pipeline Pipeline[ Id: af8aba9c-0dd5-48e0-96a6-efe686cbfebe, Nodes: d878db48-ef46-44bf-ac98-cb2daa3cfd80{ip: 10.1.1.36, host: fv-az47-358.mma5zatft5wupo5mzspaixdheh.bx.internal.cloudapp.net, ports: [REPLICATION=44811, RATIS=39321, RATIS_ADMIN=39321, RATIS_SERVER=39321, STANDALONE=40525], networkLocation: /default-rack, certSerialId: null, persistedOpState: IN_SERVICE, persistedOpStateExpiryEpochSec: 0}b412bf4c-8645-4ac9-920f-94e6c323f92a{ip: 10.1.1.36, host: fv-az47-358.mma5zatft5wupo5mzspaixdheh.bx.internal.cloudapp.net, ports: [REPLICATION=39897, RATIS=37969, RATIS_ADMIN=37969, RATIS_SERVER=37969, STANDALONE=37951], networkLocation: /default-rack, certSerialId: null, persistedOpState: IN_SERVICE, persistedOpStateExpiryEpochSec: 0}b6bbe4ab-2937-401d-96b4-8acfa82ea187{ip: 10.1.1.36, host: fv-az47-358.mma5zatft5wupo5mzspaixdheh.bx.internal.cloudapp.net, ports: [REPLICATION=42469, RATIS=37137, RATIS_ADMIN=37137, RATIS_SERVER=37137, STANDALONE=37887], networkLocation: /default-rack, certSerialId: null, persistedOpState: IN_SERVICE, persistedOpStateExpiryEpochSec: 0}, ReplicationConfig: RATIS/THREE, State:ALLOCATED, leaderId:, CreationTimestamp2022-11-03T16:01:16.546Z[Etc/UTC]].
2022-11-03 16:01:16,551 [pool-72-thread-1] INFO  util.JmxRegister (JmxRegister.java:tryRegister(44)) - Successfully registered JMX Bean with object name Ratis:service=RaftServer,group=group-DEA1DB5A5D55,id=8d7ec919-acd2-4b88-a99a-dd9f5739b33b
2022-11-03 16:01:16,562 [pool-72-thread-1] INFO  server.RaftServerConfigKeys (ConfUtils.java:logGet(46)) - raft.server.snapshot.auto.trigger.enabled = true (custom)
2022-11-03 16:01:16,562 [pool-72-thread-1] INFO  server.RaftServerConfigKeys (ConfUtils.java:logGet(46)) - raft.server.snapshot.auto.trigger.threshold = 10000 (custom)
2022-11-03 16:01:16,562 [pool-72-thread-1] INFO  server.RaftServerConfigKeys (ConfUtils.java:logGet(46)) - raft.server.snapshot.retention.file.num = 5 (custom)
2022-11-03 16:01:16,562 [pool-72-thread-1] INFO  server.RaftServerConfigKeys (ConfUtils.java:logGet(46)) - raft.server.log.purge.upto.snapshot.index = false (default)
2022-11-03 16:01:16,559 [RatisPipelineUtilsThread - 0] INFO  pipeline.RatisPipelineProvider (RatisPipelineProvider.java:lambda$create$0(195)) - Sending CreatePipelineCommand for pipeline:PipelineID=96bdac19-5020-4b5d-bd54-8a4815b43099 to datanode:d878db48-ef46-44bf-ac98-cb2daa3cfd80
2022-11-03 16:01:16,558 [8d7ec919-acd2-4b88-a99a-dd9f5739b33b@group-DEA1DB5A5D55-FollowerState] INFO  server.RaftServerConfigKeys (ConfUtils.java:logFallback(53)) - raft.server.rpc.first-election.timeout.min = 5s (fallback to raft.server.rpc.timeout.min)
2022-11-03 16:01:16,567 [RatisPipelineUtilsThread - 0] INFO  pipeline.RatisPipelineProvider (RatisPipelineProvider.java:lambda$create$0(195)) - Sending CreatePipelineCommand for pipeline:PipelineID=96bdac19-5020-4b5d-bd54-8a4815b43099 to datanode:b412bf4c-8645-4ac9-920f-94e6c323f92a
2022-11-03 16:01:16,567 [RatisPipelineUtilsThread - 0] INFO  pipeline.RatisPipelineProvider (RatisPipelineProvider.java:lambda$create$0(195)) - Sending CreatePipelineCommand for pipeline:PipelineID=96bdac19-5020-4b5d-bd54-8a4815b43099 to datanode:b6bbe4ab-2937-401d-96b4-8acfa82ea187
2022-11-03 16:01:16,567 [8d7ec919-acd2-4b88-a99a-dd9f5739b33b@group-DEA1DB5A5D55-FollowerState] INFO  server.RaftServerConfigKeys (ConfUtils.java:logFallback(53)) - raft.server.rpc.first-election.timeout.max = 5200ms (fallback to raft.server.rpc.timeout.max)
2022-11-03 16:01:16,568 [RatisPipelineUtilsThread - 0] INFO  pipeline.PipelineStateManagerImpl (PipelineStateManagerImpl.java:addPipeline(103)) - Created pipeline Pipeline[ Id: 96bdac19-5020-4b5d-bd54-8a4815b43099, Nodes: d878db48-ef46-44bf-ac98-cb2daa3cfd80{ip: 10.1.1.36, host: fv-az47-358.mma5zatft5wupo5mzspaixdheh.bx.internal.cloudapp.net, ports: [REPLICATION=44811, RATIS=39321, RATIS_ADMIN=39321, RATIS_SERVER=39321, STANDALONE=40525], networkLocation: /default-rack, certSerialId: null, persistedOpState: IN_SERVICE, persistedOpStateExpiryEpochSec: 0}b412bf4c-8645-4ac9-920f-94e6c323f92a{ip: 10.1.1.36, host: fv-az47-358.mma5zatft5wupo5mzspaixdheh.bx.internal.cloudapp.net, ports: [REPLICATION=39897, RATIS=37969, RATIS_ADMIN=37969, RATIS_SERVER=37969, STANDALONE=37951], networkLocation: /default-rack, certSerialId: null, persistedOpState: IN_SERVICE, persistedOpStateExpiryEpochSec: 0}b6bbe4ab-2937-401d-96b4-8acfa82ea187{ip: 10.1.1.36, host: fv-az47-358.mma5zatft5wupo5mzspaixdheh.bx.internal.cloudapp.net, ports: [REPLICATION=42469, RATIS=37137, RATIS_ADMIN=37137, RATIS_SERVER=37137, STANDALONE=37887], networkLocation: /default-rack, certSerialId: null, persistedOpState: IN_SERVICE, persistedOpStateExpiryEpochSec: 0}, ReplicationConfig: RATIS/THREE, State:ALLOCATED, leaderId:, CreationTimestamp2022-11-03T16:01:16.559Z[Etc/UTC]].
2022-11-03 16:01:16,568 [RatisPipelineUtilsThread - 0] INFO  pipeline.PipelineManagerImpl (PipelineManagerImpl.java:recordMetricsForPipeline(826)) - Pipeline: PipelineID=96bdac19-5020-4b5d-bd54-8a4815b43099 contains same datanodes as previous pipelines: PipelineID=af8aba9c-0dd5-48e0-96a6-efe686cbfebe nodeIds: d878db48-ef46-44bf-ac98-cb2daa3cfd80, b412bf4c-8645-4ac9-920f-94e6c323f92a, b6bbe4ab-2937-401d-96b4-8acfa82ea187
2022-11-03 16:01:16,572 [Command processor thread] INFO  ratis.XceiverServerRatis (XceiverServerRatis.java:addGroup(765)) - Created group PipelineID=e99803ec-a9ec-43b4-9133-dea1db5a5d55
2022-11-03 16:01:16,573 [Command processor thread] INFO  commandhandler.CreatePipelineCommandHandler (CreatePipelineCommandHandler.java:handle(113)) - Created Pipeline RATIS ONE PipelineID=e99803ec-a9ec-43b4-9133-dea1db5a5d55.
2022-11-03 16:01:16,574 [Command processor thread] INFO  server.RaftServer (RaftServerProxy.java:addNew(96)) - 8d7ec919-acd2-4b88-a99a-dd9f5739b33b: addNew group-16B0CCAD8931:[8d7ec919-acd2-4b88-a99a-dd9f5739b33b|rpc:10.1.1.36:45267|priority:0|startupRole:FOLLOWER, b2efe8a5-99bb-41e7-9296-f49000549216|rpc:10.1.1.36:39397|priority:1|startupRole:FOLLOWER, 556da25a-9bc8-419d-83a0-dc1d92c1e895|rpc:10.1.1.36:41941|priority:0|startupRole:FOLLOWER] returns group-16B0CCAD8931:java.util.concurrent.CompletableFuture@6d5efe84[Not completed]
2022-11-03 16:01:16,576 [pool-72-thread-1] INFO  server.RaftServer$Division (RaftServerImpl.java:<init>(195)) - 8d7ec919-acd2-4b88-a99a-dd9f5739b33b: new RaftServerImpl for group-16B0CCAD8931:[8d7ec919-acd2-4b88-a99a-dd9f5739b33b|rpc:10.1.1.36:45267|priority:0|startupRole:FOLLOWER, b2efe8a5-99bb-41e7-9296-f49000549216|rpc:10.1.1.36:39397|priority:1|startupRole:FOLLOWER, 556da25a-9bc8-419d-83a0-dc1d92c1e895|rpc:10.1.1.36:41941|priority:0|startupRole:FOLLOWER] with ContainerStateMachine:uninitialized
2022-11-03 16:01:16,576 [pool-72-thread-1] INFO  server.RaftServerConfigKeys (ConfUtils.java:logGet(46)) - raft.server.rpc.timeout.min = 5s (custom)
2022-11-03 16:01:16,576 [pool-72-thread-1] INFO  server.RaftServerConfigKeys (ConfUtils.java:logGet(46)) - raft.server.rpc.timeout.max = 5200ms (custom)
2022-11-03 16:01:16,576 [pool-72-thread-1] INFO  server.RaftServerConfigKeys (ConfUtils.java:logGet(46)) - raft.server.rpc.sleep.time = 25ms (default)
2022-11-03 16:01:16,576 [pool-72-thread-1] INFO  server.RaftServerConfigKeys (ConfUtils.java:logGet(46)) - raft.server.rpc.slowness.timeout = 300s (custom)
2022-11-03 16:01:16,576 [pool-72-thread-1] INFO  server.RaftServerConfigKeys (ConfUtils.java:logGet(46)) - raft.server.leaderelection.leader.step-down.wait-time = 10s (default)
2022-11-03 16:01:16,576 [pool-72-thread-1] INFO  server.RaftServerConfigKeys (ConfUtils.java:logGet(46)) - raft.server.sleep.deviation.threshold = 300ms (default)
2022-11-03 16:01:16,577 [pool-72-thread-1] INFO  server.RaftServer$Division (ServerState.java:<init>(118)) - 8d7ec919-acd2-4b88-a99a-dd9f5739b33b@group-16B0CCAD8931: ConfigurationManager, init=-1: peers:[8d7ec919-acd2-4b88-a99a-dd9f5739b33b|rpc:10.1.1.36:45267|priority:0|startupRole:FOLLOWER, b2efe8a5-99bb-41e7-9296-f49000549216|rpc:10.1.1.36:39397|priority:1|startupRole:FOLLOWER, 556da25a-9bc8-419d-83a0-dc1d92c1e895|rpc:10.1.1.36:41941|priority:0|startupRole:FOLLOWER]|listeners:[], old=null, confs=<EMPTY_MAP>
2022-11-03 16:01:16,577 [pool-72-thread-1] INFO  server.RaftServerConfigKeys (ConfUtils.java:logGet(46)) - raft.server.storage.dir = [/home/runner/work/ozone/ozone/hadoop-ozone/integration-test/target/test-dir/MiniOzoneClusterImpl-84bf62e0-a170-4695-9dd9-8848938f690d/datanode-0/data/ratis] (custom)
2022-11-03 16:01:16,577 [pool-72-thread-1] INFO  server.RaftServerConfigKeys (ConfUtils.java:logGet(46)) - raft.server.log.corruption.policy = EXCEPTION (default)
2022-11-03 16:01:16,577 [pool-72-thread-1] INFO  server.RaftServerConfigKeys (ConfUtils.java:logGet(46)) - raft.server.storage.free-space.min = 0MB (=0) (default)
2022-11-03 16:01:16,577 [pool-72-thread-1] INFO  server.RaftServerConfigKeys (ConfUtils.java:logGet(46)) - raft.server.notification.no-leader.timeout = 300s (custom)
2022-11-03 16:01:16,577 [pool-72-thread-1] INFO  server.RaftServerConfigKeys (ConfUtils.java:logGet(46)) - raft.server.retrycache.expirytime = 600000ms (custom)
2022-11-03 16:01:16,577 [pool-72-thread-1] INFO  server.RaftServerConfigKeys (ConfUtils.java:logGet(46)) - raft.server.retrycache.statistics.expirytime = 100μs (default)
2022-11-03 16:01:16,579 [pool-72-thread-1] INFO  server.RaftServerConfigKeys (ConfUtils.java:logGet(46)) - raft.server.log.appender.install.snapshot.enabled = false (custom)
2022-11-03 16:01:16,580 [pool-72-thread-1] INFO  server.RaftServerConfigKeys (ConfUtils.java:logGet(46)) - raft.server.threadpool.server.cached = true (default)
2022-11-03 16:01:16,580 [pool-72-thread-1] INFO  server.RaftServerConfigKeys (ConfUtils.java:logGet(46)) - raft.server.threadpool.server.size = 0 (default)
2022-11-03 16:01:16,580 [pool-72-thread-1] INFO  server.RaftServerConfigKeys (ConfUtils.java:logGet(46)) - raft.server.threadpool.client.cached = true (default)
2022-11-03 16:01:16,580 [pool-72-thread-1] INFO  server.RaftServerConfigKeys (ConfUtils.java:logGet(46)) - raft.server.threadpool.client.size = 0 (default)
2022-11-03 16:01:16,580 [pool-72-thread-1] INFO  storage.RaftStorageDirectory (RaftStorageDirectoryImpl.java:analyzeStorage(137)) - The storage directory /home/runner/work/ozone/ozone/hadoop-ozone/integration-test/target/test-dir/MiniOzoneClusterImpl-84bf62e0-a170-4695-9dd9-8848938f690d/datanode-0/data/ratis/cb3f4a6d-2ef8-4f70-9309-16b0ccad8931 does not exist. Creating ...
2022-11-03 16:01:16,581 [pool-72-thread-1] INFO  storage.RaftStorageDirectory (RaftStorageDirectoryImpl.java:tryLock(231)) - Lock on /home/runner/work/ozone/ozone/hadoop-ozone/integration-test/target/test-dir/MiniOzoneClusterImpl-84bf62e0-a170-4695-9dd9-8848938f690d/datanode-0/data/ratis/cb3f4a6d-2ef8-4f70-9309-16b0ccad8931/in_use.lock acquired by nodename 14715@fv-az47-358
2022-11-03 16:01:16,582 [pool-72-thread-1] INFO  storage.RaftStorage (RaftStorageImpl.java:format(96)) - Storage directory /home/runner/work/ozone/ozone/hadoop-ozone/integration-test/target/test-dir/MiniOzoneClusterImpl-84bf62e0-a170-4695-9dd9-8848938f690d/datanode-0/data/ratis/cb3f4a6d-2ef8-4f70-9309-16b0ccad8931 has been successfully formatted.
2022-11-03 16:01:16,582 [pool-72-thread-1] INFO  ratis.ContainerStateMachine (ContainerStateMachine.java:loadSnapshot(236)) - group-16B0CCAD8931: The snapshot info is null. Setting the last applied indexto:(t:0, i:~)
2022-11-03 16:01:16,583 [pool-72-thread-1] INFO  server.RaftServerConfigKeys (ConfUtils.java:logGet(46)) - raft.server.log.use.memory = false (default)
2022-11-03 16:01:16,583 [pool-72-thread-1] INFO  server.RaftServerConfigKeys (ConfUtils.java:logGet(46)) - raft.server.log.purge.gap = 1000000 (custom)
2022-11-03 16:01:16,583 [pool-72-thread-1] INFO  server.RaftServerConfigKeys (ConfUtils.java:logGet(46)) - raft.server.log.appender.buffer.byte-limit = 33554432 (custom)
2022-11-03 16:01:16,583 [pool-72-thread-1] INFO  server.RaftServerConfigKeys (ConfUtils.java:logGet(46)) - raft.server.log.statemachine.data.read.timeout = 1000ms (default)
2022-11-03 16:01:16,583 [pool-72-thread-1] INFO  server.RaftServerConfigKeys (ConfUtils.java:logGet(46)) - raft.server.log.purge.preservation.log.num = 0 (default)
2022-11-03 16:01:16,583 [pool-72-thread-1] INFO  server.RaftServerConfigKeys (ConfUtils.java:logGet(46)) - raft.server.log.segment.size.max = 1048576 (custom)
2022-11-03 16:01:16,585 [EventQueue-OpenPipelineForHealthyPipelineSafeModeRule] INFO  safemode.SCMSafeModeManager (HealthyPipelineSafeModeRule.java:process(137)) - SCM in safe mode. Healthy pipelines reported count is 0, required healthy pipeline reported count is 1
2022-11-03 16:01:16,590 [pool-72-thread-1] INFO  server.RaftServerConfigKeys (ConfUtils.java:logGet(46)) - raft.server.log.segment.cache.num.max = 2 (custom)
2022-11-03 16:01:16,590 [pool-72-thread-1] INFO  server.RaftServerConfigKeys (ConfUtils.java:logGet(46)) - raft.server.log.segment.cache.size.max = 200MB (=209715200) (default)
2022-11-03 16:01:16,590 [pool-72-thread-1] INFO  segmented.SegmentedRaftLogWorker (SegmentedRaftLogWorker.java:<init>(191)) - new 8d7ec919-acd2-4b88-a99a-dd9f5739b33b@group-16B0CCAD8931-SegmentedRaftLogWorker for RaftStorageImpl:Storage Directory /home/runner/work/ozone/ozone/hadoop-ozone/integration-test/target/test-dir/MiniOzoneClusterImpl-84bf62e0-a170-4695-9dd9-8848938f690d/datanode-0/data/ratis/cb3f4a6d-2ef8-4f70-9309-16b0ccad8931
2022-11-03 16:01:16,590 [pool-72-thread-1] INFO  server.RaftServerConfigKeys (ConfUtils.java:logGet(46)) - raft.server.log.queue.byte-limit = 4294967296 (custom)
2022-11-03 16:01:16,590 [pool-72-thread-1] INFO  server.RaftServerConfigKeys (ConfUtils.java:logGet(46)) - raft.server.log.queue.element-limit = 1024 (custom)
2022-11-03 16:01:16,590 [pool-72-thread-1] INFO  server.RaftServerConfigKeys (ConfUtils.java:logGet(46)) - raft.server.log.segment.size.max = 1048576 (custom)
2022-11-03 16:01:16,590 [pool-72-thread-1] INFO  server.RaftServerConfigKeys (ConfUtils.java:logGet(46)) - raft.server.log.preallocated.size = 16384 (custom)
2022-11-03 16:01:16,590 [pool-72-thread-1] INFO  server.RaftServerConfigKeys (ConfUtils.java:logGet(46)) - raft.server.log.force.sync.num = 128 (default)
2022-11-03 16:01:16,590 [pool-72-thread-1] INFO  server.RaftServerConfigKeys (ConfUtils.java:logGet(46)) - raft.server.log.statemachine.data.sync = true (default)
2022-11-03 16:01:16,592 [pool-72-thread-1] INFO  server.RaftServerConfigKeys (ConfUtils.java:logGet(46)) - raft.server.log.statemachine.data.sync.timeout = 10s (default)
2022-11-03 16:01:16,592 [pool-72-thread-1] INFO  server.RaftServerConfigKeys (ConfUtils.java:logGet(46)) - raft.server.log.statemachine.data.sync.timeout.retry = -1 (default)
2022-11-03 16:01:16,594 [pool-72-thread-1] INFO  server.RaftServerConfigKeys (ConfUtils.java:logGet(46)) - raft.server.log.write.buffer.size = 1048576 (custom)
2022-11-03 16:01:16,595 [pool-72-thread-1] INFO  server.RaftServerConfigKeys (ConfUtils.java:logGet(46)) - raft.server.log.unsafe-flush.enabled = false (default)
2022-11-03 16:01:16,595 [pool-72-thread-1] INFO  server.RaftServerConfigKeys (ConfUtils.java:logGet(46)) - raft.server.log.async-flush.enabled = false (default)
2022-11-03 16:01:16,595 [pool-72-thread-1] INFO  server.RaftServerConfigKeys (ConfUtils.java:logGet(46)) - raft.server.log.statemachine.data.caching.enabled = true (custom)
2022-11-03 16:01:16,595 [pool-72-thread-1] INFO  segmented.SegmentedRaftLogWorker (SegmentedRaftLogWorker.java:lambda$new$0(136)) - 8d7ec919-acd2-4b88-a99a-dd9f5739b33b@group-16B0CCAD8931-SegmentedRaftLogWorker: flushIndex: setUnconditionally 0 -> -1
2022-11-03 16:01:16,595 [pool-72-thread-1] INFO  segmented.SegmentedRaftLogWorker (SegmentedRaftLogWorker.java:lambda$new$0(136)) - 8d7ec919-acd2-4b88-a99a-dd9f5739b33b@group-16B0CCAD8931-SegmentedRaftLogWorker: safeCacheEvictIndex: setUnconditionally 0 -> -1
2022-11-03 16:01:16,595 [pool-72-thread-1] INFO  server.RaftServer$Division (RaftServerImpl.java:start(334)) - 8d7ec919-acd2-4b88-a99a-dd9f5739b33b@group-16B0CCAD8931: start as a follower, conf=-1: peers:[8d7ec919-acd2-4b88-a99a-dd9f5739b33b|rpc:10.1.1.36:45267|priority:0|startupRole:FOLLOWER, b2efe8a5-99bb-41e7-9296-f49000549216|rpc:10.1.1.36:39397|priority:1|startupRole:FOLLOWER, 556da25a-9bc8-419d-83a0-dc1d92c1e895|rpc:10.1.1.36:41941|priority:0|startupRole:FOLLOWER]|listeners:[], old=null
2022-11-03 16:01:16,596 [pool-72-thread-1] INFO  server.RaftServer$Division (RaftServerImpl.java:setRole(321)) - 8d7ec919-acd2-4b88-a99a-dd9f5739b33b@group-16B0CCAD8931: changes role from      null to FOLLOWER at term 0 for startAsFollower
2022-11-03 16:01:16,596 [pool-72-thread-1] INFO  impl.RoleInfo (RoleInfo.java:updateAndGet(139)) - 8d7ec919-acd2-4b88-a99a-dd9f5739b33b: start 8d7ec919-acd2-4b88-a99a-dd9f5739b33b@group-16B0CCAD8931-FollowerState
2022-11-03 16:01:16,596 [pool-72-thread-1] INFO  util.JmxRegister (JmxRegister.java:tryRegister(44)) - Successfully registered JMX Bean with object name Ratis:service=RaftServer,group=group-16B0CCAD8931,id=8d7ec919-acd2-4b88-a99a-dd9f5739b33b
2022-11-03 16:01:16,596 [pool-72-thread-1] INFO  server.RaftServerConfigKeys (ConfUtils.java:logGet(46)) - raft.server.snapshot.auto.trigger.enabled = true (custom)
2022-11-03 16:01:16,596 [pool-72-thread-1] INFO  server.RaftServerConfigKeys (ConfUtils.java:logGet(46)) - raft.server.snapshot.auto.trigger.threshold = 10000 (custom)
2022-11-03 16:01:16,596 [pool-72-thread-1] INFO  server.RaftServerConfigKeys (ConfUtils.java:logGet(46)) - raft.server.snapshot.retention.file.num = 5 (custom)
2022-11-03 16:01:16,596 [pool-72-thread-1] INFO  server.RaftServerConfigKeys (ConfUtils.java:logGet(46)) - raft.server.log.purge.upto.snapshot.index = false (default)
2022-11-03 16:01:16,597 [8d7ec919-acd2-4b88-a99a-dd9f5739b33b@group-16B0CCAD8931-FollowerState] INFO  server.RaftServerConfigKeys (ConfUtils.java:logFallback(53)) - raft.server.rpc.first-election.timeout.min = 5s (fallback to raft.server.rpc.timeout.min)
2022-11-03 16:01:16,597 [8d7ec919-acd2-4b88-a99a-dd9f5739b33b@group-16B0CCAD8931-FollowerState] INFO  server.RaftServerConfigKeys (ConfUtils.java:logFallback(53)) - raft.server.rpc.first-election.timeout.max = 5200ms (fallback to raft.server.rpc.timeout.max)
2022-11-03 16:01:16,600 [Command processor thread] INFO  ratis.XceiverServerRatis (XceiverServerRatis.java:addGroup(765)) - Created group PipelineID=cb3f4a6d-2ef8-4f70-9309-16b0ccad8931
2022-11-03 16:01:16,863 [Listener at 127.0.0.1/45563] INFO  ozone.MiniOzoneClusterImpl (MiniOzoneClusterImpl.java:lambda$waitForClusterToBeReady$0(216)) - Waiting for nodes to be ready. Got 9 of 10 DN Heartbeats.
2022-11-03 16:01:16,863 [Listener at 127.0.0.1/45563] INFO  ozone.MiniOzoneClusterImpl (MiniOzoneClusterImpl.java:lambda$waitForClusterToBeReady$0(219)) - Waiting for cluster to exit safe mode
2022-11-03 16:01:16,863 [Listener at 127.0.0.1/45563] INFO  ozone.MiniOzoneClusterImpl (MiniOzoneClusterImpl.java:lambda$waitForClusterToBeReady$0(221)) - SCM became leader
2022-11-03 16:01:16,865 [IPC Server handler 3 on default port 35727] INFO  net.NetworkTopologyImpl (NetworkTopologyImpl.java:add(112)) - Added a new node: /default-rack/f9539b2c-40d6-4ae2-988d-1a0916bca307
2022-11-03 16:01:16,865 [IPC Server handler 3 on default port 35727] INFO  node.SCMNodeManager (SCMNodeManager.java:register(397)) - Registered Data node : f9539b2c-40d6-4ae2-988d-1a0916bca307{ip: 10.1.1.36, host: fv-az47-358.mma5zatft5wupo5mzspaixdheh.bx.internal.cloudapp.net, ports: [REPLICATION=45155, RATIS=36441, RATIS_ADMIN=36441, RATIS_SERVER=36441, STANDALONE=33539], networkLocation: /default-rack, certSerialId: null, persistedOpState: null, persistedOpStateExpiryEpochSec: 0}
2022-11-03 16:01:16,866 [EventQueue-NewNodeForNewNodeHandler] INFO  pipeline.BackgroundPipelineCreator (BackgroundPipelineCreator.java:notifyEventTriggered(276)) - trigger a one-shot run on RatisPipelineUtilsThread.
2022-11-03 16:01:16,866 [RatisPipelineUtilsThread - 0] INFO  pipeline.RatisPipelineProvider (RatisPipelineProvider.java:lambda$create$0(195)) - Sending CreatePipelineCommand for pipeline:PipelineID=fcc0c0c6-37c2-4fa6-aa72-82d5c711159a to datanode:f9539b2c-40d6-4ae2-988d-1a0916bca307
2022-11-03 16:01:16,867 [RatisPipelineUtilsThread - 0] INFO  pipeline.PipelineStateManagerImpl (PipelineStateManagerImpl.java:addPipeline(103)) - Created pipeline Pipeline[ Id: fcc0c0c6-37c2-4fa6-aa72-82d5c711159a, Nodes: f9539b2c-40d6-4ae2-988d-1a0916bca307{ip: 10.1.1.36, host: fv-az47-358.mma5zatft5wupo5mzspaixdheh.bx.internal.cloudapp.net, ports: [REPLICATION=45155, RATIS=36441, RATIS_ADMIN=36441, RATIS_SERVER=36441, STANDALONE=33539], networkLocation: /default-rack, certSerialId: null, persistedOpState: IN_SERVICE, persistedOpStateExpiryEpochSec: 0}, ReplicationConfig: RATIS/ONE, State:ALLOCATED, leaderId:, CreationTimestamp2022-11-03T16:01:16.866Z[Etc/UTC]].
2022-11-03 16:01:16,968 [Command processor thread] INFO  server.RaftServer (RaftServerProxy.java:addNew(96)) - 556da25a-9bc8-419d-83a0-dc1d92c1e895: addNew group-59B1A9201BDA:[556da25a-9bc8-419d-83a0-dc1d92c1e895|rpc:10.1.1.36:41941|priority:1|startupRole:FOLLOWER] returns group-59B1A9201BDA:java.util.concurrent.CompletableFuture@4f67f000[Not completed]
2022-11-03 16:01:16,970 [pool-95-thread-1] INFO  server.RaftServer$Division (RaftServerImpl.java:<init>(195)) - 556da25a-9bc8-419d-83a0-dc1d92c1e895: new RaftServerImpl for group-59B1A9201BDA:[556da25a-9bc8-419d-83a0-dc1d92c1e895|rpc:10.1.1.36:41941|priority:1|startupRole:FOLLOWER] with ContainerStateMachine:uninitialized
2022-11-03 16:01:16,972 [pool-95-thread-1] INFO  server.RaftServerConfigKeys (ConfUtils.java:logGet(46)) - raft.server.rpc.timeout.min = 5s (custom)
2022-11-03 16:01:16,973 [pool-95-thread-1] INFO  server.RaftServerConfigKeys (ConfUtils.java:logGet(46)) - raft.server.rpc.timeout.max = 5200ms (custom)
2022-11-03 16:01:16,973 [pool-95-thread-1] INFO  server.RaftServerConfigKeys (ConfUtils.java:logGet(46)) - raft.server.rpc.sleep.time = 25ms (default)
2022-11-03 16:01:16,973 [pool-95-thread-1] INFO  server.RaftServerConfigKeys (ConfUtils.java:logGet(46)) - raft.server.rpc.slowness.timeout = 300s (custom)
2022-11-03 16:01:16,973 [pool-95-thread-1] INFO  server.RaftServerConfigKeys (ConfUtils.java:logGet(46)) - raft.server.leaderelection.leader.step-down.wait-time = 10s (default)
2022-11-03 16:01:16,973 [pool-95-thread-1] INFO  server.RaftServerConfigKeys (ConfUtils.java:logGet(46)) - raft.server.sleep.deviation.threshold = 300ms (default)
2022-11-03 16:01:16,973 [pool-95-thread-1] INFO  server.RaftServer$Division (ServerState.java:<init>(118)) - 556da25a-9bc8-419d-83a0-dc1d92c1e895@group-59B1A9201BDA: ConfigurationManager, init=-1: peers:[556da25a-9bc8-419d-83a0-dc1d92c1e895|rpc:10.1.1.36:41941|priority:1|startupRole:FOLLOWER]|listeners:[], old=null, confs=<EMPTY_MAP>
2022-11-03 16:01:16,973 [pool-95-thread-1] INFO  server.RaftServerConfigKeys (ConfUtils.java:logGet(46)) - raft.server.storage.dir = [/home/runner/work/ozone/ozone/hadoop-ozone/integration-test/target/test-dir/MiniOzoneClusterImpl-84bf62e0-a170-4695-9dd9-8848938f690d/datanode-1/data/ratis] (custom)
2022-11-03 16:01:16,973 [pool-95-thread-1] INFO  server.RaftServerConfigKeys (ConfUtils.java:logGet(46)) - raft.server.log.corruption.policy = EXCEPTION (default)
2022-11-03 16:01:16,973 [pool-95-thread-1] INFO  server.RaftServerConfigKeys (ConfUtils.java:logGet(46)) - raft.server.storage.free-space.min = 0MB (=0) (default)
2022-11-03 16:01:16,974 [pool-95-thread-1] INFO  server.RaftServerConfigKeys (ConfUtils.java:logGet(46)) - raft.server.notification.no-leader.timeout = 300s (custom)
2022-11-03 16:01:16,974 [pool-95-thread-1] INFO  server.RaftServerConfigKeys (ConfUtils.java:logGet(46)) - raft.server.retrycache.expirytime = 600000ms (custom)
2022-11-03 16:01:16,974 [pool-95-thread-1] INFO  server.RaftServerConfigKeys (ConfUtils.java:logGet(46)) - raft.server.retrycache.statistics.expirytime = 100μs (default)
2022-11-03 16:01:16,985 [pool-95-thread-1] INFO  server.RaftServerConfigKeys (ConfUtils.java:logGet(46)) - raft.server.log.appender.install.snapshot.enabled = false (custom)
2022-11-03 16:01:16,985 [pool-95-thread-1] INFO  server.RaftServerConfigKeys (ConfUtils.java:logGet(46)) - raft.server.threadpool.server.cached = true (default)
2022-11-03 16:01:16,985 [pool-95-thread-1] INFO  server.RaftServerConfigKeys (ConfUtils.java:logGet(46)) - raft.server.threadpool.server.size = 0 (default)
2022-11-03 16:01:16,989 [pool-95-thread-1] INFO  server.RaftServerConfigKeys (ConfUtils.java:logGet(46)) - raft.server.threadpool.client.cached = true (default)
2022-11-03 16:01:16,990 [pool-95-thread-1] INFO  server.RaftServerConfigKeys (ConfUtils.java:logGet(46)) - raft.server.threadpool.client.size = 0 (default)
2022-11-03 16:01:16,990 [pool-95-thread-1] INFO  storage.RaftStorageDirectory (RaftStorageDirectoryImpl.java:analyzeStorage(137)) - The storage directory /home/runner/work/ozone/ozone/hadoop-ozone/integration-test/target/test-dir/MiniOzoneClusterImpl-84bf62e0-a170-4695-9dd9-8848938f690d/datanode-1/data/ratis/79b5d2ba-fb92-48c4-a867-59b1a9201bda does not exist. Creating ...
2022-11-03 16:01:16,991 [pool-95-thread-1] INFO  storage.RaftStorageDirectory (RaftStorageDirectoryImpl.java:tryLock(231)) - Lock on /home/runner/work/ozone/ozone/hadoop-ozone/integration-test/target/test-dir/MiniOzoneClusterImpl-84bf62e0-a170-4695-9dd9-8848938f690d/datanode-1/data/ratis/79b5d2ba-fb92-48c4-a867-59b1a9201bda/in_use.lock acquired by nodename 14715@fv-az47-358
2022-11-03 16:01:16,992 [pool-95-thread-1] INFO  storage.RaftStorage (RaftStorageImpl.java:format(96)) - Storage directory /home/runner/work/ozone/ozone/hadoop-ozone/integration-test/target/test-dir/MiniOzoneClusterImpl-84bf62e0-a170-4695-9dd9-8848938f690d/datanode-1/data/ratis/79b5d2ba-fb92-48c4-a867-59b1a9201bda has been successfully formatted.
2022-11-03 16:01:16,993 [pool-95-thread-1] INFO  ratis.ContainerStateMachine (ContainerStateMachine.java:loadSnapshot(236)) - group-59B1A9201BDA: The snapshot info is null. Setting the last applied indexto:(t:0, i:~)
2022-11-03 16:01:16,996 [EventQueue-PipelineReportForPipelineReportHandler] INFO  pipeline.PipelineManagerImpl (PipelineManagerImpl.java:openPipeline(367)) - Pipeline Pipeline[ Id: 79b5d2ba-fb92-48c4-a867-59b1a9201bda, Nodes: 556da25a-9bc8-419d-83a0-dc1d92c1e895{ip: 10.1.1.36, host: fv-az47-358.mma5zatft5wupo5mzspaixdheh.bx.internal.cloudapp.net, ports: [REPLICATION=36403, RATIS=41941, RATIS_ADMIN=41941, RATIS_SERVER=41941, STANDALONE=44967], networkLocation: /default-rack, certSerialId: null, persistedOpState: IN_SERVICE, persistedOpStateExpiryEpochSec: 0}, ReplicationConfig: RATIS/ONE, State:ALLOCATED, leaderId:556da25a-9bc8-419d-83a0-dc1d92c1e895, CreationTimestamp2022-11-03T16:01:13.971Z[Etc/UTC]] moved to OPEN state
2022-11-03 16:01:16,996 [pool-95-thread-1] INFO  server.RaftServerConfigKeys (ConfUtils.java:logGet(46)) - raft.server.log.use.memory = false (default)
2022-11-03 16:01:16,996 [pool-95-thread-1] INFO  server.RaftServerConfigKeys (ConfUtils.java:logGet(46)) - raft.server.log.purge.gap = 1000000 (custom)
2022-11-03 16:01:16,997 [EventQueue-OpenPipelineForHealthyPipelineSafeModeRule] INFO  safemode.SCMSafeModeManager (HealthyPipelineSafeModeRule.java:process(137)) - SCM in safe mode. Healthy pipelines reported count is 0, required healthy pipeline reported count is 1
2022-11-03 16:01:16,998 [pool-95-thread-1] INFO  server.RaftServerConfigKeys (ConfUtils.java:logGet(46)) - raft.server.log.appender.buffer.byte-limit = 33554432 (custom)
2022-11-03 16:01:16,998 [pool-95-thread-1] INFO  server.RaftServerConfigKeys (ConfUtils.java:logGet(46)) - raft.server.log.statemachine.data.read.timeout = 1000ms (default)
2022-11-03 16:01:16,998 [pool-95-thread-1] INFO  server.RaftServerConfigKeys (ConfUtils.java:logGet(46)) - raft.server.log.purge.preservation.log.num = 0 (default)
2022-11-03 16:01:16,998 [pool-95-thread-1] INFO  server.RaftServerConfigKeys (ConfUtils.java:logGet(46)) - raft.server.log.segment.size.max = 1048576 (custom)
2022-11-03 16:01:16,999 [pool-95-thread-1] INFO  server.RaftServerConfigKeys (ConfUtils.java:logGet(46)) - raft.server.log.segment.cache.num.max = 2 (custom)
2022-11-03 16:01:16,999 [pool-95-thread-1] INFO  server.RaftServerConfigKeys (ConfUtils.java:logGet(46)) - raft.server.log.segment.cache.size.max = 200MB (=209715200) (default)
2022-11-03 16:01:16,999 [pool-95-thread-1] INFO  segmented.SegmentedRaftLogWorker (SegmentedRaftLogWorker.java:<init>(191)) - new 556da25a-9bc8-419d-83a0-dc1d92c1e895@group-59B1A9201BDA-SegmentedRaftLogWorker for RaftStorageImpl:Storage Directory /home/runner/work/ozone/ozone/hadoop-ozone/integration-test/target/test-dir/MiniOzoneClusterImpl-84bf62e0-a170-4695-9dd9-8848938f690d/datanode-1/data/ratis/79b5d2ba-fb92-48c4-a867-59b1a9201bda
2022-11-03 16:01:16,999 [pool-95-thread-1] INFO  server.RaftServerConfigKeys (ConfUtils.java:logGet(46)) - raft.server.log.queue.byte-limit = 4294967296 (custom)
2022-11-03 16:01:16,999 [pool-95-thread-1] INFO  server.RaftServerConfigKeys (ConfUtils.java:logGet(46)) - raft.server.log.queue.element-limit = 1024 (custom)
2022-11-03 16:01:16,999 [pool-95-thread-1] INFO  server.RaftServerConfigKeys (ConfUtils.java:logGet(46)) - raft.server.log.segment.size.max = 1048576 (custom)
2022-11-03 16:01:16,999 [pool-95-thread-1] INFO  server.RaftServerConfigKeys (ConfUtils.java:logGet(46)) - raft.server.log.preallocated.size = 16384 (custom)
2022-11-03 16:01:16,999 [pool-95-thread-1] INFO  server.RaftServerConfigKeys (ConfUtils.java:logGet(46)) - raft.server.log.force.sync.num = 128 (default)
2022-11-03 16:01:16,999 [pool-95-thread-1] INFO  server.RaftServerConfigKeys (ConfUtils.java:logGet(46)) - raft.server.log.statemachine.data.sync = true (default)
2022-11-03 16:01:16,999 [pool-95-thread-1] INFO  server.RaftServerConfigKeys (ConfUtils.java:logGet(46)) - raft.server.log.statemachine.data.sync.timeout = 10s (default)
2022-11-03 16:01:16,999 [pool-95-thread-1] INFO  server.RaftServerConfigKeys (ConfUtils.java:logGet(46)) - raft.server.log.statemachine.data.sync.timeout.retry = -1 (default)
2022-11-03 16:01:17,002 [pool-95-thread-1] INFO  server.RaftServerConfigKeys (ConfUtils.java:logGet(46)) - raft.server.log.write.buffer.size = 1048576 (custom)
2022-11-03 16:01:17,005 [pool-95-thread-1] INFO  server.RaftServerConfigKeys (ConfUtils.java:logGet(46)) - raft.server.log.unsafe-flush.enabled = false (default)
2022-11-03 16:01:17,005 [pool-95-thread-1] INFO  server.RaftServerConfigKeys (ConfUtils.java:logGet(46)) - raft.server.log.async-flush.enabled = false (default)
2022-11-03 16:01:17,006 [pool-95-thread-1] INFO  server.RaftServerConfigKeys (ConfUtils.java:logGet(46)) - raft.server.log.statemachine.data.caching.enabled = true (custom)
2022-11-03 16:01:17,006 [pool-95-thread-1] INFO  segmented.SegmentedRaftLogWorker (SegmentedRaftLogWorker.java:lambda$new$0(136)) - 556da25a-9bc8-419d-83a0-dc1d92c1e895@group-59B1A9201BDA-SegmentedRaftLogWorker: flushIndex: setUnconditionally 0 -> -1
2022-11-03 16:01:17,006 [pool-95-thread-1] INFO  segmented.SegmentedRaftLogWorker (SegmentedRaftLogWorker.java:lambda$new$0(136)) - 556da25a-9bc8-419d-83a0-dc1d92c1e895@group-59B1A9201BDA-SegmentedRaftLogWorker: safeCacheEvictIndex: setUnconditionally 0 -> -1
2022-11-03 16:01:17,009 [pool-95-thread-1] INFO  server.RaftServer$Division (RaftServerImpl.java:start(334)) - 556da25a-9bc8-419d-83a0-dc1d92c1e895@group-59B1A9201BDA: start as a follower, conf=-1: peers:[556da25a-9bc8-419d-83a0-dc1d92c1e895|rpc:10.1.1.36:41941|priority:1|startupRole:FOLLOWER]|listeners:[], old=null
2022-11-03 16:01:17,011 [pool-95-thread-1] INFO  server.RaftServer$Division (RaftServerImpl.java:setRole(321)) - 556da25a-9bc8-419d-83a0-dc1d92c1e895@group-59B1A9201BDA: changes role from      null to FOLLOWER at term 0 for startAsFollower
2022-11-03 16:01:17,011 [pool-95-thread-1] INFO  impl.RoleInfo (RoleInfo.java:updateAndGet(139)) - 556da25a-9bc8-419d-83a0-dc1d92c1e895: start 556da25a-9bc8-419d-83a0-dc1d92c1e895@group-59B1A9201BDA-FollowerState
2022-11-03 16:01:17,030 [pool-95-thread-1] INFO  util.JmxRegister (JmxRegister.java:tryRegister(44)) - Successfully registered JMX Bean with object name Ratis:service=RaftServer,group=group-59B1A9201BDA,id=556da25a-9bc8-419d-83a0-dc1d92c1e895
2022-11-03 16:01:17,033 [pool-95-thread-1] INFO  server.RaftServerConfigKeys (ConfUtils.java:logGet(46)) - raft.server.snapshot.auto.trigger.enabled = true (custom)
2022-11-03 16:01:17,033 [556da25a-9bc8-419d-83a0-dc1d92c1e895@group-59B1A9201BDA-FollowerState] INFO  server.RaftServerConfigKeys (ConfUtils.java:logFallback(53)) - raft.server.rpc.first-election.timeout.min = 5s (fallback to raft.server.rpc.timeout.min)
2022-11-03 16:01:17,033 [pool-95-thread-1] INFO  server.RaftServerConfigKeys (ConfUtils.java:logGet(46)) - raft.server.snapshot.auto.trigger.threshold = 10000 (custom)
2022-11-03 16:01:17,033 [556da25a-9bc8-419d-83a0-dc1d92c1e895@group-59B1A9201BDA-FollowerState] INFO  server.RaftServerConfigKeys (ConfUtils.java:logFallback(53)) - raft.server.rpc.first-election.timeout.max = 5200ms (fallback to raft.server.rpc.timeout.max)
2022-11-03 16:01:17,033 [pool-95-thread-1] INFO  server.RaftServerConfigKeys (ConfUtils.java:logGet(46)) - raft.server.snapshot.retention.file.num = 5 (custom)
2022-11-03 16:01:17,033 [pool-95-thread-1] INFO  server.RaftServerConfigKeys (ConfUtils.java:logGet(46)) - raft.server.log.purge.upto.snapshot.index = false (default)
2022-11-03 16:01:17,037 [Command processor thread] INFO  ratis.XceiverServerRatis (XceiverServerRatis.java:addGroup(765)) - Created group PipelineID=79b5d2ba-fb92-48c4-a867-59b1a9201bda
2022-11-03 16:01:17,038 [Command processor thread] INFO  commandhandler.CreatePipelineCommandHandler (CreatePipelineCommandHandler.java:handle(113)) - Created Pipeline RATIS ONE PipelineID=79b5d2ba-fb92-48c4-a867-59b1a9201bda.
2022-11-03 16:01:17,041 [Command processor thread] INFO  server.RaftServer (RaftServerProxy.java:addNew(96)) - 556da25a-9bc8-419d-83a0-dc1d92c1e895: addNew group-16B0CCAD8931:[8d7ec919-acd2-4b88-a99a-dd9f5739b33b|rpc:10.1.1.36:45267|priority:0|startupRole:FOLLOWER, b2efe8a5-99bb-41e7-9296-f49000549216|rpc:10.1.1.36:39397|priority:1|startupRole:FOLLOWER, 556da25a-9bc8-419d-83a0-dc1d92c1e895|rpc:10.1.1.36:41941|priority:0|startupRole:FOLLOWER] returns group-16B0CCAD8931:java.util.concurrent.CompletableFuture@4b586d34[Not completed]
2022-11-03 16:01:17,042 [pool-95-thread-1] INFO  server.RaftServer$Division (RaftServerImpl.java:<init>(195)) - 556da25a-9bc8-419d-83a0-dc1d92c1e895: new RaftServerImpl for group-16B0CCAD8931:[8d7ec919-acd2-4b88-a99a-dd9f5739b33b|rpc:10.1.1.36:45267|priority:0|startupRole:FOLLOWER, b2efe8a5-99bb-41e7-9296-f49000549216|rpc:10.1.1.36:39397|priority:1|startupRole:FOLLOWER, 556da25a-9bc8-419d-83a0-dc1d92c1e895|rpc:10.1.1.36:41941|priority:0|startupRole:FOLLOWER] with ContainerStateMachine:uninitialized
2022-11-03 16:01:17,042 [pool-95-thread-1] INFO  server.RaftServerConfigKeys (ConfUtils.java:logGet(46)) - raft.server.rpc.timeout.min = 5s (custom)
2022-11-03 16:01:17,042 [pool-95-thread-1] INFO  server.RaftServerConfigKeys (ConfUtils.java:logGet(46)) - raft.server.rpc.timeout.max = 5200ms (custom)
2022-11-03 16:01:17,042 [pool-95-thread-1] INFO  server.RaftServerConfigKeys (ConfUtils.java:logGet(46)) - raft.server.rpc.sleep.time = 25ms (default)
2022-11-03 16:01:17,042 [pool-95-thread-1] INFO  server.RaftServerConfigKeys (ConfUtils.java:logGet(46)) - raft.server.rpc.slowness.timeout = 300s (custom)
2022-11-03 16:01:17,042 [pool-95-thread-1] INFO  server.RaftServerConfigKeys (ConfUtils.java:logGet(46)) - raft.server.leaderelection.leader.step-down.wait-time = 10s (default)
2022-11-03 16:01:17,043 [pool-95-thread-1] INFO  server.RaftServerConfigKeys (ConfUtils.java:logGet(46)) - raft.server.sleep.deviation.threshold = 300ms (default)
2022-11-03 16:01:17,043 [pool-95-thread-1] INFO  server.RaftServer$Division (ServerState.java:<init>(118)) - 556da25a-9bc8-419d-83a0-dc1d92c1e895@group-16B0CCAD8931: ConfigurationManager, init=-1: peers:[8d7ec919-acd2-4b88-a99a-dd9f5739b33b|rpc:10.1.1.36:45267|priority:0|startupRole:FOLLOWER, b2efe8a5-99bb-41e7-9296-f49000549216|rpc:10.1.1.36:39397|priority:1|startupRole:FOLLOWER, 556da25a-9bc8-419d-83a0-dc1d92c1e895|rpc:10.1.1.36:41941|priority:0|startupRole:FOLLOWER]|listeners:[], old=null, confs=<EMPTY_MAP>
2022-11-03 16:01:17,043 [pool-95-thread-1] INFO  server.RaftServerConfigKeys (ConfUtils.java:logGet(46)) - raft.server.storage.dir = [/home/runner/work/ozone/ozone/hadoop-ozone/integration-test/target/test-dir/MiniOzoneClusterImpl-84bf62e0-a170-4695-9dd9-8848938f690d/datanode-1/data/ratis] (custom)
2022-11-03 16:01:17,043 [pool-95-thread-1] INFO  server.RaftServerConfigKeys (ConfUtils.java:logGet(46)) - raft.server.log.corruption.policy = EXCEPTION (default)
2022-11-03 16:01:17,043 [pool-95-thread-1] INFO  server.RaftServerConfigKeys (ConfUtils.java:logGet(46)) - raft.server.storage.free-space.min = 0MB (=0) (default)
2022-11-03 16:01:17,043 [pool-95-thread-1] INFO  server.RaftServerConfigKeys (ConfUtils.java:logGet(46)) - raft.server.notification.no-leader.timeout = 300s (custom)
2022-11-03 16:01:17,043 [pool-95-thread-1] INFO  server.RaftServerConfigKeys (ConfUtils.java:logGet(46)) - raft.server.retrycache.expirytime = 600000ms (custom)
2022-11-03 16:01:17,043 [pool-95-thread-1] INFO  server.RaftServerConfigKeys (ConfUtils.java:logGet(46)) - raft.server.retrycache.statistics.expirytime = 100μs (default)
2022-11-03 16:01:17,045 [pool-95-thread-1] INFO  server.RaftServerConfigKeys (ConfUtils.java:logGet(46)) - raft.server.log.appender.install.snapshot.enabled = false (custom)
2022-11-03 16:01:17,045 [pool-95-thread-1] INFO  server.RaftServerConfigKeys (ConfUtils.java:logGet(46)) - raft.server.threadpool.server.cached = true (default)
2022-11-03 16:01:17,045 [pool-95-thread-1] INFO  server.RaftServerConfigKeys (ConfUtils.java:logGet(46)) - raft.server.threadpool.server.size = 0 (default)
2022-11-03 16:01:17,045 [pool-95-thread-1] INFO  server.RaftServerConfigKeys (ConfUtils.java:logGet(46)) - raft.server.threadpool.client.cached = true (default)
2022-11-03 16:01:17,045 [pool-95-thread-1] INFO  server.RaftServerConfigKeys (ConfUtils.java:logGet(46)) - raft.server.threadpool.client.size = 0 (default)
2022-11-03 16:01:17,045 [pool-95-thread-1] INFO  storage.RaftStorageDirectory (RaftStorageDirectoryImpl.java:analyzeStorage(137)) - The storage directory /home/runner/work/ozone/ozone/hadoop-ozone/integration-test/target/test-dir/MiniOzoneClusterImpl-84bf62e0-a170-4695-9dd9-8848938f690d/datanode-1/data/ratis/cb3f4a6d-2ef8-4f70-9309-16b0ccad8931 does not exist. Creating ...
2022-11-03 16:01:17,047 [pool-95-thread-1] INFO  storage.RaftStorageDirectory (RaftStorageDirectoryImpl.java:tryLock(231)) - Lock on /home/runner/work/ozone/ozone/hadoop-ozone/integration-test/target/test-dir/MiniOzoneClusterImpl-84bf62e0-a170-4695-9dd9-8848938f690d/datanode-1/data/ratis/cb3f4a6d-2ef8-4f70-9309-16b0ccad8931/in_use.lock acquired by nodename 14715@fv-az47-358
2022-11-03 16:01:17,049 [pool-95-thread-1] INFO  storage.RaftStorage (RaftStorageImpl.java:format(96)) - Storage directory /home/runner/work/ozone/ozone/hadoop-ozone/integration-test/target/test-dir/MiniOzoneClusterImpl-84bf62e0-a170-4695-9dd9-8848938f690d/datanode-1/data/ratis/cb3f4a6d-2ef8-4f70-9309-16b0ccad8931 has been successfully formatted.
2022-11-03 16:01:17,049 [pool-95-thread-1] INFO  ratis.ContainerStateMachine (ContainerStateMachine.java:loadSnapshot(236)) - group-16B0CCAD8931: The snapshot info is null. Setting the last applied indexto:(t:0, i:~)
2022-11-03 16:01:17,050 [pool-95-thread-1] INFO  server.RaftServerConfigKeys (ConfUtils.java:logGet(46)) - raft.server.log.use.memory = false (default)
2022-11-03 16:01:17,050 [pool-95-thread-1] INFO  server.RaftServerConfigKeys (ConfUtils.java:logGet(46)) - raft.server.log.purge.gap = 1000000 (custom)
2022-11-03 16:01:17,050 [pool-95-thread-1] INFO  server.RaftServerConfigKeys (ConfUtils.java:logGet(46)) - raft.server.log.appender.buffer.byte-limit = 33554432 (custom)
2022-11-03 16:01:17,050 [pool-95-thread-1] INFO  server.RaftServerConfigKeys (ConfUtils.java:logGet(46)) - raft.server.log.statemachine.data.read.timeout = 1000ms (default)
2022-11-03 16:01:17,050 [pool-95-thread-1] INFO  server.RaftServerConfigKeys (ConfUtils.java:logGet(46)) - raft.server.log.purge.preservation.log.num = 0 (default)
2022-11-03 16:01:17,050 [pool-95-thread-1] INFO  server.RaftServerConfigKeys (ConfUtils.java:logGet(46)) - raft.server.log.segment.size.max = 1048576 (custom)
2022-11-03 16:01:17,051 [pool-95-thread-1] INFO  server.RaftServerConfigKeys (ConfUtils.java:logGet(46)) - raft.server.log.segment.cache.num.max = 2 (custom)
2022-11-03 16:01:17,051 [pool-95-thread-1] INFO  server.RaftServerConfigKeys (ConfUtils.java:logGet(46)) - raft.server.log.segment.cache.size.max = 200MB (=209715200) (default)
2022-11-03 16:01:17,051 [pool-95-thread-1] INFO  segmented.SegmentedRaftLogWorker (SegmentedRaftLogWorker.java:<init>(191)) - new 556da25a-9bc8-419d-83a0-dc1d92c1e895@group-16B0CCAD8931-SegmentedRaftLogWorker for RaftStorageImpl:Storage Directory /home/runner/work/ozone/ozone/hadoop-ozone/integration-test/target/test-dir/MiniOzoneClusterImpl-84bf62e0-a170-4695-9dd9-8848938f690d/datanode-1/data/ratis/cb3f4a6d-2ef8-4f70-9309-16b0ccad8931
2022-11-03 16:01:17,051 [pool-95-thread-1] INFO  server.RaftServerConfigKeys (ConfUtils.java:logGet(46)) - raft.server.log.queue.byte-limit = 4294967296 (custom)
2022-11-03 16:01:17,051 [pool-95-thread-1] INFO  server.RaftServerConfigKeys (ConfUtils.java:logGet(46)) - raft.server.log.queue.element-limit = 1024 (custom)
2022-11-03 16:01:17,051 [pool-95-thread-1] INFO  server.RaftServerConfigKeys (ConfUtils.java:logGet(46)) - raft.server.log.segment.size.max = 1048576 (custom)
2022-11-03 16:01:17,051 [pool-95-thread-1] INFO  server.RaftServerConfigKeys (ConfUtils.java:logGet(46)) - raft.server.log.preallocated.size = 16384 (custom)
2022-11-03 16:01:17,051 [pool-95-thread-1] INFO  server.RaftServerConfigKeys (ConfUtils.java:logGet(46)) - raft.server.log.force.sync.num = 128 (default)
2022-11-03 16:01:17,051 [pool-95-thread-1] INFO  server.RaftServerConfigKeys (ConfUtils.java:logGet(46)) - raft.server.log.statemachine.data.sync = true (default)
2022-11-03 16:01:17,051 [pool-95-thread-1] INFO  server.RaftServerConfigKeys (ConfUtils.java:logGet(46)) - raft.server.log.statemachine.data.sync.timeout = 10s (default)
2022-11-03 16:01:17,051 [pool-95-thread-1] INFO  server.RaftServerConfigKeys (ConfUtils.java:logGet(46)) - raft.server.log.statemachine.data.sync.timeout.retry = -1 (default)
2022-11-03 16:01:17,054 [EventQueue-OpenPipelineForHealthyPipelineSafeModeRule] INFO  safemode.SCMSafeModeManager (HealthyPipelineSafeModeRule.java:process(137)) - SCM in safe mode. Healthy pipelines reported count is 0, required healthy pipeline reported count is 1
2022-11-03 16:01:17,057 [pool-95-thread-1] INFO  server.RaftServerConfigKeys (ConfUtils.java:logGet(46)) - raft.server.log.write.buffer.size = 1048576 (custom)
2022-11-03 16:01:17,060 [pool-95-thread-1] INFO  server.RaftServerConfigKeys (ConfUtils.java:logGet(46)) - raft.server.log.unsafe-flush.enabled = false (default)
2022-11-03 16:01:17,060 [pool-95-thread-1] INFO  server.RaftServerConfigKeys (ConfUtils.java:logGet(46)) - raft.server.log.async-flush.enabled = false (default)
2022-11-03 16:01:17,060 [pool-95-thread-1] INFO  server.RaftServerConfigKeys (ConfUtils.java:logGet(46)) - raft.server.log.statemachine.data.caching.enabled = true (custom)
2022-11-03 16:01:17,063 [pool-95-thread-1] INFO  segmented.SegmentedRaftLogWorker (SegmentedRaftLogWorker.java:lambda$new$0(136)) - 556da25a-9bc8-419d-83a0-dc1d92c1e895@group-16B0CCAD8931-SegmentedRaftLogWorker: flushIndex: setUnconditionally 0 -> -1
2022-11-03 16:01:17,063 [pool-95-thread-1] INFO  segmented.SegmentedRaftLogWorker (SegmentedRaftLogWorker.java:lambda$new$0(136)) - 556da25a-9bc8-419d-83a0-dc1d92c1e895@group-16B0CCAD8931-SegmentedRaftLogWorker: safeCacheEvictIndex: setUnconditionally 0 -> -1
2022-11-03 16:01:17,069 [pool-95-thread-1] INFO  server.RaftServer$Division (RaftServerImpl.java:start(334)) - 556da25a-9bc8-419d-83a0-dc1d92c1e895@group-16B0CCAD8931: start as a follower, conf=-1: peers:[8d7ec919-acd2-4b88-a99a-dd9f5739b33b|rpc:10.1.1.36:45267|priority:0|startupRole:FOLLOWER, b2efe8a5-99bb-41e7-9296-f49000549216|rpc:10.1.1.36:39397|priority:1|startupRole:FOLLOWER, 556da25a-9bc8-419d-83a0-dc1d92c1e895|rpc:10.1.1.36:41941|priority:0|startupRole:FOLLOWER]|listeners:[], old=null
2022-11-03 16:01:17,069 [pool-95-thread-1] INFO  server.RaftServer$Division (RaftServerImpl.java:setRole(321)) - 556da25a-9bc8-419d-83a0-dc1d92c1e895@group-16B0CCAD8931: changes role from      null to FOLLOWER at term 0 for startAsFollower
2022-11-03 16:01:17,069 [pool-95-thread-1] INFO  impl.RoleInfo (RoleInfo.java:updateAndGet(139)) - 556da25a-9bc8-419d-83a0-dc1d92c1e895: start 556da25a-9bc8-419d-83a0-dc1d92c1e895@group-16B0CCAD8931-FollowerState
2022-11-03 16:01:17,069 [pool-95-thread-1] INFO  util.JmxRegister (JmxRegister.java:tryRegister(44)) - Successfully registered JMX Bean with object name Ratis:service=RaftServer,group=group-16B0CCAD8931,id=556da25a-9bc8-419d-83a0-dc1d92c1e895
2022-11-03 16:01:17,069 [pool-95-thread-1] INFO  server.RaftServerConfigKeys (ConfUtils.java:logGet(46)) - raft.server.snapshot.auto.trigger.enabled = true (custom)
2022-11-03 16:01:17,069 [pool-95-thread-1] INFO  server.RaftServerConfigKeys (ConfUtils.java:logGet(46)) - raft.server.snapshot.auto.trigger.threshold = 10000 (custom)
2022-11-03 16:01:17,069 [pool-95-thread-1] INFO  server.RaftServerConfigKeys (ConfUtils.java:logGet(46)) - raft.server.snapshot.retention.file.num = 5 (custom)
2022-11-03 16:01:17,069 [pool-95-thread-1] INFO  server.RaftServerConfigKeys (ConfUtils.java:logGet(46)) - raft.server.log.purge.upto.snapshot.index = false (default)
2022-11-03 16:01:17,070 [556da25a-9bc8-419d-83a0-dc1d92c1e895@group-16B0CCAD8931-FollowerState] INFO  server.RaftServerConfigKeys (ConfUtils.java:logFallback(53)) - raft.server.rpc.first-election.timeout.min = 5s (fallback to raft.server.rpc.timeout.min)
2022-11-03 16:01:17,070 [556da25a-9bc8-419d-83a0-dc1d92c1e895@group-16B0CCAD8931-FollowerState] INFO  server.RaftServerConfigKeys (ConfUtils.java:logFallback(53)) - raft.server.rpc.first-election.timeout.max = 5200ms (fallback to raft.server.rpc.timeout.max)
2022-11-03 16:01:17,070 [Command processor thread] INFO  ratis.XceiverServerRatis (XceiverServerRatis.java:addGroup(765)) - Created group PipelineID=cb3f4a6d-2ef8-4f70-9309-16b0ccad8931
2022-11-03 16:01:17,186 [grpc-default-executor-1] INFO  server.RaftServer (RaftServerProxy.java:addNew(96)) - b2efe8a5-99bb-41e7-9296-f49000549216: addNew group-16B0CCAD8931:[8d7ec919-acd2-4b88-a99a-dd9f5739b33b|rpc:10.1.1.36:45267|dataStream:|priority:0|startupRole:FOLLOWER, b2efe8a5-99bb-41e7-9296-f49000549216|rpc:10.1.1.36:39397|dataStream:|priority:1|startupRole:FOLLOWER, 556da25a-9bc8-419d-83a0-dc1d92c1e895|rpc:10.1.1.36:41941|dataStream:|priority:0|startupRole:FOLLOWER] returns group-16B0CCAD8931:java.util.concurrent.CompletableFuture@2de130d0[Not completed]
2022-11-03 16:01:17,187 [pool-118-thread-1] INFO  server.RaftServer$Division (RaftServerImpl.java:<init>(195)) - b2efe8a5-99bb-41e7-9296-f49000549216: new RaftServerImpl for group-16B0CCAD8931:[8d7ec919-acd2-4b88-a99a-dd9f5739b33b|rpc:10.1.1.36:45267|dataStream:|priority:0|startupRole:FOLLOWER, b2efe8a5-99bb-41e7-9296-f49000549216|rpc:10.1.1.36:39397|dataStream:|priority:1|startupRole:FOLLOWER, 556da25a-9bc8-419d-83a0-dc1d92c1e895|rpc:10.1.1.36:41941|dataStream:|priority:0|startupRole:FOLLOWER] with ContainerStateMachine:uninitialized
2022-11-03 16:01:17,188 [pool-118-thread-1] INFO  server.RaftServerConfigKeys (ConfUtils.java:logGet(46)) - raft.server.rpc.timeout.min = 5s (custom)
2022-11-03 16:01:17,188 [pool-118-thread-1] INFO  server.RaftServerConfigKeys (ConfUtils.java:logGet(46)) - raft.server.rpc.timeout.max = 5200ms (custom)
2022-11-03 16:01:17,188 [pool-118-thread-1] INFO  server.RaftServerConfigKeys (ConfUtils.java:logGet(46)) - raft.server.rpc.sleep.time = 25ms (default)
2022-11-03 16:01:17,188 [pool-118-thread-1] INFO  server.RaftServerConfigKeys (ConfUtils.java:logGet(46)) - raft.server.rpc.slowness.timeout = 300s (custom)
2022-11-03 16:01:17,188 [pool-118-thread-1] INFO  server.RaftServerConfigKeys (ConfUtils.java:logGet(46)) - raft.server.leaderelection.leader.step-down.wait-time = 10s (default)
2022-11-03 16:01:17,188 [pool-118-thread-1] INFO  server.RaftServerConfigKeys (ConfUtils.java:logGet(46)) - raft.server.sleep.deviation.threshold = 300ms (default)
2022-11-03 16:01:17,188 [pool-118-thread-1] INFO  server.RaftServer$Division (ServerState.java:<init>(118)) - b2efe8a5-99bb-41e7-9296-f49000549216@group-16B0CCAD8931: ConfigurationManager, init=-1: peers:[8d7ec919-acd2-4b88-a99a-dd9f5739b33b|rpc:10.1.1.36:45267|dataStream:|priority:0|startupRole:FOLLOWER, b2efe8a5-99bb-41e7-9296-f49000549216|rpc:10.1.1.36:39397|dataStream:|priority:1|startupRole:FOLLOWER, 556da25a-9bc8-419d-83a0-dc1d92c1e895|rpc:10.1.1.36:41941|dataStream:|priority:0|startupRole:FOLLOWER]|listeners:[], old=null, confs=<EMPTY_MAP>
2022-11-03 16:01:17,188 [pool-118-thread-1] INFO  server.RaftServerConfigKeys (ConfUtils.java:logGet(46)) - raft.server.storage.dir = [/home/runner/work/ozone/ozone/hadoop-ozone/integration-test/target/test-dir/MiniOzoneClusterImpl-84bf62e0-a170-4695-9dd9-8848938f690d/datanode-2/data/ratis] (custom)
2022-11-03 16:01:17,188 [pool-118-thread-1] INFO  server.RaftServerConfigKeys (ConfUtils.java:logGet(46)) - raft.server.log.corruption.policy = EXCEPTION (default)
2022-11-03 16:01:17,188 [pool-118-thread-1] INFO  server.RaftServerConfigKeys (ConfUtils.java:logGet(46)) - raft.server.storage.free-space.min = 0MB (=0) (default)
2022-11-03 16:01:17,189 [pool-118-thread-1] INFO  server.RaftServerConfigKeys (ConfUtils.java:logGet(46)) - raft.server.notification.no-leader.timeout = 300s (custom)
2022-11-03 16:01:17,189 [pool-118-thread-1] INFO  server.RaftServerConfigKeys (ConfUtils.java:logGet(46)) - raft.server.retrycache.expirytime = 600000ms (custom)
2022-11-03 16:01:17,189 [pool-118-thread-1] INFO  server.RaftServerConfigKeys (ConfUtils.java:logGet(46)) - raft.server.retrycache.statistics.expirytime = 100μs (default)
2022-11-03 16:01:17,197 [pool-118-thread-1] INFO  server.RaftServerConfigKeys (ConfUtils.java:logGet(46)) - raft.server.log.appender.install.snapshot.enabled = false (custom)
2022-11-03 16:01:17,197 [pool-118-thread-1] INFO  server.RaftServerConfigKeys (ConfUtils.java:logGet(46)) - raft.server.threadpool.server.cached = true (default)
2022-11-03 16:01:17,197 [pool-118-thread-1] INFO  server.RaftServerConfigKeys (ConfUtils.java:logGet(46)) - raft.server.threadpool.server.size = 0 (default)
2022-11-03 16:01:17,197 [pool-118-thread-1] INFO  server.RaftServerConfigKeys (ConfUtils.java:logGet(46)) - raft.server.threadpool.client.cached = true (default)
2022-11-03 16:01:17,197 [pool-118-thread-1] INFO  server.RaftServerConfigKeys (ConfUtils.java:logGet(46)) - raft.server.threadpool.client.size = 0 (default)
2022-11-03 16:01:17,197 [pool-118-thread-1] INFO  storage.RaftStorageDirectory (RaftStorageDirectoryImpl.java:analyzeStorage(137)) - The storage directory /home/runner/work/ozone/ozone/hadoop-ozone/integration-test/target/test-dir/MiniOzoneClusterImpl-84bf62e0-a170-4695-9dd9-8848938f690d/datanode-2/data/ratis/cb3f4a6d-2ef8-4f70-9309-16b0ccad8931 does not exist. Creating ...
2022-11-03 16:01:17,198 [pool-118-thread-1] INFO  storage.RaftStorageDirectory (RaftStorageDirectoryImpl.java:tryLock(231)) - Lock on /home/runner/work/ozone/ozone/hadoop-ozone/integration-test/target/test-dir/MiniOzoneClusterImpl-84bf62e0-a170-4695-9dd9-8848938f690d/datanode-2/data/ratis/cb3f4a6d-2ef8-4f70-9309-16b0ccad8931/in_use.lock acquired by nodename 14715@fv-az47-358
2022-11-03 16:01:17,200 [pool-118-thread-1] INFO  storage.RaftStorage (RaftStorageImpl.java:format(96)) - Storage directory /home/runner/work/ozone/ozone/hadoop-ozone/integration-test/target/test-dir/MiniOzoneClusterImpl-84bf62e0-a170-4695-9dd9-8848938f690d/datanode-2/data/ratis/cb3f4a6d-2ef8-4f70-9309-16b0ccad8931 has been successfully formatted.
2022-11-03 16:01:17,200 [pool-118-thread-1] INFO  ratis.ContainerStateMachine (ContainerStateMachine.java:loadSnapshot(236)) - group-16B0CCAD8931: The snapshot info is null. Setting the last applied indexto:(t:0, i:~)
2022-11-03 16:01:17,200 [pool-118-thread-1] INFO  server.RaftServerConfigKeys (ConfUtils.java:logGet(46)) - raft.server.log.use.memory = false (default)
2022-11-03 16:01:17,202 [pool-118-thread-1] INFO  server.RaftServerConfigKeys (ConfUtils.java:logGet(46)) - raft.server.log.purge.gap = 1000000 (custom)
2022-11-03 16:01:17,202 [pool-118-thread-1] INFO  server.RaftServerConfigKeys (ConfUtils.java:logGet(46)) - raft.server.log.appender.buffer.byte-limit = 33554432 (custom)
2022-11-03 16:01:17,203 [pool-118-thread-1] INFO  server.RaftServerConfigKeys (ConfUtils.java:logGet(46)) - raft.server.log.statemachine.data.read.timeout = 1000ms (default)
2022-11-03 16:01:17,203 [pool-118-thread-1] INFO  server.RaftServerConfigKeys (ConfUtils.java:logGet(46)) - raft.server.log.purge.preservation.log.num = 0 (default)
2022-11-03 16:01:17,203 [pool-118-thread-1] INFO  server.RaftServerConfigKeys (ConfUtils.java:logGet(46)) - raft.server.log.segment.size.max = 1048576 (custom)
2022-11-03 16:01:17,204 [pool-118-thread-1] INFO  server.RaftServerConfigKeys (ConfUtils.java:logGet(46)) - raft.server.log.segment.cache.num.max = 2 (custom)
2022-11-03 16:01:17,205 [pool-118-thread-1] INFO  server.RaftServerConfigKeys (ConfUtils.java:logGet(46)) - raft.server.log.segment.cache.size.max = 200MB (=209715200) (default)
2022-11-03 16:01:17,205 [pool-118-thread-1] INFO  segmented.SegmentedRaftLogWorker (SegmentedRaftLogWorker.java:<init>(191)) - new b2efe8a5-99bb-41e7-9296-f49000549216@group-16B0CCAD8931-SegmentedRaftLogWorker for RaftStorageImpl:Storage Directory /home/runner/work/ozone/ozone/hadoop-ozone/integration-test/target/test-dir/MiniOzoneClusterImpl-84bf62e0-a170-4695-9dd9-8848938f690d/datanode-2/data/ratis/cb3f4a6d-2ef8-4f70-9309-16b0ccad8931
2022-11-03 16:01:17,205 [pool-118-thread-1] INFO  server.RaftServerConfigKeys (ConfUtils.java:logGet(46)) - raft.server.log.queue.byte-limit = 4294967296 (custom)
2022-11-03 16:01:17,205 [pool-118-thread-1] INFO  server.RaftServerConfigKeys (ConfUtils.java:logGet(46)) - raft.server.log.queue.element-limit = 1024 (custom)
2022-11-03 16:01:17,205 [pool-118-thread-1] INFO  server.RaftServerConfigKeys (ConfUtils.java:logGet(46)) - raft.server.log.segment.size.max = 1048576 (custom)
2022-11-03 16:01:17,205 [pool-118-thread-1] INFO  server.RaftServerConfigKeys (ConfUtils.java:logGet(46)) - raft.server.log.preallocated.size = 16384 (custom)
2022-11-03 16:01:17,205 [pool-118-thread-1] INFO  server.RaftServerConfigKeys (ConfUtils.java:logGet(46)) - raft.server.log.force.sync.num = 128 (default)
2022-11-03 16:01:17,205 [pool-118-thread-1] INFO  server.RaftServerConfigKeys (ConfUtils.java:logGet(46)) - raft.server.log.statemachine.data.sync = true (default)
2022-11-03 16:01:17,205 [pool-118-thread-1] INFO  server.RaftServerConfigKeys (ConfUtils.java:logGet(46)) - raft.server.log.statemachine.data.sync.timeout = 10s (default)
2022-11-03 16:01:17,205 [pool-118-thread-1] INFO  server.RaftServerConfigKeys (ConfUtils.java:logGet(46)) - raft.server.log.statemachine.data.sync.timeout.retry = -1 (default)
2022-11-03 16:01:17,213 [pool-118-thread-1] INFO  server.RaftServerConfigKeys (ConfUtils.java:logGet(46)) - raft.server.log.write.buffer.size = 1048576 (custom)
2022-11-03 16:01:17,213 [pool-118-thread-1] INFO  server.RaftServerConfigKeys (ConfUtils.java:logGet(46)) - raft.server.log.unsafe-flush.enabled = false (default)
2022-11-03 16:01:17,213 [pool-118-thread-1] INFO  server.RaftServerConfigKeys (ConfUtils.java:logGet(46)) - raft.server.log.async-flush.enabled = false (default)
2022-11-03 16:01:17,213 [pool-118-thread-1] INFO  server.RaftServerConfigKeys (ConfUtils.java:logGet(46)) - raft.server.log.statemachine.data.caching.enabled = true (custom)
2022-11-03 16:01:17,214 [pool-118-thread-1] INFO  segmented.SegmentedRaftLogWorker (SegmentedRaftLogWorker.java:lambda$new$0(136)) - b2efe8a5-99bb-41e7-9296-f49000549216@group-16B0CCAD8931-SegmentedRaftLogWorker: flushIndex: setUnconditionally 0 -> -1
2022-11-03 16:01:17,215 [pool-118-thread-1] INFO  segmented.SegmentedRaftLogWorker (SegmentedRaftLogWorker.java:lambda$new$0(136)) - b2efe8a5-99bb-41e7-9296-f49000549216@group-16B0CCAD8931-SegmentedRaftLogWorker: safeCacheEvictIndex: setUnconditionally 0 -> -1
2022-11-03 16:01:17,215 [pool-118-thread-1] INFO  server.RaftServer$Division (RaftServerImpl.java:start(334)) - b2efe8a5-99bb-41e7-9296-f49000549216@group-16B0CCAD8931: start as a follower, conf=-1: peers:[8d7ec919-acd2-4b88-a99a-dd9f5739b33b|rpc:10.1.1.36:45267|dataStream:|priority:0|startupRole:FOLLOWER, b2efe8a5-99bb-41e7-9296-f49000549216|rpc:10.1.1.36:39397|dataStream:|priority:1|startupRole:FOLLOWER, 556da25a-9bc8-419d-83a0-dc1d92c1e895|rpc:10.1.1.36:41941|dataStream:|priority:0|startupRole:FOLLOWER]|listeners:[], old=null
2022-11-03 16:01:17,215 [pool-118-thread-1] INFO  server.RaftServer$Division (RaftServerImpl.java:setRole(321)) - b2efe8a5-99bb-41e7-9296-f49000549216@group-16B0CCAD8931: changes role from      null to FOLLOWER at term 0 for startAsFollower
2022-11-03 16:01:17,215 [pool-118-thread-1] INFO  impl.RoleInfo (RoleInfo.java:updateAndGet(139)) - b2efe8a5-99bb-41e7-9296-f49000549216: start b2efe8a5-99bb-41e7-9296-f49000549216@group-16B0CCAD8931-FollowerState
2022-11-03 16:01:17,215 [pool-118-thread-1] INFO  util.JmxRegister (JmxRegister.java:tryRegister(44)) - Successfully registered JMX Bean with object name Ratis:service=RaftServer,group=group-16B0CCAD8931,id=b2efe8a5-99bb-41e7-9296-f49000549216
2022-11-03 16:01:17,215 [pool-118-thread-1] INFO  server.RaftServerConfigKeys (ConfUtils.java:logGet(46)) - raft.server.snapshot.auto.trigger.enabled = true (custom)
2022-11-03 16:01:17,215 [pool-118-thread-1] INFO  server.RaftServerConfigKeys (ConfUtils.java:logGet(46)) - raft.server.snapshot.auto.trigger.threshold = 10000 (custom)
2022-11-03 16:01:17,216 [pool-118-thread-1] INFO  server.RaftServerConfigKeys (ConfUtils.java:logGet(46)) - raft.server.snapshot.retention.file.num = 5 (custom)
2022-11-03 16:01:17,216 [pool-118-thread-1] INFO  server.RaftServerConfigKeys (ConfUtils.java:logGet(46)) - raft.server.log.purge.upto.snapshot.index = false (default)
2022-11-03 16:01:17,216 [b2efe8a5-99bb-41e7-9296-f49000549216@group-16B0CCAD8931-FollowerState] INFO  server.RaftServerConfigKeys (ConfUtils.java:logFallback(53)) - raft.server.rpc.first-election.timeout.min = 5s (fallback to raft.server.rpc.timeout.min)
2022-11-03 16:01:17,233 [b2efe8a5-99bb-41e7-9296-f49000549216@group-16B0CCAD8931-FollowerState] INFO  server.RaftServerConfigKeys (ConfUtils.java:logFallback(53)) - raft.server.rpc.first-election.timeout.max = 5200ms (fallback to raft.server.rpc.timeout.max)
2022-11-03 16:01:17,343 [Command processor thread] INFO  commandhandler.CreatePipelineCommandHandler (CreatePipelineCommandHandler.java:handle(113)) - Created Pipeline RATIS THREE PipelineID=cb3f4a6d-2ef8-4f70-9309-16b0ccad8931.
2022-11-03 16:01:17,343 [Command processor thread] INFO  server.RaftServer (RaftServerProxy.java:addNew(96)) - 556da25a-9bc8-419d-83a0-dc1d92c1e895: addNew group-BEB6889659DA:[8d7ec919-acd2-4b88-a99a-dd9f5739b33b|rpc:10.1.1.36:45267|priority:1|startupRole:FOLLOWER, b2efe8a5-99bb-41e7-9296-f49000549216|rpc:10.1.1.36:39397|priority:0|startupRole:FOLLOWER, 556da25a-9bc8-419d-83a0-dc1d92c1e895|rpc:10.1.1.36:41941|priority:0|startupRole:FOLLOWER] returns group-BEB6889659DA:java.util.concurrent.CompletableFuture@5cb87cd3[Not completed]
2022-11-03 16:01:17,344 [pool-95-thread-1] INFO  server.RaftServer$Division (RaftServerImpl.java:<init>(195)) - 556da25a-9bc8-419d-83a0-dc1d92c1e895: new RaftServerImpl for group-BEB6889659DA:[8d7ec919-acd2-4b88-a99a-dd9f5739b33b|rpc:10.1.1.36:45267|priority:1|startupRole:FOLLOWER, b2efe8a5-99bb-41e7-9296-f49000549216|rpc:10.1.1.36:39397|priority:0|startupRole:FOLLOWER, 556da25a-9bc8-419d-83a0-dc1d92c1e895|rpc:10.1.1.36:41941|priority:0|startupRole:FOLLOWER] with ContainerStateMachine:uninitialized
2022-11-03 16:01:17,344 [pool-95-thread-1] INFO  server.RaftServerConfigKeys (ConfUtils.java:logGet(46)) - raft.server.rpc.timeout.min = 5s (custom)
2022-11-03 16:01:17,344 [pool-95-thread-1] INFO  server.RaftServerConfigKeys (ConfUtils.java:logGet(46)) - raft.server.rpc.timeout.max = 5200ms (custom)
2022-11-03 16:01:17,344 [pool-95-thread-1] INFO  server.RaftServerConfigKeys (ConfUtils.java:logGet(46)) - raft.server.rpc.sleep.time = 25ms (default)
2022-11-03 16:01:17,344 [pool-95-thread-1] INFO  server.RaftServerConfigKeys (ConfUtils.java:logGet(46)) - raft.server.rpc.slowness.timeout = 300s (custom)
2022-11-03 16:01:17,344 [pool-95-thread-1] INFO  server.RaftServerConfigKeys (ConfUtils.java:logGet(46)) - raft.server.leaderelection.leader.step-down.wait-time = 10s (default)
2022-11-03 16:01:17,344 [pool-95-thread-1] INFO  server.RaftServerConfigKeys (ConfUtils.java:logGet(46)) - raft.server.sleep.deviation.threshold = 300ms (default)
2022-11-03 16:01:17,344 [pool-95-thread-1] INFO  server.RaftServer$Division (ServerState.java:<init>(118)) - 556da25a-9bc8-419d-83a0-dc1d92c1e895@group-BEB6889659DA: ConfigurationManager, init=-1: peers:[8d7ec919-acd2-4b88-a99a-dd9f5739b33b|rpc:10.1.1.36:45267|priority:1|startupRole:FOLLOWER, b2efe8a5-99bb-41e7-9296-f49000549216|rpc:10.1.1.36:39397|priority:0|startupRole:FOLLOWER, 556da25a-9bc8-419d-83a0-dc1d92c1e895|rpc:10.1.1.36:41941|priority:0|startupRole:FOLLOWER]|listeners:[], old=null, confs=<EMPTY_MAP>
2022-11-03 16:01:17,345 [pool-95-thread-1] INFO  server.RaftServerConfigKeys (ConfUtils.java:logGet(46)) - raft.server.storage.dir = [/home/runner/work/ozone/ozone/hadoop-ozone/integration-test/target/test-dir/MiniOzoneClusterImpl-84bf62e0-a170-4695-9dd9-8848938f690d/datanode-1/data/ratis] (custom)
2022-11-03 16:01:17,345 [pool-95-thread-1] INFO  server.RaftServerConfigKeys (ConfUtils.java:logGet(46)) - raft.server.log.corruption.policy = EXCEPTION (default)
2022-11-03 16:01:17,345 [pool-95-thread-1] INFO  server.RaftServerConfigKeys (ConfUtils.java:logGet(46)) - raft.server.storage.free-space.min = 0MB (=0) (default)
2022-11-03 16:01:17,345 [pool-95-thread-1] INFO  server.RaftServerConfigKeys (ConfUtils.java:logGet(46)) - raft.server.notification.no-leader.timeout = 300s (custom)
2022-11-03 16:01:17,345 [pool-95-thread-1] INFO  server.RaftServerConfigKeys (ConfUtils.java:logGet(46)) - raft.server.retrycache.expirytime = 600000ms (custom)
2022-11-03 16:01:17,345 [pool-95-thread-1] INFO  server.RaftServerConfigKeys (ConfUtils.java:logGet(46)) - raft.server.retrycache.statistics.expirytime = 100μs (default)
2022-11-03 16:01:17,347 [pool-95-thread-1] INFO  server.RaftServerConfigKeys (ConfUtils.java:logGet(46)) - raft.server.log.appender.install.snapshot.enabled = false (custom)
2022-11-03 16:01:17,347 [pool-95-thread-1] INFO  server.RaftServerConfigKeys (ConfUtils.java:logGet(46)) - raft.server.threadpool.server.cached = true (default)
2022-11-03 16:01:17,347 [pool-95-thread-1] INFO  server.RaftServerConfigKeys (ConfUtils.java:logGet(46)) - raft.server.threadpool.server.size = 0 (default)
2022-11-03 16:01:17,347 [pool-95-thread-1] INFO  server.RaftServerConfigKeys (ConfUtils.java:logGet(46)) - raft.server.threadpool.client.cached = true (default)
2022-11-03 16:01:17,347 [pool-95-thread-1] INFO  server.RaftServerConfigKeys (ConfUtils.java:logGet(46)) - raft.server.threadpool.client.size = 0 (default)
2022-11-03 16:01:17,347 [pool-95-thread-1] INFO  storage.RaftStorageDirectory (RaftStorageDirectoryImpl.java:analyzeStorage(137)) - The storage directory /home/runner/work/ozone/ozone/hadoop-ozone/integration-test/target/test-dir/MiniOzoneClusterImpl-84bf62e0-a170-4695-9dd9-8848938f690d/datanode-1/data/ratis/cd4b2498-b69b-44d6-af4e-beb6889659da does not exist. Creating ...
2022-11-03 16:01:17,347 [Command processor thread] INFO  server.RaftServer (RaftServerProxy.java:addNew(96)) - b2efe8a5-99bb-41e7-9296-f49000549216: addNew group-93AA63AA76A7:[b2efe8a5-99bb-41e7-9296-f49000549216|rpc:10.1.1.36:39397|priority:1|startupRole:FOLLOWER] returns group-93AA63AA76A7:java.util.concurrent.CompletableFuture@715ee145[Not completed]
2022-11-03 16:01:17,349 [pool-118-thread-1] INFO  server.RaftServer$Division (RaftServerImpl.java:<init>(195)) - b2efe8a5-99bb-41e7-9296-f49000549216: new RaftServerImpl for group-93AA63AA76A7:[b2efe8a5-99bb-41e7-9296-f49000549216|rpc:10.1.1.36:39397|priority:1|startupRole:FOLLOWER] with ContainerStateMachine:uninitialized
2022-11-03 16:01:17,349 [pool-118-thread-1] INFO  server.RaftServerConfigKeys (ConfUtils.java:logGet(46)) - raft.server.rpc.timeout.min = 5s (custom)
2022-11-03 16:01:17,349 [pool-118-thread-1] INFO  server.RaftServerConfigKeys (ConfUtils.java:logGet(46)) - raft.server.rpc.timeout.max = 5200ms (custom)
2022-11-03 16:01:17,349 [pool-118-thread-1] INFO  server.RaftServerConfigKeys (ConfUtils.java:logGet(46)) - raft.server.rpc.sleep.time = 25ms (default)
2022-11-03 16:01:17,349 [pool-118-thread-1] INFO  server.RaftServerConfigKeys (ConfUtils.java:logGet(46)) - raft.server.rpc.slowness.timeout = 300s (custom)
2022-11-03 16:01:17,349 [pool-118-thread-1] INFO  server.RaftServerConfigKeys (ConfUtils.java:logGet(46)) - raft.server.leaderelection.leader.step-down.wait-time = 10s (default)
2022-11-03 16:01:17,349 [pool-118-thread-1] INFO  server.RaftServerConfigKeys (ConfUtils.java:logGet(46)) - raft.server.sleep.deviation.threshold = 300ms (default)
2022-11-03 16:01:17,349 [pool-118-thread-1] INFO  server.RaftServer$Division (ServerState.java:<init>(118)) - b2efe8a5-99bb-41e7-9296-f49000549216@group-93AA63AA76A7: ConfigurationManager, init=-1: peers:[b2efe8a5-99bb-41e7-9296-f49000549216|rpc:10.1.1.36:39397|priority:1|startupRole:FOLLOWER]|listeners:[], old=null, confs=<EMPTY_MAP>
2022-11-03 16:01:17,349 [pool-118-thread-1] INFO  server.RaftServerConfigKeys (ConfUtils.java:logGet(46)) - raft.server.storage.dir = [/home/runner/work/ozone/ozone/hadoop-ozone/integration-test/target/test-dir/MiniOzoneClusterImpl-84bf62e0-a170-4695-9dd9-8848938f690d/datanode-2/data/ratis] (custom)
2022-11-03 16:01:17,350 [pool-118-thread-1] INFO  server.RaftServerConfigKeys (ConfUtils.java:logGet(46)) - raft.server.log.corruption.policy = EXCEPTION (default)
2022-11-03 16:01:17,350 [pool-118-thread-1] INFO  server.RaftServerConfigKeys (ConfUtils.java:logGet(46)) - raft.server.storage.free-space.min = 0MB (=0) (default)
2022-11-03 16:01:17,350 [pool-118-thread-1] INFO  server.RaftServerConfigKeys (ConfUtils.java:logGet(46)) - raft.server.notification.no-leader.timeout = 300s (custom)
2022-11-03 16:01:17,350 [pool-118-thread-1] INFO  server.RaftServerConfigKeys (ConfUtils.java:logGet(46)) - raft.server.retrycache.expirytime = 600000ms (custom)
2022-11-03 16:01:17,350 [pool-118-thread-1] INFO  server.RaftServerConfigKeys (ConfUtils.java:logGet(46)) - raft.server.retrycache.statistics.expirytime = 100μs (default)
2022-11-03 16:01:17,351 [pool-118-thread-1] INFO  server.RaftServerConfigKeys (ConfUtils.java:logGet(46)) - raft.server.log.appender.install.snapshot.enabled = false (custom)
2022-11-03 16:01:17,351 [pool-118-thread-1] INFO  server.RaftServerConfigKeys (ConfUtils.java:logGet(46)) - raft.server.threadpool.server.cached = true (default)
2022-11-03 16:01:17,351 [pool-118-thread-1] INFO  server.RaftServerConfigKeys (ConfUtils.java:logGet(46)) - raft.server.threadpool.server.size = 0 (default)
2022-11-03 16:01:17,351 [pool-118-thread-1] INFO  server.RaftServerConfigKeys (ConfUtils.java:logGet(46)) - raft.server.threadpool.client.cached = true (default)
2022-11-03 16:01:17,351 [pool-118-thread-1] INFO  server.RaftServerConfigKeys (ConfUtils.java:logGet(46)) - raft.server.threadpool.client.size = 0 (default)
2022-11-03 16:01:17,351 [pool-118-thread-1] INFO  storage.RaftStorageDirectory (RaftStorageDirectoryImpl.java:analyzeStorage(137)) - The storage directory /home/runner/work/ozone/ozone/hadoop-ozone/integration-test/target/test-dir/MiniOzoneClusterImpl-84bf62e0-a170-4695-9dd9-8848938f690d/datanode-2/data/ratis/b7930c4f-caf2-4553-816e-93aa63aa76a7 does not exist. Creating ...
2022-11-03 16:01:17,352 [pool-118-thread-1] INFO  storage.RaftStorageDirectory (RaftStorageDirectoryImpl.java:tryLock(231)) - Lock on /home/runner/work/ozone/ozone/hadoop-ozone/integration-test/target/test-dir/MiniOzoneClusterImpl-84bf62e0-a170-4695-9dd9-8848938f690d/datanode-2/data/ratis/b7930c4f-caf2-4553-816e-93aa63aa76a7/in_use.lock acquired by nodename 14715@fv-az47-358
2022-11-03 16:01:17,353 [pool-95-thread-1] INFO  storage.RaftStorageDirectory (RaftStorageDirectoryImpl.java:tryLock(231)) - Lock on /home/runner/work/ozone/ozone/hadoop-ozone/integration-test/target/test-dir/MiniOzoneClusterImpl-84bf62e0-a170-4695-9dd9-8848938f690d/datanode-1/data/ratis/cd4b2498-b69b-44d6-af4e-beb6889659da/in_use.lock acquired by nodename 14715@fv-az47-358
2022-11-03 16:01:17,354 [pool-118-thread-1] INFO  storage.RaftStorage (RaftStorageImpl.java:format(96)) - Storage directory /home/runner/work/ozone/ozone/hadoop-ozone/integration-test/target/test-dir/MiniOzoneClusterImpl-84bf62e0-a170-4695-9dd9-8848938f690d/datanode-2/data/ratis/b7930c4f-caf2-4553-816e-93aa63aa76a7 has been successfully formatted.
2022-11-03 16:01:17,357 [EventQueue-PipelineReportForPipelineReportHandler] INFO  pipeline.PipelineManagerImpl (PipelineManagerImpl.java:openPipeline(367)) - Pipeline Pipeline[ Id: b7930c4f-caf2-4553-816e-93aa63aa76a7, Nodes: b2efe8a5-99bb-41e7-9296-f49000549216{ip: 10.1.1.36, host: fv-az47-358.mma5zatft5wupo5mzspaixdheh.bx.internal.cloudapp.net, ports: [REPLICATION=33417, RATIS=39397, RATIS_ADMIN=39397, RATIS_SERVER=39397, STANDALONE=42203], networkLocation: /default-rack, certSerialId: null, persistedOpState: IN_SERVICE, persistedOpStateExpiryEpochSec: 0}, ReplicationConfig: RATIS/ONE, State:ALLOCATED, leaderId:b2efe8a5-99bb-41e7-9296-f49000549216, CreationTimestamp2022-11-03T16:01:14.351Z[Etc/UTC]] moved to OPEN state
2022-11-03 16:01:17,358 [EventQueue-OpenPipelineForHealthyPipelineSafeModeRule] INFO  safemode.SCMSafeModeManager (HealthyPipelineSafeModeRule.java:process(137)) - SCM in safe mode. Healthy pipelines reported count is 0, required healthy pipeline reported count is 1
2022-11-03 16:01:17,357 [pool-118-thread-1] INFO  ratis.ContainerStateMachine (ContainerStateMachine.java:loadSnapshot(236)) - group-93AA63AA76A7: The snapshot info is null. Setting the last applied indexto:(t:0, i:~)
2022-11-03 16:01:17,359 [pool-118-thread-1] INFO  server.RaftServerConfigKeys (ConfUtils.java:logGet(46)) - raft.server.log.use.memory = false (default)
2022-11-03 16:01:17,359 [pool-118-thread-1] INFO  server.RaftServerConfigKeys (ConfUtils.java:logGet(46)) - raft.server.log.purge.gap = 1000000 (custom)
2022-11-03 16:01:17,359 [pool-118-thread-1] INFO  server.RaftServerConfigKeys (ConfUtils.java:logGet(46)) - raft.server.log.appender.buffer.byte-limit = 33554432 (custom)
2022-11-03 16:01:17,359 [pool-118-thread-1] INFO  server.RaftServerConfigKeys (ConfUtils.java:logGet(46)) - raft.server.log.statemachine.data.read.timeout = 1000ms (default)
2022-11-03 16:01:17,359 [pool-118-thread-1] INFO  server.RaftServerConfigKeys (ConfUtils.java:logGet(46)) - raft.server.log.purge.preservation.log.num = 0 (default)
2022-11-03 16:01:17,359 [pool-118-thread-1] INFO  server.RaftServerConfigKeys (ConfUtils.java:logGet(46)) - raft.server.log.segment.size.max = 1048576 (custom)
2022-11-03 16:01:17,360 [pool-118-thread-1] INFO  server.RaftServerConfigKeys (ConfUtils.java:logGet(46)) - raft.server.log.segment.cache.num.max = 2 (custom)
2022-11-03 16:01:17,360 [pool-118-thread-1] INFO  server.RaftServerConfigKeys (ConfUtils.java:logGet(46)) - raft.server.log.segment.cache.size.max = 200MB (=209715200) (default)
2022-11-03 16:01:17,360 [pool-118-thread-1] INFO  segmented.SegmentedRaftLogWorker (SegmentedRaftLogWorker.java:<init>(191)) - new b2efe8a5-99bb-41e7-9296-f49000549216@group-93AA63AA76A7-SegmentedRaftLogWorker for RaftStorageImpl:Storage Directory /home/runner/work/ozone/ozone/hadoop-ozone/integration-test/target/test-dir/MiniOzoneClusterImpl-84bf62e0-a170-4695-9dd9-8848938f690d/datanode-2/data/ratis/b7930c4f-caf2-4553-816e-93aa63aa76a7
2022-11-03 16:01:17,360 [pool-118-thread-1] INFO  server.RaftServerConfigKeys (ConfUtils.java:logGet(46)) - raft.server.log.queue.byte-limit = 4294967296 (custom)
2022-11-03 16:01:17,360 [pool-118-thread-1] INFO  server.RaftServerConfigKeys (ConfUtils.java:logGet(46)) - raft.server.log.queue.element-limit = 1024 (custom)
2022-11-03 16:01:17,360 [pool-118-thread-1] INFO  server.RaftServerConfigKeys (ConfUtils.java:logGet(46)) - raft.server.log.segment.size.max = 1048576 (custom)
2022-11-03 16:01:17,360 [pool-118-thread-1] INFO  server.RaftServerConfigKeys (ConfUtils.java:logGet(46)) - raft.server.log.preallocated.size = 16384 (custom)
2022-11-03 16:01:17,360 [pool-118-thread-1] INFO  server.RaftServerConfigKeys (ConfUtils.java:logGet(46)) - raft.server.log.force.sync.num = 128 (default)
2022-11-03 16:01:17,360 [pool-118-thread-1] INFO  server.RaftServerConfigKeys (ConfUtils.java:logGet(46)) - raft.server.log.statemachine.data.sync = true (default)
2022-11-03 16:01:17,360 [pool-118-thread-1] INFO  server.RaftServerConfigKeys (ConfUtils.java:logGet(46)) - raft.server.log.statemachine.data.sync.timeout = 10s (default)
2022-11-03 16:01:17,360 [pool-118-thread-1] INFO  server.RaftServerConfigKeys (ConfUtils.java:logGet(46)) - raft.server.log.statemachine.data.sync.timeout.retry = -1 (default)
2022-11-03 16:01:17,357 [pool-95-thread-1] INFO  storage.RaftStorage (RaftStorageImpl.java:format(96)) - Storage directory /home/runner/work/ozone/ozone/hadoop-ozone/integration-test/target/test-dir/MiniOzoneClusterImpl-84bf62e0-a170-4695-9dd9-8848938f690d/datanode-1/data/ratis/cd4b2498-b69b-44d6-af4e-beb6889659da has been successfully formatted.
2022-11-03 16:01:17,362 [pool-95-thread-1] INFO  ratis.ContainerStateMachine (ContainerStateMachine.java:loadSnapshot(236)) - group-BEB6889659DA: The snapshot info is null. Setting the last applied indexto:(t:0, i:~)
2022-11-03 16:01:17,362 [pool-95-thread-1] INFO  server.RaftServerConfigKeys (ConfUtils.java:logGet(46)) - raft.server.log.use.memory = false (default)
2022-11-03 16:01:17,366 [EventQueue-OpenPipelineForHealthyPipelineSafeModeRule] INFO  safemode.SCMSafeModeManager (HealthyPipelineSafeModeRule.java:process(137)) - SCM in safe mode. Healthy pipelines reported count is 0, required healthy pipeline reported count is 1
2022-11-03 16:01:17,366 [pool-95-thread-1] INFO  server.RaftServerConfigKeys (ConfUtils.java:logGet(46)) - raft.server.log.purge.gap = 1000000 (custom)
2022-11-03 16:01:17,366 [pool-95-thread-1] INFO  server.RaftServerConfigKeys (ConfUtils.java:logGet(46)) - raft.server.log.appender.buffer.byte-limit = 33554432 (custom)
2022-11-03 16:01:17,366 [pool-95-thread-1] INFO  server.RaftServerConfigKeys (ConfUtils.java:logGet(46)) - raft.server.log.statemachine.data.read.timeout = 1000ms (default)
2022-11-03 16:01:17,366 [pool-95-thread-1] INFO  server.RaftServerConfigKeys (ConfUtils.java:logGet(46)) - raft.server.log.purge.preservation.log.num = 0 (default)
2022-11-03 16:01:17,366 [pool-95-thread-1] INFO  server.RaftServerConfigKeys (ConfUtils.java:logGet(46)) - raft.server.log.segment.size.max = 1048576 (custom)
2022-11-03 16:01:17,367 [pool-95-thread-1] INFO  server.RaftServerConfigKeys (ConfUtils.java:logGet(46)) - raft.server.log.segment.cache.num.max = 2 (custom)
2022-11-03 16:01:17,367 [pool-95-thread-1] INFO  server.RaftServerConfigKeys (ConfUtils.java:logGet(46)) - raft.server.log.segment.cache.size.max = 200MB (=209715200) (default)
2022-11-03 16:01:17,367 [pool-95-thread-1] INFO  segmented.SegmentedRaftLogWorker (SegmentedRaftLogWorker.java:<init>(191)) - new 556da25a-9bc8-419d-83a0-dc1d92c1e895@group-BEB6889659DA-SegmentedRaftLogWorker for RaftStorageImpl:Storage Directory /home/runner/work/ozone/ozone/hadoop-ozone/integration-test/target/test-dir/MiniOzoneClusterImpl-84bf62e0-a170-4695-9dd9-8848938f690d/datanode-1/data/ratis/cd4b2498-b69b-44d6-af4e-beb6889659da
2022-11-03 16:01:17,367 [pool-95-thread-1] INFO  server.RaftServerConfigKeys (ConfUtils.java:logGet(46)) - raft.server.log.queue.byte-limit = 4294967296 (custom)
2022-11-03 16:01:17,367 [pool-95-thread-1] INFO  server.RaftServerConfigKeys (ConfUtils.java:logGet(46)) - raft.server.log.queue.element-limit = 1024 (custom)
2022-11-03 16:01:17,367 [pool-95-thread-1] INFO  server.RaftServerConfigKeys (ConfUtils.java:logGet(46)) - raft.server.log.segment.size.max = 1048576 (custom)
2022-11-03 16:01:17,367 [pool-95-thread-1] INFO  server.RaftServerConfigKeys (ConfUtils.java:logGet(46)) - raft.server.log.preallocated.size = 16384 (custom)
2022-11-03 16:01:17,367 [pool-95-thread-1] INFO  server.RaftServerConfigKeys (ConfUtils.java:logGet(46)) - raft.server.log.force.sync.num = 128 (default)
2022-11-03 16:01:17,367 [pool-95-thread-1] INFO  server.RaftServerConfigKeys (ConfUtils.java:logGet(46)) - raft.server.log.statemachine.data.sync = true (default)
2022-11-03 16:01:17,367 [pool-95-thread-1] INFO  server.RaftServerConfigKeys (ConfUtils.java:logGet(46)) - raft.server.log.statemachine.data.sync.timeout = 10s (default)
2022-11-03 16:01:17,367 [pool-95-thread-1] INFO  server.RaftServerConfigKeys (ConfUtils.java:logGet(46)) - raft.server.log.statemachine.data.sync.timeout.retry = -1 (default)
2022-11-03 16:01:17,368 [pool-95-thread-1] INFO  server.RaftServerConfigKeys (ConfUtils.java:logGet(46)) - raft.server.log.write.buffer.size = 1048576 (custom)
2022-11-03 16:01:17,369 [pool-118-thread-1] INFO  server.RaftServerConfigKeys (ConfUtils.java:logGet(46)) - raft.server.log.write.buffer.size = 1048576 (custom)
2022-11-03 16:01:17,369 [pool-118-thread-1] INFO  server.RaftServerConfigKeys (ConfUtils.java:logGet(46)) - raft.server.log.unsafe-flush.enabled = false (default)
2022-11-03 16:01:17,369 [pool-118-thread-1] INFO  server.RaftServerConfigKeys (ConfUtils.java:logGet(46)) - raft.server.log.async-flush.enabled = false (default)
2022-11-03 16:01:17,370 [pool-95-thread-1] INFO  server.RaftServerConfigKeys (ConfUtils.java:logGet(46)) - raft.server.log.unsafe-flush.enabled = false (default)
2022-11-03 16:01:17,371 [pool-118-thread-1] INFO  server.RaftServerConfigKeys (ConfUtils.java:logGet(46)) - raft.server.log.statemachine.data.caching.enabled = true (custom)
2022-11-03 16:01:17,372 [pool-95-thread-1] INFO  server.RaftServerConfigKeys (ConfUtils.java:logGet(46)) - raft.server.log.async-flush.enabled = false (default)
2022-11-03 16:01:17,372 [pool-95-thread-1] INFO  server.RaftServerConfigKeys (ConfUtils.java:logGet(46)) - raft.server.log.statemachine.data.caching.enabled = true (custom)
2022-11-03 16:01:17,372 [pool-118-thread-1] INFO  segmented.SegmentedRaftLogWorker (SegmentedRaftLogWorker.java:lambda$new$0(136)) - b2efe8a5-99bb-41e7-9296-f49000549216@group-93AA63AA76A7-SegmentedRaftLogWorker: flushIndex: setUnconditionally 0 -> -1
2022-11-03 16:01:17,372 [pool-118-thread-1] INFO  segmented.SegmentedRaftLogWorker (SegmentedRaftLogWorker.java:lambda$new$0(136)) - b2efe8a5-99bb-41e7-9296-f49000549216@group-93AA63AA76A7-SegmentedRaftLogWorker: safeCacheEvictIndex: setUnconditionally 0 -> -1
2022-11-03 16:01:17,372 [pool-95-thread-1] INFO  segmented.SegmentedRaftLogWorker (SegmentedRaftLogWorker.java:lambda$new$0(136)) - 556da25a-9bc8-419d-83a0-dc1d92c1e895@group-BEB6889659DA-SegmentedRaftLogWorker: flushIndex: setUnconditionally 0 -> -1
2022-11-03 16:01:17,372 [pool-95-thread-1] INFO  segmented.SegmentedRaftLogWorker (SegmentedRaftLogWorker.java:lambda$new$0(136)) - 556da25a-9bc8-419d-83a0-dc1d92c1e895@group-BEB6889659DA-SegmentedRaftLogWorker: safeCacheEvictIndex: setUnconditionally 0 -> -1
2022-11-03 16:01:17,376 [pool-95-thread-1] INFO  server.RaftServer$Division (RaftServerImpl.java:start(334)) - 556da25a-9bc8-419d-83a0-dc1d92c1e895@group-BEB6889659DA: start as a follower, conf=-1: peers:[8d7ec919-acd2-4b88-a99a-dd9f5739b33b|rpc:10.1.1.36:45267|priority:1|startupRole:FOLLOWER, b2efe8a5-99bb-41e7-9296-f49000549216|rpc:10.1.1.36:39397|priority:0|startupRole:FOLLOWER, 556da25a-9bc8-419d-83a0-dc1d92c1e895|rpc:10.1.1.36:41941|priority:0|startupRole:FOLLOWER]|listeners:[], old=null
2022-11-03 16:01:17,376 [pool-95-thread-1] INFO  server.RaftServer$Division (RaftServerImpl.java:setRole(321)) - 556da25a-9bc8-419d-83a0-dc1d92c1e895@group-BEB6889659DA: changes role from      null to FOLLOWER at term 0 for startAsFollower
2022-11-03 16:01:17,376 [pool-95-thread-1] INFO  impl.RoleInfo (RoleInfo.java:updateAndGet(139)) - 556da25a-9bc8-419d-83a0-dc1d92c1e895: start 556da25a-9bc8-419d-83a0-dc1d92c1e895@group-BEB6889659DA-FollowerState
2022-11-03 16:01:17,376 [pool-95-thread-1] INFO  util.JmxRegister (JmxRegister.java:tryRegister(44)) - Successfully registered JMX Bean with object name Ratis:service=RaftServer,group=group-BEB6889659DA,id=556da25a-9bc8-419d-83a0-dc1d92c1e895
2022-11-03 16:01:17,376 [pool-95-thread-1] INFO  server.RaftServerConfigKeys (ConfUtils.java:logGet(46)) - raft.server.snapshot.auto.trigger.enabled = true (custom)
2022-11-03 16:01:17,376 [pool-95-thread-1] INFO  server.RaftServerConfigKeys (ConfUtils.java:logGet(46)) - raft.server.snapshot.auto.trigger.threshold = 10000 (custom)
2022-11-03 16:01:17,376 [pool-95-thread-1] INFO  server.RaftServerConfigKeys (ConfUtils.java:logGet(46)) - raft.server.snapshot.retention.file.num = 5 (custom)
2022-11-03 16:01:17,376 [pool-95-thread-1] INFO  server.RaftServerConfigKeys (ConfUtils.java:logGet(46)) - raft.server.log.purge.upto.snapshot.index = false (default)
2022-11-03 16:01:17,377 [pool-118-thread-1] INFO  server.RaftServer$Division (RaftServerImpl.java:start(334)) - b2efe8a5-99bb-41e7-9296-f49000549216@group-93AA63AA76A7: start as a follower, conf=-1: peers:[b2efe8a5-99bb-41e7-9296-f49000549216|rpc:10.1.1.36:39397|priority:1|startupRole:FOLLOWER]|listeners:[], old=null
2022-11-03 16:01:17,377 [pool-118-thread-1] INFO  server.RaftServer$Division (RaftServerImpl.java:setRole(321)) - b2efe8a5-99bb-41e7-9296-f49000549216@group-93AA63AA76A7: changes role from      null to FOLLOWER at term 0 for startAsFollower
2022-11-03 16:01:17,378 [556da25a-9bc8-419d-83a0-dc1d92c1e895@group-BEB6889659DA-FollowerState] INFO  server.RaftServerConfigKeys (ConfUtils.java:logFallback(53)) - raft.server.rpc.first-election.timeout.min = 5s (fallback to raft.server.rpc.timeout.min)
2022-11-03 16:01:17,379 [556da25a-9bc8-419d-83a0-dc1d92c1e895@group-BEB6889659DA-FollowerState] INFO  server.RaftServerConfigKeys (ConfUtils.java:logFallback(53)) - raft.server.rpc.first-election.timeout.max = 5200ms (fallback to raft.server.rpc.timeout.max)
2022-11-03 16:01:17,383 [Command processor thread] INFO  ratis.XceiverServerRatis (XceiverServerRatis.java:addGroup(765)) - Created group PipelineID=cd4b2498-b69b-44d6-af4e-beb6889659da
2022-11-03 16:01:17,383 [pool-118-thread-1] INFO  impl.RoleInfo (RoleInfo.java:updateAndGet(139)) - b2efe8a5-99bb-41e7-9296-f49000549216: start b2efe8a5-99bb-41e7-9296-f49000549216@group-93AA63AA76A7-FollowerState
2022-11-03 16:01:17,383 [pool-118-thread-1] INFO  util.JmxRegister (JmxRegister.java:tryRegister(44)) - Successfully registered JMX Bean with object name Ratis:service=RaftServer,group=group-93AA63AA76A7,id=b2efe8a5-99bb-41e7-9296-f49000549216
2022-11-03 16:01:17,383 [pool-118-thread-1] INFO  server.RaftServerConfigKeys (ConfUtils.java:logGet(46)) - raft.server.snapshot.auto.trigger.enabled = true (custom)
2022-11-03 16:01:17,383 [pool-118-thread-1] INFO  server.RaftServerConfigKeys (ConfUtils.java:logGet(46)) - raft.server.snapshot.auto.trigger.threshold = 10000 (custom)
2022-11-03 16:01:17,383 [pool-118-thread-1] INFO  server.RaftServerConfigKeys (ConfUtils.java:logGet(46)) - raft.server.snapshot.retention.file.num = 5 (custom)
2022-11-03 16:01:17,383 [pool-118-thread-1] INFO  server.RaftServerConfigKeys (ConfUtils.java:logGet(46)) - raft.server.log.purge.upto.snapshot.index = false (default)
2022-11-03 16:01:17,384 [b2efe8a5-99bb-41e7-9296-f49000549216@group-93AA63AA76A7-FollowerState] INFO  server.RaftServerConfigKeys (ConfUtils.java:logFallback(53)) - raft.server.rpc.first-election.timeout.min = 5s (fallback to raft.server.rpc.timeout.min)
2022-11-03 16:01:17,385 [b2efe8a5-99bb-41e7-9296-f49000549216@group-93AA63AA76A7-FollowerState] INFO  server.RaftServerConfigKeys (ConfUtils.java:logFallback(53)) - raft.server.rpc.first-election.timeout.max = 5200ms (fallback to raft.server.rpc.timeout.max)
2022-11-03 16:01:17,391 [Command processor thread] INFO  commandhandler.CreatePipelineCommandHandler (CreatePipelineCommandHandler.java:handle(113)) - Created Pipeline RATIS THREE PipelineID=cb3f4a6d-2ef8-4f70-9309-16b0ccad8931.
2022-11-03 16:01:17,391 [Command processor thread] INFO  server.RaftServer (RaftServerProxy.java:addNew(96)) - 8d7ec919-acd2-4b88-a99a-dd9f5739b33b: addNew group-BEB6889659DA:[8d7ec919-acd2-4b88-a99a-dd9f5739b33b|rpc:10.1.1.36:45267|priority:1|startupRole:FOLLOWER, b2efe8a5-99bb-41e7-9296-f49000549216|rpc:10.1.1.36:39397|priority:0|startupRole:FOLLOWER, 556da25a-9bc8-419d-83a0-dc1d92c1e895|rpc:10.1.1.36:41941|priority:0|startupRole:FOLLOWER] returns group-BEB6889659DA:java.util.concurrent.CompletableFuture@4f2dfbb8[Not completed]
2022-11-03 16:01:17,391 [Command processor thread] INFO  ratis.XceiverServerRatis (XceiverServerRatis.java:addGroup(765)) - Created group PipelineID=b7930c4f-caf2-4553-816e-93aa63aa76a7
2022-11-03 16:01:17,391 [Command processor thread] INFO  commandhandler.CreatePipelineCommandHandler (CreatePipelineCommandHandler.java:handle(113)) - Created Pipeline RATIS ONE PipelineID=b7930c4f-caf2-4553-816e-93aa63aa76a7.
2022-11-03 16:01:17,392 [Command processor thread] INFO  server.RaftServer (RaftServerProxy.java:addNew(96)) - b2efe8a5-99bb-41e7-9296-f49000549216: addNew group-BEB6889659DA:[8d7ec919-acd2-4b88-a99a-dd9f5739b33b|rpc:10.1.1.36:45267|priority:1|startupRole:FOLLOWER, b2efe8a5-99bb-41e7-9296-f49000549216|rpc:10.1.1.36:39397|priority:0|startupRole:FOLLOWER, 556da25a-9bc8-419d-83a0-dc1d92c1e895|rpc:10.1.1.36:41941|priority:0|startupRole:FOLLOWER] returns group-BEB6889659DA:java.util.concurrent.CompletableFuture@7f99111e[Not completed]
2022-11-03 16:01:17,392 [pool-72-thread-1] INFO  server.RaftServer$Division (RaftServerImpl.java:<init>(195)) - 8d7ec919-acd2-4b88-a99a-dd9f5739b33b: new RaftServerImpl for group-BEB6889659DA:[8d7ec919-acd2-4b88-a99a-dd9f5739b33b|rpc:10.1.1.36:45267|priority:1|startupRole:FOLLOWER, b2efe8a5-99bb-41e7-9296-f49000549216|rpc:10.1.1.36:39397|priority:0|startupRole:FOLLOWER, 556da25a-9bc8-419d-83a0-dc1d92c1e895|rpc:10.1.1.36:41941|priority:0|startupRole:FOLLOWER] with ContainerStateMachine:uninitialized
2022-11-03 16:01:17,396 [pool-72-thread-1] INFO  server.RaftServerConfigKeys (ConfUtils.java:logGet(46)) - raft.server.rpc.timeout.min = 5s (custom)
2022-11-03 16:01:17,396 [pool-72-thread-1] INFO  server.RaftServerConfigKeys (ConfUtils.java:logGet(46)) - raft.server.rpc.timeout.max = 5200ms (custom)
2022-11-03 16:01:17,396 [pool-72-thread-1] INFO  server.RaftServerConfigKeys (ConfUtils.java:logGet(46)) - raft.server.rpc.sleep.time = 25ms (default)
2022-11-03 16:01:17,396 [pool-72-thread-1] INFO  server.RaftServerConfigKeys (ConfUtils.java:logGet(46)) - raft.server.rpc.slowness.timeout = 300s (custom)
2022-11-03 16:01:17,396 [pool-72-thread-1] INFO  server.RaftServerConfigKeys (ConfUtils.java:logGet(46)) - raft.server.leaderelection.leader.step-down.wait-time = 10s (default)
2022-11-03 16:01:17,396 [pool-72-thread-1] INFO  server.RaftServerConfigKeys (ConfUtils.java:logGet(46)) - raft.server.sleep.deviation.threshold = 300ms (default)
2022-11-03 16:01:17,396 [pool-72-thread-1] INFO  server.RaftServer$Division (ServerState.java:<init>(118)) - 8d7ec919-acd2-4b88-a99a-dd9f5739b33b@group-BEB6889659DA: ConfigurationManager, init=-1: peers:[8d7ec919-acd2-4b88-a99a-dd9f5739b33b|rpc:10.1.1.36:45267|priority:1|startupRole:FOLLOWER, b2efe8a5-99bb-41e7-9296-f49000549216|rpc:10.1.1.36:39397|priority:0|startupRole:FOLLOWER, 556da25a-9bc8-419d-83a0-dc1d92c1e895|rpc:10.1.1.36:41941|priority:0|startupRole:FOLLOWER]|listeners:[], old=null, confs=<EMPTY_MAP>
2022-11-03 16:01:17,396 [pool-72-thread-1] INFO  server.RaftServerConfigKeys (ConfUtils.java:logGet(46)) - raft.server.storage.dir = [/home/runner/work/ozone/ozone/hadoop-ozone/integration-test/target/test-dir/MiniOzoneClusterImpl-84bf62e0-a170-4695-9dd9-8848938f690d/datanode-0/data/ratis] (custom)
2022-11-03 16:01:17,396 [pool-72-thread-1] INFO  server.RaftServerConfigKeys (ConfUtils.java:logGet(46)) - raft.server.log.corruption.policy = EXCEPTION (default)
2022-11-03 16:01:17,396 [pool-72-thread-1] INFO  server.RaftServerConfigKeys (ConfUtils.java:logGet(46)) - raft.server.storage.free-space.min = 0MB (=0) (default)
2022-11-03 16:01:17,396 [pool-72-thread-1] INFO  server.RaftServerConfigKeys (ConfUtils.java:logGet(46)) - raft.server.notification.no-leader.timeout = 300s (custom)
2022-11-03 16:01:17,397 [pool-72-thread-1] INFO  server.RaftServerConfigKeys (ConfUtils.java:logGet(46)) - raft.server.retrycache.expirytime = 600000ms (custom)
2022-11-03 16:01:17,397 [pool-72-thread-1] INFO  server.RaftServerConfigKeys (ConfUtils.java:logGet(46)) - raft.server.retrycache.statistics.expirytime = 100μs (default)
2022-11-03 16:01:17,398 [pool-72-thread-1] INFO  server.RaftServerConfigKeys (ConfUtils.java:logGet(46)) - raft.server.log.appender.install.snapshot.enabled = false (custom)
2022-11-03 16:01:17,398 [pool-72-thread-1] INFO  server.RaftServerConfigKeys (ConfUtils.java:logGet(46)) - raft.server.threadpool.server.cached = true (default)
2022-11-03 16:01:17,398 [pool-72-thread-1] INFO  server.RaftServerConfigKeys (ConfUtils.java:logGet(46)) - raft.server.threadpool.server.size = 0 (default)
2022-11-03 16:01:17,398 [pool-72-thread-1] INFO  server.RaftServerConfigKeys (ConfUtils.java:logGet(46)) - raft.server.threadpool.client.cached = true (default)
2022-11-03 16:01:17,398 [pool-72-thread-1] INFO  server.RaftServerConfigKeys (ConfUtils.java:logGet(46)) - raft.server.threadpool.client.size = 0 (default)
2022-11-03 16:01:17,398 [pool-72-thread-1] INFO  storage.RaftStorageDirectory (RaftStorageDirectoryImpl.java:analyzeStorage(137)) - The storage directory /home/runner/work/ozone/ozone/hadoop-ozone/integration-test/target/test-dir/MiniOzoneClusterImpl-84bf62e0-a170-4695-9dd9-8848938f690d/datanode-0/data/ratis/cd4b2498-b69b-44d6-af4e-beb6889659da does not exist. Creating ...
2022-11-03 16:01:17,392 [pool-118-thread-1] INFO  server.RaftServer$Division (RaftServerImpl.java:<init>(195)) - b2efe8a5-99bb-41e7-9296-f49000549216: new RaftServerImpl for group-BEB6889659DA:[8d7ec919-acd2-4b88-a99a-dd9f5739b33b|rpc:10.1.1.36:45267|priority:1|startupRole:FOLLOWER, b2efe8a5-99bb-41e7-9296-f49000549216|rpc:10.1.1.36:39397|priority:0|startupRole:FOLLOWER, 556da25a-9bc8-419d-83a0-dc1d92c1e895|rpc:10.1.1.36:41941|priority:0|startupRole:FOLLOWER] with ContainerStateMachine:uninitialized
2022-11-03 16:01:17,400 [pool-118-thread-1] INFO  server.RaftServerConfigKeys (ConfUtils.java:logGet(46)) - raft.server.rpc.timeout.min = 5s (custom)
2022-11-03 16:01:17,400 [pool-118-thread-1] INFO  server.RaftServerConfigKeys (ConfUtils.java:logGet(46)) - raft.server.rpc.timeout.max = 5200ms (custom)
2022-11-03 16:01:17,400 [pool-118-thread-1] INFO  server.RaftServerConfigKeys (ConfUtils.java:logGet(46)) - raft.server.rpc.sleep.time = 25ms (default)
2022-11-03 16:01:17,400 [pool-118-thread-1] INFO  server.RaftServerConfigKeys (ConfUtils.java:logGet(46)) - raft.server.rpc.slowness.timeout = 300s (custom)
2022-11-03 16:01:17,400 [pool-118-thread-1] INFO  server.RaftServerConfigKeys (ConfUtils.java:logGet(46)) - raft.server.leaderelection.leader.step-down.wait-time = 10s (default)
2022-11-03 16:01:17,400 [pool-118-thread-1] INFO  server.RaftServerConfigKeys (ConfUtils.java:logGet(46)) - raft.server.sleep.deviation.threshold = 300ms (default)
2022-11-03 16:01:17,400 [pool-118-thread-1] INFO  server.RaftServer$Division (ServerState.java:<init>(118)) - b2efe8a5-99bb-41e7-9296-f49000549216@group-BEB6889659DA: ConfigurationManager, init=-1: peers:[8d7ec919-acd2-4b88-a99a-dd9f5739b33b|rpc:10.1.1.36:45267|priority:1|startupRole:FOLLOWER, b2efe8a5-99bb-41e7-9296-f49000549216|rpc:10.1.1.36:39397|priority:0|startupRole:FOLLOWER, 556da25a-9bc8-419d-83a0-dc1d92c1e895|rpc:10.1.1.36:41941|priority:0|startupRole:FOLLOWER]|listeners:[], old=null, confs=<EMPTY_MAP>
2022-11-03 16:01:17,400 [pool-118-thread-1] INFO  server.RaftServerConfigKeys (ConfUtils.java:logGet(46)) - raft.server.storage.dir = [/home/runner/work/ozone/ozone/hadoop-ozone/integration-test/target/test-dir/MiniOzoneClusterImpl-84bf62e0-a170-4695-9dd9-8848938f690d/datanode-2/data/ratis] (custom)
2022-11-03 16:01:17,401 [pool-118-thread-1] INFO  server.RaftServerConfigKeys (ConfUtils.java:logGet(46)) - raft.server.log.corruption.policy = EXCEPTION (default)
2022-11-03 16:01:17,400 [pool-72-thread-1] INFO  storage.RaftStorageDirectory (RaftStorageDirectoryImpl.java:tryLock(231)) - Lock on /home/runner/work/ozone/ozone/hadoop-ozone/integration-test/target/test-dir/MiniOzoneClusterImpl-84bf62e0-a170-4695-9dd9-8848938f690d/datanode-0/data/ratis/cd4b2498-b69b-44d6-af4e-beb6889659da/in_use.lock acquired by nodename 14715@fv-az47-358
2022-11-03 16:01:17,401 [pool-118-thread-1] INFO  server.RaftServerConfigKeys (ConfUtils.java:logGet(46)) - raft.server.storage.free-space.min = 0MB (=0) (default)
2022-11-03 16:01:17,404 [pool-118-thread-1] INFO  server.RaftServerConfigKeys (ConfUtils.java:logGet(46)) - raft.server.notification.no-leader.timeout = 300s (custom)
2022-11-03 16:01:17,404 [pool-118-thread-1] INFO  server.RaftServerConfigKeys (ConfUtils.java:logGet(46)) - raft.server.retrycache.expirytime = 600000ms (custom)
2022-11-03 16:01:17,404 [pool-118-thread-1] INFO  server.RaftServerConfigKeys (ConfUtils.java:logGet(46)) - raft.server.retrycache.statistics.expirytime = 100μs (default)
2022-11-03 16:01:17,405 [pool-118-thread-1] INFO  server.RaftServerConfigKeys (ConfUtils.java:logGet(46)) - raft.server.log.appender.install.snapshot.enabled = false (custom)
2022-11-03 16:01:17,406 [pool-118-thread-1] INFO  server.RaftServerConfigKeys (ConfUtils.java:logGet(46)) - raft.server.threadpool.server.cached = true (default)
2022-11-03 16:01:17,406 [pool-118-thread-1] INFO  server.RaftServerConfigKeys (ConfUtils.java:logGet(46)) - raft.server.threadpool.server.size = 0 (default)
2022-11-03 16:01:17,406 [pool-118-thread-1] INFO  server.RaftServerConfigKeys (ConfUtils.java:logGet(46)) - raft.server.threadpool.client.cached = true (default)
2022-11-03 16:01:17,406 [pool-118-thread-1] INFO  server.RaftServerConfigKeys (ConfUtils.java:logGet(46)) - raft.server.threadpool.client.size = 0 (default)
2022-11-03 16:01:17,406 [pool-118-thread-1] INFO  storage.RaftStorageDirectory (RaftStorageDirectoryImpl.java:analyzeStorage(137)) - The storage directory /home/runner/work/ozone/ozone/hadoop-ozone/integration-test/target/test-dir/MiniOzoneClusterImpl-84bf62e0-a170-4695-9dd9-8848938f690d/datanode-2/data/ratis/cd4b2498-b69b-44d6-af4e-beb6889659da does not exist. Creating ...
2022-11-03 16:01:17,408 [pool-72-thread-1] INFO  storage.RaftStorage (RaftStorageImpl.java:format(96)) - Storage directory /home/runner/work/ozone/ozone/hadoop-ozone/integration-test/target/test-dir/MiniOzoneClusterImpl-84bf62e0-a170-4695-9dd9-8848938f690d/datanode-0/data/ratis/cd4b2498-b69b-44d6-af4e-beb6889659da has been successfully formatted.
2022-11-03 16:01:17,409 [pool-72-thread-1] INFO  ratis.ContainerStateMachine (ContainerStateMachine.java:loadSnapshot(236)) - group-BEB6889659DA: The snapshot info is null. Setting the last applied indexto:(t:0, i:~)
2022-11-03 16:01:17,409 [pool-72-thread-1] INFO  server.RaftServerConfigKeys (ConfUtils.java:logGet(46)) - raft.server.log.use.memory = false (default)
2022-11-03 16:01:17,409 [pool-72-thread-1] INFO  server.RaftServerConfigKeys (ConfUtils.java:logGet(46)) - raft.server.log.purge.gap = 1000000 (custom)
2022-11-03 16:01:17,409 [pool-72-thread-1] INFO  server.RaftServerConfigKeys (ConfUtils.java:logGet(46)) - raft.server.log.appender.buffer.byte-limit = 33554432 (custom)
2022-11-03 16:01:17,409 [pool-72-thread-1] INFO  server.RaftServerConfigKeys (ConfUtils.java:logGet(46)) - raft.server.log.statemachine.data.read.timeout = 1000ms (default)
2022-11-03 16:01:17,409 [pool-72-thread-1] INFO  server.RaftServerConfigKeys (ConfUtils.java:logGet(46)) - raft.server.log.purge.preservation.log.num = 0 (default)
2022-11-03 16:01:17,409 [pool-72-thread-1] INFO  server.RaftServerConfigKeys (ConfUtils.java:logGet(46)) - raft.server.log.segment.size.max = 1048576 (custom)
2022-11-03 16:01:17,410 [pool-72-thread-1] INFO  server.RaftServerConfigKeys (ConfUtils.java:logGet(46)) - raft.server.log.segment.cache.num.max = 2 (custom)
2022-11-03 16:01:17,410 [pool-72-thread-1] INFO  server.RaftServerConfigKeys (ConfUtils.java:logGet(46)) - raft.server.log.segment.cache.size.max = 200MB (=209715200) (default)
2022-11-03 16:01:17,410 [pool-72-thread-1] INFO  segmented.SegmentedRaftLogWorker (SegmentedRaftLogWorker.java:<init>(191)) - new 8d7ec919-acd2-4b88-a99a-dd9f5739b33b@group-BEB6889659DA-SegmentedRaftLogWorker for RaftStorageImpl:Storage Directory /home/runner/work/ozone/ozone/hadoop-ozone/integration-test/target/test-dir/MiniOzoneClusterImpl-84bf62e0-a170-4695-9dd9-8848938f690d/datanode-0/data/ratis/cd4b2498-b69b-44d6-af4e-beb6889659da
2022-11-03 16:01:17,410 [pool-72-thread-1] INFO  server.RaftServerConfigKeys (ConfUtils.java:logGet(46)) - raft.server.log.queue.byte-limit = 4294967296 (custom)
2022-11-03 16:01:17,410 [pool-72-thread-1] INFO  server.RaftServerConfigKeys (ConfUtils.java:logGet(46)) - raft.server.log.queue.element-limit = 1024 (custom)
2022-11-03 16:01:17,410 [pool-72-thread-1] INFO  server.RaftServerConfigKeys (ConfUtils.java:logGet(46)) - raft.server.log.segment.size.max = 1048576 (custom)
2022-11-03 16:01:17,410 [pool-72-thread-1] INFO  server.RaftServerConfigKeys (ConfUtils.java:logGet(46)) - raft.server.log.preallocated.size = 16384 (custom)
2022-11-03 16:01:17,410 [pool-72-thread-1] INFO  server.RaftServerConfigKeys (ConfUtils.java:logGet(46)) - raft.server.log.force.sync.num = 128 (default)
2022-11-03 16:01:17,410 [pool-72-thread-1] INFO  server.RaftServerConfigKeys (ConfUtils.java:logGet(46)) - raft.server.log.statemachine.data.sync = true (default)
2022-11-03 16:01:17,410 [pool-72-thread-1] INFO  server.RaftServerConfigKeys (ConfUtils.java:logGet(46)) - raft.server.log.statemachine.data.sync.timeout = 10s (default)
2022-11-03 16:01:17,410 [pool-72-thread-1] INFO  server.RaftServerConfigKeys (ConfUtils.java:logGet(46)) - raft.server.log.statemachine.data.sync.timeout.retry = -1 (default)
2022-11-03 16:01:17,411 [pool-72-thread-1] INFO  server.RaftServerConfigKeys (ConfUtils.java:logGet(46)) - raft.server.log.write.buffer.size = 1048576 (custom)
2022-11-03 16:01:17,412 [pool-72-thread-1] INFO  server.RaftServerConfigKeys (ConfUtils.java:logGet(46)) - raft.server.log.unsafe-flush.enabled = false (default)
2022-11-03 16:01:17,412 [pool-72-thread-1] INFO  server.RaftServerConfigKeys (ConfUtils.java:logGet(46)) - raft.server.log.async-flush.enabled = false (default)
2022-11-03 16:01:17,412 [pool-72-thread-1] INFO  server.RaftServerConfigKeys (ConfUtils.java:logGet(46)) - raft.server.log.statemachine.data.caching.enabled = true (custom)
2022-11-03 16:01:17,412 [pool-118-thread-1] INFO  storage.RaftStorageDirectory (RaftStorageDirectoryImpl.java:tryLock(231)) - Lock on /home/runner/work/ozone/ozone/hadoop-ozone/integration-test/target/test-dir/MiniOzoneClusterImpl-84bf62e0-a170-4695-9dd9-8848938f690d/datanode-2/data/ratis/cd4b2498-b69b-44d6-af4e-beb6889659da/in_use.lock acquired by nodename 14715@fv-az47-358
2022-11-03 16:01:17,417 [pool-72-thread-1] INFO  segmented.SegmentedRaftLogWorker (SegmentedRaftLogWorker.java:lambda$new$0(136)) - 8d7ec919-acd2-4b88-a99a-dd9f5739b33b@group-BEB6889659DA-SegmentedRaftLogWorker: flushIndex: setUnconditionally 0 -> -1
2022-11-03 16:01:17,417 [pool-72-thread-1] INFO  segmented.SegmentedRaftLogWorker (SegmentedRaftLogWorker.java:lambda$new$0(136)) - 8d7ec919-acd2-4b88-a99a-dd9f5739b33b@group-BEB6889659DA-SegmentedRaftLogWorker: safeCacheEvictIndex: setUnconditionally 0 -> -1
2022-11-03 16:01:17,420 [pool-72-thread-1] INFO  server.RaftServer$Division (RaftServerImpl.java:start(334)) - 8d7ec919-acd2-4b88-a99a-dd9f5739b33b@group-BEB6889659DA: start as a follower, conf=-1: peers:[8d7ec919-acd2-4b88-a99a-dd9f5739b33b|rpc:10.1.1.36:45267|priority:1|startupRole:FOLLOWER, b2efe8a5-99bb-41e7-9296-f49000549216|rpc:10.1.1.36:39397|priority:0|startupRole:FOLLOWER, 556da25a-9bc8-419d-83a0-dc1d92c1e895|rpc:10.1.1.36:41941|priority:0|startupRole:FOLLOWER]|listeners:[], old=null
2022-11-03 16:01:17,420 [pool-72-thread-1] INFO  server.RaftServer$Division (RaftServerImpl.java:setRole(321)) - 8d7ec919-acd2-4b88-a99a-dd9f5739b33b@group-BEB6889659DA: changes role from      null to FOLLOWER at term 0 for startAsFollower
2022-11-03 16:01:17,420 [pool-72-thread-1] INFO  impl.RoleInfo (RoleInfo.java:updateAndGet(139)) - 8d7ec919-acd2-4b88-a99a-dd9f5739b33b: start 8d7ec919-acd2-4b88-a99a-dd9f5739b33b@group-BEB6889659DA-FollowerState
2022-11-03 16:01:17,424 [pool-72-thread-1] INFO  util.JmxRegister (JmxRegister.java:tryRegister(44)) - Successfully registered JMX Bean with object name Ratis:service=RaftServer,group=group-BEB6889659DA,id=8d7ec919-acd2-4b88-a99a-dd9f5739b33b
2022-11-03 16:01:17,424 [pool-72-thread-1] INFO  server.RaftServerConfigKeys (ConfUtils.java:logGet(46)) - raft.server.snapshot.auto.trigger.enabled = true (custom)
2022-11-03 16:01:17,424 [pool-72-thread-1] INFO  server.RaftServerConfigKeys (ConfUtils.java:logGet(46)) - raft.server.snapshot.auto.trigger.threshold = 10000 (custom)
2022-11-03 16:01:17,424 [pool-72-thread-1] INFO  server.RaftServerConfigKeys (ConfUtils.java:logGet(46)) - raft.server.snapshot.retention.file.num = 5 (custom)
2022-11-03 16:01:17,424 [pool-72-thread-1] INFO  server.RaftServerConfigKeys (ConfUtils.java:logGet(46)) - raft.server.log.purge.upto.snapshot.index = false (default)
2022-11-03 16:01:17,428 [8d7ec919-acd2-4b88-a99a-dd9f5739b33b@group-BEB6889659DA-FollowerState] INFO  server.RaftServerConfigKeys (ConfUtils.java:logFallback(53)) - raft.server.rpc.first-election.timeout.min = 5s (fallback to raft.server.rpc.timeout.min)
2022-11-03 16:01:17,428 [8d7ec919-acd2-4b88-a99a-dd9f5739b33b@group-BEB6889659DA-FollowerState] INFO  server.RaftServerConfigKeys (ConfUtils.java:logFallback(53)) - raft.server.rpc.first-election.timeout.max = 5200ms (fallback to raft.server.rpc.timeout.max)
2022-11-03 16:01:17,428 [Command processor thread] INFO  ratis.XceiverServerRatis (XceiverServerRatis.java:addGroup(765)) - Created group PipelineID=cd4b2498-b69b-44d6-af4e-beb6889659da
2022-11-03 16:01:17,440 [EventQueue-OpenPipelineForHealthyPipelineSafeModeRule] INFO  safemode.SCMSafeModeManager (HealthyPipelineSafeModeRule.java:process(137)) - SCM in safe mode. Healthy pipelines reported count is 0, required healthy pipeline reported count is 1
2022-11-03 16:01:17,440 [pool-118-thread-1] INFO  storage.RaftStorage (RaftStorageImpl.java:format(96)) - Storage directory /home/runner/work/ozone/ozone/hadoop-ozone/integration-test/target/test-dir/MiniOzoneClusterImpl-84bf62e0-a170-4695-9dd9-8848938f690d/datanode-2/data/ratis/cd4b2498-b69b-44d6-af4e-beb6889659da has been successfully formatted.
2022-11-03 16:01:17,441 [pool-118-thread-1] INFO  ratis.ContainerStateMachine (ContainerStateMachine.java:loadSnapshot(236)) - group-BEB6889659DA: The snapshot info is null. Setting the last applied indexto:(t:0, i:~)
2022-11-03 16:01:17,441 [pool-118-thread-1] INFO  server.RaftServerConfigKeys (ConfUtils.java:logGet(46)) - raft.server.log.use.memory = false (default)
2022-11-03 16:01:17,441 [pool-118-thread-1] INFO  server.RaftServerConfigKeys (ConfUtils.java:logGet(46)) - raft.server.log.purge.gap = 1000000 (custom)
2022-11-03 16:01:17,441 [pool-118-thread-1] INFO  server.RaftServerConfigKeys (ConfUtils.java:logGet(46)) - raft.server.log.appender.buffer.byte-limit = 33554432 (custom)
2022-11-03 16:01:17,441 [pool-118-thread-1] INFO  server.RaftServerConfigKeys (ConfUtils.java:logGet(46)) - raft.server.log.statemachine.data.read.timeout = 1000ms (default)
2022-11-03 16:01:17,441 [pool-118-thread-1] INFO  server.RaftServerConfigKeys (ConfUtils.java:logGet(46)) - raft.server.log.purge.preservation.log.num = 0 (default)
2022-11-03 16:01:17,442 [pool-118-thread-1] INFO  server.RaftServerConfigKeys (ConfUtils.java:logGet(46)) - raft.server.log.segment.size.max = 1048576 (custom)
2022-11-03 16:01:17,442 [pool-118-thread-1] INFO  server.RaftServerConfigKeys (ConfUtils.java:logGet(46)) - raft.server.log.segment.cache.num.max = 2 (custom)
2022-11-03 16:01:17,442 [pool-118-thread-1] INFO  server.RaftServerConfigKeys (ConfUtils.java:logGet(46)) - raft.server.log.segment.cache.size.max = 200MB (=209715200) (default)
2022-11-03 16:01:17,443 [pool-118-thread-1] INFO  segmented.SegmentedRaftLogWorker (SegmentedRaftLogWorker.java:<init>(191)) - new b2efe8a5-99bb-41e7-9296-f49000549216@group-BEB6889659DA-SegmentedRaftLogWorker for RaftStorageImpl:Storage Directory /home/runner/work/ozone/ozone/hadoop-ozone/integration-test/target/test-dir/MiniOzoneClusterImpl-84bf62e0-a170-4695-9dd9-8848938f690d/datanode-2/data/ratis/cd4b2498-b69b-44d6-af4e-beb6889659da
2022-11-03 16:01:17,443 [pool-118-thread-1] INFO  server.RaftServerConfigKeys (ConfUtils.java:logGet(46)) - raft.server.log.queue.byte-limit = 4294967296 (custom)
2022-11-03 16:01:17,443 [pool-118-thread-1] INFO  server.RaftServerConfigKeys (ConfUtils.java:logGet(46)) - raft.server.log.queue.element-limit = 1024 (custom)
2022-11-03 16:01:17,443 [pool-118-thread-1] INFO  server.RaftServerConfigKeys (ConfUtils.java:logGet(46)) - raft.server.log.segment.size.max = 1048576 (custom)
2022-11-03 16:01:17,443 [pool-118-thread-1] INFO  server.RaftServerConfigKeys (ConfUtils.java:logGet(46)) - raft.server.log.preallocated.size = 16384 (custom)
2022-11-03 16:01:17,443 [pool-118-thread-1] INFO  server.RaftServerConfigKeys (ConfUtils.java:logGet(46)) - raft.server.log.force.sync.num = 128 (default)
2022-11-03 16:01:17,443 [pool-118-thread-1] INFO  server.RaftServerConfigKeys (ConfUtils.java:logGet(46)) - raft.server.log.statemachine.data.sync = true (default)
2022-11-03 16:01:17,443 [pool-118-thread-1] INFO  server.RaftServerConfigKeys (ConfUtils.java:logGet(46)) - raft.server.log.statemachine.data.sync.timeout = 10s (default)
2022-11-03 16:01:17,443 [pool-118-thread-1] INFO  server.RaftServerConfigKeys (ConfUtils.java:logGet(46)) - raft.server.log.statemachine.data.sync.timeout.retry = -1 (default)
2022-11-03 16:01:17,444 [pool-118-thread-1] INFO  server.RaftServerConfigKeys (ConfUtils.java:logGet(46)) - raft.server.log.write.buffer.size = 1048576 (custom)
2022-11-03 16:01:17,446 [pool-118-thread-1] INFO  server.RaftServerConfigKeys (ConfUtils.java:logGet(46)) - raft.server.log.unsafe-flush.enabled = false (default)
2022-11-03 16:01:17,446 [pool-118-thread-1] INFO  server.RaftServerConfigKeys (ConfUtils.java:logGet(46)) - raft.server.log.async-flush.enabled = false (default)
2022-11-03 16:01:17,446 [pool-118-thread-1] INFO  server.RaftServerConfigKeys (ConfUtils.java:logGet(46)) - raft.server.log.statemachine.data.caching.enabled = true (custom)
2022-11-03 16:01:17,447 [pool-118-thread-1] INFO  segmented.SegmentedRaftLogWorker (SegmentedRaftLogWorker.java:lambda$new$0(136)) - b2efe8a5-99bb-41e7-9296-f49000549216@group-BEB6889659DA-SegmentedRaftLogWorker: flushIndex: setUnconditionally 0 -> -1
2022-11-03 16:01:17,447 [pool-118-thread-1] INFO  segmented.SegmentedRaftLogWorker (SegmentedRaftLogWorker.java:lambda$new$0(136)) - b2efe8a5-99bb-41e7-9296-f49000549216@group-BEB6889659DA-SegmentedRaftLogWorker: safeCacheEvictIndex: setUnconditionally 0 -> -1
2022-11-03 16:01:17,452 [pool-118-thread-1] INFO  server.RaftServer$Division (RaftServerImpl.java:start(334)) - b2efe8a5-99bb-41e7-9296-f49000549216@group-BEB6889659DA: start as a follower, conf=-1: peers:[8d7ec919-acd2-4b88-a99a-dd9f5739b33b|rpc:10.1.1.36:45267|priority:1|startupRole:FOLLOWER, b2efe8a5-99bb-41e7-9296-f49000549216|rpc:10.1.1.36:39397|priority:0|startupRole:FOLLOWER, 556da25a-9bc8-419d-83a0-dc1d92c1e895|rpc:10.1.1.36:41941|priority:0|startupRole:FOLLOWER]|listeners:[], old=null
2022-11-03 16:01:17,453 [pool-118-thread-1] INFO  server.RaftServer$Division (RaftServerImpl.java:setRole(321)) - b2efe8a5-99bb-41e7-9296-f49000549216@group-BEB6889659DA: changes role from      null to FOLLOWER at term 0 for startAsFollower
2022-11-03 16:01:17,453 [pool-118-thread-1] INFO  impl.RoleInfo (RoleInfo.java:updateAndGet(139)) - b2efe8a5-99bb-41e7-9296-f49000549216: start b2efe8a5-99bb-41e7-9296-f49000549216@group-BEB6889659DA-FollowerState
2022-11-03 16:01:17,461 [pool-118-thread-1] INFO  util.JmxRegister (JmxRegister.java:tryRegister(44)) - Successfully registered JMX Bean with object name Ratis:service=RaftServer,group=group-BEB6889659DA,id=b2efe8a5-99bb-41e7-9296-f49000549216
2022-11-03 16:01:17,461 [pool-118-thread-1] INFO  server.RaftServerConfigKeys (ConfUtils.java:logGet(46)) - raft.server.snapshot.auto.trigger.enabled = true (custom)
2022-11-03 16:01:17,462 [pool-118-thread-1] INFO  server.RaftServerConfigKeys (ConfUtils.java:logGet(46)) - raft.server.snapshot.auto.trigger.threshold = 10000 (custom)
2022-11-03 16:01:17,462 [pool-118-thread-1] INFO  server.RaftServerConfigKeys (ConfUtils.java:logGet(46)) - raft.server.snapshot.retention.file.num = 5 (custom)
2022-11-03 16:01:17,462 [pool-118-thread-1] INFO  server.RaftServerConfigKeys (ConfUtils.java:logGet(46)) - raft.server.log.purge.upto.snapshot.index = false (default)
2022-11-03 16:01:17,463 [EventQueue-OpenPipelineForHealthyPipelineSafeModeRule] INFO  safemode.SCMSafeModeManager (HealthyPipelineSafeModeRule.java:process(137)) - SCM in safe mode. Healthy pipelines reported count is 0, required healthy pipeline reported count is 1
2022-11-03 16:01:17,467 [Command processor thread] INFO  ratis.XceiverServerRatis (XceiverServerRatis.java:addGroup(765)) - Created group PipelineID=cd4b2498-b69b-44d6-af4e-beb6889659da
2022-11-03 16:01:17,485 [b2efe8a5-99bb-41e7-9296-f49000549216@group-BEB6889659DA-FollowerState] INFO  server.RaftServerConfigKeys (ConfUtils.java:logFallback(53)) - raft.server.rpc.first-election.timeout.min = 5s (fallback to raft.server.rpc.timeout.min)
2022-11-03 16:01:17,485 [b2efe8a5-99bb-41e7-9296-f49000549216@group-BEB6889659DA-FollowerState] INFO  server.RaftServerConfigKeys (ConfUtils.java:logFallback(53)) - raft.server.rpc.first-election.timeout.max = 5200ms (fallback to raft.server.rpc.timeout.max)
2022-11-03 16:01:17,544 [Command processor thread] INFO  commandhandler.CreatePipelineCommandHandler (CreatePipelineCommandHandler.java:handle(113)) - Created Pipeline RATIS THREE PipelineID=cd4b2498-b69b-44d6-af4e-beb6889659da.
2022-11-03 16:01:17,574 [Command processor thread] INFO  commandhandler.CreatePipelineCommandHandler (CreatePipelineCommandHandler.java:handle(113)) - Created Pipeline RATIS THREE PipelineID=cd4b2498-b69b-44d6-af4e-beb6889659da.
2022-11-03 16:01:17,578 [Command processor thread] INFO  commandhandler.CreatePipelineCommandHandler (CreatePipelineCommandHandler.java:handle(113)) - Created Pipeline RATIS THREE PipelineID=cd4b2498-b69b-44d6-af4e-beb6889659da.
2022-11-03 16:01:17,668 [Command processor thread] INFO  server.RaftServer (RaftServerProxy.java:addNew(96)) - 3af182df-8746-4079-a1aa-2aadbfcb2e37: addNew group-C23791542C4C:[3af182df-8746-4079-a1aa-2aadbfcb2e37|rpc:10.1.1.36:35587|priority:1|startupRole:FOLLOWER] returns group-C23791542C4C:java.util.concurrent.CompletableFuture@40d4e214[Not completed]
2022-11-03 16:01:17,672 [pool-141-thread-1] INFO  server.RaftServer$Division (RaftServerImpl.java:<init>(195)) - 3af182df-8746-4079-a1aa-2aadbfcb2e37: new RaftServerImpl for group-C23791542C4C:[3af182df-8746-4079-a1aa-2aadbfcb2e37|rpc:10.1.1.36:35587|priority:1|startupRole:FOLLOWER] with ContainerStateMachine:uninitialized
2022-11-03 16:01:17,672 [pool-141-thread-1] INFO  server.RaftServerConfigKeys (ConfUtils.java:logGet(46)) - raft.server.rpc.timeout.min = 5s (custom)
2022-11-03 16:01:17,672 [pool-141-thread-1] INFO  server.RaftServerConfigKeys (ConfUtils.java:logGet(46)) - raft.server.rpc.timeout.max = 5200ms (custom)
2022-11-03 16:01:17,672 [pool-141-thread-1] INFO  server.RaftServerConfigKeys (ConfUtils.java:logGet(46)) - raft.server.rpc.sleep.time = 25ms (default)
2022-11-03 16:01:17,672 [pool-141-thread-1] INFO  server.RaftServerConfigKeys (ConfUtils.java:logGet(46)) - raft.server.rpc.slowness.timeout = 300s (custom)
2022-11-03 16:01:17,673 [pool-141-thread-1] INFO  server.RaftServerConfigKeys (ConfUtils.java:logGet(46)) - raft.server.leaderelection.leader.step-down.wait-time = 10s (default)
2022-11-03 16:01:17,673 [pool-141-thread-1] INFO  server.RaftServerConfigKeys (ConfUtils.java:logGet(46)) - raft.server.sleep.deviation.threshold = 300ms (default)
2022-11-03 16:01:17,673 [pool-141-thread-1] INFO  server.RaftServer$Division (ServerState.java:<init>(118)) - 3af182df-8746-4079-a1aa-2aadbfcb2e37@group-C23791542C4C: ConfigurationManager, init=-1: peers:[3af182df-8746-4079-a1aa-2aadbfcb2e37|rpc:10.1.1.36:35587|priority:1|startupRole:FOLLOWER]|listeners:[], old=null, confs=<EMPTY_MAP>
2022-11-03 16:01:17,673 [pool-141-thread-1] INFO  server.RaftServerConfigKeys (ConfUtils.java:logGet(46)) - raft.server.storage.dir = [/home/runner/work/ozone/ozone/hadoop-ozone/integration-test/target/test-dir/MiniOzoneClusterImpl-84bf62e0-a170-4695-9dd9-8848938f690d/datanode-3/data/ratis] (custom)
2022-11-03 16:01:17,673 [pool-141-thread-1] INFO  server.RaftServerConfigKeys (ConfUtils.java:logGet(46)) - raft.server.log.corruption.policy = EXCEPTION (default)
2022-11-03 16:01:17,674 [pool-141-thread-1] INFO  server.RaftServerConfigKeys (ConfUtils.java:logGet(46)) - raft.server.storage.free-space.min = 0MB (=0) (default)
2022-11-03 16:01:17,674 [pool-141-thread-1] INFO  server.RaftServerConfigKeys (ConfUtils.java:logGet(46)) - raft.server.notification.no-leader.timeout = 300s (custom)
2022-11-03 16:01:17,674 [pool-141-thread-1] INFO  server.RaftServerConfigKeys (ConfUtils.java:logGet(46)) - raft.server.retrycache.expirytime = 600000ms (custom)
2022-11-03 16:01:17,674 [pool-141-thread-1] INFO  server.RaftServerConfigKeys (ConfUtils.java:logGet(46)) - raft.server.retrycache.statistics.expirytime = 100μs (default)
2022-11-03 16:01:17,676 [pool-141-thread-1] INFO  server.RaftServerConfigKeys (ConfUtils.java:logGet(46)) - raft.server.log.appender.install.snapshot.enabled = false (custom)
2022-11-03 16:01:17,676 [pool-141-thread-1] INFO  server.RaftServerConfigKeys (ConfUtils.java:logGet(46)) - raft.server.threadpool.server.cached = true (default)
2022-11-03 16:01:17,676 [pool-141-thread-1] INFO  server.RaftServerConfigKeys (ConfUtils.java:logGet(46)) - raft.server.threadpool.server.size = 0 (default)
2022-11-03 16:01:17,677 [pool-141-thread-1] INFO  server.RaftServerConfigKeys (ConfUtils.java:logGet(46)) - raft.server.threadpool.client.cached = true (default)
2022-11-03 16:01:17,677 [pool-141-thread-1] INFO  server.RaftServerConfigKeys (ConfUtils.java:logGet(46)) - raft.server.threadpool.client.size = 0 (default)
2022-11-03 16:01:17,677 [pool-141-thread-1] INFO  storage.RaftStorageDirectory (RaftStorageDirectoryImpl.java:analyzeStorage(137)) - The storage directory /home/runner/work/ozone/ozone/hadoop-ozone/integration-test/target/test-dir/MiniOzoneClusterImpl-84bf62e0-a170-4695-9dd9-8848938f690d/datanode-3/data/ratis/e35255d0-3530-439e-90c0-c23791542c4c does not exist. Creating ...
2022-11-03 16:01:17,678 [pool-141-thread-1] INFO  storage.RaftStorageDirectory (RaftStorageDirectoryImpl.java:tryLock(231)) - Lock on /home/runner/work/ozone/ozone/hadoop-ozone/integration-test/target/test-dir/MiniOzoneClusterImpl-84bf62e0-a170-4695-9dd9-8848938f690d/datanode-3/data/ratis/e35255d0-3530-439e-90c0-c23791542c4c/in_use.lock acquired by nodename 14715@fv-az47-358
2022-11-03 16:01:17,679 [pool-141-thread-1] INFO  storage.RaftStorage (RaftStorageImpl.java:format(96)) - Storage directory /home/runner/work/ozone/ozone/hadoop-ozone/integration-test/target/test-dir/MiniOzoneClusterImpl-84bf62e0-a170-4695-9dd9-8848938f690d/datanode-3/data/ratis/e35255d0-3530-439e-90c0-c23791542c4c has been successfully formatted.
2022-11-03 16:01:17,679 [pool-141-thread-1] INFO  ratis.ContainerStateMachine (ContainerStateMachine.java:loadSnapshot(236)) - group-C23791542C4C: The snapshot info is null. Setting the last applied indexto:(t:0, i:~)
2022-11-03 16:01:17,679 [pool-141-thread-1] INFO  server.RaftServerConfigKeys (ConfUtils.java:logGet(46)) - raft.server.log.use.memory = false (default)
2022-11-03 16:01:17,679 [pool-141-thread-1] INFO  server.RaftServerConfigKeys (ConfUtils.java:logGet(46)) - raft.server.log.purge.gap = 1000000 (custom)
2022-11-03 16:01:17,679 [pool-141-thread-1] INFO  server.RaftServerConfigKeys (ConfUtils.java:logGet(46)) - raft.server.log.appender.buffer.byte-limit = 33554432 (custom)
2022-11-03 16:01:17,679 [pool-141-thread-1] INFO  server.RaftServerConfigKeys (ConfUtils.java:logGet(46)) - raft.server.log.statemachine.data.read.timeout = 1000ms (default)
2022-11-03 16:01:17,682 [pool-141-thread-1] INFO  server.RaftServerConfigKeys (ConfUtils.java:logGet(46)) - raft.server.log.purge.preservation.log.num = 0 (default)
2022-11-03 16:01:17,683 [pool-141-thread-1] INFO  server.RaftServerConfigKeys (ConfUtils.java:logGet(46)) - raft.server.log.segment.size.max = 1048576 (custom)
2022-11-03 16:01:17,683 [EventQueue-PipelineReportForPipelineReportHandler] INFO  pipeline.PipelineManagerImpl (PipelineManagerImpl.java:openPipeline(367)) - Pipeline Pipeline[ Id: e35255d0-3530-439e-90c0-c23791542c4c, Nodes: 3af182df-8746-4079-a1aa-2aadbfcb2e37{ip: 10.1.1.36, host: fv-az47-358.mma5zatft5wupo5mzspaixdheh.bx.internal.cloudapp.net, ports: [REPLICATION=40563, RATIS=35587, RATIS_ADMIN=35587, RATIS_SERVER=35587, STANDALONE=33707], networkLocation: /default-rack, certSerialId: null, persistedOpState: IN_SERVICE, persistedOpStateExpiryEpochSec: 0}, ReplicationConfig: RATIS/ONE, State:ALLOCATED, leaderId:3af182df-8746-4079-a1aa-2aadbfcb2e37, CreationTimestamp2022-11-03T16:01:14.671Z[Etc/UTC]] moved to OPEN state
2022-11-03 16:01:17,683 [EventQueue-OpenPipelineForHealthyPipelineSafeModeRule] INFO  safemode.SCMSafeModeManager (HealthyPipelineSafeModeRule.java:process(137)) - SCM in safe mode. Healthy pipelines reported count is 0, required healthy pipeline reported count is 1
2022-11-03 16:01:17,684 [pool-141-thread-1] INFO  server.RaftServerConfigKeys (ConfUtils.java:logGet(46)) - raft.server.log.segment.cache.num.max = 2 (custom)
2022-11-03 16:01:17,685 [pool-141-thread-1] INFO  server.RaftServerConfigKeys (ConfUtils.java:logGet(46)) - raft.server.log.segment.cache.size.max = 200MB (=209715200) (default)
2022-11-03 16:01:17,685 [pool-141-thread-1] INFO  segmented.SegmentedRaftLogWorker (SegmentedRaftLogWorker.java:<init>(191)) - new 3af182df-8746-4079-a1aa-2aadbfcb2e37@group-C23791542C4C-SegmentedRaftLogWorker for RaftStorageImpl:Storage Directory /home/runner/work/ozone/ozone/hadoop-ozone/integration-test/target/test-dir/MiniOzoneClusterImpl-84bf62e0-a170-4695-9dd9-8848938f690d/datanode-3/data/ratis/e35255d0-3530-439e-90c0-c23791542c4c
2022-11-03 16:01:17,685 [pool-141-thread-1] INFO  server.RaftServerConfigKeys (ConfUtils.java:logGet(46)) - raft.server.log.queue.byte-limit = 4294967296 (custom)
2022-11-03 16:01:17,685 [pool-141-thread-1] INFO  server.RaftServerConfigKeys (ConfUtils.java:logGet(46)) - raft.server.log.queue.element-limit = 1024 (custom)
2022-11-03 16:01:17,685 [pool-141-thread-1] INFO  server.RaftServerConfigKeys (ConfUtils.java:logGet(46)) - raft.server.log.segment.size.max = 1048576 (custom)
2022-11-03 16:01:17,685 [pool-141-thread-1] INFO  server.RaftServerConfigKeys (ConfUtils.java:logGet(46)) - raft.server.log.preallocated.size = 16384 (custom)
2022-11-03 16:01:17,685 [pool-141-thread-1] INFO  server.RaftServerConfigKeys (ConfUtils.java:logGet(46)) - raft.server.log.force.sync.num = 128 (default)
2022-11-03 16:01:17,685 [pool-141-thread-1] INFO  server.RaftServerConfigKeys (ConfUtils.java:logGet(46)) - raft.server.log.statemachine.data.sync = true (default)
2022-11-03 16:01:17,685 [pool-141-thread-1] INFO  server.RaftServerConfigKeys (ConfUtils.java:logGet(46)) - raft.server.log.statemachine.data.sync.timeout = 10s (default)
2022-11-03 16:01:17,685 [pool-141-thread-1] INFO  server.RaftServerConfigKeys (ConfUtils.java:logGet(46)) - raft.server.log.statemachine.data.sync.timeout.retry = -1 (default)
2022-11-03 16:01:17,686 [pool-141-thread-1] INFO  server.RaftServerConfigKeys (ConfUtils.java:logGet(46)) - raft.server.log.write.buffer.size = 1048576 (custom)
2022-11-03 16:01:17,686 [pool-141-thread-1] INFO  server.RaftServerConfigKeys (ConfUtils.java:logGet(46)) - raft.server.log.unsafe-flush.enabled = false (default)
2022-11-03 16:01:17,686 [pool-141-thread-1] INFO  server.RaftServerConfigKeys (ConfUtils.java:logGet(46)) - raft.server.log.async-flush.enabled = false (default)
2022-11-03 16:01:17,686 [pool-141-thread-1] INFO  server.RaftServerConfigKeys (ConfUtils.java:logGet(46)) - raft.server.log.statemachine.data.caching.enabled = true (custom)
2022-11-03 16:01:17,687 [pool-141-thread-1] INFO  segmented.SegmentedRaftLogWorker (SegmentedRaftLogWorker.java:lambda$new$0(136)) - 3af182df-8746-4079-a1aa-2aadbfcb2e37@group-C23791542C4C-SegmentedRaftLogWorker: flushIndex: setUnconditionally 0 -> -1
2022-11-03 16:01:17,687 [pool-141-thread-1] INFO  segmented.SegmentedRaftLogWorker (SegmentedRaftLogWorker.java:lambda$new$0(136)) - 3af182df-8746-4079-a1aa-2aadbfcb2e37@group-C23791542C4C-SegmentedRaftLogWorker: safeCacheEvictIndex: setUnconditionally 0 -> -1
2022-11-03 16:01:17,687 [pool-141-thread-1] INFO  server.RaftServer$Division (RaftServerImpl.java:start(334)) - 3af182df-8746-4079-a1aa-2aadbfcb2e37@group-C23791542C4C: start as a follower, conf=-1: peers:[3af182df-8746-4079-a1aa-2aadbfcb2e37|rpc:10.1.1.36:35587|priority:1|startupRole:FOLLOWER]|listeners:[], old=null
2022-11-03 16:01:17,687 [pool-141-thread-1] INFO  server.RaftServer$Division (RaftServerImpl.java:setRole(321)) - 3af182df-8746-4079-a1aa-2aadbfcb2e37@group-C23791542C4C: changes role from      null to FOLLOWER at term 0 for startAsFollower
2022-11-03 16:01:17,687 [pool-141-thread-1] INFO  impl.RoleInfo (RoleInfo.java:updateAndGet(139)) - 3af182df-8746-4079-a1aa-2aadbfcb2e37: start 3af182df-8746-4079-a1aa-2aadbfcb2e37@group-C23791542C4C-FollowerState
2022-11-03 16:01:17,694 [pool-141-thread-1] INFO  util.JmxRegister (JmxRegister.java:tryRegister(44)) - Successfully registered JMX Bean with object name Ratis:service=RaftServer,group=group-C23791542C4C,id=3af182df-8746-4079-a1aa-2aadbfcb2e37
2022-11-03 16:01:17,694 [pool-141-thread-1] INFO  server.RaftServerConfigKeys (ConfUtils.java:logGet(46)) - raft.server.snapshot.auto.trigger.enabled = true (custom)
2022-11-03 16:01:17,694 [pool-141-thread-1] INFO  server.RaftServerConfigKeys (ConfUtils.java:logGet(46)) - raft.server.snapshot.auto.trigger.threshold = 10000 (custom)
2022-11-03 16:01:17,694 [pool-141-thread-1] INFO  server.RaftServerConfigKeys (ConfUtils.java:logGet(46)) - raft.server.snapshot.retention.file.num = 5 (custom)
2022-11-03 16:01:17,694 [3af182df-8746-4079-a1aa-2aadbfcb2e37@group-C23791542C4C-FollowerState] INFO  server.RaftServerConfigKeys (ConfUtils.java:logFallback(53)) - raft.server.rpc.first-election.timeout.min = 5s (fallback to raft.server.rpc.timeout.min)
2022-11-03 16:01:17,694 [pool-141-thread-1] INFO  server.RaftServerConfigKeys (ConfUtils.java:logGet(46)) - raft.server.log.purge.upto.snapshot.index = false (default)
2022-11-03 16:01:17,694 [3af182df-8746-4079-a1aa-2aadbfcb2e37@group-C23791542C4C-FollowerState] INFO  server.RaftServerConfigKeys (ConfUtils.java:logFallback(53)) - raft.server.rpc.first-election.timeout.max = 5200ms (fallback to raft.server.rpc.timeout.max)
2022-11-03 16:01:17,697 [Command processor thread] INFO  ratis.XceiverServerRatis (XceiverServerRatis.java:addGroup(765)) - Created group PipelineID=e35255d0-3530-439e-90c0-c23791542c4c
2022-11-03 16:01:17,697 [Command processor thread] INFO  commandhandler.CreatePipelineCommandHandler (CreatePipelineCommandHandler.java:handle(113)) - Created Pipeline RATIS ONE PipelineID=e35255d0-3530-439e-90c0-c23791542c4c.
2022-11-03 16:01:17,697 [Command processor thread] INFO  server.RaftServer (RaftServerProxy.java:addNew(96)) - 3af182df-8746-4079-a1aa-2aadbfcb2e37: addNew group-94A5FE1A6C6F:[6065ee46-1250-4f2d-bd18-fb99db464885|rpc:10.1.1.36:43193|priority:0|startupRole:FOLLOWER, 2369a186-4f78-4e7b-885b-53a729611fd8|rpc:10.1.1.36:35493|priority:1|startupRole:FOLLOWER, 3af182df-8746-4079-a1aa-2aadbfcb2e37|rpc:10.1.1.36:35587|priority:0|startupRole:FOLLOWER] returns group-94A5FE1A6C6F:java.util.concurrent.CompletableFuture@44eb7ed6[Not completed]
2022-11-03 16:01:17,698 [pool-141-thread-1] INFO  server.RaftServer$Division (RaftServerImpl.java:<init>(195)) - 3af182df-8746-4079-a1aa-2aadbfcb2e37: new RaftServerImpl for group-94A5FE1A6C6F:[6065ee46-1250-4f2d-bd18-fb99db464885|rpc:10.1.1.36:43193|priority:0|startupRole:FOLLOWER, 2369a186-4f78-4e7b-885b-53a729611fd8|rpc:10.1.1.36:35493|priority:1|startupRole:FOLLOWER, 3af182df-8746-4079-a1aa-2aadbfcb2e37|rpc:10.1.1.36:35587|priority:0|startupRole:FOLLOWER] with ContainerStateMachine:uninitialized
2022-11-03 16:01:17,698 [pool-141-thread-1] INFO  server.RaftServerConfigKeys (ConfUtils.java:logGet(46)) - raft.server.rpc.timeout.min = 5s (custom)
2022-11-03 16:01:17,698 [pool-141-thread-1] INFO  server.RaftServerConfigKeys (ConfUtils.java:logGet(46)) - raft.server.rpc.timeout.max = 5200ms (custom)
2022-11-03 16:01:17,698 [pool-141-thread-1] INFO  server.RaftServerConfigKeys (ConfUtils.java:logGet(46)) - raft.server.rpc.sleep.time = 25ms (default)
2022-11-03 16:01:17,698 [pool-141-thread-1] INFO  server.RaftServerConfigKeys (ConfUtils.java:logGet(46)) - raft.server.rpc.slowness.timeout = 300s (custom)
2022-11-03 16:01:17,698 [pool-141-thread-1] INFO  server.RaftServerConfigKeys (ConfUtils.java:logGet(46)) - raft.server.leaderelection.leader.step-down.wait-time = 10s (default)
2022-11-03 16:01:17,698 [pool-141-thread-1] INFO  server.RaftServerConfigKeys (ConfUtils.java:logGet(46)) - raft.server.sleep.deviation.threshold = 300ms (default)
2022-11-03 16:01:17,698 [pool-141-thread-1] INFO  server.RaftServer$Division (ServerState.java:<init>(118)) - 3af182df-8746-4079-a1aa-2aadbfcb2e37@group-94A5FE1A6C6F: ConfigurationManager, init=-1: peers:[6065ee46-1250-4f2d-bd18-fb99db464885|rpc:10.1.1.36:43193|priority:0|startupRole:FOLLOWER, 2369a186-4f78-4e7b-885b-53a729611fd8|rpc:10.1.1.36:35493|priority:1|startupRole:FOLLOWER, 3af182df-8746-4079-a1aa-2aadbfcb2e37|rpc:10.1.1.36:35587|priority:0|startupRole:FOLLOWER]|listeners:[], old=null, confs=<EMPTY_MAP>
2022-11-03 16:01:17,698 [pool-141-thread-1] INFO  server.RaftServerConfigKeys (ConfUtils.java:logGet(46)) - raft.server.storage.dir = [/home/runner/work/ozone/ozone/hadoop-ozone/integration-test/target/test-dir/MiniOzoneClusterImpl-84bf62e0-a170-4695-9dd9-8848938f690d/datanode-3/data/ratis] (custom)
2022-11-03 16:01:17,698 [pool-141-thread-1] INFO  server.RaftServerConfigKeys (ConfUtils.java:logGet(46)) - raft.server.log.corruption.policy = EXCEPTION (default)
2022-11-03 16:01:17,699 [pool-141-thread-1] INFO  server.RaftServerConfigKeys (ConfUtils.java:logGet(46)) - raft.server.storage.free-space.min = 0MB (=0) (default)
2022-11-03 16:01:17,699 [pool-141-thread-1] INFO  server.RaftServerConfigKeys (ConfUtils.java:logGet(46)) - raft.server.notification.no-leader.timeout = 300s (custom)
2022-11-03 16:01:17,699 [pool-141-thread-1] INFO  server.RaftServerConfigKeys (ConfUtils.java:logGet(46)) - raft.server.retrycache.expirytime = 600000ms (custom)
2022-11-03 16:01:17,699 [pool-141-thread-1] INFO  server.RaftServerConfigKeys (ConfUtils.java:logGet(46)) - raft.server.retrycache.statistics.expirytime = 100μs (default)
2022-11-03 16:01:17,700 [pool-141-thread-1] INFO  server.RaftServerConfigKeys (ConfUtils.java:logGet(46)) - raft.server.log.appender.install.snapshot.enabled = false (custom)
2022-11-03 16:01:17,700 [pool-141-thread-1] INFO  server.RaftServerConfigKeys (ConfUtils.java:logGet(46)) - raft.server.threadpool.server.cached = true (default)
2022-11-03 16:01:17,700 [pool-141-thread-1] INFO  server.RaftServerConfigKeys (ConfUtils.java:logGet(46)) - raft.server.threadpool.server.size = 0 (default)
2022-11-03 16:01:17,700 [pool-141-thread-1] INFO  server.RaftServerConfigKeys (ConfUtils.java:logGet(46)) - raft.server.threadpool.client.cached = true (default)
2022-11-03 16:01:17,700 [pool-141-thread-1] INFO  server.RaftServerConfigKeys (ConfUtils.java:logGet(46)) - raft.server.threadpool.client.size = 0 (default)
2022-11-03 16:01:17,700 [pool-141-thread-1] INFO  storage.RaftStorageDirectory (RaftStorageDirectoryImpl.java:analyzeStorage(137)) - The storage directory /home/runner/work/ozone/ozone/hadoop-ozone/integration-test/target/test-dir/MiniOzoneClusterImpl-84bf62e0-a170-4695-9dd9-8848938f690d/datanode-3/data/ratis/2f92345d-93a4-4cdf-8dfe-94a5fe1a6c6f does not exist. Creating ...
2022-11-03 16:01:17,701 [pool-141-thread-1] INFO  storage.RaftStorageDirectory (RaftStorageDirectoryImpl.java:tryLock(231)) - Lock on /home/runner/work/ozone/ozone/hadoop-ozone/integration-test/target/test-dir/MiniOzoneClusterImpl-84bf62e0-a170-4695-9dd9-8848938f690d/datanode-3/data/ratis/2f92345d-93a4-4cdf-8dfe-94a5fe1a6c6f/in_use.lock acquired by nodename 14715@fv-az47-358
2022-11-03 16:01:17,702 [pool-141-thread-1] INFO  storage.RaftStorage (RaftStorageImpl.java:format(96)) - Storage directory /home/runner/work/ozone/ozone/hadoop-ozone/integration-test/target/test-dir/MiniOzoneClusterImpl-84bf62e0-a170-4695-9dd9-8848938f690d/datanode-3/data/ratis/2f92345d-93a4-4cdf-8dfe-94a5fe1a6c6f has been successfully formatted.
2022-11-03 16:01:17,702 [pool-141-thread-1] INFO  ratis.ContainerStateMachine (ContainerStateMachine.java:loadSnapshot(236)) - group-94A5FE1A6C6F: The snapshot info is null. Setting the last applied indexto:(t:0, i:~)
2022-11-03 16:01:17,703 [pool-141-thread-1] INFO  server.RaftServerConfigKeys (ConfUtils.java:logGet(46)) - raft.server.log.use.memory = false (default)
2022-11-03 16:01:17,703 [pool-141-thread-1] INFO  server.RaftServerConfigKeys (ConfUtils.java:logGet(46)) - raft.server.log.purge.gap = 1000000 (custom)
2022-11-03 16:01:17,703 [pool-141-thread-1] INFO  server.RaftServerConfigKeys (ConfUtils.java:logGet(46)) - raft.server.log.appender.buffer.byte-limit = 33554432 (custom)
2022-11-03 16:01:17,704 [pool-141-thread-1] INFO  server.RaftServerConfigKeys (ConfUtils.java:logGet(46)) - raft.server.log.statemachine.data.read.timeout = 1000ms (default)
2022-11-03 16:01:17,704 [pool-141-thread-1] INFO  server.RaftServerConfigKeys (ConfUtils.java:logGet(46)) - raft.server.log.purge.preservation.log.num = 0 (default)
2022-11-03 16:01:17,705 [pool-141-thread-1] INFO  server.RaftServerConfigKeys (ConfUtils.java:logGet(46)) - raft.server.log.segment.size.max = 1048576 (custom)
2022-11-03 16:01:17,705 [EventQueue-OpenPipelineForHealthyPipelineSafeModeRule] INFO  safemode.SCMSafeModeManager (HealthyPipelineSafeModeRule.java:process(137)) - SCM in safe mode. Healthy pipelines reported count is 0, required healthy pipeline reported count is 1
2022-11-03 16:01:17,707 [pool-141-thread-1] INFO  server.RaftServerConfigKeys (ConfUtils.java:logGet(46)) - raft.server.log.segment.cache.num.max = 2 (custom)
2022-11-03 16:01:17,707 [pool-141-thread-1] INFO  server.RaftServerConfigKeys (ConfUtils.java:logGet(46)) - raft.server.log.segment.cache.size.max = 200MB (=209715200) (default)
2022-11-03 16:01:17,707 [pool-141-thread-1] INFO  segmented.SegmentedRaftLogWorker (SegmentedRaftLogWorker.java:<init>(191)) - new 3af182df-8746-4079-a1aa-2aadbfcb2e37@group-94A5FE1A6C6F-SegmentedRaftLogWorker for RaftStorageImpl:Storage Directory /home/runner/work/ozone/ozone/hadoop-ozone/integration-test/target/test-dir/MiniOzoneClusterImpl-84bf62e0-a170-4695-9dd9-8848938f690d/datanode-3/data/ratis/2f92345d-93a4-4cdf-8dfe-94a5fe1a6c6f
2022-11-03 16:01:17,707 [pool-141-thread-1] INFO  server.RaftServerConfigKeys (ConfUtils.java:logGet(46)) - raft.server.log.queue.byte-limit = 4294967296 (custom)
2022-11-03 16:01:17,707 [pool-141-thread-1] INFO  server.RaftServerConfigKeys (ConfUtils.java:logGet(46)) - raft.server.log.queue.element-limit = 1024 (custom)
2022-11-03 16:01:17,707 [pool-141-thread-1] INFO  server.RaftServerConfigKeys (ConfUtils.java:logGet(46)) - raft.server.log.segment.size.max = 1048576 (custom)
2022-11-03 16:01:17,707 [pool-141-thread-1] INFO  server.RaftServerConfigKeys (ConfUtils.java:logGet(46)) - raft.server.log.preallocated.size = 16384 (custom)
2022-11-03 16:01:17,707 [pool-141-thread-1] INFO  server.RaftServerConfigKeys (ConfUtils.java:logGet(46)) - raft.server.log.force.sync.num = 128 (default)
2022-11-03 16:01:17,707 [pool-141-thread-1] INFO  server.RaftServerConfigKeys (ConfUtils.java:logGet(46)) - raft.server.log.statemachine.data.sync = true (default)
2022-11-03 16:01:17,708 [pool-141-thread-1] INFO  server.RaftServerConfigKeys (ConfUtils.java:logGet(46)) - raft.server.log.statemachine.data.sync.timeout = 10s (default)
2022-11-03 16:01:17,708 [pool-141-thread-1] INFO  server.RaftServerConfigKeys (ConfUtils.java:logGet(46)) - raft.server.log.statemachine.data.sync.timeout.retry = -1 (default)
2022-11-03 16:01:17,708 [pool-141-thread-1] INFO  server.RaftServerConfigKeys (ConfUtils.java:logGet(46)) - raft.server.log.write.buffer.size = 1048576 (custom)
2022-11-03 16:01:17,709 [pool-141-thread-1] INFO  server.RaftServerConfigKeys (ConfUtils.java:logGet(46)) - raft.server.log.unsafe-flush.enabled = false (default)
2022-11-03 16:01:17,709 [pool-141-thread-1] INFO  server.RaftServerConfigKeys (ConfUtils.java:logGet(46)) - raft.server.log.async-flush.enabled = false (default)
2022-11-03 16:01:17,709 [pool-141-thread-1] INFO  server.RaftServerConfigKeys (ConfUtils.java:logGet(46)) - raft.server.log.statemachine.data.caching.enabled = true (custom)
2022-11-03 16:01:17,709 [pool-141-thread-1] INFO  segmented.SegmentedRaftLogWorker (SegmentedRaftLogWorker.java:lambda$new$0(136)) - 3af182df-8746-4079-a1aa-2aadbfcb2e37@group-94A5FE1A6C6F-SegmentedRaftLogWorker: flushIndex: setUnconditionally 0 -> -1
2022-11-03 16:01:17,709 [pool-141-thread-1] INFO  segmented.SegmentedRaftLogWorker (SegmentedRaftLogWorker.java:lambda$new$0(136)) - 3af182df-8746-4079-a1aa-2aadbfcb2e37@group-94A5FE1A6C6F-SegmentedRaftLogWorker: safeCacheEvictIndex: setUnconditionally 0 -> -1
2022-11-03 16:01:17,709 [pool-141-thread-1] INFO  server.RaftServer$Division (RaftServerImpl.java:start(334)) - 3af182df-8746-4079-a1aa-2aadbfcb2e37@group-94A5FE1A6C6F: start as a follower, conf=-1: peers:[6065ee46-1250-4f2d-bd18-fb99db464885|rpc:10.1.1.36:43193|priority:0|startupRole:FOLLOWER, 2369a186-4f78-4e7b-885b-53a729611fd8|rpc:10.1.1.36:35493|priority:1|startupRole:FOLLOWER, 3af182df-8746-4079-a1aa-2aadbfcb2e37|rpc:10.1.1.36:35587|priority:0|startupRole:FOLLOWER]|listeners:[], old=null
2022-11-03 16:01:17,709 [pool-141-thread-1] INFO  server.RaftServer$Division (RaftServerImpl.java:setRole(321)) - 3af182df-8746-4079-a1aa-2aadbfcb2e37@group-94A5FE1A6C6F: changes role from      null to FOLLOWER at term 0 for startAsFollower
2022-11-03 16:01:17,710 [pool-141-thread-1] INFO  impl.RoleInfo (RoleInfo.java:updateAndGet(139)) - 3af182df-8746-4079-a1aa-2aadbfcb2e37: start 3af182df-8746-4079-a1aa-2aadbfcb2e37@group-94A5FE1A6C6F-FollowerState
2022-11-03 16:01:17,712 [pool-141-thread-1] INFO  util.JmxRegister (JmxRegister.java:tryRegister(44)) - Successfully registered JMX Bean with object name Ratis:service=RaftServer,group=group-94A5FE1A6C6F,id=3af182df-8746-4079-a1aa-2aadbfcb2e37
2022-11-03 16:01:17,712 [pool-141-thread-1] INFO  server.RaftServerConfigKeys (ConfUtils.java:logGet(46)) - raft.server.snapshot.auto.trigger.enabled = true (custom)
2022-11-03 16:01:17,712 [pool-141-thread-1] INFO  server.RaftServerConfigKeys (ConfUtils.java:logGet(46)) - raft.server.snapshot.auto.trigger.threshold = 10000 (custom)
2022-11-03 16:01:17,712 [pool-141-thread-1] INFO  server.RaftServerConfigKeys (ConfUtils.java:logGet(46)) - raft.server.snapshot.retention.file.num = 5 (custom)
2022-11-03 16:01:17,712 [pool-141-thread-1] INFO  server.RaftServerConfigKeys (ConfUtils.java:logGet(46)) - raft.server.log.purge.upto.snapshot.index = false (default)
2022-11-03 16:01:17,713 [3af182df-8746-4079-a1aa-2aadbfcb2e37@group-94A5FE1A6C6F-FollowerState] INFO  server.RaftServerConfigKeys (ConfUtils.java:logFallback(53)) - raft.server.rpc.first-election.timeout.min = 5s (fallback to raft.server.rpc.timeout.min)
2022-11-03 16:01:17,713 [3af182df-8746-4079-a1aa-2aadbfcb2e37@group-94A5FE1A6C6F-FollowerState] INFO  server.RaftServerConfigKeys (ConfUtils.java:logFallback(53)) - raft.server.rpc.first-election.timeout.max = 5200ms (fallback to raft.server.rpc.timeout.max)
2022-11-03 16:01:17,720 [Command processor thread] INFO  ratis.XceiverServerRatis (XceiverServerRatis.java:addGroup(765)) - Created group PipelineID=2f92345d-93a4-4cdf-8dfe-94a5fe1a6c6f
2022-11-03 16:01:17,735 [grpc-default-executor-0] INFO  server.RaftServer (RaftServerProxy.java:addNew(96)) - 2369a186-4f78-4e7b-885b-53a729611fd8: addNew group-94A5FE1A6C6F:[6065ee46-1250-4f2d-bd18-fb99db464885|rpc:10.1.1.36:43193|dataStream:|priority:0|startupRole:FOLLOWER, 2369a186-4f78-4e7b-885b-53a729611fd8|rpc:10.1.1.36:35493|dataStream:|priority:1|startupRole:FOLLOWER, 3af182df-8746-4079-a1aa-2aadbfcb2e37|rpc:10.1.1.36:35587|dataStream:|priority:0|startupRole:FOLLOWER] returns group-94A5FE1A6C6F:java.util.concurrent.CompletableFuture@3d4c88d3[Not completed]
2022-11-03 16:01:17,748 [pool-164-thread-1] INFO  server.RaftServer$Division (RaftServerImpl.java:<init>(195)) - 2369a186-4f78-4e7b-885b-53a729611fd8: new RaftServerImpl for group-94A5FE1A6C6F:[6065ee46-1250-4f2d-bd18-fb99db464885|rpc:10.1.1.36:43193|dataStream:|priority:0|startupRole:FOLLOWER, 2369a186-4f78-4e7b-885b-53a729611fd8|rpc:10.1.1.36:35493|dataStream:|priority:1|startupRole:FOLLOWER, 3af182df-8746-4079-a1aa-2aadbfcb2e37|rpc:10.1.1.36:35587|dataStream:|priority:0|startupRole:FOLLOWER] with ContainerStateMachine:uninitialized
2022-11-03 16:01:17,748 [pool-164-thread-1] INFO  server.RaftServerConfigKeys (ConfUtils.java:logGet(46)) - raft.server.rpc.timeout.min = 5s (custom)
2022-11-03 16:01:17,748 [pool-164-thread-1] INFO  server.RaftServerConfigKeys (ConfUtils.java:logGet(46)) - raft.server.rpc.timeout.max = 5200ms (custom)
2022-11-03 16:01:17,748 [pool-164-thread-1] INFO  server.RaftServerConfigKeys (ConfUtils.java:logGet(46)) - raft.server.rpc.sleep.time = 25ms (default)
2022-11-03 16:01:17,748 [pool-164-thread-1] INFO  server.RaftServerConfigKeys (ConfUtils.java:logGet(46)) - raft.server.rpc.slowness.timeout = 300s (custom)
2022-11-03 16:01:17,748 [pool-164-thread-1] INFO  server.RaftServerConfigKeys (ConfUtils.java:logGet(46)) - raft.server.leaderelection.leader.step-down.wait-time = 10s (default)
2022-11-03 16:01:17,748 [pool-164-thread-1] INFO  server.RaftServerConfigKeys (ConfUtils.java:logGet(46)) - raft.server.sleep.deviation.threshold = 300ms (default)
2022-11-03 16:01:17,748 [pool-164-thread-1] INFO  server.RaftServer$Division (ServerState.java:<init>(118)) - 2369a186-4f78-4e7b-885b-53a729611fd8@group-94A5FE1A6C6F: ConfigurationManager, init=-1: peers:[6065ee46-1250-4f2d-bd18-fb99db464885|rpc:10.1.1.36:43193|dataStream:|priority:0|startupRole:FOLLOWER, 2369a186-4f78-4e7b-885b-53a729611fd8|rpc:10.1.1.36:35493|dataStream:|priority:1|startupRole:FOLLOWER, 3af182df-8746-4079-a1aa-2aadbfcb2e37|rpc:10.1.1.36:35587|dataStream:|priority:0|startupRole:FOLLOWER]|listeners:[], old=null, confs=<EMPTY_MAP>
2022-11-03 16:01:17,748 [pool-164-thread-1] INFO  server.RaftServerConfigKeys (ConfUtils.java:logGet(46)) - raft.server.storage.dir = [/home/runner/work/ozone/ozone/hadoop-ozone/integration-test/target/test-dir/MiniOzoneClusterImpl-84bf62e0-a170-4695-9dd9-8848938f690d/datanode-4/data/ratis] (custom)
2022-11-03 16:01:17,748 [pool-164-thread-1] INFO  server.RaftServerConfigKeys (ConfUtils.java:logGet(46)) - raft.server.log.corruption.policy = EXCEPTION (default)
2022-11-03 16:01:17,748 [pool-164-thread-1] INFO  server.RaftServerConfigKeys (ConfUtils.java:logGet(46)) - raft.server.storage.free-space.min = 0MB (=0) (default)
2022-11-03 16:01:17,748 [pool-164-thread-1] INFO  server.RaftServerConfigKeys (ConfUtils.java:logGet(46)) - raft.server.notification.no-leader.timeout = 300s (custom)
2022-11-03 16:01:17,748 [pool-164-thread-1] INFO  server.RaftServerConfigKeys (ConfUtils.java:logGet(46)) - raft.server.retrycache.expirytime = 600000ms (custom)
2022-11-03 16:01:17,749 [pool-164-thread-1] INFO  server.RaftServerConfigKeys (ConfUtils.java:logGet(46)) - raft.server.retrycache.statistics.expirytime = 100μs (default)
2022-11-03 16:01:17,750 [pool-164-thread-1] INFO  server.RaftServerConfigKeys (ConfUtils.java:logGet(46)) - raft.server.log.appender.install.snapshot.enabled = false (custom)
2022-11-03 16:01:17,750 [pool-164-thread-1] INFO  server.RaftServerConfigKeys (ConfUtils.java:logGet(46)) - raft.server.threadpool.server.cached = true (default)
2022-11-03 16:01:17,750 [pool-164-thread-1] INFO  server.RaftServerConfigKeys (ConfUtils.java:logGet(46)) - raft.server.threadpool.server.size = 0 (default)
2022-11-03 16:01:17,751 [pool-164-thread-1] INFO  server.RaftServerConfigKeys (ConfUtils.java:logGet(46)) - raft.server.threadpool.client.cached = true (default)
2022-11-03 16:01:17,751 [pool-164-thread-1] INFO  server.RaftServerConfigKeys (ConfUtils.java:logGet(46)) - raft.server.threadpool.client.size = 0 (default)
2022-11-03 16:01:17,751 [pool-164-thread-1] INFO  storage.RaftStorageDirectory (RaftStorageDirectoryImpl.java:analyzeStorage(137)) - The storage directory /home/runner/work/ozone/ozone/hadoop-ozone/integration-test/target/test-dir/MiniOzoneClusterImpl-84bf62e0-a170-4695-9dd9-8848938f690d/datanode-4/data/ratis/2f92345d-93a4-4cdf-8dfe-94a5fe1a6c6f does not exist. Creating ...
2022-11-03 16:01:17,752 [pool-164-thread-1] INFO  storage.RaftStorageDirectory (RaftStorageDirectoryImpl.java:tryLock(231)) - Lock on /home/runner/work/ozone/ozone/hadoop-ozone/integration-test/target/test-dir/MiniOzoneClusterImpl-84bf62e0-a170-4695-9dd9-8848938f690d/datanode-4/data/ratis/2f92345d-93a4-4cdf-8dfe-94a5fe1a6c6f/in_use.lock acquired by nodename 14715@fv-az47-358
2022-11-03 16:01:17,753 [pool-164-thread-1] INFO  storage.RaftStorage (RaftStorageImpl.java:format(96)) - Storage directory /home/runner/work/ozone/ozone/hadoop-ozone/integration-test/target/test-dir/MiniOzoneClusterImpl-84bf62e0-a170-4695-9dd9-8848938f690d/datanode-4/data/ratis/2f92345d-93a4-4cdf-8dfe-94a5fe1a6c6f has been successfully formatted.
2022-11-03 16:01:17,753 [pool-164-thread-1] INFO  ratis.ContainerStateMachine (ContainerStateMachine.java:loadSnapshot(236)) - group-94A5FE1A6C6F: The snapshot info is null. Setting the last applied indexto:(t:0, i:~)
2022-11-03 16:01:17,753 [pool-164-thread-1] INFO  server.RaftServerConfigKeys (ConfUtils.java:logGet(46)) - raft.server.log.use.memory = false (default)
2022-11-03 16:01:17,754 [pool-164-thread-1] INFO  server.RaftServerConfigKeys (ConfUtils.java:logGet(46)) - raft.server.log.purge.gap = 1000000 (custom)
2022-11-03 16:01:17,754 [pool-164-thread-1] INFO  server.RaftServerConfigKeys (ConfUtils.java:logGet(46)) - raft.server.log.appender.buffer.byte-limit = 33554432 (custom)
2022-11-03 16:01:17,754 [pool-164-thread-1] INFO  server.RaftServerConfigKeys (ConfUtils.java:logGet(46)) - raft.server.log.statemachine.data.read.timeout = 1000ms (default)
2022-11-03 16:01:17,754 [pool-164-thread-1] INFO  server.RaftServerConfigKeys (ConfUtils.java:logGet(46)) - raft.server.log.purge.preservation.log.num = 0 (default)
2022-11-03 16:01:17,754 [pool-164-thread-1] INFO  server.RaftServerConfigKeys (ConfUtils.java:logGet(46)) - raft.server.log.segment.size.max = 1048576 (custom)
2022-11-03 16:01:17,755 [pool-164-thread-1] INFO  server.RaftServerConfigKeys (ConfUtils.java:logGet(46)) - raft.server.log.segment.cache.num.max = 2 (custom)
2022-11-03 16:01:17,755 [pool-164-thread-1] INFO  server.RaftServerConfigKeys (ConfUtils.java:logGet(46)) - raft.server.log.segment.cache.size.max = 200MB (=209715200) (default)
2022-11-03 16:01:17,755 [pool-164-thread-1] INFO  segmented.SegmentedRaftLogWorker (SegmentedRaftLogWorker.java:<init>(191)) - new 2369a186-4f78-4e7b-885b-53a729611fd8@group-94A5FE1A6C6F-SegmentedRaftLogWorker for RaftStorageImpl:Storage Directory /home/runner/work/ozone/ozone/hadoop-ozone/integration-test/target/test-dir/MiniOzoneClusterImpl-84bf62e0-a170-4695-9dd9-8848938f690d/datanode-4/data/ratis/2f92345d-93a4-4cdf-8dfe-94a5fe1a6c6f
2022-11-03 16:01:17,755 [pool-164-thread-1] INFO  server.RaftServerConfigKeys (ConfUtils.java:logGet(46)) - raft.server.log.queue.byte-limit = 4294967296 (custom)
2022-11-03 16:01:17,755 [pool-164-thread-1] INFO  server.RaftServerConfigKeys (ConfUtils.java:logGet(46)) - raft.server.log.queue.element-limit = 1024 (custom)
2022-11-03 16:01:17,757 [pool-164-thread-1] INFO  server.RaftServerConfigKeys (ConfUtils.java:logGet(46)) - raft.server.log.segment.size.max = 1048576 (custom)
2022-11-03 16:01:17,757 [pool-164-thread-1] INFO  server.RaftServerConfigKeys (ConfUtils.java:logGet(46)) - raft.server.log.preallocated.size = 16384 (custom)
2022-11-03 16:01:17,757 [pool-164-thread-1] INFO  server.RaftServerConfigKeys (ConfUtils.java:logGet(46)) - raft.server.log.force.sync.num = 128 (default)
2022-11-03 16:01:17,757 [pool-164-thread-1] INFO  server.RaftServerConfigKeys (ConfUtils.java:logGet(46)) - raft.server.log.statemachine.data.sync = true (default)
2022-11-03 16:01:17,757 [pool-164-thread-1] INFO  server.RaftServerConfigKeys (ConfUtils.java:logGet(46)) - raft.server.log.statemachine.data.sync.timeout = 10s (default)
2022-11-03 16:01:17,757 [pool-164-thread-1] INFO  server.RaftServerConfigKeys (ConfUtils.java:logGet(46)) - raft.server.log.statemachine.data.sync.timeout.retry = -1 (default)
2022-11-03 16:01:17,758 [pool-164-thread-1] INFO  server.RaftServerConfigKeys (ConfUtils.java:logGet(46)) - raft.server.log.write.buffer.size = 1048576 (custom)
2022-11-03 16:01:17,759 [pool-164-thread-1] INFO  server.RaftServerConfigKeys (ConfUtils.java:logGet(46)) - raft.server.log.unsafe-flush.enabled = false (default)
2022-11-03 16:01:17,759 [pool-164-thread-1] INFO  server.RaftServerConfigKeys (ConfUtils.java:logGet(46)) - raft.server.log.async-flush.enabled = false (default)
2022-11-03 16:01:17,759 [pool-164-thread-1] INFO  server.RaftServerConfigKeys (ConfUtils.java:logGet(46)) - raft.server.log.statemachine.data.caching.enabled = true (custom)
2022-11-03 16:01:17,759 [pool-164-thread-1] INFO  segmented.SegmentedRaftLogWorker (SegmentedRaftLogWorker.java:lambda$new$0(136)) - 2369a186-4f78-4e7b-885b-53a729611fd8@group-94A5FE1A6C6F-SegmentedRaftLogWorker: flushIndex: setUnconditionally 0 -> -1
2022-11-03 16:01:17,759 [pool-164-thread-1] INFO  segmented.SegmentedRaftLogWorker (SegmentedRaftLogWorker.java:lambda$new$0(136)) - 2369a186-4f78-4e7b-885b-53a729611fd8@group-94A5FE1A6C6F-SegmentedRaftLogWorker: safeCacheEvictIndex: setUnconditionally 0 -> -1
2022-11-03 16:01:17,759 [pool-164-thread-1] INFO  server.RaftServer$Division (RaftServerImpl.java:start(334)) - 2369a186-4f78-4e7b-885b-53a729611fd8@group-94A5FE1A6C6F: start as a follower, conf=-1: peers:[6065ee46-1250-4f2d-bd18-fb99db464885|rpc:10.1.1.36:43193|dataStream:|priority:0|startupRole:FOLLOWER, 2369a186-4f78-4e7b-885b-53a729611fd8|rpc:10.1.1.36:35493|dataStream:|priority:1|startupRole:FOLLOWER, 3af182df-8746-4079-a1aa-2aadbfcb2e37|rpc:10.1.1.36:35587|dataStream:|priority:0|startupRole:FOLLOWER]|listeners:[], old=null
2022-11-03 16:01:17,759 [pool-164-thread-1] INFO  server.RaftServer$Division (RaftServerImpl.java:setRole(321)) - 2369a186-4f78-4e7b-885b-53a729611fd8@group-94A5FE1A6C6F: changes role from      null to FOLLOWER at term 0 for startAsFollower
2022-11-03 16:01:17,759 [pool-164-thread-1] INFO  impl.RoleInfo (RoleInfo.java:updateAndGet(139)) - 2369a186-4f78-4e7b-885b-53a729611fd8: start 2369a186-4f78-4e7b-885b-53a729611fd8@group-94A5FE1A6C6F-FollowerState
2022-11-03 16:01:17,760 [pool-164-thread-1] INFO  util.JmxRegister (JmxRegister.java:tryRegister(44)) - Successfully registered JMX Bean with object name Ratis:service=RaftServer,group=group-94A5FE1A6C6F,id=2369a186-4f78-4e7b-885b-53a729611fd8
2022-11-03 16:01:17,760 [2369a186-4f78-4e7b-885b-53a729611fd8@group-94A5FE1A6C6F-FollowerState] INFO  server.RaftServerConfigKeys (ConfUtils.java:logFallback(53)) - raft.server.rpc.first-election.timeout.min = 5s (fallback to raft.server.rpc.timeout.min)
2022-11-03 16:01:17,760 [pool-164-thread-1] INFO  server.RaftServerConfigKeys (ConfUtils.java:logGet(46)) - raft.server.snapshot.auto.trigger.enabled = true (custom)
2022-11-03 16:01:17,761 [2369a186-4f78-4e7b-885b-53a729611fd8@group-94A5FE1A6C6F-FollowerState] INFO  server.RaftServerConfigKeys (ConfUtils.java:logFallback(53)) - raft.server.rpc.first-election.timeout.max = 5200ms (fallback to raft.server.rpc.timeout.max)
2022-11-03 16:01:17,761 [pool-164-thread-1] INFO  server.RaftServerConfigKeys (ConfUtils.java:logGet(46)) - raft.server.snapshot.auto.trigger.threshold = 10000 (custom)
2022-11-03 16:01:17,761 [pool-164-thread-1] INFO  server.RaftServerConfigKeys (ConfUtils.java:logGet(46)) - raft.server.snapshot.retention.file.num = 5 (custom)
2022-11-03 16:01:17,761 [pool-164-thread-1] INFO  server.RaftServerConfigKeys (ConfUtils.java:logGet(46)) - raft.server.log.purge.upto.snapshot.index = false (default)
2022-11-03 16:01:17,791 [grpc-default-executor-0] INFO  server.RaftServer (RaftServerProxy.java:addNew(96)) - 6065ee46-1250-4f2d-bd18-fb99db464885: addNew group-94A5FE1A6C6F:[6065ee46-1250-4f2d-bd18-fb99db464885|rpc:10.1.1.36:43193|dataStream:|priority:0|startupRole:FOLLOWER, 2369a186-4f78-4e7b-885b-53a729611fd8|rpc:10.1.1.36:35493|dataStream:|priority:1|startupRole:FOLLOWER, 3af182df-8746-4079-a1aa-2aadbfcb2e37|rpc:10.1.1.36:35587|dataStream:|priority:0|startupRole:FOLLOWER] returns group-94A5FE1A6C6F:java.util.concurrent.CompletableFuture@1279c7e5[Not completed]
2022-11-03 16:01:17,793 [pool-187-thread-1] INFO  server.RaftServer$Division (RaftServerImpl.java:<init>(195)) - 6065ee46-1250-4f2d-bd18-fb99db464885: new RaftServerImpl for group-94A5FE1A6C6F:[6065ee46-1250-4f2d-bd18-fb99db464885|rpc:10.1.1.36:43193|dataStream:|priority:0|startupRole:FOLLOWER, 2369a186-4f78-4e7b-885b-53a729611fd8|rpc:10.1.1.36:35493|dataStream:|priority:1|startupRole:FOLLOWER, 3af182df-8746-4079-a1aa-2aadbfcb2e37|rpc:10.1.1.36:35587|dataStream:|priority:0|startupRole:FOLLOWER] with ContainerStateMachine:uninitialized
2022-11-03 16:01:17,793 [pool-187-thread-1] INFO  server.RaftServerConfigKeys (ConfUtils.java:logGet(46)) - raft.server.rpc.timeout.min = 5s (custom)
2022-11-03 16:01:17,793 [pool-187-thread-1] INFO  server.RaftServerConfigKeys (ConfUtils.java:logGet(46)) - raft.server.rpc.timeout.max = 5200ms (custom)
2022-11-03 16:01:17,793 [pool-187-thread-1] INFO  server.RaftServerConfigKeys (ConfUtils.java:logGet(46)) - raft.server.rpc.sleep.time = 25ms (default)
2022-11-03 16:01:17,793 [pool-187-thread-1] INFO  server.RaftServerConfigKeys (ConfUtils.java:logGet(46)) - raft.server.rpc.slowness.timeout = 300s (custom)
2022-11-03 16:01:17,793 [pool-187-thread-1] INFO  server.RaftServerConfigKeys (ConfUtils.java:logGet(46)) - raft.server.leaderelection.leader.step-down.wait-time = 10s (default)
2022-11-03 16:01:17,793 [pool-187-thread-1] INFO  server.RaftServerConfigKeys (ConfUtils.java:logGet(46)) - raft.server.sleep.deviation.threshold = 300ms (default)
2022-11-03 16:01:17,793 [pool-187-thread-1] INFO  server.RaftServer$Division (ServerState.java:<init>(118)) - 6065ee46-1250-4f2d-bd18-fb99db464885@group-94A5FE1A6C6F: ConfigurationManager, init=-1: peers:[6065ee46-1250-4f2d-bd18-fb99db464885|rpc:10.1.1.36:43193|dataStream:|priority:0|startupRole:FOLLOWER, 2369a186-4f78-4e7b-885b-53a729611fd8|rpc:10.1.1.36:35493|dataStream:|priority:1|startupRole:FOLLOWER, 3af182df-8746-4079-a1aa-2aadbfcb2e37|rpc:10.1.1.36:35587|dataStream:|priority:0|startupRole:FOLLOWER]|listeners:[], old=null, confs=<EMPTY_MAP>
2022-11-03 16:01:17,793 [pool-187-thread-1] INFO  server.RaftServerConfigKeys (ConfUtils.java:logGet(46)) - raft.server.storage.dir = [/home/runner/work/ozone/ozone/hadoop-ozone/integration-test/target/test-dir/MiniOzoneClusterImpl-84bf62e0-a170-4695-9dd9-8848938f690d/datanode-5/data/ratis] (custom)
2022-11-03 16:01:17,793 [pool-187-thread-1] INFO  server.RaftServerConfigKeys (ConfUtils.java:logGet(46)) - raft.server.log.corruption.policy = EXCEPTION (default)
2022-11-03 16:01:17,793 [pool-187-thread-1] INFO  server.RaftServerConfigKeys (ConfUtils.java:logGet(46)) - raft.server.storage.free-space.min = 0MB (=0) (default)
2022-11-03 16:01:17,793 [pool-187-thread-1] INFO  server.RaftServerConfigKeys (ConfUtils.java:logGet(46)) - raft.server.notification.no-leader.timeout = 300s (custom)
2022-11-03 16:01:17,793 [pool-187-thread-1] INFO  server.RaftServerConfigKeys (ConfUtils.java:logGet(46)) - raft.server.retrycache.expirytime = 600000ms (custom)
2022-11-03 16:01:17,793 [pool-187-thread-1] INFO  server.RaftServerConfigKeys (ConfUtils.java:logGet(46)) - raft.server.retrycache.statistics.expirytime = 100μs (default)
2022-11-03 16:01:17,796 [pool-187-thread-1] INFO  server.RaftServerConfigKeys (ConfUtils.java:logGet(46)) - raft.server.log.appender.install.snapshot.enabled = false (custom)
2022-11-03 16:01:17,796 [pool-187-thread-1] INFO  server.RaftServerConfigKeys (ConfUtils.java:logGet(46)) - raft.server.threadpool.server.cached = true (default)
2022-11-03 16:01:17,796 [pool-187-thread-1] INFO  server.RaftServerConfigKeys (ConfUtils.java:logGet(46)) - raft.server.threadpool.server.size = 0 (default)
2022-11-03 16:01:17,796 [pool-187-thread-1] INFO  server.RaftServerConfigKeys (ConfUtils.java:logGet(46)) - raft.server.threadpool.client.cached = true (default)
2022-11-03 16:01:17,796 [pool-187-thread-1] INFO  server.RaftServerConfigKeys (ConfUtils.java:logGet(46)) - raft.server.threadpool.client.size = 0 (default)
2022-11-03 16:01:17,797 [pool-187-thread-1] INFO  storage.RaftStorageDirectory (RaftStorageDirectoryImpl.java:analyzeStorage(137)) - The storage directory /home/runner/work/ozone/ozone/hadoop-ozone/integration-test/target/test-dir/MiniOzoneClusterImpl-84bf62e0-a170-4695-9dd9-8848938f690d/datanode-5/data/ratis/2f92345d-93a4-4cdf-8dfe-94a5fe1a6c6f does not exist. Creating ...
2022-11-03 16:01:17,798 [pool-187-thread-1] INFO  storage.RaftStorageDirectory (RaftStorageDirectoryImpl.java:tryLock(231)) - Lock on /home/runner/work/ozone/ozone/hadoop-ozone/integration-test/target/test-dir/MiniOzoneClusterImpl-84bf62e0-a170-4695-9dd9-8848938f690d/datanode-5/data/ratis/2f92345d-93a4-4cdf-8dfe-94a5fe1a6c6f/in_use.lock acquired by nodename 14715@fv-az47-358
2022-11-03 16:01:17,799 [pool-187-thread-1] INFO  storage.RaftStorage (RaftStorageImpl.java:format(96)) - Storage directory /home/runner/work/ozone/ozone/hadoop-ozone/integration-test/target/test-dir/MiniOzoneClusterImpl-84bf62e0-a170-4695-9dd9-8848938f690d/datanode-5/data/ratis/2f92345d-93a4-4cdf-8dfe-94a5fe1a6c6f has been successfully formatted.
2022-11-03 16:01:17,799 [pool-187-thread-1] INFO  ratis.ContainerStateMachine (ContainerStateMachine.java:loadSnapshot(236)) - group-94A5FE1A6C6F: The snapshot info is null. Setting the last applied indexto:(t:0, i:~)
2022-11-03 16:01:17,799 [pool-187-thread-1] INFO  server.RaftServerConfigKeys (ConfUtils.java:logGet(46)) - raft.server.log.use.memory = false (default)
2022-11-03 16:01:17,799 [pool-187-thread-1] INFO  server.RaftServerConfigKeys (ConfUtils.java:logGet(46)) - raft.server.log.purge.gap = 1000000 (custom)
2022-11-03 16:01:17,799 [pool-187-thread-1] INFO  server.RaftServerConfigKeys (ConfUtils.java:logGet(46)) - raft.server.log.appender.buffer.byte-limit = 33554432 (custom)
2022-11-03 16:01:17,800 [pool-187-thread-1] INFO  server.RaftServerConfigKeys (ConfUtils.java:logGet(46)) - raft.server.log.statemachine.data.read.timeout = 1000ms (default)
2022-11-03 16:01:17,800 [pool-187-thread-1] INFO  server.RaftServerConfigKeys (ConfUtils.java:logGet(46)) - raft.server.log.purge.preservation.log.num = 0 (default)
2022-11-03 16:01:17,800 [pool-187-thread-1] INFO  server.RaftServerConfigKeys (ConfUtils.java:logGet(46)) - raft.server.log.segment.size.max = 1048576 (custom)
2022-11-03 16:01:17,801 [pool-187-thread-1] INFO  server.RaftServerConfigKeys (ConfUtils.java:logGet(46)) - raft.server.log.segment.cache.num.max = 2 (custom)
2022-11-03 16:01:17,801 [pool-187-thread-1] INFO  server.RaftServerConfigKeys (ConfUtils.java:logGet(46)) - raft.server.log.segment.cache.size.max = 200MB (=209715200) (default)
2022-11-03 16:01:17,801 [pool-187-thread-1] INFO  segmented.SegmentedRaftLogWorker (SegmentedRaftLogWorker.java:<init>(191)) - new 6065ee46-1250-4f2d-bd18-fb99db464885@group-94A5FE1A6C6F-SegmentedRaftLogWorker for RaftStorageImpl:Storage Directory /home/runner/work/ozone/ozone/hadoop-ozone/integration-test/target/test-dir/MiniOzoneClusterImpl-84bf62e0-a170-4695-9dd9-8848938f690d/datanode-5/data/ratis/2f92345d-93a4-4cdf-8dfe-94a5fe1a6c6f
2022-11-03 16:01:17,801 [pool-187-thread-1] INFO  server.RaftServerConfigKeys (ConfUtils.java:logGet(46)) - raft.server.log.queue.byte-limit = 4294967296 (custom)
2022-11-03 16:01:17,801 [pool-187-thread-1] INFO  server.RaftServerConfigKeys (ConfUtils.java:logGet(46)) - raft.server.log.queue.element-limit = 1024 (custom)
2022-11-03 16:01:17,801 [pool-187-thread-1] INFO  server.RaftServerConfigKeys (ConfUtils.java:logGet(46)) - raft.server.log.segment.size.max = 1048576 (custom)
2022-11-03 16:01:17,801 [pool-187-thread-1] INFO  server.RaftServerConfigKeys (ConfUtils.java:logGet(46)) - raft.server.log.preallocated.size = 16384 (custom)
2022-11-03 16:01:17,801 [pool-187-thread-1] INFO  server.RaftServerConfigKeys (ConfUtils.java:logGet(46)) - raft.server.log.force.sync.num = 128 (default)
2022-11-03 16:01:17,801 [pool-187-thread-1] INFO  server.RaftServerConfigKeys (ConfUtils.java:logGet(46)) - raft.server.log.statemachine.data.sync = true (default)
2022-11-03 16:01:17,801 [pool-187-thread-1] INFO  server.RaftServerConfigKeys (ConfUtils.java:logGet(46)) - raft.server.log.statemachine.data.sync.timeout = 10s (default)
2022-11-03 16:01:17,801 [pool-187-thread-1] INFO  server.RaftServerConfigKeys (ConfUtils.java:logGet(46)) - raft.server.log.statemachine.data.sync.timeout.retry = -1 (default)
2022-11-03 16:01:17,802 [pool-187-thread-1] INFO  server.RaftServerConfigKeys (ConfUtils.java:logGet(46)) - raft.server.log.write.buffer.size = 1048576 (custom)
2022-11-03 16:01:17,802 [pool-187-thread-1] INFO  server.RaftServerConfigKeys (ConfUtils.java:logGet(46)) - raft.server.log.unsafe-flush.enabled = false (default)
2022-11-03 16:01:17,802 [pool-187-thread-1] INFO  server.RaftServerConfigKeys (ConfUtils.java:logGet(46)) - raft.server.log.async-flush.enabled = false (default)
2022-11-03 16:01:17,802 [pool-187-thread-1] INFO  server.RaftServerConfigKeys (ConfUtils.java:logGet(46)) - raft.server.log.statemachine.data.caching.enabled = true (custom)
2022-11-03 16:01:17,802 [pool-187-thread-1] INFO  segmented.SegmentedRaftLogWorker (SegmentedRaftLogWorker.java:lambda$new$0(136)) - 6065ee46-1250-4f2d-bd18-fb99db464885@group-94A5FE1A6C6F-SegmentedRaftLogWorker: flushIndex: setUnconditionally 0 -> -1
2022-11-03 16:01:17,802 [pool-187-thread-1] INFO  segmented.SegmentedRaftLogWorker (SegmentedRaftLogWorker.java:lambda$new$0(136)) - 6065ee46-1250-4f2d-bd18-fb99db464885@group-94A5FE1A6C6F-SegmentedRaftLogWorker: safeCacheEvictIndex: setUnconditionally 0 -> -1
2022-11-03 16:01:17,803 [pool-187-thread-1] INFO  server.RaftServer$Division (RaftServerImpl.java:start(334)) - 6065ee46-1250-4f2d-bd18-fb99db464885@group-94A5FE1A6C6F: start as a follower, conf=-1: peers:[6065ee46-1250-4f2d-bd18-fb99db464885|rpc:10.1.1.36:43193|dataStream:|priority:0|startupRole:FOLLOWER, 2369a186-4f78-4e7b-885b-53a729611fd8|rpc:10.1.1.36:35493|dataStream:|priority:1|startupRole:FOLLOWER, 3af182df-8746-4079-a1aa-2aadbfcb2e37|rpc:10.1.1.36:35587|dataStream:|priority:0|startupRole:FOLLOWER]|listeners:[], old=null
2022-11-03 16:01:17,803 [pool-187-thread-1] INFO  server.RaftServer$Division (RaftServerImpl.java:setRole(321)) - 6065ee46-1250-4f2d-bd18-fb99db464885@group-94A5FE1A6C6F: changes role from      null to FOLLOWER at term 0 for startAsFollower
2022-11-03 16:01:17,803 [pool-187-thread-1] INFO  impl.RoleInfo (RoleInfo.java:updateAndGet(139)) - 6065ee46-1250-4f2d-bd18-fb99db464885: start 6065ee46-1250-4f2d-bd18-fb99db464885@group-94A5FE1A6C6F-FollowerState
2022-11-03 16:01:17,803 [pool-187-thread-1] INFO  util.JmxRegister (JmxRegister.java:tryRegister(44)) - Successfully registered JMX Bean with object name Ratis:service=RaftServer,group=group-94A5FE1A6C6F,id=6065ee46-1250-4f2d-bd18-fb99db464885
2022-11-03 16:01:17,803 [pool-187-thread-1] INFO  server.RaftServerConfigKeys (ConfUtils.java:logGet(46)) - raft.server.snapshot.auto.trigger.enabled = true (custom)
2022-11-03 16:01:17,804 [pool-187-thread-1] INFO  server.RaftServerConfigKeys (ConfUtils.java:logGet(46)) - raft.server.snapshot.auto.trigger.threshold = 10000 (custom)
2022-11-03 16:01:17,804 [pool-187-thread-1] INFO  server.RaftServerConfigKeys (ConfUtils.java:logGet(46)) - raft.server.snapshot.retention.file.num = 5 (custom)
2022-11-03 16:01:17,804 [pool-187-thread-1] INFO  server.RaftServerConfigKeys (ConfUtils.java:logGet(46)) - raft.server.log.purge.upto.snapshot.index = false (default)
2022-11-03 16:01:17,805 [6065ee46-1250-4f2d-bd18-fb99db464885@group-94A5FE1A6C6F-FollowerState] INFO  server.RaftServerConfigKeys (ConfUtils.java:logFallback(53)) - raft.server.rpc.first-election.timeout.min = 5s (fallback to raft.server.rpc.timeout.min)
2022-11-03 16:01:17,809 [6065ee46-1250-4f2d-bd18-fb99db464885@group-94A5FE1A6C6F-FollowerState] INFO  server.RaftServerConfigKeys (ConfUtils.java:logFallback(53)) - raft.server.rpc.first-election.timeout.max = 5200ms (fallback to raft.server.rpc.timeout.max)
2022-11-03 16:01:17,816 [Command processor thread] INFO  commandhandler.CreatePipelineCommandHandler (CreatePipelineCommandHandler.java:handle(113)) - Created Pipeline RATIS THREE PipelineID=2f92345d-93a4-4cdf-8dfe-94a5fe1a6c6f.
2022-11-03 16:01:17,817 [Command processor thread] INFO  server.RaftServer (RaftServerProxy.java:addNew(96)) - 3af182df-8746-4079-a1aa-2aadbfcb2e37: addNew group-E9B64072809A:[6065ee46-1250-4f2d-bd18-fb99db464885|rpc:10.1.1.36:43193|priority:0|startupRole:FOLLOWER, 2369a186-4f78-4e7b-885b-53a729611fd8|rpc:10.1.1.36:35493|priority:0|startupRole:FOLLOWER, 3af182df-8746-4079-a1aa-2aadbfcb2e37|rpc:10.1.1.36:35587|priority:1|startupRole:FOLLOWER] returns group-E9B64072809A:java.util.concurrent.CompletableFuture@3c1bbab0[Not completed]
2022-11-03 16:01:17,818 [pool-141-thread-1] INFO  server.RaftServer$Division (RaftServerImpl.java:<init>(195)) - 3af182df-8746-4079-a1aa-2aadbfcb2e37: new RaftServerImpl for group-E9B64072809A:[6065ee46-1250-4f2d-bd18-fb99db464885|rpc:10.1.1.36:43193|priority:0|startupRole:FOLLOWER, 2369a186-4f78-4e7b-885b-53a729611fd8|rpc:10.1.1.36:35493|priority:0|startupRole:FOLLOWER, 3af182df-8746-4079-a1aa-2aadbfcb2e37|rpc:10.1.1.36:35587|priority:1|startupRole:FOLLOWER] with ContainerStateMachine:uninitialized
2022-11-03 16:01:17,818 [pool-141-thread-1] INFO  server.RaftServerConfigKeys (ConfUtils.java:logGet(46)) - raft.server.rpc.timeout.min = 5s (custom)
2022-11-03 16:01:17,818 [pool-141-thread-1] INFO  server.RaftServerConfigKeys (ConfUtils.java:logGet(46)) - raft.server.rpc.timeout.max = 5200ms (custom)
2022-11-03 16:01:17,818 [pool-141-thread-1] INFO  server.RaftServerConfigKeys (ConfUtils.java:logGet(46)) - raft.server.rpc.sleep.time = 25ms (default)
2022-11-03 16:01:17,818 [pool-141-thread-1] INFO  server.RaftServerConfigKeys (ConfUtils.java:logGet(46)) - raft.server.rpc.slowness.timeout = 300s (custom)
2022-11-03 16:01:17,818 [pool-141-thread-1] INFO  server.RaftServerConfigKeys (ConfUtils.java:logGet(46)) - raft.server.leaderelection.leader.step-down.wait-time = 10s (default)
2022-11-03 16:01:17,818 [pool-141-thread-1] INFO  server.RaftServerConfigKeys (ConfUtils.java:logGet(46)) - raft.server.sleep.deviation.threshold = 300ms (default)
2022-11-03 16:01:17,818 [pool-141-thread-1] INFO  server.RaftServer$Division (ServerState.java:<init>(118)) - 3af182df-8746-4079-a1aa-2aadbfcb2e37@group-E9B64072809A: ConfigurationManager, init=-1: peers:[6065ee46-1250-4f2d-bd18-fb99db464885|rpc:10.1.1.36:43193|priority:0|startupRole:FOLLOWER, 2369a186-4f78-4e7b-885b-53a729611fd8|rpc:10.1.1.36:35493|priority:0|startupRole:FOLLOWER, 3af182df-8746-4079-a1aa-2aadbfcb2e37|rpc:10.1.1.36:35587|priority:1|startupRole:FOLLOWER]|listeners:[], old=null, confs=<EMPTY_MAP>
2022-11-03 16:01:17,818 [pool-141-thread-1] INFO  server.RaftServerConfigKeys (ConfUtils.java:logGet(46)) - raft.server.storage.dir = [/home/runner/work/ozone/ozone/hadoop-ozone/integration-test/target/test-dir/MiniOzoneClusterImpl-84bf62e0-a170-4695-9dd9-8848938f690d/datanode-3/data/ratis] (custom)
2022-11-03 16:01:17,818 [pool-141-thread-1] INFO  server.RaftServerConfigKeys (ConfUtils.java:logGet(46)) - raft.server.log.corruption.policy = EXCEPTION (default)
2022-11-03 16:01:17,818 [pool-141-thread-1] INFO  server.RaftServerConfigKeys (ConfUtils.java:logGet(46)) - raft.server.storage.free-space.min = 0MB (=0) (default)
2022-11-03 16:01:17,819 [pool-141-thread-1] INFO  server.RaftServerConfigKeys (ConfUtils.java:logGet(46)) - raft.server.notification.no-leader.timeout = 300s (custom)
2022-11-03 16:01:17,819 [pool-141-thread-1] INFO  server.RaftServerConfigKeys (ConfUtils.java:logGet(46)) - raft.server.retrycache.expirytime = 600000ms (custom)
2022-11-03 16:01:17,819 [pool-141-thread-1] INFO  server.RaftServerConfigKeys (ConfUtils.java:logGet(46)) - raft.server.retrycache.statistics.expirytime = 100μs (default)
2022-11-03 16:01:17,820 [pool-141-thread-1] INFO  server.RaftServerConfigKeys (ConfUtils.java:logGet(46)) - raft.server.log.appender.install.snapshot.enabled = false (custom)
2022-11-03 16:01:17,820 [pool-141-thread-1] INFO  server.RaftServerConfigKeys (ConfUtils.java:logGet(46)) - raft.server.threadpool.server.cached = true (default)
2022-11-03 16:01:17,820 [pool-141-thread-1] INFO  server.RaftServerConfigKeys (ConfUtils.java:logGet(46)) - raft.server.threadpool.server.size = 0 (default)
2022-11-03 16:01:17,820 [pool-141-thread-1] INFO  server.RaftServerConfigKeys (ConfUtils.java:logGet(46)) - raft.server.threadpool.client.cached = true (default)
2022-11-03 16:01:17,820 [pool-141-thread-1] INFO  server.RaftServerConfigKeys (ConfUtils.java:logGet(46)) - raft.server.threadpool.client.size = 0 (default)
2022-11-03 16:01:17,820 [pool-141-thread-1] INFO  storage.RaftStorageDirectory (RaftStorageDirectoryImpl.java:analyzeStorage(137)) - The storage directory /home/runner/work/ozone/ozone/hadoop-ozone/integration-test/target/test-dir/MiniOzoneClusterImpl-84bf62e0-a170-4695-9dd9-8848938f690d/datanode-3/data/ratis/f27972fe-4000-4d5a-8cf1-e9b64072809a does not exist. Creating ...
2022-11-03 16:01:17,821 [pool-141-thread-1] INFO  storage.RaftStorageDirectory (RaftStorageDirectoryImpl.java:tryLock(231)) - Lock on /home/runner/work/ozone/ozone/hadoop-ozone/integration-test/target/test-dir/MiniOzoneClusterImpl-84bf62e0-a170-4695-9dd9-8848938f690d/datanode-3/data/ratis/f27972fe-4000-4d5a-8cf1-e9b64072809a/in_use.lock acquired by nodename 14715@fv-az47-358
2022-11-03 16:01:17,822 [pool-141-thread-1] INFO  storage.RaftStorage (RaftStorageImpl.java:format(96)) - Storage directory /home/runner/work/ozone/ozone/hadoop-ozone/integration-test/target/test-dir/MiniOzoneClusterImpl-84bf62e0-a170-4695-9dd9-8848938f690d/datanode-3/data/ratis/f27972fe-4000-4d5a-8cf1-e9b64072809a has been successfully formatted.
2022-11-03 16:01:17,822 [pool-141-thread-1] INFO  ratis.ContainerStateMachine (ContainerStateMachine.java:loadSnapshot(236)) - group-E9B64072809A: The snapshot info is null. Setting the last applied indexto:(t:0, i:~)
2022-11-03 16:01:17,822 [pool-141-thread-1] INFO  server.RaftServerConfigKeys (ConfUtils.java:logGet(46)) - raft.server.log.use.memory = false (default)
2022-11-03 16:01:17,823 [pool-141-thread-1] INFO  server.RaftServerConfigKeys (ConfUtils.java:logGet(46)) - raft.server.log.purge.gap = 1000000 (custom)
2022-11-03 16:01:17,823 [pool-141-thread-1] INFO  server.RaftServerConfigKeys (ConfUtils.java:logGet(46)) - raft.server.log.appender.buffer.byte-limit = 33554432 (custom)
2022-11-03 16:01:17,823 [pool-141-thread-1] INFO  server.RaftServerConfigKeys (ConfUtils.java:logGet(46)) - raft.server.log.statemachine.data.read.timeout = 1000ms (default)
2022-11-03 16:01:17,823 [pool-141-thread-1] INFO  server.RaftServerConfigKeys (ConfUtils.java:logGet(46)) - raft.server.log.purge.preservation.log.num = 0 (default)
2022-11-03 16:01:17,823 [pool-141-thread-1] INFO  server.RaftServerConfigKeys (ConfUtils.java:logGet(46)) - raft.server.log.segment.size.max = 1048576 (custom)
2022-11-03 16:01:17,824 [EventQueue-OpenPipelineForHealthyPipelineSafeModeRule] INFO  safemode.SCMSafeModeManager (HealthyPipelineSafeModeRule.java:process(137)) - SCM in safe mode. Healthy pipelines reported count is 0, required healthy pipeline reported count is 1
2022-11-03 16:01:17,825 [pool-141-thread-1] INFO  server.RaftServerConfigKeys (ConfUtils.java:logGet(46)) - raft.server.log.segment.cache.num.max = 2 (custom)
2022-11-03 16:01:17,825 [pool-141-thread-1] INFO  server.RaftServerConfigKeys (ConfUtils.java:logGet(46)) - raft.server.log.segment.cache.size.max = 200MB (=209715200) (default)
2022-11-03 16:01:17,825 [pool-141-thread-1] INFO  segmented.SegmentedRaftLogWorker (SegmentedRaftLogWorker.java:<init>(191)) - new 3af182df-8746-4079-a1aa-2aadbfcb2e37@group-E9B64072809A-SegmentedRaftLogWorker for RaftStorageImpl:Storage Directory /home/runner/work/ozone/ozone/hadoop-ozone/integration-test/target/test-dir/MiniOzoneClusterImpl-84bf62e0-a170-4695-9dd9-8848938f690d/datanode-3/data/ratis/f27972fe-4000-4d5a-8cf1-e9b64072809a
2022-11-03 16:01:17,825 [pool-141-thread-1] INFO  server.RaftServerConfigKeys (ConfUtils.java:logGet(46)) - raft.server.log.queue.byte-limit = 4294967296 (custom)
2022-11-03 16:01:17,825 [pool-141-thread-1] INFO  server.RaftServerConfigKeys (ConfUtils.java:logGet(46)) - raft.server.log.queue.element-limit = 1024 (custom)
2022-11-03 16:01:17,825 [pool-141-thread-1] INFO  server.RaftServerConfigKeys (ConfUtils.java:logGet(46)) - raft.server.log.segment.size.max = 1048576 (custom)
2022-11-03 16:01:17,825 [pool-141-thread-1] INFO  server.RaftServerConfigKeys (ConfUtils.java:logGet(46)) - raft.server.log.preallocated.size = 16384 (custom)
2022-11-03 16:01:17,825 [pool-141-thread-1] INFO  server.RaftServerConfigKeys (ConfUtils.java:logGet(46)) - raft.server.log.force.sync.num = 128 (default)
2022-11-03 16:01:17,825 [pool-141-thread-1] INFO  server.RaftServerConfigKeys (ConfUtils.java:logGet(46)) - raft.server.log.statemachine.data.sync = true (default)
2022-11-03 16:01:17,826 [pool-141-thread-1] INFO  server.RaftServerConfigKeys (ConfUtils.java:logGet(46)) - raft.server.log.statemachine.data.sync.timeout = 10s (default)
2022-11-03 16:01:17,826 [pool-141-thread-1] INFO  server.RaftServerConfigKeys (ConfUtils.java:logGet(46)) - raft.server.log.statemachine.data.sync.timeout.retry = -1 (default)
2022-11-03 16:01:17,826 [pool-141-thread-1] INFO  server.RaftServerConfigKeys (ConfUtils.java:logGet(46)) - raft.server.log.write.buffer.size = 1048576 (custom)
2022-11-03 16:01:17,827 [pool-141-thread-1] INFO  server.RaftServerConfigKeys (ConfUtils.java:logGet(46)) - raft.server.log.unsafe-flush.enabled = false (default)
2022-11-03 16:01:17,827 [pool-141-thread-1] INFO  server.RaftServerConfigKeys (ConfUtils.java:logGet(46)) - raft.server.log.async-flush.enabled = false (default)
2022-11-03 16:01:17,827 [pool-141-thread-1] INFO  server.RaftServerConfigKeys (ConfUtils.java:logGet(46)) - raft.server.log.statemachine.data.caching.enabled = true (custom)
2022-11-03 16:01:17,827 [pool-141-thread-1] INFO  segmented.SegmentedRaftLogWorker (SegmentedRaftLogWorker.java:lambda$new$0(136)) - 3af182df-8746-4079-a1aa-2aadbfcb2e37@group-E9B64072809A-SegmentedRaftLogWorker: flushIndex: setUnconditionally 0 -> -1
2022-11-03 16:01:17,827 [pool-141-thread-1] INFO  segmented.SegmentedRaftLogWorker (SegmentedRaftLogWorker.java:lambda$new$0(136)) - 3af182df-8746-4079-a1aa-2aadbfcb2e37@group-E9B64072809A-SegmentedRaftLogWorker: safeCacheEvictIndex: setUnconditionally 0 -> -1
2022-11-03 16:01:17,828 [pool-141-thread-1] INFO  server.RaftServer$Division (RaftServerImpl.java:start(334)) - 3af182df-8746-4079-a1aa-2aadbfcb2e37@group-E9B64072809A: start as a follower, conf=-1: peers:[6065ee46-1250-4f2d-bd18-fb99db464885|rpc:10.1.1.36:43193|priority:0|startupRole:FOLLOWER, 2369a186-4f78-4e7b-885b-53a729611fd8|rpc:10.1.1.36:35493|priority:0|startupRole:FOLLOWER, 3af182df-8746-4079-a1aa-2aadbfcb2e37|rpc:10.1.1.36:35587|priority:1|startupRole:FOLLOWER]|listeners:[], old=null
2022-11-03 16:01:17,828 [pool-141-thread-1] INFO  server.RaftServer$Division (RaftServerImpl.java:setRole(321)) - 3af182df-8746-4079-a1aa-2aadbfcb2e37@group-E9B64072809A: changes role from      null to FOLLOWER at term 0 for startAsFollower
2022-11-03 16:01:17,828 [pool-141-thread-1] INFO  impl.RoleInfo (RoleInfo.java:updateAndGet(139)) - 3af182df-8746-4079-a1aa-2aadbfcb2e37: start 3af182df-8746-4079-a1aa-2aadbfcb2e37@group-E9B64072809A-FollowerState
2022-11-03 16:01:17,828 [pool-141-thread-1] INFO  util.JmxRegister (JmxRegister.java:tryRegister(44)) - Successfully registered JMX Bean with object name Ratis:service=RaftServer,group=group-E9B64072809A,id=3af182df-8746-4079-a1aa-2aadbfcb2e37
2022-11-03 16:01:17,828 [3af182df-8746-4079-a1aa-2aadbfcb2e37@group-E9B64072809A-FollowerState] INFO  server.RaftServerConfigKeys (ConfUtils.java:logFallback(53)) - raft.server.rpc.first-election.timeout.min = 5s (fallback to raft.server.rpc.timeout.min)
2022-11-03 16:01:17,828 [3af182df-8746-4079-a1aa-2aadbfcb2e37@group-E9B64072809A-FollowerState] INFO  server.RaftServerConfigKeys (ConfUtils.java:logFallback(53)) - raft.server.rpc.first-election.timeout.max = 5200ms (fallback to raft.server.rpc.timeout.max)
2022-11-03 16:01:17,828 [pool-141-thread-1] INFO  server.RaftServerConfigKeys (ConfUtils.java:logGet(46)) - raft.server.snapshot.auto.trigger.enabled = true (custom)
2022-11-03 16:01:17,829 [pool-141-thread-1] INFO  server.RaftServerConfigKeys (ConfUtils.java:logGet(46)) - raft.server.snapshot.auto.trigger.threshold = 10000 (custom)
2022-11-03 16:01:17,829 [pool-141-thread-1] INFO  server.RaftServerConfigKeys (ConfUtils.java:logGet(46)) - raft.server.snapshot.retention.file.num = 5 (custom)
2022-11-03 16:01:17,829 [pool-141-thread-1] INFO  server.RaftServerConfigKeys (ConfUtils.java:logGet(46)) - raft.server.log.purge.upto.snapshot.index = false (default)
2022-11-03 16:01:17,830 [Command processor thread] INFO  ratis.XceiverServerRatis (XceiverServerRatis.java:addGroup(765)) - Created group PipelineID=f27972fe-4000-4d5a-8cf1-e9b64072809a
2022-11-03 16:01:17,843 [grpc-default-executor-0] INFO  server.RaftServer (RaftServerProxy.java:addNew(96)) - 2369a186-4f78-4e7b-885b-53a729611fd8: addNew group-E9B64072809A:[6065ee46-1250-4f2d-bd18-fb99db464885|rpc:10.1.1.36:43193|dataStream:|priority:0|startupRole:FOLLOWER, 2369a186-4f78-4e7b-885b-53a729611fd8|rpc:10.1.1.36:35493|dataStream:|priority:0|startupRole:FOLLOWER, 3af182df-8746-4079-a1aa-2aadbfcb2e37|rpc:10.1.1.36:35587|dataStream:|priority:1|startupRole:FOLLOWER] returns group-E9B64072809A:java.util.concurrent.CompletableFuture@322f7dd1[Not completed]
2022-11-03 16:01:17,844 [pool-164-thread-1] INFO  server.RaftServer$Division (RaftServerImpl.java:<init>(195)) - 2369a186-4f78-4e7b-885b-53a729611fd8: new RaftServerImpl for group-E9B64072809A:[6065ee46-1250-4f2d-bd18-fb99db464885|rpc:10.1.1.36:43193|dataStream:|priority:0|startupRole:FOLLOWER, 2369a186-4f78-4e7b-885b-53a729611fd8|rpc:10.1.1.36:35493|dataStream:|priority:0|startupRole:FOLLOWER, 3af182df-8746-4079-a1aa-2aadbfcb2e37|rpc:10.1.1.36:35587|dataStream:|priority:1|startupRole:FOLLOWER] with ContainerStateMachine:uninitialized
2022-11-03 16:01:17,844 [pool-164-thread-1] INFO  server.RaftServerConfigKeys (ConfUtils.java:logGet(46)) - raft.server.rpc.timeout.min = 5s (custom)
2022-11-03 16:01:17,844 [pool-164-thread-1] INFO  server.RaftServerConfigKeys (ConfUtils.java:logGet(46)) - raft.server.rpc.timeout.max = 5200ms (custom)
2022-11-03 16:01:17,844 [pool-164-thread-1] INFO  server.RaftServerConfigKeys (ConfUtils.java:logGet(46)) - raft.server.rpc.sleep.time = 25ms (default)
2022-11-03 16:01:17,844 [pool-164-thread-1] INFO  server.RaftServerConfigKeys (ConfUtils.java:logGet(46)) - raft.server.rpc.slowness.timeout = 300s (custom)
2022-11-03 16:01:17,844 [pool-164-thread-1] INFO  server.RaftServerConfigKeys (ConfUtils.java:logGet(46)) - raft.server.leaderelection.leader.step-down.wait-time = 10s (default)
2022-11-03 16:01:17,844 [pool-164-thread-1] INFO  server.RaftServerConfigKeys (ConfUtils.java:logGet(46)) - raft.server.sleep.deviation.threshold = 300ms (default)
2022-11-03 16:01:17,844 [pool-164-thread-1] INFO  server.RaftServer$Division (ServerState.java:<init>(118)) - 2369a186-4f78-4e7b-885b-53a729611fd8@group-E9B64072809A: ConfigurationManager, init=-1: peers:[6065ee46-1250-4f2d-bd18-fb99db464885|rpc:10.1.1.36:43193|dataStream:|priority:0|startupRole:FOLLOWER, 2369a186-4f78-4e7b-885b-53a729611fd8|rpc:10.1.1.36:35493|dataStream:|priority:0|startupRole:FOLLOWER, 3af182df-8746-4079-a1aa-2aadbfcb2e37|rpc:10.1.1.36:35587|dataStream:|priority:1|startupRole:FOLLOWER]|listeners:[], old=null, confs=<EMPTY_MAP>
2022-11-03 16:01:17,844 [pool-164-thread-1] INFO  server.RaftServerConfigKeys (ConfUtils.java:logGet(46)) - raft.server.storage.dir = [/home/runner/work/ozone/ozone/hadoop-ozone/integration-test/target/test-dir/MiniOzoneClusterImpl-84bf62e0-a170-4695-9dd9-8848938f690d/datanode-4/data/ratis] (custom)
2022-11-03 16:01:17,845 [pool-164-thread-1] INFO  server.RaftServerConfigKeys (ConfUtils.java:logGet(46)) - raft.server.log.corruption.policy = EXCEPTION (default)
2022-11-03 16:01:17,845 [pool-164-thread-1] INFO  server.RaftServerConfigKeys (ConfUtils.java:logGet(46)) - raft.server.storage.free-space.min = 0MB (=0) (default)
2022-11-03 16:01:17,845 [pool-164-thread-1] INFO  server.RaftServerConfigKeys (ConfUtils.java:logGet(46)) - raft.server.notification.no-leader.timeout = 300s (custom)
2022-11-03 16:01:17,845 [pool-164-thread-1] INFO  server.RaftServerConfigKeys (ConfUtils.java:logGet(46)) - raft.server.retrycache.expirytime = 600000ms (custom)
2022-11-03 16:01:17,845 [pool-164-thread-1] INFO  server.RaftServerConfigKeys (ConfUtils.java:logGet(46)) - raft.server.retrycache.statistics.expirytime = 100μs (default)
2022-11-03 16:01:17,846 [pool-164-thread-1] INFO  server.RaftServerConfigKeys (ConfUtils.java:logGet(46)) - raft.server.log.appender.install.snapshot.enabled = false (custom)
2022-11-03 16:01:17,846 [pool-164-thread-1] INFO  server.RaftServerConfigKeys (ConfUtils.java:logGet(46)) - raft.server.threadpool.server.cached = true (default)
2022-11-03 16:01:17,846 [pool-164-thread-1] INFO  server.RaftServerConfigKeys (ConfUtils.java:logGet(46)) - raft.server.threadpool.server.size = 0 (default)
2022-11-03 16:01:17,846 [pool-164-thread-1] INFO  server.RaftServerConfigKeys (ConfUtils.java:logGet(46)) - raft.server.threadpool.client.cached = true (default)
2022-11-03 16:01:17,846 [pool-164-thread-1] INFO  server.RaftServerConfigKeys (ConfUtils.java:logGet(46)) - raft.server.threadpool.client.size = 0 (default)
2022-11-03 16:01:17,846 [pool-164-thread-1] INFO  storage.RaftStorageDirectory (RaftStorageDirectoryImpl.java:analyzeStorage(137)) - The storage directory /home/runner/work/ozone/ozone/hadoop-ozone/integration-test/target/test-dir/MiniOzoneClusterImpl-84bf62e0-a170-4695-9dd9-8848938f690d/datanode-4/data/ratis/f27972fe-4000-4d5a-8cf1-e9b64072809a does not exist. Creating ...
2022-11-03 16:01:17,847 [pool-164-thread-1] INFO  storage.RaftStorageDirectory (RaftStorageDirectoryImpl.java:tryLock(231)) - Lock on /home/runner/work/ozone/ozone/hadoop-ozone/integration-test/target/test-dir/MiniOzoneClusterImpl-84bf62e0-a170-4695-9dd9-8848938f690d/datanode-4/data/ratis/f27972fe-4000-4d5a-8cf1-e9b64072809a/in_use.lock acquired by nodename 14715@fv-az47-358
2022-11-03 16:01:17,849 [pool-164-thread-1] INFO  storage.RaftStorage (RaftStorageImpl.java:format(96)) - Storage directory /home/runner/work/ozone/ozone/hadoop-ozone/integration-test/target/test-dir/MiniOzoneClusterImpl-84bf62e0-a170-4695-9dd9-8848938f690d/datanode-4/data/ratis/f27972fe-4000-4d5a-8cf1-e9b64072809a has been successfully formatted.
2022-11-03 16:01:17,849 [pool-164-thread-1] INFO  ratis.ContainerStateMachine (ContainerStateMachine.java:loadSnapshot(236)) - group-E9B64072809A: The snapshot info is null. Setting the last applied indexto:(t:0, i:~)
2022-11-03 16:01:17,849 [pool-164-thread-1] INFO  server.RaftServerConfigKeys (ConfUtils.java:logGet(46)) - raft.server.log.use.memory = false (default)
2022-11-03 16:01:17,849 [pool-164-thread-1] INFO  server.RaftServerConfigKeys (ConfUtils.java:logGet(46)) - raft.server.log.purge.gap = 1000000 (custom)
2022-11-03 16:01:17,849 [pool-164-thread-1] INFO  server.RaftServerConfigKeys (ConfUtils.java:logGet(46)) - raft.server.log.appender.buffer.byte-limit = 33554432 (custom)
2022-11-03 16:01:17,849 [pool-164-thread-1] INFO  server.RaftServerConfigKeys (ConfUtils.java:logGet(46)) - raft.server.log.statemachine.data.read.timeout = 1000ms (default)
2022-11-03 16:01:17,849 [pool-164-thread-1] INFO  server.RaftServerConfigKeys (ConfUtils.java:logGet(46)) - raft.server.log.purge.preservation.log.num = 0 (default)
2022-11-03 16:01:17,850 [pool-164-thread-1] INFO  server.RaftServerConfigKeys (ConfUtils.java:logGet(46)) - raft.server.log.segment.size.max = 1048576 (custom)
2022-11-03 16:01:17,850 [pool-164-thread-1] INFO  server.RaftServerConfigKeys (ConfUtils.java:logGet(46)) - raft.server.log.segment.cache.num.max = 2 (custom)
2022-11-03 16:01:17,850 [pool-164-thread-1] INFO  server.RaftServerConfigKeys (ConfUtils.java:logGet(46)) - raft.server.log.segment.cache.size.max = 200MB (=209715200) (default)
2022-11-03 16:01:17,851 [pool-164-thread-1] INFO  segmented.SegmentedRaftLogWorker (SegmentedRaftLogWorker.java:<init>(191)) - new 2369a186-4f78-4e7b-885b-53a729611fd8@group-E9B64072809A-SegmentedRaftLogWorker for RaftStorageImpl:Storage Directory /home/runner/work/ozone/ozone/hadoop-ozone/integration-test/target/test-dir/MiniOzoneClusterImpl-84bf62e0-a170-4695-9dd9-8848938f690d/datanode-4/data/ratis/f27972fe-4000-4d5a-8cf1-e9b64072809a
2022-11-03 16:01:17,851 [pool-164-thread-1] INFO  server.RaftServerConfigKeys (ConfUtils.java:logGet(46)) - raft.server.log.queue.byte-limit = 4294967296 (custom)
2022-11-03 16:01:17,851 [pool-164-thread-1] INFO  server.RaftServerConfigKeys (ConfUtils.java:logGet(46)) - raft.server.log.queue.element-limit = 1024 (custom)
2022-11-03 16:01:17,851 [pool-164-thread-1] INFO  server.RaftServerConfigKeys (ConfUtils.java:logGet(46)) - raft.server.log.segment.size.max = 1048576 (custom)
2022-11-03 16:01:17,851 [pool-164-thread-1] INFO  server.RaftServerConfigKeys (ConfUtils.java:logGet(46)) - raft.server.log.preallocated.size = 16384 (custom)
2022-11-03 16:01:17,851 [pool-164-thread-1] INFO  server.RaftServerConfigKeys (ConfUtils.java:logGet(46)) - raft.server.log.force.sync.num = 128 (default)
2022-11-03 16:01:17,851 [pool-164-thread-1] INFO  server.RaftServerConfigKeys (ConfUtils.java:logGet(46)) - raft.server.log.statemachine.data.sync = true (default)
2022-11-03 16:01:17,851 [pool-164-thread-1] INFO  server.RaftServerConfigKeys (ConfUtils.java:logGet(46)) - raft.server.log.statemachine.data.sync.timeout = 10s (default)
2022-11-03 16:01:17,851 [pool-164-thread-1] INFO  server.RaftServerConfigKeys (ConfUtils.java:logGet(46)) - raft.server.log.statemachine.data.sync.timeout.retry = -1 (default)
2022-11-03 16:01:17,852 [pool-164-thread-1] INFO  server.RaftServerConfigKeys (ConfUtils.java:logGet(46)) - raft.server.log.write.buffer.size = 1048576 (custom)
2022-11-03 16:01:17,852 [pool-164-thread-1] INFO  server.RaftServerConfigKeys (ConfUtils.java:logGet(46)) - raft.server.log.unsafe-flush.enabled = false (default)
2022-11-03 16:01:17,853 [pool-164-thread-1] INFO  server.RaftServerConfigKeys (ConfUtils.java:logGet(46)) - raft.server.log.async-flush.enabled = false (default)
2022-11-03 16:01:17,853 [pool-164-thread-1] INFO  server.RaftServerConfigKeys (ConfUtils.java:logGet(46)) - raft.server.log.statemachine.data.caching.enabled = true (custom)
2022-11-03 16:01:17,853 [pool-164-thread-1] INFO  segmented.SegmentedRaftLogWorker (SegmentedRaftLogWorker.java:lambda$new$0(136)) - 2369a186-4f78-4e7b-885b-53a729611fd8@group-E9B64072809A-SegmentedRaftLogWorker: flushIndex: setUnconditionally 0 -> -1
2022-11-03 16:01:17,853 [pool-164-thread-1] INFO  segmented.SegmentedRaftLogWorker (SegmentedRaftLogWorker.java:lambda$new$0(136)) - 2369a186-4f78-4e7b-885b-53a729611fd8@group-E9B64072809A-SegmentedRaftLogWorker: safeCacheEvictIndex: setUnconditionally 0 -> -1
2022-11-03 16:01:17,853 [pool-164-thread-1] INFO  server.RaftServer$Division (RaftServerImpl.java:start(334)) - 2369a186-4f78-4e7b-885b-53a729611fd8@group-E9B64072809A: start as a follower, conf=-1: peers:[6065ee46-1250-4f2d-bd18-fb99db464885|rpc:10.1.1.36:43193|dataStream:|priority:0|startupRole:FOLLOWER, 2369a186-4f78-4e7b-885b-53a729611fd8|rpc:10.1.1.36:35493|dataStream:|priority:0|startupRole:FOLLOWER, 3af182df-8746-4079-a1aa-2aadbfcb2e37|rpc:10.1.1.36:35587|dataStream:|priority:1|startupRole:FOLLOWER]|listeners:[], old=null
2022-11-03 16:01:17,853 [pool-164-thread-1] INFO  server.RaftServer$Division (RaftServerImpl.java:setRole(321)) - 2369a186-4f78-4e7b-885b-53a729611fd8@group-E9B64072809A: changes role from      null to FOLLOWER at term 0 for startAsFollower
2022-11-03 16:01:17,853 [pool-164-thread-1] INFO  impl.RoleInfo (RoleInfo.java:updateAndGet(139)) - 2369a186-4f78-4e7b-885b-53a729611fd8: start 2369a186-4f78-4e7b-885b-53a729611fd8@group-E9B64072809A-FollowerState
2022-11-03 16:01:17,853 [pool-164-thread-1] INFO  util.JmxRegister (JmxRegister.java:tryRegister(44)) - Successfully registered JMX Bean with object name Ratis:service=RaftServer,group=group-E9B64072809A,id=2369a186-4f78-4e7b-885b-53a729611fd8
2022-11-03 16:01:17,853 [2369a186-4f78-4e7b-885b-53a729611fd8@group-E9B64072809A-FollowerState] INFO  server.RaftServerConfigKeys (ConfUtils.java:logFallback(53)) - raft.server.rpc.first-election.timeout.min = 5s (fallback to raft.server.rpc.timeout.min)
2022-11-03 16:01:17,857 [pool-164-thread-1] INFO  server.RaftServerConfigKeys (ConfUtils.java:logGet(46)) - raft.server.snapshot.auto.trigger.enabled = true (custom)
2022-11-03 16:01:17,857 [2369a186-4f78-4e7b-885b-53a729611fd8@group-E9B64072809A-FollowerState] INFO  server.RaftServerConfigKeys (ConfUtils.java:logFallback(53)) - raft.server.rpc.first-election.timeout.max = 5200ms (fallback to raft.server.rpc.timeout.max)
2022-11-03 16:01:17,857 [pool-164-thread-1] INFO  server.RaftServerConfigKeys (ConfUtils.java:logGet(46)) - raft.server.snapshot.auto.trigger.threshold = 10000 (custom)
2022-11-03 16:01:17,857 [pool-164-thread-1] INFO  server.RaftServerConfigKeys (ConfUtils.java:logGet(46)) - raft.server.snapshot.retention.file.num = 5 (custom)
2022-11-03 16:01:17,857 [pool-164-thread-1] INFO  server.RaftServerConfigKeys (ConfUtils.java:logGet(46)) - raft.server.log.purge.upto.snapshot.index = false (default)
2022-11-03 16:01:17,863 [Listener at 127.0.0.1/45563] INFO  ozone.MiniOzoneClusterImpl (MiniOzoneClusterImpl.java:lambda$waitForClusterToBeReady$0(216)) - Nodes are ready. Got 10 of 10 DN Heartbeats.
2022-11-03 16:01:17,863 [Listener at 127.0.0.1/45563] INFO  ozone.MiniOzoneClusterImpl (MiniOzoneClusterImpl.java:lambda$waitForClusterToBeReady$0(219)) - Waiting for cluster to exit safe mode
2022-11-03 16:01:17,863 [Listener at 127.0.0.1/45563] INFO  ozone.MiniOzoneClusterImpl (MiniOzoneClusterImpl.java:lambda$waitForClusterToBeReady$0(221)) - SCM became leader
2022-11-03 16:01:17,873 [grpc-default-executor-0] INFO  server.RaftServer (RaftServerProxy.java:addNew(96)) - 6065ee46-1250-4f2d-bd18-fb99db464885: addNew group-E9B64072809A:[6065ee46-1250-4f2d-bd18-fb99db464885|rpc:10.1.1.36:43193|dataStream:|priority:0|startupRole:FOLLOWER, 2369a186-4f78-4e7b-885b-53a729611fd8|rpc:10.1.1.36:35493|dataStream:|priority:0|startupRole:FOLLOWER, 3af182df-8746-4079-a1aa-2aadbfcb2e37|rpc:10.1.1.36:35587|dataStream:|priority:1|startupRole:FOLLOWER] returns group-E9B64072809A:java.util.concurrent.CompletableFuture@7d344adf[Not completed]
2022-11-03 16:01:17,874 [pool-187-thread-1] INFO  server.RaftServer$Division (RaftServerImpl.java:<init>(195)) - 6065ee46-1250-4f2d-bd18-fb99db464885: new RaftServerImpl for group-E9B64072809A:[6065ee46-1250-4f2d-bd18-fb99db464885|rpc:10.1.1.36:43193|dataStream:|priority:0|startupRole:FOLLOWER, 2369a186-4f78-4e7b-885b-53a729611fd8|rpc:10.1.1.36:35493|dataStream:|priority:0|startupRole:FOLLOWER, 3af182df-8746-4079-a1aa-2aadbfcb2e37|rpc:10.1.1.36:35587|dataStream:|priority:1|startupRole:FOLLOWER] with ContainerStateMachine:uninitialized
2022-11-03 16:01:17,874 [pool-187-thread-1] INFO  server.RaftServerConfigKeys (ConfUtils.java:logGet(46)) - raft.server.rpc.timeout.min = 5s (custom)
2022-11-03 16:01:17,874 [pool-187-thread-1] INFO  server.RaftServerConfigKeys (ConfUtils.java:logGet(46)) - raft.server.rpc.timeout.max = 5200ms (custom)
2022-11-03 16:01:17,874 [pool-187-thread-1] INFO  server.RaftServerConfigKeys (ConfUtils.java:logGet(46)) - raft.server.rpc.sleep.time = 25ms (default)
2022-11-03 16:01:17,874 [pool-187-thread-1] INFO  server.RaftServerConfigKeys (ConfUtils.java:logGet(46)) - raft.server.rpc.slowness.timeout = 300s (custom)
2022-11-03 16:01:17,874 [pool-187-thread-1] INFO  server.RaftServerConfigKeys (ConfUtils.java:logGet(46)) - raft.server.leaderelection.leader.step-down.wait-time = 10s (default)
2022-11-03 16:01:17,874 [pool-187-thread-1] INFO  server.RaftServerConfigKeys (ConfUtils.java:logGet(46)) - raft.server.sleep.deviation.threshold = 300ms (default)
2022-11-03 16:01:17,874 [pool-187-thread-1] INFO  server.RaftServer$Division (ServerState.java:<init>(118)) - 6065ee46-1250-4f2d-bd18-fb99db464885@group-E9B64072809A: ConfigurationManager, init=-1: peers:[6065ee46-1250-4f2d-bd18-fb99db464885|rpc:10.1.1.36:43193|dataStream:|priority:0|startupRole:FOLLOWER, 2369a186-4f78-4e7b-885b-53a729611fd8|rpc:10.1.1.36:35493|dataStream:|priority:0|startupRole:FOLLOWER, 3af182df-8746-4079-a1aa-2aadbfcb2e37|rpc:10.1.1.36:35587|dataStream:|priority:1|startupRole:FOLLOWER]|listeners:[], old=null, confs=<EMPTY_MAP>
2022-11-03 16:01:17,874 [pool-187-thread-1] INFO  server.RaftServerConfigKeys (ConfUtils.java:logGet(46)) - raft.server.storage.dir = [/home/runner/work/ozone/ozone/hadoop-ozone/integration-test/target/test-dir/MiniOzoneClusterImpl-84bf62e0-a170-4695-9dd9-8848938f690d/datanode-5/data/ratis] (custom)
2022-11-03 16:01:17,874 [pool-187-thread-1] INFO  server.RaftServerConfigKeys (ConfUtils.java:logGet(46)) - raft.server.log.corruption.policy = EXCEPTION (default)
2022-11-03 16:01:17,874 [pool-187-thread-1] INFO  server.RaftServerConfigKeys (ConfUtils.java:logGet(46)) - raft.server.storage.free-space.min = 0MB (=0) (default)
2022-11-03 16:01:17,874 [pool-187-thread-1] INFO  server.RaftServerConfigKeys (ConfUtils.java:logGet(46)) - raft.server.notification.no-leader.timeout = 300s (custom)
2022-11-03 16:01:17,874 [pool-187-thread-1] INFO  server.RaftServerConfigKeys (ConfUtils.java:logGet(46)) - raft.server.retrycache.expirytime = 600000ms (custom)
2022-11-03 16:01:17,874 [pool-187-thread-1] INFO  server.RaftServerConfigKeys (ConfUtils.java:logGet(46)) - raft.server.retrycache.statistics.expirytime = 100μs (default)
2022-11-03 16:01:17,875 [pool-187-thread-1] INFO  server.RaftServerConfigKeys (ConfUtils.java:logGet(46)) - raft.server.log.appender.install.snapshot.enabled = false (custom)
2022-11-03 16:01:17,875 [pool-187-thread-1] INFO  server.RaftServerConfigKeys (ConfUtils.java:logGet(46)) - raft.server.threadpool.server.cached = true (default)
2022-11-03 16:01:17,875 [pool-187-thread-1] INFO  server.RaftServerConfigKeys (ConfUtils.java:logGet(46)) - raft.server.threadpool.server.size = 0 (default)
2022-11-03 16:01:17,875 [pool-187-thread-1] INFO  server.RaftServerConfigKeys (ConfUtils.java:logGet(46)) - raft.server.threadpool.client.cached = true (default)
2022-11-03 16:01:17,876 [pool-187-thread-1] INFO  server.RaftServerConfigKeys (ConfUtils.java:logGet(46)) - raft.server.threadpool.client.size = 0 (default)
2022-11-03 16:01:17,876 [pool-187-thread-1] INFO  storage.RaftStorageDirectory (RaftStorageDirectoryImpl.java:analyzeStorage(137)) - The storage directory /home/runner/work/ozone/ozone/hadoop-ozone/integration-test/target/test-dir/MiniOzoneClusterImpl-84bf62e0-a170-4695-9dd9-8848938f690d/datanode-5/data/ratis/f27972fe-4000-4d5a-8cf1-e9b64072809a does not exist. Creating ...
2022-11-03 16:01:17,877 [pool-187-thread-1] INFO  storage.RaftStorageDirectory (RaftStorageDirectoryImpl.java:tryLock(231)) - Lock on /home/runner/work/ozone/ozone/hadoop-ozone/integration-test/target/test-dir/MiniOzoneClusterImpl-84bf62e0-a170-4695-9dd9-8848938f690d/datanode-5/data/ratis/f27972fe-4000-4d5a-8cf1-e9b64072809a/in_use.lock acquired by nodename 14715@fv-az47-358
2022-11-03 16:01:17,878 [pool-187-thread-1] INFO  storage.RaftStorage (RaftStorageImpl.java:format(96)) - Storage directory /home/runner/work/ozone/ozone/hadoop-ozone/integration-test/target/test-dir/MiniOzoneClusterImpl-84bf62e0-a170-4695-9dd9-8848938f690d/datanode-5/data/ratis/f27972fe-4000-4d5a-8cf1-e9b64072809a has been successfully formatted.
2022-11-03 16:01:17,878 [pool-187-thread-1] INFO  ratis.ContainerStateMachine (ContainerStateMachine.java:loadSnapshot(236)) - group-E9B64072809A: The snapshot info is null. Setting the last applied indexto:(t:0, i:~)
2022-11-03 16:01:17,878 [pool-187-thread-1] INFO  server.RaftServerConfigKeys (ConfUtils.java:logGet(46)) - raft.server.log.use.memory = false (default)
2022-11-03 16:01:17,878 [pool-187-thread-1] INFO  server.RaftServerConfigKeys (ConfUtils.java:logGet(46)) - raft.server.log.purge.gap = 1000000 (custom)
2022-11-03 16:01:17,880 [pool-187-thread-1] INFO  server.RaftServerConfigKeys (ConfUtils.java:logGet(46)) - raft.server.log.appender.buffer.byte-limit = 33554432 (custom)
2022-11-03 16:01:17,880 [pool-187-thread-1] INFO  server.RaftServerConfigKeys (ConfUtils.java:logGet(46)) - raft.server.log.statemachine.data.read.timeout = 1000ms (default)
2022-11-03 16:01:17,880 [pool-187-thread-1] INFO  server.RaftServerConfigKeys (ConfUtils.java:logGet(46)) - raft.server.log.purge.preservation.log.num = 0 (default)
2022-11-03 16:01:17,880 [pool-187-thread-1] INFO  server.RaftServerConfigKeys (ConfUtils.java:logGet(46)) - raft.server.log.segment.size.max = 1048576 (custom)
2022-11-03 16:01:17,881 [pool-187-thread-1] INFO  server.RaftServerConfigKeys (ConfUtils.java:logGet(46)) - raft.server.log.segment.cache.num.max = 2 (custom)
2022-11-03 16:01:17,881 [pool-187-thread-1] INFO  server.RaftServerConfigKeys (ConfUtils.java:logGet(46)) - raft.server.log.segment.cache.size.max = 200MB (=209715200) (default)
2022-11-03 16:01:17,881 [pool-187-thread-1] INFO  segmented.SegmentedRaftLogWorker (SegmentedRaftLogWorker.java:<init>(191)) - new 6065ee46-1250-4f2d-bd18-fb99db464885@group-E9B64072809A-SegmentedRaftLogWorker for RaftStorageImpl:Storage Directory /home/runner/work/ozone/ozone/hadoop-ozone/integration-test/target/test-dir/MiniOzoneClusterImpl-84bf62e0-a170-4695-9dd9-8848938f690d/datanode-5/data/ratis/f27972fe-4000-4d5a-8cf1-e9b64072809a
2022-11-03 16:01:17,881 [pool-187-thread-1] INFO  server.RaftServerConfigKeys (ConfUtils.java:logGet(46)) - raft.server.log.queue.byte-limit = 4294967296 (custom)
2022-11-03 16:01:17,881 [pool-187-thread-1] INFO  server.RaftServerConfigKeys (ConfUtils.java:logGet(46)) - raft.server.log.queue.element-limit = 1024 (custom)
2022-11-03 16:01:17,881 [pool-187-thread-1] INFO  server.RaftServerConfigKeys (ConfUtils.java:logGet(46)) - raft.server.log.segment.size.max = 1048576 (custom)
2022-11-03 16:01:17,881 [pool-187-thread-1] INFO  server.RaftServerConfigKeys (ConfUtils.java:logGet(46)) - raft.server.log.preallocated.size = 16384 (custom)
2022-11-03 16:01:17,881 [pool-187-thread-1] INFO  server.RaftServerConfigKeys (ConfUtils.java:logGet(46)) - raft.server.log.force.sync.num = 128 (default)
2022-11-03 16:01:17,881 [pool-187-thread-1] INFO  server.RaftServerConfigKeys (ConfUtils.java:logGet(46)) - raft.server.log.statemachine.data.sync = true (default)
2022-11-03 16:01:17,881 [pool-187-thread-1] INFO  server.RaftServerConfigKeys (ConfUtils.java:logGet(46)) - raft.server.log.statemachine.data.sync.timeout = 10s (default)
2022-11-03 16:01:17,881 [pool-187-thread-1] INFO  server.RaftServerConfigKeys (ConfUtils.java:logGet(46)) - raft.server.log.statemachine.data.sync.timeout.retry = -1 (default)
2022-11-03 16:01:17,882 [pool-187-thread-1] INFO  server.RaftServerConfigKeys (ConfUtils.java:logGet(46)) - raft.server.log.write.buffer.size = 1048576 (custom)
2022-11-03 16:01:17,882 [pool-187-thread-1] INFO  server.RaftServerConfigKeys (ConfUtils.java:logGet(46)) - raft.server.log.unsafe-flush.enabled = false (default)
2022-11-03 16:01:17,882 [pool-187-thread-1] INFO  server.RaftServerConfigKeys (ConfUtils.java:logGet(46)) - raft.server.log.async-flush.enabled = false (default)
2022-11-03 16:01:17,882 [pool-187-thread-1] INFO  server.RaftServerConfigKeys (ConfUtils.java:logGet(46)) - raft.server.log.statemachine.data.caching.enabled = true (custom)
2022-11-03 16:01:17,883 [pool-187-thread-1] INFO  segmented.SegmentedRaftLogWorker (SegmentedRaftLogWorker.java:lambda$new$0(136)) - 6065ee46-1250-4f2d-bd18-fb99db464885@group-E9B64072809A-SegmentedRaftLogWorker: flushIndex: setUnconditionally 0 -> -1
2022-11-03 16:01:17,883 [pool-187-thread-1] INFO  segmented.SegmentedRaftLogWorker (SegmentedRaftLogWorker.java:lambda$new$0(136)) - 6065ee46-1250-4f2d-bd18-fb99db464885@group-E9B64072809A-SegmentedRaftLogWorker: safeCacheEvictIndex: setUnconditionally 0 -> -1
2022-11-03 16:01:17,883 [pool-187-thread-1] INFO  server.RaftServer$Division (RaftServerImpl.java:start(334)) - 6065ee46-1250-4f2d-bd18-fb99db464885@group-E9B64072809A: start as a follower, conf=-1: peers:[6065ee46-1250-4f2d-bd18-fb99db464885|rpc:10.1.1.36:43193|dataStream:|priority:0|startupRole:FOLLOWER, 2369a186-4f78-4e7b-885b-53a729611fd8|rpc:10.1.1.36:35493|dataStream:|priority:0|startupRole:FOLLOWER, 3af182df-8746-4079-a1aa-2aadbfcb2e37|rpc:10.1.1.36:35587|dataStream:|priority:1|startupRole:FOLLOWER]|listeners:[], old=null
2022-11-03 16:01:17,883 [pool-187-thread-1] INFO  server.RaftServer$Division (RaftServerImpl.java:setRole(321)) - 6065ee46-1250-4f2d-bd18-fb99db464885@group-E9B64072809A: changes role from      null to FOLLOWER at term 0 for startAsFollower
2022-11-03 16:01:17,883 [pool-187-thread-1] INFO  impl.RoleInfo (RoleInfo.java:updateAndGet(139)) - 6065ee46-1250-4f2d-bd18-fb99db464885: start 6065ee46-1250-4f2d-bd18-fb99db464885@group-E9B64072809A-FollowerState
2022-11-03 16:01:17,888 [pool-187-thread-1] INFO  util.JmxRegister (JmxRegister.java:tryRegister(44)) - Successfully registered JMX Bean with object name Ratis:service=RaftServer,group=group-E9B64072809A,id=6065ee46-1250-4f2d-bd18-fb99db464885
2022-11-03 16:01:17,888 [pool-187-thread-1] INFO  server.RaftServerConfigKeys (ConfUtils.java:logGet(46)) - raft.server.snapshot.auto.trigger.enabled = true (custom)
2022-11-03 16:01:17,888 [pool-187-thread-1] INFO  server.RaftServerConfigKeys (ConfUtils.java:logGet(46)) - raft.server.snapshot.auto.trigger.threshold = 10000 (custom)
2022-11-03 16:01:17,888 [pool-187-thread-1] INFO  server.RaftServerConfigKeys (ConfUtils.java:logGet(46)) - raft.server.snapshot.retention.file.num = 5 (custom)
2022-11-03 16:01:17,888 [pool-187-thread-1] INFO  server.RaftServerConfigKeys (ConfUtils.java:logGet(46)) - raft.server.log.purge.upto.snapshot.index = false (default)
2022-11-03 16:01:17,889 [6065ee46-1250-4f2d-bd18-fb99db464885@group-E9B64072809A-FollowerState] INFO  server.RaftServerConfigKeys (ConfUtils.java:logFallback(53)) - raft.server.rpc.first-election.timeout.min = 5s (fallback to raft.server.rpc.timeout.min)
2022-11-03 16:01:17,890 [6065ee46-1250-4f2d-bd18-fb99db464885@group-E9B64072809A-FollowerState] INFO  server.RaftServerConfigKeys (ConfUtils.java:logFallback(53)) - raft.server.rpc.first-election.timeout.max = 5200ms (fallback to raft.server.rpc.timeout.max)
2022-11-03 16:01:17,894 [Command processor thread] INFO  commandhandler.CreatePipelineCommandHandler (CreatePipelineCommandHandler.java:handle(113)) - Created Pipeline RATIS THREE PipelineID=f27972fe-4000-4d5a-8cf1-e9b64072809a.
2022-11-03 16:01:17,985 [Command processor thread] INFO  server.RaftServer (RaftServerProxy.java:addNew(96)) - 2369a186-4f78-4e7b-885b-53a729611fd8: addNew group-8513DF5B1E68:[2369a186-4f78-4e7b-885b-53a729611fd8|rpc:10.1.1.36:35493|priority:1|startupRole:FOLLOWER] returns group-8513DF5B1E68:java.util.concurrent.CompletableFuture@4872ff40[Not completed]
2022-11-03 16:01:17,986 [pool-164-thread-1] INFO  server.RaftServer$Division (RaftServerImpl.java:<init>(195)) - 2369a186-4f78-4e7b-885b-53a729611fd8: new RaftServerImpl for group-8513DF5B1E68:[2369a186-4f78-4e7b-885b-53a729611fd8|rpc:10.1.1.36:35493|priority:1|startupRole:FOLLOWER] with ContainerStateMachine:uninitialized
2022-11-03 16:01:17,987 [pool-164-thread-1] INFO  server.RaftServerConfigKeys (ConfUtils.java:logGet(46)) - raft.server.rpc.timeout.min = 5s (custom)
2022-11-03 16:01:17,987 [pool-164-thread-1] INFO  server.RaftServerConfigKeys (ConfUtils.java:logGet(46)) - raft.server.rpc.timeout.max = 5200ms (custom)
2022-11-03 16:01:17,987 [pool-164-thread-1] INFO  server.RaftServerConfigKeys (ConfUtils.java:logGet(46)) - raft.server.rpc.sleep.time = 25ms (default)
2022-11-03 16:01:17,987 [pool-164-thread-1] INFO  server.RaftServerConfigKeys (ConfUtils.java:logGet(46)) - raft.server.rpc.slowness.timeout = 300s (custom)
2022-11-03 16:01:17,987 [pool-164-thread-1] INFO  server.RaftServerConfigKeys (ConfUtils.java:logGet(46)) - raft.server.leaderelection.leader.step-down.wait-time = 10s (default)
2022-11-03 16:01:17,987 [pool-164-thread-1] INFO  server.RaftServerConfigKeys (ConfUtils.java:logGet(46)) - raft.server.sleep.deviation.threshold = 300ms (default)
2022-11-03 16:01:17,987 [pool-164-thread-1] INFO  server.RaftServer$Division (ServerState.java:<init>(118)) - 2369a186-4f78-4e7b-885b-53a729611fd8@group-8513DF5B1E68: ConfigurationManager, init=-1: peers:[2369a186-4f78-4e7b-885b-53a729611fd8|rpc:10.1.1.36:35493|priority:1|startupRole:FOLLOWER]|listeners:[], old=null, confs=<EMPTY_MAP>
2022-11-03 16:01:17,987 [pool-164-thread-1] INFO  server.RaftServerConfigKeys (ConfUtils.java:logGet(46)) - raft.server.storage.dir = [/home/runner/work/ozone/ozone/hadoop-ozone/integration-test/target/test-dir/MiniOzoneClusterImpl-84bf62e0-a170-4695-9dd9-8848938f690d/datanode-4/data/ratis] (custom)
2022-11-03 16:01:17,987 [pool-164-thread-1] INFO  server.RaftServerConfigKeys (ConfUtils.java:logGet(46)) - raft.server.log.corruption.policy = EXCEPTION (default)
2022-11-03 16:01:17,987 [pool-164-thread-1] INFO  server.RaftServerConfigKeys (ConfUtils.java:logGet(46)) - raft.server.storage.free-space.min = 0MB (=0) (default)
2022-11-03 16:01:17,987 [pool-164-thread-1] INFO  server.RaftServerConfigKeys (ConfUtils.java:logGet(46)) - raft.server.notification.no-leader.timeout = 300s (custom)
2022-11-03 16:01:17,987 [pool-164-thread-1] INFO  server.RaftServerConfigKeys (ConfUtils.java:logGet(46)) - raft.server.retrycache.expirytime = 600000ms (custom)
2022-11-03 16:01:17,987 [pool-164-thread-1] INFO  server.RaftServerConfigKeys (ConfUtils.java:logGet(46)) - raft.server.retrycache.statistics.expirytime = 100μs (default)
2022-11-03 16:01:17,989 [pool-164-thread-1] INFO  server.RaftServerConfigKeys (ConfUtils.java:logGet(46)) - raft.server.log.appender.install.snapshot.enabled = false (custom)
2022-11-03 16:01:17,989 [pool-164-thread-1] INFO  server.RaftServerConfigKeys (ConfUtils.java:logGet(46)) - raft.server.threadpool.server.cached = true (default)
2022-11-03 16:01:17,989 [pool-164-thread-1] INFO  server.RaftServerConfigKeys (ConfUtils.java:logGet(46)) - raft.server.threadpool.server.size = 0 (default)
2022-11-03 16:01:17,989 [pool-164-thread-1] INFO  server.RaftServerConfigKeys (ConfUtils.java:logGet(46)) - raft.server.threadpool.client.cached = true (default)
2022-11-03 16:01:17,989 [pool-164-thread-1] INFO  server.RaftServerConfigKeys (ConfUtils.java:logGet(46)) - raft.server.threadpool.client.size = 0 (default)
2022-11-03 16:01:17,989 [pool-164-thread-1] INFO  storage.RaftStorageDirectory (RaftStorageDirectoryImpl.java:analyzeStorage(137)) - The storage directory /home/runner/work/ozone/ozone/hadoop-ozone/integration-test/target/test-dir/MiniOzoneClusterImpl-84bf62e0-a170-4695-9dd9-8848938f690d/datanode-4/data/ratis/6f691f80-73da-46d0-aad5-8513df5b1e68 does not exist. Creating ...
2022-11-03 16:01:17,990 [pool-164-thread-1] INFO  storage.RaftStorageDirectory (RaftStorageDirectoryImpl.java:tryLock(231)) - Lock on /home/runner/work/ozone/ozone/hadoop-ozone/integration-test/target/test-dir/MiniOzoneClusterImpl-84bf62e0-a170-4695-9dd9-8848938f690d/datanode-4/data/ratis/6f691f80-73da-46d0-aad5-8513df5b1e68/in_use.lock acquired by nodename 14715@fv-az47-358
2022-11-03 16:01:17,991 [pool-164-thread-1] INFO  storage.RaftStorage (RaftStorageImpl.java:format(96)) - Storage directory /home/runner/work/ozone/ozone/hadoop-ozone/integration-test/target/test-dir/MiniOzoneClusterImpl-84bf62e0-a170-4695-9dd9-8848938f690d/datanode-4/data/ratis/6f691f80-73da-46d0-aad5-8513df5b1e68 has been successfully formatted.
2022-11-03 16:01:17,991 [pool-164-thread-1] INFO  ratis.ContainerStateMachine (ContainerStateMachine.java:loadSnapshot(236)) - group-8513DF5B1E68: The snapshot info is null. Setting the last applied indexto:(t:0, i:~)
2022-11-03 16:01:17,991 [pool-164-thread-1] INFO  server.RaftServerConfigKeys (ConfUtils.java:logGet(46)) - raft.server.log.use.memory = false (default)
2022-11-03 16:01:17,991 [pool-164-thread-1] INFO  server.RaftServerConfigKeys (ConfUtils.java:logGet(46)) - raft.server.log.purge.gap = 1000000 (custom)
2022-11-03 16:01:17,991 [pool-164-thread-1] INFO  server.RaftServerConfigKeys (ConfUtils.java:logGet(46)) - raft.server.log.appender.buffer.byte-limit = 33554432 (custom)
2022-11-03 16:01:17,992 [pool-164-thread-1] INFO  server.RaftServerConfigKeys (ConfUtils.java:logGet(46)) - raft.server.log.statemachine.data.read.timeout = 1000ms (default)
2022-11-03 16:01:17,992 [pool-164-thread-1] INFO  server.RaftServerConfigKeys (ConfUtils.java:logGet(46)) - raft.server.log.purge.preservation.log.num = 0 (default)
2022-11-03 16:01:17,992 [pool-164-thread-1] INFO  server.RaftServerConfigKeys (ConfUtils.java:logGet(46)) - raft.server.log.segment.size.max = 1048576 (custom)
2022-11-03 16:01:17,993 [EventQueue-PipelineReportForPipelineReportHandler] INFO  pipeline.PipelineManagerImpl (PipelineManagerImpl.java:openPipeline(367)) - Pipeline Pipeline[ Id: 6f691f80-73da-46d0-aad5-8513df5b1e68, Nodes: 2369a186-4f78-4e7b-885b-53a729611fd8{ip: 10.1.1.36, host: fv-az47-358.mma5zatft5wupo5mzspaixdheh.bx.internal.cloudapp.net, ports: [REPLICATION=39183, RATIS=35493, RATIS_ADMIN=35493, RATIS_SERVER=35493, STANDALONE=34169], networkLocation: /default-rack, certSerialId: null, persistedOpState: IN_SERVICE, persistedOpStateExpiryEpochSec: 0}, ReplicationConfig: RATIS/ONE, State:ALLOCATED, leaderId:2369a186-4f78-4e7b-885b-53a729611fd8, CreationTimestamp2022-11-03T16:01:14.991Z[Etc/UTC]] moved to OPEN state
2022-11-03 16:01:17,993 [EventQueue-OpenPipelineForHealthyPipelineSafeModeRule] INFO  safemode.SCMSafeModeManager (HealthyPipelineSafeModeRule.java:process(137)) - SCM in safe mode. Healthy pipelines reported count is 0, required healthy pipeline reported count is 1
2022-11-03 16:01:17,994 [pool-164-thread-1] INFO  server.RaftServerConfigKeys (ConfUtils.java:logGet(46)) - raft.server.log.segment.cache.num.max = 2 (custom)
2022-11-03 16:01:17,995 [pool-164-thread-1] INFO  server.RaftServerConfigKeys (ConfUtils.java:logGet(46)) - raft.server.log.segment.cache.size.max = 200MB (=209715200) (default)
2022-11-03 16:01:17,995 [pool-164-thread-1] INFO  segmented.SegmentedRaftLogWorker (SegmentedRaftLogWorker.java:<init>(191)) - new 2369a186-4f78-4e7b-885b-53a729611fd8@group-8513DF5B1E68-SegmentedRaftLogWorker for RaftStorageImpl:Storage Directory /home/runner/work/ozone/ozone/hadoop-ozone/integration-test/target/test-dir/MiniOzoneClusterImpl-84bf62e0-a170-4695-9dd9-8848938f690d/datanode-4/data/ratis/6f691f80-73da-46d0-aad5-8513df5b1e68
2022-11-03 16:01:17,995 [pool-164-thread-1] INFO  server.RaftServerConfigKeys (ConfUtils.java:logGet(46)) - raft.server.log.queue.byte-limit = 4294967296 (custom)
2022-11-03 16:01:17,995 [pool-164-thread-1] INFO  server.RaftServerConfigKeys (ConfUtils.java:logGet(46)) - raft.server.log.queue.element-limit = 1024 (custom)
2022-11-03 16:01:17,995 [pool-164-thread-1] INFO  server.RaftServerConfigKeys (ConfUtils.java:logGet(46)) - raft.server.log.segment.size.max = 1048576 (custom)
2022-11-03 16:01:17,995 [pool-164-thread-1] INFO  server.RaftServerConfigKeys (ConfUtils.java:logGet(46)) - raft.server.log.preallocated.size = 16384 (custom)
2022-11-03 16:01:17,996 [pool-164-thread-1] INFO  server.RaftServerConfigKeys (ConfUtils.java:logGet(46)) - raft.server.log.force.sync.num = 128 (default)
2022-11-03 16:01:17,996 [pool-164-thread-1] INFO  server.RaftServerConfigKeys (ConfUtils.java:logGet(46)) - raft.server.log.statemachine.data.sync = true (default)
2022-11-03 16:01:17,996 [pool-164-thread-1] INFO  server.RaftServerConfigKeys (ConfUtils.java:logGet(46)) - raft.server.log.statemachine.data.sync.timeout = 10s (default)
2022-11-03 16:01:17,996 [pool-164-thread-1] INFO  server.RaftServerConfigKeys (ConfUtils.java:logGet(46)) - raft.server.log.statemachine.data.sync.timeout.retry = -1 (default)
2022-11-03 16:01:17,997 [pool-164-thread-1] INFO  server.RaftServerConfigKeys (ConfUtils.java:logGet(46)) - raft.server.log.write.buffer.size = 1048576 (custom)
2022-11-03 16:01:17,998 [pool-164-thread-1] INFO  server.RaftServerConfigKeys (ConfUtils.java:logGet(46)) - raft.server.log.unsafe-flush.enabled = false (default)
2022-11-03 16:01:17,998 [pool-164-thread-1] INFO  server.RaftServerConfigKeys (ConfUtils.java:logGet(46)) - raft.server.log.async-flush.enabled = false (default)
2022-11-03 16:01:17,998 [pool-164-thread-1] INFO  server.RaftServerConfigKeys (ConfUtils.java:logGet(46)) - raft.server.log.statemachine.data.caching.enabled = true (custom)
2022-11-03 16:01:17,998 [pool-164-thread-1] INFO  segmented.SegmentedRaftLogWorker (SegmentedRaftLogWorker.java:lambda$new$0(136)) - 2369a186-4f78-4e7b-885b-53a729611fd8@group-8513DF5B1E68-SegmentedRaftLogWorker: flushIndex: setUnconditionally 0 -> -1
2022-11-03 16:01:17,999 [pool-164-thread-1] INFO  segmented.SegmentedRaftLogWorker (SegmentedRaftLogWorker.java:lambda$new$0(136)) - 2369a186-4f78-4e7b-885b-53a729611fd8@group-8513DF5B1E68-SegmentedRaftLogWorker: safeCacheEvictIndex: setUnconditionally 0 -> -1
2022-11-03 16:01:18,000 [pool-164-thread-1] INFO  server.RaftServer$Division (RaftServerImpl.java:start(334)) - 2369a186-4f78-4e7b-885b-53a729611fd8@group-8513DF5B1E68: start as a follower, conf=-1: peers:[2369a186-4f78-4e7b-885b-53a729611fd8|rpc:10.1.1.36:35493|priority:1|startupRole:FOLLOWER]|listeners:[], old=null
2022-11-03 16:01:18,000 [pool-164-thread-1] INFO  server.RaftServer$Division (RaftServerImpl.java:setRole(321)) - 2369a186-4f78-4e7b-885b-53a729611fd8@group-8513DF5B1E68: changes role from      null to FOLLOWER at term 0 for startAsFollower
2022-11-03 16:01:18,000 [pool-164-thread-1] INFO  impl.RoleInfo (RoleInfo.java:updateAndGet(139)) - 2369a186-4f78-4e7b-885b-53a729611fd8: start 2369a186-4f78-4e7b-885b-53a729611fd8@group-8513DF5B1E68-FollowerState
2022-11-03 16:01:18,004 [pool-164-thread-1] INFO  util.JmxRegister (JmxRegister.java:tryRegister(44)) - Successfully registered JMX Bean with object name Ratis:service=RaftServer,group=group-8513DF5B1E68,id=2369a186-4f78-4e7b-885b-53a729611fd8
2022-11-03 16:01:18,004 [pool-164-thread-1] INFO  server.RaftServerConfigKeys (ConfUtils.java:logGet(46)) - raft.server.snapshot.auto.trigger.enabled = true (custom)
2022-11-03 16:01:18,004 [pool-164-thread-1] INFO  server.RaftServerConfigKeys (ConfUtils.java:logGet(46)) - raft.server.snapshot.auto.trigger.threshold = 10000 (custom)
2022-11-03 16:01:18,004 [pool-164-thread-1] INFO  server.RaftServerConfigKeys (ConfUtils.java:logGet(46)) - raft.server.snapshot.retention.file.num = 5 (custom)
2022-11-03 16:01:18,004 [pool-164-thread-1] INFO  server.RaftServerConfigKeys (ConfUtils.java:logGet(46)) - raft.server.log.purge.upto.snapshot.index = false (default)
2022-11-03 16:01:18,004 [2369a186-4f78-4e7b-885b-53a729611fd8@group-8513DF5B1E68-FollowerState] INFO  server.RaftServerConfigKeys (ConfUtils.java:logFallback(53)) - raft.server.rpc.first-election.timeout.min = 5s (fallback to raft.server.rpc.timeout.min)
2022-11-03 16:01:18,004 [2369a186-4f78-4e7b-885b-53a729611fd8@group-8513DF5B1E68-FollowerState] INFO  server.RaftServerConfigKeys (ConfUtils.java:logFallback(53)) - raft.server.rpc.first-election.timeout.max = 5200ms (fallback to raft.server.rpc.timeout.max)
2022-11-03 16:01:18,005 [Command processor thread] INFO  ratis.XceiverServerRatis (XceiverServerRatis.java:addGroup(765)) - Created group PipelineID=6f691f80-73da-46d0-aad5-8513df5b1e68
2022-11-03 16:01:18,005 [Command processor thread] INFO  commandhandler.CreatePipelineCommandHandler (CreatePipelineCommandHandler.java:handle(113)) - Created Pipeline RATIS ONE PipelineID=6f691f80-73da-46d0-aad5-8513df5b1e68.
2022-11-03 16:01:18,285 [Command processor thread] INFO  server.RaftServer (RaftServerProxy.java:addNew(96)) - 6065ee46-1250-4f2d-bd18-fb99db464885: addNew group-9F230E4DCB97:[6065ee46-1250-4f2d-bd18-fb99db464885|rpc:10.1.1.36:43193|priority:1|startupRole:FOLLOWER] returns group-9F230E4DCB97:java.util.concurrent.CompletableFuture@6979ee88[Not completed]
2022-11-03 16:01:18,286 [pool-187-thread-1] INFO  server.RaftServer$Division (RaftServerImpl.java:<init>(195)) - 6065ee46-1250-4f2d-bd18-fb99db464885: new RaftServerImpl for group-9F230E4DCB97:[6065ee46-1250-4f2d-bd18-fb99db464885|rpc:10.1.1.36:43193|priority:1|startupRole:FOLLOWER] with ContainerStateMachine:uninitialized
2022-11-03 16:01:18,286 [pool-187-thread-1] INFO  server.RaftServerConfigKeys (ConfUtils.java:logGet(46)) - raft.server.rpc.timeout.min = 5s (custom)
2022-11-03 16:01:18,286 [pool-187-thread-1] INFO  server.RaftServerConfigKeys (ConfUtils.java:logGet(46)) - raft.server.rpc.timeout.max = 5200ms (custom)
2022-11-03 16:01:18,286 [pool-187-thread-1] INFO  server.RaftServerConfigKeys (ConfUtils.java:logGet(46)) - raft.server.rpc.sleep.time = 25ms (default)
2022-11-03 16:01:18,286 [pool-187-thread-1] INFO  server.RaftServerConfigKeys (ConfUtils.java:logGet(46)) - raft.server.rpc.slowness.timeout = 300s (custom)
2022-11-03 16:01:18,286 [pool-187-thread-1] INFO  server.RaftServerConfigKeys (ConfUtils.java:logGet(46)) - raft.server.leaderelection.leader.step-down.wait-time = 10s (default)
2022-11-03 16:01:18,286 [pool-187-thread-1] INFO  server.RaftServerConfigKeys (ConfUtils.java:logGet(46)) - raft.server.sleep.deviation.threshold = 300ms (default)
2022-11-03 16:01:18,286 [pool-187-thread-1] INFO  server.RaftServer$Division (ServerState.java:<init>(118)) - 6065ee46-1250-4f2d-bd18-fb99db464885@group-9F230E4DCB97: ConfigurationManager, init=-1: peers:[6065ee46-1250-4f2d-bd18-fb99db464885|rpc:10.1.1.36:43193|priority:1|startupRole:FOLLOWER]|listeners:[], old=null, confs=<EMPTY_MAP>
2022-11-03 16:01:18,286 [pool-187-thread-1] INFO  server.RaftServerConfigKeys (ConfUtils.java:logGet(46)) - raft.server.storage.dir = [/home/runner/work/ozone/ozone/hadoop-ozone/integration-test/target/test-dir/MiniOzoneClusterImpl-84bf62e0-a170-4695-9dd9-8848938f690d/datanode-5/data/ratis] (custom)
2022-11-03 16:01:18,286 [pool-187-thread-1] INFO  server.RaftServerConfigKeys (ConfUtils.java:logGet(46)) - raft.server.log.corruption.policy = EXCEPTION (default)
2022-11-03 16:01:18,287 [pool-187-thread-1] INFO  server.RaftServerConfigKeys (ConfUtils.java:logGet(46)) - raft.server.storage.free-space.min = 0MB (=0) (default)
2022-11-03 16:01:18,287 [pool-187-thread-1] INFO  server.RaftServerConfigKeys (ConfUtils.java:logGet(46)) - raft.server.notification.no-leader.timeout = 300s (custom)
2022-11-03 16:01:18,287 [pool-187-thread-1] INFO  server.RaftServerConfigKeys (ConfUtils.java:logGet(46)) - raft.server.retrycache.expirytime = 600000ms (custom)
2022-11-03 16:01:18,287 [pool-187-thread-1] INFO  server.RaftServerConfigKeys (ConfUtils.java:logGet(46)) - raft.server.retrycache.statistics.expirytime = 100μs (default)
2022-11-03 16:01:18,288 [pool-187-thread-1] INFO  server.RaftServerConfigKeys (ConfUtils.java:logGet(46)) - raft.server.log.appender.install.snapshot.enabled = false (custom)
2022-11-03 16:01:18,288 [pool-187-thread-1] INFO  server.RaftServerConfigKeys (ConfUtils.java:logGet(46)) - raft.server.threadpool.server.cached = true (default)
2022-11-03 16:01:18,288 [pool-187-thread-1] INFO  server.RaftServerConfigKeys (ConfUtils.java:logGet(46)) - raft.server.threadpool.server.size = 0 (default)
2022-11-03 16:01:18,288 [pool-187-thread-1] INFO  server.RaftServerConfigKeys (ConfUtils.java:logGet(46)) - raft.server.threadpool.client.cached = true (default)
2022-11-03 16:01:18,288 [pool-187-thread-1] INFO  server.RaftServerConfigKeys (ConfUtils.java:logGet(46)) - raft.server.threadpool.client.size = 0 (default)
2022-11-03 16:01:18,288 [pool-187-thread-1] INFO  storage.RaftStorageDirectory (RaftStorageDirectoryImpl.java:analyzeStorage(137)) - The storage directory /home/runner/work/ozone/ozone/hadoop-ozone/integration-test/target/test-dir/MiniOzoneClusterImpl-84bf62e0-a170-4695-9dd9-8848938f690d/datanode-5/data/ratis/846dae9d-3761-419b-8e70-9f230e4dcb97 does not exist. Creating ...
2022-11-03 16:01:18,289 [pool-187-thread-1] INFO  storage.RaftStorageDirectory (RaftStorageDirectoryImpl.java:tryLock(231)) - Lock on /home/runner/work/ozone/ozone/hadoop-ozone/integration-test/target/test-dir/MiniOzoneClusterImpl-84bf62e0-a170-4695-9dd9-8848938f690d/datanode-5/data/ratis/846dae9d-3761-419b-8e70-9f230e4dcb97/in_use.lock acquired by nodename 14715@fv-az47-358
2022-11-03 16:01:18,290 [pool-187-thread-1] INFO  storage.RaftStorage (RaftStorageImpl.java:format(96)) - Storage directory /home/runner/work/ozone/ozone/hadoop-ozone/integration-test/target/test-dir/MiniOzoneClusterImpl-84bf62e0-a170-4695-9dd9-8848938f690d/datanode-5/data/ratis/846dae9d-3761-419b-8e70-9f230e4dcb97 has been successfully formatted.
2022-11-03 16:01:18,291 [pool-187-thread-1] INFO  ratis.ContainerStateMachine (ContainerStateMachine.java:loadSnapshot(236)) - group-9F230E4DCB97: The snapshot info is null. Setting the last applied indexto:(t:0, i:~)
2022-11-03 16:01:18,293 [EventQueue-PipelineReportForPipelineReportHandler] INFO  pipeline.PipelineManagerImpl (PipelineManagerImpl.java:openPipeline(367)) - Pipeline Pipeline[ Id: 846dae9d-3761-419b-8e70-9f230e4dcb97, Nodes: 6065ee46-1250-4f2d-bd18-fb99db464885{ip: 10.1.1.36, host: fv-az47-358.mma5zatft5wupo5mzspaixdheh.bx.internal.cloudapp.net, ports: [REPLICATION=33343, RATIS=43193, RATIS_ADMIN=43193, RATIS_SERVER=43193, STANDALONE=44277], networkLocation: /default-rack, certSerialId: null, persistedOpState: IN_SERVICE, persistedOpStateExpiryEpochSec: 0}, ReplicationConfig: RATIS/ONE, State:ALLOCATED, leaderId:6065ee46-1250-4f2d-bd18-fb99db464885, CreationTimestamp2022-11-03T16:01:15.300Z[Etc/UTC]] moved to OPEN state
2022-11-03 16:01:18,294 [pool-187-thread-1] INFO  server.RaftServerConfigKeys (ConfUtils.java:logGet(46)) - raft.server.log.use.memory = false (default)
2022-11-03 16:01:18,294 [pool-187-thread-1] INFO  server.RaftServerConfigKeys (ConfUtils.java:logGet(46)) - raft.server.log.purge.gap = 1000000 (custom)
2022-11-03 16:01:18,294 [pool-187-thread-1] INFO  server.RaftServerConfigKeys (ConfUtils.java:logGet(46)) - raft.server.log.appender.buffer.byte-limit = 33554432 (custom)
2022-11-03 16:01:18,294 [pool-187-thread-1] INFO  server.RaftServerConfigKeys (ConfUtils.java:logGet(46)) - raft.server.log.statemachine.data.read.timeout = 1000ms (default)
2022-11-03 16:01:18,294 [pool-187-thread-1] INFO  server.RaftServerConfigKeys (ConfUtils.java:logGet(46)) - raft.server.log.purge.preservation.log.num = 0 (default)
2022-11-03 16:01:18,294 [pool-187-thread-1] INFO  server.RaftServerConfigKeys (ConfUtils.java:logGet(46)) - raft.server.log.segment.size.max = 1048576 (custom)
2022-11-03 16:01:18,294 [EventQueue-OpenPipelineForHealthyPipelineSafeModeRule] INFO  safemode.SCMSafeModeManager (HealthyPipelineSafeModeRule.java:process(137)) - SCM in safe mode. Healthy pipelines reported count is 0, required healthy pipeline reported count is 1
2022-11-03 16:01:18,300 [pool-187-thread-1] INFO  server.RaftServerConfigKeys (ConfUtils.java:logGet(46)) - raft.server.log.segment.cache.num.max = 2 (custom)
2022-11-03 16:01:18,300 [pool-187-thread-1] INFO  server.RaftServerConfigKeys (ConfUtils.java:logGet(46)) - raft.server.log.segment.cache.size.max = 200MB (=209715200) (default)
2022-11-03 16:01:18,300 [pool-187-thread-1] INFO  segmented.SegmentedRaftLogWorker (SegmentedRaftLogWorker.java:<init>(191)) - new 6065ee46-1250-4f2d-bd18-fb99db464885@group-9F230E4DCB97-SegmentedRaftLogWorker for RaftStorageImpl:Storage Directory /home/runner/work/ozone/ozone/hadoop-ozone/integration-test/target/test-dir/MiniOzoneClusterImpl-84bf62e0-a170-4695-9dd9-8848938f690d/datanode-5/data/ratis/846dae9d-3761-419b-8e70-9f230e4dcb97
2022-11-03 16:01:18,300 [pool-187-thread-1] INFO  server.RaftServerConfigKeys (ConfUtils.java:logGet(46)) - raft.server.log.queue.byte-limit = 4294967296 (custom)
2022-11-03 16:01:18,300 [pool-187-thread-1] INFO  server.RaftServerConfigKeys (ConfUtils.java:logGet(46)) - raft.server.log.queue.element-limit = 1024 (custom)
2022-11-03 16:01:18,300 [pool-187-thread-1] INFO  server.RaftServerConfigKeys (ConfUtils.java:logGet(46)) - raft.server.log.segment.size.max = 1048576 (custom)
2022-11-03 16:01:18,300 [pool-187-thread-1] INFO  server.RaftServerConfigKeys (ConfUtils.java:logGet(46)) - raft.server.log.preallocated.size = 16384 (custom)
2022-11-03 16:01:18,300 [pool-187-thread-1] INFO  server.RaftServerConfigKeys (ConfUtils.java:logGet(46)) - raft.server.log.force.sync.num = 128 (default)
2022-11-03 16:01:18,300 [pool-187-thread-1] INFO  server.RaftServerConfigKeys (ConfUtils.java:logGet(46)) - raft.server.log.statemachine.data.sync = true (default)
2022-11-03 16:01:18,300 [pool-187-thread-1] INFO  server.RaftServerConfigKeys (ConfUtils.java:logGet(46)) - raft.server.log.statemachine.data.sync.timeout = 10s (default)
2022-11-03 16:01:18,300 [pool-187-thread-1] INFO  server.RaftServerConfigKeys (ConfUtils.java:logGet(46)) - raft.server.log.statemachine.data.sync.timeout.retry = -1 (default)
2022-11-03 16:01:18,301 [pool-187-thread-1] INFO  server.RaftServerConfigKeys (ConfUtils.java:logGet(46)) - raft.server.log.write.buffer.size = 1048576 (custom)
2022-11-03 16:01:18,302 [pool-187-thread-1] INFO  server.RaftServerConfigKeys (ConfUtils.java:logGet(46)) - raft.server.log.unsafe-flush.enabled = false (default)
2022-11-03 16:01:18,302 [pool-187-thread-1] INFO  server.RaftServerConfigKeys (ConfUtils.java:logGet(46)) - raft.server.log.async-flush.enabled = false (default)
2022-11-03 16:01:18,302 [pool-187-thread-1] INFO  server.RaftServerConfigKeys (ConfUtils.java:logGet(46)) - raft.server.log.statemachine.data.caching.enabled = true (custom)
2022-11-03 16:01:18,302 [pool-187-thread-1] INFO  segmented.SegmentedRaftLogWorker (SegmentedRaftLogWorker.java:lambda$new$0(136)) - 6065ee46-1250-4f2d-bd18-fb99db464885@group-9F230E4DCB97-SegmentedRaftLogWorker: flushIndex: setUnconditionally 0 -> -1
2022-11-03 16:01:18,302 [pool-187-thread-1] INFO  segmented.SegmentedRaftLogWorker (SegmentedRaftLogWorker.java:lambda$new$0(136)) - 6065ee46-1250-4f2d-bd18-fb99db464885@group-9F230E4DCB97-SegmentedRaftLogWorker: safeCacheEvictIndex: setUnconditionally 0 -> -1
2022-11-03 16:01:18,303 [pool-187-thread-1] INFO  server.RaftServer$Division (RaftServerImpl.java:start(334)) - 6065ee46-1250-4f2d-bd18-fb99db464885@group-9F230E4DCB97: start as a follower, conf=-1: peers:[6065ee46-1250-4f2d-bd18-fb99db464885|rpc:10.1.1.36:43193|priority:1|startupRole:FOLLOWER]|listeners:[], old=null
2022-11-03 16:01:18,303 [pool-187-thread-1] INFO  server.RaftServer$Division (RaftServerImpl.java:setRole(321)) - 6065ee46-1250-4f2d-bd18-fb99db464885@group-9F230E4DCB97: changes role from      null to FOLLOWER at term 0 for startAsFollower
2022-11-03 16:01:18,303 [pool-187-thread-1] INFO  impl.RoleInfo (RoleInfo.java:updateAndGet(139)) - 6065ee46-1250-4f2d-bd18-fb99db464885: start 6065ee46-1250-4f2d-bd18-fb99db464885@group-9F230E4DCB97-FollowerState
2022-11-03 16:01:18,303 [pool-187-thread-1] INFO  util.JmxRegister (JmxRegister.java:tryRegister(44)) - Successfully registered JMX Bean with object name Ratis:service=RaftServer,group=group-9F230E4DCB97,id=6065ee46-1250-4f2d-bd18-fb99db464885
2022-11-03 16:01:18,303 [pool-187-thread-1] INFO  server.RaftServerConfigKeys (ConfUtils.java:logGet(46)) - raft.server.snapshot.auto.trigger.enabled = true (custom)
2022-11-03 16:01:18,303 [pool-187-thread-1] INFO  server.RaftServerConfigKeys (ConfUtils.java:logGet(46)) - raft.server.snapshot.auto.trigger.threshold = 10000 (custom)
2022-11-03 16:01:18,304 [pool-187-thread-1] INFO  server.RaftServerConfigKeys (ConfUtils.java:logGet(46)) - raft.server.snapshot.retention.file.num = 5 (custom)
2022-11-03 16:01:18,304 [pool-187-thread-1] INFO  server.RaftServerConfigKeys (ConfUtils.java:logGet(46)) - raft.server.log.purge.upto.snapshot.index = false (default)
2022-11-03 16:01:18,304 [6065ee46-1250-4f2d-bd18-fb99db464885@group-9F230E4DCB97-FollowerState] INFO  server.RaftServerConfigKeys (ConfUtils.java:logFallback(53)) - raft.server.rpc.first-election.timeout.min = 5s (fallback to raft.server.rpc.timeout.min)
2022-11-03 16:01:18,304 [6065ee46-1250-4f2d-bd18-fb99db464885@group-9F230E4DCB97-FollowerState] INFO  server.RaftServerConfigKeys (ConfUtils.java:logFallback(53)) - raft.server.rpc.first-election.timeout.max = 5200ms (fallback to raft.server.rpc.timeout.max)
2022-11-03 16:01:18,304 [Command processor thread] INFO  ratis.XceiverServerRatis (XceiverServerRatis.java:addGroup(765)) - Created group PipelineID=846dae9d-3761-419b-8e70-9f230e4dcb97
2022-11-03 16:01:18,304 [Command processor thread] INFO  commandhandler.CreatePipelineCommandHandler (CreatePipelineCommandHandler.java:handle(113)) - Created Pipeline RATIS ONE PipelineID=846dae9d-3761-419b-8e70-9f230e4dcb97.
2022-11-03 16:01:18,735 [Command processor thread] INFO  server.RaftServer (RaftServerProxy.java:addNew(96)) - d878db48-ef46-44bf-ac98-cb2daa3cfd80: addNew group-2FC460863941:[d878db48-ef46-44bf-ac98-cb2daa3cfd80|rpc:10.1.1.36:39321|priority:1|startupRole:FOLLOWER] returns group-2FC460863941:java.util.concurrent.CompletableFuture@9179f33[Not completed]
2022-11-03 16:01:18,736 [pool-210-thread-1] INFO  server.RaftServer$Division (RaftServerImpl.java:<init>(195)) - d878db48-ef46-44bf-ac98-cb2daa3cfd80: new RaftServerImpl for group-2FC460863941:[d878db48-ef46-44bf-ac98-cb2daa3cfd80|rpc:10.1.1.36:39321|priority:1|startupRole:FOLLOWER] with ContainerStateMachine:uninitialized
2022-11-03 16:01:18,736 [pool-210-thread-1] INFO  server.RaftServerConfigKeys (ConfUtils.java:logGet(46)) - raft.server.rpc.timeout.min = 5s (custom)
2022-11-03 16:01:18,736 [pool-210-thread-1] INFO  server.RaftServerConfigKeys (ConfUtils.java:logGet(46)) - raft.server.rpc.timeout.max = 5200ms (custom)
2022-11-03 16:01:18,736 [pool-210-thread-1] INFO  server.RaftServerConfigKeys (ConfUtils.java:logGet(46)) - raft.server.rpc.sleep.time = 25ms (default)
2022-11-03 16:01:18,736 [pool-210-thread-1] INFO  server.RaftServerConfigKeys (ConfUtils.java:logGet(46)) - raft.server.rpc.slowness.timeout = 300s (custom)
2022-11-03 16:01:18,736 [pool-210-thread-1] INFO  server.RaftServerConfigKeys (ConfUtils.java:logGet(46)) - raft.server.leaderelection.leader.step-down.wait-time = 10s (default)
2022-11-03 16:01:18,737 [pool-210-thread-1] INFO  server.RaftServerConfigKeys (ConfUtils.java:logGet(46)) - raft.server.sleep.deviation.threshold = 300ms (default)
2022-11-03 16:01:18,737 [pool-210-thread-1] INFO  server.RaftServer$Division (ServerState.java:<init>(118)) - d878db48-ef46-44bf-ac98-cb2daa3cfd80@group-2FC460863941: ConfigurationManager, init=-1: peers:[d878db48-ef46-44bf-ac98-cb2daa3cfd80|rpc:10.1.1.36:39321|priority:1|startupRole:FOLLOWER]|listeners:[], old=null, confs=<EMPTY_MAP>
2022-11-03 16:01:18,737 [pool-210-thread-1] INFO  server.RaftServerConfigKeys (ConfUtils.java:logGet(46)) - raft.server.storage.dir = [/home/runner/work/ozone/ozone/hadoop-ozone/integration-test/target/test-dir/MiniOzoneClusterImpl-84bf62e0-a170-4695-9dd9-8848938f690d/datanode-6/data/ratis] (custom)
2022-11-03 16:01:18,737 [pool-210-thread-1] INFO  server.RaftServerConfigKeys (ConfUtils.java:logGet(46)) - raft.server.log.corruption.policy = EXCEPTION (default)
2022-11-03 16:01:18,737 [pool-210-thread-1] INFO  server.RaftServerConfigKeys (ConfUtils.java:logGet(46)) - raft.server.storage.free-space.min = 0MB (=0) (default)
2022-11-03 16:01:18,737 [pool-210-thread-1] INFO  server.RaftServerConfigKeys (ConfUtils.java:logGet(46)) - raft.server.notification.no-leader.timeout = 300s (custom)
2022-11-03 16:01:18,737 [pool-210-thread-1] INFO  server.RaftServerConfigKeys (ConfUtils.java:logGet(46)) - raft.server.retrycache.expirytime = 600000ms (custom)
2022-11-03 16:01:18,737 [pool-210-thread-1] INFO  server.RaftServerConfigKeys (ConfUtils.java:logGet(46)) - raft.server.retrycache.statistics.expirytime = 100μs (default)
2022-11-03 16:01:18,739 [pool-210-thread-1] INFO  server.RaftServerConfigKeys (ConfUtils.java:logGet(46)) - raft.server.log.appender.install.snapshot.enabled = false (custom)
2022-11-03 16:01:18,739 [pool-210-thread-1] INFO  server.RaftServerConfigKeys (ConfUtils.java:logGet(46)) - raft.server.threadpool.server.cached = true (default)
2022-11-03 16:01:18,739 [pool-210-thread-1] INFO  server.RaftServerConfigKeys (ConfUtils.java:logGet(46)) - raft.server.threadpool.server.size = 0 (default)
2022-11-03 16:01:18,739 [pool-210-thread-1] INFO  server.RaftServerConfigKeys (ConfUtils.java:logGet(46)) - raft.server.threadpool.client.cached = true (default)
2022-11-03 16:01:18,739 [pool-210-thread-1] INFO  server.RaftServerConfigKeys (ConfUtils.java:logGet(46)) - raft.server.threadpool.client.size = 0 (default)
2022-11-03 16:01:18,740 [pool-210-thread-1] INFO  storage.RaftStorageDirectory (RaftStorageDirectoryImpl.java:analyzeStorage(137)) - The storage directory /home/runner/work/ozone/ozone/hadoop-ozone/integration-test/target/test-dir/MiniOzoneClusterImpl-84bf62e0-a170-4695-9dd9-8848938f690d/datanode-6/data/ratis/9e03c8e7-7a69-41fc-8f54-2fc460863941 does not exist. Creating ...
2022-11-03 16:01:18,741 [pool-210-thread-1] INFO  storage.RaftStorageDirectory (RaftStorageDirectoryImpl.java:tryLock(231)) - Lock on /home/runner/work/ozone/ozone/hadoop-ozone/integration-test/target/test-dir/MiniOzoneClusterImpl-84bf62e0-a170-4695-9dd9-8848938f690d/datanode-6/data/ratis/9e03c8e7-7a69-41fc-8f54-2fc460863941/in_use.lock acquired by nodename 14715@fv-az47-358
2022-11-03 16:01:18,743 [pool-210-thread-1] INFO  storage.RaftStorage (RaftStorageImpl.java:format(96)) - Storage directory /home/runner/work/ozone/ozone/hadoop-ozone/integration-test/target/test-dir/MiniOzoneClusterImpl-84bf62e0-a170-4695-9dd9-8848938f690d/datanode-6/data/ratis/9e03c8e7-7a69-41fc-8f54-2fc460863941 has been successfully formatted.
2022-11-03 16:01:18,744 [pool-210-thread-1] INFO  ratis.ContainerStateMachine (ContainerStateMachine.java:loadSnapshot(236)) - group-2FC460863941: The snapshot info is null. Setting the last applied indexto:(t:0, i:~)
2022-11-03 16:01:18,744 [pool-210-thread-1] INFO  server.RaftServerConfigKeys (ConfUtils.java:logGet(46)) - raft.server.log.use.memory = false (default)
2022-11-03 16:01:18,744 [pool-210-thread-1] INFO  server.RaftServerConfigKeys (ConfUtils.java:logGet(46)) - raft.server.log.purge.gap = 1000000 (custom)
2022-11-03 16:01:18,744 [pool-210-thread-1] INFO  server.RaftServerConfigKeys (ConfUtils.java:logGet(46)) - raft.server.log.appender.buffer.byte-limit = 33554432 (custom)
2022-11-03 16:01:18,744 [pool-210-thread-1] INFO  server.RaftServerConfigKeys (ConfUtils.java:logGet(46)) - raft.server.log.statemachine.data.read.timeout = 1000ms (default)
2022-11-03 16:01:18,744 [pool-210-thread-1] INFO  server.RaftServerConfigKeys (ConfUtils.java:logGet(46)) - raft.server.log.purge.preservation.log.num = 0 (default)
2022-11-03 16:01:18,745 [EventQueue-PipelineReportForPipelineReportHandler] INFO  pipeline.PipelineManagerImpl (PipelineManagerImpl.java:openPipeline(367)) - Pipeline Pipeline[ Id: 9e03c8e7-7a69-41fc-8f54-2fc460863941, Nodes: d878db48-ef46-44bf-ac98-cb2daa3cfd80{ip: 10.1.1.36, host: fv-az47-358.mma5zatft5wupo5mzspaixdheh.bx.internal.cloudapp.net, ports: [REPLICATION=44811, RATIS=39321, RATIS_ADMIN=39321, RATIS_SERVER=39321, STANDALONE=40525], networkLocation: /default-rack, certSerialId: null, persistedOpState: IN_SERVICE, persistedOpStateExpiryEpochSec: 0}, ReplicationConfig: RATIS/ONE, State:ALLOCATED, leaderId:d878db48-ef46-44bf-ac98-cb2daa3cfd80, CreationTimestamp2022-11-03T16:01:15.741Z[Etc/UTC]] moved to OPEN state
2022-11-03 16:01:18,745 [pool-210-thread-1] INFO  server.RaftServerConfigKeys (ConfUtils.java:logGet(46)) - raft.server.log.segment.size.max = 1048576 (custom)
2022-11-03 16:01:18,746 [EventQueue-OpenPipelineForHealthyPipelineSafeModeRule] INFO  safemode.SCMSafeModeManager (HealthyPipelineSafeModeRule.java:process(137)) - SCM in safe mode. Healthy pipelines reported count is 0, required healthy pipeline reported count is 1
2022-11-03 16:01:18,757 [pool-210-thread-1] INFO  server.RaftServerConfigKeys (ConfUtils.java:logGet(46)) - raft.server.log.segment.cache.num.max = 2 (custom)
2022-11-03 16:01:18,760 [pool-210-thread-1] INFO  server.RaftServerConfigKeys (ConfUtils.java:logGet(46)) - raft.server.log.segment.cache.size.max = 200MB (=209715200) (default)
2022-11-03 16:01:18,760 [pool-210-thread-1] INFO  segmented.SegmentedRaftLogWorker (SegmentedRaftLogWorker.java:<init>(191)) - new d878db48-ef46-44bf-ac98-cb2daa3cfd80@group-2FC460863941-SegmentedRaftLogWorker for RaftStorageImpl:Storage Directory /home/runner/work/ozone/ozone/hadoop-ozone/integration-test/target/test-dir/MiniOzoneClusterImpl-84bf62e0-a170-4695-9dd9-8848938f690d/datanode-6/data/ratis/9e03c8e7-7a69-41fc-8f54-2fc460863941
2022-11-03 16:01:18,760 [pool-210-thread-1] INFO  server.RaftServerConfigKeys (ConfUtils.java:logGet(46)) - raft.server.log.queue.byte-limit = 4294967296 (custom)
2022-11-03 16:01:18,761 [pool-210-thread-1] INFO  server.RaftServerConfigKeys (ConfUtils.java:logGet(46)) - raft.server.log.queue.element-limit = 1024 (custom)
2022-11-03 16:01:18,761 [pool-210-thread-1] INFO  server.RaftServerConfigKeys (ConfUtils.java:logGet(46)) - raft.server.log.segment.size.max = 1048576 (custom)
2022-11-03 16:01:18,761 [pool-210-thread-1] INFO  server.RaftServerConfigKeys (ConfUtils.java:logGet(46)) - raft.server.log.preallocated.size = 16384 (custom)
2022-11-03 16:01:18,761 [pool-210-thread-1] INFO  server.RaftServerConfigKeys (ConfUtils.java:logGet(46)) - raft.server.log.force.sync.num = 128 (default)
2022-11-03 16:01:18,761 [pool-210-thread-1] INFO  server.RaftServerConfigKeys (ConfUtils.java:logGet(46)) - raft.server.log.statemachine.data.sync = true (default)
2022-11-03 16:01:18,761 [pool-210-thread-1] INFO  server.RaftServerConfigKeys (ConfUtils.java:logGet(46)) - raft.server.log.statemachine.data.sync.timeout = 10s (default)
2022-11-03 16:01:18,761 [pool-210-thread-1] INFO  server.RaftServerConfigKeys (ConfUtils.java:logGet(46)) - raft.server.log.statemachine.data.sync.timeout.retry = -1 (default)
2022-11-03 16:01:18,762 [pool-210-thread-1] INFO  server.RaftServerConfigKeys (ConfUtils.java:logGet(46)) - raft.server.log.write.buffer.size = 1048576 (custom)
2022-11-03 16:01:18,762 [pool-210-thread-1] INFO  server.RaftServerConfigKeys (ConfUtils.java:logGet(46)) - raft.server.log.unsafe-flush.enabled = false (default)
2022-11-03 16:01:18,762 [pool-210-thread-1] INFO  server.RaftServerConfigKeys (ConfUtils.java:logGet(46)) - raft.server.log.async-flush.enabled = false (default)
2022-11-03 16:01:18,762 [pool-210-thread-1] INFO  server.RaftServerConfigKeys (ConfUtils.java:logGet(46)) - raft.server.log.statemachine.data.caching.enabled = true (custom)
2022-11-03 16:01:18,763 [pool-210-thread-1] INFO  segmented.SegmentedRaftLogWorker (SegmentedRaftLogWorker.java:lambda$new$0(136)) - d878db48-ef46-44bf-ac98-cb2daa3cfd80@group-2FC460863941-SegmentedRaftLogWorker: flushIndex: setUnconditionally 0 -> -1
2022-11-03 16:01:18,763 [pool-210-thread-1] INFO  segmented.SegmentedRaftLogWorker (SegmentedRaftLogWorker.java:lambda$new$0(136)) - d878db48-ef46-44bf-ac98-cb2daa3cfd80@group-2FC460863941-SegmentedRaftLogWorker: safeCacheEvictIndex: setUnconditionally 0 -> -1
2022-11-03 16:01:18,772 [pool-210-thread-1] INFO  server.RaftServer$Division (RaftServerImpl.java:start(334)) - d878db48-ef46-44bf-ac98-cb2daa3cfd80@group-2FC460863941: start as a follower, conf=-1: peers:[d878db48-ef46-44bf-ac98-cb2daa3cfd80|rpc:10.1.1.36:39321|priority:1|startupRole:FOLLOWER]|listeners:[], old=null
2022-11-03 16:01:18,772 [pool-210-thread-1] INFO  server.RaftServer$Division (RaftServerImpl.java:setRole(321)) - d878db48-ef46-44bf-ac98-cb2daa3cfd80@group-2FC460863941: changes role from      null to FOLLOWER at term 0 for startAsFollower
2022-11-03 16:01:18,772 [pool-210-thread-1] INFO  impl.RoleInfo (RoleInfo.java:updateAndGet(139)) - d878db48-ef46-44bf-ac98-cb2daa3cfd80: start d878db48-ef46-44bf-ac98-cb2daa3cfd80@group-2FC460863941-FollowerState
2022-11-03 16:01:18,787 [pool-210-thread-1] INFO  util.JmxRegister (JmxRegister.java:tryRegister(44)) - Successfully registered JMX Bean with object name Ratis:service=RaftServer,group=group-2FC460863941,id=d878db48-ef46-44bf-ac98-cb2daa3cfd80
2022-11-03 16:01:18,787 [pool-210-thread-1] INFO  server.RaftServerConfigKeys (ConfUtils.java:logGet(46)) - raft.server.snapshot.auto.trigger.enabled = true (custom)
2022-11-03 16:01:18,787 [pool-210-thread-1] INFO  server.RaftServerConfigKeys (ConfUtils.java:logGet(46)) - raft.server.snapshot.auto.trigger.threshold = 10000 (custom)
2022-11-03 16:01:18,787 [pool-210-thread-1] INFO  server.RaftServerConfigKeys (ConfUtils.java:logGet(46)) - raft.server.snapshot.retention.file.num = 5 (custom)
2022-11-03 16:01:18,787 [pool-210-thread-1] INFO  server.RaftServerConfigKeys (ConfUtils.java:logGet(46)) - raft.server.log.purge.upto.snapshot.index = false (default)
2022-11-03 16:01:18,788 [Command processor thread] INFO  ratis.XceiverServerRatis (XceiverServerRatis.java:addGroup(765)) - Created group PipelineID=9e03c8e7-7a69-41fc-8f54-2fc460863941
2022-11-03 16:01:18,788 [Command processor thread] INFO  commandhandler.CreatePipelineCommandHandler (CreatePipelineCommandHandler.java:handle(113)) - Created Pipeline RATIS ONE PipelineID=9e03c8e7-7a69-41fc-8f54-2fc460863941.
2022-11-03 16:01:18,788 [d878db48-ef46-44bf-ac98-cb2daa3cfd80@group-2FC460863941-FollowerState] INFO  server.RaftServerConfigKeys (ConfUtils.java:logFallback(53)) - raft.server.rpc.first-election.timeout.min = 5s (fallback to raft.server.rpc.timeout.min)
2022-11-03 16:01:18,788 [d878db48-ef46-44bf-ac98-cb2daa3cfd80@group-2FC460863941-FollowerState] INFO  server.RaftServerConfigKeys (ConfUtils.java:logFallback(53)) - raft.server.rpc.first-election.timeout.max = 5200ms (fallback to raft.server.rpc.timeout.max)
2022-11-03 16:01:18,789 [Command processor thread] INFO  server.RaftServer (RaftServerProxy.java:addNew(96)) - d878db48-ef46-44bf-ac98-cb2daa3cfd80: addNew group-EFE686CBFEBE:[d878db48-ef46-44bf-ac98-cb2daa3cfd80|rpc:10.1.1.36:39321|priority:1|startupRole:FOLLOWER, b6bbe4ab-2937-401d-96b4-8acfa82ea187|rpc:10.1.1.36:37137|priority:0|startupRole:FOLLOWER, b412bf4c-8645-4ac9-920f-94e6c323f92a|rpc:10.1.1.36:37969|priority:0|startupRole:FOLLOWER] returns group-EFE686CBFEBE:java.util.concurrent.CompletableFuture@d281ac9[Not completed]
2022-11-03 16:01:18,790 [pool-210-thread-1] INFO  server.RaftServer$Division (RaftServerImpl.java:<init>(195)) - d878db48-ef46-44bf-ac98-cb2daa3cfd80: new RaftServerImpl for group-EFE686CBFEBE:[d878db48-ef46-44bf-ac98-cb2daa3cfd80|rpc:10.1.1.36:39321|priority:1|startupRole:FOLLOWER, b6bbe4ab-2937-401d-96b4-8acfa82ea187|rpc:10.1.1.36:37137|priority:0|startupRole:FOLLOWER, b412bf4c-8645-4ac9-920f-94e6c323f92a|rpc:10.1.1.36:37969|priority:0|startupRole:FOLLOWER] with ContainerStateMachine:uninitialized
2022-11-03 16:01:18,790 [pool-210-thread-1] INFO  server.RaftServerConfigKeys (ConfUtils.java:logGet(46)) - raft.server.rpc.timeout.min = 5s (custom)
2022-11-03 16:01:18,790 [pool-210-thread-1] INFO  server.RaftServerConfigKeys (ConfUtils.java:logGet(46)) - raft.server.rpc.timeout.max = 5200ms (custom)
2022-11-03 16:01:18,790 [pool-210-thread-1] INFO  server.RaftServerConfigKeys (ConfUtils.java:logGet(46)) - raft.server.rpc.sleep.time = 25ms (default)
2022-11-03 16:01:18,790 [pool-210-thread-1] INFO  server.RaftServerConfigKeys (ConfUtils.java:logGet(46)) - raft.server.rpc.slowness.timeout = 300s (custom)
2022-11-03 16:01:18,790 [pool-210-thread-1] INFO  server.RaftServerConfigKeys (ConfUtils.java:logGet(46)) - raft.server.leaderelection.leader.step-down.wait-time = 10s (default)
2022-11-03 16:01:18,790 [pool-210-thread-1] INFO  server.RaftServerConfigKeys (ConfUtils.java:logGet(46)) - raft.server.sleep.deviation.threshold = 300ms (default)
2022-11-03 16:01:18,790 [pool-210-thread-1] INFO  server.RaftServer$Division (ServerState.java:<init>(118)) - d878db48-ef46-44bf-ac98-cb2daa3cfd80@group-EFE686CBFEBE: ConfigurationManager, init=-1: peers:[d878db48-ef46-44bf-ac98-cb2daa3cfd80|rpc:10.1.1.36:39321|priority:1|startupRole:FOLLOWER, b6bbe4ab-2937-401d-96b4-8acfa82ea187|rpc:10.1.1.36:37137|priority:0|startupRole:FOLLOWER, b412bf4c-8645-4ac9-920f-94e6c323f92a|rpc:10.1.1.36:37969|priority:0|startupRole:FOLLOWER]|listeners:[], old=null, confs=<EMPTY_MAP>
2022-11-03 16:01:18,790 [pool-210-thread-1] INFO  server.RaftServerConfigKeys (ConfUtils.java:logGet(46)) - raft.server.storage.dir = [/home/runner/work/ozone/ozone/hadoop-ozone/integration-test/target/test-dir/MiniOzoneClusterImpl-84bf62e0-a170-4695-9dd9-8848938f690d/datanode-6/data/ratis] (custom)
2022-11-03 16:01:18,790 [pool-210-thread-1] INFO  server.RaftServerConfigKeys (ConfUtils.java:logGet(46)) - raft.server.log.corruption.policy = EXCEPTION (default)
2022-11-03 16:01:18,790 [pool-210-thread-1] INFO  server.RaftServerConfigKeys (ConfUtils.java:logGet(46)) - raft.server.storage.free-space.min = 0MB (=0) (default)
2022-11-03 16:01:18,790 [pool-210-thread-1] INFO  server.RaftServerConfigKeys (ConfUtils.java:logGet(46)) - raft.server.notification.no-leader.timeout = 300s (custom)
2022-11-03 16:01:18,790 [pool-210-thread-1] INFO  server.RaftServerConfigKeys (ConfUtils.java:logGet(46)) - raft.server.retrycache.expirytime = 600000ms (custom)
2022-11-03 16:01:18,790 [pool-210-thread-1] INFO  server.RaftServerConfigKeys (ConfUtils.java:logGet(46)) - raft.server.retrycache.statistics.expirytime = 100μs (default)
2022-11-03 16:01:18,791 [pool-210-thread-1] INFO  server.RaftServerConfigKeys (ConfUtils.java:logGet(46)) - raft.server.log.appender.install.snapshot.enabled = false (custom)
2022-11-03 16:01:18,791 [pool-210-thread-1] INFO  server.RaftServerConfigKeys (ConfUtils.java:logGet(46)) - raft.server.threadpool.server.cached = true (default)
2022-11-03 16:01:18,791 [pool-210-thread-1] INFO  server.RaftServerConfigKeys (ConfUtils.java:logGet(46)) - raft.server.threadpool.server.size = 0 (default)
2022-11-03 16:01:18,792 [pool-210-thread-1] INFO  server.RaftServerConfigKeys (ConfUtils.java:logGet(46)) - raft.server.threadpool.client.cached = true (default)
2022-11-03 16:01:18,792 [pool-210-thread-1] INFO  server.RaftServerConfigKeys (ConfUtils.java:logGet(46)) - raft.server.threadpool.client.size = 0 (default)
2022-11-03 16:01:18,792 [pool-210-thread-1] INFO  storage.RaftStorageDirectory (RaftStorageDirectoryImpl.java:analyzeStorage(137)) - The storage directory /home/runner/work/ozone/ozone/hadoop-ozone/integration-test/target/test-dir/MiniOzoneClusterImpl-84bf62e0-a170-4695-9dd9-8848938f690d/datanode-6/data/ratis/af8aba9c-0dd5-48e0-96a6-efe686cbfebe does not exist. Creating ...
2022-11-03 16:01:18,793 [pool-210-thread-1] INFO  storage.RaftStorageDirectory (RaftStorageDirectoryImpl.java:tryLock(231)) - Lock on /home/runner/work/ozone/ozone/hadoop-ozone/integration-test/target/test-dir/MiniOzoneClusterImpl-84bf62e0-a170-4695-9dd9-8848938f690d/datanode-6/data/ratis/af8aba9c-0dd5-48e0-96a6-efe686cbfebe/in_use.lock acquired by nodename 14715@fv-az47-358
2022-11-03 16:01:18,794 [pool-210-thread-1] INFO  storage.RaftStorage (RaftStorageImpl.java:format(96)) - Storage directory /home/runner/work/ozone/ozone/hadoop-ozone/integration-test/target/test-dir/MiniOzoneClusterImpl-84bf62e0-a170-4695-9dd9-8848938f690d/datanode-6/data/ratis/af8aba9c-0dd5-48e0-96a6-efe686cbfebe has been successfully formatted.
2022-11-03 16:01:18,794 [pool-210-thread-1] INFO  ratis.ContainerStateMachine (ContainerStateMachine.java:loadSnapshot(236)) - group-EFE686CBFEBE: The snapshot info is null. Setting the last applied indexto:(t:0, i:~)
2022-11-03 16:01:18,794 [pool-210-thread-1] INFO  server.RaftServerConfigKeys (ConfUtils.java:logGet(46)) - raft.server.log.use.memory = false (default)
2022-11-03 16:01:18,794 [pool-210-thread-1] INFO  server.RaftServerConfigKeys (ConfUtils.java:logGet(46)) - raft.server.log.purge.gap = 1000000 (custom)
2022-11-03 16:01:18,794 [pool-210-thread-1] INFO  server.RaftServerConfigKeys (ConfUtils.java:logGet(46)) - raft.server.log.appender.buffer.byte-limit = 33554432 (custom)
2022-11-03 16:01:18,794 [pool-210-thread-1] INFO  server.RaftServerConfigKeys (ConfUtils.java:logGet(46)) - raft.server.log.statemachine.data.read.timeout = 1000ms (default)
2022-11-03 16:01:18,794 [pool-210-thread-1] INFO  server.RaftServerConfigKeys (ConfUtils.java:logGet(46)) - raft.server.log.purge.preservation.log.num = 0 (default)
2022-11-03 16:01:18,794 [pool-210-thread-1] INFO  server.RaftServerConfigKeys (ConfUtils.java:logGet(46)) - raft.server.log.segment.size.max = 1048576 (custom)
2022-11-03 16:01:18,796 [EventQueue-OpenPipelineForHealthyPipelineSafeModeRule] INFO  safemode.SCMSafeModeManager (HealthyPipelineSafeModeRule.java:process(137)) - SCM in safe mode. Healthy pipelines reported count is 0, required healthy pipeline reported count is 1
2022-11-03 16:01:18,796 [pool-210-thread-1] INFO  server.RaftServerConfigKeys (ConfUtils.java:logGet(46)) - raft.server.log.segment.cache.num.max = 2 (custom)
2022-11-03 16:01:18,798 [pool-210-thread-1] INFO  server.RaftServerConfigKeys (ConfUtils.java:logGet(46)) - raft.server.log.segment.cache.size.max = 200MB (=209715200) (default)
2022-11-03 16:01:18,798 [pool-210-thread-1] INFO  segmented.SegmentedRaftLogWorker (SegmentedRaftLogWorker.java:<init>(191)) - new d878db48-ef46-44bf-ac98-cb2daa3cfd80@group-EFE686CBFEBE-SegmentedRaftLogWorker for RaftStorageImpl:Storage Directory /home/runner/work/ozone/ozone/hadoop-ozone/integration-test/target/test-dir/MiniOzoneClusterImpl-84bf62e0-a170-4695-9dd9-8848938f690d/datanode-6/data/ratis/af8aba9c-0dd5-48e0-96a6-efe686cbfebe
2022-11-03 16:01:18,798 [pool-210-thread-1] INFO  server.RaftServerConfigKeys (ConfUtils.java:logGet(46)) - raft.server.log.queue.byte-limit = 4294967296 (custom)
2022-11-03 16:01:18,798 [pool-210-thread-1] INFO  server.RaftServerConfigKeys (ConfUtils.java:logGet(46)) - raft.server.log.queue.element-limit = 1024 (custom)
2022-11-03 16:01:18,799 [pool-210-thread-1] INFO  server.RaftServerConfigKeys (ConfUtils.java:logGet(46)) - raft.server.log.segment.size.max = 1048576 (custom)
2022-11-03 16:01:18,799 [pool-210-thread-1] INFO  server.RaftServerConfigKeys (ConfUtils.java:logGet(46)) - raft.server.log.preallocated.size = 16384 (custom)
2022-11-03 16:01:18,799 [pool-210-thread-1] INFO  server.RaftServerConfigKeys (ConfUtils.java:logGet(46)) - raft.server.log.force.sync.num = 128 (default)
2022-11-03 16:01:18,799 [pool-210-thread-1] INFO  server.RaftServerConfigKeys (ConfUtils.java:logGet(46)) - raft.server.log.statemachine.data.sync = true (default)
2022-11-03 16:01:18,799 [pool-210-thread-1] INFO  server.RaftServerConfigKeys (ConfUtils.java:logGet(46)) - raft.server.log.statemachine.data.sync.timeout = 10s (default)
2022-11-03 16:01:18,799 [pool-210-thread-1] INFO  server.RaftServerConfigKeys (ConfUtils.java:logGet(46)) - raft.server.log.statemachine.data.sync.timeout.retry = -1 (default)
2022-11-03 16:01:18,800 [pool-210-thread-1] INFO  server.RaftServerConfigKeys (ConfUtils.java:logGet(46)) - raft.server.log.write.buffer.size = 1048576 (custom)
2022-11-03 16:01:18,801 [pool-210-thread-1] INFO  server.RaftServerConfigKeys (ConfUtils.java:logGet(46)) - raft.server.log.unsafe-flush.enabled = false (default)
2022-11-03 16:01:18,801 [pool-210-thread-1] INFO  server.RaftServerConfigKeys (ConfUtils.java:logGet(46)) - raft.server.log.async-flush.enabled = false (default)
2022-11-03 16:01:18,801 [pool-210-thread-1] INFO  server.RaftServerConfigKeys (ConfUtils.java:logGet(46)) - raft.server.log.statemachine.data.caching.enabled = true (custom)
2022-11-03 16:01:18,801 [pool-210-thread-1] INFO  segmented.SegmentedRaftLogWorker (SegmentedRaftLogWorker.java:lambda$new$0(136)) - d878db48-ef46-44bf-ac98-cb2daa3cfd80@group-EFE686CBFEBE-SegmentedRaftLogWorker: flushIndex: setUnconditionally 0 -> -1
2022-11-03 16:01:18,801 [pool-210-thread-1] INFO  segmented.SegmentedRaftLogWorker (SegmentedRaftLogWorker.java:lambda$new$0(136)) - d878db48-ef46-44bf-ac98-cb2daa3cfd80@group-EFE686CBFEBE-SegmentedRaftLogWorker: safeCacheEvictIndex: setUnconditionally 0 -> -1
2022-11-03 16:01:18,804 [pool-210-thread-1] INFO  server.RaftServer$Division (RaftServerImpl.java:start(334)) - d878db48-ef46-44bf-ac98-cb2daa3cfd80@group-EFE686CBFEBE: start as a follower, conf=-1: peers:[d878db48-ef46-44bf-ac98-cb2daa3cfd80|rpc:10.1.1.36:39321|priority:1|startupRole:FOLLOWER, b6bbe4ab-2937-401d-96b4-8acfa82ea187|rpc:10.1.1.36:37137|priority:0|startupRole:FOLLOWER, b412bf4c-8645-4ac9-920f-94e6c323f92a|rpc:10.1.1.36:37969|priority:0|startupRole:FOLLOWER]|listeners:[], old=null
2022-11-03 16:01:18,804 [pool-210-thread-1] INFO  server.RaftServer$Division (RaftServerImpl.java:setRole(321)) - d878db48-ef46-44bf-ac98-cb2daa3cfd80@group-EFE686CBFEBE: changes role from      null to FOLLOWER at term 0 for startAsFollower
2022-11-03 16:01:18,804 [pool-210-thread-1] INFO  impl.RoleInfo (RoleInfo.java:updateAndGet(139)) - d878db48-ef46-44bf-ac98-cb2daa3cfd80: start d878db48-ef46-44bf-ac98-cb2daa3cfd80@group-EFE686CBFEBE-FollowerState
2022-11-03 16:01:18,806 [pool-210-thread-1] INFO  util.JmxRegister (JmxRegister.java:tryRegister(44)) - Successfully registered JMX Bean with object name Ratis:service=RaftServer,group=group-EFE686CBFEBE,id=d878db48-ef46-44bf-ac98-cb2daa3cfd80
2022-11-03 16:01:18,806 [d878db48-ef46-44bf-ac98-cb2daa3cfd80@group-EFE686CBFEBE-FollowerState] INFO  server.RaftServerConfigKeys (ConfUtils.java:logFallback(53)) - raft.server.rpc.first-election.timeout.min = 5s (fallback to raft.server.rpc.timeout.min)
2022-11-03 16:01:18,806 [pool-210-thread-1] INFO  server.RaftServerConfigKeys (ConfUtils.java:logGet(46)) - raft.server.snapshot.auto.trigger.enabled = true (custom)
2022-11-03 16:01:18,806 [d878db48-ef46-44bf-ac98-cb2daa3cfd80@group-EFE686CBFEBE-FollowerState] INFO  server.RaftServerConfigKeys (ConfUtils.java:logFallback(53)) - raft.server.rpc.first-election.timeout.max = 5200ms (fallback to raft.server.rpc.timeout.max)
2022-11-03 16:01:18,806 [pool-210-thread-1] INFO  server.RaftServerConfigKeys (ConfUtils.java:logGet(46)) - raft.server.snapshot.auto.trigger.threshold = 10000 (custom)
2022-11-03 16:01:18,806 [pool-210-thread-1] INFO  server.RaftServerConfigKeys (ConfUtils.java:logGet(46)) - raft.server.snapshot.retention.file.num = 5 (custom)
2022-11-03 16:01:18,807 [pool-210-thread-1] INFO  server.RaftServerConfigKeys (ConfUtils.java:logGet(46)) - raft.server.log.purge.upto.snapshot.index = false (default)
2022-11-03 16:01:18,807 [Command processor thread] INFO  ratis.XceiverServerRatis (XceiverServerRatis.java:addGroup(765)) - Created group PipelineID=af8aba9c-0dd5-48e0-96a6-efe686cbfebe
2022-11-03 16:01:18,819 [grpc-default-executor-0] INFO  server.RaftServer (RaftServerProxy.java:addNew(96)) - b412bf4c-8645-4ac9-920f-94e6c323f92a: addNew group-EFE686CBFEBE:[d878db48-ef46-44bf-ac98-cb2daa3cfd80|rpc:10.1.1.36:39321|dataStream:|priority:1|startupRole:FOLLOWER, b6bbe4ab-2937-401d-96b4-8acfa82ea187|rpc:10.1.1.36:37137|dataStream:|priority:0|startupRole:FOLLOWER, b412bf4c-8645-4ac9-920f-94e6c323f92a|rpc:10.1.1.36:37969|dataStream:|priority:0|startupRole:FOLLOWER] returns group-EFE686CBFEBE:java.util.concurrent.CompletableFuture@c285e9a[Not completed]
2022-11-03 16:01:18,820 [pool-237-thread-1] INFO  server.RaftServer$Division (RaftServerImpl.java:<init>(195)) - b412bf4c-8645-4ac9-920f-94e6c323f92a: new RaftServerImpl for group-EFE686CBFEBE:[d878db48-ef46-44bf-ac98-cb2daa3cfd80|rpc:10.1.1.36:39321|dataStream:|priority:1|startupRole:FOLLOWER, b6bbe4ab-2937-401d-96b4-8acfa82ea187|rpc:10.1.1.36:37137|dataStream:|priority:0|startupRole:FOLLOWER, b412bf4c-8645-4ac9-920f-94e6c323f92a|rpc:10.1.1.36:37969|dataStream:|priority:0|startupRole:FOLLOWER] with ContainerStateMachine:uninitialized
2022-11-03 16:01:18,820 [pool-237-thread-1] INFO  server.RaftServerConfigKeys (ConfUtils.java:logGet(46)) - raft.server.rpc.timeout.min = 5s (custom)
2022-11-03 16:01:18,820 [pool-237-thread-1] INFO  server.RaftServerConfigKeys (ConfUtils.java:logGet(46)) - raft.server.rpc.timeout.max = 5200ms (custom)
2022-11-03 16:01:18,820 [pool-237-thread-1] INFO  server.RaftServerConfigKeys (ConfUtils.java:logGet(46)) - raft.server.rpc.sleep.time = 25ms (default)
2022-11-03 16:01:18,820 [pool-237-thread-1] INFO  server.RaftServerConfigKeys (ConfUtils.java:logGet(46)) - raft.server.rpc.slowness.timeout = 300s (custom)
2022-11-03 16:01:18,820 [pool-237-thread-1] INFO  server.RaftServerConfigKeys (ConfUtils.java:logGet(46)) - raft.server.leaderelection.leader.step-down.wait-time = 10s (default)
2022-11-03 16:01:18,820 [pool-237-thread-1] INFO  server.RaftServerConfigKeys (ConfUtils.java:logGet(46)) - raft.server.sleep.deviation.threshold = 300ms (default)
2022-11-03 16:01:18,821 [pool-237-thread-1] INFO  server.RaftServer$Division (ServerState.java:<init>(118)) - b412bf4c-8645-4ac9-920f-94e6c323f92a@group-EFE686CBFEBE: ConfigurationManager, init=-1: peers:[d878db48-ef46-44bf-ac98-cb2daa3cfd80|rpc:10.1.1.36:39321|dataStream:|priority:1|startupRole:FOLLOWER, b6bbe4ab-2937-401d-96b4-8acfa82ea187|rpc:10.1.1.36:37137|dataStream:|priority:0|startupRole:FOLLOWER, b412bf4c-8645-4ac9-920f-94e6c323f92a|rpc:10.1.1.36:37969|dataStream:|priority:0|startupRole:FOLLOWER]|listeners:[], old=null, confs=<EMPTY_MAP>
2022-11-03 16:01:18,821 [pool-237-thread-1] INFO  server.RaftServerConfigKeys (ConfUtils.java:logGet(46)) - raft.server.storage.dir = [/home/runner/work/ozone/ozone/hadoop-ozone/integration-test/target/test-dir/MiniOzoneClusterImpl-84bf62e0-a170-4695-9dd9-8848938f690d/datanode-7/data/ratis] (custom)
2022-11-03 16:01:18,821 [pool-237-thread-1] INFO  server.RaftServerConfigKeys (ConfUtils.java:logGet(46)) - raft.server.log.corruption.policy = EXCEPTION (default)
2022-11-03 16:01:18,821 [pool-237-thread-1] INFO  server.RaftServerConfigKeys (ConfUtils.java:logGet(46)) - raft.server.storage.free-space.min = 0MB (=0) (default)
2022-11-03 16:01:18,821 [pool-237-thread-1] INFO  server.RaftServerConfigKeys (ConfUtils.java:logGet(46)) - raft.server.notification.no-leader.timeout = 300s (custom)
2022-11-03 16:01:18,821 [pool-237-thread-1] INFO  server.RaftServerConfigKeys (ConfUtils.java:logGet(46)) - raft.server.retrycache.expirytime = 600000ms (custom)
2022-11-03 16:01:18,821 [pool-237-thread-1] INFO  server.RaftServerConfigKeys (ConfUtils.java:logGet(46)) - raft.server.retrycache.statistics.expirytime = 100μs (default)
2022-11-03 16:01:18,823 [pool-237-thread-1] INFO  server.RaftServerConfigKeys (ConfUtils.java:logGet(46)) - raft.server.log.appender.install.snapshot.enabled = false (custom)
2022-11-03 16:01:18,823 [pool-237-thread-1] INFO  server.RaftServerConfigKeys (ConfUtils.java:logGet(46)) - raft.server.threadpool.server.cached = true (default)
2022-11-03 16:01:18,823 [pool-237-thread-1] INFO  server.RaftServerConfigKeys (ConfUtils.java:logGet(46)) - raft.server.threadpool.server.size = 0 (default)
2022-11-03 16:01:18,824 [pool-237-thread-1] INFO  server.RaftServerConfigKeys (ConfUtils.java:logGet(46)) - raft.server.threadpool.client.cached = true (default)
2022-11-03 16:01:18,824 [pool-237-thread-1] INFO  server.RaftServerConfigKeys (ConfUtils.java:logGet(46)) - raft.server.threadpool.client.size = 0 (default)
2022-11-03 16:01:18,824 [pool-237-thread-1] INFO  storage.RaftStorageDirectory (RaftStorageDirectoryImpl.java:analyzeStorage(137)) - The storage directory /home/runner/work/ozone/ozone/hadoop-ozone/integration-test/target/test-dir/MiniOzoneClusterImpl-84bf62e0-a170-4695-9dd9-8848938f690d/datanode-7/data/ratis/af8aba9c-0dd5-48e0-96a6-efe686cbfebe does not exist. Creating ...
2022-11-03 16:01:18,825 [pool-237-thread-1] INFO  storage.RaftStorageDirectory (RaftStorageDirectoryImpl.java:tryLock(231)) - Lock on /home/runner/work/ozone/ozone/hadoop-ozone/integration-test/target/test-dir/MiniOzoneClusterImpl-84bf62e0-a170-4695-9dd9-8848938f690d/datanode-7/data/ratis/af8aba9c-0dd5-48e0-96a6-efe686cbfebe/in_use.lock acquired by nodename 14715@fv-az47-358
2022-11-03 16:01:18,826 [pool-237-thread-1] INFO  storage.RaftStorage (RaftStorageImpl.java:format(96)) - Storage directory /home/runner/work/ozone/ozone/hadoop-ozone/integration-test/target/test-dir/MiniOzoneClusterImpl-84bf62e0-a170-4695-9dd9-8848938f690d/datanode-7/data/ratis/af8aba9c-0dd5-48e0-96a6-efe686cbfebe has been successfully formatted.
2022-11-03 16:01:18,826 [pool-237-thread-1] INFO  ratis.ContainerStateMachine (ContainerStateMachine.java:loadSnapshot(236)) - group-EFE686CBFEBE: The snapshot info is null. Setting the last applied indexto:(t:0, i:~)
2022-11-03 16:01:18,826 [pool-237-thread-1] INFO  server.RaftServerConfigKeys (ConfUtils.java:logGet(46)) - raft.server.log.use.memory = false (default)
2022-11-03 16:01:18,827 [pool-237-thread-1] INFO  server.RaftServerConfigKeys (ConfUtils.java:logGet(46)) - raft.server.log.purge.gap = 1000000 (custom)
2022-11-03 16:01:18,827 [pool-237-thread-1] INFO  server.RaftServerConfigKeys (ConfUtils.java:logGet(46)) - raft.server.log.appender.buffer.byte-limit = 33554432 (custom)
2022-11-03 16:01:18,827 [pool-237-thread-1] INFO  server.RaftServerConfigKeys (ConfUtils.java:logGet(46)) - raft.server.log.statemachine.data.read.timeout = 1000ms (default)
2022-11-03 16:01:18,827 [pool-237-thread-1] INFO  server.RaftServerConfigKeys (ConfUtils.java:logGet(46)) - raft.server.log.purge.preservation.log.num = 0 (default)
2022-11-03 16:01:18,827 [pool-237-thread-1] INFO  server.RaftServerConfigKeys (ConfUtils.java:logGet(46)) - raft.server.log.segment.size.max = 1048576 (custom)
2022-11-03 16:01:18,828 [pool-237-thread-1] INFO  server.RaftServerConfigKeys (ConfUtils.java:logGet(46)) - raft.server.log.segment.cache.num.max = 2 (custom)
2022-11-03 16:01:18,828 [pool-237-thread-1] INFO  server.RaftServerConfigKeys (ConfUtils.java:logGet(46)) - raft.server.log.segment.cache.size.max = 200MB (=209715200) (default)
2022-11-03 16:01:18,828 [pool-237-thread-1] INFO  segmented.SegmentedRaftLogWorker (SegmentedRaftLogWorker.java:<init>(191)) - new b412bf4c-8645-4ac9-920f-94e6c323f92a@group-EFE686CBFEBE-SegmentedRaftLogWorker for RaftStorageImpl:Storage Directory /home/runner/work/ozone/ozone/hadoop-ozone/integration-test/target/test-dir/MiniOzoneClusterImpl-84bf62e0-a170-4695-9dd9-8848938f690d/datanode-7/data/ratis/af8aba9c-0dd5-48e0-96a6-efe686cbfebe
2022-11-03 16:01:18,828 [pool-237-thread-1] INFO  server.RaftServerConfigKeys (ConfUtils.java:logGet(46)) - raft.server.log.queue.byte-limit = 4294967296 (custom)
2022-11-03 16:01:18,828 [pool-237-thread-1] INFO  server.RaftServerConfigKeys (ConfUtils.java:logGet(46)) - raft.server.log.queue.element-limit = 1024 (custom)
2022-11-03 16:01:18,828 [pool-237-thread-1] INFO  server.RaftServerConfigKeys (ConfUtils.java:logGet(46)) - raft.server.log.segment.size.max = 1048576 (custom)
2022-11-03 16:01:18,828 [pool-237-thread-1] INFO  server.RaftServerConfigKeys (ConfUtils.java:logGet(46)) - raft.server.log.preallocated.size = 16384 (custom)
2022-11-03 16:01:18,828 [pool-237-thread-1] INFO  server.RaftServerConfigKeys (ConfUtils.java:logGet(46)) - raft.server.log.force.sync.num = 128 (default)
2022-11-03 16:01:18,828 [pool-237-thread-1] INFO  server.RaftServerConfigKeys (ConfUtils.java:logGet(46)) - raft.server.log.statemachine.data.sync = true (default)
2022-11-03 16:01:18,828 [pool-237-thread-1] INFO  server.RaftServerConfigKeys (ConfUtils.java:logGet(46)) - raft.server.log.statemachine.data.sync.timeout = 10s (default)
2022-11-03 16:01:18,828 [pool-237-thread-1] INFO  server.RaftServerConfigKeys (ConfUtils.java:logGet(46)) - raft.server.log.statemachine.data.sync.timeout.retry = -1 (default)
2022-11-03 16:01:18,829 [pool-237-thread-1] INFO  server.RaftServerConfigKeys (ConfUtils.java:logGet(46)) - raft.server.log.write.buffer.size = 1048576 (custom)
2022-11-03 16:01:18,829 [pool-237-thread-1] INFO  server.RaftServerConfigKeys (ConfUtils.java:logGet(46)) - raft.server.log.unsafe-flush.enabled = false (default)
2022-11-03 16:01:18,829 [pool-237-thread-1] INFO  server.RaftServerConfigKeys (ConfUtils.java:logGet(46)) - raft.server.log.async-flush.enabled = false (default)
2022-11-03 16:01:18,830 [pool-237-thread-1] INFO  server.RaftServerConfigKeys (ConfUtils.java:logGet(46)) - raft.server.log.statemachine.data.caching.enabled = true (custom)
2022-11-03 16:01:18,830 [pool-237-thread-1] INFO  segmented.SegmentedRaftLogWorker (SegmentedRaftLogWorker.java:lambda$new$0(136)) - b412bf4c-8645-4ac9-920f-94e6c323f92a@group-EFE686CBFEBE-SegmentedRaftLogWorker: flushIndex: setUnconditionally 0 -> -1
2022-11-03 16:01:18,830 [pool-237-thread-1] INFO  segmented.SegmentedRaftLogWorker (SegmentedRaftLogWorker.java:lambda$new$0(136)) - b412bf4c-8645-4ac9-920f-94e6c323f92a@group-EFE686CBFEBE-SegmentedRaftLogWorker: safeCacheEvictIndex: setUnconditionally 0 -> -1
2022-11-03 16:01:18,830 [pool-237-thread-1] INFO  server.RaftServer$Division (RaftServerImpl.java:start(334)) - b412bf4c-8645-4ac9-920f-94e6c323f92a@group-EFE686CBFEBE: start as a follower, conf=-1: peers:[d878db48-ef46-44bf-ac98-cb2daa3cfd80|rpc:10.1.1.36:39321|dataStream:|priority:1|startupRole:FOLLOWER, b6bbe4ab-2937-401d-96b4-8acfa82ea187|rpc:10.1.1.36:37137|dataStream:|priority:0|startupRole:FOLLOWER, b412bf4c-8645-4ac9-920f-94e6c323f92a|rpc:10.1.1.36:37969|dataStream:|priority:0|startupRole:FOLLOWER]|listeners:[], old=null
2022-11-03 16:01:18,830 [pool-237-thread-1] INFO  server.RaftServer$Division (RaftServerImpl.java:setRole(321)) - b412bf4c-8645-4ac9-920f-94e6c323f92a@group-EFE686CBFEBE: changes role from      null to FOLLOWER at term 0 for startAsFollower
2022-11-03 16:01:18,830 [pool-237-thread-1] INFO  impl.RoleInfo (RoleInfo.java:updateAndGet(139)) - b412bf4c-8645-4ac9-920f-94e6c323f92a: start b412bf4c-8645-4ac9-920f-94e6c323f92a@group-EFE686CBFEBE-FollowerState
2022-11-03 16:01:18,832 [pool-237-thread-1] INFO  util.JmxRegister (JmxRegister.java:tryRegister(44)) - Successfully registered JMX Bean with object name Ratis:service=RaftServer,group=group-EFE686CBFEBE,id=b412bf4c-8645-4ac9-920f-94e6c323f92a
2022-11-03 16:01:18,832 [pool-237-thread-1] INFO  server.RaftServerConfigKeys (ConfUtils.java:logGet(46)) - raft.server.snapshot.auto.trigger.enabled = true (custom)
2022-11-03 16:01:18,832 [pool-237-thread-1] INFO  server.RaftServerConfigKeys (ConfUtils.java:logGet(46)) - raft.server.snapshot.auto.trigger.threshold = 10000 (custom)
2022-11-03 16:01:18,832 [pool-237-thread-1] INFO  server.RaftServerConfigKeys (ConfUtils.java:logGet(46)) - raft.server.snapshot.retention.file.num = 5 (custom)
2022-11-03 16:01:18,832 [pool-237-thread-1] INFO  server.RaftServerConfigKeys (ConfUtils.java:logGet(46)) - raft.server.log.purge.upto.snapshot.index = false (default)
2022-11-03 16:01:18,833 [b412bf4c-8645-4ac9-920f-94e6c323f92a@group-EFE686CBFEBE-FollowerState] INFO  server.RaftServerConfigKeys (ConfUtils.java:logFallback(53)) - raft.server.rpc.first-election.timeout.min = 5s (fallback to raft.server.rpc.timeout.min)
2022-11-03 16:01:18,843 [b412bf4c-8645-4ac9-920f-94e6c323f92a@group-EFE686CBFEBE-FollowerState] INFO  server.RaftServerConfigKeys (ConfUtils.java:logFallback(53)) - raft.server.rpc.first-election.timeout.max = 5200ms (fallback to raft.server.rpc.timeout.max)
2022-11-03 16:01:18,863 [grpc-default-executor-0] INFO  server.RaftServer (RaftServerProxy.java:addNew(96)) - b6bbe4ab-2937-401d-96b4-8acfa82ea187: addNew group-EFE686CBFEBE:[d878db48-ef46-44bf-ac98-cb2daa3cfd80|rpc:10.1.1.36:39321|dataStream:|priority:1|startupRole:FOLLOWER, b6bbe4ab-2937-401d-96b4-8acfa82ea187|rpc:10.1.1.36:37137|dataStream:|priority:0|startupRole:FOLLOWER, b412bf4c-8645-4ac9-920f-94e6c323f92a|rpc:10.1.1.36:37969|dataStream:|priority:0|startupRole:FOLLOWER] returns group-EFE686CBFEBE:java.util.concurrent.CompletableFuture@13c73358[Not completed]
2022-11-03 16:01:18,872 [Listener at 127.0.0.1/45563] INFO  ozone.MiniOzoneClusterImpl (MiniOzoneClusterImpl.java:lambda$waitForClusterToBeReady$0(216)) - Nodes are ready. Got 10 of 10 DN Heartbeats.
2022-11-03 16:01:18,873 [Listener at 127.0.0.1/45563] INFO  ozone.MiniOzoneClusterImpl (MiniOzoneClusterImpl.java:lambda$waitForClusterToBeReady$0(219)) - Waiting for cluster to exit safe mode
2022-11-03 16:01:18,873 [Listener at 127.0.0.1/45563] INFO  ozone.MiniOzoneClusterImpl (MiniOzoneClusterImpl.java:lambda$waitForClusterToBeReady$0(221)) - SCM became leader
2022-11-03 16:01:18,874 [pool-264-thread-1] INFO  server.RaftServer$Division (RaftServerImpl.java:<init>(195)) - b6bbe4ab-2937-401d-96b4-8acfa82ea187: new RaftServerImpl for group-EFE686CBFEBE:[d878db48-ef46-44bf-ac98-cb2daa3cfd80|rpc:10.1.1.36:39321|dataStream:|priority:1|startupRole:FOLLOWER, b6bbe4ab-2937-401d-96b4-8acfa82ea187|rpc:10.1.1.36:37137|dataStream:|priority:0|startupRole:FOLLOWER, b412bf4c-8645-4ac9-920f-94e6c323f92a|rpc:10.1.1.36:37969|dataStream:|priority:0|startupRole:FOLLOWER] with ContainerStateMachine:uninitialized
2022-11-03 16:01:18,877 [pool-264-thread-1] INFO  server.RaftServerConfigKeys (ConfUtils.java:logGet(46)) - raft.server.rpc.timeout.min = 5s (custom)
2022-11-03 16:01:18,877 [pool-264-thread-1] INFO  server.RaftServerConfigKeys (ConfUtils.java:logGet(46)) - raft.server.rpc.timeout.max = 5200ms (custom)
2022-11-03 16:01:18,877 [pool-264-thread-1] INFO  server.RaftServerConfigKeys (ConfUtils.java:logGet(46)) - raft.server.rpc.sleep.time = 25ms (default)
2022-11-03 16:01:18,877 [pool-264-thread-1] INFO  server.RaftServerConfigKeys (ConfUtils.java:logGet(46)) - raft.server.rpc.slowness.timeout = 300s (custom)
2022-11-03 16:01:18,877 [pool-264-thread-1] INFO  server.RaftServerConfigKeys (ConfUtils.java:logGet(46)) - raft.server.leaderelection.leader.step-down.wait-time = 10s (default)
2022-11-03 16:01:18,877 [pool-264-thread-1] INFO  server.RaftServerConfigKeys (ConfUtils.java:logGet(46)) - raft.server.sleep.deviation.threshold = 300ms (default)
2022-11-03 16:01:18,877 [pool-264-thread-1] INFO  server.RaftServer$Division (ServerState.java:<init>(118)) - b6bbe4ab-2937-401d-96b4-8acfa82ea187@group-EFE686CBFEBE: ConfigurationManager, init=-1: peers:[d878db48-ef46-44bf-ac98-cb2daa3cfd80|rpc:10.1.1.36:39321|dataStream:|priority:1|startupRole:FOLLOWER, b6bbe4ab-2937-401d-96b4-8acfa82ea187|rpc:10.1.1.36:37137|dataStream:|priority:0|startupRole:FOLLOWER, b412bf4c-8645-4ac9-920f-94e6c323f92a|rpc:10.1.1.36:37969|dataStream:|priority:0|startupRole:FOLLOWER]|listeners:[], old=null, confs=<EMPTY_MAP>
2022-11-03 16:01:18,877 [pool-264-thread-1] INFO  server.RaftServerConfigKeys (ConfUtils.java:logGet(46)) - raft.server.storage.dir = [/home/runner/work/ozone/ozone/hadoop-ozone/integration-test/target/test-dir/MiniOzoneClusterImpl-84bf62e0-a170-4695-9dd9-8848938f690d/datanode-8/data/ratis] (custom)
2022-11-03 16:01:18,878 [pool-264-thread-1] INFO  server.RaftServerConfigKeys (ConfUtils.java:logGet(46)) - raft.server.log.corruption.policy = EXCEPTION (default)
2022-11-03 16:01:18,878 [pool-264-thread-1] INFO  server.RaftServerConfigKeys (ConfUtils.java:logGet(46)) - raft.server.storage.free-space.min = 0MB (=0) (default)
2022-11-03 16:01:18,878 [pool-264-thread-1] INFO  server.RaftServerConfigKeys (ConfUtils.java:logGet(46)) - raft.server.notification.no-leader.timeout = 300s (custom)
2022-11-03 16:01:18,878 [pool-264-thread-1] INFO  server.RaftServerConfigKeys (ConfUtils.java:logGet(46)) - raft.server.retrycache.expirytime = 600000ms (custom)
2022-11-03 16:01:18,878 [pool-264-thread-1] INFO  server.RaftServerConfigKeys (ConfUtils.java:logGet(46)) - raft.server.retrycache.statistics.expirytime = 100μs (default)
2022-11-03 16:01:18,879 [pool-264-thread-1] INFO  server.RaftServerConfigKeys (ConfUtils.java:logGet(46)) - raft.server.log.appender.install.snapshot.enabled = false (custom)
2022-11-03 16:01:18,880 [pool-264-thread-1] INFO  server.RaftServerConfigKeys (ConfUtils.java:logGet(46)) - raft.server.threadpool.server.cached = true (default)
2022-11-03 16:01:18,880 [pool-264-thread-1] INFO  server.RaftServerConfigKeys (ConfUtils.java:logGet(46)) - raft.server.threadpool.server.size = 0 (default)
2022-11-03 16:01:18,880 [pool-264-thread-1] INFO  server.RaftServerConfigKeys (ConfUtils.java:logGet(46)) - raft.server.threadpool.client.cached = true (default)
2022-11-03 16:01:18,880 [pool-264-thread-1] INFO  server.RaftServerConfigKeys (ConfUtils.java:logGet(46)) - raft.server.threadpool.client.size = 0 (default)
2022-11-03 16:01:18,881 [pool-264-thread-1] INFO  storage.RaftStorageDirectory (RaftStorageDirectoryImpl.java:analyzeStorage(137)) - The storage directory /home/runner/work/ozone/ozone/hadoop-ozone/integration-test/target/test-dir/MiniOzoneClusterImpl-84bf62e0-a170-4695-9dd9-8848938f690d/datanode-8/data/ratis/af8aba9c-0dd5-48e0-96a6-efe686cbfebe does not exist. Creating ...
2022-11-03 16:01:18,881 [pool-264-thread-1] INFO  storage.RaftStorageDirectory (RaftStorageDirectoryImpl.java:tryLock(231)) - Lock on /home/runner/work/ozone/ozone/hadoop-ozone/integration-test/target/test-dir/MiniOzoneClusterImpl-84bf62e0-a170-4695-9dd9-8848938f690d/datanode-8/data/ratis/af8aba9c-0dd5-48e0-96a6-efe686cbfebe/in_use.lock acquired by nodename 14715@fv-az47-358
2022-11-03 16:01:18,882 [pool-264-thread-1] INFO  storage.RaftStorage (RaftStorageImpl.java:format(96)) - Storage directory /home/runner/work/ozone/ozone/hadoop-ozone/integration-test/target/test-dir/MiniOzoneClusterImpl-84bf62e0-a170-4695-9dd9-8848938f690d/datanode-8/data/ratis/af8aba9c-0dd5-48e0-96a6-efe686cbfebe has been successfully formatted.
2022-11-03 16:01:18,883 [pool-264-thread-1] INFO  ratis.ContainerStateMachine (ContainerStateMachine.java:loadSnapshot(236)) - group-EFE686CBFEBE: The snapshot info is null. Setting the last applied indexto:(t:0, i:~)
2022-11-03 16:01:18,883 [pool-264-thread-1] INFO  server.RaftServerConfigKeys (ConfUtils.java:logGet(46)) - raft.server.log.use.memory = false (default)
2022-11-03 16:01:18,883 [pool-264-thread-1] INFO  server.RaftServerConfigKeys (ConfUtils.java:logGet(46)) - raft.server.log.purge.gap = 1000000 (custom)
2022-11-03 16:01:18,883 [pool-264-thread-1] INFO  server.RaftServerConfigKeys (ConfUtils.java:logGet(46)) - raft.server.log.appender.buffer.byte-limit = 33554432 (custom)
2022-11-03 16:01:18,883 [pool-264-thread-1] INFO  server.RaftServerConfigKeys (ConfUtils.java:logGet(46)) - raft.server.log.statemachine.data.read.timeout = 1000ms (default)
2022-11-03 16:01:18,884 [pool-264-thread-1] INFO  server.RaftServerConfigKeys (ConfUtils.java:logGet(46)) - raft.server.log.purge.preservation.log.num = 0 (default)
2022-11-03 16:01:18,884 [pool-264-thread-1] INFO  server.RaftServerConfigKeys (ConfUtils.java:logGet(46)) - raft.server.log.segment.size.max = 1048576 (custom)
2022-11-03 16:01:18,885 [pool-264-thread-1] INFO  server.RaftServerConfigKeys (ConfUtils.java:logGet(46)) - raft.server.log.segment.cache.num.max = 2 (custom)
2022-11-03 16:01:18,885 [pool-264-thread-1] INFO  server.RaftServerConfigKeys (ConfUtils.java:logGet(46)) - raft.server.log.segment.cache.size.max = 200MB (=209715200) (default)
2022-11-03 16:01:18,885 [pool-264-thread-1] INFO  segmented.SegmentedRaftLogWorker (SegmentedRaftLogWorker.java:<init>(191)) - new b6bbe4ab-2937-401d-96b4-8acfa82ea187@group-EFE686CBFEBE-SegmentedRaftLogWorker for RaftStorageImpl:Storage Directory /home/runner/work/ozone/ozone/hadoop-ozone/integration-test/target/test-dir/MiniOzoneClusterImpl-84bf62e0-a170-4695-9dd9-8848938f690d/datanode-8/data/ratis/af8aba9c-0dd5-48e0-96a6-efe686cbfebe
2022-11-03 16:01:18,885 [pool-264-thread-1] INFO  server.RaftServerConfigKeys (ConfUtils.java:logGet(46)) - raft.server.log.queue.byte-limit = 4294967296 (custom)
2022-11-03 16:01:18,885 [pool-264-thread-1] INFO  server.RaftServerConfigKeys (ConfUtils.java:logGet(46)) - raft.server.log.queue.element-limit = 1024 (custom)
2022-11-03 16:01:18,885 [pool-264-thread-1] INFO  server.RaftServerConfigKeys (ConfUtils.java:logGet(46)) - raft.server.log.segment.size.max = 1048576 (custom)
2022-11-03 16:01:18,885 [pool-264-thread-1] INFO  server.RaftServerConfigKeys (ConfUtils.java:logGet(46)) - raft.server.log.preallocated.size = 16384 (custom)
2022-11-03 16:01:18,885 [pool-264-thread-1] INFO  server.RaftServerConfigKeys (ConfUtils.java:logGet(46)) - raft.server.log.force.sync.num = 128 (default)
2022-11-03 16:01:18,885 [pool-264-thread-1] INFO  server.RaftServerConfigKeys (ConfUtils.java:logGet(46)) - raft.server.log.statemachine.data.sync = true (default)
2022-11-03 16:01:18,885 [pool-264-thread-1] INFO  server.RaftServerConfigKeys (ConfUtils.java:logGet(46)) - raft.server.log.statemachine.data.sync.timeout = 10s (default)
2022-11-03 16:01:18,885 [pool-264-thread-1] INFO  server.RaftServerConfigKeys (ConfUtils.java:logGet(46)) - raft.server.log.statemachine.data.sync.timeout.retry = -1 (default)
2022-11-03 16:01:18,886 [pool-264-thread-1] INFO  server.RaftServerConfigKeys (ConfUtils.java:logGet(46)) - raft.server.log.write.buffer.size = 1048576 (custom)
2022-11-03 16:01:18,887 [pool-264-thread-1] INFO  server.RaftServerConfigKeys (ConfUtils.java:logGet(46)) - raft.server.log.unsafe-flush.enabled = false (default)
2022-11-03 16:01:18,887 [pool-264-thread-1] INFO  server.RaftServerConfigKeys (ConfUtils.java:logGet(46)) - raft.server.log.async-flush.enabled = false (default)
2022-11-03 16:01:18,887 [pool-264-thread-1] INFO  server.RaftServerConfigKeys (ConfUtils.java:logGet(46)) - raft.server.log.statemachine.data.caching.enabled = true (custom)
2022-11-03 16:01:18,887 [pool-264-thread-1] INFO  segmented.SegmentedRaftLogWorker (SegmentedRaftLogWorker.java:lambda$new$0(136)) - b6bbe4ab-2937-401d-96b4-8acfa82ea187@group-EFE686CBFEBE-SegmentedRaftLogWorker: flushIndex: setUnconditionally 0 -> -1
2022-11-03 16:01:18,887 [pool-264-thread-1] INFO  segmented.SegmentedRaftLogWorker (SegmentedRaftLogWorker.java:lambda$new$0(136)) - b6bbe4ab-2937-401d-96b4-8acfa82ea187@group-EFE686CBFEBE-SegmentedRaftLogWorker: safeCacheEvictIndex: setUnconditionally 0 -> -1
2022-11-03 16:01:18,887 [pool-264-thread-1] INFO  server.RaftServer$Division (RaftServerImpl.java:start(334)) - b6bbe4ab-2937-401d-96b4-8acfa82ea187@group-EFE686CBFEBE: start as a follower, conf=-1: peers:[d878db48-ef46-44bf-ac98-cb2daa3cfd80|rpc:10.1.1.36:39321|dataStream:|priority:1|startupRole:FOLLOWER, b6bbe4ab-2937-401d-96b4-8acfa82ea187|rpc:10.1.1.36:37137|dataStream:|priority:0|startupRole:FOLLOWER, b412bf4c-8645-4ac9-920f-94e6c323f92a|rpc:10.1.1.36:37969|dataStream:|priority:0|startupRole:FOLLOWER]|listeners:[], old=null
2022-11-03 16:01:18,887 [pool-264-thread-1] INFO  server.RaftServer$Division (RaftServerImpl.java:setRole(321)) - b6bbe4ab-2937-401d-96b4-8acfa82ea187@group-EFE686CBFEBE: changes role from      null to FOLLOWER at term 0 for startAsFollower
2022-11-03 16:01:18,887 [pool-264-thread-1] INFO  impl.RoleInfo (RoleInfo.java:updateAndGet(139)) - b6bbe4ab-2937-401d-96b4-8acfa82ea187: start b6bbe4ab-2937-401d-96b4-8acfa82ea187@group-EFE686CBFEBE-FollowerState
2022-11-03 16:01:18,888 [pool-264-thread-1] INFO  util.JmxRegister (JmxRegister.java:tryRegister(44)) - Successfully registered JMX Bean with object name Ratis:service=RaftServer,group=group-EFE686CBFEBE,id=b6bbe4ab-2937-401d-96b4-8acfa82ea187
2022-11-03 16:01:18,888 [pool-264-thread-1] INFO  server.RaftServerConfigKeys (ConfUtils.java:logGet(46)) - raft.server.snapshot.auto.trigger.enabled = true (custom)
2022-11-03 16:01:18,888 [pool-264-thread-1] INFO  server.RaftServerConfigKeys (ConfUtils.java:logGet(46)) - raft.server.snapshot.auto.trigger.threshold = 10000 (custom)
2022-11-03 16:01:18,888 [pool-264-thread-1] INFO  server.RaftServerConfigKeys (ConfUtils.java:logGet(46)) - raft.server.snapshot.retention.file.num = 5 (custom)
2022-11-03 16:01:18,888 [pool-264-thread-1] INFO  server.RaftServerConfigKeys (ConfUtils.java:logGet(46)) - raft.server.log.purge.upto.snapshot.index = false (default)
2022-11-03 16:01:18,889 [b6bbe4ab-2937-401d-96b4-8acfa82ea187@group-EFE686CBFEBE-FollowerState] INFO  server.RaftServerConfigKeys (ConfUtils.java:logFallback(53)) - raft.server.rpc.first-election.timeout.min = 5s (fallback to raft.server.rpc.timeout.min)
2022-11-03 16:01:18,897 [b6bbe4ab-2937-401d-96b4-8acfa82ea187@group-EFE686CBFEBE-FollowerState] INFO  server.RaftServerConfigKeys (ConfUtils.java:logFallback(53)) - raft.server.rpc.first-election.timeout.max = 5200ms (fallback to raft.server.rpc.timeout.max)
2022-11-03 16:01:18,902 [Command processor thread] INFO  commandhandler.CreatePipelineCommandHandler (CreatePipelineCommandHandler.java:handle(113)) - Created Pipeline RATIS THREE PipelineID=af8aba9c-0dd5-48e0-96a6-efe686cbfebe.
2022-11-03 16:01:18,903 [Command processor thread] INFO  server.RaftServer (RaftServerProxy.java:addNew(96)) - d878db48-ef46-44bf-ac98-cb2daa3cfd80: addNew group-8A4815B43099:[d878db48-ef46-44bf-ac98-cb2daa3cfd80|rpc:10.1.1.36:39321|priority:0|startupRole:FOLLOWER, b6bbe4ab-2937-401d-96b4-8acfa82ea187|rpc:10.1.1.36:37137|priority:0|startupRole:FOLLOWER, b412bf4c-8645-4ac9-920f-94e6c323f92a|rpc:10.1.1.36:37969|priority:1|startupRole:FOLLOWER] returns group-8A4815B43099:java.util.concurrent.CompletableFuture@33d7e440[Not completed]
2022-11-03 16:01:18,904 [pool-210-thread-1] INFO  server.RaftServer$Division (RaftServerImpl.java:<init>(195)) - d878db48-ef46-44bf-ac98-cb2daa3cfd80: new RaftServerImpl for group-8A4815B43099:[d878db48-ef46-44bf-ac98-cb2daa3cfd80|rpc:10.1.1.36:39321|priority:0|startupRole:FOLLOWER, b6bbe4ab-2937-401d-96b4-8acfa82ea187|rpc:10.1.1.36:37137|priority:0|startupRole:FOLLOWER, b412bf4c-8645-4ac9-920f-94e6c323f92a|rpc:10.1.1.36:37969|priority:1|startupRole:FOLLOWER] with ContainerStateMachine:uninitialized
2022-11-03 16:01:18,904 [pool-210-thread-1] INFO  server.RaftServerConfigKeys (ConfUtils.java:logGet(46)) - raft.server.rpc.timeout.min = 5s (custom)
2022-11-03 16:01:18,904 [pool-210-thread-1] INFO  server.RaftServerConfigKeys (ConfUtils.java:logGet(46)) - raft.server.rpc.timeout.max = 5200ms (custom)
2022-11-03 16:01:18,904 [pool-210-thread-1] INFO  server.RaftServerConfigKeys (ConfUtils.java:logGet(46)) - raft.server.rpc.sleep.time = 25ms (default)
2022-11-03 16:01:18,904 [pool-210-thread-1] INFO  server.RaftServerConfigKeys (ConfUtils.java:logGet(46)) - raft.server.rpc.slowness.timeout = 300s (custom)
2022-11-03 16:01:18,904 [pool-210-thread-1] INFO  server.RaftServerConfigKeys (ConfUtils.java:logGet(46)) - raft.server.leaderelection.leader.step-down.wait-time = 10s (default)
2022-11-03 16:01:18,904 [pool-210-thread-1] INFO  server.RaftServerConfigKeys (ConfUtils.java:logGet(46)) - raft.server.sleep.deviation.threshold = 300ms (default)
2022-11-03 16:01:18,904 [pool-210-thread-1] INFO  server.RaftServer$Division (ServerState.java:<init>(118)) - d878db48-ef46-44bf-ac98-cb2daa3cfd80@group-8A4815B43099: ConfigurationManager, init=-1: peers:[d878db48-ef46-44bf-ac98-cb2daa3cfd80|rpc:10.1.1.36:39321|priority:0|startupRole:FOLLOWER, b6bbe4ab-2937-401d-96b4-8acfa82ea187|rpc:10.1.1.36:37137|priority:0|startupRole:FOLLOWER, b412bf4c-8645-4ac9-920f-94e6c323f92a|rpc:10.1.1.36:37969|priority:1|startupRole:FOLLOWER]|listeners:[], old=null, confs=<EMPTY_MAP>
2022-11-03 16:01:18,904 [pool-210-thread-1] INFO  server.RaftServerConfigKeys (ConfUtils.java:logGet(46)) - raft.server.storage.dir = [/home/runner/work/ozone/ozone/hadoop-ozone/integration-test/target/test-dir/MiniOzoneClusterImpl-84bf62e0-a170-4695-9dd9-8848938f690d/datanode-6/data/ratis] (custom)
2022-11-03 16:01:18,904 [pool-210-thread-1] INFO  server.RaftServerConfigKeys (ConfUtils.java:logGet(46)) - raft.server.log.corruption.policy = EXCEPTION (default)
2022-11-03 16:01:18,904 [pool-210-thread-1] INFO  server.RaftServerConfigKeys (ConfUtils.java:logGet(46)) - raft.server.storage.free-space.min = 0MB (=0) (default)
2022-11-03 16:01:18,904 [pool-210-thread-1] INFO  server.RaftServerConfigKeys (ConfUtils.java:logGet(46)) - raft.server.notification.no-leader.timeout = 300s (custom)
2022-11-03 16:01:18,904 [pool-210-thread-1] INFO  server.RaftServerConfigKeys (ConfUtils.java:logGet(46)) - raft.server.retrycache.expirytime = 600000ms (custom)
2022-11-03 16:01:18,904 [pool-210-thread-1] INFO  server.RaftServerConfigKeys (ConfUtils.java:logGet(46)) - raft.server.retrycache.statistics.expirytime = 100μs (default)
2022-11-03 16:01:18,905 [pool-210-thread-1] INFO  server.RaftServerConfigKeys (ConfUtils.java:logGet(46)) - raft.server.log.appender.install.snapshot.enabled = false (custom)
2022-11-03 16:01:18,905 [pool-210-thread-1] INFO  server.RaftServerConfigKeys (ConfUtils.java:logGet(46)) - raft.server.threadpool.server.cached = true (default)
2022-11-03 16:01:18,905 [pool-210-thread-1] INFO  server.RaftServerConfigKeys (ConfUtils.java:logGet(46)) - raft.server.threadpool.server.size = 0 (default)
2022-11-03 16:01:18,906 [pool-210-thread-1] INFO  server.RaftServerConfigKeys (ConfUtils.java:logGet(46)) - raft.server.threadpool.client.cached = true (default)
2022-11-03 16:01:18,906 [pool-210-thread-1] INFO  server.RaftServerConfigKeys (ConfUtils.java:logGet(46)) - raft.server.threadpool.client.size = 0 (default)
2022-11-03 16:01:18,906 [pool-210-thread-1] INFO  storage.RaftStorageDirectory (RaftStorageDirectoryImpl.java:analyzeStorage(137)) - The storage directory /home/runner/work/ozone/ozone/hadoop-ozone/integration-test/target/test-dir/MiniOzoneClusterImpl-84bf62e0-a170-4695-9dd9-8848938f690d/datanode-6/data/ratis/96bdac19-5020-4b5d-bd54-8a4815b43099 does not exist. Creating ...
2022-11-03 16:01:18,906 [pool-210-thread-1] INFO  storage.RaftStorageDirectory (RaftStorageDirectoryImpl.java:tryLock(231)) - Lock on /home/runner/work/ozone/ozone/hadoop-ozone/integration-test/target/test-dir/MiniOzoneClusterImpl-84bf62e0-a170-4695-9dd9-8848938f690d/datanode-6/data/ratis/96bdac19-5020-4b5d-bd54-8a4815b43099/in_use.lock acquired by nodename 14715@fv-az47-358
2022-11-03 16:01:18,907 [pool-210-thread-1] INFO  storage.RaftStorage (RaftStorageImpl.java:format(96)) - Storage directory /home/runner/work/ozone/ozone/hadoop-ozone/integration-test/target/test-dir/MiniOzoneClusterImpl-84bf62e0-a170-4695-9dd9-8848938f690d/datanode-6/data/ratis/96bdac19-5020-4b5d-bd54-8a4815b43099 has been successfully formatted.
2022-11-03 16:01:18,908 [pool-210-thread-1] INFO  ratis.ContainerStateMachine (ContainerStateMachine.java:loadSnapshot(236)) - group-8A4815B43099: The snapshot info is null. Setting the last applied indexto:(t:0, i:~)
2022-11-03 16:01:18,909 [pool-210-thread-1] INFO  server.RaftServerConfigKeys (ConfUtils.java:logGet(46)) - raft.server.log.use.memory = false (default)
2022-11-03 16:01:18,909 [pool-210-thread-1] INFO  server.RaftServerConfigKeys (ConfUtils.java:logGet(46)) - raft.server.log.purge.gap = 1000000 (custom)
2022-11-03 16:01:18,909 [pool-210-thread-1] INFO  server.RaftServerConfigKeys (ConfUtils.java:logGet(46)) - raft.server.log.appender.buffer.byte-limit = 33554432 (custom)
2022-11-03 16:01:18,909 [pool-210-thread-1] INFO  server.RaftServerConfigKeys (ConfUtils.java:logGet(46)) - raft.server.log.statemachine.data.read.timeout = 1000ms (default)
2022-11-03 16:01:18,909 [pool-210-thread-1] INFO  server.RaftServerConfigKeys (ConfUtils.java:logGet(46)) - raft.server.log.purge.preservation.log.num = 0 (default)
2022-11-03 16:01:18,909 [pool-210-thread-1] INFO  server.RaftServerConfigKeys (ConfUtils.java:logGet(46)) - raft.server.log.segment.size.max = 1048576 (custom)
2022-11-03 16:01:18,909 [pool-210-thread-1] INFO  server.RaftServerConfigKeys (ConfUtils.java:logGet(46)) - raft.server.log.segment.cache.num.max = 2 (custom)
2022-11-03 16:01:18,909 [pool-210-thread-1] INFO  server.RaftServerConfigKeys (ConfUtils.java:logGet(46)) - raft.server.log.segment.cache.size.max = 200MB (=209715200) (default)
2022-11-03 16:01:18,909 [pool-210-thread-1] INFO  segmented.SegmentedRaftLogWorker (SegmentedRaftLogWorker.java:<init>(191)) - new d878db48-ef46-44bf-ac98-cb2daa3cfd80@group-8A4815B43099-SegmentedRaftLogWorker for RaftStorageImpl:Storage Directory /home/runner/work/ozone/ozone/hadoop-ozone/integration-test/target/test-dir/MiniOzoneClusterImpl-84bf62e0-a170-4695-9dd9-8848938f690d/datanode-6/data/ratis/96bdac19-5020-4b5d-bd54-8a4815b43099
2022-11-03 16:01:18,909 [pool-210-thread-1] INFO  server.RaftServerConfigKeys (ConfUtils.java:logGet(46)) - raft.server.log.queue.byte-limit = 4294967296 (custom)
2022-11-03 16:01:18,909 [EventQueue-OpenPipelineForHealthyPipelineSafeModeRule] INFO  safemode.SCMSafeModeManager (HealthyPipelineSafeModeRule.java:process(137)) - SCM in safe mode. Healthy pipelines reported count is 0, required healthy pipeline reported count is 1
2022-11-03 16:01:18,910 [pool-210-thread-1] INFO  server.RaftServerConfigKeys (ConfUtils.java:logGet(46)) - raft.server.log.queue.element-limit = 1024 (custom)
2022-11-03 16:01:18,911 [pool-210-thread-1] INFO  server.RaftServerConfigKeys (ConfUtils.java:logGet(46)) - raft.server.log.segment.size.max = 1048576 (custom)
2022-11-03 16:01:18,911 [pool-210-thread-1] INFO  server.RaftServerConfigKeys (ConfUtils.java:logGet(46)) - raft.server.log.preallocated.size = 16384 (custom)
2022-11-03 16:01:18,911 [pool-210-thread-1] INFO  server.RaftServerConfigKeys (ConfUtils.java:logGet(46)) - raft.server.log.force.sync.num = 128 (default)
2022-11-03 16:01:18,911 [pool-210-thread-1] INFO  server.RaftServerConfigKeys (ConfUtils.java:logGet(46)) - raft.server.log.statemachine.data.sync = true (default)
2022-11-03 16:01:18,911 [pool-210-thread-1] INFO  server.RaftServerConfigKeys (ConfUtils.java:logGet(46)) - raft.server.log.statemachine.data.sync.timeout = 10s (default)
2022-11-03 16:01:18,911 [pool-210-thread-1] INFO  server.RaftServerConfigKeys (ConfUtils.java:logGet(46)) - raft.server.log.statemachine.data.sync.timeout.retry = -1 (default)
2022-11-03 16:01:18,912 [pool-210-thread-1] INFO  server.RaftServerConfigKeys (ConfUtils.java:logGet(46)) - raft.server.log.write.buffer.size = 1048576 (custom)
2022-11-03 16:01:18,912 [pool-210-thread-1] INFO  server.RaftServerConfigKeys (ConfUtils.java:logGet(46)) - raft.server.log.unsafe-flush.enabled = false (default)
2022-11-03 16:01:18,912 [pool-210-thread-1] INFO  server.RaftServerConfigKeys (ConfUtils.java:logGet(46)) - raft.server.log.async-flush.enabled = false (default)
2022-11-03 16:01:18,912 [pool-210-thread-1] INFO  server.RaftServerConfigKeys (ConfUtils.java:logGet(46)) - raft.server.log.statemachine.data.caching.enabled = true (custom)
2022-11-03 16:01:18,913 [pool-210-thread-1] INFO  segmented.SegmentedRaftLogWorker (SegmentedRaftLogWorker.java:lambda$new$0(136)) - d878db48-ef46-44bf-ac98-cb2daa3cfd80@group-8A4815B43099-SegmentedRaftLogWorker: flushIndex: setUnconditionally 0 -> -1
2022-11-03 16:01:18,913 [pool-210-thread-1] INFO  segmented.SegmentedRaftLogWorker (SegmentedRaftLogWorker.java:lambda$new$0(136)) - d878db48-ef46-44bf-ac98-cb2daa3cfd80@group-8A4815B43099-SegmentedRaftLogWorker: safeCacheEvictIndex: setUnconditionally 0 -> -1
2022-11-03 16:01:18,919 [pool-210-thread-1] INFO  server.RaftServer$Division (RaftServerImpl.java:start(334)) - d878db48-ef46-44bf-ac98-cb2daa3cfd80@group-8A4815B43099: start as a follower, conf=-1: peers:[d878db48-ef46-44bf-ac98-cb2daa3cfd80|rpc:10.1.1.36:39321|priority:0|startupRole:FOLLOWER, b6bbe4ab-2937-401d-96b4-8acfa82ea187|rpc:10.1.1.36:37137|priority:0|startupRole:FOLLOWER, b412bf4c-8645-4ac9-920f-94e6c323f92a|rpc:10.1.1.36:37969|priority:1|startupRole:FOLLOWER]|listeners:[], old=null
2022-11-03 16:01:18,919 [pool-210-thread-1] INFO  server.RaftServer$Division (RaftServerImpl.java:setRole(321)) - d878db48-ef46-44bf-ac98-cb2daa3cfd80@group-8A4815B43099: changes role from      null to FOLLOWER at term 0 for startAsFollower
2022-11-03 16:01:18,919 [pool-210-thread-1] INFO  impl.RoleInfo (RoleInfo.java:updateAndGet(139)) - d878db48-ef46-44bf-ac98-cb2daa3cfd80: start d878db48-ef46-44bf-ac98-cb2daa3cfd80@group-8A4815B43099-FollowerState
2022-11-03 16:01:18,919 [pool-210-thread-1] INFO  util.JmxRegister (JmxRegister.java:tryRegister(44)) - Successfully registered JMX Bean with object name Ratis:service=RaftServer,group=group-8A4815B43099,id=d878db48-ef46-44bf-ac98-cb2daa3cfd80
2022-11-03 16:01:18,920 [pool-210-thread-1] INFO  server.RaftServerConfigKeys (ConfUtils.java:logGet(46)) - raft.server.snapshot.auto.trigger.enabled = true (custom)
2022-11-03 16:01:18,920 [pool-210-thread-1] INFO  server.RaftServerConfigKeys (ConfUtils.java:logGet(46)) - raft.server.snapshot.auto.trigger.threshold = 10000 (custom)
2022-11-03 16:01:18,920 [pool-210-thread-1] INFO  server.RaftServerConfigKeys (ConfUtils.java:logGet(46)) - raft.server.snapshot.retention.file.num = 5 (custom)
2022-11-03 16:01:18,920 [pool-210-thread-1] INFO  server.RaftServerConfigKeys (ConfUtils.java:logGet(46)) - raft.server.log.purge.upto.snapshot.index = false (default)
2022-11-03 16:01:18,920 [d878db48-ef46-44bf-ac98-cb2daa3cfd80@group-8A4815B43099-FollowerState] INFO  server.RaftServerConfigKeys (ConfUtils.java:logFallback(53)) - raft.server.rpc.first-election.timeout.min = 5s (fallback to raft.server.rpc.timeout.min)
2022-11-03 16:01:18,920 [d878db48-ef46-44bf-ac98-cb2daa3cfd80@group-8A4815B43099-FollowerState] INFO  server.RaftServerConfigKeys (ConfUtils.java:logFallback(53)) - raft.server.rpc.first-election.timeout.max = 5200ms (fallback to raft.server.rpc.timeout.max)
2022-11-03 16:01:18,924 [Command processor thread] INFO  ratis.XceiverServerRatis (XceiverServerRatis.java:addGroup(765)) - Created group PipelineID=96bdac19-5020-4b5d-bd54-8a4815b43099
2022-11-03 16:01:18,935 [grpc-default-executor-0] INFO  server.RaftServer (RaftServerProxy.java:addNew(96)) - b412bf4c-8645-4ac9-920f-94e6c323f92a: addNew group-8A4815B43099:[d878db48-ef46-44bf-ac98-cb2daa3cfd80|rpc:10.1.1.36:39321|dataStream:|priority:0|startupRole:FOLLOWER, b6bbe4ab-2937-401d-96b4-8acfa82ea187|rpc:10.1.1.36:37137|dataStream:|priority:0|startupRole:FOLLOWER, b412bf4c-8645-4ac9-920f-94e6c323f92a|rpc:10.1.1.36:37969|dataStream:|priority:1|startupRole:FOLLOWER] returns group-8A4815B43099:java.util.concurrent.CompletableFuture@38adc0df[Not completed]
2022-11-03 16:01:18,936 [pool-237-thread-1] INFO  server.RaftServer$Division (RaftServerImpl.java:<init>(195)) - b412bf4c-8645-4ac9-920f-94e6c323f92a: new RaftServerImpl for group-8A4815B43099:[d878db48-ef46-44bf-ac98-cb2daa3cfd80|rpc:10.1.1.36:39321|dataStream:|priority:0|startupRole:FOLLOWER, b6bbe4ab-2937-401d-96b4-8acfa82ea187|rpc:10.1.1.36:37137|dataStream:|priority:0|startupRole:FOLLOWER, b412bf4c-8645-4ac9-920f-94e6c323f92a|rpc:10.1.1.36:37969|dataStream:|priority:1|startupRole:FOLLOWER] with ContainerStateMachine:uninitialized
2022-11-03 16:01:18,936 [pool-237-thread-1] INFO  server.RaftServerConfigKeys (ConfUtils.java:logGet(46)) - raft.server.rpc.timeout.min = 5s (custom)
2022-11-03 16:01:18,936 [pool-237-thread-1] INFO  server.RaftServerConfigKeys (ConfUtils.java:logGet(46)) - raft.server.rpc.timeout.max = 5200ms (custom)
2022-11-03 16:01:18,936 [pool-237-thread-1] INFO  server.RaftServerConfigKeys (ConfUtils.java:logGet(46)) - raft.server.rpc.sleep.time = 25ms (default)
2022-11-03 16:01:18,936 [pool-237-thread-1] INFO  server.RaftServerConfigKeys (ConfUtils.java:logGet(46)) - raft.server.rpc.slowness.timeout = 300s (custom)
2022-11-03 16:01:18,936 [pool-237-thread-1] INFO  server.RaftServerConfigKeys (ConfUtils.java:logGet(46)) - raft.server.leaderelection.leader.step-down.wait-time = 10s (default)
2022-11-03 16:01:18,936 [pool-237-thread-1] INFO  server.RaftServerConfigKeys (ConfUtils.java:logGet(46)) - raft.server.sleep.deviation.threshold = 300ms (default)
2022-11-03 16:01:18,936 [pool-237-thread-1] INFO  server.RaftServer$Division (ServerState.java:<init>(118)) - b412bf4c-8645-4ac9-920f-94e6c323f92a@group-8A4815B43099: ConfigurationManager, init=-1: peers:[d878db48-ef46-44bf-ac98-cb2daa3cfd80|rpc:10.1.1.36:39321|dataStream:|priority:0|startupRole:FOLLOWER, b6bbe4ab-2937-401d-96b4-8acfa82ea187|rpc:10.1.1.36:37137|dataStream:|priority:0|startupRole:FOLLOWER, b412bf4c-8645-4ac9-920f-94e6c323f92a|rpc:10.1.1.36:37969|dataStream:|priority:1|startupRole:FOLLOWER]|listeners:[], old=null, confs=<EMPTY_MAP>
2022-11-03 16:01:18,936 [pool-237-thread-1] INFO  server.RaftServerConfigKeys (ConfUtils.java:logGet(46)) - raft.server.storage.dir = [/home/runner/work/ozone/ozone/hadoop-ozone/integration-test/target/test-dir/MiniOzoneClusterImpl-84bf62e0-a170-4695-9dd9-8848938f690d/datanode-7/data/ratis] (custom)
2022-11-03 16:01:18,936 [pool-237-thread-1] INFO  server.RaftServerConfigKeys (ConfUtils.java:logGet(46)) - raft.server.log.corruption.policy = EXCEPTION (default)
2022-11-03 16:01:18,936 [pool-237-thread-1] INFO  server.RaftServerConfigKeys (ConfUtils.java:logGet(46)) - raft.server.storage.free-space.min = 0MB (=0) (default)
2022-11-03 16:01:18,936 [pool-237-thread-1] INFO  server.RaftServerConfigKeys (ConfUtils.java:logGet(46)) - raft.server.notification.no-leader.timeout = 300s (custom)
2022-11-03 16:01:18,937 [pool-237-thread-1] INFO  server.RaftServerConfigKeys (ConfUtils.java:logGet(46)) - raft.server.retrycache.expirytime = 600000ms (custom)
2022-11-03 16:01:18,937 [pool-237-thread-1] INFO  server.RaftServerConfigKeys (ConfUtils.java:logGet(46)) - raft.server.retrycache.statistics.expirytime = 100μs (default)
2022-11-03 16:01:18,938 [pool-237-thread-1] INFO  server.RaftServerConfigKeys (ConfUtils.java:logGet(46)) - raft.server.log.appender.install.snapshot.enabled = false (custom)
2022-11-03 16:01:18,938 [pool-237-thread-1] INFO  server.RaftServerConfigKeys (ConfUtils.java:logGet(46)) - raft.server.threadpool.server.cached = true (default)
2022-11-03 16:01:18,938 [pool-237-thread-1] INFO  server.RaftServerConfigKeys (ConfUtils.java:logGet(46)) - raft.server.threadpool.server.size = 0 (default)
2022-11-03 16:01:18,938 [pool-237-thread-1] INFO  server.RaftServerConfigKeys (ConfUtils.java:logGet(46)) - raft.server.threadpool.client.cached = true (default)
2022-11-03 16:01:18,938 [pool-237-thread-1] INFO  server.RaftServerConfigKeys (ConfUtils.java:logGet(46)) - raft.server.threadpool.client.size = 0 (default)
2022-11-03 16:01:18,938 [pool-237-thread-1] INFO  storage.RaftStorageDirectory (RaftStorageDirectoryImpl.java:analyzeStorage(137)) - The storage directory /home/runner/work/ozone/ozone/hadoop-ozone/integration-test/target/test-dir/MiniOzoneClusterImpl-84bf62e0-a170-4695-9dd9-8848938f690d/datanode-7/data/ratis/96bdac19-5020-4b5d-bd54-8a4815b43099 does not exist. Creating ...
2022-11-03 16:01:18,939 [pool-237-thread-1] INFO  storage.RaftStorageDirectory (RaftStorageDirectoryImpl.java:tryLock(231)) - Lock on /home/runner/work/ozone/ozone/hadoop-ozone/integration-test/target/test-dir/MiniOzoneClusterImpl-84bf62e0-a170-4695-9dd9-8848938f690d/datanode-7/data/ratis/96bdac19-5020-4b5d-bd54-8a4815b43099/in_use.lock acquired by nodename 14715@fv-az47-358
2022-11-03 16:01:18,940 [pool-237-thread-1] INFO  storage.RaftStorage (RaftStorageImpl.java:format(96)) - Storage directory /home/runner/work/ozone/ozone/hadoop-ozone/integration-test/target/test-dir/MiniOzoneClusterImpl-84bf62e0-a170-4695-9dd9-8848938f690d/datanode-7/data/ratis/96bdac19-5020-4b5d-bd54-8a4815b43099 has been successfully formatted.
2022-11-03 16:01:18,941 [pool-237-thread-1] INFO  ratis.ContainerStateMachine (ContainerStateMachine.java:loadSnapshot(236)) - group-8A4815B43099: The snapshot info is null. Setting the last applied indexto:(t:0, i:~)
2022-11-03 16:01:18,942 [pool-237-thread-1] INFO  server.RaftServerConfigKeys (ConfUtils.java:logGet(46)) - raft.server.log.use.memory = false (default)
2022-11-03 16:01:18,942 [pool-237-thread-1] INFO  server.RaftServerConfigKeys (ConfUtils.java:logGet(46)) - raft.server.log.purge.gap = 1000000 (custom)
2022-11-03 16:01:18,942 [pool-237-thread-1] INFO  server.RaftServerConfigKeys (ConfUtils.java:logGet(46)) - raft.server.log.appender.buffer.byte-limit = 33554432 (custom)
2022-11-03 16:01:18,942 [pool-237-thread-1] INFO  server.RaftServerConfigKeys (ConfUtils.java:logGet(46)) - raft.server.log.statemachine.data.read.timeout = 1000ms (default)
2022-11-03 16:01:18,942 [pool-237-thread-1] INFO  server.RaftServerConfigKeys (ConfUtils.java:logGet(46)) - raft.server.log.purge.preservation.log.num = 0 (default)
2022-11-03 16:01:18,942 [pool-237-thread-1] INFO  server.RaftServerConfigKeys (ConfUtils.java:logGet(46)) - raft.server.log.segment.size.max = 1048576 (custom)
2022-11-03 16:01:18,942 [pool-237-thread-1] INFO  server.RaftServerConfigKeys (ConfUtils.java:logGet(46)) - raft.server.log.segment.cache.num.max = 2 (custom)
2022-11-03 16:01:18,943 [pool-237-thread-1] INFO  server.RaftServerConfigKeys (ConfUtils.java:logGet(46)) - raft.server.log.segment.cache.size.max = 200MB (=209715200) (default)
2022-11-03 16:01:18,943 [pool-237-thread-1] INFO  segmented.SegmentedRaftLogWorker (SegmentedRaftLogWorker.java:<init>(191)) - new b412bf4c-8645-4ac9-920f-94e6c323f92a@group-8A4815B43099-SegmentedRaftLogWorker for RaftStorageImpl:Storage Directory /home/runner/work/ozone/ozone/hadoop-ozone/integration-test/target/test-dir/MiniOzoneClusterImpl-84bf62e0-a170-4695-9dd9-8848938f690d/datanode-7/data/ratis/96bdac19-5020-4b5d-bd54-8a4815b43099
2022-11-03 16:01:18,943 [pool-237-thread-1] INFO  server.RaftServerConfigKeys (ConfUtils.java:logGet(46)) - raft.server.log.queue.byte-limit = 4294967296 (custom)
2022-11-03 16:01:18,943 [pool-237-thread-1] INFO  server.RaftServerConfigKeys (ConfUtils.java:logGet(46)) - raft.server.log.queue.element-limit = 1024 (custom)
2022-11-03 16:01:18,943 [pool-237-thread-1] INFO  server.RaftServerConfigKeys (ConfUtils.java:logGet(46)) - raft.server.log.segment.size.max = 1048576 (custom)
2022-11-03 16:01:18,943 [pool-237-thread-1] INFO  server.RaftServerConfigKeys (ConfUtils.java:logGet(46)) - raft.server.log.preallocated.size = 16384 (custom)
2022-11-03 16:01:18,943 [pool-237-thread-1] INFO  server.RaftServerConfigKeys (ConfUtils.java:logGet(46)) - raft.server.log.force.sync.num = 128 (default)
2022-11-03 16:01:18,943 [pool-237-thread-1] INFO  server.RaftServerConfigKeys (ConfUtils.java:logGet(46)) - raft.server.log.statemachine.data.sync = true (default)
2022-11-03 16:01:18,943 [pool-237-thread-1] INFO  server.RaftServerConfigKeys (ConfUtils.java:logGet(46)) - raft.server.log.statemachine.data.sync.timeout = 10s (default)
2022-11-03 16:01:18,943 [pool-237-thread-1] INFO  server.RaftServerConfigKeys (ConfUtils.java:logGet(46)) - raft.server.log.statemachine.data.sync.timeout.retry = -1 (default)
2022-11-03 16:01:18,944 [pool-237-thread-1] INFO  server.RaftServerConfigKeys (ConfUtils.java:logGet(46)) - raft.server.log.write.buffer.size = 1048576 (custom)
2022-11-03 16:01:18,944 [pool-237-thread-1] INFO  server.RaftServerConfigKeys (ConfUtils.java:logGet(46)) - raft.server.log.unsafe-flush.enabled = false (default)
2022-11-03 16:01:18,944 [pool-237-thread-1] INFO  server.RaftServerConfigKeys (ConfUtils.java:logGet(46)) - raft.server.log.async-flush.enabled = false (default)
2022-11-03 16:01:18,945 [pool-237-thread-1] INFO  server.RaftServerConfigKeys (ConfUtils.java:logGet(46)) - raft.server.log.statemachine.data.caching.enabled = true (custom)
2022-11-03 16:01:18,945 [pool-237-thread-1] INFO  segmented.SegmentedRaftLogWorker (SegmentedRaftLogWorker.java:lambda$new$0(136)) - b412bf4c-8645-4ac9-920f-94e6c323f92a@group-8A4815B43099-SegmentedRaftLogWorker: flushIndex: setUnconditionally 0 -> -1
2022-11-03 16:01:18,945 [pool-237-thread-1] INFO  segmented.SegmentedRaftLogWorker (SegmentedRaftLogWorker.java:lambda$new$0(136)) - b412bf4c-8645-4ac9-920f-94e6c323f92a@group-8A4815B43099-SegmentedRaftLogWorker: safeCacheEvictIndex: setUnconditionally 0 -> -1
2022-11-03 16:01:18,945 [pool-237-thread-1] INFO  server.RaftServer$Division (RaftServerImpl.java:start(334)) - b412bf4c-8645-4ac9-920f-94e6c323f92a@group-8A4815B43099: start as a follower, conf=-1: peers:[d878db48-ef46-44bf-ac98-cb2daa3cfd80|rpc:10.1.1.36:39321|dataStream:|priority:0|startupRole:FOLLOWER, b6bbe4ab-2937-401d-96b4-8acfa82ea187|rpc:10.1.1.36:37137|dataStream:|priority:0|startupRole:FOLLOWER, b412bf4c-8645-4ac9-920f-94e6c323f92a|rpc:10.1.1.36:37969|dataStream:|priority:1|startupRole:FOLLOWER]|listeners:[], old=null
2022-11-03 16:01:18,945 [pool-237-thread-1] INFO  server.RaftServer$Division (RaftServerImpl.java:setRole(321)) - b412bf4c-8645-4ac9-920f-94e6c323f92a@group-8A4815B43099: changes role from      null to FOLLOWER at term 0 for startAsFollower
2022-11-03 16:01:18,945 [pool-237-thread-1] INFO  impl.RoleInfo (RoleInfo.java:updateAndGet(139)) - b412bf4c-8645-4ac9-920f-94e6c323f92a: start b412bf4c-8645-4ac9-920f-94e6c323f92a@group-8A4815B43099-FollowerState
2022-11-03 16:01:18,945 [pool-237-thread-1] INFO  util.JmxRegister (JmxRegister.java:tryRegister(44)) - Successfully registered JMX Bean with object name Ratis:service=RaftServer,group=group-8A4815B43099,id=b412bf4c-8645-4ac9-920f-94e6c323f92a
2022-11-03 16:01:18,945 [pool-237-thread-1] INFO  server.RaftServerConfigKeys (ConfUtils.java:logGet(46)) - raft.server.snapshot.auto.trigger.enabled = true (custom)
2022-11-03 16:01:18,946 [pool-237-thread-1] INFO  server.RaftServerConfigKeys (ConfUtils.java:logGet(46)) - raft.server.snapshot.auto.trigger.threshold = 10000 (custom)
2022-11-03 16:01:18,946 [pool-237-thread-1] INFO  server.RaftServerConfigKeys (ConfUtils.java:logGet(46)) - raft.server.snapshot.retention.file.num = 5 (custom)
2022-11-03 16:01:18,946 [pool-237-thread-1] INFO  server.RaftServerConfigKeys (ConfUtils.java:logGet(46)) - raft.server.log.purge.upto.snapshot.index = false (default)
2022-11-03 16:01:18,946 [b412bf4c-8645-4ac9-920f-94e6c323f92a@group-8A4815B43099-FollowerState] INFO  server.RaftServerConfigKeys (ConfUtils.java:logFallback(53)) - raft.server.rpc.first-election.timeout.min = 5s (fallback to raft.server.rpc.timeout.min)
2022-11-03 16:01:18,953 [b412bf4c-8645-4ac9-920f-94e6c323f92a@group-8A4815B43099-FollowerState] INFO  server.RaftServerConfigKeys (ConfUtils.java:logFallback(53)) - raft.server.rpc.first-election.timeout.max = 5200ms (fallback to raft.server.rpc.timeout.max)
2022-11-03 16:01:18,966 [grpc-default-executor-0] INFO  server.RaftServer (RaftServerProxy.java:addNew(96)) - b6bbe4ab-2937-401d-96b4-8acfa82ea187: addNew group-8A4815B43099:[d878db48-ef46-44bf-ac98-cb2daa3cfd80|rpc:10.1.1.36:39321|dataStream:|priority:0|startupRole:FOLLOWER, b6bbe4ab-2937-401d-96b4-8acfa82ea187|rpc:10.1.1.36:37137|dataStream:|priority:0|startupRole:FOLLOWER, b412bf4c-8645-4ac9-920f-94e6c323f92a|rpc:10.1.1.36:37969|dataStream:|priority:1|startupRole:FOLLOWER] returns group-8A4815B43099:java.util.concurrent.CompletableFuture@4e11bcee[Not completed]
2022-11-03 16:01:18,967 [pool-264-thread-1] INFO  server.RaftServer$Division (RaftServerImpl.java:<init>(195)) - b6bbe4ab-2937-401d-96b4-8acfa82ea187: new RaftServerImpl for group-8A4815B43099:[d878db48-ef46-44bf-ac98-cb2daa3cfd80|rpc:10.1.1.36:39321|dataStream:|priority:0|startupRole:FOLLOWER, b6bbe4ab-2937-401d-96b4-8acfa82ea187|rpc:10.1.1.36:37137|dataStream:|priority:0|startupRole:FOLLOWER, b412bf4c-8645-4ac9-920f-94e6c323f92a|rpc:10.1.1.36:37969|dataStream:|priority:1|startupRole:FOLLOWER] with ContainerStateMachine:uninitialized
2022-11-03 16:01:18,967 [pool-264-thread-1] INFO  server.RaftServerConfigKeys (ConfUtils.java:logGet(46)) - raft.server.rpc.timeout.min = 5s (custom)
2022-11-03 16:01:18,967 [pool-264-thread-1] INFO  server.RaftServerConfigKeys (ConfUtils.java:logGet(46)) - raft.server.rpc.timeout.max = 5200ms (custom)
2022-11-03 16:01:18,967 [pool-264-thread-1] INFO  server.RaftServerConfigKeys (ConfUtils.java:logGet(46)) - raft.server.rpc.sleep.time = 25ms (default)
2022-11-03 16:01:18,967 [pool-264-thread-1] INFO  server.RaftServerConfigKeys (ConfUtils.java:logGet(46)) - raft.server.rpc.slowness.timeout = 300s (custom)
2022-11-03 16:01:18,967 [pool-264-thread-1] INFO  server.RaftServerConfigKeys (ConfUtils.java:logGet(46)) - raft.server.leaderelection.leader.step-down.wait-time = 10s (default)
2022-11-03 16:01:18,967 [pool-264-thread-1] INFO  server.RaftServerConfigKeys (ConfUtils.java:logGet(46)) - raft.server.sleep.deviation.threshold = 300ms (default)
2022-11-03 16:01:18,967 [pool-264-thread-1] INFO  server.RaftServer$Division (ServerState.java:<init>(118)) - b6bbe4ab-2937-401d-96b4-8acfa82ea187@group-8A4815B43099: ConfigurationManager, init=-1: peers:[d878db48-ef46-44bf-ac98-cb2daa3cfd80|rpc:10.1.1.36:39321|dataStream:|priority:0|startupRole:FOLLOWER, b6bbe4ab-2937-401d-96b4-8acfa82ea187|rpc:10.1.1.36:37137|dataStream:|priority:0|startupRole:FOLLOWER, b412bf4c-8645-4ac9-920f-94e6c323f92a|rpc:10.1.1.36:37969|dataStream:|priority:1|startupRole:FOLLOWER]|listeners:[], old=null, confs=<EMPTY_MAP>
2022-11-03 16:01:18,967 [pool-264-thread-1] INFO  server.RaftServerConfigKeys (ConfUtils.java:logGet(46)) - raft.server.storage.dir = [/home/runner/work/ozone/ozone/hadoop-ozone/integration-test/target/test-dir/MiniOzoneClusterImpl-84bf62e0-a170-4695-9dd9-8848938f690d/datanode-8/data/ratis] (custom)
2022-11-03 16:01:18,968 [pool-264-thread-1] INFO  server.RaftServerConfigKeys (ConfUtils.java:logGet(46)) - raft.server.log.corruption.policy = EXCEPTION (default)
2022-11-03 16:01:18,968 [pool-264-thread-1] INFO  server.RaftServerConfigKeys (ConfUtils.java:logGet(46)) - raft.server.storage.free-space.min = 0MB (=0) (default)
2022-11-03 16:01:18,968 [pool-264-thread-1] INFO  server.RaftServerConfigKeys (ConfUtils.java:logGet(46)) - raft.server.notification.no-leader.timeout = 300s (custom)
2022-11-03 16:01:18,968 [pool-264-thread-1] INFO  server.RaftServerConfigKeys (ConfUtils.java:logGet(46)) - raft.server.retrycache.expirytime = 600000ms (custom)
2022-11-03 16:01:18,968 [pool-264-thread-1] INFO  server.RaftServerConfigKeys (ConfUtils.java:logGet(46)) - raft.server.retrycache.statistics.expirytime = 100μs (default)
2022-11-03 16:01:18,969 [pool-264-thread-1] INFO  server.RaftServerConfigKeys (ConfUtils.java:logGet(46)) - raft.server.log.appender.install.snapshot.enabled = false (custom)
2022-11-03 16:01:18,969 [pool-264-thread-1] INFO  server.RaftServerConfigKeys (ConfUtils.java:logGet(46)) - raft.server.threadpool.server.cached = true (default)
2022-11-03 16:01:18,969 [pool-264-thread-1] INFO  server.RaftServerConfigKeys (ConfUtils.java:logGet(46)) - raft.server.threadpool.server.size = 0 (default)
2022-11-03 16:01:18,969 [pool-264-thread-1] INFO  server.RaftServerConfigKeys (ConfUtils.java:logGet(46)) - raft.server.threadpool.client.cached = true (default)
2022-11-03 16:01:18,969 [pool-264-thread-1] INFO  server.RaftServerConfigKeys (ConfUtils.java:logGet(46)) - raft.server.threadpool.client.size = 0 (default)
2022-11-03 16:01:18,969 [pool-264-thread-1] INFO  storage.RaftStorageDirectory (RaftStorageDirectoryImpl.java:analyzeStorage(137)) - The storage directory /home/runner/work/ozone/ozone/hadoop-ozone/integration-test/target/test-dir/MiniOzoneClusterImpl-84bf62e0-a170-4695-9dd9-8848938f690d/datanode-8/data/ratis/96bdac19-5020-4b5d-bd54-8a4815b43099 does not exist. Creating ...
2022-11-03 16:01:18,970 [pool-264-thread-1] INFO  storage.RaftStorageDirectory (RaftStorageDirectoryImpl.java:tryLock(231)) - Lock on /home/runner/work/ozone/ozone/hadoop-ozone/integration-test/target/test-dir/MiniOzoneClusterImpl-84bf62e0-a170-4695-9dd9-8848938f690d/datanode-8/data/ratis/96bdac19-5020-4b5d-bd54-8a4815b43099/in_use.lock acquired by nodename 14715@fv-az47-358
2022-11-03 16:01:18,971 [pool-264-thread-1] INFO  storage.RaftStorage (RaftStorageImpl.java:format(96)) - Storage directory /home/runner/work/ozone/ozone/hadoop-ozone/integration-test/target/test-dir/MiniOzoneClusterImpl-84bf62e0-a170-4695-9dd9-8848938f690d/datanode-8/data/ratis/96bdac19-5020-4b5d-bd54-8a4815b43099 has been successfully formatted.
2022-11-03 16:01:18,972 [pool-264-thread-1] INFO  ratis.ContainerStateMachine (ContainerStateMachine.java:loadSnapshot(236)) - group-8A4815B43099: The snapshot info is null. Setting the last applied indexto:(t:0, i:~)
2022-11-03 16:01:18,972 [pool-264-thread-1] INFO  server.RaftServerConfigKeys (ConfUtils.java:logGet(46)) - raft.server.log.use.memory = false (default)
2022-11-03 16:01:18,972 [pool-264-thread-1] INFO  server.RaftServerConfigKeys (ConfUtils.java:logGet(46)) - raft.server.log.purge.gap = 1000000 (custom)
2022-11-03 16:01:18,972 [pool-264-thread-1] INFO  server.RaftServerConfigKeys (ConfUtils.java:logGet(46)) - raft.server.log.appender.buffer.byte-limit = 33554432 (custom)
2022-11-03 16:01:18,972 [pool-264-thread-1] INFO  server.RaftServerConfigKeys (ConfUtils.java:logGet(46)) - raft.server.log.statemachine.data.read.timeout = 1000ms (default)
2022-11-03 16:01:18,972 [pool-264-thread-1] INFO  server.RaftServerConfigKeys (ConfUtils.java:logGet(46)) - raft.server.log.purge.preservation.log.num = 0 (default)
2022-11-03 16:01:18,973 [pool-264-thread-1] INFO  server.RaftServerConfigKeys (ConfUtils.java:logGet(46)) - raft.server.log.segment.size.max = 1048576 (custom)
2022-11-03 16:01:18,973 [pool-264-thread-1] INFO  server.RaftServerConfigKeys (ConfUtils.java:logGet(46)) - raft.server.log.segment.cache.num.max = 2 (custom)
2022-11-03 16:01:18,973 [pool-264-thread-1] INFO  server.RaftServerConfigKeys (ConfUtils.java:logGet(46)) - raft.server.log.segment.cache.size.max = 200MB (=209715200) (default)
2022-11-03 16:01:18,974 [pool-264-thread-1] INFO  segmented.SegmentedRaftLogWorker (SegmentedRaftLogWorker.java:<init>(191)) - new b6bbe4ab-2937-401d-96b4-8acfa82ea187@group-8A4815B43099-SegmentedRaftLogWorker for RaftStorageImpl:Storage Directory /home/runner/work/ozone/ozone/hadoop-ozone/integration-test/target/test-dir/MiniOzoneClusterImpl-84bf62e0-a170-4695-9dd9-8848938f690d/datanode-8/data/ratis/96bdac19-5020-4b5d-bd54-8a4815b43099
2022-11-03 16:01:18,974 [pool-264-thread-1] INFO  server.RaftServerConfigKeys (ConfUtils.java:logGet(46)) - raft.server.log.queue.byte-limit = 4294967296 (custom)
2022-11-03 16:01:18,974 [pool-264-thread-1] INFO  server.RaftServerConfigKeys (ConfUtils.java:logGet(46)) - raft.server.log.queue.element-limit = 1024 (custom)
2022-11-03 16:01:18,974 [pool-264-thread-1] INFO  server.RaftServerConfigKeys (ConfUtils.java:logGet(46)) - raft.server.log.segment.size.max = 1048576 (custom)
2022-11-03 16:01:18,974 [pool-264-thread-1] INFO  server.RaftServerConfigKeys (ConfUtils.java:logGet(46)) - raft.server.log.preallocated.size = 16384 (custom)
2022-11-03 16:01:18,974 [pool-264-thread-1] INFO  server.RaftServerConfigKeys (ConfUtils.java:logGet(46)) - raft.server.log.force.sync.num = 128 (default)
2022-11-03 16:01:18,974 [pool-264-thread-1] INFO  server.RaftServerConfigKeys (ConfUtils.java:logGet(46)) - raft.server.log.statemachine.data.sync = true (default)
2022-11-03 16:01:18,974 [pool-264-thread-1] INFO  server.RaftServerConfigKeys (ConfUtils.java:logGet(46)) - raft.server.log.statemachine.data.sync.timeout = 10s (default)
2022-11-03 16:01:18,974 [pool-264-thread-1] INFO  server.RaftServerConfigKeys (ConfUtils.java:logGet(46)) - raft.server.log.statemachine.data.sync.timeout.retry = -1 (default)
2022-11-03 16:01:18,975 [pool-264-thread-1] INFO  server.RaftServerConfigKeys (ConfUtils.java:logGet(46)) - raft.server.log.write.buffer.size = 1048576 (custom)
2022-11-03 16:01:18,975 [pool-264-thread-1] INFO  server.RaftServerConfigKeys (ConfUtils.java:logGet(46)) - raft.server.log.unsafe-flush.enabled = false (default)
2022-11-03 16:01:18,975 [pool-264-thread-1] INFO  server.RaftServerConfigKeys (ConfUtils.java:logGet(46)) - raft.server.log.async-flush.enabled = false (default)
2022-11-03 16:01:18,975 [pool-264-thread-1] INFO  server.RaftServerConfigKeys (ConfUtils.java:logGet(46)) - raft.server.log.statemachine.data.caching.enabled = true (custom)
2022-11-03 16:01:18,976 [pool-264-thread-1] INFO  segmented.SegmentedRaftLogWorker (SegmentedRaftLogWorker.java:lambda$new$0(136)) - b6bbe4ab-2937-401d-96b4-8acfa82ea187@group-8A4815B43099-SegmentedRaftLogWorker: flushIndex: setUnconditionally 0 -> -1
2022-11-03 16:01:18,976 [pool-264-thread-1] INFO  segmented.SegmentedRaftLogWorker (SegmentedRaftLogWorker.java:lambda$new$0(136)) - b6bbe4ab-2937-401d-96b4-8acfa82ea187@group-8A4815B43099-SegmentedRaftLogWorker: safeCacheEvictIndex: setUnconditionally 0 -> -1
2022-11-03 16:01:18,976 [pool-264-thread-1] INFO  server.RaftServer$Division (RaftServerImpl.java:start(334)) - b6bbe4ab-2937-401d-96b4-8acfa82ea187@group-8A4815B43099: start as a follower, conf=-1: peers:[d878db48-ef46-44bf-ac98-cb2daa3cfd80|rpc:10.1.1.36:39321|dataStream:|priority:0|startupRole:FOLLOWER, b6bbe4ab-2937-401d-96b4-8acfa82ea187|rpc:10.1.1.36:37137|dataStream:|priority:0|startupRole:FOLLOWER, b412bf4c-8645-4ac9-920f-94e6c323f92a|rpc:10.1.1.36:37969|dataStream:|priority:1|startupRole:FOLLOWER]|listeners:[], old=null
2022-11-03 16:01:18,976 [pool-264-thread-1] INFO  server.RaftServer$Division (RaftServerImpl.java:setRole(321)) - b6bbe4ab-2937-401d-96b4-8acfa82ea187@group-8A4815B43099: changes role from      null to FOLLOWER at term 0 for startAsFollower
2022-11-03 16:01:18,976 [pool-264-thread-1] INFO  impl.RoleInfo (RoleInfo.java:updateAndGet(139)) - b6bbe4ab-2937-401d-96b4-8acfa82ea187: start b6bbe4ab-2937-401d-96b4-8acfa82ea187@group-8A4815B43099-FollowerState
2022-11-03 16:01:18,979 [pool-264-thread-1] INFO  util.JmxRegister (JmxRegister.java:tryRegister(44)) - Successfully registered JMX Bean with object name Ratis:service=RaftServer,group=group-8A4815B43099,id=b6bbe4ab-2937-401d-96b4-8acfa82ea187
2022-11-03 16:01:18,979 [b6bbe4ab-2937-401d-96b4-8acfa82ea187@group-8A4815B43099-FollowerState] INFO  server.RaftServerConfigKeys (ConfUtils.java:logFallback(53)) - raft.server.rpc.first-election.timeout.min = 5s (fallback to raft.server.rpc.timeout.min)
2022-11-03 16:01:18,979 [pool-264-thread-1] INFO  server.RaftServerConfigKeys (ConfUtils.java:logGet(46)) - raft.server.snapshot.auto.trigger.enabled = true (custom)
2022-11-03 16:01:18,981 [b6bbe4ab-2937-401d-96b4-8acfa82ea187@group-8A4815B43099-FollowerState] INFO  server.RaftServerConfigKeys (ConfUtils.java:logFallback(53)) - raft.server.rpc.first-election.timeout.max = 5200ms (fallback to raft.server.rpc.timeout.max)
2022-11-03 16:01:18,981 [pool-264-thread-1] INFO  server.RaftServerConfigKeys (ConfUtils.java:logGet(46)) - raft.server.snapshot.auto.trigger.threshold = 10000 (custom)
2022-11-03 16:01:18,981 [pool-264-thread-1] INFO  server.RaftServerConfigKeys (ConfUtils.java:logGet(46)) - raft.server.snapshot.retention.file.num = 5 (custom)
2022-11-03 16:01:18,981 [pool-264-thread-1] INFO  server.RaftServerConfigKeys (ConfUtils.java:logGet(46)) - raft.server.log.purge.upto.snapshot.index = false (default)
2022-11-03 16:01:18,987 [Command processor thread] INFO  commandhandler.CreatePipelineCommandHandler (CreatePipelineCommandHandler.java:handle(113)) - Created Pipeline RATIS THREE PipelineID=96bdac19-5020-4b5d-bd54-8a4815b43099.
2022-11-03 16:01:19,197 [Command processor thread] INFO  server.RaftServer (RaftServerProxy.java:addNew(96)) - b412bf4c-8645-4ac9-920f-94e6c323f92a: addNew group-66FEC34252F7:[b412bf4c-8645-4ac9-920f-94e6c323f92a|rpc:10.1.1.36:37969|priority:1|startupRole:FOLLOWER] returns group-66FEC34252F7:java.util.concurrent.CompletableFuture@70daabed[Not completed]
2022-11-03 16:01:19,198 [pool-237-thread-1] INFO  server.RaftServer$Division (RaftServerImpl.java:<init>(195)) - b412bf4c-8645-4ac9-920f-94e6c323f92a: new RaftServerImpl for group-66FEC34252F7:[b412bf4c-8645-4ac9-920f-94e6c323f92a|rpc:10.1.1.36:37969|priority:1|startupRole:FOLLOWER] with ContainerStateMachine:uninitialized
2022-11-03 16:01:19,198 [pool-237-thread-1] INFO  server.RaftServerConfigKeys (ConfUtils.java:logGet(46)) - raft.server.rpc.timeout.min = 5s (custom)
2022-11-03 16:01:19,198 [pool-237-thread-1] INFO  server.RaftServerConfigKeys (ConfUtils.java:logGet(46)) - raft.server.rpc.timeout.max = 5200ms (custom)
2022-11-03 16:01:19,198 [pool-237-thread-1] INFO  server.RaftServerConfigKeys (ConfUtils.java:logGet(46)) - raft.server.rpc.sleep.time = 25ms (default)
2022-11-03 16:01:19,198 [pool-237-thread-1] INFO  server.RaftServerConfigKeys (ConfUtils.java:logGet(46)) - raft.server.rpc.slowness.timeout = 300s (custom)
2022-11-03 16:01:19,198 [pool-237-thread-1] INFO  server.RaftServerConfigKeys (ConfUtils.java:logGet(46)) - raft.server.leaderelection.leader.step-down.wait-time = 10s (default)
2022-11-03 16:01:19,198 [pool-237-thread-1] INFO  server.RaftServerConfigKeys (ConfUtils.java:logGet(46)) - raft.server.sleep.deviation.threshold = 300ms (default)
2022-11-03 16:01:19,199 [pool-237-thread-1] INFO  server.RaftServer$Division (ServerState.java:<init>(118)) - b412bf4c-8645-4ac9-920f-94e6c323f92a@group-66FEC34252F7: ConfigurationManager, init=-1: peers:[b412bf4c-8645-4ac9-920f-94e6c323f92a|rpc:10.1.1.36:37969|priority:1|startupRole:FOLLOWER]|listeners:[], old=null, confs=<EMPTY_MAP>
2022-11-03 16:01:19,199 [pool-237-thread-1] INFO  server.RaftServerConfigKeys (ConfUtils.java:logGet(46)) - raft.server.storage.dir = [/home/runner/work/ozone/ozone/hadoop-ozone/integration-test/target/test-dir/MiniOzoneClusterImpl-84bf62e0-a170-4695-9dd9-8848938f690d/datanode-7/data/ratis] (custom)
2022-11-03 16:01:19,199 [pool-237-thread-1] INFO  server.RaftServerConfigKeys (ConfUtils.java:logGet(46)) - raft.server.log.corruption.policy = EXCEPTION (default)
2022-11-03 16:01:19,199 [pool-237-thread-1] INFO  server.RaftServerConfigKeys (ConfUtils.java:logGet(46)) - raft.server.storage.free-space.min = 0MB (=0) (default)
2022-11-03 16:01:19,199 [pool-237-thread-1] INFO  server.RaftServerConfigKeys (ConfUtils.java:logGet(46)) - raft.server.notification.no-leader.timeout = 300s (custom)
2022-11-03 16:01:19,199 [pool-237-thread-1] INFO  server.RaftServerConfigKeys (ConfUtils.java:logGet(46)) - raft.server.retrycache.expirytime = 600000ms (custom)
2022-11-03 16:01:19,199 [pool-237-thread-1] INFO  server.RaftServerConfigKeys (ConfUtils.java:logGet(46)) - raft.server.retrycache.statistics.expirytime = 100μs (default)
2022-11-03 16:01:19,200 [pool-237-thread-1] INFO  server.RaftServerConfigKeys (ConfUtils.java:logGet(46)) - raft.server.log.appender.install.snapshot.enabled = false (custom)
2022-11-03 16:01:19,202 [pool-237-thread-1] INFO  server.RaftServerConfigKeys (ConfUtils.java:logGet(46)) - raft.server.threadpool.server.cached = true (default)
2022-11-03 16:01:19,202 [pool-237-thread-1] INFO  server.RaftServerConfigKeys (ConfUtils.java:logGet(46)) - raft.server.threadpool.server.size = 0 (default)
2022-11-03 16:01:19,202 [pool-237-thread-1] INFO  server.RaftServerConfigKeys (ConfUtils.java:logGet(46)) - raft.server.threadpool.client.cached = true (default)
2022-11-03 16:01:19,202 [pool-237-thread-1] INFO  server.RaftServerConfigKeys (ConfUtils.java:logGet(46)) - raft.server.threadpool.client.size = 0 (default)
2022-11-03 16:01:19,202 [pool-237-thread-1] INFO  storage.RaftStorageDirectory (RaftStorageDirectoryImpl.java:analyzeStorage(137)) - The storage directory /home/runner/work/ozone/ozone/hadoop-ozone/integration-test/target/test-dir/MiniOzoneClusterImpl-84bf62e0-a170-4695-9dd9-8848938f690d/datanode-7/data/ratis/efba5c6f-189f-4cfa-a1bc-66fec34252f7 does not exist. Creating ...
2022-11-03 16:01:19,203 [pool-237-thread-1] INFO  storage.RaftStorageDirectory (RaftStorageDirectoryImpl.java:tryLock(231)) - Lock on /home/runner/work/ozone/ozone/hadoop-ozone/integration-test/target/test-dir/MiniOzoneClusterImpl-84bf62e0-a170-4695-9dd9-8848938f690d/datanode-7/data/ratis/efba5c6f-189f-4cfa-a1bc-66fec34252f7/in_use.lock acquired by nodename 14715@fv-az47-358
2022-11-03 16:01:19,204 [pool-237-thread-1] INFO  storage.RaftStorage (RaftStorageImpl.java:format(96)) - Storage directory /home/runner/work/ozone/ozone/hadoop-ozone/integration-test/target/test-dir/MiniOzoneClusterImpl-84bf62e0-a170-4695-9dd9-8848938f690d/datanode-7/data/ratis/efba5c6f-189f-4cfa-a1bc-66fec34252f7 has been successfully formatted.
2022-11-03 16:01:19,206 [pool-237-thread-1] INFO  ratis.ContainerStateMachine (ContainerStateMachine.java:loadSnapshot(236)) - group-66FEC34252F7: The snapshot info is null. Setting the last applied indexto:(t:0, i:~)
2022-11-03 16:01:19,206 [pool-237-thread-1] INFO  server.RaftServerConfigKeys (ConfUtils.java:logGet(46)) - raft.server.log.use.memory = false (default)
2022-11-03 16:01:19,206 [pool-237-thread-1] INFO  server.RaftServerConfigKeys (ConfUtils.java:logGet(46)) - raft.server.log.purge.gap = 1000000 (custom)
2022-11-03 16:01:19,206 [pool-237-thread-1] INFO  server.RaftServerConfigKeys (ConfUtils.java:logGet(46)) - raft.server.log.appender.buffer.byte-limit = 33554432 (custom)
2022-11-03 16:01:19,206 [pool-237-thread-1] INFO  server.RaftServerConfigKeys (ConfUtils.java:logGet(46)) - raft.server.log.statemachine.data.read.timeout = 1000ms (default)
2022-11-03 16:01:19,206 [pool-237-thread-1] INFO  server.RaftServerConfigKeys (ConfUtils.java:logGet(46)) - raft.server.log.purge.preservation.log.num = 0 (default)
2022-11-03 16:01:19,206 [pool-237-thread-1] INFO  server.RaftServerConfigKeys (ConfUtils.java:logGet(46)) - raft.server.log.segment.size.max = 1048576 (custom)
2022-11-03 16:01:19,206 [EventQueue-PipelineReportForPipelineReportHandler] INFO  pipeline.PipelineManagerImpl (PipelineManagerImpl.java:openPipeline(367)) - Pipeline Pipeline[ Id: efba5c6f-189f-4cfa-a1bc-66fec34252f7, Nodes: b412bf4c-8645-4ac9-920f-94e6c323f92a{ip: 10.1.1.36, host: fv-az47-358.mma5zatft5wupo5mzspaixdheh.bx.internal.cloudapp.net, ports: [REPLICATION=39897, RATIS=37969, RATIS_ADMIN=37969, RATIS_SERVER=37969, STANDALONE=37951], networkLocation: /default-rack, certSerialId: null, persistedOpState: IN_SERVICE, persistedOpStateExpiryEpochSec: 0}, ReplicationConfig: RATIS/ONE, State:ALLOCATED, leaderId:b412bf4c-8645-4ac9-920f-94e6c323f92a, CreationTimestamp2022-11-03T16:01:16.202Z[Etc/UTC]] moved to OPEN state
2022-11-03 16:01:19,207 [pool-237-thread-1] INFO  server.RaftServerConfigKeys (ConfUtils.java:logGet(46)) - raft.server.log.segment.cache.num.max = 2 (custom)
2022-11-03 16:01:19,207 [pool-237-thread-1] INFO  server.RaftServerConfigKeys (ConfUtils.java:logGet(46)) - raft.server.log.segment.cache.size.max = 200MB (=209715200) (default)
2022-11-03 16:01:19,207 [pool-237-thread-1] INFO  segmented.SegmentedRaftLogWorker (SegmentedRaftLogWorker.java:<init>(191)) - new b412bf4c-8645-4ac9-920f-94e6c323f92a@group-66FEC34252F7-SegmentedRaftLogWorker for RaftStorageImpl:Storage Directory /home/runner/work/ozone/ozone/hadoop-ozone/integration-test/target/test-dir/MiniOzoneClusterImpl-84bf62e0-a170-4695-9dd9-8848938f690d/datanode-7/data/ratis/efba5c6f-189f-4cfa-a1bc-66fec34252f7
2022-11-03 16:01:19,207 [pool-237-thread-1] INFO  server.RaftServerConfigKeys (ConfUtils.java:logGet(46)) - raft.server.log.queue.byte-limit = 4294967296 (custom)
2022-11-03 16:01:19,207 [pool-237-thread-1] INFO  server.RaftServerConfigKeys (ConfUtils.java:logGet(46)) - raft.server.log.queue.element-limit = 1024 (custom)
2022-11-03 16:01:19,207 [EventQueue-OpenPipelineForHealthyPipelineSafeModeRule] INFO  safemode.SCMSafeModeManager (HealthyPipelineSafeModeRule.java:process(137)) - SCM in safe mode. Healthy pipelines reported count is 0, required healthy pipeline reported count is 1
2022-11-03 16:01:19,215 [pool-237-thread-1] INFO  server.RaftServerConfigKeys (ConfUtils.java:logGet(46)) - raft.server.log.segment.size.max = 1048576 (custom)
2022-11-03 16:01:19,215 [pool-237-thread-1] INFO  server.RaftServerConfigKeys (ConfUtils.java:logGet(46)) - raft.server.log.preallocated.size = 16384 (custom)
2022-11-03 16:01:19,215 [pool-237-thread-1] INFO  server.RaftServerConfigKeys (ConfUtils.java:logGet(46)) - raft.server.log.force.sync.num = 128 (default)
2022-11-03 16:01:19,216 [pool-237-thread-1] INFO  server.RaftServerConfigKeys (ConfUtils.java:logGet(46)) - raft.server.log.statemachine.data.sync = true (default)
2022-11-03 16:01:19,216 [pool-237-thread-1] INFO  server.RaftServerConfigKeys (ConfUtils.java:logGet(46)) - raft.server.log.statemachine.data.sync.timeout = 10s (default)
2022-11-03 16:01:19,216 [pool-237-thread-1] INFO  server.RaftServerConfigKeys (ConfUtils.java:logGet(46)) - raft.server.log.statemachine.data.sync.timeout.retry = -1 (default)
2022-11-03 16:01:19,216 [pool-237-thread-1] INFO  server.RaftServerConfigKeys (ConfUtils.java:logGet(46)) - raft.server.log.write.buffer.size = 1048576 (custom)
2022-11-03 16:01:19,217 [pool-237-thread-1] INFO  server.RaftServerConfigKeys (ConfUtils.java:logGet(46)) - raft.server.log.unsafe-flush.enabled = false (default)
2022-11-03 16:01:19,217 [pool-237-thread-1] INFO  server.RaftServerConfigKeys (ConfUtils.java:logGet(46)) - raft.server.log.async-flush.enabled = false (default)
2022-11-03 16:01:19,217 [pool-237-thread-1] INFO  server.RaftServerConfigKeys (ConfUtils.java:logGet(46)) - raft.server.log.statemachine.data.caching.enabled = true (custom)
2022-11-03 16:01:19,217 [pool-237-thread-1] INFO  segmented.SegmentedRaftLogWorker (SegmentedRaftLogWorker.java:lambda$new$0(136)) - b412bf4c-8645-4ac9-920f-94e6c323f92a@group-66FEC34252F7-SegmentedRaftLogWorker: flushIndex: setUnconditionally 0 -> -1
2022-11-03 16:01:19,218 [pool-237-thread-1] INFO  segmented.SegmentedRaftLogWorker (SegmentedRaftLogWorker.java:lambda$new$0(136)) - b412bf4c-8645-4ac9-920f-94e6c323f92a@group-66FEC34252F7-SegmentedRaftLogWorker: safeCacheEvictIndex: setUnconditionally 0 -> -1
2022-11-03 16:01:19,218 [pool-237-thread-1] INFO  server.RaftServer$Division (RaftServerImpl.java:start(334)) - b412bf4c-8645-4ac9-920f-94e6c323f92a@group-66FEC34252F7: start as a follower, conf=-1: peers:[b412bf4c-8645-4ac9-920f-94e6c323f92a|rpc:10.1.1.36:37969|priority:1|startupRole:FOLLOWER]|listeners:[], old=null
2022-11-03 16:01:19,218 [pool-237-thread-1] INFO  server.RaftServer$Division (RaftServerImpl.java:setRole(321)) - b412bf4c-8645-4ac9-920f-94e6c323f92a@group-66FEC34252F7: changes role from      null to FOLLOWER at term 0 for startAsFollower
2022-11-03 16:01:19,218 [pool-237-thread-1] INFO  impl.RoleInfo (RoleInfo.java:updateAndGet(139)) - b412bf4c-8645-4ac9-920f-94e6c323f92a: start b412bf4c-8645-4ac9-920f-94e6c323f92a@group-66FEC34252F7-FollowerState
2022-11-03 16:01:19,218 [pool-237-thread-1] INFO  util.JmxRegister (JmxRegister.java:tryRegister(44)) - Successfully registered JMX Bean with object name Ratis:service=RaftServer,group=group-66FEC34252F7,id=b412bf4c-8645-4ac9-920f-94e6c323f92a
2022-11-03 16:01:19,218 [pool-237-thread-1] INFO  server.RaftServerConfigKeys (ConfUtils.java:logGet(46)) - raft.server.snapshot.auto.trigger.enabled = true (custom)
2022-11-03 16:01:19,218 [pool-237-thread-1] INFO  server.RaftServerConfigKeys (ConfUtils.java:logGet(46)) - raft.server.snapshot.auto.trigger.threshold = 10000 (custom)
2022-11-03 16:01:19,218 [b412bf4c-8645-4ac9-920f-94e6c323f92a@group-66FEC34252F7-FollowerState] INFO  server.RaftServerConfigKeys (ConfUtils.java:logFallback(53)) - raft.server.rpc.first-election.timeout.min = 5s (fallback to raft.server.rpc.timeout.min)
2022-11-03 16:01:19,218 [pool-237-thread-1] INFO  server.RaftServerConfigKeys (ConfUtils.java:logGet(46)) - raft.server.snapshot.retention.file.num = 5 (custom)
2022-11-03 16:01:19,218 [b412bf4c-8645-4ac9-920f-94e6c323f92a@group-66FEC34252F7-FollowerState] INFO  server.RaftServerConfigKeys (ConfUtils.java:logFallback(53)) - raft.server.rpc.first-election.timeout.max = 5200ms (fallback to raft.server.rpc.timeout.max)
2022-11-03 16:01:19,218 [pool-237-thread-1] INFO  server.RaftServerConfigKeys (ConfUtils.java:logGet(46)) - raft.server.log.purge.upto.snapshot.index = false (default)
2022-11-03 16:01:19,219 [Command processor thread] INFO  ratis.XceiverServerRatis (XceiverServerRatis.java:addGroup(765)) - Created group PipelineID=efba5c6f-189f-4cfa-a1bc-66fec34252f7
2022-11-03 16:01:19,219 [Command processor thread] INFO  commandhandler.CreatePipelineCommandHandler (CreatePipelineCommandHandler.java:handle(113)) - Created Pipeline RATIS ONE PipelineID=efba5c6f-189f-4cfa-a1bc-66fec34252f7.
2022-11-03 16:01:19,523 [Command processor thread] INFO  server.RaftServer (RaftServerProxy.java:addNew(96)) - b6bbe4ab-2937-401d-96b4-8acfa82ea187: addNew group-07838B844681:[b6bbe4ab-2937-401d-96b4-8acfa82ea187|rpc:10.1.1.36:37137|priority:1|startupRole:FOLLOWER] returns group-07838B844681:java.util.concurrent.CompletableFuture@4e91fd33[Not completed]
2022-11-03 16:01:19,524 [pool-264-thread-1] INFO  server.RaftServer$Division (RaftServerImpl.java:<init>(195)) - b6bbe4ab-2937-401d-96b4-8acfa82ea187: new RaftServerImpl for group-07838B844681:[b6bbe4ab-2937-401d-96b4-8acfa82ea187|rpc:10.1.1.36:37137|priority:1|startupRole:FOLLOWER] with ContainerStateMachine:uninitialized
2022-11-03 16:01:19,524 [pool-264-thread-1] INFO  server.RaftServerConfigKeys (ConfUtils.java:logGet(46)) - raft.server.rpc.timeout.min = 5s (custom)
2022-11-03 16:01:19,524 [pool-264-thread-1] INFO  server.RaftServerConfigKeys (ConfUtils.java:logGet(46)) - raft.server.rpc.timeout.max = 5200ms (custom)
2022-11-03 16:01:19,524 [pool-264-thread-1] INFO  server.RaftServerConfigKeys (ConfUtils.java:logGet(46)) - raft.server.rpc.sleep.time = 25ms (default)
2022-11-03 16:01:19,524 [pool-264-thread-1] INFO  server.RaftServerConfigKeys (ConfUtils.java:logGet(46)) - raft.server.rpc.slowness.timeout = 300s (custom)
2022-11-03 16:01:19,524 [pool-264-thread-1] INFO  server.RaftServerConfigKeys (ConfUtils.java:logGet(46)) - raft.server.leaderelection.leader.step-down.wait-time = 10s (default)
2022-11-03 16:01:19,524 [pool-264-thread-1] INFO  server.RaftServerConfigKeys (ConfUtils.java:logGet(46)) - raft.server.sleep.deviation.threshold = 300ms (default)
2022-11-03 16:01:19,524 [pool-264-thread-1] INFO  server.RaftServer$Division (ServerState.java:<init>(118)) - b6bbe4ab-2937-401d-96b4-8acfa82ea187@group-07838B844681: ConfigurationManager, init=-1: peers:[b6bbe4ab-2937-401d-96b4-8acfa82ea187|rpc:10.1.1.36:37137|priority:1|startupRole:FOLLOWER]|listeners:[], old=null, confs=<EMPTY_MAP>
2022-11-03 16:01:19,524 [pool-264-thread-1] INFO  server.RaftServerConfigKeys (ConfUtils.java:logGet(46)) - raft.server.storage.dir = [/home/runner/work/ozone/ozone/hadoop-ozone/integration-test/target/test-dir/MiniOzoneClusterImpl-84bf62e0-a170-4695-9dd9-8848938f690d/datanode-8/data/ratis] (custom)
2022-11-03 16:01:19,525 [pool-264-thread-1] INFO  server.RaftServerConfigKeys (ConfUtils.java:logGet(46)) - raft.server.log.corruption.policy = EXCEPTION (default)
2022-11-03 16:01:19,525 [pool-264-thread-1] INFO  server.RaftServerConfigKeys (ConfUtils.java:logGet(46)) - raft.server.storage.free-space.min = 0MB (=0) (default)
2022-11-03 16:01:19,525 [pool-264-thread-1] INFO  server.RaftServerConfigKeys (ConfUtils.java:logGet(46)) - raft.server.notification.no-leader.timeout = 300s (custom)
2022-11-03 16:01:19,525 [pool-264-thread-1] INFO  server.RaftServerConfigKeys (ConfUtils.java:logGet(46)) - raft.server.retrycache.expirytime = 600000ms (custom)
2022-11-03 16:01:19,525 [pool-264-thread-1] INFO  server.RaftServerConfigKeys (ConfUtils.java:logGet(46)) - raft.server.retrycache.statistics.expirytime = 100μs (default)
2022-11-03 16:01:19,526 [pool-264-thread-1] INFO  server.RaftServerConfigKeys (ConfUtils.java:logGet(46)) - raft.server.log.appender.install.snapshot.enabled = false (custom)
2022-11-03 16:01:19,526 [pool-264-thread-1] INFO  server.RaftServerConfigKeys (ConfUtils.java:logGet(46)) - raft.server.threadpool.server.cached = true (default)
2022-11-03 16:01:19,526 [pool-264-thread-1] INFO  server.RaftServerConfigKeys (ConfUtils.java:logGet(46)) - raft.server.threadpool.server.size = 0 (default)
2022-11-03 16:01:19,526 [pool-264-thread-1] INFO  server.RaftServerConfigKeys (ConfUtils.java:logGet(46)) - raft.server.threadpool.client.cached = true (default)
2022-11-03 16:01:19,526 [pool-264-thread-1] INFO  server.RaftServerConfigKeys (ConfUtils.java:logGet(46)) - raft.server.threadpool.client.size = 0 (default)
2022-11-03 16:01:19,526 [pool-264-thread-1] INFO  storage.RaftStorageDirectory (RaftStorageDirectoryImpl.java:analyzeStorage(137)) - The storage directory /home/runner/work/ozone/ozone/hadoop-ozone/integration-test/target/test-dir/MiniOzoneClusterImpl-84bf62e0-a170-4695-9dd9-8848938f690d/datanode-8/data/ratis/aa7030db-5f59-4709-8c1a-07838b844681 does not exist. Creating ...
2022-11-03 16:01:19,527 [pool-264-thread-1] INFO  storage.RaftStorageDirectory (RaftStorageDirectoryImpl.java:tryLock(231)) - Lock on /home/runner/work/ozone/ozone/hadoop-ozone/integration-test/target/test-dir/MiniOzoneClusterImpl-84bf62e0-a170-4695-9dd9-8848938f690d/datanode-8/data/ratis/aa7030db-5f59-4709-8c1a-07838b844681/in_use.lock acquired by nodename 14715@fv-az47-358
2022-11-03 16:01:19,528 [pool-264-thread-1] INFO  storage.RaftStorage (RaftStorageImpl.java:format(96)) - Storage directory /home/runner/work/ozone/ozone/hadoop-ozone/integration-test/target/test-dir/MiniOzoneClusterImpl-84bf62e0-a170-4695-9dd9-8848938f690d/datanode-8/data/ratis/aa7030db-5f59-4709-8c1a-07838b844681 has been successfully formatted.
2022-11-03 16:01:19,529 [pool-264-thread-1] INFO  ratis.ContainerStateMachine (ContainerStateMachine.java:loadSnapshot(236)) - group-07838B844681: The snapshot info is null. Setting the last applied indexto:(t:0, i:~)
2022-11-03 16:01:19,529 [pool-264-thread-1] INFO  server.RaftServerConfigKeys (ConfUtils.java:logGet(46)) - raft.server.log.use.memory = false (default)
2022-11-03 16:01:19,529 [pool-264-thread-1] INFO  server.RaftServerConfigKeys (ConfUtils.java:logGet(46)) - raft.server.log.purge.gap = 1000000 (custom)
2022-11-03 16:01:19,529 [pool-264-thread-1] INFO  server.RaftServerConfigKeys (ConfUtils.java:logGet(46)) - raft.server.log.appender.buffer.byte-limit = 33554432 (custom)
2022-11-03 16:01:19,529 [pool-264-thread-1] INFO  server.RaftServerConfigKeys (ConfUtils.java:logGet(46)) - raft.server.log.statemachine.data.read.timeout = 1000ms (default)
2022-11-03 16:01:19,529 [pool-264-thread-1] INFO  server.RaftServerConfigKeys (ConfUtils.java:logGet(46)) - raft.server.log.purge.preservation.log.num = 0 (default)
2022-11-03 16:01:19,529 [pool-264-thread-1] INFO  server.RaftServerConfigKeys (ConfUtils.java:logGet(46)) - raft.server.log.segment.size.max = 1048576 (custom)
2022-11-03 16:01:19,530 [pool-264-thread-1] INFO  server.RaftServerConfigKeys (ConfUtils.java:logGet(46)) - raft.server.log.segment.cache.num.max = 2 (custom)
2022-11-03 16:01:19,530 [pool-264-thread-1] INFO  server.RaftServerConfigKeys (ConfUtils.java:logGet(46)) - raft.server.log.segment.cache.size.max = 200MB (=209715200) (default)
2022-11-03 16:01:19,530 [pool-264-thread-1] INFO  segmented.SegmentedRaftLogWorker (SegmentedRaftLogWorker.java:<init>(191)) - new b6bbe4ab-2937-401d-96b4-8acfa82ea187@group-07838B844681-SegmentedRaftLogWorker for RaftStorageImpl:Storage Directory /home/runner/work/ozone/ozone/hadoop-ozone/integration-test/target/test-dir/MiniOzoneClusterImpl-84bf62e0-a170-4695-9dd9-8848938f690d/datanode-8/data/ratis/aa7030db-5f59-4709-8c1a-07838b844681
2022-11-03 16:01:19,530 [pool-264-thread-1] INFO  server.RaftServerConfigKeys (ConfUtils.java:logGet(46)) - raft.server.log.queue.byte-limit = 4294967296 (custom)
2022-11-03 16:01:19,530 [pool-264-thread-1] INFO  server.RaftServerConfigKeys (ConfUtils.java:logGet(46)) - raft.server.log.queue.element-limit = 1024 (custom)
2022-11-03 16:01:19,530 [pool-264-thread-1] INFO  server.RaftServerConfigKeys (ConfUtils.java:logGet(46)) - raft.server.log.segment.size.max = 1048576 (custom)
2022-11-03 16:01:19,530 [pool-264-thread-1] INFO  server.RaftServerConfigKeys (ConfUtils.java:logGet(46)) - raft.server.log.preallocated.size = 16384 (custom)
2022-11-03 16:01:19,530 [EventQueue-PipelineReportForPipelineReportHandler] INFO  pipeline.PipelineManagerImpl (PipelineManagerImpl.java:openPipeline(367)) - Pipeline Pipeline[ Id: aa7030db-5f59-4709-8c1a-07838b844681, Nodes: b6bbe4ab-2937-401d-96b4-8acfa82ea187{ip: 10.1.1.36, host: fv-az47-358.mma5zatft5wupo5mzspaixdheh.bx.internal.cloudapp.net, ports: [REPLICATION=42469, RATIS=37137, RATIS_ADMIN=37137, RATIS_SERVER=37137, STANDALONE=37887], networkLocation: /default-rack, certSerialId: null, persistedOpState: IN_SERVICE, persistedOpStateExpiryEpochSec: 0}, ReplicationConfig: RATIS/ONE, State:ALLOCATED, leaderId:b6bbe4ab-2937-401d-96b4-8acfa82ea187, CreationTimestamp2022-11-03T16:01:16.545Z[Etc/UTC]] moved to OPEN state
2022-11-03 16:01:19,531 [EventQueue-OpenPipelineForHealthyPipelineSafeModeRule] INFO  safemode.SCMSafeModeManager (HealthyPipelineSafeModeRule.java:process(137)) - SCM in safe mode. Healthy pipelines reported count is 0, required healthy pipeline reported count is 1
2022-11-03 16:01:19,531 [pool-264-thread-1] INFO  server.RaftServerConfigKeys (ConfUtils.java:logGet(46)) - raft.server.log.force.sync.num = 128 (default)
2022-11-03 16:01:19,531 [pool-264-thread-1] INFO  server.RaftServerConfigKeys (ConfUtils.java:logGet(46)) - raft.server.log.statemachine.data.sync = true (default)
2022-11-03 16:01:19,531 [pool-264-thread-1] INFO  server.RaftServerConfigKeys (ConfUtils.java:logGet(46)) - raft.server.log.statemachine.data.sync.timeout = 10s (default)
2022-11-03 16:01:19,531 [pool-264-thread-1] INFO  server.RaftServerConfigKeys (ConfUtils.java:logGet(46)) - raft.server.log.statemachine.data.sync.timeout.retry = -1 (default)
2022-11-03 16:01:19,532 [pool-264-thread-1] INFO  server.RaftServerConfigKeys (ConfUtils.java:logGet(46)) - raft.server.log.write.buffer.size = 1048576 (custom)
2022-11-03 16:01:19,533 [pool-264-thread-1] INFO  server.RaftServerConfigKeys (ConfUtils.java:logGet(46)) - raft.server.log.unsafe-flush.enabled = false (default)
2022-11-03 16:01:19,533 [pool-264-thread-1] INFO  server.RaftServerConfigKeys (ConfUtils.java:logGet(46)) - raft.server.log.async-flush.enabled = false (default)
2022-11-03 16:01:19,533 [pool-264-thread-1] INFO  server.RaftServerConfigKeys (ConfUtils.java:logGet(46)) - raft.server.log.statemachine.data.caching.enabled = true (custom)
2022-11-03 16:01:19,533 [pool-264-thread-1] INFO  segmented.SegmentedRaftLogWorker (SegmentedRaftLogWorker.java:lambda$new$0(136)) - b6bbe4ab-2937-401d-96b4-8acfa82ea187@group-07838B844681-SegmentedRaftLogWorker: flushIndex: setUnconditionally 0 -> -1
2022-11-03 16:01:19,533 [pool-264-thread-1] INFO  segmented.SegmentedRaftLogWorker (SegmentedRaftLogWorker.java:lambda$new$0(136)) - b6bbe4ab-2937-401d-96b4-8acfa82ea187@group-07838B844681-SegmentedRaftLogWorker: safeCacheEvictIndex: setUnconditionally 0 -> -1
2022-11-03 16:01:19,533 [pool-264-thread-1] INFO  server.RaftServer$Division (RaftServerImpl.java:start(334)) - b6bbe4ab-2937-401d-96b4-8acfa82ea187@group-07838B844681: start as a follower, conf=-1: peers:[b6bbe4ab-2937-401d-96b4-8acfa82ea187|rpc:10.1.1.36:37137|priority:1|startupRole:FOLLOWER]|listeners:[], old=null
2022-11-03 16:01:19,533 [pool-264-thread-1] INFO  server.RaftServer$Division (RaftServerImpl.java:setRole(321)) - b6bbe4ab-2937-401d-96b4-8acfa82ea187@group-07838B844681: changes role from      null to FOLLOWER at term 0 for startAsFollower
2022-11-03 16:01:19,533 [pool-264-thread-1] INFO  impl.RoleInfo (RoleInfo.java:updateAndGet(139)) - b6bbe4ab-2937-401d-96b4-8acfa82ea187: start b6bbe4ab-2937-401d-96b4-8acfa82ea187@group-07838B844681-FollowerState
2022-11-03 16:01:19,533 [pool-264-thread-1] INFO  util.JmxRegister (JmxRegister.java:tryRegister(44)) - Successfully registered JMX Bean with object name Ratis:service=RaftServer,group=group-07838B844681,id=b6bbe4ab-2937-401d-96b4-8acfa82ea187
2022-11-03 16:01:19,534 [pool-264-thread-1] INFO  server.RaftServerConfigKeys (ConfUtils.java:logGet(46)) - raft.server.snapshot.auto.trigger.enabled = true (custom)
2022-11-03 16:01:19,534 [pool-264-thread-1] INFO  server.RaftServerConfigKeys (ConfUtils.java:logGet(46)) - raft.server.snapshot.auto.trigger.threshold = 10000 (custom)
2022-11-03 16:01:19,534 [pool-264-thread-1] INFO  server.RaftServerConfigKeys (ConfUtils.java:logGet(46)) - raft.server.snapshot.retention.file.num = 5 (custom)
2022-11-03 16:01:19,534 [pool-264-thread-1] INFO  server.RaftServerConfigKeys (ConfUtils.java:logGet(46)) - raft.server.log.purge.upto.snapshot.index = false (default)
2022-11-03 16:01:19,534 [b6bbe4ab-2937-401d-96b4-8acfa82ea187@group-07838B844681-FollowerState] INFO  server.RaftServerConfigKeys (ConfUtils.java:logFallback(53)) - raft.server.rpc.first-election.timeout.min = 5s (fallback to raft.server.rpc.timeout.min)
2022-11-03 16:01:19,534 [b6bbe4ab-2937-401d-96b4-8acfa82ea187@group-07838B844681-FollowerState] INFO  server.RaftServerConfigKeys (ConfUtils.java:logFallback(53)) - raft.server.rpc.first-election.timeout.max = 5200ms (fallback to raft.server.rpc.timeout.max)
2022-11-03 16:01:19,540 [Command processor thread] INFO  ratis.XceiverServerRatis (XceiverServerRatis.java:addGroup(765)) - Created group PipelineID=aa7030db-5f59-4709-8c1a-07838b844681
2022-11-03 16:01:19,540 [Command processor thread] INFO  commandhandler.CreatePipelineCommandHandler (CreatePipelineCommandHandler.java:handle(113)) - Created Pipeline RATIS ONE PipelineID=aa7030db-5f59-4709-8c1a-07838b844681.
2022-11-03 16:01:19,863 [Command processor thread] INFO  server.RaftServer (RaftServerProxy.java:addNew(96)) - f9539b2c-40d6-4ae2-988d-1a0916bca307: addNew group-82D5C711159A:[f9539b2c-40d6-4ae2-988d-1a0916bca307|rpc:10.1.1.36:36441|priority:1|startupRole:FOLLOWER] returns group-82D5C711159A:java.util.concurrent.CompletableFuture@a61d3e6[Not completed]
2022-11-03 16:01:19,866 [pool-291-thread-1] INFO  server.RaftServer$Division (RaftServerImpl.java:<init>(195)) - f9539b2c-40d6-4ae2-988d-1a0916bca307: new RaftServerImpl for group-82D5C711159A:[f9539b2c-40d6-4ae2-988d-1a0916bca307|rpc:10.1.1.36:36441|priority:1|startupRole:FOLLOWER] with ContainerStateMachine:uninitialized
2022-11-03 16:01:19,867 [pool-291-thread-1] INFO  server.RaftServerConfigKeys (ConfUtils.java:logGet(46)) - raft.server.rpc.timeout.min = 5s (custom)
2022-11-03 16:01:19,867 [pool-291-thread-1] INFO  server.RaftServerConfigKeys (ConfUtils.java:logGet(46)) - raft.server.rpc.timeout.max = 5200ms (custom)
2022-11-03 16:01:19,867 [pool-291-thread-1] INFO  server.RaftServerConfigKeys (ConfUtils.java:logGet(46)) - raft.server.rpc.sleep.time = 25ms (default)
2022-11-03 16:01:19,867 [pool-291-thread-1] INFO  server.RaftServerConfigKeys (ConfUtils.java:logGet(46)) - raft.server.rpc.slowness.timeout = 300s (custom)
2022-11-03 16:01:19,867 [pool-291-thread-1] INFO  server.RaftServerConfigKeys (ConfUtils.java:logGet(46)) - raft.server.leaderelection.leader.step-down.wait-time = 10s (default)
2022-11-03 16:01:19,867 [pool-291-thread-1] INFO  server.RaftServerConfigKeys (ConfUtils.java:logGet(46)) - raft.server.sleep.deviation.threshold = 300ms (default)
2022-11-03 16:01:19,867 [pool-291-thread-1] INFO  server.RaftServer$Division (ServerState.java:<init>(118)) - f9539b2c-40d6-4ae2-988d-1a0916bca307@group-82D5C711159A: ConfigurationManager, init=-1: peers:[f9539b2c-40d6-4ae2-988d-1a0916bca307|rpc:10.1.1.36:36441|priority:1|startupRole:FOLLOWER]|listeners:[], old=null, confs=<EMPTY_MAP>
2022-11-03 16:01:19,867 [pool-291-thread-1] INFO  server.RaftServerConfigKeys (ConfUtils.java:logGet(46)) - raft.server.storage.dir = [/home/runner/work/ozone/ozone/hadoop-ozone/integration-test/target/test-dir/MiniOzoneClusterImpl-84bf62e0-a170-4695-9dd9-8848938f690d/datanode-9/data/ratis] (custom)
2022-11-03 16:01:19,868 [pool-291-thread-1] INFO  server.RaftServerConfigKeys (ConfUtils.java:logGet(46)) - raft.server.log.corruption.policy = EXCEPTION (default)
2022-11-03 16:01:19,868 [pool-291-thread-1] INFO  server.RaftServerConfigKeys (ConfUtils.java:logGet(46)) - raft.server.storage.free-space.min = 0MB (=0) (default)
2022-11-03 16:01:19,868 [pool-291-thread-1] INFO  server.RaftServerConfigKeys (ConfUtils.java:logGet(46)) - raft.server.notification.no-leader.timeout = 300s (custom)
2022-11-03 16:01:19,868 [pool-291-thread-1] INFO  server.RaftServerConfigKeys (ConfUtils.java:logGet(46)) - raft.server.retrycache.expirytime = 600000ms (custom)
2022-11-03 16:01:19,868 [pool-291-thread-1] INFO  server.RaftServerConfigKeys (ConfUtils.java:logGet(46)) - raft.server.retrycache.statistics.expirytime = 100μs (default)
2022-11-03 16:01:19,871 [pool-291-thread-1] INFO  server.RaftServerConfigKeys (ConfUtils.java:logGet(46)) - raft.server.log.appender.install.snapshot.enabled = false (custom)
2022-11-03 16:01:19,871 [pool-291-thread-1] INFO  server.RaftServerConfigKeys (ConfUtils.java:logGet(46)) - raft.server.threadpool.server.cached = true (default)
2022-11-03 16:01:19,871 [pool-291-thread-1] INFO  server.RaftServerConfigKeys (ConfUtils.java:logGet(46)) - raft.server.threadpool.server.size = 0 (default)
2022-11-03 16:01:19,871 [pool-291-thread-1] INFO  server.RaftServerConfigKeys (ConfUtils.java:logGet(46)) - raft.server.threadpool.client.cached = true (default)
2022-11-03 16:01:19,871 [pool-291-thread-1] INFO  server.RaftServerConfigKeys (ConfUtils.java:logGet(46)) - raft.server.threadpool.client.size = 0 (default)
2022-11-03 16:01:19,871 [pool-291-thread-1] INFO  storage.RaftStorageDirectory (RaftStorageDirectoryImpl.java:analyzeStorage(137)) - The storage directory /home/runner/work/ozone/ozone/hadoop-ozone/integration-test/target/test-dir/MiniOzoneClusterImpl-84bf62e0-a170-4695-9dd9-8848938f690d/datanode-9/data/ratis/fcc0c0c6-37c2-4fa6-aa72-82d5c711159a does not exist. Creating ...
2022-11-03 16:01:19,872 [pool-291-thread-1] INFO  storage.RaftStorageDirectory (RaftStorageDirectoryImpl.java:tryLock(231)) - Lock on /home/runner/work/ozone/ozone/hadoop-ozone/integration-test/target/test-dir/MiniOzoneClusterImpl-84bf62e0-a170-4695-9dd9-8848938f690d/datanode-9/data/ratis/fcc0c0c6-37c2-4fa6-aa72-82d5c711159a/in_use.lock acquired by nodename 14715@fv-az47-358
2022-11-03 16:01:19,873 [Listener at 127.0.0.1/45563] INFO  ozone.MiniOzoneClusterImpl (MiniOzoneClusterImpl.java:lambda$waitForClusterToBeReady$0(216)) - Nodes are ready. Got 10 of 10 DN Heartbeats.
2022-11-03 16:01:19,873 [Listener at 127.0.0.1/45563] INFO  ozone.MiniOzoneClusterImpl (MiniOzoneClusterImpl.java:lambda$waitForClusterToBeReady$0(219)) - Waiting for cluster to exit safe mode
2022-11-03 16:01:19,873 [Listener at 127.0.0.1/45563] INFO  ozone.MiniOzoneClusterImpl (MiniOzoneClusterImpl.java:lambda$waitForClusterToBeReady$0(221)) - SCM became leader
2022-11-03 16:01:19,873 [pool-291-thread-1] INFO  storage.RaftStorage (RaftStorageImpl.java:format(96)) - Storage directory /home/runner/work/ozone/ozone/hadoop-ozone/integration-test/target/test-dir/MiniOzoneClusterImpl-84bf62e0-a170-4695-9dd9-8848938f690d/datanode-9/data/ratis/fcc0c0c6-37c2-4fa6-aa72-82d5c711159a has been successfully formatted.
2022-11-03 16:01:19,874 [pool-291-thread-1] INFO  ratis.ContainerStateMachine (ContainerStateMachine.java:loadSnapshot(236)) - group-82D5C711159A: The snapshot info is null. Setting the last applied indexto:(t:0, i:~)
2022-11-03 16:01:19,874 [pool-291-thread-1] INFO  server.RaftServerConfigKeys (ConfUtils.java:logGet(46)) - raft.server.log.use.memory = false (default)
2022-11-03 16:01:19,874 [pool-291-thread-1] INFO  server.RaftServerConfigKeys (ConfUtils.java:logGet(46)) - raft.server.log.purge.gap = 1000000 (custom)
2022-11-03 16:01:19,875 [EventQueue-PipelineReportForPipelineReportHandler] INFO  pipeline.PipelineManagerImpl (PipelineManagerImpl.java:openPipeline(367)) - Pipeline Pipeline[ Id: fcc0c0c6-37c2-4fa6-aa72-82d5c711159a, Nodes: f9539b2c-40d6-4ae2-988d-1a0916bca307{ip: 10.1.1.36, host: fv-az47-358.mma5zatft5wupo5mzspaixdheh.bx.internal.cloudapp.net, ports: [REPLICATION=45155, RATIS=36441, RATIS_ADMIN=36441, RATIS_SERVER=36441, STANDALONE=33539], networkLocation: /default-rack, certSerialId: null, persistedOpState: IN_SERVICE, persistedOpStateExpiryEpochSec: 0}, ReplicationConfig: RATIS/ONE, State:ALLOCATED, leaderId:f9539b2c-40d6-4ae2-988d-1a0916bca307, CreationTimestamp2022-11-03T16:01:16.866Z[Etc/UTC]] moved to OPEN state
2022-11-03 16:01:19,876 [EventQueue-OpenPipelineForHealthyPipelineSafeModeRule] INFO  safemode.SCMSafeModeManager (HealthyPipelineSafeModeRule.java:process(137)) - SCM in safe mode. Healthy pipelines reported count is 0, required healthy pipeline reported count is 1
2022-11-03 16:01:19,876 [pool-291-thread-1] INFO  server.RaftServerConfigKeys (ConfUtils.java:logGet(46)) - raft.server.log.appender.buffer.byte-limit = 33554432 (custom)
2022-11-03 16:01:19,876 [pool-291-thread-1] INFO  server.RaftServerConfigKeys (ConfUtils.java:logGet(46)) - raft.server.log.statemachine.data.read.timeout = 1000ms (default)
2022-11-03 16:01:19,876 [pool-291-thread-1] INFO  server.RaftServerConfigKeys (ConfUtils.java:logGet(46)) - raft.server.log.purge.preservation.log.num = 0 (default)
2022-11-03 16:01:19,877 [pool-291-thread-1] INFO  server.RaftServerConfigKeys (ConfUtils.java:logGet(46)) - raft.server.log.segment.size.max = 1048576 (custom)
2022-11-03 16:01:19,877 [pool-291-thread-1] INFO  server.RaftServerConfigKeys (ConfUtils.java:logGet(46)) - raft.server.log.segment.cache.num.max = 2 (custom)
2022-11-03 16:01:19,877 [pool-291-thread-1] INFO  server.RaftServerConfigKeys (ConfUtils.java:logGet(46)) - raft.server.log.segment.cache.size.max = 200MB (=209715200) (default)
2022-11-03 16:01:19,877 [pool-291-thread-1] INFO  segmented.SegmentedRaftLogWorker (SegmentedRaftLogWorker.java:<init>(191)) - new f9539b2c-40d6-4ae2-988d-1a0916bca307@group-82D5C711159A-SegmentedRaftLogWorker for RaftStorageImpl:Storage Directory /home/runner/work/ozone/ozone/hadoop-ozone/integration-test/target/test-dir/MiniOzoneClusterImpl-84bf62e0-a170-4695-9dd9-8848938f690d/datanode-9/data/ratis/fcc0c0c6-37c2-4fa6-aa72-82d5c711159a
2022-11-03 16:01:19,877 [pool-291-thread-1] INFO  server.RaftServerConfigKeys (ConfUtils.java:logGet(46)) - raft.server.log.queue.byte-limit = 4294967296 (custom)
2022-11-03 16:01:19,877 [pool-291-thread-1] INFO  server.RaftServerConfigKeys (ConfUtils.java:logGet(46)) - raft.server.log.queue.element-limit = 1024 (custom)
2022-11-03 16:01:19,877 [pool-291-thread-1] INFO  server.RaftServerConfigKeys (ConfUtils.java:logGet(46)) - raft.server.log.segment.size.max = 1048576 (custom)
2022-11-03 16:01:19,877 [pool-291-thread-1] INFO  server.RaftServerConfigKeys (ConfUtils.java:logGet(46)) - raft.server.log.preallocated.size = 16384 (custom)
2022-11-03 16:01:19,877 [pool-291-thread-1] INFO  server.RaftServerConfigKeys (ConfUtils.java:logGet(46)) - raft.server.log.force.sync.num = 128 (default)
2022-11-03 16:01:19,877 [pool-291-thread-1] INFO  server.RaftServerConfigKeys (ConfUtils.java:logGet(46)) - raft.server.log.statemachine.data.sync = true (default)
2022-11-03 16:01:19,878 [pool-291-thread-1] INFO  server.RaftServerConfigKeys (ConfUtils.java:logGet(46)) - raft.server.log.statemachine.data.sync.timeout = 10s (default)
2022-11-03 16:01:19,878 [pool-291-thread-1] INFO  server.RaftServerConfigKeys (ConfUtils.java:logGet(46)) - raft.server.log.statemachine.data.sync.timeout.retry = -1 (default)
2022-11-03 16:01:19,878 [pool-291-thread-1] INFO  server.RaftServerConfigKeys (ConfUtils.java:logGet(46)) - raft.server.log.write.buffer.size = 1048576 (custom)
2022-11-03 16:01:19,879 [pool-291-thread-1] INFO  server.RaftServerConfigKeys (ConfUtils.java:logGet(46)) - raft.server.log.unsafe-flush.enabled = false (default)
2022-11-03 16:01:19,879 [pool-291-thread-1] INFO  server.RaftServerConfigKeys (ConfUtils.java:logGet(46)) - raft.server.log.async-flush.enabled = false (default)
2022-11-03 16:01:19,879 [pool-291-thread-1] INFO  server.RaftServerConfigKeys (ConfUtils.java:logGet(46)) - raft.server.log.statemachine.data.caching.enabled = true (custom)
2022-11-03 16:01:19,879 [pool-291-thread-1] INFO  segmented.SegmentedRaftLogWorker (SegmentedRaftLogWorker.java:lambda$new$0(136)) - f9539b2c-40d6-4ae2-988d-1a0916bca307@group-82D5C711159A-SegmentedRaftLogWorker: flushIndex: setUnconditionally 0 -> -1
2022-11-03 16:01:19,879 [pool-291-thread-1] INFO  segmented.SegmentedRaftLogWorker (SegmentedRaftLogWorker.java:lambda$new$0(136)) - f9539b2c-40d6-4ae2-988d-1a0916bca307@group-82D5C711159A-SegmentedRaftLogWorker: safeCacheEvictIndex: setUnconditionally 0 -> -1
2022-11-03 16:01:19,880 [pool-291-thread-1] INFO  server.RaftServer$Division (RaftServerImpl.java:start(334)) - f9539b2c-40d6-4ae2-988d-1a0916bca307@group-82D5C711159A: start as a follower, conf=-1: peers:[f9539b2c-40d6-4ae2-988d-1a0916bca307|rpc:10.1.1.36:36441|priority:1|startupRole:FOLLOWER]|listeners:[], old=null
2022-11-03 16:01:19,880 [pool-291-thread-1] INFO  server.RaftServer$Division (RaftServerImpl.java:setRole(321)) - f9539b2c-40d6-4ae2-988d-1a0916bca307@group-82D5C711159A: changes role from      null to FOLLOWER at term 0 for startAsFollower
2022-11-03 16:01:19,880 [pool-291-thread-1] INFO  impl.RoleInfo (RoleInfo.java:updateAndGet(139)) - f9539b2c-40d6-4ae2-988d-1a0916bca307: start f9539b2c-40d6-4ae2-988d-1a0916bca307@group-82D5C711159A-FollowerState
2022-11-03 16:01:19,881 [pool-291-thread-1] INFO  util.JmxRegister (JmxRegister.java:tryRegister(44)) - Successfully registered JMX Bean with object name Ratis:service=RaftServer,group=group-82D5C711159A,id=f9539b2c-40d6-4ae2-988d-1a0916bca307
2022-11-03 16:01:19,881 [f9539b2c-40d6-4ae2-988d-1a0916bca307@group-82D5C711159A-FollowerState] INFO  server.RaftServerConfigKeys (ConfUtils.java:logFallback(53)) - raft.server.rpc.first-election.timeout.min = 5s (fallback to raft.server.rpc.timeout.min)
2022-11-03 16:01:19,882 [pool-291-thread-1] INFO  server.RaftServerConfigKeys (ConfUtils.java:logGet(46)) - raft.server.snapshot.auto.trigger.enabled = true (custom)
2022-11-03 16:01:19,882 [f9539b2c-40d6-4ae2-988d-1a0916bca307@group-82D5C711159A-FollowerState] INFO  server.RaftServerConfigKeys (ConfUtils.java:logFallback(53)) - raft.server.rpc.first-election.timeout.max = 5200ms (fallback to raft.server.rpc.timeout.max)
2022-11-03 16:01:19,882 [pool-291-thread-1] INFO  server.RaftServerConfigKeys (ConfUtils.java:logGet(46)) - raft.server.snapshot.auto.trigger.threshold = 10000 (custom)
2022-11-03 16:01:19,884 [pool-291-thread-1] INFO  server.RaftServerConfigKeys (ConfUtils.java:logGet(46)) - raft.server.snapshot.retention.file.num = 5 (custom)
2022-11-03 16:01:19,884 [pool-291-thread-1] INFO  server.RaftServerConfigKeys (ConfUtils.java:logGet(46)) - raft.server.log.purge.upto.snapshot.index = false (default)
2022-11-03 16:01:19,888 [Command processor thread] INFO  ratis.XceiverServerRatis (XceiverServerRatis.java:addGroup(765)) - Created group PipelineID=fcc0c0c6-37c2-4fa6-aa72-82d5c711159a
2022-11-03 16:01:19,888 [Command processor thread] INFO  commandhandler.CreatePipelineCommandHandler (CreatePipelineCommandHandler.java:handle(113)) - Created Pipeline RATIS ONE PipelineID=fcc0c0c6-37c2-4fa6-aa72-82d5c711159a.
2022-11-03 16:01:20,873 [Listener at 127.0.0.1/45563] INFO  ozone.MiniOzoneClusterImpl (MiniOzoneClusterImpl.java:lambda$waitForClusterToBeReady$0(216)) - Nodes are ready. Got 10 of 10 DN Heartbeats.
2022-11-03 16:01:20,874 [Listener at 127.0.0.1/45563] INFO  ozone.MiniOzoneClusterImpl (MiniOzoneClusterImpl.java:lambda$waitForClusterToBeReady$0(219)) - Waiting for cluster to exit safe mode
2022-11-03 16:01:20,874 [Listener at 127.0.0.1/45563] INFO  ozone.MiniOzoneClusterImpl (MiniOzoneClusterImpl.java:lambda$waitForClusterToBeReady$0(221)) - SCM became leader
2022-11-03 16:01:21,572 [8d7ec919-acd2-4b88-a99a-dd9f5739b33b@group-DEA1DB5A5D55-FollowerState] INFO  impl.FollowerState (FollowerState.java:run(143)) - 8d7ec919-acd2-4b88-a99a-dd9f5739b33b@group-DEA1DB5A5D55-FollowerState: change to CANDIDATE, lastRpcElapsedTime:5029647878ns, electionTimeout:5005ms
2022-11-03 16:01:21,573 [8d7ec919-acd2-4b88-a99a-dd9f5739b33b@group-DEA1DB5A5D55-FollowerState] INFO  impl.RoleInfo (RoleInfo.java:shutdownFollowerState(110)) - 8d7ec919-acd2-4b88-a99a-dd9f5739b33b: shutdown 8d7ec919-acd2-4b88-a99a-dd9f5739b33b@group-DEA1DB5A5D55-FollowerState
2022-11-03 16:01:21,573 [8d7ec919-acd2-4b88-a99a-dd9f5739b33b@group-DEA1DB5A5D55-FollowerState] INFO  server.RaftServer$Division (RaftServerImpl.java:setRole(321)) - 8d7ec919-acd2-4b88-a99a-dd9f5739b33b@group-DEA1DB5A5D55: changes role from  FOLLOWER to CANDIDATE at term 0 for changeToCandidate
2022-11-03 16:01:21,574 [8d7ec919-acd2-4b88-a99a-dd9f5739b33b@group-DEA1DB5A5D55-FollowerState] INFO  server.RaftServerConfigKeys (ConfUtils.java:logGet(46)) - raft.server.leaderelection.pre-vote = false (custom)
2022-11-03 16:01:21,574 [8d7ec919-acd2-4b88-a99a-dd9f5739b33b@group-DEA1DB5A5D55-FollowerState] INFO  impl.RoleInfo (RoleInfo.java:updateAndGet(139)) - 8d7ec919-acd2-4b88-a99a-dd9f5739b33b: start 8d7ec919-acd2-4b88-a99a-dd9f5739b33b@group-DEA1DB5A5D55-LeaderElection2
2022-11-03 16:01:21,580 [8d7ec919-acd2-4b88-a99a-dd9f5739b33b@group-DEA1DB5A5D55-LeaderElection2] INFO  impl.LeaderElection (LeaderElection.java:askForVotes(312)) - 8d7ec919-acd2-4b88-a99a-dd9f5739b33b@group-DEA1DB5A5D55-LeaderElection2 ELECTION round 0: submit vote requests at term 1 for -1: peers:[8d7ec919-acd2-4b88-a99a-dd9f5739b33b|rpc:10.1.1.36:45267|priority:1|startupRole:FOLLOWER]|listeners:[], old=null
2022-11-03 16:01:21,580 [8d7ec919-acd2-4b88-a99a-dd9f5739b33b@group-DEA1DB5A5D55-LeaderElection2] INFO  impl.LeaderElection (LeaderElection.java:askForVotes(314)) - 8d7ec919-acd2-4b88-a99a-dd9f5739b33b@group-DEA1DB5A5D55-LeaderElection2 ELECTION round 0: result PASSED (term=1)
2022-11-03 16:01:21,580 [8d7ec919-acd2-4b88-a99a-dd9f5739b33b@group-DEA1DB5A5D55-LeaderElection2] INFO  impl.RoleInfo (RoleInfo.java:shutdownLeaderElection(130)) - 8d7ec919-acd2-4b88-a99a-dd9f5739b33b: shutdown 8d7ec919-acd2-4b88-a99a-dd9f5739b33b@group-DEA1DB5A5D55-LeaderElection2
2022-11-03 16:01:21,580 [8d7ec919-acd2-4b88-a99a-dd9f5739b33b@group-DEA1DB5A5D55-LeaderElection2] INFO  server.RaftServer$Division (RaftServerImpl.java:setRole(321)) - 8d7ec919-acd2-4b88-a99a-dd9f5739b33b@group-DEA1DB5A5D55: changes role from CANDIDATE to LEADER at term 1 for changeToLeader
2022-11-03 16:01:21,580 [8d7ec919-acd2-4b88-a99a-dd9f5739b33b@group-DEA1DB5A5D55-LeaderElection2] INFO  ratis.XceiverServerRatis (XceiverServerRatis.java:handleLeaderChangedNotification(863)) - Leader change notification received for group: group-DEA1DB5A5D55 with new leaderId: 8d7ec919-acd2-4b88-a99a-dd9f5739b33b
2022-11-03 16:01:21,580 [8d7ec919-acd2-4b88-a99a-dd9f5739b33b@group-DEA1DB5A5D55-LeaderElection2] INFO  server.RaftServer$Division (ServerState.java:setLeader(313)) - 8d7ec919-acd2-4b88-a99a-dd9f5739b33b@group-DEA1DB5A5D55: change Leader from null to 8d7ec919-acd2-4b88-a99a-dd9f5739b33b at term 1 for becomeLeader, leader elected after 5070ms
2022-11-03 16:01:21,580 [8d7ec919-acd2-4b88-a99a-dd9f5739b33b@group-DEA1DB5A5D55-LeaderElection2] INFO  server.RaftServerConfigKeys (ConfUtils.java:logGet(46)) - raft.server.staging.catchup.gap = 1000 (default)
2022-11-03 16:01:21,581 [8d7ec919-acd2-4b88-a99a-dd9f5739b33b@group-DEA1DB5A5D55-LeaderElection2] INFO  server.RaftServerConfigKeys (ConfUtils.java:logGet(46)) - raft.server.write.element-limit = 1024 (custom)
2022-11-03 16:01:21,581 [8d7ec919-acd2-4b88-a99a-dd9f5739b33b@group-DEA1DB5A5D55-LeaderElection2] INFO  server.RaftServerConfigKeys (ConfUtils.java:logGet(46)) - raft.server.write.byte-limit = 1024 M (=1073741824) (custom)
2022-11-03 16:01:21,581 [8d7ec919-acd2-4b88-a99a-dd9f5739b33b@group-DEA1DB5A5D55-LeaderElection2] INFO  server.RaftServerConfigKeys (ConfUtils.java:logGet(46)) - raft.server.watch.timeout = 180s (custom)
2022-11-03 16:01:21,581 [8d7ec919-acd2-4b88-a99a-dd9f5739b33b@group-DEA1DB5A5D55-LeaderElection2] INFO  server.RaftServerConfigKeys (ConfUtils.java:logGet(46)) - raft.server.watch.timeout.denomination = 1s (default)
2022-11-03 16:01:21,581 [8d7ec919-acd2-4b88-a99a-dd9f5739b33b@group-DEA1DB5A5D55-LeaderElection2] INFO  server.RaftServerConfigKeys (ConfUtils.java:logGet(46)) - raft.server.watch.element-limit = 65536 (default)
2022-11-03 16:01:21,581 [8d7ec919-acd2-4b88-a99a-dd9f5739b33b@group-DEA1DB5A5D55-LeaderElection2] INFO  server.RaftServerConfigKeys (ConfUtils.java:logGet(46)) - raft.server.write.element-limit = 1024 (custom)
2022-11-03 16:01:21,581 [8d7ec919-acd2-4b88-a99a-dd9f5739b33b@group-DEA1DB5A5D55-LeaderElection2] INFO  server.RaftServerConfigKeys (ConfUtils.java:logGet(46)) - raft.server.write.follower.gap.ratio.max = -1.0 (default)
2022-11-03 16:01:21,582 [8d7ec919-acd2-4b88-a99a-dd9f5739b33b@group-DEA1DB5A5D55-LeaderElection2] INFO  impl.RoleInfo (RoleInfo.java:updateAndGet(139)) - 8d7ec919-acd2-4b88-a99a-dd9f5739b33b: start 8d7ec919-acd2-4b88-a99a-dd9f5739b33b@group-DEA1DB5A5D55-LeaderStateImpl
2022-11-03 16:01:21,582 [EventQueue-OpenPipelineForHealthyPipelineSafeModeRule] INFO  safemode.SCMSafeModeManager (HealthyPipelineSafeModeRule.java:process(137)) - SCM in safe mode. Healthy pipelines reported count is 0, required healthy pipeline reported count is 1
2022-11-03 16:01:21,582 [8d7ec919-acd2-4b88-a99a-dd9f5739b33b@group-DEA1DB5A5D55-LeaderElection2] INFO  segmented.SegmentedRaftLogWorker (SegmentedRaftLogWorker.java:startLogSegment(452)) - 8d7ec919-acd2-4b88-a99a-dd9f5739b33b@group-DEA1DB5A5D55-SegmentedRaftLogWorker: Starting segment from index:0
2022-11-03 16:01:21,584 [8d7ec919-acd2-4b88-a99a-dd9f5739b33b@group-DEA1DB5A5D55-SegmentedRaftLogWorker] INFO  segmented.SegmentedRaftLogWorker (SegmentedRaftLogWorker.java:execute(656)) - 8d7ec919-acd2-4b88-a99a-dd9f5739b33b@group-DEA1DB5A5D55-SegmentedRaftLogWorker: created new log segment /home/runner/work/ozone/ozone/hadoop-ozone/integration-test/target/test-dir/MiniOzoneClusterImpl-84bf62e0-a170-4695-9dd9-8848938f690d/datanode-0/data/ratis/e99803ec-a9ec-43b4-9133-dea1db5a5d55/current/log_inprogress_0
2022-11-03 16:01:21,586 [8d7ec919-acd2-4b88-a99a-dd9f5739b33b@group-DEA1DB5A5D55-LeaderElection2] INFO  server.RaftServer$Division (ServerState.java:setRaftConf(430)) - 8d7ec919-acd2-4b88-a99a-dd9f5739b33b@group-DEA1DB5A5D55: set configuration 0: peers:[8d7ec919-acd2-4b88-a99a-dd9f5739b33b|rpc:10.1.1.36:45267|dataStream:|priority:1|startupRole:FOLLOWER]|listeners:[], old=null
2022-11-03 16:01:21,650 [8d7ec919-acd2-4b88-a99a-dd9f5739b33b@group-16B0CCAD8931-FollowerState] INFO  impl.FollowerState (FollowerState.java:run(143)) - 8d7ec919-acd2-4b88-a99a-dd9f5739b33b@group-16B0CCAD8931-FollowerState: change to CANDIDATE, lastRpcElapsedTime:5054045156ns, electionTimeout:5052ms
2022-11-03 16:01:21,651 [8d7ec919-acd2-4b88-a99a-dd9f5739b33b@group-16B0CCAD8931-FollowerState] INFO  impl.RoleInfo (RoleInfo.java:shutdownFollowerState(110)) - 8d7ec919-acd2-4b88-a99a-dd9f5739b33b: shutdown 8d7ec919-acd2-4b88-a99a-dd9f5739b33b@group-16B0CCAD8931-FollowerState
2022-11-03 16:01:21,651 [8d7ec919-acd2-4b88-a99a-dd9f5739b33b@group-16B0CCAD8931-FollowerState] INFO  server.RaftServer$Division (RaftServerImpl.java:setRole(321)) - 8d7ec919-acd2-4b88-a99a-dd9f5739b33b@group-16B0CCAD8931: changes role from  FOLLOWER to CANDIDATE at term 0 for changeToCandidate
2022-11-03 16:01:21,652 [8d7ec919-acd2-4b88-a99a-dd9f5739b33b@group-16B0CCAD8931-FollowerState] INFO  server.RaftServerConfigKeys (ConfUtils.java:logGet(46)) - raft.server.leaderelection.pre-vote = false (custom)
2022-11-03 16:01:21,652 [8d7ec919-acd2-4b88-a99a-dd9f5739b33b@group-16B0CCAD8931-FollowerState] INFO  impl.RoleInfo (RoleInfo.java:updateAndGet(139)) - 8d7ec919-acd2-4b88-a99a-dd9f5739b33b: start 8d7ec919-acd2-4b88-a99a-dd9f5739b33b@group-16B0CCAD8931-LeaderElection3
2022-11-03 16:01:21,656 [8d7ec919-acd2-4b88-a99a-dd9f5739b33b@group-16B0CCAD8931-LeaderElection3] INFO  impl.LeaderElection (LeaderElection.java:askForVotes(312)) - 8d7ec919-acd2-4b88-a99a-dd9f5739b33b@group-16B0CCAD8931-LeaderElection3 ELECTION round 0: submit vote requests at term 1 for -1: peers:[8d7ec919-acd2-4b88-a99a-dd9f5739b33b|rpc:10.1.1.36:45267|priority:0|startupRole:FOLLOWER, b2efe8a5-99bb-41e7-9296-f49000549216|rpc:10.1.1.36:39397|priority:1|startupRole:FOLLOWER, 556da25a-9bc8-419d-83a0-dc1d92c1e895|rpc:10.1.1.36:41941|priority:0|startupRole:FOLLOWER]|listeners:[], old=null
2022-11-03 16:01:21,664 [8d7ec919-acd2-4b88-a99a-dd9f5739b33b@group-16B0CCAD8931-LeaderElection3-1] INFO  server.GrpcServerProtocolClient (GrpcServerProtocolClient.java:<init>(63)) - Build channel for b2efe8a5-99bb-41e7-9296-f49000549216
2022-11-03 16:01:21,668 [8d7ec919-acd2-4b88-a99a-dd9f5739b33b@group-16B0CCAD8931-LeaderElection3] INFO  server.RaftServerConfigKeys (ConfUtils.java:logFallback(53)) - raft.server.rpc.first-election.timeout.min = 5s (fallback to raft.server.rpc.timeout.min)
2022-11-03 16:01:21,668 [8d7ec919-acd2-4b88-a99a-dd9f5739b33b@group-16B0CCAD8931-LeaderElection3] INFO  server.RaftServerConfigKeys (ConfUtils.java:logFallback(53)) - raft.server.rpc.first-election.timeout.max = 5200ms (fallback to raft.server.rpc.timeout.max)
2022-11-03 16:01:21,669 [8d7ec919-acd2-4b88-a99a-dd9f5739b33b@group-16B0CCAD8931-LeaderElection3-2] INFO  server.GrpcServerProtocolClient (GrpcServerProtocolClient.java:<init>(63)) - Build channel for 556da25a-9bc8-419d-83a0-dc1d92c1e895
2022-11-03 16:01:21,686 [grpc-default-executor-0] INFO  server.RaftServer$Division (RaftServerImpl.java:requestVote(1218)) - b2efe8a5-99bb-41e7-9296-f49000549216@group-16B0CCAD8931: receive requestVote(ELECTION, 8d7ec919-acd2-4b88-a99a-dd9f5739b33b, group-16B0CCAD8931, 1, (t:0, i:0))
2022-11-03 16:01:21,689 [grpc-default-executor-0] INFO  impl.VoteContext (VoteContext.java:log(48)) - b2efe8a5-99bb-41e7-9296-f49000549216@group-16B0CCAD8931-FOLLOWER: reject ELECTION from 8d7ec919-acd2-4b88-a99a-dd9f5739b33b: our priority 1 > candidate's priority 0
2022-11-03 16:01:21,689 [grpc-default-executor-0] INFO  server.RaftServer$Division (RaftServerImpl.java:setRole(321)) - b2efe8a5-99bb-41e7-9296-f49000549216@group-16B0CCAD8931: changes role from  FOLLOWER to FOLLOWER at term 1 for candidate:8d7ec919-acd2-4b88-a99a-dd9f5739b33b
2022-11-03 16:01:21,690 [grpc-default-executor-0] INFO  impl.RoleInfo (RoleInfo.java:shutdownFollowerState(110)) - b2efe8a5-99bb-41e7-9296-f49000549216: shutdown b2efe8a5-99bb-41e7-9296-f49000549216@group-16B0CCAD8931-FollowerState
2022-11-03 16:01:21,690 [b2efe8a5-99bb-41e7-9296-f49000549216@group-16B0CCAD8931-FollowerState] INFO  impl.FollowerState (FollowerState.java:run(152)) - b2efe8a5-99bb-41e7-9296-f49000549216@group-16B0CCAD8931-FollowerState was interrupted
2022-11-03 16:01:21,695 [grpc-default-executor-0] INFO  impl.RoleInfo (RoleInfo.java:updateAndGet(139)) - b2efe8a5-99bb-41e7-9296-f49000549216: start b2efe8a5-99bb-41e7-9296-f49000549216@group-16B0CCAD8931-FollowerState
2022-11-03 16:01:21,695 [grpc-default-executor-1] INFO  server.RaftServer$Division (RaftServerImpl.java:requestVote(1218)) - 556da25a-9bc8-419d-83a0-dc1d92c1e895@group-16B0CCAD8931: receive requestVote(ELECTION, 8d7ec919-acd2-4b88-a99a-dd9f5739b33b, group-16B0CCAD8931, 1, (t:0, i:0))
2022-11-03 16:01:21,695 [grpc-default-executor-1] INFO  impl.VoteContext (VoteContext.java:log(48)) - 556da25a-9bc8-419d-83a0-dc1d92c1e895@group-16B0CCAD8931-FOLLOWER: accept ELECTION from 8d7ec919-acd2-4b88-a99a-dd9f5739b33b: our priority 0 <= candidate's priority 0
2022-11-03 16:01:21,696 [grpc-default-executor-1] INFO  server.RaftServer$Division (RaftServerImpl.java:setRole(321)) - 556da25a-9bc8-419d-83a0-dc1d92c1e895@group-16B0CCAD8931: changes role from  FOLLOWER to FOLLOWER at term 1 for candidate:8d7ec919-acd2-4b88-a99a-dd9f5739b33b
2022-11-03 16:01:21,696 [grpc-default-executor-1] INFO  impl.RoleInfo (RoleInfo.java:shutdownFollowerState(110)) - 556da25a-9bc8-419d-83a0-dc1d92c1e895: shutdown 556da25a-9bc8-419d-83a0-dc1d92c1e895@group-16B0CCAD8931-FollowerState
2022-11-03 16:01:21,697 [556da25a-9bc8-419d-83a0-dc1d92c1e895@group-16B0CCAD8931-FollowerState] INFO  impl.FollowerState (FollowerState.java:run(152)) - 556da25a-9bc8-419d-83a0-dc1d92c1e895@group-16B0CCAD8931-FollowerState was interrupted
2022-11-03 16:01:21,697 [grpc-default-executor-1] INFO  impl.RoleInfo (RoleInfo.java:updateAndGet(139)) - 556da25a-9bc8-419d-83a0-dc1d92c1e895: start 556da25a-9bc8-419d-83a0-dc1d92c1e895@group-16B0CCAD8931-FollowerState
2022-11-03 16:01:21,700 [grpc-default-executor-0] INFO  server.RaftServer$Division (RaftServerImpl.java:requestVote(1251)) - b2efe8a5-99bb-41e7-9296-f49000549216@group-16B0CCAD8931 replies to ELECTION vote request: 8d7ec919-acd2-4b88-a99a-dd9f5739b33b<-b2efe8a5-99bb-41e7-9296-f49000549216#0:FAIL-t1. Peer's state: b2efe8a5-99bb-41e7-9296-f49000549216@group-16B0CCAD8931:t1, leader=null, voted=null, raftlog=Memoized:b2efe8a5-99bb-41e7-9296-f49000549216@group-16B0CCAD8931-SegmentedRaftLog:OPENED:c-1, conf=-1: peers:[8d7ec919-acd2-4b88-a99a-dd9f5739b33b|rpc:10.1.1.36:45267|dataStream:|priority:0|startupRole:FOLLOWER, b2efe8a5-99bb-41e7-9296-f49000549216|rpc:10.1.1.36:39397|dataStream:|priority:1|startupRole:FOLLOWER, 556da25a-9bc8-419d-83a0-dc1d92c1e895|rpc:10.1.1.36:41941|dataStream:|priority:0|startupRole:FOLLOWER]|listeners:[], old=null
2022-11-03 16:01:21,702 [grpc-default-executor-1] INFO  server.RaftServer$Division (RaftServerImpl.java:requestVote(1251)) - 556da25a-9bc8-419d-83a0-dc1d92c1e895@group-16B0CCAD8931 replies to ELECTION vote request: 8d7ec919-acd2-4b88-a99a-dd9f5739b33b<-556da25a-9bc8-419d-83a0-dc1d92c1e895#0:OK-t1. Peer's state: 556da25a-9bc8-419d-83a0-dc1d92c1e895@group-16B0CCAD8931:t1, leader=null, voted=8d7ec919-acd2-4b88-a99a-dd9f5739b33b, raftlog=Memoized:556da25a-9bc8-419d-83a0-dc1d92c1e895@group-16B0CCAD8931-SegmentedRaftLog:OPENED:c-1, conf=-1: peers:[8d7ec919-acd2-4b88-a99a-dd9f5739b33b|rpc:10.1.1.36:45267|priority:0|startupRole:FOLLOWER, b2efe8a5-99bb-41e7-9296-f49000549216|rpc:10.1.1.36:39397|priority:1|startupRole:FOLLOWER, 556da25a-9bc8-419d-83a0-dc1d92c1e895|rpc:10.1.1.36:41941|priority:0|startupRole:FOLLOWER]|listeners:[], old=null
2022-11-03 16:01:21,702 [b2efe8a5-99bb-41e7-9296-f49000549216@group-16B0CCAD8931-FollowerState] INFO  server.RaftServerConfigKeys (ConfUtils.java:logFallback(53)) - raft.server.rpc.first-election.timeout.min = 5s (fallback to raft.server.rpc.timeout.min)
2022-11-03 16:01:21,705 [b2efe8a5-99bb-41e7-9296-f49000549216@group-16B0CCAD8931-FollowerState] INFO  server.RaftServerConfigKeys (ConfUtils.java:logFallback(53)) - raft.server.rpc.first-election.timeout.max = 5200ms (fallback to raft.server.rpc.timeout.max)
2022-11-03 16:01:21,705 [556da25a-9bc8-419d-83a0-dc1d92c1e895@group-16B0CCAD8931-FollowerState] INFO  server.RaftServerConfigKeys (ConfUtils.java:logFallback(53)) - raft.server.rpc.first-election.timeout.min = 5s (fallback to raft.server.rpc.timeout.min)
2022-11-03 16:01:21,705 [556da25a-9bc8-419d-83a0-dc1d92c1e895@group-16B0CCAD8931-FollowerState] INFO  server.RaftServerConfigKeys (ConfUtils.java:logFallback(53)) - raft.server.rpc.first-election.timeout.max = 5200ms (fallback to raft.server.rpc.timeout.max)
2022-11-03 16:01:21,706 [8d7ec919-acd2-4b88-a99a-dd9f5739b33b@group-16B0CCAD8931-LeaderElection3] INFO  impl.LeaderElection (LeaderElection.java:logAndReturn(90)) - 8d7ec919-acd2-4b88-a99a-dd9f5739b33b@group-16B0CCAD8931-LeaderElection3: ELECTION REJECTED received 1 response(s) and 0 exception(s):
2022-11-03 16:01:21,707 [8d7ec919-acd2-4b88-a99a-dd9f5739b33b@group-16B0CCAD8931-LeaderElection3] INFO  impl.LeaderElection (LeaderElection.java:logAndReturn(94)) -   Response 0: 8d7ec919-acd2-4b88-a99a-dd9f5739b33b<-b2efe8a5-99bb-41e7-9296-f49000549216#0:FAIL-t1
2022-11-03 16:01:21,707 [8d7ec919-acd2-4b88-a99a-dd9f5739b33b@group-16B0CCAD8931-LeaderElection3] INFO  impl.LeaderElection (LeaderElection.java:askForVotes(314)) - 8d7ec919-acd2-4b88-a99a-dd9f5739b33b@group-16B0CCAD8931-LeaderElection3 ELECTION round 0: result REJECTED
2022-11-03 16:01:21,707 [8d7ec919-acd2-4b88-a99a-dd9f5739b33b@group-16B0CCAD8931-LeaderElection3] INFO  server.RaftServer$Division (RaftServerImpl.java:setRole(321)) - 8d7ec919-acd2-4b88-a99a-dd9f5739b33b@group-16B0CCAD8931: changes role from CANDIDATE to FOLLOWER at term 1 for REJECTED
2022-11-03 16:01:21,708 [8d7ec919-acd2-4b88-a99a-dd9f5739b33b@group-16B0CCAD8931-LeaderElection3] INFO  impl.RoleInfo (RoleInfo.java:shutdownLeaderElection(130)) - 8d7ec919-acd2-4b88-a99a-dd9f5739b33b: shutdown 8d7ec919-acd2-4b88-a99a-dd9f5739b33b@group-16B0CCAD8931-LeaderElection3
2022-11-03 16:01:21,708 [8d7ec919-acd2-4b88-a99a-dd9f5739b33b@group-16B0CCAD8931-LeaderElection3] INFO  impl.RoleInfo (RoleInfo.java:updateAndGet(139)) - 8d7ec919-acd2-4b88-a99a-dd9f5739b33b: start 8d7ec919-acd2-4b88-a99a-dd9f5739b33b@group-16B0CCAD8931-FollowerState
2022-11-03 16:01:21,708 [8d7ec919-acd2-4b88-a99a-dd9f5739b33b@group-16B0CCAD8931-FollowerState] INFO  server.RaftServerConfigKeys (ConfUtils.java:logFallback(53)) - raft.server.rpc.first-election.timeout.min = 5s (fallback to raft.server.rpc.timeout.min)
2022-11-03 16:01:21,708 [8d7ec919-acd2-4b88-a99a-dd9f5739b33b@group-16B0CCAD8931-FollowerState] INFO  server.RaftServerConfigKeys (ConfUtils.java:logFallback(53)) - raft.server.rpc.first-election.timeout.max = 5200ms (fallback to raft.server.rpc.timeout.max)
2022-11-03 16:01:21,874 [Listener at 127.0.0.1/45563] INFO  ozone.MiniOzoneClusterImpl (MiniOzoneClusterImpl.java:lambda$waitForClusterToBeReady$0(216)) - Nodes are ready. Got 10 of 10 DN Heartbeats.
2022-11-03 16:01:21,874 [Listener at 127.0.0.1/45563] INFO  ozone.MiniOzoneClusterImpl (MiniOzoneClusterImpl.java:lambda$waitForClusterToBeReady$0(219)) - Waiting for cluster to exit safe mode
2022-11-03 16:01:21,874 [Listener at 127.0.0.1/45563] INFO  ozone.MiniOzoneClusterImpl (MiniOzoneClusterImpl.java:lambda$waitForClusterToBeReady$0(221)) - SCM became leader
2022-11-03 16:01:22,088 [556da25a-9bc8-419d-83a0-dc1d92c1e895@group-59B1A9201BDA-FollowerState] INFO  impl.FollowerState (FollowerState.java:run(143)) - 556da25a-9bc8-419d-83a0-dc1d92c1e895@group-59B1A9201BDA-FollowerState: change to CANDIDATE, lastRpcElapsedTime:5076874271ns, electionTimeout:5055ms
2022-11-03 16:01:22,089 [556da25a-9bc8-419d-83a0-dc1d92c1e895@group-59B1A9201BDA-FollowerState] INFO  impl.RoleInfo (RoleInfo.java:shutdownFollowerState(110)) - 556da25a-9bc8-419d-83a0-dc1d92c1e895: shutdown 556da25a-9bc8-419d-83a0-dc1d92c1e895@group-59B1A9201BDA-FollowerState
2022-11-03 16:01:22,089 [556da25a-9bc8-419d-83a0-dc1d92c1e895@group-59B1A9201BDA-FollowerState] INFO  server.RaftServer$Division (RaftServerImpl.java:setRole(321)) - 556da25a-9bc8-419d-83a0-dc1d92c1e895@group-59B1A9201BDA: changes role from  FOLLOWER to CANDIDATE at term 0 for changeToCandidate
2022-11-03 16:01:22,092 [556da25a-9bc8-419d-83a0-dc1d92c1e895@group-59B1A9201BDA-FollowerState] INFO  server.RaftServerConfigKeys (ConfUtils.java:logGet(46)) - raft.server.leaderelection.pre-vote = false (custom)
2022-11-03 16:01:22,092 [556da25a-9bc8-419d-83a0-dc1d92c1e895@group-59B1A9201BDA-FollowerState] INFO  impl.RoleInfo (RoleInfo.java:updateAndGet(139)) - 556da25a-9bc8-419d-83a0-dc1d92c1e895: start 556da25a-9bc8-419d-83a0-dc1d92c1e895@group-59B1A9201BDA-LeaderElection4
2022-11-03 16:01:22,102 [556da25a-9bc8-419d-83a0-dc1d92c1e895@group-59B1A9201BDA-LeaderElection4] INFO  impl.LeaderElection (LeaderElection.java:askForVotes(312)) - 556da25a-9bc8-419d-83a0-dc1d92c1e895@group-59B1A9201BDA-LeaderElection4 ELECTION round 0: submit vote requests at term 1 for -1: peers:[556da25a-9bc8-419d-83a0-dc1d92c1e895|rpc:10.1.1.36:41941|priority:1|startupRole:FOLLOWER]|listeners:[], old=null
2022-11-03 16:01:22,102 [556da25a-9bc8-419d-83a0-dc1d92c1e895@group-59B1A9201BDA-LeaderElection4] INFO  impl.LeaderElection (LeaderElection.java:askForVotes(314)) - 556da25a-9bc8-419d-83a0-dc1d92c1e895@group-59B1A9201BDA-LeaderElection4 ELECTION round 0: result PASSED (term=1)
2022-11-03 16:01:22,102 [556da25a-9bc8-419d-83a0-dc1d92c1e895@group-59B1A9201BDA-LeaderElection4] INFO  impl.RoleInfo (RoleInfo.java:shutdownLeaderElection(130)) - 556da25a-9bc8-419d-83a0-dc1d92c1e895: shutdown 556da25a-9bc8-419d-83a0-dc1d92c1e895@group-59B1A9201BDA-LeaderElection4
2022-11-03 16:01:22,102 [556da25a-9bc8-419d-83a0-dc1d92c1e895@group-59B1A9201BDA-LeaderElection4] INFO  server.RaftServer$Division (RaftServerImpl.java:setRole(321)) - 556da25a-9bc8-419d-83a0-dc1d92c1e895@group-59B1A9201BDA: changes role from CANDIDATE to LEADER at term 1 for changeToLeader
2022-11-03 16:01:22,102 [556da25a-9bc8-419d-83a0-dc1d92c1e895@group-59B1A9201BDA-LeaderElection4] INFO  ratis.XceiverServerRatis (XceiverServerRatis.java:handleLeaderChangedNotification(863)) - Leader change notification received for group: group-59B1A9201BDA with new leaderId: 556da25a-9bc8-419d-83a0-dc1d92c1e895
2022-11-03 16:01:22,102 [556da25a-9bc8-419d-83a0-dc1d92c1e895@group-59B1A9201BDA-LeaderElection4] INFO  server.RaftServer$Division (ServerState.java:setLeader(313)) - 556da25a-9bc8-419d-83a0-dc1d92c1e895@group-59B1A9201BDA: change Leader from null to 556da25a-9bc8-419d-83a0-dc1d92c1e895 at term 1 for becomeLeader, leader elected after 5128ms
2022-11-03 16:01:22,102 [556da25a-9bc8-419d-83a0-dc1d92c1e895@group-59B1A9201BDA-LeaderElection4] INFO  server.RaftServerConfigKeys (ConfUtils.java:logGet(46)) - raft.server.staging.catchup.gap = 1000 (default)
2022-11-03 16:01:22,104 [EventQueue-OpenPipelineForHealthyPipelineSafeModeRule] INFO  safemode.SCMSafeModeManager (HealthyPipelineSafeModeRule.java:process(137)) - SCM in safe mode. Healthy pipelines reported count is 0, required healthy pipeline reported count is 1
2022-11-03 16:01:22,106 [556da25a-9bc8-419d-83a0-dc1d92c1e895@group-59B1A9201BDA-LeaderElection4] INFO  server.RaftServerConfigKeys (ConfUtils.java:logGet(46)) - raft.server.write.element-limit = 1024 (custom)
2022-11-03 16:01:22,106 [556da25a-9bc8-419d-83a0-dc1d92c1e895@group-59B1A9201BDA-LeaderElection4] INFO  server.RaftServerConfigKeys (ConfUtils.java:logGet(46)) - raft.server.write.byte-limit = 1024 M (=1073741824) (custom)
2022-11-03 16:01:22,106 [556da25a-9bc8-419d-83a0-dc1d92c1e895@group-59B1A9201BDA-LeaderElection4] INFO  server.RaftServerConfigKeys (ConfUtils.java:logGet(46)) - raft.server.watch.timeout = 180s (custom)
2022-11-03 16:01:22,106 [556da25a-9bc8-419d-83a0-dc1d92c1e895@group-59B1A9201BDA-LeaderElection4] INFO  server.RaftServerConfigKeys (ConfUtils.java:logGet(46)) - raft.server.watch.timeout.denomination = 1s (default)
2022-11-03 16:01:22,106 [556da25a-9bc8-419d-83a0-dc1d92c1e895@group-59B1A9201BDA-LeaderElection4] INFO  server.RaftServerConfigKeys (ConfUtils.java:logGet(46)) - raft.server.watch.element-limit = 65536 (default)
2022-11-03 16:01:22,106 [556da25a-9bc8-419d-83a0-dc1d92c1e895@group-59B1A9201BDA-LeaderElection4] INFO  server.RaftServerConfigKeys (ConfUtils.java:logGet(46)) - raft.server.write.element-limit = 1024 (custom)
2022-11-03 16:01:22,106 [556da25a-9bc8-419d-83a0-dc1d92c1e895@group-59B1A9201BDA-LeaderElection4] INFO  server.RaftServerConfigKeys (ConfUtils.java:logGet(46)) - raft.server.write.follower.gap.ratio.max = -1.0 (default)
2022-11-03 16:01:22,106 [556da25a-9bc8-419d-83a0-dc1d92c1e895@group-59B1A9201BDA-LeaderElection4] INFO  impl.RoleInfo (RoleInfo.java:updateAndGet(139)) - 556da25a-9bc8-419d-83a0-dc1d92c1e895: start 556da25a-9bc8-419d-83a0-dc1d92c1e895@group-59B1A9201BDA-LeaderStateImpl
2022-11-03 16:01:22,107 [556da25a-9bc8-419d-83a0-dc1d92c1e895@group-59B1A9201BDA-LeaderElection4] INFO  segmented.SegmentedRaftLogWorker (SegmentedRaftLogWorker.java:startLogSegment(452)) - 556da25a-9bc8-419d-83a0-dc1d92c1e895@group-59B1A9201BDA-SegmentedRaftLogWorker: Starting segment from index:0
2022-11-03 16:01:22,113 [556da25a-9bc8-419d-83a0-dc1d92c1e895@group-59B1A9201BDA-SegmentedRaftLogWorker] INFO  segmented.SegmentedRaftLogWorker (SegmentedRaftLogWorker.java:execute(656)) - 556da25a-9bc8-419d-83a0-dc1d92c1e895@group-59B1A9201BDA-SegmentedRaftLogWorker: created new log segment /home/runner/work/ozone/ozone/hadoop-ozone/integration-test/target/test-dir/MiniOzoneClusterImpl-84bf62e0-a170-4695-9dd9-8848938f690d/datanode-1/data/ratis/79b5d2ba-fb92-48c4-a867-59b1a9201bda/current/log_inprogress_0
2022-11-03 16:01:22,113 [556da25a-9bc8-419d-83a0-dc1d92c1e895@group-59B1A9201BDA-LeaderElection4] INFO  server.RaftServer$Division (ServerState.java:setRaftConf(430)) - 556da25a-9bc8-419d-83a0-dc1d92c1e895@group-59B1A9201BDA: set configuration 0: peers:[556da25a-9bc8-419d-83a0-dc1d92c1e895|rpc:10.1.1.36:41941|dataStream:|priority:1|startupRole:FOLLOWER]|listeners:[], old=null
2022-11-03 16:01:22,392 [b2efe8a5-99bb-41e7-9296-f49000549216@group-93AA63AA76A7-FollowerState] INFO  impl.FollowerState (FollowerState.java:run(143)) - b2efe8a5-99bb-41e7-9296-f49000549216@group-93AA63AA76A7-FollowerState: change to CANDIDATE, lastRpcElapsedTime:5009072369ns, electionTimeout:5007ms
2022-11-03 16:01:22,392 [b2efe8a5-99bb-41e7-9296-f49000549216@group-93AA63AA76A7-FollowerState] INFO  impl.RoleInfo (RoleInfo.java:shutdownFollowerState(110)) - b2efe8a5-99bb-41e7-9296-f49000549216: shutdown b2efe8a5-99bb-41e7-9296-f49000549216@group-93AA63AA76A7-FollowerState
2022-11-03 16:01:22,392 [b2efe8a5-99bb-41e7-9296-f49000549216@group-93AA63AA76A7-FollowerState] INFO  server.RaftServer$Division (RaftServerImpl.java:setRole(321)) - b2efe8a5-99bb-41e7-9296-f49000549216@group-93AA63AA76A7: changes role from  FOLLOWER to CANDIDATE at term 0 for changeToCandidate
2022-11-03 16:01:22,392 [b2efe8a5-99bb-41e7-9296-f49000549216@group-93AA63AA76A7-FollowerState] INFO  server.RaftServerConfigKeys (ConfUtils.java:logGet(46)) - raft.server.leaderelection.pre-vote = false (custom)
2022-11-03 16:01:22,392 [b2efe8a5-99bb-41e7-9296-f49000549216@group-93AA63AA76A7-FollowerState] INFO  impl.RoleInfo (RoleInfo.java:updateAndGet(139)) - b2efe8a5-99bb-41e7-9296-f49000549216: start b2efe8a5-99bb-41e7-9296-f49000549216@group-93AA63AA76A7-LeaderElection5
2022-11-03 16:01:22,397 [b2efe8a5-99bb-41e7-9296-f49000549216@group-93AA63AA76A7-LeaderElection5] INFO  impl.LeaderElection (LeaderElection.java:askForVotes(312)) - b2efe8a5-99bb-41e7-9296-f49000549216@group-93AA63AA76A7-LeaderElection5 ELECTION round 0: submit vote requests at term 1 for -1: peers:[b2efe8a5-99bb-41e7-9296-f49000549216|rpc:10.1.1.36:39397|priority:1|startupRole:FOLLOWER]|listeners:[], old=null
2022-11-03 16:01:22,397 [b2efe8a5-99bb-41e7-9296-f49000549216@group-93AA63AA76A7-LeaderElection5] INFO  impl.LeaderElection (LeaderElection.java:askForVotes(314)) - b2efe8a5-99bb-41e7-9296-f49000549216@group-93AA63AA76A7-LeaderElection5 ELECTION round 0: result PASSED (term=1)
2022-11-03 16:01:22,397 [b2efe8a5-99bb-41e7-9296-f49000549216@group-93AA63AA76A7-LeaderElection5] INFO  impl.RoleInfo (RoleInfo.java:shutdownLeaderElection(130)) - b2efe8a5-99bb-41e7-9296-f49000549216: shutdown b2efe8a5-99bb-41e7-9296-f49000549216@group-93AA63AA76A7-LeaderElection5
2022-11-03 16:01:22,397 [b2efe8a5-99bb-41e7-9296-f49000549216@group-93AA63AA76A7-LeaderElection5] INFO  server.RaftServer$Division (RaftServerImpl.java:setRole(321)) - b2efe8a5-99bb-41e7-9296-f49000549216@group-93AA63AA76A7: changes role from CANDIDATE to LEADER at term 1 for changeToLeader
2022-11-03 16:01:22,397 [b2efe8a5-99bb-41e7-9296-f49000549216@group-93AA63AA76A7-LeaderElection5] INFO  ratis.XceiverServerRatis (XceiverServerRatis.java:handleLeaderChangedNotification(863)) - Leader change notification received for group: group-93AA63AA76A7 with new leaderId: b2efe8a5-99bb-41e7-9296-f49000549216
2022-11-03 16:01:22,397 [b2efe8a5-99bb-41e7-9296-f49000549216@group-93AA63AA76A7-LeaderElection5] INFO  server.RaftServer$Division (ServerState.java:setLeader(313)) - b2efe8a5-99bb-41e7-9296-f49000549216@group-93AA63AA76A7: change Leader from null to b2efe8a5-99bb-41e7-9296-f49000549216 at term 1 for becomeLeader, leader elected after 5047ms
2022-11-03 16:01:22,397 [b2efe8a5-99bb-41e7-9296-f49000549216@group-93AA63AA76A7-LeaderElection5] INFO  server.RaftServerConfigKeys (ConfUtils.java:logGet(46)) - raft.server.staging.catchup.gap = 1000 (default)
2022-11-03 16:01:22,397 [b2efe8a5-99bb-41e7-9296-f49000549216@group-93AA63AA76A7-LeaderElection5] INFO  server.RaftServerConfigKeys (ConfUtils.java:logGet(46)) - raft.server.write.element-limit = 1024 (custom)
2022-11-03 16:01:22,398 [b2efe8a5-99bb-41e7-9296-f49000549216@group-93AA63AA76A7-LeaderElection5] INFO  server.RaftServerConfigKeys (ConfUtils.java:logGet(46)) - raft.server.write.byte-limit = 1024 M (=1073741824) (custom)
2022-11-03 16:01:22,399 [EventQueue-OpenPipelineForHealthyPipelineSafeModeRule] INFO  safemode.SCMSafeModeManager (HealthyPipelineSafeModeRule.java:process(137)) - SCM in safe mode. Healthy pipelines reported count is 0, required healthy pipeline reported count is 1
2022-11-03 16:01:22,403 [b2efe8a5-99bb-41e7-9296-f49000549216@group-93AA63AA76A7-LeaderElection5] INFO  server.RaftServerConfigKeys (ConfUtils.java:logGet(46)) - raft.server.watch.timeout = 180s (custom)
2022-11-03 16:01:22,403 [b2efe8a5-99bb-41e7-9296-f49000549216@group-93AA63AA76A7-LeaderElection5] INFO  server.RaftServerConfigKeys (ConfUtils.java:logGet(46)) - raft.server.watch.timeout.denomination = 1s (default)
2022-11-03 16:01:22,403 [b2efe8a5-99bb-41e7-9296-f49000549216@group-93AA63AA76A7-LeaderElection5] INFO  server.RaftServerConfigKeys (ConfUtils.java:logGet(46)) - raft.server.watch.element-limit = 65536 (default)
2022-11-03 16:01:22,403 [b2efe8a5-99bb-41e7-9296-f49000549216@group-93AA63AA76A7-LeaderElection5] INFO  server.RaftServerConfigKeys (ConfUtils.java:logGet(46)) - raft.server.write.element-limit = 1024 (custom)
2022-11-03 16:01:22,404 [b2efe8a5-99bb-41e7-9296-f49000549216@group-93AA63AA76A7-LeaderElection5] INFO  server.RaftServerConfigKeys (ConfUtils.java:logGet(46)) - raft.server.write.follower.gap.ratio.max = -1.0 (default)
2022-11-03 16:01:22,404 [b2efe8a5-99bb-41e7-9296-f49000549216@group-93AA63AA76A7-LeaderElection5] INFO  impl.RoleInfo (RoleInfo.java:updateAndGet(139)) - b2efe8a5-99bb-41e7-9296-f49000549216: start b2efe8a5-99bb-41e7-9296-f49000549216@group-93AA63AA76A7-LeaderStateImpl
2022-11-03 16:01:22,404 [b2efe8a5-99bb-41e7-9296-f49000549216@group-93AA63AA76A7-LeaderElection5] INFO  segmented.SegmentedRaftLogWorker (SegmentedRaftLogWorker.java:startLogSegment(452)) - b2efe8a5-99bb-41e7-9296-f49000549216@group-93AA63AA76A7-SegmentedRaftLogWorker: Starting segment from index:0
2022-11-03 16:01:22,405 [b2efe8a5-99bb-41e7-9296-f49000549216@group-93AA63AA76A7-SegmentedRaftLogWorker] INFO  segmented.SegmentedRaftLogWorker (SegmentedRaftLogWorker.java:execute(656)) - b2efe8a5-99bb-41e7-9296-f49000549216@group-93AA63AA76A7-SegmentedRaftLogWorker: created new log segment /home/runner/work/ozone/ozone/hadoop-ozone/integration-test/target/test-dir/MiniOzoneClusterImpl-84bf62e0-a170-4695-9dd9-8848938f690d/datanode-2/data/ratis/b7930c4f-caf2-4553-816e-93aa63aa76a7/current/log_inprogress_0
2022-11-03 16:01:22,406 [b2efe8a5-99bb-41e7-9296-f49000549216@group-93AA63AA76A7-LeaderElection5] INFO  server.RaftServer$Division (ServerState.java:setRaftConf(430)) - b2efe8a5-99bb-41e7-9296-f49000549216@group-93AA63AA76A7: set configuration 0: peers:[b2efe8a5-99bb-41e7-9296-f49000549216|rpc:10.1.1.36:39397|dataStream:|priority:1|startupRole:FOLLOWER]|listeners:[], old=null
2022-11-03 16:01:22,482 [8d7ec919-acd2-4b88-a99a-dd9f5739b33b@group-BEB6889659DA-FollowerState] INFO  impl.FollowerState (FollowerState.java:run(143)) - 8d7ec919-acd2-4b88-a99a-dd9f5739b33b@group-BEB6889659DA-FollowerState: change to CANDIDATE, lastRpcElapsedTime:5061801692ns, electionTimeout:5054ms
2022-11-03 16:01:22,482 [8d7ec919-acd2-4b88-a99a-dd9f5739b33b@group-BEB6889659DA-FollowerState] INFO  impl.RoleInfo (RoleInfo.java:shutdownFollowerState(110)) - 8d7ec919-acd2-4b88-a99a-dd9f5739b33b: shutdown 8d7ec919-acd2-4b88-a99a-dd9f5739b33b@group-BEB6889659DA-FollowerState
2022-11-03 16:01:22,482 [8d7ec919-acd2-4b88-a99a-dd9f5739b33b@group-BEB6889659DA-FollowerState] INFO  server.RaftServer$Division (RaftServerImpl.java:setRole(321)) - 8d7ec919-acd2-4b88-a99a-dd9f5739b33b@group-BEB6889659DA: changes role from  FOLLOWER to CANDIDATE at term 0 for changeToCandidate
2022-11-03 16:01:22,483 [8d7ec919-acd2-4b88-a99a-dd9f5739b33b@group-BEB6889659DA-FollowerState] INFO  server.RaftServerConfigKeys (ConfUtils.java:logGet(46)) - raft.server.leaderelection.pre-vote = false (custom)
2022-11-03 16:01:22,483 [8d7ec919-acd2-4b88-a99a-dd9f5739b33b@group-BEB6889659DA-FollowerState] INFO  impl.RoleInfo (RoleInfo.java:updateAndGet(139)) - 8d7ec919-acd2-4b88-a99a-dd9f5739b33b: start 8d7ec919-acd2-4b88-a99a-dd9f5739b33b@group-BEB6889659DA-LeaderElection6
2022-11-03 16:01:22,488 [8d7ec919-acd2-4b88-a99a-dd9f5739b33b@group-BEB6889659DA-LeaderElection6] INFO  impl.LeaderElection (LeaderElection.java:askForVotes(312)) - 8d7ec919-acd2-4b88-a99a-dd9f5739b33b@group-BEB6889659DA-LeaderElection6 ELECTION round 0: submit vote requests at term 1 for -1: peers:[8d7ec919-acd2-4b88-a99a-dd9f5739b33b|rpc:10.1.1.36:45267|priority:1|startupRole:FOLLOWER, b2efe8a5-99bb-41e7-9296-f49000549216|rpc:10.1.1.36:39397|priority:0|startupRole:FOLLOWER, 556da25a-9bc8-419d-83a0-dc1d92c1e895|rpc:10.1.1.36:41941|priority:0|startupRole:FOLLOWER]|listeners:[], old=null
2022-11-03 16:01:22,488 [8d7ec919-acd2-4b88-a99a-dd9f5739b33b@group-BEB6889659DA-LeaderElection6] INFO  server.RaftServerConfigKeys (ConfUtils.java:logFallback(53)) - raft.server.rpc.first-election.timeout.min = 5s (fallback to raft.server.rpc.timeout.min)
2022-11-03 16:01:22,488 [8d7ec919-acd2-4b88-a99a-dd9f5739b33b@group-BEB6889659DA-LeaderElection6] INFO  server.RaftServerConfigKeys (ConfUtils.java:logFallback(53)) - raft.server.rpc.first-election.timeout.max = 5200ms (fallback to raft.server.rpc.timeout.max)
2022-11-03 16:01:22,492 [grpc-default-executor-0] INFO  server.RaftServer$Division (RaftServerImpl.java:requestVote(1218)) - 556da25a-9bc8-419d-83a0-dc1d92c1e895@group-BEB6889659DA: receive requestVote(ELECTION, 8d7ec919-acd2-4b88-a99a-dd9f5739b33b, group-BEB6889659DA, 1, (t:0, i:0))
2022-11-03 16:01:22,492 [grpc-default-executor-0] INFO  impl.VoteContext (VoteContext.java:log(48)) - 556da25a-9bc8-419d-83a0-dc1d92c1e895@group-BEB6889659DA-FOLLOWER: accept ELECTION from 8d7ec919-acd2-4b88-a99a-dd9f5739b33b: our priority 0 <= candidate's priority 1
2022-11-03 16:01:22,492 [grpc-default-executor-0] INFO  server.RaftServer$Division (RaftServerImpl.java:setRole(321)) - 556da25a-9bc8-419d-83a0-dc1d92c1e895@group-BEB6889659DA: changes role from  FOLLOWER to FOLLOWER at term 1 for candidate:8d7ec919-acd2-4b88-a99a-dd9f5739b33b
2022-11-03 16:01:22,492 [grpc-default-executor-0] INFO  impl.RoleInfo (RoleInfo.java:shutdownFollowerState(110)) - 556da25a-9bc8-419d-83a0-dc1d92c1e895: shutdown 556da25a-9bc8-419d-83a0-dc1d92c1e895@group-BEB6889659DA-FollowerState
2022-11-03 16:01:22,493 [grpc-default-executor-0] INFO  impl.RoleInfo (RoleInfo.java:updateAndGet(139)) - 556da25a-9bc8-419d-83a0-dc1d92c1e895: start 556da25a-9bc8-419d-83a0-dc1d92c1e895@group-BEB6889659DA-FollowerState
2022-11-03 16:01:22,493 [556da25a-9bc8-419d-83a0-dc1d92c1e895@group-BEB6889659DA-FollowerState] INFO  impl.FollowerState (FollowerState.java:run(152)) - 556da25a-9bc8-419d-83a0-dc1d92c1e895@group-BEB6889659DA-FollowerState was interrupted
2022-11-03 16:01:22,497 [grpc-default-executor-0] INFO  server.RaftServer$Division (RaftServerImpl.java:requestVote(1251)) - 556da25a-9bc8-419d-83a0-dc1d92c1e895@group-BEB6889659DA replies to ELECTION vote request: 8d7ec919-acd2-4b88-a99a-dd9f5739b33b<-556da25a-9bc8-419d-83a0-dc1d92c1e895#0:OK-t1. Peer's state: 556da25a-9bc8-419d-83a0-dc1d92c1e895@group-BEB6889659DA:t1, leader=null, voted=8d7ec919-acd2-4b88-a99a-dd9f5739b33b, raftlog=Memoized:556da25a-9bc8-419d-83a0-dc1d92c1e895@group-BEB6889659DA-SegmentedRaftLog:OPENED:c-1, conf=-1: peers:[8d7ec919-acd2-4b88-a99a-dd9f5739b33b|rpc:10.1.1.36:45267|priority:1|startupRole:FOLLOWER, b2efe8a5-99bb-41e7-9296-f49000549216|rpc:10.1.1.36:39397|priority:0|startupRole:FOLLOWER, 556da25a-9bc8-419d-83a0-dc1d92c1e895|rpc:10.1.1.36:41941|priority:0|startupRole:FOLLOWER]|listeners:[], old=null
2022-11-03 16:01:22,498 [8d7ec919-acd2-4b88-a99a-dd9f5739b33b@group-BEB6889659DA-LeaderElection6] INFO  impl.LeaderElection (LeaderElection.java:logAndReturn(90)) - 8d7ec919-acd2-4b88-a99a-dd9f5739b33b@group-BEB6889659DA-LeaderElection6: ELECTION PASSED received 1 response(s) and 0 exception(s):
2022-11-03 16:01:22,499 [8d7ec919-acd2-4b88-a99a-dd9f5739b33b@group-BEB6889659DA-LeaderElection6] INFO  impl.LeaderElection (LeaderElection.java:logAndReturn(94)) -   Response 0: 8d7ec919-acd2-4b88-a99a-dd9f5739b33b<-556da25a-9bc8-419d-83a0-dc1d92c1e895#0:OK-t1
2022-11-03 16:01:22,497 [grpc-default-executor-1] INFO  server.RaftServer$Division (RaftServerImpl.java:requestVote(1218)) - b2efe8a5-99bb-41e7-9296-f49000549216@group-BEB6889659DA: receive requestVote(ELECTION, 8d7ec919-acd2-4b88-a99a-dd9f5739b33b, group-BEB6889659DA, 1, (t:0, i:0))
2022-11-03 16:01:22,500 [grpc-default-executor-1] INFO  impl.VoteContext (VoteContext.java:log(48)) - b2efe8a5-99bb-41e7-9296-f49000549216@group-BEB6889659DA-FOLLOWER: accept ELECTION from 8d7ec919-acd2-4b88-a99a-dd9f5739b33b: our priority 0 <= candidate's priority 1
2022-11-03 16:01:22,500 [grpc-default-executor-1] INFO  server.RaftServer$Division (RaftServerImpl.java:setRole(321)) - b2efe8a5-99bb-41e7-9296-f49000549216@group-BEB6889659DA: changes role from  FOLLOWER to FOLLOWER at term 1 for candidate:8d7ec919-acd2-4b88-a99a-dd9f5739b33b
2022-11-03 16:01:22,500 [grpc-default-executor-1] INFO  impl.RoleInfo (RoleInfo.java:shutdownFollowerState(110)) - b2efe8a5-99bb-41e7-9296-f49000549216: shutdown b2efe8a5-99bb-41e7-9296-f49000549216@group-BEB6889659DA-FollowerState
2022-11-03 16:01:22,500 [grpc-default-executor-1] INFO  impl.RoleInfo (RoleInfo.java:updateAndGet(139)) - b2efe8a5-99bb-41e7-9296-f49000549216: start b2efe8a5-99bb-41e7-9296-f49000549216@group-BEB6889659DA-FollowerState
2022-11-03 16:01:22,499 [556da25a-9bc8-419d-83a0-dc1d92c1e895@group-BEB6889659DA-FollowerState] INFO  server.RaftServerConfigKeys (ConfUtils.java:logFallback(53)) - raft.server.rpc.first-election.timeout.min = 5s (fallback to raft.server.rpc.timeout.min)
2022-11-03 16:01:22,499 [8d7ec919-acd2-4b88-a99a-dd9f5739b33b@group-BEB6889659DA-LeaderElection6] INFO  impl.LeaderElection (LeaderElection.java:askForVotes(314)) - 8d7ec919-acd2-4b88-a99a-dd9f5739b33b@group-BEB6889659DA-LeaderElection6 ELECTION round 0: result PASSED
2022-11-03 16:01:22,500 [b2efe8a5-99bb-41e7-9296-f49000549216@group-BEB6889659DA-FollowerState] INFO  impl.FollowerState (FollowerState.java:run(152)) - b2efe8a5-99bb-41e7-9296-f49000549216@group-BEB6889659DA-FollowerState was interrupted
2022-11-03 16:01:22,501 [8d7ec919-acd2-4b88-a99a-dd9f5739b33b@group-BEB6889659DA-LeaderElection6] INFO  impl.RoleInfo (RoleInfo.java:shutdownLeaderElection(130)) - 8d7ec919-acd2-4b88-a99a-dd9f5739b33b: shutdown 8d7ec919-acd2-4b88-a99a-dd9f5739b33b@group-BEB6889659DA-LeaderElection6
2022-11-03 16:01:22,501 [556da25a-9bc8-419d-83a0-dc1d92c1e895@group-BEB6889659DA-FollowerState] INFO  server.RaftServerConfigKeys (ConfUtils.java:logFallback(53)) - raft.server.rpc.first-election.timeout.max = 5200ms (fallback to raft.server.rpc.timeout.max)
2022-11-03 16:01:22,501 [8d7ec919-acd2-4b88-a99a-dd9f5739b33b@group-BEB6889659DA-LeaderElection6] INFO  server.RaftServer$Division (RaftServerImpl.java:setRole(321)) - 8d7ec919-acd2-4b88-a99a-dd9f5739b33b@group-BEB6889659DA: changes role from CANDIDATE to LEADER at term 1 for changeToLeader
2022-11-03 16:01:22,501 [8d7ec919-acd2-4b88-a99a-dd9f5739b33b@group-BEB6889659DA-LeaderElection6] INFO  ratis.XceiverServerRatis (XceiverServerRatis.java:handleLeaderChangedNotification(863)) - Leader change notification received for group: group-BEB6889659DA with new leaderId: 8d7ec919-acd2-4b88-a99a-dd9f5739b33b
2022-11-03 16:01:22,505 [8d7ec919-acd2-4b88-a99a-dd9f5739b33b@group-BEB6889659DA-LeaderElection6] INFO  server.RaftServer$Division (ServerState.java:setLeader(313)) - 8d7ec919-acd2-4b88-a99a-dd9f5739b33b@group-BEB6889659DA: change Leader from null to 8d7ec919-acd2-4b88-a99a-dd9f5739b33b at term 1 for becomeLeader, leader elected after 5104ms
2022-11-03 16:01:22,505 [8d7ec919-acd2-4b88-a99a-dd9f5739b33b@group-BEB6889659DA-LeaderElection6] INFO  server.RaftServerConfigKeys (ConfUtils.java:logGet(46)) - raft.server.staging.catchup.gap = 1000 (default)
2022-11-03 16:01:22,505 [8d7ec919-acd2-4b88-a99a-dd9f5739b33b@group-BEB6889659DA-LeaderElection6] INFO  server.RaftServerConfigKeys (ConfUtils.java:logGet(46)) - raft.server.write.element-limit = 1024 (custom)
2022-11-03 16:01:22,505 [8d7ec919-acd2-4b88-a99a-dd9f5739b33b@group-BEB6889659DA-LeaderElection6] INFO  server.RaftServerConfigKeys (ConfUtils.java:logGet(46)) - raft.server.write.byte-limit = 1024 M (=1073741824) (custom)
2022-11-03 16:01:22,505 [8d7ec919-acd2-4b88-a99a-dd9f5739b33b@group-BEB6889659DA-LeaderElection6] INFO  server.RaftServerConfigKeys (ConfUtils.java:logGet(46)) - raft.server.watch.timeout = 180s (custom)
2022-11-03 16:01:22,506 [8d7ec919-acd2-4b88-a99a-dd9f5739b33b@group-BEB6889659DA-LeaderElection6] INFO  server.RaftServerConfigKeys (ConfUtils.java:logGet(46)) - raft.server.watch.timeout.denomination = 1s (default)
2022-11-03 16:01:22,506 [8d7ec919-acd2-4b88-a99a-dd9f5739b33b@group-BEB6889659DA-LeaderElection6] INFO  server.RaftServerConfigKeys (ConfUtils.java:logGet(46)) - raft.server.watch.element-limit = 65536 (default)
2022-11-03 16:01:22,506 [8d7ec919-acd2-4b88-a99a-dd9f5739b33b@group-BEB6889659DA-LeaderElection6] INFO  server.RaftServerConfigKeys (ConfUtils.java:logGet(46)) - raft.server.write.element-limit = 1024 (custom)
2022-11-03 16:01:22,506 [8d7ec919-acd2-4b88-a99a-dd9f5739b33b@group-BEB6889659DA-LeaderElection6] INFO  server.RaftServerConfigKeys (ConfUtils.java:logGet(46)) - raft.server.write.follower.gap.ratio.max = -1.0 (default)
2022-11-03 16:01:22,510 [EventQueue-PipelineReportForPipelineReportHandler] INFO  pipeline.PipelineManagerImpl (PipelineManagerImpl.java:openPipeline(367)) - Pipeline Pipeline[ Id: cd4b2498-b69b-44d6-af4e-beb6889659da, Nodes: b2efe8a5-99bb-41e7-9296-f49000549216{ip: 10.1.1.36, host: fv-az47-358.mma5zatft5wupo5mzspaixdheh.bx.internal.cloudapp.net, ports: [REPLICATION=33417, RATIS=39397, RATIS_ADMIN=39397, RATIS_SERVER=39397, STANDALONE=42203], networkLocation: /default-rack, certSerialId: null, persistedOpState: IN_SERVICE, persistedOpStateExpiryEpochSec: 0}8d7ec919-acd2-4b88-a99a-dd9f5739b33b{ip: 10.1.1.36, host: fv-az47-358.mma5zatft5wupo5mzspaixdheh.bx.internal.cloudapp.net, ports: [REPLICATION=34637, RATIS=45267, RATIS_ADMIN=45267, RATIS_SERVER=45267, STANDALONE=43171], networkLocation: /default-rack, certSerialId: null, persistedOpState: IN_SERVICE, persistedOpStateExpiryEpochSec: 0}556da25a-9bc8-419d-83a0-dc1d92c1e895{ip: 10.1.1.36, host: fv-az47-358.mma5zatft5wupo5mzspaixdheh.bx.internal.cloudapp.net, ports: [REPLICATION=36403, RATIS=41941, RATIS_ADMIN=41941, RATIS_SERVER=41941, STANDALONE=44967], networkLocation: /default-rack, certSerialId: null, persistedOpState: IN_SERVICE, persistedOpStateExpiryEpochSec: 0}, ReplicationConfig: RATIS/THREE, State:ALLOCATED, leaderId:8d7ec919-acd2-4b88-a99a-dd9f5739b33b, CreationTimestamp2022-11-03T16:01:14.358Z[Etc/UTC]] moved to OPEN state
2022-11-03 16:01:22,510 [EventQueue-OpenPipelineForHealthyPipelineSafeModeRule] INFO  safemode.SCMSafeModeManager (HealthyPipelineSafeModeRule.java:process(137)) - SCM in safe mode. Healthy pipelines reported count is 0, required healthy pipeline reported count is 1
2022-11-03 16:01:22,510 [EventQueue-OpenPipelineForHealthyPipelineSafeModeRule] INFO  safemode.SCMSafeModeManager (HealthyPipelineSafeModeRule.java:process(137)) - SCM in safe mode. Healthy pipelines reported count is 1, required healthy pipeline reported count is 1
2022-11-03 16:01:22,510 [EventQueue-OpenPipelineForHealthyPipelineSafeModeRule] INFO  safemode.SCMSafeModeManager (SCMSafeModeManager.java:validateSafeModeExitRules(204)) - HealthyPipelineSafeModeRule rule is successfully validated
2022-11-03 16:01:22,510 [EventQueue-OpenPipelineForHealthyPipelineSafeModeRule] INFO  safemode.SCMSafeModeManager (SCMSafeModeManager.java:validateSafeModeExitRules(219)) - ScmSafeModeManager, all rules are successfully validated
2022-11-03 16:01:22,510 [EventQueue-OpenPipelineForHealthyPipelineSafeModeRule] INFO  safemode.SCMSafeModeManager (SCMSafeModeManager.java:exitSafeMode(248)) - SCM exiting safe mode.
2022-11-03 16:01:22,510 [EventQueue-OpenPipelineForHealthyPipelineSafeModeRule] WARN  events.EventQueue (EventQueue.java:fireEvent(216)) - No event handler registered for event TypedEvent{payloadType=SafeModeStatus, name='Safe mode status'}
2022-11-03 16:01:22,510 [EventQueue-OpenPipelineForHealthyPipelineSafeModeRule] INFO  ha.SCMContext (SCMContext.java:updateSafeModeStatus(228)) - Update SafeModeStatus from SafeModeStatus{safeModeStatus=true, preCheckPassed=true} to SafeModeStatus{safeModeStatus=false, preCheckPassed=true}.
2022-11-03 16:01:22,511 [EventQueue-OpenPipelineForHealthyPipelineSafeModeRule] INFO  pipeline.BackgroundPipelineCreator (BackgroundPipelineCreator.java:notifyStatusChanged(254)) - Service BackgroundPipelineCreator transitions to RUNNING.
2022-11-03 16:01:22,511 [EventQueue-OpenPipelineForHealthyPipelineSafeModeRule] INFO  BackgroundPipelineScrubber (BackgroundSCMService.java:notifyStatusChanged(82)) - Service BackgroundPipelineScrubber transitions to RUNNING.
2022-11-03 16:01:22,511 [EventQueue-OpenPipelineForHealthyPipelineSafeModeRule] INFO  ExpiredContainerReplicaOpScrubber (BackgroundSCMService.java:notifyStatusChanged(82)) - Service ExpiredContainerReplicaOpScrubber transitions to RUNNING.
2022-11-03 16:01:22,511 [EventQueue-OpenPipelineForHealthyPipelineSafeModeRule] INFO  replication.ReplicationManager (ReplicationManager.java:notifyStatusChanged(798)) - Service ReplicationManager transitions to RUNNING.
2022-11-03 16:01:22,514 [EventQueue-OpenPipelineForHealthyPipelineSafeModeRule] WARN  balancer.ContainerBalancer (ContainerBalancer.java:shouldRun(131)) - Could not find persisted configuration for ContainerBalancer when checking if ContainerBalancer should run. ContainerBalancer should not run now.
2022-11-03 16:01:22,519 [b2efe8a5-99bb-41e7-9296-f49000549216@group-BEB6889659DA-FollowerState] INFO  server.RaftServerConfigKeys (ConfUtils.java:logFallback(53)) - raft.server.rpc.first-election.timeout.min = 5s (fallback to raft.server.rpc.timeout.min)
2022-11-03 16:01:22,519 [b2efe8a5-99bb-41e7-9296-f49000549216@group-BEB6889659DA-FollowerState] INFO  server.RaftServerConfigKeys (ConfUtils.java:logFallback(53)) - raft.server.rpc.first-election.timeout.max = 5200ms (fallback to raft.server.rpc.timeout.max)
2022-11-03 16:01:22,520 [grpc-default-executor-1] INFO  server.RaftServer$Division (RaftServerImpl.java:requestVote(1251)) - b2efe8a5-99bb-41e7-9296-f49000549216@group-BEB6889659DA replies to ELECTION vote request: 8d7ec919-acd2-4b88-a99a-dd9f5739b33b<-b2efe8a5-99bb-41e7-9296-f49000549216#0:OK-t1. Peer's state: b2efe8a5-99bb-41e7-9296-f49000549216@group-BEB6889659DA:t1, leader=null, voted=8d7ec919-acd2-4b88-a99a-dd9f5739b33b, raftlog=Memoized:b2efe8a5-99bb-41e7-9296-f49000549216@group-BEB6889659DA-SegmentedRaftLog:OPENED:c-1, conf=-1: peers:[8d7ec919-acd2-4b88-a99a-dd9f5739b33b|rpc:10.1.1.36:45267|priority:1|startupRole:FOLLOWER, b2efe8a5-99bb-41e7-9296-f49000549216|rpc:10.1.1.36:39397|priority:0|startupRole:FOLLOWER, 556da25a-9bc8-419d-83a0-dc1d92c1e895|rpc:10.1.1.36:41941|priority:0|startupRole:FOLLOWER]|listeners:[], old=null
2022-11-03 16:01:22,527 [8d7ec919-acd2-4b88-a99a-dd9f5739b33b@group-BEB6889659DA-LeaderElection6] INFO  server.RaftServerConfigKeys (ConfUtils.java:logGet(46)) - raft.server.log.appender.snapshot.chunk.size.max = 16MB (=16777216) (default)
2022-11-03 16:01:22,527 [8d7ec919-acd2-4b88-a99a-dd9f5739b33b@group-BEB6889659DA-LeaderElection6] INFO  server.RaftServerConfigKeys (ConfUtils.java:logGet(46)) - raft.server.log.appender.buffer.byte-limit = 33554432 (custom)
2022-11-03 16:01:22,527 [8d7ec919-acd2-4b88-a99a-dd9f5739b33b@group-BEB6889659DA-LeaderElection6] INFO  server.RaftServerConfigKeys (ConfUtils.java:logGet(46)) - raft.server.log.appender.buffer.element-limit = 1 (custom)
2022-11-03 16:01:22,530 [8d7ec919-acd2-4b88-a99a-dd9f5739b33b@group-BEB6889659DA-LeaderElection6] INFO  grpc.GrpcConfigKeys (ConfUtils.java:logGet(46)) - raft.grpc.server.leader.outstanding.appends.max = 128 (default)
2022-11-03 16:01:22,530 [8d7ec919-acd2-4b88-a99a-dd9f5739b33b@group-BEB6889659DA-LeaderElection6] INFO  server.RaftServerConfigKeys (ConfUtils.java:logGet(46)) - raft.server.rpc.request.timeout = 60s (custom)
2022-11-03 16:01:22,530 [8d7ec919-acd2-4b88-a99a-dd9f5739b33b@group-BEB6889659DA-LeaderElection6] INFO  server.RaftServerConfigKeys (ConfUtils.java:logGet(46)) - raft.server.log.appender.install.snapshot.enabled = false (custom)
2022-11-03 16:01:22,530 [8d7ec919-acd2-4b88-a99a-dd9f5739b33b@group-BEB6889659DA-LeaderElection6] INFO  grpc.GrpcConfigKeys (ConfUtils.java:logGet(46)) - raft.grpc.server.heartbeat.channel = true (default)
2022-11-03 16:01:22,530 [8d7ec919-acd2-4b88-a99a-dd9f5739b33b@group-BEB6889659DA-LeaderElection6] INFO  server.RaftServerConfigKeys (ConfUtils.java:logGet(46)) - raft.server.log.appender.wait-time.min = 10ms (default)
2022-11-03 16:01:22,532 [8d7ec919-acd2-4b88-a99a-dd9f5739b33b@group-BEB6889659DA-LeaderElection6] INFO  server.RaftServerConfigKeys (ConfUtils.java:logGet(46)) - raft.server.log.appender.snapshot.chunk.size.max = 16MB (=16777216) (default)
2022-11-03 16:01:22,532 [8d7ec919-acd2-4b88-a99a-dd9f5739b33b@group-BEB6889659DA-LeaderElection6] INFO  server.RaftServerConfigKeys (ConfUtils.java:logGet(46)) - raft.server.log.appender.buffer.byte-limit = 33554432 (custom)
2022-11-03 16:01:22,533 [8d7ec919-acd2-4b88-a99a-dd9f5739b33b@group-BEB6889659DA-LeaderElection6] INFO  server.RaftServerConfigKeys (ConfUtils.java:logGet(46)) - raft.server.log.appender.buffer.element-limit = 1 (custom)
2022-11-03 16:01:22,533 [8d7ec919-acd2-4b88-a99a-dd9f5739b33b@group-BEB6889659DA-LeaderElection6] INFO  grpc.GrpcConfigKeys (ConfUtils.java:logGet(46)) - raft.grpc.server.leader.outstanding.appends.max = 128 (default)
2022-11-03 16:01:22,533 [8d7ec919-acd2-4b88-a99a-dd9f5739b33b@group-BEB6889659DA-LeaderElection6] INFO  server.RaftServerConfigKeys (ConfUtils.java:logGet(46)) - raft.server.rpc.request.timeout = 60s (custom)
2022-11-03 16:01:22,533 [8d7ec919-acd2-4b88-a99a-dd9f5739b33b@group-BEB6889659DA-LeaderElection6] INFO  server.RaftServerConfigKeys (ConfUtils.java:logGet(46)) - raft.server.log.appender.install.snapshot.enabled = false (custom)
2022-11-03 16:01:22,533 [8d7ec919-acd2-4b88-a99a-dd9f5739b33b@group-BEB6889659DA-LeaderElection6] INFO  grpc.GrpcConfigKeys (ConfUtils.java:logGet(46)) - raft.grpc.server.heartbeat.channel = true (default)
2022-11-03 16:01:22,533 [8d7ec919-acd2-4b88-a99a-dd9f5739b33b@group-BEB6889659DA-LeaderElection6] INFO  server.RaftServerConfigKeys (ConfUtils.java:logGet(46)) - raft.server.log.appender.wait-time.min = 10ms (default)
2022-11-03 16:01:22,534 [8d7ec919-acd2-4b88-a99a-dd9f5739b33b@group-BEB6889659DA-LeaderElection6] INFO  impl.RoleInfo (RoleInfo.java:updateAndGet(139)) - 8d7ec919-acd2-4b88-a99a-dd9f5739b33b: start 8d7ec919-acd2-4b88-a99a-dd9f5739b33b@group-BEB6889659DA-LeaderStateImpl
2022-11-03 16:01:22,535 [8d7ec919-acd2-4b88-a99a-dd9f5739b33b@group-BEB6889659DA-LeaderElection6] INFO  segmented.SegmentedRaftLogWorker (SegmentedRaftLogWorker.java:startLogSegment(452)) - 8d7ec919-acd2-4b88-a99a-dd9f5739b33b@group-BEB6889659DA-SegmentedRaftLogWorker: Starting segment from index:0
2022-11-03 16:01:22,536 [8d7ec919-acd2-4b88-a99a-dd9f5739b33b@group-BEB6889659DA-SegmentedRaftLogWorker] INFO  segmented.SegmentedRaftLogWorker (SegmentedRaftLogWorker.java:execute(656)) - 8d7ec919-acd2-4b88-a99a-dd9f5739b33b@group-BEB6889659DA-SegmentedRaftLogWorker: created new log segment /home/runner/work/ozone/ozone/hadoop-ozone/integration-test/target/test-dir/MiniOzoneClusterImpl-84bf62e0-a170-4695-9dd9-8848938f690d/datanode-0/data/ratis/cd4b2498-b69b-44d6-af4e-beb6889659da/current/log_inprogress_0
2022-11-03 16:01:22,553 [8d7ec919-acd2-4b88-a99a-dd9f5739b33b@group-BEB6889659DA-LeaderElection6] INFO  server.RaftServer$Division (ServerState.java:setRaftConf(430)) - 8d7ec919-acd2-4b88-a99a-dd9f5739b33b@group-BEB6889659DA: set configuration 0: peers:[8d7ec919-acd2-4b88-a99a-dd9f5739b33b|rpc:10.1.1.36:45267|dataStream:|priority:1|startupRole:FOLLOWER, b2efe8a5-99bb-41e7-9296-f49000549216|rpc:10.1.1.36:39397|dataStream:|priority:0|startupRole:FOLLOWER, 556da25a-9bc8-419d-83a0-dc1d92c1e895|rpc:10.1.1.36:41941|dataStream:|priority:0|startupRole:FOLLOWER]|listeners:[], old=null
2022-11-03 16:01:22,611 [b2efe8a5-99bb-41e7-9296-f49000549216-server-thread1] INFO  ratis.XceiverServerRatis (XceiverServerRatis.java:handleLeaderChangedNotification(863)) - Leader change notification received for group: group-BEB6889659DA with new leaderId: 8d7ec919-acd2-4b88-a99a-dd9f5739b33b
2022-11-03 16:01:22,612 [b2efe8a5-99bb-41e7-9296-f49000549216-server-thread1] INFO  server.RaftServer$Division (ServerState.java:setLeader(313)) - b2efe8a5-99bb-41e7-9296-f49000549216@group-BEB6889659DA: change Leader from null to 8d7ec919-acd2-4b88-a99a-dd9f5739b33b at term 1 for appendEntries, leader elected after 5207ms
2022-11-03 16:01:22,615 [556da25a-9bc8-419d-83a0-dc1d92c1e895-server-thread1] INFO  ratis.XceiverServerRatis (XceiverServerRatis.java:handleLeaderChangedNotification(863)) - Leader change notification received for group: group-BEB6889659DA with new leaderId: 8d7ec919-acd2-4b88-a99a-dd9f5739b33b
2022-11-03 16:01:22,615 [556da25a-9bc8-419d-83a0-dc1d92c1e895-server-thread1] INFO  server.RaftServer$Division (ServerState.java:setLeader(313)) - 556da25a-9bc8-419d-83a0-dc1d92c1e895@group-BEB6889659DA: change Leader from null to 8d7ec919-acd2-4b88-a99a-dd9f5739b33b at term 1 for appendEntries, leader elected after 5269ms
2022-11-03 16:01:22,636 [b2efe8a5-99bb-41e7-9296-f49000549216-server-thread2] INFO  server.RaftServer$Division (ServerState.java:setRaftConf(430)) - b2efe8a5-99bb-41e7-9296-f49000549216@group-BEB6889659DA: set configuration 0: peers:[8d7ec919-acd2-4b88-a99a-dd9f5739b33b|rpc:10.1.1.36:45267|dataStream:|priority:1|startupRole:FOLLOWER, b2efe8a5-99bb-41e7-9296-f49000549216|rpc:10.1.1.36:39397|dataStream:|priority:0|startupRole:FOLLOWER, 556da25a-9bc8-419d-83a0-dc1d92c1e895|rpc:10.1.1.36:41941|dataStream:|priority:0|startupRole:FOLLOWER]|listeners:[], old=null
2022-11-03 16:01:22,636 [b2efe8a5-99bb-41e7-9296-f49000549216-server-thread2] INFO  segmented.SegmentedRaftLogWorker (SegmentedRaftLogWorker.java:startLogSegment(452)) - b2efe8a5-99bb-41e7-9296-f49000549216@group-BEB6889659DA-SegmentedRaftLogWorker: Starting segment from index:0
2022-11-03 16:01:22,640 [556da25a-9bc8-419d-83a0-dc1d92c1e895-server-thread2] INFO  server.RaftServer$Division (ServerState.java:setRaftConf(430)) - 556da25a-9bc8-419d-83a0-dc1d92c1e895@group-BEB6889659DA: set configuration 0: peers:[8d7ec919-acd2-4b88-a99a-dd9f5739b33b|rpc:10.1.1.36:45267|dataStream:|priority:1|startupRole:FOLLOWER, b2efe8a5-99bb-41e7-9296-f49000549216|rpc:10.1.1.36:39397|dataStream:|priority:0|startupRole:FOLLOWER, 556da25a-9bc8-419d-83a0-dc1d92c1e895|rpc:10.1.1.36:41941|dataStream:|priority:0|startupRole:FOLLOWER]|listeners:[], old=null
2022-11-03 16:01:22,640 [556da25a-9bc8-419d-83a0-dc1d92c1e895-server-thread2] INFO  segmented.SegmentedRaftLogWorker (SegmentedRaftLogWorker.java:startLogSegment(452)) - 556da25a-9bc8-419d-83a0-dc1d92c1e895@group-BEB6889659DA-SegmentedRaftLogWorker: Starting segment from index:0
2022-11-03 16:01:22,640 [b2efe8a5-99bb-41e7-9296-f49000549216@group-BEB6889659DA-SegmentedRaftLogWorker] INFO  segmented.SegmentedRaftLogWorker (SegmentedRaftLogWorker.java:execute(656)) - b2efe8a5-99bb-41e7-9296-f49000549216@group-BEB6889659DA-SegmentedRaftLogWorker: created new log segment /home/runner/work/ozone/ozone/hadoop-ozone/integration-test/target/test-dir/MiniOzoneClusterImpl-84bf62e0-a170-4695-9dd9-8848938f690d/datanode-2/data/ratis/cd4b2498-b69b-44d6-af4e-beb6889659da/current/log_inprogress_0
2022-11-03 16:01:22,642 [556da25a-9bc8-419d-83a0-dc1d92c1e895@group-BEB6889659DA-SegmentedRaftLogWorker] INFO  segmented.SegmentedRaftLogWorker (SegmentedRaftLogWorker.java:execute(656)) - 556da25a-9bc8-419d-83a0-dc1d92c1e895@group-BEB6889659DA-SegmentedRaftLogWorker: created new log segment /home/runner/work/ozone/ozone/hadoop-ozone/integration-test/target/test-dir/MiniOzoneClusterImpl-84bf62e0-a170-4695-9dd9-8848938f690d/datanode-1/data/ratis/cd4b2498-b69b-44d6-af4e-beb6889659da/current/log_inprogress_0
2022-11-03 16:01:22,780 [3af182df-8746-4079-a1aa-2aadbfcb2e37@group-94A5FE1A6C6F-FollowerState] INFO  impl.FollowerState (FollowerState.java:run(143)) - 3af182df-8746-4079-a1aa-2aadbfcb2e37@group-94A5FE1A6C6F-FollowerState: change to CANDIDATE, lastRpcElapsedTime:5070687801ns, electionTimeout:5067ms
2022-11-03 16:01:22,780 [3af182df-8746-4079-a1aa-2aadbfcb2e37@group-94A5FE1A6C6F-FollowerState] INFO  impl.RoleInfo (RoleInfo.java:shutdownFollowerState(110)) - 3af182df-8746-4079-a1aa-2aadbfcb2e37: shutdown 3af182df-8746-4079-a1aa-2aadbfcb2e37@group-94A5FE1A6C6F-FollowerState
2022-11-03 16:01:22,781 [3af182df-8746-4079-a1aa-2aadbfcb2e37@group-94A5FE1A6C6F-FollowerState] INFO  server.RaftServer$Division (RaftServerImpl.java:setRole(321)) - 3af182df-8746-4079-a1aa-2aadbfcb2e37@group-94A5FE1A6C6F: changes role from  FOLLOWER to CANDIDATE at term 0 for changeToCandidate
2022-11-03 16:01:22,781 [3af182df-8746-4079-a1aa-2aadbfcb2e37@group-94A5FE1A6C6F-FollowerState] INFO  server.RaftServerConfigKeys (ConfUtils.java:logGet(46)) - raft.server.leaderelection.pre-vote = false (custom)
2022-11-03 16:01:22,781 [3af182df-8746-4079-a1aa-2aadbfcb2e37@group-94A5FE1A6C6F-FollowerState] INFO  impl.RoleInfo (RoleInfo.java:updateAndGet(139)) - 3af182df-8746-4079-a1aa-2aadbfcb2e37: start 3af182df-8746-4079-a1aa-2aadbfcb2e37@group-94A5FE1A6C6F-LeaderElection7
2022-11-03 16:01:22,785 [3af182df-8746-4079-a1aa-2aadbfcb2e37@group-94A5FE1A6C6F-LeaderElection7] INFO  impl.LeaderElection (LeaderElection.java:askForVotes(312)) - 3af182df-8746-4079-a1aa-2aadbfcb2e37@group-94A5FE1A6C6F-LeaderElection7 ELECTION round 0: submit vote requests at term 1 for -1: peers:[6065ee46-1250-4f2d-bd18-fb99db464885|rpc:10.1.1.36:43193|priority:0|startupRole:FOLLOWER, 2369a186-4f78-4e7b-885b-53a729611fd8|rpc:10.1.1.36:35493|priority:1|startupRole:FOLLOWER, 3af182df-8746-4079-a1aa-2aadbfcb2e37|rpc:10.1.1.36:35587|priority:0|startupRole:FOLLOWER]|listeners:[], old=null
2022-11-03 16:01:22,785 [3af182df-8746-4079-a1aa-2aadbfcb2e37@group-94A5FE1A6C6F-LeaderElection7-1] INFO  server.GrpcServerProtocolClient (GrpcServerProtocolClient.java:<init>(63)) - Build channel for 6065ee46-1250-4f2d-bd18-fb99db464885
2022-11-03 16:01:22,785 [3af182df-8746-4079-a1aa-2aadbfcb2e37@group-94A5FE1A6C6F-LeaderElection7] INFO  server.RaftServerConfigKeys (ConfUtils.java:logFallback(53)) - raft.server.rpc.first-election.timeout.min = 5s (fallback to raft.server.rpc.timeout.min)
2022-11-03 16:01:22,785 [3af182df-8746-4079-a1aa-2aadbfcb2e37@group-94A5FE1A6C6F-LeaderElection7] INFO  server.RaftServerConfigKeys (ConfUtils.java:logFallback(53)) - raft.server.rpc.first-election.timeout.max = 5200ms (fallback to raft.server.rpc.timeout.max)
2022-11-03 16:01:22,786 [3af182df-8746-4079-a1aa-2aadbfcb2e37@group-94A5FE1A6C6F-LeaderElection7-2] INFO  server.GrpcServerProtocolClient (GrpcServerProtocolClient.java:<init>(63)) - Build channel for 2369a186-4f78-4e7b-885b-53a729611fd8
2022-11-03 16:01:22,796 [2369a186-4f78-4e7b-885b-53a729611fd8@group-94A5FE1A6C6F-FollowerState] INFO  impl.FollowerState (FollowerState.java:run(143)) - 2369a186-4f78-4e7b-885b-53a729611fd8@group-94A5FE1A6C6F-FollowerState: change to CANDIDATE, lastRpcElapsedTime:5037106570ns, electionTimeout:5034ms
2022-11-03 16:01:22,797 [2369a186-4f78-4e7b-885b-53a729611fd8@group-94A5FE1A6C6F-FollowerState] INFO  impl.RoleInfo (RoleInfo.java:shutdownFollowerState(110)) - 2369a186-4f78-4e7b-885b-53a729611fd8: shutdown 2369a186-4f78-4e7b-885b-53a729611fd8@group-94A5FE1A6C6F-FollowerState
2022-11-03 16:01:22,797 [2369a186-4f78-4e7b-885b-53a729611fd8@group-94A5FE1A6C6F-FollowerState] INFO  server.RaftServer$Division (RaftServerImpl.java:setRole(321)) - 2369a186-4f78-4e7b-885b-53a729611fd8@group-94A5FE1A6C6F: changes role from  FOLLOWER to CANDIDATE at term 0 for changeToCandidate
2022-11-03 16:01:22,797 [2369a186-4f78-4e7b-885b-53a729611fd8@group-94A5FE1A6C6F-FollowerState] INFO  server.RaftServerConfigKeys (ConfUtils.java:logGet(46)) - raft.server.leaderelection.pre-vote = false (custom)
2022-11-03 16:01:22,797 [2369a186-4f78-4e7b-885b-53a729611fd8@group-94A5FE1A6C6F-FollowerState] INFO  impl.RoleInfo (RoleInfo.java:updateAndGet(139)) - 2369a186-4f78-4e7b-885b-53a729611fd8: start 2369a186-4f78-4e7b-885b-53a729611fd8@group-94A5FE1A6C6F-LeaderElection8
2022-11-03 16:01:22,797 [grpc-default-executor-3] INFO  server.RaftServer$Division (RaftServerImpl.java:requestVote(1218)) - 6065ee46-1250-4f2d-bd18-fb99db464885@group-94A5FE1A6C6F: receive requestVote(ELECTION, 3af182df-8746-4079-a1aa-2aadbfcb2e37, group-94A5FE1A6C6F, 1, (t:0, i:0))
2022-11-03 16:01:22,797 [grpc-default-executor-3] INFO  impl.VoteContext (VoteContext.java:log(48)) - 6065ee46-1250-4f2d-bd18-fb99db464885@group-94A5FE1A6C6F-FOLLOWER: accept ELECTION from 3af182df-8746-4079-a1aa-2aadbfcb2e37: our priority 0 <= candidate's priority 0
2022-11-03 16:01:22,797 [grpc-default-executor-3] INFO  server.RaftServer$Division (RaftServerImpl.java:setRole(321)) - 6065ee46-1250-4f2d-bd18-fb99db464885@group-94A5FE1A6C6F: changes role from  FOLLOWER to FOLLOWER at term 1 for candidate:3af182df-8746-4079-a1aa-2aadbfcb2e37
2022-11-03 16:01:22,797 [grpc-default-executor-3] INFO  impl.RoleInfo (RoleInfo.java:shutdownFollowerState(110)) - 6065ee46-1250-4f2d-bd18-fb99db464885: shutdown 6065ee46-1250-4f2d-bd18-fb99db464885@group-94A5FE1A6C6F-FollowerState
2022-11-03 16:01:22,804 [grpc-default-executor-3] INFO  impl.RoleInfo (RoleInfo.java:updateAndGet(139)) - 6065ee46-1250-4f2d-bd18-fb99db464885: start 6065ee46-1250-4f2d-bd18-fb99db464885@group-94A5FE1A6C6F-FollowerState
2022-11-03 16:01:22,804 [6065ee46-1250-4f2d-bd18-fb99db464885@group-94A5FE1A6C6F-FollowerState] INFO  impl.FollowerState (FollowerState.java:run(152)) - 6065ee46-1250-4f2d-bd18-fb99db464885@group-94A5FE1A6C6F-FollowerState was interrupted
2022-11-03 16:01:22,808 [grpc-default-executor-3] INFO  server.RaftServer$Division (RaftServerImpl.java:requestVote(1251)) - 6065ee46-1250-4f2d-bd18-fb99db464885@group-94A5FE1A6C6F replies to ELECTION vote request: 3af182df-8746-4079-a1aa-2aadbfcb2e37<-6065ee46-1250-4f2d-bd18-fb99db464885#0:OK-t1. Peer's state: 6065ee46-1250-4f2d-bd18-fb99db464885@group-94A5FE1A6C6F:t1, leader=null, voted=3af182df-8746-4079-a1aa-2aadbfcb2e37, raftlog=Memoized:6065ee46-1250-4f2d-bd18-fb99db464885@group-94A5FE1A6C6F-SegmentedRaftLog:OPENED:c-1, conf=-1: peers:[6065ee46-1250-4f2d-bd18-fb99db464885|rpc:10.1.1.36:43193|dataStream:|priority:0|startupRole:FOLLOWER, 2369a186-4f78-4e7b-885b-53a729611fd8|rpc:10.1.1.36:35493|dataStream:|priority:1|startupRole:FOLLOWER, 3af182df-8746-4079-a1aa-2aadbfcb2e37|rpc:10.1.1.36:35587|dataStream:|priority:0|startupRole:FOLLOWER]|listeners:[], old=null
2022-11-03 16:01:22,808 [grpc-default-executor-0] INFO  server.RaftServer$Division (RaftServerImpl.java:requestVote(1218)) - 2369a186-4f78-4e7b-885b-53a729611fd8@group-94A5FE1A6C6F: receive requestVote(ELECTION, 3af182df-8746-4079-a1aa-2aadbfcb2e37, group-94A5FE1A6C6F, 1, (t:0, i:0))
2022-11-03 16:01:22,808 [grpc-default-executor-0] INFO  impl.VoteContext (VoteContext.java:log(48)) - 2369a186-4f78-4e7b-885b-53a729611fd8@group-94A5FE1A6C6F-CANDIDATE: reject ELECTION from 3af182df-8746-4079-a1aa-2aadbfcb2e37: our priority 1 > candidate's priority 0
2022-11-03 16:01:22,808 [grpc-default-executor-0] INFO  server.RaftServer$Division (RaftServerImpl.java:setRole(321)) - 2369a186-4f78-4e7b-885b-53a729611fd8@group-94A5FE1A6C6F: changes role from CANDIDATE to FOLLOWER at term 1 for candidate:3af182df-8746-4079-a1aa-2aadbfcb2e37
2022-11-03 16:01:22,808 [grpc-default-executor-0] INFO  impl.RoleInfo (RoleInfo.java:shutdownLeaderElection(130)) - 2369a186-4f78-4e7b-885b-53a729611fd8: shutdown 2369a186-4f78-4e7b-885b-53a729611fd8@group-94A5FE1A6C6F-LeaderElection8
2022-11-03 16:01:22,808 [grpc-default-executor-0] INFO  impl.RoleInfo (RoleInfo.java:updateAndGet(139)) - 2369a186-4f78-4e7b-885b-53a729611fd8: start 2369a186-4f78-4e7b-885b-53a729611fd8@group-94A5FE1A6C6F-FollowerState
2022-11-03 16:01:22,813 [6065ee46-1250-4f2d-bd18-fb99db464885@group-94A5FE1A6C6F-FollowerState] INFO  server.RaftServerConfigKeys (ConfUtils.java:logFallback(53)) - raft.server.rpc.first-election.timeout.min = 5s (fallback to raft.server.rpc.timeout.min)
2022-11-03 16:01:22,814 [6065ee46-1250-4f2d-bd18-fb99db464885@group-94A5FE1A6C6F-FollowerState] INFO  server.RaftServerConfigKeys (ConfUtils.java:logFallback(53)) - raft.server.rpc.first-election.timeout.max = 5200ms (fallback to raft.server.rpc.timeout.max)
2022-11-03 16:01:22,814 [2369a186-4f78-4e7b-885b-53a729611fd8@group-94A5FE1A6C6F-FollowerState] INFO  server.RaftServerConfigKeys (ConfUtils.java:logFallback(53)) - raft.server.rpc.first-election.timeout.min = 5s (fallback to raft.server.rpc.timeout.min)
2022-11-03 16:01:22,814 [grpc-default-executor-0] INFO  server.RaftServer$Division (RaftServerImpl.java:requestVote(1251)) - 2369a186-4f78-4e7b-885b-53a729611fd8@group-94A5FE1A6C6F replies to ELECTION vote request: 3af182df-8746-4079-a1aa-2aadbfcb2e37<-2369a186-4f78-4e7b-885b-53a729611fd8#0:FAIL-t1. Peer's state: 2369a186-4f78-4e7b-885b-53a729611fd8@group-94A5FE1A6C6F:t1, leader=null, voted=null, raftlog=Memoized:2369a186-4f78-4e7b-885b-53a729611fd8@group-94A5FE1A6C6F-SegmentedRaftLog:OPENED:c-1, conf=-1: peers:[6065ee46-1250-4f2d-bd18-fb99db464885|rpc:10.1.1.36:43193|dataStream:|priority:0|startupRole:FOLLOWER, 2369a186-4f78-4e7b-885b-53a729611fd8|rpc:10.1.1.36:35493|dataStream:|priority:1|startupRole:FOLLOWER, 3af182df-8746-4079-a1aa-2aadbfcb2e37|rpc:10.1.1.36:35587|dataStream:|priority:0|startupRole:FOLLOWER]|listeners:[], old=null
2022-11-03 16:01:22,815 [2369a186-4f78-4e7b-885b-53a729611fd8@group-94A5FE1A6C6F-FollowerState] INFO  server.RaftServerConfigKeys (ConfUtils.java:logFallback(53)) - raft.server.rpc.first-election.timeout.max = 5200ms (fallback to raft.server.rpc.timeout.max)
2022-11-03 16:01:22,816 [3af182df-8746-4079-a1aa-2aadbfcb2e37@group-94A5FE1A6C6F-LeaderElection7] INFO  impl.LeaderElection (LeaderElection.java:logAndReturn(90)) - 3af182df-8746-4079-a1aa-2aadbfcb2e37@group-94A5FE1A6C6F-LeaderElection7: ELECTION REJECTED received 2 response(s) and 0 exception(s):
2022-11-03 16:01:22,816 [3af182df-8746-4079-a1aa-2aadbfcb2e37@group-94A5FE1A6C6F-LeaderElection7] INFO  impl.LeaderElection (LeaderElection.java:logAndReturn(94)) -   Response 0: 3af182df-8746-4079-a1aa-2aadbfcb2e37<-6065ee46-1250-4f2d-bd18-fb99db464885#0:OK-t1
2022-11-03 16:01:22,816 [3af182df-8746-4079-a1aa-2aadbfcb2e37@group-94A5FE1A6C6F-LeaderElection7] INFO  impl.LeaderElection (LeaderElection.java:logAndReturn(94)) -   Response 1: 3af182df-8746-4079-a1aa-2aadbfcb2e37<-2369a186-4f78-4e7b-885b-53a729611fd8#0:FAIL-t1
2022-11-03 16:01:22,816 [3af182df-8746-4079-a1aa-2aadbfcb2e37@group-94A5FE1A6C6F-LeaderElection7] INFO  impl.LeaderElection (LeaderElection.java:askForVotes(314)) - 3af182df-8746-4079-a1aa-2aadbfcb2e37@group-94A5FE1A6C6F-LeaderElection7 ELECTION round 0: result REJECTED
2022-11-03 16:01:22,816 [3af182df-8746-4079-a1aa-2aadbfcb2e37@group-94A5FE1A6C6F-LeaderElection7] INFO  server.RaftServer$Division (RaftServerImpl.java:setRole(321)) - 3af182df-8746-4079-a1aa-2aadbfcb2e37@group-94A5FE1A6C6F: changes role from CANDIDATE to FOLLOWER at term 1 for REJECTED
2022-11-03 16:01:22,816 [3af182df-8746-4079-a1aa-2aadbfcb2e37@group-94A5FE1A6C6F-LeaderElection7] INFO  impl.RoleInfo (RoleInfo.java:shutdownLeaderElection(130)) - 3af182df-8746-4079-a1aa-2aadbfcb2e37: shutdown 3af182df-8746-4079-a1aa-2aadbfcb2e37@group-94A5FE1A6C6F-LeaderElection7
2022-11-03 16:01:22,816 [3af182df-8746-4079-a1aa-2aadbfcb2e37@group-94A5FE1A6C6F-LeaderElection7] INFO  impl.RoleInfo (RoleInfo.java:updateAndGet(139)) - 3af182df-8746-4079-a1aa-2aadbfcb2e37: start 3af182df-8746-4079-a1aa-2aadbfcb2e37@group-94A5FE1A6C6F-FollowerState
2022-11-03 16:01:22,821 [3af182df-8746-4079-a1aa-2aadbfcb2e37@group-94A5FE1A6C6F-FollowerState] INFO  server.RaftServerConfigKeys (ConfUtils.java:logFallback(53)) - raft.server.rpc.first-election.timeout.min = 5s (fallback to raft.server.rpc.timeout.min)
2022-11-03 16:01:22,821 [3af182df-8746-4079-a1aa-2aadbfcb2e37@group-94A5FE1A6C6F-FollowerState] INFO  server.RaftServerConfigKeys (ConfUtils.java:logFallback(53)) - raft.server.rpc.first-election.timeout.max = 5200ms (fallback to raft.server.rpc.timeout.max)
2022-11-03 16:01:22,828 [3af182df-8746-4079-a1aa-2aadbfcb2e37@group-C23791542C4C-FollowerState] INFO  impl.FollowerState (FollowerState.java:run(143)) - 3af182df-8746-4079-a1aa-2aadbfcb2e37@group-C23791542C4C-FollowerState: change to CANDIDATE, lastRpcElapsedTime:5141107907ns, electionTimeout:5134ms
2022-11-03 16:01:22,828 [3af182df-8746-4079-a1aa-2aadbfcb2e37@group-C23791542C4C-FollowerState] INFO  impl.RoleInfo (RoleInfo.java:shutdownFollowerState(110)) - 3af182df-8746-4079-a1aa-2aadbfcb2e37: shutdown 3af182df-8746-4079-a1aa-2aadbfcb2e37@group-C23791542C4C-FollowerState
2022-11-03 16:01:22,828 [3af182df-8746-4079-a1aa-2aadbfcb2e37@group-C23791542C4C-FollowerState] INFO  server.RaftServer$Division (RaftServerImpl.java:setRole(321)) - 3af182df-8746-4079-a1aa-2aadbfcb2e37@group-C23791542C4C: changes role from  FOLLOWER to CANDIDATE at term 0 for changeToCandidate
2022-11-03 16:01:22,829 [3af182df-8746-4079-a1aa-2aadbfcb2e37@group-C23791542C4C-FollowerState] INFO  server.RaftServerConfigKeys (ConfUtils.java:logGet(46)) - raft.server.leaderelection.pre-vote = false (custom)
2022-11-03 16:01:22,829 [3af182df-8746-4079-a1aa-2aadbfcb2e37@group-C23791542C4C-FollowerState] INFO  impl.RoleInfo (RoleInfo.java:updateAndGet(139)) - 3af182df-8746-4079-a1aa-2aadbfcb2e37: start 3af182df-8746-4079-a1aa-2aadbfcb2e37@group-C23791542C4C-LeaderElection9
2022-11-03 16:01:22,839 [3af182df-8746-4079-a1aa-2aadbfcb2e37@group-C23791542C4C-LeaderElection9] INFO  impl.LeaderElection (LeaderElection.java:askForVotes(312)) - 3af182df-8746-4079-a1aa-2aadbfcb2e37@group-C23791542C4C-LeaderElection9 ELECTION round 0: submit vote requests at term 1 for -1: peers:[3af182df-8746-4079-a1aa-2aadbfcb2e37|rpc:10.1.1.36:35587|priority:1|startupRole:FOLLOWER]|listeners:[], old=null
2022-11-03 16:01:22,839 [3af182df-8746-4079-a1aa-2aadbfcb2e37@group-C23791542C4C-LeaderElection9] INFO  impl.LeaderElection (LeaderElection.java:askForVotes(314)) - 3af182df-8746-4079-a1aa-2aadbfcb2e37@group-C23791542C4C-LeaderElection9 ELECTION round 0: result PASSED (term=1)
2022-11-03 16:01:22,839 [3af182df-8746-4079-a1aa-2aadbfcb2e37@group-C23791542C4C-LeaderElection9] INFO  impl.RoleInfo (RoleInfo.java:shutdownLeaderElection(130)) - 3af182df-8746-4079-a1aa-2aadbfcb2e37: shutdown 3af182df-8746-4079-a1aa-2aadbfcb2e37@group-C23791542C4C-LeaderElection9
2022-11-03 16:01:22,839 [3af182df-8746-4079-a1aa-2aadbfcb2e37@group-C23791542C4C-LeaderElection9] INFO  server.RaftServer$Division (RaftServerImpl.java:setRole(321)) - 3af182df-8746-4079-a1aa-2aadbfcb2e37@group-C23791542C4C: changes role from CANDIDATE to LEADER at term 1 for changeToLeader
2022-11-03 16:01:22,839 [3af182df-8746-4079-a1aa-2aadbfcb2e37@group-C23791542C4C-LeaderElection9] INFO  ratis.XceiverServerRatis (XceiverServerRatis.java:handleLeaderChangedNotification(863)) - Leader change notification received for group: group-C23791542C4C with new leaderId: 3af182df-8746-4079-a1aa-2aadbfcb2e37
2022-11-03 16:01:22,842 [3af182df-8746-4079-a1aa-2aadbfcb2e37@group-C23791542C4C-LeaderElection9] INFO  server.RaftServer$Division (ServerState.java:setLeader(313)) - 3af182df-8746-4079-a1aa-2aadbfcb2e37@group-C23791542C4C: change Leader from null to 3af182df-8746-4079-a1aa-2aadbfcb2e37 at term 1 for becomeLeader, leader elected after 5164ms
2022-11-03 16:01:22,842 [3af182df-8746-4079-a1aa-2aadbfcb2e37@group-C23791542C4C-LeaderElection9] INFO  server.RaftServerConfigKeys (ConfUtils.java:logGet(46)) - raft.server.staging.catchup.gap = 1000 (default)
2022-11-03 16:01:22,842 [3af182df-8746-4079-a1aa-2aadbfcb2e37@group-C23791542C4C-LeaderElection9] INFO  server.RaftServerConfigKeys (ConfUtils.java:logGet(46)) - raft.server.write.element-limit = 1024 (custom)
2022-11-03 16:01:22,842 [3af182df-8746-4079-a1aa-2aadbfcb2e37@group-C23791542C4C-LeaderElection9] INFO  server.RaftServerConfigKeys (ConfUtils.java:logGet(46)) - raft.server.write.byte-limit = 1024 M (=1073741824) (custom)
2022-11-03 16:01:22,843 [3af182df-8746-4079-a1aa-2aadbfcb2e37@group-C23791542C4C-LeaderElection9] INFO  server.RaftServerConfigKeys (ConfUtils.java:logGet(46)) - raft.server.watch.timeout = 180s (custom)
2022-11-03 16:01:22,843 [3af182df-8746-4079-a1aa-2aadbfcb2e37@group-C23791542C4C-LeaderElection9] INFO  server.RaftServerConfigKeys (ConfUtils.java:logGet(46)) - raft.server.watch.timeout.denomination = 1s (default)
2022-11-03 16:01:22,843 [3af182df-8746-4079-a1aa-2aadbfcb2e37@group-C23791542C4C-LeaderElection9] INFO  server.RaftServerConfigKeys (ConfUtils.java:logGet(46)) - raft.server.watch.element-limit = 65536 (default)
2022-11-03 16:01:22,843 [3af182df-8746-4079-a1aa-2aadbfcb2e37@group-C23791542C4C-LeaderElection9] INFO  server.RaftServerConfigKeys (ConfUtils.java:logGet(46)) - raft.server.write.element-limit = 1024 (custom)
2022-11-03 16:01:22,843 [3af182df-8746-4079-a1aa-2aadbfcb2e37@group-C23791542C4C-LeaderElection9] INFO  server.RaftServerConfigKeys (ConfUtils.java:logGet(46)) - raft.server.write.follower.gap.ratio.max = -1.0 (default)
2022-11-03 16:01:22,843 [3af182df-8746-4079-a1aa-2aadbfcb2e37@group-C23791542C4C-LeaderElection9] INFO  impl.RoleInfo (RoleInfo.java:updateAndGet(139)) - 3af182df-8746-4079-a1aa-2aadbfcb2e37: start 3af182df-8746-4079-a1aa-2aadbfcb2e37@group-C23791542C4C-LeaderStateImpl
2022-11-03 16:01:22,843 [3af182df-8746-4079-a1aa-2aadbfcb2e37@group-C23791542C4C-LeaderElection9] INFO  segmented.SegmentedRaftLogWorker (SegmentedRaftLogWorker.java:startLogSegment(452)) - 3af182df-8746-4079-a1aa-2aadbfcb2e37@group-C23791542C4C-SegmentedRaftLogWorker: Starting segment from index:0
2022-11-03 16:01:22,849 [3af182df-8746-4079-a1aa-2aadbfcb2e37@group-C23791542C4C-LeaderElection9] INFO  server.RaftServer$Division (ServerState.java:setRaftConf(430)) - 3af182df-8746-4079-a1aa-2aadbfcb2e37@group-C23791542C4C: set configuration 0: peers:[3af182df-8746-4079-a1aa-2aadbfcb2e37|rpc:10.1.1.36:35587|dataStream:|priority:1|startupRole:FOLLOWER]|listeners:[], old=null
2022-11-03 16:01:22,851 [3af182df-8746-4079-a1aa-2aadbfcb2e37@group-C23791542C4C-SegmentedRaftLogWorker] INFO  segmented.SegmentedRaftLogWorker (SegmentedRaftLogWorker.java:execute(656)) - 3af182df-8746-4079-a1aa-2aadbfcb2e37@group-C23791542C4C-SegmentedRaftLogWorker: created new log segment /home/runner/work/ozone/ozone/hadoop-ozone/integration-test/target/test-dir/MiniOzoneClusterImpl-84bf62e0-a170-4695-9dd9-8848938f690d/datanode-3/data/ratis/e35255d0-3530-439e-90c0-c23791542c4c/current/log_inprogress_0
2022-11-03 16:01:22,875 [Listener at 127.0.0.1/45563] INFO  ozone.MiniOzoneClusterImpl (MiniOzoneClusterImpl.java:lambda$waitForClusterToBeReady$0(216)) - Nodes are ready. Got 10 of 10 DN Heartbeats.
2022-11-03 16:01:22,875 [Listener at 127.0.0.1/45563] INFO  ozone.MiniOzoneClusterImpl (MiniOzoneClusterImpl.java:lambda$waitForClusterToBeReady$0(219)) - Cluster exits safe mode
2022-11-03 16:01:22,875 [Listener at 127.0.0.1/45563] INFO  ozone.MiniOzoneClusterImpl (MiniOzoneClusterImpl.java:lambda$waitForClusterToBeReady$0(221)) - SCM became leader
2022-11-03 16:01:22,938 [3af182df-8746-4079-a1aa-2aadbfcb2e37@group-E9B64072809A-FollowerState] INFO  impl.FollowerState (FollowerState.java:run(143)) - 3af182df-8746-4079-a1aa-2aadbfcb2e37@group-E9B64072809A-FollowerState: change to CANDIDATE, lastRpcElapsedTime:5109577698ns, electionTimeout:5109ms
2022-11-03 16:01:22,938 [3af182df-8746-4079-a1aa-2aadbfcb2e37@group-E9B64072809A-FollowerState] INFO  impl.RoleInfo (RoleInfo.java:shutdownFollowerState(110)) - 3af182df-8746-4079-a1aa-2aadbfcb2e37: shutdown 3af182df-8746-4079-a1aa-2aadbfcb2e37@group-E9B64072809A-FollowerState
2022-11-03 16:01:22,938 [3af182df-8746-4079-a1aa-2aadbfcb2e37@group-E9B64072809A-FollowerState] INFO  server.RaftServer$Division (RaftServerImpl.java:setRole(321)) - 3af182df-8746-4079-a1aa-2aadbfcb2e37@group-E9B64072809A: changes role from  FOLLOWER to CANDIDATE at term 0 for changeToCandidate
2022-11-03 16:01:22,938 [3af182df-8746-4079-a1aa-2aadbfcb2e37@group-E9B64072809A-FollowerState] INFO  server.RaftServerConfigKeys (ConfUtils.java:logGet(46)) - raft.server.leaderelection.pre-vote = false (custom)
2022-11-03 16:01:22,938 [3af182df-8746-4079-a1aa-2aadbfcb2e37@group-E9B64072809A-FollowerState] INFO  impl.RoleInfo (RoleInfo.java:updateAndGet(139)) - 3af182df-8746-4079-a1aa-2aadbfcb2e37: start 3af182df-8746-4079-a1aa-2aadbfcb2e37@group-E9B64072809A-LeaderElection10
2022-11-03 16:01:22,946 [3af182df-8746-4079-a1aa-2aadbfcb2e37@group-E9B64072809A-LeaderElection10] INFO  impl.LeaderElection (LeaderElection.java:askForVotes(312)) - 3af182df-8746-4079-a1aa-2aadbfcb2e37@group-E9B64072809A-LeaderElection10 ELECTION round 0: submit vote requests at term 1 for -1: peers:[6065ee46-1250-4f2d-bd18-fb99db464885|rpc:10.1.1.36:43193|priority:0|startupRole:FOLLOWER, 2369a186-4f78-4e7b-885b-53a729611fd8|rpc:10.1.1.36:35493|priority:0|startupRole:FOLLOWER, 3af182df-8746-4079-a1aa-2aadbfcb2e37|rpc:10.1.1.36:35587|priority:1|startupRole:FOLLOWER]|listeners:[], old=null
2022-11-03 16:01:22,954 [3af182df-8746-4079-a1aa-2aadbfcb2e37@group-E9B64072809A-LeaderElection10] INFO  server.RaftServerConfigKeys (ConfUtils.java:logFallback(53)) - raft.server.rpc.first-election.timeout.min = 5s (fallback to raft.server.rpc.timeout.min)
2022-11-03 16:01:22,954 [3af182df-8746-4079-a1aa-2aadbfcb2e37@group-E9B64072809A-LeaderElection10] INFO  server.RaftServerConfigKeys (ConfUtils.java:logFallback(53)) - raft.server.rpc.first-election.timeout.max = 5200ms (fallback to raft.server.rpc.timeout.max)
2022-11-03 16:01:22,956 [grpc-default-executor-0] INFO  server.RaftServer$Division (RaftServerImpl.java:requestVote(1218)) - 6065ee46-1250-4f2d-bd18-fb99db464885@group-E9B64072809A: receive requestVote(ELECTION, 3af182df-8746-4079-a1aa-2aadbfcb2e37, group-E9B64072809A, 1, (t:0, i:0))
2022-11-03 16:01:22,957 [grpc-default-executor-0] INFO  impl.VoteContext (VoteContext.java:log(48)) - 6065ee46-1250-4f2d-bd18-fb99db464885@group-E9B64072809A-FOLLOWER: accept ELECTION from 3af182df-8746-4079-a1aa-2aadbfcb2e37: our priority 0 <= candidate's priority 1
2022-11-03 16:01:22,957 [grpc-default-executor-0] INFO  server.RaftServer$Division (RaftServerImpl.java:setRole(321)) - 6065ee46-1250-4f2d-bd18-fb99db464885@group-E9B64072809A: changes role from  FOLLOWER to FOLLOWER at term 1 for candidate:3af182df-8746-4079-a1aa-2aadbfcb2e37
2022-11-03 16:01:22,957 [grpc-default-executor-0] INFO  impl.RoleInfo (RoleInfo.java:shutdownFollowerState(110)) - 6065ee46-1250-4f2d-bd18-fb99db464885: shutdown 6065ee46-1250-4f2d-bd18-fb99db464885@group-E9B64072809A-FollowerState
2022-11-03 16:01:22,957 [grpc-default-executor-0] INFO  impl.RoleInfo (RoleInfo.java:updateAndGet(139)) - 6065ee46-1250-4f2d-bd18-fb99db464885: start 6065ee46-1250-4f2d-bd18-fb99db464885@group-E9B64072809A-FollowerState
2022-11-03 16:01:22,957 [6065ee46-1250-4f2d-bd18-fb99db464885@group-E9B64072809A-FollowerState] INFO  impl.FollowerState (FollowerState.java:run(152)) - 6065ee46-1250-4f2d-bd18-fb99db464885@group-E9B64072809A-FollowerState was interrupted
2022-11-03 16:01:22,957 [6065ee46-1250-4f2d-bd18-fb99db464885@group-E9B64072809A-FollowerState] INFO  server.RaftServerConfigKeys (ConfUtils.java:logFallback(53)) - raft.server.rpc.first-election.timeout.min = 5s (fallback to raft.server.rpc.timeout.min)
2022-11-03 16:01:22,957 [6065ee46-1250-4f2d-bd18-fb99db464885@group-E9B64072809A-FollowerState] INFO  server.RaftServerConfigKeys (ConfUtils.java:logFallback(53)) - raft.server.rpc.first-election.timeout.max = 5200ms (fallback to raft.server.rpc.timeout.max)
2022-11-03 16:01:22,967 [grpc-default-executor-0] INFO  server.RaftServer$Division (RaftServerImpl.java:requestVote(1251)) - 6065ee46-1250-4f2d-bd18-fb99db464885@group-E9B64072809A replies to ELECTION vote request: 3af182df-8746-4079-a1aa-2aadbfcb2e37<-6065ee46-1250-4f2d-bd18-fb99db464885#0:OK-t1. Peer's state: 6065ee46-1250-4f2d-bd18-fb99db464885@group-E9B64072809A:t1, leader=null, voted=3af182df-8746-4079-a1aa-2aadbfcb2e37, raftlog=Memoized:6065ee46-1250-4f2d-bd18-fb99db464885@group-E9B64072809A-SegmentedRaftLog:OPENED:c-1, conf=-1: peers:[6065ee46-1250-4f2d-bd18-fb99db464885|rpc:10.1.1.36:43193|dataStream:|priority:0|startupRole:FOLLOWER, 2369a186-4f78-4e7b-885b-53a729611fd8|rpc:10.1.1.36:35493|dataStream:|priority:0|startupRole:FOLLOWER, 3af182df-8746-4079-a1aa-2aadbfcb2e37|rpc:10.1.1.36:35587|dataStream:|priority:1|startupRole:FOLLOWER]|listeners:[], old=null
2022-11-03 16:01:22,970 [3af182df-8746-4079-a1aa-2aadbfcb2e37@group-E9B64072809A-LeaderElection10] INFO  impl.LeaderElection (LeaderElection.java:logAndReturn(90)) - 3af182df-8746-4079-a1aa-2aadbfcb2e37@group-E9B64072809A-LeaderElection10: ELECTION PASSED received 1 response(s) and 0 exception(s):
2022-11-03 16:01:22,970 [3af182df-8746-4079-a1aa-2aadbfcb2e37@group-E9B64072809A-LeaderElection10] INFO  impl.LeaderElection (LeaderElection.java:logAndReturn(94)) -   Response 0: 3af182df-8746-4079-a1aa-2aadbfcb2e37<-6065ee46-1250-4f2d-bd18-fb99db464885#0:OK-t1
2022-11-03 16:01:22,970 [3af182df-8746-4079-a1aa-2aadbfcb2e37@group-E9B64072809A-LeaderElection10] INFO  impl.LeaderElection (LeaderElection.java:askForVotes(314)) - 3af182df-8746-4079-a1aa-2aadbfcb2e37@group-E9B64072809A-LeaderElection10 ELECTION round 0: result PASSED
2022-11-03 16:01:22,970 [3af182df-8746-4079-a1aa-2aadbfcb2e37@group-E9B64072809A-LeaderElection10] INFO  impl.RoleInfo (RoleInfo.java:shutdownLeaderElection(130)) - 3af182df-8746-4079-a1aa-2aadbfcb2e37: shutdown 3af182df-8746-4079-a1aa-2aadbfcb2e37@group-E9B64072809A-LeaderElection10
2022-11-03 16:01:22,970 [3af182df-8746-4079-a1aa-2aadbfcb2e37@group-E9B64072809A-LeaderElection10] INFO  server.RaftServer$Division (RaftServerImpl.java:setRole(321)) - 3af182df-8746-4079-a1aa-2aadbfcb2e37@group-E9B64072809A: changes role from CANDIDATE to LEADER at term 1 for changeToLeader
2022-11-03 16:01:22,970 [3af182df-8746-4079-a1aa-2aadbfcb2e37@group-E9B64072809A-LeaderElection10] INFO  ratis.XceiverServerRatis (XceiverServerRatis.java:handleLeaderChangedNotification(863)) - Leader change notification received for group: group-E9B64072809A with new leaderId: 3af182df-8746-4079-a1aa-2aadbfcb2e37
2022-11-03 16:01:22,971 [3af182df-8746-4079-a1aa-2aadbfcb2e37@group-E9B64072809A-LeaderElection10] INFO  server.RaftServer$Division (ServerState.java:setLeader(313)) - 3af182df-8746-4079-a1aa-2aadbfcb2e37@group-E9B64072809A: change Leader from null to 3af182df-8746-4079-a1aa-2aadbfcb2e37 at term 1 for becomeLeader, leader elected after 5151ms
2022-11-03 16:01:22,971 [3af182df-8746-4079-a1aa-2aadbfcb2e37@group-E9B64072809A-LeaderElection10] INFO  server.RaftServerConfigKeys (ConfUtils.java:logGet(46)) - raft.server.staging.catchup.gap = 1000 (default)
2022-11-03 16:01:22,971 [3af182df-8746-4079-a1aa-2aadbfcb2e37@group-E9B64072809A-LeaderElection10] INFO  server.RaftServerConfigKeys (ConfUtils.java:logGet(46)) - raft.server.write.element-limit = 1024 (custom)
2022-11-03 16:01:22,971 [3af182df-8746-4079-a1aa-2aadbfcb2e37@group-E9B64072809A-LeaderElection10] INFO  server.RaftServerConfigKeys (ConfUtils.java:logGet(46)) - raft.server.write.byte-limit = 1024 M (=1073741824) (custom)
2022-11-03 16:01:22,971 [3af182df-8746-4079-a1aa-2aadbfcb2e37@group-E9B64072809A-LeaderElection10] INFO  server.RaftServerConfigKeys (ConfUtils.java:logGet(46)) - raft.server.watch.timeout = 180s (custom)
2022-11-03 16:01:22,971 [3af182df-8746-4079-a1aa-2aadbfcb2e37@group-E9B64072809A-LeaderElection10] INFO  server.RaftServerConfigKeys (ConfUtils.java:logGet(46)) - raft.server.watch.timeout.denomination = 1s (default)
2022-11-03 16:01:22,971 [3af182df-8746-4079-a1aa-2aadbfcb2e37@group-E9B64072809A-LeaderElection10] INFO  server.RaftServerConfigKeys (ConfUtils.java:logGet(46)) - raft.server.watch.element-limit = 65536 (default)
2022-11-03 16:01:22,971 [3af182df-8746-4079-a1aa-2aadbfcb2e37@group-E9B64072809A-LeaderElection10] INFO  server.RaftServerConfigKeys (ConfUtils.java:logGet(46)) - raft.server.write.element-limit = 1024 (custom)
2022-11-03 16:01:22,971 [3af182df-8746-4079-a1aa-2aadbfcb2e37@group-E9B64072809A-LeaderElection10] INFO  server.RaftServerConfigKeys (ConfUtils.java:logGet(46)) - raft.server.write.follower.gap.ratio.max = -1.0 (default)
2022-11-03 16:01:22,972 [3af182df-8746-4079-a1aa-2aadbfcb2e37@group-E9B64072809A-LeaderElection10] INFO  server.RaftServerConfigKeys (ConfUtils.java:logGet(46)) - raft.server.log.appender.snapshot.chunk.size.max = 16MB (=16777216) (default)
2022-11-03 16:01:22,972 [3af182df-8746-4079-a1aa-2aadbfcb2e37@group-E9B64072809A-LeaderElection10] INFO  server.RaftServerConfigKeys (ConfUtils.java:logGet(46)) - raft.server.log.appender.buffer.byte-limit = 33554432 (custom)
2022-11-03 16:01:22,972 [3af182df-8746-4079-a1aa-2aadbfcb2e37@group-E9B64072809A-LeaderElection10] INFO  server.RaftServerConfigKeys (ConfUtils.java:logGet(46)) - raft.server.log.appender.buffer.element-limit = 1 (custom)
2022-11-03 16:01:22,974 [EventQueue-PipelineReportForPipelineReportHandler] INFO  pipeline.PipelineManagerImpl (PipelineManagerImpl.java:openPipeline(367)) - Pipeline Pipeline[ Id: f27972fe-4000-4d5a-8cf1-e9b64072809a, Nodes: 3af182df-8746-4079-a1aa-2aadbfcb2e37{ip: 10.1.1.36, host: fv-az47-358.mma5zatft5wupo5mzspaixdheh.bx.internal.cloudapp.net, ports: [REPLICATION=40563, RATIS=35587, RATIS_ADMIN=35587, RATIS_SERVER=35587, STANDALONE=33707], networkLocation: /default-rack, certSerialId: null, persistedOpState: IN_SERVICE, persistedOpStateExpiryEpochSec: 0}2369a186-4f78-4e7b-885b-53a729611fd8{ip: 10.1.1.36, host: fv-az47-358.mma5zatft5wupo5mzspaixdheh.bx.internal.cloudapp.net, ports: [REPLICATION=39183, RATIS=35493, RATIS_ADMIN=35493, RATIS_SERVER=35493, STANDALONE=34169], networkLocation: /default-rack, certSerialId: null, persistedOpState: IN_SERVICE, persistedOpStateExpiryEpochSec: 0}6065ee46-1250-4f2d-bd18-fb99db464885{ip: 10.1.1.36, host: fv-az47-358.mma5zatft5wupo5mzspaixdheh.bx.internal.cloudapp.net, ports: [REPLICATION=33343, RATIS=43193, RATIS_ADMIN=43193, RATIS_SERVER=43193, STANDALONE=44277], networkLocation: /default-rack, certSerialId: null, persistedOpState: IN_SERVICE, persistedOpStateExpiryEpochSec: 0}, ReplicationConfig: RATIS/THREE, State:ALLOCATED, leaderId:3af182df-8746-4079-a1aa-2aadbfcb2e37, CreationTimestamp2022-11-03T16:01:15.303Z[Etc/UTC]] moved to OPEN state
2022-11-03 16:01:22,979 [2369a186-4f78-4e7b-885b-53a729611fd8@group-E9B64072809A-FollowerState] INFO  impl.FollowerState (FollowerState.java:run(143)) - 2369a186-4f78-4e7b-885b-53a729611fd8@group-E9B64072809A-FollowerState: change to CANDIDATE, lastRpcElapsedTime:5125823449ns, electionTimeout:5122ms
2022-11-03 16:01:22,979 [2369a186-4f78-4e7b-885b-53a729611fd8@group-E9B64072809A-FollowerState] INFO  impl.RoleInfo (RoleInfo.java:shutdownFollowerState(110)) - 2369a186-4f78-4e7b-885b-53a729611fd8: shutdown 2369a186-4f78-4e7b-885b-53a729611fd8@group-E9B64072809A-FollowerState
2022-11-03 16:01:22,979 [2369a186-4f78-4e7b-885b-53a729611fd8@group-E9B64072809A-FollowerState] INFO  server.RaftServer$Division (RaftServerImpl.java:setRole(321)) - 2369a186-4f78-4e7b-885b-53a729611fd8@group-E9B64072809A: changes role from  FOLLOWER to CANDIDATE at term 0 for changeToCandidate
2022-11-03 16:01:22,979 [2369a186-4f78-4e7b-885b-53a729611fd8@group-E9B64072809A-FollowerState] INFO  server.RaftServerConfigKeys (ConfUtils.java:logGet(46)) - raft.server.leaderelection.pre-vote = false (custom)
2022-11-03 16:01:22,979 [2369a186-4f78-4e7b-885b-53a729611fd8@group-E9B64072809A-FollowerState] INFO  impl.RoleInfo (RoleInfo.java:updateAndGet(139)) - 2369a186-4f78-4e7b-885b-53a729611fd8: start 2369a186-4f78-4e7b-885b-53a729611fd8@group-E9B64072809A-LeaderElection11
2022-11-03 16:01:22,972 [3af182df-8746-4079-a1aa-2aadbfcb2e37@group-E9B64072809A-LeaderElection10] INFO  grpc.GrpcConfigKeys (ConfUtils.java:logGet(46)) - raft.grpc.server.leader.outstanding.appends.max = 128 (default)
2022-11-03 16:01:22,993 [3af182df-8746-4079-a1aa-2aadbfcb2e37@group-E9B64072809A-LeaderElection10] INFO  server.RaftServerConfigKeys (ConfUtils.java:logGet(46)) - raft.server.rpc.request.timeout = 60s (custom)
2022-11-03 16:01:22,993 [3af182df-8746-4079-a1aa-2aadbfcb2e37@group-E9B64072809A-LeaderElection10] INFO  server.RaftServerConfigKeys (ConfUtils.java:logGet(46)) - raft.server.log.appender.install.snapshot.enabled = false (custom)
2022-11-03 16:01:22,993 [3af182df-8746-4079-a1aa-2aadbfcb2e37@group-E9B64072809A-LeaderElection10] INFO  grpc.GrpcConfigKeys (ConfUtils.java:logGet(46)) - raft.grpc.server.heartbeat.channel = true (default)
2022-11-03 16:01:22,993 [3af182df-8746-4079-a1aa-2aadbfcb2e37@group-E9B64072809A-LeaderElection10] INFO  server.RaftServerConfigKeys (ConfUtils.java:logGet(46)) - raft.server.log.appender.wait-time.min = 10ms (default)
2022-11-03 16:01:22,993 [grpc-default-executor-0] INFO  server.RaftServer$Division (RaftServerImpl.java:requestVote(1218)) - 2369a186-4f78-4e7b-885b-53a729611fd8@group-E9B64072809A: receive requestVote(ELECTION, 3af182df-8746-4079-a1aa-2aadbfcb2e37, group-E9B64072809A, 1, (t:0, i:0))
2022-11-03 16:01:22,995 [grpc-default-executor-0] INFO  impl.VoteContext (VoteContext.java:log(48)) - 2369a186-4f78-4e7b-885b-53a729611fd8@group-E9B64072809A-CANDIDATE: accept ELECTION from 3af182df-8746-4079-a1aa-2aadbfcb2e37: our priority 0 <= candidate's priority 1
2022-11-03 16:01:22,995 [grpc-default-executor-0] INFO  server.RaftServer$Division (RaftServerImpl.java:setRole(321)) - 2369a186-4f78-4e7b-885b-53a729611fd8@group-E9B64072809A: changes role from CANDIDATE to FOLLOWER at term 1 for candidate:3af182df-8746-4079-a1aa-2aadbfcb2e37
2022-11-03 16:01:22,996 [grpc-default-executor-0] INFO  impl.RoleInfo (RoleInfo.java:shutdownLeaderElection(130)) - 2369a186-4f78-4e7b-885b-53a729611fd8: shutdown 2369a186-4f78-4e7b-885b-53a729611fd8@group-E9B64072809A-LeaderElection11
2022-11-03 16:01:22,996 [grpc-default-executor-0] INFO  impl.RoleInfo (RoleInfo.java:updateAndGet(139)) - 2369a186-4f78-4e7b-885b-53a729611fd8: start 2369a186-4f78-4e7b-885b-53a729611fd8@group-E9B64072809A-FollowerState
2022-11-03 16:01:22,997 [2369a186-4f78-4e7b-885b-53a729611fd8@group-E9B64072809A-FollowerState] INFO  server.RaftServerConfigKeys (ConfUtils.java:logFallback(53)) - raft.server.rpc.first-election.timeout.min = 5s (fallback to raft.server.rpc.timeout.min)
2022-11-03 16:01:22,997 [2369a186-4f78-4e7b-885b-53a729611fd8@group-E9B64072809A-FollowerState] INFO  server.RaftServerConfigKeys (ConfUtils.java:logFallback(53)) - raft.server.rpc.first-election.timeout.max = 5200ms (fallback to raft.server.rpc.timeout.max)
2022-11-03 16:01:22,999 [grpc-default-executor-0] INFO  server.RaftServer$Division (RaftServerImpl.java:requestVote(1251)) - 2369a186-4f78-4e7b-885b-53a729611fd8@group-E9B64072809A replies to ELECTION vote request: 3af182df-8746-4079-a1aa-2aadbfcb2e37<-2369a186-4f78-4e7b-885b-53a729611fd8#0:OK-t1. Peer's state: 2369a186-4f78-4e7b-885b-53a729611fd8@group-E9B64072809A:t1, leader=null, voted=3af182df-8746-4079-a1aa-2aadbfcb2e37, raftlog=Memoized:2369a186-4f78-4e7b-885b-53a729611fd8@group-E9B64072809A-SegmentedRaftLog:OPENED:c-1, conf=-1: peers:[6065ee46-1250-4f2d-bd18-fb99db464885|rpc:10.1.1.36:43193|dataStream:|priority:0|startupRole:FOLLOWER, 2369a186-4f78-4e7b-885b-53a729611fd8|rpc:10.1.1.36:35493|dataStream:|priority:0|startupRole:FOLLOWER, 3af182df-8746-4079-a1aa-2aadbfcb2e37|rpc:10.1.1.36:35587|dataStream:|priority:1|startupRole:FOLLOWER]|listeners:[], old=null
2022-11-03 16:01:23,004 [3af182df-8746-4079-a1aa-2aadbfcb2e37@group-E9B64072809A-LeaderElection10] INFO  server.RaftServerConfigKeys (ConfUtils.java:logGet(46)) - raft.server.log.appender.snapshot.chunk.size.max = 16MB (=16777216) (default)
2022-11-03 16:01:23,005 [3af182df-8746-4079-a1aa-2aadbfcb2e37@group-E9B64072809A-LeaderElection10] INFO  server.RaftServerConfigKeys (ConfUtils.java:logGet(46)) - raft.server.log.appender.buffer.byte-limit = 33554432 (custom)
2022-11-03 16:01:23,005 [3af182df-8746-4079-a1aa-2aadbfcb2e37@group-E9B64072809A-LeaderElection10] INFO  server.RaftServerConfigKeys (ConfUtils.java:logGet(46)) - raft.server.log.appender.buffer.element-limit = 1 (custom)
2022-11-03 16:01:23,005 [3af182df-8746-4079-a1aa-2aadbfcb2e37@group-E9B64072809A-LeaderElection10] INFO  grpc.GrpcConfigKeys (ConfUtils.java:logGet(46)) - raft.grpc.server.leader.outstanding.appends.max = 128 (default)
2022-11-03 16:01:23,005 [3af182df-8746-4079-a1aa-2aadbfcb2e37@group-E9B64072809A-LeaderElection10] INFO  server.RaftServerConfigKeys (ConfUtils.java:logGet(46)) - raft.server.rpc.request.timeout = 60s (custom)
2022-11-03 16:01:23,005 [3af182df-8746-4079-a1aa-2aadbfcb2e37@group-E9B64072809A-LeaderElection10] INFO  server.RaftServerConfigKeys (ConfUtils.java:logGet(46)) - raft.server.log.appender.install.snapshot.enabled = false (custom)
2022-11-03 16:01:23,005 [3af182df-8746-4079-a1aa-2aadbfcb2e37@group-E9B64072809A-LeaderElection10] INFO  grpc.GrpcConfigKeys (ConfUtils.java:logGet(46)) - raft.grpc.server.heartbeat.channel = true (default)
2022-11-03 16:01:23,006 [3af182df-8746-4079-a1aa-2aadbfcb2e37@group-E9B64072809A-LeaderElection10] INFO  server.RaftServerConfigKeys (ConfUtils.java:logGet(46)) - raft.server.log.appender.wait-time.min = 10ms (default)
2022-11-03 16:01:23,006 [3af182df-8746-4079-a1aa-2aadbfcb2e37@group-E9B64072809A-LeaderElection10] INFO  impl.RoleInfo (RoleInfo.java:updateAndGet(139)) - 3af182df-8746-4079-a1aa-2aadbfcb2e37: start 3af182df-8746-4079-a1aa-2aadbfcb2e37@group-E9B64072809A-LeaderStateImpl
2022-11-03 16:01:23,006 [3af182df-8746-4079-a1aa-2aadbfcb2e37@group-E9B64072809A-LeaderElection10] INFO  segmented.SegmentedRaftLogWorker (SegmentedRaftLogWorker.java:startLogSegment(452)) - 3af182df-8746-4079-a1aa-2aadbfcb2e37@group-E9B64072809A-SegmentedRaftLogWorker: Starting segment from index:0
2022-11-03 16:01:23,007 [3af182df-8746-4079-a1aa-2aadbfcb2e37@group-E9B64072809A-SegmentedRaftLogWorker] INFO  segmented.SegmentedRaftLogWorker (SegmentedRaftLogWorker.java:execute(656)) - 3af182df-8746-4079-a1aa-2aadbfcb2e37@group-E9B64072809A-SegmentedRaftLogWorker: created new log segment /home/runner/work/ozone/ozone/hadoop-ozone/integration-test/target/test-dir/MiniOzoneClusterImpl-84bf62e0-a170-4695-9dd9-8848938f690d/datanode-3/data/ratis/f27972fe-4000-4d5a-8cf1-e9b64072809a/current/log_inprogress_0
2022-11-03 16:01:23,032 [3af182df-8746-4079-a1aa-2aadbfcb2e37@group-E9B64072809A-LeaderElection10] INFO  server.RaftServer$Division (ServerState.java:setRaftConf(430)) - 3af182df-8746-4079-a1aa-2aadbfcb2e37@group-E9B64072809A: set configuration 0: peers:[6065ee46-1250-4f2d-bd18-fb99db464885|rpc:10.1.1.36:43193|dataStream:|priority:0|startupRole:FOLLOWER, 2369a186-4f78-4e7b-885b-53a729611fd8|rpc:10.1.1.36:35493|dataStream:|priority:0|startupRole:FOLLOWER, 3af182df-8746-4079-a1aa-2aadbfcb2e37|rpc:10.1.1.36:35587|dataStream:|priority:1|startupRole:FOLLOWER]|listeners:[], old=null
2022-11-03 16:01:23,077 [6065ee46-1250-4f2d-bd18-fb99db464885-server-thread1] INFO  ratis.XceiverServerRatis (XceiverServerRatis.java:handleLeaderChangedNotification(863)) - Leader change notification received for group: group-E9B64072809A with new leaderId: 3af182df-8746-4079-a1aa-2aadbfcb2e37
2022-11-03 16:01:23,077 [6065ee46-1250-4f2d-bd18-fb99db464885-server-thread1] INFO  server.RaftServer$Division (ServerState.java:setLeader(313)) - 6065ee46-1250-4f2d-bd18-fb99db464885@group-E9B64072809A: change Leader from null to 3af182df-8746-4079-a1aa-2aadbfcb2e37 at term 1 for appendEntries, leader elected after 5202ms
2022-11-03 16:01:23,091 [2369a186-4f78-4e7b-885b-53a729611fd8-server-thread1] INFO  ratis.XceiverServerRatis (XceiverServerRatis.java:handleLeaderChangedNotification(863)) - Leader change notification received for group: group-E9B64072809A with new leaderId: 3af182df-8746-4079-a1aa-2aadbfcb2e37
2022-11-03 16:01:23,091 [2369a186-4f78-4e7b-885b-53a729611fd8-server-thread1] INFO  server.RaftServer$Division (ServerState.java:setLeader(313)) - 2369a186-4f78-4e7b-885b-53a729611fd8@group-E9B64072809A: change Leader from null to 3af182df-8746-4079-a1aa-2aadbfcb2e37 at term 1 for appendEntries, leader elected after 5245ms
2022-11-03 16:01:23,103 [6065ee46-1250-4f2d-bd18-fb99db464885-server-thread2] INFO  server.RaftServer$Division (ServerState.java:setRaftConf(430)) - 6065ee46-1250-4f2d-bd18-fb99db464885@group-E9B64072809A: set configuration 0: peers:[6065ee46-1250-4f2d-bd18-fb99db464885|rpc:10.1.1.36:43193|dataStream:|priority:0|startupRole:FOLLOWER, 2369a186-4f78-4e7b-885b-53a729611fd8|rpc:10.1.1.36:35493|dataStream:|priority:0|startupRole:FOLLOWER, 3af182df-8746-4079-a1aa-2aadbfcb2e37|rpc:10.1.1.36:35587|dataStream:|priority:1|startupRole:FOLLOWER]|listeners:[], old=null
2022-11-03 16:01:23,103 [6065ee46-1250-4f2d-bd18-fb99db464885-server-thread2] INFO  segmented.SegmentedRaftLogWorker (SegmentedRaftLogWorker.java:startLogSegment(452)) - 6065ee46-1250-4f2d-bd18-fb99db464885@group-E9B64072809A-SegmentedRaftLogWorker: Starting segment from index:0
2022-11-03 16:01:23,104 [2369a186-4f78-4e7b-885b-53a729611fd8-server-thread1] INFO  server.RaftServer$Division (ServerState.java:setRaftConf(430)) - 2369a186-4f78-4e7b-885b-53a729611fd8@group-E9B64072809A: set configuration 0: peers:[6065ee46-1250-4f2d-bd18-fb99db464885|rpc:10.1.1.36:43193|dataStream:|priority:0|startupRole:FOLLOWER, 2369a186-4f78-4e7b-885b-53a729611fd8|rpc:10.1.1.36:35493|dataStream:|priority:0|startupRole:FOLLOWER, 3af182df-8746-4079-a1aa-2aadbfcb2e37|rpc:10.1.1.36:35587|dataStream:|priority:1|startupRole:FOLLOWER]|listeners:[], old=null
2022-11-03 16:01:23,104 [2369a186-4f78-4e7b-885b-53a729611fd8-server-thread1] INFO  segmented.SegmentedRaftLogWorker (SegmentedRaftLogWorker.java:startLogSegment(452)) - 2369a186-4f78-4e7b-885b-53a729611fd8@group-E9B64072809A-SegmentedRaftLogWorker: Starting segment from index:0
2022-11-03 16:01:23,106 [2369a186-4f78-4e7b-885b-53a729611fd8@group-E9B64072809A-SegmentedRaftLogWorker] INFO  segmented.SegmentedRaftLogWorker (SegmentedRaftLogWorker.java:execute(656)) - 2369a186-4f78-4e7b-885b-53a729611fd8@group-E9B64072809A-SegmentedRaftLogWorker: created new log segment /home/runner/work/ozone/ozone/hadoop-ozone/integration-test/target/test-dir/MiniOzoneClusterImpl-84bf62e0-a170-4695-9dd9-8848938f690d/datanode-4/data/ratis/f27972fe-4000-4d5a-8cf1-e9b64072809a/current/log_inprogress_0
2022-11-03 16:01:23,107 [6065ee46-1250-4f2d-bd18-fb99db464885@group-E9B64072809A-SegmentedRaftLogWorker] INFO  segmented.SegmentedRaftLogWorker (SegmentedRaftLogWorker.java:execute(656)) - 6065ee46-1250-4f2d-bd18-fb99db464885@group-E9B64072809A-SegmentedRaftLogWorker: created new log segment /home/runner/work/ozone/ozone/hadoop-ozone/integration-test/target/test-dir/MiniOzoneClusterImpl-84bf62e0-a170-4695-9dd9-8848938f690d/datanode-5/data/ratis/f27972fe-4000-4d5a-8cf1-e9b64072809a/current/log_inprogress_0
2022-11-03 16:01:23,123 [2369a186-4f78-4e7b-885b-53a729611fd8@group-8513DF5B1E68-FollowerState] INFO  impl.FollowerState (FollowerState.java:run(143)) - 2369a186-4f78-4e7b-885b-53a729611fd8@group-8513DF5B1E68-FollowerState: change to CANDIDATE, lastRpcElapsedTime:5122357780ns, electionTimeout:5118ms
2022-11-03 16:01:23,123 [2369a186-4f78-4e7b-885b-53a729611fd8@group-8513DF5B1E68-FollowerState] INFO  impl.RoleInfo (RoleInfo.java:shutdownFollowerState(110)) - 2369a186-4f78-4e7b-885b-53a729611fd8: shutdown 2369a186-4f78-4e7b-885b-53a729611fd8@group-8513DF5B1E68-FollowerState
2022-11-03 16:01:23,123 [2369a186-4f78-4e7b-885b-53a729611fd8@group-8513DF5B1E68-FollowerState] INFO  server.RaftServer$Division (RaftServerImpl.java:setRole(321)) - 2369a186-4f78-4e7b-885b-53a729611fd8@group-8513DF5B1E68: changes role from  FOLLOWER to CANDIDATE at term 0 for changeToCandidate
2022-11-03 16:01:23,123 [2369a186-4f78-4e7b-885b-53a729611fd8@group-8513DF5B1E68-FollowerState] INFO  server.RaftServerConfigKeys (ConfUtils.java:logGet(46)) - raft.server.leaderelection.pre-vote = false (custom)
2022-11-03 16:01:23,123 [2369a186-4f78-4e7b-885b-53a729611fd8@group-8513DF5B1E68-FollowerState] INFO  impl.RoleInfo (RoleInfo.java:updateAndGet(139)) - 2369a186-4f78-4e7b-885b-53a729611fd8: start 2369a186-4f78-4e7b-885b-53a729611fd8@group-8513DF5B1E68-LeaderElection12
2022-11-03 16:01:23,147 [2369a186-4f78-4e7b-885b-53a729611fd8@group-8513DF5B1E68-LeaderElection12] INFO  impl.LeaderElection (LeaderElection.java:askForVotes(312)) - 2369a186-4f78-4e7b-885b-53a729611fd8@group-8513DF5B1E68-LeaderElection12 ELECTION round 0: submit vote requests at term 1 for -1: peers:[2369a186-4f78-4e7b-885b-53a729611fd8|rpc:10.1.1.36:35493|priority:1|startupRole:FOLLOWER]|listeners:[], old=null
2022-11-03 16:01:23,147 [2369a186-4f78-4e7b-885b-53a729611fd8@group-8513DF5B1E68-LeaderElection12] INFO  impl.LeaderElection (LeaderElection.java:askForVotes(314)) - 2369a186-4f78-4e7b-885b-53a729611fd8@group-8513DF5B1E68-LeaderElection12 ELECTION round 0: result PASSED (term=1)
2022-11-03 16:01:23,147 [2369a186-4f78-4e7b-885b-53a729611fd8@group-8513DF5B1E68-LeaderElection12] INFO  impl.RoleInfo (RoleInfo.java:shutdownLeaderElection(130)) - 2369a186-4f78-4e7b-885b-53a729611fd8: shutdown 2369a186-4f78-4e7b-885b-53a729611fd8@group-8513DF5B1E68-LeaderElection12
2022-11-03 16:01:23,147 [2369a186-4f78-4e7b-885b-53a729611fd8@group-8513DF5B1E68-LeaderElection12] INFO  server.RaftServer$Division (RaftServerImpl.java:setRole(321)) - 2369a186-4f78-4e7b-885b-53a729611fd8@group-8513DF5B1E68: changes role from CANDIDATE to LEADER at term 1 for changeToLeader
2022-11-03 16:01:23,147 [2369a186-4f78-4e7b-885b-53a729611fd8@group-8513DF5B1E68-LeaderElection12] INFO  ratis.XceiverServerRatis (XceiverServerRatis.java:handleLeaderChangedNotification(863)) - Leader change notification received for group: group-8513DF5B1E68 with new leaderId: 2369a186-4f78-4e7b-885b-53a729611fd8
2022-11-03 16:01:23,147 [2369a186-4f78-4e7b-885b-53a729611fd8@group-8513DF5B1E68-LeaderElection12] INFO  server.RaftServer$Division (ServerState.java:setLeader(313)) - 2369a186-4f78-4e7b-885b-53a729611fd8@group-8513DF5B1E68: change Leader from null to 2369a186-4f78-4e7b-885b-53a729611fd8 at term 1 for becomeLeader, leader elected after 5160ms
2022-11-03 16:01:23,148 [2369a186-4f78-4e7b-885b-53a729611fd8@group-8513DF5B1E68-LeaderElection12] INFO  server.RaftServerConfigKeys (ConfUtils.java:logGet(46)) - raft.server.staging.catchup.gap = 1000 (default)
2022-11-03 16:01:23,148 [2369a186-4f78-4e7b-885b-53a729611fd8@group-8513DF5B1E68-LeaderElection12] INFO  server.RaftServerConfigKeys (ConfUtils.java:logGet(46)) - raft.server.write.element-limit = 1024 (custom)
2022-11-03 16:01:23,148 [2369a186-4f78-4e7b-885b-53a729611fd8@group-8513DF5B1E68-LeaderElection12] INFO  server.RaftServerConfigKeys (ConfUtils.java:logGet(46)) - raft.server.write.byte-limit = 1024 M (=1073741824) (custom)
2022-11-03 16:01:23,148 [2369a186-4f78-4e7b-885b-53a729611fd8@group-8513DF5B1E68-LeaderElection12] INFO  server.RaftServerConfigKeys (ConfUtils.java:logGet(46)) - raft.server.watch.timeout = 180s (custom)
2022-11-03 16:01:23,148 [2369a186-4f78-4e7b-885b-53a729611fd8@group-8513DF5B1E68-LeaderElection12] INFO  server.RaftServerConfigKeys (ConfUtils.java:logGet(46)) - raft.server.watch.timeout.denomination = 1s (default)
2022-11-03 16:01:23,148 [2369a186-4f78-4e7b-885b-53a729611fd8@group-8513DF5B1E68-LeaderElection12] INFO  server.RaftServerConfigKeys (ConfUtils.java:logGet(46)) - raft.server.watch.element-limit = 65536 (default)
2022-11-03 16:01:23,148 [2369a186-4f78-4e7b-885b-53a729611fd8@group-8513DF5B1E68-LeaderElection12] INFO  server.RaftServerConfigKeys (ConfUtils.java:logGet(46)) - raft.server.write.element-limit = 1024 (custom)
2022-11-03 16:01:23,148 [2369a186-4f78-4e7b-885b-53a729611fd8@group-8513DF5B1E68-LeaderElection12] INFO  server.RaftServerConfigKeys (ConfUtils.java:logGet(46)) - raft.server.write.follower.gap.ratio.max = -1.0 (default)
2022-11-03 16:01:23,149 [2369a186-4f78-4e7b-885b-53a729611fd8@group-8513DF5B1E68-LeaderElection12] INFO  impl.RoleInfo (RoleInfo.java:updateAndGet(139)) - 2369a186-4f78-4e7b-885b-53a729611fd8: start 2369a186-4f78-4e7b-885b-53a729611fd8@group-8513DF5B1E68-LeaderStateImpl
2022-11-03 16:01:23,149 [2369a186-4f78-4e7b-885b-53a729611fd8@group-8513DF5B1E68-LeaderElection12] INFO  segmented.SegmentedRaftLogWorker (SegmentedRaftLogWorker.java:startLogSegment(452)) - 2369a186-4f78-4e7b-885b-53a729611fd8@group-8513DF5B1E68-SegmentedRaftLogWorker: Starting segment from index:0
2022-11-03 16:01:23,152 [2369a186-4f78-4e7b-885b-53a729611fd8@group-8513DF5B1E68-SegmentedRaftLogWorker] INFO  segmented.SegmentedRaftLogWorker (SegmentedRaftLogWorker.java:execute(656)) - 2369a186-4f78-4e7b-885b-53a729611fd8@group-8513DF5B1E68-SegmentedRaftLogWorker: created new log segment /home/runner/work/ozone/ozone/hadoop-ozone/integration-test/target/test-dir/MiniOzoneClusterImpl-84bf62e0-a170-4695-9dd9-8848938f690d/datanode-4/data/ratis/6f691f80-73da-46d0-aad5-8513df5b1e68/current/log_inprogress_0
2022-11-03 16:01:23,161 [2369a186-4f78-4e7b-885b-53a729611fd8@group-8513DF5B1E68-LeaderElection12] INFO  server.RaftServer$Division (ServerState.java:setRaftConf(430)) - 2369a186-4f78-4e7b-885b-53a729611fd8@group-8513DF5B1E68: set configuration 0: peers:[2369a186-4f78-4e7b-885b-53a729611fd8|rpc:10.1.1.36:35493|dataStream:|priority:1|startupRole:FOLLOWER]|listeners:[], old=null
2022-11-03 16:01:23,305 [6065ee46-1250-4f2d-bd18-fb99db464885@group-9F230E4DCB97-FollowerState] INFO  impl.FollowerState (FollowerState.java:run(143)) - 6065ee46-1250-4f2d-bd18-fb99db464885@group-9F230E4DCB97-FollowerState: change to CANDIDATE, lastRpcElapsedTime:5002046364ns, electionTimeout:5001ms
2022-11-03 16:01:23,305 [6065ee46-1250-4f2d-bd18-fb99db464885@group-9F230E4DCB97-FollowerState] INFO  impl.RoleInfo (RoleInfo.java:shutdownFollowerState(110)) - 6065ee46-1250-4f2d-bd18-fb99db464885: shutdown 6065ee46-1250-4f2d-bd18-fb99db464885@group-9F230E4DCB97-FollowerState
2022-11-03 16:01:23,305 [6065ee46-1250-4f2d-bd18-fb99db464885@group-9F230E4DCB97-FollowerState] INFO  server.RaftServer$Division (RaftServerImpl.java:setRole(321)) - 6065ee46-1250-4f2d-bd18-fb99db464885@group-9F230E4DCB97: changes role from  FOLLOWER to CANDIDATE at term 0 for changeToCandidate
2022-11-03 16:01:23,306 [6065ee46-1250-4f2d-bd18-fb99db464885@group-9F230E4DCB97-FollowerState] INFO  server.RaftServerConfigKeys (ConfUtils.java:logGet(46)) - raft.server.leaderelection.pre-vote = false (custom)
2022-11-03 16:01:23,306 [6065ee46-1250-4f2d-bd18-fb99db464885@group-9F230E4DCB97-FollowerState] INFO  impl.RoleInfo (RoleInfo.java:updateAndGet(139)) - 6065ee46-1250-4f2d-bd18-fb99db464885: start 6065ee46-1250-4f2d-bd18-fb99db464885@group-9F230E4DCB97-LeaderElection13
2022-11-03 16:01:23,310 [6065ee46-1250-4f2d-bd18-fb99db464885@group-9F230E4DCB97-LeaderElection13] INFO  impl.LeaderElection (LeaderElection.java:askForVotes(312)) - 6065ee46-1250-4f2d-bd18-fb99db464885@group-9F230E4DCB97-LeaderElection13 ELECTION round 0: submit vote requests at term 1 for -1: peers:[6065ee46-1250-4f2d-bd18-fb99db464885|rpc:10.1.1.36:43193|priority:1|startupRole:FOLLOWER]|listeners:[], old=null
2022-11-03 16:01:23,310 [6065ee46-1250-4f2d-bd18-fb99db464885@group-9F230E4DCB97-LeaderElection13] INFO  impl.LeaderElection (LeaderElection.java:askForVotes(314)) - 6065ee46-1250-4f2d-bd18-fb99db464885@group-9F230E4DCB97-LeaderElection13 ELECTION round 0: result PASSED (term=1)
2022-11-03 16:01:23,310 [6065ee46-1250-4f2d-bd18-fb99db464885@group-9F230E4DCB97-LeaderElection13] INFO  impl.RoleInfo (RoleInfo.java:shutdownLeaderElection(130)) - 6065ee46-1250-4f2d-bd18-fb99db464885: shutdown 6065ee46-1250-4f2d-bd18-fb99db464885@group-9F230E4DCB97-LeaderElection13
2022-11-03 16:01:23,310 [6065ee46-1250-4f2d-bd18-fb99db464885@group-9F230E4DCB97-LeaderElection13] INFO  server.RaftServer$Division (RaftServerImpl.java:setRole(321)) - 6065ee46-1250-4f2d-bd18-fb99db464885@group-9F230E4DCB97: changes role from CANDIDATE to LEADER at term 1 for changeToLeader
2022-11-03 16:01:23,310 [6065ee46-1250-4f2d-bd18-fb99db464885@group-9F230E4DCB97-LeaderElection13] INFO  ratis.XceiverServerRatis (XceiverServerRatis.java:handleLeaderChangedNotification(863)) - Leader change notification received for group: group-9F230E4DCB97 with new leaderId: 6065ee46-1250-4f2d-bd18-fb99db464885
2022-11-03 16:01:23,310 [6065ee46-1250-4f2d-bd18-fb99db464885@group-9F230E4DCB97-LeaderElection13] INFO  server.RaftServer$Division (ServerState.java:setLeader(313)) - 6065ee46-1250-4f2d-bd18-fb99db464885@group-9F230E4DCB97: change Leader from null to 6065ee46-1250-4f2d-bd18-fb99db464885 at term 1 for becomeLeader, leader elected after 5023ms
2022-11-03 16:01:23,310 [6065ee46-1250-4f2d-bd18-fb99db464885@group-9F230E4DCB97-LeaderElection13] INFO  server.RaftServerConfigKeys (ConfUtils.java:logGet(46)) - raft.server.staging.catchup.gap = 1000 (default)
2022-11-03 16:01:23,311 [6065ee46-1250-4f2d-bd18-fb99db464885@group-9F230E4DCB97-LeaderElection13] INFO  server.RaftServerConfigKeys (ConfUtils.java:logGet(46)) - raft.server.write.element-limit = 1024 (custom)
2022-11-03 16:01:23,312 [6065ee46-1250-4f2d-bd18-fb99db464885@group-9F230E4DCB97-LeaderElection13] INFO  server.RaftServerConfigKeys (ConfUtils.java:logGet(46)) - raft.server.write.byte-limit = 1024 M (=1073741824) (custom)
2022-11-03 16:01:23,312 [6065ee46-1250-4f2d-bd18-fb99db464885@group-9F230E4DCB97-LeaderElection13] INFO  server.RaftServerConfigKeys (ConfUtils.java:logGet(46)) - raft.server.watch.timeout = 180s (custom)
2022-11-03 16:01:23,312 [6065ee46-1250-4f2d-bd18-fb99db464885@group-9F230E4DCB97-LeaderElection13] INFO  server.RaftServerConfigKeys (ConfUtils.java:logGet(46)) - raft.server.watch.timeout.denomination = 1s (default)
2022-11-03 16:01:23,312 [6065ee46-1250-4f2d-bd18-fb99db464885@group-9F230E4DCB97-LeaderElection13] INFO  server.RaftServerConfigKeys (ConfUtils.java:logGet(46)) - raft.server.watch.element-limit = 65536 (default)
2022-11-03 16:01:23,312 [6065ee46-1250-4f2d-bd18-fb99db464885@group-9F230E4DCB97-LeaderElection13] INFO  server.RaftServerConfigKeys (ConfUtils.java:logGet(46)) - raft.server.write.element-limit = 1024 (custom)
2022-11-03 16:01:23,312 [6065ee46-1250-4f2d-bd18-fb99db464885@group-9F230E4DCB97-LeaderElection13] INFO  server.RaftServerConfigKeys (ConfUtils.java:logGet(46)) - raft.server.write.follower.gap.ratio.max = -1.0 (default)
2022-11-03 16:01:23,313 [6065ee46-1250-4f2d-bd18-fb99db464885@group-9F230E4DCB97-LeaderElection13] INFO  impl.RoleInfo (RoleInfo.java:updateAndGet(139)) - 6065ee46-1250-4f2d-bd18-fb99db464885: start 6065ee46-1250-4f2d-bd18-fb99db464885@group-9F230E4DCB97-LeaderStateImpl
2022-11-03 16:01:23,313 [6065ee46-1250-4f2d-bd18-fb99db464885@group-9F230E4DCB97-LeaderElection13] INFO  segmented.SegmentedRaftLogWorker (SegmentedRaftLogWorker.java:startLogSegment(452)) - 6065ee46-1250-4f2d-bd18-fb99db464885@group-9F230E4DCB97-SegmentedRaftLogWorker: Starting segment from index:0
2022-11-03 16:01:23,317 [6065ee46-1250-4f2d-bd18-fb99db464885@group-9F230E4DCB97-LeaderElection13] INFO  server.RaftServer$Division (ServerState.java:setRaftConf(430)) - 6065ee46-1250-4f2d-bd18-fb99db464885@group-9F230E4DCB97: set configuration 0: peers:[6065ee46-1250-4f2d-bd18-fb99db464885|rpc:10.1.1.36:43193|dataStream:|priority:1|startupRole:FOLLOWER]|listeners:[], old=null
2022-11-03 16:01:23,318 [6065ee46-1250-4f2d-bd18-fb99db464885@group-9F230E4DCB97-SegmentedRaftLogWorker] INFO  segmented.SegmentedRaftLogWorker (SegmentedRaftLogWorker.java:execute(656)) - 6065ee46-1250-4f2d-bd18-fb99db464885@group-9F230E4DCB97-SegmentedRaftLogWorker: created new log segment /home/runner/work/ozone/ozone/hadoop-ozone/integration-test/target/test-dir/MiniOzoneClusterImpl-84bf62e0-a170-4695-9dd9-8848938f690d/datanode-5/data/ratis/846dae9d-3761-419b-8e70-9f230e4dcb97/current/log_inprogress_0
2022-11-03 16:01:23,424 [Listener at 127.0.0.1/45563] INFO  rpc.RpcClient (RpcClient.java:createVolume(471)) - Creating Volume: 3bc9903d-fd4b-4717-a437-e0ac4422e67f, with runner as owner and space quota set to -1 bytes, counts quota set to -1
2022-11-03 16:01:23,476 [OM StateMachine ApplyTransaction Thread - 0] INFO  volume.OMVolumeCreateRequest (OMVolumeCreateRequest.java:validateAndUpdateCache(195)) - created volume:3bc9903d-fd4b-4717-a437-e0ac4422e67f for user:runner
2022-11-03 16:01:23,496 [Listener at 127.0.0.1/45563] INFO  rpc.RpcClient (RpcClient.java:createBucket(674)) - Creating Bucket: 3bc9903d-fd4b-4717-a437-e0ac4422e67f/3bc9903d-fd4b-4717-a437-e0ac4422e67f, with server-side default bucket layout, runner as owner, Versioning false, Storage Type set to DISK and Encryption set to false 
2022-11-03 16:01:23,514 [OM StateMachine ApplyTransaction Thread - 0] INFO  bucket.OMBucketCreateRequest (OMBucketCreateRequest.java:validateAndUpdateCache(260)) - created bucket: 3bc9903d-fd4b-4717-a437-e0ac4422e67f of layout LEGACY in volume: 3bc9903d-fd4b-4717-a437-e0ac4422e67f
2022-11-03 16:01:23,544 [Listener at 127.0.0.1/45563] INFO  rpc.RpcClient (RpcClient.java:createBucket(674)) - Creating Bucket: 3bc9903d-fd4b-4717-a437-e0ac4422e67f/bd47f960-fc94-468c-96f7-2d00543217e2, with server-side default bucket layout, runner as owner, Versioning false, Storage Type set to DISK and Encryption set to false 
2022-11-03 16:01:23,555 [OM StateMachine ApplyTransaction Thread - 0] INFO  bucket.OMBucketCreateRequest (OMBucketCreateRequest.java:validateAndUpdateCache(260)) - created bucket: bd47f960-fc94-468c-96f7-2d00543217e2 of layout LEGACY in volume: 3bc9903d-fd4b-4717-a437-e0ac4422e67f
2022-11-03 16:01:23,612 [IPC Server handler 2 on default port 40715] INFO  pipeline.PipelineStateManagerImpl (PipelineStateManagerImpl.java:addPipeline(103)) - Created pipeline Pipeline[ Id: 88636a69-b96b-49d1-80ce-e50073fb40e1, Nodes: 3af182df-8746-4079-a1aa-2aadbfcb2e37{ip: 10.1.1.36, host: fv-az47-358.mma5zatft5wupo5mzspaixdheh.bx.internal.cloudapp.net, ports: [REPLICATION=40563, RATIS=35587, RATIS_ADMIN=35587, RATIS_SERVER=35587, STANDALONE=33707], networkLocation: /default-rack, certSerialId: null, persistedOpState: null, persistedOpStateExpiryEpochSec: 0}2369a186-4f78-4e7b-885b-53a729611fd8{ip: 10.1.1.36, host: fv-az47-358.mma5zatft5wupo5mzspaixdheh.bx.internal.cloudapp.net, ports: [REPLICATION=39183, RATIS=35493, RATIS_ADMIN=35493, RATIS_SERVER=35493, STANDALONE=34169], networkLocation: /default-rack, certSerialId: null, persistedOpState: null, persistedOpStateExpiryEpochSec: 0}556da25a-9bc8-419d-83a0-dc1d92c1e895{ip: 10.1.1.36, host: fv-az47-358.mma5zatft5wupo5mzspaixdheh.bx.internal.cloudapp.net, ports: [REPLICATION=36403, RATIS=41941, RATIS_ADMIN=41941, RATIS_SERVER=41941, STANDALONE=44967], networkLocation: /default-rack, certSerialId: null, persistedOpState: null, persistedOpStateExpiryEpochSec: 0}d878db48-ef46-44bf-ac98-cb2daa3cfd80{ip: 10.1.1.36, host: fv-az47-358.mma5zatft5wupo5mzspaixdheh.bx.internal.cloudapp.net, ports: [REPLICATION=44811, RATIS=39321, RATIS_ADMIN=39321, RATIS_SERVER=39321, STANDALONE=40525], networkLocation: /default-rack, certSerialId: null, persistedOpState: null, persistedOpStateExpiryEpochSec: 0}8d7ec919-acd2-4b88-a99a-dd9f5739b33b{ip: 10.1.1.36, host: fv-az47-358.mma5zatft5wupo5mzspaixdheh.bx.internal.cloudapp.net, ports: [REPLICATION=34637, RATIS=45267, RATIS_ADMIN=45267, RATIS_SERVER=45267, STANDALONE=43171], networkLocation: /default-rack, certSerialId: null, persistedOpState: null, persistedOpStateExpiryEpochSec: 0}, ReplicationConfig: EC/ECReplicationConfig{data=3, parity=2, ecChunkSize=1024, codec=rs}, State:ALLOCATED, leaderId:, CreationTimestamp2022-11-03T16:01:23.610Z[Etc/UTC]].
2022-11-03 16:01:23,614 [IPC Server handler 2 on default port 40715] INFO  ha.SequenceIdGenerator (SequenceIdGenerator.java:getNextId(128)) - Allocate a batch for containerId, change lastId from 0 to 1000.
2022-11-03 16:01:23,623 [IPC Server handler 2 on default port 40715] INFO  pipeline.PipelineManagerImpl (PipelineManagerImpl.java:openPipeline(367)) - Pipeline Pipeline[ Id: 88636a69-b96b-49d1-80ce-e50073fb40e1, Nodes: 3af182df-8746-4079-a1aa-2aadbfcb2e37{ip: 10.1.1.36, host: fv-az47-358.mma5zatft5wupo5mzspaixdheh.bx.internal.cloudapp.net, ports: [REPLICATION=40563, RATIS=35587, RATIS_ADMIN=35587, RATIS_SERVER=35587, STANDALONE=33707], networkLocation: /default-rack, certSerialId: null, persistedOpState: null, persistedOpStateExpiryEpochSec: 0}2369a186-4f78-4e7b-885b-53a729611fd8{ip: 10.1.1.36, host: fv-az47-358.mma5zatft5wupo5mzspaixdheh.bx.internal.cloudapp.net, ports: [REPLICATION=39183, RATIS=35493, RATIS_ADMIN=35493, RATIS_SERVER=35493, STANDALONE=34169], networkLocation: /default-rack, certSerialId: null, persistedOpState: null, persistedOpStateExpiryEpochSec: 0}556da25a-9bc8-419d-83a0-dc1d92c1e895{ip: 10.1.1.36, host: fv-az47-358.mma5zatft5wupo5mzspaixdheh.bx.internal.cloudapp.net, ports: [REPLICATION=36403, RATIS=41941, RATIS_ADMIN=41941, RATIS_SERVER=41941, STANDALONE=44967], networkLocation: /default-rack, certSerialId: null, persistedOpState: null, persistedOpStateExpiryEpochSec: 0}d878db48-ef46-44bf-ac98-cb2daa3cfd80{ip: 10.1.1.36, host: fv-az47-358.mma5zatft5wupo5mzspaixdheh.bx.internal.cloudapp.net, ports: [REPLICATION=44811, RATIS=39321, RATIS_ADMIN=39321, RATIS_SERVER=39321, STANDALONE=40525], networkLocation: /default-rack, certSerialId: null, persistedOpState: null, persistedOpStateExpiryEpochSec: 0}8d7ec919-acd2-4b88-a99a-dd9f5739b33b{ip: 10.1.1.36, host: fv-az47-358.mma5zatft5wupo5mzspaixdheh.bx.internal.cloudapp.net, ports: [REPLICATION=34637, RATIS=45267, RATIS_ADMIN=45267, RATIS_SERVER=45267, STANDALONE=43171], networkLocation: /default-rack, certSerialId: null, persistedOpState: null, persistedOpStateExpiryEpochSec: 0}, ReplicationConfig: EC/ECReplicationConfig{data=3, parity=2, ecChunkSize=1024, codec=rs}, State:ALLOCATED, leaderId:, CreationTimestamp2022-11-03T16:01:23.610Z[Etc/UTC]] moved to OPEN state
2022-11-03 16:01:23,625 [IPC Server handler 2 on default port 40715] WARN  ha.SequenceIdGenerator (SequenceIdGenerator.java:allocateBatch(237)) - Failed to allocate a batch for localId, expected lastId is 0, actual lastId is 109611004723200000.
2022-11-03 16:01:23,625 [IPC Server handler 2 on default port 40715] INFO  ha.SequenceIdGenerator (SequenceIdGenerator.java:getNextId(128)) - Allocate a batch for localId, change lastId from 109611004723200000 to 109611004723201000.
2022-11-03 16:01:23,706 [Listener at 127.0.0.1/45563] WARN  erasurecode.ErasureCodeNative (ErasureCodeNative.java:<clinit>(55)) - ISA-L support is not available in your platform... using builtin-java codec where applicable
2022-11-03 16:01:23,818 [Listener at 127.0.0.1/45563] INFO  impl.MetricsSystemImpl (MetricsSystemImpl.java:init(158)) - XceiverClientMetrics metrics system started (again)
2022-11-03 16:01:23,822 [d878db48-ef46-44bf-ac98-cb2daa3cfd80@group-2FC460863941-FollowerState] INFO  impl.FollowerState (FollowerState.java:run(143)) - d878db48-ef46-44bf-ac98-cb2daa3cfd80@group-2FC460863941-FollowerState: change to CANDIDATE, lastRpcElapsedTime:5049243955ns, electionTimeout:5033ms
2022-11-03 16:01:23,822 [d878db48-ef46-44bf-ac98-cb2daa3cfd80@group-2FC460863941-FollowerState] INFO  impl.RoleInfo (RoleInfo.java:shutdownFollowerState(110)) - d878db48-ef46-44bf-ac98-cb2daa3cfd80: shutdown d878db48-ef46-44bf-ac98-cb2daa3cfd80@group-2FC460863941-FollowerState
2022-11-03 16:01:23,822 [d878db48-ef46-44bf-ac98-cb2daa3cfd80@group-2FC460863941-FollowerState] INFO  server.RaftServer$Division (RaftServerImpl.java:setRole(321)) - d878db48-ef46-44bf-ac98-cb2daa3cfd80@group-2FC460863941: changes role from  FOLLOWER to CANDIDATE at term 0 for changeToCandidate
2022-11-03 16:01:23,822 [d878db48-ef46-44bf-ac98-cb2daa3cfd80@group-2FC460863941-FollowerState] INFO  server.RaftServerConfigKeys (ConfUtils.java:logGet(46)) - raft.server.leaderelection.pre-vote = false (custom)
2022-11-03 16:01:23,822 [d878db48-ef46-44bf-ac98-cb2daa3cfd80@group-2FC460863941-FollowerState] INFO  impl.RoleInfo (RoleInfo.java:updateAndGet(139)) - d878db48-ef46-44bf-ac98-cb2daa3cfd80: start d878db48-ef46-44bf-ac98-cb2daa3cfd80@group-2FC460863941-LeaderElection14
2022-11-03 16:01:23,828 [d878db48-ef46-44bf-ac98-cb2daa3cfd80@group-2FC460863941-LeaderElection14] INFO  impl.LeaderElection (LeaderElection.java:askForVotes(312)) - d878db48-ef46-44bf-ac98-cb2daa3cfd80@group-2FC460863941-LeaderElection14 ELECTION round 0: submit vote requests at term 1 for -1: peers:[d878db48-ef46-44bf-ac98-cb2daa3cfd80|rpc:10.1.1.36:39321|priority:1|startupRole:FOLLOWER]|listeners:[], old=null
2022-11-03 16:01:23,828 [d878db48-ef46-44bf-ac98-cb2daa3cfd80@group-2FC460863941-LeaderElection14] INFO  impl.LeaderElection (LeaderElection.java:askForVotes(314)) - d878db48-ef46-44bf-ac98-cb2daa3cfd80@group-2FC460863941-LeaderElection14 ELECTION round 0: result PASSED (term=1)
2022-11-03 16:01:23,829 [d878db48-ef46-44bf-ac98-cb2daa3cfd80@group-2FC460863941-LeaderElection14] INFO  impl.RoleInfo (RoleInfo.java:shutdownLeaderElection(130)) - d878db48-ef46-44bf-ac98-cb2daa3cfd80: shutdown d878db48-ef46-44bf-ac98-cb2daa3cfd80@group-2FC460863941-LeaderElection14
2022-11-03 16:01:23,829 [d878db48-ef46-44bf-ac98-cb2daa3cfd80@group-2FC460863941-LeaderElection14] INFO  server.RaftServer$Division (RaftServerImpl.java:setRole(321)) - d878db48-ef46-44bf-ac98-cb2daa3cfd80@group-2FC460863941: changes role from CANDIDATE to LEADER at term 1 for changeToLeader
2022-11-03 16:01:23,829 [d878db48-ef46-44bf-ac98-cb2daa3cfd80@group-2FC460863941-LeaderElection14] INFO  ratis.XceiverServerRatis (XceiverServerRatis.java:handleLeaderChangedNotification(863)) - Leader change notification received for group: group-2FC460863941 with new leaderId: d878db48-ef46-44bf-ac98-cb2daa3cfd80
2022-11-03 16:01:23,832 [d878db48-ef46-44bf-ac98-cb2daa3cfd80@group-2FC460863941-LeaderElection14] INFO  server.RaftServer$Division (ServerState.java:setLeader(313)) - d878db48-ef46-44bf-ac98-cb2daa3cfd80@group-2FC460863941: change Leader from null to d878db48-ef46-44bf-ac98-cb2daa3cfd80 at term 1 for becomeLeader, leader elected after 5091ms
2022-11-03 16:01:23,832 [d878db48-ef46-44bf-ac98-cb2daa3cfd80@group-2FC460863941-LeaderElection14] INFO  server.RaftServerConfigKeys (ConfUtils.java:logGet(46)) - raft.server.staging.catchup.gap = 1000 (default)
2022-11-03 16:01:23,833 [d878db48-ef46-44bf-ac98-cb2daa3cfd80@group-2FC460863941-LeaderElection14] INFO  server.RaftServerConfigKeys (ConfUtils.java:logGet(46)) - raft.server.write.element-limit = 1024 (custom)
2022-11-03 16:01:23,833 [d878db48-ef46-44bf-ac98-cb2daa3cfd80@group-2FC460863941-LeaderElection14] INFO  server.RaftServerConfigKeys (ConfUtils.java:logGet(46)) - raft.server.write.byte-limit = 1024 M (=1073741824) (custom)
2022-11-03 16:01:23,833 [d878db48-ef46-44bf-ac98-cb2daa3cfd80@group-2FC460863941-LeaderElection14] INFO  server.RaftServerConfigKeys (ConfUtils.java:logGet(46)) - raft.server.watch.timeout = 180s (custom)
2022-11-03 16:01:23,833 [d878db48-ef46-44bf-ac98-cb2daa3cfd80@group-2FC460863941-LeaderElection14] INFO  server.RaftServerConfigKeys (ConfUtils.java:logGet(46)) - raft.server.watch.timeout.denomination = 1s (default)
2022-11-03 16:01:23,835 [d878db48-ef46-44bf-ac98-cb2daa3cfd80@group-2FC460863941-LeaderElection14] INFO  server.RaftServerConfigKeys (ConfUtils.java:logGet(46)) - raft.server.watch.element-limit = 65536 (default)
2022-11-03 16:01:23,835 [d878db48-ef46-44bf-ac98-cb2daa3cfd80@group-2FC460863941-LeaderElection14] INFO  server.RaftServerConfigKeys (ConfUtils.java:logGet(46)) - raft.server.write.element-limit = 1024 (custom)
2022-11-03 16:01:23,835 [d878db48-ef46-44bf-ac98-cb2daa3cfd80@group-2FC460863941-LeaderElection14] INFO  server.RaftServerConfigKeys (ConfUtils.java:logGet(46)) - raft.server.write.follower.gap.ratio.max = -1.0 (default)
2022-11-03 16:01:23,835 [d878db48-ef46-44bf-ac98-cb2daa3cfd80@group-2FC460863941-LeaderElection14] INFO  impl.RoleInfo (RoleInfo.java:updateAndGet(139)) - d878db48-ef46-44bf-ac98-cb2daa3cfd80: start d878db48-ef46-44bf-ac98-cb2daa3cfd80@group-2FC460863941-LeaderStateImpl
2022-11-03 16:01:23,835 [d878db48-ef46-44bf-ac98-cb2daa3cfd80@group-2FC460863941-LeaderElection14] INFO  segmented.SegmentedRaftLogWorker (SegmentedRaftLogWorker.java:startLogSegment(452)) - d878db48-ef46-44bf-ac98-cb2daa3cfd80@group-2FC460863941-SegmentedRaftLogWorker: Starting segment from index:0
2022-11-03 16:01:23,845 [d878db48-ef46-44bf-ac98-cb2daa3cfd80@group-2FC460863941-LeaderElection14] INFO  server.RaftServer$Division (ServerState.java:setRaftConf(430)) - d878db48-ef46-44bf-ac98-cb2daa3cfd80@group-2FC460863941: set configuration 0: peers:[d878db48-ef46-44bf-ac98-cb2daa3cfd80|rpc:10.1.1.36:39321|dataStream:|priority:1|startupRole:FOLLOWER]|listeners:[], old=null
2022-11-03 16:01:23,845 [d878db48-ef46-44bf-ac98-cb2daa3cfd80@group-EFE686CBFEBE-FollowerState] INFO  impl.FollowerState (FollowerState.java:run(143)) - d878db48-ef46-44bf-ac98-cb2daa3cfd80@group-EFE686CBFEBE-FollowerState: change to CANDIDATE, lastRpcElapsedTime:5040830720ns, electionTimeout:5038ms
2022-11-03 16:01:23,846 [d878db48-ef46-44bf-ac98-cb2daa3cfd80@group-EFE686CBFEBE-FollowerState] INFO  impl.RoleInfo (RoleInfo.java:shutdownFollowerState(110)) - d878db48-ef46-44bf-ac98-cb2daa3cfd80: shutdown d878db48-ef46-44bf-ac98-cb2daa3cfd80@group-EFE686CBFEBE-FollowerState
2022-11-03 16:01:23,846 [d878db48-ef46-44bf-ac98-cb2daa3cfd80@group-EFE686CBFEBE-FollowerState] INFO  server.RaftServer$Division (RaftServerImpl.java:setRole(321)) - d878db48-ef46-44bf-ac98-cb2daa3cfd80@group-EFE686CBFEBE: changes role from  FOLLOWER to CANDIDATE at term 0 for changeToCandidate
2022-11-03 16:01:23,846 [d878db48-ef46-44bf-ac98-cb2daa3cfd80@group-EFE686CBFEBE-FollowerState] INFO  server.RaftServerConfigKeys (ConfUtils.java:logGet(46)) - raft.server.leaderelection.pre-vote = false (custom)
2022-11-03 16:01:23,846 [d878db48-ef46-44bf-ac98-cb2daa3cfd80@group-EFE686CBFEBE-FollowerState] INFO  impl.RoleInfo (RoleInfo.java:updateAndGet(139)) - d878db48-ef46-44bf-ac98-cb2daa3cfd80: start d878db48-ef46-44bf-ac98-cb2daa3cfd80@group-EFE686CBFEBE-LeaderElection15
2022-11-03 16:01:23,849 [d878db48-ef46-44bf-ac98-cb2daa3cfd80@group-2FC460863941-SegmentedRaftLogWorker] INFO  segmented.SegmentedRaftLogWorker (SegmentedRaftLogWorker.java:execute(656)) - d878db48-ef46-44bf-ac98-cb2daa3cfd80@group-2FC460863941-SegmentedRaftLogWorker: created new log segment /home/runner/work/ozone/ozone/hadoop-ozone/integration-test/target/test-dir/MiniOzoneClusterImpl-84bf62e0-a170-4695-9dd9-8848938f690d/datanode-6/data/ratis/9e03c8e7-7a69-41fc-8f54-2fc460863941/current/log_inprogress_0
2022-11-03 16:01:23,853 [d878db48-ef46-44bf-ac98-cb2daa3cfd80@group-EFE686CBFEBE-LeaderElection15] INFO  impl.LeaderElection (LeaderElection.java:askForVotes(312)) - d878db48-ef46-44bf-ac98-cb2daa3cfd80@group-EFE686CBFEBE-LeaderElection15 ELECTION round 0: submit vote requests at term 1 for -1: peers:[d878db48-ef46-44bf-ac98-cb2daa3cfd80|rpc:10.1.1.36:39321|priority:1|startupRole:FOLLOWER, b6bbe4ab-2937-401d-96b4-8acfa82ea187|rpc:10.1.1.36:37137|priority:0|startupRole:FOLLOWER, b412bf4c-8645-4ac9-920f-94e6c323f92a|rpc:10.1.1.36:37969|priority:0|startupRole:FOLLOWER]|listeners:[], old=null
2022-11-03 16:01:23,860 [d878db48-ef46-44bf-ac98-cb2daa3cfd80@group-EFE686CBFEBE-LeaderElection15-1] INFO  server.GrpcServerProtocolClient (GrpcServerProtocolClient.java:<init>(63)) - Build channel for b6bbe4ab-2937-401d-96b4-8acfa82ea187
2022-11-03 16:01:23,865 [d878db48-ef46-44bf-ac98-cb2daa3cfd80@group-EFE686CBFEBE-LeaderElection15] INFO  server.RaftServerConfigKeys (ConfUtils.java:logFallback(53)) - raft.server.rpc.first-election.timeout.min = 5s (fallback to raft.server.rpc.timeout.min)
2022-11-03 16:01:23,865 [d878db48-ef46-44bf-ac98-cb2daa3cfd80@group-EFE686CBFEBE-LeaderElection15] INFO  server.RaftServerConfigKeys (ConfUtils.java:logFallback(53)) - raft.server.rpc.first-election.timeout.max = 5200ms (fallback to raft.server.rpc.timeout.max)
2022-11-03 16:01:23,888 [d878db48-ef46-44bf-ac98-cb2daa3cfd80@group-EFE686CBFEBE-LeaderElection15-2] INFO  server.GrpcServerProtocolClient (GrpcServerProtocolClient.java:<init>(63)) - Build channel for b412bf4c-8645-4ac9-920f-94e6c323f92a
2022-11-03 16:01:23,891 [grpc-default-executor-4] INFO  server.RaftServer$Division (RaftServerImpl.java:requestVote(1218)) - b6bbe4ab-2937-401d-96b4-8acfa82ea187@group-EFE686CBFEBE: receive requestVote(ELECTION, d878db48-ef46-44bf-ac98-cb2daa3cfd80, group-EFE686CBFEBE, 1, (t:0, i:0))
2022-11-03 16:01:23,891 [grpc-default-executor-4] INFO  impl.VoteContext (VoteContext.java:log(48)) - b6bbe4ab-2937-401d-96b4-8acfa82ea187@group-EFE686CBFEBE-FOLLOWER: accept ELECTION from d878db48-ef46-44bf-ac98-cb2daa3cfd80: our priority 0 <= candidate's priority 1
2022-11-03 16:01:23,891 [grpc-default-executor-4] INFO  server.RaftServer$Division (RaftServerImpl.java:setRole(321)) - b6bbe4ab-2937-401d-96b4-8acfa82ea187@group-EFE686CBFEBE: changes role from  FOLLOWER to FOLLOWER at term 1 for candidate:d878db48-ef46-44bf-ac98-cb2daa3cfd80
2022-11-03 16:01:23,891 [grpc-default-executor-4] INFO  impl.RoleInfo (RoleInfo.java:shutdownFollowerState(110)) - b6bbe4ab-2937-401d-96b4-8acfa82ea187: shutdown b6bbe4ab-2937-401d-96b4-8acfa82ea187@group-EFE686CBFEBE-FollowerState
2022-11-03 16:01:23,891 [grpc-default-executor-4] INFO  impl.RoleInfo (RoleInfo.java:updateAndGet(139)) - b6bbe4ab-2937-401d-96b4-8acfa82ea187: start b6bbe4ab-2937-401d-96b4-8acfa82ea187@group-EFE686CBFEBE-FollowerState
2022-11-03 16:01:23,892 [b6bbe4ab-2937-401d-96b4-8acfa82ea187@group-EFE686CBFEBE-FollowerState] INFO  impl.FollowerState (FollowerState.java:run(152)) - b6bbe4ab-2937-401d-96b4-8acfa82ea187@group-EFE686CBFEBE-FollowerState was interrupted
2022-11-03 16:01:23,893 [b6bbe4ab-2937-401d-96b4-8acfa82ea187@group-EFE686CBFEBE-FollowerState] INFO  server.RaftServerConfigKeys (ConfUtils.java:logFallback(53)) - raft.server.rpc.first-election.timeout.min = 5s (fallback to raft.server.rpc.timeout.min)
2022-11-03 16:01:23,893 [b6bbe4ab-2937-401d-96b4-8acfa82ea187@group-EFE686CBFEBE-FollowerState] INFO  server.RaftServerConfigKeys (ConfUtils.java:logFallback(53)) - raft.server.rpc.first-election.timeout.max = 5200ms (fallback to raft.server.rpc.timeout.max)
2022-11-03 16:01:23,894 [grpc-default-executor-4] INFO  server.RaftServer$Division (RaftServerImpl.java:requestVote(1251)) - b6bbe4ab-2937-401d-96b4-8acfa82ea187@group-EFE686CBFEBE replies to ELECTION vote request: d878db48-ef46-44bf-ac98-cb2daa3cfd80<-b6bbe4ab-2937-401d-96b4-8acfa82ea187#0:OK-t1. Peer's state: b6bbe4ab-2937-401d-96b4-8acfa82ea187@group-EFE686CBFEBE:t1, leader=null, voted=d878db48-ef46-44bf-ac98-cb2daa3cfd80, raftlog=Memoized:b6bbe4ab-2937-401d-96b4-8acfa82ea187@group-EFE686CBFEBE-SegmentedRaftLog:OPENED:c-1, conf=-1: peers:[d878db48-ef46-44bf-ac98-cb2daa3cfd80|rpc:10.1.1.36:39321|dataStream:|priority:1|startupRole:FOLLOWER, b6bbe4ab-2937-401d-96b4-8acfa82ea187|rpc:10.1.1.36:37137|dataStream:|priority:0|startupRole:FOLLOWER, b412bf4c-8645-4ac9-920f-94e6c323f92a|rpc:10.1.1.36:37969|dataStream:|priority:0|startupRole:FOLLOWER]|listeners:[], old=null
2022-11-03 16:01:23,900 [d878db48-ef46-44bf-ac98-cb2daa3cfd80@group-EFE686CBFEBE-LeaderElection15] INFO  impl.LeaderElection (LeaderElection.java:logAndReturn(90)) - d878db48-ef46-44bf-ac98-cb2daa3cfd80@group-EFE686CBFEBE-LeaderElection15: ELECTION PASSED received 1 response(s) and 0 exception(s):
2022-11-03 16:01:23,900 [d878db48-ef46-44bf-ac98-cb2daa3cfd80@group-EFE686CBFEBE-LeaderElection15] INFO  impl.LeaderElection (LeaderElection.java:logAndReturn(94)) -   Response 0: d878db48-ef46-44bf-ac98-cb2daa3cfd80<-b6bbe4ab-2937-401d-96b4-8acfa82ea187#0:OK-t1
2022-11-03 16:01:23,900 [d878db48-ef46-44bf-ac98-cb2daa3cfd80@group-EFE686CBFEBE-LeaderElection15] INFO  impl.LeaderElection (LeaderElection.java:askForVotes(314)) - d878db48-ef46-44bf-ac98-cb2daa3cfd80@group-EFE686CBFEBE-LeaderElection15 ELECTION round 0: result PASSED
2022-11-03 16:01:23,900 [d878db48-ef46-44bf-ac98-cb2daa3cfd80@group-EFE686CBFEBE-LeaderElection15] INFO  impl.RoleInfo (RoleInfo.java:shutdownLeaderElection(130)) - d878db48-ef46-44bf-ac98-cb2daa3cfd80: shutdown d878db48-ef46-44bf-ac98-cb2daa3cfd80@group-EFE686CBFEBE-LeaderElection15
2022-11-03 16:01:23,900 [d878db48-ef46-44bf-ac98-cb2daa3cfd80@group-EFE686CBFEBE-LeaderElection15] INFO  server.RaftServer$Division (RaftServerImpl.java:setRole(321)) - d878db48-ef46-44bf-ac98-cb2daa3cfd80@group-EFE686CBFEBE: changes role from CANDIDATE to LEADER at term 1 for changeToLeader
2022-11-03 16:01:23,900 [d878db48-ef46-44bf-ac98-cb2daa3cfd80@group-EFE686CBFEBE-LeaderElection15] INFO  ratis.XceiverServerRatis (XceiverServerRatis.java:handleLeaderChangedNotification(863)) - Leader change notification received for group: group-EFE686CBFEBE with new leaderId: d878db48-ef46-44bf-ac98-cb2daa3cfd80
2022-11-03 16:01:23,901 [d878db48-ef46-44bf-ac98-cb2daa3cfd80@group-EFE686CBFEBE-LeaderElection15] INFO  server.RaftServer$Division (ServerState.java:setLeader(313)) - d878db48-ef46-44bf-ac98-cb2daa3cfd80@group-EFE686CBFEBE: change Leader from null to d878db48-ef46-44bf-ac98-cb2daa3cfd80 at term 1 for becomeLeader, leader elected after 5110ms
2022-11-03 16:01:23,901 [d878db48-ef46-44bf-ac98-cb2daa3cfd80@group-EFE686CBFEBE-LeaderElection15] INFO  server.RaftServerConfigKeys (ConfUtils.java:logGet(46)) - raft.server.staging.catchup.gap = 1000 (default)
2022-11-03 16:01:23,901 [d878db48-ef46-44bf-ac98-cb2daa3cfd80@group-EFE686CBFEBE-LeaderElection15] INFO  server.RaftServerConfigKeys (ConfUtils.java:logGet(46)) - raft.server.write.element-limit = 1024 (custom)
2022-11-03 16:01:23,901 [d878db48-ef46-44bf-ac98-cb2daa3cfd80@group-EFE686CBFEBE-LeaderElection15] INFO  server.RaftServerConfigKeys (ConfUtils.java:logGet(46)) - raft.server.write.byte-limit = 1024 M (=1073741824) (custom)
2022-11-03 16:01:23,901 [d878db48-ef46-44bf-ac98-cb2daa3cfd80@group-EFE686CBFEBE-LeaderElection15] INFO  server.RaftServerConfigKeys (ConfUtils.java:logGet(46)) - raft.server.watch.timeout = 180s (custom)
2022-11-03 16:01:23,901 [d878db48-ef46-44bf-ac98-cb2daa3cfd80@group-EFE686CBFEBE-LeaderElection15] INFO  server.RaftServerConfigKeys (ConfUtils.java:logGet(46)) - raft.server.watch.timeout.denomination = 1s (default)
2022-11-03 16:01:23,901 [d878db48-ef46-44bf-ac98-cb2daa3cfd80@group-EFE686CBFEBE-LeaderElection15] INFO  server.RaftServerConfigKeys (ConfUtils.java:logGet(46)) - raft.server.watch.element-limit = 65536 (default)
2022-11-03 16:01:23,901 [d878db48-ef46-44bf-ac98-cb2daa3cfd80@group-EFE686CBFEBE-LeaderElection15] INFO  server.RaftServerConfigKeys (ConfUtils.java:logGet(46)) - raft.server.write.element-limit = 1024 (custom)
2022-11-03 16:01:23,901 [d878db48-ef46-44bf-ac98-cb2daa3cfd80@group-EFE686CBFEBE-LeaderElection15] INFO  server.RaftServerConfigKeys (ConfUtils.java:logGet(46)) - raft.server.write.follower.gap.ratio.max = -1.0 (default)
2022-11-03 16:01:23,902 [d878db48-ef46-44bf-ac98-cb2daa3cfd80@group-EFE686CBFEBE-LeaderElection15] INFO  server.RaftServerConfigKeys (ConfUtils.java:logGet(46)) - raft.server.log.appender.snapshot.chunk.size.max = 16MB (=16777216) (default)
2022-11-03 16:01:23,902 [d878db48-ef46-44bf-ac98-cb2daa3cfd80@group-EFE686CBFEBE-LeaderElection15] INFO  server.RaftServerConfigKeys (ConfUtils.java:logGet(46)) - raft.server.log.appender.buffer.byte-limit = 33554432 (custom)
2022-11-03 16:01:23,902 [d878db48-ef46-44bf-ac98-cb2daa3cfd80@group-EFE686CBFEBE-LeaderElection15] INFO  server.RaftServerConfigKeys (ConfUtils.java:logGet(46)) - raft.server.log.appender.buffer.element-limit = 1 (custom)
2022-11-03 16:01:23,902 [d878db48-ef46-44bf-ac98-cb2daa3cfd80@group-EFE686CBFEBE-LeaderElection15] INFO  grpc.GrpcConfigKeys (ConfUtils.java:logGet(46)) - raft.grpc.server.leader.outstanding.appends.max = 128 (default)
2022-11-03 16:01:23,902 [d878db48-ef46-44bf-ac98-cb2daa3cfd80@group-EFE686CBFEBE-LeaderElection15] INFO  server.RaftServerConfigKeys (ConfUtils.java:logGet(46)) - raft.server.rpc.request.timeout = 60s (custom)
2022-11-03 16:01:23,902 [d878db48-ef46-44bf-ac98-cb2daa3cfd80@group-EFE686CBFEBE-LeaderElection15] INFO  server.RaftServerConfigKeys (ConfUtils.java:logGet(46)) - raft.server.log.appender.install.snapshot.enabled = false (custom)
2022-11-03 16:01:23,902 [d878db48-ef46-44bf-ac98-cb2daa3cfd80@group-EFE686CBFEBE-LeaderElection15] INFO  grpc.GrpcConfigKeys (ConfUtils.java:logGet(46)) - raft.grpc.server.heartbeat.channel = true (default)
2022-11-03 16:01:23,902 [d878db48-ef46-44bf-ac98-cb2daa3cfd80@group-EFE686CBFEBE-LeaderElection15] INFO  server.RaftServerConfigKeys (ConfUtils.java:logGet(46)) - raft.server.log.appender.wait-time.min = 10ms (default)
2022-11-03 16:01:23,903 [d878db48-ef46-44bf-ac98-cb2daa3cfd80@group-EFE686CBFEBE-LeaderElection15] INFO  server.RaftServerConfigKeys (ConfUtils.java:logGet(46)) - raft.server.log.appender.snapshot.chunk.size.max = 16MB (=16777216) (default)
2022-11-03 16:01:23,903 [d878db48-ef46-44bf-ac98-cb2daa3cfd80@group-EFE686CBFEBE-LeaderElection15] INFO  server.RaftServerConfigKeys (ConfUtils.java:logGet(46)) - raft.server.log.appender.buffer.byte-limit = 33554432 (custom)
2022-11-03 16:01:23,903 [d878db48-ef46-44bf-ac98-cb2daa3cfd80@group-EFE686CBFEBE-LeaderElection15] INFO  server.RaftServerConfigKeys (ConfUtils.java:logGet(46)) - raft.server.log.appender.buffer.element-limit = 1 (custom)
2022-11-03 16:01:23,903 [d878db48-ef46-44bf-ac98-cb2daa3cfd80@group-EFE686CBFEBE-LeaderElection15] INFO  grpc.GrpcConfigKeys (ConfUtils.java:logGet(46)) - raft.grpc.server.leader.outstanding.appends.max = 128 (default)
2022-11-03 16:01:23,903 [d878db48-ef46-44bf-ac98-cb2daa3cfd80@group-EFE686CBFEBE-LeaderElection15] INFO  server.RaftServerConfigKeys (ConfUtils.java:logGet(46)) - raft.server.rpc.request.timeout = 60s (custom)
2022-11-03 16:01:23,903 [d878db48-ef46-44bf-ac98-cb2daa3cfd80@group-EFE686CBFEBE-LeaderElection15] INFO  server.RaftServerConfigKeys (ConfUtils.java:logGet(46)) - raft.server.log.appender.install.snapshot.enabled = false (custom)
2022-11-03 16:01:23,903 [d878db48-ef46-44bf-ac98-cb2daa3cfd80@group-EFE686CBFEBE-LeaderElection15] INFO  grpc.GrpcConfigKeys (ConfUtils.java:logGet(46)) - raft.grpc.server.heartbeat.channel = true (default)
2022-11-03 16:01:23,903 [d878db48-ef46-44bf-ac98-cb2daa3cfd80@group-EFE686CBFEBE-LeaderElection15] INFO  server.RaftServerConfigKeys (ConfUtils.java:logGet(46)) - raft.server.log.appender.wait-time.min = 10ms (default)
2022-11-03 16:01:23,903 [d878db48-ef46-44bf-ac98-cb2daa3cfd80@group-EFE686CBFEBE-LeaderElection15] INFO  impl.RoleInfo (RoleInfo.java:updateAndGet(139)) - d878db48-ef46-44bf-ac98-cb2daa3cfd80: start d878db48-ef46-44bf-ac98-cb2daa3cfd80@group-EFE686CBFEBE-LeaderStateImpl
2022-11-03 16:01:23,904 [d878db48-ef46-44bf-ac98-cb2daa3cfd80@group-EFE686CBFEBE-LeaderElection15] INFO  segmented.SegmentedRaftLogWorker (SegmentedRaftLogWorker.java:startLogSegment(452)) - d878db48-ef46-44bf-ac98-cb2daa3cfd80@group-EFE686CBFEBE-SegmentedRaftLogWorker: Starting segment from index:0
2022-11-03 16:01:23,905 [d878db48-ef46-44bf-ac98-cb2daa3cfd80@group-EFE686CBFEBE-SegmentedRaftLogWorker] INFO  segmented.SegmentedRaftLogWorker (SegmentedRaftLogWorker.java:execute(656)) - d878db48-ef46-44bf-ac98-cb2daa3cfd80@group-EFE686CBFEBE-SegmentedRaftLogWorker: created new log segment /home/runner/work/ozone/ozone/hadoop-ozone/integration-test/target/test-dir/MiniOzoneClusterImpl-84bf62e0-a170-4695-9dd9-8848938f690d/datanode-6/data/ratis/af8aba9c-0dd5-48e0-96a6-efe686cbfebe/current/log_inprogress_0
2022-11-03 16:01:23,905 [EventQueue-PipelineReportForPipelineReportHandler] INFO  pipeline.PipelineManagerImpl (PipelineManagerImpl.java:openPipeline(367)) - Pipeline Pipeline[ Id: af8aba9c-0dd5-48e0-96a6-efe686cbfebe, Nodes: d878db48-ef46-44bf-ac98-cb2daa3cfd80{ip: 10.1.1.36, host: fv-az47-358.mma5zatft5wupo5mzspaixdheh.bx.internal.cloudapp.net, ports: [REPLICATION=44811, RATIS=39321, RATIS_ADMIN=39321, RATIS_SERVER=39321, STANDALONE=40525], networkLocation: /default-rack, certSerialId: null, persistedOpState: IN_SERVICE, persistedOpStateExpiryEpochSec: 0}b412bf4c-8645-4ac9-920f-94e6c323f92a{ip: 10.1.1.36, host: fv-az47-358.mma5zatft5wupo5mzspaixdheh.bx.internal.cloudapp.net, ports: [REPLICATION=39897, RATIS=37969, RATIS_ADMIN=37969, RATIS_SERVER=37969, STANDALONE=37951], networkLocation: /default-rack, certSerialId: null, persistedOpState: IN_SERVICE, persistedOpStateExpiryEpochSec: 0}b6bbe4ab-2937-401d-96b4-8acfa82ea187{ip: 10.1.1.36, host: fv-az47-358.mma5zatft5wupo5mzspaixdheh.bx.internal.cloudapp.net, ports: [REPLICATION=42469, RATIS=37137, RATIS_ADMIN=37137, RATIS_SERVER=37137, STANDALONE=37887], networkLocation: /default-rack, certSerialId: null, persistedOpState: IN_SERVICE, persistedOpStateExpiryEpochSec: 0}, ReplicationConfig: RATIS/THREE, State:ALLOCATED, leaderId:d878db48-ef46-44bf-ac98-cb2daa3cfd80, CreationTimestamp2022-11-03T16:01:16.546Z[Etc/UTC]] moved to OPEN state
2022-11-03 16:01:23,913 [d878db48-ef46-44bf-ac98-cb2daa3cfd80@group-EFE686CBFEBE-LeaderElection15] INFO  server.RaftServer$Division (ServerState.java:setRaftConf(430)) - d878db48-ef46-44bf-ac98-cb2daa3cfd80@group-EFE686CBFEBE: set configuration 0: peers:[d878db48-ef46-44bf-ac98-cb2daa3cfd80|rpc:10.1.1.36:39321|dataStream:|priority:1|startupRole:FOLLOWER, b6bbe4ab-2937-401d-96b4-8acfa82ea187|rpc:10.1.1.36:37137|dataStream:|priority:0|startupRole:FOLLOWER, b412bf4c-8645-4ac9-920f-94e6c323f92a|rpc:10.1.1.36:37969|dataStream:|priority:0|startupRole:FOLLOWER]|listeners:[], old=null
2022-11-03 16:01:23,913 [grpc-default-executor-4] INFO  server.RaftServer$Division (RaftServerImpl.java:requestVote(1218)) - b412bf4c-8645-4ac9-920f-94e6c323f92a@group-EFE686CBFEBE: receive requestVote(ELECTION, d878db48-ef46-44bf-ac98-cb2daa3cfd80, group-EFE686CBFEBE, 1, (t:0, i:0))
2022-11-03 16:01:23,916 [grpc-default-executor-4] INFO  impl.VoteContext (VoteContext.java:log(48)) - b412bf4c-8645-4ac9-920f-94e6c323f92a@group-EFE686CBFEBE-FOLLOWER: accept ELECTION from d878db48-ef46-44bf-ac98-cb2daa3cfd80: our priority 0 <= candidate's priority 1
2022-11-03 16:01:23,916 [grpc-default-executor-4] INFO  server.RaftServer$Division (RaftServerImpl.java:setRole(321)) - b412bf4c-8645-4ac9-920f-94e6c323f92a@group-EFE686CBFEBE: changes role from  FOLLOWER to FOLLOWER at term 1 for candidate:d878db48-ef46-44bf-ac98-cb2daa3cfd80
2022-11-03 16:01:23,916 [grpc-default-executor-4] INFO  impl.RoleInfo (RoleInfo.java:shutdownFollowerState(110)) - b412bf4c-8645-4ac9-920f-94e6c323f92a: shutdown b412bf4c-8645-4ac9-920f-94e6c323f92a@group-EFE686CBFEBE-FollowerState
2022-11-03 16:01:23,916 [grpc-default-executor-4] INFO  impl.RoleInfo (RoleInfo.java:updateAndGet(139)) - b412bf4c-8645-4ac9-920f-94e6c323f92a: start b412bf4c-8645-4ac9-920f-94e6c323f92a@group-EFE686CBFEBE-FollowerState
2022-11-03 16:01:23,916 [b412bf4c-8645-4ac9-920f-94e6c323f92a@group-EFE686CBFEBE-FollowerState] INFO  impl.FollowerState (FollowerState.java:run(152)) - b412bf4c-8645-4ac9-920f-94e6c323f92a@group-EFE686CBFEBE-FollowerState was interrupted
2022-11-03 16:01:23,918 [grpc-default-executor-4] INFO  server.RaftServer$Division (RaftServerImpl.java:requestVote(1251)) - b412bf4c-8645-4ac9-920f-94e6c323f92a@group-EFE686CBFEBE replies to ELECTION vote request: d878db48-ef46-44bf-ac98-cb2daa3cfd80<-b412bf4c-8645-4ac9-920f-94e6c323f92a#0:OK-t1. Peer's state: b412bf4c-8645-4ac9-920f-94e6c323f92a@group-EFE686CBFEBE:t1, leader=null, voted=d878db48-ef46-44bf-ac98-cb2daa3cfd80, raftlog=Memoized:b412bf4c-8645-4ac9-920f-94e6c323f92a@group-EFE686CBFEBE-SegmentedRaftLog:OPENED:c-1, conf=-1: peers:[d878db48-ef46-44bf-ac98-cb2daa3cfd80|rpc:10.1.1.36:39321|dataStream:|priority:1|startupRole:FOLLOWER, b6bbe4ab-2937-401d-96b4-8acfa82ea187|rpc:10.1.1.36:37137|dataStream:|priority:0|startupRole:FOLLOWER, b412bf4c-8645-4ac9-920f-94e6c323f92a|rpc:10.1.1.36:37969|dataStream:|priority:0|startupRole:FOLLOWER]|listeners:[], old=null
2022-11-03 16:01:23,919 [b412bf4c-8645-4ac9-920f-94e6c323f92a@group-EFE686CBFEBE-FollowerState] INFO  server.RaftServerConfigKeys (ConfUtils.java:logFallback(53)) - raft.server.rpc.first-election.timeout.min = 5s (fallback to raft.server.rpc.timeout.min)
2022-11-03 16:01:23,920 [b412bf4c-8645-4ac9-920f-94e6c323f92a@group-EFE686CBFEBE-FollowerState] INFO  server.RaftServerConfigKeys (ConfUtils.java:logFallback(53)) - raft.server.rpc.first-election.timeout.max = 5200ms (fallback to raft.server.rpc.timeout.max)
2022-11-03 16:01:23,930 [b6bbe4ab-2937-401d-96b4-8acfa82ea187-server-thread1] INFO  ratis.XceiverServerRatis (XceiverServerRatis.java:handleLeaderChangedNotification(863)) - Leader change notification received for group: group-EFE686CBFEBE with new leaderId: d878db48-ef46-44bf-ac98-cb2daa3cfd80
2022-11-03 16:01:23,930 [b6bbe4ab-2937-401d-96b4-8acfa82ea187-server-thread1] INFO  server.RaftServer$Division (ServerState.java:setLeader(313)) - b6bbe4ab-2937-401d-96b4-8acfa82ea187@group-EFE686CBFEBE: change Leader from null to d878db48-ef46-44bf-ac98-cb2daa3cfd80 at term 1 for appendEntries, leader elected after 5052ms
2022-11-03 16:01:23,940 [b412bf4c-8645-4ac9-920f-94e6c323f92a-server-thread1] INFO  ratis.XceiverServerRatis (XceiverServerRatis.java:handleLeaderChangedNotification(863)) - Leader change notification received for group: group-EFE686CBFEBE with new leaderId: d878db48-ef46-44bf-ac98-cb2daa3cfd80
2022-11-03 16:01:23,941 [b412bf4c-8645-4ac9-920f-94e6c323f92a-server-thread1] INFO  server.RaftServer$Division (ServerState.java:setLeader(313)) - b412bf4c-8645-4ac9-920f-94e6c323f92a@group-EFE686CBFEBE: change Leader from null to d878db48-ef46-44bf-ac98-cb2daa3cfd80 at term 1 for appendEntries, leader elected after 5119ms
2022-11-03 16:01:23,949 [b6bbe4ab-2937-401d-96b4-8acfa82ea187-server-thread2] INFO  server.RaftServer$Division (ServerState.java:setRaftConf(430)) - b6bbe4ab-2937-401d-96b4-8acfa82ea187@group-EFE686CBFEBE: set configuration 0: peers:[d878db48-ef46-44bf-ac98-cb2daa3cfd80|rpc:10.1.1.36:39321|dataStream:|priority:1|startupRole:FOLLOWER, b6bbe4ab-2937-401d-96b4-8acfa82ea187|rpc:10.1.1.36:37137|dataStream:|priority:0|startupRole:FOLLOWER, b412bf4c-8645-4ac9-920f-94e6c323f92a|rpc:10.1.1.36:37969|dataStream:|priority:0|startupRole:FOLLOWER]|listeners:[], old=null
2022-11-03 16:01:23,950 [b6bbe4ab-2937-401d-96b4-8acfa82ea187-server-thread2] INFO  segmented.SegmentedRaftLogWorker (SegmentedRaftLogWorker.java:startLogSegment(452)) - b6bbe4ab-2937-401d-96b4-8acfa82ea187@group-EFE686CBFEBE-SegmentedRaftLogWorker: Starting segment from index:0
2022-11-03 16:01:23,953 [b6bbe4ab-2937-401d-96b4-8acfa82ea187@group-EFE686CBFEBE-SegmentedRaftLogWorker] INFO  segmented.SegmentedRaftLogWorker (SegmentedRaftLogWorker.java:execute(656)) - b6bbe4ab-2937-401d-96b4-8acfa82ea187@group-EFE686CBFEBE-SegmentedRaftLogWorker: created new log segment /home/runner/work/ozone/ozone/hadoop-ozone/integration-test/target/test-dir/MiniOzoneClusterImpl-84bf62e0-a170-4695-9dd9-8848938f690d/datanode-8/data/ratis/af8aba9c-0dd5-48e0-96a6-efe686cbfebe/current/log_inprogress_0
2022-11-03 16:01:23,957 [b412bf4c-8645-4ac9-920f-94e6c323f92a@group-8A4815B43099-FollowerState] INFO  impl.FollowerState (FollowerState.java:run(143)) - b412bf4c-8645-4ac9-920f-94e6c323f92a@group-8A4815B43099-FollowerState: change to CANDIDATE, lastRpcElapsedTime:5011798150ns, electionTimeout:5004ms
2022-11-03 16:01:23,957 [b412bf4c-8645-4ac9-920f-94e6c323f92a@group-8A4815B43099-FollowerState] INFO  impl.RoleInfo (RoleInfo.java:shutdownFollowerState(110)) - b412bf4c-8645-4ac9-920f-94e6c323f92a: shutdown b412bf4c-8645-4ac9-920f-94e6c323f92a@group-8A4815B43099-FollowerState
2022-11-03 16:01:23,957 [b412bf4c-8645-4ac9-920f-94e6c323f92a@group-8A4815B43099-FollowerState] INFO  server.RaftServer$Division (RaftServerImpl.java:setRole(321)) - b412bf4c-8645-4ac9-920f-94e6c323f92a@group-8A4815B43099: changes role from  FOLLOWER to CANDIDATE at term 0 for changeToCandidate
2022-11-03 16:01:23,957 [b412bf4c-8645-4ac9-920f-94e6c323f92a@group-8A4815B43099-FollowerState] INFO  server.RaftServerConfigKeys (ConfUtils.java:logGet(46)) - raft.server.leaderelection.pre-vote = false (custom)
2022-11-03 16:01:23,957 [b412bf4c-8645-4ac9-920f-94e6c323f92a@group-8A4815B43099-FollowerState] INFO  impl.RoleInfo (RoleInfo.java:updateAndGet(139)) - b412bf4c-8645-4ac9-920f-94e6c323f92a: start b412bf4c-8645-4ac9-920f-94e6c323f92a@group-8A4815B43099-LeaderElection16
2022-11-03 16:01:23,964 [b412bf4c-8645-4ac9-920f-94e6c323f92a-server-thread2] INFO  server.RaftServer$Division (ServerState.java:setRaftConf(430)) - b412bf4c-8645-4ac9-920f-94e6c323f92a@group-EFE686CBFEBE: set configuration 0: peers:[d878db48-ef46-44bf-ac98-cb2daa3cfd80|rpc:10.1.1.36:39321|dataStream:|priority:1|startupRole:FOLLOWER, b6bbe4ab-2937-401d-96b4-8acfa82ea187|rpc:10.1.1.36:37137|dataStream:|priority:0|startupRole:FOLLOWER, b412bf4c-8645-4ac9-920f-94e6c323f92a|rpc:10.1.1.36:37969|dataStream:|priority:0|startupRole:FOLLOWER]|listeners:[], old=null
2022-11-03 16:01:23,965 [b412bf4c-8645-4ac9-920f-94e6c323f92a-server-thread2] INFO  segmented.SegmentedRaftLogWorker (SegmentedRaftLogWorker.java:startLogSegment(452)) - b412bf4c-8645-4ac9-920f-94e6c323f92a@group-EFE686CBFEBE-SegmentedRaftLogWorker: Starting segment from index:0
2022-11-03 16:01:23,978 [b412bf4c-8645-4ac9-920f-94e6c323f92a@group-EFE686CBFEBE-SegmentedRaftLogWorker] INFO  segmented.SegmentedRaftLogWorker (SegmentedRaftLogWorker.java:execute(656)) - b412bf4c-8645-4ac9-920f-94e6c323f92a@group-EFE686CBFEBE-SegmentedRaftLogWorker: created new log segment /home/runner/work/ozone/ozone/hadoop-ozone/integration-test/target/test-dir/MiniOzoneClusterImpl-84bf62e0-a170-4695-9dd9-8848938f690d/datanode-7/data/ratis/af8aba9c-0dd5-48e0-96a6-efe686cbfebe/current/log_inprogress_0
2022-11-03 16:01:23,978 [b412bf4c-8645-4ac9-920f-94e6c323f92a@group-8A4815B43099-LeaderElection16] INFO  impl.LeaderElection (LeaderElection.java:askForVotes(312)) - b412bf4c-8645-4ac9-920f-94e6c323f92a@group-8A4815B43099-LeaderElection16 ELECTION round 0: submit vote requests at term 1 for -1: peers:[d878db48-ef46-44bf-ac98-cb2daa3cfd80|rpc:10.1.1.36:39321|dataStream:|priority:0|startupRole:FOLLOWER, b6bbe4ab-2937-401d-96b4-8acfa82ea187|rpc:10.1.1.36:37137|dataStream:|priority:0|startupRole:FOLLOWER, b412bf4c-8645-4ac9-920f-94e6c323f92a|rpc:10.1.1.36:37969|dataStream:|priority:1|startupRole:FOLLOWER]|listeners:[], old=null
2022-11-03 16:01:23,987 [b412bf4c-8645-4ac9-920f-94e6c323f92a@group-8A4815B43099-LeaderElection16-1] INFO  server.GrpcServerProtocolClient (GrpcServerProtocolClient.java:<init>(63)) - Build channel for d878db48-ef46-44bf-ac98-cb2daa3cfd80
2022-11-03 16:01:23,998 [d878db48-ef46-44bf-ac98-cb2daa3cfd80@group-8A4815B43099-FollowerState] INFO  impl.FollowerState (FollowerState.java:run(143)) - d878db48-ef46-44bf-ac98-cb2daa3cfd80@group-8A4815B43099-FollowerState: change to CANDIDATE, lastRpcElapsedTime:5079219909ns, electionTimeout:5078ms
2022-11-03 16:01:23,999 [d878db48-ef46-44bf-ac98-cb2daa3cfd80@group-8A4815B43099-FollowerState] INFO  impl.RoleInfo (RoleInfo.java:shutdownFollowerState(110)) - d878db48-ef46-44bf-ac98-cb2daa3cfd80: shutdown d878db48-ef46-44bf-ac98-cb2daa3cfd80@group-8A4815B43099-FollowerState
2022-11-03 16:01:23,999 [d878db48-ef46-44bf-ac98-cb2daa3cfd80@group-8A4815B43099-FollowerState] INFO  server.RaftServer$Division (RaftServerImpl.java:setRole(321)) - d878db48-ef46-44bf-ac98-cb2daa3cfd80@group-8A4815B43099: changes role from  FOLLOWER to CANDIDATE at term 0 for changeToCandidate
2022-11-03 16:01:24,003 [b412bf4c-8645-4ac9-920f-94e6c323f92a@group-8A4815B43099-LeaderElection16] INFO  server.RaftServerConfigKeys (ConfUtils.java:logFallback(53)) - raft.server.rpc.first-election.timeout.min = 5s (fallback to raft.server.rpc.timeout.min)
2022-11-03 16:01:24,003 [b412bf4c-8645-4ac9-920f-94e6c323f92a@group-8A4815B43099-LeaderElection16] INFO  server.RaftServerConfigKeys (ConfUtils.java:logFallback(53)) - raft.server.rpc.first-election.timeout.max = 5200ms (fallback to raft.server.rpc.timeout.max)
2022-11-03 16:01:24,003 [b412bf4c-8645-4ac9-920f-94e6c323f92a@group-8A4815B43099-LeaderElection16-2] INFO  server.GrpcServerProtocolClient (GrpcServerProtocolClient.java:<init>(63)) - Build channel for b6bbe4ab-2937-401d-96b4-8acfa82ea187
2022-11-03 16:01:24,003 [d878db48-ef46-44bf-ac98-cb2daa3cfd80@group-8A4815B43099-FollowerState] INFO  server.RaftServerConfigKeys (ConfUtils.java:logGet(46)) - raft.server.leaderelection.pre-vote = false (custom)
2022-11-03 16:01:24,008 [d878db48-ef46-44bf-ac98-cb2daa3cfd80@group-8A4815B43099-FollowerState] INFO  impl.RoleInfo (RoleInfo.java:updateAndGet(139)) - d878db48-ef46-44bf-ac98-cb2daa3cfd80: start d878db48-ef46-44bf-ac98-cb2daa3cfd80@group-8A4815B43099-LeaderElection17
2022-11-03 16:01:24,016 [d878db48-ef46-44bf-ac98-cb2daa3cfd80@group-8A4815B43099-LeaderElection17] INFO  impl.LeaderElection (LeaderElection.java:askForVotes(312)) - d878db48-ef46-44bf-ac98-cb2daa3cfd80@group-8A4815B43099-LeaderElection17 ELECTION round 0: submit vote requests at term 1 for -1: peers:[d878db48-ef46-44bf-ac98-cb2daa3cfd80|rpc:10.1.1.36:39321|priority:0|startupRole:FOLLOWER, b6bbe4ab-2937-401d-96b4-8acfa82ea187|rpc:10.1.1.36:37137|priority:0|startupRole:FOLLOWER, b412bf4c-8645-4ac9-920f-94e6c323f92a|rpc:10.1.1.36:37969|priority:1|startupRole:FOLLOWER]|listeners:[], old=null
2022-11-03 16:01:24,017 [d878db48-ef46-44bf-ac98-cb2daa3cfd80@group-8A4815B43099-LeaderElection17] INFO  server.RaftServerConfigKeys (ConfUtils.java:logFallback(53)) - raft.server.rpc.first-election.timeout.min = 5s (fallback to raft.server.rpc.timeout.min)
2022-11-03 16:01:24,017 [d878db48-ef46-44bf-ac98-cb2daa3cfd80@group-8A4815B43099-LeaderElection17] INFO  server.RaftServerConfigKeys (ConfUtils.java:logFallback(53)) - raft.server.rpc.first-election.timeout.max = 5200ms (fallback to raft.server.rpc.timeout.max)
2022-11-03 16:01:24,019 [b6bbe4ab-2937-401d-96b4-8acfa82ea187@group-8A4815B43099-FollowerState] INFO  impl.FollowerState (FollowerState.java:run(143)) - b6bbe4ab-2937-401d-96b4-8acfa82ea187@group-8A4815B43099-FollowerState: change to CANDIDATE, lastRpcElapsedTime:5042803833ns, electionTimeout:5038ms
2022-11-03 16:01:24,019 [b6bbe4ab-2937-401d-96b4-8acfa82ea187@group-8A4815B43099-FollowerState] INFO  impl.RoleInfo (RoleInfo.java:shutdownFollowerState(110)) - b6bbe4ab-2937-401d-96b4-8acfa82ea187: shutdown b6bbe4ab-2937-401d-96b4-8acfa82ea187@group-8A4815B43099-FollowerState
2022-11-03 16:01:24,019 [b6bbe4ab-2937-401d-96b4-8acfa82ea187@group-8A4815B43099-FollowerState] INFO  server.RaftServer$Division (RaftServerImpl.java:setRole(321)) - b6bbe4ab-2937-401d-96b4-8acfa82ea187@group-8A4815B43099: changes role from  FOLLOWER to CANDIDATE at term 0 for changeToCandidate
2022-11-03 16:01:24,019 [b6bbe4ab-2937-401d-96b4-8acfa82ea187@group-8A4815B43099-FollowerState] INFO  server.RaftServerConfigKeys (ConfUtils.java:logGet(46)) - raft.server.leaderelection.pre-vote = false (custom)
2022-11-03 16:01:24,019 [b6bbe4ab-2937-401d-96b4-8acfa82ea187@group-8A4815B43099-FollowerState] INFO  impl.RoleInfo (RoleInfo.java:updateAndGet(139)) - b6bbe4ab-2937-401d-96b4-8acfa82ea187: start b6bbe4ab-2937-401d-96b4-8acfa82ea187@group-8A4815B43099-LeaderElection18
2022-11-03 16:01:24,041 [grpc-default-executor-4] INFO  server.RaftServer$Division (RaftServerImpl.java:requestVote(1218)) - d878db48-ef46-44bf-ac98-cb2daa3cfd80@group-8A4815B43099: receive requestVote(ELECTION, b412bf4c-8645-4ac9-920f-94e6c323f92a, group-8A4815B43099, 1, (t:0, i:0))
2022-11-03 16:01:24,041 [grpc-default-executor-4] INFO  impl.VoteContext (VoteContext.java:log(48)) - d878db48-ef46-44bf-ac98-cb2daa3cfd80@group-8A4815B43099-CANDIDATE: reject ELECTION from b412bf4c-8645-4ac9-920f-94e6c323f92a: already has voted for d878db48-ef46-44bf-ac98-cb2daa3cfd80 at current term 1
2022-11-03 16:01:24,041 [grpc-default-executor-4] INFO  server.RaftServer$Division (RaftServerImpl.java:requestVote(1251)) - d878db48-ef46-44bf-ac98-cb2daa3cfd80@group-8A4815B43099 replies to ELECTION vote request: b412bf4c-8645-4ac9-920f-94e6c323f92a<-d878db48-ef46-44bf-ac98-cb2daa3cfd80#0:FAIL-t1. Peer's state: d878db48-ef46-44bf-ac98-cb2daa3cfd80@group-8A4815B43099:t1, leader=null, voted=d878db48-ef46-44bf-ac98-cb2daa3cfd80, raftlog=Memoized:d878db48-ef46-44bf-ac98-cb2daa3cfd80@group-8A4815B43099-SegmentedRaftLog:OPENED:c-1, conf=-1: peers:[d878db48-ef46-44bf-ac98-cb2daa3cfd80|rpc:10.1.1.36:39321|priority:0|startupRole:FOLLOWER, b6bbe4ab-2937-401d-96b4-8acfa82ea187|rpc:10.1.1.36:37137|priority:0|startupRole:FOLLOWER, b412bf4c-8645-4ac9-920f-94e6c323f92a|rpc:10.1.1.36:37969|priority:1|startupRole:FOLLOWER]|listeners:[], old=null
2022-11-03 16:01:24,042 [grpc-default-executor-2] INFO  server.RaftServer$Division (RaftServerImpl.java:requestVote(1218)) - b6bbe4ab-2937-401d-96b4-8acfa82ea187@group-8A4815B43099: receive requestVote(ELECTION, d878db48-ef46-44bf-ac98-cb2daa3cfd80, group-8A4815B43099, 1, (t:0, i:0))
2022-11-03 16:01:24,042 [grpc-default-executor-2] INFO  impl.VoteContext (VoteContext.java:log(48)) - b6bbe4ab-2937-401d-96b4-8acfa82ea187@group-8A4815B43099-CANDIDATE: accept ELECTION from d878db48-ef46-44bf-ac98-cb2daa3cfd80: our priority 0 <= candidate's priority 0
2022-11-03 16:01:24,042 [grpc-default-executor-2] INFO  server.RaftServer$Division (RaftServerImpl.java:setRole(321)) - b6bbe4ab-2937-401d-96b4-8acfa82ea187@group-8A4815B43099: changes role from CANDIDATE to FOLLOWER at term 1 for candidate:d878db48-ef46-44bf-ac98-cb2daa3cfd80
2022-11-03 16:01:24,042 [grpc-default-executor-2] INFO  impl.RoleInfo (RoleInfo.java:shutdownLeaderElection(130)) - b6bbe4ab-2937-401d-96b4-8acfa82ea187: shutdown b6bbe4ab-2937-401d-96b4-8acfa82ea187@group-8A4815B43099-LeaderElection18
2022-11-03 16:01:24,059 [grpc-default-executor-2] INFO  impl.RoleInfo (RoleInfo.java:updateAndGet(139)) - b6bbe4ab-2937-401d-96b4-8acfa82ea187: start b6bbe4ab-2937-401d-96b4-8acfa82ea187@group-8A4815B43099-FollowerState
2022-11-03 16:01:24,061 [b6bbe4ab-2937-401d-96b4-8acfa82ea187@group-8A4815B43099-FollowerState] INFO  server.RaftServerConfigKeys (ConfUtils.java:logFallback(53)) - raft.server.rpc.first-election.timeout.min = 5s (fallback to raft.server.rpc.timeout.min)
2022-11-03 16:01:24,061 [b6bbe4ab-2937-401d-96b4-8acfa82ea187@group-8A4815B43099-FollowerState] INFO  server.RaftServerConfigKeys (ConfUtils.java:logFallback(53)) - raft.server.rpc.first-election.timeout.max = 5200ms (fallback to raft.server.rpc.timeout.max)
2022-11-03 16:01:24,062 [grpc-default-executor-2] INFO  server.RaftServer$Division (RaftServerImpl.java:requestVote(1251)) - b6bbe4ab-2937-401d-96b4-8acfa82ea187@group-8A4815B43099 replies to ELECTION vote request: d878db48-ef46-44bf-ac98-cb2daa3cfd80<-b6bbe4ab-2937-401d-96b4-8acfa82ea187#0:OK-t1. Peer's state: b6bbe4ab-2937-401d-96b4-8acfa82ea187@group-8A4815B43099:t1, leader=null, voted=d878db48-ef46-44bf-ac98-cb2daa3cfd80, raftlog=Memoized:b6bbe4ab-2937-401d-96b4-8acfa82ea187@group-8A4815B43099-SegmentedRaftLog:OPENED:c-1, conf=-1: peers:[d878db48-ef46-44bf-ac98-cb2daa3cfd80|rpc:10.1.1.36:39321|dataStream:|priority:0|startupRole:FOLLOWER, b6bbe4ab-2937-401d-96b4-8acfa82ea187|rpc:10.1.1.36:37137|dataStream:|priority:0|startupRole:FOLLOWER, b412bf4c-8645-4ac9-920f-94e6c323f92a|rpc:10.1.1.36:37969|dataStream:|priority:1|startupRole:FOLLOWER]|listeners:[], old=null
2022-11-03 16:01:24,088 [grpc-default-executor-2] INFO  server.RaftServer$Division (RaftServerImpl.java:requestVote(1218)) - b412bf4c-8645-4ac9-920f-94e6c323f92a@group-8A4815B43099: receive requestVote(ELECTION, d878db48-ef46-44bf-ac98-cb2daa3cfd80, group-8A4815B43099, 1, (t:0, i:0))
2022-11-03 16:01:24,088 [grpc-default-executor-2] INFO  impl.VoteContext (VoteContext.java:log(48)) - b412bf4c-8645-4ac9-920f-94e6c323f92a@group-8A4815B43099-CANDIDATE: reject ELECTION from d878db48-ef46-44bf-ac98-cb2daa3cfd80: already has voted for b412bf4c-8645-4ac9-920f-94e6c323f92a at current term 1
2022-11-03 16:01:24,088 [grpc-default-executor-2] INFO  server.RaftServer$Division (RaftServerImpl.java:requestVote(1251)) - b412bf4c-8645-4ac9-920f-94e6c323f92a@group-8A4815B43099 replies to ELECTION vote request: d878db48-ef46-44bf-ac98-cb2daa3cfd80<-b412bf4c-8645-4ac9-920f-94e6c323f92a#0:FAIL-t1. Peer's state: b412bf4c-8645-4ac9-920f-94e6c323f92a@group-8A4815B43099:t1, leader=null, voted=b412bf4c-8645-4ac9-920f-94e6c323f92a, raftlog=Memoized:b412bf4c-8645-4ac9-920f-94e6c323f92a@group-8A4815B43099-SegmentedRaftLog:OPENED:c-1, conf=-1: peers:[d878db48-ef46-44bf-ac98-cb2daa3cfd80|rpc:10.1.1.36:39321|dataStream:|priority:0|startupRole:FOLLOWER, b6bbe4ab-2937-401d-96b4-8acfa82ea187|rpc:10.1.1.36:37137|dataStream:|priority:0|startupRole:FOLLOWER, b412bf4c-8645-4ac9-920f-94e6c323f92a|rpc:10.1.1.36:37969|dataStream:|priority:1|startupRole:FOLLOWER]|listeners:[], old=null
2022-11-03 16:01:24,090 [d878db48-ef46-44bf-ac98-cb2daa3cfd80@group-8A4815B43099-LeaderElection17] INFO  impl.LeaderElection (LeaderElection.java:logAndReturn(90)) - d878db48-ef46-44bf-ac98-cb2daa3cfd80@group-8A4815B43099-LeaderElection17: ELECTION REJECTED received 1 response(s) and 0 exception(s):
2022-11-03 16:01:24,090 [grpc-default-executor-0] INFO  server.RaftServer$Division (RaftServerImpl.java:requestVote(1218)) - b6bbe4ab-2937-401d-96b4-8acfa82ea187@group-8A4815B43099: receive requestVote(ELECTION, b412bf4c-8645-4ac9-920f-94e6c323f92a, group-8A4815B43099, 1, (t:0, i:0))
2022-11-03 16:01:24,091 [grpc-default-executor-0] INFO  impl.VoteContext (VoteContext.java:log(48)) - b6bbe4ab-2937-401d-96b4-8acfa82ea187@group-8A4815B43099-FOLLOWER: reject ELECTION from b412bf4c-8645-4ac9-920f-94e6c323f92a: already has voted for d878db48-ef46-44bf-ac98-cb2daa3cfd80 at current term 1
2022-11-03 16:01:24,091 [grpc-default-executor-0] INFO  server.RaftServer$Division (RaftServerImpl.java:requestVote(1251)) - b6bbe4ab-2937-401d-96b4-8acfa82ea187@group-8A4815B43099 replies to ELECTION vote request: b412bf4c-8645-4ac9-920f-94e6c323f92a<-b6bbe4ab-2937-401d-96b4-8acfa82ea187#0:FAIL-t1. Peer's state: b6bbe4ab-2937-401d-96b4-8acfa82ea187@group-8A4815B43099:t1, leader=null, voted=d878db48-ef46-44bf-ac98-cb2daa3cfd80, raftlog=Memoized:b6bbe4ab-2937-401d-96b4-8acfa82ea187@group-8A4815B43099-SegmentedRaftLog:OPENED:c-1, conf=-1: peers:[d878db48-ef46-44bf-ac98-cb2daa3cfd80|rpc:10.1.1.36:39321|dataStream:|priority:0|startupRole:FOLLOWER, b6bbe4ab-2937-401d-96b4-8acfa82ea187|rpc:10.1.1.36:37137|dataStream:|priority:0|startupRole:FOLLOWER, b412bf4c-8645-4ac9-920f-94e6c323f92a|rpc:10.1.1.36:37969|dataStream:|priority:1|startupRole:FOLLOWER]|listeners:[], old=null
2022-11-03 16:01:24,090 [d878db48-ef46-44bf-ac98-cb2daa3cfd80@group-8A4815B43099-LeaderElection17] INFO  impl.LeaderElection (LeaderElection.java:logAndReturn(94)) -   Response 0: d878db48-ef46-44bf-ac98-cb2daa3cfd80<-b412bf4c-8645-4ac9-920f-94e6c323f92a#0:FAIL-t1
2022-11-03 16:01:24,091 [d878db48-ef46-44bf-ac98-cb2daa3cfd80@group-8A4815B43099-LeaderElection17] INFO  impl.LeaderElection (LeaderElection.java:askForVotes(314)) - d878db48-ef46-44bf-ac98-cb2daa3cfd80@group-8A4815B43099-LeaderElection17 ELECTION round 0: result REJECTED
2022-11-03 16:01:24,091 [d878db48-ef46-44bf-ac98-cb2daa3cfd80@group-8A4815B43099-LeaderElection17] INFO  server.RaftServer$Division (RaftServerImpl.java:setRole(321)) - d878db48-ef46-44bf-ac98-cb2daa3cfd80@group-8A4815B43099: changes role from CANDIDATE to FOLLOWER at term 1 for REJECTED
2022-11-03 16:01:24,091 [d878db48-ef46-44bf-ac98-cb2daa3cfd80@group-8A4815B43099-LeaderElection17] INFO  impl.RoleInfo (RoleInfo.java:shutdownLeaderElection(130)) - d878db48-ef46-44bf-ac98-cb2daa3cfd80: shutdown d878db48-ef46-44bf-ac98-cb2daa3cfd80@group-8A4815B43099-LeaderElection17
2022-11-03 16:01:24,091 [d878db48-ef46-44bf-ac98-cb2daa3cfd80@group-8A4815B43099-LeaderElection17] INFO  impl.RoleInfo (RoleInfo.java:updateAndGet(139)) - d878db48-ef46-44bf-ac98-cb2daa3cfd80: start d878db48-ef46-44bf-ac98-cb2daa3cfd80@group-8A4815B43099-FollowerState
2022-11-03 16:01:24,097 [b412bf4c-8645-4ac9-920f-94e6c323f92a@group-8A4815B43099-LeaderElection16] INFO  impl.LeaderElection (LeaderElection.java:logAndReturn(90)) - b412bf4c-8645-4ac9-920f-94e6c323f92a@group-8A4815B43099-LeaderElection16: ELECTION REJECTED received 2 response(s) and 0 exception(s):
2022-11-03 16:01:24,097 [b412bf4c-8645-4ac9-920f-94e6c323f92a@group-8A4815B43099-LeaderElection16] INFO  impl.LeaderElection (LeaderElection.java:logAndReturn(94)) -   Response 0: b412bf4c-8645-4ac9-920f-94e6c323f92a<-d878db48-ef46-44bf-ac98-cb2daa3cfd80#0:FAIL-t1
2022-11-03 16:01:24,097 [b412bf4c-8645-4ac9-920f-94e6c323f92a@group-8A4815B43099-LeaderElection16] INFO  impl.LeaderElection (LeaderElection.java:logAndReturn(94)) -   Response 1: b412bf4c-8645-4ac9-920f-94e6c323f92a<-b6bbe4ab-2937-401d-96b4-8acfa82ea187#0:FAIL-t1
2022-11-03 16:01:24,101 [b412bf4c-8645-4ac9-920f-94e6c323f92a@group-8A4815B43099-LeaderElection16] INFO  impl.LeaderElection (LeaderElection.java:askForVotes(314)) - b412bf4c-8645-4ac9-920f-94e6c323f92a@group-8A4815B43099-LeaderElection16 ELECTION round 0: result REJECTED
2022-11-03 16:01:24,102 [b412bf4c-8645-4ac9-920f-94e6c323f92a@group-8A4815B43099-LeaderElection16] INFO  server.RaftServer$Division (RaftServerImpl.java:setRole(321)) - b412bf4c-8645-4ac9-920f-94e6c323f92a@group-8A4815B43099: changes role from CANDIDATE to FOLLOWER at term 1 for REJECTED
2022-11-03 16:01:24,102 [b412bf4c-8645-4ac9-920f-94e6c323f92a@group-8A4815B43099-LeaderElection16] INFO  impl.RoleInfo (RoleInfo.java:shutdownLeaderElection(130)) - b412bf4c-8645-4ac9-920f-94e6c323f92a: shutdown b412bf4c-8645-4ac9-920f-94e6c323f92a@group-8A4815B43099-LeaderElection16
2022-11-03 16:01:24,102 [b412bf4c-8645-4ac9-920f-94e6c323f92a@group-8A4815B43099-LeaderElection16] INFO  impl.RoleInfo (RoleInfo.java:updateAndGet(139)) - b412bf4c-8645-4ac9-920f-94e6c323f92a: start b412bf4c-8645-4ac9-920f-94e6c323f92a@group-8A4815B43099-FollowerState
2022-11-03 16:01:24,109 [d878db48-ef46-44bf-ac98-cb2daa3cfd80@group-8A4815B43099-FollowerState] INFO  server.RaftServerConfigKeys (ConfUtils.java:logFallback(53)) - raft.server.rpc.first-election.timeout.min = 5s (fallback to raft.server.rpc.timeout.min)
2022-11-03 16:01:24,109 [d878db48-ef46-44bf-ac98-cb2daa3cfd80@group-8A4815B43099-FollowerState] INFO  server.RaftServerConfigKeys (ConfUtils.java:logFallback(53)) - raft.server.rpc.first-election.timeout.max = 5200ms (fallback to raft.server.rpc.timeout.max)
2022-11-03 16:01:24,112 [b412bf4c-8645-4ac9-920f-94e6c323f92a@group-8A4815B43099-FollowerState] INFO  server.RaftServerConfigKeys (ConfUtils.java:logFallback(53)) - raft.server.rpc.first-election.timeout.min = 5s (fallback to raft.server.rpc.timeout.min)
2022-11-03 16:01:24,118 [b412bf4c-8645-4ac9-920f-94e6c323f92a@group-8A4815B43099-FollowerState] INFO  server.RaftServerConfigKeys (ConfUtils.java:logFallback(53)) - raft.server.rpc.first-election.timeout.max = 5200ms (fallback to raft.server.rpc.timeout.max)
2022-11-03 16:01:24,286 [b412bf4c-8645-4ac9-920f-94e6c323f92a@group-66FEC34252F7-FollowerState] INFO  impl.FollowerState (FollowerState.java:run(143)) - b412bf4c-8645-4ac9-920f-94e6c323f92a@group-66FEC34252F7-FollowerState: change to CANDIDATE, lastRpcElapsedTime:5067726199ns, electionTimeout:5067ms
2022-11-03 16:01:24,286 [b412bf4c-8645-4ac9-920f-94e6c323f92a@group-66FEC34252F7-FollowerState] INFO  impl.RoleInfo (RoleInfo.java:shutdownFollowerState(110)) - b412bf4c-8645-4ac9-920f-94e6c323f92a: shutdown b412bf4c-8645-4ac9-920f-94e6c323f92a@group-66FEC34252F7-FollowerState
2022-11-03 16:01:24,286 [b412bf4c-8645-4ac9-920f-94e6c323f92a@group-66FEC34252F7-FollowerState] INFO  server.RaftServer$Division (RaftServerImpl.java:setRole(321)) - b412bf4c-8645-4ac9-920f-94e6c323f92a@group-66FEC34252F7: changes role from  FOLLOWER to CANDIDATE at term 0 for changeToCandidate
2022-11-03 16:01:24,286 [b412bf4c-8645-4ac9-920f-94e6c323f92a@group-66FEC34252F7-FollowerState] INFO  server.RaftServerConfigKeys (ConfUtils.java:logGet(46)) - raft.server.leaderelection.pre-vote = false (custom)
2022-11-03 16:01:24,286 [b412bf4c-8645-4ac9-920f-94e6c323f92a@group-66FEC34252F7-FollowerState] INFO  impl.RoleInfo (RoleInfo.java:updateAndGet(139)) - b412bf4c-8645-4ac9-920f-94e6c323f92a: start b412bf4c-8645-4ac9-920f-94e6c323f92a@group-66FEC34252F7-LeaderElection19
2022-11-03 16:01:24,289 [b412bf4c-8645-4ac9-920f-94e6c323f92a@group-66FEC34252F7-LeaderElection19] INFO  impl.LeaderElection (LeaderElection.java:askForVotes(312)) - b412bf4c-8645-4ac9-920f-94e6c323f92a@group-66FEC34252F7-LeaderElection19 ELECTION round 0: submit vote requests at term 1 for -1: peers:[b412bf4c-8645-4ac9-920f-94e6c323f92a|rpc:10.1.1.36:37969|priority:1|startupRole:FOLLOWER]|listeners:[], old=null
2022-11-03 16:01:24,290 [b412bf4c-8645-4ac9-920f-94e6c323f92a@group-66FEC34252F7-LeaderElection19] INFO  impl.LeaderElection (LeaderElection.java:askForVotes(314)) - b412bf4c-8645-4ac9-920f-94e6c323f92a@group-66FEC34252F7-LeaderElection19 ELECTION round 0: result PASSED (term=1)
2022-11-03 16:01:24,290 [b412bf4c-8645-4ac9-920f-94e6c323f92a@group-66FEC34252F7-LeaderElection19] INFO  impl.RoleInfo (RoleInfo.java:shutdownLeaderElection(130)) - b412bf4c-8645-4ac9-920f-94e6c323f92a: shutdown b412bf4c-8645-4ac9-920f-94e6c323f92a@group-66FEC34252F7-LeaderElection19
2022-11-03 16:01:24,290 [b412bf4c-8645-4ac9-920f-94e6c323f92a@group-66FEC34252F7-LeaderElection19] INFO  server.RaftServer$Division (RaftServerImpl.java:setRole(321)) - b412bf4c-8645-4ac9-920f-94e6c323f92a@group-66FEC34252F7: changes role from CANDIDATE to LEADER at term 1 for changeToLeader
2022-11-03 16:01:24,290 [b412bf4c-8645-4ac9-920f-94e6c323f92a@group-66FEC34252F7-LeaderElection19] INFO  ratis.XceiverServerRatis (XceiverServerRatis.java:handleLeaderChangedNotification(863)) - Leader change notification received for group: group-66FEC34252F7 with new leaderId: b412bf4c-8645-4ac9-920f-94e6c323f92a
2022-11-03 16:01:24,290 [b412bf4c-8645-4ac9-920f-94e6c323f92a@group-66FEC34252F7-LeaderElection19] INFO  server.RaftServer$Division (ServerState.java:setLeader(313)) - b412bf4c-8645-4ac9-920f-94e6c323f92a@group-66FEC34252F7: change Leader from null to b412bf4c-8645-4ac9-920f-94e6c323f92a at term 1 for becomeLeader, leader elected after 5090ms
2022-11-03 16:01:24,290 [b412bf4c-8645-4ac9-920f-94e6c323f92a@group-66FEC34252F7-LeaderElection19] INFO  server.RaftServerConfigKeys (ConfUtils.java:logGet(46)) - raft.server.staging.catchup.gap = 1000 (default)
2022-11-03 16:01:24,290 [b412bf4c-8645-4ac9-920f-94e6c323f92a@group-66FEC34252F7-LeaderElection19] INFO  server.RaftServerConfigKeys (ConfUtils.java:logGet(46)) - raft.server.write.element-limit = 1024 (custom)
2022-11-03 16:01:24,290 [b412bf4c-8645-4ac9-920f-94e6c323f92a@group-66FEC34252F7-LeaderElection19] INFO  server.RaftServerConfigKeys (ConfUtils.java:logGet(46)) - raft.server.write.byte-limit = 1024 M (=1073741824) (custom)
2022-11-03 16:01:24,292 [b412bf4c-8645-4ac9-920f-94e6c323f92a@group-66FEC34252F7-LeaderElection19] INFO  server.RaftServerConfigKeys (ConfUtils.java:logGet(46)) - raft.server.watch.timeout = 180s (custom)
2022-11-03 16:01:24,292 [b412bf4c-8645-4ac9-920f-94e6c323f92a@group-66FEC34252F7-LeaderElection19] INFO  server.RaftServerConfigKeys (ConfUtils.java:logGet(46)) - raft.server.watch.timeout.denomination = 1s (default)
2022-11-03 16:01:24,292 [b412bf4c-8645-4ac9-920f-94e6c323f92a@group-66FEC34252F7-LeaderElection19] INFO  server.RaftServerConfigKeys (ConfUtils.java:logGet(46)) - raft.server.watch.element-limit = 65536 (default)
2022-11-03 16:01:24,292 [b412bf4c-8645-4ac9-920f-94e6c323f92a@group-66FEC34252F7-LeaderElection19] INFO  server.RaftServerConfigKeys (ConfUtils.java:logGet(46)) - raft.server.write.element-limit = 1024 (custom)
2022-11-03 16:01:24,292 [b412bf4c-8645-4ac9-920f-94e6c323f92a@group-66FEC34252F7-LeaderElection19] INFO  server.RaftServerConfigKeys (ConfUtils.java:logGet(46)) - raft.server.write.follower.gap.ratio.max = -1.0 (default)
2022-11-03 16:01:24,292 [b412bf4c-8645-4ac9-920f-94e6c323f92a@group-66FEC34252F7-LeaderElection19] INFO  impl.RoleInfo (RoleInfo.java:updateAndGet(139)) - b412bf4c-8645-4ac9-920f-94e6c323f92a: start b412bf4c-8645-4ac9-920f-94e6c323f92a@group-66FEC34252F7-LeaderStateImpl
2022-11-03 16:01:24,292 [b412bf4c-8645-4ac9-920f-94e6c323f92a@group-66FEC34252F7-LeaderElection19] INFO  segmented.SegmentedRaftLogWorker (SegmentedRaftLogWorker.java:startLogSegment(452)) - b412bf4c-8645-4ac9-920f-94e6c323f92a@group-66FEC34252F7-SegmentedRaftLogWorker: Starting segment from index:0
2022-11-03 16:01:24,296 [b412bf4c-8645-4ac9-920f-94e6c323f92a@group-66FEC34252F7-LeaderElection19] INFO  server.RaftServer$Division (ServerState.java:setRaftConf(430)) - b412bf4c-8645-4ac9-920f-94e6c323f92a@group-66FEC34252F7: set configuration 0: peers:[b412bf4c-8645-4ac9-920f-94e6c323f92a|rpc:10.1.1.36:37969|dataStream:|priority:1|startupRole:FOLLOWER]|listeners:[], old=null
2022-11-03 16:01:24,298 [b412bf4c-8645-4ac9-920f-94e6c323f92a@group-66FEC34252F7-SegmentedRaftLogWorker] INFO  segmented.SegmentedRaftLogWorker (SegmentedRaftLogWorker.java:execute(656)) - b412bf4c-8645-4ac9-920f-94e6c323f92a@group-66FEC34252F7-SegmentedRaftLogWorker: created new log segment /home/runner/work/ozone/ozone/hadoop-ozone/integration-test/target/test-dir/MiniOzoneClusterImpl-84bf62e0-a170-4695-9dd9-8848938f690d/datanode-7/data/ratis/efba5c6f-189f-4cfa-a1bc-66fec34252f7/current/log_inprogress_0
2022-11-03 16:01:24,322 [Listener at 127.0.0.1/45563] INFO  ozoneimpl.OzoneContainer (OzoneContainer.java:stop(400)) - Attempting to stop container services.
2022-11-03 16:01:24,331 [Listener at 127.0.0.1/45563] INFO  server.RaftServer (RaftServerProxy.java:lambda$close$6(409)) - 3af182df-8746-4079-a1aa-2aadbfcb2e37: close
2022-11-03 16:01:24,332 [3af182df-8746-4079-a1aa-2aadbfcb2e37-impl-thread1] INFO  server.RaftServer$Division (RaftServerImpl.java:lambda$close$4(458)) - 3af182df-8746-4079-a1aa-2aadbfcb2e37@group-E9B64072809A: shutdown
2022-11-03 16:01:24,333 [3af182df-8746-4079-a1aa-2aadbfcb2e37-impl-thread2] INFO  server.RaftServer$Division (RaftServerImpl.java:lambda$close$4(458)) - 3af182df-8746-4079-a1aa-2aadbfcb2e37@group-C23791542C4C: shutdown
2022-11-03 16:01:24,333 [3af182df-8746-4079-a1aa-2aadbfcb2e37-impl-thread1] INFO  util.JmxRegister (JmxRegister.java:unregister(73)) - Successfully un-registered JMX Bean with object name Ratis:service=RaftServer,group=group-E9B64072809A,id=3af182df-8746-4079-a1aa-2aadbfcb2e37
2022-11-03 16:01:24,333 [3af182df-8746-4079-a1aa-2aadbfcb2e37-impl-thread2] INFO  util.JmxRegister (JmxRegister.java:unregister(73)) - Successfully un-registered JMX Bean with object name Ratis:service=RaftServer,group=group-C23791542C4C,id=3af182df-8746-4079-a1aa-2aadbfcb2e37
2022-11-03 16:01:24,333 [3af182df-8746-4079-a1aa-2aadbfcb2e37-impl-thread2] INFO  impl.RoleInfo (RoleInfo.java:shutdownLeaderState(93)) - 3af182df-8746-4079-a1aa-2aadbfcb2e37: shutdown 3af182df-8746-4079-a1aa-2aadbfcb2e37@group-C23791542C4C-LeaderStateImpl
2022-11-03 16:01:24,333 [3af182df-8746-4079-a1aa-2aadbfcb2e37-impl-thread1] INFO  impl.RoleInfo (RoleInfo.java:shutdownLeaderState(93)) - 3af182df-8746-4079-a1aa-2aadbfcb2e37: shutdown 3af182df-8746-4079-a1aa-2aadbfcb2e37@group-E9B64072809A-LeaderStateImpl
2022-11-03 16:01:24,333 [3af182df-8746-4079-a1aa-2aadbfcb2e37-impl-thread2] INFO  impl.PendingRequests (PendingRequests.java:sendNotLeaderResponses(282)) - 3af182df-8746-4079-a1aa-2aadbfcb2e37@group-C23791542C4C-PendingRequests: sendNotLeaderResponses
2022-11-03 16:01:24,335 [3af182df-8746-4079-a1aa-2aadbfcb2e37@group-C23791542C4C-StateMachineUpdater] INFO  ratis.ContainerStateMachine (ContainerStateMachine.java:takeSnapshot(304)) - group-C23791542C4C: Taking a snapshot at:(t:1, i:0) file /home/runner/work/ozone/ozone/hadoop-ozone/integration-test/target/test-dir/MiniOzoneClusterImpl-84bf62e0-a170-4695-9dd9-8848938f690d/datanode-3/data/ratis/e35255d0-3530-439e-90c0-c23791542c4c/sm/snapshot.1_0
2022-11-03 16:01:24,339 [3af182df-8746-4079-a1aa-2aadbfcb2e37-impl-thread2] INFO  impl.StateMachineUpdater (StateMachineUpdater.java:stopAndJoin(153)) - 3af182df-8746-4079-a1aa-2aadbfcb2e37@group-C23791542C4C-StateMachineUpdater: set stopIndex = 0
2022-11-03 16:01:24,340 [3af182df-8746-4079-a1aa-2aadbfcb2e37@group-E9B64072809A->6065ee46-1250-4f2d-bd18-fb99db464885-GrpcLogAppender-LogAppenderDaemon] WARN  server.GrpcLogAppender (GrpcLogAppender.java:mayWait(200)) - 3af182df-8746-4079-a1aa-2aadbfcb2e37@group-E9B64072809A->6065ee46-1250-4f2d-bd18-fb99db464885-GrpcLogAppender: Wait interrupted by java.lang.InterruptedException
2022-11-03 16:01:24,340 [Listener at 127.0.0.1/45563] INFO  server.GrpcService (GrpcService.java:closeImpl(279)) - 3af182df-8746-4079-a1aa-2aadbfcb2e37: shutdown server GrpcServerProtocolService now
2022-11-03 16:01:24,340 [3af182df-8746-4079-a1aa-2aadbfcb2e37-impl-thread1] INFO  impl.PendingRequests (PendingRequests.java:sendNotLeaderResponses(282)) - 3af182df-8746-4079-a1aa-2aadbfcb2e37@group-E9B64072809A-PendingRequests: sendNotLeaderResponses
2022-11-03 16:01:24,348 [3af182df-8746-4079-a1aa-2aadbfcb2e37-impl-thread3] INFO  server.RaftServer$Division (RaftServerImpl.java:lambda$close$4(458)) - 3af182df-8746-4079-a1aa-2aadbfcb2e37@group-94A5FE1A6C6F: shutdown
2022-11-03 16:01:24,348 [3af182df-8746-4079-a1aa-2aadbfcb2e37-impl-thread3] INFO  util.JmxRegister (JmxRegister.java:unregister(73)) - Successfully un-registered JMX Bean with object name Ratis:service=RaftServer,group=group-94A5FE1A6C6F,id=3af182df-8746-4079-a1aa-2aadbfcb2e37
2022-11-03 16:01:24,348 [3af182df-8746-4079-a1aa-2aadbfcb2e37-impl-thread3] INFO  impl.RoleInfo (RoleInfo.java:shutdownFollowerState(110)) - 3af182df-8746-4079-a1aa-2aadbfcb2e37: shutdown 3af182df-8746-4079-a1aa-2aadbfcb2e37@group-94A5FE1A6C6F-FollowerState
2022-11-03 16:01:24,349 [3af182df-8746-4079-a1aa-2aadbfcb2e37@group-94A5FE1A6C6F-FollowerState] INFO  impl.FollowerState (FollowerState.java:run(152)) - 3af182df-8746-4079-a1aa-2aadbfcb2e37@group-94A5FE1A6C6F-FollowerState was interrupted
2022-11-03 16:01:24,351 [grpc-default-executor-2] INFO  server.GrpcServerProtocolService (GrpcServerProtocolService.java:onCompleted(145)) - 6065ee46-1250-4f2d-bd18-fb99db464885: Completed APPEND_ENTRIES, lastRequest: null
2022-11-03 16:01:24,354 [grpc-default-executor-1] INFO  server.GrpcLogAppender (GrpcLogAppender.java:onCompleted(415)) - 3af182df-8746-4079-a1aa-2aadbfcb2e37@group-E9B64072809A->6065ee46-1250-4f2d-bd18-fb99db464885-AppendLogResponseHandler: follower responses appendEntries COMPLETED
2022-11-03 16:01:24,349 [3af182df-8746-4079-a1aa-2aadbfcb2e37-impl-thread3] INFO  impl.StateMachineUpdater (StateMachineUpdater.java:stopAndJoin(153)) - 3af182df-8746-4079-a1aa-2aadbfcb2e37@group-94A5FE1A6C6F-StateMachineUpdater: set stopIndex = -1
2022-11-03 16:01:24,357 [3af182df-8746-4079-a1aa-2aadbfcb2e37-impl-thread3] INFO  server.RaftServer$Division (ServerState.java:close(466)) - 3af182df-8746-4079-a1aa-2aadbfcb2e37@group-94A5FE1A6C6F: closes. applyIndex: -1
2022-11-03 16:01:24,359 [3af182df-8746-4079-a1aa-2aadbfcb2e37-impl-thread1] INFO  impl.StateMachineUpdater (StateMachineUpdater.java:stopAndJoin(153)) - 3af182df-8746-4079-a1aa-2aadbfcb2e37@group-E9B64072809A-StateMachineUpdater: set stopIndex = 0
2022-11-03 16:01:24,359 [Listener at 127.0.0.1/45563] INFO  server.GrpcServerProtocolClient (GrpcServerProtocolClient.java:close(111)) - 6065ee46-1250-4f2d-bd18-fb99db464885 Close channels
2022-11-03 16:01:24,360 [3af182df-8746-4079-a1aa-2aadbfcb2e37@group-94A5FE1A6C6F-SegmentedRaftLogWorker] INFO  segmented.SegmentedRaftLogWorker (SegmentedRaftLogWorker.java:run(345)) - 3af182df-8746-4079-a1aa-2aadbfcb2e37@group-94A5FE1A6C6F-SegmentedRaftLogWorker was interrupted, exiting. There are 0 tasks remaining in the queue.
2022-11-03 16:01:24,350 [3af182df-8746-4079-a1aa-2aadbfcb2e37@group-E9B64072809A->2369a186-4f78-4e7b-885b-53a729611fd8-GrpcLogAppender-LogAppenderDaemon] WARN  server.GrpcLogAppender (GrpcLogAppender.java:mayWait(200)) - 3af182df-8746-4079-a1aa-2aadbfcb2e37@group-E9B64072809A->2369a186-4f78-4e7b-885b-53a729611fd8-GrpcLogAppender: Wait interrupted by java.lang.InterruptedException
2022-11-03 16:01:24,360 [3af182df-8746-4079-a1aa-2aadbfcb2e37-impl-thread3] INFO  segmented.SegmentedRaftLogWorker (SegmentedRaftLogWorker.java:close(255)) - 3af182df-8746-4079-a1aa-2aadbfcb2e37@group-94A5FE1A6C6F-SegmentedRaftLogWorker close()
2022-11-03 16:01:24,361 [grpc-default-executor-1] INFO  leader.FollowerInfo (FollowerInfoImpl.java:lambda$new$0(48)) - 3af182df-8746-4079-a1aa-2aadbfcb2e37@group-E9B64072809A->6065ee46-1250-4f2d-bd18-fb99db464885: nextIndex: updateUnconditionally 1 -> 0
2022-11-03 16:01:24,397 [grpc-default-executor-2] INFO  server.GrpcServerProtocolService (GrpcServerProtocolService.java:onCompleted(145)) - 2369a186-4f78-4e7b-885b-53a729611fd8: Completed APPEND_ENTRIES, lastRequest: null
2022-11-03 16:01:24,398 [3af182df-8746-4079-a1aa-2aadbfcb2e37@group-E9B64072809A-StateMachineUpdater] INFO  ratis.ContainerStateMachine (ContainerStateMachine.java:takeSnapshot(304)) - group-E9B64072809A: Taking a snapshot at:(t:1, i:0) file /home/runner/work/ozone/ozone/hadoop-ozone/integration-test/target/test-dir/MiniOzoneClusterImpl-84bf62e0-a170-4695-9dd9-8848938f690d/datanode-3/data/ratis/f27972fe-4000-4d5a-8cf1-e9b64072809a/sm/snapshot.1_0
2022-11-03 16:01:24,354 [grpc-default-executor-0] INFO  server.GrpcServerProtocolService (GrpcServerProtocolService.java:onCompleted(145)) - 6065ee46-1250-4f2d-bd18-fb99db464885: Completed APPEND_ENTRIES, lastRequest: 3af182df-8746-4079-a1aa-2aadbfcb2e37->6065ee46-1250-4f2d-bd18-fb99db464885#1-t1,previous=(t:0, i:0),leaderCommit=0,initializing? true,entries: size=1, first=(t:1, i:0), CONFIGURATIONENTRY(current:id: "6065ee46-1250-4f2d-bd18-fb99db464885"
address: "10.1.1.36:43193"
clientAddress: "10.1.1.36:43193"
adminAddress: "10.1.1.36:43193"
startupRole: FOLLOWER
,id: "2369a186-4f78-4e7b-885b-53a729611fd8"
address: "10.1.1.36:35493"
clientAddress: "10.1.1.36:35493"
adminAddress: "10.1.1.36:35493"
startupRole: FOLLOWER
,id: "3af182df-8746-4079-a1aa-2aadbfcb2e37"
address: "10.1.1.36:35587"
priority: 1
clientAddress: "10.1.1.36:35587"
adminAddress: "10.1.1.36:35587"
startupRole: FOLLOWER
, old:)
2022-11-03 16:01:24,400 [grpc-default-executor-1] INFO  server.GrpcServerProtocolService (GrpcServerProtocolService.java:onCompleted(145)) - 2369a186-4f78-4e7b-885b-53a729611fd8: Completed APPEND_ENTRIES, lastRequest: 3af182df-8746-4079-a1aa-2aadbfcb2e37->2369a186-4f78-4e7b-885b-53a729611fd8#1-t1,previous=(t:0, i:0),leaderCommit=0,initializing? true,entries: size=1, first=(t:1, i:0), CONFIGURATIONENTRY(current:id: "6065ee46-1250-4f2d-bd18-fb99db464885"
address: "10.1.1.36:43193"
clientAddress: "10.1.1.36:43193"
adminAddress: "10.1.1.36:43193"
startupRole: FOLLOWER
,id: "2369a186-4f78-4e7b-885b-53a729611fd8"
address: "10.1.1.36:35493"
clientAddress: "10.1.1.36:35493"
adminAddress: "10.1.1.36:35493"
startupRole: FOLLOWER
,id: "3af182df-8746-4079-a1aa-2aadbfcb2e37"
address: "10.1.1.36:35587"
priority: 1
clientAddress: "10.1.1.36:35587"
adminAddress: "10.1.1.36:35587"
startupRole: FOLLOWER
, old:)
2022-11-03 16:01:24,400 [ForkJoinPool.commonPool-worker-0] INFO  server.GrpcServerProtocolClient (GrpcServerProtocolClient.java:close(111)) - 2369a186-4f78-4e7b-885b-53a729611fd8 Close channels
2022-11-03 16:01:24,401 [grpc-default-executor-0] INFO  server.GrpcLogAppender (GrpcLogAppender.java:onCompleted(415)) - 3af182df-8746-4079-a1aa-2aadbfcb2e37@group-E9B64072809A->6065ee46-1250-4f2d-bd18-fb99db464885-AppendLogResponseHandler: follower responses appendEntries COMPLETED
2022-11-03 16:01:24,401 [grpc-default-executor-0] WARN  server.GrpcLogAppender (GrpcLogAppender.java:resetClient(137)) - 3af182df-8746-4079-a1aa-2aadbfcb2e37@group-E9B64072809A->6065ee46-1250-4f2d-bd18-fb99db464885-GrpcLogAppender: Failed to getClient for 6065ee46-1250-4f2d-bd18-fb99db464885
org.apache.ratis.protocol.exceptions.AlreadyClosedException: 3af182df-8746-4079-a1aa-2aadbfcb2e37 is already CLOSED
	at org.apache.ratis.util.PeerProxyMap$PeerAndProxy.getProxy(PeerProxyMap.java:61)
	at org.apache.ratis.util.PeerProxyMap.getProxy(PeerProxyMap.java:115)
	at org.apache.ratis.grpc.server.GrpcLogAppender.getClient(GrpcLogAppender.java:116)
	at org.apache.ratis.grpc.server.GrpcLogAppender.resetClient(GrpcLogAppender.java:121)
	at org.apache.ratis.grpc.server.GrpcLogAppender.access$500(GrpcLogAppender.java:58)
	at org.apache.ratis.grpc.server.GrpcLogAppender$AppendLogResponseHandler.onCompleted(GrpcLogAppender.java:416)
	at org.apache.ratis.thirdparty.io.grpc.stub.ClientCalls$StreamObserverToCallListenerAdapter.onClose(ClientCalls.java:485)
	at org.apache.ratis.thirdparty.io.grpc.internal.ClientCallImpl.closeObserver(ClientCallImpl.java:562)
	at org.apache.ratis.thirdparty.io.grpc.internal.ClientCallImpl.access$300(ClientCallImpl.java:70)
	at org.apache.ratis.thirdparty.io.grpc.internal.ClientCallImpl$ClientStreamListenerImpl$1StreamClosed.runInternal(ClientCallImpl.java:743)
	at org.apache.ratis.thirdparty.io.grpc.internal.ClientCallImpl$ClientStreamListenerImpl$1StreamClosed.runInContext(ClientCallImpl.java:722)
	at org.apache.ratis.thirdparty.io.grpc.internal.ContextRunnable.run(ContextRunnable.java:37)
	at org.apache.ratis.thirdparty.io.grpc.internal.SerializingExecutor.run(SerializingExecutor.java:133)
	at java.util.concurrent.ThreadPoolExecutor.runWorker(ThreadPoolExecutor.java:1149)
	at java.util.concurrent.ThreadPoolExecutor$Worker.run(ThreadPoolExecutor.java:624)
	at java.lang.Thread.run(Thread.java:750)
2022-11-03 16:01:24,408 [grpc-default-executor-4] INFO  server.GrpcLogAppender (GrpcLogAppender.java:onCompleted(415)) - 3af182df-8746-4079-a1aa-2aadbfcb2e37@group-E9B64072809A->2369a186-4f78-4e7b-885b-53a729611fd8-AppendLogResponseHandler: follower responses appendEntries COMPLETED
2022-11-03 16:01:24,408 [grpc-default-executor-4] WARN  server.GrpcLogAppender (GrpcLogAppender.java:resetClient(137)) - 3af182df-8746-4079-a1aa-2aadbfcb2e37@group-E9B64072809A->2369a186-4f78-4e7b-885b-53a729611fd8-GrpcLogAppender: Failed to getClient for 2369a186-4f78-4e7b-885b-53a729611fd8
org.apache.ratis.protocol.exceptions.AlreadyClosedException: 3af182df-8746-4079-a1aa-2aadbfcb2e37 is already CLOSED
	at org.apache.ratis.util.PeerProxyMap$PeerAndProxy.getProxy(PeerProxyMap.java:61)
	at org.apache.ratis.util.PeerProxyMap.getProxy(PeerProxyMap.java:115)
	at org.apache.ratis.grpc.server.GrpcLogAppender.getClient(GrpcLogAppender.java:116)
	at org.apache.ratis.grpc.server.GrpcLogAppender.resetClient(GrpcLogAppender.java:121)
	at org.apache.ratis.grpc.server.GrpcLogAppender.access$500(GrpcLogAppender.java:58)
	at org.apache.ratis.grpc.server.GrpcLogAppender$AppendLogResponseHandler.onCompleted(GrpcLogAppender.java:416)
	at org.apache.ratis.thirdparty.io.grpc.stub.ClientCalls$StreamObserverToCallListenerAdapter.onClose(ClientCalls.java:485)
	at org.apache.ratis.thirdparty.io.grpc.internal.DelayedClientCall$DelayedListener$3.run(DelayedClientCall.java:468)
	at org.apache.ratis.thirdparty.io.grpc.internal.DelayedClientCall$DelayedListener.delayOrExecute(DelayedClientCall.java:432)
	at org.apache.ratis.thirdparty.io.grpc.internal.DelayedClientCall$DelayedListener.onClose(DelayedClientCall.java:465)
	at org.apache.ratis.thirdparty.io.grpc.internal.ClientCallImpl.closeObserver(ClientCallImpl.java:562)
	at org.apache.ratis.thirdparty.io.grpc.internal.ClientCallImpl.access$300(ClientCallImpl.java:70)
	at org.apache.ratis.thirdparty.io.grpc.internal.ClientCallImpl$ClientStreamListenerImpl$1StreamClosed.runInternal(ClientCallImpl.java:743)
	at org.apache.ratis.thirdparty.io.grpc.internal.ClientCallImpl$ClientStreamListenerImpl$1StreamClosed.runInContext(ClientCallImpl.java:722)
	at org.apache.ratis.thirdparty.io.grpc.internal.ContextRunnable.run(ContextRunnable.java:37)
	at org.apache.ratis.thirdparty.io.grpc.internal.SerializingExecutor.run(SerializingExecutor.java:133)
	at java.util.concurrent.ThreadPoolExecutor.runWorker(ThreadPoolExecutor.java:1149)
	at java.util.concurrent.ThreadPoolExecutor$Worker.run(ThreadPoolExecutor.java:624)
	at java.lang.Thread.run(Thread.java:750)
2022-11-03 16:01:24,410 [Listener at 127.0.0.1/45563] INFO  server.GrpcService (GrpcService.java:closeImpl(288)) - 3af182df-8746-4079-a1aa-2aadbfcb2e37: shutdown server GrpcServerProtocolService successfully
2022-11-03 16:01:24,410 [grpc-default-executor-4] INFO  server.GrpcLogAppender (GrpcLogAppender.java:onCompleted(415)) - 3af182df-8746-4079-a1aa-2aadbfcb2e37@group-E9B64072809A->2369a186-4f78-4e7b-885b-53a729611fd8-AppendLogResponseHandler: follower responses appendEntries COMPLETED
2022-11-03 16:01:24,414 [grpc-default-executor-4] WARN  server.GrpcLogAppender (GrpcLogAppender.java:resetClient(137)) - 3af182df-8746-4079-a1aa-2aadbfcb2e37@group-E9B64072809A->2369a186-4f78-4e7b-885b-53a729611fd8-GrpcLogAppender: Failed to getClient for 2369a186-4f78-4e7b-885b-53a729611fd8
org.apache.ratis.protocol.exceptions.AlreadyClosedException: 3af182df-8746-4079-a1aa-2aadbfcb2e37 is already CLOSED
	at org.apache.ratis.util.PeerProxyMap$PeerAndProxy.getProxy(PeerProxyMap.java:61)
	at org.apache.ratis.util.PeerProxyMap.getProxy(PeerProxyMap.java:115)
	at org.apache.ratis.grpc.server.GrpcLogAppender.getClient(GrpcLogAppender.java:116)
	at org.apache.ratis.grpc.server.GrpcLogAppender.resetClient(GrpcLogAppender.java:121)
	at org.apache.ratis.grpc.server.GrpcLogAppender.access$500(GrpcLogAppender.java:58)
	at org.apache.ratis.grpc.server.GrpcLogAppender$AppendLogResponseHandler.onCompleted(GrpcLogAppender.java:416)
	at org.apache.ratis.thirdparty.io.grpc.stub.ClientCalls$StreamObserverToCallListenerAdapter.onClose(ClientCalls.java:485)
	at org.apache.ratis.thirdparty.io.grpc.internal.ClientCallImpl.closeObserver(ClientCallImpl.java:562)
	at org.apache.ratis.thirdparty.io.grpc.internal.ClientCallImpl.access$300(ClientCallImpl.java:70)
	at org.apache.ratis.thirdparty.io.grpc.internal.ClientCallImpl$ClientStreamListenerImpl$1StreamClosed.runInternal(ClientCallImpl.java:743)
	at org.apache.ratis.thirdparty.io.grpc.internal.ClientCallImpl$ClientStreamListenerImpl$1StreamClosed.runInContext(ClientCallImpl.java:722)
	at org.apache.ratis.thirdparty.io.grpc.internal.ContextRunnable.run(ContextRunnable.java:37)
	at org.apache.ratis.thirdparty.io.grpc.internal.SerializingExecutor.run(SerializingExecutor.java:133)
	at java.util.concurrent.ThreadPoolExecutor.runWorker(ThreadPoolExecutor.java:1149)
	at java.util.concurrent.ThreadPoolExecutor$Worker.run(ThreadPoolExecutor.java:624)
	at java.lang.Thread.run(Thread.java:750)
2022-11-03 16:01:24,433 [3af182df-8746-4079-a1aa-2aadbfcb2e37@group-E9B64072809A-StateMachineUpdater] INFO  ratis.ContainerStateMachine (ContainerStateMachine.java:takeSnapshot(315)) - group-E9B64072809A: Finished taking a snapshot at:(t:1, i:0) file:/home/runner/work/ozone/ozone/hadoop-ozone/integration-test/target/test-dir/MiniOzoneClusterImpl-84bf62e0-a170-4695-9dd9-8848938f690d/datanode-3/data/ratis/f27972fe-4000-4d5a-8cf1-e9b64072809a/sm/snapshot.1_0 took: 35 ms
2022-11-03 16:01:24,435 [3af182df-8746-4079-a1aa-2aadbfcb2e37@group-E9B64072809A-StateMachineUpdater] INFO  impl.StateMachineUpdater (StateMachineUpdater.java:takeSnapshot(287)) - 3af182df-8746-4079-a1aa-2aadbfcb2e37@group-E9B64072809A-StateMachineUpdater: Took a snapshot at index 0
2022-11-03 16:01:24,435 [3af182df-8746-4079-a1aa-2aadbfcb2e37@group-E9B64072809A-StateMachineUpdater] INFO  impl.StateMachineUpdater (StateMachineUpdater.java:lambda$new$0(92)) - 3af182df-8746-4079-a1aa-2aadbfcb2e37@group-E9B64072809A-StateMachineUpdater: snapshotIndex: updateIncreasingly -1 -> 0
2022-11-03 16:01:24,441 [3af182df-8746-4079-a1aa-2aadbfcb2e37@group-C23791542C4C-StateMachineUpdater] INFO  ratis.ContainerStateMachine (ContainerStateMachine.java:takeSnapshot(315)) - group-C23791542C4C: Finished taking a snapshot at:(t:1, i:0) file:/home/runner/work/ozone/ozone/hadoop-ozone/integration-test/target/test-dir/MiniOzoneClusterImpl-84bf62e0-a170-4695-9dd9-8848938f690d/datanode-3/data/ratis/e35255d0-3530-439e-90c0-c23791542c4c/sm/snapshot.1_0 took: 106 ms
2022-11-03 16:01:24,442 [3af182df-8746-4079-a1aa-2aadbfcb2e37@group-C23791542C4C-StateMachineUpdater] INFO  impl.StateMachineUpdater (StateMachineUpdater.java:takeSnapshot(287)) - 3af182df-8746-4079-a1aa-2aadbfcb2e37@group-C23791542C4C-StateMachineUpdater: Took a snapshot at index 0
2022-11-03 16:01:24,442 [3af182df-8746-4079-a1aa-2aadbfcb2e37@group-C23791542C4C-StateMachineUpdater] INFO  impl.StateMachineUpdater (StateMachineUpdater.java:lambda$new$0(92)) - 3af182df-8746-4079-a1aa-2aadbfcb2e37@group-C23791542C4C-StateMachineUpdater: snapshotIndex: updateIncreasingly -1 -> 0
2022-11-03 16:01:24,442 [3af182df-8746-4079-a1aa-2aadbfcb2e37-impl-thread1] INFO  server.RaftServer$Division (ServerState.java:close(466)) - 3af182df-8746-4079-a1aa-2aadbfcb2e37@group-E9B64072809A: closes. applyIndex: 0
2022-11-03 16:01:24,442 [3af182df-8746-4079-a1aa-2aadbfcb2e37@group-E9B64072809A-SegmentedRaftLogWorker] INFO  segmented.SegmentedRaftLogWorker (SegmentedRaftLogWorker.java:run(345)) - 3af182df-8746-4079-a1aa-2aadbfcb2e37@group-E9B64072809A-SegmentedRaftLogWorker was interrupted, exiting. There are 0 tasks remaining in the queue.
2022-11-03 16:01:24,442 [3af182df-8746-4079-a1aa-2aadbfcb2e37-impl-thread2] INFO  server.RaftServer$Division (ServerState.java:close(466)) - 3af182df-8746-4079-a1aa-2aadbfcb2e37@group-C23791542C4C: closes. applyIndex: 0
2022-11-03 16:01:24,442 [3af182df-8746-4079-a1aa-2aadbfcb2e37@group-C23791542C4C-SegmentedRaftLogWorker] INFO  segmented.SegmentedRaftLogWorker (SegmentedRaftLogWorker.java:run(345)) - 3af182df-8746-4079-a1aa-2aadbfcb2e37@group-C23791542C4C-SegmentedRaftLogWorker was interrupted, exiting. There are 0 tasks remaining in the queue.
2022-11-03 16:01:24,443 [3af182df-8746-4079-a1aa-2aadbfcb2e37-impl-thread2] INFO  segmented.SegmentedRaftLogWorker (SegmentedRaftLogWorker.java:close(255)) - 3af182df-8746-4079-a1aa-2aadbfcb2e37@group-C23791542C4C-SegmentedRaftLogWorker close()
2022-11-03 16:01:24,443 [3af182df-8746-4079-a1aa-2aadbfcb2e37-impl-thread1] INFO  segmented.SegmentedRaftLogWorker (SegmentedRaftLogWorker.java:close(255)) - 3af182df-8746-4079-a1aa-2aadbfcb2e37@group-E9B64072809A-SegmentedRaftLogWorker close()
2022-11-03 16:01:24,450 [JvmPauseMonitor4] INFO  util.JvmPauseMonitor (JvmPauseMonitor.java:run(111)) - JvmPauseMonitor-3af182df-8746-4079-a1aa-2aadbfcb2e37: Stopped
2022-11-03 16:01:24,703 [b6bbe4ab-2937-401d-96b4-8acfa82ea187@group-07838B844681-FollowerState] INFO  impl.FollowerState (FollowerState.java:run(143)) - b6bbe4ab-2937-401d-96b4-8acfa82ea187@group-07838B844681-FollowerState: change to CANDIDATE, lastRpcElapsedTime:5170290301ns, electionTimeout:5169ms
2022-11-03 16:01:24,704 [b6bbe4ab-2937-401d-96b4-8acfa82ea187@group-07838B844681-FollowerState] INFO  impl.RoleInfo (RoleInfo.java:shutdownFollowerState(110)) - b6bbe4ab-2937-401d-96b4-8acfa82ea187: shutdown b6bbe4ab-2937-401d-96b4-8acfa82ea187@group-07838B844681-FollowerState
2022-11-03 16:01:24,704 [b6bbe4ab-2937-401d-96b4-8acfa82ea187@group-07838B844681-FollowerState] INFO  server.RaftServer$Division (RaftServerImpl.java:setRole(321)) - b6bbe4ab-2937-401d-96b4-8acfa82ea187@group-07838B844681: changes role from  FOLLOWER to CANDIDATE at term 0 for changeToCandidate
2022-11-03 16:01:24,704 [b6bbe4ab-2937-401d-96b4-8acfa82ea187@group-07838B844681-FollowerState] INFO  server.RaftServerConfigKeys (ConfUtils.java:logGet(46)) - raft.server.leaderelection.pre-vote = false (custom)
2022-11-03 16:01:24,704 [b6bbe4ab-2937-401d-96b4-8acfa82ea187@group-07838B844681-FollowerState] INFO  impl.RoleInfo (RoleInfo.java:updateAndGet(139)) - b6bbe4ab-2937-401d-96b4-8acfa82ea187: start b6bbe4ab-2937-401d-96b4-8acfa82ea187@group-07838B844681-LeaderElection20
2022-11-03 16:01:24,707 [b6bbe4ab-2937-401d-96b4-8acfa82ea187@group-07838B844681-LeaderElection20] INFO  impl.LeaderElection (LeaderElection.java:askForVotes(312)) - b6bbe4ab-2937-401d-96b4-8acfa82ea187@group-07838B844681-LeaderElection20 ELECTION round 0: submit vote requests at term 1 for -1: peers:[b6bbe4ab-2937-401d-96b4-8acfa82ea187|rpc:10.1.1.36:37137|priority:1|startupRole:FOLLOWER]|listeners:[], old=null
2022-11-03 16:01:24,707 [b6bbe4ab-2937-401d-96b4-8acfa82ea187@group-07838B844681-LeaderElection20] INFO  impl.LeaderElection (LeaderElection.java:askForVotes(314)) - b6bbe4ab-2937-401d-96b4-8acfa82ea187@group-07838B844681-LeaderElection20 ELECTION round 0: result PASSED (term=1)
2022-11-03 16:01:24,707 [b6bbe4ab-2937-401d-96b4-8acfa82ea187@group-07838B844681-LeaderElection20] INFO  impl.RoleInfo (RoleInfo.java:shutdownLeaderElection(130)) - b6bbe4ab-2937-401d-96b4-8acfa82ea187: shutdown b6bbe4ab-2937-401d-96b4-8acfa82ea187@group-07838B844681-LeaderElection20
2022-11-03 16:01:24,708 [b6bbe4ab-2937-401d-96b4-8acfa82ea187@group-07838B844681-LeaderElection20] INFO  server.RaftServer$Division (RaftServerImpl.java:setRole(321)) - b6bbe4ab-2937-401d-96b4-8acfa82ea187@group-07838B844681: changes role from CANDIDATE to LEADER at term 1 for changeToLeader
2022-11-03 16:01:24,708 [b6bbe4ab-2937-401d-96b4-8acfa82ea187@group-07838B844681-LeaderElection20] INFO  ratis.XceiverServerRatis (XceiverServerRatis.java:handleLeaderChangedNotification(863)) - Leader change notification received for group: group-07838B844681 with new leaderId: b6bbe4ab-2937-401d-96b4-8acfa82ea187
2022-11-03 16:01:24,708 [b6bbe4ab-2937-401d-96b4-8acfa82ea187@group-07838B844681-LeaderElection20] INFO  server.RaftServer$Division (ServerState.java:setLeader(313)) - b6bbe4ab-2937-401d-96b4-8acfa82ea187@group-07838B844681: change Leader from null to b6bbe4ab-2937-401d-96b4-8acfa82ea187 at term 1 for becomeLeader, leader elected after 5182ms
2022-11-03 16:01:24,708 [b6bbe4ab-2937-401d-96b4-8acfa82ea187@group-07838B844681-LeaderElection20] INFO  server.RaftServerConfigKeys (ConfUtils.java:logGet(46)) - raft.server.staging.catchup.gap = 1000 (default)
2022-11-03 16:01:24,708 [b6bbe4ab-2937-401d-96b4-8acfa82ea187@group-07838B844681-LeaderElection20] INFO  server.RaftServerConfigKeys (ConfUtils.java:logGet(46)) - raft.server.write.element-limit = 1024 (custom)
2022-11-03 16:01:24,708 [b6bbe4ab-2937-401d-96b4-8acfa82ea187@group-07838B844681-LeaderElection20] INFO  server.RaftServerConfigKeys (ConfUtils.java:logGet(46)) - raft.server.write.byte-limit = 1024 M (=1073741824) (custom)
2022-11-03 16:01:24,709 [b6bbe4ab-2937-401d-96b4-8acfa82ea187@group-07838B844681-LeaderElection20] INFO  server.RaftServerConfigKeys (ConfUtils.java:logGet(46)) - raft.server.watch.timeout = 180s (custom)
2022-11-03 16:01:24,709 [b6bbe4ab-2937-401d-96b4-8acfa82ea187@group-07838B844681-LeaderElection20] INFO  server.RaftServerConfigKeys (ConfUtils.java:logGet(46)) - raft.server.watch.timeout.denomination = 1s (default)
2022-11-03 16:01:24,709 [b6bbe4ab-2937-401d-96b4-8acfa82ea187@group-07838B844681-LeaderElection20] INFO  server.RaftServerConfigKeys (ConfUtils.java:logGet(46)) - raft.server.watch.element-limit = 65536 (default)
2022-11-03 16:01:24,709 [b6bbe4ab-2937-401d-96b4-8acfa82ea187@group-07838B844681-LeaderElection20] INFO  server.RaftServerConfigKeys (ConfUtils.java:logGet(46)) - raft.server.write.element-limit = 1024 (custom)
2022-11-03 16:01:24,709 [b6bbe4ab-2937-401d-96b4-8acfa82ea187@group-07838B844681-LeaderElection20] INFO  server.RaftServerConfigKeys (ConfUtils.java:logGet(46)) - raft.server.write.follower.gap.ratio.max = -1.0 (default)
2022-11-03 16:01:24,709 [b6bbe4ab-2937-401d-96b4-8acfa82ea187@group-07838B844681-LeaderElection20] INFO  impl.RoleInfo (RoleInfo.java:updateAndGet(139)) - b6bbe4ab-2937-401d-96b4-8acfa82ea187: start b6bbe4ab-2937-401d-96b4-8acfa82ea187@group-07838B844681-LeaderStateImpl
2022-11-03 16:01:24,709 [b6bbe4ab-2937-401d-96b4-8acfa82ea187@group-07838B844681-LeaderElection20] INFO  segmented.SegmentedRaftLogWorker (SegmentedRaftLogWorker.java:startLogSegment(452)) - b6bbe4ab-2937-401d-96b4-8acfa82ea187@group-07838B844681-SegmentedRaftLogWorker: Starting segment from index:0
2022-11-03 16:01:24,713 [b6bbe4ab-2937-401d-96b4-8acfa82ea187@group-07838B844681-LeaderElection20] INFO  server.RaftServer$Division (ServerState.java:setRaftConf(430)) - b6bbe4ab-2937-401d-96b4-8acfa82ea187@group-07838B844681: set configuration 0: peers:[b6bbe4ab-2937-401d-96b4-8acfa82ea187|rpc:10.1.1.36:37137|dataStream:|priority:1|startupRole:FOLLOWER]|listeners:[], old=null
2022-11-03 16:01:24,714 [b6bbe4ab-2937-401d-96b4-8acfa82ea187@group-07838B844681-SegmentedRaftLogWorker] INFO  segmented.SegmentedRaftLogWorker (SegmentedRaftLogWorker.java:execute(656)) - b6bbe4ab-2937-401d-96b4-8acfa82ea187@group-07838B844681-SegmentedRaftLogWorker: created new log segment /home/runner/work/ozone/ozone/hadoop-ozone/integration-test/target/test-dir/MiniOzoneClusterImpl-84bf62e0-a170-4695-9dd9-8848938f690d/datanode-8/data/ratis/aa7030db-5f59-4709-8c1a-07838b844681/current/log_inprogress_0
2022-11-03 16:01:25,081 [f9539b2c-40d6-4ae2-988d-1a0916bca307@group-82D5C711159A-FollowerState] INFO  impl.FollowerState (FollowerState.java:run(143)) - f9539b2c-40d6-4ae2-988d-1a0916bca307@group-82D5C711159A-FollowerState: change to CANDIDATE, lastRpcElapsedTime:5200511974ns, electionTimeout:5196ms
2022-11-03 16:01:25,081 [f9539b2c-40d6-4ae2-988d-1a0916bca307@group-82D5C711159A-FollowerState] INFO  impl.RoleInfo (RoleInfo.java:shutdownFollowerState(110)) - f9539b2c-40d6-4ae2-988d-1a0916bca307: shutdown f9539b2c-40d6-4ae2-988d-1a0916bca307@group-82D5C711159A-FollowerState
2022-11-03 16:01:25,081 [f9539b2c-40d6-4ae2-988d-1a0916bca307@group-82D5C711159A-FollowerState] INFO  server.RaftServer$Division (RaftServerImpl.java:setRole(321)) - f9539b2c-40d6-4ae2-988d-1a0916bca307@group-82D5C711159A: changes role from  FOLLOWER to CANDIDATE at term 0 for changeToCandidate
2022-11-03 16:01:25,081 [f9539b2c-40d6-4ae2-988d-1a0916bca307@group-82D5C711159A-FollowerState] INFO  server.RaftServerConfigKeys (ConfUtils.java:logGet(46)) - raft.server.leaderelection.pre-vote = false (custom)
2022-11-03 16:01:25,081 [f9539b2c-40d6-4ae2-988d-1a0916bca307@group-82D5C711159A-FollowerState] INFO  impl.RoleInfo (RoleInfo.java:updateAndGet(139)) - f9539b2c-40d6-4ae2-988d-1a0916bca307: start f9539b2c-40d6-4ae2-988d-1a0916bca307@group-82D5C711159A-LeaderElection21
2022-11-03 16:01:25,084 [f9539b2c-40d6-4ae2-988d-1a0916bca307@group-82D5C711159A-LeaderElection21] INFO  impl.LeaderElection (LeaderElection.java:askForVotes(312)) - f9539b2c-40d6-4ae2-988d-1a0916bca307@group-82D5C711159A-LeaderElection21 ELECTION round 0: submit vote requests at term 1 for -1: peers:[f9539b2c-40d6-4ae2-988d-1a0916bca307|rpc:10.1.1.36:36441|priority:1|startupRole:FOLLOWER]|listeners:[], old=null
2022-11-03 16:01:25,084 [f9539b2c-40d6-4ae2-988d-1a0916bca307@group-82D5C711159A-LeaderElection21] INFO  impl.LeaderElection (LeaderElection.java:askForVotes(314)) - f9539b2c-40d6-4ae2-988d-1a0916bca307@group-82D5C711159A-LeaderElection21 ELECTION round 0: result PASSED (term=1)
2022-11-03 16:01:25,084 [f9539b2c-40d6-4ae2-988d-1a0916bca307@group-82D5C711159A-LeaderElection21] INFO  impl.RoleInfo (RoleInfo.java:shutdownLeaderElection(130)) - f9539b2c-40d6-4ae2-988d-1a0916bca307: shutdown f9539b2c-40d6-4ae2-988d-1a0916bca307@group-82D5C711159A-LeaderElection21
2022-11-03 16:01:25,084 [f9539b2c-40d6-4ae2-988d-1a0916bca307@group-82D5C711159A-LeaderElection21] INFO  server.RaftServer$Division (RaftServerImpl.java:setRole(321)) - f9539b2c-40d6-4ae2-988d-1a0916bca307@group-82D5C711159A: changes role from CANDIDATE to LEADER at term 1 for changeToLeader
2022-11-03 16:01:25,085 [f9539b2c-40d6-4ae2-988d-1a0916bca307@group-82D5C711159A-LeaderElection21] INFO  ratis.XceiverServerRatis (XceiverServerRatis.java:handleLeaderChangedNotification(863)) - Leader change notification received for group: group-82D5C711159A with new leaderId: f9539b2c-40d6-4ae2-988d-1a0916bca307
2022-11-03 16:01:25,085 [f9539b2c-40d6-4ae2-988d-1a0916bca307@group-82D5C711159A-LeaderElection21] INFO  server.RaftServer$Division (ServerState.java:setLeader(313)) - f9539b2c-40d6-4ae2-988d-1a0916bca307@group-82D5C711159A: change Leader from null to f9539b2c-40d6-4ae2-988d-1a0916bca307 at term 1 for becomeLeader, leader elected after 5216ms
2022-11-03 16:01:25,085 [f9539b2c-40d6-4ae2-988d-1a0916bca307@group-82D5C711159A-LeaderElection21] INFO  server.RaftServerConfigKeys (ConfUtils.java:logGet(46)) - raft.server.staging.catchup.gap = 1000 (default)
2022-11-03 16:01:25,085 [f9539b2c-40d6-4ae2-988d-1a0916bca307@group-82D5C711159A-LeaderElection21] INFO  server.RaftServerConfigKeys (ConfUtils.java:logGet(46)) - raft.server.write.element-limit = 1024 (custom)
2022-11-03 16:01:25,085 [f9539b2c-40d6-4ae2-988d-1a0916bca307@group-82D5C711159A-LeaderElection21] INFO  server.RaftServerConfigKeys (ConfUtils.java:logGet(46)) - raft.server.write.byte-limit = 1024 M (=1073741824) (custom)
2022-11-03 16:01:25,085 [f9539b2c-40d6-4ae2-988d-1a0916bca307@group-82D5C711159A-LeaderElection21] INFO  server.RaftServerConfigKeys (ConfUtils.java:logGet(46)) - raft.server.watch.timeout = 180s (custom)
2022-11-03 16:01:25,086 [f9539b2c-40d6-4ae2-988d-1a0916bca307@group-82D5C711159A-LeaderElection21] INFO  server.RaftServerConfigKeys (ConfUtils.java:logGet(46)) - raft.server.watch.timeout.denomination = 1s (default)
2022-11-03 16:01:25,086 [f9539b2c-40d6-4ae2-988d-1a0916bca307@group-82D5C711159A-LeaderElection21] INFO  server.RaftServerConfigKeys (ConfUtils.java:logGet(46)) - raft.server.watch.element-limit = 65536 (default)
2022-11-03 16:01:25,086 [f9539b2c-40d6-4ae2-988d-1a0916bca307@group-82D5C711159A-LeaderElection21] INFO  server.RaftServerConfigKeys (ConfUtils.java:logGet(46)) - raft.server.write.element-limit = 1024 (custom)
2022-11-03 16:01:25,086 [f9539b2c-40d6-4ae2-988d-1a0916bca307@group-82D5C711159A-LeaderElection21] INFO  server.RaftServerConfigKeys (ConfUtils.java:logGet(46)) - raft.server.write.follower.gap.ratio.max = -1.0 (default)
2022-11-03 16:01:25,086 [f9539b2c-40d6-4ae2-988d-1a0916bca307@group-82D5C711159A-LeaderElection21] INFO  impl.RoleInfo (RoleInfo.java:updateAndGet(139)) - f9539b2c-40d6-4ae2-988d-1a0916bca307: start f9539b2c-40d6-4ae2-988d-1a0916bca307@group-82D5C711159A-LeaderStateImpl
2022-11-03 16:01:25,086 [f9539b2c-40d6-4ae2-988d-1a0916bca307@group-82D5C711159A-LeaderElection21] INFO  segmented.SegmentedRaftLogWorker (SegmentedRaftLogWorker.java:startLogSegment(452)) - f9539b2c-40d6-4ae2-988d-1a0916bca307@group-82D5C711159A-SegmentedRaftLogWorker: Starting segment from index:0
2022-11-03 16:01:25,091 [f9539b2c-40d6-4ae2-988d-1a0916bca307@group-82D5C711159A-SegmentedRaftLogWorker] INFO  segmented.SegmentedRaftLogWorker (SegmentedRaftLogWorker.java:execute(656)) - f9539b2c-40d6-4ae2-988d-1a0916bca307@group-82D5C711159A-SegmentedRaftLogWorker: created new log segment /home/runner/work/ozone/ozone/hadoop-ozone/integration-test/target/test-dir/MiniOzoneClusterImpl-84bf62e0-a170-4695-9dd9-8848938f690d/datanode-9/data/ratis/fcc0c0c6-37c2-4fa6-aa72-82d5c711159a/current/log_inprogress_0
2022-11-03 16:01:25,092 [f9539b2c-40d6-4ae2-988d-1a0916bca307@group-82D5C711159A-LeaderElection21] INFO  server.RaftServer$Division (ServerState.java:setRaftConf(430)) - f9539b2c-40d6-4ae2-988d-1a0916bca307@group-82D5C711159A: set configuration 0: peers:[f9539b2c-40d6-4ae2-988d-1a0916bca307|rpc:10.1.1.36:36441|dataStream:|priority:1|startupRole:FOLLOWER]|listeners:[], old=null
2022-11-03 16:01:26,492 [Listener at 127.0.0.1/45563] INFO  volume.HddsVolume (HddsVolume.java:closeDbStore(338)) - SchemaV3 db is stopped at /home/runner/work/ozone/ozone/hadoop-ozone/integration-test/target/test-dir/MiniOzoneClusterImpl-84bf62e0-a170-4695-9dd9-8848938f690d/datanode-3/data-0/containers/hdds/84bf62e0-a170-4695-9dd9-8848938f690d/DS-19d4c83b-17f7-4466-91cd-f54aa84dd192/container.db for volume DS-19d4c83b-17f7-4466-91cd-f54aa84dd192
2022-11-03 16:01:26,492 [Listener at 127.0.0.1/45563] INFO  utils.BackgroundService (BackgroundService.java:shutdown(141)) - Shutting down service BlockDeletingService
2022-11-03 16:01:26,493 [Listener at 127.0.0.1/45563] INFO  utils.BackgroundService (BackgroundService.java:shutdown(141)) - Shutting down service StaleRecoveringContainerScrubbingService
2022-11-03 16:01:26,496 [Listener at 127.0.0.1/45563] INFO  statemachine.DatanodeStateMachine (DatanodeStateMachine.java:stopDaemon(593)) - Ozone container server stopped.
2022-11-03 16:01:26,505 [Listener at 127.0.0.1/45563] INFO  handler.ContextHandler (ContextHandler.java:doStop(1159)) - Stopped o.e.j.w.WebAppContext@44ba8747{hddsDatanode,/,null,STOPPED}{jar:file:/home/runner/.m2/repository/org/apache/ozone/hdds-container-service/1.3.0-SNAPSHOT/hdds-container-service-1.3.0-SNAPSHOT.jar!/webapps/hddsDatanode}
2022-11-03 16:01:26,509 [Listener at 127.0.0.1/45563] INFO  server.AbstractConnector (AbstractConnector.java:doStop(383)) - Stopped ServerConnector@55cc19ee{HTTP/1.1, (http/1.1)}{0.0.0.0:0}
2022-11-03 16:01:26,509 [Listener at 127.0.0.1/45563] INFO  server.session (HouseKeeper.java:stopScavenging(149)) - node0 Stopped scavenging
2022-11-03 16:01:26,509 [Listener at 127.0.0.1/45563] INFO  handler.ContextHandler (ContextHandler.java:doStop(1159)) - Stopped o.e.j.s.ServletContextHandler@62bc8312{static,/static,jar:file:/home/runner/.m2/repository/org/apache/ozone/hdds-container-service/1.3.0-SNAPSHOT/hdds-container-service-1.3.0-SNAPSHOT.jar!/webapps/static,STOPPED}
2022-11-03 16:01:26,510 [Listener at 127.0.0.1/45563] INFO  handler.ContextHandler (ContextHandler.java:doStop(1159)) - Stopped o.e.j.s.ServletContextHandler@2c567743{logs,/logs,file:///home/runner/work/ozone/ozone/hadoop-ozone/integration-test/target/log,STOPPED}
2022-11-03 16:01:26,761 [8d7ec919-acd2-4b88-a99a-dd9f5739b33b@group-16B0CCAD8931-FollowerState] INFO  impl.FollowerState (FollowerState.java:run(143)) - 8d7ec919-acd2-4b88-a99a-dd9f5739b33b@group-16B0CCAD8931-FollowerState: change to CANDIDATE, lastRpcElapsedTime:5053483871ns, electionTimeout:5053ms
2022-11-03 16:01:26,761 [8d7ec919-acd2-4b88-a99a-dd9f5739b33b@group-16B0CCAD8931-FollowerState] INFO  impl.RoleInfo (RoleInfo.java:shutdownFollowerState(110)) - 8d7ec919-acd2-4b88-a99a-dd9f5739b33b: shutdown 8d7ec919-acd2-4b88-a99a-dd9f5739b33b@group-16B0CCAD8931-FollowerState
2022-11-03 16:01:26,761 [8d7ec919-acd2-4b88-a99a-dd9f5739b33b@group-16B0CCAD8931-FollowerState] INFO  server.RaftServer$Division (RaftServerImpl.java:setRole(321)) - 8d7ec919-acd2-4b88-a99a-dd9f5739b33b@group-16B0CCAD8931: changes role from  FOLLOWER to CANDIDATE at term 1 for changeToCandidate
2022-11-03 16:01:26,761 [8d7ec919-acd2-4b88-a99a-dd9f5739b33b@group-16B0CCAD8931-FollowerState] INFO  server.RaftServerConfigKeys (ConfUtils.java:logGet(46)) - raft.server.leaderelection.pre-vote = false (custom)
2022-11-03 16:01:26,761 [8d7ec919-acd2-4b88-a99a-dd9f5739b33b@group-16B0CCAD8931-FollowerState] INFO  impl.RoleInfo (RoleInfo.java:updateAndGet(139)) - 8d7ec919-acd2-4b88-a99a-dd9f5739b33b: start 8d7ec919-acd2-4b88-a99a-dd9f5739b33b@group-16B0CCAD8931-LeaderElection22
2022-11-03 16:01:26,763 [8d7ec919-acd2-4b88-a99a-dd9f5739b33b@group-16B0CCAD8931-LeaderElection22] INFO  impl.LeaderElection (LeaderElection.java:askForVotes(312)) - 8d7ec919-acd2-4b88-a99a-dd9f5739b33b@group-16B0CCAD8931-LeaderElection22 ELECTION round 0: submit vote requests at term 2 for -1: peers:[8d7ec919-acd2-4b88-a99a-dd9f5739b33b|rpc:10.1.1.36:45267|priority:0|startupRole:FOLLOWER, b2efe8a5-99bb-41e7-9296-f49000549216|rpc:10.1.1.36:39397|priority:1|startupRole:FOLLOWER, 556da25a-9bc8-419d-83a0-dc1d92c1e895|rpc:10.1.1.36:41941|priority:0|startupRole:FOLLOWER]|listeners:[], old=null
2022-11-03 16:01:26,764 [8d7ec919-acd2-4b88-a99a-dd9f5739b33b@group-16B0CCAD8931-LeaderElection22] INFO  server.RaftServerConfigKeys (ConfUtils.java:logFallback(53)) - raft.server.rpc.first-election.timeout.min = 5s (fallback to raft.server.rpc.timeout.min)
2022-11-03 16:01:26,764 [8d7ec919-acd2-4b88-a99a-dd9f5739b33b@group-16B0CCAD8931-LeaderElection22] INFO  server.RaftServerConfigKeys (ConfUtils.java:logFallback(53)) - raft.server.rpc.first-election.timeout.max = 5200ms (fallback to raft.server.rpc.timeout.max)
2022-11-03 16:01:26,767 [grpc-default-executor-0] INFO  server.RaftServer$Division (RaftServerImpl.java:requestVote(1218)) - 556da25a-9bc8-419d-83a0-dc1d92c1e895@group-16B0CCAD8931: receive requestVote(ELECTION, 8d7ec919-acd2-4b88-a99a-dd9f5739b33b, group-16B0CCAD8931, 2, (t:0, i:0))
2022-11-03 16:01:26,768 [grpc-default-executor-0] INFO  impl.VoteContext (VoteContext.java:log(48)) - 556da25a-9bc8-419d-83a0-dc1d92c1e895@group-16B0CCAD8931-FOLLOWER: accept ELECTION from 8d7ec919-acd2-4b88-a99a-dd9f5739b33b: our priority 0 <= candidate's priority 0
2022-11-03 16:01:26,768 [grpc-default-executor-0] INFO  server.RaftServer$Division (RaftServerImpl.java:setRole(321)) - 556da25a-9bc8-419d-83a0-dc1d92c1e895@group-16B0CCAD8931: changes role from  FOLLOWER to FOLLOWER at term 2 for candidate:8d7ec919-acd2-4b88-a99a-dd9f5739b33b
2022-11-03 16:01:26,768 [grpc-default-executor-0] INFO  impl.RoleInfo (RoleInfo.java:shutdownFollowerState(110)) - 556da25a-9bc8-419d-83a0-dc1d92c1e895: shutdown 556da25a-9bc8-419d-83a0-dc1d92c1e895@group-16B0CCAD8931-FollowerState
2022-11-03 16:01:26,768 [grpc-default-executor-0] INFO  impl.RoleInfo (RoleInfo.java:updateAndGet(139)) - 556da25a-9bc8-419d-83a0-dc1d92c1e895: start 556da25a-9bc8-419d-83a0-dc1d92c1e895@group-16B0CCAD8931-FollowerState
2022-11-03 16:01:26,768 [556da25a-9bc8-419d-83a0-dc1d92c1e895@group-16B0CCAD8931-FollowerState] INFO  impl.FollowerState (FollowerState.java:run(152)) - 556da25a-9bc8-419d-83a0-dc1d92c1e895@group-16B0CCAD8931-FollowerState was interrupted
2022-11-03 16:01:26,768 [grpc-default-executor-4] INFO  server.RaftServer$Division (RaftServerImpl.java:requestVote(1218)) - b2efe8a5-99bb-41e7-9296-f49000549216@group-16B0CCAD8931: receive requestVote(ELECTION, 8d7ec919-acd2-4b88-a99a-dd9f5739b33b, group-16B0CCAD8931, 2, (t:0, i:0))
2022-11-03 16:01:26,768 [grpc-default-executor-4] INFO  impl.VoteContext (VoteContext.java:log(48)) - b2efe8a5-99bb-41e7-9296-f49000549216@group-16B0CCAD8931-FOLLOWER: reject ELECTION from 8d7ec919-acd2-4b88-a99a-dd9f5739b33b: our priority 1 > candidate's priority 0
2022-11-03 16:01:26,768 [grpc-default-executor-4] INFO  server.RaftServer$Division (RaftServerImpl.java:setRole(321)) - b2efe8a5-99bb-41e7-9296-f49000549216@group-16B0CCAD8931: changes role from  FOLLOWER to FOLLOWER at term 2 for candidate:8d7ec919-acd2-4b88-a99a-dd9f5739b33b
2022-11-03 16:01:26,768 [grpc-default-executor-4] INFO  impl.RoleInfo (RoleInfo.java:shutdownFollowerState(110)) - b2efe8a5-99bb-41e7-9296-f49000549216: shutdown b2efe8a5-99bb-41e7-9296-f49000549216@group-16B0CCAD8931-FollowerState
2022-11-03 16:01:26,768 [grpc-default-executor-4] INFO  impl.RoleInfo (RoleInfo.java:updateAndGet(139)) - b2efe8a5-99bb-41e7-9296-f49000549216: start b2efe8a5-99bb-41e7-9296-f49000549216@group-16B0CCAD8931-FollowerState
2022-11-03 16:01:26,769 [b2efe8a5-99bb-41e7-9296-f49000549216@group-16B0CCAD8931-FollowerState] INFO  impl.FollowerState (FollowerState.java:run(152)) - b2efe8a5-99bb-41e7-9296-f49000549216@group-16B0CCAD8931-FollowerState was interrupted
2022-11-03 16:01:26,769 [grpc-default-executor-0] INFO  server.RaftServer$Division (RaftServerImpl.java:requestVote(1251)) - 556da25a-9bc8-419d-83a0-dc1d92c1e895@group-16B0CCAD8931 replies to ELECTION vote request: 8d7ec919-acd2-4b88-a99a-dd9f5739b33b<-556da25a-9bc8-419d-83a0-dc1d92c1e895#0:OK-t2. Peer's state: 556da25a-9bc8-419d-83a0-dc1d92c1e895@group-16B0CCAD8931:t2, leader=null, voted=8d7ec919-acd2-4b88-a99a-dd9f5739b33b, raftlog=Memoized:556da25a-9bc8-419d-83a0-dc1d92c1e895@group-16B0CCAD8931-SegmentedRaftLog:OPENED:c-1, conf=-1: peers:[8d7ec919-acd2-4b88-a99a-dd9f5739b33b|rpc:10.1.1.36:45267|priority:0|startupRole:FOLLOWER, b2efe8a5-99bb-41e7-9296-f49000549216|rpc:10.1.1.36:39397|priority:1|startupRole:FOLLOWER, 556da25a-9bc8-419d-83a0-dc1d92c1e895|rpc:10.1.1.36:41941|priority:0|startupRole:FOLLOWER]|listeners:[], old=null
2022-11-03 16:01:26,769 [b2efe8a5-99bb-41e7-9296-f49000549216@group-16B0CCAD8931-FollowerState] INFO  server.RaftServerConfigKeys (ConfUtils.java:logFallback(53)) - raft.server.rpc.first-election.timeout.min = 5s (fallback to raft.server.rpc.timeout.min)
2022-11-03 16:01:26,770 [b2efe8a5-99bb-41e7-9296-f49000549216@group-16B0CCAD8931-FollowerState] INFO  server.RaftServerConfigKeys (ConfUtils.java:logFallback(53)) - raft.server.rpc.first-election.timeout.max = 5200ms (fallback to raft.server.rpc.timeout.max)
2022-11-03 16:01:26,770 [556da25a-9bc8-419d-83a0-dc1d92c1e895@group-16B0CCAD8931-FollowerState] INFO  server.RaftServerConfigKeys (ConfUtils.java:logFallback(53)) - raft.server.rpc.first-election.timeout.min = 5s (fallback to raft.server.rpc.timeout.min)
2022-11-03 16:01:26,769 [grpc-default-executor-4] INFO  server.RaftServer$Division (RaftServerImpl.java:requestVote(1251)) - b2efe8a5-99bb-41e7-9296-f49000549216@group-16B0CCAD8931 replies to ELECTION vote request: 8d7ec919-acd2-4b88-a99a-dd9f5739b33b<-b2efe8a5-99bb-41e7-9296-f49000549216#0:FAIL-t2. Peer's state: b2efe8a5-99bb-41e7-9296-f49000549216@group-16B0CCAD8931:t2, leader=null, voted=null, raftlog=Memoized:b2efe8a5-99bb-41e7-9296-f49000549216@group-16B0CCAD8931-SegmentedRaftLog:OPENED:c-1, conf=-1: peers:[8d7ec919-acd2-4b88-a99a-dd9f5739b33b|rpc:10.1.1.36:45267|dataStream:|priority:0|startupRole:FOLLOWER, b2efe8a5-99bb-41e7-9296-f49000549216|rpc:10.1.1.36:39397|dataStream:|priority:1|startupRole:FOLLOWER, 556da25a-9bc8-419d-83a0-dc1d92c1e895|rpc:10.1.1.36:41941|dataStream:|priority:0|startupRole:FOLLOWER]|listeners:[], old=null
2022-11-03 16:01:26,772 [556da25a-9bc8-419d-83a0-dc1d92c1e895@group-16B0CCAD8931-FollowerState] INFO  server.RaftServerConfigKeys (ConfUtils.java:logFallback(53)) - raft.server.rpc.first-election.timeout.max = 5200ms (fallback to raft.server.rpc.timeout.max)
2022-11-03 16:01:26,773 [8d7ec919-acd2-4b88-a99a-dd9f5739b33b@group-16B0CCAD8931-LeaderElection22] INFO  impl.LeaderElection (LeaderElection.java:logAndReturn(90)) - 8d7ec919-acd2-4b88-a99a-dd9f5739b33b@group-16B0CCAD8931-LeaderElection22: ELECTION REJECTED received 2 response(s) and 0 exception(s):
2022-11-03 16:01:26,773 [8d7ec919-acd2-4b88-a99a-dd9f5739b33b@group-16B0CCAD8931-LeaderElection22] INFO  impl.LeaderElection (LeaderElection.java:logAndReturn(94)) -   Response 0: 8d7ec919-acd2-4b88-a99a-dd9f5739b33b<-b2efe8a5-99bb-41e7-9296-f49000549216#0:FAIL-t2
2022-11-03 16:01:26,774 [8d7ec919-acd2-4b88-a99a-dd9f5739b33b@group-16B0CCAD8931-LeaderElection22] INFO  impl.LeaderElection (LeaderElection.java:logAndReturn(94)) -   Response 1: 8d7ec919-acd2-4b88-a99a-dd9f5739b33b<-556da25a-9bc8-419d-83a0-dc1d92c1e895#0:OK-t2
2022-11-03 16:01:26,774 [8d7ec919-acd2-4b88-a99a-dd9f5739b33b@group-16B0CCAD8931-LeaderElection22] INFO  impl.LeaderElection (LeaderElection.java:askForVotes(314)) - 8d7ec919-acd2-4b88-a99a-dd9f5739b33b@group-16B0CCAD8931-LeaderElection22 ELECTION round 0: result REJECTED
2022-11-03 16:01:26,774 [8d7ec919-acd2-4b88-a99a-dd9f5739b33b@group-16B0CCAD8931-LeaderElection22] INFO  server.RaftServer$Division (RaftServerImpl.java:setRole(321)) - 8d7ec919-acd2-4b88-a99a-dd9f5739b33b@group-16B0CCAD8931: changes role from CANDIDATE to FOLLOWER at term 2 for REJECTED
2022-11-03 16:01:26,778 [8d7ec919-acd2-4b88-a99a-dd9f5739b33b@group-16B0CCAD8931-LeaderElection22] INFO  impl.RoleInfo (RoleInfo.java:shutdownLeaderElection(130)) - 8d7ec919-acd2-4b88-a99a-dd9f5739b33b: shutdown 8d7ec919-acd2-4b88-a99a-dd9f5739b33b@group-16B0CCAD8931-LeaderElection22
2022-11-03 16:01:26,778 [8d7ec919-acd2-4b88-a99a-dd9f5739b33b@group-16B0CCAD8931-LeaderElection22] INFO  impl.RoleInfo (RoleInfo.java:updateAndGet(139)) - 8d7ec919-acd2-4b88-a99a-dd9f5739b33b: start 8d7ec919-acd2-4b88-a99a-dd9f5739b33b@group-16B0CCAD8931-FollowerState
2022-11-03 16:01:26,779 [8d7ec919-acd2-4b88-a99a-dd9f5739b33b@group-16B0CCAD8931-FollowerState] INFO  server.RaftServerConfigKeys (ConfUtils.java:logFallback(53)) - raft.server.rpc.first-election.timeout.min = 5s (fallback to raft.server.rpc.timeout.min)
2022-11-03 16:01:26,779 [8d7ec919-acd2-4b88-a99a-dd9f5739b33b@group-16B0CCAD8931-FollowerState] INFO  server.RaftServerConfigKeys (ConfUtils.java:logFallback(53)) - raft.server.rpc.first-election.timeout.max = 5200ms (fallback to raft.server.rpc.timeout.max)
2022-11-03 16:01:27,206 [EventQueue-StaleNodeForStaleNodeHandler] INFO  node.StaleNodeHandler (StaleNodeHandler.java:onMessage(59)) - Datanode 3af182df-8746-4079-a1aa-2aadbfcb2e37{ip: 10.1.1.36, host: fv-az47-358.mma5zatft5wupo5mzspaixdheh.bx.internal.cloudapp.net, ports: [REPLICATION=40563, RATIS=35587, RATIS_ADMIN=35587, RATIS_SERVER=35587, STANDALONE=33707], networkLocation: /default-rack, certSerialId: null, persistedOpState: IN_SERVICE, persistedOpStateExpiryEpochSec: 0} moved to stale state. Finalizing its pipelines [PipelineID=f27972fe-4000-4d5a-8cf1-e9b64072809a, PipelineID=e35255d0-3530-439e-90c0-c23791542c4c, PipelineID=88636a69-b96b-49d1-80ce-e50073fb40e1, PipelineID=2f92345d-93a4-4cdf-8dfe-94a5fe1a6c6f]
2022-11-03 16:01:27,207 [EventQueue-StaleNodeForStaleNodeHandler] INFO  pipeline.PipelineManagerImpl (PipelineManagerImpl.java:closePipeline(442)) - Pipeline Pipeline[ Id: f27972fe-4000-4d5a-8cf1-e9b64072809a, Nodes: 3af182df-8746-4079-a1aa-2aadbfcb2e37{ip: 10.1.1.36, host: fv-az47-358.mma5zatft5wupo5mzspaixdheh.bx.internal.cloudapp.net, ports: [REPLICATION=40563, RATIS=35587, RATIS_ADMIN=35587, RATIS_SERVER=35587, STANDALONE=33707], networkLocation: /default-rack, certSerialId: null, persistedOpState: IN_SERVICE, persistedOpStateExpiryEpochSec: 0}2369a186-4f78-4e7b-885b-53a729611fd8{ip: 10.1.1.36, host: fv-az47-358.mma5zatft5wupo5mzspaixdheh.bx.internal.cloudapp.net, ports: [REPLICATION=39183, RATIS=35493, RATIS_ADMIN=35493, RATIS_SERVER=35493, STANDALONE=34169], networkLocation: /default-rack, certSerialId: null, persistedOpState: IN_SERVICE, persistedOpStateExpiryEpochSec: 0}6065ee46-1250-4f2d-bd18-fb99db464885{ip: 10.1.1.36, host: fv-az47-358.mma5zatft5wupo5mzspaixdheh.bx.internal.cloudapp.net, ports: [REPLICATION=33343, RATIS=43193, RATIS_ADMIN=43193, RATIS_SERVER=43193, STANDALONE=44277], networkLocation: /default-rack, certSerialId: null, persistedOpState: IN_SERVICE, persistedOpStateExpiryEpochSec: 0}, ReplicationConfig: RATIS/THREE, State:OPEN, leaderId:3af182df-8746-4079-a1aa-2aadbfcb2e37, CreationTimestamp2022-11-03T16:01:15.303Z[Etc/UTC]] moved to CLOSED state
2022-11-03 16:01:27,208 [EventQueue-StaleNodeForStaleNodeHandler] INFO  pipeline.PipelineManagerImpl (PipelineManagerImpl.java:closePipeline(442)) - Pipeline Pipeline[ Id: e35255d0-3530-439e-90c0-c23791542c4c, Nodes: 3af182df-8746-4079-a1aa-2aadbfcb2e37{ip: 10.1.1.36, host: fv-az47-358.mma5zatft5wupo5mzspaixdheh.bx.internal.cloudapp.net, ports: [REPLICATION=40563, RATIS=35587, RATIS_ADMIN=35587, RATIS_SERVER=35587, STANDALONE=33707], networkLocation: /default-rack, certSerialId: null, persistedOpState: IN_SERVICE, persistedOpStateExpiryEpochSec: 0}, ReplicationConfig: RATIS/ONE, State:OPEN, leaderId:3af182df-8746-4079-a1aa-2aadbfcb2e37, CreationTimestamp2022-11-03T16:01:14.671Z[Etc/UTC]] moved to CLOSED state
2022-11-03 16:01:27,211 [EventQueue-StaleNodeForStaleNodeHandler] INFO  pipeline.PipelineManagerImpl (PipelineManagerImpl.java:closeContainersForPipeline(421)) - Container #1 closed for pipeline=PipelineID=88636a69-b96b-49d1-80ce-e50073fb40e1
2022-11-03 16:01:27,211 [EventQueue-CloseContainerForCloseContainerEventHandler] INFO  container.CloseContainerEventHandler (CloseContainerEventHandler.java:onMessage(71)) - Close container Event triggered for container : #1
2022-11-03 16:01:27,212 [EventQueue-StaleNodeForStaleNodeHandler] INFO  pipeline.PipelineManagerImpl (PipelineManagerImpl.java:closePipeline(442)) - Pipeline Pipeline[ Id: 88636a69-b96b-49d1-80ce-e50073fb40e1, Nodes: 3af182df-8746-4079-a1aa-2aadbfcb2e37{ip: 10.1.1.36, host: fv-az47-358.mma5zatft5wupo5mzspaixdheh.bx.internal.cloudapp.net, ports: [REPLICATION=40563, RATIS=35587, RATIS_ADMIN=35587, RATIS_SERVER=35587, STANDALONE=33707], networkLocation: /default-rack, certSerialId: null, persistedOpState: null, persistedOpStateExpiryEpochSec: 0}2369a186-4f78-4e7b-885b-53a729611fd8{ip: 10.1.1.36, host: fv-az47-358.mma5zatft5wupo5mzspaixdheh.bx.internal.cloudapp.net, ports: [REPLICATION=39183, RATIS=35493, RATIS_ADMIN=35493, RATIS_SERVER=35493, STANDALONE=34169], networkLocation: /default-rack, certSerialId: null, persistedOpState: null, persistedOpStateExpiryEpochSec: 0}556da25a-9bc8-419d-83a0-dc1d92c1e895{ip: 10.1.1.36, host: fv-az47-358.mma5zatft5wupo5mzspaixdheh.bx.internal.cloudapp.net, ports: [REPLICATION=36403, RATIS=41941, RATIS_ADMIN=41941, RATIS_SERVER=41941, STANDALONE=44967], networkLocation: /default-rack, certSerialId: null, persistedOpState: null, persistedOpStateExpiryEpochSec: 0}d878db48-ef46-44bf-ac98-cb2daa3cfd80{ip: 10.1.1.36, host: fv-az47-358.mma5zatft5wupo5mzspaixdheh.bx.internal.cloudapp.net, ports: [REPLICATION=44811, RATIS=39321, RATIS_ADMIN=39321, RATIS_SERVER=39321, STANDALONE=40525], networkLocation: /default-rack, certSerialId: null, persistedOpState: null, persistedOpStateExpiryEpochSec: 0}8d7ec919-acd2-4b88-a99a-dd9f5739b33b{ip: 10.1.1.36, host: fv-az47-358.mma5zatft5wupo5mzspaixdheh.bx.internal.cloudapp.net, ports: [REPLICATION=34637, RATIS=45267, RATIS_ADMIN=45267, RATIS_SERVER=45267, STANDALONE=43171], networkLocation: /default-rack, certSerialId: null, persistedOpState: null, persistedOpStateExpiryEpochSec: 0}, ReplicationConfig: EC/ECReplicationConfig{data=3, parity=2, ecChunkSize=1024, codec=rs}, State:OPEN, leaderId:, CreationTimestamp2022-11-03T16:01:23.610Z[Etc/UTC]] moved to CLOSED state
2022-11-03 16:01:27,213 [EventQueue-StaleNodeForStaleNodeHandler] INFO  pipeline.PipelineManagerImpl (PipelineManagerImpl.java:closePipeline(442)) - Pipeline Pipeline[ Id: 2f92345d-93a4-4cdf-8dfe-94a5fe1a6c6f, Nodes: 2369a186-4f78-4e7b-885b-53a729611fd8{ip: 10.1.1.36, host: fv-az47-358.mma5zatft5wupo5mzspaixdheh.bx.internal.cloudapp.net, ports: [REPLICATION=39183, RATIS=35493, RATIS_ADMIN=35493, RATIS_SERVER=35493, STANDALONE=34169], networkLocation: /default-rack, certSerialId: null, persistedOpState: IN_SERVICE, persistedOpStateExpiryEpochSec: 0}3af182df-8746-4079-a1aa-2aadbfcb2e37{ip: 10.1.1.36, host: fv-az47-358.mma5zatft5wupo5mzspaixdheh.bx.internal.cloudapp.net, ports: [REPLICATION=40563, RATIS=35587, RATIS_ADMIN=35587, RATIS_SERVER=35587, STANDALONE=33707], networkLocation: /default-rack, certSerialId: null, persistedOpState: IN_SERVICE, persistedOpStateExpiryEpochSec: 0}6065ee46-1250-4f2d-bd18-fb99db464885{ip: 10.1.1.36, host: fv-az47-358.mma5zatft5wupo5mzspaixdheh.bx.internal.cloudapp.net, ports: [REPLICATION=33343, RATIS=43193, RATIS_ADMIN=43193, RATIS_SERVER=43193, STANDALONE=44277], networkLocation: /default-rack, certSerialId: null, persistedOpState: IN_SERVICE, persistedOpStateExpiryEpochSec: 0}, ReplicationConfig: RATIS/THREE, State:ALLOCATED, leaderId:, CreationTimestamp2022-11-03T16:01:15.301Z[Etc/UTC]] moved to CLOSED state
2022-11-03 16:01:27,885 [2369a186-4f78-4e7b-885b-53a729611fd8@group-94A5FE1A6C6F-FollowerState] INFO  impl.FollowerState (FollowerState.java:run(143)) - 2369a186-4f78-4e7b-885b-53a729611fd8@group-94A5FE1A6C6F-FollowerState: change to CANDIDATE, lastRpcElapsedTime:5076890946ns, electionTimeout:5070ms
2022-11-03 16:01:27,885 [2369a186-4f78-4e7b-885b-53a729611fd8@group-94A5FE1A6C6F-FollowerState] INFO  impl.RoleInfo (RoleInfo.java:shutdownFollowerState(110)) - 2369a186-4f78-4e7b-885b-53a729611fd8: shutdown 2369a186-4f78-4e7b-885b-53a729611fd8@group-94A5FE1A6C6F-FollowerState
2022-11-03 16:01:27,885 [2369a186-4f78-4e7b-885b-53a729611fd8@group-94A5FE1A6C6F-FollowerState] INFO  server.RaftServer$Division (RaftServerImpl.java:setRole(321)) - 2369a186-4f78-4e7b-885b-53a729611fd8@group-94A5FE1A6C6F: changes role from  FOLLOWER to CANDIDATE at term 1 for changeToCandidate
2022-11-03 16:01:27,886 [2369a186-4f78-4e7b-885b-53a729611fd8@group-94A5FE1A6C6F-FollowerState] INFO  server.RaftServerConfigKeys (ConfUtils.java:logGet(46)) - raft.server.leaderelection.pre-vote = false (custom)
2022-11-03 16:01:27,886 [2369a186-4f78-4e7b-885b-53a729611fd8@group-94A5FE1A6C6F-FollowerState] INFO  impl.RoleInfo (RoleInfo.java:updateAndGet(139)) - 2369a186-4f78-4e7b-885b-53a729611fd8: start 2369a186-4f78-4e7b-885b-53a729611fd8@group-94A5FE1A6C6F-LeaderElection23
2022-11-03 16:01:27,887 [2369a186-4f78-4e7b-885b-53a729611fd8@group-94A5FE1A6C6F-LeaderElection23] INFO  impl.LeaderElection (LeaderElection.java:askForVotes(312)) - 2369a186-4f78-4e7b-885b-53a729611fd8@group-94A5FE1A6C6F-LeaderElection23 ELECTION round 0: submit vote requests at term 2 for -1: peers:[6065ee46-1250-4f2d-bd18-fb99db464885|rpc:10.1.1.36:43193|dataStream:|priority:0|startupRole:FOLLOWER, 2369a186-4f78-4e7b-885b-53a729611fd8|rpc:10.1.1.36:35493|dataStream:|priority:1|startupRole:FOLLOWER, 3af182df-8746-4079-a1aa-2aadbfcb2e37|rpc:10.1.1.36:35587|dataStream:|priority:0|startupRole:FOLLOWER]|listeners:[], old=null
2022-11-03 16:01:27,888 [2369a186-4f78-4e7b-885b-53a729611fd8@group-94A5FE1A6C6F-LeaderElection23] INFO  server.RaftServerConfigKeys (ConfUtils.java:logFallback(53)) - raft.server.rpc.first-election.timeout.min = 5s (fallback to raft.server.rpc.timeout.min)
2022-11-03 16:01:27,888 [2369a186-4f78-4e7b-885b-53a729611fd8@group-94A5FE1A6C6F-LeaderElection23-1] INFO  server.GrpcServerProtocolClient (GrpcServerProtocolClient.java:<init>(63)) - Build channel for 6065ee46-1250-4f2d-bd18-fb99db464885
2022-11-03 16:01:27,888 [2369a186-4f78-4e7b-885b-53a729611fd8@group-94A5FE1A6C6F-LeaderElection23] INFO  server.RaftServerConfigKeys (ConfUtils.java:logFallback(53)) - raft.server.rpc.first-election.timeout.max = 5200ms (fallback to raft.server.rpc.timeout.max)
2022-11-03 16:01:27,888 [2369a186-4f78-4e7b-885b-53a729611fd8@group-94A5FE1A6C6F-LeaderElection23-2] INFO  server.GrpcServerProtocolClient (GrpcServerProtocolClient.java:<init>(63)) - Build channel for 3af182df-8746-4079-a1aa-2aadbfcb2e37
2022-11-03 16:01:27,904 [2369a186-4f78-4e7b-885b-53a729611fd8@group-94A5FE1A6C6F-LeaderElection23] INFO  impl.LeaderElection (LogUtils.java:infoOrTrace(137)) - 2369a186-4f78-4e7b-885b-53a729611fd8@group-94A5FE1A6C6F-LeaderElection23 got exception when requesting votes: java.util.concurrent.ExecutionException: org.apache.ratis.thirdparty.io.grpc.StatusRuntimeException: UNAVAILABLE: io exception
2022-11-03 16:01:27,906 [grpc-default-executor-4] INFO  server.RaftServer$Division (RaftServerImpl.java:requestVote(1218)) - 6065ee46-1250-4f2d-bd18-fb99db464885@group-94A5FE1A6C6F: receive requestVote(ELECTION, 2369a186-4f78-4e7b-885b-53a729611fd8, group-94A5FE1A6C6F, 2, (t:0, i:0))
2022-11-03 16:01:27,906 [grpc-default-executor-4] INFO  impl.VoteContext (VoteContext.java:log(48)) - 6065ee46-1250-4f2d-bd18-fb99db464885@group-94A5FE1A6C6F-FOLLOWER: accept ELECTION from 2369a186-4f78-4e7b-885b-53a729611fd8: our priority 0 <= candidate's priority 1
2022-11-03 16:01:27,906 [grpc-default-executor-4] INFO  server.RaftServer$Division (RaftServerImpl.java:setRole(321)) - 6065ee46-1250-4f2d-bd18-fb99db464885@group-94A5FE1A6C6F: changes role from  FOLLOWER to FOLLOWER at term 2 for candidate:2369a186-4f78-4e7b-885b-53a729611fd8
2022-11-03 16:01:27,906 [grpc-default-executor-4] INFO  impl.RoleInfo (RoleInfo.java:shutdownFollowerState(110)) - 6065ee46-1250-4f2d-bd18-fb99db464885: shutdown 6065ee46-1250-4f2d-bd18-fb99db464885@group-94A5FE1A6C6F-FollowerState
2022-11-03 16:01:27,906 [grpc-default-executor-4] INFO  impl.RoleInfo (RoleInfo.java:updateAndGet(139)) - 6065ee46-1250-4f2d-bd18-fb99db464885: start 6065ee46-1250-4f2d-bd18-fb99db464885@group-94A5FE1A6C6F-FollowerState
2022-11-03 16:01:27,906 [6065ee46-1250-4f2d-bd18-fb99db464885@group-94A5FE1A6C6F-FollowerState] INFO  impl.FollowerState (FollowerState.java:run(152)) - 6065ee46-1250-4f2d-bd18-fb99db464885@group-94A5FE1A6C6F-FollowerState was interrupted
2022-11-03 16:01:27,907 [6065ee46-1250-4f2d-bd18-fb99db464885@group-94A5FE1A6C6F-FollowerState] INFO  server.RaftServerConfigKeys (ConfUtils.java:logFallback(53)) - raft.server.rpc.first-election.timeout.min = 5s (fallback to raft.server.rpc.timeout.min)
2022-11-03 16:01:27,907 [6065ee46-1250-4f2d-bd18-fb99db464885@group-94A5FE1A6C6F-FollowerState] INFO  server.RaftServerConfigKeys (ConfUtils.java:logFallback(53)) - raft.server.rpc.first-election.timeout.max = 5200ms (fallback to raft.server.rpc.timeout.max)
2022-11-03 16:01:27,907 [grpc-default-executor-4] INFO  server.RaftServer$Division (RaftServerImpl.java:requestVote(1251)) - 6065ee46-1250-4f2d-bd18-fb99db464885@group-94A5FE1A6C6F replies to ELECTION vote request: 2369a186-4f78-4e7b-885b-53a729611fd8<-6065ee46-1250-4f2d-bd18-fb99db464885#0:OK-t2. Peer's state: 6065ee46-1250-4f2d-bd18-fb99db464885@group-94A5FE1A6C6F:t2, leader=null, voted=2369a186-4f78-4e7b-885b-53a729611fd8, raftlog=Memoized:6065ee46-1250-4f2d-bd18-fb99db464885@group-94A5FE1A6C6F-SegmentedRaftLog:OPENED:c-1, conf=-1: peers:[6065ee46-1250-4f2d-bd18-fb99db464885|rpc:10.1.1.36:43193|dataStream:|priority:0|startupRole:FOLLOWER, 2369a186-4f78-4e7b-885b-53a729611fd8|rpc:10.1.1.36:35493|dataStream:|priority:1|startupRole:FOLLOWER, 3af182df-8746-4079-a1aa-2aadbfcb2e37|rpc:10.1.1.36:35587|dataStream:|priority:0|startupRole:FOLLOWER]|listeners:[], old=null
2022-11-03 16:01:27,910 [2369a186-4f78-4e7b-885b-53a729611fd8@group-94A5FE1A6C6F-LeaderElection23] INFO  impl.LeaderElection (LeaderElection.java:logAndReturn(90)) - 2369a186-4f78-4e7b-885b-53a729611fd8@group-94A5FE1A6C6F-LeaderElection23: ELECTION PASSED received 1 response(s) and 1 exception(s):
2022-11-03 16:01:27,910 [2369a186-4f78-4e7b-885b-53a729611fd8@group-94A5FE1A6C6F-LeaderElection23] INFO  impl.LeaderElection (LeaderElection.java:logAndReturn(94)) -   Response 0: 2369a186-4f78-4e7b-885b-53a729611fd8<-6065ee46-1250-4f2d-bd18-fb99db464885#0:OK-t2
2022-11-03 16:01:27,910 [2369a186-4f78-4e7b-885b-53a729611fd8@group-94A5FE1A6C6F-LeaderElection23] INFO  impl.LeaderElection (LogUtils.java:infoOrTrace(137)) -   Exception 1: java.util.concurrent.ExecutionException: org.apache.ratis.thirdparty.io.grpc.StatusRuntimeException: UNAVAILABLE: io exception
2022-11-03 16:01:27,910 [2369a186-4f78-4e7b-885b-53a729611fd8@group-94A5FE1A6C6F-LeaderElection23] INFO  impl.LeaderElection (LeaderElection.java:askForVotes(314)) - 2369a186-4f78-4e7b-885b-53a729611fd8@group-94A5FE1A6C6F-LeaderElection23 ELECTION round 0: result PASSED
2022-11-03 16:01:27,911 [2369a186-4f78-4e7b-885b-53a729611fd8@group-94A5FE1A6C6F-LeaderElection23] INFO  impl.RoleInfo (RoleInfo.java:shutdownLeaderElection(130)) - 2369a186-4f78-4e7b-885b-53a729611fd8: shutdown 2369a186-4f78-4e7b-885b-53a729611fd8@group-94A5FE1A6C6F-LeaderElection23
2022-11-03 16:01:27,911 [2369a186-4f78-4e7b-885b-53a729611fd8@group-94A5FE1A6C6F-LeaderElection23] INFO  server.RaftServer$Division (RaftServerImpl.java:setRole(321)) - 2369a186-4f78-4e7b-885b-53a729611fd8@group-94A5FE1A6C6F: changes role from CANDIDATE to LEADER at term 2 for changeToLeader
2022-11-03 16:01:27,911 [2369a186-4f78-4e7b-885b-53a729611fd8@group-94A5FE1A6C6F-LeaderElection23] INFO  ratis.XceiverServerRatis (XceiverServerRatis.java:handleLeaderChangedNotification(863)) - Leader change notification received for group: group-94A5FE1A6C6F with new leaderId: 2369a186-4f78-4e7b-885b-53a729611fd8
2022-11-03 16:01:27,911 [2369a186-4f78-4e7b-885b-53a729611fd8@group-94A5FE1A6C6F-LeaderElection23] INFO  server.RaftServer$Division (ServerState.java:setLeader(313)) - 2369a186-4f78-4e7b-885b-53a729611fd8@group-94A5FE1A6C6F: change Leader from null to 2369a186-4f78-4e7b-885b-53a729611fd8 at term 2 for becomeLeader, leader elected after 10162ms
2022-11-03 16:01:27,911 [2369a186-4f78-4e7b-885b-53a729611fd8@group-94A5FE1A6C6F-LeaderElection23] INFO  server.RaftServerConfigKeys (ConfUtils.java:logGet(46)) - raft.server.staging.catchup.gap = 1000 (default)
2022-11-03 16:01:27,911 [2369a186-4f78-4e7b-885b-53a729611fd8@group-94A5FE1A6C6F-LeaderElection23] INFO  server.RaftServerConfigKeys (ConfUtils.java:logGet(46)) - raft.server.write.element-limit = 1024 (custom)
2022-11-03 16:01:27,911 [2369a186-4f78-4e7b-885b-53a729611fd8@group-94A5FE1A6C6F-LeaderElection23] INFO  server.RaftServerConfigKeys (ConfUtils.java:logGet(46)) - raft.server.write.byte-limit = 1024 M (=1073741824) (custom)
2022-11-03 16:01:27,911 [2369a186-4f78-4e7b-885b-53a729611fd8@group-94A5FE1A6C6F-LeaderElection23] INFO  server.RaftServerConfigKeys (ConfUtils.java:logGet(46)) - raft.server.watch.timeout = 180s (custom)
2022-11-03 16:01:27,912 [2369a186-4f78-4e7b-885b-53a729611fd8@group-94A5FE1A6C6F-LeaderElection23] INFO  server.RaftServerConfigKeys (ConfUtils.java:logGet(46)) - raft.server.watch.timeout.denomination = 1s (default)
2022-11-03 16:01:27,912 [2369a186-4f78-4e7b-885b-53a729611fd8@group-94A5FE1A6C6F-LeaderElection23] INFO  server.RaftServerConfigKeys (ConfUtils.java:logGet(46)) - raft.server.watch.element-limit = 65536 (default)
2022-11-03 16:01:27,912 [2369a186-4f78-4e7b-885b-53a729611fd8@group-94A5FE1A6C6F-LeaderElection23] INFO  server.RaftServerConfigKeys (ConfUtils.java:logGet(46)) - raft.server.write.element-limit = 1024 (custom)
2022-11-03 16:01:27,912 [2369a186-4f78-4e7b-885b-53a729611fd8@group-94A5FE1A6C6F-LeaderElection23] INFO  server.RaftServerConfigKeys (ConfUtils.java:logGet(46)) - raft.server.write.follower.gap.ratio.max = -1.0 (default)
2022-11-03 16:01:27,912 [2369a186-4f78-4e7b-885b-53a729611fd8@group-94A5FE1A6C6F-LeaderElection23] INFO  server.RaftServerConfigKeys (ConfUtils.java:logGet(46)) - raft.server.log.appender.snapshot.chunk.size.max = 16MB (=16777216) (default)
2022-11-03 16:01:27,913 [2369a186-4f78-4e7b-885b-53a729611fd8@group-94A5FE1A6C6F-LeaderElection23] INFO  server.RaftServerConfigKeys (ConfUtils.java:logGet(46)) - raft.server.log.appender.buffer.byte-limit = 33554432 (custom)
2022-11-03 16:01:27,913 [2369a186-4f78-4e7b-885b-53a729611fd8@group-94A5FE1A6C6F-LeaderElection23] INFO  server.RaftServerConfigKeys (ConfUtils.java:logGet(46)) - raft.server.log.appender.buffer.element-limit = 1 (custom)
2022-11-03 16:01:27,914 [2369a186-4f78-4e7b-885b-53a729611fd8@group-94A5FE1A6C6F-LeaderElection23] INFO  grpc.GrpcConfigKeys (ConfUtils.java:logGet(46)) - raft.grpc.server.leader.outstanding.appends.max = 128 (default)
2022-11-03 16:01:27,914 [2369a186-4f78-4e7b-885b-53a729611fd8@group-94A5FE1A6C6F-LeaderElection23] INFO  server.RaftServerConfigKeys (ConfUtils.java:logGet(46)) - raft.server.rpc.request.timeout = 60s (custom)
2022-11-03 16:01:27,914 [2369a186-4f78-4e7b-885b-53a729611fd8@group-94A5FE1A6C6F-LeaderElection23] INFO  server.RaftServerConfigKeys (ConfUtils.java:logGet(46)) - raft.server.log.appender.install.snapshot.enabled = false (custom)
2022-11-03 16:01:27,914 [2369a186-4f78-4e7b-885b-53a729611fd8@group-94A5FE1A6C6F-LeaderElection23] INFO  grpc.GrpcConfigKeys (ConfUtils.java:logGet(46)) - raft.grpc.server.heartbeat.channel = true (default)
2022-11-03 16:01:27,914 [2369a186-4f78-4e7b-885b-53a729611fd8@group-94A5FE1A6C6F-LeaderElection23] INFO  server.RaftServerConfigKeys (ConfUtils.java:logGet(46)) - raft.server.log.appender.wait-time.min = 10ms (default)
2022-11-03 16:01:27,915 [2369a186-4f78-4e7b-885b-53a729611fd8@group-94A5FE1A6C6F-LeaderElection23] INFO  server.RaftServerConfigKeys (ConfUtils.java:logGet(46)) - raft.server.log.appender.snapshot.chunk.size.max = 16MB (=16777216) (default)
2022-11-03 16:01:27,915 [2369a186-4f78-4e7b-885b-53a729611fd8@group-94A5FE1A6C6F-LeaderElection23] INFO  server.RaftServerConfigKeys (ConfUtils.java:logGet(46)) - raft.server.log.appender.buffer.byte-limit = 33554432 (custom)
2022-11-03 16:01:27,915 [2369a186-4f78-4e7b-885b-53a729611fd8@group-94A5FE1A6C6F-LeaderElection23] INFO  server.RaftServerConfigKeys (ConfUtils.java:logGet(46)) - raft.server.log.appender.buffer.element-limit = 1 (custom)
2022-11-03 16:01:27,915 [2369a186-4f78-4e7b-885b-53a729611fd8@group-94A5FE1A6C6F-LeaderElection23] INFO  grpc.GrpcConfigKeys (ConfUtils.java:logGet(46)) - raft.grpc.server.leader.outstanding.appends.max = 128 (default)
2022-11-03 16:01:27,915 [2369a186-4f78-4e7b-885b-53a729611fd8@group-94A5FE1A6C6F-LeaderElection23] INFO  server.RaftServerConfigKeys (ConfUtils.java:logGet(46)) - raft.server.rpc.request.timeout = 60s (custom)
2022-11-03 16:01:27,915 [2369a186-4f78-4e7b-885b-53a729611fd8@group-94A5FE1A6C6F-LeaderElection23] INFO  server.RaftServerConfigKeys (ConfUtils.java:logGet(46)) - raft.server.log.appender.install.snapshot.enabled = false (custom)
2022-11-03 16:01:27,915 [2369a186-4f78-4e7b-885b-53a729611fd8@group-94A5FE1A6C6F-LeaderElection23] INFO  grpc.GrpcConfigKeys (ConfUtils.java:logGet(46)) - raft.grpc.server.heartbeat.channel = true (default)
2022-11-03 16:01:27,916 [2369a186-4f78-4e7b-885b-53a729611fd8@group-94A5FE1A6C6F-LeaderElection23] INFO  server.RaftServerConfigKeys (ConfUtils.java:logGet(46)) - raft.server.log.appender.wait-time.min = 10ms (default)
2022-11-03 16:01:27,916 [2369a186-4f78-4e7b-885b-53a729611fd8@group-94A5FE1A6C6F-LeaderElection23] INFO  impl.RoleInfo (RoleInfo.java:updateAndGet(139)) - 2369a186-4f78-4e7b-885b-53a729611fd8: start 2369a186-4f78-4e7b-885b-53a729611fd8@group-94A5FE1A6C6F-LeaderStateImpl
2022-11-03 16:01:27,916 [2369a186-4f78-4e7b-885b-53a729611fd8@group-94A5FE1A6C6F-LeaderElection23] INFO  segmented.SegmentedRaftLogWorker (SegmentedRaftLogWorker.java:startLogSegment(452)) - 2369a186-4f78-4e7b-885b-53a729611fd8@group-94A5FE1A6C6F-SegmentedRaftLogWorker: Starting segment from index:0
2022-11-03 16:01:27,918 [2369a186-4f78-4e7b-885b-53a729611fd8@group-94A5FE1A6C6F-SegmentedRaftLogWorker] INFO  segmented.SegmentedRaftLogWorker (SegmentedRaftLogWorker.java:execute(656)) - 2369a186-4f78-4e7b-885b-53a729611fd8@group-94A5FE1A6C6F-SegmentedRaftLogWorker: created new log segment /home/runner/work/ozone/ozone/hadoop-ozone/integration-test/target/test-dir/MiniOzoneClusterImpl-84bf62e0-a170-4695-9dd9-8848938f690d/datanode-4/data/ratis/2f92345d-93a4-4cdf-8dfe-94a5fe1a6c6f/current/log_inprogress_0
2022-11-03 16:01:27,924 [2369a186-4f78-4e7b-885b-53a729611fd8@group-94A5FE1A6C6F-LeaderElection23] INFO  server.RaftServer$Division (ServerState.java:setRaftConf(430)) - 2369a186-4f78-4e7b-885b-53a729611fd8@group-94A5FE1A6C6F: set configuration 0: peers:[6065ee46-1250-4f2d-bd18-fb99db464885|rpc:10.1.1.36:43193|dataStream:|priority:0|startupRole:FOLLOWER, 2369a186-4f78-4e7b-885b-53a729611fd8|rpc:10.1.1.36:35493|dataStream:|priority:1|startupRole:FOLLOWER, 3af182df-8746-4079-a1aa-2aadbfcb2e37|rpc:10.1.1.36:35587|dataStream:|priority:0|startupRole:FOLLOWER]|listeners:[], old=null
2022-11-03 16:01:27,925 [grpc-default-executor-1] WARN  server.GrpcLogAppender (LogUtils.java:warn(122)) - 2369a186-4f78-4e7b-885b-53a729611fd8@group-94A5FE1A6C6F->3af182df-8746-4079-a1aa-2aadbfcb2e37-AppendLogResponseHandler: Failed appendEntries: org.apache.ratis.thirdparty.io.grpc.StatusRuntimeException: UNAVAILABLE: io exception
2022-11-03 16:01:27,927 [grpc-default-executor-1] WARN  server.GrpcLogAppender (GrpcLogAppender.java:resetClient(131)) - 2369a186-4f78-4e7b-885b-53a729611fd8@group-94A5FE1A6C6F->3af182df-8746-4079-a1aa-2aadbfcb2e37-GrpcLogAppender: Leader has not got in touch with Follower 2369a186-4f78-4e7b-885b-53a729611fd8@group-94A5FE1A6C6F->3af182df-8746-4079-a1aa-2aadbfcb2e37(c-1,m0,n0, attendVote=true, lastRpcSendTime=5215, lastRpcResponseTime=5215) yet, just keep nextIndex unchanged and retry.
2022-11-03 16:01:27,928 [grpc-default-executor-4] WARN  server.GrpcLogAppender (LogUtils.java:warn(122)) - 2369a186-4f78-4e7b-885b-53a729611fd8@group-94A5FE1A6C6F->3af182df-8746-4079-a1aa-2aadbfcb2e37-AppendLogResponseHandler: Failed appendEntries: org.apache.ratis.thirdparty.io.grpc.StatusRuntimeException: UNAVAILABLE: io exception
2022-11-03 16:01:27,928 [grpc-default-executor-2] WARN  server.GrpcLogAppender (LogUtils.java:warn(122)) - 2369a186-4f78-4e7b-885b-53a729611fd8@group-94A5FE1A6C6F->3af182df-8746-4079-a1aa-2aadbfcb2e37-AppendLogResponseHandler: Failed appendEntries: org.apache.ratis.thirdparty.io.grpc.StatusRuntimeException: UNAVAILABLE: io exception
2022-11-03 16:01:27,929 [grpc-default-executor-4] WARN  server.GrpcLogAppender (GrpcLogAppender.java:resetClient(131)) - 2369a186-4f78-4e7b-885b-53a729611fd8@group-94A5FE1A6C6F->3af182df-8746-4079-a1aa-2aadbfcb2e37-GrpcLogAppender: Leader has not got in touch with Follower 2369a186-4f78-4e7b-885b-53a729611fd8@group-94A5FE1A6C6F->3af182df-8746-4079-a1aa-2aadbfcb2e37(c-1,m0,n0, attendVote=true, lastRpcSendTime=5217, lastRpcResponseTime=5217) yet, just keep nextIndex unchanged and retry.
2022-11-03 16:01:27,930 [grpc-default-executor-2] WARN  server.GrpcLogAppender (GrpcLogAppender.java:resetClient(131)) - 2369a186-4f78-4e7b-885b-53a729611fd8@group-94A5FE1A6C6F->3af182df-8746-4079-a1aa-2aadbfcb2e37-GrpcLogAppender: Leader has not got in touch with Follower 2369a186-4f78-4e7b-885b-53a729611fd8@group-94A5FE1A6C6F->3af182df-8746-4079-a1aa-2aadbfcb2e37(c-1,m0,n0, attendVote=true, lastRpcSendTime=5218, lastRpcResponseTime=5218) yet, just keep nextIndex unchanged and retry.
2022-11-03 16:01:27,931 [grpc-default-executor-2] WARN  server.GrpcLogAppender (LogUtils.java:warn(122)) - 2369a186-4f78-4e7b-885b-53a729611fd8@group-94A5FE1A6C6F->3af182df-8746-4079-a1aa-2aadbfcb2e37-AppendLogResponseHandler: Failed appendEntries: org.apache.ratis.thirdparty.io.grpc.StatusRuntimeException: UNAVAILABLE: io exception
2022-11-03 16:01:27,931 [grpc-default-executor-4] WARN  server.GrpcLogAppender (LogUtils.java:warn(122)) - 2369a186-4f78-4e7b-885b-53a729611fd8@group-94A5FE1A6C6F->3af182df-8746-4079-a1aa-2aadbfcb2e37-AppendLogResponseHandler: Failed appendEntries: org.apache.ratis.thirdparty.io.grpc.StatusRuntimeException: UNAVAILABLE: io exception
2022-11-03 16:01:27,932 [grpc-default-executor-2] WARN  server.GrpcLogAppender (GrpcLogAppender.java:resetClient(131)) - 2369a186-4f78-4e7b-885b-53a729611fd8@group-94A5FE1A6C6F->3af182df-8746-4079-a1aa-2aadbfcb2e37-GrpcLogAppender: Leader has not got in touch with Follower 2369a186-4f78-4e7b-885b-53a729611fd8@group-94A5FE1A6C6F->3af182df-8746-4079-a1aa-2aadbfcb2e37(c-1,m0,n0, attendVote=true, lastRpcSendTime=5219, lastRpcResponseTime=5219) yet, just keep nextIndex unchanged and retry.
2022-11-03 16:01:27,932 [grpc-default-executor-4] WARN  server.GrpcLogAppender (GrpcLogAppender.java:resetClient(131)) - 2369a186-4f78-4e7b-885b-53a729611fd8@group-94A5FE1A6C6F->3af182df-8746-4079-a1aa-2aadbfcb2e37-GrpcLogAppender: Leader has not got in touch with Follower 2369a186-4f78-4e7b-885b-53a729611fd8@group-94A5FE1A6C6F->3af182df-8746-4079-a1aa-2aadbfcb2e37(c-1,m0,n0, attendVote=true, lastRpcSendTime=5219, lastRpcResponseTime=5219) yet, just keep nextIndex unchanged and retry.
2022-11-03 16:01:27,933 [grpc-default-executor-4] WARN  server.GrpcLogAppender (LogUtils.java:warn(122)) - 2369a186-4f78-4e7b-885b-53a729611fd8@group-94A5FE1A6C6F->3af182df-8746-4079-a1aa-2aadbfcb2e37-AppendLogResponseHandler: Failed appendEntries: org.apache.ratis.thirdparty.io.grpc.StatusRuntimeException: UNAVAILABLE: io exception
2022-11-03 16:01:27,933 [grpc-default-executor-2] WARN  server.GrpcLogAppender (LogUtils.java:warn(122)) - 2369a186-4f78-4e7b-885b-53a729611fd8@group-94A5FE1A6C6F->3af182df-8746-4079-a1aa-2aadbfcb2e37-AppendLogResponseHandler: Failed appendEntries: org.apache.ratis.thirdparty.io.grpc.StatusRuntimeException: UNAVAILABLE: io exception
2022-11-03 16:01:27,933 [grpc-default-executor-4] WARN  server.GrpcLogAppender (GrpcLogAppender.java:resetClient(131)) - 2369a186-4f78-4e7b-885b-53a729611fd8@group-94A5FE1A6C6F->3af182df-8746-4079-a1aa-2aadbfcb2e37-GrpcLogAppender: Leader has not got in touch with Follower 2369a186-4f78-4e7b-885b-53a729611fd8@group-94A5FE1A6C6F->3af182df-8746-4079-a1aa-2aadbfcb2e37(c-1,m0,n0, attendVote=true, lastRpcSendTime=5221, lastRpcResponseTime=5221) yet, just keep nextIndex unchanged and retry.
2022-11-03 16:01:27,934 [grpc-default-executor-2] WARN  server.GrpcLogAppender (GrpcLogAppender.java:resetClient(131)) - 2369a186-4f78-4e7b-885b-53a729611fd8@group-94A5FE1A6C6F->3af182df-8746-4079-a1aa-2aadbfcb2e37-GrpcLogAppender: Leader has not got in touch with Follower 2369a186-4f78-4e7b-885b-53a729611fd8@group-94A5FE1A6C6F->3af182df-8746-4079-a1aa-2aadbfcb2e37(c-1,m0,n0, attendVote=true, lastRpcSendTime=5221, lastRpcResponseTime=5221) yet, just keep nextIndex unchanged and retry.
2022-11-03 16:01:27,935 [grpc-default-executor-2] WARN  server.GrpcLogAppender (LogUtils.java:warn(122)) - 2369a186-4f78-4e7b-885b-53a729611fd8@group-94A5FE1A6C6F->3af182df-8746-4079-a1aa-2aadbfcb2e37-AppendLogResponseHandler: Failed appendEntries: org.apache.ratis.thirdparty.io.grpc.StatusRuntimeException: UNAVAILABLE: io exception
2022-11-03 16:01:27,935 [grpc-default-executor-4] WARN  server.GrpcLogAppender (LogUtils.java:warn(122)) - 2369a186-4f78-4e7b-885b-53a729611fd8@group-94A5FE1A6C6F->3af182df-8746-4079-a1aa-2aadbfcb2e37-AppendLogResponseHandler: Failed appendEntries: org.apache.ratis.thirdparty.io.grpc.StatusRuntimeException: UNAVAILABLE: io exception
2022-11-03 16:01:27,937 [6065ee46-1250-4f2d-bd18-fb99db464885-server-thread1] INFO  ratis.XceiverServerRatis (XceiverServerRatis.java:handleLeaderChangedNotification(863)) - Leader change notification received for group: group-94A5FE1A6C6F with new leaderId: 2369a186-4f78-4e7b-885b-53a729611fd8
2022-11-03 16:01:27,937 [6065ee46-1250-4f2d-bd18-fb99db464885-server-thread1] INFO  server.RaftServer$Division (ServerState.java:setLeader(313)) - 6065ee46-1250-4f2d-bd18-fb99db464885@group-94A5FE1A6C6F: change Leader from null to 2369a186-4f78-4e7b-885b-53a729611fd8 at term 2 for appendEntries, leader elected after 10143ms
2022-11-03 16:01:27,937 [grpc-default-executor-2] WARN  server.GrpcLogAppender (GrpcLogAppender.java:resetClient(131)) - 2369a186-4f78-4e7b-885b-53a729611fd8@group-94A5FE1A6C6F->3af182df-8746-4079-a1aa-2aadbfcb2e37-GrpcLogAppender: Leader has not got in touch with Follower 2369a186-4f78-4e7b-885b-53a729611fd8@group-94A5FE1A6C6F->3af182df-8746-4079-a1aa-2aadbfcb2e37(c-1,m0,n0, attendVote=true, lastRpcSendTime=5225, lastRpcResponseTime=5225) yet, just keep nextIndex unchanged and retry.
2022-11-03 16:01:27,938 [grpc-default-executor-4] WARN  server.GrpcLogAppender (GrpcLogAppender.java:resetClient(131)) - 2369a186-4f78-4e7b-885b-53a729611fd8@group-94A5FE1A6C6F->3af182df-8746-4079-a1aa-2aadbfcb2e37-GrpcLogAppender: Leader has not got in touch with Follower 2369a186-4f78-4e7b-885b-53a729611fd8@group-94A5FE1A6C6F->3af182df-8746-4079-a1aa-2aadbfcb2e37(c-1,m0,n0, attendVote=true, lastRpcSendTime=5225, lastRpcResponseTime=5225) yet, just keep nextIndex unchanged and retry.
2022-11-03 16:01:27,938 [6065ee46-1250-4f2d-bd18-fb99db464885-server-thread2] INFO  server.RaftServer$Division (ServerState.java:setRaftConf(430)) - 6065ee46-1250-4f2d-bd18-fb99db464885@group-94A5FE1A6C6F: set configuration 0: peers:[6065ee46-1250-4f2d-bd18-fb99db464885|rpc:10.1.1.36:43193|dataStream:|priority:0|startupRole:FOLLOWER, 2369a186-4f78-4e7b-885b-53a729611fd8|rpc:10.1.1.36:35493|dataStream:|priority:1|startupRole:FOLLOWER, 3af182df-8746-4079-a1aa-2aadbfcb2e37|rpc:10.1.1.36:35587|dataStream:|priority:0|startupRole:FOLLOWER]|listeners:[], old=null
2022-11-03 16:01:27,938 [6065ee46-1250-4f2d-bd18-fb99db464885-server-thread2] INFO  segmented.SegmentedRaftLogWorker (SegmentedRaftLogWorker.java:startLogSegment(452)) - 6065ee46-1250-4f2d-bd18-fb99db464885@group-94A5FE1A6C6F-SegmentedRaftLogWorker: Starting segment from index:0
2022-11-03 16:01:27,939 [grpc-default-executor-4] WARN  server.GrpcLogAppender (LogUtils.java:warn(122)) - 2369a186-4f78-4e7b-885b-53a729611fd8@group-94A5FE1A6C6F->3af182df-8746-4079-a1aa-2aadbfcb2e37-AppendLogResponseHandler: Failed appendEntries: org.apache.ratis.thirdparty.io.grpc.StatusRuntimeException: UNAVAILABLE: io exception
2022-11-03 16:01:27,939 [grpc-default-executor-4] WARN  server.GrpcLogAppender (GrpcLogAppender.java:resetClient(131)) - 2369a186-4f78-4e7b-885b-53a729611fd8@group-94A5FE1A6C6F->3af182df-8746-4079-a1aa-2aadbfcb2e37-GrpcLogAppender: Leader has not got in touch with Follower 2369a186-4f78-4e7b-885b-53a729611fd8@group-94A5FE1A6C6F->3af182df-8746-4079-a1aa-2aadbfcb2e37(c-1,m0,n0, attendVote=true, lastRpcSendTime=0, lastRpcResponseTime=5227) yet, just keep nextIndex unchanged and retry.
2022-11-03 16:01:27,939 [grpc-default-executor-2] WARN  server.GrpcLogAppender (LogUtils.java:warn(122)) - 2369a186-4f78-4e7b-885b-53a729611fd8@group-94A5FE1A6C6F->3af182df-8746-4079-a1aa-2aadbfcb2e37-AppendLogResponseHandler: Failed appendEntries: org.apache.ratis.thirdparty.io.grpc.StatusRuntimeException: UNAVAILABLE: io exception
2022-11-03 16:01:27,940 [grpc-default-executor-2] WARN  server.GrpcLogAppender (GrpcLogAppender.java:resetClient(131)) - 2369a186-4f78-4e7b-885b-53a729611fd8@group-94A5FE1A6C6F->3af182df-8746-4079-a1aa-2aadbfcb2e37-GrpcLogAppender: Leader has not got in touch with Follower 2369a186-4f78-4e7b-885b-53a729611fd8@group-94A5FE1A6C6F->3af182df-8746-4079-a1aa-2aadbfcb2e37(c-1,m0,n0, attendVote=true, lastRpcSendTime=0, lastRpcResponseTime=5227) yet, just keep nextIndex unchanged and retry.
2022-11-03 16:01:27,940 [grpc-default-executor-5] WARN  server.GrpcLogAppender (LogUtils.java:warn(122)) - 2369a186-4f78-4e7b-885b-53a729611fd8@group-94A5FE1A6C6F->3af182df-8746-4079-a1aa-2aadbfcb2e37-AppendLogResponseHandler: Failed appendEntries: org.apache.ratis.thirdparty.io.grpc.StatusRuntimeException: UNAVAILABLE: io exception
2022-11-03 16:01:27,950 [6065ee46-1250-4f2d-bd18-fb99db464885@group-94A5FE1A6C6F-SegmentedRaftLogWorker] INFO  segmented.SegmentedRaftLogWorker (SegmentedRaftLogWorker.java:execute(656)) - 6065ee46-1250-4f2d-bd18-fb99db464885@group-94A5FE1A6C6F-SegmentedRaftLogWorker: created new log segment /home/runner/work/ozone/ozone/hadoop-ozone/integration-test/target/test-dir/MiniOzoneClusterImpl-84bf62e0-a170-4695-9dd9-8848938f690d/datanode-5/data/ratis/2f92345d-93a4-4cdf-8dfe-94a5fe1a6c6f/current/log_inprogress_0
2022-11-03 16:01:27,955 [grpc-default-executor-5] WARN  server.GrpcLogAppender (GrpcLogAppender.java:resetClient(131)) - 2369a186-4f78-4e7b-885b-53a729611fd8@group-94A5FE1A6C6F->3af182df-8746-4079-a1aa-2aadbfcb2e37-GrpcLogAppender: Leader has not got in touch with Follower 2369a186-4f78-4e7b-885b-53a729611fd8@group-94A5FE1A6C6F->3af182df-8746-4079-a1aa-2aadbfcb2e37(c-1,m0,n0, attendVote=true, lastRpcSendTime=16, lastRpcResponseTime=5243) yet, just keep nextIndex unchanged and retry.
2022-11-03 16:01:27,956 [grpc-default-executor-0] WARN  server.GrpcLogAppender (LogUtils.java:warn(122)) - 2369a186-4f78-4e7b-885b-53a729611fd8@group-94A5FE1A6C6F->3af182df-8746-4079-a1aa-2aadbfcb2e37-AppendLogResponseHandler: Failed appendEntries: org.apache.ratis.thirdparty.io.grpc.StatusRuntimeException: UNAVAILABLE: io exception
2022-11-03 16:01:27,956 [grpc-default-executor-3] WARN  server.GrpcLogAppender (LogUtils.java:warn(122)) - 2369a186-4f78-4e7b-885b-53a729611fd8@group-94A5FE1A6C6F->3af182df-8746-4079-a1aa-2aadbfcb2e37-AppendLogResponseHandler: Failed appendEntries: org.apache.ratis.thirdparty.io.grpc.StatusRuntimeException: UNAVAILABLE: io exception
2022-11-03 16:01:27,960 [grpc-default-executor-0] WARN  server.GrpcLogAppender (GrpcLogAppender.java:resetClient(131)) - 2369a186-4f78-4e7b-885b-53a729611fd8@group-94A5FE1A6C6F->3af182df-8746-4079-a1aa-2aadbfcb2e37-GrpcLogAppender: Leader has not got in touch with Follower 2369a186-4f78-4e7b-885b-53a729611fd8@group-94A5FE1A6C6F->3af182df-8746-4079-a1aa-2aadbfcb2e37(c-1,m0,n1, attendVote=true, lastRpcSendTime=4, lastRpcResponseTime=5248) yet, just keep nextIndex unchanged and retry.
2022-11-03 16:01:27,961 [grpc-default-executor-3] WARN  server.GrpcLogAppender (GrpcLogAppender.java:resetClient(131)) - 2369a186-4f78-4e7b-885b-53a729611fd8@group-94A5FE1A6C6F->3af182df-8746-4079-a1aa-2aadbfcb2e37-GrpcLogAppender: Leader has not got in touch with Follower 2369a186-4f78-4e7b-885b-53a729611fd8@group-94A5FE1A6C6F->3af182df-8746-4079-a1aa-2aadbfcb2e37(c-1,m0,n1, attendVote=true, lastRpcSendTime=4, lastRpcResponseTime=5248) yet, just keep nextIndex unchanged and retry.
2022-11-03 16:01:28,183 [Command processor thread] INFO  keyvalue.KeyValueContainer (KeyValueContainer.java:flushAndSyncDB(437)) - Container 1 is synced with bcsId 0.
2022-11-03 16:01:28,183 [Command processor thread] INFO  keyvalue.KeyValueContainer (KeyValueContainer.java:flushAndSyncDB(437)) - Container 1 is synced with bcsId 0.
2022-11-03 16:01:28,186 [Command processor thread] INFO  keyvalue.KeyValueContainer (KeyValueContainer.java:close(352)) - Container 1 is closed with bcsId 0.
2022-11-03 16:01:28,191 [FixedThreadPoolWithAffinityExecutor-0-0] INFO  container.IncrementalContainerReportHandler (AbstractContainerReportHandler.java:updateContainerState(292)) - Moving container #1 to CLOSED state, datanode 2369a186-4f78-4e7b-885b-53a729611fd8{ip: 10.1.1.36, host: fv-az47-358.mma5zatft5wupo5mzspaixdheh.bx.internal.cloudapp.net, ports: [REPLICATION=39183, RATIS=35493, RATIS_ADMIN=35493, RATIS_SERVER=35493, STANDALONE=34169], networkLocation: /default-rack, certSerialId: null, persistedOpState: IN_SERVICE, persistedOpStateExpiryEpochSec: 0} reported CLOSED replica.
2022-11-03 16:01:28,217 [Listener at 127.0.0.1/45563] INFO  replication.ReplicationManager (ReplicationManager.java:stop(273)) - Stopping Replication Monitor Thread.
2022-11-03 16:01:28,217 [Under Replicated Processor] WARN  replication.UnderReplicatedProcessor (UnderReplicatedProcessor.java:run(148)) - Under Replicated Processor interrupted. Exiting...
2022-11-03 16:01:28,219 [Over Replicated Processor] WARN  replication.OverReplicatedProcessor (OverReplicatedProcessor.java:run(137)) - Over Replicated Processor interrupted. Exiting...
2022-11-03 16:01:28,219 [ReplicationMonitor] INFO  replication.ReplicationManager (ReplicationManager.java:run(579)) - Replication Monitor Thread is stopped
2022-11-03 16:01:29,133 [b6bbe4ab-2937-401d-96b4-8acfa82ea187@group-8A4815B43099-FollowerState] INFO  server.RaftServerConfigKeys (ConfUtils.java:logFallback(53)) - raft.server.rpc.first-election.timeout.min = 5s (fallback to raft.server.rpc.timeout.min)
2022-11-03 16:01:29,134 [b6bbe4ab-2937-401d-96b4-8acfa82ea187@group-8A4815B43099-FollowerState] INFO  server.RaftServerConfigKeys (ConfUtils.java:logFallback(53)) - raft.server.rpc.first-election.timeout.max = 5200ms (fallback to raft.server.rpc.timeout.max)
2022-11-03 16:01:29,190 [grpc-default-executor-3] WARN  server.GrpcLogAppender (LogUtils.java:warn(122)) - 2369a186-4f78-4e7b-885b-53a729611fd8@group-94A5FE1A6C6F->3af182df-8746-4079-a1aa-2aadbfcb2e37-AppendLogResponseHandler: Failed appendEntries: org.apache.ratis.thirdparty.io.grpc.StatusRuntimeException: UNAVAILABLE: io exception
2022-11-03 16:01:29,191 [grpc-default-executor-3] WARN  server.GrpcLogAppender (GrpcLogAppender.java:resetClient(131)) - 2369a186-4f78-4e7b-885b-53a729611fd8@group-94A5FE1A6C6F->3af182df-8746-4079-a1aa-2aadbfcb2e37-GrpcLogAppender: Leader has not got in touch with Follower 2369a186-4f78-4e7b-885b-53a729611fd8@group-94A5FE1A6C6F->3af182df-8746-4079-a1aa-2aadbfcb2e37(c-1,m0,n1, attendVote=true, lastRpcSendTime=1, lastRpcResponseTime=6479) yet, just keep nextIndex unchanged and retry.
2022-11-03 16:01:29,191 [grpc-default-executor-0] WARN  server.GrpcLogAppender (LogUtils.java:warn(122)) - 2369a186-4f78-4e7b-885b-53a729611fd8@group-94A5FE1A6C6F->3af182df-8746-4079-a1aa-2aadbfcb2e37-AppendLogResponseHandler: Failed appendEntries: org.apache.ratis.thirdparty.io.grpc.StatusRuntimeException: UNAVAILABLE: io exception
2022-11-03 16:01:29,191 [grpc-default-executor-0] WARN  server.GrpcLogAppender (GrpcLogAppender.java:resetClient(131)) - 2369a186-4f78-4e7b-885b-53a729611fd8@group-94A5FE1A6C6F->3af182df-8746-4079-a1aa-2aadbfcb2e37-GrpcLogAppender: Leader has not got in touch with Follower 2369a186-4f78-4e7b-885b-53a729611fd8@group-94A5FE1A6C6F->3af182df-8746-4079-a1aa-2aadbfcb2e37(c-1,m0,n1, attendVote=true, lastRpcSendTime=1, lastRpcResponseTime=6479) yet, just keep nextIndex unchanged and retry.
2022-11-03 16:01:29,293 [d878db48-ef46-44bf-ac98-cb2daa3cfd80@group-8A4815B43099-FollowerState] INFO  impl.FollowerState (FollowerState.java:run(143)) - d878db48-ef46-44bf-ac98-cb2daa3cfd80@group-8A4815B43099-FollowerState: change to CANDIDATE, lastRpcElapsedTime:5202213055ns, electionTimeout:5184ms
2022-11-03 16:01:29,293 [d878db48-ef46-44bf-ac98-cb2daa3cfd80@group-8A4815B43099-FollowerState] INFO  impl.RoleInfo (RoleInfo.java:shutdownFollowerState(110)) - d878db48-ef46-44bf-ac98-cb2daa3cfd80: shutdown d878db48-ef46-44bf-ac98-cb2daa3cfd80@group-8A4815B43099-FollowerState
2022-11-03 16:01:29,294 [d878db48-ef46-44bf-ac98-cb2daa3cfd80@group-8A4815B43099-FollowerState] INFO  server.RaftServer$Division (RaftServerImpl.java:setRole(321)) - d878db48-ef46-44bf-ac98-cb2daa3cfd80@group-8A4815B43099: changes role from  FOLLOWER to CANDIDATE at term 1 for changeToCandidate
2022-11-03 16:01:29,294 [d878db48-ef46-44bf-ac98-cb2daa3cfd80@group-8A4815B43099-FollowerState] INFO  server.RaftServerConfigKeys (ConfUtils.java:logGet(46)) - raft.server.leaderelection.pre-vote = false (custom)
2022-11-03 16:01:29,294 [d878db48-ef46-44bf-ac98-cb2daa3cfd80@group-8A4815B43099-FollowerState] INFO  impl.RoleInfo (RoleInfo.java:updateAndGet(139)) - d878db48-ef46-44bf-ac98-cb2daa3cfd80: start d878db48-ef46-44bf-ac98-cb2daa3cfd80@group-8A4815B43099-LeaderElection24
2022-11-03 16:01:29,294 [b412bf4c-8645-4ac9-920f-94e6c323f92a@group-8A4815B43099-FollowerState] INFO  impl.FollowerState (FollowerState.java:run(143)) - b412bf4c-8645-4ac9-920f-94e6c323f92a@group-8A4815B43099-FollowerState: change to CANDIDATE, lastRpcElapsedTime:5192658906ns, electionTimeout:5176ms
2022-11-03 16:01:29,294 [b412bf4c-8645-4ac9-920f-94e6c323f92a@group-8A4815B43099-FollowerState] INFO  impl.RoleInfo (RoleInfo.java:shutdownFollowerState(110)) - b412bf4c-8645-4ac9-920f-94e6c323f92a: shutdown b412bf4c-8645-4ac9-920f-94e6c323f92a@group-8A4815B43099-FollowerState
2022-11-03 16:01:29,294 [b412bf4c-8645-4ac9-920f-94e6c323f92a@group-8A4815B43099-FollowerState] INFO  server.RaftServer$Division (RaftServerImpl.java:setRole(321)) - b412bf4c-8645-4ac9-920f-94e6c323f92a@group-8A4815B43099: changes role from  FOLLOWER to CANDIDATE at term 1 for changeToCandidate
2022-11-03 16:01:29,305 [b412bf4c-8645-4ac9-920f-94e6c323f92a@group-8A4815B43099-FollowerState] INFO  server.RaftServerConfigKeys (ConfUtils.java:logGet(46)) - raft.server.leaderelection.pre-vote = false (custom)
2022-11-03 16:01:29,305 [b412bf4c-8645-4ac9-920f-94e6c323f92a@group-8A4815B43099-FollowerState] INFO  impl.RoleInfo (RoleInfo.java:updateAndGet(139)) - b412bf4c-8645-4ac9-920f-94e6c323f92a: start b412bf4c-8645-4ac9-920f-94e6c323f92a@group-8A4815B43099-LeaderElection25
2022-11-03 16:01:29,307 [d878db48-ef46-44bf-ac98-cb2daa3cfd80@group-8A4815B43099-LeaderElection24] INFO  impl.LeaderElection (LeaderElection.java:askForVotes(312)) - d878db48-ef46-44bf-ac98-cb2daa3cfd80@group-8A4815B43099-LeaderElection24 ELECTION round 0: submit vote requests at term 2 for -1: peers:[d878db48-ef46-44bf-ac98-cb2daa3cfd80|rpc:10.1.1.36:39321|priority:0|startupRole:FOLLOWER, b6bbe4ab-2937-401d-96b4-8acfa82ea187|rpc:10.1.1.36:37137|priority:0|startupRole:FOLLOWER, b412bf4c-8645-4ac9-920f-94e6c323f92a|rpc:10.1.1.36:37969|priority:1|startupRole:FOLLOWER]|listeners:[], old=null
2022-11-03 16:01:29,309 [grpc-default-executor-0] INFO  server.RaftServer$Division (RaftServerImpl.java:requestVote(1218)) - b6bbe4ab-2937-401d-96b4-8acfa82ea187@group-8A4815B43099: receive requestVote(ELECTION, d878db48-ef46-44bf-ac98-cb2daa3cfd80, group-8A4815B43099, 2, (t:0, i:0))
2022-11-03 16:01:29,310 [grpc-default-executor-0] INFO  impl.VoteContext (VoteContext.java:log(48)) - b6bbe4ab-2937-401d-96b4-8acfa82ea187@group-8A4815B43099-FOLLOWER: accept ELECTION from d878db48-ef46-44bf-ac98-cb2daa3cfd80: our priority 0 <= candidate's priority 0
2022-11-03 16:01:29,310 [grpc-default-executor-0] INFO  server.RaftServer$Division (RaftServerImpl.java:setRole(321)) - b6bbe4ab-2937-401d-96b4-8acfa82ea187@group-8A4815B43099: changes role from  FOLLOWER to FOLLOWER at term 2 for candidate:d878db48-ef46-44bf-ac98-cb2daa3cfd80
2022-11-03 16:01:29,310 [grpc-default-executor-0] INFO  impl.RoleInfo (RoleInfo.java:shutdownFollowerState(110)) - b6bbe4ab-2937-401d-96b4-8acfa82ea187: shutdown b6bbe4ab-2937-401d-96b4-8acfa82ea187@group-8A4815B43099-FollowerState
2022-11-03 16:01:29,312 [d878db48-ef46-44bf-ac98-cb2daa3cfd80@group-8A4815B43099-LeaderElection24] INFO  server.RaftServerConfigKeys (ConfUtils.java:logFallback(53)) - raft.server.rpc.first-election.timeout.min = 5s (fallback to raft.server.rpc.timeout.min)
2022-11-03 16:01:29,312 [d878db48-ef46-44bf-ac98-cb2daa3cfd80@group-8A4815B43099-LeaderElection24] INFO  server.RaftServerConfigKeys (ConfUtils.java:logFallback(53)) - raft.server.rpc.first-election.timeout.max = 5200ms (fallback to raft.server.rpc.timeout.max)
2022-11-03 16:01:29,313 [grpc-default-executor-3] INFO  server.RaftServer$Division (RaftServerImpl.java:requestVote(1218)) - b412bf4c-8645-4ac9-920f-94e6c323f92a@group-8A4815B43099: receive requestVote(ELECTION, d878db48-ef46-44bf-ac98-cb2daa3cfd80, group-8A4815B43099, 2, (t:0, i:0))
2022-11-03 16:01:29,314 [grpc-default-executor-3] INFO  impl.VoteContext (VoteContext.java:log(48)) - b412bf4c-8645-4ac9-920f-94e6c323f92a@group-8A4815B43099-CANDIDATE: reject ELECTION from d878db48-ef46-44bf-ac98-cb2daa3cfd80: our priority 1 > candidate's priority 0
2022-11-03 16:01:29,314 [grpc-default-executor-3] INFO  server.RaftServer$Division (RaftServerImpl.java:setRole(321)) - b412bf4c-8645-4ac9-920f-94e6c323f92a@group-8A4815B43099: changes role from CANDIDATE to FOLLOWER at term 2 for candidate:d878db48-ef46-44bf-ac98-cb2daa3cfd80
2022-11-03 16:01:29,314 [grpc-default-executor-3] INFO  impl.RoleInfo (RoleInfo.java:shutdownLeaderElection(130)) - b412bf4c-8645-4ac9-920f-94e6c323f92a: shutdown b412bf4c-8645-4ac9-920f-94e6c323f92a@group-8A4815B43099-LeaderElection25
2022-11-03 16:01:29,314 [grpc-default-executor-3] INFO  impl.RoleInfo (RoleInfo.java:updateAndGet(139)) - b412bf4c-8645-4ac9-920f-94e6c323f92a: start b412bf4c-8645-4ac9-920f-94e6c323f92a@group-8A4815B43099-FollowerState
2022-11-03 16:01:29,314 [b412bf4c-8645-4ac9-920f-94e6c323f92a@group-8A4815B43099-LeaderElection25] INFO  impl.LeaderElection (LeaderElection.java:run(233)) - b412bf4c-8645-4ac9-920f-94e6c323f92a@group-8A4815B43099-LeaderElection25: skip running since this is already CLOSING
2022-11-03 16:01:29,315 [grpc-default-executor-0] INFO  impl.RoleInfo (RoleInfo.java:updateAndGet(139)) - b6bbe4ab-2937-401d-96b4-8acfa82ea187: start b6bbe4ab-2937-401d-96b4-8acfa82ea187@group-8A4815B43099-FollowerState
2022-11-03 16:01:29,315 [b6bbe4ab-2937-401d-96b4-8acfa82ea187@group-8A4815B43099-FollowerState] INFO  impl.FollowerState (FollowerState.java:run(152)) - b6bbe4ab-2937-401d-96b4-8acfa82ea187@group-8A4815B43099-FollowerState was interrupted
2022-11-03 16:01:29,315 [b412bf4c-8645-4ac9-920f-94e6c323f92a@group-8A4815B43099-FollowerState] INFO  server.RaftServerConfigKeys (ConfUtils.java:logFallback(53)) - raft.server.rpc.first-election.timeout.min = 5s (fallback to raft.server.rpc.timeout.min)
2022-11-03 16:01:29,315 [b412bf4c-8645-4ac9-920f-94e6c323f92a@group-8A4815B43099-FollowerState] INFO  server.RaftServerConfigKeys (ConfUtils.java:logFallback(53)) - raft.server.rpc.first-election.timeout.max = 5200ms (fallback to raft.server.rpc.timeout.max)
2022-11-03 16:01:29,316 [grpc-default-executor-3] INFO  server.RaftServer$Division (RaftServerImpl.java:requestVote(1251)) - b412bf4c-8645-4ac9-920f-94e6c323f92a@group-8A4815B43099 replies to ELECTION vote request: d878db48-ef46-44bf-ac98-cb2daa3cfd80<-b412bf4c-8645-4ac9-920f-94e6c323f92a#0:FAIL-t2. Peer's state: b412bf4c-8645-4ac9-920f-94e6c323f92a@group-8A4815B43099:t2, leader=null, voted=null, raftlog=Memoized:b412bf4c-8645-4ac9-920f-94e6c323f92a@group-8A4815B43099-SegmentedRaftLog:OPENED:c-1, conf=-1: peers:[d878db48-ef46-44bf-ac98-cb2daa3cfd80|rpc:10.1.1.36:39321|dataStream:|priority:0|startupRole:FOLLOWER, b6bbe4ab-2937-401d-96b4-8acfa82ea187|rpc:10.1.1.36:37137|dataStream:|priority:0|startupRole:FOLLOWER, b412bf4c-8645-4ac9-920f-94e6c323f92a|rpc:10.1.1.36:37969|dataStream:|priority:1|startupRole:FOLLOWER]|listeners:[], old=null
2022-11-03 16:01:29,332 [grpc-default-executor-0] INFO  server.RaftServer$Division (RaftServerImpl.java:requestVote(1251)) - b6bbe4ab-2937-401d-96b4-8acfa82ea187@group-8A4815B43099 replies to ELECTION vote request: d878db48-ef46-44bf-ac98-cb2daa3cfd80<-b6bbe4ab-2937-401d-96b4-8acfa82ea187#0:OK-t2. Peer's state: b6bbe4ab-2937-401d-96b4-8acfa82ea187@group-8A4815B43099:t2, leader=null, voted=d878db48-ef46-44bf-ac98-cb2daa3cfd80, raftlog=Memoized:b6bbe4ab-2937-401d-96b4-8acfa82ea187@group-8A4815B43099-SegmentedRaftLog:OPENED:c-1, conf=-1: peers:[d878db48-ef46-44bf-ac98-cb2daa3cfd80|rpc:10.1.1.36:39321|dataStream:|priority:0|startupRole:FOLLOWER, b6bbe4ab-2937-401d-96b4-8acfa82ea187|rpc:10.1.1.36:37137|dataStream:|priority:0|startupRole:FOLLOWER, b412bf4c-8645-4ac9-920f-94e6c323f92a|rpc:10.1.1.36:37969|dataStream:|priority:1|startupRole:FOLLOWER]|listeners:[], old=null
2022-11-03 16:01:29,333 [b6bbe4ab-2937-401d-96b4-8acfa82ea187@group-8A4815B43099-FollowerState] INFO  server.RaftServerConfigKeys (ConfUtils.java:logFallback(53)) - raft.server.rpc.first-election.timeout.min = 5s (fallback to raft.server.rpc.timeout.min)
2022-11-03 16:01:29,333 [b6bbe4ab-2937-401d-96b4-8acfa82ea187@group-8A4815B43099-FollowerState] INFO  server.RaftServerConfigKeys (ConfUtils.java:logFallback(53)) - raft.server.rpc.first-election.timeout.max = 5200ms (fallback to raft.server.rpc.timeout.max)
2022-11-03 16:01:29,334 [d878db48-ef46-44bf-ac98-cb2daa3cfd80@group-8A4815B43099-LeaderElection24] INFO  impl.LeaderElection (LeaderElection.java:logAndReturn(90)) - d878db48-ef46-44bf-ac98-cb2daa3cfd80@group-8A4815B43099-LeaderElection24: ELECTION REJECTED received 1 response(s) and 0 exception(s):
2022-11-03 16:01:29,334 [d878db48-ef46-44bf-ac98-cb2daa3cfd80@group-8A4815B43099-LeaderElection24] INFO  impl.LeaderElection (LeaderElection.java:logAndReturn(94)) -   Response 0: d878db48-ef46-44bf-ac98-cb2daa3cfd80<-b412bf4c-8645-4ac9-920f-94e6c323f92a#0:FAIL-t2
2022-11-03 16:01:29,334 [d878db48-ef46-44bf-ac98-cb2daa3cfd80@group-8A4815B43099-LeaderElection24] INFO  impl.LeaderElection (LeaderElection.java:askForVotes(314)) - d878db48-ef46-44bf-ac98-cb2daa3cfd80@group-8A4815B43099-LeaderElection24 ELECTION round 0: result REJECTED
2022-11-03 16:01:29,334 [d878db48-ef46-44bf-ac98-cb2daa3cfd80@group-8A4815B43099-LeaderElection24] INFO  server.RaftServer$Division (RaftServerImpl.java:setRole(321)) - d878db48-ef46-44bf-ac98-cb2daa3cfd80@group-8A4815B43099: changes role from CANDIDATE to FOLLOWER at term 2 for REJECTED
2022-11-03 16:01:29,334 [d878db48-ef46-44bf-ac98-cb2daa3cfd80@group-8A4815B43099-LeaderElection24] INFO  impl.RoleInfo (RoleInfo.java:shutdownLeaderElection(130)) - d878db48-ef46-44bf-ac98-cb2daa3cfd80: shutdown d878db48-ef46-44bf-ac98-cb2daa3cfd80@group-8A4815B43099-LeaderElection24
2022-11-03 16:01:29,335 [d878db48-ef46-44bf-ac98-cb2daa3cfd80@group-8A4815B43099-LeaderElection24] INFO  impl.RoleInfo (RoleInfo.java:updateAndGet(139)) - d878db48-ef46-44bf-ac98-cb2daa3cfd80: start d878db48-ef46-44bf-ac98-cb2daa3cfd80@group-8A4815B43099-FollowerState
2022-11-03 16:01:29,348 [d878db48-ef46-44bf-ac98-cb2daa3cfd80@group-8A4815B43099-FollowerState] INFO  server.RaftServerConfigKeys (ConfUtils.java:logFallback(53)) - raft.server.rpc.first-election.timeout.min = 5s (fallback to raft.server.rpc.timeout.min)
2022-11-03 16:01:29,348 [d878db48-ef46-44bf-ac98-cb2daa3cfd80@group-8A4815B43099-FollowerState] INFO  server.RaftServerConfigKeys (ConfUtils.java:logFallback(53)) - raft.server.rpc.first-election.timeout.max = 5200ms (fallback to raft.server.rpc.timeout.max)
2022-11-03 16:01:30,211 [Command processor thread] INFO  keyvalue.KeyValueContainer (KeyValueContainer.java:flushAndSyncDB(437)) - Container 1 is synced with bcsId 0.
2022-11-03 16:01:30,213 [Command processor thread] INFO  keyvalue.KeyValueContainer (KeyValueContainer.java:flushAndSyncDB(437)) - Container 1 is synced with bcsId 0.
2022-11-03 16:01:30,215 [Command processor thread] INFO  keyvalue.KeyValueContainer (KeyValueContainer.java:close(352)) - Container 1 is closed with bcsId 0.
2022-11-03 16:01:30,221 [EventQueue-DeadNodeForDeadNodeHandler] INFO  node.DeadNodeHandler (DeadNodeHandler.java:onMessage(81)) - A dead datanode is detected. 3af182df-8746-4079-a1aa-2aadbfcb2e37{ip: 10.1.1.36, host: fv-az47-358.mma5zatft5wupo5mzspaixdheh.bx.internal.cloudapp.net, ports: [REPLICATION=40563, RATIS=35587, RATIS_ADMIN=35587, RATIS_SERVER=35587, STANDALONE=33707], networkLocation: /default-rack, certSerialId: null, persistedOpState: IN_SERVICE, persistedOpStateExpiryEpochSec: 0}
2022-11-03 16:01:30,224 [EventQueue-DeadNodeForDeadNodeHandler] INFO  pipeline.RatisPipelineProvider (RatisPipelineProvider.java:lambda$close$1(244)) - Send pipeline:PipelineID=f27972fe-4000-4d5a-8cf1-e9b64072809a close command to datanode 3af182df-8746-4079-a1aa-2aadbfcb2e37
2022-11-03 16:01:30,224 [EventQueue-DeadNodeForDeadNodeHandler] INFO  pipeline.RatisPipelineProvider (RatisPipelineProvider.java:lambda$close$1(244)) - Send pipeline:PipelineID=f27972fe-4000-4d5a-8cf1-e9b64072809a close command to datanode 2369a186-4f78-4e7b-885b-53a729611fd8
2022-11-03 16:01:30,224 [EventQueue-DeadNodeForDeadNodeHandler] INFO  pipeline.RatisPipelineProvider (RatisPipelineProvider.java:lambda$close$1(244)) - Send pipeline:PipelineID=f27972fe-4000-4d5a-8cf1-e9b64072809a close command to datanode 6065ee46-1250-4f2d-bd18-fb99db464885
2022-11-03 16:01:30,225 [EventQueue-DeadNodeForDeadNodeHandler] INFO  pipeline.PipelineStateManagerImpl (PipelineStateManagerImpl.java:removePipeline(245)) - Pipeline Pipeline[ Id: f27972fe-4000-4d5a-8cf1-e9b64072809a, Nodes: 3af182df-8746-4079-a1aa-2aadbfcb2e37{ip: 10.1.1.36, host: fv-az47-358.mma5zatft5wupo5mzspaixdheh.bx.internal.cloudapp.net, ports: [REPLICATION=40563, RATIS=35587, RATIS_ADMIN=35587, RATIS_SERVER=35587, STANDALONE=33707], networkLocation: /default-rack, certSerialId: null, persistedOpState: IN_SERVICE, persistedOpStateExpiryEpochSec: 0}2369a186-4f78-4e7b-885b-53a729611fd8{ip: 10.1.1.36, host: fv-az47-358.mma5zatft5wupo5mzspaixdheh.bx.internal.cloudapp.net, ports: [REPLICATION=39183, RATIS=35493, RATIS_ADMIN=35493, RATIS_SERVER=35493, STANDALONE=34169], networkLocation: /default-rack, certSerialId: null, persistedOpState: IN_SERVICE, persistedOpStateExpiryEpochSec: 0}6065ee46-1250-4f2d-bd18-fb99db464885{ip: 10.1.1.36, host: fv-az47-358.mma5zatft5wupo5mzspaixdheh.bx.internal.cloudapp.net, ports: [REPLICATION=33343, RATIS=43193, RATIS_ADMIN=43193, RATIS_SERVER=43193, STANDALONE=44277], networkLocation: /default-rack, certSerialId: null, persistedOpState: IN_SERVICE, persistedOpStateExpiryEpochSec: 0}, ReplicationConfig: RATIS/THREE, State:CLOSED, leaderId:3af182df-8746-4079-a1aa-2aadbfcb2e37, CreationTimestamp2022-11-03T16:01:15.303Z[Etc/UTC]] removed.
2022-11-03 16:01:30,225 [EventQueue-DeadNodeForDeadNodeHandler] INFO  pipeline.RatisPipelineProvider (RatisPipelineProvider.java:lambda$close$1(244)) - Send pipeline:PipelineID=e35255d0-3530-439e-90c0-c23791542c4c close command to datanode 3af182df-8746-4079-a1aa-2aadbfcb2e37
2022-11-03 16:01:30,225 [EventQueue-DeadNodeForDeadNodeHandler] INFO  pipeline.PipelineStateManagerImpl (PipelineStateManagerImpl.java:removePipeline(245)) - Pipeline Pipeline[ Id: e35255d0-3530-439e-90c0-c23791542c4c, Nodes: 3af182df-8746-4079-a1aa-2aadbfcb2e37{ip: 10.1.1.36, host: fv-az47-358.mma5zatft5wupo5mzspaixdheh.bx.internal.cloudapp.net, ports: [REPLICATION=40563, RATIS=35587, RATIS_ADMIN=35587, RATIS_SERVER=35587, STANDALONE=33707], networkLocation: /default-rack, certSerialId: null, persistedOpState: IN_SERVICE, persistedOpStateExpiryEpochSec: 0}, ReplicationConfig: RATIS/ONE, State:CLOSED, leaderId:3af182df-8746-4079-a1aa-2aadbfcb2e37, CreationTimestamp2022-11-03T16:01:14.671Z[Etc/UTC]] removed.
2022-11-03 16:01:30,225 [EventQueue-DeadNodeForDeadNodeHandler] INFO  pipeline.PipelineStateManagerImpl (PipelineStateManagerImpl.java:removePipeline(245)) - Pipeline Pipeline[ Id: 88636a69-b96b-49d1-80ce-e50073fb40e1, Nodes: 3af182df-8746-4079-a1aa-2aadbfcb2e37{ip: 10.1.1.36, host: fv-az47-358.mma5zatft5wupo5mzspaixdheh.bx.internal.cloudapp.net, ports: [REPLICATION=40563, RATIS=35587, RATIS_ADMIN=35587, RATIS_SERVER=35587, STANDALONE=33707], networkLocation: /default-rack, certSerialId: null, persistedOpState: null, persistedOpStateExpiryEpochSec: 0}2369a186-4f78-4e7b-885b-53a729611fd8{ip: 10.1.1.36, host: fv-az47-358.mma5zatft5wupo5mzspaixdheh.bx.internal.cloudapp.net, ports: [REPLICATION=39183, RATIS=35493, RATIS_ADMIN=35493, RATIS_SERVER=35493, STANDALONE=34169], networkLocation: /default-rack, certSerialId: null, persistedOpState: null, persistedOpStateExpiryEpochSec: 0}556da25a-9bc8-419d-83a0-dc1d92c1e895{ip: 10.1.1.36, host: fv-az47-358.mma5zatft5wupo5mzspaixdheh.bx.internal.cloudapp.net, ports: [REPLICATION=36403, RATIS=41941, RATIS_ADMIN=41941, RATIS_SERVER=41941, STANDALONE=44967], networkLocation: /default-rack, certSerialId: null, persistedOpState: null, persistedOpStateExpiryEpochSec: 0}d878db48-ef46-44bf-ac98-cb2daa3cfd80{ip: 10.1.1.36, host: fv-az47-358.mma5zatft5wupo5mzspaixdheh.bx.internal.cloudapp.net, ports: [REPLICATION=44811, RATIS=39321, RATIS_ADMIN=39321, RATIS_SERVER=39321, STANDALONE=40525], networkLocation: /default-rack, certSerialId: null, persistedOpState: null, persistedOpStateExpiryEpochSec: 0}8d7ec919-acd2-4b88-a99a-dd9f5739b33b{ip: 10.1.1.36, host: fv-az47-358.mma5zatft5wupo5mzspaixdheh.bx.internal.cloudapp.net, ports: [REPLICATION=34637, RATIS=45267, RATIS_ADMIN=45267, RATIS_SERVER=45267, STANDALONE=43171], networkLocation: /default-rack, certSerialId: null, persistedOpState: null, persistedOpStateExpiryEpochSec: 0}, ReplicationConfig: EC/ECReplicationConfig{data=3, parity=2, ecChunkSize=1024, codec=rs}, State:CLOSED, leaderId:, CreationTimestamp2022-11-03T16:01:23.610Z[Etc/UTC]] removed.
2022-11-03 16:01:30,225 [EventQueue-DeadNodeForDeadNodeHandler] INFO  pipeline.RatisPipelineProvider (RatisPipelineProvider.java:lambda$close$1(244)) - Send pipeline:PipelineID=2f92345d-93a4-4cdf-8dfe-94a5fe1a6c6f close command to datanode 2369a186-4f78-4e7b-885b-53a729611fd8
2022-11-03 16:01:30,226 [EventQueue-DeadNodeForDeadNodeHandler] INFO  pipeline.RatisPipelineProvider (RatisPipelineProvider.java:lambda$close$1(244)) - Send pipeline:PipelineID=2f92345d-93a4-4cdf-8dfe-94a5fe1a6c6f close command to datanode 3af182df-8746-4079-a1aa-2aadbfcb2e37
2022-11-03 16:01:30,226 [EventQueue-DeadNodeForDeadNodeHandler] INFO  pipeline.RatisPipelineProvider (RatisPipelineProvider.java:lambda$close$1(244)) - Send pipeline:PipelineID=2f92345d-93a4-4cdf-8dfe-94a5fe1a6c6f close command to datanode 6065ee46-1250-4f2d-bd18-fb99db464885
2022-11-03 16:01:30,230 [EventQueue-DeadNodeForDeadNodeHandler] INFO  pipeline.PipelineStateManagerImpl (PipelineStateManagerImpl.java:removePipeline(245)) - Pipeline Pipeline[ Id: 2f92345d-93a4-4cdf-8dfe-94a5fe1a6c6f, Nodes: 2369a186-4f78-4e7b-885b-53a729611fd8{ip: 10.1.1.36, host: fv-az47-358.mma5zatft5wupo5mzspaixdheh.bx.internal.cloudapp.net, ports: [REPLICATION=39183, RATIS=35493, RATIS_ADMIN=35493, RATIS_SERVER=35493, STANDALONE=34169], networkLocation: /default-rack, certSerialId: null, persistedOpState: IN_SERVICE, persistedOpStateExpiryEpochSec: 0}3af182df-8746-4079-a1aa-2aadbfcb2e37{ip: 10.1.1.36, host: fv-az47-358.mma5zatft5wupo5mzspaixdheh.bx.internal.cloudapp.net, ports: [REPLICATION=40563, RATIS=35587, RATIS_ADMIN=35587, RATIS_SERVER=35587, STANDALONE=33707], networkLocation: /default-rack, certSerialId: null, persistedOpState: IN_SERVICE, persistedOpStateExpiryEpochSec: 0}6065ee46-1250-4f2d-bd18-fb99db464885{ip: 10.1.1.36, host: fv-az47-358.mma5zatft5wupo5mzspaixdheh.bx.internal.cloudapp.net, ports: [REPLICATION=33343, RATIS=43193, RATIS_ADMIN=43193, RATIS_SERVER=43193, STANDALONE=44277], networkLocation: /default-rack, certSerialId: null, persistedOpState: IN_SERVICE, persistedOpStateExpiryEpochSec: 0}, ReplicationConfig: RATIS/THREE, State:CLOSED, leaderId:2369a186-4f78-4e7b-885b-53a729611fd8, CreationTimestamp2022-11-03T16:01:15.301Z[Etc/UTC]] removed.
2022-11-03 16:01:30,232 [EventQueue-DeadNodeForDeadNodeHandler] INFO  net.NetworkTopologyImpl (NetworkTopologyImpl.java:remove(190)) - Removed a node: /default-rack/3af182df-8746-4079-a1aa-2aadbfcb2e37
2022-11-03 16:01:30,234 [Listener at 127.0.0.1/45563] INFO  replication.ReplicationManager (ReplicationManager.java:start(239)) - Starting Replication Monitor Thread.
2022-11-03 16:01:30,241 [Under Replicated Processor] INFO  replication.UnderReplicatedProcessor (UnderReplicatedProcessor.java:processAll(92)) - Processed 0 under replicated containers, failed processing 0
2022-11-03 16:01:30,247 [ReplicationMonitor] INFO  replication.ReplicationManager (ReplicationManager.java:sendCloseContainerReplicaCommand(537)) - Sending close container command for container #1 to datanode 556da25a-9bc8-419d-83a0-dc1d92c1e895{ip: 10.1.1.36, host: fv-az47-358.mma5zatft5wupo5mzspaixdheh.bx.internal.cloudapp.net, ports: [REPLICATION=36403, RATIS=41941, RATIS_ADMIN=41941, RATIS_SERVER=41941, STANDALONE=44967], networkLocation: /default-rack, certSerialId: null, persistedOpState: IN_SERVICE, persistedOpStateExpiryEpochSec: 0}.
2022-11-03 16:01:30,248 [ReplicationMonitor] INFO  replication.ReplicationManager (ReplicationManager.java:sendCloseContainerReplicaCommand(537)) - Sending close container command for container #1 to datanode d878db48-ef46-44bf-ac98-cb2daa3cfd80{ip: 10.1.1.36, host: fv-az47-358.mma5zatft5wupo5mzspaixdheh.bx.internal.cloudapp.net, ports: [REPLICATION=44811, RATIS=39321, RATIS_ADMIN=39321, RATIS_SERVER=39321, STANDALONE=40525], networkLocation: /default-rack, certSerialId: null, persistedOpState: IN_SERVICE, persistedOpStateExpiryEpochSec: 0}.
2022-11-03 16:01:30,248 [ReplicationMonitor] INFO  replication.ReplicationManager (ReplicationManager.java:processAll(340)) - Replication Monitor Thread took 2 milliseconds for processing 1 containers.
2022-11-03 16:01:30,248 [Over Replicated Processor] INFO  replication.OverReplicatedProcessor (OverReplicatedProcessor.java:processAll(90)) - Processed 0 over replicated containers, failed processing 0
2022-11-03 16:01:30,262 [Command processor thread] INFO  keyvalue.KeyValueContainer (KeyValueContainer.java:flushAndSyncDB(437)) - Container 1 is synced with bcsId 0.
2022-11-03 16:01:30,262 [Command processor thread] INFO  keyvalue.KeyValueContainer (KeyValueContainer.java:flushAndSyncDB(437)) - Container 1 is synced with bcsId 0.
2022-11-03 16:01:30,266 [Command processor thread] INFO  keyvalue.KeyValueContainer (KeyValueContainer.java:close(352)) - Container 1 is closed with bcsId 0.
2022-11-03 16:01:30,302 [Command processor thread] INFO  keyvalue.KeyValueContainer (KeyValueContainer.java:flushAndSyncDB(437)) - Container 1 is synced with bcsId 0.
2022-11-03 16:01:30,302 [Command processor thread] INFO  keyvalue.KeyValueContainer (KeyValueContainer.java:flushAndSyncDB(437)) - Container 1 is synced with bcsId 0.
2022-11-03 16:01:30,305 [Command processor thread] INFO  keyvalue.KeyValueContainer (KeyValueContainer.java:close(352)) - Container 1 is closed with bcsId 0.
2022-11-03 16:01:30,440 [grpc-default-executor-3] WARN  server.GrpcLogAppender (LogUtils.java:warn(122)) - 2369a186-4f78-4e7b-885b-53a729611fd8@group-94A5FE1A6C6F->3af182df-8746-4079-a1aa-2aadbfcb2e37-AppendLogResponseHandler: Failed appendEntries: org.apache.ratis.thirdparty.io.grpc.StatusRuntimeException: UNAVAILABLE: io exception
2022-11-03 16:01:30,464 [grpc-default-executor-3] WARN  server.GrpcLogAppender (GrpcLogAppender.java:resetClient(131)) - 2369a186-4f78-4e7b-885b-53a729611fd8@group-94A5FE1A6C6F->3af182df-8746-4079-a1aa-2aadbfcb2e37-GrpcLogAppender: Leader has not got in touch with Follower 2369a186-4f78-4e7b-885b-53a729611fd8@group-94A5FE1A6C6F->3af182df-8746-4079-a1aa-2aadbfcb2e37(c-1,m0,n1, attendVote=true, lastRpcSendTime=23, lastRpcResponseTime=7751) yet, just keep nextIndex unchanged and retry.
2022-11-03 16:01:30,464 [grpc-default-executor-0] WARN  server.GrpcLogAppender (LogUtils.java:warn(122)) - 2369a186-4f78-4e7b-885b-53a729611fd8@group-94A5FE1A6C6F->3af182df-8746-4079-a1aa-2aadbfcb2e37-AppendLogResponseHandler: Failed appendEntries: org.apache.ratis.thirdparty.io.grpc.StatusRuntimeException: UNAVAILABLE: io exception
2022-11-03 16:01:30,464 [grpc-default-executor-0] WARN  server.GrpcLogAppender (GrpcLogAppender.java:resetClient(131)) - 2369a186-4f78-4e7b-885b-53a729611fd8@group-94A5FE1A6C6F->3af182df-8746-4079-a1aa-2aadbfcb2e37-GrpcLogAppender: Leader has not got in touch with Follower 2369a186-4f78-4e7b-885b-53a729611fd8@group-94A5FE1A6C6F->3af182df-8746-4079-a1aa-2aadbfcb2e37(c-1,m0,n1, attendVote=true, lastRpcSendTime=23, lastRpcResponseTime=7752) yet, just keep nextIndex unchanged and retry.
2022-11-03 16:01:31,313 [Command processor thread] INFO  server.RaftServer (RaftServerProxy.java:remove(107)) - 6065ee46-1250-4f2d-bd18-fb99db464885: remove  FOLLOWER 6065ee46-1250-4f2d-bd18-fb99db464885@group-E9B64072809A:t1, leader=3af182df-8746-4079-a1aa-2aadbfcb2e37, voted=3af182df-8746-4079-a1aa-2aadbfcb2e37, raftlog=Memoized:6065ee46-1250-4f2d-bd18-fb99db464885@group-E9B64072809A-SegmentedRaftLog:OPENED:c0, conf=0: peers:[6065ee46-1250-4f2d-bd18-fb99db464885|rpc:10.1.1.36:43193|dataStream:|priority:0|startupRole:FOLLOWER, 2369a186-4f78-4e7b-885b-53a729611fd8|rpc:10.1.1.36:35493|dataStream:|priority:0|startupRole:FOLLOWER, 3af182df-8746-4079-a1aa-2aadbfcb2e37|rpc:10.1.1.36:35587|dataStream:|priority:1|startupRole:FOLLOWER]|listeners:[], old=null RUNNING
2022-11-03 16:01:31,314 [Command processor thread] INFO  server.RaftServer$Division (RaftServerImpl.java:lambda$close$4(458)) - 6065ee46-1250-4f2d-bd18-fb99db464885@group-E9B64072809A: shutdown
2022-11-03 16:01:31,314 [Command processor thread] INFO  util.JmxRegister (JmxRegister.java:unregister(73)) - Successfully un-registered JMX Bean with object name Ratis:service=RaftServer,group=group-E9B64072809A,id=6065ee46-1250-4f2d-bd18-fb99db464885
2022-11-03 16:01:31,314 [Command processor thread] INFO  impl.RoleInfo (RoleInfo.java:shutdownFollowerState(110)) - 6065ee46-1250-4f2d-bd18-fb99db464885: shutdown 6065ee46-1250-4f2d-bd18-fb99db464885@group-E9B64072809A-FollowerState
2022-11-03 16:01:31,316 [6065ee46-1250-4f2d-bd18-fb99db464885@group-E9B64072809A-FollowerState] INFO  impl.FollowerState (FollowerState.java:run(152)) - 6065ee46-1250-4f2d-bd18-fb99db464885@group-E9B64072809A-FollowerState was interrupted
2022-11-03 16:01:31,317 [Command processor thread] INFO  impl.StateMachineUpdater (StateMachineUpdater.java:stopAndJoin(153)) - 6065ee46-1250-4f2d-bd18-fb99db464885@group-E9B64072809A-StateMachineUpdater: set stopIndex = 0
2022-11-03 16:01:31,317 [6065ee46-1250-4f2d-bd18-fb99db464885@group-E9B64072809A-StateMachineUpdater] INFO  ratis.ContainerStateMachine (ContainerStateMachine.java:takeSnapshot(304)) - group-E9B64072809A: Taking a snapshot at:(t:1, i:0) file /home/runner/work/ozone/ozone/hadoop-ozone/integration-test/target/test-dir/MiniOzoneClusterImpl-84bf62e0-a170-4695-9dd9-8848938f690d/datanode-5/data/ratis/f27972fe-4000-4d5a-8cf1-e9b64072809a/sm/snapshot.1_0
2022-11-03 16:01:31,318 [6065ee46-1250-4f2d-bd18-fb99db464885@group-E9B64072809A-StateMachineUpdater] INFO  ratis.ContainerStateMachine (ContainerStateMachine.java:takeSnapshot(315)) - group-E9B64072809A: Finished taking a snapshot at:(t:1, i:0) file:/home/runner/work/ozone/ozone/hadoop-ozone/integration-test/target/test-dir/MiniOzoneClusterImpl-84bf62e0-a170-4695-9dd9-8848938f690d/datanode-5/data/ratis/f27972fe-4000-4d5a-8cf1-e9b64072809a/sm/snapshot.1_0 took: 1 ms
2022-11-03 16:01:31,318 [6065ee46-1250-4f2d-bd18-fb99db464885@group-E9B64072809A-StateMachineUpdater] INFO  impl.StateMachineUpdater (StateMachineUpdater.java:takeSnapshot(287)) - 6065ee46-1250-4f2d-bd18-fb99db464885@group-E9B64072809A-StateMachineUpdater: Took a snapshot at index 0
2022-11-03 16:01:31,318 [6065ee46-1250-4f2d-bd18-fb99db464885@group-E9B64072809A-StateMachineUpdater] INFO  impl.StateMachineUpdater (StateMachineUpdater.java:lambda$new$0(92)) - 6065ee46-1250-4f2d-bd18-fb99db464885@group-E9B64072809A-StateMachineUpdater: snapshotIndex: updateIncreasingly -1 -> 0
2022-11-03 16:01:31,319 [Command processor thread] INFO  server.RaftServer$Division (ServerState.java:close(466)) - 6065ee46-1250-4f2d-bd18-fb99db464885@group-E9B64072809A: closes. applyIndex: 0
2022-11-03 16:01:31,319 [6065ee46-1250-4f2d-bd18-fb99db464885@group-E9B64072809A-SegmentedRaftLogWorker] INFO  segmented.SegmentedRaftLogWorker (SegmentedRaftLogWorker.java:run(345)) - 6065ee46-1250-4f2d-bd18-fb99db464885@group-E9B64072809A-SegmentedRaftLogWorker was interrupted, exiting. There are 0 tasks remaining in the queue.
2022-11-03 16:01:31,326 [Command processor thread] INFO  segmented.SegmentedRaftLogWorker (SegmentedRaftLogWorker.java:close(255)) - 6065ee46-1250-4f2d-bd18-fb99db464885@group-E9B64072809A-SegmentedRaftLogWorker close()
2022-11-03 16:01:31,332 [Command processor thread] INFO  server.RaftServer$Division (RaftServerImpl.java:groupRemove(428)) - 6065ee46-1250-4f2d-bd18-fb99db464885@group-E9B64072809A: Succeed to remove RaftStorageDirectory Storage Directory /home/runner/work/ozone/ozone/hadoop-ozone/integration-test/target/test-dir/MiniOzoneClusterImpl-84bf62e0-a170-4695-9dd9-8848938f690d/datanode-5/data/ratis/f27972fe-4000-4d5a-8cf1-e9b64072809a
2022-11-03 16:01:31,332 [Command processor thread] INFO  commandhandler.ClosePipelineCommandHandler (ClosePipelineCommandHandler.java:handle(78)) - Close Pipeline PipelineID=f27972fe-4000-4d5a-8cf1-e9b64072809a command on datanode 6065ee46-1250-4f2d-bd18-fb99db464885.
2022-11-03 16:01:31,333 [Command processor thread] INFO  server.RaftServer (RaftServerProxy.java:remove(107)) - 6065ee46-1250-4f2d-bd18-fb99db464885: remove  FOLLOWER 6065ee46-1250-4f2d-bd18-fb99db464885@group-94A5FE1A6C6F:t2, leader=2369a186-4f78-4e7b-885b-53a729611fd8, voted=2369a186-4f78-4e7b-885b-53a729611fd8, raftlog=Memoized:6065ee46-1250-4f2d-bd18-fb99db464885@group-94A5FE1A6C6F-SegmentedRaftLog:OPENED:c0, conf=0: peers:[6065ee46-1250-4f2d-bd18-fb99db464885|rpc:10.1.1.36:43193|dataStream:|priority:0|startupRole:FOLLOWER, 2369a186-4f78-4e7b-885b-53a729611fd8|rpc:10.1.1.36:35493|dataStream:|priority:1|startupRole:FOLLOWER, 3af182df-8746-4079-a1aa-2aadbfcb2e37|rpc:10.1.1.36:35587|dataStream:|priority:0|startupRole:FOLLOWER]|listeners:[], old=null RUNNING
2022-11-03 16:01:31,333 [Command processor thread] INFO  server.RaftServer$Division (RaftServerImpl.java:lambda$close$4(458)) - 6065ee46-1250-4f2d-bd18-fb99db464885@group-94A5FE1A6C6F: shutdown
2022-11-03 16:01:31,333 [Command processor thread] INFO  util.JmxRegister (JmxRegister.java:unregister(73)) - Successfully un-registered JMX Bean with object name Ratis:service=RaftServer,group=group-94A5FE1A6C6F,id=6065ee46-1250-4f2d-bd18-fb99db464885
2022-11-03 16:01:31,333 [Command processor thread] INFO  impl.RoleInfo (RoleInfo.java:shutdownFollowerState(110)) - 6065ee46-1250-4f2d-bd18-fb99db464885: shutdown 6065ee46-1250-4f2d-bd18-fb99db464885@group-94A5FE1A6C6F-FollowerState
2022-11-03 16:01:31,333 [6065ee46-1250-4f2d-bd18-fb99db464885@group-94A5FE1A6C6F-FollowerState] INFO  impl.FollowerState (FollowerState.java:run(152)) - 6065ee46-1250-4f2d-bd18-fb99db464885@group-94A5FE1A6C6F-FollowerState was interrupted
2022-11-03 16:01:31,333 [Command processor thread] INFO  impl.StateMachineUpdater (StateMachineUpdater.java:stopAndJoin(153)) - 6065ee46-1250-4f2d-bd18-fb99db464885@group-94A5FE1A6C6F-StateMachineUpdater: set stopIndex = 0
2022-11-03 16:01:31,334 [6065ee46-1250-4f2d-bd18-fb99db464885@group-94A5FE1A6C6F-StateMachineUpdater] INFO  ratis.ContainerStateMachine (ContainerStateMachine.java:takeSnapshot(304)) - group-94A5FE1A6C6F: Taking a snapshot at:(t:2, i:0) file /home/runner/work/ozone/ozone/hadoop-ozone/integration-test/target/test-dir/MiniOzoneClusterImpl-84bf62e0-a170-4695-9dd9-8848938f690d/datanode-5/data/ratis/2f92345d-93a4-4cdf-8dfe-94a5fe1a6c6f/sm/snapshot.2_0
2022-11-03 16:01:31,335 [6065ee46-1250-4f2d-bd18-fb99db464885@group-94A5FE1A6C6F-StateMachineUpdater] INFO  ratis.ContainerStateMachine (ContainerStateMachine.java:takeSnapshot(315)) - group-94A5FE1A6C6F: Finished taking a snapshot at:(t:2, i:0) file:/home/runner/work/ozone/ozone/hadoop-ozone/integration-test/target/test-dir/MiniOzoneClusterImpl-84bf62e0-a170-4695-9dd9-8848938f690d/datanode-5/data/ratis/2f92345d-93a4-4cdf-8dfe-94a5fe1a6c6f/sm/snapshot.2_0 took: 1 ms
2022-11-03 16:01:31,335 [6065ee46-1250-4f2d-bd18-fb99db464885@group-94A5FE1A6C6F-StateMachineUpdater] INFO  impl.StateMachineUpdater (StateMachineUpdater.java:takeSnapshot(287)) - 6065ee46-1250-4f2d-bd18-fb99db464885@group-94A5FE1A6C6F-StateMachineUpdater: Took a snapshot at index 0
2022-11-03 16:01:31,335 [6065ee46-1250-4f2d-bd18-fb99db464885@group-94A5FE1A6C6F-StateMachineUpdater] INFO  impl.StateMachineUpdater (StateMachineUpdater.java:lambda$new$0(92)) - 6065ee46-1250-4f2d-bd18-fb99db464885@group-94A5FE1A6C6F-StateMachineUpdater: snapshotIndex: updateIncreasingly -1 -> 0
2022-11-03 16:01:31,336 [Command processor thread] INFO  server.RaftServer$Division (ServerState.java:close(466)) - 6065ee46-1250-4f2d-bd18-fb99db464885@group-94A5FE1A6C6F: closes. applyIndex: 0
2022-11-03 16:01:31,336 [6065ee46-1250-4f2d-bd18-fb99db464885@group-94A5FE1A6C6F-SegmentedRaftLogWorker] INFO  segmented.SegmentedRaftLogWorker (SegmentedRaftLogWorker.java:run(345)) - 6065ee46-1250-4f2d-bd18-fb99db464885@group-94A5FE1A6C6F-SegmentedRaftLogWorker was interrupted, exiting. There are 0 tasks remaining in the queue.
2022-11-03 16:01:31,337 [Command processor thread] INFO  segmented.SegmentedRaftLogWorker (SegmentedRaftLogWorker.java:close(255)) - 6065ee46-1250-4f2d-bd18-fb99db464885@group-94A5FE1A6C6F-SegmentedRaftLogWorker close()
2022-11-03 16:01:31,344 [Command processor thread] INFO  server.RaftServer$Division (RaftServerImpl.java:groupRemove(428)) - 6065ee46-1250-4f2d-bd18-fb99db464885@group-94A5FE1A6C6F: Succeed to remove RaftStorageDirectory Storage Directory /home/runner/work/ozone/ozone/hadoop-ozone/integration-test/target/test-dir/MiniOzoneClusterImpl-84bf62e0-a170-4695-9dd9-8848938f690d/datanode-5/data/ratis/2f92345d-93a4-4cdf-8dfe-94a5fe1a6c6f
2022-11-03 16:01:31,344 [Command processor thread] INFO  commandhandler.ClosePipelineCommandHandler (ClosePipelineCommandHandler.java:handle(78)) - Close Pipeline PipelineID=2f92345d-93a4-4cdf-8dfe-94a5fe1a6c6f command on datanode 6065ee46-1250-4f2d-bd18-fb99db464885.
2022-11-03 16:01:31,691 [grpc-default-executor-0] WARN  server.GrpcLogAppender (LogUtils.java:warn(122)) - 2369a186-4f78-4e7b-885b-53a729611fd8@group-94A5FE1A6C6F->3af182df-8746-4079-a1aa-2aadbfcb2e37-AppendLogResponseHandler: Failed appendEntries: org.apache.ratis.thirdparty.io.grpc.StatusRuntimeException: UNAVAILABLE: io exception
2022-11-03 16:01:31,691 [grpc-default-executor-3] WARN  server.GrpcLogAppender (LogUtils.java:warn(122)) - 2369a186-4f78-4e7b-885b-53a729611fd8@group-94A5FE1A6C6F->3af182df-8746-4079-a1aa-2aadbfcb2e37-AppendLogResponseHandler: Failed appendEntries: org.apache.ratis.thirdparty.io.grpc.StatusRuntimeException: UNAVAILABLE: io exception
2022-11-03 16:01:31,692 [grpc-default-executor-0] WARN  server.GrpcLogAppender (GrpcLogAppender.java:resetClient(131)) - 2369a186-4f78-4e7b-885b-53a729611fd8@group-94A5FE1A6C6F->3af182df-8746-4079-a1aa-2aadbfcb2e37-GrpcLogAppender: Leader has not got in touch with Follower 2369a186-4f78-4e7b-885b-53a729611fd8@group-94A5FE1A6C6F->3af182df-8746-4079-a1aa-2aadbfcb2e37(c-1,m0,n1, attendVote=true, lastRpcSendTime=0, lastRpcResponseTime=8980) yet, just keep nextIndex unchanged and retry.
2022-11-03 16:01:31,693 [grpc-default-executor-3] WARN  server.GrpcLogAppender (GrpcLogAppender.java:resetClient(131)) - 2369a186-4f78-4e7b-885b-53a729611fd8@group-94A5FE1A6C6F->3af182df-8746-4079-a1aa-2aadbfcb2e37-GrpcLogAppender: Leader has not got in touch with Follower 2369a186-4f78-4e7b-885b-53a729611fd8@group-94A5FE1A6C6F->3af182df-8746-4079-a1aa-2aadbfcb2e37(c-1,m0,n1, attendVote=true, lastRpcSendTime=2, lastRpcResponseTime=8981) yet, just keep nextIndex unchanged and retry.
2022-11-03 16:01:31,829 [b2efe8a5-99bb-41e7-9296-f49000549216@group-16B0CCAD8931-FollowerState] INFO  impl.FollowerState (FollowerState.java:run(143)) - b2efe8a5-99bb-41e7-9296-f49000549216@group-16B0CCAD8931-FollowerState: change to CANDIDATE, lastRpcElapsedTime:5060540577ns, electionTimeout:5057ms
2022-11-03 16:01:31,829 [b2efe8a5-99bb-41e7-9296-f49000549216@group-16B0CCAD8931-FollowerState] INFO  impl.RoleInfo (RoleInfo.java:shutdownFollowerState(110)) - b2efe8a5-99bb-41e7-9296-f49000549216: shutdown b2efe8a5-99bb-41e7-9296-f49000549216@group-16B0CCAD8931-FollowerState
2022-11-03 16:01:31,829 [b2efe8a5-99bb-41e7-9296-f49000549216@group-16B0CCAD8931-FollowerState] INFO  server.RaftServer$Division (RaftServerImpl.java:setRole(321)) - b2efe8a5-99bb-41e7-9296-f49000549216@group-16B0CCAD8931: changes role from  FOLLOWER to CANDIDATE at term 2 for changeToCandidate
2022-11-03 16:01:31,829 [b2efe8a5-99bb-41e7-9296-f49000549216@group-16B0CCAD8931-FollowerState] INFO  server.RaftServerConfigKeys (ConfUtils.java:logGet(46)) - raft.server.leaderelection.pre-vote = false (custom)
2022-11-03 16:01:31,829 [b2efe8a5-99bb-41e7-9296-f49000549216@group-16B0CCAD8931-FollowerState] INFO  impl.RoleInfo (RoleInfo.java:updateAndGet(139)) - b2efe8a5-99bb-41e7-9296-f49000549216: start b2efe8a5-99bb-41e7-9296-f49000549216@group-16B0CCAD8931-LeaderElection26
2022-11-03 16:01:31,831 [556da25a-9bc8-419d-83a0-dc1d92c1e895@group-16B0CCAD8931-FollowerState] INFO  impl.FollowerState (FollowerState.java:run(143)) - 556da25a-9bc8-419d-83a0-dc1d92c1e895@group-16B0CCAD8931-FollowerState: change to CANDIDATE, lastRpcElapsedTime:5061462192ns, electionTimeout:5056ms
2022-11-03 16:01:31,831 [556da25a-9bc8-419d-83a0-dc1d92c1e895@group-16B0CCAD8931-FollowerState] INFO  impl.RoleInfo (RoleInfo.java:shutdownFollowerState(110)) - 556da25a-9bc8-419d-83a0-dc1d92c1e895: shutdown 556da25a-9bc8-419d-83a0-dc1d92c1e895@group-16B0CCAD8931-FollowerState
2022-11-03 16:01:31,831 [556da25a-9bc8-419d-83a0-dc1d92c1e895@group-16B0CCAD8931-FollowerState] INFO  server.RaftServer$Division (RaftServerImpl.java:setRole(321)) - 556da25a-9bc8-419d-83a0-dc1d92c1e895@group-16B0CCAD8931: changes role from  FOLLOWER to CANDIDATE at term 2 for changeToCandidate
2022-11-03 16:01:31,831 [556da25a-9bc8-419d-83a0-dc1d92c1e895@group-16B0CCAD8931-FollowerState] INFO  server.RaftServerConfigKeys (ConfUtils.java:logGet(46)) - raft.server.leaderelection.pre-vote = false (custom)
2022-11-03 16:01:31,831 [556da25a-9bc8-419d-83a0-dc1d92c1e895@group-16B0CCAD8931-FollowerState] INFO  impl.RoleInfo (RoleInfo.java:updateAndGet(139)) - 556da25a-9bc8-419d-83a0-dc1d92c1e895: start 556da25a-9bc8-419d-83a0-dc1d92c1e895@group-16B0CCAD8931-LeaderElection27
2022-11-03 16:01:31,835 [b2efe8a5-99bb-41e7-9296-f49000549216@group-16B0CCAD8931-LeaderElection26] INFO  impl.LeaderElection (LeaderElection.java:askForVotes(312)) - b2efe8a5-99bb-41e7-9296-f49000549216@group-16B0CCAD8931-LeaderElection26 ELECTION round 0: submit vote requests at term 3 for -1: peers:[8d7ec919-acd2-4b88-a99a-dd9f5739b33b|rpc:10.1.1.36:45267|dataStream:|priority:0|startupRole:FOLLOWER, b2efe8a5-99bb-41e7-9296-f49000549216|rpc:10.1.1.36:39397|dataStream:|priority:1|startupRole:FOLLOWER, 556da25a-9bc8-419d-83a0-dc1d92c1e895|rpc:10.1.1.36:41941|dataStream:|priority:0|startupRole:FOLLOWER]|listeners:[], old=null
2022-11-03 16:01:31,835 [b2efe8a5-99bb-41e7-9296-f49000549216@group-16B0CCAD8931-LeaderElection26-1] INFO  server.GrpcServerProtocolClient (GrpcServerProtocolClient.java:<init>(63)) - Build channel for 8d7ec919-acd2-4b88-a99a-dd9f5739b33b
2022-11-03 16:01:31,845 [grpc-default-executor-3] INFO  server.RaftServer$Division (RaftServerImpl.java:requestVote(1218)) - 8d7ec919-acd2-4b88-a99a-dd9f5739b33b@group-16B0CCAD8931: receive requestVote(ELECTION, b2efe8a5-99bb-41e7-9296-f49000549216, group-16B0CCAD8931, 3, (t:0, i:0))
2022-11-03 16:01:31,845 [grpc-default-executor-3] INFO  impl.VoteContext (VoteContext.java:log(48)) - 8d7ec919-acd2-4b88-a99a-dd9f5739b33b@group-16B0CCAD8931-FOLLOWER: accept ELECTION from b2efe8a5-99bb-41e7-9296-f49000549216: our priority 0 <= candidate's priority 1
2022-11-03 16:01:31,846 [grpc-default-executor-3] INFO  server.RaftServer$Division (RaftServerImpl.java:setRole(321)) - 8d7ec919-acd2-4b88-a99a-dd9f5739b33b@group-16B0CCAD8931: changes role from  FOLLOWER to FOLLOWER at term 3 for candidate:b2efe8a5-99bb-41e7-9296-f49000549216
2022-11-03 16:01:31,846 [grpc-default-executor-3] INFO  impl.RoleInfo (RoleInfo.java:shutdownFollowerState(110)) - 8d7ec919-acd2-4b88-a99a-dd9f5739b33b: shutdown 8d7ec919-acd2-4b88-a99a-dd9f5739b33b@group-16B0CCAD8931-FollowerState
2022-11-03 16:01:31,847 [b2efe8a5-99bb-41e7-9296-f49000549216@group-16B0CCAD8931-LeaderElection26] INFO  server.RaftServerConfigKeys (ConfUtils.java:logFallback(53)) - raft.server.rpc.first-election.timeout.min = 5s (fallback to raft.server.rpc.timeout.min)
2022-11-03 16:01:31,847 [b2efe8a5-99bb-41e7-9296-f49000549216@group-16B0CCAD8931-LeaderElection26] INFO  server.RaftServerConfigKeys (ConfUtils.java:logFallback(53)) - raft.server.rpc.first-election.timeout.max = 5200ms (fallback to raft.server.rpc.timeout.max)
2022-11-03 16:01:31,848 [8d7ec919-acd2-4b88-a99a-dd9f5739b33b@group-16B0CCAD8931-FollowerState] INFO  impl.FollowerState (FollowerState.java:run(152)) - 8d7ec919-acd2-4b88-a99a-dd9f5739b33b@group-16B0CCAD8931-FollowerState was interrupted
2022-11-03 16:01:31,848 [grpc-default-executor-3] INFO  impl.RoleInfo (RoleInfo.java:updateAndGet(139)) - 8d7ec919-acd2-4b88-a99a-dd9f5739b33b: start 8d7ec919-acd2-4b88-a99a-dd9f5739b33b@group-16B0CCAD8931-FollowerState
2022-11-03 16:01:31,857 [b2efe8a5-99bb-41e7-9296-f49000549216@group-16B0CCAD8931-LeaderElection26-2] INFO  server.GrpcServerProtocolClient (GrpcServerProtocolClient.java:<init>(63)) - Build channel for 556da25a-9bc8-419d-83a0-dc1d92c1e895
2022-11-03 16:01:31,861 [556da25a-9bc8-419d-83a0-dc1d92c1e895@group-16B0CCAD8931-LeaderElection27] INFO  impl.LeaderElection (LeaderElection.java:askForVotes(312)) - 556da25a-9bc8-419d-83a0-dc1d92c1e895@group-16B0CCAD8931-LeaderElection27 ELECTION round 0: submit vote requests at term 3 for -1: peers:[8d7ec919-acd2-4b88-a99a-dd9f5739b33b|rpc:10.1.1.36:45267|priority:0|startupRole:FOLLOWER, b2efe8a5-99bb-41e7-9296-f49000549216|rpc:10.1.1.36:39397|priority:1|startupRole:FOLLOWER, 556da25a-9bc8-419d-83a0-dc1d92c1e895|rpc:10.1.1.36:41941|priority:0|startupRole:FOLLOWER]|listeners:[], old=null
2022-11-03 16:01:31,861 [8d7ec919-acd2-4b88-a99a-dd9f5739b33b@group-16B0CCAD8931-FollowerState] INFO  server.RaftServerConfigKeys (ConfUtils.java:logFallback(53)) - raft.server.rpc.first-election.timeout.min = 5s (fallback to raft.server.rpc.timeout.min)
2022-11-03 16:01:31,861 [8d7ec919-acd2-4b88-a99a-dd9f5739b33b@group-16B0CCAD8931-FollowerState] INFO  server.RaftServerConfigKeys (ConfUtils.java:logFallback(53)) - raft.server.rpc.first-election.timeout.max = 5200ms (fallback to raft.server.rpc.timeout.max)
2022-11-03 16:01:31,862 [grpc-default-executor-3] INFO  server.RaftServer$Division (RaftServerImpl.java:requestVote(1251)) - 8d7ec919-acd2-4b88-a99a-dd9f5739b33b@group-16B0CCAD8931 replies to ELECTION vote request: b2efe8a5-99bb-41e7-9296-f49000549216<-8d7ec919-acd2-4b88-a99a-dd9f5739b33b#0:OK-t3. Peer's state: 8d7ec919-acd2-4b88-a99a-dd9f5739b33b@group-16B0CCAD8931:t3, leader=null, voted=b2efe8a5-99bb-41e7-9296-f49000549216, raftlog=Memoized:8d7ec919-acd2-4b88-a99a-dd9f5739b33b@group-16B0CCAD8931-SegmentedRaftLog:OPENED:c-1, conf=-1: peers:[8d7ec919-acd2-4b88-a99a-dd9f5739b33b|rpc:10.1.1.36:45267|priority:0|startupRole:FOLLOWER, b2efe8a5-99bb-41e7-9296-f49000549216|rpc:10.1.1.36:39397|priority:1|startupRole:FOLLOWER, 556da25a-9bc8-419d-83a0-dc1d92c1e895|rpc:10.1.1.36:41941|priority:0|startupRole:FOLLOWER]|listeners:[], old=null
2022-11-03 16:01:31,865 [556da25a-9bc8-419d-83a0-dc1d92c1e895@group-16B0CCAD8931-LeaderElection27-1] INFO  server.GrpcServerProtocolClient (GrpcServerProtocolClient.java:<init>(63)) - Build channel for 8d7ec919-acd2-4b88-a99a-dd9f5739b33b
2022-11-03 16:01:31,872 [556da25a-9bc8-419d-83a0-dc1d92c1e895@group-16B0CCAD8931-LeaderElection27] INFO  server.RaftServerConfigKeys (ConfUtils.java:logFallback(53)) - raft.server.rpc.first-election.timeout.min = 5s (fallback to raft.server.rpc.timeout.min)
2022-11-03 16:01:31,872 [556da25a-9bc8-419d-83a0-dc1d92c1e895@group-16B0CCAD8931-LeaderElection27] INFO  server.RaftServerConfigKeys (ConfUtils.java:logFallback(53)) - raft.server.rpc.first-election.timeout.max = 5200ms (fallback to raft.server.rpc.timeout.max)
2022-11-03 16:01:31,872 [556da25a-9bc8-419d-83a0-dc1d92c1e895@group-16B0CCAD8931-LeaderElection27-2] INFO  server.GrpcServerProtocolClient (GrpcServerProtocolClient.java:<init>(63)) - Build channel for b2efe8a5-99bb-41e7-9296-f49000549216
2022-11-03 16:01:31,873 [b2efe8a5-99bb-41e7-9296-f49000549216@group-16B0CCAD8931-LeaderElection26] INFO  impl.LeaderElection (LeaderElection.java:logAndReturn(90)) - b2efe8a5-99bb-41e7-9296-f49000549216@group-16B0CCAD8931-LeaderElection26: ELECTION PASSED received 1 response(s) and 0 exception(s):
2022-11-03 16:01:31,873 [b2efe8a5-99bb-41e7-9296-f49000549216@group-16B0CCAD8931-LeaderElection26] INFO  impl.LeaderElection (LeaderElection.java:logAndReturn(94)) -   Response 0: b2efe8a5-99bb-41e7-9296-f49000549216<-8d7ec919-acd2-4b88-a99a-dd9f5739b33b#0:OK-t3
2022-11-03 16:01:31,873 [b2efe8a5-99bb-41e7-9296-f49000549216@group-16B0CCAD8931-LeaderElection26] INFO  impl.LeaderElection (LeaderElection.java:askForVotes(314)) - b2efe8a5-99bb-41e7-9296-f49000549216@group-16B0CCAD8931-LeaderElection26 ELECTION round 0: result PASSED
2022-11-03 16:01:31,873 [b2efe8a5-99bb-41e7-9296-f49000549216@group-16B0CCAD8931-LeaderElection26] INFO  impl.RoleInfo (RoleInfo.java:shutdownLeaderElection(130)) - b2efe8a5-99bb-41e7-9296-f49000549216: shutdown b2efe8a5-99bb-41e7-9296-f49000549216@group-16B0CCAD8931-LeaderElection26
2022-11-03 16:01:31,873 [b2efe8a5-99bb-41e7-9296-f49000549216@group-16B0CCAD8931-LeaderElection26] INFO  server.RaftServer$Division (RaftServerImpl.java:setRole(321)) - b2efe8a5-99bb-41e7-9296-f49000549216@group-16B0CCAD8931: changes role from CANDIDATE to LEADER at term 3 for changeToLeader
2022-11-03 16:01:31,873 [b2efe8a5-99bb-41e7-9296-f49000549216@group-16B0CCAD8931-LeaderElection26] INFO  ratis.XceiverServerRatis (XceiverServerRatis.java:handleLeaderChangedNotification(863)) - Leader change notification received for group: group-16B0CCAD8931 with new leaderId: b2efe8a5-99bb-41e7-9296-f49000549216
2022-11-03 16:01:31,874 [b2efe8a5-99bb-41e7-9296-f49000549216@group-16B0CCAD8931-LeaderElection26] INFO  server.RaftServer$Division (ServerState.java:setLeader(313)) - b2efe8a5-99bb-41e7-9296-f49000549216@group-16B0CCAD8931: change Leader from null to b2efe8a5-99bb-41e7-9296-f49000549216 at term 3 for becomeLeader, leader elected after 14684ms
2022-11-03 16:01:31,874 [b2efe8a5-99bb-41e7-9296-f49000549216@group-16B0CCAD8931-LeaderElection26] INFO  server.RaftServerConfigKeys (ConfUtils.java:logGet(46)) - raft.server.staging.catchup.gap = 1000 (default)
2022-11-03 16:01:31,874 [b2efe8a5-99bb-41e7-9296-f49000549216@group-16B0CCAD8931-LeaderElection26] INFO  server.RaftServerConfigKeys (ConfUtils.java:logGet(46)) - raft.server.write.element-limit = 1024 (custom)
2022-11-03 16:01:31,874 [b2efe8a5-99bb-41e7-9296-f49000549216@group-16B0CCAD8931-LeaderElection26] INFO  server.RaftServerConfigKeys (ConfUtils.java:logGet(46)) - raft.server.write.byte-limit = 1024 M (=1073741824) (custom)
2022-11-03 16:01:31,874 [b2efe8a5-99bb-41e7-9296-f49000549216@group-16B0CCAD8931-LeaderElection26] INFO  server.RaftServerConfigKeys (ConfUtils.java:logGet(46)) - raft.server.watch.timeout = 180s (custom)
2022-11-03 16:01:31,874 [b2efe8a5-99bb-41e7-9296-f49000549216@group-16B0CCAD8931-LeaderElection26] INFO  server.RaftServerConfigKeys (ConfUtils.java:logGet(46)) - raft.server.watch.timeout.denomination = 1s (default)
2022-11-03 16:01:31,874 [b2efe8a5-99bb-41e7-9296-f49000549216@group-16B0CCAD8931-LeaderElection26] INFO  server.RaftServerConfigKeys (ConfUtils.java:logGet(46)) - raft.server.watch.element-limit = 65536 (default)
2022-11-03 16:01:31,874 [b2efe8a5-99bb-41e7-9296-f49000549216@group-16B0CCAD8931-LeaderElection26] INFO  server.RaftServerConfigKeys (ConfUtils.java:logGet(46)) - raft.server.write.element-limit = 1024 (custom)
2022-11-03 16:01:31,874 [b2efe8a5-99bb-41e7-9296-f49000549216@group-16B0CCAD8931-LeaderElection26] INFO  server.RaftServerConfigKeys (ConfUtils.java:logGet(46)) - raft.server.write.follower.gap.ratio.max = -1.0 (default)
2022-11-03 16:01:31,875 [b2efe8a5-99bb-41e7-9296-f49000549216@group-16B0CCAD8931-LeaderElection26] INFO  server.RaftServerConfigKeys (ConfUtils.java:logGet(46)) - raft.server.log.appender.snapshot.chunk.size.max = 16MB (=16777216) (default)
2022-11-03 16:01:31,875 [b2efe8a5-99bb-41e7-9296-f49000549216@group-16B0CCAD8931-LeaderElection26] INFO  server.RaftServerConfigKeys (ConfUtils.java:logGet(46)) - raft.server.log.appender.buffer.byte-limit = 33554432 (custom)
2022-11-03 16:01:31,875 [b2efe8a5-99bb-41e7-9296-f49000549216@group-16B0CCAD8931-LeaderElection26] INFO  server.RaftServerConfigKeys (ConfUtils.java:logGet(46)) - raft.server.log.appender.buffer.element-limit = 1 (custom)
2022-11-03 16:01:31,875 [b2efe8a5-99bb-41e7-9296-f49000549216@group-16B0CCAD8931-LeaderElection26] INFO  grpc.GrpcConfigKeys (ConfUtils.java:logGet(46)) - raft.grpc.server.leader.outstanding.appends.max = 128 (default)
2022-11-03 16:01:31,875 [b2efe8a5-99bb-41e7-9296-f49000549216@group-16B0CCAD8931-LeaderElection26] INFO  server.RaftServerConfigKeys (ConfUtils.java:logGet(46)) - raft.server.rpc.request.timeout = 60s (custom)
2022-11-03 16:01:31,875 [b2efe8a5-99bb-41e7-9296-f49000549216@group-16B0CCAD8931-LeaderElection26] INFO  server.RaftServerConfigKeys (ConfUtils.java:logGet(46)) - raft.server.log.appender.install.snapshot.enabled = false (custom)
2022-11-03 16:01:31,875 [b2efe8a5-99bb-41e7-9296-f49000549216@group-16B0CCAD8931-LeaderElection26] INFO  grpc.GrpcConfigKeys (ConfUtils.java:logGet(46)) - raft.grpc.server.heartbeat.channel = true (default)
2022-11-03 16:01:31,875 [b2efe8a5-99bb-41e7-9296-f49000549216@group-16B0CCAD8931-LeaderElection26] INFO  server.RaftServerConfigKeys (ConfUtils.java:logGet(46)) - raft.server.log.appender.wait-time.min = 10ms (default)
2022-11-03 16:01:31,876 [b2efe8a5-99bb-41e7-9296-f49000549216@group-16B0CCAD8931-LeaderElection26] INFO  server.RaftServerConfigKeys (ConfUtils.java:logGet(46)) - raft.server.log.appender.snapshot.chunk.size.max = 16MB (=16777216) (default)
2022-11-03 16:01:31,876 [b2efe8a5-99bb-41e7-9296-f49000549216@group-16B0CCAD8931-LeaderElection26] INFO  server.RaftServerConfigKeys (ConfUtils.java:logGet(46)) - raft.server.log.appender.buffer.byte-limit = 33554432 (custom)
2022-11-03 16:01:31,876 [b2efe8a5-99bb-41e7-9296-f49000549216@group-16B0CCAD8931-LeaderElection26] INFO  server.RaftServerConfigKeys (ConfUtils.java:logGet(46)) - raft.server.log.appender.buffer.element-limit = 1 (custom)
2022-11-03 16:01:31,876 [b2efe8a5-99bb-41e7-9296-f49000549216@group-16B0CCAD8931-LeaderElection26] INFO  grpc.GrpcConfigKeys (ConfUtils.java:logGet(46)) - raft.grpc.server.leader.outstanding.appends.max = 128 (default)
2022-11-03 16:01:31,876 [b2efe8a5-99bb-41e7-9296-f49000549216@group-16B0CCAD8931-LeaderElection26] INFO  server.RaftServerConfigKeys (ConfUtils.java:logGet(46)) - raft.server.rpc.request.timeout = 60s (custom)
2022-11-03 16:01:31,876 [b2efe8a5-99bb-41e7-9296-f49000549216@group-16B0CCAD8931-LeaderElection26] INFO  server.RaftServerConfigKeys (ConfUtils.java:logGet(46)) - raft.server.log.appender.install.snapshot.enabled = false (custom)
2022-11-03 16:01:31,876 [b2efe8a5-99bb-41e7-9296-f49000549216@group-16B0CCAD8931-LeaderElection26] INFO  grpc.GrpcConfigKeys (ConfUtils.java:logGet(46)) - raft.grpc.server.heartbeat.channel = true (default)
2022-11-03 16:01:31,876 [b2efe8a5-99bb-41e7-9296-f49000549216@group-16B0CCAD8931-LeaderElection26] INFO  server.RaftServerConfigKeys (ConfUtils.java:logGet(46)) - raft.server.log.appender.wait-time.min = 10ms (default)
2022-11-03 16:01:31,881 [grpc-default-executor-3] INFO  server.RaftServer$Division (RaftServerImpl.java:requestVote(1218)) - 556da25a-9bc8-419d-83a0-dc1d92c1e895@group-16B0CCAD8931: receive requestVote(ELECTION, b2efe8a5-99bb-41e7-9296-f49000549216, group-16B0CCAD8931, 3, (t:0, i:0))
2022-11-03 16:01:31,878 [EventQueue-PipelineReportForPipelineReportHandler] INFO  pipeline.PipelineManagerImpl (PipelineManagerImpl.java:openPipeline(367)) - Pipeline Pipeline[ Id: cb3f4a6d-2ef8-4f70-9309-16b0ccad8931, Nodes: b2efe8a5-99bb-41e7-9296-f49000549216{ip: 10.1.1.36, host: fv-az47-358.mma5zatft5wupo5mzspaixdheh.bx.internal.cloudapp.net, ports: [REPLICATION=33417, RATIS=39397, RATIS_ADMIN=39397, RATIS_SERVER=39397, STANDALONE=42203], networkLocation: /default-rack, certSerialId: null, persistedOpState: IN_SERVICE, persistedOpStateExpiryEpochSec: 0}556da25a-9bc8-419d-83a0-dc1d92c1e895{ip: 10.1.1.36, host: fv-az47-358.mma5zatft5wupo5mzspaixdheh.bx.internal.cloudapp.net, ports: [REPLICATION=36403, RATIS=41941, RATIS_ADMIN=41941, RATIS_SERVER=41941, STANDALONE=44967], networkLocation: /default-rack, certSerialId: null, persistedOpState: IN_SERVICE, persistedOpStateExpiryEpochSec: 0}8d7ec919-acd2-4b88-a99a-dd9f5739b33b{ip: 10.1.1.36, host: fv-az47-358.mma5zatft5wupo5mzspaixdheh.bx.internal.cloudapp.net, ports: [REPLICATION=34637, RATIS=45267, RATIS_ADMIN=45267, RATIS_SERVER=45267, STANDALONE=43171], networkLocation: /default-rack, certSerialId: null, persistedOpState: IN_SERVICE, persistedOpStateExpiryEpochSec: 0}, ReplicationConfig: RATIS/THREE, State:ALLOCATED, leaderId:b2efe8a5-99bb-41e7-9296-f49000549216, CreationTimestamp2022-11-03T16:01:14.356Z[Etc/UTC]] moved to OPEN state
2022-11-03 16:01:31,881 [grpc-default-executor-3] INFO  impl.VoteContext (VoteContext.java:log(48)) - 556da25a-9bc8-419d-83a0-dc1d92c1e895@group-16B0CCAD8931-CANDIDATE: reject ELECTION from b2efe8a5-99bb-41e7-9296-f49000549216: already has voted for 556da25a-9bc8-419d-83a0-dc1d92c1e895 at current term 3
2022-11-03 16:01:31,882 [grpc-default-executor-3] INFO  server.RaftServer$Division (RaftServerImpl.java:requestVote(1251)) - 556da25a-9bc8-419d-83a0-dc1d92c1e895@group-16B0CCAD8931 replies to ELECTION vote request: b2efe8a5-99bb-41e7-9296-f49000549216<-556da25a-9bc8-419d-83a0-dc1d92c1e895#0:FAIL-t3. Peer's state: 556da25a-9bc8-419d-83a0-dc1d92c1e895@group-16B0CCAD8931:t3, leader=null, voted=556da25a-9bc8-419d-83a0-dc1d92c1e895, raftlog=Memoized:556da25a-9bc8-419d-83a0-dc1d92c1e895@group-16B0CCAD8931-SegmentedRaftLog:OPENED:c-1, conf=-1: peers:[8d7ec919-acd2-4b88-a99a-dd9f5739b33b|rpc:10.1.1.36:45267|priority:0|startupRole:FOLLOWER, b2efe8a5-99bb-41e7-9296-f49000549216|rpc:10.1.1.36:39397|priority:1|startupRole:FOLLOWER, 556da25a-9bc8-419d-83a0-dc1d92c1e895|rpc:10.1.1.36:41941|priority:0|startupRole:FOLLOWER]|listeners:[], old=null
2022-11-03 16:01:31,882 [b2efe8a5-99bb-41e7-9296-f49000549216@group-16B0CCAD8931-LeaderElection26] INFO  impl.RoleInfo (RoleInfo.java:updateAndGet(139)) - b2efe8a5-99bb-41e7-9296-f49000549216: start b2efe8a5-99bb-41e7-9296-f49000549216@group-16B0CCAD8931-LeaderStateImpl
2022-11-03 16:01:31,882 [b2efe8a5-99bb-41e7-9296-f49000549216@group-16B0CCAD8931-LeaderElection26] INFO  segmented.SegmentedRaftLogWorker (SegmentedRaftLogWorker.java:startLogSegment(452)) - b2efe8a5-99bb-41e7-9296-f49000549216@group-16B0CCAD8931-SegmentedRaftLogWorker: Starting segment from index:0
2022-11-03 16:01:31,883 [b2efe8a5-99bb-41e7-9296-f49000549216@group-16B0CCAD8931-SegmentedRaftLogWorker] INFO  segmented.SegmentedRaftLogWorker (SegmentedRaftLogWorker.java:execute(656)) - b2efe8a5-99bb-41e7-9296-f49000549216@group-16B0CCAD8931-SegmentedRaftLogWorker: created new log segment /home/runner/work/ozone/ozone/hadoop-ozone/integration-test/target/test-dir/MiniOzoneClusterImpl-84bf62e0-a170-4695-9dd9-8848938f690d/datanode-2/data/ratis/cb3f4a6d-2ef8-4f70-9309-16b0ccad8931/current/log_inprogress_0
2022-11-03 16:01:31,884 [grpc-default-executor-0] INFO  server.RaftServer$Division (RaftServerImpl.java:requestVote(1218)) - b2efe8a5-99bb-41e7-9296-f49000549216@group-16B0CCAD8931: receive requestVote(ELECTION, 556da25a-9bc8-419d-83a0-dc1d92c1e895, group-16B0CCAD8931, 3, (t:0, i:0))
2022-11-03 16:01:31,892 [b2efe8a5-99bb-41e7-9296-f49000549216@group-16B0CCAD8931-LeaderElection26] INFO  server.RaftServer$Division (ServerState.java:setRaftConf(430)) - b2efe8a5-99bb-41e7-9296-f49000549216@group-16B0CCAD8931: set configuration 0: peers:[8d7ec919-acd2-4b88-a99a-dd9f5739b33b|rpc:10.1.1.36:45267|dataStream:|priority:0|startupRole:FOLLOWER, b2efe8a5-99bb-41e7-9296-f49000549216|rpc:10.1.1.36:39397|dataStream:|priority:1|startupRole:FOLLOWER, 556da25a-9bc8-419d-83a0-dc1d92c1e895|rpc:10.1.1.36:41941|dataStream:|priority:0|startupRole:FOLLOWER]|listeners:[], old=null
2022-11-03 16:01:31,892 [grpc-default-executor-0] INFO  impl.VoteContext (VoteContext.java:log(48)) - b2efe8a5-99bb-41e7-9296-f49000549216@group-16B0CCAD8931-LEADER: reject ELECTION from 556da25a-9bc8-419d-83a0-dc1d92c1e895: already has voted for b2efe8a5-99bb-41e7-9296-f49000549216 at current term 3
2022-11-03 16:01:31,894 [grpc-default-executor-0] INFO  server.RaftServer$Division (RaftServerImpl.java:requestVote(1251)) - b2efe8a5-99bb-41e7-9296-f49000549216@group-16B0CCAD8931 replies to ELECTION vote request: 556da25a-9bc8-419d-83a0-dc1d92c1e895<-b2efe8a5-99bb-41e7-9296-f49000549216#0:FAIL-t3. Peer's state: b2efe8a5-99bb-41e7-9296-f49000549216@group-16B0CCAD8931:t3, leader=b2efe8a5-99bb-41e7-9296-f49000549216, voted=b2efe8a5-99bb-41e7-9296-f49000549216, raftlog=Memoized:b2efe8a5-99bb-41e7-9296-f49000549216@group-16B0CCAD8931-SegmentedRaftLog:OPENED:c-1, conf=0: peers:[8d7ec919-acd2-4b88-a99a-dd9f5739b33b|rpc:10.1.1.36:45267|dataStream:|priority:0|startupRole:FOLLOWER, b2efe8a5-99bb-41e7-9296-f49000549216|rpc:10.1.1.36:39397|dataStream:|priority:1|startupRole:FOLLOWER, 556da25a-9bc8-419d-83a0-dc1d92c1e895|rpc:10.1.1.36:41941|dataStream:|priority:0|startupRole:FOLLOWER]|listeners:[], old=null
2022-11-03 16:01:31,894 [grpc-default-executor-0] INFO  server.RaftServer$Division (RaftServerImpl.java:requestVote(1218)) - 8d7ec919-acd2-4b88-a99a-dd9f5739b33b@group-16B0CCAD8931: receive requestVote(ELECTION, 556da25a-9bc8-419d-83a0-dc1d92c1e895, group-16B0CCAD8931, 3, (t:0, i:0))
2022-11-03 16:01:31,894 [grpc-default-executor-0] INFO  impl.VoteContext (VoteContext.java:log(48)) - 8d7ec919-acd2-4b88-a99a-dd9f5739b33b@group-16B0CCAD8931-FOLLOWER: reject ELECTION from 556da25a-9bc8-419d-83a0-dc1d92c1e895: already has voted for b2efe8a5-99bb-41e7-9296-f49000549216 at current term 3
2022-11-03 16:01:31,894 [grpc-default-executor-0] INFO  server.RaftServer$Division (RaftServerImpl.java:requestVote(1251)) - 8d7ec919-acd2-4b88-a99a-dd9f5739b33b@group-16B0CCAD8931 replies to ELECTION vote request: 556da25a-9bc8-419d-83a0-dc1d92c1e895<-8d7ec919-acd2-4b88-a99a-dd9f5739b33b#0:FAIL-t3. Peer's state: 8d7ec919-acd2-4b88-a99a-dd9f5739b33b@group-16B0CCAD8931:t3, leader=null, voted=b2efe8a5-99bb-41e7-9296-f49000549216, raftlog=Memoized:8d7ec919-acd2-4b88-a99a-dd9f5739b33b@group-16B0CCAD8931-SegmentedRaftLog:OPENED:c-1, conf=-1: peers:[8d7ec919-acd2-4b88-a99a-dd9f5739b33b|rpc:10.1.1.36:45267|priority:0|startupRole:FOLLOWER, b2efe8a5-99bb-41e7-9296-f49000549216|rpc:10.1.1.36:39397|priority:1|startupRole:FOLLOWER, 556da25a-9bc8-419d-83a0-dc1d92c1e895|rpc:10.1.1.36:41941|priority:0|startupRole:FOLLOWER]|listeners:[], old=null
2022-11-03 16:01:31,899 [556da25a-9bc8-419d-83a0-dc1d92c1e895@group-16B0CCAD8931-LeaderElection27] INFO  impl.LeaderElection (LeaderElection.java:logAndReturn(90)) - 556da25a-9bc8-419d-83a0-dc1d92c1e895@group-16B0CCAD8931-LeaderElection27: ELECTION REJECTED received 2 response(s) and 0 exception(s):
2022-11-03 16:01:31,899 [556da25a-9bc8-419d-83a0-dc1d92c1e895@group-16B0CCAD8931-LeaderElection27] INFO  impl.LeaderElection (LeaderElection.java:logAndReturn(94)) -   Response 0: 556da25a-9bc8-419d-83a0-dc1d92c1e895<-8d7ec919-acd2-4b88-a99a-dd9f5739b33b#0:FAIL-t3
2022-11-03 16:01:31,899 [556da25a-9bc8-419d-83a0-dc1d92c1e895@group-16B0CCAD8931-LeaderElection27] INFO  impl.LeaderElection (LeaderElection.java:logAndReturn(94)) -   Response 1: 556da25a-9bc8-419d-83a0-dc1d92c1e895<-b2efe8a5-99bb-41e7-9296-f49000549216#0:FAIL-t3
2022-11-03 16:01:31,899 [556da25a-9bc8-419d-83a0-dc1d92c1e895@group-16B0CCAD8931-LeaderElection27] INFO  impl.LeaderElection (LeaderElection.java:askForVotes(314)) - 556da25a-9bc8-419d-83a0-dc1d92c1e895@group-16B0CCAD8931-LeaderElection27 ELECTION round 0: result REJECTED
2022-11-03 16:01:31,899 [556da25a-9bc8-419d-83a0-dc1d92c1e895@group-16B0CCAD8931-LeaderElection27] INFO  server.RaftServer$Division (RaftServerImpl.java:setRole(321)) - 556da25a-9bc8-419d-83a0-dc1d92c1e895@group-16B0CCAD8931: changes role from CANDIDATE to FOLLOWER at term 3 for REJECTED
2022-11-03 16:01:31,899 [556da25a-9bc8-419d-83a0-dc1d92c1e895@group-16B0CCAD8931-LeaderElection27] INFO  impl.RoleInfo (RoleInfo.java:shutdownLeaderElection(130)) - 556da25a-9bc8-419d-83a0-dc1d92c1e895: shutdown 556da25a-9bc8-419d-83a0-dc1d92c1e895@group-16B0CCAD8931-LeaderElection27
2022-11-03 16:01:31,899 [556da25a-9bc8-419d-83a0-dc1d92c1e895@group-16B0CCAD8931-LeaderElection27] INFO  impl.RoleInfo (RoleInfo.java:updateAndGet(139)) - 556da25a-9bc8-419d-83a0-dc1d92c1e895: start 556da25a-9bc8-419d-83a0-dc1d92c1e895@group-16B0CCAD8931-FollowerState
2022-11-03 16:01:31,906 [556da25a-9bc8-419d-83a0-dc1d92c1e895@group-16B0CCAD8931-FollowerState] INFO  server.RaftServerConfigKeys (ConfUtils.java:logFallback(53)) - raft.server.rpc.first-election.timeout.min = 5s (fallback to raft.server.rpc.timeout.min)
2022-11-03 16:01:31,906 [556da25a-9bc8-419d-83a0-dc1d92c1e895@group-16B0CCAD8931-FollowerState] INFO  server.RaftServerConfigKeys (ConfUtils.java:logFallback(53)) - raft.server.rpc.first-election.timeout.max = 5200ms (fallback to raft.server.rpc.timeout.max)
2022-11-03 16:01:31,908 [8d7ec919-acd2-4b88-a99a-dd9f5739b33b-server-thread1] INFO  ratis.XceiverServerRatis (XceiverServerRatis.java:handleLeaderChangedNotification(863)) - Leader change notification received for group: group-16B0CCAD8931 with new leaderId: b2efe8a5-99bb-41e7-9296-f49000549216
2022-11-03 16:01:31,908 [8d7ec919-acd2-4b88-a99a-dd9f5739b33b-server-thread1] INFO  server.RaftServer$Division (ServerState.java:setLeader(313)) - 8d7ec919-acd2-4b88-a99a-dd9f5739b33b@group-16B0CCAD8931: change Leader from null to b2efe8a5-99bb-41e7-9296-f49000549216 at term 3 for appendEntries, leader elected after 15330ms
2022-11-03 16:01:31,909 [556da25a-9bc8-419d-83a0-dc1d92c1e895-server-thread1] INFO  ratis.XceiverServerRatis (XceiverServerRatis.java:handleLeaderChangedNotification(863)) - Leader change notification received for group: group-16B0CCAD8931 with new leaderId: b2efe8a5-99bb-41e7-9296-f49000549216
2022-11-03 16:01:31,909 [556da25a-9bc8-419d-83a0-dc1d92c1e895-server-thread1] INFO  server.RaftServer$Division (ServerState.java:setLeader(313)) - 556da25a-9bc8-419d-83a0-dc1d92c1e895@group-16B0CCAD8931: change Leader from null to b2efe8a5-99bb-41e7-9296-f49000549216 at term 3 for appendEntries, leader elected after 14865ms
2022-11-03 16:01:31,909 [556da25a-9bc8-419d-83a0-dc1d92c1e895-server-thread2] INFO  server.RaftServer$Division (ServerState.java:setRaftConf(430)) - 556da25a-9bc8-419d-83a0-dc1d92c1e895@group-16B0CCAD8931: set configuration 0: peers:[8d7ec919-acd2-4b88-a99a-dd9f5739b33b|rpc:10.1.1.36:45267|dataStream:|priority:0|startupRole:FOLLOWER, b2efe8a5-99bb-41e7-9296-f49000549216|rpc:10.1.1.36:39397|dataStream:|priority:1|startupRole:FOLLOWER, 556da25a-9bc8-419d-83a0-dc1d92c1e895|rpc:10.1.1.36:41941|dataStream:|priority:0|startupRole:FOLLOWER]|listeners:[], old=null
2022-11-03 16:01:31,909 [556da25a-9bc8-419d-83a0-dc1d92c1e895-server-thread2] INFO  segmented.SegmentedRaftLogWorker (SegmentedRaftLogWorker.java:startLogSegment(452)) - 556da25a-9bc8-419d-83a0-dc1d92c1e895@group-16B0CCAD8931-SegmentedRaftLogWorker: Starting segment from index:0
2022-11-03 16:01:31,916 [8d7ec919-acd2-4b88-a99a-dd9f5739b33b-server-thread2] INFO  server.RaftServer$Division (ServerState.java:setRaftConf(430)) - 8d7ec919-acd2-4b88-a99a-dd9f5739b33b@group-16B0CCAD8931: set configuration 0: peers:[8d7ec919-acd2-4b88-a99a-dd9f5739b33b|rpc:10.1.1.36:45267|dataStream:|priority:0|startupRole:FOLLOWER, b2efe8a5-99bb-41e7-9296-f49000549216|rpc:10.1.1.36:39397|dataStream:|priority:1|startupRole:FOLLOWER, 556da25a-9bc8-419d-83a0-dc1d92c1e895|rpc:10.1.1.36:41941|dataStream:|priority:0|startupRole:FOLLOWER]|listeners:[], old=null
2022-11-03 16:01:31,917 [8d7ec919-acd2-4b88-a99a-dd9f5739b33b-server-thread2] INFO  segmented.SegmentedRaftLogWorker (SegmentedRaftLogWorker.java:startLogSegment(452)) - 8d7ec919-acd2-4b88-a99a-dd9f5739b33b@group-16B0CCAD8931-SegmentedRaftLogWorker: Starting segment from index:0
2022-11-03 16:01:31,930 [556da25a-9bc8-419d-83a0-dc1d92c1e895@group-16B0CCAD8931-SegmentedRaftLogWorker] INFO  segmented.SegmentedRaftLogWorker (SegmentedRaftLogWorker.java:execute(656)) - 556da25a-9bc8-419d-83a0-dc1d92c1e895@group-16B0CCAD8931-SegmentedRaftLogWorker: created new log segment /home/runner/work/ozone/ozone/hadoop-ozone/integration-test/target/test-dir/MiniOzoneClusterImpl-84bf62e0-a170-4695-9dd9-8848938f690d/datanode-1/data/ratis/cb3f4a6d-2ef8-4f70-9309-16b0ccad8931/current/log_inprogress_0
2022-11-03 16:01:31,931 [8d7ec919-acd2-4b88-a99a-dd9f5739b33b@group-16B0CCAD8931-SegmentedRaftLogWorker] INFO  segmented.SegmentedRaftLogWorker (SegmentedRaftLogWorker.java:execute(656)) - 8d7ec919-acd2-4b88-a99a-dd9f5739b33b@group-16B0CCAD8931-SegmentedRaftLogWorker: created new log segment /home/runner/work/ozone/ozone/hadoop-ozone/integration-test/target/test-dir/MiniOzoneClusterImpl-84bf62e0-a170-4695-9dd9-8848938f690d/datanode-0/data/ratis/cb3f4a6d-2ef8-4f70-9309-16b0ccad8931/current/log_inprogress_0
2022-11-03 16:01:32,186 [Command processor thread] INFO  server.RaftServer (RaftServerProxy.java:remove(107)) - 2369a186-4f78-4e7b-885b-53a729611fd8: remove  FOLLOWER 2369a186-4f78-4e7b-885b-53a729611fd8@group-E9B64072809A:t1, leader=3af182df-8746-4079-a1aa-2aadbfcb2e37, voted=3af182df-8746-4079-a1aa-2aadbfcb2e37, raftlog=Memoized:2369a186-4f78-4e7b-885b-53a729611fd8@group-E9B64072809A-SegmentedRaftLog:OPENED:c0, conf=0: peers:[6065ee46-1250-4f2d-bd18-fb99db464885|rpc:10.1.1.36:43193|dataStream:|priority:0|startupRole:FOLLOWER, 2369a186-4f78-4e7b-885b-53a729611fd8|rpc:10.1.1.36:35493|dataStream:|priority:0|startupRole:FOLLOWER, 3af182df-8746-4079-a1aa-2aadbfcb2e37|rpc:10.1.1.36:35587|dataStream:|priority:1|startupRole:FOLLOWER]|listeners:[], old=null RUNNING
2022-11-03 16:01:32,186 [Command processor thread] INFO  server.RaftServer$Division (RaftServerImpl.java:lambda$close$4(458)) - 2369a186-4f78-4e7b-885b-53a729611fd8@group-E9B64072809A: shutdown
2022-11-03 16:01:32,186 [Command processor thread] INFO  util.JmxRegister (JmxRegister.java:unregister(73)) - Successfully un-registered JMX Bean with object name Ratis:service=RaftServer,group=group-E9B64072809A,id=2369a186-4f78-4e7b-885b-53a729611fd8
2022-11-03 16:01:32,186 [Command processor thread] INFO  impl.RoleInfo (RoleInfo.java:shutdownFollowerState(110)) - 2369a186-4f78-4e7b-885b-53a729611fd8: shutdown 2369a186-4f78-4e7b-885b-53a729611fd8@group-E9B64072809A-FollowerState
2022-11-03 16:01:32,186 [Command processor thread] INFO  impl.StateMachineUpdater (StateMachineUpdater.java:stopAndJoin(153)) - 2369a186-4f78-4e7b-885b-53a729611fd8@group-E9B64072809A-StateMachineUpdater: set stopIndex = 0
2022-11-03 16:01:32,187 [2369a186-4f78-4e7b-885b-53a729611fd8@group-E9B64072809A-FollowerState] INFO  impl.FollowerState (FollowerState.java:run(152)) - 2369a186-4f78-4e7b-885b-53a729611fd8@group-E9B64072809A-FollowerState was interrupted
2022-11-03 16:01:32,188 [2369a186-4f78-4e7b-885b-53a729611fd8@group-E9B64072809A-StateMachineUpdater] INFO  ratis.ContainerStateMachine (ContainerStateMachine.java:takeSnapshot(304)) - group-E9B64072809A: Taking a snapshot at:(t:1, i:0) file /home/runner/work/ozone/ozone/hadoop-ozone/integration-test/target/test-dir/MiniOzoneClusterImpl-84bf62e0-a170-4695-9dd9-8848938f690d/datanode-4/data/ratis/f27972fe-4000-4d5a-8cf1-e9b64072809a/sm/snapshot.1_0
2022-11-03 16:01:32,189 [2369a186-4f78-4e7b-885b-53a729611fd8@group-E9B64072809A-StateMachineUpdater] INFO  ratis.ContainerStateMachine (ContainerStateMachine.java:takeSnapshot(315)) - group-E9B64072809A: Finished taking a snapshot at:(t:1, i:0) file:/home/runner/work/ozone/ozone/hadoop-ozone/integration-test/target/test-dir/MiniOzoneClusterImpl-84bf62e0-a170-4695-9dd9-8848938f690d/datanode-4/data/ratis/f27972fe-4000-4d5a-8cf1-e9b64072809a/sm/snapshot.1_0 took: 1 ms
2022-11-03 16:01:32,189 [2369a186-4f78-4e7b-885b-53a729611fd8@group-E9B64072809A-StateMachineUpdater] INFO  impl.StateMachineUpdater (StateMachineUpdater.java:takeSnapshot(287)) - 2369a186-4f78-4e7b-885b-53a729611fd8@group-E9B64072809A-StateMachineUpdater: Took a snapshot at index 0
2022-11-03 16:01:32,190 [2369a186-4f78-4e7b-885b-53a729611fd8@group-E9B64072809A-StateMachineUpdater] INFO  impl.StateMachineUpdater (StateMachineUpdater.java:lambda$new$0(92)) - 2369a186-4f78-4e7b-885b-53a729611fd8@group-E9B64072809A-StateMachineUpdater: snapshotIndex: updateIncreasingly -1 -> 0
2022-11-03 16:01:32,191 [Command processor thread] INFO  server.RaftServer$Division (ServerState.java:close(466)) - 2369a186-4f78-4e7b-885b-53a729611fd8@group-E9B64072809A: closes. applyIndex: 0
2022-11-03 16:01:32,191 [2369a186-4f78-4e7b-885b-53a729611fd8@group-E9B64072809A-SegmentedRaftLogWorker] INFO  segmented.SegmentedRaftLogWorker (SegmentedRaftLogWorker.java:run(345)) - 2369a186-4f78-4e7b-885b-53a729611fd8@group-E9B64072809A-SegmentedRaftLogWorker was interrupted, exiting. There are 0 tasks remaining in the queue.
2022-11-03 16:01:32,192 [Command processor thread] INFO  segmented.SegmentedRaftLogWorker (SegmentedRaftLogWorker.java:close(255)) - 2369a186-4f78-4e7b-885b-53a729611fd8@group-E9B64072809A-SegmentedRaftLogWorker close()
2022-11-03 16:01:32,195 [Command processor thread] INFO  server.RaftServer$Division (RaftServerImpl.java:groupRemove(428)) - 2369a186-4f78-4e7b-885b-53a729611fd8@group-E9B64072809A: Succeed to remove RaftStorageDirectory Storage Directory /home/runner/work/ozone/ozone/hadoop-ozone/integration-test/target/test-dir/MiniOzoneClusterImpl-84bf62e0-a170-4695-9dd9-8848938f690d/datanode-4/data/ratis/f27972fe-4000-4d5a-8cf1-e9b64072809a
2022-11-03 16:01:32,195 [Command processor thread] INFO  commandhandler.ClosePipelineCommandHandler (ClosePipelineCommandHandler.java:handle(78)) - Close Pipeline PipelineID=f27972fe-4000-4d5a-8cf1-e9b64072809a command on datanode 2369a186-4f78-4e7b-885b-53a729611fd8.
2022-11-03 16:01:32,201 [Command processor thread] INFO  server.RaftServer (RaftServerProxy.java:remove(107)) - 2369a186-4f78-4e7b-885b-53a729611fd8: remove    LEADER 2369a186-4f78-4e7b-885b-53a729611fd8@group-94A5FE1A6C6F:t2, leader=2369a186-4f78-4e7b-885b-53a729611fd8, voted=2369a186-4f78-4e7b-885b-53a729611fd8, raftlog=Memoized:2369a186-4f78-4e7b-885b-53a729611fd8@group-94A5FE1A6C6F-SegmentedRaftLog:OPENED:c0, conf=0: peers:[6065ee46-1250-4f2d-bd18-fb99db464885|rpc:10.1.1.36:43193|dataStream:|priority:0|startupRole:FOLLOWER, 2369a186-4f78-4e7b-885b-53a729611fd8|rpc:10.1.1.36:35493|dataStream:|priority:1|startupRole:FOLLOWER, 3af182df-8746-4079-a1aa-2aadbfcb2e37|rpc:10.1.1.36:35587|dataStream:|priority:0|startupRole:FOLLOWER]|listeners:[], old=null RUNNING
2022-11-03 16:01:32,201 [Command processor thread] INFO  server.RaftServer$Division (RaftServerImpl.java:lambda$close$4(458)) - 2369a186-4f78-4e7b-885b-53a729611fd8@group-94A5FE1A6C6F: shutdown
2022-11-03 16:01:32,201 [Command processor thread] INFO  util.JmxRegister (JmxRegister.java:unregister(73)) - Successfully un-registered JMX Bean with object name Ratis:service=RaftServer,group=group-94A5FE1A6C6F,id=2369a186-4f78-4e7b-885b-53a729611fd8
2022-11-03 16:01:32,201 [Command processor thread] INFO  impl.RoleInfo (RoleInfo.java:shutdownLeaderState(93)) - 2369a186-4f78-4e7b-885b-53a729611fd8: shutdown 2369a186-4f78-4e7b-885b-53a729611fd8@group-94A5FE1A6C6F-LeaderStateImpl
2022-11-03 16:01:32,201 [Command processor thread] INFO  impl.PendingRequests (PendingRequests.java:sendNotLeaderResponses(282)) - 2369a186-4f78-4e7b-885b-53a729611fd8@group-94A5FE1A6C6F-PendingRequests: sendNotLeaderResponses
2022-11-03 16:01:32,202 [2369a186-4f78-4e7b-885b-53a729611fd8@group-94A5FE1A6C6F-StateMachineUpdater] INFO  ratis.ContainerStateMachine (ContainerStateMachine.java:takeSnapshot(304)) - group-94A5FE1A6C6F: Taking a snapshot at:(t:2, i:0) file /home/runner/work/ozone/ozone/hadoop-ozone/integration-test/target/test-dir/MiniOzoneClusterImpl-84bf62e0-a170-4695-9dd9-8848938f690d/datanode-4/data/ratis/2f92345d-93a4-4cdf-8dfe-94a5fe1a6c6f/sm/snapshot.2_0
2022-11-03 16:01:32,202 [Command processor thread] INFO  impl.StateMachineUpdater (StateMachineUpdater.java:stopAndJoin(153)) - 2369a186-4f78-4e7b-885b-53a729611fd8@group-94A5FE1A6C6F-StateMachineUpdater: set stopIndex = 0
2022-11-03 16:01:32,202 [2369a186-4f78-4e7b-885b-53a729611fd8@group-94A5FE1A6C6F->6065ee46-1250-4f2d-bd18-fb99db464885-GrpcLogAppender-LogAppenderDaemon] WARN  server.GrpcLogAppender (GrpcLogAppender.java:mayWait(200)) - 2369a186-4f78-4e7b-885b-53a729611fd8@group-94A5FE1A6C6F->6065ee46-1250-4f2d-bd18-fb99db464885-GrpcLogAppender: Wait interrupted by java.lang.InterruptedException
2022-11-03 16:01:32,204 [grpc-default-executor-2] INFO  server.GrpcServerProtocolService (GrpcServerProtocolService.java:onCompleted(145)) - 6065ee46-1250-4f2d-bd18-fb99db464885: Completed APPEND_ENTRIES, lastRequest: null
2022-11-03 16:01:32,204 [2369a186-4f78-4e7b-885b-53a729611fd8@group-94A5FE1A6C6F-StateMachineUpdater] INFO  ratis.ContainerStateMachine (ContainerStateMachine.java:takeSnapshot(315)) - group-94A5FE1A6C6F: Finished taking a snapshot at:(t:2, i:0) file:/home/runner/work/ozone/ozone/hadoop-ozone/integration-test/target/test-dir/MiniOzoneClusterImpl-84bf62e0-a170-4695-9dd9-8848938f690d/datanode-4/data/ratis/2f92345d-93a4-4cdf-8dfe-94a5fe1a6c6f/sm/snapshot.2_0 took: 2 ms
2022-11-03 16:01:32,204 [2369a186-4f78-4e7b-885b-53a729611fd8@group-94A5FE1A6C6F-StateMachineUpdater] INFO  impl.StateMachineUpdater (StateMachineUpdater.java:takeSnapshot(287)) - 2369a186-4f78-4e7b-885b-53a729611fd8@group-94A5FE1A6C6F-StateMachineUpdater: Took a snapshot at index 0
2022-11-03 16:01:32,204 [2369a186-4f78-4e7b-885b-53a729611fd8@group-94A5FE1A6C6F-StateMachineUpdater] INFO  impl.StateMachineUpdater (StateMachineUpdater.java:lambda$new$0(92)) - 2369a186-4f78-4e7b-885b-53a729611fd8@group-94A5FE1A6C6F-StateMachineUpdater: snapshotIndex: updateIncreasingly -1 -> 0
2022-11-03 16:01:32,205 [Command processor thread] INFO  server.RaftServer$Division (ServerState.java:close(466)) - 2369a186-4f78-4e7b-885b-53a729611fd8@group-94A5FE1A6C6F: closes. applyIndex: 0
2022-11-03 16:01:32,206 [2369a186-4f78-4e7b-885b-53a729611fd8@group-94A5FE1A6C6F-SegmentedRaftLogWorker] INFO  segmented.SegmentedRaftLogWorker (SegmentedRaftLogWorker.java:run(345)) - 2369a186-4f78-4e7b-885b-53a729611fd8@group-94A5FE1A6C6F-SegmentedRaftLogWorker was interrupted, exiting. There are 0 tasks remaining in the queue.
2022-11-03 16:01:32,206 [2369a186-4f78-4e7b-885b-53a729611fd8@group-94A5FE1A6C6F->3af182df-8746-4079-a1aa-2aadbfcb2e37-GrpcLogAppender-LogAppenderDaemon] ERROR leader.LogAppenderDaemon (LogAppenderDaemon.java:run(87)) - 2369a186-4f78-4e7b-885b-53a729611fd8@group-94A5FE1A6C6F->3af182df-8746-4079-a1aa-2aadbfcb2e37-GrpcLogAppender-LogAppenderDaemon failed
java.lang.IllegalArgumentException: 2369a186-4f78-4e7b-885b-53a729611fd8@group-94A5FE1A6C6F-SegmentedRaftLog is expected to be opened but it is CLOSED
	at org.apache.ratis.util.OpenCloseState.assertOpen(OpenCloseState.java:63)
	at org.apache.ratis.server.raftlog.RaftLogBase.checkLogState(RaftLogBase.java:111)
	at org.apache.ratis.server.raftlog.segmented.SegmentedRaftLog.getTermIndex(SegmentedRaftLog.java:323)
	at org.apache.ratis.server.leader.LogAppenderBase.getPrevious(LogAppenderBase.java:148)
	at org.apache.ratis.server.leader.LogAppenderBase.newAppendEntriesRequest(LogAppenderBase.java:168)
	at org.apache.ratis.grpc.server.GrpcLogAppender.appendLog(GrpcLogAppender.java:271)
	at org.apache.ratis.grpc.server.GrpcLogAppender.run(GrpcLogAppender.java:168)
	at org.apache.ratis.server.leader.LogAppenderDaemon.run(LogAppenderDaemon.java:78)
	at java.lang.Thread.run(Thread.java:750)
Caused by: org.apache.ratis.util.OpenCloseState$CloseTrace: Close 2369a186-4f78-4e7b-885b-53a729611fd8@group-94A5FE1A6C6F-SegmentedRaftLog
	at org.apache.ratis.util.OpenCloseState.lambda$close$1(OpenCloseState.java:109)
	at java.util.concurrent.atomic.AtomicReference.getAndUpdate(AtomicReference.java:160)
	at org.apache.ratis.util.OpenCloseState.close(OpenCloseState.java:109)
	at org.apache.ratis.server.raftlog.RaftLogBase.close(RaftLogBase.java:365)
	at org.apache.ratis.server.raftlog.segmented.SegmentedRaftLog.close(SegmentedRaftLog.java:506)
	at org.apache.ratis.server.impl.ServerState.close(ServerState.java:468)
	at org.apache.ratis.server.impl.RaftServerImpl.lambda$close$4(RaftServerImpl.java:480)
	at org.apache.ratis.util.LifeCycle.lambda$checkStateAndClose$4(LifeCycle.java:299)
	at org.apache.ratis.util.LifeCycle.checkStateAndClose(LifeCycle.java:319)
	at org.apache.ratis.util.LifeCycle.checkStateAndClose(LifeCycle.java:297)
	at org.apache.ratis.server.impl.RaftServerImpl.close(RaftServerImpl.java:457)
	at org.apache.ratis.server.impl.RaftServerImpl.groupRemove(RaftServerImpl.java:422)
	at org.apache.ratis.server.impl.RaftServerProxy.lambda$groupRemoveAsync$12(RaftServerProxy.java:530)
	at java.util.concurrent.CompletableFuture.uniApply(CompletableFuture.java:616)
	at java.util.concurrent.CompletableFuture.uniApplyStage(CompletableFuture.java:628)
	at java.util.concurrent.CompletableFuture.thenApply(CompletableFuture.java:1996)
	at org.apache.ratis.server.impl.RaftServerProxy.groupRemoveAsync(RaftServerProxy.java:529)
	at org.apache.ratis.server.impl.RaftServerProxy.groupManagementAsync(RaftServerProxy.java:479)
	at org.apache.ratis.server.impl.RaftServerProxy.groupManagement(RaftServerProxy.java:459)
	at org.apache.hadoop.ozone.container.common.transport.server.ratis.XceiverServerRatis.removeGroup(XceiverServerRatis.java:781)
	at org.apache.hadoop.ozone.container.common.statemachine.commandhandler.ClosePipelineCommandHandler.handle(ClosePipelineCommandHandler.java:77)
	at org.apache.hadoop.ozone.container.common.statemachine.commandhandler.CommandDispatcher.handle(CommandDispatcher.java:99)
	at org.apache.hadoop.ozone.container.common.statemachine.DatanodeStateMachine.lambda$initCommandHandlerThread$3(DatanodeStateMachine.java:634)
	... 1 more
2022-11-03 16:01:32,208 [grpc-default-executor-5] INFO  server.GrpcServerProtocolService (GrpcServerProtocolService.java:onCompleted(145)) - 6065ee46-1250-4f2d-bd18-fb99db464885: Completed APPEND_ENTRIES, lastRequest: 2369a186-4f78-4e7b-885b-53a729611fd8->6065ee46-1250-4f2d-bd18-fb99db464885#1-t2,previous=(t:0, i:0),leaderCommit=0,initializing? true,entries: size=1, first=(t:2, i:0), CONFIGURATIONENTRY(current:id: "6065ee46-1250-4f2d-bd18-fb99db464885"
address: "10.1.1.36:43193"
clientAddress: "10.1.1.36:43193"
adminAddress: "10.1.1.36:43193"
startupRole: FOLLOWER
,id: "2369a186-4f78-4e7b-885b-53a729611fd8"
address: "10.1.1.36:35493"
priority: 1
clientAddress: "10.1.1.36:35493"
adminAddress: "10.1.1.36:35493"
startupRole: FOLLOWER
,id: "3af182df-8746-4079-a1aa-2aadbfcb2e37"
address: "10.1.1.36:35587"
clientAddress: "10.1.1.36:35587"
adminAddress: "10.1.1.36:35587"
startupRole: FOLLOWER
, old:)
2022-11-03 16:01:32,210 [grpc-default-executor-0] INFO  server.GrpcLogAppender (GrpcLogAppender.java:onCompleted(415)) - 2369a186-4f78-4e7b-885b-53a729611fd8@group-94A5FE1A6C6F->6065ee46-1250-4f2d-bd18-fb99db464885-AppendLogResponseHandler: follower responses appendEntries COMPLETED
2022-11-03 16:01:32,207 [grpc-default-executor-2] INFO  server.GrpcLogAppender (GrpcLogAppender.java:onCompleted(415)) - 2369a186-4f78-4e7b-885b-53a729611fd8@group-94A5FE1A6C6F->6065ee46-1250-4f2d-bd18-fb99db464885-AppendLogResponseHandler: follower responses appendEntries COMPLETED
2022-11-03 16:01:32,211 [Command processor thread] INFO  segmented.SegmentedRaftLogWorker (SegmentedRaftLogWorker.java:close(255)) - 2369a186-4f78-4e7b-885b-53a729611fd8@group-94A5FE1A6C6F-SegmentedRaftLogWorker close()
2022-11-03 16:01:32,210 [grpc-default-executor-0] INFO  leader.FollowerInfo (FollowerInfoImpl.java:lambda$new$0(48)) - 2369a186-4f78-4e7b-885b-53a729611fd8@group-94A5FE1A6C6F->6065ee46-1250-4f2d-bd18-fb99db464885: nextIndex: updateUnconditionally 1 -> 0
2022-11-03 16:01:32,211 [grpc-default-executor-2] INFO  leader.FollowerInfo (FollowerInfoImpl.java:lambda$new$0(48)) - 2369a186-4f78-4e7b-885b-53a729611fd8@group-94A5FE1A6C6F->6065ee46-1250-4f2d-bd18-fb99db464885: nextIndex: updateUnconditionally 0 -> 0
2022-11-03 16:01:32,213 [Command processor thread] INFO  server.RaftServer$Division (RaftServerImpl.java:groupRemove(428)) - 2369a186-4f78-4e7b-885b-53a729611fd8@group-94A5FE1A6C6F: Succeed to remove RaftStorageDirectory Storage Directory /home/runner/work/ozone/ozone/hadoop-ozone/integration-test/target/test-dir/MiniOzoneClusterImpl-84bf62e0-a170-4695-9dd9-8848938f690d/datanode-4/data/ratis/2f92345d-93a4-4cdf-8dfe-94a5fe1a6c6f
2022-11-03 16:01:32,213 [Command processor thread] INFO  commandhandler.ClosePipelineCommandHandler (ClosePipelineCommandHandler.java:handle(78)) - Close Pipeline PipelineID=2f92345d-93a4-4cdf-8dfe-94a5fe1a6c6f command on datanode 2369a186-4f78-4e7b-885b-53a729611fd8.
2022-11-03 16:01:34,422 [d878db48-ef46-44bf-ac98-cb2daa3cfd80@group-8A4815B43099-FollowerState] INFO  impl.FollowerState (FollowerState.java:run(143)) - d878db48-ef46-44bf-ac98-cb2daa3cfd80@group-8A4815B43099-FollowerState: change to CANDIDATE, lastRpcElapsedTime:5087866497ns, electionTimeout:5074ms
2022-11-03 16:01:34,423 [d878db48-ef46-44bf-ac98-cb2daa3cfd80@group-8A4815B43099-FollowerState] INFO  impl.RoleInfo (RoleInfo.java:shutdownFollowerState(110)) - d878db48-ef46-44bf-ac98-cb2daa3cfd80: shutdown d878db48-ef46-44bf-ac98-cb2daa3cfd80@group-8A4815B43099-FollowerState
2022-11-03 16:01:34,423 [d878db48-ef46-44bf-ac98-cb2daa3cfd80@group-8A4815B43099-FollowerState] INFO  server.RaftServer$Division (RaftServerImpl.java:setRole(321)) - d878db48-ef46-44bf-ac98-cb2daa3cfd80@group-8A4815B43099: changes role from  FOLLOWER to CANDIDATE at term 2 for changeToCandidate
2022-11-03 16:01:34,423 [d878db48-ef46-44bf-ac98-cb2daa3cfd80@group-8A4815B43099-FollowerState] INFO  server.RaftServerConfigKeys (ConfUtils.java:logGet(46)) - raft.server.leaderelection.pre-vote = false (custom)
2022-11-03 16:01:34,423 [d878db48-ef46-44bf-ac98-cb2daa3cfd80@group-8A4815B43099-FollowerState] INFO  impl.RoleInfo (RoleInfo.java:updateAndGet(139)) - d878db48-ef46-44bf-ac98-cb2daa3cfd80: start d878db48-ef46-44bf-ac98-cb2daa3cfd80@group-8A4815B43099-LeaderElection28
2022-11-03 16:01:34,426 [d878db48-ef46-44bf-ac98-cb2daa3cfd80@group-8A4815B43099-LeaderElection28] INFO  impl.LeaderElection (LeaderElection.java:askForVotes(312)) - d878db48-ef46-44bf-ac98-cb2daa3cfd80@group-8A4815B43099-LeaderElection28 ELECTION round 0: submit vote requests at term 3 for -1: peers:[d878db48-ef46-44bf-ac98-cb2daa3cfd80|rpc:10.1.1.36:39321|priority:0|startupRole:FOLLOWER, b6bbe4ab-2937-401d-96b4-8acfa82ea187|rpc:10.1.1.36:37137|priority:0|startupRole:FOLLOWER, b412bf4c-8645-4ac9-920f-94e6c323f92a|rpc:10.1.1.36:37969|priority:1|startupRole:FOLLOWER]|listeners:[], old=null
2022-11-03 16:01:34,428 [grpc-default-executor-2] INFO  server.RaftServer$Division (RaftServerImpl.java:requestVote(1218)) - b6bbe4ab-2937-401d-96b4-8acfa82ea187@group-8A4815B43099: receive requestVote(ELECTION, d878db48-ef46-44bf-ac98-cb2daa3cfd80, group-8A4815B43099, 3, (t:0, i:0))
2022-11-03 16:01:34,428 [grpc-default-executor-2] INFO  impl.VoteContext (VoteContext.java:log(48)) - b6bbe4ab-2937-401d-96b4-8acfa82ea187@group-8A4815B43099-FOLLOWER: accept ELECTION from d878db48-ef46-44bf-ac98-cb2daa3cfd80: our priority 0 <= candidate's priority 0
2022-11-03 16:01:34,428 [grpc-default-executor-2] INFO  server.RaftServer$Division (RaftServerImpl.java:setRole(321)) - b6bbe4ab-2937-401d-96b4-8acfa82ea187@group-8A4815B43099: changes role from  FOLLOWER to FOLLOWER at term 3 for candidate:d878db48-ef46-44bf-ac98-cb2daa3cfd80
2022-11-03 16:01:34,428 [grpc-default-executor-2] INFO  impl.RoleInfo (RoleInfo.java:shutdownFollowerState(110)) - b6bbe4ab-2937-401d-96b4-8acfa82ea187: shutdown b6bbe4ab-2937-401d-96b4-8acfa82ea187@group-8A4815B43099-FollowerState
2022-11-03 16:01:34,428 [d878db48-ef46-44bf-ac98-cb2daa3cfd80@group-8A4815B43099-LeaderElection28] INFO  server.RaftServerConfigKeys (ConfUtils.java:logFallback(53)) - raft.server.rpc.first-election.timeout.min = 5s (fallback to raft.server.rpc.timeout.min)
2022-11-03 16:01:34,429 [d878db48-ef46-44bf-ac98-cb2daa3cfd80@group-8A4815B43099-LeaderElection28] INFO  server.RaftServerConfigKeys (ConfUtils.java:logFallback(53)) - raft.server.rpc.first-election.timeout.max = 5200ms (fallback to raft.server.rpc.timeout.max)
2022-11-03 16:01:34,429 [grpc-default-executor-2] INFO  impl.RoleInfo (RoleInfo.java:updateAndGet(139)) - b6bbe4ab-2937-401d-96b4-8acfa82ea187: start b6bbe4ab-2937-401d-96b4-8acfa82ea187@group-8A4815B43099-FollowerState
2022-11-03 16:01:34,429 [b6bbe4ab-2937-401d-96b4-8acfa82ea187@group-8A4815B43099-FollowerState] INFO  impl.FollowerState (FollowerState.java:run(152)) - b6bbe4ab-2937-401d-96b4-8acfa82ea187@group-8A4815B43099-FollowerState was interrupted
2022-11-03 16:01:34,430 [grpc-default-executor-0] INFO  server.RaftServer$Division (RaftServerImpl.java:requestVote(1218)) - b412bf4c-8645-4ac9-920f-94e6c323f92a@group-8A4815B43099: receive requestVote(ELECTION, d878db48-ef46-44bf-ac98-cb2daa3cfd80, group-8A4815B43099, 3, (t:0, i:0))
2022-11-03 16:01:34,430 [grpc-default-executor-0] INFO  impl.VoteContext (VoteContext.java:log(48)) - b412bf4c-8645-4ac9-920f-94e6c323f92a@group-8A4815B43099-FOLLOWER: reject ELECTION from d878db48-ef46-44bf-ac98-cb2daa3cfd80: our priority 1 > candidate's priority 0
2022-11-03 16:01:34,430 [grpc-default-executor-0] INFO  server.RaftServer$Division (RaftServerImpl.java:setRole(321)) - b412bf4c-8645-4ac9-920f-94e6c323f92a@group-8A4815B43099: changes role from  FOLLOWER to FOLLOWER at term 3 for candidate:d878db48-ef46-44bf-ac98-cb2daa3cfd80
2022-11-03 16:01:34,430 [grpc-default-executor-0] INFO  impl.RoleInfo (RoleInfo.java:shutdownFollowerState(110)) - b412bf4c-8645-4ac9-920f-94e6c323f92a: shutdown b412bf4c-8645-4ac9-920f-94e6c323f92a@group-8A4815B43099-FollowerState
2022-11-03 16:01:34,437 [b6bbe4ab-2937-401d-96b4-8acfa82ea187@group-8A4815B43099-FollowerState] INFO  server.RaftServerConfigKeys (ConfUtils.java:logFallback(53)) - raft.server.rpc.first-election.timeout.min = 5s (fallback to raft.server.rpc.timeout.min)
2022-11-03 16:01:34,442 [b412bf4c-8645-4ac9-920f-94e6c323f92a@group-8A4815B43099-FollowerState] INFO  impl.FollowerState (FollowerState.java:run(152)) - b412bf4c-8645-4ac9-920f-94e6c323f92a@group-8A4815B43099-FollowerState was interrupted
2022-11-03 16:01:34,441 [grpc-default-executor-2] INFO  server.RaftServer$Division (RaftServerImpl.java:requestVote(1251)) - b6bbe4ab-2937-401d-96b4-8acfa82ea187@group-8A4815B43099 replies to ELECTION vote request: d878db48-ef46-44bf-ac98-cb2daa3cfd80<-b6bbe4ab-2937-401d-96b4-8acfa82ea187#0:OK-t3. Peer's state: b6bbe4ab-2937-401d-96b4-8acfa82ea187@group-8A4815B43099:t3, leader=null, voted=d878db48-ef46-44bf-ac98-cb2daa3cfd80, raftlog=Memoized:b6bbe4ab-2937-401d-96b4-8acfa82ea187@group-8A4815B43099-SegmentedRaftLog:OPENED:c-1, conf=-1: peers:[d878db48-ef46-44bf-ac98-cb2daa3cfd80|rpc:10.1.1.36:39321|dataStream:|priority:0|startupRole:FOLLOWER, b6bbe4ab-2937-401d-96b4-8acfa82ea187|rpc:10.1.1.36:37137|dataStream:|priority:0|startupRole:FOLLOWER, b412bf4c-8645-4ac9-920f-94e6c323f92a|rpc:10.1.1.36:37969|dataStream:|priority:1|startupRole:FOLLOWER]|listeners:[], old=null
2022-11-03 16:01:34,437 [grpc-default-executor-0] INFO  impl.RoleInfo (RoleInfo.java:updateAndGet(139)) - b412bf4c-8645-4ac9-920f-94e6c323f92a: start b412bf4c-8645-4ac9-920f-94e6c323f92a@group-8A4815B43099-FollowerState
2022-11-03 16:01:34,443 [b6bbe4ab-2937-401d-96b4-8acfa82ea187@group-8A4815B43099-FollowerState] INFO  server.RaftServerConfigKeys (ConfUtils.java:logFallback(53)) - raft.server.rpc.first-election.timeout.max = 5200ms (fallback to raft.server.rpc.timeout.max)
2022-11-03 16:01:34,452 [b412bf4c-8645-4ac9-920f-94e6c323f92a@group-8A4815B43099-FollowerState] INFO  server.RaftServerConfigKeys (ConfUtils.java:logFallback(53)) - raft.server.rpc.first-election.timeout.min = 5s (fallback to raft.server.rpc.timeout.min)
2022-11-03 16:01:34,452 [grpc-default-executor-0] INFO  server.RaftServer$Division (RaftServerImpl.java:requestVote(1251)) - b412bf4c-8645-4ac9-920f-94e6c323f92a@group-8A4815B43099 replies to ELECTION vote request: d878db48-ef46-44bf-ac98-cb2daa3cfd80<-b412bf4c-8645-4ac9-920f-94e6c323f92a#0:FAIL-t3. Peer's state: b412bf4c-8645-4ac9-920f-94e6c323f92a@group-8A4815B43099:t3, leader=null, voted=null, raftlog=Memoized:b412bf4c-8645-4ac9-920f-94e6c323f92a@group-8A4815B43099-SegmentedRaftLog:OPENED:c-1, conf=-1: peers:[d878db48-ef46-44bf-ac98-cb2daa3cfd80|rpc:10.1.1.36:39321|dataStream:|priority:0|startupRole:FOLLOWER, b6bbe4ab-2937-401d-96b4-8acfa82ea187|rpc:10.1.1.36:37137|dataStream:|priority:0|startupRole:FOLLOWER, b412bf4c-8645-4ac9-920f-94e6c323f92a|rpc:10.1.1.36:37969|dataStream:|priority:1|startupRole:FOLLOWER]|listeners:[], old=null
2022-11-03 16:01:34,452 [b412bf4c-8645-4ac9-920f-94e6c323f92a@group-8A4815B43099-FollowerState] INFO  server.RaftServerConfigKeys (ConfUtils.java:logFallback(53)) - raft.server.rpc.first-election.timeout.max = 5200ms (fallback to raft.server.rpc.timeout.max)
2022-11-03 16:01:34,453 [d878db48-ef46-44bf-ac98-cb2daa3cfd80@group-8A4815B43099-LeaderElection28] INFO  impl.LeaderElection (LeaderElection.java:logAndReturn(90)) - d878db48-ef46-44bf-ac98-cb2daa3cfd80@group-8A4815B43099-LeaderElection28: ELECTION REJECTED received 2 response(s) and 0 exception(s):
2022-11-03 16:01:34,453 [d878db48-ef46-44bf-ac98-cb2daa3cfd80@group-8A4815B43099-LeaderElection28] INFO  impl.LeaderElection (LeaderElection.java:logAndReturn(94)) -   Response 0: d878db48-ef46-44bf-ac98-cb2daa3cfd80<-b6bbe4ab-2937-401d-96b4-8acfa82ea187#0:OK-t3
2022-11-03 16:01:34,453 [d878db48-ef46-44bf-ac98-cb2daa3cfd80@group-8A4815B43099-LeaderElection28] INFO  impl.LeaderElection (LeaderElection.java:logAndReturn(94)) -   Response 1: d878db48-ef46-44bf-ac98-cb2daa3cfd80<-b412bf4c-8645-4ac9-920f-94e6c323f92a#0:FAIL-t3
2022-11-03 16:01:34,453 [d878db48-ef46-44bf-ac98-cb2daa3cfd80@group-8A4815B43099-LeaderElection28] INFO  impl.LeaderElection (LeaderElection.java:askForVotes(314)) - d878db48-ef46-44bf-ac98-cb2daa3cfd80@group-8A4815B43099-LeaderElection28 ELECTION round 0: result REJECTED
2022-11-03 16:01:34,453 [d878db48-ef46-44bf-ac98-cb2daa3cfd80@group-8A4815B43099-LeaderElection28] INFO  server.RaftServer$Division (RaftServerImpl.java:setRole(321)) - d878db48-ef46-44bf-ac98-cb2daa3cfd80@group-8A4815B43099: changes role from CANDIDATE to FOLLOWER at term 3 for REJECTED
2022-11-03 16:01:34,453 [d878db48-ef46-44bf-ac98-cb2daa3cfd80@group-8A4815B43099-LeaderElection28] INFO  impl.RoleInfo (RoleInfo.java:shutdownLeaderElection(130)) - d878db48-ef46-44bf-ac98-cb2daa3cfd80: shutdown d878db48-ef46-44bf-ac98-cb2daa3cfd80@group-8A4815B43099-LeaderElection28
2022-11-03 16:01:34,453 [d878db48-ef46-44bf-ac98-cb2daa3cfd80@group-8A4815B43099-LeaderElection28] INFO  impl.RoleInfo (RoleInfo.java:updateAndGet(139)) - d878db48-ef46-44bf-ac98-cb2daa3cfd80: start d878db48-ef46-44bf-ac98-cb2daa3cfd80@group-8A4815B43099-FollowerState
2022-11-03 16:01:34,453 [d878db48-ef46-44bf-ac98-cb2daa3cfd80@group-8A4815B43099-FollowerState] INFO  server.RaftServerConfigKeys (ConfUtils.java:logFallback(53)) - raft.server.rpc.first-election.timeout.min = 5s (fallback to raft.server.rpc.timeout.min)
2022-11-03 16:01:34,454 [d878db48-ef46-44bf-ac98-cb2daa3cfd80@group-8A4815B43099-FollowerState] INFO  server.RaftServerConfigKeys (ConfUtils.java:logFallback(53)) - raft.server.rpc.first-election.timeout.max = 5200ms (fallback to raft.server.rpc.timeout.max)
2022-11-03 16:01:39,546 [b6bbe4ab-2937-401d-96b4-8acfa82ea187@group-8A4815B43099-FollowerState] INFO  impl.FollowerState (FollowerState.java:run(143)) - b6bbe4ab-2937-401d-96b4-8acfa82ea187@group-8A4815B43099-FollowerState: change to CANDIDATE, lastRpcElapsedTime:5104714476ns, electionTimeout:5103ms
2022-11-03 16:01:39,546 [b6bbe4ab-2937-401d-96b4-8acfa82ea187@group-8A4815B43099-FollowerState] INFO  impl.RoleInfo (RoleInfo.java:shutdownFollowerState(110)) - b6bbe4ab-2937-401d-96b4-8acfa82ea187: shutdown b6bbe4ab-2937-401d-96b4-8acfa82ea187@group-8A4815B43099-FollowerState
2022-11-03 16:01:39,546 [b6bbe4ab-2937-401d-96b4-8acfa82ea187@group-8A4815B43099-FollowerState] INFO  server.RaftServer$Division (RaftServerImpl.java:setRole(321)) - b6bbe4ab-2937-401d-96b4-8acfa82ea187@group-8A4815B43099: changes role from  FOLLOWER to CANDIDATE at term 3 for changeToCandidate
2022-11-03 16:01:39,547 [b6bbe4ab-2937-401d-96b4-8acfa82ea187@group-8A4815B43099-FollowerState] INFO  server.RaftServerConfigKeys (ConfUtils.java:logGet(46)) - raft.server.leaderelection.pre-vote = false (custom)
2022-11-03 16:01:39,547 [b6bbe4ab-2937-401d-96b4-8acfa82ea187@group-8A4815B43099-FollowerState] INFO  impl.RoleInfo (RoleInfo.java:updateAndGet(139)) - b6bbe4ab-2937-401d-96b4-8acfa82ea187: start b6bbe4ab-2937-401d-96b4-8acfa82ea187@group-8A4815B43099-LeaderElection29
2022-11-03 16:01:39,550 [b6bbe4ab-2937-401d-96b4-8acfa82ea187@group-8A4815B43099-LeaderElection29] INFO  impl.LeaderElection (LeaderElection.java:askForVotes(312)) - b6bbe4ab-2937-401d-96b4-8acfa82ea187@group-8A4815B43099-LeaderElection29 ELECTION round 0: submit vote requests at term 4 for -1: peers:[d878db48-ef46-44bf-ac98-cb2daa3cfd80|rpc:10.1.1.36:39321|dataStream:|priority:0|startupRole:FOLLOWER, b6bbe4ab-2937-401d-96b4-8acfa82ea187|rpc:10.1.1.36:37137|dataStream:|priority:0|startupRole:FOLLOWER, b412bf4c-8645-4ac9-920f-94e6c323f92a|rpc:10.1.1.36:37969|dataStream:|priority:1|startupRole:FOLLOWER]|listeners:[], old=null
2022-11-03 16:01:39,550 [b6bbe4ab-2937-401d-96b4-8acfa82ea187@group-8A4815B43099-LeaderElection29-1] INFO  server.GrpcServerProtocolClient (GrpcServerProtocolClient.java:<init>(63)) - Build channel for d878db48-ef46-44bf-ac98-cb2daa3cfd80
2022-11-03 16:01:39,550 [b6bbe4ab-2937-401d-96b4-8acfa82ea187@group-8A4815B43099-LeaderElection29] INFO  server.RaftServerConfigKeys (ConfUtils.java:logFallback(53)) - raft.server.rpc.first-election.timeout.min = 5s (fallback to raft.server.rpc.timeout.min)
2022-11-03 16:01:39,550 [b6bbe4ab-2937-401d-96b4-8acfa82ea187@group-8A4815B43099-LeaderElection29] INFO  server.RaftServerConfigKeys (ConfUtils.java:logFallback(53)) - raft.server.rpc.first-election.timeout.max = 5200ms (fallback to raft.server.rpc.timeout.max)
2022-11-03 16:01:39,551 [b6bbe4ab-2937-401d-96b4-8acfa82ea187@group-8A4815B43099-LeaderElection29-2] INFO  server.GrpcServerProtocolClient (GrpcServerProtocolClient.java:<init>(63)) - Build channel for b412bf4c-8645-4ac9-920f-94e6c323f92a
2022-11-03 16:01:39,554 [d878db48-ef46-44bf-ac98-cb2daa3cfd80@group-8A4815B43099-FollowerState] INFO  impl.FollowerState (FollowerState.java:run(143)) - d878db48-ef46-44bf-ac98-cb2daa3cfd80@group-8A4815B43099-FollowerState: change to CANDIDATE, lastRpcElapsedTime:5100449308ns, electionTimeout:5100ms
2022-11-03 16:01:39,554 [d878db48-ef46-44bf-ac98-cb2daa3cfd80@group-8A4815B43099-FollowerState] INFO  impl.RoleInfo (RoleInfo.java:shutdownFollowerState(110)) - d878db48-ef46-44bf-ac98-cb2daa3cfd80: shutdown d878db48-ef46-44bf-ac98-cb2daa3cfd80@group-8A4815B43099-FollowerState
2022-11-03 16:01:39,554 [d878db48-ef46-44bf-ac98-cb2daa3cfd80@group-8A4815B43099-FollowerState] INFO  server.RaftServer$Division (RaftServerImpl.java:setRole(321)) - d878db48-ef46-44bf-ac98-cb2daa3cfd80@group-8A4815B43099: changes role from  FOLLOWER to CANDIDATE at term 3 for changeToCandidate
2022-11-03 16:01:39,554 [d878db48-ef46-44bf-ac98-cb2daa3cfd80@group-8A4815B43099-FollowerState] INFO  server.RaftServerConfigKeys (ConfUtils.java:logGet(46)) - raft.server.leaderelection.pre-vote = false (custom)
2022-11-03 16:01:39,554 [d878db48-ef46-44bf-ac98-cb2daa3cfd80@group-8A4815B43099-FollowerState] INFO  impl.RoleInfo (RoleInfo.java:updateAndGet(139)) - d878db48-ef46-44bf-ac98-cb2daa3cfd80: start d878db48-ef46-44bf-ac98-cb2daa3cfd80@group-8A4815B43099-LeaderElection30
2022-11-03 16:01:39,560 [d878db48-ef46-44bf-ac98-cb2daa3cfd80@group-8A4815B43099-LeaderElection30] INFO  impl.LeaderElection (LeaderElection.java:askForVotes(312)) - d878db48-ef46-44bf-ac98-cb2daa3cfd80@group-8A4815B43099-LeaderElection30 ELECTION round 0: submit vote requests at term 4 for -1: peers:[d878db48-ef46-44bf-ac98-cb2daa3cfd80|rpc:10.1.1.36:39321|priority:0|startupRole:FOLLOWER, b6bbe4ab-2937-401d-96b4-8acfa82ea187|rpc:10.1.1.36:37137|priority:0|startupRole:FOLLOWER, b412bf4c-8645-4ac9-920f-94e6c323f92a|rpc:10.1.1.36:37969|priority:1|startupRole:FOLLOWER]|listeners:[], old=null
2022-11-03 16:01:39,563 [grpc-default-executor-0] INFO  server.RaftServer$Division (RaftServerImpl.java:requestVote(1218)) - b412bf4c-8645-4ac9-920f-94e6c323f92a@group-8A4815B43099: receive requestVote(ELECTION, b6bbe4ab-2937-401d-96b4-8acfa82ea187, group-8A4815B43099, 4, (t:0, i:0))
2022-11-03 16:01:39,563 [grpc-default-executor-0] INFO  impl.VoteContext (VoteContext.java:log(48)) - b412bf4c-8645-4ac9-920f-94e6c323f92a@group-8A4815B43099-FOLLOWER: reject ELECTION from b6bbe4ab-2937-401d-96b4-8acfa82ea187: our priority 1 > candidate's priority 0
2022-11-03 16:01:39,563 [grpc-default-executor-0] INFO  server.RaftServer$Division (RaftServerImpl.java:setRole(321)) - b412bf4c-8645-4ac9-920f-94e6c323f92a@group-8A4815B43099: changes role from  FOLLOWER to FOLLOWER at term 4 for candidate:b6bbe4ab-2937-401d-96b4-8acfa82ea187
2022-11-03 16:01:39,563 [grpc-default-executor-0] INFO  impl.RoleInfo (RoleInfo.java:shutdownFollowerState(110)) - b412bf4c-8645-4ac9-920f-94e6c323f92a: shutdown b412bf4c-8645-4ac9-920f-94e6c323f92a@group-8A4815B43099-FollowerState
2022-11-03 16:01:39,564 [d878db48-ef46-44bf-ac98-cb2daa3cfd80@group-8A4815B43099-LeaderElection30] INFO  server.RaftServerConfigKeys (ConfUtils.java:logFallback(53)) - raft.server.rpc.first-election.timeout.min = 5s (fallback to raft.server.rpc.timeout.min)
2022-11-03 16:01:39,564 [d878db48-ef46-44bf-ac98-cb2daa3cfd80@group-8A4815B43099-LeaderElection30] INFO  server.RaftServerConfigKeys (ConfUtils.java:logFallback(53)) - raft.server.rpc.first-election.timeout.max = 5200ms (fallback to raft.server.rpc.timeout.max)
2022-11-03 16:01:39,568 [grpc-default-executor-0] INFO  impl.RoleInfo (RoleInfo.java:updateAndGet(139)) - b412bf4c-8645-4ac9-920f-94e6c323f92a: start b412bf4c-8645-4ac9-920f-94e6c323f92a@group-8A4815B43099-FollowerState
2022-11-03 16:01:39,569 [b412bf4c-8645-4ac9-920f-94e6c323f92a@group-8A4815B43099-FollowerState] INFO  impl.FollowerState (FollowerState.java:run(152)) - b412bf4c-8645-4ac9-920f-94e6c323f92a@group-8A4815B43099-FollowerState was interrupted
2022-11-03 16:01:39,572 [grpc-default-executor-2] INFO  server.RaftServer$Division (RaftServerImpl.java:requestVote(1218)) - b6bbe4ab-2937-401d-96b4-8acfa82ea187@group-8A4815B43099: receive requestVote(ELECTION, d878db48-ef46-44bf-ac98-cb2daa3cfd80, group-8A4815B43099, 4, (t:0, i:0))
2022-11-03 16:01:39,572 [grpc-default-executor-2] INFO  impl.VoteContext (VoteContext.java:log(48)) - b6bbe4ab-2937-401d-96b4-8acfa82ea187@group-8A4815B43099-CANDIDATE: reject ELECTION from d878db48-ef46-44bf-ac98-cb2daa3cfd80: already has voted for b6bbe4ab-2937-401d-96b4-8acfa82ea187 at current term 4
2022-11-03 16:01:39,572 [grpc-default-executor-2] INFO  server.RaftServer$Division (RaftServerImpl.java:requestVote(1251)) - b6bbe4ab-2937-401d-96b4-8acfa82ea187@group-8A4815B43099 replies to ELECTION vote request: d878db48-ef46-44bf-ac98-cb2daa3cfd80<-b6bbe4ab-2937-401d-96b4-8acfa82ea187#0:FAIL-t4. Peer's state: b6bbe4ab-2937-401d-96b4-8acfa82ea187@group-8A4815B43099:t4, leader=null, voted=b6bbe4ab-2937-401d-96b4-8acfa82ea187, raftlog=Memoized:b6bbe4ab-2937-401d-96b4-8acfa82ea187@group-8A4815B43099-SegmentedRaftLog:OPENED:c-1, conf=-1: peers:[d878db48-ef46-44bf-ac98-cb2daa3cfd80|rpc:10.1.1.36:39321|dataStream:|priority:0|startupRole:FOLLOWER, b6bbe4ab-2937-401d-96b4-8acfa82ea187|rpc:10.1.1.36:37137|dataStream:|priority:0|startupRole:FOLLOWER, b412bf4c-8645-4ac9-920f-94e6c323f92a|rpc:10.1.1.36:37969|dataStream:|priority:1|startupRole:FOLLOWER]|listeners:[], old=null
2022-11-03 16:01:39,573 [grpc-default-executor-0] INFO  server.RaftServer$Division (RaftServerImpl.java:requestVote(1251)) - b412bf4c-8645-4ac9-920f-94e6c323f92a@group-8A4815B43099 replies to ELECTION vote request: b6bbe4ab-2937-401d-96b4-8acfa82ea187<-b412bf4c-8645-4ac9-920f-94e6c323f92a#0:FAIL-t4. Peer's state: b412bf4c-8645-4ac9-920f-94e6c323f92a@group-8A4815B43099:t4, leader=null, voted=null, raftlog=Memoized:b412bf4c-8645-4ac9-920f-94e6c323f92a@group-8A4815B43099-SegmentedRaftLog:OPENED:c-1, conf=-1: peers:[d878db48-ef46-44bf-ac98-cb2daa3cfd80|rpc:10.1.1.36:39321|dataStream:|priority:0|startupRole:FOLLOWER, b6bbe4ab-2937-401d-96b4-8acfa82ea187|rpc:10.1.1.36:37137|dataStream:|priority:0|startupRole:FOLLOWER, b412bf4c-8645-4ac9-920f-94e6c323f92a|rpc:10.1.1.36:37969|dataStream:|priority:1|startupRole:FOLLOWER]|listeners:[], old=null
2022-11-03 16:01:39,575 [grpc-default-executor-0] INFO  server.RaftServer$Division (RaftServerImpl.java:requestVote(1218)) - b412bf4c-8645-4ac9-920f-94e6c323f92a@group-8A4815B43099: receive requestVote(ELECTION, d878db48-ef46-44bf-ac98-cb2daa3cfd80, group-8A4815B43099, 4, (t:0, i:0))
2022-11-03 16:01:39,575 [grpc-default-executor-0] INFO  impl.VoteContext (VoteContext.java:log(48)) - b412bf4c-8645-4ac9-920f-94e6c323f92a@group-8A4815B43099-FOLLOWER: reject ELECTION from d878db48-ef46-44bf-ac98-cb2daa3cfd80: our priority 1 > candidate's priority 0
2022-11-03 16:01:39,575 [grpc-default-executor-0] INFO  server.RaftServer$Division (RaftServerImpl.java:setRole(321)) - b412bf4c-8645-4ac9-920f-94e6c323f92a@group-8A4815B43099: changes role from  FOLLOWER to FOLLOWER at term 4 for candidate:d878db48-ef46-44bf-ac98-cb2daa3cfd80
2022-11-03 16:01:39,575 [grpc-default-executor-0] INFO  impl.RoleInfo (RoleInfo.java:shutdownFollowerState(110)) - b412bf4c-8645-4ac9-920f-94e6c323f92a: shutdown b412bf4c-8645-4ac9-920f-94e6c323f92a@group-8A4815B43099-FollowerState
2022-11-03 16:01:39,575 [grpc-default-executor-0] INFO  impl.RoleInfo (RoleInfo.java:updateAndGet(139)) - b412bf4c-8645-4ac9-920f-94e6c323f92a: start b412bf4c-8645-4ac9-920f-94e6c323f92a@group-8A4815B43099-FollowerState
2022-11-03 16:01:39,576 [grpc-default-executor-0] INFO  server.RaftServer$Division (RaftServerImpl.java:requestVote(1251)) - b412bf4c-8645-4ac9-920f-94e6c323f92a@group-8A4815B43099 replies to ELECTION vote request: d878db48-ef46-44bf-ac98-cb2daa3cfd80<-b412bf4c-8645-4ac9-920f-94e6c323f92a#0:FAIL-t4. Peer's state: b412bf4c-8645-4ac9-920f-94e6c323f92a@group-8A4815B43099:t4, leader=null, voted=null, raftlog=Memoized:b412bf4c-8645-4ac9-920f-94e6c323f92a@group-8A4815B43099-SegmentedRaftLog:OPENED:c-1, conf=-1: peers:[d878db48-ef46-44bf-ac98-cb2daa3cfd80|rpc:10.1.1.36:39321|dataStream:|priority:0|startupRole:FOLLOWER, b6bbe4ab-2937-401d-96b4-8acfa82ea187|rpc:10.1.1.36:37137|dataStream:|priority:0|startupRole:FOLLOWER, b412bf4c-8645-4ac9-920f-94e6c323f92a|rpc:10.1.1.36:37969|dataStream:|priority:1|startupRole:FOLLOWER]|listeners:[], old=null
2022-11-03 16:01:39,576 [b412bf4c-8645-4ac9-920f-94e6c323f92a@group-8A4815B43099-FollowerState] INFO  impl.FollowerState (FollowerState.java:shouldRun(117)) - b412bf4c-8645-4ac9-920f-94e6c323f92a@group-8A4815B43099-FollowerState: Stopping now (isRunning? false, role = FOLLOWER)
2022-11-03 16:01:39,577 [b6bbe4ab-2937-401d-96b4-8acfa82ea187@group-8A4815B43099-LeaderElection29] INFO  impl.LeaderElection (LeaderElection.java:logAndReturn(90)) - b6bbe4ab-2937-401d-96b4-8acfa82ea187@group-8A4815B43099-LeaderElection29: ELECTION REJECTED received 1 response(s) and 0 exception(s):
2022-11-03 16:01:39,577 [b6bbe4ab-2937-401d-96b4-8acfa82ea187@group-8A4815B43099-LeaderElection29] INFO  impl.LeaderElection (LeaderElection.java:logAndReturn(94)) -   Response 0: b6bbe4ab-2937-401d-96b4-8acfa82ea187<-b412bf4c-8645-4ac9-920f-94e6c323f92a#0:FAIL-t4
2022-11-03 16:01:39,577 [b6bbe4ab-2937-401d-96b4-8acfa82ea187@group-8A4815B43099-LeaderElection29] INFO  impl.LeaderElection (LeaderElection.java:askForVotes(314)) - b6bbe4ab-2937-401d-96b4-8acfa82ea187@group-8A4815B43099-LeaderElection29 ELECTION round 0: result REJECTED
2022-11-03 16:01:39,577 [b6bbe4ab-2937-401d-96b4-8acfa82ea187@group-8A4815B43099-LeaderElection29] INFO  server.RaftServer$Division (RaftServerImpl.java:setRole(321)) - b6bbe4ab-2937-401d-96b4-8acfa82ea187@group-8A4815B43099: changes role from CANDIDATE to FOLLOWER at term 4 for REJECTED
2022-11-03 16:01:39,577 [b6bbe4ab-2937-401d-96b4-8acfa82ea187@group-8A4815B43099-LeaderElection29] INFO  impl.RoleInfo (RoleInfo.java:shutdownLeaderElection(130)) - b6bbe4ab-2937-401d-96b4-8acfa82ea187: shutdown b6bbe4ab-2937-401d-96b4-8acfa82ea187@group-8A4815B43099-LeaderElection29
2022-11-03 16:01:39,577 [b6bbe4ab-2937-401d-96b4-8acfa82ea187@group-8A4815B43099-LeaderElection29] INFO  impl.RoleInfo (RoleInfo.java:updateAndGet(139)) - b6bbe4ab-2937-401d-96b4-8acfa82ea187: start b6bbe4ab-2937-401d-96b4-8acfa82ea187@group-8A4815B43099-FollowerState
2022-11-03 16:01:39,579 [grpc-default-executor-0] INFO  server.RaftServer$Division (RaftServerImpl.java:requestVote(1218)) - d878db48-ef46-44bf-ac98-cb2daa3cfd80@group-8A4815B43099: receive requestVote(ELECTION, b6bbe4ab-2937-401d-96b4-8acfa82ea187, group-8A4815B43099, 4, (t:0, i:0))
2022-11-03 16:01:39,579 [grpc-default-executor-0] INFO  impl.VoteContext (VoteContext.java:log(48)) - d878db48-ef46-44bf-ac98-cb2daa3cfd80@group-8A4815B43099-CANDIDATE: reject ELECTION from b6bbe4ab-2937-401d-96b4-8acfa82ea187: already has voted for d878db48-ef46-44bf-ac98-cb2daa3cfd80 at current term 4
2022-11-03 16:01:39,579 [grpc-default-executor-0] INFO  server.RaftServer$Division (RaftServerImpl.java:requestVote(1251)) - d878db48-ef46-44bf-ac98-cb2daa3cfd80@group-8A4815B43099 replies to ELECTION vote request: b6bbe4ab-2937-401d-96b4-8acfa82ea187<-d878db48-ef46-44bf-ac98-cb2daa3cfd80#0:FAIL-t4. Peer's state: d878db48-ef46-44bf-ac98-cb2daa3cfd80@group-8A4815B43099:t4, leader=null, voted=d878db48-ef46-44bf-ac98-cb2daa3cfd80, raftlog=Memoized:d878db48-ef46-44bf-ac98-cb2daa3cfd80@group-8A4815B43099-SegmentedRaftLog:OPENED:c-1, conf=-1: peers:[d878db48-ef46-44bf-ac98-cb2daa3cfd80|rpc:10.1.1.36:39321|priority:0|startupRole:FOLLOWER, b6bbe4ab-2937-401d-96b4-8acfa82ea187|rpc:10.1.1.36:37137|priority:0|startupRole:FOLLOWER, b412bf4c-8645-4ac9-920f-94e6c323f92a|rpc:10.1.1.36:37969|priority:1|startupRole:FOLLOWER]|listeners:[], old=null
2022-11-03 16:01:39,582 [b412bf4c-8645-4ac9-920f-94e6c323f92a@group-8A4815B43099-FollowerState] INFO  server.RaftServerConfigKeys (ConfUtils.java:logFallback(53)) - raft.server.rpc.first-election.timeout.min = 5s (fallback to raft.server.rpc.timeout.min)
2022-11-03 16:01:39,582 [b412bf4c-8645-4ac9-920f-94e6c323f92a@group-8A4815B43099-FollowerState] INFO  server.RaftServerConfigKeys (ConfUtils.java:logFallback(53)) - raft.server.rpc.first-election.timeout.max = 5200ms (fallback to raft.server.rpc.timeout.max)
2022-11-03 16:01:39,588 [b6bbe4ab-2937-401d-96b4-8acfa82ea187@group-8A4815B43099-FollowerState] INFO  server.RaftServerConfigKeys (ConfUtils.java:logFallback(53)) - raft.server.rpc.first-election.timeout.min = 5s (fallback to raft.server.rpc.timeout.min)
2022-11-03 16:01:39,588 [b6bbe4ab-2937-401d-96b4-8acfa82ea187@group-8A4815B43099-FollowerState] INFO  server.RaftServerConfigKeys (ConfUtils.java:logFallback(53)) - raft.server.rpc.first-election.timeout.max = 5200ms (fallback to raft.server.rpc.timeout.max)
2022-11-03 16:01:39,588 [d878db48-ef46-44bf-ac98-cb2daa3cfd80@group-8A4815B43099-LeaderElection30] INFO  impl.LeaderElection (LeaderElection.java:logAndReturn(90)) - d878db48-ef46-44bf-ac98-cb2daa3cfd80@group-8A4815B43099-LeaderElection30: ELECTION REJECTED received 2 response(s) and 0 exception(s):
2022-11-03 16:01:39,588 [d878db48-ef46-44bf-ac98-cb2daa3cfd80@group-8A4815B43099-LeaderElection30] INFO  impl.LeaderElection (LeaderElection.java:logAndReturn(94)) -   Response 0: d878db48-ef46-44bf-ac98-cb2daa3cfd80<-b6bbe4ab-2937-401d-96b4-8acfa82ea187#0:FAIL-t4
2022-11-03 16:01:39,588 [d878db48-ef46-44bf-ac98-cb2daa3cfd80@group-8A4815B43099-LeaderElection30] INFO  impl.LeaderElection (LeaderElection.java:logAndReturn(94)) -   Response 1: d878db48-ef46-44bf-ac98-cb2daa3cfd80<-b412bf4c-8645-4ac9-920f-94e6c323f92a#0:FAIL-t4
2022-11-03 16:01:39,589 [d878db48-ef46-44bf-ac98-cb2daa3cfd80@group-8A4815B43099-LeaderElection30] INFO  impl.LeaderElection (LeaderElection.java:askForVotes(314)) - d878db48-ef46-44bf-ac98-cb2daa3cfd80@group-8A4815B43099-LeaderElection30 ELECTION round 0: result REJECTED
2022-11-03 16:01:39,589 [d878db48-ef46-44bf-ac98-cb2daa3cfd80@group-8A4815B43099-LeaderElection30] INFO  server.RaftServer$Division (RaftServerImpl.java:setRole(321)) - d878db48-ef46-44bf-ac98-cb2daa3cfd80@group-8A4815B43099: changes role from CANDIDATE to FOLLOWER at term 4 for REJECTED
2022-11-03 16:01:39,589 [d878db48-ef46-44bf-ac98-cb2daa3cfd80@group-8A4815B43099-LeaderElection30] INFO  impl.RoleInfo (RoleInfo.java:shutdownLeaderElection(130)) - d878db48-ef46-44bf-ac98-cb2daa3cfd80: shutdown d878db48-ef46-44bf-ac98-cb2daa3cfd80@group-8A4815B43099-LeaderElection30
2022-11-03 16:01:39,589 [d878db48-ef46-44bf-ac98-cb2daa3cfd80@group-8A4815B43099-LeaderElection30] INFO  impl.RoleInfo (RoleInfo.java:updateAndGet(139)) - d878db48-ef46-44bf-ac98-cb2daa3cfd80: start d878db48-ef46-44bf-ac98-cb2daa3cfd80@group-8A4815B43099-FollowerState
2022-11-03 16:01:39,589 [d878db48-ef46-44bf-ac98-cb2daa3cfd80@group-8A4815B43099-FollowerState] INFO  server.RaftServerConfigKeys (ConfUtils.java:logFallback(53)) - raft.server.rpc.first-election.timeout.min = 5s (fallback to raft.server.rpc.timeout.min)
2022-11-03 16:01:39,589 [d878db48-ef46-44bf-ac98-cb2daa3cfd80@group-8A4815B43099-FollowerState] INFO  server.RaftServerConfigKeys (ConfUtils.java:logFallback(53)) - raft.server.rpc.first-election.timeout.max = 5200ms (fallback to raft.server.rpc.timeout.max)
2022-11-03 16:01:44,652 [b412bf4c-8645-4ac9-920f-94e6c323f92a@group-8A4815B43099-FollowerState] INFO  impl.FollowerState (FollowerState.java:run(143)) - b412bf4c-8645-4ac9-920f-94e6c323f92a@group-8A4815B43099-FollowerState: change to CANDIDATE, lastRpcElapsedTime:5077285507ns, electionTimeout:5070ms
2022-11-03 16:01:44,652 [b412bf4c-8645-4ac9-920f-94e6c323f92a@group-8A4815B43099-FollowerState] INFO  impl.RoleInfo (RoleInfo.java:shutdownFollowerState(110)) - b412bf4c-8645-4ac9-920f-94e6c323f92a: shutdown b412bf4c-8645-4ac9-920f-94e6c323f92a@group-8A4815B43099-FollowerState
2022-11-03 16:01:44,652 [b412bf4c-8645-4ac9-920f-94e6c323f92a@group-8A4815B43099-FollowerState] INFO  server.RaftServer$Division (RaftServerImpl.java:setRole(321)) - b412bf4c-8645-4ac9-920f-94e6c323f92a@group-8A4815B43099: changes role from  FOLLOWER to CANDIDATE at term 4 for changeToCandidate
2022-11-03 16:01:44,653 [b412bf4c-8645-4ac9-920f-94e6c323f92a@group-8A4815B43099-FollowerState] INFO  server.RaftServerConfigKeys (ConfUtils.java:logGet(46)) - raft.server.leaderelection.pre-vote = false (custom)
2022-11-03 16:01:44,653 [b412bf4c-8645-4ac9-920f-94e6c323f92a@group-8A4815B43099-FollowerState] INFO  impl.RoleInfo (RoleInfo.java:updateAndGet(139)) - b412bf4c-8645-4ac9-920f-94e6c323f92a: start b412bf4c-8645-4ac9-920f-94e6c323f92a@group-8A4815B43099-LeaderElection31
2022-11-03 16:01:44,658 [b412bf4c-8645-4ac9-920f-94e6c323f92a@group-8A4815B43099-LeaderElection31] INFO  impl.LeaderElection (LeaderElection.java:askForVotes(312)) - b412bf4c-8645-4ac9-920f-94e6c323f92a@group-8A4815B43099-LeaderElection31 ELECTION round 0: submit vote requests at term 5 for -1: peers:[d878db48-ef46-44bf-ac98-cb2daa3cfd80|rpc:10.1.1.36:39321|dataStream:|priority:0|startupRole:FOLLOWER, b6bbe4ab-2937-401d-96b4-8acfa82ea187|rpc:10.1.1.36:37137|dataStream:|priority:0|startupRole:FOLLOWER, b412bf4c-8645-4ac9-920f-94e6c323f92a|rpc:10.1.1.36:37969|dataStream:|priority:1|startupRole:FOLLOWER]|listeners:[], old=null
2022-11-03 16:01:44,661 [b412bf4c-8645-4ac9-920f-94e6c323f92a@group-8A4815B43099-LeaderElection31] INFO  server.RaftServerConfigKeys (ConfUtils.java:logFallback(53)) - raft.server.rpc.first-election.timeout.min = 5s (fallback to raft.server.rpc.timeout.min)
2022-11-03 16:01:44,661 [b412bf4c-8645-4ac9-920f-94e6c323f92a@group-8A4815B43099-LeaderElection31] INFO  server.RaftServerConfigKeys (ConfUtils.java:logFallback(53)) - raft.server.rpc.first-election.timeout.max = 5200ms (fallback to raft.server.rpc.timeout.max)
2022-11-03 16:01:44,661 [grpc-default-executor-0] INFO  server.RaftServer$Division (RaftServerImpl.java:requestVote(1218)) - d878db48-ef46-44bf-ac98-cb2daa3cfd80@group-8A4815B43099: receive requestVote(ELECTION, b412bf4c-8645-4ac9-920f-94e6c323f92a, group-8A4815B43099, 5, (t:0, i:0))
2022-11-03 16:01:44,661 [grpc-default-executor-0] INFO  impl.VoteContext (VoteContext.java:log(48)) - d878db48-ef46-44bf-ac98-cb2daa3cfd80@group-8A4815B43099-FOLLOWER: accept ELECTION from b412bf4c-8645-4ac9-920f-94e6c323f92a: our priority 0 <= candidate's priority 1
2022-11-03 16:01:44,661 [grpc-default-executor-0] INFO  server.RaftServer$Division (RaftServerImpl.java:setRole(321)) - d878db48-ef46-44bf-ac98-cb2daa3cfd80@group-8A4815B43099: changes role from  FOLLOWER to FOLLOWER at term 5 for candidate:b412bf4c-8645-4ac9-920f-94e6c323f92a
2022-11-03 16:01:44,661 [grpc-default-executor-0] INFO  impl.RoleInfo (RoleInfo.java:shutdownFollowerState(110)) - d878db48-ef46-44bf-ac98-cb2daa3cfd80: shutdown d878db48-ef46-44bf-ac98-cb2daa3cfd80@group-8A4815B43099-FollowerState
2022-11-03 16:01:44,661 [grpc-default-executor-0] INFO  impl.RoleInfo (RoleInfo.java:updateAndGet(139)) - d878db48-ef46-44bf-ac98-cb2daa3cfd80: start d878db48-ef46-44bf-ac98-cb2daa3cfd80@group-8A4815B43099-FollowerState
2022-11-03 16:01:44,661 [d878db48-ef46-44bf-ac98-cb2daa3cfd80@group-8A4815B43099-FollowerState] INFO  impl.FollowerState (FollowerState.java:run(152)) - d878db48-ef46-44bf-ac98-cb2daa3cfd80@group-8A4815B43099-FollowerState was interrupted
2022-11-03 16:01:44,663 [grpc-default-executor-2] INFO  server.RaftServer$Division (RaftServerImpl.java:requestVote(1218)) - b6bbe4ab-2937-401d-96b4-8acfa82ea187@group-8A4815B43099: receive requestVote(ELECTION, b412bf4c-8645-4ac9-920f-94e6c323f92a, group-8A4815B43099, 5, (t:0, i:0))
2022-11-03 16:01:44,663 [grpc-default-executor-2] INFO  impl.VoteContext (VoteContext.java:log(48)) - b6bbe4ab-2937-401d-96b4-8acfa82ea187@group-8A4815B43099-FOLLOWER: accept ELECTION from b412bf4c-8645-4ac9-920f-94e6c323f92a: our priority 0 <= candidate's priority 1
2022-11-03 16:01:44,663 [grpc-default-executor-2] INFO  server.RaftServer$Division (RaftServerImpl.java:setRole(321)) - b6bbe4ab-2937-401d-96b4-8acfa82ea187@group-8A4815B43099: changes role from  FOLLOWER to FOLLOWER at term 5 for candidate:b412bf4c-8645-4ac9-920f-94e6c323f92a
2022-11-03 16:01:44,663 [grpc-default-executor-2] INFO  impl.RoleInfo (RoleInfo.java:shutdownFollowerState(110)) - b6bbe4ab-2937-401d-96b4-8acfa82ea187: shutdown b6bbe4ab-2937-401d-96b4-8acfa82ea187@group-8A4815B43099-FollowerState
2022-11-03 16:01:44,663 [grpc-default-executor-2] INFO  impl.RoleInfo (RoleInfo.java:updateAndGet(139)) - b6bbe4ab-2937-401d-96b4-8acfa82ea187: start b6bbe4ab-2937-401d-96b4-8acfa82ea187@group-8A4815B43099-FollowerState
2022-11-03 16:01:44,663 [b6bbe4ab-2937-401d-96b4-8acfa82ea187@group-8A4815B43099-FollowerState] INFO  impl.FollowerState (FollowerState.java:run(152)) - b6bbe4ab-2937-401d-96b4-8acfa82ea187@group-8A4815B43099-FollowerState was interrupted
2022-11-03 16:01:44,665 [grpc-default-executor-0] INFO  server.RaftServer$Division (RaftServerImpl.java:requestVote(1251)) - d878db48-ef46-44bf-ac98-cb2daa3cfd80@group-8A4815B43099 replies to ELECTION vote request: b412bf4c-8645-4ac9-920f-94e6c323f92a<-d878db48-ef46-44bf-ac98-cb2daa3cfd80#0:OK-t5. Peer's state: d878db48-ef46-44bf-ac98-cb2daa3cfd80@group-8A4815B43099:t5, leader=null, voted=b412bf4c-8645-4ac9-920f-94e6c323f92a, raftlog=Memoized:d878db48-ef46-44bf-ac98-cb2daa3cfd80@group-8A4815B43099-SegmentedRaftLog:OPENED:c-1, conf=-1: peers:[d878db48-ef46-44bf-ac98-cb2daa3cfd80|rpc:10.1.1.36:39321|priority:0|startupRole:FOLLOWER, b6bbe4ab-2937-401d-96b4-8acfa82ea187|rpc:10.1.1.36:37137|priority:0|startupRole:FOLLOWER, b412bf4c-8645-4ac9-920f-94e6c323f92a|rpc:10.1.1.36:37969|priority:1|startupRole:FOLLOWER]|listeners:[], old=null
2022-11-03 16:01:44,666 [grpc-default-executor-2] INFO  server.RaftServer$Division (RaftServerImpl.java:requestVote(1251)) - b6bbe4ab-2937-401d-96b4-8acfa82ea187@group-8A4815B43099 replies to ELECTION vote request: b412bf4c-8645-4ac9-920f-94e6c323f92a<-b6bbe4ab-2937-401d-96b4-8acfa82ea187#0:OK-t5. Peer's state: b6bbe4ab-2937-401d-96b4-8acfa82ea187@group-8A4815B43099:t5, leader=null, voted=b412bf4c-8645-4ac9-920f-94e6c323f92a, raftlog=Memoized:b6bbe4ab-2937-401d-96b4-8acfa82ea187@group-8A4815B43099-SegmentedRaftLog:OPENED:c-1, conf=-1: peers:[d878db48-ef46-44bf-ac98-cb2daa3cfd80|rpc:10.1.1.36:39321|dataStream:|priority:0|startupRole:FOLLOWER, b6bbe4ab-2937-401d-96b4-8acfa82ea187|rpc:10.1.1.36:37137|dataStream:|priority:0|startupRole:FOLLOWER, b412bf4c-8645-4ac9-920f-94e6c323f92a|rpc:10.1.1.36:37969|dataStream:|priority:1|startupRole:FOLLOWER]|listeners:[], old=null
2022-11-03 16:01:44,667 [b412bf4c-8645-4ac9-920f-94e6c323f92a@group-8A4815B43099-LeaderElection31] INFO  impl.LeaderElection (LeaderElection.java:logAndReturn(90)) - b412bf4c-8645-4ac9-920f-94e6c323f92a@group-8A4815B43099-LeaderElection31: ELECTION PASSED received 1 response(s) and 0 exception(s):
2022-11-03 16:01:44,667 [b412bf4c-8645-4ac9-920f-94e6c323f92a@group-8A4815B43099-LeaderElection31] INFO  impl.LeaderElection (LeaderElection.java:logAndReturn(94)) -   Response 0: b412bf4c-8645-4ac9-920f-94e6c323f92a<-d878db48-ef46-44bf-ac98-cb2daa3cfd80#0:OK-t5
2022-11-03 16:01:44,667 [b412bf4c-8645-4ac9-920f-94e6c323f92a@group-8A4815B43099-LeaderElection31] INFO  impl.LeaderElection (LeaderElection.java:askForVotes(314)) - b412bf4c-8645-4ac9-920f-94e6c323f92a@group-8A4815B43099-LeaderElection31 ELECTION round 0: result PASSED
2022-11-03 16:01:44,667 [b412bf4c-8645-4ac9-920f-94e6c323f92a@group-8A4815B43099-LeaderElection31] INFO  impl.RoleInfo (RoleInfo.java:shutdownLeaderElection(130)) - b412bf4c-8645-4ac9-920f-94e6c323f92a: shutdown b412bf4c-8645-4ac9-920f-94e6c323f92a@group-8A4815B43099-LeaderElection31
2022-11-03 16:01:44,667 [b412bf4c-8645-4ac9-920f-94e6c323f92a@group-8A4815B43099-LeaderElection31] INFO  server.RaftServer$Division (RaftServerImpl.java:setRole(321)) - b412bf4c-8645-4ac9-920f-94e6c323f92a@group-8A4815B43099: changes role from CANDIDATE to LEADER at term 5 for changeToLeader
2022-11-03 16:01:44,667 [b412bf4c-8645-4ac9-920f-94e6c323f92a@group-8A4815B43099-LeaderElection31] INFO  ratis.XceiverServerRatis (XceiverServerRatis.java:handleLeaderChangedNotification(863)) - Leader change notification received for group: group-8A4815B43099 with new leaderId: b412bf4c-8645-4ac9-920f-94e6c323f92a
2022-11-03 16:01:44,668 [b412bf4c-8645-4ac9-920f-94e6c323f92a@group-8A4815B43099-LeaderElection31] INFO  server.RaftServer$Division (ServerState.java:setLeader(313)) - b412bf4c-8645-4ac9-920f-94e6c323f92a@group-8A4815B43099: change Leader from null to b412bf4c-8645-4ac9-920f-94e6c323f92a at term 5 for becomeLeader, leader elected after 25731ms
2022-11-03 16:01:44,668 [b412bf4c-8645-4ac9-920f-94e6c323f92a@group-8A4815B43099-LeaderElection31] INFO  server.RaftServerConfigKeys (ConfUtils.java:logGet(46)) - raft.server.staging.catchup.gap = 1000 (default)
2022-11-03 16:01:44,668 [b412bf4c-8645-4ac9-920f-94e6c323f92a@group-8A4815B43099-LeaderElection31] INFO  server.RaftServerConfigKeys (ConfUtils.java:logGet(46)) - raft.server.write.element-limit = 1024 (custom)
2022-11-03 16:01:44,668 [b412bf4c-8645-4ac9-920f-94e6c323f92a@group-8A4815B43099-LeaderElection31] INFO  server.RaftServerConfigKeys (ConfUtils.java:logGet(46)) - raft.server.write.byte-limit = 1024 M (=1073741824) (custom)
2022-11-03 16:01:44,668 [b412bf4c-8645-4ac9-920f-94e6c323f92a@group-8A4815B43099-LeaderElection31] INFO  server.RaftServerConfigKeys (ConfUtils.java:logGet(46)) - raft.server.watch.timeout = 180s (custom)
2022-11-03 16:01:44,668 [b412bf4c-8645-4ac9-920f-94e6c323f92a@group-8A4815B43099-LeaderElection31] INFO  server.RaftServerConfigKeys (ConfUtils.java:logGet(46)) - raft.server.watch.timeout.denomination = 1s (default)
2022-11-03 16:01:44,668 [b412bf4c-8645-4ac9-920f-94e6c323f92a@group-8A4815B43099-LeaderElection31] INFO  server.RaftServerConfigKeys (ConfUtils.java:logGet(46)) - raft.server.watch.element-limit = 65536 (default)
2022-11-03 16:01:44,668 [b412bf4c-8645-4ac9-920f-94e6c323f92a@group-8A4815B43099-LeaderElection31] INFO  server.RaftServerConfigKeys (ConfUtils.java:logGet(46)) - raft.server.write.element-limit = 1024 (custom)
2022-11-03 16:01:44,668 [b412bf4c-8645-4ac9-920f-94e6c323f92a@group-8A4815B43099-LeaderElection31] INFO  server.RaftServerConfigKeys (ConfUtils.java:logGet(46)) - raft.server.write.follower.gap.ratio.max = -1.0 (default)
2022-11-03 16:01:44,669 [b412bf4c-8645-4ac9-920f-94e6c323f92a@group-8A4815B43099-LeaderElection31] INFO  server.RaftServerConfigKeys (ConfUtils.java:logGet(46)) - raft.server.log.appender.snapshot.chunk.size.max = 16MB (=16777216) (default)
2022-11-03 16:01:44,669 [b412bf4c-8645-4ac9-920f-94e6c323f92a@group-8A4815B43099-LeaderElection31] INFO  server.RaftServerConfigKeys (ConfUtils.java:logGet(46)) - raft.server.log.appender.buffer.byte-limit = 33554432 (custom)
2022-11-03 16:01:44,669 [b412bf4c-8645-4ac9-920f-94e6c323f92a@group-8A4815B43099-LeaderElection31] INFO  server.RaftServerConfigKeys (ConfUtils.java:logGet(46)) - raft.server.log.appender.buffer.element-limit = 1 (custom)
2022-11-03 16:01:44,669 [b412bf4c-8645-4ac9-920f-94e6c323f92a@group-8A4815B43099-LeaderElection31] INFO  grpc.GrpcConfigKeys (ConfUtils.java:logGet(46)) - raft.grpc.server.leader.outstanding.appends.max = 128 (default)
2022-11-03 16:01:44,669 [b412bf4c-8645-4ac9-920f-94e6c323f92a@group-8A4815B43099-LeaderElection31] INFO  server.RaftServerConfigKeys (ConfUtils.java:logGet(46)) - raft.server.rpc.request.timeout = 60s (custom)
2022-11-03 16:01:44,669 [b412bf4c-8645-4ac9-920f-94e6c323f92a@group-8A4815B43099-LeaderElection31] INFO  server.RaftServerConfigKeys (ConfUtils.java:logGet(46)) - raft.server.log.appender.install.snapshot.enabled = false (custom)
2022-11-03 16:01:44,669 [b412bf4c-8645-4ac9-920f-94e6c323f92a@group-8A4815B43099-LeaderElection31] INFO  grpc.GrpcConfigKeys (ConfUtils.java:logGet(46)) - raft.grpc.server.heartbeat.channel = true (default)
2022-11-03 16:01:44,669 [b412bf4c-8645-4ac9-920f-94e6c323f92a@group-8A4815B43099-LeaderElection31] INFO  server.RaftServerConfigKeys (ConfUtils.java:logGet(46)) - raft.server.log.appender.wait-time.min = 10ms (default)
2022-11-03 16:01:44,670 [b412bf4c-8645-4ac9-920f-94e6c323f92a@group-8A4815B43099-LeaderElection31] INFO  server.RaftServerConfigKeys (ConfUtils.java:logGet(46)) - raft.server.log.appender.snapshot.chunk.size.max = 16MB (=16777216) (default)
2022-11-03 16:01:44,670 [b412bf4c-8645-4ac9-920f-94e6c323f92a@group-8A4815B43099-LeaderElection31] INFO  server.RaftServerConfigKeys (ConfUtils.java:logGet(46)) - raft.server.log.appender.buffer.byte-limit = 33554432 (custom)
2022-11-03 16:01:44,670 [b412bf4c-8645-4ac9-920f-94e6c323f92a@group-8A4815B43099-LeaderElection31] INFO  server.RaftServerConfigKeys (ConfUtils.java:logGet(46)) - raft.server.log.appender.buffer.element-limit = 1 (custom)
2022-11-03 16:01:44,670 [b412bf4c-8645-4ac9-920f-94e6c323f92a@group-8A4815B43099-LeaderElection31] INFO  grpc.GrpcConfigKeys (ConfUtils.java:logGet(46)) - raft.grpc.server.leader.outstanding.appends.max = 128 (default)
2022-11-03 16:01:44,670 [b412bf4c-8645-4ac9-920f-94e6c323f92a@group-8A4815B43099-LeaderElection31] INFO  server.RaftServerConfigKeys (ConfUtils.java:logGet(46)) - raft.server.rpc.request.timeout = 60s (custom)
2022-11-03 16:01:44,670 [b412bf4c-8645-4ac9-920f-94e6c323f92a@group-8A4815B43099-LeaderElection31] INFO  server.RaftServerConfigKeys (ConfUtils.java:logGet(46)) - raft.server.log.appender.install.snapshot.enabled = false (custom)
2022-11-03 16:01:44,670 [b412bf4c-8645-4ac9-920f-94e6c323f92a@group-8A4815B43099-LeaderElection31] INFO  grpc.GrpcConfigKeys (ConfUtils.java:logGet(46)) - raft.grpc.server.heartbeat.channel = true (default)
2022-11-03 16:01:44,670 [b412bf4c-8645-4ac9-920f-94e6c323f92a@group-8A4815B43099-LeaderElection31] INFO  server.RaftServerConfigKeys (ConfUtils.java:logGet(46)) - raft.server.log.appender.wait-time.min = 10ms (default)
2022-11-03 16:01:44,670 [b412bf4c-8645-4ac9-920f-94e6c323f92a@group-8A4815B43099-LeaderElection31] INFO  impl.RoleInfo (RoleInfo.java:updateAndGet(139)) - b412bf4c-8645-4ac9-920f-94e6c323f92a: start b412bf4c-8645-4ac9-920f-94e6c323f92a@group-8A4815B43099-LeaderStateImpl
2022-11-03 16:01:44,670 [b412bf4c-8645-4ac9-920f-94e6c323f92a@group-8A4815B43099-LeaderElection31] INFO  segmented.SegmentedRaftLogWorker (SegmentedRaftLogWorker.java:startLogSegment(452)) - b412bf4c-8645-4ac9-920f-94e6c323f92a@group-8A4815B43099-SegmentedRaftLogWorker: Starting segment from index:0
2022-11-03 16:01:44,671 [EventQueue-PipelineReportForPipelineReportHandler] INFO  pipeline.PipelineManagerImpl (PipelineManagerImpl.java:openPipeline(367)) - Pipeline Pipeline[ Id: 96bdac19-5020-4b5d-bd54-8a4815b43099, Nodes: d878db48-ef46-44bf-ac98-cb2daa3cfd80{ip: 10.1.1.36, host: fv-az47-358.mma5zatft5wupo5mzspaixdheh.bx.internal.cloudapp.net, ports: [REPLICATION=44811, RATIS=39321, RATIS_ADMIN=39321, RATIS_SERVER=39321, STANDALONE=40525], networkLocation: /default-rack, certSerialId: null, persistedOpState: IN_SERVICE, persistedOpStateExpiryEpochSec: 0}b412bf4c-8645-4ac9-920f-94e6c323f92a{ip: 10.1.1.36, host: fv-az47-358.mma5zatft5wupo5mzspaixdheh.bx.internal.cloudapp.net, ports: [REPLICATION=39897, RATIS=37969, RATIS_ADMIN=37969, RATIS_SERVER=37969, STANDALONE=37951], networkLocation: /default-rack, certSerialId: null, persistedOpState: IN_SERVICE, persistedOpStateExpiryEpochSec: 0}b6bbe4ab-2937-401d-96b4-8acfa82ea187{ip: 10.1.1.36, host: fv-az47-358.mma5zatft5wupo5mzspaixdheh.bx.internal.cloudapp.net, ports: [REPLICATION=42469, RATIS=37137, RATIS_ADMIN=37137, RATIS_SERVER=37137, STANDALONE=37887], networkLocation: /default-rack, certSerialId: null, persistedOpState: IN_SERVICE, persistedOpStateExpiryEpochSec: 0}, ReplicationConfig: RATIS/THREE, State:ALLOCATED, leaderId:b412bf4c-8645-4ac9-920f-94e6c323f92a, CreationTimestamp2022-11-03T16:01:16.559Z[Etc/UTC]] moved to OPEN state
2022-11-03 16:01:44,672 [b6bbe4ab-2937-401d-96b4-8acfa82ea187@group-8A4815B43099-FollowerState] INFO  server.RaftServerConfigKeys (ConfUtils.java:logFallback(53)) - raft.server.rpc.first-election.timeout.min = 5s (fallback to raft.server.rpc.timeout.min)
2022-11-03 16:01:44,673 [b6bbe4ab-2937-401d-96b4-8acfa82ea187@group-8A4815B43099-FollowerState] INFO  server.RaftServerConfigKeys (ConfUtils.java:logFallback(53)) - raft.server.rpc.first-election.timeout.max = 5200ms (fallback to raft.server.rpc.timeout.max)
2022-11-03 16:01:44,673 [d878db48-ef46-44bf-ac98-cb2daa3cfd80@group-8A4815B43099-FollowerState] INFO  server.RaftServerConfigKeys (ConfUtils.java:logFallback(53)) - raft.server.rpc.first-election.timeout.min = 5s (fallback to raft.server.rpc.timeout.min)
2022-11-03 16:01:44,672 [b412bf4c-8645-4ac9-920f-94e6c323f92a@group-8A4815B43099-SegmentedRaftLogWorker] INFO  segmented.SegmentedRaftLogWorker (SegmentedRaftLogWorker.java:execute(656)) - b412bf4c-8645-4ac9-920f-94e6c323f92a@group-8A4815B43099-SegmentedRaftLogWorker: created new log segment /home/runner/work/ozone/ozone/hadoop-ozone/integration-test/target/test-dir/MiniOzoneClusterImpl-84bf62e0-a170-4695-9dd9-8848938f690d/datanode-7/data/ratis/96bdac19-5020-4b5d-bd54-8a4815b43099/current/log_inprogress_0
2022-11-03 16:01:44,673 [d878db48-ef46-44bf-ac98-cb2daa3cfd80@group-8A4815B43099-FollowerState] INFO  server.RaftServerConfigKeys (ConfUtils.java:logFallback(53)) - raft.server.rpc.first-election.timeout.max = 5200ms (fallback to raft.server.rpc.timeout.max)
2022-11-03 16:01:44,676 [b412bf4c-8645-4ac9-920f-94e6c323f92a@group-8A4815B43099-LeaderElection31] INFO  server.RaftServer$Division (ServerState.java:setRaftConf(430)) - b412bf4c-8645-4ac9-920f-94e6c323f92a@group-8A4815B43099: set configuration 0: peers:[d878db48-ef46-44bf-ac98-cb2daa3cfd80|rpc:10.1.1.36:39321|dataStream:|priority:0|startupRole:FOLLOWER, b6bbe4ab-2937-401d-96b4-8acfa82ea187|rpc:10.1.1.36:37137|dataStream:|priority:0|startupRole:FOLLOWER, b412bf4c-8645-4ac9-920f-94e6c323f92a|rpc:10.1.1.36:37969|dataStream:|priority:1|startupRole:FOLLOWER]|listeners:[], old=null
2022-11-03 16:01:44,679 [d878db48-ef46-44bf-ac98-cb2daa3cfd80-server-thread1] INFO  ratis.XceiverServerRatis (XceiverServerRatis.java:handleLeaderChangedNotification(863)) - Leader change notification received for group: group-8A4815B43099 with new leaderId: b412bf4c-8645-4ac9-920f-94e6c323f92a
2022-11-03 16:01:44,679 [d878db48-ef46-44bf-ac98-cb2daa3cfd80-server-thread1] INFO  server.RaftServer$Division (ServerState.java:setLeader(313)) - d878db48-ef46-44bf-ac98-cb2daa3cfd80@group-8A4815B43099: change Leader from null to b412bf4c-8645-4ac9-920f-94e6c323f92a at term 5 for appendEntries, leader elected after 25774ms
2022-11-03 16:01:44,679 [d878db48-ef46-44bf-ac98-cb2daa3cfd80-server-thread1] INFO  server.RaftServer$Division (ServerState.java:setRaftConf(430)) - d878db48-ef46-44bf-ac98-cb2daa3cfd80@group-8A4815B43099: set configuration 0: peers:[d878db48-ef46-44bf-ac98-cb2daa3cfd80|rpc:10.1.1.36:39321|dataStream:|priority:0|startupRole:FOLLOWER, b6bbe4ab-2937-401d-96b4-8acfa82ea187|rpc:10.1.1.36:37137|dataStream:|priority:0|startupRole:FOLLOWER, b412bf4c-8645-4ac9-920f-94e6c323f92a|rpc:10.1.1.36:37969|dataStream:|priority:1|startupRole:FOLLOWER]|listeners:[], old=null
2022-11-03 16:01:44,679 [d878db48-ef46-44bf-ac98-cb2daa3cfd80-server-thread1] INFO  segmented.SegmentedRaftLogWorker (SegmentedRaftLogWorker.java:startLogSegment(452)) - d878db48-ef46-44bf-ac98-cb2daa3cfd80@group-8A4815B43099-SegmentedRaftLogWorker: Starting segment from index:0
2022-11-03 16:01:44,684 [b6bbe4ab-2937-401d-96b4-8acfa82ea187-server-thread1] INFO  ratis.XceiverServerRatis (XceiverServerRatis.java:handleLeaderChangedNotification(863)) - Leader change notification received for group: group-8A4815B43099 with new leaderId: b412bf4c-8645-4ac9-920f-94e6c323f92a
2022-11-03 16:01:44,684 [b6bbe4ab-2937-401d-96b4-8acfa82ea187-server-thread1] INFO  server.RaftServer$Division (ServerState.java:setLeader(313)) - b6bbe4ab-2937-401d-96b4-8acfa82ea187@group-8A4815B43099: change Leader from null to b412bf4c-8645-4ac9-920f-94e6c323f92a at term 5 for appendEntries, leader elected after 25716ms
2022-11-03 16:01:44,687 [d878db48-ef46-44bf-ac98-cb2daa3cfd80@group-8A4815B43099-SegmentedRaftLogWorker] INFO  segmented.SegmentedRaftLogWorker (SegmentedRaftLogWorker.java:execute(656)) - d878db48-ef46-44bf-ac98-cb2daa3cfd80@group-8A4815B43099-SegmentedRaftLogWorker: created new log segment /home/runner/work/ozone/ozone/hadoop-ozone/integration-test/target/test-dir/MiniOzoneClusterImpl-84bf62e0-a170-4695-9dd9-8848938f690d/datanode-6/data/ratis/96bdac19-5020-4b5d-bd54-8a4815b43099/current/log_inprogress_0
2022-11-03 16:01:44,689 [b6bbe4ab-2937-401d-96b4-8acfa82ea187-server-thread1] INFO  server.RaftServer$Division (ServerState.java:setRaftConf(430)) - b6bbe4ab-2937-401d-96b4-8acfa82ea187@group-8A4815B43099: set configuration 0: peers:[d878db48-ef46-44bf-ac98-cb2daa3cfd80|rpc:10.1.1.36:39321|dataStream:|priority:0|startupRole:FOLLOWER, b6bbe4ab-2937-401d-96b4-8acfa82ea187|rpc:10.1.1.36:37137|dataStream:|priority:0|startupRole:FOLLOWER, b412bf4c-8645-4ac9-920f-94e6c323f92a|rpc:10.1.1.36:37969|dataStream:|priority:1|startupRole:FOLLOWER]|listeners:[], old=null
2022-11-03 16:01:44,689 [b6bbe4ab-2937-401d-96b4-8acfa82ea187-server-thread1] INFO  segmented.SegmentedRaftLogWorker (SegmentedRaftLogWorker.java:startLogSegment(452)) - b6bbe4ab-2937-401d-96b4-8acfa82ea187@group-8A4815B43099-SegmentedRaftLogWorker: Starting segment from index:0
2022-11-03 16:01:44,691 [b6bbe4ab-2937-401d-96b4-8acfa82ea187@group-8A4815B43099-SegmentedRaftLogWorker] INFO  segmented.SegmentedRaftLogWorker (SegmentedRaftLogWorker.java:execute(656)) - b6bbe4ab-2937-401d-96b4-8acfa82ea187@group-8A4815B43099-SegmentedRaftLogWorker: created new log segment /home/runner/work/ozone/ozone/hadoop-ozone/integration-test/target/test-dir/MiniOzoneClusterImpl-84bf62e0-a170-4695-9dd9-8848938f690d/datanode-8/data/ratis/96bdac19-5020-4b5d-bd54-8a4815b43099/current/log_inprogress_0
2022-11-03 16:02:00,241 [Under Replicated Processor] INFO  replication.UnderReplicatedProcessor (UnderReplicatedProcessor.java:processAll(92)) - Processed 0 under replicated containers, failed processing 0
2022-11-03 16:02:00,248 [Over Replicated Processor] INFO  replication.OverReplicatedProcessor (OverReplicatedProcessor.java:processAll(90)) - Processed 0 over replicated containers, failed processing 0
2022-11-03 16:02:30,241 [Under Replicated Processor] INFO  replication.UnderReplicatedProcessor (UnderReplicatedProcessor.java:processAll(92)) - Processed 0 under replicated containers, failed processing 0
2022-11-03 16:02:30,248 [Over Replicated Processor] INFO  replication.OverReplicatedProcessor (OverReplicatedProcessor.java:processAll(90)) - Processed 0 over replicated containers, failed processing 0
2022-11-03 16:03:00,242 [Under Replicated Processor] INFO  replication.UnderReplicatedProcessor (UnderReplicatedProcessor.java:processAll(92)) - Processed 0 under replicated containers, failed processing 0
2022-11-03 16:03:00,248 [Over Replicated Processor] INFO  replication.OverReplicatedProcessor (OverReplicatedProcessor.java:processAll(90)) - Processed 0 over replicated containers, failed processing 0
]]></system-out>
  </testcase>
</testsuite>