<?xml version="1.0" encoding="UTF-8"?>
<testsuite xmlns:xsi="http://www.w3.org/2001/XMLSchema-instance" xsi:noNamespaceSchemaLocation="https://maven.apache.org/surefire/maven-surefire-plugin/xsd/surefire-test-report-3.0.xsd" version="3.0" name="org.apache.hadoop.ozone.client.rpc.read.TestKeyInputStream" time="648.928" tests="6" errors="1" skipped="0" failures="0">
  <properties>
    <property name="awt.toolkit" value="sun.awt.X11.XToolkit"/>
    <property name="file.encoding.pkg" value="sun.io"/>
    <property name="java.specification.version" value="1.8"/>
    <property name="sun.cpu.isalist" value=""/>
    <property name="sun.jnu.encoding" value="UTF-8"/>
    <property name="java.class.path" value="/home/runner/work/ozone/ozone/hadoop-ozone/integration-test/target/test-classes:/home/runner/work/ozone/ozone/hadoop-ozone/integration-test/target/classes:/home/runner/.m2/repository/org/apache/ozone/ozone-common/1.3.0-SNAPSHOT/ozone-common-1.3.0-SNAPSHOT.jar:/home/runner/.m2/repository/io/grpc/grpc-netty/1.48.1/grpc-netty-1.48.1.jar:/home/runner/.m2/repository/io/grpc/grpc-core/1.48.1/grpc-core-1.48.1.jar:/home/runner/.m2/repository/com/google/android/annotations/4.1.1.4/annotations-4.1.1.4.jar:/home/runner/.m2/repository/org/codehaus/mojo/animal-sniffer-annotations/1.21/animal-sniffer-annotations-1.21.jar:/home/runner/.m2/repository/com/google/errorprone/error_prone_annotations/2.2.0/error_prone_annotations-2.2.0.jar:/home/runner/.m2/repository/io/perfmark/perfmark-api/0.25.0/perfmark-api-0.25.0.jar:/home/runner/.m2/repository/io/netty/netty-codec-http2/4.1.79.Final/netty-codec-http2-4.1.79.Final.jar:/home/runner/.m2/repository/io/netty/netty-common/4.1.79.Final/netty-common-4.1.79.Final.jar:/home/runner/.m2/repository/io/netty/netty-buffer/4.1.79.Final/netty-buffer-4.1.79.Final.jar:/home/runner/.m2/repository/io/netty/netty-codec-http/4.1.79.Final/netty-codec-http-4.1.79.Final.jar:/home/runner/.m2/repository/io/netty/netty-handler-proxy/4.1.79.Final/netty-handler-proxy-4.1.79.Final.jar:/home/runner/.m2/repository/io/netty/netty-codec-socks/4.1.79.Final/netty-codec-socks-4.1.79.Final.jar:/home/runner/.m2/repository/io/netty/netty-tcnative-boringssl-static/2.0.53.Final/netty-tcnative-boringssl-static-2.0.53.Final.jar:/home/runner/.m2/repository/io/netty/netty-tcnative-classes/2.0.53.Final/netty-tcnative-classes-2.0.53.Final.jar:/home/runner/.m2/repository/io/netty/netty-tcnative-boringssl-static/2.0.53.Final/netty-tcnative-boringssl-static-2.0.53.Final-linux-x86_64.jar:/home/runner/.m2/repository/io/netty/netty-tcnative-boringssl-static/2.0.53.Final/netty-tcnative-boringssl-static-2.0.53.Final-linux-aarch_64.jar:/home/runner/.m2/repository/io/netty/netty-tcnative-boringssl-static/2.0.53.Final/netty-tcnative-boringssl-static-2.0.53.Final-osx-x86_64.jar:/home/runner/.m2/repository/io/netty/netty-tcnative-boringssl-static/2.0.53.Final/netty-tcnative-boringssl-static-2.0.53.Final-osx-aarch_64.jar:/home/runner/.m2/repository/io/netty/netty-tcnative-boringssl-static/2.0.53.Final/netty-tcnative-boringssl-static-2.0.53.Final-windows-x86_64.jar:/home/runner/.m2/repository/org/apache/commons/commons-compress/1.21/commons-compress-1.21.jar:/home/runner/.m2/repository/org/apache/ozone/hdds-common/1.3.0-SNAPSHOT/hdds-common-1.3.0-SNAPSHOT.jar:/home/runner/.m2/repository/org/apache/ozone/hdds-client/1.3.0-SNAPSHOT/hdds-client-1.3.0-SNAPSHOT.jar:/home/runner/.m2/repository/org/apache/ozone/ozone-interface-client/1.3.0-SNAPSHOT/ozone-interface-client-1.3.0-SNAPSHOT.jar:/home/runner/.m2/repository/org/apache/ozone/hdds-test-utils/1.3.0-SNAPSHOT/hdds-test-utils-1.3.0-SNAPSHOT.jar:/home/runner/.m2/repository/com/google/guava/guava/31.1-jre/guava-31.1-jre.jar:/home/runner/.m2/repository/com/google/guava/failureaccess/1.0.1/failureaccess-1.0.1.jar:/home/runner/.m2/repository/com/google/guava/listenablefuture/9999.0-empty-to-avoid-conflict-with-guava/listenablefuture-9999.0-empty-to-avoid-conflict-with-guava.jar:/home/runner/.m2/repository/com/google/code/findbugs/jsr305/3.0.0/jsr305-3.0.0.jar:/home/runner/.m2/repository/org/checkerframework/checker-qual/3.12.0/checker-qual-3.12.0.jar:/home/runner/.m2/repository/com/google/j2objc/j2objc-annotations/1.3/j2objc-annotations-1.3.jar:/home/runner/.m2/repository/commons-io/commons-io/2.11.0/commons-io-2.11.0.jar:/home/runner/.m2/repository/commons-logging/commons-logging/1.2/commons-logging-1.2.jar:/home/runner/.m2/repository/ch/qos/reload4j/reload4j/1.2.22/reload4j-1.2.22.jar:/home/runner/.m2/repository/org/slf4j/slf4j-api/1.7.36/slf4j-api-1.7.36.jar:/home/runner/.m2/repository/org/apache/ozone/hdds-server-scm/1.3.0-SNAPSHOT/hdds-server-scm-1.3.0-SNAPSHOT.jar:/home/runner/.m2/repository/org/apache/ozone/hdds-container-service/1.3.0-SNAPSHOT/hdds-container-service-1.3.0-SNAPSHOT.jar:/home/runner/.m2/repository/org/apache/ozone/hdds-hadoop-dependency-server/1.3.0-SNAPSHOT/hdds-hadoop-dependency-server-1.3.0-SNAPSHOT.jar:/home/runner/.m2/repository/org/apache/hadoop/hadoop-hdfs/3.3.1/hadoop-hdfs-3.3.1.jar:/home/runner/.m2/repository/org/eclipse/jetty/jetty-util-ajax/9.4.43.v20210629/jetty-util-ajax-9.4.43.v20210629.jar:/home/runner/.m2/repository/commons-daemon/commons-daemon/1.0.13/commons-daemon-1.0.13.jar:/home/runner/.m2/repository/org/apache/ozone/hdds-server-framework/1.3.0-SNAPSHOT/hdds-server-framework-1.3.0-SNAPSHOT.jar:/home/runner/.m2/repository/org/apache/ozone/hdds-interface-server/1.3.0-SNAPSHOT/hdds-interface-server-1.3.0-SNAPSHOT.jar:/home/runner/.m2/repository/org/apache/logging/log4j/log4j-core/2.17.1/log4j-core-2.17.1.jar:/home/runner/.m2/repository/com/lmax/disruptor/3.4.2/disruptor-3.4.2.jar:/home/runner/.m2/repository/org/eclipse/jetty/jetty-servlet/9.4.43.v20210629/jetty-servlet-9.4.43.v20210629.jar:/home/runner/.m2/repository/org/eclipse/jetty/jetty-security/9.4.43.v20210629/jetty-security-9.4.43.v20210629.jar:/home/runner/.m2/repository/org/rocksdb/rocksdbjni/7.4.5/rocksdbjni-7.4.5.jar:/home/runner/.m2/repository/io/prometheus/simpleclient_dropwizard/0.7.0/simpleclient_dropwizard-0.7.0.jar:/home/runner/.m2/repository/io/prometheus/simpleclient/0.7.0/simpleclient-0.7.0.jar:/home/runner/.m2/repository/io/prometheus/simpleclient_common/0.7.0/simpleclient_common-0.7.0.jar:/home/runner/.m2/repository/io/dropwizard/metrics/metrics-core/3.2.4/metrics-core-3.2.4.jar:/home/runner/.m2/repository/org/apache/hadoop/hadoop-hdfs-client/3.3.1/hadoop-hdfs-client-3.3.1.jar:/home/runner/.m2/repository/org/bouncycastle/bcprov-jdk15on/1.67/bcprov-jdk15on-1.67.jar:/home/runner/.m2/repository/com/google/protobuf/protobuf-java/2.5.0/protobuf-java-2.5.0.jar:/home/runner/.m2/repository/org/apache/ozone/ozone-manager/1.3.0-SNAPSHOT/ozone-manager-1.3.0-SNAPSHOT.jar:/home/runner/.m2/repository/org/aspectj/aspectjrt/1.9.7/aspectjrt-1.9.7.jar:/home/runner/.m2/repository/org/aspectj/aspectjweaver/1.9.7/aspectjweaver-1.9.7.jar:/home/runner/.m2/repository/org/apache/ozone/hdds-interface-client/1.3.0-SNAPSHOT/hdds-interface-client-1.3.0-SNAPSHOT.jar:/home/runner/.m2/repository/org/apache/hadoop/thirdparty/hadoop-shaded-protobuf_3_7/1.1.1/hadoop-shaded-protobuf_3_7-1.1.1.jar:/home/runner/.m2/repository/org/apache/ozone/ozone-interface-storage/1.3.0-SNAPSHOT/ozone-interface-storage-1.3.0-SNAPSHOT.jar:/home/runner/.m2/repository/org/reflections/reflections/0.9.11/reflections-0.9.11.jar:/home/runner/.m2/repository/com/sun/jersey/jersey-client/1.19/jersey-client-1.19.jar:/home/runner/.m2/repository/org/apache/ranger/ranger-intg/2.3.0/ranger-intg-2.3.0.jar:/home/runner/.m2/repository/org/apache/ranger/ranger-plugins-common/2.3.0/ranger-plugins-common-2.3.0.jar:/home/runner/.m2/repository/commons-lang/commons-lang/2.6/commons-lang-2.6.jar:/home/runner/.m2/repository/org/codehaus/jackson/jackson-jaxrs/1.9.13/jackson-jaxrs-1.9.13.jar:/home/runner/.m2/repository/org/apache/ranger/ranger-plugins-cred/2.3.0/ranger-plugins-cred-2.3.0.jar:/home/runner/.m2/repository/org/apache/ranger/ranger-plugins-audit/2.3.0/ranger-plugins-audit-2.3.0.jar:/home/runner/.m2/repository/org/eclipse/jetty/jetty-client/9.4.31.v20200723/jetty-client-9.4.31.v20200723.jar:/home/runner/.m2/repository/org/apache/httpcomponents/httpmime/4.5.6/httpmime-4.5.6.jar:/home/runner/.m2/repository/org/apache/httpcomponents/httpcore-nio/4.4.6/httpcore-nio-4.4.6.jar:/home/runner/.m2/repository/org/apache/httpcomponents/httpasyncclient/4.1.3/httpasyncclient-4.1.3.jar:/home/runner/.m2/repository/com/carrotsearch/hppc/0.8.0/hppc-0.8.0.jar:/home/runner/.m2/repository/org/apache/orc/orc-core/1.5.8/orc-core-1.5.8.jar:/home/runner/.m2/repository/net/java/dev/jna/jna/5.2.0/jna-5.2.0.jar:/home/runner/.m2/repository/net/java/dev/jna/jna-platform/5.2.0/jna-platform-5.2.0.jar:/home/runner/.m2/repository/com/kstruct/gethostname4j/0.0.2/gethostname4j-0.0.2.jar:/home/runner/.m2/repository/org/apache/ranger/ranger-plugin-classloader/2.3.0/ranger-plugin-classloader-2.3.0.jar:/home/runner/.m2/repository/org/apache/hadoop/hadoop-minikdc/3.3.1/hadoop-minikdc-3.3.1.jar:/home/runner/.m2/repository/org/apache/kerby/kerb-simplekdc/1.0.1/kerb-simplekdc-1.0.1.jar:/home/runner/.m2/repository/org/apache/kerby/kerb-client/1.0.1/kerb-client-1.0.1.jar:/home/runner/.m2/repository/org/apache/kerby/kerby-config/1.0.1/kerby-config-1.0.1.jar:/home/runner/.m2/repository/org/apache/kerby/kerb-common/1.0.1/kerb-common-1.0.1.jar:/home/runner/.m2/repository/org/apache/kerby/kerb-crypto/1.0.1/kerb-crypto-1.0.1.jar:/home/runner/.m2/repository/org/apache/kerby/kerb-util/1.0.1/kerb-util-1.0.1.jar:/home/runner/.m2/repository/org/apache/kerby/token-provider/1.0.1/token-provider-1.0.1.jar:/home/runner/.m2/repository/org/apache/kerby/kerb-admin/1.0.1/kerb-admin-1.0.1.jar:/home/runner/.m2/repository/org/apache/kerby/kerb-server/1.0.1/kerb-server-1.0.1.jar:/home/runner/.m2/repository/org/apache/kerby/kerb-identity/1.0.1/kerb-identity-1.0.1.jar:/home/runner/.m2/repository/org/apache/kerby/kerby-xdr/1.0.1/kerby-xdr-1.0.1.jar:/home/runner/.m2/repository/org/apache/ozone/ozone-s3gateway/1.3.0-SNAPSHOT/ozone-s3gateway-1.3.0-SNAPSHOT.jar:/home/runner/.m2/repository/org/javassist/javassist/3.21.0-GA/javassist-3.21.0-GA.jar:/home/runner/.m2/repository/org/jboss/weld/servlet/weld-servlet/2.4.7.Final/weld-servlet-2.4.7.Final.jar:/home/runner/.m2/repository/org/glassfish/jersey/containers/jersey-container-servlet-core/2.34/jersey-container-servlet-core-2.34.jar:/home/runner/.m2/repository/org/glassfish/hk2/external/jakarta.inject/2.6.1/jakarta.inject-2.6.1.jar:/home/runner/.m2/repository/org/glassfish/jersey/core/jersey-common/2.34/jersey-common-2.34.jar:/home/runner/.m2/repository/jakarta/ws/rs/jakarta.ws.rs-api/2.1.6/jakarta.ws.rs-api-2.1.6.jar:/home/runner/.m2/repository/org/glassfish/jersey/ext/cdi/jersey-cdi1x/2.34/jersey-cdi1x-2.34.jar:/home/runner/.m2/repository/org/glassfish/jersey/inject/jersey-hk2/2.34/jersey-hk2-2.34.jar:/home/runner/.m2/repository/org/glassfish/hk2/hk2-locator/2.6.1/hk2-locator-2.6.1.jar:/home/runner/.m2/repository/org/glassfish/jersey/media/jersey-media-jaxb/2.34/jersey-media-jaxb-2.34.jar:/home/runner/.m2/repository/org/glassfish/hk2/osgi-resource-locator/1.0.3/osgi-resource-locator-1.0.3.jar:/home/runner/.m2/repository/org/glassfish/hk2/hk2-api/2.5.0/hk2-api-2.5.0.jar:/home/runner/.m2/repository/org/glassfish/hk2/hk2-utils/2.5.0/hk2-utils-2.5.0.jar:/home/runner/.m2/repository/org/glassfish/hk2/external/aopalliance-repackaged/2.5.0/aopalliance-repackaged-2.5.0.jar:/home/runner/.m2/repository/com/fasterxml/jackson/dataformat/jackson-dataformat-xml/2.13.2/jackson-dataformat-xml-2.13.2.jar:/home/runner/.m2/repository/com/fasterxml/jackson/core/jackson-core/2.13.2/jackson-core-2.13.2.jar:/home/runner/.m2/repository/org/codehaus/woodstox/stax2-api/3.1.4/stax2-api-3.1.4.jar:/home/runner/.m2/repository/com/fasterxml/woodstox/woodstox-core/5.0.3/woodstox-core-5.0.3.jar:/home/runner/.m2/repository/com/fasterxml/jackson/module/jackson-module-jaxb-annotations/2.13.2/jackson-module-jaxb-annotations-2.13.2.jar:/home/runner/.m2/repository/jakarta/xml/bind/jakarta.xml.bind-api/2.3.3/jakarta.xml.bind-api-2.3.3.jar:/home/runner/.m2/repository/jakarta/activation/jakarta.activation-api/1.2.1/jakarta.activation-api-1.2.1.jar:/home/runner/.m2/repository/javax/enterprise/cdi-api/1.2/cdi-api-1.2.jar:/home/runner/.m2/repository/javax/el/javax.el-api/3.0.0/javax.el-api-3.0.0.jar:/home/runner/.m2/repository/javax/interceptor/javax.interceptor-api/1.2/javax.interceptor-api-1.2.jar:/home/runner/.m2/repository/javax/inject/javax.inject/1/javax.inject-1.jar:/home/runner/.m2/repository/javax/xml/bind/jaxb-api/2.3.0/jaxb-api-2.3.0.jar:/home/runner/.m2/repository/org/glassfish/jaxb/jaxb-runtime/2.3.0.1/jaxb-runtime-2.3.0.1.jar:/home/runner/.m2/repository/org/glassfish/jaxb/jaxb-core/2.3.0.1/jaxb-core-2.3.0.1.jar:/home/runner/.m2/repository/org/glassfish/jaxb/txw2/2.3.0.1/txw2-2.3.0.1.jar:/home/runner/.m2/repository/com/sun/istack/istack-commons-runtime/3.0.5/istack-commons-runtime-3.0.5.jar:/home/runner/.m2/repository/org/jvnet/staxex/stax-ex/1.7.8/stax-ex-1.7.8.jar:/home/runner/.m2/repository/com/sun/xml/fastinfoset/FastInfoset/1.2.13/FastInfoset-1.2.13.jar:/home/runner/.m2/repository/javax/activation/activation/1.1.1/activation-1.1.1.jar:/home/runner/.m2/repository/io/grpc/grpc-protobuf/1.48.1/grpc-protobuf-1.48.1.jar:/home/runner/.m2/repository/io/grpc/grpc-api/1.48.1/grpc-api-1.48.1.jar:/home/runner/.m2/repository/io/grpc/grpc-context/1.48.1/grpc-context-1.48.1.jar:/home/runner/.m2/repository/com/google/api/grpc/proto-google-common-protos/2.9.0/proto-google-common-protos-2.9.0.jar:/home/runner/.m2/repository/io/grpc/grpc-protobuf-lite/1.48.1/grpc-protobuf-lite-1.48.1.jar:/home/runner/.m2/repository/io/grpc/grpc-stub/1.48.1/grpc-stub-1.48.1.jar:/home/runner/.m2/repository/io/netty/netty-transport/4.1.79.Final/netty-transport-4.1.79.Final.jar:/home/runner/.m2/repository/io/netty/netty-resolver/4.1.79.Final/netty-resolver-4.1.79.Final.jar:/home/runner/.m2/repository/org/apache/ozone/ozone-csi/1.3.0-SNAPSHOT/ozone-csi-1.3.0-SNAPSHOT.jar:/home/runner/.m2/repository/com/google/protobuf/protobuf-java-util/3.19.2/protobuf-java-util-3.19.2.jar:/home/runner/.m2/repository/com/google/code/gson/gson/2.9.0/gson-2.9.0.jar:/home/runner/.m2/repository/org/apache/ozone/hdds-config/1.3.0-SNAPSHOT/hdds-config-1.3.0-SNAPSHOT.jar:/home/runner/.m2/repository/io/netty/netty-transport-native-epoll/4.1.79.Final/netty-transport-native-epoll-4.1.79.Final-linux-x86_64.jar:/home/runner/.m2/repository/io/netty/netty-transport-classes-epoll/4.1.79.Final/netty-transport-classes-epoll-4.1.79.Final.jar:/home/runner/.m2/repository/io/netty/netty-transport-native-unix-common/4.1.79.Final/netty-transport-native-unix-common-4.1.79.Final.jar:/home/runner/.m2/repository/org/slf4j/slf4j-reload4j/1.7.36/slf4j-reload4j-1.7.36.jar:/home/runner/.m2/repository/org/apache/ozone/ozone-recon/1.3.0-SNAPSHOT/ozone-recon-1.3.0-SNAPSHOT.jar:/home/runner/.m2/repository/org/apache/ozone/ozone-reconcodegen/1.3.0-SNAPSHOT/ozone-reconcodegen-1.3.0-SNAPSHOT.jar:/home/runner/.m2/repository/com/google/inject/extensions/guice-multibindings/4.0/guice-multibindings-4.0.jar:/home/runner/.m2/repository/com/google/inject/guice/4.0/guice-4.0.jar:/home/runner/.m2/repository/aopalliance/aopalliance/1.0/aopalliance-1.0.jar:/home/runner/.m2/repository/com/google/inject/extensions/guice-assistedinject/4.0/guice-assistedinject-4.0.jar:/home/runner/.m2/repository/com/google/inject/extensions/guice-servlet/4.0/guice-servlet-4.0.jar:/home/runner/.m2/repository/org/glassfish/jersey/containers/jersey-container-servlet/2.34/jersey-container-servlet-2.34.jar:/home/runner/.m2/repository/org/glassfish/hk2/guice-bridge/2.5.0/guice-bridge-2.5.0.jar:/home/runner/.m2/repository/org/glassfish/jersey/core/jersey-server/2.34/jersey-server-2.34.jar:/home/runner/.m2/repository/org/glassfish/jersey/core/jersey-client/2.34/jersey-client-2.34.jar:/home/runner/.m2/repository/jakarta/annotation/jakarta.annotation-api/1.3.5/jakarta.annotation-api-1.3.5.jar:/home/runner/.m2/repository/jakarta/validation/jakarta.validation-api/2.0.2/jakarta.validation-api-2.0.2.jar:/home/runner/.m2/repository/org/glassfish/jersey/media/jersey-media-json-jackson/2.34/jersey-media-json-jackson-2.34.jar:/home/runner/.m2/repository/org/glassfish/jersey/ext/jersey-entity-filtering/2.34/jersey-entity-filtering-2.34.jar:/home/runner/.m2/repository/org/jooq/jooq/3.11.10/jooq-3.11.10.jar:/home/runner/.m2/repository/org/jooq/jooq-meta/3.11.10/jooq-meta-3.11.10.jar:/home/runner/.m2/repository/org/jooq/jooq-codegen/3.11.10/jooq-codegen-3.11.10.jar:/home/runner/.m2/repository/com/jolbox/bonecp/0.8.0.RELEASE/bonecp-0.8.0.RELEASE.jar:/home/runner/.m2/repository/org/apache/derby/derby/10.14.2.0/derby-10.14.2.0.jar:/home/runner/.m2/repository/org/xerial/sqlite-jdbc/3.25.2/sqlite-jdbc-3.25.2.jar:/home/runner/.m2/repository/org/springframework/spring-jdbc/5.2.20.RELEASE/spring-jdbc-5.2.20.RELEASE.jar:/home/runner/.m2/repository/org/springframework/spring-beans/5.2.20.RELEASE/spring-beans-5.2.20.RELEASE.jar:/home/runner/.m2/repository/org/springframework/spring-core/5.2.20.RELEASE/spring-core-5.2.20.RELEASE.jar:/home/runner/.m2/repository/org/springframework/spring-jcl/5.2.20.RELEASE/spring-jcl-5.2.20.RELEASE.jar:/home/runner/.m2/repository/org/springframework/spring-tx/5.2.20.RELEASE/spring-tx-5.2.20.RELEASE.jar:/home/runner/.m2/repository/org/apache/ozone/ozone-client/1.3.0-SNAPSHOT/ozone-client-1.3.0-SNAPSHOT.jar:/home/runner/.m2/repository/org/apache/ozone/hdds-erasurecode/1.3.0-SNAPSHOT/hdds-erasurecode-1.3.0-SNAPSHOT.jar:/home/runner/.m2/repository/com/github/spotbugs/spotbugs-annotations/3.1.12/spotbugs-annotations-3.1.12.jar:/home/runner/.m2/repository/org/apache/ozone/ozone-filesystem/1.3.0-SNAPSHOT/ozone-filesystem-1.3.0-SNAPSHOT.jar:/home/runner/.m2/repository/org/apache/ozone/ozone-filesystem-common/1.3.0-SNAPSHOT/ozone-filesystem-common-1.3.0-SNAPSHOT.jar:/home/runner/.m2/repository/org/apache/ozone/ozone-tools/1.3.0-SNAPSHOT/ozone-tools-1.3.0-SNAPSHOT.jar:/home/runner/.m2/repository/org/apache/ratis/ratis-tools/2.3.0/ratis-tools-2.3.0.jar:/home/runner/.m2/repository/com/amazonaws/aws-java-sdk-core/1.12.261/aws-java-sdk-core-1.12.261.jar:/home/runner/.m2/repository/org/apache/httpcomponents/httpclient/4.5.13/httpclient-4.5.13.jar:/home/runner/.m2/repository/org/apache/httpcomponents/httpcore/4.4.13/httpcore-4.4.13.jar:/home/runner/.m2/repository/software/amazon/ion/ion-java/1.0.2/ion-java-1.0.2.jar:/home/runner/.m2/repository/com/fasterxml/jackson/dataformat/jackson-dataformat-cbor/2.13.2/jackson-dataformat-cbor-2.13.2.jar:/home/runner/.m2/repository/joda-time/joda-time/2.8.1/joda-time-2.8.1.jar:/home/runner/.m2/repository/com/amazonaws/aws-java-sdk-s3/1.12.261/aws-java-sdk-s3-1.12.261.jar:/home/runner/.m2/repository/com/amazonaws/aws-java-sdk-kms/1.12.261/aws-java-sdk-kms-1.12.261.jar:/home/runner/.m2/repository/com/amazonaws/jmespath-java/1.12.261/jmespath-java-1.12.261.jar:/home/runner/.m2/repository/org/kohsuke/metainf-services/metainf-services/1.8/metainf-services-1.8.jar:/home/runner/.m2/repository/org/apache/ozone/hdds-tools/1.3.0-SNAPSHOT/hdds-tools-1.3.0-SNAPSHOT.jar:/home/runner/.m2/repository/commons-cli/commons-cli/1.2/commons-cli-1.2.jar:/home/runner/.m2/repository/org/apache/commons/commons-lang3/3.7/commons-lang3-3.7.jar:/home/runner/.m2/repository/org/apache/ozone/ozone-manager/1.3.0-SNAPSHOT/ozone-manager-1.3.0-SNAPSHOT-tests.jar:/home/runner/.m2/repository/org/apache/ozone/hdds-common/1.3.0-SNAPSHOT/hdds-common-1.3.0-SNAPSHOT-tests.jar:/home/runner/.m2/repository/org/apache/ozone/hdds-hadoop-dependency-client/1.3.0-SNAPSHOT/hdds-hadoop-dependency-client-1.3.0-SNAPSHOT.jar:/home/runner/.m2/repository/info/picocli/picocli/4.6.1/picocli-4.6.1.jar:/home/runner/.m2/repository/com/fasterxml/jackson/core/jackson-annotations/2.13.2/jackson-annotations-2.13.2.jar:/home/runner/.m2/repository/com/fasterxml/jackson/datatype/jackson-datatype-jsr310/2.13.2/jackson-datatype-jsr310-2.13.2.jar:/home/runner/.m2/repository/org/apache/ozone/hdds-annotation-processing/1.3.0-SNAPSHOT/hdds-annotation-processing-1.3.0-SNAPSHOT.jar:/home/runner/.m2/repository/javax/annotation/javax.annotation-api/1.2/javax.annotation-api-1.2.jar:/home/runner/.m2/repository/org/apache/ratis/ratis-server/2.3.0/ratis-server-2.3.0.jar:/home/runner/.m2/repository/org/apache/ratis/ratis-client/2.3.0/ratis-client-2.3.0.jar:/home/runner/.m2/repository/org/apache/ratis/ratis-server-api/2.3.0/ratis-server-api-2.3.0.jar:/home/runner/.m2/repository/org/apache/ratis/ratis-metrics/2.3.0/ratis-metrics-2.3.0.jar:/home/runner/.m2/repository/org/apache/ratis/ratis-netty/2.3.0/ratis-netty-2.3.0.jar:/home/runner/.m2/repository/org/apache/ratis/ratis-grpc/2.3.0/ratis-grpc-2.3.0.jar:/home/runner/.m2/repository/org/apache/logging/log4j/log4j-api/2.17.1/log4j-api-2.17.1.jar:/home/runner/.m2/repository/org/apache/commons/commons-pool2/2.6.0/commons-pool2-2.6.0.jar:/home/runner/.m2/repository/org/bouncycastle/bcpkix-jdk15on/1.67/bcpkix-jdk15on-1.67.jar:/home/runner/.m2/repository/commons-validator/commons-validator/1.6/commons-validator-1.6.jar:/home/runner/.m2/repository/commons-beanutils/commons-beanutils/1.9.4/commons-beanutils-1.9.4.jar:/home/runner/.m2/repository/commons-digester/commons-digester/1.8.1/commons-digester-1.8.1.jar:/home/runner/.m2/repository/commons-collections/commons-collections/3.2.2/commons-collections-3.2.2.jar:/home/runner/.m2/repository/io/jaegertracing/jaeger-client/1.6.0/jaeger-client-1.6.0.jar:/home/runner/.m2/repository/io/jaegertracing/jaeger-thrift/1.6.0/jaeger-thrift-1.6.0.jar:/home/runner/.m2/repository/org/apache/thrift/libthrift/0.14.1/libthrift-0.14.1.jar:/home/runner/.m2/repository/com/squareup/okhttp3/okhttp/4.9.0/okhttp-4.9.0.jar:/home/runner/.m2/repository/com/squareup/okio/okio/2.8.0/okio-2.8.0.jar:/home/runner/.m2/repository/io/jaegertracing/jaeger-core/1.6.0/jaeger-core-1.6.0.jar:/home/runner/.m2/repository/io/jaegertracing/jaeger-tracerresolver/1.6.0/jaeger-tracerresolver-1.6.0.jar:/home/runner/.m2/repository/io/opentracing/contrib/opentracing-tracerresolver/0.1.8/opentracing-tracerresolver-0.1.8.jar:/home/runner/.m2/repository/org/jetbrains/kotlin/kotlin-stdlib/1.6.21/kotlin-stdlib-1.6.21.jar:/home/runner/.m2/repository/org/jetbrains/kotlin/kotlin-stdlib-common/1.6.21/kotlin-stdlib-common-1.6.21.jar:/home/runner/.m2/repository/org/jetbrains/annotations/13.0/annotations-13.0.jar:/home/runner/.m2/repository/io/opentracing/opentracing-util/0.33.0/opentracing-util-0.33.0.jar:/home/runner/.m2/repository/io/opentracing/opentracing-api/0.33.0/opentracing-api-0.33.0.jar:/home/runner/.m2/repository/io/opentracing/opentracing-noop/0.33.0/opentracing-noop-0.33.0.jar:/home/runner/.m2/repository/org/yaml/snakeyaml/1.32/snakeyaml-1.32.jar:/home/runner/.m2/repository/org/apache/ozone/hdds-interface-admin/1.3.0-SNAPSHOT/hdds-interface-admin-1.3.0-SNAPSHOT.jar:/home/runner/.m2/repository/junit/junit/4.13.1/junit-4.13.1.jar:/home/runner/.m2/repository/org/hamcrest/hamcrest-core/1.3/hamcrest-core-1.3.jar:/home/runner/.m2/repository/org/junit/jupiter/junit-jupiter-api/5.8.2/junit-jupiter-api-5.8.2.jar:/home/runner/.m2/repository/org/opentest4j/opentest4j/1.2.0/opentest4j-1.2.0.jar:/home/runner/.m2/repository/org/junit/platform/junit-platform-commons/1.8.2/junit-platform-commons-1.8.2.jar:/home/runner/.m2/repository/org/apiguardian/apiguardian-api/1.1.2/apiguardian-api-1.1.2.jar:/home/runner/.m2/repository/org/junit/jupiter/junit-jupiter-params/5.8.2/junit-jupiter-params-5.8.2.jar:/home/runner/.m2/repository/org/junit/jupiter/junit-jupiter-migrationsupport/5.8.2/junit-jupiter-migrationsupport-5.8.2.jar:/home/runner/.m2/repository/org/junit/jupiter/junit-jupiter-engine/5.8.2/junit-jupiter-engine-5.8.2.jar:/home/runner/.m2/repository/org/junit/platform/junit-platform-engine/1.8.2/junit-platform-engine-1.8.2.jar:/home/runner/.m2/repository/org/junit/vintage/junit-vintage-engine/5.8.2/junit-vintage-engine-5.8.2.jar:/home/runner/.m2/repository/org/junit/platform/junit-platform-launcher/1.8.2/junit-platform-launcher-1.8.2.jar:/home/runner/.m2/repository/org/mockito/mockito-core/2.28.2/mockito-core-2.28.2.jar:/home/runner/.m2/repository/net/bytebuddy/byte-buddy/1.9.10/byte-buddy-1.9.10.jar:/home/runner/.m2/repository/net/bytebuddy/byte-buddy-agent/1.9.10/byte-buddy-agent-1.9.10.jar:/home/runner/.m2/repository/org/objenesis/objenesis/1.0/objenesis-1.0.jar:/home/runner/.m2/repository/org/apache/hadoop/hadoop-kms/3.3.1/hadoop-kms-3.3.1.jar:/home/runner/.m2/repository/org/apache/hadoop/hadoop-auth/3.3.1/hadoop-auth-3.3.1.jar:/home/runner/.m2/repository/com/nimbusds/nimbus-jose-jwt/7.9/nimbus-jose-jwt-7.9.jar:/home/runner/.m2/repository/com/github/stephenc/jcip/jcip-annotations/1.0-1/jcip-annotations-1.0-1.jar:/home/runner/.m2/repository/net/minidev/json-smart/2.4.7/json-smart-2.4.7.jar:/home/runner/.m2/repository/net/minidev/accessors-smart/2.4.7/accessors-smart-2.4.7.jar:/home/runner/.m2/repository/org/ow2/asm/asm/5.0.4/asm-5.0.4.jar:/home/runner/.m2/repository/org/apache/zookeeper/zookeeper/3.5.6/zookeeper-3.5.6.jar:/home/runner/.m2/repository/org/apache/zookeeper/zookeeper-jute/3.5.6/zookeeper-jute-3.5.6.jar:/home/runner/.m2/repository/org/apache/yetus/audience-annotations/0.5.0/audience-annotations-0.5.0.jar:/home/runner/.m2/repository/org/apache/curator/curator-framework/4.2.0/curator-framework-4.2.0.jar:/home/runner/.m2/repository/org/apache/hadoop/thirdparty/hadoop-shaded-guava/1.1.1/hadoop-shaded-guava-1.1.1.jar:/home/runner/.m2/repository/com/sun/jersey/jersey-core/1.19/jersey-core-1.19.jar:/home/runner/.m2/repository/javax/ws/rs/jsr311-api/1.1.1/jsr311-api-1.1.1.jar:/home/runner/.m2/repository/com/sun/jersey/jersey-server/1.19/jersey-server-1.19.jar:/home/runner/.m2/repository/javax/servlet/javax.servlet-api/3.1.0/javax.servlet-api-3.1.0.jar:/home/runner/.m2/repository/org/eclipse/jetty/jetty-server/9.4.43.v20210629/jetty-server-9.4.43.v20210629.jar:/home/runner/.m2/repository/org/eclipse/jetty/jetty-http/9.4.43.v20210629/jetty-http-9.4.43.v20210629.jar:/home/runner/.m2/repository/org/eclipse/jetty/jetty-io/9.4.43.v20210629/jetty-io-9.4.43.v20210629.jar:/home/runner/.m2/repository/org/eclipse/jetty/jetty-webapp/9.4.43.v20210629/jetty-webapp-9.4.43.v20210629.jar:/home/runner/.m2/repository/org/eclipse/jetty/jetty-xml/9.4.43.v20210629/jetty-xml-9.4.43.v20210629.jar:/home/runner/.m2/repository/org/apache/hadoop/hadoop-common/3.3.1/hadoop-common-3.3.1.jar:/home/runner/.m2/repository/org/apache/commons/commons-math3/3.1.1/commons-math3-3.1.1.jar:/home/runner/.m2/repository/commons-net/commons-net/3.6/commons-net-3.6.jar:/home/runner/.m2/repository/com/sun/jersey/jersey-servlet/1.19/jersey-servlet-1.19.jar:/home/runner/.m2/repository/com/sun/jersey/jersey-json/1.19/jersey-json-1.19.jar:/home/runner/.m2/repository/org/codehaus/jettison/jettison/1.1/jettison-1.1.jar:/home/runner/.m2/repository/com/sun/xml/bind/jaxb-impl/2.2.3-1/jaxb-impl-2.2.3-1.jar:/home/runner/.m2/repository/org/codehaus/jackson/jackson-xc/1.9.2/jackson-xc-1.9.2.jar:/home/runner/.m2/repository/org/apache/commons/commons-configuration2/2.1.1/commons-configuration2-2.1.1.jar:/home/runner/.m2/repository/org/apache/commons/commons-text/1.4/commons-text-1.4.jar:/home/runner/.m2/repository/com/google/re2j/re2j/1.1/re2j-1.1.jar:/home/runner/.m2/repository/com/jcraft/jsch/0.1.54/jsch-0.1.54.jar:/home/runner/.m2/repository/org/apache/curator/curator-client/4.2.0/curator-client-4.2.0.jar:/home/runner/.m2/repository/org/apache/curator/curator-recipes/4.2.0/curator-recipes-4.2.0.jar:/home/runner/.m2/repository/org/apache/htrace/htrace-core4/4.1.0-incubating/htrace-core4-4.1.0-incubating.jar:/home/runner/.m2/repository/org/apache/kerby/kerb-core/1.0.1/kerb-core-1.0.1.jar:/home/runner/.m2/repository/org/apache/kerby/kerby-pkix/1.0.1/kerby-pkix-1.0.1.jar:/home/runner/.m2/repository/org/apache/kerby/kerby-asn1/1.0.1/kerby-asn1-1.0.1.jar:/home/runner/.m2/repository/org/apache/kerby/kerby-util/1.0.1/kerby-util-1.0.1.jar:/home/runner/.m2/repository/dnsjava/dnsjava/2.1.7/dnsjava-2.1.7.jar:/home/runner/.m2/repository/org/xerial/snappy/snappy-java/1.1.8.2/snappy-java-1.1.8.2.jar:/home/runner/.m2/repository/org/eclipse/jetty/jetty-util/9.4.43.v20210629/jetty-util-9.4.43.v20210629.jar:/home/runner/.m2/repository/com/fasterxml/jackson/core/jackson-databind/2.13.2.2/jackson-databind-2.13.2.2.jar:/home/runner/.m2/repository/org/apache/hadoop/hadoop-kms/3.3.1/hadoop-kms-3.3.1-tests.jar:/home/runner/.m2/repository/org/apache/ozone/hdds-server-scm/1.3.0-SNAPSHOT/hdds-server-scm-1.3.0-SNAPSHOT-tests.jar:/home/runner/.m2/repository/org/apache/ozone/hdds-container-service/1.3.0-SNAPSHOT/hdds-container-service-1.3.0-SNAPSHOT-tests.jar:/home/runner/.m2/repository/commons-codec/commons-codec/1.11/commons-codec-1.11.jar:/home/runner/.m2/repository/io/netty/netty-codec/4.1.79.Final/netty-codec-4.1.79.Final.jar:/home/runner/.m2/repository/io/netty/netty-handler/4.1.79.Final/netty-handler-4.1.79.Final.jar:/home/runner/.m2/repository/org/apache/ozone/hdds-hadoop-dependency-test/1.3.0-SNAPSHOT/hdds-hadoop-dependency-test-1.3.0-SNAPSHOT.jar:/home/runner/.m2/repository/org/apache/hadoop/hadoop-common/3.3.1/hadoop-common-3.3.1-tests.jar:/home/runner/.m2/repository/org/apache/hadoop/hadoop-hdfs/3.3.1/hadoop-hdfs-3.3.1-tests.jar:/home/runner/.m2/repository/org/assertj/assertj-core/3.12.2/assertj-core-3.12.2.jar:/home/runner/.m2/repository/org/apache/hadoop/hadoop-distcp/3.3.1/hadoop-distcp-3.3.1.jar:/home/runner/.m2/repository/org/apache/hadoop/hadoop-mapreduce-client-jobclient/3.3.1/hadoop-mapreduce-client-jobclient-3.3.1.jar:/home/runner/.m2/repository/org/apache/hadoop/hadoop-mapreduce-client-common/3.3.1/hadoop-mapreduce-client-common-3.3.1.jar:/home/runner/.m2/repository/org/apache/hadoop/hadoop-yarn-common/3.3.1/hadoop-yarn-common-3.3.1.jar:/home/runner/.m2/repository/org/apache/hadoop/hadoop-yarn-api/3.3.1/hadoop-yarn-api-3.3.1.jar:/home/runner/.m2/repository/com/sun/jersey/contribs/jersey-guice/1.19/jersey-guice-1.19.jar:/home/runner/.m2/repository/com/fasterxml/jackson/jaxrs/jackson-jaxrs-json-provider/2.13.2/jackson-jaxrs-json-provider-2.13.2.jar:/home/runner/.m2/repository/com/fasterxml/jackson/jaxrs/jackson-jaxrs-base/2.13.2/jackson-jaxrs-base-2.13.2.jar:/home/runner/.m2/repository/org/apache/hadoop/hadoop-yarn-client/3.3.1/hadoop-yarn-client-3.3.1.jar:/home/runner/.m2/repository/org/eclipse/jetty/websocket/websocket-client/9.4.40.v20210413/websocket-client-9.4.40.v20210413.jar:/home/runner/.m2/repository/org/eclipse/jetty/websocket/websocket-common/9.4.40.v20210413/websocket-common-9.4.40.v20210413.jar:/home/runner/.m2/repository/org/eclipse/jetty/websocket/websocket-api/9.4.40.v20210413/websocket-api-9.4.40.v20210413.jar:/home/runner/.m2/repository/org/jline/jline/3.9.0/jline-3.9.0.jar:/home/runner/.m2/repository/org/apache/hadoop/hadoop-mapreduce-client-core/3.3.1/hadoop-mapreduce-client-core-3.3.1.jar:/home/runner/.m2/repository/org/apache/avro/avro/1.7.7/avro-1.7.7.jar:/home/runner/.m2/repository/org/codehaus/jackson/jackson-core-asl/1.9.13/jackson-core-asl-1.9.13.jar:/home/runner/.m2/repository/org/codehaus/jackson/jackson-mapper-asl/1.9.13/jackson-mapper-asl-1.9.13.jar:/home/runner/.m2/repository/com/thoughtworks/paranamer/paranamer/2.3/paranamer-2.3.jar:/home/runner/.m2/repository/org/apache/hadoop/hadoop-annotations/3.3.1/hadoop-annotations-3.3.1.jar:/opt/hostedtoolcache/jdk/8.0.345/x64/jre/../lib/tools.jar:/home/runner/.m2/repository/io/netty/netty/3.10.6.Final/netty-3.10.6.Final.jar:/home/runner/.m2/repository/org/apache/hadoop/hadoop-distcp/3.3.1/hadoop-distcp-3.3.1-tests.jar:/home/runner/.m2/repository/org/slf4j/jul-to-slf4j/1.7.36/jul-to-slf4j-1.7.36.jar:/home/runner/.m2/repository/org/apache/ratis/ratis-common/2.3.0/ratis-common-2.3.0.jar:/home/runner/.m2/repository/org/apache/ratis/ratis-thirdparty-misc/1.0.0/ratis-thirdparty-misc-1.0.0.jar:/home/runner/.m2/repository/org/apache/ratis/ratis-proto/2.3.0/ratis-proto-2.3.0.jar:"/>
    <property name="java.vm.vendor" value="Azul Systems, Inc."/>
    <property name="sun.arch.data.model" value="64"/>
    <property name="test.build.dir" value="/home/runner/work/ozone/ozone/hadoop-ozone/integration-test/target/test-dir"/>
    <property name="test.cache.data" value=""/>
    <property name="java.vendor.url" value="http://www.azul.com/"/>
    <property name="user.timezone" value="Etc/UTC"/>
    <property name="java.vm.specification.version" value="1.8"/>
    <property name="os.name" value="Linux"/>
    <property name="test.build.data" value="/home/runner/work/ozone/ozone/hadoop-ozone/integration-test/target/test-dir"/>
    <property name="sun.java.launcher" value="SUN_STANDARD"/>
    <property name="sun.boot.library.path" value="/opt/hostedtoolcache/jdk/8.0.345/x64/jre/lib/amd64"/>
    <property name="sun.java.command" value="/home/runner/work/ozone/ozone/hadoop-ozone/integration-test/target/surefire/surefirebooter3038826171968953078.jar /home/runner/work/ozone/ozone/hadoop-ozone/integration-test/target/surefire 2022-10-08T00-55-27_156-jvmRun1 surefire8011192167478114678tmp surefire_203097283308319949542tmp"/>
    <property name="surefire.test.class.path" value="/home/runner/work/ozone/ozone/hadoop-ozone/integration-test/target/test-classes:/home/runner/work/ozone/ozone/hadoop-ozone/integration-test/target/classes:/home/runner/.m2/repository/org/apache/ozone/ozone-common/1.3.0-SNAPSHOT/ozone-common-1.3.0-SNAPSHOT.jar:/home/runner/.m2/repository/io/grpc/grpc-netty/1.48.1/grpc-netty-1.48.1.jar:/home/runner/.m2/repository/io/grpc/grpc-core/1.48.1/grpc-core-1.48.1.jar:/home/runner/.m2/repository/com/google/android/annotations/4.1.1.4/annotations-4.1.1.4.jar:/home/runner/.m2/repository/org/codehaus/mojo/animal-sniffer-annotations/1.21/animal-sniffer-annotations-1.21.jar:/home/runner/.m2/repository/com/google/errorprone/error_prone_annotations/2.2.0/error_prone_annotations-2.2.0.jar:/home/runner/.m2/repository/io/perfmark/perfmark-api/0.25.0/perfmark-api-0.25.0.jar:/home/runner/.m2/repository/io/netty/netty-codec-http2/4.1.79.Final/netty-codec-http2-4.1.79.Final.jar:/home/runner/.m2/repository/io/netty/netty-common/4.1.79.Final/netty-common-4.1.79.Final.jar:/home/runner/.m2/repository/io/netty/netty-buffer/4.1.79.Final/netty-buffer-4.1.79.Final.jar:/home/runner/.m2/repository/io/netty/netty-codec-http/4.1.79.Final/netty-codec-http-4.1.79.Final.jar:/home/runner/.m2/repository/io/netty/netty-handler-proxy/4.1.79.Final/netty-handler-proxy-4.1.79.Final.jar:/home/runner/.m2/repository/io/netty/netty-codec-socks/4.1.79.Final/netty-codec-socks-4.1.79.Final.jar:/home/runner/.m2/repository/io/netty/netty-tcnative-boringssl-static/2.0.53.Final/netty-tcnative-boringssl-static-2.0.53.Final.jar:/home/runner/.m2/repository/io/netty/netty-tcnative-classes/2.0.53.Final/netty-tcnative-classes-2.0.53.Final.jar:/home/runner/.m2/repository/io/netty/netty-tcnative-boringssl-static/2.0.53.Final/netty-tcnative-boringssl-static-2.0.53.Final-linux-x86_64.jar:/home/runner/.m2/repository/io/netty/netty-tcnative-boringssl-static/2.0.53.Final/netty-tcnative-boringssl-static-2.0.53.Final-linux-aarch_64.jar:/home/runner/.m2/repository/io/netty/netty-tcnative-boringssl-static/2.0.53.Final/netty-tcnative-boringssl-static-2.0.53.Final-osx-x86_64.jar:/home/runner/.m2/repository/io/netty/netty-tcnative-boringssl-static/2.0.53.Final/netty-tcnative-boringssl-static-2.0.53.Final-osx-aarch_64.jar:/home/runner/.m2/repository/io/netty/netty-tcnative-boringssl-static/2.0.53.Final/netty-tcnative-boringssl-static-2.0.53.Final-windows-x86_64.jar:/home/runner/.m2/repository/org/apache/commons/commons-compress/1.21/commons-compress-1.21.jar:/home/runner/.m2/repository/org/apache/ozone/hdds-common/1.3.0-SNAPSHOT/hdds-common-1.3.0-SNAPSHOT.jar:/home/runner/.m2/repository/org/apache/ozone/hdds-client/1.3.0-SNAPSHOT/hdds-client-1.3.0-SNAPSHOT.jar:/home/runner/.m2/repository/org/apache/ozone/ozone-interface-client/1.3.0-SNAPSHOT/ozone-interface-client-1.3.0-SNAPSHOT.jar:/home/runner/.m2/repository/org/apache/ozone/hdds-test-utils/1.3.0-SNAPSHOT/hdds-test-utils-1.3.0-SNAPSHOT.jar:/home/runner/.m2/repository/com/google/guava/guava/31.1-jre/guava-31.1-jre.jar:/home/runner/.m2/repository/com/google/guava/failureaccess/1.0.1/failureaccess-1.0.1.jar:/home/runner/.m2/repository/com/google/guava/listenablefuture/9999.0-empty-to-avoid-conflict-with-guava/listenablefuture-9999.0-empty-to-avoid-conflict-with-guava.jar:/home/runner/.m2/repository/com/google/code/findbugs/jsr305/3.0.0/jsr305-3.0.0.jar:/home/runner/.m2/repository/org/checkerframework/checker-qual/3.12.0/checker-qual-3.12.0.jar:/home/runner/.m2/repository/com/google/j2objc/j2objc-annotations/1.3/j2objc-annotations-1.3.jar:/home/runner/.m2/repository/commons-io/commons-io/2.11.0/commons-io-2.11.0.jar:/home/runner/.m2/repository/commons-logging/commons-logging/1.2/commons-logging-1.2.jar:/home/runner/.m2/repository/ch/qos/reload4j/reload4j/1.2.22/reload4j-1.2.22.jar:/home/runner/.m2/repository/org/slf4j/slf4j-api/1.7.36/slf4j-api-1.7.36.jar:/home/runner/.m2/repository/org/apache/ozone/hdds-server-scm/1.3.0-SNAPSHOT/hdds-server-scm-1.3.0-SNAPSHOT.jar:/home/runner/.m2/repository/org/apache/ozone/hdds-container-service/1.3.0-SNAPSHOT/hdds-container-service-1.3.0-SNAPSHOT.jar:/home/runner/.m2/repository/org/apache/ozone/hdds-hadoop-dependency-server/1.3.0-SNAPSHOT/hdds-hadoop-dependency-server-1.3.0-SNAPSHOT.jar:/home/runner/.m2/repository/org/apache/hadoop/hadoop-hdfs/3.3.1/hadoop-hdfs-3.3.1.jar:/home/runner/.m2/repository/org/eclipse/jetty/jetty-util-ajax/9.4.43.v20210629/jetty-util-ajax-9.4.43.v20210629.jar:/home/runner/.m2/repository/commons-daemon/commons-daemon/1.0.13/commons-daemon-1.0.13.jar:/home/runner/.m2/repository/org/apache/ozone/hdds-server-framework/1.3.0-SNAPSHOT/hdds-server-framework-1.3.0-SNAPSHOT.jar:/home/runner/.m2/repository/org/apache/ozone/hdds-interface-server/1.3.0-SNAPSHOT/hdds-interface-server-1.3.0-SNAPSHOT.jar:/home/runner/.m2/repository/org/apache/logging/log4j/log4j-core/2.17.1/log4j-core-2.17.1.jar:/home/runner/.m2/repository/com/lmax/disruptor/3.4.2/disruptor-3.4.2.jar:/home/runner/.m2/repository/org/eclipse/jetty/jetty-servlet/9.4.43.v20210629/jetty-servlet-9.4.43.v20210629.jar:/home/runner/.m2/repository/org/eclipse/jetty/jetty-security/9.4.43.v20210629/jetty-security-9.4.43.v20210629.jar:/home/runner/.m2/repository/org/rocksdb/rocksdbjni/7.4.5/rocksdbjni-7.4.5.jar:/home/runner/.m2/repository/io/prometheus/simpleclient_dropwizard/0.7.0/simpleclient_dropwizard-0.7.0.jar:/home/runner/.m2/repository/io/prometheus/simpleclient/0.7.0/simpleclient-0.7.0.jar:/home/runner/.m2/repository/io/prometheus/simpleclient_common/0.7.0/simpleclient_common-0.7.0.jar:/home/runner/.m2/repository/io/dropwizard/metrics/metrics-core/3.2.4/metrics-core-3.2.4.jar:/home/runner/.m2/repository/org/apache/hadoop/hadoop-hdfs-client/3.3.1/hadoop-hdfs-client-3.3.1.jar:/home/runner/.m2/repository/org/bouncycastle/bcprov-jdk15on/1.67/bcprov-jdk15on-1.67.jar:/home/runner/.m2/repository/com/google/protobuf/protobuf-java/2.5.0/protobuf-java-2.5.0.jar:/home/runner/.m2/repository/org/apache/ozone/ozone-manager/1.3.0-SNAPSHOT/ozone-manager-1.3.0-SNAPSHOT.jar:/home/runner/.m2/repository/org/aspectj/aspectjrt/1.9.7/aspectjrt-1.9.7.jar:/home/runner/.m2/repository/org/aspectj/aspectjweaver/1.9.7/aspectjweaver-1.9.7.jar:/home/runner/.m2/repository/org/apache/ozone/hdds-interface-client/1.3.0-SNAPSHOT/hdds-interface-client-1.3.0-SNAPSHOT.jar:/home/runner/.m2/repository/org/apache/hadoop/thirdparty/hadoop-shaded-protobuf_3_7/1.1.1/hadoop-shaded-protobuf_3_7-1.1.1.jar:/home/runner/.m2/repository/org/apache/ozone/ozone-interface-storage/1.3.0-SNAPSHOT/ozone-interface-storage-1.3.0-SNAPSHOT.jar:/home/runner/.m2/repository/org/reflections/reflections/0.9.11/reflections-0.9.11.jar:/home/runner/.m2/repository/com/sun/jersey/jersey-client/1.19/jersey-client-1.19.jar:/home/runner/.m2/repository/org/apache/ranger/ranger-intg/2.3.0/ranger-intg-2.3.0.jar:/home/runner/.m2/repository/org/apache/ranger/ranger-plugins-common/2.3.0/ranger-plugins-common-2.3.0.jar:/home/runner/.m2/repository/commons-lang/commons-lang/2.6/commons-lang-2.6.jar:/home/runner/.m2/repository/org/codehaus/jackson/jackson-jaxrs/1.9.13/jackson-jaxrs-1.9.13.jar:/home/runner/.m2/repository/org/apache/ranger/ranger-plugins-cred/2.3.0/ranger-plugins-cred-2.3.0.jar:/home/runner/.m2/repository/org/apache/ranger/ranger-plugins-audit/2.3.0/ranger-plugins-audit-2.3.0.jar:/home/runner/.m2/repository/org/eclipse/jetty/jetty-client/9.4.31.v20200723/jetty-client-9.4.31.v20200723.jar:/home/runner/.m2/repository/org/apache/httpcomponents/httpmime/4.5.6/httpmime-4.5.6.jar:/home/runner/.m2/repository/org/apache/httpcomponents/httpcore-nio/4.4.6/httpcore-nio-4.4.6.jar:/home/runner/.m2/repository/org/apache/httpcomponents/httpasyncclient/4.1.3/httpasyncclient-4.1.3.jar:/home/runner/.m2/repository/com/carrotsearch/hppc/0.8.0/hppc-0.8.0.jar:/home/runner/.m2/repository/org/apache/orc/orc-core/1.5.8/orc-core-1.5.8.jar:/home/runner/.m2/repository/net/java/dev/jna/jna/5.2.0/jna-5.2.0.jar:/home/runner/.m2/repository/net/java/dev/jna/jna-platform/5.2.0/jna-platform-5.2.0.jar:/home/runner/.m2/repository/com/kstruct/gethostname4j/0.0.2/gethostname4j-0.0.2.jar:/home/runner/.m2/repository/org/apache/ranger/ranger-plugin-classloader/2.3.0/ranger-plugin-classloader-2.3.0.jar:/home/runner/.m2/repository/org/apache/hadoop/hadoop-minikdc/3.3.1/hadoop-minikdc-3.3.1.jar:/home/runner/.m2/repository/org/apache/kerby/kerb-simplekdc/1.0.1/kerb-simplekdc-1.0.1.jar:/home/runner/.m2/repository/org/apache/kerby/kerb-client/1.0.1/kerb-client-1.0.1.jar:/home/runner/.m2/repository/org/apache/kerby/kerby-config/1.0.1/kerby-config-1.0.1.jar:/home/runner/.m2/repository/org/apache/kerby/kerb-common/1.0.1/kerb-common-1.0.1.jar:/home/runner/.m2/repository/org/apache/kerby/kerb-crypto/1.0.1/kerb-crypto-1.0.1.jar:/home/runner/.m2/repository/org/apache/kerby/kerb-util/1.0.1/kerb-util-1.0.1.jar:/home/runner/.m2/repository/org/apache/kerby/token-provider/1.0.1/token-provider-1.0.1.jar:/home/runner/.m2/repository/org/apache/kerby/kerb-admin/1.0.1/kerb-admin-1.0.1.jar:/home/runner/.m2/repository/org/apache/kerby/kerb-server/1.0.1/kerb-server-1.0.1.jar:/home/runner/.m2/repository/org/apache/kerby/kerb-identity/1.0.1/kerb-identity-1.0.1.jar:/home/runner/.m2/repository/org/apache/kerby/kerby-xdr/1.0.1/kerby-xdr-1.0.1.jar:/home/runner/.m2/repository/org/apache/ozone/ozone-s3gateway/1.3.0-SNAPSHOT/ozone-s3gateway-1.3.0-SNAPSHOT.jar:/home/runner/.m2/repository/org/javassist/javassist/3.21.0-GA/javassist-3.21.0-GA.jar:/home/runner/.m2/repository/org/jboss/weld/servlet/weld-servlet/2.4.7.Final/weld-servlet-2.4.7.Final.jar:/home/runner/.m2/repository/org/glassfish/jersey/containers/jersey-container-servlet-core/2.34/jersey-container-servlet-core-2.34.jar:/home/runner/.m2/repository/org/glassfish/hk2/external/jakarta.inject/2.6.1/jakarta.inject-2.6.1.jar:/home/runner/.m2/repository/org/glassfish/jersey/core/jersey-common/2.34/jersey-common-2.34.jar:/home/runner/.m2/repository/jakarta/ws/rs/jakarta.ws.rs-api/2.1.6/jakarta.ws.rs-api-2.1.6.jar:/home/runner/.m2/repository/org/glassfish/jersey/ext/cdi/jersey-cdi1x/2.34/jersey-cdi1x-2.34.jar:/home/runner/.m2/repository/org/glassfish/jersey/inject/jersey-hk2/2.34/jersey-hk2-2.34.jar:/home/runner/.m2/repository/org/glassfish/hk2/hk2-locator/2.6.1/hk2-locator-2.6.1.jar:/home/runner/.m2/repository/org/glassfish/jersey/media/jersey-media-jaxb/2.34/jersey-media-jaxb-2.34.jar:/home/runner/.m2/repository/org/glassfish/hk2/osgi-resource-locator/1.0.3/osgi-resource-locator-1.0.3.jar:/home/runner/.m2/repository/org/glassfish/hk2/hk2-api/2.5.0/hk2-api-2.5.0.jar:/home/runner/.m2/repository/org/glassfish/hk2/hk2-utils/2.5.0/hk2-utils-2.5.0.jar:/home/runner/.m2/repository/org/glassfish/hk2/external/aopalliance-repackaged/2.5.0/aopalliance-repackaged-2.5.0.jar:/home/runner/.m2/repository/com/fasterxml/jackson/dataformat/jackson-dataformat-xml/2.13.2/jackson-dataformat-xml-2.13.2.jar:/home/runner/.m2/repository/com/fasterxml/jackson/core/jackson-core/2.13.2/jackson-core-2.13.2.jar:/home/runner/.m2/repository/org/codehaus/woodstox/stax2-api/3.1.4/stax2-api-3.1.4.jar:/home/runner/.m2/repository/com/fasterxml/woodstox/woodstox-core/5.0.3/woodstox-core-5.0.3.jar:/home/runner/.m2/repository/com/fasterxml/jackson/module/jackson-module-jaxb-annotations/2.13.2/jackson-module-jaxb-annotations-2.13.2.jar:/home/runner/.m2/repository/jakarta/xml/bind/jakarta.xml.bind-api/2.3.3/jakarta.xml.bind-api-2.3.3.jar:/home/runner/.m2/repository/jakarta/activation/jakarta.activation-api/1.2.1/jakarta.activation-api-1.2.1.jar:/home/runner/.m2/repository/javax/enterprise/cdi-api/1.2/cdi-api-1.2.jar:/home/runner/.m2/repository/javax/el/javax.el-api/3.0.0/javax.el-api-3.0.0.jar:/home/runner/.m2/repository/javax/interceptor/javax.interceptor-api/1.2/javax.interceptor-api-1.2.jar:/home/runner/.m2/repository/javax/inject/javax.inject/1/javax.inject-1.jar:/home/runner/.m2/repository/javax/xml/bind/jaxb-api/2.3.0/jaxb-api-2.3.0.jar:/home/runner/.m2/repository/org/glassfish/jaxb/jaxb-runtime/2.3.0.1/jaxb-runtime-2.3.0.1.jar:/home/runner/.m2/repository/org/glassfish/jaxb/jaxb-core/2.3.0.1/jaxb-core-2.3.0.1.jar:/home/runner/.m2/repository/org/glassfish/jaxb/txw2/2.3.0.1/txw2-2.3.0.1.jar:/home/runner/.m2/repository/com/sun/istack/istack-commons-runtime/3.0.5/istack-commons-runtime-3.0.5.jar:/home/runner/.m2/repository/org/jvnet/staxex/stax-ex/1.7.8/stax-ex-1.7.8.jar:/home/runner/.m2/repository/com/sun/xml/fastinfoset/FastInfoset/1.2.13/FastInfoset-1.2.13.jar:/home/runner/.m2/repository/javax/activation/activation/1.1.1/activation-1.1.1.jar:/home/runner/.m2/repository/io/grpc/grpc-protobuf/1.48.1/grpc-protobuf-1.48.1.jar:/home/runner/.m2/repository/io/grpc/grpc-api/1.48.1/grpc-api-1.48.1.jar:/home/runner/.m2/repository/io/grpc/grpc-context/1.48.1/grpc-context-1.48.1.jar:/home/runner/.m2/repository/com/google/api/grpc/proto-google-common-protos/2.9.0/proto-google-common-protos-2.9.0.jar:/home/runner/.m2/repository/io/grpc/grpc-protobuf-lite/1.48.1/grpc-protobuf-lite-1.48.1.jar:/home/runner/.m2/repository/io/grpc/grpc-stub/1.48.1/grpc-stub-1.48.1.jar:/home/runner/.m2/repository/io/netty/netty-transport/4.1.79.Final/netty-transport-4.1.79.Final.jar:/home/runner/.m2/repository/io/netty/netty-resolver/4.1.79.Final/netty-resolver-4.1.79.Final.jar:/home/runner/.m2/repository/org/apache/ozone/ozone-csi/1.3.0-SNAPSHOT/ozone-csi-1.3.0-SNAPSHOT.jar:/home/runner/.m2/repository/com/google/protobuf/protobuf-java-util/3.19.2/protobuf-java-util-3.19.2.jar:/home/runner/.m2/repository/com/google/code/gson/gson/2.9.0/gson-2.9.0.jar:/home/runner/.m2/repository/org/apache/ozone/hdds-config/1.3.0-SNAPSHOT/hdds-config-1.3.0-SNAPSHOT.jar:/home/runner/.m2/repository/io/netty/netty-transport-native-epoll/4.1.79.Final/netty-transport-native-epoll-4.1.79.Final-linux-x86_64.jar:/home/runner/.m2/repository/io/netty/netty-transport-classes-epoll/4.1.79.Final/netty-transport-classes-epoll-4.1.79.Final.jar:/home/runner/.m2/repository/io/netty/netty-transport-native-unix-common/4.1.79.Final/netty-transport-native-unix-common-4.1.79.Final.jar:/home/runner/.m2/repository/org/slf4j/slf4j-reload4j/1.7.36/slf4j-reload4j-1.7.36.jar:/home/runner/.m2/repository/org/apache/ozone/ozone-recon/1.3.0-SNAPSHOT/ozone-recon-1.3.0-SNAPSHOT.jar:/home/runner/.m2/repository/org/apache/ozone/ozone-reconcodegen/1.3.0-SNAPSHOT/ozone-reconcodegen-1.3.0-SNAPSHOT.jar:/home/runner/.m2/repository/com/google/inject/extensions/guice-multibindings/4.0/guice-multibindings-4.0.jar:/home/runner/.m2/repository/com/google/inject/guice/4.0/guice-4.0.jar:/home/runner/.m2/repository/aopalliance/aopalliance/1.0/aopalliance-1.0.jar:/home/runner/.m2/repository/com/google/inject/extensions/guice-assistedinject/4.0/guice-assistedinject-4.0.jar:/home/runner/.m2/repository/com/google/inject/extensions/guice-servlet/4.0/guice-servlet-4.0.jar:/home/runner/.m2/repository/org/glassfish/jersey/containers/jersey-container-servlet/2.34/jersey-container-servlet-2.34.jar:/home/runner/.m2/repository/org/glassfish/hk2/guice-bridge/2.5.0/guice-bridge-2.5.0.jar:/home/runner/.m2/repository/org/glassfish/jersey/core/jersey-server/2.34/jersey-server-2.34.jar:/home/runner/.m2/repository/org/glassfish/jersey/core/jersey-client/2.34/jersey-client-2.34.jar:/home/runner/.m2/repository/jakarta/annotation/jakarta.annotation-api/1.3.5/jakarta.annotation-api-1.3.5.jar:/home/runner/.m2/repository/jakarta/validation/jakarta.validation-api/2.0.2/jakarta.validation-api-2.0.2.jar:/home/runner/.m2/repository/org/glassfish/jersey/media/jersey-media-json-jackson/2.34/jersey-media-json-jackson-2.34.jar:/home/runner/.m2/repository/org/glassfish/jersey/ext/jersey-entity-filtering/2.34/jersey-entity-filtering-2.34.jar:/home/runner/.m2/repository/org/jooq/jooq/3.11.10/jooq-3.11.10.jar:/home/runner/.m2/repository/org/jooq/jooq-meta/3.11.10/jooq-meta-3.11.10.jar:/home/runner/.m2/repository/org/jooq/jooq-codegen/3.11.10/jooq-codegen-3.11.10.jar:/home/runner/.m2/repository/com/jolbox/bonecp/0.8.0.RELEASE/bonecp-0.8.0.RELEASE.jar:/home/runner/.m2/repository/org/apache/derby/derby/10.14.2.0/derby-10.14.2.0.jar:/home/runner/.m2/repository/org/xerial/sqlite-jdbc/3.25.2/sqlite-jdbc-3.25.2.jar:/home/runner/.m2/repository/org/springframework/spring-jdbc/5.2.20.RELEASE/spring-jdbc-5.2.20.RELEASE.jar:/home/runner/.m2/repository/org/springframework/spring-beans/5.2.20.RELEASE/spring-beans-5.2.20.RELEASE.jar:/home/runner/.m2/repository/org/springframework/spring-core/5.2.20.RELEASE/spring-core-5.2.20.RELEASE.jar:/home/runner/.m2/repository/org/springframework/spring-jcl/5.2.20.RELEASE/spring-jcl-5.2.20.RELEASE.jar:/home/runner/.m2/repository/org/springframework/spring-tx/5.2.20.RELEASE/spring-tx-5.2.20.RELEASE.jar:/home/runner/.m2/repository/org/apache/ozone/ozone-client/1.3.0-SNAPSHOT/ozone-client-1.3.0-SNAPSHOT.jar:/home/runner/.m2/repository/org/apache/ozone/hdds-erasurecode/1.3.0-SNAPSHOT/hdds-erasurecode-1.3.0-SNAPSHOT.jar:/home/runner/.m2/repository/com/github/spotbugs/spotbugs-annotations/3.1.12/spotbugs-annotations-3.1.12.jar:/home/runner/.m2/repository/org/apache/ozone/ozone-filesystem/1.3.0-SNAPSHOT/ozone-filesystem-1.3.0-SNAPSHOT.jar:/home/runner/.m2/repository/org/apache/ozone/ozone-filesystem-common/1.3.0-SNAPSHOT/ozone-filesystem-common-1.3.0-SNAPSHOT.jar:/home/runner/.m2/repository/org/apache/ozone/ozone-tools/1.3.0-SNAPSHOT/ozone-tools-1.3.0-SNAPSHOT.jar:/home/runner/.m2/repository/org/apache/ratis/ratis-tools/2.3.0/ratis-tools-2.3.0.jar:/home/runner/.m2/repository/com/amazonaws/aws-java-sdk-core/1.12.261/aws-java-sdk-core-1.12.261.jar:/home/runner/.m2/repository/org/apache/httpcomponents/httpclient/4.5.13/httpclient-4.5.13.jar:/home/runner/.m2/repository/org/apache/httpcomponents/httpcore/4.4.13/httpcore-4.4.13.jar:/home/runner/.m2/repository/software/amazon/ion/ion-java/1.0.2/ion-java-1.0.2.jar:/home/runner/.m2/repository/com/fasterxml/jackson/dataformat/jackson-dataformat-cbor/2.13.2/jackson-dataformat-cbor-2.13.2.jar:/home/runner/.m2/repository/joda-time/joda-time/2.8.1/joda-time-2.8.1.jar:/home/runner/.m2/repository/com/amazonaws/aws-java-sdk-s3/1.12.261/aws-java-sdk-s3-1.12.261.jar:/home/runner/.m2/repository/com/amazonaws/aws-java-sdk-kms/1.12.261/aws-java-sdk-kms-1.12.261.jar:/home/runner/.m2/repository/com/amazonaws/jmespath-java/1.12.261/jmespath-java-1.12.261.jar:/home/runner/.m2/repository/org/kohsuke/metainf-services/metainf-services/1.8/metainf-services-1.8.jar:/home/runner/.m2/repository/org/apache/ozone/hdds-tools/1.3.0-SNAPSHOT/hdds-tools-1.3.0-SNAPSHOT.jar:/home/runner/.m2/repository/commons-cli/commons-cli/1.2/commons-cli-1.2.jar:/home/runner/.m2/repository/org/apache/commons/commons-lang3/3.7/commons-lang3-3.7.jar:/home/runner/.m2/repository/org/apache/ozone/ozone-manager/1.3.0-SNAPSHOT/ozone-manager-1.3.0-SNAPSHOT-tests.jar:/home/runner/.m2/repository/org/apache/ozone/hdds-common/1.3.0-SNAPSHOT/hdds-common-1.3.0-SNAPSHOT-tests.jar:/home/runner/.m2/repository/org/apache/ozone/hdds-hadoop-dependency-client/1.3.0-SNAPSHOT/hdds-hadoop-dependency-client-1.3.0-SNAPSHOT.jar:/home/runner/.m2/repository/info/picocli/picocli/4.6.1/picocli-4.6.1.jar:/home/runner/.m2/repository/com/fasterxml/jackson/core/jackson-annotations/2.13.2/jackson-annotations-2.13.2.jar:/home/runner/.m2/repository/com/fasterxml/jackson/datatype/jackson-datatype-jsr310/2.13.2/jackson-datatype-jsr310-2.13.2.jar:/home/runner/.m2/repository/org/apache/ozone/hdds-annotation-processing/1.3.0-SNAPSHOT/hdds-annotation-processing-1.3.0-SNAPSHOT.jar:/home/runner/.m2/repository/javax/annotation/javax.annotation-api/1.2/javax.annotation-api-1.2.jar:/home/runner/.m2/repository/org/apache/ratis/ratis-server/2.3.0/ratis-server-2.3.0.jar:/home/runner/.m2/repository/org/apache/ratis/ratis-client/2.3.0/ratis-client-2.3.0.jar:/home/runner/.m2/repository/org/apache/ratis/ratis-server-api/2.3.0/ratis-server-api-2.3.0.jar:/home/runner/.m2/repository/org/apache/ratis/ratis-metrics/2.3.0/ratis-metrics-2.3.0.jar:/home/runner/.m2/repository/org/apache/ratis/ratis-netty/2.3.0/ratis-netty-2.3.0.jar:/home/runner/.m2/repository/org/apache/ratis/ratis-grpc/2.3.0/ratis-grpc-2.3.0.jar:/home/runner/.m2/repository/org/apache/logging/log4j/log4j-api/2.17.1/log4j-api-2.17.1.jar:/home/runner/.m2/repository/org/apache/commons/commons-pool2/2.6.0/commons-pool2-2.6.0.jar:/home/runner/.m2/repository/org/bouncycastle/bcpkix-jdk15on/1.67/bcpkix-jdk15on-1.67.jar:/home/runner/.m2/repository/commons-validator/commons-validator/1.6/commons-validator-1.6.jar:/home/runner/.m2/repository/commons-beanutils/commons-beanutils/1.9.4/commons-beanutils-1.9.4.jar:/home/runner/.m2/repository/commons-digester/commons-digester/1.8.1/commons-digester-1.8.1.jar:/home/runner/.m2/repository/commons-collections/commons-collections/3.2.2/commons-collections-3.2.2.jar:/home/runner/.m2/repository/io/jaegertracing/jaeger-client/1.6.0/jaeger-client-1.6.0.jar:/home/runner/.m2/repository/io/jaegertracing/jaeger-thrift/1.6.0/jaeger-thrift-1.6.0.jar:/home/runner/.m2/repository/org/apache/thrift/libthrift/0.14.1/libthrift-0.14.1.jar:/home/runner/.m2/repository/com/squareup/okhttp3/okhttp/4.9.0/okhttp-4.9.0.jar:/home/runner/.m2/repository/com/squareup/okio/okio/2.8.0/okio-2.8.0.jar:/home/runner/.m2/repository/io/jaegertracing/jaeger-core/1.6.0/jaeger-core-1.6.0.jar:/home/runner/.m2/repository/io/jaegertracing/jaeger-tracerresolver/1.6.0/jaeger-tracerresolver-1.6.0.jar:/home/runner/.m2/repository/io/opentracing/contrib/opentracing-tracerresolver/0.1.8/opentracing-tracerresolver-0.1.8.jar:/home/runner/.m2/repository/org/jetbrains/kotlin/kotlin-stdlib/1.6.21/kotlin-stdlib-1.6.21.jar:/home/runner/.m2/repository/org/jetbrains/kotlin/kotlin-stdlib-common/1.6.21/kotlin-stdlib-common-1.6.21.jar:/home/runner/.m2/repository/org/jetbrains/annotations/13.0/annotations-13.0.jar:/home/runner/.m2/repository/io/opentracing/opentracing-util/0.33.0/opentracing-util-0.33.0.jar:/home/runner/.m2/repository/io/opentracing/opentracing-api/0.33.0/opentracing-api-0.33.0.jar:/home/runner/.m2/repository/io/opentracing/opentracing-noop/0.33.0/opentracing-noop-0.33.0.jar:/home/runner/.m2/repository/org/yaml/snakeyaml/1.32/snakeyaml-1.32.jar:/home/runner/.m2/repository/org/apache/ozone/hdds-interface-admin/1.3.0-SNAPSHOT/hdds-interface-admin-1.3.0-SNAPSHOT.jar:/home/runner/.m2/repository/junit/junit/4.13.1/junit-4.13.1.jar:/home/runner/.m2/repository/org/hamcrest/hamcrest-core/1.3/hamcrest-core-1.3.jar:/home/runner/.m2/repository/org/junit/jupiter/junit-jupiter-api/5.8.2/junit-jupiter-api-5.8.2.jar:/home/runner/.m2/repository/org/opentest4j/opentest4j/1.2.0/opentest4j-1.2.0.jar:/home/runner/.m2/repository/org/junit/platform/junit-platform-commons/1.8.2/junit-platform-commons-1.8.2.jar:/home/runner/.m2/repository/org/apiguardian/apiguardian-api/1.1.2/apiguardian-api-1.1.2.jar:/home/runner/.m2/repository/org/junit/jupiter/junit-jupiter-params/5.8.2/junit-jupiter-params-5.8.2.jar:/home/runner/.m2/repository/org/junit/jupiter/junit-jupiter-migrationsupport/5.8.2/junit-jupiter-migrationsupport-5.8.2.jar:/home/runner/.m2/repository/org/junit/jupiter/junit-jupiter-engine/5.8.2/junit-jupiter-engine-5.8.2.jar:/home/runner/.m2/repository/org/junit/platform/junit-platform-engine/1.8.2/junit-platform-engine-1.8.2.jar:/home/runner/.m2/repository/org/junit/vintage/junit-vintage-engine/5.8.2/junit-vintage-engine-5.8.2.jar:/home/runner/.m2/repository/org/junit/platform/junit-platform-launcher/1.8.2/junit-platform-launcher-1.8.2.jar:/home/runner/.m2/repository/org/mockito/mockito-core/2.28.2/mockito-core-2.28.2.jar:/home/runner/.m2/repository/net/bytebuddy/byte-buddy/1.9.10/byte-buddy-1.9.10.jar:/home/runner/.m2/repository/net/bytebuddy/byte-buddy-agent/1.9.10/byte-buddy-agent-1.9.10.jar:/home/runner/.m2/repository/org/objenesis/objenesis/1.0/objenesis-1.0.jar:/home/runner/.m2/repository/org/apache/hadoop/hadoop-kms/3.3.1/hadoop-kms-3.3.1.jar:/home/runner/.m2/repository/org/apache/hadoop/hadoop-auth/3.3.1/hadoop-auth-3.3.1.jar:/home/runner/.m2/repository/com/nimbusds/nimbus-jose-jwt/7.9/nimbus-jose-jwt-7.9.jar:/home/runner/.m2/repository/com/github/stephenc/jcip/jcip-annotations/1.0-1/jcip-annotations-1.0-1.jar:/home/runner/.m2/repository/net/minidev/json-smart/2.4.7/json-smart-2.4.7.jar:/home/runner/.m2/repository/net/minidev/accessors-smart/2.4.7/accessors-smart-2.4.7.jar:/home/runner/.m2/repository/org/ow2/asm/asm/5.0.4/asm-5.0.4.jar:/home/runner/.m2/repository/org/apache/zookeeper/zookeeper/3.5.6/zookeeper-3.5.6.jar:/home/runner/.m2/repository/org/apache/zookeeper/zookeeper-jute/3.5.6/zookeeper-jute-3.5.6.jar:/home/runner/.m2/repository/org/apache/yetus/audience-annotations/0.5.0/audience-annotations-0.5.0.jar:/home/runner/.m2/repository/org/apache/curator/curator-framework/4.2.0/curator-framework-4.2.0.jar:/home/runner/.m2/repository/org/apache/hadoop/thirdparty/hadoop-shaded-guava/1.1.1/hadoop-shaded-guava-1.1.1.jar:/home/runner/.m2/repository/com/sun/jersey/jersey-core/1.19/jersey-core-1.19.jar:/home/runner/.m2/repository/javax/ws/rs/jsr311-api/1.1.1/jsr311-api-1.1.1.jar:/home/runner/.m2/repository/com/sun/jersey/jersey-server/1.19/jersey-server-1.19.jar:/home/runner/.m2/repository/javax/servlet/javax.servlet-api/3.1.0/javax.servlet-api-3.1.0.jar:/home/runner/.m2/repository/org/eclipse/jetty/jetty-server/9.4.43.v20210629/jetty-server-9.4.43.v20210629.jar:/home/runner/.m2/repository/org/eclipse/jetty/jetty-http/9.4.43.v20210629/jetty-http-9.4.43.v20210629.jar:/home/runner/.m2/repository/org/eclipse/jetty/jetty-io/9.4.43.v20210629/jetty-io-9.4.43.v20210629.jar:/home/runner/.m2/repository/org/eclipse/jetty/jetty-webapp/9.4.43.v20210629/jetty-webapp-9.4.43.v20210629.jar:/home/runner/.m2/repository/org/eclipse/jetty/jetty-xml/9.4.43.v20210629/jetty-xml-9.4.43.v20210629.jar:/home/runner/.m2/repository/org/apache/hadoop/hadoop-common/3.3.1/hadoop-common-3.3.1.jar:/home/runner/.m2/repository/org/apache/commons/commons-math3/3.1.1/commons-math3-3.1.1.jar:/home/runner/.m2/repository/commons-net/commons-net/3.6/commons-net-3.6.jar:/home/runner/.m2/repository/com/sun/jersey/jersey-servlet/1.19/jersey-servlet-1.19.jar:/home/runner/.m2/repository/com/sun/jersey/jersey-json/1.19/jersey-json-1.19.jar:/home/runner/.m2/repository/org/codehaus/jettison/jettison/1.1/jettison-1.1.jar:/home/runner/.m2/repository/com/sun/xml/bind/jaxb-impl/2.2.3-1/jaxb-impl-2.2.3-1.jar:/home/runner/.m2/repository/org/codehaus/jackson/jackson-xc/1.9.2/jackson-xc-1.9.2.jar:/home/runner/.m2/repository/org/apache/commons/commons-configuration2/2.1.1/commons-configuration2-2.1.1.jar:/home/runner/.m2/repository/org/apache/commons/commons-text/1.4/commons-text-1.4.jar:/home/runner/.m2/repository/com/google/re2j/re2j/1.1/re2j-1.1.jar:/home/runner/.m2/repository/com/jcraft/jsch/0.1.54/jsch-0.1.54.jar:/home/runner/.m2/repository/org/apache/curator/curator-client/4.2.0/curator-client-4.2.0.jar:/home/runner/.m2/repository/org/apache/curator/curator-recipes/4.2.0/curator-recipes-4.2.0.jar:/home/runner/.m2/repository/org/apache/htrace/htrace-core4/4.1.0-incubating/htrace-core4-4.1.0-incubating.jar:/home/runner/.m2/repository/org/apache/kerby/kerb-core/1.0.1/kerb-core-1.0.1.jar:/home/runner/.m2/repository/org/apache/kerby/kerby-pkix/1.0.1/kerby-pkix-1.0.1.jar:/home/runner/.m2/repository/org/apache/kerby/kerby-asn1/1.0.1/kerby-asn1-1.0.1.jar:/home/runner/.m2/repository/org/apache/kerby/kerby-util/1.0.1/kerby-util-1.0.1.jar:/home/runner/.m2/repository/dnsjava/dnsjava/2.1.7/dnsjava-2.1.7.jar:/home/runner/.m2/repository/org/xerial/snappy/snappy-java/1.1.8.2/snappy-java-1.1.8.2.jar:/home/runner/.m2/repository/org/eclipse/jetty/jetty-util/9.4.43.v20210629/jetty-util-9.4.43.v20210629.jar:/home/runner/.m2/repository/com/fasterxml/jackson/core/jackson-databind/2.13.2.2/jackson-databind-2.13.2.2.jar:/home/runner/.m2/repository/org/apache/hadoop/hadoop-kms/3.3.1/hadoop-kms-3.3.1-tests.jar:/home/runner/.m2/repository/org/apache/ozone/hdds-server-scm/1.3.0-SNAPSHOT/hdds-server-scm-1.3.0-SNAPSHOT-tests.jar:/home/runner/.m2/repository/org/apache/ozone/hdds-container-service/1.3.0-SNAPSHOT/hdds-container-service-1.3.0-SNAPSHOT-tests.jar:/home/runner/.m2/repository/commons-codec/commons-codec/1.11/commons-codec-1.11.jar:/home/runner/.m2/repository/io/netty/netty-codec/4.1.79.Final/netty-codec-4.1.79.Final.jar:/home/runner/.m2/repository/io/netty/netty-handler/4.1.79.Final/netty-handler-4.1.79.Final.jar:/home/runner/.m2/repository/org/apache/ozone/hdds-hadoop-dependency-test/1.3.0-SNAPSHOT/hdds-hadoop-dependency-test-1.3.0-SNAPSHOT.jar:/home/runner/.m2/repository/org/apache/hadoop/hadoop-common/3.3.1/hadoop-common-3.3.1-tests.jar:/home/runner/.m2/repository/org/apache/hadoop/hadoop-hdfs/3.3.1/hadoop-hdfs-3.3.1-tests.jar:/home/runner/.m2/repository/org/assertj/assertj-core/3.12.2/assertj-core-3.12.2.jar:/home/runner/.m2/repository/org/apache/hadoop/hadoop-distcp/3.3.1/hadoop-distcp-3.3.1.jar:/home/runner/.m2/repository/org/apache/hadoop/hadoop-mapreduce-client-jobclient/3.3.1/hadoop-mapreduce-client-jobclient-3.3.1.jar:/home/runner/.m2/repository/org/apache/hadoop/hadoop-mapreduce-client-common/3.3.1/hadoop-mapreduce-client-common-3.3.1.jar:/home/runner/.m2/repository/org/apache/hadoop/hadoop-yarn-common/3.3.1/hadoop-yarn-common-3.3.1.jar:/home/runner/.m2/repository/org/apache/hadoop/hadoop-yarn-api/3.3.1/hadoop-yarn-api-3.3.1.jar:/home/runner/.m2/repository/com/sun/jersey/contribs/jersey-guice/1.19/jersey-guice-1.19.jar:/home/runner/.m2/repository/com/fasterxml/jackson/jaxrs/jackson-jaxrs-json-provider/2.13.2/jackson-jaxrs-json-provider-2.13.2.jar:/home/runner/.m2/repository/com/fasterxml/jackson/jaxrs/jackson-jaxrs-base/2.13.2/jackson-jaxrs-base-2.13.2.jar:/home/runner/.m2/repository/org/apache/hadoop/hadoop-yarn-client/3.3.1/hadoop-yarn-client-3.3.1.jar:/home/runner/.m2/repository/org/eclipse/jetty/websocket/websocket-client/9.4.40.v20210413/websocket-client-9.4.40.v20210413.jar:/home/runner/.m2/repository/org/eclipse/jetty/websocket/websocket-common/9.4.40.v20210413/websocket-common-9.4.40.v20210413.jar:/home/runner/.m2/repository/org/eclipse/jetty/websocket/websocket-api/9.4.40.v20210413/websocket-api-9.4.40.v20210413.jar:/home/runner/.m2/repository/org/jline/jline/3.9.0/jline-3.9.0.jar:/home/runner/.m2/repository/org/apache/hadoop/hadoop-mapreduce-client-core/3.3.1/hadoop-mapreduce-client-core-3.3.1.jar:/home/runner/.m2/repository/org/apache/avro/avro/1.7.7/avro-1.7.7.jar:/home/runner/.m2/repository/org/codehaus/jackson/jackson-core-asl/1.9.13/jackson-core-asl-1.9.13.jar:/home/runner/.m2/repository/org/codehaus/jackson/jackson-mapper-asl/1.9.13/jackson-mapper-asl-1.9.13.jar:/home/runner/.m2/repository/com/thoughtworks/paranamer/paranamer/2.3/paranamer-2.3.jar:/home/runner/.m2/repository/org/apache/hadoop/hadoop-annotations/3.3.1/hadoop-annotations-3.3.1.jar:/opt/hostedtoolcache/jdk/8.0.345/x64/jre/../lib/tools.jar:/home/runner/.m2/repository/io/netty/netty/3.10.6.Final/netty-3.10.6.Final.jar:/home/runner/.m2/repository/org/apache/hadoop/hadoop-distcp/3.3.1/hadoop-distcp-3.3.1-tests.jar:/home/runner/.m2/repository/org/slf4j/jul-to-slf4j/1.7.36/jul-to-slf4j-1.7.36.jar:/home/runner/.m2/repository/org/apache/ratis/ratis-common/2.3.0/ratis-common-2.3.0.jar:/home/runner/.m2/repository/org/apache/ratis/ratis-thirdparty-misc/1.0.0/ratis-thirdparty-misc-1.0.0.jar:/home/runner/.m2/repository/org/apache/ratis/ratis-proto/2.3.0/ratis-proto-2.3.0.jar:"/>
    <property name="sun.cpu.endian" value="little"/>
    <property name="user.home" value="/home/runner"/>
    <property name="user.language" value="en"/>
    <property name="java.specification.vendor" value="Oracle Corporation"/>
    <property name="java.home" value="/opt/hostedtoolcache/jdk/8.0.345/x64/jre"/>
    <property name="java.security.krb5.conf" value="/home/runner/work/ozone/ozone/hadoop-ozone/integration-test/target/test-classes/krb5.conf"/>
    <property name="basedir" value="/home/runner/work/ozone/ozone/hadoop-ozone/integration-test"/>
    <property name="file.separator" value="/"/>
    <property name="line.separator" value="&#10;"/>
    <property name="jdk.vendor.version" value="Zulu 8.64.0.19-CA-linux64"/>
    <property name="java.vm.specification.vendor" value="Oracle Corporation"/>
    <property name="java.specification.name" value="Java Platform API Specification"/>
    <property name="java.awt.graphicsenv" value="sun.awt.X11GraphicsEnvironment"/>
    <property name="skip.installnpx" value="true"/>
    <property name="surefire.real.class.path" value="/home/runner/work/ozone/ozone/hadoop-ozone/integration-test/target/surefire/surefirebooter3038826171968953078.jar:/home/runner/.m2/repository/org/jacoco/org.jacoco.agent/0.8.5/org.jacoco.agent-0.8.5-runtime.jar"/>
    <property name="hadoop.log.dir" value="/home/runner/work/ozone/ozone/hadoop-ozone/integration-test/target/log"/>
    <property name="sun.boot.class.path" value="/opt/hostedtoolcache/jdk/8.0.345/x64/jre/lib/resources.jar:/opt/hostedtoolcache/jdk/8.0.345/x64/jre/lib/rt.jar:/opt/hostedtoolcache/jdk/8.0.345/x64/jre/lib/sunrsasign.jar:/opt/hostedtoolcache/jdk/8.0.345/x64/jre/lib/jsse.jar:/opt/hostedtoolcache/jdk/8.0.345/x64/jre/lib/jce.jar:/opt/hostedtoolcache/jdk/8.0.345/x64/jre/lib/charsets.jar:/opt/hostedtoolcache/jdk/8.0.345/x64/jre/lib/jfr.jar:/opt/hostedtoolcache/jdk/8.0.345/x64/jre/lib/cat.jar:/opt/hostedtoolcache/jdk/8.0.345/x64/jre/classes"/>
    <property name="sun.management.compiler" value="HotSpot 64-Bit Tiered Compilers"/>
    <property name="skip.npx" value="true"/>
    <property name="java.runtime.version" value="1.8.0_345-b01"/>
    <property name="java.net.preferIPv4Stack" value="true"/>
    <property name="user.name" value="runner"/>
    <property name="path.separator" value=":"/>
    <property name="java.security.egd" value="file:///dev/urandom"/>
    <property name="os.version" value="5.15.0-1020-azure"/>
    <property name="java.endorsed.dirs" value="/opt/hostedtoolcache/jdk/8.0.345/x64/jre/lib/endorsed"/>
    <property name="java.runtime.name" value="OpenJDK Runtime Environment"/>
    <property name="file.encoding" value="UTF-8"/>
    <property name="java.vm.name" value="OpenJDK 64-Bit Server VM"/>
    <property name="test.build.webapps" value=""/>
    <property name="localRepository" value="/home/runner/.m2/repository"/>
    <property name="jetty.git.hash" value="526006ecfa3af7f1a27ef3a288e2bef7ea9dd7e8"/>
    <property name="java.vendor.url.bug" value="http://www.azul.com/support/"/>
    <property name="java.io.tmpdir" value="/tmp"/>
    <property name="require.test.libhadoop" value=""/>
    <property name="java.version" value="1.8.0_345"/>
    <property name="user.dir" value="/home/runner/work/ozone/ozone/hadoop-ozone/integration-test"/>
    <property name="os.arch" value="amd64"/>
    <property name="java.vm.specification.name" value="Java Virtual Machine Specification"/>
    <property name="test.build.classes" value="/home/runner/work/ozone/ozone/hadoop-ozone/integration-test/target/test-classes"/>
    <property name="java.awt.printerjob" value="sun.print.PSPrinterJob"/>
    <property name="sun.os.patch.level" value="unknown"/>
    <property name="hadoop.tmp.dir" value="/home/runner/work/ozone/ozone/hadoop-ozone/integration-test/target/tmp"/>
    <property name="java.library.path" value="/usr/java/packages/lib/amd64:/usr/lib64:/lib64:/lib:/usr/lib"/>
    <property name="java.vm.info" value="mixed mode"/>
    <property name="java.vendor" value="Azul Systems, Inc."/>
    <property name="java.vm.version" value="25.345-b01"/>
    <property name="java.ext.dirs" value="/opt/hostedtoolcache/jdk/8.0.345/x64/jre/lib/ext:/usr/java/packages/lib/ext"/>
    <property name="sun.io.unicode.encoding" value="UnicodeLittle"/>
    <property name="java.class.version" value="52.0"/>
  </properties>
  <testcase name="testNonReplicationReads" classname="TestKeyInputStream" time="89.661">
    <system-out><![CDATA[2022-10-08 01:31:15,110 [Time-limited test] WARN  server.ServerUtils (ServerUtils.java:getScmDbDir(148)) - ozone.scm.db.dirs is not configured. We recommend adding this setting. Falling back to ozone.metadata.dirs instead.
2022-10-08 01:31:15,200 [Time-limited test] WARN  server.ServerUtils (ServerUtils.java:getScmDbDir(148)) - ozone.scm.db.dirs is not configured. We recommend adding this setting. Falling back to ozone.metadata.dirs instead.
2022-10-08 01:31:15,204 [Time-limited test] INFO  ha.SCMHANodeDetails (SCMHANodeDetails.java:loadSCMHAConfig(209)) - ServiceID for StorageContainerManager is null
2022-10-08 01:31:15,211 [Time-limited test] WARN  ha.SCMHANodeDetails (SCMHANodeDetails.java:validateSCMHAConfig(182)) - Invalid config ozone.scm.ratis.enable. The config was not specified, but the default value true conflicts with the expected config value false. Falling back to the expected value. Current State of SCM: SCM is running in Non-HA without Ratis Ratis SCM -> Non Ratis SCM or Non HA SCM -> HA SCM is not supported
2022-10-08 01:31:15,211 [Time-limited test] INFO  ha.SCMHANodeDetails (SCMHANodeDetails.java:loadSCMHAConfig(214)) - ozone.scm.default.service.id is not defined, falling back to ozone.scm.service.ids to find serviceID for StorageContainerManager if it is HA enabled cluster
2022-10-08 01:31:15,797 [Time-limited test] WARN  utils.HAUtils (HAUtils.java:getMetaDir(342)) - ozone.scm.db.dirs is not configured. We recommend adding this setting. Falling back to ozone.metadata.dirs instead.
2022-10-08 01:31:15,988 [Time-limited test] WARN  db.DBStoreBuilder (DBStoreBuilder.java:applyDBDefinition(144)) - ozone.scm.db.dirs is not configured. We recommend adding this setting. Falling back to ozone.metadata.dirs instead.
2022-10-08 01:31:16,504 [Time-limited test] INFO  net.NodeSchemaLoader (NodeSchemaLoader.java:loadSchemaFromFile(129)) - Loading schema from [jar:file:/home/runner/.m2/repository/org/apache/ozone/hdds-common/1.3.0-SNAPSHOT/hdds-common-1.3.0-SNAPSHOT.jar!/network-topology-default.xml]
2022-10-08 01:31:16,506 [Time-limited test] INFO  net.NodeSchemaLoader (NodeSchemaLoader.java:loadSchema(176)) - Loading network topology layer schema file
2022-10-08 01:31:16,557 [Time-limited test] INFO  metrics.MetricRegistries (MetricRegistriesLoader.java:load(64)) - Loaded MetricRegistries class org.apache.ratis.metrics.impl.MetricRegistriesImpl
2022-10-08 01:31:16,563 [Time-limited test] INFO  upgrade.AbstractLayoutVersionManager (AbstractLayoutVersionManager.java:init(83)) - Initializing Layout version manager with metadata layout = DATANODE_SCHEMA_V3 (version = 4), software layout = DATANODE_SCHEMA_V3 (version = 4)
2022-10-08 01:31:16,819 [Time-limited test] INFO  reflections.Reflections (Reflections.java:scan(232)) - Reflections took 168 ms to scan 7 urls, producing 135 keys and 327 values 
2022-10-08 01:31:16,940 [Time-limited test] INFO  ha.SequenceIdGenerator (SequenceIdGenerator.java:upgradeToSequenceId(349)) - upgrade localId to 109611004723200000
2022-10-08 01:31:16,940 [Time-limited test] INFO  ha.SequenceIdGenerator (SequenceIdGenerator.java:upgradeToSequenceId(359)) - upgrade delTxnId to 0
2022-10-08 01:31:16,944 [Time-limited test] INFO  ha.SequenceIdGenerator (SequenceIdGenerator.java:upgradeToSequenceId(376)) - upgrade containerId to 0
2022-10-08 01:31:16,946 [Time-limited test] INFO  ha.SequenceIdGenerator (SequenceIdGenerator.java:<init>(220)) - Init the HA SequenceIdGenerator.
2022-10-08 01:31:16,992 [Time-limited test] INFO  node.SCMNodeManager (SCMNodeManager.java:<init>(149)) - Entering startup safe mode.
2022-10-08 01:31:17,062 [Time-limited test] INFO  algorithms.ContainerPlacementPolicyFactory (ContainerPlacementPolicyFactory.java:getPolicyInternal(86)) - Create container placement policy of type org.apache.hadoop.hdds.scm.container.placement.algorithms.SCMContainerPlacementRandom
2022-10-08 01:31:17,064 [Time-limited test] INFO  algorithms.ContainerPlacementPolicyFactory (ContainerPlacementPolicyFactory.java:getPolicyInternal(86)) - Create container placement policy of type org.apache.hadoop.hdds.scm.container.placement.algorithms.SCMContainerPlacementRackScatter
2022-10-08 01:31:17,076 [Time-limited test] INFO  pipeline.PipelineStateManagerImpl (PipelineStateManagerImpl.java:initialize(78)) - No pipeline exists in current db
2022-10-08 01:31:17,120 [Time-limited test] INFO  algorithms.LeaderChoosePolicyFactory (LeaderChoosePolicyFactory.java:getPolicy(57)) - Create leader choose policy of type org.apache.hadoop.hdds.scm.pipeline.leader.choose.algorithms.MinLeaderCountChoosePolicy
2022-10-08 01:31:17,120 [Time-limited test] INFO  algorithms.ContainerPlacementPolicyFactory (ContainerPlacementPolicyFactory.java:getPolicyInternal(86)) - Create container placement policy of type org.apache.hadoop.hdds.scm.container.placement.algorithms.SCMContainerPlacementRackScatter
2022-10-08 01:31:17,134 [Time-limited test] INFO  ha.SCMServiceManager (SCMServiceManager.java:register(42)) - Registering service BackgroundPipelineCreator.
2022-10-08 01:31:17,135 [Time-limited test] INFO  pipeline.BackgroundPipelineCreator (BackgroundPipelineCreator.java:start(124)) - Starting RatisPipelineUtilsThread.
2022-10-08 01:31:17,139 [Time-limited test] INFO  BackgroundPipelineScrubber (BackgroundSCMService.java:start(68)) - Starting BackgroundPipelineScrubber Service.
2022-10-08 01:31:17,140 [Time-limited test] INFO  ha.SCMServiceManager (SCMServiceManager.java:register(42)) - Registering service BackgroundPipelineScrubber.
2022-10-08 01:31:17,150 [Time-limited test] INFO  ExpiredContainerReplicaOpScrubber (BackgroundSCMService.java:start(68)) - Starting ExpiredContainerReplicaOpScrubber Service.
2022-10-08 01:31:17,151 [Time-limited test] INFO  ha.SCMServiceManager (SCMServiceManager.java:register(42)) - Registering service ExpiredContainerReplicaOpScrubber.
2022-10-08 01:31:17,214 [Time-limited test] INFO  algorithms.PipelineChoosePolicyFactory (PipelineChoosePolicyFactory.java:createPipelineChoosePolicyFromClass(73)) - Create pipeline choose policy of type org.apache.hadoop.hdds.scm.pipeline.choose.algorithms.RandomPipelineChoosePolicy
2022-10-08 01:31:17,235 [Time-limited test] INFO  ha.SCMServiceManager (SCMServiceManager.java:register(42)) - Registering service SCMBlockDeletingService.
2022-10-08 01:31:17,289 [Time-limited test] INFO  replication.ReplicationManager (ReplicationManager.java:start(223)) - Starting Replication Monitor Thread.
2022-10-08 01:31:17,296 [Time-limited test] INFO  ha.SCMServiceManager (SCMServiceManager.java:register(42)) - Registering service ReplicationManager.
2022-10-08 01:31:17,300 [ReplicationMonitor] INFO  replication.ReplicationManager (ReplicationManager.java:processAll(291)) - Replication Manager is not ready to run until 3000ms after safemode exit
2022-10-08 01:31:17,308 [Time-limited test] INFO  safemode.ContainerSafeModeRule (ContainerSafeModeRule.java:<init>(89)) - containers with one replica threshold count 0
2022-10-08 01:31:17,313 [Time-limited test] INFO  safemode.HealthyPipelineSafeModeRule (HealthyPipelineSafeModeRule.java:initializeRule(169)) - Total pipeline count is 0, healthy pipeline threshold count is 1
2022-10-08 01:31:17,315 [Time-limited test] INFO  safemode.OneReplicaPipelineSafeModeRule (OneReplicaPipelineSafeModeRule.java:initializeRule(180)) - Total pipeline count is 0, pipeline's with at least one datanode reported threshold count is 0
2022-10-08 01:31:17,656 [Time-limited test] INFO  audit.AuditLogger (AuditLogger.java:refreshDebugCmdSet(126)) - Refresh DebugCmdSet for SCMAudit to [].
2022-10-08 01:31:17,688 [Time-limited test] INFO  ipc.CallQueueManager (CallQueueManager.java:<init>(90)) - Using callQueue: class java.util.concurrent.LinkedBlockingQueue, queueCapacity: 2000, scheduler: class org.apache.hadoop.ipc.DefaultRpcScheduler, ipcBackoff: false.
2022-10-08 01:31:17,731 [Socket Reader #1 for port 0] INFO  ipc.Server (Server.java:run(1265)) - Starting Socket Reader #1 for port 0
2022-10-08 01:31:17,797 [Listener at 0.0.0.0/33145] INFO  audit.AuditLogger (AuditLogger.java:refreshDebugCmdSet(126)) - Refresh DebugCmdSet for SCMAudit to [].
2022-10-08 01:31:17,805 [Listener at 0.0.0.0/33145] INFO  ipc.CallQueueManager (CallQueueManager.java:<init>(90)) - Using callQueue: class java.util.concurrent.LinkedBlockingQueue, queueCapacity: 2000, scheduler: class org.apache.hadoop.ipc.DefaultRpcScheduler, ipcBackoff: false.
2022-10-08 01:31:17,806 [Socket Reader #1 for port 0] INFO  ipc.Server (Server.java:run(1265)) - Starting Socket Reader #1 for port 0
2022-10-08 01:31:17,846 [Listener at 0.0.0.0/43427] INFO  audit.AuditLogger (AuditLogger.java:refreshDebugCmdSet(126)) - Refresh DebugCmdSet for SCMAudit to [].
2022-10-08 01:31:17,859 [Listener at 0.0.0.0/43427] INFO  ipc.CallQueueManager (CallQueueManager.java:<init>(90)) - Using callQueue: class java.util.concurrent.LinkedBlockingQueue, queueCapacity: 2000, scheduler: class org.apache.hadoop.ipc.DefaultRpcScheduler, ipcBackoff: false.
2022-10-08 01:31:17,860 [Socket Reader #1 for port 0] INFO  ipc.Server (Server.java:run(1265)) - Starting Socket Reader #1 for port 0
2022-10-08 01:31:17,930 [Listener at 0.0.0.0/39957] INFO  ha.SCMServiceManager (SCMServiceManager.java:register(42)) - Registering service ContainerBalancer.
2022-10-08 01:31:17,930 [Listener at 0.0.0.0/39957] INFO  server.StorageContainerManager (StorageContainerManager.java:<init>(410)) - 
Container Balancer status:
Key                            Value
Running                        false
Container Balancer Configuration values:
Key                                                Value
Threshold                                          10
Max Datanodes to Involve per Iteration(percent)    20
Max Size to Move per Iteration                     500GB
Max Size Entering Target per Iteration             26GB
Max Size Leaving Source per Iteration              26GB

2022-10-08 01:31:17,931 [Listener at 0.0.0.0/39957] WARN  events.EventQueue (EventQueue.java:fireEvent(216)) - No event handler registered for event TypedEvent{payloadType=SafeModeStatus, name='Safe mode status'}
2022-10-08 01:31:17,932 [Listener at 0.0.0.0/39957] INFO  ha.SCMContext (SCMContext.java:updateSafeModeStatus(228)) - Update SafeModeStatus from SafeModeStatus{safeModeStatus=true, preCheckPassed=false} to SafeModeStatus{safeModeStatus=true, preCheckPassed=false}.
2022-10-08 01:31:17,936 [Listener at 0.0.0.0/39957] INFO  server.StorageContainerManager (StorageContainerManager.java:start(1436)) - StorageContainerLocationProtocol RPC server is listening at /0.0.0.0:39957
2022-10-08 01:31:18,067 [Listener at 0.0.0.0/39957] WARN  impl.MetricsConfig (MetricsConfig.java:loadFirst(136)) - Cannot locate configuration: tried hadoop-metrics2-storagecontainermanager.properties,hadoop-metrics2.properties
2022-10-08 01:31:18,082 [Listener at 0.0.0.0/39957] INFO  impl.MetricsSystemImpl (MetricsSystemImpl.java:startTimer(378)) - Scheduled Metric snapshot period at 10 second(s).
2022-10-08 01:31:18,082 [Listener at 0.0.0.0/39957] INFO  impl.MetricsSystemImpl (MetricsSystemImpl.java:start(191)) - StorageContainerManager metrics system started
2022-10-08 01:31:18,300 [ReplicationMonitor] INFO  replication.ReplicationManager (ReplicationManager.java:processAll(291)) - Replication Manager is not ready to run until 3000ms after safemode exit
2022-10-08 01:31:18,333 [Listener at 0.0.0.0/39957] INFO  server.SCMClientProtocolServer (SCMClientProtocolServer.java:start(170)) - RPC server for Client  is listening at /0.0.0.0:39957
2022-10-08 01:31:18,336 [IPC Server Responder] INFO  ipc.Server (Server.java:run(1507)) - IPC Server Responder: starting
2022-10-08 01:31:18,337 [IPC Server listener on 0] INFO  ipc.Server (Server.java:run(1344)) - IPC Server listener on 0: starting
2022-10-08 01:31:18,340 [Listener at 0.0.0.0/39957] INFO  server.StorageContainerManager (StorageContainerManager.java:start(1451)) - ScmBlockLocationProtocol RPC server is listening at /0.0.0.0:43427
2022-10-08 01:31:18,341 [Listener at 0.0.0.0/39957] INFO  server.SCMBlockProtocolServer (SCMBlockProtocolServer.java:start(152)) - RPC server for Block Protocol is listening at /0.0.0.0:43427
2022-10-08 01:31:18,341 [IPC Server Responder] INFO  ipc.Server (Server.java:run(1507)) - IPC Server Responder: starting
2022-10-08 01:31:18,341 [IPC Server listener on 0] INFO  ipc.Server (Server.java:run(1344)) - IPC Server listener on 0: starting
2022-10-08 01:31:18,343 [Listener at 0.0.0.0/39957] INFO  server.SCMDatanodeProtocolServer (SCMDatanodeProtocolServer.java:start(186)) - ScmDatanodeProtocol RPC server for DataNodes is listening at /0.0.0.0:33145
2022-10-08 01:31:18,344 [IPC Server Responder] INFO  ipc.Server (Server.java:run(1507)) - IPC Server Responder: starting
2022-10-08 01:31:18,345 [IPC Server listener on 0] INFO  ipc.Server (Server.java:run(1344)) - IPC Server listener on 0: starting
2022-10-08 01:31:18,361 [org.apache.hadoop.util.JvmPauseMonitor$Monitor@456b3db4] INFO  util.JvmPauseMonitor (JvmPauseMonitor.java:run(188)) - Starting JVM pause monitor
2022-10-08 01:31:18,374 [Listener at 0.0.0.0/39957] INFO  http.BaseHttpServer (BaseHttpServer.java:newHttpServer2BuilderForOzone(213)) - Starting Web-server for scm at: http://0.0.0.0:0
2022-10-08 01:31:18,374 [Listener at 0.0.0.0/39957] INFO  http.BaseHttpServer (BaseHttpServer.java:<init>(108)) - Hadoop Security Enabled: false Ozone Security Enabled: false Ozone HTTP Security Enabled: false 
2022-10-08 01:31:18,405 [Listener at 0.0.0.0/39957] INFO  util.log (Log.java:initialized(170)) - Logging initialized @4677ms to org.eclipse.jetty.util.log.Slf4jLog
2022-10-08 01:31:18,522 [Listener at 0.0.0.0/39957] INFO  server.AuthenticationFilter (AuthenticationFilter.java:constructSecretProvider(240)) - Unable to initialize FileSignerSecretProvider, falling back to use random secrets.
2022-10-08 01:31:18,530 [Listener at 0.0.0.0/39957] WARN  http.HttpRequestLog (HttpRequestLog.java:getRequestLog(103)) - Jetty request log can only be enabled using Log4j
2022-10-08 01:31:18,537 [Listener at 0.0.0.0/39957] INFO  http.HttpServer2 (HttpServer2.java:addGlobalFilter(1031)) - Added global filter 'safety' (class=org.apache.hadoop.hdds.server.http.HttpServer2$QuotingInputFilter)
2022-10-08 01:31:18,539 [Listener at 0.0.0.0/39957] INFO  http.HttpServer2 (HttpServer2.java:addFilter(1007)) - Added filter static_user_filter (class=org.apache.hadoop.http.lib.StaticUserWebFilter$StaticUserFilter) to context scm
2022-10-08 01:31:18,539 [Listener at 0.0.0.0/39957] INFO  http.HttpServer2 (HttpServer2.java:addFilter(1015)) - Added filter static_user_filter (class=org.apache.hadoop.http.lib.StaticUserWebFilter$StaticUserFilter) to context logs
2022-10-08 01:31:18,540 [Listener at 0.0.0.0/39957] INFO  http.HttpServer2 (HttpServer2.java:addFilter(1015)) - Added filter static_user_filter (class=org.apache.hadoop.http.lib.StaticUserWebFilter$StaticUserFilter) to context static
2022-10-08 01:31:18,595 [Listener at 0.0.0.0/39957] INFO  http.HttpServer2 (HttpServer2.java:bindListener(1250)) - Jetty bound to port 33505
2022-10-08 01:31:18,596 [Listener at 0.0.0.0/39957] INFO  server.Server (Server.java:doStart(375)) - jetty-9.4.43.v20210629; built: 2021-06-30T11:07:22.254Z; git: 526006ecfa3af7f1a27ef3a288e2bef7ea9dd7e8; jvm 1.8.0_345-b01
2022-10-08 01:31:18,633 [Listener at 0.0.0.0/39957] INFO  server.session (DefaultSessionIdManager.java:doStart(334)) - DefaultSessionIdManager workerName=node0
2022-10-08 01:31:18,634 [Listener at 0.0.0.0/39957] INFO  server.session (DefaultSessionIdManager.java:doStart(339)) - No SessionScavenger set, using defaults
2022-10-08 01:31:18,636 [Listener at 0.0.0.0/39957] INFO  server.session (HouseKeeper.java:startScavenging(132)) - node0 Scavenging every 600000ms
2022-10-08 01:31:18,655 [Listener at 0.0.0.0/39957] INFO  handler.ContextHandler (ContextHandler.java:doStart(915)) - Started o.e.j.s.ServletContextHandler@42ee28e{logs,/logs,file:///home/runner/work/ozone/ozone/hadoop-ozone/integration-test/target/log,AVAILABLE}
2022-10-08 01:31:18,656 [Listener at 0.0.0.0/39957] INFO  handler.ContextHandler (ContextHandler.java:doStart(915)) - Started o.e.j.s.ServletContextHandler@7c966969{static,/static,file:///home/runner/work/ozone/ozone/hadoop-ozone/integration-test/target/test-classes/webapps/static,AVAILABLE}
2022-10-08 01:31:18,698 [Listener at 0.0.0.0/39957] INFO  handler.ContextHandler (ContextHandler.java:doStart(915)) - Started o.e.j.w.WebAppContext@b60c938{scm,/,file:///home/runner/work/ozone/ozone/hadoop-ozone/integration-test/target/test-classes/webapps/scm/,AVAILABLE}{file:/home/runner/work/ozone/ozone/hadoop-ozone/integration-test/target/test-classes/webapps/scm}
2022-10-08 01:31:18,710 [Listener at 0.0.0.0/39957] INFO  server.AbstractConnector (AbstractConnector.java:doStart(331)) - Started ServerConnector@3bfce258{HTTP/1.1, (http/1.1)}{0.0.0.0:33505}
2022-10-08 01:31:18,710 [Listener at 0.0.0.0/39957] INFO  server.Server (Server.java:doStart(415)) - Started @4982ms
2022-10-08 01:31:18,713 [Listener at 0.0.0.0/39957] INFO  impl.MetricsSinkAdapter (MetricsSinkAdapter.java:start(204)) - Sink prometheus started
2022-10-08 01:31:18,713 [Listener at 0.0.0.0/39957] INFO  impl.MetricsSystemImpl (MetricsSystemImpl.java:registerSink(305)) - Registered sink prometheus
2022-10-08 01:31:18,715 [Listener at 0.0.0.0/39957] INFO  http.BaseHttpServer (BaseHttpServer.java:updateConnectorAddress(333)) - HTTP server of scm listening at http://0.0.0.0:33505
2022-10-08 01:31:18,717 [Listener at 0.0.0.0/39957] WARN  server.ServerUtils (ServerUtils.java:getDBPath(225)) - ozone.om.db.dirs is not configured. We recommend adding this setting. Falling back to ozone.metadata.dirs instead.
2022-10-08 01:31:18,802 [Listener at 0.0.0.0/39957] INFO  audit.AuditLogger (AuditLogger.java:refreshDebugCmdSet(126)) - Refresh DebugCmdSet for OMAudit to [].
2022-10-08 01:31:18,882 [Listener at 0.0.0.0/39957] INFO  ha.OMHANodeDetails (OMHANodeDetails.java:loadOMHAConfig(115)) - ozone.om.internal.service.id is not defined, falling back to ozone.om.service.ids to find serviceID for OzoneManager if it is HA enabled cluster
2022-10-08 01:31:18,886 [Listener at 0.0.0.0/39957] INFO  ha.OMHANodeDetails (OMHANodeDetails.java:loadOMHAConfig(226)) - Configuration does not have ozone.om.address set. Falling back to the default OM address /127.0.0.1:0
2022-10-08 01:31:18,886 [Listener at 0.0.0.0/39957] INFO  ha.OMHANodeDetails (OMHANodeDetails.java:getOMNodeDetailsForNonHA(254)) - OM Service ID is not set. Setting it to the default ID: omServiceIdDefault
2022-10-08 01:31:18,886 [Listener at 0.0.0.0/39957] INFO  ha.OMHANodeDetails (OMHANodeDetails.java:getOMNodeDetailsForNonHA(261)) - OM Node ID is not set. Setting it to the default ID: om1
2022-10-08 01:31:18,891 [Listener at 0.0.0.0/39957] WARN  server.ServerUtils (ServerUtils.java:getDBPath(225)) - ozone.om.db.dirs is not configured. We recommend adding this setting. Falling back to ozone.metadata.dirs instead.
2022-10-08 01:31:18,893 [Listener at 0.0.0.0/39957] INFO  upgrade.AbstractLayoutVersionManager (AbstractLayoutVersionManager.java:init(83)) - Initializing Layout version manager with metadata layout = MULTITENANCY_SCHEMA (version = 3), software layout = MULTITENANCY_SCHEMA (version = 3)
2022-10-08 01:31:18,980 [Listener at 0.0.0.0/39957] INFO  reflections.Reflections (Reflections.java:scan(232)) - Reflections took 82 ms to scan 2 urls, producing 154 keys and 428 values [using 2 cores]
2022-10-08 01:31:18,988 [Listener at 0.0.0.0/39957] INFO  upgrade.OMLayoutVersionManager (OMLayoutVersionManager.java:lambda$0(115)) - Skipping Upgrade Action MockOmUpgradeAction since it has been finalized.
2022-10-08 01:31:18,989 [Listener at 0.0.0.0/39957] WARN  server.ServerUtils (ServerUtils.java:getDBPath(225)) - ozone.om.db.dirs is not configured. We recommend adding this setting. Falling back to ozone.metadata.dirs instead.
2022-10-08 01:31:19,175 [Listener at 0.0.0.0/39957] INFO  proxy.SCMBlockLocationFailoverProxyProvider (SCMBlockLocationFailoverProxyProvider.java:<init>(114)) - Created block location fail-over proxy with 1 nodes: [nodeId=scmNodeId,nodeAddress=/0.0.0.0:43427]
2022-10-08 01:31:19,205 [Listener at 0.0.0.0/39957] INFO  proxy.SCMBlockLocationFailoverProxyProvider (SCMBlockLocationFailoverProxyProvider.java:<init>(114)) - Created block location fail-over proxy with 1 nodes: [nodeId=scmNodeId,nodeAddress=/0.0.0.0:43427]
2022-10-08 01:31:19,300 [ReplicationMonitor] INFO  replication.ReplicationManager (ReplicationManager.java:processAll(291)) - Replication Manager is not ready to run until 3000ms after safemode exit
2022-10-08 01:31:19,428 [Listener at 0.0.0.0/39957] WARN  server.ServerUtils (ServerUtils.java:getDBPath(225)) - ozone.om.db.dirs is not configured. We recommend adding this setting. Falling back to ozone.metadata.dirs instead.
2022-10-08 01:31:19,436 [Listener at 0.0.0.0/39957] INFO  codec.OmKeyInfoCodec (OmKeyInfoCodec.java:<init>(49)) - OmKeyInfoCodec ignorePipeline = true
2022-10-08 01:31:19,437 [Listener at 0.0.0.0/39957] INFO  codec.RepeatedOmKeyInfoCodec (RepeatedOmKeyInfoCodec.java:<init>(41)) - RepeatedOmKeyInfoCodec ignorePipeline = true
2022-10-08 01:31:19,985 [Listener at 0.0.0.0/39957] INFO  om.OzoneManager (OzoneManager.java:instantiateServices(710)) - S3 Multi-Tenancy is disabled
2022-10-08 01:31:20,094 [Listener at 0.0.0.0/39957] INFO  om.OzoneManager (OzoneManager.java:addS3GVolumeToDB(4325)) - Created Volume s3v With Owner runner required for S3Gateway operations.
2022-10-08 01:31:20,161 [Listener at 0.0.0.0/39957] WARN  server.ServerUtils (ServerUtils.java:getDefaultRatisDirectory(237)) - Storage directory for Ratis is not configured. It is a good idea to map this to an SSD disk. Falling back to ozone.metadata.dirs
2022-10-08 01:31:20,161 [Listener at 0.0.0.0/39957] WARN  utils.OzoneManagerRatisUtils (OzoneManagerRatisUtils.java:getOMRatisSnapshotDirectory(434)) - ozone.om.ratis.snapshot.dir is not configured. Falling back to ozone.metadata.dirs config
2022-10-08 01:31:20,182 [Listener at 0.0.0.0/39957] WARN  server.ServerUtils (ServerUtils.java:getDefaultRatisDirectory(237)) - Storage directory for Ratis is not configured. It is a good idea to map this to an SSD disk. Falling back to ozone.metadata.dirs
2022-10-08 01:31:20,212 [Listener at 0.0.0.0/39957] INFO  ratis.OzoneManagerRatisServer (OzoneManagerRatisServer.java:<init>(160)) - Instantiating OM Ratis server with groupID: omServiceIdDefault and peers: localhost:9872
2022-10-08 01:31:20,222 [Listener at 0.0.0.0/39957] INFO  ratis.OzoneManagerStateMachine (OzoneManagerStateMachine.java:loadSnapshotInfoFromDB(632)) - LastAppliedIndex is set from TransactionInfo from OM DB as (t:0, i:~)
2022-10-08 01:31:20,275 [Listener at 0.0.0.0/39957] INFO  server.RaftServer (ConfUtils.java:logGet(46)) - raft.rpc.type = GRPC (default)
2022-10-08 01:31:20,301 [ReplicationMonitor] INFO  replication.ReplicationManager (ReplicationManager.java:processAll(291)) - Replication Manager is not ready to run until 3000ms after safemode exit
2022-10-08 01:31:20,356 [Listener at 0.0.0.0/39957] INFO  grpc.GrpcFactory (GrpcFactory.java:checkPooledByteBufAllocatorUseCacheForAllThreads(48)) - PERFORMANCE WARNING: useCacheForAllThreads is true that may cause Netty to create a lot garbage objects and, as a result, trigger GC.
	It is recommended to disable useCacheForAllThreads by setting -Dorg.apache.ratis.thirdparty.io.netty.allocator.useCacheForAllThreads=false in command line.
2022-10-08 01:31:20,359 [Listener at 0.0.0.0/39957] INFO  grpc.GrpcConfigKeys (ConfUtils.java:logGet(46)) - raft.grpc.admin.port = -1 (default)
2022-10-08 01:31:20,360 [Listener at 0.0.0.0/39957] INFO  grpc.GrpcConfigKeys (ConfUtils.java:logGet(46)) - raft.grpc.server.port = 9872 (custom)
2022-10-08 01:31:20,360 [Listener at 0.0.0.0/39957] INFO  grpc.GrpcConfigKeys (ConfUtils.java:logGet(46)) - raft.grpc.client.port = -1 (default)
2022-10-08 01:31:20,360 [Listener at 0.0.0.0/39957] INFO  grpc.GrpcConfigKeys (ConfUtils.java:logGet(46)) - raft.grpc.server.port = 9872 (custom)
2022-10-08 01:31:20,361 [Listener at 0.0.0.0/39957] INFO  grpc.GrpcConfigKeys (ConfUtils.java:logGet(46)) - raft.grpc.server.port = 9872 (custom)
2022-10-08 01:31:20,361 [Listener at 0.0.0.0/39957] INFO  server.GrpcService (ConfUtils.java:logGet(46)) - raft.grpc.message.size.max = 33554432 (custom)
2022-10-08 01:31:20,362 [Listener at 0.0.0.0/39957] INFO  server.RaftServerConfigKeys (ConfUtils.java:logGet(46)) - raft.server.log.appender.buffer.byte-limit = 33554432 (custom)
2022-10-08 01:31:20,363 [Listener at 0.0.0.0/39957] INFO  server.GrpcService (ConfUtils.java:logGet(46)) - raft.grpc.flow.control.window = 1MB (=1048576) (default)
2022-10-08 01:31:20,363 [Listener at 0.0.0.0/39957] INFO  server.RaftServerConfigKeys (ConfUtils.java:logGet(46)) - raft.server.rpc.request.timeout = 3000ms (default)
2022-10-08 01:31:20,376 [Listener at 0.0.0.0/39957] INFO  grpc.GrpcConfigKeys (ConfUtils.java:logGet(46)) - raft.grpc.server.async.request.thread.pool.cached = true (default)
2022-10-08 01:31:20,377 [Listener at 0.0.0.0/39957] INFO  grpc.GrpcConfigKeys (ConfUtils.java:logGet(46)) - raft.grpc.server.async.request.thread.pool.size = 32 (default)
2022-10-08 01:31:20,683 [Listener at 0.0.0.0/39957] INFO  impl.DataStreamServerImpl (ConfUtils.java:logGet(46)) - raft.datastream.type = DISABLED (default)
2022-10-08 01:31:20,687 [Listener at 0.0.0.0/39957] INFO  server.RaftServerConfigKeys (ConfUtils.java:logGet(46)) - raft.server.threadpool.proxy.cached = true (default)
2022-10-08 01:31:20,687 [Listener at 0.0.0.0/39957] INFO  server.RaftServerConfigKeys (ConfUtils.java:logGet(46)) - raft.server.threadpool.proxy.size = 0 (default)
2022-10-08 01:31:20,688 [Listener at 0.0.0.0/39957] INFO  server.RaftServerConfigKeys (ConfUtils.java:logGet(46)) - raft.server.rpc.slowness.timeout = 120s (custom)
2022-10-08 01:31:20,688 [Listener at 0.0.0.0/39957] INFO  server.RaftServerConfigKeys (ConfUtils.java:logGet(46)) - raft.server.leaderelection.leader.step-down.wait-time = 10s (default)
2022-10-08 01:31:20,692 [Listener at 0.0.0.0/39957] INFO  server.RaftServerConfigKeys (ConfUtils.java:logGet(46)) - raft.server.storage.dir = [/home/runner/work/ozone/ozone/hadoop-ozone/integration-test/target/test-dir/MiniOzoneClusterImpl-c72639db-50b4-484a-b3ab-3c380931c8c6/ozone-meta/ratis] (custom)
2022-10-08 01:31:20,700 [Listener at 0.0.0.0/39957] INFO  server.RaftServer (RaftServerProxy.java:addNew(96)) - om1: addNew group-C5BA1605619E:[om1|rpc:localhost:9872|priority:0] returns group-C5BA1605619E:java.util.concurrent.CompletableFuture@2cac0c83[Not completed]
2022-10-08 01:31:20,700 [Listener at 0.0.0.0/39957] INFO  om.OzoneManager (OzoneManager.java:initializeRatisServer(1977)) - OzoneManager Ratis server initialized at port 9872
2022-10-08 01:31:20,719 [Listener at 0.0.0.0/39957] INFO  om.OzoneManager (OzoneManager.java:getRpcServer(1100)) - Creating RPC Server
2022-10-08 01:31:20,734 [pool-55-thread-1] INFO  server.RaftServer$Division (RaftServerImpl.java:<init>(190)) - om1: new RaftServerImpl for group-C5BA1605619E:[om1|rpc:localhost:9872|priority:0] with OzoneManagerStateMachine:uninitialized
2022-10-08 01:31:20,736 [pool-55-thread-1] INFO  server.RaftServerConfigKeys (ConfUtils.java:logGet(46)) - raft.server.rpc.timeout.min = 1s (custom)
2022-10-08 01:31:20,736 [pool-55-thread-1] INFO  server.RaftServerConfigKeys (ConfUtils.java:logGet(46)) - raft.server.rpc.timeout.max = 1200ms (custom)
2022-10-08 01:31:20,736 [pool-55-thread-1] INFO  server.RaftServerConfigKeys (ConfUtils.java:logGet(46)) - raft.server.rpc.sleep.time = 25ms (default)
2022-10-08 01:31:20,737 [pool-55-thread-1] INFO  server.RaftServerConfigKeys (ConfUtils.java:logGet(46)) - raft.server.rpc.slowness.timeout = 120s (custom)
2022-10-08 01:31:20,737 [pool-55-thread-1] INFO  server.RaftServerConfigKeys (ConfUtils.java:logGet(46)) - raft.server.leaderelection.leader.step-down.wait-time = 10s (default)
2022-10-08 01:31:20,737 [pool-55-thread-1] INFO  server.RaftServerConfigKeys (ConfUtils.java:logGet(46)) - raft.server.sleep.deviation.threshold = 300ms (default)
2022-10-08 01:31:20,756 [pool-55-thread-1] INFO  server.RaftServer$Division (ServerState.java:<init>(107)) - om1@group-C5BA1605619E: ConfigurationManager, init=-1: [om1|rpc:localhost:9872|priority:0], old=null, confs=<EMPTY_MAP>
2022-10-08 01:31:20,756 [pool-55-thread-1] INFO  server.RaftServerConfigKeys (ConfUtils.java:logGet(46)) - raft.server.storage.dir = [/home/runner/work/ozone/ozone/hadoop-ozone/integration-test/target/test-dir/MiniOzoneClusterImpl-c72639db-50b4-484a-b3ab-3c380931c8c6/ozone-meta/ratis] (custom)
2022-10-08 01:31:20,770 [pool-55-thread-1] INFO  server.RaftServerConfigKeys (ConfUtils.java:logGet(46)) - raft.server.log.corruption.policy = EXCEPTION (default)
2022-10-08 01:31:20,770 [pool-55-thread-1] INFO  server.RaftServerConfigKeys (ConfUtils.java:logGet(46)) - raft.server.storage.free-space.min = 0MB (=0) (default)
2022-10-08 01:31:20,772 [pool-55-thread-1] INFO  storage.RaftStorageDirectory (RaftStorageDirectoryImpl.java:analyzeStorage(135)) - The storage directory /home/runner/work/ozone/ozone/hadoop-ozone/integration-test/target/test-dir/MiniOzoneClusterImpl-c72639db-50b4-484a-b3ab-3c380931c8c6/ozone-meta/ratis/bf265839-605b-3f16-9796-c5ba1605619e does not exist. Creating ...
2022-10-08 01:31:20,791 [pool-55-thread-1] INFO  storage.RaftStorageDirectory (RaftStorageDirectoryImpl.java:tryLock(230)) - Lock on /home/runner/work/ozone/ozone/hadoop-ozone/integration-test/target/test-dir/MiniOzoneClusterImpl-c72639db-50b4-484a-b3ab-3c380931c8c6/ozone-meta/ratis/bf265839-605b-3f16-9796-c5ba1605619e/in_use.lock acquired by nodename 52807@fv-az180-867
2022-10-08 01:31:20,803 [pool-55-thread-1] INFO  storage.RaftStorage (RaftStorageImpl.java:format(89)) - Storage directory /home/runner/work/ozone/ozone/hadoop-ozone/integration-test/target/test-dir/MiniOzoneClusterImpl-c72639db-50b4-484a-b3ab-3c380931c8c6/ozone-meta/ratis/bf265839-605b-3f16-9796-c5ba1605619e has been successfully formatted.
2022-10-08 01:31:20,832 [pool-55-thread-1] INFO  server.RaftServerConfigKeys (ConfUtils.java:logGet(46)) - raft.server.notification.no-leader.timeout = 120s (custom)
2022-10-08 01:31:20,847 [pool-55-thread-1] INFO  server.RaftServerConfigKeys (ConfUtils.java:logGet(46)) - raft.server.log.use.memory = false (default)
2022-10-08 01:31:20,896 [pool-55-thread-1] INFO  server.RaftServerConfigKeys (ConfUtils.java:logGet(46)) - raft.server.log.purge.gap = 1000000 (custom)
2022-10-08 01:31:20,896 [pool-55-thread-1] INFO  server.RaftServerConfigKeys (ConfUtils.java:logGet(46)) - raft.server.log.appender.buffer.byte-limit = 33554432 (custom)
2022-10-08 01:31:20,898 [pool-55-thread-1] INFO  server.RaftServerConfigKeys (ConfUtils.java:logGet(46)) - raft.server.log.statemachine.data.read.timeout = 1000ms (default)
2022-10-08 01:31:20,938 [pool-55-thread-1] INFO  server.RaftServerConfigKeys (ConfUtils.java:logGet(46)) - raft.server.log.segment.size.max = 4194304 (custom)
2022-10-08 01:31:20,953 [pool-55-thread-1] INFO  server.RaftServerConfigKeys (ConfUtils.java:logGet(46)) - raft.server.log.segment.cache.num.max = 2 (custom)
2022-10-08 01:31:20,953 [pool-55-thread-1] INFO  server.RaftServerConfigKeys (ConfUtils.java:logGet(46)) - raft.server.log.segment.cache.size.max = 200MB (=209715200) (default)
2022-10-08 01:31:20,964 [pool-55-thread-1] INFO  segmented.SegmentedRaftLogWorker (SegmentedRaftLogWorker.java:<init>(187)) - new om1@group-C5BA1605619E-SegmentedRaftLogWorker for RaftStorageImpl:Storage Directory /home/runner/work/ozone/ozone/hadoop-ozone/integration-test/target/test-dir/MiniOzoneClusterImpl-c72639db-50b4-484a-b3ab-3c380931c8c6/ozone-meta/ratis/bf265839-605b-3f16-9796-c5ba1605619e
2022-10-08 01:31:20,964 [pool-55-thread-1] INFO  server.RaftServerConfigKeys (ConfUtils.java:logGet(46)) - raft.server.log.queue.byte-limit = 64MB (=67108864) (default)
2022-10-08 01:31:20,965 [pool-55-thread-1] INFO  server.RaftServerConfigKeys (ConfUtils.java:logGet(46)) - raft.server.log.queue.element-limit = 4096 (default)
2022-10-08 01:31:20,965 [pool-55-thread-1] INFO  server.RaftServerConfigKeys (ConfUtils.java:logGet(46)) - raft.server.log.segment.size.max = 4194304 (custom)
2022-10-08 01:31:20,966 [pool-55-thread-1] INFO  server.RaftServerConfigKeys (ConfUtils.java:logGet(46)) - raft.server.log.preallocated.size = 4194304 (custom)
2022-10-08 01:31:20,966 [pool-55-thread-1] INFO  server.RaftServerConfigKeys (ConfUtils.java:logGet(46)) - raft.server.log.force.sync.num = 128 (default)
2022-10-08 01:31:20,967 [pool-55-thread-1] INFO  server.RaftServerConfigKeys (ConfUtils.java:logGet(46)) - raft.server.log.statemachine.data.sync = true (default)
2022-10-08 01:31:20,968 [pool-55-thread-1] INFO  server.RaftServerConfigKeys (ConfUtils.java:logGet(46)) - raft.server.log.statemachine.data.sync.timeout = 10s (default)
2022-10-08 01:31:20,968 [pool-55-thread-1] INFO  server.RaftServerConfigKeys (ConfUtils.java:logGet(46)) - raft.server.log.statemachine.data.sync.timeout.retry = -1 (default)
2022-10-08 01:31:20,983 [pool-55-thread-1] INFO  server.RaftServerConfigKeys (ConfUtils.java:logGet(46)) - raft.server.log.write.buffer.size = 64KB (=65536) (default)
2022-10-08 01:31:20,984 [pool-55-thread-1] INFO  server.RaftServerConfigKeys (ConfUtils.java:logGet(46)) - raft.server.log.unsafe-flush.enabled = false (default)
2022-10-08 01:31:20,984 [pool-55-thread-1] INFO  server.RaftServerConfigKeys (ConfUtils.java:logGet(46)) - raft.server.log.statemachine.data.caching.enabled = false (default)
2022-10-08 01:31:21,000 [pool-55-thread-1] INFO  segmented.SegmentedRaftLogWorker (SegmentedRaftLogWorker.java:lambda$new$0(135)) - om1@group-C5BA1605619E-SegmentedRaftLogWorker: flushIndex: setUnconditionally 0 -> -1
2022-10-08 01:31:21,000 [pool-55-thread-1] INFO  segmented.SegmentedRaftLogWorker (SegmentedRaftLogWorker.java:lambda$new$0(135)) - om1@group-C5BA1605619E-SegmentedRaftLogWorker: safeCacheEvictIndex: setUnconditionally 0 -> -1
2022-10-08 01:31:21,012 [pool-55-thread-1] INFO  server.RaftServerConfigKeys (ConfUtils.java:logGet(46)) - raft.server.snapshot.auto.trigger.enabled = true (custom)
2022-10-08 01:31:21,012 [pool-55-thread-1] INFO  server.RaftServerConfigKeys (ConfUtils.java:logGet(46)) - raft.server.snapshot.auto.trigger.threshold = 400000 (default)
2022-10-08 01:31:21,013 [pool-55-thread-1] INFO  server.RaftServerConfigKeys (ConfUtils.java:logGet(46)) - raft.server.snapshot.retention.file.num = -1 (default)
2022-10-08 01:31:21,013 [pool-55-thread-1] INFO  server.RaftServerConfigKeys (ConfUtils.java:logGet(46)) - raft.server.log.purge.upto.snapshot.index = true (custom)
2022-10-08 01:31:21,015 [pool-55-thread-1] INFO  server.RaftServerConfigKeys (ConfUtils.java:logGet(46)) - raft.server.retrycache.expirytime = 300s (custom)
2022-10-08 01:31:21,015 [pool-55-thread-1] INFO  server.RaftServerConfigKeys (ConfUtils.java:logGet(46)) - raft.server.retrycache.statistics.expirytime = 100μs (default)
2022-10-08 01:31:21,125 [pool-55-thread-1] INFO  server.RaftServerConfigKeys (ConfUtils.java:logGet(46)) - raft.server.log.appender.install.snapshot.enabled = false (custom)
2022-10-08 01:31:21,125 [pool-55-thread-1] INFO  server.RaftServerConfigKeys (ConfUtils.java:logGet(46)) - raft.server.threadpool.server.cached = true (default)
2022-10-08 01:31:21,132 [pool-55-thread-1] INFO  server.RaftServerConfigKeys (ConfUtils.java:logGet(46)) - raft.server.threadpool.server.size = 0 (default)
2022-10-08 01:31:21,132 [pool-55-thread-1] INFO  server.RaftServerConfigKeys (ConfUtils.java:logGet(46)) - raft.server.threadpool.client.cached = true (default)
2022-10-08 01:31:21,133 [pool-55-thread-1] INFO  server.RaftServerConfigKeys (ConfUtils.java:logGet(46)) - raft.server.threadpool.client.size = 0 (default)
2022-10-08 01:31:21,301 [ReplicationMonitor] INFO  replication.ReplicationManager (ReplicationManager.java:processAll(291)) - Replication Manager is not ready to run until 3000ms after safemode exit
2022-10-08 01:31:21,517 [Listener at 0.0.0.0/39957] INFO  reflections.Reflections (Reflections.java:scan(232)) - Reflections took 719 ms to scan 19 urls, producing 67 keys and 4225 values [using 2 cores]
2022-10-08 01:31:21,838 [Listener at 0.0.0.0/39957] INFO  ipc.CallQueueManager (CallQueueManager.java:<init>(90)) - Using callQueue: class java.util.concurrent.LinkedBlockingQueue, queueCapacity: 2000, scheduler: class org.apache.hadoop.ipc.DefaultRpcScheduler, ipcBackoff: false.
2022-10-08 01:31:21,838 [Socket Reader #1 for port 0] INFO  ipc.Server (Server.java:run(1265)) - Starting Socket Reader #1 for port 0
2022-10-08 01:31:21,869 [Listener at 127.0.0.1/46853] INFO  impl.MetricsSystemImpl (MetricsSystemImpl.java:init(158)) - OzoneManager metrics system started (again)
2022-10-08 01:31:21,881 [Listener at 127.0.0.1/46853] INFO  om.OzoneManager (OzoneManager.java:start(1484)) - OzoneManager RPC server is listening at localhost/127.0.0.1:46853
2022-10-08 01:31:21,882 [Listener at 127.0.0.1/46853] INFO  ratis.OzoneManagerRatisServer (OzoneManagerRatisServer.java:start(555)) - Starting OzoneManagerRatisServer om1 at port 9872
2022-10-08 01:31:21,884 [om1-impl-thread1] INFO  server.RaftServer$Division (RaftServerImpl.java:start(310)) - om1@group-C5BA1605619E: start as a follower, conf=-1: [om1|rpc:localhost:9872|priority:0], old=null
2022-10-08 01:31:21,884 [om1-impl-thread1] INFO  server.RaftServer$Division (RaftServerImpl.java:setRole(299)) - om1@group-C5BA1605619E: changes role from      null to FOLLOWER at term 0 for startAsFollower
2022-10-08 01:31:21,885 [om1-impl-thread1] INFO  impl.RoleInfo (RoleInfo.java:updateAndGet(139)) - om1: start om1@group-C5BA1605619E-FollowerState
2022-10-08 01:31:21,886 [om1-impl-thread1] INFO  util.JmxRegister (JmxRegister.java:tryRegister(44)) - Successfully registered JMX Bean with object name Ratis:service=RaftServer,group=group-C5BA1605619E,id=om1
2022-10-08 01:31:21,888 [Listener at 127.0.0.1/46853] INFO  server.RaftServer (RaftServerProxy.java:lambda$start$6(382)) - om1: start RPC server
2022-10-08 01:31:21,940 [Listener at 127.0.0.1/46853] INFO  server.GrpcService (GrpcService.java:startImpl(260)) - om1: GrpcService started, listening on 9872
2022-10-08 01:31:21,942 [Listener at 127.0.0.1/46853] INFO  om.OzoneManager (OzoneManager.java:start(1500)) - Version File has different layout version (3) than OM DB (null). That is expected if this OM has never been finalized to a newer layout version.
2022-10-08 01:31:21,943 [org.apache.ratis.util.JvmPauseMonitor$$Lambda$636/846962177@56756a22] INFO  util.JvmPauseMonitor (JvmPauseMonitor.java:run(103)) - JvmPauseMonitor-om1: Started
2022-10-08 01:31:21,961 [Listener at 127.0.0.1/46853] INFO  http.BaseHttpServer (BaseHttpServer.java:newHttpServer2BuilderForOzone(213)) - Starting Web-server for ozoneManager at: http://0.0.0.0:0
2022-10-08 01:31:21,961 [Listener at 127.0.0.1/46853] INFO  http.BaseHttpServer (BaseHttpServer.java:<init>(108)) - Hadoop Security Enabled: false Ozone Security Enabled: false Ozone HTTP Security Enabled: false 
2022-10-08 01:31:21,963 [Listener at 127.0.0.1/46853] INFO  server.AuthenticationFilter (AuthenticationFilter.java:constructSecretProvider(240)) - Unable to initialize FileSignerSecretProvider, falling back to use random secrets.
2022-10-08 01:31:21,966 [Listener at 127.0.0.1/46853] WARN  http.HttpRequestLog (HttpRequestLog.java:getRequestLog(103)) - Jetty request log can only be enabled using Log4j
2022-10-08 01:31:21,967 [Listener at 127.0.0.1/46853] INFO  http.HttpServer2 (HttpServer2.java:addGlobalFilter(1031)) - Added global filter 'safety' (class=org.apache.hadoop.hdds.server.http.HttpServer2$QuotingInputFilter)
2022-10-08 01:31:21,968 [Listener at 127.0.0.1/46853] INFO  http.HttpServer2 (HttpServer2.java:addFilter(1007)) - Added filter static_user_filter (class=org.apache.hadoop.http.lib.StaticUserWebFilter$StaticUserFilter) to context ozoneManager
2022-10-08 01:31:21,968 [Listener at 127.0.0.1/46853] INFO  http.HttpServer2 (HttpServer2.java:addFilter(1015)) - Added filter static_user_filter (class=org.apache.hadoop.http.lib.StaticUserWebFilter$StaticUserFilter) to context static
2022-10-08 01:31:21,968 [Listener at 127.0.0.1/46853] INFO  http.HttpServer2 (HttpServer2.java:addFilter(1015)) - Added filter static_user_filter (class=org.apache.hadoop.http.lib.StaticUserWebFilter$StaticUserFilter) to context logs
2022-10-08 01:31:21,970 [Listener at 127.0.0.1/46853] INFO  http.HttpServer2 (HttpServer2.java:bindListener(1250)) - Jetty bound to port 33823
2022-10-08 01:31:21,971 [Listener at 127.0.0.1/46853] INFO  server.Server (Server.java:doStart(375)) - jetty-9.4.43.v20210629; built: 2021-06-30T11:07:22.254Z; git: 526006ecfa3af7f1a27ef3a288e2bef7ea9dd7e8; jvm 1.8.0_345-b01
2022-10-08 01:31:21,979 [Listener at 127.0.0.1/46853] INFO  server.session (DefaultSessionIdManager.java:doStart(334)) - DefaultSessionIdManager workerName=node0
2022-10-08 01:31:21,979 [Listener at 127.0.0.1/46853] INFO  server.session (DefaultSessionIdManager.java:doStart(339)) - No SessionScavenger set, using defaults
2022-10-08 01:31:21,979 [Listener at 127.0.0.1/46853] INFO  server.session (HouseKeeper.java:startScavenging(132)) - node0 Scavenging every 600000ms
2022-10-08 01:31:21,980 [Listener at 127.0.0.1/46853] INFO  handler.ContextHandler (ContextHandler.java:doStart(915)) - Started o.e.j.s.ServletContextHandler@4bef4010{logs,/logs,file:///home/runner/work/ozone/ozone/hadoop-ozone/integration-test/target/log,AVAILABLE}
2022-10-08 01:31:21,980 [Listener at 127.0.0.1/46853] INFO  handler.ContextHandler (ContextHandler.java:doStart(915)) - Started o.e.j.s.ServletContextHandler@1056995c{static,/static,file:///home/runner/work/ozone/ozone/hadoop-ozone/integration-test/target/test-classes/webapps/static,AVAILABLE}
2022-10-08 01:31:21,984 [Listener at 127.0.0.1/46853] INFO  handler.ContextHandler (ContextHandler.java:doStart(915)) - Started o.e.j.w.WebAppContext@50ef37a1{ozoneManager,/,file:///home/runner/work/ozone/ozone/hadoop-ozone/integration-test/target/test-classes/webapps/ozoneManager/,AVAILABLE}{file:/home/runner/work/ozone/ozone/hadoop-ozone/integration-test/target/test-classes/webapps/ozoneManager}
2022-10-08 01:31:21,987 [Listener at 127.0.0.1/46853] INFO  server.AbstractConnector (AbstractConnector.java:doStart(331)) - Started ServerConnector@733c6486{HTTP/1.1, (http/1.1)}{0.0.0.0:33823}
2022-10-08 01:31:21,987 [Listener at 127.0.0.1/46853] INFO  server.Server (Server.java:doStart(415)) - Started @8259ms
2022-10-08 01:31:21,987 [Listener at 127.0.0.1/46853] WARN  impl.MetricsSystemImpl (MetricsSystemImpl.java:register(279)) - Sink prometheus already exists!
2022-10-08 01:31:21,988 [Listener at 127.0.0.1/46853] INFO  http.BaseHttpServer (BaseHttpServer.java:updateConnectorAddress(333)) - HTTP server of ozoneManager listening at http://0.0.0.0:33823
2022-10-08 01:31:21,988 [IPC Server Responder] INFO  ipc.Server (Server.java:run(1507)) - IPC Server Responder: starting
2022-10-08 01:31:21,988 [IPC Server listener on 0] INFO  ipc.Server (Server.java:run(1344)) - IPC Server listener on 0: starting
2022-10-08 01:31:21,996 [Listener at 127.0.0.1/46853] INFO  om.OzoneManager (OzoneManager.java:startTrashEmptier(1921)) - Trash Interval set to 0. Files deleted won't move to trash
2022-10-08 01:31:22,013 [org.apache.hadoop.util.JvmPauseMonitor$Monitor@68459562] INFO  util.JvmPauseMonitor (JvmPauseMonitor.java:run(188)) - Starting JVM pause monitor
2022-10-08 01:31:22,191 [Listener at 127.0.0.1/46853] WARN  impl.MetricRegistriesImpl (MetricRegistriesImpl.java:addReporterRegistration(111)) - New reporters are added after registries were created. Some metrics will be missing from the reporter. Please add reporter before adding any new registry.
2022-10-08 01:31:22,191 [Listener at 127.0.0.1/46853] WARN  impl.MetricRegistriesImpl (MetricRegistriesImpl.java:addReporterRegistration(111)) - New reporters are added after registries were created. Some metrics will be missing from the reporter. Please add reporter before adding any new registry.
2022-10-08 01:31:22,191 [Listener at 127.0.0.1/46853] INFO  impl.MetricsSystemImpl (MetricsSystemImpl.java:init(158)) - HddsDatanode metrics system started (again)
2022-10-08 01:31:22,215 [Listener at 127.0.0.1/46853] INFO  ozone.HddsDatanodeService (HddsDatanodeService.java:start(236)) - HddsDatanodeService host:fv-az180-867.g3pwtgv4ffyuhaixmbmm0kyh3d.gx.internal.cloudapp.net ip:10.1.0.61
2022-10-08 01:31:22,301 [ReplicationMonitor] INFO  replication.ReplicationManager (ReplicationManager.java:processAll(291)) - Replication Manager is not ready to run until 3000ms after safemode exit
2022-10-08 01:31:22,337 [Listener at 127.0.0.1/46853] INFO  upgrade.AbstractLayoutVersionManager (AbstractLayoutVersionManager.java:init(83)) - Initializing Layout version manager with metadata layout = DATANODE_SCHEMA_V3 (version = 4), software layout = DATANODE_SCHEMA_V3 (version = 4)
2022-10-08 01:31:22,395 [Listener at 127.0.0.1/46853] INFO  reflections.Reflections (Reflections.java:scan(232)) - Reflections took 56 ms to scan 7 urls, producing 135 keys and 327 values 
2022-10-08 01:31:22,401 [Listener at 127.0.0.1/46853] INFO  statemachine.DatanodeStateMachine (DatanodeStateMachine.java:getEndPointTaskThreadPoolSize(237)) - Datanode State Machine Task Thread Pool size 2
2022-10-08 01:31:22,471 [Listener at 127.0.0.1/46853] INFO  volume.HddsVolume (HddsVolume.java:<init>(117)) - Creating HddsVolume: /home/runner/work/ozone/ozone/hadoop-ozone/integration-test/target/test-dir/MiniOzoneClusterImpl-c72639db-50b4-484a-b3ab-3c380931c8c6/datanode-0/data-0/containers/hdds of storage type : DISK capacity : 9223372036854775807
2022-10-08 01:31:22,474 [Listener at 127.0.0.1/46853] INFO  volume.MutableVolumeSet (MutableVolumeSet.java:initializeVolumeSet(174)) - Added Volume : /home/runner/work/ozone/ozone/hadoop-ozone/integration-test/target/test-dir/MiniOzoneClusterImpl-c72639db-50b4-484a-b3ab-3c380931c8c6/datanode-0/data-0/containers/hdds to VolumeSet
2022-10-08 01:31:22,474 [Listener at 127.0.0.1/46853] INFO  volume.ThrottledAsyncChecker (ThrottledAsyncChecker.java:schedule(141)) - Scheduling a check for /home/runner/work/ozone/ozone/hadoop-ozone/integration-test/target/test-dir/MiniOzoneClusterImpl-c72639db-50b4-484a-b3ab-3c380931c8c6/datanode-0/data-0/containers/hdds
2022-10-08 01:31:22,493 [Listener at 127.0.0.1/46853] INFO  volume.StorageVolumeChecker (StorageVolumeChecker.java:checkAllVolumes(202)) - Scheduled health check for volume /home/runner/work/ozone/ozone/hadoop-ozone/integration-test/target/test-dir/MiniOzoneClusterImpl-c72639db-50b4-484a-b3ab-3c380931c8c6/datanode-0/data-0/containers/hdds
2022-10-08 01:31:22,511 [Listener at 127.0.0.1/46853] INFO  volume.MutableVolumeSet (MutableVolumeSet.java:initializeVolumeSet(174)) - Added Volume : /home/runner/work/ozone/ozone/hadoop-ozone/integration-test/target/test-dir/MiniOzoneClusterImpl-c72639db-50b4-484a-b3ab-3c380931c8c6/datanode-0/data/ratis to VolumeSet
2022-10-08 01:31:22,512 [Listener at 127.0.0.1/46853] INFO  volume.ThrottledAsyncChecker (ThrottledAsyncChecker.java:schedule(141)) - Scheduling a check for /home/runner/work/ozone/ozone/hadoop-ozone/integration-test/target/test-dir/MiniOzoneClusterImpl-c72639db-50b4-484a-b3ab-3c380931c8c6/datanode-0/data/ratis
2022-10-08 01:31:22,512 [Listener at 127.0.0.1/46853] INFO  volume.StorageVolumeChecker (StorageVolumeChecker.java:checkAllVolumes(202)) - Scheduled health check for volume /home/runner/work/ozone/ozone/hadoop-ozone/integration-test/target/test-dir/MiniOzoneClusterImpl-c72639db-50b4-484a-b3ab-3c380931c8c6/datanode-0/data/ratis
2022-10-08 01:31:22,540 [Thread-136] INFO  ozoneimpl.ContainerReader (ContainerReader.java:readVolume(175)) - Finish verifying containers on volume /home/runner/work/ozone/ozone/hadoop-ozone/integration-test/target/test-dir/MiniOzoneClusterImpl-c72639db-50b4-484a-b3ab-3c380931c8c6/datanode-0/data-0/containers/hdds
2022-10-08 01:31:22,540 [Listener at 127.0.0.1/46853] INFO  ozoneimpl.OzoneContainer (OzoneContainer.java:buildContainerSet(300)) - Build ContainerSet costs 0s
2022-10-08 01:31:22,589 [Listener at 127.0.0.1/46853] INFO  audit.AuditLogger (AuditLogger.java:refreshDebugCmdSet(126)) - Refresh DebugCmdSet for DNAudit to [].
2022-10-08 01:31:22,618 [Listener at 127.0.0.1/46853] INFO  server.RaftServer (ConfUtils.java:logGet(46)) - raft.rpc.type = GRPC (default)
2022-10-08 01:31:22,618 [Listener at 127.0.0.1/46853] INFO  grpc.GrpcFactory (GrpcFactory.java:checkPooledByteBufAllocatorUseCacheForAllThreads(48)) - PERFORMANCE WARNING: useCacheForAllThreads is true that may cause Netty to create a lot garbage objects and, as a result, trigger GC.
	It is recommended to disable useCacheForAllThreads by setting -Dorg.apache.ratis.thirdparty.io.netty.allocator.useCacheForAllThreads=false in command line.
2022-10-08 01:31:22,619 [Listener at 127.0.0.1/46853] INFO  grpc.GrpcConfigKeys (ConfUtils.java:logGet(46)) - raft.grpc.admin.port = 0 (custom)
2022-10-08 01:31:22,619 [Listener at 127.0.0.1/46853] INFO  grpc.GrpcConfigKeys (ConfUtils.java:logGet(46)) - raft.grpc.client.port = 0 (custom)
2022-10-08 01:31:22,619 [Listener at 127.0.0.1/46853] INFO  grpc.GrpcConfigKeys (ConfUtils.java:logGet(46)) - raft.grpc.server.port = 0 (default)
2022-10-08 01:31:22,619 [Listener at 127.0.0.1/46853] INFO  server.GrpcService (ConfUtils.java:logGet(46)) - raft.grpc.message.size.max = 32MB (=33554432) (custom)
2022-10-08 01:31:22,619 [Listener at 127.0.0.1/46853] INFO  server.RaftServerConfigKeys (ConfUtils.java:logGet(46)) - raft.server.log.appender.buffer.byte-limit = 33554432 (custom)
2022-10-08 01:31:22,619 [Listener at 127.0.0.1/46853] INFO  server.GrpcService (ConfUtils.java:logGet(46)) - raft.grpc.flow.control.window = 5MB (=5242880) (custom)
2022-10-08 01:31:22,619 [Listener at 127.0.0.1/46853] INFO  server.RaftServerConfigKeys (ConfUtils.java:logGet(46)) - raft.server.rpc.request.timeout = 60s (custom)
2022-10-08 01:31:22,620 [Listener at 127.0.0.1/46853] INFO  grpc.GrpcConfigKeys (ConfUtils.java:logGet(46)) - raft.grpc.server.async.request.thread.pool.cached = true (default)
2022-10-08 01:31:22,620 [Listener at 127.0.0.1/46853] INFO  grpc.GrpcConfigKeys (ConfUtils.java:logGet(46)) - raft.grpc.server.async.request.thread.pool.size = 32 (default)
2022-10-08 01:31:22,621 [Listener at 127.0.0.1/46853] INFO  impl.DataStreamServerImpl (ConfUtils.java:logGet(46)) - raft.datastream.type = DISABLED (default)
2022-10-08 01:31:22,621 [Listener at 127.0.0.1/46853] INFO  server.RaftServerConfigKeys (ConfUtils.java:logGet(46)) - raft.server.threadpool.proxy.cached = true (default)
2022-10-08 01:31:22,621 [Listener at 127.0.0.1/46853] INFO  server.RaftServerConfigKeys (ConfUtils.java:logGet(46)) - raft.server.threadpool.proxy.size = 0 (default)
2022-10-08 01:31:22,621 [Listener at 127.0.0.1/46853] INFO  server.RaftServerConfigKeys (ConfUtils.java:logGet(46)) - raft.server.rpc.slowness.timeout = 300s (custom)
2022-10-08 01:31:22,622 [Listener at 127.0.0.1/46853] INFO  server.RaftServerConfigKeys (ConfUtils.java:logGet(46)) - raft.server.leaderelection.leader.step-down.wait-time = 10s (default)
2022-10-08 01:31:22,622 [Listener at 127.0.0.1/46853] INFO  server.RaftServerConfigKeys (ConfUtils.java:logGet(46)) - raft.server.storage.dir = [/home/runner/work/ozone/ozone/hadoop-ozone/integration-test/target/test-dir/MiniOzoneClusterImpl-c72639db-50b4-484a-b3ab-3c380931c8c6/datanode-0/data/ratis] (custom)
2022-10-08 01:31:22,637 [Listener at 127.0.0.1/46853] INFO  server.XceiverServerGrpc (XceiverServerGrpc.java:<init>(132)) - GrpcServer channel type EpollServerSocketChannel
2022-10-08 01:31:22,698 [Listener at 127.0.0.1/46853] INFO  http.BaseHttpServer (BaseHttpServer.java:newHttpServer2BuilderForOzone(213)) - Starting Web-server for hddsDatanode at: http://0.0.0.0:0
2022-10-08 01:31:22,699 [Listener at 127.0.0.1/46853] INFO  http.BaseHttpServer (BaseHttpServer.java:<init>(108)) - Hadoop Security Enabled: false Ozone Security Enabled: false Ozone HTTP Security Enabled: false 
2022-10-08 01:31:22,700 [Listener at 127.0.0.1/46853] INFO  server.AuthenticationFilter (AuthenticationFilter.java:constructSecretProvider(240)) - Unable to initialize FileSignerSecretProvider, falling back to use random secrets.
2022-10-08 01:31:22,701 [Listener at 127.0.0.1/46853] WARN  http.HttpRequestLog (HttpRequestLog.java:getRequestLog(103)) - Jetty request log can only be enabled using Log4j
2022-10-08 01:31:22,702 [Listener at 127.0.0.1/46853] INFO  http.HttpServer2 (HttpServer2.java:addGlobalFilter(1031)) - Added global filter 'safety' (class=org.apache.hadoop.hdds.server.http.HttpServer2$QuotingInputFilter)
2022-10-08 01:31:22,703 [Listener at 127.0.0.1/46853] INFO  http.HttpServer2 (HttpServer2.java:addFilter(1007)) - Added filter static_user_filter (class=org.apache.hadoop.http.lib.StaticUserWebFilter$StaticUserFilter) to context hddsDatanode
2022-10-08 01:31:22,703 [Listener at 127.0.0.1/46853] INFO  http.HttpServer2 (HttpServer2.java:addFilter(1015)) - Added filter static_user_filter (class=org.apache.hadoop.http.lib.StaticUserWebFilter$StaticUserFilter) to context logs
2022-10-08 01:31:22,703 [Listener at 127.0.0.1/46853] INFO  http.HttpServer2 (HttpServer2.java:addFilter(1015)) - Added filter static_user_filter (class=org.apache.hadoop.http.lib.StaticUserWebFilter$StaticUserFilter) to context static
2022-10-08 01:31:22,704 [Listener at 127.0.0.1/46853] INFO  http.HttpServer2 (HttpServer2.java:bindListener(1250)) - Jetty bound to port 42689
2022-10-08 01:31:22,704 [Listener at 127.0.0.1/46853] INFO  server.Server (Server.java:doStart(375)) - jetty-9.4.43.v20210629; built: 2021-06-30T11:07:22.254Z; git: 526006ecfa3af7f1a27ef3a288e2bef7ea9dd7e8; jvm 1.8.0_345-b01
2022-10-08 01:31:22,706 [Listener at 127.0.0.1/46853] INFO  server.session (DefaultSessionIdManager.java:doStart(334)) - DefaultSessionIdManager workerName=node0
2022-10-08 01:31:22,707 [Listener at 127.0.0.1/46853] INFO  server.session (DefaultSessionIdManager.java:doStart(339)) - No SessionScavenger set, using defaults
2022-10-08 01:31:22,707 [Listener at 127.0.0.1/46853] INFO  server.session (HouseKeeper.java:startScavenging(132)) - node0 Scavenging every 600000ms
2022-10-08 01:31:22,707 [Listener at 127.0.0.1/46853] INFO  handler.ContextHandler (ContextHandler.java:doStart(915)) - Started o.e.j.s.ServletContextHandler@22e28ca1{logs,/logs,file:///home/runner/work/ozone/ozone/hadoop-ozone/integration-test/target/log,AVAILABLE}
2022-10-08 01:31:22,708 [Listener at 127.0.0.1/46853] INFO  handler.ContextHandler (ContextHandler.java:doStart(915)) - Started o.e.j.s.ServletContextHandler@5bc0049d{static,/static,jar:file:/home/runner/.m2/repository/org/apache/ozone/hdds-container-service/1.3.0-SNAPSHOT/hdds-container-service-1.3.0-SNAPSHOT.jar!/webapps/static,AVAILABLE}
2022-10-08 01:31:22,884 [Listener at 127.0.0.1/46853] INFO  handler.ContextHandler (ContextHandler.java:doStart(915)) - Started o.e.j.w.WebAppContext@28d8b9fd{hddsDatanode,/,file:///tmp/jetty-0_0_0_0-42689-hdds-container-service-1_3_0-SNAPSHOT_jar-_-any-5903060127744346135/webapp/,AVAILABLE}{jar:file:/home/runner/.m2/repository/org/apache/ozone/hdds-container-service/1.3.0-SNAPSHOT/hdds-container-service-1.3.0-SNAPSHOT.jar!/webapps/hddsDatanode}
2022-10-08 01:31:22,885 [Listener at 127.0.0.1/46853] INFO  server.AbstractConnector (AbstractConnector.java:doStart(331)) - Started ServerConnector@26941abd{HTTP/1.1, (http/1.1)}{0.0.0.0:42689}
2022-10-08 01:31:22,885 [Listener at 127.0.0.1/46853] INFO  server.Server (Server.java:doStart(415)) - Started @9157ms
2022-10-08 01:31:22,885 [Listener at 127.0.0.1/46853] WARN  impl.MetricsSystemImpl (MetricsSystemImpl.java:register(279)) - Sink prometheus already exists!
2022-10-08 01:31:22,885 [Listener at 127.0.0.1/46853] INFO  http.BaseHttpServer (BaseHttpServer.java:updateConnectorAddress(333)) - HTTP server of hddsDatanode listening at http://0.0.0.0:42689
2022-10-08 01:31:22,888 [Listener at 127.0.0.1/46853] WARN  impl.MetricRegistriesImpl (MetricRegistriesImpl.java:addReporterRegistration(111)) - New reporters are added after registries were created. Some metrics will be missing from the reporter. Please add reporter before adding any new registry.
2022-10-08 01:31:22,888 [Listener at 127.0.0.1/46853] WARN  impl.MetricRegistriesImpl (MetricRegistriesImpl.java:addReporterRegistration(111)) - New reporters are added after registries were created. Some metrics will be missing from the reporter. Please add reporter before adding any new registry.
2022-10-08 01:31:22,888 [Listener at 127.0.0.1/46853] INFO  impl.MetricsSystemImpl (MetricsSystemImpl.java:init(158)) - HddsDatanode metrics system started (again)
2022-10-08 01:31:22,894 [Datanode State Machine Daemon Thread] INFO  statemachine.DatanodeStateMachine (DatanodeStateMachine.java:lambda$startDaemon$0(492)) - Ozone container server started.
2022-10-08 01:31:22,902 [org.apache.hadoop.util.JvmPauseMonitor$Monitor@1f4ab925] INFO  util.JvmPauseMonitor (JvmPauseMonitor.java:run(188)) - Starting JVM pause monitor
2022-10-08 01:31:22,906 [Listener at 127.0.0.1/46853] INFO  ozone.HddsDatanodeService (HddsDatanodeService.java:start(236)) - HddsDatanodeService host:fv-az180-867.g3pwtgv4ffyuhaixmbmm0kyh3d.gx.internal.cloudapp.net ip:10.1.0.61
2022-10-08 01:31:22,970 [om1@group-C5BA1605619E-FollowerState] INFO  impl.FollowerState (FollowerState.java:run(143)) - om1@group-C5BA1605619E-FollowerState: change to CANDIDATE, lastRpcElapsedTime:1085367494ns, electionTimeout:1084ms
2022-10-08 01:31:22,971 [om1@group-C5BA1605619E-FollowerState] INFO  impl.RoleInfo (RoleInfo.java:shutdownFollowerState(110)) - om1: shutdown om1@group-C5BA1605619E-FollowerState
2022-10-08 01:31:22,972 [om1@group-C5BA1605619E-FollowerState] INFO  server.RaftServer$Division (RaftServerImpl.java:setRole(299)) - om1@group-C5BA1605619E: changes role from  FOLLOWER to CANDIDATE at term 0 for changeToCandidate
2022-10-08 01:31:22,975 [om1@group-C5BA1605619E-FollowerState] INFO  server.RaftServerConfigKeys (ConfUtils.java:logGet(46)) - raft.server.leaderelection.pre-vote = false (custom)
2022-10-08 01:31:22,975 [om1@group-C5BA1605619E-FollowerState] INFO  impl.RoleInfo (RoleInfo.java:updateAndGet(139)) - om1: start om1@group-C5BA1605619E-LeaderElection1
2022-10-08 01:31:22,998 [om1@group-C5BA1605619E-LeaderElection1] INFO  impl.LeaderElection (LeaderElection.java:askForVotes(310)) - om1@group-C5BA1605619E-LeaderElection1 ELECTION round 0: submit vote requests at term 1 for -1: [om1|rpc:localhost:9872|priority:0], old=null
2022-10-08 01:31:22,999 [om1@group-C5BA1605619E-LeaderElection1] INFO  impl.LeaderElection (LeaderElection.java:askForVotes(312)) - om1@group-C5BA1605619E-LeaderElection1 ELECTION round 0: result PASSED (term=1)
2022-10-08 01:31:22,999 [om1@group-C5BA1605619E-LeaderElection1] INFO  impl.RoleInfo (RoleInfo.java:shutdownLeaderElection(130)) - om1: shutdown om1@group-C5BA1605619E-LeaderElection1
2022-10-08 01:31:23,000 [om1@group-C5BA1605619E-LeaderElection1] INFO  server.RaftServer$Division (RaftServerImpl.java:setRole(299)) - om1@group-C5BA1605619E: changes role from CANDIDATE to LEADER at term 1 for changeToLeader
2022-10-08 01:31:23,000 [om1@group-C5BA1605619E-LeaderElection1] INFO  server.RaftServer$Division (ServerState.java:setLeader(287)) - om1@group-C5BA1605619E: change Leader from null to om1 at term 1 for becomeLeader, leader elected after 2167ms
2022-10-08 01:31:23,008 [om1@group-C5BA1605619E-LeaderElection1] INFO  server.RaftServerConfigKeys (ConfUtils.java:logGet(46)) - raft.server.staging.catchup.gap = 1000 (default)
2022-10-08 01:31:23,016 [om1@group-C5BA1605619E-LeaderElection1] INFO  server.RaftServerConfigKeys (ConfUtils.java:logGet(46)) - raft.server.write.element-limit = 4096 (default)
2022-10-08 01:31:23,017 [om1@group-C5BA1605619E-LeaderElection1] INFO  server.RaftServerConfigKeys (ConfUtils.java:logGet(46)) - raft.server.write.byte-limit = 64MB (=67108864) (default)
2022-10-08 01:31:23,022 [om1@group-C5BA1605619E-LeaderElection1] INFO  server.RaftServerConfigKeys (ConfUtils.java:logGet(46)) - raft.server.watch.timeout = 10s (default)
2022-10-08 01:31:23,022 [om1@group-C5BA1605619E-LeaderElection1] INFO  server.RaftServerConfigKeys (ConfUtils.java:logGet(46)) - raft.server.watch.timeout.denomination = 1s (default)
2022-10-08 01:31:23,022 [om1@group-C5BA1605619E-LeaderElection1] INFO  server.RaftServerConfigKeys (ConfUtils.java:logGet(46)) - raft.server.watch.element-limit = 65536 (default)
2022-10-08 01:31:23,028 [om1@group-C5BA1605619E-LeaderElection1] INFO  server.RaftServerConfigKeys (ConfUtils.java:logGet(46)) - raft.server.write.element-limit = 4096 (default)
2022-10-08 01:31:23,033 [Datanode State Machine Task Thread - 0] INFO  datanode.InitDatanodeState (InitDatanodeState.java:persistContainerDatanodeDetails(138)) - DatanodeDetails is persisted to /home/runner/work/ozone/ozone/hadoop-ozone/integration-test/target/test-dir/MiniOzoneClusterImpl-c72639db-50b4-484a-b3ab-3c380931c8c6/datanode-0/meta/datanode.id
2022-10-08 01:31:23,036 [om1@group-C5BA1605619E-LeaderElection1] INFO  server.RaftServerConfigKeys (ConfUtils.java:logGet(46)) - raft.server.write.follower.gap.ratio.max = -1.0 (default)
2022-10-08 01:31:23,038 [om1@group-C5BA1605619E-LeaderElection1] INFO  impl.RoleInfo (RoleInfo.java:updateAndGet(139)) - om1: start om1@group-C5BA1605619E-LeaderStateImpl
2022-10-08 01:31:23,052 [Listener at 127.0.0.1/46853] INFO  upgrade.AbstractLayoutVersionManager (AbstractLayoutVersionManager.java:init(83)) - Initializing Layout version manager with metadata layout = DATANODE_SCHEMA_V3 (version = 4), software layout = DATANODE_SCHEMA_V3 (version = 4)
2022-10-08 01:31:23,075 [om1@group-C5BA1605619E-LeaderElection1] INFO  segmented.SegmentedRaftLogWorker (SegmentedRaftLogWorker.java:startLogSegment(425)) - om1@group-C5BA1605619E-SegmentedRaftLogWorker: Starting segment from index:0
2022-10-08 01:31:23,139 [Listener at 127.0.0.1/46853] INFO  reflections.Reflections (Reflections.java:scan(232)) - Reflections took 86 ms to scan 7 urls, producing 135 keys and 327 values 
2022-10-08 01:31:23,141 [Listener at 127.0.0.1/46853] INFO  statemachine.DatanodeStateMachine (DatanodeStateMachine.java:getEndPointTaskThreadPoolSize(237)) - Datanode State Machine Task Thread Pool size 2
2022-10-08 01:31:23,153 [Listener at 127.0.0.1/46853] INFO  volume.HddsVolume (HddsVolume.java:<init>(117)) - Creating HddsVolume: /home/runner/work/ozone/ozone/hadoop-ozone/integration-test/target/test-dir/MiniOzoneClusterImpl-c72639db-50b4-484a-b3ab-3c380931c8c6/datanode-1/data-0/containers/hdds of storage type : DISK capacity : 9223372036854775807
2022-10-08 01:31:23,154 [Listener at 127.0.0.1/46853] INFO  volume.MutableVolumeSet (MutableVolumeSet.java:initializeVolumeSet(174)) - Added Volume : /home/runner/work/ozone/ozone/hadoop-ozone/integration-test/target/test-dir/MiniOzoneClusterImpl-c72639db-50b4-484a-b3ab-3c380931c8c6/datanode-1/data-0/containers/hdds to VolumeSet
2022-10-08 01:31:23,154 [Listener at 127.0.0.1/46853] INFO  volume.ThrottledAsyncChecker (ThrottledAsyncChecker.java:schedule(141)) - Scheduling a check for /home/runner/work/ozone/ozone/hadoop-ozone/integration-test/target/test-dir/MiniOzoneClusterImpl-c72639db-50b4-484a-b3ab-3c380931c8c6/datanode-1/data-0/containers/hdds
2022-10-08 01:31:23,180 [Listener at 127.0.0.1/46853] INFO  volume.StorageVolumeChecker (StorageVolumeChecker.java:checkAllVolumes(202)) - Scheduled health check for volume /home/runner/work/ozone/ozone/hadoop-ozone/integration-test/target/test-dir/MiniOzoneClusterImpl-c72639db-50b4-484a-b3ab-3c380931c8c6/datanode-1/data-0/containers/hdds
2022-10-08 01:31:23,182 [om1@group-C5BA1605619E-LeaderElection1] INFO  server.RaftServer$Division (ServerState.java:setRaftConf(393)) - om1@group-C5BA1605619E: set configuration 0: [om1|rpc:localhost:9872|admin:|client:|dataStream:|priority:0], old=null
2022-10-08 01:31:23,201 [Listener at 127.0.0.1/46853] INFO  volume.MutableVolumeSet (MutableVolumeSet.java:initializeVolumeSet(174)) - Added Volume : /home/runner/work/ozone/ozone/hadoop-ozone/integration-test/target/test-dir/MiniOzoneClusterImpl-c72639db-50b4-484a-b3ab-3c380931c8c6/datanode-1/data/ratis to VolumeSet
2022-10-08 01:31:23,202 [Listener at 127.0.0.1/46853] INFO  volume.ThrottledAsyncChecker (ThrottledAsyncChecker.java:schedule(141)) - Scheduling a check for /home/runner/work/ozone/ozone/hadoop-ozone/integration-test/target/test-dir/MiniOzoneClusterImpl-c72639db-50b4-484a-b3ab-3c380931c8c6/datanode-1/data/ratis
2022-10-08 01:31:23,202 [Listener at 127.0.0.1/46853] INFO  volume.StorageVolumeChecker (StorageVolumeChecker.java:checkAllVolumes(202)) - Scheduled health check for volume /home/runner/work/ozone/ozone/hadoop-ozone/integration-test/target/test-dir/MiniOzoneClusterImpl-c72639db-50b4-484a-b3ab-3c380931c8c6/datanode-1/data/ratis
2022-10-08 01:31:23,240 [Thread-151] INFO  ozoneimpl.ContainerReader (ContainerReader.java:readVolume(175)) - Finish verifying containers on volume /home/runner/work/ozone/ozone/hadoop-ozone/integration-test/target/test-dir/MiniOzoneClusterImpl-c72639db-50b4-484a-b3ab-3c380931c8c6/datanode-1/data-0/containers/hdds
2022-10-08 01:31:23,244 [Listener at 127.0.0.1/46853] INFO  ozoneimpl.OzoneContainer (OzoneContainer.java:buildContainerSet(300)) - Build ContainerSet costs 0s
2022-10-08 01:31:23,248 [Listener at 127.0.0.1/46853] INFO  server.RaftServer (ConfUtils.java:logGet(46)) - raft.rpc.type = GRPC (default)
2022-10-08 01:31:23,249 [Listener at 127.0.0.1/46853] INFO  grpc.GrpcFactory (GrpcFactory.java:checkPooledByteBufAllocatorUseCacheForAllThreads(48)) - PERFORMANCE WARNING: useCacheForAllThreads is true that may cause Netty to create a lot garbage objects and, as a result, trigger GC.
	It is recommended to disable useCacheForAllThreads by setting -Dorg.apache.ratis.thirdparty.io.netty.allocator.useCacheForAllThreads=false in command line.
2022-10-08 01:31:23,249 [Listener at 127.0.0.1/46853] INFO  grpc.GrpcConfigKeys (ConfUtils.java:logGet(46)) - raft.grpc.admin.port = 0 (custom)
2022-10-08 01:31:23,249 [Listener at 127.0.0.1/46853] INFO  grpc.GrpcConfigKeys (ConfUtils.java:logGet(46)) - raft.grpc.client.port = 0 (custom)
2022-10-08 01:31:23,249 [Listener at 127.0.0.1/46853] INFO  grpc.GrpcConfigKeys (ConfUtils.java:logGet(46)) - raft.grpc.server.port = 0 (default)
2022-10-08 01:31:23,249 [Listener at 127.0.0.1/46853] INFO  server.GrpcService (ConfUtils.java:logGet(46)) - raft.grpc.message.size.max = 32MB (=33554432) (custom)
2022-10-08 01:31:23,249 [Listener at 127.0.0.1/46853] INFO  server.RaftServerConfigKeys (ConfUtils.java:logGet(46)) - raft.server.log.appender.buffer.byte-limit = 33554432 (custom)
2022-10-08 01:31:23,260 [Listener at 127.0.0.1/46853] INFO  server.GrpcService (ConfUtils.java:logGet(46)) - raft.grpc.flow.control.window = 5MB (=5242880) (custom)
2022-10-08 01:31:23,260 [Listener at 127.0.0.1/46853] INFO  server.RaftServerConfigKeys (ConfUtils.java:logGet(46)) - raft.server.rpc.request.timeout = 60s (custom)
2022-10-08 01:31:23,260 [Listener at 127.0.0.1/46853] INFO  grpc.GrpcConfigKeys (ConfUtils.java:logGet(46)) - raft.grpc.server.async.request.thread.pool.cached = true (default)
2022-10-08 01:31:23,260 [Listener at 127.0.0.1/46853] INFO  grpc.GrpcConfigKeys (ConfUtils.java:logGet(46)) - raft.grpc.server.async.request.thread.pool.size = 32 (default)
2022-10-08 01:31:23,262 [Listener at 127.0.0.1/46853] INFO  impl.DataStreamServerImpl (ConfUtils.java:logGet(46)) - raft.datastream.type = DISABLED (default)
2022-10-08 01:31:23,262 [Listener at 127.0.0.1/46853] INFO  server.RaftServerConfigKeys (ConfUtils.java:logGet(46)) - raft.server.threadpool.proxy.cached = true (default)
2022-10-08 01:31:23,262 [Listener at 127.0.0.1/46853] INFO  server.RaftServerConfigKeys (ConfUtils.java:logGet(46)) - raft.server.threadpool.proxy.size = 0 (default)
2022-10-08 01:31:23,262 [Listener at 127.0.0.1/46853] INFO  server.RaftServerConfigKeys (ConfUtils.java:logGet(46)) - raft.server.rpc.slowness.timeout = 300s (custom)
2022-10-08 01:31:23,262 [Listener at 127.0.0.1/46853] INFO  server.RaftServerConfigKeys (ConfUtils.java:logGet(46)) - raft.server.leaderelection.leader.step-down.wait-time = 10s (default)
2022-10-08 01:31:23,262 [Listener at 127.0.0.1/46853] INFO  server.RaftServerConfigKeys (ConfUtils.java:logGet(46)) - raft.server.storage.dir = [/home/runner/work/ozone/ozone/hadoop-ozone/integration-test/target/test-dir/MiniOzoneClusterImpl-c72639db-50b4-484a-b3ab-3c380931c8c6/datanode-1/data/ratis] (custom)
2022-10-08 01:31:23,277 [Listener at 127.0.0.1/46853] INFO  server.XceiverServerGrpc (XceiverServerGrpc.java:<init>(132)) - GrpcServer channel type EpollServerSocketChannel
2022-10-08 01:31:23,288 [Listener at 127.0.0.1/46853] INFO  http.BaseHttpServer (BaseHttpServer.java:newHttpServer2BuilderForOzone(213)) - Starting Web-server for hddsDatanode at: http://0.0.0.0:0
2022-10-08 01:31:23,288 [Listener at 127.0.0.1/46853] INFO  http.BaseHttpServer (BaseHttpServer.java:<init>(108)) - Hadoop Security Enabled: false Ozone Security Enabled: false Ozone HTTP Security Enabled: false 
2022-10-08 01:31:23,289 [Listener at 127.0.0.1/46853] INFO  server.AuthenticationFilter (AuthenticationFilter.java:constructSecretProvider(240)) - Unable to initialize FileSignerSecretProvider, falling back to use random secrets.
2022-10-08 01:31:23,290 [Listener at 127.0.0.1/46853] WARN  http.HttpRequestLog (HttpRequestLog.java:getRequestLog(103)) - Jetty request log can only be enabled using Log4j
2022-10-08 01:31:23,291 [Listener at 127.0.0.1/46853] INFO  http.HttpServer2 (HttpServer2.java:addGlobalFilter(1031)) - Added global filter 'safety' (class=org.apache.hadoop.hdds.server.http.HttpServer2$QuotingInputFilter)
2022-10-08 01:31:23,292 [Listener at 127.0.0.1/46853] INFO  http.HttpServer2 (HttpServer2.java:addFilter(1007)) - Added filter static_user_filter (class=org.apache.hadoop.http.lib.StaticUserWebFilter$StaticUserFilter) to context hddsDatanode
2022-10-08 01:31:23,292 [Listener at 127.0.0.1/46853] INFO  http.HttpServer2 (HttpServer2.java:addFilter(1015)) - Added filter static_user_filter (class=org.apache.hadoop.http.lib.StaticUserWebFilter$StaticUserFilter) to context logs
2022-10-08 01:31:23,292 [Listener at 127.0.0.1/46853] INFO  http.HttpServer2 (HttpServer2.java:addFilter(1015)) - Added filter static_user_filter (class=org.apache.hadoop.http.lib.StaticUserWebFilter$StaticUserFilter) to context static
2022-10-08 01:31:23,293 [Listener at 127.0.0.1/46853] INFO  http.HttpServer2 (HttpServer2.java:bindListener(1250)) - Jetty bound to port 46075
2022-10-08 01:31:23,293 [Listener at 127.0.0.1/46853] INFO  server.Server (Server.java:doStart(375)) - jetty-9.4.43.v20210629; built: 2021-06-30T11:07:22.254Z; git: 526006ecfa3af7f1a27ef3a288e2bef7ea9dd7e8; jvm 1.8.0_345-b01
2022-10-08 01:31:23,296 [om1@group-C5BA1605619E-SegmentedRaftLogWorker] INFO  segmented.SegmentedRaftLogWorker (SegmentedRaftLogWorker.java:execute(629)) - om1@group-C5BA1605619E-SegmentedRaftLogWorker: created new log segment /home/runner/work/ozone/ozone/hadoop-ozone/integration-test/target/test-dir/MiniOzoneClusterImpl-c72639db-50b4-484a-b3ab-3c380931c8c6/ozone-meta/ratis/bf265839-605b-3f16-9796-c5ba1605619e/current/log_inprogress_0
2022-10-08 01:31:23,302 [ReplicationMonitor] INFO  replication.ReplicationManager (ReplicationManager.java:processAll(291)) - Replication Manager is not ready to run until 3000ms after safemode exit
2022-10-08 01:31:23,302 [Listener at 127.0.0.1/46853] INFO  server.session (DefaultSessionIdManager.java:doStart(334)) - DefaultSessionIdManager workerName=node0
2022-10-08 01:31:23,302 [Listener at 127.0.0.1/46853] INFO  server.session (DefaultSessionIdManager.java:doStart(339)) - No SessionScavenger set, using defaults
2022-10-08 01:31:23,302 [Listener at 127.0.0.1/46853] INFO  server.session (HouseKeeper.java:startScavenging(132)) - node0 Scavenging every 660000ms
2022-10-08 01:31:23,303 [Listener at 127.0.0.1/46853] INFO  handler.ContextHandler (ContextHandler.java:doStart(915)) - Started o.e.j.s.ServletContextHandler@6880a5ab{logs,/logs,file:///home/runner/work/ozone/ozone/hadoop-ozone/integration-test/target/log,AVAILABLE}
2022-10-08 01:31:23,303 [Listener at 127.0.0.1/46853] INFO  handler.ContextHandler (ContextHandler.java:doStart(915)) - Started o.e.j.s.ServletContextHandler@4963830d{static,/static,jar:file:/home/runner/.m2/repository/org/apache/ozone/hdds-container-service/1.3.0-SNAPSHOT/hdds-container-service-1.3.0-SNAPSHOT.jar!/webapps/static,AVAILABLE}
2022-10-08 01:31:23,452 [om1@group-C5BA1605619E-StateMachineUpdater] INFO  ratis.OzoneManagerStateMachine (OzoneManagerStateMachine.java:notifyConfigurationChanged(192)) - Received Configuration change notification from Ratis. New Peer list:
[id: "om1"
address: "localhost:9872"
]
2022-10-08 01:31:23,509 [Listener at 127.0.0.1/46853] INFO  handler.ContextHandler (ContextHandler.java:doStart(915)) - Started o.e.j.w.WebAppContext@bbdce95{hddsDatanode,/,file:///tmp/jetty-0_0_0_0-46075-hdds-container-service-1_3_0-SNAPSHOT_jar-_-any-2271132145921337697/webapp/,AVAILABLE}{jar:file:/home/runner/.m2/repository/org/apache/ozone/hdds-container-service/1.3.0-SNAPSHOT/hdds-container-service-1.3.0-SNAPSHOT.jar!/webapps/hddsDatanode}
2022-10-08 01:31:23,510 [Listener at 127.0.0.1/46853] INFO  server.AbstractConnector (AbstractConnector.java:doStart(331)) - Started ServerConnector@273b7f59{HTTP/1.1, (http/1.1)}{0.0.0.0:46075}
2022-10-08 01:31:23,510 [Listener at 127.0.0.1/46853] INFO  server.Server (Server.java:doStart(415)) - Started @9782ms
2022-10-08 01:31:23,510 [Listener at 127.0.0.1/46853] WARN  impl.MetricsSystemImpl (MetricsSystemImpl.java:register(279)) - Sink prometheus already exists!
2022-10-08 01:31:23,512 [Listener at 127.0.0.1/46853] INFO  http.BaseHttpServer (BaseHttpServer.java:updateConnectorAddress(333)) - HTTP server of hddsDatanode listening at http://0.0.0.0:46075
2022-10-08 01:31:23,512 [Listener at 127.0.0.1/46853] WARN  impl.MetricRegistriesImpl (MetricRegistriesImpl.java:addReporterRegistration(111)) - New reporters are added after registries were created. Some metrics will be missing from the reporter. Please add reporter before adding any new registry.
2022-10-08 01:31:23,513 [Listener at 127.0.0.1/46853] WARN  impl.MetricRegistriesImpl (MetricRegistriesImpl.java:addReporterRegistration(111)) - New reporters are added after registries were created. Some metrics will be missing from the reporter. Please add reporter before adding any new registry.
2022-10-08 01:31:23,513 [Listener at 127.0.0.1/46853] INFO  impl.MetricsSystemImpl (MetricsSystemImpl.java:init(158)) - HddsDatanode metrics system started (again)
2022-10-08 01:31:23,520 [Datanode State Machine Daemon Thread] INFO  statemachine.DatanodeStateMachine (DatanodeStateMachine.java:lambda$startDaemon$0(492)) - Ozone container server started.
2022-10-08 01:31:23,525 [Listener at 127.0.0.1/46853] INFO  ozone.HddsDatanodeService (HddsDatanodeService.java:start(236)) - HddsDatanodeService host:fv-az180-867.g3pwtgv4ffyuhaixmbmm0kyh3d.gx.internal.cloudapp.net ip:10.1.0.61
2022-10-08 01:31:23,527 [org.apache.hadoop.util.JvmPauseMonitor$Monitor@1560a82a] INFO  util.JvmPauseMonitor (JvmPauseMonitor.java:run(188)) - Starting JVM pause monitor
2022-10-08 01:31:23,532 [Datanode State Machine Task Thread - 0] INFO  datanode.InitDatanodeState (InitDatanodeState.java:persistContainerDatanodeDetails(138)) - DatanodeDetails is persisted to /home/runner/work/ozone/ozone/hadoop-ozone/integration-test/target/test-dir/MiniOzoneClusterImpl-c72639db-50b4-484a-b3ab-3c380931c8c6/datanode-1/meta/datanode.id
2022-10-08 01:31:23,642 [Listener at 127.0.0.1/46853] INFO  upgrade.AbstractLayoutVersionManager (AbstractLayoutVersionManager.java:init(83)) - Initializing Layout version manager with metadata layout = DATANODE_SCHEMA_V3 (version = 4), software layout = DATANODE_SCHEMA_V3 (version = 4)
2022-10-08 01:31:23,690 [Listener at 127.0.0.1/46853] INFO  reflections.Reflections (Reflections.java:scan(232)) - Reflections took 47 ms to scan 7 urls, producing 135 keys and 327 values 
2022-10-08 01:31:23,692 [Listener at 127.0.0.1/46853] INFO  statemachine.DatanodeStateMachine (DatanodeStateMachine.java:getEndPointTaskThreadPoolSize(237)) - Datanode State Machine Task Thread Pool size 2
2022-10-08 01:31:23,694 [Listener at 127.0.0.1/46853] INFO  volume.HddsVolume (HddsVolume.java:<init>(117)) - Creating HddsVolume: /home/runner/work/ozone/ozone/hadoop-ozone/integration-test/target/test-dir/MiniOzoneClusterImpl-c72639db-50b4-484a-b3ab-3c380931c8c6/datanode-2/data-0/containers/hdds of storage type : DISK capacity : 9223372036854775807
2022-10-08 01:31:23,694 [Listener at 127.0.0.1/46853] INFO  volume.MutableVolumeSet (MutableVolumeSet.java:initializeVolumeSet(174)) - Added Volume : /home/runner/work/ozone/ozone/hadoop-ozone/integration-test/target/test-dir/MiniOzoneClusterImpl-c72639db-50b4-484a-b3ab-3c380931c8c6/datanode-2/data-0/containers/hdds to VolumeSet
2022-10-08 01:31:23,694 [Listener at 127.0.0.1/46853] INFO  volume.ThrottledAsyncChecker (ThrottledAsyncChecker.java:schedule(141)) - Scheduling a check for /home/runner/work/ozone/ozone/hadoop-ozone/integration-test/target/test-dir/MiniOzoneClusterImpl-c72639db-50b4-484a-b3ab-3c380931c8c6/datanode-2/data-0/containers/hdds
2022-10-08 01:31:23,695 [Listener at 127.0.0.1/46853] INFO  volume.StorageVolumeChecker (StorageVolumeChecker.java:checkAllVolumes(202)) - Scheduled health check for volume /home/runner/work/ozone/ozone/hadoop-ozone/integration-test/target/test-dir/MiniOzoneClusterImpl-c72639db-50b4-484a-b3ab-3c380931c8c6/datanode-2/data-0/containers/hdds
2022-10-08 01:31:23,707 [Listener at 127.0.0.1/46853] INFO  volume.MutableVolumeSet (MutableVolumeSet.java:initializeVolumeSet(174)) - Added Volume : /home/runner/work/ozone/ozone/hadoop-ozone/integration-test/target/test-dir/MiniOzoneClusterImpl-c72639db-50b4-484a-b3ab-3c380931c8c6/datanode-2/data/ratis to VolumeSet
2022-10-08 01:31:23,707 [Listener at 127.0.0.1/46853] INFO  volume.ThrottledAsyncChecker (ThrottledAsyncChecker.java:schedule(141)) - Scheduling a check for /home/runner/work/ozone/ozone/hadoop-ozone/integration-test/target/test-dir/MiniOzoneClusterImpl-c72639db-50b4-484a-b3ab-3c380931c8c6/datanode-2/data/ratis
2022-10-08 01:31:23,708 [Listener at 127.0.0.1/46853] INFO  volume.StorageVolumeChecker (StorageVolumeChecker.java:checkAllVolumes(202)) - Scheduled health check for volume /home/runner/work/ozone/ozone/hadoop-ozone/integration-test/target/test-dir/MiniOzoneClusterImpl-c72639db-50b4-484a-b3ab-3c380931c8c6/datanode-2/data/ratis
2022-10-08 01:31:23,719 [Thread-164] INFO  ozoneimpl.ContainerReader (ContainerReader.java:readVolume(175)) - Finish verifying containers on volume /home/runner/work/ozone/ozone/hadoop-ozone/integration-test/target/test-dir/MiniOzoneClusterImpl-c72639db-50b4-484a-b3ab-3c380931c8c6/datanode-2/data-0/containers/hdds
2022-10-08 01:31:23,720 [Listener at 127.0.0.1/46853] INFO  ozoneimpl.OzoneContainer (OzoneContainer.java:buildContainerSet(300)) - Build ContainerSet costs 0s
2022-10-08 01:31:23,722 [Listener at 127.0.0.1/46853] INFO  server.RaftServer (ConfUtils.java:logGet(46)) - raft.rpc.type = GRPC (default)
2022-10-08 01:31:23,723 [Listener at 127.0.0.1/46853] INFO  grpc.GrpcFactory (GrpcFactory.java:checkPooledByteBufAllocatorUseCacheForAllThreads(48)) - PERFORMANCE WARNING: useCacheForAllThreads is true that may cause Netty to create a lot garbage objects and, as a result, trigger GC.
	It is recommended to disable useCacheForAllThreads by setting -Dorg.apache.ratis.thirdparty.io.netty.allocator.useCacheForAllThreads=false in command line.
2022-10-08 01:31:23,723 [Listener at 127.0.0.1/46853] INFO  grpc.GrpcConfigKeys (ConfUtils.java:logGet(46)) - raft.grpc.admin.port = 0 (custom)
2022-10-08 01:31:23,723 [Listener at 127.0.0.1/46853] INFO  grpc.GrpcConfigKeys (ConfUtils.java:logGet(46)) - raft.grpc.client.port = 0 (custom)
2022-10-08 01:31:23,723 [Listener at 127.0.0.1/46853] INFO  grpc.GrpcConfigKeys (ConfUtils.java:logGet(46)) - raft.grpc.server.port = 0 (default)
2022-10-08 01:31:23,723 [Listener at 127.0.0.1/46853] INFO  server.GrpcService (ConfUtils.java:logGet(46)) - raft.grpc.message.size.max = 32MB (=33554432) (custom)
2022-10-08 01:31:23,723 [Listener at 127.0.0.1/46853] INFO  server.RaftServerConfigKeys (ConfUtils.java:logGet(46)) - raft.server.log.appender.buffer.byte-limit = 33554432 (custom)
2022-10-08 01:31:23,723 [Listener at 127.0.0.1/46853] INFO  server.GrpcService (ConfUtils.java:logGet(46)) - raft.grpc.flow.control.window = 5MB (=5242880) (custom)
2022-10-08 01:31:23,724 [Listener at 127.0.0.1/46853] INFO  server.RaftServerConfigKeys (ConfUtils.java:logGet(46)) - raft.server.rpc.request.timeout = 60s (custom)
2022-10-08 01:31:23,724 [Listener at 127.0.0.1/46853] INFO  grpc.GrpcConfigKeys (ConfUtils.java:logGet(46)) - raft.grpc.server.async.request.thread.pool.cached = true (default)
2022-10-08 01:31:23,724 [Listener at 127.0.0.1/46853] INFO  grpc.GrpcConfigKeys (ConfUtils.java:logGet(46)) - raft.grpc.server.async.request.thread.pool.size = 32 (default)
2022-10-08 01:31:23,725 [Listener at 127.0.0.1/46853] INFO  impl.DataStreamServerImpl (ConfUtils.java:logGet(46)) - raft.datastream.type = DISABLED (default)
2022-10-08 01:31:23,727 [Listener at 127.0.0.1/46853] INFO  server.RaftServerConfigKeys (ConfUtils.java:logGet(46)) - raft.server.threadpool.proxy.cached = true (default)
2022-10-08 01:31:23,727 [Listener at 127.0.0.1/46853] INFO  server.RaftServerConfigKeys (ConfUtils.java:logGet(46)) - raft.server.threadpool.proxy.size = 0 (default)
2022-10-08 01:31:23,727 [Listener at 127.0.0.1/46853] INFO  server.RaftServerConfigKeys (ConfUtils.java:logGet(46)) - raft.server.rpc.slowness.timeout = 300s (custom)
2022-10-08 01:31:23,727 [Listener at 127.0.0.1/46853] INFO  server.RaftServerConfigKeys (ConfUtils.java:logGet(46)) - raft.server.leaderelection.leader.step-down.wait-time = 10s (default)
2022-10-08 01:31:23,728 [Listener at 127.0.0.1/46853] INFO  server.RaftServerConfigKeys (ConfUtils.java:logGet(46)) - raft.server.storage.dir = [/home/runner/work/ozone/ozone/hadoop-ozone/integration-test/target/test-dir/MiniOzoneClusterImpl-c72639db-50b4-484a-b3ab-3c380931c8c6/datanode-2/data/ratis] (custom)
2022-10-08 01:31:23,729 [Listener at 127.0.0.1/46853] INFO  server.XceiverServerGrpc (XceiverServerGrpc.java:<init>(132)) - GrpcServer channel type EpollServerSocketChannel
2022-10-08 01:31:23,733 [Listener at 127.0.0.1/46853] INFO  http.BaseHttpServer (BaseHttpServer.java:newHttpServer2BuilderForOzone(213)) - Starting Web-server for hddsDatanode at: http://0.0.0.0:0
2022-10-08 01:31:23,733 [Listener at 127.0.0.1/46853] INFO  http.BaseHttpServer (BaseHttpServer.java:<init>(108)) - Hadoop Security Enabled: false Ozone Security Enabled: false Ozone HTTP Security Enabled: false 
2022-10-08 01:31:23,734 [Listener at 127.0.0.1/46853] INFO  server.AuthenticationFilter (AuthenticationFilter.java:constructSecretProvider(240)) - Unable to initialize FileSignerSecretProvider, falling back to use random secrets.
2022-10-08 01:31:23,735 [Listener at 127.0.0.1/46853] WARN  http.HttpRequestLog (HttpRequestLog.java:getRequestLog(103)) - Jetty request log can only be enabled using Log4j
2022-10-08 01:31:23,737 [Listener at 127.0.0.1/46853] INFO  http.HttpServer2 (HttpServer2.java:addGlobalFilter(1031)) - Added global filter 'safety' (class=org.apache.hadoop.hdds.server.http.HttpServer2$QuotingInputFilter)
2022-10-08 01:31:23,738 [Listener at 127.0.0.1/46853] INFO  http.HttpServer2 (HttpServer2.java:addFilter(1007)) - Added filter static_user_filter (class=org.apache.hadoop.http.lib.StaticUserWebFilter$StaticUserFilter) to context hddsDatanode
2022-10-08 01:31:23,738 [Listener at 127.0.0.1/46853] INFO  http.HttpServer2 (HttpServer2.java:addFilter(1015)) - Added filter static_user_filter (class=org.apache.hadoop.http.lib.StaticUserWebFilter$StaticUserFilter) to context static
2022-10-08 01:31:23,738 [Listener at 127.0.0.1/46853] INFO  http.HttpServer2 (HttpServer2.java:addFilter(1015)) - Added filter static_user_filter (class=org.apache.hadoop.http.lib.StaticUserWebFilter$StaticUserFilter) to context logs
2022-10-08 01:31:23,740 [Listener at 127.0.0.1/46853] INFO  http.HttpServer2 (HttpServer2.java:bindListener(1250)) - Jetty bound to port 43567
2022-10-08 01:31:23,740 [Listener at 127.0.0.1/46853] INFO  server.Server (Server.java:doStart(375)) - jetty-9.4.43.v20210629; built: 2021-06-30T11:07:22.254Z; git: 526006ecfa3af7f1a27ef3a288e2bef7ea9dd7e8; jvm 1.8.0_345-b01
2022-10-08 01:31:23,742 [Listener at 127.0.0.1/46853] INFO  server.session (DefaultSessionIdManager.java:doStart(334)) - DefaultSessionIdManager workerName=node0
2022-10-08 01:31:23,742 [Listener at 127.0.0.1/46853] INFO  server.session (DefaultSessionIdManager.java:doStart(339)) - No SessionScavenger set, using defaults
2022-10-08 01:31:23,742 [Listener at 127.0.0.1/46853] INFO  server.session (HouseKeeper.java:startScavenging(132)) - node0 Scavenging every 660000ms
2022-10-08 01:31:23,743 [Listener at 127.0.0.1/46853] INFO  handler.ContextHandler (ContextHandler.java:doStart(915)) - Started o.e.j.s.ServletContextHandler@5a2ec9f{logs,/logs,file:///home/runner/work/ozone/ozone/hadoop-ozone/integration-test/target/log,AVAILABLE}
2022-10-08 01:31:23,744 [Listener at 127.0.0.1/46853] INFO  handler.ContextHandler (ContextHandler.java:doStart(915)) - Started o.e.j.s.ServletContextHandler@595f9cab{static,/static,jar:file:/home/runner/.m2/repository/org/apache/ozone/hdds-container-service/1.3.0-SNAPSHOT/hdds-container-service-1.3.0-SNAPSHOT.jar!/webapps/static,AVAILABLE}
2022-10-08 01:31:23,885 [Listener at 127.0.0.1/46853] INFO  handler.ContextHandler (ContextHandler.java:doStart(915)) - Started o.e.j.w.WebAppContext@3c9a411d{hddsDatanode,/,file:///tmp/jetty-0_0_0_0-43567-hdds-container-service-1_3_0-SNAPSHOT_jar-_-any-5422641199779944146/webapp/,AVAILABLE}{jar:file:/home/runner/.m2/repository/org/apache/ozone/hdds-container-service/1.3.0-SNAPSHOT/hdds-container-service-1.3.0-SNAPSHOT.jar!/webapps/hddsDatanode}
2022-10-08 01:31:23,886 [Listener at 127.0.0.1/46853] INFO  server.AbstractConnector (AbstractConnector.java:doStart(331)) - Started ServerConnector@59b524c9{HTTP/1.1, (http/1.1)}{0.0.0.0:43567}
2022-10-08 01:31:23,886 [Listener at 127.0.0.1/46853] INFO  server.Server (Server.java:doStart(415)) - Started @10158ms
2022-10-08 01:31:23,886 [Listener at 127.0.0.1/46853] WARN  impl.MetricsSystemImpl (MetricsSystemImpl.java:register(279)) - Sink prometheus already exists!
2022-10-08 01:31:23,886 [Listener at 127.0.0.1/46853] INFO  http.BaseHttpServer (BaseHttpServer.java:updateConnectorAddress(333)) - HTTP server of hddsDatanode listening at http://0.0.0.0:43567
2022-10-08 01:31:23,887 [Datanode State Machine Daemon Thread] INFO  statemachine.DatanodeStateMachine (DatanodeStateMachine.java:lambda$startDaemon$0(492)) - Ozone container server started.
2022-10-08 01:31:23,888 [Listener at 127.0.0.1/46853] WARN  impl.MetricRegistriesImpl (MetricRegistriesImpl.java:addReporterRegistration(111)) - New reporters are added after registries were created. Some metrics will be missing from the reporter. Please add reporter before adding any new registry.
2022-10-08 01:31:23,888 [Listener at 127.0.0.1/46853] WARN  impl.MetricRegistriesImpl (MetricRegistriesImpl.java:addReporterRegistration(111)) - New reporters are added after registries were created. Some metrics will be missing from the reporter. Please add reporter before adding any new registry.
2022-10-08 01:31:23,888 [Listener at 127.0.0.1/46853] INFO  impl.MetricsSystemImpl (MetricsSystemImpl.java:init(158)) - HddsDatanode metrics system started (again)
2022-10-08 01:31:23,903 [Listener at 127.0.0.1/46853] INFO  ozone.HddsDatanodeService (HddsDatanodeService.java:start(236)) - HddsDatanodeService host:fv-az180-867.g3pwtgv4ffyuhaixmbmm0kyh3d.gx.internal.cloudapp.net ip:10.1.0.61
2022-10-08 01:31:23,904 [org.apache.hadoop.util.JvmPauseMonitor$Monitor@729abe17] INFO  util.JvmPauseMonitor (JvmPauseMonitor.java:run(188)) - Starting JVM pause monitor
2022-10-08 01:31:23,905 [Datanode State Machine Task Thread - 0] INFO  datanode.InitDatanodeState (InitDatanodeState.java:persistContainerDatanodeDetails(138)) - DatanodeDetails is persisted to /home/runner/work/ozone/ozone/hadoop-ozone/integration-test/target/test-dir/MiniOzoneClusterImpl-c72639db-50b4-484a-b3ab-3c380931c8c6/datanode-2/meta/datanode.id
2022-10-08 01:31:24,135 [Listener at 127.0.0.1/46853] INFO  upgrade.AbstractLayoutVersionManager (AbstractLayoutVersionManager.java:init(83)) - Initializing Layout version manager with metadata layout = DATANODE_SCHEMA_V3 (version = 4), software layout = DATANODE_SCHEMA_V3 (version = 4)
2022-10-08 01:31:24,173 [Listener at 127.0.0.1/46853] INFO  reflections.Reflections (Reflections.java:scan(232)) - Reflections took 37 ms to scan 7 urls, producing 135 keys and 327 values 
2022-10-08 01:31:24,174 [Listener at 127.0.0.1/46853] INFO  statemachine.DatanodeStateMachine (DatanodeStateMachine.java:getEndPointTaskThreadPoolSize(237)) - Datanode State Machine Task Thread Pool size 2
2022-10-08 01:31:24,177 [Listener at 127.0.0.1/46853] INFO  volume.HddsVolume (HddsVolume.java:<init>(117)) - Creating HddsVolume: /home/runner/work/ozone/ozone/hadoop-ozone/integration-test/target/test-dir/MiniOzoneClusterImpl-c72639db-50b4-484a-b3ab-3c380931c8c6/datanode-3/data-0/containers/hdds of storage type : DISK capacity : 9223372036854775807
2022-10-08 01:31:24,177 [Listener at 127.0.0.1/46853] INFO  volume.MutableVolumeSet (MutableVolumeSet.java:initializeVolumeSet(174)) - Added Volume : /home/runner/work/ozone/ozone/hadoop-ozone/integration-test/target/test-dir/MiniOzoneClusterImpl-c72639db-50b4-484a-b3ab-3c380931c8c6/datanode-3/data-0/containers/hdds to VolumeSet
2022-10-08 01:31:24,177 [Listener at 127.0.0.1/46853] INFO  volume.ThrottledAsyncChecker (ThrottledAsyncChecker.java:schedule(141)) - Scheduling a check for /home/runner/work/ozone/ozone/hadoop-ozone/integration-test/target/test-dir/MiniOzoneClusterImpl-c72639db-50b4-484a-b3ab-3c380931c8c6/datanode-3/data-0/containers/hdds
2022-10-08 01:31:24,178 [Listener at 127.0.0.1/46853] INFO  volume.StorageVolumeChecker (StorageVolumeChecker.java:checkAllVolumes(202)) - Scheduled health check for volume /home/runner/work/ozone/ozone/hadoop-ozone/integration-test/target/test-dir/MiniOzoneClusterImpl-c72639db-50b4-484a-b3ab-3c380931c8c6/datanode-3/data-0/containers/hdds
2022-10-08 01:31:24,190 [Listener at 127.0.0.1/46853] INFO  volume.MutableVolumeSet (MutableVolumeSet.java:initializeVolumeSet(174)) - Added Volume : /home/runner/work/ozone/ozone/hadoop-ozone/integration-test/target/test-dir/MiniOzoneClusterImpl-c72639db-50b4-484a-b3ab-3c380931c8c6/datanode-3/data/ratis to VolumeSet
2022-10-08 01:31:24,190 [Listener at 127.0.0.1/46853] INFO  volume.ThrottledAsyncChecker (ThrottledAsyncChecker.java:schedule(141)) - Scheduling a check for /home/runner/work/ozone/ozone/hadoop-ozone/integration-test/target/test-dir/MiniOzoneClusterImpl-c72639db-50b4-484a-b3ab-3c380931c8c6/datanode-3/data/ratis
2022-10-08 01:31:24,196 [Listener at 127.0.0.1/46853] INFO  volume.StorageVolumeChecker (StorageVolumeChecker.java:checkAllVolumes(202)) - Scheduled health check for volume /home/runner/work/ozone/ozone/hadoop-ozone/integration-test/target/test-dir/MiniOzoneClusterImpl-c72639db-50b4-484a-b3ab-3c380931c8c6/datanode-3/data/ratis
2022-10-08 01:31:24,208 [Thread-177] INFO  ozoneimpl.ContainerReader (ContainerReader.java:readVolume(175)) - Finish verifying containers on volume /home/runner/work/ozone/ozone/hadoop-ozone/integration-test/target/test-dir/MiniOzoneClusterImpl-c72639db-50b4-484a-b3ab-3c380931c8c6/datanode-3/data-0/containers/hdds
2022-10-08 01:31:24,209 [Listener at 127.0.0.1/46853] INFO  ozoneimpl.OzoneContainer (OzoneContainer.java:buildContainerSet(300)) - Build ContainerSet costs 0s
2022-10-08 01:31:24,212 [Listener at 127.0.0.1/46853] INFO  server.RaftServer (ConfUtils.java:logGet(46)) - raft.rpc.type = GRPC (default)
2022-10-08 01:31:24,212 [Listener at 127.0.0.1/46853] INFO  grpc.GrpcFactory (GrpcFactory.java:checkPooledByteBufAllocatorUseCacheForAllThreads(48)) - PERFORMANCE WARNING: useCacheForAllThreads is true that may cause Netty to create a lot garbage objects and, as a result, trigger GC.
	It is recommended to disable useCacheForAllThreads by setting -Dorg.apache.ratis.thirdparty.io.netty.allocator.useCacheForAllThreads=false in command line.
2022-10-08 01:31:24,212 [Listener at 127.0.0.1/46853] INFO  grpc.GrpcConfigKeys (ConfUtils.java:logGet(46)) - raft.grpc.admin.port = 0 (custom)
2022-10-08 01:31:24,212 [Listener at 127.0.0.1/46853] INFO  grpc.GrpcConfigKeys (ConfUtils.java:logGet(46)) - raft.grpc.client.port = 0 (custom)
2022-10-08 01:31:24,212 [Listener at 127.0.0.1/46853] INFO  grpc.GrpcConfigKeys (ConfUtils.java:logGet(46)) - raft.grpc.server.port = 0 (default)
2022-10-08 01:31:24,212 [Listener at 127.0.0.1/46853] INFO  server.GrpcService (ConfUtils.java:logGet(46)) - raft.grpc.message.size.max = 32MB (=33554432) (custom)
2022-10-08 01:31:24,212 [Listener at 127.0.0.1/46853] INFO  server.RaftServerConfigKeys (ConfUtils.java:logGet(46)) - raft.server.log.appender.buffer.byte-limit = 33554432 (custom)
2022-10-08 01:31:24,213 [Listener at 127.0.0.1/46853] INFO  server.GrpcService (ConfUtils.java:logGet(46)) - raft.grpc.flow.control.window = 5MB (=5242880) (custom)
2022-10-08 01:31:24,213 [Listener at 127.0.0.1/46853] INFO  server.RaftServerConfigKeys (ConfUtils.java:logGet(46)) - raft.server.rpc.request.timeout = 60s (custom)
2022-10-08 01:31:24,213 [Listener at 127.0.0.1/46853] INFO  grpc.GrpcConfigKeys (ConfUtils.java:logGet(46)) - raft.grpc.server.async.request.thread.pool.cached = true (default)
2022-10-08 01:31:24,213 [Listener at 127.0.0.1/46853] INFO  grpc.GrpcConfigKeys (ConfUtils.java:logGet(46)) - raft.grpc.server.async.request.thread.pool.size = 32 (default)
2022-10-08 01:31:24,214 [Listener at 127.0.0.1/46853] INFO  impl.DataStreamServerImpl (ConfUtils.java:logGet(46)) - raft.datastream.type = DISABLED (default)
2022-10-08 01:31:24,214 [Listener at 127.0.0.1/46853] INFO  server.RaftServerConfigKeys (ConfUtils.java:logGet(46)) - raft.server.threadpool.proxy.cached = true (default)
2022-10-08 01:31:24,214 [Listener at 127.0.0.1/46853] INFO  server.RaftServerConfigKeys (ConfUtils.java:logGet(46)) - raft.server.threadpool.proxy.size = 0 (default)
2022-10-08 01:31:24,214 [Listener at 127.0.0.1/46853] INFO  server.RaftServerConfigKeys (ConfUtils.java:logGet(46)) - raft.server.rpc.slowness.timeout = 300s (custom)
2022-10-08 01:31:24,214 [Listener at 127.0.0.1/46853] INFO  server.RaftServerConfigKeys (ConfUtils.java:logGet(46)) - raft.server.leaderelection.leader.step-down.wait-time = 10s (default)
2022-10-08 01:31:24,214 [Listener at 127.0.0.1/46853] INFO  server.RaftServerConfigKeys (ConfUtils.java:logGet(46)) - raft.server.storage.dir = [/home/runner/work/ozone/ozone/hadoop-ozone/integration-test/target/test-dir/MiniOzoneClusterImpl-c72639db-50b4-484a-b3ab-3c380931c8c6/datanode-3/data/ratis] (custom)
2022-10-08 01:31:24,216 [Listener at 127.0.0.1/46853] INFO  server.XceiverServerGrpc (XceiverServerGrpc.java:<init>(132)) - GrpcServer channel type EpollServerSocketChannel
2022-10-08 01:31:24,220 [Listener at 127.0.0.1/46853] INFO  http.BaseHttpServer (BaseHttpServer.java:newHttpServer2BuilderForOzone(213)) - Starting Web-server for hddsDatanode at: http://0.0.0.0:0
2022-10-08 01:31:24,220 [Listener at 127.0.0.1/46853] INFO  http.BaseHttpServer (BaseHttpServer.java:<init>(108)) - Hadoop Security Enabled: false Ozone Security Enabled: false Ozone HTTP Security Enabled: false 
2022-10-08 01:31:24,222 [Listener at 127.0.0.1/46853] INFO  server.AuthenticationFilter (AuthenticationFilter.java:constructSecretProvider(240)) - Unable to initialize FileSignerSecretProvider, falling back to use random secrets.
2022-10-08 01:31:24,222 [Listener at 127.0.0.1/46853] WARN  http.HttpRequestLog (HttpRequestLog.java:getRequestLog(103)) - Jetty request log can only be enabled using Log4j
2022-10-08 01:31:24,224 [Listener at 127.0.0.1/46853] INFO  http.HttpServer2 (HttpServer2.java:addGlobalFilter(1031)) - Added global filter 'safety' (class=org.apache.hadoop.hdds.server.http.HttpServer2$QuotingInputFilter)
2022-10-08 01:31:24,224 [Listener at 127.0.0.1/46853] INFO  http.HttpServer2 (HttpServer2.java:addFilter(1007)) - Added filter static_user_filter (class=org.apache.hadoop.http.lib.StaticUserWebFilter$StaticUserFilter) to context hddsDatanode
2022-10-08 01:31:24,224 [Listener at 127.0.0.1/46853] INFO  http.HttpServer2 (HttpServer2.java:addFilter(1015)) - Added filter static_user_filter (class=org.apache.hadoop.http.lib.StaticUserWebFilter$StaticUserFilter) to context static
2022-10-08 01:31:24,225 [Listener at 127.0.0.1/46853] INFO  http.HttpServer2 (HttpServer2.java:addFilter(1015)) - Added filter static_user_filter (class=org.apache.hadoop.http.lib.StaticUserWebFilter$StaticUserFilter) to context logs
2022-10-08 01:31:24,225 [Listener at 127.0.0.1/46853] INFO  http.HttpServer2 (HttpServer2.java:bindListener(1250)) - Jetty bound to port 38055
2022-10-08 01:31:24,225 [Listener at 127.0.0.1/46853] INFO  server.Server (Server.java:doStart(375)) - jetty-9.4.43.v20210629; built: 2021-06-30T11:07:22.254Z; git: 526006ecfa3af7f1a27ef3a288e2bef7ea9dd7e8; jvm 1.8.0_345-b01
2022-10-08 01:31:24,228 [Listener at 127.0.0.1/46853] INFO  server.session (DefaultSessionIdManager.java:doStart(334)) - DefaultSessionIdManager workerName=node0
2022-10-08 01:31:24,228 [Listener at 127.0.0.1/46853] INFO  server.session (DefaultSessionIdManager.java:doStart(339)) - No SessionScavenger set, using defaults
2022-10-08 01:31:24,228 [Listener at 127.0.0.1/46853] INFO  server.session (HouseKeeper.java:startScavenging(132)) - node0 Scavenging every 660000ms
2022-10-08 01:31:24,230 [Listener at 127.0.0.1/46853] INFO  handler.ContextHandler (ContextHandler.java:doStart(915)) - Started o.e.j.s.ServletContextHandler@1ca89564{logs,/logs,file:///home/runner/work/ozone/ozone/hadoop-ozone/integration-test/target/log,AVAILABLE}
2022-10-08 01:31:24,230 [Listener at 127.0.0.1/46853] INFO  handler.ContextHandler (ContextHandler.java:doStart(915)) - Started o.e.j.s.ServletContextHandler@3de93002{static,/static,jar:file:/home/runner/.m2/repository/org/apache/ozone/hdds-container-service/1.3.0-SNAPSHOT/hdds-container-service-1.3.0-SNAPSHOT.jar!/webapps/static,AVAILABLE}
2022-10-08 01:31:24,302 [ReplicationMonitor] INFO  replication.ReplicationManager (ReplicationManager.java:processAll(291)) - Replication Manager is not ready to run until 3000ms after safemode exit
2022-10-08 01:31:24,355 [Listener at 127.0.0.1/46853] INFO  handler.ContextHandler (ContextHandler.java:doStart(915)) - Started o.e.j.w.WebAppContext@fa67eb6{hddsDatanode,/,file:///tmp/jetty-0_0_0_0-38055-hdds-container-service-1_3_0-SNAPSHOT_jar-_-any-8416860316780880419/webapp/,AVAILABLE}{jar:file:/home/runner/.m2/repository/org/apache/ozone/hdds-container-service/1.3.0-SNAPSHOT/hdds-container-service-1.3.0-SNAPSHOT.jar!/webapps/hddsDatanode}
2022-10-08 01:31:24,357 [Listener at 127.0.0.1/46853] INFO  server.AbstractConnector (AbstractConnector.java:doStart(331)) - Started ServerConnector@25e0a6e8{HTTP/1.1, (http/1.1)}{0.0.0.0:38055}
2022-10-08 01:31:24,359 [Listener at 127.0.0.1/46853] INFO  server.Server (Server.java:doStart(415)) - Started @10630ms
2022-10-08 01:31:24,359 [Listener at 127.0.0.1/46853] WARN  impl.MetricsSystemImpl (MetricsSystemImpl.java:register(279)) - Sink prometheus already exists!
2022-10-08 01:31:24,359 [Listener at 127.0.0.1/46853] INFO  http.BaseHttpServer (BaseHttpServer.java:updateConnectorAddress(333)) - HTTP server of hddsDatanode listening at http://0.0.0.0:38055
2022-10-08 01:31:24,360 [Listener at 127.0.0.1/46853] WARN  impl.MetricRegistriesImpl (MetricRegistriesImpl.java:addReporterRegistration(111)) - New reporters are added after registries were created. Some metrics will be missing from the reporter. Please add reporter before adding any new registry.
2022-10-08 01:31:24,360 [Listener at 127.0.0.1/46853] WARN  impl.MetricRegistriesImpl (MetricRegistriesImpl.java:addReporterRegistration(111)) - New reporters are added after registries were created. Some metrics will be missing from the reporter. Please add reporter before adding any new registry.
2022-10-08 01:31:24,360 [Listener at 127.0.0.1/46853] INFO  impl.MetricsSystemImpl (MetricsSystemImpl.java:init(158)) - HddsDatanode metrics system started (again)
2022-10-08 01:31:24,364 [Datanode State Machine Daemon Thread] INFO  statemachine.DatanodeStateMachine (DatanodeStateMachine.java:lambda$startDaemon$0(492)) - Ozone container server started.
2022-10-08 01:31:24,374 [Listener at 127.0.0.1/46853] INFO  ozone.HddsDatanodeService (HddsDatanodeService.java:start(236)) - HddsDatanodeService host:fv-az180-867.g3pwtgv4ffyuhaixmbmm0kyh3d.gx.internal.cloudapp.net ip:10.1.0.61
2022-10-08 01:31:24,377 [org.apache.hadoop.util.JvmPauseMonitor$Monitor@6b3ba029] INFO  util.JvmPauseMonitor (JvmPauseMonitor.java:run(188)) - Starting JVM pause monitor
2022-10-08 01:31:24,378 [Datanode State Machine Task Thread - 0] INFO  datanode.InitDatanodeState (InitDatanodeState.java:persistContainerDatanodeDetails(138)) - DatanodeDetails is persisted to /home/runner/work/ozone/ozone/hadoop-ozone/integration-test/target/test-dir/MiniOzoneClusterImpl-c72639db-50b4-484a-b3ab-3c380931c8c6/datanode-3/meta/datanode.id
2022-10-08 01:31:24,490 [Listener at 127.0.0.1/46853] INFO  upgrade.AbstractLayoutVersionManager (AbstractLayoutVersionManager.java:init(83)) - Initializing Layout version manager with metadata layout = DATANODE_SCHEMA_V3 (version = 4), software layout = DATANODE_SCHEMA_V3 (version = 4)
2022-10-08 01:31:24,529 [Listener at 127.0.0.1/46853] INFO  reflections.Reflections (Reflections.java:scan(232)) - Reflections took 37 ms to scan 7 urls, producing 135 keys and 327 values 
2022-10-08 01:31:24,531 [Listener at 127.0.0.1/46853] INFO  statemachine.DatanodeStateMachine (DatanodeStateMachine.java:getEndPointTaskThreadPoolSize(237)) - Datanode State Machine Task Thread Pool size 2
2022-10-08 01:31:24,534 [Listener at 127.0.0.1/46853] INFO  volume.HddsVolume (HddsVolume.java:<init>(117)) - Creating HddsVolume: /home/runner/work/ozone/ozone/hadoop-ozone/integration-test/target/test-dir/MiniOzoneClusterImpl-c72639db-50b4-484a-b3ab-3c380931c8c6/datanode-4/data-0/containers/hdds of storage type : DISK capacity : 9223372036854775807
2022-10-08 01:31:24,535 [Listener at 127.0.0.1/46853] INFO  volume.MutableVolumeSet (MutableVolumeSet.java:initializeVolumeSet(174)) - Added Volume : /home/runner/work/ozone/ozone/hadoop-ozone/integration-test/target/test-dir/MiniOzoneClusterImpl-c72639db-50b4-484a-b3ab-3c380931c8c6/datanode-4/data-0/containers/hdds to VolumeSet
2022-10-08 01:31:24,535 [Listener at 127.0.0.1/46853] INFO  volume.ThrottledAsyncChecker (ThrottledAsyncChecker.java:schedule(141)) - Scheduling a check for /home/runner/work/ozone/ozone/hadoop-ozone/integration-test/target/test-dir/MiniOzoneClusterImpl-c72639db-50b4-484a-b3ab-3c380931c8c6/datanode-4/data-0/containers/hdds
2022-10-08 01:31:24,535 [Listener at 127.0.0.1/46853] INFO  volume.StorageVolumeChecker (StorageVolumeChecker.java:checkAllVolumes(202)) - Scheduled health check for volume /home/runner/work/ozone/ozone/hadoop-ozone/integration-test/target/test-dir/MiniOzoneClusterImpl-c72639db-50b4-484a-b3ab-3c380931c8c6/datanode-4/data-0/containers/hdds
2022-10-08 01:31:24,543 [Listener at 127.0.0.1/46853] INFO  volume.MutableVolumeSet (MutableVolumeSet.java:initializeVolumeSet(174)) - Added Volume : /home/runner/work/ozone/ozone/hadoop-ozone/integration-test/target/test-dir/MiniOzoneClusterImpl-c72639db-50b4-484a-b3ab-3c380931c8c6/datanode-4/data/ratis to VolumeSet
2022-10-08 01:31:24,543 [Listener at 127.0.0.1/46853] INFO  volume.ThrottledAsyncChecker (ThrottledAsyncChecker.java:schedule(141)) - Scheduling a check for /home/runner/work/ozone/ozone/hadoop-ozone/integration-test/target/test-dir/MiniOzoneClusterImpl-c72639db-50b4-484a-b3ab-3c380931c8c6/datanode-4/data/ratis
2022-10-08 01:31:24,543 [Listener at 127.0.0.1/46853] INFO  volume.StorageVolumeChecker (StorageVolumeChecker.java:checkAllVolumes(202)) - Scheduled health check for volume /home/runner/work/ozone/ozone/hadoop-ozone/integration-test/target/test-dir/MiniOzoneClusterImpl-c72639db-50b4-484a-b3ab-3c380931c8c6/datanode-4/data/ratis
2022-10-08 01:31:24,552 [Thread-190] INFO  ozoneimpl.ContainerReader (ContainerReader.java:readVolume(175)) - Finish verifying containers on volume /home/runner/work/ozone/ozone/hadoop-ozone/integration-test/target/test-dir/MiniOzoneClusterImpl-c72639db-50b4-484a-b3ab-3c380931c8c6/datanode-4/data-0/containers/hdds
2022-10-08 01:31:24,552 [Listener at 127.0.0.1/46853] INFO  ozoneimpl.OzoneContainer (OzoneContainer.java:buildContainerSet(300)) - Build ContainerSet costs 0s
2022-10-08 01:31:24,555 [Listener at 127.0.0.1/46853] INFO  server.RaftServer (ConfUtils.java:logGet(46)) - raft.rpc.type = GRPC (default)
2022-10-08 01:31:24,555 [Listener at 127.0.0.1/46853] INFO  grpc.GrpcFactory (GrpcFactory.java:checkPooledByteBufAllocatorUseCacheForAllThreads(48)) - PERFORMANCE WARNING: useCacheForAllThreads is true that may cause Netty to create a lot garbage objects and, as a result, trigger GC.
	It is recommended to disable useCacheForAllThreads by setting -Dorg.apache.ratis.thirdparty.io.netty.allocator.useCacheForAllThreads=false in command line.
2022-10-08 01:31:24,555 [Listener at 127.0.0.1/46853] INFO  grpc.GrpcConfigKeys (ConfUtils.java:logGet(46)) - raft.grpc.admin.port = 0 (custom)
2022-10-08 01:31:24,555 [Listener at 127.0.0.1/46853] INFO  grpc.GrpcConfigKeys (ConfUtils.java:logGet(46)) - raft.grpc.client.port = 0 (custom)
2022-10-08 01:31:24,555 [Listener at 127.0.0.1/46853] INFO  grpc.GrpcConfigKeys (ConfUtils.java:logGet(46)) - raft.grpc.server.port = 0 (default)
2022-10-08 01:31:24,556 [Listener at 127.0.0.1/46853] INFO  server.GrpcService (ConfUtils.java:logGet(46)) - raft.grpc.message.size.max = 32MB (=33554432) (custom)
2022-10-08 01:31:24,556 [Listener at 127.0.0.1/46853] INFO  server.RaftServerConfigKeys (ConfUtils.java:logGet(46)) - raft.server.log.appender.buffer.byte-limit = 33554432 (custom)
2022-10-08 01:31:24,556 [Listener at 127.0.0.1/46853] INFO  server.GrpcService (ConfUtils.java:logGet(46)) - raft.grpc.flow.control.window = 5MB (=5242880) (custom)
2022-10-08 01:31:24,556 [Listener at 127.0.0.1/46853] INFO  server.RaftServerConfigKeys (ConfUtils.java:logGet(46)) - raft.server.rpc.request.timeout = 60s (custom)
2022-10-08 01:31:24,556 [Listener at 127.0.0.1/46853] INFO  grpc.GrpcConfigKeys (ConfUtils.java:logGet(46)) - raft.grpc.server.async.request.thread.pool.cached = true (default)
2022-10-08 01:31:24,556 [Listener at 127.0.0.1/46853] INFO  grpc.GrpcConfigKeys (ConfUtils.java:logGet(46)) - raft.grpc.server.async.request.thread.pool.size = 32 (default)
2022-10-08 01:31:24,557 [Listener at 127.0.0.1/46853] INFO  impl.DataStreamServerImpl (ConfUtils.java:logGet(46)) - raft.datastream.type = DISABLED (default)
2022-10-08 01:31:24,557 [Listener at 127.0.0.1/46853] INFO  server.RaftServerConfigKeys (ConfUtils.java:logGet(46)) - raft.server.threadpool.proxy.cached = true (default)
2022-10-08 01:31:24,557 [Listener at 127.0.0.1/46853] INFO  server.RaftServerConfigKeys (ConfUtils.java:logGet(46)) - raft.server.threadpool.proxy.size = 0 (default)
2022-10-08 01:31:24,558 [Listener at 127.0.0.1/46853] INFO  server.RaftServerConfigKeys (ConfUtils.java:logGet(46)) - raft.server.rpc.slowness.timeout = 300s (custom)
2022-10-08 01:31:24,558 [Listener at 127.0.0.1/46853] INFO  server.RaftServerConfigKeys (ConfUtils.java:logGet(46)) - raft.server.leaderelection.leader.step-down.wait-time = 10s (default)
2022-10-08 01:31:24,558 [Listener at 127.0.0.1/46853] INFO  server.RaftServerConfigKeys (ConfUtils.java:logGet(46)) - raft.server.storage.dir = [/home/runner/work/ozone/ozone/hadoop-ozone/integration-test/target/test-dir/MiniOzoneClusterImpl-c72639db-50b4-484a-b3ab-3c380931c8c6/datanode-4/data/ratis] (custom)
2022-10-08 01:31:24,559 [Listener at 127.0.0.1/46853] INFO  server.XceiverServerGrpc (XceiverServerGrpc.java:<init>(132)) - GrpcServer channel type EpollServerSocketChannel
2022-10-08 01:31:24,562 [Listener at 127.0.0.1/46853] INFO  http.BaseHttpServer (BaseHttpServer.java:newHttpServer2BuilderForOzone(213)) - Starting Web-server for hddsDatanode at: http://0.0.0.0:0
2022-10-08 01:31:24,563 [Listener at 127.0.0.1/46853] INFO  http.BaseHttpServer (BaseHttpServer.java:<init>(108)) - Hadoop Security Enabled: false Ozone Security Enabled: false Ozone HTTP Security Enabled: false 
2022-10-08 01:31:24,564 [Listener at 127.0.0.1/46853] INFO  server.AuthenticationFilter (AuthenticationFilter.java:constructSecretProvider(240)) - Unable to initialize FileSignerSecretProvider, falling back to use random secrets.
2022-10-08 01:31:24,567 [Listener at 127.0.0.1/46853] WARN  http.HttpRequestLog (HttpRequestLog.java:getRequestLog(103)) - Jetty request log can only be enabled using Log4j
2022-10-08 01:31:24,568 [Listener at 127.0.0.1/46853] INFO  http.HttpServer2 (HttpServer2.java:addGlobalFilter(1031)) - Added global filter 'safety' (class=org.apache.hadoop.hdds.server.http.HttpServer2$QuotingInputFilter)
2022-10-08 01:31:24,569 [Listener at 127.0.0.1/46853] INFO  http.HttpServer2 (HttpServer2.java:addFilter(1007)) - Added filter static_user_filter (class=org.apache.hadoop.http.lib.StaticUserWebFilter$StaticUserFilter) to context hddsDatanode
2022-10-08 01:31:24,569 [Listener at 127.0.0.1/46853] INFO  http.HttpServer2 (HttpServer2.java:addFilter(1015)) - Added filter static_user_filter (class=org.apache.hadoop.http.lib.StaticUserWebFilter$StaticUserFilter) to context logs
2022-10-08 01:31:24,569 [Listener at 127.0.0.1/46853] INFO  http.HttpServer2 (HttpServer2.java:addFilter(1015)) - Added filter static_user_filter (class=org.apache.hadoop.http.lib.StaticUserWebFilter$StaticUserFilter) to context static
2022-10-08 01:31:24,570 [Listener at 127.0.0.1/46853] INFO  http.HttpServer2 (HttpServer2.java:bindListener(1250)) - Jetty bound to port 46089
2022-10-08 01:31:24,570 [Listener at 127.0.0.1/46853] INFO  server.Server (Server.java:doStart(375)) - jetty-9.4.43.v20210629; built: 2021-06-30T11:07:22.254Z; git: 526006ecfa3af7f1a27ef3a288e2bef7ea9dd7e8; jvm 1.8.0_345-b01
2022-10-08 01:31:24,572 [Listener at 127.0.0.1/46853] INFO  server.session (DefaultSessionIdManager.java:doStart(334)) - DefaultSessionIdManager workerName=node0
2022-10-08 01:31:24,573 [Listener at 127.0.0.1/46853] INFO  server.session (DefaultSessionIdManager.java:doStart(339)) - No SessionScavenger set, using defaults
2022-10-08 01:31:24,573 [Listener at 127.0.0.1/46853] INFO  server.session (HouseKeeper.java:startScavenging(132)) - node0 Scavenging every 600000ms
2022-10-08 01:31:24,573 [Listener at 127.0.0.1/46853] INFO  handler.ContextHandler (ContextHandler.java:doStart(915)) - Started o.e.j.s.ServletContextHandler@5cfa490b{logs,/logs,file:///home/runner/work/ozone/ozone/hadoop-ozone/integration-test/target/log,AVAILABLE}
2022-10-08 01:31:24,574 [Listener at 127.0.0.1/46853] INFO  handler.ContextHandler (ContextHandler.java:doStart(915)) - Started o.e.j.s.ServletContextHandler@1614f0b3{static,/static,jar:file:/home/runner/.m2/repository/org/apache/ozone/hdds-container-service/1.3.0-SNAPSHOT/hdds-container-service-1.3.0-SNAPSHOT.jar!/webapps/static,AVAILABLE}
2022-10-08 01:31:24,695 [Listener at 127.0.0.1/46853] INFO  handler.ContextHandler (ContextHandler.java:doStart(915)) - Started o.e.j.w.WebAppContext@647d59f4{hddsDatanode,/,file:///tmp/jetty-0_0_0_0-46089-hdds-container-service-1_3_0-SNAPSHOT_jar-_-any-2018195706001553962/webapp/,AVAILABLE}{jar:file:/home/runner/.m2/repository/org/apache/ozone/hdds-container-service/1.3.0-SNAPSHOT/hdds-container-service-1.3.0-SNAPSHOT.jar!/webapps/hddsDatanode}
2022-10-08 01:31:24,697 [Listener at 127.0.0.1/46853] INFO  server.AbstractConnector (AbstractConnector.java:doStart(331)) - Started ServerConnector@266d167e{HTTP/1.1, (http/1.1)}{0.0.0.0:46089}
2022-10-08 01:31:24,697 [Listener at 127.0.0.1/46853] INFO  server.Server (Server.java:doStart(415)) - Started @10969ms
2022-10-08 01:31:24,697 [Listener at 127.0.0.1/46853] WARN  impl.MetricsSystemImpl (MetricsSystemImpl.java:register(279)) - Sink prometheus already exists!
2022-10-08 01:31:24,697 [Listener at 127.0.0.1/46853] INFO  http.BaseHttpServer (BaseHttpServer.java:updateConnectorAddress(333)) - HTTP server of hddsDatanode listening at http://0.0.0.0:46089
2022-10-08 01:31:24,699 [Listener at 127.0.0.1/46853] INFO  ozone.MiniOzoneClusterImpl (MiniOzoneClusterImpl.java:lambda$waitForClusterToBeReady$0(216)) - Waiting for nodes to be ready. Got 0 of 5 DN Heartbeats.
2022-10-08 01:31:24,699 [Listener at 127.0.0.1/46853] INFO  ozone.MiniOzoneClusterImpl (MiniOzoneClusterImpl.java:lambda$waitForClusterToBeReady$0(219)) - Waiting for cluster to exit safe mode
2022-10-08 01:31:24,699 [Listener at 127.0.0.1/46853] INFO  ozone.MiniOzoneClusterImpl (MiniOzoneClusterImpl.java:lambda$waitForClusterToBeReady$0(221)) - SCM became leader
2022-10-08 01:31:24,699 [Datanode State Machine Daemon Thread] INFO  statemachine.DatanodeStateMachine (DatanodeStateMachine.java:lambda$startDaemon$0(492)) - Ozone container server started.
2022-10-08 01:31:24,708 [org.apache.hadoop.util.JvmPauseMonitor$Monitor@3eccf204] INFO  util.JvmPauseMonitor (JvmPauseMonitor.java:run(188)) - Starting JVM pause monitor
2022-10-08 01:31:24,711 [Datanode State Machine Task Thread - 0] INFO  datanode.InitDatanodeState (InitDatanodeState.java:persistContainerDatanodeDetails(138)) - DatanodeDetails is persisted to /home/runner/work/ozone/ozone/hadoop-ozone/integration-test/target/test-dir/MiniOzoneClusterImpl-c72639db-50b4-484a-b3ab-3c380931c8c6/datanode-4/meta/datanode.id
2022-10-08 01:31:25,130 [EndpointStateMachine task thread for /0.0.0.0:33145 - 0 ] INFO  volume.HddsVolume (HddsVolume.java:createDbStore(307)) - SchemaV3 db is created and loaded at /home/runner/work/ozone/ozone/hadoop-ozone/integration-test/target/test-dir/MiniOzoneClusterImpl-c72639db-50b4-484a-b3ab-3c380931c8c6/datanode-0/data-0/containers/hdds/c72639db-50b4-484a-b3ab-3c380931c8c6/DS-1933ac41-8219-4daa-8a1c-c6c81d8fb877/container.db for volume DS-1933ac41-8219-4daa-8a1c-c6c81d8fb877
2022-10-08 01:31:25,137 [EndpointStateMachine task thread for /0.0.0.0:33145 - 0 ] INFO  volume.HddsVolume (HddsVolume.java:closeDbStore(338)) - SchemaV3 db is stopped at /home/runner/work/ozone/ozone/hadoop-ozone/integration-test/target/test-dir/MiniOzoneClusterImpl-c72639db-50b4-484a-b3ab-3c380931c8c6/datanode-0/data-0/containers/hdds/c72639db-50b4-484a-b3ab-3c380931c8c6/DS-1933ac41-8219-4daa-8a1c-c6c81d8fb877/container.db for volume DS-1933ac41-8219-4daa-8a1c-c6c81d8fb877
2022-10-08 01:31:25,137 [EndpointStateMachine task thread for /0.0.0.0:33145 - 0 ] INFO  ozoneimpl.OzoneContainer (OzoneContainer.java:start(378)) - Attempting to start container services.
2022-10-08 01:31:25,139 [EndpointStateMachine task thread for /0.0.0.0:33145 - 0 ] INFO  ozoneimpl.OzoneContainer (OzoneContainer.java:startContainerScrub(313)) - Background container scanner has been disabled.
2022-10-08 01:31:25,140 [EndpointStateMachine task thread for /0.0.0.0:33145 - 0 ] INFO  replication.ReplicationServer (ReplicationServer.java:start(111)) - ReplicationServer is started using port 38233
2022-10-08 01:31:25,142 [EndpointStateMachine task thread for /0.0.0.0:33145 - 0 ] INFO  ratis.XceiverServerRatis (XceiverServerRatis.java:start(481)) - Starting XceiverServerRatis 2a53bf39-8cf9-4e57-9be3-47f141ff45bd
2022-10-08 01:31:25,142 [EndpointStateMachine task thread for /0.0.0.0:33145 - 0 ] INFO  server.RaftServer (RaftServerProxy.java:lambda$start$6(382)) - 2a53bf39-8cf9-4e57-9be3-47f141ff45bd: start RPC server
2022-10-08 01:31:25,143 [EndpointStateMachine task thread for /0.0.0.0:33145 - 0 ] INFO  server.GrpcService (GrpcService.java:startImpl(260)) - 2a53bf39-8cf9-4e57-9be3-47f141ff45bd: GrpcService started, listening on 38913
2022-10-08 01:31:25,144 [EndpointStateMachine task thread for /0.0.0.0:33145 - 0 ] INFO  ratis.XceiverServerRatis (XceiverServerRatis.java:getRealPort(502)) - XceiverServerRatis 2a53bf39-8cf9-4e57-9be3-47f141ff45bd is started using port 38913 for RATIS
2022-10-08 01:31:25,144 [EndpointStateMachine task thread for /0.0.0.0:33145 - 0 ] INFO  ratis.XceiverServerRatis (XceiverServerRatis.java:getRealPort(502)) - XceiverServerRatis 2a53bf39-8cf9-4e57-9be3-47f141ff45bd is started using port 38913 for RATIS_ADMIN
2022-10-08 01:31:25,144 [EndpointStateMachine task thread for /0.0.0.0:33145 - 0 ] INFO  ratis.XceiverServerRatis (XceiverServerRatis.java:getRealPort(502)) - XceiverServerRatis 2a53bf39-8cf9-4e57-9be3-47f141ff45bd is started using port 38913 for RATIS_SERVER
2022-10-08 01:31:25,144 [org.apache.ratis.util.JvmPauseMonitor$$Lambda$636/846962177@7f3ec1cb] INFO  util.JvmPauseMonitor (JvmPauseMonitor.java:run(103)) - JvmPauseMonitor-2a53bf39-8cf9-4e57-9be3-47f141ff45bd: Started
2022-10-08 01:31:25,155 [EndpointStateMachine task thread for /0.0.0.0:33145 - 0 ] INFO  server.XceiverServerGrpc (XceiverServerGrpc.java:start(180)) - XceiverServerGrpc 2a53bf39-8cf9-4e57-9be3-47f141ff45bd is started using port 39893
2022-10-08 01:31:25,302 [ReplicationMonitor] INFO  replication.ReplicationManager (ReplicationManager.java:processAll(291)) - Replication Manager is not ready to run until 3000ms after safemode exit
2022-10-08 01:31:25,696 [EndpointStateMachine task thread for /0.0.0.0:33145 - 0 ] INFO  volume.HddsVolume (HddsVolume.java:createDbStore(307)) - SchemaV3 db is created and loaded at /home/runner/work/ozone/ozone/hadoop-ozone/integration-test/target/test-dir/MiniOzoneClusterImpl-c72639db-50b4-484a-b3ab-3c380931c8c6/datanode-1/data-0/containers/hdds/c72639db-50b4-484a-b3ab-3c380931c8c6/DS-ae9dc2c7-ece1-4373-ae5c-73ecad9a1665/container.db for volume DS-ae9dc2c7-ece1-4373-ae5c-73ecad9a1665
2022-10-08 01:31:25,696 [EndpointStateMachine task thread for /0.0.0.0:33145 - 0 ] INFO  volume.HddsVolume (HddsVolume.java:closeDbStore(338)) - SchemaV3 db is stopped at /home/runner/work/ozone/ozone/hadoop-ozone/integration-test/target/test-dir/MiniOzoneClusterImpl-c72639db-50b4-484a-b3ab-3c380931c8c6/datanode-1/data-0/containers/hdds/c72639db-50b4-484a-b3ab-3c380931c8c6/DS-ae9dc2c7-ece1-4373-ae5c-73ecad9a1665/container.db for volume DS-ae9dc2c7-ece1-4373-ae5c-73ecad9a1665
2022-10-08 01:31:25,697 [EndpointStateMachine task thread for /0.0.0.0:33145 - 0 ] INFO  ozoneimpl.OzoneContainer (OzoneContainer.java:start(378)) - Attempting to start container services.
2022-10-08 01:31:25,697 [EndpointStateMachine task thread for /0.0.0.0:33145 - 0 ] INFO  ozoneimpl.OzoneContainer (OzoneContainer.java:startContainerScrub(313)) - Background container scanner has been disabled.
2022-10-08 01:31:25,698 [EndpointStateMachine task thread for /0.0.0.0:33145 - 0 ] INFO  replication.ReplicationServer (ReplicationServer.java:start(111)) - ReplicationServer is started using port 41143
2022-10-08 01:31:25,699 [EndpointStateMachine task thread for /0.0.0.0:33145 - 0 ] INFO  ratis.XceiverServerRatis (XceiverServerRatis.java:start(481)) - Starting XceiverServerRatis a36237c7-2fce-420b-94d1-439aa558db2d
2022-10-08 01:31:25,699 [Listener at 127.0.0.1/46853] INFO  ozone.MiniOzoneClusterImpl (MiniOzoneClusterImpl.java:lambda$waitForClusterToBeReady$0(216)) - Waiting for nodes to be ready. Got 0 of 5 DN Heartbeats.
2022-10-08 01:31:25,699 [Listener at 127.0.0.1/46853] INFO  ozone.MiniOzoneClusterImpl (MiniOzoneClusterImpl.java:lambda$waitForClusterToBeReady$0(219)) - Waiting for cluster to exit safe mode
2022-10-08 01:31:25,699 [Listener at 127.0.0.1/46853] INFO  ozone.MiniOzoneClusterImpl (MiniOzoneClusterImpl.java:lambda$waitForClusterToBeReady$0(221)) - SCM became leader
2022-10-08 01:31:25,700 [EndpointStateMachine task thread for /0.0.0.0:33145 - 0 ] INFO  server.RaftServer (RaftServerProxy.java:lambda$start$6(382)) - a36237c7-2fce-420b-94d1-439aa558db2d: start RPC server
2022-10-08 01:31:25,700 [EndpointStateMachine task thread for /0.0.0.0:33145 - 0 ] INFO  server.GrpcService (GrpcService.java:startImpl(260)) - a36237c7-2fce-420b-94d1-439aa558db2d: GrpcService started, listening on 41927
2022-10-08 01:31:25,701 [EndpointStateMachine task thread for /0.0.0.0:33145 - 0 ] INFO  ratis.XceiverServerRatis (XceiverServerRatis.java:getRealPort(502)) - XceiverServerRatis a36237c7-2fce-420b-94d1-439aa558db2d is started using port 41927 for RATIS
2022-10-08 01:31:25,701 [EndpointStateMachine task thread for /0.0.0.0:33145 - 0 ] INFO  ratis.XceiverServerRatis (XceiverServerRatis.java:getRealPort(502)) - XceiverServerRatis a36237c7-2fce-420b-94d1-439aa558db2d is started using port 41927 for RATIS_ADMIN
2022-10-08 01:31:25,701 [EndpointStateMachine task thread for /0.0.0.0:33145 - 0 ] INFO  ratis.XceiverServerRatis (XceiverServerRatis.java:getRealPort(502)) - XceiverServerRatis a36237c7-2fce-420b-94d1-439aa558db2d is started using port 41927 for RATIS_SERVER
2022-10-08 01:31:25,701 [org.apache.ratis.util.JvmPauseMonitor$$Lambda$636/846962177@27dd5610] INFO  util.JvmPauseMonitor (JvmPauseMonitor.java:run(103)) - JvmPauseMonitor-a36237c7-2fce-420b-94d1-439aa558db2d: Started
2022-10-08 01:31:25,702 [EndpointStateMachine task thread for /0.0.0.0:33145 - 0 ] INFO  server.XceiverServerGrpc (XceiverServerGrpc.java:start(180)) - XceiverServerGrpc a36237c7-2fce-420b-94d1-439aa558db2d is started using port 41021
2022-10-08 01:31:26,072 [EndpointStateMachine task thread for /0.0.0.0:33145 - 0 ] INFO  volume.HddsVolume (HddsVolume.java:createDbStore(307)) - SchemaV3 db is created and loaded at /home/runner/work/ozone/ozone/hadoop-ozone/integration-test/target/test-dir/MiniOzoneClusterImpl-c72639db-50b4-484a-b3ab-3c380931c8c6/datanode-2/data-0/containers/hdds/c72639db-50b4-484a-b3ab-3c380931c8c6/DS-d59aff20-7ef8-4b4a-b5c4-60d5c2d815c8/container.db for volume DS-d59aff20-7ef8-4b4a-b5c4-60d5c2d815c8
2022-10-08 01:31:26,073 [EndpointStateMachine task thread for /0.0.0.0:33145 - 0 ] INFO  volume.HddsVolume (HddsVolume.java:closeDbStore(338)) - SchemaV3 db is stopped at /home/runner/work/ozone/ozone/hadoop-ozone/integration-test/target/test-dir/MiniOzoneClusterImpl-c72639db-50b4-484a-b3ab-3c380931c8c6/datanode-2/data-0/containers/hdds/c72639db-50b4-484a-b3ab-3c380931c8c6/DS-d59aff20-7ef8-4b4a-b5c4-60d5c2d815c8/container.db for volume DS-d59aff20-7ef8-4b4a-b5c4-60d5c2d815c8
2022-10-08 01:31:26,073 [EndpointStateMachine task thread for /0.0.0.0:33145 - 0 ] INFO  ozoneimpl.OzoneContainer (OzoneContainer.java:start(378)) - Attempting to start container services.
2022-10-08 01:31:26,073 [EndpointStateMachine task thread for /0.0.0.0:33145 - 0 ] INFO  ozoneimpl.OzoneContainer (OzoneContainer.java:startContainerScrub(313)) - Background container scanner has been disabled.
2022-10-08 01:31:26,075 [EndpointStateMachine task thread for /0.0.0.0:33145 - 0 ] INFO  replication.ReplicationServer (ReplicationServer.java:start(111)) - ReplicationServer is started using port 46435
2022-10-08 01:31:26,075 [EndpointStateMachine task thread for /0.0.0.0:33145 - 0 ] INFO  ratis.XceiverServerRatis (XceiverServerRatis.java:start(481)) - Starting XceiverServerRatis 81ce38e7-b758-4bd0-b008-806a23107e8d
2022-10-08 01:31:26,076 [EndpointStateMachine task thread for /0.0.0.0:33145 - 0 ] INFO  server.RaftServer (RaftServerProxy.java:lambda$start$6(382)) - 81ce38e7-b758-4bd0-b008-806a23107e8d: start RPC server
2022-10-08 01:31:26,077 [EndpointStateMachine task thread for /0.0.0.0:33145 - 0 ] INFO  server.GrpcService (GrpcService.java:startImpl(260)) - 81ce38e7-b758-4bd0-b008-806a23107e8d: GrpcService started, listening on 36667
2022-10-08 01:31:26,077 [EndpointStateMachine task thread for /0.0.0.0:33145 - 0 ] INFO  ratis.XceiverServerRatis (XceiverServerRatis.java:getRealPort(502)) - XceiverServerRatis 81ce38e7-b758-4bd0-b008-806a23107e8d is started using port 36667 for RATIS
2022-10-08 01:31:26,077 [org.apache.ratis.util.JvmPauseMonitor$$Lambda$636/846962177@4ad88cea] INFO  util.JvmPauseMonitor (JvmPauseMonitor.java:run(103)) - JvmPauseMonitor-81ce38e7-b758-4bd0-b008-806a23107e8d: Started
2022-10-08 01:31:26,077 [EndpointStateMachine task thread for /0.0.0.0:33145 - 0 ] INFO  ratis.XceiverServerRatis (XceiverServerRatis.java:getRealPort(502)) - XceiverServerRatis 81ce38e7-b758-4bd0-b008-806a23107e8d is started using port 36667 for RATIS_ADMIN
2022-10-08 01:31:26,078 [EndpointStateMachine task thread for /0.0.0.0:33145 - 0 ] INFO  ratis.XceiverServerRatis (XceiverServerRatis.java:getRealPort(502)) - XceiverServerRatis 81ce38e7-b758-4bd0-b008-806a23107e8d is started using port 36667 for RATIS_SERVER
2022-10-08 01:31:26,080 [EndpointStateMachine task thread for /0.0.0.0:33145 - 0 ] INFO  server.XceiverServerGrpc (XceiverServerGrpc.java:start(180)) - XceiverServerGrpc 81ce38e7-b758-4bd0-b008-806a23107e8d is started using port 41229
2022-10-08 01:31:26,302 [ReplicationMonitor] INFO  replication.ReplicationManager (ReplicationManager.java:processAll(291)) - Replication Manager is not ready to run until 3000ms after safemode exit
2022-10-08 01:31:26,536 [EndpointStateMachine task thread for /0.0.0.0:33145 - 0 ] INFO  volume.HddsVolume (HddsVolume.java:createDbStore(307)) - SchemaV3 db is created and loaded at /home/runner/work/ozone/ozone/hadoop-ozone/integration-test/target/test-dir/MiniOzoneClusterImpl-c72639db-50b4-484a-b3ab-3c380931c8c6/datanode-3/data-0/containers/hdds/c72639db-50b4-484a-b3ab-3c380931c8c6/DS-0e4982d6-61ab-4a5e-b557-f82cf228f6c8/container.db for volume DS-0e4982d6-61ab-4a5e-b557-f82cf228f6c8
2022-10-08 01:31:26,537 [EndpointStateMachine task thread for /0.0.0.0:33145 - 0 ] INFO  volume.HddsVolume (HddsVolume.java:closeDbStore(338)) - SchemaV3 db is stopped at /home/runner/work/ozone/ozone/hadoop-ozone/integration-test/target/test-dir/MiniOzoneClusterImpl-c72639db-50b4-484a-b3ab-3c380931c8c6/datanode-3/data-0/containers/hdds/c72639db-50b4-484a-b3ab-3c380931c8c6/DS-0e4982d6-61ab-4a5e-b557-f82cf228f6c8/container.db for volume DS-0e4982d6-61ab-4a5e-b557-f82cf228f6c8
2022-10-08 01:31:26,537 [EndpointStateMachine task thread for /0.0.0.0:33145 - 0 ] INFO  ozoneimpl.OzoneContainer (OzoneContainer.java:start(378)) - Attempting to start container services.
2022-10-08 01:31:26,537 [EndpointStateMachine task thread for /0.0.0.0:33145 - 0 ] INFO  ozoneimpl.OzoneContainer (OzoneContainer.java:startContainerScrub(313)) - Background container scanner has been disabled.
2022-10-08 01:31:26,539 [EndpointStateMachine task thread for /0.0.0.0:33145 - 0 ] INFO  replication.ReplicationServer (ReplicationServer.java:start(111)) - ReplicationServer is started using port 38079
2022-10-08 01:31:26,540 [EndpointStateMachine task thread for /0.0.0.0:33145 - 0 ] INFO  ratis.XceiverServerRatis (XceiverServerRatis.java:start(481)) - Starting XceiverServerRatis a84413c3-fab5-4bb4-8251-7613d0a65916
2022-10-08 01:31:26,540 [EndpointStateMachine task thread for /0.0.0.0:33145 - 0 ] INFO  server.RaftServer (RaftServerProxy.java:lambda$start$6(382)) - a84413c3-fab5-4bb4-8251-7613d0a65916: start RPC server
2022-10-08 01:31:26,541 [EndpointStateMachine task thread for /0.0.0.0:33145 - 0 ] INFO  server.GrpcService (GrpcService.java:startImpl(260)) - a84413c3-fab5-4bb4-8251-7613d0a65916: GrpcService started, listening on 34151
2022-10-08 01:31:26,542 [EndpointStateMachine task thread for /0.0.0.0:33145 - 0 ] INFO  ratis.XceiverServerRatis (XceiverServerRatis.java:getRealPort(502)) - XceiverServerRatis a84413c3-fab5-4bb4-8251-7613d0a65916 is started using port 34151 for RATIS
2022-10-08 01:31:26,542 [org.apache.ratis.util.JvmPauseMonitor$$Lambda$636/846962177@53bfbecf] INFO  util.JvmPauseMonitor (JvmPauseMonitor.java:run(103)) - JvmPauseMonitor-a84413c3-fab5-4bb4-8251-7613d0a65916: Started
2022-10-08 01:31:26,542 [EndpointStateMachine task thread for /0.0.0.0:33145 - 0 ] INFO  ratis.XceiverServerRatis (XceiverServerRatis.java:getRealPort(502)) - XceiverServerRatis a84413c3-fab5-4bb4-8251-7613d0a65916 is started using port 34151 for RATIS_ADMIN
2022-10-08 01:31:26,542 [EndpointStateMachine task thread for /0.0.0.0:33145 - 0 ] INFO  ratis.XceiverServerRatis (XceiverServerRatis.java:getRealPort(502)) - XceiverServerRatis a84413c3-fab5-4bb4-8251-7613d0a65916 is started using port 34151 for RATIS_SERVER
2022-10-08 01:31:26,544 [EndpointStateMachine task thread for /0.0.0.0:33145 - 0 ] INFO  server.XceiverServerGrpc (XceiverServerGrpc.java:start(180)) - XceiverServerGrpc a84413c3-fab5-4bb4-8251-7613d0a65916 is started using port 33593
2022-10-08 01:31:26,700 [Listener at 127.0.0.1/46853] INFO  ozone.MiniOzoneClusterImpl (MiniOzoneClusterImpl.java:lambda$waitForClusterToBeReady$0(216)) - Waiting for nodes to be ready. Got 0 of 5 DN Heartbeats.
2022-10-08 01:31:26,700 [Listener at 127.0.0.1/46853] INFO  ozone.MiniOzoneClusterImpl (MiniOzoneClusterImpl.java:lambda$waitForClusterToBeReady$0(219)) - Waiting for cluster to exit safe mode
2022-10-08 01:31:26,700 [Listener at 127.0.0.1/46853] INFO  ozone.MiniOzoneClusterImpl (MiniOzoneClusterImpl.java:lambda$waitForClusterToBeReady$0(221)) - SCM became leader
2022-10-08 01:31:26,869 [EndpointStateMachine task thread for /0.0.0.0:33145 - 0 ] INFO  volume.HddsVolume (HddsVolume.java:createDbStore(307)) - SchemaV3 db is created and loaded at /home/runner/work/ozone/ozone/hadoop-ozone/integration-test/target/test-dir/MiniOzoneClusterImpl-c72639db-50b4-484a-b3ab-3c380931c8c6/datanode-4/data-0/containers/hdds/c72639db-50b4-484a-b3ab-3c380931c8c6/DS-71280e89-0e68-4830-ae55-1ead4211dcbe/container.db for volume DS-71280e89-0e68-4830-ae55-1ead4211dcbe
2022-10-08 01:31:26,870 [EndpointStateMachine task thread for /0.0.0.0:33145 - 0 ] INFO  volume.HddsVolume (HddsVolume.java:closeDbStore(338)) - SchemaV3 db is stopped at /home/runner/work/ozone/ozone/hadoop-ozone/integration-test/target/test-dir/MiniOzoneClusterImpl-c72639db-50b4-484a-b3ab-3c380931c8c6/datanode-4/data-0/containers/hdds/c72639db-50b4-484a-b3ab-3c380931c8c6/DS-71280e89-0e68-4830-ae55-1ead4211dcbe/container.db for volume DS-71280e89-0e68-4830-ae55-1ead4211dcbe
2022-10-08 01:31:26,870 [EndpointStateMachine task thread for /0.0.0.0:33145 - 0 ] INFO  ozoneimpl.OzoneContainer (OzoneContainer.java:start(378)) - Attempting to start container services.
2022-10-08 01:31:26,870 [EndpointStateMachine task thread for /0.0.0.0:33145 - 0 ] INFO  ozoneimpl.OzoneContainer (OzoneContainer.java:startContainerScrub(313)) - Background container scanner has been disabled.
2022-10-08 01:31:26,872 [EndpointStateMachine task thread for /0.0.0.0:33145 - 0 ] INFO  replication.ReplicationServer (ReplicationServer.java:start(111)) - ReplicationServer is started using port 37713
2022-10-08 01:31:26,872 [EndpointStateMachine task thread for /0.0.0.0:33145 - 0 ] INFO  ratis.XceiverServerRatis (XceiverServerRatis.java:start(481)) - Starting XceiverServerRatis f99fd778-4fae-463c-a039-423a4282d2af
2022-10-08 01:31:26,874 [EndpointStateMachine task thread for /0.0.0.0:33145 - 0 ] INFO  server.RaftServer (RaftServerProxy.java:lambda$start$6(382)) - f99fd778-4fae-463c-a039-423a4282d2af: start RPC server
2022-10-08 01:31:26,875 [EndpointStateMachine task thread for /0.0.0.0:33145 - 0 ] INFO  server.GrpcService (GrpcService.java:startImpl(260)) - f99fd778-4fae-463c-a039-423a4282d2af: GrpcService started, listening on 34781
2022-10-08 01:31:26,876 [EndpointStateMachine task thread for /0.0.0.0:33145 - 0 ] INFO  ratis.XceiverServerRatis (XceiverServerRatis.java:getRealPort(502)) - XceiverServerRatis f99fd778-4fae-463c-a039-423a4282d2af is started using port 34781 for RATIS
2022-10-08 01:31:26,876 [EndpointStateMachine task thread for /0.0.0.0:33145 - 0 ] INFO  ratis.XceiverServerRatis (XceiverServerRatis.java:getRealPort(502)) - XceiverServerRatis f99fd778-4fae-463c-a039-423a4282d2af is started using port 34781 for RATIS_ADMIN
2022-10-08 01:31:26,876 [EndpointStateMachine task thread for /0.0.0.0:33145 - 0 ] INFO  ratis.XceiverServerRatis (XceiverServerRatis.java:getRealPort(502)) - XceiverServerRatis f99fd778-4fae-463c-a039-423a4282d2af is started using port 34781 for RATIS_SERVER
2022-10-08 01:31:26,876 [org.apache.ratis.util.JvmPauseMonitor$$Lambda$636/846962177@11da4754] INFO  util.JvmPauseMonitor (JvmPauseMonitor.java:run(103)) - JvmPauseMonitor-f99fd778-4fae-463c-a039-423a4282d2af: Started
2022-10-08 01:31:26,881 [EndpointStateMachine task thread for /0.0.0.0:33145 - 0 ] INFO  server.XceiverServerGrpc (XceiverServerGrpc.java:start(180)) - XceiverServerGrpc f99fd778-4fae-463c-a039-423a4282d2af is started using port 42411
2022-10-08 01:31:26,928 [IPC Server handler 2 on default port 33145] INFO  net.NetworkTopologyImpl (NetworkTopologyImpl.java:add(112)) - Added a new node: /default-rack/2a53bf39-8cf9-4e57-9be3-47f141ff45bd
2022-10-08 01:31:26,930 [IPC Server handler 2 on default port 33145] INFO  node.SCMNodeManager (SCMNodeManager.java:register(397)) - Registered Data node : 2a53bf39-8cf9-4e57-9be3-47f141ff45bd{ip: 10.1.0.61, host: fv-az180-867.g3pwtgv4ffyuhaixmbmm0kyh3d.gx.internal.cloudapp.net, ports: [REPLICATION=38233, RATIS=38913, RATIS_ADMIN=38913, RATIS_SERVER=38913, STANDALONE=39893], networkLocation: /default-rack, certSerialId: null, persistedOpState: null, persistedOpStateExpiryEpochSec: 0}
2022-10-08 01:31:26,932 [EventQueue-NewNodeForNewNodeHandler] INFO  pipeline.BackgroundPipelineCreator (BackgroundPipelineCreator.java:notifyEventTriggered(276)) - trigger a one-shot run on RatisPipelineUtilsThread.
2022-10-08 01:31:26,933 [EventQueue-NodeRegistrationContainerReportForContainerSafeModeRule] INFO  safemode.SCMSafeModeManager (SCMSafeModeManager.java:validateSafeModeExitRules(204)) - ContainerSafeModeRule rule is successfully validated
2022-10-08 01:31:26,934 [EventQueue-NodeRegistrationContainerReportForDataNodeSafeModeRule] INFO  safemode.SCMSafeModeManager (DataNodeSafeModeRule.java:process(71)) - SCM in safe mode. 1 DataNodes registered, 3 required.
2022-10-08 01:31:26,938 [EventQueue-PipelineReportForOneReplicaPipelineSafeModeRule] INFO  safemode.SCMSafeModeManager (SCMSafeModeManager.java:validateSafeModeExitRules(204)) - AtleastOneDatanodeReportedRule rule is successfully validated
2022-10-08 01:31:26,939 [RatisPipelineUtilsThread - 0] INFO  pipeline.RatisPipelineProvider (RatisPipelineProvider.java:lambda$create$0(195)) - Sending CreatePipelineCommand for pipeline:PipelineID=8d134ffd-e3c1-4ef7-9cd8-975dac977ce9 to datanode:2a53bf39-8cf9-4e57-9be3-47f141ff45bd
2022-10-08 01:31:26,947 [RatisPipelineUtilsThread - 0] INFO  pipeline.PipelineStateManagerImpl (PipelineStateManagerImpl.java:addPipeline(103)) - Created pipeline Pipeline[ Id: 8d134ffd-e3c1-4ef7-9cd8-975dac977ce9, Nodes: 2a53bf39-8cf9-4e57-9be3-47f141ff45bd{ip: 10.1.0.61, host: fv-az180-867.g3pwtgv4ffyuhaixmbmm0kyh3d.gx.internal.cloudapp.net, ports: [REPLICATION=38233, RATIS=38913, RATIS_ADMIN=38913, RATIS_SERVER=38913, STANDALONE=39893], networkLocation: /default-rack, certSerialId: null, persistedOpState: IN_SERVICE, persistedOpStateExpiryEpochSec: 0}, ReplicationConfig: RATIS/ONE, State:ALLOCATED, leaderId:, CreationTimestamp2022-10-08T01:31:26.939Z[Etc/UTC]].
2022-10-08 01:31:27,303 [ReplicationMonitor] INFO  replication.ReplicationManager (ReplicationManager.java:processAll(291)) - Replication Manager is not ready to run until 3000ms after safemode exit
2022-10-08 01:31:27,530 [IPC Server handler 1 on default port 33145] INFO  net.NetworkTopologyImpl (NetworkTopologyImpl.java:add(112)) - Added a new node: /default-rack/a36237c7-2fce-420b-94d1-439aa558db2d
2022-10-08 01:31:27,531 [IPC Server handler 1 on default port 33145] INFO  node.SCMNodeManager (SCMNodeManager.java:register(397)) - Registered Data node : a36237c7-2fce-420b-94d1-439aa558db2d{ip: 10.1.0.61, host: fv-az180-867.g3pwtgv4ffyuhaixmbmm0kyh3d.gx.internal.cloudapp.net, ports: [REPLICATION=41143, RATIS=41927, RATIS_ADMIN=41927, RATIS_SERVER=41927, STANDALONE=41021], networkLocation: /default-rack, certSerialId: null, persistedOpState: null, persistedOpStateExpiryEpochSec: 0}
2022-10-08 01:31:27,532 [EventQueue-NewNodeForNewNodeHandler] INFO  pipeline.BackgroundPipelineCreator (BackgroundPipelineCreator.java:notifyEventTriggered(276)) - trigger a one-shot run on RatisPipelineUtilsThread.
2022-10-08 01:31:27,532 [EventQueue-NodeRegistrationContainerReportForDataNodeSafeModeRule] INFO  safemode.SCMSafeModeManager (DataNodeSafeModeRule.java:process(71)) - SCM in safe mode. 2 DataNodes registered, 3 required.
2022-10-08 01:31:27,533 [RatisPipelineUtilsThread - 0] INFO  pipeline.RatisPipelineProvider (RatisPipelineProvider.java:lambda$create$0(195)) - Sending CreatePipelineCommand for pipeline:PipelineID=4a9dec9a-ccbd-402c-a54d-a8d86c891430 to datanode:a36237c7-2fce-420b-94d1-439aa558db2d
2022-10-08 01:31:27,534 [RatisPipelineUtilsThread - 0] INFO  pipeline.PipelineStateManagerImpl (PipelineStateManagerImpl.java:addPipeline(103)) - Created pipeline Pipeline[ Id: 4a9dec9a-ccbd-402c-a54d-a8d86c891430, Nodes: a36237c7-2fce-420b-94d1-439aa558db2d{ip: 10.1.0.61, host: fv-az180-867.g3pwtgv4ffyuhaixmbmm0kyh3d.gx.internal.cloudapp.net, ports: [REPLICATION=41143, RATIS=41927, RATIS_ADMIN=41927, RATIS_SERVER=41927, STANDALONE=41021], networkLocation: /default-rack, certSerialId: null, persistedOpState: IN_SERVICE, persistedOpStateExpiryEpochSec: 0}, ReplicationConfig: RATIS/ONE, State:ALLOCATED, leaderId:, CreationTimestamp2022-10-08T01:31:27.533Z[Etc/UTC]].
2022-10-08 01:31:27,700 [Listener at 127.0.0.1/46853] INFO  ozone.MiniOzoneClusterImpl (MiniOzoneClusterImpl.java:lambda$waitForClusterToBeReady$0(216)) - Waiting for nodes to be ready. Got 2 of 5 DN Heartbeats.
2022-10-08 01:31:27,700 [Listener at 127.0.0.1/46853] INFO  ozone.MiniOzoneClusterImpl (MiniOzoneClusterImpl.java:lambda$waitForClusterToBeReady$0(219)) - Waiting for cluster to exit safe mode
2022-10-08 01:31:27,700 [Listener at 127.0.0.1/46853] INFO  ozone.MiniOzoneClusterImpl (MiniOzoneClusterImpl.java:lambda$waitForClusterToBeReady$0(221)) - SCM became leader
2022-10-08 01:31:27,906 [IPC Server handler 2 on default port 33145] INFO  net.NetworkTopologyImpl (NetworkTopologyImpl.java:add(112)) - Added a new node: /default-rack/81ce38e7-b758-4bd0-b008-806a23107e8d
2022-10-08 01:31:27,907 [IPC Server handler 2 on default port 33145] INFO  node.SCMNodeManager (SCMNodeManager.java:register(397)) - Registered Data node : 81ce38e7-b758-4bd0-b008-806a23107e8d{ip: 10.1.0.61, host: fv-az180-867.g3pwtgv4ffyuhaixmbmm0kyh3d.gx.internal.cloudapp.net, ports: [REPLICATION=46435, RATIS=36667, RATIS_ADMIN=36667, RATIS_SERVER=36667, STANDALONE=41229], networkLocation: /default-rack, certSerialId: null, persistedOpState: null, persistedOpStateExpiryEpochSec: 0}
2022-10-08 01:31:27,907 [EventQueue-NewNodeForNewNodeHandler] INFO  pipeline.BackgroundPipelineCreator (BackgroundPipelineCreator.java:notifyEventTriggered(276)) - trigger a one-shot run on RatisPipelineUtilsThread.
2022-10-08 01:31:27,907 [EventQueue-NodeRegistrationContainerReportForDataNodeSafeModeRule] INFO  safemode.SCMSafeModeManager (DataNodeSafeModeRule.java:process(71)) - SCM in safe mode. 3 DataNodes registered, 3 required.
2022-10-08 01:31:27,907 [EventQueue-NodeRegistrationContainerReportForDataNodeSafeModeRule] INFO  safemode.SCMSafeModeManager (SCMSafeModeManager.java:validateSafeModeExitRules(204)) - DataNodeSafeModeRule rule is successfully validated
2022-10-08 01:31:27,907 [EventQueue-NodeRegistrationContainerReportForDataNodeSafeModeRule] INFO  safemode.SCMSafeModeManager (SCMSafeModeManager.java:completePreCheck(233)) - All SCM safe mode pre check rules have passed
2022-10-08 01:31:27,907 [EventQueue-NodeRegistrationContainerReportForDataNodeSafeModeRule] WARN  events.EventQueue (EventQueue.java:fireEvent(216)) - No event handler registered for event TypedEvent{payloadType=SafeModeStatus, name='Safe mode status'}
2022-10-08 01:31:27,907 [EventQueue-NodeRegistrationContainerReportForDataNodeSafeModeRule] INFO  ha.SCMContext (SCMContext.java:updateSafeModeStatus(228)) - Update SafeModeStatus from SafeModeStatus{safeModeStatus=true, preCheckPassed=false} to SafeModeStatus{safeModeStatus=true, preCheckPassed=true}.
2022-10-08 01:31:27,907 [EventQueue-NodeRegistrationContainerReportForDataNodeSafeModeRule] INFO  pipeline.BackgroundPipelineCreator (BackgroundPipelineCreator.java:notifyEventTriggered(276)) - trigger a one-shot run on RatisPipelineUtilsThread.
2022-10-08 01:31:27,908 [RatisPipelineUtilsThread - 0] INFO  pipeline.RatisPipelineProvider (RatisPipelineProvider.java:lambda$create$0(195)) - Sending CreatePipelineCommand for pipeline:PipelineID=666bd1c7-3c83-4c38-a9f8-87763699cc80 to datanode:81ce38e7-b758-4bd0-b008-806a23107e8d
2022-10-08 01:31:27,908 [RatisPipelineUtilsThread - 0] INFO  pipeline.PipelineStateManagerImpl (PipelineStateManagerImpl.java:addPipeline(103)) - Created pipeline Pipeline[ Id: 666bd1c7-3c83-4c38-a9f8-87763699cc80, Nodes: 81ce38e7-b758-4bd0-b008-806a23107e8d{ip: 10.1.0.61, host: fv-az180-867.g3pwtgv4ffyuhaixmbmm0kyh3d.gx.internal.cloudapp.net, ports: [REPLICATION=46435, RATIS=36667, RATIS_ADMIN=36667, RATIS_SERVER=36667, STANDALONE=41229], networkLocation: /default-rack, certSerialId: null, persistedOpState: IN_SERVICE, persistedOpStateExpiryEpochSec: 0}, ReplicationConfig: RATIS/ONE, State:ALLOCATED, leaderId:, CreationTimestamp2022-10-08T01:31:27.908Z[Etc/UTC]].
2022-10-08 01:31:27,911 [RatisPipelineUtilsThread - 0] INFO  pipeline.RatisPipelineProvider (RatisPipelineProvider.java:lambda$create$0(195)) - Sending CreatePipelineCommand for pipeline:PipelineID=e15aead0-6d2d-4584-81f4-aa94085c93a7 to datanode:2a53bf39-8cf9-4e57-9be3-47f141ff45bd
2022-10-08 01:31:27,911 [RatisPipelineUtilsThread - 0] INFO  pipeline.RatisPipelineProvider (RatisPipelineProvider.java:lambda$create$0(195)) - Sending CreatePipelineCommand for pipeline:PipelineID=e15aead0-6d2d-4584-81f4-aa94085c93a7 to datanode:a36237c7-2fce-420b-94d1-439aa558db2d
2022-10-08 01:31:27,911 [RatisPipelineUtilsThread - 0] INFO  pipeline.RatisPipelineProvider (RatisPipelineProvider.java:lambda$create$0(195)) - Sending CreatePipelineCommand for pipeline:PipelineID=e15aead0-6d2d-4584-81f4-aa94085c93a7 to datanode:81ce38e7-b758-4bd0-b008-806a23107e8d
2022-10-08 01:31:27,912 [RatisPipelineUtilsThread - 0] INFO  pipeline.PipelineStateManagerImpl (PipelineStateManagerImpl.java:addPipeline(103)) - Created pipeline Pipeline[ Id: e15aead0-6d2d-4584-81f4-aa94085c93a7, Nodes: 2a53bf39-8cf9-4e57-9be3-47f141ff45bd{ip: 10.1.0.61, host: fv-az180-867.g3pwtgv4ffyuhaixmbmm0kyh3d.gx.internal.cloudapp.net, ports: [REPLICATION=38233, RATIS=38913, RATIS_ADMIN=38913, RATIS_SERVER=38913, STANDALONE=39893], networkLocation: /default-rack, certSerialId: null, persistedOpState: IN_SERVICE, persistedOpStateExpiryEpochSec: 0}a36237c7-2fce-420b-94d1-439aa558db2d{ip: 10.1.0.61, host: fv-az180-867.g3pwtgv4ffyuhaixmbmm0kyh3d.gx.internal.cloudapp.net, ports: [REPLICATION=41143, RATIS=41927, RATIS_ADMIN=41927, RATIS_SERVER=41927, STANDALONE=41021], networkLocation: /default-rack, certSerialId: null, persistedOpState: IN_SERVICE, persistedOpStateExpiryEpochSec: 0}81ce38e7-b758-4bd0-b008-806a23107e8d{ip: 10.1.0.61, host: fv-az180-867.g3pwtgv4ffyuhaixmbmm0kyh3d.gx.internal.cloudapp.net, ports: [REPLICATION=46435, RATIS=36667, RATIS_ADMIN=36667, RATIS_SERVER=36667, STANDALONE=41229], networkLocation: /default-rack, certSerialId: null, persistedOpState: IN_SERVICE, persistedOpStateExpiryEpochSec: 0}, ReplicationConfig: RATIS/THREE, State:ALLOCATED, leaderId:, CreationTimestamp2022-10-08T01:31:27.911Z[Etc/UTC]].
2022-10-08 01:31:28,303 [ReplicationMonitor] INFO  replication.ReplicationManager (ReplicationManager.java:processAll(291)) - Replication Manager is not ready to run until 3000ms after safemode exit
2022-10-08 01:31:28,378 [IPC Server handler 0 on default port 33145] INFO  net.NetworkTopologyImpl (NetworkTopologyImpl.java:add(112)) - Added a new node: /default-rack/a84413c3-fab5-4bb4-8251-7613d0a65916
2022-10-08 01:31:28,378 [IPC Server handler 0 on default port 33145] INFO  node.SCMNodeManager (SCMNodeManager.java:register(397)) - Registered Data node : a84413c3-fab5-4bb4-8251-7613d0a65916{ip: 10.1.0.61, host: fv-az180-867.g3pwtgv4ffyuhaixmbmm0kyh3d.gx.internal.cloudapp.net, ports: [REPLICATION=38079, RATIS=34151, RATIS_ADMIN=34151, RATIS_SERVER=34151, STANDALONE=33593], networkLocation: /default-rack, certSerialId: null, persistedOpState: null, persistedOpStateExpiryEpochSec: 0}
2022-10-08 01:31:28,379 [EventQueue-NewNodeForNewNodeHandler] INFO  pipeline.BackgroundPipelineCreator (BackgroundPipelineCreator.java:notifyEventTriggered(276)) - trigger a one-shot run on RatisPipelineUtilsThread.
2022-10-08 01:31:28,379 [RatisPipelineUtilsThread - 0] INFO  pipeline.RatisPipelineProvider (RatisPipelineProvider.java:lambda$create$0(195)) - Sending CreatePipelineCommand for pipeline:PipelineID=02a84043-ca47-4f85-b860-727398853f70 to datanode:a84413c3-fab5-4bb4-8251-7613d0a65916
2022-10-08 01:31:28,380 [RatisPipelineUtilsThread - 0] INFO  pipeline.PipelineStateManagerImpl (PipelineStateManagerImpl.java:addPipeline(103)) - Created pipeline Pipeline[ Id: 02a84043-ca47-4f85-b860-727398853f70, Nodes: a84413c3-fab5-4bb4-8251-7613d0a65916{ip: 10.1.0.61, host: fv-az180-867.g3pwtgv4ffyuhaixmbmm0kyh3d.gx.internal.cloudapp.net, ports: [REPLICATION=38079, RATIS=34151, RATIS_ADMIN=34151, RATIS_SERVER=34151, STANDALONE=33593], networkLocation: /default-rack, certSerialId: null, persistedOpState: IN_SERVICE, persistedOpStateExpiryEpochSec: 0}, ReplicationConfig: RATIS/ONE, State:ALLOCATED, leaderId:, CreationTimestamp2022-10-08T01:31:28.379Z[Etc/UTC]].
2022-10-08 01:31:28,700 [Listener at 127.0.0.1/46853] INFO  ozone.MiniOzoneClusterImpl (MiniOzoneClusterImpl.java:lambda$waitForClusterToBeReady$0(216)) - Waiting for nodes to be ready. Got 4 of 5 DN Heartbeats.
2022-10-08 01:31:28,701 [Listener at 127.0.0.1/46853] INFO  ozone.MiniOzoneClusterImpl (MiniOzoneClusterImpl.java:lambda$waitForClusterToBeReady$0(219)) - Waiting for cluster to exit safe mode
2022-10-08 01:31:28,701 [Listener at 127.0.0.1/46853] INFO  ozone.MiniOzoneClusterImpl (MiniOzoneClusterImpl.java:lambda$waitForClusterToBeReady$0(221)) - SCM became leader
2022-10-08 01:31:28,710 [IPC Server handler 2 on default port 33145] INFO  net.NetworkTopologyImpl (NetworkTopologyImpl.java:add(112)) - Added a new node: /default-rack/f99fd778-4fae-463c-a039-423a4282d2af
2022-10-08 01:31:28,711 [IPC Server handler 2 on default port 33145] INFO  node.SCMNodeManager (SCMNodeManager.java:register(397)) - Registered Data node : f99fd778-4fae-463c-a039-423a4282d2af{ip: 10.1.0.61, host: fv-az180-867.g3pwtgv4ffyuhaixmbmm0kyh3d.gx.internal.cloudapp.net, ports: [REPLICATION=37713, RATIS=34781, RATIS_ADMIN=34781, RATIS_SERVER=34781, STANDALONE=42411], networkLocation: /default-rack, certSerialId: null, persistedOpState: null, persistedOpStateExpiryEpochSec: 0}
2022-10-08 01:31:28,711 [EventQueue-NewNodeForNewNodeHandler] INFO  pipeline.BackgroundPipelineCreator (BackgroundPipelineCreator.java:notifyEventTriggered(276)) - trigger a one-shot run on RatisPipelineUtilsThread.
2022-10-08 01:31:28,712 [RatisPipelineUtilsThread - 0] INFO  pipeline.RatisPipelineProvider (RatisPipelineProvider.java:lambda$create$0(195)) - Sending CreatePipelineCommand for pipeline:PipelineID=af0fd773-85c7-458c-873e-19e3af023a0f to datanode:f99fd778-4fae-463c-a039-423a4282d2af
2022-10-08 01:31:28,713 [RatisPipelineUtilsThread - 0] INFO  pipeline.PipelineStateManagerImpl (PipelineStateManagerImpl.java:addPipeline(103)) - Created pipeline Pipeline[ Id: af0fd773-85c7-458c-873e-19e3af023a0f, Nodes: f99fd778-4fae-463c-a039-423a4282d2af{ip: 10.1.0.61, host: fv-az180-867.g3pwtgv4ffyuhaixmbmm0kyh3d.gx.internal.cloudapp.net, ports: [REPLICATION=37713, RATIS=34781, RATIS_ADMIN=34781, RATIS_SERVER=34781, STANDALONE=42411], networkLocation: /default-rack, certSerialId: null, persistedOpState: IN_SERVICE, persistedOpStateExpiryEpochSec: 0}, ReplicationConfig: RATIS/ONE, State:ALLOCATED, leaderId:, CreationTimestamp2022-10-08T01:31:28.712Z[Etc/UTC]].
2022-10-08 01:31:29,304 [ReplicationMonitor] INFO  replication.ReplicationManager (ReplicationManager.java:processAll(291)) - Replication Manager is not ready to run until 3000ms after safemode exit
2022-10-08 01:31:29,701 [Listener at 127.0.0.1/46853] INFO  ozone.MiniOzoneClusterImpl (MiniOzoneClusterImpl.java:lambda$waitForClusterToBeReady$0(216)) - Nodes are ready. Got 5 of 5 DN Heartbeats.
2022-10-08 01:31:29,702 [Listener at 127.0.0.1/46853] INFO  ozone.MiniOzoneClusterImpl (MiniOzoneClusterImpl.java:lambda$waitForClusterToBeReady$0(219)) - Waiting for cluster to exit safe mode
2022-10-08 01:31:29,702 [Listener at 127.0.0.1/46853] INFO  ozone.MiniOzoneClusterImpl (MiniOzoneClusterImpl.java:lambda$waitForClusterToBeReady$0(221)) - SCM became leader
2022-10-08 01:31:29,938 [Command processor thread] INFO  server.RaftServer (RaftServerProxy.java:addNew(96)) - 2a53bf39-8cf9-4e57-9be3-47f141ff45bd: addNew group-975DAC977CE9:[2a53bf39-8cf9-4e57-9be3-47f141ff45bd|rpc:10.1.0.61:38913|priority:1] returns group-975DAC977CE9:java.util.concurrent.CompletableFuture@67b8b199[Not completed]
2022-10-08 01:31:29,945 [pool-72-thread-1] INFO  server.RaftServer$Division (RaftServerImpl.java:<init>(190)) - 2a53bf39-8cf9-4e57-9be3-47f141ff45bd: new RaftServerImpl for group-975DAC977CE9:[2a53bf39-8cf9-4e57-9be3-47f141ff45bd|rpc:10.1.0.61:38913|priority:1] with ContainerStateMachine:uninitialized
2022-10-08 01:31:29,945 [pool-72-thread-1] INFO  server.RaftServerConfigKeys (ConfUtils.java:logGet(46)) - raft.server.rpc.timeout.min = 5s (custom)
2022-10-08 01:31:29,945 [pool-72-thread-1] INFO  server.RaftServerConfigKeys (ConfUtils.java:logGet(46)) - raft.server.rpc.timeout.max = 5200ms (custom)
2022-10-08 01:31:29,945 [pool-72-thread-1] INFO  server.RaftServerConfigKeys (ConfUtils.java:logGet(46)) - raft.server.rpc.sleep.time = 25ms (default)
2022-10-08 01:31:29,945 [pool-72-thread-1] INFO  server.RaftServerConfigKeys (ConfUtils.java:logGet(46)) - raft.server.rpc.slowness.timeout = 300s (custom)
2022-10-08 01:31:29,945 [pool-72-thread-1] INFO  server.RaftServerConfigKeys (ConfUtils.java:logGet(46)) - raft.server.leaderelection.leader.step-down.wait-time = 10s (default)
2022-10-08 01:31:29,945 [pool-72-thread-1] INFO  server.RaftServerConfigKeys (ConfUtils.java:logGet(46)) - raft.server.sleep.deviation.threshold = 300ms (default)
2022-10-08 01:31:29,945 [pool-72-thread-1] INFO  server.RaftServer$Division (ServerState.java:<init>(107)) - 2a53bf39-8cf9-4e57-9be3-47f141ff45bd@group-975DAC977CE9: ConfigurationManager, init=-1: [2a53bf39-8cf9-4e57-9be3-47f141ff45bd|rpc:10.1.0.61:38913|priority:1], old=null, confs=<EMPTY_MAP>
2022-10-08 01:31:29,945 [pool-72-thread-1] INFO  server.RaftServerConfigKeys (ConfUtils.java:logGet(46)) - raft.server.storage.dir = [/home/runner/work/ozone/ozone/hadoop-ozone/integration-test/target/test-dir/MiniOzoneClusterImpl-c72639db-50b4-484a-b3ab-3c380931c8c6/datanode-0/data/ratis] (custom)
2022-10-08 01:31:29,946 [pool-72-thread-1] INFO  server.RaftServerConfigKeys (ConfUtils.java:logGet(46)) - raft.server.log.corruption.policy = EXCEPTION (default)
2022-10-08 01:31:29,946 [pool-72-thread-1] INFO  server.RaftServerConfigKeys (ConfUtils.java:logGet(46)) - raft.server.storage.free-space.min = 0MB (=0) (default)
2022-10-08 01:31:29,946 [pool-72-thread-1] INFO  storage.RaftStorageDirectory (RaftStorageDirectoryImpl.java:analyzeStorage(135)) - The storage directory /home/runner/work/ozone/ozone/hadoop-ozone/integration-test/target/test-dir/MiniOzoneClusterImpl-c72639db-50b4-484a-b3ab-3c380931c8c6/datanode-0/data/ratis/8d134ffd-e3c1-4ef7-9cd8-975dac977ce9 does not exist. Creating ...
2022-10-08 01:31:29,953 [pool-72-thread-1] INFO  storage.RaftStorageDirectory (RaftStorageDirectoryImpl.java:tryLock(230)) - Lock on /home/runner/work/ozone/ozone/hadoop-ozone/integration-test/target/test-dir/MiniOzoneClusterImpl-c72639db-50b4-484a-b3ab-3c380931c8c6/datanode-0/data/ratis/8d134ffd-e3c1-4ef7-9cd8-975dac977ce9/in_use.lock acquired by nodename 52807@fv-az180-867
2022-10-08 01:31:29,961 [pool-72-thread-1] INFO  storage.RaftStorage (RaftStorageImpl.java:format(89)) - Storage directory /home/runner/work/ozone/ozone/hadoop-ozone/integration-test/target/test-dir/MiniOzoneClusterImpl-c72639db-50b4-484a-b3ab-3c380931c8c6/datanode-0/data/ratis/8d134ffd-e3c1-4ef7-9cd8-975dac977ce9 has been successfully formatted.
2022-10-08 01:31:29,964 [pool-72-thread-1] INFO  ratis.ContainerStateMachine (ContainerStateMachine.java:loadSnapshot(236)) - group-975DAC977CE9: The snapshot info is null. Setting the last applied indexto:(t:0, i:~)
2022-10-08 01:31:29,966 [pool-72-thread-1] INFO  server.RaftServerConfigKeys (ConfUtils.java:logGet(46)) - raft.server.notification.no-leader.timeout = 300s (custom)
2022-10-08 01:31:29,966 [pool-72-thread-1] INFO  server.RaftServerConfigKeys (ConfUtils.java:logGet(46)) - raft.server.log.use.memory = false (default)
2022-10-08 01:31:29,967 [pool-72-thread-1] INFO  server.RaftServerConfigKeys (ConfUtils.java:logGet(46)) - raft.server.log.purge.gap = 1000000 (custom)
2022-10-08 01:31:29,967 [pool-72-thread-1] INFO  server.RaftServerConfigKeys (ConfUtils.java:logGet(46)) - raft.server.log.appender.buffer.byte-limit = 33554432 (custom)
2022-10-08 01:31:29,967 [pool-72-thread-1] INFO  server.RaftServerConfigKeys (ConfUtils.java:logGet(46)) - raft.server.log.statemachine.data.read.timeout = 1000ms (default)
2022-10-08 01:31:29,969 [pool-72-thread-1] INFO  server.RaftServerConfigKeys (ConfUtils.java:logGet(46)) - raft.server.log.segment.size.max = 1048576 (custom)
2022-10-08 01:31:29,980 [EventQueue-PipelineReportForPipelineReportHandler] INFO  pipeline.PipelineManagerImpl (PipelineManagerImpl.java:openPipeline(367)) - Pipeline Pipeline[ Id: 8d134ffd-e3c1-4ef7-9cd8-975dac977ce9, Nodes: 2a53bf39-8cf9-4e57-9be3-47f141ff45bd{ip: 10.1.0.61, host: fv-az180-867.g3pwtgv4ffyuhaixmbmm0kyh3d.gx.internal.cloudapp.net, ports: [REPLICATION=38233, RATIS=38913, RATIS_ADMIN=38913, RATIS_SERVER=38913, STANDALONE=39893], networkLocation: /default-rack, certSerialId: null, persistedOpState: IN_SERVICE, persistedOpStateExpiryEpochSec: 0}, ReplicationConfig: RATIS/ONE, State:ALLOCATED, leaderId:2a53bf39-8cf9-4e57-9be3-47f141ff45bd, CreationTimestamp2022-10-08T01:31:26.939Z[Etc/UTC]] moved to OPEN state
2022-10-08 01:31:29,981 [pool-72-thread-1] INFO  server.RaftServerConfigKeys (ConfUtils.java:logGet(46)) - raft.server.log.segment.cache.num.max = 2 (custom)
2022-10-08 01:31:29,981 [pool-72-thread-1] INFO  server.RaftServerConfigKeys (ConfUtils.java:logGet(46)) - raft.server.log.segment.cache.size.max = 200MB (=209715200) (default)
2022-10-08 01:31:29,981 [pool-72-thread-1] INFO  segmented.SegmentedRaftLogWorker (SegmentedRaftLogWorker.java:<init>(187)) - new 2a53bf39-8cf9-4e57-9be3-47f141ff45bd@group-975DAC977CE9-SegmentedRaftLogWorker for RaftStorageImpl:Storage Directory /home/runner/work/ozone/ozone/hadoop-ozone/integration-test/target/test-dir/MiniOzoneClusterImpl-c72639db-50b4-484a-b3ab-3c380931c8c6/datanode-0/data/ratis/8d134ffd-e3c1-4ef7-9cd8-975dac977ce9
2022-10-08 01:31:29,981 [pool-72-thread-1] INFO  server.RaftServerConfigKeys (ConfUtils.java:logGet(46)) - raft.server.log.queue.byte-limit = 4294967296 (custom)
2022-10-08 01:31:29,981 [pool-72-thread-1] INFO  server.RaftServerConfigKeys (ConfUtils.java:logGet(46)) - raft.server.log.queue.element-limit = 1024 (custom)
2022-10-08 01:31:29,981 [pool-72-thread-1] INFO  server.RaftServerConfigKeys (ConfUtils.java:logGet(46)) - raft.server.log.segment.size.max = 1048576 (custom)
2022-10-08 01:31:29,981 [pool-72-thread-1] INFO  server.RaftServerConfigKeys (ConfUtils.java:logGet(46)) - raft.server.log.preallocated.size = 16384 (custom)
2022-10-08 01:31:29,982 [pool-72-thread-1] INFO  server.RaftServerConfigKeys (ConfUtils.java:logGet(46)) - raft.server.log.force.sync.num = 128 (default)
2022-10-08 01:31:29,982 [pool-72-thread-1] INFO  server.RaftServerConfigKeys (ConfUtils.java:logGet(46)) - raft.server.log.statemachine.data.sync = true (default)
2022-10-08 01:31:29,982 [pool-72-thread-1] INFO  server.RaftServerConfigKeys (ConfUtils.java:logGet(46)) - raft.server.log.statemachine.data.sync.timeout = 10s (default)
2022-10-08 01:31:29,982 [pool-72-thread-1] INFO  server.RaftServerConfigKeys (ConfUtils.java:logGet(46)) - raft.server.log.statemachine.data.sync.timeout.retry = -1 (default)
2022-10-08 01:31:29,984 [pool-72-thread-1] INFO  server.RaftServerConfigKeys (ConfUtils.java:logGet(46)) - raft.server.log.write.buffer.size = 1048576 (custom)
2022-10-08 01:31:29,984 [pool-72-thread-1] INFO  server.RaftServerConfigKeys (ConfUtils.java:logGet(46)) - raft.server.log.unsafe-flush.enabled = false (default)
2022-10-08 01:31:29,984 [pool-72-thread-1] INFO  server.RaftServerConfigKeys (ConfUtils.java:logGet(46)) - raft.server.log.statemachine.data.caching.enabled = true (custom)
2022-10-08 01:31:29,985 [pool-72-thread-1] INFO  segmented.SegmentedRaftLogWorker (SegmentedRaftLogWorker.java:lambda$new$0(135)) - 2a53bf39-8cf9-4e57-9be3-47f141ff45bd@group-975DAC977CE9-SegmentedRaftLogWorker: flushIndex: setUnconditionally 0 -> -1
2022-10-08 01:31:29,985 [pool-72-thread-1] INFO  segmented.SegmentedRaftLogWorker (SegmentedRaftLogWorker.java:lambda$new$0(135)) - 2a53bf39-8cf9-4e57-9be3-47f141ff45bd@group-975DAC977CE9-SegmentedRaftLogWorker: safeCacheEvictIndex: setUnconditionally 0 -> -1
2022-10-08 01:31:29,986 [EventQueue-OpenPipelineForHealthyPipelineSafeModeRule] INFO  safemode.SCMSafeModeManager (HealthyPipelineSafeModeRule.java:process(137)) - SCM in safe mode. Healthy pipelines reported count is 0, required healthy pipeline reported count is 1
2022-10-08 01:31:29,988 [pool-72-thread-1] INFO  server.RaftServerConfigKeys (ConfUtils.java:logGet(46)) - raft.server.snapshot.auto.trigger.enabled = true (custom)
2022-10-08 01:31:29,988 [pool-72-thread-1] INFO  server.RaftServerConfigKeys (ConfUtils.java:logGet(46)) - raft.server.snapshot.auto.trigger.threshold = 10000 (custom)
2022-10-08 01:31:29,988 [pool-72-thread-1] INFO  server.RaftServerConfigKeys (ConfUtils.java:logGet(46)) - raft.server.snapshot.retention.file.num = 5 (custom)
2022-10-08 01:31:29,988 [pool-72-thread-1] INFO  server.RaftServerConfigKeys (ConfUtils.java:logGet(46)) - raft.server.log.purge.upto.snapshot.index = false (default)
2022-10-08 01:31:29,989 [pool-72-thread-1] INFO  server.RaftServerConfigKeys (ConfUtils.java:logGet(46)) - raft.server.retrycache.expirytime = 600000ms (custom)
2022-10-08 01:31:29,989 [pool-72-thread-1] INFO  server.RaftServerConfigKeys (ConfUtils.java:logGet(46)) - raft.server.retrycache.statistics.expirytime = 100μs (default)
2022-10-08 01:31:29,992 [pool-72-thread-1] INFO  server.RaftServerConfigKeys (ConfUtils.java:logGet(46)) - raft.server.log.appender.install.snapshot.enabled = false (custom)
2022-10-08 01:31:29,992 [pool-72-thread-1] INFO  server.RaftServerConfigKeys (ConfUtils.java:logGet(46)) - raft.server.threadpool.server.cached = true (default)
2022-10-08 01:31:29,992 [pool-72-thread-1] INFO  server.RaftServerConfigKeys (ConfUtils.java:logGet(46)) - raft.server.threadpool.server.size = 0 (default)
2022-10-08 01:31:29,992 [pool-72-thread-1] INFO  server.RaftServerConfigKeys (ConfUtils.java:logGet(46)) - raft.server.threadpool.client.cached = true (default)
2022-10-08 01:31:29,992 [pool-72-thread-1] INFO  server.RaftServerConfigKeys (ConfUtils.java:logGet(46)) - raft.server.threadpool.client.size = 0 (default)
2022-10-08 01:31:29,992 [pool-72-thread-1] INFO  server.RaftServer$Division (RaftServerImpl.java:start(310)) - 2a53bf39-8cf9-4e57-9be3-47f141ff45bd@group-975DAC977CE9: start as a follower, conf=-1: [2a53bf39-8cf9-4e57-9be3-47f141ff45bd|rpc:10.1.0.61:38913|priority:1], old=null
2022-10-08 01:31:29,993 [pool-72-thread-1] INFO  server.RaftServer$Division (RaftServerImpl.java:setRole(299)) - 2a53bf39-8cf9-4e57-9be3-47f141ff45bd@group-975DAC977CE9: changes role from      null to FOLLOWER at term 0 for startAsFollower
2022-10-08 01:31:29,993 [pool-72-thread-1] INFO  impl.RoleInfo (RoleInfo.java:updateAndGet(139)) - 2a53bf39-8cf9-4e57-9be3-47f141ff45bd: start 2a53bf39-8cf9-4e57-9be3-47f141ff45bd@group-975DAC977CE9-FollowerState
2022-10-08 01:31:29,993 [pool-72-thread-1] INFO  util.JmxRegister (JmxRegister.java:tryRegister(44)) - Successfully registered JMX Bean with object name Ratis:service=RaftServer,group=group-975DAC977CE9,id=2a53bf39-8cf9-4e57-9be3-47f141ff45bd
2022-10-08 01:31:30,004 [Command processor thread] INFO  ratis.XceiverServerRatis (XceiverServerRatis.java:addGroup(765)) - Created group PipelineID=8d134ffd-e3c1-4ef7-9cd8-975dac977ce9
2022-10-08 01:31:30,004 [Command processor thread] INFO  commandhandler.CreatePipelineCommandHandler (CreatePipelineCommandHandler.java:handle(113)) - Created Pipeline RATIS ONE PipelineID=8d134ffd-e3c1-4ef7-9cd8-975dac977ce9.
2022-10-08 01:31:30,004 [Command processor thread] INFO  server.RaftServer (RaftServerProxy.java:addNew(96)) - 2a53bf39-8cf9-4e57-9be3-47f141ff45bd: addNew group-AA94085C93A7:[2a53bf39-8cf9-4e57-9be3-47f141ff45bd|rpc:10.1.0.61:38913|priority:1, a36237c7-2fce-420b-94d1-439aa558db2d|rpc:10.1.0.61:41927|priority:0, 81ce38e7-b758-4bd0-b008-806a23107e8d|rpc:10.1.0.61:36667|priority:0] returns group-AA94085C93A7:java.util.concurrent.CompletableFuture@1207acb3[Not completed]
2022-10-08 01:31:30,006 [pool-72-thread-1] INFO  server.RaftServer$Division (RaftServerImpl.java:<init>(190)) - 2a53bf39-8cf9-4e57-9be3-47f141ff45bd: new RaftServerImpl for group-AA94085C93A7:[2a53bf39-8cf9-4e57-9be3-47f141ff45bd|rpc:10.1.0.61:38913|priority:1, a36237c7-2fce-420b-94d1-439aa558db2d|rpc:10.1.0.61:41927|priority:0, 81ce38e7-b758-4bd0-b008-806a23107e8d|rpc:10.1.0.61:36667|priority:0] with ContainerStateMachine:uninitialized
2022-10-08 01:31:30,006 [pool-72-thread-1] INFO  server.RaftServerConfigKeys (ConfUtils.java:logGet(46)) - raft.server.rpc.timeout.min = 5s (custom)
2022-10-08 01:31:30,006 [pool-72-thread-1] INFO  server.RaftServerConfigKeys (ConfUtils.java:logGet(46)) - raft.server.rpc.timeout.max = 5200ms (custom)
2022-10-08 01:31:30,006 [pool-72-thread-1] INFO  server.RaftServerConfigKeys (ConfUtils.java:logGet(46)) - raft.server.rpc.sleep.time = 25ms (default)
2022-10-08 01:31:30,006 [pool-72-thread-1] INFO  server.RaftServerConfigKeys (ConfUtils.java:logGet(46)) - raft.server.rpc.slowness.timeout = 300s (custom)
2022-10-08 01:31:30,006 [pool-72-thread-1] INFO  server.RaftServerConfigKeys (ConfUtils.java:logGet(46)) - raft.server.leaderelection.leader.step-down.wait-time = 10s (default)
2022-10-08 01:31:30,006 [pool-72-thread-1] INFO  server.RaftServerConfigKeys (ConfUtils.java:logGet(46)) - raft.server.sleep.deviation.threshold = 300ms (default)
2022-10-08 01:31:30,006 [pool-72-thread-1] INFO  server.RaftServer$Division (ServerState.java:<init>(107)) - 2a53bf39-8cf9-4e57-9be3-47f141ff45bd@group-AA94085C93A7: ConfigurationManager, init=-1: [2a53bf39-8cf9-4e57-9be3-47f141ff45bd|rpc:10.1.0.61:38913|priority:1, a36237c7-2fce-420b-94d1-439aa558db2d|rpc:10.1.0.61:41927|priority:0, 81ce38e7-b758-4bd0-b008-806a23107e8d|rpc:10.1.0.61:36667|priority:0], old=null, confs=<EMPTY_MAP>
2022-10-08 01:31:30,006 [pool-72-thread-1] INFO  server.RaftServerConfigKeys (ConfUtils.java:logGet(46)) - raft.server.storage.dir = [/home/runner/work/ozone/ozone/hadoop-ozone/integration-test/target/test-dir/MiniOzoneClusterImpl-c72639db-50b4-484a-b3ab-3c380931c8c6/datanode-0/data/ratis] (custom)
2022-10-08 01:31:30,007 [pool-72-thread-1] INFO  server.RaftServerConfigKeys (ConfUtils.java:logGet(46)) - raft.server.log.corruption.policy = EXCEPTION (default)
2022-10-08 01:31:30,007 [pool-72-thread-1] INFO  server.RaftServerConfigKeys (ConfUtils.java:logGet(46)) - raft.server.storage.free-space.min = 0MB (=0) (default)
2022-10-08 01:31:30,007 [pool-72-thread-1] INFO  storage.RaftStorageDirectory (RaftStorageDirectoryImpl.java:analyzeStorage(135)) - The storage directory /home/runner/work/ozone/ozone/hadoop-ozone/integration-test/target/test-dir/MiniOzoneClusterImpl-c72639db-50b4-484a-b3ab-3c380931c8c6/datanode-0/data/ratis/e15aead0-6d2d-4584-81f4-aa94085c93a7 does not exist. Creating ...
2022-10-08 01:31:30,015 [pool-72-thread-1] INFO  storage.RaftStorageDirectory (RaftStorageDirectoryImpl.java:tryLock(230)) - Lock on /home/runner/work/ozone/ozone/hadoop-ozone/integration-test/target/test-dir/MiniOzoneClusterImpl-c72639db-50b4-484a-b3ab-3c380931c8c6/datanode-0/data/ratis/e15aead0-6d2d-4584-81f4-aa94085c93a7/in_use.lock acquired by nodename 52807@fv-az180-867
2022-10-08 01:31:30,021 [pool-72-thread-1] INFO  storage.RaftStorage (RaftStorageImpl.java:format(89)) - Storage directory /home/runner/work/ozone/ozone/hadoop-ozone/integration-test/target/test-dir/MiniOzoneClusterImpl-c72639db-50b4-484a-b3ab-3c380931c8c6/datanode-0/data/ratis/e15aead0-6d2d-4584-81f4-aa94085c93a7 has been successfully formatted.
2022-10-08 01:31:30,021 [pool-72-thread-1] INFO  ratis.ContainerStateMachine (ContainerStateMachine.java:loadSnapshot(236)) - group-AA94085C93A7: The snapshot info is null. Setting the last applied indexto:(t:0, i:~)
2022-10-08 01:31:30,022 [pool-72-thread-1] INFO  server.RaftServerConfigKeys (ConfUtils.java:logGet(46)) - raft.server.notification.no-leader.timeout = 300s (custom)
2022-10-08 01:31:30,022 [pool-72-thread-1] INFO  server.RaftServerConfigKeys (ConfUtils.java:logGet(46)) - raft.server.log.use.memory = false (default)
2022-10-08 01:31:30,022 [pool-72-thread-1] INFO  server.RaftServerConfigKeys (ConfUtils.java:logGet(46)) - raft.server.log.purge.gap = 1000000 (custom)
2022-10-08 01:31:30,022 [pool-72-thread-1] INFO  server.RaftServerConfigKeys (ConfUtils.java:logGet(46)) - raft.server.log.appender.buffer.byte-limit = 33554432 (custom)
2022-10-08 01:31:30,022 [pool-72-thread-1] INFO  server.RaftServerConfigKeys (ConfUtils.java:logGet(46)) - raft.server.log.statemachine.data.read.timeout = 1000ms (default)
2022-10-08 01:31:30,022 [pool-72-thread-1] INFO  server.RaftServerConfigKeys (ConfUtils.java:logGet(46)) - raft.server.log.segment.size.max = 1048576 (custom)
2022-10-08 01:31:30,024 [EventQueue-OpenPipelineForHealthyPipelineSafeModeRule] INFO  safemode.SCMSafeModeManager (HealthyPipelineSafeModeRule.java:process(137)) - SCM in safe mode. Healthy pipelines reported count is 0, required healthy pipeline reported count is 1
2022-10-08 01:31:30,025 [pool-72-thread-1] INFO  server.RaftServerConfigKeys (ConfUtils.java:logGet(46)) - raft.server.log.segment.cache.num.max = 2 (custom)
2022-10-08 01:31:30,025 [pool-72-thread-1] INFO  server.RaftServerConfigKeys (ConfUtils.java:logGet(46)) - raft.server.log.segment.cache.size.max = 200MB (=209715200) (default)
2022-10-08 01:31:30,025 [pool-72-thread-1] INFO  segmented.SegmentedRaftLogWorker (SegmentedRaftLogWorker.java:<init>(187)) - new 2a53bf39-8cf9-4e57-9be3-47f141ff45bd@group-AA94085C93A7-SegmentedRaftLogWorker for RaftStorageImpl:Storage Directory /home/runner/work/ozone/ozone/hadoop-ozone/integration-test/target/test-dir/MiniOzoneClusterImpl-c72639db-50b4-484a-b3ab-3c380931c8c6/datanode-0/data/ratis/e15aead0-6d2d-4584-81f4-aa94085c93a7
2022-10-08 01:31:30,025 [pool-72-thread-1] INFO  server.RaftServerConfigKeys (ConfUtils.java:logGet(46)) - raft.server.log.queue.byte-limit = 4294967296 (custom)
2022-10-08 01:31:30,025 [pool-72-thread-1] INFO  server.RaftServerConfigKeys (ConfUtils.java:logGet(46)) - raft.server.log.queue.element-limit = 1024 (custom)
2022-10-08 01:31:30,026 [pool-72-thread-1] INFO  server.RaftServerConfigKeys (ConfUtils.java:logGet(46)) - raft.server.log.segment.size.max = 1048576 (custom)
2022-10-08 01:31:30,026 [pool-72-thread-1] INFO  server.RaftServerConfigKeys (ConfUtils.java:logGet(46)) - raft.server.log.preallocated.size = 16384 (custom)
2022-10-08 01:31:30,026 [pool-72-thread-1] INFO  server.RaftServerConfigKeys (ConfUtils.java:logGet(46)) - raft.server.log.force.sync.num = 128 (default)
2022-10-08 01:31:30,026 [pool-72-thread-1] INFO  server.RaftServerConfigKeys (ConfUtils.java:logGet(46)) - raft.server.log.statemachine.data.sync = true (default)
2022-10-08 01:31:30,026 [pool-72-thread-1] INFO  server.RaftServerConfigKeys (ConfUtils.java:logGet(46)) - raft.server.log.statemachine.data.sync.timeout = 10s (default)
2022-10-08 01:31:30,026 [pool-72-thread-1] INFO  server.RaftServerConfigKeys (ConfUtils.java:logGet(46)) - raft.server.log.statemachine.data.sync.timeout.retry = -1 (default)
2022-10-08 01:31:30,027 [pool-72-thread-1] INFO  server.RaftServerConfigKeys (ConfUtils.java:logGet(46)) - raft.server.log.write.buffer.size = 1048576 (custom)
2022-10-08 01:31:30,027 [pool-72-thread-1] INFO  server.RaftServerConfigKeys (ConfUtils.java:logGet(46)) - raft.server.log.unsafe-flush.enabled = false (default)
2022-10-08 01:31:30,028 [pool-72-thread-1] INFO  server.RaftServerConfigKeys (ConfUtils.java:logGet(46)) - raft.server.log.statemachine.data.caching.enabled = true (custom)
2022-10-08 01:31:30,028 [pool-72-thread-1] INFO  segmented.SegmentedRaftLogWorker (SegmentedRaftLogWorker.java:lambda$new$0(135)) - 2a53bf39-8cf9-4e57-9be3-47f141ff45bd@group-AA94085C93A7-SegmentedRaftLogWorker: flushIndex: setUnconditionally 0 -> -1
2022-10-08 01:31:30,028 [pool-72-thread-1] INFO  segmented.SegmentedRaftLogWorker (SegmentedRaftLogWorker.java:lambda$new$0(135)) - 2a53bf39-8cf9-4e57-9be3-47f141ff45bd@group-AA94085C93A7-SegmentedRaftLogWorker: safeCacheEvictIndex: setUnconditionally 0 -> -1
2022-10-08 01:31:30,028 [pool-72-thread-1] INFO  server.RaftServerConfigKeys (ConfUtils.java:logGet(46)) - raft.server.snapshot.auto.trigger.enabled = true (custom)
2022-10-08 01:31:30,028 [pool-72-thread-1] INFO  server.RaftServerConfigKeys (ConfUtils.java:logGet(46)) - raft.server.snapshot.auto.trigger.threshold = 10000 (custom)
2022-10-08 01:31:30,028 [pool-72-thread-1] INFO  server.RaftServerConfigKeys (ConfUtils.java:logGet(46)) - raft.server.snapshot.retention.file.num = 5 (custom)
2022-10-08 01:31:30,028 [pool-72-thread-1] INFO  server.RaftServerConfigKeys (ConfUtils.java:logGet(46)) - raft.server.log.purge.upto.snapshot.index = false (default)
2022-10-08 01:31:30,028 [pool-72-thread-1] INFO  server.RaftServerConfigKeys (ConfUtils.java:logGet(46)) - raft.server.retrycache.expirytime = 600000ms (custom)
2022-10-08 01:31:30,028 [pool-72-thread-1] INFO  server.RaftServerConfigKeys (ConfUtils.java:logGet(46)) - raft.server.retrycache.statistics.expirytime = 100μs (default)
2022-10-08 01:31:30,030 [pool-72-thread-1] INFO  server.RaftServerConfigKeys (ConfUtils.java:logGet(46)) - raft.server.log.appender.install.snapshot.enabled = false (custom)
2022-10-08 01:31:30,030 [pool-72-thread-1] INFO  server.RaftServerConfigKeys (ConfUtils.java:logGet(46)) - raft.server.threadpool.server.cached = true (default)
2022-10-08 01:31:30,030 [pool-72-thread-1] INFO  server.RaftServerConfigKeys (ConfUtils.java:logGet(46)) - raft.server.threadpool.server.size = 0 (default)
2022-10-08 01:31:30,030 [pool-72-thread-1] INFO  server.RaftServerConfigKeys (ConfUtils.java:logGet(46)) - raft.server.threadpool.client.cached = true (default)
2022-10-08 01:31:30,030 [pool-72-thread-1] INFO  server.RaftServerConfigKeys (ConfUtils.java:logGet(46)) - raft.server.threadpool.client.size = 0 (default)
2022-10-08 01:31:30,030 [pool-72-thread-1] INFO  server.RaftServer$Division (RaftServerImpl.java:start(310)) - 2a53bf39-8cf9-4e57-9be3-47f141ff45bd@group-AA94085C93A7: start as a follower, conf=-1: [2a53bf39-8cf9-4e57-9be3-47f141ff45bd|rpc:10.1.0.61:38913|priority:1, a36237c7-2fce-420b-94d1-439aa558db2d|rpc:10.1.0.61:41927|priority:0, 81ce38e7-b758-4bd0-b008-806a23107e8d|rpc:10.1.0.61:36667|priority:0], old=null
2022-10-08 01:31:30,030 [pool-72-thread-1] INFO  server.RaftServer$Division (RaftServerImpl.java:setRole(299)) - 2a53bf39-8cf9-4e57-9be3-47f141ff45bd@group-AA94085C93A7: changes role from      null to FOLLOWER at term 0 for startAsFollower
2022-10-08 01:31:30,030 [pool-72-thread-1] INFO  impl.RoleInfo (RoleInfo.java:updateAndGet(139)) - 2a53bf39-8cf9-4e57-9be3-47f141ff45bd: start 2a53bf39-8cf9-4e57-9be3-47f141ff45bd@group-AA94085C93A7-FollowerState
2022-10-08 01:31:30,031 [pool-72-thread-1] INFO  util.JmxRegister (JmxRegister.java:tryRegister(44)) - Successfully registered JMX Bean with object name Ratis:service=RaftServer,group=group-AA94085C93A7,id=2a53bf39-8cf9-4e57-9be3-47f141ff45bd
2022-10-08 01:31:30,031 [Command processor thread] INFO  ratis.XceiverServerRatis (XceiverServerRatis.java:addGroup(765)) - Created group PipelineID=e15aead0-6d2d-4584-81f4-aa94085c93a7
2022-10-08 01:31:30,304 [ReplicationMonitor] INFO  replication.ReplicationManager (ReplicationManager.java:processAll(291)) - Replication Manager is not ready to run until 3000ms after safemode exit
2022-10-08 01:31:30,477 [grpc-default-executor-0] INFO  server.RaftServer (RaftServerProxy.java:addNew(96)) - a36237c7-2fce-420b-94d1-439aa558db2d: addNew group-AA94085C93A7:[2a53bf39-8cf9-4e57-9be3-47f141ff45bd|rpc:10.1.0.61:38913|dataStream:|priority:1, a36237c7-2fce-420b-94d1-439aa558db2d|rpc:10.1.0.61:41927|dataStream:|priority:0, 81ce38e7-b758-4bd0-b008-806a23107e8d|rpc:10.1.0.61:36667|dataStream:|priority:0] returns group-AA94085C93A7:java.util.concurrent.CompletableFuture@72f21e98[Not completed]
2022-10-08 01:31:30,478 [pool-95-thread-1] INFO  server.RaftServer$Division (RaftServerImpl.java:<init>(190)) - a36237c7-2fce-420b-94d1-439aa558db2d: new RaftServerImpl for group-AA94085C93A7:[2a53bf39-8cf9-4e57-9be3-47f141ff45bd|rpc:10.1.0.61:38913|dataStream:|priority:1, a36237c7-2fce-420b-94d1-439aa558db2d|rpc:10.1.0.61:41927|dataStream:|priority:0, 81ce38e7-b758-4bd0-b008-806a23107e8d|rpc:10.1.0.61:36667|dataStream:|priority:0] with ContainerStateMachine:uninitialized
2022-10-08 01:31:30,478 [pool-95-thread-1] INFO  server.RaftServerConfigKeys (ConfUtils.java:logGet(46)) - raft.server.rpc.timeout.min = 5s (custom)
2022-10-08 01:31:30,478 [pool-95-thread-1] INFO  server.RaftServerConfigKeys (ConfUtils.java:logGet(46)) - raft.server.rpc.timeout.max = 5200ms (custom)
2022-10-08 01:31:30,478 [pool-95-thread-1] INFO  server.RaftServerConfigKeys (ConfUtils.java:logGet(46)) - raft.server.rpc.sleep.time = 25ms (default)
2022-10-08 01:31:30,478 [pool-95-thread-1] INFO  server.RaftServerConfigKeys (ConfUtils.java:logGet(46)) - raft.server.rpc.slowness.timeout = 300s (custom)
2022-10-08 01:31:30,478 [pool-95-thread-1] INFO  server.RaftServerConfigKeys (ConfUtils.java:logGet(46)) - raft.server.leaderelection.leader.step-down.wait-time = 10s (default)
2022-10-08 01:31:30,478 [pool-95-thread-1] INFO  server.RaftServerConfigKeys (ConfUtils.java:logGet(46)) - raft.server.sleep.deviation.threshold = 300ms (default)
2022-10-08 01:31:30,478 [pool-95-thread-1] INFO  server.RaftServer$Division (ServerState.java:<init>(107)) - a36237c7-2fce-420b-94d1-439aa558db2d@group-AA94085C93A7: ConfigurationManager, init=-1: [2a53bf39-8cf9-4e57-9be3-47f141ff45bd|rpc:10.1.0.61:38913|dataStream:|priority:1, a36237c7-2fce-420b-94d1-439aa558db2d|rpc:10.1.0.61:41927|dataStream:|priority:0, 81ce38e7-b758-4bd0-b008-806a23107e8d|rpc:10.1.0.61:36667|dataStream:|priority:0], old=null, confs=<EMPTY_MAP>
2022-10-08 01:31:30,479 [pool-95-thread-1] INFO  server.RaftServerConfigKeys (ConfUtils.java:logGet(46)) - raft.server.storage.dir = [/home/runner/work/ozone/ozone/hadoop-ozone/integration-test/target/test-dir/MiniOzoneClusterImpl-c72639db-50b4-484a-b3ab-3c380931c8c6/datanode-1/data/ratis] (custom)
2022-10-08 01:31:30,479 [pool-95-thread-1] INFO  server.RaftServerConfigKeys (ConfUtils.java:logGet(46)) - raft.server.log.corruption.policy = EXCEPTION (default)
2022-10-08 01:31:30,479 [pool-95-thread-1] INFO  server.RaftServerConfigKeys (ConfUtils.java:logGet(46)) - raft.server.storage.free-space.min = 0MB (=0) (default)
2022-10-08 01:31:30,479 [pool-95-thread-1] INFO  storage.RaftStorageDirectory (RaftStorageDirectoryImpl.java:analyzeStorage(135)) - The storage directory /home/runner/work/ozone/ozone/hadoop-ozone/integration-test/target/test-dir/MiniOzoneClusterImpl-c72639db-50b4-484a-b3ab-3c380931c8c6/datanode-1/data/ratis/e15aead0-6d2d-4584-81f4-aa94085c93a7 does not exist. Creating ...
2022-10-08 01:31:30,486 [pool-95-thread-1] INFO  storage.RaftStorageDirectory (RaftStorageDirectoryImpl.java:tryLock(230)) - Lock on /home/runner/work/ozone/ozone/hadoop-ozone/integration-test/target/test-dir/MiniOzoneClusterImpl-c72639db-50b4-484a-b3ab-3c380931c8c6/datanode-1/data/ratis/e15aead0-6d2d-4584-81f4-aa94085c93a7/in_use.lock acquired by nodename 52807@fv-az180-867
2022-10-08 01:31:30,492 [pool-95-thread-1] INFO  storage.RaftStorage (RaftStorageImpl.java:format(89)) - Storage directory /home/runner/work/ozone/ozone/hadoop-ozone/integration-test/target/test-dir/MiniOzoneClusterImpl-c72639db-50b4-484a-b3ab-3c380931c8c6/datanode-1/data/ratis/e15aead0-6d2d-4584-81f4-aa94085c93a7 has been successfully formatted.
2022-10-08 01:31:30,493 [pool-95-thread-1] INFO  ratis.ContainerStateMachine (ContainerStateMachine.java:loadSnapshot(236)) - group-AA94085C93A7: The snapshot info is null. Setting the last applied indexto:(t:0, i:~)
2022-10-08 01:31:30,493 [pool-95-thread-1] INFO  server.RaftServerConfigKeys (ConfUtils.java:logGet(46)) - raft.server.notification.no-leader.timeout = 300s (custom)
2022-10-08 01:31:30,493 [pool-95-thread-1] INFO  server.RaftServerConfigKeys (ConfUtils.java:logGet(46)) - raft.server.log.use.memory = false (default)
2022-10-08 01:31:30,494 [pool-95-thread-1] INFO  server.RaftServerConfigKeys (ConfUtils.java:logGet(46)) - raft.server.log.purge.gap = 1000000 (custom)
2022-10-08 01:31:30,494 [pool-95-thread-1] INFO  server.RaftServerConfigKeys (ConfUtils.java:logGet(46)) - raft.server.log.appender.buffer.byte-limit = 33554432 (custom)
2022-10-08 01:31:30,494 [pool-95-thread-1] INFO  server.RaftServerConfigKeys (ConfUtils.java:logGet(46)) - raft.server.log.statemachine.data.read.timeout = 1000ms (default)
2022-10-08 01:31:30,496 [pool-95-thread-1] INFO  server.RaftServerConfigKeys (ConfUtils.java:logGet(46)) - raft.server.log.segment.size.max = 1048576 (custom)
2022-10-08 01:31:30,497 [pool-95-thread-1] INFO  server.RaftServerConfigKeys (ConfUtils.java:logGet(46)) - raft.server.log.segment.cache.num.max = 2 (custom)
2022-10-08 01:31:30,497 [pool-95-thread-1] INFO  server.RaftServerConfigKeys (ConfUtils.java:logGet(46)) - raft.server.log.segment.cache.size.max = 200MB (=209715200) (default)
2022-10-08 01:31:30,497 [pool-95-thread-1] INFO  segmented.SegmentedRaftLogWorker (SegmentedRaftLogWorker.java:<init>(187)) - new a36237c7-2fce-420b-94d1-439aa558db2d@group-AA94085C93A7-SegmentedRaftLogWorker for RaftStorageImpl:Storage Directory /home/runner/work/ozone/ozone/hadoop-ozone/integration-test/target/test-dir/MiniOzoneClusterImpl-c72639db-50b4-484a-b3ab-3c380931c8c6/datanode-1/data/ratis/e15aead0-6d2d-4584-81f4-aa94085c93a7
2022-10-08 01:31:30,497 [pool-95-thread-1] INFO  server.RaftServerConfigKeys (ConfUtils.java:logGet(46)) - raft.server.log.queue.byte-limit = 4294967296 (custom)
2022-10-08 01:31:30,497 [pool-95-thread-1] INFO  server.RaftServerConfigKeys (ConfUtils.java:logGet(46)) - raft.server.log.queue.element-limit = 1024 (custom)
2022-10-08 01:31:30,497 [pool-95-thread-1] INFO  server.RaftServerConfigKeys (ConfUtils.java:logGet(46)) - raft.server.log.segment.size.max = 1048576 (custom)
2022-10-08 01:31:30,497 [pool-95-thread-1] INFO  server.RaftServerConfigKeys (ConfUtils.java:logGet(46)) - raft.server.log.preallocated.size = 16384 (custom)
2022-10-08 01:31:30,497 [pool-95-thread-1] INFO  server.RaftServerConfigKeys (ConfUtils.java:logGet(46)) - raft.server.log.force.sync.num = 128 (default)
2022-10-08 01:31:30,497 [pool-95-thread-1] INFO  server.RaftServerConfigKeys (ConfUtils.java:logGet(46)) - raft.server.log.statemachine.data.sync = true (default)
2022-10-08 01:31:30,497 [pool-95-thread-1] INFO  server.RaftServerConfigKeys (ConfUtils.java:logGet(46)) - raft.server.log.statemachine.data.sync.timeout = 10s (default)
2022-10-08 01:31:30,497 [pool-95-thread-1] INFO  server.RaftServerConfigKeys (ConfUtils.java:logGet(46)) - raft.server.log.statemachine.data.sync.timeout.retry = -1 (default)
2022-10-08 01:31:30,498 [pool-95-thread-1] INFO  server.RaftServerConfigKeys (ConfUtils.java:logGet(46)) - raft.server.log.write.buffer.size = 1048576 (custom)
2022-10-08 01:31:30,498 [pool-95-thread-1] INFO  server.RaftServerConfigKeys (ConfUtils.java:logGet(46)) - raft.server.log.unsafe-flush.enabled = false (default)
2022-10-08 01:31:30,498 [pool-95-thread-1] INFO  server.RaftServerConfigKeys (ConfUtils.java:logGet(46)) - raft.server.log.statemachine.data.caching.enabled = true (custom)
2022-10-08 01:31:30,498 [pool-95-thread-1] INFO  segmented.SegmentedRaftLogWorker (SegmentedRaftLogWorker.java:lambda$new$0(135)) - a36237c7-2fce-420b-94d1-439aa558db2d@group-AA94085C93A7-SegmentedRaftLogWorker: flushIndex: setUnconditionally 0 -> -1
2022-10-08 01:31:30,498 [pool-95-thread-1] INFO  segmented.SegmentedRaftLogWorker (SegmentedRaftLogWorker.java:lambda$new$0(135)) - a36237c7-2fce-420b-94d1-439aa558db2d@group-AA94085C93A7-SegmentedRaftLogWorker: safeCacheEvictIndex: setUnconditionally 0 -> -1
2022-10-08 01:31:30,498 [pool-95-thread-1] INFO  server.RaftServerConfigKeys (ConfUtils.java:logGet(46)) - raft.server.snapshot.auto.trigger.enabled = true (custom)
2022-10-08 01:31:30,498 [pool-95-thread-1] INFO  server.RaftServerConfigKeys (ConfUtils.java:logGet(46)) - raft.server.snapshot.auto.trigger.threshold = 10000 (custom)
2022-10-08 01:31:30,498 [pool-95-thread-1] INFO  server.RaftServerConfigKeys (ConfUtils.java:logGet(46)) - raft.server.snapshot.retention.file.num = 5 (custom)
2022-10-08 01:31:30,498 [pool-95-thread-1] INFO  server.RaftServerConfigKeys (ConfUtils.java:logGet(46)) - raft.server.log.purge.upto.snapshot.index = false (default)
2022-10-08 01:31:30,498 [pool-95-thread-1] INFO  server.RaftServerConfigKeys (ConfUtils.java:logGet(46)) - raft.server.retrycache.expirytime = 600000ms (custom)
2022-10-08 01:31:30,498 [pool-95-thread-1] INFO  server.RaftServerConfigKeys (ConfUtils.java:logGet(46)) - raft.server.retrycache.statistics.expirytime = 100μs (default)
2022-10-08 01:31:30,500 [pool-95-thread-1] INFO  server.RaftServerConfigKeys (ConfUtils.java:logGet(46)) - raft.server.log.appender.install.snapshot.enabled = false (custom)
2022-10-08 01:31:30,500 [pool-95-thread-1] INFO  server.RaftServerConfigKeys (ConfUtils.java:logGet(46)) - raft.server.threadpool.server.cached = true (default)
2022-10-08 01:31:30,500 [pool-95-thread-1] INFO  server.RaftServerConfigKeys (ConfUtils.java:logGet(46)) - raft.server.threadpool.server.size = 0 (default)
2022-10-08 01:31:30,500 [pool-95-thread-1] INFO  server.RaftServerConfigKeys (ConfUtils.java:logGet(46)) - raft.server.threadpool.client.cached = true (default)
2022-10-08 01:31:30,500 [pool-95-thread-1] INFO  server.RaftServerConfigKeys (ConfUtils.java:logGet(46)) - raft.server.threadpool.client.size = 0 (default)
2022-10-08 01:31:30,500 [pool-95-thread-1] INFO  server.RaftServer$Division (RaftServerImpl.java:start(310)) - a36237c7-2fce-420b-94d1-439aa558db2d@group-AA94085C93A7: start as a follower, conf=-1: [2a53bf39-8cf9-4e57-9be3-47f141ff45bd|rpc:10.1.0.61:38913|dataStream:|priority:1, a36237c7-2fce-420b-94d1-439aa558db2d|rpc:10.1.0.61:41927|dataStream:|priority:0, 81ce38e7-b758-4bd0-b008-806a23107e8d|rpc:10.1.0.61:36667|dataStream:|priority:0], old=null
2022-10-08 01:31:30,500 [pool-95-thread-1] INFO  server.RaftServer$Division (RaftServerImpl.java:setRole(299)) - a36237c7-2fce-420b-94d1-439aa558db2d@group-AA94085C93A7: changes role from      null to FOLLOWER at term 0 for startAsFollower
2022-10-08 01:31:30,500 [pool-95-thread-1] INFO  impl.RoleInfo (RoleInfo.java:updateAndGet(139)) - a36237c7-2fce-420b-94d1-439aa558db2d: start a36237c7-2fce-420b-94d1-439aa558db2d@group-AA94085C93A7-FollowerState
2022-10-08 01:31:30,502 [pool-95-thread-1] INFO  util.JmxRegister (JmxRegister.java:tryRegister(44)) - Successfully registered JMX Bean with object name Ratis:service=RaftServer,group=group-AA94085C93A7,id=a36237c7-2fce-420b-94d1-439aa558db2d
2022-10-08 01:31:30,532 [Command processor thread] INFO  server.RaftServer (RaftServerProxy.java:addNew(96)) - a36237c7-2fce-420b-94d1-439aa558db2d: addNew group-A8D86C891430:[a36237c7-2fce-420b-94d1-439aa558db2d|rpc:10.1.0.61:41927|priority:1] returns group-A8D86C891430:java.util.concurrent.CompletableFuture@2d4e413a[Not completed]
2022-10-08 01:31:30,533 [pool-95-thread-1] INFO  server.RaftServer$Division (RaftServerImpl.java:<init>(190)) - a36237c7-2fce-420b-94d1-439aa558db2d: new RaftServerImpl for group-A8D86C891430:[a36237c7-2fce-420b-94d1-439aa558db2d|rpc:10.1.0.61:41927|priority:1] with ContainerStateMachine:uninitialized
2022-10-08 01:31:30,533 [pool-95-thread-1] INFO  server.RaftServerConfigKeys (ConfUtils.java:logGet(46)) - raft.server.rpc.timeout.min = 5s (custom)
2022-10-08 01:31:30,534 [pool-95-thread-1] INFO  server.RaftServerConfigKeys (ConfUtils.java:logGet(46)) - raft.server.rpc.timeout.max = 5200ms (custom)
2022-10-08 01:31:30,534 [pool-95-thread-1] INFO  server.RaftServerConfigKeys (ConfUtils.java:logGet(46)) - raft.server.rpc.sleep.time = 25ms (default)
2022-10-08 01:31:30,534 [pool-95-thread-1] INFO  server.RaftServerConfigKeys (ConfUtils.java:logGet(46)) - raft.server.rpc.slowness.timeout = 300s (custom)
2022-10-08 01:31:30,534 [pool-95-thread-1] INFO  server.RaftServerConfigKeys (ConfUtils.java:logGet(46)) - raft.server.leaderelection.leader.step-down.wait-time = 10s (default)
2022-10-08 01:31:30,534 [pool-95-thread-1] INFO  server.RaftServerConfigKeys (ConfUtils.java:logGet(46)) - raft.server.sleep.deviation.threshold = 300ms (default)
2022-10-08 01:31:30,534 [pool-95-thread-1] INFO  server.RaftServer$Division (ServerState.java:<init>(107)) - a36237c7-2fce-420b-94d1-439aa558db2d@group-A8D86C891430: ConfigurationManager, init=-1: [a36237c7-2fce-420b-94d1-439aa558db2d|rpc:10.1.0.61:41927|priority:1], old=null, confs=<EMPTY_MAP>
2022-10-08 01:31:30,534 [pool-95-thread-1] INFO  server.RaftServerConfigKeys (ConfUtils.java:logGet(46)) - raft.server.storage.dir = [/home/runner/work/ozone/ozone/hadoop-ozone/integration-test/target/test-dir/MiniOzoneClusterImpl-c72639db-50b4-484a-b3ab-3c380931c8c6/datanode-1/data/ratis] (custom)
2022-10-08 01:31:30,534 [pool-95-thread-1] INFO  server.RaftServerConfigKeys (ConfUtils.java:logGet(46)) - raft.server.log.corruption.policy = EXCEPTION (default)
2022-10-08 01:31:30,534 [pool-95-thread-1] INFO  server.RaftServerConfigKeys (ConfUtils.java:logGet(46)) - raft.server.storage.free-space.min = 0MB (=0) (default)
2022-10-08 01:31:30,534 [pool-95-thread-1] INFO  storage.RaftStorageDirectory (RaftStorageDirectoryImpl.java:analyzeStorage(135)) - The storage directory /home/runner/work/ozone/ozone/hadoop-ozone/integration-test/target/test-dir/MiniOzoneClusterImpl-c72639db-50b4-484a-b3ab-3c380931c8c6/datanode-1/data/ratis/4a9dec9a-ccbd-402c-a54d-a8d86c891430 does not exist. Creating ...
2022-10-08 01:31:30,541 [pool-95-thread-1] INFO  storage.RaftStorageDirectory (RaftStorageDirectoryImpl.java:tryLock(230)) - Lock on /home/runner/work/ozone/ozone/hadoop-ozone/integration-test/target/test-dir/MiniOzoneClusterImpl-c72639db-50b4-484a-b3ab-3c380931c8c6/datanode-1/data/ratis/4a9dec9a-ccbd-402c-a54d-a8d86c891430/in_use.lock acquired by nodename 52807@fv-az180-867
2022-10-08 01:31:30,548 [pool-95-thread-1] INFO  storage.RaftStorage (RaftStorageImpl.java:format(89)) - Storage directory /home/runner/work/ozone/ozone/hadoop-ozone/integration-test/target/test-dir/MiniOzoneClusterImpl-c72639db-50b4-484a-b3ab-3c380931c8c6/datanode-1/data/ratis/4a9dec9a-ccbd-402c-a54d-a8d86c891430 has been successfully formatted.
2022-10-08 01:31:30,548 [pool-95-thread-1] INFO  ratis.ContainerStateMachine (ContainerStateMachine.java:loadSnapshot(236)) - group-A8D86C891430: The snapshot info is null. Setting the last applied indexto:(t:0, i:~)
2022-10-08 01:31:30,548 [pool-95-thread-1] INFO  server.RaftServerConfigKeys (ConfUtils.java:logGet(46)) - raft.server.notification.no-leader.timeout = 300s (custom)
2022-10-08 01:31:30,548 [pool-95-thread-1] INFO  server.RaftServerConfigKeys (ConfUtils.java:logGet(46)) - raft.server.log.use.memory = false (default)
2022-10-08 01:31:30,548 [pool-95-thread-1] INFO  server.RaftServerConfigKeys (ConfUtils.java:logGet(46)) - raft.server.log.purge.gap = 1000000 (custom)
2022-10-08 01:31:30,548 [pool-95-thread-1] INFO  server.RaftServerConfigKeys (ConfUtils.java:logGet(46)) - raft.server.log.appender.buffer.byte-limit = 33554432 (custom)
2022-10-08 01:31:30,548 [pool-95-thread-1] INFO  server.RaftServerConfigKeys (ConfUtils.java:logGet(46)) - raft.server.log.statemachine.data.read.timeout = 1000ms (default)
2022-10-08 01:31:30,549 [pool-95-thread-1] INFO  server.RaftServerConfigKeys (ConfUtils.java:logGet(46)) - raft.server.log.segment.size.max = 1048576 (custom)
2022-10-08 01:31:30,550 [pool-95-thread-1] INFO  server.RaftServerConfigKeys (ConfUtils.java:logGet(46)) - raft.server.log.segment.cache.num.max = 2 (custom)
2022-10-08 01:31:30,550 [pool-95-thread-1] INFO  server.RaftServerConfigKeys (ConfUtils.java:logGet(46)) - raft.server.log.segment.cache.size.max = 200MB (=209715200) (default)
2022-10-08 01:31:30,550 [pool-95-thread-1] INFO  segmented.SegmentedRaftLogWorker (SegmentedRaftLogWorker.java:<init>(187)) - new a36237c7-2fce-420b-94d1-439aa558db2d@group-A8D86C891430-SegmentedRaftLogWorker for RaftStorageImpl:Storage Directory /home/runner/work/ozone/ozone/hadoop-ozone/integration-test/target/test-dir/MiniOzoneClusterImpl-c72639db-50b4-484a-b3ab-3c380931c8c6/datanode-1/data/ratis/4a9dec9a-ccbd-402c-a54d-a8d86c891430
2022-10-08 01:31:30,550 [pool-95-thread-1] INFO  server.RaftServerConfigKeys (ConfUtils.java:logGet(46)) - raft.server.log.queue.byte-limit = 4294967296 (custom)
2022-10-08 01:31:30,550 [pool-95-thread-1] INFO  server.RaftServerConfigKeys (ConfUtils.java:logGet(46)) - raft.server.log.queue.element-limit = 1024 (custom)
2022-10-08 01:31:30,551 [pool-95-thread-1] INFO  server.RaftServerConfigKeys (ConfUtils.java:logGet(46)) - raft.server.log.segment.size.max = 1048576 (custom)
2022-10-08 01:31:30,551 [pool-95-thread-1] INFO  server.RaftServerConfigKeys (ConfUtils.java:logGet(46)) - raft.server.log.preallocated.size = 16384 (custom)
2022-10-08 01:31:30,551 [pool-95-thread-1] INFO  server.RaftServerConfigKeys (ConfUtils.java:logGet(46)) - raft.server.log.force.sync.num = 128 (default)
2022-10-08 01:31:30,551 [pool-95-thread-1] INFO  server.RaftServerConfigKeys (ConfUtils.java:logGet(46)) - raft.server.log.statemachine.data.sync = true (default)
2022-10-08 01:31:30,551 [pool-95-thread-1] INFO  server.RaftServerConfigKeys (ConfUtils.java:logGet(46)) - raft.server.log.statemachine.data.sync.timeout = 10s (default)
2022-10-08 01:31:30,551 [pool-95-thread-1] INFO  server.RaftServerConfigKeys (ConfUtils.java:logGet(46)) - raft.server.log.statemachine.data.sync.timeout.retry = -1 (default)
2022-10-08 01:31:30,552 [EventQueue-PipelineReportForPipelineReportHandler] INFO  pipeline.PipelineManagerImpl (PipelineManagerImpl.java:openPipeline(367)) - Pipeline Pipeline[ Id: 4a9dec9a-ccbd-402c-a54d-a8d86c891430, Nodes: a36237c7-2fce-420b-94d1-439aa558db2d{ip: 10.1.0.61, host: fv-az180-867.g3pwtgv4ffyuhaixmbmm0kyh3d.gx.internal.cloudapp.net, ports: [REPLICATION=41143, RATIS=41927, RATIS_ADMIN=41927, RATIS_SERVER=41927, STANDALONE=41021], networkLocation: /default-rack, certSerialId: null, persistedOpState: IN_SERVICE, persistedOpStateExpiryEpochSec: 0}, ReplicationConfig: RATIS/ONE, State:ALLOCATED, leaderId:a36237c7-2fce-420b-94d1-439aa558db2d, CreationTimestamp2022-10-08T01:31:27.533Z[Etc/UTC]] moved to OPEN state
2022-10-08 01:31:30,553 [pool-95-thread-1] INFO  server.RaftServerConfigKeys (ConfUtils.java:logGet(46)) - raft.server.log.write.buffer.size = 1048576 (custom)
2022-10-08 01:31:30,553 [pool-95-thread-1] INFO  server.RaftServerConfigKeys (ConfUtils.java:logGet(46)) - raft.server.log.unsafe-flush.enabled = false (default)
2022-10-08 01:31:30,553 [pool-95-thread-1] INFO  server.RaftServerConfigKeys (ConfUtils.java:logGet(46)) - raft.server.log.statemachine.data.caching.enabled = true (custom)
2022-10-08 01:31:30,553 [pool-95-thread-1] INFO  segmented.SegmentedRaftLogWorker (SegmentedRaftLogWorker.java:lambda$new$0(135)) - a36237c7-2fce-420b-94d1-439aa558db2d@group-A8D86C891430-SegmentedRaftLogWorker: flushIndex: setUnconditionally 0 -> -1
2022-10-08 01:31:30,553 [pool-95-thread-1] INFO  segmented.SegmentedRaftLogWorker (SegmentedRaftLogWorker.java:lambda$new$0(135)) - a36237c7-2fce-420b-94d1-439aa558db2d@group-A8D86C891430-SegmentedRaftLogWorker: safeCacheEvictIndex: setUnconditionally 0 -> -1
2022-10-08 01:31:30,553 [EventQueue-OpenPipelineForHealthyPipelineSafeModeRule] INFO  safemode.SCMSafeModeManager (HealthyPipelineSafeModeRule.java:process(137)) - SCM in safe mode. Healthy pipelines reported count is 0, required healthy pipeline reported count is 1
2022-10-08 01:31:30,558 [pool-95-thread-1] INFO  server.RaftServerConfigKeys (ConfUtils.java:logGet(46)) - raft.server.snapshot.auto.trigger.enabled = true (custom)
2022-10-08 01:31:30,558 [pool-95-thread-1] INFO  server.RaftServerConfigKeys (ConfUtils.java:logGet(46)) - raft.server.snapshot.auto.trigger.threshold = 10000 (custom)
2022-10-08 01:31:30,558 [pool-95-thread-1] INFO  server.RaftServerConfigKeys (ConfUtils.java:logGet(46)) - raft.server.snapshot.retention.file.num = 5 (custom)
2022-10-08 01:31:30,558 [pool-95-thread-1] INFO  server.RaftServerConfigKeys (ConfUtils.java:logGet(46)) - raft.server.log.purge.upto.snapshot.index = false (default)
2022-10-08 01:31:30,558 [pool-95-thread-1] INFO  server.RaftServerConfigKeys (ConfUtils.java:logGet(46)) - raft.server.retrycache.expirytime = 600000ms (custom)
2022-10-08 01:31:30,558 [pool-95-thread-1] INFO  server.RaftServerConfigKeys (ConfUtils.java:logGet(46)) - raft.server.retrycache.statistics.expirytime = 100μs (default)
2022-10-08 01:31:30,563 [pool-95-thread-1] INFO  server.RaftServerConfigKeys (ConfUtils.java:logGet(46)) - raft.server.log.appender.install.snapshot.enabled = false (custom)
2022-10-08 01:31:30,563 [pool-95-thread-1] INFO  server.RaftServerConfigKeys (ConfUtils.java:logGet(46)) - raft.server.threadpool.server.cached = true (default)
2022-10-08 01:31:30,563 [pool-95-thread-1] INFO  server.RaftServerConfigKeys (ConfUtils.java:logGet(46)) - raft.server.threadpool.server.size = 0 (default)
2022-10-08 01:31:30,563 [pool-95-thread-1] INFO  server.RaftServerConfigKeys (ConfUtils.java:logGet(46)) - raft.server.threadpool.client.cached = true (default)
2022-10-08 01:31:30,563 [pool-95-thread-1] INFO  server.RaftServerConfigKeys (ConfUtils.java:logGet(46)) - raft.server.threadpool.client.size = 0 (default)
2022-10-08 01:31:30,563 [pool-95-thread-1] INFO  server.RaftServer$Division (RaftServerImpl.java:start(310)) - a36237c7-2fce-420b-94d1-439aa558db2d@group-A8D86C891430: start as a follower, conf=-1: [a36237c7-2fce-420b-94d1-439aa558db2d|rpc:10.1.0.61:41927|priority:1], old=null
2022-10-08 01:31:30,563 [pool-95-thread-1] INFO  server.RaftServer$Division (RaftServerImpl.java:setRole(299)) - a36237c7-2fce-420b-94d1-439aa558db2d@group-A8D86C891430: changes role from      null to FOLLOWER at term 0 for startAsFollower
2022-10-08 01:31:30,563 [pool-95-thread-1] INFO  impl.RoleInfo (RoleInfo.java:updateAndGet(139)) - a36237c7-2fce-420b-94d1-439aa558db2d: start a36237c7-2fce-420b-94d1-439aa558db2d@group-A8D86C891430-FollowerState
2022-10-08 01:31:30,572 [pool-95-thread-1] INFO  util.JmxRegister (JmxRegister.java:tryRegister(44)) - Successfully registered JMX Bean with object name Ratis:service=RaftServer,group=group-A8D86C891430,id=a36237c7-2fce-420b-94d1-439aa558db2d
2022-10-08 01:31:30,579 [Command processor thread] INFO  ratis.XceiverServerRatis (XceiverServerRatis.java:addGroup(765)) - Created group PipelineID=4a9dec9a-ccbd-402c-a54d-a8d86c891430
2022-10-08 01:31:30,579 [Command processor thread] INFO  commandhandler.CreatePipelineCommandHandler (CreatePipelineCommandHandler.java:handle(113)) - Created Pipeline RATIS ONE PipelineID=4a9dec9a-ccbd-402c-a54d-a8d86c891430.
2022-10-08 01:31:30,584 [grpc-default-executor-0] INFO  server.RaftServer (RaftServerProxy.java:addNew(96)) - 81ce38e7-b758-4bd0-b008-806a23107e8d: addNew group-AA94085C93A7:[2a53bf39-8cf9-4e57-9be3-47f141ff45bd|rpc:10.1.0.61:38913|dataStream:|priority:1, a36237c7-2fce-420b-94d1-439aa558db2d|rpc:10.1.0.61:41927|dataStream:|priority:0, 81ce38e7-b758-4bd0-b008-806a23107e8d|rpc:10.1.0.61:36667|dataStream:|priority:0] returns group-AA94085C93A7:java.util.concurrent.CompletableFuture@2c3b1a0b[Not completed]
2022-10-08 01:31:30,586 [pool-118-thread-1] INFO  server.RaftServer$Division (RaftServerImpl.java:<init>(190)) - 81ce38e7-b758-4bd0-b008-806a23107e8d: new RaftServerImpl for group-AA94085C93A7:[2a53bf39-8cf9-4e57-9be3-47f141ff45bd|rpc:10.1.0.61:38913|dataStream:|priority:1, a36237c7-2fce-420b-94d1-439aa558db2d|rpc:10.1.0.61:41927|dataStream:|priority:0, 81ce38e7-b758-4bd0-b008-806a23107e8d|rpc:10.1.0.61:36667|dataStream:|priority:0] with ContainerStateMachine:uninitialized
2022-10-08 01:31:30,586 [pool-118-thread-1] INFO  server.RaftServerConfigKeys (ConfUtils.java:logGet(46)) - raft.server.rpc.timeout.min = 5s (custom)
2022-10-08 01:31:30,586 [pool-118-thread-1] INFO  server.RaftServerConfigKeys (ConfUtils.java:logGet(46)) - raft.server.rpc.timeout.max = 5200ms (custom)
2022-10-08 01:31:30,586 [pool-118-thread-1] INFO  server.RaftServerConfigKeys (ConfUtils.java:logGet(46)) - raft.server.rpc.sleep.time = 25ms (default)
2022-10-08 01:31:30,586 [pool-118-thread-1] INFO  server.RaftServerConfigKeys (ConfUtils.java:logGet(46)) - raft.server.rpc.slowness.timeout = 300s (custom)
2022-10-08 01:31:30,586 [pool-118-thread-1] INFO  server.RaftServerConfigKeys (ConfUtils.java:logGet(46)) - raft.server.leaderelection.leader.step-down.wait-time = 10s (default)
2022-10-08 01:31:30,586 [pool-118-thread-1] INFO  server.RaftServerConfigKeys (ConfUtils.java:logGet(46)) - raft.server.sleep.deviation.threshold = 300ms (default)
2022-10-08 01:31:30,586 [pool-118-thread-1] INFO  server.RaftServer$Division (ServerState.java:<init>(107)) - 81ce38e7-b758-4bd0-b008-806a23107e8d@group-AA94085C93A7: ConfigurationManager, init=-1: [2a53bf39-8cf9-4e57-9be3-47f141ff45bd|rpc:10.1.0.61:38913|dataStream:|priority:1, a36237c7-2fce-420b-94d1-439aa558db2d|rpc:10.1.0.61:41927|dataStream:|priority:0, 81ce38e7-b758-4bd0-b008-806a23107e8d|rpc:10.1.0.61:36667|dataStream:|priority:0], old=null, confs=<EMPTY_MAP>
2022-10-08 01:31:30,586 [pool-118-thread-1] INFO  server.RaftServerConfigKeys (ConfUtils.java:logGet(46)) - raft.server.storage.dir = [/home/runner/work/ozone/ozone/hadoop-ozone/integration-test/target/test-dir/MiniOzoneClusterImpl-c72639db-50b4-484a-b3ab-3c380931c8c6/datanode-2/data/ratis] (custom)
2022-10-08 01:31:30,586 [pool-118-thread-1] INFO  server.RaftServerConfigKeys (ConfUtils.java:logGet(46)) - raft.server.log.corruption.policy = EXCEPTION (default)
2022-10-08 01:31:30,587 [pool-118-thread-1] INFO  server.RaftServerConfigKeys (ConfUtils.java:logGet(46)) - raft.server.storage.free-space.min = 0MB (=0) (default)
2022-10-08 01:31:30,587 [pool-118-thread-1] INFO  storage.RaftStorageDirectory (RaftStorageDirectoryImpl.java:analyzeStorage(135)) - The storage directory /home/runner/work/ozone/ozone/hadoop-ozone/integration-test/target/test-dir/MiniOzoneClusterImpl-c72639db-50b4-484a-b3ab-3c380931c8c6/datanode-2/data/ratis/e15aead0-6d2d-4584-81f4-aa94085c93a7 does not exist. Creating ...
2022-10-08 01:31:30,593 [pool-118-thread-1] INFO  storage.RaftStorageDirectory (RaftStorageDirectoryImpl.java:tryLock(230)) - Lock on /home/runner/work/ozone/ozone/hadoop-ozone/integration-test/target/test-dir/MiniOzoneClusterImpl-c72639db-50b4-484a-b3ab-3c380931c8c6/datanode-2/data/ratis/e15aead0-6d2d-4584-81f4-aa94085c93a7/in_use.lock acquired by nodename 52807@fv-az180-867
2022-10-08 01:31:30,599 [pool-118-thread-1] INFO  storage.RaftStorage (RaftStorageImpl.java:format(89)) - Storage directory /home/runner/work/ozone/ozone/hadoop-ozone/integration-test/target/test-dir/MiniOzoneClusterImpl-c72639db-50b4-484a-b3ab-3c380931c8c6/datanode-2/data/ratis/e15aead0-6d2d-4584-81f4-aa94085c93a7 has been successfully formatted.
2022-10-08 01:31:30,600 [pool-118-thread-1] INFO  ratis.ContainerStateMachine (ContainerStateMachine.java:loadSnapshot(236)) - group-AA94085C93A7: The snapshot info is null. Setting the last applied indexto:(t:0, i:~)
2022-10-08 01:31:30,600 [pool-118-thread-1] INFO  server.RaftServerConfigKeys (ConfUtils.java:logGet(46)) - raft.server.notification.no-leader.timeout = 300s (custom)
2022-10-08 01:31:30,602 [pool-118-thread-1] INFO  server.RaftServerConfigKeys (ConfUtils.java:logGet(46)) - raft.server.log.use.memory = false (default)
2022-10-08 01:31:30,603 [pool-118-thread-1] INFO  server.RaftServerConfigKeys (ConfUtils.java:logGet(46)) - raft.server.log.purge.gap = 1000000 (custom)
2022-10-08 01:31:30,603 [pool-118-thread-1] INFO  server.RaftServerConfigKeys (ConfUtils.java:logGet(46)) - raft.server.log.appender.buffer.byte-limit = 33554432 (custom)
2022-10-08 01:31:30,603 [pool-118-thread-1] INFO  server.RaftServerConfigKeys (ConfUtils.java:logGet(46)) - raft.server.log.statemachine.data.read.timeout = 1000ms (default)
2022-10-08 01:31:30,603 [pool-118-thread-1] INFO  server.RaftServerConfigKeys (ConfUtils.java:logGet(46)) - raft.server.log.segment.size.max = 1048576 (custom)
2022-10-08 01:31:30,603 [pool-118-thread-1] INFO  server.RaftServerConfigKeys (ConfUtils.java:logGet(46)) - raft.server.log.segment.cache.num.max = 2 (custom)
2022-10-08 01:31:30,603 [pool-118-thread-1] INFO  server.RaftServerConfigKeys (ConfUtils.java:logGet(46)) - raft.server.log.segment.cache.size.max = 200MB (=209715200) (default)
2022-10-08 01:31:30,604 [pool-118-thread-1] INFO  segmented.SegmentedRaftLogWorker (SegmentedRaftLogWorker.java:<init>(187)) - new 81ce38e7-b758-4bd0-b008-806a23107e8d@group-AA94085C93A7-SegmentedRaftLogWorker for RaftStorageImpl:Storage Directory /home/runner/work/ozone/ozone/hadoop-ozone/integration-test/target/test-dir/MiniOzoneClusterImpl-c72639db-50b4-484a-b3ab-3c380931c8c6/datanode-2/data/ratis/e15aead0-6d2d-4584-81f4-aa94085c93a7
2022-10-08 01:31:30,604 [pool-118-thread-1] INFO  server.RaftServerConfigKeys (ConfUtils.java:logGet(46)) - raft.server.log.queue.byte-limit = 4294967296 (custom)
2022-10-08 01:31:30,604 [pool-118-thread-1] INFO  server.RaftServerConfigKeys (ConfUtils.java:logGet(46)) - raft.server.log.queue.element-limit = 1024 (custom)
2022-10-08 01:31:30,604 [pool-118-thread-1] INFO  server.RaftServerConfigKeys (ConfUtils.java:logGet(46)) - raft.server.log.segment.size.max = 1048576 (custom)
2022-10-08 01:31:30,604 [pool-118-thread-1] INFO  server.RaftServerConfigKeys (ConfUtils.java:logGet(46)) - raft.server.log.preallocated.size = 16384 (custom)
2022-10-08 01:31:30,604 [pool-118-thread-1] INFO  server.RaftServerConfigKeys (ConfUtils.java:logGet(46)) - raft.server.log.force.sync.num = 128 (default)
2022-10-08 01:31:30,604 [pool-118-thread-1] INFO  server.RaftServerConfigKeys (ConfUtils.java:logGet(46)) - raft.server.log.statemachine.data.sync = true (default)
2022-10-08 01:31:30,604 [pool-118-thread-1] INFO  server.RaftServerConfigKeys (ConfUtils.java:logGet(46)) - raft.server.log.statemachine.data.sync.timeout = 10s (default)
2022-10-08 01:31:30,604 [pool-118-thread-1] INFO  server.RaftServerConfigKeys (ConfUtils.java:logGet(46)) - raft.server.log.statemachine.data.sync.timeout.retry = -1 (default)
2022-10-08 01:31:30,605 [pool-118-thread-1] INFO  server.RaftServerConfigKeys (ConfUtils.java:logGet(46)) - raft.server.log.write.buffer.size = 1048576 (custom)
2022-10-08 01:31:30,605 [pool-118-thread-1] INFO  server.RaftServerConfigKeys (ConfUtils.java:logGet(46)) - raft.server.log.unsafe-flush.enabled = false (default)
2022-10-08 01:31:30,605 [pool-118-thread-1] INFO  server.RaftServerConfigKeys (ConfUtils.java:logGet(46)) - raft.server.log.statemachine.data.caching.enabled = true (custom)
2022-10-08 01:31:30,605 [pool-118-thread-1] INFO  segmented.SegmentedRaftLogWorker (SegmentedRaftLogWorker.java:lambda$new$0(135)) - 81ce38e7-b758-4bd0-b008-806a23107e8d@group-AA94085C93A7-SegmentedRaftLogWorker: flushIndex: setUnconditionally 0 -> -1
2022-10-08 01:31:30,605 [pool-118-thread-1] INFO  segmented.SegmentedRaftLogWorker (SegmentedRaftLogWorker.java:lambda$new$0(135)) - 81ce38e7-b758-4bd0-b008-806a23107e8d@group-AA94085C93A7-SegmentedRaftLogWorker: safeCacheEvictIndex: setUnconditionally 0 -> -1
2022-10-08 01:31:30,606 [pool-118-thread-1] INFO  server.RaftServerConfigKeys (ConfUtils.java:logGet(46)) - raft.server.snapshot.auto.trigger.enabled = true (custom)
2022-10-08 01:31:30,606 [pool-118-thread-1] INFO  server.RaftServerConfigKeys (ConfUtils.java:logGet(46)) - raft.server.snapshot.auto.trigger.threshold = 10000 (custom)
2022-10-08 01:31:30,606 [pool-118-thread-1] INFO  server.RaftServerConfigKeys (ConfUtils.java:logGet(46)) - raft.server.snapshot.retention.file.num = 5 (custom)
2022-10-08 01:31:30,606 [pool-118-thread-1] INFO  server.RaftServerConfigKeys (ConfUtils.java:logGet(46)) - raft.server.log.purge.upto.snapshot.index = false (default)
2022-10-08 01:31:30,606 [pool-118-thread-1] INFO  server.RaftServerConfigKeys (ConfUtils.java:logGet(46)) - raft.server.retrycache.expirytime = 600000ms (custom)
2022-10-08 01:31:30,606 [pool-118-thread-1] INFO  server.RaftServerConfigKeys (ConfUtils.java:logGet(46)) - raft.server.retrycache.statistics.expirytime = 100μs (default)
2022-10-08 01:31:30,607 [pool-118-thread-1] INFO  server.RaftServerConfigKeys (ConfUtils.java:logGet(46)) - raft.server.log.appender.install.snapshot.enabled = false (custom)
2022-10-08 01:31:30,607 [pool-118-thread-1] INFO  server.RaftServerConfigKeys (ConfUtils.java:logGet(46)) - raft.server.threadpool.server.cached = true (default)
2022-10-08 01:31:30,607 [pool-118-thread-1] INFO  server.RaftServerConfigKeys (ConfUtils.java:logGet(46)) - raft.server.threadpool.server.size = 0 (default)
2022-10-08 01:31:30,607 [pool-118-thread-1] INFO  server.RaftServerConfigKeys (ConfUtils.java:logGet(46)) - raft.server.threadpool.client.cached = true (default)
2022-10-08 01:31:30,607 [pool-118-thread-1] INFO  server.RaftServerConfigKeys (ConfUtils.java:logGet(46)) - raft.server.threadpool.client.size = 0 (default)
2022-10-08 01:31:30,607 [pool-118-thread-1] INFO  server.RaftServer$Division (RaftServerImpl.java:start(310)) - 81ce38e7-b758-4bd0-b008-806a23107e8d@group-AA94085C93A7: start as a follower, conf=-1: [2a53bf39-8cf9-4e57-9be3-47f141ff45bd|rpc:10.1.0.61:38913|dataStream:|priority:1, a36237c7-2fce-420b-94d1-439aa558db2d|rpc:10.1.0.61:41927|dataStream:|priority:0, 81ce38e7-b758-4bd0-b008-806a23107e8d|rpc:10.1.0.61:36667|dataStream:|priority:0], old=null
2022-10-08 01:31:30,607 [pool-118-thread-1] INFO  server.RaftServer$Division (RaftServerImpl.java:setRole(299)) - 81ce38e7-b758-4bd0-b008-806a23107e8d@group-AA94085C93A7: changes role from      null to FOLLOWER at term 0 for startAsFollower
2022-10-08 01:31:30,607 [pool-118-thread-1] INFO  impl.RoleInfo (RoleInfo.java:updateAndGet(139)) - 81ce38e7-b758-4bd0-b008-806a23107e8d: start 81ce38e7-b758-4bd0-b008-806a23107e8d@group-AA94085C93A7-FollowerState
2022-10-08 01:31:30,610 [pool-118-thread-1] INFO  util.JmxRegister (JmxRegister.java:tryRegister(44)) - Successfully registered JMX Bean with object name Ratis:service=RaftServer,group=group-AA94085C93A7,id=81ce38e7-b758-4bd0-b008-806a23107e8d
2022-10-08 01:31:30,617 [Command processor thread] INFO  commandhandler.CreatePipelineCommandHandler (CreatePipelineCommandHandler.java:handle(113)) - Created Pipeline RATIS THREE PipelineID=e15aead0-6d2d-4584-81f4-aa94085c93a7.
2022-10-08 01:31:30,702 [Listener at 127.0.0.1/46853] INFO  ozone.MiniOzoneClusterImpl (MiniOzoneClusterImpl.java:lambda$waitForClusterToBeReady$0(216)) - Nodes are ready. Got 5 of 5 DN Heartbeats.
2022-10-08 01:31:30,702 [Listener at 127.0.0.1/46853] INFO  ozone.MiniOzoneClusterImpl (MiniOzoneClusterImpl.java:lambda$waitForClusterToBeReady$0(219)) - Waiting for cluster to exit safe mode
2022-10-08 01:31:30,702 [Listener at 127.0.0.1/46853] INFO  ozone.MiniOzoneClusterImpl (MiniOzoneClusterImpl.java:lambda$waitForClusterToBeReady$0(221)) - SCM became leader
2022-10-08 01:31:30,904 [Command processor thread] INFO  server.RaftServer (RaftServerProxy.java:addNew(96)) - 81ce38e7-b758-4bd0-b008-806a23107e8d: addNew group-87763699CC80:[81ce38e7-b758-4bd0-b008-806a23107e8d|rpc:10.1.0.61:36667|priority:1] returns group-87763699CC80:java.util.concurrent.CompletableFuture@f286713[Not completed]
2022-10-08 01:31:30,905 [pool-118-thread-1] INFO  server.RaftServer$Division (RaftServerImpl.java:<init>(190)) - 81ce38e7-b758-4bd0-b008-806a23107e8d: new RaftServerImpl for group-87763699CC80:[81ce38e7-b758-4bd0-b008-806a23107e8d|rpc:10.1.0.61:36667|priority:1] with ContainerStateMachine:uninitialized
2022-10-08 01:31:30,906 [pool-118-thread-1] INFO  server.RaftServerConfigKeys (ConfUtils.java:logGet(46)) - raft.server.rpc.timeout.min = 5s (custom)
2022-10-08 01:31:30,906 [pool-118-thread-1] INFO  server.RaftServerConfigKeys (ConfUtils.java:logGet(46)) - raft.server.rpc.timeout.max = 5200ms (custom)
2022-10-08 01:31:30,906 [pool-118-thread-1] INFO  server.RaftServerConfigKeys (ConfUtils.java:logGet(46)) - raft.server.rpc.sleep.time = 25ms (default)
2022-10-08 01:31:30,906 [pool-118-thread-1] INFO  server.RaftServerConfigKeys (ConfUtils.java:logGet(46)) - raft.server.rpc.slowness.timeout = 300s (custom)
2022-10-08 01:31:30,906 [pool-118-thread-1] INFO  server.RaftServerConfigKeys (ConfUtils.java:logGet(46)) - raft.server.leaderelection.leader.step-down.wait-time = 10s (default)
2022-10-08 01:31:30,906 [pool-118-thread-1] INFO  server.RaftServerConfigKeys (ConfUtils.java:logGet(46)) - raft.server.sleep.deviation.threshold = 300ms (default)
2022-10-08 01:31:30,906 [pool-118-thread-1] INFO  server.RaftServer$Division (ServerState.java:<init>(107)) - 81ce38e7-b758-4bd0-b008-806a23107e8d@group-87763699CC80: ConfigurationManager, init=-1: [81ce38e7-b758-4bd0-b008-806a23107e8d|rpc:10.1.0.61:36667|priority:1], old=null, confs=<EMPTY_MAP>
2022-10-08 01:31:30,906 [pool-118-thread-1] INFO  server.RaftServerConfigKeys (ConfUtils.java:logGet(46)) - raft.server.storage.dir = [/home/runner/work/ozone/ozone/hadoop-ozone/integration-test/target/test-dir/MiniOzoneClusterImpl-c72639db-50b4-484a-b3ab-3c380931c8c6/datanode-2/data/ratis] (custom)
2022-10-08 01:31:30,906 [pool-118-thread-1] INFO  server.RaftServerConfigKeys (ConfUtils.java:logGet(46)) - raft.server.log.corruption.policy = EXCEPTION (default)
2022-10-08 01:31:30,906 [pool-118-thread-1] INFO  server.RaftServerConfigKeys (ConfUtils.java:logGet(46)) - raft.server.storage.free-space.min = 0MB (=0) (default)
2022-10-08 01:31:30,906 [pool-118-thread-1] INFO  storage.RaftStorageDirectory (RaftStorageDirectoryImpl.java:analyzeStorage(135)) - The storage directory /home/runner/work/ozone/ozone/hadoop-ozone/integration-test/target/test-dir/MiniOzoneClusterImpl-c72639db-50b4-484a-b3ab-3c380931c8c6/datanode-2/data/ratis/666bd1c7-3c83-4c38-a9f8-87763699cc80 does not exist. Creating ...
2022-10-08 01:31:30,913 [pool-118-thread-1] INFO  storage.RaftStorageDirectory (RaftStorageDirectoryImpl.java:tryLock(230)) - Lock on /home/runner/work/ozone/ozone/hadoop-ozone/integration-test/target/test-dir/MiniOzoneClusterImpl-c72639db-50b4-484a-b3ab-3c380931c8c6/datanode-2/data/ratis/666bd1c7-3c83-4c38-a9f8-87763699cc80/in_use.lock acquired by nodename 52807@fv-az180-867
2022-10-08 01:31:30,919 [pool-118-thread-1] INFO  storage.RaftStorage (RaftStorageImpl.java:format(89)) - Storage directory /home/runner/work/ozone/ozone/hadoop-ozone/integration-test/target/test-dir/MiniOzoneClusterImpl-c72639db-50b4-484a-b3ab-3c380931c8c6/datanode-2/data/ratis/666bd1c7-3c83-4c38-a9f8-87763699cc80 has been successfully formatted.
2022-10-08 01:31:30,920 [pool-118-thread-1] INFO  ratis.ContainerStateMachine (ContainerStateMachine.java:loadSnapshot(236)) - group-87763699CC80: The snapshot info is null. Setting the last applied indexto:(t:0, i:~)
2022-10-08 01:31:30,920 [pool-118-thread-1] INFO  server.RaftServerConfigKeys (ConfUtils.java:logGet(46)) - raft.server.notification.no-leader.timeout = 300s (custom)
2022-10-08 01:31:30,920 [pool-118-thread-1] INFO  server.RaftServerConfigKeys (ConfUtils.java:logGet(46)) - raft.server.log.use.memory = false (default)
2022-10-08 01:31:30,920 [pool-118-thread-1] INFO  server.RaftServerConfigKeys (ConfUtils.java:logGet(46)) - raft.server.log.purge.gap = 1000000 (custom)
2022-10-08 01:31:30,920 [pool-118-thread-1] INFO  server.RaftServerConfigKeys (ConfUtils.java:logGet(46)) - raft.server.log.appender.buffer.byte-limit = 33554432 (custom)
2022-10-08 01:31:30,920 [pool-118-thread-1] INFO  server.RaftServerConfigKeys (ConfUtils.java:logGet(46)) - raft.server.log.statemachine.data.read.timeout = 1000ms (default)
2022-10-08 01:31:30,920 [pool-118-thread-1] INFO  server.RaftServerConfigKeys (ConfUtils.java:logGet(46)) - raft.server.log.segment.size.max = 1048576 (custom)
2022-10-08 01:31:30,922 [pool-118-thread-1] INFO  server.RaftServerConfigKeys (ConfUtils.java:logGet(46)) - raft.server.log.segment.cache.num.max = 2 (custom)
2022-10-08 01:31:30,922 [pool-118-thread-1] INFO  server.RaftServerConfigKeys (ConfUtils.java:logGet(46)) - raft.server.log.segment.cache.size.max = 200MB (=209715200) (default)
2022-10-08 01:31:30,922 [pool-118-thread-1] INFO  segmented.SegmentedRaftLogWorker (SegmentedRaftLogWorker.java:<init>(187)) - new 81ce38e7-b758-4bd0-b008-806a23107e8d@group-87763699CC80-SegmentedRaftLogWorker for RaftStorageImpl:Storage Directory /home/runner/work/ozone/ozone/hadoop-ozone/integration-test/target/test-dir/MiniOzoneClusterImpl-c72639db-50b4-484a-b3ab-3c380931c8c6/datanode-2/data/ratis/666bd1c7-3c83-4c38-a9f8-87763699cc80
2022-10-08 01:31:30,922 [pool-118-thread-1] INFO  server.RaftServerConfigKeys (ConfUtils.java:logGet(46)) - raft.server.log.queue.byte-limit = 4294967296 (custom)
2022-10-08 01:31:30,922 [pool-118-thread-1] INFO  server.RaftServerConfigKeys (ConfUtils.java:logGet(46)) - raft.server.log.queue.element-limit = 1024 (custom)
2022-10-08 01:31:30,922 [pool-118-thread-1] INFO  server.RaftServerConfigKeys (ConfUtils.java:logGet(46)) - raft.server.log.segment.size.max = 1048576 (custom)
2022-10-08 01:31:30,922 [pool-118-thread-1] INFO  server.RaftServerConfigKeys (ConfUtils.java:logGet(46)) - raft.server.log.preallocated.size = 16384 (custom)
2022-10-08 01:31:30,922 [pool-118-thread-1] INFO  server.RaftServerConfigKeys (ConfUtils.java:logGet(46)) - raft.server.log.force.sync.num = 128 (default)
2022-10-08 01:31:30,922 [pool-118-thread-1] INFO  server.RaftServerConfigKeys (ConfUtils.java:logGet(46)) - raft.server.log.statemachine.data.sync = true (default)
2022-10-08 01:31:30,922 [pool-118-thread-1] INFO  server.RaftServerConfigKeys (ConfUtils.java:logGet(46)) - raft.server.log.statemachine.data.sync.timeout = 10s (default)
2022-10-08 01:31:30,922 [pool-118-thread-1] INFO  server.RaftServerConfigKeys (ConfUtils.java:logGet(46)) - raft.server.log.statemachine.data.sync.timeout.retry = -1 (default)
2022-10-08 01:31:30,922 [EventQueue-PipelineReportForPipelineReportHandler] INFO  pipeline.PipelineManagerImpl (PipelineManagerImpl.java:openPipeline(367)) - Pipeline Pipeline[ Id: 666bd1c7-3c83-4c38-a9f8-87763699cc80, Nodes: 81ce38e7-b758-4bd0-b008-806a23107e8d{ip: 10.1.0.61, host: fv-az180-867.g3pwtgv4ffyuhaixmbmm0kyh3d.gx.internal.cloudapp.net, ports: [REPLICATION=46435, RATIS=36667, RATIS_ADMIN=36667, RATIS_SERVER=36667, STANDALONE=41229], networkLocation: /default-rack, certSerialId: null, persistedOpState: IN_SERVICE, persistedOpStateExpiryEpochSec: 0}, ReplicationConfig: RATIS/ONE, State:ALLOCATED, leaderId:81ce38e7-b758-4bd0-b008-806a23107e8d, CreationTimestamp2022-10-08T01:31:27.908Z[Etc/UTC]] moved to OPEN state
2022-10-08 01:31:30,923 [EventQueue-OpenPipelineForHealthyPipelineSafeModeRule] INFO  safemode.SCMSafeModeManager (HealthyPipelineSafeModeRule.java:process(137)) - SCM in safe mode. Healthy pipelines reported count is 0, required healthy pipeline reported count is 1
2022-10-08 01:31:30,923 [pool-118-thread-1] INFO  server.RaftServerConfigKeys (ConfUtils.java:logGet(46)) - raft.server.log.write.buffer.size = 1048576 (custom)
2022-10-08 01:31:30,924 [pool-118-thread-1] INFO  server.RaftServerConfigKeys (ConfUtils.java:logGet(46)) - raft.server.log.unsafe-flush.enabled = false (default)
2022-10-08 01:31:30,924 [pool-118-thread-1] INFO  server.RaftServerConfigKeys (ConfUtils.java:logGet(46)) - raft.server.log.statemachine.data.caching.enabled = true (custom)
2022-10-08 01:31:30,924 [pool-118-thread-1] INFO  segmented.SegmentedRaftLogWorker (SegmentedRaftLogWorker.java:lambda$new$0(135)) - 81ce38e7-b758-4bd0-b008-806a23107e8d@group-87763699CC80-SegmentedRaftLogWorker: flushIndex: setUnconditionally 0 -> -1
2022-10-08 01:31:30,924 [pool-118-thread-1] INFO  segmented.SegmentedRaftLogWorker (SegmentedRaftLogWorker.java:lambda$new$0(135)) - 81ce38e7-b758-4bd0-b008-806a23107e8d@group-87763699CC80-SegmentedRaftLogWorker: safeCacheEvictIndex: setUnconditionally 0 -> -1
2022-10-08 01:31:30,924 [pool-118-thread-1] INFO  server.RaftServerConfigKeys (ConfUtils.java:logGet(46)) - raft.server.snapshot.auto.trigger.enabled = true (custom)
2022-10-08 01:31:30,924 [pool-118-thread-1] INFO  server.RaftServerConfigKeys (ConfUtils.java:logGet(46)) - raft.server.snapshot.auto.trigger.threshold = 10000 (custom)
2022-10-08 01:31:30,924 [pool-118-thread-1] INFO  server.RaftServerConfigKeys (ConfUtils.java:logGet(46)) - raft.server.snapshot.retention.file.num = 5 (custom)
2022-10-08 01:31:30,924 [pool-118-thread-1] INFO  server.RaftServerConfigKeys (ConfUtils.java:logGet(46)) - raft.server.log.purge.upto.snapshot.index = false (default)
2022-10-08 01:31:30,924 [pool-118-thread-1] INFO  server.RaftServerConfigKeys (ConfUtils.java:logGet(46)) - raft.server.retrycache.expirytime = 600000ms (custom)
2022-10-08 01:31:30,924 [pool-118-thread-1] INFO  server.RaftServerConfigKeys (ConfUtils.java:logGet(46)) - raft.server.retrycache.statistics.expirytime = 100μs (default)
2022-10-08 01:31:30,926 [pool-118-thread-1] INFO  server.RaftServerConfigKeys (ConfUtils.java:logGet(46)) - raft.server.log.appender.install.snapshot.enabled = false (custom)
2022-10-08 01:31:30,926 [pool-118-thread-1] INFO  server.RaftServerConfigKeys (ConfUtils.java:logGet(46)) - raft.server.threadpool.server.cached = true (default)
2022-10-08 01:31:30,926 [pool-118-thread-1] INFO  server.RaftServerConfigKeys (ConfUtils.java:logGet(46)) - raft.server.threadpool.server.size = 0 (default)
2022-10-08 01:31:30,926 [pool-118-thread-1] INFO  server.RaftServerConfigKeys (ConfUtils.java:logGet(46)) - raft.server.threadpool.client.cached = true (default)
2022-10-08 01:31:30,926 [pool-118-thread-1] INFO  server.RaftServerConfigKeys (ConfUtils.java:logGet(46)) - raft.server.threadpool.client.size = 0 (default)
2022-10-08 01:31:30,926 [pool-118-thread-1] INFO  server.RaftServer$Division (RaftServerImpl.java:start(310)) - 81ce38e7-b758-4bd0-b008-806a23107e8d@group-87763699CC80: start as a follower, conf=-1: [81ce38e7-b758-4bd0-b008-806a23107e8d|rpc:10.1.0.61:36667|priority:1], old=null
2022-10-08 01:31:30,926 [pool-118-thread-1] INFO  server.RaftServer$Division (RaftServerImpl.java:setRole(299)) - 81ce38e7-b758-4bd0-b008-806a23107e8d@group-87763699CC80: changes role from      null to FOLLOWER at term 0 for startAsFollower
2022-10-08 01:31:30,926 [pool-118-thread-1] INFO  impl.RoleInfo (RoleInfo.java:updateAndGet(139)) - 81ce38e7-b758-4bd0-b008-806a23107e8d: start 81ce38e7-b758-4bd0-b008-806a23107e8d@group-87763699CC80-FollowerState
2022-10-08 01:31:30,926 [pool-118-thread-1] INFO  util.JmxRegister (JmxRegister.java:tryRegister(44)) - Successfully registered JMX Bean with object name Ratis:service=RaftServer,group=group-87763699CC80,id=81ce38e7-b758-4bd0-b008-806a23107e8d
2022-10-08 01:31:30,927 [Command processor thread] INFO  ratis.XceiverServerRatis (XceiverServerRatis.java:addGroup(765)) - Created group PipelineID=666bd1c7-3c83-4c38-a9f8-87763699cc80
2022-10-08 01:31:30,927 [Command processor thread] INFO  commandhandler.CreatePipelineCommandHandler (CreatePipelineCommandHandler.java:handle(113)) - Created Pipeline RATIS ONE PipelineID=666bd1c7-3c83-4c38-a9f8-87763699cc80.
2022-10-08 01:31:31,304 [ReplicationMonitor] INFO  replication.ReplicationManager (ReplicationManager.java:processAll(291)) - Replication Manager is not ready to run until 3000ms after safemode exit
2022-10-08 01:31:31,378 [Command processor thread] INFO  server.RaftServer (RaftServerProxy.java:addNew(96)) - a84413c3-fab5-4bb4-8251-7613d0a65916: addNew group-727398853F70:[a84413c3-fab5-4bb4-8251-7613d0a65916|rpc:10.1.0.61:34151|priority:1] returns group-727398853F70:java.util.concurrent.CompletableFuture@16d06cd2[Not completed]
2022-10-08 01:31:31,380 [pool-141-thread-1] INFO  server.RaftServer$Division (RaftServerImpl.java:<init>(190)) - a84413c3-fab5-4bb4-8251-7613d0a65916: new RaftServerImpl for group-727398853F70:[a84413c3-fab5-4bb4-8251-7613d0a65916|rpc:10.1.0.61:34151|priority:1] with ContainerStateMachine:uninitialized
2022-10-08 01:31:31,380 [pool-141-thread-1] INFO  server.RaftServerConfigKeys (ConfUtils.java:logGet(46)) - raft.server.rpc.timeout.min = 5s (custom)
2022-10-08 01:31:31,380 [pool-141-thread-1] INFO  server.RaftServerConfigKeys (ConfUtils.java:logGet(46)) - raft.server.rpc.timeout.max = 5200ms (custom)
2022-10-08 01:31:31,380 [pool-141-thread-1] INFO  server.RaftServerConfigKeys (ConfUtils.java:logGet(46)) - raft.server.rpc.sleep.time = 25ms (default)
2022-10-08 01:31:31,380 [pool-141-thread-1] INFO  server.RaftServerConfigKeys (ConfUtils.java:logGet(46)) - raft.server.rpc.slowness.timeout = 300s (custom)
2022-10-08 01:31:31,380 [pool-141-thread-1] INFO  server.RaftServerConfigKeys (ConfUtils.java:logGet(46)) - raft.server.leaderelection.leader.step-down.wait-time = 10s (default)
2022-10-08 01:31:31,380 [pool-141-thread-1] INFO  server.RaftServerConfigKeys (ConfUtils.java:logGet(46)) - raft.server.sleep.deviation.threshold = 300ms (default)
2022-10-08 01:31:31,380 [pool-141-thread-1] INFO  server.RaftServer$Division (ServerState.java:<init>(107)) - a84413c3-fab5-4bb4-8251-7613d0a65916@group-727398853F70: ConfigurationManager, init=-1: [a84413c3-fab5-4bb4-8251-7613d0a65916|rpc:10.1.0.61:34151|priority:1], old=null, confs=<EMPTY_MAP>
2022-10-08 01:31:31,380 [pool-141-thread-1] INFO  server.RaftServerConfigKeys (ConfUtils.java:logGet(46)) - raft.server.storage.dir = [/home/runner/work/ozone/ozone/hadoop-ozone/integration-test/target/test-dir/MiniOzoneClusterImpl-c72639db-50b4-484a-b3ab-3c380931c8c6/datanode-3/data/ratis] (custom)
2022-10-08 01:31:31,380 [pool-141-thread-1] INFO  server.RaftServerConfigKeys (ConfUtils.java:logGet(46)) - raft.server.log.corruption.policy = EXCEPTION (default)
2022-10-08 01:31:31,380 [pool-141-thread-1] INFO  server.RaftServerConfigKeys (ConfUtils.java:logGet(46)) - raft.server.storage.free-space.min = 0MB (=0) (default)
2022-10-08 01:31:31,381 [pool-141-thread-1] INFO  storage.RaftStorageDirectory (RaftStorageDirectoryImpl.java:analyzeStorage(135)) - The storage directory /home/runner/work/ozone/ozone/hadoop-ozone/integration-test/target/test-dir/MiniOzoneClusterImpl-c72639db-50b4-484a-b3ab-3c380931c8c6/datanode-3/data/ratis/02a84043-ca47-4f85-b860-727398853f70 does not exist. Creating ...
2022-10-08 01:31:31,389 [pool-141-thread-1] INFO  storage.RaftStorageDirectory (RaftStorageDirectoryImpl.java:tryLock(230)) - Lock on /home/runner/work/ozone/ozone/hadoop-ozone/integration-test/target/test-dir/MiniOzoneClusterImpl-c72639db-50b4-484a-b3ab-3c380931c8c6/datanode-3/data/ratis/02a84043-ca47-4f85-b860-727398853f70/in_use.lock acquired by nodename 52807@fv-az180-867
2022-10-08 01:31:31,397 [pool-141-thread-1] INFO  storage.RaftStorage (RaftStorageImpl.java:format(89)) - Storage directory /home/runner/work/ozone/ozone/hadoop-ozone/integration-test/target/test-dir/MiniOzoneClusterImpl-c72639db-50b4-484a-b3ab-3c380931c8c6/datanode-3/data/ratis/02a84043-ca47-4f85-b860-727398853f70 has been successfully formatted.
2022-10-08 01:31:31,398 [pool-141-thread-1] INFO  ratis.ContainerStateMachine (ContainerStateMachine.java:loadSnapshot(236)) - group-727398853F70: The snapshot info is null. Setting the last applied indexto:(t:0, i:~)
2022-10-08 01:31:31,398 [pool-141-thread-1] INFO  server.RaftServerConfigKeys (ConfUtils.java:logGet(46)) - raft.server.notification.no-leader.timeout = 300s (custom)
2022-10-08 01:31:31,398 [pool-141-thread-1] INFO  server.RaftServerConfigKeys (ConfUtils.java:logGet(46)) - raft.server.log.use.memory = false (default)
2022-10-08 01:31:31,398 [pool-141-thread-1] INFO  server.RaftServerConfigKeys (ConfUtils.java:logGet(46)) - raft.server.log.purge.gap = 1000000 (custom)
2022-10-08 01:31:31,398 [pool-141-thread-1] INFO  server.RaftServerConfigKeys (ConfUtils.java:logGet(46)) - raft.server.log.appender.buffer.byte-limit = 33554432 (custom)
2022-10-08 01:31:31,398 [pool-141-thread-1] INFO  server.RaftServerConfigKeys (ConfUtils.java:logGet(46)) - raft.server.log.statemachine.data.read.timeout = 1000ms (default)
2022-10-08 01:31:31,400 [EventQueue-PipelineReportForPipelineReportHandler] INFO  pipeline.PipelineManagerImpl (PipelineManagerImpl.java:openPipeline(367)) - Pipeline Pipeline[ Id: 02a84043-ca47-4f85-b860-727398853f70, Nodes: a84413c3-fab5-4bb4-8251-7613d0a65916{ip: 10.1.0.61, host: fv-az180-867.g3pwtgv4ffyuhaixmbmm0kyh3d.gx.internal.cloudapp.net, ports: [REPLICATION=38079, RATIS=34151, RATIS_ADMIN=34151, RATIS_SERVER=34151, STANDALONE=33593], networkLocation: /default-rack, certSerialId: null, persistedOpState: IN_SERVICE, persistedOpStateExpiryEpochSec: 0}, ReplicationConfig: RATIS/ONE, State:ALLOCATED, leaderId:a84413c3-fab5-4bb4-8251-7613d0a65916, CreationTimestamp2022-10-08T01:31:28.379Z[Etc/UTC]] moved to OPEN state
2022-10-08 01:31:31,400 [EventQueue-OpenPipelineForHealthyPipelineSafeModeRule] INFO  safemode.SCMSafeModeManager (HealthyPipelineSafeModeRule.java:process(137)) - SCM in safe mode. Healthy pipelines reported count is 0, required healthy pipeline reported count is 1
2022-10-08 01:31:31,400 [pool-141-thread-1] INFO  server.RaftServerConfigKeys (ConfUtils.java:logGet(46)) - raft.server.log.segment.size.max = 1048576 (custom)
2022-10-08 01:31:31,401 [pool-141-thread-1] INFO  server.RaftServerConfigKeys (ConfUtils.java:logGet(46)) - raft.server.log.segment.cache.num.max = 2 (custom)
2022-10-08 01:31:31,401 [pool-141-thread-1] INFO  server.RaftServerConfigKeys (ConfUtils.java:logGet(46)) - raft.server.log.segment.cache.size.max = 200MB (=209715200) (default)
2022-10-08 01:31:31,401 [pool-141-thread-1] INFO  segmented.SegmentedRaftLogWorker (SegmentedRaftLogWorker.java:<init>(187)) - new a84413c3-fab5-4bb4-8251-7613d0a65916@group-727398853F70-SegmentedRaftLogWorker for RaftStorageImpl:Storage Directory /home/runner/work/ozone/ozone/hadoop-ozone/integration-test/target/test-dir/MiniOzoneClusterImpl-c72639db-50b4-484a-b3ab-3c380931c8c6/datanode-3/data/ratis/02a84043-ca47-4f85-b860-727398853f70
2022-10-08 01:31:31,401 [pool-141-thread-1] INFO  server.RaftServerConfigKeys (ConfUtils.java:logGet(46)) - raft.server.log.queue.byte-limit = 4294967296 (custom)
2022-10-08 01:31:31,402 [pool-141-thread-1] INFO  server.RaftServerConfigKeys (ConfUtils.java:logGet(46)) - raft.server.log.queue.element-limit = 1024 (custom)
2022-10-08 01:31:31,402 [pool-141-thread-1] INFO  server.RaftServerConfigKeys (ConfUtils.java:logGet(46)) - raft.server.log.segment.size.max = 1048576 (custom)
2022-10-08 01:31:31,402 [pool-141-thread-1] INFO  server.RaftServerConfigKeys (ConfUtils.java:logGet(46)) - raft.server.log.preallocated.size = 16384 (custom)
2022-10-08 01:31:31,402 [pool-141-thread-1] INFO  server.RaftServerConfigKeys (ConfUtils.java:logGet(46)) - raft.server.log.force.sync.num = 128 (default)
2022-10-08 01:31:31,402 [pool-141-thread-1] INFO  server.RaftServerConfigKeys (ConfUtils.java:logGet(46)) - raft.server.log.statemachine.data.sync = true (default)
2022-10-08 01:31:31,402 [pool-141-thread-1] INFO  server.RaftServerConfigKeys (ConfUtils.java:logGet(46)) - raft.server.log.statemachine.data.sync.timeout = 10s (default)
2022-10-08 01:31:31,402 [pool-141-thread-1] INFO  server.RaftServerConfigKeys (ConfUtils.java:logGet(46)) - raft.server.log.statemachine.data.sync.timeout.retry = -1 (default)
2022-10-08 01:31:31,403 [pool-141-thread-1] INFO  server.RaftServerConfigKeys (ConfUtils.java:logGet(46)) - raft.server.log.write.buffer.size = 1048576 (custom)
2022-10-08 01:31:31,403 [pool-141-thread-1] INFO  server.RaftServerConfigKeys (ConfUtils.java:logGet(46)) - raft.server.log.unsafe-flush.enabled = false (default)
2022-10-08 01:31:31,403 [pool-141-thread-1] INFO  server.RaftServerConfigKeys (ConfUtils.java:logGet(46)) - raft.server.log.statemachine.data.caching.enabled = true (custom)
2022-10-08 01:31:31,403 [pool-141-thread-1] INFO  segmented.SegmentedRaftLogWorker (SegmentedRaftLogWorker.java:lambda$new$0(135)) - a84413c3-fab5-4bb4-8251-7613d0a65916@group-727398853F70-SegmentedRaftLogWorker: flushIndex: setUnconditionally 0 -> -1
2022-10-08 01:31:31,403 [pool-141-thread-1] INFO  segmented.SegmentedRaftLogWorker (SegmentedRaftLogWorker.java:lambda$new$0(135)) - a84413c3-fab5-4bb4-8251-7613d0a65916@group-727398853F70-SegmentedRaftLogWorker: safeCacheEvictIndex: setUnconditionally 0 -> -1
2022-10-08 01:31:31,403 [pool-141-thread-1] INFO  server.RaftServerConfigKeys (ConfUtils.java:logGet(46)) - raft.server.snapshot.auto.trigger.enabled = true (custom)
2022-10-08 01:31:31,403 [pool-141-thread-1] INFO  server.RaftServerConfigKeys (ConfUtils.java:logGet(46)) - raft.server.snapshot.auto.trigger.threshold = 10000 (custom)
2022-10-08 01:31:31,403 [pool-141-thread-1] INFO  server.RaftServerConfigKeys (ConfUtils.java:logGet(46)) - raft.server.snapshot.retention.file.num = 5 (custom)
2022-10-08 01:31:31,403 [pool-141-thread-1] INFO  server.RaftServerConfigKeys (ConfUtils.java:logGet(46)) - raft.server.log.purge.upto.snapshot.index = false (default)
2022-10-08 01:31:31,404 [pool-141-thread-1] INFO  server.RaftServerConfigKeys (ConfUtils.java:logGet(46)) - raft.server.retrycache.expirytime = 600000ms (custom)
2022-10-08 01:31:31,404 [pool-141-thread-1] INFO  server.RaftServerConfigKeys (ConfUtils.java:logGet(46)) - raft.server.retrycache.statistics.expirytime = 100μs (default)
2022-10-08 01:31:31,405 [pool-141-thread-1] INFO  server.RaftServerConfigKeys (ConfUtils.java:logGet(46)) - raft.server.log.appender.install.snapshot.enabled = false (custom)
2022-10-08 01:31:31,405 [pool-141-thread-1] INFO  server.RaftServerConfigKeys (ConfUtils.java:logGet(46)) - raft.server.threadpool.server.cached = true (default)
2022-10-08 01:31:31,405 [pool-141-thread-1] INFO  server.RaftServerConfigKeys (ConfUtils.java:logGet(46)) - raft.server.threadpool.server.size = 0 (default)
2022-10-08 01:31:31,405 [pool-141-thread-1] INFO  server.RaftServerConfigKeys (ConfUtils.java:logGet(46)) - raft.server.threadpool.client.cached = true (default)
2022-10-08 01:31:31,405 [pool-141-thread-1] INFO  server.RaftServerConfigKeys (ConfUtils.java:logGet(46)) - raft.server.threadpool.client.size = 0 (default)
2022-10-08 01:31:31,405 [pool-141-thread-1] INFO  server.RaftServer$Division (RaftServerImpl.java:start(310)) - a84413c3-fab5-4bb4-8251-7613d0a65916@group-727398853F70: start as a follower, conf=-1: [a84413c3-fab5-4bb4-8251-7613d0a65916|rpc:10.1.0.61:34151|priority:1], old=null
2022-10-08 01:31:31,405 [pool-141-thread-1] INFO  server.RaftServer$Division (RaftServerImpl.java:setRole(299)) - a84413c3-fab5-4bb4-8251-7613d0a65916@group-727398853F70: changes role from      null to FOLLOWER at term 0 for startAsFollower
2022-10-08 01:31:31,405 [pool-141-thread-1] INFO  impl.RoleInfo (RoleInfo.java:updateAndGet(139)) - a84413c3-fab5-4bb4-8251-7613d0a65916: start a84413c3-fab5-4bb4-8251-7613d0a65916@group-727398853F70-FollowerState
2022-10-08 01:31:31,405 [pool-141-thread-1] INFO  util.JmxRegister (JmxRegister.java:tryRegister(44)) - Successfully registered JMX Bean with object name Ratis:service=RaftServer,group=group-727398853F70,id=a84413c3-fab5-4bb4-8251-7613d0a65916
2022-10-08 01:31:31,406 [Command processor thread] INFO  ratis.XceiverServerRatis (XceiverServerRatis.java:addGroup(765)) - Created group PipelineID=02a84043-ca47-4f85-b860-727398853f70
2022-10-08 01:31:31,406 [Command processor thread] INFO  commandhandler.CreatePipelineCommandHandler (CreatePipelineCommandHandler.java:handle(113)) - Created Pipeline RATIS ONE PipelineID=02a84043-ca47-4f85-b860-727398853f70.
2022-10-08 01:31:31,705 [Listener at 127.0.0.1/46853] INFO  ozone.MiniOzoneClusterImpl (MiniOzoneClusterImpl.java:lambda$waitForClusterToBeReady$0(216)) - Nodes are ready. Got 5 of 5 DN Heartbeats.
2022-10-08 01:31:31,705 [Listener at 127.0.0.1/46853] INFO  ozone.MiniOzoneClusterImpl (MiniOzoneClusterImpl.java:lambda$waitForClusterToBeReady$0(219)) - Waiting for cluster to exit safe mode
2022-10-08 01:31:31,705 [Listener at 127.0.0.1/46853] INFO  ozone.MiniOzoneClusterImpl (MiniOzoneClusterImpl.java:lambda$waitForClusterToBeReady$0(221)) - SCM became leader
2022-10-08 01:31:31,709 [Command processor thread] INFO  server.RaftServer (RaftServerProxy.java:addNew(96)) - f99fd778-4fae-463c-a039-423a4282d2af: addNew group-19E3AF023A0F:[f99fd778-4fae-463c-a039-423a4282d2af|rpc:10.1.0.61:34781|priority:1] returns group-19E3AF023A0F:java.util.concurrent.CompletableFuture@58b78e4a[Not completed]
2022-10-08 01:31:31,710 [pool-164-thread-1] INFO  server.RaftServer$Division (RaftServerImpl.java:<init>(190)) - f99fd778-4fae-463c-a039-423a4282d2af: new RaftServerImpl for group-19E3AF023A0F:[f99fd778-4fae-463c-a039-423a4282d2af|rpc:10.1.0.61:34781|priority:1] with ContainerStateMachine:uninitialized
2022-10-08 01:31:31,711 [pool-164-thread-1] INFO  server.RaftServerConfigKeys (ConfUtils.java:logGet(46)) - raft.server.rpc.timeout.min = 5s (custom)
2022-10-08 01:31:31,711 [pool-164-thread-1] INFO  server.RaftServerConfigKeys (ConfUtils.java:logGet(46)) - raft.server.rpc.timeout.max = 5200ms (custom)
2022-10-08 01:31:31,711 [pool-164-thread-1] INFO  server.RaftServerConfigKeys (ConfUtils.java:logGet(46)) - raft.server.rpc.sleep.time = 25ms (default)
2022-10-08 01:31:31,711 [pool-164-thread-1] INFO  server.RaftServerConfigKeys (ConfUtils.java:logGet(46)) - raft.server.rpc.slowness.timeout = 300s (custom)
2022-10-08 01:31:31,711 [pool-164-thread-1] INFO  server.RaftServerConfigKeys (ConfUtils.java:logGet(46)) - raft.server.leaderelection.leader.step-down.wait-time = 10s (default)
2022-10-08 01:31:31,711 [pool-164-thread-1] INFO  server.RaftServerConfigKeys (ConfUtils.java:logGet(46)) - raft.server.sleep.deviation.threshold = 300ms (default)
2022-10-08 01:31:31,711 [pool-164-thread-1] INFO  server.RaftServer$Division (ServerState.java:<init>(107)) - f99fd778-4fae-463c-a039-423a4282d2af@group-19E3AF023A0F: ConfigurationManager, init=-1: [f99fd778-4fae-463c-a039-423a4282d2af|rpc:10.1.0.61:34781|priority:1], old=null, confs=<EMPTY_MAP>
2022-10-08 01:31:31,711 [pool-164-thread-1] INFO  server.RaftServerConfigKeys (ConfUtils.java:logGet(46)) - raft.server.storage.dir = [/home/runner/work/ozone/ozone/hadoop-ozone/integration-test/target/test-dir/MiniOzoneClusterImpl-c72639db-50b4-484a-b3ab-3c380931c8c6/datanode-4/data/ratis] (custom)
2022-10-08 01:31:31,711 [pool-164-thread-1] INFO  server.RaftServerConfigKeys (ConfUtils.java:logGet(46)) - raft.server.log.corruption.policy = EXCEPTION (default)
2022-10-08 01:31:31,711 [pool-164-thread-1] INFO  server.RaftServerConfigKeys (ConfUtils.java:logGet(46)) - raft.server.storage.free-space.min = 0MB (=0) (default)
2022-10-08 01:31:31,711 [pool-164-thread-1] INFO  storage.RaftStorageDirectory (RaftStorageDirectoryImpl.java:analyzeStorage(135)) - The storage directory /home/runner/work/ozone/ozone/hadoop-ozone/integration-test/target/test-dir/MiniOzoneClusterImpl-c72639db-50b4-484a-b3ab-3c380931c8c6/datanode-4/data/ratis/af0fd773-85c7-458c-873e-19e3af023a0f does not exist. Creating ...
2022-10-08 01:31:31,727 [pool-164-thread-1] INFO  storage.RaftStorageDirectory (RaftStorageDirectoryImpl.java:tryLock(230)) - Lock on /home/runner/work/ozone/ozone/hadoop-ozone/integration-test/target/test-dir/MiniOzoneClusterImpl-c72639db-50b4-484a-b3ab-3c380931c8c6/datanode-4/data/ratis/af0fd773-85c7-458c-873e-19e3af023a0f/in_use.lock acquired by nodename 52807@fv-az180-867
2022-10-08 01:31:31,734 [pool-164-thread-1] INFO  storage.RaftStorage (RaftStorageImpl.java:format(89)) - Storage directory /home/runner/work/ozone/ozone/hadoop-ozone/integration-test/target/test-dir/MiniOzoneClusterImpl-c72639db-50b4-484a-b3ab-3c380931c8c6/datanode-4/data/ratis/af0fd773-85c7-458c-873e-19e3af023a0f has been successfully formatted.
2022-10-08 01:31:31,735 [pool-164-thread-1] INFO  ratis.ContainerStateMachine (ContainerStateMachine.java:loadSnapshot(236)) - group-19E3AF023A0F: The snapshot info is null. Setting the last applied indexto:(t:0, i:~)
2022-10-08 01:31:31,735 [pool-164-thread-1] INFO  server.RaftServerConfigKeys (ConfUtils.java:logGet(46)) - raft.server.notification.no-leader.timeout = 300s (custom)
2022-10-08 01:31:31,735 [pool-164-thread-1] INFO  server.RaftServerConfigKeys (ConfUtils.java:logGet(46)) - raft.server.log.use.memory = false (default)
2022-10-08 01:31:31,735 [pool-164-thread-1] INFO  server.RaftServerConfigKeys (ConfUtils.java:logGet(46)) - raft.server.log.purge.gap = 1000000 (custom)
2022-10-08 01:31:31,735 [pool-164-thread-1] INFO  server.RaftServerConfigKeys (ConfUtils.java:logGet(46)) - raft.server.log.appender.buffer.byte-limit = 33554432 (custom)
2022-10-08 01:31:31,736 [EventQueue-PipelineReportForPipelineReportHandler] INFO  pipeline.PipelineManagerImpl (PipelineManagerImpl.java:openPipeline(367)) - Pipeline Pipeline[ Id: af0fd773-85c7-458c-873e-19e3af023a0f, Nodes: f99fd778-4fae-463c-a039-423a4282d2af{ip: 10.1.0.61, host: fv-az180-867.g3pwtgv4ffyuhaixmbmm0kyh3d.gx.internal.cloudapp.net, ports: [REPLICATION=37713, RATIS=34781, RATIS_ADMIN=34781, RATIS_SERVER=34781, STANDALONE=42411], networkLocation: /default-rack, certSerialId: null, persistedOpState: IN_SERVICE, persistedOpStateExpiryEpochSec: 0}, ReplicationConfig: RATIS/ONE, State:ALLOCATED, leaderId:f99fd778-4fae-463c-a039-423a4282d2af, CreationTimestamp2022-10-08T01:31:28.712Z[Etc/UTC]] moved to OPEN state
2022-10-08 01:31:31,737 [EventQueue-OpenPipelineForHealthyPipelineSafeModeRule] INFO  safemode.SCMSafeModeManager (HealthyPipelineSafeModeRule.java:process(137)) - SCM in safe mode. Healthy pipelines reported count is 0, required healthy pipeline reported count is 1
2022-10-08 01:31:31,737 [pool-164-thread-1] INFO  server.RaftServerConfigKeys (ConfUtils.java:logGet(46)) - raft.server.log.statemachine.data.read.timeout = 1000ms (default)
2022-10-08 01:31:31,738 [pool-164-thread-1] INFO  server.RaftServerConfigKeys (ConfUtils.java:logGet(46)) - raft.server.log.segment.size.max = 1048576 (custom)
2022-10-08 01:31:31,738 [pool-164-thread-1] INFO  server.RaftServerConfigKeys (ConfUtils.java:logGet(46)) - raft.server.log.segment.cache.num.max = 2 (custom)
2022-10-08 01:31:31,738 [pool-164-thread-1] INFO  server.RaftServerConfigKeys (ConfUtils.java:logGet(46)) - raft.server.log.segment.cache.size.max = 200MB (=209715200) (default)
2022-10-08 01:31:31,738 [pool-164-thread-1] INFO  segmented.SegmentedRaftLogWorker (SegmentedRaftLogWorker.java:<init>(187)) - new f99fd778-4fae-463c-a039-423a4282d2af@group-19E3AF023A0F-SegmentedRaftLogWorker for RaftStorageImpl:Storage Directory /home/runner/work/ozone/ozone/hadoop-ozone/integration-test/target/test-dir/MiniOzoneClusterImpl-c72639db-50b4-484a-b3ab-3c380931c8c6/datanode-4/data/ratis/af0fd773-85c7-458c-873e-19e3af023a0f
2022-10-08 01:31:31,738 [pool-164-thread-1] INFO  server.RaftServerConfigKeys (ConfUtils.java:logGet(46)) - raft.server.log.queue.byte-limit = 4294967296 (custom)
2022-10-08 01:31:31,738 [pool-164-thread-1] INFO  server.RaftServerConfigKeys (ConfUtils.java:logGet(46)) - raft.server.log.queue.element-limit = 1024 (custom)
2022-10-08 01:31:31,739 [pool-164-thread-1] INFO  server.RaftServerConfigKeys (ConfUtils.java:logGet(46)) - raft.server.log.segment.size.max = 1048576 (custom)
2022-10-08 01:31:31,739 [pool-164-thread-1] INFO  server.RaftServerConfigKeys (ConfUtils.java:logGet(46)) - raft.server.log.preallocated.size = 16384 (custom)
2022-10-08 01:31:31,739 [pool-164-thread-1] INFO  server.RaftServerConfigKeys (ConfUtils.java:logGet(46)) - raft.server.log.force.sync.num = 128 (default)
2022-10-08 01:31:31,739 [pool-164-thread-1] INFO  server.RaftServerConfigKeys (ConfUtils.java:logGet(46)) - raft.server.log.statemachine.data.sync = true (default)
2022-10-08 01:31:31,739 [pool-164-thread-1] INFO  server.RaftServerConfigKeys (ConfUtils.java:logGet(46)) - raft.server.log.statemachine.data.sync.timeout = 10s (default)
2022-10-08 01:31:31,739 [pool-164-thread-1] INFO  server.RaftServerConfigKeys (ConfUtils.java:logGet(46)) - raft.server.log.statemachine.data.sync.timeout.retry = -1 (default)
2022-10-08 01:31:31,739 [pool-164-thread-1] INFO  server.RaftServerConfigKeys (ConfUtils.java:logGet(46)) - raft.server.log.write.buffer.size = 1048576 (custom)
2022-10-08 01:31:31,740 [pool-164-thread-1] INFO  server.RaftServerConfigKeys (ConfUtils.java:logGet(46)) - raft.server.log.unsafe-flush.enabled = false (default)
2022-10-08 01:31:31,740 [pool-164-thread-1] INFO  server.RaftServerConfigKeys (ConfUtils.java:logGet(46)) - raft.server.log.statemachine.data.caching.enabled = true (custom)
2022-10-08 01:31:31,740 [pool-164-thread-1] INFO  segmented.SegmentedRaftLogWorker (SegmentedRaftLogWorker.java:lambda$new$0(135)) - f99fd778-4fae-463c-a039-423a4282d2af@group-19E3AF023A0F-SegmentedRaftLogWorker: flushIndex: setUnconditionally 0 -> -1
2022-10-08 01:31:31,740 [pool-164-thread-1] INFO  segmented.SegmentedRaftLogWorker (SegmentedRaftLogWorker.java:lambda$new$0(135)) - f99fd778-4fae-463c-a039-423a4282d2af@group-19E3AF023A0F-SegmentedRaftLogWorker: safeCacheEvictIndex: setUnconditionally 0 -> -1
2022-10-08 01:31:31,740 [pool-164-thread-1] INFO  server.RaftServerConfigKeys (ConfUtils.java:logGet(46)) - raft.server.snapshot.auto.trigger.enabled = true (custom)
2022-10-08 01:31:31,740 [pool-164-thread-1] INFO  server.RaftServerConfigKeys (ConfUtils.java:logGet(46)) - raft.server.snapshot.auto.trigger.threshold = 10000 (custom)
2022-10-08 01:31:31,740 [pool-164-thread-1] INFO  server.RaftServerConfigKeys (ConfUtils.java:logGet(46)) - raft.server.snapshot.retention.file.num = 5 (custom)
2022-10-08 01:31:31,740 [pool-164-thread-1] INFO  server.RaftServerConfigKeys (ConfUtils.java:logGet(46)) - raft.server.log.purge.upto.snapshot.index = false (default)
2022-10-08 01:31:31,740 [pool-164-thread-1] INFO  server.RaftServerConfigKeys (ConfUtils.java:logGet(46)) - raft.server.retrycache.expirytime = 600000ms (custom)
2022-10-08 01:31:31,740 [pool-164-thread-1] INFO  server.RaftServerConfigKeys (ConfUtils.java:logGet(46)) - raft.server.retrycache.statistics.expirytime = 100μs (default)
2022-10-08 01:31:31,741 [pool-164-thread-1] INFO  server.RaftServerConfigKeys (ConfUtils.java:logGet(46)) - raft.server.log.appender.install.snapshot.enabled = false (custom)
2022-10-08 01:31:31,741 [pool-164-thread-1] INFO  server.RaftServerConfigKeys (ConfUtils.java:logGet(46)) - raft.server.threadpool.server.cached = true (default)
2022-10-08 01:31:31,742 [pool-164-thread-1] INFO  server.RaftServerConfigKeys (ConfUtils.java:logGet(46)) - raft.server.threadpool.server.size = 0 (default)
2022-10-08 01:31:31,742 [pool-164-thread-1] INFO  server.RaftServerConfigKeys (ConfUtils.java:logGet(46)) - raft.server.threadpool.client.cached = true (default)
2022-10-08 01:31:31,742 [pool-164-thread-1] INFO  server.RaftServerConfigKeys (ConfUtils.java:logGet(46)) - raft.server.threadpool.client.size = 0 (default)
2022-10-08 01:31:31,742 [pool-164-thread-1] INFO  server.RaftServer$Division (RaftServerImpl.java:start(310)) - f99fd778-4fae-463c-a039-423a4282d2af@group-19E3AF023A0F: start as a follower, conf=-1: [f99fd778-4fae-463c-a039-423a4282d2af|rpc:10.1.0.61:34781|priority:1], old=null
2022-10-08 01:31:31,742 [pool-164-thread-1] INFO  server.RaftServer$Division (RaftServerImpl.java:setRole(299)) - f99fd778-4fae-463c-a039-423a4282d2af@group-19E3AF023A0F: changes role from      null to FOLLOWER at term 0 for startAsFollower
2022-10-08 01:31:31,742 [pool-164-thread-1] INFO  impl.RoleInfo (RoleInfo.java:updateAndGet(139)) - f99fd778-4fae-463c-a039-423a4282d2af: start f99fd778-4fae-463c-a039-423a4282d2af@group-19E3AF023A0F-FollowerState
2022-10-08 01:31:31,742 [pool-164-thread-1] INFO  util.JmxRegister (JmxRegister.java:tryRegister(44)) - Successfully registered JMX Bean with object name Ratis:service=RaftServer,group=group-19E3AF023A0F,id=f99fd778-4fae-463c-a039-423a4282d2af
2022-10-08 01:31:31,743 [Command processor thread] INFO  ratis.XceiverServerRatis (XceiverServerRatis.java:addGroup(765)) - Created group PipelineID=af0fd773-85c7-458c-873e-19e3af023a0f
2022-10-08 01:31:31,743 [Command processor thread] INFO  commandhandler.CreatePipelineCommandHandler (CreatePipelineCommandHandler.java:handle(113)) - Created Pipeline RATIS ONE PipelineID=af0fd773-85c7-458c-873e-19e3af023a0f.
2022-10-08 01:31:32,305 [ReplicationMonitor] INFO  replication.ReplicationManager (ReplicationManager.java:processAll(291)) - Replication Manager is not ready to run until 3000ms after safemode exit
2022-10-08 01:31:32,705 [Listener at 127.0.0.1/46853] INFO  ozone.MiniOzoneClusterImpl (MiniOzoneClusterImpl.java:lambda$waitForClusterToBeReady$0(216)) - Nodes are ready. Got 5 of 5 DN Heartbeats.
2022-10-08 01:31:32,705 [Listener at 127.0.0.1/46853] INFO  ozone.MiniOzoneClusterImpl (MiniOzoneClusterImpl.java:lambda$waitForClusterToBeReady$0(219)) - Waiting for cluster to exit safe mode
2022-10-08 01:31:32,705 [Listener at 127.0.0.1/46853] INFO  ozone.MiniOzoneClusterImpl (MiniOzoneClusterImpl.java:lambda$waitForClusterToBeReady$0(221)) - SCM became leader
2022-10-08 01:31:33,305 [ReplicationMonitor] INFO  replication.ReplicationManager (ReplicationManager.java:processAll(291)) - Replication Manager is not ready to run until 3000ms after safemode exit
2022-10-08 01:31:33,705 [Listener at 127.0.0.1/46853] INFO  ozone.MiniOzoneClusterImpl (MiniOzoneClusterImpl.java:lambda$waitForClusterToBeReady$0(216)) - Nodes are ready. Got 5 of 5 DN Heartbeats.
2022-10-08 01:31:33,706 [Listener at 127.0.0.1/46853] INFO  ozone.MiniOzoneClusterImpl (MiniOzoneClusterImpl.java:lambda$waitForClusterToBeReady$0(219)) - Waiting for cluster to exit safe mode
2022-10-08 01:31:33,706 [Listener at 127.0.0.1/46853] INFO  ozone.MiniOzoneClusterImpl (MiniOzoneClusterImpl.java:lambda$waitForClusterToBeReady$0(221)) - SCM became leader
2022-10-08 01:31:34,305 [ReplicationMonitor] INFO  replication.ReplicationManager (ReplicationManager.java:processAll(291)) - Replication Manager is not ready to run until 3000ms after safemode exit
2022-10-08 01:31:34,706 [Listener at 127.0.0.1/46853] INFO  ozone.MiniOzoneClusterImpl (MiniOzoneClusterImpl.java:lambda$waitForClusterToBeReady$0(216)) - Nodes are ready. Got 5 of 5 DN Heartbeats.
2022-10-08 01:31:34,706 [Listener at 127.0.0.1/46853] INFO  ozone.MiniOzoneClusterImpl (MiniOzoneClusterImpl.java:lambda$waitForClusterToBeReady$0(219)) - Waiting for cluster to exit safe mode
2022-10-08 01:31:34,706 [Listener at 127.0.0.1/46853] INFO  ozone.MiniOzoneClusterImpl (MiniOzoneClusterImpl.java:lambda$waitForClusterToBeReady$0(221)) - SCM became leader
2022-10-08 01:31:35,035 [2a53bf39-8cf9-4e57-9be3-47f141ff45bd@group-AA94085C93A7-FollowerState] INFO  impl.FollowerState (FollowerState.java:run(143)) - 2a53bf39-8cf9-4e57-9be3-47f141ff45bd@group-AA94085C93A7-FollowerState: change to CANDIDATE, lastRpcElapsedTime:5005025207ns, electionTimeout:5004ms
2022-10-08 01:31:35,036 [2a53bf39-8cf9-4e57-9be3-47f141ff45bd@group-AA94085C93A7-FollowerState] INFO  impl.RoleInfo (RoleInfo.java:shutdownFollowerState(110)) - 2a53bf39-8cf9-4e57-9be3-47f141ff45bd: shutdown 2a53bf39-8cf9-4e57-9be3-47f141ff45bd@group-AA94085C93A7-FollowerState
2022-10-08 01:31:35,036 [2a53bf39-8cf9-4e57-9be3-47f141ff45bd@group-AA94085C93A7-FollowerState] INFO  server.RaftServer$Division (RaftServerImpl.java:setRole(299)) - 2a53bf39-8cf9-4e57-9be3-47f141ff45bd@group-AA94085C93A7: changes role from  FOLLOWER to CANDIDATE at term 0 for changeToCandidate
2022-10-08 01:31:35,036 [2a53bf39-8cf9-4e57-9be3-47f141ff45bd@group-AA94085C93A7-FollowerState] INFO  server.RaftServerConfigKeys (ConfUtils.java:logGet(46)) - raft.server.leaderelection.pre-vote = false (custom)
2022-10-08 01:31:35,036 [2a53bf39-8cf9-4e57-9be3-47f141ff45bd@group-AA94085C93A7-FollowerState] INFO  impl.RoleInfo (RoleInfo.java:updateAndGet(139)) - 2a53bf39-8cf9-4e57-9be3-47f141ff45bd: start 2a53bf39-8cf9-4e57-9be3-47f141ff45bd@group-AA94085C93A7-LeaderElection2
2022-10-08 01:31:35,045 [2a53bf39-8cf9-4e57-9be3-47f141ff45bd@group-AA94085C93A7-LeaderElection2] INFO  impl.LeaderElection (LeaderElection.java:askForVotes(310)) - 2a53bf39-8cf9-4e57-9be3-47f141ff45bd@group-AA94085C93A7-LeaderElection2 ELECTION round 0: submit vote requests at term 1 for -1: [2a53bf39-8cf9-4e57-9be3-47f141ff45bd|rpc:10.1.0.61:38913|priority:1, a36237c7-2fce-420b-94d1-439aa558db2d|rpc:10.1.0.61:41927|priority:0, 81ce38e7-b758-4bd0-b008-806a23107e8d|rpc:10.1.0.61:36667|priority:0], old=null
2022-10-08 01:31:35,048 [2a53bf39-8cf9-4e57-9be3-47f141ff45bd@group-975DAC977CE9-FollowerState] INFO  impl.FollowerState (FollowerState.java:run(143)) - 2a53bf39-8cf9-4e57-9be3-47f141ff45bd@group-975DAC977CE9-FollowerState: change to CANDIDATE, lastRpcElapsedTime:5055207214ns, electionTimeout:5051ms
2022-10-08 01:31:35,049 [2a53bf39-8cf9-4e57-9be3-47f141ff45bd@group-975DAC977CE9-FollowerState] INFO  impl.RoleInfo (RoleInfo.java:shutdownFollowerState(110)) - 2a53bf39-8cf9-4e57-9be3-47f141ff45bd: shutdown 2a53bf39-8cf9-4e57-9be3-47f141ff45bd@group-975DAC977CE9-FollowerState
2022-10-08 01:31:35,049 [2a53bf39-8cf9-4e57-9be3-47f141ff45bd@group-975DAC977CE9-FollowerState] INFO  server.RaftServer$Division (RaftServerImpl.java:setRole(299)) - 2a53bf39-8cf9-4e57-9be3-47f141ff45bd@group-975DAC977CE9: changes role from  FOLLOWER to CANDIDATE at term 0 for changeToCandidate
2022-10-08 01:31:35,049 [2a53bf39-8cf9-4e57-9be3-47f141ff45bd@group-975DAC977CE9-FollowerState] INFO  server.RaftServerConfigKeys (ConfUtils.java:logGet(46)) - raft.server.leaderelection.pre-vote = false (custom)
2022-10-08 01:31:35,049 [2a53bf39-8cf9-4e57-9be3-47f141ff45bd@group-975DAC977CE9-FollowerState] INFO  impl.RoleInfo (RoleInfo.java:updateAndGet(139)) - 2a53bf39-8cf9-4e57-9be3-47f141ff45bd: start 2a53bf39-8cf9-4e57-9be3-47f141ff45bd@group-975DAC977CE9-LeaderElection3
2022-10-08 01:31:35,061 [2a53bf39-8cf9-4e57-9be3-47f141ff45bd@group-975DAC977CE9-LeaderElection3] INFO  impl.LeaderElection (LeaderElection.java:askForVotes(310)) - 2a53bf39-8cf9-4e57-9be3-47f141ff45bd@group-975DAC977CE9-LeaderElection3 ELECTION round 0: submit vote requests at term 1 for -1: [2a53bf39-8cf9-4e57-9be3-47f141ff45bd|rpc:10.1.0.61:38913|priority:1], old=null
2022-10-08 01:31:35,063 [2a53bf39-8cf9-4e57-9be3-47f141ff45bd@group-975DAC977CE9-LeaderElection3] INFO  impl.LeaderElection (LeaderElection.java:askForVotes(312)) - 2a53bf39-8cf9-4e57-9be3-47f141ff45bd@group-975DAC977CE9-LeaderElection3 ELECTION round 0: result PASSED (term=1)
2022-10-08 01:31:35,063 [2a53bf39-8cf9-4e57-9be3-47f141ff45bd@group-975DAC977CE9-LeaderElection3] INFO  impl.RoleInfo (RoleInfo.java:shutdownLeaderElection(130)) - 2a53bf39-8cf9-4e57-9be3-47f141ff45bd: shutdown 2a53bf39-8cf9-4e57-9be3-47f141ff45bd@group-975DAC977CE9-LeaderElection3
2022-10-08 01:31:35,063 [2a53bf39-8cf9-4e57-9be3-47f141ff45bd@group-975DAC977CE9-LeaderElection3] INFO  server.RaftServer$Division (RaftServerImpl.java:setRole(299)) - 2a53bf39-8cf9-4e57-9be3-47f141ff45bd@group-975DAC977CE9: changes role from CANDIDATE to LEADER at term 1 for changeToLeader
2022-10-08 01:31:35,064 [2a53bf39-8cf9-4e57-9be3-47f141ff45bd@group-975DAC977CE9-LeaderElection3] INFO  ratis.XceiverServerRatis (XceiverServerRatis.java:handleLeaderChangedNotification(863)) - Leader change notification received for group: group-975DAC977CE9 with new leaderId: 2a53bf39-8cf9-4e57-9be3-47f141ff45bd
2022-10-08 01:31:35,064 [2a53bf39-8cf9-4e57-9be3-47f141ff45bd@group-975DAC977CE9-LeaderElection3] INFO  server.RaftServer$Division (ServerState.java:setLeader(287)) - 2a53bf39-8cf9-4e57-9be3-47f141ff45bd@group-975DAC977CE9: change Leader from null to 2a53bf39-8cf9-4e57-9be3-47f141ff45bd at term 1 for becomeLeader, leader elected after 5099ms
2022-10-08 01:31:35,064 [2a53bf39-8cf9-4e57-9be3-47f141ff45bd@group-975DAC977CE9-LeaderElection3] INFO  server.RaftServerConfigKeys (ConfUtils.java:logGet(46)) - raft.server.staging.catchup.gap = 1000 (default)
2022-10-08 01:31:35,065 [2a53bf39-8cf9-4e57-9be3-47f141ff45bd@group-975DAC977CE9-LeaderElection3] INFO  server.RaftServerConfigKeys (ConfUtils.java:logGet(46)) - raft.server.write.element-limit = 1024 (custom)
2022-10-08 01:31:35,065 [2a53bf39-8cf9-4e57-9be3-47f141ff45bd@group-975DAC977CE9-LeaderElection3] INFO  server.RaftServerConfigKeys (ConfUtils.java:logGet(46)) - raft.server.write.byte-limit = 1024 M (=1073741824) (custom)
2022-10-08 01:31:35,065 [2a53bf39-8cf9-4e57-9be3-47f141ff45bd@group-975DAC977CE9-LeaderElection3] INFO  server.RaftServerConfigKeys (ConfUtils.java:logGet(46)) - raft.server.watch.timeout = 180s (custom)
2022-10-08 01:31:35,065 [2a53bf39-8cf9-4e57-9be3-47f141ff45bd@group-975DAC977CE9-LeaderElection3] INFO  server.RaftServerConfigKeys (ConfUtils.java:logGet(46)) - raft.server.watch.timeout.denomination = 1s (default)
2022-10-08 01:31:35,065 [2a53bf39-8cf9-4e57-9be3-47f141ff45bd@group-975DAC977CE9-LeaderElection3] INFO  server.RaftServerConfigKeys (ConfUtils.java:logGet(46)) - raft.server.watch.element-limit = 65536 (default)
2022-10-08 01:31:35,066 [2a53bf39-8cf9-4e57-9be3-47f141ff45bd@group-975DAC977CE9-LeaderElection3] INFO  server.RaftServerConfigKeys (ConfUtils.java:logGet(46)) - raft.server.write.element-limit = 1024 (custom)
2022-10-08 01:31:35,066 [2a53bf39-8cf9-4e57-9be3-47f141ff45bd@group-975DAC977CE9-LeaderElection3] INFO  server.RaftServerConfigKeys (ConfUtils.java:logGet(46)) - raft.server.write.follower.gap.ratio.max = -1.0 (default)
2022-10-08 01:31:35,066 [2a53bf39-8cf9-4e57-9be3-47f141ff45bd@group-975DAC977CE9-LeaderElection3] INFO  impl.RoleInfo (RoleInfo.java:updateAndGet(139)) - 2a53bf39-8cf9-4e57-9be3-47f141ff45bd: start 2a53bf39-8cf9-4e57-9be3-47f141ff45bd@group-975DAC977CE9-LeaderStateImpl
2022-10-08 01:31:35,066 [2a53bf39-8cf9-4e57-9be3-47f141ff45bd@group-975DAC977CE9-LeaderElection3] INFO  segmented.SegmentedRaftLogWorker (SegmentedRaftLogWorker.java:startLogSegment(425)) - 2a53bf39-8cf9-4e57-9be3-47f141ff45bd@group-975DAC977CE9-SegmentedRaftLogWorker: Starting segment from index:0
2022-10-08 01:31:35,072 [EventQueue-OpenPipelineForHealthyPipelineSafeModeRule] INFO  safemode.SCMSafeModeManager (HealthyPipelineSafeModeRule.java:process(137)) - SCM in safe mode. Healthy pipelines reported count is 0, required healthy pipeline reported count is 1
2022-10-08 01:31:35,074 [grpc-default-executor-0] INFO  server.RaftServer$Division (RaftServerImpl.java:requestVote(1152)) - 81ce38e7-b758-4bd0-b008-806a23107e8d@group-AA94085C93A7: receive requestVote(ELECTION, 2a53bf39-8cf9-4e57-9be3-47f141ff45bd, group-AA94085C93A7, 1, (t:0, i:0))
2022-10-08 01:31:35,076 [2a53bf39-8cf9-4e57-9be3-47f141ff45bd@group-975DAC977CE9-SegmentedRaftLogWorker] INFO  segmented.SegmentedRaftLogWorker (SegmentedRaftLogWorker.java:execute(629)) - 2a53bf39-8cf9-4e57-9be3-47f141ff45bd@group-975DAC977CE9-SegmentedRaftLogWorker: created new log segment /home/runner/work/ozone/ozone/hadoop-ozone/integration-test/target/test-dir/MiniOzoneClusterImpl-c72639db-50b4-484a-b3ab-3c380931c8c6/datanode-0/data/ratis/8d134ffd-e3c1-4ef7-9cd8-975dac977ce9/current/log_inprogress_0
2022-10-08 01:31:35,076 [grpc-default-executor-0] INFO  impl.VoteContext (VoteContext.java:log(48)) - 81ce38e7-b758-4bd0-b008-806a23107e8d@group-AA94085C93A7-FOLLOWER: accept ELECTION from 2a53bf39-8cf9-4e57-9be3-47f141ff45bd: our priority 0 <= candidate's priority 1
2022-10-08 01:31:35,077 [grpc-default-executor-0] INFO  server.RaftServer$Division (RaftServerImpl.java:setRole(299)) - 81ce38e7-b758-4bd0-b008-806a23107e8d@group-AA94085C93A7: changes role from  FOLLOWER to FOLLOWER at term 1 for candidate:2a53bf39-8cf9-4e57-9be3-47f141ff45bd
2022-10-08 01:31:35,077 [grpc-default-executor-0] INFO  impl.RoleInfo (RoleInfo.java:shutdownFollowerState(110)) - 81ce38e7-b758-4bd0-b008-806a23107e8d: shutdown 81ce38e7-b758-4bd0-b008-806a23107e8d@group-AA94085C93A7-FollowerState
2022-10-08 01:31:35,077 [2a53bf39-8cf9-4e57-9be3-47f141ff45bd@group-975DAC977CE9-LeaderElection3] INFO  server.RaftServer$Division (ServerState.java:setRaftConf(393)) - 2a53bf39-8cf9-4e57-9be3-47f141ff45bd@group-975DAC977CE9: set configuration 0: [2a53bf39-8cf9-4e57-9be3-47f141ff45bd|rpc:10.1.0.61:38913|dataStream:|priority:1], old=null
2022-10-08 01:31:35,077 [81ce38e7-b758-4bd0-b008-806a23107e8d@group-AA94085C93A7-FollowerState] INFO  impl.FollowerState (FollowerState.java:run(152)) - 81ce38e7-b758-4bd0-b008-806a23107e8d@group-AA94085C93A7-FollowerState was interrupted
2022-10-08 01:31:35,077 [grpc-default-executor-0] INFO  impl.RoleInfo (RoleInfo.java:updateAndGet(139)) - 81ce38e7-b758-4bd0-b008-806a23107e8d: start 81ce38e7-b758-4bd0-b008-806a23107e8d@group-AA94085C93A7-FollowerState
2022-10-08 01:31:35,084 [grpc-default-executor-1] INFO  server.RaftServer$Division (RaftServerImpl.java:requestVote(1152)) - a36237c7-2fce-420b-94d1-439aa558db2d@group-AA94085C93A7: receive requestVote(ELECTION, 2a53bf39-8cf9-4e57-9be3-47f141ff45bd, group-AA94085C93A7, 1, (t:0, i:0))
2022-10-08 01:31:35,084 [grpc-default-executor-1] INFO  impl.VoteContext (VoteContext.java:log(48)) - a36237c7-2fce-420b-94d1-439aa558db2d@group-AA94085C93A7-FOLLOWER: accept ELECTION from 2a53bf39-8cf9-4e57-9be3-47f141ff45bd: our priority 0 <= candidate's priority 1
2022-10-08 01:31:35,085 [grpc-default-executor-1] INFO  server.RaftServer$Division (RaftServerImpl.java:setRole(299)) - a36237c7-2fce-420b-94d1-439aa558db2d@group-AA94085C93A7: changes role from  FOLLOWER to FOLLOWER at term 1 for candidate:2a53bf39-8cf9-4e57-9be3-47f141ff45bd
2022-10-08 01:31:35,085 [grpc-default-executor-1] INFO  impl.RoleInfo (RoleInfo.java:shutdownFollowerState(110)) - a36237c7-2fce-420b-94d1-439aa558db2d: shutdown a36237c7-2fce-420b-94d1-439aa558db2d@group-AA94085C93A7-FollowerState
2022-10-08 01:31:35,085 [a36237c7-2fce-420b-94d1-439aa558db2d@group-AA94085C93A7-FollowerState] INFO  impl.FollowerState (FollowerState.java:run(152)) - a36237c7-2fce-420b-94d1-439aa558db2d@group-AA94085C93A7-FollowerState was interrupted
2022-10-08 01:31:35,085 [grpc-default-executor-1] INFO  impl.RoleInfo (RoleInfo.java:updateAndGet(139)) - a36237c7-2fce-420b-94d1-439aa558db2d: start a36237c7-2fce-420b-94d1-439aa558db2d@group-AA94085C93A7-FollowerState
2022-10-08 01:31:35,090 [grpc-default-executor-0] INFO  server.RaftServer$Division (RaftServerImpl.java:requestVote(1184)) - 81ce38e7-b758-4bd0-b008-806a23107e8d@group-AA94085C93A7 replies to ELECTION vote request: 2a53bf39-8cf9-4e57-9be3-47f141ff45bd<-81ce38e7-b758-4bd0-b008-806a23107e8d#0:OK-t1. Peer's state: 81ce38e7-b758-4bd0-b008-806a23107e8d@group-AA94085C93A7:t1, leader=null, voted=2a53bf39-8cf9-4e57-9be3-47f141ff45bd, raftlog=81ce38e7-b758-4bd0-b008-806a23107e8d@group-AA94085C93A7-SegmentedRaftLog:OPENED:c-1, conf=-1: [2a53bf39-8cf9-4e57-9be3-47f141ff45bd|rpc:10.1.0.61:38913|dataStream:|priority:1, a36237c7-2fce-420b-94d1-439aa558db2d|rpc:10.1.0.61:41927|dataStream:|priority:0, 81ce38e7-b758-4bd0-b008-806a23107e8d|rpc:10.1.0.61:36667|dataStream:|priority:0], old=null
2022-10-08 01:31:35,095 [2a53bf39-8cf9-4e57-9be3-47f141ff45bd@group-AA94085C93A7-LeaderElection2] INFO  impl.LeaderElection (LeaderElection.java:logAndReturn(90)) - 2a53bf39-8cf9-4e57-9be3-47f141ff45bd@group-AA94085C93A7-LeaderElection2: ELECTION PASSED received 1 response(s) and 0 exception(s):
2022-10-08 01:31:35,095 [grpc-default-executor-1] INFO  server.RaftServer$Division (RaftServerImpl.java:requestVote(1184)) - a36237c7-2fce-420b-94d1-439aa558db2d@group-AA94085C93A7 replies to ELECTION vote request: 2a53bf39-8cf9-4e57-9be3-47f141ff45bd<-a36237c7-2fce-420b-94d1-439aa558db2d#0:OK-t1. Peer's state: a36237c7-2fce-420b-94d1-439aa558db2d@group-AA94085C93A7:t1, leader=null, voted=2a53bf39-8cf9-4e57-9be3-47f141ff45bd, raftlog=a36237c7-2fce-420b-94d1-439aa558db2d@group-AA94085C93A7-SegmentedRaftLog:OPENED:c-1, conf=-1: [2a53bf39-8cf9-4e57-9be3-47f141ff45bd|rpc:10.1.0.61:38913|dataStream:|priority:1, a36237c7-2fce-420b-94d1-439aa558db2d|rpc:10.1.0.61:41927|dataStream:|priority:0, 81ce38e7-b758-4bd0-b008-806a23107e8d|rpc:10.1.0.61:36667|dataStream:|priority:0], old=null
2022-10-08 01:31:35,095 [2a53bf39-8cf9-4e57-9be3-47f141ff45bd@group-AA94085C93A7-LeaderElection2] INFO  impl.LeaderElection (LeaderElection.java:logAndReturn(94)) -   Response 0: 2a53bf39-8cf9-4e57-9be3-47f141ff45bd<-81ce38e7-b758-4bd0-b008-806a23107e8d#0:OK-t1
2022-10-08 01:31:35,095 [2a53bf39-8cf9-4e57-9be3-47f141ff45bd@group-AA94085C93A7-LeaderElection2] INFO  impl.LeaderElection (LeaderElection.java:askForVotes(312)) - 2a53bf39-8cf9-4e57-9be3-47f141ff45bd@group-AA94085C93A7-LeaderElection2 ELECTION round 0: result PASSED
2022-10-08 01:31:35,095 [2a53bf39-8cf9-4e57-9be3-47f141ff45bd@group-AA94085C93A7-LeaderElection2] INFO  impl.RoleInfo (RoleInfo.java:shutdownLeaderElection(130)) - 2a53bf39-8cf9-4e57-9be3-47f141ff45bd: shutdown 2a53bf39-8cf9-4e57-9be3-47f141ff45bd@group-AA94085C93A7-LeaderElection2
2022-10-08 01:31:35,095 [2a53bf39-8cf9-4e57-9be3-47f141ff45bd@group-AA94085C93A7-LeaderElection2] INFO  server.RaftServer$Division (RaftServerImpl.java:setRole(299)) - 2a53bf39-8cf9-4e57-9be3-47f141ff45bd@group-AA94085C93A7: changes role from CANDIDATE to LEADER at term 1 for changeToLeader
2022-10-08 01:31:35,095 [2a53bf39-8cf9-4e57-9be3-47f141ff45bd@group-AA94085C93A7-LeaderElection2] INFO  ratis.XceiverServerRatis (XceiverServerRatis.java:handleLeaderChangedNotification(863)) - Leader change notification received for group: group-AA94085C93A7 with new leaderId: 2a53bf39-8cf9-4e57-9be3-47f141ff45bd
2022-10-08 01:31:35,096 [2a53bf39-8cf9-4e57-9be3-47f141ff45bd@group-AA94085C93A7-LeaderElection2] INFO  server.RaftServer$Division (ServerState.java:setLeader(287)) - 2a53bf39-8cf9-4e57-9be3-47f141ff45bd@group-AA94085C93A7: change Leader from null to 2a53bf39-8cf9-4e57-9be3-47f141ff45bd at term 1 for becomeLeader, leader elected after 5074ms
2022-10-08 01:31:35,096 [2a53bf39-8cf9-4e57-9be3-47f141ff45bd@group-AA94085C93A7-LeaderElection2] INFO  server.RaftServerConfigKeys (ConfUtils.java:logGet(46)) - raft.server.staging.catchup.gap = 1000 (default)
2022-10-08 01:31:35,096 [2a53bf39-8cf9-4e57-9be3-47f141ff45bd@group-AA94085C93A7-LeaderElection2] INFO  server.RaftServerConfigKeys (ConfUtils.java:logGet(46)) - raft.server.write.element-limit = 1024 (custom)
2022-10-08 01:31:35,096 [2a53bf39-8cf9-4e57-9be3-47f141ff45bd@group-AA94085C93A7-LeaderElection2] INFO  server.RaftServerConfigKeys (ConfUtils.java:logGet(46)) - raft.server.write.byte-limit = 1024 M (=1073741824) (custom)
2022-10-08 01:31:35,096 [2a53bf39-8cf9-4e57-9be3-47f141ff45bd@group-AA94085C93A7-LeaderElection2] INFO  server.RaftServerConfigKeys (ConfUtils.java:logGet(46)) - raft.server.watch.timeout = 180s (custom)
2022-10-08 01:31:35,096 [2a53bf39-8cf9-4e57-9be3-47f141ff45bd@group-AA94085C93A7-LeaderElection2] INFO  server.RaftServerConfigKeys (ConfUtils.java:logGet(46)) - raft.server.watch.timeout.denomination = 1s (default)
2022-10-08 01:31:35,096 [2a53bf39-8cf9-4e57-9be3-47f141ff45bd@group-AA94085C93A7-LeaderElection2] INFO  server.RaftServerConfigKeys (ConfUtils.java:logGet(46)) - raft.server.watch.element-limit = 65536 (default)
2022-10-08 01:31:35,097 [2a53bf39-8cf9-4e57-9be3-47f141ff45bd@group-AA94085C93A7-LeaderElection2] INFO  server.RaftServerConfigKeys (ConfUtils.java:logGet(46)) - raft.server.write.element-limit = 1024 (custom)
2022-10-08 01:31:35,097 [2a53bf39-8cf9-4e57-9be3-47f141ff45bd@group-AA94085C93A7-LeaderElection2] INFO  server.RaftServerConfigKeys (ConfUtils.java:logGet(46)) - raft.server.write.follower.gap.ratio.max = -1.0 (default)
2022-10-08 01:31:35,102 [EventQueue-PipelineReportForPipelineReportHandler] INFO  pipeline.PipelineManagerImpl (PipelineManagerImpl.java:openPipeline(367)) - Pipeline Pipeline[ Id: e15aead0-6d2d-4584-81f4-aa94085c93a7, Nodes: 2a53bf39-8cf9-4e57-9be3-47f141ff45bd{ip: 10.1.0.61, host: fv-az180-867.g3pwtgv4ffyuhaixmbmm0kyh3d.gx.internal.cloudapp.net, ports: [REPLICATION=38233, RATIS=38913, RATIS_ADMIN=38913, RATIS_SERVER=38913, STANDALONE=39893], networkLocation: /default-rack, certSerialId: null, persistedOpState: IN_SERVICE, persistedOpStateExpiryEpochSec: 0}a36237c7-2fce-420b-94d1-439aa558db2d{ip: 10.1.0.61, host: fv-az180-867.g3pwtgv4ffyuhaixmbmm0kyh3d.gx.internal.cloudapp.net, ports: [REPLICATION=41143, RATIS=41927, RATIS_ADMIN=41927, RATIS_SERVER=41927, STANDALONE=41021], networkLocation: /default-rack, certSerialId: null, persistedOpState: IN_SERVICE, persistedOpStateExpiryEpochSec: 0}81ce38e7-b758-4bd0-b008-806a23107e8d{ip: 10.1.0.61, host: fv-az180-867.g3pwtgv4ffyuhaixmbmm0kyh3d.gx.internal.cloudapp.net, ports: [REPLICATION=46435, RATIS=36667, RATIS_ADMIN=36667, RATIS_SERVER=36667, STANDALONE=41229], networkLocation: /default-rack, certSerialId: null, persistedOpState: IN_SERVICE, persistedOpStateExpiryEpochSec: 0}, ReplicationConfig: RATIS/THREE, State:ALLOCATED, leaderId:2a53bf39-8cf9-4e57-9be3-47f141ff45bd, CreationTimestamp2022-10-08T01:31:27.911Z[Etc/UTC]] moved to OPEN state
2022-10-08 01:31:35,102 [EventQueue-OpenPipelineForHealthyPipelineSafeModeRule] INFO  safemode.SCMSafeModeManager (HealthyPipelineSafeModeRule.java:process(137)) - SCM in safe mode. Healthy pipelines reported count is 0, required healthy pipeline reported count is 1
2022-10-08 01:31:35,105 [EventQueue-OpenPipelineForHealthyPipelineSafeModeRule] INFO  safemode.SCMSafeModeManager (HealthyPipelineSafeModeRule.java:process(137)) - SCM in safe mode. Healthy pipelines reported count is 1, required healthy pipeline reported count is 1
2022-10-08 01:31:35,105 [EventQueue-OpenPipelineForHealthyPipelineSafeModeRule] INFO  safemode.SCMSafeModeManager (SCMSafeModeManager.java:validateSafeModeExitRules(204)) - HealthyPipelineSafeModeRule rule is successfully validated
2022-10-08 01:31:35,105 [EventQueue-OpenPipelineForHealthyPipelineSafeModeRule] INFO  safemode.SCMSafeModeManager (SCMSafeModeManager.java:validateSafeModeExitRules(219)) - ScmSafeModeManager, all rules are successfully validated
2022-10-08 01:31:35,105 [EventQueue-OpenPipelineForHealthyPipelineSafeModeRule] INFO  safemode.SCMSafeModeManager (SCMSafeModeManager.java:exitSafeMode(248)) - SCM exiting safe mode.
2022-10-08 01:31:35,105 [EventQueue-OpenPipelineForHealthyPipelineSafeModeRule] WARN  events.EventQueue (EventQueue.java:fireEvent(216)) - No event handler registered for event TypedEvent{payloadType=SafeModeStatus, name='Safe mode status'}
2022-10-08 01:31:35,105 [EventQueue-OpenPipelineForHealthyPipelineSafeModeRule] INFO  ha.SCMContext (SCMContext.java:updateSafeModeStatus(228)) - Update SafeModeStatus from SafeModeStatus{safeModeStatus=true, preCheckPassed=true} to SafeModeStatus{safeModeStatus=false, preCheckPassed=true}.
2022-10-08 01:31:35,105 [EventQueue-OpenPipelineForHealthyPipelineSafeModeRule] INFO  pipeline.BackgroundPipelineCreator (BackgroundPipelineCreator.java:notifyStatusChanged(254)) - Service BackgroundPipelineCreator transitions to RUNNING.
2022-10-08 01:31:35,105 [EventQueue-OpenPipelineForHealthyPipelineSafeModeRule] INFO  BackgroundPipelineScrubber (BackgroundSCMService.java:notifyStatusChanged(82)) - Service BackgroundPipelineScrubber transitions to RUNNING.
2022-10-08 01:31:35,105 [EventQueue-OpenPipelineForHealthyPipelineSafeModeRule] INFO  ExpiredContainerReplicaOpScrubber (BackgroundSCMService.java:notifyStatusChanged(82)) - Service ExpiredContainerReplicaOpScrubber transitions to RUNNING.
2022-10-08 01:31:35,105 [EventQueue-OpenPipelineForHealthyPipelineSafeModeRule] INFO  replication.ReplicationManager (ReplicationManager.java:notifyStatusChanged(728)) - Service ReplicationManager transitions to RUNNING.
2022-10-08 01:31:35,111 [EventQueue-OpenPipelineForHealthyPipelineSafeModeRule] WARN  balancer.ContainerBalancer (ContainerBalancer.java:shouldRun(936)) - Could not find persisted configuration for ContainerBalancer when checking if ContainerBalancer should run. ContainerBalancer should not run now.
2022-10-08 01:31:35,113 [2a53bf39-8cf9-4e57-9be3-47f141ff45bd@group-AA94085C93A7-LeaderElection2] INFO  server.RaftServerConfigKeys (ConfUtils.java:logGet(46)) - raft.server.log.appender.snapshot.chunk.size.max = 16MB (=16777216) (default)
2022-10-08 01:31:35,113 [2a53bf39-8cf9-4e57-9be3-47f141ff45bd@group-AA94085C93A7-LeaderElection2] INFO  server.RaftServerConfigKeys (ConfUtils.java:logGet(46)) - raft.server.log.appender.buffer.byte-limit = 33554432 (custom)
2022-10-08 01:31:35,114 [2a53bf39-8cf9-4e57-9be3-47f141ff45bd@group-AA94085C93A7-LeaderElection2] INFO  server.RaftServerConfigKeys (ConfUtils.java:logGet(46)) - raft.server.log.appender.buffer.element-limit = 1 (custom)
2022-10-08 01:31:35,116 [2a53bf39-8cf9-4e57-9be3-47f141ff45bd@group-AA94085C93A7-LeaderElection2] INFO  grpc.GrpcConfigKeys (ConfUtils.java:logGet(46)) - raft.grpc.server.leader.outstanding.appends.max = 128 (default)
2022-10-08 01:31:35,116 [2a53bf39-8cf9-4e57-9be3-47f141ff45bd@group-AA94085C93A7-LeaderElection2] INFO  server.RaftServerConfigKeys (ConfUtils.java:logGet(46)) - raft.server.rpc.request.timeout = 60s (custom)
2022-10-08 01:31:35,116 [2a53bf39-8cf9-4e57-9be3-47f141ff45bd@group-AA94085C93A7-LeaderElection2] INFO  server.RaftServerConfigKeys (ConfUtils.java:logGet(46)) - raft.server.log.appender.install.snapshot.enabled = false (custom)
2022-10-08 01:31:35,118 [2a53bf39-8cf9-4e57-9be3-47f141ff45bd@group-AA94085C93A7-LeaderElection2] INFO  server.RaftServerConfigKeys (ConfUtils.java:logGet(46)) - raft.server.log.appender.snapshot.chunk.size.max = 16MB (=16777216) (default)
2022-10-08 01:31:35,118 [2a53bf39-8cf9-4e57-9be3-47f141ff45bd@group-AA94085C93A7-LeaderElection2] INFO  server.RaftServerConfigKeys (ConfUtils.java:logGet(46)) - raft.server.log.appender.buffer.byte-limit = 33554432 (custom)
2022-10-08 01:31:35,118 [2a53bf39-8cf9-4e57-9be3-47f141ff45bd@group-AA94085C93A7-LeaderElection2] INFO  server.RaftServerConfigKeys (ConfUtils.java:logGet(46)) - raft.server.log.appender.buffer.element-limit = 1 (custom)
2022-10-08 01:31:35,118 [2a53bf39-8cf9-4e57-9be3-47f141ff45bd@group-AA94085C93A7-LeaderElection2] INFO  grpc.GrpcConfigKeys (ConfUtils.java:logGet(46)) - raft.grpc.server.leader.outstanding.appends.max = 128 (default)
2022-10-08 01:31:35,118 [2a53bf39-8cf9-4e57-9be3-47f141ff45bd@group-AA94085C93A7-LeaderElection2] INFO  server.RaftServerConfigKeys (ConfUtils.java:logGet(46)) - raft.server.rpc.request.timeout = 60s (custom)
2022-10-08 01:31:35,118 [2a53bf39-8cf9-4e57-9be3-47f141ff45bd@group-AA94085C93A7-LeaderElection2] INFO  server.RaftServerConfigKeys (ConfUtils.java:logGet(46)) - raft.server.log.appender.install.snapshot.enabled = false (custom)
2022-10-08 01:31:35,120 [2a53bf39-8cf9-4e57-9be3-47f141ff45bd@group-AA94085C93A7-LeaderElection2] INFO  impl.RoleInfo (RoleInfo.java:updateAndGet(139)) - 2a53bf39-8cf9-4e57-9be3-47f141ff45bd: start 2a53bf39-8cf9-4e57-9be3-47f141ff45bd@group-AA94085C93A7-LeaderStateImpl
2022-10-08 01:31:35,120 [2a53bf39-8cf9-4e57-9be3-47f141ff45bd@group-AA94085C93A7-LeaderElection2] INFO  segmented.SegmentedRaftLogWorker (SegmentedRaftLogWorker.java:startLogSegment(425)) - 2a53bf39-8cf9-4e57-9be3-47f141ff45bd@group-AA94085C93A7-SegmentedRaftLogWorker: Starting segment from index:0
2022-10-08 01:31:35,124 [2a53bf39-8cf9-4e57-9be3-47f141ff45bd@group-AA94085C93A7-LeaderElection2] INFO  server.RaftServer$Division (ServerState.java:setRaftConf(393)) - 2a53bf39-8cf9-4e57-9be3-47f141ff45bd@group-AA94085C93A7: set configuration 0: [2a53bf39-8cf9-4e57-9be3-47f141ff45bd|rpc:10.1.0.61:38913|dataStream:|priority:1, a36237c7-2fce-420b-94d1-439aa558db2d|rpc:10.1.0.61:41927|dataStream:|priority:0, 81ce38e7-b758-4bd0-b008-806a23107e8d|rpc:10.1.0.61:36667|dataStream:|priority:0], old=null
2022-10-08 01:31:35,127 [2a53bf39-8cf9-4e57-9be3-47f141ff45bd@group-AA94085C93A7-SegmentedRaftLogWorker] INFO  segmented.SegmentedRaftLogWorker (SegmentedRaftLogWorker.java:execute(629)) - 2a53bf39-8cf9-4e57-9be3-47f141ff45bd@group-AA94085C93A7-SegmentedRaftLogWorker: created new log segment /home/runner/work/ozone/ozone/hadoop-ozone/integration-test/target/test-dir/MiniOzoneClusterImpl-c72639db-50b4-484a-b3ab-3c380931c8c6/datanode-0/data/ratis/e15aead0-6d2d-4584-81f4-aa94085c93a7/current/log_inprogress_0
2022-10-08 01:31:35,155 [81ce38e7-b758-4bd0-b008-806a23107e8d-server-thread1] INFO  ratis.XceiverServerRatis (XceiverServerRatis.java:handleLeaderChangedNotification(863)) - Leader change notification received for group: group-AA94085C93A7 with new leaderId: 2a53bf39-8cf9-4e57-9be3-47f141ff45bd
2022-10-08 01:31:35,155 [81ce38e7-b758-4bd0-b008-806a23107e8d-server-thread1] INFO  server.RaftServer$Division (ServerState.java:setLeader(287)) - 81ce38e7-b758-4bd0-b008-806a23107e8d@group-AA94085C93A7: change Leader from null to 2a53bf39-8cf9-4e57-9be3-47f141ff45bd at term 1 for appendEntries, leader elected after 4554ms
2022-10-08 01:31:35,156 [a36237c7-2fce-420b-94d1-439aa558db2d-server-thread1] INFO  ratis.XceiverServerRatis (XceiverServerRatis.java:handleLeaderChangedNotification(863)) - Leader change notification received for group: group-AA94085C93A7 with new leaderId: 2a53bf39-8cf9-4e57-9be3-47f141ff45bd
2022-10-08 01:31:35,156 [a36237c7-2fce-420b-94d1-439aa558db2d-server-thread1] INFO  server.RaftServer$Division (ServerState.java:setLeader(287)) - a36237c7-2fce-420b-94d1-439aa558db2d@group-AA94085C93A7: change Leader from null to 2a53bf39-8cf9-4e57-9be3-47f141ff45bd at term 1 for appendEntries, leader elected after 4662ms
2022-10-08 01:31:35,182 [a36237c7-2fce-420b-94d1-439aa558db2d-server-thread1] INFO  server.RaftServer$Division (ServerState.java:setRaftConf(393)) - a36237c7-2fce-420b-94d1-439aa558db2d@group-AA94085C93A7: set configuration 0: [2a53bf39-8cf9-4e57-9be3-47f141ff45bd|rpc:10.1.0.61:38913|dataStream:|priority:1, a36237c7-2fce-420b-94d1-439aa558db2d|rpc:10.1.0.61:41927|dataStream:|priority:0, 81ce38e7-b758-4bd0-b008-806a23107e8d|rpc:10.1.0.61:36667|dataStream:|priority:0], old=null
2022-10-08 01:31:35,183 [a36237c7-2fce-420b-94d1-439aa558db2d-server-thread1] INFO  segmented.SegmentedRaftLogWorker (SegmentedRaftLogWorker.java:startLogSegment(425)) - a36237c7-2fce-420b-94d1-439aa558db2d@group-AA94085C93A7-SegmentedRaftLogWorker: Starting segment from index:0
2022-10-08 01:31:35,190 [81ce38e7-b758-4bd0-b008-806a23107e8d-server-thread1] INFO  server.RaftServer$Division (ServerState.java:setRaftConf(393)) - 81ce38e7-b758-4bd0-b008-806a23107e8d@group-AA94085C93A7: set configuration 0: [2a53bf39-8cf9-4e57-9be3-47f141ff45bd|rpc:10.1.0.61:38913|dataStream:|priority:1, a36237c7-2fce-420b-94d1-439aa558db2d|rpc:10.1.0.61:41927|dataStream:|priority:0, 81ce38e7-b758-4bd0-b008-806a23107e8d|rpc:10.1.0.61:36667|dataStream:|priority:0], old=null
2022-10-08 01:31:35,190 [a36237c7-2fce-420b-94d1-439aa558db2d@group-AA94085C93A7-SegmentedRaftLogWorker] INFO  segmented.SegmentedRaftLogWorker (SegmentedRaftLogWorker.java:execute(629)) - a36237c7-2fce-420b-94d1-439aa558db2d@group-AA94085C93A7-SegmentedRaftLogWorker: created new log segment /home/runner/work/ozone/ozone/hadoop-ozone/integration-test/target/test-dir/MiniOzoneClusterImpl-c72639db-50b4-484a-b3ab-3c380931c8c6/datanode-1/data/ratis/e15aead0-6d2d-4584-81f4-aa94085c93a7/current/log_inprogress_0
2022-10-08 01:31:35,191 [81ce38e7-b758-4bd0-b008-806a23107e8d-server-thread1] INFO  segmented.SegmentedRaftLogWorker (SegmentedRaftLogWorker.java:startLogSegment(425)) - 81ce38e7-b758-4bd0-b008-806a23107e8d@group-AA94085C93A7-SegmentedRaftLogWorker: Starting segment from index:0
2022-10-08 01:31:35,199 [81ce38e7-b758-4bd0-b008-806a23107e8d@group-AA94085C93A7-SegmentedRaftLogWorker] INFO  segmented.SegmentedRaftLogWorker (SegmentedRaftLogWorker.java:execute(629)) - 81ce38e7-b758-4bd0-b008-806a23107e8d@group-AA94085C93A7-SegmentedRaftLogWorker: created new log segment /home/runner/work/ozone/ozone/hadoop-ozone/integration-test/target/test-dir/MiniOzoneClusterImpl-c72639db-50b4-484a-b3ab-3c380931c8c6/datanode-2/data/ratis/e15aead0-6d2d-4584-81f4-aa94085c93a7/current/log_inprogress_0
2022-10-08 01:31:35,305 [ReplicationMonitor] INFO  replication.ReplicationManager (ReplicationManager.java:processAll(291)) - Replication Manager is not ready to run until 3000ms after safemode exit
2022-10-08 01:31:35,658 [a36237c7-2fce-420b-94d1-439aa558db2d@group-A8D86C891430-FollowerState] INFO  impl.FollowerState (FollowerState.java:run(143)) - a36237c7-2fce-420b-94d1-439aa558db2d@group-A8D86C891430-FollowerState: change to CANDIDATE, lastRpcElapsedTime:5094490793ns, electionTimeout:5084ms
2022-10-08 01:31:35,658 [a36237c7-2fce-420b-94d1-439aa558db2d@group-A8D86C891430-FollowerState] INFO  impl.RoleInfo (RoleInfo.java:shutdownFollowerState(110)) - a36237c7-2fce-420b-94d1-439aa558db2d: shutdown a36237c7-2fce-420b-94d1-439aa558db2d@group-A8D86C891430-FollowerState
2022-10-08 01:31:35,658 [a36237c7-2fce-420b-94d1-439aa558db2d@group-A8D86C891430-FollowerState] INFO  server.RaftServer$Division (RaftServerImpl.java:setRole(299)) - a36237c7-2fce-420b-94d1-439aa558db2d@group-A8D86C891430: changes role from  FOLLOWER to CANDIDATE at term 0 for changeToCandidate
2022-10-08 01:31:35,658 [a36237c7-2fce-420b-94d1-439aa558db2d@group-A8D86C891430-FollowerState] INFO  server.RaftServerConfigKeys (ConfUtils.java:logGet(46)) - raft.server.leaderelection.pre-vote = false (custom)
2022-10-08 01:31:35,658 [a36237c7-2fce-420b-94d1-439aa558db2d@group-A8D86C891430-FollowerState] INFO  impl.RoleInfo (RoleInfo.java:updateAndGet(139)) - a36237c7-2fce-420b-94d1-439aa558db2d: start a36237c7-2fce-420b-94d1-439aa558db2d@group-A8D86C891430-LeaderElection4
2022-10-08 01:31:35,666 [a36237c7-2fce-420b-94d1-439aa558db2d@group-A8D86C891430-LeaderElection4] INFO  impl.LeaderElection (LeaderElection.java:askForVotes(310)) - a36237c7-2fce-420b-94d1-439aa558db2d@group-A8D86C891430-LeaderElection4 ELECTION round 0: submit vote requests at term 1 for -1: [a36237c7-2fce-420b-94d1-439aa558db2d|rpc:10.1.0.61:41927|priority:1], old=null
2022-10-08 01:31:35,667 [a36237c7-2fce-420b-94d1-439aa558db2d@group-A8D86C891430-LeaderElection4] INFO  impl.LeaderElection (LeaderElection.java:askForVotes(312)) - a36237c7-2fce-420b-94d1-439aa558db2d@group-A8D86C891430-LeaderElection4 ELECTION round 0: result PASSED (term=1)
2022-10-08 01:31:35,667 [a36237c7-2fce-420b-94d1-439aa558db2d@group-A8D86C891430-LeaderElection4] INFO  impl.RoleInfo (RoleInfo.java:shutdownLeaderElection(130)) - a36237c7-2fce-420b-94d1-439aa558db2d: shutdown a36237c7-2fce-420b-94d1-439aa558db2d@group-A8D86C891430-LeaderElection4
2022-10-08 01:31:35,667 [a36237c7-2fce-420b-94d1-439aa558db2d@group-A8D86C891430-LeaderElection4] INFO  server.RaftServer$Division (RaftServerImpl.java:setRole(299)) - a36237c7-2fce-420b-94d1-439aa558db2d@group-A8D86C891430: changes role from CANDIDATE to LEADER at term 1 for changeToLeader
2022-10-08 01:31:35,667 [a36237c7-2fce-420b-94d1-439aa558db2d@group-A8D86C891430-LeaderElection4] INFO  ratis.XceiverServerRatis (XceiverServerRatis.java:handleLeaderChangedNotification(863)) - Leader change notification received for group: group-A8D86C891430 with new leaderId: a36237c7-2fce-420b-94d1-439aa558db2d
2022-10-08 01:31:35,667 [a36237c7-2fce-420b-94d1-439aa558db2d@group-A8D86C891430-LeaderElection4] INFO  server.RaftServer$Division (ServerState.java:setLeader(287)) - a36237c7-2fce-420b-94d1-439aa558db2d@group-A8D86C891430: change Leader from null to a36237c7-2fce-420b-94d1-439aa558db2d at term 1 for becomeLeader, leader elected after 5118ms
2022-10-08 01:31:35,667 [a36237c7-2fce-420b-94d1-439aa558db2d@group-A8D86C891430-LeaderElection4] INFO  server.RaftServerConfigKeys (ConfUtils.java:logGet(46)) - raft.server.staging.catchup.gap = 1000 (default)
2022-10-08 01:31:35,667 [a36237c7-2fce-420b-94d1-439aa558db2d@group-A8D86C891430-LeaderElection4] INFO  server.RaftServerConfigKeys (ConfUtils.java:logGet(46)) - raft.server.write.element-limit = 1024 (custom)
2022-10-08 01:31:35,667 [a36237c7-2fce-420b-94d1-439aa558db2d@group-A8D86C891430-LeaderElection4] INFO  server.RaftServerConfigKeys (ConfUtils.java:logGet(46)) - raft.server.write.byte-limit = 1024 M (=1073741824) (custom)
2022-10-08 01:31:35,668 [a36237c7-2fce-420b-94d1-439aa558db2d@group-A8D86C891430-LeaderElection4] INFO  server.RaftServerConfigKeys (ConfUtils.java:logGet(46)) - raft.server.watch.timeout = 180s (custom)
2022-10-08 01:31:35,668 [a36237c7-2fce-420b-94d1-439aa558db2d@group-A8D86C891430-LeaderElection4] INFO  server.RaftServerConfigKeys (ConfUtils.java:logGet(46)) - raft.server.watch.timeout.denomination = 1s (default)
2022-10-08 01:31:35,668 [a36237c7-2fce-420b-94d1-439aa558db2d@group-A8D86C891430-LeaderElection4] INFO  server.RaftServerConfigKeys (ConfUtils.java:logGet(46)) - raft.server.watch.element-limit = 65536 (default)
2022-10-08 01:31:35,668 [a36237c7-2fce-420b-94d1-439aa558db2d@group-A8D86C891430-LeaderElection4] INFO  server.RaftServerConfigKeys (ConfUtils.java:logGet(46)) - raft.server.write.element-limit = 1024 (custom)
2022-10-08 01:31:35,669 [a36237c7-2fce-420b-94d1-439aa558db2d@group-A8D86C891430-LeaderElection4] INFO  server.RaftServerConfigKeys (ConfUtils.java:logGet(46)) - raft.server.write.follower.gap.ratio.max = -1.0 (default)
2022-10-08 01:31:35,669 [a36237c7-2fce-420b-94d1-439aa558db2d@group-A8D86C891430-LeaderElection4] INFO  impl.RoleInfo (RoleInfo.java:updateAndGet(139)) - a36237c7-2fce-420b-94d1-439aa558db2d: start a36237c7-2fce-420b-94d1-439aa558db2d@group-A8D86C891430-LeaderStateImpl
2022-10-08 01:31:35,669 [a36237c7-2fce-420b-94d1-439aa558db2d@group-A8D86C891430-LeaderElection4] INFO  segmented.SegmentedRaftLogWorker (SegmentedRaftLogWorker.java:startLogSegment(425)) - a36237c7-2fce-420b-94d1-439aa558db2d@group-A8D86C891430-SegmentedRaftLogWorker: Starting segment from index:0
2022-10-08 01:31:35,670 [a36237c7-2fce-420b-94d1-439aa558db2d@group-A8D86C891430-LeaderElection4] INFO  server.RaftServer$Division (ServerState.java:setRaftConf(393)) - a36237c7-2fce-420b-94d1-439aa558db2d@group-A8D86C891430: set configuration 0: [a36237c7-2fce-420b-94d1-439aa558db2d|rpc:10.1.0.61:41927|dataStream:|priority:1], old=null
2022-10-08 01:31:35,679 [a36237c7-2fce-420b-94d1-439aa558db2d@group-A8D86C891430-SegmentedRaftLogWorker] INFO  segmented.SegmentedRaftLogWorker (SegmentedRaftLogWorker.java:execute(629)) - a36237c7-2fce-420b-94d1-439aa558db2d@group-A8D86C891430-SegmentedRaftLogWorker: created new log segment /home/runner/work/ozone/ozone/hadoop-ozone/integration-test/target/test-dir/MiniOzoneClusterImpl-c72639db-50b4-484a-b3ab-3c380931c8c6/datanode-1/data/ratis/4a9dec9a-ccbd-402c-a54d-a8d86c891430/current/log_inprogress_0
2022-10-08 01:31:35,706 [Listener at 127.0.0.1/46853] INFO  ozone.MiniOzoneClusterImpl (MiniOzoneClusterImpl.java:lambda$waitForClusterToBeReady$0(216)) - Nodes are ready. Got 5 of 5 DN Heartbeats.
2022-10-08 01:31:35,706 [Listener at 127.0.0.1/46853] INFO  ozone.MiniOzoneClusterImpl (MiniOzoneClusterImpl.java:lambda$waitForClusterToBeReady$0(219)) - Cluster exits safe mode
2022-10-08 01:31:35,706 [Listener at 127.0.0.1/46853] INFO  ozone.MiniOzoneClusterImpl (MiniOzoneClusterImpl.java:lambda$waitForClusterToBeReady$0(221)) - SCM became leader
2022-10-08 01:31:36,027 [81ce38e7-b758-4bd0-b008-806a23107e8d@group-87763699CC80-FollowerState] INFO  impl.FollowerState (FollowerState.java:run(143)) - 81ce38e7-b758-4bd0-b008-806a23107e8d@group-87763699CC80-FollowerState: change to CANDIDATE, lastRpcElapsedTime:5101006339ns, electionTimeout:5100ms
2022-10-08 01:31:36,027 [81ce38e7-b758-4bd0-b008-806a23107e8d@group-87763699CC80-FollowerState] INFO  impl.RoleInfo (RoleInfo.java:shutdownFollowerState(110)) - 81ce38e7-b758-4bd0-b008-806a23107e8d: shutdown 81ce38e7-b758-4bd0-b008-806a23107e8d@group-87763699CC80-FollowerState
2022-10-08 01:31:36,027 [81ce38e7-b758-4bd0-b008-806a23107e8d@group-87763699CC80-FollowerState] INFO  server.RaftServer$Division (RaftServerImpl.java:setRole(299)) - 81ce38e7-b758-4bd0-b008-806a23107e8d@group-87763699CC80: changes role from  FOLLOWER to CANDIDATE at term 0 for changeToCandidate
2022-10-08 01:31:36,028 [81ce38e7-b758-4bd0-b008-806a23107e8d@group-87763699CC80-FollowerState] INFO  server.RaftServerConfigKeys (ConfUtils.java:logGet(46)) - raft.server.leaderelection.pre-vote = false (custom)
2022-10-08 01:31:36,028 [81ce38e7-b758-4bd0-b008-806a23107e8d@group-87763699CC80-FollowerState] INFO  impl.RoleInfo (RoleInfo.java:updateAndGet(139)) - 81ce38e7-b758-4bd0-b008-806a23107e8d: start 81ce38e7-b758-4bd0-b008-806a23107e8d@group-87763699CC80-LeaderElection5
2022-10-08 01:31:36,037 [81ce38e7-b758-4bd0-b008-806a23107e8d@group-87763699CC80-LeaderElection5] INFO  impl.LeaderElection (LeaderElection.java:askForVotes(310)) - 81ce38e7-b758-4bd0-b008-806a23107e8d@group-87763699CC80-LeaderElection5 ELECTION round 0: submit vote requests at term 1 for -1: [81ce38e7-b758-4bd0-b008-806a23107e8d|rpc:10.1.0.61:36667|priority:1], old=null
2022-10-08 01:31:36,037 [81ce38e7-b758-4bd0-b008-806a23107e8d@group-87763699CC80-LeaderElection5] INFO  impl.LeaderElection (LeaderElection.java:askForVotes(312)) - 81ce38e7-b758-4bd0-b008-806a23107e8d@group-87763699CC80-LeaderElection5 ELECTION round 0: result PASSED (term=1)
2022-10-08 01:31:36,037 [81ce38e7-b758-4bd0-b008-806a23107e8d@group-87763699CC80-LeaderElection5] INFO  impl.RoleInfo (RoleInfo.java:shutdownLeaderElection(130)) - 81ce38e7-b758-4bd0-b008-806a23107e8d: shutdown 81ce38e7-b758-4bd0-b008-806a23107e8d@group-87763699CC80-LeaderElection5
2022-10-08 01:31:36,038 [81ce38e7-b758-4bd0-b008-806a23107e8d@group-87763699CC80-LeaderElection5] INFO  server.RaftServer$Division (RaftServerImpl.java:setRole(299)) - 81ce38e7-b758-4bd0-b008-806a23107e8d@group-87763699CC80: changes role from CANDIDATE to LEADER at term 1 for changeToLeader
2022-10-08 01:31:36,038 [81ce38e7-b758-4bd0-b008-806a23107e8d@group-87763699CC80-LeaderElection5] INFO  ratis.XceiverServerRatis (XceiverServerRatis.java:handleLeaderChangedNotification(863)) - Leader change notification received for group: group-87763699CC80 with new leaderId: 81ce38e7-b758-4bd0-b008-806a23107e8d
2022-10-08 01:31:36,040 [81ce38e7-b758-4bd0-b008-806a23107e8d@group-87763699CC80-LeaderElection5] INFO  server.RaftServer$Division (ServerState.java:setLeader(287)) - 81ce38e7-b758-4bd0-b008-806a23107e8d@group-87763699CC80: change Leader from null to 81ce38e7-b758-4bd0-b008-806a23107e8d at term 1 for becomeLeader, leader elected after 5117ms
2022-10-08 01:31:36,040 [81ce38e7-b758-4bd0-b008-806a23107e8d@group-87763699CC80-LeaderElection5] INFO  server.RaftServerConfigKeys (ConfUtils.java:logGet(46)) - raft.server.staging.catchup.gap = 1000 (default)
2022-10-08 01:31:36,041 [81ce38e7-b758-4bd0-b008-806a23107e8d@group-87763699CC80-LeaderElection5] INFO  server.RaftServerConfigKeys (ConfUtils.java:logGet(46)) - raft.server.write.element-limit = 1024 (custom)
2022-10-08 01:31:36,041 [81ce38e7-b758-4bd0-b008-806a23107e8d@group-87763699CC80-LeaderElection5] INFO  server.RaftServerConfigKeys (ConfUtils.java:logGet(46)) - raft.server.write.byte-limit = 1024 M (=1073741824) (custom)
2022-10-08 01:31:36,042 [81ce38e7-b758-4bd0-b008-806a23107e8d@group-87763699CC80-LeaderElection5] INFO  server.RaftServerConfigKeys (ConfUtils.java:logGet(46)) - raft.server.watch.timeout = 180s (custom)
2022-10-08 01:31:36,042 [81ce38e7-b758-4bd0-b008-806a23107e8d@group-87763699CC80-LeaderElection5] INFO  server.RaftServerConfigKeys (ConfUtils.java:logGet(46)) - raft.server.watch.timeout.denomination = 1s (default)
2022-10-08 01:31:36,042 [81ce38e7-b758-4bd0-b008-806a23107e8d@group-87763699CC80-LeaderElection5] INFO  server.RaftServerConfigKeys (ConfUtils.java:logGet(46)) - raft.server.watch.element-limit = 65536 (default)
2022-10-08 01:31:36,047 [Listener at 127.0.0.1/46853] INFO  rpc.RpcClient (RpcClient.java:createVolume(471)) - Creating Volume: f9c9efd5-68fd-466b-aef1-7ba9745052ac, with runner as owner and space quota set to -1 bytes, counts quota set to -1
2022-10-08 01:31:36,048 [81ce38e7-b758-4bd0-b008-806a23107e8d@group-87763699CC80-LeaderElection5] INFO  server.RaftServerConfigKeys (ConfUtils.java:logGet(46)) - raft.server.write.element-limit = 1024 (custom)
2022-10-08 01:31:36,048 [81ce38e7-b758-4bd0-b008-806a23107e8d@group-87763699CC80-LeaderElection5] INFO  server.RaftServerConfigKeys (ConfUtils.java:logGet(46)) - raft.server.write.follower.gap.ratio.max = -1.0 (default)
2022-10-08 01:31:36,048 [81ce38e7-b758-4bd0-b008-806a23107e8d@group-87763699CC80-LeaderElection5] INFO  impl.RoleInfo (RoleInfo.java:updateAndGet(139)) - 81ce38e7-b758-4bd0-b008-806a23107e8d: start 81ce38e7-b758-4bd0-b008-806a23107e8d@group-87763699CC80-LeaderStateImpl
2022-10-08 01:31:36,048 [81ce38e7-b758-4bd0-b008-806a23107e8d@group-87763699CC80-LeaderElection5] INFO  segmented.SegmentedRaftLogWorker (SegmentedRaftLogWorker.java:startLogSegment(425)) - 81ce38e7-b758-4bd0-b008-806a23107e8d@group-87763699CC80-SegmentedRaftLogWorker: Starting segment from index:0
2022-10-08 01:31:36,049 [81ce38e7-b758-4bd0-b008-806a23107e8d@group-87763699CC80-LeaderElection5] INFO  server.RaftServer$Division (ServerState.java:setRaftConf(393)) - 81ce38e7-b758-4bd0-b008-806a23107e8d@group-87763699CC80: set configuration 0: [81ce38e7-b758-4bd0-b008-806a23107e8d|rpc:10.1.0.61:36667|dataStream:|priority:1], old=null
2022-10-08 01:31:36,055 [81ce38e7-b758-4bd0-b008-806a23107e8d@group-87763699CC80-SegmentedRaftLogWorker] INFO  segmented.SegmentedRaftLogWorker (SegmentedRaftLogWorker.java:execute(629)) - 81ce38e7-b758-4bd0-b008-806a23107e8d@group-87763699CC80-SegmentedRaftLogWorker: created new log segment /home/runner/work/ozone/ozone/hadoop-ozone/integration-test/target/test-dir/MiniOzoneClusterImpl-c72639db-50b4-484a-b3ab-3c380931c8c6/datanode-2/data/ratis/666bd1c7-3c83-4c38-a9f8-87763699cc80/current/log_inprogress_0
2022-10-08 01:31:36,086 [OM StateMachine ApplyTransaction Thread - 0] INFO  volume.OMVolumeCreateRequest (OMVolumeCreateRequest.java:validateAndUpdateCache(195)) - created volume:f9c9efd5-68fd-466b-aef1-7ba9745052ac for user:runner
2022-10-08 01:31:36,110 [Listener at 127.0.0.1/46853] INFO  rpc.RpcClient (RpcClient.java:createBucket(674)) - Creating Bucket: f9c9efd5-68fd-466b-aef1-7ba9745052ac/feb18e2f-6d0f-4883-a6cc-abf5a45aba8e, with server-side default bucket layout, runner as owner, Versioning false, Storage Type set to DISK and Encryption set to false 
2022-10-08 01:31:36,126 [OM StateMachine ApplyTransaction Thread - 0] INFO  bucket.OMBucketCreateRequest (OMBucketCreateRequest.java:validateAndUpdateCache(260)) - created bucket: feb18e2f-6d0f-4883-a6cc-abf5a45aba8e of layout LEGACY in volume: f9c9efd5-68fd-466b-aef1-7ba9745052ac
2022-10-08 01:31:36,176 [IPC Server handler 1 on default port 43427] INFO  ha.SequenceIdGenerator (SequenceIdGenerator.java:getNextId(128)) - Allocate a batch for containerId, change lastId from 0 to 1000.
2022-10-08 01:31:36,183 [IPC Server handler 1 on default port 43427] WARN  ha.SequenceIdGenerator (SequenceIdGenerator.java:allocateBatch(237)) - Failed to allocate a batch for localId, expected lastId is 0, actual lastId is 109611004723200000.
2022-10-08 01:31:36,183 [IPC Server handler 1 on default port 43427] INFO  ha.SequenceIdGenerator (SequenceIdGenerator.java:getNextId(128)) - Allocate a batch for localId, change lastId from 109611004723200000 to 109611004723201000.
2022-10-08 01:31:36,306 [ReplicationMonitor] INFO  replication.ReplicationManager (ReplicationManager.java:processAll(291)) - Replication Manager is not ready to run until 3000ms after safemode exit
2022-10-08 01:31:36,314 [Listener at 127.0.0.1/46853] INFO  impl.MetricsSystemImpl (MetricsSystemImpl.java:init(158)) - XceiverClientMetrics metrics system started (again)
2022-10-08 01:31:36,543 [a84413c3-fab5-4bb4-8251-7613d0a65916@group-727398853F70-FollowerState] INFO  impl.FollowerState (FollowerState.java:run(143)) - a84413c3-fab5-4bb4-8251-7613d0a65916@group-727398853F70-FollowerState: change to CANDIDATE, lastRpcElapsedTime:5137932273ns, electionTimeout:5137ms
2022-10-08 01:31:36,543 [a84413c3-fab5-4bb4-8251-7613d0a65916@group-727398853F70-FollowerState] INFO  impl.RoleInfo (RoleInfo.java:shutdownFollowerState(110)) - a84413c3-fab5-4bb4-8251-7613d0a65916: shutdown a84413c3-fab5-4bb4-8251-7613d0a65916@group-727398853F70-FollowerState
2022-10-08 01:31:36,543 [a84413c3-fab5-4bb4-8251-7613d0a65916@group-727398853F70-FollowerState] INFO  server.RaftServer$Division (RaftServerImpl.java:setRole(299)) - a84413c3-fab5-4bb4-8251-7613d0a65916@group-727398853F70: changes role from  FOLLOWER to CANDIDATE at term 0 for changeToCandidate
2022-10-08 01:31:36,543 [a84413c3-fab5-4bb4-8251-7613d0a65916@group-727398853F70-FollowerState] INFO  server.RaftServerConfigKeys (ConfUtils.java:logGet(46)) - raft.server.leaderelection.pre-vote = false (custom)
2022-10-08 01:31:36,544 [a84413c3-fab5-4bb4-8251-7613d0a65916@group-727398853F70-FollowerState] INFO  impl.RoleInfo (RoleInfo.java:updateAndGet(139)) - a84413c3-fab5-4bb4-8251-7613d0a65916: start a84413c3-fab5-4bb4-8251-7613d0a65916@group-727398853F70-LeaderElection6
2022-10-08 01:31:36,555 [a84413c3-fab5-4bb4-8251-7613d0a65916@group-727398853F70-LeaderElection6] INFO  impl.LeaderElection (LeaderElection.java:askForVotes(310)) - a84413c3-fab5-4bb4-8251-7613d0a65916@group-727398853F70-LeaderElection6 ELECTION round 0: submit vote requests at term 1 for -1: [a84413c3-fab5-4bb4-8251-7613d0a65916|rpc:10.1.0.61:34151|priority:1], old=null
2022-10-08 01:31:36,555 [a84413c3-fab5-4bb4-8251-7613d0a65916@group-727398853F70-LeaderElection6] INFO  impl.LeaderElection (LeaderElection.java:askForVotes(312)) - a84413c3-fab5-4bb4-8251-7613d0a65916@group-727398853F70-LeaderElection6 ELECTION round 0: result PASSED (term=1)
2022-10-08 01:31:36,555 [a84413c3-fab5-4bb4-8251-7613d0a65916@group-727398853F70-LeaderElection6] INFO  impl.RoleInfo (RoleInfo.java:shutdownLeaderElection(130)) - a84413c3-fab5-4bb4-8251-7613d0a65916: shutdown a84413c3-fab5-4bb4-8251-7613d0a65916@group-727398853F70-LeaderElection6
2022-10-08 01:31:36,555 [a84413c3-fab5-4bb4-8251-7613d0a65916@group-727398853F70-LeaderElection6] INFO  server.RaftServer$Division (RaftServerImpl.java:setRole(299)) - a84413c3-fab5-4bb4-8251-7613d0a65916@group-727398853F70: changes role from CANDIDATE to LEADER at term 1 for changeToLeader
2022-10-08 01:31:36,555 [a84413c3-fab5-4bb4-8251-7613d0a65916@group-727398853F70-LeaderElection6] INFO  ratis.XceiverServerRatis (XceiverServerRatis.java:handleLeaderChangedNotification(863)) - Leader change notification received for group: group-727398853F70 with new leaderId: a84413c3-fab5-4bb4-8251-7613d0a65916
2022-10-08 01:31:36,557 [a84413c3-fab5-4bb4-8251-7613d0a65916@group-727398853F70-LeaderElection6] INFO  server.RaftServer$Division (ServerState.java:setLeader(287)) - a84413c3-fab5-4bb4-8251-7613d0a65916@group-727398853F70: change Leader from null to a84413c3-fab5-4bb4-8251-7613d0a65916 at term 1 for becomeLeader, leader elected after 5157ms
2022-10-08 01:31:36,558 [a84413c3-fab5-4bb4-8251-7613d0a65916@group-727398853F70-LeaderElection6] INFO  server.RaftServerConfigKeys (ConfUtils.java:logGet(46)) - raft.server.staging.catchup.gap = 1000 (default)
2022-10-08 01:31:36,558 [a84413c3-fab5-4bb4-8251-7613d0a65916@group-727398853F70-LeaderElection6] INFO  server.RaftServerConfigKeys (ConfUtils.java:logGet(46)) - raft.server.write.element-limit = 1024 (custom)
2022-10-08 01:31:36,558 [a84413c3-fab5-4bb4-8251-7613d0a65916@group-727398853F70-LeaderElection6] INFO  server.RaftServerConfigKeys (ConfUtils.java:logGet(46)) - raft.server.write.byte-limit = 1024 M (=1073741824) (custom)
2022-10-08 01:31:36,558 [a84413c3-fab5-4bb4-8251-7613d0a65916@group-727398853F70-LeaderElection6] INFO  server.RaftServerConfigKeys (ConfUtils.java:logGet(46)) - raft.server.watch.timeout = 180s (custom)
2022-10-08 01:31:36,558 [a84413c3-fab5-4bb4-8251-7613d0a65916@group-727398853F70-LeaderElection6] INFO  server.RaftServerConfigKeys (ConfUtils.java:logGet(46)) - raft.server.watch.timeout.denomination = 1s (default)
2022-10-08 01:31:36,559 [a84413c3-fab5-4bb4-8251-7613d0a65916@group-727398853F70-LeaderElection6] INFO  server.RaftServerConfigKeys (ConfUtils.java:logGet(46)) - raft.server.watch.element-limit = 65536 (default)
2022-10-08 01:31:36,559 [a84413c3-fab5-4bb4-8251-7613d0a65916@group-727398853F70-LeaderElection6] INFO  server.RaftServerConfigKeys (ConfUtils.java:logGet(46)) - raft.server.write.element-limit = 1024 (custom)
2022-10-08 01:31:36,559 [a84413c3-fab5-4bb4-8251-7613d0a65916@group-727398853F70-LeaderElection6] INFO  server.RaftServerConfigKeys (ConfUtils.java:logGet(46)) - raft.server.write.follower.gap.ratio.max = -1.0 (default)
2022-10-08 01:31:36,559 [a84413c3-fab5-4bb4-8251-7613d0a65916@group-727398853F70-LeaderElection6] INFO  impl.RoleInfo (RoleInfo.java:updateAndGet(139)) - a84413c3-fab5-4bb4-8251-7613d0a65916: start a84413c3-fab5-4bb4-8251-7613d0a65916@group-727398853F70-LeaderStateImpl
2022-10-08 01:31:36,559 [a84413c3-fab5-4bb4-8251-7613d0a65916@group-727398853F70-LeaderElection6] INFO  segmented.SegmentedRaftLogWorker (SegmentedRaftLogWorker.java:startLogSegment(425)) - a84413c3-fab5-4bb4-8251-7613d0a65916@group-727398853F70-SegmentedRaftLogWorker: Starting segment from index:0
2022-10-08 01:31:36,567 [a84413c3-fab5-4bb4-8251-7613d0a65916@group-727398853F70-LeaderElection6] INFO  server.RaftServer$Division (ServerState.java:setRaftConf(393)) - a84413c3-fab5-4bb4-8251-7613d0a65916@group-727398853F70: set configuration 0: [a84413c3-fab5-4bb4-8251-7613d0a65916|rpc:10.1.0.61:34151|dataStream:|priority:1], old=null
2022-10-08 01:31:36,569 [a84413c3-fab5-4bb4-8251-7613d0a65916@group-727398853F70-SegmentedRaftLogWorker] INFO  segmented.SegmentedRaftLogWorker (SegmentedRaftLogWorker.java:execute(629)) - a84413c3-fab5-4bb4-8251-7613d0a65916@group-727398853F70-SegmentedRaftLogWorker: created new log segment /home/runner/work/ozone/ozone/hadoop-ozone/integration-test/target/test-dir/MiniOzoneClusterImpl-c72639db-50b4-484a-b3ab-3c380931c8c6/datanode-3/data/ratis/02a84043-ca47-4f85-b860-727398853f70/current/log_inprogress_0
2022-10-08 01:31:36,880 [f99fd778-4fae-463c-a039-423a4282d2af@group-19E3AF023A0F-FollowerState] INFO  impl.FollowerState (FollowerState.java:run(143)) - f99fd778-4fae-463c-a039-423a4282d2af@group-19E3AF023A0F-FollowerState: change to CANDIDATE, lastRpcElapsedTime:5138136643ns, electionTimeout:5137ms
2022-10-08 01:31:36,880 [f99fd778-4fae-463c-a039-423a4282d2af@group-19E3AF023A0F-FollowerState] INFO  impl.RoleInfo (RoleInfo.java:shutdownFollowerState(110)) - f99fd778-4fae-463c-a039-423a4282d2af: shutdown f99fd778-4fae-463c-a039-423a4282d2af@group-19E3AF023A0F-FollowerState
2022-10-08 01:31:36,880 [f99fd778-4fae-463c-a039-423a4282d2af@group-19E3AF023A0F-FollowerState] INFO  server.RaftServer$Division (RaftServerImpl.java:setRole(299)) - f99fd778-4fae-463c-a039-423a4282d2af@group-19E3AF023A0F: changes role from  FOLLOWER to CANDIDATE at term 0 for changeToCandidate
2022-10-08 01:31:36,880 [f99fd778-4fae-463c-a039-423a4282d2af@group-19E3AF023A0F-FollowerState] INFO  server.RaftServerConfigKeys (ConfUtils.java:logGet(46)) - raft.server.leaderelection.pre-vote = false (custom)
2022-10-08 01:31:36,880 [f99fd778-4fae-463c-a039-423a4282d2af@group-19E3AF023A0F-FollowerState] INFO  impl.RoleInfo (RoleInfo.java:updateAndGet(139)) - f99fd778-4fae-463c-a039-423a4282d2af: start f99fd778-4fae-463c-a039-423a4282d2af@group-19E3AF023A0F-LeaderElection7
2022-10-08 01:31:36,894 [f99fd778-4fae-463c-a039-423a4282d2af@group-19E3AF023A0F-LeaderElection7] INFO  impl.LeaderElection (LeaderElection.java:askForVotes(310)) - f99fd778-4fae-463c-a039-423a4282d2af@group-19E3AF023A0F-LeaderElection7 ELECTION round 0: submit vote requests at term 1 for -1: [f99fd778-4fae-463c-a039-423a4282d2af|rpc:10.1.0.61:34781|priority:1], old=null
2022-10-08 01:31:36,894 [f99fd778-4fae-463c-a039-423a4282d2af@group-19E3AF023A0F-LeaderElection7] INFO  impl.LeaderElection (LeaderElection.java:askForVotes(312)) - f99fd778-4fae-463c-a039-423a4282d2af@group-19E3AF023A0F-LeaderElection7 ELECTION round 0: result PASSED (term=1)
2022-10-08 01:31:36,894 [f99fd778-4fae-463c-a039-423a4282d2af@group-19E3AF023A0F-LeaderElection7] INFO  impl.RoleInfo (RoleInfo.java:shutdownLeaderElection(130)) - f99fd778-4fae-463c-a039-423a4282d2af: shutdown f99fd778-4fae-463c-a039-423a4282d2af@group-19E3AF023A0F-LeaderElection7
2022-10-08 01:31:36,894 [f99fd778-4fae-463c-a039-423a4282d2af@group-19E3AF023A0F-LeaderElection7] INFO  server.RaftServer$Division (RaftServerImpl.java:setRole(299)) - f99fd778-4fae-463c-a039-423a4282d2af@group-19E3AF023A0F: changes role from CANDIDATE to LEADER at term 1 for changeToLeader
2022-10-08 01:31:36,894 [f99fd778-4fae-463c-a039-423a4282d2af@group-19E3AF023A0F-LeaderElection7] INFO  ratis.XceiverServerRatis (XceiverServerRatis.java:handleLeaderChangedNotification(863)) - Leader change notification received for group: group-19E3AF023A0F with new leaderId: f99fd778-4fae-463c-a039-423a4282d2af
2022-10-08 01:31:36,894 [f99fd778-4fae-463c-a039-423a4282d2af@group-19E3AF023A0F-LeaderElection7] INFO  server.RaftServer$Division (ServerState.java:setLeader(287)) - f99fd778-4fae-463c-a039-423a4282d2af@group-19E3AF023A0F: change Leader from null to f99fd778-4fae-463c-a039-423a4282d2af at term 1 for becomeLeader, leader elected after 5159ms
2022-10-08 01:31:36,894 [f99fd778-4fae-463c-a039-423a4282d2af@group-19E3AF023A0F-LeaderElection7] INFO  server.RaftServerConfigKeys (ConfUtils.java:logGet(46)) - raft.server.staging.catchup.gap = 1000 (default)
2022-10-08 01:31:36,897 [f99fd778-4fae-463c-a039-423a4282d2af@group-19E3AF023A0F-LeaderElection7] INFO  server.RaftServerConfigKeys (ConfUtils.java:logGet(46)) - raft.server.write.element-limit = 1024 (custom)
2022-10-08 01:31:36,897 [f99fd778-4fae-463c-a039-423a4282d2af@group-19E3AF023A0F-LeaderElection7] INFO  server.RaftServerConfigKeys (ConfUtils.java:logGet(46)) - raft.server.write.byte-limit = 1024 M (=1073741824) (custom)
2022-10-08 01:31:36,897 [f99fd778-4fae-463c-a039-423a4282d2af@group-19E3AF023A0F-LeaderElection7] INFO  server.RaftServerConfigKeys (ConfUtils.java:logGet(46)) - raft.server.watch.timeout = 180s (custom)
2022-10-08 01:31:36,897 [f99fd778-4fae-463c-a039-423a4282d2af@group-19E3AF023A0F-LeaderElection7] INFO  server.RaftServerConfigKeys (ConfUtils.java:logGet(46)) - raft.server.watch.timeout.denomination = 1s (default)
2022-10-08 01:31:36,897 [f99fd778-4fae-463c-a039-423a4282d2af@group-19E3AF023A0F-LeaderElection7] INFO  server.RaftServerConfigKeys (ConfUtils.java:logGet(46)) - raft.server.watch.element-limit = 65536 (default)
2022-10-08 01:31:36,897 [f99fd778-4fae-463c-a039-423a4282d2af@group-19E3AF023A0F-LeaderElection7] INFO  server.RaftServerConfigKeys (ConfUtils.java:logGet(46)) - raft.server.write.element-limit = 1024 (custom)
2022-10-08 01:31:36,898 [f99fd778-4fae-463c-a039-423a4282d2af@group-19E3AF023A0F-LeaderElection7] INFO  server.RaftServerConfigKeys (ConfUtils.java:logGet(46)) - raft.server.write.follower.gap.ratio.max = -1.0 (default)
2022-10-08 01:31:36,902 [f99fd778-4fae-463c-a039-423a4282d2af@group-19E3AF023A0F-LeaderElection7] INFO  impl.RoleInfo (RoleInfo.java:updateAndGet(139)) - f99fd778-4fae-463c-a039-423a4282d2af: start f99fd778-4fae-463c-a039-423a4282d2af@group-19E3AF023A0F-LeaderStateImpl
2022-10-08 01:31:36,902 [f99fd778-4fae-463c-a039-423a4282d2af@group-19E3AF023A0F-LeaderElection7] INFO  segmented.SegmentedRaftLogWorker (SegmentedRaftLogWorker.java:startLogSegment(425)) - f99fd778-4fae-463c-a039-423a4282d2af@group-19E3AF023A0F-SegmentedRaftLogWorker: Starting segment from index:0
2022-10-08 01:31:36,910 [f99fd778-4fae-463c-a039-423a4282d2af@group-19E3AF023A0F-SegmentedRaftLogWorker] INFO  segmented.SegmentedRaftLogWorker (SegmentedRaftLogWorker.java:execute(629)) - f99fd778-4fae-463c-a039-423a4282d2af@group-19E3AF023A0F-SegmentedRaftLogWorker: created new log segment /home/runner/work/ozone/ozone/hadoop-ozone/integration-test/target/test-dir/MiniOzoneClusterImpl-c72639db-50b4-484a-b3ab-3c380931c8c6/datanode-4/data/ratis/af0fd773-85c7-458c-873e-19e3af023a0f/current/log_inprogress_0
2022-10-08 01:31:36,957 [f99fd778-4fae-463c-a039-423a4282d2af@group-19E3AF023A0F-LeaderElection7] INFO  server.RaftServer$Division (ServerState.java:setRaftConf(393)) - f99fd778-4fae-463c-a039-423a4282d2af@group-19E3AF023A0F: set configuration 0: [f99fd778-4fae-463c-a039-423a4282d2af|rpc:10.1.0.61:34781|dataStream:|priority:1], old=null
2022-10-08 01:31:37,306 [ReplicationMonitor] INFO  replication.ReplicationManager (ReplicationManager.java:processAll(291)) - Replication Manager is not ready to run until 3000ms after safemode exit
2022-10-08 01:31:38,307 [ReplicationMonitor] INFO  replication.ReplicationManager (ReplicationManager.java:processAll(324)) - Replication Monitor Thread took 1 milliseconds for processing 3 containers.
2022-10-08 01:31:39,307 [ReplicationMonitor] INFO  replication.ReplicationManager (ReplicationManager.java:processAll(324)) - Replication Monitor Thread took 1 milliseconds for processing 3 containers.
2022-10-08 01:31:40,308 [ReplicationMonitor] INFO  replication.ReplicationManager (ReplicationManager.java:processAll(324)) - Replication Monitor Thread took 1 milliseconds for processing 3 containers.
2022-10-08 01:31:41,309 [ReplicationMonitor] INFO  replication.ReplicationManager (ReplicationManager.java:processAll(324)) - Replication Monitor Thread took 0 milliseconds for processing 3 containers.
2022-10-08 01:31:42,310 [ReplicationMonitor] INFO  replication.ReplicationManager (ReplicationManager.java:processAll(324)) - Replication Monitor Thread took 1 milliseconds for processing 3 containers.
2022-10-08 01:31:43,310 [ReplicationMonitor] INFO  replication.ReplicationManager (ReplicationManager.java:processAll(324)) - Replication Monitor Thread took 0 milliseconds for processing 3 containers.
2022-10-08 01:31:44,311 [ReplicationMonitor] INFO  replication.ReplicationManager (ReplicationManager.java:processAll(324)) - Replication Monitor Thread took 0 milliseconds for processing 3 containers.
2022-10-08 01:31:45,312 [ReplicationMonitor] INFO  replication.ReplicationManager (ReplicationManager.java:processAll(324)) - Replication Monitor Thread took 1 milliseconds for processing 3 containers.
2022-10-08 01:31:46,312 [ReplicationMonitor] INFO  replication.ReplicationManager (ReplicationManager.java:processAll(324)) - Replication Monitor Thread took 0 milliseconds for processing 3 containers.
2022-10-08 01:31:47,297 [Under Replicated Processor] INFO  replication.UnderReplicatedProcessor (UnderReplicatedProcessor.java:processAll(92)) - Processed 0 under replicated containers, failed processing 0
2022-10-08 01:31:47,310 [Over Replicated Processor] INFO  replication.OverReplicatedProcessor (OverReplicatedProcessor.java:processAll(90)) - Processed 0 over replicated containers, failed processing 0
2022-10-08 01:31:47,313 [ReplicationMonitor] INFO  replication.ReplicationManager (ReplicationManager.java:processAll(324)) - Replication Monitor Thread took 0 milliseconds for processing 3 containers.
2022-10-08 01:31:48,313 [ReplicationMonitor] INFO  replication.ReplicationManager (ReplicationManager.java:processAll(324)) - Replication Monitor Thread took 1 milliseconds for processing 3 containers.
2022-10-08 01:31:49,314 [ReplicationMonitor] INFO  replication.ReplicationManager (ReplicationManager.java:processAll(324)) - Replication Monitor Thread took 0 milliseconds for processing 3 containers.
2022-10-08 01:31:50,315 [ReplicationMonitor] INFO  replication.ReplicationManager (ReplicationManager.java:processAll(324)) - Replication Monitor Thread took 1 milliseconds for processing 3 containers.
2022-10-08 01:31:51,315 [ReplicationMonitor] INFO  replication.ReplicationManager (ReplicationManager.java:processAll(324)) - Replication Monitor Thread took 0 milliseconds for processing 3 containers.
2022-10-08 01:31:52,316 [ReplicationMonitor] INFO  replication.ReplicationManager (ReplicationManager.java:processAll(324)) - Replication Monitor Thread took 0 milliseconds for processing 3 containers.
2022-10-08 01:31:53,317 [ReplicationMonitor] INFO  replication.ReplicationManager (ReplicationManager.java:processAll(324)) - Replication Monitor Thread took 0 milliseconds for processing 3 containers.
2022-10-08 01:31:54,318 [ReplicationMonitor] INFO  replication.ReplicationManager (ReplicationManager.java:processAll(324)) - Replication Monitor Thread took 1 milliseconds for processing 3 containers.
2022-10-08 01:31:55,318 [ReplicationMonitor] INFO  replication.ReplicationManager (ReplicationManager.java:processAll(324)) - Replication Monitor Thread took 0 milliseconds for processing 3 containers.
2022-10-08 01:31:56,319 [ReplicationMonitor] INFO  replication.ReplicationManager (ReplicationManager.java:processAll(324)) - Replication Monitor Thread took 0 milliseconds for processing 3 containers.
2022-10-08 01:31:57,319 [ReplicationMonitor] INFO  replication.ReplicationManager (ReplicationManager.java:processAll(324)) - Replication Monitor Thread took 1 milliseconds for processing 3 containers.
2022-10-08 01:31:58,320 [ReplicationMonitor] INFO  replication.ReplicationManager (ReplicationManager.java:processAll(324)) - Replication Monitor Thread took 0 milliseconds for processing 3 containers.
2022-10-08 01:31:59,321 [ReplicationMonitor] INFO  replication.ReplicationManager (ReplicationManager.java:processAll(324)) - Replication Monitor Thread took 1 milliseconds for processing 3 containers.
2022-10-08 01:32:00,321 [ReplicationMonitor] INFO  replication.ReplicationManager (ReplicationManager.java:processAll(324)) - Replication Monitor Thread took 0 milliseconds for processing 3 containers.
2022-10-08 01:32:01,322 [ReplicationMonitor] INFO  replication.ReplicationManager (ReplicationManager.java:processAll(324)) - Replication Monitor Thread took 0 milliseconds for processing 3 containers.
2022-10-08 01:32:02,329 [ReplicationMonitor] INFO  replication.ReplicationManager (ReplicationManager.java:processAll(324)) - Replication Monitor Thread took 1 milliseconds for processing 3 containers.
2022-10-08 01:32:03,329 [ReplicationMonitor] INFO  replication.ReplicationManager (ReplicationManager.java:processAll(324)) - Replication Monitor Thread took 1 milliseconds for processing 3 containers.
2022-10-08 01:32:03,863 [org.apache.ratis.util.JvmPauseMonitor$$Lambda$636/846962177@27dd5610] WARN  util.JvmPauseMonitor (JvmPauseMonitor.java:detectPause(124)) - JvmPauseMonitor-a36237c7-2fce-420b-94d1-439aa558db2d: Detected pause in JVM or host machine (eg GC): pause of approximately 113308024ns.
GC pool 'PS MarkSweep' had collection(s): count=1 time=93ms
GC pool 'PS Scavenge' had collection(s): count=1 time=26ms
2022-10-08 01:32:03,864 [org.apache.ratis.util.JvmPauseMonitor$$Lambda$636/846962177@7f3ec1cb] WARN  util.JvmPauseMonitor (JvmPauseMonitor.java:detectPause(124)) - JvmPauseMonitor-2a53bf39-8cf9-4e57-9be3-47f141ff45bd: Detected pause in JVM or host machine (eg GC): pause of approximately 106231075ns.
GC pool 'PS MarkSweep' had collection(s): count=1 time=93ms
GC pool 'PS Scavenge' had collection(s): count=1 time=26ms
2022-10-08 01:32:04,330 [ReplicationMonitor] INFO  replication.ReplicationManager (ReplicationManager.java:processAll(324)) - Replication Monitor Thread took 0 milliseconds for processing 3 containers.
2022-10-08 01:32:04,754 [IPC Server handler 8 on default port 43427] INFO  pipeline.PipelineStateManagerImpl (PipelineStateManagerImpl.java:addPipeline(103)) - Created pipeline Pipeline[ Id: c98ca579-e2fa-401a-87e1-4d67d7196fa6, Nodes: a84413c3-fab5-4bb4-8251-7613d0a65916{ip: 10.1.0.61, host: fv-az180-867.g3pwtgv4ffyuhaixmbmm0kyh3d.gx.internal.cloudapp.net, ports: [REPLICATION=38079, RATIS=34151, RATIS_ADMIN=34151, RATIS_SERVER=34151, STANDALONE=33593], networkLocation: /default-rack, certSerialId: null, persistedOpState: null, persistedOpStateExpiryEpochSec: 0}a36237c7-2fce-420b-94d1-439aa558db2d{ip: 10.1.0.61, host: fv-az180-867.g3pwtgv4ffyuhaixmbmm0kyh3d.gx.internal.cloudapp.net, ports: [REPLICATION=41143, RATIS=41927, RATIS_ADMIN=41927, RATIS_SERVER=41927, STANDALONE=41021], networkLocation: /default-rack, certSerialId: null, persistedOpState: null, persistedOpStateExpiryEpochSec: 0}f99fd778-4fae-463c-a039-423a4282d2af{ip: 10.1.0.61, host: fv-az180-867.g3pwtgv4ffyuhaixmbmm0kyh3d.gx.internal.cloudapp.net, ports: [REPLICATION=37713, RATIS=34781, RATIS_ADMIN=34781, RATIS_SERVER=34781, STANDALONE=42411], networkLocation: /default-rack, certSerialId: null, persistedOpState: null, persistedOpStateExpiryEpochSec: 0}2a53bf39-8cf9-4e57-9be3-47f141ff45bd{ip: 10.1.0.61, host: fv-az180-867.g3pwtgv4ffyuhaixmbmm0kyh3d.gx.internal.cloudapp.net, ports: [REPLICATION=38233, RATIS=38913, RATIS_ADMIN=38913, RATIS_SERVER=38913, STANDALONE=39893], networkLocation: /default-rack, certSerialId: null, persistedOpState: null, persistedOpStateExpiryEpochSec: 0}81ce38e7-b758-4bd0-b008-806a23107e8d{ip: 10.1.0.61, host: fv-az180-867.g3pwtgv4ffyuhaixmbmm0kyh3d.gx.internal.cloudapp.net, ports: [REPLICATION=46435, RATIS=36667, RATIS_ADMIN=36667, RATIS_SERVER=36667, STANDALONE=41229], networkLocation: /default-rack, certSerialId: null, persistedOpState: null, persistedOpStateExpiryEpochSec: 0}, ReplicationConfig: EC/ECReplicationConfig{data=3, parity=2, ecChunkSize=1048576, codec=rs}, State:ALLOCATED, leaderId:, CreationTimestamp2022-10-08T01:32:04.754Z[Etc/UTC]].
2022-10-08 01:32:04,755 [IPC Server handler 8 on default port 43427] INFO  pipeline.PipelineManagerImpl (PipelineManagerImpl.java:openPipeline(367)) - Pipeline Pipeline[ Id: c98ca579-e2fa-401a-87e1-4d67d7196fa6, Nodes: a84413c3-fab5-4bb4-8251-7613d0a65916{ip: 10.1.0.61, host: fv-az180-867.g3pwtgv4ffyuhaixmbmm0kyh3d.gx.internal.cloudapp.net, ports: [REPLICATION=38079, RATIS=34151, RATIS_ADMIN=34151, RATIS_SERVER=34151, STANDALONE=33593], networkLocation: /default-rack, certSerialId: null, persistedOpState: null, persistedOpStateExpiryEpochSec: 0}a36237c7-2fce-420b-94d1-439aa558db2d{ip: 10.1.0.61, host: fv-az180-867.g3pwtgv4ffyuhaixmbmm0kyh3d.gx.internal.cloudapp.net, ports: [REPLICATION=41143, RATIS=41927, RATIS_ADMIN=41927, RATIS_SERVER=41927, STANDALONE=41021], networkLocation: /default-rack, certSerialId: null, persistedOpState: null, persistedOpStateExpiryEpochSec: 0}f99fd778-4fae-463c-a039-423a4282d2af{ip: 10.1.0.61, host: fv-az180-867.g3pwtgv4ffyuhaixmbmm0kyh3d.gx.internal.cloudapp.net, ports: [REPLICATION=37713, RATIS=34781, RATIS_ADMIN=34781, RATIS_SERVER=34781, STANDALONE=42411], networkLocation: /default-rack, certSerialId: null, persistedOpState: null, persistedOpStateExpiryEpochSec: 0}2a53bf39-8cf9-4e57-9be3-47f141ff45bd{ip: 10.1.0.61, host: fv-az180-867.g3pwtgv4ffyuhaixmbmm0kyh3d.gx.internal.cloudapp.net, ports: [REPLICATION=38233, RATIS=38913, RATIS_ADMIN=38913, RATIS_SERVER=38913, STANDALONE=39893], networkLocation: /default-rack, certSerialId: null, persistedOpState: null, persistedOpStateExpiryEpochSec: 0}81ce38e7-b758-4bd0-b008-806a23107e8d{ip: 10.1.0.61, host: fv-az180-867.g3pwtgv4ffyuhaixmbmm0kyh3d.gx.internal.cloudapp.net, ports: [REPLICATION=46435, RATIS=36667, RATIS_ADMIN=36667, RATIS_SERVER=36667, STANDALONE=41229], networkLocation: /default-rack, certSerialId: null, persistedOpState: null, persistedOpStateExpiryEpochSec: 0}, ReplicationConfig: EC/ECReplicationConfig{data=3, parity=2, ecChunkSize=1048576, codec=rs}, State:ALLOCATED, leaderId:, CreationTimestamp2022-10-08T01:32:04.754Z[Etc/UTC]] moved to OPEN state
2022-10-08 01:32:04,791 [Listener at 127.0.0.1/46853] WARN  erasurecode.ErasureCodeNative (ErasureCodeNative.java:<clinit>(55)) - ISA-L support is not available in your platform... using builtin-java codec where applicable
2022-10-08 01:32:05,334 [ReplicationMonitor] INFO  replication.ReplicationManager (ReplicationManager.java:processAll(324)) - Replication Monitor Thread took 5 milliseconds for processing 4 containers.
2022-10-08 01:32:05,845 [IPC Server handler 3 on default port 43427] INFO  pipeline.PipelineStateManagerImpl (PipelineStateManagerImpl.java:addPipeline(103)) - Created pipeline Pipeline[ Id: 3477fcf3-1aa2-4d77-bac3-8d5767c7930c, Nodes: f99fd778-4fae-463c-a039-423a4282d2af{ip: 10.1.0.61, host: fv-az180-867.g3pwtgv4ffyuhaixmbmm0kyh3d.gx.internal.cloudapp.net, ports: [REPLICATION=37713, RATIS=34781, RATIS_ADMIN=34781, RATIS_SERVER=34781, STANDALONE=42411], networkLocation: /default-rack, certSerialId: null, persistedOpState: null, persistedOpStateExpiryEpochSec: 0}81ce38e7-b758-4bd0-b008-806a23107e8d{ip: 10.1.0.61, host: fv-az180-867.g3pwtgv4ffyuhaixmbmm0kyh3d.gx.internal.cloudapp.net, ports: [REPLICATION=46435, RATIS=36667, RATIS_ADMIN=36667, RATIS_SERVER=36667, STANDALONE=41229], networkLocation: /default-rack, certSerialId: null, persistedOpState: null, persistedOpStateExpiryEpochSec: 0}2a53bf39-8cf9-4e57-9be3-47f141ff45bd{ip: 10.1.0.61, host: fv-az180-867.g3pwtgv4ffyuhaixmbmm0kyh3d.gx.internal.cloudapp.net, ports: [REPLICATION=38233, RATIS=38913, RATIS_ADMIN=38913, RATIS_SERVER=38913, STANDALONE=39893], networkLocation: /default-rack, certSerialId: null, persistedOpState: null, persistedOpStateExpiryEpochSec: 0}a36237c7-2fce-420b-94d1-439aa558db2d{ip: 10.1.0.61, host: fv-az180-867.g3pwtgv4ffyuhaixmbmm0kyh3d.gx.internal.cloudapp.net, ports: [REPLICATION=41143, RATIS=41927, RATIS_ADMIN=41927, RATIS_SERVER=41927, STANDALONE=41021], networkLocation: /default-rack, certSerialId: null, persistedOpState: null, persistedOpStateExpiryEpochSec: 0}a84413c3-fab5-4bb4-8251-7613d0a65916{ip: 10.1.0.61, host: fv-az180-867.g3pwtgv4ffyuhaixmbmm0kyh3d.gx.internal.cloudapp.net, ports: [REPLICATION=38079, RATIS=34151, RATIS_ADMIN=34151, RATIS_SERVER=34151, STANDALONE=33593], networkLocation: /default-rack, certSerialId: null, persistedOpState: null, persistedOpStateExpiryEpochSec: 0}, ReplicationConfig: EC/ECReplicationConfig{data=3, parity=2, ecChunkSize=1048576, codec=rs}, State:ALLOCATED, leaderId:, CreationTimestamp2022-10-08T01:32:05.845Z[Etc/UTC]].
2022-10-08 01:32:05,846 [IPC Server handler 3 on default port 43427] INFO  pipeline.PipelineManagerImpl (PipelineManagerImpl.java:openPipeline(367)) - Pipeline Pipeline[ Id: 3477fcf3-1aa2-4d77-bac3-8d5767c7930c, Nodes: f99fd778-4fae-463c-a039-423a4282d2af{ip: 10.1.0.61, host: fv-az180-867.g3pwtgv4ffyuhaixmbmm0kyh3d.gx.internal.cloudapp.net, ports: [REPLICATION=37713, RATIS=34781, RATIS_ADMIN=34781, RATIS_SERVER=34781, STANDALONE=42411], networkLocation: /default-rack, certSerialId: null, persistedOpState: null, persistedOpStateExpiryEpochSec: 0}81ce38e7-b758-4bd0-b008-806a23107e8d{ip: 10.1.0.61, host: fv-az180-867.g3pwtgv4ffyuhaixmbmm0kyh3d.gx.internal.cloudapp.net, ports: [REPLICATION=46435, RATIS=36667, RATIS_ADMIN=36667, RATIS_SERVER=36667, STANDALONE=41229], networkLocation: /default-rack, certSerialId: null, persistedOpState: null, persistedOpStateExpiryEpochSec: 0}2a53bf39-8cf9-4e57-9be3-47f141ff45bd{ip: 10.1.0.61, host: fv-az180-867.g3pwtgv4ffyuhaixmbmm0kyh3d.gx.internal.cloudapp.net, ports: [REPLICATION=38233, RATIS=38913, RATIS_ADMIN=38913, RATIS_SERVER=38913, STANDALONE=39893], networkLocation: /default-rack, certSerialId: null, persistedOpState: null, persistedOpStateExpiryEpochSec: 0}a36237c7-2fce-420b-94d1-439aa558db2d{ip: 10.1.0.61, host: fv-az180-867.g3pwtgv4ffyuhaixmbmm0kyh3d.gx.internal.cloudapp.net, ports: [REPLICATION=41143, RATIS=41927, RATIS_ADMIN=41927, RATIS_SERVER=41927, STANDALONE=41021], networkLocation: /default-rack, certSerialId: null, persistedOpState: null, persistedOpStateExpiryEpochSec: 0}a84413c3-fab5-4bb4-8251-7613d0a65916{ip: 10.1.0.61, host: fv-az180-867.g3pwtgv4ffyuhaixmbmm0kyh3d.gx.internal.cloudapp.net, ports: [REPLICATION=38079, RATIS=34151, RATIS_ADMIN=34151, RATIS_SERVER=34151, STANDALONE=33593], networkLocation: /default-rack, certSerialId: null, persistedOpState: null, persistedOpStateExpiryEpochSec: 0}, ReplicationConfig: EC/ECReplicationConfig{data=3, parity=2, ecChunkSize=1048576, codec=rs}, State:ALLOCATED, leaderId:, CreationTimestamp2022-10-08T01:32:05.845Z[Etc/UTC]] moved to OPEN state
2022-10-08 01:32:06,337 [ReplicationMonitor] INFO  replication.ReplicationManager (ReplicationManager.java:processAll(324)) - Replication Monitor Thread took 1 milliseconds for processing 5 containers.
2022-10-08 01:32:06,469 [IPC Server handler 2 on default port 43427] INFO  pipeline.PipelineStateManagerImpl (PipelineStateManagerImpl.java:addPipeline(103)) - Created pipeline Pipeline[ Id: cd8edcf0-2c6f-4469-9228-a5b9743ee58d, Nodes: 81ce38e7-b758-4bd0-b008-806a23107e8d{ip: 10.1.0.61, host: fv-az180-867.g3pwtgv4ffyuhaixmbmm0kyh3d.gx.internal.cloudapp.net, ports: [REPLICATION=46435, RATIS=36667, RATIS_ADMIN=36667, RATIS_SERVER=36667, STANDALONE=41229], networkLocation: /default-rack, certSerialId: null, persistedOpState: null, persistedOpStateExpiryEpochSec: 0}f99fd778-4fae-463c-a039-423a4282d2af{ip: 10.1.0.61, host: fv-az180-867.g3pwtgv4ffyuhaixmbmm0kyh3d.gx.internal.cloudapp.net, ports: [REPLICATION=37713, RATIS=34781, RATIS_ADMIN=34781, RATIS_SERVER=34781, STANDALONE=42411], networkLocation: /default-rack, certSerialId: null, persistedOpState: null, persistedOpStateExpiryEpochSec: 0}2a53bf39-8cf9-4e57-9be3-47f141ff45bd{ip: 10.1.0.61, host: fv-az180-867.g3pwtgv4ffyuhaixmbmm0kyh3d.gx.internal.cloudapp.net, ports: [REPLICATION=38233, RATIS=38913, RATIS_ADMIN=38913, RATIS_SERVER=38913, STANDALONE=39893], networkLocation: /default-rack, certSerialId: null, persistedOpState: null, persistedOpStateExpiryEpochSec: 0}a84413c3-fab5-4bb4-8251-7613d0a65916{ip: 10.1.0.61, host: fv-az180-867.g3pwtgv4ffyuhaixmbmm0kyh3d.gx.internal.cloudapp.net, ports: [REPLICATION=38079, RATIS=34151, RATIS_ADMIN=34151, RATIS_SERVER=34151, STANDALONE=33593], networkLocation: /default-rack, certSerialId: null, persistedOpState: null, persistedOpStateExpiryEpochSec: 0}a36237c7-2fce-420b-94d1-439aa558db2d{ip: 10.1.0.61, host: fv-az180-867.g3pwtgv4ffyuhaixmbmm0kyh3d.gx.internal.cloudapp.net, ports: [REPLICATION=41143, RATIS=41927, RATIS_ADMIN=41927, RATIS_SERVER=41927, STANDALONE=41021], networkLocation: /default-rack, certSerialId: null, persistedOpState: null, persistedOpStateExpiryEpochSec: 0}, ReplicationConfig: EC/ECReplicationConfig{data=3, parity=2, ecChunkSize=1048576, codec=rs}, State:ALLOCATED, leaderId:, CreationTimestamp2022-10-08T01:32:06.468Z[Etc/UTC]].
2022-10-08 01:32:06,470 [IPC Server handler 2 on default port 43427] INFO  pipeline.PipelineManagerImpl (PipelineManagerImpl.java:openPipeline(367)) - Pipeline Pipeline[ Id: cd8edcf0-2c6f-4469-9228-a5b9743ee58d, Nodes: 81ce38e7-b758-4bd0-b008-806a23107e8d{ip: 10.1.0.61, host: fv-az180-867.g3pwtgv4ffyuhaixmbmm0kyh3d.gx.internal.cloudapp.net, ports: [REPLICATION=46435, RATIS=36667, RATIS_ADMIN=36667, RATIS_SERVER=36667, STANDALONE=41229], networkLocation: /default-rack, certSerialId: null, persistedOpState: null, persistedOpStateExpiryEpochSec: 0}f99fd778-4fae-463c-a039-423a4282d2af{ip: 10.1.0.61, host: fv-az180-867.g3pwtgv4ffyuhaixmbmm0kyh3d.gx.internal.cloudapp.net, ports: [REPLICATION=37713, RATIS=34781, RATIS_ADMIN=34781, RATIS_SERVER=34781, STANDALONE=42411], networkLocation: /default-rack, certSerialId: null, persistedOpState: null, persistedOpStateExpiryEpochSec: 0}2a53bf39-8cf9-4e57-9be3-47f141ff45bd{ip: 10.1.0.61, host: fv-az180-867.g3pwtgv4ffyuhaixmbmm0kyh3d.gx.internal.cloudapp.net, ports: [REPLICATION=38233, RATIS=38913, RATIS_ADMIN=38913, RATIS_SERVER=38913, STANDALONE=39893], networkLocation: /default-rack, certSerialId: null, persistedOpState: null, persistedOpStateExpiryEpochSec: 0}a84413c3-fab5-4bb4-8251-7613d0a65916{ip: 10.1.0.61, host: fv-az180-867.g3pwtgv4ffyuhaixmbmm0kyh3d.gx.internal.cloudapp.net, ports: [REPLICATION=38079, RATIS=34151, RATIS_ADMIN=34151, RATIS_SERVER=34151, STANDALONE=33593], networkLocation: /default-rack, certSerialId: null, persistedOpState: null, persistedOpStateExpiryEpochSec: 0}a36237c7-2fce-420b-94d1-439aa558db2d{ip: 10.1.0.61, host: fv-az180-867.g3pwtgv4ffyuhaixmbmm0kyh3d.gx.internal.cloudapp.net, ports: [REPLICATION=41143, RATIS=41927, RATIS_ADMIN=41927, RATIS_SERVER=41927, STANDALONE=41021], networkLocation: /default-rack, certSerialId: null, persistedOpState: null, persistedOpStateExpiryEpochSec: 0}, ReplicationConfig: EC/ECReplicationConfig{data=3, parity=2, ecChunkSize=1048576, codec=rs}, State:ALLOCATED, leaderId:, CreationTimestamp2022-10-08T01:32:06.468Z[Etc/UTC]] moved to OPEN state
2022-10-08 01:32:07,031 [IPC Server handler 4 on default port 43427] INFO  pipeline.PipelineStateManagerImpl (PipelineStateManagerImpl.java:addPipeline(103)) - Created pipeline Pipeline[ Id: 0547ce45-b9fe-41fc-8eef-bd2c24c293fe, Nodes: a84413c3-fab5-4bb4-8251-7613d0a65916{ip: 10.1.0.61, host: fv-az180-867.g3pwtgv4ffyuhaixmbmm0kyh3d.gx.internal.cloudapp.net, ports: [REPLICATION=38079, RATIS=34151, RATIS_ADMIN=34151, RATIS_SERVER=34151, STANDALONE=33593], networkLocation: /default-rack, certSerialId: null, persistedOpState: null, persistedOpStateExpiryEpochSec: 0}a36237c7-2fce-420b-94d1-439aa558db2d{ip: 10.1.0.61, host: fv-az180-867.g3pwtgv4ffyuhaixmbmm0kyh3d.gx.internal.cloudapp.net, ports: [REPLICATION=41143, RATIS=41927, RATIS_ADMIN=41927, RATIS_SERVER=41927, STANDALONE=41021], networkLocation: /default-rack, certSerialId: null, persistedOpState: null, persistedOpStateExpiryEpochSec: 0}81ce38e7-b758-4bd0-b008-806a23107e8d{ip: 10.1.0.61, host: fv-az180-867.g3pwtgv4ffyuhaixmbmm0kyh3d.gx.internal.cloudapp.net, ports: [REPLICATION=46435, RATIS=36667, RATIS_ADMIN=36667, RATIS_SERVER=36667, STANDALONE=41229], networkLocation: /default-rack, certSerialId: null, persistedOpState: null, persistedOpStateExpiryEpochSec: 0}f99fd778-4fae-463c-a039-423a4282d2af{ip: 10.1.0.61, host: fv-az180-867.g3pwtgv4ffyuhaixmbmm0kyh3d.gx.internal.cloudapp.net, ports: [REPLICATION=37713, RATIS=34781, RATIS_ADMIN=34781, RATIS_SERVER=34781, STANDALONE=42411], networkLocation: /default-rack, certSerialId: null, persistedOpState: null, persistedOpStateExpiryEpochSec: 0}2a53bf39-8cf9-4e57-9be3-47f141ff45bd{ip: 10.1.0.61, host: fv-az180-867.g3pwtgv4ffyuhaixmbmm0kyh3d.gx.internal.cloudapp.net, ports: [REPLICATION=38233, RATIS=38913, RATIS_ADMIN=38913, RATIS_SERVER=38913, STANDALONE=39893], networkLocation: /default-rack, certSerialId: null, persistedOpState: null, persistedOpStateExpiryEpochSec: 0}, ReplicationConfig: EC/ECReplicationConfig{data=3, parity=2, ecChunkSize=1048576, codec=rs}, State:ALLOCATED, leaderId:, CreationTimestamp2022-10-08T01:32:07.030Z[Etc/UTC]].
2022-10-08 01:32:07,032 [IPC Server handler 4 on default port 43427] INFO  pipeline.PipelineManagerImpl (PipelineManagerImpl.java:openPipeline(367)) - Pipeline Pipeline[ Id: 0547ce45-b9fe-41fc-8eef-bd2c24c293fe, Nodes: a84413c3-fab5-4bb4-8251-7613d0a65916{ip: 10.1.0.61, host: fv-az180-867.g3pwtgv4ffyuhaixmbmm0kyh3d.gx.internal.cloudapp.net, ports: [REPLICATION=38079, RATIS=34151, RATIS_ADMIN=34151, RATIS_SERVER=34151, STANDALONE=33593], networkLocation: /default-rack, certSerialId: null, persistedOpState: null, persistedOpStateExpiryEpochSec: 0}a36237c7-2fce-420b-94d1-439aa558db2d{ip: 10.1.0.61, host: fv-az180-867.g3pwtgv4ffyuhaixmbmm0kyh3d.gx.internal.cloudapp.net, ports: [REPLICATION=41143, RATIS=41927, RATIS_ADMIN=41927, RATIS_SERVER=41927, STANDALONE=41021], networkLocation: /default-rack, certSerialId: null, persistedOpState: null, persistedOpStateExpiryEpochSec: 0}81ce38e7-b758-4bd0-b008-806a23107e8d{ip: 10.1.0.61, host: fv-az180-867.g3pwtgv4ffyuhaixmbmm0kyh3d.gx.internal.cloudapp.net, ports: [REPLICATION=46435, RATIS=36667, RATIS_ADMIN=36667, RATIS_SERVER=36667, STANDALONE=41229], networkLocation: /default-rack, certSerialId: null, persistedOpState: null, persistedOpStateExpiryEpochSec: 0}f99fd778-4fae-463c-a039-423a4282d2af{ip: 10.1.0.61, host: fv-az180-867.g3pwtgv4ffyuhaixmbmm0kyh3d.gx.internal.cloudapp.net, ports: [REPLICATION=37713, RATIS=34781, RATIS_ADMIN=34781, RATIS_SERVER=34781, STANDALONE=42411], networkLocation: /default-rack, certSerialId: null, persistedOpState: null, persistedOpStateExpiryEpochSec: 0}2a53bf39-8cf9-4e57-9be3-47f141ff45bd{ip: 10.1.0.61, host: fv-az180-867.g3pwtgv4ffyuhaixmbmm0kyh3d.gx.internal.cloudapp.net, ports: [REPLICATION=38233, RATIS=38913, RATIS_ADMIN=38913, RATIS_SERVER=38913, STANDALONE=39893], networkLocation: /default-rack, certSerialId: null, persistedOpState: null, persistedOpStateExpiryEpochSec: 0}, ReplicationConfig: EC/ECReplicationConfig{data=3, parity=2, ecChunkSize=1048576, codec=rs}, State:ALLOCATED, leaderId:, CreationTimestamp2022-10-08T01:32:07.030Z[Etc/UTC]] moved to OPEN state
2022-10-08 01:32:07,339 [ReplicationMonitor] INFO  replication.ReplicationManager (ReplicationManager.java:processAll(324)) - Replication Monitor Thread took 1 milliseconds for processing 7 containers.
2022-10-08 01:32:08,341 [ReplicationMonitor] INFO  replication.ReplicationManager (ReplicationManager.java:processAll(324)) - Replication Monitor Thread took 0 milliseconds for processing 7 containers.
2022-10-08 01:32:09,342 [ReplicationMonitor] INFO  replication.ReplicationManager (ReplicationManager.java:processAll(324)) - Replication Monitor Thread took 0 milliseconds for processing 7 containers.
2022-10-08 01:32:10,343 [ReplicationMonitor] INFO  replication.ReplicationManager (ReplicationManager.java:processAll(324)) - Replication Monitor Thread took 1 milliseconds for processing 7 containers.
2022-10-08 01:32:11,471 [ReplicationMonitor] INFO  replication.ReplicationManager (ReplicationManager.java:processAll(324)) - Replication Monitor Thread took 4 milliseconds for processing 7 containers.
2022-10-08 01:32:12,472 [ReplicationMonitor] INFO  replication.ReplicationManager (ReplicationManager.java:processAll(324)) - Replication Monitor Thread took 0 milliseconds for processing 7 containers.
2022-10-08 01:32:13,318 [Listener at 127.0.0.1/46853] INFO  ozone.MiniOzoneClusterImpl (MiniOzoneClusterImpl.java:shutdown(448)) - Shutting down the Mini Ozone Cluster
2022-10-08 01:32:13,319 [Listener at 127.0.0.1/46853] INFO  ozone.MiniOzoneClusterImpl (MiniOzoneClusterImpl.java:stop(463)) - Stopping the Mini Ozone Cluster
2022-10-08 01:32:13,319 [Listener at 127.0.0.1/46853] INFO  ozone.MiniOzoneClusterImpl (MiniOzoneClusterImpl.java:stopOM(545)) - Stopping the OzoneManager
2022-10-08 01:32:13,319 [Listener at 127.0.0.1/46853] INFO  om.OzoneManager (OzoneManager.java:stop(2036)) - om1[localhost:0]: Stopping Ozone Manager
2022-10-08 01:32:13,319 [Listener at 127.0.0.1/46853] INFO  ipc.Server (Server.java:stop(3414)) - Stopping server on 46853
2022-10-08 01:32:13,320 [IPC Server listener on 0] INFO  ipc.Server (Server.java:run(1376)) - Stopping IPC Server listener on 0
2022-10-08 01:32:13,324 [IPC Server Responder] INFO  ipc.Server (Server.java:run(1512)) - Stopping IPC Server Responder
2022-10-08 01:32:13,325 [Listener at 127.0.0.1/46853] INFO  server.RaftServer (RaftServerProxy.java:lambda$close$7(398)) - om1: close
2022-10-08 01:32:13,326 [Listener at 127.0.0.1/46853] INFO  server.RaftServer$Division (RaftServerImpl.java:lambda$close$4(434)) - om1@group-C5BA1605619E: shutdown
2022-10-08 01:32:13,326 [Listener at 127.0.0.1/46853] INFO  util.JmxRegister (JmxRegister.java:unregister(73)) - Successfully un-registered JMX Bean with object name Ratis:service=RaftServer,group=group-C5BA1605619E,id=om1
2022-10-08 01:32:13,326 [Listener at 127.0.0.1/46853] INFO  impl.RoleInfo (RoleInfo.java:shutdownLeaderState(93)) - om1: shutdown om1@group-C5BA1605619E-LeaderStateImpl
2022-10-08 01:32:13,327 [Listener at 127.0.0.1/46853] INFO  impl.PendingRequests (PendingRequests.java:sendNotLeaderResponses(282)) - om1@group-C5BA1605619E-PendingRequests: sendNotLeaderResponses
2022-10-08 01:32:13,329 [Listener at 127.0.0.1/46853] INFO  impl.StateMachineUpdater (StateMachineUpdater.java:stopAndJoin(153)) - om1@group-C5BA1605619E-StateMachineUpdater: set stopIndex = 54
2022-10-08 01:32:13,329 [om1@group-C5BA1605619E-StateMachineUpdater] INFO  ratis.OzoneManagerStateMachine (OzoneManagerStateMachine.java:takeSnapshot(441)) - Current Snapshot Index (t:1, i:54)
2022-10-08 01:32:13,332 [om1@group-C5BA1605619E-StateMachineUpdater] INFO  impl.StateMachineUpdater (StateMachineUpdater.java:takeSnapshot(287)) - om1@group-C5BA1605619E-StateMachineUpdater: Took a snapshot at index 54
2022-10-08 01:32:13,333 [om1@group-C5BA1605619E-StateMachineUpdater] INFO  impl.StateMachineUpdater (StateMachineUpdater.java:lambda$new$0(92)) - om1@group-C5BA1605619E-StateMachineUpdater: snapshotIndex: updateIncreasingly -1 -> 54
2022-10-08 01:32:13,333 [om1@group-C5BA1605619E-StateMachineUpdater] INFO  ratis.OzoneManagerStateMachine (OzoneManagerStateMachine.java:close(495)) - StateMachine has shutdown. Shutdown OzoneManager if not already shutdown.
2022-10-08 01:32:13,333 [om1@group-C5BA1605619E-StateMachineUpdater] INFO  ratis.OzoneManagerDoubleBuffer (OzoneManagerDoubleBuffer.java:stop(466)) - Stopping OMDoubleBuffer flush thread
2022-10-08 01:32:13,333 [OMDoubleBufferFlushThread] INFO  ratis.OzoneManagerDoubleBuffer (OzoneManagerDoubleBuffer.java:flushTransactions(385)) - OMDoubleBuffer flush thread OMDoubleBufferFlushThread is interrupted and will exit.
2022-10-08 01:32:13,334 [Listener at 127.0.0.1/46853] INFO  server.RaftServer$Division (ServerState.java:close(429)) - om1@group-C5BA1605619E: closes. applyIndex: 54
2022-10-08 01:32:13,335 [om1@group-C5BA1605619E-SegmentedRaftLogWorker] INFO  segmented.SegmentedRaftLogWorker (SegmentedRaftLogWorker.java:run(336)) - om1@group-C5BA1605619E-SegmentedRaftLogWorker was interrupted, exiting. There are 0 tasks remaining in the queue.
2022-10-08 01:32:13,336 [Listener at 127.0.0.1/46853] INFO  segmented.SegmentedRaftLogWorker (SegmentedRaftLogWorker.java:close(246)) - om1@group-C5BA1605619E-SegmentedRaftLogWorker close()
2022-10-08 01:32:13,337 [Listener at 127.0.0.1/46853] INFO  server.GrpcService (GrpcService.java:closeImpl(269)) - om1: shutdown server with port 9872 now
2022-10-08 01:32:13,341 [Listener at 127.0.0.1/46853] INFO  server.GrpcService (GrpcService.java:closeImpl(278)) - om1: shutdown server with port 9872 successfully
2022-10-08 01:32:13,342 [org.apache.ratis.util.JvmPauseMonitor$$Lambda$636/846962177@56756a22] INFO  util.JvmPauseMonitor (JvmPauseMonitor.java:run(109)) - JvmPauseMonitor-om1: Stopped
2022-10-08 01:32:13,342 [Listener at 127.0.0.1/46853] INFO  ratis.OzoneManagerStateMachine (OzoneManagerStateMachine.java:close(495)) - StateMachine has shutdown. Shutdown OzoneManager if not already shutdown.
2022-10-08 01:32:13,342 [Listener at 127.0.0.1/46853] INFO  ratis.OzoneManagerDoubleBuffer (OzoneManagerDoubleBuffer.java:stop(478)) - OMDoubleBuffer flush thread is not running.
2022-10-08 01:32:13,342 [Listener at 127.0.0.1/46853] INFO  utils.BackgroundService (BackgroundService.java:shutdown(141)) - Shutting down service KeyDeletingService
2022-10-08 01:32:13,342 [Listener at 127.0.0.1/46853] INFO  utils.BackgroundService (BackgroundService.java:shutdown(141)) - Shutting down service DirectoryDeletingService
2022-10-08 01:32:13,342 [Listener at 127.0.0.1/46853] INFO  utils.BackgroundService (BackgroundService.java:shutdown(141)) - Shutting down service OpenKeyCleanupService
2022-10-08 01:32:13,344 [Listener at 127.0.0.1/46853] INFO  handler.ContextHandler (ContextHandler.java:doStop(1153)) - Stopped o.e.j.w.WebAppContext@50ef37a1{ozoneManager,/,null,STOPPED}{file:/home/runner/work/ozone/ozone/hadoop-ozone/integration-test/target/test-classes/webapps/ozoneManager}
2022-10-08 01:32:13,346 [Listener at 127.0.0.1/46853] INFO  server.AbstractConnector (AbstractConnector.java:doStop(381)) - Stopped ServerConnector@733c6486{HTTP/1.1, (http/1.1)}{0.0.0.0:0}
2022-10-08 01:32:13,346 [Listener at 127.0.0.1/46853] INFO  server.session (HouseKeeper.java:stopScavenging(149)) - node0 Stopped scavenging
2022-10-08 01:32:13,346 [Listener at 127.0.0.1/46853] INFO  handler.ContextHandler (ContextHandler.java:doStop(1153)) - Stopped o.e.j.s.ServletContextHandler@1056995c{static,/static,file:///home/runner/work/ozone/ozone/hadoop-ozone/integration-test/target/test-classes/webapps/static,STOPPED}
2022-10-08 01:32:13,346 [Listener at 127.0.0.1/46853] INFO  handler.ContextHandler (ContextHandler.java:doStop(1153)) - Stopped o.e.j.s.ServletContextHandler@4bef4010{logs,/logs,file:///home/runner/work/ozone/ozone/hadoop-ozone/integration-test/target/log,STOPPED}
2022-10-08 01:32:13,348 [Listener at 127.0.0.1/46853] INFO  ozone.MiniOzoneClusterImpl (MiniOzoneClusterImpl.java:stopDatanodes(522)) - Stopping the HddsDatanodes
2022-10-08 01:32:13,473 [ReplicationMonitor] INFO  replication.ReplicationManager (ReplicationManager.java:processAll(324)) - Replication Monitor Thread took 1 milliseconds for processing 7 containers.
2022-10-08 01:32:14,474 [ReplicationMonitor] INFO  replication.ReplicationManager (ReplicationManager.java:processAll(324)) - Replication Monitor Thread took 1 milliseconds for processing 7 containers.
2022-10-08 01:32:15,474 [ReplicationMonitor] INFO  replication.ReplicationManager (ReplicationManager.java:processAll(324)) - Replication Monitor Thread took 0 milliseconds for processing 7 containers.
2022-10-08 01:32:15,971 [EventQueue-StaleNodeForStaleNodeHandler] INFO  node.StaleNodeHandler (StaleNodeHandler.java:onMessage(59)) - Datanode a36237c7-2fce-420b-94d1-439aa558db2d{ip: 10.1.0.61, host: fv-az180-867.g3pwtgv4ffyuhaixmbmm0kyh3d.gx.internal.cloudapp.net, ports: [REPLICATION=41143, RATIS=41927, RATIS_ADMIN=41927, RATIS_SERVER=41927, STANDALONE=41021], networkLocation: /default-rack, certSerialId: null, persistedOpState: IN_SERVICE, persistedOpStateExpiryEpochSec: 0} moved to stale state. Finalizing its pipelines [PipelineID=e15aead0-6d2d-4584-81f4-aa94085c93a7, PipelineID=4a9dec9a-ccbd-402c-a54d-a8d86c891430, PipelineID=cd8edcf0-2c6f-4469-9228-a5b9743ee58d, PipelineID=c98ca579-e2fa-401a-87e1-4d67d7196fa6, PipelineID=3477fcf3-1aa2-4d77-bac3-8d5767c7930c, PipelineID=0547ce45-b9fe-41fc-8eef-bd2c24c293fe]
2022-10-08 01:32:15,974 [EventQueue-StaleNodeForStaleNodeHandler] INFO  pipeline.PipelineManagerImpl (PipelineManagerImpl.java:closeContainersForPipeline(421)) - Container #1 closed for pipeline=PipelineID=e15aead0-6d2d-4584-81f4-aa94085c93a7
2022-10-08 01:32:15,974 [EventQueue-StaleNodeForStaleNodeHandler] INFO  pipeline.PipelineManagerImpl (PipelineManagerImpl.java:closeContainersForPipeline(421)) - Container #2 closed for pipeline=PipelineID=e15aead0-6d2d-4584-81f4-aa94085c93a7
2022-10-08 01:32:15,974 [EventQueue-StaleNodeForStaleNodeHandler] INFO  pipeline.PipelineManagerImpl (PipelineManagerImpl.java:closeContainersForPipeline(421)) - Container #3 closed for pipeline=PipelineID=e15aead0-6d2d-4584-81f4-aa94085c93a7
2022-10-08 01:32:15,975 [EventQueue-StaleNodeForStaleNodeHandler] INFO  pipeline.PipelineManagerImpl (PipelineManagerImpl.java:closePipeline(442)) - Pipeline Pipeline[ Id: e15aead0-6d2d-4584-81f4-aa94085c93a7, Nodes: 2a53bf39-8cf9-4e57-9be3-47f141ff45bd{ip: 10.1.0.61, host: fv-az180-867.g3pwtgv4ffyuhaixmbmm0kyh3d.gx.internal.cloudapp.net, ports: [REPLICATION=38233, RATIS=38913, RATIS_ADMIN=38913, RATIS_SERVER=38913, STANDALONE=39893], networkLocation: /default-rack, certSerialId: null, persistedOpState: IN_SERVICE, persistedOpStateExpiryEpochSec: 0}a36237c7-2fce-420b-94d1-439aa558db2d{ip: 10.1.0.61, host: fv-az180-867.g3pwtgv4ffyuhaixmbmm0kyh3d.gx.internal.cloudapp.net, ports: [REPLICATION=41143, RATIS=41927, RATIS_ADMIN=41927, RATIS_SERVER=41927, STANDALONE=41021], networkLocation: /default-rack, certSerialId: null, persistedOpState: IN_SERVICE, persistedOpStateExpiryEpochSec: 0}81ce38e7-b758-4bd0-b008-806a23107e8d{ip: 10.1.0.61, host: fv-az180-867.g3pwtgv4ffyuhaixmbmm0kyh3d.gx.internal.cloudapp.net, ports: [REPLICATION=46435, RATIS=36667, RATIS_ADMIN=36667, RATIS_SERVER=36667, STANDALONE=41229], networkLocation: /default-rack, certSerialId: null, persistedOpState: IN_SERVICE, persistedOpStateExpiryEpochSec: 0}, ReplicationConfig: RATIS/THREE, State:OPEN, leaderId:2a53bf39-8cf9-4e57-9be3-47f141ff45bd, CreationTimestamp2022-10-08T01:31:27.911Z[Etc/UTC]] moved to CLOSED state
2022-10-08 01:32:15,975 [EventQueue-StaleNodeForStaleNodeHandler] INFO  pipeline.PipelineManagerImpl (PipelineManagerImpl.java:closePipeline(442)) - Pipeline Pipeline[ Id: 4a9dec9a-ccbd-402c-a54d-a8d86c891430, Nodes: a36237c7-2fce-420b-94d1-439aa558db2d{ip: 10.1.0.61, host: fv-az180-867.g3pwtgv4ffyuhaixmbmm0kyh3d.gx.internal.cloudapp.net, ports: [REPLICATION=41143, RATIS=41927, RATIS_ADMIN=41927, RATIS_SERVER=41927, STANDALONE=41021], networkLocation: /default-rack, certSerialId: null, persistedOpState: IN_SERVICE, persistedOpStateExpiryEpochSec: 0}, ReplicationConfig: RATIS/ONE, State:OPEN, leaderId:a36237c7-2fce-420b-94d1-439aa558db2d, CreationTimestamp2022-10-08T01:31:27.533Z[Etc/UTC]] moved to CLOSED state
2022-10-08 01:32:15,975 [EventQueue-CloseContainerForCloseContainerEventHandler] INFO  container.CloseContainerEventHandler (CloseContainerEventHandler.java:onMessage(71)) - Close container Event triggered for container : #1
2022-10-08 01:32:15,979 [EventQueue-CloseContainerForCloseContainerEventHandler] INFO  container.CloseContainerEventHandler (CloseContainerEventHandler.java:onMessage(71)) - Close container Event triggered for container : #2
2022-10-08 01:32:15,979 [EventQueue-CloseContainerForCloseContainerEventHandler] INFO  container.CloseContainerEventHandler (CloseContainerEventHandler.java:onMessage(71)) - Close container Event triggered for container : #3
2022-10-08 01:32:15,979 [EventQueue-CloseContainerForCloseContainerEventHandler] INFO  container.CloseContainerEventHandler (CloseContainerEventHandler.java:onMessage(71)) - Close container Event triggered for container : #6
2022-10-08 01:32:15,976 [EventQueue-StaleNodeForStaleNodeHandler] INFO  pipeline.PipelineManagerImpl (PipelineManagerImpl.java:closeContainersForPipeline(421)) - Container #6 closed for pipeline=PipelineID=cd8edcf0-2c6f-4469-9228-a5b9743ee58d
2022-10-08 01:32:15,985 [EventQueue-StaleNodeForStaleNodeHandler] INFO  pipeline.PipelineManagerImpl (PipelineManagerImpl.java:closePipeline(442)) - Pipeline Pipeline[ Id: cd8edcf0-2c6f-4469-9228-a5b9743ee58d, Nodes: 81ce38e7-b758-4bd0-b008-806a23107e8d{ip: 10.1.0.61, host: fv-az180-867.g3pwtgv4ffyuhaixmbmm0kyh3d.gx.internal.cloudapp.net, ports: [REPLICATION=46435, RATIS=36667, RATIS_ADMIN=36667, RATIS_SERVER=36667, STANDALONE=41229], networkLocation: /default-rack, certSerialId: null, persistedOpState: null, persistedOpStateExpiryEpochSec: 0}f99fd778-4fae-463c-a039-423a4282d2af{ip: 10.1.0.61, host: fv-az180-867.g3pwtgv4ffyuhaixmbmm0kyh3d.gx.internal.cloudapp.net, ports: [REPLICATION=37713, RATIS=34781, RATIS_ADMIN=34781, RATIS_SERVER=34781, STANDALONE=42411], networkLocation: /default-rack, certSerialId: null, persistedOpState: null, persistedOpStateExpiryEpochSec: 0}2a53bf39-8cf9-4e57-9be3-47f141ff45bd{ip: 10.1.0.61, host: fv-az180-867.g3pwtgv4ffyuhaixmbmm0kyh3d.gx.internal.cloudapp.net, ports: [REPLICATION=38233, RATIS=38913, RATIS_ADMIN=38913, RATIS_SERVER=38913, STANDALONE=39893], networkLocation: /default-rack, certSerialId: null, persistedOpState: null, persistedOpStateExpiryEpochSec: 0}a84413c3-fab5-4bb4-8251-7613d0a65916{ip: 10.1.0.61, host: fv-az180-867.g3pwtgv4ffyuhaixmbmm0kyh3d.gx.internal.cloudapp.net, ports: [REPLICATION=38079, RATIS=34151, RATIS_ADMIN=34151, RATIS_SERVER=34151, STANDALONE=33593], networkLocation: /default-rack, certSerialId: null, persistedOpState: null, persistedOpStateExpiryEpochSec: 0}a36237c7-2fce-420b-94d1-439aa558db2d{ip: 10.1.0.61, host: fv-az180-867.g3pwtgv4ffyuhaixmbmm0kyh3d.gx.internal.cloudapp.net, ports: [REPLICATION=41143, RATIS=41927, RATIS_ADMIN=41927, RATIS_SERVER=41927, STANDALONE=41021], networkLocation: /default-rack, certSerialId: null, persistedOpState: null, persistedOpStateExpiryEpochSec: 0}, ReplicationConfig: EC/ECReplicationConfig{data=3, parity=2, ecChunkSize=1048576, codec=rs}, State:OPEN, leaderId:, CreationTimestamp2022-10-08T01:32:06.468Z[Etc/UTC]] moved to CLOSED state
2022-10-08 01:32:15,985 [EventQueue-StaleNodeForStaleNodeHandler] INFO  pipeline.PipelineManagerImpl (PipelineManagerImpl.java:closeContainersForPipeline(421)) - Container #4 closed for pipeline=PipelineID=c98ca579-e2fa-401a-87e1-4d67d7196fa6
2022-10-08 01:32:15,986 [EventQueue-StaleNodeForStaleNodeHandler] INFO  pipeline.PipelineManagerImpl (PipelineManagerImpl.java:closePipeline(442)) - Pipeline Pipeline[ Id: c98ca579-e2fa-401a-87e1-4d67d7196fa6, Nodes: a84413c3-fab5-4bb4-8251-7613d0a65916{ip: 10.1.0.61, host: fv-az180-867.g3pwtgv4ffyuhaixmbmm0kyh3d.gx.internal.cloudapp.net, ports: [REPLICATION=38079, RATIS=34151, RATIS_ADMIN=34151, RATIS_SERVER=34151, STANDALONE=33593], networkLocation: /default-rack, certSerialId: null, persistedOpState: null, persistedOpStateExpiryEpochSec: 0}a36237c7-2fce-420b-94d1-439aa558db2d{ip: 10.1.0.61, host: fv-az180-867.g3pwtgv4ffyuhaixmbmm0kyh3d.gx.internal.cloudapp.net, ports: [REPLICATION=41143, RATIS=41927, RATIS_ADMIN=41927, RATIS_SERVER=41927, STANDALONE=41021], networkLocation: /default-rack, certSerialId: null, persistedOpState: null, persistedOpStateExpiryEpochSec: 0}f99fd778-4fae-463c-a039-423a4282d2af{ip: 10.1.0.61, host: fv-az180-867.g3pwtgv4ffyuhaixmbmm0kyh3d.gx.internal.cloudapp.net, ports: [REPLICATION=37713, RATIS=34781, RATIS_ADMIN=34781, RATIS_SERVER=34781, STANDALONE=42411], networkLocation: /default-rack, certSerialId: null, persistedOpState: null, persistedOpStateExpiryEpochSec: 0}2a53bf39-8cf9-4e57-9be3-47f141ff45bd{ip: 10.1.0.61, host: fv-az180-867.g3pwtgv4ffyuhaixmbmm0kyh3d.gx.internal.cloudapp.net, ports: [REPLICATION=38233, RATIS=38913, RATIS_ADMIN=38913, RATIS_SERVER=38913, STANDALONE=39893], networkLocation: /default-rack, certSerialId: null, persistedOpState: null, persistedOpStateExpiryEpochSec: 0}81ce38e7-b758-4bd0-b008-806a23107e8d{ip: 10.1.0.61, host: fv-az180-867.g3pwtgv4ffyuhaixmbmm0kyh3d.gx.internal.cloudapp.net, ports: [REPLICATION=46435, RATIS=36667, RATIS_ADMIN=36667, RATIS_SERVER=36667, STANDALONE=41229], networkLocation: /default-rack, certSerialId: null, persistedOpState: null, persistedOpStateExpiryEpochSec: 0}, ReplicationConfig: EC/ECReplicationConfig{data=3, parity=2, ecChunkSize=1048576, codec=rs}, State:OPEN, leaderId:, CreationTimestamp2022-10-08T01:32:04.754Z[Etc/UTC]] moved to CLOSED state
2022-10-08 01:32:15,986 [EventQueue-StaleNodeForStaleNodeHandler] INFO  pipeline.PipelineManagerImpl (PipelineManagerImpl.java:closeContainersForPipeline(421)) - Container #5 closed for pipeline=PipelineID=3477fcf3-1aa2-4d77-bac3-8d5767c7930c
2022-10-08 01:32:15,986 [EventQueue-StaleNodeForStaleNodeHandler] INFO  pipeline.PipelineManagerImpl (PipelineManagerImpl.java:closePipeline(442)) - Pipeline Pipeline[ Id: 3477fcf3-1aa2-4d77-bac3-8d5767c7930c, Nodes: f99fd778-4fae-463c-a039-423a4282d2af{ip: 10.1.0.61, host: fv-az180-867.g3pwtgv4ffyuhaixmbmm0kyh3d.gx.internal.cloudapp.net, ports: [REPLICATION=37713, RATIS=34781, RATIS_ADMIN=34781, RATIS_SERVER=34781, STANDALONE=42411], networkLocation: /default-rack, certSerialId: null, persistedOpState: null, persistedOpStateExpiryEpochSec: 0}81ce38e7-b758-4bd0-b008-806a23107e8d{ip: 10.1.0.61, host: fv-az180-867.g3pwtgv4ffyuhaixmbmm0kyh3d.gx.internal.cloudapp.net, ports: [REPLICATION=46435, RATIS=36667, RATIS_ADMIN=36667, RATIS_SERVER=36667, STANDALONE=41229], networkLocation: /default-rack, certSerialId: null, persistedOpState: null, persistedOpStateExpiryEpochSec: 0}2a53bf39-8cf9-4e57-9be3-47f141ff45bd{ip: 10.1.0.61, host: fv-az180-867.g3pwtgv4ffyuhaixmbmm0kyh3d.gx.internal.cloudapp.net, ports: [REPLICATION=38233, RATIS=38913, RATIS_ADMIN=38913, RATIS_SERVER=38913, STANDALONE=39893], networkLocation: /default-rack, certSerialId: null, persistedOpState: null, persistedOpStateExpiryEpochSec: 0}a36237c7-2fce-420b-94d1-439aa558db2d{ip: 10.1.0.61, host: fv-az180-867.g3pwtgv4ffyuhaixmbmm0kyh3d.gx.internal.cloudapp.net, ports: [REPLICATION=41143, RATIS=41927, RATIS_ADMIN=41927, RATIS_SERVER=41927, STANDALONE=41021], networkLocation: /default-rack, certSerialId: null, persistedOpState: null, persistedOpStateExpiryEpochSec: 0}a84413c3-fab5-4bb4-8251-7613d0a65916{ip: 10.1.0.61, host: fv-az180-867.g3pwtgv4ffyuhaixmbmm0kyh3d.gx.internal.cloudapp.net, ports: [REPLICATION=38079, RATIS=34151, RATIS_ADMIN=34151, RATIS_SERVER=34151, STANDALONE=33593], networkLocation: /default-rack, certSerialId: null, persistedOpState: null, persistedOpStateExpiryEpochSec: 0}, ReplicationConfig: EC/ECReplicationConfig{data=3, parity=2, ecChunkSize=1048576, codec=rs}, State:OPEN, leaderId:, CreationTimestamp2022-10-08T01:32:05.845Z[Etc/UTC]] moved to CLOSED state
2022-10-08 01:32:15,987 [EventQueue-StaleNodeForStaleNodeHandler] INFO  pipeline.PipelineManagerImpl (PipelineManagerImpl.java:closeContainersForPipeline(421)) - Container #7 closed for pipeline=PipelineID=0547ce45-b9fe-41fc-8eef-bd2c24c293fe
2022-10-08 01:32:15,987 [EventQueue-StaleNodeForStaleNodeHandler] INFO  pipeline.PipelineManagerImpl (PipelineManagerImpl.java:closePipeline(442)) - Pipeline Pipeline[ Id: 0547ce45-b9fe-41fc-8eef-bd2c24c293fe, Nodes: a84413c3-fab5-4bb4-8251-7613d0a65916{ip: 10.1.0.61, host: fv-az180-867.g3pwtgv4ffyuhaixmbmm0kyh3d.gx.internal.cloudapp.net, ports: [REPLICATION=38079, RATIS=34151, RATIS_ADMIN=34151, RATIS_SERVER=34151, STANDALONE=33593], networkLocation: /default-rack, certSerialId: null, persistedOpState: null, persistedOpStateExpiryEpochSec: 0}a36237c7-2fce-420b-94d1-439aa558db2d{ip: 10.1.0.61, host: fv-az180-867.g3pwtgv4ffyuhaixmbmm0kyh3d.gx.internal.cloudapp.net, ports: [REPLICATION=41143, RATIS=41927, RATIS_ADMIN=41927, RATIS_SERVER=41927, STANDALONE=41021], networkLocation: /default-rack, certSerialId: null, persistedOpState: null, persistedOpStateExpiryEpochSec: 0}81ce38e7-b758-4bd0-b008-806a23107e8d{ip: 10.1.0.61, host: fv-az180-867.g3pwtgv4ffyuhaixmbmm0kyh3d.gx.internal.cloudapp.net, ports: [REPLICATION=46435, RATIS=36667, RATIS_ADMIN=36667, RATIS_SERVER=36667, STANDALONE=41229], networkLocation: /default-rack, certSerialId: null, persistedOpState: null, persistedOpStateExpiryEpochSec: 0}f99fd778-4fae-463c-a039-423a4282d2af{ip: 10.1.0.61, host: fv-az180-867.g3pwtgv4ffyuhaixmbmm0kyh3d.gx.internal.cloudapp.net, ports: [REPLICATION=37713, RATIS=34781, RATIS_ADMIN=34781, RATIS_SERVER=34781, STANDALONE=42411], networkLocation: /default-rack, certSerialId: null, persistedOpState: null, persistedOpStateExpiryEpochSec: 0}2a53bf39-8cf9-4e57-9be3-47f141ff45bd{ip: 10.1.0.61, host: fv-az180-867.g3pwtgv4ffyuhaixmbmm0kyh3d.gx.internal.cloudapp.net, ports: [REPLICATION=38233, RATIS=38913, RATIS_ADMIN=38913, RATIS_SERVER=38913, STANDALONE=39893], networkLocation: /default-rack, certSerialId: null, persistedOpState: null, persistedOpStateExpiryEpochSec: 0}, ReplicationConfig: EC/ECReplicationConfig{data=3, parity=2, ecChunkSize=1048576, codec=rs}, State:OPEN, leaderId:, CreationTimestamp2022-10-08T01:32:07.030Z[Etc/UTC]] moved to CLOSED state
2022-10-08 01:32:15,987 [EventQueue-StaleNodeForStaleNodeHandler] INFO  node.StaleNodeHandler (StaleNodeHandler.java:onMessage(59)) - Datanode 81ce38e7-b758-4bd0-b008-806a23107e8d{ip: 10.1.0.61, host: fv-az180-867.g3pwtgv4ffyuhaixmbmm0kyh3d.gx.internal.cloudapp.net, ports: [REPLICATION=46435, RATIS=36667, RATIS_ADMIN=36667, RATIS_SERVER=36667, STANDALONE=41229], networkLocation: /default-rack, certSerialId: null, persistedOpState: IN_SERVICE, persistedOpStateExpiryEpochSec: 0} moved to stale state. Finalizing its pipelines [PipelineID=666bd1c7-3c83-4c38-a9f8-87763699cc80, PipelineID=e15aead0-6d2d-4584-81f4-aa94085c93a7, PipelineID=cd8edcf0-2c6f-4469-9228-a5b9743ee58d, PipelineID=c98ca579-e2fa-401a-87e1-4d67d7196fa6, PipelineID=3477fcf3-1aa2-4d77-bac3-8d5767c7930c, PipelineID=0547ce45-b9fe-41fc-8eef-bd2c24c293fe]
2022-10-08 01:32:15,988 [EventQueue-StaleNodeForStaleNodeHandler] INFO  pipeline.PipelineManagerImpl (PipelineManagerImpl.java:closePipeline(442)) - Pipeline Pipeline[ Id: 666bd1c7-3c83-4c38-a9f8-87763699cc80, Nodes: 81ce38e7-b758-4bd0-b008-806a23107e8d{ip: 10.1.0.61, host: fv-az180-867.g3pwtgv4ffyuhaixmbmm0kyh3d.gx.internal.cloudapp.net, ports: [REPLICATION=46435, RATIS=36667, RATIS_ADMIN=36667, RATIS_SERVER=36667, STANDALONE=41229], networkLocation: /default-rack, certSerialId: null, persistedOpState: IN_SERVICE, persistedOpStateExpiryEpochSec: 0}, ReplicationConfig: RATIS/ONE, State:OPEN, leaderId:81ce38e7-b758-4bd0-b008-806a23107e8d, CreationTimestamp2022-10-08T01:31:27.908Z[Etc/UTC]] moved to CLOSED state
2022-10-08 01:32:15,988 [EventQueue-CloseContainerForCloseContainerEventHandler] INFO  container.CloseContainerEventHandler (CloseContainerEventHandler.java:onMessage(71)) - Close container Event triggered for container : #4
2022-10-08 01:32:15,988 [EventQueue-CloseContainerForCloseContainerEventHandler] INFO  container.CloseContainerEventHandler (CloseContainerEventHandler.java:onMessage(71)) - Close container Event triggered for container : #5
2022-10-08 01:32:15,988 [EventQueue-CloseContainerForCloseContainerEventHandler] INFO  container.CloseContainerEventHandler (CloseContainerEventHandler.java:onMessage(71)) - Close container Event triggered for container : #7
2022-10-08 01:32:16,475 [ReplicationMonitor] INFO  replication.LegacyReplicationManager (LegacyReplicationManager.java:sendCloseCommand(1512)) - Sending close container command for container #1 to datanode 2a53bf39-8cf9-4e57-9be3-47f141ff45bd{ip: 10.1.0.61, host: fv-az180-867.g3pwtgv4ffyuhaixmbmm0kyh3d.gx.internal.cloudapp.net, ports: [REPLICATION=38233, RATIS=38913, RATIS_ADMIN=38913, RATIS_SERVER=38913, STANDALONE=39893], networkLocation: /default-rack, certSerialId: null, persistedOpState: IN_SERVICE, persistedOpStateExpiryEpochSec: 0}.
2022-10-08 01:32:16,475 [ReplicationMonitor] INFO  replication.LegacyReplicationManager (LegacyReplicationManager.java:sendCloseCommand(1512)) - Sending close container command for container #1 to datanode a36237c7-2fce-420b-94d1-439aa558db2d{ip: 10.1.0.61, host: fv-az180-867.g3pwtgv4ffyuhaixmbmm0kyh3d.gx.internal.cloudapp.net, ports: [REPLICATION=41143, RATIS=41927, RATIS_ADMIN=41927, RATIS_SERVER=41927, STANDALONE=41021], networkLocation: /default-rack, certSerialId: null, persistedOpState: IN_SERVICE, persistedOpStateExpiryEpochSec: 0}.
2022-10-08 01:32:16,476 [ReplicationMonitor] INFO  replication.LegacyReplicationManager (LegacyReplicationManager.java:sendCloseCommand(1512)) - Sending close container command for container #1 to datanode 81ce38e7-b758-4bd0-b008-806a23107e8d{ip: 10.1.0.61, host: fv-az180-867.g3pwtgv4ffyuhaixmbmm0kyh3d.gx.internal.cloudapp.net, ports: [REPLICATION=46435, RATIS=36667, RATIS_ADMIN=36667, RATIS_SERVER=36667, STANDALONE=41229], networkLocation: /default-rack, certSerialId: null, persistedOpState: IN_SERVICE, persistedOpStateExpiryEpochSec: 0}.
2022-10-08 01:32:16,476 [ReplicationMonitor] INFO  replication.LegacyReplicationManager (LegacyReplicationManager.java:sendCloseCommand(1512)) - Sending close container command for container #2 to datanode 2a53bf39-8cf9-4e57-9be3-47f141ff45bd{ip: 10.1.0.61, host: fv-az180-867.g3pwtgv4ffyuhaixmbmm0kyh3d.gx.internal.cloudapp.net, ports: [REPLICATION=38233, RATIS=38913, RATIS_ADMIN=38913, RATIS_SERVER=38913, STANDALONE=39893], networkLocation: /default-rack, certSerialId: null, persistedOpState: IN_SERVICE, persistedOpStateExpiryEpochSec: 0}.
2022-10-08 01:32:16,476 [ReplicationMonitor] INFO  replication.LegacyReplicationManager (LegacyReplicationManager.java:sendCloseCommand(1512)) - Sending close container command for container #2 to datanode a36237c7-2fce-420b-94d1-439aa558db2d{ip: 10.1.0.61, host: fv-az180-867.g3pwtgv4ffyuhaixmbmm0kyh3d.gx.internal.cloudapp.net, ports: [REPLICATION=41143, RATIS=41927, RATIS_ADMIN=41927, RATIS_SERVER=41927, STANDALONE=41021], networkLocation: /default-rack, certSerialId: null, persistedOpState: IN_SERVICE, persistedOpStateExpiryEpochSec: 0}.
2022-10-08 01:32:16,476 [ReplicationMonitor] INFO  replication.LegacyReplicationManager (LegacyReplicationManager.java:sendCloseCommand(1512)) - Sending close container command for container #2 to datanode 81ce38e7-b758-4bd0-b008-806a23107e8d{ip: 10.1.0.61, host: fv-az180-867.g3pwtgv4ffyuhaixmbmm0kyh3d.gx.internal.cloudapp.net, ports: [REPLICATION=46435, RATIS=36667, RATIS_ADMIN=36667, RATIS_SERVER=36667, STANDALONE=41229], networkLocation: /default-rack, certSerialId: null, persistedOpState: IN_SERVICE, persistedOpStateExpiryEpochSec: 0}.
2022-10-08 01:32:16,476 [ReplicationMonitor] INFO  replication.LegacyReplicationManager (LegacyReplicationManager.java:sendCloseCommand(1512)) - Sending close container command for container #3 to datanode 2a53bf39-8cf9-4e57-9be3-47f141ff45bd{ip: 10.1.0.61, host: fv-az180-867.g3pwtgv4ffyuhaixmbmm0kyh3d.gx.internal.cloudapp.net, ports: [REPLICATION=38233, RATIS=38913, RATIS_ADMIN=38913, RATIS_SERVER=38913, STANDALONE=39893], networkLocation: /default-rack, certSerialId: null, persistedOpState: IN_SERVICE, persistedOpStateExpiryEpochSec: 0}.
2022-10-08 01:32:16,476 [ReplicationMonitor] INFO  replication.LegacyReplicationManager (LegacyReplicationManager.java:sendCloseCommand(1512)) - Sending close container command for container #3 to datanode a36237c7-2fce-420b-94d1-439aa558db2d{ip: 10.1.0.61, host: fv-az180-867.g3pwtgv4ffyuhaixmbmm0kyh3d.gx.internal.cloudapp.net, ports: [REPLICATION=41143, RATIS=41927, RATIS_ADMIN=41927, RATIS_SERVER=41927, STANDALONE=41021], networkLocation: /default-rack, certSerialId: null, persistedOpState: IN_SERVICE, persistedOpStateExpiryEpochSec: 0}.
2022-10-08 01:32:16,476 [ReplicationMonitor] INFO  replication.LegacyReplicationManager (LegacyReplicationManager.java:sendCloseCommand(1512)) - Sending close container command for container #3 to datanode 81ce38e7-b758-4bd0-b008-806a23107e8d{ip: 10.1.0.61, host: fv-az180-867.g3pwtgv4ffyuhaixmbmm0kyh3d.gx.internal.cloudapp.net, ports: [REPLICATION=46435, RATIS=36667, RATIS_ADMIN=36667, RATIS_SERVER=36667, STANDALONE=41229], networkLocation: /default-rack, certSerialId: null, persistedOpState: IN_SERVICE, persistedOpStateExpiryEpochSec: 0}.
2022-10-08 01:32:16,476 [ReplicationMonitor] INFO  replication.ReplicationManager (ReplicationManager.java:sendCloseContainerReplicaCommand(467)) - Sending close container command for container #4 to datanode 81ce38e7-b758-4bd0-b008-806a23107e8d{ip: 10.1.0.61, host: fv-az180-867.g3pwtgv4ffyuhaixmbmm0kyh3d.gx.internal.cloudapp.net, ports: [REPLICATION=46435, RATIS=36667, RATIS_ADMIN=36667, RATIS_SERVER=36667, STANDALONE=41229], networkLocation: /default-rack, certSerialId: null, persistedOpState: IN_SERVICE, persistedOpStateExpiryEpochSec: 0}.
2022-10-08 01:32:16,476 [ReplicationMonitor] INFO  replication.ReplicationManager (ReplicationManager.java:sendCloseContainerReplicaCommand(467)) - Sending close container command for container #4 to datanode f99fd778-4fae-463c-a039-423a4282d2af{ip: 10.1.0.61, host: fv-az180-867.g3pwtgv4ffyuhaixmbmm0kyh3d.gx.internal.cloudapp.net, ports: [REPLICATION=37713, RATIS=34781, RATIS_ADMIN=34781, RATIS_SERVER=34781, STANDALONE=42411], networkLocation: /default-rack, certSerialId: null, persistedOpState: IN_SERVICE, persistedOpStateExpiryEpochSec: 0}.
2022-10-08 01:32:16,476 [ReplicationMonitor] INFO  replication.ReplicationManager (ReplicationManager.java:sendCloseContainerReplicaCommand(467)) - Sending close container command for container #4 to datanode a84413c3-fab5-4bb4-8251-7613d0a65916{ip: 10.1.0.61, host: fv-az180-867.g3pwtgv4ffyuhaixmbmm0kyh3d.gx.internal.cloudapp.net, ports: [REPLICATION=38079, RATIS=34151, RATIS_ADMIN=34151, RATIS_SERVER=34151, STANDALONE=33593], networkLocation: /default-rack, certSerialId: null, persistedOpState: IN_SERVICE, persistedOpStateExpiryEpochSec: 0}.
2022-10-08 01:32:16,476 [ReplicationMonitor] INFO  replication.ReplicationManager (ReplicationManager.java:sendCloseContainerReplicaCommand(467)) - Sending close container command for container #4 to datanode 2a53bf39-8cf9-4e57-9be3-47f141ff45bd{ip: 10.1.0.61, host: fv-az180-867.g3pwtgv4ffyuhaixmbmm0kyh3d.gx.internal.cloudapp.net, ports: [REPLICATION=38233, RATIS=38913, RATIS_ADMIN=38913, RATIS_SERVER=38913, STANDALONE=39893], networkLocation: /default-rack, certSerialId: null, persistedOpState: IN_SERVICE, persistedOpStateExpiryEpochSec: 0}.
2022-10-08 01:32:16,476 [ReplicationMonitor] INFO  replication.ReplicationManager (ReplicationManager.java:sendCloseContainerReplicaCommand(467)) - Sending close container command for container #4 to datanode a36237c7-2fce-420b-94d1-439aa558db2d{ip: 10.1.0.61, host: fv-az180-867.g3pwtgv4ffyuhaixmbmm0kyh3d.gx.internal.cloudapp.net, ports: [REPLICATION=41143, RATIS=41927, RATIS_ADMIN=41927, RATIS_SERVER=41927, STANDALONE=41021], networkLocation: /default-rack, certSerialId: null, persistedOpState: IN_SERVICE, persistedOpStateExpiryEpochSec: 0}.
2022-10-08 01:32:16,476 [ReplicationMonitor] INFO  replication.ReplicationManager (ReplicationManager.java:sendCloseContainerReplicaCommand(467)) - Sending close container command for container #5 to datanode a84413c3-fab5-4bb4-8251-7613d0a65916{ip: 10.1.0.61, host: fv-az180-867.g3pwtgv4ffyuhaixmbmm0kyh3d.gx.internal.cloudapp.net, ports: [REPLICATION=38079, RATIS=34151, RATIS_ADMIN=34151, RATIS_SERVER=34151, STANDALONE=33593], networkLocation: /default-rack, certSerialId: null, persistedOpState: IN_SERVICE, persistedOpStateExpiryEpochSec: 0}.
2022-10-08 01:32:16,476 [ReplicationMonitor] INFO  replication.ReplicationManager (ReplicationManager.java:sendCloseContainerReplicaCommand(467)) - Sending close container command for container #5 to datanode a36237c7-2fce-420b-94d1-439aa558db2d{ip: 10.1.0.61, host: fv-az180-867.g3pwtgv4ffyuhaixmbmm0kyh3d.gx.internal.cloudapp.net, ports: [REPLICATION=41143, RATIS=41927, RATIS_ADMIN=41927, RATIS_SERVER=41927, STANDALONE=41021], networkLocation: /default-rack, certSerialId: null, persistedOpState: IN_SERVICE, persistedOpStateExpiryEpochSec: 0}.
2022-10-08 01:32:16,476 [ReplicationMonitor] INFO  replication.ReplicationManager (ReplicationManager.java:sendCloseContainerReplicaCommand(467)) - Sending close container command for container #5 to datanode 81ce38e7-b758-4bd0-b008-806a23107e8d{ip: 10.1.0.61, host: fv-az180-867.g3pwtgv4ffyuhaixmbmm0kyh3d.gx.internal.cloudapp.net, ports: [REPLICATION=46435, RATIS=36667, RATIS_ADMIN=36667, RATIS_SERVER=36667, STANDALONE=41229], networkLocation: /default-rack, certSerialId: null, persistedOpState: IN_SERVICE, persistedOpStateExpiryEpochSec: 0}.
2022-10-08 01:32:16,477 [ReplicationMonitor] INFO  replication.ReplicationManager (ReplicationManager.java:sendCloseContainerReplicaCommand(467)) - Sending close container command for container #5 to datanode f99fd778-4fae-463c-a039-423a4282d2af{ip: 10.1.0.61, host: fv-az180-867.g3pwtgv4ffyuhaixmbmm0kyh3d.gx.internal.cloudapp.net, ports: [REPLICATION=37713, RATIS=34781, RATIS_ADMIN=34781, RATIS_SERVER=34781, STANDALONE=42411], networkLocation: /default-rack, certSerialId: null, persistedOpState: IN_SERVICE, persistedOpStateExpiryEpochSec: 0}.
2022-10-08 01:32:16,477 [ReplicationMonitor] INFO  replication.ReplicationManager (ReplicationManager.java:sendCloseContainerReplicaCommand(467)) - Sending close container command for container #5 to datanode 2a53bf39-8cf9-4e57-9be3-47f141ff45bd{ip: 10.1.0.61, host: fv-az180-867.g3pwtgv4ffyuhaixmbmm0kyh3d.gx.internal.cloudapp.net, ports: [REPLICATION=38233, RATIS=38913, RATIS_ADMIN=38913, RATIS_SERVER=38913, STANDALONE=39893], networkLocation: /default-rack, certSerialId: null, persistedOpState: IN_SERVICE, persistedOpStateExpiryEpochSec: 0}.
2022-10-08 01:32:16,477 [ReplicationMonitor] INFO  replication.ReplicationManager (ReplicationManager.java:sendCloseContainerReplicaCommand(467)) - Sending close container command for container #6 to datanode a36237c7-2fce-420b-94d1-439aa558db2d{ip: 10.1.0.61, host: fv-az180-867.g3pwtgv4ffyuhaixmbmm0kyh3d.gx.internal.cloudapp.net, ports: [REPLICATION=41143, RATIS=41927, RATIS_ADMIN=41927, RATIS_SERVER=41927, STANDALONE=41021], networkLocation: /default-rack, certSerialId: null, persistedOpState: IN_SERVICE, persistedOpStateExpiryEpochSec: 0}.
2022-10-08 01:32:16,477 [ReplicationMonitor] INFO  replication.ReplicationManager (ReplicationManager.java:sendCloseContainerReplicaCommand(467)) - Sending close container command for container #6 to datanode 81ce38e7-b758-4bd0-b008-806a23107e8d{ip: 10.1.0.61, host: fv-az180-867.g3pwtgv4ffyuhaixmbmm0kyh3d.gx.internal.cloudapp.net, ports: [REPLICATION=46435, RATIS=36667, RATIS_ADMIN=36667, RATIS_SERVER=36667, STANDALONE=41229], networkLocation: /default-rack, certSerialId: null, persistedOpState: IN_SERVICE, persistedOpStateExpiryEpochSec: 0}.
2022-10-08 01:32:16,477 [ReplicationMonitor] INFO  replication.ReplicationManager (ReplicationManager.java:sendCloseContainerReplicaCommand(467)) - Sending close container command for container #6 to datanode 2a53bf39-8cf9-4e57-9be3-47f141ff45bd{ip: 10.1.0.61, host: fv-az180-867.g3pwtgv4ffyuhaixmbmm0kyh3d.gx.internal.cloudapp.net, ports: [REPLICATION=38233, RATIS=38913, RATIS_ADMIN=38913, RATIS_SERVER=38913, STANDALONE=39893], networkLocation: /default-rack, certSerialId: null, persistedOpState: IN_SERVICE, persistedOpStateExpiryEpochSec: 0}.
2022-10-08 01:32:16,477 [ReplicationMonitor] INFO  replication.ReplicationManager (ReplicationManager.java:sendCloseContainerReplicaCommand(467)) - Sending close container command for container #6 to datanode f99fd778-4fae-463c-a039-423a4282d2af{ip: 10.1.0.61, host: fv-az180-867.g3pwtgv4ffyuhaixmbmm0kyh3d.gx.internal.cloudapp.net, ports: [REPLICATION=37713, RATIS=34781, RATIS_ADMIN=34781, RATIS_SERVER=34781, STANDALONE=42411], networkLocation: /default-rack, certSerialId: null, persistedOpState: IN_SERVICE, persistedOpStateExpiryEpochSec: 0}.
2022-10-08 01:32:16,477 [ReplicationMonitor] INFO  replication.ReplicationManager (ReplicationManager.java:sendCloseContainerReplicaCommand(467)) - Sending close container command for container #6 to datanode a84413c3-fab5-4bb4-8251-7613d0a65916{ip: 10.1.0.61, host: fv-az180-867.g3pwtgv4ffyuhaixmbmm0kyh3d.gx.internal.cloudapp.net, ports: [REPLICATION=38079, RATIS=34151, RATIS_ADMIN=34151, RATIS_SERVER=34151, STANDALONE=33593], networkLocation: /default-rack, certSerialId: null, persistedOpState: IN_SERVICE, persistedOpStateExpiryEpochSec: 0}.
2022-10-08 01:32:16,477 [ReplicationMonitor] INFO  replication.ReplicationManager (ReplicationManager.java:sendCloseContainerReplicaCommand(467)) - Sending close container command for container #7 to datanode a84413c3-fab5-4bb4-8251-7613d0a65916{ip: 10.1.0.61, host: fv-az180-867.g3pwtgv4ffyuhaixmbmm0kyh3d.gx.internal.cloudapp.net, ports: [REPLICATION=38079, RATIS=34151, RATIS_ADMIN=34151, RATIS_SERVER=34151, STANDALONE=33593], networkLocation: /default-rack, certSerialId: null, persistedOpState: IN_SERVICE, persistedOpStateExpiryEpochSec: 0}.
2022-10-08 01:32:16,477 [ReplicationMonitor] INFO  replication.ReplicationManager (ReplicationManager.java:sendCloseContainerReplicaCommand(467)) - Sending close container command for container #7 to datanode a36237c7-2fce-420b-94d1-439aa558db2d{ip: 10.1.0.61, host: fv-az180-867.g3pwtgv4ffyuhaixmbmm0kyh3d.gx.internal.cloudapp.net, ports: [REPLICATION=41143, RATIS=41927, RATIS_ADMIN=41927, RATIS_SERVER=41927, STANDALONE=41021], networkLocation: /default-rack, certSerialId: null, persistedOpState: IN_SERVICE, persistedOpStateExpiryEpochSec: 0}.
2022-10-08 01:32:16,477 [ReplicationMonitor] INFO  replication.ReplicationManager (ReplicationManager.java:sendCloseContainerReplicaCommand(467)) - Sending close container command for container #7 to datanode 81ce38e7-b758-4bd0-b008-806a23107e8d{ip: 10.1.0.61, host: fv-az180-867.g3pwtgv4ffyuhaixmbmm0kyh3d.gx.internal.cloudapp.net, ports: [REPLICATION=46435, RATIS=36667, RATIS_ADMIN=36667, RATIS_SERVER=36667, STANDALONE=41229], networkLocation: /default-rack, certSerialId: null, persistedOpState: IN_SERVICE, persistedOpStateExpiryEpochSec: 0}.
2022-10-08 01:32:16,477 [ReplicationMonitor] INFO  replication.ReplicationManager (ReplicationManager.java:sendCloseContainerReplicaCommand(467)) - Sending close container command for container #7 to datanode 2a53bf39-8cf9-4e57-9be3-47f141ff45bd{ip: 10.1.0.61, host: fv-az180-867.g3pwtgv4ffyuhaixmbmm0kyh3d.gx.internal.cloudapp.net, ports: [REPLICATION=38233, RATIS=38913, RATIS_ADMIN=38913, RATIS_SERVER=38913, STANDALONE=39893], networkLocation: /default-rack, certSerialId: null, persistedOpState: IN_SERVICE, persistedOpStateExpiryEpochSec: 0}.
2022-10-08 01:32:16,477 [ReplicationMonitor] INFO  replication.ReplicationManager (ReplicationManager.java:sendCloseContainerReplicaCommand(467)) - Sending close container command for container #7 to datanode f99fd778-4fae-463c-a039-423a4282d2af{ip: 10.1.0.61, host: fv-az180-867.g3pwtgv4ffyuhaixmbmm0kyh3d.gx.internal.cloudapp.net, ports: [REPLICATION=37713, RATIS=34781, RATIS_ADMIN=34781, RATIS_SERVER=34781, STANDALONE=42411], networkLocation: /default-rack, certSerialId: null, persistedOpState: IN_SERVICE, persistedOpStateExpiryEpochSec: 0}.
2022-10-08 01:32:16,477 [ReplicationMonitor] INFO  replication.ReplicationManager (ReplicationManager.java:processAll(324)) - Replication Monitor Thread took 3 milliseconds for processing 7 containers.
2022-10-08 01:32:17,297 [Under Replicated Processor] INFO  replication.UnderReplicatedProcessor (UnderReplicatedProcessor.java:processAll(92)) - Processed 0 under replicated containers, failed processing 0
2022-10-08 01:32:17,310 [Over Replicated Processor] INFO  replication.OverReplicatedProcessor (OverReplicatedProcessor.java:processAll(90)) - Processed 0 over replicated containers, failed processing 0
2022-10-08 01:32:17,478 [ReplicationMonitor] INFO  replication.LegacyReplicationManager (LegacyReplicationManager.java:sendCloseCommand(1512)) - Sending close container command for container #1 to datanode 2a53bf39-8cf9-4e57-9be3-47f141ff45bd{ip: 10.1.0.61, host: fv-az180-867.g3pwtgv4ffyuhaixmbmm0kyh3d.gx.internal.cloudapp.net, ports: [REPLICATION=38233, RATIS=38913, RATIS_ADMIN=38913, RATIS_SERVER=38913, STANDALONE=39893], networkLocation: /default-rack, certSerialId: null, persistedOpState: IN_SERVICE, persistedOpStateExpiryEpochSec: 0}.
2022-10-08 01:32:17,478 [ReplicationMonitor] INFO  replication.LegacyReplicationManager (LegacyReplicationManager.java:sendCloseCommand(1512)) - Sending close container command for container #1 to datanode a36237c7-2fce-420b-94d1-439aa558db2d{ip: 10.1.0.61, host: fv-az180-867.g3pwtgv4ffyuhaixmbmm0kyh3d.gx.internal.cloudapp.net, ports: [REPLICATION=41143, RATIS=41927, RATIS_ADMIN=41927, RATIS_SERVER=41927, STANDALONE=41021], networkLocation: /default-rack, certSerialId: null, persistedOpState: IN_SERVICE, persistedOpStateExpiryEpochSec: 0}.
2022-10-08 01:32:17,478 [ReplicationMonitor] INFO  replication.LegacyReplicationManager (LegacyReplicationManager.java:sendCloseCommand(1512)) - Sending close container command for container #1 to datanode 81ce38e7-b758-4bd0-b008-806a23107e8d{ip: 10.1.0.61, host: fv-az180-867.g3pwtgv4ffyuhaixmbmm0kyh3d.gx.internal.cloudapp.net, ports: [REPLICATION=46435, RATIS=36667, RATIS_ADMIN=36667, RATIS_SERVER=36667, STANDALONE=41229], networkLocation: /default-rack, certSerialId: null, persistedOpState: IN_SERVICE, persistedOpStateExpiryEpochSec: 0}.
2022-10-08 01:32:17,478 [ReplicationMonitor] INFO  replication.LegacyReplicationManager (LegacyReplicationManager.java:sendCloseCommand(1512)) - Sending close container command for container #2 to datanode 2a53bf39-8cf9-4e57-9be3-47f141ff45bd{ip: 10.1.0.61, host: fv-az180-867.g3pwtgv4ffyuhaixmbmm0kyh3d.gx.internal.cloudapp.net, ports: [REPLICATION=38233, RATIS=38913, RATIS_ADMIN=38913, RATIS_SERVER=38913, STANDALONE=39893], networkLocation: /default-rack, certSerialId: null, persistedOpState: IN_SERVICE, persistedOpStateExpiryEpochSec: 0}.
2022-10-08 01:32:17,478 [ReplicationMonitor] INFO  replication.LegacyReplicationManager (LegacyReplicationManager.java:sendCloseCommand(1512)) - Sending close container command for container #2 to datanode a36237c7-2fce-420b-94d1-439aa558db2d{ip: 10.1.0.61, host: fv-az180-867.g3pwtgv4ffyuhaixmbmm0kyh3d.gx.internal.cloudapp.net, ports: [REPLICATION=41143, RATIS=41927, RATIS_ADMIN=41927, RATIS_SERVER=41927, STANDALONE=41021], networkLocation: /default-rack, certSerialId: null, persistedOpState: IN_SERVICE, persistedOpStateExpiryEpochSec: 0}.
2022-10-08 01:32:17,478 [ReplicationMonitor] INFO  replication.LegacyReplicationManager (LegacyReplicationManager.java:sendCloseCommand(1512)) - Sending close container command for container #2 to datanode 81ce38e7-b758-4bd0-b008-806a23107e8d{ip: 10.1.0.61, host: fv-az180-867.g3pwtgv4ffyuhaixmbmm0kyh3d.gx.internal.cloudapp.net, ports: [REPLICATION=46435, RATIS=36667, RATIS_ADMIN=36667, RATIS_SERVER=36667, STANDALONE=41229], networkLocation: /default-rack, certSerialId: null, persistedOpState: IN_SERVICE, persistedOpStateExpiryEpochSec: 0}.
2022-10-08 01:32:17,478 [ReplicationMonitor] INFO  replication.LegacyReplicationManager (LegacyReplicationManager.java:sendCloseCommand(1512)) - Sending close container command for container #3 to datanode 2a53bf39-8cf9-4e57-9be3-47f141ff45bd{ip: 10.1.0.61, host: fv-az180-867.g3pwtgv4ffyuhaixmbmm0kyh3d.gx.internal.cloudapp.net, ports: [REPLICATION=38233, RATIS=38913, RATIS_ADMIN=38913, RATIS_SERVER=38913, STANDALONE=39893], networkLocation: /default-rack, certSerialId: null, persistedOpState: IN_SERVICE, persistedOpStateExpiryEpochSec: 0}.
2022-10-08 01:32:17,478 [ReplicationMonitor] INFO  replication.LegacyReplicationManager (LegacyReplicationManager.java:sendCloseCommand(1512)) - Sending close container command for container #3 to datanode a36237c7-2fce-420b-94d1-439aa558db2d{ip: 10.1.0.61, host: fv-az180-867.g3pwtgv4ffyuhaixmbmm0kyh3d.gx.internal.cloudapp.net, ports: [REPLICATION=41143, RATIS=41927, RATIS_ADMIN=41927, RATIS_SERVER=41927, STANDALONE=41021], networkLocation: /default-rack, certSerialId: null, persistedOpState: IN_SERVICE, persistedOpStateExpiryEpochSec: 0}.
2022-10-08 01:32:17,478 [ReplicationMonitor] INFO  replication.LegacyReplicationManager (LegacyReplicationManager.java:sendCloseCommand(1512)) - Sending close container command for container #3 to datanode 81ce38e7-b758-4bd0-b008-806a23107e8d{ip: 10.1.0.61, host: fv-az180-867.g3pwtgv4ffyuhaixmbmm0kyh3d.gx.internal.cloudapp.net, ports: [REPLICATION=46435, RATIS=36667, RATIS_ADMIN=36667, RATIS_SERVER=36667, STANDALONE=41229], networkLocation: /default-rack, certSerialId: null, persistedOpState: IN_SERVICE, persistedOpStateExpiryEpochSec: 0}.
2022-10-08 01:32:17,478 [ReplicationMonitor] INFO  replication.ReplicationManager (ReplicationManager.java:sendCloseContainerReplicaCommand(467)) - Sending close container command for container #4 to datanode 81ce38e7-b758-4bd0-b008-806a23107e8d{ip: 10.1.0.61, host: fv-az180-867.g3pwtgv4ffyuhaixmbmm0kyh3d.gx.internal.cloudapp.net, ports: [REPLICATION=46435, RATIS=36667, RATIS_ADMIN=36667, RATIS_SERVER=36667, STANDALONE=41229], networkLocation: /default-rack, certSerialId: null, persistedOpState: IN_SERVICE, persistedOpStateExpiryEpochSec: 0}.
2022-10-08 01:32:17,478 [ReplicationMonitor] INFO  replication.ReplicationManager (ReplicationManager.java:sendCloseContainerReplicaCommand(467)) - Sending close container command for container #4 to datanode f99fd778-4fae-463c-a039-423a4282d2af{ip: 10.1.0.61, host: fv-az180-867.g3pwtgv4ffyuhaixmbmm0kyh3d.gx.internal.cloudapp.net, ports: [REPLICATION=37713, RATIS=34781, RATIS_ADMIN=34781, RATIS_SERVER=34781, STANDALONE=42411], networkLocation: /default-rack, certSerialId: null, persistedOpState: IN_SERVICE, persistedOpStateExpiryEpochSec: 0}.
2022-10-08 01:32:17,478 [ReplicationMonitor] INFO  replication.ReplicationManager (ReplicationManager.java:sendCloseContainerReplicaCommand(467)) - Sending close container command for container #4 to datanode a84413c3-fab5-4bb4-8251-7613d0a65916{ip: 10.1.0.61, host: fv-az180-867.g3pwtgv4ffyuhaixmbmm0kyh3d.gx.internal.cloudapp.net, ports: [REPLICATION=38079, RATIS=34151, RATIS_ADMIN=34151, RATIS_SERVER=34151, STANDALONE=33593], networkLocation: /default-rack, certSerialId: null, persistedOpState: IN_SERVICE, persistedOpStateExpiryEpochSec: 0}.
2022-10-08 01:32:17,478 [ReplicationMonitor] INFO  replication.ReplicationManager (ReplicationManager.java:sendCloseContainerReplicaCommand(467)) - Sending close container command for container #4 to datanode 2a53bf39-8cf9-4e57-9be3-47f141ff45bd{ip: 10.1.0.61, host: fv-az180-867.g3pwtgv4ffyuhaixmbmm0kyh3d.gx.internal.cloudapp.net, ports: [REPLICATION=38233, RATIS=38913, RATIS_ADMIN=38913, RATIS_SERVER=38913, STANDALONE=39893], networkLocation: /default-rack, certSerialId: null, persistedOpState: IN_SERVICE, persistedOpStateExpiryEpochSec: 0}.
2022-10-08 01:32:17,478 [ReplicationMonitor] INFO  replication.ReplicationManager (ReplicationManager.java:sendCloseContainerReplicaCommand(467)) - Sending close container command for container #4 to datanode a36237c7-2fce-420b-94d1-439aa558db2d{ip: 10.1.0.61, host: fv-az180-867.g3pwtgv4ffyuhaixmbmm0kyh3d.gx.internal.cloudapp.net, ports: [REPLICATION=41143, RATIS=41927, RATIS_ADMIN=41927, RATIS_SERVER=41927, STANDALONE=41021], networkLocation: /default-rack, certSerialId: null, persistedOpState: IN_SERVICE, persistedOpStateExpiryEpochSec: 0}.
2022-10-08 01:32:17,478 [ReplicationMonitor] INFO  replication.ReplicationManager (ReplicationManager.java:sendCloseContainerReplicaCommand(467)) - Sending close container command for container #5 to datanode a84413c3-fab5-4bb4-8251-7613d0a65916{ip: 10.1.0.61, host: fv-az180-867.g3pwtgv4ffyuhaixmbmm0kyh3d.gx.internal.cloudapp.net, ports: [REPLICATION=38079, RATIS=34151, RATIS_ADMIN=34151, RATIS_SERVER=34151, STANDALONE=33593], networkLocation: /default-rack, certSerialId: null, persistedOpState: IN_SERVICE, persistedOpStateExpiryEpochSec: 0}.
2022-10-08 01:32:17,479 [ReplicationMonitor] INFO  replication.ReplicationManager (ReplicationManager.java:sendCloseContainerReplicaCommand(467)) - Sending close container command for container #5 to datanode a36237c7-2fce-420b-94d1-439aa558db2d{ip: 10.1.0.61, host: fv-az180-867.g3pwtgv4ffyuhaixmbmm0kyh3d.gx.internal.cloudapp.net, ports: [REPLICATION=41143, RATIS=41927, RATIS_ADMIN=41927, RATIS_SERVER=41927, STANDALONE=41021], networkLocation: /default-rack, certSerialId: null, persistedOpState: IN_SERVICE, persistedOpStateExpiryEpochSec: 0}.
2022-10-08 01:32:17,479 [ReplicationMonitor] INFO  replication.ReplicationManager (ReplicationManager.java:sendCloseContainerReplicaCommand(467)) - Sending close container command for container #5 to datanode 81ce38e7-b758-4bd0-b008-806a23107e8d{ip: 10.1.0.61, host: fv-az180-867.g3pwtgv4ffyuhaixmbmm0kyh3d.gx.internal.cloudapp.net, ports: [REPLICATION=46435, RATIS=36667, RATIS_ADMIN=36667, RATIS_SERVER=36667, STANDALONE=41229], networkLocation: /default-rack, certSerialId: null, persistedOpState: IN_SERVICE, persistedOpStateExpiryEpochSec: 0}.
2022-10-08 01:32:17,479 [ReplicationMonitor] INFO  replication.ReplicationManager (ReplicationManager.java:sendCloseContainerReplicaCommand(467)) - Sending close container command for container #5 to datanode f99fd778-4fae-463c-a039-423a4282d2af{ip: 10.1.0.61, host: fv-az180-867.g3pwtgv4ffyuhaixmbmm0kyh3d.gx.internal.cloudapp.net, ports: [REPLICATION=37713, RATIS=34781, RATIS_ADMIN=34781, RATIS_SERVER=34781, STANDALONE=42411], networkLocation: /default-rack, certSerialId: null, persistedOpState: IN_SERVICE, persistedOpStateExpiryEpochSec: 0}.
2022-10-08 01:32:17,479 [ReplicationMonitor] INFO  replication.ReplicationManager (ReplicationManager.java:sendCloseContainerReplicaCommand(467)) - Sending close container command for container #5 to datanode 2a53bf39-8cf9-4e57-9be3-47f141ff45bd{ip: 10.1.0.61, host: fv-az180-867.g3pwtgv4ffyuhaixmbmm0kyh3d.gx.internal.cloudapp.net, ports: [REPLICATION=38233, RATIS=38913, RATIS_ADMIN=38913, RATIS_SERVER=38913, STANDALONE=39893], networkLocation: /default-rack, certSerialId: null, persistedOpState: IN_SERVICE, persistedOpStateExpiryEpochSec: 0}.
2022-10-08 01:32:17,479 [ReplicationMonitor] INFO  replication.ReplicationManager (ReplicationManager.java:sendCloseContainerReplicaCommand(467)) - Sending close container command for container #6 to datanode a36237c7-2fce-420b-94d1-439aa558db2d{ip: 10.1.0.61, host: fv-az180-867.g3pwtgv4ffyuhaixmbmm0kyh3d.gx.internal.cloudapp.net, ports: [REPLICATION=41143, RATIS=41927, RATIS_ADMIN=41927, RATIS_SERVER=41927, STANDALONE=41021], networkLocation: /default-rack, certSerialId: null, persistedOpState: IN_SERVICE, persistedOpStateExpiryEpochSec: 0}.
2022-10-08 01:32:17,479 [ReplicationMonitor] INFO  replication.ReplicationManager (ReplicationManager.java:sendCloseContainerReplicaCommand(467)) - Sending close container command for container #6 to datanode 81ce38e7-b758-4bd0-b008-806a23107e8d{ip: 10.1.0.61, host: fv-az180-867.g3pwtgv4ffyuhaixmbmm0kyh3d.gx.internal.cloudapp.net, ports: [REPLICATION=46435, RATIS=36667, RATIS_ADMIN=36667, RATIS_SERVER=36667, STANDALONE=41229], networkLocation: /default-rack, certSerialId: null, persistedOpState: IN_SERVICE, persistedOpStateExpiryEpochSec: 0}.
2022-10-08 01:32:17,479 [ReplicationMonitor] INFO  replication.ReplicationManager (ReplicationManager.java:sendCloseContainerReplicaCommand(467)) - Sending close container command for container #6 to datanode 2a53bf39-8cf9-4e57-9be3-47f141ff45bd{ip: 10.1.0.61, host: fv-az180-867.g3pwtgv4ffyuhaixmbmm0kyh3d.gx.internal.cloudapp.net, ports: [REPLICATION=38233, RATIS=38913, RATIS_ADMIN=38913, RATIS_SERVER=38913, STANDALONE=39893], networkLocation: /default-rack, certSerialId: null, persistedOpState: IN_SERVICE, persistedOpStateExpiryEpochSec: 0}.
2022-10-08 01:32:17,479 [ReplicationMonitor] INFO  replication.ReplicationManager (ReplicationManager.java:sendCloseContainerReplicaCommand(467)) - Sending close container command for container #6 to datanode f99fd778-4fae-463c-a039-423a4282d2af{ip: 10.1.0.61, host: fv-az180-867.g3pwtgv4ffyuhaixmbmm0kyh3d.gx.internal.cloudapp.net, ports: [REPLICATION=37713, RATIS=34781, RATIS_ADMIN=34781, RATIS_SERVER=34781, STANDALONE=42411], networkLocation: /default-rack, certSerialId: null, persistedOpState: IN_SERVICE, persistedOpStateExpiryEpochSec: 0}.
2022-10-08 01:32:17,479 [ReplicationMonitor] INFO  replication.ReplicationManager (ReplicationManager.java:sendCloseContainerReplicaCommand(467)) - Sending close container command for container #6 to datanode a84413c3-fab5-4bb4-8251-7613d0a65916{ip: 10.1.0.61, host: fv-az180-867.g3pwtgv4ffyuhaixmbmm0kyh3d.gx.internal.cloudapp.net, ports: [REPLICATION=38079, RATIS=34151, RATIS_ADMIN=34151, RATIS_SERVER=34151, STANDALONE=33593], networkLocation: /default-rack, certSerialId: null, persistedOpState: IN_SERVICE, persistedOpStateExpiryEpochSec: 0}.
2022-10-08 01:32:17,479 [ReplicationMonitor] INFO  replication.ReplicationManager (ReplicationManager.java:sendCloseContainerReplicaCommand(467)) - Sending close container command for container #7 to datanode a84413c3-fab5-4bb4-8251-7613d0a65916{ip: 10.1.0.61, host: fv-az180-867.g3pwtgv4ffyuhaixmbmm0kyh3d.gx.internal.cloudapp.net, ports: [REPLICATION=38079, RATIS=34151, RATIS_ADMIN=34151, RATIS_SERVER=34151, STANDALONE=33593], networkLocation: /default-rack, certSerialId: null, persistedOpState: IN_SERVICE, persistedOpStateExpiryEpochSec: 0}.
2022-10-08 01:32:17,479 [ReplicationMonitor] INFO  replication.ReplicationManager (ReplicationManager.java:sendCloseContainerReplicaCommand(467)) - Sending close container command for container #7 to datanode a36237c7-2fce-420b-94d1-439aa558db2d{ip: 10.1.0.61, host: fv-az180-867.g3pwtgv4ffyuhaixmbmm0kyh3d.gx.internal.cloudapp.net, ports: [REPLICATION=41143, RATIS=41927, RATIS_ADMIN=41927, RATIS_SERVER=41927, STANDALONE=41021], networkLocation: /default-rack, certSerialId: null, persistedOpState: IN_SERVICE, persistedOpStateExpiryEpochSec: 0}.
2022-10-08 01:32:17,479 [ReplicationMonitor] INFO  replication.ReplicationManager (ReplicationManager.java:sendCloseContainerReplicaCommand(467)) - Sending close container command for container #7 to datanode 81ce38e7-b758-4bd0-b008-806a23107e8d{ip: 10.1.0.61, host: fv-az180-867.g3pwtgv4ffyuhaixmbmm0kyh3d.gx.internal.cloudapp.net, ports: [REPLICATION=46435, RATIS=36667, RATIS_ADMIN=36667, RATIS_SERVER=36667, STANDALONE=41229], networkLocation: /default-rack, certSerialId: null, persistedOpState: IN_SERVICE, persistedOpStateExpiryEpochSec: 0}.
2022-10-08 01:32:17,479 [ReplicationMonitor] INFO  replication.ReplicationManager (ReplicationManager.java:sendCloseContainerReplicaCommand(467)) - Sending close container command for container #7 to datanode 2a53bf39-8cf9-4e57-9be3-47f141ff45bd{ip: 10.1.0.61, host: fv-az180-867.g3pwtgv4ffyuhaixmbmm0kyh3d.gx.internal.cloudapp.net, ports: [REPLICATION=38233, RATIS=38913, RATIS_ADMIN=38913, RATIS_SERVER=38913, STANDALONE=39893], networkLocation: /default-rack, certSerialId: null, persistedOpState: IN_SERVICE, persistedOpStateExpiryEpochSec: 0}.
2022-10-08 01:32:17,479 [ReplicationMonitor] INFO  replication.ReplicationManager (ReplicationManager.java:sendCloseContainerReplicaCommand(467)) - Sending close container command for container #7 to datanode f99fd778-4fae-463c-a039-423a4282d2af{ip: 10.1.0.61, host: fv-az180-867.g3pwtgv4ffyuhaixmbmm0kyh3d.gx.internal.cloudapp.net, ports: [REPLICATION=37713, RATIS=34781, RATIS_ADMIN=34781, RATIS_SERVER=34781, STANDALONE=42411], networkLocation: /default-rack, certSerialId: null, persistedOpState: IN_SERVICE, persistedOpStateExpiryEpochSec: 0}.
2022-10-08 01:32:17,479 [ReplicationMonitor] INFO  replication.ReplicationManager (ReplicationManager.java:processAll(324)) - Replication Monitor Thread took 1 milliseconds for processing 7 containers.
2022-10-08 01:32:17,510 [ContainerOp-e15aead0-6d2d-4584-81f4-aa94085c93a7-3] INFO  keyvalue.KeyValueContainer (KeyValueContainer.java:flushAndSyncDB(436)) - Container 1 is synced with bcsId 251.
2022-10-08 01:32:17,510 [Command processor thread] INFO  keyvalue.KeyValueContainer (KeyValueContainer.java:flushAndSyncDB(436)) - Container 6 is synced with bcsId 0.
2022-10-08 01:32:17,518 [Command processor thread] INFO  keyvalue.KeyValueContainer (KeyValueContainer.java:flushAndSyncDB(436)) - Container 6 is synced with bcsId 0.
2022-10-08 01:32:17,519 [ContainerOp-e15aead0-6d2d-4584-81f4-aa94085c93a7-3] INFO  keyvalue.KeyValueContainer (KeyValueContainer.java:flushAndSyncDB(436)) - Container 1 is synced with bcsId 251.
2022-10-08 01:32:17,524 [ContainerOp-e15aead0-6d2d-4584-81f4-aa94085c93a7-3] INFO  keyvalue.KeyValueContainer (KeyValueContainer.java:flushAndSyncDB(436)) - Container 1 is synced with bcsId 251.
2022-10-08 01:32:17,532 [ContainerOp-e15aead0-6d2d-4584-81f4-aa94085c93a7-5] INFO  keyvalue.KeyValueContainer (KeyValueContainer.java:flushAndSyncDB(436)) - Container 1 is synced with bcsId 251.
2022-10-08 01:32:17,532 [ContainerOp-e15aead0-6d2d-4584-81f4-aa94085c93a7-3] INFO  keyvalue.KeyValueContainer (KeyValueContainer.java:flushAndSyncDB(436)) - Container 1 is synced with bcsId 251.
2022-10-08 01:32:17,532 [Command processor thread] INFO  keyvalue.KeyValueContainer (KeyValueContainer.java:close(351)) - Container 6 is closed with bcsId 0.
2022-10-08 01:32:17,534 [ContainerOp-e15aead0-6d2d-4584-81f4-aa94085c93a7-5] INFO  keyvalue.KeyValueContainer (KeyValueContainer.java:flushAndSyncDB(436)) - Container 1 is synced with bcsId 251.
2022-10-08 01:32:17,534 [FixedThreadPoolWithAffinityExecutor-9-0] INFO  container.IncrementalContainerReportHandler (AbstractContainerReportHandler.java:updateContainerState(292)) - Moving container #6 to CLOSED state, datanode a84413c3-fab5-4bb4-8251-7613d0a65916{ip: 10.1.0.61, host: fv-az180-867.g3pwtgv4ffyuhaixmbmm0kyh3d.gx.internal.cloudapp.net, ports: [REPLICATION=38079, RATIS=34151, RATIS_ADMIN=34151, RATIS_SERVER=34151, STANDALONE=33593], networkLocation: /default-rack, certSerialId: null, persistedOpState: IN_SERVICE, persistedOpStateExpiryEpochSec: 0} reported CLOSED replica.
2022-10-08 01:32:17,535 [ContainerOp-e15aead0-6d2d-4584-81f4-aa94085c93a7-3] INFO  keyvalue.KeyValueContainer (KeyValueContainer.java:close(351)) - Container 1 is closed with bcsId 251.
2022-10-08 01:32:17,537 [FixedThreadPoolWithAffinityExecutor-1-0] INFO  container.IncrementalContainerReportHandler (AbstractContainerReportHandler.java:updateContainerState(292)) - Moving container #1 to CLOSED state, datanode 2a53bf39-8cf9-4e57-9be3-47f141ff45bd{ip: 10.1.0.61, host: fv-az180-867.g3pwtgv4ffyuhaixmbmm0kyh3d.gx.internal.cloudapp.net, ports: [REPLICATION=38233, RATIS=38913, RATIS_ADMIN=38913, RATIS_SERVER=38913, STANDALONE=39893], networkLocation: /default-rack, certSerialId: null, persistedOpState: IN_SERVICE, persistedOpStateExpiryEpochSec: 0} reported CLOSED replica.
2022-10-08 01:32:17,542 [ContainerOp-e15aead0-6d2d-4584-81f4-aa94085c93a7-3] INFO  keyvalue.KeyValueContainer (KeyValueContainer.java:close(351)) - Container 1 is closed with bcsId 251.
2022-10-08 01:32:17,552 [ContainerOp-e15aead0-6d2d-4584-81f4-aa94085c93a7-5] INFO  keyvalue.KeyValueContainer (KeyValueContainer.java:close(351)) - Container 1 is closed with bcsId 251.
2022-10-08 01:32:17,570 [Command processor thread] INFO  keyvalue.KeyValueContainer (KeyValueContainer.java:flushAndSyncDB(436)) - Container 4 is synced with bcsId 0.
2022-10-08 01:32:17,578 [ContainerOp-e15aead0-6d2d-4584-81f4-aa94085c93a7-5] INFO  keyvalue.KeyValueContainer (KeyValueContainer.java:flushAndSyncDB(436)) - Container 2 is synced with bcsId 257.
2022-10-08 01:32:17,581 [Command processor thread] INFO  keyvalue.KeyValueContainer (KeyValueContainer.java:flushAndSyncDB(436)) - Container 4 is synced with bcsId 0.
2022-10-08 01:32:17,581 [ContainerOp-e15aead0-6d2d-4584-81f4-aa94085c93a7-5] INFO  keyvalue.KeyValueContainer (KeyValueContainer.java:flushAndSyncDB(436)) - Container 2 is synced with bcsId 257.
2022-10-08 01:32:17,590 [ContainerOp-e15aead0-6d2d-4584-81f4-aa94085c93a7-5] INFO  keyvalue.KeyValueContainer (KeyValueContainer.java:close(351)) - Container 2 is closed with bcsId 257.
2022-10-08 01:32:17,590 [Command processor thread] INFO  keyvalue.KeyValueContainer (KeyValueContainer.java:close(351)) - Container 4 is closed with bcsId 0.
2022-10-08 01:32:17,592 [FixedThreadPoolWithAffinityExecutor-1-0] INFO  container.IncrementalContainerReportHandler (AbstractContainerReportHandler.java:updateContainerState(292)) - Moving container #4 to CLOSED state, datanode a84413c3-fab5-4bb4-8251-7613d0a65916{ip: 10.1.0.61, host: fv-az180-867.g3pwtgv4ffyuhaixmbmm0kyh3d.gx.internal.cloudapp.net, ports: [REPLICATION=38079, RATIS=34151, RATIS_ADMIN=34151, RATIS_SERVER=34151, STANDALONE=33593], networkLocation: /default-rack, certSerialId: null, persistedOpState: IN_SERVICE, persistedOpStateExpiryEpochSec: 0} reported CLOSED replica.
2022-10-08 01:32:17,593 [FixedThreadPoolWithAffinityExecutor-0-0] INFO  container.IncrementalContainerReportHandler (AbstractContainerReportHandler.java:updateContainerState(292)) - Moving container #2 to CLOSED state, datanode 2a53bf39-8cf9-4e57-9be3-47f141ff45bd{ip: 10.1.0.61, host: fv-az180-867.g3pwtgv4ffyuhaixmbmm0kyh3d.gx.internal.cloudapp.net, ports: [REPLICATION=38233, RATIS=38913, RATIS_ADMIN=38913, RATIS_SERVER=38913, STANDALONE=39893], networkLocation: /default-rack, certSerialId: null, persistedOpState: IN_SERVICE, persistedOpStateExpiryEpochSec: 0} reported CLOSED replica.
2022-10-08 01:32:17,598 [ContainerOp-e15aead0-6d2d-4584-81f4-aa94085c93a7-3] INFO  keyvalue.KeyValueContainer (KeyValueContainer.java:flushAndSyncDB(436)) - Container 2 is synced with bcsId 257.
2022-10-08 01:32:17,598 [ContainerOp-e15aead0-6d2d-4584-81f4-aa94085c93a7-5] INFO  keyvalue.KeyValueContainer (KeyValueContainer.java:flushAndSyncDB(436)) - Container 2 is synced with bcsId 257.
2022-10-08 01:32:17,606 [ContainerOp-e15aead0-6d2d-4584-81f4-aa94085c93a7-3] INFO  keyvalue.KeyValueContainer (KeyValueContainer.java:flushAndSyncDB(436)) - Container 2 is synced with bcsId 257.
2022-10-08 01:32:17,608 [ContainerOp-e15aead0-6d2d-4584-81f4-aa94085c93a7-5] INFO  keyvalue.KeyValueContainer (KeyValueContainer.java:flushAndSyncDB(436)) - Container 2 is synced with bcsId 257.
2022-10-08 01:32:17,617 [ContainerOp-e15aead0-6d2d-4584-81f4-aa94085c93a7-3] INFO  keyvalue.KeyValueContainer (KeyValueContainer.java:close(351)) - Container 2 is closed with bcsId 257.
2022-10-08 01:32:17,626 [ContainerOp-e15aead0-6d2d-4584-81f4-aa94085c93a7-5] INFO  keyvalue.KeyValueContainer (KeyValueContainer.java:close(351)) - Container 2 is closed with bcsId 257.
2022-10-08 01:32:17,634 [Command processor thread] INFO  keyvalue.KeyValueContainer (KeyValueContainer.java:flushAndSyncDB(436)) - Container 5 is synced with bcsId 0.
2022-10-08 01:32:17,635 [ContainerOp-e15aead0-6d2d-4584-81f4-aa94085c93a7-4] INFO  keyvalue.KeyValueContainer (KeyValueContainer.java:flushAndSyncDB(436)) - Container 3 is synced with bcsId 237.
2022-10-08 01:32:17,637 [Command processor thread] INFO  keyvalue.KeyValueContainer (KeyValueContainer.java:flushAndSyncDB(436)) - Container 5 is synced with bcsId 0.
2022-10-08 01:32:17,637 [ContainerOp-e15aead0-6d2d-4584-81f4-aa94085c93a7-4] INFO  keyvalue.KeyValueContainer (KeyValueContainer.java:flushAndSyncDB(436)) - Container 3 is synced with bcsId 237.
2022-10-08 01:32:17,647 [ContainerOp-e15aead0-6d2d-4584-81f4-aa94085c93a7-7] INFO  keyvalue.KeyValueContainer (KeyValueContainer.java:flushAndSyncDB(436)) - Container 3 is synced with bcsId 237.
2022-10-08 01:32:17,647 [ContainerOp-e15aead0-6d2d-4584-81f4-aa94085c93a7-4] INFO  keyvalue.KeyValueContainer (KeyValueContainer.java:flushAndSyncDB(436)) - Container 3 is synced with bcsId 237.
2022-10-08 01:32:17,652 [ContainerOp-e15aead0-6d2d-4584-81f4-aa94085c93a7-7] INFO  keyvalue.KeyValueContainer (KeyValueContainer.java:flushAndSyncDB(436)) - Container 3 is synced with bcsId 237.
2022-10-08 01:32:17,653 [ContainerOp-e15aead0-6d2d-4584-81f4-aa94085c93a7-4] INFO  keyvalue.KeyValueContainer (KeyValueContainer.java:flushAndSyncDB(436)) - Container 3 is synced with bcsId 237.
2022-10-08 01:32:17,655 [Command processor thread] INFO  keyvalue.KeyValueContainer (KeyValueContainer.java:close(351)) - Container 5 is closed with bcsId 0.
2022-10-08 01:32:17,656 [ContainerOp-e15aead0-6d2d-4584-81f4-aa94085c93a7-4] INFO  keyvalue.KeyValueContainer (KeyValueContainer.java:close(351)) - Container 3 is closed with bcsId 237.
2022-10-08 01:32:17,657 [FixedThreadPoolWithAffinityExecutor-0-0] INFO  container.IncrementalContainerReportHandler (AbstractContainerReportHandler.java:updateContainerState(292)) - Moving container #3 to CLOSED state, datanode 2a53bf39-8cf9-4e57-9be3-47f141ff45bd{ip: 10.1.0.61, host: fv-az180-867.g3pwtgv4ffyuhaixmbmm0kyh3d.gx.internal.cloudapp.net, ports: [REPLICATION=38233, RATIS=38913, RATIS_ADMIN=38913, RATIS_SERVER=38913, STANDALONE=39893], networkLocation: /default-rack, certSerialId: null, persistedOpState: IN_SERVICE, persistedOpStateExpiryEpochSec: 0} reported CLOSED replica.
2022-10-08 01:32:17,658 [FixedThreadPoolWithAffinityExecutor-9-0] INFO  container.IncrementalContainerReportHandler (AbstractContainerReportHandler.java:updateContainerState(292)) - Moving container #5 to CLOSED state, datanode a84413c3-fab5-4bb4-8251-7613d0a65916{ip: 10.1.0.61, host: fv-az180-867.g3pwtgv4ffyuhaixmbmm0kyh3d.gx.internal.cloudapp.net, ports: [REPLICATION=38079, RATIS=34151, RATIS_ADMIN=34151, RATIS_SERVER=34151, STANDALONE=33593], networkLocation: /default-rack, certSerialId: null, persistedOpState: IN_SERVICE, persistedOpStateExpiryEpochSec: 0} reported CLOSED replica.
2022-10-08 01:32:17,662 [ContainerOp-e15aead0-6d2d-4584-81f4-aa94085c93a7-4] INFO  keyvalue.KeyValueContainer (KeyValueContainer.java:close(351)) - Container 3 is closed with bcsId 237.
2022-10-08 01:32:17,663 [ContainerOp-e15aead0-6d2d-4584-81f4-aa94085c93a7-7] INFO  keyvalue.KeyValueContainer (KeyValueContainer.java:close(351)) - Container 3 is closed with bcsId 237.
2022-10-08 01:32:17,676 [Command processor thread] INFO  keyvalue.KeyValueContainer (KeyValueContainer.java:flushAndSyncDB(436)) - Container 7 is synced with bcsId 0.
2022-10-08 01:32:17,676 [Command processor thread] INFO  keyvalue.KeyValueContainer (KeyValueContainer.java:flushAndSyncDB(436)) - Container 6 is synced with bcsId 0.
2022-10-08 01:32:17,679 [Command processor thread] INFO  keyvalue.KeyValueContainer (KeyValueContainer.java:flushAndSyncDB(436)) - Container 7 is synced with bcsId 0.
2022-10-08 01:32:17,679 [Command processor thread] INFO  keyvalue.KeyValueContainer (KeyValueContainer.java:flushAndSyncDB(436)) - Container 6 is synced with bcsId 0.
2022-10-08 01:32:17,687 [Command processor thread] INFO  keyvalue.KeyValueContainer (KeyValueContainer.java:close(351)) - Container 7 is closed with bcsId 0.
2022-10-08 01:32:17,688 [FixedThreadPoolWithAffinityExecutor-9-0] INFO  container.IncrementalContainerReportHandler (AbstractContainerReportHandler.java:updateContainerState(292)) - Moving container #7 to CLOSED state, datanode a84413c3-fab5-4bb4-8251-7613d0a65916{ip: 10.1.0.61, host: fv-az180-867.g3pwtgv4ffyuhaixmbmm0kyh3d.gx.internal.cloudapp.net, ports: [REPLICATION=38079, RATIS=34151, RATIS_ADMIN=34151, RATIS_SERVER=34151, STANDALONE=33593], networkLocation: /default-rack, certSerialId: null, persistedOpState: IN_SERVICE, persistedOpStateExpiryEpochSec: 0} reported CLOSED replica.
2022-10-08 01:32:17,692 [Command processor thread] INFO  keyvalue.KeyValueContainer (KeyValueContainer.java:close(351)) - Container 6 is closed with bcsId 0.
2022-10-08 01:32:17,710 [Command processor thread] INFO  keyvalue.KeyValueContainer (KeyValueContainer.java:flushAndSyncDB(436)) - Container 4 is synced with bcsId 0.
2022-10-08 01:32:17,712 [Command processor thread] INFO  keyvalue.KeyValueContainer (KeyValueContainer.java:flushAndSyncDB(436)) - Container 4 is synced with bcsId 0.
2022-10-08 01:32:17,718 [Command processor thread] INFO  keyvalue.KeyValueContainer (KeyValueContainer.java:close(351)) - Container 4 is closed with bcsId 0.
2022-10-08 01:32:17,734 [Command processor thread] INFO  keyvalue.KeyValueContainer (KeyValueContainer.java:flushAndSyncDB(436)) - Container 5 is synced with bcsId 0.
2022-10-08 01:32:17,736 [Command processor thread] INFO  keyvalue.KeyValueContainer (KeyValueContainer.java:flushAndSyncDB(436)) - Container 5 is synced with bcsId 0.
2022-10-08 01:32:17,745 [Command processor thread] INFO  keyvalue.KeyValueContainer (KeyValueContainer.java:close(351)) - Container 5 is closed with bcsId 0.
2022-10-08 01:32:17,761 [Command processor thread] INFO  keyvalue.KeyValueContainer (KeyValueContainer.java:flushAndSyncDB(436)) - Container 7 is synced with bcsId 0.
2022-10-08 01:32:17,764 [Command processor thread] INFO  keyvalue.KeyValueContainer (KeyValueContainer.java:flushAndSyncDB(436)) - Container 7 is synced with bcsId 0.
2022-10-08 01:32:17,775 [Command processor thread] INFO  keyvalue.KeyValueContainer (KeyValueContainer.java:close(351)) - Container 7 is closed with bcsId 0.
2022-10-08 01:32:18,351 [ForkJoinPool.commonPool-worker-1] INFO  ozoneimpl.OzoneContainer (OzoneContainer.java:stop(400)) - Attempting to stop container services.
2022-10-08 01:32:18,352 [Listener at 127.0.0.1/46853] INFO  ozoneimpl.OzoneContainer (OzoneContainer.java:stop(400)) - Attempting to stop container services.
2022-10-08 01:32:18,355 [Listener at 127.0.0.1/46853] INFO  server.RaftServer (RaftServerProxy.java:lambda$close$7(398)) - 81ce38e7-b758-4bd0-b008-806a23107e8d: close
2022-10-08 01:32:18,355 [ForkJoinPool.commonPool-worker-1] INFO  server.RaftServer (RaftServerProxy.java:lambda$close$7(398)) - a36237c7-2fce-420b-94d1-439aa558db2d: close
2022-10-08 01:32:18,355 [Listener at 127.0.0.1/46853] INFO  server.RaftServer$Division (RaftServerImpl.java:lambda$close$4(434)) - 81ce38e7-b758-4bd0-b008-806a23107e8d@group-87763699CC80: shutdown
2022-10-08 01:32:18,355 [ForkJoinPool.commonPool-worker-1] INFO  server.RaftServer$Division (RaftServerImpl.java:lambda$close$4(434)) - a36237c7-2fce-420b-94d1-439aa558db2d@group-AA94085C93A7: shutdown
2022-10-08 01:32:18,355 [Listener at 127.0.0.1/46853] INFO  util.JmxRegister (JmxRegister.java:unregister(73)) - Successfully un-registered JMX Bean with object name Ratis:service=RaftServer,group=group-87763699CC80,id=81ce38e7-b758-4bd0-b008-806a23107e8d
2022-10-08 01:32:18,355 [ForkJoinPool.commonPool-worker-1] INFO  util.JmxRegister (JmxRegister.java:unregister(73)) - Successfully un-registered JMX Bean with object name Ratis:service=RaftServer,group=group-AA94085C93A7,id=a36237c7-2fce-420b-94d1-439aa558db2d
2022-10-08 01:32:18,356 [ForkJoinPool.commonPool-worker-1] INFO  impl.RoleInfo (RoleInfo.java:shutdownFollowerState(110)) - a36237c7-2fce-420b-94d1-439aa558db2d: shutdown a36237c7-2fce-420b-94d1-439aa558db2d@group-AA94085C93A7-FollowerState
2022-10-08 01:32:18,355 [Listener at 127.0.0.1/46853] INFO  impl.RoleInfo (RoleInfo.java:shutdownLeaderState(93)) - 81ce38e7-b758-4bd0-b008-806a23107e8d: shutdown 81ce38e7-b758-4bd0-b008-806a23107e8d@group-87763699CC80-LeaderStateImpl
2022-10-08 01:32:18,356 [ForkJoinPool.commonPool-worker-1] INFO  impl.StateMachineUpdater (StateMachineUpdater.java:stopAndJoin(153)) - a36237c7-2fce-420b-94d1-439aa558db2d@group-AA94085C93A7-StateMachineUpdater: set stopIndex = 267
2022-10-08 01:32:18,356 [Listener at 127.0.0.1/46853] INFO  impl.PendingRequests (PendingRequests.java:sendNotLeaderResponses(282)) - 81ce38e7-b758-4bd0-b008-806a23107e8d@group-87763699CC80-PendingRequests: sendNotLeaderResponses
2022-10-08 01:32:18,356 [a36237c7-2fce-420b-94d1-439aa558db2d@group-AA94085C93A7-FollowerState] INFO  impl.FollowerState (FollowerState.java:run(152)) - a36237c7-2fce-420b-94d1-439aa558db2d@group-AA94085C93A7-FollowerState was interrupted
2022-10-08 01:32:18,356 [Listener at 127.0.0.1/46853] INFO  impl.StateMachineUpdater (StateMachineUpdater.java:stopAndJoin(153)) - 81ce38e7-b758-4bd0-b008-806a23107e8d@group-87763699CC80-StateMachineUpdater: set stopIndex = 0
2022-10-08 01:32:18,356 [a36237c7-2fce-420b-94d1-439aa558db2d@group-AA94085C93A7-StateMachineUpdater] INFO  ratis.ContainerStateMachine (ContainerStateMachine.java:takeSnapshot(304)) - group-AA94085C93A7: Taking a snapshot at:(t:1, i:267) file /home/runner/work/ozone/ozone/hadoop-ozone/integration-test/target/test-dir/MiniOzoneClusterImpl-c72639db-50b4-484a-b3ab-3c380931c8c6/datanode-1/data/ratis/e15aead0-6d2d-4584-81f4-aa94085c93a7/sm/snapshot.1_267
2022-10-08 01:32:18,356 [81ce38e7-b758-4bd0-b008-806a23107e8d@group-87763699CC80-StateMachineUpdater] INFO  ratis.ContainerStateMachine (ContainerStateMachine.java:takeSnapshot(304)) - group-87763699CC80: Taking a snapshot at:(t:1, i:0) file /home/runner/work/ozone/ozone/hadoop-ozone/integration-test/target/test-dir/MiniOzoneClusterImpl-c72639db-50b4-484a-b3ab-3c380931c8c6/datanode-2/data/ratis/666bd1c7-3c83-4c38-a9f8-87763699cc80/sm/snapshot.1_0
2022-10-08 01:32:18,377 [81ce38e7-b758-4bd0-b008-806a23107e8d@group-87763699CC80-StateMachineUpdater] INFO  ratis.ContainerStateMachine (ContainerStateMachine.java:takeSnapshot(315)) - group-87763699CC80: Finished taking a snapshot at:(t:1, i:0) file:/home/runner/work/ozone/ozone/hadoop-ozone/integration-test/target/test-dir/MiniOzoneClusterImpl-c72639db-50b4-484a-b3ab-3c380931c8c6/datanode-2/data/ratis/666bd1c7-3c83-4c38-a9f8-87763699cc80/sm/snapshot.1_0 took: 21 ms
2022-10-08 01:32:18,378 [81ce38e7-b758-4bd0-b008-806a23107e8d@group-87763699CC80-StateMachineUpdater] INFO  impl.StateMachineUpdater (StateMachineUpdater.java:takeSnapshot(287)) - 81ce38e7-b758-4bd0-b008-806a23107e8d@group-87763699CC80-StateMachineUpdater: Took a snapshot at index 0
2022-10-08 01:32:18,378 [81ce38e7-b758-4bd0-b008-806a23107e8d@group-87763699CC80-StateMachineUpdater] INFO  impl.StateMachineUpdater (StateMachineUpdater.java:lambda$new$0(92)) - 81ce38e7-b758-4bd0-b008-806a23107e8d@group-87763699CC80-StateMachineUpdater: snapshotIndex: updateIncreasingly -1 -> 0
2022-10-08 01:32:18,381 [Listener at 127.0.0.1/46853] INFO  server.RaftServer$Division (ServerState.java:close(429)) - 81ce38e7-b758-4bd0-b008-806a23107e8d@group-87763699CC80: closes. applyIndex: 0
2022-10-08 01:32:18,382 [81ce38e7-b758-4bd0-b008-806a23107e8d@group-87763699CC80-SegmentedRaftLogWorker] INFO  segmented.SegmentedRaftLogWorker (SegmentedRaftLogWorker.java:run(336)) - 81ce38e7-b758-4bd0-b008-806a23107e8d@group-87763699CC80-SegmentedRaftLogWorker was interrupted, exiting. There are 0 tasks remaining in the queue.
2022-10-08 01:32:18,382 [Listener at 127.0.0.1/46853] INFO  segmented.SegmentedRaftLogWorker (SegmentedRaftLogWorker.java:close(246)) - 81ce38e7-b758-4bd0-b008-806a23107e8d@group-87763699CC80-SegmentedRaftLogWorker close()
2022-10-08 01:32:18,382 [Listener at 127.0.0.1/46853] INFO  server.RaftServer$Division (RaftServerImpl.java:lambda$close$4(434)) - 81ce38e7-b758-4bd0-b008-806a23107e8d@group-AA94085C93A7: shutdown
2022-10-08 01:32:18,382 [Listener at 127.0.0.1/46853] INFO  util.JmxRegister (JmxRegister.java:unregister(73)) - Successfully un-registered JMX Bean with object name Ratis:service=RaftServer,group=group-AA94085C93A7,id=81ce38e7-b758-4bd0-b008-806a23107e8d
2022-10-08 01:32:18,382 [Listener at 127.0.0.1/46853] INFO  impl.RoleInfo (RoleInfo.java:shutdownFollowerState(110)) - 81ce38e7-b758-4bd0-b008-806a23107e8d: shutdown 81ce38e7-b758-4bd0-b008-806a23107e8d@group-AA94085C93A7-FollowerState
2022-10-08 01:32:18,383 [Listener at 127.0.0.1/46853] INFO  impl.StateMachineUpdater (StateMachineUpdater.java:stopAndJoin(153)) - 81ce38e7-b758-4bd0-b008-806a23107e8d@group-AA94085C93A7-StateMachineUpdater: set stopIndex = 267
2022-10-08 01:32:18,383 [81ce38e7-b758-4bd0-b008-806a23107e8d@group-AA94085C93A7-FollowerState] INFO  impl.FollowerState (FollowerState.java:run(152)) - 81ce38e7-b758-4bd0-b008-806a23107e8d@group-AA94085C93A7-FollowerState was interrupted
2022-10-08 01:32:18,383 [81ce38e7-b758-4bd0-b008-806a23107e8d@group-AA94085C93A7-StateMachineUpdater] INFO  ratis.ContainerStateMachine (ContainerStateMachine.java:takeSnapshot(304)) - group-AA94085C93A7: Taking a snapshot at:(t:1, i:267) file /home/runner/work/ozone/ozone/hadoop-ozone/integration-test/target/test-dir/MiniOzoneClusterImpl-c72639db-50b4-484a-b3ab-3c380931c8c6/datanode-2/data/ratis/e15aead0-6d2d-4584-81f4-aa94085c93a7/sm/snapshot.1_267
2022-10-08 01:32:18,386 [a36237c7-2fce-420b-94d1-439aa558db2d@group-AA94085C93A7-StateMachineUpdater] INFO  ratis.ContainerStateMachine (ContainerStateMachine.java:takeSnapshot(315)) - group-AA94085C93A7: Finished taking a snapshot at:(t:1, i:267) file:/home/runner/work/ozone/ozone/hadoop-ozone/integration-test/target/test-dir/MiniOzoneClusterImpl-c72639db-50b4-484a-b3ab-3c380931c8c6/datanode-1/data/ratis/e15aead0-6d2d-4584-81f4-aa94085c93a7/sm/snapshot.1_267 took: 30 ms
2022-10-08 01:32:18,386 [a36237c7-2fce-420b-94d1-439aa558db2d@group-AA94085C93A7-StateMachineUpdater] INFO  impl.StateMachineUpdater (StateMachineUpdater.java:takeSnapshot(287)) - a36237c7-2fce-420b-94d1-439aa558db2d@group-AA94085C93A7-StateMachineUpdater: Took a snapshot at index 267
2022-10-08 01:32:18,386 [a36237c7-2fce-420b-94d1-439aa558db2d@group-AA94085C93A7-StateMachineUpdater] INFO  impl.StateMachineUpdater (StateMachineUpdater.java:lambda$new$0(92)) - a36237c7-2fce-420b-94d1-439aa558db2d@group-AA94085C93A7-StateMachineUpdater: snapshotIndex: updateIncreasingly -1 -> 267
2022-10-08 01:32:18,388 [ForkJoinPool.commonPool-worker-1] INFO  server.RaftServer$Division (ServerState.java:close(429)) - a36237c7-2fce-420b-94d1-439aa558db2d@group-AA94085C93A7: closes. applyIndex: 267
2022-10-08 01:32:18,388 [a36237c7-2fce-420b-94d1-439aa558db2d@group-AA94085C93A7-SegmentedRaftLogWorker] INFO  segmented.SegmentedRaftLogWorker (SegmentedRaftLogWorker.java:run(336)) - a36237c7-2fce-420b-94d1-439aa558db2d@group-AA94085C93A7-SegmentedRaftLogWorker was interrupted, exiting. There are 0 tasks remaining in the queue.
2022-10-08 01:32:18,388 [ForkJoinPool.commonPool-worker-1] INFO  segmented.SegmentedRaftLogWorker (SegmentedRaftLogWorker.java:close(246)) - a36237c7-2fce-420b-94d1-439aa558db2d@group-AA94085C93A7-SegmentedRaftLogWorker close()
2022-10-08 01:32:18,389 [ForkJoinPool.commonPool-worker-1] INFO  server.RaftServer$Division (RaftServerImpl.java:lambda$close$4(434)) - a36237c7-2fce-420b-94d1-439aa558db2d@group-A8D86C891430: shutdown
2022-10-08 01:32:18,389 [ForkJoinPool.commonPool-worker-1] INFO  util.JmxRegister (JmxRegister.java:unregister(73)) - Successfully un-registered JMX Bean with object name Ratis:service=RaftServer,group=group-A8D86C891430,id=a36237c7-2fce-420b-94d1-439aa558db2d
2022-10-08 01:32:18,389 [ForkJoinPool.commonPool-worker-1] INFO  impl.RoleInfo (RoleInfo.java:shutdownLeaderState(93)) - a36237c7-2fce-420b-94d1-439aa558db2d: shutdown a36237c7-2fce-420b-94d1-439aa558db2d@group-A8D86C891430-LeaderStateImpl
2022-10-08 01:32:18,389 [ForkJoinPool.commonPool-worker-1] INFO  impl.PendingRequests (PendingRequests.java:sendNotLeaderResponses(282)) - a36237c7-2fce-420b-94d1-439aa558db2d@group-A8D86C891430-PendingRequests: sendNotLeaderResponses
2022-10-08 01:32:18,390 [a36237c7-2fce-420b-94d1-439aa558db2d@group-A8D86C891430-StateMachineUpdater] INFO  ratis.ContainerStateMachine (ContainerStateMachine.java:takeSnapshot(304)) - group-A8D86C891430: Taking a snapshot at:(t:1, i:0) file /home/runner/work/ozone/ozone/hadoop-ozone/integration-test/target/test-dir/MiniOzoneClusterImpl-c72639db-50b4-484a-b3ab-3c380931c8c6/datanode-1/data/ratis/4a9dec9a-ccbd-402c-a54d-a8d86c891430/sm/snapshot.1_0
2022-10-08 01:32:18,390 [ForkJoinPool.commonPool-worker-1] INFO  impl.StateMachineUpdater (StateMachineUpdater.java:stopAndJoin(153)) - a36237c7-2fce-420b-94d1-439aa558db2d@group-A8D86C891430-StateMachineUpdater: set stopIndex = 0
2022-10-08 01:32:18,392 [81ce38e7-b758-4bd0-b008-806a23107e8d@group-AA94085C93A7-StateMachineUpdater] INFO  ratis.ContainerStateMachine (ContainerStateMachine.java:takeSnapshot(315)) - group-AA94085C93A7: Finished taking a snapshot at:(t:1, i:267) file:/home/runner/work/ozone/ozone/hadoop-ozone/integration-test/target/test-dir/MiniOzoneClusterImpl-c72639db-50b4-484a-b3ab-3c380931c8c6/datanode-2/data/ratis/e15aead0-6d2d-4584-81f4-aa94085c93a7/sm/snapshot.1_267 took: 9 ms
2022-10-08 01:32:18,392 [81ce38e7-b758-4bd0-b008-806a23107e8d@group-AA94085C93A7-StateMachineUpdater] INFO  impl.StateMachineUpdater (StateMachineUpdater.java:takeSnapshot(287)) - 81ce38e7-b758-4bd0-b008-806a23107e8d@group-AA94085C93A7-StateMachineUpdater: Took a snapshot at index 267
2022-10-08 01:32:18,392 [81ce38e7-b758-4bd0-b008-806a23107e8d@group-AA94085C93A7-StateMachineUpdater] INFO  impl.StateMachineUpdater (StateMachineUpdater.java:lambda$new$0(92)) - 81ce38e7-b758-4bd0-b008-806a23107e8d@group-AA94085C93A7-StateMachineUpdater: snapshotIndex: updateIncreasingly -1 -> 267
2022-10-08 01:32:18,393 [Listener at 127.0.0.1/46853] INFO  server.RaftServer$Division (ServerState.java:close(429)) - 81ce38e7-b758-4bd0-b008-806a23107e8d@group-AA94085C93A7: closes. applyIndex: 267
2022-10-08 01:32:18,393 [81ce38e7-b758-4bd0-b008-806a23107e8d@group-AA94085C93A7-SegmentedRaftLogWorker] INFO  segmented.SegmentedRaftLogWorker (SegmentedRaftLogWorker.java:run(336)) - 81ce38e7-b758-4bd0-b008-806a23107e8d@group-AA94085C93A7-SegmentedRaftLogWorker was interrupted, exiting. There are 0 tasks remaining in the queue.
2022-10-08 01:32:18,393 [Listener at 127.0.0.1/46853] INFO  segmented.SegmentedRaftLogWorker (SegmentedRaftLogWorker.java:close(246)) - 81ce38e7-b758-4bd0-b008-806a23107e8d@group-AA94085C93A7-SegmentedRaftLogWorker close()
2022-10-08 01:32:18,394 [Listener at 127.0.0.1/46853] INFO  server.GrpcService (GrpcService.java:closeImpl(269)) - 81ce38e7-b758-4bd0-b008-806a23107e8d: shutdown server with port 36667 now
2022-10-08 01:32:18,398 [grpc-default-executor-6] WARN  server.GrpcServerProtocolService (LogUtils.java:warn(122)) - 81ce38e7-b758-4bd0-b008-806a23107e8d: installSnapshot onError, lastRequest: 2a53bf39-8cf9-4e57-9be3-47f141ff45bd->81ce38e7-b758-4bd0-b008-806a23107e8d#1508-t1,previous=(t:1, i:267),leaderCommit=267,initializing? true,entries: size=1, first=(t:1, i:268), METADATAENTRY(c:267): org.apache.ratis.thirdparty.io.grpc.StatusRuntimeException: CANCELLED: client cancelled
2022-10-08 01:32:18,399 [Listener at 127.0.0.1/46853] INFO  server.GrpcService (GrpcService.java:closeImpl(278)) - 81ce38e7-b758-4bd0-b008-806a23107e8d: shutdown server with port 36667 successfully
2022-10-08 01:32:18,399 [org.apache.ratis.util.JvmPauseMonitor$$Lambda$636/846962177@4ad88cea] INFO  util.JvmPauseMonitor (JvmPauseMonitor.java:run(109)) - JvmPauseMonitor-81ce38e7-b758-4bd0-b008-806a23107e8d: Stopped
2022-10-08 01:32:18,399 [a36237c7-2fce-420b-94d1-439aa558db2d@group-A8D86C891430-StateMachineUpdater] INFO  ratis.ContainerStateMachine (ContainerStateMachine.java:takeSnapshot(315)) - group-A8D86C891430: Finished taking a snapshot at:(t:1, i:0) file:/home/runner/work/ozone/ozone/hadoop-ozone/integration-test/target/test-dir/MiniOzoneClusterImpl-c72639db-50b4-484a-b3ab-3c380931c8c6/datanode-1/data/ratis/4a9dec9a-ccbd-402c-a54d-a8d86c891430/sm/snapshot.1_0 took: 10 ms
2022-10-08 01:32:18,400 [a36237c7-2fce-420b-94d1-439aa558db2d@group-A8D86C891430-StateMachineUpdater] INFO  impl.StateMachineUpdater (StateMachineUpdater.java:takeSnapshot(287)) - a36237c7-2fce-420b-94d1-439aa558db2d@group-A8D86C891430-StateMachineUpdater: Took a snapshot at index 0
2022-10-08 01:32:18,400 [a36237c7-2fce-420b-94d1-439aa558db2d@group-A8D86C891430-StateMachineUpdater] INFO  impl.StateMachineUpdater (StateMachineUpdater.java:lambda$new$0(92)) - a36237c7-2fce-420b-94d1-439aa558db2d@group-A8D86C891430-StateMachineUpdater: snapshotIndex: updateIncreasingly -1 -> 0
2022-10-08 01:32:18,400 [ForkJoinPool.commonPool-worker-1] INFO  server.RaftServer$Division (ServerState.java:close(429)) - a36237c7-2fce-420b-94d1-439aa558db2d@group-A8D86C891430: closes. applyIndex: 0
2022-10-08 01:32:18,400 [a36237c7-2fce-420b-94d1-439aa558db2d@group-A8D86C891430-SegmentedRaftLogWorker] INFO  segmented.SegmentedRaftLogWorker (SegmentedRaftLogWorker.java:run(336)) - a36237c7-2fce-420b-94d1-439aa558db2d@group-A8D86C891430-SegmentedRaftLogWorker was interrupted, exiting. There are 0 tasks remaining in the queue.
2022-10-08 01:32:18,400 [ForkJoinPool.commonPool-worker-1] INFO  segmented.SegmentedRaftLogWorker (SegmentedRaftLogWorker.java:close(246)) - a36237c7-2fce-420b-94d1-439aa558db2d@group-A8D86C891430-SegmentedRaftLogWorker close()
2022-10-08 01:32:18,402 [ForkJoinPool.commonPool-worker-1] INFO  server.GrpcService (GrpcService.java:closeImpl(269)) - a36237c7-2fce-420b-94d1-439aa558db2d: shutdown server with port 41927 now
2022-10-08 01:32:18,407 [ForkJoinPool.commonPool-worker-1] INFO  server.GrpcService (GrpcService.java:closeImpl(278)) - a36237c7-2fce-420b-94d1-439aa558db2d: shutdown server with port 41927 successfully
2022-10-08 01:32:18,408 [org.apache.ratis.util.JvmPauseMonitor$$Lambda$636/846962177@27dd5610] INFO  util.JvmPauseMonitor (JvmPauseMonitor.java:run(109)) - JvmPauseMonitor-a36237c7-2fce-420b-94d1-439aa558db2d: Stopped
2022-10-08 01:32:18,407 [grpc-default-executor-5] WARN  server.GrpcServerProtocolService (LogUtils.java:warn(122)) - a36237c7-2fce-420b-94d1-439aa558db2d: installSnapshot onError, lastRequest: 2a53bf39-8cf9-4e57-9be3-47f141ff45bd->a36237c7-2fce-420b-94d1-439aa558db2d#1533-t1,previous=(t:1, i:267),leaderCommit=267,initializing? true,entries: size=1, first=(t:1, i:268), METADATAENTRY(c:267): org.apache.ratis.thirdparty.io.grpc.StatusRuntimeException: CANCELLED: client cancelled
2022-10-08 01:32:18,410 [grpc-default-executor-5] WARN  server.GrpcLogAppender (LogUtils.java:warn(122)) - 2a53bf39-8cf9-4e57-9be3-47f141ff45bd@group-AA94085C93A7->81ce38e7-b758-4bd0-b008-806a23107e8d-AppendLogResponseHandler: Failed appendEntries: org.apache.ratis.thirdparty.io.grpc.StatusRuntimeException: CANCELLED: RST_STREAM closed stream. HTTP/2 error code: CANCEL
2022-10-08 01:32:18,413 [grpc-default-executor-5] INFO  leader.FollowerInfo (FollowerInfoImpl.java:lambda$new$0(48)) - 2a53bf39-8cf9-4e57-9be3-47f141ff45bd@group-AA94085C93A7->81ce38e7-b758-4bd0-b008-806a23107e8d: nextIndex: updateUnconditionally 269 -> 268
2022-10-08 01:32:18,413 [grpc-default-executor-4] WARN  server.GrpcLogAppender (LogUtils.java:warn(122)) - 2a53bf39-8cf9-4e57-9be3-47f141ff45bd@group-AA94085C93A7->a36237c7-2fce-420b-94d1-439aa558db2d-AppendLogResponseHandler: Failed appendEntries: org.apache.ratis.thirdparty.io.grpc.StatusRuntimeException: CANCELLED: RST_STREAM closed stream. HTTP/2 error code: CANCEL
2022-10-08 01:32:18,413 [grpc-default-executor-4] INFO  leader.FollowerInfo (FollowerInfoImpl.java:lambda$new$0(48)) - 2a53bf39-8cf9-4e57-9be3-47f141ff45bd@group-AA94085C93A7->a36237c7-2fce-420b-94d1-439aa558db2d: nextIndex: updateUnconditionally 269 -> 268
2022-10-08 01:32:18,428 [grpc-default-executor-5] WARN  server.GrpcLogAppender (LogUtils.java:warn(122)) - 2a53bf39-8cf9-4e57-9be3-47f141ff45bd@group-AA94085C93A7->81ce38e7-b758-4bd0-b008-806a23107e8d-AppendLogResponseHandler: Failed appendEntries: org.apache.ratis.thirdparty.io.grpc.StatusRuntimeException: UNAVAILABLE: io exception
2022-10-08 01:32:18,428 [grpc-default-executor-5] INFO  leader.FollowerInfo (FollowerInfoImpl.java:lambda$new$0(48)) - 2a53bf39-8cf9-4e57-9be3-47f141ff45bd@group-AA94085C93A7->81ce38e7-b758-4bd0-b008-806a23107e8d: nextIndex: updateUnconditionally 269 -> 268
2022-10-08 01:32:18,430 [grpc-default-executor-4] WARN  server.GrpcLogAppender (LogUtils.java:warn(122)) - 2a53bf39-8cf9-4e57-9be3-47f141ff45bd@group-AA94085C93A7->a36237c7-2fce-420b-94d1-439aa558db2d-AppendLogResponseHandler: Failed appendEntries: org.apache.ratis.thirdparty.io.grpc.StatusRuntimeException: UNAVAILABLE: io exception
2022-10-08 01:32:18,431 [grpc-default-executor-4] INFO  leader.FollowerInfo (FollowerInfoImpl.java:lambda$new$0(48)) - 2a53bf39-8cf9-4e57-9be3-47f141ff45bd@group-AA94085C93A7->a36237c7-2fce-420b-94d1-439aa558db2d: nextIndex: updateUnconditionally 269 -> 268
2022-10-08 01:32:18,483 [Command processor thread] INFO  keyvalue.KeyValueContainer (KeyValueContainer.java:flushAndSyncDB(436)) - Container 6 is synced with bcsId 0.
2022-10-08 01:32:18,485 [Command processor thread] INFO  keyvalue.KeyValueContainer (KeyValueContainer.java:flushAndSyncDB(436)) - Container 6 is synced with bcsId 0.
2022-10-08 01:32:18,486 [ReplicationMonitor] INFO  replication.LegacyReplicationManager (LegacyReplicationManager.java:sendCloseCommand(1512)) - Sending close container command for container #1 to datanode a36237c7-2fce-420b-94d1-439aa558db2d{ip: 10.1.0.61, host: fv-az180-867.g3pwtgv4ffyuhaixmbmm0kyh3d.gx.internal.cloudapp.net, ports: [REPLICATION=41143, RATIS=41927, RATIS_ADMIN=41927, RATIS_SERVER=41927, STANDALONE=41021], networkLocation: /default-rack, certSerialId: null, persistedOpState: IN_SERVICE, persistedOpStateExpiryEpochSec: 0}.
2022-10-08 01:32:18,486 [ReplicationMonitor] INFO  replication.LegacyReplicationManager (LegacyReplicationManager.java:sendCloseCommand(1512)) - Sending close container command for container #1 to datanode 81ce38e7-b758-4bd0-b008-806a23107e8d{ip: 10.1.0.61, host: fv-az180-867.g3pwtgv4ffyuhaixmbmm0kyh3d.gx.internal.cloudapp.net, ports: [REPLICATION=46435, RATIS=36667, RATIS_ADMIN=36667, RATIS_SERVER=36667, STANDALONE=41229], networkLocation: /default-rack, certSerialId: null, persistedOpState: IN_SERVICE, persistedOpStateExpiryEpochSec: 0}.
2022-10-08 01:32:18,486 [ReplicationMonitor] INFO  replication.LegacyReplicationManager (LegacyReplicationManager.java:sendCloseCommand(1512)) - Sending close container command for container #2 to datanode a36237c7-2fce-420b-94d1-439aa558db2d{ip: 10.1.0.61, host: fv-az180-867.g3pwtgv4ffyuhaixmbmm0kyh3d.gx.internal.cloudapp.net, ports: [REPLICATION=41143, RATIS=41927, RATIS_ADMIN=41927, RATIS_SERVER=41927, STANDALONE=41021], networkLocation: /default-rack, certSerialId: null, persistedOpState: IN_SERVICE, persistedOpStateExpiryEpochSec: 0}.
2022-10-08 01:32:18,487 [ReplicationMonitor] INFO  replication.LegacyReplicationManager (LegacyReplicationManager.java:sendCloseCommand(1512)) - Sending close container command for container #2 to datanode 81ce38e7-b758-4bd0-b008-806a23107e8d{ip: 10.1.0.61, host: fv-az180-867.g3pwtgv4ffyuhaixmbmm0kyh3d.gx.internal.cloudapp.net, ports: [REPLICATION=46435, RATIS=36667, RATIS_ADMIN=36667, RATIS_SERVER=36667, STANDALONE=41229], networkLocation: /default-rack, certSerialId: null, persistedOpState: IN_SERVICE, persistedOpStateExpiryEpochSec: 0}.
2022-10-08 01:32:18,487 [ReplicationMonitor] INFO  replication.LegacyReplicationManager (LegacyReplicationManager.java:sendCloseCommand(1512)) - Sending close container command for container #3 to datanode a36237c7-2fce-420b-94d1-439aa558db2d{ip: 10.1.0.61, host: fv-az180-867.g3pwtgv4ffyuhaixmbmm0kyh3d.gx.internal.cloudapp.net, ports: [REPLICATION=41143, RATIS=41927, RATIS_ADMIN=41927, RATIS_SERVER=41927, STANDALONE=41021], networkLocation: /default-rack, certSerialId: null, persistedOpState: IN_SERVICE, persistedOpStateExpiryEpochSec: 0}.
2022-10-08 01:32:18,487 [ReplicationMonitor] INFO  replication.LegacyReplicationManager (LegacyReplicationManager.java:sendCloseCommand(1512)) - Sending close container command for container #3 to datanode 81ce38e7-b758-4bd0-b008-806a23107e8d{ip: 10.1.0.61, host: fv-az180-867.g3pwtgv4ffyuhaixmbmm0kyh3d.gx.internal.cloudapp.net, ports: [REPLICATION=46435, RATIS=36667, RATIS_ADMIN=36667, RATIS_SERVER=36667, STANDALONE=41229], networkLocation: /default-rack, certSerialId: null, persistedOpState: IN_SERVICE, persistedOpStateExpiryEpochSec: 0}.
2022-10-08 01:32:18,487 [ReplicationMonitor] INFO  replication.ReplicationManager (ReplicationManager.java:sendCloseContainerReplicaCommand(467)) - Sending close container command for container #4 to datanode 81ce38e7-b758-4bd0-b008-806a23107e8d{ip: 10.1.0.61, host: fv-az180-867.g3pwtgv4ffyuhaixmbmm0kyh3d.gx.internal.cloudapp.net, ports: [REPLICATION=46435, RATIS=36667, RATIS_ADMIN=36667, RATIS_SERVER=36667, STANDALONE=41229], networkLocation: /default-rack, certSerialId: null, persistedOpState: IN_SERVICE, persistedOpStateExpiryEpochSec: 0}.
2022-10-08 01:32:18,487 [ReplicationMonitor] INFO  replication.ReplicationManager (ReplicationManager.java:sendCloseContainerReplicaCommand(467)) - Sending close container command for container #4 to datanode f99fd778-4fae-463c-a039-423a4282d2af{ip: 10.1.0.61, host: fv-az180-867.g3pwtgv4ffyuhaixmbmm0kyh3d.gx.internal.cloudapp.net, ports: [REPLICATION=37713, RATIS=34781, RATIS_ADMIN=34781, RATIS_SERVER=34781, STANDALONE=42411], networkLocation: /default-rack, certSerialId: null, persistedOpState: IN_SERVICE, persistedOpStateExpiryEpochSec: 0}.
2022-10-08 01:32:18,487 [ReplicationMonitor] INFO  replication.ReplicationManager (ReplicationManager.java:sendCloseContainerReplicaCommand(467)) - Sending close container command for container #4 to datanode a36237c7-2fce-420b-94d1-439aa558db2d{ip: 10.1.0.61, host: fv-az180-867.g3pwtgv4ffyuhaixmbmm0kyh3d.gx.internal.cloudapp.net, ports: [REPLICATION=41143, RATIS=41927, RATIS_ADMIN=41927, RATIS_SERVER=41927, STANDALONE=41021], networkLocation: /default-rack, certSerialId: null, persistedOpState: IN_SERVICE, persistedOpStateExpiryEpochSec: 0}.
2022-10-08 01:32:18,487 [ReplicationMonitor] INFO  replication.ReplicationManager (ReplicationManager.java:sendCloseContainerReplicaCommand(467)) - Sending close container command for container #5 to datanode a36237c7-2fce-420b-94d1-439aa558db2d{ip: 10.1.0.61, host: fv-az180-867.g3pwtgv4ffyuhaixmbmm0kyh3d.gx.internal.cloudapp.net, ports: [REPLICATION=41143, RATIS=41927, RATIS_ADMIN=41927, RATIS_SERVER=41927, STANDALONE=41021], networkLocation: /default-rack, certSerialId: null, persistedOpState: IN_SERVICE, persistedOpStateExpiryEpochSec: 0}.
2022-10-08 01:32:18,488 [ReplicationMonitor] INFO  replication.ReplicationManager (ReplicationManager.java:sendCloseContainerReplicaCommand(467)) - Sending close container command for container #5 to datanode 81ce38e7-b758-4bd0-b008-806a23107e8d{ip: 10.1.0.61, host: fv-az180-867.g3pwtgv4ffyuhaixmbmm0kyh3d.gx.internal.cloudapp.net, ports: [REPLICATION=46435, RATIS=36667, RATIS_ADMIN=36667, RATIS_SERVER=36667, STANDALONE=41229], networkLocation: /default-rack, certSerialId: null, persistedOpState: IN_SERVICE, persistedOpStateExpiryEpochSec: 0}.
2022-10-08 01:32:18,488 [ReplicationMonitor] INFO  replication.ReplicationManager (ReplicationManager.java:sendCloseContainerReplicaCommand(467)) - Sending close container command for container #5 to datanode f99fd778-4fae-463c-a039-423a4282d2af{ip: 10.1.0.61, host: fv-az180-867.g3pwtgv4ffyuhaixmbmm0kyh3d.gx.internal.cloudapp.net, ports: [REPLICATION=37713, RATIS=34781, RATIS_ADMIN=34781, RATIS_SERVER=34781, STANDALONE=42411], networkLocation: /default-rack, certSerialId: null, persistedOpState: IN_SERVICE, persistedOpStateExpiryEpochSec: 0}.
2022-10-08 01:32:18,488 [ReplicationMonitor] INFO  replication.ReplicationManager (ReplicationManager.java:sendCloseContainerReplicaCommand(467)) - Sending close container command for container #6 to datanode a36237c7-2fce-420b-94d1-439aa558db2d{ip: 10.1.0.61, host: fv-az180-867.g3pwtgv4ffyuhaixmbmm0kyh3d.gx.internal.cloudapp.net, ports: [REPLICATION=41143, RATIS=41927, RATIS_ADMIN=41927, RATIS_SERVER=41927, STANDALONE=41021], networkLocation: /default-rack, certSerialId: null, persistedOpState: IN_SERVICE, persistedOpStateExpiryEpochSec: 0}.
2022-10-08 01:32:18,488 [ReplicationMonitor] INFO  replication.ReplicationManager (ReplicationManager.java:sendCloseContainerReplicaCommand(467)) - Sending close container command for container #6 to datanode 81ce38e7-b758-4bd0-b008-806a23107e8d{ip: 10.1.0.61, host: fv-az180-867.g3pwtgv4ffyuhaixmbmm0kyh3d.gx.internal.cloudapp.net, ports: [REPLICATION=46435, RATIS=36667, RATIS_ADMIN=36667, RATIS_SERVER=36667, STANDALONE=41229], networkLocation: /default-rack, certSerialId: null, persistedOpState: IN_SERVICE, persistedOpStateExpiryEpochSec: 0}.
2022-10-08 01:32:18,488 [ReplicationMonitor] INFO  replication.ReplicationManager (ReplicationManager.java:sendCloseContainerReplicaCommand(467)) - Sending close container command for container #6 to datanode f99fd778-4fae-463c-a039-423a4282d2af{ip: 10.1.0.61, host: fv-az180-867.g3pwtgv4ffyuhaixmbmm0kyh3d.gx.internal.cloudapp.net, ports: [REPLICATION=37713, RATIS=34781, RATIS_ADMIN=34781, RATIS_SERVER=34781, STANDALONE=42411], networkLocation: /default-rack, certSerialId: null, persistedOpState: IN_SERVICE, persistedOpStateExpiryEpochSec: 0}.
2022-10-08 01:32:18,488 [ReplicationMonitor] INFO  replication.ReplicationManager (ReplicationManager.java:sendCloseContainerReplicaCommand(467)) - Sending close container command for container #7 to datanode a36237c7-2fce-420b-94d1-439aa558db2d{ip: 10.1.0.61, host: fv-az180-867.g3pwtgv4ffyuhaixmbmm0kyh3d.gx.internal.cloudapp.net, ports: [REPLICATION=41143, RATIS=41927, RATIS_ADMIN=41927, RATIS_SERVER=41927, STANDALONE=41021], networkLocation: /default-rack, certSerialId: null, persistedOpState: IN_SERVICE, persistedOpStateExpiryEpochSec: 0}.
2022-10-08 01:32:18,488 [ReplicationMonitor] INFO  replication.ReplicationManager (ReplicationManager.java:sendCloseContainerReplicaCommand(467)) - Sending close container command for container #7 to datanode 81ce38e7-b758-4bd0-b008-806a23107e8d{ip: 10.1.0.61, host: fv-az180-867.g3pwtgv4ffyuhaixmbmm0kyh3d.gx.internal.cloudapp.net, ports: [REPLICATION=46435, RATIS=36667, RATIS_ADMIN=36667, RATIS_SERVER=36667, STANDALONE=41229], networkLocation: /default-rack, certSerialId: null, persistedOpState: IN_SERVICE, persistedOpStateExpiryEpochSec: 0}.
2022-10-08 01:32:18,488 [ReplicationMonitor] INFO  replication.ReplicationManager (ReplicationManager.java:sendCloseContainerReplicaCommand(467)) - Sending close container command for container #7 to datanode f99fd778-4fae-463c-a039-423a4282d2af{ip: 10.1.0.61, host: fv-az180-867.g3pwtgv4ffyuhaixmbmm0kyh3d.gx.internal.cloudapp.net, ports: [REPLICATION=37713, RATIS=34781, RATIS_ADMIN=34781, RATIS_SERVER=34781, STANDALONE=42411], networkLocation: /default-rack, certSerialId: null, persistedOpState: IN_SERVICE, persistedOpStateExpiryEpochSec: 0}.
2022-10-08 01:32:18,488 [ReplicationMonitor] INFO  replication.ReplicationManager (ReplicationManager.java:processAll(324)) - Replication Monitor Thread took 8 milliseconds for processing 7 containers.
2022-10-08 01:32:18,492 [Command processor thread] INFO  keyvalue.KeyValueContainer (KeyValueContainer.java:close(351)) - Container 6 is closed with bcsId 0.
2022-10-08 01:32:18,508 [Command processor thread] INFO  keyvalue.KeyValueContainer (KeyValueContainer.java:flushAndSyncDB(436)) - Container 4 is synced with bcsId 0.
2022-10-08 01:32:18,510 [Command processor thread] INFO  keyvalue.KeyValueContainer (KeyValueContainer.java:flushAndSyncDB(436)) - Container 4 is synced with bcsId 0.
2022-10-08 01:32:18,518 [Command processor thread] INFO  keyvalue.KeyValueContainer (KeyValueContainer.java:close(351)) - Container 4 is closed with bcsId 0.
2022-10-08 01:32:18,537 [Command processor thread] INFO  keyvalue.KeyValueContainer (KeyValueContainer.java:flushAndSyncDB(436)) - Container 5 is synced with bcsId 0.
2022-10-08 01:32:18,539 [Command processor thread] INFO  keyvalue.KeyValueContainer (KeyValueContainer.java:flushAndSyncDB(436)) - Container 5 is synced with bcsId 0.
2022-10-08 01:32:18,546 [Command processor thread] INFO  keyvalue.KeyValueContainer (KeyValueContainer.java:close(351)) - Container 5 is closed with bcsId 0.
2022-10-08 01:32:18,563 [Command processor thread] INFO  keyvalue.KeyValueContainer (KeyValueContainer.java:flushAndSyncDB(436)) - Container 7 is synced with bcsId 0.
2022-10-08 01:32:18,565 [Command processor thread] INFO  keyvalue.KeyValueContainer (KeyValueContainer.java:flushAndSyncDB(436)) - Container 7 is synced with bcsId 0.
2022-10-08 01:32:18,571 [Command processor thread] INFO  keyvalue.KeyValueContainer (KeyValueContainer.java:close(351)) - Container 7 is closed with bcsId 0.
2022-10-08 01:32:18,975 [EventQueue-DeadNodeForDeadNodeHandler] INFO  node.DeadNodeHandler (DeadNodeHandler.java:onMessage(81)) - A dead datanode is detected. a36237c7-2fce-420b-94d1-439aa558db2d{ip: 10.1.0.61, host: fv-az180-867.g3pwtgv4ffyuhaixmbmm0kyh3d.gx.internal.cloudapp.net, ports: [REPLICATION=41143, RATIS=41927, RATIS_ADMIN=41927, RATIS_SERVER=41927, STANDALONE=41021], networkLocation: /default-rack, certSerialId: null, persistedOpState: IN_SERVICE, persistedOpStateExpiryEpochSec: 0}
2022-10-08 01:32:18,976 [EventQueue-DeadNodeForDeadNodeHandler] INFO  pipeline.RatisPipelineProvider (RatisPipelineProvider.java:lambda$close$1(244)) - Send pipeline:PipelineID=e15aead0-6d2d-4584-81f4-aa94085c93a7 close command to datanode 2a53bf39-8cf9-4e57-9be3-47f141ff45bd
2022-10-08 01:32:18,976 [EventQueue-DeadNodeForDeadNodeHandler] INFO  pipeline.RatisPipelineProvider (RatisPipelineProvider.java:lambda$close$1(244)) - Send pipeline:PipelineID=e15aead0-6d2d-4584-81f4-aa94085c93a7 close command to datanode a36237c7-2fce-420b-94d1-439aa558db2d
2022-10-08 01:32:18,976 [EventQueue-DeadNodeForDeadNodeHandler] INFO  pipeline.RatisPipelineProvider (RatisPipelineProvider.java:lambda$close$1(244)) - Send pipeline:PipelineID=e15aead0-6d2d-4584-81f4-aa94085c93a7 close command to datanode 81ce38e7-b758-4bd0-b008-806a23107e8d
2022-10-08 01:32:18,976 [EventQueue-DeadNodeForDeadNodeHandler] INFO  pipeline.PipelineStateManagerImpl (PipelineStateManagerImpl.java:removePipeline(245)) - Pipeline Pipeline[ Id: e15aead0-6d2d-4584-81f4-aa94085c93a7, Nodes: 2a53bf39-8cf9-4e57-9be3-47f141ff45bd{ip: 10.1.0.61, host: fv-az180-867.g3pwtgv4ffyuhaixmbmm0kyh3d.gx.internal.cloudapp.net, ports: [REPLICATION=38233, RATIS=38913, RATIS_ADMIN=38913, RATIS_SERVER=38913, STANDALONE=39893], networkLocation: /default-rack, certSerialId: null, persistedOpState: IN_SERVICE, persistedOpStateExpiryEpochSec: 0}a36237c7-2fce-420b-94d1-439aa558db2d{ip: 10.1.0.61, host: fv-az180-867.g3pwtgv4ffyuhaixmbmm0kyh3d.gx.internal.cloudapp.net, ports: [REPLICATION=41143, RATIS=41927, RATIS_ADMIN=41927, RATIS_SERVER=41927, STANDALONE=41021], networkLocation: /default-rack, certSerialId: null, persistedOpState: IN_SERVICE, persistedOpStateExpiryEpochSec: 0}81ce38e7-b758-4bd0-b008-806a23107e8d{ip: 10.1.0.61, host: fv-az180-867.g3pwtgv4ffyuhaixmbmm0kyh3d.gx.internal.cloudapp.net, ports: [REPLICATION=46435, RATIS=36667, RATIS_ADMIN=36667, RATIS_SERVER=36667, STANDALONE=41229], networkLocation: /default-rack, certSerialId: null, persistedOpState: IN_SERVICE, persistedOpStateExpiryEpochSec: 0}, ReplicationConfig: RATIS/THREE, State:CLOSED, leaderId:2a53bf39-8cf9-4e57-9be3-47f141ff45bd, CreationTimestamp2022-10-08T01:31:27.911Z[Etc/UTC]] removed.
2022-10-08 01:32:18,976 [EventQueue-DeadNodeForDeadNodeHandler] INFO  pipeline.RatisPipelineProvider (RatisPipelineProvider.java:lambda$close$1(244)) - Send pipeline:PipelineID=4a9dec9a-ccbd-402c-a54d-a8d86c891430 close command to datanode a36237c7-2fce-420b-94d1-439aa558db2d
2022-10-08 01:32:18,976 [EventQueue-DeadNodeForDeadNodeHandler] INFO  pipeline.PipelineStateManagerImpl (PipelineStateManagerImpl.java:removePipeline(245)) - Pipeline Pipeline[ Id: 4a9dec9a-ccbd-402c-a54d-a8d86c891430, Nodes: a36237c7-2fce-420b-94d1-439aa558db2d{ip: 10.1.0.61, host: fv-az180-867.g3pwtgv4ffyuhaixmbmm0kyh3d.gx.internal.cloudapp.net, ports: [REPLICATION=41143, RATIS=41927, RATIS_ADMIN=41927, RATIS_SERVER=41927, STANDALONE=41021], networkLocation: /default-rack, certSerialId: null, persistedOpState: IN_SERVICE, persistedOpStateExpiryEpochSec: 0}, ReplicationConfig: RATIS/ONE, State:CLOSED, leaderId:a36237c7-2fce-420b-94d1-439aa558db2d, CreationTimestamp2022-10-08T01:31:27.533Z[Etc/UTC]] removed.
2022-10-08 01:32:18,977 [EventQueue-DeadNodeForDeadNodeHandler] INFO  pipeline.PipelineStateManagerImpl (PipelineStateManagerImpl.java:removePipeline(245)) - Pipeline Pipeline[ Id: cd8edcf0-2c6f-4469-9228-a5b9743ee58d, Nodes: 81ce38e7-b758-4bd0-b008-806a23107e8d{ip: 10.1.0.61, host: fv-az180-867.g3pwtgv4ffyuhaixmbmm0kyh3d.gx.internal.cloudapp.net, ports: [REPLICATION=46435, RATIS=36667, RATIS_ADMIN=36667, RATIS_SERVER=36667, STANDALONE=41229], networkLocation: /default-rack, certSerialId: null, persistedOpState: null, persistedOpStateExpiryEpochSec: 0}f99fd778-4fae-463c-a039-423a4282d2af{ip: 10.1.0.61, host: fv-az180-867.g3pwtgv4ffyuhaixmbmm0kyh3d.gx.internal.cloudapp.net, ports: [REPLICATION=37713, RATIS=34781, RATIS_ADMIN=34781, RATIS_SERVER=34781, STANDALONE=42411], networkLocation: /default-rack, certSerialId: null, persistedOpState: null, persistedOpStateExpiryEpochSec: 0}2a53bf39-8cf9-4e57-9be3-47f141ff45bd{ip: 10.1.0.61, host: fv-az180-867.g3pwtgv4ffyuhaixmbmm0kyh3d.gx.internal.cloudapp.net, ports: [REPLICATION=38233, RATIS=38913, RATIS_ADMIN=38913, RATIS_SERVER=38913, STANDALONE=39893], networkLocation: /default-rack, certSerialId: null, persistedOpState: null, persistedOpStateExpiryEpochSec: 0}a84413c3-fab5-4bb4-8251-7613d0a65916{ip: 10.1.0.61, host: fv-az180-867.g3pwtgv4ffyuhaixmbmm0kyh3d.gx.internal.cloudapp.net, ports: [REPLICATION=38079, RATIS=34151, RATIS_ADMIN=34151, RATIS_SERVER=34151, STANDALONE=33593], networkLocation: /default-rack, certSerialId: null, persistedOpState: null, persistedOpStateExpiryEpochSec: 0}a36237c7-2fce-420b-94d1-439aa558db2d{ip: 10.1.0.61, host: fv-az180-867.g3pwtgv4ffyuhaixmbmm0kyh3d.gx.internal.cloudapp.net, ports: [REPLICATION=41143, RATIS=41927, RATIS_ADMIN=41927, RATIS_SERVER=41927, STANDALONE=41021], networkLocation: /default-rack, certSerialId: null, persistedOpState: null, persistedOpStateExpiryEpochSec: 0}, ReplicationConfig: EC/ECReplicationConfig{data=3, parity=2, ecChunkSize=1048576, codec=rs}, State:CLOSED, leaderId:, CreationTimestamp2022-10-08T01:32:06.468Z[Etc/UTC]] removed.
2022-10-08 01:32:18,977 [EventQueue-DeadNodeForDeadNodeHandler] INFO  pipeline.PipelineStateManagerImpl (PipelineStateManagerImpl.java:removePipeline(245)) - Pipeline Pipeline[ Id: c98ca579-e2fa-401a-87e1-4d67d7196fa6, Nodes: a84413c3-fab5-4bb4-8251-7613d0a65916{ip: 10.1.0.61, host: fv-az180-867.g3pwtgv4ffyuhaixmbmm0kyh3d.gx.internal.cloudapp.net, ports: [REPLICATION=38079, RATIS=34151, RATIS_ADMIN=34151, RATIS_SERVER=34151, STANDALONE=33593], networkLocation: /default-rack, certSerialId: null, persistedOpState: null, persistedOpStateExpiryEpochSec: 0}a36237c7-2fce-420b-94d1-439aa558db2d{ip: 10.1.0.61, host: fv-az180-867.g3pwtgv4ffyuhaixmbmm0kyh3d.gx.internal.cloudapp.net, ports: [REPLICATION=41143, RATIS=41927, RATIS_ADMIN=41927, RATIS_SERVER=41927, STANDALONE=41021], networkLocation: /default-rack, certSerialId: null, persistedOpState: null, persistedOpStateExpiryEpochSec: 0}f99fd778-4fae-463c-a039-423a4282d2af{ip: 10.1.0.61, host: fv-az180-867.g3pwtgv4ffyuhaixmbmm0kyh3d.gx.internal.cloudapp.net, ports: [REPLICATION=37713, RATIS=34781, RATIS_ADMIN=34781, RATIS_SERVER=34781, STANDALONE=42411], networkLocation: /default-rack, certSerialId: null, persistedOpState: null, persistedOpStateExpiryEpochSec: 0}2a53bf39-8cf9-4e57-9be3-47f141ff45bd{ip: 10.1.0.61, host: fv-az180-867.g3pwtgv4ffyuhaixmbmm0kyh3d.gx.internal.cloudapp.net, ports: [REPLICATION=38233, RATIS=38913, RATIS_ADMIN=38913, RATIS_SERVER=38913, STANDALONE=39893], networkLocation: /default-rack, certSerialId: null, persistedOpState: null, persistedOpStateExpiryEpochSec: 0}81ce38e7-b758-4bd0-b008-806a23107e8d{ip: 10.1.0.61, host: fv-az180-867.g3pwtgv4ffyuhaixmbmm0kyh3d.gx.internal.cloudapp.net, ports: [REPLICATION=46435, RATIS=36667, RATIS_ADMIN=36667, RATIS_SERVER=36667, STANDALONE=41229], networkLocation: /default-rack, certSerialId: null, persistedOpState: null, persistedOpStateExpiryEpochSec: 0}, ReplicationConfig: EC/ECReplicationConfig{data=3, parity=2, ecChunkSize=1048576, codec=rs}, State:CLOSED, leaderId:, CreationTimestamp2022-10-08T01:32:04.754Z[Etc/UTC]] removed.
2022-10-08 01:32:18,977 [EventQueue-DeadNodeForDeadNodeHandler] INFO  pipeline.PipelineStateManagerImpl (PipelineStateManagerImpl.java:removePipeline(245)) - Pipeline Pipeline[ Id: 3477fcf3-1aa2-4d77-bac3-8d5767c7930c, Nodes: f99fd778-4fae-463c-a039-423a4282d2af{ip: 10.1.0.61, host: fv-az180-867.g3pwtgv4ffyuhaixmbmm0kyh3d.gx.internal.cloudapp.net, ports: [REPLICATION=37713, RATIS=34781, RATIS_ADMIN=34781, RATIS_SERVER=34781, STANDALONE=42411], networkLocation: /default-rack, certSerialId: null, persistedOpState: null, persistedOpStateExpiryEpochSec: 0}81ce38e7-b758-4bd0-b008-806a23107e8d{ip: 10.1.0.61, host: fv-az180-867.g3pwtgv4ffyuhaixmbmm0kyh3d.gx.internal.cloudapp.net, ports: [REPLICATION=46435, RATIS=36667, RATIS_ADMIN=36667, RATIS_SERVER=36667, STANDALONE=41229], networkLocation: /default-rack, certSerialId: null, persistedOpState: null, persistedOpStateExpiryEpochSec: 0}2a53bf39-8cf9-4e57-9be3-47f141ff45bd{ip: 10.1.0.61, host: fv-az180-867.g3pwtgv4ffyuhaixmbmm0kyh3d.gx.internal.cloudapp.net, ports: [REPLICATION=38233, RATIS=38913, RATIS_ADMIN=38913, RATIS_SERVER=38913, STANDALONE=39893], networkLocation: /default-rack, certSerialId: null, persistedOpState: null, persistedOpStateExpiryEpochSec: 0}a36237c7-2fce-420b-94d1-439aa558db2d{ip: 10.1.0.61, host: fv-az180-867.g3pwtgv4ffyuhaixmbmm0kyh3d.gx.internal.cloudapp.net, ports: [REPLICATION=41143, RATIS=41927, RATIS_ADMIN=41927, RATIS_SERVER=41927, STANDALONE=41021], networkLocation: /default-rack, certSerialId: null, persistedOpState: null, persistedOpStateExpiryEpochSec: 0}a84413c3-fab5-4bb4-8251-7613d0a65916{ip: 10.1.0.61, host: fv-az180-867.g3pwtgv4ffyuhaixmbmm0kyh3d.gx.internal.cloudapp.net, ports: [REPLICATION=38079, RATIS=34151, RATIS_ADMIN=34151, RATIS_SERVER=34151, STANDALONE=33593], networkLocation: /default-rack, certSerialId: null, persistedOpState: null, persistedOpStateExpiryEpochSec: 0}, ReplicationConfig: EC/ECReplicationConfig{data=3, parity=2, ecChunkSize=1048576, codec=rs}, State:CLOSED, leaderId:, CreationTimestamp2022-10-08T01:32:05.845Z[Etc/UTC]] removed.
2022-10-08 01:32:18,977 [EventQueue-DeadNodeForDeadNodeHandler] INFO  pipeline.PipelineStateManagerImpl (PipelineStateManagerImpl.java:removePipeline(245)) - Pipeline Pipeline[ Id: 0547ce45-b9fe-41fc-8eef-bd2c24c293fe, Nodes: a84413c3-fab5-4bb4-8251-7613d0a65916{ip: 10.1.0.61, host: fv-az180-867.g3pwtgv4ffyuhaixmbmm0kyh3d.gx.internal.cloudapp.net, ports: [REPLICATION=38079, RATIS=34151, RATIS_ADMIN=34151, RATIS_SERVER=34151, STANDALONE=33593], networkLocation: /default-rack, certSerialId: null, persistedOpState: null, persistedOpStateExpiryEpochSec: 0}a36237c7-2fce-420b-94d1-439aa558db2d{ip: 10.1.0.61, host: fv-az180-867.g3pwtgv4ffyuhaixmbmm0kyh3d.gx.internal.cloudapp.net, ports: [REPLICATION=41143, RATIS=41927, RATIS_ADMIN=41927, RATIS_SERVER=41927, STANDALONE=41021], networkLocation: /default-rack, certSerialId: null, persistedOpState: null, persistedOpStateExpiryEpochSec: 0}81ce38e7-b758-4bd0-b008-806a23107e8d{ip: 10.1.0.61, host: fv-az180-867.g3pwtgv4ffyuhaixmbmm0kyh3d.gx.internal.cloudapp.net, ports: [REPLICATION=46435, RATIS=36667, RATIS_ADMIN=36667, RATIS_SERVER=36667, STANDALONE=41229], networkLocation: /default-rack, certSerialId: null, persistedOpState: null, persistedOpStateExpiryEpochSec: 0}f99fd778-4fae-463c-a039-423a4282d2af{ip: 10.1.0.61, host: fv-az180-867.g3pwtgv4ffyuhaixmbmm0kyh3d.gx.internal.cloudapp.net, ports: [REPLICATION=37713, RATIS=34781, RATIS_ADMIN=34781, RATIS_SERVER=34781, STANDALONE=42411], networkLocation: /default-rack, certSerialId: null, persistedOpState: null, persistedOpStateExpiryEpochSec: 0}2a53bf39-8cf9-4e57-9be3-47f141ff45bd{ip: 10.1.0.61, host: fv-az180-867.g3pwtgv4ffyuhaixmbmm0kyh3d.gx.internal.cloudapp.net, ports: [REPLICATION=38233, RATIS=38913, RATIS_ADMIN=38913, RATIS_SERVER=38913, STANDALONE=39893], networkLocation: /default-rack, certSerialId: null, persistedOpState: null, persistedOpStateExpiryEpochSec: 0}, ReplicationConfig: EC/ECReplicationConfig{data=3, parity=2, ecChunkSize=1048576, codec=rs}, State:CLOSED, leaderId:, CreationTimestamp2022-10-08T01:32:07.030Z[Etc/UTC]] removed.
2022-10-08 01:32:18,978 [EventQueue-DeadNodeForDeadNodeHandler] INFO  net.NetworkTopologyImpl (NetworkTopologyImpl.java:remove(190)) - Removed a node: /default-rack/a36237c7-2fce-420b-94d1-439aa558db2d
2022-10-08 01:32:18,978 [EventQueue-DeadNodeForDeadNodeHandler] INFO  node.DeadNodeHandler (DeadNodeHandler.java:onMessage(81)) - A dead datanode is detected. 81ce38e7-b758-4bd0-b008-806a23107e8d{ip: 10.1.0.61, host: fv-az180-867.g3pwtgv4ffyuhaixmbmm0kyh3d.gx.internal.cloudapp.net, ports: [REPLICATION=46435, RATIS=36667, RATIS_ADMIN=36667, RATIS_SERVER=36667, STANDALONE=41229], networkLocation: /default-rack, certSerialId: null, persistedOpState: IN_SERVICE, persistedOpStateExpiryEpochSec: 0}
2022-10-08 01:32:18,978 [EventQueue-DeadNodeForDeadNodeHandler] INFO  pipeline.RatisPipelineProvider (RatisPipelineProvider.java:lambda$close$1(244)) - Send pipeline:PipelineID=666bd1c7-3c83-4c38-a9f8-87763699cc80 close command to datanode 81ce38e7-b758-4bd0-b008-806a23107e8d
2022-10-08 01:32:18,978 [EventQueue-DeadNodeForDeadNodeHandler] INFO  pipeline.PipelineStateManagerImpl (PipelineStateManagerImpl.java:removePipeline(245)) - Pipeline Pipeline[ Id: 666bd1c7-3c83-4c38-a9f8-87763699cc80, Nodes: 81ce38e7-b758-4bd0-b008-806a23107e8d{ip: 10.1.0.61, host: fv-az180-867.g3pwtgv4ffyuhaixmbmm0kyh3d.gx.internal.cloudapp.net, ports: [REPLICATION=46435, RATIS=36667, RATIS_ADMIN=36667, RATIS_SERVER=36667, STANDALONE=41229], networkLocation: /default-rack, certSerialId: null, persistedOpState: IN_SERVICE, persistedOpStateExpiryEpochSec: 0}, ReplicationConfig: RATIS/ONE, State:CLOSED, leaderId:81ce38e7-b758-4bd0-b008-806a23107e8d, CreationTimestamp2022-10-08T01:31:27.908Z[Etc/UTC]] removed.
2022-10-08 01:32:18,979 [EventQueue-DeadNodeForDeadNodeHandler] INFO  net.NetworkTopologyImpl (NetworkTopologyImpl.java:remove(190)) - Removed a node: /default-rack/81ce38e7-b758-4bd0-b008-806a23107e8d
2022-10-08 01:32:19,490 [ReplicationMonitor] INFO  replication.LegacyReplicationManager (LegacyReplicationManager.java:handleUnderReplicatedContainer(1195)) - Container #1 is under replicated. Expected replica count is 3, but found 1.
2022-10-08 01:32:19,491 [ReplicationMonitor] INFO  replication.LegacyReplicationManager (LegacyReplicationManager.java:sendReplicateCommand(1559)) - Sending replicate container command for container #1 to datanode a84413c3-fab5-4bb4-8251-7613d0a65916{ip: 10.1.0.61, host: fv-az180-867.g3pwtgv4ffyuhaixmbmm0kyh3d.gx.internal.cloudapp.net, ports: [REPLICATION=38079, RATIS=34151, RATIS_ADMIN=34151, RATIS_SERVER=34151, STANDALONE=33593], networkLocation: /default-rack, certSerialId: null, persistedOpState: IN_SERVICE, persistedOpStateExpiryEpochSec: 0} from datanodes [2a53bf39-8cf9-4e57-9be3-47f141ff45bd{ip: 10.1.0.61, host: fv-az180-867.g3pwtgv4ffyuhaixmbmm0kyh3d.gx.internal.cloudapp.net, ports: [REPLICATION=38233, RATIS=38913, RATIS_ADMIN=38913, RATIS_SERVER=38913, STANDALONE=39893], networkLocation: /default-rack, certSerialId: null, persistedOpState: IN_SERVICE, persistedOpStateExpiryEpochSec: 0}]
2022-10-08 01:32:19,491 [ReplicationMonitor] INFO  replication.LegacyReplicationManager (LegacyReplicationManager.java:sendReplicateCommand(1559)) - Sending replicate container command for container #1 to datanode f99fd778-4fae-463c-a039-423a4282d2af{ip: 10.1.0.61, host: fv-az180-867.g3pwtgv4ffyuhaixmbmm0kyh3d.gx.internal.cloudapp.net, ports: [REPLICATION=37713, RATIS=34781, RATIS_ADMIN=34781, RATIS_SERVER=34781, STANDALONE=42411], networkLocation: /default-rack, certSerialId: null, persistedOpState: IN_SERVICE, persistedOpStateExpiryEpochSec: 0} from datanodes [2a53bf39-8cf9-4e57-9be3-47f141ff45bd{ip: 10.1.0.61, host: fv-az180-867.g3pwtgv4ffyuhaixmbmm0kyh3d.gx.internal.cloudapp.net, ports: [REPLICATION=38233, RATIS=38913, RATIS_ADMIN=38913, RATIS_SERVER=38913, STANDALONE=39893], networkLocation: /default-rack, certSerialId: null, persistedOpState: IN_SERVICE, persistedOpStateExpiryEpochSec: 0}]
2022-10-08 01:32:19,492 [ReplicationMonitor] INFO  replication.LegacyReplicationManager (LegacyReplicationManager.java:handleUnderReplicatedContainer(1195)) - Container #2 is under replicated. Expected replica count is 3, but found 1.
2022-10-08 01:32:19,492 [ReplicationMonitor] INFO  replication.LegacyReplicationManager (LegacyReplicationManager.java:sendReplicateCommand(1559)) - Sending replicate container command for container #2 to datanode a84413c3-fab5-4bb4-8251-7613d0a65916{ip: 10.1.0.61, host: fv-az180-867.g3pwtgv4ffyuhaixmbmm0kyh3d.gx.internal.cloudapp.net, ports: [REPLICATION=38079, RATIS=34151, RATIS_ADMIN=34151, RATIS_SERVER=34151, STANDALONE=33593], networkLocation: /default-rack, certSerialId: null, persistedOpState: IN_SERVICE, persistedOpStateExpiryEpochSec: 0} from datanodes [2a53bf39-8cf9-4e57-9be3-47f141ff45bd{ip: 10.1.0.61, host: fv-az180-867.g3pwtgv4ffyuhaixmbmm0kyh3d.gx.internal.cloudapp.net, ports: [REPLICATION=38233, RATIS=38913, RATIS_ADMIN=38913, RATIS_SERVER=38913, STANDALONE=39893], networkLocation: /default-rack, certSerialId: null, persistedOpState: IN_SERVICE, persistedOpStateExpiryEpochSec: 0}]
2022-10-08 01:32:19,492 [ReplicationMonitor] INFO  replication.LegacyReplicationManager (LegacyReplicationManager.java:sendReplicateCommand(1559)) - Sending replicate container command for container #2 to datanode f99fd778-4fae-463c-a039-423a4282d2af{ip: 10.1.0.61, host: fv-az180-867.g3pwtgv4ffyuhaixmbmm0kyh3d.gx.internal.cloudapp.net, ports: [REPLICATION=37713, RATIS=34781, RATIS_ADMIN=34781, RATIS_SERVER=34781, STANDALONE=42411], networkLocation: /default-rack, certSerialId: null, persistedOpState: IN_SERVICE, persistedOpStateExpiryEpochSec: 0} from datanodes [2a53bf39-8cf9-4e57-9be3-47f141ff45bd{ip: 10.1.0.61, host: fv-az180-867.g3pwtgv4ffyuhaixmbmm0kyh3d.gx.internal.cloudapp.net, ports: [REPLICATION=38233, RATIS=38913, RATIS_ADMIN=38913, RATIS_SERVER=38913, STANDALONE=39893], networkLocation: /default-rack, certSerialId: null, persistedOpState: IN_SERVICE, persistedOpStateExpiryEpochSec: 0}]
2022-10-08 01:32:19,492 [ReplicationMonitor] INFO  replication.LegacyReplicationManager (LegacyReplicationManager.java:handleUnderReplicatedContainer(1195)) - Container #3 is under replicated. Expected replica count is 3, but found 1.
2022-10-08 01:32:19,492 [ReplicationMonitor] INFO  replication.LegacyReplicationManager (LegacyReplicationManager.java:sendReplicateCommand(1559)) - Sending replicate container command for container #3 to datanode a84413c3-fab5-4bb4-8251-7613d0a65916{ip: 10.1.0.61, host: fv-az180-867.g3pwtgv4ffyuhaixmbmm0kyh3d.gx.internal.cloudapp.net, ports: [REPLICATION=38079, RATIS=34151, RATIS_ADMIN=34151, RATIS_SERVER=34151, STANDALONE=33593], networkLocation: /default-rack, certSerialId: null, persistedOpState: IN_SERVICE, persistedOpStateExpiryEpochSec: 0} from datanodes [2a53bf39-8cf9-4e57-9be3-47f141ff45bd{ip: 10.1.0.61, host: fv-az180-867.g3pwtgv4ffyuhaixmbmm0kyh3d.gx.internal.cloudapp.net, ports: [REPLICATION=38233, RATIS=38913, RATIS_ADMIN=38913, RATIS_SERVER=38913, STANDALONE=39893], networkLocation: /default-rack, certSerialId: null, persistedOpState: IN_SERVICE, persistedOpStateExpiryEpochSec: 0}]
2022-10-08 01:32:19,492 [ReplicationMonitor] INFO  replication.LegacyReplicationManager (LegacyReplicationManager.java:sendReplicateCommand(1559)) - Sending replicate container command for container #3 to datanode f99fd778-4fae-463c-a039-423a4282d2af{ip: 10.1.0.61, host: fv-az180-867.g3pwtgv4ffyuhaixmbmm0kyh3d.gx.internal.cloudapp.net, ports: [REPLICATION=37713, RATIS=34781, RATIS_ADMIN=34781, RATIS_SERVER=34781, STANDALONE=42411], networkLocation: /default-rack, certSerialId: null, persistedOpState: IN_SERVICE, persistedOpStateExpiryEpochSec: 0} from datanodes [2a53bf39-8cf9-4e57-9be3-47f141ff45bd{ip: 10.1.0.61, host: fv-az180-867.g3pwtgv4ffyuhaixmbmm0kyh3d.gx.internal.cloudapp.net, ports: [REPLICATION=38233, RATIS=38913, RATIS_ADMIN=38913, RATIS_SERVER=38913, STANDALONE=39893], networkLocation: /default-rack, certSerialId: null, persistedOpState: IN_SERVICE, persistedOpStateExpiryEpochSec: 0}]
2022-10-08 01:32:19,495 [ReplicationMonitor] INFO  replication.ReplicationManager (ReplicationManager.java:processAll(324)) - Replication Monitor Thread took 6 milliseconds for processing 7 containers.
2022-10-08 01:32:20,122 [grpc-default-executor-4] WARN  server.GrpcLogAppender (LogUtils.java:warn(122)) - 2a53bf39-8cf9-4e57-9be3-47f141ff45bd@group-AA94085C93A7->81ce38e7-b758-4bd0-b008-806a23107e8d-AppendLogResponseHandler: Failed appendEntries: org.apache.ratis.thirdparty.io.grpc.StatusRuntimeException: UNAVAILABLE: io exception
2022-10-08 01:32:20,123 [grpc-default-executor-4] INFO  leader.FollowerInfo (FollowerInfoImpl.java:lambda$new$0(48)) - 2a53bf39-8cf9-4e57-9be3-47f141ff45bd@group-AA94085C93A7->81ce38e7-b758-4bd0-b008-806a23107e8d: nextIndex: updateUnconditionally 269 -> 268
2022-10-08 01:32:20,123 [grpc-default-executor-5] WARN  server.GrpcLogAppender (LogUtils.java:warn(122)) - 2a53bf39-8cf9-4e57-9be3-47f141ff45bd@group-AA94085C93A7->a36237c7-2fce-420b-94d1-439aa558db2d-AppendLogResponseHandler: Failed appendEntries: org.apache.ratis.thirdparty.io.grpc.StatusRuntimeException: UNAVAILABLE: io exception
2022-10-08 01:32:20,124 [grpc-default-executor-5] INFO  leader.FollowerInfo (FollowerInfoImpl.java:lambda$new$0(48)) - 2a53bf39-8cf9-4e57-9be3-47f141ff45bd@group-AA94085C93A7->a36237c7-2fce-420b-94d1-439aa558db2d: nextIndex: updateUnconditionally 269 -> 268
2022-10-08 01:32:20,440 [ForkJoinPool.commonPool-worker-1] INFO  utils.BackgroundService (BackgroundService.java:shutdown(141)) - Shutting down service BlockDeletingService
2022-10-08 01:32:20,441 [Listener at 127.0.0.1/46853] INFO  utils.BackgroundService (BackgroundService.java:shutdown(141)) - Shutting down service BlockDeletingService
2022-10-08 01:32:20,441 [Listener at 127.0.0.1/46853] INFO  utils.BackgroundService (BackgroundService.java:shutdown(141)) - Shutting down service StaleRecoveringContainerScrubbingService
2022-10-08 01:32:20,441 [ForkJoinPool.commonPool-worker-1] INFO  utils.BackgroundService (BackgroundService.java:shutdown(141)) - Shutting down service StaleRecoveringContainerScrubbingService
2022-10-08 01:32:20,496 [ReplicationMonitor] INFO  replication.ReplicationManager (ReplicationManager.java:processAll(324)) - Replication Monitor Thread took 1 milliseconds for processing 7 containers.
2022-10-08 01:32:20,577 [ContainerReplicationThread-0] INFO  replication.DownloadAndImportReplicator (DownloadAndImportReplicator.java:replicate(105)) - Starting replication of container 1 from [2a53bf39-8cf9-4e57-9be3-47f141ff45bd{ip: 10.1.0.61, host: fv-az180-867.g3pwtgv4ffyuhaixmbmm0kyh3d.gx.internal.cloudapp.net, ports: [REPLICATION=38233, RATIS=38913, RATIS_ADMIN=38913, RATIS_SERVER=38913, STANDALONE=39893], networkLocation: /default-rack, certSerialId: null, persistedOpState: IN_SERVICE, persistedOpStateExpiryEpochSec: 0}]
2022-10-08 01:32:20,584 [ContainerReplicationThread-1] INFO  replication.DownloadAndImportReplicator (DownloadAndImportReplicator.java:replicate(105)) - Starting replication of container 2 from [2a53bf39-8cf9-4e57-9be3-47f141ff45bd{ip: 10.1.0.61, host: fv-az180-867.g3pwtgv4ffyuhaixmbmm0kyh3d.gx.internal.cloudapp.net, ports: [REPLICATION=38233, RATIS=38913, RATIS_ADMIN=38913, RATIS_SERVER=38913, STANDALONE=39893], networkLocation: /default-rack, certSerialId: null, persistedOpState: IN_SERVICE, persistedOpStateExpiryEpochSec: 0}]
2022-10-08 01:32:20,601 [grpc-default-executor-4] INFO  replication.GrpcReplicationService (GrpcReplicationService.java:download(52)) - Streaming container data (2) to other datanode
2022-10-08 01:32:20,602 [ContainerReplicationThread-2] INFO  replication.DownloadAndImportReplicator (DownloadAndImportReplicator.java:replicate(105)) - Starting replication of container 3 from [2a53bf39-8cf9-4e57-9be3-47f141ff45bd{ip: 10.1.0.61, host: fv-az180-867.g3pwtgv4ffyuhaixmbmm0kyh3d.gx.internal.cloudapp.net, ports: [REPLICATION=38233, RATIS=38913, RATIS_ADMIN=38913, RATIS_SERVER=38913, STANDALONE=39893], networkLocation: /default-rack, certSerialId: null, persistedOpState: IN_SERVICE, persistedOpStateExpiryEpochSec: 0}]
2022-10-08 01:32:20,616 [grpc-default-executor-6] INFO  replication.GrpcReplicationService (GrpcReplicationService.java:download(52)) - Streaming container data (1) to other datanode
2022-10-08 01:32:20,626 [grpc-default-executor-5] INFO  replication.GrpcReplicationService (GrpcReplicationService.java:download(52)) - Streaming container data (3) to other datanode
2022-10-08 01:32:21,373 [grpc-default-executor-1] WARN  server.GrpcLogAppender (LogUtils.java:warn(122)) - 2a53bf39-8cf9-4e57-9be3-47f141ff45bd@group-AA94085C93A7->81ce38e7-b758-4bd0-b008-806a23107e8d-AppendLogResponseHandler: Failed appendEntries: org.apache.ratis.thirdparty.io.grpc.StatusRuntimeException: UNAVAILABLE: io exception
2022-10-08 01:32:21,373 [grpc-default-executor-3] WARN  server.GrpcLogAppender (LogUtils.java:warn(122)) - 2a53bf39-8cf9-4e57-9be3-47f141ff45bd@group-AA94085C93A7->a36237c7-2fce-420b-94d1-439aa558db2d-AppendLogResponseHandler: Failed appendEntries: org.apache.ratis.thirdparty.io.grpc.StatusRuntimeException: UNAVAILABLE: io exception
2022-10-08 01:32:21,373 [grpc-default-executor-1] INFO  leader.FollowerInfo (FollowerInfoImpl.java:lambda$new$0(48)) - 2a53bf39-8cf9-4e57-9be3-47f141ff45bd@group-AA94085C93A7->81ce38e7-b758-4bd0-b008-806a23107e8d: nextIndex: updateUnconditionally 269 -> 268
2022-10-08 01:32:21,374 [grpc-default-executor-3] INFO  leader.FollowerInfo (FollowerInfoImpl.java:lambda$new$0(48)) - 2a53bf39-8cf9-4e57-9be3-47f141ff45bd@group-AA94085C93A7->a36237c7-2fce-420b-94d1-439aa558db2d: nextIndex: updateUnconditionally 269 -> 268
2022-10-08 01:32:21,497 [ReplicationMonitor] INFO  replication.ReplicationManager (ReplicationManager.java:processAll(324)) - Replication Monitor Thread took 0 milliseconds for processing 7 containers.
2022-10-08 01:32:21,700 [ContainerReplicationThread-0] INFO  replication.DownloadAndImportReplicator (DownloadAndImportReplicator.java:replicate(105)) - Starting replication of container 1 from [2a53bf39-8cf9-4e57-9be3-47f141ff45bd{ip: 10.1.0.61, host: fv-az180-867.g3pwtgv4ffyuhaixmbmm0kyh3d.gx.internal.cloudapp.net, ports: [REPLICATION=38233, RATIS=38913, RATIS_ADMIN=38913, RATIS_SERVER=38913, STANDALONE=39893], networkLocation: /default-rack, certSerialId: null, persistedOpState: IN_SERVICE, persistedOpStateExpiryEpochSec: 0}]
2022-10-08 01:32:21,702 [ContainerReplicationThread-1] INFO  replication.DownloadAndImportReplicator (DownloadAndImportReplicator.java:replicate(105)) - Starting replication of container 2 from [2a53bf39-8cf9-4e57-9be3-47f141ff45bd{ip: 10.1.0.61, host: fv-az180-867.g3pwtgv4ffyuhaixmbmm0kyh3d.gx.internal.cloudapp.net, ports: [REPLICATION=38233, RATIS=38913, RATIS_ADMIN=38913, RATIS_SERVER=38913, STANDALONE=39893], networkLocation: /default-rack, certSerialId: null, persistedOpState: IN_SERVICE, persistedOpStateExpiryEpochSec: 0}]
2022-10-08 01:32:21,714 [grpc-default-executor-1] INFO  replication.GrpcReplicationService (GrpcReplicationService.java:download(52)) - Streaming container data (1) to other datanode
2022-10-08 01:32:21,717 [grpc-default-executor-3] INFO  replication.GrpcReplicationService (GrpcReplicationService.java:download(52)) - Streaming container data (2) to other datanode
2022-10-08 01:32:21,720 [ContainerReplicationThread-2] INFO  replication.DownloadAndImportReplicator (DownloadAndImportReplicator.java:replicate(105)) - Starting replication of container 3 from [2a53bf39-8cf9-4e57-9be3-47f141ff45bd{ip: 10.1.0.61, host: fv-az180-867.g3pwtgv4ffyuhaixmbmm0kyh3d.gx.internal.cloudapp.net, ports: [REPLICATION=38233, RATIS=38913, RATIS_ADMIN=38913, RATIS_SERVER=38913, STANDALONE=39893], networkLocation: /default-rack, certSerialId: null, persistedOpState: IN_SERVICE, persistedOpStateExpiryEpochSec: 0}]
2022-10-08 01:32:21,726 [grpc-default-executor-2] INFO  replication.GrpcReplicationService (GrpcReplicationService.java:download(52)) - Streaming container data (3) to other datanode
2022-10-08 01:32:21,776 [Command processor thread] INFO  server.RaftServer (RaftServerProxy.java:remove(107)) - 2a53bf39-8cf9-4e57-9be3-47f141ff45bd: remove    LEADER 2a53bf39-8cf9-4e57-9be3-47f141ff45bd@group-AA94085C93A7:t1, leader=2a53bf39-8cf9-4e57-9be3-47f141ff45bd, voted=2a53bf39-8cf9-4e57-9be3-47f141ff45bd, raftlog=2a53bf39-8cf9-4e57-9be3-47f141ff45bd@group-AA94085C93A7-SegmentedRaftLog:OPENED:c268, conf=0: [2a53bf39-8cf9-4e57-9be3-47f141ff45bd|rpc:10.1.0.61:38913|dataStream:|priority:1, a36237c7-2fce-420b-94d1-439aa558db2d|rpc:10.1.0.61:41927|dataStream:|priority:0, 81ce38e7-b758-4bd0-b008-806a23107e8d|rpc:10.1.0.61:36667|dataStream:|priority:0], old=null RUNNING
2022-10-08 01:32:21,777 [Command processor thread] INFO  server.RaftServer$Division (RaftServerImpl.java:lambda$close$4(434)) - 2a53bf39-8cf9-4e57-9be3-47f141ff45bd@group-AA94085C93A7: shutdown
2022-10-08 01:32:21,777 [Command processor thread] INFO  util.JmxRegister (JmxRegister.java:unregister(73)) - Successfully un-registered JMX Bean with object name Ratis:service=RaftServer,group=group-AA94085C93A7,id=2a53bf39-8cf9-4e57-9be3-47f141ff45bd
2022-10-08 01:32:21,777 [Command processor thread] INFO  impl.RoleInfo (RoleInfo.java:shutdownLeaderState(93)) - 2a53bf39-8cf9-4e57-9be3-47f141ff45bd: shutdown 2a53bf39-8cf9-4e57-9be3-47f141ff45bd@group-AA94085C93A7-LeaderStateImpl
2022-10-08 01:32:21,780 [Command processor thread] INFO  impl.PendingRequests (PendingRequests.java:sendNotLeaderResponses(282)) - 2a53bf39-8cf9-4e57-9be3-47f141ff45bd@group-AA94085C93A7-PendingRequests: sendNotLeaderResponses
2022-10-08 01:32:21,781 [2a53bf39-8cf9-4e57-9be3-47f141ff45bd@group-AA94085C93A7->a36237c7-2fce-420b-94d1-439aa558db2d-GrpcLogAppender-LogAppenderDaemon] WARN  server.GrpcLogAppender (GrpcLogAppender.java:mayWait(171)) - 2a53bf39-8cf9-4e57-9be3-47f141ff45bd@group-AA94085C93A7->a36237c7-2fce-420b-94d1-439aa558db2d-GrpcLogAppender: Wait interrupted by java.lang.InterruptedException
2022-10-08 01:32:21,781 [2a53bf39-8cf9-4e57-9be3-47f141ff45bd@group-AA94085C93A7->81ce38e7-b758-4bd0-b008-806a23107e8d-GrpcLogAppender-LogAppenderDaemon] WARN  server.GrpcLogAppender (GrpcLogAppender.java:mayWait(171)) - 2a53bf39-8cf9-4e57-9be3-47f141ff45bd@group-AA94085C93A7->81ce38e7-b758-4bd0-b008-806a23107e8d-GrpcLogAppender: Wait interrupted by java.lang.InterruptedException
2022-10-08 01:32:21,784 [Command processor thread] INFO  impl.StateMachineUpdater (StateMachineUpdater.java:stopAndJoin(153)) - 2a53bf39-8cf9-4e57-9be3-47f141ff45bd@group-AA94085C93A7-StateMachineUpdater: set stopIndex = 268
2022-10-08 01:32:21,785 [2a53bf39-8cf9-4e57-9be3-47f141ff45bd@group-AA94085C93A7-StateMachineUpdater] INFO  ratis.ContainerStateMachine (ContainerStateMachine.java:takeSnapshot(304)) - group-AA94085C93A7: Taking a snapshot at:(t:1, i:268) file /home/runner/work/ozone/ozone/hadoop-ozone/integration-test/target/test-dir/MiniOzoneClusterImpl-c72639db-50b4-484a-b3ab-3c380931c8c6/datanode-0/data/ratis/e15aead0-6d2d-4584-81f4-aa94085c93a7/sm/snapshot.1_268
2022-10-08 01:32:21,793 [2a53bf39-8cf9-4e57-9be3-47f141ff45bd@group-AA94085C93A7-StateMachineUpdater] INFO  ratis.ContainerStateMachine (ContainerStateMachine.java:takeSnapshot(315)) - group-AA94085C93A7: Finished taking a snapshot at:(t:1, i:268) file:/home/runner/work/ozone/ozone/hadoop-ozone/integration-test/target/test-dir/MiniOzoneClusterImpl-c72639db-50b4-484a-b3ab-3c380931c8c6/datanode-0/data/ratis/e15aead0-6d2d-4584-81f4-aa94085c93a7/sm/snapshot.1_268 took: 7 ms
2022-10-08 01:32:21,793 [2a53bf39-8cf9-4e57-9be3-47f141ff45bd@group-AA94085C93A7-StateMachineUpdater] INFO  impl.StateMachineUpdater (StateMachineUpdater.java:takeSnapshot(287)) - 2a53bf39-8cf9-4e57-9be3-47f141ff45bd@group-AA94085C93A7-StateMachineUpdater: Took a snapshot at index 268
2022-10-08 01:32:21,793 [2a53bf39-8cf9-4e57-9be3-47f141ff45bd@group-AA94085C93A7-StateMachineUpdater] INFO  impl.StateMachineUpdater (StateMachineUpdater.java:lambda$new$0(92)) - 2a53bf39-8cf9-4e57-9be3-47f141ff45bd@group-AA94085C93A7-StateMachineUpdater: snapshotIndex: updateIncreasingly -1 -> 268
2022-10-08 01:32:21,794 [Command processor thread] INFO  server.RaftServer$Division (ServerState.java:close(429)) - 2a53bf39-8cf9-4e57-9be3-47f141ff45bd@group-AA94085C93A7: closes. applyIndex: 268
2022-10-08 01:32:21,794 [2a53bf39-8cf9-4e57-9be3-47f141ff45bd@group-AA94085C93A7-SegmentedRaftLogWorker] INFO  segmented.SegmentedRaftLogWorker (SegmentedRaftLogWorker.java:run(336)) - 2a53bf39-8cf9-4e57-9be3-47f141ff45bd@group-AA94085C93A7-SegmentedRaftLogWorker was interrupted, exiting. There are 0 tasks remaining in the queue.
2022-10-08 01:32:21,794 [Command processor thread] INFO  segmented.SegmentedRaftLogWorker (SegmentedRaftLogWorker.java:close(246)) - 2a53bf39-8cf9-4e57-9be3-47f141ff45bd@group-AA94085C93A7-SegmentedRaftLogWorker close()
2022-10-08 01:32:22,498 [ReplicationMonitor] INFO  replication.ReplicationManager (ReplicationManager.java:processAll(324)) - Replication Monitor Thread took 0 milliseconds for processing 7 containers.
2022-10-08 01:32:22,809 [grpc-default-executor-5] INFO  replication.GrpcOutputStream (GrpcOutputStream.java:close(104)) - Sent 18903096 bytes for container 3
2022-10-08 01:32:22,810 [grpc-default-executor-0] INFO  replication.GrpcReplicationClient (GrpcReplicationClient.java:onCompleted(197)) - Container 3 is downloaded to /home/runner/work/ozone/ozone/hadoop-ozone/integration-test/target/test-dir/MiniOzoneClusterImpl-c72639db-50b4-484a-b3ab-3c380931c8c6/datanode-4/data/replication/work/container-3.tar.gz
2022-10-08 01:32:22,816 [ContainerReplicationThread-2] INFO  replication.DownloadAndImportReplicator (DownloadAndImportReplicator.java:replicate(117)) - Container 3 is downloaded with size 18903096, starting to import.
2022-10-08 01:32:23,224 [ContainerReplicationThread-2] INFO  replication.DownloadAndImportReplicator (DownloadAndImportReplicator.java:replicate(122)) - Container 3 is replicated successfully
2022-10-08 01:32:23,224 [ContainerReplicationThread-2] INFO  replication.ReplicationSupervisor (ReplicationSupervisor.java:run(176)) - Container 3 is replicated.
2022-10-08 01:32:23,443 [ForkJoinPool.commonPool-worker-1] INFO  statemachine.DatanodeStateMachine (DatanodeStateMachine.java:stopDaemon(580)) - Ozone container server stopped.
2022-10-08 01:32:23,444 [Listener at 127.0.0.1/46853] INFO  statemachine.DatanodeStateMachine (DatanodeStateMachine.java:stopDaemon(580)) - Ozone container server stopped.
2022-10-08 01:32:23,459 [Listener at 127.0.0.1/46853] INFO  handler.ContextHandler (ContextHandler.java:doStop(1153)) - Stopped o.e.j.w.WebAppContext@3c9a411d{hddsDatanode,/,null,STOPPED}{jar:file:/home/runner/.m2/repository/org/apache/ozone/hdds-container-service/1.3.0-SNAPSHOT/hdds-container-service-1.3.0-SNAPSHOT.jar!/webapps/hddsDatanode}
2022-10-08 01:32:23,466 [Listener at 127.0.0.1/46853] INFO  server.AbstractConnector (AbstractConnector.java:doStop(381)) - Stopped ServerConnector@59b524c9{HTTP/1.1, (http/1.1)}{0.0.0.0:0}
2022-10-08 01:32:23,466 [Listener at 127.0.0.1/46853] INFO  server.session (HouseKeeper.java:stopScavenging(149)) - node0 Stopped scavenging
2022-10-08 01:32:23,466 [Listener at 127.0.0.1/46853] INFO  handler.ContextHandler (ContextHandler.java:doStop(1153)) - Stopped o.e.j.s.ServletContextHandler@595f9cab{static,/static,jar:file:/home/runner/.m2/repository/org/apache/ozone/hdds-container-service/1.3.0-SNAPSHOT/hdds-container-service-1.3.0-SNAPSHOT.jar!/webapps/static,STOPPED}
2022-10-08 01:32:23,466 [Listener at 127.0.0.1/46853] INFO  handler.ContextHandler (ContextHandler.java:doStop(1153)) - Stopped o.e.j.s.ServletContextHandler@5a2ec9f{logs,/logs,file:///home/runner/work/ozone/ozone/hadoop-ozone/integration-test/target/log,STOPPED}
2022-10-08 01:32:23,468 [ForkJoinPool.commonPool-worker-1] INFO  handler.ContextHandler (ContextHandler.java:doStop(1153)) - Stopped o.e.j.w.WebAppContext@bbdce95{hddsDatanode,/,null,STOPPED}{jar:file:/home/runner/.m2/repository/org/apache/ozone/hdds-container-service/1.3.0-SNAPSHOT/hdds-container-service-1.3.0-SNAPSHOT.jar!/webapps/hddsDatanode}
2022-10-08 01:32:23,469 [ForkJoinPool.commonPool-worker-1] INFO  server.AbstractConnector (AbstractConnector.java:doStop(381)) - Stopped ServerConnector@273b7f59{HTTP/1.1, (http/1.1)}{0.0.0.0:0}
2022-10-08 01:32:23,469 [ForkJoinPool.commonPool-worker-1] INFO  server.session (HouseKeeper.java:stopScavenging(149)) - node0 Stopped scavenging
2022-10-08 01:32:23,474 [ForkJoinPool.commonPool-worker-1] INFO  handler.ContextHandler (ContextHandler.java:doStop(1153)) - Stopped o.e.j.s.ServletContextHandler@4963830d{static,/static,jar:file:/home/runner/.m2/repository/org/apache/ozone/hdds-container-service/1.3.0-SNAPSHOT/hdds-container-service-1.3.0-SNAPSHOT.jar!/webapps/static,STOPPED}
2022-10-08 01:32:23,482 [ForkJoinPool.commonPool-worker-1] INFO  handler.ContextHandler (ContextHandler.java:doStop(1153)) - Stopped o.e.j.s.ServletContextHandler@6880a5ab{logs,/logs,file:///home/runner/work/ozone/ozone/hadoop-ozone/integration-test/target/log,STOPPED}
2022-10-08 01:32:23,499 [ReplicationMonitor] INFO  replication.ReplicationManager (ReplicationManager.java:processAll(324)) - Replication Monitor Thread took 1 milliseconds for processing 7 containers.
2022-10-08 01:32:23,722 [grpc-default-executor-6] INFO  replication.GrpcOutputStream (GrpcOutputStream.java:close(104)) - Sent 25200643 bytes for container 1
2022-10-08 01:32:23,733 [grpc-default-executor-6] INFO  replication.GrpcReplicationClient (GrpcReplicationClient.java:onCompleted(197)) - Container 1 is downloaded to /home/runner/work/ozone/ozone/hadoop-ozone/integration-test/target/test-dir/MiniOzoneClusterImpl-c72639db-50b4-484a-b3ab-3c380931c8c6/datanode-4/data/replication/work/container-1.tar.gz
2022-10-08 01:32:23,744 [ContainerReplicationThread-0] INFO  replication.DownloadAndImportReplicator (DownloadAndImportReplicator.java:replicate(117)) - Container 1 is downloaded with size 25200643, starting to import.
2022-10-08 01:32:24,159 [ContainerReplicationThread-0] INFO  replication.DownloadAndImportReplicator (DownloadAndImportReplicator.java:replicate(122)) - Container 1 is replicated successfully
2022-10-08 01:32:24,159 [ContainerReplicationThread-0] INFO  replication.ReplicationSupervisor (ReplicationSupervisor.java:run(176)) - Container 1 is replicated.
2022-10-08 01:32:24,500 [ReplicationMonitor] INFO  replication.ReplicationManager (ReplicationManager.java:processAll(324)) - Replication Monitor Thread took 1 milliseconds for processing 7 containers.
2022-10-08 01:32:24,609 [grpc-default-executor-4] INFO  replication.GrpcOutputStream (GrpcOutputStream.java:close(104)) - Sent 33593428 bytes for container 2
2022-10-08 01:32:24,610 [grpc-default-executor-6] INFO  replication.GrpcReplicationClient (GrpcReplicationClient.java:onCompleted(197)) - Container 2 is downloaded to /home/runner/work/ozone/ozone/hadoop-ozone/integration-test/target/test-dir/MiniOzoneClusterImpl-c72639db-50b4-484a-b3ab-3c380931c8c6/datanode-4/data/replication/work/container-2.tar.gz
2022-10-08 01:32:24,611 [ContainerReplicationThread-1] INFO  replication.DownloadAndImportReplicator (DownloadAndImportReplicator.java:replicate(117)) - Container 2 is downloaded with size 33593428, starting to import.
2022-10-08 01:32:25,040 [ContainerReplicationThread-1] INFO  replication.DownloadAndImportReplicator (DownloadAndImportReplicator.java:replicate(122)) - Container 2 is replicated successfully
2022-10-08 01:32:25,040 [ContainerReplicationThread-1] INFO  replication.ReplicationSupervisor (ReplicationSupervisor.java:run(176)) - Container 2 is replicated.
2022-10-08 01:32:25,042 [Datanode State Machine Daemon Thread] WARN  statemachine.StateContext (StateContext.java:setState(252)) - Ignore disallowed transition from SHUTDOWN to RUNNING
2022-10-08 01:32:25,097 [grpc-default-executor-2] INFO  replication.GrpcOutputStream (GrpcOutputStream.java:close(104)) - Sent 18908898 bytes for container 3
2022-10-08 01:32:25,098 [grpc-default-executor-4] INFO  replication.GrpcReplicationClient (GrpcReplicationClient.java:onCompleted(197)) - Container 3 is downloaded to /home/runner/work/ozone/ozone/hadoop-ozone/integration-test/target/test-dir/MiniOzoneClusterImpl-c72639db-50b4-484a-b3ab-3c380931c8c6/datanode-3/data/replication/work/container-3.tar.gz
2022-10-08 01:32:25,100 [ContainerReplicationThread-2] INFO  replication.DownloadAndImportReplicator (DownloadAndImportReplicator.java:replicate(117)) - Container 3 is downloaded with size 18908898, starting to import.
2022-10-08 01:32:25,329 [ContainerReplicationThread-2] INFO  replication.DownloadAndImportReplicator (DownloadAndImportReplicator.java:replicate(122)) - Container 3 is replicated successfully
2022-10-08 01:32:25,329 [ContainerReplicationThread-2] INFO  replication.ReplicationSupervisor (ReplicationSupervisor.java:run(176)) - Container 3 is replicated.
2022-10-08 01:32:25,501 [ReplicationMonitor] INFO  replication.ReplicationManager (ReplicationManager.java:processAll(324)) - Replication Monitor Thread took 1 milliseconds for processing 7 containers.
2022-10-08 01:32:25,790 [EventQueue-StaleNodeForStaleNodeHandler] INFO  node.StaleNodeHandler (StaleNodeHandler.java:onMessage(59)) - Datanode 2a53bf39-8cf9-4e57-9be3-47f141ff45bd{ip: 10.1.0.61, host: fv-az180-867.g3pwtgv4ffyuhaixmbmm0kyh3d.gx.internal.cloudapp.net, ports: [REPLICATION=38233, RATIS=38913, RATIS_ADMIN=38913, RATIS_SERVER=38913, STANDALONE=39893], networkLocation: /default-rack, certSerialId: null, persistedOpState: IN_SERVICE, persistedOpStateExpiryEpochSec: 0} moved to stale state. Finalizing its pipelines [PipelineID=8d134ffd-e3c1-4ef7-9cd8-975dac977ce9]
2022-10-08 01:32:25,791 [EventQueue-StaleNodeForStaleNodeHandler] INFO  pipeline.PipelineManagerImpl (PipelineManagerImpl.java:closePipeline(442)) - Pipeline Pipeline[ Id: 8d134ffd-e3c1-4ef7-9cd8-975dac977ce9, Nodes: 2a53bf39-8cf9-4e57-9be3-47f141ff45bd{ip: 10.1.0.61, host: fv-az180-867.g3pwtgv4ffyuhaixmbmm0kyh3d.gx.internal.cloudapp.net, ports: [REPLICATION=38233, RATIS=38913, RATIS_ADMIN=38913, RATIS_SERVER=38913, STANDALONE=39893], networkLocation: /default-rack, certSerialId: null, persistedOpState: IN_SERVICE, persistedOpStateExpiryEpochSec: 0}, ReplicationConfig: RATIS/ONE, State:OPEN, leaderId:2a53bf39-8cf9-4e57-9be3-47f141ff45bd, CreationTimestamp2022-10-08T01:31:26.939Z[Etc/UTC]] moved to CLOSED state
2022-10-08 01:32:26,173 [grpc-default-executor-1] INFO  replication.GrpcOutputStream (GrpcOutputStream.java:close(104)) - Sent 25207494 bytes for container 1
2022-10-08 01:32:26,174 [grpc-default-executor-2] INFO  replication.GrpcReplicationClient (GrpcReplicationClient.java:onCompleted(197)) - Container 1 is downloaded to /home/runner/work/ozone/ozone/hadoop-ozone/integration-test/target/test-dir/MiniOzoneClusterImpl-c72639db-50b4-484a-b3ab-3c380931c8c6/datanode-3/data/replication/work/container-1.tar.gz
2022-10-08 01:32:26,179 [ContainerReplicationThread-0] INFO  replication.DownloadAndImportReplicator (DownloadAndImportReplicator.java:replicate(117)) - Container 1 is downloaded with size 25207494, starting to import.
2022-10-08 01:32:26,472 [ContainerReplicationThread-0] INFO  replication.DownloadAndImportReplicator (DownloadAndImportReplicator.java:replicate(122)) - Container 1 is replicated successfully
2022-10-08 01:32:26,472 [ContainerReplicationThread-0] INFO  replication.ReplicationSupervisor (ReplicationSupervisor.java:run(176)) - Container 1 is replicated.
2022-10-08 01:32:26,502 [ReplicationMonitor] INFO  replication.ReplicationManager (ReplicationManager.java:processAll(324)) - Replication Monitor Thread took 1 milliseconds for processing 7 containers.
2022-10-08 01:32:27,177 [grpc-default-executor-3] INFO  replication.GrpcOutputStream (GrpcOutputStream.java:close(104)) - Sent 33599519 bytes for container 2
2022-10-08 01:32:27,178 [grpc-default-executor-1] INFO  replication.GrpcReplicationClient (GrpcReplicationClient.java:onCompleted(197)) - Container 2 is downloaded to /home/runner/work/ozone/ozone/hadoop-ozone/integration-test/target/test-dir/MiniOzoneClusterImpl-c72639db-50b4-484a-b3ab-3c380931c8c6/datanode-3/data/replication/work/container-2.tar.gz
2022-10-08 01:32:27,179 [ContainerReplicationThread-1] INFO  replication.DownloadAndImportReplicator (DownloadAndImportReplicator.java:replicate(117)) - Container 2 is downloaded with size 33599519, starting to import.
2022-10-08 01:32:27,187 [Command processor thread] INFO  server.RaftServer$Division (RaftServerImpl.java:groupRemove(404)) - 2a53bf39-8cf9-4e57-9be3-47f141ff45bd@group-AA94085C93A7: Succeed to remove RaftStorageDirectory Storage Directory /home/runner/work/ozone/ozone/hadoop-ozone/integration-test/target/test-dir/MiniOzoneClusterImpl-c72639db-50b4-484a-b3ab-3c380931c8c6/datanode-0/data/ratis/e15aead0-6d2d-4584-81f4-aa94085c93a7
2022-10-08 01:32:27,187 [Command processor thread] INFO  commandhandler.ClosePipelineCommandHandler (ClosePipelineCommandHandler.java:handle(78)) - Close Pipeline PipelineID=e15aead0-6d2d-4584-81f4-aa94085c93a7 command on datanode 2a53bf39-8cf9-4e57-9be3-47f141ff45bd.
2022-10-08 01:32:27,502 [ReplicationMonitor] INFO  replication.ReplicationManager (ReplicationManager.java:processAll(324)) - Replication Monitor Thread took 1 milliseconds for processing 7 containers.
2022-10-08 01:32:28,031 [ContainerReplicationThread-1] INFO  replication.DownloadAndImportReplicator (DownloadAndImportReplicator.java:replicate(122)) - Container 2 is replicated successfully
2022-10-08 01:32:28,031 [ContainerReplicationThread-1] INFO  replication.ReplicationSupervisor (ReplicationSupervisor.java:run(176)) - Container 2 is replicated.
2022-10-08 01:32:28,093 [EventQueue-StaleNodeForStaleNodeHandler] INFO  node.StaleNodeHandler (StaleNodeHandler.java:onMessage(59)) - Datanode f99fd778-4fae-463c-a039-423a4282d2af{ip: 10.1.0.61, host: fv-az180-867.g3pwtgv4ffyuhaixmbmm0kyh3d.gx.internal.cloudapp.net, ports: [REPLICATION=37713, RATIS=34781, RATIS_ADMIN=34781, RATIS_SERVER=34781, STANDALONE=42411], networkLocation: /default-rack, certSerialId: null, persistedOpState: IN_SERVICE, persistedOpStateExpiryEpochSec: 0} moved to stale state. Finalizing its pipelines [PipelineID=af0fd773-85c7-458c-873e-19e3af023a0f]
2022-10-08 01:32:28,094 [EventQueue-StaleNodeForStaleNodeHandler] INFO  pipeline.PipelineManagerImpl (PipelineManagerImpl.java:closePipeline(442)) - Pipeline Pipeline[ Id: af0fd773-85c7-458c-873e-19e3af023a0f, Nodes: f99fd778-4fae-463c-a039-423a4282d2af{ip: 10.1.0.61, host: fv-az180-867.g3pwtgv4ffyuhaixmbmm0kyh3d.gx.internal.cloudapp.net, ports: [REPLICATION=37713, RATIS=34781, RATIS_ADMIN=34781, RATIS_SERVER=34781, STANDALONE=42411], networkLocation: /default-rack, certSerialId: null, persistedOpState: IN_SERVICE, persistedOpStateExpiryEpochSec: 0}, ReplicationConfig: RATIS/ONE, State:OPEN, leaderId:f99fd778-4fae-463c-a039-423a4282d2af, CreationTimestamp2022-10-08T01:31:28.712Z[Etc/UTC]] moved to CLOSED state
2022-10-08 01:32:28,494 [ForkJoinPool.commonPool-worker-1] INFO  ozoneimpl.OzoneContainer (OzoneContainer.java:stop(400)) - Attempting to stop container services.
2022-10-08 01:32:28,494 [ForkJoinPool.commonPool-worker-1] INFO  server.RaftServer (RaftServerProxy.java:lambda$close$7(398)) - 2a53bf39-8cf9-4e57-9be3-47f141ff45bd: close
2022-10-08 01:32:28,495 [ForkJoinPool.commonPool-worker-1] INFO  server.RaftServer$Division (RaftServerImpl.java:lambda$close$4(434)) - 2a53bf39-8cf9-4e57-9be3-47f141ff45bd@group-975DAC977CE9: shutdown
2022-10-08 01:32:28,495 [ForkJoinPool.commonPool-worker-1] INFO  util.JmxRegister (JmxRegister.java:unregister(73)) - Successfully un-registered JMX Bean with object name Ratis:service=RaftServer,group=group-975DAC977CE9,id=2a53bf39-8cf9-4e57-9be3-47f141ff45bd
2022-10-08 01:32:28,495 [ForkJoinPool.commonPool-worker-1] INFO  impl.RoleInfo (RoleInfo.java:shutdownLeaderState(93)) - 2a53bf39-8cf9-4e57-9be3-47f141ff45bd: shutdown 2a53bf39-8cf9-4e57-9be3-47f141ff45bd@group-975DAC977CE9-LeaderStateImpl
2022-10-08 01:32:28,495 [ForkJoinPool.commonPool-worker-1] INFO  impl.PendingRequests (PendingRequests.java:sendNotLeaderResponses(282)) - 2a53bf39-8cf9-4e57-9be3-47f141ff45bd@group-975DAC977CE9-PendingRequests: sendNotLeaderResponses
2022-10-08 01:32:28,495 [ForkJoinPool.commonPool-worker-1] INFO  impl.StateMachineUpdater (StateMachineUpdater.java:stopAndJoin(153)) - 2a53bf39-8cf9-4e57-9be3-47f141ff45bd@group-975DAC977CE9-StateMachineUpdater: set stopIndex = 0
2022-10-08 01:32:28,496 [2a53bf39-8cf9-4e57-9be3-47f141ff45bd@group-975DAC977CE9-StateMachineUpdater] INFO  ratis.ContainerStateMachine (ContainerStateMachine.java:takeSnapshot(304)) - group-975DAC977CE9: Taking a snapshot at:(t:1, i:0) file /home/runner/work/ozone/ozone/hadoop-ozone/integration-test/target/test-dir/MiniOzoneClusterImpl-c72639db-50b4-484a-b3ab-3c380931c8c6/datanode-0/data/ratis/8d134ffd-e3c1-4ef7-9cd8-975dac977ce9/sm/snapshot.1_0
2022-10-08 01:32:28,503 [ReplicationMonitor] INFO  replication.ReplicationManager (ReplicationManager.java:processAll(324)) - Replication Monitor Thread took 0 milliseconds for processing 7 containers.
2022-10-08 01:32:28,503 [2a53bf39-8cf9-4e57-9be3-47f141ff45bd@group-975DAC977CE9-StateMachineUpdater] INFO  ratis.ContainerStateMachine (ContainerStateMachine.java:takeSnapshot(315)) - group-975DAC977CE9: Finished taking a snapshot at:(t:1, i:0) file:/home/runner/work/ozone/ozone/hadoop-ozone/integration-test/target/test-dir/MiniOzoneClusterImpl-c72639db-50b4-484a-b3ab-3c380931c8c6/datanode-0/data/ratis/8d134ffd-e3c1-4ef7-9cd8-975dac977ce9/sm/snapshot.1_0 took: 7 ms
2022-10-08 01:32:28,504 [2a53bf39-8cf9-4e57-9be3-47f141ff45bd@group-975DAC977CE9-StateMachineUpdater] INFO  impl.StateMachineUpdater (StateMachineUpdater.java:takeSnapshot(287)) - 2a53bf39-8cf9-4e57-9be3-47f141ff45bd@group-975DAC977CE9-StateMachineUpdater: Took a snapshot at index 0
2022-10-08 01:32:28,504 [2a53bf39-8cf9-4e57-9be3-47f141ff45bd@group-975DAC977CE9-StateMachineUpdater] INFO  impl.StateMachineUpdater (StateMachineUpdater.java:lambda$new$0(92)) - 2a53bf39-8cf9-4e57-9be3-47f141ff45bd@group-975DAC977CE9-StateMachineUpdater: snapshotIndex: updateIncreasingly -1 -> 0
2022-10-08 01:32:28,504 [ForkJoinPool.commonPool-worker-1] INFO  server.RaftServer$Division (ServerState.java:close(429)) - 2a53bf39-8cf9-4e57-9be3-47f141ff45bd@group-975DAC977CE9: closes. applyIndex: 0
2022-10-08 01:32:28,507 [2a53bf39-8cf9-4e57-9be3-47f141ff45bd@group-975DAC977CE9-SegmentedRaftLogWorker] INFO  segmented.SegmentedRaftLogWorker (SegmentedRaftLogWorker.java:run(336)) - 2a53bf39-8cf9-4e57-9be3-47f141ff45bd@group-975DAC977CE9-SegmentedRaftLogWorker was interrupted, exiting. There are 0 tasks remaining in the queue.
2022-10-08 01:32:28,507 [ForkJoinPool.commonPool-worker-1] INFO  segmented.SegmentedRaftLogWorker (SegmentedRaftLogWorker.java:close(246)) - 2a53bf39-8cf9-4e57-9be3-47f141ff45bd@group-975DAC977CE9-SegmentedRaftLogWorker close()
2022-10-08 01:32:28,508 [ForkJoinPool.commonPool-worker-1] INFO  server.GrpcService (GrpcService.java:closeImpl(269)) - 2a53bf39-8cf9-4e57-9be3-47f141ff45bd: shutdown server with port 38913 now
2022-10-08 01:32:28,510 [grpc-default-executor-1] WARN  server.GrpcClientProtocolService (LogUtils.java:warn(122)) - 3-UnorderedRequestStreamObserver3: onError: org.apache.ratis.thirdparty.io.grpc.StatusRuntimeException: CANCELLED: client cancelled
2022-10-08 01:32:28,510 [ForkJoinPool.commonPool-worker-1] INFO  server.GrpcService (GrpcService.java:closeImpl(278)) - 2a53bf39-8cf9-4e57-9be3-47f141ff45bd: shutdown server with port 38913 successfully
2022-10-08 01:32:28,511 [org.apache.ratis.util.JvmPauseMonitor$$Lambda$636/846962177@7f3ec1cb] INFO  util.JvmPauseMonitor (JvmPauseMonitor.java:run(109)) - JvmPauseMonitor-2a53bf39-8cf9-4e57-9be3-47f141ff45bd: Stopped
2022-10-08 01:32:28,794 [EventQueue-DeadNodeForDeadNodeHandler] INFO  node.DeadNodeHandler (DeadNodeHandler.java:onMessage(81)) - A dead datanode is detected. 2a53bf39-8cf9-4e57-9be3-47f141ff45bd{ip: 10.1.0.61, host: fv-az180-867.g3pwtgv4ffyuhaixmbmm0kyh3d.gx.internal.cloudapp.net, ports: [REPLICATION=38233, RATIS=38913, RATIS_ADMIN=38913, RATIS_SERVER=38913, STANDALONE=39893], networkLocation: /default-rack, certSerialId: null, persistedOpState: IN_SERVICE, persistedOpStateExpiryEpochSec: 0}
2022-10-08 01:32:28,794 [EventQueue-DeadNodeForDeadNodeHandler] INFO  pipeline.RatisPipelineProvider (RatisPipelineProvider.java:lambda$close$1(244)) - Send pipeline:PipelineID=8d134ffd-e3c1-4ef7-9cd8-975dac977ce9 close command to datanode 2a53bf39-8cf9-4e57-9be3-47f141ff45bd
2022-10-08 01:32:28,795 [EventQueue-DeadNodeForDeadNodeHandler] INFO  pipeline.PipelineStateManagerImpl (PipelineStateManagerImpl.java:removePipeline(245)) - Pipeline Pipeline[ Id: 8d134ffd-e3c1-4ef7-9cd8-975dac977ce9, Nodes: 2a53bf39-8cf9-4e57-9be3-47f141ff45bd{ip: 10.1.0.61, host: fv-az180-867.g3pwtgv4ffyuhaixmbmm0kyh3d.gx.internal.cloudapp.net, ports: [REPLICATION=38233, RATIS=38913, RATIS_ADMIN=38913, RATIS_SERVER=38913, STANDALONE=39893], networkLocation: /default-rack, certSerialId: null, persistedOpState: IN_SERVICE, persistedOpStateExpiryEpochSec: 0}, ReplicationConfig: RATIS/ONE, State:CLOSED, leaderId:2a53bf39-8cf9-4e57-9be3-47f141ff45bd, CreationTimestamp2022-10-08T01:31:26.939Z[Etc/UTC]] removed.
2022-10-08 01:32:28,796 [EventQueue-DeadNodeForDeadNodeHandler] INFO  net.NetworkTopologyImpl (NetworkTopologyImpl.java:remove(190)) - Removed a node: /default-rack/2a53bf39-8cf9-4e57-9be3-47f141ff45bd
2022-10-08 01:32:29,504 [ReplicationMonitor] ERROR scm.SCMCommonPlacementPolicy (SCMCommonPlacementPolicy.java:chooseDatanodesInternal(208)) - No healthy node found to allocate container.
2022-10-08 01:32:29,504 [ReplicationMonitor] WARN  replication.LegacyReplicationManager (LegacyReplicationManager.java:handleUnderReplicatedContainer(1228)) - Exception while replicating container 1.
org.apache.hadoop.hdds.scm.exceptions.SCMException: No healthy node found to allocate container.
	at org.apache.hadoop.hdds.scm.SCMCommonPlacementPolicy.chooseDatanodesInternal(SCMCommonPlacementPolicy.java:209)
	at org.apache.hadoop.hdds.scm.container.placement.algorithms.SCMContainerPlacementRandom.chooseDatanodesInternal(SCMContainerPlacementRandom.java:81)
	at org.apache.hadoop.hdds.scm.SCMCommonPlacementPolicy.chooseDatanodes(SCMCommonPlacementPolicy.java:175)
	at org.apache.hadoop.hdds.scm.SCMCommonPlacementPolicy.chooseDatanodes(SCMCommonPlacementPolicy.java:117)
	at org.apache.hadoop.hdds.scm.container.replication.LegacyReplicationManager.handleUnderReplicatedContainer(LegacyReplicationManager.java:1192)
	at org.apache.hadoop.hdds.scm.container.replication.LegacyReplicationManager.processContainer(LegacyReplicationManager.java:539)
	at org.apache.hadoop.hdds.scm.container.replication.ReplicationManager.processAll(ReplicationManager.java:306)
	at org.apache.hadoop.hdds.scm.container.replication.ReplicationManager.run(ReplicationManager.java:504)
	at java.lang.Thread.run(Thread.java:750)
2022-10-08 01:32:29,506 [ReplicationMonitor] ERROR scm.SCMCommonPlacementPolicy (SCMCommonPlacementPolicy.java:chooseDatanodesInternal(208)) - No healthy node found to allocate container.
2022-10-08 01:32:29,506 [ReplicationMonitor] WARN  replication.LegacyReplicationManager (LegacyReplicationManager.java:handleUnderReplicatedContainer(1228)) - Exception while replicating container 2.
org.apache.hadoop.hdds.scm.exceptions.SCMException: No healthy node found to allocate container.
	at org.apache.hadoop.hdds.scm.SCMCommonPlacementPolicy.chooseDatanodesInternal(SCMCommonPlacementPolicy.java:209)
	at org.apache.hadoop.hdds.scm.container.placement.algorithms.SCMContainerPlacementRandom.chooseDatanodesInternal(SCMContainerPlacementRandom.java:81)
	at org.apache.hadoop.hdds.scm.SCMCommonPlacementPolicy.chooseDatanodes(SCMCommonPlacementPolicy.java:175)
	at org.apache.hadoop.hdds.scm.SCMCommonPlacementPolicy.chooseDatanodes(SCMCommonPlacementPolicy.java:117)
	at org.apache.hadoop.hdds.scm.container.replication.LegacyReplicationManager.handleUnderReplicatedContainer(LegacyReplicationManager.java:1192)
	at org.apache.hadoop.hdds.scm.container.replication.LegacyReplicationManager.processContainer(LegacyReplicationManager.java:539)
	at org.apache.hadoop.hdds.scm.container.replication.ReplicationManager.processAll(ReplicationManager.java:306)
	at org.apache.hadoop.hdds.scm.container.replication.ReplicationManager.run(ReplicationManager.java:504)
	at java.lang.Thread.run(Thread.java:750)
2022-10-08 01:32:29,506 [ReplicationMonitor] ERROR scm.SCMCommonPlacementPolicy (SCMCommonPlacementPolicy.java:chooseDatanodesInternal(208)) - No healthy node found to allocate container.
2022-10-08 01:32:29,506 [ReplicationMonitor] WARN  replication.LegacyReplicationManager (LegacyReplicationManager.java:handleUnderReplicatedContainer(1228)) - Exception while replicating container 3.
org.apache.hadoop.hdds.scm.exceptions.SCMException: No healthy node found to allocate container.
	at org.apache.hadoop.hdds.scm.SCMCommonPlacementPolicy.chooseDatanodesInternal(SCMCommonPlacementPolicy.java:209)
	at org.apache.hadoop.hdds.scm.container.placement.algorithms.SCMContainerPlacementRandom.chooseDatanodesInternal(SCMContainerPlacementRandom.java:81)
	at org.apache.hadoop.hdds.scm.SCMCommonPlacementPolicy.chooseDatanodes(SCMCommonPlacementPolicy.java:175)
	at org.apache.hadoop.hdds.scm.SCMCommonPlacementPolicy.chooseDatanodes(SCMCommonPlacementPolicy.java:117)
	at org.apache.hadoop.hdds.scm.container.replication.LegacyReplicationManager.handleUnderReplicatedContainer(LegacyReplicationManager.java:1192)
	at org.apache.hadoop.hdds.scm.container.replication.LegacyReplicationManager.processContainer(LegacyReplicationManager.java:539)
	at org.apache.hadoop.hdds.scm.container.replication.ReplicationManager.processAll(ReplicationManager.java:306)
	at org.apache.hadoop.hdds.scm.container.replication.ReplicationManager.run(ReplicationManager.java:504)
	at java.lang.Thread.run(Thread.java:750)
2022-10-08 01:32:29,506 [ReplicationMonitor] INFO  replication.ReplicationManager (ReplicationManager.java:processAll(324)) - Replication Monitor Thread took 3 milliseconds for processing 7 containers.
2022-10-08 01:32:30,044 [Listener at 127.0.0.1/46853] INFO  ozoneimpl.OzoneContainer (OzoneContainer.java:stop(400)) - Attempting to stop container services.
2022-10-08 01:32:30,045 [Listener at 127.0.0.1/46853] INFO  server.RaftServer (RaftServerProxy.java:lambda$close$7(398)) - f99fd778-4fae-463c-a039-423a4282d2af: close
2022-10-08 01:32:30,045 [Listener at 127.0.0.1/46853] INFO  server.RaftServer$Division (RaftServerImpl.java:lambda$close$4(434)) - f99fd778-4fae-463c-a039-423a4282d2af@group-19E3AF023A0F: shutdown
2022-10-08 01:32:30,045 [Listener at 127.0.0.1/46853] INFO  util.JmxRegister (JmxRegister.java:unregister(73)) - Successfully un-registered JMX Bean with object name Ratis:service=RaftServer,group=group-19E3AF023A0F,id=f99fd778-4fae-463c-a039-423a4282d2af
2022-10-08 01:32:30,046 [Listener at 127.0.0.1/46853] INFO  impl.RoleInfo (RoleInfo.java:shutdownLeaderState(93)) - f99fd778-4fae-463c-a039-423a4282d2af: shutdown f99fd778-4fae-463c-a039-423a4282d2af@group-19E3AF023A0F-LeaderStateImpl
2022-10-08 01:32:30,046 [Listener at 127.0.0.1/46853] INFO  impl.PendingRequests (PendingRequests.java:sendNotLeaderResponses(282)) - f99fd778-4fae-463c-a039-423a4282d2af@group-19E3AF023A0F-PendingRequests: sendNotLeaderResponses
2022-10-08 01:32:30,046 [Listener at 127.0.0.1/46853] INFO  impl.StateMachineUpdater (StateMachineUpdater.java:stopAndJoin(153)) - f99fd778-4fae-463c-a039-423a4282d2af@group-19E3AF023A0F-StateMachineUpdater: set stopIndex = 0
2022-10-08 01:32:30,046 [f99fd778-4fae-463c-a039-423a4282d2af@group-19E3AF023A0F-StateMachineUpdater] INFO  ratis.ContainerStateMachine (ContainerStateMachine.java:takeSnapshot(304)) - group-19E3AF023A0F: Taking a snapshot at:(t:1, i:0) file /home/runner/work/ozone/ozone/hadoop-ozone/integration-test/target/test-dir/MiniOzoneClusterImpl-c72639db-50b4-484a-b3ab-3c380931c8c6/datanode-4/data/ratis/af0fd773-85c7-458c-873e-19e3af023a0f/sm/snapshot.1_0
2022-10-08 01:32:30,054 [f99fd778-4fae-463c-a039-423a4282d2af@group-19E3AF023A0F-StateMachineUpdater] INFO  ratis.ContainerStateMachine (ContainerStateMachine.java:takeSnapshot(315)) - group-19E3AF023A0F: Finished taking a snapshot at:(t:1, i:0) file:/home/runner/work/ozone/ozone/hadoop-ozone/integration-test/target/test-dir/MiniOzoneClusterImpl-c72639db-50b4-484a-b3ab-3c380931c8c6/datanode-4/data/ratis/af0fd773-85c7-458c-873e-19e3af023a0f/sm/snapshot.1_0 took: 7 ms
2022-10-08 01:32:30,054 [f99fd778-4fae-463c-a039-423a4282d2af@group-19E3AF023A0F-StateMachineUpdater] INFO  impl.StateMachineUpdater (StateMachineUpdater.java:takeSnapshot(287)) - f99fd778-4fae-463c-a039-423a4282d2af@group-19E3AF023A0F-StateMachineUpdater: Took a snapshot at index 0
2022-10-08 01:32:30,054 [f99fd778-4fae-463c-a039-423a4282d2af@group-19E3AF023A0F-StateMachineUpdater] INFO  impl.StateMachineUpdater (StateMachineUpdater.java:lambda$new$0(92)) - f99fd778-4fae-463c-a039-423a4282d2af@group-19E3AF023A0F-StateMachineUpdater: snapshotIndex: updateIncreasingly -1 -> 0
2022-10-08 01:32:30,054 [Listener at 127.0.0.1/46853] INFO  server.RaftServer$Division (ServerState.java:close(429)) - f99fd778-4fae-463c-a039-423a4282d2af@group-19E3AF023A0F: closes. applyIndex: 0
2022-10-08 01:32:30,055 [f99fd778-4fae-463c-a039-423a4282d2af@group-19E3AF023A0F-SegmentedRaftLogWorker] INFO  segmented.SegmentedRaftLogWorker (SegmentedRaftLogWorker.java:run(336)) - f99fd778-4fae-463c-a039-423a4282d2af@group-19E3AF023A0F-SegmentedRaftLogWorker was interrupted, exiting. There are 0 tasks remaining in the queue.
2022-10-08 01:32:30,055 [Listener at 127.0.0.1/46853] INFO  segmented.SegmentedRaftLogWorker (SegmentedRaftLogWorker.java:close(246)) - f99fd778-4fae-463c-a039-423a4282d2af@group-19E3AF023A0F-SegmentedRaftLogWorker close()
2022-10-08 01:32:30,056 [Listener at 127.0.0.1/46853] INFO  server.GrpcService (GrpcService.java:closeImpl(269)) - f99fd778-4fae-463c-a039-423a4282d2af: shutdown server with port 34781 now
2022-10-08 01:32:30,056 [Listener at 127.0.0.1/46853] INFO  server.GrpcService (GrpcService.java:closeImpl(278)) - f99fd778-4fae-463c-a039-423a4282d2af: shutdown server with port 34781 successfully
2022-10-08 01:32:30,056 [org.apache.ratis.util.JvmPauseMonitor$$Lambda$636/846962177@11da4754] INFO  util.JvmPauseMonitor (JvmPauseMonitor.java:run(109)) - JvmPauseMonitor-f99fd778-4fae-463c-a039-423a4282d2af: Stopped
2022-10-08 01:32:30,507 [ReplicationMonitor] ERROR scm.SCMCommonPlacementPolicy (SCMCommonPlacementPolicy.java:chooseDatanodesInternal(208)) - No healthy node found to allocate container.
2022-10-08 01:32:30,507 [ReplicationMonitor] WARN  replication.LegacyReplicationManager (LegacyReplicationManager.java:handleUnderReplicatedContainer(1228)) - Exception while replicating container 1.
org.apache.hadoop.hdds.scm.exceptions.SCMException: No healthy node found to allocate container.
	at org.apache.hadoop.hdds.scm.SCMCommonPlacementPolicy.chooseDatanodesInternal(SCMCommonPlacementPolicy.java:209)
	at org.apache.hadoop.hdds.scm.container.placement.algorithms.SCMContainerPlacementRandom.chooseDatanodesInternal(SCMContainerPlacementRandom.java:81)
	at org.apache.hadoop.hdds.scm.SCMCommonPlacementPolicy.chooseDatanodes(SCMCommonPlacementPolicy.java:175)
	at org.apache.hadoop.hdds.scm.SCMCommonPlacementPolicy.chooseDatanodes(SCMCommonPlacementPolicy.java:117)
	at org.apache.hadoop.hdds.scm.container.replication.LegacyReplicationManager.handleUnderReplicatedContainer(LegacyReplicationManager.java:1192)
	at org.apache.hadoop.hdds.scm.container.replication.LegacyReplicationManager.processContainer(LegacyReplicationManager.java:539)
	at org.apache.hadoop.hdds.scm.container.replication.ReplicationManager.processAll(ReplicationManager.java:306)
	at org.apache.hadoop.hdds.scm.container.replication.ReplicationManager.run(ReplicationManager.java:504)
	at java.lang.Thread.run(Thread.java:750)
2022-10-08 01:32:30,507 [ReplicationMonitor] ERROR scm.SCMCommonPlacementPolicy (SCMCommonPlacementPolicy.java:chooseDatanodesInternal(208)) - No healthy node found to allocate container.
2022-10-08 01:32:30,507 [ReplicationMonitor] WARN  replication.LegacyReplicationManager (LegacyReplicationManager.java:handleUnderReplicatedContainer(1228)) - Exception while replicating container 2.
org.apache.hadoop.hdds.scm.exceptions.SCMException: No healthy node found to allocate container.
	at org.apache.hadoop.hdds.scm.SCMCommonPlacementPolicy.chooseDatanodesInternal(SCMCommonPlacementPolicy.java:209)
	at org.apache.hadoop.hdds.scm.container.placement.algorithms.SCMContainerPlacementRandom.chooseDatanodesInternal(SCMContainerPlacementRandom.java:81)
	at org.apache.hadoop.hdds.scm.SCMCommonPlacementPolicy.chooseDatanodes(SCMCommonPlacementPolicy.java:175)
	at org.apache.hadoop.hdds.scm.SCMCommonPlacementPolicy.chooseDatanodes(SCMCommonPlacementPolicy.java:117)
	at org.apache.hadoop.hdds.scm.container.replication.LegacyReplicationManager.handleUnderReplicatedContainer(LegacyReplicationManager.java:1192)
	at org.apache.hadoop.hdds.scm.container.replication.LegacyReplicationManager.processContainer(LegacyReplicationManager.java:539)
	at org.apache.hadoop.hdds.scm.container.replication.ReplicationManager.processAll(ReplicationManager.java:306)
	at org.apache.hadoop.hdds.scm.container.replication.ReplicationManager.run(ReplicationManager.java:504)
	at java.lang.Thread.run(Thread.java:750)
2022-10-08 01:32:30,508 [ReplicationMonitor] ERROR scm.SCMCommonPlacementPolicy (SCMCommonPlacementPolicy.java:chooseDatanodesInternal(208)) - No healthy node found to allocate container.
2022-10-08 01:32:30,508 [ReplicationMonitor] WARN  replication.LegacyReplicationManager (LegacyReplicationManager.java:handleUnderReplicatedContainer(1228)) - Exception while replicating container 3.
org.apache.hadoop.hdds.scm.exceptions.SCMException: No healthy node found to allocate container.
	at org.apache.hadoop.hdds.scm.SCMCommonPlacementPolicy.chooseDatanodesInternal(SCMCommonPlacementPolicy.java:209)
	at org.apache.hadoop.hdds.scm.container.placement.algorithms.SCMContainerPlacementRandom.chooseDatanodesInternal(SCMContainerPlacementRandom.java:81)
	at org.apache.hadoop.hdds.scm.SCMCommonPlacementPolicy.chooseDatanodes(SCMCommonPlacementPolicy.java:175)
	at org.apache.hadoop.hdds.scm.SCMCommonPlacementPolicy.chooseDatanodes(SCMCommonPlacementPolicy.java:117)
	at org.apache.hadoop.hdds.scm.container.replication.LegacyReplicationManager.handleUnderReplicatedContainer(LegacyReplicationManager.java:1192)
	at org.apache.hadoop.hdds.scm.container.replication.LegacyReplicationManager.processContainer(LegacyReplicationManager.java:539)
	at org.apache.hadoop.hdds.scm.container.replication.ReplicationManager.processAll(ReplicationManager.java:306)
	at org.apache.hadoop.hdds.scm.container.replication.ReplicationManager.run(ReplicationManager.java:504)
	at java.lang.Thread.run(Thread.java:750)
2022-10-08 01:32:30,508 [ReplicationMonitor] INFO  replication.ReplicationManager (ReplicationManager.java:processAll(324)) - Replication Monitor Thread took 2 milliseconds for processing 7 containers.
2022-10-08 01:32:30,529 [ForkJoinPool.commonPool-worker-1] INFO  utils.BackgroundService (BackgroundService.java:shutdown(141)) - Shutting down service BlockDeletingService
2022-10-08 01:32:30,530 [ForkJoinPool.commonPool-worker-1] INFO  utils.BackgroundService (BackgroundService.java:shutdown(141)) - Shutting down service StaleRecoveringContainerScrubbingService
2022-10-08 01:32:31,097 [EventQueue-DeadNodeForDeadNodeHandler] INFO  node.DeadNodeHandler (DeadNodeHandler.java:onMessage(81)) - A dead datanode is detected. f99fd778-4fae-463c-a039-423a4282d2af{ip: 10.1.0.61, host: fv-az180-867.g3pwtgv4ffyuhaixmbmm0kyh3d.gx.internal.cloudapp.net, ports: [REPLICATION=37713, RATIS=34781, RATIS_ADMIN=34781, RATIS_SERVER=34781, STANDALONE=42411], networkLocation: /default-rack, certSerialId: null, persistedOpState: IN_SERVICE, persistedOpStateExpiryEpochSec: 0}
2022-10-08 01:32:31,097 [EventQueue-DeadNodeForDeadNodeHandler] INFO  pipeline.RatisPipelineProvider (RatisPipelineProvider.java:lambda$close$1(244)) - Send pipeline:PipelineID=af0fd773-85c7-458c-873e-19e3af023a0f close command to datanode f99fd778-4fae-463c-a039-423a4282d2af
2022-10-08 01:32:31,097 [EventQueue-DeadNodeForDeadNodeHandler] INFO  pipeline.PipelineStateManagerImpl (PipelineStateManagerImpl.java:removePipeline(245)) - Pipeline Pipeline[ Id: af0fd773-85c7-458c-873e-19e3af023a0f, Nodes: f99fd778-4fae-463c-a039-423a4282d2af{ip: 10.1.0.61, host: fv-az180-867.g3pwtgv4ffyuhaixmbmm0kyh3d.gx.internal.cloudapp.net, ports: [REPLICATION=37713, RATIS=34781, RATIS_ADMIN=34781, RATIS_SERVER=34781, STANDALONE=42411], networkLocation: /default-rack, certSerialId: null, persistedOpState: IN_SERVICE, persistedOpStateExpiryEpochSec: 0}, ReplicationConfig: RATIS/ONE, State:CLOSED, leaderId:f99fd778-4fae-463c-a039-423a4282d2af, CreationTimestamp2022-10-08T01:31:28.712Z[Etc/UTC]] removed.
2022-10-08 01:32:31,098 [EventQueue-DeadNodeForDeadNodeHandler] INFO  net.NetworkTopologyImpl (NetworkTopologyImpl.java:remove(190)) - Removed a node: /default-rack/f99fd778-4fae-463c-a039-423a4282d2af
2022-10-08 01:32:31,509 [ReplicationMonitor] ERROR scm.SCMCommonPlacementPolicy (SCMCommonPlacementPolicy.java:chooseDatanodesInternal(208)) - No healthy node found to allocate container.
2022-10-08 01:32:31,509 [ReplicationMonitor] WARN  replication.LegacyReplicationManager (LegacyReplicationManager.java:handleUnderReplicatedContainer(1228)) - Exception while replicating container 1.
org.apache.hadoop.hdds.scm.exceptions.SCMException: No healthy node found to allocate container.
	at org.apache.hadoop.hdds.scm.SCMCommonPlacementPolicy.chooseDatanodesInternal(SCMCommonPlacementPolicy.java:209)
	at org.apache.hadoop.hdds.scm.container.placement.algorithms.SCMContainerPlacementRandom.chooseDatanodesInternal(SCMContainerPlacementRandom.java:81)
	at org.apache.hadoop.hdds.scm.SCMCommonPlacementPolicy.chooseDatanodes(SCMCommonPlacementPolicy.java:175)
	at org.apache.hadoop.hdds.scm.SCMCommonPlacementPolicy.chooseDatanodes(SCMCommonPlacementPolicy.java:117)
	at org.apache.hadoop.hdds.scm.container.replication.LegacyReplicationManager.handleUnderReplicatedContainer(LegacyReplicationManager.java:1192)
	at org.apache.hadoop.hdds.scm.container.replication.LegacyReplicationManager.processContainer(LegacyReplicationManager.java:539)
	at org.apache.hadoop.hdds.scm.container.replication.ReplicationManager.processAll(ReplicationManager.java:306)
	at org.apache.hadoop.hdds.scm.container.replication.ReplicationManager.run(ReplicationManager.java:504)
	at java.lang.Thread.run(Thread.java:750)
2022-10-08 01:32:31,509 [ReplicationMonitor] ERROR scm.SCMCommonPlacementPolicy (SCMCommonPlacementPolicy.java:chooseDatanodesInternal(208)) - No healthy node found to allocate container.
2022-10-08 01:32:31,509 [ReplicationMonitor] WARN  replication.LegacyReplicationManager (LegacyReplicationManager.java:handleUnderReplicatedContainer(1228)) - Exception while replicating container 2.
org.apache.hadoop.hdds.scm.exceptions.SCMException: No healthy node found to allocate container.
	at org.apache.hadoop.hdds.scm.SCMCommonPlacementPolicy.chooseDatanodesInternal(SCMCommonPlacementPolicy.java:209)
	at org.apache.hadoop.hdds.scm.container.placement.algorithms.SCMContainerPlacementRandom.chooseDatanodesInternal(SCMContainerPlacementRandom.java:81)
	at org.apache.hadoop.hdds.scm.SCMCommonPlacementPolicy.chooseDatanodes(SCMCommonPlacementPolicy.java:175)
	at org.apache.hadoop.hdds.scm.SCMCommonPlacementPolicy.chooseDatanodes(SCMCommonPlacementPolicy.java:117)
	at org.apache.hadoop.hdds.scm.container.replication.LegacyReplicationManager.handleUnderReplicatedContainer(LegacyReplicationManager.java:1192)
	at org.apache.hadoop.hdds.scm.container.replication.LegacyReplicationManager.processContainer(LegacyReplicationManager.java:539)
	at org.apache.hadoop.hdds.scm.container.replication.ReplicationManager.processAll(ReplicationManager.java:306)
	at org.apache.hadoop.hdds.scm.container.replication.ReplicationManager.run(ReplicationManager.java:504)
	at java.lang.Thread.run(Thread.java:750)
2022-10-08 01:32:31,509 [ReplicationMonitor] ERROR scm.SCMCommonPlacementPolicy (SCMCommonPlacementPolicy.java:chooseDatanodesInternal(208)) - No healthy node found to allocate container.
2022-10-08 01:32:31,509 [ReplicationMonitor] WARN  replication.LegacyReplicationManager (LegacyReplicationManager.java:handleUnderReplicatedContainer(1228)) - Exception while replicating container 3.
org.apache.hadoop.hdds.scm.exceptions.SCMException: No healthy node found to allocate container.
	at org.apache.hadoop.hdds.scm.SCMCommonPlacementPolicy.chooseDatanodesInternal(SCMCommonPlacementPolicy.java:209)
	at org.apache.hadoop.hdds.scm.container.placement.algorithms.SCMContainerPlacementRandom.chooseDatanodesInternal(SCMContainerPlacementRandom.java:81)
	at org.apache.hadoop.hdds.scm.SCMCommonPlacementPolicy.chooseDatanodes(SCMCommonPlacementPolicy.java:175)
	at org.apache.hadoop.hdds.scm.SCMCommonPlacementPolicy.chooseDatanodes(SCMCommonPlacementPolicy.java:117)
	at org.apache.hadoop.hdds.scm.container.replication.LegacyReplicationManager.handleUnderReplicatedContainer(LegacyReplicationManager.java:1192)
	at org.apache.hadoop.hdds.scm.container.replication.LegacyReplicationManager.processContainer(LegacyReplicationManager.java:539)
	at org.apache.hadoop.hdds.scm.container.replication.ReplicationManager.processAll(ReplicationManager.java:306)
	at org.apache.hadoop.hdds.scm.container.replication.ReplicationManager.run(ReplicationManager.java:504)
	at java.lang.Thread.run(Thread.java:750)
2022-10-08 01:32:31,510 [ReplicationMonitor] INFO  replication.ReplicationManager (ReplicationManager.java:processAll(324)) - Replication Monitor Thread took 2 milliseconds for processing 7 containers.
2022-10-08 01:32:32,072 [Listener at 127.0.0.1/46853] INFO  utils.BackgroundService (BackgroundService.java:shutdown(141)) - Shutting down service BlockDeletingService
2022-10-08 01:32:32,073 [Listener at 127.0.0.1/46853] INFO  utils.BackgroundService (BackgroundService.java:shutdown(141)) - Shutting down service StaleRecoveringContainerScrubbingService
2022-10-08 01:32:32,510 [ReplicationMonitor] ERROR scm.SCMCommonPlacementPolicy (SCMCommonPlacementPolicy.java:chooseDatanodesInternal(208)) - No healthy node found to allocate container.
2022-10-08 01:32:32,510 [ReplicationMonitor] WARN  replication.LegacyReplicationManager (LegacyReplicationManager.java:handleUnderReplicatedContainer(1228)) - Exception while replicating container 1.
org.apache.hadoop.hdds.scm.exceptions.SCMException: No healthy node found to allocate container.
	at org.apache.hadoop.hdds.scm.SCMCommonPlacementPolicy.chooseDatanodesInternal(SCMCommonPlacementPolicy.java:209)
	at org.apache.hadoop.hdds.scm.container.placement.algorithms.SCMContainerPlacementRandom.chooseDatanodesInternal(SCMContainerPlacementRandom.java:81)
	at org.apache.hadoop.hdds.scm.SCMCommonPlacementPolicy.chooseDatanodes(SCMCommonPlacementPolicy.java:175)
	at org.apache.hadoop.hdds.scm.SCMCommonPlacementPolicy.chooseDatanodes(SCMCommonPlacementPolicy.java:117)
	at org.apache.hadoop.hdds.scm.container.replication.LegacyReplicationManager.handleUnderReplicatedContainer(LegacyReplicationManager.java:1192)
	at org.apache.hadoop.hdds.scm.container.replication.LegacyReplicationManager.processContainer(LegacyReplicationManager.java:539)
	at org.apache.hadoop.hdds.scm.container.replication.ReplicationManager.processAll(ReplicationManager.java:306)
	at org.apache.hadoop.hdds.scm.container.replication.ReplicationManager.run(ReplicationManager.java:504)
	at java.lang.Thread.run(Thread.java:750)
2022-10-08 01:32:32,510 [ReplicationMonitor] ERROR scm.SCMCommonPlacementPolicy (SCMCommonPlacementPolicy.java:chooseDatanodesInternal(208)) - No healthy node found to allocate container.
2022-10-08 01:32:32,510 [ReplicationMonitor] WARN  replication.LegacyReplicationManager (LegacyReplicationManager.java:handleUnderReplicatedContainer(1228)) - Exception while replicating container 2.
org.apache.hadoop.hdds.scm.exceptions.SCMException: No healthy node found to allocate container.
	at org.apache.hadoop.hdds.scm.SCMCommonPlacementPolicy.chooseDatanodesInternal(SCMCommonPlacementPolicy.java:209)
	at org.apache.hadoop.hdds.scm.container.placement.algorithms.SCMContainerPlacementRandom.chooseDatanodesInternal(SCMContainerPlacementRandom.java:81)
	at org.apache.hadoop.hdds.scm.SCMCommonPlacementPolicy.chooseDatanodes(SCMCommonPlacementPolicy.java:175)
	at org.apache.hadoop.hdds.scm.SCMCommonPlacementPolicy.chooseDatanodes(SCMCommonPlacementPolicy.java:117)
	at org.apache.hadoop.hdds.scm.container.replication.LegacyReplicationManager.handleUnderReplicatedContainer(LegacyReplicationManager.java:1192)
	at org.apache.hadoop.hdds.scm.container.replication.LegacyReplicationManager.processContainer(LegacyReplicationManager.java:539)
	at org.apache.hadoop.hdds.scm.container.replication.ReplicationManager.processAll(ReplicationManager.java:306)
	at org.apache.hadoop.hdds.scm.container.replication.ReplicationManager.run(ReplicationManager.java:504)
	at java.lang.Thread.run(Thread.java:750)
2022-10-08 01:32:32,511 [ReplicationMonitor] ERROR scm.SCMCommonPlacementPolicy (SCMCommonPlacementPolicy.java:chooseDatanodesInternal(208)) - No healthy node found to allocate container.
2022-10-08 01:32:32,511 [ReplicationMonitor] WARN  replication.LegacyReplicationManager (LegacyReplicationManager.java:handleUnderReplicatedContainer(1228)) - Exception while replicating container 3.
org.apache.hadoop.hdds.scm.exceptions.SCMException: No healthy node found to allocate container.
	at org.apache.hadoop.hdds.scm.SCMCommonPlacementPolicy.chooseDatanodesInternal(SCMCommonPlacementPolicy.java:209)
	at org.apache.hadoop.hdds.scm.container.placement.algorithms.SCMContainerPlacementRandom.chooseDatanodesInternal(SCMContainerPlacementRandom.java:81)
	at org.apache.hadoop.hdds.scm.SCMCommonPlacementPolicy.chooseDatanodes(SCMCommonPlacementPolicy.java:175)
	at org.apache.hadoop.hdds.scm.SCMCommonPlacementPolicy.chooseDatanodes(SCMCommonPlacementPolicy.java:117)
	at org.apache.hadoop.hdds.scm.container.replication.LegacyReplicationManager.handleUnderReplicatedContainer(LegacyReplicationManager.java:1192)
	at org.apache.hadoop.hdds.scm.container.replication.LegacyReplicationManager.processContainer(LegacyReplicationManager.java:539)
	at org.apache.hadoop.hdds.scm.container.replication.ReplicationManager.processAll(ReplicationManager.java:306)
	at org.apache.hadoop.hdds.scm.container.replication.ReplicationManager.run(ReplicationManager.java:504)
	at java.lang.Thread.run(Thread.java:750)
2022-10-08 01:32:32,511 [ReplicationMonitor] INFO  replication.ReplicationManager (ReplicationManager.java:processAll(324)) - Replication Monitor Thread took 1 milliseconds for processing 7 containers.
2022-10-08 01:32:33,511 [ReplicationMonitor] ERROR scm.SCMCommonPlacementPolicy (SCMCommonPlacementPolicy.java:chooseDatanodesInternal(208)) - No healthy node found to allocate container.
2022-10-08 01:32:33,512 [ReplicationMonitor] WARN  replication.LegacyReplicationManager (LegacyReplicationManager.java:handleUnderReplicatedContainer(1228)) - Exception while replicating container 1.
org.apache.hadoop.hdds.scm.exceptions.SCMException: No healthy node found to allocate container.
	at org.apache.hadoop.hdds.scm.SCMCommonPlacementPolicy.chooseDatanodesInternal(SCMCommonPlacementPolicy.java:209)
	at org.apache.hadoop.hdds.scm.container.placement.algorithms.SCMContainerPlacementRandom.chooseDatanodesInternal(SCMContainerPlacementRandom.java:81)
	at org.apache.hadoop.hdds.scm.SCMCommonPlacementPolicy.chooseDatanodes(SCMCommonPlacementPolicy.java:175)
	at org.apache.hadoop.hdds.scm.SCMCommonPlacementPolicy.chooseDatanodes(SCMCommonPlacementPolicy.java:117)
	at org.apache.hadoop.hdds.scm.container.replication.LegacyReplicationManager.handleUnderReplicatedContainer(LegacyReplicationManager.java:1192)
	at org.apache.hadoop.hdds.scm.container.replication.LegacyReplicationManager.processContainer(LegacyReplicationManager.java:539)
	at org.apache.hadoop.hdds.scm.container.replication.ReplicationManager.processAll(ReplicationManager.java:306)
	at org.apache.hadoop.hdds.scm.container.replication.ReplicationManager.run(ReplicationManager.java:504)
	at java.lang.Thread.run(Thread.java:750)
2022-10-08 01:32:33,512 [ReplicationMonitor] ERROR scm.SCMCommonPlacementPolicy (SCMCommonPlacementPolicy.java:chooseDatanodesInternal(208)) - No healthy node found to allocate container.
2022-10-08 01:32:33,512 [ReplicationMonitor] WARN  replication.LegacyReplicationManager (LegacyReplicationManager.java:handleUnderReplicatedContainer(1228)) - Exception while replicating container 2.
org.apache.hadoop.hdds.scm.exceptions.SCMException: No healthy node found to allocate container.
	at org.apache.hadoop.hdds.scm.SCMCommonPlacementPolicy.chooseDatanodesInternal(SCMCommonPlacementPolicy.java:209)
	at org.apache.hadoop.hdds.scm.container.placement.algorithms.SCMContainerPlacementRandom.chooseDatanodesInternal(SCMContainerPlacementRandom.java:81)
	at org.apache.hadoop.hdds.scm.SCMCommonPlacementPolicy.chooseDatanodes(SCMCommonPlacementPolicy.java:175)
	at org.apache.hadoop.hdds.scm.SCMCommonPlacementPolicy.chooseDatanodes(SCMCommonPlacementPolicy.java:117)
	at org.apache.hadoop.hdds.scm.container.replication.LegacyReplicationManager.handleUnderReplicatedContainer(LegacyReplicationManager.java:1192)
	at org.apache.hadoop.hdds.scm.container.replication.LegacyReplicationManager.processContainer(LegacyReplicationManager.java:539)
	at org.apache.hadoop.hdds.scm.container.replication.ReplicationManager.processAll(ReplicationManager.java:306)
	at org.apache.hadoop.hdds.scm.container.replication.ReplicationManager.run(ReplicationManager.java:504)
	at java.lang.Thread.run(Thread.java:750)
2022-10-08 01:32:33,512 [ReplicationMonitor] ERROR scm.SCMCommonPlacementPolicy (SCMCommonPlacementPolicy.java:chooseDatanodesInternal(208)) - No healthy node found to allocate container.
2022-10-08 01:32:33,512 [ReplicationMonitor] WARN  replication.LegacyReplicationManager (LegacyReplicationManager.java:handleUnderReplicatedContainer(1228)) - Exception while replicating container 3.
org.apache.hadoop.hdds.scm.exceptions.SCMException: No healthy node found to allocate container.
	at org.apache.hadoop.hdds.scm.SCMCommonPlacementPolicy.chooseDatanodesInternal(SCMCommonPlacementPolicy.java:209)
	at org.apache.hadoop.hdds.scm.container.placement.algorithms.SCMContainerPlacementRandom.chooseDatanodesInternal(SCMContainerPlacementRandom.java:81)
	at org.apache.hadoop.hdds.scm.SCMCommonPlacementPolicy.chooseDatanodes(SCMCommonPlacementPolicy.java:175)
	at org.apache.hadoop.hdds.scm.SCMCommonPlacementPolicy.chooseDatanodes(SCMCommonPlacementPolicy.java:117)
	at org.apache.hadoop.hdds.scm.container.replication.LegacyReplicationManager.handleUnderReplicatedContainer(LegacyReplicationManager.java:1192)
	at org.apache.hadoop.hdds.scm.container.replication.LegacyReplicationManager.processContainer(LegacyReplicationManager.java:539)
	at org.apache.hadoop.hdds.scm.container.replication.ReplicationManager.processAll(ReplicationManager.java:306)
	at org.apache.hadoop.hdds.scm.container.replication.ReplicationManager.run(ReplicationManager.java:504)
	at java.lang.Thread.run(Thread.java:750)
2022-10-08 01:32:33,513 [ReplicationMonitor] INFO  replication.ReplicationManager (ReplicationManager.java:processAll(324)) - Replication Monitor Thread took 2 milliseconds for processing 7 containers.
2022-10-08 01:32:33,544 [ForkJoinPool.commonPool-worker-1] INFO  statemachine.DatanodeStateMachine (DatanodeStateMachine.java:stopDaemon(580)) - Ozone container server stopped.
2022-10-08 01:32:33,570 [ForkJoinPool.commonPool-worker-1] INFO  handler.ContextHandler (ContextHandler.java:doStop(1153)) - Stopped o.e.j.w.WebAppContext@28d8b9fd{hddsDatanode,/,null,STOPPED}{jar:file:/home/runner/.m2/repository/org/apache/ozone/hdds-container-service/1.3.0-SNAPSHOT/hdds-container-service-1.3.0-SNAPSHOT.jar!/webapps/hddsDatanode}
2022-10-08 01:32:33,571 [ForkJoinPool.commonPool-worker-1] INFO  server.AbstractConnector (AbstractConnector.java:doStop(381)) - Stopped ServerConnector@26941abd{HTTP/1.1, (http/1.1)}{0.0.0.0:0}
2022-10-08 01:32:33,571 [ForkJoinPool.commonPool-worker-1] INFO  server.session (HouseKeeper.java:stopScavenging(149)) - node0 Stopped scavenging
2022-10-08 01:32:33,586 [ForkJoinPool.commonPool-worker-1] INFO  handler.ContextHandler (ContextHandler.java:doStop(1153)) - Stopped o.e.j.s.ServletContextHandler@5bc0049d{static,/static,jar:file:/home/runner/.m2/repository/org/apache/ozone/hdds-container-service/1.3.0-SNAPSHOT/hdds-container-service-1.3.0-SNAPSHOT.jar!/webapps/static,STOPPED}
2022-10-08 01:32:33,590 [ForkJoinPool.commonPool-worker-1] INFO  handler.ContextHandler (ContextHandler.java:doStop(1153)) - Stopped o.e.j.s.ServletContextHandler@22e28ca1{logs,/logs,file:///home/runner/work/ozone/ozone/hadoop-ozone/integration-test/target/log,STOPPED}
2022-10-08 01:32:34,513 [ReplicationMonitor] ERROR scm.SCMCommonPlacementPolicy (SCMCommonPlacementPolicy.java:chooseDatanodesInternal(208)) - No healthy node found to allocate container.
2022-10-08 01:32:34,513 [ReplicationMonitor] WARN  replication.LegacyReplicationManager (LegacyReplicationManager.java:handleUnderReplicatedContainer(1228)) - Exception while replicating container 1.
org.apache.hadoop.hdds.scm.exceptions.SCMException: No healthy node found to allocate container.
	at org.apache.hadoop.hdds.scm.SCMCommonPlacementPolicy.chooseDatanodesInternal(SCMCommonPlacementPolicy.java:209)
	at org.apache.hadoop.hdds.scm.container.placement.algorithms.SCMContainerPlacementRandom.chooseDatanodesInternal(SCMContainerPlacementRandom.java:81)
	at org.apache.hadoop.hdds.scm.SCMCommonPlacementPolicy.chooseDatanodes(SCMCommonPlacementPolicy.java:175)
	at org.apache.hadoop.hdds.scm.SCMCommonPlacementPolicy.chooseDatanodes(SCMCommonPlacementPolicy.java:117)
	at org.apache.hadoop.hdds.scm.container.replication.LegacyReplicationManager.handleUnderReplicatedContainer(LegacyReplicationManager.java:1192)
	at org.apache.hadoop.hdds.scm.container.replication.LegacyReplicationManager.processContainer(LegacyReplicationManager.java:539)
	at org.apache.hadoop.hdds.scm.container.replication.ReplicationManager.processAll(ReplicationManager.java:306)
	at org.apache.hadoop.hdds.scm.container.replication.ReplicationManager.run(ReplicationManager.java:504)
	at java.lang.Thread.run(Thread.java:750)
2022-10-08 01:32:34,513 [ReplicationMonitor] ERROR scm.SCMCommonPlacementPolicy (SCMCommonPlacementPolicy.java:chooseDatanodesInternal(208)) - No healthy node found to allocate container.
2022-10-08 01:32:34,514 [ReplicationMonitor] WARN  replication.LegacyReplicationManager (LegacyReplicationManager.java:handleUnderReplicatedContainer(1228)) - Exception while replicating container 2.
org.apache.hadoop.hdds.scm.exceptions.SCMException: No healthy node found to allocate container.
	at org.apache.hadoop.hdds.scm.SCMCommonPlacementPolicy.chooseDatanodesInternal(SCMCommonPlacementPolicy.java:209)
	at org.apache.hadoop.hdds.scm.container.placement.algorithms.SCMContainerPlacementRandom.chooseDatanodesInternal(SCMContainerPlacementRandom.java:81)
	at org.apache.hadoop.hdds.scm.SCMCommonPlacementPolicy.chooseDatanodes(SCMCommonPlacementPolicy.java:175)
	at org.apache.hadoop.hdds.scm.SCMCommonPlacementPolicy.chooseDatanodes(SCMCommonPlacementPolicy.java:117)
	at org.apache.hadoop.hdds.scm.container.replication.LegacyReplicationManager.handleUnderReplicatedContainer(LegacyReplicationManager.java:1192)
	at org.apache.hadoop.hdds.scm.container.replication.LegacyReplicationManager.processContainer(LegacyReplicationManager.java:539)
	at org.apache.hadoop.hdds.scm.container.replication.ReplicationManager.processAll(ReplicationManager.java:306)
	at org.apache.hadoop.hdds.scm.container.replication.ReplicationManager.run(ReplicationManager.java:504)
	at java.lang.Thread.run(Thread.java:750)
2022-10-08 01:32:34,514 [ReplicationMonitor] ERROR scm.SCMCommonPlacementPolicy (SCMCommonPlacementPolicy.java:chooseDatanodesInternal(208)) - No healthy node found to allocate container.
2022-10-08 01:32:34,514 [ReplicationMonitor] WARN  replication.LegacyReplicationManager (LegacyReplicationManager.java:handleUnderReplicatedContainer(1228)) - Exception while replicating container 3.
org.apache.hadoop.hdds.scm.exceptions.SCMException: No healthy node found to allocate container.
	at org.apache.hadoop.hdds.scm.SCMCommonPlacementPolicy.chooseDatanodesInternal(SCMCommonPlacementPolicy.java:209)
	at org.apache.hadoop.hdds.scm.container.placement.algorithms.SCMContainerPlacementRandom.chooseDatanodesInternal(SCMContainerPlacementRandom.java:81)
	at org.apache.hadoop.hdds.scm.SCMCommonPlacementPolicy.chooseDatanodes(SCMCommonPlacementPolicy.java:175)
	at org.apache.hadoop.hdds.scm.SCMCommonPlacementPolicy.chooseDatanodes(SCMCommonPlacementPolicy.java:117)
	at org.apache.hadoop.hdds.scm.container.replication.LegacyReplicationManager.handleUnderReplicatedContainer(LegacyReplicationManager.java:1192)
	at org.apache.hadoop.hdds.scm.container.replication.LegacyReplicationManager.processContainer(LegacyReplicationManager.java:539)
	at org.apache.hadoop.hdds.scm.container.replication.ReplicationManager.processAll(ReplicationManager.java:306)
	at org.apache.hadoop.hdds.scm.container.replication.ReplicationManager.run(ReplicationManager.java:504)
	at java.lang.Thread.run(Thread.java:750)
2022-10-08 01:32:34,514 [ReplicationMonitor] INFO  replication.ReplicationManager (ReplicationManager.java:processAll(324)) - Replication Monitor Thread took 1 milliseconds for processing 7 containers.
2022-10-08 01:32:35,096 [Listener at 127.0.0.1/46853] INFO  statemachine.DatanodeStateMachine (DatanodeStateMachine.java:stopDaemon(580)) - Ozone container server stopped.
2022-10-08 01:32:35,106 [Listener at 127.0.0.1/46853] INFO  handler.ContextHandler (ContextHandler.java:doStop(1153)) - Stopped o.e.j.w.WebAppContext@647d59f4{hddsDatanode,/,null,STOPPED}{jar:file:/home/runner/.m2/repository/org/apache/ozone/hdds-container-service/1.3.0-SNAPSHOT/hdds-container-service-1.3.0-SNAPSHOT.jar!/webapps/hddsDatanode}
2022-10-08 01:32:35,112 [Listener at 127.0.0.1/46853] INFO  server.AbstractConnector (AbstractConnector.java:doStop(381)) - Stopped ServerConnector@266d167e{HTTP/1.1, (http/1.1)}{0.0.0.0:0}
2022-10-08 01:32:35,112 [Listener at 127.0.0.1/46853] INFO  server.session (HouseKeeper.java:stopScavenging(149)) - node0 Stopped scavenging
2022-10-08 01:32:35,112 [Listener at 127.0.0.1/46853] INFO  handler.ContextHandler (ContextHandler.java:doStop(1153)) - Stopped o.e.j.s.ServletContextHandler@1614f0b3{static,/static,jar:file:/home/runner/.m2/repository/org/apache/ozone/hdds-container-service/1.3.0-SNAPSHOT/hdds-container-service-1.3.0-SNAPSHOT.jar!/webapps/static,STOPPED}
2022-10-08 01:32:35,112 [Listener at 127.0.0.1/46853] INFO  handler.ContextHandler (ContextHandler.java:doStop(1153)) - Stopped o.e.j.s.ServletContextHandler@5cfa490b{logs,/logs,file:///home/runner/work/ozone/ozone/hadoop-ozone/integration-test/target/log,STOPPED}
2022-10-08 01:32:35,515 [ReplicationMonitor] ERROR scm.SCMCommonPlacementPolicy (SCMCommonPlacementPolicy.java:chooseDatanodesInternal(208)) - No healthy node found to allocate container.
2022-10-08 01:32:35,515 [ReplicationMonitor] WARN  replication.LegacyReplicationManager (LegacyReplicationManager.java:handleUnderReplicatedContainer(1228)) - Exception while replicating container 1.
org.apache.hadoop.hdds.scm.exceptions.SCMException: No healthy node found to allocate container.
	at org.apache.hadoop.hdds.scm.SCMCommonPlacementPolicy.chooseDatanodesInternal(SCMCommonPlacementPolicy.java:209)
	at org.apache.hadoop.hdds.scm.container.placement.algorithms.SCMContainerPlacementRandom.chooseDatanodesInternal(SCMContainerPlacementRandom.java:81)
	at org.apache.hadoop.hdds.scm.SCMCommonPlacementPolicy.chooseDatanodes(SCMCommonPlacementPolicy.java:175)
	at org.apache.hadoop.hdds.scm.SCMCommonPlacementPolicy.chooseDatanodes(SCMCommonPlacementPolicy.java:117)
	at org.apache.hadoop.hdds.scm.container.replication.LegacyReplicationManager.handleUnderReplicatedContainer(LegacyReplicationManager.java:1192)
	at org.apache.hadoop.hdds.scm.container.replication.LegacyReplicationManager.processContainer(LegacyReplicationManager.java:539)
	at org.apache.hadoop.hdds.scm.container.replication.ReplicationManager.processAll(ReplicationManager.java:306)
	at org.apache.hadoop.hdds.scm.container.replication.ReplicationManager.run(ReplicationManager.java:504)
	at java.lang.Thread.run(Thread.java:750)
2022-10-08 01:32:35,515 [ReplicationMonitor] ERROR scm.SCMCommonPlacementPolicy (SCMCommonPlacementPolicy.java:chooseDatanodesInternal(208)) - No healthy node found to allocate container.
2022-10-08 01:32:35,515 [ReplicationMonitor] WARN  replication.LegacyReplicationManager (LegacyReplicationManager.java:handleUnderReplicatedContainer(1228)) - Exception while replicating container 2.
org.apache.hadoop.hdds.scm.exceptions.SCMException: No healthy node found to allocate container.
	at org.apache.hadoop.hdds.scm.SCMCommonPlacementPolicy.chooseDatanodesInternal(SCMCommonPlacementPolicy.java:209)
	at org.apache.hadoop.hdds.scm.container.placement.algorithms.SCMContainerPlacementRandom.chooseDatanodesInternal(SCMContainerPlacementRandom.java:81)
	at org.apache.hadoop.hdds.scm.SCMCommonPlacementPolicy.chooseDatanodes(SCMCommonPlacementPolicy.java:175)
	at org.apache.hadoop.hdds.scm.SCMCommonPlacementPolicy.chooseDatanodes(SCMCommonPlacementPolicy.java:117)
	at org.apache.hadoop.hdds.scm.container.replication.LegacyReplicationManager.handleUnderReplicatedContainer(LegacyReplicationManager.java:1192)
	at org.apache.hadoop.hdds.scm.container.replication.LegacyReplicationManager.processContainer(LegacyReplicationManager.java:539)
	at org.apache.hadoop.hdds.scm.container.replication.ReplicationManager.processAll(ReplicationManager.java:306)
	at org.apache.hadoop.hdds.scm.container.replication.ReplicationManager.run(ReplicationManager.java:504)
	at java.lang.Thread.run(Thread.java:750)
2022-10-08 01:32:35,516 [ReplicationMonitor] ERROR scm.SCMCommonPlacementPolicy (SCMCommonPlacementPolicy.java:chooseDatanodesInternal(208)) - No healthy node found to allocate container.
2022-10-08 01:32:35,516 [ReplicationMonitor] WARN  replication.LegacyReplicationManager (LegacyReplicationManager.java:handleUnderReplicatedContainer(1228)) - Exception while replicating container 3.
org.apache.hadoop.hdds.scm.exceptions.SCMException: No healthy node found to allocate container.
	at org.apache.hadoop.hdds.scm.SCMCommonPlacementPolicy.chooseDatanodesInternal(SCMCommonPlacementPolicy.java:209)
	at org.apache.hadoop.hdds.scm.container.placement.algorithms.SCMContainerPlacementRandom.chooseDatanodesInternal(SCMContainerPlacementRandom.java:81)
	at org.apache.hadoop.hdds.scm.SCMCommonPlacementPolicy.chooseDatanodes(SCMCommonPlacementPolicy.java:175)
	at org.apache.hadoop.hdds.scm.SCMCommonPlacementPolicy.chooseDatanodes(SCMCommonPlacementPolicy.java:117)
	at org.apache.hadoop.hdds.scm.container.replication.LegacyReplicationManager.handleUnderReplicatedContainer(LegacyReplicationManager.java:1192)
	at org.apache.hadoop.hdds.scm.container.replication.LegacyReplicationManager.processContainer(LegacyReplicationManager.java:539)
	at org.apache.hadoop.hdds.scm.container.replication.ReplicationManager.processAll(ReplicationManager.java:306)
	at org.apache.hadoop.hdds.scm.container.replication.ReplicationManager.run(ReplicationManager.java:504)
	at java.lang.Thread.run(Thread.java:750)
2022-10-08 01:32:35,524 [ReplicationMonitor] INFO  replication.ReplicationManager (ReplicationManager.java:processAll(324)) - Replication Monitor Thread took 10 milliseconds for processing 7 containers.
2022-10-08 01:32:36,103 [EventQueue-StaleNodeForStaleNodeHandler] INFO  node.StaleNodeHandler (StaleNodeHandler.java:onMessage(59)) - Datanode a84413c3-fab5-4bb4-8251-7613d0a65916{ip: 10.1.0.61, host: fv-az180-867.g3pwtgv4ffyuhaixmbmm0kyh3d.gx.internal.cloudapp.net, ports: [REPLICATION=38079, RATIS=34151, RATIS_ADMIN=34151, RATIS_SERVER=34151, STANDALONE=33593], networkLocation: /default-rack, certSerialId: null, persistedOpState: IN_SERVICE, persistedOpStateExpiryEpochSec: 0} moved to stale state. Finalizing its pipelines [PipelineID=02a84043-ca47-4f85-b860-727398853f70]
2022-10-08 01:32:36,103 [EventQueue-StaleNodeForStaleNodeHandler] INFO  pipeline.PipelineManagerImpl (PipelineManagerImpl.java:closePipeline(442)) - Pipeline Pipeline[ Id: 02a84043-ca47-4f85-b860-727398853f70, Nodes: a84413c3-fab5-4bb4-8251-7613d0a65916{ip: 10.1.0.61, host: fv-az180-867.g3pwtgv4ffyuhaixmbmm0kyh3d.gx.internal.cloudapp.net, ports: [REPLICATION=38079, RATIS=34151, RATIS_ADMIN=34151, RATIS_SERVER=34151, STANDALONE=33593], networkLocation: /default-rack, certSerialId: null, persistedOpState: IN_SERVICE, persistedOpStateExpiryEpochSec: 0}, ReplicationConfig: RATIS/ONE, State:OPEN, leaderId:a84413c3-fab5-4bb4-8251-7613d0a65916, CreationTimestamp2022-10-08T01:31:28.379Z[Etc/UTC]] moved to CLOSED state
2022-10-08 01:32:36,524 [ReplicationMonitor] WARN  replication.LegacyReplicationManager (LegacyReplicationManager.java:handleUnderReplicatedContainer(1224)) - Cannot replicate container #1, no healthy replica found.
2022-10-08 01:32:36,524 [ReplicationMonitor] WARN  replication.LegacyReplicationManager (LegacyReplicationManager.java:handleUnderReplicatedContainer(1224)) - Cannot replicate container #2, no healthy replica found.
2022-10-08 01:32:36,524 [ReplicationMonitor] WARN  replication.LegacyReplicationManager (LegacyReplicationManager.java:handleUnderReplicatedContainer(1224)) - Cannot replicate container #3, no healthy replica found.
2022-10-08 01:32:36,525 [ReplicationMonitor] INFO  replication.ReplicationManager (ReplicationManager.java:processAll(324)) - Replication Monitor Thread took 1 milliseconds for processing 7 containers.
2022-10-08 01:32:37,525 [ReplicationMonitor] WARN  replication.LegacyReplicationManager (LegacyReplicationManager.java:handleUnderReplicatedContainer(1224)) - Cannot replicate container #1, no healthy replica found.
2022-10-08 01:32:37,525 [ReplicationMonitor] WARN  replication.LegacyReplicationManager (LegacyReplicationManager.java:handleUnderReplicatedContainer(1224)) - Cannot replicate container #2, no healthy replica found.
2022-10-08 01:32:37,525 [ReplicationMonitor] WARN  replication.LegacyReplicationManager (LegacyReplicationManager.java:handleUnderReplicatedContainer(1224)) - Cannot replicate container #3, no healthy replica found.
2022-10-08 01:32:37,526 [ReplicationMonitor] INFO  replication.ReplicationManager (ReplicationManager.java:processAll(324)) - Replication Monitor Thread took 1 milliseconds for processing 7 containers.
2022-10-08 01:32:38,526 [ReplicationMonitor] WARN  replication.LegacyReplicationManager (LegacyReplicationManager.java:handleUnderReplicatedContainer(1224)) - Cannot replicate container #1, no healthy replica found.
2022-10-08 01:32:38,526 [ReplicationMonitor] WARN  replication.LegacyReplicationManager (LegacyReplicationManager.java:handleUnderReplicatedContainer(1224)) - Cannot replicate container #2, no healthy replica found.
2022-10-08 01:32:38,526 [ReplicationMonitor] WARN  replication.LegacyReplicationManager (LegacyReplicationManager.java:handleUnderReplicatedContainer(1224)) - Cannot replicate container #3, no healthy replica found.
2022-10-08 01:32:38,526 [ReplicationMonitor] INFO  replication.ReplicationManager (ReplicationManager.java:processAll(324)) - Replication Monitor Thread took 1 milliseconds for processing 7 containers.
2022-10-08 01:32:38,594 [ForkJoinPool.commonPool-worker-1] INFO  ozoneimpl.OzoneContainer (OzoneContainer.java:stop(400)) - Attempting to stop container services.
2022-10-08 01:32:38,594 [ForkJoinPool.commonPool-worker-1] INFO  server.RaftServer (RaftServerProxy.java:lambda$close$7(398)) - a84413c3-fab5-4bb4-8251-7613d0a65916: close
2022-10-08 01:32:38,594 [ForkJoinPool.commonPool-worker-1] INFO  server.RaftServer$Division (RaftServerImpl.java:lambda$close$4(434)) - a84413c3-fab5-4bb4-8251-7613d0a65916@group-727398853F70: shutdown
2022-10-08 01:32:38,594 [ForkJoinPool.commonPool-worker-1] INFO  util.JmxRegister (JmxRegister.java:unregister(73)) - Successfully un-registered JMX Bean with object name Ratis:service=RaftServer,group=group-727398853F70,id=a84413c3-fab5-4bb4-8251-7613d0a65916
2022-10-08 01:32:38,594 [ForkJoinPool.commonPool-worker-1] INFO  impl.RoleInfo (RoleInfo.java:shutdownLeaderState(93)) - a84413c3-fab5-4bb4-8251-7613d0a65916: shutdown a84413c3-fab5-4bb4-8251-7613d0a65916@group-727398853F70-LeaderStateImpl
2022-10-08 01:32:38,595 [ForkJoinPool.commonPool-worker-1] INFO  impl.PendingRequests (PendingRequests.java:sendNotLeaderResponses(282)) - a84413c3-fab5-4bb4-8251-7613d0a65916@group-727398853F70-PendingRequests: sendNotLeaderResponses
2022-10-08 01:32:38,595 [ForkJoinPool.commonPool-worker-1] INFO  impl.StateMachineUpdater (StateMachineUpdater.java:stopAndJoin(153)) - a84413c3-fab5-4bb4-8251-7613d0a65916@group-727398853F70-StateMachineUpdater: set stopIndex = 0
2022-10-08 01:32:38,595 [a84413c3-fab5-4bb4-8251-7613d0a65916@group-727398853F70-StateMachineUpdater] INFO  ratis.ContainerStateMachine (ContainerStateMachine.java:takeSnapshot(304)) - group-727398853F70: Taking a snapshot at:(t:1, i:0) file /home/runner/work/ozone/ozone/hadoop-ozone/integration-test/target/test-dir/MiniOzoneClusterImpl-c72639db-50b4-484a-b3ab-3c380931c8c6/datanode-3/data/ratis/02a84043-ca47-4f85-b860-727398853f70/sm/snapshot.1_0
2022-10-08 01:32:38,606 [a84413c3-fab5-4bb4-8251-7613d0a65916@group-727398853F70-StateMachineUpdater] INFO  ratis.ContainerStateMachine (ContainerStateMachine.java:takeSnapshot(315)) - group-727398853F70: Finished taking a snapshot at:(t:1, i:0) file:/home/runner/work/ozone/ozone/hadoop-ozone/integration-test/target/test-dir/MiniOzoneClusterImpl-c72639db-50b4-484a-b3ab-3c380931c8c6/datanode-3/data/ratis/02a84043-ca47-4f85-b860-727398853f70/sm/snapshot.1_0 took: 11 ms
2022-10-08 01:32:38,607 [a84413c3-fab5-4bb4-8251-7613d0a65916@group-727398853F70-StateMachineUpdater] INFO  impl.StateMachineUpdater (StateMachineUpdater.java:takeSnapshot(287)) - a84413c3-fab5-4bb4-8251-7613d0a65916@group-727398853F70-StateMachineUpdater: Took a snapshot at index 0
2022-10-08 01:32:38,607 [a84413c3-fab5-4bb4-8251-7613d0a65916@group-727398853F70-StateMachineUpdater] INFO  impl.StateMachineUpdater (StateMachineUpdater.java:lambda$new$0(92)) - a84413c3-fab5-4bb4-8251-7613d0a65916@group-727398853F70-StateMachineUpdater: snapshotIndex: updateIncreasingly -1 -> 0
2022-10-08 01:32:38,607 [ForkJoinPool.commonPool-worker-1] INFO  server.RaftServer$Division (ServerState.java:close(429)) - a84413c3-fab5-4bb4-8251-7613d0a65916@group-727398853F70: closes. applyIndex: 0
2022-10-08 01:32:38,607 [a84413c3-fab5-4bb4-8251-7613d0a65916@group-727398853F70-SegmentedRaftLogWorker] INFO  segmented.SegmentedRaftLogWorker (SegmentedRaftLogWorker.java:run(336)) - a84413c3-fab5-4bb4-8251-7613d0a65916@group-727398853F70-SegmentedRaftLogWorker was interrupted, exiting. There are 0 tasks remaining in the queue.
2022-10-08 01:32:38,608 [ForkJoinPool.commonPool-worker-1] INFO  segmented.SegmentedRaftLogWorker (SegmentedRaftLogWorker.java:close(246)) - a84413c3-fab5-4bb4-8251-7613d0a65916@group-727398853F70-SegmentedRaftLogWorker close()
2022-10-08 01:32:38,610 [ForkJoinPool.commonPool-worker-1] INFO  server.GrpcService (GrpcService.java:closeImpl(269)) - a84413c3-fab5-4bb4-8251-7613d0a65916: shutdown server with port 34151 now
2022-10-08 01:32:38,611 [ForkJoinPool.commonPool-worker-1] INFO  server.GrpcService (GrpcService.java:closeImpl(278)) - a84413c3-fab5-4bb4-8251-7613d0a65916: shutdown server with port 34151 successfully
2022-10-08 01:32:38,612 [org.apache.ratis.util.JvmPauseMonitor$$Lambda$636/846962177@53bfbecf] INFO  util.JvmPauseMonitor (JvmPauseMonitor.java:run(109)) - JvmPauseMonitor-a84413c3-fab5-4bb4-8251-7613d0a65916: Stopped
2022-10-08 01:32:39,106 [EventQueue-DeadNodeForDeadNodeHandler] INFO  node.DeadNodeHandler (DeadNodeHandler.java:onMessage(81)) - A dead datanode is detected. a84413c3-fab5-4bb4-8251-7613d0a65916{ip: 10.1.0.61, host: fv-az180-867.g3pwtgv4ffyuhaixmbmm0kyh3d.gx.internal.cloudapp.net, ports: [REPLICATION=38079, RATIS=34151, RATIS_ADMIN=34151, RATIS_SERVER=34151, STANDALONE=33593], networkLocation: /default-rack, certSerialId: null, persistedOpState: IN_SERVICE, persistedOpStateExpiryEpochSec: 0}
2022-10-08 01:32:39,106 [EventQueue-DeadNodeForDeadNodeHandler] INFO  pipeline.RatisPipelineProvider (RatisPipelineProvider.java:lambda$close$1(244)) - Send pipeline:PipelineID=02a84043-ca47-4f85-b860-727398853f70 close command to datanode a84413c3-fab5-4bb4-8251-7613d0a65916
2022-10-08 01:32:39,106 [EventQueue-DeadNodeForDeadNodeHandler] INFO  pipeline.PipelineStateManagerImpl (PipelineStateManagerImpl.java:removePipeline(245)) - Pipeline Pipeline[ Id: 02a84043-ca47-4f85-b860-727398853f70, Nodes: a84413c3-fab5-4bb4-8251-7613d0a65916{ip: 10.1.0.61, host: fv-az180-867.g3pwtgv4ffyuhaixmbmm0kyh3d.gx.internal.cloudapp.net, ports: [REPLICATION=38079, RATIS=34151, RATIS_ADMIN=34151, RATIS_SERVER=34151, STANDALONE=33593], networkLocation: /default-rack, certSerialId: null, persistedOpState: IN_SERVICE, persistedOpStateExpiryEpochSec: 0}, ReplicationConfig: RATIS/ONE, State:CLOSED, leaderId:a84413c3-fab5-4bb4-8251-7613d0a65916, CreationTimestamp2022-10-08T01:31:28.379Z[Etc/UTC]] removed.
2022-10-08 01:32:39,107 [EventQueue-DeadNodeForDeadNodeHandler] INFO  net.NetworkTopologyImpl (NetworkTopologyImpl.java:remove(190)) - Removed a node: /default-rack/a84413c3-fab5-4bb4-8251-7613d0a65916
2022-10-08 01:32:39,527 [ReplicationMonitor] WARN  replication.LegacyReplicationManager (LegacyReplicationManager.java:handleUnderReplicatedContainer(1224)) - Cannot replicate container #1, no healthy replica found.
2022-10-08 01:32:39,527 [ReplicationMonitor] WARN  replication.LegacyReplicationManager (LegacyReplicationManager.java:handleUnderReplicatedContainer(1224)) - Cannot replicate container #2, no healthy replica found.
2022-10-08 01:32:39,527 [ReplicationMonitor] WARN  replication.LegacyReplicationManager (LegacyReplicationManager.java:handleUnderReplicatedContainer(1224)) - Cannot replicate container #3, no healthy replica found.
2022-10-08 01:32:39,527 [ReplicationMonitor] INFO  replication.ReplicationManager (ReplicationManager.java:processAll(324)) - Replication Monitor Thread took 0 milliseconds for processing 7 containers.
2022-10-08 01:32:40,528 [ReplicationMonitor] WARN  replication.LegacyReplicationManager (LegacyReplicationManager.java:handleUnderReplicatedContainer(1224)) - Cannot replicate container #1, no healthy replica found.
2022-10-08 01:32:40,528 [ReplicationMonitor] WARN  replication.LegacyReplicationManager (LegacyReplicationManager.java:handleUnderReplicatedContainer(1224)) - Cannot replicate container #2, no healthy replica found.
2022-10-08 01:32:40,528 [ReplicationMonitor] WARN  replication.LegacyReplicationManager (LegacyReplicationManager.java:handleUnderReplicatedContainer(1224)) - Cannot replicate container #3, no healthy replica found.
2022-10-08 01:32:40,528 [ReplicationMonitor] INFO  replication.ReplicationManager (ReplicationManager.java:processAll(324)) - Replication Monitor Thread took 1 milliseconds for processing 7 containers.
2022-10-08 01:32:40,672 [ForkJoinPool.commonPool-worker-1] INFO  utils.BackgroundService (BackgroundService.java:shutdown(141)) - Shutting down service BlockDeletingService
2022-10-08 01:32:40,677 [ForkJoinPool.commonPool-worker-1] INFO  utils.BackgroundService (BackgroundService.java:shutdown(141)) - Shutting down service StaleRecoveringContainerScrubbingService
2022-10-08 01:32:41,528 [ReplicationMonitor] WARN  replication.LegacyReplicationManager (LegacyReplicationManager.java:handleUnderReplicatedContainer(1224)) - Cannot replicate container #1, no healthy replica found.
2022-10-08 01:32:41,529 [ReplicationMonitor] WARN  replication.LegacyReplicationManager (LegacyReplicationManager.java:handleUnderReplicatedContainer(1224)) - Cannot replicate container #2, no healthy replica found.
2022-10-08 01:32:41,529 [ReplicationMonitor] WARN  replication.LegacyReplicationManager (LegacyReplicationManager.java:handleUnderReplicatedContainer(1224)) - Cannot replicate container #3, no healthy replica found.
2022-10-08 01:32:41,529 [ReplicationMonitor] INFO  replication.ReplicationManager (ReplicationManager.java:processAll(324)) - Replication Monitor Thread took 1 milliseconds for processing 7 containers.
2022-10-08 01:32:42,529 [ReplicationMonitor] WARN  replication.LegacyReplicationManager (LegacyReplicationManager.java:handleUnderReplicatedContainer(1224)) - Cannot replicate container #1, no healthy replica found.
2022-10-08 01:32:42,529 [ReplicationMonitor] WARN  replication.LegacyReplicationManager (LegacyReplicationManager.java:handleUnderReplicatedContainer(1224)) - Cannot replicate container #2, no healthy replica found.
2022-10-08 01:32:42,530 [ReplicationMonitor] WARN  replication.LegacyReplicationManager (LegacyReplicationManager.java:handleUnderReplicatedContainer(1224)) - Cannot replicate container #3, no healthy replica found.
2022-10-08 01:32:42,530 [ReplicationMonitor] INFO  replication.ReplicationManager (ReplicationManager.java:processAll(324)) - Replication Monitor Thread took 1 milliseconds for processing 7 containers.
2022-10-08 01:32:43,530 [ReplicationMonitor] WARN  replication.LegacyReplicationManager (LegacyReplicationManager.java:handleUnderReplicatedContainer(1224)) - Cannot replicate container #1, no healthy replica found.
2022-10-08 01:32:43,530 [ReplicationMonitor] WARN  replication.LegacyReplicationManager (LegacyReplicationManager.java:handleUnderReplicatedContainer(1224)) - Cannot replicate container #2, no healthy replica found.
2022-10-08 01:32:43,530 [ReplicationMonitor] WARN  replication.LegacyReplicationManager (LegacyReplicationManager.java:handleUnderReplicatedContainer(1224)) - Cannot replicate container #3, no healthy replica found.
2022-10-08 01:32:43,531 [ReplicationMonitor] INFO  replication.ReplicationManager (ReplicationManager.java:processAll(324)) - Replication Monitor Thread took 1 milliseconds for processing 7 containers.
2022-10-08 01:32:43,691 [ForkJoinPool.commonPool-worker-1] INFO  statemachine.DatanodeStateMachine (DatanodeStateMachine.java:stopDaemon(580)) - Ozone container server stopped.
2022-10-08 01:32:43,736 [ForkJoinPool.commonPool-worker-1] INFO  handler.ContextHandler (ContextHandler.java:doStop(1153)) - Stopped o.e.j.w.WebAppContext@fa67eb6{hddsDatanode,/,null,STOPPED}{jar:file:/home/runner/.m2/repository/org/apache/ozone/hdds-container-service/1.3.0-SNAPSHOT/hdds-container-service-1.3.0-SNAPSHOT.jar!/webapps/hddsDatanode}
2022-10-08 01:32:43,736 [ForkJoinPool.commonPool-worker-1] INFO  server.AbstractConnector (AbstractConnector.java:doStop(381)) - Stopped ServerConnector@25e0a6e8{HTTP/1.1, (http/1.1)}{0.0.0.0:0}
2022-10-08 01:32:43,736 [ForkJoinPool.commonPool-worker-1] INFO  server.session (HouseKeeper.java:stopScavenging(149)) - node0 Stopped scavenging
2022-10-08 01:32:43,740 [ForkJoinPool.commonPool-worker-1] INFO  handler.ContextHandler (ContextHandler.java:doStop(1153)) - Stopped o.e.j.s.ServletContextHandler@3de93002{static,/static,jar:file:/home/runner/.m2/repository/org/apache/ozone/hdds-container-service/1.3.0-SNAPSHOT/hdds-container-service-1.3.0-SNAPSHOT.jar!/webapps/static,STOPPED}
2022-10-08 01:32:43,748 [ForkJoinPool.commonPool-worker-1] INFO  handler.ContextHandler (ContextHandler.java:doStop(1153)) - Stopped o.e.j.s.ServletContextHandler@1ca89564{logs,/logs,file:///home/runner/work/ozone/ozone/hadoop-ozone/integration-test/target/log,STOPPED}
2022-10-08 01:32:43,757 [Listener at 127.0.0.1/46853] INFO  ozone.MiniOzoneClusterImpl (MiniOzoneClusterImpl.java:stopSCM(537)) - Stopping the StorageContainerManager
2022-10-08 01:32:43,757 [Listener at 127.0.0.1/46853] INFO  server.StorageContainerManager (StorageContainerManager.java:stop(1528)) - Container Balancer is not running.
2022-10-08 01:32:43,757 [Listener at 127.0.0.1/46853] INFO  server.StorageContainerManager (StorageContainerManager.java:stop(1535)) - Stopping Replication Manager Service.
2022-10-08 01:32:43,757 [Listener at 127.0.0.1/46853] INFO  replication.ReplicationManager (ReplicationManager.java:stop(257)) - Stopping Replication Monitor Thread.
2022-10-08 01:32:43,757 [Listener at 127.0.0.1/46853] INFO  server.StorageContainerManager (StorageContainerManager.java:stop(1542)) - Stopping the Datanode Admin Monitor.
2022-10-08 01:32:43,757 [Listener at 127.0.0.1/46853] INFO  server.StorageContainerManager (StorageContainerManager.java:stop(1549)) - Stopping Lease Manager of the command watchers
2022-10-08 01:32:43,757 [Listener at 127.0.0.1/46853] INFO  server.StorageContainerManager (StorageContainerManager.java:stop(1556)) - Stopping datanode service RPC server
2022-10-08 01:32:43,757 [Listener at 127.0.0.1/46853] INFO  server.SCMDatanodeProtocolServer (SCMDatanodeProtocolServer.java:stop(414)) - Stopping the RPC server for DataNodes
2022-10-08 01:32:43,757 [Listener at 127.0.0.1/46853] INFO  ipc.Server (Server.java:stop(3414)) - Stopping server on 33145
2022-10-08 01:32:43,758 [Under Replicated Processor] WARN  replication.UnderReplicatedProcessor (UnderReplicatedProcessor.java:run(148)) - Under Replicated Processor interrupted. Exiting...
2022-10-08 01:32:43,759 [IPC Server Responder] INFO  ipc.Server (Server.java:run(1512)) - Stopping IPC Server Responder
2022-10-08 01:32:43,760 [Over Replicated Processor] WARN  replication.OverReplicatedProcessor (OverReplicatedProcessor.java:run(137)) - Over Replicated Processor interrupted. Exiting...
2022-10-08 01:32:43,760 [ReplicationMonitor] INFO  replication.ReplicationManager (ReplicationManager.java:run(509)) - Replication Monitor Thread is stopped
2022-10-08 01:32:43,763 [IPC Server listener on 0] INFO  ipc.Server (Server.java:run(1376)) - Stopping IPC Server listener on 0
2022-10-08 01:32:43,826 [SCM Heartbeat Processing Thread - 0] WARN  node.NodeStateManager (NodeStateManager.java:scheduleNextHealthCheck(870)) - Current Thread is interrupted, shutting down HB processing thread for Node Manager.
2022-10-08 01:32:43,826 [Listener at 127.0.0.1/46853] INFO  server.StorageContainerManager (StorageContainerManager.java:stop(1564)) - Stopping block service RPC server
2022-10-08 01:32:43,826 [Listener at 127.0.0.1/46853] INFO  server.SCMBlockProtocolServer (SCMBlockProtocolServer.java:stop(161)) - Stopping the RPC server for Block Protocol
2022-10-08 01:32:43,826 [Listener at 127.0.0.1/46853] INFO  ipc.Server (Server.java:stop(3414)) - Stopping server on 43427
2022-10-08 01:32:43,828 [IPC Server Responder] INFO  ipc.Server (Server.java:run(1512)) - Stopping IPC Server Responder
2022-10-08 01:32:43,828 [Listener at 127.0.0.1/46853] INFO  server.StorageContainerManager (StorageContainerManager.java:stop(1571)) - Stopping the StorageContainerLocationProtocol RPC server
2022-10-08 01:32:43,828 [Listener at 127.0.0.1/46853] INFO  server.SCMClientProtocolServer (SCMClientProtocolServer.java:stop(179)) - Stopping the RPC server for Client Protocol
2022-10-08 01:32:43,828 [Listener at 127.0.0.1/46853] INFO  ipc.Server (Server.java:stop(3414)) - Stopping server on 39957
2022-10-08 01:32:43,829 [IPC Server listener on 0] INFO  ipc.Server (Server.java:run(1376)) - Stopping IPC Server listener on 0
2022-10-08 01:32:43,830 [IPC Server Responder] INFO  ipc.Server (Server.java:run(1512)) - Stopping IPC Server Responder
2022-10-08 01:32:43,830 [Listener at 127.0.0.1/46853] INFO  server.StorageContainerManager (StorageContainerManager.java:stop(1578)) - Stopping Storage Container Manager HTTP server.
2022-10-08 01:32:43,830 [Listener at 127.0.0.1/46853] INFO  handler.ContextHandler (ContextHandler.java:doStop(1153)) - Stopped o.e.j.w.WebAppContext@b60c938{scm,/,null,STOPPED}{file:/home/runner/work/ozone/ozone/hadoop-ozone/integration-test/target/test-classes/webapps/scm}
2022-10-08 01:32:43,831 [IPC Server listener on 0] INFO  ipc.Server (Server.java:run(1376)) - Stopping IPC Server listener on 0
2022-10-08 01:32:43,831 [Listener at 127.0.0.1/46853] INFO  server.AbstractConnector (AbstractConnector.java:doStop(381)) - Stopped ServerConnector@3bfce258{HTTP/1.1, (http/1.1)}{0.0.0.0:0}
2022-10-08 01:32:43,831 [Listener at 127.0.0.1/46853] INFO  server.session (HouseKeeper.java:stopScavenging(149)) - node0 Stopped scavenging
2022-10-08 01:32:43,831 [Listener at 127.0.0.1/46853] INFO  handler.ContextHandler (ContextHandler.java:doStop(1153)) - Stopped o.e.j.s.ServletContextHandler@7c966969{static,/static,file:///home/runner/work/ozone/ozone/hadoop-ozone/integration-test/target/test-classes/webapps/static,STOPPED}
2022-10-08 01:32:43,831 [Listener at 127.0.0.1/46853] INFO  handler.ContextHandler (ContextHandler.java:doStop(1153)) - Stopped o.e.j.s.ServletContextHandler@42ee28e{logs,/logs,file:///home/runner/work/ozone/ozone/hadoop-ozone/integration-test/target/log,STOPPED}
2022-10-08 01:32:43,844 [Listener at 127.0.0.1/46853] INFO  server.StorageContainerManager (StorageContainerManager.java:stop(1584)) - Stopping SCM LayoutVersionManager Service.
2022-10-08 01:32:43,844 [Listener at 127.0.0.1/46853] INFO  server.StorageContainerManager (StorageContainerManager.java:stop(1592)) - Stopping Block Manager Service.
2022-10-08 01:32:43,844 [Listener at 127.0.0.1/46853] INFO  utils.BackgroundService (BackgroundService.java:shutdown(141)) - Shutting down service SCMBlockDeletingService
2022-10-08 01:32:43,844 [Listener at 127.0.0.1/46853] INFO  utils.BackgroundService (BackgroundService.java:shutdown(141)) - Shutting down service SCMBlockDeletingService
2022-10-08 01:32:43,844 [Listener at 127.0.0.1/46853] INFO  server.StorageContainerManager (StorageContainerManager.java:stop(1619)) - Stopping SCM Event Queue.
2022-10-08 01:32:43,846 [Listener at 127.0.0.1/46853] INFO  server.StorageContainerManager (StorageContainerManager.java:stop(1630)) - Stopping SCM HA services.
2022-10-08 01:32:43,846 [Listener at 127.0.0.1/46853] INFO  pipeline.BackgroundPipelineCreator (BackgroundPipelineCreator.java:stop(149)) - Stopping RatisPipelineUtilsThread.
2022-10-08 01:32:43,847 [RatisPipelineUtilsThread - 0] WARN  pipeline.BackgroundPipelineCreator (BackgroundPipelineCreator.java:run(180)) - RatisPipelineUtilsThread is interrupted.
2022-10-08 01:32:43,847 [BackgroundPipelineScrubberThread] WARN  BackgroundPipelineScrubber (BackgroundSCMService.java:run(115)) - BackgroundPipelineScrubber is interrupted, exit
2022-10-08 01:32:43,847 [Listener at 127.0.0.1/46853] INFO  BackgroundPipelineScrubber (BackgroundSCMService.java:stop(131)) - Stopping BackgroundPipelineScrubber Service.
2022-10-08 01:32:43,847 [Listener at 127.0.0.1/46853] INFO  server.StorageContainerManager (StorageContainerManager.java:stop(1640)) - Stopping SCM MetadataStore.
2022-10-08 01:32:43,853 [Listener at 127.0.0.1/46853] INFO  impl.MetricsSystemImpl (MetricsSystemImpl.java:stop(210)) - Stopping XceiverClientMetrics metrics system...
2022-10-08 01:32:43,881 [prometheus] INFO  impl.MetricsSinkAdapter (MetricsSinkAdapter.java:publishMetricsFromQueue(141)) - prometheus thread interrupted.
2022-10-08 01:32:43,884 [Listener at 127.0.0.1/46853] INFO  impl.MetricsSystemImpl (MetricsSystemImpl.java:stop(216)) - XceiverClientMetrics metrics system stopped.
]]></system-out>
    <system-err><![CDATA[Oct 08, 2022 1:32:05 AM org.apache.ratis.thirdparty.io.grpc.internal.ManagedChannelOrphanWrapper$ManagedChannelReference cleanQueue
SEVERE: *~*~*~ Channel ManagedChannelImpl{logId=84, target=10.1.0.61:41021} was not shutdown properly!!! ~*~*~*
    Make sure to call shutdown()/shutdownNow() and wait until awaitTermination() returns true.
java.lang.RuntimeException: ManagedChannel allocation site
	at org.apache.ratis.thirdparty.io.grpc.internal.ManagedChannelOrphanWrapper$ManagedChannelReference.<init>(ManagedChannelOrphanWrapper.java:93)
	at org.apache.ratis.thirdparty.io.grpc.internal.ManagedChannelOrphanWrapper.<init>(ManagedChannelOrphanWrapper.java:53)
	at org.apache.ratis.thirdparty.io.grpc.internal.ManagedChannelOrphanWrapper.<init>(ManagedChannelOrphanWrapper.java:44)
	at org.apache.ratis.thirdparty.io.grpc.internal.ManagedChannelImplBuilder.build(ManagedChannelImplBuilder.java:630)
	at org.apache.ratis.thirdparty.io.grpc.internal.AbstractManagedChannelImplBuilder.build(AbstractManagedChannelImplBuilder.java:297)
	at org.apache.hadoop.hdds.scm.XceiverClientGrpc.connectToDatanode(XceiverClientGrpc.java:205)
	at org.apache.hadoop.hdds.scm.XceiverClientGrpc.reconnect(XceiverClientGrpc.java:579)
	at org.apache.hadoop.hdds.scm.XceiverClientGrpc.checkOpen(XceiverClientGrpc.java:570)
	at org.apache.hadoop.hdds.scm.XceiverClientGrpc.sendCommandAsync(XceiverClientGrpc.java:500)
	at org.apache.hadoop.hdds.scm.XceiverClientGrpc.sendCommandWithRetry(XceiverClientGrpc.java:402)
	at org.apache.hadoop.hdds.scm.XceiverClientGrpc.lambda$sendCommandWithTraceIDAndRetry$0(XceiverClientGrpc.java:344)
	at org.apache.hadoop.hdds.tracing.TracingUtil.executeInSpan(TracingUtil.java:177)
	at org.apache.hadoop.hdds.tracing.TracingUtil.executeInNewSpan(TracingUtil.java:151)
	at org.apache.hadoop.hdds.scm.XceiverClientGrpc.sendCommandWithTraceIDAndRetry(XceiverClientGrpc.java:338)
	at org.apache.hadoop.hdds.scm.XceiverClientGrpc.sendCommand(XceiverClientGrpc.java:319)
	at org.apache.hadoop.hdds.scm.storage.ContainerProtocolCalls.getBlock(ContainerProtocolCalls.java:152)
	at org.apache.hadoop.hdds.scm.storage.BlockInputStream.getChunkInfos(BlockInputStream.java:242)
	at org.apache.hadoop.hdds.scm.storage.BlockInputStream.initialize(BlockInputStream.java:146)
	at org.apache.hadoop.hdds.scm.storage.BlockInputStream.readWithStrategy(BlockInputStream.java:283)
	at org.apache.hadoop.hdds.scm.storage.ExtendedInputStream.read(ExtendedInputStream.java:54)
	at org.apache.hadoop.hdds.scm.storage.ByteArrayReader.readFromBlock(ByteArrayReader.java:57)
	at org.apache.hadoop.ozone.client.io.KeyInputStream.readWithStrategy(KeyInputStream.java:273)
	at org.apache.hadoop.ozone.client.io.KeyInputStream.read(KeyInputStream.java:240)
	at org.apache.hadoop.ozone.client.rpc.read.TestKeyInputStream.validate(TestKeyInputStream.java:133)
	at org.apache.hadoop.ozone.client.rpc.read.TestKeyInputStream.randomSeek(TestKeyInputStream.java:85)
	at org.apache.hadoop.ozone.client.rpc.read.TestKeyInputStream.testSeekRandomly(TestKeyInputStream.java:210)
	at org.apache.hadoop.ozone.client.rpc.read.TestKeyInputStream.testNonReplicationReads(TestKeyInputStream.java:145)
	at sun.reflect.NativeMethodAccessorImpl.invoke0(Native Method)
	at sun.reflect.NativeMethodAccessorImpl.invoke(NativeMethodAccessorImpl.java:62)
	at sun.reflect.DelegatingMethodAccessorImpl.invoke(DelegatingMethodAccessorImpl.java:43)
	at java.lang.reflect.Method.invoke(Method.java:498)
	at org.junit.runners.model.FrameworkMethod$1.runReflectiveCall(FrameworkMethod.java:59)
	at org.junit.internal.runners.model.ReflectiveCallable.run(ReflectiveCallable.java:12)
	at org.junit.runners.model.FrameworkMethod.invokeExplosively(FrameworkMethod.java:56)
	at org.junit.internal.runners.statements.InvokeMethod.evaluate(InvokeMethod.java:17)
	at org.junit.internal.runners.statements.RunBefores.evaluate(RunBefores.java:26)
	at org.junit.internal.runners.statements.RunAfters.evaluate(RunAfters.java:27)
	at org.junit.internal.runners.statements.FailOnTimeout$CallableStatement.call(FailOnTimeout.java:288)
	at org.junit.internal.runners.statements.FailOnTimeout$CallableStatement.call(FailOnTimeout.java:282)
	at java.util.concurrent.FutureTask.run(FutureTask.java:266)
	at java.lang.Thread.run(Thread.java:750)

Oct 08, 2022 1:32:05 AM org.apache.ratis.thirdparty.io.grpc.internal.ManagedChannelOrphanWrapper$ManagedChannelReference cleanQueue
SEVERE: *~*~*~ Channel ManagedChannelImpl{logId=79, target=10.1.0.61:41229} was not shutdown properly!!! ~*~*~*
    Make sure to call shutdown()/shutdownNow() and wait until awaitTermination() returns true.
java.lang.RuntimeException: ManagedChannel allocation site
	at org.apache.ratis.thirdparty.io.grpc.internal.ManagedChannelOrphanWrapper$ManagedChannelReference.<init>(ManagedChannelOrphanWrapper.java:93)
	at org.apache.ratis.thirdparty.io.grpc.internal.ManagedChannelOrphanWrapper.<init>(ManagedChannelOrphanWrapper.java:53)
	at org.apache.ratis.thirdparty.io.grpc.internal.ManagedChannelOrphanWrapper.<init>(ManagedChannelOrphanWrapper.java:44)
	at org.apache.ratis.thirdparty.io.grpc.internal.ManagedChannelImplBuilder.build(ManagedChannelImplBuilder.java:630)
	at org.apache.ratis.thirdparty.io.grpc.internal.AbstractManagedChannelImplBuilder.build(AbstractManagedChannelImplBuilder.java:297)
	at org.apache.hadoop.hdds.scm.XceiverClientGrpc.connectToDatanode(XceiverClientGrpc.java:205)
	at org.apache.hadoop.hdds.scm.XceiverClientGrpc.reconnect(XceiverClientGrpc.java:579)
	at org.apache.hadoop.hdds.scm.XceiverClientGrpc.checkOpen(XceiverClientGrpc.java:570)
	at org.apache.hadoop.hdds.scm.XceiverClientGrpc.sendCommandAsync(XceiverClientGrpc.java:500)
	at org.apache.hadoop.hdds.scm.XceiverClientGrpc.sendCommandWithRetry(XceiverClientGrpc.java:402)
	at org.apache.hadoop.hdds.scm.XceiverClientGrpc.lambda$sendCommandWithTraceIDAndRetry$0(XceiverClientGrpc.java:344)
	at org.apache.hadoop.hdds.tracing.TracingUtil.executeInSpan(TracingUtil.java:177)
	at org.apache.hadoop.hdds.tracing.TracingUtil.executeInNewSpan(TracingUtil.java:151)
	at org.apache.hadoop.hdds.scm.XceiverClientGrpc.sendCommandWithTraceIDAndRetry(XceiverClientGrpc.java:338)
	at org.apache.hadoop.hdds.scm.XceiverClientGrpc.sendCommand(XceiverClientGrpc.java:319)
	at org.apache.hadoop.hdds.scm.storage.ContainerProtocolCalls.getBlock(ContainerProtocolCalls.java:152)
	at org.apache.hadoop.hdds.scm.storage.BlockInputStream.getChunkInfos(BlockInputStream.java:242)
	at org.apache.hadoop.hdds.scm.storage.BlockInputStream.initialize(BlockInputStream.java:146)
	at org.apache.hadoop.ozone.client.rpc.read.TestKeyInputStream.testInputStreams(TestKeyInputStream.java:176)
	at org.apache.hadoop.ozone.client.rpc.read.TestKeyInputStream.testNonReplicationReads(TestKeyInputStream.java:144)
	at sun.reflect.NativeMethodAccessorImpl.invoke0(Native Method)
	at sun.reflect.NativeMethodAccessorImpl.invoke(NativeMethodAccessorImpl.java:62)
	at sun.reflect.DelegatingMethodAccessorImpl.invoke(DelegatingMethodAccessorImpl.java:43)
	at java.lang.reflect.Method.invoke(Method.java:498)
	at org.junit.runners.model.FrameworkMethod$1.runReflectiveCall(FrameworkMethod.java:59)
	at org.junit.internal.runners.model.ReflectiveCallable.run(ReflectiveCallable.java:12)
	at org.junit.runners.model.FrameworkMethod.invokeExplosively(FrameworkMethod.java:56)
	at org.junit.internal.runners.statements.InvokeMethod.evaluate(InvokeMethod.java:17)
	at org.junit.internal.runners.statements.RunBefores.evaluate(RunBefores.java:26)
	at org.junit.internal.runners.statements.RunAfters.evaluate(RunAfters.java:27)
	at org.junit.internal.runners.statements.FailOnTimeout$CallableStatement.call(FailOnTimeout.java:288)
	at org.junit.internal.runners.statements.FailOnTimeout$CallableStatement.call(FailOnTimeout.java:282)
	at java.util.concurrent.FutureTask.run(FutureTask.java:266)
	at java.lang.Thread.run(Thread.java:750)

Oct 08, 2022 1:32:05 AM org.apache.ratis.thirdparty.io.grpc.internal.ManagedChannelOrphanWrapper$ManagedChannelReference cleanQueue
SEVERE: *~*~*~ Channel ManagedChannelImpl{logId=74, target=10.1.0.61:39893} was not shutdown properly!!! ~*~*~*
    Make sure to call shutdown()/shutdownNow() and wait until awaitTermination() returns true.
java.lang.RuntimeException: ManagedChannel allocation site
	at org.apache.ratis.thirdparty.io.grpc.internal.ManagedChannelOrphanWrapper$ManagedChannelReference.<init>(ManagedChannelOrphanWrapper.java:93)
	at org.apache.ratis.thirdparty.io.grpc.internal.ManagedChannelOrphanWrapper.<init>(ManagedChannelOrphanWrapper.java:53)
	at org.apache.ratis.thirdparty.io.grpc.internal.ManagedChannelOrphanWrapper.<init>(ManagedChannelOrphanWrapper.java:44)
	at org.apache.ratis.thirdparty.io.grpc.internal.ManagedChannelImplBuilder.build(ManagedChannelImplBuilder.java:630)
	at org.apache.ratis.thirdparty.io.grpc.internal.AbstractManagedChannelImplBuilder.build(AbstractManagedChannelImplBuilder.java:297)
	at org.apache.hadoop.hdds.scm.XceiverClientGrpc.connectToDatanode(XceiverClientGrpc.java:205)
	at org.apache.hadoop.hdds.scm.XceiverClientGrpc.connect(XceiverClientGrpc.java:158)
	at org.apache.hadoop.hdds.scm.XceiverClientManager$2.call(XceiverClientManager.java:243)
	at org.apache.hadoop.hdds.scm.XceiverClientManager$2.call(XceiverClientManager.java:224)
	at com.google.common.cache.LocalCache$LocalManualCache$1.load(LocalCache.java:4868)
	at com.google.common.cache.LocalCache$LoadingValueReference.loadFuture(LocalCache.java:3533)
	at com.google.common.cache.LocalCache$Segment.loadSync(LocalCache.java:2282)
	at com.google.common.cache.LocalCache$Segment.lockedGetOrLoad(LocalCache.java:2159)
	at com.google.common.cache.LocalCache$Segment.get(LocalCache.java:2049)
	at com.google.common.cache.LocalCache.get(LocalCache.java:3966)
	at com.google.common.cache.LocalCache$LocalManualCache.get(LocalCache.java:4863)
	at org.apache.hadoop.hdds.scm.XceiverClientManager.getClient(XceiverClientManager.java:224)
	at org.apache.hadoop.hdds.scm.XceiverClientManager.acquireClient(XceiverClientManager.java:168)
	at org.apache.hadoop.hdds.scm.XceiverClientManager.acquireClientForReadData(XceiverClientManager.java:157)
	at org.apache.hadoop.hdds.scm.storage.BlockInputStream.acquireClient(BlockInputStream.java:256)
	at org.apache.hadoop.hdds.scm.storage.BlockInputStream.getChunkInfos(BlockInputStream.java:223)
	at org.apache.hadoop.hdds.scm.storage.BlockInputStream.initialize(BlockInputStream.java:146)
	at org.apache.hadoop.ozone.client.rpc.read.TestKeyInputStream.testInputStreams(TestKeyInputStream.java:176)
	at org.apache.hadoop.ozone.client.rpc.read.TestKeyInputStream.testNonReplicationReads(TestKeyInputStream.java:144)
	at sun.reflect.NativeMethodAccessorImpl.invoke0(Native Method)
	at sun.reflect.NativeMethodAccessorImpl.invoke(NativeMethodAccessorImpl.java:62)
	at sun.reflect.DelegatingMethodAccessorImpl.invoke(DelegatingMethodAccessorImpl.java:43)
	at java.lang.reflect.Method.invoke(Method.java:498)
	at org.junit.runners.model.FrameworkMethod$1.runReflectiveCall(FrameworkMethod.java:59)
	at org.junit.internal.runners.model.ReflectiveCallable.run(ReflectiveCallable.java:12)
	at org.junit.runners.model.FrameworkMethod.invokeExplosively(FrameworkMethod.java:56)
	at org.junit.internal.runners.statements.InvokeMethod.evaluate(InvokeMethod.java:17)
	at org.junit.internal.runners.statements.RunBefores.evaluate(RunBefores.java:26)
	at org.junit.internal.runners.statements.RunAfters.evaluate(RunAfters.java:27)
	at org.junit.internal.runners.statements.FailOnTimeout$CallableStatement.call(FailOnTimeout.java:288)
	at org.junit.internal.runners.statements.FailOnTimeout$CallableStatement.call(FailOnTimeout.java:282)
	at java.util.concurrent.FutureTask.run(FutureTask.java:266)
	at java.lang.Thread.run(Thread.java:750)

]]></system-err>
  </testcase>
  <testcase name="testNonReplicationReads" classname="TestKeyInputStream" time="300.035">
    <error type="org.junit.runners.model.TestTimedOutException"><![CDATA[org.junit.runners.model.TestTimedOutException: test timed out after 300 seconds
	at sun.misc.Unsafe.park(Native Method)
	at java.util.concurrent.locks.LockSupport.parkNanos(LockSupport.java:215)
	at java.util.concurrent.locks.AbstractQueuedSynchronizer$ConditionObject.awaitNanos(AbstractQueuedSynchronizer.java:2083)
	at java.util.concurrent.ThreadPoolExecutor.awaitTermination(ThreadPoolExecutor.java:1475)
	at org.apache.hadoop.ozone.container.replication.ReplicationSupervisor.stop(ReplicationSupervisor.java:116)
	at org.apache.hadoop.ozone.container.common.statemachine.DatanodeStateMachine.stopDaemon(DatanodeStateMachine.java:575)
	at org.apache.hadoop.ozone.HddsDatanodeService.stop(HddsDatanodeService.java:571)
	at org.apache.hadoop.ozone.MiniOzoneClusterImpl.stopDatanode(MiniOzoneClusterImpl.java:530)
	at org.apache.hadoop.ozone.MiniOzoneClusterImpl$$Lambda$1299/1618359351.accept(Unknown Source)
	at java.util.stream.ForEachOps$ForEachOp$OfRef.accept(ForEachOps.java:183)
	at java.util.ArrayList$ArrayListSpliterator.forEachRemaining(ArrayList.java:1384)
	at java.util.stream.AbstractPipeline.copyInto(AbstractPipeline.java:482)
	at java.util.stream.ForEachOps$ForEachTask.compute(ForEachOps.java:290)
	at java.util.concurrent.CountedCompleter.exec(CountedCompleter.java:731)
	at java.util.concurrent.ForkJoinTask.doExec(ForkJoinTask.java:289)
	at java.util.concurrent.ForkJoinPool.helpComplete(ForkJoinPool.java:1870)
	at java.util.concurrent.ForkJoinPool.externalHelpComplete(ForkJoinPool.java:2467)
	at java.util.concurrent.ForkJoinTask.externalAwaitDone(ForkJoinTask.java:324)
	at java.util.concurrent.ForkJoinTask.doInvoke(ForkJoinTask.java:405)
	at java.util.concurrent.ForkJoinTask.invoke(ForkJoinTask.java:734)
	at java.util.stream.ForEachOps$ForEachOp.evaluateParallel(ForEachOps.java:159)
	at java.util.stream.ForEachOps$ForEachOp$OfRef.evaluateParallel(ForEachOps.java:173)
	at java.util.stream.AbstractPipeline.evaluate(AbstractPipeline.java:233)
	at java.util.stream.ReferencePipeline.forEach(ReferencePipeline.java:485)
	at java.util.stream.ReferencePipeline$Head.forEach(ReferencePipeline.java:650)
	at org.apache.hadoop.ozone.MiniOzoneClusterImpl.stopDatanodes(MiniOzoneClusterImpl.java:524)
	at org.apache.hadoop.ozone.MiniOzoneClusterImpl.stop(MiniOzoneClusterImpl.java:465)
	at org.apache.hadoop.ozone.MiniOzoneClusterImpl.shutdown(MiniOzoneClusterImpl.java:452)
	at org.apache.hadoop.ozone.client.rpc.read.TestInputStreamBase.shutdown(TestInputStreamBase.java:146)
	at sun.reflect.NativeMethodAccessorImpl.invoke0(Native Method)
	at sun.reflect.NativeMethodAccessorImpl.invoke(NativeMethodAccessorImpl.java:62)
	at sun.reflect.DelegatingMethodAccessorImpl.invoke(DelegatingMethodAccessorImpl.java:43)
	at java.lang.reflect.Method.invoke(Method.java:498)
	at org.junit.runners.model.FrameworkMethod$1.runReflectiveCall(FrameworkMethod.java:59)
	at org.junit.internal.runners.model.ReflectiveCallable.run(ReflectiveCallable.java:12)
	at org.junit.runners.model.FrameworkMethod.invokeExplosively(FrameworkMethod.java:56)
	at org.junit.internal.runners.statements.RunAfters.invokeMethod(RunAfters.java:46)
	at org.junit.internal.runners.statements.RunAfters.evaluate(RunAfters.java:33)
	at org.junit.internal.runners.statements.FailOnTimeout$CallableStatement.call(FailOnTimeout.java:288)
	at org.junit.internal.runners.statements.FailOnTimeout$CallableStatement.call(FailOnTimeout.java:282)
	at java.util.concurrent.FutureTask.run(FutureTask.java:266)
	at java.lang.Thread.run(Thread.java:750)
]]></error>
    <system-out><![CDATA[2022-10-08 01:34:41,000 [Time-limited test] WARN  server.ServerUtils (ServerUtils.java:getScmDbDir(148)) - ozone.scm.db.dirs is not configured. We recommend adding this setting. Falling back to ozone.metadata.dirs instead.
2022-10-08 01:34:41,046 [Time-limited test] WARN  server.ServerUtils (ServerUtils.java:getScmDbDir(148)) - ozone.scm.db.dirs is not configured. We recommend adding this setting. Falling back to ozone.metadata.dirs instead.
2022-10-08 01:34:41,046 [Time-limited test] INFO  ha.SCMHANodeDetails (SCMHANodeDetails.java:loadSCMHAConfig(209)) - ServiceID for StorageContainerManager is null
2022-10-08 01:34:41,046 [Time-limited test] INFO  ha.SCMHANodeDetails (SCMHANodeDetails.java:loadSCMHAConfig(214)) - ozone.scm.default.service.id is not defined, falling back to ozone.scm.service.ids to find serviceID for StorageContainerManager if it is HA enabled cluster
2022-10-08 01:34:41,047 [Time-limited test] WARN  utils.HAUtils (HAUtils.java:getMetaDir(342)) - ozone.scm.db.dirs is not configured. We recommend adding this setting. Falling back to ozone.metadata.dirs instead.
2022-10-08 01:34:41,047 [Time-limited test] WARN  db.DBStoreBuilder (DBStoreBuilder.java:applyDBDefinition(144)) - ozone.scm.db.dirs is not configured. We recommend adding this setting. Falling back to ozone.metadata.dirs instead.
2022-10-08 01:34:42,806 [Time-limited test] INFO  net.NodeSchemaLoader (NodeSchemaLoader.java:loadSchemaFromFile(129)) - Loading schema from [jar:file:/home/runner/.m2/repository/org/apache/ozone/hdds-common/1.3.0-SNAPSHOT/hdds-common-1.3.0-SNAPSHOT.jar!/network-topology-default.xml]
2022-10-08 01:34:42,807 [Time-limited test] INFO  net.NodeSchemaLoader (NodeSchemaLoader.java:loadSchema(176)) - Loading network topology layer schema file
2022-10-08 01:34:42,818 [Time-limited test] WARN  impl.MetricRegistriesImpl (MetricRegistriesImpl.java:addReporterRegistration(111)) - New reporters are added after registries were created. Some metrics will be missing from the reporter. Please add reporter before adding any new registry.
2022-10-08 01:34:42,818 [Time-limited test] WARN  impl.MetricRegistriesImpl (MetricRegistriesImpl.java:addReporterRegistration(111)) - New reporters are added after registries were created. Some metrics will be missing from the reporter. Please add reporter before adding any new registry.
2022-10-08 01:34:42,818 [Time-limited test] INFO  upgrade.AbstractLayoutVersionManager (AbstractLayoutVersionManager.java:init(83)) - Initializing Layout version manager with metadata layout = DATANODE_SCHEMA_V3 (version = 4), software layout = DATANODE_SCHEMA_V3 (version = 4)
2022-10-08 01:34:42,948 [Time-limited test] INFO  reflections.Reflections (Reflections.java:scan(232)) - Reflections took 129 ms to scan 7 urls, producing 135 keys and 327 values 
2022-10-08 01:34:42,951 [Time-limited test] INFO  ha.SequenceIdGenerator (SequenceIdGenerator.java:upgradeToSequenceId(349)) - upgrade localId to 109611004723200000
2022-10-08 01:34:42,951 [Time-limited test] INFO  ha.SequenceIdGenerator (SequenceIdGenerator.java:upgradeToSequenceId(359)) - upgrade delTxnId to 0
2022-10-08 01:34:42,951 [Time-limited test] INFO  ha.SequenceIdGenerator (SequenceIdGenerator.java:upgradeToSequenceId(376)) - upgrade containerId to 0
2022-10-08 01:34:42,951 [Time-limited test] INFO  ha.SequenceIdGenerator (SequenceIdGenerator.java:<init>(220)) - Init the HA SequenceIdGenerator.
2022-10-08 01:34:42,989 [Time-limited test] INFO  node.SCMNodeManager (SCMNodeManager.java:<init>(149)) - Entering startup safe mode.
2022-10-08 01:34:42,989 [Time-limited test] INFO  algorithms.ContainerPlacementPolicyFactory (ContainerPlacementPolicyFactory.java:getPolicyInternal(86)) - Create container placement policy of type org.apache.hadoop.hdds.scm.container.placement.algorithms.SCMContainerPlacementRandom
2022-10-08 01:34:42,989 [Time-limited test] INFO  algorithms.ContainerPlacementPolicyFactory (ContainerPlacementPolicyFactory.java:getPolicyInternal(86)) - Create container placement policy of type org.apache.hadoop.hdds.scm.container.placement.algorithms.SCMContainerPlacementRackScatter
2022-10-08 01:34:42,990 [Time-limited test] INFO  pipeline.PipelineStateManagerImpl (PipelineStateManagerImpl.java:initialize(78)) - No pipeline exists in current db
2022-10-08 01:34:42,990 [Time-limited test] INFO  algorithms.LeaderChoosePolicyFactory (LeaderChoosePolicyFactory.java:getPolicy(57)) - Create leader choose policy of type org.apache.hadoop.hdds.scm.pipeline.leader.choose.algorithms.MinLeaderCountChoosePolicy
2022-10-08 01:34:42,990 [Time-limited test] INFO  algorithms.ContainerPlacementPolicyFactory (ContainerPlacementPolicyFactory.java:getPolicyInternal(86)) - Create container placement policy of type org.apache.hadoop.hdds.scm.container.placement.algorithms.SCMContainerPlacementRackScatter
2022-10-08 01:34:42,990 [Time-limited test] INFO  ha.SCMServiceManager (SCMServiceManager.java:register(42)) - Registering service BackgroundPipelineCreator.
2022-10-08 01:34:42,990 [Time-limited test] INFO  pipeline.BackgroundPipelineCreator (BackgroundPipelineCreator.java:start(124)) - Starting RatisPipelineUtilsThread.
2022-10-08 01:34:42,992 [Time-limited test] INFO  BackgroundPipelineScrubber (BackgroundSCMService.java:start(68)) - Starting BackgroundPipelineScrubber Service.
2022-10-08 01:34:43,028 [Time-limited test] INFO  ha.SCMServiceManager (SCMServiceManager.java:register(42)) - Registering service BackgroundPipelineScrubber.
2022-10-08 01:34:43,028 [Time-limited test] INFO  ExpiredContainerReplicaOpScrubber (BackgroundSCMService.java:start(68)) - Starting ExpiredContainerReplicaOpScrubber Service.
2022-10-08 01:34:43,030 [Time-limited test] INFO  ha.SCMServiceManager (SCMServiceManager.java:register(42)) - Registering service ExpiredContainerReplicaOpScrubber.
2022-10-08 01:34:43,031 [Time-limited test] INFO  algorithms.PipelineChoosePolicyFactory (PipelineChoosePolicyFactory.java:createPipelineChoosePolicyFromClass(73)) - Create pipeline choose policy of type org.apache.hadoop.hdds.scm.pipeline.choose.algorithms.RandomPipelineChoosePolicy
2022-10-08 01:34:43,031 [Time-limited test] INFO  ha.SCMServiceManager (SCMServiceManager.java:register(42)) - Registering service SCMBlockDeletingService.
2022-10-08 01:34:43,031 [Time-limited test] INFO  replication.ReplicationManager (ReplicationManager.java:start(223)) - Starting Replication Monitor Thread.
2022-10-08 01:34:43,124 [Time-limited test] INFO  ha.SCMServiceManager (SCMServiceManager.java:register(42)) - Registering service ReplicationManager.
2022-10-08 01:34:43,124 [Time-limited test] INFO  safemode.ContainerSafeModeRule (ContainerSafeModeRule.java:<init>(89)) - containers with one replica threshold count 0
2022-10-08 01:34:43,124 [Time-limited test] INFO  safemode.HealthyPipelineSafeModeRule (HealthyPipelineSafeModeRule.java:initializeRule(169)) - Total pipeline count is 0, healthy pipeline threshold count is 1
2022-10-08 01:34:43,124 [Time-limited test] INFO  safemode.OneReplicaPipelineSafeModeRule (OneReplicaPipelineSafeModeRule.java:initializeRule(180)) - Total pipeline count is 0, pipeline's with at least one datanode reported threshold count is 0
2022-10-08 01:34:43,129 [ReplicationMonitor] INFO  replication.ReplicationManager (ReplicationManager.java:processAll(291)) - Replication Manager is not ready to run until 3000ms after safemode exit
2022-10-08 01:34:43,158 [Time-limited test] INFO  ipc.CallQueueManager (CallQueueManager.java:<init>(90)) - Using callQueue: class java.util.concurrent.LinkedBlockingQueue, queueCapacity: 2000, scheduler: class org.apache.hadoop.ipc.DefaultRpcScheduler, ipcBackoff: false.
2022-10-08 01:34:43,158 [Socket Reader #1 for port 0] INFO  ipc.Server (Server.java:run(1265)) - Starting Socket Reader #1 for port 0
2022-10-08 01:34:43,203 [Listener at 0.0.0.0/40279] INFO  ipc.CallQueueManager (CallQueueManager.java:<init>(90)) - Using callQueue: class java.util.concurrent.LinkedBlockingQueue, queueCapacity: 2000, scheduler: class org.apache.hadoop.ipc.DefaultRpcScheduler, ipcBackoff: false.
2022-10-08 01:34:43,207 [Socket Reader #1 for port 0] INFO  ipc.Server (Server.java:run(1265)) - Starting Socket Reader #1 for port 0
2022-10-08 01:34:43,210 [Listener at 0.0.0.0/35275] INFO  ipc.CallQueueManager (CallQueueManager.java:<init>(90)) - Using callQueue: class java.util.concurrent.LinkedBlockingQueue, queueCapacity: 2000, scheduler: class org.apache.hadoop.ipc.DefaultRpcScheduler, ipcBackoff: false.
2022-10-08 01:34:43,249 [Socket Reader #1 for port 0] INFO  ipc.Server (Server.java:run(1265)) - Starting Socket Reader #1 for port 0
2022-10-08 01:34:43,392 [Listener at 0.0.0.0/40503] INFO  ha.SCMServiceManager (SCMServiceManager.java:register(42)) - Registering service ContainerBalancer.
2022-10-08 01:34:43,393 [Listener at 0.0.0.0/40503] INFO  server.StorageContainerManager (StorageContainerManager.java:<init>(410)) - 
Container Balancer status:
Key                            Value
Running                        false
Container Balancer Configuration values:
Key                                                Value
Threshold                                          10
Max Datanodes to Involve per Iteration(percent)    20
Max Size to Move per Iteration                     500GB
Max Size Entering Target per Iteration             26GB
Max Size Leaving Source per Iteration              26GB

2022-10-08 01:34:43,393 [Listener at 0.0.0.0/40503] WARN  events.EventQueue (EventQueue.java:fireEvent(216)) - No event handler registered for event TypedEvent{payloadType=SafeModeStatus, name='Safe mode status'}
2022-10-08 01:34:43,393 [Listener at 0.0.0.0/40503] INFO  ha.SCMContext (SCMContext.java:updateSafeModeStatus(228)) - Update SafeModeStatus from SafeModeStatus{safeModeStatus=true, preCheckPassed=false} to SafeModeStatus{safeModeStatus=true, preCheckPassed=false}.
2022-10-08 01:34:43,393 [Listener at 0.0.0.0/40503] INFO  server.StorageContainerManager (StorageContainerManager.java:start(1436)) - StorageContainerLocationProtocol RPC server is listening at /0.0.0.0:40503
2022-10-08 01:34:43,394 [Listener at 0.0.0.0/40503] WARN  impl.MetricsConfig (MetricsConfig.java:loadFirst(136)) - Cannot locate configuration: tried hadoop-metrics2-storagecontainermanager.properties,hadoop-metrics2.properties
2022-10-08 01:34:43,397 [Listener at 0.0.0.0/40503] INFO  impl.MetricsSystemImpl (MetricsSystemImpl.java:startTimer(378)) - Scheduled Metric snapshot period at 10 second(s).
2022-10-08 01:34:43,397 [Listener at 0.0.0.0/40503] INFO  impl.MetricsSystemImpl (MetricsSystemImpl.java:start(191)) - StorageContainerManager metrics system started
2022-10-08 01:34:43,516 [Listener at 0.0.0.0/40503] INFO  impl.MetricsSinkAdapter (MetricsSinkAdapter.java:start(204)) - Sink prometheus started
2022-10-08 01:34:43,516 [Listener at 0.0.0.0/40503] INFO  impl.MetricsSystemImpl (MetricsSystemImpl.java:registerSink(305)) - Registered sink prometheus
2022-10-08 01:34:43,612 [Listener at 0.0.0.0/40503] INFO  server.SCMClientProtocolServer (SCMClientProtocolServer.java:start(170)) - RPC server for Client  is listening at /0.0.0.0:40503
2022-10-08 01:34:43,656 [IPC Server Responder] INFO  ipc.Server (Server.java:run(1507)) - IPC Server Responder: starting
2022-10-08 01:34:43,716 [IPC Server listener on 0] INFO  ipc.Server (Server.java:run(1344)) - IPC Server listener on 0: starting
2022-10-08 01:34:43,813 [Listener at 0.0.0.0/40503] INFO  server.StorageContainerManager (StorageContainerManager.java:start(1451)) - ScmBlockLocationProtocol RPC server is listening at /0.0.0.0:35275
2022-10-08 01:34:43,813 [Listener at 0.0.0.0/40503] INFO  server.SCMBlockProtocolServer (SCMBlockProtocolServer.java:start(152)) - RPC server for Block Protocol is listening at /0.0.0.0:35275
2022-10-08 01:34:43,814 [IPC Server Responder] INFO  ipc.Server (Server.java:run(1507)) - IPC Server Responder: starting
2022-10-08 01:34:43,814 [IPC Server listener on 0] INFO  ipc.Server (Server.java:run(1344)) - IPC Server listener on 0: starting
2022-10-08 01:34:43,815 [Listener at 0.0.0.0/40503] INFO  server.SCMDatanodeProtocolServer (SCMDatanodeProtocolServer.java:start(186)) - ScmDatanodeProtocol RPC server for DataNodes is listening at /0.0.0.0:40279
2022-10-08 01:34:43,816 [IPC Server Responder] INFO  ipc.Server (Server.java:run(1507)) - IPC Server Responder: starting
2022-10-08 01:34:43,816 [IPC Server listener on 0] INFO  ipc.Server (Server.java:run(1344)) - IPC Server listener on 0: starting
2022-10-08 01:34:43,860 [Listener at 0.0.0.0/40503] INFO  http.BaseHttpServer (BaseHttpServer.java:newHttpServer2BuilderForOzone(213)) - Starting Web-server for scm at: http://0.0.0.0:0
2022-10-08 01:34:43,870 [Listener at 0.0.0.0/40503] INFO  http.BaseHttpServer (BaseHttpServer.java:<init>(108)) - Hadoop Security Enabled: false Ozone Security Enabled: false Ozone HTTP Security Enabled: false 
2022-10-08 01:34:43,871 [Listener at 0.0.0.0/40503] INFO  server.AuthenticationFilter (AuthenticationFilter.java:constructSecretProvider(240)) - Unable to initialize FileSignerSecretProvider, falling back to use random secrets.
2022-10-08 01:34:43,872 [Listener at 0.0.0.0/40503] WARN  http.HttpRequestLog (HttpRequestLog.java:getRequestLog(103)) - Jetty request log can only be enabled using Log4j
2022-10-08 01:34:43,877 [Listener at 0.0.0.0/40503] INFO  http.HttpServer2 (HttpServer2.java:addGlobalFilter(1031)) - Added global filter 'safety' (class=org.apache.hadoop.hdds.server.http.HttpServer2$QuotingInputFilter)
2022-10-08 01:34:43,877 [org.apache.hadoop.util.JvmPauseMonitor$Monitor@4a6fb992] INFO  util.JvmPauseMonitor (JvmPauseMonitor.java:run(188)) - Starting JVM pause monitor
2022-10-08 01:34:43,878 [Listener at 0.0.0.0/40503] INFO  http.HttpServer2 (HttpServer2.java:addFilter(1007)) - Added filter static_user_filter (class=org.apache.hadoop.http.lib.StaticUserWebFilter$StaticUserFilter) to context scm
2022-10-08 01:34:43,878 [Listener at 0.0.0.0/40503] INFO  http.HttpServer2 (HttpServer2.java:addFilter(1015)) - Added filter static_user_filter (class=org.apache.hadoop.http.lib.StaticUserWebFilter$StaticUserFilter) to context static
2022-10-08 01:34:43,878 [Listener at 0.0.0.0/40503] INFO  http.HttpServer2 (HttpServer2.java:addFilter(1015)) - Added filter static_user_filter (class=org.apache.hadoop.http.lib.StaticUserWebFilter$StaticUserFilter) to context logs
2022-10-08 01:34:43,878 [Listener at 0.0.0.0/40503] INFO  http.HttpServer2 (HttpServer2.java:bindListener(1250)) - Jetty bound to port 38845
2022-10-08 01:34:43,878 [Listener at 0.0.0.0/40503] INFO  server.Server (Server.java:doStart(375)) - jetty-9.4.43.v20210629; built: 2021-06-30T11:07:22.254Z; git: 526006ecfa3af7f1a27ef3a288e2bef7ea9dd7e8; jvm 1.8.0_345-b01
2022-10-08 01:34:43,880 [Listener at 0.0.0.0/40503] INFO  server.session (DefaultSessionIdManager.java:doStart(334)) - DefaultSessionIdManager workerName=node0
2022-10-08 01:34:43,880 [Listener at 0.0.0.0/40503] INFO  server.session (DefaultSessionIdManager.java:doStart(339)) - No SessionScavenger set, using defaults
2022-10-08 01:34:43,880 [Listener at 0.0.0.0/40503] INFO  server.session (HouseKeeper.java:startScavenging(132)) - node0 Scavenging every 660000ms
2022-10-08 01:34:43,880 [Listener at 0.0.0.0/40503] INFO  handler.ContextHandler (ContextHandler.java:doStart(915)) - Started o.e.j.s.ServletContextHandler@6dc39c5a{logs,/logs,file:///home/runner/work/ozone/ozone/hadoop-ozone/integration-test/target/log,AVAILABLE}
2022-10-08 01:34:43,881 [Listener at 0.0.0.0/40503] INFO  handler.ContextHandler (ContextHandler.java:doStart(915)) - Started o.e.j.s.ServletContextHandler@5de2e3a6{static,/static,file:///home/runner/work/ozone/ozone/hadoop-ozone/integration-test/target/test-classes/webapps/static,AVAILABLE}
2022-10-08 01:34:43,883 [Listener at 0.0.0.0/40503] INFO  handler.ContextHandler (ContextHandler.java:doStart(915)) - Started o.e.j.w.WebAppContext@15396f23{scm,/,file:///home/runner/work/ozone/ozone/hadoop-ozone/integration-test/target/test-classes/webapps/scm/,AVAILABLE}{file:/home/runner/work/ozone/ozone/hadoop-ozone/integration-test/target/test-classes/webapps/scm}
2022-10-08 01:34:43,928 [Listener at 0.0.0.0/40503] INFO  server.AbstractConnector (AbstractConnector.java:doStart(331)) - Started ServerConnector@17d9b5e3{HTTP/1.1, (http/1.1)}{0.0.0.0:38845}
2022-10-08 01:34:43,928 [Listener at 0.0.0.0/40503] INFO  server.Server (Server.java:doStart(415)) - Started @210200ms
2022-10-08 01:34:43,928 [Listener at 0.0.0.0/40503] WARN  impl.MetricsSystemImpl (MetricsSystemImpl.java:register(279)) - Sink prometheus already exists!
2022-10-08 01:34:43,929 [Listener at 0.0.0.0/40503] INFO  http.BaseHttpServer (BaseHttpServer.java:updateConnectorAddress(333)) - HTTP server of scm listening at http://0.0.0.0:38845
2022-10-08 01:34:43,929 [Listener at 0.0.0.0/40503] WARN  server.ServerUtils (ServerUtils.java:getDBPath(225)) - ozone.om.db.dirs is not configured. We recommend adding this setting. Falling back to ozone.metadata.dirs instead.
2022-10-08 01:34:43,942 [Listener at 0.0.0.0/40503] INFO  ha.OMHANodeDetails (OMHANodeDetails.java:loadOMHAConfig(115)) - ozone.om.internal.service.id is not defined, falling back to ozone.om.service.ids to find serviceID for OzoneManager if it is HA enabled cluster
2022-10-08 01:34:43,947 [Listener at 0.0.0.0/40503] INFO  ha.OMHANodeDetails (OMHANodeDetails.java:loadOMHAConfig(226)) - Configuration does not have ozone.om.address set. Falling back to the default OM address /127.0.0.1:0
2022-10-08 01:34:43,947 [Listener at 0.0.0.0/40503] INFO  ha.OMHANodeDetails (OMHANodeDetails.java:getOMNodeDetailsForNonHA(254)) - OM Service ID is not set. Setting it to the default ID: omServiceIdDefault
2022-10-08 01:34:43,947 [Listener at 0.0.0.0/40503] INFO  ha.OMHANodeDetails (OMHANodeDetails.java:getOMNodeDetailsForNonHA(261)) - OM Node ID is not set. Setting it to the default ID: om1
2022-10-08 01:34:43,947 [Listener at 0.0.0.0/40503] WARN  server.ServerUtils (ServerUtils.java:getDBPath(225)) - ozone.om.db.dirs is not configured. We recommend adding this setting. Falling back to ozone.metadata.dirs instead.
2022-10-08 01:34:43,947 [Listener at 0.0.0.0/40503] INFO  upgrade.AbstractLayoutVersionManager (AbstractLayoutVersionManager.java:init(83)) - Initializing Layout version manager with metadata layout = MULTITENANCY_SCHEMA (version = 3), software layout = MULTITENANCY_SCHEMA (version = 3)
2022-10-08 01:34:44,129 [ReplicationMonitor] INFO  replication.ReplicationManager (ReplicationManager.java:processAll(291)) - Replication Manager is not ready to run until 3000ms after safemode exit
2022-10-08 01:34:44,397 [Listener at 0.0.0.0/40503] INFO  reflections.Reflections (Reflections.java:scan(232)) - Reflections took 449 ms to scan 2 urls, producing 154 keys and 428 values [using 2 cores]
2022-10-08 01:34:44,398 [Listener at 0.0.0.0/40503] INFO  upgrade.OMLayoutVersionManager (OMLayoutVersionManager.java:lambda$0(115)) - Skipping Upgrade Action MockOmUpgradeAction since it has been finalized.
2022-10-08 01:34:44,408 [Listener at 0.0.0.0/40503] WARN  server.ServerUtils (ServerUtils.java:getDBPath(225)) - ozone.om.db.dirs is not configured. We recommend adding this setting. Falling back to ozone.metadata.dirs instead.
2022-10-08 01:34:44,409 [Listener at 0.0.0.0/40503] INFO  proxy.SCMBlockLocationFailoverProxyProvider (SCMBlockLocationFailoverProxyProvider.java:<init>(114)) - Created block location fail-over proxy with 1 nodes: [nodeId=scmNodeId,nodeAddress=/0.0.0.0:35275]
2022-10-08 01:34:44,412 [Listener at 0.0.0.0/40503] INFO  proxy.SCMBlockLocationFailoverProxyProvider (SCMBlockLocationFailoverProxyProvider.java:<init>(114)) - Created block location fail-over proxy with 1 nodes: [nodeId=scmNodeId,nodeAddress=/0.0.0.0:35275]
2022-10-08 01:34:44,517 [Listener at 0.0.0.0/40503] WARN  server.ServerUtils (ServerUtils.java:getDBPath(225)) - ozone.om.db.dirs is not configured. We recommend adding this setting. Falling back to ozone.metadata.dirs instead.
2022-10-08 01:34:44,518 [Listener at 0.0.0.0/40503] INFO  codec.OmKeyInfoCodec (OmKeyInfoCodec.java:<init>(49)) - OmKeyInfoCodec ignorePipeline = true
2022-10-08 01:34:44,535 [Listener at 0.0.0.0/40503] INFO  codec.RepeatedOmKeyInfoCodec (RepeatedOmKeyInfoCodec.java:<init>(41)) - RepeatedOmKeyInfoCodec ignorePipeline = true
2022-10-08 01:34:45,129 [ReplicationMonitor] INFO  replication.ReplicationManager (ReplicationManager.java:processAll(291)) - Replication Manager is not ready to run until 3000ms after safemode exit
2022-10-08 01:34:46,129 [ReplicationMonitor] INFO  replication.ReplicationManager (ReplicationManager.java:processAll(291)) - Replication Manager is not ready to run until 3000ms after safemode exit
2022-10-08 01:34:46,160 [Listener at 0.0.0.0/40503] INFO  om.OzoneManager (OzoneManager.java:instantiateServices(710)) - S3 Multi-Tenancy is disabled
2022-10-08 01:34:46,162 [Listener at 0.0.0.0/40503] INFO  om.OzoneManager (OzoneManager.java:addS3GVolumeToDB(4325)) - Created Volume s3v With Owner runner required for S3Gateway operations.
2022-10-08 01:34:46,162 [Listener at 0.0.0.0/40503] WARN  server.ServerUtils (ServerUtils.java:getDefaultRatisDirectory(237)) - Storage directory for Ratis is not configured. It is a good idea to map this to an SSD disk. Falling back to ozone.metadata.dirs
2022-10-08 01:34:46,162 [Listener at 0.0.0.0/40503] WARN  utils.OzoneManagerRatisUtils (OzoneManagerRatisUtils.java:getOMRatisSnapshotDirectory(434)) - ozone.om.ratis.snapshot.dir is not configured. Falling back to ozone.metadata.dirs config
2022-10-08 01:34:46,200 [Listener at 0.0.0.0/40503] WARN  impl.MetricRegistriesImpl (MetricRegistriesImpl.java:addReporterRegistration(111)) - New reporters are added after registries were created. Some metrics will be missing from the reporter. Please add reporter before adding any new registry.
2022-10-08 01:34:46,200 [Listener at 0.0.0.0/40503] WARN  impl.MetricRegistriesImpl (MetricRegistriesImpl.java:addReporterRegistration(111)) - New reporters are added after registries were created. Some metrics will be missing from the reporter. Please add reporter before adding any new registry.
2022-10-08 01:34:46,200 [Listener at 0.0.0.0/40503] WARN  server.ServerUtils (ServerUtils.java:getDefaultRatisDirectory(237)) - Storage directory for Ratis is not configured. It is a good idea to map this to an SSD disk. Falling back to ozone.metadata.dirs
2022-10-08 01:34:46,201 [Listener at 0.0.0.0/40503] INFO  ratis.OzoneManagerRatisServer (OzoneManagerRatisServer.java:<init>(160)) - Instantiating OM Ratis server with groupID: omServiceIdDefault and peers: localhost:9872
2022-10-08 01:34:46,232 [Listener at 0.0.0.0/40503] INFO  ratis.OzoneManagerStateMachine (OzoneManagerStateMachine.java:loadSnapshotInfoFromDB(632)) - LastAppliedIndex is set from TransactionInfo from OM DB as (t:0, i:~)
2022-10-08 01:34:46,252 [Listener at 0.0.0.0/40503] INFO  server.RaftServer (ConfUtils.java:logGet(46)) - raft.rpc.type = GRPC (default)
2022-10-08 01:34:46,253 [Listener at 0.0.0.0/40503] INFO  grpc.GrpcFactory (GrpcFactory.java:checkPooledByteBufAllocatorUseCacheForAllThreads(48)) - PERFORMANCE WARNING: useCacheForAllThreads is true that may cause Netty to create a lot garbage objects and, as a result, trigger GC.
	It is recommended to disable useCacheForAllThreads by setting -Dorg.apache.ratis.thirdparty.io.netty.allocator.useCacheForAllThreads=false in command line.
2022-10-08 01:34:46,253 [Listener at 0.0.0.0/40503] INFO  grpc.GrpcConfigKeys (ConfUtils.java:logGet(46)) - raft.grpc.admin.port = -1 (default)
2022-10-08 01:34:46,254 [Listener at 0.0.0.0/40503] INFO  grpc.GrpcConfigKeys (ConfUtils.java:logGet(46)) - raft.grpc.server.port = 9872 (custom)
2022-10-08 01:34:46,254 [Listener at 0.0.0.0/40503] INFO  grpc.GrpcConfigKeys (ConfUtils.java:logGet(46)) - raft.grpc.client.port = -1 (default)
2022-10-08 01:34:46,254 [Listener at 0.0.0.0/40503] INFO  grpc.GrpcConfigKeys (ConfUtils.java:logGet(46)) - raft.grpc.server.port = 9872 (custom)
2022-10-08 01:34:46,254 [Listener at 0.0.0.0/40503] INFO  grpc.GrpcConfigKeys (ConfUtils.java:logGet(46)) - raft.grpc.server.port = 9872 (custom)
2022-10-08 01:34:46,254 [Listener at 0.0.0.0/40503] INFO  server.GrpcService (ConfUtils.java:logGet(46)) - raft.grpc.message.size.max = 33554432 (custom)
2022-10-08 01:34:46,254 [Listener at 0.0.0.0/40503] INFO  server.RaftServerConfigKeys (ConfUtils.java:logGet(46)) - raft.server.log.appender.buffer.byte-limit = 33554432 (custom)
2022-10-08 01:34:46,254 [Listener at 0.0.0.0/40503] INFO  server.GrpcService (ConfUtils.java:logGet(46)) - raft.grpc.flow.control.window = 1MB (=1048576) (default)
2022-10-08 01:34:46,254 [Listener at 0.0.0.0/40503] INFO  server.RaftServerConfigKeys (ConfUtils.java:logGet(46)) - raft.server.rpc.request.timeout = 3000ms (default)
2022-10-08 01:34:46,254 [Listener at 0.0.0.0/40503] INFO  grpc.GrpcConfigKeys (ConfUtils.java:logGet(46)) - raft.grpc.server.async.request.thread.pool.cached = true (default)
2022-10-08 01:34:46,254 [Listener at 0.0.0.0/40503] INFO  grpc.GrpcConfigKeys (ConfUtils.java:logGet(46)) - raft.grpc.server.async.request.thread.pool.size = 32 (default)
2022-10-08 01:34:46,255 [Listener at 0.0.0.0/40503] INFO  impl.DataStreamServerImpl (ConfUtils.java:logGet(46)) - raft.datastream.type = DISABLED (default)
2022-10-08 01:34:46,316 [Listener at 0.0.0.0/40503] INFO  server.RaftServerConfigKeys (ConfUtils.java:logGet(46)) - raft.server.threadpool.proxy.cached = true (default)
2022-10-08 01:34:46,316 [Listener at 0.0.0.0/40503] INFO  server.RaftServerConfigKeys (ConfUtils.java:logGet(46)) - raft.server.threadpool.proxy.size = 0 (default)
2022-10-08 01:34:46,316 [Listener at 0.0.0.0/40503] INFO  server.RaftServerConfigKeys (ConfUtils.java:logGet(46)) - raft.server.rpc.slowness.timeout = 120s (custom)
2022-10-08 01:34:46,316 [Listener at 0.0.0.0/40503] INFO  server.RaftServerConfigKeys (ConfUtils.java:logGet(46)) - raft.server.leaderelection.leader.step-down.wait-time = 10s (default)
2022-10-08 01:34:46,316 [Listener at 0.0.0.0/40503] INFO  server.RaftServerConfigKeys (ConfUtils.java:logGet(46)) - raft.server.storage.dir = [/home/runner/work/ozone/ozone/hadoop-ozone/integration-test/target/test-dir/MiniOzoneClusterImpl-5d0d2deb-5324-41ce-86fc-5a78a6428163/ozone-meta/ratis] (custom)
2022-10-08 01:34:46,372 [Listener at 0.0.0.0/40503] INFO  server.RaftServer (RaftServerProxy.java:addNew(96)) - om1: addNew group-C5BA1605619E:[om1|rpc:localhost:9872|priority:0] returns group-C5BA1605619E:java.util.concurrent.CompletableFuture@78fafb69[Not completed]
2022-10-08 01:34:46,372 [Listener at 0.0.0.0/40503] INFO  om.OzoneManager (OzoneManager.java:initializeRatisServer(1977)) - OzoneManager Ratis server initialized at port 9872
2022-10-08 01:34:46,373 [Listener at 0.0.0.0/40503] INFO  om.OzoneManager (OzoneManager.java:getRpcServer(1100)) - Creating RPC Server
2022-10-08 01:34:46,398 [pool-898-thread-1] INFO  server.RaftServer$Division (RaftServerImpl.java:<init>(190)) - om1: new RaftServerImpl for group-C5BA1605619E:[om1|rpc:localhost:9872|priority:0] with OzoneManagerStateMachine:uninitialized
2022-10-08 01:34:46,398 [pool-898-thread-1] INFO  server.RaftServerConfigKeys (ConfUtils.java:logGet(46)) - raft.server.rpc.timeout.min = 1s (custom)
2022-10-08 01:34:46,398 [pool-898-thread-1] INFO  server.RaftServerConfigKeys (ConfUtils.java:logGet(46)) - raft.server.rpc.timeout.max = 1200ms (custom)
2022-10-08 01:34:46,398 [pool-898-thread-1] INFO  server.RaftServerConfigKeys (ConfUtils.java:logGet(46)) - raft.server.rpc.sleep.time = 25ms (default)
2022-10-08 01:34:46,398 [pool-898-thread-1] INFO  server.RaftServerConfigKeys (ConfUtils.java:logGet(46)) - raft.server.rpc.slowness.timeout = 120s (custom)
2022-10-08 01:34:46,398 [pool-898-thread-1] INFO  server.RaftServerConfigKeys (ConfUtils.java:logGet(46)) - raft.server.leaderelection.leader.step-down.wait-time = 10s (default)
2022-10-08 01:34:46,398 [pool-898-thread-1] INFO  server.RaftServerConfigKeys (ConfUtils.java:logGet(46)) - raft.server.sleep.deviation.threshold = 300ms (default)
2022-10-08 01:34:46,398 [pool-898-thread-1] INFO  server.RaftServer$Division (ServerState.java:<init>(107)) - om1@group-C5BA1605619E: ConfigurationManager, init=-1: [om1|rpc:localhost:9872|priority:0], old=null, confs=<EMPTY_MAP>
2022-10-08 01:34:46,404 [pool-898-thread-1] INFO  server.RaftServerConfigKeys (ConfUtils.java:logGet(46)) - raft.server.storage.dir = [/home/runner/work/ozone/ozone/hadoop-ozone/integration-test/target/test-dir/MiniOzoneClusterImpl-5d0d2deb-5324-41ce-86fc-5a78a6428163/ozone-meta/ratis] (custom)
2022-10-08 01:34:46,404 [pool-898-thread-1] INFO  server.RaftServerConfigKeys (ConfUtils.java:logGet(46)) - raft.server.log.corruption.policy = EXCEPTION (default)
2022-10-08 01:34:46,404 [pool-898-thread-1] INFO  server.RaftServerConfigKeys (ConfUtils.java:logGet(46)) - raft.server.storage.free-space.min = 0MB (=0) (default)
2022-10-08 01:34:46,404 [pool-898-thread-1] INFO  storage.RaftStorageDirectory (RaftStorageDirectoryImpl.java:analyzeStorage(135)) - The storage directory /home/runner/work/ozone/ozone/hadoop-ozone/integration-test/target/test-dir/MiniOzoneClusterImpl-5d0d2deb-5324-41ce-86fc-5a78a6428163/ozone-meta/ratis/bf265839-605b-3f16-9796-c5ba1605619e does not exist. Creating ...
2022-10-08 01:34:46,425 [pool-898-thread-1] INFO  storage.RaftStorageDirectory (RaftStorageDirectoryImpl.java:tryLock(230)) - Lock on /home/runner/work/ozone/ozone/hadoop-ozone/integration-test/target/test-dir/MiniOzoneClusterImpl-5d0d2deb-5324-41ce-86fc-5a78a6428163/ozone-meta/ratis/bf265839-605b-3f16-9796-c5ba1605619e/in_use.lock acquired by nodename 52807@fv-az180-867
2022-10-08 01:34:46,436 [pool-898-thread-1] INFO  storage.RaftStorage (RaftStorageImpl.java:format(89)) - Storage directory /home/runner/work/ozone/ozone/hadoop-ozone/integration-test/target/test-dir/MiniOzoneClusterImpl-5d0d2deb-5324-41ce-86fc-5a78a6428163/ozone-meta/ratis/bf265839-605b-3f16-9796-c5ba1605619e has been successfully formatted.
2022-10-08 01:34:46,436 [pool-898-thread-1] INFO  server.RaftServerConfigKeys (ConfUtils.java:logGet(46)) - raft.server.notification.no-leader.timeout = 120s (custom)
2022-10-08 01:34:46,436 [pool-898-thread-1] INFO  server.RaftServerConfigKeys (ConfUtils.java:logGet(46)) - raft.server.log.use.memory = false (default)
2022-10-08 01:34:46,436 [pool-898-thread-1] INFO  server.RaftServerConfigKeys (ConfUtils.java:logGet(46)) - raft.server.log.purge.gap = 1000000 (custom)
2022-10-08 01:34:46,436 [pool-898-thread-1] INFO  server.RaftServerConfigKeys (ConfUtils.java:logGet(46)) - raft.server.log.appender.buffer.byte-limit = 33554432 (custom)
2022-10-08 01:34:46,436 [pool-898-thread-1] INFO  server.RaftServerConfigKeys (ConfUtils.java:logGet(46)) - raft.server.log.statemachine.data.read.timeout = 1000ms (default)
2022-10-08 01:34:46,437 [pool-898-thread-1] INFO  server.RaftServerConfigKeys (ConfUtils.java:logGet(46)) - raft.server.log.segment.size.max = 4194304 (custom)
2022-10-08 01:34:46,444 [pool-898-thread-1] INFO  server.RaftServerConfigKeys (ConfUtils.java:logGet(46)) - raft.server.log.segment.cache.num.max = 2 (custom)
2022-10-08 01:34:46,444 [pool-898-thread-1] INFO  server.RaftServerConfigKeys (ConfUtils.java:logGet(46)) - raft.server.log.segment.cache.size.max = 200MB (=209715200) (default)
2022-10-08 01:34:46,444 [pool-898-thread-1] INFO  segmented.SegmentedRaftLogWorker (SegmentedRaftLogWorker.java:<init>(187)) - new om1@group-C5BA1605619E-SegmentedRaftLogWorker for RaftStorageImpl:Storage Directory /home/runner/work/ozone/ozone/hadoop-ozone/integration-test/target/test-dir/MiniOzoneClusterImpl-5d0d2deb-5324-41ce-86fc-5a78a6428163/ozone-meta/ratis/bf265839-605b-3f16-9796-c5ba1605619e
2022-10-08 01:34:46,444 [pool-898-thread-1] INFO  server.RaftServerConfigKeys (ConfUtils.java:logGet(46)) - raft.server.log.queue.byte-limit = 64MB (=67108864) (default)
2022-10-08 01:34:46,444 [pool-898-thread-1] INFO  server.RaftServerConfigKeys (ConfUtils.java:logGet(46)) - raft.server.log.queue.element-limit = 4096 (default)
2022-10-08 01:34:46,444 [pool-898-thread-1] INFO  server.RaftServerConfigKeys (ConfUtils.java:logGet(46)) - raft.server.log.segment.size.max = 4194304 (custom)
2022-10-08 01:34:46,444 [pool-898-thread-1] INFO  server.RaftServerConfigKeys (ConfUtils.java:logGet(46)) - raft.server.log.preallocated.size = 4194304 (custom)
2022-10-08 01:34:46,444 [pool-898-thread-1] INFO  server.RaftServerConfigKeys (ConfUtils.java:logGet(46)) - raft.server.log.force.sync.num = 128 (default)
2022-10-08 01:34:46,444 [pool-898-thread-1] INFO  server.RaftServerConfigKeys (ConfUtils.java:logGet(46)) - raft.server.log.statemachine.data.sync = true (default)
2022-10-08 01:34:46,444 [pool-898-thread-1] INFO  server.RaftServerConfigKeys (ConfUtils.java:logGet(46)) - raft.server.log.statemachine.data.sync.timeout = 10s (default)
2022-10-08 01:34:46,444 [pool-898-thread-1] INFO  server.RaftServerConfigKeys (ConfUtils.java:logGet(46)) - raft.server.log.statemachine.data.sync.timeout.retry = -1 (default)
2022-10-08 01:34:46,476 [pool-898-thread-1] INFO  server.RaftServerConfigKeys (ConfUtils.java:logGet(46)) - raft.server.log.write.buffer.size = 64KB (=65536) (default)
2022-10-08 01:34:46,476 [pool-898-thread-1] INFO  server.RaftServerConfigKeys (ConfUtils.java:logGet(46)) - raft.server.log.unsafe-flush.enabled = false (default)
2022-10-08 01:34:46,476 [pool-898-thread-1] INFO  server.RaftServerConfigKeys (ConfUtils.java:logGet(46)) - raft.server.log.statemachine.data.caching.enabled = false (default)
2022-10-08 01:34:46,476 [pool-898-thread-1] INFO  segmented.SegmentedRaftLogWorker (SegmentedRaftLogWorker.java:lambda$new$0(135)) - om1@group-C5BA1605619E-SegmentedRaftLogWorker: flushIndex: setUnconditionally 0 -> -1
2022-10-08 01:34:46,476 [pool-898-thread-1] INFO  segmented.SegmentedRaftLogWorker (SegmentedRaftLogWorker.java:lambda$new$0(135)) - om1@group-C5BA1605619E-SegmentedRaftLogWorker: safeCacheEvictIndex: setUnconditionally 0 -> -1
2022-10-08 01:34:46,492 [pool-898-thread-1] INFO  server.RaftServerConfigKeys (ConfUtils.java:logGet(46)) - raft.server.snapshot.auto.trigger.enabled = true (custom)
2022-10-08 01:34:46,492 [pool-898-thread-1] INFO  server.RaftServerConfigKeys (ConfUtils.java:logGet(46)) - raft.server.snapshot.auto.trigger.threshold = 400000 (default)
2022-10-08 01:34:46,492 [pool-898-thread-1] INFO  server.RaftServerConfigKeys (ConfUtils.java:logGet(46)) - raft.server.snapshot.retention.file.num = -1 (default)
2022-10-08 01:34:46,492 [pool-898-thread-1] INFO  server.RaftServerConfigKeys (ConfUtils.java:logGet(46)) - raft.server.log.purge.upto.snapshot.index = true (custom)
2022-10-08 01:34:46,492 [pool-898-thread-1] INFO  server.RaftServerConfigKeys (ConfUtils.java:logGet(46)) - raft.server.retrycache.expirytime = 300s (custom)
2022-10-08 01:34:46,492 [pool-898-thread-1] INFO  server.RaftServerConfigKeys (ConfUtils.java:logGet(46)) - raft.server.retrycache.statistics.expirytime = 100μs (default)
2022-10-08 01:34:46,493 [pool-898-thread-1] INFO  server.RaftServerConfigKeys (ConfUtils.java:logGet(46)) - raft.server.log.appender.install.snapshot.enabled = false (custom)
2022-10-08 01:34:46,494 [pool-898-thread-1] INFO  server.RaftServerConfigKeys (ConfUtils.java:logGet(46)) - raft.server.threadpool.server.cached = true (default)
2022-10-08 01:34:46,494 [pool-898-thread-1] INFO  server.RaftServerConfigKeys (ConfUtils.java:logGet(46)) - raft.server.threadpool.server.size = 0 (default)
2022-10-08 01:34:46,494 [pool-898-thread-1] INFO  server.RaftServerConfigKeys (ConfUtils.java:logGet(46)) - raft.server.threadpool.client.cached = true (default)
2022-10-08 01:34:46,494 [pool-898-thread-1] INFO  server.RaftServerConfigKeys (ConfUtils.java:logGet(46)) - raft.server.threadpool.client.size = 0 (default)
2022-10-08 01:34:47,130 [ReplicationMonitor] INFO  replication.ReplicationManager (ReplicationManager.java:processAll(291)) - Replication Manager is not ready to run until 3000ms after safemode exit
2022-10-08 01:34:48,130 [ReplicationMonitor] INFO  replication.ReplicationManager (ReplicationManager.java:processAll(291)) - Replication Manager is not ready to run until 3000ms after safemode exit
2022-10-08 01:34:48,517 [Listener at 0.0.0.0/40503] INFO  reflections.Reflections (Reflections.java:scan(232)) - Reflections took 2143 ms to scan 19 urls, producing 67 keys and 4225 values [using 2 cores]
2022-10-08 01:34:48,519 [Listener at 0.0.0.0/40503] INFO  ipc.CallQueueManager (CallQueueManager.java:<init>(90)) - Using callQueue: class java.util.concurrent.LinkedBlockingQueue, queueCapacity: 2000, scheduler: class org.apache.hadoop.ipc.DefaultRpcScheduler, ipcBackoff: false.
2022-10-08 01:34:48,552 [Socket Reader #1 for port 0] INFO  ipc.Server (Server.java:run(1265)) - Starting Socket Reader #1 for port 0
2022-10-08 01:34:48,737 [Listener at 127.0.0.1/42695] INFO  impl.MetricsSystemImpl (MetricsSystemImpl.java:init(158)) - OzoneManager metrics system started (again)
2022-10-08 01:34:48,785 [Listener at 127.0.0.1/42695] INFO  om.OzoneManager (OzoneManager.java:start(1484)) - OzoneManager RPC server is listening at localhost/127.0.0.1:42695
2022-10-08 01:34:48,785 [Listener at 127.0.0.1/42695] INFO  ratis.OzoneManagerRatisServer (OzoneManagerRatisServer.java:start(555)) - Starting OzoneManagerRatisServer om1 at port 9872
2022-10-08 01:34:48,785 [om1-impl-thread1] INFO  server.RaftServer$Division (RaftServerImpl.java:start(310)) - om1@group-C5BA1605619E: start as a follower, conf=-1: [om1|rpc:localhost:9872|priority:0], old=null
2022-10-08 01:34:48,785 [om1-impl-thread1] INFO  server.RaftServer$Division (RaftServerImpl.java:setRole(299)) - om1@group-C5BA1605619E: changes role from      null to FOLLOWER at term 0 for startAsFollower
2022-10-08 01:34:48,785 [om1-impl-thread1] INFO  impl.RoleInfo (RoleInfo.java:updateAndGet(139)) - om1: start om1@group-C5BA1605619E-FollowerState
2022-10-08 01:34:48,786 [om1-impl-thread1] INFO  util.JmxRegister (JmxRegister.java:tryRegister(44)) - Successfully registered JMX Bean with object name Ratis:service=RaftServer,group=group-C5BA1605619E,id=om1
2022-10-08 01:34:48,818 [Listener at 127.0.0.1/42695] INFO  server.RaftServer (RaftServerProxy.java:lambda$start$6(382)) - om1: start RPC server
2022-10-08 01:34:48,881 [Listener at 127.0.0.1/42695] INFO  server.GrpcService (GrpcService.java:startImpl(260)) - om1: GrpcService started, listening on 9872
2022-10-08 01:34:48,881 [Listener at 127.0.0.1/42695] INFO  om.OzoneManager (OzoneManager.java:start(1500)) - Version File has different layout version (3) than OM DB (null). That is expected if this OM has never been finalized to a newer layout version.
2022-10-08 01:34:48,882 [org.apache.ratis.util.JvmPauseMonitor$$Lambda$636/846962177@5b06560] INFO  util.JvmPauseMonitor (JvmPauseMonitor.java:run(103)) - JvmPauseMonitor-om1: Started
2022-10-08 01:34:48,892 [Listener at 127.0.0.1/42695] INFO  http.BaseHttpServer (BaseHttpServer.java:newHttpServer2BuilderForOzone(213)) - Starting Web-server for ozoneManager at: http://0.0.0.0:0
2022-10-08 01:34:48,892 [Listener at 127.0.0.1/42695] INFO  http.BaseHttpServer (BaseHttpServer.java:<init>(108)) - Hadoop Security Enabled: false Ozone Security Enabled: false Ozone HTTP Security Enabled: false 
2022-10-08 01:34:48,893 [Listener at 127.0.0.1/42695] INFO  server.AuthenticationFilter (AuthenticationFilter.java:constructSecretProvider(240)) - Unable to initialize FileSignerSecretProvider, falling back to use random secrets.
2022-10-08 01:34:48,904 [Listener at 127.0.0.1/42695] WARN  http.HttpRequestLog (HttpRequestLog.java:getRequestLog(103)) - Jetty request log can only be enabled using Log4j
2022-10-08 01:34:48,905 [Listener at 127.0.0.1/42695] INFO  http.HttpServer2 (HttpServer2.java:addGlobalFilter(1031)) - Added global filter 'safety' (class=org.apache.hadoop.hdds.server.http.HttpServer2$QuotingInputFilter)
2022-10-08 01:34:48,906 [Listener at 127.0.0.1/42695] INFO  http.HttpServer2 (HttpServer2.java:addFilter(1007)) - Added filter static_user_filter (class=org.apache.hadoop.http.lib.StaticUserWebFilter$StaticUserFilter) to context ozoneManager
2022-10-08 01:34:48,906 [Listener at 127.0.0.1/42695] INFO  http.HttpServer2 (HttpServer2.java:addFilter(1015)) - Added filter static_user_filter (class=org.apache.hadoop.http.lib.StaticUserWebFilter$StaticUserFilter) to context static
2022-10-08 01:34:48,906 [Listener at 127.0.0.1/42695] INFO  http.HttpServer2 (HttpServer2.java:addFilter(1015)) - Added filter static_user_filter (class=org.apache.hadoop.http.lib.StaticUserWebFilter$StaticUserFilter) to context logs
2022-10-08 01:34:48,916 [Listener at 127.0.0.1/42695] INFO  http.HttpServer2 (HttpServer2.java:bindListener(1250)) - Jetty bound to port 40939
2022-10-08 01:34:48,916 [Listener at 127.0.0.1/42695] INFO  server.Server (Server.java:doStart(375)) - jetty-9.4.43.v20210629; built: 2021-06-30T11:07:22.254Z; git: 526006ecfa3af7f1a27ef3a288e2bef7ea9dd7e8; jvm 1.8.0_345-b01
2022-10-08 01:34:48,972 [Listener at 127.0.0.1/42695] INFO  server.session (DefaultSessionIdManager.java:doStart(334)) - DefaultSessionIdManager workerName=node0
2022-10-08 01:34:48,972 [Listener at 127.0.0.1/42695] INFO  server.session (DefaultSessionIdManager.java:doStart(339)) - No SessionScavenger set, using defaults
2022-10-08 01:34:48,972 [Listener at 127.0.0.1/42695] INFO  server.session (HouseKeeper.java:startScavenging(132)) - node0 Scavenging every 660000ms
2022-10-08 01:34:48,973 [Listener at 127.0.0.1/42695] INFO  handler.ContextHandler (ContextHandler.java:doStart(915)) - Started o.e.j.s.ServletContextHandler@2e3b6861{logs,/logs,file:///home/runner/work/ozone/ozone/hadoop-ozone/integration-test/target/log,AVAILABLE}
2022-10-08 01:34:48,973 [Listener at 127.0.0.1/42695] INFO  handler.ContextHandler (ContextHandler.java:doStart(915)) - Started o.e.j.s.ServletContextHandler@1590b897{static,/static,file:///home/runner/work/ozone/ozone/hadoop-ozone/integration-test/target/test-classes/webapps/static,AVAILABLE}
2022-10-08 01:34:48,975 [Listener at 127.0.0.1/42695] INFO  handler.ContextHandler (ContextHandler.java:doStart(915)) - Started o.e.j.w.WebAppContext@9c1108{ozoneManager,/,file:///home/runner/work/ozone/ozone/hadoop-ozone/integration-test/target/test-classes/webapps/ozoneManager/,AVAILABLE}{file:/home/runner/work/ozone/ozone/hadoop-ozone/integration-test/target/test-classes/webapps/ozoneManager}
2022-10-08 01:34:49,000 [Listener at 127.0.0.1/42695] INFO  server.AbstractConnector (AbstractConnector.java:doStart(331)) - Started ServerConnector@30f54aa8{HTTP/1.1, (http/1.1)}{0.0.0.0:40939}
2022-10-08 01:34:49,000 [Listener at 127.0.0.1/42695] INFO  server.Server (Server.java:doStart(415)) - Started @215272ms
2022-10-08 01:34:49,000 [Listener at 127.0.0.1/42695] WARN  impl.MetricsSystemImpl (MetricsSystemImpl.java:register(279)) - Sink prometheus already exists!
2022-10-08 01:34:49,001 [Listener at 127.0.0.1/42695] INFO  http.BaseHttpServer (BaseHttpServer.java:updateConnectorAddress(333)) - HTTP server of ozoneManager listening at http://0.0.0.0:40939
2022-10-08 01:34:49,016 [IPC Server Responder] INFO  ipc.Server (Server.java:run(1507)) - IPC Server Responder: starting
2022-10-08 01:34:49,020 [IPC Server listener on 0] INFO  ipc.Server (Server.java:run(1344)) - IPC Server listener on 0: starting
2022-10-08 01:34:49,130 [ReplicationMonitor] INFO  replication.ReplicationManager (ReplicationManager.java:processAll(291)) - Replication Manager is not ready to run until 3000ms after safemode exit
2022-10-08 01:34:49,240 [Listener at 127.0.0.1/42695] INFO  om.OzoneManager (OzoneManager.java:startTrashEmptier(1921)) - Trash Interval set to 0. Files deleted won't move to trash
2022-10-08 01:34:49,274 [org.apache.hadoop.util.JvmPauseMonitor$Monitor@764c284] INFO  util.JvmPauseMonitor (JvmPauseMonitor.java:run(188)) - Starting JVM pause monitor
2022-10-08 01:34:49,345 [Listener at 127.0.0.1/42695] WARN  impl.MetricRegistriesImpl (MetricRegistriesImpl.java:addReporterRegistration(111)) - New reporters are added after registries were created. Some metrics will be missing from the reporter. Please add reporter before adding any new registry.
2022-10-08 01:34:49,346 [Listener at 127.0.0.1/42695] WARN  impl.MetricRegistriesImpl (MetricRegistriesImpl.java:addReporterRegistration(111)) - New reporters are added after registries were created. Some metrics will be missing from the reporter. Please add reporter before adding any new registry.
2022-10-08 01:34:49,346 [Listener at 127.0.0.1/42695] INFO  impl.MetricsSystemImpl (MetricsSystemImpl.java:init(158)) - HddsDatanode metrics system started (again)
2022-10-08 01:34:49,409 [Listener at 127.0.0.1/42695] INFO  ozone.HddsDatanodeService (HddsDatanodeService.java:start(236)) - HddsDatanodeService host:fv-az180-867.g3pwtgv4ffyuhaixmbmm0kyh3d.gx.internal.cloudapp.net ip:10.1.0.61
2022-10-08 01:34:49,965 [om1@group-C5BA1605619E-FollowerState] INFO  impl.FollowerState (FollowerState.java:run(143)) - om1@group-C5BA1605619E-FollowerState: change to CANDIDATE, lastRpcElapsedTime:1179284572ns, electionTimeout:1091ms
2022-10-08 01:34:49,965 [om1@group-C5BA1605619E-FollowerState] INFO  impl.RoleInfo (RoleInfo.java:shutdownFollowerState(110)) - om1: shutdown om1@group-C5BA1605619E-FollowerState
2022-10-08 01:34:49,965 [om1@group-C5BA1605619E-FollowerState] INFO  server.RaftServer$Division (RaftServerImpl.java:setRole(299)) - om1@group-C5BA1605619E: changes role from  FOLLOWER to CANDIDATE at term 0 for changeToCandidate
2022-10-08 01:34:49,965 [om1@group-C5BA1605619E-FollowerState] INFO  server.RaftServerConfigKeys (ConfUtils.java:logGet(46)) - raft.server.leaderelection.pre-vote = false (custom)
2022-10-08 01:34:49,965 [om1@group-C5BA1605619E-FollowerState] INFO  impl.RoleInfo (RoleInfo.java:updateAndGet(139)) - om1: start om1@group-C5BA1605619E-LeaderElection26
2022-10-08 01:34:49,996 [Listener at 127.0.0.1/42695] INFO  upgrade.AbstractLayoutVersionManager (AbstractLayoutVersionManager.java:init(83)) - Initializing Layout version manager with metadata layout = DATANODE_SCHEMA_V3 (version = 4), software layout = DATANODE_SCHEMA_V3 (version = 4)
2022-10-08 01:34:50,065 [om1@group-C5BA1605619E-LeaderElection26] INFO  impl.LeaderElection (LeaderElection.java:askForVotes(310)) - om1@group-C5BA1605619E-LeaderElection26 ELECTION round 0: submit vote requests at term 1 for -1: [om1|rpc:localhost:9872|priority:0], old=null
2022-10-08 01:34:50,065 [om1@group-C5BA1605619E-LeaderElection26] INFO  impl.LeaderElection (LeaderElection.java:askForVotes(312)) - om1@group-C5BA1605619E-LeaderElection26 ELECTION round 0: result PASSED (term=1)
2022-10-08 01:34:50,065 [om1@group-C5BA1605619E-LeaderElection26] INFO  impl.RoleInfo (RoleInfo.java:shutdownLeaderElection(130)) - om1: shutdown om1@group-C5BA1605619E-LeaderElection26
2022-10-08 01:34:50,065 [om1@group-C5BA1605619E-LeaderElection26] INFO  server.RaftServer$Division (RaftServerImpl.java:setRole(299)) - om1@group-C5BA1605619E: changes role from CANDIDATE to LEADER at term 1 for changeToLeader
2022-10-08 01:34:50,065 [om1@group-C5BA1605619E-LeaderElection26] INFO  server.RaftServer$Division (ServerState.java:setLeader(287)) - om1@group-C5BA1605619E: change Leader from null to om1 at term 1 for becomeLeader, leader elected after 3628ms
2022-10-08 01:34:50,065 [om1@group-C5BA1605619E-LeaderElection26] INFO  server.RaftServerConfigKeys (ConfUtils.java:logGet(46)) - raft.server.staging.catchup.gap = 1000 (default)
2022-10-08 01:34:50,065 [om1@group-C5BA1605619E-LeaderElection26] INFO  server.RaftServerConfigKeys (ConfUtils.java:logGet(46)) - raft.server.write.element-limit = 4096 (default)
2022-10-08 01:34:50,065 [om1@group-C5BA1605619E-LeaderElection26] INFO  server.RaftServerConfigKeys (ConfUtils.java:logGet(46)) - raft.server.write.byte-limit = 64MB (=67108864) (default)
2022-10-08 01:34:50,066 [om1@group-C5BA1605619E-LeaderElection26] INFO  server.RaftServerConfigKeys (ConfUtils.java:logGet(46)) - raft.server.watch.timeout = 10s (default)
2022-10-08 01:34:50,066 [om1@group-C5BA1605619E-LeaderElection26] INFO  server.RaftServerConfigKeys (ConfUtils.java:logGet(46)) - raft.server.watch.timeout.denomination = 1s (default)
2022-10-08 01:34:50,066 [om1@group-C5BA1605619E-LeaderElection26] INFO  server.RaftServerConfigKeys (ConfUtils.java:logGet(46)) - raft.server.watch.element-limit = 65536 (default)
2022-10-08 01:34:50,066 [om1@group-C5BA1605619E-LeaderElection26] INFO  server.RaftServerConfigKeys (ConfUtils.java:logGet(46)) - raft.server.write.element-limit = 4096 (default)
2022-10-08 01:34:50,066 [om1@group-C5BA1605619E-LeaderElection26] INFO  server.RaftServerConfigKeys (ConfUtils.java:logGet(46)) - raft.server.write.follower.gap.ratio.max = -1.0 (default)
2022-10-08 01:34:50,066 [om1@group-C5BA1605619E-LeaderElection26] INFO  impl.RoleInfo (RoleInfo.java:updateAndGet(139)) - om1: start om1@group-C5BA1605619E-LeaderStateImpl
2022-10-08 01:34:50,066 [om1@group-C5BA1605619E-LeaderElection26] INFO  segmented.SegmentedRaftLogWorker (SegmentedRaftLogWorker.java:startLogSegment(425)) - om1@group-C5BA1605619E-SegmentedRaftLogWorker: Starting segment from index:0
2022-10-08 01:34:50,108 [om1@group-C5BA1605619E-LeaderElection26] INFO  server.RaftServer$Division (ServerState.java:setRaftConf(393)) - om1@group-C5BA1605619E: set configuration 0: [om1|rpc:localhost:9872|admin:|client:|dataStream:|priority:0], old=null
2022-10-08 01:34:50,109 [om1@group-C5BA1605619E-SegmentedRaftLogWorker] INFO  segmented.SegmentedRaftLogWorker (SegmentedRaftLogWorker.java:execute(629)) - om1@group-C5BA1605619E-SegmentedRaftLogWorker: created new log segment /home/runner/work/ozone/ozone/hadoop-ozone/integration-test/target/test-dir/MiniOzoneClusterImpl-5d0d2deb-5324-41ce-86fc-5a78a6428163/ozone-meta/ratis/bf265839-605b-3f16-9796-c5ba1605619e/current/log_inprogress_0
2022-10-08 01:34:50,130 [ReplicationMonitor] INFO  replication.ReplicationManager (ReplicationManager.java:processAll(291)) - Replication Manager is not ready to run until 3000ms after safemode exit
2022-10-08 01:34:50,152 [om1@group-C5BA1605619E-StateMachineUpdater] INFO  ratis.OzoneManagerStateMachine (OzoneManagerStateMachine.java:notifyConfigurationChanged(192)) - Received Configuration change notification from Ratis. New Peer list:
[id: "om1"
address: "localhost:9872"
]
2022-10-08 01:34:50,361 [Listener at 127.0.0.1/42695] INFO  reflections.Reflections (Reflections.java:scan(232)) - Reflections took 363 ms to scan 7 urls, producing 135 keys and 327 values 
2022-10-08 01:34:50,408 [Listener at 127.0.0.1/42695] INFO  statemachine.DatanodeStateMachine (DatanodeStateMachine.java:getEndPointTaskThreadPoolSize(237)) - Datanode State Machine Task Thread Pool size 2
2022-10-08 01:34:50,440 [Listener at 127.0.0.1/42695] INFO  volume.HddsVolume (HddsVolume.java:<init>(117)) - Creating HddsVolume: /home/runner/work/ozone/ozone/hadoop-ozone/integration-test/target/test-dir/MiniOzoneClusterImpl-5d0d2deb-5324-41ce-86fc-5a78a6428163/datanode-0/data-0/containers/hdds of storage type : DISK capacity : 9223372036854775807
2022-10-08 01:34:50,441 [Listener at 127.0.0.1/42695] INFO  volume.MutableVolumeSet (MutableVolumeSet.java:initializeVolumeSet(174)) - Added Volume : /home/runner/work/ozone/ozone/hadoop-ozone/integration-test/target/test-dir/MiniOzoneClusterImpl-5d0d2deb-5324-41ce-86fc-5a78a6428163/datanode-0/data-0/containers/hdds to VolumeSet
2022-10-08 01:34:50,486 [Listener at 127.0.0.1/42695] INFO  volume.ThrottledAsyncChecker (ThrottledAsyncChecker.java:schedule(141)) - Scheduling a check for /home/runner/work/ozone/ozone/hadoop-ozone/integration-test/target/test-dir/MiniOzoneClusterImpl-5d0d2deb-5324-41ce-86fc-5a78a6428163/datanode-0/data-0/containers/hdds
2022-10-08 01:34:50,556 [Listener at 127.0.0.1/42695] INFO  volume.StorageVolumeChecker (StorageVolumeChecker.java:checkAllVolumes(202)) - Scheduled health check for volume /home/runner/work/ozone/ozone/hadoop-ozone/integration-test/target/test-dir/MiniOzoneClusterImpl-5d0d2deb-5324-41ce-86fc-5a78a6428163/datanode-0/data-0/containers/hdds
2022-10-08 01:34:50,574 [Listener at 127.0.0.1/42695] INFO  volume.MutableVolumeSet (MutableVolumeSet.java:initializeVolumeSet(174)) - Added Volume : /home/runner/work/ozone/ozone/hadoop-ozone/integration-test/target/test-dir/MiniOzoneClusterImpl-5d0d2deb-5324-41ce-86fc-5a78a6428163/datanode-0/data/ratis to VolumeSet
2022-10-08 01:34:50,574 [Listener at 127.0.0.1/42695] INFO  volume.ThrottledAsyncChecker (ThrottledAsyncChecker.java:schedule(141)) - Scheduling a check for /home/runner/work/ozone/ozone/hadoop-ozone/integration-test/target/test-dir/MiniOzoneClusterImpl-5d0d2deb-5324-41ce-86fc-5a78a6428163/datanode-0/data/ratis
2022-10-08 01:34:50,575 [Listener at 127.0.0.1/42695] INFO  volume.StorageVolumeChecker (StorageVolumeChecker.java:checkAllVolumes(202)) - Scheduled health check for volume /home/runner/work/ozone/ozone/hadoop-ozone/integration-test/target/test-dir/MiniOzoneClusterImpl-5d0d2deb-5324-41ce-86fc-5a78a6428163/datanode-0/data/ratis
2022-10-08 01:34:50,758 [Thread-1638] INFO  ozoneimpl.ContainerReader (ContainerReader.java:readVolume(175)) - Finish verifying containers on volume /home/runner/work/ozone/ozone/hadoop-ozone/integration-test/target/test-dir/MiniOzoneClusterImpl-5d0d2deb-5324-41ce-86fc-5a78a6428163/datanode-0/data-0/containers/hdds
2022-10-08 01:34:50,758 [Listener at 127.0.0.1/42695] INFO  ozoneimpl.OzoneContainer (OzoneContainer.java:buildContainerSet(300)) - Build ContainerSet costs 0s
2022-10-08 01:34:50,768 [Listener at 127.0.0.1/42695] INFO  server.RaftServer (ConfUtils.java:logGet(46)) - raft.rpc.type = GRPC (default)
2022-10-08 01:34:50,769 [Listener at 127.0.0.1/42695] INFO  grpc.GrpcFactory (GrpcFactory.java:checkPooledByteBufAllocatorUseCacheForAllThreads(48)) - PERFORMANCE WARNING: useCacheForAllThreads is true that may cause Netty to create a lot garbage objects and, as a result, trigger GC.
	It is recommended to disable useCacheForAllThreads by setting -Dorg.apache.ratis.thirdparty.io.netty.allocator.useCacheForAllThreads=false in command line.
2022-10-08 01:34:50,769 [Listener at 127.0.0.1/42695] INFO  grpc.GrpcConfigKeys (ConfUtils.java:logGet(46)) - raft.grpc.admin.port = 0 (custom)
2022-10-08 01:34:50,769 [Listener at 127.0.0.1/42695] INFO  grpc.GrpcConfigKeys (ConfUtils.java:logGet(46)) - raft.grpc.client.port = 0 (custom)
2022-10-08 01:34:50,769 [Listener at 127.0.0.1/42695] INFO  grpc.GrpcConfigKeys (ConfUtils.java:logGet(46)) - raft.grpc.server.port = 0 (default)
2022-10-08 01:34:50,769 [Listener at 127.0.0.1/42695] INFO  server.GrpcService (ConfUtils.java:logGet(46)) - raft.grpc.message.size.max = 32MB (=33554432) (custom)
2022-10-08 01:34:50,769 [Listener at 127.0.0.1/42695] INFO  server.RaftServerConfigKeys (ConfUtils.java:logGet(46)) - raft.server.log.appender.buffer.byte-limit = 33554432 (custom)
2022-10-08 01:34:50,769 [Listener at 127.0.0.1/42695] INFO  server.GrpcService (ConfUtils.java:logGet(46)) - raft.grpc.flow.control.window = 5MB (=5242880) (custom)
2022-10-08 01:34:50,769 [Listener at 127.0.0.1/42695] INFO  server.RaftServerConfigKeys (ConfUtils.java:logGet(46)) - raft.server.rpc.request.timeout = 60s (custom)
2022-10-08 01:34:50,769 [Listener at 127.0.0.1/42695] INFO  grpc.GrpcConfigKeys (ConfUtils.java:logGet(46)) - raft.grpc.server.async.request.thread.pool.cached = true (default)
2022-10-08 01:34:50,769 [Listener at 127.0.0.1/42695] INFO  grpc.GrpcConfigKeys (ConfUtils.java:logGet(46)) - raft.grpc.server.async.request.thread.pool.size = 32 (default)
2022-10-08 01:34:50,770 [Listener at 127.0.0.1/42695] INFO  impl.DataStreamServerImpl (ConfUtils.java:logGet(46)) - raft.datastream.type = DISABLED (default)
2022-10-08 01:34:50,771 [Listener at 127.0.0.1/42695] INFO  server.RaftServerConfigKeys (ConfUtils.java:logGet(46)) - raft.server.threadpool.proxy.cached = true (default)
2022-10-08 01:34:50,771 [Listener at 127.0.0.1/42695] INFO  server.RaftServerConfigKeys (ConfUtils.java:logGet(46)) - raft.server.threadpool.proxy.size = 0 (default)
2022-10-08 01:34:50,771 [Listener at 127.0.0.1/42695] INFO  server.RaftServerConfigKeys (ConfUtils.java:logGet(46)) - raft.server.rpc.slowness.timeout = 300s (custom)
2022-10-08 01:34:50,776 [Listener at 127.0.0.1/42695] INFO  server.RaftServerConfigKeys (ConfUtils.java:logGet(46)) - raft.server.leaderelection.leader.step-down.wait-time = 10s (default)
2022-10-08 01:34:50,776 [Listener at 127.0.0.1/42695] INFO  server.RaftServerConfigKeys (ConfUtils.java:logGet(46)) - raft.server.storage.dir = [/home/runner/work/ozone/ozone/hadoop-ozone/integration-test/target/test-dir/MiniOzoneClusterImpl-5d0d2deb-5324-41ce-86fc-5a78a6428163/datanode-0/data/ratis] (custom)
2022-10-08 01:34:50,817 [Listener at 127.0.0.1/42695] INFO  server.XceiverServerGrpc (XceiverServerGrpc.java:<init>(132)) - GrpcServer channel type EpollServerSocketChannel
2022-10-08 01:34:50,848 [Listener at 127.0.0.1/42695] INFO  http.BaseHttpServer (BaseHttpServer.java:newHttpServer2BuilderForOzone(213)) - Starting Web-server for hddsDatanode at: http://0.0.0.0:0
2022-10-08 01:34:50,848 [Listener at 127.0.0.1/42695] INFO  http.BaseHttpServer (BaseHttpServer.java:<init>(108)) - Hadoop Security Enabled: false Ozone Security Enabled: false Ozone HTTP Security Enabled: false 
2022-10-08 01:34:50,849 [Listener at 127.0.0.1/42695] INFO  server.AuthenticationFilter (AuthenticationFilter.java:constructSecretProvider(240)) - Unable to initialize FileSignerSecretProvider, falling back to use random secrets.
2022-10-08 01:34:50,884 [Listener at 127.0.0.1/42695] WARN  http.HttpRequestLog (HttpRequestLog.java:getRequestLog(103)) - Jetty request log can only be enabled using Log4j
2022-10-08 01:34:50,885 [Listener at 127.0.0.1/42695] INFO  http.HttpServer2 (HttpServer2.java:addGlobalFilter(1031)) - Added global filter 'safety' (class=org.apache.hadoop.hdds.server.http.HttpServer2$QuotingInputFilter)
2022-10-08 01:34:50,886 [Listener at 127.0.0.1/42695] INFO  http.HttpServer2 (HttpServer2.java:addFilter(1007)) - Added filter static_user_filter (class=org.apache.hadoop.http.lib.StaticUserWebFilter$StaticUserFilter) to context hddsDatanode
2022-10-08 01:34:50,886 [Listener at 127.0.0.1/42695] INFO  http.HttpServer2 (HttpServer2.java:addFilter(1015)) - Added filter static_user_filter (class=org.apache.hadoop.http.lib.StaticUserWebFilter$StaticUserFilter) to context static
2022-10-08 01:34:50,886 [Listener at 127.0.0.1/42695] INFO  http.HttpServer2 (HttpServer2.java:addFilter(1015)) - Added filter static_user_filter (class=org.apache.hadoop.http.lib.StaticUserWebFilter$StaticUserFilter) to context logs
2022-10-08 01:34:50,886 [Listener at 127.0.0.1/42695] INFO  http.HttpServer2 (HttpServer2.java:bindListener(1250)) - Jetty bound to port 44483
2022-10-08 01:34:50,887 [Listener at 127.0.0.1/42695] INFO  server.Server (Server.java:doStart(375)) - jetty-9.4.43.v20210629; built: 2021-06-30T11:07:22.254Z; git: 526006ecfa3af7f1a27ef3a288e2bef7ea9dd7e8; jvm 1.8.0_345-b01
2022-10-08 01:34:51,008 [Listener at 127.0.0.1/42695] INFO  server.session (DefaultSessionIdManager.java:doStart(334)) - DefaultSessionIdManager workerName=node0
2022-10-08 01:34:51,008 [Listener at 127.0.0.1/42695] INFO  server.session (DefaultSessionIdManager.java:doStart(339)) - No SessionScavenger set, using defaults
2022-10-08 01:34:51,008 [Listener at 127.0.0.1/42695] INFO  server.session (HouseKeeper.java:startScavenging(132)) - node0 Scavenging every 660000ms
2022-10-08 01:34:51,020 [Listener at 127.0.0.1/42695] INFO  handler.ContextHandler (ContextHandler.java:doStart(915)) - Started o.e.j.s.ServletContextHandler@2c593541{logs,/logs,file:///home/runner/work/ozone/ozone/hadoop-ozone/integration-test/target/log,AVAILABLE}
2022-10-08 01:34:51,020 [Listener at 127.0.0.1/42695] INFO  handler.ContextHandler (ContextHandler.java:doStart(915)) - Started o.e.j.s.ServletContextHandler@13d3b596{static,/static,jar:file:/home/runner/.m2/repository/org/apache/ozone/hdds-container-service/1.3.0-SNAPSHOT/hdds-container-service-1.3.0-SNAPSHOT.jar!/webapps/static,AVAILABLE}
2022-10-08 01:34:51,130 [ReplicationMonitor] INFO  replication.ReplicationManager (ReplicationManager.java:processAll(291)) - Replication Manager is not ready to run until 3000ms after safemode exit
2022-10-08 01:34:51,597 [Listener at 127.0.0.1/42695] INFO  handler.ContextHandler (ContextHandler.java:doStart(915)) - Started o.e.j.w.WebAppContext@7196e234{hddsDatanode,/,file:///tmp/jetty-0_0_0_0-44483-hdds-container-service-1_3_0-SNAPSHOT_jar-_-any-7219659349880368859/webapp/,AVAILABLE}{jar:file:/home/runner/.m2/repository/org/apache/ozone/hdds-container-service/1.3.0-SNAPSHOT/hdds-container-service-1.3.0-SNAPSHOT.jar!/webapps/hddsDatanode}
2022-10-08 01:34:51,639 [Listener at 127.0.0.1/42695] INFO  server.AbstractConnector (AbstractConnector.java:doStart(331)) - Started ServerConnector@69c52812{HTTP/1.1, (http/1.1)}{0.0.0.0:44483}
2022-10-08 01:34:51,639 [Listener at 127.0.0.1/42695] INFO  server.Server (Server.java:doStart(415)) - Started @217911ms
2022-10-08 01:34:51,639 [Listener at 127.0.0.1/42695] WARN  impl.MetricsSystemImpl (MetricsSystemImpl.java:register(279)) - Sink prometheus already exists!
2022-10-08 01:34:51,640 [Listener at 127.0.0.1/42695] INFO  http.BaseHttpServer (BaseHttpServer.java:updateConnectorAddress(333)) - HTTP server of hddsDatanode listening at http://0.0.0.0:44483
2022-10-08 01:34:51,648 [Listener at 127.0.0.1/42695] WARN  impl.MetricRegistriesImpl (MetricRegistriesImpl.java:addReporterRegistration(111)) - New reporters are added after registries were created. Some metrics will be missing from the reporter. Please add reporter before adding any new registry.
2022-10-08 01:34:51,648 [Listener at 127.0.0.1/42695] WARN  impl.MetricRegistriesImpl (MetricRegistriesImpl.java:addReporterRegistration(111)) - New reporters are added after registries were created. Some metrics will be missing from the reporter. Please add reporter before adding any new registry.
2022-10-08 01:34:51,648 [Listener at 127.0.0.1/42695] INFO  impl.MetricsSystemImpl (MetricsSystemImpl.java:init(158)) - HddsDatanode metrics system started (again)
2022-10-08 01:34:51,680 [Datanode State Machine Daemon Thread] INFO  statemachine.DatanodeStateMachine (DatanodeStateMachine.java:lambda$startDaemon$0(492)) - Ozone container server started.
2022-10-08 01:34:51,714 [Listener at 127.0.0.1/42695] INFO  ozone.HddsDatanodeService (HddsDatanodeService.java:start(236)) - HddsDatanodeService host:fv-az180-867.g3pwtgv4ffyuhaixmbmm0kyh3d.gx.internal.cloudapp.net ip:10.1.0.61
2022-10-08 01:34:51,765 [Datanode State Machine Task Thread - 0] INFO  datanode.InitDatanodeState (InitDatanodeState.java:persistContainerDatanodeDetails(138)) - DatanodeDetails is persisted to /home/runner/work/ozone/ozone/hadoop-ozone/integration-test/target/test-dir/MiniOzoneClusterImpl-5d0d2deb-5324-41ce-86fc-5a78a6428163/datanode-0/meta/datanode.id
2022-10-08 01:34:51,816 [org.apache.hadoop.util.JvmPauseMonitor$Monitor@2767ce91] INFO  util.JvmPauseMonitor (JvmPauseMonitor.java:run(188)) - Starting JVM pause monitor
2022-10-08 01:34:51,933 [Listener at 127.0.0.1/42695] INFO  upgrade.AbstractLayoutVersionManager (AbstractLayoutVersionManager.java:init(83)) - Initializing Layout version manager with metadata layout = DATANODE_SCHEMA_V3 (version = 4), software layout = DATANODE_SCHEMA_V3 (version = 4)
2022-10-08 01:34:52,131 [ReplicationMonitor] INFO  replication.ReplicationManager (ReplicationManager.java:processAll(291)) - Replication Manager is not ready to run until 3000ms after safemode exit
2022-10-08 01:34:52,178 [Listener at 127.0.0.1/42695] INFO  reflections.Reflections (Reflections.java:scan(232)) - Reflections took 244 ms to scan 7 urls, producing 135 keys and 327 values 
2022-10-08 01:34:52,180 [Listener at 127.0.0.1/42695] INFO  statemachine.DatanodeStateMachine (DatanodeStateMachine.java:getEndPointTaskThreadPoolSize(237)) - Datanode State Machine Task Thread Pool size 2
2022-10-08 01:34:52,245 [Listener at 127.0.0.1/42695] INFO  volume.HddsVolume (HddsVolume.java:<init>(117)) - Creating HddsVolume: /home/runner/work/ozone/ozone/hadoop-ozone/integration-test/target/test-dir/MiniOzoneClusterImpl-5d0d2deb-5324-41ce-86fc-5a78a6428163/datanode-1/data-0/containers/hdds of storage type : DISK capacity : 9223372036854775807
2022-10-08 01:34:52,245 [Listener at 127.0.0.1/42695] INFO  volume.MutableVolumeSet (MutableVolumeSet.java:initializeVolumeSet(174)) - Added Volume : /home/runner/work/ozone/ozone/hadoop-ozone/integration-test/target/test-dir/MiniOzoneClusterImpl-5d0d2deb-5324-41ce-86fc-5a78a6428163/datanode-1/data-0/containers/hdds to VolumeSet
2022-10-08 01:34:52,245 [Listener at 127.0.0.1/42695] INFO  volume.ThrottledAsyncChecker (ThrottledAsyncChecker.java:schedule(141)) - Scheduling a check for /home/runner/work/ozone/ozone/hadoop-ozone/integration-test/target/test-dir/MiniOzoneClusterImpl-5d0d2deb-5324-41ce-86fc-5a78a6428163/datanode-1/data-0/containers/hdds
2022-10-08 01:34:52,260 [Listener at 127.0.0.1/42695] INFO  volume.StorageVolumeChecker (StorageVolumeChecker.java:checkAllVolumes(202)) - Scheduled health check for volume /home/runner/work/ozone/ozone/hadoop-ozone/integration-test/target/test-dir/MiniOzoneClusterImpl-5d0d2deb-5324-41ce-86fc-5a78a6428163/datanode-1/data-0/containers/hdds
2022-10-08 01:34:52,280 [Listener at 127.0.0.1/42695] INFO  volume.MutableVolumeSet (MutableVolumeSet.java:initializeVolumeSet(174)) - Added Volume : /home/runner/work/ozone/ozone/hadoop-ozone/integration-test/target/test-dir/MiniOzoneClusterImpl-5d0d2deb-5324-41ce-86fc-5a78a6428163/datanode-1/data/ratis to VolumeSet
2022-10-08 01:34:52,280 [Listener at 127.0.0.1/42695] INFO  volume.ThrottledAsyncChecker (ThrottledAsyncChecker.java:schedule(141)) - Scheduling a check for /home/runner/work/ozone/ozone/hadoop-ozone/integration-test/target/test-dir/MiniOzoneClusterImpl-5d0d2deb-5324-41ce-86fc-5a78a6428163/datanode-1/data/ratis
2022-10-08 01:34:52,284 [Listener at 127.0.0.1/42695] INFO  volume.StorageVolumeChecker (StorageVolumeChecker.java:checkAllVolumes(202)) - Scheduled health check for volume /home/runner/work/ozone/ozone/hadoop-ozone/integration-test/target/test-dir/MiniOzoneClusterImpl-5d0d2deb-5324-41ce-86fc-5a78a6428163/datanode-1/data/ratis
2022-10-08 01:34:52,295 [Thread-1651] INFO  ozoneimpl.ContainerReader (ContainerReader.java:readVolume(175)) - Finish verifying containers on volume /home/runner/work/ozone/ozone/hadoop-ozone/integration-test/target/test-dir/MiniOzoneClusterImpl-5d0d2deb-5324-41ce-86fc-5a78a6428163/datanode-1/data-0/containers/hdds
2022-10-08 01:34:52,295 [Listener at 127.0.0.1/42695] INFO  ozoneimpl.OzoneContainer (OzoneContainer.java:buildContainerSet(300)) - Build ContainerSet costs 0s
2022-10-08 01:34:52,297 [Listener at 127.0.0.1/42695] INFO  server.RaftServer (ConfUtils.java:logGet(46)) - raft.rpc.type = GRPC (default)
2022-10-08 01:34:52,297 [Listener at 127.0.0.1/42695] INFO  grpc.GrpcFactory (GrpcFactory.java:checkPooledByteBufAllocatorUseCacheForAllThreads(48)) - PERFORMANCE WARNING: useCacheForAllThreads is true that may cause Netty to create a lot garbage objects and, as a result, trigger GC.
	It is recommended to disable useCacheForAllThreads by setting -Dorg.apache.ratis.thirdparty.io.netty.allocator.useCacheForAllThreads=false in command line.
2022-10-08 01:34:52,297 [Listener at 127.0.0.1/42695] INFO  grpc.GrpcConfigKeys (ConfUtils.java:logGet(46)) - raft.grpc.admin.port = 0 (custom)
2022-10-08 01:34:52,297 [Listener at 127.0.0.1/42695] INFO  grpc.GrpcConfigKeys (ConfUtils.java:logGet(46)) - raft.grpc.client.port = 0 (custom)
2022-10-08 01:34:52,297 [Listener at 127.0.0.1/42695] INFO  grpc.GrpcConfigKeys (ConfUtils.java:logGet(46)) - raft.grpc.server.port = 0 (default)
2022-10-08 01:34:52,297 [Listener at 127.0.0.1/42695] INFO  server.GrpcService (ConfUtils.java:logGet(46)) - raft.grpc.message.size.max = 32MB (=33554432) (custom)
2022-10-08 01:34:52,297 [Listener at 127.0.0.1/42695] INFO  server.RaftServerConfigKeys (ConfUtils.java:logGet(46)) - raft.server.log.appender.buffer.byte-limit = 33554432 (custom)
2022-10-08 01:34:52,297 [Listener at 127.0.0.1/42695] INFO  server.GrpcService (ConfUtils.java:logGet(46)) - raft.grpc.flow.control.window = 5MB (=5242880) (custom)
2022-10-08 01:34:52,297 [Listener at 127.0.0.1/42695] INFO  server.RaftServerConfigKeys (ConfUtils.java:logGet(46)) - raft.server.rpc.request.timeout = 60s (custom)
2022-10-08 01:34:52,298 [Listener at 127.0.0.1/42695] INFO  grpc.GrpcConfigKeys (ConfUtils.java:logGet(46)) - raft.grpc.server.async.request.thread.pool.cached = true (default)
2022-10-08 01:34:52,298 [Listener at 127.0.0.1/42695] INFO  grpc.GrpcConfigKeys (ConfUtils.java:logGet(46)) - raft.grpc.server.async.request.thread.pool.size = 32 (default)
2022-10-08 01:34:52,298 [Listener at 127.0.0.1/42695] INFO  impl.DataStreamServerImpl (ConfUtils.java:logGet(46)) - raft.datastream.type = DISABLED (default)
2022-10-08 01:34:52,299 [Listener at 127.0.0.1/42695] INFO  server.RaftServerConfigKeys (ConfUtils.java:logGet(46)) - raft.server.threadpool.proxy.cached = true (default)
2022-10-08 01:34:52,299 [Listener at 127.0.0.1/42695] INFO  server.RaftServerConfigKeys (ConfUtils.java:logGet(46)) - raft.server.threadpool.proxy.size = 0 (default)
2022-10-08 01:34:52,299 [Listener at 127.0.0.1/42695] INFO  server.RaftServerConfigKeys (ConfUtils.java:logGet(46)) - raft.server.rpc.slowness.timeout = 300s (custom)
2022-10-08 01:34:52,299 [Listener at 127.0.0.1/42695] INFO  server.RaftServerConfigKeys (ConfUtils.java:logGet(46)) - raft.server.leaderelection.leader.step-down.wait-time = 10s (default)
2022-10-08 01:34:52,299 [Listener at 127.0.0.1/42695] INFO  server.RaftServerConfigKeys (ConfUtils.java:logGet(46)) - raft.server.storage.dir = [/home/runner/work/ozone/ozone/hadoop-ozone/integration-test/target/test-dir/MiniOzoneClusterImpl-5d0d2deb-5324-41ce-86fc-5a78a6428163/datanode-1/data/ratis] (custom)
2022-10-08 01:34:52,301 [Listener at 127.0.0.1/42695] INFO  server.XceiverServerGrpc (XceiverServerGrpc.java:<init>(132)) - GrpcServer channel type EpollServerSocketChannel
2022-10-08 01:34:52,360 [Listener at 127.0.0.1/42695] INFO  http.BaseHttpServer (BaseHttpServer.java:newHttpServer2BuilderForOzone(213)) - Starting Web-server for hddsDatanode at: http://0.0.0.0:0
2022-10-08 01:34:52,361 [Listener at 127.0.0.1/42695] INFO  http.BaseHttpServer (BaseHttpServer.java:<init>(108)) - Hadoop Security Enabled: false Ozone Security Enabled: false Ozone HTTP Security Enabled: false 
2022-10-08 01:34:52,362 [Listener at 127.0.0.1/42695] INFO  server.AuthenticationFilter (AuthenticationFilter.java:constructSecretProvider(240)) - Unable to initialize FileSignerSecretProvider, falling back to use random secrets.
2022-10-08 01:34:52,367 [Listener at 127.0.0.1/42695] WARN  http.HttpRequestLog (HttpRequestLog.java:getRequestLog(103)) - Jetty request log can only be enabled using Log4j
2022-10-08 01:34:52,368 [Listener at 127.0.0.1/42695] INFO  http.HttpServer2 (HttpServer2.java:addGlobalFilter(1031)) - Added global filter 'safety' (class=org.apache.hadoop.hdds.server.http.HttpServer2$QuotingInputFilter)
2022-10-08 01:34:52,368 [Listener at 127.0.0.1/42695] INFO  http.HttpServer2 (HttpServer2.java:addFilter(1007)) - Added filter static_user_filter (class=org.apache.hadoop.http.lib.StaticUserWebFilter$StaticUserFilter) to context hddsDatanode
2022-10-08 01:34:52,368 [Listener at 127.0.0.1/42695] INFO  http.HttpServer2 (HttpServer2.java:addFilter(1015)) - Added filter static_user_filter (class=org.apache.hadoop.http.lib.StaticUserWebFilter$StaticUserFilter) to context logs
2022-10-08 01:34:52,368 [Listener at 127.0.0.1/42695] INFO  http.HttpServer2 (HttpServer2.java:addFilter(1015)) - Added filter static_user_filter (class=org.apache.hadoop.http.lib.StaticUserWebFilter$StaticUserFilter) to context static
2022-10-08 01:34:52,369 [Listener at 127.0.0.1/42695] INFO  http.HttpServer2 (HttpServer2.java:bindListener(1250)) - Jetty bound to port 38507
2022-10-08 01:34:52,369 [Listener at 127.0.0.1/42695] INFO  server.Server (Server.java:doStart(375)) - jetty-9.4.43.v20210629; built: 2021-06-30T11:07:22.254Z; git: 526006ecfa3af7f1a27ef3a288e2bef7ea9dd7e8; jvm 1.8.0_345-b01
2022-10-08 01:34:52,536 [Listener at 127.0.0.1/42695] INFO  server.session (DefaultSessionIdManager.java:doStart(334)) - DefaultSessionIdManager workerName=node0
2022-10-08 01:34:52,536 [Listener at 127.0.0.1/42695] INFO  server.session (DefaultSessionIdManager.java:doStart(339)) - No SessionScavenger set, using defaults
2022-10-08 01:34:52,536 [Listener at 127.0.0.1/42695] INFO  server.session (HouseKeeper.java:startScavenging(132)) - node0 Scavenging every 660000ms
2022-10-08 01:34:52,560 [Listener at 127.0.0.1/42695] INFO  handler.ContextHandler (ContextHandler.java:doStart(915)) - Started o.e.j.s.ServletContextHandler@765b3f2{logs,/logs,file:///home/runner/work/ozone/ozone/hadoop-ozone/integration-test/target/log,AVAILABLE}
2022-10-08 01:34:52,560 [Listener at 127.0.0.1/42695] INFO  handler.ContextHandler (ContextHandler.java:doStart(915)) - Started o.e.j.s.ServletContextHandler@10f21098{static,/static,jar:file:/home/runner/.m2/repository/org/apache/ozone/hdds-container-service/1.3.0-SNAPSHOT/hdds-container-service-1.3.0-SNAPSHOT.jar!/webapps/static,AVAILABLE}
2022-10-08 01:34:53,131 [ReplicationMonitor] INFO  replication.ReplicationManager (ReplicationManager.java:processAll(291)) - Replication Manager is not ready to run until 3000ms after safemode exit
2022-10-08 01:34:53,147 [Listener at 127.0.0.1/42695] INFO  handler.ContextHandler (ContextHandler.java:doStart(915)) - Started o.e.j.w.WebAppContext@7c3a161b{hddsDatanode,/,file:///tmp/jetty-0_0_0_0-38507-hdds-container-service-1_3_0-SNAPSHOT_jar-_-any-8804156599558729062/webapp/,AVAILABLE}{jar:file:/home/runner/.m2/repository/org/apache/ozone/hdds-container-service/1.3.0-SNAPSHOT/hdds-container-service-1.3.0-SNAPSHOT.jar!/webapps/hddsDatanode}
2022-10-08 01:34:53,148 [Listener at 127.0.0.1/42695] INFO  server.AbstractConnector (AbstractConnector.java:doStart(331)) - Started ServerConnector@4487cd53{HTTP/1.1, (http/1.1)}{0.0.0.0:38507}
2022-10-08 01:34:53,148 [Listener at 127.0.0.1/42695] INFO  server.Server (Server.java:doStart(415)) - Started @219420ms
2022-10-08 01:34:53,148 [Listener at 127.0.0.1/42695] WARN  impl.MetricsSystemImpl (MetricsSystemImpl.java:register(279)) - Sink prometheus already exists!
2022-10-08 01:34:53,148 [Listener at 127.0.0.1/42695] INFO  http.BaseHttpServer (BaseHttpServer.java:updateConnectorAddress(333)) - HTTP server of hddsDatanode listening at http://0.0.0.0:38507
2022-10-08 01:34:53,149 [Listener at 127.0.0.1/42695] WARN  impl.MetricRegistriesImpl (MetricRegistriesImpl.java:addReporterRegistration(111)) - New reporters are added after registries were created. Some metrics will be missing from the reporter. Please add reporter before adding any new registry.
2022-10-08 01:34:53,149 [Listener at 127.0.0.1/42695] WARN  impl.MetricRegistriesImpl (MetricRegistriesImpl.java:addReporterRegistration(111)) - New reporters are added after registries were created. Some metrics will be missing from the reporter. Please add reporter before adding any new registry.
2022-10-08 01:34:53,149 [Listener at 127.0.0.1/42695] INFO  impl.MetricsSystemImpl (MetricsSystemImpl.java:init(158)) - HddsDatanode metrics system started (again)
2022-10-08 01:34:53,188 [Datanode State Machine Daemon Thread] INFO  statemachine.DatanodeStateMachine (DatanodeStateMachine.java:lambda$startDaemon$0(492)) - Ozone container server started.
2022-10-08 01:34:53,258 [Listener at 127.0.0.1/42695] INFO  ozone.HddsDatanodeService (HddsDatanodeService.java:start(236)) - HddsDatanodeService host:fv-az180-867.g3pwtgv4ffyuhaixmbmm0kyh3d.gx.internal.cloudapp.net ip:10.1.0.61
2022-10-08 01:34:53,285 [org.apache.hadoop.util.JvmPauseMonitor$Monitor@4d1857f1] INFO  util.JvmPauseMonitor (JvmPauseMonitor.java:run(188)) - Starting JVM pause monitor
2022-10-08 01:34:53,408 [Listener at 127.0.0.1/42695] INFO  upgrade.AbstractLayoutVersionManager (AbstractLayoutVersionManager.java:init(83)) - Initializing Layout version manager with metadata layout = DATANODE_SCHEMA_V3 (version = 4), software layout = DATANODE_SCHEMA_V3 (version = 4)
2022-10-08 01:34:53,428 [Datanode State Machine Task Thread - 0] INFO  datanode.InitDatanodeState (InitDatanodeState.java:persistContainerDatanodeDetails(138)) - DatanodeDetails is persisted to /home/runner/work/ozone/ozone/hadoop-ozone/integration-test/target/test-dir/MiniOzoneClusterImpl-5d0d2deb-5324-41ce-86fc-5a78a6428163/datanode-1/meta/datanode.id
2022-10-08 01:34:53,808 [Listener at 127.0.0.1/42695] INFO  reflections.Reflections (Reflections.java:scan(232)) - Reflections took 399 ms to scan 7 urls, producing 135 keys and 327 values 
2022-10-08 01:34:53,815 [Listener at 127.0.0.1/42695] INFO  statemachine.DatanodeStateMachine (DatanodeStateMachine.java:getEndPointTaskThreadPoolSize(237)) - Datanode State Machine Task Thread Pool size 2
2022-10-08 01:34:53,816 [Listener at 127.0.0.1/42695] INFO  volume.HddsVolume (HddsVolume.java:<init>(117)) - Creating HddsVolume: /home/runner/work/ozone/ozone/hadoop-ozone/integration-test/target/test-dir/MiniOzoneClusterImpl-5d0d2deb-5324-41ce-86fc-5a78a6428163/datanode-2/data-0/containers/hdds of storage type : DISK capacity : 9223372036854775807
2022-10-08 01:34:53,817 [Listener at 127.0.0.1/42695] INFO  volume.MutableVolumeSet (MutableVolumeSet.java:initializeVolumeSet(174)) - Added Volume : /home/runner/work/ozone/ozone/hadoop-ozone/integration-test/target/test-dir/MiniOzoneClusterImpl-5d0d2deb-5324-41ce-86fc-5a78a6428163/datanode-2/data-0/containers/hdds to VolumeSet
2022-10-08 01:34:53,817 [Listener at 127.0.0.1/42695] INFO  volume.ThrottledAsyncChecker (ThrottledAsyncChecker.java:schedule(141)) - Scheduling a check for /home/runner/work/ozone/ozone/hadoop-ozone/integration-test/target/test-dir/MiniOzoneClusterImpl-5d0d2deb-5324-41ce-86fc-5a78a6428163/datanode-2/data-0/containers/hdds
2022-10-08 01:34:53,817 [Listener at 127.0.0.1/42695] INFO  volume.StorageVolumeChecker (StorageVolumeChecker.java:checkAllVolumes(202)) - Scheduled health check for volume /home/runner/work/ozone/ozone/hadoop-ozone/integration-test/target/test-dir/MiniOzoneClusterImpl-5d0d2deb-5324-41ce-86fc-5a78a6428163/datanode-2/data-0/containers/hdds
2022-10-08 01:34:53,903 [Listener at 127.0.0.1/42695] INFO  volume.MutableVolumeSet (MutableVolumeSet.java:initializeVolumeSet(174)) - Added Volume : /home/runner/work/ozone/ozone/hadoop-ozone/integration-test/target/test-dir/MiniOzoneClusterImpl-5d0d2deb-5324-41ce-86fc-5a78a6428163/datanode-2/data/ratis to VolumeSet
2022-10-08 01:34:53,903 [Listener at 127.0.0.1/42695] INFO  volume.ThrottledAsyncChecker (ThrottledAsyncChecker.java:schedule(141)) - Scheduling a check for /home/runner/work/ozone/ozone/hadoop-ozone/integration-test/target/test-dir/MiniOzoneClusterImpl-5d0d2deb-5324-41ce-86fc-5a78a6428163/datanode-2/data/ratis
2022-10-08 01:34:53,916 [Listener at 127.0.0.1/42695] INFO  volume.StorageVolumeChecker (StorageVolumeChecker.java:checkAllVolumes(202)) - Scheduled health check for volume /home/runner/work/ozone/ozone/hadoop-ozone/integration-test/target/test-dir/MiniOzoneClusterImpl-5d0d2deb-5324-41ce-86fc-5a78a6428163/datanode-2/data/ratis
2022-10-08 01:34:54,004 [Thread-1665] INFO  ozoneimpl.ContainerReader (ContainerReader.java:readVolume(175)) - Finish verifying containers on volume /home/runner/work/ozone/ozone/hadoop-ozone/integration-test/target/test-dir/MiniOzoneClusterImpl-5d0d2deb-5324-41ce-86fc-5a78a6428163/datanode-2/data-0/containers/hdds
2022-10-08 01:34:54,004 [Listener at 127.0.0.1/42695] INFO  ozoneimpl.OzoneContainer (OzoneContainer.java:buildContainerSet(300)) - Build ContainerSet costs 0s
2022-10-08 01:34:54,006 [Listener at 127.0.0.1/42695] INFO  server.RaftServer (ConfUtils.java:logGet(46)) - raft.rpc.type = GRPC (default)
2022-10-08 01:34:54,006 [Listener at 127.0.0.1/42695] INFO  grpc.GrpcFactory (GrpcFactory.java:checkPooledByteBufAllocatorUseCacheForAllThreads(48)) - PERFORMANCE WARNING: useCacheForAllThreads is true that may cause Netty to create a lot garbage objects and, as a result, trigger GC.
	It is recommended to disable useCacheForAllThreads by setting -Dorg.apache.ratis.thirdparty.io.netty.allocator.useCacheForAllThreads=false in command line.
2022-10-08 01:34:54,006 [Listener at 127.0.0.1/42695] INFO  grpc.GrpcConfigKeys (ConfUtils.java:logGet(46)) - raft.grpc.admin.port = 0 (custom)
2022-10-08 01:34:54,006 [Listener at 127.0.0.1/42695] INFO  grpc.GrpcConfigKeys (ConfUtils.java:logGet(46)) - raft.grpc.client.port = 0 (custom)
2022-10-08 01:34:54,006 [Listener at 127.0.0.1/42695] INFO  grpc.GrpcConfigKeys (ConfUtils.java:logGet(46)) - raft.grpc.server.port = 0 (default)
2022-10-08 01:34:54,006 [Listener at 127.0.0.1/42695] INFO  server.GrpcService (ConfUtils.java:logGet(46)) - raft.grpc.message.size.max = 32MB (=33554432) (custom)
2022-10-08 01:34:54,006 [Listener at 127.0.0.1/42695] INFO  server.RaftServerConfigKeys (ConfUtils.java:logGet(46)) - raft.server.log.appender.buffer.byte-limit = 33554432 (custom)
2022-10-08 01:34:54,006 [Listener at 127.0.0.1/42695] INFO  server.GrpcService (ConfUtils.java:logGet(46)) - raft.grpc.flow.control.window = 5MB (=5242880) (custom)
2022-10-08 01:34:54,006 [Listener at 127.0.0.1/42695] INFO  server.RaftServerConfigKeys (ConfUtils.java:logGet(46)) - raft.server.rpc.request.timeout = 60s (custom)
2022-10-08 01:34:54,006 [Listener at 127.0.0.1/42695] INFO  grpc.GrpcConfigKeys (ConfUtils.java:logGet(46)) - raft.grpc.server.async.request.thread.pool.cached = true (default)
2022-10-08 01:34:54,010 [Listener at 127.0.0.1/42695] INFO  grpc.GrpcConfigKeys (ConfUtils.java:logGet(46)) - raft.grpc.server.async.request.thread.pool.size = 32 (default)
2022-10-08 01:34:54,011 [Listener at 127.0.0.1/42695] INFO  impl.DataStreamServerImpl (ConfUtils.java:logGet(46)) - raft.datastream.type = DISABLED (default)
2022-10-08 01:34:54,011 [Listener at 127.0.0.1/42695] INFO  server.RaftServerConfigKeys (ConfUtils.java:logGet(46)) - raft.server.threadpool.proxy.cached = true (default)
2022-10-08 01:34:54,011 [Listener at 127.0.0.1/42695] INFO  server.RaftServerConfigKeys (ConfUtils.java:logGet(46)) - raft.server.threadpool.proxy.size = 0 (default)
2022-10-08 01:34:54,011 [Listener at 127.0.0.1/42695] INFO  server.RaftServerConfigKeys (ConfUtils.java:logGet(46)) - raft.server.rpc.slowness.timeout = 300s (custom)
2022-10-08 01:34:54,011 [Listener at 127.0.0.1/42695] INFO  server.RaftServerConfigKeys (ConfUtils.java:logGet(46)) - raft.server.leaderelection.leader.step-down.wait-time = 10s (default)
2022-10-08 01:34:54,011 [Listener at 127.0.0.1/42695] INFO  server.RaftServerConfigKeys (ConfUtils.java:logGet(46)) - raft.server.storage.dir = [/home/runner/work/ozone/ozone/hadoop-ozone/integration-test/target/test-dir/MiniOzoneClusterImpl-5d0d2deb-5324-41ce-86fc-5a78a6428163/datanode-2/data/ratis] (custom)
2022-10-08 01:34:54,033 [Listener at 127.0.0.1/42695] INFO  server.XceiverServerGrpc (XceiverServerGrpc.java:<init>(132)) - GrpcServer channel type EpollServerSocketChannel
2022-10-08 01:34:54,065 [Listener at 127.0.0.1/42695] INFO  http.BaseHttpServer (BaseHttpServer.java:newHttpServer2BuilderForOzone(213)) - Starting Web-server for hddsDatanode at: http://0.0.0.0:0
2022-10-08 01:34:54,065 [Listener at 127.0.0.1/42695] INFO  http.BaseHttpServer (BaseHttpServer.java:<init>(108)) - Hadoop Security Enabled: false Ozone Security Enabled: false Ozone HTTP Security Enabled: false 
2022-10-08 01:34:54,066 [Listener at 127.0.0.1/42695] INFO  server.AuthenticationFilter (AuthenticationFilter.java:constructSecretProvider(240)) - Unable to initialize FileSignerSecretProvider, falling back to use random secrets.
2022-10-08 01:34:54,112 [Listener at 127.0.0.1/42695] WARN  http.HttpRequestLog (HttpRequestLog.java:getRequestLog(103)) - Jetty request log can only be enabled using Log4j
2022-10-08 01:34:54,114 [Listener at 127.0.0.1/42695] INFO  http.HttpServer2 (HttpServer2.java:addGlobalFilter(1031)) - Added global filter 'safety' (class=org.apache.hadoop.hdds.server.http.HttpServer2$QuotingInputFilter)
2022-10-08 01:34:54,114 [Listener at 127.0.0.1/42695] INFO  http.HttpServer2 (HttpServer2.java:addFilter(1007)) - Added filter static_user_filter (class=org.apache.hadoop.http.lib.StaticUserWebFilter$StaticUserFilter) to context hddsDatanode
2022-10-08 01:34:54,114 [Listener at 127.0.0.1/42695] INFO  http.HttpServer2 (HttpServer2.java:addFilter(1015)) - Added filter static_user_filter (class=org.apache.hadoop.http.lib.StaticUserWebFilter$StaticUserFilter) to context logs
2022-10-08 01:34:54,114 [Listener at 127.0.0.1/42695] INFO  http.HttpServer2 (HttpServer2.java:addFilter(1015)) - Added filter static_user_filter (class=org.apache.hadoop.http.lib.StaticUserWebFilter$StaticUserFilter) to context static
2022-10-08 01:34:54,115 [Listener at 127.0.0.1/42695] INFO  http.HttpServer2 (HttpServer2.java:bindListener(1250)) - Jetty bound to port 35097
2022-10-08 01:34:54,115 [Listener at 127.0.0.1/42695] INFO  server.Server (Server.java:doStart(375)) - jetty-9.4.43.v20210629; built: 2021-06-30T11:07:22.254Z; git: 526006ecfa3af7f1a27ef3a288e2bef7ea9dd7e8; jvm 1.8.0_345-b01
2022-10-08 01:34:54,131 [ReplicationMonitor] INFO  replication.ReplicationManager (ReplicationManager.java:processAll(291)) - Replication Manager is not ready to run until 3000ms after safemode exit
2022-10-08 01:34:54,164 [Listener at 127.0.0.1/42695] INFO  server.session (DefaultSessionIdManager.java:doStart(334)) - DefaultSessionIdManager workerName=node0
2022-10-08 01:34:54,164 [Listener at 127.0.0.1/42695] INFO  server.session (DefaultSessionIdManager.java:doStart(339)) - No SessionScavenger set, using defaults
2022-10-08 01:34:54,165 [Listener at 127.0.0.1/42695] INFO  server.session (HouseKeeper.java:startScavenging(132)) - node0 Scavenging every 600000ms
2022-10-08 01:34:54,240 [Listener at 127.0.0.1/42695] INFO  handler.ContextHandler (ContextHandler.java:doStart(915)) - Started o.e.j.s.ServletContextHandler@53a0d056{logs,/logs,file:///home/runner/work/ozone/ozone/hadoop-ozone/integration-test/target/log,AVAILABLE}
2022-10-08 01:34:54,240 [Listener at 127.0.0.1/42695] INFO  handler.ContextHandler (ContextHandler.java:doStart(915)) - Started o.e.j.s.ServletContextHandler@738711cc{static,/static,jar:file:/home/runner/.m2/repository/org/apache/ozone/hdds-container-service/1.3.0-SNAPSHOT/hdds-container-service-1.3.0-SNAPSHOT.jar!/webapps/static,AVAILABLE}
2022-10-08 01:34:54,308 [EndpointStateMachine task thread for /0.0.0.0:40279 - 0 ] INFO  volume.HddsVolume (HddsVolume.java:createDbStore(307)) - SchemaV3 db is created and loaded at /home/runner/work/ozone/ozone/hadoop-ozone/integration-test/target/test-dir/MiniOzoneClusterImpl-5d0d2deb-5324-41ce-86fc-5a78a6428163/datanode-0/data-0/containers/hdds/5d0d2deb-5324-41ce-86fc-5a78a6428163/DS-3bc5d829-868d-4f33-82d5-9baee6ac1e0a/container.db for volume DS-3bc5d829-868d-4f33-82d5-9baee6ac1e0a
2022-10-08 01:34:54,310 [EndpointStateMachine task thread for /0.0.0.0:40279 - 0 ] INFO  volume.HddsVolume (HddsVolume.java:closeDbStore(338)) - SchemaV3 db is stopped at /home/runner/work/ozone/ozone/hadoop-ozone/integration-test/target/test-dir/MiniOzoneClusterImpl-5d0d2deb-5324-41ce-86fc-5a78a6428163/datanode-0/data-0/containers/hdds/5d0d2deb-5324-41ce-86fc-5a78a6428163/DS-3bc5d829-868d-4f33-82d5-9baee6ac1e0a/container.db for volume DS-3bc5d829-868d-4f33-82d5-9baee6ac1e0a
2022-10-08 01:34:54,310 [EndpointStateMachine task thread for /0.0.0.0:40279 - 0 ] INFO  ozoneimpl.OzoneContainer (OzoneContainer.java:start(378)) - Attempting to start container services.
2022-10-08 01:34:54,310 [EndpointStateMachine task thread for /0.0.0.0:40279 - 0 ] INFO  ozoneimpl.OzoneContainer (OzoneContainer.java:startContainerScrub(313)) - Background container scanner has been disabled.
2022-10-08 01:34:54,348 [EndpointStateMachine task thread for /0.0.0.0:40279 - 0 ] INFO  replication.ReplicationServer (ReplicationServer.java:start(111)) - ReplicationServer is started using port 46597
2022-10-08 01:34:54,349 [EndpointStateMachine task thread for /0.0.0.0:40279 - 0 ] INFO  ratis.XceiverServerRatis (XceiverServerRatis.java:start(481)) - Starting XceiverServerRatis 0f1ac1f5-5b02-4bf5-a39e-40addf081f4e
2022-10-08 01:34:54,356 [EndpointStateMachine task thread for /0.0.0.0:40279 - 0 ] INFO  server.RaftServer (RaftServerProxy.java:lambda$start$6(382)) - 0f1ac1f5-5b02-4bf5-a39e-40addf081f4e: start RPC server
2022-10-08 01:34:54,367 [EndpointStateMachine task thread for /0.0.0.0:40279 - 0 ] INFO  server.GrpcService (GrpcService.java:startImpl(260)) - 0f1ac1f5-5b02-4bf5-a39e-40addf081f4e: GrpcService started, listening on 42591
2022-10-08 01:34:54,372 [EndpointStateMachine task thread for /0.0.0.0:40279 - 0 ] INFO  ratis.XceiverServerRatis (XceiverServerRatis.java:getRealPort(502)) - XceiverServerRatis 0f1ac1f5-5b02-4bf5-a39e-40addf081f4e is started using port 42591 for RATIS
2022-10-08 01:34:54,372 [EndpointStateMachine task thread for /0.0.0.0:40279 - 0 ] INFO  ratis.XceiverServerRatis (XceiverServerRatis.java:getRealPort(502)) - XceiverServerRatis 0f1ac1f5-5b02-4bf5-a39e-40addf081f4e is started using port 42591 for RATIS_ADMIN
2022-10-08 01:34:54,372 [EndpointStateMachine task thread for /0.0.0.0:40279 - 0 ] INFO  ratis.XceiverServerRatis (XceiverServerRatis.java:getRealPort(502)) - XceiverServerRatis 0f1ac1f5-5b02-4bf5-a39e-40addf081f4e is started using port 42591 for RATIS_SERVER
2022-10-08 01:34:54,372 [org.apache.ratis.util.JvmPauseMonitor$$Lambda$636/846962177@425582e2] INFO  util.JvmPauseMonitor (JvmPauseMonitor.java:run(103)) - JvmPauseMonitor-0f1ac1f5-5b02-4bf5-a39e-40addf081f4e: Started
2022-10-08 01:34:54,434 [EndpointStateMachine task thread for /0.0.0.0:40279 - 0 ] INFO  server.XceiverServerGrpc (XceiverServerGrpc.java:start(180)) - XceiverServerGrpc 0f1ac1f5-5b02-4bf5-a39e-40addf081f4e is started using port 36445
2022-10-08 01:34:54,926 [Listener at 127.0.0.1/42695] INFO  handler.ContextHandler (ContextHandler.java:doStart(915)) - Started o.e.j.w.WebAppContext@5bc5f2cc{hddsDatanode,/,file:///tmp/jetty-0_0_0_0-35097-hdds-container-service-1_3_0-SNAPSHOT_jar-_-any-2595494969579677889/webapp/,AVAILABLE}{jar:file:/home/runner/.m2/repository/org/apache/ozone/hdds-container-service/1.3.0-SNAPSHOT/hdds-container-service-1.3.0-SNAPSHOT.jar!/webapps/hddsDatanode}
2022-10-08 01:34:54,956 [Listener at 127.0.0.1/42695] INFO  server.AbstractConnector (AbstractConnector.java:doStart(331)) - Started ServerConnector@6a603422{HTTP/1.1, (http/1.1)}{0.0.0.0:35097}
2022-10-08 01:34:54,956 [Listener at 127.0.0.1/42695] INFO  server.Server (Server.java:doStart(415)) - Started @221228ms
2022-10-08 01:34:54,956 [Listener at 127.0.0.1/42695] WARN  impl.MetricsSystemImpl (MetricsSystemImpl.java:register(279)) - Sink prometheus already exists!
2022-10-08 01:34:54,964 [Listener at 127.0.0.1/42695] INFO  http.BaseHttpServer (BaseHttpServer.java:updateConnectorAddress(333)) - HTTP server of hddsDatanode listening at http://0.0.0.0:35097
2022-10-08 01:34:54,988 [Listener at 127.0.0.1/42695] WARN  impl.MetricRegistriesImpl (MetricRegistriesImpl.java:addReporterRegistration(111)) - New reporters are added after registries were created. Some metrics will be missing from the reporter. Please add reporter before adding any new registry.
2022-10-08 01:34:54,988 [Listener at 127.0.0.1/42695] WARN  impl.MetricRegistriesImpl (MetricRegistriesImpl.java:addReporterRegistration(111)) - New reporters are added after registries were created. Some metrics will be missing from the reporter. Please add reporter before adding any new registry.
2022-10-08 01:34:54,988 [Listener at 127.0.0.1/42695] INFO  impl.MetricsSystemImpl (MetricsSystemImpl.java:init(158)) - HddsDatanode metrics system started (again)
2022-10-08 01:34:54,992 [Datanode State Machine Daemon Thread] INFO  statemachine.DatanodeStateMachine (DatanodeStateMachine.java:lambda$startDaemon$0(492)) - Ozone container server started.
2022-10-08 01:34:55,004 [org.apache.hadoop.util.JvmPauseMonitor$Monitor@19ec224] INFO  util.JvmPauseMonitor (JvmPauseMonitor.java:run(188)) - Starting JVM pause monitor
2022-10-08 01:34:55,052 [Datanode State Machine Task Thread - 0] INFO  datanode.InitDatanodeState (InitDatanodeState.java:persistContainerDatanodeDetails(138)) - DatanodeDetails is persisted to /home/runner/work/ozone/ozone/hadoop-ozone/integration-test/target/test-dir/MiniOzoneClusterImpl-5d0d2deb-5324-41ce-86fc-5a78a6428163/datanode-2/meta/datanode.id
2022-10-08 01:34:55,061 [Listener at 127.0.0.1/42695] INFO  ozone.HddsDatanodeService (HddsDatanodeService.java:start(236)) - HddsDatanodeService host:fv-az180-867.g3pwtgv4ffyuhaixmbmm0kyh3d.gx.internal.cloudapp.net ip:10.1.0.61
2022-10-08 01:34:55,131 [ReplicationMonitor] INFO  replication.ReplicationManager (ReplicationManager.java:processAll(291)) - Replication Manager is not ready to run until 3000ms after safemode exit
2022-10-08 01:34:55,634 [Listener at 127.0.0.1/42695] INFO  upgrade.AbstractLayoutVersionManager (AbstractLayoutVersionManager.java:init(83)) - Initializing Layout version manager with metadata layout = DATANODE_SCHEMA_V3 (version = 4), software layout = DATANODE_SCHEMA_V3 (version = 4)
2022-10-08 01:34:55,765 [IPC Server handler 1 on default port 40279] INFO  net.NetworkTopologyImpl (NetworkTopologyImpl.java:add(112)) - Added a new node: /default-rack/0f1ac1f5-5b02-4bf5-a39e-40addf081f4e
2022-10-08 01:34:55,765 [IPC Server handler 1 on default port 40279] INFO  node.SCMNodeManager (SCMNodeManager.java:register(397)) - Registered Data node : 0f1ac1f5-5b02-4bf5-a39e-40addf081f4e{ip: 10.1.0.61, host: fv-az180-867.g3pwtgv4ffyuhaixmbmm0kyh3d.gx.internal.cloudapp.net, ports: [REPLICATION=46597, RATIS=42591, RATIS_ADMIN=42591, RATIS_SERVER=42591, STANDALONE=36445], networkLocation: /default-rack, certSerialId: null, persistedOpState: null, persistedOpStateExpiryEpochSec: 0}
2022-10-08 01:34:55,767 [EventQueue-NodeRegistrationContainerReportForContainerSafeModeRule] INFO  safemode.SCMSafeModeManager (SCMSafeModeManager.java:validateSafeModeExitRules(204)) - ContainerSafeModeRule rule is successfully validated
2022-10-08 01:34:55,767 [EventQueue-NodeRegistrationContainerReportForDataNodeSafeModeRule] INFO  safemode.SCMSafeModeManager (DataNodeSafeModeRule.java:process(71)) - SCM in safe mode. 1 DataNodes registered, 3 required.
2022-10-08 01:34:55,808 [EventQueue-PipelineReportForOneReplicaPipelineSafeModeRule] INFO  safemode.SCMSafeModeManager (SCMSafeModeManager.java:validateSafeModeExitRules(204)) - AtleastOneDatanodeReportedRule rule is successfully validated
2022-10-08 01:34:55,808 [EventQueue-NewNodeForNewNodeHandler] INFO  pipeline.BackgroundPipelineCreator (BackgroundPipelineCreator.java:notifyEventTriggered(276)) - trigger a one-shot run on RatisPipelineUtilsThread.
2022-10-08 01:34:55,812 [RatisPipelineUtilsThread - 0] INFO  pipeline.RatisPipelineProvider (RatisPipelineProvider.java:lambda$create$0(195)) - Sending CreatePipelineCommand for pipeline:PipelineID=b680d0a1-a548-49d8-8f4e-dd873dc08aea to datanode:0f1ac1f5-5b02-4bf5-a39e-40addf081f4e
2022-10-08 01:34:55,814 [RatisPipelineUtilsThread - 0] INFO  pipeline.PipelineStateManagerImpl (PipelineStateManagerImpl.java:addPipeline(103)) - Created pipeline Pipeline[ Id: b680d0a1-a548-49d8-8f4e-dd873dc08aea, Nodes: 0f1ac1f5-5b02-4bf5-a39e-40addf081f4e{ip: 10.1.0.61, host: fv-az180-867.g3pwtgv4ffyuhaixmbmm0kyh3d.gx.internal.cloudapp.net, ports: [REPLICATION=46597, RATIS=42591, RATIS_ADMIN=42591, RATIS_SERVER=42591, STANDALONE=36445], networkLocation: /default-rack, certSerialId: null, persistedOpState: IN_SERVICE, persistedOpStateExpiryEpochSec: 0}, ReplicationConfig: RATIS/ONE, State:ALLOCATED, leaderId:, CreationTimestamp2022-10-08T01:34:55.812Z[Etc/UTC]].
2022-10-08 01:34:55,828 [Listener at 127.0.0.1/42695] INFO  reflections.Reflections (Reflections.java:scan(232)) - Reflections took 193 ms to scan 7 urls, producing 135 keys and 327 values 
2022-10-08 01:34:55,829 [Listener at 127.0.0.1/42695] INFO  statemachine.DatanodeStateMachine (DatanodeStateMachine.java:getEndPointTaskThreadPoolSize(237)) - Datanode State Machine Task Thread Pool size 2
2022-10-08 01:34:55,854 [Listener at 127.0.0.1/42695] INFO  volume.HddsVolume (HddsVolume.java:<init>(117)) - Creating HddsVolume: /home/runner/work/ozone/ozone/hadoop-ozone/integration-test/target/test-dir/MiniOzoneClusterImpl-5d0d2deb-5324-41ce-86fc-5a78a6428163/datanode-3/data-0/containers/hdds of storage type : DISK capacity : 9223372036854775807
2022-10-08 01:34:55,855 [Listener at 127.0.0.1/42695] INFO  volume.MutableVolumeSet (MutableVolumeSet.java:initializeVolumeSet(174)) - Added Volume : /home/runner/work/ozone/ozone/hadoop-ozone/integration-test/target/test-dir/MiniOzoneClusterImpl-5d0d2deb-5324-41ce-86fc-5a78a6428163/datanode-3/data-0/containers/hdds to VolumeSet
2022-10-08 01:34:55,855 [Listener at 127.0.0.1/42695] INFO  volume.ThrottledAsyncChecker (ThrottledAsyncChecker.java:schedule(141)) - Scheduling a check for /home/runner/work/ozone/ozone/hadoop-ozone/integration-test/target/test-dir/MiniOzoneClusterImpl-5d0d2deb-5324-41ce-86fc-5a78a6428163/datanode-3/data-0/containers/hdds
2022-10-08 01:34:55,896 [Listener at 127.0.0.1/42695] INFO  volume.StorageVolumeChecker (StorageVolumeChecker.java:checkAllVolumes(202)) - Scheduled health check for volume /home/runner/work/ozone/ozone/hadoop-ozone/integration-test/target/test-dir/MiniOzoneClusterImpl-5d0d2deb-5324-41ce-86fc-5a78a6428163/datanode-3/data-0/containers/hdds
2022-10-08 01:34:55,928 [Listener at 127.0.0.1/42695] INFO  volume.MutableVolumeSet (MutableVolumeSet.java:initializeVolumeSet(174)) - Added Volume : /home/runner/work/ozone/ozone/hadoop-ozone/integration-test/target/test-dir/MiniOzoneClusterImpl-5d0d2deb-5324-41ce-86fc-5a78a6428163/datanode-3/data/ratis to VolumeSet
2022-10-08 01:34:55,928 [Listener at 127.0.0.1/42695] INFO  volume.ThrottledAsyncChecker (ThrottledAsyncChecker.java:schedule(141)) - Scheduling a check for /home/runner/work/ozone/ozone/hadoop-ozone/integration-test/target/test-dir/MiniOzoneClusterImpl-5d0d2deb-5324-41ce-86fc-5a78a6428163/datanode-3/data/ratis
2022-10-08 01:34:55,928 [Listener at 127.0.0.1/42695] INFO  volume.StorageVolumeChecker (StorageVolumeChecker.java:checkAllVolumes(202)) - Scheduled health check for volume /home/runner/work/ozone/ozone/hadoop-ozone/integration-test/target/test-dir/MiniOzoneClusterImpl-5d0d2deb-5324-41ce-86fc-5a78a6428163/datanode-3/data/ratis
2022-10-08 01:34:55,939 [Thread-1689] INFO  ozoneimpl.ContainerReader (ContainerReader.java:readVolume(175)) - Finish verifying containers on volume /home/runner/work/ozone/ozone/hadoop-ozone/integration-test/target/test-dir/MiniOzoneClusterImpl-5d0d2deb-5324-41ce-86fc-5a78a6428163/datanode-3/data-0/containers/hdds
2022-10-08 01:34:55,939 [Listener at 127.0.0.1/42695] INFO  ozoneimpl.OzoneContainer (OzoneContainer.java:buildContainerSet(300)) - Build ContainerSet costs 0s
2022-10-08 01:34:55,941 [Listener at 127.0.0.1/42695] INFO  server.RaftServer (ConfUtils.java:logGet(46)) - raft.rpc.type = GRPC (default)
2022-10-08 01:34:55,941 [Listener at 127.0.0.1/42695] INFO  grpc.GrpcFactory (GrpcFactory.java:checkPooledByteBufAllocatorUseCacheForAllThreads(48)) - PERFORMANCE WARNING: useCacheForAllThreads is true that may cause Netty to create a lot garbage objects and, as a result, trigger GC.
	It is recommended to disable useCacheForAllThreads by setting -Dorg.apache.ratis.thirdparty.io.netty.allocator.useCacheForAllThreads=false in command line.
2022-10-08 01:34:55,941 [Listener at 127.0.0.1/42695] INFO  grpc.GrpcConfigKeys (ConfUtils.java:logGet(46)) - raft.grpc.admin.port = 0 (custom)
2022-10-08 01:34:55,941 [Listener at 127.0.0.1/42695] INFO  grpc.GrpcConfigKeys (ConfUtils.java:logGet(46)) - raft.grpc.client.port = 0 (custom)
2022-10-08 01:34:55,941 [Listener at 127.0.0.1/42695] INFO  grpc.GrpcConfigKeys (ConfUtils.java:logGet(46)) - raft.grpc.server.port = 0 (default)
2022-10-08 01:34:55,941 [Listener at 127.0.0.1/42695] INFO  server.GrpcService (ConfUtils.java:logGet(46)) - raft.grpc.message.size.max = 32MB (=33554432) (custom)
2022-10-08 01:34:55,942 [Listener at 127.0.0.1/42695] INFO  server.RaftServerConfigKeys (ConfUtils.java:logGet(46)) - raft.server.log.appender.buffer.byte-limit = 33554432 (custom)
2022-10-08 01:34:55,942 [Listener at 127.0.0.1/42695] INFO  server.GrpcService (ConfUtils.java:logGet(46)) - raft.grpc.flow.control.window = 5MB (=5242880) (custom)
2022-10-08 01:34:55,942 [Listener at 127.0.0.1/42695] INFO  server.RaftServerConfigKeys (ConfUtils.java:logGet(46)) - raft.server.rpc.request.timeout = 60s (custom)
2022-10-08 01:34:55,942 [Listener at 127.0.0.1/42695] INFO  grpc.GrpcConfigKeys (ConfUtils.java:logGet(46)) - raft.grpc.server.async.request.thread.pool.cached = true (default)
2022-10-08 01:34:55,942 [Listener at 127.0.0.1/42695] INFO  grpc.GrpcConfigKeys (ConfUtils.java:logGet(46)) - raft.grpc.server.async.request.thread.pool.size = 32 (default)
2022-10-08 01:34:55,949 [Listener at 127.0.0.1/42695] INFO  impl.DataStreamServerImpl (ConfUtils.java:logGet(46)) - raft.datastream.type = DISABLED (default)
2022-10-08 01:34:55,949 [Listener at 127.0.0.1/42695] INFO  server.RaftServerConfigKeys (ConfUtils.java:logGet(46)) - raft.server.threadpool.proxy.cached = true (default)
2022-10-08 01:34:55,949 [Listener at 127.0.0.1/42695] INFO  server.RaftServerConfigKeys (ConfUtils.java:logGet(46)) - raft.server.threadpool.proxy.size = 0 (default)
2022-10-08 01:34:55,949 [Listener at 127.0.0.1/42695] INFO  server.RaftServerConfigKeys (ConfUtils.java:logGet(46)) - raft.server.rpc.slowness.timeout = 300s (custom)
2022-10-08 01:34:55,949 [Listener at 127.0.0.1/42695] INFO  server.RaftServerConfigKeys (ConfUtils.java:logGet(46)) - raft.server.leaderelection.leader.step-down.wait-time = 10s (default)
2022-10-08 01:34:55,949 [Listener at 127.0.0.1/42695] INFO  server.RaftServerConfigKeys (ConfUtils.java:logGet(46)) - raft.server.storage.dir = [/home/runner/work/ozone/ozone/hadoop-ozone/integration-test/target/test-dir/MiniOzoneClusterImpl-5d0d2deb-5324-41ce-86fc-5a78a6428163/datanode-3/data/ratis] (custom)
2022-10-08 01:34:56,025 [Listener at 127.0.0.1/42695] INFO  server.XceiverServerGrpc (XceiverServerGrpc.java:<init>(132)) - GrpcServer channel type EpollServerSocketChannel
2022-10-08 01:34:56,032 [Listener at 127.0.0.1/42695] INFO  http.BaseHttpServer (BaseHttpServer.java:newHttpServer2BuilderForOzone(213)) - Starting Web-server for hddsDatanode at: http://0.0.0.0:0
2022-10-08 01:34:56,033 [Listener at 127.0.0.1/42695] INFO  http.BaseHttpServer (BaseHttpServer.java:<init>(108)) - Hadoop Security Enabled: false Ozone Security Enabled: false Ozone HTTP Security Enabled: false 
2022-10-08 01:34:56,033 [Listener at 127.0.0.1/42695] INFO  server.AuthenticationFilter (AuthenticationFilter.java:constructSecretProvider(240)) - Unable to initialize FileSignerSecretProvider, falling back to use random secrets.
2022-10-08 01:34:56,062 [Listener at 127.0.0.1/42695] WARN  http.HttpRequestLog (HttpRequestLog.java:getRequestLog(103)) - Jetty request log can only be enabled using Log4j
2022-10-08 01:34:56,063 [Listener at 127.0.0.1/42695] INFO  http.HttpServer2 (HttpServer2.java:addGlobalFilter(1031)) - Added global filter 'safety' (class=org.apache.hadoop.hdds.server.http.HttpServer2$QuotingInputFilter)
2022-10-08 01:34:56,063 [Listener at 127.0.0.1/42695] INFO  http.HttpServer2 (HttpServer2.java:addFilter(1007)) - Added filter static_user_filter (class=org.apache.hadoop.http.lib.StaticUserWebFilter$StaticUserFilter) to context hddsDatanode
2022-10-08 01:34:56,063 [Listener at 127.0.0.1/42695] INFO  http.HttpServer2 (HttpServer2.java:addFilter(1015)) - Added filter static_user_filter (class=org.apache.hadoop.http.lib.StaticUserWebFilter$StaticUserFilter) to context logs
2022-10-08 01:34:56,064 [Listener at 127.0.0.1/42695] INFO  http.HttpServer2 (HttpServer2.java:addFilter(1015)) - Added filter static_user_filter (class=org.apache.hadoop.http.lib.StaticUserWebFilter$StaticUserFilter) to context static
2022-10-08 01:34:56,064 [Listener at 127.0.0.1/42695] INFO  http.HttpServer2 (HttpServer2.java:bindListener(1250)) - Jetty bound to port 39417
2022-10-08 01:34:56,064 [Listener at 127.0.0.1/42695] INFO  server.Server (Server.java:doStart(375)) - jetty-9.4.43.v20210629; built: 2021-06-30T11:07:22.254Z; git: 526006ecfa3af7f1a27ef3a288e2bef7ea9dd7e8; jvm 1.8.0_345-b01
2022-10-08 01:34:56,116 [Listener at 127.0.0.1/42695] INFO  server.session (DefaultSessionIdManager.java:doStart(334)) - DefaultSessionIdManager workerName=node0
2022-10-08 01:34:56,116 [Listener at 127.0.0.1/42695] INFO  server.session (DefaultSessionIdManager.java:doStart(339)) - No SessionScavenger set, using defaults
2022-10-08 01:34:56,116 [Listener at 127.0.0.1/42695] INFO  server.session (HouseKeeper.java:startScavenging(132)) - node0 Scavenging every 660000ms
2022-10-08 01:34:56,123 [EndpointStateMachine task thread for /0.0.0.0:40279 - 0 ] INFO  volume.HddsVolume (HddsVolume.java:createDbStore(307)) - SchemaV3 db is created and loaded at /home/runner/work/ozone/ozone/hadoop-ozone/integration-test/target/test-dir/MiniOzoneClusterImpl-5d0d2deb-5324-41ce-86fc-5a78a6428163/datanode-1/data-0/containers/hdds/5d0d2deb-5324-41ce-86fc-5a78a6428163/DS-83b23f94-6e64-46f0-b8b6-33229c696318/container.db for volume DS-83b23f94-6e64-46f0-b8b6-33229c696318
2022-10-08 01:34:56,131 [ReplicationMonitor] INFO  replication.ReplicationManager (ReplicationManager.java:processAll(291)) - Replication Manager is not ready to run until 3000ms after safemode exit
2022-10-08 01:34:56,172 [Listener at 127.0.0.1/42695] INFO  handler.ContextHandler (ContextHandler.java:doStart(915)) - Started o.e.j.s.ServletContextHandler@1c87c178{logs,/logs,file:///home/runner/work/ozone/ozone/hadoop-ozone/integration-test/target/log,AVAILABLE}
2022-10-08 01:34:56,172 [Listener at 127.0.0.1/42695] INFO  handler.ContextHandler (ContextHandler.java:doStart(915)) - Started o.e.j.s.ServletContextHandler@11a9f1f6{static,/static,jar:file:/home/runner/.m2/repository/org/apache/ozone/hdds-container-service/1.3.0-SNAPSHOT/hdds-container-service-1.3.0-SNAPSHOT.jar!/webapps/static,AVAILABLE}
2022-10-08 01:34:56,236 [EndpointStateMachine task thread for /0.0.0.0:40279 - 0 ] INFO  volume.HddsVolume (HddsVolume.java:closeDbStore(338)) - SchemaV3 db is stopped at /home/runner/work/ozone/ozone/hadoop-ozone/integration-test/target/test-dir/MiniOzoneClusterImpl-5d0d2deb-5324-41ce-86fc-5a78a6428163/datanode-1/data-0/containers/hdds/5d0d2deb-5324-41ce-86fc-5a78a6428163/DS-83b23f94-6e64-46f0-b8b6-33229c696318/container.db for volume DS-83b23f94-6e64-46f0-b8b6-33229c696318
2022-10-08 01:34:56,236 [EndpointStateMachine task thread for /0.0.0.0:40279 - 0 ] INFO  ozoneimpl.OzoneContainer (OzoneContainer.java:start(378)) - Attempting to start container services.
2022-10-08 01:34:56,236 [EndpointStateMachine task thread for /0.0.0.0:40279 - 0 ] INFO  ozoneimpl.OzoneContainer (OzoneContainer.java:startContainerScrub(313)) - Background container scanner has been disabled.
2022-10-08 01:34:56,239 [EndpointStateMachine task thread for /0.0.0.0:40279 - 0 ] INFO  replication.ReplicationServer (ReplicationServer.java:start(111)) - ReplicationServer is started using port 32977
2022-10-08 01:34:56,242 [EndpointStateMachine task thread for /0.0.0.0:40279 - 0 ] INFO  ratis.XceiverServerRatis (XceiverServerRatis.java:start(481)) - Starting XceiverServerRatis 932d31bf-cf15-45e6-97a3-7289ed74fac5
2022-10-08 01:34:56,243 [EndpointStateMachine task thread for /0.0.0.0:40279 - 0 ] INFO  server.RaftServer (RaftServerProxy.java:lambda$start$6(382)) - 932d31bf-cf15-45e6-97a3-7289ed74fac5: start RPC server
2022-10-08 01:34:56,275 [EndpointStateMachine task thread for /0.0.0.0:40279 - 0 ] INFO  server.GrpcService (GrpcService.java:startImpl(260)) - 932d31bf-cf15-45e6-97a3-7289ed74fac5: GrpcService started, listening on 46727
2022-10-08 01:34:56,275 [EndpointStateMachine task thread for /0.0.0.0:40279 - 0 ] INFO  ratis.XceiverServerRatis (XceiverServerRatis.java:getRealPort(502)) - XceiverServerRatis 932d31bf-cf15-45e6-97a3-7289ed74fac5 is started using port 46727 for RATIS
2022-10-08 01:34:56,275 [EndpointStateMachine task thread for /0.0.0.0:40279 - 0 ] INFO  ratis.XceiverServerRatis (XceiverServerRatis.java:getRealPort(502)) - XceiverServerRatis 932d31bf-cf15-45e6-97a3-7289ed74fac5 is started using port 46727 for RATIS_ADMIN
2022-10-08 01:34:56,275 [EndpointStateMachine task thread for /0.0.0.0:40279 - 0 ] INFO  ratis.XceiverServerRatis (XceiverServerRatis.java:getRealPort(502)) - XceiverServerRatis 932d31bf-cf15-45e6-97a3-7289ed74fac5 is started using port 46727 for RATIS_SERVER
2022-10-08 01:34:56,276 [org.apache.ratis.util.JvmPauseMonitor$$Lambda$636/846962177@4a9c33a9] INFO  util.JvmPauseMonitor (JvmPauseMonitor.java:run(103)) - JvmPauseMonitor-932d31bf-cf15-45e6-97a3-7289ed74fac5: Started
2022-10-08 01:34:56,325 [EndpointStateMachine task thread for /0.0.0.0:40279 - 0 ] INFO  server.XceiverServerGrpc (XceiverServerGrpc.java:start(180)) - XceiverServerGrpc 932d31bf-cf15-45e6-97a3-7289ed74fac5 is started using port 42369
2022-10-08 01:34:57,131 [ReplicationMonitor] INFO  replication.ReplicationManager (ReplicationManager.java:processAll(291)) - Replication Manager is not ready to run until 3000ms after safemode exit
2022-10-08 01:34:57,273 [Listener at 127.0.0.1/42695] INFO  handler.ContextHandler (ContextHandler.java:doStart(915)) - Started o.e.j.w.WebAppContext@2e3f264e{hddsDatanode,/,file:///tmp/jetty-0_0_0_0-39417-hdds-container-service-1_3_0-SNAPSHOT_jar-_-any-6440999233425961381/webapp/,AVAILABLE}{jar:file:/home/runner/.m2/repository/org/apache/ozone/hdds-container-service/1.3.0-SNAPSHOT/hdds-container-service-1.3.0-SNAPSHOT.jar!/webapps/hddsDatanode}
2022-10-08 01:34:57,288 [Listener at 127.0.0.1/42695] INFO  server.AbstractConnector (AbstractConnector.java:doStart(331)) - Started ServerConnector@4ae216ab{HTTP/1.1, (http/1.1)}{0.0.0.0:39417}
2022-10-08 01:34:57,288 [Listener at 127.0.0.1/42695] INFO  server.Server (Server.java:doStart(415)) - Started @223560ms
2022-10-08 01:34:57,288 [Listener at 127.0.0.1/42695] WARN  impl.MetricsSystemImpl (MetricsSystemImpl.java:register(279)) - Sink prometheus already exists!
2022-10-08 01:34:57,293 [IPC Server handler 1 on default port 40279] INFO  net.NetworkTopologyImpl (NetworkTopologyImpl.java:add(112)) - Added a new node: /default-rack/932d31bf-cf15-45e6-97a3-7289ed74fac5
2022-10-08 01:34:57,293 [IPC Server handler 1 on default port 40279] INFO  node.SCMNodeManager (SCMNodeManager.java:register(397)) - Registered Data node : 932d31bf-cf15-45e6-97a3-7289ed74fac5{ip: 10.1.0.61, host: fv-az180-867.g3pwtgv4ffyuhaixmbmm0kyh3d.gx.internal.cloudapp.net, ports: [REPLICATION=32977, RATIS=46727, RATIS_ADMIN=46727, RATIS_SERVER=46727, STANDALONE=42369], networkLocation: /default-rack, certSerialId: null, persistedOpState: null, persistedOpStateExpiryEpochSec: 0}
2022-10-08 01:34:57,294 [Listener at 127.0.0.1/42695] INFO  http.BaseHttpServer (BaseHttpServer.java:updateConnectorAddress(333)) - HTTP server of hddsDatanode listening at http://0.0.0.0:39417
2022-10-08 01:34:57,294 [EventQueue-NewNodeForNewNodeHandler] INFO  pipeline.BackgroundPipelineCreator (BackgroundPipelineCreator.java:notifyEventTriggered(276)) - trigger a one-shot run on RatisPipelineUtilsThread.
2022-10-08 01:34:57,294 [EventQueue-NodeRegistrationContainerReportForDataNodeSafeModeRule] INFO  safemode.SCMSafeModeManager (DataNodeSafeModeRule.java:process(71)) - SCM in safe mode. 2 DataNodes registered, 3 required.
2022-10-08 01:34:57,302 [Listener at 127.0.0.1/42695] WARN  impl.MetricRegistriesImpl (MetricRegistriesImpl.java:addReporterRegistration(111)) - New reporters are added after registries were created. Some metrics will be missing from the reporter. Please add reporter before adding any new registry.
2022-10-08 01:34:57,302 [Listener at 127.0.0.1/42695] WARN  impl.MetricRegistriesImpl (MetricRegistriesImpl.java:addReporterRegistration(111)) - New reporters are added after registries were created. Some metrics will be missing from the reporter. Please add reporter before adding any new registry.
2022-10-08 01:34:57,302 [Listener at 127.0.0.1/42695] INFO  impl.MetricsSystemImpl (MetricsSystemImpl.java:init(158)) - HddsDatanode metrics system started (again)
2022-10-08 01:34:57,312 [Datanode State Machine Daemon Thread] INFO  statemachine.DatanodeStateMachine (DatanodeStateMachine.java:lambda$startDaemon$0(492)) - Ozone container server started.
2022-10-08 01:34:57,348 [RatisPipelineUtilsThread - 0] INFO  pipeline.RatisPipelineProvider (RatisPipelineProvider.java:lambda$create$0(195)) - Sending CreatePipelineCommand for pipeline:PipelineID=3f6bc06e-e154-49bf-b3f2-08814df4f4af to datanode:932d31bf-cf15-45e6-97a3-7289ed74fac5
2022-10-08 01:34:57,348 [RatisPipelineUtilsThread - 0] INFO  pipeline.PipelineStateManagerImpl (PipelineStateManagerImpl.java:addPipeline(103)) - Created pipeline Pipeline[ Id: 3f6bc06e-e154-49bf-b3f2-08814df4f4af, Nodes: 932d31bf-cf15-45e6-97a3-7289ed74fac5{ip: 10.1.0.61, host: fv-az180-867.g3pwtgv4ffyuhaixmbmm0kyh3d.gx.internal.cloudapp.net, ports: [REPLICATION=32977, RATIS=46727, RATIS_ADMIN=46727, RATIS_SERVER=46727, STANDALONE=42369], networkLocation: /default-rack, certSerialId: null, persistedOpState: IN_SERVICE, persistedOpStateExpiryEpochSec: 0}, ReplicationConfig: RATIS/ONE, State:ALLOCATED, leaderId:, CreationTimestamp2022-10-08T01:34:57.348Z[Etc/UTC]].
2022-10-08 01:34:57,368 [org.apache.hadoop.util.JvmPauseMonitor$Monitor@703431b1] INFO  util.JvmPauseMonitor (JvmPauseMonitor.java:run(188)) - Starting JVM pause monitor
2022-10-08 01:34:57,376 [Listener at 127.0.0.1/42695] INFO  ozone.HddsDatanodeService (HddsDatanodeService.java:start(236)) - HddsDatanodeService host:fv-az180-867.g3pwtgv4ffyuhaixmbmm0kyh3d.gx.internal.cloudapp.net ip:10.1.0.61
2022-10-08 01:34:57,417 [Datanode State Machine Task Thread - 0] INFO  datanode.InitDatanodeState (InitDatanodeState.java:persistContainerDatanodeDetails(138)) - DatanodeDetails is persisted to /home/runner/work/ozone/ozone/hadoop-ozone/integration-test/target/test-dir/MiniOzoneClusterImpl-5d0d2deb-5324-41ce-86fc-5a78a6428163/datanode-3/meta/datanode.id
2022-10-08 01:34:58,009 [EndpointStateMachine task thread for /0.0.0.0:40279 - 0 ] INFO  volume.HddsVolume (HddsVolume.java:createDbStore(307)) - SchemaV3 db is created and loaded at /home/runner/work/ozone/ozone/hadoop-ozone/integration-test/target/test-dir/MiniOzoneClusterImpl-5d0d2deb-5324-41ce-86fc-5a78a6428163/datanode-2/data-0/containers/hdds/5d0d2deb-5324-41ce-86fc-5a78a6428163/DS-42977283-1742-482a-a973-0cca939a1118/container.db for volume DS-42977283-1742-482a-a973-0cca939a1118
2022-10-08 01:34:58,010 [EndpointStateMachine task thread for /0.0.0.0:40279 - 0 ] INFO  volume.HddsVolume (HddsVolume.java:closeDbStore(338)) - SchemaV3 db is stopped at /home/runner/work/ozone/ozone/hadoop-ozone/integration-test/target/test-dir/MiniOzoneClusterImpl-5d0d2deb-5324-41ce-86fc-5a78a6428163/datanode-2/data-0/containers/hdds/5d0d2deb-5324-41ce-86fc-5a78a6428163/DS-42977283-1742-482a-a973-0cca939a1118/container.db for volume DS-42977283-1742-482a-a973-0cca939a1118
2022-10-08 01:34:58,010 [EndpointStateMachine task thread for /0.0.0.0:40279 - 0 ] INFO  ozoneimpl.OzoneContainer (OzoneContainer.java:start(378)) - Attempting to start container services.
2022-10-08 01:34:58,010 [EndpointStateMachine task thread for /0.0.0.0:40279 - 0 ] INFO  ozoneimpl.OzoneContainer (OzoneContainer.java:startContainerScrub(313)) - Background container scanner has been disabled.
2022-10-08 01:34:58,044 [EndpointStateMachine task thread for /0.0.0.0:40279 - 0 ] INFO  replication.ReplicationServer (ReplicationServer.java:start(111)) - ReplicationServer is started using port 44087
2022-10-08 01:34:58,045 [EndpointStateMachine task thread for /0.0.0.0:40279 - 0 ] INFO  ratis.XceiverServerRatis (XceiverServerRatis.java:start(481)) - Starting XceiverServerRatis 6b604ca2-684c-4b87-aad0-ccae04811294
2022-10-08 01:34:58,047 [EndpointStateMachine task thread for /0.0.0.0:40279 - 0 ] INFO  server.RaftServer (RaftServerProxy.java:lambda$start$6(382)) - 6b604ca2-684c-4b87-aad0-ccae04811294: start RPC server
2022-10-08 01:34:58,053 [EndpointStateMachine task thread for /0.0.0.0:40279 - 0 ] INFO  server.GrpcService (GrpcService.java:startImpl(260)) - 6b604ca2-684c-4b87-aad0-ccae04811294: GrpcService started, listening on 39343
2022-10-08 01:34:58,059 [EndpointStateMachine task thread for /0.0.0.0:40279 - 0 ] INFO  ratis.XceiverServerRatis (XceiverServerRatis.java:getRealPort(502)) - XceiverServerRatis 6b604ca2-684c-4b87-aad0-ccae04811294 is started using port 39343 for RATIS
2022-10-08 01:34:58,059 [EndpointStateMachine task thread for /0.0.0.0:40279 - 0 ] INFO  ratis.XceiverServerRatis (XceiverServerRatis.java:getRealPort(502)) - XceiverServerRatis 6b604ca2-684c-4b87-aad0-ccae04811294 is started using port 39343 for RATIS_ADMIN
2022-10-08 01:34:58,059 [EndpointStateMachine task thread for /0.0.0.0:40279 - 0 ] INFO  ratis.XceiverServerRatis (XceiverServerRatis.java:getRealPort(502)) - XceiverServerRatis 6b604ca2-684c-4b87-aad0-ccae04811294 is started using port 39343 for RATIS_SERVER
2022-10-08 01:34:58,059 [org.apache.ratis.util.JvmPauseMonitor$$Lambda$636/846962177@93d14fa] INFO  util.JvmPauseMonitor (JvmPauseMonitor.java:run(103)) - JvmPauseMonitor-6b604ca2-684c-4b87-aad0-ccae04811294: Started
2022-10-08 01:34:58,132 [ReplicationMonitor] INFO  replication.ReplicationManager (ReplicationManager.java:processAll(291)) - Replication Manager is not ready to run until 3000ms after safemode exit
2022-10-08 01:34:58,142 [EndpointStateMachine task thread for /0.0.0.0:40279 - 0 ] INFO  server.XceiverServerGrpc (XceiverServerGrpc.java:start(180)) - XceiverServerGrpc 6b604ca2-684c-4b87-aad0-ccae04811294 is started using port 44019
2022-10-08 01:34:58,165 [Listener at 127.0.0.1/42695] INFO  upgrade.AbstractLayoutVersionManager (AbstractLayoutVersionManager.java:init(83)) - Initializing Layout version manager with metadata layout = DATANODE_SCHEMA_V3 (version = 4), software layout = DATANODE_SCHEMA_V3 (version = 4)
2022-10-08 01:34:58,280 [Listener at 127.0.0.1/42695] INFO  reflections.Reflections (Reflections.java:scan(232)) - Reflections took 114 ms to scan 7 urls, producing 135 keys and 327 values 
2022-10-08 01:34:58,282 [Listener at 127.0.0.1/42695] INFO  statemachine.DatanodeStateMachine (DatanodeStateMachine.java:getEndPointTaskThreadPoolSize(237)) - Datanode State Machine Task Thread Pool size 2
2022-10-08 01:34:58,283 [Listener at 127.0.0.1/42695] INFO  volume.HddsVolume (HddsVolume.java:<init>(117)) - Creating HddsVolume: /home/runner/work/ozone/ozone/hadoop-ozone/integration-test/target/test-dir/MiniOzoneClusterImpl-5d0d2deb-5324-41ce-86fc-5a78a6428163/datanode-4/data-0/containers/hdds of storage type : DISK capacity : 9223372036854775807
2022-10-08 01:34:58,283 [Listener at 127.0.0.1/42695] INFO  volume.MutableVolumeSet (MutableVolumeSet.java:initializeVolumeSet(174)) - Added Volume : /home/runner/work/ozone/ozone/hadoop-ozone/integration-test/target/test-dir/MiniOzoneClusterImpl-5d0d2deb-5324-41ce-86fc-5a78a6428163/datanode-4/data-0/containers/hdds to VolumeSet
2022-10-08 01:34:58,283 [Listener at 127.0.0.1/42695] INFO  volume.ThrottledAsyncChecker (ThrottledAsyncChecker.java:schedule(141)) - Scheduling a check for /home/runner/work/ozone/ozone/hadoop-ozone/integration-test/target/test-dir/MiniOzoneClusterImpl-5d0d2deb-5324-41ce-86fc-5a78a6428163/datanode-4/data-0/containers/hdds
2022-10-08 01:34:58,283 [Listener at 127.0.0.1/42695] INFO  volume.StorageVolumeChecker (StorageVolumeChecker.java:checkAllVolumes(202)) - Scheduled health check for volume /home/runner/work/ozone/ozone/hadoop-ozone/integration-test/target/test-dir/MiniOzoneClusterImpl-5d0d2deb-5324-41ce-86fc-5a78a6428163/datanode-4/data-0/containers/hdds
2022-10-08 01:34:58,308 [Listener at 127.0.0.1/42695] INFO  volume.MutableVolumeSet (MutableVolumeSet.java:initializeVolumeSet(174)) - Added Volume : /home/runner/work/ozone/ozone/hadoop-ozone/integration-test/target/test-dir/MiniOzoneClusterImpl-5d0d2deb-5324-41ce-86fc-5a78a6428163/datanode-4/data/ratis to VolumeSet
2022-10-08 01:34:58,308 [Listener at 127.0.0.1/42695] INFO  volume.ThrottledAsyncChecker (ThrottledAsyncChecker.java:schedule(141)) - Scheduling a check for /home/runner/work/ozone/ozone/hadoop-ozone/integration-test/target/test-dir/MiniOzoneClusterImpl-5d0d2deb-5324-41ce-86fc-5a78a6428163/datanode-4/data/ratis
2022-10-08 01:34:58,308 [Listener at 127.0.0.1/42695] INFO  volume.StorageVolumeChecker (StorageVolumeChecker.java:checkAllVolumes(202)) - Scheduled health check for volume /home/runner/work/ozone/ozone/hadoop-ozone/integration-test/target/test-dir/MiniOzoneClusterImpl-5d0d2deb-5324-41ce-86fc-5a78a6428163/datanode-4/data/ratis
2022-10-08 01:34:58,385 [Thread-1713] INFO  ozoneimpl.ContainerReader (ContainerReader.java:readVolume(175)) - Finish verifying containers on volume /home/runner/work/ozone/ozone/hadoop-ozone/integration-test/target/test-dir/MiniOzoneClusterImpl-5d0d2deb-5324-41ce-86fc-5a78a6428163/datanode-4/data-0/containers/hdds
2022-10-08 01:34:58,385 [Listener at 127.0.0.1/42695] INFO  ozoneimpl.OzoneContainer (OzoneContainer.java:buildContainerSet(300)) - Build ContainerSet costs 0s
2022-10-08 01:34:58,387 [Listener at 127.0.0.1/42695] INFO  server.RaftServer (ConfUtils.java:logGet(46)) - raft.rpc.type = GRPC (default)
2022-10-08 01:34:58,387 [Listener at 127.0.0.1/42695] INFO  grpc.GrpcFactory (GrpcFactory.java:checkPooledByteBufAllocatorUseCacheForAllThreads(48)) - PERFORMANCE WARNING: useCacheForAllThreads is true that may cause Netty to create a lot garbage objects and, as a result, trigger GC.
	It is recommended to disable useCacheForAllThreads by setting -Dorg.apache.ratis.thirdparty.io.netty.allocator.useCacheForAllThreads=false in command line.
2022-10-08 01:34:58,387 [Listener at 127.0.0.1/42695] INFO  grpc.GrpcConfigKeys (ConfUtils.java:logGet(46)) - raft.grpc.admin.port = 0 (custom)
2022-10-08 01:34:58,387 [Listener at 127.0.0.1/42695] INFO  grpc.GrpcConfigKeys (ConfUtils.java:logGet(46)) - raft.grpc.client.port = 0 (custom)
2022-10-08 01:34:58,387 [Listener at 127.0.0.1/42695] INFO  grpc.GrpcConfigKeys (ConfUtils.java:logGet(46)) - raft.grpc.server.port = 0 (default)
2022-10-08 01:34:58,387 [Listener at 127.0.0.1/42695] INFO  server.GrpcService (ConfUtils.java:logGet(46)) - raft.grpc.message.size.max = 32MB (=33554432) (custom)
2022-10-08 01:34:58,388 [Listener at 127.0.0.1/42695] INFO  server.RaftServerConfigKeys (ConfUtils.java:logGet(46)) - raft.server.log.appender.buffer.byte-limit = 33554432 (custom)
2022-10-08 01:34:58,388 [Listener at 127.0.0.1/42695] INFO  server.GrpcService (ConfUtils.java:logGet(46)) - raft.grpc.flow.control.window = 5MB (=5242880) (custom)
2022-10-08 01:34:58,396 [Listener at 127.0.0.1/42695] INFO  server.RaftServerConfigKeys (ConfUtils.java:logGet(46)) - raft.server.rpc.request.timeout = 60s (custom)
2022-10-08 01:34:58,396 [Listener at 127.0.0.1/42695] INFO  grpc.GrpcConfigKeys (ConfUtils.java:logGet(46)) - raft.grpc.server.async.request.thread.pool.cached = true (default)
2022-10-08 01:34:58,398 [Listener at 127.0.0.1/42695] INFO  grpc.GrpcConfigKeys (ConfUtils.java:logGet(46)) - raft.grpc.server.async.request.thread.pool.size = 32 (default)
2022-10-08 01:34:58,399 [Listener at 127.0.0.1/42695] INFO  impl.DataStreamServerImpl (ConfUtils.java:logGet(46)) - raft.datastream.type = DISABLED (default)
2022-10-08 01:34:58,399 [Listener at 127.0.0.1/42695] INFO  server.RaftServerConfigKeys (ConfUtils.java:logGet(46)) - raft.server.threadpool.proxy.cached = true (default)
2022-10-08 01:34:58,399 [Listener at 127.0.0.1/42695] INFO  server.RaftServerConfigKeys (ConfUtils.java:logGet(46)) - raft.server.threadpool.proxy.size = 0 (default)
2022-10-08 01:34:58,399 [Listener at 127.0.0.1/42695] INFO  server.RaftServerConfigKeys (ConfUtils.java:logGet(46)) - raft.server.rpc.slowness.timeout = 300s (custom)
2022-10-08 01:34:58,399 [Listener at 127.0.0.1/42695] INFO  server.RaftServerConfigKeys (ConfUtils.java:logGet(46)) - raft.server.leaderelection.leader.step-down.wait-time = 10s (default)
2022-10-08 01:34:58,399 [Listener at 127.0.0.1/42695] INFO  server.RaftServerConfigKeys (ConfUtils.java:logGet(46)) - raft.server.storage.dir = [/home/runner/work/ozone/ozone/hadoop-ozone/integration-test/target/test-dir/MiniOzoneClusterImpl-5d0d2deb-5324-41ce-86fc-5a78a6428163/datanode-4/data/ratis] (custom)
2022-10-08 01:34:58,453 [Listener at 127.0.0.1/42695] INFO  server.XceiverServerGrpc (XceiverServerGrpc.java:<init>(132)) - GrpcServer channel type EpollServerSocketChannel
2022-10-08 01:34:58,500 [Listener at 127.0.0.1/42695] INFO  http.BaseHttpServer (BaseHttpServer.java:newHttpServer2BuilderForOzone(213)) - Starting Web-server for hddsDatanode at: http://0.0.0.0:0
2022-10-08 01:34:58,501 [Listener at 127.0.0.1/42695] INFO  http.BaseHttpServer (BaseHttpServer.java:<init>(108)) - Hadoop Security Enabled: false Ozone Security Enabled: false Ozone HTTP Security Enabled: false 
2022-10-08 01:34:58,502 [Listener at 127.0.0.1/42695] INFO  server.AuthenticationFilter (AuthenticationFilter.java:constructSecretProvider(240)) - Unable to initialize FileSignerSecretProvider, falling back to use random secrets.
2022-10-08 01:34:58,520 [Listener at 127.0.0.1/42695] WARN  http.HttpRequestLog (HttpRequestLog.java:getRequestLog(103)) - Jetty request log can only be enabled using Log4j
2022-10-08 01:34:58,521 [Listener at 127.0.0.1/42695] INFO  http.HttpServer2 (HttpServer2.java:addGlobalFilter(1031)) - Added global filter 'safety' (class=org.apache.hadoop.hdds.server.http.HttpServer2$QuotingInputFilter)
2022-10-08 01:34:58,522 [Listener at 127.0.0.1/42695] INFO  http.HttpServer2 (HttpServer2.java:addFilter(1007)) - Added filter static_user_filter (class=org.apache.hadoop.http.lib.StaticUserWebFilter$StaticUserFilter) to context hddsDatanode
2022-10-08 01:34:58,522 [Listener at 127.0.0.1/42695] INFO  http.HttpServer2 (HttpServer2.java:addFilter(1015)) - Added filter static_user_filter (class=org.apache.hadoop.http.lib.StaticUserWebFilter$StaticUserFilter) to context logs
2022-10-08 01:34:58,522 [Listener at 127.0.0.1/42695] INFO  http.HttpServer2 (HttpServer2.java:addFilter(1015)) - Added filter static_user_filter (class=org.apache.hadoop.http.lib.StaticUserWebFilter$StaticUserFilter) to context static
2022-10-08 01:34:58,522 [Listener at 127.0.0.1/42695] INFO  http.HttpServer2 (HttpServer2.java:bindListener(1250)) - Jetty bound to port 44999
2022-10-08 01:34:58,522 [Listener at 127.0.0.1/42695] INFO  server.Server (Server.java:doStart(375)) - jetty-9.4.43.v20210629; built: 2021-06-30T11:07:22.254Z; git: 526006ecfa3af7f1a27ef3a288e2bef7ea9dd7e8; jvm 1.8.0_345-b01
2022-10-08 01:34:58,548 [Listener at 127.0.0.1/42695] INFO  server.session (DefaultSessionIdManager.java:doStart(334)) - DefaultSessionIdManager workerName=node0
2022-10-08 01:34:58,548 [Listener at 127.0.0.1/42695] INFO  server.session (DefaultSessionIdManager.java:doStart(339)) - No SessionScavenger set, using defaults
2022-10-08 01:34:58,548 [Listener at 127.0.0.1/42695] INFO  server.session (HouseKeeper.java:startScavenging(132)) - node0 Scavenging every 660000ms
2022-10-08 01:34:58,552 [Listener at 127.0.0.1/42695] INFO  handler.ContextHandler (ContextHandler.java:doStart(915)) - Started o.e.j.s.ServletContextHandler@22e6252b{logs,/logs,file:///home/runner/work/ozone/ozone/hadoop-ozone/integration-test/target/log,AVAILABLE}
2022-10-08 01:34:58,552 [Listener at 127.0.0.1/42695] INFO  handler.ContextHandler (ContextHandler.java:doStart(915)) - Started o.e.j.s.ServletContextHandler@50e7d14a{static,/static,jar:file:/home/runner/.m2/repository/org/apache/ozone/hdds-container-service/1.3.0-SNAPSHOT/hdds-container-service-1.3.0-SNAPSHOT.jar!/webapps/static,AVAILABLE}
2022-10-08 01:34:58,764 [Command processor thread] INFO  server.RaftServer (RaftServerProxy.java:addNew(96)) - 0f1ac1f5-5b02-4bf5-a39e-40addf081f4e: addNew group-DD873DC08AEA:[0f1ac1f5-5b02-4bf5-a39e-40addf081f4e|rpc:10.1.0.61:42591|priority:1] returns group-DD873DC08AEA:java.util.concurrent.CompletableFuture@b799357[Not completed]
2022-10-08 01:34:58,817 [pool-912-thread-1] INFO  server.RaftServer$Division (RaftServerImpl.java:<init>(190)) - 0f1ac1f5-5b02-4bf5-a39e-40addf081f4e: new RaftServerImpl for group-DD873DC08AEA:[0f1ac1f5-5b02-4bf5-a39e-40addf081f4e|rpc:10.1.0.61:42591|priority:1] with ContainerStateMachine:uninitialized
2022-10-08 01:34:58,817 [pool-912-thread-1] INFO  server.RaftServerConfigKeys (ConfUtils.java:logGet(46)) - raft.server.rpc.timeout.min = 5s (custom)
2022-10-08 01:34:58,817 [pool-912-thread-1] INFO  server.RaftServerConfigKeys (ConfUtils.java:logGet(46)) - raft.server.rpc.timeout.max = 5200ms (custom)
2022-10-08 01:34:58,817 [pool-912-thread-1] INFO  server.RaftServerConfigKeys (ConfUtils.java:logGet(46)) - raft.server.rpc.sleep.time = 25ms (default)
2022-10-08 01:34:58,817 [pool-912-thread-1] INFO  server.RaftServerConfigKeys (ConfUtils.java:logGet(46)) - raft.server.rpc.slowness.timeout = 300s (custom)
2022-10-08 01:34:58,817 [pool-912-thread-1] INFO  server.RaftServerConfigKeys (ConfUtils.java:logGet(46)) - raft.server.leaderelection.leader.step-down.wait-time = 10s (default)
2022-10-08 01:34:58,817 [pool-912-thread-1] INFO  server.RaftServerConfigKeys (ConfUtils.java:logGet(46)) - raft.server.sleep.deviation.threshold = 300ms (default)
2022-10-08 01:34:58,817 [pool-912-thread-1] INFO  server.RaftServer$Division (ServerState.java:<init>(107)) - 0f1ac1f5-5b02-4bf5-a39e-40addf081f4e@group-DD873DC08AEA: ConfigurationManager, init=-1: [0f1ac1f5-5b02-4bf5-a39e-40addf081f4e|rpc:10.1.0.61:42591|priority:1], old=null, confs=<EMPTY_MAP>
2022-10-08 01:34:58,817 [pool-912-thread-1] INFO  server.RaftServerConfigKeys (ConfUtils.java:logGet(46)) - raft.server.storage.dir = [/home/runner/work/ozone/ozone/hadoop-ozone/integration-test/target/test-dir/MiniOzoneClusterImpl-5d0d2deb-5324-41ce-86fc-5a78a6428163/datanode-0/data/ratis] (custom)
2022-10-08 01:34:58,818 [pool-912-thread-1] INFO  server.RaftServerConfigKeys (ConfUtils.java:logGet(46)) - raft.server.log.corruption.policy = EXCEPTION (default)
2022-10-08 01:34:58,818 [pool-912-thread-1] INFO  server.RaftServerConfigKeys (ConfUtils.java:logGet(46)) - raft.server.storage.free-space.min = 0MB (=0) (default)
2022-10-08 01:34:58,818 [pool-912-thread-1] INFO  storage.RaftStorageDirectory (RaftStorageDirectoryImpl.java:analyzeStorage(135)) - The storage directory /home/runner/work/ozone/ozone/hadoop-ozone/integration-test/target/test-dir/MiniOzoneClusterImpl-5d0d2deb-5324-41ce-86fc-5a78a6428163/datanode-0/data/ratis/b680d0a1-a548-49d8-8f4e-dd873dc08aea does not exist. Creating ...
2022-10-08 01:34:58,844 [pool-912-thread-1] INFO  storage.RaftStorageDirectory (RaftStorageDirectoryImpl.java:tryLock(230)) - Lock on /home/runner/work/ozone/ozone/hadoop-ozone/integration-test/target/test-dir/MiniOzoneClusterImpl-5d0d2deb-5324-41ce-86fc-5a78a6428163/datanode-0/data/ratis/b680d0a1-a548-49d8-8f4e-dd873dc08aea/in_use.lock acquired by nodename 52807@fv-az180-867
2022-10-08 01:34:58,890 [pool-912-thread-1] INFO  storage.RaftStorage (RaftStorageImpl.java:format(89)) - Storage directory /home/runner/work/ozone/ozone/hadoop-ozone/integration-test/target/test-dir/MiniOzoneClusterImpl-5d0d2deb-5324-41ce-86fc-5a78a6428163/datanode-0/data/ratis/b680d0a1-a548-49d8-8f4e-dd873dc08aea has been successfully formatted.
2022-10-08 01:34:58,892 [pool-912-thread-1] INFO  ratis.ContainerStateMachine (ContainerStateMachine.java:loadSnapshot(236)) - group-DD873DC08AEA: The snapshot info is null. Setting the last applied indexto:(t:0, i:~)
2022-10-08 01:34:58,892 [pool-912-thread-1] INFO  server.RaftServerConfigKeys (ConfUtils.java:logGet(46)) - raft.server.notification.no-leader.timeout = 300s (custom)
2022-10-08 01:34:58,892 [pool-912-thread-1] INFO  server.RaftServerConfigKeys (ConfUtils.java:logGet(46)) - raft.server.log.use.memory = false (default)
2022-10-08 01:34:58,892 [pool-912-thread-1] INFO  server.RaftServerConfigKeys (ConfUtils.java:logGet(46)) - raft.server.log.purge.gap = 1000000 (custom)
2022-10-08 01:34:58,892 [pool-912-thread-1] INFO  server.RaftServerConfigKeys (ConfUtils.java:logGet(46)) - raft.server.log.appender.buffer.byte-limit = 33554432 (custom)
2022-10-08 01:34:58,892 [pool-912-thread-1] INFO  server.RaftServerConfigKeys (ConfUtils.java:logGet(46)) - raft.server.log.statemachine.data.read.timeout = 1000ms (default)
2022-10-08 01:34:58,892 [pool-912-thread-1] INFO  server.RaftServerConfigKeys (ConfUtils.java:logGet(46)) - raft.server.log.segment.size.max = 1048576 (custom)
2022-10-08 01:34:58,893 [pool-912-thread-1] INFO  server.RaftServerConfigKeys (ConfUtils.java:logGet(46)) - raft.server.log.segment.cache.num.max = 2 (custom)
2022-10-08 01:34:58,893 [pool-912-thread-1] INFO  server.RaftServerConfigKeys (ConfUtils.java:logGet(46)) - raft.server.log.segment.cache.size.max = 200MB (=209715200) (default)
2022-10-08 01:34:58,893 [pool-912-thread-1] INFO  segmented.SegmentedRaftLogWorker (SegmentedRaftLogWorker.java:<init>(187)) - new 0f1ac1f5-5b02-4bf5-a39e-40addf081f4e@group-DD873DC08AEA-SegmentedRaftLogWorker for RaftStorageImpl:Storage Directory /home/runner/work/ozone/ozone/hadoop-ozone/integration-test/target/test-dir/MiniOzoneClusterImpl-5d0d2deb-5324-41ce-86fc-5a78a6428163/datanode-0/data/ratis/b680d0a1-a548-49d8-8f4e-dd873dc08aea
2022-10-08 01:34:58,893 [pool-912-thread-1] INFO  server.RaftServerConfigKeys (ConfUtils.java:logGet(46)) - raft.server.log.queue.byte-limit = 4294967296 (custom)
2022-10-08 01:34:58,893 [pool-912-thread-1] INFO  server.RaftServerConfigKeys (ConfUtils.java:logGet(46)) - raft.server.log.queue.element-limit = 1024 (custom)
2022-10-08 01:34:58,893 [pool-912-thread-1] INFO  server.RaftServerConfigKeys (ConfUtils.java:logGet(46)) - raft.server.log.segment.size.max = 1048576 (custom)
2022-10-08 01:34:58,893 [pool-912-thread-1] INFO  server.RaftServerConfigKeys (ConfUtils.java:logGet(46)) - raft.server.log.preallocated.size = 16384 (custom)
2022-10-08 01:34:58,893 [pool-912-thread-1] INFO  server.RaftServerConfigKeys (ConfUtils.java:logGet(46)) - raft.server.log.force.sync.num = 128 (default)
2022-10-08 01:34:58,893 [pool-912-thread-1] INFO  server.RaftServerConfigKeys (ConfUtils.java:logGet(46)) - raft.server.log.statemachine.data.sync = true (default)
2022-10-08 01:34:58,893 [pool-912-thread-1] INFO  server.RaftServerConfigKeys (ConfUtils.java:logGet(46)) - raft.server.log.statemachine.data.sync.timeout = 10s (default)
2022-10-08 01:34:58,893 [pool-912-thread-1] INFO  server.RaftServerConfigKeys (ConfUtils.java:logGet(46)) - raft.server.log.statemachine.data.sync.timeout.retry = -1 (default)
2022-10-08 01:34:58,894 [pool-912-thread-1] INFO  server.RaftServerConfigKeys (ConfUtils.java:logGet(46)) - raft.server.log.write.buffer.size = 1048576 (custom)
2022-10-08 01:34:58,895 [pool-912-thread-1] INFO  server.RaftServerConfigKeys (ConfUtils.java:logGet(46)) - raft.server.log.unsafe-flush.enabled = false (default)
2022-10-08 01:34:58,895 [pool-912-thread-1] INFO  server.RaftServerConfigKeys (ConfUtils.java:logGet(46)) - raft.server.log.statemachine.data.caching.enabled = true (custom)
2022-10-08 01:34:58,895 [pool-912-thread-1] INFO  segmented.SegmentedRaftLogWorker (SegmentedRaftLogWorker.java:lambda$new$0(135)) - 0f1ac1f5-5b02-4bf5-a39e-40addf081f4e@group-DD873DC08AEA-SegmentedRaftLogWorker: flushIndex: setUnconditionally 0 -> -1
2022-10-08 01:34:58,895 [EventQueue-PipelineReportForPipelineReportHandler] INFO  pipeline.PipelineManagerImpl (PipelineManagerImpl.java:openPipeline(367)) - Pipeline Pipeline[ Id: b680d0a1-a548-49d8-8f4e-dd873dc08aea, Nodes: 0f1ac1f5-5b02-4bf5-a39e-40addf081f4e{ip: 10.1.0.61, host: fv-az180-867.g3pwtgv4ffyuhaixmbmm0kyh3d.gx.internal.cloudapp.net, ports: [REPLICATION=46597, RATIS=42591, RATIS_ADMIN=42591, RATIS_SERVER=42591, STANDALONE=36445], networkLocation: /default-rack, certSerialId: null, persistedOpState: IN_SERVICE, persistedOpStateExpiryEpochSec: 0}, ReplicationConfig: RATIS/ONE, State:ALLOCATED, leaderId:0f1ac1f5-5b02-4bf5-a39e-40addf081f4e, CreationTimestamp2022-10-08T01:34:55.812Z[Etc/UTC]] moved to OPEN state
2022-10-08 01:34:58,928 [EventQueue-OpenPipelineForHealthyPipelineSafeModeRule] INFO  safemode.SCMSafeModeManager (HealthyPipelineSafeModeRule.java:process(137)) - SCM in safe mode. Healthy pipelines reported count is 0, required healthy pipeline reported count is 1
2022-10-08 01:34:58,936 [pool-912-thread-1] INFO  segmented.SegmentedRaftLogWorker (SegmentedRaftLogWorker.java:lambda$new$0(135)) - 0f1ac1f5-5b02-4bf5-a39e-40addf081f4e@group-DD873DC08AEA-SegmentedRaftLogWorker: safeCacheEvictIndex: setUnconditionally 0 -> -1
2022-10-08 01:34:58,994 [pool-912-thread-1] INFO  server.RaftServerConfigKeys (ConfUtils.java:logGet(46)) - raft.server.snapshot.auto.trigger.enabled = true (custom)
2022-10-08 01:34:58,994 [pool-912-thread-1] INFO  server.RaftServerConfigKeys (ConfUtils.java:logGet(46)) - raft.server.snapshot.auto.trigger.threshold = 10000 (custom)
2022-10-08 01:34:58,994 [pool-912-thread-1] INFO  server.RaftServerConfigKeys (ConfUtils.java:logGet(46)) - raft.server.snapshot.retention.file.num = 5 (custom)
2022-10-08 01:34:58,994 [pool-912-thread-1] INFO  server.RaftServerConfigKeys (ConfUtils.java:logGet(46)) - raft.server.log.purge.upto.snapshot.index = false (default)
2022-10-08 01:34:58,994 [pool-912-thread-1] INFO  server.RaftServerConfigKeys (ConfUtils.java:logGet(46)) - raft.server.retrycache.expirytime = 600000ms (custom)
2022-10-08 01:34:58,994 [pool-912-thread-1] INFO  server.RaftServerConfigKeys (ConfUtils.java:logGet(46)) - raft.server.retrycache.statistics.expirytime = 100μs (default)
2022-10-08 01:34:58,996 [pool-912-thread-1] INFO  server.RaftServerConfigKeys (ConfUtils.java:logGet(46)) - raft.server.log.appender.install.snapshot.enabled = false (custom)
2022-10-08 01:34:58,996 [pool-912-thread-1] INFO  server.RaftServerConfigKeys (ConfUtils.java:logGet(46)) - raft.server.threadpool.server.cached = true (default)
2022-10-08 01:34:58,996 [pool-912-thread-1] INFO  server.RaftServerConfigKeys (ConfUtils.java:logGet(46)) - raft.server.threadpool.server.size = 0 (default)
2022-10-08 01:34:58,996 [pool-912-thread-1] INFO  server.RaftServerConfigKeys (ConfUtils.java:logGet(46)) - raft.server.threadpool.client.cached = true (default)
2022-10-08 01:34:58,996 [pool-912-thread-1] INFO  server.RaftServerConfigKeys (ConfUtils.java:logGet(46)) - raft.server.threadpool.client.size = 0 (default)
2022-10-08 01:34:58,996 [pool-912-thread-1] INFO  server.RaftServer$Division (RaftServerImpl.java:start(310)) - 0f1ac1f5-5b02-4bf5-a39e-40addf081f4e@group-DD873DC08AEA: start as a follower, conf=-1: [0f1ac1f5-5b02-4bf5-a39e-40addf081f4e|rpc:10.1.0.61:42591|priority:1], old=null
2022-10-08 01:34:58,996 [pool-912-thread-1] INFO  server.RaftServer$Division (RaftServerImpl.java:setRole(299)) - 0f1ac1f5-5b02-4bf5-a39e-40addf081f4e@group-DD873DC08AEA: changes role from      null to FOLLOWER at term 0 for startAsFollower
2022-10-08 01:34:58,996 [pool-912-thread-1] INFO  impl.RoleInfo (RoleInfo.java:updateAndGet(139)) - 0f1ac1f5-5b02-4bf5-a39e-40addf081f4e: start 0f1ac1f5-5b02-4bf5-a39e-40addf081f4e@group-DD873DC08AEA-FollowerState
2022-10-08 01:34:59,012 [pool-912-thread-1] INFO  util.JmxRegister (JmxRegister.java:tryRegister(44)) - Successfully registered JMX Bean with object name Ratis:service=RaftServer,group=group-DD873DC08AEA,id=0f1ac1f5-5b02-4bf5-a39e-40addf081f4e
2022-10-08 01:34:59,020 [Command processor thread] INFO  ratis.XceiverServerRatis (XceiverServerRatis.java:addGroup(765)) - Created group PipelineID=b680d0a1-a548-49d8-8f4e-dd873dc08aea
2022-10-08 01:34:59,020 [Command processor thread] INFO  commandhandler.CreatePipelineCommandHandler (CreatePipelineCommandHandler.java:handle(113)) - Created Pipeline RATIS ONE PipelineID=b680d0a1-a548-49d8-8f4e-dd873dc08aea.
2022-10-08 01:34:59,022 [IPC Server handler 1 on default port 40279] INFO  net.NetworkTopologyImpl (NetworkTopologyImpl.java:add(112)) - Added a new node: /default-rack/6b604ca2-684c-4b87-aad0-ccae04811294
2022-10-08 01:34:59,022 [IPC Server handler 1 on default port 40279] INFO  node.SCMNodeManager (SCMNodeManager.java:register(397)) - Registered Data node : 6b604ca2-684c-4b87-aad0-ccae04811294{ip: 10.1.0.61, host: fv-az180-867.g3pwtgv4ffyuhaixmbmm0kyh3d.gx.internal.cloudapp.net, ports: [REPLICATION=44087, RATIS=39343, RATIS_ADMIN=39343, RATIS_SERVER=39343, STANDALONE=44019], networkLocation: /default-rack, certSerialId: null, persistedOpState: null, persistedOpStateExpiryEpochSec: 0}
2022-10-08 01:34:59,022 [EventQueue-NewNodeForNewNodeHandler] INFO  pipeline.BackgroundPipelineCreator (BackgroundPipelineCreator.java:notifyEventTriggered(276)) - trigger a one-shot run on RatisPipelineUtilsThread.
2022-10-08 01:34:59,032 [RatisPipelineUtilsThread - 0] INFO  pipeline.RatisPipelineProvider (RatisPipelineProvider.java:lambda$create$0(195)) - Sending CreatePipelineCommand for pipeline:PipelineID=b34614fc-b317-4bda-80e0-d410d11d8285 to datanode:6b604ca2-684c-4b87-aad0-ccae04811294
2022-10-08 01:34:59,033 [RatisPipelineUtilsThread - 0] INFO  pipeline.PipelineStateManagerImpl (PipelineStateManagerImpl.java:addPipeline(103)) - Created pipeline Pipeline[ Id: b34614fc-b317-4bda-80e0-d410d11d8285, Nodes: 6b604ca2-684c-4b87-aad0-ccae04811294{ip: 10.1.0.61, host: fv-az180-867.g3pwtgv4ffyuhaixmbmm0kyh3d.gx.internal.cloudapp.net, ports: [REPLICATION=44087, RATIS=39343, RATIS_ADMIN=39343, RATIS_SERVER=39343, STANDALONE=44019], networkLocation: /default-rack, certSerialId: null, persistedOpState: IN_SERVICE, persistedOpStateExpiryEpochSec: 0}, ReplicationConfig: RATIS/ONE, State:ALLOCATED, leaderId:, CreationTimestamp2022-10-08T01:34:59.032Z[Etc/UTC]].
2022-10-08 01:34:59,033 [EventQueue-NodeRegistrationContainerReportForDataNodeSafeModeRule] INFO  safemode.SCMSafeModeManager (DataNodeSafeModeRule.java:process(71)) - SCM in safe mode. 3 DataNodes registered, 3 required.
2022-10-08 01:34:59,033 [EventQueue-NodeRegistrationContainerReportForDataNodeSafeModeRule] INFO  safemode.SCMSafeModeManager (SCMSafeModeManager.java:validateSafeModeExitRules(204)) - DataNodeSafeModeRule rule is successfully validated
2022-10-08 01:34:59,033 [EventQueue-NodeRegistrationContainerReportForDataNodeSafeModeRule] INFO  safemode.SCMSafeModeManager (SCMSafeModeManager.java:completePreCheck(233)) - All SCM safe mode pre check rules have passed
2022-10-08 01:34:59,033 [EventQueue-NodeRegistrationContainerReportForDataNodeSafeModeRule] WARN  events.EventQueue (EventQueue.java:fireEvent(216)) - No event handler registered for event TypedEvent{payloadType=SafeModeStatus, name='Safe mode status'}
2022-10-08 01:34:59,033 [EventQueue-NodeRegistrationContainerReportForDataNodeSafeModeRule] INFO  ha.SCMContext (SCMContext.java:updateSafeModeStatus(228)) - Update SafeModeStatus from SafeModeStatus{safeModeStatus=true, preCheckPassed=false} to SafeModeStatus{safeModeStatus=true, preCheckPassed=true}.
2022-10-08 01:34:59,033 [EventQueue-NodeRegistrationContainerReportForDataNodeSafeModeRule] INFO  pipeline.BackgroundPipelineCreator (BackgroundPipelineCreator.java:notifyEventTriggered(276)) - trigger a one-shot run on RatisPipelineUtilsThread.
2022-10-08 01:34:59,033 [RatisPipelineUtilsThread - 0] INFO  pipeline.RatisPipelineProvider (RatisPipelineProvider.java:lambda$create$0(195)) - Sending CreatePipelineCommand for pipeline:PipelineID=97bd003a-c475-4099-bcba-28097638d086 to datanode:0f1ac1f5-5b02-4bf5-a39e-40addf081f4e
2022-10-08 01:34:59,033 [RatisPipelineUtilsThread - 0] INFO  pipeline.RatisPipelineProvider (RatisPipelineProvider.java:lambda$create$0(195)) - Sending CreatePipelineCommand for pipeline:PipelineID=97bd003a-c475-4099-bcba-28097638d086 to datanode:932d31bf-cf15-45e6-97a3-7289ed74fac5
2022-10-08 01:34:59,033 [RatisPipelineUtilsThread - 0] INFO  pipeline.RatisPipelineProvider (RatisPipelineProvider.java:lambda$create$0(195)) - Sending CreatePipelineCommand for pipeline:PipelineID=97bd003a-c475-4099-bcba-28097638d086 to datanode:6b604ca2-684c-4b87-aad0-ccae04811294
2022-10-08 01:34:59,034 [RatisPipelineUtilsThread - 0] INFO  pipeline.PipelineStateManagerImpl (PipelineStateManagerImpl.java:addPipeline(103)) - Created pipeline Pipeline[ Id: 97bd003a-c475-4099-bcba-28097638d086, Nodes: 0f1ac1f5-5b02-4bf5-a39e-40addf081f4e{ip: 10.1.0.61, host: fv-az180-867.g3pwtgv4ffyuhaixmbmm0kyh3d.gx.internal.cloudapp.net, ports: [REPLICATION=46597, RATIS=42591, RATIS_ADMIN=42591, RATIS_SERVER=42591, STANDALONE=36445], networkLocation: /default-rack, certSerialId: null, persistedOpState: IN_SERVICE, persistedOpStateExpiryEpochSec: 0}932d31bf-cf15-45e6-97a3-7289ed74fac5{ip: 10.1.0.61, host: fv-az180-867.g3pwtgv4ffyuhaixmbmm0kyh3d.gx.internal.cloudapp.net, ports: [REPLICATION=32977, RATIS=46727, RATIS_ADMIN=46727, RATIS_SERVER=46727, STANDALONE=42369], networkLocation: /default-rack, certSerialId: null, persistedOpState: IN_SERVICE, persistedOpStateExpiryEpochSec: 0}6b604ca2-684c-4b87-aad0-ccae04811294{ip: 10.1.0.61, host: fv-az180-867.g3pwtgv4ffyuhaixmbmm0kyh3d.gx.internal.cloudapp.net, ports: [REPLICATION=44087, RATIS=39343, RATIS_ADMIN=39343, RATIS_SERVER=39343, STANDALONE=44019], networkLocation: /default-rack, certSerialId: null, persistedOpState: IN_SERVICE, persistedOpStateExpiryEpochSec: 0}, ReplicationConfig: RATIS/THREE, State:ALLOCATED, leaderId:, CreationTimestamp2022-10-08T01:34:59.033Z[Etc/UTC]].
2022-10-08 01:34:59,132 [ReplicationMonitor] INFO  replication.ReplicationManager (ReplicationManager.java:processAll(291)) - Replication Manager is not ready to run until 3000ms after safemode exit
2022-10-08 01:34:59,483 [Listener at 127.0.0.1/42695] INFO  handler.ContextHandler (ContextHandler.java:doStart(915)) - Started o.e.j.w.WebAppContext@1d032990{hddsDatanode,/,file:///tmp/jetty-0_0_0_0-44999-hdds-container-service-1_3_0-SNAPSHOT_jar-_-any-5527872664460791154/webapp/,AVAILABLE}{jar:file:/home/runner/.m2/repository/org/apache/ozone/hdds-container-service/1.3.0-SNAPSHOT/hdds-container-service-1.3.0-SNAPSHOT.jar!/webapps/hddsDatanode}
2022-10-08 01:34:59,496 [Listener at 127.0.0.1/42695] INFO  server.AbstractConnector (AbstractConnector.java:doStart(331)) - Started ServerConnector@7a49037c{HTTP/1.1, (http/1.1)}{0.0.0.0:44999}
2022-10-08 01:34:59,496 [Listener at 127.0.0.1/42695] INFO  server.Server (Server.java:doStart(415)) - Started @225768ms
2022-10-08 01:34:59,496 [Listener at 127.0.0.1/42695] WARN  impl.MetricsSystemImpl (MetricsSystemImpl.java:register(279)) - Sink prometheus already exists!
2022-10-08 01:34:59,497 [Listener at 127.0.0.1/42695] INFO  http.BaseHttpServer (BaseHttpServer.java:updateConnectorAddress(333)) - HTTP server of hddsDatanode listening at http://0.0.0.0:44999
2022-10-08 01:34:59,500 [Datanode State Machine Daemon Thread] INFO  statemachine.DatanodeStateMachine (DatanodeStateMachine.java:lambda$startDaemon$0(492)) - Ozone container server started.
2022-10-08 01:34:59,500 [Listener at 127.0.0.1/42695] INFO  ozone.MiniOzoneClusterImpl (MiniOzoneClusterImpl.java:lambda$waitForClusterToBeReady$0(216)) - Waiting for nodes to be ready. Got 3 of 5 DN Heartbeats.
2022-10-08 01:34:59,520 [Listener at 127.0.0.1/42695] INFO  ozone.MiniOzoneClusterImpl (MiniOzoneClusterImpl.java:lambda$waitForClusterToBeReady$0(219)) - Waiting for cluster to exit safe mode
2022-10-08 01:34:59,520 [Listener at 127.0.0.1/42695] INFO  ozone.MiniOzoneClusterImpl (MiniOzoneClusterImpl.java:lambda$waitForClusterToBeReady$0(221)) - SCM became leader
2022-10-08 01:34:59,548 [org.apache.hadoop.util.JvmPauseMonitor$Monitor@6f1a6416] INFO  util.JvmPauseMonitor (JvmPauseMonitor.java:run(188)) - Starting JVM pause monitor
2022-10-08 01:34:59,609 [Datanode State Machine Task Thread - 0] INFO  datanode.InitDatanodeState (InitDatanodeState.java:persistContainerDatanodeDetails(138)) - DatanodeDetails is persisted to /home/runner/work/ozone/ozone/hadoop-ozone/integration-test/target/test-dir/MiniOzoneClusterImpl-5d0d2deb-5324-41ce-86fc-5a78a6428163/datanode-4/meta/datanode.id
2022-10-08 01:35:00,132 [ReplicationMonitor] INFO  replication.ReplicationManager (ReplicationManager.java:processAll(291)) - Replication Manager is not ready to run until 3000ms after safemode exit
2022-10-08 01:35:00,299 [EndpointStateMachine task thread for /0.0.0.0:40279 - 0 ] INFO  volume.HddsVolume (HddsVolume.java:createDbStore(307)) - SchemaV3 db is created and loaded at /home/runner/work/ozone/ozone/hadoop-ozone/integration-test/target/test-dir/MiniOzoneClusterImpl-5d0d2deb-5324-41ce-86fc-5a78a6428163/datanode-3/data-0/containers/hdds/5d0d2deb-5324-41ce-86fc-5a78a6428163/DS-aaab586b-ec55-4e71-849c-ca20e92ea222/container.db for volume DS-aaab586b-ec55-4e71-849c-ca20e92ea222
2022-10-08 01:35:00,320 [Command processor thread] INFO  server.RaftServer (RaftServerProxy.java:addNew(96)) - 932d31bf-cf15-45e6-97a3-7289ed74fac5: addNew group-08814DF4F4AF:[932d31bf-cf15-45e6-97a3-7289ed74fac5|rpc:10.1.0.61:46727|priority:1] returns group-08814DF4F4AF:java.util.concurrent.CompletableFuture@4d5ed15d[Not completed]
2022-10-08 01:35:00,341 [EndpointStateMachine task thread for /0.0.0.0:40279 - 0 ] INFO  volume.HddsVolume (HddsVolume.java:closeDbStore(338)) - SchemaV3 db is stopped at /home/runner/work/ozone/ozone/hadoop-ozone/integration-test/target/test-dir/MiniOzoneClusterImpl-5d0d2deb-5324-41ce-86fc-5a78a6428163/datanode-3/data-0/containers/hdds/5d0d2deb-5324-41ce-86fc-5a78a6428163/DS-aaab586b-ec55-4e71-849c-ca20e92ea222/container.db for volume DS-aaab586b-ec55-4e71-849c-ca20e92ea222
2022-10-08 01:35:00,341 [EndpointStateMachine task thread for /0.0.0.0:40279 - 0 ] INFO  ozoneimpl.OzoneContainer (OzoneContainer.java:start(378)) - Attempting to start container services.
2022-10-08 01:35:00,341 [EndpointStateMachine task thread for /0.0.0.0:40279 - 0 ] INFO  ozoneimpl.OzoneContainer (OzoneContainer.java:startContainerScrub(313)) - Background container scanner has been disabled.
2022-10-08 01:35:00,360 [EndpointStateMachine task thread for /0.0.0.0:40279 - 0 ] INFO  replication.ReplicationServer (ReplicationServer.java:start(111)) - ReplicationServer is started using port 38951
2022-10-08 01:35:00,376 [EndpointStateMachine task thread for /0.0.0.0:40279 - 0 ] INFO  ratis.XceiverServerRatis (XceiverServerRatis.java:start(481)) - Starting XceiverServerRatis 0f3c4d66-37ce-46af-a3a8-7219c161bdb8
2022-10-08 01:35:00,384 [EndpointStateMachine task thread for /0.0.0.0:40279 - 0 ] INFO  server.RaftServer (RaftServerProxy.java:lambda$start$6(382)) - 0f3c4d66-37ce-46af-a3a8-7219c161bdb8: start RPC server
2022-10-08 01:35:00,398 [EndpointStateMachine task thread for /0.0.0.0:40279 - 0 ] INFO  server.GrpcService (GrpcService.java:startImpl(260)) - 0f3c4d66-37ce-46af-a3a8-7219c161bdb8: GrpcService started, listening on 46327
2022-10-08 01:35:00,398 [EndpointStateMachine task thread for /0.0.0.0:40279 - 0 ] INFO  ratis.XceiverServerRatis (XceiverServerRatis.java:getRealPort(502)) - XceiverServerRatis 0f3c4d66-37ce-46af-a3a8-7219c161bdb8 is started using port 46327 for RATIS
2022-10-08 01:35:00,398 [EndpointStateMachine task thread for /0.0.0.0:40279 - 0 ] INFO  ratis.XceiverServerRatis (XceiverServerRatis.java:getRealPort(502)) - XceiverServerRatis 0f3c4d66-37ce-46af-a3a8-7219c161bdb8 is started using port 46327 for RATIS_ADMIN
2022-10-08 01:35:00,398 [EndpointStateMachine task thread for /0.0.0.0:40279 - 0 ] INFO  ratis.XceiverServerRatis (XceiverServerRatis.java:getRealPort(502)) - XceiverServerRatis 0f3c4d66-37ce-46af-a3a8-7219c161bdb8 is started using port 46327 for RATIS_SERVER
2022-10-08 01:35:00,398 [org.apache.ratis.util.JvmPauseMonitor$$Lambda$636/846962177@206e8007] INFO  util.JvmPauseMonitor (JvmPauseMonitor.java:run(103)) - JvmPauseMonitor-0f3c4d66-37ce-46af-a3a8-7219c161bdb8: Started
2022-10-08 01:35:00,411 [pool-935-thread-1] INFO  server.RaftServer$Division (RaftServerImpl.java:<init>(190)) - 932d31bf-cf15-45e6-97a3-7289ed74fac5: new RaftServerImpl for group-08814DF4F4AF:[932d31bf-cf15-45e6-97a3-7289ed74fac5|rpc:10.1.0.61:46727|priority:1] with ContainerStateMachine:uninitialized
2022-10-08 01:35:00,411 [pool-935-thread-1] INFO  server.RaftServerConfigKeys (ConfUtils.java:logGet(46)) - raft.server.rpc.timeout.min = 5s (custom)
2022-10-08 01:35:00,411 [pool-935-thread-1] INFO  server.RaftServerConfigKeys (ConfUtils.java:logGet(46)) - raft.server.rpc.timeout.max = 5200ms (custom)
2022-10-08 01:35:00,411 [pool-935-thread-1] INFO  server.RaftServerConfigKeys (ConfUtils.java:logGet(46)) - raft.server.rpc.sleep.time = 25ms (default)
2022-10-08 01:35:00,411 [pool-935-thread-1] INFO  server.RaftServerConfigKeys (ConfUtils.java:logGet(46)) - raft.server.rpc.slowness.timeout = 300s (custom)
2022-10-08 01:35:00,411 [pool-935-thread-1] INFO  server.RaftServerConfigKeys (ConfUtils.java:logGet(46)) - raft.server.leaderelection.leader.step-down.wait-time = 10s (default)
2022-10-08 01:35:00,411 [pool-935-thread-1] INFO  server.RaftServerConfigKeys (ConfUtils.java:logGet(46)) - raft.server.sleep.deviation.threshold = 300ms (default)
2022-10-08 01:35:00,411 [pool-935-thread-1] INFO  server.RaftServer$Division (ServerState.java:<init>(107)) - 932d31bf-cf15-45e6-97a3-7289ed74fac5@group-08814DF4F4AF: ConfigurationManager, init=-1: [932d31bf-cf15-45e6-97a3-7289ed74fac5|rpc:10.1.0.61:46727|priority:1], old=null, confs=<EMPTY_MAP>
2022-10-08 01:35:00,411 [pool-935-thread-1] INFO  server.RaftServerConfigKeys (ConfUtils.java:logGet(46)) - raft.server.storage.dir = [/home/runner/work/ozone/ozone/hadoop-ozone/integration-test/target/test-dir/MiniOzoneClusterImpl-5d0d2deb-5324-41ce-86fc-5a78a6428163/datanode-1/data/ratis] (custom)
2022-10-08 01:35:00,411 [pool-935-thread-1] INFO  server.RaftServerConfigKeys (ConfUtils.java:logGet(46)) - raft.server.log.corruption.policy = EXCEPTION (default)
2022-10-08 01:35:00,411 [pool-935-thread-1] INFO  server.RaftServerConfigKeys (ConfUtils.java:logGet(46)) - raft.server.storage.free-space.min = 0MB (=0) (default)
2022-10-08 01:35:00,412 [pool-935-thread-1] INFO  storage.RaftStorageDirectory (RaftStorageDirectoryImpl.java:analyzeStorage(135)) - The storage directory /home/runner/work/ozone/ozone/hadoop-ozone/integration-test/target/test-dir/MiniOzoneClusterImpl-5d0d2deb-5324-41ce-86fc-5a78a6428163/datanode-1/data/ratis/3f6bc06e-e154-49bf-b3f2-08814df4f4af does not exist. Creating ...
2022-10-08 01:35:00,438 [pool-935-thread-1] INFO  storage.RaftStorageDirectory (RaftStorageDirectoryImpl.java:tryLock(230)) - Lock on /home/runner/work/ozone/ozone/hadoop-ozone/integration-test/target/test-dir/MiniOzoneClusterImpl-5d0d2deb-5324-41ce-86fc-5a78a6428163/datanode-1/data/ratis/3f6bc06e-e154-49bf-b3f2-08814df4f4af/in_use.lock acquired by nodename 52807@fv-az180-867
2022-10-08 01:35:00,461 [EndpointStateMachine task thread for /0.0.0.0:40279 - 0 ] INFO  server.XceiverServerGrpc (XceiverServerGrpc.java:start(180)) - XceiverServerGrpc 0f3c4d66-37ce-46af-a3a8-7219c161bdb8 is started using port 35039
2022-10-08 01:35:00,487 [pool-935-thread-1] INFO  storage.RaftStorage (RaftStorageImpl.java:format(89)) - Storage directory /home/runner/work/ozone/ozone/hadoop-ozone/integration-test/target/test-dir/MiniOzoneClusterImpl-5d0d2deb-5324-41ce-86fc-5a78a6428163/datanode-1/data/ratis/3f6bc06e-e154-49bf-b3f2-08814df4f4af has been successfully formatted.
2022-10-08 01:35:00,511 [pool-935-thread-1] INFO  ratis.ContainerStateMachine (ContainerStateMachine.java:loadSnapshot(236)) - group-08814DF4F4AF: The snapshot info is null. Setting the last applied indexto:(t:0, i:~)
2022-10-08 01:35:00,511 [pool-935-thread-1] INFO  server.RaftServerConfigKeys (ConfUtils.java:logGet(46)) - raft.server.notification.no-leader.timeout = 300s (custom)
2022-10-08 01:35:00,511 [pool-935-thread-1] INFO  server.RaftServerConfigKeys (ConfUtils.java:logGet(46)) - raft.server.log.use.memory = false (default)
2022-10-08 01:35:00,511 [pool-935-thread-1] INFO  server.RaftServerConfigKeys (ConfUtils.java:logGet(46)) - raft.server.log.purge.gap = 1000000 (custom)
2022-10-08 01:35:00,512 [pool-935-thread-1] INFO  server.RaftServerConfigKeys (ConfUtils.java:logGet(46)) - raft.server.log.appender.buffer.byte-limit = 33554432 (custom)
2022-10-08 01:35:00,512 [pool-935-thread-1] INFO  server.RaftServerConfigKeys (ConfUtils.java:logGet(46)) - raft.server.log.statemachine.data.read.timeout = 1000ms (default)
2022-10-08 01:35:00,512 [pool-935-thread-1] INFO  server.RaftServerConfigKeys (ConfUtils.java:logGet(46)) - raft.server.log.segment.size.max = 1048576 (custom)
2022-10-08 01:35:00,512 [pool-935-thread-1] INFO  server.RaftServerConfigKeys (ConfUtils.java:logGet(46)) - raft.server.log.segment.cache.num.max = 2 (custom)
2022-10-08 01:35:00,512 [pool-935-thread-1] INFO  server.RaftServerConfigKeys (ConfUtils.java:logGet(46)) - raft.server.log.segment.cache.size.max = 200MB (=209715200) (default)
2022-10-08 01:35:00,512 [pool-935-thread-1] INFO  segmented.SegmentedRaftLogWorker (SegmentedRaftLogWorker.java:<init>(187)) - new 932d31bf-cf15-45e6-97a3-7289ed74fac5@group-08814DF4F4AF-SegmentedRaftLogWorker for RaftStorageImpl:Storage Directory /home/runner/work/ozone/ozone/hadoop-ozone/integration-test/target/test-dir/MiniOzoneClusterImpl-5d0d2deb-5324-41ce-86fc-5a78a6428163/datanode-1/data/ratis/3f6bc06e-e154-49bf-b3f2-08814df4f4af
2022-10-08 01:35:00,512 [pool-935-thread-1] INFO  server.RaftServerConfigKeys (ConfUtils.java:logGet(46)) - raft.server.log.queue.byte-limit = 4294967296 (custom)
2022-10-08 01:35:00,513 [pool-935-thread-1] INFO  server.RaftServerConfigKeys (ConfUtils.java:logGet(46)) - raft.server.log.queue.element-limit = 1024 (custom)
2022-10-08 01:35:00,513 [pool-935-thread-1] INFO  server.RaftServerConfigKeys (ConfUtils.java:logGet(46)) - raft.server.log.segment.size.max = 1048576 (custom)
2022-10-08 01:35:00,513 [pool-935-thread-1] INFO  server.RaftServerConfigKeys (ConfUtils.java:logGet(46)) - raft.server.log.preallocated.size = 16384 (custom)
2022-10-08 01:35:00,513 [pool-935-thread-1] INFO  server.RaftServerConfigKeys (ConfUtils.java:logGet(46)) - raft.server.log.force.sync.num = 128 (default)
2022-10-08 01:35:00,513 [pool-935-thread-1] INFO  server.RaftServerConfigKeys (ConfUtils.java:logGet(46)) - raft.server.log.statemachine.data.sync = true (default)
2022-10-08 01:35:00,513 [pool-935-thread-1] INFO  server.RaftServerConfigKeys (ConfUtils.java:logGet(46)) - raft.server.log.statemachine.data.sync.timeout = 10s (default)
2022-10-08 01:35:00,513 [pool-935-thread-1] INFO  server.RaftServerConfigKeys (ConfUtils.java:logGet(46)) - raft.server.log.statemachine.data.sync.timeout.retry = -1 (default)
2022-10-08 01:35:00,514 [pool-935-thread-1] INFO  server.RaftServerConfigKeys (ConfUtils.java:logGet(46)) - raft.server.log.write.buffer.size = 1048576 (custom)
2022-10-08 01:35:00,514 [pool-935-thread-1] INFO  server.RaftServerConfigKeys (ConfUtils.java:logGet(46)) - raft.server.log.unsafe-flush.enabled = false (default)
2022-10-08 01:35:00,514 [pool-935-thread-1] INFO  server.RaftServerConfigKeys (ConfUtils.java:logGet(46)) - raft.server.log.statemachine.data.caching.enabled = true (custom)
2022-10-08 01:35:00,514 [pool-935-thread-1] INFO  segmented.SegmentedRaftLogWorker (SegmentedRaftLogWorker.java:lambda$new$0(135)) - 932d31bf-cf15-45e6-97a3-7289ed74fac5@group-08814DF4F4AF-SegmentedRaftLogWorker: flushIndex: setUnconditionally 0 -> -1
2022-10-08 01:35:00,514 [pool-935-thread-1] INFO  segmented.SegmentedRaftLogWorker (SegmentedRaftLogWorker.java:lambda$new$0(135)) - 932d31bf-cf15-45e6-97a3-7289ed74fac5@group-08814DF4F4AF-SegmentedRaftLogWorker: safeCacheEvictIndex: setUnconditionally 0 -> -1
2022-10-08 01:35:00,520 [Listener at 127.0.0.1/42695] INFO  ozone.MiniOzoneClusterImpl (MiniOzoneClusterImpl.java:lambda$waitForClusterToBeReady$0(216)) - Waiting for nodes to be ready. Got 3 of 5 DN Heartbeats.
2022-10-08 01:35:00,520 [Listener at 127.0.0.1/42695] INFO  ozone.MiniOzoneClusterImpl (MiniOzoneClusterImpl.java:lambda$waitForClusterToBeReady$0(219)) - Waiting for cluster to exit safe mode
2022-10-08 01:35:00,520 [Listener at 127.0.0.1/42695] INFO  ozone.MiniOzoneClusterImpl (MiniOzoneClusterImpl.java:lambda$waitForClusterToBeReady$0(221)) - SCM became leader
2022-10-08 01:35:00,520 [pool-935-thread-1] INFO  server.RaftServerConfigKeys (ConfUtils.java:logGet(46)) - raft.server.snapshot.auto.trigger.enabled = true (custom)
2022-10-08 01:35:00,520 [pool-935-thread-1] INFO  server.RaftServerConfigKeys (ConfUtils.java:logGet(46)) - raft.server.snapshot.auto.trigger.threshold = 10000 (custom)
2022-10-08 01:35:00,520 [pool-935-thread-1] INFO  server.RaftServerConfigKeys (ConfUtils.java:logGet(46)) - raft.server.snapshot.retention.file.num = 5 (custom)
2022-10-08 01:35:00,520 [pool-935-thread-1] INFO  server.RaftServerConfigKeys (ConfUtils.java:logGet(46)) - raft.server.log.purge.upto.snapshot.index = false (default)
2022-10-08 01:35:00,528 [pool-935-thread-1] INFO  server.RaftServerConfigKeys (ConfUtils.java:logGet(46)) - raft.server.retrycache.expirytime = 600000ms (custom)
2022-10-08 01:35:00,528 [pool-935-thread-1] INFO  server.RaftServerConfigKeys (ConfUtils.java:logGet(46)) - raft.server.retrycache.statistics.expirytime = 100μs (default)
2022-10-08 01:35:00,529 [pool-935-thread-1] INFO  server.RaftServerConfigKeys (ConfUtils.java:logGet(46)) - raft.server.log.appender.install.snapshot.enabled = false (custom)
2022-10-08 01:35:00,529 [pool-935-thread-1] INFO  server.RaftServerConfigKeys (ConfUtils.java:logGet(46)) - raft.server.threadpool.server.cached = true (default)
2022-10-08 01:35:00,530 [pool-935-thread-1] INFO  server.RaftServerConfigKeys (ConfUtils.java:logGet(46)) - raft.server.threadpool.server.size = 0 (default)
2022-10-08 01:35:00,530 [pool-935-thread-1] INFO  server.RaftServerConfigKeys (ConfUtils.java:logGet(46)) - raft.server.threadpool.client.cached = true (default)
2022-10-08 01:35:00,530 [pool-935-thread-1] INFO  server.RaftServerConfigKeys (ConfUtils.java:logGet(46)) - raft.server.threadpool.client.size = 0 (default)
2022-10-08 01:35:00,530 [pool-935-thread-1] INFO  server.RaftServer$Division (RaftServerImpl.java:start(310)) - 932d31bf-cf15-45e6-97a3-7289ed74fac5@group-08814DF4F4AF: start as a follower, conf=-1: [932d31bf-cf15-45e6-97a3-7289ed74fac5|rpc:10.1.0.61:46727|priority:1], old=null
2022-10-08 01:35:00,530 [pool-935-thread-1] INFO  server.RaftServer$Division (RaftServerImpl.java:setRole(299)) - 932d31bf-cf15-45e6-97a3-7289ed74fac5@group-08814DF4F4AF: changes role from      null to FOLLOWER at term 0 for startAsFollower
2022-10-08 01:35:00,530 [pool-935-thread-1] INFO  impl.RoleInfo (RoleInfo.java:updateAndGet(139)) - 932d31bf-cf15-45e6-97a3-7289ed74fac5: start 932d31bf-cf15-45e6-97a3-7289ed74fac5@group-08814DF4F4AF-FollowerState
2022-10-08 01:35:00,530 [EventQueue-PipelineReportForPipelineReportHandler] INFO  pipeline.PipelineManagerImpl (PipelineManagerImpl.java:openPipeline(367)) - Pipeline Pipeline[ Id: 3f6bc06e-e154-49bf-b3f2-08814df4f4af, Nodes: 932d31bf-cf15-45e6-97a3-7289ed74fac5{ip: 10.1.0.61, host: fv-az180-867.g3pwtgv4ffyuhaixmbmm0kyh3d.gx.internal.cloudapp.net, ports: [REPLICATION=32977, RATIS=46727, RATIS_ADMIN=46727, RATIS_SERVER=46727, STANDALONE=42369], networkLocation: /default-rack, certSerialId: null, persistedOpState: IN_SERVICE, persistedOpStateExpiryEpochSec: 0}, ReplicationConfig: RATIS/ONE, State:ALLOCATED, leaderId:932d31bf-cf15-45e6-97a3-7289ed74fac5, CreationTimestamp2022-10-08T01:34:57.348Z[Etc/UTC]] moved to OPEN state
2022-10-08 01:35:00,536 [pool-935-thread-1] INFO  util.JmxRegister (JmxRegister.java:tryRegister(44)) - Successfully registered JMX Bean with object name Ratis:service=RaftServer,group=group-08814DF4F4AF,id=932d31bf-cf15-45e6-97a3-7289ed74fac5
2022-10-08 01:35:00,540 [Command processor thread] INFO  ratis.XceiverServerRatis (XceiverServerRatis.java:addGroup(765)) - Created group PipelineID=3f6bc06e-e154-49bf-b3f2-08814df4f4af
2022-10-08 01:35:00,540 [Command processor thread] INFO  commandhandler.CreatePipelineCommandHandler (CreatePipelineCommandHandler.java:handle(113)) - Created Pipeline RATIS ONE PipelineID=3f6bc06e-e154-49bf-b3f2-08814df4f4af.
2022-10-08 01:35:00,540 [Command processor thread] INFO  server.RaftServer (RaftServerProxy.java:addNew(96)) - 932d31bf-cf15-45e6-97a3-7289ed74fac5: addNew group-28097638D086:[6b604ca2-684c-4b87-aad0-ccae04811294|rpc:10.1.0.61:39343|priority:1, 932d31bf-cf15-45e6-97a3-7289ed74fac5|rpc:10.1.0.61:46727|priority:0, 0f1ac1f5-5b02-4bf5-a39e-40addf081f4e|rpc:10.1.0.61:42591|priority:0] returns group-28097638D086:java.util.concurrent.CompletableFuture@49614c2e[Not completed]
2022-10-08 01:35:00,552 [EventQueue-OpenPipelineForHealthyPipelineSafeModeRule] INFO  safemode.SCMSafeModeManager (HealthyPipelineSafeModeRule.java:process(137)) - SCM in safe mode. Healthy pipelines reported count is 0, required healthy pipeline reported count is 1
2022-10-08 01:35:00,553 [pool-935-thread-1] INFO  server.RaftServer$Division (RaftServerImpl.java:<init>(190)) - 932d31bf-cf15-45e6-97a3-7289ed74fac5: new RaftServerImpl for group-28097638D086:[6b604ca2-684c-4b87-aad0-ccae04811294|rpc:10.1.0.61:39343|priority:1, 932d31bf-cf15-45e6-97a3-7289ed74fac5|rpc:10.1.0.61:46727|priority:0, 0f1ac1f5-5b02-4bf5-a39e-40addf081f4e|rpc:10.1.0.61:42591|priority:0] with ContainerStateMachine:uninitialized
2022-10-08 01:35:00,553 [pool-935-thread-1] INFO  server.RaftServerConfigKeys (ConfUtils.java:logGet(46)) - raft.server.rpc.timeout.min = 5s (custom)
2022-10-08 01:35:00,553 [pool-935-thread-1] INFO  server.RaftServerConfigKeys (ConfUtils.java:logGet(46)) - raft.server.rpc.timeout.max = 5200ms (custom)
2022-10-08 01:35:00,553 [pool-935-thread-1] INFO  server.RaftServerConfigKeys (ConfUtils.java:logGet(46)) - raft.server.rpc.sleep.time = 25ms (default)
2022-10-08 01:35:00,553 [pool-935-thread-1] INFO  server.RaftServerConfigKeys (ConfUtils.java:logGet(46)) - raft.server.rpc.slowness.timeout = 300s (custom)
2022-10-08 01:35:00,553 [pool-935-thread-1] INFO  server.RaftServerConfigKeys (ConfUtils.java:logGet(46)) - raft.server.leaderelection.leader.step-down.wait-time = 10s (default)
2022-10-08 01:35:00,553 [pool-935-thread-1] INFO  server.RaftServerConfigKeys (ConfUtils.java:logGet(46)) - raft.server.sleep.deviation.threshold = 300ms (default)
2022-10-08 01:35:00,553 [pool-935-thread-1] INFO  server.RaftServer$Division (ServerState.java:<init>(107)) - 932d31bf-cf15-45e6-97a3-7289ed74fac5@group-28097638D086: ConfigurationManager, init=-1: [6b604ca2-684c-4b87-aad0-ccae04811294|rpc:10.1.0.61:39343|priority:1, 932d31bf-cf15-45e6-97a3-7289ed74fac5|rpc:10.1.0.61:46727|priority:0, 0f1ac1f5-5b02-4bf5-a39e-40addf081f4e|rpc:10.1.0.61:42591|priority:0], old=null, confs=<EMPTY_MAP>
2022-10-08 01:35:00,553 [pool-935-thread-1] INFO  server.RaftServerConfigKeys (ConfUtils.java:logGet(46)) - raft.server.storage.dir = [/home/runner/work/ozone/ozone/hadoop-ozone/integration-test/target/test-dir/MiniOzoneClusterImpl-5d0d2deb-5324-41ce-86fc-5a78a6428163/datanode-1/data/ratis] (custom)
2022-10-08 01:35:00,553 [pool-935-thread-1] INFO  server.RaftServerConfigKeys (ConfUtils.java:logGet(46)) - raft.server.log.corruption.policy = EXCEPTION (default)
2022-10-08 01:35:00,553 [pool-935-thread-1] INFO  server.RaftServerConfigKeys (ConfUtils.java:logGet(46)) - raft.server.storage.free-space.min = 0MB (=0) (default)
2022-10-08 01:35:00,553 [pool-935-thread-1] INFO  storage.RaftStorageDirectory (RaftStorageDirectoryImpl.java:analyzeStorage(135)) - The storage directory /home/runner/work/ozone/ozone/hadoop-ozone/integration-test/target/test-dir/MiniOzoneClusterImpl-5d0d2deb-5324-41ce-86fc-5a78a6428163/datanode-1/data/ratis/97bd003a-c475-4099-bcba-28097638d086 does not exist. Creating ...
2022-10-08 01:35:00,589 [pool-935-thread-1] INFO  storage.RaftStorageDirectory (RaftStorageDirectoryImpl.java:tryLock(230)) - Lock on /home/runner/work/ozone/ozone/hadoop-ozone/integration-test/target/test-dir/MiniOzoneClusterImpl-5d0d2deb-5324-41ce-86fc-5a78a6428163/datanode-1/data/ratis/97bd003a-c475-4099-bcba-28097638d086/in_use.lock acquired by nodename 52807@fv-az180-867
2022-10-08 01:35:00,635 [pool-935-thread-1] INFO  storage.RaftStorage (RaftStorageImpl.java:format(89)) - Storage directory /home/runner/work/ozone/ozone/hadoop-ozone/integration-test/target/test-dir/MiniOzoneClusterImpl-5d0d2deb-5324-41ce-86fc-5a78a6428163/datanode-1/data/ratis/97bd003a-c475-4099-bcba-28097638d086 has been successfully formatted.
2022-10-08 01:35:00,644 [pool-935-thread-1] INFO  ratis.ContainerStateMachine (ContainerStateMachine.java:loadSnapshot(236)) - group-28097638D086: The snapshot info is null. Setting the last applied indexto:(t:0, i:~)
2022-10-08 01:35:00,644 [pool-935-thread-1] INFO  server.RaftServerConfigKeys (ConfUtils.java:logGet(46)) - raft.server.notification.no-leader.timeout = 300s (custom)
2022-10-08 01:35:00,644 [pool-935-thread-1] INFO  server.RaftServerConfigKeys (ConfUtils.java:logGet(46)) - raft.server.log.use.memory = false (default)
2022-10-08 01:35:00,644 [pool-935-thread-1] INFO  server.RaftServerConfigKeys (ConfUtils.java:logGet(46)) - raft.server.log.purge.gap = 1000000 (custom)
2022-10-08 01:35:00,644 [pool-935-thread-1] INFO  server.RaftServerConfigKeys (ConfUtils.java:logGet(46)) - raft.server.log.appender.buffer.byte-limit = 33554432 (custom)
2022-10-08 01:35:00,644 [pool-935-thread-1] INFO  server.RaftServerConfigKeys (ConfUtils.java:logGet(46)) - raft.server.log.statemachine.data.read.timeout = 1000ms (default)
2022-10-08 01:35:00,644 [pool-935-thread-1] INFO  server.RaftServerConfigKeys (ConfUtils.java:logGet(46)) - raft.server.log.segment.size.max = 1048576 (custom)
2022-10-08 01:35:00,645 [pool-935-thread-1] INFO  server.RaftServerConfigKeys (ConfUtils.java:logGet(46)) - raft.server.log.segment.cache.num.max = 2 (custom)
2022-10-08 01:35:00,645 [pool-935-thread-1] INFO  server.RaftServerConfigKeys (ConfUtils.java:logGet(46)) - raft.server.log.segment.cache.size.max = 200MB (=209715200) (default)
2022-10-08 01:35:00,645 [pool-935-thread-1] INFO  segmented.SegmentedRaftLogWorker (SegmentedRaftLogWorker.java:<init>(187)) - new 932d31bf-cf15-45e6-97a3-7289ed74fac5@group-28097638D086-SegmentedRaftLogWorker for RaftStorageImpl:Storage Directory /home/runner/work/ozone/ozone/hadoop-ozone/integration-test/target/test-dir/MiniOzoneClusterImpl-5d0d2deb-5324-41ce-86fc-5a78a6428163/datanode-1/data/ratis/97bd003a-c475-4099-bcba-28097638d086
2022-10-08 01:35:00,645 [pool-935-thread-1] INFO  server.RaftServerConfigKeys (ConfUtils.java:logGet(46)) - raft.server.log.queue.byte-limit = 4294967296 (custom)
2022-10-08 01:35:00,645 [pool-935-thread-1] INFO  server.RaftServerConfigKeys (ConfUtils.java:logGet(46)) - raft.server.log.queue.element-limit = 1024 (custom)
2022-10-08 01:35:00,645 [pool-935-thread-1] INFO  server.RaftServerConfigKeys (ConfUtils.java:logGet(46)) - raft.server.log.segment.size.max = 1048576 (custom)
2022-10-08 01:35:00,645 [pool-935-thread-1] INFO  server.RaftServerConfigKeys (ConfUtils.java:logGet(46)) - raft.server.log.preallocated.size = 16384 (custom)
2022-10-08 01:35:00,645 [pool-935-thread-1] INFO  server.RaftServerConfigKeys (ConfUtils.java:logGet(46)) - raft.server.log.force.sync.num = 128 (default)
2022-10-08 01:35:00,645 [pool-935-thread-1] INFO  server.RaftServerConfigKeys (ConfUtils.java:logGet(46)) - raft.server.log.statemachine.data.sync = true (default)
2022-10-08 01:35:00,645 [pool-935-thread-1] INFO  server.RaftServerConfigKeys (ConfUtils.java:logGet(46)) - raft.server.log.statemachine.data.sync.timeout = 10s (default)
2022-10-08 01:35:00,645 [pool-935-thread-1] INFO  server.RaftServerConfigKeys (ConfUtils.java:logGet(46)) - raft.server.log.statemachine.data.sync.timeout.retry = -1 (default)
2022-10-08 01:35:00,647 [pool-935-thread-1] INFO  server.RaftServerConfigKeys (ConfUtils.java:logGet(46)) - raft.server.log.write.buffer.size = 1048576 (custom)
2022-10-08 01:35:00,647 [pool-935-thread-1] INFO  server.RaftServerConfigKeys (ConfUtils.java:logGet(46)) - raft.server.log.unsafe-flush.enabled = false (default)
2022-10-08 01:35:00,647 [pool-935-thread-1] INFO  server.RaftServerConfigKeys (ConfUtils.java:logGet(46)) - raft.server.log.statemachine.data.caching.enabled = true (custom)
2022-10-08 01:35:00,647 [pool-935-thread-1] INFO  segmented.SegmentedRaftLogWorker (SegmentedRaftLogWorker.java:lambda$new$0(135)) - 932d31bf-cf15-45e6-97a3-7289ed74fac5@group-28097638D086-SegmentedRaftLogWorker: flushIndex: setUnconditionally 0 -> -1
2022-10-08 01:35:00,647 [pool-935-thread-1] INFO  segmented.SegmentedRaftLogWorker (SegmentedRaftLogWorker.java:lambda$new$0(135)) - 932d31bf-cf15-45e6-97a3-7289ed74fac5@group-28097638D086-SegmentedRaftLogWorker: safeCacheEvictIndex: setUnconditionally 0 -> -1
2022-10-08 01:35:00,650 [EventQueue-OpenPipelineForHealthyPipelineSafeModeRule] INFO  safemode.SCMSafeModeManager (HealthyPipelineSafeModeRule.java:process(137)) - SCM in safe mode. Healthy pipelines reported count is 0, required healthy pipeline reported count is 1
2022-10-08 01:35:00,650 [pool-935-thread-1] INFO  server.RaftServerConfigKeys (ConfUtils.java:logGet(46)) - raft.server.snapshot.auto.trigger.enabled = true (custom)
2022-10-08 01:35:00,650 [pool-935-thread-1] INFO  server.RaftServerConfigKeys (ConfUtils.java:logGet(46)) - raft.server.snapshot.auto.trigger.threshold = 10000 (custom)
2022-10-08 01:35:00,650 [pool-935-thread-1] INFO  server.RaftServerConfigKeys (ConfUtils.java:logGet(46)) - raft.server.snapshot.retention.file.num = 5 (custom)
2022-10-08 01:35:00,651 [pool-935-thread-1] INFO  server.RaftServerConfigKeys (ConfUtils.java:logGet(46)) - raft.server.log.purge.upto.snapshot.index = false (default)
2022-10-08 01:35:00,651 [pool-935-thread-1] INFO  server.RaftServerConfigKeys (ConfUtils.java:logGet(46)) - raft.server.retrycache.expirytime = 600000ms (custom)
2022-10-08 01:35:00,651 [pool-935-thread-1] INFO  server.RaftServerConfigKeys (ConfUtils.java:logGet(46)) - raft.server.retrycache.statistics.expirytime = 100μs (default)
2022-10-08 01:35:00,652 [pool-935-thread-1] INFO  server.RaftServerConfigKeys (ConfUtils.java:logGet(46)) - raft.server.log.appender.install.snapshot.enabled = false (custom)
2022-10-08 01:35:00,652 [pool-935-thread-1] INFO  server.RaftServerConfigKeys (ConfUtils.java:logGet(46)) - raft.server.threadpool.server.cached = true (default)
2022-10-08 01:35:00,652 [pool-935-thread-1] INFO  server.RaftServerConfigKeys (ConfUtils.java:logGet(46)) - raft.server.threadpool.server.size = 0 (default)
2022-10-08 01:35:00,652 [pool-935-thread-1] INFO  server.RaftServerConfigKeys (ConfUtils.java:logGet(46)) - raft.server.threadpool.client.cached = true (default)
2022-10-08 01:35:00,652 [pool-935-thread-1] INFO  server.RaftServerConfigKeys (ConfUtils.java:logGet(46)) - raft.server.threadpool.client.size = 0 (default)
2022-10-08 01:35:00,653 [pool-935-thread-1] INFO  server.RaftServer$Division (RaftServerImpl.java:start(310)) - 932d31bf-cf15-45e6-97a3-7289ed74fac5@group-28097638D086: start as a follower, conf=-1: [6b604ca2-684c-4b87-aad0-ccae04811294|rpc:10.1.0.61:39343|priority:1, 932d31bf-cf15-45e6-97a3-7289ed74fac5|rpc:10.1.0.61:46727|priority:0, 0f1ac1f5-5b02-4bf5-a39e-40addf081f4e|rpc:10.1.0.61:42591|priority:0], old=null
2022-10-08 01:35:00,653 [pool-935-thread-1] INFO  server.RaftServer$Division (RaftServerImpl.java:setRole(299)) - 932d31bf-cf15-45e6-97a3-7289ed74fac5@group-28097638D086: changes role from      null to FOLLOWER at term 0 for startAsFollower
2022-10-08 01:35:00,653 [pool-935-thread-1] INFO  impl.RoleInfo (RoleInfo.java:updateAndGet(139)) - 932d31bf-cf15-45e6-97a3-7289ed74fac5: start 932d31bf-cf15-45e6-97a3-7289ed74fac5@group-28097638D086-FollowerState
2022-10-08 01:35:00,692 [pool-935-thread-1] INFO  util.JmxRegister (JmxRegister.java:tryRegister(44)) - Successfully registered JMX Bean with object name Ratis:service=RaftServer,group=group-28097638D086,id=932d31bf-cf15-45e6-97a3-7289ed74fac5
2022-10-08 01:35:00,700 [Command processor thread] INFO  ratis.XceiverServerRatis (XceiverServerRatis.java:addGroup(765)) - Created group PipelineID=97bd003a-c475-4099-bcba-28097638d086
2022-10-08 01:35:00,711 [grpc-default-executor-2] INFO  server.RaftServer (RaftServerProxy.java:addNew(96)) - 0f1ac1f5-5b02-4bf5-a39e-40addf081f4e: addNew group-28097638D086:[6b604ca2-684c-4b87-aad0-ccae04811294|rpc:10.1.0.61:39343|dataStream:|priority:1, 932d31bf-cf15-45e6-97a3-7289ed74fac5|rpc:10.1.0.61:46727|dataStream:|priority:0, 0f1ac1f5-5b02-4bf5-a39e-40addf081f4e|rpc:10.1.0.61:42591|dataStream:|priority:0] returns group-28097638D086:java.util.concurrent.CompletableFuture@2c4f5bdc[Not completed]
2022-10-08 01:35:00,711 [pool-912-thread-1] INFO  server.RaftServer$Division (RaftServerImpl.java:<init>(190)) - 0f1ac1f5-5b02-4bf5-a39e-40addf081f4e: new RaftServerImpl for group-28097638D086:[6b604ca2-684c-4b87-aad0-ccae04811294|rpc:10.1.0.61:39343|dataStream:|priority:1, 932d31bf-cf15-45e6-97a3-7289ed74fac5|rpc:10.1.0.61:46727|dataStream:|priority:0, 0f1ac1f5-5b02-4bf5-a39e-40addf081f4e|rpc:10.1.0.61:42591|dataStream:|priority:0] with ContainerStateMachine:uninitialized
2022-10-08 01:35:00,711 [pool-912-thread-1] INFO  server.RaftServerConfigKeys (ConfUtils.java:logGet(46)) - raft.server.rpc.timeout.min = 5s (custom)
2022-10-08 01:35:00,711 [pool-912-thread-1] INFO  server.RaftServerConfigKeys (ConfUtils.java:logGet(46)) - raft.server.rpc.timeout.max = 5200ms (custom)
2022-10-08 01:35:00,711 [pool-912-thread-1] INFO  server.RaftServerConfigKeys (ConfUtils.java:logGet(46)) - raft.server.rpc.sleep.time = 25ms (default)
2022-10-08 01:35:00,712 [pool-912-thread-1] INFO  server.RaftServerConfigKeys (ConfUtils.java:logGet(46)) - raft.server.rpc.slowness.timeout = 300s (custom)
2022-10-08 01:35:00,712 [pool-912-thread-1] INFO  server.RaftServerConfigKeys (ConfUtils.java:logGet(46)) - raft.server.leaderelection.leader.step-down.wait-time = 10s (default)
2022-10-08 01:35:00,712 [pool-912-thread-1] INFO  server.RaftServerConfigKeys (ConfUtils.java:logGet(46)) - raft.server.sleep.deviation.threshold = 300ms (default)
2022-10-08 01:35:00,712 [pool-912-thread-1] INFO  server.RaftServer$Division (ServerState.java:<init>(107)) - 0f1ac1f5-5b02-4bf5-a39e-40addf081f4e@group-28097638D086: ConfigurationManager, init=-1: [6b604ca2-684c-4b87-aad0-ccae04811294|rpc:10.1.0.61:39343|dataStream:|priority:1, 932d31bf-cf15-45e6-97a3-7289ed74fac5|rpc:10.1.0.61:46727|dataStream:|priority:0, 0f1ac1f5-5b02-4bf5-a39e-40addf081f4e|rpc:10.1.0.61:42591|dataStream:|priority:0], old=null, confs=<EMPTY_MAP>
2022-10-08 01:35:00,712 [pool-912-thread-1] INFO  server.RaftServerConfigKeys (ConfUtils.java:logGet(46)) - raft.server.storage.dir = [/home/runner/work/ozone/ozone/hadoop-ozone/integration-test/target/test-dir/MiniOzoneClusterImpl-5d0d2deb-5324-41ce-86fc-5a78a6428163/datanode-0/data/ratis] (custom)
2022-10-08 01:35:00,712 [pool-912-thread-1] INFO  server.RaftServerConfigKeys (ConfUtils.java:logGet(46)) - raft.server.log.corruption.policy = EXCEPTION (default)
2022-10-08 01:35:00,712 [pool-912-thread-1] INFO  server.RaftServerConfigKeys (ConfUtils.java:logGet(46)) - raft.server.storage.free-space.min = 0MB (=0) (default)
2022-10-08 01:35:00,712 [pool-912-thread-1] INFO  storage.RaftStorageDirectory (RaftStorageDirectoryImpl.java:analyzeStorage(135)) - The storage directory /home/runner/work/ozone/ozone/hadoop-ozone/integration-test/target/test-dir/MiniOzoneClusterImpl-5d0d2deb-5324-41ce-86fc-5a78a6428163/datanode-0/data/ratis/97bd003a-c475-4099-bcba-28097638d086 does not exist. Creating ...
2022-10-08 01:35:00,752 [pool-912-thread-1] INFO  storage.RaftStorageDirectory (RaftStorageDirectoryImpl.java:tryLock(230)) - Lock on /home/runner/work/ozone/ozone/hadoop-ozone/integration-test/target/test-dir/MiniOzoneClusterImpl-5d0d2deb-5324-41ce-86fc-5a78a6428163/datanode-0/data/ratis/97bd003a-c475-4099-bcba-28097638d086/in_use.lock acquired by nodename 52807@fv-az180-867
2022-10-08 01:35:00,787 [pool-912-thread-1] INFO  storage.RaftStorage (RaftStorageImpl.java:format(89)) - Storage directory /home/runner/work/ozone/ozone/hadoop-ozone/integration-test/target/test-dir/MiniOzoneClusterImpl-5d0d2deb-5324-41ce-86fc-5a78a6428163/datanode-0/data/ratis/97bd003a-c475-4099-bcba-28097638d086 has been successfully formatted.
2022-10-08 01:35:00,787 [pool-912-thread-1] INFO  ratis.ContainerStateMachine (ContainerStateMachine.java:loadSnapshot(236)) - group-28097638D086: The snapshot info is null. Setting the last applied indexto:(t:0, i:~)
2022-10-08 01:35:00,787 [pool-912-thread-1] INFO  server.RaftServerConfigKeys (ConfUtils.java:logGet(46)) - raft.server.notification.no-leader.timeout = 300s (custom)
2022-10-08 01:35:00,787 [pool-912-thread-1] INFO  server.RaftServerConfigKeys (ConfUtils.java:logGet(46)) - raft.server.log.use.memory = false (default)
2022-10-08 01:35:00,787 [pool-912-thread-1] INFO  server.RaftServerConfigKeys (ConfUtils.java:logGet(46)) - raft.server.log.purge.gap = 1000000 (custom)
2022-10-08 01:35:00,787 [pool-912-thread-1] INFO  server.RaftServerConfigKeys (ConfUtils.java:logGet(46)) - raft.server.log.appender.buffer.byte-limit = 33554432 (custom)
2022-10-08 01:35:00,787 [pool-912-thread-1] INFO  server.RaftServerConfigKeys (ConfUtils.java:logGet(46)) - raft.server.log.statemachine.data.read.timeout = 1000ms (default)
2022-10-08 01:35:00,788 [pool-912-thread-1] INFO  server.RaftServerConfigKeys (ConfUtils.java:logGet(46)) - raft.server.log.segment.size.max = 1048576 (custom)
2022-10-08 01:35:00,788 [pool-912-thread-1] INFO  server.RaftServerConfigKeys (ConfUtils.java:logGet(46)) - raft.server.log.segment.cache.num.max = 2 (custom)
2022-10-08 01:35:00,788 [pool-912-thread-1] INFO  server.RaftServerConfigKeys (ConfUtils.java:logGet(46)) - raft.server.log.segment.cache.size.max = 200MB (=209715200) (default)
2022-10-08 01:35:00,788 [pool-912-thread-1] INFO  segmented.SegmentedRaftLogWorker (SegmentedRaftLogWorker.java:<init>(187)) - new 0f1ac1f5-5b02-4bf5-a39e-40addf081f4e@group-28097638D086-SegmentedRaftLogWorker for RaftStorageImpl:Storage Directory /home/runner/work/ozone/ozone/hadoop-ozone/integration-test/target/test-dir/MiniOzoneClusterImpl-5d0d2deb-5324-41ce-86fc-5a78a6428163/datanode-0/data/ratis/97bd003a-c475-4099-bcba-28097638d086
2022-10-08 01:35:00,788 [pool-912-thread-1] INFO  server.RaftServerConfigKeys (ConfUtils.java:logGet(46)) - raft.server.log.queue.byte-limit = 4294967296 (custom)
2022-10-08 01:35:00,788 [pool-912-thread-1] INFO  server.RaftServerConfigKeys (ConfUtils.java:logGet(46)) - raft.server.log.queue.element-limit = 1024 (custom)
2022-10-08 01:35:00,788 [pool-912-thread-1] INFO  server.RaftServerConfigKeys (ConfUtils.java:logGet(46)) - raft.server.log.segment.size.max = 1048576 (custom)
2022-10-08 01:35:00,788 [pool-912-thread-1] INFO  server.RaftServerConfigKeys (ConfUtils.java:logGet(46)) - raft.server.log.preallocated.size = 16384 (custom)
2022-10-08 01:35:00,788 [pool-912-thread-1] INFO  server.RaftServerConfigKeys (ConfUtils.java:logGet(46)) - raft.server.log.force.sync.num = 128 (default)
2022-10-08 01:35:00,788 [pool-912-thread-1] INFO  server.RaftServerConfigKeys (ConfUtils.java:logGet(46)) - raft.server.log.statemachine.data.sync = true (default)
2022-10-08 01:35:00,788 [pool-912-thread-1] INFO  server.RaftServerConfigKeys (ConfUtils.java:logGet(46)) - raft.server.log.statemachine.data.sync.timeout = 10s (default)
2022-10-08 01:35:00,789 [pool-912-thread-1] INFO  server.RaftServerConfigKeys (ConfUtils.java:logGet(46)) - raft.server.log.statemachine.data.sync.timeout.retry = -1 (default)
2022-10-08 01:35:00,809 [pool-912-thread-1] INFO  server.RaftServerConfigKeys (ConfUtils.java:logGet(46)) - raft.server.log.write.buffer.size = 1048576 (custom)
2022-10-08 01:35:00,809 [pool-912-thread-1] INFO  server.RaftServerConfigKeys (ConfUtils.java:logGet(46)) - raft.server.log.unsafe-flush.enabled = false (default)
2022-10-08 01:35:00,809 [pool-912-thread-1] INFO  server.RaftServerConfigKeys (ConfUtils.java:logGet(46)) - raft.server.log.statemachine.data.caching.enabled = true (custom)
2022-10-08 01:35:00,809 [pool-912-thread-1] INFO  segmented.SegmentedRaftLogWorker (SegmentedRaftLogWorker.java:lambda$new$0(135)) - 0f1ac1f5-5b02-4bf5-a39e-40addf081f4e@group-28097638D086-SegmentedRaftLogWorker: flushIndex: setUnconditionally 0 -> -1
2022-10-08 01:35:00,809 [pool-912-thread-1] INFO  segmented.SegmentedRaftLogWorker (SegmentedRaftLogWorker.java:lambda$new$0(135)) - 0f1ac1f5-5b02-4bf5-a39e-40addf081f4e@group-28097638D086-SegmentedRaftLogWorker: safeCacheEvictIndex: setUnconditionally 0 -> -1
2022-10-08 01:35:00,823 [pool-912-thread-1] INFO  server.RaftServerConfigKeys (ConfUtils.java:logGet(46)) - raft.server.snapshot.auto.trigger.enabled = true (custom)
2022-10-08 01:35:00,823 [pool-912-thread-1] INFO  server.RaftServerConfigKeys (ConfUtils.java:logGet(46)) - raft.server.snapshot.auto.trigger.threshold = 10000 (custom)
2022-10-08 01:35:00,823 [pool-912-thread-1] INFO  server.RaftServerConfigKeys (ConfUtils.java:logGet(46)) - raft.server.snapshot.retention.file.num = 5 (custom)
2022-10-08 01:35:00,823 [pool-912-thread-1] INFO  server.RaftServerConfigKeys (ConfUtils.java:logGet(46)) - raft.server.log.purge.upto.snapshot.index = false (default)
2022-10-08 01:35:00,823 [pool-912-thread-1] INFO  server.RaftServerConfigKeys (ConfUtils.java:logGet(46)) - raft.server.retrycache.expirytime = 600000ms (custom)
2022-10-08 01:35:00,823 [pool-912-thread-1] INFO  server.RaftServerConfigKeys (ConfUtils.java:logGet(46)) - raft.server.retrycache.statistics.expirytime = 100μs (default)
2022-10-08 01:35:00,824 [pool-912-thread-1] INFO  server.RaftServerConfigKeys (ConfUtils.java:logGet(46)) - raft.server.log.appender.install.snapshot.enabled = false (custom)
2022-10-08 01:35:00,824 [pool-912-thread-1] INFO  server.RaftServerConfigKeys (ConfUtils.java:logGet(46)) - raft.server.threadpool.server.cached = true (default)
2022-10-08 01:35:00,824 [pool-912-thread-1] INFO  server.RaftServerConfigKeys (ConfUtils.java:logGet(46)) - raft.server.threadpool.server.size = 0 (default)
2022-10-08 01:35:00,825 [pool-912-thread-1] INFO  server.RaftServerConfigKeys (ConfUtils.java:logGet(46)) - raft.server.threadpool.client.cached = true (default)
2022-10-08 01:35:00,825 [pool-912-thread-1] INFO  server.RaftServerConfigKeys (ConfUtils.java:logGet(46)) - raft.server.threadpool.client.size = 0 (default)
2022-10-08 01:35:00,825 [pool-912-thread-1] INFO  server.RaftServer$Division (RaftServerImpl.java:start(310)) - 0f1ac1f5-5b02-4bf5-a39e-40addf081f4e@group-28097638D086: start as a follower, conf=-1: [6b604ca2-684c-4b87-aad0-ccae04811294|rpc:10.1.0.61:39343|dataStream:|priority:1, 932d31bf-cf15-45e6-97a3-7289ed74fac5|rpc:10.1.0.61:46727|dataStream:|priority:0, 0f1ac1f5-5b02-4bf5-a39e-40addf081f4e|rpc:10.1.0.61:42591|dataStream:|priority:0], old=null
2022-10-08 01:35:00,825 [pool-912-thread-1] INFO  server.RaftServer$Division (RaftServerImpl.java:setRole(299)) - 0f1ac1f5-5b02-4bf5-a39e-40addf081f4e@group-28097638D086: changes role from      null to FOLLOWER at term 0 for startAsFollower
2022-10-08 01:35:00,825 [pool-912-thread-1] INFO  impl.RoleInfo (RoleInfo.java:updateAndGet(139)) - 0f1ac1f5-5b02-4bf5-a39e-40addf081f4e: start 0f1ac1f5-5b02-4bf5-a39e-40addf081f4e@group-28097638D086-FollowerState
2022-10-08 01:35:00,832 [pool-912-thread-1] INFO  util.JmxRegister (JmxRegister.java:tryRegister(44)) - Successfully registered JMX Bean with object name Ratis:service=RaftServer,group=group-28097638D086,id=0f1ac1f5-5b02-4bf5-a39e-40addf081f4e
2022-10-08 01:35:00,888 [EventQueue-OpenPipelineForHealthyPipelineSafeModeRule] INFO  safemode.SCMSafeModeManager (HealthyPipelineSafeModeRule.java:process(137)) - SCM in safe mode. Healthy pipelines reported count is 0, required healthy pipeline reported count is 1
2022-10-08 01:35:00,889 [grpc-default-executor-2] INFO  server.RaftServer (RaftServerProxy.java:addNew(96)) - 6b604ca2-684c-4b87-aad0-ccae04811294: addNew group-28097638D086:[6b604ca2-684c-4b87-aad0-ccae04811294|rpc:10.1.0.61:39343|dataStream:|priority:1, 932d31bf-cf15-45e6-97a3-7289ed74fac5|rpc:10.1.0.61:46727|dataStream:|priority:0, 0f1ac1f5-5b02-4bf5-a39e-40addf081f4e|rpc:10.1.0.61:42591|dataStream:|priority:0] returns group-28097638D086:java.util.concurrent.CompletableFuture@e905c64[Not completed]
2022-10-08 01:35:00,901 [pool-958-thread-1] INFO  server.RaftServer$Division (RaftServerImpl.java:<init>(190)) - 6b604ca2-684c-4b87-aad0-ccae04811294: new RaftServerImpl for group-28097638D086:[6b604ca2-684c-4b87-aad0-ccae04811294|rpc:10.1.0.61:39343|dataStream:|priority:1, 932d31bf-cf15-45e6-97a3-7289ed74fac5|rpc:10.1.0.61:46727|dataStream:|priority:0, 0f1ac1f5-5b02-4bf5-a39e-40addf081f4e|rpc:10.1.0.61:42591|dataStream:|priority:0] with ContainerStateMachine:uninitialized
2022-10-08 01:35:00,901 [pool-958-thread-1] INFO  server.RaftServerConfigKeys (ConfUtils.java:logGet(46)) - raft.server.rpc.timeout.min = 5s (custom)
2022-10-08 01:35:00,901 [pool-958-thread-1] INFO  server.RaftServerConfigKeys (ConfUtils.java:logGet(46)) - raft.server.rpc.timeout.max = 5200ms (custom)
2022-10-08 01:35:00,902 [pool-958-thread-1] INFO  server.RaftServerConfigKeys (ConfUtils.java:logGet(46)) - raft.server.rpc.sleep.time = 25ms (default)
2022-10-08 01:35:00,902 [pool-958-thread-1] INFO  server.RaftServerConfigKeys (ConfUtils.java:logGet(46)) - raft.server.rpc.slowness.timeout = 300s (custom)
2022-10-08 01:35:00,902 [pool-958-thread-1] INFO  server.RaftServerConfigKeys (ConfUtils.java:logGet(46)) - raft.server.leaderelection.leader.step-down.wait-time = 10s (default)
2022-10-08 01:35:00,902 [pool-958-thread-1] INFO  server.RaftServerConfigKeys (ConfUtils.java:logGet(46)) - raft.server.sleep.deviation.threshold = 300ms (default)
2022-10-08 01:35:00,902 [pool-958-thread-1] INFO  server.RaftServer$Division (ServerState.java:<init>(107)) - 6b604ca2-684c-4b87-aad0-ccae04811294@group-28097638D086: ConfigurationManager, init=-1: [6b604ca2-684c-4b87-aad0-ccae04811294|rpc:10.1.0.61:39343|dataStream:|priority:1, 932d31bf-cf15-45e6-97a3-7289ed74fac5|rpc:10.1.0.61:46727|dataStream:|priority:0, 0f1ac1f5-5b02-4bf5-a39e-40addf081f4e|rpc:10.1.0.61:42591|dataStream:|priority:0], old=null, confs=<EMPTY_MAP>
2022-10-08 01:35:00,902 [pool-958-thread-1] INFO  server.RaftServerConfigKeys (ConfUtils.java:logGet(46)) - raft.server.storage.dir = [/home/runner/work/ozone/ozone/hadoop-ozone/integration-test/target/test-dir/MiniOzoneClusterImpl-5d0d2deb-5324-41ce-86fc-5a78a6428163/datanode-2/data/ratis] (custom)
2022-10-08 01:35:00,902 [pool-958-thread-1] INFO  server.RaftServerConfigKeys (ConfUtils.java:logGet(46)) - raft.server.log.corruption.policy = EXCEPTION (default)
2022-10-08 01:35:00,902 [pool-958-thread-1] INFO  server.RaftServerConfigKeys (ConfUtils.java:logGet(46)) - raft.server.storage.free-space.min = 0MB (=0) (default)
2022-10-08 01:35:00,902 [pool-958-thread-1] INFO  storage.RaftStorageDirectory (RaftStorageDirectoryImpl.java:analyzeStorage(135)) - The storage directory /home/runner/work/ozone/ozone/hadoop-ozone/integration-test/target/test-dir/MiniOzoneClusterImpl-5d0d2deb-5324-41ce-86fc-5a78a6428163/datanode-2/data/ratis/97bd003a-c475-4099-bcba-28097638d086 does not exist. Creating ...
2022-10-08 01:35:00,941 [pool-958-thread-1] INFO  storage.RaftStorageDirectory (RaftStorageDirectoryImpl.java:tryLock(230)) - Lock on /home/runner/work/ozone/ozone/hadoop-ozone/integration-test/target/test-dir/MiniOzoneClusterImpl-5d0d2deb-5324-41ce-86fc-5a78a6428163/datanode-2/data/ratis/97bd003a-c475-4099-bcba-28097638d086/in_use.lock acquired by nodename 52807@fv-az180-867
2022-10-08 01:35:00,988 [pool-958-thread-1] INFO  storage.RaftStorage (RaftStorageImpl.java:format(89)) - Storage directory /home/runner/work/ozone/ozone/hadoop-ozone/integration-test/target/test-dir/MiniOzoneClusterImpl-5d0d2deb-5324-41ce-86fc-5a78a6428163/datanode-2/data/ratis/97bd003a-c475-4099-bcba-28097638d086 has been successfully formatted.
2022-10-08 01:35:00,988 [pool-958-thread-1] INFO  ratis.ContainerStateMachine (ContainerStateMachine.java:loadSnapshot(236)) - group-28097638D086: The snapshot info is null. Setting the last applied indexto:(t:0, i:~)
2022-10-08 01:35:00,988 [pool-958-thread-1] INFO  server.RaftServerConfigKeys (ConfUtils.java:logGet(46)) - raft.server.notification.no-leader.timeout = 300s (custom)
2022-10-08 01:35:00,988 [pool-958-thread-1] INFO  server.RaftServerConfigKeys (ConfUtils.java:logGet(46)) - raft.server.log.use.memory = false (default)
2022-10-08 01:35:00,988 [pool-958-thread-1] INFO  server.RaftServerConfigKeys (ConfUtils.java:logGet(46)) - raft.server.log.purge.gap = 1000000 (custom)
2022-10-08 01:35:00,988 [pool-958-thread-1] INFO  server.RaftServerConfigKeys (ConfUtils.java:logGet(46)) - raft.server.log.appender.buffer.byte-limit = 33554432 (custom)
2022-10-08 01:35:00,988 [pool-958-thread-1] INFO  server.RaftServerConfigKeys (ConfUtils.java:logGet(46)) - raft.server.log.statemachine.data.read.timeout = 1000ms (default)
2022-10-08 01:35:00,989 [pool-958-thread-1] INFO  server.RaftServerConfigKeys (ConfUtils.java:logGet(46)) - raft.server.log.segment.size.max = 1048576 (custom)
2022-10-08 01:35:00,989 [pool-958-thread-1] INFO  server.RaftServerConfigKeys (ConfUtils.java:logGet(46)) - raft.server.log.segment.cache.num.max = 2 (custom)
2022-10-08 01:35:00,989 [pool-958-thread-1] INFO  server.RaftServerConfigKeys (ConfUtils.java:logGet(46)) - raft.server.log.segment.cache.size.max = 200MB (=209715200) (default)
2022-10-08 01:35:00,989 [pool-958-thread-1] INFO  segmented.SegmentedRaftLogWorker (SegmentedRaftLogWorker.java:<init>(187)) - new 6b604ca2-684c-4b87-aad0-ccae04811294@group-28097638D086-SegmentedRaftLogWorker for RaftStorageImpl:Storage Directory /home/runner/work/ozone/ozone/hadoop-ozone/integration-test/target/test-dir/MiniOzoneClusterImpl-5d0d2deb-5324-41ce-86fc-5a78a6428163/datanode-2/data/ratis/97bd003a-c475-4099-bcba-28097638d086
2022-10-08 01:35:00,989 [pool-958-thread-1] INFO  server.RaftServerConfigKeys (ConfUtils.java:logGet(46)) - raft.server.log.queue.byte-limit = 4294967296 (custom)
2022-10-08 01:35:00,989 [pool-958-thread-1] INFO  server.RaftServerConfigKeys (ConfUtils.java:logGet(46)) - raft.server.log.queue.element-limit = 1024 (custom)
2022-10-08 01:35:00,989 [pool-958-thread-1] INFO  server.RaftServerConfigKeys (ConfUtils.java:logGet(46)) - raft.server.log.segment.size.max = 1048576 (custom)
2022-10-08 01:35:00,989 [pool-958-thread-1] INFO  server.RaftServerConfigKeys (ConfUtils.java:logGet(46)) - raft.server.log.preallocated.size = 16384 (custom)
2022-10-08 01:35:00,989 [pool-958-thread-1] INFO  server.RaftServerConfigKeys (ConfUtils.java:logGet(46)) - raft.server.log.force.sync.num = 128 (default)
2022-10-08 01:35:00,989 [pool-958-thread-1] INFO  server.RaftServerConfigKeys (ConfUtils.java:logGet(46)) - raft.server.log.statemachine.data.sync = true (default)
2022-10-08 01:35:00,989 [pool-958-thread-1] INFO  server.RaftServerConfigKeys (ConfUtils.java:logGet(46)) - raft.server.log.statemachine.data.sync.timeout = 10s (default)
2022-10-08 01:35:00,989 [pool-958-thread-1] INFO  server.RaftServerConfigKeys (ConfUtils.java:logGet(46)) - raft.server.log.statemachine.data.sync.timeout.retry = -1 (default)
2022-10-08 01:35:00,991 [pool-958-thread-1] INFO  server.RaftServerConfigKeys (ConfUtils.java:logGet(46)) - raft.server.log.write.buffer.size = 1048576 (custom)
2022-10-08 01:35:00,991 [pool-958-thread-1] INFO  server.RaftServerConfigKeys (ConfUtils.java:logGet(46)) - raft.server.log.unsafe-flush.enabled = false (default)
2022-10-08 01:35:00,991 [pool-958-thread-1] INFO  server.RaftServerConfigKeys (ConfUtils.java:logGet(46)) - raft.server.log.statemachine.data.caching.enabled = true (custom)
2022-10-08 01:35:00,991 [pool-958-thread-1] INFO  segmented.SegmentedRaftLogWorker (SegmentedRaftLogWorker.java:lambda$new$0(135)) - 6b604ca2-684c-4b87-aad0-ccae04811294@group-28097638D086-SegmentedRaftLogWorker: flushIndex: setUnconditionally 0 -> -1
2022-10-08 01:35:00,991 [pool-958-thread-1] INFO  segmented.SegmentedRaftLogWorker (SegmentedRaftLogWorker.java:lambda$new$0(135)) - 6b604ca2-684c-4b87-aad0-ccae04811294@group-28097638D086-SegmentedRaftLogWorker: safeCacheEvictIndex: setUnconditionally 0 -> -1
2022-10-08 01:35:01,056 [pool-958-thread-1] INFO  server.RaftServerConfigKeys (ConfUtils.java:logGet(46)) - raft.server.snapshot.auto.trigger.enabled = true (custom)
2022-10-08 01:35:01,056 [pool-958-thread-1] INFO  server.RaftServerConfigKeys (ConfUtils.java:logGet(46)) - raft.server.snapshot.auto.trigger.threshold = 10000 (custom)
2022-10-08 01:35:01,056 [pool-958-thread-1] INFO  server.RaftServerConfigKeys (ConfUtils.java:logGet(46)) - raft.server.snapshot.retention.file.num = 5 (custom)
2022-10-08 01:35:01,056 [pool-958-thread-1] INFO  server.RaftServerConfigKeys (ConfUtils.java:logGet(46)) - raft.server.log.purge.upto.snapshot.index = false (default)
2022-10-08 01:35:01,056 [pool-958-thread-1] INFO  server.RaftServerConfigKeys (ConfUtils.java:logGet(46)) - raft.server.retrycache.expirytime = 600000ms (custom)
2022-10-08 01:35:01,056 [pool-958-thread-1] INFO  server.RaftServerConfigKeys (ConfUtils.java:logGet(46)) - raft.server.retrycache.statistics.expirytime = 100μs (default)
2022-10-08 01:35:01,058 [pool-958-thread-1] INFO  server.RaftServerConfigKeys (ConfUtils.java:logGet(46)) - raft.server.log.appender.install.snapshot.enabled = false (custom)
2022-10-08 01:35:01,058 [pool-958-thread-1] INFO  server.RaftServerConfigKeys (ConfUtils.java:logGet(46)) - raft.server.threadpool.server.cached = true (default)
2022-10-08 01:35:01,058 [pool-958-thread-1] INFO  server.RaftServerConfigKeys (ConfUtils.java:logGet(46)) - raft.server.threadpool.server.size = 0 (default)
2022-10-08 01:35:01,058 [pool-958-thread-1] INFO  server.RaftServerConfigKeys (ConfUtils.java:logGet(46)) - raft.server.threadpool.client.cached = true (default)
2022-10-08 01:35:01,058 [pool-958-thread-1] INFO  server.RaftServerConfigKeys (ConfUtils.java:logGet(46)) - raft.server.threadpool.client.size = 0 (default)
2022-10-08 01:35:01,058 [pool-958-thread-1] INFO  server.RaftServer$Division (RaftServerImpl.java:start(310)) - 6b604ca2-684c-4b87-aad0-ccae04811294@group-28097638D086: start as a follower, conf=-1: [6b604ca2-684c-4b87-aad0-ccae04811294|rpc:10.1.0.61:39343|dataStream:|priority:1, 932d31bf-cf15-45e6-97a3-7289ed74fac5|rpc:10.1.0.61:46727|dataStream:|priority:0, 0f1ac1f5-5b02-4bf5-a39e-40addf081f4e|rpc:10.1.0.61:42591|dataStream:|priority:0], old=null
2022-10-08 01:35:01,058 [pool-958-thread-1] INFO  server.RaftServer$Division (RaftServerImpl.java:setRole(299)) - 6b604ca2-684c-4b87-aad0-ccae04811294@group-28097638D086: changes role from      null to FOLLOWER at term 0 for startAsFollower
2022-10-08 01:35:01,058 [pool-958-thread-1] INFO  impl.RoleInfo (RoleInfo.java:updateAndGet(139)) - 6b604ca2-684c-4b87-aad0-ccae04811294: start 6b604ca2-684c-4b87-aad0-ccae04811294@group-28097638D086-FollowerState
2022-10-08 01:35:01,076 [pool-958-thread-1] INFO  util.JmxRegister (JmxRegister.java:tryRegister(44)) - Successfully registered JMX Bean with object name Ratis:service=RaftServer,group=group-28097638D086,id=6b604ca2-684c-4b87-aad0-ccae04811294
2022-10-08 01:35:01,132 [ReplicationMonitor] INFO  replication.ReplicationManager (ReplicationManager.java:processAll(291)) - Replication Manager is not ready to run until 3000ms after safemode exit
2022-10-08 01:35:01,151 [Command processor thread] INFO  commandhandler.CreatePipelineCommandHandler (CreatePipelineCommandHandler.java:handle(113)) - Created Pipeline RATIS THREE PipelineID=97bd003a-c475-4099-bcba-28097638d086.
2022-10-08 01:35:01,372 [IPC Server handler 5 on default port 40279] INFO  net.NetworkTopologyImpl (NetworkTopologyImpl.java:add(112)) - Added a new node: /default-rack/0f3c4d66-37ce-46af-a3a8-7219c161bdb8
2022-10-08 01:35:01,372 [IPC Server handler 5 on default port 40279] INFO  node.SCMNodeManager (SCMNodeManager.java:register(397)) - Registered Data node : 0f3c4d66-37ce-46af-a3a8-7219c161bdb8{ip: 10.1.0.61, host: fv-az180-867.g3pwtgv4ffyuhaixmbmm0kyh3d.gx.internal.cloudapp.net, ports: [REPLICATION=38951, RATIS=46327, RATIS_ADMIN=46327, RATIS_SERVER=46327, STANDALONE=35039], networkLocation: /default-rack, certSerialId: null, persistedOpState: null, persistedOpStateExpiryEpochSec: 0}
2022-10-08 01:35:01,376 [EventQueue-NewNodeForNewNodeHandler] INFO  pipeline.BackgroundPipelineCreator (BackgroundPipelineCreator.java:notifyEventTriggered(276)) - trigger a one-shot run on RatisPipelineUtilsThread.
2022-10-08 01:35:01,380 [RatisPipelineUtilsThread - 0] INFO  pipeline.RatisPipelineProvider (RatisPipelineProvider.java:lambda$create$0(195)) - Sending CreatePipelineCommand for pipeline:PipelineID=85dbd495-780c-479f-9733-2719600cab4f to datanode:0f3c4d66-37ce-46af-a3a8-7219c161bdb8
2022-10-08 01:35:01,380 [RatisPipelineUtilsThread - 0] INFO  pipeline.PipelineStateManagerImpl (PipelineStateManagerImpl.java:addPipeline(103)) - Created pipeline Pipeline[ Id: 85dbd495-780c-479f-9733-2719600cab4f, Nodes: 0f3c4d66-37ce-46af-a3a8-7219c161bdb8{ip: 10.1.0.61, host: fv-az180-867.g3pwtgv4ffyuhaixmbmm0kyh3d.gx.internal.cloudapp.net, ports: [REPLICATION=38951, RATIS=46327, RATIS_ADMIN=46327, RATIS_SERVER=46327, STANDALONE=35039], networkLocation: /default-rack, certSerialId: null, persistedOpState: IN_SERVICE, persistedOpStateExpiryEpochSec: 0}, ReplicationConfig: RATIS/ONE, State:ALLOCATED, leaderId:, CreationTimestamp2022-10-08T01:35:01.380Z[Etc/UTC]].
2022-10-08 01:35:01,520 [Listener at 127.0.0.1/42695] INFO  ozone.MiniOzoneClusterImpl (MiniOzoneClusterImpl.java:lambda$waitForClusterToBeReady$0(216)) - Waiting for nodes to be ready. Got 4 of 5 DN Heartbeats.
2022-10-08 01:35:01,520 [Listener at 127.0.0.1/42695] INFO  ozone.MiniOzoneClusterImpl (MiniOzoneClusterImpl.java:lambda$waitForClusterToBeReady$0(219)) - Waiting for cluster to exit safe mode
2022-10-08 01:35:01,521 [Listener at 127.0.0.1/42695] INFO  ozone.MiniOzoneClusterImpl (MiniOzoneClusterImpl.java:lambda$waitForClusterToBeReady$0(221)) - SCM became leader
2022-10-08 01:35:01,863 [EndpointStateMachine task thread for /0.0.0.0:40279 - 0 ] INFO  volume.HddsVolume (HddsVolume.java:createDbStore(307)) - SchemaV3 db is created and loaded at /home/runner/work/ozone/ozone/hadoop-ozone/integration-test/target/test-dir/MiniOzoneClusterImpl-5d0d2deb-5324-41ce-86fc-5a78a6428163/datanode-4/data-0/containers/hdds/5d0d2deb-5324-41ce-86fc-5a78a6428163/DS-7f03b287-84fc-4853-8902-09f082ff2d89/container.db for volume DS-7f03b287-84fc-4853-8902-09f082ff2d89
2022-10-08 01:35:01,865 [EndpointStateMachine task thread for /0.0.0.0:40279 - 0 ] INFO  volume.HddsVolume (HddsVolume.java:closeDbStore(338)) - SchemaV3 db is stopped at /home/runner/work/ozone/ozone/hadoop-ozone/integration-test/target/test-dir/MiniOzoneClusterImpl-5d0d2deb-5324-41ce-86fc-5a78a6428163/datanode-4/data-0/containers/hdds/5d0d2deb-5324-41ce-86fc-5a78a6428163/DS-7f03b287-84fc-4853-8902-09f082ff2d89/container.db for volume DS-7f03b287-84fc-4853-8902-09f082ff2d89
2022-10-08 01:35:01,865 [EndpointStateMachine task thread for /0.0.0.0:40279 - 0 ] INFO  ozoneimpl.OzoneContainer (OzoneContainer.java:start(378)) - Attempting to start container services.
2022-10-08 01:35:01,865 [EndpointStateMachine task thread for /0.0.0.0:40279 - 0 ] INFO  ozoneimpl.OzoneContainer (OzoneContainer.java:startContainerScrub(313)) - Background container scanner has been disabled.
2022-10-08 01:35:01,872 [EndpointStateMachine task thread for /0.0.0.0:40279 - 0 ] INFO  replication.ReplicationServer (ReplicationServer.java:start(111)) - ReplicationServer is started using port 35153
2022-10-08 01:35:01,893 [EndpointStateMachine task thread for /0.0.0.0:40279 - 0 ] INFO  ratis.XceiverServerRatis (XceiverServerRatis.java:start(481)) - Starting XceiverServerRatis d67d85fb-f556-421f-824a-4b9f68a177f7
2022-10-08 01:35:01,894 [EndpointStateMachine task thread for /0.0.0.0:40279 - 0 ] INFO  server.RaftServer (RaftServerProxy.java:lambda$start$6(382)) - d67d85fb-f556-421f-824a-4b9f68a177f7: start RPC server
2022-10-08 01:35:01,899 [EndpointStateMachine task thread for /0.0.0.0:40279 - 0 ] INFO  server.GrpcService (GrpcService.java:startImpl(260)) - d67d85fb-f556-421f-824a-4b9f68a177f7: GrpcService started, listening on 46031
2022-10-08 01:35:01,899 [EndpointStateMachine task thread for /0.0.0.0:40279 - 0 ] INFO  ratis.XceiverServerRatis (XceiverServerRatis.java:getRealPort(502)) - XceiverServerRatis d67d85fb-f556-421f-824a-4b9f68a177f7 is started using port 46031 for RATIS
2022-10-08 01:35:01,900 [EndpointStateMachine task thread for /0.0.0.0:40279 - 0 ] INFO  ratis.XceiverServerRatis (XceiverServerRatis.java:getRealPort(502)) - XceiverServerRatis d67d85fb-f556-421f-824a-4b9f68a177f7 is started using port 46031 for RATIS_ADMIN
2022-10-08 01:35:01,900 [EndpointStateMachine task thread for /0.0.0.0:40279 - 0 ] INFO  ratis.XceiverServerRatis (XceiverServerRatis.java:getRealPort(502)) - XceiverServerRatis d67d85fb-f556-421f-824a-4b9f68a177f7 is started using port 46031 for RATIS_SERVER
2022-10-08 01:35:01,900 [org.apache.ratis.util.JvmPauseMonitor$$Lambda$636/846962177@6a9e6ae7] INFO  util.JvmPauseMonitor (JvmPauseMonitor.java:run(103)) - JvmPauseMonitor-d67d85fb-f556-421f-824a-4b9f68a177f7: Started
2022-10-08 01:35:02,012 [Command processor thread] INFO  server.RaftServer (RaftServerProxy.java:addNew(96)) - 6b604ca2-684c-4b87-aad0-ccae04811294: addNew group-D410D11D8285:[6b604ca2-684c-4b87-aad0-ccae04811294|rpc:10.1.0.61:39343|priority:1] returns group-D410D11D8285:java.util.concurrent.CompletableFuture@68f02696[Not completed]
2022-10-08 01:35:02,013 [pool-958-thread-1] INFO  server.RaftServer$Division (RaftServerImpl.java:<init>(190)) - 6b604ca2-684c-4b87-aad0-ccae04811294: new RaftServerImpl for group-D410D11D8285:[6b604ca2-684c-4b87-aad0-ccae04811294|rpc:10.1.0.61:39343|priority:1] with ContainerStateMachine:uninitialized
2022-10-08 01:35:02,013 [pool-958-thread-1] INFO  server.RaftServerConfigKeys (ConfUtils.java:logGet(46)) - raft.server.rpc.timeout.min = 5s (custom)
2022-10-08 01:35:02,013 [pool-958-thread-1] INFO  server.RaftServerConfigKeys (ConfUtils.java:logGet(46)) - raft.server.rpc.timeout.max = 5200ms (custom)
2022-10-08 01:35:02,013 [pool-958-thread-1] INFO  server.RaftServerConfigKeys (ConfUtils.java:logGet(46)) - raft.server.rpc.sleep.time = 25ms (default)
2022-10-08 01:35:02,013 [pool-958-thread-1] INFO  server.RaftServerConfigKeys (ConfUtils.java:logGet(46)) - raft.server.rpc.slowness.timeout = 300s (custom)
2022-10-08 01:35:02,013 [pool-958-thread-1] INFO  server.RaftServerConfigKeys (ConfUtils.java:logGet(46)) - raft.server.leaderelection.leader.step-down.wait-time = 10s (default)
2022-10-08 01:35:02,013 [pool-958-thread-1] INFO  server.RaftServerConfigKeys (ConfUtils.java:logGet(46)) - raft.server.sleep.deviation.threshold = 300ms (default)
2022-10-08 01:35:02,013 [pool-958-thread-1] INFO  server.RaftServer$Division (ServerState.java:<init>(107)) - 6b604ca2-684c-4b87-aad0-ccae04811294@group-D410D11D8285: ConfigurationManager, init=-1: [6b604ca2-684c-4b87-aad0-ccae04811294|rpc:10.1.0.61:39343|priority:1], old=null, confs=<EMPTY_MAP>
2022-10-08 01:35:02,013 [pool-958-thread-1] INFO  server.RaftServerConfigKeys (ConfUtils.java:logGet(46)) - raft.server.storage.dir = [/home/runner/work/ozone/ozone/hadoop-ozone/integration-test/target/test-dir/MiniOzoneClusterImpl-5d0d2deb-5324-41ce-86fc-5a78a6428163/datanode-2/data/ratis] (custom)
2022-10-08 01:35:02,013 [pool-958-thread-1] INFO  server.RaftServerConfigKeys (ConfUtils.java:logGet(46)) - raft.server.log.corruption.policy = EXCEPTION (default)
2022-10-08 01:35:02,013 [pool-958-thread-1] INFO  server.RaftServerConfigKeys (ConfUtils.java:logGet(46)) - raft.server.storage.free-space.min = 0MB (=0) (default)
2022-10-08 01:35:02,013 [pool-958-thread-1] INFO  storage.RaftStorageDirectory (RaftStorageDirectoryImpl.java:analyzeStorage(135)) - The storage directory /home/runner/work/ozone/ozone/hadoop-ozone/integration-test/target/test-dir/MiniOzoneClusterImpl-5d0d2deb-5324-41ce-86fc-5a78a6428163/datanode-2/data/ratis/b34614fc-b317-4bda-80e0-d410d11d8285 does not exist. Creating ...
2022-10-08 01:35:02,023 [pool-958-thread-1] INFO  storage.RaftStorageDirectory (RaftStorageDirectoryImpl.java:tryLock(230)) - Lock on /home/runner/work/ozone/ozone/hadoop-ozone/integration-test/target/test-dir/MiniOzoneClusterImpl-5d0d2deb-5324-41ce-86fc-5a78a6428163/datanode-2/data/ratis/b34614fc-b317-4bda-80e0-d410d11d8285/in_use.lock acquired by nodename 52807@fv-az180-867
2022-10-08 01:35:02,023 [EndpointStateMachine task thread for /0.0.0.0:40279 - 0 ] INFO  server.XceiverServerGrpc (XceiverServerGrpc.java:start(180)) - XceiverServerGrpc d67d85fb-f556-421f-824a-4b9f68a177f7 is started using port 46823
2022-10-08 01:35:02,031 [pool-958-thread-1] INFO  storage.RaftStorage (RaftStorageImpl.java:format(89)) - Storage directory /home/runner/work/ozone/ozone/hadoop-ozone/integration-test/target/test-dir/MiniOzoneClusterImpl-5d0d2deb-5324-41ce-86fc-5a78a6428163/datanode-2/data/ratis/b34614fc-b317-4bda-80e0-d410d11d8285 has been successfully formatted.
2022-10-08 01:35:02,057 [pool-958-thread-1] INFO  ratis.ContainerStateMachine (ContainerStateMachine.java:loadSnapshot(236)) - group-D410D11D8285: The snapshot info is null. Setting the last applied indexto:(t:0, i:~)
2022-10-08 01:35:02,057 [pool-958-thread-1] INFO  server.RaftServerConfigKeys (ConfUtils.java:logGet(46)) - raft.server.notification.no-leader.timeout = 300s (custom)
2022-10-08 01:35:02,057 [pool-958-thread-1] INFO  server.RaftServerConfigKeys (ConfUtils.java:logGet(46)) - raft.server.log.use.memory = false (default)
2022-10-08 01:35:02,057 [pool-958-thread-1] INFO  server.RaftServerConfigKeys (ConfUtils.java:logGet(46)) - raft.server.log.purge.gap = 1000000 (custom)
2022-10-08 01:35:02,057 [pool-958-thread-1] INFO  server.RaftServerConfigKeys (ConfUtils.java:logGet(46)) - raft.server.log.appender.buffer.byte-limit = 33554432 (custom)
2022-10-08 01:35:02,057 [pool-958-thread-1] INFO  server.RaftServerConfigKeys (ConfUtils.java:logGet(46)) - raft.server.log.statemachine.data.read.timeout = 1000ms (default)
2022-10-08 01:35:02,057 [pool-958-thread-1] INFO  server.RaftServerConfigKeys (ConfUtils.java:logGet(46)) - raft.server.log.segment.size.max = 1048576 (custom)
2022-10-08 01:35:02,058 [pool-958-thread-1] INFO  server.RaftServerConfigKeys (ConfUtils.java:logGet(46)) - raft.server.log.segment.cache.num.max = 2 (custom)
2022-10-08 01:35:02,058 [pool-958-thread-1] INFO  server.RaftServerConfigKeys (ConfUtils.java:logGet(46)) - raft.server.log.segment.cache.size.max = 200MB (=209715200) (default)
2022-10-08 01:35:02,058 [pool-958-thread-1] INFO  segmented.SegmentedRaftLogWorker (SegmentedRaftLogWorker.java:<init>(187)) - new 6b604ca2-684c-4b87-aad0-ccae04811294@group-D410D11D8285-SegmentedRaftLogWorker for RaftStorageImpl:Storage Directory /home/runner/work/ozone/ozone/hadoop-ozone/integration-test/target/test-dir/MiniOzoneClusterImpl-5d0d2deb-5324-41ce-86fc-5a78a6428163/datanode-2/data/ratis/b34614fc-b317-4bda-80e0-d410d11d8285
2022-10-08 01:35:02,058 [pool-958-thread-1] INFO  server.RaftServerConfigKeys (ConfUtils.java:logGet(46)) - raft.server.log.queue.byte-limit = 4294967296 (custom)
2022-10-08 01:35:02,058 [pool-958-thread-1] INFO  server.RaftServerConfigKeys (ConfUtils.java:logGet(46)) - raft.server.log.queue.element-limit = 1024 (custom)
2022-10-08 01:35:02,058 [pool-958-thread-1] INFO  server.RaftServerConfigKeys (ConfUtils.java:logGet(46)) - raft.server.log.segment.size.max = 1048576 (custom)
2022-10-08 01:35:02,058 [pool-958-thread-1] INFO  server.RaftServerConfigKeys (ConfUtils.java:logGet(46)) - raft.server.log.preallocated.size = 16384 (custom)
2022-10-08 01:35:02,058 [pool-958-thread-1] INFO  server.RaftServerConfigKeys (ConfUtils.java:logGet(46)) - raft.server.log.force.sync.num = 128 (default)
2022-10-08 01:35:02,058 [pool-958-thread-1] INFO  server.RaftServerConfigKeys (ConfUtils.java:logGet(46)) - raft.server.log.statemachine.data.sync = true (default)
2022-10-08 01:35:02,058 [pool-958-thread-1] INFO  server.RaftServerConfigKeys (ConfUtils.java:logGet(46)) - raft.server.log.statemachine.data.sync.timeout = 10s (default)
2022-10-08 01:35:02,058 [pool-958-thread-1] INFO  server.RaftServerConfigKeys (ConfUtils.java:logGet(46)) - raft.server.log.statemachine.data.sync.timeout.retry = -1 (default)
2022-10-08 01:35:02,081 [pool-958-thread-1] INFO  server.RaftServerConfigKeys (ConfUtils.java:logGet(46)) - raft.server.log.write.buffer.size = 1048576 (custom)
2022-10-08 01:35:02,081 [pool-958-thread-1] INFO  server.RaftServerConfigKeys (ConfUtils.java:logGet(46)) - raft.server.log.unsafe-flush.enabled = false (default)
2022-10-08 01:35:02,081 [pool-958-thread-1] INFO  server.RaftServerConfigKeys (ConfUtils.java:logGet(46)) - raft.server.log.statemachine.data.caching.enabled = true (custom)
2022-10-08 01:35:02,082 [pool-958-thread-1] INFO  segmented.SegmentedRaftLogWorker (SegmentedRaftLogWorker.java:lambda$new$0(135)) - 6b604ca2-684c-4b87-aad0-ccae04811294@group-D410D11D8285-SegmentedRaftLogWorker: flushIndex: setUnconditionally 0 -> -1
2022-10-08 01:35:02,082 [pool-958-thread-1] INFO  segmented.SegmentedRaftLogWorker (SegmentedRaftLogWorker.java:lambda$new$0(135)) - 6b604ca2-684c-4b87-aad0-ccae04811294@group-D410D11D8285-SegmentedRaftLogWorker: safeCacheEvictIndex: setUnconditionally 0 -> -1
2022-10-08 01:35:02,083 [EventQueue-PipelineReportForPipelineReportHandler] INFO  pipeline.PipelineManagerImpl (PipelineManagerImpl.java:openPipeline(367)) - Pipeline Pipeline[ Id: b34614fc-b317-4bda-80e0-d410d11d8285, Nodes: 6b604ca2-684c-4b87-aad0-ccae04811294{ip: 10.1.0.61, host: fv-az180-867.g3pwtgv4ffyuhaixmbmm0kyh3d.gx.internal.cloudapp.net, ports: [REPLICATION=44087, RATIS=39343, RATIS_ADMIN=39343, RATIS_SERVER=39343, STANDALONE=44019], networkLocation: /default-rack, certSerialId: null, persistedOpState: IN_SERVICE, persistedOpStateExpiryEpochSec: 0}, ReplicationConfig: RATIS/ONE, State:ALLOCATED, leaderId:6b604ca2-684c-4b87-aad0-ccae04811294, CreationTimestamp2022-10-08T01:34:59.032Z[Etc/UTC]] moved to OPEN state
2022-10-08 01:35:02,084 [EventQueue-OpenPipelineForHealthyPipelineSafeModeRule] INFO  safemode.SCMSafeModeManager (HealthyPipelineSafeModeRule.java:process(137)) - SCM in safe mode. Healthy pipelines reported count is 0, required healthy pipeline reported count is 1
2022-10-08 01:35:02,132 [ReplicationMonitor] INFO  replication.ReplicationManager (ReplicationManager.java:processAll(291)) - Replication Manager is not ready to run until 3000ms after safemode exit
2022-10-08 01:35:02,156 [pool-958-thread-1] INFO  server.RaftServerConfigKeys (ConfUtils.java:logGet(46)) - raft.server.snapshot.auto.trigger.enabled = true (custom)
2022-10-08 01:35:02,156 [pool-958-thread-1] INFO  server.RaftServerConfigKeys (ConfUtils.java:logGet(46)) - raft.server.snapshot.auto.trigger.threshold = 10000 (custom)
2022-10-08 01:35:02,156 [pool-958-thread-1] INFO  server.RaftServerConfigKeys (ConfUtils.java:logGet(46)) - raft.server.snapshot.retention.file.num = 5 (custom)
2022-10-08 01:35:02,156 [pool-958-thread-1] INFO  server.RaftServerConfigKeys (ConfUtils.java:logGet(46)) - raft.server.log.purge.upto.snapshot.index = false (default)
2022-10-08 01:35:02,156 [pool-958-thread-1] INFO  server.RaftServerConfigKeys (ConfUtils.java:logGet(46)) - raft.server.retrycache.expirytime = 600000ms (custom)
2022-10-08 01:35:02,156 [pool-958-thread-1] INFO  server.RaftServerConfigKeys (ConfUtils.java:logGet(46)) - raft.server.retrycache.statistics.expirytime = 100μs (default)
2022-10-08 01:35:02,158 [pool-958-thread-1] INFO  server.RaftServerConfigKeys (ConfUtils.java:logGet(46)) - raft.server.log.appender.install.snapshot.enabled = false (custom)
2022-10-08 01:35:02,158 [pool-958-thread-1] INFO  server.RaftServerConfigKeys (ConfUtils.java:logGet(46)) - raft.server.threadpool.server.cached = true (default)
2022-10-08 01:35:02,158 [pool-958-thread-1] INFO  server.RaftServerConfigKeys (ConfUtils.java:logGet(46)) - raft.server.threadpool.server.size = 0 (default)
2022-10-08 01:35:02,158 [pool-958-thread-1] INFO  server.RaftServerConfigKeys (ConfUtils.java:logGet(46)) - raft.server.threadpool.client.cached = true (default)
2022-10-08 01:35:02,158 [pool-958-thread-1] INFO  server.RaftServerConfigKeys (ConfUtils.java:logGet(46)) - raft.server.threadpool.client.size = 0 (default)
2022-10-08 01:35:02,158 [pool-958-thread-1] INFO  server.RaftServer$Division (RaftServerImpl.java:start(310)) - 6b604ca2-684c-4b87-aad0-ccae04811294@group-D410D11D8285: start as a follower, conf=-1: [6b604ca2-684c-4b87-aad0-ccae04811294|rpc:10.1.0.61:39343|priority:1], old=null
2022-10-08 01:35:02,158 [pool-958-thread-1] INFO  server.RaftServer$Division (RaftServerImpl.java:setRole(299)) - 6b604ca2-684c-4b87-aad0-ccae04811294@group-D410D11D8285: changes role from      null to FOLLOWER at term 0 for startAsFollower
2022-10-08 01:35:02,158 [pool-958-thread-1] INFO  impl.RoleInfo (RoleInfo.java:updateAndGet(139)) - 6b604ca2-684c-4b87-aad0-ccae04811294: start 6b604ca2-684c-4b87-aad0-ccae04811294@group-D410D11D8285-FollowerState
2022-10-08 01:35:02,159 [pool-958-thread-1] INFO  util.JmxRegister (JmxRegister.java:tryRegister(44)) - Successfully registered JMX Bean with object name Ratis:service=RaftServer,group=group-D410D11D8285,id=6b604ca2-684c-4b87-aad0-ccae04811294
2022-10-08 01:35:02,160 [Command processor thread] INFO  ratis.XceiverServerRatis (XceiverServerRatis.java:addGroup(765)) - Created group PipelineID=b34614fc-b317-4bda-80e0-d410d11d8285
2022-10-08 01:35:02,160 [Command processor thread] INFO  commandhandler.CreatePipelineCommandHandler (CreatePipelineCommandHandler.java:handle(113)) - Created Pipeline RATIS ONE PipelineID=b34614fc-b317-4bda-80e0-d410d11d8285.
2022-10-08 01:35:02,521 [Listener at 127.0.0.1/42695] INFO  ozone.MiniOzoneClusterImpl (MiniOzoneClusterImpl.java:lambda$waitForClusterToBeReady$0(216)) - Waiting for nodes to be ready. Got 4 of 5 DN Heartbeats.
2022-10-08 01:35:02,521 [Listener at 127.0.0.1/42695] INFO  ozone.MiniOzoneClusterImpl (MiniOzoneClusterImpl.java:lambda$waitForClusterToBeReady$0(219)) - Waiting for cluster to exit safe mode
2022-10-08 01:35:02,521 [Listener at 127.0.0.1/42695] INFO  ozone.MiniOzoneClusterImpl (MiniOzoneClusterImpl.java:lambda$waitForClusterToBeReady$0(221)) - SCM became leader
2022-10-08 01:35:03,136 [ReplicationMonitor] INFO  replication.ReplicationManager (ReplicationManager.java:processAll(291)) - Replication Manager is not ready to run until 3000ms after safemode exit
2022-10-08 01:35:03,521 [Listener at 127.0.0.1/42695] INFO  ozone.MiniOzoneClusterImpl (MiniOzoneClusterImpl.java:lambda$waitForClusterToBeReady$0(216)) - Waiting for nodes to be ready. Got 4 of 5 DN Heartbeats.
2022-10-08 01:35:03,521 [Listener at 127.0.0.1/42695] INFO  ozone.MiniOzoneClusterImpl (MiniOzoneClusterImpl.java:lambda$waitForClusterToBeReady$0(219)) - Waiting for cluster to exit safe mode
2022-10-08 01:35:03,521 [Listener at 127.0.0.1/42695] INFO  ozone.MiniOzoneClusterImpl (MiniOzoneClusterImpl.java:lambda$waitForClusterToBeReady$0(221)) - SCM became leader
2022-10-08 01:35:03,553 [IPC Server handler 3 on default port 40279] INFO  net.NetworkTopologyImpl (NetworkTopologyImpl.java:add(112)) - Added a new node: /default-rack/d67d85fb-f556-421f-824a-4b9f68a177f7
2022-10-08 01:35:03,553 [IPC Server handler 3 on default port 40279] INFO  node.SCMNodeManager (SCMNodeManager.java:register(397)) - Registered Data node : d67d85fb-f556-421f-824a-4b9f68a177f7{ip: 10.1.0.61, host: fv-az180-867.g3pwtgv4ffyuhaixmbmm0kyh3d.gx.internal.cloudapp.net, ports: [REPLICATION=35153, RATIS=46031, RATIS_ADMIN=46031, RATIS_SERVER=46031, STANDALONE=46823], networkLocation: /default-rack, certSerialId: null, persistedOpState: null, persistedOpStateExpiryEpochSec: 0}
2022-10-08 01:35:03,553 [EventQueue-NewNodeForNewNodeHandler] INFO  pipeline.BackgroundPipelineCreator (BackgroundPipelineCreator.java:notifyEventTriggered(276)) - trigger a one-shot run on RatisPipelineUtilsThread.
2022-10-08 01:35:03,580 [RatisPipelineUtilsThread - 0] INFO  pipeline.RatisPipelineProvider (RatisPipelineProvider.java:lambda$create$0(195)) - Sending CreatePipelineCommand for pipeline:PipelineID=cc2a3127-9bff-4d77-8dea-544b07ea4d89 to datanode:d67d85fb-f556-421f-824a-4b9f68a177f7
2022-10-08 01:35:03,580 [RatisPipelineUtilsThread - 0] INFO  pipeline.PipelineStateManagerImpl (PipelineStateManagerImpl.java:addPipeline(103)) - Created pipeline Pipeline[ Id: cc2a3127-9bff-4d77-8dea-544b07ea4d89, Nodes: d67d85fb-f556-421f-824a-4b9f68a177f7{ip: 10.1.0.61, host: fv-az180-867.g3pwtgv4ffyuhaixmbmm0kyh3d.gx.internal.cloudapp.net, ports: [REPLICATION=35153, RATIS=46031, RATIS_ADMIN=46031, RATIS_SERVER=46031, STANDALONE=46823], networkLocation: /default-rack, certSerialId: null, persistedOpState: IN_SERVICE, persistedOpStateExpiryEpochSec: 0}, ReplicationConfig: RATIS/ONE, State:ALLOCATED, leaderId:, CreationTimestamp2022-10-08T01:35:03.580Z[Etc/UTC]].
2022-10-08 01:35:04,023 [0f1ac1f5-5b02-4bf5-a39e-40addf081f4e@group-DD873DC08AEA-FollowerState] INFO  impl.FollowerState (FollowerState.java:run(143)) - 0f1ac1f5-5b02-4bf5-a39e-40addf081f4e@group-DD873DC08AEA-FollowerState: change to CANDIDATE, lastRpcElapsedTime:5026468306ns, electionTimeout:5011ms
2022-10-08 01:35:04,023 [0f1ac1f5-5b02-4bf5-a39e-40addf081f4e@group-DD873DC08AEA-FollowerState] INFO  impl.RoleInfo (RoleInfo.java:shutdownFollowerState(110)) - 0f1ac1f5-5b02-4bf5-a39e-40addf081f4e: shutdown 0f1ac1f5-5b02-4bf5-a39e-40addf081f4e@group-DD873DC08AEA-FollowerState
2022-10-08 01:35:04,023 [0f1ac1f5-5b02-4bf5-a39e-40addf081f4e@group-DD873DC08AEA-FollowerState] INFO  server.RaftServer$Division (RaftServerImpl.java:setRole(299)) - 0f1ac1f5-5b02-4bf5-a39e-40addf081f4e@group-DD873DC08AEA: changes role from  FOLLOWER to CANDIDATE at term 0 for changeToCandidate
2022-10-08 01:35:04,023 [0f1ac1f5-5b02-4bf5-a39e-40addf081f4e@group-DD873DC08AEA-FollowerState] INFO  server.RaftServerConfigKeys (ConfUtils.java:logGet(46)) - raft.server.leaderelection.pre-vote = false (custom)
2022-10-08 01:35:04,023 [0f1ac1f5-5b02-4bf5-a39e-40addf081f4e@group-DD873DC08AEA-FollowerState] INFO  impl.RoleInfo (RoleInfo.java:updateAndGet(139)) - 0f1ac1f5-5b02-4bf5-a39e-40addf081f4e: start 0f1ac1f5-5b02-4bf5-a39e-40addf081f4e@group-DD873DC08AEA-LeaderElection27
2022-10-08 01:35:04,120 [0f1ac1f5-5b02-4bf5-a39e-40addf081f4e@group-DD873DC08AEA-LeaderElection27] INFO  impl.LeaderElection (LeaderElection.java:askForVotes(310)) - 0f1ac1f5-5b02-4bf5-a39e-40addf081f4e@group-DD873DC08AEA-LeaderElection27 ELECTION round 0: submit vote requests at term 1 for -1: [0f1ac1f5-5b02-4bf5-a39e-40addf081f4e|rpc:10.1.0.61:42591|priority:1], old=null
2022-10-08 01:35:04,120 [0f1ac1f5-5b02-4bf5-a39e-40addf081f4e@group-DD873DC08AEA-LeaderElection27] INFO  impl.LeaderElection (LeaderElection.java:askForVotes(312)) - 0f1ac1f5-5b02-4bf5-a39e-40addf081f4e@group-DD873DC08AEA-LeaderElection27 ELECTION round 0: result PASSED (term=1)
2022-10-08 01:35:04,120 [0f1ac1f5-5b02-4bf5-a39e-40addf081f4e@group-DD873DC08AEA-LeaderElection27] INFO  impl.RoleInfo (RoleInfo.java:shutdownLeaderElection(130)) - 0f1ac1f5-5b02-4bf5-a39e-40addf081f4e: shutdown 0f1ac1f5-5b02-4bf5-a39e-40addf081f4e@group-DD873DC08AEA-LeaderElection27
2022-10-08 01:35:04,120 [0f1ac1f5-5b02-4bf5-a39e-40addf081f4e@group-DD873DC08AEA-LeaderElection27] INFO  server.RaftServer$Division (RaftServerImpl.java:setRole(299)) - 0f1ac1f5-5b02-4bf5-a39e-40addf081f4e@group-DD873DC08AEA: changes role from CANDIDATE to LEADER at term 1 for changeToLeader
2022-10-08 01:35:04,120 [0f1ac1f5-5b02-4bf5-a39e-40addf081f4e@group-DD873DC08AEA-LeaderElection27] INFO  ratis.XceiverServerRatis (XceiverServerRatis.java:handleLeaderChangedNotification(863)) - Leader change notification received for group: group-DD873DC08AEA with new leaderId: 0f1ac1f5-5b02-4bf5-a39e-40addf081f4e
2022-10-08 01:35:04,120 [0f1ac1f5-5b02-4bf5-a39e-40addf081f4e@group-DD873DC08AEA-LeaderElection27] INFO  server.RaftServer$Division (ServerState.java:setLeader(287)) - 0f1ac1f5-5b02-4bf5-a39e-40addf081f4e@group-DD873DC08AEA: change Leader from null to 0f1ac1f5-5b02-4bf5-a39e-40addf081f4e at term 1 for becomeLeader, leader elected after 5227ms
2022-10-08 01:35:04,120 [0f1ac1f5-5b02-4bf5-a39e-40addf081f4e@group-DD873DC08AEA-LeaderElection27] INFO  server.RaftServerConfigKeys (ConfUtils.java:logGet(46)) - raft.server.staging.catchup.gap = 1000 (default)
2022-10-08 01:35:04,120 [0f1ac1f5-5b02-4bf5-a39e-40addf081f4e@group-DD873DC08AEA-LeaderElection27] INFO  server.RaftServerConfigKeys (ConfUtils.java:logGet(46)) - raft.server.write.element-limit = 1024 (custom)
2022-10-08 01:35:04,120 [0f1ac1f5-5b02-4bf5-a39e-40addf081f4e@group-DD873DC08AEA-LeaderElection27] INFO  server.RaftServerConfigKeys (ConfUtils.java:logGet(46)) - raft.server.write.byte-limit = 1024 M (=1073741824) (custom)
2022-10-08 01:35:04,121 [0f1ac1f5-5b02-4bf5-a39e-40addf081f4e@group-DD873DC08AEA-LeaderElection27] INFO  server.RaftServerConfigKeys (ConfUtils.java:logGet(46)) - raft.server.watch.timeout = 180s (custom)
2022-10-08 01:35:04,121 [0f1ac1f5-5b02-4bf5-a39e-40addf081f4e@group-DD873DC08AEA-LeaderElection27] INFO  server.RaftServerConfigKeys (ConfUtils.java:logGet(46)) - raft.server.watch.timeout.denomination = 1s (default)
2022-10-08 01:35:04,121 [0f1ac1f5-5b02-4bf5-a39e-40addf081f4e@group-DD873DC08AEA-LeaderElection27] INFO  server.RaftServerConfigKeys (ConfUtils.java:logGet(46)) - raft.server.watch.element-limit = 65536 (default)
2022-10-08 01:35:04,121 [0f1ac1f5-5b02-4bf5-a39e-40addf081f4e@group-DD873DC08AEA-LeaderElection27] INFO  server.RaftServerConfigKeys (ConfUtils.java:logGet(46)) - raft.server.write.element-limit = 1024 (custom)
2022-10-08 01:35:04,121 [0f1ac1f5-5b02-4bf5-a39e-40addf081f4e@group-DD873DC08AEA-LeaderElection27] INFO  server.RaftServerConfigKeys (ConfUtils.java:logGet(46)) - raft.server.write.follower.gap.ratio.max = -1.0 (default)
2022-10-08 01:35:04,121 [0f1ac1f5-5b02-4bf5-a39e-40addf081f4e@group-DD873DC08AEA-LeaderElection27] INFO  impl.RoleInfo (RoleInfo.java:updateAndGet(139)) - 0f1ac1f5-5b02-4bf5-a39e-40addf081f4e: start 0f1ac1f5-5b02-4bf5-a39e-40addf081f4e@group-DD873DC08AEA-LeaderStateImpl
2022-10-08 01:35:04,121 [0f1ac1f5-5b02-4bf5-a39e-40addf081f4e@group-DD873DC08AEA-LeaderElection27] INFO  segmented.SegmentedRaftLogWorker (SegmentedRaftLogWorker.java:startLogSegment(425)) - 0f1ac1f5-5b02-4bf5-a39e-40addf081f4e@group-DD873DC08AEA-SegmentedRaftLogWorker: Starting segment from index:0
2022-10-08 01:35:04,122 [EventQueue-OpenPipelineForHealthyPipelineSafeModeRule] INFO  safemode.SCMSafeModeManager (HealthyPipelineSafeModeRule.java:process(137)) - SCM in safe mode. Healthy pipelines reported count is 0, required healthy pipeline reported count is 1
2022-10-08 01:35:04,128 [0f1ac1f5-5b02-4bf5-a39e-40addf081f4e@group-DD873DC08AEA-SegmentedRaftLogWorker] INFO  segmented.SegmentedRaftLogWorker (SegmentedRaftLogWorker.java:execute(629)) - 0f1ac1f5-5b02-4bf5-a39e-40addf081f4e@group-DD873DC08AEA-SegmentedRaftLogWorker: created new log segment /home/runner/work/ozone/ozone/hadoop-ozone/integration-test/target/test-dir/MiniOzoneClusterImpl-5d0d2deb-5324-41ce-86fc-5a78a6428163/datanode-0/data/ratis/b680d0a1-a548-49d8-8f4e-dd873dc08aea/current/log_inprogress_0
2022-10-08 01:35:04,136 [ReplicationMonitor] INFO  replication.ReplicationManager (ReplicationManager.java:processAll(291)) - Replication Manager is not ready to run until 3000ms after safemode exit
2022-10-08 01:35:04,208 [0f1ac1f5-5b02-4bf5-a39e-40addf081f4e@group-DD873DC08AEA-LeaderElection27] INFO  server.RaftServer$Division (ServerState.java:setRaftConf(393)) - 0f1ac1f5-5b02-4bf5-a39e-40addf081f4e@group-DD873DC08AEA: set configuration 0: [0f1ac1f5-5b02-4bf5-a39e-40addf081f4e|rpc:10.1.0.61:42591|dataStream:|priority:1], old=null
2022-10-08 01:35:04,364 [Command processor thread] INFO  server.RaftServer (RaftServerProxy.java:addNew(96)) - 0f3c4d66-37ce-46af-a3a8-7219c161bdb8: addNew group-2719600CAB4F:[0f3c4d66-37ce-46af-a3a8-7219c161bdb8|rpc:10.1.0.61:46327|priority:1] returns group-2719600CAB4F:java.util.concurrent.CompletableFuture@46f418fc[Not completed]
2022-10-08 01:35:04,404 [pool-985-thread-1] INFO  server.RaftServer$Division (RaftServerImpl.java:<init>(190)) - 0f3c4d66-37ce-46af-a3a8-7219c161bdb8: new RaftServerImpl for group-2719600CAB4F:[0f3c4d66-37ce-46af-a3a8-7219c161bdb8|rpc:10.1.0.61:46327|priority:1] with ContainerStateMachine:uninitialized
2022-10-08 01:35:04,404 [pool-985-thread-1] INFO  server.RaftServerConfigKeys (ConfUtils.java:logGet(46)) - raft.server.rpc.timeout.min = 5s (custom)
2022-10-08 01:35:04,404 [pool-985-thread-1] INFO  server.RaftServerConfigKeys (ConfUtils.java:logGet(46)) - raft.server.rpc.timeout.max = 5200ms (custom)
2022-10-08 01:35:04,404 [pool-985-thread-1] INFO  server.RaftServerConfigKeys (ConfUtils.java:logGet(46)) - raft.server.rpc.sleep.time = 25ms (default)
2022-10-08 01:35:04,404 [pool-985-thread-1] INFO  server.RaftServerConfigKeys (ConfUtils.java:logGet(46)) - raft.server.rpc.slowness.timeout = 300s (custom)
2022-10-08 01:35:04,404 [pool-985-thread-1] INFO  server.RaftServerConfigKeys (ConfUtils.java:logGet(46)) - raft.server.leaderelection.leader.step-down.wait-time = 10s (default)
2022-10-08 01:35:04,404 [pool-985-thread-1] INFO  server.RaftServerConfigKeys (ConfUtils.java:logGet(46)) - raft.server.sleep.deviation.threshold = 300ms (default)
2022-10-08 01:35:04,405 [pool-985-thread-1] INFO  server.RaftServer$Division (ServerState.java:<init>(107)) - 0f3c4d66-37ce-46af-a3a8-7219c161bdb8@group-2719600CAB4F: ConfigurationManager, init=-1: [0f3c4d66-37ce-46af-a3a8-7219c161bdb8|rpc:10.1.0.61:46327|priority:1], old=null, confs=<EMPTY_MAP>
2022-10-08 01:35:04,405 [pool-985-thread-1] INFO  server.RaftServerConfigKeys (ConfUtils.java:logGet(46)) - raft.server.storage.dir = [/home/runner/work/ozone/ozone/hadoop-ozone/integration-test/target/test-dir/MiniOzoneClusterImpl-5d0d2deb-5324-41ce-86fc-5a78a6428163/datanode-3/data/ratis] (custom)
2022-10-08 01:35:04,405 [pool-985-thread-1] INFO  server.RaftServerConfigKeys (ConfUtils.java:logGet(46)) - raft.server.log.corruption.policy = EXCEPTION (default)
2022-10-08 01:35:04,406 [pool-985-thread-1] INFO  server.RaftServerConfigKeys (ConfUtils.java:logGet(46)) - raft.server.storage.free-space.min = 0MB (=0) (default)
2022-10-08 01:35:04,406 [pool-985-thread-1] INFO  storage.RaftStorageDirectory (RaftStorageDirectoryImpl.java:analyzeStorage(135)) - The storage directory /home/runner/work/ozone/ozone/hadoop-ozone/integration-test/target/test-dir/MiniOzoneClusterImpl-5d0d2deb-5324-41ce-86fc-5a78a6428163/datanode-3/data/ratis/85dbd495-780c-479f-9733-2719600cab4f does not exist. Creating ...
2022-10-08 01:35:04,428 [pool-985-thread-1] INFO  storage.RaftStorageDirectory (RaftStorageDirectoryImpl.java:tryLock(230)) - Lock on /home/runner/work/ozone/ozone/hadoop-ozone/integration-test/target/test-dir/MiniOzoneClusterImpl-5d0d2deb-5324-41ce-86fc-5a78a6428163/datanode-3/data/ratis/85dbd495-780c-479f-9733-2719600cab4f/in_use.lock acquired by nodename 52807@fv-az180-867
2022-10-08 01:35:04,439 [pool-985-thread-1] INFO  storage.RaftStorage (RaftStorageImpl.java:format(89)) - Storage directory /home/runner/work/ozone/ozone/hadoop-ozone/integration-test/target/test-dir/MiniOzoneClusterImpl-5d0d2deb-5324-41ce-86fc-5a78a6428163/datanode-3/data/ratis/85dbd495-780c-479f-9733-2719600cab4f has been successfully formatted.
2022-10-08 01:35:04,468 [pool-985-thread-1] INFO  ratis.ContainerStateMachine (ContainerStateMachine.java:loadSnapshot(236)) - group-2719600CAB4F: The snapshot info is null. Setting the last applied indexto:(t:0, i:~)
2022-10-08 01:35:04,468 [pool-985-thread-1] INFO  server.RaftServerConfigKeys (ConfUtils.java:logGet(46)) - raft.server.notification.no-leader.timeout = 300s (custom)
2022-10-08 01:35:04,468 [pool-985-thread-1] INFO  server.RaftServerConfigKeys (ConfUtils.java:logGet(46)) - raft.server.log.use.memory = false (default)
2022-10-08 01:35:04,468 [pool-985-thread-1] INFO  server.RaftServerConfigKeys (ConfUtils.java:logGet(46)) - raft.server.log.purge.gap = 1000000 (custom)
2022-10-08 01:35:04,468 [pool-985-thread-1] INFO  server.RaftServerConfigKeys (ConfUtils.java:logGet(46)) - raft.server.log.appender.buffer.byte-limit = 33554432 (custom)
2022-10-08 01:35:04,468 [pool-985-thread-1] INFO  server.RaftServerConfigKeys (ConfUtils.java:logGet(46)) - raft.server.log.statemachine.data.read.timeout = 1000ms (default)
2022-10-08 01:35:04,468 [pool-985-thread-1] INFO  server.RaftServerConfigKeys (ConfUtils.java:logGet(46)) - raft.server.log.segment.size.max = 1048576 (custom)
2022-10-08 01:35:04,469 [pool-985-thread-1] INFO  server.RaftServerConfigKeys (ConfUtils.java:logGet(46)) - raft.server.log.segment.cache.num.max = 2 (custom)
2022-10-08 01:35:04,469 [pool-985-thread-1] INFO  server.RaftServerConfigKeys (ConfUtils.java:logGet(46)) - raft.server.log.segment.cache.size.max = 200MB (=209715200) (default)
2022-10-08 01:35:04,469 [pool-985-thread-1] INFO  segmented.SegmentedRaftLogWorker (SegmentedRaftLogWorker.java:<init>(187)) - new 0f3c4d66-37ce-46af-a3a8-7219c161bdb8@group-2719600CAB4F-SegmentedRaftLogWorker for RaftStorageImpl:Storage Directory /home/runner/work/ozone/ozone/hadoop-ozone/integration-test/target/test-dir/MiniOzoneClusterImpl-5d0d2deb-5324-41ce-86fc-5a78a6428163/datanode-3/data/ratis/85dbd495-780c-479f-9733-2719600cab4f
2022-10-08 01:35:04,469 [pool-985-thread-1] INFO  server.RaftServerConfigKeys (ConfUtils.java:logGet(46)) - raft.server.log.queue.byte-limit = 4294967296 (custom)
2022-10-08 01:35:04,469 [pool-985-thread-1] INFO  server.RaftServerConfigKeys (ConfUtils.java:logGet(46)) - raft.server.log.queue.element-limit = 1024 (custom)
2022-10-08 01:35:04,469 [pool-985-thread-1] INFO  server.RaftServerConfigKeys (ConfUtils.java:logGet(46)) - raft.server.log.segment.size.max = 1048576 (custom)
2022-10-08 01:35:04,469 [pool-985-thread-1] INFO  server.RaftServerConfigKeys (ConfUtils.java:logGet(46)) - raft.server.log.preallocated.size = 16384 (custom)
2022-10-08 01:35:04,469 [pool-985-thread-1] INFO  server.RaftServerConfigKeys (ConfUtils.java:logGet(46)) - raft.server.log.force.sync.num = 128 (default)
2022-10-08 01:35:04,469 [pool-985-thread-1] INFO  server.RaftServerConfigKeys (ConfUtils.java:logGet(46)) - raft.server.log.statemachine.data.sync = true (default)
2022-10-08 01:35:04,469 [pool-985-thread-1] INFO  server.RaftServerConfigKeys (ConfUtils.java:logGet(46)) - raft.server.log.statemachine.data.sync.timeout = 10s (default)
2022-10-08 01:35:04,469 [pool-985-thread-1] INFO  server.RaftServerConfigKeys (ConfUtils.java:logGet(46)) - raft.server.log.statemachine.data.sync.timeout.retry = -1 (default)
2022-10-08 01:35:04,470 [pool-985-thread-1] INFO  server.RaftServerConfigKeys (ConfUtils.java:logGet(46)) - raft.server.log.write.buffer.size = 1048576 (custom)
2022-10-08 01:35:04,471 [pool-985-thread-1] INFO  server.RaftServerConfigKeys (ConfUtils.java:logGet(46)) - raft.server.log.unsafe-flush.enabled = false (default)
2022-10-08 01:35:04,471 [pool-985-thread-1] INFO  server.RaftServerConfigKeys (ConfUtils.java:logGet(46)) - raft.server.log.statemachine.data.caching.enabled = true (custom)
2022-10-08 01:35:04,471 [pool-985-thread-1] INFO  segmented.SegmentedRaftLogWorker (SegmentedRaftLogWorker.java:lambda$new$0(135)) - 0f3c4d66-37ce-46af-a3a8-7219c161bdb8@group-2719600CAB4F-SegmentedRaftLogWorker: flushIndex: setUnconditionally 0 -> -1
2022-10-08 01:35:04,471 [pool-985-thread-1] INFO  segmented.SegmentedRaftLogWorker (SegmentedRaftLogWorker.java:lambda$new$0(135)) - 0f3c4d66-37ce-46af-a3a8-7219c161bdb8@group-2719600CAB4F-SegmentedRaftLogWorker: safeCacheEvictIndex: setUnconditionally 0 -> -1
2022-10-08 01:35:04,472 [EventQueue-PipelineReportForPipelineReportHandler] INFO  pipeline.PipelineManagerImpl (PipelineManagerImpl.java:openPipeline(367)) - Pipeline Pipeline[ Id: 85dbd495-780c-479f-9733-2719600cab4f, Nodes: 0f3c4d66-37ce-46af-a3a8-7219c161bdb8{ip: 10.1.0.61, host: fv-az180-867.g3pwtgv4ffyuhaixmbmm0kyh3d.gx.internal.cloudapp.net, ports: [REPLICATION=38951, RATIS=46327, RATIS_ADMIN=46327, RATIS_SERVER=46327, STANDALONE=35039], networkLocation: /default-rack, certSerialId: null, persistedOpState: IN_SERVICE, persistedOpStateExpiryEpochSec: 0}, ReplicationConfig: RATIS/ONE, State:ALLOCATED, leaderId:0f3c4d66-37ce-46af-a3a8-7219c161bdb8, CreationTimestamp2022-10-08T01:35:01.380Z[Etc/UTC]] moved to OPEN state
2022-10-08 01:35:04,472 [EventQueue-OpenPipelineForHealthyPipelineSafeModeRule] INFO  safemode.SCMSafeModeManager (HealthyPipelineSafeModeRule.java:process(137)) - SCM in safe mode. Healthy pipelines reported count is 0, required healthy pipeline reported count is 1
2022-10-08 01:35:04,521 [Listener at 127.0.0.1/42695] INFO  ozone.MiniOzoneClusterImpl (MiniOzoneClusterImpl.java:lambda$waitForClusterToBeReady$0(216)) - Nodes are ready. Got 5 of 5 DN Heartbeats.
2022-10-08 01:35:04,522 [Listener at 127.0.0.1/42695] INFO  ozone.MiniOzoneClusterImpl (MiniOzoneClusterImpl.java:lambda$waitForClusterToBeReady$0(219)) - Waiting for cluster to exit safe mode
2022-10-08 01:35:04,522 [Listener at 127.0.0.1/42695] INFO  ozone.MiniOzoneClusterImpl (MiniOzoneClusterImpl.java:lambda$waitForClusterToBeReady$0(221)) - SCM became leader
2022-10-08 01:35:04,521 [pool-985-thread-1] INFO  server.RaftServerConfigKeys (ConfUtils.java:logGet(46)) - raft.server.snapshot.auto.trigger.enabled = true (custom)
2022-10-08 01:35:04,522 [pool-985-thread-1] INFO  server.RaftServerConfigKeys (ConfUtils.java:logGet(46)) - raft.server.snapshot.auto.trigger.threshold = 10000 (custom)
2022-10-08 01:35:04,522 [pool-985-thread-1] INFO  server.RaftServerConfigKeys (ConfUtils.java:logGet(46)) - raft.server.snapshot.retention.file.num = 5 (custom)
2022-10-08 01:35:04,522 [pool-985-thread-1] INFO  server.RaftServerConfigKeys (ConfUtils.java:logGet(46)) - raft.server.log.purge.upto.snapshot.index = false (default)
2022-10-08 01:35:04,522 [pool-985-thread-1] INFO  server.RaftServerConfigKeys (ConfUtils.java:logGet(46)) - raft.server.retrycache.expirytime = 600000ms (custom)
2022-10-08 01:35:04,522 [pool-985-thread-1] INFO  server.RaftServerConfigKeys (ConfUtils.java:logGet(46)) - raft.server.retrycache.statistics.expirytime = 100μs (default)
2022-10-08 01:35:04,524 [pool-985-thread-1] INFO  server.RaftServerConfigKeys (ConfUtils.java:logGet(46)) - raft.server.log.appender.install.snapshot.enabled = false (custom)
2022-10-08 01:35:04,524 [pool-985-thread-1] INFO  server.RaftServerConfigKeys (ConfUtils.java:logGet(46)) - raft.server.threadpool.server.cached = true (default)
2022-10-08 01:35:04,524 [pool-985-thread-1] INFO  server.RaftServerConfigKeys (ConfUtils.java:logGet(46)) - raft.server.threadpool.server.size = 0 (default)
2022-10-08 01:35:04,524 [pool-985-thread-1] INFO  server.RaftServerConfigKeys (ConfUtils.java:logGet(46)) - raft.server.threadpool.client.cached = true (default)
2022-10-08 01:35:04,524 [pool-985-thread-1] INFO  server.RaftServerConfigKeys (ConfUtils.java:logGet(46)) - raft.server.threadpool.client.size = 0 (default)
2022-10-08 01:35:04,524 [pool-985-thread-1] INFO  server.RaftServer$Division (RaftServerImpl.java:start(310)) - 0f3c4d66-37ce-46af-a3a8-7219c161bdb8@group-2719600CAB4F: start as a follower, conf=-1: [0f3c4d66-37ce-46af-a3a8-7219c161bdb8|rpc:10.1.0.61:46327|priority:1], old=null
2022-10-08 01:35:04,524 [pool-985-thread-1] INFO  server.RaftServer$Division (RaftServerImpl.java:setRole(299)) - 0f3c4d66-37ce-46af-a3a8-7219c161bdb8@group-2719600CAB4F: changes role from      null to FOLLOWER at term 0 for startAsFollower
2022-10-08 01:35:04,524 [pool-985-thread-1] INFO  impl.RoleInfo (RoleInfo.java:updateAndGet(139)) - 0f3c4d66-37ce-46af-a3a8-7219c161bdb8: start 0f3c4d66-37ce-46af-a3a8-7219c161bdb8@group-2719600CAB4F-FollowerState
2022-10-08 01:35:04,528 [pool-985-thread-1] INFO  util.JmxRegister (JmxRegister.java:tryRegister(44)) - Successfully registered JMX Bean with object name Ratis:service=RaftServer,group=group-2719600CAB4F,id=0f3c4d66-37ce-46af-a3a8-7219c161bdb8
2022-10-08 01:35:04,540 [Command processor thread] INFO  ratis.XceiverServerRatis (XceiverServerRatis.java:addGroup(765)) - Created group PipelineID=85dbd495-780c-479f-9733-2719600cab4f
2022-10-08 01:35:04,540 [Command processor thread] INFO  commandhandler.CreatePipelineCommandHandler (CreatePipelineCommandHandler.java:handle(113)) - Created Pipeline RATIS ONE PipelineID=85dbd495-780c-479f-9733-2719600cab4f.
2022-10-08 01:35:05,136 [ReplicationMonitor] INFO  replication.ReplicationManager (ReplicationManager.java:processAll(291)) - Replication Manager is not ready to run until 3000ms after safemode exit
2022-10-08 01:35:05,522 [Listener at 127.0.0.1/42695] INFO  ozone.MiniOzoneClusterImpl (MiniOzoneClusterImpl.java:lambda$waitForClusterToBeReady$0(216)) - Nodes are ready. Got 5 of 5 DN Heartbeats.
2022-10-08 01:35:05,522 [Listener at 127.0.0.1/42695] INFO  ozone.MiniOzoneClusterImpl (MiniOzoneClusterImpl.java:lambda$waitForClusterToBeReady$0(219)) - Waiting for cluster to exit safe mode
2022-10-08 01:35:05,522 [Listener at 127.0.0.1/42695] INFO  ozone.MiniOzoneClusterImpl (MiniOzoneClusterImpl.java:lambda$waitForClusterToBeReady$0(221)) - SCM became leader
2022-10-08 01:35:05,720 [932d31bf-cf15-45e6-97a3-7289ed74fac5@group-08814DF4F4AF-FollowerState] INFO  impl.FollowerState (FollowerState.java:run(143)) - 932d31bf-cf15-45e6-97a3-7289ed74fac5@group-08814DF4F4AF-FollowerState: change to CANDIDATE, lastRpcElapsedTime:5189958904ns, electionTimeout:5179ms
2022-10-08 01:35:05,720 [932d31bf-cf15-45e6-97a3-7289ed74fac5@group-08814DF4F4AF-FollowerState] INFO  impl.RoleInfo (RoleInfo.java:shutdownFollowerState(110)) - 932d31bf-cf15-45e6-97a3-7289ed74fac5: shutdown 932d31bf-cf15-45e6-97a3-7289ed74fac5@group-08814DF4F4AF-FollowerState
2022-10-08 01:35:05,720 [932d31bf-cf15-45e6-97a3-7289ed74fac5@group-08814DF4F4AF-FollowerState] INFO  server.RaftServer$Division (RaftServerImpl.java:setRole(299)) - 932d31bf-cf15-45e6-97a3-7289ed74fac5@group-08814DF4F4AF: changes role from  FOLLOWER to CANDIDATE at term 0 for changeToCandidate
2022-10-08 01:35:05,720 [932d31bf-cf15-45e6-97a3-7289ed74fac5@group-08814DF4F4AF-FollowerState] INFO  server.RaftServerConfigKeys (ConfUtils.java:logGet(46)) - raft.server.leaderelection.pre-vote = false (custom)
2022-10-08 01:35:05,720 [932d31bf-cf15-45e6-97a3-7289ed74fac5@group-08814DF4F4AF-FollowerState] INFO  impl.RoleInfo (RoleInfo.java:updateAndGet(139)) - 932d31bf-cf15-45e6-97a3-7289ed74fac5: start 932d31bf-cf15-45e6-97a3-7289ed74fac5@group-08814DF4F4AF-LeaderElection28
2022-10-08 01:35:05,735 [932d31bf-cf15-45e6-97a3-7289ed74fac5@group-28097638D086-FollowerState] INFO  impl.FollowerState (FollowerState.java:run(143)) - 932d31bf-cf15-45e6-97a3-7289ed74fac5@group-28097638D086-FollowerState: change to CANDIDATE, lastRpcElapsedTime:5082055507ns, electionTimeout:5042ms
2022-10-08 01:35:05,735 [932d31bf-cf15-45e6-97a3-7289ed74fac5@group-28097638D086-FollowerState] INFO  impl.RoleInfo (RoleInfo.java:shutdownFollowerState(110)) - 932d31bf-cf15-45e6-97a3-7289ed74fac5: shutdown 932d31bf-cf15-45e6-97a3-7289ed74fac5@group-28097638D086-FollowerState
2022-10-08 01:35:05,735 [932d31bf-cf15-45e6-97a3-7289ed74fac5@group-28097638D086-FollowerState] INFO  server.RaftServer$Division (RaftServerImpl.java:setRole(299)) - 932d31bf-cf15-45e6-97a3-7289ed74fac5@group-28097638D086: changes role from  FOLLOWER to CANDIDATE at term 0 for changeToCandidate
2022-10-08 01:35:05,735 [932d31bf-cf15-45e6-97a3-7289ed74fac5@group-28097638D086-FollowerState] INFO  server.RaftServerConfigKeys (ConfUtils.java:logGet(46)) - raft.server.leaderelection.pre-vote = false (custom)
2022-10-08 01:35:05,735 [932d31bf-cf15-45e6-97a3-7289ed74fac5@group-28097638D086-FollowerState] INFO  impl.RoleInfo (RoleInfo.java:updateAndGet(139)) - 932d31bf-cf15-45e6-97a3-7289ed74fac5: start 932d31bf-cf15-45e6-97a3-7289ed74fac5@group-28097638D086-LeaderElection29
2022-10-08 01:35:05,792 [932d31bf-cf15-45e6-97a3-7289ed74fac5@group-08814DF4F4AF-LeaderElection28] INFO  impl.LeaderElection (LeaderElection.java:askForVotes(310)) - 932d31bf-cf15-45e6-97a3-7289ed74fac5@group-08814DF4F4AF-LeaderElection28 ELECTION round 0: submit vote requests at term 1 for -1: [932d31bf-cf15-45e6-97a3-7289ed74fac5|rpc:10.1.0.61:46727|priority:1], old=null
2022-10-08 01:35:05,792 [932d31bf-cf15-45e6-97a3-7289ed74fac5@group-08814DF4F4AF-LeaderElection28] INFO  impl.LeaderElection (LeaderElection.java:askForVotes(312)) - 932d31bf-cf15-45e6-97a3-7289ed74fac5@group-08814DF4F4AF-LeaderElection28 ELECTION round 0: result PASSED (term=1)
2022-10-08 01:35:05,792 [932d31bf-cf15-45e6-97a3-7289ed74fac5@group-08814DF4F4AF-LeaderElection28] INFO  impl.RoleInfo (RoleInfo.java:shutdownLeaderElection(130)) - 932d31bf-cf15-45e6-97a3-7289ed74fac5: shutdown 932d31bf-cf15-45e6-97a3-7289ed74fac5@group-08814DF4F4AF-LeaderElection28
2022-10-08 01:35:05,792 [932d31bf-cf15-45e6-97a3-7289ed74fac5@group-08814DF4F4AF-LeaderElection28] INFO  server.RaftServer$Division (RaftServerImpl.java:setRole(299)) - 932d31bf-cf15-45e6-97a3-7289ed74fac5@group-08814DF4F4AF: changes role from CANDIDATE to LEADER at term 1 for changeToLeader
2022-10-08 01:35:05,792 [932d31bf-cf15-45e6-97a3-7289ed74fac5@group-08814DF4F4AF-LeaderElection28] INFO  ratis.XceiverServerRatis (XceiverServerRatis.java:handleLeaderChangedNotification(863)) - Leader change notification received for group: group-08814DF4F4AF with new leaderId: 932d31bf-cf15-45e6-97a3-7289ed74fac5
2022-10-08 01:35:05,792 [932d31bf-cf15-45e6-97a3-7289ed74fac5@group-08814DF4F4AF-LeaderElection28] INFO  server.RaftServer$Division (ServerState.java:setLeader(287)) - 932d31bf-cf15-45e6-97a3-7289ed74fac5@group-08814DF4F4AF: change Leader from null to 932d31bf-cf15-45e6-97a3-7289ed74fac5 at term 1 for becomeLeader, leader elected after 5281ms
2022-10-08 01:35:05,792 [932d31bf-cf15-45e6-97a3-7289ed74fac5@group-08814DF4F4AF-LeaderElection28] INFO  server.RaftServerConfigKeys (ConfUtils.java:logGet(46)) - raft.server.staging.catchup.gap = 1000 (default)
2022-10-08 01:35:05,793 [932d31bf-cf15-45e6-97a3-7289ed74fac5@group-08814DF4F4AF-LeaderElection28] INFO  server.RaftServerConfigKeys (ConfUtils.java:logGet(46)) - raft.server.write.element-limit = 1024 (custom)
2022-10-08 01:35:05,793 [932d31bf-cf15-45e6-97a3-7289ed74fac5@group-08814DF4F4AF-LeaderElection28] INFO  server.RaftServerConfigKeys (ConfUtils.java:logGet(46)) - raft.server.write.byte-limit = 1024 M (=1073741824) (custom)
2022-10-08 01:35:05,793 [932d31bf-cf15-45e6-97a3-7289ed74fac5@group-08814DF4F4AF-LeaderElection28] INFO  server.RaftServerConfigKeys (ConfUtils.java:logGet(46)) - raft.server.watch.timeout = 180s (custom)
2022-10-08 01:35:05,793 [932d31bf-cf15-45e6-97a3-7289ed74fac5@group-08814DF4F4AF-LeaderElection28] INFO  server.RaftServerConfigKeys (ConfUtils.java:logGet(46)) - raft.server.watch.timeout.denomination = 1s (default)
2022-10-08 01:35:05,793 [932d31bf-cf15-45e6-97a3-7289ed74fac5@group-08814DF4F4AF-LeaderElection28] INFO  server.RaftServerConfigKeys (ConfUtils.java:logGet(46)) - raft.server.watch.element-limit = 65536 (default)
2022-10-08 01:35:05,793 [932d31bf-cf15-45e6-97a3-7289ed74fac5@group-08814DF4F4AF-LeaderElection28] INFO  server.RaftServerConfigKeys (ConfUtils.java:logGet(46)) - raft.server.write.element-limit = 1024 (custom)
2022-10-08 01:35:05,793 [932d31bf-cf15-45e6-97a3-7289ed74fac5@group-08814DF4F4AF-LeaderElection28] INFO  server.RaftServerConfigKeys (ConfUtils.java:logGet(46)) - raft.server.write.follower.gap.ratio.max = -1.0 (default)
2022-10-08 01:35:05,793 [932d31bf-cf15-45e6-97a3-7289ed74fac5@group-08814DF4F4AF-LeaderElection28] INFO  impl.RoleInfo (RoleInfo.java:updateAndGet(139)) - 932d31bf-cf15-45e6-97a3-7289ed74fac5: start 932d31bf-cf15-45e6-97a3-7289ed74fac5@group-08814DF4F4AF-LeaderStateImpl
2022-10-08 01:35:05,794 [932d31bf-cf15-45e6-97a3-7289ed74fac5@group-08814DF4F4AF-LeaderElection28] INFO  segmented.SegmentedRaftLogWorker (SegmentedRaftLogWorker.java:startLogSegment(425)) - 932d31bf-cf15-45e6-97a3-7289ed74fac5@group-08814DF4F4AF-SegmentedRaftLogWorker: Starting segment from index:0
2022-10-08 01:35:05,796 [932d31bf-cf15-45e6-97a3-7289ed74fac5@group-08814DF4F4AF-LeaderElection28] INFO  server.RaftServer$Division (ServerState.java:setRaftConf(393)) - 932d31bf-cf15-45e6-97a3-7289ed74fac5@group-08814DF4F4AF: set configuration 0: [932d31bf-cf15-45e6-97a3-7289ed74fac5|rpc:10.1.0.61:46727|dataStream:|priority:1], old=null
2022-10-08 01:35:05,826 [EventQueue-OpenPipelineForHealthyPipelineSafeModeRule] INFO  safemode.SCMSafeModeManager (HealthyPipelineSafeModeRule.java:process(137)) - SCM in safe mode. Healthy pipelines reported count is 0, required healthy pipeline reported count is 1
2022-10-08 01:35:05,833 [932d31bf-cf15-45e6-97a3-7289ed74fac5@group-28097638D086-LeaderElection29] INFO  impl.LeaderElection (LeaderElection.java:askForVotes(310)) - 932d31bf-cf15-45e6-97a3-7289ed74fac5@group-28097638D086-LeaderElection29 ELECTION round 0: submit vote requests at term 1 for -1: [6b604ca2-684c-4b87-aad0-ccae04811294|rpc:10.1.0.61:39343|priority:1, 932d31bf-cf15-45e6-97a3-7289ed74fac5|rpc:10.1.0.61:46727|priority:0, 0f1ac1f5-5b02-4bf5-a39e-40addf081f4e|rpc:10.1.0.61:42591|priority:0], old=null
2022-10-08 01:35:05,845 [932d31bf-cf15-45e6-97a3-7289ed74fac5@group-08814DF4F4AF-SegmentedRaftLogWorker] INFO  segmented.SegmentedRaftLogWorker (SegmentedRaftLogWorker.java:execute(629)) - 932d31bf-cf15-45e6-97a3-7289ed74fac5@group-08814DF4F4AF-SegmentedRaftLogWorker: created new log segment /home/runner/work/ozone/ozone/hadoop-ozone/integration-test/target/test-dir/MiniOzoneClusterImpl-5d0d2deb-5324-41ce-86fc-5a78a6428163/datanode-1/data/ratis/3f6bc06e-e154-49bf-b3f2-08814df4f4af/current/log_inprogress_0
2022-10-08 01:35:05,873 [grpc-default-executor-2] INFO  server.RaftServer$Division (RaftServerImpl.java:requestVote(1152)) - 6b604ca2-684c-4b87-aad0-ccae04811294@group-28097638D086: receive requestVote(ELECTION, 932d31bf-cf15-45e6-97a3-7289ed74fac5, group-28097638D086, 1, (t:0, i:0))
2022-10-08 01:35:05,874 [grpc-default-executor-2] INFO  impl.VoteContext (VoteContext.java:log(48)) - 6b604ca2-684c-4b87-aad0-ccae04811294@group-28097638D086-FOLLOWER: reject ELECTION from 932d31bf-cf15-45e6-97a3-7289ed74fac5: our priority 1 > candidate's priority 0
2022-10-08 01:35:05,874 [grpc-default-executor-2] INFO  server.RaftServer$Division (RaftServerImpl.java:setRole(299)) - 6b604ca2-684c-4b87-aad0-ccae04811294@group-28097638D086: changes role from  FOLLOWER to FOLLOWER at term 1 for candidate:932d31bf-cf15-45e6-97a3-7289ed74fac5
2022-10-08 01:35:05,874 [grpc-default-executor-2] INFO  impl.RoleInfo (RoleInfo.java:shutdownFollowerState(110)) - 6b604ca2-684c-4b87-aad0-ccae04811294: shutdown 6b604ca2-684c-4b87-aad0-ccae04811294@group-28097638D086-FollowerState
2022-10-08 01:35:05,874 [grpc-default-executor-2] INFO  impl.RoleInfo (RoleInfo.java:updateAndGet(139)) - 6b604ca2-684c-4b87-aad0-ccae04811294: start 6b604ca2-684c-4b87-aad0-ccae04811294@group-28097638D086-FollowerState
2022-10-08 01:35:05,874 [6b604ca2-684c-4b87-aad0-ccae04811294@group-28097638D086-FollowerState] INFO  impl.FollowerState (FollowerState.java:run(152)) - 6b604ca2-684c-4b87-aad0-ccae04811294@group-28097638D086-FollowerState was interrupted
2022-10-08 01:35:05,876 [grpc-default-executor-3] INFO  server.RaftServer$Division (RaftServerImpl.java:requestVote(1152)) - 0f1ac1f5-5b02-4bf5-a39e-40addf081f4e@group-28097638D086: receive requestVote(ELECTION, 932d31bf-cf15-45e6-97a3-7289ed74fac5, group-28097638D086, 1, (t:0, i:0))
2022-10-08 01:35:05,876 [grpc-default-executor-3] INFO  impl.VoteContext (VoteContext.java:log(48)) - 0f1ac1f5-5b02-4bf5-a39e-40addf081f4e@group-28097638D086-FOLLOWER: accept ELECTION from 932d31bf-cf15-45e6-97a3-7289ed74fac5: our priority 0 <= candidate's priority 0
2022-10-08 01:35:05,876 [grpc-default-executor-3] INFO  server.RaftServer$Division (RaftServerImpl.java:setRole(299)) - 0f1ac1f5-5b02-4bf5-a39e-40addf081f4e@group-28097638D086: changes role from  FOLLOWER to FOLLOWER at term 1 for candidate:932d31bf-cf15-45e6-97a3-7289ed74fac5
2022-10-08 01:35:05,876 [grpc-default-executor-3] INFO  impl.RoleInfo (RoleInfo.java:shutdownFollowerState(110)) - 0f1ac1f5-5b02-4bf5-a39e-40addf081f4e: shutdown 0f1ac1f5-5b02-4bf5-a39e-40addf081f4e@group-28097638D086-FollowerState
2022-10-08 01:35:05,896 [grpc-default-executor-3] INFO  impl.RoleInfo (RoleInfo.java:updateAndGet(139)) - 0f1ac1f5-5b02-4bf5-a39e-40addf081f4e: start 0f1ac1f5-5b02-4bf5-a39e-40addf081f4e@group-28097638D086-FollowerState
2022-10-08 01:35:05,908 [0f1ac1f5-5b02-4bf5-a39e-40addf081f4e@group-28097638D086-FollowerState] INFO  impl.FollowerState (FollowerState.java:run(152)) - 0f1ac1f5-5b02-4bf5-a39e-40addf081f4e@group-28097638D086-FollowerState was interrupted
2022-10-08 01:35:05,940 [grpc-default-executor-2] INFO  server.RaftServer$Division (RaftServerImpl.java:requestVote(1184)) - 6b604ca2-684c-4b87-aad0-ccae04811294@group-28097638D086 replies to ELECTION vote request: 932d31bf-cf15-45e6-97a3-7289ed74fac5<-6b604ca2-684c-4b87-aad0-ccae04811294#0:FAIL-t1. Peer's state: 6b604ca2-684c-4b87-aad0-ccae04811294@group-28097638D086:t1, leader=null, voted=null, raftlog=6b604ca2-684c-4b87-aad0-ccae04811294@group-28097638D086-SegmentedRaftLog:OPENED:c-1, conf=-1: [6b604ca2-684c-4b87-aad0-ccae04811294|rpc:10.1.0.61:39343|dataStream:|priority:1, 932d31bf-cf15-45e6-97a3-7289ed74fac5|rpc:10.1.0.61:46727|dataStream:|priority:0, 0f1ac1f5-5b02-4bf5-a39e-40addf081f4e|rpc:10.1.0.61:42591|dataStream:|priority:0], old=null
2022-10-08 01:35:05,945 [932d31bf-cf15-45e6-97a3-7289ed74fac5@group-28097638D086-LeaderElection29] INFO  impl.LeaderElection (LeaderElection.java:logAndReturn(90)) - 932d31bf-cf15-45e6-97a3-7289ed74fac5@group-28097638D086-LeaderElection29: ELECTION REJECTED received 1 response(s) and 0 exception(s):
2022-10-08 01:35:05,945 [932d31bf-cf15-45e6-97a3-7289ed74fac5@group-28097638D086-LeaderElection29] INFO  impl.LeaderElection (LeaderElection.java:logAndReturn(94)) -   Response 0: 932d31bf-cf15-45e6-97a3-7289ed74fac5<-6b604ca2-684c-4b87-aad0-ccae04811294#0:FAIL-t1
2022-10-08 01:35:05,945 [932d31bf-cf15-45e6-97a3-7289ed74fac5@group-28097638D086-LeaderElection29] INFO  impl.LeaderElection (LeaderElection.java:askForVotes(312)) - 932d31bf-cf15-45e6-97a3-7289ed74fac5@group-28097638D086-LeaderElection29 ELECTION round 0: result REJECTED
2022-10-08 01:35:05,951 [grpc-default-executor-3] INFO  server.RaftServer$Division (RaftServerImpl.java:requestVote(1184)) - 0f1ac1f5-5b02-4bf5-a39e-40addf081f4e@group-28097638D086 replies to ELECTION vote request: 932d31bf-cf15-45e6-97a3-7289ed74fac5<-0f1ac1f5-5b02-4bf5-a39e-40addf081f4e#0:OK-t1. Peer's state: 0f1ac1f5-5b02-4bf5-a39e-40addf081f4e@group-28097638D086:t1, leader=null, voted=932d31bf-cf15-45e6-97a3-7289ed74fac5, raftlog=0f1ac1f5-5b02-4bf5-a39e-40addf081f4e@group-28097638D086-SegmentedRaftLog:OPENED:c-1, conf=-1: [6b604ca2-684c-4b87-aad0-ccae04811294|rpc:10.1.0.61:39343|dataStream:|priority:1, 932d31bf-cf15-45e6-97a3-7289ed74fac5|rpc:10.1.0.61:46727|dataStream:|priority:0, 0f1ac1f5-5b02-4bf5-a39e-40addf081f4e|rpc:10.1.0.61:42591|dataStream:|priority:0], old=null
2022-10-08 01:35:05,976 [932d31bf-cf15-45e6-97a3-7289ed74fac5@group-28097638D086-LeaderElection29] INFO  server.RaftServer$Division (RaftServerImpl.java:setRole(299)) - 932d31bf-cf15-45e6-97a3-7289ed74fac5@group-28097638D086: changes role from CANDIDATE to FOLLOWER at term 1 for REJECTED
2022-10-08 01:35:05,976 [932d31bf-cf15-45e6-97a3-7289ed74fac5@group-28097638D086-LeaderElection29] INFO  impl.RoleInfo (RoleInfo.java:shutdownLeaderElection(130)) - 932d31bf-cf15-45e6-97a3-7289ed74fac5: shutdown 932d31bf-cf15-45e6-97a3-7289ed74fac5@group-28097638D086-LeaderElection29
2022-10-08 01:35:05,976 [932d31bf-cf15-45e6-97a3-7289ed74fac5@group-28097638D086-LeaderElection29] INFO  impl.RoleInfo (RoleInfo.java:updateAndGet(139)) - 932d31bf-cf15-45e6-97a3-7289ed74fac5: start 932d31bf-cf15-45e6-97a3-7289ed74fac5@group-28097638D086-FollowerState
2022-10-08 01:35:06,136 [ReplicationMonitor] INFO  replication.ReplicationManager (ReplicationManager.java:processAll(291)) - Replication Manager is not ready to run until 3000ms after safemode exit
2022-10-08 01:35:06,522 [Listener at 127.0.0.1/42695] INFO  ozone.MiniOzoneClusterImpl (MiniOzoneClusterImpl.java:lambda$waitForClusterToBeReady$0(216)) - Nodes are ready. Got 5 of 5 DN Heartbeats.
2022-10-08 01:35:06,522 [Listener at 127.0.0.1/42695] INFO  ozone.MiniOzoneClusterImpl (MiniOzoneClusterImpl.java:lambda$waitForClusterToBeReady$0(219)) - Waiting for cluster to exit safe mode
2022-10-08 01:35:06,522 [Listener at 127.0.0.1/42695] INFO  ozone.MiniOzoneClusterImpl (MiniOzoneClusterImpl.java:lambda$waitForClusterToBeReady$0(221)) - SCM became leader
2022-10-08 01:35:06,554 [Command processor thread] INFO  server.RaftServer (RaftServerProxy.java:addNew(96)) - d67d85fb-f556-421f-824a-4b9f68a177f7: addNew group-544B07EA4D89:[d67d85fb-f556-421f-824a-4b9f68a177f7|rpc:10.1.0.61:46031|priority:1] returns group-544B07EA4D89:java.util.concurrent.CompletableFuture@66394710[Not completed]
2022-10-08 01:35:06,600 [pool-1016-thread-1] INFO  server.RaftServer$Division (RaftServerImpl.java:<init>(190)) - d67d85fb-f556-421f-824a-4b9f68a177f7: new RaftServerImpl for group-544B07EA4D89:[d67d85fb-f556-421f-824a-4b9f68a177f7|rpc:10.1.0.61:46031|priority:1] with ContainerStateMachine:uninitialized
2022-10-08 01:35:06,600 [pool-1016-thread-1] INFO  server.RaftServerConfigKeys (ConfUtils.java:logGet(46)) - raft.server.rpc.timeout.min = 5s (custom)
2022-10-08 01:35:06,600 [pool-1016-thread-1] INFO  server.RaftServerConfigKeys (ConfUtils.java:logGet(46)) - raft.server.rpc.timeout.max = 5200ms (custom)
2022-10-08 01:35:06,601 [pool-1016-thread-1] INFO  server.RaftServerConfigKeys (ConfUtils.java:logGet(46)) - raft.server.rpc.sleep.time = 25ms (default)
2022-10-08 01:35:06,601 [pool-1016-thread-1] INFO  server.RaftServerConfigKeys (ConfUtils.java:logGet(46)) - raft.server.rpc.slowness.timeout = 300s (custom)
2022-10-08 01:35:06,601 [pool-1016-thread-1] INFO  server.RaftServerConfigKeys (ConfUtils.java:logGet(46)) - raft.server.leaderelection.leader.step-down.wait-time = 10s (default)
2022-10-08 01:35:06,601 [pool-1016-thread-1] INFO  server.RaftServerConfigKeys (ConfUtils.java:logGet(46)) - raft.server.sleep.deviation.threshold = 300ms (default)
2022-10-08 01:35:06,601 [pool-1016-thread-1] INFO  server.RaftServer$Division (ServerState.java:<init>(107)) - d67d85fb-f556-421f-824a-4b9f68a177f7@group-544B07EA4D89: ConfigurationManager, init=-1: [d67d85fb-f556-421f-824a-4b9f68a177f7|rpc:10.1.0.61:46031|priority:1], old=null, confs=<EMPTY_MAP>
2022-10-08 01:35:06,601 [pool-1016-thread-1] INFO  server.RaftServerConfigKeys (ConfUtils.java:logGet(46)) - raft.server.storage.dir = [/home/runner/work/ozone/ozone/hadoop-ozone/integration-test/target/test-dir/MiniOzoneClusterImpl-5d0d2deb-5324-41ce-86fc-5a78a6428163/datanode-4/data/ratis] (custom)
2022-10-08 01:35:06,601 [pool-1016-thread-1] INFO  server.RaftServerConfigKeys (ConfUtils.java:logGet(46)) - raft.server.log.corruption.policy = EXCEPTION (default)
2022-10-08 01:35:06,601 [pool-1016-thread-1] INFO  server.RaftServerConfigKeys (ConfUtils.java:logGet(46)) - raft.server.storage.free-space.min = 0MB (=0) (default)
2022-10-08 01:35:06,601 [pool-1016-thread-1] INFO  storage.RaftStorageDirectory (RaftStorageDirectoryImpl.java:analyzeStorage(135)) - The storage directory /home/runner/work/ozone/ozone/hadoop-ozone/integration-test/target/test-dir/MiniOzoneClusterImpl-5d0d2deb-5324-41ce-86fc-5a78a6428163/datanode-4/data/ratis/cc2a3127-9bff-4d77-8dea-544b07ea4d89 does not exist. Creating ...
2022-10-08 01:35:06,629 [pool-1016-thread-1] INFO  storage.RaftStorageDirectory (RaftStorageDirectoryImpl.java:tryLock(230)) - Lock on /home/runner/work/ozone/ozone/hadoop-ozone/integration-test/target/test-dir/MiniOzoneClusterImpl-5d0d2deb-5324-41ce-86fc-5a78a6428163/datanode-4/data/ratis/cc2a3127-9bff-4d77-8dea-544b07ea4d89/in_use.lock acquired by nodename 52807@fv-az180-867
2022-10-08 01:35:06,660 [pool-1016-thread-1] INFO  storage.RaftStorage (RaftStorageImpl.java:format(89)) - Storage directory /home/runner/work/ozone/ozone/hadoop-ozone/integration-test/target/test-dir/MiniOzoneClusterImpl-5d0d2deb-5324-41ce-86fc-5a78a6428163/datanode-4/data/ratis/cc2a3127-9bff-4d77-8dea-544b07ea4d89 has been successfully formatted.
2022-10-08 01:35:06,680 [pool-1016-thread-1] INFO  ratis.ContainerStateMachine (ContainerStateMachine.java:loadSnapshot(236)) - group-544B07EA4D89: The snapshot info is null. Setting the last applied indexto:(t:0, i:~)
2022-10-08 01:35:06,684 [EventQueue-PipelineReportForPipelineReportHandler] INFO  pipeline.PipelineManagerImpl (PipelineManagerImpl.java:openPipeline(367)) - Pipeline Pipeline[ Id: cc2a3127-9bff-4d77-8dea-544b07ea4d89, Nodes: d67d85fb-f556-421f-824a-4b9f68a177f7{ip: 10.1.0.61, host: fv-az180-867.g3pwtgv4ffyuhaixmbmm0kyh3d.gx.internal.cloudapp.net, ports: [REPLICATION=35153, RATIS=46031, RATIS_ADMIN=46031, RATIS_SERVER=46031, STANDALONE=46823], networkLocation: /default-rack, certSerialId: null, persistedOpState: IN_SERVICE, persistedOpStateExpiryEpochSec: 0}, ReplicationConfig: RATIS/ONE, State:ALLOCATED, leaderId:d67d85fb-f556-421f-824a-4b9f68a177f7, CreationTimestamp2022-10-08T01:35:03.580Z[Etc/UTC]] moved to OPEN state
2022-10-08 01:35:06,684 [EventQueue-OpenPipelineForHealthyPipelineSafeModeRule] INFO  safemode.SCMSafeModeManager (HealthyPipelineSafeModeRule.java:process(137)) - SCM in safe mode. Healthy pipelines reported count is 0, required healthy pipeline reported count is 1
2022-10-08 01:35:06,724 [pool-1016-thread-1] INFO  server.RaftServerConfigKeys (ConfUtils.java:logGet(46)) - raft.server.notification.no-leader.timeout = 300s (custom)
2022-10-08 01:35:06,724 [pool-1016-thread-1] INFO  server.RaftServerConfigKeys (ConfUtils.java:logGet(46)) - raft.server.log.use.memory = false (default)
2022-10-08 01:35:06,724 [pool-1016-thread-1] INFO  server.RaftServerConfigKeys (ConfUtils.java:logGet(46)) - raft.server.log.purge.gap = 1000000 (custom)
2022-10-08 01:35:06,724 [pool-1016-thread-1] INFO  server.RaftServerConfigKeys (ConfUtils.java:logGet(46)) - raft.server.log.appender.buffer.byte-limit = 33554432 (custom)
2022-10-08 01:35:06,724 [pool-1016-thread-1] INFO  server.RaftServerConfigKeys (ConfUtils.java:logGet(46)) - raft.server.log.statemachine.data.read.timeout = 1000ms (default)
2022-10-08 01:35:06,724 [pool-1016-thread-1] INFO  server.RaftServerConfigKeys (ConfUtils.java:logGet(46)) - raft.server.log.segment.size.max = 1048576 (custom)
2022-10-08 01:35:06,725 [pool-1016-thread-1] INFO  server.RaftServerConfigKeys (ConfUtils.java:logGet(46)) - raft.server.log.segment.cache.num.max = 2 (custom)
2022-10-08 01:35:06,725 [pool-1016-thread-1] INFO  server.RaftServerConfigKeys (ConfUtils.java:logGet(46)) - raft.server.log.segment.cache.size.max = 200MB (=209715200) (default)
2022-10-08 01:35:06,725 [pool-1016-thread-1] INFO  segmented.SegmentedRaftLogWorker (SegmentedRaftLogWorker.java:<init>(187)) - new d67d85fb-f556-421f-824a-4b9f68a177f7@group-544B07EA4D89-SegmentedRaftLogWorker for RaftStorageImpl:Storage Directory /home/runner/work/ozone/ozone/hadoop-ozone/integration-test/target/test-dir/MiniOzoneClusterImpl-5d0d2deb-5324-41ce-86fc-5a78a6428163/datanode-4/data/ratis/cc2a3127-9bff-4d77-8dea-544b07ea4d89
2022-10-08 01:35:06,725 [pool-1016-thread-1] INFO  server.RaftServerConfigKeys (ConfUtils.java:logGet(46)) - raft.server.log.queue.byte-limit = 4294967296 (custom)
2022-10-08 01:35:06,725 [pool-1016-thread-1] INFO  server.RaftServerConfigKeys (ConfUtils.java:logGet(46)) - raft.server.log.queue.element-limit = 1024 (custom)
2022-10-08 01:35:06,725 [pool-1016-thread-1] INFO  server.RaftServerConfigKeys (ConfUtils.java:logGet(46)) - raft.server.log.segment.size.max = 1048576 (custom)
2022-10-08 01:35:06,725 [pool-1016-thread-1] INFO  server.RaftServerConfigKeys (ConfUtils.java:logGet(46)) - raft.server.log.preallocated.size = 16384 (custom)
2022-10-08 01:35:06,725 [pool-1016-thread-1] INFO  server.RaftServerConfigKeys (ConfUtils.java:logGet(46)) - raft.server.log.force.sync.num = 128 (default)
2022-10-08 01:35:06,725 [pool-1016-thread-1] INFO  server.RaftServerConfigKeys (ConfUtils.java:logGet(46)) - raft.server.log.statemachine.data.sync = true (default)
2022-10-08 01:35:06,725 [pool-1016-thread-1] INFO  server.RaftServerConfigKeys (ConfUtils.java:logGet(46)) - raft.server.log.statemachine.data.sync.timeout = 10s (default)
2022-10-08 01:35:06,725 [pool-1016-thread-1] INFO  server.RaftServerConfigKeys (ConfUtils.java:logGet(46)) - raft.server.log.statemachine.data.sync.timeout.retry = -1 (default)
2022-10-08 01:35:06,726 [pool-1016-thread-1] INFO  server.RaftServerConfigKeys (ConfUtils.java:logGet(46)) - raft.server.log.write.buffer.size = 1048576 (custom)
2022-10-08 01:35:06,726 [pool-1016-thread-1] INFO  server.RaftServerConfigKeys (ConfUtils.java:logGet(46)) - raft.server.log.unsafe-flush.enabled = false (default)
2022-10-08 01:35:06,726 [pool-1016-thread-1] INFO  server.RaftServerConfigKeys (ConfUtils.java:logGet(46)) - raft.server.log.statemachine.data.caching.enabled = true (custom)
2022-10-08 01:35:06,727 [pool-1016-thread-1] INFO  segmented.SegmentedRaftLogWorker (SegmentedRaftLogWorker.java:lambda$new$0(135)) - d67d85fb-f556-421f-824a-4b9f68a177f7@group-544B07EA4D89-SegmentedRaftLogWorker: flushIndex: setUnconditionally 0 -> -1
2022-10-08 01:35:06,727 [pool-1016-thread-1] INFO  segmented.SegmentedRaftLogWorker (SegmentedRaftLogWorker.java:lambda$new$0(135)) - d67d85fb-f556-421f-824a-4b9f68a177f7@group-544B07EA4D89-SegmentedRaftLogWorker: safeCacheEvictIndex: setUnconditionally 0 -> -1
2022-10-08 01:35:06,752 [pool-1016-thread-1] INFO  server.RaftServerConfigKeys (ConfUtils.java:logGet(46)) - raft.server.snapshot.auto.trigger.enabled = true (custom)
2022-10-08 01:35:06,752 [pool-1016-thread-1] INFO  server.RaftServerConfigKeys (ConfUtils.java:logGet(46)) - raft.server.snapshot.auto.trigger.threshold = 10000 (custom)
2022-10-08 01:35:06,752 [pool-1016-thread-1] INFO  server.RaftServerConfigKeys (ConfUtils.java:logGet(46)) - raft.server.snapshot.retention.file.num = 5 (custom)
2022-10-08 01:35:06,752 [pool-1016-thread-1] INFO  server.RaftServerConfigKeys (ConfUtils.java:logGet(46)) - raft.server.log.purge.upto.snapshot.index = false (default)
2022-10-08 01:35:06,752 [pool-1016-thread-1] INFO  server.RaftServerConfigKeys (ConfUtils.java:logGet(46)) - raft.server.retrycache.expirytime = 600000ms (custom)
2022-10-08 01:35:06,752 [pool-1016-thread-1] INFO  server.RaftServerConfigKeys (ConfUtils.java:logGet(46)) - raft.server.retrycache.statistics.expirytime = 100μs (default)
2022-10-08 01:35:06,754 [pool-1016-thread-1] INFO  server.RaftServerConfigKeys (ConfUtils.java:logGet(46)) - raft.server.log.appender.install.snapshot.enabled = false (custom)
2022-10-08 01:35:06,754 [pool-1016-thread-1] INFO  server.RaftServerConfigKeys (ConfUtils.java:logGet(46)) - raft.server.threadpool.server.cached = true (default)
2022-10-08 01:35:06,754 [pool-1016-thread-1] INFO  server.RaftServerConfigKeys (ConfUtils.java:logGet(46)) - raft.server.threadpool.server.size = 0 (default)
2022-10-08 01:35:06,754 [pool-1016-thread-1] INFO  server.RaftServerConfigKeys (ConfUtils.java:logGet(46)) - raft.server.threadpool.client.cached = true (default)
2022-10-08 01:35:06,754 [pool-1016-thread-1] INFO  server.RaftServerConfigKeys (ConfUtils.java:logGet(46)) - raft.server.threadpool.client.size = 0 (default)
2022-10-08 01:35:06,754 [pool-1016-thread-1] INFO  server.RaftServer$Division (RaftServerImpl.java:start(310)) - d67d85fb-f556-421f-824a-4b9f68a177f7@group-544B07EA4D89: start as a follower, conf=-1: [d67d85fb-f556-421f-824a-4b9f68a177f7|rpc:10.1.0.61:46031|priority:1], old=null
2022-10-08 01:35:06,754 [pool-1016-thread-1] INFO  server.RaftServer$Division (RaftServerImpl.java:setRole(299)) - d67d85fb-f556-421f-824a-4b9f68a177f7@group-544B07EA4D89: changes role from      null to FOLLOWER at term 0 for startAsFollower
2022-10-08 01:35:06,754 [pool-1016-thread-1] INFO  impl.RoleInfo (RoleInfo.java:updateAndGet(139)) - d67d85fb-f556-421f-824a-4b9f68a177f7: start d67d85fb-f556-421f-824a-4b9f68a177f7@group-544B07EA4D89-FollowerState
2022-10-08 01:35:06,767 [pool-1016-thread-1] INFO  util.JmxRegister (JmxRegister.java:tryRegister(44)) - Successfully registered JMX Bean with object name Ratis:service=RaftServer,group=group-544B07EA4D89,id=d67d85fb-f556-421f-824a-4b9f68a177f7
2022-10-08 01:35:06,784 [Command processor thread] INFO  ratis.XceiverServerRatis (XceiverServerRatis.java:addGroup(765)) - Created group PipelineID=cc2a3127-9bff-4d77-8dea-544b07ea4d89
2022-10-08 01:35:06,784 [Command processor thread] INFO  commandhandler.CreatePipelineCommandHandler (CreatePipelineCommandHandler.java:handle(113)) - Created Pipeline RATIS ONE PipelineID=cc2a3127-9bff-4d77-8dea-544b07ea4d89.
2022-10-08 01:35:07,136 [ReplicationMonitor] INFO  replication.ReplicationManager (ReplicationManager.java:processAll(291)) - Replication Manager is not ready to run until 3000ms after safemode exit
2022-10-08 01:35:07,246 [6b604ca2-684c-4b87-aad0-ccae04811294@group-D410D11D8285-FollowerState] INFO  impl.FollowerState (FollowerState.java:run(143)) - 6b604ca2-684c-4b87-aad0-ccae04811294@group-D410D11D8285-FollowerState: change to CANDIDATE, lastRpcElapsedTime:5087460718ns, electionTimeout:5086ms
2022-10-08 01:35:07,246 [6b604ca2-684c-4b87-aad0-ccae04811294@group-D410D11D8285-FollowerState] INFO  impl.RoleInfo (RoleInfo.java:shutdownFollowerState(110)) - 6b604ca2-684c-4b87-aad0-ccae04811294: shutdown 6b604ca2-684c-4b87-aad0-ccae04811294@group-D410D11D8285-FollowerState
2022-10-08 01:35:07,246 [6b604ca2-684c-4b87-aad0-ccae04811294@group-D410D11D8285-FollowerState] INFO  server.RaftServer$Division (RaftServerImpl.java:setRole(299)) - 6b604ca2-684c-4b87-aad0-ccae04811294@group-D410D11D8285: changes role from  FOLLOWER to CANDIDATE at term 0 for changeToCandidate
2022-10-08 01:35:07,246 [6b604ca2-684c-4b87-aad0-ccae04811294@group-D410D11D8285-FollowerState] INFO  server.RaftServerConfigKeys (ConfUtils.java:logGet(46)) - raft.server.leaderelection.pre-vote = false (custom)
2022-10-08 01:35:07,246 [6b604ca2-684c-4b87-aad0-ccae04811294@group-D410D11D8285-FollowerState] INFO  impl.RoleInfo (RoleInfo.java:updateAndGet(139)) - 6b604ca2-684c-4b87-aad0-ccae04811294: start 6b604ca2-684c-4b87-aad0-ccae04811294@group-D410D11D8285-LeaderElection30
2022-10-08 01:35:07,302 [6b604ca2-684c-4b87-aad0-ccae04811294@group-D410D11D8285-LeaderElection30] INFO  impl.LeaderElection (LeaderElection.java:askForVotes(310)) - 6b604ca2-684c-4b87-aad0-ccae04811294@group-D410D11D8285-LeaderElection30 ELECTION round 0: submit vote requests at term 1 for -1: [6b604ca2-684c-4b87-aad0-ccae04811294|rpc:10.1.0.61:39343|priority:1], old=null
2022-10-08 01:35:07,302 [6b604ca2-684c-4b87-aad0-ccae04811294@group-D410D11D8285-LeaderElection30] INFO  impl.LeaderElection (LeaderElection.java:askForVotes(312)) - 6b604ca2-684c-4b87-aad0-ccae04811294@group-D410D11D8285-LeaderElection30 ELECTION round 0: result PASSED (term=1)
2022-10-08 01:35:07,302 [6b604ca2-684c-4b87-aad0-ccae04811294@group-D410D11D8285-LeaderElection30] INFO  impl.RoleInfo (RoleInfo.java:shutdownLeaderElection(130)) - 6b604ca2-684c-4b87-aad0-ccae04811294: shutdown 6b604ca2-684c-4b87-aad0-ccae04811294@group-D410D11D8285-LeaderElection30
2022-10-08 01:35:07,302 [6b604ca2-684c-4b87-aad0-ccae04811294@group-D410D11D8285-LeaderElection30] INFO  server.RaftServer$Division (RaftServerImpl.java:setRole(299)) - 6b604ca2-684c-4b87-aad0-ccae04811294@group-D410D11D8285: changes role from CANDIDATE to LEADER at term 1 for changeToLeader
2022-10-08 01:35:07,302 [6b604ca2-684c-4b87-aad0-ccae04811294@group-D410D11D8285-LeaderElection30] INFO  ratis.XceiverServerRatis (XceiverServerRatis.java:handleLeaderChangedNotification(863)) - Leader change notification received for group: group-D410D11D8285 with new leaderId: 6b604ca2-684c-4b87-aad0-ccae04811294
2022-10-08 01:35:07,302 [6b604ca2-684c-4b87-aad0-ccae04811294@group-D410D11D8285-LeaderElection30] INFO  server.RaftServer$Division (ServerState.java:setLeader(287)) - 6b604ca2-684c-4b87-aad0-ccae04811294@group-D410D11D8285: change Leader from null to 6b604ca2-684c-4b87-aad0-ccae04811294 at term 1 for becomeLeader, leader elected after 5245ms
2022-10-08 01:35:07,302 [6b604ca2-684c-4b87-aad0-ccae04811294@group-D410D11D8285-LeaderElection30] INFO  server.RaftServerConfigKeys (ConfUtils.java:logGet(46)) - raft.server.staging.catchup.gap = 1000 (default)
2022-10-08 01:35:07,303 [6b604ca2-684c-4b87-aad0-ccae04811294@group-D410D11D8285-LeaderElection30] INFO  server.RaftServerConfigKeys (ConfUtils.java:logGet(46)) - raft.server.write.element-limit = 1024 (custom)
2022-10-08 01:35:07,303 [6b604ca2-684c-4b87-aad0-ccae04811294@group-D410D11D8285-LeaderElection30] INFO  server.RaftServerConfigKeys (ConfUtils.java:logGet(46)) - raft.server.write.byte-limit = 1024 M (=1073741824) (custom)
2022-10-08 01:35:07,303 [6b604ca2-684c-4b87-aad0-ccae04811294@group-D410D11D8285-LeaderElection30] INFO  server.RaftServerConfigKeys (ConfUtils.java:logGet(46)) - raft.server.watch.timeout = 180s (custom)
2022-10-08 01:35:07,303 [6b604ca2-684c-4b87-aad0-ccae04811294@group-D410D11D8285-LeaderElection30] INFO  server.RaftServerConfigKeys (ConfUtils.java:logGet(46)) - raft.server.watch.timeout.denomination = 1s (default)
2022-10-08 01:35:07,303 [6b604ca2-684c-4b87-aad0-ccae04811294@group-D410D11D8285-LeaderElection30] INFO  server.RaftServerConfigKeys (ConfUtils.java:logGet(46)) - raft.server.watch.element-limit = 65536 (default)
2022-10-08 01:35:07,303 [6b604ca2-684c-4b87-aad0-ccae04811294@group-D410D11D8285-LeaderElection30] INFO  server.RaftServerConfigKeys (ConfUtils.java:logGet(46)) - raft.server.write.element-limit = 1024 (custom)
2022-10-08 01:35:07,303 [6b604ca2-684c-4b87-aad0-ccae04811294@group-D410D11D8285-LeaderElection30] INFO  server.RaftServerConfigKeys (ConfUtils.java:logGet(46)) - raft.server.write.follower.gap.ratio.max = -1.0 (default)
2022-10-08 01:35:07,303 [6b604ca2-684c-4b87-aad0-ccae04811294@group-D410D11D8285-LeaderElection30] INFO  impl.RoleInfo (RoleInfo.java:updateAndGet(139)) - 6b604ca2-684c-4b87-aad0-ccae04811294: start 6b604ca2-684c-4b87-aad0-ccae04811294@group-D410D11D8285-LeaderStateImpl
2022-10-08 01:35:07,303 [6b604ca2-684c-4b87-aad0-ccae04811294@group-D410D11D8285-LeaderElection30] INFO  segmented.SegmentedRaftLogWorker (SegmentedRaftLogWorker.java:startLogSegment(425)) - 6b604ca2-684c-4b87-aad0-ccae04811294@group-D410D11D8285-SegmentedRaftLogWorker: Starting segment from index:0
2022-10-08 01:35:07,309 [6b604ca2-684c-4b87-aad0-ccae04811294@group-D410D11D8285-LeaderElection30] INFO  server.RaftServer$Division (ServerState.java:setRaftConf(393)) - 6b604ca2-684c-4b87-aad0-ccae04811294@group-D410D11D8285: set configuration 0: [6b604ca2-684c-4b87-aad0-ccae04811294|rpc:10.1.0.61:39343|dataStream:|priority:1], old=null
2022-10-08 01:35:07,326 [6b604ca2-684c-4b87-aad0-ccae04811294@group-D410D11D8285-SegmentedRaftLogWorker] INFO  segmented.SegmentedRaftLogWorker (SegmentedRaftLogWorker.java:execute(629)) - 6b604ca2-684c-4b87-aad0-ccae04811294@group-D410D11D8285-SegmentedRaftLogWorker: created new log segment /home/runner/work/ozone/ozone/hadoop-ozone/integration-test/target/test-dir/MiniOzoneClusterImpl-5d0d2deb-5324-41ce-86fc-5a78a6428163/datanode-2/data/ratis/b34614fc-b317-4bda-80e0-d410d11d8285/current/log_inprogress_0
2022-10-08 01:35:07,352 [EventQueue-OpenPipelineForHealthyPipelineSafeModeRule] INFO  safemode.SCMSafeModeManager (HealthyPipelineSafeModeRule.java:process(137)) - SCM in safe mode. Healthy pipelines reported count is 0, required healthy pipeline reported count is 1
2022-10-08 01:35:07,522 [Listener at 127.0.0.1/42695] INFO  ozone.MiniOzoneClusterImpl (MiniOzoneClusterImpl.java:lambda$waitForClusterToBeReady$0(216)) - Nodes are ready. Got 5 of 5 DN Heartbeats.
2022-10-08 01:35:07,523 [Listener at 127.0.0.1/42695] INFO  ozone.MiniOzoneClusterImpl (MiniOzoneClusterImpl.java:lambda$waitForClusterToBeReady$0(219)) - Waiting for cluster to exit safe mode
2022-10-08 01:35:07,523 [Listener at 127.0.0.1/42695] INFO  ozone.MiniOzoneClusterImpl (MiniOzoneClusterImpl.java:lambda$waitForClusterToBeReady$0(221)) - SCM became leader
2022-10-08 01:35:08,137 [ReplicationMonitor] INFO  replication.ReplicationManager (ReplicationManager.java:processAll(291)) - Replication Manager is not ready to run until 3000ms after safemode exit
2022-10-08 01:35:08,523 [Listener at 127.0.0.1/42695] INFO  ozone.MiniOzoneClusterImpl (MiniOzoneClusterImpl.java:lambda$waitForClusterToBeReady$0(216)) - Nodes are ready. Got 5 of 5 DN Heartbeats.
2022-10-08 01:35:08,523 [Listener at 127.0.0.1/42695] INFO  ozone.MiniOzoneClusterImpl (MiniOzoneClusterImpl.java:lambda$waitForClusterToBeReady$0(219)) - Waiting for cluster to exit safe mode
2022-10-08 01:35:08,523 [Listener at 127.0.0.1/42695] INFO  ozone.MiniOzoneClusterImpl (MiniOzoneClusterImpl.java:lambda$waitForClusterToBeReady$0(221)) - SCM became leader
2022-10-08 01:35:09,141 [ReplicationMonitor] INFO  replication.ReplicationManager (ReplicationManager.java:processAll(291)) - Replication Manager is not ready to run until 3000ms after safemode exit
2022-10-08 01:35:09,523 [Listener at 127.0.0.1/42695] INFO  ozone.MiniOzoneClusterImpl (MiniOzoneClusterImpl.java:lambda$waitForClusterToBeReady$0(216)) - Nodes are ready. Got 5 of 5 DN Heartbeats.
2022-10-08 01:35:09,523 [Listener at 127.0.0.1/42695] INFO  ozone.MiniOzoneClusterImpl (MiniOzoneClusterImpl.java:lambda$waitForClusterToBeReady$0(219)) - Waiting for cluster to exit safe mode
2022-10-08 01:35:09,523 [Listener at 127.0.0.1/42695] INFO  ozone.MiniOzoneClusterImpl (MiniOzoneClusterImpl.java:lambda$waitForClusterToBeReady$0(221)) - SCM became leader
2022-10-08 01:35:09,718 [0f3c4d66-37ce-46af-a3a8-7219c161bdb8@group-2719600CAB4F-FollowerState] INFO  impl.FollowerState (FollowerState.java:run(143)) - 0f3c4d66-37ce-46af-a3a8-7219c161bdb8@group-2719600CAB4F-FollowerState: change to CANDIDATE, lastRpcElapsedTime:5193644954ns, electionTimeout:5189ms
2022-10-08 01:35:09,718 [0f3c4d66-37ce-46af-a3a8-7219c161bdb8@group-2719600CAB4F-FollowerState] INFO  impl.RoleInfo (RoleInfo.java:shutdownFollowerState(110)) - 0f3c4d66-37ce-46af-a3a8-7219c161bdb8: shutdown 0f3c4d66-37ce-46af-a3a8-7219c161bdb8@group-2719600CAB4F-FollowerState
2022-10-08 01:35:09,718 [0f3c4d66-37ce-46af-a3a8-7219c161bdb8@group-2719600CAB4F-FollowerState] INFO  server.RaftServer$Division (RaftServerImpl.java:setRole(299)) - 0f3c4d66-37ce-46af-a3a8-7219c161bdb8@group-2719600CAB4F: changes role from  FOLLOWER to CANDIDATE at term 0 for changeToCandidate
2022-10-08 01:35:09,718 [0f3c4d66-37ce-46af-a3a8-7219c161bdb8@group-2719600CAB4F-FollowerState] INFO  server.RaftServerConfigKeys (ConfUtils.java:logGet(46)) - raft.server.leaderelection.pre-vote = false (custom)
2022-10-08 01:35:09,718 [0f3c4d66-37ce-46af-a3a8-7219c161bdb8@group-2719600CAB4F-FollowerState] INFO  impl.RoleInfo (RoleInfo.java:updateAndGet(139)) - 0f3c4d66-37ce-46af-a3a8-7219c161bdb8: start 0f3c4d66-37ce-46af-a3a8-7219c161bdb8@group-2719600CAB4F-LeaderElection31
2022-10-08 01:35:09,804 [0f3c4d66-37ce-46af-a3a8-7219c161bdb8@group-2719600CAB4F-LeaderElection31] INFO  impl.LeaderElection (LeaderElection.java:askForVotes(310)) - 0f3c4d66-37ce-46af-a3a8-7219c161bdb8@group-2719600CAB4F-LeaderElection31 ELECTION round 0: submit vote requests at term 1 for -1: [0f3c4d66-37ce-46af-a3a8-7219c161bdb8|rpc:10.1.0.61:46327|priority:1], old=null
2022-10-08 01:35:09,804 [0f3c4d66-37ce-46af-a3a8-7219c161bdb8@group-2719600CAB4F-LeaderElection31] INFO  impl.LeaderElection (LeaderElection.java:askForVotes(312)) - 0f3c4d66-37ce-46af-a3a8-7219c161bdb8@group-2719600CAB4F-LeaderElection31 ELECTION round 0: result PASSED (term=1)
2022-10-08 01:35:09,804 [0f3c4d66-37ce-46af-a3a8-7219c161bdb8@group-2719600CAB4F-LeaderElection31] INFO  impl.RoleInfo (RoleInfo.java:shutdownLeaderElection(130)) - 0f3c4d66-37ce-46af-a3a8-7219c161bdb8: shutdown 0f3c4d66-37ce-46af-a3a8-7219c161bdb8@group-2719600CAB4F-LeaderElection31
2022-10-08 01:35:09,804 [0f3c4d66-37ce-46af-a3a8-7219c161bdb8@group-2719600CAB4F-LeaderElection31] INFO  server.RaftServer$Division (RaftServerImpl.java:setRole(299)) - 0f3c4d66-37ce-46af-a3a8-7219c161bdb8@group-2719600CAB4F: changes role from CANDIDATE to LEADER at term 1 for changeToLeader
2022-10-08 01:35:09,804 [0f3c4d66-37ce-46af-a3a8-7219c161bdb8@group-2719600CAB4F-LeaderElection31] INFO  ratis.XceiverServerRatis (XceiverServerRatis.java:handleLeaderChangedNotification(863)) - Leader change notification received for group: group-2719600CAB4F with new leaderId: 0f3c4d66-37ce-46af-a3a8-7219c161bdb8
2022-10-08 01:35:09,804 [0f3c4d66-37ce-46af-a3a8-7219c161bdb8@group-2719600CAB4F-LeaderElection31] INFO  server.RaftServer$Division (ServerState.java:setLeader(287)) - 0f3c4d66-37ce-46af-a3a8-7219c161bdb8@group-2719600CAB4F: change Leader from null to 0f3c4d66-37ce-46af-a3a8-7219c161bdb8 at term 1 for becomeLeader, leader elected after 5335ms
2022-10-08 01:35:09,804 [0f3c4d66-37ce-46af-a3a8-7219c161bdb8@group-2719600CAB4F-LeaderElection31] INFO  server.RaftServerConfigKeys (ConfUtils.java:logGet(46)) - raft.server.staging.catchup.gap = 1000 (default)
2022-10-08 01:35:09,804 [0f3c4d66-37ce-46af-a3a8-7219c161bdb8@group-2719600CAB4F-LeaderElection31] INFO  server.RaftServerConfigKeys (ConfUtils.java:logGet(46)) - raft.server.write.element-limit = 1024 (custom)
2022-10-08 01:35:09,804 [0f3c4d66-37ce-46af-a3a8-7219c161bdb8@group-2719600CAB4F-LeaderElection31] INFO  server.RaftServerConfigKeys (ConfUtils.java:logGet(46)) - raft.server.write.byte-limit = 1024 M (=1073741824) (custom)
2022-10-08 01:35:09,805 [0f3c4d66-37ce-46af-a3a8-7219c161bdb8@group-2719600CAB4F-LeaderElection31] INFO  server.RaftServerConfigKeys (ConfUtils.java:logGet(46)) - raft.server.watch.timeout = 180s (custom)
2022-10-08 01:35:09,805 [0f3c4d66-37ce-46af-a3a8-7219c161bdb8@group-2719600CAB4F-LeaderElection31] INFO  server.RaftServerConfigKeys (ConfUtils.java:logGet(46)) - raft.server.watch.timeout.denomination = 1s (default)
2022-10-08 01:35:09,805 [0f3c4d66-37ce-46af-a3a8-7219c161bdb8@group-2719600CAB4F-LeaderElection31] INFO  server.RaftServerConfigKeys (ConfUtils.java:logGet(46)) - raft.server.watch.element-limit = 65536 (default)
2022-10-08 01:35:09,805 [0f3c4d66-37ce-46af-a3a8-7219c161bdb8@group-2719600CAB4F-LeaderElection31] INFO  server.RaftServerConfigKeys (ConfUtils.java:logGet(46)) - raft.server.write.element-limit = 1024 (custom)
2022-10-08 01:35:09,805 [0f3c4d66-37ce-46af-a3a8-7219c161bdb8@group-2719600CAB4F-LeaderElection31] INFO  server.RaftServerConfigKeys (ConfUtils.java:logGet(46)) - raft.server.write.follower.gap.ratio.max = -1.0 (default)
2022-10-08 01:35:09,805 [0f3c4d66-37ce-46af-a3a8-7219c161bdb8@group-2719600CAB4F-LeaderElection31] INFO  impl.RoleInfo (RoleInfo.java:updateAndGet(139)) - 0f3c4d66-37ce-46af-a3a8-7219c161bdb8: start 0f3c4d66-37ce-46af-a3a8-7219c161bdb8@group-2719600CAB4F-LeaderStateImpl
2022-10-08 01:35:09,805 [0f3c4d66-37ce-46af-a3a8-7219c161bdb8@group-2719600CAB4F-LeaderElection31] INFO  segmented.SegmentedRaftLogWorker (SegmentedRaftLogWorker.java:startLogSegment(425)) - 0f3c4d66-37ce-46af-a3a8-7219c161bdb8@group-2719600CAB4F-SegmentedRaftLogWorker: Starting segment from index:0
2022-10-08 01:35:09,822 [0f3c4d66-37ce-46af-a3a8-7219c161bdb8@group-2719600CAB4F-LeaderElection31] INFO  server.RaftServer$Division (ServerState.java:setRaftConf(393)) - 0f3c4d66-37ce-46af-a3a8-7219c161bdb8@group-2719600CAB4F: set configuration 0: [0f3c4d66-37ce-46af-a3a8-7219c161bdb8|rpc:10.1.0.61:46327|dataStream:|priority:1], old=null
2022-10-08 01:35:09,834 [0f3c4d66-37ce-46af-a3a8-7219c161bdb8@group-2719600CAB4F-SegmentedRaftLogWorker] INFO  segmented.SegmentedRaftLogWorker (SegmentedRaftLogWorker.java:execute(629)) - 0f3c4d66-37ce-46af-a3a8-7219c161bdb8@group-2719600CAB4F-SegmentedRaftLogWorker: created new log segment /home/runner/work/ozone/ozone/hadoop-ozone/integration-test/target/test-dir/MiniOzoneClusterImpl-5d0d2deb-5324-41ce-86fc-5a78a6428163/datanode-3/data/ratis/85dbd495-780c-479f-9733-2719600cab4f/current/log_inprogress_0
2022-10-08 01:35:09,848 [EventQueue-OpenPipelineForHealthyPipelineSafeModeRule] INFO  safemode.SCMSafeModeManager (HealthyPipelineSafeModeRule.java:process(137)) - SCM in safe mode. Healthy pipelines reported count is 0, required healthy pipeline reported count is 1
2022-10-08 01:35:10,141 [ReplicationMonitor] INFO  replication.ReplicationManager (ReplicationManager.java:processAll(291)) - Replication Manager is not ready to run until 3000ms after safemode exit
2022-10-08 01:35:10,524 [Listener at 127.0.0.1/42695] INFO  ozone.MiniOzoneClusterImpl (MiniOzoneClusterImpl.java:lambda$waitForClusterToBeReady$0(216)) - Nodes are ready. Got 5 of 5 DN Heartbeats.
2022-10-08 01:35:10,524 [Listener at 127.0.0.1/42695] INFO  ozone.MiniOzoneClusterImpl (MiniOzoneClusterImpl.java:lambda$waitForClusterToBeReady$0(219)) - Waiting for cluster to exit safe mode
2022-10-08 01:35:10,524 [Listener at 127.0.0.1/42695] INFO  ozone.MiniOzoneClusterImpl (MiniOzoneClusterImpl.java:lambda$waitForClusterToBeReady$0(221)) - SCM became leader
2022-10-08 01:35:11,038 [932d31bf-cf15-45e6-97a3-7289ed74fac5@group-28097638D086-FollowerState] INFO  impl.FollowerState (FollowerState.java:run(143)) - 932d31bf-cf15-45e6-97a3-7289ed74fac5@group-28097638D086-FollowerState: change to CANDIDATE, lastRpcElapsedTime:5061583852ns, electionTimeout:5015ms
2022-10-08 01:35:11,038 [932d31bf-cf15-45e6-97a3-7289ed74fac5@group-28097638D086-FollowerState] INFO  impl.RoleInfo (RoleInfo.java:shutdownFollowerState(110)) - 932d31bf-cf15-45e6-97a3-7289ed74fac5: shutdown 932d31bf-cf15-45e6-97a3-7289ed74fac5@group-28097638D086-FollowerState
2022-10-08 01:35:11,038 [932d31bf-cf15-45e6-97a3-7289ed74fac5@group-28097638D086-FollowerState] INFO  server.RaftServer$Division (RaftServerImpl.java:setRole(299)) - 932d31bf-cf15-45e6-97a3-7289ed74fac5@group-28097638D086: changes role from  FOLLOWER to CANDIDATE at term 1 for changeToCandidate
2022-10-08 01:35:11,038 [932d31bf-cf15-45e6-97a3-7289ed74fac5@group-28097638D086-FollowerState] INFO  server.RaftServerConfigKeys (ConfUtils.java:logGet(46)) - raft.server.leaderelection.pre-vote = false (custom)
2022-10-08 01:35:11,038 [932d31bf-cf15-45e6-97a3-7289ed74fac5@group-28097638D086-FollowerState] INFO  impl.RoleInfo (RoleInfo.java:updateAndGet(139)) - 932d31bf-cf15-45e6-97a3-7289ed74fac5: start 932d31bf-cf15-45e6-97a3-7289ed74fac5@group-28097638D086-LeaderElection32
2022-10-08 01:35:11,088 [6b604ca2-684c-4b87-aad0-ccae04811294@group-28097638D086-FollowerState] INFO  impl.FollowerState (FollowerState.java:run(143)) - 6b604ca2-684c-4b87-aad0-ccae04811294@group-28097638D086-FollowerState: change to CANDIDATE, lastRpcElapsedTime:5214558767ns, electionTimeout:5187ms
2022-10-08 01:35:11,089 [6b604ca2-684c-4b87-aad0-ccae04811294@group-28097638D086-FollowerState] INFO  impl.RoleInfo (RoleInfo.java:shutdownFollowerState(110)) - 6b604ca2-684c-4b87-aad0-ccae04811294: shutdown 6b604ca2-684c-4b87-aad0-ccae04811294@group-28097638D086-FollowerState
2022-10-08 01:35:11,089 [6b604ca2-684c-4b87-aad0-ccae04811294@group-28097638D086-FollowerState] INFO  server.RaftServer$Division (RaftServerImpl.java:setRole(299)) - 6b604ca2-684c-4b87-aad0-ccae04811294@group-28097638D086: changes role from  FOLLOWER to CANDIDATE at term 1 for changeToCandidate
2022-10-08 01:35:11,089 [6b604ca2-684c-4b87-aad0-ccae04811294@group-28097638D086-FollowerState] INFO  server.RaftServerConfigKeys (ConfUtils.java:logGet(46)) - raft.server.leaderelection.pre-vote = false (custom)
2022-10-08 01:35:11,089 [6b604ca2-684c-4b87-aad0-ccae04811294@group-28097638D086-FollowerState] INFO  impl.RoleInfo (RoleInfo.java:updateAndGet(139)) - 6b604ca2-684c-4b87-aad0-ccae04811294: start 6b604ca2-684c-4b87-aad0-ccae04811294@group-28097638D086-LeaderElection33
2022-10-08 01:35:11,108 [932d31bf-cf15-45e6-97a3-7289ed74fac5@group-28097638D086-LeaderElection32] INFO  impl.LeaderElection (LeaderElection.java:askForVotes(310)) - 932d31bf-cf15-45e6-97a3-7289ed74fac5@group-28097638D086-LeaderElection32 ELECTION round 0: submit vote requests at term 2 for -1: [6b604ca2-684c-4b87-aad0-ccae04811294|rpc:10.1.0.61:39343|priority:1, 932d31bf-cf15-45e6-97a3-7289ed74fac5|rpc:10.1.0.61:46727|priority:0, 0f1ac1f5-5b02-4bf5-a39e-40addf081f4e|rpc:10.1.0.61:42591|priority:0], old=null
2022-10-08 01:35:11,122 [6b604ca2-684c-4b87-aad0-ccae04811294@group-28097638D086-LeaderElection33] INFO  impl.LeaderElection (LeaderElection.java:askForVotes(310)) - 6b604ca2-684c-4b87-aad0-ccae04811294@group-28097638D086-LeaderElection33 ELECTION round 0: submit vote requests at term 2 for -1: [6b604ca2-684c-4b87-aad0-ccae04811294|rpc:10.1.0.61:39343|dataStream:|priority:1, 932d31bf-cf15-45e6-97a3-7289ed74fac5|rpc:10.1.0.61:46727|dataStream:|priority:0, 0f1ac1f5-5b02-4bf5-a39e-40addf081f4e|rpc:10.1.0.61:42591|dataStream:|priority:0], old=null
2022-10-08 01:35:11,141 [ReplicationMonitor] INFO  replication.ReplicationManager (ReplicationManager.java:processAll(291)) - Replication Manager is not ready to run until 3000ms after safemode exit
2022-10-08 01:35:11,153 [grpc-default-executor-3] INFO  server.RaftServer$Division (RaftServerImpl.java:requestVote(1152)) - 6b604ca2-684c-4b87-aad0-ccae04811294@group-28097638D086: receive requestVote(ELECTION, 932d31bf-cf15-45e6-97a3-7289ed74fac5, group-28097638D086, 2, (t:0, i:0))
2022-10-08 01:35:11,153 [grpc-default-executor-3] INFO  impl.VoteContext (VoteContext.java:log(48)) - 6b604ca2-684c-4b87-aad0-ccae04811294@group-28097638D086-CANDIDATE: reject ELECTION from 932d31bf-cf15-45e6-97a3-7289ed74fac5: already has voted for 6b604ca2-684c-4b87-aad0-ccae04811294 at current term 2
2022-10-08 01:35:11,153 [grpc-default-executor-3] INFO  server.RaftServer$Division (RaftServerImpl.java:requestVote(1184)) - 6b604ca2-684c-4b87-aad0-ccae04811294@group-28097638D086 replies to ELECTION vote request: 932d31bf-cf15-45e6-97a3-7289ed74fac5<-6b604ca2-684c-4b87-aad0-ccae04811294#0:FAIL-t2. Peer's state: 6b604ca2-684c-4b87-aad0-ccae04811294@group-28097638D086:t2, leader=null, voted=6b604ca2-684c-4b87-aad0-ccae04811294, raftlog=6b604ca2-684c-4b87-aad0-ccae04811294@group-28097638D086-SegmentedRaftLog:OPENED:c-1, conf=-1: [6b604ca2-684c-4b87-aad0-ccae04811294|rpc:10.1.0.61:39343|dataStream:|priority:1, 932d31bf-cf15-45e6-97a3-7289ed74fac5|rpc:10.1.0.61:46727|dataStream:|priority:0, 0f1ac1f5-5b02-4bf5-a39e-40addf081f4e|rpc:10.1.0.61:42591|dataStream:|priority:0], old=null
2022-10-08 01:35:11,164 [932d31bf-cf15-45e6-97a3-7289ed74fac5@group-28097638D086-LeaderElection32] INFO  impl.LeaderElection (LeaderElection.java:logAndReturn(90)) - 932d31bf-cf15-45e6-97a3-7289ed74fac5@group-28097638D086-LeaderElection32: ELECTION REJECTED received 1 response(s) and 0 exception(s):
2022-10-08 01:35:11,164 [932d31bf-cf15-45e6-97a3-7289ed74fac5@group-28097638D086-LeaderElection32] INFO  impl.LeaderElection (LeaderElection.java:logAndReturn(94)) -   Response 0: 932d31bf-cf15-45e6-97a3-7289ed74fac5<-6b604ca2-684c-4b87-aad0-ccae04811294#0:FAIL-t2
2022-10-08 01:35:11,164 [grpc-default-executor-3] INFO  server.RaftServer$Division (RaftServerImpl.java:requestVote(1152)) - 0f1ac1f5-5b02-4bf5-a39e-40addf081f4e@group-28097638D086: receive requestVote(ELECTION, 932d31bf-cf15-45e6-97a3-7289ed74fac5, group-28097638D086, 2, (t:0, i:0))
2022-10-08 01:35:11,165 [grpc-default-executor-3] INFO  impl.VoteContext (VoteContext.java:log(48)) - 0f1ac1f5-5b02-4bf5-a39e-40addf081f4e@group-28097638D086-FOLLOWER: accept ELECTION from 932d31bf-cf15-45e6-97a3-7289ed74fac5: our priority 0 <= candidate's priority 0
2022-10-08 01:35:11,165 [grpc-default-executor-3] INFO  server.RaftServer$Division (RaftServerImpl.java:setRole(299)) - 0f1ac1f5-5b02-4bf5-a39e-40addf081f4e@group-28097638D086: changes role from  FOLLOWER to FOLLOWER at term 2 for candidate:932d31bf-cf15-45e6-97a3-7289ed74fac5
2022-10-08 01:35:11,165 [grpc-default-executor-3] INFO  impl.RoleInfo (RoleInfo.java:shutdownFollowerState(110)) - 0f1ac1f5-5b02-4bf5-a39e-40addf081f4e: shutdown 0f1ac1f5-5b02-4bf5-a39e-40addf081f4e@group-28097638D086-FollowerState
2022-10-08 01:35:11,170 [932d31bf-cf15-45e6-97a3-7289ed74fac5@group-28097638D086-LeaderElection32] INFO  impl.LeaderElection (LeaderElection.java:askForVotes(312)) - 932d31bf-cf15-45e6-97a3-7289ed74fac5@group-28097638D086-LeaderElection32 ELECTION round 0: result REJECTED
2022-10-08 01:35:11,170 [grpc-default-executor-3] INFO  impl.RoleInfo (RoleInfo.java:updateAndGet(139)) - 0f1ac1f5-5b02-4bf5-a39e-40addf081f4e: start 0f1ac1f5-5b02-4bf5-a39e-40addf081f4e@group-28097638D086-FollowerState
2022-10-08 01:35:11,170 [932d31bf-cf15-45e6-97a3-7289ed74fac5@group-28097638D086-LeaderElection32] INFO  server.RaftServer$Division (RaftServerImpl.java:setRole(299)) - 932d31bf-cf15-45e6-97a3-7289ed74fac5@group-28097638D086: changes role from CANDIDATE to FOLLOWER at term 2 for REJECTED
2022-10-08 01:35:11,171 [932d31bf-cf15-45e6-97a3-7289ed74fac5@group-28097638D086-LeaderElection32] INFO  impl.RoleInfo (RoleInfo.java:shutdownLeaderElection(130)) - 932d31bf-cf15-45e6-97a3-7289ed74fac5: shutdown 932d31bf-cf15-45e6-97a3-7289ed74fac5@group-28097638D086-LeaderElection32
2022-10-08 01:35:11,171 [0f1ac1f5-5b02-4bf5-a39e-40addf081f4e@group-28097638D086-FollowerState] INFO  impl.FollowerState (FollowerState.java:run(152)) - 0f1ac1f5-5b02-4bf5-a39e-40addf081f4e@group-28097638D086-FollowerState was interrupted
2022-10-08 01:35:11,183 [grpc-default-executor-3] INFO  server.RaftServer$Division (RaftServerImpl.java:requestVote(1184)) - 0f1ac1f5-5b02-4bf5-a39e-40addf081f4e@group-28097638D086 replies to ELECTION vote request: 932d31bf-cf15-45e6-97a3-7289ed74fac5<-0f1ac1f5-5b02-4bf5-a39e-40addf081f4e#0:OK-t2. Peer's state: 0f1ac1f5-5b02-4bf5-a39e-40addf081f4e@group-28097638D086:t2, leader=null, voted=932d31bf-cf15-45e6-97a3-7289ed74fac5, raftlog=0f1ac1f5-5b02-4bf5-a39e-40addf081f4e@group-28097638D086-SegmentedRaftLog:OPENED:c-1, conf=-1: [6b604ca2-684c-4b87-aad0-ccae04811294|rpc:10.1.0.61:39343|dataStream:|priority:1, 932d31bf-cf15-45e6-97a3-7289ed74fac5|rpc:10.1.0.61:46727|dataStream:|priority:0, 0f1ac1f5-5b02-4bf5-a39e-40addf081f4e|rpc:10.1.0.61:42591|dataStream:|priority:0], old=null
2022-10-08 01:35:11,191 [932d31bf-cf15-45e6-97a3-7289ed74fac5@group-28097638D086-LeaderElection32] INFO  impl.RoleInfo (RoleInfo.java:updateAndGet(139)) - 932d31bf-cf15-45e6-97a3-7289ed74fac5: start 932d31bf-cf15-45e6-97a3-7289ed74fac5@group-28097638D086-FollowerState
2022-10-08 01:35:11,270 [grpc-default-executor-2] INFO  server.RaftServer$Division (RaftServerImpl.java:requestVote(1152)) - 0f1ac1f5-5b02-4bf5-a39e-40addf081f4e@group-28097638D086: receive requestVote(ELECTION, 6b604ca2-684c-4b87-aad0-ccae04811294, group-28097638D086, 2, (t:0, i:0))
2022-10-08 01:35:11,270 [grpc-default-executor-2] INFO  impl.VoteContext (VoteContext.java:log(48)) - 0f1ac1f5-5b02-4bf5-a39e-40addf081f4e@group-28097638D086-FOLLOWER: reject ELECTION from 6b604ca2-684c-4b87-aad0-ccae04811294: already has voted for 932d31bf-cf15-45e6-97a3-7289ed74fac5 at current term 2
2022-10-08 01:35:11,270 [grpc-default-executor-2] INFO  server.RaftServer$Division (RaftServerImpl.java:requestVote(1184)) - 0f1ac1f5-5b02-4bf5-a39e-40addf081f4e@group-28097638D086 replies to ELECTION vote request: 6b604ca2-684c-4b87-aad0-ccae04811294<-0f1ac1f5-5b02-4bf5-a39e-40addf081f4e#0:FAIL-t2. Peer's state: 0f1ac1f5-5b02-4bf5-a39e-40addf081f4e@group-28097638D086:t2, leader=null, voted=932d31bf-cf15-45e6-97a3-7289ed74fac5, raftlog=0f1ac1f5-5b02-4bf5-a39e-40addf081f4e@group-28097638D086-SegmentedRaftLog:OPENED:c-1, conf=-1: [6b604ca2-684c-4b87-aad0-ccae04811294|rpc:10.1.0.61:39343|dataStream:|priority:1, 932d31bf-cf15-45e6-97a3-7289ed74fac5|rpc:10.1.0.61:46727|dataStream:|priority:0, 0f1ac1f5-5b02-4bf5-a39e-40addf081f4e|rpc:10.1.0.61:42591|dataStream:|priority:0], old=null
2022-10-08 01:35:11,271 [grpc-default-executor-3] INFO  server.RaftServer$Division (RaftServerImpl.java:requestVote(1152)) - 932d31bf-cf15-45e6-97a3-7289ed74fac5@group-28097638D086: receive requestVote(ELECTION, 6b604ca2-684c-4b87-aad0-ccae04811294, group-28097638D086, 2, (t:0, i:0))
2022-10-08 01:35:11,271 [grpc-default-executor-3] INFO  impl.VoteContext (VoteContext.java:log(48)) - 932d31bf-cf15-45e6-97a3-7289ed74fac5@group-28097638D086-FOLLOWER: reject ELECTION from 6b604ca2-684c-4b87-aad0-ccae04811294: already has voted for 932d31bf-cf15-45e6-97a3-7289ed74fac5 at current term 2
2022-10-08 01:35:11,271 [grpc-default-executor-3] INFO  server.RaftServer$Division (RaftServerImpl.java:requestVote(1184)) - 932d31bf-cf15-45e6-97a3-7289ed74fac5@group-28097638D086 replies to ELECTION vote request: 6b604ca2-684c-4b87-aad0-ccae04811294<-932d31bf-cf15-45e6-97a3-7289ed74fac5#0:FAIL-t2. Peer's state: 932d31bf-cf15-45e6-97a3-7289ed74fac5@group-28097638D086:t2, leader=null, voted=932d31bf-cf15-45e6-97a3-7289ed74fac5, raftlog=932d31bf-cf15-45e6-97a3-7289ed74fac5@group-28097638D086-SegmentedRaftLog:OPENED:c-1, conf=-1: [6b604ca2-684c-4b87-aad0-ccae04811294|rpc:10.1.0.61:39343|priority:1, 932d31bf-cf15-45e6-97a3-7289ed74fac5|rpc:10.1.0.61:46727|priority:0, 0f1ac1f5-5b02-4bf5-a39e-40addf081f4e|rpc:10.1.0.61:42591|priority:0], old=null
2022-10-08 01:35:11,299 [6b604ca2-684c-4b87-aad0-ccae04811294@group-28097638D086-LeaderElection33] INFO  impl.LeaderElection (LeaderElection.java:logAndReturn(90)) - 6b604ca2-684c-4b87-aad0-ccae04811294@group-28097638D086-LeaderElection33: ELECTION REJECTED received 2 response(s) and 0 exception(s):
2022-10-08 01:35:11,299 [6b604ca2-684c-4b87-aad0-ccae04811294@group-28097638D086-LeaderElection33] INFO  impl.LeaderElection (LeaderElection.java:logAndReturn(94)) -   Response 0: 6b604ca2-684c-4b87-aad0-ccae04811294<-932d31bf-cf15-45e6-97a3-7289ed74fac5#0:FAIL-t2
2022-10-08 01:35:11,299 [6b604ca2-684c-4b87-aad0-ccae04811294@group-28097638D086-LeaderElection33] INFO  impl.LeaderElection (LeaderElection.java:logAndReturn(94)) -   Response 1: 6b604ca2-684c-4b87-aad0-ccae04811294<-0f1ac1f5-5b02-4bf5-a39e-40addf081f4e#0:FAIL-t2
2022-10-08 01:35:11,299 [6b604ca2-684c-4b87-aad0-ccae04811294@group-28097638D086-LeaderElection33] INFO  impl.LeaderElection (LeaderElection.java:askForVotes(312)) - 6b604ca2-684c-4b87-aad0-ccae04811294@group-28097638D086-LeaderElection33 ELECTION round 0: result REJECTED
2022-10-08 01:35:11,300 [6b604ca2-684c-4b87-aad0-ccae04811294@group-28097638D086-LeaderElection33] INFO  server.RaftServer$Division (RaftServerImpl.java:setRole(299)) - 6b604ca2-684c-4b87-aad0-ccae04811294@group-28097638D086: changes role from CANDIDATE to FOLLOWER at term 2 for REJECTED
2022-10-08 01:35:11,300 [6b604ca2-684c-4b87-aad0-ccae04811294@group-28097638D086-LeaderElection33] INFO  impl.RoleInfo (RoleInfo.java:shutdownLeaderElection(130)) - 6b604ca2-684c-4b87-aad0-ccae04811294: shutdown 6b604ca2-684c-4b87-aad0-ccae04811294@group-28097638D086-LeaderElection33
2022-10-08 01:35:11,300 [6b604ca2-684c-4b87-aad0-ccae04811294@group-28097638D086-LeaderElection33] INFO  impl.RoleInfo (RoleInfo.java:updateAndGet(139)) - 6b604ca2-684c-4b87-aad0-ccae04811294: start 6b604ca2-684c-4b87-aad0-ccae04811294@group-28097638D086-FollowerState
2022-10-08 01:35:11,524 [Listener at 127.0.0.1/42695] INFO  ozone.MiniOzoneClusterImpl (MiniOzoneClusterImpl.java:lambda$waitForClusterToBeReady$0(216)) - Nodes are ready. Got 5 of 5 DN Heartbeats.
2022-10-08 01:35:11,524 [Listener at 127.0.0.1/42695] INFO  ozone.MiniOzoneClusterImpl (MiniOzoneClusterImpl.java:lambda$waitForClusterToBeReady$0(219)) - Waiting for cluster to exit safe mode
2022-10-08 01:35:11,524 [Listener at 127.0.0.1/42695] INFO  ozone.MiniOzoneClusterImpl (MiniOzoneClusterImpl.java:lambda$waitForClusterToBeReady$0(221)) - SCM became leader
2022-10-08 01:35:11,850 [d67d85fb-f556-421f-824a-4b9f68a177f7@group-544B07EA4D89-FollowerState] INFO  impl.FollowerState (FollowerState.java:run(143)) - d67d85fb-f556-421f-824a-4b9f68a177f7@group-544B07EA4D89-FollowerState: change to CANDIDATE, lastRpcElapsedTime:5095707461ns, electionTimeout:5082ms
2022-10-08 01:35:11,850 [d67d85fb-f556-421f-824a-4b9f68a177f7@group-544B07EA4D89-FollowerState] INFO  impl.RoleInfo (RoleInfo.java:shutdownFollowerState(110)) - d67d85fb-f556-421f-824a-4b9f68a177f7: shutdown d67d85fb-f556-421f-824a-4b9f68a177f7@group-544B07EA4D89-FollowerState
2022-10-08 01:35:11,850 [d67d85fb-f556-421f-824a-4b9f68a177f7@group-544B07EA4D89-FollowerState] INFO  server.RaftServer$Division (RaftServerImpl.java:setRole(299)) - d67d85fb-f556-421f-824a-4b9f68a177f7@group-544B07EA4D89: changes role from  FOLLOWER to CANDIDATE at term 0 for changeToCandidate
2022-10-08 01:35:11,850 [d67d85fb-f556-421f-824a-4b9f68a177f7@group-544B07EA4D89-FollowerState] INFO  server.RaftServerConfigKeys (ConfUtils.java:logGet(46)) - raft.server.leaderelection.pre-vote = false (custom)
2022-10-08 01:35:11,850 [d67d85fb-f556-421f-824a-4b9f68a177f7@group-544B07EA4D89-FollowerState] INFO  impl.RoleInfo (RoleInfo.java:updateAndGet(139)) - d67d85fb-f556-421f-824a-4b9f68a177f7: start d67d85fb-f556-421f-824a-4b9f68a177f7@group-544B07EA4D89-LeaderElection34
2022-10-08 01:35:11,888 [d67d85fb-f556-421f-824a-4b9f68a177f7@group-544B07EA4D89-LeaderElection34] INFO  impl.LeaderElection (LeaderElection.java:askForVotes(310)) - d67d85fb-f556-421f-824a-4b9f68a177f7@group-544B07EA4D89-LeaderElection34 ELECTION round 0: submit vote requests at term 1 for -1: [d67d85fb-f556-421f-824a-4b9f68a177f7|rpc:10.1.0.61:46031|priority:1], old=null
2022-10-08 01:35:11,889 [d67d85fb-f556-421f-824a-4b9f68a177f7@group-544B07EA4D89-LeaderElection34] INFO  impl.LeaderElection (LeaderElection.java:askForVotes(312)) - d67d85fb-f556-421f-824a-4b9f68a177f7@group-544B07EA4D89-LeaderElection34 ELECTION round 0: result PASSED (term=1)
2022-10-08 01:35:11,889 [d67d85fb-f556-421f-824a-4b9f68a177f7@group-544B07EA4D89-LeaderElection34] INFO  impl.RoleInfo (RoleInfo.java:shutdownLeaderElection(130)) - d67d85fb-f556-421f-824a-4b9f68a177f7: shutdown d67d85fb-f556-421f-824a-4b9f68a177f7@group-544B07EA4D89-LeaderElection34
2022-10-08 01:35:11,889 [d67d85fb-f556-421f-824a-4b9f68a177f7@group-544B07EA4D89-LeaderElection34] INFO  server.RaftServer$Division (RaftServerImpl.java:setRole(299)) - d67d85fb-f556-421f-824a-4b9f68a177f7@group-544B07EA4D89: changes role from CANDIDATE to LEADER at term 1 for changeToLeader
2022-10-08 01:35:11,889 [d67d85fb-f556-421f-824a-4b9f68a177f7@group-544B07EA4D89-LeaderElection34] INFO  ratis.XceiverServerRatis (XceiverServerRatis.java:handleLeaderChangedNotification(863)) - Leader change notification received for group: group-544B07EA4D89 with new leaderId: d67d85fb-f556-421f-824a-4b9f68a177f7
2022-10-08 01:35:11,890 [EventQueue-OpenPipelineForHealthyPipelineSafeModeRule] INFO  safemode.SCMSafeModeManager (HealthyPipelineSafeModeRule.java:process(137)) - SCM in safe mode. Healthy pipelines reported count is 0, required healthy pipeline reported count is 1
2022-10-08 01:35:11,890 [d67d85fb-f556-421f-824a-4b9f68a177f7@group-544B07EA4D89-LeaderElection34] INFO  server.RaftServer$Division (ServerState.java:setLeader(287)) - d67d85fb-f556-421f-824a-4b9f68a177f7@group-544B07EA4D89: change Leader from null to d67d85fb-f556-421f-824a-4b9f68a177f7 at term 1 for becomeLeader, leader elected after 5165ms
2022-10-08 01:35:11,890 [d67d85fb-f556-421f-824a-4b9f68a177f7@group-544B07EA4D89-LeaderElection34] INFO  server.RaftServerConfigKeys (ConfUtils.java:logGet(46)) - raft.server.staging.catchup.gap = 1000 (default)
2022-10-08 01:35:11,890 [d67d85fb-f556-421f-824a-4b9f68a177f7@group-544B07EA4D89-LeaderElection34] INFO  server.RaftServerConfigKeys (ConfUtils.java:logGet(46)) - raft.server.write.element-limit = 1024 (custom)
2022-10-08 01:35:11,890 [d67d85fb-f556-421f-824a-4b9f68a177f7@group-544B07EA4D89-LeaderElection34] INFO  server.RaftServerConfigKeys (ConfUtils.java:logGet(46)) - raft.server.write.byte-limit = 1024 M (=1073741824) (custom)
2022-10-08 01:35:11,891 [d67d85fb-f556-421f-824a-4b9f68a177f7@group-544B07EA4D89-LeaderElection34] INFO  server.RaftServerConfigKeys (ConfUtils.java:logGet(46)) - raft.server.watch.timeout = 180s (custom)
2022-10-08 01:35:11,891 [d67d85fb-f556-421f-824a-4b9f68a177f7@group-544B07EA4D89-LeaderElection34] INFO  server.RaftServerConfigKeys (ConfUtils.java:logGet(46)) - raft.server.watch.timeout.denomination = 1s (default)
2022-10-08 01:35:11,891 [d67d85fb-f556-421f-824a-4b9f68a177f7@group-544B07EA4D89-LeaderElection34] INFO  server.RaftServerConfigKeys (ConfUtils.java:logGet(46)) - raft.server.watch.element-limit = 65536 (default)
2022-10-08 01:35:11,891 [d67d85fb-f556-421f-824a-4b9f68a177f7@group-544B07EA4D89-LeaderElection34] INFO  server.RaftServerConfigKeys (ConfUtils.java:logGet(46)) - raft.server.write.element-limit = 1024 (custom)
2022-10-08 01:35:11,893 [d67d85fb-f556-421f-824a-4b9f68a177f7@group-544B07EA4D89-LeaderElection34] INFO  server.RaftServerConfigKeys (ConfUtils.java:logGet(46)) - raft.server.write.follower.gap.ratio.max = -1.0 (default)
2022-10-08 01:35:11,893 [d67d85fb-f556-421f-824a-4b9f68a177f7@group-544B07EA4D89-LeaderElection34] INFO  impl.RoleInfo (RoleInfo.java:updateAndGet(139)) - d67d85fb-f556-421f-824a-4b9f68a177f7: start d67d85fb-f556-421f-824a-4b9f68a177f7@group-544B07EA4D89-LeaderStateImpl
2022-10-08 01:35:11,893 [d67d85fb-f556-421f-824a-4b9f68a177f7@group-544B07EA4D89-LeaderElection34] INFO  segmented.SegmentedRaftLogWorker (SegmentedRaftLogWorker.java:startLogSegment(425)) - d67d85fb-f556-421f-824a-4b9f68a177f7@group-544B07EA4D89-SegmentedRaftLogWorker: Starting segment from index:0
2022-10-08 01:35:11,902 [d67d85fb-f556-421f-824a-4b9f68a177f7@group-544B07EA4D89-SegmentedRaftLogWorker] INFO  segmented.SegmentedRaftLogWorker (SegmentedRaftLogWorker.java:execute(629)) - d67d85fb-f556-421f-824a-4b9f68a177f7@group-544B07EA4D89-SegmentedRaftLogWorker: created new log segment /home/runner/work/ozone/ozone/hadoop-ozone/integration-test/target/test-dir/MiniOzoneClusterImpl-5d0d2deb-5324-41ce-86fc-5a78a6428163/datanode-4/data/ratis/cc2a3127-9bff-4d77-8dea-544b07ea4d89/current/log_inprogress_0
2022-10-08 01:35:11,927 [d67d85fb-f556-421f-824a-4b9f68a177f7@group-544B07EA4D89-LeaderElection34] INFO  server.RaftServer$Division (ServerState.java:setRaftConf(393)) - d67d85fb-f556-421f-824a-4b9f68a177f7@group-544B07EA4D89: set configuration 0: [d67d85fb-f556-421f-824a-4b9f68a177f7|rpc:10.1.0.61:46031|dataStream:|priority:1], old=null
2022-10-08 01:35:12,141 [ReplicationMonitor] INFO  replication.ReplicationManager (ReplicationManager.java:processAll(291)) - Replication Manager is not ready to run until 3000ms after safemode exit
2022-10-08 01:35:12,524 [Listener at 127.0.0.1/42695] INFO  ozone.MiniOzoneClusterImpl (MiniOzoneClusterImpl.java:lambda$waitForClusterToBeReady$0(216)) - Nodes are ready. Got 5 of 5 DN Heartbeats.
2022-10-08 01:35:12,524 [Listener at 127.0.0.1/42695] INFO  ozone.MiniOzoneClusterImpl (MiniOzoneClusterImpl.java:lambda$waitForClusterToBeReady$0(219)) - Waiting for cluster to exit safe mode
2022-10-08 01:35:12,524 [Listener at 127.0.0.1/42695] INFO  ozone.MiniOzoneClusterImpl (MiniOzoneClusterImpl.java:lambda$waitForClusterToBeReady$0(221)) - SCM became leader
2022-10-08 01:35:13,142 [ReplicationMonitor] INFO  replication.ReplicationManager (ReplicationManager.java:processAll(291)) - Replication Manager is not ready to run until 3000ms after safemode exit
2022-10-08 01:35:13,532 [Listener at 127.0.0.1/42695] INFO  ozone.MiniOzoneClusterImpl (MiniOzoneClusterImpl.java:lambda$waitForClusterToBeReady$0(216)) - Nodes are ready. Got 5 of 5 DN Heartbeats.
2022-10-08 01:35:13,532 [Listener at 127.0.0.1/42695] INFO  ozone.MiniOzoneClusterImpl (MiniOzoneClusterImpl.java:lambda$waitForClusterToBeReady$0(219)) - Waiting for cluster to exit safe mode
2022-10-08 01:35:13,532 [Listener at 127.0.0.1/42695] INFO  ozone.MiniOzoneClusterImpl (MiniOzoneClusterImpl.java:lambda$waitForClusterToBeReady$0(221)) - SCM became leader
2022-10-08 01:35:14,142 [ReplicationMonitor] INFO  replication.ReplicationManager (ReplicationManager.java:processAll(291)) - Replication Manager is not ready to run until 3000ms after safemode exit
2022-10-08 01:35:14,536 [Listener at 127.0.0.1/42695] INFO  ozone.MiniOzoneClusterImpl (MiniOzoneClusterImpl.java:lambda$waitForClusterToBeReady$0(216)) - Nodes are ready. Got 5 of 5 DN Heartbeats.
2022-10-08 01:35:14,536 [Listener at 127.0.0.1/42695] INFO  ozone.MiniOzoneClusterImpl (MiniOzoneClusterImpl.java:lambda$waitForClusterToBeReady$0(219)) - Waiting for cluster to exit safe mode
2022-10-08 01:35:14,536 [Listener at 127.0.0.1/42695] INFO  ozone.MiniOzoneClusterImpl (MiniOzoneClusterImpl.java:lambda$waitForClusterToBeReady$0(221)) - SCM became leader
2022-10-08 01:35:15,144 [ReplicationMonitor] INFO  replication.ReplicationManager (ReplicationManager.java:processAll(291)) - Replication Manager is not ready to run until 3000ms after safemode exit
2022-10-08 01:35:15,544 [Listener at 127.0.0.1/42695] INFO  ozone.MiniOzoneClusterImpl (MiniOzoneClusterImpl.java:lambda$waitForClusterToBeReady$0(216)) - Nodes are ready. Got 5 of 5 DN Heartbeats.
2022-10-08 01:35:15,544 [Listener at 127.0.0.1/42695] INFO  ozone.MiniOzoneClusterImpl (MiniOzoneClusterImpl.java:lambda$waitForClusterToBeReady$0(219)) - Waiting for cluster to exit safe mode
2022-10-08 01:35:15,544 [Listener at 127.0.0.1/42695] INFO  ozone.MiniOzoneClusterImpl (MiniOzoneClusterImpl.java:lambda$waitForClusterToBeReady$0(221)) - SCM became leader
2022-10-08 01:35:16,146 [ReplicationMonitor] INFO  replication.ReplicationManager (ReplicationManager.java:processAll(291)) - Replication Manager is not ready to run until 3000ms after safemode exit
2022-10-08 01:35:16,431 [932d31bf-cf15-45e6-97a3-7289ed74fac5@group-28097638D086-FollowerState] INFO  impl.FollowerState (FollowerState.java:run(143)) - 932d31bf-cf15-45e6-97a3-7289ed74fac5@group-28097638D086-FollowerState: change to CANDIDATE, lastRpcElapsedTime:5240496544ns, electionTimeout:5178ms
2022-10-08 01:35:16,431 [932d31bf-cf15-45e6-97a3-7289ed74fac5@group-28097638D086-FollowerState] INFO  impl.RoleInfo (RoleInfo.java:shutdownFollowerState(110)) - 932d31bf-cf15-45e6-97a3-7289ed74fac5: shutdown 932d31bf-cf15-45e6-97a3-7289ed74fac5@group-28097638D086-FollowerState
2022-10-08 01:35:16,431 [932d31bf-cf15-45e6-97a3-7289ed74fac5@group-28097638D086-FollowerState] INFO  server.RaftServer$Division (RaftServerImpl.java:setRole(299)) - 932d31bf-cf15-45e6-97a3-7289ed74fac5@group-28097638D086: changes role from  FOLLOWER to CANDIDATE at term 2 for changeToCandidate
2022-10-08 01:35:16,432 [932d31bf-cf15-45e6-97a3-7289ed74fac5@group-28097638D086-FollowerState] INFO  server.RaftServerConfigKeys (ConfUtils.java:logGet(46)) - raft.server.leaderelection.pre-vote = false (custom)
2022-10-08 01:35:16,432 [932d31bf-cf15-45e6-97a3-7289ed74fac5@group-28097638D086-FollowerState] INFO  impl.RoleInfo (RoleInfo.java:updateAndGet(139)) - 932d31bf-cf15-45e6-97a3-7289ed74fac5: start 932d31bf-cf15-45e6-97a3-7289ed74fac5@group-28097638D086-LeaderElection35
2022-10-08 01:35:16,441 [6b604ca2-684c-4b87-aad0-ccae04811294@group-28097638D086-FollowerState] INFO  impl.FollowerState (FollowerState.java:run(143)) - 6b604ca2-684c-4b87-aad0-ccae04811294@group-28097638D086-FollowerState: change to CANDIDATE, lastRpcElapsedTime:5141275400ns, electionTimeout:5117ms
2022-10-08 01:35:16,441 [6b604ca2-684c-4b87-aad0-ccae04811294@group-28097638D086-FollowerState] INFO  impl.RoleInfo (RoleInfo.java:shutdownFollowerState(110)) - 6b604ca2-684c-4b87-aad0-ccae04811294: shutdown 6b604ca2-684c-4b87-aad0-ccae04811294@group-28097638D086-FollowerState
2022-10-08 01:35:16,441 [6b604ca2-684c-4b87-aad0-ccae04811294@group-28097638D086-FollowerState] INFO  server.RaftServer$Division (RaftServerImpl.java:setRole(299)) - 6b604ca2-684c-4b87-aad0-ccae04811294@group-28097638D086: changes role from  FOLLOWER to CANDIDATE at term 2 for changeToCandidate
2022-10-08 01:35:16,445 [6b604ca2-684c-4b87-aad0-ccae04811294@group-28097638D086-FollowerState] INFO  server.RaftServerConfigKeys (ConfUtils.java:logGet(46)) - raft.server.leaderelection.pre-vote = false (custom)
2022-10-08 01:35:16,445 [6b604ca2-684c-4b87-aad0-ccae04811294@group-28097638D086-FollowerState] INFO  impl.RoleInfo (RoleInfo.java:updateAndGet(139)) - 6b604ca2-684c-4b87-aad0-ccae04811294: start 6b604ca2-684c-4b87-aad0-ccae04811294@group-28097638D086-LeaderElection36
2022-10-08 01:35:16,493 [932d31bf-cf15-45e6-97a3-7289ed74fac5@group-28097638D086-LeaderElection35] INFO  impl.LeaderElection (LeaderElection.java:askForVotes(310)) - 932d31bf-cf15-45e6-97a3-7289ed74fac5@group-28097638D086-LeaderElection35 ELECTION round 0: submit vote requests at term 3 for -1: [6b604ca2-684c-4b87-aad0-ccae04811294|rpc:10.1.0.61:39343|priority:1, 932d31bf-cf15-45e6-97a3-7289ed74fac5|rpc:10.1.0.61:46727|priority:0, 0f1ac1f5-5b02-4bf5-a39e-40addf081f4e|rpc:10.1.0.61:42591|priority:0], old=null
2022-10-08 01:35:16,501 [grpc-default-executor-3] INFO  server.RaftServer$Division (RaftServerImpl.java:requestVote(1152)) - 6b604ca2-684c-4b87-aad0-ccae04811294@group-28097638D086: receive requestVote(ELECTION, 932d31bf-cf15-45e6-97a3-7289ed74fac5, group-28097638D086, 3, (t:0, i:0))
2022-10-08 01:35:16,502 [grpc-default-executor-2] INFO  server.RaftServer$Division (RaftServerImpl.java:requestVote(1152)) - 0f1ac1f5-5b02-4bf5-a39e-40addf081f4e@group-28097638D086: receive requestVote(ELECTION, 932d31bf-cf15-45e6-97a3-7289ed74fac5, group-28097638D086, 3, (t:0, i:0))
2022-10-08 01:35:16,502 [grpc-default-executor-2] INFO  impl.VoteContext (VoteContext.java:log(48)) - 0f1ac1f5-5b02-4bf5-a39e-40addf081f4e@group-28097638D086-FOLLOWER: accept ELECTION from 932d31bf-cf15-45e6-97a3-7289ed74fac5: our priority 0 <= candidate's priority 0
2022-10-08 01:35:16,502 [grpc-default-executor-2] INFO  server.RaftServer$Division (RaftServerImpl.java:setRole(299)) - 0f1ac1f5-5b02-4bf5-a39e-40addf081f4e@group-28097638D086: changes role from  FOLLOWER to FOLLOWER at term 3 for candidate:932d31bf-cf15-45e6-97a3-7289ed74fac5
2022-10-08 01:35:16,502 [grpc-default-executor-2] INFO  impl.RoleInfo (RoleInfo.java:shutdownFollowerState(110)) - 0f1ac1f5-5b02-4bf5-a39e-40addf081f4e: shutdown 0f1ac1f5-5b02-4bf5-a39e-40addf081f4e@group-28097638D086-FollowerState
2022-10-08 01:35:16,502 [grpc-default-executor-2] INFO  impl.RoleInfo (RoleInfo.java:updateAndGet(139)) - 0f1ac1f5-5b02-4bf5-a39e-40addf081f4e: start 0f1ac1f5-5b02-4bf5-a39e-40addf081f4e@group-28097638D086-FollowerState
2022-10-08 01:35:16,502 [0f1ac1f5-5b02-4bf5-a39e-40addf081f4e@group-28097638D086-FollowerState] INFO  impl.FollowerState (FollowerState.java:run(152)) - 0f1ac1f5-5b02-4bf5-a39e-40addf081f4e@group-28097638D086-FollowerState was interrupted
2022-10-08 01:35:16,544 [Listener at 127.0.0.1/42695] INFO  ozone.MiniOzoneClusterImpl (MiniOzoneClusterImpl.java:lambda$waitForClusterToBeReady$0(216)) - Nodes are ready. Got 5 of 5 DN Heartbeats.
2022-10-08 01:35:16,544 [Listener at 127.0.0.1/42695] INFO  ozone.MiniOzoneClusterImpl (MiniOzoneClusterImpl.java:lambda$waitForClusterToBeReady$0(219)) - Waiting for cluster to exit safe mode
2022-10-08 01:35:16,544 [Listener at 127.0.0.1/42695] INFO  ozone.MiniOzoneClusterImpl (MiniOzoneClusterImpl.java:lambda$waitForClusterToBeReady$0(221)) - SCM became leader
2022-10-08 01:35:16,548 [6b604ca2-684c-4b87-aad0-ccae04811294@group-28097638D086-LeaderElection36] INFO  impl.LeaderElection (LeaderElection.java:askForVotes(310)) - 6b604ca2-684c-4b87-aad0-ccae04811294@group-28097638D086-LeaderElection36 ELECTION round 0: submit vote requests at term 3 for -1: [6b604ca2-684c-4b87-aad0-ccae04811294|rpc:10.1.0.61:39343|dataStream:|priority:1, 932d31bf-cf15-45e6-97a3-7289ed74fac5|rpc:10.1.0.61:46727|dataStream:|priority:0, 0f1ac1f5-5b02-4bf5-a39e-40addf081f4e|rpc:10.1.0.61:42591|dataStream:|priority:0], old=null
2022-10-08 01:35:16,548 [grpc-default-executor-3] INFO  impl.VoteContext (VoteContext.java:log(48)) - 6b604ca2-684c-4b87-aad0-ccae04811294@group-28097638D086-CANDIDATE: reject ELECTION from 932d31bf-cf15-45e6-97a3-7289ed74fac5: already has voted for 6b604ca2-684c-4b87-aad0-ccae04811294 at current term 3
2022-10-08 01:35:16,548 [grpc-default-executor-3] INFO  server.RaftServer$Division (RaftServerImpl.java:requestVote(1184)) - 6b604ca2-684c-4b87-aad0-ccae04811294@group-28097638D086 replies to ELECTION vote request: 932d31bf-cf15-45e6-97a3-7289ed74fac5<-6b604ca2-684c-4b87-aad0-ccae04811294#0:FAIL-t3. Peer's state: 6b604ca2-684c-4b87-aad0-ccae04811294@group-28097638D086:t3, leader=null, voted=6b604ca2-684c-4b87-aad0-ccae04811294, raftlog=6b604ca2-684c-4b87-aad0-ccae04811294@group-28097638D086-SegmentedRaftLog:OPENED:c-1, conf=-1: [6b604ca2-684c-4b87-aad0-ccae04811294|rpc:10.1.0.61:39343|dataStream:|priority:1, 932d31bf-cf15-45e6-97a3-7289ed74fac5|rpc:10.1.0.61:46727|dataStream:|priority:0, 0f1ac1f5-5b02-4bf5-a39e-40addf081f4e|rpc:10.1.0.61:42591|dataStream:|priority:0], old=null
2022-10-08 01:35:16,557 [932d31bf-cf15-45e6-97a3-7289ed74fac5@group-28097638D086-LeaderElection35] INFO  impl.LeaderElection (LeaderElection.java:logAndReturn(90)) - 932d31bf-cf15-45e6-97a3-7289ed74fac5@group-28097638D086-LeaderElection35: ELECTION REJECTED received 1 response(s) and 0 exception(s):
2022-10-08 01:35:16,557 [932d31bf-cf15-45e6-97a3-7289ed74fac5@group-28097638D086-LeaderElection35] INFO  impl.LeaderElection (LeaderElection.java:logAndReturn(94)) -   Response 0: 932d31bf-cf15-45e6-97a3-7289ed74fac5<-6b604ca2-684c-4b87-aad0-ccae04811294#0:FAIL-t3
2022-10-08 01:35:16,557 [932d31bf-cf15-45e6-97a3-7289ed74fac5@group-28097638D086-LeaderElection35] INFO  impl.LeaderElection (LeaderElection.java:askForVotes(312)) - 932d31bf-cf15-45e6-97a3-7289ed74fac5@group-28097638D086-LeaderElection35 ELECTION round 0: result REJECTED
2022-10-08 01:35:16,557 [932d31bf-cf15-45e6-97a3-7289ed74fac5@group-28097638D086-LeaderElection35] INFO  server.RaftServer$Division (RaftServerImpl.java:setRole(299)) - 932d31bf-cf15-45e6-97a3-7289ed74fac5@group-28097638D086: changes role from CANDIDATE to FOLLOWER at term 3 for REJECTED
2022-10-08 01:35:16,557 [932d31bf-cf15-45e6-97a3-7289ed74fac5@group-28097638D086-LeaderElection35] INFO  impl.RoleInfo (RoleInfo.java:shutdownLeaderElection(130)) - 932d31bf-cf15-45e6-97a3-7289ed74fac5: shutdown 932d31bf-cf15-45e6-97a3-7289ed74fac5@group-28097638D086-LeaderElection35
2022-10-08 01:35:16,557 [932d31bf-cf15-45e6-97a3-7289ed74fac5@group-28097638D086-LeaderElection35] INFO  impl.RoleInfo (RoleInfo.java:updateAndGet(139)) - 932d31bf-cf15-45e6-97a3-7289ed74fac5: start 932d31bf-cf15-45e6-97a3-7289ed74fac5@group-28097638D086-FollowerState
2022-10-08 01:35:16,557 [grpc-default-executor-3] INFO  server.RaftServer$Division (RaftServerImpl.java:requestVote(1152)) - 932d31bf-cf15-45e6-97a3-7289ed74fac5@group-28097638D086: receive requestVote(ELECTION, 6b604ca2-684c-4b87-aad0-ccae04811294, group-28097638D086, 3, (t:0, i:0))
2022-10-08 01:35:16,559 [grpc-default-executor-3] INFO  impl.VoteContext (VoteContext.java:log(48)) - 932d31bf-cf15-45e6-97a3-7289ed74fac5@group-28097638D086-FOLLOWER: reject ELECTION from 6b604ca2-684c-4b87-aad0-ccae04811294: already has voted for 932d31bf-cf15-45e6-97a3-7289ed74fac5 at current term 3
2022-10-08 01:35:16,559 [grpc-default-executor-3] INFO  server.RaftServer$Division (RaftServerImpl.java:requestVote(1184)) - 932d31bf-cf15-45e6-97a3-7289ed74fac5@group-28097638D086 replies to ELECTION vote request: 6b604ca2-684c-4b87-aad0-ccae04811294<-932d31bf-cf15-45e6-97a3-7289ed74fac5#0:FAIL-t3. Peer's state: 932d31bf-cf15-45e6-97a3-7289ed74fac5@group-28097638D086:t3, leader=null, voted=932d31bf-cf15-45e6-97a3-7289ed74fac5, raftlog=932d31bf-cf15-45e6-97a3-7289ed74fac5@group-28097638D086-SegmentedRaftLog:OPENED:c-1, conf=-1: [6b604ca2-684c-4b87-aad0-ccae04811294|rpc:10.1.0.61:39343|priority:1, 932d31bf-cf15-45e6-97a3-7289ed74fac5|rpc:10.1.0.61:46727|priority:0, 0f1ac1f5-5b02-4bf5-a39e-40addf081f4e|rpc:10.1.0.61:42591|priority:0], old=null
2022-10-08 01:35:16,559 [grpc-default-executor-2] INFO  server.RaftServer$Division (RaftServerImpl.java:requestVote(1184)) - 0f1ac1f5-5b02-4bf5-a39e-40addf081f4e@group-28097638D086 replies to ELECTION vote request: 932d31bf-cf15-45e6-97a3-7289ed74fac5<-0f1ac1f5-5b02-4bf5-a39e-40addf081f4e#0:OK-t3. Peer's state: 0f1ac1f5-5b02-4bf5-a39e-40addf081f4e@group-28097638D086:t3, leader=null, voted=932d31bf-cf15-45e6-97a3-7289ed74fac5, raftlog=0f1ac1f5-5b02-4bf5-a39e-40addf081f4e@group-28097638D086-SegmentedRaftLog:OPENED:c-1, conf=-1: [6b604ca2-684c-4b87-aad0-ccae04811294|rpc:10.1.0.61:39343|dataStream:|priority:1, 932d31bf-cf15-45e6-97a3-7289ed74fac5|rpc:10.1.0.61:46727|dataStream:|priority:0, 0f1ac1f5-5b02-4bf5-a39e-40addf081f4e|rpc:10.1.0.61:42591|dataStream:|priority:0], old=null
2022-10-08 01:35:16,604 [grpc-default-executor-7] INFO  server.RaftServer$Division (RaftServerImpl.java:requestVote(1152)) - 0f1ac1f5-5b02-4bf5-a39e-40addf081f4e@group-28097638D086: receive requestVote(ELECTION, 6b604ca2-684c-4b87-aad0-ccae04811294, group-28097638D086, 3, (t:0, i:0))
2022-10-08 01:35:16,604 [grpc-default-executor-7] INFO  impl.VoteContext (VoteContext.java:log(48)) - 0f1ac1f5-5b02-4bf5-a39e-40addf081f4e@group-28097638D086-FOLLOWER: reject ELECTION from 6b604ca2-684c-4b87-aad0-ccae04811294: already has voted for 932d31bf-cf15-45e6-97a3-7289ed74fac5 at current term 3
2022-10-08 01:35:16,604 [grpc-default-executor-7] INFO  server.RaftServer$Division (RaftServerImpl.java:requestVote(1184)) - 0f1ac1f5-5b02-4bf5-a39e-40addf081f4e@group-28097638D086 replies to ELECTION vote request: 6b604ca2-684c-4b87-aad0-ccae04811294<-0f1ac1f5-5b02-4bf5-a39e-40addf081f4e#0:FAIL-t3. Peer's state: 0f1ac1f5-5b02-4bf5-a39e-40addf081f4e@group-28097638D086:t3, leader=null, voted=932d31bf-cf15-45e6-97a3-7289ed74fac5, raftlog=0f1ac1f5-5b02-4bf5-a39e-40addf081f4e@group-28097638D086-SegmentedRaftLog:OPENED:c-1, conf=-1: [6b604ca2-684c-4b87-aad0-ccae04811294|rpc:10.1.0.61:39343|dataStream:|priority:1, 932d31bf-cf15-45e6-97a3-7289ed74fac5|rpc:10.1.0.61:46727|dataStream:|priority:0, 0f1ac1f5-5b02-4bf5-a39e-40addf081f4e|rpc:10.1.0.61:42591|dataStream:|priority:0], old=null
2022-10-08 01:35:16,612 [6b604ca2-684c-4b87-aad0-ccae04811294@group-28097638D086-LeaderElection36] INFO  impl.LeaderElection (LeaderElection.java:logAndReturn(90)) - 6b604ca2-684c-4b87-aad0-ccae04811294@group-28097638D086-LeaderElection36: ELECTION REJECTED received 2 response(s) and 0 exception(s):
2022-10-08 01:35:16,612 [6b604ca2-684c-4b87-aad0-ccae04811294@group-28097638D086-LeaderElection36] INFO  impl.LeaderElection (LeaderElection.java:logAndReturn(94)) -   Response 0: 6b604ca2-684c-4b87-aad0-ccae04811294<-932d31bf-cf15-45e6-97a3-7289ed74fac5#0:FAIL-t3
2022-10-08 01:35:16,612 [6b604ca2-684c-4b87-aad0-ccae04811294@group-28097638D086-LeaderElection36] INFO  impl.LeaderElection (LeaderElection.java:logAndReturn(94)) -   Response 1: 6b604ca2-684c-4b87-aad0-ccae04811294<-0f1ac1f5-5b02-4bf5-a39e-40addf081f4e#0:FAIL-t3
2022-10-08 01:35:16,612 [6b604ca2-684c-4b87-aad0-ccae04811294@group-28097638D086-LeaderElection36] INFO  impl.LeaderElection (LeaderElection.java:askForVotes(312)) - 6b604ca2-684c-4b87-aad0-ccae04811294@group-28097638D086-LeaderElection36 ELECTION round 0: result REJECTED
2022-10-08 01:35:16,612 [6b604ca2-684c-4b87-aad0-ccae04811294@group-28097638D086-LeaderElection36] INFO  server.RaftServer$Division (RaftServerImpl.java:setRole(299)) - 6b604ca2-684c-4b87-aad0-ccae04811294@group-28097638D086: changes role from CANDIDATE to FOLLOWER at term 3 for REJECTED
2022-10-08 01:35:16,612 [6b604ca2-684c-4b87-aad0-ccae04811294@group-28097638D086-LeaderElection36] INFO  impl.RoleInfo (RoleInfo.java:shutdownLeaderElection(130)) - 6b604ca2-684c-4b87-aad0-ccae04811294: shutdown 6b604ca2-684c-4b87-aad0-ccae04811294@group-28097638D086-LeaderElection36
2022-10-08 01:35:16,612 [6b604ca2-684c-4b87-aad0-ccae04811294@group-28097638D086-LeaderElection36] INFO  impl.RoleInfo (RoleInfo.java:updateAndGet(139)) - 6b604ca2-684c-4b87-aad0-ccae04811294: start 6b604ca2-684c-4b87-aad0-ccae04811294@group-28097638D086-FollowerState
2022-10-08 01:35:17,146 [ReplicationMonitor] INFO  replication.ReplicationManager (ReplicationManager.java:processAll(291)) - Replication Manager is not ready to run until 3000ms after safemode exit
2022-10-08 01:35:17,548 [Listener at 127.0.0.1/42695] INFO  ozone.MiniOzoneClusterImpl (MiniOzoneClusterImpl.java:lambda$waitForClusterToBeReady$0(216)) - Nodes are ready. Got 5 of 5 DN Heartbeats.
2022-10-08 01:35:17,548 [Listener at 127.0.0.1/42695] INFO  ozone.MiniOzoneClusterImpl (MiniOzoneClusterImpl.java:lambda$waitForClusterToBeReady$0(219)) - Waiting for cluster to exit safe mode
2022-10-08 01:35:17,548 [Listener at 127.0.0.1/42695] INFO  ozone.MiniOzoneClusterImpl (MiniOzoneClusterImpl.java:lambda$waitForClusterToBeReady$0(221)) - SCM became leader
2022-10-08 01:35:18,147 [ReplicationMonitor] INFO  replication.ReplicationManager (ReplicationManager.java:processAll(291)) - Replication Manager is not ready to run until 3000ms after safemode exit
2022-10-08 01:35:18,548 [Listener at 127.0.0.1/42695] INFO  ozone.MiniOzoneClusterImpl (MiniOzoneClusterImpl.java:lambda$waitForClusterToBeReady$0(216)) - Nodes are ready. Got 5 of 5 DN Heartbeats.
2022-10-08 01:35:18,548 [Listener at 127.0.0.1/42695] INFO  ozone.MiniOzoneClusterImpl (MiniOzoneClusterImpl.java:lambda$waitForClusterToBeReady$0(219)) - Waiting for cluster to exit safe mode
2022-10-08 01:35:18,548 [Listener at 127.0.0.1/42695] INFO  ozone.MiniOzoneClusterImpl (MiniOzoneClusterImpl.java:lambda$waitForClusterToBeReady$0(221)) - SCM became leader
2022-10-08 01:35:19,147 [ReplicationMonitor] INFO  replication.ReplicationManager (ReplicationManager.java:processAll(291)) - Replication Manager is not ready to run until 3000ms after safemode exit
2022-10-08 01:35:19,548 [Listener at 127.0.0.1/42695] INFO  ozone.MiniOzoneClusterImpl (MiniOzoneClusterImpl.java:lambda$waitForClusterToBeReady$0(216)) - Nodes are ready. Got 5 of 5 DN Heartbeats.
2022-10-08 01:35:19,549 [Listener at 127.0.0.1/42695] INFO  ozone.MiniOzoneClusterImpl (MiniOzoneClusterImpl.java:lambda$waitForClusterToBeReady$0(219)) - Waiting for cluster to exit safe mode
2022-10-08 01:35:19,549 [Listener at 127.0.0.1/42695] INFO  ozone.MiniOzoneClusterImpl (MiniOzoneClusterImpl.java:lambda$waitForClusterToBeReady$0(221)) - SCM became leader
2022-10-08 01:35:20,147 [ReplicationMonitor] INFO  replication.ReplicationManager (ReplicationManager.java:processAll(291)) - Replication Manager is not ready to run until 3000ms after safemode exit
2022-10-08 01:35:20,552 [Listener at 127.0.0.1/42695] INFO  ozone.MiniOzoneClusterImpl (MiniOzoneClusterImpl.java:lambda$waitForClusterToBeReady$0(216)) - Nodes are ready. Got 5 of 5 DN Heartbeats.
2022-10-08 01:35:20,552 [Listener at 127.0.0.1/42695] INFO  ozone.MiniOzoneClusterImpl (MiniOzoneClusterImpl.java:lambda$waitForClusterToBeReady$0(219)) - Waiting for cluster to exit safe mode
2022-10-08 01:35:20,552 [Listener at 127.0.0.1/42695] INFO  ozone.MiniOzoneClusterImpl (MiniOzoneClusterImpl.java:lambda$waitForClusterToBeReady$0(221)) - SCM became leader
2022-10-08 01:35:21,147 [ReplicationMonitor] INFO  replication.ReplicationManager (ReplicationManager.java:processAll(291)) - Replication Manager is not ready to run until 3000ms after safemode exit
2022-10-08 01:35:21,552 [Listener at 127.0.0.1/42695] INFO  ozone.MiniOzoneClusterImpl (MiniOzoneClusterImpl.java:lambda$waitForClusterToBeReady$0(216)) - Nodes are ready. Got 5 of 5 DN Heartbeats.
2022-10-08 01:35:21,552 [Listener at 127.0.0.1/42695] INFO  ozone.MiniOzoneClusterImpl (MiniOzoneClusterImpl.java:lambda$waitForClusterToBeReady$0(219)) - Waiting for cluster to exit safe mode
2022-10-08 01:35:21,552 [Listener at 127.0.0.1/42695] INFO  ozone.MiniOzoneClusterImpl (MiniOzoneClusterImpl.java:lambda$waitForClusterToBeReady$0(221)) - SCM became leader
2022-10-08 01:35:21,682 [932d31bf-cf15-45e6-97a3-7289ed74fac5@group-28097638D086-FollowerState] INFO  impl.FollowerState (FollowerState.java:run(143)) - 932d31bf-cf15-45e6-97a3-7289ed74fac5@group-28097638D086-FollowerState: change to CANDIDATE, lastRpcElapsedTime:5124416498ns, electionTimeout:5122ms
2022-10-08 01:35:21,682 [932d31bf-cf15-45e6-97a3-7289ed74fac5@group-28097638D086-FollowerState] INFO  impl.RoleInfo (RoleInfo.java:shutdownFollowerState(110)) - 932d31bf-cf15-45e6-97a3-7289ed74fac5: shutdown 932d31bf-cf15-45e6-97a3-7289ed74fac5@group-28097638D086-FollowerState
2022-10-08 01:35:21,682 [932d31bf-cf15-45e6-97a3-7289ed74fac5@group-28097638D086-FollowerState] INFO  server.RaftServer$Division (RaftServerImpl.java:setRole(299)) - 932d31bf-cf15-45e6-97a3-7289ed74fac5@group-28097638D086: changes role from  FOLLOWER to CANDIDATE at term 3 for changeToCandidate
2022-10-08 01:35:21,682 [932d31bf-cf15-45e6-97a3-7289ed74fac5@group-28097638D086-FollowerState] INFO  server.RaftServerConfigKeys (ConfUtils.java:logGet(46)) - raft.server.leaderelection.pre-vote = false (custom)
2022-10-08 01:35:21,682 [932d31bf-cf15-45e6-97a3-7289ed74fac5@group-28097638D086-FollowerState] INFO  impl.RoleInfo (RoleInfo.java:updateAndGet(139)) - 932d31bf-cf15-45e6-97a3-7289ed74fac5: start 932d31bf-cf15-45e6-97a3-7289ed74fac5@group-28097638D086-LeaderElection37
2022-10-08 01:35:21,722 [932d31bf-cf15-45e6-97a3-7289ed74fac5@group-28097638D086-LeaderElection37] INFO  impl.LeaderElection (LeaderElection.java:askForVotes(310)) - 932d31bf-cf15-45e6-97a3-7289ed74fac5@group-28097638D086-LeaderElection37 ELECTION round 0: submit vote requests at term 4 for -1: [6b604ca2-684c-4b87-aad0-ccae04811294|rpc:10.1.0.61:39343|priority:1, 932d31bf-cf15-45e6-97a3-7289ed74fac5|rpc:10.1.0.61:46727|priority:0, 0f1ac1f5-5b02-4bf5-a39e-40addf081f4e|rpc:10.1.0.61:42591|priority:0], old=null
2022-10-08 01:35:21,748 [6b604ca2-684c-4b87-aad0-ccae04811294@group-28097638D086-FollowerState] INFO  impl.FollowerState (FollowerState.java:run(143)) - 6b604ca2-684c-4b87-aad0-ccae04811294@group-28097638D086-FollowerState: change to CANDIDATE, lastRpcElapsedTime:5135458585ns, electionTimeout:5103ms
2022-10-08 01:35:21,748 [6b604ca2-684c-4b87-aad0-ccae04811294@group-28097638D086-FollowerState] INFO  impl.RoleInfo (RoleInfo.java:shutdownFollowerState(110)) - 6b604ca2-684c-4b87-aad0-ccae04811294: shutdown 6b604ca2-684c-4b87-aad0-ccae04811294@group-28097638D086-FollowerState
2022-10-08 01:35:21,748 [6b604ca2-684c-4b87-aad0-ccae04811294@group-28097638D086-FollowerState] INFO  server.RaftServer$Division (RaftServerImpl.java:setRole(299)) - 6b604ca2-684c-4b87-aad0-ccae04811294@group-28097638D086: changes role from  FOLLOWER to CANDIDATE at term 3 for changeToCandidate
2022-10-08 01:35:21,756 [grpc-default-executor-7] INFO  server.RaftServer$Division (RaftServerImpl.java:requestVote(1152)) - 6b604ca2-684c-4b87-aad0-ccae04811294@group-28097638D086: receive requestVote(ELECTION, 932d31bf-cf15-45e6-97a3-7289ed74fac5, group-28097638D086, 4, (t:0, i:0))
2022-10-08 01:35:21,763 [6b604ca2-684c-4b87-aad0-ccae04811294@group-28097638D086-FollowerState] INFO  server.RaftServerConfigKeys (ConfUtils.java:logGet(46)) - raft.server.leaderelection.pre-vote = false (custom)
2022-10-08 01:35:21,763 [6b604ca2-684c-4b87-aad0-ccae04811294@group-28097638D086-FollowerState] INFO  impl.RoleInfo (RoleInfo.java:updateAndGet(139)) - 6b604ca2-684c-4b87-aad0-ccae04811294: start 6b604ca2-684c-4b87-aad0-ccae04811294@group-28097638D086-LeaderElection38
2022-10-08 01:35:21,764 [grpc-default-executor-3] INFO  server.RaftServer$Division (RaftServerImpl.java:requestVote(1152)) - 0f1ac1f5-5b02-4bf5-a39e-40addf081f4e@group-28097638D086: receive requestVote(ELECTION, 932d31bf-cf15-45e6-97a3-7289ed74fac5, group-28097638D086, 4, (t:0, i:0))
2022-10-08 01:35:21,764 [grpc-default-executor-3] INFO  impl.VoteContext (VoteContext.java:log(48)) - 0f1ac1f5-5b02-4bf5-a39e-40addf081f4e@group-28097638D086-FOLLOWER: accept ELECTION from 932d31bf-cf15-45e6-97a3-7289ed74fac5: our priority 0 <= candidate's priority 0
2022-10-08 01:35:21,764 [grpc-default-executor-3] INFO  server.RaftServer$Division (RaftServerImpl.java:setRole(299)) - 0f1ac1f5-5b02-4bf5-a39e-40addf081f4e@group-28097638D086: changes role from  FOLLOWER to FOLLOWER at term 4 for candidate:932d31bf-cf15-45e6-97a3-7289ed74fac5
2022-10-08 01:35:21,764 [grpc-default-executor-3] INFO  impl.RoleInfo (RoleInfo.java:shutdownFollowerState(110)) - 0f1ac1f5-5b02-4bf5-a39e-40addf081f4e: shutdown 0f1ac1f5-5b02-4bf5-a39e-40addf081f4e@group-28097638D086-FollowerState
2022-10-08 01:35:21,784 [grpc-default-executor-3] INFO  impl.RoleInfo (RoleInfo.java:updateAndGet(139)) - 0f1ac1f5-5b02-4bf5-a39e-40addf081f4e: start 0f1ac1f5-5b02-4bf5-a39e-40addf081f4e@group-28097638D086-FollowerState
2022-10-08 01:35:21,784 [grpc-default-executor-7] INFO  impl.VoteContext (VoteContext.java:log(48)) - 6b604ca2-684c-4b87-aad0-ccae04811294@group-28097638D086-CANDIDATE: reject ELECTION from 932d31bf-cf15-45e6-97a3-7289ed74fac5: our priority 1 > candidate's priority 0
2022-10-08 01:35:21,784 [grpc-default-executor-7] INFO  server.RaftServer$Division (RaftServerImpl.java:setRole(299)) - 6b604ca2-684c-4b87-aad0-ccae04811294@group-28097638D086: changes role from CANDIDATE to FOLLOWER at term 4 for candidate:932d31bf-cf15-45e6-97a3-7289ed74fac5
2022-10-08 01:35:21,784 [grpc-default-executor-7] INFO  impl.RoleInfo (RoleInfo.java:shutdownLeaderElection(130)) - 6b604ca2-684c-4b87-aad0-ccae04811294: shutdown 6b604ca2-684c-4b87-aad0-ccae04811294@group-28097638D086-LeaderElection38
2022-10-08 01:35:21,784 [grpc-default-executor-7] INFO  impl.RoleInfo (RoleInfo.java:updateAndGet(139)) - 6b604ca2-684c-4b87-aad0-ccae04811294: start 6b604ca2-684c-4b87-aad0-ccae04811294@group-28097638D086-FollowerState
2022-10-08 01:35:21,784 [6b604ca2-684c-4b87-aad0-ccae04811294@group-28097638D086-LeaderElection38] INFO  impl.LeaderElection (LeaderElection.java:run(231)) - 6b604ca2-684c-4b87-aad0-ccae04811294@group-28097638D086-LeaderElection38: skip running since this is already CLOSING
2022-10-08 01:35:21,798 [grpc-default-executor-7] INFO  server.RaftServer$Division (RaftServerImpl.java:requestVote(1184)) - 6b604ca2-684c-4b87-aad0-ccae04811294@group-28097638D086 replies to ELECTION vote request: 932d31bf-cf15-45e6-97a3-7289ed74fac5<-6b604ca2-684c-4b87-aad0-ccae04811294#0:FAIL-t4. Peer's state: 6b604ca2-684c-4b87-aad0-ccae04811294@group-28097638D086:t4, leader=null, voted=null, raftlog=6b604ca2-684c-4b87-aad0-ccae04811294@group-28097638D086-SegmentedRaftLog:OPENED:c-1, conf=-1: [6b604ca2-684c-4b87-aad0-ccae04811294|rpc:10.1.0.61:39343|dataStream:|priority:1, 932d31bf-cf15-45e6-97a3-7289ed74fac5|rpc:10.1.0.61:46727|dataStream:|priority:0, 0f1ac1f5-5b02-4bf5-a39e-40addf081f4e|rpc:10.1.0.61:42591|dataStream:|priority:0], old=null
2022-10-08 01:35:21,799 [932d31bf-cf15-45e6-97a3-7289ed74fac5@group-28097638D086-LeaderElection37] INFO  impl.LeaderElection (LeaderElection.java:logAndReturn(90)) - 932d31bf-cf15-45e6-97a3-7289ed74fac5@group-28097638D086-LeaderElection37: ELECTION REJECTED received 1 response(s) and 0 exception(s):
2022-10-08 01:35:21,799 [932d31bf-cf15-45e6-97a3-7289ed74fac5@group-28097638D086-LeaderElection37] INFO  impl.LeaderElection (LeaderElection.java:logAndReturn(94)) -   Response 0: 932d31bf-cf15-45e6-97a3-7289ed74fac5<-6b604ca2-684c-4b87-aad0-ccae04811294#0:FAIL-t4
2022-10-08 01:35:21,799 [932d31bf-cf15-45e6-97a3-7289ed74fac5@group-28097638D086-LeaderElection37] INFO  impl.LeaderElection (LeaderElection.java:askForVotes(312)) - 932d31bf-cf15-45e6-97a3-7289ed74fac5@group-28097638D086-LeaderElection37 ELECTION round 0: result REJECTED
2022-10-08 01:35:21,799 [932d31bf-cf15-45e6-97a3-7289ed74fac5@group-28097638D086-LeaderElection37] INFO  server.RaftServer$Division (RaftServerImpl.java:setRole(299)) - 932d31bf-cf15-45e6-97a3-7289ed74fac5@group-28097638D086: changes role from CANDIDATE to FOLLOWER at term 4 for REJECTED
2022-10-08 01:35:21,799 [932d31bf-cf15-45e6-97a3-7289ed74fac5@group-28097638D086-LeaderElection37] INFO  impl.RoleInfo (RoleInfo.java:shutdownLeaderElection(130)) - 932d31bf-cf15-45e6-97a3-7289ed74fac5: shutdown 932d31bf-cf15-45e6-97a3-7289ed74fac5@group-28097638D086-LeaderElection37
2022-10-08 01:35:21,799 [932d31bf-cf15-45e6-97a3-7289ed74fac5@group-28097638D086-LeaderElection37] INFO  impl.RoleInfo (RoleInfo.java:updateAndGet(139)) - 932d31bf-cf15-45e6-97a3-7289ed74fac5: start 932d31bf-cf15-45e6-97a3-7289ed74fac5@group-28097638D086-FollowerState
2022-10-08 01:35:21,812 [0f1ac1f5-5b02-4bf5-a39e-40addf081f4e@group-28097638D086-FollowerState] INFO  impl.FollowerState (FollowerState.java:run(152)) - 0f1ac1f5-5b02-4bf5-a39e-40addf081f4e@group-28097638D086-FollowerState was interrupted
2022-10-08 01:35:21,844 [grpc-default-executor-3] INFO  server.RaftServer$Division (RaftServerImpl.java:requestVote(1184)) - 0f1ac1f5-5b02-4bf5-a39e-40addf081f4e@group-28097638D086 replies to ELECTION vote request: 932d31bf-cf15-45e6-97a3-7289ed74fac5<-0f1ac1f5-5b02-4bf5-a39e-40addf081f4e#0:OK-t4. Peer's state: 0f1ac1f5-5b02-4bf5-a39e-40addf081f4e@group-28097638D086:t4, leader=null, voted=932d31bf-cf15-45e6-97a3-7289ed74fac5, raftlog=0f1ac1f5-5b02-4bf5-a39e-40addf081f4e@group-28097638D086-SegmentedRaftLog:OPENED:c-1, conf=-1: [6b604ca2-684c-4b87-aad0-ccae04811294|rpc:10.1.0.61:39343|dataStream:|priority:1, 932d31bf-cf15-45e6-97a3-7289ed74fac5|rpc:10.1.0.61:46727|dataStream:|priority:0, 0f1ac1f5-5b02-4bf5-a39e-40addf081f4e|rpc:10.1.0.61:42591|dataStream:|priority:0], old=null
2022-10-08 01:35:22,147 [ReplicationMonitor] INFO  replication.ReplicationManager (ReplicationManager.java:processAll(291)) - Replication Manager is not ready to run until 3000ms after safemode exit
2022-10-08 01:35:22,553 [Listener at 127.0.0.1/42695] INFO  ozone.MiniOzoneClusterImpl (MiniOzoneClusterImpl.java:lambda$waitForClusterToBeReady$0(216)) - Nodes are ready. Got 5 of 5 DN Heartbeats.
2022-10-08 01:35:22,553 [Listener at 127.0.0.1/42695] INFO  ozone.MiniOzoneClusterImpl (MiniOzoneClusterImpl.java:lambda$waitForClusterToBeReady$0(219)) - Waiting for cluster to exit safe mode
2022-10-08 01:35:22,553 [Listener at 127.0.0.1/42695] INFO  ozone.MiniOzoneClusterImpl (MiniOzoneClusterImpl.java:lambda$waitForClusterToBeReady$0(221)) - SCM became leader
2022-10-08 01:35:23,147 [ReplicationMonitor] INFO  replication.ReplicationManager (ReplicationManager.java:processAll(291)) - Replication Manager is not ready to run until 3000ms after safemode exit
2022-10-08 01:35:23,553 [Listener at 127.0.0.1/42695] INFO  ozone.MiniOzoneClusterImpl (MiniOzoneClusterImpl.java:lambda$waitForClusterToBeReady$0(216)) - Nodes are ready. Got 5 of 5 DN Heartbeats.
2022-10-08 01:35:23,553 [Listener at 127.0.0.1/42695] INFO  ozone.MiniOzoneClusterImpl (MiniOzoneClusterImpl.java:lambda$waitForClusterToBeReady$0(219)) - Waiting for cluster to exit safe mode
2022-10-08 01:35:23,553 [Listener at 127.0.0.1/42695] INFO  ozone.MiniOzoneClusterImpl (MiniOzoneClusterImpl.java:lambda$waitForClusterToBeReady$0(221)) - SCM became leader
2022-10-08 01:35:24,148 [ReplicationMonitor] INFO  replication.ReplicationManager (ReplicationManager.java:processAll(291)) - Replication Manager is not ready to run until 3000ms after safemode exit
2022-10-08 01:35:24,553 [Listener at 127.0.0.1/42695] INFO  ozone.MiniOzoneClusterImpl (MiniOzoneClusterImpl.java:lambda$waitForClusterToBeReady$0(216)) - Nodes are ready. Got 5 of 5 DN Heartbeats.
2022-10-08 01:35:24,553 [Listener at 127.0.0.1/42695] INFO  ozone.MiniOzoneClusterImpl (MiniOzoneClusterImpl.java:lambda$waitForClusterToBeReady$0(219)) - Waiting for cluster to exit safe mode
2022-10-08 01:35:24,553 [Listener at 127.0.0.1/42695] INFO  ozone.MiniOzoneClusterImpl (MiniOzoneClusterImpl.java:lambda$waitForClusterToBeReady$0(221)) - SCM became leader
2022-10-08 01:35:25,148 [ReplicationMonitor] INFO  replication.ReplicationManager (ReplicationManager.java:processAll(291)) - Replication Manager is not ready to run until 3000ms after safemode exit
2022-10-08 01:35:25,556 [Listener at 127.0.0.1/42695] INFO  ozone.MiniOzoneClusterImpl (MiniOzoneClusterImpl.java:lambda$waitForClusterToBeReady$0(216)) - Nodes are ready. Got 5 of 5 DN Heartbeats.
2022-10-08 01:35:25,556 [Listener at 127.0.0.1/42695] INFO  ozone.MiniOzoneClusterImpl (MiniOzoneClusterImpl.java:lambda$waitForClusterToBeReady$0(219)) - Waiting for cluster to exit safe mode
2022-10-08 01:35:25,556 [Listener at 127.0.0.1/42695] INFO  ozone.MiniOzoneClusterImpl (MiniOzoneClusterImpl.java:lambda$waitForClusterToBeReady$0(221)) - SCM became leader
2022-10-08 01:35:26,148 [ReplicationMonitor] INFO  replication.ReplicationManager (ReplicationManager.java:processAll(291)) - Replication Manager is not ready to run until 3000ms after safemode exit
2022-10-08 01:35:26,556 [Listener at 127.0.0.1/42695] INFO  ozone.MiniOzoneClusterImpl (MiniOzoneClusterImpl.java:lambda$waitForClusterToBeReady$0(216)) - Nodes are ready. Got 5 of 5 DN Heartbeats.
2022-10-08 01:35:26,556 [Listener at 127.0.0.1/42695] INFO  ozone.MiniOzoneClusterImpl (MiniOzoneClusterImpl.java:lambda$waitForClusterToBeReady$0(219)) - Waiting for cluster to exit safe mode
2022-10-08 01:35:26,556 [Listener at 127.0.0.1/42695] INFO  ozone.MiniOzoneClusterImpl (MiniOzoneClusterImpl.java:lambda$waitForClusterToBeReady$0(221)) - SCM became leader
2022-10-08 01:35:26,869 [932d31bf-cf15-45e6-97a3-7289ed74fac5@group-28097638D086-FollowerState] INFO  impl.FollowerState (FollowerState.java:run(143)) - 932d31bf-cf15-45e6-97a3-7289ed74fac5@group-28097638D086-FollowerState: change to CANDIDATE, lastRpcElapsedTime:5069677338ns, electionTimeout:5009ms
2022-10-08 01:35:26,869 [932d31bf-cf15-45e6-97a3-7289ed74fac5@group-28097638D086-FollowerState] INFO  impl.RoleInfo (RoleInfo.java:shutdownFollowerState(110)) - 932d31bf-cf15-45e6-97a3-7289ed74fac5: shutdown 932d31bf-cf15-45e6-97a3-7289ed74fac5@group-28097638D086-FollowerState
2022-10-08 01:35:26,869 [932d31bf-cf15-45e6-97a3-7289ed74fac5@group-28097638D086-FollowerState] INFO  server.RaftServer$Division (RaftServerImpl.java:setRole(299)) - 932d31bf-cf15-45e6-97a3-7289ed74fac5@group-28097638D086: changes role from  FOLLOWER to CANDIDATE at term 4 for changeToCandidate
2022-10-08 01:35:26,869 [932d31bf-cf15-45e6-97a3-7289ed74fac5@group-28097638D086-FollowerState] INFO  server.RaftServerConfigKeys (ConfUtils.java:logGet(46)) - raft.server.leaderelection.pre-vote = false (custom)
2022-10-08 01:35:26,869 [932d31bf-cf15-45e6-97a3-7289ed74fac5@group-28097638D086-FollowerState] INFO  impl.RoleInfo (RoleInfo.java:updateAndGet(139)) - 932d31bf-cf15-45e6-97a3-7289ed74fac5: start 932d31bf-cf15-45e6-97a3-7289ed74fac5@group-28097638D086-LeaderElection39
2022-10-08 01:35:26,928 [6b604ca2-684c-4b87-aad0-ccae04811294@group-28097638D086-FollowerState] INFO  impl.FollowerState (FollowerState.java:run(143)) - 6b604ca2-684c-4b87-aad0-ccae04811294@group-28097638D086-FollowerState: change to CANDIDATE, lastRpcElapsedTime:5143469599ns, electionTimeout:5083ms
2022-10-08 01:35:26,928 [6b604ca2-684c-4b87-aad0-ccae04811294@group-28097638D086-FollowerState] INFO  impl.RoleInfo (RoleInfo.java:shutdownFollowerState(110)) - 6b604ca2-684c-4b87-aad0-ccae04811294: shutdown 6b604ca2-684c-4b87-aad0-ccae04811294@group-28097638D086-FollowerState
2022-10-08 01:35:26,928 [6b604ca2-684c-4b87-aad0-ccae04811294@group-28097638D086-FollowerState] INFO  server.RaftServer$Division (RaftServerImpl.java:setRole(299)) - 6b604ca2-684c-4b87-aad0-ccae04811294@group-28097638D086: changes role from  FOLLOWER to CANDIDATE at term 4 for changeToCandidate
2022-10-08 01:35:26,928 [6b604ca2-684c-4b87-aad0-ccae04811294@group-28097638D086-FollowerState] INFO  server.RaftServerConfigKeys (ConfUtils.java:logGet(46)) - raft.server.leaderelection.pre-vote = false (custom)
2022-10-08 01:35:26,928 [6b604ca2-684c-4b87-aad0-ccae04811294@group-28097638D086-FollowerState] INFO  impl.RoleInfo (RoleInfo.java:updateAndGet(139)) - 6b604ca2-684c-4b87-aad0-ccae04811294: start 6b604ca2-684c-4b87-aad0-ccae04811294@group-28097638D086-LeaderElection40
2022-10-08 01:35:26,944 [932d31bf-cf15-45e6-97a3-7289ed74fac5@group-28097638D086-LeaderElection39] INFO  impl.LeaderElection (LeaderElection.java:askForVotes(310)) - 932d31bf-cf15-45e6-97a3-7289ed74fac5@group-28097638D086-LeaderElection39 ELECTION round 0: submit vote requests at term 5 for -1: [6b604ca2-684c-4b87-aad0-ccae04811294|rpc:10.1.0.61:39343|priority:1, 932d31bf-cf15-45e6-97a3-7289ed74fac5|rpc:10.1.0.61:46727|priority:0, 0f1ac1f5-5b02-4bf5-a39e-40addf081f4e|rpc:10.1.0.61:42591|priority:0], old=null
2022-10-08 01:35:26,969 [6b604ca2-684c-4b87-aad0-ccae04811294@group-28097638D086-LeaderElection40] INFO  impl.LeaderElection (LeaderElection.java:askForVotes(310)) - 6b604ca2-684c-4b87-aad0-ccae04811294@group-28097638D086-LeaderElection40 ELECTION round 0: submit vote requests at term 5 for -1: [6b604ca2-684c-4b87-aad0-ccae04811294|rpc:10.1.0.61:39343|dataStream:|priority:1, 932d31bf-cf15-45e6-97a3-7289ed74fac5|rpc:10.1.0.61:46727|dataStream:|priority:0, 0f1ac1f5-5b02-4bf5-a39e-40addf081f4e|rpc:10.1.0.61:42591|dataStream:|priority:0], old=null
2022-10-08 01:35:27,012 [grpc-default-executor-3] INFO  server.RaftServer$Division (RaftServerImpl.java:requestVote(1152)) - 6b604ca2-684c-4b87-aad0-ccae04811294@group-28097638D086: receive requestVote(ELECTION, 932d31bf-cf15-45e6-97a3-7289ed74fac5, group-28097638D086, 5, (t:0, i:0))
2022-10-08 01:35:27,013 [grpc-default-executor-3] INFO  impl.VoteContext (VoteContext.java:log(48)) - 6b604ca2-684c-4b87-aad0-ccae04811294@group-28097638D086-CANDIDATE: reject ELECTION from 932d31bf-cf15-45e6-97a3-7289ed74fac5: already has voted for 6b604ca2-684c-4b87-aad0-ccae04811294 at current term 5
2022-10-08 01:35:27,013 [grpc-default-executor-3] INFO  server.RaftServer$Division (RaftServerImpl.java:requestVote(1184)) - 6b604ca2-684c-4b87-aad0-ccae04811294@group-28097638D086 replies to ELECTION vote request: 932d31bf-cf15-45e6-97a3-7289ed74fac5<-6b604ca2-684c-4b87-aad0-ccae04811294#0:FAIL-t5. Peer's state: 6b604ca2-684c-4b87-aad0-ccae04811294@group-28097638D086:t5, leader=null, voted=6b604ca2-684c-4b87-aad0-ccae04811294, raftlog=6b604ca2-684c-4b87-aad0-ccae04811294@group-28097638D086-SegmentedRaftLog:OPENED:c-1, conf=-1: [6b604ca2-684c-4b87-aad0-ccae04811294|rpc:10.1.0.61:39343|dataStream:|priority:1, 932d31bf-cf15-45e6-97a3-7289ed74fac5|rpc:10.1.0.61:46727|dataStream:|priority:0, 0f1ac1f5-5b02-4bf5-a39e-40addf081f4e|rpc:10.1.0.61:42591|dataStream:|priority:0], old=null
2022-10-08 01:35:27,032 [932d31bf-cf15-45e6-97a3-7289ed74fac5@group-28097638D086-LeaderElection39] INFO  impl.LeaderElection (LeaderElection.java:logAndReturn(90)) - 932d31bf-cf15-45e6-97a3-7289ed74fac5@group-28097638D086-LeaderElection39: ELECTION REJECTED received 1 response(s) and 0 exception(s):
2022-10-08 01:35:27,032 [932d31bf-cf15-45e6-97a3-7289ed74fac5@group-28097638D086-LeaderElection39] INFO  impl.LeaderElection (LeaderElection.java:logAndReturn(94)) -   Response 0: 932d31bf-cf15-45e6-97a3-7289ed74fac5<-6b604ca2-684c-4b87-aad0-ccae04811294#0:FAIL-t5
2022-10-08 01:35:27,032 [932d31bf-cf15-45e6-97a3-7289ed74fac5@group-28097638D086-LeaderElection39] INFO  impl.LeaderElection (LeaderElection.java:askForVotes(312)) - 932d31bf-cf15-45e6-97a3-7289ed74fac5@group-28097638D086-LeaderElection39 ELECTION round 0: result REJECTED
2022-10-08 01:35:27,032 [932d31bf-cf15-45e6-97a3-7289ed74fac5@group-28097638D086-LeaderElection39] INFO  server.RaftServer$Division (RaftServerImpl.java:setRole(299)) - 932d31bf-cf15-45e6-97a3-7289ed74fac5@group-28097638D086: changes role from CANDIDATE to FOLLOWER at term 5 for REJECTED
2022-10-08 01:35:27,032 [932d31bf-cf15-45e6-97a3-7289ed74fac5@group-28097638D086-LeaderElection39] INFO  impl.RoleInfo (RoleInfo.java:shutdownLeaderElection(130)) - 932d31bf-cf15-45e6-97a3-7289ed74fac5: shutdown 932d31bf-cf15-45e6-97a3-7289ed74fac5@group-28097638D086-LeaderElection39
2022-10-08 01:35:27,032 [932d31bf-cf15-45e6-97a3-7289ed74fac5@group-28097638D086-LeaderElection39] INFO  impl.RoleInfo (RoleInfo.java:updateAndGet(139)) - 932d31bf-cf15-45e6-97a3-7289ed74fac5: start 932d31bf-cf15-45e6-97a3-7289ed74fac5@group-28097638D086-FollowerState
2022-10-08 01:35:27,032 [grpc-default-executor-3] INFO  server.RaftServer$Division (RaftServerImpl.java:requestVote(1152)) - 932d31bf-cf15-45e6-97a3-7289ed74fac5@group-28097638D086: receive requestVote(ELECTION, 6b604ca2-684c-4b87-aad0-ccae04811294, group-28097638D086, 5, (t:0, i:0))
2022-10-08 01:35:27,033 [grpc-default-executor-7] INFO  server.RaftServer$Division (RaftServerImpl.java:requestVote(1152)) - 0f1ac1f5-5b02-4bf5-a39e-40addf081f4e@group-28097638D086: receive requestVote(ELECTION, 932d31bf-cf15-45e6-97a3-7289ed74fac5, group-28097638D086, 5, (t:0, i:0))
2022-10-08 01:35:27,033 [grpc-default-executor-7] INFO  impl.VoteContext (VoteContext.java:log(48)) - 0f1ac1f5-5b02-4bf5-a39e-40addf081f4e@group-28097638D086-FOLLOWER: accept ELECTION from 932d31bf-cf15-45e6-97a3-7289ed74fac5: our priority 0 <= candidate's priority 0
2022-10-08 01:35:27,033 [grpc-default-executor-7] INFO  server.RaftServer$Division (RaftServerImpl.java:setRole(299)) - 0f1ac1f5-5b02-4bf5-a39e-40addf081f4e@group-28097638D086: changes role from  FOLLOWER to FOLLOWER at term 5 for candidate:932d31bf-cf15-45e6-97a3-7289ed74fac5
2022-10-08 01:35:27,033 [grpc-default-executor-7] INFO  impl.RoleInfo (RoleInfo.java:shutdownFollowerState(110)) - 0f1ac1f5-5b02-4bf5-a39e-40addf081f4e: shutdown 0f1ac1f5-5b02-4bf5-a39e-40addf081f4e@group-28097638D086-FollowerState
2022-10-08 01:35:27,037 [grpc-default-executor-2] INFO  server.RaftServer$Division (RaftServerImpl.java:requestVote(1152)) - 0f1ac1f5-5b02-4bf5-a39e-40addf081f4e@group-28097638D086: receive requestVote(ELECTION, 6b604ca2-684c-4b87-aad0-ccae04811294, group-28097638D086, 5, (t:0, i:0))
2022-10-08 01:35:27,052 [grpc-default-executor-3] INFO  impl.VoteContext (VoteContext.java:log(48)) - 932d31bf-cf15-45e6-97a3-7289ed74fac5@group-28097638D086-FOLLOWER: reject ELECTION from 6b604ca2-684c-4b87-aad0-ccae04811294: already has voted for 932d31bf-cf15-45e6-97a3-7289ed74fac5 at current term 5
2022-10-08 01:35:27,052 [grpc-default-executor-7] INFO  impl.RoleInfo (RoleInfo.java:updateAndGet(139)) - 0f1ac1f5-5b02-4bf5-a39e-40addf081f4e: start 0f1ac1f5-5b02-4bf5-a39e-40addf081f4e@group-28097638D086-FollowerState
2022-10-08 01:35:27,052 [grpc-default-executor-3] INFO  server.RaftServer$Division (RaftServerImpl.java:requestVote(1184)) - 932d31bf-cf15-45e6-97a3-7289ed74fac5@group-28097638D086 replies to ELECTION vote request: 6b604ca2-684c-4b87-aad0-ccae04811294<-932d31bf-cf15-45e6-97a3-7289ed74fac5#0:FAIL-t5. Peer's state: 932d31bf-cf15-45e6-97a3-7289ed74fac5@group-28097638D086:t5, leader=null, voted=932d31bf-cf15-45e6-97a3-7289ed74fac5, raftlog=932d31bf-cf15-45e6-97a3-7289ed74fac5@group-28097638D086-SegmentedRaftLog:OPENED:c-1, conf=-1: [6b604ca2-684c-4b87-aad0-ccae04811294|rpc:10.1.0.61:39343|priority:1, 932d31bf-cf15-45e6-97a3-7289ed74fac5|rpc:10.1.0.61:46727|priority:0, 0f1ac1f5-5b02-4bf5-a39e-40addf081f4e|rpc:10.1.0.61:42591|priority:0], old=null
2022-10-08 01:35:27,052 [0f1ac1f5-5b02-4bf5-a39e-40addf081f4e@group-28097638D086-FollowerState] INFO  impl.FollowerState (FollowerState.java:run(152)) - 0f1ac1f5-5b02-4bf5-a39e-40addf081f4e@group-28097638D086-FollowerState was interrupted
2022-10-08 01:35:27,083 [grpc-default-executor-7] INFO  server.RaftServer$Division (RaftServerImpl.java:requestVote(1184)) - 0f1ac1f5-5b02-4bf5-a39e-40addf081f4e@group-28097638D086 replies to ELECTION vote request: 932d31bf-cf15-45e6-97a3-7289ed74fac5<-0f1ac1f5-5b02-4bf5-a39e-40addf081f4e#0:OK-t5. Peer's state: 0f1ac1f5-5b02-4bf5-a39e-40addf081f4e@group-28097638D086:t5, leader=null, voted=932d31bf-cf15-45e6-97a3-7289ed74fac5, raftlog=0f1ac1f5-5b02-4bf5-a39e-40addf081f4e@group-28097638D086-SegmentedRaftLog:OPENED:c-1, conf=-1: [6b604ca2-684c-4b87-aad0-ccae04811294|rpc:10.1.0.61:39343|dataStream:|priority:1, 932d31bf-cf15-45e6-97a3-7289ed74fac5|rpc:10.1.0.61:46727|dataStream:|priority:0, 0f1ac1f5-5b02-4bf5-a39e-40addf081f4e|rpc:10.1.0.61:42591|dataStream:|priority:0], old=null
2022-10-08 01:35:27,084 [grpc-default-executor-2] INFO  impl.VoteContext (VoteContext.java:log(48)) - 0f1ac1f5-5b02-4bf5-a39e-40addf081f4e@group-28097638D086-FOLLOWER: reject ELECTION from 6b604ca2-684c-4b87-aad0-ccae04811294: already has voted for 932d31bf-cf15-45e6-97a3-7289ed74fac5 at current term 5
2022-10-08 01:35:27,084 [grpc-default-executor-2] INFO  server.RaftServer$Division (RaftServerImpl.java:requestVote(1184)) - 0f1ac1f5-5b02-4bf5-a39e-40addf081f4e@group-28097638D086 replies to ELECTION vote request: 6b604ca2-684c-4b87-aad0-ccae04811294<-0f1ac1f5-5b02-4bf5-a39e-40addf081f4e#0:FAIL-t5. Peer's state: 0f1ac1f5-5b02-4bf5-a39e-40addf081f4e@group-28097638D086:t5, leader=null, voted=932d31bf-cf15-45e6-97a3-7289ed74fac5, raftlog=0f1ac1f5-5b02-4bf5-a39e-40addf081f4e@group-28097638D086-SegmentedRaftLog:OPENED:c-1, conf=-1: [6b604ca2-684c-4b87-aad0-ccae04811294|rpc:10.1.0.61:39343|dataStream:|priority:1, 932d31bf-cf15-45e6-97a3-7289ed74fac5|rpc:10.1.0.61:46727|dataStream:|priority:0, 0f1ac1f5-5b02-4bf5-a39e-40addf081f4e|rpc:10.1.0.61:42591|dataStream:|priority:0], old=null
2022-10-08 01:35:27,100 [6b604ca2-684c-4b87-aad0-ccae04811294@group-28097638D086-LeaderElection40] INFO  impl.LeaderElection (LeaderElection.java:logAndReturn(90)) - 6b604ca2-684c-4b87-aad0-ccae04811294@group-28097638D086-LeaderElection40: ELECTION REJECTED received 2 response(s) and 0 exception(s):
2022-10-08 01:35:27,100 [6b604ca2-684c-4b87-aad0-ccae04811294@group-28097638D086-LeaderElection40] INFO  impl.LeaderElection (LeaderElection.java:logAndReturn(94)) -   Response 0: 6b604ca2-684c-4b87-aad0-ccae04811294<-932d31bf-cf15-45e6-97a3-7289ed74fac5#0:FAIL-t5
2022-10-08 01:35:27,100 [6b604ca2-684c-4b87-aad0-ccae04811294@group-28097638D086-LeaderElection40] INFO  impl.LeaderElection (LeaderElection.java:logAndReturn(94)) -   Response 1: 6b604ca2-684c-4b87-aad0-ccae04811294<-0f1ac1f5-5b02-4bf5-a39e-40addf081f4e#0:FAIL-t5
2022-10-08 01:35:27,100 [6b604ca2-684c-4b87-aad0-ccae04811294@group-28097638D086-LeaderElection40] INFO  impl.LeaderElection (LeaderElection.java:askForVotes(312)) - 6b604ca2-684c-4b87-aad0-ccae04811294@group-28097638D086-LeaderElection40 ELECTION round 0: result REJECTED
2022-10-08 01:35:27,100 [6b604ca2-684c-4b87-aad0-ccae04811294@group-28097638D086-LeaderElection40] INFO  server.RaftServer$Division (RaftServerImpl.java:setRole(299)) - 6b604ca2-684c-4b87-aad0-ccae04811294@group-28097638D086: changes role from CANDIDATE to FOLLOWER at term 5 for REJECTED
2022-10-08 01:35:27,100 [6b604ca2-684c-4b87-aad0-ccae04811294@group-28097638D086-LeaderElection40] INFO  impl.RoleInfo (RoleInfo.java:shutdownLeaderElection(130)) - 6b604ca2-684c-4b87-aad0-ccae04811294: shutdown 6b604ca2-684c-4b87-aad0-ccae04811294@group-28097638D086-LeaderElection40
2022-10-08 01:35:27,100 [6b604ca2-684c-4b87-aad0-ccae04811294@group-28097638D086-LeaderElection40] INFO  impl.RoleInfo (RoleInfo.java:updateAndGet(139)) - 6b604ca2-684c-4b87-aad0-ccae04811294: start 6b604ca2-684c-4b87-aad0-ccae04811294@group-28097638D086-FollowerState
2022-10-08 01:35:27,153 [ReplicationMonitor] INFO  replication.ReplicationManager (ReplicationManager.java:processAll(291)) - Replication Manager is not ready to run until 3000ms after safemode exit
2022-10-08 01:35:27,564 [Listener at 127.0.0.1/42695] INFO  ozone.MiniOzoneClusterImpl (MiniOzoneClusterImpl.java:lambda$waitForClusterToBeReady$0(216)) - Nodes are ready. Got 5 of 5 DN Heartbeats.
2022-10-08 01:35:27,564 [Listener at 127.0.0.1/42695] INFO  ozone.MiniOzoneClusterImpl (MiniOzoneClusterImpl.java:lambda$waitForClusterToBeReady$0(219)) - Waiting for cluster to exit safe mode
2022-10-08 01:35:27,564 [Listener at 127.0.0.1/42695] INFO  ozone.MiniOzoneClusterImpl (MiniOzoneClusterImpl.java:lambda$waitForClusterToBeReady$0(221)) - SCM became leader
2022-10-08 01:35:28,154 [ReplicationMonitor] INFO  replication.ReplicationManager (ReplicationManager.java:processAll(291)) - Replication Manager is not ready to run until 3000ms after safemode exit
2022-10-08 01:35:28,564 [Listener at 127.0.0.1/42695] INFO  ozone.MiniOzoneClusterImpl (MiniOzoneClusterImpl.java:lambda$waitForClusterToBeReady$0(216)) - Nodes are ready. Got 5 of 5 DN Heartbeats.
2022-10-08 01:35:28,564 [Listener at 127.0.0.1/42695] INFO  ozone.MiniOzoneClusterImpl (MiniOzoneClusterImpl.java:lambda$waitForClusterToBeReady$0(219)) - Waiting for cluster to exit safe mode
2022-10-08 01:35:28,564 [Listener at 127.0.0.1/42695] INFO  ozone.MiniOzoneClusterImpl (MiniOzoneClusterImpl.java:lambda$waitForClusterToBeReady$0(221)) - SCM became leader
2022-10-08 01:35:29,154 [ReplicationMonitor] INFO  replication.ReplicationManager (ReplicationManager.java:processAll(291)) - Replication Manager is not ready to run until 3000ms after safemode exit
2022-10-08 01:35:29,564 [Listener at 127.0.0.1/42695] INFO  ozone.MiniOzoneClusterImpl (MiniOzoneClusterImpl.java:lambda$waitForClusterToBeReady$0(216)) - Nodes are ready. Got 5 of 5 DN Heartbeats.
2022-10-08 01:35:29,565 [Listener at 127.0.0.1/42695] INFO  ozone.MiniOzoneClusterImpl (MiniOzoneClusterImpl.java:lambda$waitForClusterToBeReady$0(219)) - Waiting for cluster to exit safe mode
2022-10-08 01:35:29,565 [Listener at 127.0.0.1/42695] INFO  ozone.MiniOzoneClusterImpl (MiniOzoneClusterImpl.java:lambda$waitForClusterToBeReady$0(221)) - SCM became leader
2022-10-08 01:35:30,154 [ReplicationMonitor] INFO  replication.ReplicationManager (ReplicationManager.java:processAll(291)) - Replication Manager is not ready to run until 3000ms after safemode exit
2022-10-08 01:35:30,568 [Listener at 127.0.0.1/42695] INFO  ozone.MiniOzoneClusterImpl (MiniOzoneClusterImpl.java:lambda$waitForClusterToBeReady$0(216)) - Nodes are ready. Got 5 of 5 DN Heartbeats.
2022-10-08 01:35:30,568 [Listener at 127.0.0.1/42695] INFO  ozone.MiniOzoneClusterImpl (MiniOzoneClusterImpl.java:lambda$waitForClusterToBeReady$0(219)) - Waiting for cluster to exit safe mode
2022-10-08 01:35:30,568 [Listener at 127.0.0.1/42695] INFO  ozone.MiniOzoneClusterImpl (MiniOzoneClusterImpl.java:lambda$waitForClusterToBeReady$0(221)) - SCM became leader
2022-10-08 01:35:31,156 [ReplicationMonitor] INFO  replication.ReplicationManager (ReplicationManager.java:processAll(291)) - Replication Manager is not ready to run until 3000ms after safemode exit
2022-10-08 01:35:31,568 [Listener at 127.0.0.1/42695] INFO  ozone.MiniOzoneClusterImpl (MiniOzoneClusterImpl.java:lambda$waitForClusterToBeReady$0(216)) - Nodes are ready. Got 5 of 5 DN Heartbeats.
2022-10-08 01:35:31,568 [Listener at 127.0.0.1/42695] INFO  ozone.MiniOzoneClusterImpl (MiniOzoneClusterImpl.java:lambda$waitForClusterToBeReady$0(219)) - Waiting for cluster to exit safe mode
2022-10-08 01:35:31,568 [Listener at 127.0.0.1/42695] INFO  ozone.MiniOzoneClusterImpl (MiniOzoneClusterImpl.java:lambda$waitForClusterToBeReady$0(221)) - SCM became leader
2022-10-08 01:35:32,107 [932d31bf-cf15-45e6-97a3-7289ed74fac5@group-28097638D086-FollowerState] INFO  impl.FollowerState (FollowerState.java:run(143)) - 932d31bf-cf15-45e6-97a3-7289ed74fac5@group-28097638D086-FollowerState: change to CANDIDATE, lastRpcElapsedTime:5074617835ns, electionTimeout:5047ms
2022-10-08 01:35:32,107 [932d31bf-cf15-45e6-97a3-7289ed74fac5@group-28097638D086-FollowerState] INFO  impl.RoleInfo (RoleInfo.java:shutdownFollowerState(110)) - 932d31bf-cf15-45e6-97a3-7289ed74fac5: shutdown 932d31bf-cf15-45e6-97a3-7289ed74fac5@group-28097638D086-FollowerState
2022-10-08 01:35:32,107 [932d31bf-cf15-45e6-97a3-7289ed74fac5@group-28097638D086-FollowerState] INFO  server.RaftServer$Division (RaftServerImpl.java:setRole(299)) - 932d31bf-cf15-45e6-97a3-7289ed74fac5@group-28097638D086: changes role from  FOLLOWER to CANDIDATE at term 5 for changeToCandidate
2022-10-08 01:35:32,107 [932d31bf-cf15-45e6-97a3-7289ed74fac5@group-28097638D086-FollowerState] INFO  server.RaftServerConfigKeys (ConfUtils.java:logGet(46)) - raft.server.leaderelection.pre-vote = false (custom)
2022-10-08 01:35:32,107 [932d31bf-cf15-45e6-97a3-7289ed74fac5@group-28097638D086-FollowerState] INFO  impl.RoleInfo (RoleInfo.java:updateAndGet(139)) - 932d31bf-cf15-45e6-97a3-7289ed74fac5: start 932d31bf-cf15-45e6-97a3-7289ed74fac5@group-28097638D086-LeaderElection41
2022-10-08 01:35:32,159 [ReplicationMonitor] INFO  replication.ReplicationManager (ReplicationManager.java:processAll(291)) - Replication Manager is not ready to run until 3000ms after safemode exit
2022-10-08 01:35:32,215 [932d31bf-cf15-45e6-97a3-7289ed74fac5@group-28097638D086-LeaderElection41] INFO  impl.LeaderElection (LeaderElection.java:askForVotes(310)) - 932d31bf-cf15-45e6-97a3-7289ed74fac5@group-28097638D086-LeaderElection41 ELECTION round 0: submit vote requests at term 6 for -1: [6b604ca2-684c-4b87-aad0-ccae04811294|rpc:10.1.0.61:39343|priority:1, 932d31bf-cf15-45e6-97a3-7289ed74fac5|rpc:10.1.0.61:46727|priority:0, 0f1ac1f5-5b02-4bf5-a39e-40addf081f4e|rpc:10.1.0.61:42591|priority:0], old=null
2022-10-08 01:35:32,224 [grpc-default-executor-2] INFO  server.RaftServer$Division (RaftServerImpl.java:requestVote(1152)) - 6b604ca2-684c-4b87-aad0-ccae04811294@group-28097638D086: receive requestVote(ELECTION, 932d31bf-cf15-45e6-97a3-7289ed74fac5, group-28097638D086, 6, (t:0, i:0))
2022-10-08 01:35:32,224 [grpc-default-executor-2] INFO  impl.VoteContext (VoteContext.java:log(48)) - 6b604ca2-684c-4b87-aad0-ccae04811294@group-28097638D086-FOLLOWER: reject ELECTION from 932d31bf-cf15-45e6-97a3-7289ed74fac5: our priority 1 > candidate's priority 0
2022-10-08 01:35:32,224 [grpc-default-executor-2] INFO  server.RaftServer$Division (RaftServerImpl.java:setRole(299)) - 6b604ca2-684c-4b87-aad0-ccae04811294@group-28097638D086: changes role from  FOLLOWER to FOLLOWER at term 6 for candidate:932d31bf-cf15-45e6-97a3-7289ed74fac5
2022-10-08 01:35:32,224 [grpc-default-executor-2] INFO  impl.RoleInfo (RoleInfo.java:shutdownFollowerState(110)) - 6b604ca2-684c-4b87-aad0-ccae04811294: shutdown 6b604ca2-684c-4b87-aad0-ccae04811294@group-28097638D086-FollowerState
2022-10-08 01:35:32,236 [grpc-default-executor-2] INFO  impl.RoleInfo (RoleInfo.java:updateAndGet(139)) - 6b604ca2-684c-4b87-aad0-ccae04811294: start 6b604ca2-684c-4b87-aad0-ccae04811294@group-28097638D086-FollowerState
2022-10-08 01:35:32,236 [6b604ca2-684c-4b87-aad0-ccae04811294@group-28097638D086-FollowerState] INFO  impl.FollowerState (FollowerState.java:run(152)) - 6b604ca2-684c-4b87-aad0-ccae04811294@group-28097638D086-FollowerState was interrupted
2022-10-08 01:35:32,240 [grpc-default-executor-7] INFO  server.RaftServer$Division (RaftServerImpl.java:requestVote(1152)) - 0f1ac1f5-5b02-4bf5-a39e-40addf081f4e@group-28097638D086: receive requestVote(ELECTION, 932d31bf-cf15-45e6-97a3-7289ed74fac5, group-28097638D086, 6, (t:0, i:0))
2022-10-08 01:35:32,240 [grpc-default-executor-7] INFO  impl.VoteContext (VoteContext.java:log(48)) - 0f1ac1f5-5b02-4bf5-a39e-40addf081f4e@group-28097638D086-FOLLOWER: accept ELECTION from 932d31bf-cf15-45e6-97a3-7289ed74fac5: our priority 0 <= candidate's priority 0
2022-10-08 01:35:32,241 [grpc-default-executor-7] INFO  server.RaftServer$Division (RaftServerImpl.java:setRole(299)) - 0f1ac1f5-5b02-4bf5-a39e-40addf081f4e@group-28097638D086: changes role from  FOLLOWER to FOLLOWER at term 6 for candidate:932d31bf-cf15-45e6-97a3-7289ed74fac5
2022-10-08 01:35:32,241 [grpc-default-executor-7] INFO  impl.RoleInfo (RoleInfo.java:shutdownFollowerState(110)) - 0f1ac1f5-5b02-4bf5-a39e-40addf081f4e: shutdown 0f1ac1f5-5b02-4bf5-a39e-40addf081f4e@group-28097638D086-FollowerState
2022-10-08 01:35:32,280 [grpc-default-executor-7] INFO  impl.RoleInfo (RoleInfo.java:updateAndGet(139)) - 0f1ac1f5-5b02-4bf5-a39e-40addf081f4e: start 0f1ac1f5-5b02-4bf5-a39e-40addf081f4e@group-28097638D086-FollowerState
2022-10-08 01:35:32,284 [0f1ac1f5-5b02-4bf5-a39e-40addf081f4e@group-28097638D086-FollowerState] INFO  impl.FollowerState (FollowerState.java:run(152)) - 0f1ac1f5-5b02-4bf5-a39e-40addf081f4e@group-28097638D086-FollowerState was interrupted
2022-10-08 01:35:32,314 [grpc-default-executor-2] INFO  server.RaftServer$Division (RaftServerImpl.java:requestVote(1184)) - 6b604ca2-684c-4b87-aad0-ccae04811294@group-28097638D086 replies to ELECTION vote request: 932d31bf-cf15-45e6-97a3-7289ed74fac5<-6b604ca2-684c-4b87-aad0-ccae04811294#0:FAIL-t6. Peer's state: 6b604ca2-684c-4b87-aad0-ccae04811294@group-28097638D086:t6, leader=null, voted=null, raftlog=6b604ca2-684c-4b87-aad0-ccae04811294@group-28097638D086-SegmentedRaftLog:OPENED:c-1, conf=-1: [6b604ca2-684c-4b87-aad0-ccae04811294|rpc:10.1.0.61:39343|dataStream:|priority:1, 932d31bf-cf15-45e6-97a3-7289ed74fac5|rpc:10.1.0.61:46727|dataStream:|priority:0, 0f1ac1f5-5b02-4bf5-a39e-40addf081f4e|rpc:10.1.0.61:42591|dataStream:|priority:0], old=null
2022-10-08 01:35:32,315 [932d31bf-cf15-45e6-97a3-7289ed74fac5@group-28097638D086-LeaderElection41] INFO  impl.LeaderElection (LeaderElection.java:logAndReturn(90)) - 932d31bf-cf15-45e6-97a3-7289ed74fac5@group-28097638D086-LeaderElection41: ELECTION REJECTED received 1 response(s) and 0 exception(s):
2022-10-08 01:35:32,315 [932d31bf-cf15-45e6-97a3-7289ed74fac5@group-28097638D086-LeaderElection41] INFO  impl.LeaderElection (LeaderElection.java:logAndReturn(94)) -   Response 0: 932d31bf-cf15-45e6-97a3-7289ed74fac5<-6b604ca2-684c-4b87-aad0-ccae04811294#0:FAIL-t6
2022-10-08 01:35:32,315 [932d31bf-cf15-45e6-97a3-7289ed74fac5@group-28097638D086-LeaderElection41] INFO  impl.LeaderElection (LeaderElection.java:askForVotes(312)) - 932d31bf-cf15-45e6-97a3-7289ed74fac5@group-28097638D086-LeaderElection41 ELECTION round 0: result REJECTED
2022-10-08 01:35:32,315 [932d31bf-cf15-45e6-97a3-7289ed74fac5@group-28097638D086-LeaderElection41] INFO  server.RaftServer$Division (RaftServerImpl.java:setRole(299)) - 932d31bf-cf15-45e6-97a3-7289ed74fac5@group-28097638D086: changes role from CANDIDATE to FOLLOWER at term 6 for REJECTED
2022-10-08 01:35:32,315 [932d31bf-cf15-45e6-97a3-7289ed74fac5@group-28097638D086-LeaderElection41] INFO  impl.RoleInfo (RoleInfo.java:shutdownLeaderElection(130)) - 932d31bf-cf15-45e6-97a3-7289ed74fac5: shutdown 932d31bf-cf15-45e6-97a3-7289ed74fac5@group-28097638D086-LeaderElection41
2022-10-08 01:35:32,315 [932d31bf-cf15-45e6-97a3-7289ed74fac5@group-28097638D086-LeaderElection41] INFO  impl.RoleInfo (RoleInfo.java:updateAndGet(139)) - 932d31bf-cf15-45e6-97a3-7289ed74fac5: start 932d31bf-cf15-45e6-97a3-7289ed74fac5@group-28097638D086-FollowerState
2022-10-08 01:35:32,364 [grpc-default-executor-7] INFO  server.RaftServer$Division (RaftServerImpl.java:requestVote(1184)) - 0f1ac1f5-5b02-4bf5-a39e-40addf081f4e@group-28097638D086 replies to ELECTION vote request: 932d31bf-cf15-45e6-97a3-7289ed74fac5<-0f1ac1f5-5b02-4bf5-a39e-40addf081f4e#0:OK-t6. Peer's state: 0f1ac1f5-5b02-4bf5-a39e-40addf081f4e@group-28097638D086:t6, leader=null, voted=932d31bf-cf15-45e6-97a3-7289ed74fac5, raftlog=0f1ac1f5-5b02-4bf5-a39e-40addf081f4e@group-28097638D086-SegmentedRaftLog:OPENED:c-1, conf=-1: [6b604ca2-684c-4b87-aad0-ccae04811294|rpc:10.1.0.61:39343|dataStream:|priority:1, 932d31bf-cf15-45e6-97a3-7289ed74fac5|rpc:10.1.0.61:46727|dataStream:|priority:0, 0f1ac1f5-5b02-4bf5-a39e-40addf081f4e|rpc:10.1.0.61:42591|dataStream:|priority:0], old=null
2022-10-08 01:35:32,568 [Listener at 127.0.0.1/42695] INFO  ozone.MiniOzoneClusterImpl (MiniOzoneClusterImpl.java:lambda$waitForClusterToBeReady$0(216)) - Nodes are ready. Got 5 of 5 DN Heartbeats.
2022-10-08 01:35:32,569 [Listener at 127.0.0.1/42695] INFO  ozone.MiniOzoneClusterImpl (MiniOzoneClusterImpl.java:lambda$waitForClusterToBeReady$0(219)) - Waiting for cluster to exit safe mode
2022-10-08 01:35:32,569 [Listener at 127.0.0.1/42695] INFO  ozone.MiniOzoneClusterImpl (MiniOzoneClusterImpl.java:lambda$waitForClusterToBeReady$0(221)) - SCM became leader
2022-10-08 01:35:33,159 [ReplicationMonitor] INFO  replication.ReplicationManager (ReplicationManager.java:processAll(291)) - Replication Manager is not ready to run until 3000ms after safemode exit
2022-10-08 01:35:33,572 [Listener at 127.0.0.1/42695] INFO  ozone.MiniOzoneClusterImpl (MiniOzoneClusterImpl.java:lambda$waitForClusterToBeReady$0(216)) - Nodes are ready. Got 5 of 5 DN Heartbeats.
2022-10-08 01:35:33,572 [Listener at 127.0.0.1/42695] INFO  ozone.MiniOzoneClusterImpl (MiniOzoneClusterImpl.java:lambda$waitForClusterToBeReady$0(219)) - Waiting for cluster to exit safe mode
2022-10-08 01:35:33,572 [Listener at 127.0.0.1/42695] INFO  ozone.MiniOzoneClusterImpl (MiniOzoneClusterImpl.java:lambda$waitForClusterToBeReady$0(221)) - SCM became leader
2022-10-08 01:35:34,159 [ReplicationMonitor] INFO  replication.ReplicationManager (ReplicationManager.java:processAll(291)) - Replication Manager is not ready to run until 3000ms after safemode exit
2022-10-08 01:35:34,572 [Listener at 127.0.0.1/42695] INFO  ozone.MiniOzoneClusterImpl (MiniOzoneClusterImpl.java:lambda$waitForClusterToBeReady$0(216)) - Nodes are ready. Got 5 of 5 DN Heartbeats.
2022-10-08 01:35:34,572 [Listener at 127.0.0.1/42695] INFO  ozone.MiniOzoneClusterImpl (MiniOzoneClusterImpl.java:lambda$waitForClusterToBeReady$0(219)) - Waiting for cluster to exit safe mode
2022-10-08 01:35:34,572 [Listener at 127.0.0.1/42695] INFO  ozone.MiniOzoneClusterImpl (MiniOzoneClusterImpl.java:lambda$waitForClusterToBeReady$0(221)) - SCM became leader
2022-10-08 01:35:35,160 [ReplicationMonitor] INFO  replication.ReplicationManager (ReplicationManager.java:processAll(291)) - Replication Manager is not ready to run until 3000ms after safemode exit
2022-10-08 01:35:35,572 [Listener at 127.0.0.1/42695] INFO  ozone.MiniOzoneClusterImpl (MiniOzoneClusterImpl.java:lambda$waitForClusterToBeReady$0(216)) - Nodes are ready. Got 5 of 5 DN Heartbeats.
2022-10-08 01:35:35,573 [Listener at 127.0.0.1/42695] INFO  ozone.MiniOzoneClusterImpl (MiniOzoneClusterImpl.java:lambda$waitForClusterToBeReady$0(219)) - Waiting for cluster to exit safe mode
2022-10-08 01:35:35,573 [Listener at 127.0.0.1/42695] INFO  ozone.MiniOzoneClusterImpl (MiniOzoneClusterImpl.java:lambda$waitForClusterToBeReady$0(221)) - SCM became leader
2022-10-08 01:35:36,164 [ReplicationMonitor] INFO  replication.ReplicationManager (ReplicationManager.java:processAll(291)) - Replication Manager is not ready to run until 3000ms after safemode exit
2022-10-08 01:35:36,580 [Listener at 127.0.0.1/42695] INFO  ozone.MiniOzoneClusterImpl (MiniOzoneClusterImpl.java:lambda$waitForClusterToBeReady$0(216)) - Nodes are ready. Got 5 of 5 DN Heartbeats.
2022-10-08 01:35:36,580 [Listener at 127.0.0.1/42695] INFO  ozone.MiniOzoneClusterImpl (MiniOzoneClusterImpl.java:lambda$waitForClusterToBeReady$0(219)) - Waiting for cluster to exit safe mode
2022-10-08 01:35:36,580 [Listener at 127.0.0.1/42695] INFO  ozone.MiniOzoneClusterImpl (MiniOzoneClusterImpl.java:lambda$waitForClusterToBeReady$0(221)) - SCM became leader
2022-10-08 01:35:37,164 [ReplicationMonitor] INFO  replication.ReplicationManager (ReplicationManager.java:processAll(291)) - Replication Manager is not ready to run until 3000ms after safemode exit
2022-10-08 01:35:37,334 [932d31bf-cf15-45e6-97a3-7289ed74fac5@group-28097638D086-FollowerState] INFO  impl.FollowerState (FollowerState.java:run(143)) - 932d31bf-cf15-45e6-97a3-7289ed74fac5@group-28097638D086-FollowerState: change to CANDIDATE, lastRpcElapsedTime:5018529213ns, electionTimeout:5006ms
2022-10-08 01:35:37,334 [932d31bf-cf15-45e6-97a3-7289ed74fac5@group-28097638D086-FollowerState] INFO  impl.RoleInfo (RoleInfo.java:shutdownFollowerState(110)) - 932d31bf-cf15-45e6-97a3-7289ed74fac5: shutdown 932d31bf-cf15-45e6-97a3-7289ed74fac5@group-28097638D086-FollowerState
2022-10-08 01:35:37,334 [932d31bf-cf15-45e6-97a3-7289ed74fac5@group-28097638D086-FollowerState] INFO  server.RaftServer$Division (RaftServerImpl.java:setRole(299)) - 932d31bf-cf15-45e6-97a3-7289ed74fac5@group-28097638D086: changes role from  FOLLOWER to CANDIDATE at term 6 for changeToCandidate
2022-10-08 01:35:37,334 [932d31bf-cf15-45e6-97a3-7289ed74fac5@group-28097638D086-FollowerState] INFO  server.RaftServerConfigKeys (ConfUtils.java:logGet(46)) - raft.server.leaderelection.pre-vote = false (custom)
2022-10-08 01:35:37,334 [932d31bf-cf15-45e6-97a3-7289ed74fac5@group-28097638D086-FollowerState] INFO  impl.RoleInfo (RoleInfo.java:updateAndGet(139)) - 932d31bf-cf15-45e6-97a3-7289ed74fac5: start 932d31bf-cf15-45e6-97a3-7289ed74fac5@group-28097638D086-LeaderElection42
2022-10-08 01:35:37,352 [6b604ca2-684c-4b87-aad0-ccae04811294@group-28097638D086-FollowerState] INFO  impl.FollowerState (FollowerState.java:run(143)) - 6b604ca2-684c-4b87-aad0-ccae04811294@group-28097638D086-FollowerState: change to CANDIDATE, lastRpcElapsedTime:5116540688ns, electionTimeout:5072ms
2022-10-08 01:35:37,352 [6b604ca2-684c-4b87-aad0-ccae04811294@group-28097638D086-FollowerState] INFO  impl.RoleInfo (RoleInfo.java:shutdownFollowerState(110)) - 6b604ca2-684c-4b87-aad0-ccae04811294: shutdown 6b604ca2-684c-4b87-aad0-ccae04811294@group-28097638D086-FollowerState
2022-10-08 01:35:37,353 [6b604ca2-684c-4b87-aad0-ccae04811294@group-28097638D086-FollowerState] INFO  server.RaftServer$Division (RaftServerImpl.java:setRole(299)) - 6b604ca2-684c-4b87-aad0-ccae04811294@group-28097638D086: changes role from  FOLLOWER to CANDIDATE at term 6 for changeToCandidate
2022-10-08 01:35:37,353 [6b604ca2-684c-4b87-aad0-ccae04811294@group-28097638D086-FollowerState] INFO  server.RaftServerConfigKeys (ConfUtils.java:logGet(46)) - raft.server.leaderelection.pre-vote = false (custom)
2022-10-08 01:35:37,353 [6b604ca2-684c-4b87-aad0-ccae04811294@group-28097638D086-FollowerState] INFO  impl.RoleInfo (RoleInfo.java:updateAndGet(139)) - 6b604ca2-684c-4b87-aad0-ccae04811294: start 6b604ca2-684c-4b87-aad0-ccae04811294@group-28097638D086-LeaderElection43
2022-10-08 01:35:37,422 [6b604ca2-684c-4b87-aad0-ccae04811294@group-28097638D086-LeaderElection43] INFO  impl.LeaderElection (LeaderElection.java:askForVotes(310)) - 6b604ca2-684c-4b87-aad0-ccae04811294@group-28097638D086-LeaderElection43 ELECTION round 0: submit vote requests at term 7 for -1: [6b604ca2-684c-4b87-aad0-ccae04811294|rpc:10.1.0.61:39343|dataStream:|priority:1, 932d31bf-cf15-45e6-97a3-7289ed74fac5|rpc:10.1.0.61:46727|dataStream:|priority:0, 0f1ac1f5-5b02-4bf5-a39e-40addf081f4e|rpc:10.1.0.61:42591|dataStream:|priority:0], old=null
2022-10-08 01:35:37,422 [932d31bf-cf15-45e6-97a3-7289ed74fac5@group-28097638D086-LeaderElection42] INFO  impl.LeaderElection (LeaderElection.java:askForVotes(310)) - 932d31bf-cf15-45e6-97a3-7289ed74fac5@group-28097638D086-LeaderElection42 ELECTION round 0: submit vote requests at term 7 for -1: [6b604ca2-684c-4b87-aad0-ccae04811294|rpc:10.1.0.61:39343|priority:1, 932d31bf-cf15-45e6-97a3-7289ed74fac5|rpc:10.1.0.61:46727|priority:0, 0f1ac1f5-5b02-4bf5-a39e-40addf081f4e|rpc:10.1.0.61:42591|priority:0], old=null
2022-10-08 01:35:37,465 [grpc-default-executor-7] INFO  server.RaftServer$Division (RaftServerImpl.java:requestVote(1152)) - 932d31bf-cf15-45e6-97a3-7289ed74fac5@group-28097638D086: receive requestVote(ELECTION, 6b604ca2-684c-4b87-aad0-ccae04811294, group-28097638D086, 7, (t:0, i:0))
2022-10-08 01:35:37,465 [grpc-default-executor-7] INFO  impl.VoteContext (VoteContext.java:log(48)) - 932d31bf-cf15-45e6-97a3-7289ed74fac5@group-28097638D086-CANDIDATE: reject ELECTION from 6b604ca2-684c-4b87-aad0-ccae04811294: already has voted for 932d31bf-cf15-45e6-97a3-7289ed74fac5 at current term 7
2022-10-08 01:35:37,465 [grpc-default-executor-7] INFO  server.RaftServer$Division (RaftServerImpl.java:requestVote(1184)) - 932d31bf-cf15-45e6-97a3-7289ed74fac5@group-28097638D086 replies to ELECTION vote request: 6b604ca2-684c-4b87-aad0-ccae04811294<-932d31bf-cf15-45e6-97a3-7289ed74fac5#0:FAIL-t7. Peer's state: 932d31bf-cf15-45e6-97a3-7289ed74fac5@group-28097638D086:t7, leader=null, voted=932d31bf-cf15-45e6-97a3-7289ed74fac5, raftlog=932d31bf-cf15-45e6-97a3-7289ed74fac5@group-28097638D086-SegmentedRaftLog:OPENED:c-1, conf=-1: [6b604ca2-684c-4b87-aad0-ccae04811294|rpc:10.1.0.61:39343|priority:1, 932d31bf-cf15-45e6-97a3-7289ed74fac5|rpc:10.1.0.61:46727|priority:0, 0f1ac1f5-5b02-4bf5-a39e-40addf081f4e|rpc:10.1.0.61:42591|priority:0], old=null
2022-10-08 01:35:37,472 [grpc-default-executor-7] INFO  server.RaftServer$Division (RaftServerImpl.java:requestVote(1152)) - 0f1ac1f5-5b02-4bf5-a39e-40addf081f4e@group-28097638D086: receive requestVote(ELECTION, 6b604ca2-684c-4b87-aad0-ccae04811294, group-28097638D086, 7, (t:0, i:0))
2022-10-08 01:35:37,472 [grpc-default-executor-7] INFO  impl.VoteContext (VoteContext.java:log(48)) - 0f1ac1f5-5b02-4bf5-a39e-40addf081f4e@group-28097638D086-FOLLOWER: accept ELECTION from 6b604ca2-684c-4b87-aad0-ccae04811294: our priority 0 <= candidate's priority 1
2022-10-08 01:35:37,472 [grpc-default-executor-2] INFO  server.RaftServer$Division (RaftServerImpl.java:requestVote(1152)) - 6b604ca2-684c-4b87-aad0-ccae04811294@group-28097638D086: receive requestVote(ELECTION, 932d31bf-cf15-45e6-97a3-7289ed74fac5, group-28097638D086, 7, (t:0, i:0))
2022-10-08 01:35:37,472 [grpc-default-executor-2] INFO  impl.VoteContext (VoteContext.java:log(48)) - 6b604ca2-684c-4b87-aad0-ccae04811294@group-28097638D086-CANDIDATE: reject ELECTION from 932d31bf-cf15-45e6-97a3-7289ed74fac5: already has voted for 6b604ca2-684c-4b87-aad0-ccae04811294 at current term 7
2022-10-08 01:35:37,472 [grpc-default-executor-2] INFO  server.RaftServer$Division (RaftServerImpl.java:requestVote(1184)) - 6b604ca2-684c-4b87-aad0-ccae04811294@group-28097638D086 replies to ELECTION vote request: 932d31bf-cf15-45e6-97a3-7289ed74fac5<-6b604ca2-684c-4b87-aad0-ccae04811294#0:FAIL-t7. Peer's state: 6b604ca2-684c-4b87-aad0-ccae04811294@group-28097638D086:t7, leader=null, voted=6b604ca2-684c-4b87-aad0-ccae04811294, raftlog=6b604ca2-684c-4b87-aad0-ccae04811294@group-28097638D086-SegmentedRaftLog:OPENED:c-1, conf=-1: [6b604ca2-684c-4b87-aad0-ccae04811294|rpc:10.1.0.61:39343|dataStream:|priority:1, 932d31bf-cf15-45e6-97a3-7289ed74fac5|rpc:10.1.0.61:46727|dataStream:|priority:0, 0f1ac1f5-5b02-4bf5-a39e-40addf081f4e|rpc:10.1.0.61:42591|dataStream:|priority:0], old=null
2022-10-08 01:35:37,472 [grpc-default-executor-7] INFO  server.RaftServer$Division (RaftServerImpl.java:setRole(299)) - 0f1ac1f5-5b02-4bf5-a39e-40addf081f4e@group-28097638D086: changes role from  FOLLOWER to FOLLOWER at term 7 for candidate:6b604ca2-684c-4b87-aad0-ccae04811294
2022-10-08 01:35:37,473 [grpc-default-executor-7] INFO  impl.RoleInfo (RoleInfo.java:shutdownFollowerState(110)) - 0f1ac1f5-5b02-4bf5-a39e-40addf081f4e: shutdown 0f1ac1f5-5b02-4bf5-a39e-40addf081f4e@group-28097638D086-FollowerState
2022-10-08 01:35:37,480 [932d31bf-cf15-45e6-97a3-7289ed74fac5@group-28097638D086-LeaderElection42] INFO  impl.LeaderElection (LeaderElection.java:logAndReturn(90)) - 932d31bf-cf15-45e6-97a3-7289ed74fac5@group-28097638D086-LeaderElection42: ELECTION REJECTED received 1 response(s) and 0 exception(s):
2022-10-08 01:35:37,480 [932d31bf-cf15-45e6-97a3-7289ed74fac5@group-28097638D086-LeaderElection42] INFO  impl.LeaderElection (LeaderElection.java:logAndReturn(94)) -   Response 0: 932d31bf-cf15-45e6-97a3-7289ed74fac5<-6b604ca2-684c-4b87-aad0-ccae04811294#0:FAIL-t7
2022-10-08 01:35:37,480 [932d31bf-cf15-45e6-97a3-7289ed74fac5@group-28097638D086-LeaderElection42] INFO  impl.LeaderElection (LeaderElection.java:askForVotes(312)) - 932d31bf-cf15-45e6-97a3-7289ed74fac5@group-28097638D086-LeaderElection42 ELECTION round 0: result REJECTED
2022-10-08 01:35:37,480 [932d31bf-cf15-45e6-97a3-7289ed74fac5@group-28097638D086-LeaderElection42] INFO  server.RaftServer$Division (RaftServerImpl.java:setRole(299)) - 932d31bf-cf15-45e6-97a3-7289ed74fac5@group-28097638D086: changes role from CANDIDATE to FOLLOWER at term 7 for REJECTED
2022-10-08 01:35:37,480 [932d31bf-cf15-45e6-97a3-7289ed74fac5@group-28097638D086-LeaderElection42] INFO  impl.RoleInfo (RoleInfo.java:shutdownLeaderElection(130)) - 932d31bf-cf15-45e6-97a3-7289ed74fac5: shutdown 932d31bf-cf15-45e6-97a3-7289ed74fac5@group-28097638D086-LeaderElection42
2022-10-08 01:35:37,480 [932d31bf-cf15-45e6-97a3-7289ed74fac5@group-28097638D086-LeaderElection42] INFO  impl.RoleInfo (RoleInfo.java:updateAndGet(139)) - 932d31bf-cf15-45e6-97a3-7289ed74fac5: start 932d31bf-cf15-45e6-97a3-7289ed74fac5@group-28097638D086-FollowerState
2022-10-08 01:35:37,480 [0f1ac1f5-5b02-4bf5-a39e-40addf081f4e@group-28097638D086-FollowerState] INFO  impl.FollowerState (FollowerState.java:shouldRun(117)) - 0f1ac1f5-5b02-4bf5-a39e-40addf081f4e@group-28097638D086-FollowerState: Stopping now (isRunning? false, role = FOLLOWER)
2022-10-08 01:35:37,481 [grpc-default-executor-2] INFO  server.RaftServer$Division (RaftServerImpl.java:requestVote(1152)) - 0f1ac1f5-5b02-4bf5-a39e-40addf081f4e@group-28097638D086: receive requestVote(ELECTION, 932d31bf-cf15-45e6-97a3-7289ed74fac5, group-28097638D086, 7, (t:0, i:0))
2022-10-08 01:35:37,482 [grpc-default-executor-7] INFO  impl.RoleInfo (RoleInfo.java:updateAndGet(139)) - 0f1ac1f5-5b02-4bf5-a39e-40addf081f4e: start 0f1ac1f5-5b02-4bf5-a39e-40addf081f4e@group-28097638D086-FollowerState
2022-10-08 01:35:37,535 [grpc-default-executor-7] INFO  server.RaftServer$Division (RaftServerImpl.java:requestVote(1184)) - 0f1ac1f5-5b02-4bf5-a39e-40addf081f4e@group-28097638D086 replies to ELECTION vote request: 6b604ca2-684c-4b87-aad0-ccae04811294<-0f1ac1f5-5b02-4bf5-a39e-40addf081f4e#0:OK-t7. Peer's state: 0f1ac1f5-5b02-4bf5-a39e-40addf081f4e@group-28097638D086:t7, leader=null, voted=6b604ca2-684c-4b87-aad0-ccae04811294, raftlog=0f1ac1f5-5b02-4bf5-a39e-40addf081f4e@group-28097638D086-SegmentedRaftLog:OPENED:c-1, conf=-1: [6b604ca2-684c-4b87-aad0-ccae04811294|rpc:10.1.0.61:39343|dataStream:|priority:1, 932d31bf-cf15-45e6-97a3-7289ed74fac5|rpc:10.1.0.61:46727|dataStream:|priority:0, 0f1ac1f5-5b02-4bf5-a39e-40addf081f4e|rpc:10.1.0.61:42591|dataStream:|priority:0], old=null
2022-10-08 01:35:37,535 [grpc-default-executor-2] INFO  impl.VoteContext (VoteContext.java:log(48)) - 0f1ac1f5-5b02-4bf5-a39e-40addf081f4e@group-28097638D086-FOLLOWER: reject ELECTION from 932d31bf-cf15-45e6-97a3-7289ed74fac5: already has voted for 6b604ca2-684c-4b87-aad0-ccae04811294 at current term 7
2022-10-08 01:35:37,535 [grpc-default-executor-2] INFO  server.RaftServer$Division (RaftServerImpl.java:requestVote(1184)) - 0f1ac1f5-5b02-4bf5-a39e-40addf081f4e@group-28097638D086 replies to ELECTION vote request: 932d31bf-cf15-45e6-97a3-7289ed74fac5<-0f1ac1f5-5b02-4bf5-a39e-40addf081f4e#0:FAIL-t7. Peer's state: 0f1ac1f5-5b02-4bf5-a39e-40addf081f4e@group-28097638D086:t7, leader=null, voted=6b604ca2-684c-4b87-aad0-ccae04811294, raftlog=0f1ac1f5-5b02-4bf5-a39e-40addf081f4e@group-28097638D086-SegmentedRaftLog:OPENED:c-1, conf=-1: [6b604ca2-684c-4b87-aad0-ccae04811294|rpc:10.1.0.61:39343|dataStream:|priority:1, 932d31bf-cf15-45e6-97a3-7289ed74fac5|rpc:10.1.0.61:46727|dataStream:|priority:0, 0f1ac1f5-5b02-4bf5-a39e-40addf081f4e|rpc:10.1.0.61:42591|dataStream:|priority:0], old=null
2022-10-08 01:35:37,564 [6b604ca2-684c-4b87-aad0-ccae04811294@group-28097638D086-LeaderElection43] INFO  impl.LeaderElection (LeaderElection.java:logAndReturn(90)) - 6b604ca2-684c-4b87-aad0-ccae04811294@group-28097638D086-LeaderElection43: ELECTION PASSED received 2 response(s) and 0 exception(s):
2022-10-08 01:35:37,564 [6b604ca2-684c-4b87-aad0-ccae04811294@group-28097638D086-LeaderElection43] INFO  impl.LeaderElection (LeaderElection.java:logAndReturn(94)) -   Response 0: 6b604ca2-684c-4b87-aad0-ccae04811294<-932d31bf-cf15-45e6-97a3-7289ed74fac5#0:FAIL-t7
2022-10-08 01:35:37,564 [6b604ca2-684c-4b87-aad0-ccae04811294@group-28097638D086-LeaderElection43] INFO  impl.LeaderElection (LeaderElection.java:logAndReturn(94)) -   Response 1: 6b604ca2-684c-4b87-aad0-ccae04811294<-0f1ac1f5-5b02-4bf5-a39e-40addf081f4e#0:OK-t7
2022-10-08 01:35:37,564 [6b604ca2-684c-4b87-aad0-ccae04811294@group-28097638D086-LeaderElection43] INFO  impl.LeaderElection (LeaderElection.java:askForVotes(312)) - 6b604ca2-684c-4b87-aad0-ccae04811294@group-28097638D086-LeaderElection43 ELECTION round 0: result PASSED
2022-10-08 01:35:37,564 [6b604ca2-684c-4b87-aad0-ccae04811294@group-28097638D086-LeaderElection43] INFO  impl.RoleInfo (RoleInfo.java:shutdownLeaderElection(130)) - 6b604ca2-684c-4b87-aad0-ccae04811294: shutdown 6b604ca2-684c-4b87-aad0-ccae04811294@group-28097638D086-LeaderElection43
2022-10-08 01:35:37,564 [6b604ca2-684c-4b87-aad0-ccae04811294@group-28097638D086-LeaderElection43] INFO  server.RaftServer$Division (RaftServerImpl.java:setRole(299)) - 6b604ca2-684c-4b87-aad0-ccae04811294@group-28097638D086: changes role from CANDIDATE to LEADER at term 7 for changeToLeader
2022-10-08 01:35:37,564 [6b604ca2-684c-4b87-aad0-ccae04811294@group-28097638D086-LeaderElection43] INFO  ratis.XceiverServerRatis (XceiverServerRatis.java:handleLeaderChangedNotification(863)) - Leader change notification received for group: group-28097638D086 with new leaderId: 6b604ca2-684c-4b87-aad0-ccae04811294
2022-10-08 01:35:37,564 [6b604ca2-684c-4b87-aad0-ccae04811294@group-28097638D086-LeaderElection43] INFO  server.RaftServer$Division (ServerState.java:setLeader(287)) - 6b604ca2-684c-4b87-aad0-ccae04811294@group-28097638D086: change Leader from null to 6b604ca2-684c-4b87-aad0-ccae04811294 at term 7 for becomeLeader, leader elected after 36576ms
2022-10-08 01:35:37,564 [6b604ca2-684c-4b87-aad0-ccae04811294@group-28097638D086-LeaderElection43] INFO  server.RaftServerConfigKeys (ConfUtils.java:logGet(46)) - raft.server.staging.catchup.gap = 1000 (default)
2022-10-08 01:35:37,565 [6b604ca2-684c-4b87-aad0-ccae04811294@group-28097638D086-LeaderElection43] INFO  server.RaftServerConfigKeys (ConfUtils.java:logGet(46)) - raft.server.write.element-limit = 1024 (custom)
2022-10-08 01:35:37,565 [6b604ca2-684c-4b87-aad0-ccae04811294@group-28097638D086-LeaderElection43] INFO  server.RaftServerConfigKeys (ConfUtils.java:logGet(46)) - raft.server.write.byte-limit = 1024 M (=1073741824) (custom)
2022-10-08 01:35:37,565 [6b604ca2-684c-4b87-aad0-ccae04811294@group-28097638D086-LeaderElection43] INFO  server.RaftServerConfigKeys (ConfUtils.java:logGet(46)) - raft.server.watch.timeout = 180s (custom)
2022-10-08 01:35:37,565 [6b604ca2-684c-4b87-aad0-ccae04811294@group-28097638D086-LeaderElection43] INFO  server.RaftServerConfigKeys (ConfUtils.java:logGet(46)) - raft.server.watch.timeout.denomination = 1s (default)
2022-10-08 01:35:37,565 [6b604ca2-684c-4b87-aad0-ccae04811294@group-28097638D086-LeaderElection43] INFO  server.RaftServerConfigKeys (ConfUtils.java:logGet(46)) - raft.server.watch.element-limit = 65536 (default)
2022-10-08 01:35:37,565 [6b604ca2-684c-4b87-aad0-ccae04811294@group-28097638D086-LeaderElection43] INFO  server.RaftServerConfigKeys (ConfUtils.java:logGet(46)) - raft.server.write.element-limit = 1024 (custom)
2022-10-08 01:35:37,565 [6b604ca2-684c-4b87-aad0-ccae04811294@group-28097638D086-LeaderElection43] INFO  server.RaftServerConfigKeys (ConfUtils.java:logGet(46)) - raft.server.write.follower.gap.ratio.max = -1.0 (default)
2022-10-08 01:35:37,566 [6b604ca2-684c-4b87-aad0-ccae04811294@group-28097638D086-LeaderElection43] INFO  server.RaftServerConfigKeys (ConfUtils.java:logGet(46)) - raft.server.log.appender.snapshot.chunk.size.max = 16MB (=16777216) (default)
2022-10-08 01:35:37,566 [6b604ca2-684c-4b87-aad0-ccae04811294@group-28097638D086-LeaderElection43] INFO  server.RaftServerConfigKeys (ConfUtils.java:logGet(46)) - raft.server.log.appender.buffer.byte-limit = 33554432 (custom)
2022-10-08 01:35:37,566 [6b604ca2-684c-4b87-aad0-ccae04811294@group-28097638D086-LeaderElection43] INFO  server.RaftServerConfigKeys (ConfUtils.java:logGet(46)) - raft.server.log.appender.buffer.element-limit = 1 (custom)
2022-10-08 01:35:37,566 [6b604ca2-684c-4b87-aad0-ccae04811294@group-28097638D086-LeaderElection43] INFO  grpc.GrpcConfigKeys (ConfUtils.java:logGet(46)) - raft.grpc.server.leader.outstanding.appends.max = 128 (default)
2022-10-08 01:35:37,566 [6b604ca2-684c-4b87-aad0-ccae04811294@group-28097638D086-LeaderElection43] INFO  server.RaftServerConfigKeys (ConfUtils.java:logGet(46)) - raft.server.rpc.request.timeout = 60s (custom)
2022-10-08 01:35:37,567 [6b604ca2-684c-4b87-aad0-ccae04811294@group-28097638D086-LeaderElection43] INFO  server.RaftServerConfigKeys (ConfUtils.java:logGet(46)) - raft.server.log.appender.install.snapshot.enabled = false (custom)
2022-10-08 01:35:37,588 [Listener at 127.0.0.1/42695] INFO  ozone.MiniOzoneClusterImpl (MiniOzoneClusterImpl.java:lambda$waitForClusterToBeReady$0(216)) - Nodes are ready. Got 5 of 5 DN Heartbeats.
2022-10-08 01:35:37,588 [Listener at 127.0.0.1/42695] INFO  ozone.MiniOzoneClusterImpl (MiniOzoneClusterImpl.java:lambda$waitForClusterToBeReady$0(219)) - Waiting for cluster to exit safe mode
2022-10-08 01:35:37,588 [Listener at 127.0.0.1/42695] INFO  ozone.MiniOzoneClusterImpl (MiniOzoneClusterImpl.java:lambda$waitForClusterToBeReady$0(221)) - SCM became leader
2022-10-08 01:35:37,596 [6b604ca2-684c-4b87-aad0-ccae04811294@group-28097638D086-LeaderElection43] INFO  server.RaftServerConfigKeys (ConfUtils.java:logGet(46)) - raft.server.log.appender.snapshot.chunk.size.max = 16MB (=16777216) (default)
2022-10-08 01:35:37,596 [6b604ca2-684c-4b87-aad0-ccae04811294@group-28097638D086-LeaderElection43] INFO  server.RaftServerConfigKeys (ConfUtils.java:logGet(46)) - raft.server.log.appender.buffer.byte-limit = 33554432 (custom)
2022-10-08 01:35:37,596 [6b604ca2-684c-4b87-aad0-ccae04811294@group-28097638D086-LeaderElection43] INFO  server.RaftServerConfigKeys (ConfUtils.java:logGet(46)) - raft.server.log.appender.buffer.element-limit = 1 (custom)
2022-10-08 01:35:37,596 [6b604ca2-684c-4b87-aad0-ccae04811294@group-28097638D086-LeaderElection43] INFO  grpc.GrpcConfigKeys (ConfUtils.java:logGet(46)) - raft.grpc.server.leader.outstanding.appends.max = 128 (default)
2022-10-08 01:35:37,596 [6b604ca2-684c-4b87-aad0-ccae04811294@group-28097638D086-LeaderElection43] INFO  server.RaftServerConfigKeys (ConfUtils.java:logGet(46)) - raft.server.rpc.request.timeout = 60s (custom)
2022-10-08 01:35:37,596 [6b604ca2-684c-4b87-aad0-ccae04811294@group-28097638D086-LeaderElection43] INFO  server.RaftServerConfigKeys (ConfUtils.java:logGet(46)) - raft.server.log.appender.install.snapshot.enabled = false (custom)
2022-10-08 01:35:37,596 [6b604ca2-684c-4b87-aad0-ccae04811294@group-28097638D086-LeaderElection43] INFO  impl.RoleInfo (RoleInfo.java:updateAndGet(139)) - 6b604ca2-684c-4b87-aad0-ccae04811294: start 6b604ca2-684c-4b87-aad0-ccae04811294@group-28097638D086-LeaderStateImpl
2022-10-08 01:35:37,597 [6b604ca2-684c-4b87-aad0-ccae04811294@group-28097638D086-LeaderElection43] INFO  segmented.SegmentedRaftLogWorker (SegmentedRaftLogWorker.java:startLogSegment(425)) - 6b604ca2-684c-4b87-aad0-ccae04811294@group-28097638D086-SegmentedRaftLogWorker: Starting segment from index:0
2022-10-08 01:35:37,604 [6b604ca2-684c-4b87-aad0-ccae04811294@group-28097638D086-SegmentedRaftLogWorker] INFO  segmented.SegmentedRaftLogWorker (SegmentedRaftLogWorker.java:execute(629)) - 6b604ca2-684c-4b87-aad0-ccae04811294@group-28097638D086-SegmentedRaftLogWorker: created new log segment /home/runner/work/ozone/ozone/hadoop-ozone/integration-test/target/test-dir/MiniOzoneClusterImpl-5d0d2deb-5324-41ce-86fc-5a78a6428163/datanode-2/data/ratis/97bd003a-c475-4099-bcba-28097638d086/current/log_inprogress_0
2022-10-08 01:35:37,644 [6b604ca2-684c-4b87-aad0-ccae04811294@group-28097638D086-LeaderElection43] INFO  server.RaftServer$Division (ServerState.java:setRaftConf(393)) - 6b604ca2-684c-4b87-aad0-ccae04811294@group-28097638D086: set configuration 0: [6b604ca2-684c-4b87-aad0-ccae04811294|rpc:10.1.0.61:39343|dataStream:|priority:1, 932d31bf-cf15-45e6-97a3-7289ed74fac5|rpc:10.1.0.61:46727|dataStream:|priority:0, 0f1ac1f5-5b02-4bf5-a39e-40addf081f4e|rpc:10.1.0.61:42591|dataStream:|priority:0], old=null
2022-10-08 01:35:37,664 [EventQueue-PipelineReportForPipelineReportHandler] INFO  pipeline.PipelineManagerImpl (PipelineManagerImpl.java:openPipeline(367)) - Pipeline Pipeline[ Id: 97bd003a-c475-4099-bcba-28097638d086, Nodes: 0f1ac1f5-5b02-4bf5-a39e-40addf081f4e{ip: 10.1.0.61, host: fv-az180-867.g3pwtgv4ffyuhaixmbmm0kyh3d.gx.internal.cloudapp.net, ports: [REPLICATION=46597, RATIS=42591, RATIS_ADMIN=42591, RATIS_SERVER=42591, STANDALONE=36445], networkLocation: /default-rack, certSerialId: null, persistedOpState: IN_SERVICE, persistedOpStateExpiryEpochSec: 0}932d31bf-cf15-45e6-97a3-7289ed74fac5{ip: 10.1.0.61, host: fv-az180-867.g3pwtgv4ffyuhaixmbmm0kyh3d.gx.internal.cloudapp.net, ports: [REPLICATION=32977, RATIS=46727, RATIS_ADMIN=46727, RATIS_SERVER=46727, STANDALONE=42369], networkLocation: /default-rack, certSerialId: null, persistedOpState: IN_SERVICE, persistedOpStateExpiryEpochSec: 0}6b604ca2-684c-4b87-aad0-ccae04811294{ip: 10.1.0.61, host: fv-az180-867.g3pwtgv4ffyuhaixmbmm0kyh3d.gx.internal.cloudapp.net, ports: [REPLICATION=44087, RATIS=39343, RATIS_ADMIN=39343, RATIS_SERVER=39343, STANDALONE=44019], networkLocation: /default-rack, certSerialId: null, persistedOpState: IN_SERVICE, persistedOpStateExpiryEpochSec: 0}, ReplicationConfig: RATIS/THREE, State:ALLOCATED, leaderId:6b604ca2-684c-4b87-aad0-ccae04811294, CreationTimestamp2022-10-08T01:34:59.033Z[Etc/UTC]] moved to OPEN state
2022-10-08 01:35:37,665 [EventQueue-OpenPipelineForHealthyPipelineSafeModeRule] INFO  safemode.SCMSafeModeManager (HealthyPipelineSafeModeRule.java:process(137)) - SCM in safe mode. Healthy pipelines reported count is 1, required healthy pipeline reported count is 1
2022-10-08 01:35:37,665 [EventQueue-OpenPipelineForHealthyPipelineSafeModeRule] INFO  safemode.SCMSafeModeManager (SCMSafeModeManager.java:validateSafeModeExitRules(204)) - HealthyPipelineSafeModeRule rule is successfully validated
2022-10-08 01:35:37,665 [EventQueue-OpenPipelineForHealthyPipelineSafeModeRule] INFO  safemode.SCMSafeModeManager (SCMSafeModeManager.java:validateSafeModeExitRules(219)) - ScmSafeModeManager, all rules are successfully validated
2022-10-08 01:35:37,665 [EventQueue-OpenPipelineForHealthyPipelineSafeModeRule] INFO  safemode.SCMSafeModeManager (SCMSafeModeManager.java:exitSafeMode(248)) - SCM exiting safe mode.
2022-10-08 01:35:37,665 [EventQueue-OpenPipelineForHealthyPipelineSafeModeRule] WARN  events.EventQueue (EventQueue.java:fireEvent(216)) - No event handler registered for event TypedEvent{payloadType=SafeModeStatus, name='Safe mode status'}
2022-10-08 01:35:37,665 [EventQueue-OpenPipelineForHealthyPipelineSafeModeRule] INFO  ha.SCMContext (SCMContext.java:updateSafeModeStatus(228)) - Update SafeModeStatus from SafeModeStatus{safeModeStatus=true, preCheckPassed=true} to SafeModeStatus{safeModeStatus=false, preCheckPassed=true}.
2022-10-08 01:35:37,665 [EventQueue-OpenPipelineForHealthyPipelineSafeModeRule] INFO  pipeline.BackgroundPipelineCreator (BackgroundPipelineCreator.java:notifyStatusChanged(254)) - Service BackgroundPipelineCreator transitions to RUNNING.
2022-10-08 01:35:37,665 [EventQueue-OpenPipelineForHealthyPipelineSafeModeRule] INFO  BackgroundPipelineScrubber (BackgroundSCMService.java:notifyStatusChanged(82)) - Service BackgroundPipelineScrubber transitions to RUNNING.
2022-10-08 01:35:37,665 [EventQueue-OpenPipelineForHealthyPipelineSafeModeRule] INFO  ExpiredContainerReplicaOpScrubber (BackgroundSCMService.java:notifyStatusChanged(82)) - Service ExpiredContainerReplicaOpScrubber transitions to RUNNING.
2022-10-08 01:35:37,665 [EventQueue-OpenPipelineForHealthyPipelineSafeModeRule] INFO  replication.ReplicationManager (ReplicationManager.java:notifyStatusChanged(728)) - Service ReplicationManager transitions to RUNNING.
2022-10-08 01:35:37,665 [EventQueue-OpenPipelineForHealthyPipelineSafeModeRule] WARN  balancer.ContainerBalancer (ContainerBalancer.java:shouldRun(936)) - Could not find persisted configuration for ContainerBalancer when checking if ContainerBalancer should run. ContainerBalancer should not run now.
2022-10-08 01:35:37,703 [932d31bf-cf15-45e6-97a3-7289ed74fac5-server-thread1] INFO  ratis.XceiverServerRatis (XceiverServerRatis.java:handleLeaderChangedNotification(863)) - Leader change notification received for group: group-28097638D086 with new leaderId: 6b604ca2-684c-4b87-aad0-ccae04811294
2022-10-08 01:35:37,703 [932d31bf-cf15-45e6-97a3-7289ed74fac5-server-thread1] INFO  server.RaftServer$Division (ServerState.java:setLeader(287)) - 932d31bf-cf15-45e6-97a3-7289ed74fac5@group-28097638D086: change Leader from null to 6b604ca2-684c-4b87-aad0-ccae04811294 at term 7 for appendEntries, leader elected after 37058ms
2022-10-08 01:35:37,717 [932d31bf-cf15-45e6-97a3-7289ed74fac5-server-thread1] INFO  server.RaftServer$Division (ServerState.java:setRaftConf(393)) - 932d31bf-cf15-45e6-97a3-7289ed74fac5@group-28097638D086: set configuration 0: [6b604ca2-684c-4b87-aad0-ccae04811294|rpc:10.1.0.61:39343|dataStream:|priority:1, 932d31bf-cf15-45e6-97a3-7289ed74fac5|rpc:10.1.0.61:46727|dataStream:|priority:0, 0f1ac1f5-5b02-4bf5-a39e-40addf081f4e|rpc:10.1.0.61:42591|dataStream:|priority:0], old=null
2022-10-08 01:35:37,717 [932d31bf-cf15-45e6-97a3-7289ed74fac5-server-thread1] INFO  segmented.SegmentedRaftLogWorker (SegmentedRaftLogWorker.java:startLogSegment(425)) - 932d31bf-cf15-45e6-97a3-7289ed74fac5@group-28097638D086-SegmentedRaftLogWorker: Starting segment from index:0
2022-10-08 01:35:37,724 [932d31bf-cf15-45e6-97a3-7289ed74fac5@group-28097638D086-SegmentedRaftLogWorker] INFO  segmented.SegmentedRaftLogWorker (SegmentedRaftLogWorker.java:execute(629)) - 932d31bf-cf15-45e6-97a3-7289ed74fac5@group-28097638D086-SegmentedRaftLogWorker: created new log segment /home/runner/work/ozone/ozone/hadoop-ozone/integration-test/target/test-dir/MiniOzoneClusterImpl-5d0d2deb-5324-41ce-86fc-5a78a6428163/datanode-1/data/ratis/97bd003a-c475-4099-bcba-28097638d086/current/log_inprogress_0
2022-10-08 01:35:37,760 [0f1ac1f5-5b02-4bf5-a39e-40addf081f4e-server-thread1] INFO  ratis.XceiverServerRatis (XceiverServerRatis.java:handleLeaderChangedNotification(863)) - Leader change notification received for group: group-28097638D086 with new leaderId: 6b604ca2-684c-4b87-aad0-ccae04811294
2022-10-08 01:35:37,760 [0f1ac1f5-5b02-4bf5-a39e-40addf081f4e-server-thread1] INFO  server.RaftServer$Division (ServerState.java:setLeader(287)) - 0f1ac1f5-5b02-4bf5-a39e-40addf081f4e@group-28097638D086: change Leader from null to 6b604ca2-684c-4b87-aad0-ccae04811294 at term 7 for appendEntries, leader elected after 36973ms
2022-10-08 01:35:37,765 [0f1ac1f5-5b02-4bf5-a39e-40addf081f4e-server-thread1] INFO  server.RaftServer$Division (ServerState.java:setRaftConf(393)) - 0f1ac1f5-5b02-4bf5-a39e-40addf081f4e@group-28097638D086: set configuration 0: [6b604ca2-684c-4b87-aad0-ccae04811294|rpc:10.1.0.61:39343|dataStream:|priority:1, 932d31bf-cf15-45e6-97a3-7289ed74fac5|rpc:10.1.0.61:46727|dataStream:|priority:0, 0f1ac1f5-5b02-4bf5-a39e-40addf081f4e|rpc:10.1.0.61:42591|dataStream:|priority:0], old=null
2022-10-08 01:35:37,765 [0f1ac1f5-5b02-4bf5-a39e-40addf081f4e-server-thread1] INFO  segmented.SegmentedRaftLogWorker (SegmentedRaftLogWorker.java:startLogSegment(425)) - 0f1ac1f5-5b02-4bf5-a39e-40addf081f4e@group-28097638D086-SegmentedRaftLogWorker: Starting segment from index:0
2022-10-08 01:35:37,796 [0f1ac1f5-5b02-4bf5-a39e-40addf081f4e@group-28097638D086-SegmentedRaftLogWorker] INFO  segmented.SegmentedRaftLogWorker (SegmentedRaftLogWorker.java:execute(629)) - 0f1ac1f5-5b02-4bf5-a39e-40addf081f4e@group-28097638D086-SegmentedRaftLogWorker: created new log segment /home/runner/work/ozone/ozone/hadoop-ozone/integration-test/target/test-dir/MiniOzoneClusterImpl-5d0d2deb-5324-41ce-86fc-5a78a6428163/datanode-0/data/ratis/97bd003a-c475-4099-bcba-28097638d086/current/log_inprogress_0
2022-10-08 01:35:38,164 [ReplicationMonitor] INFO  replication.ReplicationManager (ReplicationManager.java:processAll(291)) - Replication Manager is not ready to run until 3000ms after safemode exit
2022-10-08 01:35:38,588 [Listener at 127.0.0.1/42695] INFO  ozone.MiniOzoneClusterImpl (MiniOzoneClusterImpl.java:lambda$waitForClusterToBeReady$0(216)) - Nodes are ready. Got 5 of 5 DN Heartbeats.
2022-10-08 01:35:38,588 [Listener at 127.0.0.1/42695] INFO  ozone.MiniOzoneClusterImpl (MiniOzoneClusterImpl.java:lambda$waitForClusterToBeReady$0(219)) - Cluster exits safe mode
2022-10-08 01:35:38,588 [Listener at 127.0.0.1/42695] INFO  ozone.MiniOzoneClusterImpl (MiniOzoneClusterImpl.java:lambda$waitForClusterToBeReady$0(221)) - SCM became leader
2022-10-08 01:35:38,668 [Listener at 127.0.0.1/42695] INFO  rpc.RpcClient (RpcClient.java:createVolume(471)) - Creating Volume: 2c2bcff4-04cd-4888-bb98-2003e72733cf, with runner as owner and space quota set to -1 bytes, counts quota set to -1
2022-10-08 01:35:38,781 [OM StateMachine ApplyTransaction Thread - 0] INFO  volume.OMVolumeCreateRequest (OMVolumeCreateRequest.java:validateAndUpdateCache(195)) - created volume:2c2bcff4-04cd-4888-bb98-2003e72733cf for user:runner
2022-10-08 01:35:38,848 [Listener at 127.0.0.1/42695] INFO  rpc.RpcClient (RpcClient.java:createBucket(674)) - Creating Bucket: 2c2bcff4-04cd-4888-bb98-2003e72733cf/ccd870cb-9fc0-4e08-b854-8335d8741f43, with server-side default bucket layout, runner as owner, Versioning false, Storage Type set to DISK and Encryption set to false 
2022-10-08 01:35:38,867 [OM StateMachine ApplyTransaction Thread - 0] INFO  bucket.OMBucketCreateRequest (OMBucketCreateRequest.java:validateAndUpdateCache(260)) - created bucket: ccd870cb-9fc0-4e08-b854-8335d8741f43 of layout LEGACY in volume: 2c2bcff4-04cd-4888-bb98-2003e72733cf
2022-10-08 01:35:38,925 [IPC Server handler 0 on default port 35275] INFO  ha.SequenceIdGenerator (SequenceIdGenerator.java:getNextId(128)) - Allocate a batch for containerId, change lastId from 0 to 1000.
2022-10-08 01:35:38,926 [IPC Server handler 0 on default port 35275] WARN  ha.SequenceIdGenerator (SequenceIdGenerator.java:allocateBatch(237)) - Failed to allocate a batch for localId, expected lastId is 0, actual lastId is 109611004723200000.
2022-10-08 01:35:38,926 [IPC Server handler 0 on default port 35275] INFO  ha.SequenceIdGenerator (SequenceIdGenerator.java:getNextId(128)) - Allocate a batch for localId, change lastId from 109611004723200000 to 109611004723201000.
2022-10-08 01:35:39,054 [org.apache.ratis.util.JvmPauseMonitor$$Lambda$636/846962177@4a9c33a9] WARN  util.JvmPauseMonitor (JvmPauseMonitor.java:detectPause(124)) - JvmPauseMonitor-932d31bf-cf15-45e6-97a3-7289ed74fac5: Detected pause in JVM or host machine (eg GC): pause of approximately 129886061ns. No GCs detected.
2022-10-08 01:35:39,164 [ReplicationMonitor] INFO  replication.ReplicationManager (ReplicationManager.java:processAll(291)) - Replication Manager is not ready to run until 3000ms after safemode exit
2022-10-08 01:35:40,164 [ReplicationMonitor] INFO  replication.ReplicationManager (ReplicationManager.java:processAll(291)) - Replication Manager is not ready to run until 3000ms after safemode exit
2022-10-08 01:35:40,235 [org.apache.ratis.util.JvmPauseMonitor$$Lambda$636/846962177@93d14fa] WARN  util.JvmPauseMonitor (JvmPauseMonitor.java:detectPause(124)) - JvmPauseMonitor-6b604ca2-684c-4b87-aad0-ccae04811294: Detected pause in JVM or host machine (eg GC): pause of approximately 107421030ns.
GC pool 'PS Scavenge' had collection(s): count=1 time=13ms
2022-10-08 01:35:41,167 [ReplicationMonitor] INFO  replication.ReplicationManager (ReplicationManager.java:processAll(324)) - Replication Monitor Thread took 1 milliseconds for processing 1 containers.
2022-10-08 01:35:42,167 [ReplicationMonitor] INFO  replication.ReplicationManager (ReplicationManager.java:processAll(324)) - Replication Monitor Thread took 0 milliseconds for processing 2 containers.
2022-10-08 01:35:43,041 [Under Replicated Processor] INFO  replication.UnderReplicatedProcessor (UnderReplicatedProcessor.java:processAll(92)) - Processed 0 under replicated containers, failed processing 0
2022-10-08 01:35:43,128 [Over Replicated Processor] INFO  replication.OverReplicatedProcessor (OverReplicatedProcessor.java:processAll(90)) - Processed 0 over replicated containers, failed processing 0
2022-10-08 01:35:43,167 [ReplicationMonitor] INFO  replication.ReplicationManager (ReplicationManager.java:processAll(324)) - Replication Monitor Thread took 0 milliseconds for processing 3 containers.
2022-10-08 01:35:44,168 [ReplicationMonitor] INFO  replication.ReplicationManager (ReplicationManager.java:processAll(324)) - Replication Monitor Thread took 0 milliseconds for processing 3 containers.
2022-10-08 01:35:45,168 [ReplicationMonitor] INFO  replication.ReplicationManager (ReplicationManager.java:processAll(324)) - Replication Monitor Thread took 0 milliseconds for processing 3 containers.
2022-10-08 01:35:46,169 [ReplicationMonitor] INFO  replication.ReplicationManager (ReplicationManager.java:processAll(324)) - Replication Monitor Thread took 0 milliseconds for processing 3 containers.
2022-10-08 01:35:47,169 [ReplicationMonitor] INFO  replication.ReplicationManager (ReplicationManager.java:processAll(324)) - Replication Monitor Thread took 0 milliseconds for processing 3 containers.
2022-10-08 01:35:48,169 [ReplicationMonitor] INFO  replication.ReplicationManager (ReplicationManager.java:processAll(324)) - Replication Monitor Thread took 1 milliseconds for processing 3 containers.
2022-10-08 01:35:49,170 [ReplicationMonitor] INFO  replication.ReplicationManager (ReplicationManager.java:processAll(324)) - Replication Monitor Thread took 0 milliseconds for processing 3 containers.
2022-10-08 01:35:50,170 [ReplicationMonitor] INFO  replication.ReplicationManager (ReplicationManager.java:processAll(324)) - Replication Monitor Thread took 0 milliseconds for processing 3 containers.
2022-10-08 01:35:51,170 [ReplicationMonitor] INFO  replication.ReplicationManager (ReplicationManager.java:processAll(324)) - Replication Monitor Thread took 1 milliseconds for processing 3 containers.
2022-10-08 01:35:52,171 [ReplicationMonitor] INFO  replication.ReplicationManager (ReplicationManager.java:processAll(324)) - Replication Monitor Thread took 0 milliseconds for processing 3 containers.
2022-10-08 01:35:53,171 [ReplicationMonitor] INFO  replication.ReplicationManager (ReplicationManager.java:processAll(324)) - Replication Monitor Thread took 0 milliseconds for processing 3 containers.
2022-10-08 01:35:54,172 [ReplicationMonitor] INFO  replication.ReplicationManager (ReplicationManager.java:processAll(324)) - Replication Monitor Thread took 1 milliseconds for processing 3 containers.
2022-10-08 01:35:55,172 [ReplicationMonitor] INFO  replication.ReplicationManager (ReplicationManager.java:processAll(324)) - Replication Monitor Thread took 0 milliseconds for processing 3 containers.
2022-10-08 01:35:56,172 [ReplicationMonitor] INFO  replication.ReplicationManager (ReplicationManager.java:processAll(324)) - Replication Monitor Thread took 0 milliseconds for processing 3 containers.
2022-10-08 01:35:57,173 [ReplicationMonitor] INFO  replication.ReplicationManager (ReplicationManager.java:processAll(324)) - Replication Monitor Thread took 0 milliseconds for processing 3 containers.
2022-10-08 01:35:58,173 [ReplicationMonitor] INFO  replication.ReplicationManager (ReplicationManager.java:processAll(324)) - Replication Monitor Thread took 0 milliseconds for processing 3 containers.
2022-10-08 01:35:59,173 [ReplicationMonitor] INFO  replication.ReplicationManager (ReplicationManager.java:processAll(324)) - Replication Monitor Thread took 0 milliseconds for processing 3 containers.
2022-10-08 01:36:00,180 [ReplicationMonitor] INFO  replication.ReplicationManager (ReplicationManager.java:processAll(324)) - Replication Monitor Thread took 0 milliseconds for processing 3 containers.
2022-10-08 01:36:01,180 [ReplicationMonitor] INFO  replication.ReplicationManager (ReplicationManager.java:processAll(324)) - Replication Monitor Thread took 0 milliseconds for processing 3 containers.
2022-10-08 01:36:02,181 [ReplicationMonitor] INFO  replication.ReplicationManager (ReplicationManager.java:processAll(324)) - Replication Monitor Thread took 0 milliseconds for processing 3 containers.
2022-10-08 01:36:03,184 [ReplicationMonitor] INFO  replication.ReplicationManager (ReplicationManager.java:processAll(324)) - Replication Monitor Thread took 0 milliseconds for processing 3 containers.
2022-10-08 01:36:04,184 [ReplicationMonitor] INFO  replication.ReplicationManager (ReplicationManager.java:processAll(324)) - Replication Monitor Thread took 0 milliseconds for processing 3 containers.
2022-10-08 01:36:05,185 [ReplicationMonitor] INFO  replication.ReplicationManager (ReplicationManager.java:processAll(324)) - Replication Monitor Thread took 0 milliseconds for processing 3 containers.
2022-10-08 01:36:06,188 [ReplicationMonitor] INFO  replication.ReplicationManager (ReplicationManager.java:processAll(324)) - Replication Monitor Thread took 0 milliseconds for processing 3 containers.
2022-10-08 01:36:07,188 [ReplicationMonitor] INFO  replication.ReplicationManager (ReplicationManager.java:processAll(324)) - Replication Monitor Thread took 0 milliseconds for processing 3 containers.
2022-10-08 01:36:08,189 [ReplicationMonitor] INFO  replication.ReplicationManager (ReplicationManager.java:processAll(324)) - Replication Monitor Thread took 0 milliseconds for processing 3 containers.
2022-10-08 01:36:09,196 [ReplicationMonitor] INFO  replication.ReplicationManager (ReplicationManager.java:processAll(324)) - Replication Monitor Thread took 0 milliseconds for processing 3 containers.
2022-10-08 01:36:10,196 [ReplicationMonitor] INFO  replication.ReplicationManager (ReplicationManager.java:processAll(324)) - Replication Monitor Thread took 0 milliseconds for processing 3 containers.
2022-10-08 01:36:11,200 [ReplicationMonitor] INFO  replication.ReplicationManager (ReplicationManager.java:processAll(324)) - Replication Monitor Thread took 0 milliseconds for processing 3 containers.
2022-10-08 01:36:12,203 [ReplicationMonitor] INFO  replication.ReplicationManager (ReplicationManager.java:processAll(324)) - Replication Monitor Thread took 0 milliseconds for processing 3 containers.
2022-10-08 01:36:13,041 [Under Replicated Processor] INFO  replication.UnderReplicatedProcessor (UnderReplicatedProcessor.java:processAll(92)) - Processed 0 under replicated containers, failed processing 0
2022-10-08 01:36:13,128 [Over Replicated Processor] INFO  replication.OverReplicatedProcessor (OverReplicatedProcessor.java:processAll(90)) - Processed 0 over replicated containers, failed processing 0
2022-10-08 01:36:13,204 [ReplicationMonitor] INFO  replication.ReplicationManager (ReplicationManager.java:processAll(324)) - Replication Monitor Thread took 1 milliseconds for processing 3 containers.
2022-10-08 01:36:14,205 [ReplicationMonitor] INFO  replication.ReplicationManager (ReplicationManager.java:processAll(324)) - Replication Monitor Thread took 0 milliseconds for processing 3 containers.
2022-10-08 01:36:15,205 [ReplicationMonitor] INFO  replication.ReplicationManager (ReplicationManager.java:processAll(324)) - Replication Monitor Thread took 0 milliseconds for processing 3 containers.
2022-10-08 01:36:16,205 [ReplicationMonitor] INFO  replication.ReplicationManager (ReplicationManager.java:processAll(324)) - Replication Monitor Thread took 0 milliseconds for processing 3 containers.
2022-10-08 01:36:17,206 [ReplicationMonitor] INFO  replication.ReplicationManager (ReplicationManager.java:processAll(324)) - Replication Monitor Thread took 0 milliseconds for processing 3 containers.
2022-10-08 01:36:18,206 [ReplicationMonitor] INFO  replication.ReplicationManager (ReplicationManager.java:processAll(324)) - Replication Monitor Thread took 0 milliseconds for processing 3 containers.
2022-10-08 01:36:19,206 [ReplicationMonitor] INFO  replication.ReplicationManager (ReplicationManager.java:processAll(324)) - Replication Monitor Thread took 0 milliseconds for processing 3 containers.
2022-10-08 01:36:20,207 [ReplicationMonitor] INFO  replication.ReplicationManager (ReplicationManager.java:processAll(324)) - Replication Monitor Thread took 0 milliseconds for processing 3 containers.
2022-10-08 01:36:21,207 [ReplicationMonitor] INFO  replication.ReplicationManager (ReplicationManager.java:processAll(324)) - Replication Monitor Thread took 0 milliseconds for processing 3 containers.
2022-10-08 01:36:22,207 [ReplicationMonitor] INFO  replication.ReplicationManager (ReplicationManager.java:processAll(324)) - Replication Monitor Thread took 0 milliseconds for processing 3 containers.
2022-10-08 01:36:23,212 [ReplicationMonitor] INFO  replication.ReplicationManager (ReplicationManager.java:processAll(324)) - Replication Monitor Thread took 0 milliseconds for processing 3 containers.
2022-10-08 01:36:24,212 [ReplicationMonitor] INFO  replication.ReplicationManager (ReplicationManager.java:processAll(324)) - Replication Monitor Thread took 0 milliseconds for processing 3 containers.
2022-10-08 01:36:25,213 [ReplicationMonitor] INFO  replication.ReplicationManager (ReplicationManager.java:processAll(324)) - Replication Monitor Thread took 0 milliseconds for processing 3 containers.
2022-10-08 01:36:26,213 [ReplicationMonitor] INFO  replication.ReplicationManager (ReplicationManager.java:processAll(324)) - Replication Monitor Thread took 0 milliseconds for processing 3 containers.
2022-10-08 01:36:27,216 [ReplicationMonitor] INFO  replication.ReplicationManager (ReplicationManager.java:processAll(324)) - Replication Monitor Thread took 0 milliseconds for processing 3 containers.
2022-10-08 01:36:28,216 [ReplicationMonitor] INFO  replication.ReplicationManager (ReplicationManager.java:processAll(324)) - Replication Monitor Thread took 0 milliseconds for processing 3 containers.
2022-10-08 01:36:29,217 [ReplicationMonitor] INFO  replication.ReplicationManager (ReplicationManager.java:processAll(324)) - Replication Monitor Thread took 0 milliseconds for processing 3 containers.
2022-10-08 01:36:30,220 [ReplicationMonitor] INFO  replication.ReplicationManager (ReplicationManager.java:processAll(324)) - Replication Monitor Thread took 0 milliseconds for processing 3 containers.
2022-10-08 01:36:31,220 [ReplicationMonitor] INFO  replication.ReplicationManager (ReplicationManager.java:processAll(324)) - Replication Monitor Thread took 0 milliseconds for processing 3 containers.
2022-10-08 01:36:32,221 [ReplicationMonitor] INFO  replication.ReplicationManager (ReplicationManager.java:processAll(324)) - Replication Monitor Thread took 0 milliseconds for processing 3 containers.
2022-10-08 01:36:33,221 [ReplicationMonitor] INFO  replication.ReplicationManager (ReplicationManager.java:processAll(324)) - Replication Monitor Thread took 0 milliseconds for processing 3 containers.
2022-10-08 01:36:34,221 [ReplicationMonitor] INFO  replication.ReplicationManager (ReplicationManager.java:processAll(324)) - Replication Monitor Thread took 0 milliseconds for processing 3 containers.
2022-10-08 01:36:35,222 [ReplicationMonitor] INFO  replication.ReplicationManager (ReplicationManager.java:processAll(324)) - Replication Monitor Thread took 0 milliseconds for processing 3 containers.
2022-10-08 01:36:36,222 [ReplicationMonitor] INFO  replication.ReplicationManager (ReplicationManager.java:processAll(324)) - Replication Monitor Thread took 0 milliseconds for processing 3 containers.
2022-10-08 01:36:37,222 [ReplicationMonitor] INFO  replication.ReplicationManager (ReplicationManager.java:processAll(324)) - Replication Monitor Thread took 0 milliseconds for processing 3 containers.
2022-10-08 01:36:38,223 [ReplicationMonitor] INFO  replication.ReplicationManager (ReplicationManager.java:processAll(324)) - Replication Monitor Thread took 1 milliseconds for processing 3 containers.
2022-10-08 01:36:39,224 [ReplicationMonitor] INFO  replication.ReplicationManager (ReplicationManager.java:processAll(324)) - Replication Monitor Thread took 0 milliseconds for processing 3 containers.
2022-10-08 01:36:40,224 [ReplicationMonitor] INFO  replication.ReplicationManager (ReplicationManager.java:processAll(324)) - Replication Monitor Thread took 0 milliseconds for processing 3 containers.
2022-10-08 01:36:41,224 [ReplicationMonitor] INFO  replication.ReplicationManager (ReplicationManager.java:processAll(324)) - Replication Monitor Thread took 1 milliseconds for processing 3 containers.
2022-10-08 01:36:42,227 [ReplicationMonitor] INFO  replication.ReplicationManager (ReplicationManager.java:processAll(324)) - Replication Monitor Thread took 1 milliseconds for processing 3 containers.
2022-10-08 01:36:43,041 [Under Replicated Processor] INFO  replication.UnderReplicatedProcessor (UnderReplicatedProcessor.java:processAll(92)) - Processed 0 under replicated containers, failed processing 0
2022-10-08 01:36:43,132 [Over Replicated Processor] INFO  replication.OverReplicatedProcessor (OverReplicatedProcessor.java:processAll(90)) - Processed 0 over replicated containers, failed processing 0
2022-10-08 01:36:43,227 [ReplicationMonitor] INFO  replication.ReplicationManager (ReplicationManager.java:processAll(324)) - Replication Monitor Thread took 0 milliseconds for processing 3 containers.
2022-10-08 01:36:44,227 [ReplicationMonitor] INFO  replication.ReplicationManager (ReplicationManager.java:processAll(324)) - Replication Monitor Thread took 0 milliseconds for processing 3 containers.
2022-10-08 01:36:45,228 [ReplicationMonitor] INFO  replication.ReplicationManager (ReplicationManager.java:processAll(324)) - Replication Monitor Thread took 0 milliseconds for processing 3 containers.
2022-10-08 01:36:46,232 [ReplicationMonitor] INFO  replication.ReplicationManager (ReplicationManager.java:processAll(324)) - Replication Monitor Thread took 0 milliseconds for processing 3 containers.
2022-10-08 01:36:47,232 [ReplicationMonitor] INFO  replication.ReplicationManager (ReplicationManager.java:processAll(324)) - Replication Monitor Thread took 0 milliseconds for processing 3 containers.
2022-10-08 01:36:48,233 [ReplicationMonitor] INFO  replication.ReplicationManager (ReplicationManager.java:processAll(324)) - Replication Monitor Thread took 0 milliseconds for processing 3 containers.
2022-10-08 01:36:49,233 [ReplicationMonitor] INFO  replication.ReplicationManager (ReplicationManager.java:processAll(324)) - Replication Monitor Thread took 0 milliseconds for processing 3 containers.
2022-10-08 01:36:50,233 [ReplicationMonitor] INFO  replication.ReplicationManager (ReplicationManager.java:processAll(324)) - Replication Monitor Thread took 0 milliseconds for processing 3 containers.
2022-10-08 01:36:51,236 [ReplicationMonitor] INFO  replication.ReplicationManager (ReplicationManager.java:processAll(324)) - Replication Monitor Thread took 1 milliseconds for processing 3 containers.
2022-10-08 01:36:52,240 [ReplicationMonitor] INFO  replication.ReplicationManager (ReplicationManager.java:processAll(324)) - Replication Monitor Thread took 0 milliseconds for processing 3 containers.
2022-10-08 01:36:53,244 [ReplicationMonitor] INFO  replication.ReplicationManager (ReplicationManager.java:processAll(324)) - Replication Monitor Thread took 0 milliseconds for processing 3 containers.
2022-10-08 01:36:54,244 [ReplicationMonitor] INFO  replication.ReplicationManager (ReplicationManager.java:processAll(324)) - Replication Monitor Thread took 0 milliseconds for processing 3 containers.
2022-10-08 01:36:55,245 [ReplicationMonitor] INFO  replication.ReplicationManager (ReplicationManager.java:processAll(324)) - Replication Monitor Thread took 0 milliseconds for processing 3 containers.
2022-10-08 01:36:56,245 [ReplicationMonitor] INFO  replication.ReplicationManager (ReplicationManager.java:processAll(324)) - Replication Monitor Thread took 0 milliseconds for processing 3 containers.
2022-10-08 01:36:57,245 [ReplicationMonitor] INFO  replication.ReplicationManager (ReplicationManager.java:processAll(324)) - Replication Monitor Thread took 0 milliseconds for processing 3 containers.
2022-10-08 01:36:58,246 [ReplicationMonitor] INFO  replication.ReplicationManager (ReplicationManager.java:processAll(324)) - Replication Monitor Thread took 0 milliseconds for processing 3 containers.
2022-10-08 01:36:59,252 [ReplicationMonitor] INFO  replication.ReplicationManager (ReplicationManager.java:processAll(324)) - Replication Monitor Thread took 0 milliseconds for processing 3 containers.
2022-10-08 01:37:00,255 [ReplicationMonitor] INFO  replication.ReplicationManager (ReplicationManager.java:processAll(324)) - Replication Monitor Thread took 0 milliseconds for processing 3 containers.
2022-10-08 01:37:01,255 [ReplicationMonitor] INFO  replication.ReplicationManager (ReplicationManager.java:processAll(324)) - Replication Monitor Thread took 0 milliseconds for processing 3 containers.
2022-10-08 01:37:02,255 [ReplicationMonitor] INFO  replication.ReplicationManager (ReplicationManager.java:processAll(324)) - Replication Monitor Thread took 1 milliseconds for processing 3 containers.
2022-10-08 01:37:03,257 [ReplicationMonitor] INFO  replication.ReplicationManager (ReplicationManager.java:processAll(324)) - Replication Monitor Thread took 0 milliseconds for processing 3 containers.
2022-10-08 01:37:04,257 [ReplicationMonitor] INFO  replication.ReplicationManager (ReplicationManager.java:processAll(324)) - Replication Monitor Thread took 0 milliseconds for processing 3 containers.
2022-10-08 01:37:05,258 [ReplicationMonitor] INFO  replication.ReplicationManager (ReplicationManager.java:processAll(324)) - Replication Monitor Thread took 0 milliseconds for processing 3 containers.
2022-10-08 01:37:06,258 [ReplicationMonitor] INFO  replication.ReplicationManager (ReplicationManager.java:processAll(324)) - Replication Monitor Thread took 0 milliseconds for processing 3 containers.
2022-10-08 01:37:07,258 [ReplicationMonitor] INFO  replication.ReplicationManager (ReplicationManager.java:processAll(324)) - Replication Monitor Thread took 0 milliseconds for processing 3 containers.
2022-10-08 01:37:08,259 [ReplicationMonitor] INFO  replication.ReplicationManager (ReplicationManager.java:processAll(324)) - Replication Monitor Thread took 0 milliseconds for processing 3 containers.
2022-10-08 01:37:09,259 [ReplicationMonitor] INFO  replication.ReplicationManager (ReplicationManager.java:processAll(324)) - Replication Monitor Thread took 0 milliseconds for processing 3 containers.
2022-10-08 01:37:10,259 [ReplicationMonitor] INFO  replication.ReplicationManager (ReplicationManager.java:processAll(324)) - Replication Monitor Thread took 0 milliseconds for processing 3 containers.
2022-10-08 01:37:11,260 [ReplicationMonitor] INFO  replication.ReplicationManager (ReplicationManager.java:processAll(324)) - Replication Monitor Thread took 0 milliseconds for processing 3 containers.
2022-10-08 01:37:12,260 [ReplicationMonitor] INFO  replication.ReplicationManager (ReplicationManager.java:processAll(324)) - Replication Monitor Thread took 0 milliseconds for processing 3 containers.
2022-10-08 01:37:13,042 [Under Replicated Processor] INFO  replication.UnderReplicatedProcessor (UnderReplicatedProcessor.java:processAll(92)) - Processed 0 under replicated containers, failed processing 0
2022-10-08 01:37:13,132 [Over Replicated Processor] INFO  replication.OverReplicatedProcessor (OverReplicatedProcessor.java:processAll(90)) - Processed 0 over replicated containers, failed processing 0
2022-10-08 01:37:13,260 [ReplicationMonitor] INFO  replication.ReplicationManager (ReplicationManager.java:processAll(324)) - Replication Monitor Thread took 1 milliseconds for processing 3 containers.
2022-10-08 01:37:14,261 [ReplicationMonitor] INFO  replication.ReplicationManager (ReplicationManager.java:processAll(324)) - Replication Monitor Thread took 0 milliseconds for processing 3 containers.
2022-10-08 01:37:15,261 [ReplicationMonitor] INFO  replication.ReplicationManager (ReplicationManager.java:processAll(324)) - Replication Monitor Thread took 0 milliseconds for processing 3 containers.
2022-10-08 01:37:16,261 [ReplicationMonitor] INFO  replication.ReplicationManager (ReplicationManager.java:processAll(324)) - Replication Monitor Thread took 1 milliseconds for processing 3 containers.
2022-10-08 01:37:17,268 [ReplicationMonitor] INFO  replication.ReplicationManager (ReplicationManager.java:processAll(324)) - Replication Monitor Thread took 0 milliseconds for processing 3 containers.
2022-10-08 01:37:18,268 [ReplicationMonitor] INFO  replication.ReplicationManager (ReplicationManager.java:processAll(324)) - Replication Monitor Thread took 0 milliseconds for processing 3 containers.
2022-10-08 01:37:19,269 [ReplicationMonitor] INFO  replication.ReplicationManager (ReplicationManager.java:processAll(324)) - Replication Monitor Thread took 0 milliseconds for processing 3 containers.
2022-10-08 01:37:20,269 [ReplicationMonitor] INFO  replication.ReplicationManager (ReplicationManager.java:processAll(324)) - Replication Monitor Thread took 0 milliseconds for processing 3 containers.
2022-10-08 01:37:21,275 [ReplicationMonitor] INFO  replication.ReplicationManager (ReplicationManager.java:processAll(324)) - Replication Monitor Thread took 1 milliseconds for processing 3 containers.
2022-10-08 01:37:22,276 [ReplicationMonitor] INFO  replication.ReplicationManager (ReplicationManager.java:processAll(324)) - Replication Monitor Thread took 0 milliseconds for processing 3 containers.
2022-10-08 01:37:23,276 [ReplicationMonitor] INFO  replication.ReplicationManager (ReplicationManager.java:processAll(324)) - Replication Monitor Thread took 0 milliseconds for processing 3 containers.
2022-10-08 01:37:24,277 [ReplicationMonitor] INFO  replication.ReplicationManager (ReplicationManager.java:processAll(324)) - Replication Monitor Thread took 1 milliseconds for processing 3 containers.
2022-10-08 01:37:25,284 [ReplicationMonitor] INFO  replication.ReplicationManager (ReplicationManager.java:processAll(324)) - Replication Monitor Thread took 0 milliseconds for processing 3 containers.
2022-10-08 01:37:26,284 [ReplicationMonitor] INFO  replication.ReplicationManager (ReplicationManager.java:processAll(324)) - Replication Monitor Thread took 0 milliseconds for processing 3 containers.
2022-10-08 01:37:27,285 [ReplicationMonitor] INFO  replication.ReplicationManager (ReplicationManager.java:processAll(324)) - Replication Monitor Thread took 0 milliseconds for processing 3 containers.
2022-10-08 01:37:28,285 [ReplicationMonitor] INFO  replication.ReplicationManager (ReplicationManager.java:processAll(324)) - Replication Monitor Thread took 0 milliseconds for processing 3 containers.
2022-10-08 01:37:29,285 [ReplicationMonitor] INFO  replication.ReplicationManager (ReplicationManager.java:processAll(324)) - Replication Monitor Thread took 0 milliseconds for processing 3 containers.
2022-10-08 01:37:30,286 [ReplicationMonitor] INFO  replication.ReplicationManager (ReplicationManager.java:processAll(324)) - Replication Monitor Thread took 0 milliseconds for processing 3 containers.
2022-10-08 01:37:31,286 [ReplicationMonitor] INFO  replication.ReplicationManager (ReplicationManager.java:processAll(324)) - Replication Monitor Thread took 0 milliseconds for processing 3 containers.
2022-10-08 01:37:32,286 [ReplicationMonitor] INFO  replication.ReplicationManager (ReplicationManager.java:processAll(324)) - Replication Monitor Thread took 0 milliseconds for processing 3 containers.
2022-10-08 01:37:33,287 [ReplicationMonitor] INFO  replication.ReplicationManager (ReplicationManager.java:processAll(324)) - Replication Monitor Thread took 0 milliseconds for processing 3 containers.
2022-10-08 01:37:34,287 [ReplicationMonitor] INFO  replication.ReplicationManager (ReplicationManager.java:processAll(324)) - Replication Monitor Thread took 0 milliseconds for processing 3 containers.
2022-10-08 01:37:35,287 [ReplicationMonitor] INFO  replication.ReplicationManager (ReplicationManager.java:processAll(324)) - Replication Monitor Thread took 0 milliseconds for processing 3 containers.
2022-10-08 01:37:36,288 [ReplicationMonitor] INFO  replication.ReplicationManager (ReplicationManager.java:processAll(324)) - Replication Monitor Thread took 0 milliseconds for processing 3 containers.
2022-10-08 01:37:37,288 [ReplicationMonitor] INFO  replication.ReplicationManager (ReplicationManager.java:processAll(324)) - Replication Monitor Thread took 0 milliseconds for processing 3 containers.
2022-10-08 01:37:38,288 [ReplicationMonitor] INFO  replication.ReplicationManager (ReplicationManager.java:processAll(324)) - Replication Monitor Thread took 0 milliseconds for processing 3 containers.
2022-10-08 01:37:39,289 [ReplicationMonitor] INFO  replication.ReplicationManager (ReplicationManager.java:processAll(324)) - Replication Monitor Thread took 0 milliseconds for processing 3 containers.
2022-10-08 01:37:40,289 [ReplicationMonitor] INFO  replication.ReplicationManager (ReplicationManager.java:processAll(324)) - Replication Monitor Thread took 0 milliseconds for processing 3 containers.
2022-10-08 01:37:41,289 [ReplicationMonitor] INFO  replication.ReplicationManager (ReplicationManager.java:processAll(324)) - Replication Monitor Thread took 0 milliseconds for processing 3 containers.
2022-10-08 01:37:42,292 [ReplicationMonitor] INFO  replication.ReplicationManager (ReplicationManager.java:processAll(324)) - Replication Monitor Thread took 0 milliseconds for processing 3 containers.
2022-10-08 01:37:43,042 [Under Replicated Processor] INFO  replication.UnderReplicatedProcessor (UnderReplicatedProcessor.java:processAll(92)) - Processed 0 under replicated containers, failed processing 0
2022-10-08 01:37:43,132 [Over Replicated Processor] INFO  replication.OverReplicatedProcessor (OverReplicatedProcessor.java:processAll(90)) - Processed 0 over replicated containers, failed processing 0
2022-10-08 01:37:43,292 [ReplicationMonitor] INFO  replication.ReplicationManager (ReplicationManager.java:processAll(324)) - Replication Monitor Thread took 0 milliseconds for processing 3 containers.
2022-10-08 01:37:44,317 [ReplicationMonitor] INFO  replication.ReplicationManager (ReplicationManager.java:processAll(324)) - Replication Monitor Thread took 1 milliseconds for processing 3 containers.
2022-10-08 01:37:45,317 [ReplicationMonitor] INFO  replication.ReplicationManager (ReplicationManager.java:processAll(324)) - Replication Monitor Thread took 0 milliseconds for processing 3 containers.
2022-10-08 01:37:46,317 [ReplicationMonitor] INFO  replication.ReplicationManager (ReplicationManager.java:processAll(324)) - Replication Monitor Thread took 0 milliseconds for processing 3 containers.
2022-10-08 01:37:47,318 [ReplicationMonitor] INFO  replication.ReplicationManager (ReplicationManager.java:processAll(324)) - Replication Monitor Thread took 0 milliseconds for processing 3 containers.
2022-10-08 01:37:48,322 [ReplicationMonitor] INFO  replication.ReplicationManager (ReplicationManager.java:processAll(324)) - Replication Monitor Thread took 0 milliseconds for processing 3 containers.
2022-10-08 01:37:49,322 [ReplicationMonitor] INFO  replication.ReplicationManager (ReplicationManager.java:processAll(324)) - Replication Monitor Thread took 0 milliseconds for processing 3 containers.
2022-10-08 01:37:50,323 [ReplicationMonitor] INFO  replication.ReplicationManager (ReplicationManager.java:processAll(324)) - Replication Monitor Thread took 0 milliseconds for processing 3 containers.
2022-10-08 01:37:51,323 [ReplicationMonitor] INFO  replication.ReplicationManager (ReplicationManager.java:processAll(324)) - Replication Monitor Thread took 0 milliseconds for processing 3 containers.
2022-10-08 01:37:52,323 [ReplicationMonitor] INFO  replication.ReplicationManager (ReplicationManager.java:processAll(324)) - Replication Monitor Thread took 0 milliseconds for processing 3 containers.
2022-10-08 01:37:53,324 [ReplicationMonitor] INFO  replication.ReplicationManager (ReplicationManager.java:processAll(324)) - Replication Monitor Thread took 0 milliseconds for processing 3 containers.
2022-10-08 01:37:54,324 [ReplicationMonitor] INFO  replication.ReplicationManager (ReplicationManager.java:processAll(324)) - Replication Monitor Thread took 0 milliseconds for processing 3 containers.
2022-10-08 01:37:55,326 [ReplicationMonitor] INFO  replication.ReplicationManager (ReplicationManager.java:processAll(324)) - Replication Monitor Thread took 1 milliseconds for processing 3 containers.
2022-10-08 01:37:56,327 [ReplicationMonitor] INFO  replication.ReplicationManager (ReplicationManager.java:processAll(324)) - Replication Monitor Thread took 0 milliseconds for processing 3 containers.
2022-10-08 01:37:57,327 [ReplicationMonitor] INFO  replication.ReplicationManager (ReplicationManager.java:processAll(324)) - Replication Monitor Thread took 0 milliseconds for processing 3 containers.
2022-10-08 01:37:58,327 [ReplicationMonitor] INFO  replication.ReplicationManager (ReplicationManager.java:processAll(324)) - Replication Monitor Thread took 1 milliseconds for processing 3 containers.
2022-10-08 01:37:59,332 [ReplicationMonitor] INFO  replication.ReplicationManager (ReplicationManager.java:processAll(324)) - Replication Monitor Thread took 0 milliseconds for processing 3 containers.
2022-10-08 01:38:00,332 [ReplicationMonitor] INFO  replication.ReplicationManager (ReplicationManager.java:processAll(324)) - Replication Monitor Thread took 0 milliseconds for processing 3 containers.
2022-10-08 01:38:01,333 [ReplicationMonitor] INFO  replication.ReplicationManager (ReplicationManager.java:processAll(324)) - Replication Monitor Thread took 1 milliseconds for processing 3 containers.
2022-10-08 01:38:02,336 [ReplicationMonitor] INFO  replication.ReplicationManager (ReplicationManager.java:processAll(324)) - Replication Monitor Thread took 0 milliseconds for processing 3 containers.
2022-10-08 01:38:03,336 [ReplicationMonitor] INFO  replication.ReplicationManager (ReplicationManager.java:processAll(324)) - Replication Monitor Thread took 0 milliseconds for processing 3 containers.
2022-10-08 01:38:04,340 [ReplicationMonitor] INFO  replication.ReplicationManager (ReplicationManager.java:processAll(324)) - Replication Monitor Thread took 0 milliseconds for processing 3 containers.
2022-10-08 01:38:05,340 [ReplicationMonitor] INFO  replication.ReplicationManager (ReplicationManager.java:processAll(324)) - Replication Monitor Thread took 0 milliseconds for processing 3 containers.
2022-10-08 01:38:06,340 [ReplicationMonitor] INFO  replication.ReplicationManager (ReplicationManager.java:processAll(324)) - Replication Monitor Thread took 1 milliseconds for processing 3 containers.
2022-10-08 01:38:07,341 [ReplicationMonitor] INFO  replication.ReplicationManager (ReplicationManager.java:processAll(324)) - Replication Monitor Thread took 0 milliseconds for processing 3 containers.
2022-10-08 01:38:08,341 [ReplicationMonitor] INFO  replication.ReplicationManager (ReplicationManager.java:processAll(324)) - Replication Monitor Thread took 0 milliseconds for processing 3 containers.
2022-10-08 01:38:09,341 [ReplicationMonitor] INFO  replication.ReplicationManager (ReplicationManager.java:processAll(324)) - Replication Monitor Thread took 0 milliseconds for processing 3 containers.
2022-10-08 01:38:10,342 [ReplicationMonitor] INFO  replication.ReplicationManager (ReplicationManager.java:processAll(324)) - Replication Monitor Thread took 0 milliseconds for processing 3 containers.
2022-10-08 01:38:11,342 [ReplicationMonitor] INFO  replication.ReplicationManager (ReplicationManager.java:processAll(324)) - Replication Monitor Thread took 0 milliseconds for processing 3 containers.
2022-10-08 01:38:12,342 [ReplicationMonitor] INFO  replication.ReplicationManager (ReplicationManager.java:processAll(324)) - Replication Monitor Thread took 0 milliseconds for processing 3 containers.
2022-10-08 01:38:13,042 [Under Replicated Processor] INFO  replication.UnderReplicatedProcessor (UnderReplicatedProcessor.java:processAll(92)) - Processed 0 under replicated containers, failed processing 0
2022-10-08 01:38:13,132 [Over Replicated Processor] INFO  replication.OverReplicatedProcessor (OverReplicatedProcessor.java:processAll(90)) - Processed 0 over replicated containers, failed processing 0
2022-10-08 01:38:13,343 [ReplicationMonitor] INFO  replication.ReplicationManager (ReplicationManager.java:processAll(324)) - Replication Monitor Thread took 0 milliseconds for processing 3 containers.
2022-10-08 01:38:14,343 [ReplicationMonitor] INFO  replication.ReplicationManager (ReplicationManager.java:processAll(324)) - Replication Monitor Thread took 0 milliseconds for processing 3 containers.
2022-10-08 01:38:15,343 [ReplicationMonitor] INFO  replication.ReplicationManager (ReplicationManager.java:processAll(324)) - Replication Monitor Thread took 0 milliseconds for processing 3 containers.
2022-10-08 01:38:16,344 [ReplicationMonitor] INFO  replication.ReplicationManager (ReplicationManager.java:processAll(324)) - Replication Monitor Thread took 0 milliseconds for processing 3 containers.
2022-10-08 01:38:17,344 [ReplicationMonitor] INFO  replication.ReplicationManager (ReplicationManager.java:processAll(324)) - Replication Monitor Thread took 0 milliseconds for processing 3 containers.
2022-10-08 01:38:18,344 [ReplicationMonitor] INFO  replication.ReplicationManager (ReplicationManager.java:processAll(324)) - Replication Monitor Thread took 0 milliseconds for processing 3 containers.
2022-10-08 01:38:19,352 [ReplicationMonitor] INFO  replication.ReplicationManager (ReplicationManager.java:processAll(324)) - Replication Monitor Thread took 0 milliseconds for processing 3 containers.
2022-10-08 01:38:20,352 [ReplicationMonitor] INFO  replication.ReplicationManager (ReplicationManager.java:processAll(324)) - Replication Monitor Thread took 0 milliseconds for processing 3 containers.
2022-10-08 01:38:21,352 [ReplicationMonitor] INFO  replication.ReplicationManager (ReplicationManager.java:processAll(324)) - Replication Monitor Thread took 1 milliseconds for processing 3 containers.
2022-10-08 01:38:21,635 [org.apache.ratis.util.JvmPauseMonitor$$Lambda$636/846962177@93d14fa] WARN  util.JvmPauseMonitor (JvmPauseMonitor.java:detectPause(124)) - JvmPauseMonitor-6b604ca2-684c-4b87-aad0-ccae04811294: Detected pause in JVM or host machine (eg GC): pause of approximately 126998640ns.
GC pool 'PS MarkSweep' had collection(s): count=1 time=181ms
GC pool 'PS Scavenge' had collection(s): count=1 time=8ms
2022-10-08 01:38:22,357 [ReplicationMonitor] INFO  replication.ReplicationManager (ReplicationManager.java:processAll(324)) - Replication Monitor Thread took 0 milliseconds for processing 3 containers.
2022-10-08 01:38:23,357 [ReplicationMonitor] INFO  replication.ReplicationManager (ReplicationManager.java:processAll(324)) - Replication Monitor Thread took 0 milliseconds for processing 3 containers.
2022-10-08 01:38:24,357 [ReplicationMonitor] INFO  replication.ReplicationManager (ReplicationManager.java:processAll(324)) - Replication Monitor Thread took 0 milliseconds for processing 3 containers.
2022-10-08 01:38:25,359 [ReplicationMonitor] INFO  replication.ReplicationManager (ReplicationManager.java:processAll(324)) - Replication Monitor Thread took 0 milliseconds for processing 3 containers.
2022-10-08 01:38:26,359 [ReplicationMonitor] INFO  replication.ReplicationManager (ReplicationManager.java:processAll(324)) - Replication Monitor Thread took 1 milliseconds for processing 3 containers.
2022-10-08 01:38:27,360 [ReplicationMonitor] INFO  replication.ReplicationManager (ReplicationManager.java:processAll(324)) - Replication Monitor Thread took 0 milliseconds for processing 3 containers.
2022-10-08 01:38:28,362 [ReplicationMonitor] INFO  replication.ReplicationManager (ReplicationManager.java:processAll(324)) - Replication Monitor Thread took 0 milliseconds for processing 3 containers.
2022-10-08 01:38:29,362 [ReplicationMonitor] INFO  replication.ReplicationManager (ReplicationManager.java:processAll(324)) - Replication Monitor Thread took 1 milliseconds for processing 3 containers.
2022-10-08 01:38:30,367 [ReplicationMonitor] INFO  replication.ReplicationManager (ReplicationManager.java:processAll(324)) - Replication Monitor Thread took 0 milliseconds for processing 3 containers.
2022-10-08 01:38:31,367 [ReplicationMonitor] INFO  replication.ReplicationManager (ReplicationManager.java:processAll(324)) - Replication Monitor Thread took 0 milliseconds for processing 3 containers.
2022-10-08 01:38:32,367 [ReplicationMonitor] INFO  replication.ReplicationManager (ReplicationManager.java:processAll(324)) - Replication Monitor Thread took 1 milliseconds for processing 3 containers.
2022-10-08 01:38:33,368 [ReplicationMonitor] INFO  replication.ReplicationManager (ReplicationManager.java:processAll(324)) - Replication Monitor Thread took 0 milliseconds for processing 3 containers.
2022-10-08 01:38:34,368 [ReplicationMonitor] INFO  replication.ReplicationManager (ReplicationManager.java:processAll(324)) - Replication Monitor Thread took 0 milliseconds for processing 3 containers.
2022-10-08 01:38:35,372 [ReplicationMonitor] INFO  replication.ReplicationManager (ReplicationManager.java:processAll(324)) - Replication Monitor Thread took 0 milliseconds for processing 3 containers.
2022-10-08 01:38:36,372 [ReplicationMonitor] INFO  replication.ReplicationManager (ReplicationManager.java:processAll(324)) - Replication Monitor Thread took 0 milliseconds for processing 3 containers.
2022-10-08 01:38:37,373 [ReplicationMonitor] INFO  replication.ReplicationManager (ReplicationManager.java:processAll(324)) - Replication Monitor Thread took 0 milliseconds for processing 3 containers.
2022-10-08 01:38:37,749 [IPC Server handler 14 on default port 35275] INFO  pipeline.PipelineStateManagerImpl (PipelineStateManagerImpl.java:addPipeline(103)) - Created pipeline Pipeline[ Id: 0d24b35f-2b11-40c4-8eb0-61e7dafc4500, Nodes: 6b604ca2-684c-4b87-aad0-ccae04811294{ip: 10.1.0.61, host: fv-az180-867.g3pwtgv4ffyuhaixmbmm0kyh3d.gx.internal.cloudapp.net, ports: [REPLICATION=44087, RATIS=39343, RATIS_ADMIN=39343, RATIS_SERVER=39343, STANDALONE=44019], networkLocation: /default-rack, certSerialId: null, persistedOpState: null, persistedOpStateExpiryEpochSec: 0}0f1ac1f5-5b02-4bf5-a39e-40addf081f4e{ip: 10.1.0.61, host: fv-az180-867.g3pwtgv4ffyuhaixmbmm0kyh3d.gx.internal.cloudapp.net, ports: [REPLICATION=46597, RATIS=42591, RATIS_ADMIN=42591, RATIS_SERVER=42591, STANDALONE=36445], networkLocation: /default-rack, certSerialId: null, persistedOpState: null, persistedOpStateExpiryEpochSec: 0}d67d85fb-f556-421f-824a-4b9f68a177f7{ip: 10.1.0.61, host: fv-az180-867.g3pwtgv4ffyuhaixmbmm0kyh3d.gx.internal.cloudapp.net, ports: [REPLICATION=35153, RATIS=46031, RATIS_ADMIN=46031, RATIS_SERVER=46031, STANDALONE=46823], networkLocation: /default-rack, certSerialId: null, persistedOpState: null, persistedOpStateExpiryEpochSec: 0}932d31bf-cf15-45e6-97a3-7289ed74fac5{ip: 10.1.0.61, host: fv-az180-867.g3pwtgv4ffyuhaixmbmm0kyh3d.gx.internal.cloudapp.net, ports: [REPLICATION=32977, RATIS=46727, RATIS_ADMIN=46727, RATIS_SERVER=46727, STANDALONE=42369], networkLocation: /default-rack, certSerialId: null, persistedOpState: null, persistedOpStateExpiryEpochSec: 0}0f3c4d66-37ce-46af-a3a8-7219c161bdb8{ip: 10.1.0.61, host: fv-az180-867.g3pwtgv4ffyuhaixmbmm0kyh3d.gx.internal.cloudapp.net, ports: [REPLICATION=38951, RATIS=46327, RATIS_ADMIN=46327, RATIS_SERVER=46327, STANDALONE=35039], networkLocation: /default-rack, certSerialId: null, persistedOpState: null, persistedOpStateExpiryEpochSec: 0}, ReplicationConfig: EC/ECReplicationConfig{data=3, parity=2, ecChunkSize=1048576, codec=rs}, State:ALLOCATED, leaderId:, CreationTimestamp2022-10-08T01:38:37.748Z[Etc/UTC]].
2022-10-08 01:38:37,750 [IPC Server handler 14 on default port 35275] INFO  pipeline.PipelineManagerImpl (PipelineManagerImpl.java:openPipeline(367)) - Pipeline Pipeline[ Id: 0d24b35f-2b11-40c4-8eb0-61e7dafc4500, Nodes: 6b604ca2-684c-4b87-aad0-ccae04811294{ip: 10.1.0.61, host: fv-az180-867.g3pwtgv4ffyuhaixmbmm0kyh3d.gx.internal.cloudapp.net, ports: [REPLICATION=44087, RATIS=39343, RATIS_ADMIN=39343, RATIS_SERVER=39343, STANDALONE=44019], networkLocation: /default-rack, certSerialId: null, persistedOpState: null, persistedOpStateExpiryEpochSec: 0}0f1ac1f5-5b02-4bf5-a39e-40addf081f4e{ip: 10.1.0.61, host: fv-az180-867.g3pwtgv4ffyuhaixmbmm0kyh3d.gx.internal.cloudapp.net, ports: [REPLICATION=46597, RATIS=42591, RATIS_ADMIN=42591, RATIS_SERVER=42591, STANDALONE=36445], networkLocation: /default-rack, certSerialId: null, persistedOpState: null, persistedOpStateExpiryEpochSec: 0}d67d85fb-f556-421f-824a-4b9f68a177f7{ip: 10.1.0.61, host: fv-az180-867.g3pwtgv4ffyuhaixmbmm0kyh3d.gx.internal.cloudapp.net, ports: [REPLICATION=35153, RATIS=46031, RATIS_ADMIN=46031, RATIS_SERVER=46031, STANDALONE=46823], networkLocation: /default-rack, certSerialId: null, persistedOpState: null, persistedOpStateExpiryEpochSec: 0}932d31bf-cf15-45e6-97a3-7289ed74fac5{ip: 10.1.0.61, host: fv-az180-867.g3pwtgv4ffyuhaixmbmm0kyh3d.gx.internal.cloudapp.net, ports: [REPLICATION=32977, RATIS=46727, RATIS_ADMIN=46727, RATIS_SERVER=46727, STANDALONE=42369], networkLocation: /default-rack, certSerialId: null, persistedOpState: null, persistedOpStateExpiryEpochSec: 0}0f3c4d66-37ce-46af-a3a8-7219c161bdb8{ip: 10.1.0.61, host: fv-az180-867.g3pwtgv4ffyuhaixmbmm0kyh3d.gx.internal.cloudapp.net, ports: [REPLICATION=38951, RATIS=46327, RATIS_ADMIN=46327, RATIS_SERVER=46327, STANDALONE=35039], networkLocation: /default-rack, certSerialId: null, persistedOpState: null, persistedOpStateExpiryEpochSec: 0}, ReplicationConfig: EC/ECReplicationConfig{data=3, parity=2, ecChunkSize=1048576, codec=rs}, State:ALLOCATED, leaderId:, CreationTimestamp2022-10-08T01:38:37.748Z[Etc/UTC]] moved to OPEN state
2022-10-08 01:38:38,374 [ReplicationMonitor] INFO  replication.ReplicationManager (ReplicationManager.java:processAll(324)) - Replication Monitor Thread took 1 milliseconds for processing 4 containers.
2022-10-08 01:38:39,374 [ReplicationMonitor] INFO  replication.ReplicationManager (ReplicationManager.java:processAll(324)) - Replication Monitor Thread took 0 milliseconds for processing 4 containers.
2022-10-08 01:38:40,374 [ReplicationMonitor] INFO  replication.ReplicationManager (ReplicationManager.java:processAll(324)) - Replication Monitor Thread took 0 milliseconds for processing 4 containers.
2022-10-08 01:38:41,375 [ReplicationMonitor] INFO  replication.ReplicationManager (ReplicationManager.java:processAll(324)) - Replication Monitor Thread took 0 milliseconds for processing 4 containers.
2022-10-08 01:38:41,383 [IPC Server handler 16 on default port 35275] INFO  pipeline.PipelineStateManagerImpl (PipelineStateManagerImpl.java:addPipeline(103)) - Created pipeline Pipeline[ Id: 67821c0a-c00f-466e-b071-168374c6a7eb, Nodes: 932d31bf-cf15-45e6-97a3-7289ed74fac5{ip: 10.1.0.61, host: fv-az180-867.g3pwtgv4ffyuhaixmbmm0kyh3d.gx.internal.cloudapp.net, ports: [REPLICATION=32977, RATIS=46727, RATIS_ADMIN=46727, RATIS_SERVER=46727, STANDALONE=42369], networkLocation: /default-rack, certSerialId: null, persistedOpState: null, persistedOpStateExpiryEpochSec: 0}0f3c4d66-37ce-46af-a3a8-7219c161bdb8{ip: 10.1.0.61, host: fv-az180-867.g3pwtgv4ffyuhaixmbmm0kyh3d.gx.internal.cloudapp.net, ports: [REPLICATION=38951, RATIS=46327, RATIS_ADMIN=46327, RATIS_SERVER=46327, STANDALONE=35039], networkLocation: /default-rack, certSerialId: null, persistedOpState: null, persistedOpStateExpiryEpochSec: 0}6b604ca2-684c-4b87-aad0-ccae04811294{ip: 10.1.0.61, host: fv-az180-867.g3pwtgv4ffyuhaixmbmm0kyh3d.gx.internal.cloudapp.net, ports: [REPLICATION=44087, RATIS=39343, RATIS_ADMIN=39343, RATIS_SERVER=39343, STANDALONE=44019], networkLocation: /default-rack, certSerialId: null, persistedOpState: null, persistedOpStateExpiryEpochSec: 0}0f1ac1f5-5b02-4bf5-a39e-40addf081f4e{ip: 10.1.0.61, host: fv-az180-867.g3pwtgv4ffyuhaixmbmm0kyh3d.gx.internal.cloudapp.net, ports: [REPLICATION=46597, RATIS=42591, RATIS_ADMIN=42591, RATIS_SERVER=42591, STANDALONE=36445], networkLocation: /default-rack, certSerialId: null, persistedOpState: null, persistedOpStateExpiryEpochSec: 0}d67d85fb-f556-421f-824a-4b9f68a177f7{ip: 10.1.0.61, host: fv-az180-867.g3pwtgv4ffyuhaixmbmm0kyh3d.gx.internal.cloudapp.net, ports: [REPLICATION=35153, RATIS=46031, RATIS_ADMIN=46031, RATIS_SERVER=46031, STANDALONE=46823], networkLocation: /default-rack, certSerialId: null, persistedOpState: null, persistedOpStateExpiryEpochSec: 0}, ReplicationConfig: EC/ECReplicationConfig{data=3, parity=2, ecChunkSize=1048576, codec=rs}, State:ALLOCATED, leaderId:, CreationTimestamp2022-10-08T01:38:41.383Z[Etc/UTC]].
2022-10-08 01:38:41,384 [IPC Server handler 16 on default port 35275] INFO  pipeline.PipelineManagerImpl (PipelineManagerImpl.java:openPipeline(367)) - Pipeline Pipeline[ Id: 67821c0a-c00f-466e-b071-168374c6a7eb, Nodes: 932d31bf-cf15-45e6-97a3-7289ed74fac5{ip: 10.1.0.61, host: fv-az180-867.g3pwtgv4ffyuhaixmbmm0kyh3d.gx.internal.cloudapp.net, ports: [REPLICATION=32977, RATIS=46727, RATIS_ADMIN=46727, RATIS_SERVER=46727, STANDALONE=42369], networkLocation: /default-rack, certSerialId: null, persistedOpState: null, persistedOpStateExpiryEpochSec: 0}0f3c4d66-37ce-46af-a3a8-7219c161bdb8{ip: 10.1.0.61, host: fv-az180-867.g3pwtgv4ffyuhaixmbmm0kyh3d.gx.internal.cloudapp.net, ports: [REPLICATION=38951, RATIS=46327, RATIS_ADMIN=46327, RATIS_SERVER=46327, STANDALONE=35039], networkLocation: /default-rack, certSerialId: null, persistedOpState: null, persistedOpStateExpiryEpochSec: 0}6b604ca2-684c-4b87-aad0-ccae04811294{ip: 10.1.0.61, host: fv-az180-867.g3pwtgv4ffyuhaixmbmm0kyh3d.gx.internal.cloudapp.net, ports: [REPLICATION=44087, RATIS=39343, RATIS_ADMIN=39343, RATIS_SERVER=39343, STANDALONE=44019], networkLocation: /default-rack, certSerialId: null, persistedOpState: null, persistedOpStateExpiryEpochSec: 0}0f1ac1f5-5b02-4bf5-a39e-40addf081f4e{ip: 10.1.0.61, host: fv-az180-867.g3pwtgv4ffyuhaixmbmm0kyh3d.gx.internal.cloudapp.net, ports: [REPLICATION=46597, RATIS=42591, RATIS_ADMIN=42591, RATIS_SERVER=42591, STANDALONE=36445], networkLocation: /default-rack, certSerialId: null, persistedOpState: null, persistedOpStateExpiryEpochSec: 0}d67d85fb-f556-421f-824a-4b9f68a177f7{ip: 10.1.0.61, host: fv-az180-867.g3pwtgv4ffyuhaixmbmm0kyh3d.gx.internal.cloudapp.net, ports: [REPLICATION=35153, RATIS=46031, RATIS_ADMIN=46031, RATIS_SERVER=46031, STANDALONE=46823], networkLocation: /default-rack, certSerialId: null, persistedOpState: null, persistedOpStateExpiryEpochSec: 0}, ReplicationConfig: EC/ECReplicationConfig{data=3, parity=2, ecChunkSize=1048576, codec=rs}, State:ALLOCATED, leaderId:, CreationTimestamp2022-10-08T01:38:41.383Z[Etc/UTC]] moved to OPEN state
2022-10-08 01:38:42,375 [ReplicationMonitor] INFO  replication.ReplicationManager (ReplicationManager.java:processAll(324)) - Replication Monitor Thread took 0 milliseconds for processing 5 containers.
2022-10-08 01:38:42,676 [IPC Server handler 17 on default port 35275] INFO  pipeline.PipelineStateManagerImpl (PipelineStateManagerImpl.java:addPipeline(103)) - Created pipeline Pipeline[ Id: d606262e-d7d2-44be-a067-6bb09d10e9a6, Nodes: d67d85fb-f556-421f-824a-4b9f68a177f7{ip: 10.1.0.61, host: fv-az180-867.g3pwtgv4ffyuhaixmbmm0kyh3d.gx.internal.cloudapp.net, ports: [REPLICATION=35153, RATIS=46031, RATIS_ADMIN=46031, RATIS_SERVER=46031, STANDALONE=46823], networkLocation: /default-rack, certSerialId: null, persistedOpState: null, persistedOpStateExpiryEpochSec: 0}0f3c4d66-37ce-46af-a3a8-7219c161bdb8{ip: 10.1.0.61, host: fv-az180-867.g3pwtgv4ffyuhaixmbmm0kyh3d.gx.internal.cloudapp.net, ports: [REPLICATION=38951, RATIS=46327, RATIS_ADMIN=46327, RATIS_SERVER=46327, STANDALONE=35039], networkLocation: /default-rack, certSerialId: null, persistedOpState: null, persistedOpStateExpiryEpochSec: 0}6b604ca2-684c-4b87-aad0-ccae04811294{ip: 10.1.0.61, host: fv-az180-867.g3pwtgv4ffyuhaixmbmm0kyh3d.gx.internal.cloudapp.net, ports: [REPLICATION=44087, RATIS=39343, RATIS_ADMIN=39343, RATIS_SERVER=39343, STANDALONE=44019], networkLocation: /default-rack, certSerialId: null, persistedOpState: null, persistedOpStateExpiryEpochSec: 0}0f1ac1f5-5b02-4bf5-a39e-40addf081f4e{ip: 10.1.0.61, host: fv-az180-867.g3pwtgv4ffyuhaixmbmm0kyh3d.gx.internal.cloudapp.net, ports: [REPLICATION=46597, RATIS=42591, RATIS_ADMIN=42591, RATIS_SERVER=42591, STANDALONE=36445], networkLocation: /default-rack, certSerialId: null, persistedOpState: null, persistedOpStateExpiryEpochSec: 0}932d31bf-cf15-45e6-97a3-7289ed74fac5{ip: 10.1.0.61, host: fv-az180-867.g3pwtgv4ffyuhaixmbmm0kyh3d.gx.internal.cloudapp.net, ports: [REPLICATION=32977, RATIS=46727, RATIS_ADMIN=46727, RATIS_SERVER=46727, STANDALONE=42369], networkLocation: /default-rack, certSerialId: null, persistedOpState: null, persistedOpStateExpiryEpochSec: 0}, ReplicationConfig: EC/ECReplicationConfig{data=3, parity=2, ecChunkSize=1048576, codec=rs}, State:ALLOCATED, leaderId:, CreationTimestamp2022-10-08T01:38:42.676Z[Etc/UTC]].
2022-10-08 01:38:42,677 [IPC Server handler 17 on default port 35275] INFO  pipeline.PipelineManagerImpl (PipelineManagerImpl.java:openPipeline(367)) - Pipeline Pipeline[ Id: d606262e-d7d2-44be-a067-6bb09d10e9a6, Nodes: d67d85fb-f556-421f-824a-4b9f68a177f7{ip: 10.1.0.61, host: fv-az180-867.g3pwtgv4ffyuhaixmbmm0kyh3d.gx.internal.cloudapp.net, ports: [REPLICATION=35153, RATIS=46031, RATIS_ADMIN=46031, RATIS_SERVER=46031, STANDALONE=46823], networkLocation: /default-rack, certSerialId: null, persistedOpState: null, persistedOpStateExpiryEpochSec: 0}0f3c4d66-37ce-46af-a3a8-7219c161bdb8{ip: 10.1.0.61, host: fv-az180-867.g3pwtgv4ffyuhaixmbmm0kyh3d.gx.internal.cloudapp.net, ports: [REPLICATION=38951, RATIS=46327, RATIS_ADMIN=46327, RATIS_SERVER=46327, STANDALONE=35039], networkLocation: /default-rack, certSerialId: null, persistedOpState: null, persistedOpStateExpiryEpochSec: 0}6b604ca2-684c-4b87-aad0-ccae04811294{ip: 10.1.0.61, host: fv-az180-867.g3pwtgv4ffyuhaixmbmm0kyh3d.gx.internal.cloudapp.net, ports: [REPLICATION=44087, RATIS=39343, RATIS_ADMIN=39343, RATIS_SERVER=39343, STANDALONE=44019], networkLocation: /default-rack, certSerialId: null, persistedOpState: null, persistedOpStateExpiryEpochSec: 0}0f1ac1f5-5b02-4bf5-a39e-40addf081f4e{ip: 10.1.0.61, host: fv-az180-867.g3pwtgv4ffyuhaixmbmm0kyh3d.gx.internal.cloudapp.net, ports: [REPLICATION=46597, RATIS=42591, RATIS_ADMIN=42591, RATIS_SERVER=42591, STANDALONE=36445], networkLocation: /default-rack, certSerialId: null, persistedOpState: null, persistedOpStateExpiryEpochSec: 0}932d31bf-cf15-45e6-97a3-7289ed74fac5{ip: 10.1.0.61, host: fv-az180-867.g3pwtgv4ffyuhaixmbmm0kyh3d.gx.internal.cloudapp.net, ports: [REPLICATION=32977, RATIS=46727, RATIS_ADMIN=46727, RATIS_SERVER=46727, STANDALONE=42369], networkLocation: /default-rack, certSerialId: null, persistedOpState: null, persistedOpStateExpiryEpochSec: 0}, ReplicationConfig: EC/ECReplicationConfig{data=3, parity=2, ecChunkSize=1048576, codec=rs}, State:ALLOCATED, leaderId:, CreationTimestamp2022-10-08T01:38:42.676Z[Etc/UTC]] moved to OPEN state
2022-10-08 01:38:43,042 [Under Replicated Processor] INFO  replication.UnderReplicatedProcessor (UnderReplicatedProcessor.java:processAll(92)) - Processed 0 under replicated containers, failed processing 0
2022-10-08 01:38:43,132 [Over Replicated Processor] INFO  replication.OverReplicatedProcessor (OverReplicatedProcessor.java:processAll(90)) - Processed 0 over replicated containers, failed processing 0
2022-10-08 01:38:43,418 [ReplicationMonitor] INFO  replication.ReplicationManager (ReplicationManager.java:processAll(324)) - Replication Monitor Thread took 0 milliseconds for processing 6 containers.
2022-10-08 01:38:44,149 [IPC Server handler 9 on default port 35275] INFO  pipeline.PipelineStateManagerImpl (PipelineStateManagerImpl.java:addPipeline(103)) - Created pipeline Pipeline[ Id: 98cc6c0a-4e50-445b-a3fa-64db71d16918, Nodes: 6b604ca2-684c-4b87-aad0-ccae04811294{ip: 10.1.0.61, host: fv-az180-867.g3pwtgv4ffyuhaixmbmm0kyh3d.gx.internal.cloudapp.net, ports: [REPLICATION=44087, RATIS=39343, RATIS_ADMIN=39343, RATIS_SERVER=39343, STANDALONE=44019], networkLocation: /default-rack, certSerialId: null, persistedOpState: null, persistedOpStateExpiryEpochSec: 0}0f1ac1f5-5b02-4bf5-a39e-40addf081f4e{ip: 10.1.0.61, host: fv-az180-867.g3pwtgv4ffyuhaixmbmm0kyh3d.gx.internal.cloudapp.net, ports: [REPLICATION=46597, RATIS=42591, RATIS_ADMIN=42591, RATIS_SERVER=42591, STANDALONE=36445], networkLocation: /default-rack, certSerialId: null, persistedOpState: null, persistedOpStateExpiryEpochSec: 0}0f3c4d66-37ce-46af-a3a8-7219c161bdb8{ip: 10.1.0.61, host: fv-az180-867.g3pwtgv4ffyuhaixmbmm0kyh3d.gx.internal.cloudapp.net, ports: [REPLICATION=38951, RATIS=46327, RATIS_ADMIN=46327, RATIS_SERVER=46327, STANDALONE=35039], networkLocation: /default-rack, certSerialId: null, persistedOpState: null, persistedOpStateExpiryEpochSec: 0}d67d85fb-f556-421f-824a-4b9f68a177f7{ip: 10.1.0.61, host: fv-az180-867.g3pwtgv4ffyuhaixmbmm0kyh3d.gx.internal.cloudapp.net, ports: [REPLICATION=35153, RATIS=46031, RATIS_ADMIN=46031, RATIS_SERVER=46031, STANDALONE=46823], networkLocation: /default-rack, certSerialId: null, persistedOpState: null, persistedOpStateExpiryEpochSec: 0}932d31bf-cf15-45e6-97a3-7289ed74fac5{ip: 10.1.0.61, host: fv-az180-867.g3pwtgv4ffyuhaixmbmm0kyh3d.gx.internal.cloudapp.net, ports: [REPLICATION=32977, RATIS=46727, RATIS_ADMIN=46727, RATIS_SERVER=46727, STANDALONE=42369], networkLocation: /default-rack, certSerialId: null, persistedOpState: null, persistedOpStateExpiryEpochSec: 0}, ReplicationConfig: EC/ECReplicationConfig{data=3, parity=2, ecChunkSize=1048576, codec=rs}, State:ALLOCATED, leaderId:, CreationTimestamp2022-10-08T01:38:44.148Z[Etc/UTC]].
2022-10-08 01:38:44,150 [IPC Server handler 9 on default port 35275] INFO  pipeline.PipelineManagerImpl (PipelineManagerImpl.java:openPipeline(367)) - Pipeline Pipeline[ Id: 98cc6c0a-4e50-445b-a3fa-64db71d16918, Nodes: 6b604ca2-684c-4b87-aad0-ccae04811294{ip: 10.1.0.61, host: fv-az180-867.g3pwtgv4ffyuhaixmbmm0kyh3d.gx.internal.cloudapp.net, ports: [REPLICATION=44087, RATIS=39343, RATIS_ADMIN=39343, RATIS_SERVER=39343, STANDALONE=44019], networkLocation: /default-rack, certSerialId: null, persistedOpState: null, persistedOpStateExpiryEpochSec: 0}0f1ac1f5-5b02-4bf5-a39e-40addf081f4e{ip: 10.1.0.61, host: fv-az180-867.g3pwtgv4ffyuhaixmbmm0kyh3d.gx.internal.cloudapp.net, ports: [REPLICATION=46597, RATIS=42591, RATIS_ADMIN=42591, RATIS_SERVER=42591, STANDALONE=36445], networkLocation: /default-rack, certSerialId: null, persistedOpState: null, persistedOpStateExpiryEpochSec: 0}0f3c4d66-37ce-46af-a3a8-7219c161bdb8{ip: 10.1.0.61, host: fv-az180-867.g3pwtgv4ffyuhaixmbmm0kyh3d.gx.internal.cloudapp.net, ports: [REPLICATION=38951, RATIS=46327, RATIS_ADMIN=46327, RATIS_SERVER=46327, STANDALONE=35039], networkLocation: /default-rack, certSerialId: null, persistedOpState: null, persistedOpStateExpiryEpochSec: 0}d67d85fb-f556-421f-824a-4b9f68a177f7{ip: 10.1.0.61, host: fv-az180-867.g3pwtgv4ffyuhaixmbmm0kyh3d.gx.internal.cloudapp.net, ports: [REPLICATION=35153, RATIS=46031, RATIS_ADMIN=46031, RATIS_SERVER=46031, STANDALONE=46823], networkLocation: /default-rack, certSerialId: null, persistedOpState: null, persistedOpStateExpiryEpochSec: 0}932d31bf-cf15-45e6-97a3-7289ed74fac5{ip: 10.1.0.61, host: fv-az180-867.g3pwtgv4ffyuhaixmbmm0kyh3d.gx.internal.cloudapp.net, ports: [REPLICATION=32977, RATIS=46727, RATIS_ADMIN=46727, RATIS_SERVER=46727, STANDALONE=42369], networkLocation: /default-rack, certSerialId: null, persistedOpState: null, persistedOpStateExpiryEpochSec: 0}, ReplicationConfig: EC/ECReplicationConfig{data=3, parity=2, ecChunkSize=1048576, codec=rs}, State:ALLOCATED, leaderId:, CreationTimestamp2022-10-08T01:38:44.148Z[Etc/UTC]] moved to OPEN state
2022-10-08 01:38:44,420 [ReplicationMonitor] INFO  replication.ReplicationManager (ReplicationManager.java:processAll(324)) - Replication Monitor Thread took 0 milliseconds for processing 7 containers.
2022-10-08 01:38:45,420 [ReplicationMonitor] INFO  replication.ReplicationManager (ReplicationManager.java:processAll(324)) - Replication Monitor Thread took 1 milliseconds for processing 7 containers.
2022-10-08 01:38:46,427 [ReplicationMonitor] INFO  replication.ReplicationManager (ReplicationManager.java:processAll(324)) - Replication Monitor Thread took 0 milliseconds for processing 7 containers.
2022-10-08 01:38:47,428 [ReplicationMonitor] INFO  replication.ReplicationManager (ReplicationManager.java:processAll(324)) - Replication Monitor Thread took 1 milliseconds for processing 7 containers.
2022-10-08 01:38:48,428 [ReplicationMonitor] INFO  replication.ReplicationManager (ReplicationManager.java:processAll(324)) - Replication Monitor Thread took 0 milliseconds for processing 7 containers.
2022-10-08 01:38:49,428 [ReplicationMonitor] INFO  replication.ReplicationManager (ReplicationManager.java:processAll(324)) - Replication Monitor Thread took 0 milliseconds for processing 7 containers.
2022-10-08 01:38:50,429 [ReplicationMonitor] INFO  replication.ReplicationManager (ReplicationManager.java:processAll(324)) - Replication Monitor Thread took 0 milliseconds for processing 7 containers.
2022-10-08 01:38:51,429 [ReplicationMonitor] INFO  replication.ReplicationManager (ReplicationManager.java:processAll(324)) - Replication Monitor Thread took 0 milliseconds for processing 7 containers.
2022-10-08 01:38:52,429 [ReplicationMonitor] INFO  replication.ReplicationManager (ReplicationManager.java:processAll(324)) - Replication Monitor Thread took 1 milliseconds for processing 7 containers.
2022-10-08 01:38:53,430 [ReplicationMonitor] INFO  replication.ReplicationManager (ReplicationManager.java:processAll(324)) - Replication Monitor Thread took 0 milliseconds for processing 7 containers.
2022-10-08 01:38:54,430 [ReplicationMonitor] INFO  replication.ReplicationManager (ReplicationManager.java:processAll(324)) - Replication Monitor Thread took 0 milliseconds for processing 7 containers.
2022-10-08 01:38:55,431 [ReplicationMonitor] INFO  replication.ReplicationManager (ReplicationManager.java:processAll(324)) - Replication Monitor Thread took 0 milliseconds for processing 7 containers.
2022-10-08 01:38:56,431 [ReplicationMonitor] INFO  replication.ReplicationManager (ReplicationManager.java:processAll(324)) - Replication Monitor Thread took 0 milliseconds for processing 7 containers.
2022-10-08 01:38:57,431 [ReplicationMonitor] INFO  replication.ReplicationManager (ReplicationManager.java:processAll(324)) - Replication Monitor Thread took 1 milliseconds for processing 7 containers.
2022-10-08 01:38:58,432 [ReplicationMonitor] INFO  replication.ReplicationManager (ReplicationManager.java:processAll(324)) - Replication Monitor Thread took 0 milliseconds for processing 7 containers.
2022-10-08 01:38:59,433 [ReplicationMonitor] INFO  replication.ReplicationManager (ReplicationManager.java:processAll(324)) - Replication Monitor Thread took 0 milliseconds for processing 7 containers.
2022-10-08 01:39:00,433 [ReplicationMonitor] INFO  replication.ReplicationManager (ReplicationManager.java:processAll(324)) - Replication Monitor Thread took 0 milliseconds for processing 7 containers.
2022-10-08 01:39:01,433 [ReplicationMonitor] INFO  replication.ReplicationManager (ReplicationManager.java:processAll(324)) - Replication Monitor Thread took 1 milliseconds for processing 7 containers.
2022-10-08 01:39:02,434 [ReplicationMonitor] INFO  replication.ReplicationManager (ReplicationManager.java:processAll(324)) - Replication Monitor Thread took 0 milliseconds for processing 7 containers.
2022-10-08 01:39:03,434 [ReplicationMonitor] INFO  replication.ReplicationManager (ReplicationManager.java:processAll(324)) - Replication Monitor Thread took 0 milliseconds for processing 7 containers.
2022-10-08 01:39:04,435 [ReplicationMonitor] INFO  replication.ReplicationManager (ReplicationManager.java:processAll(324)) - Replication Monitor Thread took 1 milliseconds for processing 7 containers.
2022-10-08 01:39:05,435 [ReplicationMonitor] INFO  replication.ReplicationManager (ReplicationManager.java:processAll(324)) - Replication Monitor Thread took 0 milliseconds for processing 7 containers.
2022-10-08 01:39:06,435 [ReplicationMonitor] INFO  replication.ReplicationManager (ReplicationManager.java:processAll(324)) - Replication Monitor Thread took 0 milliseconds for processing 7 containers.
2022-10-08 01:39:07,436 [ReplicationMonitor] INFO  replication.ReplicationManager (ReplicationManager.java:processAll(324)) - Replication Monitor Thread took 0 milliseconds for processing 7 containers.
2022-10-08 01:39:08,444 [ReplicationMonitor] INFO  replication.ReplicationManager (ReplicationManager.java:processAll(324)) - Replication Monitor Thread took 0 milliseconds for processing 7 containers.
2022-10-08 01:39:09,448 [ReplicationMonitor] INFO  replication.ReplicationManager (ReplicationManager.java:processAll(324)) - Replication Monitor Thread took 0 milliseconds for processing 7 containers.
2022-10-08 01:39:10,448 [ReplicationMonitor] INFO  replication.ReplicationManager (ReplicationManager.java:processAll(324)) - Replication Monitor Thread took 0 milliseconds for processing 7 containers.
2022-10-08 01:39:11,449 [ReplicationMonitor] INFO  replication.ReplicationManager (ReplicationManager.java:processAll(324)) - Replication Monitor Thread took 0 milliseconds for processing 7 containers.
2022-10-08 01:39:12,449 [ReplicationMonitor] INFO  replication.ReplicationManager (ReplicationManager.java:processAll(324)) - Replication Monitor Thread took 0 milliseconds for processing 7 containers.
2022-10-08 01:39:13,160 [Over Replicated Processor] INFO  replication.OverReplicatedProcessor (OverReplicatedProcessor.java:processAll(90)) - Processed 0 over replicated containers, failed processing 0
2022-10-08 01:39:13,161 [Under Replicated Processor] INFO  replication.UnderReplicatedProcessor (UnderReplicatedProcessor.java:processAll(92)) - Processed 0 under replicated containers, failed processing 0
2022-10-08 01:39:13,161 [org.apache.ratis.util.JvmPauseMonitor$$Lambda$636/846962177@4a9c33a9] WARN  util.JvmPauseMonitor (JvmPauseMonitor.java:detectPause(124)) - JvmPauseMonitor-932d31bf-cf15-45e6-97a3-7289ed74fac5: Detected pause in JVM or host machine (eg GC): pause of approximately 150524539ns.
GC pool 'PS MarkSweep' had collection(s): count=1 time=152ms
GC pool 'PS Scavenge' had collection(s): count=1 time=47ms
2022-10-08 01:39:13,161 [org.apache.ratis.util.JvmPauseMonitor$$Lambda$636/846962177@6a9e6ae7] WARN  util.JvmPauseMonitor (JvmPauseMonitor.java:detectPause(124)) - JvmPauseMonitor-d67d85fb-f556-421f-824a-4b9f68a177f7: Detected pause in JVM or host machine (eg GC): pause of approximately 172735891ns.
GC pool 'PS MarkSweep' had collection(s): count=1 time=152ms
GC pool 'PS Scavenge' had collection(s): count=1 time=47ms
2022-10-08 01:39:13,161 [org.apache.ratis.util.JvmPauseMonitor$$Lambda$636/846962177@5b06560] WARN  util.JvmPauseMonitor (JvmPauseMonitor.java:detectPause(124)) - JvmPauseMonitor-om1: Detected pause in JVM or host machine (eg GC): pause of approximately 197630200ns.
GC pool 'PS MarkSweep' had collection(s): count=1 time=152ms
GC pool 'PS Scavenge' had collection(s): count=1 time=47ms
2022-10-08 01:39:13,449 [ReplicationMonitor] INFO  replication.ReplicationManager (ReplicationManager.java:processAll(324)) - Replication Monitor Thread took 0 milliseconds for processing 7 containers.
2022-10-08 01:39:14,450 [ReplicationMonitor] INFO  replication.ReplicationManager (ReplicationManager.java:processAll(324)) - Replication Monitor Thread took 0 milliseconds for processing 7 containers.
2022-10-08 01:39:15,456 [ReplicationMonitor] INFO  replication.ReplicationManager (ReplicationManager.java:processAll(324)) - Replication Monitor Thread took 0 milliseconds for processing 7 containers.
2022-10-08 01:39:16,464 [ReplicationMonitor] INFO  replication.ReplicationManager (ReplicationManager.java:processAll(324)) - Replication Monitor Thread took 0 milliseconds for processing 7 containers.
2022-10-08 01:39:17,464 [ReplicationMonitor] INFO  replication.ReplicationManager (ReplicationManager.java:processAll(324)) - Replication Monitor Thread took 0 milliseconds for processing 7 containers.
2022-10-08 01:39:18,470 [ReplicationMonitor] INFO  replication.ReplicationManager (ReplicationManager.java:processAll(324)) - Replication Monitor Thread took 0 milliseconds for processing 7 containers.
2022-10-08 01:39:19,472 [ReplicationMonitor] INFO  replication.ReplicationManager (ReplicationManager.java:processAll(324)) - Replication Monitor Thread took 0 milliseconds for processing 7 containers.
2022-10-08 01:39:20,475 [ReplicationMonitor] INFO  replication.ReplicationManager (ReplicationManager.java:processAll(324)) - Replication Monitor Thread took 1 milliseconds for processing 7 containers.
2022-10-08 01:39:21,475 [ReplicationMonitor] INFO  replication.ReplicationManager (ReplicationManager.java:processAll(324)) - Replication Monitor Thread took 0 milliseconds for processing 7 containers.
2022-10-08 01:39:22,475 [ReplicationMonitor] INFO  replication.ReplicationManager (ReplicationManager.java:processAll(324)) - Replication Monitor Thread took 0 milliseconds for processing 7 containers.
2022-10-08 01:39:23,476 [ReplicationMonitor] INFO  replication.ReplicationManager (ReplicationManager.java:processAll(324)) - Replication Monitor Thread took 0 milliseconds for processing 7 containers.
2022-10-08 01:39:24,476 [ReplicationMonitor] INFO  replication.ReplicationManager (ReplicationManager.java:processAll(324)) - Replication Monitor Thread took 0 milliseconds for processing 7 containers.
2022-10-08 01:39:25,476 [ReplicationMonitor] INFO  replication.ReplicationManager (ReplicationManager.java:processAll(324)) - Replication Monitor Thread took 1 milliseconds for processing 7 containers.
2022-10-08 01:39:26,477 [ReplicationMonitor] INFO  replication.ReplicationManager (ReplicationManager.java:processAll(324)) - Replication Monitor Thread took 0 milliseconds for processing 7 containers.
2022-10-08 01:39:27,477 [ReplicationMonitor] INFO  replication.ReplicationManager (ReplicationManager.java:processAll(324)) - Replication Monitor Thread took 0 milliseconds for processing 7 containers.
2022-10-08 01:39:28,478 [ReplicationMonitor] INFO  replication.ReplicationManager (ReplicationManager.java:processAll(324)) - Replication Monitor Thread took 1 milliseconds for processing 7 containers.
2022-10-08 01:39:28,776 [Listener at 127.0.0.1/42695] INFO  ozone.MiniOzoneClusterImpl (MiniOzoneClusterImpl.java:shutdown(448)) - Shutting down the Mini Ozone Cluster
2022-10-08 01:39:28,776 [Listener at 127.0.0.1/42695] INFO  ozone.MiniOzoneClusterImpl (MiniOzoneClusterImpl.java:stop(463)) - Stopping the Mini Ozone Cluster
2022-10-08 01:39:28,776 [Listener at 127.0.0.1/42695] INFO  ozone.MiniOzoneClusterImpl (MiniOzoneClusterImpl.java:stopOM(545)) - Stopping the OzoneManager
2022-10-08 01:39:28,776 [Listener at 127.0.0.1/42695] INFO  om.OzoneManager (OzoneManager.java:stop(2036)) - om1[localhost:0]: Stopping Ozone Manager
2022-10-08 01:39:28,776 [Listener at 127.0.0.1/42695] INFO  ipc.Server (Server.java:stop(3414)) - Stopping server on 42695
2022-10-08 01:39:28,777 [IPC Server listener on 0] INFO  ipc.Server (Server.java:run(1376)) - Stopping IPC Server listener on 0
2022-10-08 01:39:28,808 [Listener at 127.0.0.1/42695] INFO  server.RaftServer (RaftServerProxy.java:lambda$close$7(398)) - om1: close
2022-10-08 01:39:28,808 [Listener at 127.0.0.1/42695] INFO  server.RaftServer$Division (RaftServerImpl.java:lambda$close$4(434)) - om1@group-C5BA1605619E: shutdown
2022-10-08 01:39:28,808 [Listener at 127.0.0.1/42695] INFO  util.JmxRegister (JmxRegister.java:unregister(73)) - Successfully un-registered JMX Bean with object name Ratis:service=RaftServer,group=group-C5BA1605619E,id=om1
2022-10-08 01:39:28,809 [Listener at 127.0.0.1/42695] INFO  impl.RoleInfo (RoleInfo.java:shutdownLeaderState(93)) - om1: shutdown om1@group-C5BA1605619E-LeaderStateImpl
2022-10-08 01:39:28,809 [Listener at 127.0.0.1/42695] INFO  impl.PendingRequests (PendingRequests.java:sendNotLeaderResponses(282)) - om1@group-C5BA1605619E-PendingRequests: sendNotLeaderResponses
2022-10-08 01:39:28,825 [Listener at 127.0.0.1/42695] INFO  impl.StateMachineUpdater (StateMachineUpdater.java:stopAndJoin(153)) - om1@group-C5BA1605619E-StateMachineUpdater: set stopIndex = 54
2022-10-08 01:39:28,825 [om1@group-C5BA1605619E-StateMachineUpdater] INFO  ratis.OzoneManagerStateMachine (OzoneManagerStateMachine.java:takeSnapshot(441)) - Current Snapshot Index (t:1, i:54)
2022-10-08 01:39:28,826 [om1@group-C5BA1605619E-StateMachineUpdater] INFO  impl.StateMachineUpdater (StateMachineUpdater.java:takeSnapshot(287)) - om1@group-C5BA1605619E-StateMachineUpdater: Took a snapshot at index 54
2022-10-08 01:39:28,826 [om1@group-C5BA1605619E-StateMachineUpdater] INFO  impl.StateMachineUpdater (StateMachineUpdater.java:lambda$new$0(92)) - om1@group-C5BA1605619E-StateMachineUpdater: snapshotIndex: updateIncreasingly -1 -> 54
2022-10-08 01:39:28,826 [om1@group-C5BA1605619E-StateMachineUpdater] INFO  ratis.OzoneManagerStateMachine (OzoneManagerStateMachine.java:close(495)) - StateMachine has shutdown. Shutdown OzoneManager if not already shutdown.
2022-10-08 01:39:28,826 [om1@group-C5BA1605619E-StateMachineUpdater] INFO  ratis.OzoneManagerDoubleBuffer (OzoneManagerDoubleBuffer.java:stop(466)) - Stopping OMDoubleBuffer flush thread
2022-10-08 01:39:28,826 [OMDoubleBufferFlushThread] INFO  ratis.OzoneManagerDoubleBuffer (OzoneManagerDoubleBuffer.java:flushTransactions(385)) - OMDoubleBuffer flush thread OMDoubleBufferFlushThread is interrupted and will exit.
2022-10-08 01:39:28,828 [Listener at 127.0.0.1/42695] INFO  server.RaftServer$Division (ServerState.java:close(429)) - om1@group-C5BA1605619E: closes. applyIndex: 54
2022-10-08 01:39:28,828 [om1@group-C5BA1605619E-SegmentedRaftLogWorker] INFO  segmented.SegmentedRaftLogWorker (SegmentedRaftLogWorker.java:run(336)) - om1@group-C5BA1605619E-SegmentedRaftLogWorker was interrupted, exiting. There are 0 tasks remaining in the queue.
2022-10-08 01:39:28,829 [Listener at 127.0.0.1/42695] INFO  segmented.SegmentedRaftLogWorker (SegmentedRaftLogWorker.java:close(246)) - om1@group-C5BA1605619E-SegmentedRaftLogWorker close()
2022-10-08 01:39:28,840 [IPC Server Responder] INFO  ipc.Server (Server.java:run(1512)) - Stopping IPC Server Responder
2022-10-08 01:39:28,857 [Listener at 127.0.0.1/42695] INFO  server.GrpcService (GrpcService.java:closeImpl(269)) - om1: shutdown server with port 9872 now
2022-10-08 01:39:28,858 [Listener at 127.0.0.1/42695] INFO  server.GrpcService (GrpcService.java:closeImpl(278)) - om1: shutdown server with port 9872 successfully
2022-10-08 01:39:28,858 [org.apache.ratis.util.JvmPauseMonitor$$Lambda$636/846962177@5b06560] INFO  util.JvmPauseMonitor (JvmPauseMonitor.java:run(109)) - JvmPauseMonitor-om1: Stopped
2022-10-08 01:39:28,858 [Listener at 127.0.0.1/42695] INFO  ratis.OzoneManagerStateMachine (OzoneManagerStateMachine.java:close(495)) - StateMachine has shutdown. Shutdown OzoneManager if not already shutdown.
2022-10-08 01:39:28,858 [Listener at 127.0.0.1/42695] INFO  ratis.OzoneManagerDoubleBuffer (OzoneManagerDoubleBuffer.java:stop(478)) - OMDoubleBuffer flush thread is not running.
2022-10-08 01:39:28,858 [Listener at 127.0.0.1/42695] INFO  utils.BackgroundService (BackgroundService.java:shutdown(141)) - Shutting down service KeyDeletingService
2022-10-08 01:39:28,858 [Listener at 127.0.0.1/42695] INFO  utils.BackgroundService (BackgroundService.java:shutdown(141)) - Shutting down service DirectoryDeletingService
2022-10-08 01:39:28,858 [Listener at 127.0.0.1/42695] INFO  utils.BackgroundService (BackgroundService.java:shutdown(141)) - Shutting down service OpenKeyCleanupService
2022-10-08 01:39:28,859 [Listener at 127.0.0.1/42695] INFO  handler.ContextHandler (ContextHandler.java:doStop(1153)) - Stopped o.e.j.w.WebAppContext@9c1108{ozoneManager,/,null,STOPPED}{file:/home/runner/work/ozone/ozone/hadoop-ozone/integration-test/target/test-classes/webapps/ozoneManager}
2022-10-08 01:39:28,859 [Listener at 127.0.0.1/42695] INFO  server.AbstractConnector (AbstractConnector.java:doStop(381)) - Stopped ServerConnector@30f54aa8{HTTP/1.1, (http/1.1)}{0.0.0.0:0}
2022-10-08 01:39:28,859 [Listener at 127.0.0.1/42695] INFO  server.session (HouseKeeper.java:stopScavenging(149)) - node0 Stopped scavenging
2022-10-08 01:39:28,859 [Listener at 127.0.0.1/42695] INFO  handler.ContextHandler (ContextHandler.java:doStop(1153)) - Stopped o.e.j.s.ServletContextHandler@1590b897{static,/static,file:///home/runner/work/ozone/ozone/hadoop-ozone/integration-test/target/test-classes/webapps/static,STOPPED}
2022-10-08 01:39:28,859 [Listener at 127.0.0.1/42695] INFO  handler.ContextHandler (ContextHandler.java:doStop(1153)) - Stopped o.e.j.s.ServletContextHandler@2e3b6861{logs,/logs,file:///home/runner/work/ozone/ozone/hadoop-ozone/integration-test/target/log,STOPPED}
2022-10-08 01:39:28,873 [Listener at 127.0.0.1/42695] INFO  ozone.MiniOzoneClusterImpl (MiniOzoneClusterImpl.java:stopDatanodes(522)) - Stopping the HddsDatanodes
2022-10-08 01:39:29,478 [ReplicationMonitor] INFO  replication.ReplicationManager (ReplicationManager.java:processAll(324)) - Replication Monitor Thread took 0 milliseconds for processing 7 containers.
2022-10-08 01:39:30,478 [ReplicationMonitor] INFO  replication.ReplicationManager (ReplicationManager.java:processAll(324)) - Replication Monitor Thread took 0 milliseconds for processing 7 containers.
2022-10-08 01:39:31,479 [ReplicationMonitor] INFO  replication.ReplicationManager (ReplicationManager.java:processAll(324)) - Replication Monitor Thread took 0 milliseconds for processing 7 containers.
2022-10-08 01:39:31,576 [EventQueue-StaleNodeForStaleNodeHandler] INFO  node.StaleNodeHandler (StaleNodeHandler.java:onMessage(59)) - Datanode 6b604ca2-684c-4b87-aad0-ccae04811294{ip: 10.1.0.61, host: fv-az180-867.g3pwtgv4ffyuhaixmbmm0kyh3d.gx.internal.cloudapp.net, ports: [REPLICATION=44087, RATIS=39343, RATIS_ADMIN=39343, RATIS_SERVER=39343, STANDALONE=44019], networkLocation: /default-rack, certSerialId: null, persistedOpState: IN_SERVICE, persistedOpStateExpiryEpochSec: 0} moved to stale state. Finalizing its pipelines [PipelineID=0d24b35f-2b11-40c4-8eb0-61e7dafc4500, PipelineID=d606262e-d7d2-44be-a067-6bb09d10e9a6, PipelineID=98cc6c0a-4e50-445b-a3fa-64db71d16918, PipelineID=97bd003a-c475-4099-bcba-28097638d086, PipelineID=67821c0a-c00f-466e-b071-168374c6a7eb, PipelineID=b34614fc-b317-4bda-80e0-d410d11d8285]
2022-10-08 01:39:31,588 [EventQueue-StaleNodeForStaleNodeHandler] INFO  pipeline.PipelineManagerImpl (PipelineManagerImpl.java:closeContainersForPipeline(421)) - Container #4 closed for pipeline=PipelineID=0d24b35f-2b11-40c4-8eb0-61e7dafc4500
2022-10-08 01:39:31,588 [EventQueue-StaleNodeForStaleNodeHandler] INFO  pipeline.PipelineManagerImpl (PipelineManagerImpl.java:closePipeline(442)) - Pipeline Pipeline[ Id: 0d24b35f-2b11-40c4-8eb0-61e7dafc4500, Nodes: 6b604ca2-684c-4b87-aad0-ccae04811294{ip: 10.1.0.61, host: fv-az180-867.g3pwtgv4ffyuhaixmbmm0kyh3d.gx.internal.cloudapp.net, ports: [REPLICATION=44087, RATIS=39343, RATIS_ADMIN=39343, RATIS_SERVER=39343, STANDALONE=44019], networkLocation: /default-rack, certSerialId: null, persistedOpState: null, persistedOpStateExpiryEpochSec: 0}0f1ac1f5-5b02-4bf5-a39e-40addf081f4e{ip: 10.1.0.61, host: fv-az180-867.g3pwtgv4ffyuhaixmbmm0kyh3d.gx.internal.cloudapp.net, ports: [REPLICATION=46597, RATIS=42591, RATIS_ADMIN=42591, RATIS_SERVER=42591, STANDALONE=36445], networkLocation: /default-rack, certSerialId: null, persistedOpState: null, persistedOpStateExpiryEpochSec: 0}d67d85fb-f556-421f-824a-4b9f68a177f7{ip: 10.1.0.61, host: fv-az180-867.g3pwtgv4ffyuhaixmbmm0kyh3d.gx.internal.cloudapp.net, ports: [REPLICATION=35153, RATIS=46031, RATIS_ADMIN=46031, RATIS_SERVER=46031, STANDALONE=46823], networkLocation: /default-rack, certSerialId: null, persistedOpState: null, persistedOpStateExpiryEpochSec: 0}932d31bf-cf15-45e6-97a3-7289ed74fac5{ip: 10.1.0.61, host: fv-az180-867.g3pwtgv4ffyuhaixmbmm0kyh3d.gx.internal.cloudapp.net, ports: [REPLICATION=32977, RATIS=46727, RATIS_ADMIN=46727, RATIS_SERVER=46727, STANDALONE=42369], networkLocation: /default-rack, certSerialId: null, persistedOpState: null, persistedOpStateExpiryEpochSec: 0}0f3c4d66-37ce-46af-a3a8-7219c161bdb8{ip: 10.1.0.61, host: fv-az180-867.g3pwtgv4ffyuhaixmbmm0kyh3d.gx.internal.cloudapp.net, ports: [REPLICATION=38951, RATIS=46327, RATIS_ADMIN=46327, RATIS_SERVER=46327, STANDALONE=35039], networkLocation: /default-rack, certSerialId: null, persistedOpState: null, persistedOpStateExpiryEpochSec: 0}, ReplicationConfig: EC/ECReplicationConfig{data=3, parity=2, ecChunkSize=1048576, codec=rs}, State:OPEN, leaderId:, CreationTimestamp2022-10-08T01:38:37.748Z[Etc/UTC]] moved to CLOSED state
2022-10-08 01:39:31,589 [EventQueue-StaleNodeForStaleNodeHandler] INFO  pipeline.PipelineManagerImpl (PipelineManagerImpl.java:closeContainersForPipeline(421)) - Container #6 closed for pipeline=PipelineID=d606262e-d7d2-44be-a067-6bb09d10e9a6
2022-10-08 01:39:31,589 [EventQueue-StaleNodeForStaleNodeHandler] INFO  pipeline.PipelineManagerImpl (PipelineManagerImpl.java:closePipeline(442)) - Pipeline Pipeline[ Id: d606262e-d7d2-44be-a067-6bb09d10e9a6, Nodes: d67d85fb-f556-421f-824a-4b9f68a177f7{ip: 10.1.0.61, host: fv-az180-867.g3pwtgv4ffyuhaixmbmm0kyh3d.gx.internal.cloudapp.net, ports: [REPLICATION=35153, RATIS=46031, RATIS_ADMIN=46031, RATIS_SERVER=46031, STANDALONE=46823], networkLocation: /default-rack, certSerialId: null, persistedOpState: null, persistedOpStateExpiryEpochSec: 0}0f3c4d66-37ce-46af-a3a8-7219c161bdb8{ip: 10.1.0.61, host: fv-az180-867.g3pwtgv4ffyuhaixmbmm0kyh3d.gx.internal.cloudapp.net, ports: [REPLICATION=38951, RATIS=46327, RATIS_ADMIN=46327, RATIS_SERVER=46327, STANDALONE=35039], networkLocation: /default-rack, certSerialId: null, persistedOpState: null, persistedOpStateExpiryEpochSec: 0}6b604ca2-684c-4b87-aad0-ccae04811294{ip: 10.1.0.61, host: fv-az180-867.g3pwtgv4ffyuhaixmbmm0kyh3d.gx.internal.cloudapp.net, ports: [REPLICATION=44087, RATIS=39343, RATIS_ADMIN=39343, RATIS_SERVER=39343, STANDALONE=44019], networkLocation: /default-rack, certSerialId: null, persistedOpState: null, persistedOpStateExpiryEpochSec: 0}0f1ac1f5-5b02-4bf5-a39e-40addf081f4e{ip: 10.1.0.61, host: fv-az180-867.g3pwtgv4ffyuhaixmbmm0kyh3d.gx.internal.cloudapp.net, ports: [REPLICATION=46597, RATIS=42591, RATIS_ADMIN=42591, RATIS_SERVER=42591, STANDALONE=36445], networkLocation: /default-rack, certSerialId: null, persistedOpState: null, persistedOpStateExpiryEpochSec: 0}932d31bf-cf15-45e6-97a3-7289ed74fac5{ip: 10.1.0.61, host: fv-az180-867.g3pwtgv4ffyuhaixmbmm0kyh3d.gx.internal.cloudapp.net, ports: [REPLICATION=32977, RATIS=46727, RATIS_ADMIN=46727, RATIS_SERVER=46727, STANDALONE=42369], networkLocation: /default-rack, certSerialId: null, persistedOpState: null, persistedOpStateExpiryEpochSec: 0}, ReplicationConfig: EC/ECReplicationConfig{data=3, parity=2, ecChunkSize=1048576, codec=rs}, State:OPEN, leaderId:, CreationTimestamp2022-10-08T01:38:42.676Z[Etc/UTC]] moved to CLOSED state
2022-10-08 01:39:31,589 [EventQueue-StaleNodeForStaleNodeHandler] INFO  pipeline.PipelineManagerImpl (PipelineManagerImpl.java:closeContainersForPipeline(421)) - Container #7 closed for pipeline=PipelineID=98cc6c0a-4e50-445b-a3fa-64db71d16918
2022-10-08 01:39:31,589 [EventQueue-StaleNodeForStaleNodeHandler] INFO  pipeline.PipelineManagerImpl (PipelineManagerImpl.java:closePipeline(442)) - Pipeline Pipeline[ Id: 98cc6c0a-4e50-445b-a3fa-64db71d16918, Nodes: 6b604ca2-684c-4b87-aad0-ccae04811294{ip: 10.1.0.61, host: fv-az180-867.g3pwtgv4ffyuhaixmbmm0kyh3d.gx.internal.cloudapp.net, ports: [REPLICATION=44087, RATIS=39343, RATIS_ADMIN=39343, RATIS_SERVER=39343, STANDALONE=44019], networkLocation: /default-rack, certSerialId: null, persistedOpState: null, persistedOpStateExpiryEpochSec: 0}0f1ac1f5-5b02-4bf5-a39e-40addf081f4e{ip: 10.1.0.61, host: fv-az180-867.g3pwtgv4ffyuhaixmbmm0kyh3d.gx.internal.cloudapp.net, ports: [REPLICATION=46597, RATIS=42591, RATIS_ADMIN=42591, RATIS_SERVER=42591, STANDALONE=36445], networkLocation: /default-rack, certSerialId: null, persistedOpState: null, persistedOpStateExpiryEpochSec: 0}0f3c4d66-37ce-46af-a3a8-7219c161bdb8{ip: 10.1.0.61, host: fv-az180-867.g3pwtgv4ffyuhaixmbmm0kyh3d.gx.internal.cloudapp.net, ports: [REPLICATION=38951, RATIS=46327, RATIS_ADMIN=46327, RATIS_SERVER=46327, STANDALONE=35039], networkLocation: /default-rack, certSerialId: null, persistedOpState: null, persistedOpStateExpiryEpochSec: 0}d67d85fb-f556-421f-824a-4b9f68a177f7{ip: 10.1.0.61, host: fv-az180-867.g3pwtgv4ffyuhaixmbmm0kyh3d.gx.internal.cloudapp.net, ports: [REPLICATION=35153, RATIS=46031, RATIS_ADMIN=46031, RATIS_SERVER=46031, STANDALONE=46823], networkLocation: /default-rack, certSerialId: null, persistedOpState: null, persistedOpStateExpiryEpochSec: 0}932d31bf-cf15-45e6-97a3-7289ed74fac5{ip: 10.1.0.61, host: fv-az180-867.g3pwtgv4ffyuhaixmbmm0kyh3d.gx.internal.cloudapp.net, ports: [REPLICATION=32977, RATIS=46727, RATIS_ADMIN=46727, RATIS_SERVER=46727, STANDALONE=42369], networkLocation: /default-rack, certSerialId: null, persistedOpState: null, persistedOpStateExpiryEpochSec: 0}, ReplicationConfig: EC/ECReplicationConfig{data=3, parity=2, ecChunkSize=1048576, codec=rs}, State:OPEN, leaderId:, CreationTimestamp2022-10-08T01:38:44.148Z[Etc/UTC]] moved to CLOSED state
2022-10-08 01:39:31,589 [EventQueue-StaleNodeForStaleNodeHandler] INFO  pipeline.PipelineManagerImpl (PipelineManagerImpl.java:closeContainersForPipeline(421)) - Container #1 closed for pipeline=PipelineID=97bd003a-c475-4099-bcba-28097638d086
2022-10-08 01:39:31,590 [EventQueue-StaleNodeForStaleNodeHandler] INFO  pipeline.PipelineManagerImpl (PipelineManagerImpl.java:closeContainersForPipeline(421)) - Container #2 closed for pipeline=PipelineID=97bd003a-c475-4099-bcba-28097638d086
2022-10-08 01:39:31,590 [EventQueue-StaleNodeForStaleNodeHandler] INFO  pipeline.PipelineManagerImpl (PipelineManagerImpl.java:closeContainersForPipeline(421)) - Container #3 closed for pipeline=PipelineID=97bd003a-c475-4099-bcba-28097638d086
2022-10-08 01:39:31,590 [EventQueue-StaleNodeForStaleNodeHandler] INFO  pipeline.PipelineManagerImpl (PipelineManagerImpl.java:closePipeline(442)) - Pipeline Pipeline[ Id: 97bd003a-c475-4099-bcba-28097638d086, Nodes: 0f1ac1f5-5b02-4bf5-a39e-40addf081f4e{ip: 10.1.0.61, host: fv-az180-867.g3pwtgv4ffyuhaixmbmm0kyh3d.gx.internal.cloudapp.net, ports: [REPLICATION=46597, RATIS=42591, RATIS_ADMIN=42591, RATIS_SERVER=42591, STANDALONE=36445], networkLocation: /default-rack, certSerialId: null, persistedOpState: IN_SERVICE, persistedOpStateExpiryEpochSec: 0}932d31bf-cf15-45e6-97a3-7289ed74fac5{ip: 10.1.0.61, host: fv-az180-867.g3pwtgv4ffyuhaixmbmm0kyh3d.gx.internal.cloudapp.net, ports: [REPLICATION=32977, RATIS=46727, RATIS_ADMIN=46727, RATIS_SERVER=46727, STANDALONE=42369], networkLocation: /default-rack, certSerialId: null, persistedOpState: IN_SERVICE, persistedOpStateExpiryEpochSec: 0}6b604ca2-684c-4b87-aad0-ccae04811294{ip: 10.1.0.61, host: fv-az180-867.g3pwtgv4ffyuhaixmbmm0kyh3d.gx.internal.cloudapp.net, ports: [REPLICATION=44087, RATIS=39343, RATIS_ADMIN=39343, RATIS_SERVER=39343, STANDALONE=44019], networkLocation: /default-rack, certSerialId: null, persistedOpState: IN_SERVICE, persistedOpStateExpiryEpochSec: 0}, ReplicationConfig: RATIS/THREE, State:OPEN, leaderId:6b604ca2-684c-4b87-aad0-ccae04811294, CreationTimestamp2022-10-08T01:34:59.033Z[Etc/UTC]] moved to CLOSED state
2022-10-08 01:39:31,592 [EventQueue-StaleNodeForStaleNodeHandler] INFO  pipeline.PipelineManagerImpl (PipelineManagerImpl.java:closeContainersForPipeline(421)) - Container #5 closed for pipeline=PipelineID=67821c0a-c00f-466e-b071-168374c6a7eb
2022-10-08 01:39:31,592 [EventQueue-StaleNodeForStaleNodeHandler] INFO  pipeline.PipelineManagerImpl (PipelineManagerImpl.java:closePipeline(442)) - Pipeline Pipeline[ Id: 67821c0a-c00f-466e-b071-168374c6a7eb, Nodes: 932d31bf-cf15-45e6-97a3-7289ed74fac5{ip: 10.1.0.61, host: fv-az180-867.g3pwtgv4ffyuhaixmbmm0kyh3d.gx.internal.cloudapp.net, ports: [REPLICATION=32977, RATIS=46727, RATIS_ADMIN=46727, RATIS_SERVER=46727, STANDALONE=42369], networkLocation: /default-rack, certSerialId: null, persistedOpState: null, persistedOpStateExpiryEpochSec: 0}0f3c4d66-37ce-46af-a3a8-7219c161bdb8{ip: 10.1.0.61, host: fv-az180-867.g3pwtgv4ffyuhaixmbmm0kyh3d.gx.internal.cloudapp.net, ports: [REPLICATION=38951, RATIS=46327, RATIS_ADMIN=46327, RATIS_SERVER=46327, STANDALONE=35039], networkLocation: /default-rack, certSerialId: null, persistedOpState: null, persistedOpStateExpiryEpochSec: 0}6b604ca2-684c-4b87-aad0-ccae04811294{ip: 10.1.0.61, host: fv-az180-867.g3pwtgv4ffyuhaixmbmm0kyh3d.gx.internal.cloudapp.net, ports: [REPLICATION=44087, RATIS=39343, RATIS_ADMIN=39343, RATIS_SERVER=39343, STANDALONE=44019], networkLocation: /default-rack, certSerialId: null, persistedOpState: null, persistedOpStateExpiryEpochSec: 0}0f1ac1f5-5b02-4bf5-a39e-40addf081f4e{ip: 10.1.0.61, host: fv-az180-867.g3pwtgv4ffyuhaixmbmm0kyh3d.gx.internal.cloudapp.net, ports: [REPLICATION=46597, RATIS=42591, RATIS_ADMIN=42591, RATIS_SERVER=42591, STANDALONE=36445], networkLocation: /default-rack, certSerialId: null, persistedOpState: null, persistedOpStateExpiryEpochSec: 0}d67d85fb-f556-421f-824a-4b9f68a177f7{ip: 10.1.0.61, host: fv-az180-867.g3pwtgv4ffyuhaixmbmm0kyh3d.gx.internal.cloudapp.net, ports: [REPLICATION=35153, RATIS=46031, RATIS_ADMIN=46031, RATIS_SERVER=46031, STANDALONE=46823], networkLocation: /default-rack, certSerialId: null, persistedOpState: null, persistedOpStateExpiryEpochSec: 0}, ReplicationConfig: EC/ECReplicationConfig{data=3, parity=2, ecChunkSize=1048576, codec=rs}, State:OPEN, leaderId:, CreationTimestamp2022-10-08T01:38:41.383Z[Etc/UTC]] moved to CLOSED state
2022-10-08 01:39:31,593 [EventQueue-StaleNodeForStaleNodeHandler] INFO  pipeline.PipelineManagerImpl (PipelineManagerImpl.java:closePipeline(442)) - Pipeline Pipeline[ Id: b34614fc-b317-4bda-80e0-d410d11d8285, Nodes: 6b604ca2-684c-4b87-aad0-ccae04811294{ip: 10.1.0.61, host: fv-az180-867.g3pwtgv4ffyuhaixmbmm0kyh3d.gx.internal.cloudapp.net, ports: [REPLICATION=44087, RATIS=39343, RATIS_ADMIN=39343, RATIS_SERVER=39343, STANDALONE=44019], networkLocation: /default-rack, certSerialId: null, persistedOpState: IN_SERVICE, persistedOpStateExpiryEpochSec: 0}, ReplicationConfig: RATIS/ONE, State:OPEN, leaderId:6b604ca2-684c-4b87-aad0-ccae04811294, CreationTimestamp2022-10-08T01:34:59.032Z[Etc/UTC]] moved to CLOSED state
2022-10-08 01:39:31,593 [EventQueue-CloseContainerForCloseContainerEventHandler] INFO  container.CloseContainerEventHandler (CloseContainerEventHandler.java:onMessage(71)) - Close container Event triggered for container : #4
2022-10-08 01:39:31,593 [EventQueue-CloseContainerForCloseContainerEventHandler] INFO  container.CloseContainerEventHandler (CloseContainerEventHandler.java:onMessage(71)) - Close container Event triggered for container : #6
2022-10-08 01:39:31,593 [EventQueue-CloseContainerForCloseContainerEventHandler] INFO  container.CloseContainerEventHandler (CloseContainerEventHandler.java:onMessage(71)) - Close container Event triggered for container : #7
2022-10-08 01:39:31,593 [EventQueue-CloseContainerForCloseContainerEventHandler] INFO  container.CloseContainerEventHandler (CloseContainerEventHandler.java:onMessage(71)) - Close container Event triggered for container : #1
2022-10-08 01:39:31,594 [EventQueue-CloseContainerForCloseContainerEventHandler] INFO  container.CloseContainerEventHandler (CloseContainerEventHandler.java:onMessage(71)) - Close container Event triggered for container : #2
2022-10-08 01:39:31,594 [EventQueue-CloseContainerForCloseContainerEventHandler] INFO  container.CloseContainerEventHandler (CloseContainerEventHandler.java:onMessage(71)) - Close container Event triggered for container : #3
2022-10-08 01:39:31,594 [EventQueue-CloseContainerForCloseContainerEventHandler] INFO  container.CloseContainerEventHandler (CloseContainerEventHandler.java:onMessage(71)) - Close container Event triggered for container : #5
2022-10-08 01:39:31,776 [EventQueue-StaleNodeForStaleNodeHandler] INFO  node.StaleNodeHandler (StaleNodeHandler.java:onMessage(59)) - Datanode 932d31bf-cf15-45e6-97a3-7289ed74fac5{ip: 10.1.0.61, host: fv-az180-867.g3pwtgv4ffyuhaixmbmm0kyh3d.gx.internal.cloudapp.net, ports: [REPLICATION=32977, RATIS=46727, RATIS_ADMIN=46727, RATIS_SERVER=46727, STANDALONE=42369], networkLocation: /default-rack, certSerialId: null, persistedOpState: IN_SERVICE, persistedOpStateExpiryEpochSec: 0} moved to stale state. Finalizing its pipelines [PipelineID=0d24b35f-2b11-40c4-8eb0-61e7dafc4500, PipelineID=d606262e-d7d2-44be-a067-6bb09d10e9a6, PipelineID=98cc6c0a-4e50-445b-a3fa-64db71d16918, PipelineID=3f6bc06e-e154-49bf-b3f2-08814df4f4af, PipelineID=97bd003a-c475-4099-bcba-28097638d086, PipelineID=67821c0a-c00f-466e-b071-168374c6a7eb]
2022-10-08 01:39:31,776 [EventQueue-StaleNodeForStaleNodeHandler] INFO  pipeline.PipelineManagerImpl (PipelineManagerImpl.java:closePipeline(442)) - Pipeline Pipeline[ Id: 3f6bc06e-e154-49bf-b3f2-08814df4f4af, Nodes: 932d31bf-cf15-45e6-97a3-7289ed74fac5{ip: 10.1.0.61, host: fv-az180-867.g3pwtgv4ffyuhaixmbmm0kyh3d.gx.internal.cloudapp.net, ports: [REPLICATION=32977, RATIS=46727, RATIS_ADMIN=46727, RATIS_SERVER=46727, STANDALONE=42369], networkLocation: /default-rack, certSerialId: null, persistedOpState: IN_SERVICE, persistedOpStateExpiryEpochSec: 0}, ReplicationConfig: RATIS/ONE, State:OPEN, leaderId:932d31bf-cf15-45e6-97a3-7289ed74fac5, CreationTimestamp2022-10-08T01:34:57.348Z[Etc/UTC]] moved to CLOSED state
2022-10-08 01:39:32,479 [ReplicationMonitor] INFO  replication.LegacyReplicationManager (LegacyReplicationManager.java:sendCloseCommand(1512)) - Sending close container command for container #1 to datanode 6b604ca2-684c-4b87-aad0-ccae04811294{ip: 10.1.0.61, host: fv-az180-867.g3pwtgv4ffyuhaixmbmm0kyh3d.gx.internal.cloudapp.net, ports: [REPLICATION=44087, RATIS=39343, RATIS_ADMIN=39343, RATIS_SERVER=39343, STANDALONE=44019], networkLocation: /default-rack, certSerialId: null, persistedOpState: IN_SERVICE, persistedOpStateExpiryEpochSec: 0}.
2022-10-08 01:39:32,479 [ReplicationMonitor] INFO  replication.LegacyReplicationManager (LegacyReplicationManager.java:sendCloseCommand(1512)) - Sending close container command for container #1 to datanode 0f1ac1f5-5b02-4bf5-a39e-40addf081f4e{ip: 10.1.0.61, host: fv-az180-867.g3pwtgv4ffyuhaixmbmm0kyh3d.gx.internal.cloudapp.net, ports: [REPLICATION=46597, RATIS=42591, RATIS_ADMIN=42591, RATIS_SERVER=42591, STANDALONE=36445], networkLocation: /default-rack, certSerialId: null, persistedOpState: IN_SERVICE, persistedOpStateExpiryEpochSec: 0}.
2022-10-08 01:39:32,479 [ReplicationMonitor] INFO  replication.LegacyReplicationManager (LegacyReplicationManager.java:sendCloseCommand(1512)) - Sending close container command for container #1 to datanode 932d31bf-cf15-45e6-97a3-7289ed74fac5{ip: 10.1.0.61, host: fv-az180-867.g3pwtgv4ffyuhaixmbmm0kyh3d.gx.internal.cloudapp.net, ports: [REPLICATION=32977, RATIS=46727, RATIS_ADMIN=46727, RATIS_SERVER=46727, STANDALONE=42369], networkLocation: /default-rack, certSerialId: null, persistedOpState: IN_SERVICE, persistedOpStateExpiryEpochSec: 0}.
2022-10-08 01:39:32,479 [ReplicationMonitor] INFO  replication.LegacyReplicationManager (LegacyReplicationManager.java:sendCloseCommand(1512)) - Sending close container command for container #2 to datanode 6b604ca2-684c-4b87-aad0-ccae04811294{ip: 10.1.0.61, host: fv-az180-867.g3pwtgv4ffyuhaixmbmm0kyh3d.gx.internal.cloudapp.net, ports: [REPLICATION=44087, RATIS=39343, RATIS_ADMIN=39343, RATIS_SERVER=39343, STANDALONE=44019], networkLocation: /default-rack, certSerialId: null, persistedOpState: IN_SERVICE, persistedOpStateExpiryEpochSec: 0}.
2022-10-08 01:39:32,479 [ReplicationMonitor] INFO  replication.LegacyReplicationManager (LegacyReplicationManager.java:sendCloseCommand(1512)) - Sending close container command for container #2 to datanode 0f1ac1f5-5b02-4bf5-a39e-40addf081f4e{ip: 10.1.0.61, host: fv-az180-867.g3pwtgv4ffyuhaixmbmm0kyh3d.gx.internal.cloudapp.net, ports: [REPLICATION=46597, RATIS=42591, RATIS_ADMIN=42591, RATIS_SERVER=42591, STANDALONE=36445], networkLocation: /default-rack, certSerialId: null, persistedOpState: IN_SERVICE, persistedOpStateExpiryEpochSec: 0}.
2022-10-08 01:39:32,479 [ReplicationMonitor] INFO  replication.LegacyReplicationManager (LegacyReplicationManager.java:sendCloseCommand(1512)) - Sending close container command for container #2 to datanode 932d31bf-cf15-45e6-97a3-7289ed74fac5{ip: 10.1.0.61, host: fv-az180-867.g3pwtgv4ffyuhaixmbmm0kyh3d.gx.internal.cloudapp.net, ports: [REPLICATION=32977, RATIS=46727, RATIS_ADMIN=46727, RATIS_SERVER=46727, STANDALONE=42369], networkLocation: /default-rack, certSerialId: null, persistedOpState: IN_SERVICE, persistedOpStateExpiryEpochSec: 0}.
2022-10-08 01:39:32,479 [ReplicationMonitor] INFO  replication.LegacyReplicationManager (LegacyReplicationManager.java:sendCloseCommand(1512)) - Sending close container command for container #3 to datanode 6b604ca2-684c-4b87-aad0-ccae04811294{ip: 10.1.0.61, host: fv-az180-867.g3pwtgv4ffyuhaixmbmm0kyh3d.gx.internal.cloudapp.net, ports: [REPLICATION=44087, RATIS=39343, RATIS_ADMIN=39343, RATIS_SERVER=39343, STANDALONE=44019], networkLocation: /default-rack, certSerialId: null, persistedOpState: IN_SERVICE, persistedOpStateExpiryEpochSec: 0}.
2022-10-08 01:39:32,479 [ReplicationMonitor] INFO  replication.LegacyReplicationManager (LegacyReplicationManager.java:sendCloseCommand(1512)) - Sending close container command for container #3 to datanode 0f1ac1f5-5b02-4bf5-a39e-40addf081f4e{ip: 10.1.0.61, host: fv-az180-867.g3pwtgv4ffyuhaixmbmm0kyh3d.gx.internal.cloudapp.net, ports: [REPLICATION=46597, RATIS=42591, RATIS_ADMIN=42591, RATIS_SERVER=42591, STANDALONE=36445], networkLocation: /default-rack, certSerialId: null, persistedOpState: IN_SERVICE, persistedOpStateExpiryEpochSec: 0}.
2022-10-08 01:39:32,480 [ReplicationMonitor] INFO  replication.LegacyReplicationManager (LegacyReplicationManager.java:sendCloseCommand(1512)) - Sending close container command for container #3 to datanode 932d31bf-cf15-45e6-97a3-7289ed74fac5{ip: 10.1.0.61, host: fv-az180-867.g3pwtgv4ffyuhaixmbmm0kyh3d.gx.internal.cloudapp.net, ports: [REPLICATION=32977, RATIS=46727, RATIS_ADMIN=46727, RATIS_SERVER=46727, STANDALONE=42369], networkLocation: /default-rack, certSerialId: null, persistedOpState: IN_SERVICE, persistedOpStateExpiryEpochSec: 0}.
2022-10-08 01:39:32,480 [ReplicationMonitor] INFO  replication.ReplicationManager (ReplicationManager.java:sendCloseContainerReplicaCommand(467)) - Sending close container command for container #4 to datanode 0f1ac1f5-5b02-4bf5-a39e-40addf081f4e{ip: 10.1.0.61, host: fv-az180-867.g3pwtgv4ffyuhaixmbmm0kyh3d.gx.internal.cloudapp.net, ports: [REPLICATION=46597, RATIS=42591, RATIS_ADMIN=42591, RATIS_SERVER=42591, STANDALONE=36445], networkLocation: /default-rack, certSerialId: null, persistedOpState: IN_SERVICE, persistedOpStateExpiryEpochSec: 0}.
2022-10-08 01:39:32,480 [ReplicationMonitor] INFO  replication.ReplicationManager (ReplicationManager.java:sendCloseContainerReplicaCommand(467)) - Sending close container command for container #4 to datanode 6b604ca2-684c-4b87-aad0-ccae04811294{ip: 10.1.0.61, host: fv-az180-867.g3pwtgv4ffyuhaixmbmm0kyh3d.gx.internal.cloudapp.net, ports: [REPLICATION=44087, RATIS=39343, RATIS_ADMIN=39343, RATIS_SERVER=39343, STANDALONE=44019], networkLocation: /default-rack, certSerialId: null, persistedOpState: IN_SERVICE, persistedOpStateExpiryEpochSec: 0}.
2022-10-08 01:39:32,480 [ReplicationMonitor] INFO  replication.ReplicationManager (ReplicationManager.java:sendCloseContainerReplicaCommand(467)) - Sending close container command for container #4 to datanode 932d31bf-cf15-45e6-97a3-7289ed74fac5{ip: 10.1.0.61, host: fv-az180-867.g3pwtgv4ffyuhaixmbmm0kyh3d.gx.internal.cloudapp.net, ports: [REPLICATION=32977, RATIS=46727, RATIS_ADMIN=46727, RATIS_SERVER=46727, STANDALONE=42369], networkLocation: /default-rack, certSerialId: null, persistedOpState: IN_SERVICE, persistedOpStateExpiryEpochSec: 0}.
2022-10-08 01:39:32,480 [ReplicationMonitor] INFO  replication.ReplicationManager (ReplicationManager.java:sendCloseContainerReplicaCommand(467)) - Sending close container command for container #4 to datanode d67d85fb-f556-421f-824a-4b9f68a177f7{ip: 10.1.0.61, host: fv-az180-867.g3pwtgv4ffyuhaixmbmm0kyh3d.gx.internal.cloudapp.net, ports: [REPLICATION=35153, RATIS=46031, RATIS_ADMIN=46031, RATIS_SERVER=46031, STANDALONE=46823], networkLocation: /default-rack, certSerialId: null, persistedOpState: IN_SERVICE, persistedOpStateExpiryEpochSec: 0}.
2022-10-08 01:39:32,480 [ReplicationMonitor] INFO  replication.ReplicationManager (ReplicationManager.java:sendCloseContainerReplicaCommand(467)) - Sending close container command for container #4 to datanode 0f3c4d66-37ce-46af-a3a8-7219c161bdb8{ip: 10.1.0.61, host: fv-az180-867.g3pwtgv4ffyuhaixmbmm0kyh3d.gx.internal.cloudapp.net, ports: [REPLICATION=38951, RATIS=46327, RATIS_ADMIN=46327, RATIS_SERVER=46327, STANDALONE=35039], networkLocation: /default-rack, certSerialId: null, persistedOpState: IN_SERVICE, persistedOpStateExpiryEpochSec: 0}.
2022-10-08 01:39:32,480 [ReplicationMonitor] INFO  replication.ReplicationManager (ReplicationManager.java:sendCloseContainerReplicaCommand(467)) - Sending close container command for container #5 to datanode 0f3c4d66-37ce-46af-a3a8-7219c161bdb8{ip: 10.1.0.61, host: fv-az180-867.g3pwtgv4ffyuhaixmbmm0kyh3d.gx.internal.cloudapp.net, ports: [REPLICATION=38951, RATIS=46327, RATIS_ADMIN=46327, RATIS_SERVER=46327, STANDALONE=35039], networkLocation: /default-rack, certSerialId: null, persistedOpState: IN_SERVICE, persistedOpStateExpiryEpochSec: 0}.
2022-10-08 01:39:32,480 [ReplicationMonitor] INFO  replication.ReplicationManager (ReplicationManager.java:sendCloseContainerReplicaCommand(467)) - Sending close container command for container #5 to datanode d67d85fb-f556-421f-824a-4b9f68a177f7{ip: 10.1.0.61, host: fv-az180-867.g3pwtgv4ffyuhaixmbmm0kyh3d.gx.internal.cloudapp.net, ports: [REPLICATION=35153, RATIS=46031, RATIS_ADMIN=46031, RATIS_SERVER=46031, STANDALONE=46823], networkLocation: /default-rack, certSerialId: null, persistedOpState: IN_SERVICE, persistedOpStateExpiryEpochSec: 0}.
2022-10-08 01:39:32,480 [ReplicationMonitor] INFO  replication.ReplicationManager (ReplicationManager.java:sendCloseContainerReplicaCommand(467)) - Sending close container command for container #5 to datanode 0f1ac1f5-5b02-4bf5-a39e-40addf081f4e{ip: 10.1.0.61, host: fv-az180-867.g3pwtgv4ffyuhaixmbmm0kyh3d.gx.internal.cloudapp.net, ports: [REPLICATION=46597, RATIS=42591, RATIS_ADMIN=42591, RATIS_SERVER=42591, STANDALONE=36445], networkLocation: /default-rack, certSerialId: null, persistedOpState: IN_SERVICE, persistedOpStateExpiryEpochSec: 0}.
2022-10-08 01:39:32,480 [ReplicationMonitor] INFO  replication.ReplicationManager (ReplicationManager.java:sendCloseContainerReplicaCommand(467)) - Sending close container command for container #5 to datanode 932d31bf-cf15-45e6-97a3-7289ed74fac5{ip: 10.1.0.61, host: fv-az180-867.g3pwtgv4ffyuhaixmbmm0kyh3d.gx.internal.cloudapp.net, ports: [REPLICATION=32977, RATIS=46727, RATIS_ADMIN=46727, RATIS_SERVER=46727, STANDALONE=42369], networkLocation: /default-rack, certSerialId: null, persistedOpState: IN_SERVICE, persistedOpStateExpiryEpochSec: 0}.
2022-10-08 01:39:32,480 [ReplicationMonitor] INFO  replication.ReplicationManager (ReplicationManager.java:sendCloseContainerReplicaCommand(467)) - Sending close container command for container #5 to datanode 6b604ca2-684c-4b87-aad0-ccae04811294{ip: 10.1.0.61, host: fv-az180-867.g3pwtgv4ffyuhaixmbmm0kyh3d.gx.internal.cloudapp.net, ports: [REPLICATION=44087, RATIS=39343, RATIS_ADMIN=39343, RATIS_SERVER=39343, STANDALONE=44019], networkLocation: /default-rack, certSerialId: null, persistedOpState: IN_SERVICE, persistedOpStateExpiryEpochSec: 0}.
2022-10-08 01:39:32,480 [ReplicationMonitor] INFO  replication.ReplicationManager (ReplicationManager.java:sendCloseContainerReplicaCommand(467)) - Sending close container command for container #6 to datanode 932d31bf-cf15-45e6-97a3-7289ed74fac5{ip: 10.1.0.61, host: fv-az180-867.g3pwtgv4ffyuhaixmbmm0kyh3d.gx.internal.cloudapp.net, ports: [REPLICATION=32977, RATIS=46727, RATIS_ADMIN=46727, RATIS_SERVER=46727, STANDALONE=42369], networkLocation: /default-rack, certSerialId: null, persistedOpState: IN_SERVICE, persistedOpStateExpiryEpochSec: 0}.
2022-10-08 01:39:32,480 [ReplicationMonitor] INFO  replication.ReplicationManager (ReplicationManager.java:sendCloseContainerReplicaCommand(467)) - Sending close container command for container #6 to datanode 6b604ca2-684c-4b87-aad0-ccae04811294{ip: 10.1.0.61, host: fv-az180-867.g3pwtgv4ffyuhaixmbmm0kyh3d.gx.internal.cloudapp.net, ports: [REPLICATION=44087, RATIS=39343, RATIS_ADMIN=39343, RATIS_SERVER=39343, STANDALONE=44019], networkLocation: /default-rack, certSerialId: null, persistedOpState: IN_SERVICE, persistedOpStateExpiryEpochSec: 0}.
2022-10-08 01:39:32,480 [ReplicationMonitor] INFO  replication.ReplicationManager (ReplicationManager.java:sendCloseContainerReplicaCommand(467)) - Sending close container command for container #6 to datanode 0f3c4d66-37ce-46af-a3a8-7219c161bdb8{ip: 10.1.0.61, host: fv-az180-867.g3pwtgv4ffyuhaixmbmm0kyh3d.gx.internal.cloudapp.net, ports: [REPLICATION=38951, RATIS=46327, RATIS_ADMIN=46327, RATIS_SERVER=46327, STANDALONE=35039], networkLocation: /default-rack, certSerialId: null, persistedOpState: IN_SERVICE, persistedOpStateExpiryEpochSec: 0}.
2022-10-08 01:39:32,480 [ReplicationMonitor] INFO  replication.ReplicationManager (ReplicationManager.java:sendCloseContainerReplicaCommand(467)) - Sending close container command for container #6 to datanode d67d85fb-f556-421f-824a-4b9f68a177f7{ip: 10.1.0.61, host: fv-az180-867.g3pwtgv4ffyuhaixmbmm0kyh3d.gx.internal.cloudapp.net, ports: [REPLICATION=35153, RATIS=46031, RATIS_ADMIN=46031, RATIS_SERVER=46031, STANDALONE=46823], networkLocation: /default-rack, certSerialId: null, persistedOpState: IN_SERVICE, persistedOpStateExpiryEpochSec: 0}.
2022-10-08 01:39:32,480 [ReplicationMonitor] INFO  replication.ReplicationManager (ReplicationManager.java:sendCloseContainerReplicaCommand(467)) - Sending close container command for container #6 to datanode 0f1ac1f5-5b02-4bf5-a39e-40addf081f4e{ip: 10.1.0.61, host: fv-az180-867.g3pwtgv4ffyuhaixmbmm0kyh3d.gx.internal.cloudapp.net, ports: [REPLICATION=46597, RATIS=42591, RATIS_ADMIN=42591, RATIS_SERVER=42591, STANDALONE=36445], networkLocation: /default-rack, certSerialId: null, persistedOpState: IN_SERVICE, persistedOpStateExpiryEpochSec: 0}.
2022-10-08 01:39:32,480 [ReplicationMonitor] INFO  replication.ReplicationManager (ReplicationManager.java:sendCloseContainerReplicaCommand(467)) - Sending close container command for container #7 to datanode 0f1ac1f5-5b02-4bf5-a39e-40addf081f4e{ip: 10.1.0.61, host: fv-az180-867.g3pwtgv4ffyuhaixmbmm0kyh3d.gx.internal.cloudapp.net, ports: [REPLICATION=46597, RATIS=42591, RATIS_ADMIN=42591, RATIS_SERVER=42591, STANDALONE=36445], networkLocation: /default-rack, certSerialId: null, persistedOpState: IN_SERVICE, persistedOpStateExpiryEpochSec: 0}.
2022-10-08 01:39:32,480 [ReplicationMonitor] INFO  replication.ReplicationManager (ReplicationManager.java:sendCloseContainerReplicaCommand(467)) - Sending close container command for container #7 to datanode 0f3c4d66-37ce-46af-a3a8-7219c161bdb8{ip: 10.1.0.61, host: fv-az180-867.g3pwtgv4ffyuhaixmbmm0kyh3d.gx.internal.cloudapp.net, ports: [REPLICATION=38951, RATIS=46327, RATIS_ADMIN=46327, RATIS_SERVER=46327, STANDALONE=35039], networkLocation: /default-rack, certSerialId: null, persistedOpState: IN_SERVICE, persistedOpStateExpiryEpochSec: 0}.
2022-10-08 01:39:32,481 [ReplicationMonitor] INFO  replication.ReplicationManager (ReplicationManager.java:sendCloseContainerReplicaCommand(467)) - Sending close container command for container #7 to datanode 932d31bf-cf15-45e6-97a3-7289ed74fac5{ip: 10.1.0.61, host: fv-az180-867.g3pwtgv4ffyuhaixmbmm0kyh3d.gx.internal.cloudapp.net, ports: [REPLICATION=32977, RATIS=46727, RATIS_ADMIN=46727, RATIS_SERVER=46727, STANDALONE=42369], networkLocation: /default-rack, certSerialId: null, persistedOpState: IN_SERVICE, persistedOpStateExpiryEpochSec: 0}.
2022-10-08 01:39:32,481 [ReplicationMonitor] INFO  replication.ReplicationManager (ReplicationManager.java:sendCloseContainerReplicaCommand(467)) - Sending close container command for container #7 to datanode 6b604ca2-684c-4b87-aad0-ccae04811294{ip: 10.1.0.61, host: fv-az180-867.g3pwtgv4ffyuhaixmbmm0kyh3d.gx.internal.cloudapp.net, ports: [REPLICATION=44087, RATIS=39343, RATIS_ADMIN=39343, RATIS_SERVER=39343, STANDALONE=44019], networkLocation: /default-rack, certSerialId: null, persistedOpState: IN_SERVICE, persistedOpStateExpiryEpochSec: 0}.
2022-10-08 01:39:32,481 [ReplicationMonitor] INFO  replication.ReplicationManager (ReplicationManager.java:sendCloseContainerReplicaCommand(467)) - Sending close container command for container #7 to datanode d67d85fb-f556-421f-824a-4b9f68a177f7{ip: 10.1.0.61, host: fv-az180-867.g3pwtgv4ffyuhaixmbmm0kyh3d.gx.internal.cloudapp.net, ports: [REPLICATION=35153, RATIS=46031, RATIS_ADMIN=46031, RATIS_SERVER=46031, STANDALONE=46823], networkLocation: /default-rack, certSerialId: null, persistedOpState: IN_SERVICE, persistedOpStateExpiryEpochSec: 0}.
2022-10-08 01:39:32,481 [ReplicationMonitor] INFO  replication.ReplicationManager (ReplicationManager.java:processAll(324)) - Replication Monitor Thread took 2 milliseconds for processing 7 containers.
2022-10-08 01:39:33,484 [ReplicationMonitor] INFO  replication.LegacyReplicationManager (LegacyReplicationManager.java:sendCloseCommand(1512)) - Sending close container command for container #1 to datanode 6b604ca2-684c-4b87-aad0-ccae04811294{ip: 10.1.0.61, host: fv-az180-867.g3pwtgv4ffyuhaixmbmm0kyh3d.gx.internal.cloudapp.net, ports: [REPLICATION=44087, RATIS=39343, RATIS_ADMIN=39343, RATIS_SERVER=39343, STANDALONE=44019], networkLocation: /default-rack, certSerialId: null, persistedOpState: IN_SERVICE, persistedOpStateExpiryEpochSec: 0}.
2022-10-08 01:39:33,484 [ReplicationMonitor] INFO  replication.LegacyReplicationManager (LegacyReplicationManager.java:sendCloseCommand(1512)) - Sending close container command for container #1 to datanode 0f1ac1f5-5b02-4bf5-a39e-40addf081f4e{ip: 10.1.0.61, host: fv-az180-867.g3pwtgv4ffyuhaixmbmm0kyh3d.gx.internal.cloudapp.net, ports: [REPLICATION=46597, RATIS=42591, RATIS_ADMIN=42591, RATIS_SERVER=42591, STANDALONE=36445], networkLocation: /default-rack, certSerialId: null, persistedOpState: IN_SERVICE, persistedOpStateExpiryEpochSec: 0}.
2022-10-08 01:39:33,484 [ReplicationMonitor] INFO  replication.LegacyReplicationManager (LegacyReplicationManager.java:sendCloseCommand(1512)) - Sending close container command for container #1 to datanode 932d31bf-cf15-45e6-97a3-7289ed74fac5{ip: 10.1.0.61, host: fv-az180-867.g3pwtgv4ffyuhaixmbmm0kyh3d.gx.internal.cloudapp.net, ports: [REPLICATION=32977, RATIS=46727, RATIS_ADMIN=46727, RATIS_SERVER=46727, STANDALONE=42369], networkLocation: /default-rack, certSerialId: null, persistedOpState: IN_SERVICE, persistedOpStateExpiryEpochSec: 0}.
2022-10-08 01:39:33,484 [ReplicationMonitor] INFO  replication.LegacyReplicationManager (LegacyReplicationManager.java:sendCloseCommand(1512)) - Sending close container command for container #2 to datanode 6b604ca2-684c-4b87-aad0-ccae04811294{ip: 10.1.0.61, host: fv-az180-867.g3pwtgv4ffyuhaixmbmm0kyh3d.gx.internal.cloudapp.net, ports: [REPLICATION=44087, RATIS=39343, RATIS_ADMIN=39343, RATIS_SERVER=39343, STANDALONE=44019], networkLocation: /default-rack, certSerialId: null, persistedOpState: IN_SERVICE, persistedOpStateExpiryEpochSec: 0}.
2022-10-08 01:39:33,484 [ReplicationMonitor] INFO  replication.LegacyReplicationManager (LegacyReplicationManager.java:sendCloseCommand(1512)) - Sending close container command for container #2 to datanode 0f1ac1f5-5b02-4bf5-a39e-40addf081f4e{ip: 10.1.0.61, host: fv-az180-867.g3pwtgv4ffyuhaixmbmm0kyh3d.gx.internal.cloudapp.net, ports: [REPLICATION=46597, RATIS=42591, RATIS_ADMIN=42591, RATIS_SERVER=42591, STANDALONE=36445], networkLocation: /default-rack, certSerialId: null, persistedOpState: IN_SERVICE, persistedOpStateExpiryEpochSec: 0}.
2022-10-08 01:39:33,484 [ReplicationMonitor] INFO  replication.LegacyReplicationManager (LegacyReplicationManager.java:sendCloseCommand(1512)) - Sending close container command for container #2 to datanode 932d31bf-cf15-45e6-97a3-7289ed74fac5{ip: 10.1.0.61, host: fv-az180-867.g3pwtgv4ffyuhaixmbmm0kyh3d.gx.internal.cloudapp.net, ports: [REPLICATION=32977, RATIS=46727, RATIS_ADMIN=46727, RATIS_SERVER=46727, STANDALONE=42369], networkLocation: /default-rack, certSerialId: null, persistedOpState: IN_SERVICE, persistedOpStateExpiryEpochSec: 0}.
2022-10-08 01:39:33,484 [ReplicationMonitor] INFO  replication.LegacyReplicationManager (LegacyReplicationManager.java:sendCloseCommand(1512)) - Sending close container command for container #3 to datanode 6b604ca2-684c-4b87-aad0-ccae04811294{ip: 10.1.0.61, host: fv-az180-867.g3pwtgv4ffyuhaixmbmm0kyh3d.gx.internal.cloudapp.net, ports: [REPLICATION=44087, RATIS=39343, RATIS_ADMIN=39343, RATIS_SERVER=39343, STANDALONE=44019], networkLocation: /default-rack, certSerialId: null, persistedOpState: IN_SERVICE, persistedOpStateExpiryEpochSec: 0}.
2022-10-08 01:39:33,484 [ReplicationMonitor] INFO  replication.LegacyReplicationManager (LegacyReplicationManager.java:sendCloseCommand(1512)) - Sending close container command for container #3 to datanode 0f1ac1f5-5b02-4bf5-a39e-40addf081f4e{ip: 10.1.0.61, host: fv-az180-867.g3pwtgv4ffyuhaixmbmm0kyh3d.gx.internal.cloudapp.net, ports: [REPLICATION=46597, RATIS=42591, RATIS_ADMIN=42591, RATIS_SERVER=42591, STANDALONE=36445], networkLocation: /default-rack, certSerialId: null, persistedOpState: IN_SERVICE, persistedOpStateExpiryEpochSec: 0}.
2022-10-08 01:39:33,484 [ReplicationMonitor] INFO  replication.LegacyReplicationManager (LegacyReplicationManager.java:sendCloseCommand(1512)) - Sending close container command for container #3 to datanode 932d31bf-cf15-45e6-97a3-7289ed74fac5{ip: 10.1.0.61, host: fv-az180-867.g3pwtgv4ffyuhaixmbmm0kyh3d.gx.internal.cloudapp.net, ports: [REPLICATION=32977, RATIS=46727, RATIS_ADMIN=46727, RATIS_SERVER=46727, STANDALONE=42369], networkLocation: /default-rack, certSerialId: null, persistedOpState: IN_SERVICE, persistedOpStateExpiryEpochSec: 0}.
2022-10-08 01:39:33,485 [ReplicationMonitor] INFO  replication.ReplicationManager (ReplicationManager.java:sendCloseContainerReplicaCommand(467)) - Sending close container command for container #4 to datanode 0f1ac1f5-5b02-4bf5-a39e-40addf081f4e{ip: 10.1.0.61, host: fv-az180-867.g3pwtgv4ffyuhaixmbmm0kyh3d.gx.internal.cloudapp.net, ports: [REPLICATION=46597, RATIS=42591, RATIS_ADMIN=42591, RATIS_SERVER=42591, STANDALONE=36445], networkLocation: /default-rack, certSerialId: null, persistedOpState: IN_SERVICE, persistedOpStateExpiryEpochSec: 0}.
2022-10-08 01:39:33,485 [ReplicationMonitor] INFO  replication.ReplicationManager (ReplicationManager.java:sendCloseContainerReplicaCommand(467)) - Sending close container command for container #4 to datanode 6b604ca2-684c-4b87-aad0-ccae04811294{ip: 10.1.0.61, host: fv-az180-867.g3pwtgv4ffyuhaixmbmm0kyh3d.gx.internal.cloudapp.net, ports: [REPLICATION=44087, RATIS=39343, RATIS_ADMIN=39343, RATIS_SERVER=39343, STANDALONE=44019], networkLocation: /default-rack, certSerialId: null, persistedOpState: IN_SERVICE, persistedOpStateExpiryEpochSec: 0}.
2022-10-08 01:39:33,485 [ReplicationMonitor] INFO  replication.ReplicationManager (ReplicationManager.java:sendCloseContainerReplicaCommand(467)) - Sending close container command for container #4 to datanode 932d31bf-cf15-45e6-97a3-7289ed74fac5{ip: 10.1.0.61, host: fv-az180-867.g3pwtgv4ffyuhaixmbmm0kyh3d.gx.internal.cloudapp.net, ports: [REPLICATION=32977, RATIS=46727, RATIS_ADMIN=46727, RATIS_SERVER=46727, STANDALONE=42369], networkLocation: /default-rack, certSerialId: null, persistedOpState: IN_SERVICE, persistedOpStateExpiryEpochSec: 0}.
2022-10-08 01:39:33,485 [ReplicationMonitor] INFO  replication.ReplicationManager (ReplicationManager.java:sendCloseContainerReplicaCommand(467)) - Sending close container command for container #4 to datanode d67d85fb-f556-421f-824a-4b9f68a177f7{ip: 10.1.0.61, host: fv-az180-867.g3pwtgv4ffyuhaixmbmm0kyh3d.gx.internal.cloudapp.net, ports: [REPLICATION=35153, RATIS=46031, RATIS_ADMIN=46031, RATIS_SERVER=46031, STANDALONE=46823], networkLocation: /default-rack, certSerialId: null, persistedOpState: IN_SERVICE, persistedOpStateExpiryEpochSec: 0}.
2022-10-08 01:39:33,485 [ReplicationMonitor] INFO  replication.ReplicationManager (ReplicationManager.java:sendCloseContainerReplicaCommand(467)) - Sending close container command for container #4 to datanode 0f3c4d66-37ce-46af-a3a8-7219c161bdb8{ip: 10.1.0.61, host: fv-az180-867.g3pwtgv4ffyuhaixmbmm0kyh3d.gx.internal.cloudapp.net, ports: [REPLICATION=38951, RATIS=46327, RATIS_ADMIN=46327, RATIS_SERVER=46327, STANDALONE=35039], networkLocation: /default-rack, certSerialId: null, persistedOpState: IN_SERVICE, persistedOpStateExpiryEpochSec: 0}.
2022-10-08 01:39:33,485 [ReplicationMonitor] INFO  replication.ReplicationManager (ReplicationManager.java:sendCloseContainerReplicaCommand(467)) - Sending close container command for container #5 to datanode 0f3c4d66-37ce-46af-a3a8-7219c161bdb8{ip: 10.1.0.61, host: fv-az180-867.g3pwtgv4ffyuhaixmbmm0kyh3d.gx.internal.cloudapp.net, ports: [REPLICATION=38951, RATIS=46327, RATIS_ADMIN=46327, RATIS_SERVER=46327, STANDALONE=35039], networkLocation: /default-rack, certSerialId: null, persistedOpState: IN_SERVICE, persistedOpStateExpiryEpochSec: 0}.
2022-10-08 01:39:33,485 [ReplicationMonitor] INFO  replication.ReplicationManager (ReplicationManager.java:sendCloseContainerReplicaCommand(467)) - Sending close container command for container #5 to datanode d67d85fb-f556-421f-824a-4b9f68a177f7{ip: 10.1.0.61, host: fv-az180-867.g3pwtgv4ffyuhaixmbmm0kyh3d.gx.internal.cloudapp.net, ports: [REPLICATION=35153, RATIS=46031, RATIS_ADMIN=46031, RATIS_SERVER=46031, STANDALONE=46823], networkLocation: /default-rack, certSerialId: null, persistedOpState: IN_SERVICE, persistedOpStateExpiryEpochSec: 0}.
2022-10-08 01:39:33,485 [ReplicationMonitor] INFO  replication.ReplicationManager (ReplicationManager.java:sendCloseContainerReplicaCommand(467)) - Sending close container command for container #5 to datanode 0f1ac1f5-5b02-4bf5-a39e-40addf081f4e{ip: 10.1.0.61, host: fv-az180-867.g3pwtgv4ffyuhaixmbmm0kyh3d.gx.internal.cloudapp.net, ports: [REPLICATION=46597, RATIS=42591, RATIS_ADMIN=42591, RATIS_SERVER=42591, STANDALONE=36445], networkLocation: /default-rack, certSerialId: null, persistedOpState: IN_SERVICE, persistedOpStateExpiryEpochSec: 0}.
2022-10-08 01:39:33,485 [ReplicationMonitor] INFO  replication.ReplicationManager (ReplicationManager.java:sendCloseContainerReplicaCommand(467)) - Sending close container command for container #5 to datanode 932d31bf-cf15-45e6-97a3-7289ed74fac5{ip: 10.1.0.61, host: fv-az180-867.g3pwtgv4ffyuhaixmbmm0kyh3d.gx.internal.cloudapp.net, ports: [REPLICATION=32977, RATIS=46727, RATIS_ADMIN=46727, RATIS_SERVER=46727, STANDALONE=42369], networkLocation: /default-rack, certSerialId: null, persistedOpState: IN_SERVICE, persistedOpStateExpiryEpochSec: 0}.
2022-10-08 01:39:33,485 [ReplicationMonitor] INFO  replication.ReplicationManager (ReplicationManager.java:sendCloseContainerReplicaCommand(467)) - Sending close container command for container #5 to datanode 6b604ca2-684c-4b87-aad0-ccae04811294{ip: 10.1.0.61, host: fv-az180-867.g3pwtgv4ffyuhaixmbmm0kyh3d.gx.internal.cloudapp.net, ports: [REPLICATION=44087, RATIS=39343, RATIS_ADMIN=39343, RATIS_SERVER=39343, STANDALONE=44019], networkLocation: /default-rack, certSerialId: null, persistedOpState: IN_SERVICE, persistedOpStateExpiryEpochSec: 0}.
2022-10-08 01:39:33,485 [ReplicationMonitor] INFO  replication.ReplicationManager (ReplicationManager.java:sendCloseContainerReplicaCommand(467)) - Sending close container command for container #6 to datanode 932d31bf-cf15-45e6-97a3-7289ed74fac5{ip: 10.1.0.61, host: fv-az180-867.g3pwtgv4ffyuhaixmbmm0kyh3d.gx.internal.cloudapp.net, ports: [REPLICATION=32977, RATIS=46727, RATIS_ADMIN=46727, RATIS_SERVER=46727, STANDALONE=42369], networkLocation: /default-rack, certSerialId: null, persistedOpState: IN_SERVICE, persistedOpStateExpiryEpochSec: 0}.
2022-10-08 01:39:33,485 [ReplicationMonitor] INFO  replication.ReplicationManager (ReplicationManager.java:sendCloseContainerReplicaCommand(467)) - Sending close container command for container #6 to datanode 6b604ca2-684c-4b87-aad0-ccae04811294{ip: 10.1.0.61, host: fv-az180-867.g3pwtgv4ffyuhaixmbmm0kyh3d.gx.internal.cloudapp.net, ports: [REPLICATION=44087, RATIS=39343, RATIS_ADMIN=39343, RATIS_SERVER=39343, STANDALONE=44019], networkLocation: /default-rack, certSerialId: null, persistedOpState: IN_SERVICE, persistedOpStateExpiryEpochSec: 0}.
2022-10-08 01:39:33,485 [ReplicationMonitor] INFO  replication.ReplicationManager (ReplicationManager.java:sendCloseContainerReplicaCommand(467)) - Sending close container command for container #6 to datanode 0f3c4d66-37ce-46af-a3a8-7219c161bdb8{ip: 10.1.0.61, host: fv-az180-867.g3pwtgv4ffyuhaixmbmm0kyh3d.gx.internal.cloudapp.net, ports: [REPLICATION=38951, RATIS=46327, RATIS_ADMIN=46327, RATIS_SERVER=46327, STANDALONE=35039], networkLocation: /default-rack, certSerialId: null, persistedOpState: IN_SERVICE, persistedOpStateExpiryEpochSec: 0}.
2022-10-08 01:39:33,485 [ReplicationMonitor] INFO  replication.ReplicationManager (ReplicationManager.java:sendCloseContainerReplicaCommand(467)) - Sending close container command for container #6 to datanode d67d85fb-f556-421f-824a-4b9f68a177f7{ip: 10.1.0.61, host: fv-az180-867.g3pwtgv4ffyuhaixmbmm0kyh3d.gx.internal.cloudapp.net, ports: [REPLICATION=35153, RATIS=46031, RATIS_ADMIN=46031, RATIS_SERVER=46031, STANDALONE=46823], networkLocation: /default-rack, certSerialId: null, persistedOpState: IN_SERVICE, persistedOpStateExpiryEpochSec: 0}.
2022-10-08 01:39:33,485 [ReplicationMonitor] INFO  replication.ReplicationManager (ReplicationManager.java:sendCloseContainerReplicaCommand(467)) - Sending close container command for container #6 to datanode 0f1ac1f5-5b02-4bf5-a39e-40addf081f4e{ip: 10.1.0.61, host: fv-az180-867.g3pwtgv4ffyuhaixmbmm0kyh3d.gx.internal.cloudapp.net, ports: [REPLICATION=46597, RATIS=42591, RATIS_ADMIN=42591, RATIS_SERVER=42591, STANDALONE=36445], networkLocation: /default-rack, certSerialId: null, persistedOpState: IN_SERVICE, persistedOpStateExpiryEpochSec: 0}.
2022-10-08 01:39:33,485 [ReplicationMonitor] INFO  replication.ReplicationManager (ReplicationManager.java:sendCloseContainerReplicaCommand(467)) - Sending close container command for container #7 to datanode 0f1ac1f5-5b02-4bf5-a39e-40addf081f4e{ip: 10.1.0.61, host: fv-az180-867.g3pwtgv4ffyuhaixmbmm0kyh3d.gx.internal.cloudapp.net, ports: [REPLICATION=46597, RATIS=42591, RATIS_ADMIN=42591, RATIS_SERVER=42591, STANDALONE=36445], networkLocation: /default-rack, certSerialId: null, persistedOpState: IN_SERVICE, persistedOpStateExpiryEpochSec: 0}.
2022-10-08 01:39:33,485 [ReplicationMonitor] INFO  replication.ReplicationManager (ReplicationManager.java:sendCloseContainerReplicaCommand(467)) - Sending close container command for container #7 to datanode 0f3c4d66-37ce-46af-a3a8-7219c161bdb8{ip: 10.1.0.61, host: fv-az180-867.g3pwtgv4ffyuhaixmbmm0kyh3d.gx.internal.cloudapp.net, ports: [REPLICATION=38951, RATIS=46327, RATIS_ADMIN=46327, RATIS_SERVER=46327, STANDALONE=35039], networkLocation: /default-rack, certSerialId: null, persistedOpState: IN_SERVICE, persistedOpStateExpiryEpochSec: 0}.
2022-10-08 01:39:33,485 [ReplicationMonitor] INFO  replication.ReplicationManager (ReplicationManager.java:sendCloseContainerReplicaCommand(467)) - Sending close container command for container #7 to datanode 932d31bf-cf15-45e6-97a3-7289ed74fac5{ip: 10.1.0.61, host: fv-az180-867.g3pwtgv4ffyuhaixmbmm0kyh3d.gx.internal.cloudapp.net, ports: [REPLICATION=32977, RATIS=46727, RATIS_ADMIN=46727, RATIS_SERVER=46727, STANDALONE=42369], networkLocation: /default-rack, certSerialId: null, persistedOpState: IN_SERVICE, persistedOpStateExpiryEpochSec: 0}.
2022-10-08 01:39:33,485 [ReplicationMonitor] INFO  replication.ReplicationManager (ReplicationManager.java:sendCloseContainerReplicaCommand(467)) - Sending close container command for container #7 to datanode 6b604ca2-684c-4b87-aad0-ccae04811294{ip: 10.1.0.61, host: fv-az180-867.g3pwtgv4ffyuhaixmbmm0kyh3d.gx.internal.cloudapp.net, ports: [REPLICATION=44087, RATIS=39343, RATIS_ADMIN=39343, RATIS_SERVER=39343, STANDALONE=44019], networkLocation: /default-rack, certSerialId: null, persistedOpState: IN_SERVICE, persistedOpStateExpiryEpochSec: 0}.
2022-10-08 01:39:33,485 [ReplicationMonitor] INFO  replication.ReplicationManager (ReplicationManager.java:sendCloseContainerReplicaCommand(467)) - Sending close container command for container #7 to datanode d67d85fb-f556-421f-824a-4b9f68a177f7{ip: 10.1.0.61, host: fv-az180-867.g3pwtgv4ffyuhaixmbmm0kyh3d.gx.internal.cloudapp.net, ports: [REPLICATION=35153, RATIS=46031, RATIS_ADMIN=46031, RATIS_SERVER=46031, STANDALONE=46823], networkLocation: /default-rack, certSerialId: null, persistedOpState: IN_SERVICE, persistedOpStateExpiryEpochSec: 0}.
2022-10-08 01:39:33,486 [ReplicationMonitor] INFO  replication.ReplicationManager (ReplicationManager.java:processAll(324)) - Replication Monitor Thread took 2 milliseconds for processing 7 containers.
2022-10-08 01:39:33,794 [Command processor thread] INFO  keyvalue.KeyValueContainer (KeyValueContainer.java:flushAndSyncDB(436)) - Container 4 is synced with bcsId 0.
2022-10-08 01:39:33,795 [Command processor thread] INFO  keyvalue.KeyValueContainer (KeyValueContainer.java:flushAndSyncDB(436)) - Container 4 is synced with bcsId 0.
2022-10-08 01:39:33,802 [Command processor thread] INFO  keyvalue.KeyValueContainer (KeyValueContainer.java:close(351)) - Container 4 is closed with bcsId 0.
2022-10-08 01:39:33,804 [FixedThreadPoolWithAffinityExecutor-1-0] INFO  container.IncrementalContainerReportHandler (AbstractContainerReportHandler.java:updateContainerState(292)) - Moving container #4 to CLOSED state, datanode d67d85fb-f556-421f-824a-4b9f68a177f7{ip: 10.1.0.61, host: fv-az180-867.g3pwtgv4ffyuhaixmbmm0kyh3d.gx.internal.cloudapp.net, ports: [REPLICATION=35153, RATIS=46031, RATIS_ADMIN=46031, RATIS_SERVER=46031, STANDALONE=46823], networkLocation: /default-rack, certSerialId: null, persistedOpState: IN_SERVICE, persistedOpStateExpiryEpochSec: 0} reported CLOSED replica.
2022-10-08 01:39:33,818 [Command processor thread] INFO  keyvalue.KeyValueContainer (KeyValueContainer.java:flushAndSyncDB(436)) - Container 6 is synced with bcsId 0.
2022-10-08 01:39:33,820 [Command processor thread] INFO  keyvalue.KeyValueContainer (KeyValueContainer.java:flushAndSyncDB(436)) - Container 6 is synced with bcsId 0.
2022-10-08 01:39:33,828 [Command processor thread] INFO  keyvalue.KeyValueContainer (KeyValueContainer.java:close(351)) - Container 6 is closed with bcsId 0.
2022-10-08 01:39:33,832 [FixedThreadPoolWithAffinityExecutor-8-0] INFO  container.IncrementalContainerReportHandler (AbstractContainerReportHandler.java:updateContainerState(292)) - Moving container #6 to CLOSED state, datanode d67d85fb-f556-421f-824a-4b9f68a177f7{ip: 10.1.0.61, host: fv-az180-867.g3pwtgv4ffyuhaixmbmm0kyh3d.gx.internal.cloudapp.net, ports: [REPLICATION=35153, RATIS=46031, RATIS_ADMIN=46031, RATIS_SERVER=46031, STANDALONE=46823], networkLocation: /default-rack, certSerialId: null, persistedOpState: IN_SERVICE, persistedOpStateExpiryEpochSec: 0} reported CLOSED replica.
2022-10-08 01:39:33,846 [Command processor thread] INFO  keyvalue.KeyValueContainer (KeyValueContainer.java:flushAndSyncDB(436)) - Container 7 is synced with bcsId 0.
2022-10-08 01:39:33,848 [Command processor thread] INFO  keyvalue.KeyValueContainer (KeyValueContainer.java:flushAndSyncDB(436)) - Container 7 is synced with bcsId 0.
2022-10-08 01:39:33,854 [Command processor thread] INFO  keyvalue.KeyValueContainer (KeyValueContainer.java:close(351)) - Container 7 is closed with bcsId 0.
2022-10-08 01:39:33,874 [ForkJoinPool.commonPool-worker-0] INFO  ozoneimpl.OzoneContainer (OzoneContainer.java:stop(400)) - Attempting to stop container services.
2022-10-08 01:39:33,874 [Listener at 127.0.0.1/42695] INFO  ozoneimpl.OzoneContainer (OzoneContainer.java:stop(400)) - Attempting to stop container services.
2022-10-08 01:39:33,874 [ForkJoinPool.commonPool-worker-0] INFO  server.RaftServer (RaftServerProxy.java:lambda$close$7(398)) - 932d31bf-cf15-45e6-97a3-7289ed74fac5: close
2022-10-08 01:39:33,874 [ForkJoinPool.commonPool-worker-0] INFO  server.RaftServer$Division (RaftServerImpl.java:lambda$close$4(434)) - 932d31bf-cf15-45e6-97a3-7289ed74fac5@group-08814DF4F4AF: shutdown
2022-10-08 01:39:33,874 [Command processor thread] INFO  keyvalue.KeyValueContainer (KeyValueContainer.java:flushAndSyncDB(436)) - Container 5 is synced with bcsId 0.
2022-10-08 01:39:33,874 [Listener at 127.0.0.1/42695] INFO  server.RaftServer (RaftServerProxy.java:lambda$close$7(398)) - 6b604ca2-684c-4b87-aad0-ccae04811294: close
2022-10-08 01:39:33,875 [Listener at 127.0.0.1/42695] INFO  server.RaftServer$Division (RaftServerImpl.java:lambda$close$4(434)) - 6b604ca2-684c-4b87-aad0-ccae04811294@group-28097638D086: shutdown
2022-10-08 01:39:33,875 [Listener at 127.0.0.1/42695] INFO  util.JmxRegister (JmxRegister.java:unregister(73)) - Successfully un-registered JMX Bean with object name Ratis:service=RaftServer,group=group-28097638D086,id=6b604ca2-684c-4b87-aad0-ccae04811294
2022-10-08 01:39:33,875 [Listener at 127.0.0.1/42695] INFO  impl.RoleInfo (RoleInfo.java:shutdownLeaderState(93)) - 6b604ca2-684c-4b87-aad0-ccae04811294: shutdown 6b604ca2-684c-4b87-aad0-ccae04811294@group-28097638D086-LeaderStateImpl
2022-10-08 01:39:33,875 [Listener at 127.0.0.1/42695] INFO  impl.PendingRequests (PendingRequests.java:sendNotLeaderResponses(282)) - 6b604ca2-684c-4b87-aad0-ccae04811294@group-28097638D086-PendingRequests: sendNotLeaderResponses
2022-10-08 01:39:33,874 [ForkJoinPool.commonPool-worker-0] INFO  util.JmxRegister (JmxRegister.java:unregister(73)) - Successfully un-registered JMX Bean with object name Ratis:service=RaftServer,group=group-08814DF4F4AF,id=932d31bf-cf15-45e6-97a3-7289ed74fac5
2022-10-08 01:39:33,906 [ForkJoinPool.commonPool-worker-0] INFO  impl.RoleInfo (RoleInfo.java:shutdownLeaderState(93)) - 932d31bf-cf15-45e6-97a3-7289ed74fac5: shutdown 932d31bf-cf15-45e6-97a3-7289ed74fac5@group-08814DF4F4AF-LeaderStateImpl
2022-10-08 01:39:33,906 [ForkJoinPool.commonPool-worker-0] INFO  impl.PendingRequests (PendingRequests.java:sendNotLeaderResponses(282)) - 932d31bf-cf15-45e6-97a3-7289ed74fac5@group-08814DF4F4AF-PendingRequests: sendNotLeaderResponses
2022-10-08 01:39:33,906 [ForkJoinPool.commonPool-worker-0] INFO  impl.StateMachineUpdater (StateMachineUpdater.java:stopAndJoin(153)) - 932d31bf-cf15-45e6-97a3-7289ed74fac5@group-08814DF4F4AF-StateMachineUpdater: set stopIndex = 0
2022-10-08 01:39:33,907 [932d31bf-cf15-45e6-97a3-7289ed74fac5@group-08814DF4F4AF-StateMachineUpdater] INFO  ratis.ContainerStateMachine (ContainerStateMachine.java:takeSnapshot(304)) - group-08814DF4F4AF: Taking a snapshot at:(t:1, i:0) file /home/runner/work/ozone/ozone/hadoop-ozone/integration-test/target/test-dir/MiniOzoneClusterImpl-5d0d2deb-5324-41ce-86fc-5a78a6428163/datanode-1/data/ratis/3f6bc06e-e154-49bf-b3f2-08814df4f4af/sm/snapshot.1_0
2022-10-08 01:39:33,905 [FixedThreadPoolWithAffinityExecutor-1-0] INFO  container.IncrementalContainerReportHandler (AbstractContainerReportHandler.java:updateContainerState(292)) - Moving container #7 to CLOSED state, datanode d67d85fb-f556-421f-824a-4b9f68a177f7{ip: 10.1.0.61, host: fv-az180-867.g3pwtgv4ffyuhaixmbmm0kyh3d.gx.internal.cloudapp.net, ports: [REPLICATION=35153, RATIS=46031, RATIS_ADMIN=46031, RATIS_SERVER=46031, STANDALONE=46823], networkLocation: /default-rack, certSerialId: null, persistedOpState: IN_SERVICE, persistedOpStateExpiryEpochSec: 0} reported CLOSED replica.
2022-10-08 01:39:33,879 [6b604ca2-684c-4b87-aad0-ccae04811294@group-28097638D086-StateMachineUpdater] INFO  ratis.ContainerStateMachine (ContainerStateMachine.java:takeSnapshot(304)) - group-28097638D086: Taking a snapshot at:(t:7, i:259) file /home/runner/work/ozone/ozone/hadoop-ozone/integration-test/target/test-dir/MiniOzoneClusterImpl-5d0d2deb-5324-41ce-86fc-5a78a6428163/datanode-2/data/ratis/97bd003a-c475-4099-bcba-28097638d086/sm/snapshot.7_259
2022-10-08 01:39:33,878 [Listener at 127.0.0.1/42695] INFO  impl.StateMachineUpdater (StateMachineUpdater.java:stopAndJoin(153)) - 6b604ca2-684c-4b87-aad0-ccae04811294@group-28097638D086-StateMachineUpdater: set stopIndex = 259
2022-10-08 01:39:33,878 [Command processor thread] INFO  keyvalue.KeyValueContainer (KeyValueContainer.java:flushAndSyncDB(436)) - Container 5 is synced with bcsId 0.
2022-10-08 01:39:33,875 [6b604ca2-684c-4b87-aad0-ccae04811294@group-28097638D086->0f1ac1f5-5b02-4bf5-a39e-40addf081f4e-GrpcLogAppender-LogAppenderDaemon] WARN  server.GrpcLogAppender (GrpcLogAppender.java:mayWait(171)) - 6b604ca2-684c-4b87-aad0-ccae04811294@group-28097638D086->0f1ac1f5-5b02-4bf5-a39e-40addf081f4e-GrpcLogAppender: Wait interrupted by java.lang.InterruptedException
2022-10-08 01:39:33,875 [6b604ca2-684c-4b87-aad0-ccae04811294@group-28097638D086->932d31bf-cf15-45e6-97a3-7289ed74fac5-GrpcLogAppender-LogAppenderDaemon] WARN  server.GrpcLogAppender (GrpcLogAppender.java:mayWait(171)) - 6b604ca2-684c-4b87-aad0-ccae04811294@group-28097638D086->932d31bf-cf15-45e6-97a3-7289ed74fac5-GrpcLogAppender: Wait interrupted by java.lang.InterruptedException
2022-10-08 01:39:33,908 [grpc-default-executor-10] INFO  server.GrpcServerProtocolService (GrpcServerProtocolService.java:onCompleted(140)) - 932d31bf-cf15-45e6-97a3-7289ed74fac5: Completed APPEND_ENTRIES, lastRequest: 6b604ca2-684c-4b87-aad0-ccae04811294->932d31bf-cf15-45e6-97a3-7289ed74fac5#2144-t7,previous=(t:7, i:258),leaderCommit=256,initializing? true,entries: size=1, first=(t:7, i:259), METADATAENTRY(c:256)
2022-10-08 01:39:33,908 [grpc-default-executor-11] INFO  server.GrpcServerProtocolService (GrpcServerProtocolService.java:onCompleted(140)) - 0f1ac1f5-5b02-4bf5-a39e-40addf081f4e: Completed APPEND_ENTRIES, lastRequest: 6b604ca2-684c-4b87-aad0-ccae04811294->0f1ac1f5-5b02-4bf5-a39e-40addf081f4e#2097-t7,previous=(t:7, i:258),leaderCommit=256,initializing? true,entries: size=1, first=(t:7, i:259), METADATAENTRY(c:256)
2022-10-08 01:39:33,913 [932d31bf-cf15-45e6-97a3-7289ed74fac5@group-08814DF4F4AF-StateMachineUpdater] INFO  ratis.ContainerStateMachine (ContainerStateMachine.java:takeSnapshot(315)) - group-08814DF4F4AF: Finished taking a snapshot at:(t:1, i:0) file:/home/runner/work/ozone/ozone/hadoop-ozone/integration-test/target/test-dir/MiniOzoneClusterImpl-5d0d2deb-5324-41ce-86fc-5a78a6428163/datanode-1/data/ratis/3f6bc06e-e154-49bf-b3f2-08814df4f4af/sm/snapshot.1_0 took: 6 ms
2022-10-08 01:39:33,913 [932d31bf-cf15-45e6-97a3-7289ed74fac5@group-08814DF4F4AF-StateMachineUpdater] INFO  impl.StateMachineUpdater (StateMachineUpdater.java:takeSnapshot(287)) - 932d31bf-cf15-45e6-97a3-7289ed74fac5@group-08814DF4F4AF-StateMachineUpdater: Took a snapshot at index 0
2022-10-08 01:39:33,913 [932d31bf-cf15-45e6-97a3-7289ed74fac5@group-08814DF4F4AF-StateMachineUpdater] INFO  impl.StateMachineUpdater (StateMachineUpdater.java:lambda$new$0(92)) - 932d31bf-cf15-45e6-97a3-7289ed74fac5@group-08814DF4F4AF-StateMachineUpdater: snapshotIndex: updateIncreasingly -1 -> 0
2022-10-08 01:39:33,913 [ForkJoinPool.commonPool-worker-0] INFO  server.RaftServer$Division (ServerState.java:close(429)) - 932d31bf-cf15-45e6-97a3-7289ed74fac5@group-08814DF4F4AF: closes. applyIndex: 0
2022-10-08 01:39:33,913 [932d31bf-cf15-45e6-97a3-7289ed74fac5@group-08814DF4F4AF-SegmentedRaftLogWorker] INFO  segmented.SegmentedRaftLogWorker (SegmentedRaftLogWorker.java:run(336)) - 932d31bf-cf15-45e6-97a3-7289ed74fac5@group-08814DF4F4AF-SegmentedRaftLogWorker was interrupted, exiting. There are 0 tasks remaining in the queue.
2022-10-08 01:39:33,914 [ForkJoinPool.commonPool-worker-0] INFO  segmented.SegmentedRaftLogWorker (SegmentedRaftLogWorker.java:close(246)) - 932d31bf-cf15-45e6-97a3-7289ed74fac5@group-08814DF4F4AF-SegmentedRaftLogWorker close()
2022-10-08 01:39:33,916 [ForkJoinPool.commonPool-worker-0] INFO  server.RaftServer$Division (RaftServerImpl.java:lambda$close$4(434)) - 932d31bf-cf15-45e6-97a3-7289ed74fac5@group-28097638D086: shutdown
2022-10-08 01:39:33,919 [6b604ca2-684c-4b87-aad0-ccae04811294@group-28097638D086-StateMachineUpdater] INFO  ratis.ContainerStateMachine (ContainerStateMachine.java:takeSnapshot(315)) - group-28097638D086: Finished taking a snapshot at:(t:7, i:259) file:/home/runner/work/ozone/ozone/hadoop-ozone/integration-test/target/test-dir/MiniOzoneClusterImpl-5d0d2deb-5324-41ce-86fc-5a78a6428163/datanode-2/data/ratis/97bd003a-c475-4099-bcba-28097638d086/sm/snapshot.7_259 took: 41 ms
2022-10-08 01:39:33,948 [6b604ca2-684c-4b87-aad0-ccae04811294@group-28097638D086-StateMachineUpdater] INFO  impl.StateMachineUpdater (StateMachineUpdater.java:takeSnapshot(287)) - 6b604ca2-684c-4b87-aad0-ccae04811294@group-28097638D086-StateMachineUpdater: Took a snapshot at index 259
2022-10-08 01:39:33,948 [6b604ca2-684c-4b87-aad0-ccae04811294@group-28097638D086-StateMachineUpdater] INFO  impl.StateMachineUpdater (StateMachineUpdater.java:lambda$new$0(92)) - 6b604ca2-684c-4b87-aad0-ccae04811294@group-28097638D086-StateMachineUpdater: snapshotIndex: updateIncreasingly -1 -> 259
2022-10-08 01:39:33,949 [Listener at 127.0.0.1/42695] INFO  server.RaftServer$Division (ServerState.java:close(429)) - 6b604ca2-684c-4b87-aad0-ccae04811294@group-28097638D086: closes. applyIndex: 259
2022-10-08 01:39:33,952 [6b604ca2-684c-4b87-aad0-ccae04811294@group-28097638D086-SegmentedRaftLogWorker] INFO  segmented.SegmentedRaftLogWorker (SegmentedRaftLogWorker.java:run(336)) - 6b604ca2-684c-4b87-aad0-ccae04811294@group-28097638D086-SegmentedRaftLogWorker was interrupted, exiting. There are 0 tasks remaining in the queue.
2022-10-08 01:39:33,952 [Listener at 127.0.0.1/42695] INFO  segmented.SegmentedRaftLogWorker (SegmentedRaftLogWorker.java:close(246)) - 6b604ca2-684c-4b87-aad0-ccae04811294@group-28097638D086-SegmentedRaftLogWorker close()
2022-10-08 01:39:33,952 [ForkJoinPool.commonPool-worker-0] INFO  util.JmxRegister (JmxRegister.java:unregister(73)) - Successfully un-registered JMX Bean with object name Ratis:service=RaftServer,group=group-28097638D086,id=932d31bf-cf15-45e6-97a3-7289ed74fac5
2022-10-08 01:39:33,952 [ForkJoinPool.commonPool-worker-0] INFO  impl.RoleInfo (RoleInfo.java:shutdownFollowerState(110)) - 932d31bf-cf15-45e6-97a3-7289ed74fac5: shutdown 932d31bf-cf15-45e6-97a3-7289ed74fac5@group-28097638D086-FollowerState
2022-10-08 01:39:33,952 [ForkJoinPool.commonPool-worker-0] INFO  impl.StateMachineUpdater (StateMachineUpdater.java:stopAndJoin(153)) - 932d31bf-cf15-45e6-97a3-7289ed74fac5@group-28097638D086-StateMachineUpdater: set stopIndex = 259
2022-10-08 01:39:33,957 [Listener at 127.0.0.1/42695] INFO  server.RaftServer$Division (RaftServerImpl.java:lambda$close$4(434)) - 6b604ca2-684c-4b87-aad0-ccae04811294@group-D410D11D8285: shutdown
2022-10-08 01:39:33,958 [Command processor thread] INFO  keyvalue.KeyValueContainer (KeyValueContainer.java:close(351)) - Container 5 is closed with bcsId 0.
2022-10-08 01:39:33,961 [FixedThreadPoolWithAffinityExecutor-8-0] INFO  container.IncrementalContainerReportHandler (AbstractContainerReportHandler.java:updateContainerState(292)) - Moving container #5 to CLOSED state, datanode d67d85fb-f556-421f-824a-4b9f68a177f7{ip: 10.1.0.61, host: fv-az180-867.g3pwtgv4ffyuhaixmbmm0kyh3d.gx.internal.cloudapp.net, ports: [REPLICATION=35153, RATIS=46031, RATIS_ADMIN=46031, RATIS_SERVER=46031, STANDALONE=46823], networkLocation: /default-rack, certSerialId: null, persistedOpState: IN_SERVICE, persistedOpStateExpiryEpochSec: 0} reported CLOSED replica.
2022-10-08 01:39:34,008 [932d31bf-cf15-45e6-97a3-7289ed74fac5@group-28097638D086-FollowerState] INFO  impl.FollowerState (FollowerState.java:run(152)) - 932d31bf-cf15-45e6-97a3-7289ed74fac5@group-28097638D086-FollowerState was interrupted
2022-10-08 01:39:34,008 [Listener at 127.0.0.1/42695] INFO  util.JmxRegister (JmxRegister.java:unregister(73)) - Successfully un-registered JMX Bean with object name Ratis:service=RaftServer,group=group-D410D11D8285,id=6b604ca2-684c-4b87-aad0-ccae04811294
2022-10-08 01:39:34,008 [Listener at 127.0.0.1/42695] INFO  impl.RoleInfo (RoleInfo.java:shutdownLeaderState(93)) - 6b604ca2-684c-4b87-aad0-ccae04811294: shutdown 6b604ca2-684c-4b87-aad0-ccae04811294@group-D410D11D8285-LeaderStateImpl
2022-10-08 01:39:34,008 [Listener at 127.0.0.1/42695] INFO  impl.PendingRequests (PendingRequests.java:sendNotLeaderResponses(282)) - 6b604ca2-684c-4b87-aad0-ccae04811294@group-D410D11D8285-PendingRequests: sendNotLeaderResponses
2022-10-08 01:39:34,052 [grpc-default-executor-3] INFO  server.GrpcLogAppender (GrpcLogAppender.java:onCompleted(339)) - 6b604ca2-684c-4b87-aad0-ccae04811294@group-28097638D086->932d31bf-cf15-45e6-97a3-7289ed74fac5-AppendLogResponseHandler: follower responses appendEntries COMPLETED
2022-10-08 01:39:34,052 [grpc-default-executor-3] INFO  leader.FollowerInfo (FollowerInfoImpl.java:lambda$new$0(48)) - 6b604ca2-684c-4b87-aad0-ccae04811294@group-28097638D086->932d31bf-cf15-45e6-97a3-7289ed74fac5: nextIndex: updateUnconditionally 260 -> 259
2022-10-08 01:39:34,060 [grpc-default-executor-11] INFO  server.GrpcLogAppender (GrpcLogAppender.java:onCompleted(339)) - 6b604ca2-684c-4b87-aad0-ccae04811294@group-28097638D086->0f1ac1f5-5b02-4bf5-a39e-40addf081f4e-AppendLogResponseHandler: follower responses appendEntries COMPLETED
2022-10-08 01:39:34,061 [grpc-default-executor-11] INFO  leader.FollowerInfo (FollowerInfoImpl.java:lambda$new$0(48)) - 6b604ca2-684c-4b87-aad0-ccae04811294@group-28097638D086->0f1ac1f5-5b02-4bf5-a39e-40addf081f4e: nextIndex: updateUnconditionally 260 -> 259
2022-10-08 01:39:34,061 [932d31bf-cf15-45e6-97a3-7289ed74fac5@group-28097638D086-StateMachineUpdater] INFO  ratis.ContainerStateMachine (ContainerStateMachine.java:takeSnapshot(304)) - group-28097638D086: Taking a snapshot at:(t:7, i:259) file /home/runner/work/ozone/ozone/hadoop-ozone/integration-test/target/test-dir/MiniOzoneClusterImpl-5d0d2deb-5324-41ce-86fc-5a78a6428163/datanode-1/data/ratis/97bd003a-c475-4099-bcba-28097638d086/sm/snapshot.7_259
2022-10-08 01:39:34,061 [Listener at 127.0.0.1/42695] INFO  impl.StateMachineUpdater (StateMachineUpdater.java:stopAndJoin(153)) - 6b604ca2-684c-4b87-aad0-ccae04811294@group-D410D11D8285-StateMachineUpdater: set stopIndex = 0
2022-10-08 01:39:34,061 [6b604ca2-684c-4b87-aad0-ccae04811294@group-D410D11D8285-StateMachineUpdater] INFO  ratis.ContainerStateMachine (ContainerStateMachine.java:takeSnapshot(304)) - group-D410D11D8285: Taking a snapshot at:(t:1, i:0) file /home/runner/work/ozone/ozone/hadoop-ozone/integration-test/target/test-dir/MiniOzoneClusterImpl-5d0d2deb-5324-41ce-86fc-5a78a6428163/datanode-2/data/ratis/b34614fc-b317-4bda-80e0-d410d11d8285/sm/snapshot.1_0
2022-10-08 01:39:34,068 [932d31bf-cf15-45e6-97a3-7289ed74fac5@group-28097638D086-StateMachineUpdater] INFO  ratis.ContainerStateMachine (ContainerStateMachine.java:takeSnapshot(315)) - group-28097638D086: Finished taking a snapshot at:(t:7, i:259) file:/home/runner/work/ozone/ozone/hadoop-ozone/integration-test/target/test-dir/MiniOzoneClusterImpl-5d0d2deb-5324-41ce-86fc-5a78a6428163/datanode-1/data/ratis/97bd003a-c475-4099-bcba-28097638d086/sm/snapshot.7_259 took: 7 ms
2022-10-08 01:39:34,068 [6b604ca2-684c-4b87-aad0-ccae04811294@group-D410D11D8285-StateMachineUpdater] INFO  ratis.ContainerStateMachine (ContainerStateMachine.java:takeSnapshot(315)) - group-D410D11D8285: Finished taking a snapshot at:(t:1, i:0) file:/home/runner/work/ozone/ozone/hadoop-ozone/integration-test/target/test-dir/MiniOzoneClusterImpl-5d0d2deb-5324-41ce-86fc-5a78a6428163/datanode-2/data/ratis/b34614fc-b317-4bda-80e0-d410d11d8285/sm/snapshot.1_0 took: 6 ms
2022-10-08 01:39:34,068 [6b604ca2-684c-4b87-aad0-ccae04811294@group-D410D11D8285-StateMachineUpdater] INFO  impl.StateMachineUpdater (StateMachineUpdater.java:takeSnapshot(287)) - 6b604ca2-684c-4b87-aad0-ccae04811294@group-D410D11D8285-StateMachineUpdater: Took a snapshot at index 0
2022-10-08 01:39:34,068 [932d31bf-cf15-45e6-97a3-7289ed74fac5@group-28097638D086-StateMachineUpdater] INFO  impl.StateMachineUpdater (StateMachineUpdater.java:takeSnapshot(287)) - 932d31bf-cf15-45e6-97a3-7289ed74fac5@group-28097638D086-StateMachineUpdater: Took a snapshot at index 259
2022-10-08 01:39:34,068 [6b604ca2-684c-4b87-aad0-ccae04811294@group-D410D11D8285-StateMachineUpdater] INFO  impl.StateMachineUpdater (StateMachineUpdater.java:lambda$new$0(92)) - 6b604ca2-684c-4b87-aad0-ccae04811294@group-D410D11D8285-StateMachineUpdater: snapshotIndex: updateIncreasingly -1 -> 0
2022-10-08 01:39:34,068 [932d31bf-cf15-45e6-97a3-7289ed74fac5@group-28097638D086-StateMachineUpdater] INFO  impl.StateMachineUpdater (StateMachineUpdater.java:lambda$new$0(92)) - 932d31bf-cf15-45e6-97a3-7289ed74fac5@group-28097638D086-StateMachineUpdater: snapshotIndex: updateIncreasingly -1 -> 259
2022-10-08 01:39:34,069 [ForkJoinPool.commonPool-worker-0] INFO  server.RaftServer$Division (ServerState.java:close(429)) - 932d31bf-cf15-45e6-97a3-7289ed74fac5@group-28097638D086: closes. applyIndex: 259
2022-10-08 01:39:34,069 [932d31bf-cf15-45e6-97a3-7289ed74fac5@group-28097638D086-SegmentedRaftLogWorker] INFO  segmented.SegmentedRaftLogWorker (SegmentedRaftLogWorker.java:run(336)) - 932d31bf-cf15-45e6-97a3-7289ed74fac5@group-28097638D086-SegmentedRaftLogWorker was interrupted, exiting. There are 0 tasks remaining in the queue.
2022-10-08 01:39:34,069 [ForkJoinPool.commonPool-worker-0] INFO  segmented.SegmentedRaftLogWorker (SegmentedRaftLogWorker.java:close(246)) - 932d31bf-cf15-45e6-97a3-7289ed74fac5@group-28097638D086-SegmentedRaftLogWorker close()
2022-10-08 01:39:34,070 [ForkJoinPool.commonPool-worker-0] INFO  server.GrpcService (GrpcService.java:closeImpl(269)) - 932d31bf-cf15-45e6-97a3-7289ed74fac5: shutdown server with port 46727 now
2022-10-08 01:39:34,096 [Listener at 127.0.0.1/42695] INFO  server.RaftServer$Division (ServerState.java:close(429)) - 6b604ca2-684c-4b87-aad0-ccae04811294@group-D410D11D8285: closes. applyIndex: 0
2022-10-08 01:39:34,096 [6b604ca2-684c-4b87-aad0-ccae04811294@group-D410D11D8285-SegmentedRaftLogWorker] INFO  segmented.SegmentedRaftLogWorker (SegmentedRaftLogWorker.java:run(336)) - 6b604ca2-684c-4b87-aad0-ccae04811294@group-D410D11D8285-SegmentedRaftLogWorker was interrupted, exiting. There are 0 tasks remaining in the queue.
2022-10-08 01:39:34,098 [ForkJoinPool.commonPool-worker-0] INFO  server.GrpcService (GrpcService.java:closeImpl(278)) - 932d31bf-cf15-45e6-97a3-7289ed74fac5: shutdown server with port 46727 successfully
2022-10-08 01:39:34,100 [org.apache.ratis.util.JvmPauseMonitor$$Lambda$636/846962177@4a9c33a9] INFO  util.JvmPauseMonitor (JvmPauseMonitor.java:run(109)) - JvmPauseMonitor-932d31bf-cf15-45e6-97a3-7289ed74fac5: Stopped
2022-10-08 01:39:34,144 [Listener at 127.0.0.1/42695] INFO  segmented.SegmentedRaftLogWorker (SegmentedRaftLogWorker.java:close(246)) - 6b604ca2-684c-4b87-aad0-ccae04811294@group-D410D11D8285-SegmentedRaftLogWorker close()
2022-10-08 01:39:34,153 [Listener at 127.0.0.1/42695] INFO  server.GrpcService (GrpcService.java:closeImpl(269)) - 6b604ca2-684c-4b87-aad0-ccae04811294: shutdown server with port 39343 now
2022-10-08 01:39:34,189 [Listener at 127.0.0.1/42695] INFO  server.GrpcService (GrpcService.java:closeImpl(278)) - 6b604ca2-684c-4b87-aad0-ccae04811294: shutdown server with port 39343 successfully
2022-10-08 01:39:34,190 [org.apache.ratis.util.JvmPauseMonitor$$Lambda$636/846962177@93d14fa] INFO  util.JvmPauseMonitor (JvmPauseMonitor.java:run(109)) - JvmPauseMonitor-6b604ca2-684c-4b87-aad0-ccae04811294: Stopped
2022-10-08 01:39:34,239 [Command processor thread] INFO  keyvalue.KeyValueContainer (KeyValueContainer.java:flushAndSyncDB(436)) - Container 4 is synced with bcsId 0.
2022-10-08 01:39:34,244 [Command processor thread] INFO  keyvalue.KeyValueContainer (KeyValueContainer.java:flushAndSyncDB(436)) - Container 4 is synced with bcsId 0.
2022-10-08 01:39:34,254 [Command processor thread] INFO  keyvalue.KeyValueContainer (KeyValueContainer.java:close(351)) - Container 4 is closed with bcsId 0.
2022-10-08 01:39:34,264 [Command processor thread] INFO  keyvalue.KeyValueContainer (KeyValueContainer.java:flushAndSyncDB(436)) - Container 4 is synced with bcsId 0.
2022-10-08 01:39:34,266 [Command processor thread] INFO  keyvalue.KeyValueContainer (KeyValueContainer.java:flushAndSyncDB(436)) - Container 4 is synced with bcsId 0.
2022-10-08 01:39:34,274 [Command processor thread] INFO  keyvalue.KeyValueContainer (KeyValueContainer.java:flushAndSyncDB(436)) - Container 6 is synced with bcsId 0.
2022-10-08 01:39:34,281 [Command processor thread] INFO  keyvalue.KeyValueContainer (KeyValueContainer.java:flushAndSyncDB(436)) - Container 6 is synced with bcsId 0.
2022-10-08 01:39:34,301 [Command processor thread] INFO  keyvalue.KeyValueContainer (KeyValueContainer.java:close(351)) - Container 6 is closed with bcsId 0.
2022-10-08 01:39:34,302 [Command processor thread] INFO  keyvalue.KeyValueContainer (KeyValueContainer.java:close(351)) - Container 4 is closed with bcsId 0.
2022-10-08 01:39:34,322 [Command processor thread] INFO  keyvalue.KeyValueContainer (KeyValueContainer.java:flushAndSyncDB(436)) - Container 7 is synced with bcsId 0.
2022-10-08 01:39:34,322 [Command processor thread] INFO  keyvalue.KeyValueContainer (KeyValueContainer.java:flushAndSyncDB(436)) - Container 6 is synced with bcsId 0.
2022-10-08 01:39:34,324 [Command processor thread] INFO  keyvalue.KeyValueContainer (KeyValueContainer.java:flushAndSyncDB(436)) - Container 7 is synced with bcsId 0.
2022-10-08 01:39:34,325 [Command processor thread] INFO  keyvalue.KeyValueContainer (KeyValueContainer.java:flushAndSyncDB(436)) - Container 6 is synced with bcsId 0.
2022-10-08 01:39:34,332 [Command processor thread] INFO  keyvalue.KeyValueContainer (KeyValueContainer.java:close(351)) - Container 7 is closed with bcsId 0.
2022-10-08 01:39:34,337 [Command processor thread] INFO  keyvalue.KeyValueContainer (KeyValueContainer.java:close(351)) - Container 6 is closed with bcsId 0.
2022-10-08 01:39:34,387 [Command processor thread] INFO  keyvalue.KeyValueContainer (KeyValueContainer.java:flushAndSyncDB(436)) - Container 7 is synced with bcsId 0.
2022-10-08 01:39:34,390 [Command processor thread] INFO  keyvalue.KeyValueContainer (KeyValueContainer.java:flushAndSyncDB(436)) - Container 7 is synced with bcsId 0.
2022-10-08 01:39:34,398 [Command processor thread] INFO  keyvalue.KeyValueContainer (KeyValueContainer.java:close(351)) - Container 7 is closed with bcsId 0.
2022-10-08 01:39:34,425 [Command processor thread] INFO  keyvalue.KeyValueContainer (KeyValueContainer.java:flushAndSyncDB(436)) - Container 5 is synced with bcsId 0.
2022-10-08 01:39:34,430 [Command processor thread] INFO  keyvalue.KeyValueContainer (KeyValueContainer.java:flushAndSyncDB(436)) - Container 5 is synced with bcsId 0.
2022-10-08 01:39:34,445 [Command processor thread] INFO  keyvalue.KeyValueContainer (KeyValueContainer.java:close(351)) - Container 5 is closed with bcsId 0.
2022-10-08 01:39:34,451 [Command processor thread] INFO  keyvalue.KeyValueContainer (KeyValueContainer.java:flushAndSyncDB(436)) - Container 5 is synced with bcsId 0.
2022-10-08 01:39:34,453 [Command processor thread] INFO  keyvalue.KeyValueContainer (KeyValueContainer.java:flushAndSyncDB(436)) - Container 5 is synced with bcsId 0.
2022-10-08 01:39:34,462 [Command processor thread] INFO  keyvalue.KeyValueContainer (KeyValueContainer.java:close(351)) - Container 5 is closed with bcsId 0.
2022-10-08 01:39:34,486 [ReplicationMonitor] INFO  replication.LegacyReplicationManager (LegacyReplicationManager.java:sendCloseCommand(1512)) - Sending close container command for container #1 to datanode 6b604ca2-684c-4b87-aad0-ccae04811294{ip: 10.1.0.61, host: fv-az180-867.g3pwtgv4ffyuhaixmbmm0kyh3d.gx.internal.cloudapp.net, ports: [REPLICATION=44087, RATIS=39343, RATIS_ADMIN=39343, RATIS_SERVER=39343, STANDALONE=44019], networkLocation: /default-rack, certSerialId: null, persistedOpState: IN_SERVICE, persistedOpStateExpiryEpochSec: 0}.
2022-10-08 01:39:34,486 [ReplicationMonitor] INFO  replication.LegacyReplicationManager (LegacyReplicationManager.java:sendCloseCommand(1512)) - Sending close container command for container #1 to datanode 0f1ac1f5-5b02-4bf5-a39e-40addf081f4e{ip: 10.1.0.61, host: fv-az180-867.g3pwtgv4ffyuhaixmbmm0kyh3d.gx.internal.cloudapp.net, ports: [REPLICATION=46597, RATIS=42591, RATIS_ADMIN=42591, RATIS_SERVER=42591, STANDALONE=36445], networkLocation: /default-rack, certSerialId: null, persistedOpState: IN_SERVICE, persistedOpStateExpiryEpochSec: 0}.
2022-10-08 01:39:34,486 [ReplicationMonitor] INFO  replication.LegacyReplicationManager (LegacyReplicationManager.java:sendCloseCommand(1512)) - Sending close container command for container #1 to datanode 932d31bf-cf15-45e6-97a3-7289ed74fac5{ip: 10.1.0.61, host: fv-az180-867.g3pwtgv4ffyuhaixmbmm0kyh3d.gx.internal.cloudapp.net, ports: [REPLICATION=32977, RATIS=46727, RATIS_ADMIN=46727, RATIS_SERVER=46727, STANDALONE=42369], networkLocation: /default-rack, certSerialId: null, persistedOpState: IN_SERVICE, persistedOpStateExpiryEpochSec: 0}.
2022-10-08 01:39:34,486 [ReplicationMonitor] INFO  replication.LegacyReplicationManager (LegacyReplicationManager.java:sendCloseCommand(1512)) - Sending close container command for container #2 to datanode 6b604ca2-684c-4b87-aad0-ccae04811294{ip: 10.1.0.61, host: fv-az180-867.g3pwtgv4ffyuhaixmbmm0kyh3d.gx.internal.cloudapp.net, ports: [REPLICATION=44087, RATIS=39343, RATIS_ADMIN=39343, RATIS_SERVER=39343, STANDALONE=44019], networkLocation: /default-rack, certSerialId: null, persistedOpState: IN_SERVICE, persistedOpStateExpiryEpochSec: 0}.
2022-10-08 01:39:34,486 [ReplicationMonitor] INFO  replication.LegacyReplicationManager (LegacyReplicationManager.java:sendCloseCommand(1512)) - Sending close container command for container #2 to datanode 0f1ac1f5-5b02-4bf5-a39e-40addf081f4e{ip: 10.1.0.61, host: fv-az180-867.g3pwtgv4ffyuhaixmbmm0kyh3d.gx.internal.cloudapp.net, ports: [REPLICATION=46597, RATIS=42591, RATIS_ADMIN=42591, RATIS_SERVER=42591, STANDALONE=36445], networkLocation: /default-rack, certSerialId: null, persistedOpState: IN_SERVICE, persistedOpStateExpiryEpochSec: 0}.
2022-10-08 01:39:34,486 [ReplicationMonitor] INFO  replication.LegacyReplicationManager (LegacyReplicationManager.java:sendCloseCommand(1512)) - Sending close container command for container #2 to datanode 932d31bf-cf15-45e6-97a3-7289ed74fac5{ip: 10.1.0.61, host: fv-az180-867.g3pwtgv4ffyuhaixmbmm0kyh3d.gx.internal.cloudapp.net, ports: [REPLICATION=32977, RATIS=46727, RATIS_ADMIN=46727, RATIS_SERVER=46727, STANDALONE=42369], networkLocation: /default-rack, certSerialId: null, persistedOpState: IN_SERVICE, persistedOpStateExpiryEpochSec: 0}.
2022-10-08 01:39:34,486 [ReplicationMonitor] INFO  replication.LegacyReplicationManager (LegacyReplicationManager.java:sendCloseCommand(1512)) - Sending close container command for container #3 to datanode 6b604ca2-684c-4b87-aad0-ccae04811294{ip: 10.1.0.61, host: fv-az180-867.g3pwtgv4ffyuhaixmbmm0kyh3d.gx.internal.cloudapp.net, ports: [REPLICATION=44087, RATIS=39343, RATIS_ADMIN=39343, RATIS_SERVER=39343, STANDALONE=44019], networkLocation: /default-rack, certSerialId: null, persistedOpState: IN_SERVICE, persistedOpStateExpiryEpochSec: 0}.
2022-10-08 01:39:34,486 [ReplicationMonitor] INFO  replication.LegacyReplicationManager (LegacyReplicationManager.java:sendCloseCommand(1512)) - Sending close container command for container #3 to datanode 0f1ac1f5-5b02-4bf5-a39e-40addf081f4e{ip: 10.1.0.61, host: fv-az180-867.g3pwtgv4ffyuhaixmbmm0kyh3d.gx.internal.cloudapp.net, ports: [REPLICATION=46597, RATIS=42591, RATIS_ADMIN=42591, RATIS_SERVER=42591, STANDALONE=36445], networkLocation: /default-rack, certSerialId: null, persistedOpState: IN_SERVICE, persistedOpStateExpiryEpochSec: 0}.
2022-10-08 01:39:34,486 [ReplicationMonitor] INFO  replication.LegacyReplicationManager (LegacyReplicationManager.java:sendCloseCommand(1512)) - Sending close container command for container #3 to datanode 932d31bf-cf15-45e6-97a3-7289ed74fac5{ip: 10.1.0.61, host: fv-az180-867.g3pwtgv4ffyuhaixmbmm0kyh3d.gx.internal.cloudapp.net, ports: [REPLICATION=32977, RATIS=46727, RATIS_ADMIN=46727, RATIS_SERVER=46727, STANDALONE=42369], networkLocation: /default-rack, certSerialId: null, persistedOpState: IN_SERVICE, persistedOpStateExpiryEpochSec: 0}.
2022-10-08 01:39:34,486 [ReplicationMonitor] INFO  replication.ReplicationManager (ReplicationManager.java:sendCloseContainerReplicaCommand(467)) - Sending close container command for container #4 to datanode 6b604ca2-684c-4b87-aad0-ccae04811294{ip: 10.1.0.61, host: fv-az180-867.g3pwtgv4ffyuhaixmbmm0kyh3d.gx.internal.cloudapp.net, ports: [REPLICATION=44087, RATIS=39343, RATIS_ADMIN=39343, RATIS_SERVER=39343, STANDALONE=44019], networkLocation: /default-rack, certSerialId: null, persistedOpState: IN_SERVICE, persistedOpStateExpiryEpochSec: 0}.
2022-10-08 01:39:34,486 [ReplicationMonitor] INFO  replication.ReplicationManager (ReplicationManager.java:sendCloseContainerReplicaCommand(467)) - Sending close container command for container #4 to datanode 932d31bf-cf15-45e6-97a3-7289ed74fac5{ip: 10.1.0.61, host: fv-az180-867.g3pwtgv4ffyuhaixmbmm0kyh3d.gx.internal.cloudapp.net, ports: [REPLICATION=32977, RATIS=46727, RATIS_ADMIN=46727, RATIS_SERVER=46727, STANDALONE=42369], networkLocation: /default-rack, certSerialId: null, persistedOpState: IN_SERVICE, persistedOpStateExpiryEpochSec: 0}.
2022-10-08 01:39:34,487 [ReplicationMonitor] INFO  replication.ReplicationManager (ReplicationManager.java:sendCloseContainerReplicaCommand(467)) - Sending close container command for container #5 to datanode 932d31bf-cf15-45e6-97a3-7289ed74fac5{ip: 10.1.0.61, host: fv-az180-867.g3pwtgv4ffyuhaixmbmm0kyh3d.gx.internal.cloudapp.net, ports: [REPLICATION=32977, RATIS=46727, RATIS_ADMIN=46727, RATIS_SERVER=46727, STANDALONE=42369], networkLocation: /default-rack, certSerialId: null, persistedOpState: IN_SERVICE, persistedOpStateExpiryEpochSec: 0}.
2022-10-08 01:39:34,487 [ReplicationMonitor] INFO  replication.ReplicationManager (ReplicationManager.java:sendCloseContainerReplicaCommand(467)) - Sending close container command for container #5 to datanode 6b604ca2-684c-4b87-aad0-ccae04811294{ip: 10.1.0.61, host: fv-az180-867.g3pwtgv4ffyuhaixmbmm0kyh3d.gx.internal.cloudapp.net, ports: [REPLICATION=44087, RATIS=39343, RATIS_ADMIN=39343, RATIS_SERVER=39343, STANDALONE=44019], networkLocation: /default-rack, certSerialId: null, persistedOpState: IN_SERVICE, persistedOpStateExpiryEpochSec: 0}.
2022-10-08 01:39:34,487 [ReplicationMonitor] INFO  replication.ReplicationManager (ReplicationManager.java:sendCloseContainerReplicaCommand(467)) - Sending close container command for container #6 to datanode 932d31bf-cf15-45e6-97a3-7289ed74fac5{ip: 10.1.0.61, host: fv-az180-867.g3pwtgv4ffyuhaixmbmm0kyh3d.gx.internal.cloudapp.net, ports: [REPLICATION=32977, RATIS=46727, RATIS_ADMIN=46727, RATIS_SERVER=46727, STANDALONE=42369], networkLocation: /default-rack, certSerialId: null, persistedOpState: IN_SERVICE, persistedOpStateExpiryEpochSec: 0}.
2022-10-08 01:39:34,487 [ReplicationMonitor] INFO  replication.ReplicationManager (ReplicationManager.java:sendCloseContainerReplicaCommand(467)) - Sending close container command for container #6 to datanode 6b604ca2-684c-4b87-aad0-ccae04811294{ip: 10.1.0.61, host: fv-az180-867.g3pwtgv4ffyuhaixmbmm0kyh3d.gx.internal.cloudapp.net, ports: [REPLICATION=44087, RATIS=39343, RATIS_ADMIN=39343, RATIS_SERVER=39343, STANDALONE=44019], networkLocation: /default-rack, certSerialId: null, persistedOpState: IN_SERVICE, persistedOpStateExpiryEpochSec: 0}.
2022-10-08 01:39:34,487 [ReplicationMonitor] INFO  replication.ReplicationManager (ReplicationManager.java:sendCloseContainerReplicaCommand(467)) - Sending close container command for container #7 to datanode 932d31bf-cf15-45e6-97a3-7289ed74fac5{ip: 10.1.0.61, host: fv-az180-867.g3pwtgv4ffyuhaixmbmm0kyh3d.gx.internal.cloudapp.net, ports: [REPLICATION=32977, RATIS=46727, RATIS_ADMIN=46727, RATIS_SERVER=46727, STANDALONE=42369], networkLocation: /default-rack, certSerialId: null, persistedOpState: IN_SERVICE, persistedOpStateExpiryEpochSec: 0}.
2022-10-08 01:39:34,487 [ReplicationMonitor] INFO  replication.ReplicationManager (ReplicationManager.java:sendCloseContainerReplicaCommand(467)) - Sending close container command for container #7 to datanode 6b604ca2-684c-4b87-aad0-ccae04811294{ip: 10.1.0.61, host: fv-az180-867.g3pwtgv4ffyuhaixmbmm0kyh3d.gx.internal.cloudapp.net, ports: [REPLICATION=44087, RATIS=39343, RATIS_ADMIN=39343, RATIS_SERVER=39343, STANDALONE=44019], networkLocation: /default-rack, certSerialId: null, persistedOpState: IN_SERVICE, persistedOpStateExpiryEpochSec: 0}.
2022-10-08 01:39:34,487 [ReplicationMonitor] INFO  replication.ReplicationManager (ReplicationManager.java:processAll(324)) - Replication Monitor Thread took 1 milliseconds for processing 7 containers.
2022-10-08 01:39:34,663 [EventQueue-DeadNodeForDeadNodeHandler] INFO  node.DeadNodeHandler (DeadNodeHandler.java:onMessage(81)) - A dead datanode is detected. 6b604ca2-684c-4b87-aad0-ccae04811294{ip: 10.1.0.61, host: fv-az180-867.g3pwtgv4ffyuhaixmbmm0kyh3d.gx.internal.cloudapp.net, ports: [REPLICATION=44087, RATIS=39343, RATIS_ADMIN=39343, RATIS_SERVER=39343, STANDALONE=44019], networkLocation: /default-rack, certSerialId: null, persistedOpState: IN_SERVICE, persistedOpStateExpiryEpochSec: 0}
2022-10-08 01:39:34,664 [EventQueue-DeadNodeForDeadNodeHandler] INFO  pipeline.PipelineStateManagerImpl (PipelineStateManagerImpl.java:removePipeline(245)) - Pipeline Pipeline[ Id: 0d24b35f-2b11-40c4-8eb0-61e7dafc4500, Nodes: 6b604ca2-684c-4b87-aad0-ccae04811294{ip: 10.1.0.61, host: fv-az180-867.g3pwtgv4ffyuhaixmbmm0kyh3d.gx.internal.cloudapp.net, ports: [REPLICATION=44087, RATIS=39343, RATIS_ADMIN=39343, RATIS_SERVER=39343, STANDALONE=44019], networkLocation: /default-rack, certSerialId: null, persistedOpState: null, persistedOpStateExpiryEpochSec: 0}0f1ac1f5-5b02-4bf5-a39e-40addf081f4e{ip: 10.1.0.61, host: fv-az180-867.g3pwtgv4ffyuhaixmbmm0kyh3d.gx.internal.cloudapp.net, ports: [REPLICATION=46597, RATIS=42591, RATIS_ADMIN=42591, RATIS_SERVER=42591, STANDALONE=36445], networkLocation: /default-rack, certSerialId: null, persistedOpState: null, persistedOpStateExpiryEpochSec: 0}d67d85fb-f556-421f-824a-4b9f68a177f7{ip: 10.1.0.61, host: fv-az180-867.g3pwtgv4ffyuhaixmbmm0kyh3d.gx.internal.cloudapp.net, ports: [REPLICATION=35153, RATIS=46031, RATIS_ADMIN=46031, RATIS_SERVER=46031, STANDALONE=46823], networkLocation: /default-rack, certSerialId: null, persistedOpState: null, persistedOpStateExpiryEpochSec: 0}932d31bf-cf15-45e6-97a3-7289ed74fac5{ip: 10.1.0.61, host: fv-az180-867.g3pwtgv4ffyuhaixmbmm0kyh3d.gx.internal.cloudapp.net, ports: [REPLICATION=32977, RATIS=46727, RATIS_ADMIN=46727, RATIS_SERVER=46727, STANDALONE=42369], networkLocation: /default-rack, certSerialId: null, persistedOpState: null, persistedOpStateExpiryEpochSec: 0}0f3c4d66-37ce-46af-a3a8-7219c161bdb8{ip: 10.1.0.61, host: fv-az180-867.g3pwtgv4ffyuhaixmbmm0kyh3d.gx.internal.cloudapp.net, ports: [REPLICATION=38951, RATIS=46327, RATIS_ADMIN=46327, RATIS_SERVER=46327, STANDALONE=35039], networkLocation: /default-rack, certSerialId: null, persistedOpState: null, persistedOpStateExpiryEpochSec: 0}, ReplicationConfig: EC/ECReplicationConfig{data=3, parity=2, ecChunkSize=1048576, codec=rs}, State:CLOSED, leaderId:, CreationTimestamp2022-10-08T01:38:37.748Z[Etc/UTC]] removed.
2022-10-08 01:39:34,664 [EventQueue-DeadNodeForDeadNodeHandler] INFO  pipeline.PipelineStateManagerImpl (PipelineStateManagerImpl.java:removePipeline(245)) - Pipeline Pipeline[ Id: d606262e-d7d2-44be-a067-6bb09d10e9a6, Nodes: d67d85fb-f556-421f-824a-4b9f68a177f7{ip: 10.1.0.61, host: fv-az180-867.g3pwtgv4ffyuhaixmbmm0kyh3d.gx.internal.cloudapp.net, ports: [REPLICATION=35153, RATIS=46031, RATIS_ADMIN=46031, RATIS_SERVER=46031, STANDALONE=46823], networkLocation: /default-rack, certSerialId: null, persistedOpState: null, persistedOpStateExpiryEpochSec: 0}0f3c4d66-37ce-46af-a3a8-7219c161bdb8{ip: 10.1.0.61, host: fv-az180-867.g3pwtgv4ffyuhaixmbmm0kyh3d.gx.internal.cloudapp.net, ports: [REPLICATION=38951, RATIS=46327, RATIS_ADMIN=46327, RATIS_SERVER=46327, STANDALONE=35039], networkLocation: /default-rack, certSerialId: null, persistedOpState: null, persistedOpStateExpiryEpochSec: 0}6b604ca2-684c-4b87-aad0-ccae04811294{ip: 10.1.0.61, host: fv-az180-867.g3pwtgv4ffyuhaixmbmm0kyh3d.gx.internal.cloudapp.net, ports: [REPLICATION=44087, RATIS=39343, RATIS_ADMIN=39343, RATIS_SERVER=39343, STANDALONE=44019], networkLocation: /default-rack, certSerialId: null, persistedOpState: null, persistedOpStateExpiryEpochSec: 0}0f1ac1f5-5b02-4bf5-a39e-40addf081f4e{ip: 10.1.0.61, host: fv-az180-867.g3pwtgv4ffyuhaixmbmm0kyh3d.gx.internal.cloudapp.net, ports: [REPLICATION=46597, RATIS=42591, RATIS_ADMIN=42591, RATIS_SERVER=42591, STANDALONE=36445], networkLocation: /default-rack, certSerialId: null, persistedOpState: null, persistedOpStateExpiryEpochSec: 0}932d31bf-cf15-45e6-97a3-7289ed74fac5{ip: 10.1.0.61, host: fv-az180-867.g3pwtgv4ffyuhaixmbmm0kyh3d.gx.internal.cloudapp.net, ports: [REPLICATION=32977, RATIS=46727, RATIS_ADMIN=46727, RATIS_SERVER=46727, STANDALONE=42369], networkLocation: /default-rack, certSerialId: null, persistedOpState: null, persistedOpStateExpiryEpochSec: 0}, ReplicationConfig: EC/ECReplicationConfig{data=3, parity=2, ecChunkSize=1048576, codec=rs}, State:CLOSED, leaderId:, CreationTimestamp2022-10-08T01:38:42.676Z[Etc/UTC]] removed.
2022-10-08 01:39:34,665 [EventQueue-DeadNodeForDeadNodeHandler] INFO  pipeline.PipelineStateManagerImpl (PipelineStateManagerImpl.java:removePipeline(245)) - Pipeline Pipeline[ Id: 98cc6c0a-4e50-445b-a3fa-64db71d16918, Nodes: 6b604ca2-684c-4b87-aad0-ccae04811294{ip: 10.1.0.61, host: fv-az180-867.g3pwtgv4ffyuhaixmbmm0kyh3d.gx.internal.cloudapp.net, ports: [REPLICATION=44087, RATIS=39343, RATIS_ADMIN=39343, RATIS_SERVER=39343, STANDALONE=44019], networkLocation: /default-rack, certSerialId: null, persistedOpState: null, persistedOpStateExpiryEpochSec: 0}0f1ac1f5-5b02-4bf5-a39e-40addf081f4e{ip: 10.1.0.61, host: fv-az180-867.g3pwtgv4ffyuhaixmbmm0kyh3d.gx.internal.cloudapp.net, ports: [REPLICATION=46597, RATIS=42591, RATIS_ADMIN=42591, RATIS_SERVER=42591, STANDALONE=36445], networkLocation: /default-rack, certSerialId: null, persistedOpState: null, persistedOpStateExpiryEpochSec: 0}0f3c4d66-37ce-46af-a3a8-7219c161bdb8{ip: 10.1.0.61, host: fv-az180-867.g3pwtgv4ffyuhaixmbmm0kyh3d.gx.internal.cloudapp.net, ports: [REPLICATION=38951, RATIS=46327, RATIS_ADMIN=46327, RATIS_SERVER=46327, STANDALONE=35039], networkLocation: /default-rack, certSerialId: null, persistedOpState: null, persistedOpStateExpiryEpochSec: 0}d67d85fb-f556-421f-824a-4b9f68a177f7{ip: 10.1.0.61, host: fv-az180-867.g3pwtgv4ffyuhaixmbmm0kyh3d.gx.internal.cloudapp.net, ports: [REPLICATION=35153, RATIS=46031, RATIS_ADMIN=46031, RATIS_SERVER=46031, STANDALONE=46823], networkLocation: /default-rack, certSerialId: null, persistedOpState: null, persistedOpStateExpiryEpochSec: 0}932d31bf-cf15-45e6-97a3-7289ed74fac5{ip: 10.1.0.61, host: fv-az180-867.g3pwtgv4ffyuhaixmbmm0kyh3d.gx.internal.cloudapp.net, ports: [REPLICATION=32977, RATIS=46727, RATIS_ADMIN=46727, RATIS_SERVER=46727, STANDALONE=42369], networkLocation: /default-rack, certSerialId: null, persistedOpState: null, persistedOpStateExpiryEpochSec: 0}, ReplicationConfig: EC/ECReplicationConfig{data=3, parity=2, ecChunkSize=1048576, codec=rs}, State:CLOSED, leaderId:, CreationTimestamp2022-10-08T01:38:44.148Z[Etc/UTC]] removed.
2022-10-08 01:39:34,665 [EventQueue-DeadNodeForDeadNodeHandler] INFO  pipeline.RatisPipelineProvider (RatisPipelineProvider.java:lambda$close$1(244)) - Send pipeline:PipelineID=97bd003a-c475-4099-bcba-28097638d086 close command to datanode 0f1ac1f5-5b02-4bf5-a39e-40addf081f4e
2022-10-08 01:39:34,696 [EventQueue-DeadNodeForDeadNodeHandler] INFO  pipeline.RatisPipelineProvider (RatisPipelineProvider.java:lambda$close$1(244)) - Send pipeline:PipelineID=97bd003a-c475-4099-bcba-28097638d086 close command to datanode 932d31bf-cf15-45e6-97a3-7289ed74fac5
2022-10-08 01:39:34,696 [EventQueue-DeadNodeForDeadNodeHandler] INFO  pipeline.RatisPipelineProvider (RatisPipelineProvider.java:lambda$close$1(244)) - Send pipeline:PipelineID=97bd003a-c475-4099-bcba-28097638d086 close command to datanode 6b604ca2-684c-4b87-aad0-ccae04811294
2022-10-08 01:39:34,696 [EventQueue-DeadNodeForDeadNodeHandler] INFO  pipeline.PipelineStateManagerImpl (PipelineStateManagerImpl.java:removePipeline(245)) - Pipeline Pipeline[ Id: 97bd003a-c475-4099-bcba-28097638d086, Nodes: 0f1ac1f5-5b02-4bf5-a39e-40addf081f4e{ip: 10.1.0.61, host: fv-az180-867.g3pwtgv4ffyuhaixmbmm0kyh3d.gx.internal.cloudapp.net, ports: [REPLICATION=46597, RATIS=42591, RATIS_ADMIN=42591, RATIS_SERVER=42591, STANDALONE=36445], networkLocation: /default-rack, certSerialId: null, persistedOpState: IN_SERVICE, persistedOpStateExpiryEpochSec: 0}932d31bf-cf15-45e6-97a3-7289ed74fac5{ip: 10.1.0.61, host: fv-az180-867.g3pwtgv4ffyuhaixmbmm0kyh3d.gx.internal.cloudapp.net, ports: [REPLICATION=32977, RATIS=46727, RATIS_ADMIN=46727, RATIS_SERVER=46727, STANDALONE=42369], networkLocation: /default-rack, certSerialId: null, persistedOpState: IN_SERVICE, persistedOpStateExpiryEpochSec: 0}6b604ca2-684c-4b87-aad0-ccae04811294{ip: 10.1.0.61, host: fv-az180-867.g3pwtgv4ffyuhaixmbmm0kyh3d.gx.internal.cloudapp.net, ports: [REPLICATION=44087, RATIS=39343, RATIS_ADMIN=39343, RATIS_SERVER=39343, STANDALONE=44019], networkLocation: /default-rack, certSerialId: null, persistedOpState: IN_SERVICE, persistedOpStateExpiryEpochSec: 0}, ReplicationConfig: RATIS/THREE, State:CLOSED, leaderId:6b604ca2-684c-4b87-aad0-ccae04811294, CreationTimestamp2022-10-08T01:34:59.033Z[Etc/UTC]] removed.
2022-10-08 01:39:34,696 [EventQueue-DeadNodeForDeadNodeHandler] INFO  pipeline.PipelineStateManagerImpl (PipelineStateManagerImpl.java:removePipeline(245)) - Pipeline Pipeline[ Id: 67821c0a-c00f-466e-b071-168374c6a7eb, Nodes: 932d31bf-cf15-45e6-97a3-7289ed74fac5{ip: 10.1.0.61, host: fv-az180-867.g3pwtgv4ffyuhaixmbmm0kyh3d.gx.internal.cloudapp.net, ports: [REPLICATION=32977, RATIS=46727, RATIS_ADMIN=46727, RATIS_SERVER=46727, STANDALONE=42369], networkLocation: /default-rack, certSerialId: null, persistedOpState: null, persistedOpStateExpiryEpochSec: 0}0f3c4d66-37ce-46af-a3a8-7219c161bdb8{ip: 10.1.0.61, host: fv-az180-867.g3pwtgv4ffyuhaixmbmm0kyh3d.gx.internal.cloudapp.net, ports: [REPLICATION=38951, RATIS=46327, RATIS_ADMIN=46327, RATIS_SERVER=46327, STANDALONE=35039], networkLocation: /default-rack, certSerialId: null, persistedOpState: null, persistedOpStateExpiryEpochSec: 0}6b604ca2-684c-4b87-aad0-ccae04811294{ip: 10.1.0.61, host: fv-az180-867.g3pwtgv4ffyuhaixmbmm0kyh3d.gx.internal.cloudapp.net, ports: [REPLICATION=44087, RATIS=39343, RATIS_ADMIN=39343, RATIS_SERVER=39343, STANDALONE=44019], networkLocation: /default-rack, certSerialId: null, persistedOpState: null, persistedOpStateExpiryEpochSec: 0}0f1ac1f5-5b02-4bf5-a39e-40addf081f4e{ip: 10.1.0.61, host: fv-az180-867.g3pwtgv4ffyuhaixmbmm0kyh3d.gx.internal.cloudapp.net, ports: [REPLICATION=46597, RATIS=42591, RATIS_ADMIN=42591, RATIS_SERVER=42591, STANDALONE=36445], networkLocation: /default-rack, certSerialId: null, persistedOpState: null, persistedOpStateExpiryEpochSec: 0}d67d85fb-f556-421f-824a-4b9f68a177f7{ip: 10.1.0.61, host: fv-az180-867.g3pwtgv4ffyuhaixmbmm0kyh3d.gx.internal.cloudapp.net, ports: [REPLICATION=35153, RATIS=46031, RATIS_ADMIN=46031, RATIS_SERVER=46031, STANDALONE=46823], networkLocation: /default-rack, certSerialId: null, persistedOpState: null, persistedOpStateExpiryEpochSec: 0}, ReplicationConfig: EC/ECReplicationConfig{data=3, parity=2, ecChunkSize=1048576, codec=rs}, State:CLOSED, leaderId:, CreationTimestamp2022-10-08T01:38:41.383Z[Etc/UTC]] removed.
2022-10-08 01:39:34,696 [EventQueue-DeadNodeForDeadNodeHandler] INFO  pipeline.RatisPipelineProvider (RatisPipelineProvider.java:lambda$close$1(244)) - Send pipeline:PipelineID=b34614fc-b317-4bda-80e0-d410d11d8285 close command to datanode 6b604ca2-684c-4b87-aad0-ccae04811294
2022-10-08 01:39:34,697 [EventQueue-DeadNodeForDeadNodeHandler] INFO  pipeline.PipelineStateManagerImpl (PipelineStateManagerImpl.java:removePipeline(245)) - Pipeline Pipeline[ Id: b34614fc-b317-4bda-80e0-d410d11d8285, Nodes: 6b604ca2-684c-4b87-aad0-ccae04811294{ip: 10.1.0.61, host: fv-az180-867.g3pwtgv4ffyuhaixmbmm0kyh3d.gx.internal.cloudapp.net, ports: [REPLICATION=44087, RATIS=39343, RATIS_ADMIN=39343, RATIS_SERVER=39343, STANDALONE=44019], networkLocation: /default-rack, certSerialId: null, persistedOpState: IN_SERVICE, persistedOpStateExpiryEpochSec: 0}, ReplicationConfig: RATIS/ONE, State:CLOSED, leaderId:6b604ca2-684c-4b87-aad0-ccae04811294, CreationTimestamp2022-10-08T01:34:59.032Z[Etc/UTC]] removed.
2022-10-08 01:39:34,698 [EventQueue-DeadNodeForDeadNodeHandler] INFO  net.NetworkTopologyImpl (NetworkTopologyImpl.java:remove(190)) - Removed a node: /default-rack/6b604ca2-684c-4b87-aad0-ccae04811294
2022-10-08 01:39:34,763 [EventQueue-DeadNodeForDeadNodeHandler] INFO  node.DeadNodeHandler (DeadNodeHandler.java:onMessage(81)) - A dead datanode is detected. 932d31bf-cf15-45e6-97a3-7289ed74fac5{ip: 10.1.0.61, host: fv-az180-867.g3pwtgv4ffyuhaixmbmm0kyh3d.gx.internal.cloudapp.net, ports: [REPLICATION=32977, RATIS=46727, RATIS_ADMIN=46727, RATIS_SERVER=46727, STANDALONE=42369], networkLocation: /default-rack, certSerialId: null, persistedOpState: IN_SERVICE, persistedOpStateExpiryEpochSec: 0}
2022-10-08 01:39:34,764 [EventQueue-DeadNodeForDeadNodeHandler] INFO  pipeline.RatisPipelineProvider (RatisPipelineProvider.java:lambda$close$1(244)) - Send pipeline:PipelineID=3f6bc06e-e154-49bf-b3f2-08814df4f4af close command to datanode 932d31bf-cf15-45e6-97a3-7289ed74fac5
2022-10-08 01:39:34,764 [EventQueue-DeadNodeForDeadNodeHandler] INFO  pipeline.PipelineStateManagerImpl (PipelineStateManagerImpl.java:removePipeline(245)) - Pipeline Pipeline[ Id: 3f6bc06e-e154-49bf-b3f2-08814df4f4af, Nodes: 932d31bf-cf15-45e6-97a3-7289ed74fac5{ip: 10.1.0.61, host: fv-az180-867.g3pwtgv4ffyuhaixmbmm0kyh3d.gx.internal.cloudapp.net, ports: [REPLICATION=32977, RATIS=46727, RATIS_ADMIN=46727, RATIS_SERVER=46727, STANDALONE=42369], networkLocation: /default-rack, certSerialId: null, persistedOpState: IN_SERVICE, persistedOpStateExpiryEpochSec: 0}, ReplicationConfig: RATIS/ONE, State:CLOSED, leaderId:932d31bf-cf15-45e6-97a3-7289ed74fac5, CreationTimestamp2022-10-08T01:34:57.348Z[Etc/UTC]] removed.
2022-10-08 01:39:34,764 [EventQueue-DeadNodeForDeadNodeHandler] INFO  net.NetworkTopologyImpl (NetworkTopologyImpl.java:remove(190)) - Removed a node: /default-rack/932d31bf-cf15-45e6-97a3-7289ed74fac5
2022-10-08 01:39:35,487 [ReplicationMonitor] INFO  replication.LegacyReplicationManager (LegacyReplicationManager.java:sendCloseCommand(1512)) - Sending close container command for container #1 to datanode 0f1ac1f5-5b02-4bf5-a39e-40addf081f4e{ip: 10.1.0.61, host: fv-az180-867.g3pwtgv4ffyuhaixmbmm0kyh3d.gx.internal.cloudapp.net, ports: [REPLICATION=46597, RATIS=42591, RATIS_ADMIN=42591, RATIS_SERVER=42591, STANDALONE=36445], networkLocation: /default-rack, certSerialId: null, persistedOpState: IN_SERVICE, persistedOpStateExpiryEpochSec: 0}.
2022-10-08 01:39:35,487 [ReplicationMonitor] INFO  replication.LegacyReplicationManager (LegacyReplicationManager.java:sendCloseCommand(1512)) - Sending close container command for container #2 to datanode 0f1ac1f5-5b02-4bf5-a39e-40addf081f4e{ip: 10.1.0.61, host: fv-az180-867.g3pwtgv4ffyuhaixmbmm0kyh3d.gx.internal.cloudapp.net, ports: [REPLICATION=46597, RATIS=42591, RATIS_ADMIN=42591, RATIS_SERVER=42591, STANDALONE=36445], networkLocation: /default-rack, certSerialId: null, persistedOpState: IN_SERVICE, persistedOpStateExpiryEpochSec: 0}.
2022-10-08 01:39:35,487 [ReplicationMonitor] INFO  replication.LegacyReplicationManager (LegacyReplicationManager.java:sendCloseCommand(1512)) - Sending close container command for container #3 to datanode 0f1ac1f5-5b02-4bf5-a39e-40addf081f4e{ip: 10.1.0.61, host: fv-az180-867.g3pwtgv4ffyuhaixmbmm0kyh3d.gx.internal.cloudapp.net, ports: [REPLICATION=46597, RATIS=42591, RATIS_ADMIN=42591, RATIS_SERVER=42591, STANDALONE=36445], networkLocation: /default-rack, certSerialId: null, persistedOpState: IN_SERVICE, persistedOpStateExpiryEpochSec: 0}.
2022-10-08 01:39:35,488 [ReplicationMonitor] INFO  replication.ReplicationManager (ReplicationManager.java:processAll(324)) - Replication Monitor Thread took 1 milliseconds for processing 7 containers.
2022-10-08 01:39:36,300 [Listener at 127.0.0.1/42695] INFO  utils.BackgroundService (BackgroundService.java:shutdown(141)) - Shutting down service BlockDeletingService
2022-10-08 01:39:36,303 [Listener at 127.0.0.1/42695] INFO  utils.BackgroundService (BackgroundService.java:shutdown(141)) - Shutting down service StaleRecoveringContainerScrubbingService
2022-10-08 01:39:36,426 [ForkJoinPool.commonPool-worker-0] INFO  utils.BackgroundService (BackgroundService.java:shutdown(141)) - Shutting down service BlockDeletingService
2022-10-08 01:39:36,432 [ForkJoinPool.commonPool-worker-0] INFO  utils.BackgroundService (BackgroundService.java:shutdown(141)) - Shutting down service StaleRecoveringContainerScrubbingService
2022-10-08 01:39:36,462 [Command processor thread] INFO  server.RaftServer (RaftServerProxy.java:remove(107)) - 0f1ac1f5-5b02-4bf5-a39e-40addf081f4e: remove  FOLLOWER 0f1ac1f5-5b02-4bf5-a39e-40addf081f4e@group-28097638D086:t7, leader=6b604ca2-684c-4b87-aad0-ccae04811294, voted=6b604ca2-684c-4b87-aad0-ccae04811294, raftlog=0f1ac1f5-5b02-4bf5-a39e-40addf081f4e@group-28097638D086-SegmentedRaftLog:OPENED:c259, conf=0: [6b604ca2-684c-4b87-aad0-ccae04811294|rpc:10.1.0.61:39343|dataStream:|priority:1, 932d31bf-cf15-45e6-97a3-7289ed74fac5|rpc:10.1.0.61:46727|dataStream:|priority:0, 0f1ac1f5-5b02-4bf5-a39e-40addf081f4e|rpc:10.1.0.61:42591|dataStream:|priority:0], old=null RUNNING
2022-10-08 01:39:36,462 [Command processor thread] INFO  server.RaftServer$Division (RaftServerImpl.java:lambda$close$4(434)) - 0f1ac1f5-5b02-4bf5-a39e-40addf081f4e@group-28097638D086: shutdown
2022-10-08 01:39:36,463 [Command processor thread] INFO  util.JmxRegister (JmxRegister.java:unregister(73)) - Successfully un-registered JMX Bean with object name Ratis:service=RaftServer,group=group-28097638D086,id=0f1ac1f5-5b02-4bf5-a39e-40addf081f4e
2022-10-08 01:39:36,463 [Command processor thread] INFO  impl.RoleInfo (RoleInfo.java:shutdownFollowerState(110)) - 0f1ac1f5-5b02-4bf5-a39e-40addf081f4e: shutdown 0f1ac1f5-5b02-4bf5-a39e-40addf081f4e@group-28097638D086-FollowerState
2022-10-08 01:39:36,463 [Command processor thread] INFO  impl.StateMachineUpdater (StateMachineUpdater.java:stopAndJoin(153)) - 0f1ac1f5-5b02-4bf5-a39e-40addf081f4e@group-28097638D086-StateMachineUpdater: set stopIndex = 259
2022-10-08 01:39:36,463 [0f1ac1f5-5b02-4bf5-a39e-40addf081f4e@group-28097638D086-FollowerState] INFO  impl.FollowerState (FollowerState.java:run(152)) - 0f1ac1f5-5b02-4bf5-a39e-40addf081f4e@group-28097638D086-FollowerState was interrupted
2022-10-08 01:39:36,463 [0f1ac1f5-5b02-4bf5-a39e-40addf081f4e@group-28097638D086-StateMachineUpdater] INFO  ratis.ContainerStateMachine (ContainerStateMachine.java:takeSnapshot(304)) - group-28097638D086: Taking a snapshot at:(t:7, i:259) file /home/runner/work/ozone/ozone/hadoop-ozone/integration-test/target/test-dir/MiniOzoneClusterImpl-5d0d2deb-5324-41ce-86fc-5a78a6428163/datanode-0/data/ratis/97bd003a-c475-4099-bcba-28097638d086/sm/snapshot.7_259
2022-10-08 01:39:36,476 [0f1ac1f5-5b02-4bf5-a39e-40addf081f4e@group-28097638D086-StateMachineUpdater] INFO  ratis.ContainerStateMachine (ContainerStateMachine.java:takeSnapshot(315)) - group-28097638D086: Finished taking a snapshot at:(t:7, i:259) file:/home/runner/work/ozone/ozone/hadoop-ozone/integration-test/target/test-dir/MiniOzoneClusterImpl-5d0d2deb-5324-41ce-86fc-5a78a6428163/datanode-0/data/ratis/97bd003a-c475-4099-bcba-28097638d086/sm/snapshot.7_259 took: 14 ms
2022-10-08 01:39:36,477 [0f1ac1f5-5b02-4bf5-a39e-40addf081f4e@group-28097638D086-StateMachineUpdater] INFO  impl.StateMachineUpdater (StateMachineUpdater.java:takeSnapshot(287)) - 0f1ac1f5-5b02-4bf5-a39e-40addf081f4e@group-28097638D086-StateMachineUpdater: Took a snapshot at index 259
2022-10-08 01:39:36,477 [0f1ac1f5-5b02-4bf5-a39e-40addf081f4e@group-28097638D086-StateMachineUpdater] INFO  impl.StateMachineUpdater (StateMachineUpdater.java:lambda$new$0(92)) - 0f1ac1f5-5b02-4bf5-a39e-40addf081f4e@group-28097638D086-StateMachineUpdater: snapshotIndex: updateIncreasingly -1 -> 259
2022-10-08 01:39:36,480 [Command processor thread] INFO  server.RaftServer$Division (ServerState.java:close(429)) - 0f1ac1f5-5b02-4bf5-a39e-40addf081f4e@group-28097638D086: closes. applyIndex: 259
2022-10-08 01:39:36,488 [0f1ac1f5-5b02-4bf5-a39e-40addf081f4e@group-28097638D086-SegmentedRaftLogWorker] INFO  segmented.SegmentedRaftLogWorker (SegmentedRaftLogWorker.java:run(336)) - 0f1ac1f5-5b02-4bf5-a39e-40addf081f4e@group-28097638D086-SegmentedRaftLogWorker was interrupted, exiting. There are 0 tasks remaining in the queue.
2022-10-08 01:39:36,488 [Command processor thread] INFO  segmented.SegmentedRaftLogWorker (SegmentedRaftLogWorker.java:close(246)) - 0f1ac1f5-5b02-4bf5-a39e-40addf081f4e@group-28097638D086-SegmentedRaftLogWorker close()
2022-10-08 01:39:36,488 [ReplicationMonitor] INFO  replication.LegacyReplicationManager (LegacyReplicationManager.java:sendCloseCommand(1512)) - Sending close container command for container #1 to datanode 0f1ac1f5-5b02-4bf5-a39e-40addf081f4e{ip: 10.1.0.61, host: fv-az180-867.g3pwtgv4ffyuhaixmbmm0kyh3d.gx.internal.cloudapp.net, ports: [REPLICATION=46597, RATIS=42591, RATIS_ADMIN=42591, RATIS_SERVER=42591, STANDALONE=36445], networkLocation: /default-rack, certSerialId: null, persistedOpState: IN_SERVICE, persistedOpStateExpiryEpochSec: 0}.
2022-10-08 01:39:36,488 [ReplicationMonitor] INFO  replication.LegacyReplicationManager (LegacyReplicationManager.java:sendCloseCommand(1512)) - Sending close container command for container #2 to datanode 0f1ac1f5-5b02-4bf5-a39e-40addf081f4e{ip: 10.1.0.61, host: fv-az180-867.g3pwtgv4ffyuhaixmbmm0kyh3d.gx.internal.cloudapp.net, ports: [REPLICATION=46597, RATIS=42591, RATIS_ADMIN=42591, RATIS_SERVER=42591, STANDALONE=36445], networkLocation: /default-rack, certSerialId: null, persistedOpState: IN_SERVICE, persistedOpStateExpiryEpochSec: 0}.
2022-10-08 01:39:36,488 [ReplicationMonitor] INFO  replication.LegacyReplicationManager (LegacyReplicationManager.java:sendCloseCommand(1512)) - Sending close container command for container #3 to datanode 0f1ac1f5-5b02-4bf5-a39e-40addf081f4e{ip: 10.1.0.61, host: fv-az180-867.g3pwtgv4ffyuhaixmbmm0kyh3d.gx.internal.cloudapp.net, ports: [REPLICATION=46597, RATIS=42591, RATIS_ADMIN=42591, RATIS_SERVER=42591, STANDALONE=36445], networkLocation: /default-rack, certSerialId: null, persistedOpState: IN_SERVICE, persistedOpStateExpiryEpochSec: 0}.
2022-10-08 01:39:36,488 [ReplicationMonitor] INFO  replication.ReplicationManager (ReplicationManager.java:processAll(324)) - Replication Monitor Thread took 1 milliseconds for processing 7 containers.
2022-10-08 01:39:36,751 [Command processor thread] INFO  keyvalue.KeyValueContainer (KeyValueContainer.java:flushAndSyncDB(436)) - Container 1 is synced with bcsId 249.
2022-10-08 01:39:36,754 [Command processor thread] INFO  keyvalue.KeyValueContainer (KeyValueContainer.java:flushAndSyncDB(436)) - Container 1 is synced with bcsId 249.
2022-10-08 01:39:36,763 [FixedThreadPoolWithAffinityExecutor-9-0] INFO  container.IncrementalContainerReportHandler (AbstractContainerReportHandler.java:updateContainerState(285)) - Moving container #1 to QUASI_CLOSED state, datanode 0f1ac1f5-5b02-4bf5-a39e-40addf081f4e{ip: 10.1.0.61, host: fv-az180-867.g3pwtgv4ffyuhaixmbmm0kyh3d.gx.internal.cloudapp.net, ports: [REPLICATION=46597, RATIS=42591, RATIS_ADMIN=42591, RATIS_SERVER=42591, STANDALONE=36445], networkLocation: /default-rack, certSerialId: null, persistedOpState: IN_SERVICE, persistedOpStateExpiryEpochSec: 0} reported QUASI_CLOSED replica.
2022-10-08 01:39:36,978 [Command processor thread] INFO  keyvalue.KeyValueContainer (KeyValueContainer.java:flushAndSyncDB(436)) - Container 2 is synced with bcsId 256.
2022-10-08 01:39:36,980 [Command processor thread] INFO  keyvalue.KeyValueContainer (KeyValueContainer.java:flushAndSyncDB(436)) - Container 2 is synced with bcsId 256.
2022-10-08 01:39:37,000 [FixedThreadPoolWithAffinityExecutor-8-0] INFO  container.IncrementalContainerReportHandler (AbstractContainerReportHandler.java:updateContainerState(285)) - Moving container #2 to QUASI_CLOSED state, datanode 0f1ac1f5-5b02-4bf5-a39e-40addf081f4e{ip: 10.1.0.61, host: fv-az180-867.g3pwtgv4ffyuhaixmbmm0kyh3d.gx.internal.cloudapp.net, ports: [REPLICATION=46597, RATIS=42591, RATIS_ADMIN=42591, RATIS_SERVER=42591, STANDALONE=36445], networkLocation: /default-rack, certSerialId: null, persistedOpState: IN_SERVICE, persistedOpStateExpiryEpochSec: 0} reported QUASI_CLOSED replica.
2022-10-08 01:39:37,080 [Command processor thread] INFO  keyvalue.KeyValueContainer (KeyValueContainer.java:flushAndSyncDB(436)) - Container 3 is synced with bcsId 235.
2022-10-08 01:39:37,082 [Command processor thread] INFO  keyvalue.KeyValueContainer (KeyValueContainer.java:flushAndSyncDB(436)) - Container 3 is synced with bcsId 235.
2022-10-08 01:39:37,090 [Command processor thread] INFO  server.RaftServer$Division (RaftServerImpl.java:groupRemove(404)) - 0f1ac1f5-5b02-4bf5-a39e-40addf081f4e@group-28097638D086: Succeed to remove RaftStorageDirectory Storage Directory /home/runner/work/ozone/ozone/hadoop-ozone/integration-test/target/test-dir/MiniOzoneClusterImpl-5d0d2deb-5324-41ce-86fc-5a78a6428163/datanode-0/data/ratis/97bd003a-c475-4099-bcba-28097638d086
2022-10-08 01:39:37,090 [Command processor thread] INFO  commandhandler.ClosePipelineCommandHandler (ClosePipelineCommandHandler.java:handle(78)) - Close Pipeline PipelineID=97bd003a-c475-4099-bcba-28097638d086 command on datanode 0f1ac1f5-5b02-4bf5-a39e-40addf081f4e.
2022-10-08 01:39:37,096 [FixedThreadPoolWithAffinityExecutor-1-0] INFO  container.IncrementalContainerReportHandler (AbstractContainerReportHandler.java:updateContainerState(285)) - Moving container #3 to QUASI_CLOSED state, datanode 0f1ac1f5-5b02-4bf5-a39e-40addf081f4e{ip: 10.1.0.61, host: fv-az180-867.g3pwtgv4ffyuhaixmbmm0kyh3d.gx.internal.cloudapp.net, ports: [REPLICATION=46597, RATIS=42591, RATIS_ADMIN=42591, RATIS_SERVER=42591, STANDALONE=36445], networkLocation: /default-rack, certSerialId: null, persistedOpState: IN_SERVICE, persistedOpStateExpiryEpochSec: 0} reported QUASI_CLOSED replica.
2022-10-08 01:39:37,489 [ReplicationMonitor] INFO  replication.LegacyReplicationManager (LegacyReplicationManager.java:handleUnderReplicatedContainer(1195)) - Container #1 is under replicated. Expected replica count is 3, but found 1.
2022-10-08 01:39:37,490 [ReplicationMonitor] INFO  replication.LegacyReplicationManager (LegacyReplicationManager.java:sendReplicateCommand(1559)) - Sending replicate container command for container #1 to datanode 0f3c4d66-37ce-46af-a3a8-7219c161bdb8{ip: 10.1.0.61, host: fv-az180-867.g3pwtgv4ffyuhaixmbmm0kyh3d.gx.internal.cloudapp.net, ports: [REPLICATION=38951, RATIS=46327, RATIS_ADMIN=46327, RATIS_SERVER=46327, STANDALONE=35039], networkLocation: /default-rack, certSerialId: null, persistedOpState: IN_SERVICE, persistedOpStateExpiryEpochSec: 0} from datanodes [0f1ac1f5-5b02-4bf5-a39e-40addf081f4e{ip: 10.1.0.61, host: fv-az180-867.g3pwtgv4ffyuhaixmbmm0kyh3d.gx.internal.cloudapp.net, ports: [REPLICATION=46597, RATIS=42591, RATIS_ADMIN=42591, RATIS_SERVER=42591, STANDALONE=36445], networkLocation: /default-rack, certSerialId: null, persistedOpState: IN_SERVICE, persistedOpStateExpiryEpochSec: 0}]
2022-10-08 01:39:37,490 [ReplicationMonitor] INFO  replication.LegacyReplicationManager (LegacyReplicationManager.java:sendReplicateCommand(1559)) - Sending replicate container command for container #1 to datanode d67d85fb-f556-421f-824a-4b9f68a177f7{ip: 10.1.0.61, host: fv-az180-867.g3pwtgv4ffyuhaixmbmm0kyh3d.gx.internal.cloudapp.net, ports: [REPLICATION=35153, RATIS=46031, RATIS_ADMIN=46031, RATIS_SERVER=46031, STANDALONE=46823], networkLocation: /default-rack, certSerialId: null, persistedOpState: IN_SERVICE, persistedOpStateExpiryEpochSec: 0} from datanodes [0f1ac1f5-5b02-4bf5-a39e-40addf081f4e{ip: 10.1.0.61, host: fv-az180-867.g3pwtgv4ffyuhaixmbmm0kyh3d.gx.internal.cloudapp.net, ports: [REPLICATION=46597, RATIS=42591, RATIS_ADMIN=42591, RATIS_SERVER=42591, STANDALONE=36445], networkLocation: /default-rack, certSerialId: null, persistedOpState: IN_SERVICE, persistedOpStateExpiryEpochSec: 0}]
2022-10-08 01:39:37,490 [ReplicationMonitor] INFO  replication.LegacyReplicationManager (LegacyReplicationManager.java:handleUnderReplicatedContainer(1195)) - Container #2 is under replicated. Expected replica count is 3, but found 1.
2022-10-08 01:39:37,490 [ReplicationMonitor] INFO  replication.LegacyReplicationManager (LegacyReplicationManager.java:sendReplicateCommand(1559)) - Sending replicate container command for container #2 to datanode 0f3c4d66-37ce-46af-a3a8-7219c161bdb8{ip: 10.1.0.61, host: fv-az180-867.g3pwtgv4ffyuhaixmbmm0kyh3d.gx.internal.cloudapp.net, ports: [REPLICATION=38951, RATIS=46327, RATIS_ADMIN=46327, RATIS_SERVER=46327, STANDALONE=35039], networkLocation: /default-rack, certSerialId: null, persistedOpState: IN_SERVICE, persistedOpStateExpiryEpochSec: 0} from datanodes [0f1ac1f5-5b02-4bf5-a39e-40addf081f4e{ip: 10.1.0.61, host: fv-az180-867.g3pwtgv4ffyuhaixmbmm0kyh3d.gx.internal.cloudapp.net, ports: [REPLICATION=46597, RATIS=42591, RATIS_ADMIN=42591, RATIS_SERVER=42591, STANDALONE=36445], networkLocation: /default-rack, certSerialId: null, persistedOpState: IN_SERVICE, persistedOpStateExpiryEpochSec: 0}]
2022-10-08 01:39:37,490 [ReplicationMonitor] INFO  replication.LegacyReplicationManager (LegacyReplicationManager.java:sendReplicateCommand(1559)) - Sending replicate container command for container #2 to datanode d67d85fb-f556-421f-824a-4b9f68a177f7{ip: 10.1.0.61, host: fv-az180-867.g3pwtgv4ffyuhaixmbmm0kyh3d.gx.internal.cloudapp.net, ports: [REPLICATION=35153, RATIS=46031, RATIS_ADMIN=46031, RATIS_SERVER=46031, STANDALONE=46823], networkLocation: /default-rack, certSerialId: null, persistedOpState: IN_SERVICE, persistedOpStateExpiryEpochSec: 0} from datanodes [0f1ac1f5-5b02-4bf5-a39e-40addf081f4e{ip: 10.1.0.61, host: fv-az180-867.g3pwtgv4ffyuhaixmbmm0kyh3d.gx.internal.cloudapp.net, ports: [REPLICATION=46597, RATIS=42591, RATIS_ADMIN=42591, RATIS_SERVER=42591, STANDALONE=36445], networkLocation: /default-rack, certSerialId: null, persistedOpState: IN_SERVICE, persistedOpStateExpiryEpochSec: 0}]
2022-10-08 01:39:37,490 [ReplicationMonitor] INFO  replication.LegacyReplicationManager (LegacyReplicationManager.java:handleUnderReplicatedContainer(1195)) - Container #3 is under replicated. Expected replica count is 3, but found 1.
2022-10-08 01:39:37,490 [ReplicationMonitor] INFO  replication.LegacyReplicationManager (LegacyReplicationManager.java:sendReplicateCommand(1559)) - Sending replicate container command for container #3 to datanode 0f3c4d66-37ce-46af-a3a8-7219c161bdb8{ip: 10.1.0.61, host: fv-az180-867.g3pwtgv4ffyuhaixmbmm0kyh3d.gx.internal.cloudapp.net, ports: [REPLICATION=38951, RATIS=46327, RATIS_ADMIN=46327, RATIS_SERVER=46327, STANDALONE=35039], networkLocation: /default-rack, certSerialId: null, persistedOpState: IN_SERVICE, persistedOpStateExpiryEpochSec: 0} from datanodes [0f1ac1f5-5b02-4bf5-a39e-40addf081f4e{ip: 10.1.0.61, host: fv-az180-867.g3pwtgv4ffyuhaixmbmm0kyh3d.gx.internal.cloudapp.net, ports: [REPLICATION=46597, RATIS=42591, RATIS_ADMIN=42591, RATIS_SERVER=42591, STANDALONE=36445], networkLocation: /default-rack, certSerialId: null, persistedOpState: IN_SERVICE, persistedOpStateExpiryEpochSec: 0}]
2022-10-08 01:39:37,490 [ReplicationMonitor] INFO  replication.LegacyReplicationManager (LegacyReplicationManager.java:sendReplicateCommand(1559)) - Sending replicate container command for container #3 to datanode d67d85fb-f556-421f-824a-4b9f68a177f7{ip: 10.1.0.61, host: fv-az180-867.g3pwtgv4ffyuhaixmbmm0kyh3d.gx.internal.cloudapp.net, ports: [REPLICATION=35153, RATIS=46031, RATIS_ADMIN=46031, RATIS_SERVER=46031, STANDALONE=46823], networkLocation: /default-rack, certSerialId: null, persistedOpState: IN_SERVICE, persistedOpStateExpiryEpochSec: 0} from datanodes [0f1ac1f5-5b02-4bf5-a39e-40addf081f4e{ip: 10.1.0.61, host: fv-az180-867.g3pwtgv4ffyuhaixmbmm0kyh3d.gx.internal.cloudapp.net, ports: [REPLICATION=46597, RATIS=42591, RATIS_ADMIN=42591, RATIS_SERVER=42591, STANDALONE=36445], networkLocation: /default-rack, certSerialId: null, persistedOpState: IN_SERVICE, persistedOpStateExpiryEpochSec: 0}]
2022-10-08 01:39:37,490 [ReplicationMonitor] INFO  replication.ReplicationManager (ReplicationManager.java:processAll(324)) - Replication Monitor Thread took 2 milliseconds for processing 7 containers.
2022-10-08 01:39:38,491 [ReplicationMonitor] INFO  replication.ReplicationManager (ReplicationManager.java:processAll(324)) - Replication Monitor Thread took 0 milliseconds for processing 7 containers.
2022-10-08 01:39:38,988 [ContainerReplicationThread-1] INFO  replication.DownloadAndImportReplicator (DownloadAndImportReplicator.java:replicate(105)) - Starting replication of container 2 from [0f1ac1f5-5b02-4bf5-a39e-40addf081f4e{ip: 10.1.0.61, host: fv-az180-867.g3pwtgv4ffyuhaixmbmm0kyh3d.gx.internal.cloudapp.net, ports: [REPLICATION=46597, RATIS=42591, RATIS_ADMIN=42591, RATIS_SERVER=42591, STANDALONE=36445], networkLocation: /default-rack, certSerialId: null, persistedOpState: IN_SERVICE, persistedOpStateExpiryEpochSec: 0}]
2022-10-08 01:39:38,988 [ContainerReplicationThread-2] INFO  replication.DownloadAndImportReplicator (DownloadAndImportReplicator.java:replicate(105)) - Starting replication of container 3 from [0f1ac1f5-5b02-4bf5-a39e-40addf081f4e{ip: 10.1.0.61, host: fv-az180-867.g3pwtgv4ffyuhaixmbmm0kyh3d.gx.internal.cloudapp.net, ports: [REPLICATION=46597, RATIS=42591, RATIS_ADMIN=42591, RATIS_SERVER=42591, STANDALONE=36445], networkLocation: /default-rack, certSerialId: null, persistedOpState: IN_SERVICE, persistedOpStateExpiryEpochSec: 0}]
2022-10-08 01:39:38,990 [ContainerReplicationThread-0] INFO  replication.DownloadAndImportReplicator (DownloadAndImportReplicator.java:replicate(105)) - Starting replication of container 1 from [0f1ac1f5-5b02-4bf5-a39e-40addf081f4e{ip: 10.1.0.61, host: fv-az180-867.g3pwtgv4ffyuhaixmbmm0kyh3d.gx.internal.cloudapp.net, ports: [REPLICATION=46597, RATIS=42591, RATIS_ADMIN=42591, RATIS_SERVER=42591, STANDALONE=36445], networkLocation: /default-rack, certSerialId: null, persistedOpState: IN_SERVICE, persistedOpStateExpiryEpochSec: 0}]
2022-10-08 01:39:39,061 [grpc-default-executor-8] INFO  replication.GrpcReplicationService (GrpcReplicationService.java:download(52)) - Streaming container data (3) to other datanode
2022-10-08 01:39:39,124 [grpc-default-executor-11] INFO  replication.GrpcReplicationService (GrpcReplicationService.java:download(52)) - Streaming container data (2) to other datanode
2022-10-08 01:39:39,144 [grpc-default-executor-10] INFO  replication.GrpcReplicationService (GrpcReplicationService.java:download(52)) - Streaming container data (1) to other datanode
2022-10-08 01:39:39,369 [Listener at 127.0.0.1/42695] INFO  statemachine.DatanodeStateMachine (DatanodeStateMachine.java:stopDaemon(580)) - Ozone container server stopped.
2022-10-08 01:39:39,416 [Listener at 127.0.0.1/42695] INFO  handler.ContextHandler (ContextHandler.java:doStop(1153)) - Stopped o.e.j.w.WebAppContext@5bc5f2cc{hddsDatanode,/,null,STOPPED}{jar:file:/home/runner/.m2/repository/org/apache/ozone/hdds-container-service/1.3.0-SNAPSHOT/hdds-container-service-1.3.0-SNAPSHOT.jar!/webapps/hddsDatanode}
2022-10-08 01:39:39,417 [Listener at 127.0.0.1/42695] INFO  server.AbstractConnector (AbstractConnector.java:doStop(381)) - Stopped ServerConnector@6a603422{HTTP/1.1, (http/1.1)}{0.0.0.0:0}
2022-10-08 01:39:39,417 [Listener at 127.0.0.1/42695] INFO  server.session (HouseKeeper.java:stopScavenging(149)) - node0 Stopped scavenging
2022-10-08 01:39:39,417 [Listener at 127.0.0.1/42695] INFO  handler.ContextHandler (ContextHandler.java:doStop(1153)) - Stopped o.e.j.s.ServletContextHandler@738711cc{static,/static,jar:file:/home/runner/.m2/repository/org/apache/ozone/hdds-container-service/1.3.0-SNAPSHOT/hdds-container-service-1.3.0-SNAPSHOT.jar!/webapps/static,STOPPED}
2022-10-08 01:39:39,417 [Listener at 127.0.0.1/42695] INFO  handler.ContextHandler (ContextHandler.java:doStop(1153)) - Stopped o.e.j.s.ServletContextHandler@53a0d056{logs,/logs,file:///home/runner/work/ozone/ozone/hadoop-ozone/integration-test/target/log,STOPPED}
2022-10-08 01:39:39,448 [ForkJoinPool.commonPool-worker-0] INFO  statemachine.DatanodeStateMachine (DatanodeStateMachine.java:stopDaemon(580)) - Ozone container server stopped.
2022-10-08 01:39:39,468 [ContainerReplicationThread-0] INFO  replication.DownloadAndImportReplicator (DownloadAndImportReplicator.java:replicate(105)) - Starting replication of container 1 from [0f1ac1f5-5b02-4bf5-a39e-40addf081f4e{ip: 10.1.0.61, host: fv-az180-867.g3pwtgv4ffyuhaixmbmm0kyh3d.gx.internal.cloudapp.net, ports: [REPLICATION=46597, RATIS=42591, RATIS_ADMIN=42591, RATIS_SERVER=42591, STANDALONE=36445], networkLocation: /default-rack, certSerialId: null, persistedOpState: IN_SERVICE, persistedOpStateExpiryEpochSec: 0}]
2022-10-08 01:39:39,473 [grpc-default-executor-3] INFO  replication.GrpcReplicationService (GrpcReplicationService.java:download(52)) - Streaming container data (1) to other datanode
2022-10-08 01:39:39,475 [ContainerReplicationThread-1] INFO  replication.DownloadAndImportReplicator (DownloadAndImportReplicator.java:replicate(105)) - Starting replication of container 2 from [0f1ac1f5-5b02-4bf5-a39e-40addf081f4e{ip: 10.1.0.61, host: fv-az180-867.g3pwtgv4ffyuhaixmbmm0kyh3d.gx.internal.cloudapp.net, ports: [REPLICATION=46597, RATIS=42591, RATIS_ADMIN=42591, RATIS_SERVER=42591, STANDALONE=36445], networkLocation: /default-rack, certSerialId: null, persistedOpState: IN_SERVICE, persistedOpStateExpiryEpochSec: 0}]
2022-10-08 01:39:39,478 [grpc-default-executor-14] INFO  replication.GrpcReplicationService (GrpcReplicationService.java:download(52)) - Streaming container data (2) to other datanode
2022-10-08 01:39:39,492 [ReplicationMonitor] INFO  replication.ReplicationManager (ReplicationManager.java:processAll(324)) - Replication Monitor Thread took 1 milliseconds for processing 7 containers.
2022-10-08 01:39:39,504 [ContainerReplicationThread-2] INFO  replication.DownloadAndImportReplicator (DownloadAndImportReplicator.java:replicate(105)) - Starting replication of container 3 from [0f1ac1f5-5b02-4bf5-a39e-40addf081f4e{ip: 10.1.0.61, host: fv-az180-867.g3pwtgv4ffyuhaixmbmm0kyh3d.gx.internal.cloudapp.net, ports: [REPLICATION=46597, RATIS=42591, RATIS_ADMIN=42591, RATIS_SERVER=42591, STANDALONE=36445], networkLocation: /default-rack, certSerialId: null, persistedOpState: IN_SERVICE, persistedOpStateExpiryEpochSec: 0}]
2022-10-08 01:39:39,512 [ForkJoinPool.commonPool-worker-0] INFO  handler.ContextHandler (ContextHandler.java:doStop(1153)) - Stopped o.e.j.w.WebAppContext@7c3a161b{hddsDatanode,/,null,STOPPED}{jar:file:/home/runner/.m2/repository/org/apache/ozone/hdds-container-service/1.3.0-SNAPSHOT/hdds-container-service-1.3.0-SNAPSHOT.jar!/webapps/hddsDatanode}
2022-10-08 01:39:39,513 [ForkJoinPool.commonPool-worker-0] INFO  server.AbstractConnector (AbstractConnector.java:doStop(381)) - Stopped ServerConnector@4487cd53{HTTP/1.1, (http/1.1)}{0.0.0.0:0}
2022-10-08 01:39:39,513 [ForkJoinPool.commonPool-worker-0] INFO  server.session (HouseKeeper.java:stopScavenging(149)) - node0 Stopped scavenging
2022-10-08 01:39:39,514 [ForkJoinPool.commonPool-worker-0] INFO  handler.ContextHandler (ContextHandler.java:doStop(1153)) - Stopped o.e.j.s.ServletContextHandler@10f21098{static,/static,jar:file:/home/runner/.m2/repository/org/apache/ozone/hdds-container-service/1.3.0-SNAPSHOT/hdds-container-service-1.3.0-SNAPSHOT.jar!/webapps/static,STOPPED}
2022-10-08 01:39:39,516 [ForkJoinPool.commonPool-worker-0] INFO  handler.ContextHandler (ContextHandler.java:doStop(1153)) - Stopped o.e.j.s.ServletContextHandler@765b3f2{logs,/logs,file:///home/runner/work/ozone/ozone/hadoop-ozone/integration-test/target/log,STOPPED}
2022-10-08 01:39:39,626 [grpc-default-executor-12] INFO  replication.GrpcReplicationService (GrpcReplicationService.java:download(52)) - Streaming container data (3) to other datanode
2022-10-08 01:39:40,496 [ReplicationMonitor] INFO  replication.ReplicationManager (ReplicationManager.java:processAll(324)) - Replication Monitor Thread took 0 milliseconds for processing 7 containers.
2022-10-08 01:39:40,885 [Listener at 127.0.0.1/42695] ERROR report.ReportManager (ReportManager.java:shutdown(83)) - Failed to shutdown Report Manager
java.lang.InterruptedException
	at java.util.concurrent.locks.AbstractQueuedSynchronizer$ConditionObject.awaitNanos(AbstractQueuedSynchronizer.java:2072)
	at java.util.concurrent.ThreadPoolExecutor.awaitTermination(ThreadPoolExecutor.java:1475)
	at org.apache.hadoop.ozone.container.common.report.ReportManager.shutdown(ReportManager.java:81)
	at org.apache.hadoop.ozone.container.common.statemachine.DatanodeStateMachine.stopDaemon(DatanodeStateMachine.java:578)
	at org.apache.hadoop.ozone.HddsDatanodeService.stop(HddsDatanodeService.java:571)
	at org.apache.hadoop.ozone.MiniOzoneClusterImpl.stopDatanode(MiniOzoneClusterImpl.java:530)
	at java.util.stream.ForEachOps$ForEachOp$OfRef.accept(ForEachOps.java:183)
	at java.util.ArrayList$ArrayListSpliterator.forEachRemaining(ArrayList.java:1384)
	at java.util.stream.AbstractPipeline.copyInto(AbstractPipeline.java:482)
	at java.util.stream.ForEachOps$ForEachTask.compute(ForEachOps.java:290)
	at java.util.concurrent.CountedCompleter.exec(CountedCompleter.java:731)
	at java.util.concurrent.ForkJoinTask.doExec(ForkJoinTask.java:289)
	at java.util.concurrent.ForkJoinPool.helpComplete(ForkJoinPool.java:1870)
	at java.util.concurrent.ForkJoinPool.externalHelpComplete(ForkJoinPool.java:2467)
	at java.util.concurrent.ForkJoinTask.externalAwaitDone(ForkJoinTask.java:324)
	at java.util.concurrent.ForkJoinTask.doInvoke(ForkJoinTask.java:405)
	at java.util.concurrent.ForkJoinTask.invoke(ForkJoinTask.java:734)
	at java.util.stream.ForEachOps$ForEachOp.evaluateParallel(ForEachOps.java:159)
	at java.util.stream.ForEachOps$ForEachOp$OfRef.evaluateParallel(ForEachOps.java:173)
	at java.util.stream.AbstractPipeline.evaluate(AbstractPipeline.java:233)
	at java.util.stream.ReferencePipeline.forEach(ReferencePipeline.java:485)
	at java.util.stream.ReferencePipeline$Head.forEach(ReferencePipeline.java:650)
	at org.apache.hadoop.ozone.MiniOzoneClusterImpl.stopDatanodes(MiniOzoneClusterImpl.java:524)
	at org.apache.hadoop.ozone.MiniOzoneClusterImpl.stop(MiniOzoneClusterImpl.java:465)
	at org.apache.hadoop.ozone.MiniOzoneClusterImpl.shutdown(MiniOzoneClusterImpl.java:452)
	at org.apache.hadoop.ozone.client.rpc.read.TestInputStreamBase.shutdown(TestInputStreamBase.java:146)
	at sun.reflect.NativeMethodAccessorImpl.invoke0(Native Method)
	at sun.reflect.NativeMethodAccessorImpl.invoke(NativeMethodAccessorImpl.java:62)
	at sun.reflect.DelegatingMethodAccessorImpl.invoke(DelegatingMethodAccessorImpl.java:43)
	at java.lang.reflect.Method.invoke(Method.java:498)
	at org.junit.runners.model.FrameworkMethod$1.runReflectiveCall(FrameworkMethod.java:59)
	at org.junit.internal.runners.model.ReflectiveCallable.run(ReflectiveCallable.java:12)
	at org.junit.runners.model.FrameworkMethod.invokeExplosively(FrameworkMethod.java:56)
	at org.junit.internal.runners.statements.RunAfters.invokeMethod(RunAfters.java:46)
	at org.junit.internal.runners.statements.RunAfters.evaluate(RunAfters.java:33)
	at org.junit.internal.runners.statements.FailOnTimeout$CallableStatement.call(FailOnTimeout.java:288)
	at org.junit.internal.runners.statements.FailOnTimeout$CallableStatement.call(FailOnTimeout.java:282)
	at java.util.concurrent.FutureTask.run(FutureTask.java:266)
	at java.lang.Thread.run(Thread.java:750)
2022-10-08 01:39:40,886 [Listener at 127.0.0.1/42695] ERROR statemachine.DatanodeStateMachine (DatanodeStateMachine.java:close(391)) - Error attempting to shutdown.
java.lang.InterruptedException
	at java.util.concurrent.locks.AbstractQueuedSynchronizer$ConditionObject.awaitNanos(AbstractQueuedSynchronizer.java:2072)
	at java.util.concurrent.ThreadPoolExecutor.awaitTermination(ThreadPoolExecutor.java:1475)
	at org.apache.hadoop.ozone.container.common.statemachine.DatanodeStateMachine.close(DatanodeStateMachine.java:383)
	at org.apache.hadoop.ozone.container.common.statemachine.DatanodeStateMachine.stopDaemon(DatanodeStateMachine.java:579)
	at org.apache.hadoop.ozone.HddsDatanodeService.stop(HddsDatanodeService.java:571)
	at org.apache.hadoop.ozone.MiniOzoneClusterImpl.stopDatanode(MiniOzoneClusterImpl.java:530)
	at java.util.stream.ForEachOps$ForEachOp$OfRef.accept(ForEachOps.java:183)
	at java.util.ArrayList$ArrayListSpliterator.forEachRemaining(ArrayList.java:1384)
	at java.util.stream.AbstractPipeline.copyInto(AbstractPipeline.java:482)
	at java.util.stream.ForEachOps$ForEachTask.compute(ForEachOps.java:290)
	at java.util.concurrent.CountedCompleter.exec(CountedCompleter.java:731)
	at java.util.concurrent.ForkJoinTask.doExec(ForkJoinTask.java:289)
	at java.util.concurrent.ForkJoinPool.helpComplete(ForkJoinPool.java:1870)
	at java.util.concurrent.ForkJoinPool.externalHelpComplete(ForkJoinPool.java:2467)
	at java.util.concurrent.ForkJoinTask.externalAwaitDone(ForkJoinTask.java:324)
	at java.util.concurrent.ForkJoinTask.doInvoke(ForkJoinTask.java:405)
	at java.util.concurrent.ForkJoinTask.invoke(ForkJoinTask.java:734)
	at java.util.stream.ForEachOps$ForEachOp.evaluateParallel(ForEachOps.java:159)
	at java.util.stream.ForEachOps$ForEachOp$OfRef.evaluateParallel(ForEachOps.java:173)
	at java.util.stream.AbstractPipeline.evaluate(AbstractPipeline.java:233)
	at java.util.stream.ReferencePipeline.forEach(ReferencePipeline.java:485)
	at java.util.stream.ReferencePipeline$Head.forEach(ReferencePipeline.java:650)
	at org.apache.hadoop.ozone.MiniOzoneClusterImpl.stopDatanodes(MiniOzoneClusterImpl.java:524)
	at org.apache.hadoop.ozone.MiniOzoneClusterImpl.stop(MiniOzoneClusterImpl.java:465)
	at org.apache.hadoop.ozone.MiniOzoneClusterImpl.shutdown(MiniOzoneClusterImpl.java:452)
	at org.apache.hadoop.ozone.client.rpc.read.TestInputStreamBase.shutdown(TestInputStreamBase.java:146)
	at sun.reflect.NativeMethodAccessorImpl.invoke0(Native Method)
	at sun.reflect.NativeMethodAccessorImpl.invoke(NativeMethodAccessorImpl.java:62)
	at sun.reflect.DelegatingMethodAccessorImpl.invoke(DelegatingMethodAccessorImpl.java:43)
	at java.lang.reflect.Method.invoke(Method.java:498)
	at org.junit.runners.model.FrameworkMethod$1.runReflectiveCall(FrameworkMethod.java:59)
	at org.junit.internal.runners.model.ReflectiveCallable.run(ReflectiveCallable.java:12)
	at org.junit.runners.model.FrameworkMethod.invokeExplosively(FrameworkMethod.java:56)
	at org.junit.internal.runners.statements.RunAfters.invokeMethod(RunAfters.java:46)
	at org.junit.internal.runners.statements.RunAfters.evaluate(RunAfters.java:33)
	at org.junit.internal.runners.statements.FailOnTimeout$CallableStatement.call(FailOnTimeout.java:288)
	at org.junit.internal.runners.statements.FailOnTimeout$CallableStatement.call(FailOnTimeout.java:282)
	at java.util.concurrent.FutureTask.run(FutureTask.java:266)
	at java.lang.Thread.run(Thread.java:750)
2022-10-08 01:39:40,886 [Listener at 127.0.0.1/42695] INFO  ozoneimpl.OzoneContainer (OzoneContainer.java:stop(400)) - Attempting to stop container services.
2022-10-08 01:39:40,894 [Listener at 127.0.0.1/42695] INFO  server.RaftServer (RaftServerProxy.java:lambda$close$7(398)) - d67d85fb-f556-421f-824a-4b9f68a177f7: close
2022-10-08 01:39:40,894 [Listener at 127.0.0.1/42695] INFO  server.RaftServer$Division (RaftServerImpl.java:lambda$close$4(434)) - d67d85fb-f556-421f-824a-4b9f68a177f7@group-544B07EA4D89: shutdown
2022-10-08 01:39:40,895 [Listener at 127.0.0.1/42695] INFO  util.JmxRegister (JmxRegister.java:unregister(73)) - Successfully un-registered JMX Bean with object name Ratis:service=RaftServer,group=group-544B07EA4D89,id=d67d85fb-f556-421f-824a-4b9f68a177f7
2022-10-08 01:39:40,895 [Listener at 127.0.0.1/42695] INFO  impl.RoleInfo (RoleInfo.java:shutdownLeaderState(93)) - d67d85fb-f556-421f-824a-4b9f68a177f7: shutdown d67d85fb-f556-421f-824a-4b9f68a177f7@group-544B07EA4D89-LeaderStateImpl
2022-10-08 01:39:40,895 [Listener at 127.0.0.1/42695] INFO  impl.PendingRequests (PendingRequests.java:sendNotLeaderResponses(282)) - d67d85fb-f556-421f-824a-4b9f68a177f7@group-544B07EA4D89-PendingRequests: sendNotLeaderResponses
2022-10-08 01:39:40,896 [d67d85fb-f556-421f-824a-4b9f68a177f7@group-544B07EA4D89-StateMachineUpdater] INFO  ratis.ContainerStateMachine (ContainerStateMachine.java:takeSnapshot(304)) - group-544B07EA4D89: Taking a snapshot at:(t:1, i:0) file /home/runner/work/ozone/ozone/hadoop-ozone/integration-test/target/test-dir/MiniOzoneClusterImpl-5d0d2deb-5324-41ce-86fc-5a78a6428163/datanode-4/data/ratis/cc2a3127-9bff-4d77-8dea-544b07ea4d89/sm/snapshot.1_0
2022-10-08 01:39:40,897 [Listener at 127.0.0.1/42695] INFO  impl.StateMachineUpdater (StateMachineUpdater.java:stopAndJoin(153)) - d67d85fb-f556-421f-824a-4b9f68a177f7@group-544B07EA4D89-StateMachineUpdater: set stopIndex = 0
]]></system-out>
    <system-err><![CDATA[Oct 08, 2022 1:38:25 AM org.apache.ratis.thirdparty.io.grpc.internal.ManagedChannelOrphanWrapper$ManagedChannelReference cleanQueue
SEVERE: *~*~*~ Channel ManagedChannelImpl{logId=524, target=10.1.0.61:37771} was not shutdown properly!!! ~*~*~*
    Make sure to call shutdown()/shutdownNow() and wait until awaitTermination() returns true.
java.lang.RuntimeException: ManagedChannel allocation site
	at org.apache.ratis.thirdparty.io.grpc.internal.ManagedChannelOrphanWrapper$ManagedChannelReference.<init>(ManagedChannelOrphanWrapper.java:93)
	at org.apache.ratis.thirdparty.io.grpc.internal.ManagedChannelOrphanWrapper.<init>(ManagedChannelOrphanWrapper.java:53)
	at org.apache.ratis.thirdparty.io.grpc.internal.ManagedChannelOrphanWrapper.<init>(ManagedChannelOrphanWrapper.java:44)
	at org.apache.ratis.thirdparty.io.grpc.internal.ManagedChannelImplBuilder.build(ManagedChannelImplBuilder.java:630)
	at org.apache.ratis.thirdparty.io.grpc.internal.AbstractManagedChannelImplBuilder.build(AbstractManagedChannelImplBuilder.java:297)
	at org.apache.hadoop.hdds.scm.XceiverClientGrpc.connectToDatanode(XceiverClientGrpc.java:205)
	at org.apache.hadoop.hdds.scm.XceiverClientGrpc.connect(XceiverClientGrpc.java:158)
	at org.apache.hadoop.hdds.scm.XceiverClientManager$2.call(XceiverClientManager.java:243)
	at org.apache.hadoop.hdds.scm.XceiverClientManager$2.call(XceiverClientManager.java:224)
	at com.google.common.cache.LocalCache$LocalManualCache$1.load(LocalCache.java:4868)
	at com.google.common.cache.LocalCache$LoadingValueReference.loadFuture(LocalCache.java:3533)
	at com.google.common.cache.LocalCache$Segment.loadSync(LocalCache.java:2282)
	at com.google.common.cache.LocalCache$Segment.lockedGetOrLoad(LocalCache.java:2159)
	at com.google.common.cache.LocalCache$Segment.get(LocalCache.java:2049)
	at com.google.common.cache.LocalCache.get(LocalCache.java:3966)
	at com.google.common.cache.LocalCache$LocalManualCache.get(LocalCache.java:4863)
	at org.apache.hadoop.hdds.scm.XceiverClientManager.getClient(XceiverClientManager.java:224)
	at org.apache.hadoop.hdds.scm.XceiverClientManager.acquireClient(XceiverClientManager.java:168)
	at org.apache.hadoop.hdds.scm.XceiverClientManager.acquireClientForReadData(XceiverClientManager.java:157)
	at org.apache.hadoop.hdds.scm.storage.BlockInputStream.acquireClient(BlockInputStream.java:256)
	at org.apache.hadoop.hdds.scm.storage.BlockInputStream.getChunkInfos(BlockInputStream.java:223)
	at org.apache.hadoop.hdds.scm.storage.BlockInputStream.initialize(BlockInputStream.java:146)
	at org.apache.hadoop.hdds.scm.storage.BlockInputStream.readWithStrategy(BlockInputStream.java:283)
	at org.apache.hadoop.hdds.scm.storage.ExtendedInputStream.read(ExtendedInputStream.java:54)
	at org.apache.hadoop.hdds.scm.storage.ByteArrayReader.readFromBlock(ByteArrayReader.java:57)
	at org.apache.hadoop.ozone.client.io.KeyInputStream.readWithStrategy(KeyInputStream.java:273)
	at org.apache.hadoop.ozone.client.io.KeyInputStream.read(KeyInputStream.java:240)
	at org.apache.hadoop.ozone.client.io.KeyInputStream.read(KeyInputStream.java:224)
	at org.apache.hadoop.ozone.client.rpc.read.TestKeyInputStream.testReadAfterReplication(TestKeyInputStream.java:441)
	at org.apache.hadoop.ozone.client.rpc.read.TestKeyInputStream.readAfterReplication(TestKeyInputStream.java:393)
	at sun.reflect.NativeMethodAccessorImpl.invoke0(Native Method)
	at sun.reflect.NativeMethodAccessorImpl.invoke(NativeMethodAccessorImpl.java:62)
	at sun.reflect.DelegatingMethodAccessorImpl.invoke(DelegatingMethodAccessorImpl.java:43)
	at java.lang.reflect.Method.invoke(Method.java:498)
	at org.junit.runners.model.FrameworkMethod$1.runReflectiveCall(FrameworkMethod.java:59)
	at org.junit.internal.runners.model.ReflectiveCallable.run(ReflectiveCallable.java:12)
	at org.junit.runners.model.FrameworkMethod.invokeExplosively(FrameworkMethod.java:56)
	at org.junit.internal.runners.statements.InvokeMethod.evaluate(InvokeMethod.java:17)
	at org.junit.internal.runners.statements.RunBefores.evaluate(RunBefores.java:26)
	at org.junit.internal.runners.statements.RunAfters.evaluate(RunAfters.java:27)
	at org.junit.internal.runners.statements.FailOnTimeout$CallableStatement.call(FailOnTimeout.java:288)
	at org.junit.internal.runners.statements.FailOnTimeout$CallableStatement.call(FailOnTimeout.java:282)
	at java.util.concurrent.FutureTask.run(FutureTask.java:266)
	at java.lang.Thread.run(Thread.java:750)

Oct 08, 2022 1:38:25 AM org.apache.ratis.thirdparty.io.grpc.internal.ManagedChannelOrphanWrapper$ManagedChannelReference cleanQueue
SEVERE: *~*~*~ Channel ManagedChannelImpl{logId=519, target=10.1.0.61:35437} was not shutdown properly!!! ~*~*~*
    Make sure to call shutdown()/shutdownNow() and wait until awaitTermination() returns true.
java.lang.RuntimeException: ManagedChannel allocation site
	at org.apache.ratis.thirdparty.io.grpc.internal.ManagedChannelOrphanWrapper$ManagedChannelReference.<init>(ManagedChannelOrphanWrapper.java:93)
	at org.apache.ratis.thirdparty.io.grpc.internal.ManagedChannelOrphanWrapper.<init>(ManagedChannelOrphanWrapper.java:53)
	at org.apache.ratis.thirdparty.io.grpc.internal.ManagedChannelOrphanWrapper.<init>(ManagedChannelOrphanWrapper.java:44)
	at org.apache.ratis.thirdparty.io.grpc.internal.ManagedChannelImplBuilder.build(ManagedChannelImplBuilder.java:630)
	at org.apache.ratis.thirdparty.io.grpc.internal.AbstractManagedChannelImplBuilder.build(AbstractManagedChannelImplBuilder.java:297)
	at org.apache.hadoop.hdds.scm.XceiverClientGrpc.connectToDatanode(XceiverClientGrpc.java:205)
	at org.apache.hadoop.hdds.scm.XceiverClientGrpc.reconnect(XceiverClientGrpc.java:579)
	at org.apache.hadoop.hdds.scm.XceiverClientGrpc.checkOpen(XceiverClientGrpc.java:570)
	at org.apache.hadoop.hdds.scm.XceiverClientGrpc.sendCommandAsync(XceiverClientGrpc.java:500)
	at org.apache.hadoop.hdds.scm.XceiverClientGrpc.sendCommandWithRetry(XceiverClientGrpc.java:402)
	at org.apache.hadoop.hdds.scm.XceiverClientGrpc.lambda$sendCommandWithTraceIDAndRetry$0(XceiverClientGrpc.java:344)
	at org.apache.hadoop.hdds.tracing.TracingUtil.executeInSpan(TracingUtil.java:177)
	at org.apache.hadoop.hdds.tracing.TracingUtil.executeInNewSpan(TracingUtil.java:151)
	at org.apache.hadoop.hdds.scm.XceiverClientGrpc.sendCommandWithTraceIDAndRetry(XceiverClientGrpc.java:338)
	at org.apache.hadoop.hdds.scm.XceiverClientGrpc.sendCommand(XceiverClientGrpc.java:319)
	at org.apache.hadoop.hdds.scm.storage.ContainerProtocolCalls.readChunk(ContainerProtocolCalls.java:283)
	at org.apache.hadoop.hdds.scm.storage.ChunkInputStream.readChunk(ChunkInputStream.java:433)
	at org.apache.hadoop.hdds.scm.storage.ChunkInputStream.readChunkDataIntoBuffers(ChunkInputStream.java:405)
	at org.apache.hadoop.hdds.scm.storage.ChunkInputStream.readChunkFromContainer(ChunkInputStream.java:390)
	at org.apache.hadoop.hdds.scm.storage.ChunkInputStream.prepareRead(ChunkInputStream.java:332)
	at org.apache.hadoop.hdds.scm.storage.ChunkInputStream.read(ChunkInputStream.java:176)
	at org.apache.hadoop.hdds.scm.storage.ByteArrayReader.readFromBlock(ByteArrayReader.java:57)
	at org.apache.hadoop.hdds.scm.storage.BlockInputStream.readWithStrategy(BlockInputStream.java:303)
	at org.apache.hadoop.hdds.scm.storage.ExtendedInputStream.read(ExtendedInputStream.java:54)
	at org.apache.hadoop.hdds.scm.storage.ByteArrayReader.readFromBlock(ByteArrayReader.java:57)
	at org.apache.hadoop.ozone.client.io.KeyInputStream.readWithStrategy(KeyInputStream.java:273)
	at org.apache.hadoop.ozone.client.io.KeyInputStream.read(KeyInputStream.java:240)
	at java.io.InputStream.read(InputStream.java:101)
	at org.apache.hadoop.ozone.client.rpc.read.TestKeyInputStream.assertReadFully(TestKeyInputStream.java:478)
	at org.apache.hadoop.ozone.client.rpc.read.TestKeyInputStream.testReadAfterReplication(TestKeyInputStream.java:436)
	at org.apache.hadoop.ozone.client.rpc.read.TestKeyInputStream.readAfterReplication(TestKeyInputStream.java:393)
	at sun.reflect.NativeMethodAccessorImpl.invoke0(Native Method)
	at sun.reflect.NativeMethodAccessorImpl.invoke(NativeMethodAccessorImpl.java:62)
	at sun.reflect.DelegatingMethodAccessorImpl.invoke(DelegatingMethodAccessorImpl.java:43)
	at java.lang.reflect.Method.invoke(Method.java:498)
	at org.junit.runners.model.FrameworkMethod$1.runReflectiveCall(FrameworkMethod.java:59)
	at org.junit.internal.runners.model.ReflectiveCallable.run(ReflectiveCallable.java:12)
	at org.junit.runners.model.FrameworkMethod.invokeExplosively(FrameworkMethod.java:56)
	at org.junit.internal.runners.statements.InvokeMethod.evaluate(InvokeMethod.java:17)
	at org.junit.internal.runners.statements.RunBefores.evaluate(RunBefores.java:26)
	at org.junit.internal.runners.statements.RunAfters.evaluate(RunAfters.java:27)
	at org.junit.internal.runners.statements.FailOnTimeout$CallableStatement.call(FailOnTimeout.java:288)
	at org.junit.internal.runners.statements.FailOnTimeout$CallableStatement.call(FailOnTimeout.java:282)
	at java.util.concurrent.FutureTask.run(FutureTask.java:266)
	at java.lang.Thread.run(Thread.java:750)

Oct 08, 2022 1:38:25 AM org.apache.ratis.thirdparty.io.grpc.internal.ManagedChannelOrphanWrapper$ManagedChannelReference cleanQueue
SEVERE: *~*~*~ Channel ManagedChannelImpl{logId=495, target=10.1.0.61:33271} was not shutdown properly!!! ~*~*~*
    Make sure to call shutdown()/shutdownNow() and wait until awaitTermination() returns true.
java.lang.RuntimeException: ManagedChannel allocation site
	at org.apache.ratis.thirdparty.io.grpc.internal.ManagedChannelOrphanWrapper$ManagedChannelReference.<init>(ManagedChannelOrphanWrapper.java:93)
	at org.apache.ratis.thirdparty.io.grpc.internal.ManagedChannelOrphanWrapper.<init>(ManagedChannelOrphanWrapper.java:53)
	at org.apache.ratis.thirdparty.io.grpc.internal.ManagedChannelOrphanWrapper.<init>(ManagedChannelOrphanWrapper.java:44)
	at org.apache.ratis.thirdparty.io.grpc.internal.ManagedChannelImplBuilder.build(ManagedChannelImplBuilder.java:630)
	at org.apache.ratis.thirdparty.io.grpc.internal.AbstractManagedChannelImplBuilder.build(AbstractManagedChannelImplBuilder.java:297)
	at org.apache.ratis.grpc.client.GrpcClientProtocolClient.buildChannel(GrpcClientProtocolClient.java:161)
	at org.apache.ratis.grpc.client.GrpcClientProtocolClient.<init>(GrpcClientProtocolClient.java:113)
	at org.apache.ratis.grpc.client.GrpcClientRpc.lambda$new$0(GrpcClientRpc.java:59)
	at org.apache.ratis.util.PeerProxyMap$PeerAndProxy.lambda$getProxy$0(PeerProxyMap.java:64)
	at org.apache.ratis.util.LifeCycle.startAndTransition(LifeCycle.java:270)
	at org.apache.ratis.util.PeerProxyMap$PeerAndProxy.getProxy(PeerProxyMap.java:63)
	at org.apache.ratis.util.PeerProxyMap.getProxy(PeerProxyMap.java:115)
	at org.apache.ratis.grpc.client.GrpcClientRpc.sendRequestAsync(GrpcClientRpc.java:69)
	at org.apache.ratis.client.impl.OrderedAsync.sendRequest(OrderedAsync.java:241)
	at org.apache.ratis.client.impl.OrderedAsync.sendRequestWithRetry(OrderedAsync.java:194)
	at org.apache.ratis.util.SlidingWindow$Client.sendOrDelayRequest(SlidingWindow.java:280)
	at org.apache.ratis.util.SlidingWindow$Client.submitNewRequest(SlidingWindow.java:259)
	at org.apache.ratis.client.impl.OrderedAsync.send(OrderedAsync.java:170)
	at org.apache.ratis.client.impl.OrderedAsync.newInstance(OrderedAsync.java:118)
	at org.apache.ratis.client.impl.RaftClientImpl.lambda$new$0(RaftClientImpl.java:169)
	at org.apache.ratis.util.MemoizedSupplier.get(MemoizedSupplier.java:62)
	at org.apache.ratis.client.impl.RaftClientImpl.getOrderedAsync(RaftClientImpl.java:223)
	at org.apache.ratis.client.impl.AsyncImpl.send(AsyncImpl.java:41)
	at org.apache.ratis.client.impl.AsyncImpl.send(AsyncImpl.java:46)
	at org.apache.hadoop.hdds.scm.XceiverClientRatis.lambda$sendRequestAsync$2(XceiverClientRatis.java:242)
	at org.apache.hadoop.hdds.tracing.TracingUtil.executeInNewSpan(TracingUtil.java:162)
	at org.apache.hadoop.hdds.scm.XceiverClientRatis.sendRequestAsync(XceiverClientRatis.java:227)
	at org.apache.hadoop.hdds.scm.XceiverClientRatis.sendCommandAsync(XceiverClientRatis.java:329)
	at org.apache.hadoop.hdds.scm.storage.ContainerProtocolCalls.writeChunkAsync(ContainerProtocolCalls.java:357)
	at org.apache.hadoop.hdds.scm.storage.BlockOutputStream.writeChunkToContainer(BlockOutputStream.java:704)
	at org.apache.hadoop.hdds.scm.storage.BlockOutputStream.writeChunk(BlockOutputStream.java:542)
	at org.apache.hadoop.hdds.scm.storage.BlockOutputStream.writeChunkIfNeeded(BlockOutputStream.java:258)
	at org.apache.hadoop.hdds.scm.storage.BlockOutputStream.write(BlockOutputStream.java:281)
	at org.apache.hadoop.ozone.client.io.BlockOutputStreamEntry.write(BlockOutputStreamEntry.java:124)
	at org.apache.hadoop.ozone.client.io.KeyOutputStream.writeToOutputStream(KeyOutputStream.java:253)
	at org.apache.hadoop.ozone.client.io.KeyOutputStream.handleWrite(KeyOutputStream.java:231)
	at org.apache.hadoop.ozone.client.io.KeyOutputStream.write(KeyOutputStream.java:211)
	at org.apache.hadoop.ozone.client.io.OzoneOutputStream.write(OzoneOutputStream.java:50)
	at java.io.OutputStream.write(OutputStream.java:75)
	at org.apache.hadoop.ozone.client.rpc.read.TestInputStreamBase.writeRandomBytes(TestInputStreamBase.java:205)
	at org.apache.hadoop.ozone.client.rpc.read.TestInputStreamBase.writeRandomBytes(TestInputStreamBase.java:194)
	at org.apache.hadoop.ozone.client.rpc.read.TestKeyInputStream.testReadAfterReplication(TestKeyInputStream.java:406)
	at org.apache.hadoop.ozone.client.rpc.read.TestKeyInputStream.readAfterReplication(TestKeyInputStream.java:393)
	at sun.reflect.NativeMethodAccessorImpl.invoke0(Native Method)
	at sun.reflect.NativeMethodAccessorImpl.invoke(NativeMethodAccessorImpl.java:62)
	at sun.reflect.DelegatingMethodAccessorImpl.invoke(DelegatingMethodAccessorImpl.java:43)
	at java.lang.reflect.Method.invoke(Method.java:498)
	at org.junit.runners.model.FrameworkMethod$1.runReflectiveCall(FrameworkMethod.java:59)
	at org.junit.internal.runners.model.ReflectiveCallable.run(ReflectiveCallable.java:12)
	at org.junit.runners.model.FrameworkMethod.invokeExplosively(FrameworkMethod.java:56)
	at org.junit.internal.runners.statements.InvokeMethod.evaluate(InvokeMethod.java:17)
	at org.junit.internal.runners.statements.RunBefores.evaluate(RunBefores.java:26)
	at org.junit.internal.runners.statements.RunAfters.evaluate(RunAfters.java:27)
	at org.junit.internal.runners.statements.FailOnTimeout$CallableStatement.call(FailOnTimeout.java:288)
	at org.junit.internal.runners.statements.FailOnTimeout$CallableStatement.call(FailOnTimeout.java:282)
	at java.util.concurrent.FutureTask.run(FutureTask.java:266)
	at java.lang.Thread.run(Thread.java:750)

Oct 08, 2022 1:38:25 AM org.apache.ratis.thirdparty.io.grpc.internal.ManagedChannelOrphanWrapper$ManagedChannelReference cleanQueue
SEVERE: *~*~*~ Channel ManagedChannelImpl{logId=517, target=10.1.0.61:37771} was not shutdown properly!!! ~*~*~*
    Make sure to call shutdown()/shutdownNow() and wait until awaitTermination() returns true.
java.lang.RuntimeException: ManagedChannel allocation site
	at org.apache.ratis.thirdparty.io.grpc.internal.ManagedChannelOrphanWrapper$ManagedChannelReference.<init>(ManagedChannelOrphanWrapper.java:93)
	at org.apache.ratis.thirdparty.io.grpc.internal.ManagedChannelOrphanWrapper.<init>(ManagedChannelOrphanWrapper.java:53)
	at org.apache.ratis.thirdparty.io.grpc.internal.ManagedChannelOrphanWrapper.<init>(ManagedChannelOrphanWrapper.java:44)
	at org.apache.ratis.thirdparty.io.grpc.internal.ManagedChannelImplBuilder.build(ManagedChannelImplBuilder.java:630)
	at org.apache.ratis.thirdparty.io.grpc.internal.AbstractManagedChannelImplBuilder.build(AbstractManagedChannelImplBuilder.java:297)
	at org.apache.hadoop.hdds.scm.XceiverClientGrpc.connectToDatanode(XceiverClientGrpc.java:205)
	at org.apache.hadoop.hdds.scm.XceiverClientGrpc.connect(XceiverClientGrpc.java:158)
	at org.apache.hadoop.hdds.scm.XceiverClientManager$2.call(XceiverClientManager.java:243)
	at org.apache.hadoop.hdds.scm.XceiverClientManager$2.call(XceiverClientManager.java:224)
	at com.google.common.cache.LocalCache$LocalManualCache$1.load(LocalCache.java:4868)
	at com.google.common.cache.LocalCache$LoadingValueReference.loadFuture(LocalCache.java:3533)
	at com.google.common.cache.LocalCache$Segment.loadSync(LocalCache.java:2282)
	at com.google.common.cache.LocalCache$Segment.lockedGetOrLoad(LocalCache.java:2159)
	at com.google.common.cache.LocalCache$Segment.get(LocalCache.java:2049)
	at com.google.common.cache.LocalCache.get(LocalCache.java:3966)
	at com.google.common.cache.LocalCache$LocalManualCache.get(LocalCache.java:4863)
	at org.apache.hadoop.hdds.scm.XceiverClientManager.getClient(XceiverClientManager.java:224)
	at org.apache.hadoop.hdds.scm.XceiverClientManager.acquireClient(XceiverClientManager.java:168)
	at org.apache.hadoop.hdds.scm.XceiverClientManager.acquireClientForReadData(XceiverClientManager.java:157)
	at org.apache.hadoop.hdds.scm.storage.ChunkInputStream.acquireClient(ChunkInputStream.java:301)
	at org.apache.hadoop.hdds.scm.storage.ChunkInputStream.read(ChunkInputStream.java:173)
	at org.apache.hadoop.hdds.scm.storage.ByteArrayReader.readFromBlock(ByteArrayReader.java:57)
	at org.apache.hadoop.hdds.scm.storage.BlockInputStream.readWithStrategy(BlockInputStream.java:303)
	at org.apache.hadoop.hdds.scm.storage.ExtendedInputStream.read(ExtendedInputStream.java:54)
	at org.apache.hadoop.hdds.scm.storage.ByteArrayReader.readFromBlock(ByteArrayReader.java:57)
	at org.apache.hadoop.ozone.client.io.KeyInputStream.readWithStrategy(KeyInputStream.java:273)
	at org.apache.hadoop.ozone.client.io.KeyInputStream.read(KeyInputStream.java:240)
	at java.io.InputStream.read(InputStream.java:101)
	at org.apache.hadoop.ozone.client.rpc.read.TestKeyInputStream.assertReadFully(TestKeyInputStream.java:478)
	at org.apache.hadoop.ozone.client.rpc.read.TestKeyInputStream.testReadAfterReplication(TestKeyInputStream.java:436)
	at org.apache.hadoop.ozone.client.rpc.read.TestKeyInputStream.readAfterReplication(TestKeyInputStream.java:393)
	at sun.reflect.NativeMethodAccessorImpl.invoke0(Native Method)
	at sun.reflect.NativeMethodAccessorImpl.invoke(NativeMethodAccessorImpl.java:62)
	at sun.reflect.DelegatingMethodAccessorImpl.invoke(DelegatingMethodAccessorImpl.java:43)
	at java.lang.reflect.Method.invoke(Method.java:498)
	at org.junit.runners.model.FrameworkMethod$1.runReflectiveCall(FrameworkMethod.java:59)
	at org.junit.internal.runners.model.ReflectiveCallable.run(ReflectiveCallable.java:12)
	at org.junit.runners.model.FrameworkMethod.invokeExplosively(FrameworkMethod.java:56)
	at org.junit.internal.runners.statements.InvokeMethod.evaluate(InvokeMethod.java:17)
	at org.junit.internal.runners.statements.RunBefores.evaluate(RunBefores.java:26)
	at org.junit.internal.runners.statements.RunAfters.evaluate(RunAfters.java:27)
	at org.junit.internal.runners.statements.FailOnTimeout$CallableStatement.call(FailOnTimeout.java:288)
	at org.junit.internal.runners.statements.FailOnTimeout$CallableStatement.call(FailOnTimeout.java:282)
	at java.util.concurrent.FutureTask.run(FutureTask.java:266)
	at java.lang.Thread.run(Thread.java:750)

Oct 08, 2022 1:38:25 AM org.apache.ratis.thirdparty.io.grpc.internal.ManagedChannelOrphanWrapper$ManagedChannelReference cleanQueue
SEVERE: *~*~*~ Channel ManagedChannelImpl{logId=89, target=10.1.0.61:38913} was not shutdown properly!!! ~*~*~*
    Make sure to call shutdown()/shutdownNow() and wait until awaitTermination() returns true.
java.lang.RuntimeException: ManagedChannel allocation site
	at org.apache.ratis.thirdparty.io.grpc.internal.ManagedChannelOrphanWrapper$ManagedChannelReference.<init>(ManagedChannelOrphanWrapper.java:93)
	at org.apache.ratis.thirdparty.io.grpc.internal.ManagedChannelOrphanWrapper.<init>(ManagedChannelOrphanWrapper.java:53)
	at org.apache.ratis.thirdparty.io.grpc.internal.ManagedChannelOrphanWrapper.<init>(ManagedChannelOrphanWrapper.java:44)
	at org.apache.ratis.thirdparty.io.grpc.internal.ManagedChannelImplBuilder.build(ManagedChannelImplBuilder.java:630)
	at org.apache.ratis.thirdparty.io.grpc.internal.AbstractManagedChannelImplBuilder.build(AbstractManagedChannelImplBuilder.java:297)
	at org.apache.ratis.grpc.client.GrpcClientProtocolClient.buildChannel(GrpcClientProtocolClient.java:161)
	at org.apache.ratis.grpc.client.GrpcClientProtocolClient.<init>(GrpcClientProtocolClient.java:113)
	at org.apache.ratis.grpc.client.GrpcClientRpc.lambda$new$0(GrpcClientRpc.java:59)
	at org.apache.ratis.util.PeerProxyMap$PeerAndProxy.lambda$getProxy$0(PeerProxyMap.java:64)
	at org.apache.ratis.util.LifeCycle.startAndTransition(LifeCycle.java:270)
	at org.apache.ratis.util.PeerProxyMap$PeerAndProxy.getProxy(PeerProxyMap.java:63)
	at org.apache.ratis.util.PeerProxyMap.getProxy(PeerProxyMap.java:115)
	at org.apache.ratis.grpc.client.GrpcClientRpc.sendRequestAsync(GrpcClientRpc.java:69)
	at org.apache.ratis.client.impl.OrderedAsync.sendRequest(OrderedAsync.java:241)
	at org.apache.ratis.client.impl.OrderedAsync.sendRequestWithRetry(OrderedAsync.java:194)
	at org.apache.ratis.util.SlidingWindow$Client.sendOrDelayRequest(SlidingWindow.java:280)
	at org.apache.ratis.util.SlidingWindow$Client.submitNewRequest(SlidingWindow.java:259)
	at org.apache.ratis.client.impl.OrderedAsync.send(OrderedAsync.java:170)
	at org.apache.ratis.client.impl.OrderedAsync.newInstance(OrderedAsync.java:118)
	at org.apache.ratis.client.impl.RaftClientImpl.lambda$new$0(RaftClientImpl.java:169)
	at org.apache.ratis.util.MemoizedSupplier.get(MemoizedSupplier.java:62)
	at org.apache.ratis.client.impl.RaftClientImpl.getOrderedAsync(RaftClientImpl.java:223)
	at org.apache.ratis.client.impl.AsyncImpl.send(AsyncImpl.java:41)
	at org.apache.ratis.client.impl.AsyncImpl.send(AsyncImpl.java:46)
	at org.apache.hadoop.hdds.scm.XceiverClientRatis.lambda$sendRequestAsync$2(XceiverClientRatis.java:242)
	at org.apache.hadoop.hdds.tracing.TracingUtil.executeInNewSpan(TracingUtil.java:162)
	at org.apache.hadoop.hdds.scm.XceiverClientRatis.sendRequestAsync(XceiverClientRatis.java:227)
	at org.apache.hadoop.hdds.scm.XceiverClientRatis.sendCommandAsync(XceiverClientRatis.java:329)
	at org.apache.hadoop.hdds.scm.storage.ContainerProtocolCalls.writeChunkAsync(ContainerProtocolCalls.java:357)
	at org.apache.hadoop.hdds.scm.storage.BlockOutputStream.writeChunkToContainer(BlockOutputStream.java:704)
	at org.apache.hadoop.hdds.scm.storage.BlockOutputStream.writeChunk(BlockOutputStream.java:542)
	at org.apache.hadoop.hdds.scm.storage.BlockOutputStream.writeChunkIfNeeded(BlockOutputStream.java:258)
	at org.apache.hadoop.hdds.scm.storage.BlockOutputStream.write(BlockOutputStream.java:281)
	at org.apache.hadoop.ozone.client.io.BlockOutputStreamEntry.write(BlockOutputStreamEntry.java:124)
	at org.apache.hadoop.ozone.client.io.KeyOutputStream.writeToOutputStream(KeyOutputStream.java:253)
	at org.apache.hadoop.ozone.client.io.KeyOutputStream.handleWrite(KeyOutputStream.java:231)
	at org.apache.hadoop.ozone.client.io.KeyOutputStream.write(KeyOutputStream.java:211)
	at org.apache.hadoop.ozone.client.io.OzoneOutputStream.write(OzoneOutputStream.java:50)
	at java.io.OutputStream.write(OutputStream.java:75)
	at org.apache.hadoop.ozone.client.rpc.read.TestInputStreamBase.writeKey(TestInputStreamBase.java:185)
	at org.apache.hadoop.ozone.client.rpc.read.TestInputStreamBase.writeKey(TestInputStreamBase.java:175)
	at org.apache.hadoop.ozone.client.rpc.read.TestKeyInputStream.testSeek(TestKeyInputStream.java:265)
	at org.apache.hadoop.ozone.client.rpc.read.TestKeyInputStream.testNonReplicationReads(TestKeyInputStream.java:146)
	at sun.reflect.NativeMethodAccessorImpl.invoke0(Native Method)
	at sun.reflect.NativeMethodAccessorImpl.invoke(NativeMethodAccessorImpl.java:62)
	at sun.reflect.DelegatingMethodAccessorImpl.invoke(DelegatingMethodAccessorImpl.java:43)
	at java.lang.reflect.Method.invoke(Method.java:498)
	at org.junit.runners.model.FrameworkMethod$1.runReflectiveCall(FrameworkMethod.java:59)
	at org.junit.internal.runners.model.ReflectiveCallable.run(ReflectiveCallable.java:12)
	at org.junit.runners.model.FrameworkMethod.invokeExplosively(FrameworkMethod.java:56)
	at org.junit.internal.runners.statements.InvokeMethod.evaluate(InvokeMethod.java:17)
	at org.junit.internal.runners.statements.RunBefores.evaluate(RunBefores.java:26)
	at org.junit.internal.runners.statements.RunAfters.evaluate(RunAfters.java:27)
	at org.junit.internal.runners.statements.FailOnTimeout$CallableStatement.call(FailOnTimeout.java:288)
	at org.junit.internal.runners.statements.FailOnTimeout$CallableStatement.call(FailOnTimeout.java:282)
	at java.util.concurrent.FutureTask.run(FutureTask.java:266)
	at java.lang.Thread.run(Thread.java:750)

Oct 08, 2022 1:39:28 AM org.apache.ratis.thirdparty.io.grpc.internal.ManagedChannelOrphanWrapper$ManagedChannelReference cleanQueue
SEVERE: *~*~*~ Channel ManagedChannelImpl{logId=621, target=10.1.0.61:44019} was not shutdown properly!!! ~*~*~*
    Make sure to call shutdown()/shutdownNow() and wait until awaitTermination() returns true.
java.lang.RuntimeException: ManagedChannel allocation site
	at org.apache.ratis.thirdparty.io.grpc.internal.ManagedChannelOrphanWrapper$ManagedChannelReference.<init>(ManagedChannelOrphanWrapper.java:93)
	at org.apache.ratis.thirdparty.io.grpc.internal.ManagedChannelOrphanWrapper.<init>(ManagedChannelOrphanWrapper.java:53)
	at org.apache.ratis.thirdparty.io.grpc.internal.ManagedChannelOrphanWrapper.<init>(ManagedChannelOrphanWrapper.java:44)
	at org.apache.ratis.thirdparty.io.grpc.internal.ManagedChannelImplBuilder.build(ManagedChannelImplBuilder.java:630)
	at org.apache.ratis.thirdparty.io.grpc.internal.AbstractManagedChannelImplBuilder.build(AbstractManagedChannelImplBuilder.java:297)
	at org.apache.hadoop.hdds.scm.XceiverClientGrpc.connectToDatanode(XceiverClientGrpc.java:205)
	at org.apache.hadoop.hdds.scm.XceiverClientGrpc.reconnect(XceiverClientGrpc.java:579)
	at org.apache.hadoop.hdds.scm.XceiverClientGrpc.checkOpen(XceiverClientGrpc.java:570)
	at org.apache.hadoop.hdds.scm.XceiverClientGrpc.sendCommandAsync(XceiverClientGrpc.java:500)
	at org.apache.hadoop.hdds.scm.XceiverClientGrpc.sendCommandWithRetry(XceiverClientGrpc.java:402)
	at org.apache.hadoop.hdds.scm.XceiverClientGrpc.lambda$sendCommandWithTraceIDAndRetry$0(XceiverClientGrpc.java:344)
	at org.apache.hadoop.hdds.tracing.TracingUtil.executeInSpan(TracingUtil.java:177)
	at org.apache.hadoop.hdds.tracing.TracingUtil.executeInNewSpan(TracingUtil.java:151)
	at org.apache.hadoop.hdds.scm.XceiverClientGrpc.sendCommandWithTraceIDAndRetry(XceiverClientGrpc.java:338)
	at org.apache.hadoop.hdds.scm.XceiverClientGrpc.sendCommand(XceiverClientGrpc.java:319)
	at org.apache.hadoop.hdds.scm.storage.ContainerProtocolCalls.getBlock(ContainerProtocolCalls.java:152)
	at org.apache.hadoop.hdds.scm.storage.BlockInputStream.getChunkInfos(BlockInputStream.java:242)
	at org.apache.hadoop.hdds.scm.storage.BlockInputStream.initialize(BlockInputStream.java:146)
	at org.apache.hadoop.hdds.scm.storage.BlockInputStream.readWithStrategy(BlockInputStream.java:283)
	at org.apache.hadoop.hdds.scm.storage.ExtendedInputStream.read(ExtendedInputStream.java:54)
	at org.apache.hadoop.hdds.scm.storage.ByteArrayReader.readFromBlock(ByteArrayReader.java:57)
	at org.apache.hadoop.ozone.client.io.KeyInputStream.readWithStrategy(KeyInputStream.java:273)
	at org.apache.hadoop.ozone.client.io.KeyInputStream.read(KeyInputStream.java:240)
	at org.apache.hadoop.ozone.client.rpc.read.TestKeyInputStream.validate(TestKeyInputStream.java:133)
	at org.apache.hadoop.ozone.client.rpc.read.TestKeyInputStream.testSeekRandomly(TestKeyInputStream.java:201)
	at org.apache.hadoop.ozone.client.rpc.read.TestKeyInputStream.testNonReplicationReads(TestKeyInputStream.java:145)
	at sun.reflect.NativeMethodAccessorImpl.invoke0(Native Method)
	at sun.reflect.NativeMethodAccessorImpl.invoke(NativeMethodAccessorImpl.java:62)
	at sun.reflect.DelegatingMethodAccessorImpl.invoke(DelegatingMethodAccessorImpl.java:43)
	at java.lang.reflect.Method.invoke(Method.java:498)
	at org.junit.runners.model.FrameworkMethod$1.runReflectiveCall(FrameworkMethod.java:59)
	at org.junit.internal.runners.model.ReflectiveCallable.run(ReflectiveCallable.java:12)
	at org.junit.runners.model.FrameworkMethod.invokeExplosively(FrameworkMethod.java:56)
	at org.junit.internal.runners.statements.InvokeMethod.evaluate(InvokeMethod.java:17)
	at org.junit.internal.runners.statements.RunBefores.evaluate(RunBefores.java:26)
	at org.junit.internal.runners.statements.RunAfters.evaluate(RunAfters.java:27)
	at org.junit.internal.runners.statements.FailOnTimeout$CallableStatement.call(FailOnTimeout.java:288)
	at org.junit.internal.runners.statements.FailOnTimeout$CallableStatement.call(FailOnTimeout.java:282)
	at java.util.concurrent.FutureTask.run(FutureTask.java:266)
	at java.lang.Thread.run(Thread.java:750)

Oct 08, 2022 1:39:28 AM org.apache.ratis.thirdparty.io.grpc.internal.ManagedChannelOrphanWrapper$ManagedChannelReference cleanQueue
SEVERE: *~*~*~ Channel ManagedChannelImpl{logId=616, target=10.1.0.61:42369} was not shutdown properly!!! ~*~*~*
    Make sure to call shutdown()/shutdownNow() and wait until awaitTermination() returns true.
java.lang.RuntimeException: ManagedChannel allocation site
	at org.apache.ratis.thirdparty.io.grpc.internal.ManagedChannelOrphanWrapper$ManagedChannelReference.<init>(ManagedChannelOrphanWrapper.java:93)
	at org.apache.ratis.thirdparty.io.grpc.internal.ManagedChannelOrphanWrapper.<init>(ManagedChannelOrphanWrapper.java:53)
	at org.apache.ratis.thirdparty.io.grpc.internal.ManagedChannelOrphanWrapper.<init>(ManagedChannelOrphanWrapper.java:44)
	at org.apache.ratis.thirdparty.io.grpc.internal.ManagedChannelImplBuilder.build(ManagedChannelImplBuilder.java:630)
	at org.apache.ratis.thirdparty.io.grpc.internal.AbstractManagedChannelImplBuilder.build(AbstractManagedChannelImplBuilder.java:297)
	at org.apache.hadoop.hdds.scm.XceiverClientGrpc.connectToDatanode(XceiverClientGrpc.java:205)
	at org.apache.hadoop.hdds.scm.XceiverClientGrpc.reconnect(XceiverClientGrpc.java:579)
	at org.apache.hadoop.hdds.scm.XceiverClientGrpc.checkOpen(XceiverClientGrpc.java:570)
	at org.apache.hadoop.hdds.scm.XceiverClientGrpc.sendCommandAsync(XceiverClientGrpc.java:500)
	at org.apache.hadoop.hdds.scm.XceiverClientGrpc.sendCommandWithRetry(XceiverClientGrpc.java:402)
	at org.apache.hadoop.hdds.scm.XceiverClientGrpc.lambda$sendCommandWithTraceIDAndRetry$0(XceiverClientGrpc.java:344)
	at org.apache.hadoop.hdds.tracing.TracingUtil.executeInSpan(TracingUtil.java:177)
	at org.apache.hadoop.hdds.tracing.TracingUtil.executeInNewSpan(TracingUtil.java:151)
	at org.apache.hadoop.hdds.scm.XceiverClientGrpc.sendCommandWithTraceIDAndRetry(XceiverClientGrpc.java:338)
	at org.apache.hadoop.hdds.scm.XceiverClientGrpc.sendCommand(XceiverClientGrpc.java:319)
	at org.apache.hadoop.hdds.scm.storage.ContainerProtocolCalls.getBlock(ContainerProtocolCalls.java:152)
	at org.apache.hadoop.hdds.scm.storage.BlockInputStream.getChunkInfos(BlockInputStream.java:242)
	at org.apache.hadoop.hdds.scm.storage.BlockInputStream.initialize(BlockInputStream.java:146)
	at org.apache.hadoop.ozone.client.rpc.read.TestKeyInputStream.testInputStreams(TestKeyInputStream.java:176)
	at org.apache.hadoop.ozone.client.rpc.read.TestKeyInputStream.testNonReplicationReads(TestKeyInputStream.java:144)
	at sun.reflect.NativeMethodAccessorImpl.invoke0(Native Method)
	at sun.reflect.NativeMethodAccessorImpl.invoke(NativeMethodAccessorImpl.java:62)
	at sun.reflect.DelegatingMethodAccessorImpl.invoke(DelegatingMethodAccessorImpl.java:43)
	at java.lang.reflect.Method.invoke(Method.java:498)
	at org.junit.runners.model.FrameworkMethod$1.runReflectiveCall(FrameworkMethod.java:59)
	at org.junit.internal.runners.model.ReflectiveCallable.run(ReflectiveCallable.java:12)
	at org.junit.runners.model.FrameworkMethod.invokeExplosively(FrameworkMethod.java:56)
	at org.junit.internal.runners.statements.InvokeMethod.evaluate(InvokeMethod.java:17)
	at org.junit.internal.runners.statements.RunBefores.evaluate(RunBefores.java:26)
	at org.junit.internal.runners.statements.RunAfters.evaluate(RunAfters.java:27)
	at org.junit.internal.runners.statements.FailOnTimeout$CallableStatement.call(FailOnTimeout.java:288)
	at org.junit.internal.runners.statements.FailOnTimeout$CallableStatement.call(FailOnTimeout.java:282)
	at java.util.concurrent.FutureTask.run(FutureTask.java:266)
	at java.lang.Thread.run(Thread.java:750)

Oct 08, 2022 1:39:28 AM org.apache.ratis.thirdparty.io.grpc.internal.ManagedChannelOrphanWrapper$ManagedChannelReference cleanQueue
SEVERE: *~*~*~ Channel ManagedChannelImpl{logId=614, target=10.1.0.61:36445} was not shutdown properly!!! ~*~*~*
    Make sure to call shutdown()/shutdownNow() and wait until awaitTermination() returns true.
java.lang.RuntimeException: ManagedChannel allocation site
	at org.apache.ratis.thirdparty.io.grpc.internal.ManagedChannelOrphanWrapper$ManagedChannelReference.<init>(ManagedChannelOrphanWrapper.java:93)
	at org.apache.ratis.thirdparty.io.grpc.internal.ManagedChannelOrphanWrapper.<init>(ManagedChannelOrphanWrapper.java:53)
	at org.apache.ratis.thirdparty.io.grpc.internal.ManagedChannelOrphanWrapper.<init>(ManagedChannelOrphanWrapper.java:44)
	at org.apache.ratis.thirdparty.io.grpc.internal.ManagedChannelImplBuilder.build(ManagedChannelImplBuilder.java:630)
	at org.apache.ratis.thirdparty.io.grpc.internal.AbstractManagedChannelImplBuilder.build(AbstractManagedChannelImplBuilder.java:297)
	at org.apache.hadoop.hdds.scm.XceiverClientGrpc.connectToDatanode(XceiverClientGrpc.java:205)
	at org.apache.hadoop.hdds.scm.XceiverClientGrpc.connect(XceiverClientGrpc.java:158)
	at org.apache.hadoop.hdds.scm.XceiverClientManager$2.call(XceiverClientManager.java:243)
	at org.apache.hadoop.hdds.scm.XceiverClientManager$2.call(XceiverClientManager.java:224)
	at com.google.common.cache.LocalCache$LocalManualCache$1.load(LocalCache.java:4868)
	at com.google.common.cache.LocalCache$LoadingValueReference.loadFuture(LocalCache.java:3533)
	at com.google.common.cache.LocalCache$Segment.loadSync(LocalCache.java:2282)
	at com.google.common.cache.LocalCache$Segment.lockedGetOrLoad(LocalCache.java:2159)
	at com.google.common.cache.LocalCache$Segment.get(LocalCache.java:2049)
	at com.google.common.cache.LocalCache.get(LocalCache.java:3966)
	at com.google.common.cache.LocalCache$LocalManualCache.get(LocalCache.java:4863)
	at org.apache.hadoop.hdds.scm.XceiverClientManager.getClient(XceiverClientManager.java:224)
	at org.apache.hadoop.hdds.scm.XceiverClientManager.acquireClient(XceiverClientManager.java:168)
	at org.apache.hadoop.hdds.scm.XceiverClientManager.acquireClientForReadData(XceiverClientManager.java:157)
	at org.apache.hadoop.hdds.scm.storage.BlockInputStream.acquireClient(BlockInputStream.java:256)
	at org.apache.hadoop.hdds.scm.storage.BlockInputStream.getChunkInfos(BlockInputStream.java:223)
	at org.apache.hadoop.hdds.scm.storage.BlockInputStream.initialize(BlockInputStream.java:146)
	at org.apache.hadoop.ozone.client.rpc.read.TestKeyInputStream.testInputStreams(TestKeyInputStream.java:176)
	at org.apache.hadoop.ozone.client.rpc.read.TestKeyInputStream.testNonReplicationReads(TestKeyInputStream.java:144)
	at sun.reflect.NativeMethodAccessorImpl.invoke0(Native Method)
	at sun.reflect.NativeMethodAccessorImpl.invoke(NativeMethodAccessorImpl.java:62)
	at sun.reflect.DelegatingMethodAccessorImpl.invoke(DelegatingMethodAccessorImpl.java:43)
	at java.lang.reflect.Method.invoke(Method.java:498)
	at org.junit.runners.model.FrameworkMethod$1.runReflectiveCall(FrameworkMethod.java:59)
	at org.junit.internal.runners.model.ReflectiveCallable.run(ReflectiveCallable.java:12)
	at org.junit.runners.model.FrameworkMethod.invokeExplosively(FrameworkMethod.java:56)
	at org.junit.internal.runners.statements.InvokeMethod.evaluate(InvokeMethod.java:17)
	at org.junit.internal.runners.statements.RunBefores.evaluate(RunBefores.java:26)
	at org.junit.internal.runners.statements.RunAfters.evaluate(RunAfters.java:27)
	at org.junit.internal.runners.statements.FailOnTimeout$CallableStatement.call(FailOnTimeout.java:288)
	at org.junit.internal.runners.statements.FailOnTimeout$CallableStatement.call(FailOnTimeout.java:282)
	at java.util.concurrent.FutureTask.run(FutureTask.java:266)
	at java.lang.Thread.run(Thread.java:750)

]]></system-err>
  </testcase>
  <testcase name="readAfterReplicationWithUnbuffering" classname="TestKeyInputStream" time="62.506">
    <system-out><![CDATA[2022-10-08 01:32:44,471 [Time-limited test] WARN  server.ServerUtils (ServerUtils.java:getScmDbDir(148)) - ozone.scm.db.dirs is not configured. We recommend adding this setting. Falling back to ozone.metadata.dirs instead.
2022-10-08 01:32:44,489 [Time-limited test] WARN  server.ServerUtils (ServerUtils.java:getScmDbDir(148)) - ozone.scm.db.dirs is not configured. We recommend adding this setting. Falling back to ozone.metadata.dirs instead.
2022-10-08 01:32:44,489 [Time-limited test] INFO  ha.SCMHANodeDetails (SCMHANodeDetails.java:loadSCMHAConfig(209)) - ServiceID for StorageContainerManager is null
2022-10-08 01:32:44,490 [Time-limited test] INFO  ha.SCMHANodeDetails (SCMHANodeDetails.java:loadSCMHAConfig(214)) - ozone.scm.default.service.id is not defined, falling back to ozone.scm.service.ids to find serviceID for StorageContainerManager if it is HA enabled cluster
2022-10-08 01:32:44,490 [Time-limited test] WARN  utils.HAUtils (HAUtils.java:getMetaDir(342)) - ozone.scm.db.dirs is not configured. We recommend adding this setting. Falling back to ozone.metadata.dirs instead.
2022-10-08 01:32:44,490 [Time-limited test] WARN  db.DBStoreBuilder (DBStoreBuilder.java:applyDBDefinition(144)) - ozone.scm.db.dirs is not configured. We recommend adding this setting. Falling back to ozone.metadata.dirs instead.
2022-10-08 01:32:44,999 [Time-limited test] INFO  net.NodeSchemaLoader (NodeSchemaLoader.java:loadSchemaFromFile(129)) - Loading schema from [jar:file:/home/runner/.m2/repository/org/apache/ozone/hdds-common/1.3.0-SNAPSHOT/hdds-common-1.3.0-SNAPSHOT.jar!/network-topology-default.xml]
2022-10-08 01:32:44,999 [Time-limited test] INFO  net.NodeSchemaLoader (NodeSchemaLoader.java:loadSchema(176)) - Loading network topology layer schema file
2022-10-08 01:32:45,008 [Time-limited test] WARN  impl.MetricRegistriesImpl (MetricRegistriesImpl.java:addReporterRegistration(111)) - New reporters are added after registries were created. Some metrics will be missing from the reporter. Please add reporter before adding any new registry.
2022-10-08 01:32:45,008 [Time-limited test] WARN  impl.MetricRegistriesImpl (MetricRegistriesImpl.java:addReporterRegistration(111)) - New reporters are added after registries were created. Some metrics will be missing from the reporter. Please add reporter before adding any new registry.
2022-10-08 01:32:45,009 [Time-limited test] INFO  upgrade.AbstractLayoutVersionManager (AbstractLayoutVersionManager.java:init(83)) - Initializing Layout version manager with metadata layout = DATANODE_SCHEMA_V3 (version = 4), software layout = DATANODE_SCHEMA_V3 (version = 4)
2022-10-08 01:32:45,147 [Time-limited test] INFO  reflections.Reflections (Reflections.java:scan(232)) - Reflections took 130 ms to scan 7 urls, producing 135 keys and 327 values 
2022-10-08 01:32:45,167 [Time-limited test] INFO  ha.SequenceIdGenerator (SequenceIdGenerator.java:upgradeToSequenceId(349)) - upgrade localId to 109611004723200000
2022-10-08 01:32:45,167 [Time-limited test] INFO  ha.SequenceIdGenerator (SequenceIdGenerator.java:upgradeToSequenceId(359)) - upgrade delTxnId to 0
2022-10-08 01:32:45,167 [Time-limited test] INFO  ha.SequenceIdGenerator (SequenceIdGenerator.java:upgradeToSequenceId(376)) - upgrade containerId to 0
2022-10-08 01:32:45,167 [Time-limited test] INFO  ha.SequenceIdGenerator (SequenceIdGenerator.java:<init>(220)) - Init the HA SequenceIdGenerator.
2022-10-08 01:32:45,200 [Time-limited test] INFO  node.SCMNodeManager (SCMNodeManager.java:<init>(149)) - Entering startup safe mode.
2022-10-08 01:32:45,201 [Time-limited test] INFO  algorithms.ContainerPlacementPolicyFactory (ContainerPlacementPolicyFactory.java:getPolicyInternal(86)) - Create container placement policy of type org.apache.hadoop.hdds.scm.container.placement.algorithms.SCMContainerPlacementRandom
2022-10-08 01:32:45,201 [Time-limited test] INFO  algorithms.ContainerPlacementPolicyFactory (ContainerPlacementPolicyFactory.java:getPolicyInternal(86)) - Create container placement policy of type org.apache.hadoop.hdds.scm.container.placement.algorithms.SCMContainerPlacementRackScatter
2022-10-08 01:32:45,201 [Time-limited test] INFO  pipeline.PipelineStateManagerImpl (PipelineStateManagerImpl.java:initialize(78)) - No pipeline exists in current db
2022-10-08 01:32:45,201 [Time-limited test] INFO  algorithms.LeaderChoosePolicyFactory (LeaderChoosePolicyFactory.java:getPolicy(57)) - Create leader choose policy of type org.apache.hadoop.hdds.scm.pipeline.leader.choose.algorithms.MinLeaderCountChoosePolicy
2022-10-08 01:32:45,202 [Time-limited test] INFO  algorithms.ContainerPlacementPolicyFactory (ContainerPlacementPolicyFactory.java:getPolicyInternal(86)) - Create container placement policy of type org.apache.hadoop.hdds.scm.container.placement.algorithms.SCMContainerPlacementRackScatter
2022-10-08 01:32:45,202 [Time-limited test] INFO  ha.SCMServiceManager (SCMServiceManager.java:register(42)) - Registering service BackgroundPipelineCreator.
2022-10-08 01:32:45,202 [Time-limited test] INFO  pipeline.BackgroundPipelineCreator (BackgroundPipelineCreator.java:start(124)) - Starting RatisPipelineUtilsThread.
2022-10-08 01:32:45,208 [Time-limited test] INFO  BackgroundPipelineScrubber (BackgroundSCMService.java:start(68)) - Starting BackgroundPipelineScrubber Service.
2022-10-08 01:32:45,217 [Time-limited test] INFO  ha.SCMServiceManager (SCMServiceManager.java:register(42)) - Registering service BackgroundPipelineScrubber.
2022-10-08 01:32:45,217 [Time-limited test] INFO  ExpiredContainerReplicaOpScrubber (BackgroundSCMService.java:start(68)) - Starting ExpiredContainerReplicaOpScrubber Service.
2022-10-08 01:32:45,225 [Time-limited test] INFO  ha.SCMServiceManager (SCMServiceManager.java:register(42)) - Registering service ExpiredContainerReplicaOpScrubber.
2022-10-08 01:32:45,226 [Time-limited test] INFO  algorithms.PipelineChoosePolicyFactory (PipelineChoosePolicyFactory.java:createPipelineChoosePolicyFromClass(73)) - Create pipeline choose policy of type org.apache.hadoop.hdds.scm.pipeline.choose.algorithms.RandomPipelineChoosePolicy
2022-10-08 01:32:45,227 [Time-limited test] INFO  ha.SCMServiceManager (SCMServiceManager.java:register(42)) - Registering service SCMBlockDeletingService.
2022-10-08 01:32:45,227 [Time-limited test] INFO  replication.ReplicationManager (ReplicationManager.java:start(223)) - Starting Replication Monitor Thread.
2022-10-08 01:32:45,259 [Time-limited test] INFO  ha.SCMServiceManager (SCMServiceManager.java:register(42)) - Registering service ReplicationManager.
2022-10-08 01:32:45,259 [ReplicationMonitor] INFO  replication.ReplicationManager (ReplicationManager.java:processAll(291)) - Replication Manager is not ready to run until 3000ms after safemode exit
2022-10-08 01:32:45,259 [Time-limited test] INFO  safemode.ContainerSafeModeRule (ContainerSafeModeRule.java:<init>(89)) - containers with one replica threshold count 0
2022-10-08 01:32:45,260 [Time-limited test] INFO  safemode.HealthyPipelineSafeModeRule (HealthyPipelineSafeModeRule.java:initializeRule(169)) - Total pipeline count is 0, healthy pipeline threshold count is 1
2022-10-08 01:32:45,260 [Time-limited test] INFO  safemode.OneReplicaPipelineSafeModeRule (OneReplicaPipelineSafeModeRule.java:initializeRule(180)) - Total pipeline count is 0, pipeline's with at least one datanode reported threshold count is 0
2022-10-08 01:32:45,268 [Time-limited test] INFO  ipc.CallQueueManager (CallQueueManager.java:<init>(90)) - Using callQueue: class java.util.concurrent.LinkedBlockingQueue, queueCapacity: 2000, scheduler: class org.apache.hadoop.ipc.DefaultRpcScheduler, ipcBackoff: false.
2022-10-08 01:32:45,274 [Socket Reader #1 for port 0] INFO  ipc.Server (Server.java:run(1265)) - Starting Socket Reader #1 for port 0
2022-10-08 01:32:45,278 [Listener at 0.0.0.0/40177] INFO  ipc.CallQueueManager (CallQueueManager.java:<init>(90)) - Using callQueue: class java.util.concurrent.LinkedBlockingQueue, queueCapacity: 2000, scheduler: class org.apache.hadoop.ipc.DefaultRpcScheduler, ipcBackoff: false.
2022-10-08 01:32:45,293 [Socket Reader #1 for port 0] INFO  ipc.Server (Server.java:run(1265)) - Starting Socket Reader #1 for port 0
2022-10-08 01:32:45,303 [Listener at 0.0.0.0/45375] INFO  ipc.CallQueueManager (CallQueueManager.java:<init>(90)) - Using callQueue: class java.util.concurrent.LinkedBlockingQueue, queueCapacity: 2000, scheduler: class org.apache.hadoop.ipc.DefaultRpcScheduler, ipcBackoff: false.
2022-10-08 01:32:45,324 [Socket Reader #1 for port 0] INFO  ipc.Server (Server.java:run(1265)) - Starting Socket Reader #1 for port 0
2022-10-08 01:32:45,400 [Listener at 0.0.0.0/43391] INFO  ha.SCMServiceManager (SCMServiceManager.java:register(42)) - Registering service ContainerBalancer.
2022-10-08 01:32:45,400 [Listener at 0.0.0.0/43391] INFO  server.StorageContainerManager (StorageContainerManager.java:<init>(410)) - 
Container Balancer status:
Key                            Value
Running                        false
Container Balancer Configuration values:
Key                                                Value
Threshold                                          10
Max Datanodes to Involve per Iteration(percent)    20
Max Size to Move per Iteration                     500GB
Max Size Entering Target per Iteration             26GB
Max Size Leaving Source per Iteration              26GB

2022-10-08 01:32:45,400 [Listener at 0.0.0.0/43391] WARN  events.EventQueue (EventQueue.java:fireEvent(216)) - No event handler registered for event TypedEvent{payloadType=SafeModeStatus, name='Safe mode status'}
2022-10-08 01:32:45,400 [Listener at 0.0.0.0/43391] INFO  ha.SCMContext (SCMContext.java:updateSafeModeStatus(228)) - Update SafeModeStatus from SafeModeStatus{safeModeStatus=true, preCheckPassed=false} to SafeModeStatus{safeModeStatus=true, preCheckPassed=false}.
2022-10-08 01:32:45,401 [Listener at 0.0.0.0/43391] INFO  server.StorageContainerManager (StorageContainerManager.java:start(1436)) - StorageContainerLocationProtocol RPC server is listening at /0.0.0.0:43391
2022-10-08 01:32:45,403 [Listener at 0.0.0.0/43391] WARN  impl.MetricsConfig (MetricsConfig.java:loadFirst(136)) - Cannot locate configuration: tried hadoop-metrics2-storagecontainermanager.properties,hadoop-metrics2.properties
2022-10-08 01:32:45,421 [Listener at 0.0.0.0/43391] INFO  impl.MetricsSystemImpl (MetricsSystemImpl.java:startTimer(378)) - Scheduled Metric snapshot period at 10 second(s).
2022-10-08 01:32:45,422 [Listener at 0.0.0.0/43391] INFO  impl.MetricsSystemImpl (MetricsSystemImpl.java:start(191)) - StorageContainerManager metrics system started
2022-10-08 01:32:45,437 [Listener at 0.0.0.0/43391] INFO  impl.MetricsSinkAdapter (MetricsSinkAdapter.java:start(204)) - Sink prometheus started
2022-10-08 01:32:45,448 [Listener at 0.0.0.0/43391] INFO  impl.MetricsSystemImpl (MetricsSystemImpl.java:registerSink(305)) - Registered sink prometheus
2022-10-08 01:32:45,504 [Listener at 0.0.0.0/43391] INFO  server.SCMClientProtocolServer (SCMClientProtocolServer.java:start(170)) - RPC server for Client  is listening at /0.0.0.0:43391
2022-10-08 01:32:45,520 [IPC Server Responder] INFO  ipc.Server (Server.java:run(1507)) - IPC Server Responder: starting
2022-10-08 01:32:45,524 [IPC Server listener on 0] INFO  ipc.Server (Server.java:run(1344)) - IPC Server listener on 0: starting
2022-10-08 01:32:45,590 [Listener at 0.0.0.0/43391] INFO  server.StorageContainerManager (StorageContainerManager.java:start(1451)) - ScmBlockLocationProtocol RPC server is listening at /0.0.0.0:45375
2022-10-08 01:32:45,591 [Listener at 0.0.0.0/43391] INFO  server.SCMBlockProtocolServer (SCMBlockProtocolServer.java:start(152)) - RPC server for Block Protocol is listening at /0.0.0.0:45375
2022-10-08 01:32:45,591 [IPC Server Responder] INFO  ipc.Server (Server.java:run(1507)) - IPC Server Responder: starting
2022-10-08 01:32:45,591 [IPC Server listener on 0] INFO  ipc.Server (Server.java:run(1344)) - IPC Server listener on 0: starting
2022-10-08 01:32:45,597 [Listener at 0.0.0.0/43391] INFO  server.SCMDatanodeProtocolServer (SCMDatanodeProtocolServer.java:start(186)) - ScmDatanodeProtocol RPC server for DataNodes is listening at /0.0.0.0:40177
2022-10-08 01:32:45,598 [IPC Server Responder] INFO  ipc.Server (Server.java:run(1507)) - IPC Server Responder: starting
2022-10-08 01:32:45,598 [IPC Server listener on 0] INFO  ipc.Server (Server.java:run(1344)) - IPC Server listener on 0: starting
2022-10-08 01:32:45,620 [Listener at 0.0.0.0/43391] INFO  http.BaseHttpServer (BaseHttpServer.java:newHttpServer2BuilderForOzone(213)) - Starting Web-server for scm at: http://0.0.0.0:0
2022-10-08 01:32:45,621 [Listener at 0.0.0.0/43391] INFO  http.BaseHttpServer (BaseHttpServer.java:<init>(108)) - Hadoop Security Enabled: false Ozone Security Enabled: false Ozone HTTP Security Enabled: false 
2022-10-08 01:32:45,623 [Listener at 0.0.0.0/43391] INFO  server.AuthenticationFilter (AuthenticationFilter.java:constructSecretProvider(240)) - Unable to initialize FileSignerSecretProvider, falling back to use random secrets.
2022-10-08 01:32:45,636 [org.apache.hadoop.util.JvmPauseMonitor$Monitor@283479b1] INFO  util.JvmPauseMonitor (JvmPauseMonitor.java:run(188)) - Starting JVM pause monitor
2022-10-08 01:32:45,648 [Listener at 0.0.0.0/43391] WARN  http.HttpRequestLog (HttpRequestLog.java:getRequestLog(103)) - Jetty request log can only be enabled using Log4j
2022-10-08 01:32:45,649 [Listener at 0.0.0.0/43391] INFO  http.HttpServer2 (HttpServer2.java:addGlobalFilter(1031)) - Added global filter 'safety' (class=org.apache.hadoop.hdds.server.http.HttpServer2$QuotingInputFilter)
2022-10-08 01:32:45,650 [Listener at 0.0.0.0/43391] INFO  http.HttpServer2 (HttpServer2.java:addFilter(1007)) - Added filter static_user_filter (class=org.apache.hadoop.http.lib.StaticUserWebFilter$StaticUserFilter) to context scm
2022-10-08 01:32:45,650 [Listener at 0.0.0.0/43391] INFO  http.HttpServer2 (HttpServer2.java:addFilter(1015)) - Added filter static_user_filter (class=org.apache.hadoop.http.lib.StaticUserWebFilter$StaticUserFilter) to context logs
2022-10-08 01:32:45,650 [Listener at 0.0.0.0/43391] INFO  http.HttpServer2 (HttpServer2.java:addFilter(1015)) - Added filter static_user_filter (class=org.apache.hadoop.http.lib.StaticUserWebFilter$StaticUserFilter) to context static
2022-10-08 01:32:45,650 [Listener at 0.0.0.0/43391] INFO  http.HttpServer2 (HttpServer2.java:bindListener(1250)) - Jetty bound to port 38717
2022-10-08 01:32:45,651 [Listener at 0.0.0.0/43391] INFO  server.Server (Server.java:doStart(375)) - jetty-9.4.43.v20210629; built: 2021-06-30T11:07:22.254Z; git: 526006ecfa3af7f1a27ef3a288e2bef7ea9dd7e8; jvm 1.8.0_345-b01
2022-10-08 01:32:45,661 [Listener at 0.0.0.0/43391] INFO  server.session (DefaultSessionIdManager.java:doStart(334)) - DefaultSessionIdManager workerName=node0
2022-10-08 01:32:45,661 [Listener at 0.0.0.0/43391] INFO  server.session (DefaultSessionIdManager.java:doStart(339)) - No SessionScavenger set, using defaults
2022-10-08 01:32:45,661 [Listener at 0.0.0.0/43391] INFO  server.session (HouseKeeper.java:startScavenging(132)) - node0 Scavenging every 600000ms
2022-10-08 01:32:45,663 [Listener at 0.0.0.0/43391] INFO  handler.ContextHandler (ContextHandler.java:doStart(915)) - Started o.e.j.s.ServletContextHandler@63e3d24b{logs,/logs,file:///home/runner/work/ozone/ozone/hadoop-ozone/integration-test/target/log,AVAILABLE}
2022-10-08 01:32:45,664 [Listener at 0.0.0.0/43391] INFO  handler.ContextHandler (ContextHandler.java:doStart(915)) - Started o.e.j.s.ServletContextHandler@79d92391{static,/static,file:///home/runner/work/ozone/ozone/hadoop-ozone/integration-test/target/test-classes/webapps/static,AVAILABLE}
2022-10-08 01:32:45,683 [Listener at 0.0.0.0/43391] INFO  handler.ContextHandler (ContextHandler.java:doStart(915)) - Started o.e.j.w.WebAppContext@63df585e{scm,/,file:///home/runner/work/ozone/ozone/hadoop-ozone/integration-test/target/test-classes/webapps/scm/,AVAILABLE}{file:/home/runner/work/ozone/ozone/hadoop-ozone/integration-test/target/test-classes/webapps/scm}
2022-10-08 01:32:45,685 [Listener at 0.0.0.0/43391] INFO  server.AbstractConnector (AbstractConnector.java:doStart(331)) - Started ServerConnector@48392de7{HTTP/1.1, (http/1.1)}{0.0.0.0:38717}
2022-10-08 01:32:45,686 [Listener at 0.0.0.0/43391] INFO  server.Server (Server.java:doStart(415)) - Started @91958ms
2022-10-08 01:32:45,686 [Listener at 0.0.0.0/43391] WARN  impl.MetricsSystemImpl (MetricsSystemImpl.java:register(279)) - Sink prometheus already exists!
2022-10-08 01:32:45,686 [Listener at 0.0.0.0/43391] INFO  http.BaseHttpServer (BaseHttpServer.java:updateConnectorAddress(333)) - HTTP server of scm listening at http://0.0.0.0:38717
2022-10-08 01:32:45,686 [Listener at 0.0.0.0/43391] WARN  server.ServerUtils (ServerUtils.java:getDBPath(225)) - ozone.om.db.dirs is not configured. We recommend adding this setting. Falling back to ozone.metadata.dirs instead.
2022-10-08 01:32:45,697 [Listener at 0.0.0.0/43391] INFO  ha.OMHANodeDetails (OMHANodeDetails.java:loadOMHAConfig(115)) - ozone.om.internal.service.id is not defined, falling back to ozone.om.service.ids to find serviceID for OzoneManager if it is HA enabled cluster
2022-10-08 01:32:45,697 [Listener at 0.0.0.0/43391] INFO  ha.OMHANodeDetails (OMHANodeDetails.java:loadOMHAConfig(226)) - Configuration does not have ozone.om.address set. Falling back to the default OM address /127.0.0.1:0
2022-10-08 01:32:45,697 [Listener at 0.0.0.0/43391] INFO  ha.OMHANodeDetails (OMHANodeDetails.java:getOMNodeDetailsForNonHA(254)) - OM Service ID is not set. Setting it to the default ID: omServiceIdDefault
2022-10-08 01:32:45,697 [Listener at 0.0.0.0/43391] INFO  ha.OMHANodeDetails (OMHANodeDetails.java:getOMNodeDetailsForNonHA(261)) - OM Node ID is not set. Setting it to the default ID: om1
2022-10-08 01:32:45,697 [Listener at 0.0.0.0/43391] WARN  server.ServerUtils (ServerUtils.java:getDBPath(225)) - ozone.om.db.dirs is not configured. We recommend adding this setting. Falling back to ozone.metadata.dirs instead.
2022-10-08 01:32:45,698 [Listener at 0.0.0.0/43391] INFO  upgrade.AbstractLayoutVersionManager (AbstractLayoutVersionManager.java:init(83)) - Initializing Layout version manager with metadata layout = MULTITENANCY_SCHEMA (version = 3), software layout = MULTITENANCY_SCHEMA (version = 3)
2022-10-08 01:32:45,890 [Listener at 0.0.0.0/43391] INFO  reflections.Reflections (Reflections.java:scan(232)) - Reflections took 192 ms to scan 2 urls, producing 154 keys and 428 values [using 2 cores]
2022-10-08 01:32:45,890 [Listener at 0.0.0.0/43391] INFO  upgrade.OMLayoutVersionManager (OMLayoutVersionManager.java:lambda$0(115)) - Skipping Upgrade Action MockOmUpgradeAction since it has been finalized.
2022-10-08 01:32:45,890 [Listener at 0.0.0.0/43391] WARN  server.ServerUtils (ServerUtils.java:getDBPath(225)) - ozone.om.db.dirs is not configured. We recommend adding this setting. Falling back to ozone.metadata.dirs instead.
2022-10-08 01:32:45,891 [Listener at 0.0.0.0/43391] INFO  proxy.SCMBlockLocationFailoverProxyProvider (SCMBlockLocationFailoverProxyProvider.java:<init>(114)) - Created block location fail-over proxy with 1 nodes: [nodeId=scmNodeId,nodeAddress=/0.0.0.0:45375]
2022-10-08 01:32:45,892 [Listener at 0.0.0.0/43391] INFO  proxy.SCMBlockLocationFailoverProxyProvider (SCMBlockLocationFailoverProxyProvider.java:<init>(114)) - Created block location fail-over proxy with 1 nodes: [nodeId=scmNodeId,nodeAddress=/0.0.0.0:45375]
2022-10-08 01:32:45,922 [Listener at 0.0.0.0/43391] WARN  server.ServerUtils (ServerUtils.java:getDBPath(225)) - ozone.om.db.dirs is not configured. We recommend adding this setting. Falling back to ozone.metadata.dirs instead.
2022-10-08 01:32:45,922 [Listener at 0.0.0.0/43391] INFO  codec.OmKeyInfoCodec (OmKeyInfoCodec.java:<init>(49)) - OmKeyInfoCodec ignorePipeline = true
2022-10-08 01:32:45,922 [Listener at 0.0.0.0/43391] INFO  codec.RepeatedOmKeyInfoCodec (RepeatedOmKeyInfoCodec.java:<init>(41)) - RepeatedOmKeyInfoCodec ignorePipeline = true
2022-10-08 01:32:46,259 [ReplicationMonitor] INFO  replication.ReplicationManager (ReplicationManager.java:processAll(291)) - Replication Manager is not ready to run until 3000ms after safemode exit
2022-10-08 01:32:46,534 [Listener at 0.0.0.0/43391] INFO  om.OzoneManager (OzoneManager.java:instantiateServices(710)) - S3 Multi-Tenancy is disabled
2022-10-08 01:32:46,549 [Listener at 0.0.0.0/43391] INFO  om.OzoneManager (OzoneManager.java:addS3GVolumeToDB(4325)) - Created Volume s3v With Owner runner required for S3Gateway operations.
2022-10-08 01:32:46,549 [Listener at 0.0.0.0/43391] WARN  server.ServerUtils (ServerUtils.java:getDefaultRatisDirectory(237)) - Storage directory for Ratis is not configured. It is a good idea to map this to an SSD disk. Falling back to ozone.metadata.dirs
2022-10-08 01:32:46,549 [Listener at 0.0.0.0/43391] WARN  utils.OzoneManagerRatisUtils (OzoneManagerRatisUtils.java:getOMRatisSnapshotDirectory(434)) - ozone.om.ratis.snapshot.dir is not configured. Falling back to ozone.metadata.dirs config
2022-10-08 01:32:46,550 [Listener at 0.0.0.0/43391] WARN  impl.MetricRegistriesImpl (MetricRegistriesImpl.java:addReporterRegistration(111)) - New reporters are added after registries were created. Some metrics will be missing from the reporter. Please add reporter before adding any new registry.
2022-10-08 01:32:46,550 [Listener at 0.0.0.0/43391] WARN  impl.MetricRegistriesImpl (MetricRegistriesImpl.java:addReporterRegistration(111)) - New reporters are added after registries were created. Some metrics will be missing from the reporter. Please add reporter before adding any new registry.
2022-10-08 01:32:46,550 [Listener at 0.0.0.0/43391] WARN  server.ServerUtils (ServerUtils.java:getDefaultRatisDirectory(237)) - Storage directory for Ratis is not configured. It is a good idea to map this to an SSD disk. Falling back to ozone.metadata.dirs
2022-10-08 01:32:46,551 [Listener at 0.0.0.0/43391] INFO  ratis.OzoneManagerRatisServer (OzoneManagerRatisServer.java:<init>(160)) - Instantiating OM Ratis server with groupID: omServiceIdDefault and peers: localhost:9872
2022-10-08 01:32:46,551 [Listener at 0.0.0.0/43391] INFO  ratis.OzoneManagerStateMachine (OzoneManagerStateMachine.java:loadSnapshotInfoFromDB(632)) - LastAppliedIndex is set from TransactionInfo from OM DB as (t:0, i:~)
2022-10-08 01:32:46,564 [Listener at 0.0.0.0/43391] INFO  server.RaftServer (ConfUtils.java:logGet(46)) - raft.rpc.type = GRPC (default)
2022-10-08 01:32:46,565 [Listener at 0.0.0.0/43391] INFO  grpc.GrpcFactory (GrpcFactory.java:checkPooledByteBufAllocatorUseCacheForAllThreads(48)) - PERFORMANCE WARNING: useCacheForAllThreads is true that may cause Netty to create a lot garbage objects and, as a result, trigger GC.
	It is recommended to disable useCacheForAllThreads by setting -Dorg.apache.ratis.thirdparty.io.netty.allocator.useCacheForAllThreads=false in command line.
2022-10-08 01:32:46,565 [Listener at 0.0.0.0/43391] INFO  grpc.GrpcConfigKeys (ConfUtils.java:logGet(46)) - raft.grpc.admin.port = -1 (default)
2022-10-08 01:32:46,580 [Listener at 0.0.0.0/43391] INFO  grpc.GrpcConfigKeys (ConfUtils.java:logGet(46)) - raft.grpc.server.port = 9872 (custom)
2022-10-08 01:32:46,580 [Listener at 0.0.0.0/43391] INFO  grpc.GrpcConfigKeys (ConfUtils.java:logGet(46)) - raft.grpc.client.port = -1 (default)
2022-10-08 01:32:46,580 [Listener at 0.0.0.0/43391] INFO  grpc.GrpcConfigKeys (ConfUtils.java:logGet(46)) - raft.grpc.server.port = 9872 (custom)
2022-10-08 01:32:46,583 [Listener at 0.0.0.0/43391] INFO  grpc.GrpcConfigKeys (ConfUtils.java:logGet(46)) - raft.grpc.server.port = 9872 (custom)
2022-10-08 01:32:46,583 [Listener at 0.0.0.0/43391] INFO  server.GrpcService (ConfUtils.java:logGet(46)) - raft.grpc.message.size.max = 33554432 (custom)
2022-10-08 01:32:46,583 [Listener at 0.0.0.0/43391] INFO  server.RaftServerConfigKeys (ConfUtils.java:logGet(46)) - raft.server.log.appender.buffer.byte-limit = 33554432 (custom)
2022-10-08 01:32:46,583 [Listener at 0.0.0.0/43391] INFO  server.GrpcService (ConfUtils.java:logGet(46)) - raft.grpc.flow.control.window = 1MB (=1048576) (default)
2022-10-08 01:32:46,583 [Listener at 0.0.0.0/43391] INFO  server.RaftServerConfigKeys (ConfUtils.java:logGet(46)) - raft.server.rpc.request.timeout = 3000ms (default)
2022-10-08 01:32:46,583 [Listener at 0.0.0.0/43391] INFO  grpc.GrpcConfigKeys (ConfUtils.java:logGet(46)) - raft.grpc.server.async.request.thread.pool.cached = true (default)
2022-10-08 01:32:46,583 [Listener at 0.0.0.0/43391] INFO  grpc.GrpcConfigKeys (ConfUtils.java:logGet(46)) - raft.grpc.server.async.request.thread.pool.size = 32 (default)
2022-10-08 01:32:46,585 [Listener at 0.0.0.0/43391] INFO  impl.DataStreamServerImpl (ConfUtils.java:logGet(46)) - raft.datastream.type = DISABLED (default)
2022-10-08 01:32:46,586 [Listener at 0.0.0.0/43391] INFO  server.RaftServerConfigKeys (ConfUtils.java:logGet(46)) - raft.server.threadpool.proxy.cached = true (default)
2022-10-08 01:32:46,586 [Listener at 0.0.0.0/43391] INFO  server.RaftServerConfigKeys (ConfUtils.java:logGet(46)) - raft.server.threadpool.proxy.size = 0 (default)
2022-10-08 01:32:46,586 [Listener at 0.0.0.0/43391] INFO  server.RaftServerConfigKeys (ConfUtils.java:logGet(46)) - raft.server.rpc.slowness.timeout = 120s (custom)
2022-10-08 01:32:46,586 [Listener at 0.0.0.0/43391] INFO  server.RaftServerConfigKeys (ConfUtils.java:logGet(46)) - raft.server.leaderelection.leader.step-down.wait-time = 10s (default)
2022-10-08 01:32:46,586 [Listener at 0.0.0.0/43391] INFO  server.RaftServerConfigKeys (ConfUtils.java:logGet(46)) - raft.server.storage.dir = [/home/runner/work/ozone/ozone/hadoop-ozone/integration-test/target/test-dir/MiniOzoneClusterImpl-b5c1db78-dac0-44d3-8f11-3a92d2c44f5f/ozone-meta/ratis] (custom)
2022-10-08 01:32:46,603 [Listener at 0.0.0.0/43391] INFO  server.RaftServer (RaftServerProxy.java:addNew(96)) - om1: addNew group-C5BA1605619E:[om1|rpc:localhost:9872|priority:0] returns group-C5BA1605619E:java.util.concurrent.CompletableFuture@e82f023[Not completed]
2022-10-08 01:32:46,603 [Listener at 0.0.0.0/43391] INFO  om.OzoneManager (OzoneManager.java:initializeRatisServer(1977)) - OzoneManager Ratis server initialized at port 9872
2022-10-08 01:32:46,604 [Listener at 0.0.0.0/43391] INFO  om.OzoneManager (OzoneManager.java:getRpcServer(1100)) - Creating RPC Server
2022-10-08 01:32:46,609 [pool-454-thread-1] INFO  server.RaftServer$Division (RaftServerImpl.java:<init>(190)) - om1: new RaftServerImpl for group-C5BA1605619E:[om1|rpc:localhost:9872|priority:0] with OzoneManagerStateMachine:uninitialized
2022-10-08 01:32:46,609 [pool-454-thread-1] INFO  server.RaftServerConfigKeys (ConfUtils.java:logGet(46)) - raft.server.rpc.timeout.min = 1s (custom)
2022-10-08 01:32:46,609 [pool-454-thread-1] INFO  server.RaftServerConfigKeys (ConfUtils.java:logGet(46)) - raft.server.rpc.timeout.max = 1200ms (custom)
2022-10-08 01:32:46,609 [pool-454-thread-1] INFO  server.RaftServerConfigKeys (ConfUtils.java:logGet(46)) - raft.server.rpc.sleep.time = 25ms (default)
2022-10-08 01:32:46,609 [pool-454-thread-1] INFO  server.RaftServerConfigKeys (ConfUtils.java:logGet(46)) - raft.server.rpc.slowness.timeout = 120s (custom)
2022-10-08 01:32:46,609 [pool-454-thread-1] INFO  server.RaftServerConfigKeys (ConfUtils.java:logGet(46)) - raft.server.leaderelection.leader.step-down.wait-time = 10s (default)
2022-10-08 01:32:46,611 [pool-454-thread-1] INFO  server.RaftServerConfigKeys (ConfUtils.java:logGet(46)) - raft.server.sleep.deviation.threshold = 300ms (default)
2022-10-08 01:32:46,611 [pool-454-thread-1] INFO  server.RaftServer$Division (ServerState.java:<init>(107)) - om1@group-C5BA1605619E: ConfigurationManager, init=-1: [om1|rpc:localhost:9872|priority:0], old=null, confs=<EMPTY_MAP>
2022-10-08 01:32:46,611 [pool-454-thread-1] INFO  server.RaftServerConfigKeys (ConfUtils.java:logGet(46)) - raft.server.storage.dir = [/home/runner/work/ozone/ozone/hadoop-ozone/integration-test/target/test-dir/MiniOzoneClusterImpl-b5c1db78-dac0-44d3-8f11-3a92d2c44f5f/ozone-meta/ratis] (custom)
2022-10-08 01:32:46,612 [pool-454-thread-1] INFO  server.RaftServerConfigKeys (ConfUtils.java:logGet(46)) - raft.server.log.corruption.policy = EXCEPTION (default)
2022-10-08 01:32:46,612 [pool-454-thread-1] INFO  server.RaftServerConfigKeys (ConfUtils.java:logGet(46)) - raft.server.storage.free-space.min = 0MB (=0) (default)
2022-10-08 01:32:46,612 [pool-454-thread-1] INFO  storage.RaftStorageDirectory (RaftStorageDirectoryImpl.java:analyzeStorage(135)) - The storage directory /home/runner/work/ozone/ozone/hadoop-ozone/integration-test/target/test-dir/MiniOzoneClusterImpl-b5c1db78-dac0-44d3-8f11-3a92d2c44f5f/ozone-meta/ratis/bf265839-605b-3f16-9796-c5ba1605619e does not exist. Creating ...
2022-10-08 01:32:46,622 [pool-454-thread-1] INFO  storage.RaftStorageDirectory (RaftStorageDirectoryImpl.java:tryLock(230)) - Lock on /home/runner/work/ozone/ozone/hadoop-ozone/integration-test/target/test-dir/MiniOzoneClusterImpl-b5c1db78-dac0-44d3-8f11-3a92d2c44f5f/ozone-meta/ratis/bf265839-605b-3f16-9796-c5ba1605619e/in_use.lock acquired by nodename 52807@fv-az180-867
2022-10-08 01:32:46,633 [pool-454-thread-1] INFO  storage.RaftStorage (RaftStorageImpl.java:format(89)) - Storage directory /home/runner/work/ozone/ozone/hadoop-ozone/integration-test/target/test-dir/MiniOzoneClusterImpl-b5c1db78-dac0-44d3-8f11-3a92d2c44f5f/ozone-meta/ratis/bf265839-605b-3f16-9796-c5ba1605619e has been successfully formatted.
2022-10-08 01:32:46,634 [pool-454-thread-1] INFO  server.RaftServerConfigKeys (ConfUtils.java:logGet(46)) - raft.server.notification.no-leader.timeout = 120s (custom)
2022-10-08 01:32:46,634 [pool-454-thread-1] INFO  server.RaftServerConfigKeys (ConfUtils.java:logGet(46)) - raft.server.log.use.memory = false (default)
2022-10-08 01:32:46,640 [pool-454-thread-1] INFO  server.RaftServerConfigKeys (ConfUtils.java:logGet(46)) - raft.server.log.purge.gap = 1000000 (custom)
2022-10-08 01:32:46,640 [pool-454-thread-1] INFO  server.RaftServerConfigKeys (ConfUtils.java:logGet(46)) - raft.server.log.appender.buffer.byte-limit = 33554432 (custom)
2022-10-08 01:32:46,640 [pool-454-thread-1] INFO  server.RaftServerConfigKeys (ConfUtils.java:logGet(46)) - raft.server.log.statemachine.data.read.timeout = 1000ms (default)
2022-10-08 01:32:46,644 [pool-454-thread-1] INFO  server.RaftServerConfigKeys (ConfUtils.java:logGet(46)) - raft.server.log.segment.size.max = 4194304 (custom)
2022-10-08 01:32:46,644 [pool-454-thread-1] INFO  server.RaftServerConfigKeys (ConfUtils.java:logGet(46)) - raft.server.log.segment.cache.num.max = 2 (custom)
2022-10-08 01:32:46,644 [pool-454-thread-1] INFO  server.RaftServerConfigKeys (ConfUtils.java:logGet(46)) - raft.server.log.segment.cache.size.max = 200MB (=209715200) (default)
2022-10-08 01:32:46,644 [pool-454-thread-1] INFO  segmented.SegmentedRaftLogWorker (SegmentedRaftLogWorker.java:<init>(187)) - new om1@group-C5BA1605619E-SegmentedRaftLogWorker for RaftStorageImpl:Storage Directory /home/runner/work/ozone/ozone/hadoop-ozone/integration-test/target/test-dir/MiniOzoneClusterImpl-b5c1db78-dac0-44d3-8f11-3a92d2c44f5f/ozone-meta/ratis/bf265839-605b-3f16-9796-c5ba1605619e
2022-10-08 01:32:46,644 [pool-454-thread-1] INFO  server.RaftServerConfigKeys (ConfUtils.java:logGet(46)) - raft.server.log.queue.byte-limit = 64MB (=67108864) (default)
2022-10-08 01:32:46,644 [pool-454-thread-1] INFO  server.RaftServerConfigKeys (ConfUtils.java:logGet(46)) - raft.server.log.queue.element-limit = 4096 (default)
2022-10-08 01:32:46,644 [pool-454-thread-1] INFO  server.RaftServerConfigKeys (ConfUtils.java:logGet(46)) - raft.server.log.segment.size.max = 4194304 (custom)
2022-10-08 01:32:46,644 [pool-454-thread-1] INFO  server.RaftServerConfigKeys (ConfUtils.java:logGet(46)) - raft.server.log.preallocated.size = 4194304 (custom)
2022-10-08 01:32:46,644 [pool-454-thread-1] INFO  server.RaftServerConfigKeys (ConfUtils.java:logGet(46)) - raft.server.log.force.sync.num = 128 (default)
2022-10-08 01:32:46,644 [pool-454-thread-1] INFO  server.RaftServerConfigKeys (ConfUtils.java:logGet(46)) - raft.server.log.statemachine.data.sync = true (default)
2022-10-08 01:32:46,645 [pool-454-thread-1] INFO  server.RaftServerConfigKeys (ConfUtils.java:logGet(46)) - raft.server.log.statemachine.data.sync.timeout = 10s (default)
2022-10-08 01:32:46,645 [pool-454-thread-1] INFO  server.RaftServerConfigKeys (ConfUtils.java:logGet(46)) - raft.server.log.statemachine.data.sync.timeout.retry = -1 (default)
2022-10-08 01:32:46,653 [pool-454-thread-1] INFO  server.RaftServerConfigKeys (ConfUtils.java:logGet(46)) - raft.server.log.write.buffer.size = 64KB (=65536) (default)
2022-10-08 01:32:46,653 [pool-454-thread-1] INFO  server.RaftServerConfigKeys (ConfUtils.java:logGet(46)) - raft.server.log.unsafe-flush.enabled = false (default)
2022-10-08 01:32:46,653 [pool-454-thread-1] INFO  server.RaftServerConfigKeys (ConfUtils.java:logGet(46)) - raft.server.log.statemachine.data.caching.enabled = false (default)
2022-10-08 01:32:46,654 [pool-454-thread-1] INFO  segmented.SegmentedRaftLogWorker (SegmentedRaftLogWorker.java:lambda$new$0(135)) - om1@group-C5BA1605619E-SegmentedRaftLogWorker: flushIndex: setUnconditionally 0 -> -1
2022-10-08 01:32:46,654 [pool-454-thread-1] INFO  segmented.SegmentedRaftLogWorker (SegmentedRaftLogWorker.java:lambda$new$0(135)) - om1@group-C5BA1605619E-SegmentedRaftLogWorker: safeCacheEvictIndex: setUnconditionally 0 -> -1
2022-10-08 01:32:46,672 [pool-454-thread-1] INFO  server.RaftServerConfigKeys (ConfUtils.java:logGet(46)) - raft.server.snapshot.auto.trigger.enabled = true (custom)
2022-10-08 01:32:46,672 [pool-454-thread-1] INFO  server.RaftServerConfigKeys (ConfUtils.java:logGet(46)) - raft.server.snapshot.auto.trigger.threshold = 400000 (default)
2022-10-08 01:32:46,672 [pool-454-thread-1] INFO  server.RaftServerConfigKeys (ConfUtils.java:logGet(46)) - raft.server.snapshot.retention.file.num = -1 (default)
2022-10-08 01:32:46,672 [pool-454-thread-1] INFO  server.RaftServerConfigKeys (ConfUtils.java:logGet(46)) - raft.server.log.purge.upto.snapshot.index = true (custom)
2022-10-08 01:32:46,672 [pool-454-thread-1] INFO  server.RaftServerConfigKeys (ConfUtils.java:logGet(46)) - raft.server.retrycache.expirytime = 300s (custom)
2022-10-08 01:32:46,672 [pool-454-thread-1] INFO  server.RaftServerConfigKeys (ConfUtils.java:logGet(46)) - raft.server.retrycache.statistics.expirytime = 100μs (default)
2022-10-08 01:32:46,715 [pool-454-thread-1] INFO  server.RaftServerConfigKeys (ConfUtils.java:logGet(46)) - raft.server.log.appender.install.snapshot.enabled = false (custom)
2022-10-08 01:32:46,715 [pool-454-thread-1] INFO  server.RaftServerConfigKeys (ConfUtils.java:logGet(46)) - raft.server.threadpool.server.cached = true (default)
2022-10-08 01:32:46,715 [pool-454-thread-1] INFO  server.RaftServerConfigKeys (ConfUtils.java:logGet(46)) - raft.server.threadpool.server.size = 0 (default)
2022-10-08 01:32:46,715 [pool-454-thread-1] INFO  server.RaftServerConfigKeys (ConfUtils.java:logGet(46)) - raft.server.threadpool.client.cached = true (default)
2022-10-08 01:32:46,715 [pool-454-thread-1] INFO  server.RaftServerConfigKeys (ConfUtils.java:logGet(46)) - raft.server.threadpool.client.size = 0 (default)
2022-10-08 01:32:47,259 [ReplicationMonitor] INFO  replication.ReplicationManager (ReplicationManager.java:processAll(291)) - Replication Manager is not ready to run until 3000ms after safemode exit
2022-10-08 01:32:47,936 [Listener at 0.0.0.0/43391] INFO  reflections.Reflections (Reflections.java:scan(232)) - Reflections took 1328 ms to scan 19 urls, producing 67 keys and 4225 values [using 2 cores]
2022-10-08 01:32:47,937 [Listener at 0.0.0.0/43391] INFO  ipc.CallQueueManager (CallQueueManager.java:<init>(90)) - Using callQueue: class java.util.concurrent.LinkedBlockingQueue, queueCapacity: 2000, scheduler: class org.apache.hadoop.ipc.DefaultRpcScheduler, ipcBackoff: false.
2022-10-08 01:32:47,938 [Socket Reader #1 for port 0] INFO  ipc.Server (Server.java:run(1265)) - Starting Socket Reader #1 for port 0
2022-10-08 01:32:48,012 [Listener at 127.0.0.1/33489] INFO  impl.MetricsSystemImpl (MetricsSystemImpl.java:init(158)) - OzoneManager metrics system started (again)
2022-10-08 01:32:48,044 [Listener at 127.0.0.1/33489] INFO  om.OzoneManager (OzoneManager.java:start(1484)) - OzoneManager RPC server is listening at localhost/127.0.0.1:33489
2022-10-08 01:32:48,044 [Listener at 127.0.0.1/33489] INFO  ratis.OzoneManagerRatisServer (OzoneManagerRatisServer.java:start(555)) - Starting OzoneManagerRatisServer om1 at port 9872
2022-10-08 01:32:48,044 [om1-impl-thread1] INFO  server.RaftServer$Division (RaftServerImpl.java:start(310)) - om1@group-C5BA1605619E: start as a follower, conf=-1: [om1|rpc:localhost:9872|priority:0], old=null
2022-10-08 01:32:48,044 [om1-impl-thread1] INFO  server.RaftServer$Division (RaftServerImpl.java:setRole(299)) - om1@group-C5BA1605619E: changes role from      null to FOLLOWER at term 0 for startAsFollower
2022-10-08 01:32:48,044 [om1-impl-thread1] INFO  impl.RoleInfo (RoleInfo.java:updateAndGet(139)) - om1: start om1@group-C5BA1605619E-FollowerState
2022-10-08 01:32:48,052 [om1-impl-thread1] INFO  util.JmxRegister (JmxRegister.java:tryRegister(44)) - Successfully registered JMX Bean with object name Ratis:service=RaftServer,group=group-C5BA1605619E,id=om1
2022-10-08 01:32:48,096 [Listener at 127.0.0.1/33489] INFO  server.RaftServer (RaftServerProxy.java:lambda$start$6(382)) - om1: start RPC server
2022-10-08 01:32:48,157 [Listener at 127.0.0.1/33489] INFO  server.GrpcService (GrpcService.java:startImpl(260)) - om1: GrpcService started, listening on 9872
2022-10-08 01:32:48,158 [Listener at 127.0.0.1/33489] INFO  om.OzoneManager (OzoneManager.java:start(1500)) - Version File has different layout version (3) than OM DB (null). That is expected if this OM has never been finalized to a newer layout version.
2022-10-08 01:32:48,158 [org.apache.ratis.util.JvmPauseMonitor$$Lambda$636/846962177@67f11a7c] INFO  util.JvmPauseMonitor (JvmPauseMonitor.java:run(103)) - JvmPauseMonitor-om1: Started
2022-10-08 01:32:48,159 [Listener at 127.0.0.1/33489] INFO  http.BaseHttpServer (BaseHttpServer.java:newHttpServer2BuilderForOzone(213)) - Starting Web-server for ozoneManager at: http://0.0.0.0:0
2022-10-08 01:32:48,160 [Listener at 127.0.0.1/33489] INFO  http.BaseHttpServer (BaseHttpServer.java:<init>(108)) - Hadoop Security Enabled: false Ozone Security Enabled: false Ozone HTTP Security Enabled: false 
2022-10-08 01:32:48,161 [Listener at 127.0.0.1/33489] INFO  server.AuthenticationFilter (AuthenticationFilter.java:constructSecretProvider(240)) - Unable to initialize FileSignerSecretProvider, falling back to use random secrets.
2022-10-08 01:32:48,168 [Listener at 127.0.0.1/33489] WARN  http.HttpRequestLog (HttpRequestLog.java:getRequestLog(103)) - Jetty request log can only be enabled using Log4j
2022-10-08 01:32:48,169 [Listener at 127.0.0.1/33489] INFO  http.HttpServer2 (HttpServer2.java:addGlobalFilter(1031)) - Added global filter 'safety' (class=org.apache.hadoop.hdds.server.http.HttpServer2$QuotingInputFilter)
2022-10-08 01:32:48,170 [Listener at 127.0.0.1/33489] INFO  http.HttpServer2 (HttpServer2.java:addFilter(1007)) - Added filter static_user_filter (class=org.apache.hadoop.http.lib.StaticUserWebFilter$StaticUserFilter) to context ozoneManager
2022-10-08 01:32:48,170 [Listener at 127.0.0.1/33489] INFO  http.HttpServer2 (HttpServer2.java:addFilter(1015)) - Added filter static_user_filter (class=org.apache.hadoop.http.lib.StaticUserWebFilter$StaticUserFilter) to context static
2022-10-08 01:32:48,170 [Listener at 127.0.0.1/33489] INFO  http.HttpServer2 (HttpServer2.java:addFilter(1015)) - Added filter static_user_filter (class=org.apache.hadoop.http.lib.StaticUserWebFilter$StaticUserFilter) to context logs
2022-10-08 01:32:48,171 [Listener at 127.0.0.1/33489] INFO  http.HttpServer2 (HttpServer2.java:bindListener(1250)) - Jetty bound to port 45531
2022-10-08 01:32:48,171 [Listener at 127.0.0.1/33489] INFO  server.Server (Server.java:doStart(375)) - jetty-9.4.43.v20210629; built: 2021-06-30T11:07:22.254Z; git: 526006ecfa3af7f1a27ef3a288e2bef7ea9dd7e8; jvm 1.8.0_345-b01
2022-10-08 01:32:48,188 [Listener at 127.0.0.1/33489] INFO  server.session (DefaultSessionIdManager.java:doStart(334)) - DefaultSessionIdManager workerName=node0
2022-10-08 01:32:48,188 [Listener at 127.0.0.1/33489] INFO  server.session (DefaultSessionIdManager.java:doStart(339)) - No SessionScavenger set, using defaults
2022-10-08 01:32:48,189 [Listener at 127.0.0.1/33489] INFO  server.session (HouseKeeper.java:startScavenging(132)) - node0 Scavenging every 660000ms
2022-10-08 01:32:48,200 [Listener at 127.0.0.1/33489] INFO  handler.ContextHandler (ContextHandler.java:doStart(915)) - Started o.e.j.s.ServletContextHandler@26abb7b6{logs,/logs,file:///home/runner/work/ozone/ozone/hadoop-ozone/integration-test/target/log,AVAILABLE}
2022-10-08 01:32:48,200 [Listener at 127.0.0.1/33489] INFO  handler.ContextHandler (ContextHandler.java:doStart(915)) - Started o.e.j.s.ServletContextHandler@6d6541b3{static,/static,file:///home/runner/work/ozone/ozone/hadoop-ozone/integration-test/target/test-classes/webapps/static,AVAILABLE}
2022-10-08 01:32:48,203 [Listener at 127.0.0.1/33489] INFO  handler.ContextHandler (ContextHandler.java:doStart(915)) - Started o.e.j.w.WebAppContext@3d3f16cd{ozoneManager,/,file:///home/runner/work/ozone/ozone/hadoop-ozone/integration-test/target/test-classes/webapps/ozoneManager/,AVAILABLE}{file:/home/runner/work/ozone/ozone/hadoop-ozone/integration-test/target/test-classes/webapps/ozoneManager}
2022-10-08 01:32:48,240 [Listener at 127.0.0.1/33489] INFO  server.AbstractConnector (AbstractConnector.java:doStart(331)) - Started ServerConnector@52536bb8{HTTP/1.1, (http/1.1)}{0.0.0.0:45531}
2022-10-08 01:32:48,241 [Listener at 127.0.0.1/33489] INFO  server.Server (Server.java:doStart(415)) - Started @94513ms
2022-10-08 01:32:48,241 [Listener at 127.0.0.1/33489] WARN  impl.MetricsSystemImpl (MetricsSystemImpl.java:register(279)) - Sink prometheus already exists!
2022-10-08 01:32:48,241 [Listener at 127.0.0.1/33489] INFO  http.BaseHttpServer (BaseHttpServer.java:updateConnectorAddress(333)) - HTTP server of ozoneManager listening at http://0.0.0.0:45531
2022-10-08 01:32:48,249 [IPC Server Responder] INFO  ipc.Server (Server.java:run(1507)) - IPC Server Responder: starting
2022-10-08 01:32:48,256 [IPC Server listener on 0] INFO  ipc.Server (Server.java:run(1344)) - IPC Server listener on 0: starting
2022-10-08 01:32:48,260 [ReplicationMonitor] INFO  replication.ReplicationManager (ReplicationManager.java:processAll(291)) - Replication Manager is not ready to run until 3000ms after safemode exit
2022-10-08 01:32:48,388 [Listener at 127.0.0.1/33489] INFO  om.OzoneManager (OzoneManager.java:startTrashEmptier(1921)) - Trash Interval set to 0. Files deleted won't move to trash
2022-10-08 01:32:48,396 [org.apache.hadoop.util.JvmPauseMonitor$Monitor@379c89f7] INFO  util.JvmPauseMonitor (JvmPauseMonitor.java:run(188)) - Starting JVM pause monitor
2022-10-08 01:32:48,473 [Listener at 127.0.0.1/33489] WARN  impl.MetricRegistriesImpl (MetricRegistriesImpl.java:addReporterRegistration(111)) - New reporters are added after registries were created. Some metrics will be missing from the reporter. Please add reporter before adding any new registry.
2022-10-08 01:32:48,473 [Listener at 127.0.0.1/33489] WARN  impl.MetricRegistriesImpl (MetricRegistriesImpl.java:addReporterRegistration(111)) - New reporters are added after registries were created. Some metrics will be missing from the reporter. Please add reporter before adding any new registry.
2022-10-08 01:32:48,473 [Listener at 127.0.0.1/33489] INFO  impl.MetricsSystemImpl (MetricsSystemImpl.java:init(158)) - HddsDatanode metrics system started (again)
2022-10-08 01:32:48,524 [Listener at 127.0.0.1/33489] INFO  ozone.HddsDatanodeService (HddsDatanodeService.java:start(236)) - HddsDatanodeService host:fv-az180-867.g3pwtgv4ffyuhaixmbmm0kyh3d.gx.internal.cloudapp.net ip:10.1.0.61
2022-10-08 01:32:48,667 [Listener at 127.0.0.1/33489] INFO  upgrade.AbstractLayoutVersionManager (AbstractLayoutVersionManager.java:init(83)) - Initializing Layout version manager with metadata layout = DATANODE_SCHEMA_V3 (version = 4), software layout = DATANODE_SCHEMA_V3 (version = 4)
2022-10-08 01:32:48,765 [Listener at 127.0.0.1/33489] INFO  reflections.Reflections (Reflections.java:scan(232)) - Reflections took 97 ms to scan 7 urls, producing 135 keys and 327 values 
2022-10-08 01:32:48,767 [Listener at 127.0.0.1/33489] INFO  statemachine.DatanodeStateMachine (DatanodeStateMachine.java:getEndPointTaskThreadPoolSize(237)) - Datanode State Machine Task Thread Pool size 2
2022-10-08 01:32:48,768 [Listener at 127.0.0.1/33489] INFO  volume.HddsVolume (HddsVolume.java:<init>(117)) - Creating HddsVolume: /home/runner/work/ozone/ozone/hadoop-ozone/integration-test/target/test-dir/MiniOzoneClusterImpl-b5c1db78-dac0-44d3-8f11-3a92d2c44f5f/datanode-0/data-0/containers/hdds of storage type : DISK capacity : 9223372036854775807
2022-10-08 01:32:48,768 [Listener at 127.0.0.1/33489] INFO  volume.MutableVolumeSet (MutableVolumeSet.java:initializeVolumeSet(174)) - Added Volume : /home/runner/work/ozone/ozone/hadoop-ozone/integration-test/target/test-dir/MiniOzoneClusterImpl-b5c1db78-dac0-44d3-8f11-3a92d2c44f5f/datanode-0/data-0/containers/hdds to VolumeSet
2022-10-08 01:32:48,769 [Listener at 127.0.0.1/33489] INFO  volume.ThrottledAsyncChecker (ThrottledAsyncChecker.java:schedule(141)) - Scheduling a check for /home/runner/work/ozone/ozone/hadoop-ozone/integration-test/target/test-dir/MiniOzoneClusterImpl-b5c1db78-dac0-44d3-8f11-3a92d2c44f5f/datanode-0/data-0/containers/hdds
2022-10-08 01:32:48,788 [Listener at 127.0.0.1/33489] INFO  volume.StorageVolumeChecker (StorageVolumeChecker.java:checkAllVolumes(202)) - Scheduled health check for volume /home/runner/work/ozone/ozone/hadoop-ozone/integration-test/target/test-dir/MiniOzoneClusterImpl-b5c1db78-dac0-44d3-8f11-3a92d2c44f5f/datanode-0/data-0/containers/hdds
2022-10-08 01:32:48,816 [Listener at 127.0.0.1/33489] INFO  volume.MutableVolumeSet (MutableVolumeSet.java:initializeVolumeSet(174)) - Added Volume : /home/runner/work/ozone/ozone/hadoop-ozone/integration-test/target/test-dir/MiniOzoneClusterImpl-b5c1db78-dac0-44d3-8f11-3a92d2c44f5f/datanode-0/data/ratis to VolumeSet
2022-10-08 01:32:48,816 [Listener at 127.0.0.1/33489] INFO  volume.ThrottledAsyncChecker (ThrottledAsyncChecker.java:schedule(141)) - Scheduling a check for /home/runner/work/ozone/ozone/hadoop-ozone/integration-test/target/test-dir/MiniOzoneClusterImpl-b5c1db78-dac0-44d3-8f11-3a92d2c44f5f/datanode-0/data/ratis
2022-10-08 01:32:48,817 [Listener at 127.0.0.1/33489] INFO  volume.StorageVolumeChecker (StorageVolumeChecker.java:checkAllVolumes(202)) - Scheduled health check for volume /home/runner/work/ozone/ozone/hadoop-ozone/integration-test/target/test-dir/MiniOzoneClusterImpl-b5c1db78-dac0-44d3-8f11-3a92d2c44f5f/datanode-0/data/ratis
2022-10-08 01:32:48,868 [Thread-1009] INFO  ozoneimpl.ContainerReader (ContainerReader.java:readVolume(175)) - Finish verifying containers on volume /home/runner/work/ozone/ozone/hadoop-ozone/integration-test/target/test-dir/MiniOzoneClusterImpl-b5c1db78-dac0-44d3-8f11-3a92d2c44f5f/datanode-0/data-0/containers/hdds
2022-10-08 01:32:48,868 [Listener at 127.0.0.1/33489] INFO  ozoneimpl.OzoneContainer (OzoneContainer.java:buildContainerSet(300)) - Build ContainerSet costs 0s
2022-10-08 01:32:48,871 [Listener at 127.0.0.1/33489] INFO  server.RaftServer (ConfUtils.java:logGet(46)) - raft.rpc.type = GRPC (default)
2022-10-08 01:32:48,872 [Listener at 127.0.0.1/33489] INFO  grpc.GrpcFactory (GrpcFactory.java:checkPooledByteBufAllocatorUseCacheForAllThreads(48)) - PERFORMANCE WARNING: useCacheForAllThreads is true that may cause Netty to create a lot garbage objects and, as a result, trigger GC.
	It is recommended to disable useCacheForAllThreads by setting -Dorg.apache.ratis.thirdparty.io.netty.allocator.useCacheForAllThreads=false in command line.
2022-10-08 01:32:48,872 [Listener at 127.0.0.1/33489] INFO  grpc.GrpcConfigKeys (ConfUtils.java:logGet(46)) - raft.grpc.admin.port = 0 (custom)
2022-10-08 01:32:48,872 [Listener at 127.0.0.1/33489] INFO  grpc.GrpcConfigKeys (ConfUtils.java:logGet(46)) - raft.grpc.client.port = 0 (custom)
2022-10-08 01:32:48,872 [Listener at 127.0.0.1/33489] INFO  grpc.GrpcConfigKeys (ConfUtils.java:logGet(46)) - raft.grpc.server.port = 0 (default)
2022-10-08 01:32:48,872 [Listener at 127.0.0.1/33489] INFO  server.GrpcService (ConfUtils.java:logGet(46)) - raft.grpc.message.size.max = 32MB (=33554432) (custom)
2022-10-08 01:32:48,872 [Listener at 127.0.0.1/33489] INFO  server.RaftServerConfigKeys (ConfUtils.java:logGet(46)) - raft.server.log.appender.buffer.byte-limit = 33554432 (custom)
2022-10-08 01:32:48,872 [Listener at 127.0.0.1/33489] INFO  server.GrpcService (ConfUtils.java:logGet(46)) - raft.grpc.flow.control.window = 5MB (=5242880) (custom)
2022-10-08 01:32:48,872 [Listener at 127.0.0.1/33489] INFO  server.RaftServerConfigKeys (ConfUtils.java:logGet(46)) - raft.server.rpc.request.timeout = 60s (custom)
2022-10-08 01:32:48,872 [Listener at 127.0.0.1/33489] INFO  grpc.GrpcConfigKeys (ConfUtils.java:logGet(46)) - raft.grpc.server.async.request.thread.pool.cached = true (default)
2022-10-08 01:32:48,872 [Listener at 127.0.0.1/33489] INFO  grpc.GrpcConfigKeys (ConfUtils.java:logGet(46)) - raft.grpc.server.async.request.thread.pool.size = 32 (default)
2022-10-08 01:32:48,873 [Listener at 127.0.0.1/33489] INFO  impl.DataStreamServerImpl (ConfUtils.java:logGet(46)) - raft.datastream.type = DISABLED (default)
2022-10-08 01:32:48,873 [Listener at 127.0.0.1/33489] INFO  server.RaftServerConfigKeys (ConfUtils.java:logGet(46)) - raft.server.threadpool.proxy.cached = true (default)
2022-10-08 01:32:48,874 [Listener at 127.0.0.1/33489] INFO  server.RaftServerConfigKeys (ConfUtils.java:logGet(46)) - raft.server.threadpool.proxy.size = 0 (default)
2022-10-08 01:32:48,874 [Listener at 127.0.0.1/33489] INFO  server.RaftServerConfigKeys (ConfUtils.java:logGet(46)) - raft.server.rpc.slowness.timeout = 300s (custom)
2022-10-08 01:32:48,874 [Listener at 127.0.0.1/33489] INFO  server.RaftServerConfigKeys (ConfUtils.java:logGet(46)) - raft.server.leaderelection.leader.step-down.wait-time = 10s (default)
2022-10-08 01:32:48,874 [Listener at 127.0.0.1/33489] INFO  server.RaftServerConfigKeys (ConfUtils.java:logGet(46)) - raft.server.storage.dir = [/home/runner/work/ozone/ozone/hadoop-ozone/integration-test/target/test-dir/MiniOzoneClusterImpl-b5c1db78-dac0-44d3-8f11-3a92d2c44f5f/datanode-0/data/ratis] (custom)
2022-10-08 01:32:48,890 [Listener at 127.0.0.1/33489] INFO  server.XceiverServerGrpc (XceiverServerGrpc.java:<init>(132)) - GrpcServer channel type EpollServerSocketChannel
2022-10-08 01:32:48,904 [Listener at 127.0.0.1/33489] INFO  http.BaseHttpServer (BaseHttpServer.java:newHttpServer2BuilderForOzone(213)) - Starting Web-server for hddsDatanode at: http://0.0.0.0:0
2022-10-08 01:32:48,904 [Listener at 127.0.0.1/33489] INFO  http.BaseHttpServer (BaseHttpServer.java:<init>(108)) - Hadoop Security Enabled: false Ozone Security Enabled: false Ozone HTTP Security Enabled: false 
2022-10-08 01:32:48,906 [Listener at 127.0.0.1/33489] INFO  server.AuthenticationFilter (AuthenticationFilter.java:constructSecretProvider(240)) - Unable to initialize FileSignerSecretProvider, falling back to use random secrets.
2022-10-08 01:32:48,928 [Listener at 127.0.0.1/33489] WARN  http.HttpRequestLog (HttpRequestLog.java:getRequestLog(103)) - Jetty request log can only be enabled using Log4j
2022-10-08 01:32:48,930 [Listener at 127.0.0.1/33489] INFO  http.HttpServer2 (HttpServer2.java:addGlobalFilter(1031)) - Added global filter 'safety' (class=org.apache.hadoop.hdds.server.http.HttpServer2$QuotingInputFilter)
2022-10-08 01:32:48,931 [Listener at 127.0.0.1/33489] INFO  http.HttpServer2 (HttpServer2.java:addFilter(1007)) - Added filter static_user_filter (class=org.apache.hadoop.http.lib.StaticUserWebFilter$StaticUserFilter) to context hddsDatanode
2022-10-08 01:32:48,931 [Listener at 127.0.0.1/33489] INFO  http.HttpServer2 (HttpServer2.java:addFilter(1015)) - Added filter static_user_filter (class=org.apache.hadoop.http.lib.StaticUserWebFilter$StaticUserFilter) to context static
2022-10-08 01:32:48,931 [Listener at 127.0.0.1/33489] INFO  http.HttpServer2 (HttpServer2.java:addFilter(1015)) - Added filter static_user_filter (class=org.apache.hadoop.http.lib.StaticUserWebFilter$StaticUserFilter) to context logs
2022-10-08 01:32:48,931 [Listener at 127.0.0.1/33489] INFO  http.HttpServer2 (HttpServer2.java:bindListener(1250)) - Jetty bound to port 36611
2022-10-08 01:32:48,932 [Listener at 127.0.0.1/33489] INFO  server.Server (Server.java:doStart(375)) - jetty-9.4.43.v20210629; built: 2021-06-30T11:07:22.254Z; git: 526006ecfa3af7f1a27ef3a288e2bef7ea9dd7e8; jvm 1.8.0_345-b01
2022-10-08 01:32:49,000 [Listener at 127.0.0.1/33489] INFO  server.session (DefaultSessionIdManager.java:doStart(334)) - DefaultSessionIdManager workerName=node0
2022-10-08 01:32:49,000 [Listener at 127.0.0.1/33489] INFO  server.session (DefaultSessionIdManager.java:doStart(339)) - No SessionScavenger set, using defaults
2022-10-08 01:32:49,000 [Listener at 127.0.0.1/33489] INFO  server.session (HouseKeeper.java:startScavenging(132)) - node0 Scavenging every 660000ms
2022-10-08 01:32:49,012 [Listener at 127.0.0.1/33489] INFO  handler.ContextHandler (ContextHandler.java:doStart(915)) - Started o.e.j.s.ServletContextHandler@6a17e232{logs,/logs,file:///home/runner/work/ozone/ozone/hadoop-ozone/integration-test/target/log,AVAILABLE}
2022-10-08 01:32:49,013 [Listener at 127.0.0.1/33489] INFO  handler.ContextHandler (ContextHandler.java:doStart(915)) - Started o.e.j.s.ServletContextHandler@7b725dc1{static,/static,jar:file:/home/runner/.m2/repository/org/apache/ozone/hdds-container-service/1.3.0-SNAPSHOT/hdds-container-service-1.3.0-SNAPSHOT.jar!/webapps/static,AVAILABLE}
2022-10-08 01:32:49,202 [om1@group-C5BA1605619E-FollowerState] INFO  impl.FollowerState (FollowerState.java:run(143)) - om1@group-C5BA1605619E-FollowerState: change to CANDIDATE, lastRpcElapsedTime:1157638943ns, electionTimeout:1130ms
2022-10-08 01:32:49,202 [om1@group-C5BA1605619E-FollowerState] INFO  impl.RoleInfo (RoleInfo.java:shutdownFollowerState(110)) - om1: shutdown om1@group-C5BA1605619E-FollowerState
2022-10-08 01:32:49,202 [om1@group-C5BA1605619E-FollowerState] INFO  server.RaftServer$Division (RaftServerImpl.java:setRole(299)) - om1@group-C5BA1605619E: changes role from  FOLLOWER to CANDIDATE at term 0 for changeToCandidate
2022-10-08 01:32:49,202 [om1@group-C5BA1605619E-FollowerState] INFO  server.RaftServerConfigKeys (ConfUtils.java:logGet(46)) - raft.server.leaderelection.pre-vote = false (custom)
2022-10-08 01:32:49,202 [om1@group-C5BA1605619E-FollowerState] INFO  impl.RoleInfo (RoleInfo.java:updateAndGet(139)) - om1: start om1@group-C5BA1605619E-LeaderElection8
2022-10-08 01:32:49,224 [om1@group-C5BA1605619E-LeaderElection8] INFO  impl.LeaderElection (LeaderElection.java:askForVotes(310)) - om1@group-C5BA1605619E-LeaderElection8 ELECTION round 0: submit vote requests at term 1 for -1: [om1|rpc:localhost:9872|priority:0], old=null
2022-10-08 01:32:49,224 [om1@group-C5BA1605619E-LeaderElection8] INFO  impl.LeaderElection (LeaderElection.java:askForVotes(312)) - om1@group-C5BA1605619E-LeaderElection8 ELECTION round 0: result PASSED (term=1)
2022-10-08 01:32:49,224 [om1@group-C5BA1605619E-LeaderElection8] INFO  impl.RoleInfo (RoleInfo.java:shutdownLeaderElection(130)) - om1: shutdown om1@group-C5BA1605619E-LeaderElection8
2022-10-08 01:32:49,225 [om1@group-C5BA1605619E-LeaderElection8] INFO  server.RaftServer$Division (RaftServerImpl.java:setRole(299)) - om1@group-C5BA1605619E: changes role from CANDIDATE to LEADER at term 1 for changeToLeader
2022-10-08 01:32:49,225 [om1@group-C5BA1605619E-LeaderElection8] INFO  server.RaftServer$Division (ServerState.java:setLeader(287)) - om1@group-C5BA1605619E: change Leader from null to om1 at term 1 for becomeLeader, leader elected after 2590ms
2022-10-08 01:32:49,225 [om1@group-C5BA1605619E-LeaderElection8] INFO  server.RaftServerConfigKeys (ConfUtils.java:logGet(46)) - raft.server.staging.catchup.gap = 1000 (default)
2022-10-08 01:32:49,225 [om1@group-C5BA1605619E-LeaderElection8] INFO  server.RaftServerConfigKeys (ConfUtils.java:logGet(46)) - raft.server.write.element-limit = 4096 (default)
2022-10-08 01:32:49,225 [om1@group-C5BA1605619E-LeaderElection8] INFO  server.RaftServerConfigKeys (ConfUtils.java:logGet(46)) - raft.server.write.byte-limit = 64MB (=67108864) (default)
2022-10-08 01:32:49,225 [om1@group-C5BA1605619E-LeaderElection8] INFO  server.RaftServerConfigKeys (ConfUtils.java:logGet(46)) - raft.server.watch.timeout = 10s (default)
2022-10-08 01:32:49,225 [om1@group-C5BA1605619E-LeaderElection8] INFO  server.RaftServerConfigKeys (ConfUtils.java:logGet(46)) - raft.server.watch.timeout.denomination = 1s (default)
2022-10-08 01:32:49,225 [om1@group-C5BA1605619E-LeaderElection8] INFO  server.RaftServerConfigKeys (ConfUtils.java:logGet(46)) - raft.server.watch.element-limit = 65536 (default)
2022-10-08 01:32:49,225 [om1@group-C5BA1605619E-LeaderElection8] INFO  server.RaftServerConfigKeys (ConfUtils.java:logGet(46)) - raft.server.write.element-limit = 4096 (default)
2022-10-08 01:32:49,226 [om1@group-C5BA1605619E-LeaderElection8] INFO  server.RaftServerConfigKeys (ConfUtils.java:logGet(46)) - raft.server.write.follower.gap.ratio.max = -1.0 (default)
2022-10-08 01:32:49,226 [om1@group-C5BA1605619E-LeaderElection8] INFO  impl.RoleInfo (RoleInfo.java:updateAndGet(139)) - om1: start om1@group-C5BA1605619E-LeaderStateImpl
2022-10-08 01:32:49,226 [om1@group-C5BA1605619E-LeaderElection8] INFO  segmented.SegmentedRaftLogWorker (SegmentedRaftLogWorker.java:startLogSegment(425)) - om1@group-C5BA1605619E-SegmentedRaftLogWorker: Starting segment from index:0
2022-10-08 01:32:49,257 [om1@group-C5BA1605619E-LeaderElection8] INFO  server.RaftServer$Division (ServerState.java:setRaftConf(393)) - om1@group-C5BA1605619E: set configuration 0: [om1|rpc:localhost:9872|admin:|client:|dataStream:|priority:0], old=null
2022-10-08 01:32:49,264 [ReplicationMonitor] INFO  replication.ReplicationManager (ReplicationManager.java:processAll(291)) - Replication Manager is not ready to run until 3000ms after safemode exit
2022-10-08 01:32:49,272 [om1@group-C5BA1605619E-SegmentedRaftLogWorker] INFO  segmented.SegmentedRaftLogWorker (SegmentedRaftLogWorker.java:execute(629)) - om1@group-C5BA1605619E-SegmentedRaftLogWorker: created new log segment /home/runner/work/ozone/ozone/hadoop-ozone/integration-test/target/test-dir/MiniOzoneClusterImpl-b5c1db78-dac0-44d3-8f11-3a92d2c44f5f/ozone-meta/ratis/bf265839-605b-3f16-9796-c5ba1605619e/current/log_inprogress_0
2022-10-08 01:32:49,276 [om1@group-C5BA1605619E-StateMachineUpdater] INFO  ratis.OzoneManagerStateMachine (OzoneManagerStateMachine.java:notifyConfigurationChanged(192)) - Received Configuration change notification from Ratis. New Peer list:
[id: "om1"
address: "localhost:9872"
]
2022-10-08 01:32:49,599 [Listener at 127.0.0.1/33489] INFO  handler.ContextHandler (ContextHandler.java:doStart(915)) - Started o.e.j.w.WebAppContext@6b369a33{hddsDatanode,/,file:///tmp/jetty-0_0_0_0-36611-hdds-container-service-1_3_0-SNAPSHOT_jar-_-any-8280921025920232909/webapp/,AVAILABLE}{jar:file:/home/runner/.m2/repository/org/apache/ozone/hdds-container-service/1.3.0-SNAPSHOT/hdds-container-service-1.3.0-SNAPSHOT.jar!/webapps/hddsDatanode}
2022-10-08 01:32:49,604 [Listener at 127.0.0.1/33489] INFO  server.AbstractConnector (AbstractConnector.java:doStart(331)) - Started ServerConnector@3efd30e7{HTTP/1.1, (http/1.1)}{0.0.0.0:36611}
2022-10-08 01:32:49,604 [Listener at 127.0.0.1/33489] INFO  server.Server (Server.java:doStart(415)) - Started @95876ms
2022-10-08 01:32:49,604 [Listener at 127.0.0.1/33489] WARN  impl.MetricsSystemImpl (MetricsSystemImpl.java:register(279)) - Sink prometheus already exists!
2022-10-08 01:32:49,605 [Listener at 127.0.0.1/33489] INFO  http.BaseHttpServer (BaseHttpServer.java:updateConnectorAddress(333)) - HTTP server of hddsDatanode listening at http://0.0.0.0:36611
2022-10-08 01:32:49,615 [Listener at 127.0.0.1/33489] WARN  impl.MetricRegistriesImpl (MetricRegistriesImpl.java:addReporterRegistration(111)) - New reporters are added after registries were created. Some metrics will be missing from the reporter. Please add reporter before adding any new registry.
2022-10-08 01:32:49,615 [Listener at 127.0.0.1/33489] WARN  impl.MetricRegistriesImpl (MetricRegistriesImpl.java:addReporterRegistration(111)) - New reporters are added after registries were created. Some metrics will be missing from the reporter. Please add reporter before adding any new registry.
2022-10-08 01:32:49,615 [Listener at 127.0.0.1/33489] INFO  impl.MetricsSystemImpl (MetricsSystemImpl.java:init(158)) - HddsDatanode metrics system started (again)
2022-10-08 01:32:49,633 [Datanode State Machine Daemon Thread] INFO  statemachine.DatanodeStateMachine (DatanodeStateMachine.java:lambda$startDaemon$0(492)) - Ozone container server started.
2022-10-08 01:32:49,639 [org.apache.hadoop.util.JvmPauseMonitor$Monitor@10c874af] INFO  util.JvmPauseMonitor (JvmPauseMonitor.java:run(188)) - Starting JVM pause monitor
2022-10-08 01:32:49,644 [Listener at 127.0.0.1/33489] INFO  ozone.HddsDatanodeService (HddsDatanodeService.java:start(236)) - HddsDatanodeService host:fv-az180-867.g3pwtgv4ffyuhaixmbmm0kyh3d.gx.internal.cloudapp.net ip:10.1.0.61
2022-10-08 01:32:49,685 [Datanode State Machine Task Thread - 0] INFO  datanode.InitDatanodeState (InitDatanodeState.java:persistContainerDatanodeDetails(138)) - DatanodeDetails is persisted to /home/runner/work/ozone/ozone/hadoop-ozone/integration-test/target/test-dir/MiniOzoneClusterImpl-b5c1db78-dac0-44d3-8f11-3a92d2c44f5f/datanode-0/meta/datanode.id
2022-10-08 01:32:49,809 [Listener at 127.0.0.1/33489] INFO  upgrade.AbstractLayoutVersionManager (AbstractLayoutVersionManager.java:init(83)) - Initializing Layout version manager with metadata layout = DATANODE_SCHEMA_V3 (version = 4), software layout = DATANODE_SCHEMA_V3 (version = 4)
2022-10-08 01:32:49,957 [Listener at 127.0.0.1/33489] INFO  reflections.Reflections (Reflections.java:scan(232)) - Reflections took 146 ms to scan 7 urls, producing 135 keys and 327 values 
2022-10-08 01:32:49,981 [Listener at 127.0.0.1/33489] INFO  statemachine.DatanodeStateMachine (DatanodeStateMachine.java:getEndPointTaskThreadPoolSize(237)) - Datanode State Machine Task Thread Pool size 2
2022-10-08 01:32:49,983 [Listener at 127.0.0.1/33489] INFO  volume.HddsVolume (HddsVolume.java:<init>(117)) - Creating HddsVolume: /home/runner/work/ozone/ozone/hadoop-ozone/integration-test/target/test-dir/MiniOzoneClusterImpl-b5c1db78-dac0-44d3-8f11-3a92d2c44f5f/datanode-1/data-0/containers/hdds of storage type : DISK capacity : 9223372036854775807
2022-10-08 01:32:49,983 [Listener at 127.0.0.1/33489] INFO  volume.MutableVolumeSet (MutableVolumeSet.java:initializeVolumeSet(174)) - Added Volume : /home/runner/work/ozone/ozone/hadoop-ozone/integration-test/target/test-dir/MiniOzoneClusterImpl-b5c1db78-dac0-44d3-8f11-3a92d2c44f5f/datanode-1/data-0/containers/hdds to VolumeSet
2022-10-08 01:32:49,983 [Listener at 127.0.0.1/33489] INFO  volume.ThrottledAsyncChecker (ThrottledAsyncChecker.java:schedule(141)) - Scheduling a check for /home/runner/work/ozone/ozone/hadoop-ozone/integration-test/target/test-dir/MiniOzoneClusterImpl-b5c1db78-dac0-44d3-8f11-3a92d2c44f5f/datanode-1/data-0/containers/hdds
2022-10-08 01:32:50,000 [Listener at 127.0.0.1/33489] INFO  volume.StorageVolumeChecker (StorageVolumeChecker.java:checkAllVolumes(202)) - Scheduled health check for volume /home/runner/work/ozone/ozone/hadoop-ozone/integration-test/target/test-dir/MiniOzoneClusterImpl-b5c1db78-dac0-44d3-8f11-3a92d2c44f5f/datanode-1/data-0/containers/hdds
2022-10-08 01:32:50,022 [Listener at 127.0.0.1/33489] INFO  volume.MutableVolumeSet (MutableVolumeSet.java:initializeVolumeSet(174)) - Added Volume : /home/runner/work/ozone/ozone/hadoop-ozone/integration-test/target/test-dir/MiniOzoneClusterImpl-b5c1db78-dac0-44d3-8f11-3a92d2c44f5f/datanode-1/data/ratis to VolumeSet
2022-10-08 01:32:50,022 [Listener at 127.0.0.1/33489] INFO  volume.ThrottledAsyncChecker (ThrottledAsyncChecker.java:schedule(141)) - Scheduling a check for /home/runner/work/ozone/ozone/hadoop-ozone/integration-test/target/test-dir/MiniOzoneClusterImpl-b5c1db78-dac0-44d3-8f11-3a92d2c44f5f/datanode-1/data/ratis
2022-10-08 01:32:50,022 [Listener at 127.0.0.1/33489] INFO  volume.StorageVolumeChecker (StorageVolumeChecker.java:checkAllVolumes(202)) - Scheduled health check for volume /home/runner/work/ozone/ozone/hadoop-ozone/integration-test/target/test-dir/MiniOzoneClusterImpl-b5c1db78-dac0-44d3-8f11-3a92d2c44f5f/datanode-1/data/ratis
2022-10-08 01:32:50,064 [Thread-1024] INFO  ozoneimpl.ContainerReader (ContainerReader.java:readVolume(175)) - Finish verifying containers on volume /home/runner/work/ozone/ozone/hadoop-ozone/integration-test/target/test-dir/MiniOzoneClusterImpl-b5c1db78-dac0-44d3-8f11-3a92d2c44f5f/datanode-1/data-0/containers/hdds
2022-10-08 01:32:50,064 [Listener at 127.0.0.1/33489] INFO  ozoneimpl.OzoneContainer (OzoneContainer.java:buildContainerSet(300)) - Build ContainerSet costs 0s
2022-10-08 01:32:50,083 [Listener at 127.0.0.1/33489] INFO  server.RaftServer (ConfUtils.java:logGet(46)) - raft.rpc.type = GRPC (default)
2022-10-08 01:32:50,083 [Listener at 127.0.0.1/33489] INFO  grpc.GrpcFactory (GrpcFactory.java:checkPooledByteBufAllocatorUseCacheForAllThreads(48)) - PERFORMANCE WARNING: useCacheForAllThreads is true that may cause Netty to create a lot garbage objects and, as a result, trigger GC.
	It is recommended to disable useCacheForAllThreads by setting -Dorg.apache.ratis.thirdparty.io.netty.allocator.useCacheForAllThreads=false in command line.
2022-10-08 01:32:50,083 [Listener at 127.0.0.1/33489] INFO  grpc.GrpcConfigKeys (ConfUtils.java:logGet(46)) - raft.grpc.admin.port = 0 (custom)
2022-10-08 01:32:50,084 [Listener at 127.0.0.1/33489] INFO  grpc.GrpcConfigKeys (ConfUtils.java:logGet(46)) - raft.grpc.client.port = 0 (custom)
2022-10-08 01:32:50,084 [Listener at 127.0.0.1/33489] INFO  grpc.GrpcConfigKeys (ConfUtils.java:logGet(46)) - raft.grpc.server.port = 0 (default)
2022-10-08 01:32:50,084 [Listener at 127.0.0.1/33489] INFO  server.GrpcService (ConfUtils.java:logGet(46)) - raft.grpc.message.size.max = 32MB (=33554432) (custom)
2022-10-08 01:32:50,084 [Listener at 127.0.0.1/33489] INFO  server.RaftServerConfigKeys (ConfUtils.java:logGet(46)) - raft.server.log.appender.buffer.byte-limit = 33554432 (custom)
2022-10-08 01:32:50,084 [Listener at 127.0.0.1/33489] INFO  server.GrpcService (ConfUtils.java:logGet(46)) - raft.grpc.flow.control.window = 5MB (=5242880) (custom)
2022-10-08 01:32:50,084 [Listener at 127.0.0.1/33489] INFO  server.RaftServerConfigKeys (ConfUtils.java:logGet(46)) - raft.server.rpc.request.timeout = 60s (custom)
2022-10-08 01:32:50,084 [Listener at 127.0.0.1/33489] INFO  grpc.GrpcConfigKeys (ConfUtils.java:logGet(46)) - raft.grpc.server.async.request.thread.pool.cached = true (default)
2022-10-08 01:32:50,084 [Listener at 127.0.0.1/33489] INFO  grpc.GrpcConfigKeys (ConfUtils.java:logGet(46)) - raft.grpc.server.async.request.thread.pool.size = 32 (default)
2022-10-08 01:32:50,085 [Listener at 127.0.0.1/33489] INFO  impl.DataStreamServerImpl (ConfUtils.java:logGet(46)) - raft.datastream.type = DISABLED (default)
2022-10-08 01:32:50,085 [Listener at 127.0.0.1/33489] INFO  server.RaftServerConfigKeys (ConfUtils.java:logGet(46)) - raft.server.threadpool.proxy.cached = true (default)
2022-10-08 01:32:50,086 [Listener at 127.0.0.1/33489] INFO  server.RaftServerConfigKeys (ConfUtils.java:logGet(46)) - raft.server.threadpool.proxy.size = 0 (default)
2022-10-08 01:32:50,086 [Listener at 127.0.0.1/33489] INFO  server.RaftServerConfigKeys (ConfUtils.java:logGet(46)) - raft.server.rpc.slowness.timeout = 300s (custom)
2022-10-08 01:32:50,086 [Listener at 127.0.0.1/33489] INFO  server.RaftServerConfigKeys (ConfUtils.java:logGet(46)) - raft.server.leaderelection.leader.step-down.wait-time = 10s (default)
2022-10-08 01:32:50,086 [Listener at 127.0.0.1/33489] INFO  server.RaftServerConfigKeys (ConfUtils.java:logGet(46)) - raft.server.storage.dir = [/home/runner/work/ozone/ozone/hadoop-ozone/integration-test/target/test-dir/MiniOzoneClusterImpl-b5c1db78-dac0-44d3-8f11-3a92d2c44f5f/datanode-1/data/ratis] (custom)
2022-10-08 01:32:50,101 [Listener at 127.0.0.1/33489] INFO  server.XceiverServerGrpc (XceiverServerGrpc.java:<init>(132)) - GrpcServer channel type EpollServerSocketChannel
2022-10-08 01:32:50,120 [Listener at 127.0.0.1/33489] INFO  http.BaseHttpServer (BaseHttpServer.java:newHttpServer2BuilderForOzone(213)) - Starting Web-server for hddsDatanode at: http://0.0.0.0:0
2022-10-08 01:32:50,121 [Listener at 127.0.0.1/33489] INFO  http.BaseHttpServer (BaseHttpServer.java:<init>(108)) - Hadoop Security Enabled: false Ozone Security Enabled: false Ozone HTTP Security Enabled: false 
2022-10-08 01:32:50,122 [Listener at 127.0.0.1/33489] INFO  server.AuthenticationFilter (AuthenticationFilter.java:constructSecretProvider(240)) - Unable to initialize FileSignerSecretProvider, falling back to use random secrets.
2022-10-08 01:32:50,128 [Listener at 127.0.0.1/33489] WARN  http.HttpRequestLog (HttpRequestLog.java:getRequestLog(103)) - Jetty request log can only be enabled using Log4j
2022-10-08 01:32:50,129 [Listener at 127.0.0.1/33489] INFO  http.HttpServer2 (HttpServer2.java:addGlobalFilter(1031)) - Added global filter 'safety' (class=org.apache.hadoop.hdds.server.http.HttpServer2$QuotingInputFilter)
2022-10-08 01:32:50,130 [Listener at 127.0.0.1/33489] INFO  http.HttpServer2 (HttpServer2.java:addFilter(1007)) - Added filter static_user_filter (class=org.apache.hadoop.http.lib.StaticUserWebFilter$StaticUserFilter) to context hddsDatanode
2022-10-08 01:32:50,130 [Listener at 127.0.0.1/33489] INFO  http.HttpServer2 (HttpServer2.java:addFilter(1015)) - Added filter static_user_filter (class=org.apache.hadoop.http.lib.StaticUserWebFilter$StaticUserFilter) to context static
2022-10-08 01:32:50,130 [Listener at 127.0.0.1/33489] INFO  http.HttpServer2 (HttpServer2.java:addFilter(1015)) - Added filter static_user_filter (class=org.apache.hadoop.http.lib.StaticUserWebFilter$StaticUserFilter) to context logs
2022-10-08 01:32:50,130 [Listener at 127.0.0.1/33489] INFO  http.HttpServer2 (HttpServer2.java:bindListener(1250)) - Jetty bound to port 46151
2022-10-08 01:32:50,131 [Listener at 127.0.0.1/33489] INFO  server.Server (Server.java:doStart(375)) - jetty-9.4.43.v20210629; built: 2021-06-30T11:07:22.254Z; git: 526006ecfa3af7f1a27ef3a288e2bef7ea9dd7e8; jvm 1.8.0_345-b01
2022-10-08 01:32:50,180 [Listener at 127.0.0.1/33489] INFO  server.session (DefaultSessionIdManager.java:doStart(334)) - DefaultSessionIdManager workerName=node0
2022-10-08 01:32:50,180 [Listener at 127.0.0.1/33489] INFO  server.session (DefaultSessionIdManager.java:doStart(339)) - No SessionScavenger set, using defaults
2022-10-08 01:32:50,180 [Listener at 127.0.0.1/33489] INFO  server.session (HouseKeeper.java:startScavenging(132)) - node0 Scavenging every 660000ms
2022-10-08 01:32:50,183 [Listener at 127.0.0.1/33489] INFO  handler.ContextHandler (ContextHandler.java:doStart(915)) - Started o.e.j.s.ServletContextHandler@1b7a0a14{logs,/logs,file:///home/runner/work/ozone/ozone/hadoop-ozone/integration-test/target/log,AVAILABLE}
2022-10-08 01:32:50,183 [Listener at 127.0.0.1/33489] INFO  handler.ContextHandler (ContextHandler.java:doStart(915)) - Started o.e.j.s.ServletContextHandler@168bf460{static,/static,jar:file:/home/runner/.m2/repository/org/apache/ozone/hdds-container-service/1.3.0-SNAPSHOT/hdds-container-service-1.3.0-SNAPSHOT.jar!/webapps/static,AVAILABLE}
2022-10-08 01:32:50,264 [ReplicationMonitor] INFO  replication.ReplicationManager (ReplicationManager.java:processAll(291)) - Replication Manager is not ready to run until 3000ms after safemode exit
2022-10-08 01:32:50,649 [Listener at 127.0.0.1/33489] INFO  handler.ContextHandler (ContextHandler.java:doStart(915)) - Started o.e.j.w.WebAppContext@96745ab{hddsDatanode,/,file:///tmp/jetty-0_0_0_0-46151-hdds-container-service-1_3_0-SNAPSHOT_jar-_-any-7520967189289931312/webapp/,AVAILABLE}{jar:file:/home/runner/.m2/repository/org/apache/ozone/hdds-container-service/1.3.0-SNAPSHOT/hdds-container-service-1.3.0-SNAPSHOT.jar!/webapps/hddsDatanode}
2022-10-08 01:32:50,659 [Listener at 127.0.0.1/33489] INFO  server.AbstractConnector (AbstractConnector.java:doStart(331)) - Started ServerConnector@681af35c{HTTP/1.1, (http/1.1)}{0.0.0.0:46151}
2022-10-08 01:32:50,659 [Listener at 127.0.0.1/33489] INFO  server.Server (Server.java:doStart(415)) - Started @96931ms
2022-10-08 01:32:50,659 [Listener at 127.0.0.1/33489] WARN  impl.MetricsSystemImpl (MetricsSystemImpl.java:register(279)) - Sink prometheus already exists!
2022-10-08 01:32:50,659 [Listener at 127.0.0.1/33489] INFO  http.BaseHttpServer (BaseHttpServer.java:updateConnectorAddress(333)) - HTTP server of hddsDatanode listening at http://0.0.0.0:46151
2022-10-08 01:32:50,660 [Listener at 127.0.0.1/33489] WARN  impl.MetricRegistriesImpl (MetricRegistriesImpl.java:addReporterRegistration(111)) - New reporters are added after registries were created. Some metrics will be missing from the reporter. Please add reporter before adding any new registry.
2022-10-08 01:32:50,660 [Listener at 127.0.0.1/33489] WARN  impl.MetricRegistriesImpl (MetricRegistriesImpl.java:addReporterRegistration(111)) - New reporters are added after registries were created. Some metrics will be missing from the reporter. Please add reporter before adding any new registry.
2022-10-08 01:32:50,660 [Listener at 127.0.0.1/33489] INFO  impl.MetricsSystemImpl (MetricsSystemImpl.java:init(158)) - HddsDatanode metrics system started (again)
2022-10-08 01:32:50,672 [Datanode State Machine Daemon Thread] INFO  statemachine.DatanodeStateMachine (DatanodeStateMachine.java:lambda$startDaemon$0(492)) - Ozone container server started.
2022-10-08 01:32:50,720 [org.apache.hadoop.util.JvmPauseMonitor$Monitor@5bedeb21] INFO  util.JvmPauseMonitor (JvmPauseMonitor.java:run(188)) - Starting JVM pause monitor
2022-10-08 01:32:50,762 [Listener at 127.0.0.1/33489] INFO  ozone.HddsDatanodeService (HddsDatanodeService.java:start(236)) - HddsDatanodeService host:fv-az180-867.g3pwtgv4ffyuhaixmbmm0kyh3d.gx.internal.cloudapp.net ip:10.1.0.61
2022-10-08 01:32:50,774 [Datanode State Machine Task Thread - 0] INFO  datanode.InitDatanodeState (InitDatanodeState.java:persistContainerDatanodeDetails(138)) - DatanodeDetails is persisted to /home/runner/work/ozone/ozone/hadoop-ozone/integration-test/target/test-dir/MiniOzoneClusterImpl-b5c1db78-dac0-44d3-8f11-3a92d2c44f5f/datanode-1/meta/datanode.id
2022-10-08 01:32:50,889 [Listener at 127.0.0.1/33489] INFO  upgrade.AbstractLayoutVersionManager (AbstractLayoutVersionManager.java:init(83)) - Initializing Layout version manager with metadata layout = DATANODE_SCHEMA_V3 (version = 4), software layout = DATANODE_SCHEMA_V3 (version = 4)
2022-10-08 01:32:51,002 [Listener at 127.0.0.1/33489] INFO  reflections.Reflections (Reflections.java:scan(232)) - Reflections took 112 ms to scan 7 urls, producing 135 keys and 327 values 
2022-10-08 01:32:51,003 [Listener at 127.0.0.1/33489] INFO  statemachine.DatanodeStateMachine (DatanodeStateMachine.java:getEndPointTaskThreadPoolSize(237)) - Datanode State Machine Task Thread Pool size 2
2022-10-08 01:32:51,017 [Listener at 127.0.0.1/33489] INFO  volume.HddsVolume (HddsVolume.java:<init>(117)) - Creating HddsVolume: /home/runner/work/ozone/ozone/hadoop-ozone/integration-test/target/test-dir/MiniOzoneClusterImpl-b5c1db78-dac0-44d3-8f11-3a92d2c44f5f/datanode-2/data-0/containers/hdds of storage type : DISK capacity : 9223372036854775807
2022-10-08 01:32:51,017 [Listener at 127.0.0.1/33489] INFO  volume.MutableVolumeSet (MutableVolumeSet.java:initializeVolumeSet(174)) - Added Volume : /home/runner/work/ozone/ozone/hadoop-ozone/integration-test/target/test-dir/MiniOzoneClusterImpl-b5c1db78-dac0-44d3-8f11-3a92d2c44f5f/datanode-2/data-0/containers/hdds to VolumeSet
2022-10-08 01:32:51,017 [Listener at 127.0.0.1/33489] INFO  volume.ThrottledAsyncChecker (ThrottledAsyncChecker.java:schedule(141)) - Scheduling a check for /home/runner/work/ozone/ozone/hadoop-ozone/integration-test/target/test-dir/MiniOzoneClusterImpl-b5c1db78-dac0-44d3-8f11-3a92d2c44f5f/datanode-2/data-0/containers/hdds
2022-10-08 01:32:51,017 [Listener at 127.0.0.1/33489] INFO  volume.StorageVolumeChecker (StorageVolumeChecker.java:checkAllVolumes(202)) - Scheduled health check for volume /home/runner/work/ozone/ozone/hadoop-ozone/integration-test/target/test-dir/MiniOzoneClusterImpl-b5c1db78-dac0-44d3-8f11-3a92d2c44f5f/datanode-2/data-0/containers/hdds
2022-10-08 01:32:51,045 [Listener at 127.0.0.1/33489] INFO  volume.MutableVolumeSet (MutableVolumeSet.java:initializeVolumeSet(174)) - Added Volume : /home/runner/work/ozone/ozone/hadoop-ozone/integration-test/target/test-dir/MiniOzoneClusterImpl-b5c1db78-dac0-44d3-8f11-3a92d2c44f5f/datanode-2/data/ratis to VolumeSet
2022-10-08 01:32:51,046 [Listener at 127.0.0.1/33489] INFO  volume.ThrottledAsyncChecker (ThrottledAsyncChecker.java:schedule(141)) - Scheduling a check for /home/runner/work/ozone/ozone/hadoop-ozone/integration-test/target/test-dir/MiniOzoneClusterImpl-b5c1db78-dac0-44d3-8f11-3a92d2c44f5f/datanode-2/data/ratis
2022-10-08 01:32:51,068 [Listener at 127.0.0.1/33489] INFO  volume.StorageVolumeChecker (StorageVolumeChecker.java:checkAllVolumes(202)) - Scheduled health check for volume /home/runner/work/ozone/ozone/hadoop-ozone/integration-test/target/test-dir/MiniOzoneClusterImpl-b5c1db78-dac0-44d3-8f11-3a92d2c44f5f/datanode-2/data/ratis
2022-10-08 01:32:51,108 [Thread-1037] INFO  ozoneimpl.ContainerReader (ContainerReader.java:readVolume(175)) - Finish verifying containers on volume /home/runner/work/ozone/ozone/hadoop-ozone/integration-test/target/test-dir/MiniOzoneClusterImpl-b5c1db78-dac0-44d3-8f11-3a92d2c44f5f/datanode-2/data-0/containers/hdds
2022-10-08 01:32:51,108 [Listener at 127.0.0.1/33489] INFO  ozoneimpl.OzoneContainer (OzoneContainer.java:buildContainerSet(300)) - Build ContainerSet costs 0s
2022-10-08 01:32:51,110 [Listener at 127.0.0.1/33489] INFO  server.RaftServer (ConfUtils.java:logGet(46)) - raft.rpc.type = GRPC (default)
2022-10-08 01:32:51,110 [Listener at 127.0.0.1/33489] INFO  grpc.GrpcFactory (GrpcFactory.java:checkPooledByteBufAllocatorUseCacheForAllThreads(48)) - PERFORMANCE WARNING: useCacheForAllThreads is true that may cause Netty to create a lot garbage objects and, as a result, trigger GC.
	It is recommended to disable useCacheForAllThreads by setting -Dorg.apache.ratis.thirdparty.io.netty.allocator.useCacheForAllThreads=false in command line.
2022-10-08 01:32:51,110 [Listener at 127.0.0.1/33489] INFO  grpc.GrpcConfigKeys (ConfUtils.java:logGet(46)) - raft.grpc.admin.port = 0 (custom)
2022-10-08 01:32:51,110 [Listener at 127.0.0.1/33489] INFO  grpc.GrpcConfigKeys (ConfUtils.java:logGet(46)) - raft.grpc.client.port = 0 (custom)
2022-10-08 01:32:51,111 [Listener at 127.0.0.1/33489] INFO  grpc.GrpcConfigKeys (ConfUtils.java:logGet(46)) - raft.grpc.server.port = 0 (default)
2022-10-08 01:32:51,111 [Listener at 127.0.0.1/33489] INFO  server.GrpcService (ConfUtils.java:logGet(46)) - raft.grpc.message.size.max = 32MB (=33554432) (custom)
2022-10-08 01:32:51,111 [Listener at 127.0.0.1/33489] INFO  server.RaftServerConfigKeys (ConfUtils.java:logGet(46)) - raft.server.log.appender.buffer.byte-limit = 33554432 (custom)
2022-10-08 01:32:51,111 [Listener at 127.0.0.1/33489] INFO  server.GrpcService (ConfUtils.java:logGet(46)) - raft.grpc.flow.control.window = 5MB (=5242880) (custom)
2022-10-08 01:32:51,111 [Listener at 127.0.0.1/33489] INFO  server.RaftServerConfigKeys (ConfUtils.java:logGet(46)) - raft.server.rpc.request.timeout = 60s (custom)
2022-10-08 01:32:51,111 [Listener at 127.0.0.1/33489] INFO  grpc.GrpcConfigKeys (ConfUtils.java:logGet(46)) - raft.grpc.server.async.request.thread.pool.cached = true (default)
2022-10-08 01:32:51,111 [Listener at 127.0.0.1/33489] INFO  grpc.GrpcConfigKeys (ConfUtils.java:logGet(46)) - raft.grpc.server.async.request.thread.pool.size = 32 (default)
2022-10-08 01:32:51,112 [Listener at 127.0.0.1/33489] INFO  impl.DataStreamServerImpl (ConfUtils.java:logGet(46)) - raft.datastream.type = DISABLED (default)
2022-10-08 01:32:51,112 [Listener at 127.0.0.1/33489] INFO  server.RaftServerConfigKeys (ConfUtils.java:logGet(46)) - raft.server.threadpool.proxy.cached = true (default)
2022-10-08 01:32:51,112 [Listener at 127.0.0.1/33489] INFO  server.RaftServerConfigKeys (ConfUtils.java:logGet(46)) - raft.server.threadpool.proxy.size = 0 (default)
2022-10-08 01:32:51,113 [Listener at 127.0.0.1/33489] INFO  server.RaftServerConfigKeys (ConfUtils.java:logGet(46)) - raft.server.rpc.slowness.timeout = 300s (custom)
2022-10-08 01:32:51,113 [Listener at 127.0.0.1/33489] INFO  server.RaftServerConfigKeys (ConfUtils.java:logGet(46)) - raft.server.leaderelection.leader.step-down.wait-time = 10s (default)
2022-10-08 01:32:51,114 [Listener at 127.0.0.1/33489] INFO  server.RaftServerConfigKeys (ConfUtils.java:logGet(46)) - raft.server.storage.dir = [/home/runner/work/ozone/ozone/hadoop-ozone/integration-test/target/test-dir/MiniOzoneClusterImpl-b5c1db78-dac0-44d3-8f11-3a92d2c44f5f/datanode-2/data/ratis] (custom)
2022-10-08 01:32:51,129 [Listener at 127.0.0.1/33489] INFO  server.XceiverServerGrpc (XceiverServerGrpc.java:<init>(132)) - GrpcServer channel type EpollServerSocketChannel
2022-10-08 01:32:51,134 [Listener at 127.0.0.1/33489] INFO  http.BaseHttpServer (BaseHttpServer.java:newHttpServer2BuilderForOzone(213)) - Starting Web-server for hddsDatanode at: http://0.0.0.0:0
2022-10-08 01:32:51,134 [Listener at 127.0.0.1/33489] INFO  http.BaseHttpServer (BaseHttpServer.java:<init>(108)) - Hadoop Security Enabled: false Ozone Security Enabled: false Ozone HTTP Security Enabled: false 
2022-10-08 01:32:51,135 [Listener at 127.0.0.1/33489] INFO  server.AuthenticationFilter (AuthenticationFilter.java:constructSecretProvider(240)) - Unable to initialize FileSignerSecretProvider, falling back to use random secrets.
2022-10-08 01:32:51,140 [Listener at 127.0.0.1/33489] WARN  http.HttpRequestLog (HttpRequestLog.java:getRequestLog(103)) - Jetty request log can only be enabled using Log4j
2022-10-08 01:32:51,141 [Listener at 127.0.0.1/33489] INFO  http.HttpServer2 (HttpServer2.java:addGlobalFilter(1031)) - Added global filter 'safety' (class=org.apache.hadoop.hdds.server.http.HttpServer2$QuotingInputFilter)
2022-10-08 01:32:51,142 [Listener at 127.0.0.1/33489] INFO  http.HttpServer2 (HttpServer2.java:addFilter(1007)) - Added filter static_user_filter (class=org.apache.hadoop.http.lib.StaticUserWebFilter$StaticUserFilter) to context hddsDatanode
2022-10-08 01:32:51,142 [Listener at 127.0.0.1/33489] INFO  http.HttpServer2 (HttpServer2.java:addFilter(1015)) - Added filter static_user_filter (class=org.apache.hadoop.http.lib.StaticUserWebFilter$StaticUserFilter) to context static
2022-10-08 01:32:51,142 [Listener at 127.0.0.1/33489] INFO  http.HttpServer2 (HttpServer2.java:addFilter(1015)) - Added filter static_user_filter (class=org.apache.hadoop.http.lib.StaticUserWebFilter$StaticUserFilter) to context logs
2022-10-08 01:32:51,142 [Listener at 127.0.0.1/33489] INFO  http.HttpServer2 (HttpServer2.java:bindListener(1250)) - Jetty bound to port 45833
2022-10-08 01:32:51,142 [Listener at 127.0.0.1/33489] INFO  server.Server (Server.java:doStart(375)) - jetty-9.4.43.v20210629; built: 2021-06-30T11:07:22.254Z; git: 526006ecfa3af7f1a27ef3a288e2bef7ea9dd7e8; jvm 1.8.0_345-b01
2022-10-08 01:32:51,196 [Listener at 127.0.0.1/33489] INFO  server.session (DefaultSessionIdManager.java:doStart(334)) - DefaultSessionIdManager workerName=node0
2022-10-08 01:32:51,196 [Listener at 127.0.0.1/33489] INFO  server.session (DefaultSessionIdManager.java:doStart(339)) - No SessionScavenger set, using defaults
2022-10-08 01:32:51,196 [Listener at 127.0.0.1/33489] INFO  server.session (HouseKeeper.java:startScavenging(132)) - node0 Scavenging every 660000ms
2022-10-08 01:32:51,213 [Listener at 127.0.0.1/33489] INFO  handler.ContextHandler (ContextHandler.java:doStart(915)) - Started o.e.j.s.ServletContextHandler@7a909aae{logs,/logs,file:///home/runner/work/ozone/ozone/hadoop-ozone/integration-test/target/log,AVAILABLE}
2022-10-08 01:32:51,213 [Listener at 127.0.0.1/33489] INFO  handler.ContextHandler (ContextHandler.java:doStart(915)) - Started o.e.j.s.ServletContextHandler@5c5be3a9{static,/static,jar:file:/home/runner/.m2/repository/org/apache/ozone/hdds-container-service/1.3.0-SNAPSHOT/hdds-container-service-1.3.0-SNAPSHOT.jar!/webapps/static,AVAILABLE}
2022-10-08 01:32:51,264 [ReplicationMonitor] INFO  replication.ReplicationManager (ReplicationManager.java:processAll(291)) - Replication Manager is not ready to run until 3000ms after safemode exit
2022-10-08 01:32:51,652 [Listener at 127.0.0.1/33489] INFO  handler.ContextHandler (ContextHandler.java:doStart(915)) - Started o.e.j.w.WebAppContext@12dbe881{hddsDatanode,/,file:///tmp/jetty-0_0_0_0-45833-hdds-container-service-1_3_0-SNAPSHOT_jar-_-any-1609982946407426382/webapp/,AVAILABLE}{jar:file:/home/runner/.m2/repository/org/apache/ozone/hdds-container-service/1.3.0-SNAPSHOT/hdds-container-service-1.3.0-SNAPSHOT.jar!/webapps/hddsDatanode}
2022-10-08 01:32:51,683 [Listener at 127.0.0.1/33489] INFO  server.AbstractConnector (AbstractConnector.java:doStart(331)) - Started ServerConnector@1a15c490{HTTP/1.1, (http/1.1)}{0.0.0.0:45833}
2022-10-08 01:32:51,683 [Listener at 127.0.0.1/33489] INFO  server.Server (Server.java:doStart(415)) - Started @97955ms
2022-10-08 01:32:51,683 [Listener at 127.0.0.1/33489] WARN  impl.MetricsSystemImpl (MetricsSystemImpl.java:register(279)) - Sink prometheus already exists!
2022-10-08 01:32:51,684 [Listener at 127.0.0.1/33489] INFO  http.BaseHttpServer (BaseHttpServer.java:updateConnectorAddress(333)) - HTTP server of hddsDatanode listening at http://0.0.0.0:45833
2022-10-08 01:32:51,688 [Listener at 127.0.0.1/33489] WARN  impl.MetricRegistriesImpl (MetricRegistriesImpl.java:addReporterRegistration(111)) - New reporters are added after registries were created. Some metrics will be missing from the reporter. Please add reporter before adding any new registry.
2022-10-08 01:32:51,688 [Listener at 127.0.0.1/33489] WARN  impl.MetricRegistriesImpl (MetricRegistriesImpl.java:addReporterRegistration(111)) - New reporters are added after registries were created. Some metrics will be missing from the reporter. Please add reporter before adding any new registry.
2022-10-08 01:32:51,688 [Listener at 127.0.0.1/33489] INFO  impl.MetricsSystemImpl (MetricsSystemImpl.java:init(158)) - HddsDatanode metrics system started (again)
2022-10-08 01:32:51,708 [Datanode State Machine Daemon Thread] INFO  statemachine.DatanodeStateMachine (DatanodeStateMachine.java:lambda$startDaemon$0(492)) - Ozone container server started.
2022-10-08 01:32:51,723 [Listener at 127.0.0.1/33489] INFO  ozone.HddsDatanodeService (HddsDatanodeService.java:start(236)) - HddsDatanodeService host:fv-az180-867.g3pwtgv4ffyuhaixmbmm0kyh3d.gx.internal.cloudapp.net ip:10.1.0.61
2022-10-08 01:32:51,784 [org.apache.hadoop.util.JvmPauseMonitor$Monitor@54ef433a] INFO  util.JvmPauseMonitor (JvmPauseMonitor.java:run(188)) - Starting JVM pause monitor
2022-10-08 01:32:51,807 [Datanode State Machine Task Thread - 0] INFO  datanode.InitDatanodeState (InitDatanodeState.java:persistContainerDatanodeDetails(138)) - DatanodeDetails is persisted to /home/runner/work/ozone/ozone/hadoop-ozone/integration-test/target/test-dir/MiniOzoneClusterImpl-b5c1db78-dac0-44d3-8f11-3a92d2c44f5f/datanode-2/meta/datanode.id
2022-10-08 01:32:51,938 [Listener at 127.0.0.1/33489] INFO  upgrade.AbstractLayoutVersionManager (AbstractLayoutVersionManager.java:init(83)) - Initializing Layout version manager with metadata layout = DATANODE_SCHEMA_V3 (version = 4), software layout = DATANODE_SCHEMA_V3 (version = 4)
2022-10-08 01:32:52,052 [Listener at 127.0.0.1/33489] INFO  reflections.Reflections (Reflections.java:scan(232)) - Reflections took 113 ms to scan 7 urls, producing 135 keys and 327 values 
2022-10-08 01:32:52,055 [EndpointStateMachine task thread for /0.0.0.0:40177 - 0 ] INFO  volume.HddsVolume (HddsVolume.java:createDbStore(307)) - SchemaV3 db is created and loaded at /home/runner/work/ozone/ozone/hadoop-ozone/integration-test/target/test-dir/MiniOzoneClusterImpl-b5c1db78-dac0-44d3-8f11-3a92d2c44f5f/datanode-0/data-0/containers/hdds/b5c1db78-dac0-44d3-8f11-3a92d2c44f5f/DS-13de2002-9013-4269-8046-9594707df63c/container.db for volume DS-13de2002-9013-4269-8046-9594707df63c
2022-10-08 01:32:52,056 [EndpointStateMachine task thread for /0.0.0.0:40177 - 0 ] INFO  volume.HddsVolume (HddsVolume.java:closeDbStore(338)) - SchemaV3 db is stopped at /home/runner/work/ozone/ozone/hadoop-ozone/integration-test/target/test-dir/MiniOzoneClusterImpl-b5c1db78-dac0-44d3-8f11-3a92d2c44f5f/datanode-0/data-0/containers/hdds/b5c1db78-dac0-44d3-8f11-3a92d2c44f5f/DS-13de2002-9013-4269-8046-9594707df63c/container.db for volume DS-13de2002-9013-4269-8046-9594707df63c
2022-10-08 01:32:52,056 [EndpointStateMachine task thread for /0.0.0.0:40177 - 0 ] INFO  ozoneimpl.OzoneContainer (OzoneContainer.java:start(378)) - Attempting to start container services.
2022-10-08 01:32:52,056 [EndpointStateMachine task thread for /0.0.0.0:40177 - 0 ] INFO  ozoneimpl.OzoneContainer (OzoneContainer.java:startContainerScrub(313)) - Background container scanner has been disabled.
2022-10-08 01:32:52,058 [EndpointStateMachine task thread for /0.0.0.0:40177 - 0 ] INFO  replication.ReplicationServer (ReplicationServer.java:start(111)) - ReplicationServer is started using port 36993
2022-10-08 01:32:52,058 [EndpointStateMachine task thread for /0.0.0.0:40177 - 0 ] INFO  ratis.XceiverServerRatis (XceiverServerRatis.java:start(481)) - Starting XceiverServerRatis 3f11faf3-83ff-4556-ba87-0c2050513ec2
2022-10-08 01:32:52,059 [EndpointStateMachine task thread for /0.0.0.0:40177 - 0 ] INFO  server.RaftServer (RaftServerProxy.java:lambda$start$6(382)) - 3f11faf3-83ff-4556-ba87-0c2050513ec2: start RPC server
2022-10-08 01:32:52,075 [EndpointStateMachine task thread for /0.0.0.0:40177 - 0 ] INFO  server.GrpcService (GrpcService.java:startImpl(260)) - 3f11faf3-83ff-4556-ba87-0c2050513ec2: GrpcService started, listening on 39303
2022-10-08 01:32:52,076 [EndpointStateMachine task thread for /0.0.0.0:40177 - 0 ] INFO  ratis.XceiverServerRatis (XceiverServerRatis.java:getRealPort(502)) - XceiverServerRatis 3f11faf3-83ff-4556-ba87-0c2050513ec2 is started using port 39303 for RATIS
2022-10-08 01:32:52,076 [EndpointStateMachine task thread for /0.0.0.0:40177 - 0 ] INFO  ratis.XceiverServerRatis (XceiverServerRatis.java:getRealPort(502)) - XceiverServerRatis 3f11faf3-83ff-4556-ba87-0c2050513ec2 is started using port 39303 for RATIS_ADMIN
2022-10-08 01:32:52,076 [EndpointStateMachine task thread for /0.0.0.0:40177 - 0 ] INFO  ratis.XceiverServerRatis (XceiverServerRatis.java:getRealPort(502)) - XceiverServerRatis 3f11faf3-83ff-4556-ba87-0c2050513ec2 is started using port 39303 for RATIS_SERVER
2022-10-08 01:32:52,076 [org.apache.ratis.util.JvmPauseMonitor$$Lambda$636/846962177@706aec8f] INFO  util.JvmPauseMonitor (JvmPauseMonitor.java:run(103)) - JvmPauseMonitor-3f11faf3-83ff-4556-ba87-0c2050513ec2: Started
2022-10-08 01:32:52,083 [Listener at 127.0.0.1/33489] INFO  statemachine.DatanodeStateMachine (DatanodeStateMachine.java:getEndPointTaskThreadPoolSize(237)) - Datanode State Machine Task Thread Pool size 2
2022-10-08 01:32:52,085 [Listener at 127.0.0.1/33489] INFO  volume.HddsVolume (HddsVolume.java:<init>(117)) - Creating HddsVolume: /home/runner/work/ozone/ozone/hadoop-ozone/integration-test/target/test-dir/MiniOzoneClusterImpl-b5c1db78-dac0-44d3-8f11-3a92d2c44f5f/datanode-3/data-0/containers/hdds of storage type : DISK capacity : 9223372036854775807
2022-10-08 01:32:52,086 [Listener at 127.0.0.1/33489] INFO  volume.MutableVolumeSet (MutableVolumeSet.java:initializeVolumeSet(174)) - Added Volume : /home/runner/work/ozone/ozone/hadoop-ozone/integration-test/target/test-dir/MiniOzoneClusterImpl-b5c1db78-dac0-44d3-8f11-3a92d2c44f5f/datanode-3/data-0/containers/hdds to VolumeSet
2022-10-08 01:32:52,086 [Listener at 127.0.0.1/33489] INFO  volume.ThrottledAsyncChecker (ThrottledAsyncChecker.java:schedule(141)) - Scheduling a check for /home/runner/work/ozone/ozone/hadoop-ozone/integration-test/target/test-dir/MiniOzoneClusterImpl-b5c1db78-dac0-44d3-8f11-3a92d2c44f5f/datanode-3/data-0/containers/hdds
2022-10-08 01:32:52,086 [Listener at 127.0.0.1/33489] INFO  volume.StorageVolumeChecker (StorageVolumeChecker.java:checkAllVolumes(202)) - Scheduled health check for volume /home/runner/work/ozone/ozone/hadoop-ozone/integration-test/target/test-dir/MiniOzoneClusterImpl-b5c1db78-dac0-44d3-8f11-3a92d2c44f5f/datanode-3/data-0/containers/hdds
2022-10-08 01:32:52,116 [EndpointStateMachine task thread for /0.0.0.0:40177 - 0 ] INFO  server.XceiverServerGrpc (XceiverServerGrpc.java:start(180)) - XceiverServerGrpc 3f11faf3-83ff-4556-ba87-0c2050513ec2 is started using port 38577
2022-10-08 01:32:52,131 [Listener at 127.0.0.1/33489] INFO  volume.MutableVolumeSet (MutableVolumeSet.java:initializeVolumeSet(174)) - Added Volume : /home/runner/work/ozone/ozone/hadoop-ozone/integration-test/target/test-dir/MiniOzoneClusterImpl-b5c1db78-dac0-44d3-8f11-3a92d2c44f5f/datanode-3/data/ratis to VolumeSet
2022-10-08 01:32:52,131 [Listener at 127.0.0.1/33489] INFO  volume.ThrottledAsyncChecker (ThrottledAsyncChecker.java:schedule(141)) - Scheduling a check for /home/runner/work/ozone/ozone/hadoop-ozone/integration-test/target/test-dir/MiniOzoneClusterImpl-b5c1db78-dac0-44d3-8f11-3a92d2c44f5f/datanode-3/data/ratis
2022-10-08 01:32:52,131 [Listener at 127.0.0.1/33489] INFO  volume.StorageVolumeChecker (StorageVolumeChecker.java:checkAllVolumes(202)) - Scheduled health check for volume /home/runner/work/ozone/ozone/hadoop-ozone/integration-test/target/test-dir/MiniOzoneClusterImpl-b5c1db78-dac0-44d3-8f11-3a92d2c44f5f/datanode-3/data/ratis
2022-10-08 01:32:52,200 [Thread-1056] INFO  ozoneimpl.ContainerReader (ContainerReader.java:readVolume(175)) - Finish verifying containers on volume /home/runner/work/ozone/ozone/hadoop-ozone/integration-test/target/test-dir/MiniOzoneClusterImpl-b5c1db78-dac0-44d3-8f11-3a92d2c44f5f/datanode-3/data-0/containers/hdds
2022-10-08 01:32:52,201 [Listener at 127.0.0.1/33489] INFO  ozoneimpl.OzoneContainer (OzoneContainer.java:buildContainerSet(300)) - Build ContainerSet costs 0s
2022-10-08 01:32:52,203 [Listener at 127.0.0.1/33489] INFO  server.RaftServer (ConfUtils.java:logGet(46)) - raft.rpc.type = GRPC (default)
2022-10-08 01:32:52,203 [Listener at 127.0.0.1/33489] INFO  grpc.GrpcFactory (GrpcFactory.java:checkPooledByteBufAllocatorUseCacheForAllThreads(48)) - PERFORMANCE WARNING: useCacheForAllThreads is true that may cause Netty to create a lot garbage objects and, as a result, trigger GC.
	It is recommended to disable useCacheForAllThreads by setting -Dorg.apache.ratis.thirdparty.io.netty.allocator.useCacheForAllThreads=false in command line.
2022-10-08 01:32:52,203 [Listener at 127.0.0.1/33489] INFO  grpc.GrpcConfigKeys (ConfUtils.java:logGet(46)) - raft.grpc.admin.port = 0 (custom)
2022-10-08 01:32:52,203 [Listener at 127.0.0.1/33489] INFO  grpc.GrpcConfigKeys (ConfUtils.java:logGet(46)) - raft.grpc.client.port = 0 (custom)
2022-10-08 01:32:52,203 [Listener at 127.0.0.1/33489] INFO  grpc.GrpcConfigKeys (ConfUtils.java:logGet(46)) - raft.grpc.server.port = 0 (default)
2022-10-08 01:32:52,203 [Listener at 127.0.0.1/33489] INFO  server.GrpcService (ConfUtils.java:logGet(46)) - raft.grpc.message.size.max = 32MB (=33554432) (custom)
2022-10-08 01:32:52,204 [Listener at 127.0.0.1/33489] INFO  server.RaftServerConfigKeys (ConfUtils.java:logGet(46)) - raft.server.log.appender.buffer.byte-limit = 33554432 (custom)
2022-10-08 01:32:52,204 [Listener at 127.0.0.1/33489] INFO  server.GrpcService (ConfUtils.java:logGet(46)) - raft.grpc.flow.control.window = 5MB (=5242880) (custom)
2022-10-08 01:32:52,206 [Listener at 127.0.0.1/33489] INFO  server.RaftServerConfigKeys (ConfUtils.java:logGet(46)) - raft.server.rpc.request.timeout = 60s (custom)
2022-10-08 01:32:52,206 [Listener at 127.0.0.1/33489] INFO  grpc.GrpcConfigKeys (ConfUtils.java:logGet(46)) - raft.grpc.server.async.request.thread.pool.cached = true (default)
2022-10-08 01:32:52,206 [Listener at 127.0.0.1/33489] INFO  grpc.GrpcConfigKeys (ConfUtils.java:logGet(46)) - raft.grpc.server.async.request.thread.pool.size = 32 (default)
2022-10-08 01:32:52,207 [Listener at 127.0.0.1/33489] INFO  impl.DataStreamServerImpl (ConfUtils.java:logGet(46)) - raft.datastream.type = DISABLED (default)
2022-10-08 01:32:52,207 [Listener at 127.0.0.1/33489] INFO  server.RaftServerConfigKeys (ConfUtils.java:logGet(46)) - raft.server.threadpool.proxy.cached = true (default)
2022-10-08 01:32:52,207 [Listener at 127.0.0.1/33489] INFO  server.RaftServerConfigKeys (ConfUtils.java:logGet(46)) - raft.server.threadpool.proxy.size = 0 (default)
2022-10-08 01:32:52,207 [Listener at 127.0.0.1/33489] INFO  server.RaftServerConfigKeys (ConfUtils.java:logGet(46)) - raft.server.rpc.slowness.timeout = 300s (custom)
2022-10-08 01:32:52,208 [Listener at 127.0.0.1/33489] INFO  server.RaftServerConfigKeys (ConfUtils.java:logGet(46)) - raft.server.leaderelection.leader.step-down.wait-time = 10s (default)
2022-10-08 01:32:52,208 [Listener at 127.0.0.1/33489] INFO  server.RaftServerConfigKeys (ConfUtils.java:logGet(46)) - raft.server.storage.dir = [/home/runner/work/ozone/ozone/hadoop-ozone/integration-test/target/test-dir/MiniOzoneClusterImpl-b5c1db78-dac0-44d3-8f11-3a92d2c44f5f/datanode-3/data/ratis] (custom)
2022-10-08 01:32:52,226 [Listener at 127.0.0.1/33489] INFO  server.XceiverServerGrpc (XceiverServerGrpc.java:<init>(132)) - GrpcServer channel type EpollServerSocketChannel
2022-10-08 01:32:52,231 [Listener at 127.0.0.1/33489] INFO  http.BaseHttpServer (BaseHttpServer.java:newHttpServer2BuilderForOzone(213)) - Starting Web-server for hddsDatanode at: http://0.0.0.0:0
2022-10-08 01:32:52,231 [Listener at 127.0.0.1/33489] INFO  http.BaseHttpServer (BaseHttpServer.java:<init>(108)) - Hadoop Security Enabled: false Ozone Security Enabled: false Ozone HTTP Security Enabled: false 
2022-10-08 01:32:52,235 [Listener at 127.0.0.1/33489] INFO  server.AuthenticationFilter (AuthenticationFilter.java:constructSecretProvider(240)) - Unable to initialize FileSignerSecretProvider, falling back to use random secrets.
2022-10-08 01:32:52,240 [Listener at 127.0.0.1/33489] WARN  http.HttpRequestLog (HttpRequestLog.java:getRequestLog(103)) - Jetty request log can only be enabled using Log4j
2022-10-08 01:32:52,241 [Listener at 127.0.0.1/33489] INFO  http.HttpServer2 (HttpServer2.java:addGlobalFilter(1031)) - Added global filter 'safety' (class=org.apache.hadoop.hdds.server.http.HttpServer2$QuotingInputFilter)
2022-10-08 01:32:52,242 [Listener at 127.0.0.1/33489] INFO  http.HttpServer2 (HttpServer2.java:addFilter(1007)) - Added filter static_user_filter (class=org.apache.hadoop.http.lib.StaticUserWebFilter$StaticUserFilter) to context hddsDatanode
2022-10-08 01:32:52,242 [Listener at 127.0.0.1/33489] INFO  http.HttpServer2 (HttpServer2.java:addFilter(1015)) - Added filter static_user_filter (class=org.apache.hadoop.http.lib.StaticUserWebFilter$StaticUserFilter) to context static
2022-10-08 01:32:52,242 [Listener at 127.0.0.1/33489] INFO  http.HttpServer2 (HttpServer2.java:addFilter(1015)) - Added filter static_user_filter (class=org.apache.hadoop.http.lib.StaticUserWebFilter$StaticUserFilter) to context logs
2022-10-08 01:32:52,242 [Listener at 127.0.0.1/33489] INFO  http.HttpServer2 (HttpServer2.java:bindListener(1250)) - Jetty bound to port 40117
2022-10-08 01:32:52,242 [Listener at 127.0.0.1/33489] INFO  server.Server (Server.java:doStart(375)) - jetty-9.4.43.v20210629; built: 2021-06-30T11:07:22.254Z; git: 526006ecfa3af7f1a27ef3a288e2bef7ea9dd7e8; jvm 1.8.0_345-b01
2022-10-08 01:32:52,264 [ReplicationMonitor] INFO  replication.ReplicationManager (ReplicationManager.java:processAll(291)) - Replication Manager is not ready to run until 3000ms after safemode exit
2022-10-08 01:32:52,273 [Listener at 127.0.0.1/33489] INFO  server.session (DefaultSessionIdManager.java:doStart(334)) - DefaultSessionIdManager workerName=node0
2022-10-08 01:32:52,273 [Listener at 127.0.0.1/33489] INFO  server.session (DefaultSessionIdManager.java:doStart(339)) - No SessionScavenger set, using defaults
2022-10-08 01:32:52,273 [Listener at 127.0.0.1/33489] INFO  server.session (HouseKeeper.java:startScavenging(132)) - node0 Scavenging every 600000ms
2022-10-08 01:32:52,273 [Listener at 127.0.0.1/33489] INFO  handler.ContextHandler (ContextHandler.java:doStart(915)) - Started o.e.j.s.ServletContextHandler@62b84c57{logs,/logs,file:///home/runner/work/ozone/ozone/hadoop-ozone/integration-test/target/log,AVAILABLE}
2022-10-08 01:32:52,274 [Listener at 127.0.0.1/33489] INFO  handler.ContextHandler (ContextHandler.java:doStart(915)) - Started o.e.j.s.ServletContextHandler@7a13bc3f{static,/static,jar:file:/home/runner/.m2/repository/org/apache/ozone/hdds-container-service/1.3.0-SNAPSHOT/hdds-container-service-1.3.0-SNAPSHOT.jar!/webapps/static,AVAILABLE}
2022-10-08 01:32:52,652 [Listener at 127.0.0.1/33489] INFO  handler.ContextHandler (ContextHandler.java:doStart(915)) - Started o.e.j.w.WebAppContext@1617ff0{hddsDatanode,/,file:///tmp/jetty-0_0_0_0-40117-hdds-container-service-1_3_0-SNAPSHOT_jar-_-any-2134447081036452549/webapp/,AVAILABLE}{jar:file:/home/runner/.m2/repository/org/apache/ozone/hdds-container-service/1.3.0-SNAPSHOT/hdds-container-service-1.3.0-SNAPSHOT.jar!/webapps/hddsDatanode}
2022-10-08 01:32:52,655 [Listener at 127.0.0.1/33489] INFO  server.AbstractConnector (AbstractConnector.java:doStart(331)) - Started ServerConnector@406cc31{HTTP/1.1, (http/1.1)}{0.0.0.0:40117}
2022-10-08 01:32:52,655 [Listener at 127.0.0.1/33489] INFO  server.Server (Server.java:doStart(415)) - Started @98927ms
2022-10-08 01:32:52,655 [Listener at 127.0.0.1/33489] WARN  impl.MetricsSystemImpl (MetricsSystemImpl.java:register(279)) - Sink prometheus already exists!
2022-10-08 01:32:52,655 [Listener at 127.0.0.1/33489] INFO  http.BaseHttpServer (BaseHttpServer.java:updateConnectorAddress(333)) - HTTP server of hddsDatanode listening at http://0.0.0.0:40117
2022-10-08 01:32:52,656 [Listener at 127.0.0.1/33489] WARN  impl.MetricRegistriesImpl (MetricRegistriesImpl.java:addReporterRegistration(111)) - New reporters are added after registries were created. Some metrics will be missing from the reporter. Please add reporter before adding any new registry.
2022-10-08 01:32:52,656 [Listener at 127.0.0.1/33489] WARN  impl.MetricRegistriesImpl (MetricRegistriesImpl.java:addReporterRegistration(111)) - New reporters are added after registries were created. Some metrics will be missing from the reporter. Please add reporter before adding any new registry.
2022-10-08 01:32:52,656 [Listener at 127.0.0.1/33489] INFO  impl.MetricsSystemImpl (MetricsSystemImpl.java:init(158)) - HddsDatanode metrics system started (again)
2022-10-08 01:32:52,679 [Datanode State Machine Daemon Thread] INFO  statemachine.DatanodeStateMachine (DatanodeStateMachine.java:lambda$startDaemon$0(492)) - Ozone container server started.
2022-10-08 01:32:52,709 [Listener at 127.0.0.1/33489] INFO  ozone.HddsDatanodeService (HddsDatanodeService.java:start(236)) - HddsDatanodeService host:fv-az180-867.g3pwtgv4ffyuhaixmbmm0kyh3d.gx.internal.cloudapp.net ip:10.1.0.61
2022-10-08 01:32:52,760 [org.apache.hadoop.util.JvmPauseMonitor$Monitor@52ca60b1] INFO  util.JvmPauseMonitor (JvmPauseMonitor.java:run(188)) - Starting JVM pause monitor
2022-10-08 01:32:52,765 [Datanode State Machine Task Thread - 0] INFO  datanode.InitDatanodeState (InitDatanodeState.java:persistContainerDatanodeDetails(138)) - DatanodeDetails is persisted to /home/runner/work/ozone/ozone/hadoop-ozone/integration-test/target/test-dir/MiniOzoneClusterImpl-b5c1db78-dac0-44d3-8f11-3a92d2c44f5f/datanode-3/meta/datanode.id
2022-10-08 01:32:52,863 [Listener at 127.0.0.1/33489] INFO  upgrade.AbstractLayoutVersionManager (AbstractLayoutVersionManager.java:init(83)) - Initializing Layout version manager with metadata layout = DATANODE_SCHEMA_V3 (version = 4), software layout = DATANODE_SCHEMA_V3 (version = 4)
2022-10-08 01:32:52,965 [Listener at 127.0.0.1/33489] INFO  reflections.Reflections (Reflections.java:scan(232)) - Reflections took 101 ms to scan 7 urls, producing 135 keys and 327 values 
2022-10-08 01:32:52,966 [Listener at 127.0.0.1/33489] INFO  statemachine.DatanodeStateMachine (DatanodeStateMachine.java:getEndPointTaskThreadPoolSize(237)) - Datanode State Machine Task Thread Pool size 2
2022-10-08 01:32:52,984 [EndpointStateMachine task thread for /0.0.0.0:40177 - 0 ] INFO  volume.HddsVolume (HddsVolume.java:createDbStore(307)) - SchemaV3 db is created and loaded at /home/runner/work/ozone/ozone/hadoop-ozone/integration-test/target/test-dir/MiniOzoneClusterImpl-b5c1db78-dac0-44d3-8f11-3a92d2c44f5f/datanode-1/data-0/containers/hdds/b5c1db78-dac0-44d3-8f11-3a92d2c44f5f/DS-324488cc-ed2c-4da6-b43e-7c0bce0d8bf1/container.db for volume DS-324488cc-ed2c-4da6-b43e-7c0bce0d8bf1
2022-10-08 01:32:52,986 [EndpointStateMachine task thread for /0.0.0.0:40177 - 0 ] INFO  volume.HddsVolume (HddsVolume.java:closeDbStore(338)) - SchemaV3 db is stopped at /home/runner/work/ozone/ozone/hadoop-ozone/integration-test/target/test-dir/MiniOzoneClusterImpl-b5c1db78-dac0-44d3-8f11-3a92d2c44f5f/datanode-1/data-0/containers/hdds/b5c1db78-dac0-44d3-8f11-3a92d2c44f5f/DS-324488cc-ed2c-4da6-b43e-7c0bce0d8bf1/container.db for volume DS-324488cc-ed2c-4da6-b43e-7c0bce0d8bf1
2022-10-08 01:32:52,986 [EndpointStateMachine task thread for /0.0.0.0:40177 - 0 ] INFO  ozoneimpl.OzoneContainer (OzoneContainer.java:start(378)) - Attempting to start container services.
2022-10-08 01:32:52,986 [EndpointStateMachine task thread for /0.0.0.0:40177 - 0 ] INFO  ozoneimpl.OzoneContainer (OzoneContainer.java:startContainerScrub(313)) - Background container scanner has been disabled.
2022-10-08 01:32:52,987 [EndpointStateMachine task thread for /0.0.0.0:40177 - 0 ] INFO  replication.ReplicationServer (ReplicationServer.java:start(111)) - ReplicationServer is started using port 41937
2022-10-08 01:32:52,988 [EndpointStateMachine task thread for /0.0.0.0:40177 - 0 ] INFO  ratis.XceiverServerRatis (XceiverServerRatis.java:start(481)) - Starting XceiverServerRatis 09c2f2af-7c19-464a-af99-f2c2b94b4067
2022-10-08 01:32:52,988 [EndpointStateMachine task thread for /0.0.0.0:40177 - 0 ] INFO  server.RaftServer (RaftServerProxy.java:lambda$start$6(382)) - 09c2f2af-7c19-464a-af99-f2c2b94b4067: start RPC server
2022-10-08 01:32:52,993 [EndpointStateMachine task thread for /0.0.0.0:40177 - 0 ] INFO  server.GrpcService (GrpcService.java:startImpl(260)) - 09c2f2af-7c19-464a-af99-f2c2b94b4067: GrpcService started, listening on 44765
2022-10-08 01:32:52,993 [EndpointStateMachine task thread for /0.0.0.0:40177 - 0 ] INFO  ratis.XceiverServerRatis (XceiverServerRatis.java:getRealPort(502)) - XceiverServerRatis 09c2f2af-7c19-464a-af99-f2c2b94b4067 is started using port 44765 for RATIS
2022-10-08 01:32:52,993 [EndpointStateMachine task thread for /0.0.0.0:40177 - 0 ] INFO  ratis.XceiverServerRatis (XceiverServerRatis.java:getRealPort(502)) - XceiverServerRatis 09c2f2af-7c19-464a-af99-f2c2b94b4067 is started using port 44765 for RATIS_ADMIN
2022-10-08 01:32:52,993 [EndpointStateMachine task thread for /0.0.0.0:40177 - 0 ] INFO  ratis.XceiverServerRatis (XceiverServerRatis.java:getRealPort(502)) - XceiverServerRatis 09c2f2af-7c19-464a-af99-f2c2b94b4067 is started using port 44765 for RATIS_SERVER
2022-10-08 01:32:52,993 [org.apache.ratis.util.JvmPauseMonitor$$Lambda$636/846962177@6b3c5935] INFO  util.JvmPauseMonitor (JvmPauseMonitor.java:run(103)) - JvmPauseMonitor-09c2f2af-7c19-464a-af99-f2c2b94b4067: Started
2022-10-08 01:32:52,997 [Listener at 127.0.0.1/33489] INFO  volume.HddsVolume (HddsVolume.java:<init>(117)) - Creating HddsVolume: /home/runner/work/ozone/ozone/hadoop-ozone/integration-test/target/test-dir/MiniOzoneClusterImpl-b5c1db78-dac0-44d3-8f11-3a92d2c44f5f/datanode-4/data-0/containers/hdds of storage type : DISK capacity : 9223372036854775807
2022-10-08 01:32:52,997 [Listener at 127.0.0.1/33489] INFO  volume.MutableVolumeSet (MutableVolumeSet.java:initializeVolumeSet(174)) - Added Volume : /home/runner/work/ozone/ozone/hadoop-ozone/integration-test/target/test-dir/MiniOzoneClusterImpl-b5c1db78-dac0-44d3-8f11-3a92d2c44f5f/datanode-4/data-0/containers/hdds to VolumeSet
2022-10-08 01:32:52,997 [Listener at 127.0.0.1/33489] INFO  volume.ThrottledAsyncChecker (ThrottledAsyncChecker.java:schedule(141)) - Scheduling a check for /home/runner/work/ozone/ozone/hadoop-ozone/integration-test/target/test-dir/MiniOzoneClusterImpl-b5c1db78-dac0-44d3-8f11-3a92d2c44f5f/datanode-4/data-0/containers/hdds
2022-10-08 01:32:52,997 [Listener at 127.0.0.1/33489] INFO  volume.StorageVolumeChecker (StorageVolumeChecker.java:checkAllVolumes(202)) - Scheduled health check for volume /home/runner/work/ozone/ozone/hadoop-ozone/integration-test/target/test-dir/MiniOzoneClusterImpl-b5c1db78-dac0-44d3-8f11-3a92d2c44f5f/datanode-4/data-0/containers/hdds
2022-10-08 01:32:53,029 [Listener at 127.0.0.1/33489] INFO  volume.MutableVolumeSet (MutableVolumeSet.java:initializeVolumeSet(174)) - Added Volume : /home/runner/work/ozone/ozone/hadoop-ozone/integration-test/target/test-dir/MiniOzoneClusterImpl-b5c1db78-dac0-44d3-8f11-3a92d2c44f5f/datanode-4/data/ratis to VolumeSet
2022-10-08 01:32:53,029 [Listener at 127.0.0.1/33489] INFO  volume.ThrottledAsyncChecker (ThrottledAsyncChecker.java:schedule(141)) - Scheduling a check for /home/runner/work/ozone/ozone/hadoop-ozone/integration-test/target/test-dir/MiniOzoneClusterImpl-b5c1db78-dac0-44d3-8f11-3a92d2c44f5f/datanode-4/data/ratis
2022-10-08 01:32:53,042 [EndpointStateMachine task thread for /0.0.0.0:40177 - 0 ] INFO  server.XceiverServerGrpc (XceiverServerGrpc.java:start(180)) - XceiverServerGrpc 09c2f2af-7c19-464a-af99-f2c2b94b4067 is started using port 39829
2022-10-08 01:32:53,043 [Listener at 127.0.0.1/33489] INFO  volume.StorageVolumeChecker (StorageVolumeChecker.java:checkAllVolumes(202)) - Scheduled health check for volume /home/runner/work/ozone/ozone/hadoop-ozone/integration-test/target/test-dir/MiniOzoneClusterImpl-b5c1db78-dac0-44d3-8f11-3a92d2c44f5f/datanode-4/data/ratis
2022-10-08 01:32:53,092 [Thread-1074] INFO  ozoneimpl.ContainerReader (ContainerReader.java:readVolume(175)) - Finish verifying containers on volume /home/runner/work/ozone/ozone/hadoop-ozone/integration-test/target/test-dir/MiniOzoneClusterImpl-b5c1db78-dac0-44d3-8f11-3a92d2c44f5f/datanode-4/data-0/containers/hdds
2022-10-08 01:32:53,092 [Listener at 127.0.0.1/33489] INFO  ozoneimpl.OzoneContainer (OzoneContainer.java:buildContainerSet(300)) - Build ContainerSet costs 0s
2022-10-08 01:32:53,094 [Listener at 127.0.0.1/33489] INFO  server.RaftServer (ConfUtils.java:logGet(46)) - raft.rpc.type = GRPC (default)
2022-10-08 01:32:53,094 [Listener at 127.0.0.1/33489] INFO  grpc.GrpcFactory (GrpcFactory.java:checkPooledByteBufAllocatorUseCacheForAllThreads(48)) - PERFORMANCE WARNING: useCacheForAllThreads is true that may cause Netty to create a lot garbage objects and, as a result, trigger GC.
	It is recommended to disable useCacheForAllThreads by setting -Dorg.apache.ratis.thirdparty.io.netty.allocator.useCacheForAllThreads=false in command line.
2022-10-08 01:32:53,095 [Listener at 127.0.0.1/33489] INFO  grpc.GrpcConfigKeys (ConfUtils.java:logGet(46)) - raft.grpc.admin.port = 0 (custom)
2022-10-08 01:32:53,095 [Listener at 127.0.0.1/33489] INFO  grpc.GrpcConfigKeys (ConfUtils.java:logGet(46)) - raft.grpc.client.port = 0 (custom)
2022-10-08 01:32:53,095 [Listener at 127.0.0.1/33489] INFO  grpc.GrpcConfigKeys (ConfUtils.java:logGet(46)) - raft.grpc.server.port = 0 (default)
2022-10-08 01:32:53,095 [Listener at 127.0.0.1/33489] INFO  server.GrpcService (ConfUtils.java:logGet(46)) - raft.grpc.message.size.max = 32MB (=33554432) (custom)
2022-10-08 01:32:53,095 [Listener at 127.0.0.1/33489] INFO  server.RaftServerConfigKeys (ConfUtils.java:logGet(46)) - raft.server.log.appender.buffer.byte-limit = 33554432 (custom)
2022-10-08 01:32:53,095 [Listener at 127.0.0.1/33489] INFO  server.GrpcService (ConfUtils.java:logGet(46)) - raft.grpc.flow.control.window = 5MB (=5242880) (custom)
2022-10-08 01:32:53,095 [Listener at 127.0.0.1/33489] INFO  server.RaftServerConfigKeys (ConfUtils.java:logGet(46)) - raft.server.rpc.request.timeout = 60s (custom)
2022-10-08 01:32:53,095 [Listener at 127.0.0.1/33489] INFO  grpc.GrpcConfigKeys (ConfUtils.java:logGet(46)) - raft.grpc.server.async.request.thread.pool.cached = true (default)
2022-10-08 01:32:53,095 [Listener at 127.0.0.1/33489] INFO  grpc.GrpcConfigKeys (ConfUtils.java:logGet(46)) - raft.grpc.server.async.request.thread.pool.size = 32 (default)
2022-10-08 01:32:53,096 [Listener at 127.0.0.1/33489] INFO  impl.DataStreamServerImpl (ConfUtils.java:logGet(46)) - raft.datastream.type = DISABLED (default)
2022-10-08 01:32:53,096 [Listener at 127.0.0.1/33489] INFO  server.RaftServerConfigKeys (ConfUtils.java:logGet(46)) - raft.server.threadpool.proxy.cached = true (default)
2022-10-08 01:32:53,096 [Listener at 127.0.0.1/33489] INFO  server.RaftServerConfigKeys (ConfUtils.java:logGet(46)) - raft.server.threadpool.proxy.size = 0 (default)
2022-10-08 01:32:53,096 [Listener at 127.0.0.1/33489] INFO  server.RaftServerConfigKeys (ConfUtils.java:logGet(46)) - raft.server.rpc.slowness.timeout = 300s (custom)
2022-10-08 01:32:53,097 [Listener at 127.0.0.1/33489] INFO  server.RaftServerConfigKeys (ConfUtils.java:logGet(46)) - raft.server.leaderelection.leader.step-down.wait-time = 10s (default)
2022-10-08 01:32:53,097 [Listener at 127.0.0.1/33489] INFO  server.RaftServerConfigKeys (ConfUtils.java:logGet(46)) - raft.server.storage.dir = [/home/runner/work/ozone/ozone/hadoop-ozone/integration-test/target/test-dir/MiniOzoneClusterImpl-b5c1db78-dac0-44d3-8f11-3a92d2c44f5f/datanode-4/data/ratis] (custom)
2022-10-08 01:32:53,098 [Listener at 127.0.0.1/33489] INFO  server.XceiverServerGrpc (XceiverServerGrpc.java:<init>(132)) - GrpcServer channel type EpollServerSocketChannel
2022-10-08 01:32:53,100 [Listener at 127.0.0.1/33489] INFO  http.BaseHttpServer (BaseHttpServer.java:newHttpServer2BuilderForOzone(213)) - Starting Web-server for hddsDatanode at: http://0.0.0.0:0
2022-10-08 01:32:53,100 [Listener at 127.0.0.1/33489] INFO  http.BaseHttpServer (BaseHttpServer.java:<init>(108)) - Hadoop Security Enabled: false Ozone Security Enabled: false Ozone HTTP Security Enabled: false 
2022-10-08 01:32:53,101 [Listener at 127.0.0.1/33489] INFO  server.AuthenticationFilter (AuthenticationFilter.java:constructSecretProvider(240)) - Unable to initialize FileSignerSecretProvider, falling back to use random secrets.
2022-10-08 01:32:53,135 [Listener at 127.0.0.1/33489] WARN  http.HttpRequestLog (HttpRequestLog.java:getRequestLog(103)) - Jetty request log can only be enabled using Log4j
2022-10-08 01:32:53,137 [Listener at 127.0.0.1/33489] INFO  http.HttpServer2 (HttpServer2.java:addGlobalFilter(1031)) - Added global filter 'safety' (class=org.apache.hadoop.hdds.server.http.HttpServer2$QuotingInputFilter)
2022-10-08 01:32:53,138 [Listener at 127.0.0.1/33489] INFO  http.HttpServer2 (HttpServer2.java:addFilter(1007)) - Added filter static_user_filter (class=org.apache.hadoop.http.lib.StaticUserWebFilter$StaticUserFilter) to context hddsDatanode
2022-10-08 01:32:53,138 [Listener at 127.0.0.1/33489] INFO  http.HttpServer2 (HttpServer2.java:addFilter(1015)) - Added filter static_user_filter (class=org.apache.hadoop.http.lib.StaticUserWebFilter$StaticUserFilter) to context static
2022-10-08 01:32:53,138 [Listener at 127.0.0.1/33489] INFO  http.HttpServer2 (HttpServer2.java:addFilter(1015)) - Added filter static_user_filter (class=org.apache.hadoop.http.lib.StaticUserWebFilter$StaticUserFilter) to context logs
2022-10-08 01:32:53,138 [Listener at 127.0.0.1/33489] INFO  http.HttpServer2 (HttpServer2.java:bindListener(1250)) - Jetty bound to port 39771
2022-10-08 01:32:53,138 [Listener at 127.0.0.1/33489] INFO  server.Server (Server.java:doStart(375)) - jetty-9.4.43.v20210629; built: 2021-06-30T11:07:22.254Z; git: 526006ecfa3af7f1a27ef3a288e2bef7ea9dd7e8; jvm 1.8.0_345-b01
2022-10-08 01:32:53,197 [Listener at 127.0.0.1/33489] INFO  server.session (DefaultSessionIdManager.java:doStart(334)) - DefaultSessionIdManager workerName=node0
2022-10-08 01:32:53,198 [Listener at 127.0.0.1/33489] INFO  server.session (DefaultSessionIdManager.java:doStart(339)) - No SessionScavenger set, using defaults
2022-10-08 01:32:53,198 [Listener at 127.0.0.1/33489] INFO  server.session (HouseKeeper.java:startScavenging(132)) - node0 Scavenging every 660000ms
2022-10-08 01:32:53,200 [Listener at 127.0.0.1/33489] INFO  handler.ContextHandler (ContextHandler.java:doStart(915)) - Started o.e.j.s.ServletContextHandler@1d36548{logs,/logs,file:///home/runner/work/ozone/ozone/hadoop-ozone/integration-test/target/log,AVAILABLE}
2022-10-08 01:32:53,201 [Listener at 127.0.0.1/33489] INFO  handler.ContextHandler (ContextHandler.java:doStart(915)) - Started o.e.j.s.ServletContextHandler@64717205{static,/static,jar:file:/home/runner/.m2/repository/org/apache/ozone/hdds-container-service/1.3.0-SNAPSHOT/hdds-container-service-1.3.0-SNAPSHOT.jar!/webapps/static,AVAILABLE}
2022-10-08 01:32:53,264 [ReplicationMonitor] INFO  replication.ReplicationManager (ReplicationManager.java:processAll(291)) - Replication Manager is not ready to run until 3000ms after safemode exit
2022-10-08 01:32:53,643 [IPC Server handler 0 on default port 40177] INFO  net.NetworkTopologyImpl (NetworkTopologyImpl.java:add(112)) - Added a new node: /default-rack/3f11faf3-83ff-4556-ba87-0c2050513ec2
2022-10-08 01:32:53,644 [IPC Server handler 0 on default port 40177] INFO  node.SCMNodeManager (SCMNodeManager.java:register(397)) - Registered Data node : 3f11faf3-83ff-4556-ba87-0c2050513ec2{ip: 10.1.0.61, host: fv-az180-867.g3pwtgv4ffyuhaixmbmm0kyh3d.gx.internal.cloudapp.net, ports: [REPLICATION=36993, RATIS=39303, RATIS_ADMIN=39303, RATIS_SERVER=39303, STANDALONE=38577], networkLocation: /default-rack, certSerialId: null, persistedOpState: null, persistedOpStateExpiryEpochSec: 0}
2022-10-08 01:32:53,648 [EventQueue-NodeRegistrationContainerReportForDataNodeSafeModeRule] INFO  safemode.SCMSafeModeManager (DataNodeSafeModeRule.java:process(71)) - SCM in safe mode. 1 DataNodes registered, 3 required.
2022-10-08 01:32:53,659 [EventQueue-NodeRegistrationContainerReportForContainerSafeModeRule] INFO  safemode.SCMSafeModeManager (SCMSafeModeManager.java:validateSafeModeExitRules(204)) - ContainerSafeModeRule rule is successfully validated
2022-10-08 01:32:53,680 [EventQueue-NewNodeForNewNodeHandler] INFO  pipeline.BackgroundPipelineCreator (BackgroundPipelineCreator.java:notifyEventTriggered(276)) - trigger a one-shot run on RatisPipelineUtilsThread.
2022-10-08 01:32:53,680 [EventQueue-PipelineReportForOneReplicaPipelineSafeModeRule] INFO  safemode.SCMSafeModeManager (SCMSafeModeManager.java:validateSafeModeExitRules(204)) - AtleastOneDatanodeReportedRule rule is successfully validated
2022-10-08 01:32:53,681 [RatisPipelineUtilsThread - 0] INFO  pipeline.RatisPipelineProvider (RatisPipelineProvider.java:lambda$create$0(195)) - Sending CreatePipelineCommand for pipeline:PipelineID=a68a6eeb-098d-4386-a984-62a6e5ccee79 to datanode:3f11faf3-83ff-4556-ba87-0c2050513ec2
2022-10-08 01:32:53,684 [RatisPipelineUtilsThread - 0] INFO  pipeline.PipelineStateManagerImpl (PipelineStateManagerImpl.java:addPipeline(103)) - Created pipeline Pipeline[ Id: a68a6eeb-098d-4386-a984-62a6e5ccee79, Nodes: 3f11faf3-83ff-4556-ba87-0c2050513ec2{ip: 10.1.0.61, host: fv-az180-867.g3pwtgv4ffyuhaixmbmm0kyh3d.gx.internal.cloudapp.net, ports: [REPLICATION=36993, RATIS=39303, RATIS_ADMIN=39303, RATIS_SERVER=39303, STANDALONE=38577], networkLocation: /default-rack, certSerialId: null, persistedOpState: IN_SERVICE, persistedOpStateExpiryEpochSec: 0}, ReplicationConfig: RATIS/ONE, State:ALLOCATED, leaderId:, CreationTimestamp2022-10-08T01:32:53.681Z[Etc/UTC]].
2022-10-08 01:32:53,745 [Listener at 127.0.0.1/33489] INFO  handler.ContextHandler (ContextHandler.java:doStart(915)) - Started o.e.j.w.WebAppContext@5b561afe{hddsDatanode,/,file:///tmp/jetty-0_0_0_0-39771-hdds-container-service-1_3_0-SNAPSHOT_jar-_-any-3995935072183210154/webapp/,AVAILABLE}{jar:file:/home/runner/.m2/repository/org/apache/ozone/hdds-container-service/1.3.0-SNAPSHOT/hdds-container-service-1.3.0-SNAPSHOT.jar!/webapps/hddsDatanode}
2022-10-08 01:32:53,768 [Listener at 127.0.0.1/33489] INFO  server.AbstractConnector (AbstractConnector.java:doStart(331)) - Started ServerConnector@c4ec4b4{HTTP/1.1, (http/1.1)}{0.0.0.0:39771}
2022-10-08 01:32:53,768 [Listener at 127.0.0.1/33489] INFO  server.Server (Server.java:doStart(415)) - Started @100040ms
2022-10-08 01:32:53,768 [Listener at 127.0.0.1/33489] WARN  impl.MetricsSystemImpl (MetricsSystemImpl.java:register(279)) - Sink prometheus already exists!
2022-10-08 01:32:53,769 [Listener at 127.0.0.1/33489] INFO  http.BaseHttpServer (BaseHttpServer.java:updateConnectorAddress(333)) - HTTP server of hddsDatanode listening at http://0.0.0.0:39771
2022-10-08 01:32:53,780 [Listener at 127.0.0.1/33489] INFO  ozone.MiniOzoneClusterImpl (MiniOzoneClusterImpl.java:lambda$waitForClusterToBeReady$0(216)) - Waiting for nodes to be ready. Got 1 of 5 DN Heartbeats.
2022-10-08 01:32:53,784 [Listener at 127.0.0.1/33489] INFO  ozone.MiniOzoneClusterImpl (MiniOzoneClusterImpl.java:lambda$waitForClusterToBeReady$0(219)) - Waiting for cluster to exit safe mode
2022-10-08 01:32:53,784 [Listener at 127.0.0.1/33489] INFO  ozone.MiniOzoneClusterImpl (MiniOzoneClusterImpl.java:lambda$waitForClusterToBeReady$0(221)) - SCM became leader
2022-10-08 01:32:53,800 [Datanode State Machine Daemon Thread] INFO  statemachine.DatanodeStateMachine (DatanodeStateMachine.java:lambda$startDaemon$0(492)) - Ozone container server started.
2022-10-08 01:32:53,816 [org.apache.hadoop.util.JvmPauseMonitor$Monitor@4c8bd87] INFO  util.JvmPauseMonitor (JvmPauseMonitor.java:run(188)) - Starting JVM pause monitor
2022-10-08 01:32:53,840 [Datanode State Machine Task Thread - 0] INFO  datanode.InitDatanodeState (InitDatanodeState.java:persistContainerDatanodeDetails(138)) - DatanodeDetails is persisted to /home/runner/work/ozone/ozone/hadoop-ozone/integration-test/target/test-dir/MiniOzoneClusterImpl-b5c1db78-dac0-44d3-8f11-3a92d2c44f5f/datanode-4/meta/datanode.id
2022-10-08 01:32:54,033 [EndpointStateMachine task thread for /0.0.0.0:40177 - 0 ] INFO  volume.HddsVolume (HddsVolume.java:createDbStore(307)) - SchemaV3 db is created and loaded at /home/runner/work/ozone/ozone/hadoop-ozone/integration-test/target/test-dir/MiniOzoneClusterImpl-b5c1db78-dac0-44d3-8f11-3a92d2c44f5f/datanode-2/data-0/containers/hdds/b5c1db78-dac0-44d3-8f11-3a92d2c44f5f/DS-45d6c7d7-85d0-4fea-82b5-659dbd389f19/container.db for volume DS-45d6c7d7-85d0-4fea-82b5-659dbd389f19
2022-10-08 01:32:54,033 [EndpointStateMachine task thread for /0.0.0.0:40177 - 0 ] INFO  volume.HddsVolume (HddsVolume.java:closeDbStore(338)) - SchemaV3 db is stopped at /home/runner/work/ozone/ozone/hadoop-ozone/integration-test/target/test-dir/MiniOzoneClusterImpl-b5c1db78-dac0-44d3-8f11-3a92d2c44f5f/datanode-2/data-0/containers/hdds/b5c1db78-dac0-44d3-8f11-3a92d2c44f5f/DS-45d6c7d7-85d0-4fea-82b5-659dbd389f19/container.db for volume DS-45d6c7d7-85d0-4fea-82b5-659dbd389f19
2022-10-08 01:32:54,033 [EndpointStateMachine task thread for /0.0.0.0:40177 - 0 ] INFO  ozoneimpl.OzoneContainer (OzoneContainer.java:start(378)) - Attempting to start container services.
2022-10-08 01:32:54,033 [EndpointStateMachine task thread for /0.0.0.0:40177 - 0 ] INFO  ozoneimpl.OzoneContainer (OzoneContainer.java:startContainerScrub(313)) - Background container scanner has been disabled.
2022-10-08 01:32:54,036 [EndpointStateMachine task thread for /0.0.0.0:40177 - 0 ] INFO  replication.ReplicationServer (ReplicationServer.java:start(111)) - ReplicationServer is started using port 41421
2022-10-08 01:32:54,044 [EndpointStateMachine task thread for /0.0.0.0:40177 - 0 ] INFO  ratis.XceiverServerRatis (XceiverServerRatis.java:start(481)) - Starting XceiverServerRatis b26d27ed-ea79-45a9-9638-48175110d4e1
2022-10-08 01:32:54,076 [EndpointStateMachine task thread for /0.0.0.0:40177 - 0 ] INFO  server.RaftServer (RaftServerProxy.java:lambda$start$6(382)) - b26d27ed-ea79-45a9-9638-48175110d4e1: start RPC server
2022-10-08 01:32:54,084 [EndpointStateMachine task thread for /0.0.0.0:40177 - 0 ] INFO  server.GrpcService (GrpcService.java:startImpl(260)) - b26d27ed-ea79-45a9-9638-48175110d4e1: GrpcService started, listening on 45255
2022-10-08 01:32:54,084 [EndpointStateMachine task thread for /0.0.0.0:40177 - 0 ] INFO  ratis.XceiverServerRatis (XceiverServerRatis.java:getRealPort(502)) - XceiverServerRatis b26d27ed-ea79-45a9-9638-48175110d4e1 is started using port 45255 for RATIS
2022-10-08 01:32:54,084 [EndpointStateMachine task thread for /0.0.0.0:40177 - 0 ] INFO  ratis.XceiverServerRatis (XceiverServerRatis.java:getRealPort(502)) - XceiverServerRatis b26d27ed-ea79-45a9-9638-48175110d4e1 is started using port 45255 for RATIS_ADMIN
2022-10-08 01:32:54,084 [EndpointStateMachine task thread for /0.0.0.0:40177 - 0 ] INFO  ratis.XceiverServerRatis (XceiverServerRatis.java:getRealPort(502)) - XceiverServerRatis b26d27ed-ea79-45a9-9638-48175110d4e1 is started using port 45255 for RATIS_SERVER
2022-10-08 01:32:54,102 [EndpointStateMachine task thread for /0.0.0.0:40177 - 0 ] INFO  server.XceiverServerGrpc (XceiverServerGrpc.java:start(180)) - XceiverServerGrpc b26d27ed-ea79-45a9-9638-48175110d4e1 is started using port 37381
2022-10-08 01:32:54,120 [org.apache.ratis.util.JvmPauseMonitor$$Lambda$636/846962177@41f2889c] INFO  util.JvmPauseMonitor (JvmPauseMonitor.java:run(103)) - JvmPauseMonitor-b26d27ed-ea79-45a9-9638-48175110d4e1: Started
2022-10-08 01:32:54,265 [ReplicationMonitor] INFO  replication.ReplicationManager (ReplicationManager.java:processAll(291)) - Replication Manager is not ready to run until 3000ms after safemode exit
2022-10-08 01:32:54,721 [IPC Server handler 1 on default port 40177] INFO  net.NetworkTopologyImpl (NetworkTopologyImpl.java:add(112)) - Added a new node: /default-rack/09c2f2af-7c19-464a-af99-f2c2b94b4067
2022-10-08 01:32:54,721 [IPC Server handler 1 on default port 40177] INFO  node.SCMNodeManager (SCMNodeManager.java:register(397)) - Registered Data node : 09c2f2af-7c19-464a-af99-f2c2b94b4067{ip: 10.1.0.61, host: fv-az180-867.g3pwtgv4ffyuhaixmbmm0kyh3d.gx.internal.cloudapp.net, ports: [REPLICATION=41937, RATIS=44765, RATIS_ADMIN=44765, RATIS_SERVER=44765, STANDALONE=39829], networkLocation: /default-rack, certSerialId: null, persistedOpState: null, persistedOpStateExpiryEpochSec: 0}
2022-10-08 01:32:54,722 [EventQueue-NewNodeForNewNodeHandler] INFO  pipeline.BackgroundPipelineCreator (BackgroundPipelineCreator.java:notifyEventTriggered(276)) - trigger a one-shot run on RatisPipelineUtilsThread.
2022-10-08 01:32:54,752 [EventQueue-NodeRegistrationContainerReportForDataNodeSafeModeRule] INFO  safemode.SCMSafeModeManager (DataNodeSafeModeRule.java:process(71)) - SCM in safe mode. 2 DataNodes registered, 3 required.
2022-10-08 01:32:54,752 [RatisPipelineUtilsThread - 0] INFO  pipeline.RatisPipelineProvider (RatisPipelineProvider.java:lambda$create$0(195)) - Sending CreatePipelineCommand for pipeline:PipelineID=b6740195-ae97-49e8-9c3e-ef029415f1c5 to datanode:09c2f2af-7c19-464a-af99-f2c2b94b4067
2022-10-08 01:32:54,753 [RatisPipelineUtilsThread - 0] INFO  pipeline.PipelineStateManagerImpl (PipelineStateManagerImpl.java:addPipeline(103)) - Created pipeline Pipeline[ Id: b6740195-ae97-49e8-9c3e-ef029415f1c5, Nodes: 09c2f2af-7c19-464a-af99-f2c2b94b4067{ip: 10.1.0.61, host: fv-az180-867.g3pwtgv4ffyuhaixmbmm0kyh3d.gx.internal.cloudapp.net, ports: [REPLICATION=41937, RATIS=44765, RATIS_ADMIN=44765, RATIS_SERVER=44765, STANDALONE=39829], networkLocation: /default-rack, certSerialId: null, persistedOpState: IN_SERVICE, persistedOpStateExpiryEpochSec: 0}, ReplicationConfig: RATIS/ONE, State:ALLOCATED, leaderId:, CreationTimestamp2022-10-08T01:32:54.752Z[Etc/UTC]].
2022-10-08 01:32:54,784 [Listener at 127.0.0.1/33489] INFO  ozone.MiniOzoneClusterImpl (MiniOzoneClusterImpl.java:lambda$waitForClusterToBeReady$0(216)) - Waiting for nodes to be ready. Got 2 of 5 DN Heartbeats.
2022-10-08 01:32:54,785 [Listener at 127.0.0.1/33489] INFO  ozone.MiniOzoneClusterImpl (MiniOzoneClusterImpl.java:lambda$waitForClusterToBeReady$0(219)) - Waiting for cluster to exit safe mode
2022-10-08 01:32:54,785 [Listener at 127.0.0.1/33489] INFO  ozone.MiniOzoneClusterImpl (MiniOzoneClusterImpl.java:lambda$waitForClusterToBeReady$0(221)) - SCM became leader
2022-10-08 01:32:54,972 [EndpointStateMachine task thread for /0.0.0.0:40177 - 0 ] INFO  volume.HddsVolume (HddsVolume.java:createDbStore(307)) - SchemaV3 db is created and loaded at /home/runner/work/ozone/ozone/hadoop-ozone/integration-test/target/test-dir/MiniOzoneClusterImpl-b5c1db78-dac0-44d3-8f11-3a92d2c44f5f/datanode-3/data-0/containers/hdds/b5c1db78-dac0-44d3-8f11-3a92d2c44f5f/DS-6e8a9eea-e5b9-4d3b-9d45-b4a3cc67e630/container.db for volume DS-6e8a9eea-e5b9-4d3b-9d45-b4a3cc67e630
2022-10-08 01:32:54,973 [EndpointStateMachine task thread for /0.0.0.0:40177 - 0 ] INFO  volume.HddsVolume (HddsVolume.java:closeDbStore(338)) - SchemaV3 db is stopped at /home/runner/work/ozone/ozone/hadoop-ozone/integration-test/target/test-dir/MiniOzoneClusterImpl-b5c1db78-dac0-44d3-8f11-3a92d2c44f5f/datanode-3/data-0/containers/hdds/b5c1db78-dac0-44d3-8f11-3a92d2c44f5f/DS-6e8a9eea-e5b9-4d3b-9d45-b4a3cc67e630/container.db for volume DS-6e8a9eea-e5b9-4d3b-9d45-b4a3cc67e630
2022-10-08 01:32:54,973 [EndpointStateMachine task thread for /0.0.0.0:40177 - 0 ] INFO  ozoneimpl.OzoneContainer (OzoneContainer.java:start(378)) - Attempting to start container services.
2022-10-08 01:32:54,973 [EndpointStateMachine task thread for /0.0.0.0:40177 - 0 ] INFO  ozoneimpl.OzoneContainer (OzoneContainer.java:startContainerScrub(313)) - Background container scanner has been disabled.
2022-10-08 01:32:54,977 [EndpointStateMachine task thread for /0.0.0.0:40177 - 0 ] INFO  replication.ReplicationServer (ReplicationServer.java:start(111)) - ReplicationServer is started using port 42867
2022-10-08 01:32:54,977 [EndpointStateMachine task thread for /0.0.0.0:40177 - 0 ] INFO  ratis.XceiverServerRatis (XceiverServerRatis.java:start(481)) - Starting XceiverServerRatis 12a173ea-bcad-49ed-951b-4ff1546d98a9
2022-10-08 01:32:54,978 [EndpointStateMachine task thread for /0.0.0.0:40177 - 0 ] INFO  server.RaftServer (RaftServerProxy.java:lambda$start$6(382)) - 12a173ea-bcad-49ed-951b-4ff1546d98a9: start RPC server
2022-10-08 01:32:54,984 [EndpointStateMachine task thread for /0.0.0.0:40177 - 0 ] INFO  server.GrpcService (GrpcService.java:startImpl(260)) - 12a173ea-bcad-49ed-951b-4ff1546d98a9: GrpcService started, listening on 41669
2022-10-08 01:32:54,984 [EndpointStateMachine task thread for /0.0.0.0:40177 - 0 ] INFO  ratis.XceiverServerRatis (XceiverServerRatis.java:getRealPort(502)) - XceiverServerRatis 12a173ea-bcad-49ed-951b-4ff1546d98a9 is started using port 41669 for RATIS
2022-10-08 01:32:54,984 [EndpointStateMachine task thread for /0.0.0.0:40177 - 0 ] INFO  ratis.XceiverServerRatis (XceiverServerRatis.java:getRealPort(502)) - XceiverServerRatis 12a173ea-bcad-49ed-951b-4ff1546d98a9 is started using port 41669 for RATIS_ADMIN
2022-10-08 01:32:54,984 [EndpointStateMachine task thread for /0.0.0.0:40177 - 0 ] INFO  ratis.XceiverServerRatis (XceiverServerRatis.java:getRealPort(502)) - XceiverServerRatis 12a173ea-bcad-49ed-951b-4ff1546d98a9 is started using port 41669 for RATIS_SERVER
2022-10-08 01:32:54,984 [org.apache.ratis.util.JvmPauseMonitor$$Lambda$636/846962177@763db3b4] INFO  util.JvmPauseMonitor (JvmPauseMonitor.java:run(103)) - JvmPauseMonitor-12a173ea-bcad-49ed-951b-4ff1546d98a9: Started
2022-10-08 01:32:55,021 [EndpointStateMachine task thread for /0.0.0.0:40177 - 0 ] INFO  server.XceiverServerGrpc (XceiverServerGrpc.java:start(180)) - XceiverServerGrpc 12a173ea-bcad-49ed-951b-4ff1546d98a9 is started using port 39883
2022-10-08 01:32:55,265 [ReplicationMonitor] INFO  replication.ReplicationManager (ReplicationManager.java:processAll(291)) - Replication Manager is not ready to run until 3000ms after safemode exit
2022-10-08 01:32:55,785 [Listener at 127.0.0.1/33489] INFO  ozone.MiniOzoneClusterImpl (MiniOzoneClusterImpl.java:lambda$waitForClusterToBeReady$0(216)) - Waiting for nodes to be ready. Got 2 of 5 DN Heartbeats.
2022-10-08 01:32:55,785 [Listener at 127.0.0.1/33489] INFO  ozone.MiniOzoneClusterImpl (MiniOzoneClusterImpl.java:lambda$waitForClusterToBeReady$0(219)) - Waiting for cluster to exit safe mode
2022-10-08 01:32:55,785 [Listener at 127.0.0.1/33489] INFO  ozone.MiniOzoneClusterImpl (MiniOzoneClusterImpl.java:lambda$waitForClusterToBeReady$0(221)) - SCM became leader
2022-10-08 01:32:55,840 [IPC Server handler 3 on default port 40177] INFO  net.NetworkTopologyImpl (NetworkTopologyImpl.java:add(112)) - Added a new node: /default-rack/b26d27ed-ea79-45a9-9638-48175110d4e1
2022-10-08 01:32:55,840 [IPC Server handler 3 on default port 40177] INFO  node.SCMNodeManager (SCMNodeManager.java:register(397)) - Registered Data node : b26d27ed-ea79-45a9-9638-48175110d4e1{ip: 10.1.0.61, host: fv-az180-867.g3pwtgv4ffyuhaixmbmm0kyh3d.gx.internal.cloudapp.net, ports: [REPLICATION=41421, RATIS=45255, RATIS_ADMIN=45255, RATIS_SERVER=45255, STANDALONE=37381], networkLocation: /default-rack, certSerialId: null, persistedOpState: null, persistedOpStateExpiryEpochSec: 0}
2022-10-08 01:32:55,841 [EventQueue-NewNodeForNewNodeHandler] INFO  pipeline.BackgroundPipelineCreator (BackgroundPipelineCreator.java:notifyEventTriggered(276)) - trigger a one-shot run on RatisPipelineUtilsThread.
2022-10-08 01:32:55,841 [RatisPipelineUtilsThread - 0] INFO  pipeline.RatisPipelineProvider (RatisPipelineProvider.java:lambda$create$0(195)) - Sending CreatePipelineCommand for pipeline:PipelineID=8a416377-8ad8-45ca-8bb1-1174a5acaa97 to datanode:b26d27ed-ea79-45a9-9638-48175110d4e1
2022-10-08 01:32:55,841 [EventQueue-NodeRegistrationContainerReportForDataNodeSafeModeRule] INFO  safemode.SCMSafeModeManager (DataNodeSafeModeRule.java:process(71)) - SCM in safe mode. 3 DataNodes registered, 3 required.
2022-10-08 01:32:55,841 [EventQueue-NodeRegistrationContainerReportForDataNodeSafeModeRule] INFO  safemode.SCMSafeModeManager (SCMSafeModeManager.java:validateSafeModeExitRules(204)) - DataNodeSafeModeRule rule is successfully validated
2022-10-08 01:32:55,841 [EventQueue-NodeRegistrationContainerReportForDataNodeSafeModeRule] INFO  safemode.SCMSafeModeManager (SCMSafeModeManager.java:completePreCheck(233)) - All SCM safe mode pre check rules have passed
2022-10-08 01:32:55,841 [EventQueue-NodeRegistrationContainerReportForDataNodeSafeModeRule] WARN  events.EventQueue (EventQueue.java:fireEvent(216)) - No event handler registered for event TypedEvent{payloadType=SafeModeStatus, name='Safe mode status'}
2022-10-08 01:32:55,841 [EventQueue-NodeRegistrationContainerReportForDataNodeSafeModeRule] INFO  ha.SCMContext (SCMContext.java:updateSafeModeStatus(228)) - Update SafeModeStatus from SafeModeStatus{safeModeStatus=true, preCheckPassed=false} to SafeModeStatus{safeModeStatus=true, preCheckPassed=true}.
2022-10-08 01:32:55,841 [EventQueue-NodeRegistrationContainerReportForDataNodeSafeModeRule] INFO  pipeline.BackgroundPipelineCreator (BackgroundPipelineCreator.java:notifyEventTriggered(276)) - trigger a one-shot run on RatisPipelineUtilsThread.
2022-10-08 01:32:55,841 [RatisPipelineUtilsThread - 0] INFO  pipeline.PipelineStateManagerImpl (PipelineStateManagerImpl.java:addPipeline(103)) - Created pipeline Pipeline[ Id: 8a416377-8ad8-45ca-8bb1-1174a5acaa97, Nodes: b26d27ed-ea79-45a9-9638-48175110d4e1{ip: 10.1.0.61, host: fv-az180-867.g3pwtgv4ffyuhaixmbmm0kyh3d.gx.internal.cloudapp.net, ports: [REPLICATION=41421, RATIS=45255, RATIS_ADMIN=45255, RATIS_SERVER=45255, STANDALONE=37381], networkLocation: /default-rack, certSerialId: null, persistedOpState: IN_SERVICE, persistedOpStateExpiryEpochSec: 0}, ReplicationConfig: RATIS/ONE, State:ALLOCATED, leaderId:, CreationTimestamp2022-10-08T01:32:55.841Z[Etc/UTC]].
2022-10-08 01:32:55,842 [RatisPipelineUtilsThread - 0] INFO  pipeline.RatisPipelineProvider (RatisPipelineProvider.java:lambda$create$0(195)) - Sending CreatePipelineCommand for pipeline:PipelineID=825a0b31-876f-4a77-8beb-7c6daf28c01a to datanode:3f11faf3-83ff-4556-ba87-0c2050513ec2
2022-10-08 01:32:55,842 [RatisPipelineUtilsThread - 0] INFO  pipeline.RatisPipelineProvider (RatisPipelineProvider.java:lambda$create$0(195)) - Sending CreatePipelineCommand for pipeline:PipelineID=825a0b31-876f-4a77-8beb-7c6daf28c01a to datanode:09c2f2af-7c19-464a-af99-f2c2b94b4067
2022-10-08 01:32:55,842 [RatisPipelineUtilsThread - 0] INFO  pipeline.RatisPipelineProvider (RatisPipelineProvider.java:lambda$create$0(195)) - Sending CreatePipelineCommand for pipeline:PipelineID=825a0b31-876f-4a77-8beb-7c6daf28c01a to datanode:b26d27ed-ea79-45a9-9638-48175110d4e1
2022-10-08 01:32:55,842 [RatisPipelineUtilsThread - 0] INFO  pipeline.PipelineStateManagerImpl (PipelineStateManagerImpl.java:addPipeline(103)) - Created pipeline Pipeline[ Id: 825a0b31-876f-4a77-8beb-7c6daf28c01a, Nodes: 3f11faf3-83ff-4556-ba87-0c2050513ec2{ip: 10.1.0.61, host: fv-az180-867.g3pwtgv4ffyuhaixmbmm0kyh3d.gx.internal.cloudapp.net, ports: [REPLICATION=36993, RATIS=39303, RATIS_ADMIN=39303, RATIS_SERVER=39303, STANDALONE=38577], networkLocation: /default-rack, certSerialId: null, persistedOpState: IN_SERVICE, persistedOpStateExpiryEpochSec: 0}09c2f2af-7c19-464a-af99-f2c2b94b4067{ip: 10.1.0.61, host: fv-az180-867.g3pwtgv4ffyuhaixmbmm0kyh3d.gx.internal.cloudapp.net, ports: [REPLICATION=41937, RATIS=44765, RATIS_ADMIN=44765, RATIS_SERVER=44765, STANDALONE=39829], networkLocation: /default-rack, certSerialId: null, persistedOpState: IN_SERVICE, persistedOpStateExpiryEpochSec: 0}b26d27ed-ea79-45a9-9638-48175110d4e1{ip: 10.1.0.61, host: fv-az180-867.g3pwtgv4ffyuhaixmbmm0kyh3d.gx.internal.cloudapp.net, ports: [REPLICATION=41421, RATIS=45255, RATIS_ADMIN=45255, RATIS_SERVER=45255, STANDALONE=37381], networkLocation: /default-rack, certSerialId: null, persistedOpState: IN_SERVICE, persistedOpStateExpiryEpochSec: 0}, ReplicationConfig: RATIS/THREE, State:ALLOCATED, leaderId:, CreationTimestamp2022-10-08T01:32:55.842Z[Etc/UTC]].
2022-10-08 01:32:56,019 [EndpointStateMachine task thread for /0.0.0.0:40177 - 0 ] INFO  volume.HddsVolume (HddsVolume.java:createDbStore(307)) - SchemaV3 db is created and loaded at /home/runner/work/ozone/ozone/hadoop-ozone/integration-test/target/test-dir/MiniOzoneClusterImpl-b5c1db78-dac0-44d3-8f11-3a92d2c44f5f/datanode-4/data-0/containers/hdds/b5c1db78-dac0-44d3-8f11-3a92d2c44f5f/DS-e9f0d94a-1422-49e6-8fd4-874e762592f0/container.db for volume DS-e9f0d94a-1422-49e6-8fd4-874e762592f0
2022-10-08 01:32:56,019 [EndpointStateMachine task thread for /0.0.0.0:40177 - 0 ] INFO  volume.HddsVolume (HddsVolume.java:closeDbStore(338)) - SchemaV3 db is stopped at /home/runner/work/ozone/ozone/hadoop-ozone/integration-test/target/test-dir/MiniOzoneClusterImpl-b5c1db78-dac0-44d3-8f11-3a92d2c44f5f/datanode-4/data-0/containers/hdds/b5c1db78-dac0-44d3-8f11-3a92d2c44f5f/DS-e9f0d94a-1422-49e6-8fd4-874e762592f0/container.db for volume DS-e9f0d94a-1422-49e6-8fd4-874e762592f0
2022-10-08 01:32:56,019 [EndpointStateMachine task thread for /0.0.0.0:40177 - 0 ] INFO  ozoneimpl.OzoneContainer (OzoneContainer.java:start(378)) - Attempting to start container services.
2022-10-08 01:32:56,019 [EndpointStateMachine task thread for /0.0.0.0:40177 - 0 ] INFO  ozoneimpl.OzoneContainer (OzoneContainer.java:startContainerScrub(313)) - Background container scanner has been disabled.
2022-10-08 01:32:56,040 [EndpointStateMachine task thread for /0.0.0.0:40177 - 0 ] INFO  replication.ReplicationServer (ReplicationServer.java:start(111)) - ReplicationServer is started using port 44871
2022-10-08 01:32:56,041 [EndpointStateMachine task thread for /0.0.0.0:40177 - 0 ] INFO  ratis.XceiverServerRatis (XceiverServerRatis.java:start(481)) - Starting XceiverServerRatis 12424a6c-52f6-4db6-8b56-b88c559f85ca
2022-10-08 01:32:56,044 [EndpointStateMachine task thread for /0.0.0.0:40177 - 0 ] INFO  server.RaftServer (RaftServerProxy.java:lambda$start$6(382)) - 12424a6c-52f6-4db6-8b56-b88c559f85ca: start RPC server
2022-10-08 01:32:56,058 [EndpointStateMachine task thread for /0.0.0.0:40177 - 0 ] INFO  server.GrpcService (GrpcService.java:startImpl(260)) - 12424a6c-52f6-4db6-8b56-b88c559f85ca: GrpcService started, listening on 43799
2022-10-08 01:32:56,058 [EndpointStateMachine task thread for /0.0.0.0:40177 - 0 ] INFO  ratis.XceiverServerRatis (XceiverServerRatis.java:getRealPort(502)) - XceiverServerRatis 12424a6c-52f6-4db6-8b56-b88c559f85ca is started using port 43799 for RATIS
2022-10-08 01:32:56,058 [EndpointStateMachine task thread for /0.0.0.0:40177 - 0 ] INFO  ratis.XceiverServerRatis (XceiverServerRatis.java:getRealPort(502)) - XceiverServerRatis 12424a6c-52f6-4db6-8b56-b88c559f85ca is started using port 43799 for RATIS_ADMIN
2022-10-08 01:32:56,058 [EndpointStateMachine task thread for /0.0.0.0:40177 - 0 ] INFO  ratis.XceiverServerRatis (XceiverServerRatis.java:getRealPort(502)) - XceiverServerRatis 12424a6c-52f6-4db6-8b56-b88c559f85ca is started using port 43799 for RATIS_SERVER
2022-10-08 01:32:56,058 [org.apache.ratis.util.JvmPauseMonitor$$Lambda$636/846962177@75417b53] INFO  util.JvmPauseMonitor (JvmPauseMonitor.java:run(103)) - JvmPauseMonitor-12424a6c-52f6-4db6-8b56-b88c559f85ca: Started
2022-10-08 01:32:56,092 [EndpointStateMachine task thread for /0.0.0.0:40177 - 0 ] INFO  server.XceiverServerGrpc (XceiverServerGrpc.java:start(180)) - XceiverServerGrpc 12424a6c-52f6-4db6-8b56-b88c559f85ca is started using port 38589
2022-10-08 01:32:56,265 [ReplicationMonitor] INFO  replication.ReplicationManager (ReplicationManager.java:processAll(291)) - Replication Manager is not ready to run until 3000ms after safemode exit
2022-10-08 01:32:56,643 [Command processor thread] INFO  server.RaftServer (RaftServerProxy.java:addNew(96)) - 3f11faf3-83ff-4556-ba87-0c2050513ec2: addNew group-62A6E5CCEE79:[3f11faf3-83ff-4556-ba87-0c2050513ec2|rpc:10.1.0.61:39303|priority:1] returns group-62A6E5CCEE79:java.util.concurrent.CompletableFuture@2ae1b314[Not completed]
2022-10-08 01:32:56,645 [pool-468-thread-1] INFO  server.RaftServer$Division (RaftServerImpl.java:<init>(190)) - 3f11faf3-83ff-4556-ba87-0c2050513ec2: new RaftServerImpl for group-62A6E5CCEE79:[3f11faf3-83ff-4556-ba87-0c2050513ec2|rpc:10.1.0.61:39303|priority:1] with ContainerStateMachine:uninitialized
2022-10-08 01:32:56,645 [pool-468-thread-1] INFO  server.RaftServerConfigKeys (ConfUtils.java:logGet(46)) - raft.server.rpc.timeout.min = 5s (custom)
2022-10-08 01:32:56,645 [pool-468-thread-1] INFO  server.RaftServerConfigKeys (ConfUtils.java:logGet(46)) - raft.server.rpc.timeout.max = 5200ms (custom)
2022-10-08 01:32:56,645 [pool-468-thread-1] INFO  server.RaftServerConfigKeys (ConfUtils.java:logGet(46)) - raft.server.rpc.sleep.time = 25ms (default)
2022-10-08 01:32:56,645 [pool-468-thread-1] INFO  server.RaftServerConfigKeys (ConfUtils.java:logGet(46)) - raft.server.rpc.slowness.timeout = 300s (custom)
2022-10-08 01:32:56,645 [pool-468-thread-1] INFO  server.RaftServerConfigKeys (ConfUtils.java:logGet(46)) - raft.server.leaderelection.leader.step-down.wait-time = 10s (default)
2022-10-08 01:32:56,645 [pool-468-thread-1] INFO  server.RaftServerConfigKeys (ConfUtils.java:logGet(46)) - raft.server.sleep.deviation.threshold = 300ms (default)
2022-10-08 01:32:56,645 [pool-468-thread-1] INFO  server.RaftServer$Division (ServerState.java:<init>(107)) - 3f11faf3-83ff-4556-ba87-0c2050513ec2@group-62A6E5CCEE79: ConfigurationManager, init=-1: [3f11faf3-83ff-4556-ba87-0c2050513ec2|rpc:10.1.0.61:39303|priority:1], old=null, confs=<EMPTY_MAP>
2022-10-08 01:32:56,645 [pool-468-thread-1] INFO  server.RaftServerConfigKeys (ConfUtils.java:logGet(46)) - raft.server.storage.dir = [/home/runner/work/ozone/ozone/hadoop-ozone/integration-test/target/test-dir/MiniOzoneClusterImpl-b5c1db78-dac0-44d3-8f11-3a92d2c44f5f/datanode-0/data/ratis] (custom)
2022-10-08 01:32:56,645 [pool-468-thread-1] INFO  server.RaftServerConfigKeys (ConfUtils.java:logGet(46)) - raft.server.log.corruption.policy = EXCEPTION (default)
2022-10-08 01:32:56,645 [pool-468-thread-1] INFO  server.RaftServerConfigKeys (ConfUtils.java:logGet(46)) - raft.server.storage.free-space.min = 0MB (=0) (default)
2022-10-08 01:32:56,645 [pool-468-thread-1] INFO  storage.RaftStorageDirectory (RaftStorageDirectoryImpl.java:analyzeStorage(135)) - The storage directory /home/runner/work/ozone/ozone/hadoop-ozone/integration-test/target/test-dir/MiniOzoneClusterImpl-b5c1db78-dac0-44d3-8f11-3a92d2c44f5f/datanode-0/data/ratis/a68a6eeb-098d-4386-a984-62a6e5ccee79 does not exist. Creating ...
2022-10-08 01:32:56,671 [pool-468-thread-1] INFO  storage.RaftStorageDirectory (RaftStorageDirectoryImpl.java:tryLock(230)) - Lock on /home/runner/work/ozone/ozone/hadoop-ozone/integration-test/target/test-dir/MiniOzoneClusterImpl-b5c1db78-dac0-44d3-8f11-3a92d2c44f5f/datanode-0/data/ratis/a68a6eeb-098d-4386-a984-62a6e5ccee79/in_use.lock acquired by nodename 52807@fv-az180-867
2022-10-08 01:32:56,679 [pool-468-thread-1] INFO  storage.RaftStorage (RaftStorageImpl.java:format(89)) - Storage directory /home/runner/work/ozone/ozone/hadoop-ozone/integration-test/target/test-dir/MiniOzoneClusterImpl-b5c1db78-dac0-44d3-8f11-3a92d2c44f5f/datanode-0/data/ratis/a68a6eeb-098d-4386-a984-62a6e5ccee79 has been successfully formatted.
2022-10-08 01:32:56,680 [pool-468-thread-1] INFO  ratis.ContainerStateMachine (ContainerStateMachine.java:loadSnapshot(236)) - group-62A6E5CCEE79: The snapshot info is null. Setting the last applied indexto:(t:0, i:~)
2022-10-08 01:32:56,680 [pool-468-thread-1] INFO  server.RaftServerConfigKeys (ConfUtils.java:logGet(46)) - raft.server.notification.no-leader.timeout = 300s (custom)
2022-10-08 01:32:56,680 [pool-468-thread-1] INFO  server.RaftServerConfigKeys (ConfUtils.java:logGet(46)) - raft.server.log.use.memory = false (default)
2022-10-08 01:32:56,680 [pool-468-thread-1] INFO  server.RaftServerConfigKeys (ConfUtils.java:logGet(46)) - raft.server.log.purge.gap = 1000000 (custom)
2022-10-08 01:32:56,680 [pool-468-thread-1] INFO  server.RaftServerConfigKeys (ConfUtils.java:logGet(46)) - raft.server.log.appender.buffer.byte-limit = 33554432 (custom)
2022-10-08 01:32:56,680 [pool-468-thread-1] INFO  server.RaftServerConfigKeys (ConfUtils.java:logGet(46)) - raft.server.log.statemachine.data.read.timeout = 1000ms (default)
2022-10-08 01:32:56,680 [pool-468-thread-1] INFO  server.RaftServerConfigKeys (ConfUtils.java:logGet(46)) - raft.server.log.segment.size.max = 1048576 (custom)
2022-10-08 01:32:56,682 [EventQueue-PipelineReportForPipelineReportHandler] INFO  pipeline.PipelineManagerImpl (PipelineManagerImpl.java:openPipeline(367)) - Pipeline Pipeline[ Id: a68a6eeb-098d-4386-a984-62a6e5ccee79, Nodes: 3f11faf3-83ff-4556-ba87-0c2050513ec2{ip: 10.1.0.61, host: fv-az180-867.g3pwtgv4ffyuhaixmbmm0kyh3d.gx.internal.cloudapp.net, ports: [REPLICATION=36993, RATIS=39303, RATIS_ADMIN=39303, RATIS_SERVER=39303, STANDALONE=38577], networkLocation: /default-rack, certSerialId: null, persistedOpState: IN_SERVICE, persistedOpStateExpiryEpochSec: 0}, ReplicationConfig: RATIS/ONE, State:ALLOCATED, leaderId:3f11faf3-83ff-4556-ba87-0c2050513ec2, CreationTimestamp2022-10-08T01:32:53.681Z[Etc/UTC]] moved to OPEN state
2022-10-08 01:32:56,683 [pool-468-thread-1] INFO  server.RaftServerConfigKeys (ConfUtils.java:logGet(46)) - raft.server.log.segment.cache.num.max = 2 (custom)
2022-10-08 01:32:56,683 [pool-468-thread-1] INFO  server.RaftServerConfigKeys (ConfUtils.java:logGet(46)) - raft.server.log.segment.cache.size.max = 200MB (=209715200) (default)
2022-10-08 01:32:56,683 [pool-468-thread-1] INFO  segmented.SegmentedRaftLogWorker (SegmentedRaftLogWorker.java:<init>(187)) - new 3f11faf3-83ff-4556-ba87-0c2050513ec2@group-62A6E5CCEE79-SegmentedRaftLogWorker for RaftStorageImpl:Storage Directory /home/runner/work/ozone/ozone/hadoop-ozone/integration-test/target/test-dir/MiniOzoneClusterImpl-b5c1db78-dac0-44d3-8f11-3a92d2c44f5f/datanode-0/data/ratis/a68a6eeb-098d-4386-a984-62a6e5ccee79
2022-10-08 01:32:56,683 [pool-468-thread-1] INFO  server.RaftServerConfigKeys (ConfUtils.java:logGet(46)) - raft.server.log.queue.byte-limit = 4294967296 (custom)
2022-10-08 01:32:56,683 [pool-468-thread-1] INFO  server.RaftServerConfigKeys (ConfUtils.java:logGet(46)) - raft.server.log.queue.element-limit = 1024 (custom)
2022-10-08 01:32:56,683 [pool-468-thread-1] INFO  server.RaftServerConfigKeys (ConfUtils.java:logGet(46)) - raft.server.log.segment.size.max = 1048576 (custom)
2022-10-08 01:32:56,683 [pool-468-thread-1] INFO  server.RaftServerConfigKeys (ConfUtils.java:logGet(46)) - raft.server.log.preallocated.size = 16384 (custom)
2022-10-08 01:32:56,683 [pool-468-thread-1] INFO  server.RaftServerConfigKeys (ConfUtils.java:logGet(46)) - raft.server.log.force.sync.num = 128 (default)
2022-10-08 01:32:56,683 [pool-468-thread-1] INFO  server.RaftServerConfigKeys (ConfUtils.java:logGet(46)) - raft.server.log.statemachine.data.sync = true (default)
2022-10-08 01:32:56,683 [pool-468-thread-1] INFO  server.RaftServerConfigKeys (ConfUtils.java:logGet(46)) - raft.server.log.statemachine.data.sync.timeout = 10s (default)
2022-10-08 01:32:56,683 [pool-468-thread-1] INFO  server.RaftServerConfigKeys (ConfUtils.java:logGet(46)) - raft.server.log.statemachine.data.sync.timeout.retry = -1 (default)
2022-10-08 01:32:56,694 [EventQueue-OpenPipelineForHealthyPipelineSafeModeRule] INFO  safemode.SCMSafeModeManager (HealthyPipelineSafeModeRule.java:process(137)) - SCM in safe mode. Healthy pipelines reported count is 0, required healthy pipeline reported count is 1
2022-10-08 01:32:56,712 [pool-468-thread-1] INFO  server.RaftServerConfigKeys (ConfUtils.java:logGet(46)) - raft.server.log.write.buffer.size = 1048576 (custom)
2022-10-08 01:32:56,713 [pool-468-thread-1] INFO  server.RaftServerConfigKeys (ConfUtils.java:logGet(46)) - raft.server.log.unsafe-flush.enabled = false (default)
2022-10-08 01:32:56,713 [pool-468-thread-1] INFO  server.RaftServerConfigKeys (ConfUtils.java:logGet(46)) - raft.server.log.statemachine.data.caching.enabled = true (custom)
2022-10-08 01:32:56,713 [pool-468-thread-1] INFO  segmented.SegmentedRaftLogWorker (SegmentedRaftLogWorker.java:lambda$new$0(135)) - 3f11faf3-83ff-4556-ba87-0c2050513ec2@group-62A6E5CCEE79-SegmentedRaftLogWorker: flushIndex: setUnconditionally 0 -> -1
2022-10-08 01:32:56,713 [pool-468-thread-1] INFO  segmented.SegmentedRaftLogWorker (SegmentedRaftLogWorker.java:lambda$new$0(135)) - 3f11faf3-83ff-4556-ba87-0c2050513ec2@group-62A6E5CCEE79-SegmentedRaftLogWorker: safeCacheEvictIndex: setUnconditionally 0 -> -1
2022-10-08 01:32:56,720 [pool-468-thread-1] INFO  server.RaftServerConfigKeys (ConfUtils.java:logGet(46)) - raft.server.snapshot.auto.trigger.enabled = true (custom)
2022-10-08 01:32:56,721 [pool-468-thread-1] INFO  server.RaftServerConfigKeys (ConfUtils.java:logGet(46)) - raft.server.snapshot.auto.trigger.threshold = 10000 (custom)
2022-10-08 01:32:56,721 [pool-468-thread-1] INFO  server.RaftServerConfigKeys (ConfUtils.java:logGet(46)) - raft.server.snapshot.retention.file.num = 5 (custom)
2022-10-08 01:32:56,721 [pool-468-thread-1] INFO  server.RaftServerConfigKeys (ConfUtils.java:logGet(46)) - raft.server.log.purge.upto.snapshot.index = false (default)
2022-10-08 01:32:56,721 [pool-468-thread-1] INFO  server.RaftServerConfigKeys (ConfUtils.java:logGet(46)) - raft.server.retrycache.expirytime = 600000ms (custom)
2022-10-08 01:32:56,721 [pool-468-thread-1] INFO  server.RaftServerConfigKeys (ConfUtils.java:logGet(46)) - raft.server.retrycache.statistics.expirytime = 100μs (default)
2022-10-08 01:32:56,722 [pool-468-thread-1] INFO  server.RaftServerConfigKeys (ConfUtils.java:logGet(46)) - raft.server.log.appender.install.snapshot.enabled = false (custom)
2022-10-08 01:32:56,722 [pool-468-thread-1] INFO  server.RaftServerConfigKeys (ConfUtils.java:logGet(46)) - raft.server.threadpool.server.cached = true (default)
2022-10-08 01:32:56,722 [pool-468-thread-1] INFO  server.RaftServerConfigKeys (ConfUtils.java:logGet(46)) - raft.server.threadpool.server.size = 0 (default)
2022-10-08 01:32:56,722 [pool-468-thread-1] INFO  server.RaftServerConfigKeys (ConfUtils.java:logGet(46)) - raft.server.threadpool.client.cached = true (default)
2022-10-08 01:32:56,722 [pool-468-thread-1] INFO  server.RaftServerConfigKeys (ConfUtils.java:logGet(46)) - raft.server.threadpool.client.size = 0 (default)
2022-10-08 01:32:56,723 [pool-468-thread-1] INFO  server.RaftServer$Division (RaftServerImpl.java:start(310)) - 3f11faf3-83ff-4556-ba87-0c2050513ec2@group-62A6E5CCEE79: start as a follower, conf=-1: [3f11faf3-83ff-4556-ba87-0c2050513ec2|rpc:10.1.0.61:39303|priority:1], old=null
2022-10-08 01:32:56,723 [pool-468-thread-1] INFO  server.RaftServer$Division (RaftServerImpl.java:setRole(299)) - 3f11faf3-83ff-4556-ba87-0c2050513ec2@group-62A6E5CCEE79: changes role from      null to FOLLOWER at term 0 for startAsFollower
2022-10-08 01:32:56,723 [pool-468-thread-1] INFO  impl.RoleInfo (RoleInfo.java:updateAndGet(139)) - 3f11faf3-83ff-4556-ba87-0c2050513ec2: start 3f11faf3-83ff-4556-ba87-0c2050513ec2@group-62A6E5CCEE79-FollowerState
2022-10-08 01:32:56,744 [pool-468-thread-1] INFO  util.JmxRegister (JmxRegister.java:tryRegister(44)) - Successfully registered JMX Bean with object name Ratis:service=RaftServer,group=group-62A6E5CCEE79,id=3f11faf3-83ff-4556-ba87-0c2050513ec2
2022-10-08 01:32:56,752 [Command processor thread] INFO  ratis.XceiverServerRatis (XceiverServerRatis.java:addGroup(765)) - Created group PipelineID=a68a6eeb-098d-4386-a984-62a6e5ccee79
2022-10-08 01:32:56,752 [Command processor thread] INFO  commandhandler.CreatePipelineCommandHandler (CreatePipelineCommandHandler.java:handle(113)) - Created Pipeline RATIS ONE PipelineID=a68a6eeb-098d-4386-a984-62a6e5ccee79.
2022-10-08 01:32:56,752 [Command processor thread] INFO  server.RaftServer (RaftServerProxy.java:addNew(96)) - 3f11faf3-83ff-4556-ba87-0c2050513ec2: addNew group-7C6DAF28C01A:[b26d27ed-ea79-45a9-9638-48175110d4e1|rpc:10.1.0.61:45255|priority:0, 3f11faf3-83ff-4556-ba87-0c2050513ec2|rpc:10.1.0.61:39303|priority:0, 09c2f2af-7c19-464a-af99-f2c2b94b4067|rpc:10.1.0.61:44765|priority:1] returns group-7C6DAF28C01A:java.util.concurrent.CompletableFuture@2ede2290[Not completed]
2022-10-08 01:32:56,753 [pool-468-thread-1] INFO  server.RaftServer$Division (RaftServerImpl.java:<init>(190)) - 3f11faf3-83ff-4556-ba87-0c2050513ec2: new RaftServerImpl for group-7C6DAF28C01A:[b26d27ed-ea79-45a9-9638-48175110d4e1|rpc:10.1.0.61:45255|priority:0, 3f11faf3-83ff-4556-ba87-0c2050513ec2|rpc:10.1.0.61:39303|priority:0, 09c2f2af-7c19-464a-af99-f2c2b94b4067|rpc:10.1.0.61:44765|priority:1] with ContainerStateMachine:uninitialized
2022-10-08 01:32:56,753 [pool-468-thread-1] INFO  server.RaftServerConfigKeys (ConfUtils.java:logGet(46)) - raft.server.rpc.timeout.min = 5s (custom)
2022-10-08 01:32:56,753 [pool-468-thread-1] INFO  server.RaftServerConfigKeys (ConfUtils.java:logGet(46)) - raft.server.rpc.timeout.max = 5200ms (custom)
2022-10-08 01:32:56,753 [pool-468-thread-1] INFO  server.RaftServerConfigKeys (ConfUtils.java:logGet(46)) - raft.server.rpc.sleep.time = 25ms (default)
2022-10-08 01:32:56,753 [pool-468-thread-1] INFO  server.RaftServerConfigKeys (ConfUtils.java:logGet(46)) - raft.server.rpc.slowness.timeout = 300s (custom)
2022-10-08 01:32:56,753 [pool-468-thread-1] INFO  server.RaftServerConfigKeys (ConfUtils.java:logGet(46)) - raft.server.leaderelection.leader.step-down.wait-time = 10s (default)
2022-10-08 01:32:56,753 [pool-468-thread-1] INFO  server.RaftServerConfigKeys (ConfUtils.java:logGet(46)) - raft.server.sleep.deviation.threshold = 300ms (default)
2022-10-08 01:32:56,753 [pool-468-thread-1] INFO  server.RaftServer$Division (ServerState.java:<init>(107)) - 3f11faf3-83ff-4556-ba87-0c2050513ec2@group-7C6DAF28C01A: ConfigurationManager, init=-1: [b26d27ed-ea79-45a9-9638-48175110d4e1|rpc:10.1.0.61:45255|priority:0, 3f11faf3-83ff-4556-ba87-0c2050513ec2|rpc:10.1.0.61:39303|priority:0, 09c2f2af-7c19-464a-af99-f2c2b94b4067|rpc:10.1.0.61:44765|priority:1], old=null, confs=<EMPTY_MAP>
2022-10-08 01:32:56,753 [pool-468-thread-1] INFO  server.RaftServerConfigKeys (ConfUtils.java:logGet(46)) - raft.server.storage.dir = [/home/runner/work/ozone/ozone/hadoop-ozone/integration-test/target/test-dir/MiniOzoneClusterImpl-b5c1db78-dac0-44d3-8f11-3a92d2c44f5f/datanode-0/data/ratis] (custom)
2022-10-08 01:32:56,754 [pool-468-thread-1] INFO  server.RaftServerConfigKeys (ConfUtils.java:logGet(46)) - raft.server.log.corruption.policy = EXCEPTION (default)
2022-10-08 01:32:56,754 [pool-468-thread-1] INFO  server.RaftServerConfigKeys (ConfUtils.java:logGet(46)) - raft.server.storage.free-space.min = 0MB (=0) (default)
2022-10-08 01:32:56,754 [pool-468-thread-1] INFO  storage.RaftStorageDirectory (RaftStorageDirectoryImpl.java:analyzeStorage(135)) - The storage directory /home/runner/work/ozone/ozone/hadoop-ozone/integration-test/target/test-dir/MiniOzoneClusterImpl-b5c1db78-dac0-44d3-8f11-3a92d2c44f5f/datanode-0/data/ratis/825a0b31-876f-4a77-8beb-7c6daf28c01a does not exist. Creating ...
2022-10-08 01:32:56,761 [IPC Server handler 3 on default port 40177] INFO  net.NetworkTopologyImpl (NetworkTopologyImpl.java:add(112)) - Added a new node: /default-rack/12a173ea-bcad-49ed-951b-4ff1546d98a9
2022-10-08 01:32:56,761 [IPC Server handler 3 on default port 40177] INFO  node.SCMNodeManager (SCMNodeManager.java:register(397)) - Registered Data node : 12a173ea-bcad-49ed-951b-4ff1546d98a9{ip: 10.1.0.61, host: fv-az180-867.g3pwtgv4ffyuhaixmbmm0kyh3d.gx.internal.cloudapp.net, ports: [REPLICATION=42867, RATIS=41669, RATIS_ADMIN=41669, RATIS_SERVER=41669, STANDALONE=39883], networkLocation: /default-rack, certSerialId: null, persistedOpState: null, persistedOpStateExpiryEpochSec: 0}
2022-10-08 01:32:56,761 [EventQueue-NewNodeForNewNodeHandler] INFO  pipeline.BackgroundPipelineCreator (BackgroundPipelineCreator.java:notifyEventTriggered(276)) - trigger a one-shot run on RatisPipelineUtilsThread.
2022-10-08 01:32:56,763 [RatisPipelineUtilsThread - 0] INFO  pipeline.RatisPipelineProvider (RatisPipelineProvider.java:lambda$create$0(195)) - Sending CreatePipelineCommand for pipeline:PipelineID=815da0d8-dc70-4577-8bf3-a8b215c1f10e to datanode:12a173ea-bcad-49ed-951b-4ff1546d98a9
2022-10-08 01:32:56,763 [RatisPipelineUtilsThread - 0] INFO  pipeline.PipelineStateManagerImpl (PipelineStateManagerImpl.java:addPipeline(103)) - Created pipeline Pipeline[ Id: 815da0d8-dc70-4577-8bf3-a8b215c1f10e, Nodes: 12a173ea-bcad-49ed-951b-4ff1546d98a9{ip: 10.1.0.61, host: fv-az180-867.g3pwtgv4ffyuhaixmbmm0kyh3d.gx.internal.cloudapp.net, ports: [REPLICATION=42867, RATIS=41669, RATIS_ADMIN=41669, RATIS_SERVER=41669, STANDALONE=39883], networkLocation: /default-rack, certSerialId: null, persistedOpState: IN_SERVICE, persistedOpStateExpiryEpochSec: 0}, ReplicationConfig: RATIS/ONE, State:ALLOCATED, leaderId:, CreationTimestamp2022-10-08T01:32:56.763Z[Etc/UTC]].
2022-10-08 01:32:56,763 [pool-468-thread-1] INFO  storage.RaftStorageDirectory (RaftStorageDirectoryImpl.java:tryLock(230)) - Lock on /home/runner/work/ozone/ozone/hadoop-ozone/integration-test/target/test-dir/MiniOzoneClusterImpl-b5c1db78-dac0-44d3-8f11-3a92d2c44f5f/datanode-0/data/ratis/825a0b31-876f-4a77-8beb-7c6daf28c01a/in_use.lock acquired by nodename 52807@fv-az180-867
2022-10-08 01:32:56,770 [pool-468-thread-1] INFO  storage.RaftStorage (RaftStorageImpl.java:format(89)) - Storage directory /home/runner/work/ozone/ozone/hadoop-ozone/integration-test/target/test-dir/MiniOzoneClusterImpl-b5c1db78-dac0-44d3-8f11-3a92d2c44f5f/datanode-0/data/ratis/825a0b31-876f-4a77-8beb-7c6daf28c01a has been successfully formatted.
2022-10-08 01:32:56,772 [pool-468-thread-1] INFO  ratis.ContainerStateMachine (ContainerStateMachine.java:loadSnapshot(236)) - group-7C6DAF28C01A: The snapshot info is null. Setting the last applied indexto:(t:0, i:~)
2022-10-08 01:32:56,772 [pool-468-thread-1] INFO  server.RaftServerConfigKeys (ConfUtils.java:logGet(46)) - raft.server.notification.no-leader.timeout = 300s (custom)
2022-10-08 01:32:56,772 [pool-468-thread-1] INFO  server.RaftServerConfigKeys (ConfUtils.java:logGet(46)) - raft.server.log.use.memory = false (default)
2022-10-08 01:32:56,772 [pool-468-thread-1] INFO  server.RaftServerConfigKeys (ConfUtils.java:logGet(46)) - raft.server.log.purge.gap = 1000000 (custom)
2022-10-08 01:32:56,772 [pool-468-thread-1] INFO  server.RaftServerConfigKeys (ConfUtils.java:logGet(46)) - raft.server.log.appender.buffer.byte-limit = 33554432 (custom)
2022-10-08 01:32:56,772 [pool-468-thread-1] INFO  server.RaftServerConfigKeys (ConfUtils.java:logGet(46)) - raft.server.log.statemachine.data.read.timeout = 1000ms (default)
2022-10-08 01:32:56,773 [pool-468-thread-1] INFO  server.RaftServerConfigKeys (ConfUtils.java:logGet(46)) - raft.server.log.segment.size.max = 1048576 (custom)
2022-10-08 01:32:56,773 [pool-468-thread-1] INFO  server.RaftServerConfigKeys (ConfUtils.java:logGet(46)) - raft.server.log.segment.cache.num.max = 2 (custom)
2022-10-08 01:32:56,773 [pool-468-thread-1] INFO  server.RaftServerConfigKeys (ConfUtils.java:logGet(46)) - raft.server.log.segment.cache.size.max = 200MB (=209715200) (default)
2022-10-08 01:32:56,773 [pool-468-thread-1] INFO  segmented.SegmentedRaftLogWorker (SegmentedRaftLogWorker.java:<init>(187)) - new 3f11faf3-83ff-4556-ba87-0c2050513ec2@group-7C6DAF28C01A-SegmentedRaftLogWorker for RaftStorageImpl:Storage Directory /home/runner/work/ozone/ozone/hadoop-ozone/integration-test/target/test-dir/MiniOzoneClusterImpl-b5c1db78-dac0-44d3-8f11-3a92d2c44f5f/datanode-0/data/ratis/825a0b31-876f-4a77-8beb-7c6daf28c01a
2022-10-08 01:32:56,773 [pool-468-thread-1] INFO  server.RaftServerConfigKeys (ConfUtils.java:logGet(46)) - raft.server.log.queue.byte-limit = 4294967296 (custom)
2022-10-08 01:32:56,773 [pool-468-thread-1] INFO  server.RaftServerConfigKeys (ConfUtils.java:logGet(46)) - raft.server.log.queue.element-limit = 1024 (custom)
2022-10-08 01:32:56,773 [pool-468-thread-1] INFO  server.RaftServerConfigKeys (ConfUtils.java:logGet(46)) - raft.server.log.segment.size.max = 1048576 (custom)
2022-10-08 01:32:56,773 [pool-468-thread-1] INFO  server.RaftServerConfigKeys (ConfUtils.java:logGet(46)) - raft.server.log.preallocated.size = 16384 (custom)
2022-10-08 01:32:56,773 [pool-468-thread-1] INFO  server.RaftServerConfigKeys (ConfUtils.java:logGet(46)) - raft.server.log.force.sync.num = 128 (default)
2022-10-08 01:32:56,773 [pool-468-thread-1] INFO  server.RaftServerConfigKeys (ConfUtils.java:logGet(46)) - raft.server.log.statemachine.data.sync = true (default)
2022-10-08 01:32:56,774 [pool-468-thread-1] INFO  server.RaftServerConfigKeys (ConfUtils.java:logGet(46)) - raft.server.log.statemachine.data.sync.timeout = 10s (default)
2022-10-08 01:32:56,774 [pool-468-thread-1] INFO  server.RaftServerConfigKeys (ConfUtils.java:logGet(46)) - raft.server.log.statemachine.data.sync.timeout.retry = -1 (default)
2022-10-08 01:32:56,774 [pool-468-thread-1] INFO  server.RaftServerConfigKeys (ConfUtils.java:logGet(46)) - raft.server.log.write.buffer.size = 1048576 (custom)
2022-10-08 01:32:56,775 [pool-468-thread-1] INFO  server.RaftServerConfigKeys (ConfUtils.java:logGet(46)) - raft.server.log.unsafe-flush.enabled = false (default)
2022-10-08 01:32:56,778 [EventQueue-OpenPipelineForHealthyPipelineSafeModeRule] INFO  safemode.SCMSafeModeManager (HealthyPipelineSafeModeRule.java:process(137)) - SCM in safe mode. Healthy pipelines reported count is 0, required healthy pipeline reported count is 1
2022-10-08 01:32:56,778 [pool-468-thread-1] INFO  server.RaftServerConfigKeys (ConfUtils.java:logGet(46)) - raft.server.log.statemachine.data.caching.enabled = true (custom)
2022-10-08 01:32:56,778 [pool-468-thread-1] INFO  segmented.SegmentedRaftLogWorker (SegmentedRaftLogWorker.java:lambda$new$0(135)) - 3f11faf3-83ff-4556-ba87-0c2050513ec2@group-7C6DAF28C01A-SegmentedRaftLogWorker: flushIndex: setUnconditionally 0 -> -1
2022-10-08 01:32:56,778 [pool-468-thread-1] INFO  segmented.SegmentedRaftLogWorker (SegmentedRaftLogWorker.java:lambda$new$0(135)) - 3f11faf3-83ff-4556-ba87-0c2050513ec2@group-7C6DAF28C01A-SegmentedRaftLogWorker: safeCacheEvictIndex: setUnconditionally 0 -> -1
2022-10-08 01:32:56,780 [pool-468-thread-1] INFO  server.RaftServerConfigKeys (ConfUtils.java:logGet(46)) - raft.server.snapshot.auto.trigger.enabled = true (custom)
2022-10-08 01:32:56,780 [pool-468-thread-1] INFO  server.RaftServerConfigKeys (ConfUtils.java:logGet(46)) - raft.server.snapshot.auto.trigger.threshold = 10000 (custom)
2022-10-08 01:32:56,780 [pool-468-thread-1] INFO  server.RaftServerConfigKeys (ConfUtils.java:logGet(46)) - raft.server.snapshot.retention.file.num = 5 (custom)
2022-10-08 01:32:56,780 [pool-468-thread-1] INFO  server.RaftServerConfigKeys (ConfUtils.java:logGet(46)) - raft.server.log.purge.upto.snapshot.index = false (default)
2022-10-08 01:32:56,780 [pool-468-thread-1] INFO  server.RaftServerConfigKeys (ConfUtils.java:logGet(46)) - raft.server.retrycache.expirytime = 600000ms (custom)
2022-10-08 01:32:56,780 [pool-468-thread-1] INFO  server.RaftServerConfigKeys (ConfUtils.java:logGet(46)) - raft.server.retrycache.statistics.expirytime = 100μs (default)
2022-10-08 01:32:56,781 [pool-468-thread-1] INFO  server.RaftServerConfigKeys (ConfUtils.java:logGet(46)) - raft.server.log.appender.install.snapshot.enabled = false (custom)
2022-10-08 01:32:56,781 [pool-468-thread-1] INFO  server.RaftServerConfigKeys (ConfUtils.java:logGet(46)) - raft.server.threadpool.server.cached = true (default)
2022-10-08 01:32:56,781 [pool-468-thread-1] INFO  server.RaftServerConfigKeys (ConfUtils.java:logGet(46)) - raft.server.threadpool.server.size = 0 (default)
2022-10-08 01:32:56,781 [pool-468-thread-1] INFO  server.RaftServerConfigKeys (ConfUtils.java:logGet(46)) - raft.server.threadpool.client.cached = true (default)
2022-10-08 01:32:56,781 [pool-468-thread-1] INFO  server.RaftServerConfigKeys (ConfUtils.java:logGet(46)) - raft.server.threadpool.client.size = 0 (default)
2022-10-08 01:32:56,781 [pool-468-thread-1] INFO  server.RaftServer$Division (RaftServerImpl.java:start(310)) - 3f11faf3-83ff-4556-ba87-0c2050513ec2@group-7C6DAF28C01A: start as a follower, conf=-1: [b26d27ed-ea79-45a9-9638-48175110d4e1|rpc:10.1.0.61:45255|priority:0, 3f11faf3-83ff-4556-ba87-0c2050513ec2|rpc:10.1.0.61:39303|priority:0, 09c2f2af-7c19-464a-af99-f2c2b94b4067|rpc:10.1.0.61:44765|priority:1], old=null
2022-10-08 01:32:56,781 [pool-468-thread-1] INFO  server.RaftServer$Division (RaftServerImpl.java:setRole(299)) - 3f11faf3-83ff-4556-ba87-0c2050513ec2@group-7C6DAF28C01A: changes role from      null to FOLLOWER at term 0 for startAsFollower
2022-10-08 01:32:56,781 [pool-468-thread-1] INFO  impl.RoleInfo (RoleInfo.java:updateAndGet(139)) - 3f11faf3-83ff-4556-ba87-0c2050513ec2: start 3f11faf3-83ff-4556-ba87-0c2050513ec2@group-7C6DAF28C01A-FollowerState
2022-10-08 01:32:56,785 [Listener at 127.0.0.1/33489] INFO  ozone.MiniOzoneClusterImpl (MiniOzoneClusterImpl.java:lambda$waitForClusterToBeReady$0(216)) - Waiting for nodes to be ready. Got 4 of 5 DN Heartbeats.
2022-10-08 01:32:56,785 [Listener at 127.0.0.1/33489] INFO  ozone.MiniOzoneClusterImpl (MiniOzoneClusterImpl.java:lambda$waitForClusterToBeReady$0(219)) - Waiting for cluster to exit safe mode
2022-10-08 01:32:56,785 [Listener at 127.0.0.1/33489] INFO  ozone.MiniOzoneClusterImpl (MiniOzoneClusterImpl.java:lambda$waitForClusterToBeReady$0(221)) - SCM became leader
2022-10-08 01:32:56,804 [pool-468-thread-1] INFO  util.JmxRegister (JmxRegister.java:tryRegister(44)) - Successfully registered JMX Bean with object name Ratis:service=RaftServer,group=group-7C6DAF28C01A,id=3f11faf3-83ff-4556-ba87-0c2050513ec2
2022-10-08 01:32:56,812 [Command processor thread] INFO  ratis.XceiverServerRatis (XceiverServerRatis.java:addGroup(765)) - Created group PipelineID=825a0b31-876f-4a77-8beb-7c6daf28c01a
2022-10-08 01:32:56,835 [grpc-default-executor-3] INFO  server.RaftServer (RaftServerProxy.java:addNew(96)) - 09c2f2af-7c19-464a-af99-f2c2b94b4067: addNew group-7C6DAF28C01A:[b26d27ed-ea79-45a9-9638-48175110d4e1|rpc:10.1.0.61:45255|dataStream:|priority:0, 3f11faf3-83ff-4556-ba87-0c2050513ec2|rpc:10.1.0.61:39303|dataStream:|priority:0, 09c2f2af-7c19-464a-af99-f2c2b94b4067|rpc:10.1.0.61:44765|dataStream:|priority:1] returns group-7C6DAF28C01A:java.util.concurrent.CompletableFuture@4395d52d[Not completed]
2022-10-08 01:32:56,849 [pool-491-thread-1] INFO  server.RaftServer$Division (RaftServerImpl.java:<init>(190)) - 09c2f2af-7c19-464a-af99-f2c2b94b4067: new RaftServerImpl for group-7C6DAF28C01A:[b26d27ed-ea79-45a9-9638-48175110d4e1|rpc:10.1.0.61:45255|dataStream:|priority:0, 3f11faf3-83ff-4556-ba87-0c2050513ec2|rpc:10.1.0.61:39303|dataStream:|priority:0, 09c2f2af-7c19-464a-af99-f2c2b94b4067|rpc:10.1.0.61:44765|dataStream:|priority:1] with ContainerStateMachine:uninitialized
2022-10-08 01:32:56,849 [pool-491-thread-1] INFO  server.RaftServerConfigKeys (ConfUtils.java:logGet(46)) - raft.server.rpc.timeout.min = 5s (custom)
2022-10-08 01:32:56,849 [pool-491-thread-1] INFO  server.RaftServerConfigKeys (ConfUtils.java:logGet(46)) - raft.server.rpc.timeout.max = 5200ms (custom)
2022-10-08 01:32:56,849 [pool-491-thread-1] INFO  server.RaftServerConfigKeys (ConfUtils.java:logGet(46)) - raft.server.rpc.sleep.time = 25ms (default)
2022-10-08 01:32:56,849 [pool-491-thread-1] INFO  server.RaftServerConfigKeys (ConfUtils.java:logGet(46)) - raft.server.rpc.slowness.timeout = 300s (custom)
2022-10-08 01:32:56,849 [pool-491-thread-1] INFO  server.RaftServerConfigKeys (ConfUtils.java:logGet(46)) - raft.server.leaderelection.leader.step-down.wait-time = 10s (default)
2022-10-08 01:32:56,849 [pool-491-thread-1] INFO  server.RaftServerConfigKeys (ConfUtils.java:logGet(46)) - raft.server.sleep.deviation.threshold = 300ms (default)
2022-10-08 01:32:56,856 [pool-491-thread-1] INFO  server.RaftServer$Division (ServerState.java:<init>(107)) - 09c2f2af-7c19-464a-af99-f2c2b94b4067@group-7C6DAF28C01A: ConfigurationManager, init=-1: [b26d27ed-ea79-45a9-9638-48175110d4e1|rpc:10.1.0.61:45255|dataStream:|priority:0, 3f11faf3-83ff-4556-ba87-0c2050513ec2|rpc:10.1.0.61:39303|dataStream:|priority:0, 09c2f2af-7c19-464a-af99-f2c2b94b4067|rpc:10.1.0.61:44765|dataStream:|priority:1], old=null, confs=<EMPTY_MAP>
2022-10-08 01:32:56,856 [pool-491-thread-1] INFO  server.RaftServerConfigKeys (ConfUtils.java:logGet(46)) - raft.server.storage.dir = [/home/runner/work/ozone/ozone/hadoop-ozone/integration-test/target/test-dir/MiniOzoneClusterImpl-b5c1db78-dac0-44d3-8f11-3a92d2c44f5f/datanode-1/data/ratis] (custom)
2022-10-08 01:32:56,856 [pool-491-thread-1] INFO  server.RaftServerConfigKeys (ConfUtils.java:logGet(46)) - raft.server.log.corruption.policy = EXCEPTION (default)
2022-10-08 01:32:56,856 [pool-491-thread-1] INFO  server.RaftServerConfigKeys (ConfUtils.java:logGet(46)) - raft.server.storage.free-space.min = 0MB (=0) (default)
2022-10-08 01:32:56,856 [pool-491-thread-1] INFO  storage.RaftStorageDirectory (RaftStorageDirectoryImpl.java:analyzeStorage(135)) - The storage directory /home/runner/work/ozone/ozone/hadoop-ozone/integration-test/target/test-dir/MiniOzoneClusterImpl-b5c1db78-dac0-44d3-8f11-3a92d2c44f5f/datanode-1/data/ratis/825a0b31-876f-4a77-8beb-7c6daf28c01a does not exist. Creating ...
2022-10-08 01:32:56,863 [pool-491-thread-1] INFO  storage.RaftStorageDirectory (RaftStorageDirectoryImpl.java:tryLock(230)) - Lock on /home/runner/work/ozone/ozone/hadoop-ozone/integration-test/target/test-dir/MiniOzoneClusterImpl-b5c1db78-dac0-44d3-8f11-3a92d2c44f5f/datanode-1/data/ratis/825a0b31-876f-4a77-8beb-7c6daf28c01a/in_use.lock acquired by nodename 52807@fv-az180-867
2022-10-08 01:32:56,869 [pool-491-thread-1] INFO  storage.RaftStorage (RaftStorageImpl.java:format(89)) - Storage directory /home/runner/work/ozone/ozone/hadoop-ozone/integration-test/target/test-dir/MiniOzoneClusterImpl-b5c1db78-dac0-44d3-8f11-3a92d2c44f5f/datanode-1/data/ratis/825a0b31-876f-4a77-8beb-7c6daf28c01a has been successfully formatted.
2022-10-08 01:32:56,871 [pool-491-thread-1] INFO  ratis.ContainerStateMachine (ContainerStateMachine.java:loadSnapshot(236)) - group-7C6DAF28C01A: The snapshot info is null. Setting the last applied indexto:(t:0, i:~)
2022-10-08 01:32:56,871 [pool-491-thread-1] INFO  server.RaftServerConfigKeys (ConfUtils.java:logGet(46)) - raft.server.notification.no-leader.timeout = 300s (custom)
2022-10-08 01:32:56,871 [pool-491-thread-1] INFO  server.RaftServerConfigKeys (ConfUtils.java:logGet(46)) - raft.server.log.use.memory = false (default)
2022-10-08 01:32:56,871 [pool-491-thread-1] INFO  server.RaftServerConfigKeys (ConfUtils.java:logGet(46)) - raft.server.log.purge.gap = 1000000 (custom)
2022-10-08 01:32:56,872 [pool-491-thread-1] INFO  server.RaftServerConfigKeys (ConfUtils.java:logGet(46)) - raft.server.log.appender.buffer.byte-limit = 33554432 (custom)
2022-10-08 01:32:56,872 [pool-491-thread-1] INFO  server.RaftServerConfigKeys (ConfUtils.java:logGet(46)) - raft.server.log.statemachine.data.read.timeout = 1000ms (default)
2022-10-08 01:32:56,872 [pool-491-thread-1] INFO  server.RaftServerConfigKeys (ConfUtils.java:logGet(46)) - raft.server.log.segment.size.max = 1048576 (custom)
2022-10-08 01:32:56,872 [pool-491-thread-1] INFO  server.RaftServerConfigKeys (ConfUtils.java:logGet(46)) - raft.server.log.segment.cache.num.max = 2 (custom)
2022-10-08 01:32:56,872 [pool-491-thread-1] INFO  server.RaftServerConfigKeys (ConfUtils.java:logGet(46)) - raft.server.log.segment.cache.size.max = 200MB (=209715200) (default)
2022-10-08 01:32:56,872 [pool-491-thread-1] INFO  segmented.SegmentedRaftLogWorker (SegmentedRaftLogWorker.java:<init>(187)) - new 09c2f2af-7c19-464a-af99-f2c2b94b4067@group-7C6DAF28C01A-SegmentedRaftLogWorker for RaftStorageImpl:Storage Directory /home/runner/work/ozone/ozone/hadoop-ozone/integration-test/target/test-dir/MiniOzoneClusterImpl-b5c1db78-dac0-44d3-8f11-3a92d2c44f5f/datanode-1/data/ratis/825a0b31-876f-4a77-8beb-7c6daf28c01a
2022-10-08 01:32:56,872 [pool-491-thread-1] INFO  server.RaftServerConfigKeys (ConfUtils.java:logGet(46)) - raft.server.log.queue.byte-limit = 4294967296 (custom)
2022-10-08 01:32:56,872 [pool-491-thread-1] INFO  server.RaftServerConfigKeys (ConfUtils.java:logGet(46)) - raft.server.log.queue.element-limit = 1024 (custom)
2022-10-08 01:32:56,872 [pool-491-thread-1] INFO  server.RaftServerConfigKeys (ConfUtils.java:logGet(46)) - raft.server.log.segment.size.max = 1048576 (custom)
2022-10-08 01:32:56,872 [pool-491-thread-1] INFO  server.RaftServerConfigKeys (ConfUtils.java:logGet(46)) - raft.server.log.preallocated.size = 16384 (custom)
2022-10-08 01:32:56,872 [pool-491-thread-1] INFO  server.RaftServerConfigKeys (ConfUtils.java:logGet(46)) - raft.server.log.force.sync.num = 128 (default)
2022-10-08 01:32:56,872 [pool-491-thread-1] INFO  server.RaftServerConfigKeys (ConfUtils.java:logGet(46)) - raft.server.log.statemachine.data.sync = true (default)
2022-10-08 01:32:56,872 [pool-491-thread-1] INFO  server.RaftServerConfigKeys (ConfUtils.java:logGet(46)) - raft.server.log.statemachine.data.sync.timeout = 10s (default)
2022-10-08 01:32:56,872 [pool-491-thread-1] INFO  server.RaftServerConfigKeys (ConfUtils.java:logGet(46)) - raft.server.log.statemachine.data.sync.timeout.retry = -1 (default)
2022-10-08 01:32:56,873 [pool-491-thread-1] INFO  server.RaftServerConfigKeys (ConfUtils.java:logGet(46)) - raft.server.log.write.buffer.size = 1048576 (custom)
2022-10-08 01:32:56,873 [pool-491-thread-1] INFO  server.RaftServerConfigKeys (ConfUtils.java:logGet(46)) - raft.server.log.unsafe-flush.enabled = false (default)
2022-10-08 01:32:56,873 [pool-491-thread-1] INFO  server.RaftServerConfigKeys (ConfUtils.java:logGet(46)) - raft.server.log.statemachine.data.caching.enabled = true (custom)
2022-10-08 01:32:56,873 [pool-491-thread-1] INFO  segmented.SegmentedRaftLogWorker (SegmentedRaftLogWorker.java:lambda$new$0(135)) - 09c2f2af-7c19-464a-af99-f2c2b94b4067@group-7C6DAF28C01A-SegmentedRaftLogWorker: flushIndex: setUnconditionally 0 -> -1
2022-10-08 01:32:56,873 [pool-491-thread-1] INFO  segmented.SegmentedRaftLogWorker (SegmentedRaftLogWorker.java:lambda$new$0(135)) - 09c2f2af-7c19-464a-af99-f2c2b94b4067@group-7C6DAF28C01A-SegmentedRaftLogWorker: safeCacheEvictIndex: setUnconditionally 0 -> -1
2022-10-08 01:32:56,875 [pool-491-thread-1] INFO  server.RaftServerConfigKeys (ConfUtils.java:logGet(46)) - raft.server.snapshot.auto.trigger.enabled = true (custom)
2022-10-08 01:32:56,875 [pool-491-thread-1] INFO  server.RaftServerConfigKeys (ConfUtils.java:logGet(46)) - raft.server.snapshot.auto.trigger.threshold = 10000 (custom)
2022-10-08 01:32:56,875 [pool-491-thread-1] INFO  server.RaftServerConfigKeys (ConfUtils.java:logGet(46)) - raft.server.snapshot.retention.file.num = 5 (custom)
2022-10-08 01:32:56,875 [pool-491-thread-1] INFO  server.RaftServerConfigKeys (ConfUtils.java:logGet(46)) - raft.server.log.purge.upto.snapshot.index = false (default)
2022-10-08 01:32:56,875 [pool-491-thread-1] INFO  server.RaftServerConfigKeys (ConfUtils.java:logGet(46)) - raft.server.retrycache.expirytime = 600000ms (custom)
2022-10-08 01:32:56,875 [pool-491-thread-1] INFO  server.RaftServerConfigKeys (ConfUtils.java:logGet(46)) - raft.server.retrycache.statistics.expirytime = 100μs (default)
2022-10-08 01:32:56,877 [pool-491-thread-1] INFO  server.RaftServerConfigKeys (ConfUtils.java:logGet(46)) - raft.server.log.appender.install.snapshot.enabled = false (custom)
2022-10-08 01:32:56,877 [pool-491-thread-1] INFO  server.RaftServerConfigKeys (ConfUtils.java:logGet(46)) - raft.server.threadpool.server.cached = true (default)
2022-10-08 01:32:56,877 [pool-491-thread-1] INFO  server.RaftServerConfigKeys (ConfUtils.java:logGet(46)) - raft.server.threadpool.server.size = 0 (default)
2022-10-08 01:32:56,877 [pool-491-thread-1] INFO  server.RaftServerConfigKeys (ConfUtils.java:logGet(46)) - raft.server.threadpool.client.cached = true (default)
2022-10-08 01:32:56,877 [pool-491-thread-1] INFO  server.RaftServerConfigKeys (ConfUtils.java:logGet(46)) - raft.server.threadpool.client.size = 0 (default)
2022-10-08 01:32:56,877 [pool-491-thread-1] INFO  server.RaftServer$Division (RaftServerImpl.java:start(310)) - 09c2f2af-7c19-464a-af99-f2c2b94b4067@group-7C6DAF28C01A: start as a follower, conf=-1: [b26d27ed-ea79-45a9-9638-48175110d4e1|rpc:10.1.0.61:45255|dataStream:|priority:0, 3f11faf3-83ff-4556-ba87-0c2050513ec2|rpc:10.1.0.61:39303|dataStream:|priority:0, 09c2f2af-7c19-464a-af99-f2c2b94b4067|rpc:10.1.0.61:44765|dataStream:|priority:1], old=null
2022-10-08 01:32:56,877 [pool-491-thread-1] INFO  server.RaftServer$Division (RaftServerImpl.java:setRole(299)) - 09c2f2af-7c19-464a-af99-f2c2b94b4067@group-7C6DAF28C01A: changes role from      null to FOLLOWER at term 0 for startAsFollower
2022-10-08 01:32:56,877 [pool-491-thread-1] INFO  impl.RoleInfo (RoleInfo.java:updateAndGet(139)) - 09c2f2af-7c19-464a-af99-f2c2b94b4067: start 09c2f2af-7c19-464a-af99-f2c2b94b4067@group-7C6DAF28C01A-FollowerState
2022-10-08 01:32:56,878 [pool-491-thread-1] INFO  util.JmxRegister (JmxRegister.java:tryRegister(44)) - Successfully registered JMX Bean with object name Ratis:service=RaftServer,group=group-7C6DAF28C01A,id=09c2f2af-7c19-464a-af99-f2c2b94b4067
2022-10-08 01:32:56,920 [grpc-default-executor-3] INFO  server.RaftServer (RaftServerProxy.java:addNew(96)) - b26d27ed-ea79-45a9-9638-48175110d4e1: addNew group-7C6DAF28C01A:[b26d27ed-ea79-45a9-9638-48175110d4e1|rpc:10.1.0.61:45255|dataStream:|priority:0, 3f11faf3-83ff-4556-ba87-0c2050513ec2|rpc:10.1.0.61:39303|dataStream:|priority:0, 09c2f2af-7c19-464a-af99-f2c2b94b4067|rpc:10.1.0.61:44765|dataStream:|priority:1] returns group-7C6DAF28C01A:java.util.concurrent.CompletableFuture@4cc964b8[Not completed]
2022-10-08 01:32:56,942 [pool-514-thread-1] INFO  server.RaftServer$Division (RaftServerImpl.java:<init>(190)) - b26d27ed-ea79-45a9-9638-48175110d4e1: new RaftServerImpl for group-7C6DAF28C01A:[b26d27ed-ea79-45a9-9638-48175110d4e1|rpc:10.1.0.61:45255|dataStream:|priority:0, 3f11faf3-83ff-4556-ba87-0c2050513ec2|rpc:10.1.0.61:39303|dataStream:|priority:0, 09c2f2af-7c19-464a-af99-f2c2b94b4067|rpc:10.1.0.61:44765|dataStream:|priority:1] with ContainerStateMachine:uninitialized
2022-10-08 01:32:56,942 [pool-514-thread-1] INFO  server.RaftServerConfigKeys (ConfUtils.java:logGet(46)) - raft.server.rpc.timeout.min = 5s (custom)
2022-10-08 01:32:56,942 [pool-514-thread-1] INFO  server.RaftServerConfigKeys (ConfUtils.java:logGet(46)) - raft.server.rpc.timeout.max = 5200ms (custom)
2022-10-08 01:32:56,942 [pool-514-thread-1] INFO  server.RaftServerConfigKeys (ConfUtils.java:logGet(46)) - raft.server.rpc.sleep.time = 25ms (default)
2022-10-08 01:32:56,942 [pool-514-thread-1] INFO  server.RaftServerConfigKeys (ConfUtils.java:logGet(46)) - raft.server.rpc.slowness.timeout = 300s (custom)
2022-10-08 01:32:56,942 [pool-514-thread-1] INFO  server.RaftServerConfigKeys (ConfUtils.java:logGet(46)) - raft.server.leaderelection.leader.step-down.wait-time = 10s (default)
2022-10-08 01:32:56,942 [pool-514-thread-1] INFO  server.RaftServerConfigKeys (ConfUtils.java:logGet(46)) - raft.server.sleep.deviation.threshold = 300ms (default)
2022-10-08 01:32:56,942 [pool-514-thread-1] INFO  server.RaftServer$Division (ServerState.java:<init>(107)) - b26d27ed-ea79-45a9-9638-48175110d4e1@group-7C6DAF28C01A: ConfigurationManager, init=-1: [b26d27ed-ea79-45a9-9638-48175110d4e1|rpc:10.1.0.61:45255|dataStream:|priority:0, 3f11faf3-83ff-4556-ba87-0c2050513ec2|rpc:10.1.0.61:39303|dataStream:|priority:0, 09c2f2af-7c19-464a-af99-f2c2b94b4067|rpc:10.1.0.61:44765|dataStream:|priority:1], old=null, confs=<EMPTY_MAP>
2022-10-08 01:32:56,942 [pool-514-thread-1] INFO  server.RaftServerConfigKeys (ConfUtils.java:logGet(46)) - raft.server.storage.dir = [/home/runner/work/ozone/ozone/hadoop-ozone/integration-test/target/test-dir/MiniOzoneClusterImpl-b5c1db78-dac0-44d3-8f11-3a92d2c44f5f/datanode-2/data/ratis] (custom)
2022-10-08 01:32:56,942 [pool-514-thread-1] INFO  server.RaftServerConfigKeys (ConfUtils.java:logGet(46)) - raft.server.log.corruption.policy = EXCEPTION (default)
2022-10-08 01:32:56,942 [pool-514-thread-1] INFO  server.RaftServerConfigKeys (ConfUtils.java:logGet(46)) - raft.server.storage.free-space.min = 0MB (=0) (default)
2022-10-08 01:32:56,942 [pool-514-thread-1] INFO  storage.RaftStorageDirectory (RaftStorageDirectoryImpl.java:analyzeStorage(135)) - The storage directory /home/runner/work/ozone/ozone/hadoop-ozone/integration-test/target/test-dir/MiniOzoneClusterImpl-b5c1db78-dac0-44d3-8f11-3a92d2c44f5f/datanode-2/data/ratis/825a0b31-876f-4a77-8beb-7c6daf28c01a does not exist. Creating ...
2022-10-08 01:32:56,949 [pool-514-thread-1] INFO  storage.RaftStorageDirectory (RaftStorageDirectoryImpl.java:tryLock(230)) - Lock on /home/runner/work/ozone/ozone/hadoop-ozone/integration-test/target/test-dir/MiniOzoneClusterImpl-b5c1db78-dac0-44d3-8f11-3a92d2c44f5f/datanode-2/data/ratis/825a0b31-876f-4a77-8beb-7c6daf28c01a/in_use.lock acquired by nodename 52807@fv-az180-867
2022-10-08 01:32:56,956 [pool-514-thread-1] INFO  storage.RaftStorage (RaftStorageImpl.java:format(89)) - Storage directory /home/runner/work/ozone/ozone/hadoop-ozone/integration-test/target/test-dir/MiniOzoneClusterImpl-b5c1db78-dac0-44d3-8f11-3a92d2c44f5f/datanode-2/data/ratis/825a0b31-876f-4a77-8beb-7c6daf28c01a has been successfully formatted.
2022-10-08 01:32:56,957 [pool-514-thread-1] INFO  ratis.ContainerStateMachine (ContainerStateMachine.java:loadSnapshot(236)) - group-7C6DAF28C01A: The snapshot info is null. Setting the last applied indexto:(t:0, i:~)
2022-10-08 01:32:56,957 [pool-514-thread-1] INFO  server.RaftServerConfigKeys (ConfUtils.java:logGet(46)) - raft.server.notification.no-leader.timeout = 300s (custom)
2022-10-08 01:32:56,957 [pool-514-thread-1] INFO  server.RaftServerConfigKeys (ConfUtils.java:logGet(46)) - raft.server.log.use.memory = false (default)
2022-10-08 01:32:56,957 [pool-514-thread-1] INFO  server.RaftServerConfigKeys (ConfUtils.java:logGet(46)) - raft.server.log.purge.gap = 1000000 (custom)
2022-10-08 01:32:56,957 [pool-514-thread-1] INFO  server.RaftServerConfigKeys (ConfUtils.java:logGet(46)) - raft.server.log.appender.buffer.byte-limit = 33554432 (custom)
2022-10-08 01:32:56,957 [pool-514-thread-1] INFO  server.RaftServerConfigKeys (ConfUtils.java:logGet(46)) - raft.server.log.statemachine.data.read.timeout = 1000ms (default)
2022-10-08 01:32:56,957 [pool-514-thread-1] INFO  server.RaftServerConfigKeys (ConfUtils.java:logGet(46)) - raft.server.log.segment.size.max = 1048576 (custom)
2022-10-08 01:32:56,958 [pool-514-thread-1] INFO  server.RaftServerConfigKeys (ConfUtils.java:logGet(46)) - raft.server.log.segment.cache.num.max = 2 (custom)
2022-10-08 01:32:56,958 [pool-514-thread-1] INFO  server.RaftServerConfigKeys (ConfUtils.java:logGet(46)) - raft.server.log.segment.cache.size.max = 200MB (=209715200) (default)
2022-10-08 01:32:56,958 [pool-514-thread-1] INFO  segmented.SegmentedRaftLogWorker (SegmentedRaftLogWorker.java:<init>(187)) - new b26d27ed-ea79-45a9-9638-48175110d4e1@group-7C6DAF28C01A-SegmentedRaftLogWorker for RaftStorageImpl:Storage Directory /home/runner/work/ozone/ozone/hadoop-ozone/integration-test/target/test-dir/MiniOzoneClusterImpl-b5c1db78-dac0-44d3-8f11-3a92d2c44f5f/datanode-2/data/ratis/825a0b31-876f-4a77-8beb-7c6daf28c01a
2022-10-08 01:32:56,958 [pool-514-thread-1] INFO  server.RaftServerConfigKeys (ConfUtils.java:logGet(46)) - raft.server.log.queue.byte-limit = 4294967296 (custom)
2022-10-08 01:32:56,958 [pool-514-thread-1] INFO  server.RaftServerConfigKeys (ConfUtils.java:logGet(46)) - raft.server.log.queue.element-limit = 1024 (custom)
2022-10-08 01:32:56,958 [pool-514-thread-1] INFO  server.RaftServerConfigKeys (ConfUtils.java:logGet(46)) - raft.server.log.segment.size.max = 1048576 (custom)
2022-10-08 01:32:56,958 [pool-514-thread-1] INFO  server.RaftServerConfigKeys (ConfUtils.java:logGet(46)) - raft.server.log.preallocated.size = 16384 (custom)
2022-10-08 01:32:56,958 [pool-514-thread-1] INFO  server.RaftServerConfigKeys (ConfUtils.java:logGet(46)) - raft.server.log.force.sync.num = 128 (default)
2022-10-08 01:32:56,958 [pool-514-thread-1] INFO  server.RaftServerConfigKeys (ConfUtils.java:logGet(46)) - raft.server.log.statemachine.data.sync = true (default)
2022-10-08 01:32:56,958 [pool-514-thread-1] INFO  server.RaftServerConfigKeys (ConfUtils.java:logGet(46)) - raft.server.log.statemachine.data.sync.timeout = 10s (default)
2022-10-08 01:32:56,958 [pool-514-thread-1] INFO  server.RaftServerConfigKeys (ConfUtils.java:logGet(46)) - raft.server.log.statemachine.data.sync.timeout.retry = -1 (default)
2022-10-08 01:32:56,959 [pool-514-thread-1] INFO  server.RaftServerConfigKeys (ConfUtils.java:logGet(46)) - raft.server.log.write.buffer.size = 1048576 (custom)
2022-10-08 01:32:56,959 [pool-514-thread-1] INFO  server.RaftServerConfigKeys (ConfUtils.java:logGet(46)) - raft.server.log.unsafe-flush.enabled = false (default)
2022-10-08 01:32:56,959 [pool-514-thread-1] INFO  server.RaftServerConfigKeys (ConfUtils.java:logGet(46)) - raft.server.log.statemachine.data.caching.enabled = true (custom)
2022-10-08 01:32:56,959 [pool-514-thread-1] INFO  segmented.SegmentedRaftLogWorker (SegmentedRaftLogWorker.java:lambda$new$0(135)) - b26d27ed-ea79-45a9-9638-48175110d4e1@group-7C6DAF28C01A-SegmentedRaftLogWorker: flushIndex: setUnconditionally 0 -> -1
2022-10-08 01:32:56,959 [pool-514-thread-1] INFO  segmented.SegmentedRaftLogWorker (SegmentedRaftLogWorker.java:lambda$new$0(135)) - b26d27ed-ea79-45a9-9638-48175110d4e1@group-7C6DAF28C01A-SegmentedRaftLogWorker: safeCacheEvictIndex: setUnconditionally 0 -> -1
2022-10-08 01:32:56,960 [pool-514-thread-1] INFO  server.RaftServerConfigKeys (ConfUtils.java:logGet(46)) - raft.server.snapshot.auto.trigger.enabled = true (custom)
2022-10-08 01:32:56,973 [pool-514-thread-1] INFO  server.RaftServerConfigKeys (ConfUtils.java:logGet(46)) - raft.server.snapshot.auto.trigger.threshold = 10000 (custom)
2022-10-08 01:32:56,973 [pool-514-thread-1] INFO  server.RaftServerConfigKeys (ConfUtils.java:logGet(46)) - raft.server.snapshot.retention.file.num = 5 (custom)
2022-10-08 01:32:56,973 [pool-514-thread-1] INFO  server.RaftServerConfigKeys (ConfUtils.java:logGet(46)) - raft.server.log.purge.upto.snapshot.index = false (default)
2022-10-08 01:32:56,973 [pool-514-thread-1] INFO  server.RaftServerConfigKeys (ConfUtils.java:logGet(46)) - raft.server.retrycache.expirytime = 600000ms (custom)
2022-10-08 01:32:56,973 [pool-514-thread-1] INFO  server.RaftServerConfigKeys (ConfUtils.java:logGet(46)) - raft.server.retrycache.statistics.expirytime = 100μs (default)
2022-10-08 01:32:56,975 [pool-514-thread-1] INFO  server.RaftServerConfigKeys (ConfUtils.java:logGet(46)) - raft.server.log.appender.install.snapshot.enabled = false (custom)
2022-10-08 01:32:56,975 [pool-514-thread-1] INFO  server.RaftServerConfigKeys (ConfUtils.java:logGet(46)) - raft.server.threadpool.server.cached = true (default)
2022-10-08 01:32:56,975 [pool-514-thread-1] INFO  server.RaftServerConfigKeys (ConfUtils.java:logGet(46)) - raft.server.threadpool.server.size = 0 (default)
2022-10-08 01:32:56,975 [pool-514-thread-1] INFO  server.RaftServerConfigKeys (ConfUtils.java:logGet(46)) - raft.server.threadpool.client.cached = true (default)
2022-10-08 01:32:56,975 [pool-514-thread-1] INFO  server.RaftServerConfigKeys (ConfUtils.java:logGet(46)) - raft.server.threadpool.client.size = 0 (default)
2022-10-08 01:32:56,975 [pool-514-thread-1] INFO  server.RaftServer$Division (RaftServerImpl.java:start(310)) - b26d27ed-ea79-45a9-9638-48175110d4e1@group-7C6DAF28C01A: start as a follower, conf=-1: [b26d27ed-ea79-45a9-9638-48175110d4e1|rpc:10.1.0.61:45255|dataStream:|priority:0, 3f11faf3-83ff-4556-ba87-0c2050513ec2|rpc:10.1.0.61:39303|dataStream:|priority:0, 09c2f2af-7c19-464a-af99-f2c2b94b4067|rpc:10.1.0.61:44765|dataStream:|priority:1], old=null
2022-10-08 01:32:56,975 [pool-514-thread-1] INFO  server.RaftServer$Division (RaftServerImpl.java:setRole(299)) - b26d27ed-ea79-45a9-9638-48175110d4e1@group-7C6DAF28C01A: changes role from      null to FOLLOWER at term 0 for startAsFollower
2022-10-08 01:32:56,975 [pool-514-thread-1] INFO  impl.RoleInfo (RoleInfo.java:updateAndGet(139)) - b26d27ed-ea79-45a9-9638-48175110d4e1: start b26d27ed-ea79-45a9-9638-48175110d4e1@group-7C6DAF28C01A-FollowerState
2022-10-08 01:32:56,988 [pool-514-thread-1] INFO  util.JmxRegister (JmxRegister.java:tryRegister(44)) - Successfully registered JMX Bean with object name Ratis:service=RaftServer,group=group-7C6DAF28C01A,id=b26d27ed-ea79-45a9-9638-48175110d4e1
2022-10-08 01:32:57,016 [Command processor thread] INFO  commandhandler.CreatePipelineCommandHandler (CreatePipelineCommandHandler.java:handle(113)) - Created Pipeline RATIS THREE PipelineID=825a0b31-876f-4a77-8beb-7c6daf28c01a.
2022-10-08 01:32:57,265 [ReplicationMonitor] INFO  replication.ReplicationManager (ReplicationManager.java:processAll(291)) - Replication Manager is not ready to run until 3000ms after safemode exit
2022-10-08 01:32:57,720 [Command processor thread] INFO  server.RaftServer (RaftServerProxy.java:addNew(96)) - 09c2f2af-7c19-464a-af99-f2c2b94b4067: addNew group-EF029415F1C5:[09c2f2af-7c19-464a-af99-f2c2b94b4067|rpc:10.1.0.61:44765|priority:1] returns group-EF029415F1C5:java.util.concurrent.CompletableFuture@51d0a41b[Not completed]
2022-10-08 01:32:57,724 [pool-491-thread-1] INFO  server.RaftServer$Division (RaftServerImpl.java:<init>(190)) - 09c2f2af-7c19-464a-af99-f2c2b94b4067: new RaftServerImpl for group-EF029415F1C5:[09c2f2af-7c19-464a-af99-f2c2b94b4067|rpc:10.1.0.61:44765|priority:1] with ContainerStateMachine:uninitialized
2022-10-08 01:32:57,724 [pool-491-thread-1] INFO  server.RaftServerConfigKeys (ConfUtils.java:logGet(46)) - raft.server.rpc.timeout.min = 5s (custom)
2022-10-08 01:32:57,724 [pool-491-thread-1] INFO  server.RaftServerConfigKeys (ConfUtils.java:logGet(46)) - raft.server.rpc.timeout.max = 5200ms (custom)
2022-10-08 01:32:57,724 [pool-491-thread-1] INFO  server.RaftServerConfigKeys (ConfUtils.java:logGet(46)) - raft.server.rpc.sleep.time = 25ms (default)
2022-10-08 01:32:57,724 [pool-491-thread-1] INFO  server.RaftServerConfigKeys (ConfUtils.java:logGet(46)) - raft.server.rpc.slowness.timeout = 300s (custom)
2022-10-08 01:32:57,724 [pool-491-thread-1] INFO  server.RaftServerConfigKeys (ConfUtils.java:logGet(46)) - raft.server.leaderelection.leader.step-down.wait-time = 10s (default)
2022-10-08 01:32:57,724 [pool-491-thread-1] INFO  server.RaftServerConfigKeys (ConfUtils.java:logGet(46)) - raft.server.sleep.deviation.threshold = 300ms (default)
2022-10-08 01:32:57,724 [pool-491-thread-1] INFO  server.RaftServer$Division (ServerState.java:<init>(107)) - 09c2f2af-7c19-464a-af99-f2c2b94b4067@group-EF029415F1C5: ConfigurationManager, init=-1: [09c2f2af-7c19-464a-af99-f2c2b94b4067|rpc:10.1.0.61:44765|priority:1], old=null, confs=<EMPTY_MAP>
2022-10-08 01:32:57,724 [pool-491-thread-1] INFO  server.RaftServerConfigKeys (ConfUtils.java:logGet(46)) - raft.server.storage.dir = [/home/runner/work/ozone/ozone/hadoop-ozone/integration-test/target/test-dir/MiniOzoneClusterImpl-b5c1db78-dac0-44d3-8f11-3a92d2c44f5f/datanode-1/data/ratis] (custom)
2022-10-08 01:32:57,724 [pool-491-thread-1] INFO  server.RaftServerConfigKeys (ConfUtils.java:logGet(46)) - raft.server.log.corruption.policy = EXCEPTION (default)
2022-10-08 01:32:57,724 [pool-491-thread-1] INFO  server.RaftServerConfigKeys (ConfUtils.java:logGet(46)) - raft.server.storage.free-space.min = 0MB (=0) (default)
2022-10-08 01:32:57,724 [pool-491-thread-1] INFO  storage.RaftStorageDirectory (RaftStorageDirectoryImpl.java:analyzeStorage(135)) - The storage directory /home/runner/work/ozone/ozone/hadoop-ozone/integration-test/target/test-dir/MiniOzoneClusterImpl-b5c1db78-dac0-44d3-8f11-3a92d2c44f5f/datanode-1/data/ratis/b6740195-ae97-49e8-9c3e-ef029415f1c5 does not exist. Creating ...
2022-10-08 01:32:57,731 [pool-491-thread-1] INFO  storage.RaftStorageDirectory (RaftStorageDirectoryImpl.java:tryLock(230)) - Lock on /home/runner/work/ozone/ozone/hadoop-ozone/integration-test/target/test-dir/MiniOzoneClusterImpl-b5c1db78-dac0-44d3-8f11-3a92d2c44f5f/datanode-1/data/ratis/b6740195-ae97-49e8-9c3e-ef029415f1c5/in_use.lock acquired by nodename 52807@fv-az180-867
2022-10-08 01:32:57,738 [pool-491-thread-1] INFO  storage.RaftStorage (RaftStorageImpl.java:format(89)) - Storage directory /home/runner/work/ozone/ozone/hadoop-ozone/integration-test/target/test-dir/MiniOzoneClusterImpl-b5c1db78-dac0-44d3-8f11-3a92d2c44f5f/datanode-1/data/ratis/b6740195-ae97-49e8-9c3e-ef029415f1c5 has been successfully formatted.
2022-10-08 01:32:57,738 [pool-491-thread-1] INFO  ratis.ContainerStateMachine (ContainerStateMachine.java:loadSnapshot(236)) - group-EF029415F1C5: The snapshot info is null. Setting the last applied indexto:(t:0, i:~)
2022-10-08 01:32:57,738 [pool-491-thread-1] INFO  server.RaftServerConfigKeys (ConfUtils.java:logGet(46)) - raft.server.notification.no-leader.timeout = 300s (custom)
2022-10-08 01:32:57,738 [pool-491-thread-1] INFO  server.RaftServerConfigKeys (ConfUtils.java:logGet(46)) - raft.server.log.use.memory = false (default)
2022-10-08 01:32:57,738 [pool-491-thread-1] INFO  server.RaftServerConfigKeys (ConfUtils.java:logGet(46)) - raft.server.log.purge.gap = 1000000 (custom)
2022-10-08 01:32:57,738 [pool-491-thread-1] INFO  server.RaftServerConfigKeys (ConfUtils.java:logGet(46)) - raft.server.log.appender.buffer.byte-limit = 33554432 (custom)
2022-10-08 01:32:57,738 [pool-491-thread-1] INFO  server.RaftServerConfigKeys (ConfUtils.java:logGet(46)) - raft.server.log.statemachine.data.read.timeout = 1000ms (default)
2022-10-08 01:32:57,739 [pool-491-thread-1] INFO  server.RaftServerConfigKeys (ConfUtils.java:logGet(46)) - raft.server.log.segment.size.max = 1048576 (custom)
2022-10-08 01:32:57,739 [pool-491-thread-1] INFO  server.RaftServerConfigKeys (ConfUtils.java:logGet(46)) - raft.server.log.segment.cache.num.max = 2 (custom)
2022-10-08 01:32:57,739 [pool-491-thread-1] INFO  server.RaftServerConfigKeys (ConfUtils.java:logGet(46)) - raft.server.log.segment.cache.size.max = 200MB (=209715200) (default)
2022-10-08 01:32:57,739 [pool-491-thread-1] INFO  segmented.SegmentedRaftLogWorker (SegmentedRaftLogWorker.java:<init>(187)) - new 09c2f2af-7c19-464a-af99-f2c2b94b4067@group-EF029415F1C5-SegmentedRaftLogWorker for RaftStorageImpl:Storage Directory /home/runner/work/ozone/ozone/hadoop-ozone/integration-test/target/test-dir/MiniOzoneClusterImpl-b5c1db78-dac0-44d3-8f11-3a92d2c44f5f/datanode-1/data/ratis/b6740195-ae97-49e8-9c3e-ef029415f1c5
2022-10-08 01:32:57,739 [pool-491-thread-1] INFO  server.RaftServerConfigKeys (ConfUtils.java:logGet(46)) - raft.server.log.queue.byte-limit = 4294967296 (custom)
2022-10-08 01:32:57,739 [pool-491-thread-1] INFO  server.RaftServerConfigKeys (ConfUtils.java:logGet(46)) - raft.server.log.queue.element-limit = 1024 (custom)
2022-10-08 01:32:57,739 [pool-491-thread-1] INFO  server.RaftServerConfigKeys (ConfUtils.java:logGet(46)) - raft.server.log.segment.size.max = 1048576 (custom)
2022-10-08 01:32:57,739 [pool-491-thread-1] INFO  server.RaftServerConfigKeys (ConfUtils.java:logGet(46)) - raft.server.log.preallocated.size = 16384 (custom)
2022-10-08 01:32:57,739 [pool-491-thread-1] INFO  server.RaftServerConfigKeys (ConfUtils.java:logGet(46)) - raft.server.log.force.sync.num = 128 (default)
2022-10-08 01:32:57,739 [pool-491-thread-1] INFO  server.RaftServerConfigKeys (ConfUtils.java:logGet(46)) - raft.server.log.statemachine.data.sync = true (default)
2022-10-08 01:32:57,739 [pool-491-thread-1] INFO  server.RaftServerConfigKeys (ConfUtils.java:logGet(46)) - raft.server.log.statemachine.data.sync.timeout = 10s (default)
2022-10-08 01:32:57,739 [pool-491-thread-1] INFO  server.RaftServerConfigKeys (ConfUtils.java:logGet(46)) - raft.server.log.statemachine.data.sync.timeout.retry = -1 (default)
2022-10-08 01:32:57,743 [EventQueue-PipelineReportForPipelineReportHandler] INFO  pipeline.PipelineManagerImpl (PipelineManagerImpl.java:openPipeline(367)) - Pipeline Pipeline[ Id: b6740195-ae97-49e8-9c3e-ef029415f1c5, Nodes: 09c2f2af-7c19-464a-af99-f2c2b94b4067{ip: 10.1.0.61, host: fv-az180-867.g3pwtgv4ffyuhaixmbmm0kyh3d.gx.internal.cloudapp.net, ports: [REPLICATION=41937, RATIS=44765, RATIS_ADMIN=44765, RATIS_SERVER=44765, STANDALONE=39829], networkLocation: /default-rack, certSerialId: null, persistedOpState: IN_SERVICE, persistedOpStateExpiryEpochSec: 0}, ReplicationConfig: RATIS/ONE, State:ALLOCATED, leaderId:09c2f2af-7c19-464a-af99-f2c2b94b4067, CreationTimestamp2022-10-08T01:32:54.752Z[Etc/UTC]] moved to OPEN state
2022-10-08 01:32:57,743 [EventQueue-OpenPipelineForHealthyPipelineSafeModeRule] INFO  safemode.SCMSafeModeManager (HealthyPipelineSafeModeRule.java:process(137)) - SCM in safe mode. Healthy pipelines reported count is 0, required healthy pipeline reported count is 1
2022-10-08 01:32:57,744 [pool-491-thread-1] INFO  server.RaftServerConfigKeys (ConfUtils.java:logGet(46)) - raft.server.log.write.buffer.size = 1048576 (custom)
2022-10-08 01:32:57,745 [pool-491-thread-1] INFO  server.RaftServerConfigKeys (ConfUtils.java:logGet(46)) - raft.server.log.unsafe-flush.enabled = false (default)
2022-10-08 01:32:57,745 [pool-491-thread-1] INFO  server.RaftServerConfigKeys (ConfUtils.java:logGet(46)) - raft.server.log.statemachine.data.caching.enabled = true (custom)
2022-10-08 01:32:57,745 [pool-491-thread-1] INFO  segmented.SegmentedRaftLogWorker (SegmentedRaftLogWorker.java:lambda$new$0(135)) - 09c2f2af-7c19-464a-af99-f2c2b94b4067@group-EF029415F1C5-SegmentedRaftLogWorker: flushIndex: setUnconditionally 0 -> -1
2022-10-08 01:32:57,745 [pool-491-thread-1] INFO  segmented.SegmentedRaftLogWorker (SegmentedRaftLogWorker.java:lambda$new$0(135)) - 09c2f2af-7c19-464a-af99-f2c2b94b4067@group-EF029415F1C5-SegmentedRaftLogWorker: safeCacheEvictIndex: setUnconditionally 0 -> -1
2022-10-08 01:32:57,756 [pool-491-thread-1] INFO  server.RaftServerConfigKeys (ConfUtils.java:logGet(46)) - raft.server.snapshot.auto.trigger.enabled = true (custom)
2022-10-08 01:32:57,756 [pool-491-thread-1] INFO  server.RaftServerConfigKeys (ConfUtils.java:logGet(46)) - raft.server.snapshot.auto.trigger.threshold = 10000 (custom)
2022-10-08 01:32:57,756 [pool-491-thread-1] INFO  server.RaftServerConfigKeys (ConfUtils.java:logGet(46)) - raft.server.snapshot.retention.file.num = 5 (custom)
2022-10-08 01:32:57,756 [pool-491-thread-1] INFO  server.RaftServerConfigKeys (ConfUtils.java:logGet(46)) - raft.server.log.purge.upto.snapshot.index = false (default)
2022-10-08 01:32:57,756 [pool-491-thread-1] INFO  server.RaftServerConfigKeys (ConfUtils.java:logGet(46)) - raft.server.retrycache.expirytime = 600000ms (custom)
2022-10-08 01:32:57,756 [pool-491-thread-1] INFO  server.RaftServerConfigKeys (ConfUtils.java:logGet(46)) - raft.server.retrycache.statistics.expirytime = 100μs (default)
2022-10-08 01:32:57,757 [pool-491-thread-1] INFO  server.RaftServerConfigKeys (ConfUtils.java:logGet(46)) - raft.server.log.appender.install.snapshot.enabled = false (custom)
2022-10-08 01:32:57,758 [pool-491-thread-1] INFO  server.RaftServerConfigKeys (ConfUtils.java:logGet(46)) - raft.server.threadpool.server.cached = true (default)
2022-10-08 01:32:57,758 [pool-491-thread-1] INFO  server.RaftServerConfigKeys (ConfUtils.java:logGet(46)) - raft.server.threadpool.server.size = 0 (default)
2022-10-08 01:32:57,758 [pool-491-thread-1] INFO  server.RaftServerConfigKeys (ConfUtils.java:logGet(46)) - raft.server.threadpool.client.cached = true (default)
2022-10-08 01:32:57,758 [pool-491-thread-1] INFO  server.RaftServerConfigKeys (ConfUtils.java:logGet(46)) - raft.server.threadpool.client.size = 0 (default)
2022-10-08 01:32:57,758 [pool-491-thread-1] INFO  server.RaftServer$Division (RaftServerImpl.java:start(310)) - 09c2f2af-7c19-464a-af99-f2c2b94b4067@group-EF029415F1C5: start as a follower, conf=-1: [09c2f2af-7c19-464a-af99-f2c2b94b4067|rpc:10.1.0.61:44765|priority:1], old=null
2022-10-08 01:32:57,758 [pool-491-thread-1] INFO  server.RaftServer$Division (RaftServerImpl.java:setRole(299)) - 09c2f2af-7c19-464a-af99-f2c2b94b4067@group-EF029415F1C5: changes role from      null to FOLLOWER at term 0 for startAsFollower
2022-10-08 01:32:57,758 [pool-491-thread-1] INFO  impl.RoleInfo (RoleInfo.java:updateAndGet(139)) - 09c2f2af-7c19-464a-af99-f2c2b94b4067: start 09c2f2af-7c19-464a-af99-f2c2b94b4067@group-EF029415F1C5-FollowerState
2022-10-08 01:32:57,764 [pool-491-thread-1] INFO  util.JmxRegister (JmxRegister.java:tryRegister(44)) - Successfully registered JMX Bean with object name Ratis:service=RaftServer,group=group-EF029415F1C5,id=09c2f2af-7c19-464a-af99-f2c2b94b4067
2022-10-08 01:32:57,776 [Command processor thread] INFO  ratis.XceiverServerRatis (XceiverServerRatis.java:addGroup(765)) - Created group PipelineID=b6740195-ae97-49e8-9c3e-ef029415f1c5
2022-10-08 01:32:57,776 [Command processor thread] INFO  commandhandler.CreatePipelineCommandHandler (CreatePipelineCommandHandler.java:handle(113)) - Created Pipeline RATIS ONE PipelineID=b6740195-ae97-49e8-9c3e-ef029415f1c5.
2022-10-08 01:32:57,785 [Listener at 127.0.0.1/33489] INFO  ozone.MiniOzoneClusterImpl (MiniOzoneClusterImpl.java:lambda$waitForClusterToBeReady$0(216)) - Waiting for nodes to be ready. Got 4 of 5 DN Heartbeats.
2022-10-08 01:32:57,786 [Listener at 127.0.0.1/33489] INFO  ozone.MiniOzoneClusterImpl (MiniOzoneClusterImpl.java:lambda$waitForClusterToBeReady$0(219)) - Waiting for cluster to exit safe mode
2022-10-08 01:32:57,786 [Listener at 127.0.0.1/33489] INFO  ozone.MiniOzoneClusterImpl (MiniOzoneClusterImpl.java:lambda$waitForClusterToBeReady$0(221)) - SCM became leader
2022-10-08 01:32:57,817 [IPC Server handler 5 on default port 40177] INFO  net.NetworkTopologyImpl (NetworkTopologyImpl.java:add(112)) - Added a new node: /default-rack/12424a6c-52f6-4db6-8b56-b88c559f85ca
2022-10-08 01:32:57,817 [IPC Server handler 5 on default port 40177] INFO  node.SCMNodeManager (SCMNodeManager.java:register(397)) - Registered Data node : 12424a6c-52f6-4db6-8b56-b88c559f85ca{ip: 10.1.0.61, host: fv-az180-867.g3pwtgv4ffyuhaixmbmm0kyh3d.gx.internal.cloudapp.net, ports: [REPLICATION=44871, RATIS=43799, RATIS_ADMIN=43799, RATIS_SERVER=43799, STANDALONE=38589], networkLocation: /default-rack, certSerialId: null, persistedOpState: null, persistedOpStateExpiryEpochSec: 0}
2022-10-08 01:32:57,819 [EventQueue-NewNodeForNewNodeHandler] INFO  pipeline.BackgroundPipelineCreator (BackgroundPipelineCreator.java:notifyEventTriggered(276)) - trigger a one-shot run on RatisPipelineUtilsThread.
2022-10-08 01:32:57,824 [RatisPipelineUtilsThread - 0] INFO  pipeline.RatisPipelineProvider (RatisPipelineProvider.java:lambda$create$0(195)) - Sending CreatePipelineCommand for pipeline:PipelineID=18303d81-e3d8-4f30-b981-f1747b566097 to datanode:12424a6c-52f6-4db6-8b56-b88c559f85ca
2022-10-08 01:32:57,825 [RatisPipelineUtilsThread - 0] INFO  pipeline.PipelineStateManagerImpl (PipelineStateManagerImpl.java:addPipeline(103)) - Created pipeline Pipeline[ Id: 18303d81-e3d8-4f30-b981-f1747b566097, Nodes: 12424a6c-52f6-4db6-8b56-b88c559f85ca{ip: 10.1.0.61, host: fv-az180-867.g3pwtgv4ffyuhaixmbmm0kyh3d.gx.internal.cloudapp.net, ports: [REPLICATION=44871, RATIS=43799, RATIS_ADMIN=43799, RATIS_SERVER=43799, STANDALONE=38589], networkLocation: /default-rack, certSerialId: null, persistedOpState: IN_SERVICE, persistedOpStateExpiryEpochSec: 0}, ReplicationConfig: RATIS/ONE, State:ALLOCATED, leaderId:, CreationTimestamp2022-10-08T01:32:57.824Z[Etc/UTC]].
2022-10-08 01:32:58,265 [ReplicationMonitor] INFO  replication.ReplicationManager (ReplicationManager.java:processAll(291)) - Replication Manager is not ready to run until 3000ms after safemode exit
2022-10-08 01:32:58,786 [Listener at 127.0.0.1/33489] INFO  ozone.MiniOzoneClusterImpl (MiniOzoneClusterImpl.java:lambda$waitForClusterToBeReady$0(216)) - Nodes are ready. Got 5 of 5 DN Heartbeats.
2022-10-08 01:32:58,786 [Listener at 127.0.0.1/33489] INFO  ozone.MiniOzoneClusterImpl (MiniOzoneClusterImpl.java:lambda$waitForClusterToBeReady$0(219)) - Waiting for cluster to exit safe mode
2022-10-08 01:32:58,786 [Listener at 127.0.0.1/33489] INFO  ozone.MiniOzoneClusterImpl (MiniOzoneClusterImpl.java:lambda$waitForClusterToBeReady$0(221)) - SCM became leader
2022-10-08 01:32:58,825 [Command processor thread] INFO  server.RaftServer (RaftServerProxy.java:addNew(96)) - b26d27ed-ea79-45a9-9638-48175110d4e1: addNew group-1174A5ACAA97:[b26d27ed-ea79-45a9-9638-48175110d4e1|rpc:10.1.0.61:45255|priority:1] returns group-1174A5ACAA97:java.util.concurrent.CompletableFuture@10e4543d[Not completed]
2022-10-08 01:32:58,825 [pool-514-thread-1] INFO  server.RaftServer$Division (RaftServerImpl.java:<init>(190)) - b26d27ed-ea79-45a9-9638-48175110d4e1: new RaftServerImpl for group-1174A5ACAA97:[b26d27ed-ea79-45a9-9638-48175110d4e1|rpc:10.1.0.61:45255|priority:1] with ContainerStateMachine:uninitialized
2022-10-08 01:32:58,826 [pool-514-thread-1] INFO  server.RaftServerConfigKeys (ConfUtils.java:logGet(46)) - raft.server.rpc.timeout.min = 5s (custom)
2022-10-08 01:32:58,826 [pool-514-thread-1] INFO  server.RaftServerConfigKeys (ConfUtils.java:logGet(46)) - raft.server.rpc.timeout.max = 5200ms (custom)
2022-10-08 01:32:58,826 [pool-514-thread-1] INFO  server.RaftServerConfigKeys (ConfUtils.java:logGet(46)) - raft.server.rpc.sleep.time = 25ms (default)
2022-10-08 01:32:58,826 [pool-514-thread-1] INFO  server.RaftServerConfigKeys (ConfUtils.java:logGet(46)) - raft.server.rpc.slowness.timeout = 300s (custom)
2022-10-08 01:32:58,826 [pool-514-thread-1] INFO  server.RaftServerConfigKeys (ConfUtils.java:logGet(46)) - raft.server.leaderelection.leader.step-down.wait-time = 10s (default)
2022-10-08 01:32:58,826 [pool-514-thread-1] INFO  server.RaftServerConfigKeys (ConfUtils.java:logGet(46)) - raft.server.sleep.deviation.threshold = 300ms (default)
2022-10-08 01:32:58,826 [pool-514-thread-1] INFO  server.RaftServer$Division (ServerState.java:<init>(107)) - b26d27ed-ea79-45a9-9638-48175110d4e1@group-1174A5ACAA97: ConfigurationManager, init=-1: [b26d27ed-ea79-45a9-9638-48175110d4e1|rpc:10.1.0.61:45255|priority:1], old=null, confs=<EMPTY_MAP>
2022-10-08 01:32:58,826 [pool-514-thread-1] INFO  server.RaftServerConfigKeys (ConfUtils.java:logGet(46)) - raft.server.storage.dir = [/home/runner/work/ozone/ozone/hadoop-ozone/integration-test/target/test-dir/MiniOzoneClusterImpl-b5c1db78-dac0-44d3-8f11-3a92d2c44f5f/datanode-2/data/ratis] (custom)
2022-10-08 01:32:58,826 [pool-514-thread-1] INFO  server.RaftServerConfigKeys (ConfUtils.java:logGet(46)) - raft.server.log.corruption.policy = EXCEPTION (default)
2022-10-08 01:32:58,826 [pool-514-thread-1] INFO  server.RaftServerConfigKeys (ConfUtils.java:logGet(46)) - raft.server.storage.free-space.min = 0MB (=0) (default)
2022-10-08 01:32:58,826 [pool-514-thread-1] INFO  storage.RaftStorageDirectory (RaftStorageDirectoryImpl.java:analyzeStorage(135)) - The storage directory /home/runner/work/ozone/ozone/hadoop-ozone/integration-test/target/test-dir/MiniOzoneClusterImpl-b5c1db78-dac0-44d3-8f11-3a92d2c44f5f/datanode-2/data/ratis/8a416377-8ad8-45ca-8bb1-1174a5acaa97 does not exist. Creating ...
2022-10-08 01:32:58,834 [pool-514-thread-1] INFO  storage.RaftStorageDirectory (RaftStorageDirectoryImpl.java:tryLock(230)) - Lock on /home/runner/work/ozone/ozone/hadoop-ozone/integration-test/target/test-dir/MiniOzoneClusterImpl-b5c1db78-dac0-44d3-8f11-3a92d2c44f5f/datanode-2/data/ratis/8a416377-8ad8-45ca-8bb1-1174a5acaa97/in_use.lock acquired by nodename 52807@fv-az180-867
2022-10-08 01:32:58,841 [pool-514-thread-1] INFO  storage.RaftStorage (RaftStorageImpl.java:format(89)) - Storage directory /home/runner/work/ozone/ozone/hadoop-ozone/integration-test/target/test-dir/MiniOzoneClusterImpl-b5c1db78-dac0-44d3-8f11-3a92d2c44f5f/datanode-2/data/ratis/8a416377-8ad8-45ca-8bb1-1174a5acaa97 has been successfully formatted.
2022-10-08 01:32:58,841 [pool-514-thread-1] INFO  ratis.ContainerStateMachine (ContainerStateMachine.java:loadSnapshot(236)) - group-1174A5ACAA97: The snapshot info is null. Setting the last applied indexto:(t:0, i:~)
2022-10-08 01:32:58,841 [pool-514-thread-1] INFO  server.RaftServerConfigKeys (ConfUtils.java:logGet(46)) - raft.server.notification.no-leader.timeout = 300s (custom)
2022-10-08 01:32:58,841 [pool-514-thread-1] INFO  server.RaftServerConfigKeys (ConfUtils.java:logGet(46)) - raft.server.log.use.memory = false (default)
2022-10-08 01:32:58,841 [pool-514-thread-1] INFO  server.RaftServerConfigKeys (ConfUtils.java:logGet(46)) - raft.server.log.purge.gap = 1000000 (custom)
2022-10-08 01:32:58,841 [pool-514-thread-1] INFO  server.RaftServerConfigKeys (ConfUtils.java:logGet(46)) - raft.server.log.appender.buffer.byte-limit = 33554432 (custom)
2022-10-08 01:32:58,841 [pool-514-thread-1] INFO  server.RaftServerConfigKeys (ConfUtils.java:logGet(46)) - raft.server.log.statemachine.data.read.timeout = 1000ms (default)
2022-10-08 01:32:58,841 [pool-514-thread-1] INFO  server.RaftServerConfigKeys (ConfUtils.java:logGet(46)) - raft.server.log.segment.size.max = 1048576 (custom)
2022-10-08 01:32:58,842 [pool-514-thread-1] INFO  server.RaftServerConfigKeys (ConfUtils.java:logGet(46)) - raft.server.log.segment.cache.num.max = 2 (custom)
2022-10-08 01:32:58,842 [pool-514-thread-1] INFO  server.RaftServerConfigKeys (ConfUtils.java:logGet(46)) - raft.server.log.segment.cache.size.max = 200MB (=209715200) (default)
2022-10-08 01:32:58,842 [pool-514-thread-1] INFO  segmented.SegmentedRaftLogWorker (SegmentedRaftLogWorker.java:<init>(187)) - new b26d27ed-ea79-45a9-9638-48175110d4e1@group-1174A5ACAA97-SegmentedRaftLogWorker for RaftStorageImpl:Storage Directory /home/runner/work/ozone/ozone/hadoop-ozone/integration-test/target/test-dir/MiniOzoneClusterImpl-b5c1db78-dac0-44d3-8f11-3a92d2c44f5f/datanode-2/data/ratis/8a416377-8ad8-45ca-8bb1-1174a5acaa97
2022-10-08 01:32:58,842 [pool-514-thread-1] INFO  server.RaftServerConfigKeys (ConfUtils.java:logGet(46)) - raft.server.log.queue.byte-limit = 4294967296 (custom)
2022-10-08 01:32:58,842 [pool-514-thread-1] INFO  server.RaftServerConfigKeys (ConfUtils.java:logGet(46)) - raft.server.log.queue.element-limit = 1024 (custom)
2022-10-08 01:32:58,842 [pool-514-thread-1] INFO  server.RaftServerConfigKeys (ConfUtils.java:logGet(46)) - raft.server.log.segment.size.max = 1048576 (custom)
2022-10-08 01:32:58,842 [pool-514-thread-1] INFO  server.RaftServerConfigKeys (ConfUtils.java:logGet(46)) - raft.server.log.preallocated.size = 16384 (custom)
2022-10-08 01:32:58,842 [pool-514-thread-1] INFO  server.RaftServerConfigKeys (ConfUtils.java:logGet(46)) - raft.server.log.force.sync.num = 128 (default)
2022-10-08 01:32:58,842 [pool-514-thread-1] INFO  server.RaftServerConfigKeys (ConfUtils.java:logGet(46)) - raft.server.log.statemachine.data.sync = true (default)
2022-10-08 01:32:58,842 [pool-514-thread-1] INFO  server.RaftServerConfigKeys (ConfUtils.java:logGet(46)) - raft.server.log.statemachine.data.sync.timeout = 10s (default)
2022-10-08 01:32:58,842 [pool-514-thread-1] INFO  server.RaftServerConfigKeys (ConfUtils.java:logGet(46)) - raft.server.log.statemachine.data.sync.timeout.retry = -1 (default)
2022-10-08 01:32:58,846 [EventQueue-PipelineReportForPipelineReportHandler] INFO  pipeline.PipelineManagerImpl (PipelineManagerImpl.java:openPipeline(367)) - Pipeline Pipeline[ Id: 8a416377-8ad8-45ca-8bb1-1174a5acaa97, Nodes: b26d27ed-ea79-45a9-9638-48175110d4e1{ip: 10.1.0.61, host: fv-az180-867.g3pwtgv4ffyuhaixmbmm0kyh3d.gx.internal.cloudapp.net, ports: [REPLICATION=41421, RATIS=45255, RATIS_ADMIN=45255, RATIS_SERVER=45255, STANDALONE=37381], networkLocation: /default-rack, certSerialId: null, persistedOpState: IN_SERVICE, persistedOpStateExpiryEpochSec: 0}, ReplicationConfig: RATIS/ONE, State:ALLOCATED, leaderId:b26d27ed-ea79-45a9-9638-48175110d4e1, CreationTimestamp2022-10-08T01:32:55.841Z[Etc/UTC]] moved to OPEN state
2022-10-08 01:32:58,846 [EventQueue-OpenPipelineForHealthyPipelineSafeModeRule] INFO  safemode.SCMSafeModeManager (HealthyPipelineSafeModeRule.java:process(137)) - SCM in safe mode. Healthy pipelines reported count is 0, required healthy pipeline reported count is 1
2022-10-08 01:32:58,848 [pool-514-thread-1] INFO  server.RaftServerConfigKeys (ConfUtils.java:logGet(46)) - raft.server.log.write.buffer.size = 1048576 (custom)
2022-10-08 01:32:58,849 [pool-514-thread-1] INFO  server.RaftServerConfigKeys (ConfUtils.java:logGet(46)) - raft.server.log.unsafe-flush.enabled = false (default)
2022-10-08 01:32:58,849 [pool-514-thread-1] INFO  server.RaftServerConfigKeys (ConfUtils.java:logGet(46)) - raft.server.log.statemachine.data.caching.enabled = true (custom)
2022-10-08 01:32:58,849 [pool-514-thread-1] INFO  segmented.SegmentedRaftLogWorker (SegmentedRaftLogWorker.java:lambda$new$0(135)) - b26d27ed-ea79-45a9-9638-48175110d4e1@group-1174A5ACAA97-SegmentedRaftLogWorker: flushIndex: setUnconditionally 0 -> -1
2022-10-08 01:32:58,849 [pool-514-thread-1] INFO  segmented.SegmentedRaftLogWorker (SegmentedRaftLogWorker.java:lambda$new$0(135)) - b26d27ed-ea79-45a9-9638-48175110d4e1@group-1174A5ACAA97-SegmentedRaftLogWorker: safeCacheEvictIndex: setUnconditionally 0 -> -1
2022-10-08 01:32:58,862 [pool-514-thread-1] INFO  server.RaftServerConfigKeys (ConfUtils.java:logGet(46)) - raft.server.snapshot.auto.trigger.enabled = true (custom)
2022-10-08 01:32:58,862 [pool-514-thread-1] INFO  server.RaftServerConfigKeys (ConfUtils.java:logGet(46)) - raft.server.snapshot.auto.trigger.threshold = 10000 (custom)
2022-10-08 01:32:58,862 [pool-514-thread-1] INFO  server.RaftServerConfigKeys (ConfUtils.java:logGet(46)) - raft.server.snapshot.retention.file.num = 5 (custom)
2022-10-08 01:32:58,862 [pool-514-thread-1] INFO  server.RaftServerConfigKeys (ConfUtils.java:logGet(46)) - raft.server.log.purge.upto.snapshot.index = false (default)
2022-10-08 01:32:58,862 [pool-514-thread-1] INFO  server.RaftServerConfigKeys (ConfUtils.java:logGet(46)) - raft.server.retrycache.expirytime = 600000ms (custom)
2022-10-08 01:32:58,862 [pool-514-thread-1] INFO  server.RaftServerConfigKeys (ConfUtils.java:logGet(46)) - raft.server.retrycache.statistics.expirytime = 100μs (default)
2022-10-08 01:32:58,863 [pool-514-thread-1] INFO  server.RaftServerConfigKeys (ConfUtils.java:logGet(46)) - raft.server.log.appender.install.snapshot.enabled = false (custom)
2022-10-08 01:32:58,863 [pool-514-thread-1] INFO  server.RaftServerConfigKeys (ConfUtils.java:logGet(46)) - raft.server.threadpool.server.cached = true (default)
2022-10-08 01:32:58,863 [pool-514-thread-1] INFO  server.RaftServerConfigKeys (ConfUtils.java:logGet(46)) - raft.server.threadpool.server.size = 0 (default)
2022-10-08 01:32:58,864 [pool-514-thread-1] INFO  server.RaftServerConfigKeys (ConfUtils.java:logGet(46)) - raft.server.threadpool.client.cached = true (default)
2022-10-08 01:32:58,864 [pool-514-thread-1] INFO  server.RaftServerConfigKeys (ConfUtils.java:logGet(46)) - raft.server.threadpool.client.size = 0 (default)
2022-10-08 01:32:58,864 [pool-514-thread-1] INFO  server.RaftServer$Division (RaftServerImpl.java:start(310)) - b26d27ed-ea79-45a9-9638-48175110d4e1@group-1174A5ACAA97: start as a follower, conf=-1: [b26d27ed-ea79-45a9-9638-48175110d4e1|rpc:10.1.0.61:45255|priority:1], old=null
2022-10-08 01:32:58,864 [pool-514-thread-1] INFO  server.RaftServer$Division (RaftServerImpl.java:setRole(299)) - b26d27ed-ea79-45a9-9638-48175110d4e1@group-1174A5ACAA97: changes role from      null to FOLLOWER at term 0 for startAsFollower
2022-10-08 01:32:58,864 [pool-514-thread-1] INFO  impl.RoleInfo (RoleInfo.java:updateAndGet(139)) - b26d27ed-ea79-45a9-9638-48175110d4e1: start b26d27ed-ea79-45a9-9638-48175110d4e1@group-1174A5ACAA97-FollowerState
2022-10-08 01:32:58,865 [pool-514-thread-1] INFO  util.JmxRegister (JmxRegister.java:tryRegister(44)) - Successfully registered JMX Bean with object name Ratis:service=RaftServer,group=group-1174A5ACAA97,id=b26d27ed-ea79-45a9-9638-48175110d4e1
2022-10-08 01:32:58,874 [Command processor thread] INFO  ratis.XceiverServerRatis (XceiverServerRatis.java:addGroup(765)) - Created group PipelineID=8a416377-8ad8-45ca-8bb1-1174a5acaa97
2022-10-08 01:32:58,874 [Command processor thread] INFO  commandhandler.CreatePipelineCommandHandler (CreatePipelineCommandHandler.java:handle(113)) - Created Pipeline RATIS ONE PipelineID=8a416377-8ad8-45ca-8bb1-1174a5acaa97.
2022-10-08 01:32:59,266 [ReplicationMonitor] INFO  replication.ReplicationManager (ReplicationManager.java:processAll(291)) - Replication Manager is not ready to run until 3000ms after safemode exit
2022-10-08 01:32:59,764 [Command processor thread] INFO  server.RaftServer (RaftServerProxy.java:addNew(96)) - 12a173ea-bcad-49ed-951b-4ff1546d98a9: addNew group-A8B215C1F10E:[12a173ea-bcad-49ed-951b-4ff1546d98a9|rpc:10.1.0.61:41669|priority:1] returns group-A8B215C1F10E:java.util.concurrent.CompletableFuture@2a59c74f[Not completed]
2022-10-08 01:32:59,786 [Listener at 127.0.0.1/33489] INFO  ozone.MiniOzoneClusterImpl (MiniOzoneClusterImpl.java:lambda$waitForClusterToBeReady$0(216)) - Nodes are ready. Got 5 of 5 DN Heartbeats.
2022-10-08 01:32:59,786 [Listener at 127.0.0.1/33489] INFO  ozone.MiniOzoneClusterImpl (MiniOzoneClusterImpl.java:lambda$waitForClusterToBeReady$0(219)) - Waiting for cluster to exit safe mode
2022-10-08 01:32:59,786 [Listener at 127.0.0.1/33489] INFO  ozone.MiniOzoneClusterImpl (MiniOzoneClusterImpl.java:lambda$waitForClusterToBeReady$0(221)) - SCM became leader
2022-10-08 01:32:59,786 [pool-541-thread-1] INFO  server.RaftServer$Division (RaftServerImpl.java:<init>(190)) - 12a173ea-bcad-49ed-951b-4ff1546d98a9: new RaftServerImpl for group-A8B215C1F10E:[12a173ea-bcad-49ed-951b-4ff1546d98a9|rpc:10.1.0.61:41669|priority:1] with ContainerStateMachine:uninitialized
2022-10-08 01:32:59,787 [pool-541-thread-1] INFO  server.RaftServerConfigKeys (ConfUtils.java:logGet(46)) - raft.server.rpc.timeout.min = 5s (custom)
2022-10-08 01:32:59,787 [pool-541-thread-1] INFO  server.RaftServerConfigKeys (ConfUtils.java:logGet(46)) - raft.server.rpc.timeout.max = 5200ms (custom)
2022-10-08 01:32:59,787 [pool-541-thread-1] INFO  server.RaftServerConfigKeys (ConfUtils.java:logGet(46)) - raft.server.rpc.sleep.time = 25ms (default)
2022-10-08 01:32:59,787 [pool-541-thread-1] INFO  server.RaftServerConfigKeys (ConfUtils.java:logGet(46)) - raft.server.rpc.slowness.timeout = 300s (custom)
2022-10-08 01:32:59,787 [pool-541-thread-1] INFO  server.RaftServerConfigKeys (ConfUtils.java:logGet(46)) - raft.server.leaderelection.leader.step-down.wait-time = 10s (default)
2022-10-08 01:32:59,787 [pool-541-thread-1] INFO  server.RaftServerConfigKeys (ConfUtils.java:logGet(46)) - raft.server.sleep.deviation.threshold = 300ms (default)
2022-10-08 01:32:59,787 [pool-541-thread-1] INFO  server.RaftServer$Division (ServerState.java:<init>(107)) - 12a173ea-bcad-49ed-951b-4ff1546d98a9@group-A8B215C1F10E: ConfigurationManager, init=-1: [12a173ea-bcad-49ed-951b-4ff1546d98a9|rpc:10.1.0.61:41669|priority:1], old=null, confs=<EMPTY_MAP>
2022-10-08 01:32:59,787 [pool-541-thread-1] INFO  server.RaftServerConfigKeys (ConfUtils.java:logGet(46)) - raft.server.storage.dir = [/home/runner/work/ozone/ozone/hadoop-ozone/integration-test/target/test-dir/MiniOzoneClusterImpl-b5c1db78-dac0-44d3-8f11-3a92d2c44f5f/datanode-3/data/ratis] (custom)
2022-10-08 01:32:59,787 [pool-541-thread-1] INFO  server.RaftServerConfigKeys (ConfUtils.java:logGet(46)) - raft.server.log.corruption.policy = EXCEPTION (default)
2022-10-08 01:32:59,787 [pool-541-thread-1] INFO  server.RaftServerConfigKeys (ConfUtils.java:logGet(46)) - raft.server.storage.free-space.min = 0MB (=0) (default)
2022-10-08 01:32:59,787 [pool-541-thread-1] INFO  storage.RaftStorageDirectory (RaftStorageDirectoryImpl.java:analyzeStorage(135)) - The storage directory /home/runner/work/ozone/ozone/hadoop-ozone/integration-test/target/test-dir/MiniOzoneClusterImpl-b5c1db78-dac0-44d3-8f11-3a92d2c44f5f/datanode-3/data/ratis/815da0d8-dc70-4577-8bf3-a8b215c1f10e does not exist. Creating ...
2022-10-08 01:32:59,794 [pool-541-thread-1] INFO  storage.RaftStorageDirectory (RaftStorageDirectoryImpl.java:tryLock(230)) - Lock on /home/runner/work/ozone/ozone/hadoop-ozone/integration-test/target/test-dir/MiniOzoneClusterImpl-b5c1db78-dac0-44d3-8f11-3a92d2c44f5f/datanode-3/data/ratis/815da0d8-dc70-4577-8bf3-a8b215c1f10e/in_use.lock acquired by nodename 52807@fv-az180-867
2022-10-08 01:32:59,801 [pool-541-thread-1] INFO  storage.RaftStorage (RaftStorageImpl.java:format(89)) - Storage directory /home/runner/work/ozone/ozone/hadoop-ozone/integration-test/target/test-dir/MiniOzoneClusterImpl-b5c1db78-dac0-44d3-8f11-3a92d2c44f5f/datanode-3/data/ratis/815da0d8-dc70-4577-8bf3-a8b215c1f10e has been successfully formatted.
2022-10-08 01:32:59,802 [pool-541-thread-1] INFO  ratis.ContainerStateMachine (ContainerStateMachine.java:loadSnapshot(236)) - group-A8B215C1F10E: The snapshot info is null. Setting the last applied indexto:(t:0, i:~)
2022-10-08 01:32:59,802 [pool-541-thread-1] INFO  server.RaftServerConfigKeys (ConfUtils.java:logGet(46)) - raft.server.notification.no-leader.timeout = 300s (custom)
2022-10-08 01:32:59,802 [pool-541-thread-1] INFO  server.RaftServerConfigKeys (ConfUtils.java:logGet(46)) - raft.server.log.use.memory = false (default)
2022-10-08 01:32:59,802 [pool-541-thread-1] INFO  server.RaftServerConfigKeys (ConfUtils.java:logGet(46)) - raft.server.log.purge.gap = 1000000 (custom)
2022-10-08 01:32:59,802 [pool-541-thread-1] INFO  server.RaftServerConfigKeys (ConfUtils.java:logGet(46)) - raft.server.log.appender.buffer.byte-limit = 33554432 (custom)
2022-10-08 01:32:59,802 [pool-541-thread-1] INFO  server.RaftServerConfigKeys (ConfUtils.java:logGet(46)) - raft.server.log.statemachine.data.read.timeout = 1000ms (default)
2022-10-08 01:32:59,803 [pool-541-thread-1] INFO  server.RaftServerConfigKeys (ConfUtils.java:logGet(46)) - raft.server.log.segment.size.max = 1048576 (custom)
2022-10-08 01:32:59,803 [pool-541-thread-1] INFO  server.RaftServerConfigKeys (ConfUtils.java:logGet(46)) - raft.server.log.segment.cache.num.max = 2 (custom)
2022-10-08 01:32:59,803 [pool-541-thread-1] INFO  server.RaftServerConfigKeys (ConfUtils.java:logGet(46)) - raft.server.log.segment.cache.size.max = 200MB (=209715200) (default)
2022-10-08 01:32:59,803 [pool-541-thread-1] INFO  segmented.SegmentedRaftLogWorker (SegmentedRaftLogWorker.java:<init>(187)) - new 12a173ea-bcad-49ed-951b-4ff1546d98a9@group-A8B215C1F10E-SegmentedRaftLogWorker for RaftStorageImpl:Storage Directory /home/runner/work/ozone/ozone/hadoop-ozone/integration-test/target/test-dir/MiniOzoneClusterImpl-b5c1db78-dac0-44d3-8f11-3a92d2c44f5f/datanode-3/data/ratis/815da0d8-dc70-4577-8bf3-a8b215c1f10e
2022-10-08 01:32:59,803 [pool-541-thread-1] INFO  server.RaftServerConfigKeys (ConfUtils.java:logGet(46)) - raft.server.log.queue.byte-limit = 4294967296 (custom)
2022-10-08 01:32:59,803 [pool-541-thread-1] INFO  server.RaftServerConfigKeys (ConfUtils.java:logGet(46)) - raft.server.log.queue.element-limit = 1024 (custom)
2022-10-08 01:32:59,803 [pool-541-thread-1] INFO  server.RaftServerConfigKeys (ConfUtils.java:logGet(46)) - raft.server.log.segment.size.max = 1048576 (custom)
2022-10-08 01:32:59,803 [pool-541-thread-1] INFO  server.RaftServerConfigKeys (ConfUtils.java:logGet(46)) - raft.server.log.preallocated.size = 16384 (custom)
2022-10-08 01:32:59,803 [pool-541-thread-1] INFO  server.RaftServerConfigKeys (ConfUtils.java:logGet(46)) - raft.server.log.force.sync.num = 128 (default)
2022-10-08 01:32:59,803 [pool-541-thread-1] INFO  server.RaftServerConfigKeys (ConfUtils.java:logGet(46)) - raft.server.log.statemachine.data.sync = true (default)
2022-10-08 01:32:59,803 [pool-541-thread-1] INFO  server.RaftServerConfigKeys (ConfUtils.java:logGet(46)) - raft.server.log.statemachine.data.sync.timeout = 10s (default)
2022-10-08 01:32:59,804 [pool-541-thread-1] INFO  server.RaftServerConfigKeys (ConfUtils.java:logGet(46)) - raft.server.log.statemachine.data.sync.timeout.retry = -1 (default)
2022-10-08 01:32:59,805 [EventQueue-PipelineReportForPipelineReportHandler] INFO  pipeline.PipelineManagerImpl (PipelineManagerImpl.java:openPipeline(367)) - Pipeline Pipeline[ Id: 815da0d8-dc70-4577-8bf3-a8b215c1f10e, Nodes: 12a173ea-bcad-49ed-951b-4ff1546d98a9{ip: 10.1.0.61, host: fv-az180-867.g3pwtgv4ffyuhaixmbmm0kyh3d.gx.internal.cloudapp.net, ports: [REPLICATION=42867, RATIS=41669, RATIS_ADMIN=41669, RATIS_SERVER=41669, STANDALONE=39883], networkLocation: /default-rack, certSerialId: null, persistedOpState: IN_SERVICE, persistedOpStateExpiryEpochSec: 0}, ReplicationConfig: RATIS/ONE, State:ALLOCATED, leaderId:12a173ea-bcad-49ed-951b-4ff1546d98a9, CreationTimestamp2022-10-08T01:32:56.763Z[Etc/UTC]] moved to OPEN state
2022-10-08 01:32:59,806 [pool-541-thread-1] INFO  server.RaftServerConfigKeys (ConfUtils.java:logGet(46)) - raft.server.log.write.buffer.size = 1048576 (custom)
2022-10-08 01:32:59,806 [EventQueue-OpenPipelineForHealthyPipelineSafeModeRule] INFO  safemode.SCMSafeModeManager (HealthyPipelineSafeModeRule.java:process(137)) - SCM in safe mode. Healthy pipelines reported count is 0, required healthy pipeline reported count is 1
2022-10-08 01:32:59,806 [pool-541-thread-1] INFO  server.RaftServerConfigKeys (ConfUtils.java:logGet(46)) - raft.server.log.unsafe-flush.enabled = false (default)
2022-10-08 01:32:59,806 [pool-541-thread-1] INFO  server.RaftServerConfigKeys (ConfUtils.java:logGet(46)) - raft.server.log.statemachine.data.caching.enabled = true (custom)
2022-10-08 01:32:59,806 [pool-541-thread-1] INFO  segmented.SegmentedRaftLogWorker (SegmentedRaftLogWorker.java:lambda$new$0(135)) - 12a173ea-bcad-49ed-951b-4ff1546d98a9@group-A8B215C1F10E-SegmentedRaftLogWorker: flushIndex: setUnconditionally 0 -> -1
2022-10-08 01:32:59,806 [pool-541-thread-1] INFO  segmented.SegmentedRaftLogWorker (SegmentedRaftLogWorker.java:lambda$new$0(135)) - 12a173ea-bcad-49ed-951b-4ff1546d98a9@group-A8B215C1F10E-SegmentedRaftLogWorker: safeCacheEvictIndex: setUnconditionally 0 -> -1
2022-10-08 01:32:59,807 [pool-541-thread-1] INFO  server.RaftServerConfigKeys (ConfUtils.java:logGet(46)) - raft.server.snapshot.auto.trigger.enabled = true (custom)
2022-10-08 01:32:59,807 [pool-541-thread-1] INFO  server.RaftServerConfigKeys (ConfUtils.java:logGet(46)) - raft.server.snapshot.auto.trigger.threshold = 10000 (custom)
2022-10-08 01:32:59,807 [pool-541-thread-1] INFO  server.RaftServerConfigKeys (ConfUtils.java:logGet(46)) - raft.server.snapshot.retention.file.num = 5 (custom)
2022-10-08 01:32:59,807 [pool-541-thread-1] INFO  server.RaftServerConfigKeys (ConfUtils.java:logGet(46)) - raft.server.log.purge.upto.snapshot.index = false (default)
2022-10-08 01:32:59,807 [pool-541-thread-1] INFO  server.RaftServerConfigKeys (ConfUtils.java:logGet(46)) - raft.server.retrycache.expirytime = 600000ms (custom)
2022-10-08 01:32:59,807 [pool-541-thread-1] INFO  server.RaftServerConfigKeys (ConfUtils.java:logGet(46)) - raft.server.retrycache.statistics.expirytime = 100μs (default)
2022-10-08 01:32:59,808 [pool-541-thread-1] INFO  server.RaftServerConfigKeys (ConfUtils.java:logGet(46)) - raft.server.log.appender.install.snapshot.enabled = false (custom)
2022-10-08 01:32:59,808 [pool-541-thread-1] INFO  server.RaftServerConfigKeys (ConfUtils.java:logGet(46)) - raft.server.threadpool.server.cached = true (default)
2022-10-08 01:32:59,808 [pool-541-thread-1] INFO  server.RaftServerConfigKeys (ConfUtils.java:logGet(46)) - raft.server.threadpool.server.size = 0 (default)
2022-10-08 01:32:59,808 [pool-541-thread-1] INFO  server.RaftServerConfigKeys (ConfUtils.java:logGet(46)) - raft.server.threadpool.client.cached = true (default)
2022-10-08 01:32:59,808 [pool-541-thread-1] INFO  server.RaftServerConfigKeys (ConfUtils.java:logGet(46)) - raft.server.threadpool.client.size = 0 (default)
2022-10-08 01:32:59,808 [pool-541-thread-1] INFO  server.RaftServer$Division (RaftServerImpl.java:start(310)) - 12a173ea-bcad-49ed-951b-4ff1546d98a9@group-A8B215C1F10E: start as a follower, conf=-1: [12a173ea-bcad-49ed-951b-4ff1546d98a9|rpc:10.1.0.61:41669|priority:1], old=null
2022-10-08 01:32:59,808 [pool-541-thread-1] INFO  server.RaftServer$Division (RaftServerImpl.java:setRole(299)) - 12a173ea-bcad-49ed-951b-4ff1546d98a9@group-A8B215C1F10E: changes role from      null to FOLLOWER at term 0 for startAsFollower
2022-10-08 01:32:59,809 [pool-541-thread-1] INFO  impl.RoleInfo (RoleInfo.java:updateAndGet(139)) - 12a173ea-bcad-49ed-951b-4ff1546d98a9: start 12a173ea-bcad-49ed-951b-4ff1546d98a9@group-A8B215C1F10E-FollowerState
2022-10-08 01:32:59,812 [pool-541-thread-1] INFO  util.JmxRegister (JmxRegister.java:tryRegister(44)) - Successfully registered JMX Bean with object name Ratis:service=RaftServer,group=group-A8B215C1F10E,id=12a173ea-bcad-49ed-951b-4ff1546d98a9
2022-10-08 01:32:59,816 [Command processor thread] INFO  ratis.XceiverServerRatis (XceiverServerRatis.java:addGroup(765)) - Created group PipelineID=815da0d8-dc70-4577-8bf3-a8b215c1f10e
2022-10-08 01:32:59,816 [Command processor thread] INFO  commandhandler.CreatePipelineCommandHandler (CreatePipelineCommandHandler.java:handle(113)) - Created Pipeline RATIS ONE PipelineID=815da0d8-dc70-4577-8bf3-a8b215c1f10e.
2022-10-08 01:33:00,266 [ReplicationMonitor] INFO  replication.ReplicationManager (ReplicationManager.java:processAll(291)) - Replication Manager is not ready to run until 3000ms after safemode exit
2022-10-08 01:33:00,787 [Listener at 127.0.0.1/33489] INFO  ozone.MiniOzoneClusterImpl (MiniOzoneClusterImpl.java:lambda$waitForClusterToBeReady$0(216)) - Nodes are ready. Got 5 of 5 DN Heartbeats.
2022-10-08 01:33:00,787 [Listener at 127.0.0.1/33489] INFO  ozone.MiniOzoneClusterImpl (MiniOzoneClusterImpl.java:lambda$waitForClusterToBeReady$0(219)) - Waiting for cluster to exit safe mode
2022-10-08 01:33:00,787 [Listener at 127.0.0.1/33489] INFO  ozone.MiniOzoneClusterImpl (MiniOzoneClusterImpl.java:lambda$waitForClusterToBeReady$0(221)) - SCM became leader
2022-10-08 01:33:00,817 [Command processor thread] INFO  server.RaftServer (RaftServerProxy.java:addNew(96)) - 12424a6c-52f6-4db6-8b56-b88c559f85ca: addNew group-F1747B566097:[12424a6c-52f6-4db6-8b56-b88c559f85ca|rpc:10.1.0.61:43799|priority:1] returns group-F1747B566097:java.util.concurrent.CompletableFuture@1f0f6799[Not completed]
2022-10-08 01:33:00,818 [pool-568-thread-1] INFO  server.RaftServer$Division (RaftServerImpl.java:<init>(190)) - 12424a6c-52f6-4db6-8b56-b88c559f85ca: new RaftServerImpl for group-F1747B566097:[12424a6c-52f6-4db6-8b56-b88c559f85ca|rpc:10.1.0.61:43799|priority:1] with ContainerStateMachine:uninitialized
2022-10-08 01:33:00,818 [pool-568-thread-1] INFO  server.RaftServerConfigKeys (ConfUtils.java:logGet(46)) - raft.server.rpc.timeout.min = 5s (custom)
2022-10-08 01:33:00,818 [pool-568-thread-1] INFO  server.RaftServerConfigKeys (ConfUtils.java:logGet(46)) - raft.server.rpc.timeout.max = 5200ms (custom)
2022-10-08 01:33:00,818 [pool-568-thread-1] INFO  server.RaftServerConfigKeys (ConfUtils.java:logGet(46)) - raft.server.rpc.sleep.time = 25ms (default)
2022-10-08 01:33:00,818 [pool-568-thread-1] INFO  server.RaftServerConfigKeys (ConfUtils.java:logGet(46)) - raft.server.rpc.slowness.timeout = 300s (custom)
2022-10-08 01:33:00,818 [pool-568-thread-1] INFO  server.RaftServerConfigKeys (ConfUtils.java:logGet(46)) - raft.server.leaderelection.leader.step-down.wait-time = 10s (default)
2022-10-08 01:33:00,818 [pool-568-thread-1] INFO  server.RaftServerConfigKeys (ConfUtils.java:logGet(46)) - raft.server.sleep.deviation.threshold = 300ms (default)
2022-10-08 01:33:00,818 [pool-568-thread-1] INFO  server.RaftServer$Division (ServerState.java:<init>(107)) - 12424a6c-52f6-4db6-8b56-b88c559f85ca@group-F1747B566097: ConfigurationManager, init=-1: [12424a6c-52f6-4db6-8b56-b88c559f85ca|rpc:10.1.0.61:43799|priority:1], old=null, confs=<EMPTY_MAP>
2022-10-08 01:33:00,818 [pool-568-thread-1] INFO  server.RaftServerConfigKeys (ConfUtils.java:logGet(46)) - raft.server.storage.dir = [/home/runner/work/ozone/ozone/hadoop-ozone/integration-test/target/test-dir/MiniOzoneClusterImpl-b5c1db78-dac0-44d3-8f11-3a92d2c44f5f/datanode-4/data/ratis] (custom)
2022-10-08 01:33:00,819 [pool-568-thread-1] INFO  server.RaftServerConfigKeys (ConfUtils.java:logGet(46)) - raft.server.log.corruption.policy = EXCEPTION (default)
2022-10-08 01:33:00,819 [pool-568-thread-1] INFO  server.RaftServerConfigKeys (ConfUtils.java:logGet(46)) - raft.server.storage.free-space.min = 0MB (=0) (default)
2022-10-08 01:33:00,819 [pool-568-thread-1] INFO  storage.RaftStorageDirectory (RaftStorageDirectoryImpl.java:analyzeStorage(135)) - The storage directory /home/runner/work/ozone/ozone/hadoop-ozone/integration-test/target/test-dir/MiniOzoneClusterImpl-b5c1db78-dac0-44d3-8f11-3a92d2c44f5f/datanode-4/data/ratis/18303d81-e3d8-4f30-b981-f1747b566097 does not exist. Creating ...
2022-10-08 01:33:00,840 [pool-568-thread-1] INFO  storage.RaftStorageDirectory (RaftStorageDirectoryImpl.java:tryLock(230)) - Lock on /home/runner/work/ozone/ozone/hadoop-ozone/integration-test/target/test-dir/MiniOzoneClusterImpl-b5c1db78-dac0-44d3-8f11-3a92d2c44f5f/datanode-4/data/ratis/18303d81-e3d8-4f30-b981-f1747b566097/in_use.lock acquired by nodename 52807@fv-az180-867
2022-10-08 01:33:00,846 [pool-568-thread-1] INFO  storage.RaftStorage (RaftStorageImpl.java:format(89)) - Storage directory /home/runner/work/ozone/ozone/hadoop-ozone/integration-test/target/test-dir/MiniOzoneClusterImpl-b5c1db78-dac0-44d3-8f11-3a92d2c44f5f/datanode-4/data/ratis/18303d81-e3d8-4f30-b981-f1747b566097 has been successfully formatted.
2022-10-08 01:33:00,861 [pool-568-thread-1] INFO  ratis.ContainerStateMachine (ContainerStateMachine.java:loadSnapshot(236)) - group-F1747B566097: The snapshot info is null. Setting the last applied indexto:(t:0, i:~)
2022-10-08 01:33:00,861 [pool-568-thread-1] INFO  server.RaftServerConfigKeys (ConfUtils.java:logGet(46)) - raft.server.notification.no-leader.timeout = 300s (custom)
2022-10-08 01:33:00,861 [pool-568-thread-1] INFO  server.RaftServerConfigKeys (ConfUtils.java:logGet(46)) - raft.server.log.use.memory = false (default)
2022-10-08 01:33:00,861 [pool-568-thread-1] INFO  server.RaftServerConfigKeys (ConfUtils.java:logGet(46)) - raft.server.log.purge.gap = 1000000 (custom)
2022-10-08 01:33:00,861 [pool-568-thread-1] INFO  server.RaftServerConfigKeys (ConfUtils.java:logGet(46)) - raft.server.log.appender.buffer.byte-limit = 33554432 (custom)
2022-10-08 01:33:00,861 [pool-568-thread-1] INFO  server.RaftServerConfigKeys (ConfUtils.java:logGet(46)) - raft.server.log.statemachine.data.read.timeout = 1000ms (default)
2022-10-08 01:33:00,862 [pool-568-thread-1] INFO  server.RaftServerConfigKeys (ConfUtils.java:logGet(46)) - raft.server.log.segment.size.max = 1048576 (custom)
2022-10-08 01:33:00,862 [pool-568-thread-1] INFO  server.RaftServerConfigKeys (ConfUtils.java:logGet(46)) - raft.server.log.segment.cache.num.max = 2 (custom)
2022-10-08 01:33:00,862 [pool-568-thread-1] INFO  server.RaftServerConfigKeys (ConfUtils.java:logGet(46)) - raft.server.log.segment.cache.size.max = 200MB (=209715200) (default)
2022-10-08 01:33:00,862 [pool-568-thread-1] INFO  segmented.SegmentedRaftLogWorker (SegmentedRaftLogWorker.java:<init>(187)) - new 12424a6c-52f6-4db6-8b56-b88c559f85ca@group-F1747B566097-SegmentedRaftLogWorker for RaftStorageImpl:Storage Directory /home/runner/work/ozone/ozone/hadoop-ozone/integration-test/target/test-dir/MiniOzoneClusterImpl-b5c1db78-dac0-44d3-8f11-3a92d2c44f5f/datanode-4/data/ratis/18303d81-e3d8-4f30-b981-f1747b566097
2022-10-08 01:33:00,862 [pool-568-thread-1] INFO  server.RaftServerConfigKeys (ConfUtils.java:logGet(46)) - raft.server.log.queue.byte-limit = 4294967296 (custom)
2022-10-08 01:33:00,862 [pool-568-thread-1] INFO  server.RaftServerConfigKeys (ConfUtils.java:logGet(46)) - raft.server.log.queue.element-limit = 1024 (custom)
2022-10-08 01:33:00,862 [pool-568-thread-1] INFO  server.RaftServerConfigKeys (ConfUtils.java:logGet(46)) - raft.server.log.segment.size.max = 1048576 (custom)
2022-10-08 01:33:00,862 [pool-568-thread-1] INFO  server.RaftServerConfigKeys (ConfUtils.java:logGet(46)) - raft.server.log.preallocated.size = 16384 (custom)
2022-10-08 01:33:00,862 [pool-568-thread-1] INFO  server.RaftServerConfigKeys (ConfUtils.java:logGet(46)) - raft.server.log.force.sync.num = 128 (default)
2022-10-08 01:33:00,862 [pool-568-thread-1] INFO  server.RaftServerConfigKeys (ConfUtils.java:logGet(46)) - raft.server.log.statemachine.data.sync = true (default)
2022-10-08 01:33:00,862 [pool-568-thread-1] INFO  server.RaftServerConfigKeys (ConfUtils.java:logGet(46)) - raft.server.log.statemachine.data.sync.timeout = 10s (default)
2022-10-08 01:33:00,862 [pool-568-thread-1] INFO  server.RaftServerConfigKeys (ConfUtils.java:logGet(46)) - raft.server.log.statemachine.data.sync.timeout.retry = -1 (default)
2022-10-08 01:33:00,864 [pool-568-thread-1] INFO  server.RaftServerConfigKeys (ConfUtils.java:logGet(46)) - raft.server.log.write.buffer.size = 1048576 (custom)
2022-10-08 01:33:00,864 [pool-568-thread-1] INFO  server.RaftServerConfigKeys (ConfUtils.java:logGet(46)) - raft.server.log.unsafe-flush.enabled = false (default)
2022-10-08 01:33:00,864 [pool-568-thread-1] INFO  server.RaftServerConfigKeys (ConfUtils.java:logGet(46)) - raft.server.log.statemachine.data.caching.enabled = true (custom)
2022-10-08 01:33:00,864 [pool-568-thread-1] INFO  segmented.SegmentedRaftLogWorker (SegmentedRaftLogWorker.java:lambda$new$0(135)) - 12424a6c-52f6-4db6-8b56-b88c559f85ca@group-F1747B566097-SegmentedRaftLogWorker: flushIndex: setUnconditionally 0 -> -1
2022-10-08 01:33:00,864 [pool-568-thread-1] INFO  segmented.SegmentedRaftLogWorker (SegmentedRaftLogWorker.java:lambda$new$0(135)) - 12424a6c-52f6-4db6-8b56-b88c559f85ca@group-F1747B566097-SegmentedRaftLogWorker: safeCacheEvictIndex: setUnconditionally 0 -> -1
2022-10-08 01:33:00,880 [pool-568-thread-1] INFO  server.RaftServerConfigKeys (ConfUtils.java:logGet(46)) - raft.server.snapshot.auto.trigger.enabled = true (custom)
2022-10-08 01:33:00,880 [pool-568-thread-1] INFO  server.RaftServerConfigKeys (ConfUtils.java:logGet(46)) - raft.server.snapshot.auto.trigger.threshold = 10000 (custom)
2022-10-08 01:33:00,880 [pool-568-thread-1] INFO  server.RaftServerConfigKeys (ConfUtils.java:logGet(46)) - raft.server.snapshot.retention.file.num = 5 (custom)
2022-10-08 01:33:00,880 [pool-568-thread-1] INFO  server.RaftServerConfigKeys (ConfUtils.java:logGet(46)) - raft.server.log.purge.upto.snapshot.index = false (default)
2022-10-08 01:33:00,880 [pool-568-thread-1] INFO  server.RaftServerConfigKeys (ConfUtils.java:logGet(46)) - raft.server.retrycache.expirytime = 600000ms (custom)
2022-10-08 01:33:00,880 [pool-568-thread-1] INFO  server.RaftServerConfigKeys (ConfUtils.java:logGet(46)) - raft.server.retrycache.statistics.expirytime = 100μs (default)
2022-10-08 01:33:00,881 [pool-568-thread-1] INFO  server.RaftServerConfigKeys (ConfUtils.java:logGet(46)) - raft.server.log.appender.install.snapshot.enabled = false (custom)
2022-10-08 01:33:00,881 [pool-568-thread-1] INFO  server.RaftServerConfigKeys (ConfUtils.java:logGet(46)) - raft.server.threadpool.server.cached = true (default)
2022-10-08 01:33:00,881 [pool-568-thread-1] INFO  server.RaftServerConfigKeys (ConfUtils.java:logGet(46)) - raft.server.threadpool.server.size = 0 (default)
2022-10-08 01:33:00,881 [pool-568-thread-1] INFO  server.RaftServerConfigKeys (ConfUtils.java:logGet(46)) - raft.server.threadpool.client.cached = true (default)
2022-10-08 01:33:00,881 [pool-568-thread-1] INFO  server.RaftServerConfigKeys (ConfUtils.java:logGet(46)) - raft.server.threadpool.client.size = 0 (default)
2022-10-08 01:33:00,882 [pool-568-thread-1] INFO  server.RaftServer$Division (RaftServerImpl.java:start(310)) - 12424a6c-52f6-4db6-8b56-b88c559f85ca@group-F1747B566097: start as a follower, conf=-1: [12424a6c-52f6-4db6-8b56-b88c559f85ca|rpc:10.1.0.61:43799|priority:1], old=null
2022-10-08 01:33:00,882 [pool-568-thread-1] INFO  server.RaftServer$Division (RaftServerImpl.java:setRole(299)) - 12424a6c-52f6-4db6-8b56-b88c559f85ca@group-F1747B566097: changes role from      null to FOLLOWER at term 0 for startAsFollower
2022-10-08 01:33:00,882 [pool-568-thread-1] INFO  impl.RoleInfo (RoleInfo.java:updateAndGet(139)) - 12424a6c-52f6-4db6-8b56-b88c559f85ca: start 12424a6c-52f6-4db6-8b56-b88c559f85ca@group-F1747B566097-FollowerState
2022-10-08 01:33:00,896 [pool-568-thread-1] INFO  util.JmxRegister (JmxRegister.java:tryRegister(44)) - Successfully registered JMX Bean with object name Ratis:service=RaftServer,group=group-F1747B566097,id=12424a6c-52f6-4db6-8b56-b88c559f85ca
2022-10-08 01:33:00,904 [Command processor thread] INFO  ratis.XceiverServerRatis (XceiverServerRatis.java:addGroup(765)) - Created group PipelineID=18303d81-e3d8-4f30-b981-f1747b566097
2022-10-08 01:33:00,904 [Command processor thread] INFO  commandhandler.CreatePipelineCommandHandler (CreatePipelineCommandHandler.java:handle(113)) - Created Pipeline RATIS ONE PipelineID=18303d81-e3d8-4f30-b981-f1747b566097.
2022-10-08 01:33:00,905 [EventQueue-PipelineReportForPipelineReportHandler] INFO  pipeline.PipelineManagerImpl (PipelineManagerImpl.java:openPipeline(367)) - Pipeline Pipeline[ Id: 18303d81-e3d8-4f30-b981-f1747b566097, Nodes: 12424a6c-52f6-4db6-8b56-b88c559f85ca{ip: 10.1.0.61, host: fv-az180-867.g3pwtgv4ffyuhaixmbmm0kyh3d.gx.internal.cloudapp.net, ports: [REPLICATION=44871, RATIS=43799, RATIS_ADMIN=43799, RATIS_SERVER=43799, STANDALONE=38589], networkLocation: /default-rack, certSerialId: null, persistedOpState: IN_SERVICE, persistedOpStateExpiryEpochSec: 0}, ReplicationConfig: RATIS/ONE, State:ALLOCATED, leaderId:12424a6c-52f6-4db6-8b56-b88c559f85ca, CreationTimestamp2022-10-08T01:32:57.824Z[Etc/UTC]] moved to OPEN state
2022-10-08 01:33:00,908 [EventQueue-OpenPipelineForHealthyPipelineSafeModeRule] INFO  safemode.SCMSafeModeManager (HealthyPipelineSafeModeRule.java:process(137)) - SCM in safe mode. Healthy pipelines reported count is 0, required healthy pipeline reported count is 1
2022-10-08 01:33:01,266 [ReplicationMonitor] INFO  replication.ReplicationManager (ReplicationManager.java:processAll(291)) - Replication Manager is not ready to run until 3000ms after safemode exit
2022-10-08 01:33:01,787 [Listener at 127.0.0.1/33489] INFO  ozone.MiniOzoneClusterImpl (MiniOzoneClusterImpl.java:lambda$waitForClusterToBeReady$0(216)) - Nodes are ready. Got 5 of 5 DN Heartbeats.
2022-10-08 01:33:01,787 [Listener at 127.0.0.1/33489] INFO  ozone.MiniOzoneClusterImpl (MiniOzoneClusterImpl.java:lambda$waitForClusterToBeReady$0(219)) - Waiting for cluster to exit safe mode
2022-10-08 01:33:01,787 [Listener at 127.0.0.1/33489] INFO  ozone.MiniOzoneClusterImpl (MiniOzoneClusterImpl.java:lambda$waitForClusterToBeReady$0(221)) - SCM became leader
2022-10-08 01:33:01,876 [3f11faf3-83ff-4556-ba87-0c2050513ec2@group-7C6DAF28C01A-FollowerState] INFO  impl.FollowerState (FollowerState.java:run(143)) - 3f11faf3-83ff-4556-ba87-0c2050513ec2@group-7C6DAF28C01A-FollowerState: change to CANDIDATE, lastRpcElapsedTime:5094330812ns, electionTimeout:5070ms
2022-10-08 01:33:01,876 [3f11faf3-83ff-4556-ba87-0c2050513ec2@group-7C6DAF28C01A-FollowerState] INFO  impl.RoleInfo (RoleInfo.java:shutdownFollowerState(110)) - 3f11faf3-83ff-4556-ba87-0c2050513ec2: shutdown 3f11faf3-83ff-4556-ba87-0c2050513ec2@group-7C6DAF28C01A-FollowerState
2022-10-08 01:33:01,876 [3f11faf3-83ff-4556-ba87-0c2050513ec2@group-7C6DAF28C01A-FollowerState] INFO  server.RaftServer$Division (RaftServerImpl.java:setRole(299)) - 3f11faf3-83ff-4556-ba87-0c2050513ec2@group-7C6DAF28C01A: changes role from  FOLLOWER to CANDIDATE at term 0 for changeToCandidate
2022-10-08 01:33:01,876 [3f11faf3-83ff-4556-ba87-0c2050513ec2@group-7C6DAF28C01A-FollowerState] INFO  server.RaftServerConfigKeys (ConfUtils.java:logGet(46)) - raft.server.leaderelection.pre-vote = false (custom)
2022-10-08 01:33:01,876 [3f11faf3-83ff-4556-ba87-0c2050513ec2@group-7C6DAF28C01A-FollowerState] INFO  impl.RoleInfo (RoleInfo.java:updateAndGet(139)) - 3f11faf3-83ff-4556-ba87-0c2050513ec2: start 3f11faf3-83ff-4556-ba87-0c2050513ec2@group-7C6DAF28C01A-LeaderElection9
2022-10-08 01:33:01,889 [3f11faf3-83ff-4556-ba87-0c2050513ec2@group-62A6E5CCEE79-FollowerState] INFO  impl.FollowerState (FollowerState.java:run(143)) - 3f11faf3-83ff-4556-ba87-0c2050513ec2@group-62A6E5CCEE79-FollowerState: change to CANDIDATE, lastRpcElapsedTime:5166214813ns, electionTimeout:5141ms
2022-10-08 01:33:01,889 [3f11faf3-83ff-4556-ba87-0c2050513ec2@group-62A6E5CCEE79-FollowerState] INFO  impl.RoleInfo (RoleInfo.java:shutdownFollowerState(110)) - 3f11faf3-83ff-4556-ba87-0c2050513ec2: shutdown 3f11faf3-83ff-4556-ba87-0c2050513ec2@group-62A6E5CCEE79-FollowerState
2022-10-08 01:33:01,889 [3f11faf3-83ff-4556-ba87-0c2050513ec2@group-62A6E5CCEE79-FollowerState] INFO  server.RaftServer$Division (RaftServerImpl.java:setRole(299)) - 3f11faf3-83ff-4556-ba87-0c2050513ec2@group-62A6E5CCEE79: changes role from  FOLLOWER to CANDIDATE at term 0 for changeToCandidate
2022-10-08 01:33:01,889 [3f11faf3-83ff-4556-ba87-0c2050513ec2@group-62A6E5CCEE79-FollowerState] INFO  server.RaftServerConfigKeys (ConfUtils.java:logGet(46)) - raft.server.leaderelection.pre-vote = false (custom)
2022-10-08 01:33:01,889 [3f11faf3-83ff-4556-ba87-0c2050513ec2@group-62A6E5CCEE79-FollowerState] INFO  impl.RoleInfo (RoleInfo.java:updateAndGet(139)) - 3f11faf3-83ff-4556-ba87-0c2050513ec2: start 3f11faf3-83ff-4556-ba87-0c2050513ec2@group-62A6E5CCEE79-LeaderElection10
2022-10-08 01:33:01,910 [09c2f2af-7c19-464a-af99-f2c2b94b4067@group-7C6DAF28C01A-FollowerState] INFO  impl.FollowerState (FollowerState.java:run(143)) - 09c2f2af-7c19-464a-af99-f2c2b94b4067@group-7C6DAF28C01A-FollowerState: change to CANDIDATE, lastRpcElapsedTime:5032313224ns, electionTimeout:5031ms
2022-10-08 01:33:01,910 [09c2f2af-7c19-464a-af99-f2c2b94b4067@group-7C6DAF28C01A-FollowerState] INFO  impl.RoleInfo (RoleInfo.java:shutdownFollowerState(110)) - 09c2f2af-7c19-464a-af99-f2c2b94b4067: shutdown 09c2f2af-7c19-464a-af99-f2c2b94b4067@group-7C6DAF28C01A-FollowerState
2022-10-08 01:33:01,910 [09c2f2af-7c19-464a-af99-f2c2b94b4067@group-7C6DAF28C01A-FollowerState] INFO  server.RaftServer$Division (RaftServerImpl.java:setRole(299)) - 09c2f2af-7c19-464a-af99-f2c2b94b4067@group-7C6DAF28C01A: changes role from  FOLLOWER to CANDIDATE at term 0 for changeToCandidate
2022-10-08 01:33:01,910 [09c2f2af-7c19-464a-af99-f2c2b94b4067@group-7C6DAF28C01A-FollowerState] INFO  server.RaftServerConfigKeys (ConfUtils.java:logGet(46)) - raft.server.leaderelection.pre-vote = false (custom)
2022-10-08 01:33:01,910 [09c2f2af-7c19-464a-af99-f2c2b94b4067@group-7C6DAF28C01A-FollowerState] INFO  impl.RoleInfo (RoleInfo.java:updateAndGet(139)) - 09c2f2af-7c19-464a-af99-f2c2b94b4067: start 09c2f2af-7c19-464a-af99-f2c2b94b4067@group-7C6DAF28C01A-LeaderElection11
2022-10-08 01:33:01,917 [3f11faf3-83ff-4556-ba87-0c2050513ec2@group-7C6DAF28C01A-LeaderElection9] INFO  impl.LeaderElection (LeaderElection.java:askForVotes(310)) - 3f11faf3-83ff-4556-ba87-0c2050513ec2@group-7C6DAF28C01A-LeaderElection9 ELECTION round 0: submit vote requests at term 1 for -1: [b26d27ed-ea79-45a9-9638-48175110d4e1|rpc:10.1.0.61:45255|priority:0, 3f11faf3-83ff-4556-ba87-0c2050513ec2|rpc:10.1.0.61:39303|priority:0, 09c2f2af-7c19-464a-af99-f2c2b94b4067|rpc:10.1.0.61:44765|priority:1], old=null
2022-10-08 01:33:01,940 [3f11faf3-83ff-4556-ba87-0c2050513ec2@group-62A6E5CCEE79-LeaderElection10] INFO  impl.LeaderElection (LeaderElection.java:askForVotes(310)) - 3f11faf3-83ff-4556-ba87-0c2050513ec2@group-62A6E5CCEE79-LeaderElection10 ELECTION round 0: submit vote requests at term 1 for -1: [3f11faf3-83ff-4556-ba87-0c2050513ec2|rpc:10.1.0.61:39303|priority:1], old=null
2022-10-08 01:33:01,940 [3f11faf3-83ff-4556-ba87-0c2050513ec2@group-62A6E5CCEE79-LeaderElection10] INFO  impl.LeaderElection (LeaderElection.java:askForVotes(312)) - 3f11faf3-83ff-4556-ba87-0c2050513ec2@group-62A6E5CCEE79-LeaderElection10 ELECTION round 0: result PASSED (term=1)
2022-10-08 01:33:01,940 [3f11faf3-83ff-4556-ba87-0c2050513ec2@group-62A6E5CCEE79-LeaderElection10] INFO  impl.RoleInfo (RoleInfo.java:shutdownLeaderElection(130)) - 3f11faf3-83ff-4556-ba87-0c2050513ec2: shutdown 3f11faf3-83ff-4556-ba87-0c2050513ec2@group-62A6E5CCEE79-LeaderElection10
2022-10-08 01:33:01,940 [3f11faf3-83ff-4556-ba87-0c2050513ec2@group-62A6E5CCEE79-LeaderElection10] INFO  server.RaftServer$Division (RaftServerImpl.java:setRole(299)) - 3f11faf3-83ff-4556-ba87-0c2050513ec2@group-62A6E5CCEE79: changes role from CANDIDATE to LEADER at term 1 for changeToLeader
2022-10-08 01:33:01,940 [3f11faf3-83ff-4556-ba87-0c2050513ec2@group-62A6E5CCEE79-LeaderElection10] INFO  ratis.XceiverServerRatis (XceiverServerRatis.java:handleLeaderChangedNotification(863)) - Leader change notification received for group: group-62A6E5CCEE79 with new leaderId: 3f11faf3-83ff-4556-ba87-0c2050513ec2
2022-10-08 01:33:01,940 [3f11faf3-83ff-4556-ba87-0c2050513ec2@group-62A6E5CCEE79-LeaderElection10] INFO  server.RaftServer$Division (ServerState.java:setLeader(287)) - 3f11faf3-83ff-4556-ba87-0c2050513ec2@group-62A6E5CCEE79: change Leader from null to 3f11faf3-83ff-4556-ba87-0c2050513ec2 at term 1 for becomeLeader, leader elected after 5260ms
2022-10-08 01:33:01,940 [3f11faf3-83ff-4556-ba87-0c2050513ec2@group-62A6E5CCEE79-LeaderElection10] INFO  server.RaftServerConfigKeys (ConfUtils.java:logGet(46)) - raft.server.staging.catchup.gap = 1000 (default)
2022-10-08 01:33:01,941 [3f11faf3-83ff-4556-ba87-0c2050513ec2@group-62A6E5CCEE79-LeaderElection10] INFO  server.RaftServerConfigKeys (ConfUtils.java:logGet(46)) - raft.server.write.element-limit = 1024 (custom)
2022-10-08 01:33:01,941 [3f11faf3-83ff-4556-ba87-0c2050513ec2@group-62A6E5CCEE79-LeaderElection10] INFO  server.RaftServerConfigKeys (ConfUtils.java:logGet(46)) - raft.server.write.byte-limit = 1024 M (=1073741824) (custom)
2022-10-08 01:33:01,941 [3f11faf3-83ff-4556-ba87-0c2050513ec2@group-62A6E5CCEE79-LeaderElection10] INFO  server.RaftServerConfigKeys (ConfUtils.java:logGet(46)) - raft.server.watch.timeout = 180s (custom)
2022-10-08 01:33:01,941 [3f11faf3-83ff-4556-ba87-0c2050513ec2@group-62A6E5CCEE79-LeaderElection10] INFO  server.RaftServerConfigKeys (ConfUtils.java:logGet(46)) - raft.server.watch.timeout.denomination = 1s (default)
2022-10-08 01:33:01,941 [3f11faf3-83ff-4556-ba87-0c2050513ec2@group-62A6E5CCEE79-LeaderElection10] INFO  server.RaftServerConfigKeys (ConfUtils.java:logGet(46)) - raft.server.watch.element-limit = 65536 (default)
2022-10-08 01:33:01,941 [3f11faf3-83ff-4556-ba87-0c2050513ec2@group-62A6E5CCEE79-LeaderElection10] INFO  server.RaftServerConfigKeys (ConfUtils.java:logGet(46)) - raft.server.write.element-limit = 1024 (custom)
2022-10-08 01:33:01,941 [3f11faf3-83ff-4556-ba87-0c2050513ec2@group-62A6E5CCEE79-LeaderElection10] INFO  server.RaftServerConfigKeys (ConfUtils.java:logGet(46)) - raft.server.write.follower.gap.ratio.max = -1.0 (default)
2022-10-08 01:33:01,941 [3f11faf3-83ff-4556-ba87-0c2050513ec2@group-62A6E5CCEE79-LeaderElection10] INFO  impl.RoleInfo (RoleInfo.java:updateAndGet(139)) - 3f11faf3-83ff-4556-ba87-0c2050513ec2: start 3f11faf3-83ff-4556-ba87-0c2050513ec2@group-62A6E5CCEE79-LeaderStateImpl
2022-10-08 01:33:01,941 [3f11faf3-83ff-4556-ba87-0c2050513ec2@group-62A6E5CCEE79-LeaderElection10] INFO  segmented.SegmentedRaftLogWorker (SegmentedRaftLogWorker.java:startLogSegment(425)) - 3f11faf3-83ff-4556-ba87-0c2050513ec2@group-62A6E5CCEE79-SegmentedRaftLogWorker: Starting segment from index:0
2022-10-08 01:33:01,949 [3f11faf3-83ff-4556-ba87-0c2050513ec2@group-62A6E5CCEE79-SegmentedRaftLogWorker] INFO  segmented.SegmentedRaftLogWorker (SegmentedRaftLogWorker.java:execute(629)) - 3f11faf3-83ff-4556-ba87-0c2050513ec2@group-62A6E5CCEE79-SegmentedRaftLogWorker: created new log segment /home/runner/work/ozone/ozone/hadoop-ozone/integration-test/target/test-dir/MiniOzoneClusterImpl-b5c1db78-dac0-44d3-8f11-3a92d2c44f5f/datanode-0/data/ratis/a68a6eeb-098d-4386-a984-62a6e5ccee79/current/log_inprogress_0
2022-10-08 01:33:01,953 [3f11faf3-83ff-4556-ba87-0c2050513ec2@group-62A6E5CCEE79-LeaderElection10] INFO  server.RaftServer$Division (ServerState.java:setRaftConf(393)) - 3f11faf3-83ff-4556-ba87-0c2050513ec2@group-62A6E5CCEE79: set configuration 0: [3f11faf3-83ff-4556-ba87-0c2050513ec2|rpc:10.1.0.61:39303|dataStream:|priority:1], old=null
2022-10-08 01:33:01,972 [EventQueue-OpenPipelineForHealthyPipelineSafeModeRule] INFO  safemode.SCMSafeModeManager (HealthyPipelineSafeModeRule.java:process(137)) - SCM in safe mode. Healthy pipelines reported count is 0, required healthy pipeline reported count is 1
2022-10-08 01:33:01,973 [grpc-default-executor-3] INFO  server.RaftServer$Division (RaftServerImpl.java:requestVote(1152)) - 09c2f2af-7c19-464a-af99-f2c2b94b4067@group-7C6DAF28C01A: receive requestVote(ELECTION, 3f11faf3-83ff-4556-ba87-0c2050513ec2, group-7C6DAF28C01A, 1, (t:0, i:0))
2022-10-08 01:33:01,978 [grpc-default-executor-1] INFO  server.RaftServer$Division (RaftServerImpl.java:requestVote(1152)) - b26d27ed-ea79-45a9-9638-48175110d4e1@group-7C6DAF28C01A: receive requestVote(ELECTION, 3f11faf3-83ff-4556-ba87-0c2050513ec2, group-7C6DAF28C01A, 1, (t:0, i:0))
2022-10-08 01:33:01,978 [grpc-default-executor-1] INFO  impl.VoteContext (VoteContext.java:log(48)) - b26d27ed-ea79-45a9-9638-48175110d4e1@group-7C6DAF28C01A-FOLLOWER: accept ELECTION from 3f11faf3-83ff-4556-ba87-0c2050513ec2: our priority 0 <= candidate's priority 0
2022-10-08 01:33:01,978 [grpc-default-executor-1] INFO  server.RaftServer$Division (RaftServerImpl.java:setRole(299)) - b26d27ed-ea79-45a9-9638-48175110d4e1@group-7C6DAF28C01A: changes role from  FOLLOWER to FOLLOWER at term 1 for candidate:3f11faf3-83ff-4556-ba87-0c2050513ec2
2022-10-08 01:33:01,978 [grpc-default-executor-1] INFO  impl.RoleInfo (RoleInfo.java:shutdownFollowerState(110)) - b26d27ed-ea79-45a9-9638-48175110d4e1: shutdown b26d27ed-ea79-45a9-9638-48175110d4e1@group-7C6DAF28C01A-FollowerState
2022-10-08 01:33:01,978 [grpc-default-executor-1] INFO  impl.RoleInfo (RoleInfo.java:updateAndGet(139)) - b26d27ed-ea79-45a9-9638-48175110d4e1: start b26d27ed-ea79-45a9-9638-48175110d4e1@group-7C6DAF28C01A-FollowerState
2022-10-08 01:33:01,978 [b26d27ed-ea79-45a9-9638-48175110d4e1@group-7C6DAF28C01A-FollowerState] INFO  impl.FollowerState (FollowerState.java:run(152)) - b26d27ed-ea79-45a9-9638-48175110d4e1@group-7C6DAF28C01A-FollowerState was interrupted
2022-10-08 01:33:01,979 [09c2f2af-7c19-464a-af99-f2c2b94b4067@group-7C6DAF28C01A-LeaderElection11] INFO  impl.LeaderElection (LeaderElection.java:askForVotes(310)) - 09c2f2af-7c19-464a-af99-f2c2b94b4067@group-7C6DAF28C01A-LeaderElection11 ELECTION round 0: submit vote requests at term 1 for -1: [b26d27ed-ea79-45a9-9638-48175110d4e1|rpc:10.1.0.61:45255|dataStream:|priority:0, 3f11faf3-83ff-4556-ba87-0c2050513ec2|rpc:10.1.0.61:39303|dataStream:|priority:0, 09c2f2af-7c19-464a-af99-f2c2b94b4067|rpc:10.1.0.61:44765|dataStream:|priority:1], old=null
2022-10-08 01:33:01,979 [grpc-default-executor-3] INFO  impl.VoteContext (VoteContext.java:log(48)) - 09c2f2af-7c19-464a-af99-f2c2b94b4067@group-7C6DAF28C01A-CANDIDATE: reject ELECTION from 3f11faf3-83ff-4556-ba87-0c2050513ec2: already has voted for 09c2f2af-7c19-464a-af99-f2c2b94b4067 at current term 1
2022-10-08 01:33:01,979 [grpc-default-executor-3] INFO  server.RaftServer$Division (RaftServerImpl.java:requestVote(1184)) - 09c2f2af-7c19-464a-af99-f2c2b94b4067@group-7C6DAF28C01A replies to ELECTION vote request: 3f11faf3-83ff-4556-ba87-0c2050513ec2<-09c2f2af-7c19-464a-af99-f2c2b94b4067#0:FAIL-t1. Peer's state: 09c2f2af-7c19-464a-af99-f2c2b94b4067@group-7C6DAF28C01A:t1, leader=null, voted=09c2f2af-7c19-464a-af99-f2c2b94b4067, raftlog=09c2f2af-7c19-464a-af99-f2c2b94b4067@group-7C6DAF28C01A-SegmentedRaftLog:OPENED:c-1, conf=-1: [b26d27ed-ea79-45a9-9638-48175110d4e1|rpc:10.1.0.61:45255|dataStream:|priority:0, 3f11faf3-83ff-4556-ba87-0c2050513ec2|rpc:10.1.0.61:39303|dataStream:|priority:0, 09c2f2af-7c19-464a-af99-f2c2b94b4067|rpc:10.1.0.61:44765|dataStream:|priority:1], old=null
2022-10-08 01:33:01,995 [grpc-default-executor-1] INFO  server.RaftServer$Division (RaftServerImpl.java:requestVote(1184)) - b26d27ed-ea79-45a9-9638-48175110d4e1@group-7C6DAF28C01A replies to ELECTION vote request: 3f11faf3-83ff-4556-ba87-0c2050513ec2<-b26d27ed-ea79-45a9-9638-48175110d4e1#0:OK-t1. Peer's state: b26d27ed-ea79-45a9-9638-48175110d4e1@group-7C6DAF28C01A:t1, leader=null, voted=3f11faf3-83ff-4556-ba87-0c2050513ec2, raftlog=b26d27ed-ea79-45a9-9638-48175110d4e1@group-7C6DAF28C01A-SegmentedRaftLog:OPENED:c-1, conf=-1: [b26d27ed-ea79-45a9-9638-48175110d4e1|rpc:10.1.0.61:45255|dataStream:|priority:0, 3f11faf3-83ff-4556-ba87-0c2050513ec2|rpc:10.1.0.61:39303|dataStream:|priority:0, 09c2f2af-7c19-464a-af99-f2c2b94b4067|rpc:10.1.0.61:44765|dataStream:|priority:1], old=null
2022-10-08 01:33:02,021 [3f11faf3-83ff-4556-ba87-0c2050513ec2@group-7C6DAF28C01A-LeaderElection9] INFO  impl.LeaderElection (LeaderElection.java:logAndReturn(90)) - 3f11faf3-83ff-4556-ba87-0c2050513ec2@group-7C6DAF28C01A-LeaderElection9: ELECTION REJECTED received 2 response(s) and 0 exception(s):
2022-10-08 01:33:02,022 [3f11faf3-83ff-4556-ba87-0c2050513ec2@group-7C6DAF28C01A-LeaderElection9] INFO  impl.LeaderElection (LeaderElection.java:logAndReturn(94)) -   Response 0: 3f11faf3-83ff-4556-ba87-0c2050513ec2<-b26d27ed-ea79-45a9-9638-48175110d4e1#0:OK-t1
2022-10-08 01:33:02,022 [3f11faf3-83ff-4556-ba87-0c2050513ec2@group-7C6DAF28C01A-LeaderElection9] INFO  impl.LeaderElection (LeaderElection.java:logAndReturn(94)) -   Response 1: 3f11faf3-83ff-4556-ba87-0c2050513ec2<-09c2f2af-7c19-464a-af99-f2c2b94b4067#0:FAIL-t1
2022-10-08 01:33:02,022 [3f11faf3-83ff-4556-ba87-0c2050513ec2@group-7C6DAF28C01A-LeaderElection9] INFO  impl.LeaderElection (LeaderElection.java:askForVotes(312)) - 3f11faf3-83ff-4556-ba87-0c2050513ec2@group-7C6DAF28C01A-LeaderElection9 ELECTION round 0: result REJECTED
2022-10-08 01:33:02,022 [3f11faf3-83ff-4556-ba87-0c2050513ec2@group-7C6DAF28C01A-LeaderElection9] INFO  server.RaftServer$Division (RaftServerImpl.java:setRole(299)) - 3f11faf3-83ff-4556-ba87-0c2050513ec2@group-7C6DAF28C01A: changes role from CANDIDATE to FOLLOWER at term 1 for REJECTED
2022-10-08 01:33:02,022 [3f11faf3-83ff-4556-ba87-0c2050513ec2@group-7C6DAF28C01A-LeaderElection9] INFO  impl.RoleInfo (RoleInfo.java:shutdownLeaderElection(130)) - 3f11faf3-83ff-4556-ba87-0c2050513ec2: shutdown 3f11faf3-83ff-4556-ba87-0c2050513ec2@group-7C6DAF28C01A-LeaderElection9
2022-10-08 01:33:02,022 [3f11faf3-83ff-4556-ba87-0c2050513ec2@group-7C6DAF28C01A-LeaderElection9] INFO  impl.RoleInfo (RoleInfo.java:updateAndGet(139)) - 3f11faf3-83ff-4556-ba87-0c2050513ec2: start 3f11faf3-83ff-4556-ba87-0c2050513ec2@group-7C6DAF28C01A-FollowerState
2022-10-08 01:33:02,022 [grpc-default-executor-1] INFO  server.RaftServer$Division (RaftServerImpl.java:requestVote(1152)) - b26d27ed-ea79-45a9-9638-48175110d4e1@group-7C6DAF28C01A: receive requestVote(ELECTION, 09c2f2af-7c19-464a-af99-f2c2b94b4067, group-7C6DAF28C01A, 1, (t:0, i:0))
2022-10-08 01:33:02,022 [grpc-default-executor-1] INFO  impl.VoteContext (VoteContext.java:log(48)) - b26d27ed-ea79-45a9-9638-48175110d4e1@group-7C6DAF28C01A-FOLLOWER: reject ELECTION from 09c2f2af-7c19-464a-af99-f2c2b94b4067: already has voted for 3f11faf3-83ff-4556-ba87-0c2050513ec2 at current term 1
2022-10-08 01:33:02,022 [grpc-default-executor-1] INFO  server.RaftServer$Division (RaftServerImpl.java:requestVote(1184)) - b26d27ed-ea79-45a9-9638-48175110d4e1@group-7C6DAF28C01A replies to ELECTION vote request: 09c2f2af-7c19-464a-af99-f2c2b94b4067<-b26d27ed-ea79-45a9-9638-48175110d4e1#0:FAIL-t1. Peer's state: b26d27ed-ea79-45a9-9638-48175110d4e1@group-7C6DAF28C01A:t1, leader=null, voted=3f11faf3-83ff-4556-ba87-0c2050513ec2, raftlog=b26d27ed-ea79-45a9-9638-48175110d4e1@group-7C6DAF28C01A-SegmentedRaftLog:OPENED:c-1, conf=-1: [b26d27ed-ea79-45a9-9638-48175110d4e1|rpc:10.1.0.61:45255|dataStream:|priority:0, 3f11faf3-83ff-4556-ba87-0c2050513ec2|rpc:10.1.0.61:39303|dataStream:|priority:0, 09c2f2af-7c19-464a-af99-f2c2b94b4067|rpc:10.1.0.61:44765|dataStream:|priority:1], old=null
2022-10-08 01:33:02,054 [grpc-default-executor-1] INFO  server.RaftServer$Division (RaftServerImpl.java:requestVote(1152)) - 3f11faf3-83ff-4556-ba87-0c2050513ec2@group-7C6DAF28C01A: receive requestVote(ELECTION, 09c2f2af-7c19-464a-af99-f2c2b94b4067, group-7C6DAF28C01A, 1, (t:0, i:0))
2022-10-08 01:33:02,054 [grpc-default-executor-1] INFO  impl.VoteContext (VoteContext.java:log(48)) - 3f11faf3-83ff-4556-ba87-0c2050513ec2@group-7C6DAF28C01A-FOLLOWER: reject ELECTION from 09c2f2af-7c19-464a-af99-f2c2b94b4067: already has voted for 3f11faf3-83ff-4556-ba87-0c2050513ec2 at current term 1
2022-10-08 01:33:02,054 [grpc-default-executor-1] INFO  server.RaftServer$Division (RaftServerImpl.java:requestVote(1184)) - 3f11faf3-83ff-4556-ba87-0c2050513ec2@group-7C6DAF28C01A replies to ELECTION vote request: 09c2f2af-7c19-464a-af99-f2c2b94b4067<-3f11faf3-83ff-4556-ba87-0c2050513ec2#0:FAIL-t1. Peer's state: 3f11faf3-83ff-4556-ba87-0c2050513ec2@group-7C6DAF28C01A:t1, leader=null, voted=3f11faf3-83ff-4556-ba87-0c2050513ec2, raftlog=3f11faf3-83ff-4556-ba87-0c2050513ec2@group-7C6DAF28C01A-SegmentedRaftLog:OPENED:c-1, conf=-1: [b26d27ed-ea79-45a9-9638-48175110d4e1|rpc:10.1.0.61:45255|priority:0, 3f11faf3-83ff-4556-ba87-0c2050513ec2|rpc:10.1.0.61:39303|priority:0, 09c2f2af-7c19-464a-af99-f2c2b94b4067|rpc:10.1.0.61:44765|priority:1], old=null
2022-10-08 01:33:02,055 [09c2f2af-7c19-464a-af99-f2c2b94b4067@group-7C6DAF28C01A-LeaderElection11] INFO  impl.LeaderElection (LeaderElection.java:logAndReturn(90)) - 09c2f2af-7c19-464a-af99-f2c2b94b4067@group-7C6DAF28C01A-LeaderElection11: ELECTION REJECTED received 2 response(s) and 0 exception(s):
2022-10-08 01:33:02,055 [09c2f2af-7c19-464a-af99-f2c2b94b4067@group-7C6DAF28C01A-LeaderElection11] INFO  impl.LeaderElection (LeaderElection.java:logAndReturn(94)) -   Response 0: 09c2f2af-7c19-464a-af99-f2c2b94b4067<-b26d27ed-ea79-45a9-9638-48175110d4e1#0:FAIL-t1
2022-10-08 01:33:02,055 [09c2f2af-7c19-464a-af99-f2c2b94b4067@group-7C6DAF28C01A-LeaderElection11] INFO  impl.LeaderElection (LeaderElection.java:logAndReturn(94)) -   Response 1: 09c2f2af-7c19-464a-af99-f2c2b94b4067<-3f11faf3-83ff-4556-ba87-0c2050513ec2#0:FAIL-t1
2022-10-08 01:33:02,055 [09c2f2af-7c19-464a-af99-f2c2b94b4067@group-7C6DAF28C01A-LeaderElection11] INFO  impl.LeaderElection (LeaderElection.java:askForVotes(312)) - 09c2f2af-7c19-464a-af99-f2c2b94b4067@group-7C6DAF28C01A-LeaderElection11 ELECTION round 0: result REJECTED
2022-10-08 01:33:02,068 [09c2f2af-7c19-464a-af99-f2c2b94b4067@group-7C6DAF28C01A-LeaderElection11] INFO  server.RaftServer$Division (RaftServerImpl.java:setRole(299)) - 09c2f2af-7c19-464a-af99-f2c2b94b4067@group-7C6DAF28C01A: changes role from CANDIDATE to FOLLOWER at term 1 for REJECTED
2022-10-08 01:33:02,068 [09c2f2af-7c19-464a-af99-f2c2b94b4067@group-7C6DAF28C01A-LeaderElection11] INFO  impl.RoleInfo (RoleInfo.java:shutdownLeaderElection(130)) - 09c2f2af-7c19-464a-af99-f2c2b94b4067: shutdown 09c2f2af-7c19-464a-af99-f2c2b94b4067@group-7C6DAF28C01A-LeaderElection11
2022-10-08 01:33:02,068 [09c2f2af-7c19-464a-af99-f2c2b94b4067@group-7C6DAF28C01A-LeaderElection11] INFO  impl.RoleInfo (RoleInfo.java:updateAndGet(139)) - 09c2f2af-7c19-464a-af99-f2c2b94b4067: start 09c2f2af-7c19-464a-af99-f2c2b94b4067@group-7C6DAF28C01A-FollowerState
2022-10-08 01:33:02,266 [ReplicationMonitor] INFO  replication.ReplicationManager (ReplicationManager.java:processAll(291)) - Replication Manager is not ready to run until 3000ms after safemode exit
2022-10-08 01:33:02,787 [Listener at 127.0.0.1/33489] INFO  ozone.MiniOzoneClusterImpl (MiniOzoneClusterImpl.java:lambda$waitForClusterToBeReady$0(216)) - Nodes are ready. Got 5 of 5 DN Heartbeats.
2022-10-08 01:33:02,787 [Listener at 127.0.0.1/33489] INFO  ozone.MiniOzoneClusterImpl (MiniOzoneClusterImpl.java:lambda$waitForClusterToBeReady$0(219)) - Waiting for cluster to exit safe mode
2022-10-08 01:33:02,788 [Listener at 127.0.0.1/33489] INFO  ozone.MiniOzoneClusterImpl (MiniOzoneClusterImpl.java:lambda$waitForClusterToBeReady$0(221)) - SCM became leader
2022-10-08 01:33:02,904 [09c2f2af-7c19-464a-af99-f2c2b94b4067@group-EF029415F1C5-FollowerState] INFO  impl.FollowerState (FollowerState.java:run(143)) - 09c2f2af-7c19-464a-af99-f2c2b94b4067@group-EF029415F1C5-FollowerState: change to CANDIDATE, lastRpcElapsedTime:5145729460ns, electionTimeout:5139ms
2022-10-08 01:33:02,904 [09c2f2af-7c19-464a-af99-f2c2b94b4067@group-EF029415F1C5-FollowerState] INFO  impl.RoleInfo (RoleInfo.java:shutdownFollowerState(110)) - 09c2f2af-7c19-464a-af99-f2c2b94b4067: shutdown 09c2f2af-7c19-464a-af99-f2c2b94b4067@group-EF029415F1C5-FollowerState
2022-10-08 01:33:02,904 [09c2f2af-7c19-464a-af99-f2c2b94b4067@group-EF029415F1C5-FollowerState] INFO  server.RaftServer$Division (RaftServerImpl.java:setRole(299)) - 09c2f2af-7c19-464a-af99-f2c2b94b4067@group-EF029415F1C5: changes role from  FOLLOWER to CANDIDATE at term 0 for changeToCandidate
2022-10-08 01:33:02,904 [09c2f2af-7c19-464a-af99-f2c2b94b4067@group-EF029415F1C5-FollowerState] INFO  server.RaftServerConfigKeys (ConfUtils.java:logGet(46)) - raft.server.leaderelection.pre-vote = false (custom)
2022-10-08 01:33:02,904 [09c2f2af-7c19-464a-af99-f2c2b94b4067@group-EF029415F1C5-FollowerState] INFO  impl.RoleInfo (RoleInfo.java:updateAndGet(139)) - 09c2f2af-7c19-464a-af99-f2c2b94b4067: start 09c2f2af-7c19-464a-af99-f2c2b94b4067@group-EF029415F1C5-LeaderElection12
2022-10-08 01:33:02,944 [09c2f2af-7c19-464a-af99-f2c2b94b4067@group-EF029415F1C5-LeaderElection12] INFO  impl.LeaderElection (LeaderElection.java:askForVotes(310)) - 09c2f2af-7c19-464a-af99-f2c2b94b4067@group-EF029415F1C5-LeaderElection12 ELECTION round 0: submit vote requests at term 1 for -1: [09c2f2af-7c19-464a-af99-f2c2b94b4067|rpc:10.1.0.61:44765|priority:1], old=null
2022-10-08 01:33:02,944 [09c2f2af-7c19-464a-af99-f2c2b94b4067@group-EF029415F1C5-LeaderElection12] INFO  impl.LeaderElection (LeaderElection.java:askForVotes(312)) - 09c2f2af-7c19-464a-af99-f2c2b94b4067@group-EF029415F1C5-LeaderElection12 ELECTION round 0: result PASSED (term=1)
2022-10-08 01:33:02,944 [09c2f2af-7c19-464a-af99-f2c2b94b4067@group-EF029415F1C5-LeaderElection12] INFO  impl.RoleInfo (RoleInfo.java:shutdownLeaderElection(130)) - 09c2f2af-7c19-464a-af99-f2c2b94b4067: shutdown 09c2f2af-7c19-464a-af99-f2c2b94b4067@group-EF029415F1C5-LeaderElection12
2022-10-08 01:33:02,944 [09c2f2af-7c19-464a-af99-f2c2b94b4067@group-EF029415F1C5-LeaderElection12] INFO  server.RaftServer$Division (RaftServerImpl.java:setRole(299)) - 09c2f2af-7c19-464a-af99-f2c2b94b4067@group-EF029415F1C5: changes role from CANDIDATE to LEADER at term 1 for changeToLeader
2022-10-08 01:33:02,944 [09c2f2af-7c19-464a-af99-f2c2b94b4067@group-EF029415F1C5-LeaderElection12] INFO  ratis.XceiverServerRatis (XceiverServerRatis.java:handleLeaderChangedNotification(863)) - Leader change notification received for group: group-EF029415F1C5 with new leaderId: 09c2f2af-7c19-464a-af99-f2c2b94b4067
2022-10-08 01:33:02,945 [09c2f2af-7c19-464a-af99-f2c2b94b4067@group-EF029415F1C5-LeaderElection12] INFO  server.RaftServer$Division (ServerState.java:setLeader(287)) - 09c2f2af-7c19-464a-af99-f2c2b94b4067@group-EF029415F1C5: change Leader from null to 09c2f2af-7c19-464a-af99-f2c2b94b4067 at term 1 for becomeLeader, leader elected after 5206ms
2022-10-08 01:33:02,945 [09c2f2af-7c19-464a-af99-f2c2b94b4067@group-EF029415F1C5-LeaderElection12] INFO  server.RaftServerConfigKeys (ConfUtils.java:logGet(46)) - raft.server.staging.catchup.gap = 1000 (default)
2022-10-08 01:33:02,945 [09c2f2af-7c19-464a-af99-f2c2b94b4067@group-EF029415F1C5-LeaderElection12] INFO  server.RaftServerConfigKeys (ConfUtils.java:logGet(46)) - raft.server.write.element-limit = 1024 (custom)
2022-10-08 01:33:02,945 [09c2f2af-7c19-464a-af99-f2c2b94b4067@group-EF029415F1C5-LeaderElection12] INFO  server.RaftServerConfigKeys (ConfUtils.java:logGet(46)) - raft.server.write.byte-limit = 1024 M (=1073741824) (custom)
2022-10-08 01:33:02,945 [09c2f2af-7c19-464a-af99-f2c2b94b4067@group-EF029415F1C5-LeaderElection12] INFO  server.RaftServerConfigKeys (ConfUtils.java:logGet(46)) - raft.server.watch.timeout = 180s (custom)
2022-10-08 01:33:02,945 [09c2f2af-7c19-464a-af99-f2c2b94b4067@group-EF029415F1C5-LeaderElection12] INFO  server.RaftServerConfigKeys (ConfUtils.java:logGet(46)) - raft.server.watch.timeout.denomination = 1s (default)
2022-10-08 01:33:02,945 [09c2f2af-7c19-464a-af99-f2c2b94b4067@group-EF029415F1C5-LeaderElection12] INFO  server.RaftServerConfigKeys (ConfUtils.java:logGet(46)) - raft.server.watch.element-limit = 65536 (default)
2022-10-08 01:33:02,945 [09c2f2af-7c19-464a-af99-f2c2b94b4067@group-EF029415F1C5-LeaderElection12] INFO  server.RaftServerConfigKeys (ConfUtils.java:logGet(46)) - raft.server.write.element-limit = 1024 (custom)
2022-10-08 01:33:02,946 [09c2f2af-7c19-464a-af99-f2c2b94b4067@group-EF029415F1C5-LeaderElection12] INFO  server.RaftServerConfigKeys (ConfUtils.java:logGet(46)) - raft.server.write.follower.gap.ratio.max = -1.0 (default)
2022-10-08 01:33:02,946 [09c2f2af-7c19-464a-af99-f2c2b94b4067@group-EF029415F1C5-LeaderElection12] INFO  impl.RoleInfo (RoleInfo.java:updateAndGet(139)) - 09c2f2af-7c19-464a-af99-f2c2b94b4067: start 09c2f2af-7c19-464a-af99-f2c2b94b4067@group-EF029415F1C5-LeaderStateImpl
2022-10-08 01:33:02,946 [09c2f2af-7c19-464a-af99-f2c2b94b4067@group-EF029415F1C5-LeaderElection12] INFO  segmented.SegmentedRaftLogWorker (SegmentedRaftLogWorker.java:startLogSegment(425)) - 09c2f2af-7c19-464a-af99-f2c2b94b4067@group-EF029415F1C5-SegmentedRaftLogWorker: Starting segment from index:0
2022-10-08 01:33:02,946 [EventQueue-OpenPipelineForHealthyPipelineSafeModeRule] INFO  safemode.SCMSafeModeManager (HealthyPipelineSafeModeRule.java:process(137)) - SCM in safe mode. Healthy pipelines reported count is 0, required healthy pipeline reported count is 1
2022-10-08 01:33:02,968 [09c2f2af-7c19-464a-af99-f2c2b94b4067@group-EF029415F1C5-LeaderElection12] INFO  server.RaftServer$Division (ServerState.java:setRaftConf(393)) - 09c2f2af-7c19-464a-af99-f2c2b94b4067@group-EF029415F1C5: set configuration 0: [09c2f2af-7c19-464a-af99-f2c2b94b4067|rpc:10.1.0.61:44765|dataStream:|priority:1], old=null
2022-10-08 01:33:02,969 [09c2f2af-7c19-464a-af99-f2c2b94b4067@group-EF029415F1C5-SegmentedRaftLogWorker] INFO  segmented.SegmentedRaftLogWorker (SegmentedRaftLogWorker.java:execute(629)) - 09c2f2af-7c19-464a-af99-f2c2b94b4067@group-EF029415F1C5-SegmentedRaftLogWorker: created new log segment /home/runner/work/ozone/ozone/hadoop-ozone/integration-test/target/test-dir/MiniOzoneClusterImpl-b5c1db78-dac0-44d3-8f11-3a92d2c44f5f/datanode-1/data/ratis/b6740195-ae97-49e8-9c3e-ef029415f1c5/current/log_inprogress_0
2022-10-08 01:33:03,266 [ReplicationMonitor] INFO  replication.ReplicationManager (ReplicationManager.java:processAll(291)) - Replication Manager is not ready to run until 3000ms after safemode exit
2022-10-08 01:33:03,788 [Listener at 127.0.0.1/33489] INFO  ozone.MiniOzoneClusterImpl (MiniOzoneClusterImpl.java:lambda$waitForClusterToBeReady$0(216)) - Nodes are ready. Got 5 of 5 DN Heartbeats.
2022-10-08 01:33:03,788 [Listener at 127.0.0.1/33489] INFO  ozone.MiniOzoneClusterImpl (MiniOzoneClusterImpl.java:lambda$waitForClusterToBeReady$0(219)) - Waiting for cluster to exit safe mode
2022-10-08 01:33:03,788 [Listener at 127.0.0.1/33489] INFO  ozone.MiniOzoneClusterImpl (MiniOzoneClusterImpl.java:lambda$waitForClusterToBeReady$0(221)) - SCM became leader
2022-10-08 01:33:04,023 [b26d27ed-ea79-45a9-9638-48175110d4e1@group-1174A5ACAA97-FollowerState] INFO  impl.FollowerState (FollowerState.java:run(143)) - b26d27ed-ea79-45a9-9638-48175110d4e1@group-1174A5ACAA97-FollowerState: change to CANDIDATE, lastRpcElapsedTime:5159167151ns, electionTimeout:5157ms
2022-10-08 01:33:04,024 [b26d27ed-ea79-45a9-9638-48175110d4e1@group-1174A5ACAA97-FollowerState] INFO  impl.RoleInfo (RoleInfo.java:shutdownFollowerState(110)) - b26d27ed-ea79-45a9-9638-48175110d4e1: shutdown b26d27ed-ea79-45a9-9638-48175110d4e1@group-1174A5ACAA97-FollowerState
2022-10-08 01:33:04,024 [b26d27ed-ea79-45a9-9638-48175110d4e1@group-1174A5ACAA97-FollowerState] INFO  server.RaftServer$Division (RaftServerImpl.java:setRole(299)) - b26d27ed-ea79-45a9-9638-48175110d4e1@group-1174A5ACAA97: changes role from  FOLLOWER to CANDIDATE at term 0 for changeToCandidate
2022-10-08 01:33:04,024 [b26d27ed-ea79-45a9-9638-48175110d4e1@group-1174A5ACAA97-FollowerState] INFO  server.RaftServerConfigKeys (ConfUtils.java:logGet(46)) - raft.server.leaderelection.pre-vote = false (custom)
2022-10-08 01:33:04,024 [b26d27ed-ea79-45a9-9638-48175110d4e1@group-1174A5ACAA97-FollowerState] INFO  impl.RoleInfo (RoleInfo.java:updateAndGet(139)) - b26d27ed-ea79-45a9-9638-48175110d4e1: start b26d27ed-ea79-45a9-9638-48175110d4e1@group-1174A5ACAA97-LeaderElection13
2022-10-08 01:33:04,082 [b26d27ed-ea79-45a9-9638-48175110d4e1@group-1174A5ACAA97-LeaderElection13] INFO  impl.LeaderElection (LeaderElection.java:askForVotes(310)) - b26d27ed-ea79-45a9-9638-48175110d4e1@group-1174A5ACAA97-LeaderElection13 ELECTION round 0: submit vote requests at term 1 for -1: [b26d27ed-ea79-45a9-9638-48175110d4e1|rpc:10.1.0.61:45255|priority:1], old=null
2022-10-08 01:33:04,082 [b26d27ed-ea79-45a9-9638-48175110d4e1@group-1174A5ACAA97-LeaderElection13] INFO  impl.LeaderElection (LeaderElection.java:askForVotes(312)) - b26d27ed-ea79-45a9-9638-48175110d4e1@group-1174A5ACAA97-LeaderElection13 ELECTION round 0: result PASSED (term=1)
2022-10-08 01:33:04,082 [b26d27ed-ea79-45a9-9638-48175110d4e1@group-1174A5ACAA97-LeaderElection13] INFO  impl.RoleInfo (RoleInfo.java:shutdownLeaderElection(130)) - b26d27ed-ea79-45a9-9638-48175110d4e1: shutdown b26d27ed-ea79-45a9-9638-48175110d4e1@group-1174A5ACAA97-LeaderElection13
2022-10-08 01:33:04,082 [b26d27ed-ea79-45a9-9638-48175110d4e1@group-1174A5ACAA97-LeaderElection13] INFO  server.RaftServer$Division (RaftServerImpl.java:setRole(299)) - b26d27ed-ea79-45a9-9638-48175110d4e1@group-1174A5ACAA97: changes role from CANDIDATE to LEADER at term 1 for changeToLeader
2022-10-08 01:33:04,082 [b26d27ed-ea79-45a9-9638-48175110d4e1@group-1174A5ACAA97-LeaderElection13] INFO  ratis.XceiverServerRatis (XceiverServerRatis.java:handleLeaderChangedNotification(863)) - Leader change notification received for group: group-1174A5ACAA97 with new leaderId: b26d27ed-ea79-45a9-9638-48175110d4e1
2022-10-08 01:33:04,082 [b26d27ed-ea79-45a9-9638-48175110d4e1@group-1174A5ACAA97-LeaderElection13] INFO  server.RaftServer$Division (ServerState.java:setLeader(287)) - b26d27ed-ea79-45a9-9638-48175110d4e1@group-1174A5ACAA97: change Leader from null to b26d27ed-ea79-45a9-9638-48175110d4e1 at term 1 for becomeLeader, leader elected after 5240ms
2022-10-08 01:33:04,082 [b26d27ed-ea79-45a9-9638-48175110d4e1@group-1174A5ACAA97-LeaderElection13] INFO  server.RaftServerConfigKeys (ConfUtils.java:logGet(46)) - raft.server.staging.catchup.gap = 1000 (default)
2022-10-08 01:33:04,082 [b26d27ed-ea79-45a9-9638-48175110d4e1@group-1174A5ACAA97-LeaderElection13] INFO  server.RaftServerConfigKeys (ConfUtils.java:logGet(46)) - raft.server.write.element-limit = 1024 (custom)
2022-10-08 01:33:04,082 [b26d27ed-ea79-45a9-9638-48175110d4e1@group-1174A5ACAA97-LeaderElection13] INFO  server.RaftServerConfigKeys (ConfUtils.java:logGet(46)) - raft.server.write.byte-limit = 1024 M (=1073741824) (custom)
2022-10-08 01:33:04,083 [b26d27ed-ea79-45a9-9638-48175110d4e1@group-1174A5ACAA97-LeaderElection13] INFO  server.RaftServerConfigKeys (ConfUtils.java:logGet(46)) - raft.server.watch.timeout = 180s (custom)
2022-10-08 01:33:04,083 [b26d27ed-ea79-45a9-9638-48175110d4e1@group-1174A5ACAA97-LeaderElection13] INFO  server.RaftServerConfigKeys (ConfUtils.java:logGet(46)) - raft.server.watch.timeout.denomination = 1s (default)
2022-10-08 01:33:04,083 [b26d27ed-ea79-45a9-9638-48175110d4e1@group-1174A5ACAA97-LeaderElection13] INFO  server.RaftServerConfigKeys (ConfUtils.java:logGet(46)) - raft.server.watch.element-limit = 65536 (default)
2022-10-08 01:33:04,083 [b26d27ed-ea79-45a9-9638-48175110d4e1@group-1174A5ACAA97-LeaderElection13] INFO  server.RaftServerConfigKeys (ConfUtils.java:logGet(46)) - raft.server.write.element-limit = 1024 (custom)
2022-10-08 01:33:04,083 [b26d27ed-ea79-45a9-9638-48175110d4e1@group-1174A5ACAA97-LeaderElection13] INFO  server.RaftServerConfigKeys (ConfUtils.java:logGet(46)) - raft.server.write.follower.gap.ratio.max = -1.0 (default)
2022-10-08 01:33:04,083 [b26d27ed-ea79-45a9-9638-48175110d4e1@group-1174A5ACAA97-LeaderElection13] INFO  impl.RoleInfo (RoleInfo.java:updateAndGet(139)) - b26d27ed-ea79-45a9-9638-48175110d4e1: start b26d27ed-ea79-45a9-9638-48175110d4e1@group-1174A5ACAA97-LeaderStateImpl
2022-10-08 01:33:04,083 [b26d27ed-ea79-45a9-9638-48175110d4e1@group-1174A5ACAA97-LeaderElection13] INFO  segmented.SegmentedRaftLogWorker (SegmentedRaftLogWorker.java:startLogSegment(425)) - b26d27ed-ea79-45a9-9638-48175110d4e1@group-1174A5ACAA97-SegmentedRaftLogWorker: Starting segment from index:0
2022-10-08 01:33:04,088 [EventQueue-OpenPipelineForHealthyPipelineSafeModeRule] INFO  safemode.SCMSafeModeManager (HealthyPipelineSafeModeRule.java:process(137)) - SCM in safe mode. Healthy pipelines reported count is 0, required healthy pipeline reported count is 1
2022-10-08 01:33:04,095 [b26d27ed-ea79-45a9-9638-48175110d4e1@group-1174A5ACAA97-SegmentedRaftLogWorker] INFO  segmented.SegmentedRaftLogWorker (SegmentedRaftLogWorker.java:execute(629)) - b26d27ed-ea79-45a9-9638-48175110d4e1@group-1174A5ACAA97-SegmentedRaftLogWorker: created new log segment /home/runner/work/ozone/ozone/hadoop-ozone/integration-test/target/test-dir/MiniOzoneClusterImpl-b5c1db78-dac0-44d3-8f11-3a92d2c44f5f/datanode-2/data/ratis/8a416377-8ad8-45ca-8bb1-1174a5acaa97/current/log_inprogress_0
2022-10-08 01:33:04,100 [b26d27ed-ea79-45a9-9638-48175110d4e1@group-1174A5ACAA97-LeaderElection13] INFO  server.RaftServer$Division (ServerState.java:setRaftConf(393)) - b26d27ed-ea79-45a9-9638-48175110d4e1@group-1174A5ACAA97: set configuration 0: [b26d27ed-ea79-45a9-9638-48175110d4e1|rpc:10.1.0.61:45255|dataStream:|priority:1], old=null
2022-10-08 01:33:04,267 [ReplicationMonitor] INFO  replication.ReplicationManager (ReplicationManager.java:processAll(291)) - Replication Manager is not ready to run until 3000ms after safemode exit
2022-10-08 01:33:04,788 [Listener at 127.0.0.1/33489] INFO  ozone.MiniOzoneClusterImpl (MiniOzoneClusterImpl.java:lambda$waitForClusterToBeReady$0(216)) - Nodes are ready. Got 5 of 5 DN Heartbeats.
2022-10-08 01:33:04,788 [Listener at 127.0.0.1/33489] INFO  ozone.MiniOzoneClusterImpl (MiniOzoneClusterImpl.java:lambda$waitForClusterToBeReady$0(219)) - Waiting for cluster to exit safe mode
2022-10-08 01:33:04,788 [Listener at 127.0.0.1/33489] INFO  ozone.MiniOzoneClusterImpl (MiniOzoneClusterImpl.java:lambda$waitForClusterToBeReady$0(221)) - SCM became leader
2022-10-08 01:33:04,821 [12a173ea-bcad-49ed-951b-4ff1546d98a9@group-A8B215C1F10E-FollowerState] INFO  impl.FollowerState (FollowerState.java:run(143)) - 12a173ea-bcad-49ed-951b-4ff1546d98a9@group-A8B215C1F10E-FollowerState: change to CANDIDATE, lastRpcElapsedTime:5012907190ns, electionTimeout:5009ms
2022-10-08 01:33:04,822 [12a173ea-bcad-49ed-951b-4ff1546d98a9@group-A8B215C1F10E-FollowerState] INFO  impl.RoleInfo (RoleInfo.java:shutdownFollowerState(110)) - 12a173ea-bcad-49ed-951b-4ff1546d98a9: shutdown 12a173ea-bcad-49ed-951b-4ff1546d98a9@group-A8B215C1F10E-FollowerState
2022-10-08 01:33:04,822 [12a173ea-bcad-49ed-951b-4ff1546d98a9@group-A8B215C1F10E-FollowerState] INFO  server.RaftServer$Division (RaftServerImpl.java:setRole(299)) - 12a173ea-bcad-49ed-951b-4ff1546d98a9@group-A8B215C1F10E: changes role from  FOLLOWER to CANDIDATE at term 0 for changeToCandidate
2022-10-08 01:33:04,822 [12a173ea-bcad-49ed-951b-4ff1546d98a9@group-A8B215C1F10E-FollowerState] INFO  server.RaftServerConfigKeys (ConfUtils.java:logGet(46)) - raft.server.leaderelection.pre-vote = false (custom)
2022-10-08 01:33:04,822 [12a173ea-bcad-49ed-951b-4ff1546d98a9@group-A8B215C1F10E-FollowerState] INFO  impl.RoleInfo (RoleInfo.java:updateAndGet(139)) - 12a173ea-bcad-49ed-951b-4ff1546d98a9: start 12a173ea-bcad-49ed-951b-4ff1546d98a9@group-A8B215C1F10E-LeaderElection14
2022-10-08 01:33:04,865 [12a173ea-bcad-49ed-951b-4ff1546d98a9@group-A8B215C1F10E-LeaderElection14] INFO  impl.LeaderElection (LeaderElection.java:askForVotes(310)) - 12a173ea-bcad-49ed-951b-4ff1546d98a9@group-A8B215C1F10E-LeaderElection14 ELECTION round 0: submit vote requests at term 1 for -1: [12a173ea-bcad-49ed-951b-4ff1546d98a9|rpc:10.1.0.61:41669|priority:1], old=null
2022-10-08 01:33:04,865 [12a173ea-bcad-49ed-951b-4ff1546d98a9@group-A8B215C1F10E-LeaderElection14] INFO  impl.LeaderElection (LeaderElection.java:askForVotes(312)) - 12a173ea-bcad-49ed-951b-4ff1546d98a9@group-A8B215C1F10E-LeaderElection14 ELECTION round 0: result PASSED (term=1)
2022-10-08 01:33:04,865 [12a173ea-bcad-49ed-951b-4ff1546d98a9@group-A8B215C1F10E-LeaderElection14] INFO  impl.RoleInfo (RoleInfo.java:shutdownLeaderElection(130)) - 12a173ea-bcad-49ed-951b-4ff1546d98a9: shutdown 12a173ea-bcad-49ed-951b-4ff1546d98a9@group-A8B215C1F10E-LeaderElection14
2022-10-08 01:33:04,865 [12a173ea-bcad-49ed-951b-4ff1546d98a9@group-A8B215C1F10E-LeaderElection14] INFO  server.RaftServer$Division (RaftServerImpl.java:setRole(299)) - 12a173ea-bcad-49ed-951b-4ff1546d98a9@group-A8B215C1F10E: changes role from CANDIDATE to LEADER at term 1 for changeToLeader
2022-10-08 01:33:04,865 [12a173ea-bcad-49ed-951b-4ff1546d98a9@group-A8B215C1F10E-LeaderElection14] INFO  ratis.XceiverServerRatis (XceiverServerRatis.java:handleLeaderChangedNotification(863)) - Leader change notification received for group: group-A8B215C1F10E with new leaderId: 12a173ea-bcad-49ed-951b-4ff1546d98a9
2022-10-08 01:33:04,865 [12a173ea-bcad-49ed-951b-4ff1546d98a9@group-A8B215C1F10E-LeaderElection14] INFO  server.RaftServer$Division (ServerState.java:setLeader(287)) - 12a173ea-bcad-49ed-951b-4ff1546d98a9@group-A8B215C1F10E: change Leader from null to 12a173ea-bcad-49ed-951b-4ff1546d98a9 at term 1 for becomeLeader, leader elected after 5062ms
2022-10-08 01:33:04,865 [12a173ea-bcad-49ed-951b-4ff1546d98a9@group-A8B215C1F10E-LeaderElection14] INFO  server.RaftServerConfigKeys (ConfUtils.java:logGet(46)) - raft.server.staging.catchup.gap = 1000 (default)
2022-10-08 01:33:04,865 [12a173ea-bcad-49ed-951b-4ff1546d98a9@group-A8B215C1F10E-LeaderElection14] INFO  server.RaftServerConfigKeys (ConfUtils.java:logGet(46)) - raft.server.write.element-limit = 1024 (custom)
2022-10-08 01:33:04,866 [12a173ea-bcad-49ed-951b-4ff1546d98a9@group-A8B215C1F10E-LeaderElection14] INFO  server.RaftServerConfigKeys (ConfUtils.java:logGet(46)) - raft.server.write.byte-limit = 1024 M (=1073741824) (custom)
2022-10-08 01:33:04,866 [12a173ea-bcad-49ed-951b-4ff1546d98a9@group-A8B215C1F10E-LeaderElection14] INFO  server.RaftServerConfigKeys (ConfUtils.java:logGet(46)) - raft.server.watch.timeout = 180s (custom)
2022-10-08 01:33:04,866 [12a173ea-bcad-49ed-951b-4ff1546d98a9@group-A8B215C1F10E-LeaderElection14] INFO  server.RaftServerConfigKeys (ConfUtils.java:logGet(46)) - raft.server.watch.timeout.denomination = 1s (default)
2022-10-08 01:33:04,866 [12a173ea-bcad-49ed-951b-4ff1546d98a9@group-A8B215C1F10E-LeaderElection14] INFO  server.RaftServerConfigKeys (ConfUtils.java:logGet(46)) - raft.server.watch.element-limit = 65536 (default)
2022-10-08 01:33:04,866 [12a173ea-bcad-49ed-951b-4ff1546d98a9@group-A8B215C1F10E-LeaderElection14] INFO  server.RaftServerConfigKeys (ConfUtils.java:logGet(46)) - raft.server.write.element-limit = 1024 (custom)
2022-10-08 01:33:04,866 [12a173ea-bcad-49ed-951b-4ff1546d98a9@group-A8B215C1F10E-LeaderElection14] INFO  server.RaftServerConfigKeys (ConfUtils.java:logGet(46)) - raft.server.write.follower.gap.ratio.max = -1.0 (default)
2022-10-08 01:33:04,866 [12a173ea-bcad-49ed-951b-4ff1546d98a9@group-A8B215C1F10E-LeaderElection14] INFO  impl.RoleInfo (RoleInfo.java:updateAndGet(139)) - 12a173ea-bcad-49ed-951b-4ff1546d98a9: start 12a173ea-bcad-49ed-951b-4ff1546d98a9@group-A8B215C1F10E-LeaderStateImpl
2022-10-08 01:33:04,866 [12a173ea-bcad-49ed-951b-4ff1546d98a9@group-A8B215C1F10E-LeaderElection14] INFO  segmented.SegmentedRaftLogWorker (SegmentedRaftLogWorker.java:startLogSegment(425)) - 12a173ea-bcad-49ed-951b-4ff1546d98a9@group-A8B215C1F10E-SegmentedRaftLogWorker: Starting segment from index:0
2022-10-08 01:33:04,868 [EventQueue-OpenPipelineForHealthyPipelineSafeModeRule] INFO  safemode.SCMSafeModeManager (HealthyPipelineSafeModeRule.java:process(137)) - SCM in safe mode. Healthy pipelines reported count is 0, required healthy pipeline reported count is 1
2022-10-08 01:33:04,875 [12a173ea-bcad-49ed-951b-4ff1546d98a9@group-A8B215C1F10E-SegmentedRaftLogWorker] INFO  segmented.SegmentedRaftLogWorker (SegmentedRaftLogWorker.java:execute(629)) - 12a173ea-bcad-49ed-951b-4ff1546d98a9@group-A8B215C1F10E-SegmentedRaftLogWorker: created new log segment /home/runner/work/ozone/ozone/hadoop-ozone/integration-test/target/test-dir/MiniOzoneClusterImpl-b5c1db78-dac0-44d3-8f11-3a92d2c44f5f/datanode-3/data/ratis/815da0d8-dc70-4577-8bf3-a8b215c1f10e/current/log_inprogress_0
2022-10-08 01:33:04,881 [12a173ea-bcad-49ed-951b-4ff1546d98a9@group-A8B215C1F10E-LeaderElection14] INFO  server.RaftServer$Division (ServerState.java:setRaftConf(393)) - 12a173ea-bcad-49ed-951b-4ff1546d98a9@group-A8B215C1F10E: set configuration 0: [12a173ea-bcad-49ed-951b-4ff1546d98a9|rpc:10.1.0.61:41669|dataStream:|priority:1], old=null
2022-10-08 01:33:05,267 [ReplicationMonitor] INFO  replication.ReplicationManager (ReplicationManager.java:processAll(291)) - Replication Manager is not ready to run until 3000ms after safemode exit
2022-10-08 01:33:05,789 [Listener at 127.0.0.1/33489] INFO  ozone.MiniOzoneClusterImpl (MiniOzoneClusterImpl.java:lambda$waitForClusterToBeReady$0(216)) - Nodes are ready. Got 5 of 5 DN Heartbeats.
2022-10-08 01:33:05,789 [Listener at 127.0.0.1/33489] INFO  ozone.MiniOzoneClusterImpl (MiniOzoneClusterImpl.java:lambda$waitForClusterToBeReady$0(219)) - Waiting for cluster to exit safe mode
2022-10-08 01:33:05,789 [Listener at 127.0.0.1/33489] INFO  ozone.MiniOzoneClusterImpl (MiniOzoneClusterImpl.java:lambda$waitForClusterToBeReady$0(221)) - SCM became leader
2022-10-08 01:33:05,901 [12424a6c-52f6-4db6-8b56-b88c559f85ca@group-F1747B566097-FollowerState] INFO  impl.FollowerState (FollowerState.java:run(143)) - 12424a6c-52f6-4db6-8b56-b88c559f85ca@group-F1747B566097-FollowerState: change to CANDIDATE, lastRpcElapsedTime:5019557034ns, electionTimeout:5005ms
2022-10-08 01:33:05,901 [12424a6c-52f6-4db6-8b56-b88c559f85ca@group-F1747B566097-FollowerState] INFO  impl.RoleInfo (RoleInfo.java:shutdownFollowerState(110)) - 12424a6c-52f6-4db6-8b56-b88c559f85ca: shutdown 12424a6c-52f6-4db6-8b56-b88c559f85ca@group-F1747B566097-FollowerState
2022-10-08 01:33:05,902 [12424a6c-52f6-4db6-8b56-b88c559f85ca@group-F1747B566097-FollowerState] INFO  server.RaftServer$Division (RaftServerImpl.java:setRole(299)) - 12424a6c-52f6-4db6-8b56-b88c559f85ca@group-F1747B566097: changes role from  FOLLOWER to CANDIDATE at term 0 for changeToCandidate
2022-10-08 01:33:05,902 [12424a6c-52f6-4db6-8b56-b88c559f85ca@group-F1747B566097-FollowerState] INFO  server.RaftServerConfigKeys (ConfUtils.java:logGet(46)) - raft.server.leaderelection.pre-vote = false (custom)
2022-10-08 01:33:05,902 [12424a6c-52f6-4db6-8b56-b88c559f85ca@group-F1747B566097-FollowerState] INFO  impl.RoleInfo (RoleInfo.java:updateAndGet(139)) - 12424a6c-52f6-4db6-8b56-b88c559f85ca: start 12424a6c-52f6-4db6-8b56-b88c559f85ca@group-F1747B566097-LeaderElection15
2022-10-08 01:33:05,924 [12424a6c-52f6-4db6-8b56-b88c559f85ca@group-F1747B566097-LeaderElection15] INFO  impl.LeaderElection (LeaderElection.java:askForVotes(310)) - 12424a6c-52f6-4db6-8b56-b88c559f85ca@group-F1747B566097-LeaderElection15 ELECTION round 0: submit vote requests at term 1 for -1: [12424a6c-52f6-4db6-8b56-b88c559f85ca|rpc:10.1.0.61:43799|priority:1], old=null
2022-10-08 01:33:05,924 [12424a6c-52f6-4db6-8b56-b88c559f85ca@group-F1747B566097-LeaderElection15] INFO  impl.LeaderElection (LeaderElection.java:askForVotes(312)) - 12424a6c-52f6-4db6-8b56-b88c559f85ca@group-F1747B566097-LeaderElection15 ELECTION round 0: result PASSED (term=1)
2022-10-08 01:33:05,924 [12424a6c-52f6-4db6-8b56-b88c559f85ca@group-F1747B566097-LeaderElection15] INFO  impl.RoleInfo (RoleInfo.java:shutdownLeaderElection(130)) - 12424a6c-52f6-4db6-8b56-b88c559f85ca: shutdown 12424a6c-52f6-4db6-8b56-b88c559f85ca@group-F1747B566097-LeaderElection15
2022-10-08 01:33:05,924 [12424a6c-52f6-4db6-8b56-b88c559f85ca@group-F1747B566097-LeaderElection15] INFO  server.RaftServer$Division (RaftServerImpl.java:setRole(299)) - 12424a6c-52f6-4db6-8b56-b88c559f85ca@group-F1747B566097: changes role from CANDIDATE to LEADER at term 1 for changeToLeader
2022-10-08 01:33:05,924 [12424a6c-52f6-4db6-8b56-b88c559f85ca@group-F1747B566097-LeaderElection15] INFO  ratis.XceiverServerRatis (XceiverServerRatis.java:handleLeaderChangedNotification(863)) - Leader change notification received for group: group-F1747B566097 with new leaderId: 12424a6c-52f6-4db6-8b56-b88c559f85ca
2022-10-08 01:33:05,924 [12424a6c-52f6-4db6-8b56-b88c559f85ca@group-F1747B566097-LeaderElection15] INFO  server.RaftServer$Division (ServerState.java:setLeader(287)) - 12424a6c-52f6-4db6-8b56-b88c559f85ca@group-F1747B566097: change Leader from null to 12424a6c-52f6-4db6-8b56-b88c559f85ca at term 1 for becomeLeader, leader elected after 5062ms
2022-10-08 01:33:05,924 [12424a6c-52f6-4db6-8b56-b88c559f85ca@group-F1747B566097-LeaderElection15] INFO  server.RaftServerConfigKeys (ConfUtils.java:logGet(46)) - raft.server.staging.catchup.gap = 1000 (default)
2022-10-08 01:33:05,924 [12424a6c-52f6-4db6-8b56-b88c559f85ca@group-F1747B566097-LeaderElection15] INFO  server.RaftServerConfigKeys (ConfUtils.java:logGet(46)) - raft.server.write.element-limit = 1024 (custom)
2022-10-08 01:33:05,924 [12424a6c-52f6-4db6-8b56-b88c559f85ca@group-F1747B566097-LeaderElection15] INFO  server.RaftServerConfigKeys (ConfUtils.java:logGet(46)) - raft.server.write.byte-limit = 1024 M (=1073741824) (custom)
2022-10-08 01:33:05,925 [12424a6c-52f6-4db6-8b56-b88c559f85ca@group-F1747B566097-LeaderElection15] INFO  server.RaftServerConfigKeys (ConfUtils.java:logGet(46)) - raft.server.watch.timeout = 180s (custom)
2022-10-08 01:33:05,925 [12424a6c-52f6-4db6-8b56-b88c559f85ca@group-F1747B566097-LeaderElection15] INFO  server.RaftServerConfigKeys (ConfUtils.java:logGet(46)) - raft.server.watch.timeout.denomination = 1s (default)
2022-10-08 01:33:05,925 [12424a6c-52f6-4db6-8b56-b88c559f85ca@group-F1747B566097-LeaderElection15] INFO  server.RaftServerConfigKeys (ConfUtils.java:logGet(46)) - raft.server.watch.element-limit = 65536 (default)
2022-10-08 01:33:05,925 [12424a6c-52f6-4db6-8b56-b88c559f85ca@group-F1747B566097-LeaderElection15] INFO  server.RaftServerConfigKeys (ConfUtils.java:logGet(46)) - raft.server.write.element-limit = 1024 (custom)
2022-10-08 01:33:05,925 [12424a6c-52f6-4db6-8b56-b88c559f85ca@group-F1747B566097-LeaderElection15] INFO  server.RaftServerConfigKeys (ConfUtils.java:logGet(46)) - raft.server.write.follower.gap.ratio.max = -1.0 (default)
2022-10-08 01:33:05,925 [12424a6c-52f6-4db6-8b56-b88c559f85ca@group-F1747B566097-LeaderElection15] INFO  impl.RoleInfo (RoleInfo.java:updateAndGet(139)) - 12424a6c-52f6-4db6-8b56-b88c559f85ca: start 12424a6c-52f6-4db6-8b56-b88c559f85ca@group-F1747B566097-LeaderStateImpl
2022-10-08 01:33:05,925 [12424a6c-52f6-4db6-8b56-b88c559f85ca@group-F1747B566097-LeaderElection15] INFO  segmented.SegmentedRaftLogWorker (SegmentedRaftLogWorker.java:startLogSegment(425)) - 12424a6c-52f6-4db6-8b56-b88c559f85ca@group-F1747B566097-SegmentedRaftLogWorker: Starting segment from index:0
2022-10-08 01:33:05,932 [12424a6c-52f6-4db6-8b56-b88c559f85ca@group-F1747B566097-LeaderElection15] INFO  server.RaftServer$Division (ServerState.java:setRaftConf(393)) - 12424a6c-52f6-4db6-8b56-b88c559f85ca@group-F1747B566097: set configuration 0: [12424a6c-52f6-4db6-8b56-b88c559f85ca|rpc:10.1.0.61:43799|dataStream:|priority:1], old=null
2022-10-08 01:33:05,934 [12424a6c-52f6-4db6-8b56-b88c559f85ca@group-F1747B566097-SegmentedRaftLogWorker] INFO  segmented.SegmentedRaftLogWorker (SegmentedRaftLogWorker.java:execute(629)) - 12424a6c-52f6-4db6-8b56-b88c559f85ca@group-F1747B566097-SegmentedRaftLogWorker: created new log segment /home/runner/work/ozone/ozone/hadoop-ozone/integration-test/target/test-dir/MiniOzoneClusterImpl-b5c1db78-dac0-44d3-8f11-3a92d2c44f5f/datanode-4/data/ratis/18303d81-e3d8-4f30-b981-f1747b566097/current/log_inprogress_0
2022-10-08 01:33:05,944 [EventQueue-OpenPipelineForHealthyPipelineSafeModeRule] INFO  safemode.SCMSafeModeManager (HealthyPipelineSafeModeRule.java:process(137)) - SCM in safe mode. Healthy pipelines reported count is 0, required healthy pipeline reported count is 1
2022-10-08 01:33:06,267 [ReplicationMonitor] INFO  replication.ReplicationManager (ReplicationManager.java:processAll(291)) - Replication Manager is not ready to run until 3000ms after safemode exit
2022-10-08 01:33:06,792 [Listener at 127.0.0.1/33489] INFO  ozone.MiniOzoneClusterImpl (MiniOzoneClusterImpl.java:lambda$waitForClusterToBeReady$0(216)) - Nodes are ready. Got 5 of 5 DN Heartbeats.
2022-10-08 01:33:06,792 [Listener at 127.0.0.1/33489] INFO  ozone.MiniOzoneClusterImpl (MiniOzoneClusterImpl.java:lambda$waitForClusterToBeReady$0(219)) - Waiting for cluster to exit safe mode
2022-10-08 01:33:06,792 [Listener at 127.0.0.1/33489] INFO  ozone.MiniOzoneClusterImpl (MiniOzoneClusterImpl.java:lambda$waitForClusterToBeReady$0(221)) - SCM became leader
2022-10-08 01:33:07,192 [3f11faf3-83ff-4556-ba87-0c2050513ec2@group-7C6DAF28C01A-FollowerState] INFO  impl.FollowerState (FollowerState.java:run(143)) - 3f11faf3-83ff-4556-ba87-0c2050513ec2@group-7C6DAF28C01A-FollowerState: change to CANDIDATE, lastRpcElapsedTime:5169924061ns, electionTimeout:5163ms
2022-10-08 01:33:07,192 [3f11faf3-83ff-4556-ba87-0c2050513ec2@group-7C6DAF28C01A-FollowerState] INFO  impl.RoleInfo (RoleInfo.java:shutdownFollowerState(110)) - 3f11faf3-83ff-4556-ba87-0c2050513ec2: shutdown 3f11faf3-83ff-4556-ba87-0c2050513ec2@group-7C6DAF28C01A-FollowerState
2022-10-08 01:33:07,192 [3f11faf3-83ff-4556-ba87-0c2050513ec2@group-7C6DAF28C01A-FollowerState] INFO  server.RaftServer$Division (RaftServerImpl.java:setRole(299)) - 3f11faf3-83ff-4556-ba87-0c2050513ec2@group-7C6DAF28C01A: changes role from  FOLLOWER to CANDIDATE at term 1 for changeToCandidate
2022-10-08 01:33:07,192 [3f11faf3-83ff-4556-ba87-0c2050513ec2@group-7C6DAF28C01A-FollowerState] INFO  server.RaftServerConfigKeys (ConfUtils.java:logGet(46)) - raft.server.leaderelection.pre-vote = false (custom)
2022-10-08 01:33:07,192 [3f11faf3-83ff-4556-ba87-0c2050513ec2@group-7C6DAF28C01A-FollowerState] INFO  impl.RoleInfo (RoleInfo.java:updateAndGet(139)) - 3f11faf3-83ff-4556-ba87-0c2050513ec2: start 3f11faf3-83ff-4556-ba87-0c2050513ec2@group-7C6DAF28C01A-LeaderElection16
2022-10-08 01:33:07,211 [3f11faf3-83ff-4556-ba87-0c2050513ec2@group-7C6DAF28C01A-LeaderElection16] INFO  impl.LeaderElection (LeaderElection.java:askForVotes(310)) - 3f11faf3-83ff-4556-ba87-0c2050513ec2@group-7C6DAF28C01A-LeaderElection16 ELECTION round 0: submit vote requests at term 2 for -1: [b26d27ed-ea79-45a9-9638-48175110d4e1|rpc:10.1.0.61:45255|priority:0, 3f11faf3-83ff-4556-ba87-0c2050513ec2|rpc:10.1.0.61:39303|priority:0, 09c2f2af-7c19-464a-af99-f2c2b94b4067|rpc:10.1.0.61:44765|priority:1], old=null
2022-10-08 01:33:07,213 [grpc-default-executor-1] INFO  server.RaftServer$Division (RaftServerImpl.java:requestVote(1152)) - b26d27ed-ea79-45a9-9638-48175110d4e1@group-7C6DAF28C01A: receive requestVote(ELECTION, 3f11faf3-83ff-4556-ba87-0c2050513ec2, group-7C6DAF28C01A, 2, (t:0, i:0))
2022-10-08 01:33:07,213 [grpc-default-executor-1] INFO  impl.VoteContext (VoteContext.java:log(48)) - b26d27ed-ea79-45a9-9638-48175110d4e1@group-7C6DAF28C01A-FOLLOWER: accept ELECTION from 3f11faf3-83ff-4556-ba87-0c2050513ec2: our priority 0 <= candidate's priority 0
2022-10-08 01:33:07,213 [grpc-default-executor-1] INFO  server.RaftServer$Division (RaftServerImpl.java:setRole(299)) - b26d27ed-ea79-45a9-9638-48175110d4e1@group-7C6DAF28C01A: changes role from  FOLLOWER to FOLLOWER at term 2 for candidate:3f11faf3-83ff-4556-ba87-0c2050513ec2
2022-10-08 01:33:07,213 [grpc-default-executor-1] INFO  impl.RoleInfo (RoleInfo.java:shutdownFollowerState(110)) - b26d27ed-ea79-45a9-9638-48175110d4e1: shutdown b26d27ed-ea79-45a9-9638-48175110d4e1@group-7C6DAF28C01A-FollowerState
2022-10-08 01:33:07,220 [09c2f2af-7c19-464a-af99-f2c2b94b4067@group-7C6DAF28C01A-FollowerState] INFO  impl.FollowerState (FollowerState.java:run(143)) - 09c2f2af-7c19-464a-af99-f2c2b94b4067@group-7C6DAF28C01A-FollowerState: change to CANDIDATE, lastRpcElapsedTime:5152151413ns, electionTimeout:5144ms
2022-10-08 01:33:07,220 [09c2f2af-7c19-464a-af99-f2c2b94b4067@group-7C6DAF28C01A-FollowerState] INFO  impl.RoleInfo (RoleInfo.java:shutdownFollowerState(110)) - 09c2f2af-7c19-464a-af99-f2c2b94b4067: shutdown 09c2f2af-7c19-464a-af99-f2c2b94b4067@group-7C6DAF28C01A-FollowerState
2022-10-08 01:33:07,220 [09c2f2af-7c19-464a-af99-f2c2b94b4067@group-7C6DAF28C01A-FollowerState] INFO  server.RaftServer$Division (RaftServerImpl.java:setRole(299)) - 09c2f2af-7c19-464a-af99-f2c2b94b4067@group-7C6DAF28C01A: changes role from  FOLLOWER to CANDIDATE at term 1 for changeToCandidate
2022-10-08 01:33:07,228 [09c2f2af-7c19-464a-af99-f2c2b94b4067@group-7C6DAF28C01A-FollowerState] INFO  server.RaftServerConfigKeys (ConfUtils.java:logGet(46)) - raft.server.leaderelection.pre-vote = false (custom)
2022-10-08 01:33:07,228 [09c2f2af-7c19-464a-af99-f2c2b94b4067@group-7C6DAF28C01A-FollowerState] INFO  impl.RoleInfo (RoleInfo.java:updateAndGet(139)) - 09c2f2af-7c19-464a-af99-f2c2b94b4067: start 09c2f2af-7c19-464a-af99-f2c2b94b4067@group-7C6DAF28C01A-LeaderElection17
2022-10-08 01:33:07,232 [grpc-default-executor-3] INFO  server.RaftServer$Division (RaftServerImpl.java:requestVote(1152)) - 09c2f2af-7c19-464a-af99-f2c2b94b4067@group-7C6DAF28C01A: receive requestVote(ELECTION, 3f11faf3-83ff-4556-ba87-0c2050513ec2, group-7C6DAF28C01A, 2, (t:0, i:0))
2022-10-08 01:33:07,236 [grpc-default-executor-3] INFO  impl.VoteContext (VoteContext.java:log(48)) - 09c2f2af-7c19-464a-af99-f2c2b94b4067@group-7C6DAF28C01A-CANDIDATE: reject ELECTION from 3f11faf3-83ff-4556-ba87-0c2050513ec2: our priority 1 > candidate's priority 0
2022-10-08 01:33:07,236 [grpc-default-executor-1] INFO  impl.RoleInfo (RoleInfo.java:updateAndGet(139)) - b26d27ed-ea79-45a9-9638-48175110d4e1: start b26d27ed-ea79-45a9-9638-48175110d4e1@group-7C6DAF28C01A-FollowerState
2022-10-08 01:33:07,236 [grpc-default-executor-3] INFO  server.RaftServer$Division (RaftServerImpl.java:setRole(299)) - 09c2f2af-7c19-464a-af99-f2c2b94b4067@group-7C6DAF28C01A: changes role from CANDIDATE to FOLLOWER at term 2 for candidate:3f11faf3-83ff-4556-ba87-0c2050513ec2
2022-10-08 01:33:07,236 [grpc-default-executor-3] INFO  impl.RoleInfo (RoleInfo.java:shutdownLeaderElection(130)) - 09c2f2af-7c19-464a-af99-f2c2b94b4067: shutdown 09c2f2af-7c19-464a-af99-f2c2b94b4067@group-7C6DAF28C01A-LeaderElection17
2022-10-08 01:33:07,236 [09c2f2af-7c19-464a-af99-f2c2b94b4067@group-7C6DAF28C01A-LeaderElection17] INFO  impl.LeaderElection (LeaderElection.java:run(231)) - 09c2f2af-7c19-464a-af99-f2c2b94b4067@group-7C6DAF28C01A-LeaderElection17: skip running since this is already CLOSING
2022-10-08 01:33:07,236 [b26d27ed-ea79-45a9-9638-48175110d4e1@group-7C6DAF28C01A-FollowerState] INFO  impl.FollowerState (FollowerState.java:run(152)) - b26d27ed-ea79-45a9-9638-48175110d4e1@group-7C6DAF28C01A-FollowerState was interrupted
2022-10-08 01:33:07,240 [grpc-default-executor-3] INFO  impl.RoleInfo (RoleInfo.java:updateAndGet(139)) - 09c2f2af-7c19-464a-af99-f2c2b94b4067: start 09c2f2af-7c19-464a-af99-f2c2b94b4067@group-7C6DAF28C01A-FollowerState
2022-10-08 01:33:07,246 [grpc-default-executor-1] INFO  server.RaftServer$Division (RaftServerImpl.java:requestVote(1184)) - b26d27ed-ea79-45a9-9638-48175110d4e1@group-7C6DAF28C01A replies to ELECTION vote request: 3f11faf3-83ff-4556-ba87-0c2050513ec2<-b26d27ed-ea79-45a9-9638-48175110d4e1#0:OK-t2. Peer's state: b26d27ed-ea79-45a9-9638-48175110d4e1@group-7C6DAF28C01A:t2, leader=null, voted=3f11faf3-83ff-4556-ba87-0c2050513ec2, raftlog=b26d27ed-ea79-45a9-9638-48175110d4e1@group-7C6DAF28C01A-SegmentedRaftLog:OPENED:c-1, conf=-1: [b26d27ed-ea79-45a9-9638-48175110d4e1|rpc:10.1.0.61:45255|dataStream:|priority:0, 3f11faf3-83ff-4556-ba87-0c2050513ec2|rpc:10.1.0.61:39303|dataStream:|priority:0, 09c2f2af-7c19-464a-af99-f2c2b94b4067|rpc:10.1.0.61:44765|dataStream:|priority:1], old=null
2022-10-08 01:33:07,254 [grpc-default-executor-3] INFO  server.RaftServer$Division (RaftServerImpl.java:requestVote(1184)) - 09c2f2af-7c19-464a-af99-f2c2b94b4067@group-7C6DAF28C01A replies to ELECTION vote request: 3f11faf3-83ff-4556-ba87-0c2050513ec2<-09c2f2af-7c19-464a-af99-f2c2b94b4067#0:FAIL-t2. Peer's state: 09c2f2af-7c19-464a-af99-f2c2b94b4067@group-7C6DAF28C01A:t2, leader=null, voted=null, raftlog=09c2f2af-7c19-464a-af99-f2c2b94b4067@group-7C6DAF28C01A-SegmentedRaftLog:OPENED:c-1, conf=-1: [b26d27ed-ea79-45a9-9638-48175110d4e1|rpc:10.1.0.61:45255|dataStream:|priority:0, 3f11faf3-83ff-4556-ba87-0c2050513ec2|rpc:10.1.0.61:39303|dataStream:|priority:0, 09c2f2af-7c19-464a-af99-f2c2b94b4067|rpc:10.1.0.61:44765|dataStream:|priority:1], old=null
2022-10-08 01:33:07,255 [3f11faf3-83ff-4556-ba87-0c2050513ec2@group-7C6DAF28C01A-LeaderElection16] INFO  impl.LeaderElection (LeaderElection.java:logAndReturn(90)) - 3f11faf3-83ff-4556-ba87-0c2050513ec2@group-7C6DAF28C01A-LeaderElection16: ELECTION REJECTED received 2 response(s) and 0 exception(s):
2022-10-08 01:33:07,255 [3f11faf3-83ff-4556-ba87-0c2050513ec2@group-7C6DAF28C01A-LeaderElection16] INFO  impl.LeaderElection (LeaderElection.java:logAndReturn(94)) -   Response 0: 3f11faf3-83ff-4556-ba87-0c2050513ec2<-b26d27ed-ea79-45a9-9638-48175110d4e1#0:OK-t2
2022-10-08 01:33:07,255 [3f11faf3-83ff-4556-ba87-0c2050513ec2@group-7C6DAF28C01A-LeaderElection16] INFO  impl.LeaderElection (LeaderElection.java:logAndReturn(94)) -   Response 1: 3f11faf3-83ff-4556-ba87-0c2050513ec2<-09c2f2af-7c19-464a-af99-f2c2b94b4067#0:FAIL-t2
2022-10-08 01:33:07,255 [3f11faf3-83ff-4556-ba87-0c2050513ec2@group-7C6DAF28C01A-LeaderElection16] INFO  impl.LeaderElection (LeaderElection.java:askForVotes(312)) - 3f11faf3-83ff-4556-ba87-0c2050513ec2@group-7C6DAF28C01A-LeaderElection16 ELECTION round 0: result REJECTED
2022-10-08 01:33:07,255 [3f11faf3-83ff-4556-ba87-0c2050513ec2@group-7C6DAF28C01A-LeaderElection16] INFO  server.RaftServer$Division (RaftServerImpl.java:setRole(299)) - 3f11faf3-83ff-4556-ba87-0c2050513ec2@group-7C6DAF28C01A: changes role from CANDIDATE to FOLLOWER at term 2 for REJECTED
2022-10-08 01:33:07,255 [3f11faf3-83ff-4556-ba87-0c2050513ec2@group-7C6DAF28C01A-LeaderElection16] INFO  impl.RoleInfo (RoleInfo.java:shutdownLeaderElection(130)) - 3f11faf3-83ff-4556-ba87-0c2050513ec2: shutdown 3f11faf3-83ff-4556-ba87-0c2050513ec2@group-7C6DAF28C01A-LeaderElection16
2022-10-08 01:33:07,255 [3f11faf3-83ff-4556-ba87-0c2050513ec2@group-7C6DAF28C01A-LeaderElection16] INFO  impl.RoleInfo (RoleInfo.java:updateAndGet(139)) - 3f11faf3-83ff-4556-ba87-0c2050513ec2: start 3f11faf3-83ff-4556-ba87-0c2050513ec2@group-7C6DAF28C01A-FollowerState
2022-10-08 01:33:07,276 [ReplicationMonitor] INFO  replication.ReplicationManager (ReplicationManager.java:processAll(291)) - Replication Manager is not ready to run until 3000ms after safemode exit
2022-10-08 01:33:07,792 [Listener at 127.0.0.1/33489] INFO  ozone.MiniOzoneClusterImpl (MiniOzoneClusterImpl.java:lambda$waitForClusterToBeReady$0(216)) - Nodes are ready. Got 5 of 5 DN Heartbeats.
2022-10-08 01:33:07,792 [Listener at 127.0.0.1/33489] INFO  ozone.MiniOzoneClusterImpl (MiniOzoneClusterImpl.java:lambda$waitForClusterToBeReady$0(219)) - Waiting for cluster to exit safe mode
2022-10-08 01:33:07,792 [Listener at 127.0.0.1/33489] INFO  ozone.MiniOzoneClusterImpl (MiniOzoneClusterImpl.java:lambda$waitForClusterToBeReady$0(221)) - SCM became leader
2022-10-08 01:33:08,289 [ReplicationMonitor] INFO  replication.ReplicationManager (ReplicationManager.java:processAll(291)) - Replication Manager is not ready to run until 3000ms after safemode exit
2022-10-08 01:33:08,793 [Listener at 127.0.0.1/33489] INFO  ozone.MiniOzoneClusterImpl (MiniOzoneClusterImpl.java:lambda$waitForClusterToBeReady$0(216)) - Nodes are ready. Got 5 of 5 DN Heartbeats.
2022-10-08 01:33:08,793 [Listener at 127.0.0.1/33489] INFO  ozone.MiniOzoneClusterImpl (MiniOzoneClusterImpl.java:lambda$waitForClusterToBeReady$0(219)) - Waiting for cluster to exit safe mode
2022-10-08 01:33:08,793 [Listener at 127.0.0.1/33489] INFO  ozone.MiniOzoneClusterImpl (MiniOzoneClusterImpl.java:lambda$waitForClusterToBeReady$0(221)) - SCM became leader
2022-10-08 01:33:09,289 [ReplicationMonitor] INFO  replication.ReplicationManager (ReplicationManager.java:processAll(291)) - Replication Manager is not ready to run until 3000ms after safemode exit
2022-10-08 01:33:09,793 [Listener at 127.0.0.1/33489] INFO  ozone.MiniOzoneClusterImpl (MiniOzoneClusterImpl.java:lambda$waitForClusterToBeReady$0(216)) - Nodes are ready. Got 5 of 5 DN Heartbeats.
2022-10-08 01:33:09,793 [Listener at 127.0.0.1/33489] INFO  ozone.MiniOzoneClusterImpl (MiniOzoneClusterImpl.java:lambda$waitForClusterToBeReady$0(219)) - Waiting for cluster to exit safe mode
2022-10-08 01:33:09,793 [Listener at 127.0.0.1/33489] INFO  ozone.MiniOzoneClusterImpl (MiniOzoneClusterImpl.java:lambda$waitForClusterToBeReady$0(221)) - SCM became leader
2022-10-08 01:33:10,289 [ReplicationMonitor] INFO  replication.ReplicationManager (ReplicationManager.java:processAll(291)) - Replication Manager is not ready to run until 3000ms after safemode exit
2022-10-08 01:33:10,793 [Listener at 127.0.0.1/33489] INFO  ozone.MiniOzoneClusterImpl (MiniOzoneClusterImpl.java:lambda$waitForClusterToBeReady$0(216)) - Nodes are ready. Got 5 of 5 DN Heartbeats.
2022-10-08 01:33:10,793 [Listener at 127.0.0.1/33489] INFO  ozone.MiniOzoneClusterImpl (MiniOzoneClusterImpl.java:lambda$waitForClusterToBeReady$0(219)) - Waiting for cluster to exit safe mode
2022-10-08 01:33:10,793 [Listener at 127.0.0.1/33489] INFO  ozone.MiniOzoneClusterImpl (MiniOzoneClusterImpl.java:lambda$waitForClusterToBeReady$0(221)) - SCM became leader
2022-10-08 01:33:11,290 [ReplicationMonitor] INFO  replication.ReplicationManager (ReplicationManager.java:processAll(291)) - Replication Manager is not ready to run until 3000ms after safemode exit
2022-10-08 01:33:11,794 [Listener at 127.0.0.1/33489] INFO  ozone.MiniOzoneClusterImpl (MiniOzoneClusterImpl.java:lambda$waitForClusterToBeReady$0(216)) - Nodes are ready. Got 5 of 5 DN Heartbeats.
2022-10-08 01:33:11,794 [Listener at 127.0.0.1/33489] INFO  ozone.MiniOzoneClusterImpl (MiniOzoneClusterImpl.java:lambda$waitForClusterToBeReady$0(219)) - Waiting for cluster to exit safe mode
2022-10-08 01:33:11,794 [Listener at 127.0.0.1/33489] INFO  ozone.MiniOzoneClusterImpl (MiniOzoneClusterImpl.java:lambda$waitForClusterToBeReady$0(221)) - SCM became leader
2022-10-08 01:33:12,250 [09c2f2af-7c19-464a-af99-f2c2b94b4067@group-7C6DAF28C01A-FollowerState] INFO  impl.FollowerState (FollowerState.java:run(143)) - 09c2f2af-7c19-464a-af99-f2c2b94b4067@group-7C6DAF28C01A-FollowerState: change to CANDIDATE, lastRpcElapsedTime:5010193161ns, electionTimeout:5007ms
2022-10-08 01:33:12,250 [09c2f2af-7c19-464a-af99-f2c2b94b4067@group-7C6DAF28C01A-FollowerState] INFO  impl.RoleInfo (RoleInfo.java:shutdownFollowerState(110)) - 09c2f2af-7c19-464a-af99-f2c2b94b4067: shutdown 09c2f2af-7c19-464a-af99-f2c2b94b4067@group-7C6DAF28C01A-FollowerState
2022-10-08 01:33:12,250 [09c2f2af-7c19-464a-af99-f2c2b94b4067@group-7C6DAF28C01A-FollowerState] INFO  server.RaftServer$Division (RaftServerImpl.java:setRole(299)) - 09c2f2af-7c19-464a-af99-f2c2b94b4067@group-7C6DAF28C01A: changes role from  FOLLOWER to CANDIDATE at term 2 for changeToCandidate
2022-10-08 01:33:12,251 [09c2f2af-7c19-464a-af99-f2c2b94b4067@group-7C6DAF28C01A-FollowerState] INFO  server.RaftServerConfigKeys (ConfUtils.java:logGet(46)) - raft.server.leaderelection.pre-vote = false (custom)
2022-10-08 01:33:12,251 [09c2f2af-7c19-464a-af99-f2c2b94b4067@group-7C6DAF28C01A-FollowerState] INFO  impl.RoleInfo (RoleInfo.java:updateAndGet(139)) - 09c2f2af-7c19-464a-af99-f2c2b94b4067: start 09c2f2af-7c19-464a-af99-f2c2b94b4067@group-7C6DAF28C01A-LeaderElection18
2022-10-08 01:33:12,290 [09c2f2af-7c19-464a-af99-f2c2b94b4067@group-7C6DAF28C01A-LeaderElection18] INFO  impl.LeaderElection (LeaderElection.java:askForVotes(310)) - 09c2f2af-7c19-464a-af99-f2c2b94b4067@group-7C6DAF28C01A-LeaderElection18 ELECTION round 0: submit vote requests at term 3 for -1: [b26d27ed-ea79-45a9-9638-48175110d4e1|rpc:10.1.0.61:45255|dataStream:|priority:0, 3f11faf3-83ff-4556-ba87-0c2050513ec2|rpc:10.1.0.61:39303|dataStream:|priority:0, 09c2f2af-7c19-464a-af99-f2c2b94b4067|rpc:10.1.0.61:44765|dataStream:|priority:1], old=null
2022-10-08 01:33:12,290 [ReplicationMonitor] INFO  replication.ReplicationManager (ReplicationManager.java:processAll(291)) - Replication Manager is not ready to run until 3000ms after safemode exit
2022-10-08 01:33:12,301 [grpc-default-executor-3] INFO  server.RaftServer$Division (RaftServerImpl.java:requestVote(1152)) - b26d27ed-ea79-45a9-9638-48175110d4e1@group-7C6DAF28C01A: receive requestVote(ELECTION, 09c2f2af-7c19-464a-af99-f2c2b94b4067, group-7C6DAF28C01A, 3, (t:0, i:0))
2022-10-08 01:33:12,301 [grpc-default-executor-3] INFO  impl.VoteContext (VoteContext.java:log(48)) - b26d27ed-ea79-45a9-9638-48175110d4e1@group-7C6DAF28C01A-FOLLOWER: accept ELECTION from 09c2f2af-7c19-464a-af99-f2c2b94b4067: our priority 0 <= candidate's priority 1
2022-10-08 01:33:12,301 [grpc-default-executor-3] INFO  server.RaftServer$Division (RaftServerImpl.java:setRole(299)) - b26d27ed-ea79-45a9-9638-48175110d4e1@group-7C6DAF28C01A: changes role from  FOLLOWER to FOLLOWER at term 3 for candidate:09c2f2af-7c19-464a-af99-f2c2b94b4067
2022-10-08 01:33:12,301 [grpc-default-executor-3] INFO  impl.RoleInfo (RoleInfo.java:shutdownFollowerState(110)) - b26d27ed-ea79-45a9-9638-48175110d4e1: shutdown b26d27ed-ea79-45a9-9638-48175110d4e1@group-7C6DAF28C01A-FollowerState
2022-10-08 01:33:12,301 [b26d27ed-ea79-45a9-9638-48175110d4e1@group-7C6DAF28C01A-FollowerState] INFO  impl.FollowerState (FollowerState.java:run(152)) - b26d27ed-ea79-45a9-9638-48175110d4e1@group-7C6DAF28C01A-FollowerState was interrupted
2022-10-08 01:33:12,301 [grpc-default-executor-3] INFO  impl.RoleInfo (RoleInfo.java:updateAndGet(139)) - b26d27ed-ea79-45a9-9638-48175110d4e1: start b26d27ed-ea79-45a9-9638-48175110d4e1@group-7C6DAF28C01A-FollowerState
2022-10-08 01:33:12,310 [grpc-default-executor-3] INFO  server.RaftServer$Division (RaftServerImpl.java:requestVote(1184)) - b26d27ed-ea79-45a9-9638-48175110d4e1@group-7C6DAF28C01A replies to ELECTION vote request: 09c2f2af-7c19-464a-af99-f2c2b94b4067<-b26d27ed-ea79-45a9-9638-48175110d4e1#0:OK-t3. Peer's state: b26d27ed-ea79-45a9-9638-48175110d4e1@group-7C6DAF28C01A:t3, leader=null, voted=09c2f2af-7c19-464a-af99-f2c2b94b4067, raftlog=b26d27ed-ea79-45a9-9638-48175110d4e1@group-7C6DAF28C01A-SegmentedRaftLog:OPENED:c-1, conf=-1: [b26d27ed-ea79-45a9-9638-48175110d4e1|rpc:10.1.0.61:45255|dataStream:|priority:0, 3f11faf3-83ff-4556-ba87-0c2050513ec2|rpc:10.1.0.61:39303|dataStream:|priority:0, 09c2f2af-7c19-464a-af99-f2c2b94b4067|rpc:10.1.0.61:44765|dataStream:|priority:1], old=null
2022-10-08 01:33:12,313 [09c2f2af-7c19-464a-af99-f2c2b94b4067@group-7C6DAF28C01A-LeaderElection18] INFO  impl.LeaderElection (LeaderElection.java:logAndReturn(90)) - 09c2f2af-7c19-464a-af99-f2c2b94b4067@group-7C6DAF28C01A-LeaderElection18: ELECTION PASSED received 1 response(s) and 0 exception(s):
2022-10-08 01:33:12,313 [09c2f2af-7c19-464a-af99-f2c2b94b4067@group-7C6DAF28C01A-LeaderElection18] INFO  impl.LeaderElection (LeaderElection.java:logAndReturn(94)) -   Response 0: 09c2f2af-7c19-464a-af99-f2c2b94b4067<-b26d27ed-ea79-45a9-9638-48175110d4e1#0:OK-t3
2022-10-08 01:33:12,313 [09c2f2af-7c19-464a-af99-f2c2b94b4067@group-7C6DAF28C01A-LeaderElection18] INFO  impl.LeaderElection (LeaderElection.java:askForVotes(312)) - 09c2f2af-7c19-464a-af99-f2c2b94b4067@group-7C6DAF28C01A-LeaderElection18 ELECTION round 0: result PASSED
2022-10-08 01:33:12,313 [09c2f2af-7c19-464a-af99-f2c2b94b4067@group-7C6DAF28C01A-LeaderElection18] INFO  impl.RoleInfo (RoleInfo.java:shutdownLeaderElection(130)) - 09c2f2af-7c19-464a-af99-f2c2b94b4067: shutdown 09c2f2af-7c19-464a-af99-f2c2b94b4067@group-7C6DAF28C01A-LeaderElection18
2022-10-08 01:33:12,313 [grpc-default-executor-3] INFO  server.RaftServer$Division (RaftServerImpl.java:requestVote(1152)) - 3f11faf3-83ff-4556-ba87-0c2050513ec2@group-7C6DAF28C01A: receive requestVote(ELECTION, 09c2f2af-7c19-464a-af99-f2c2b94b4067, group-7C6DAF28C01A, 3, (t:0, i:0))
2022-10-08 01:33:12,313 [09c2f2af-7c19-464a-af99-f2c2b94b4067@group-7C6DAF28C01A-LeaderElection18] INFO  server.RaftServer$Division (RaftServerImpl.java:setRole(299)) - 09c2f2af-7c19-464a-af99-f2c2b94b4067@group-7C6DAF28C01A: changes role from CANDIDATE to LEADER at term 3 for changeToLeader
2022-10-08 01:33:12,321 [09c2f2af-7c19-464a-af99-f2c2b94b4067@group-7C6DAF28C01A-LeaderElection18] INFO  ratis.XceiverServerRatis (XceiverServerRatis.java:handleLeaderChangedNotification(863)) - Leader change notification received for group: group-7C6DAF28C01A with new leaderId: 09c2f2af-7c19-464a-af99-f2c2b94b4067
2022-10-08 01:33:12,321 [09c2f2af-7c19-464a-af99-f2c2b94b4067@group-7C6DAF28C01A-LeaderElection18] INFO  server.RaftServer$Division (ServerState.java:setLeader(287)) - 09c2f2af-7c19-464a-af99-f2c2b94b4067@group-7C6DAF28C01A: change Leader from null to 09c2f2af-7c19-464a-af99-f2c2b94b4067 at term 3 for becomeLeader, leader elected after 15449ms
2022-10-08 01:33:12,321 [09c2f2af-7c19-464a-af99-f2c2b94b4067@group-7C6DAF28C01A-LeaderElection18] INFO  server.RaftServerConfigKeys (ConfUtils.java:logGet(46)) - raft.server.staging.catchup.gap = 1000 (default)
2022-10-08 01:33:12,321 [09c2f2af-7c19-464a-af99-f2c2b94b4067@group-7C6DAF28C01A-LeaderElection18] INFO  server.RaftServerConfigKeys (ConfUtils.java:logGet(46)) - raft.server.write.element-limit = 1024 (custom)
2022-10-08 01:33:12,321 [09c2f2af-7c19-464a-af99-f2c2b94b4067@group-7C6DAF28C01A-LeaderElection18] INFO  server.RaftServerConfigKeys (ConfUtils.java:logGet(46)) - raft.server.write.byte-limit = 1024 M (=1073741824) (custom)
2022-10-08 01:33:12,322 [09c2f2af-7c19-464a-af99-f2c2b94b4067@group-7C6DAF28C01A-LeaderElection18] INFO  server.RaftServerConfigKeys (ConfUtils.java:logGet(46)) - raft.server.watch.timeout = 180s (custom)
2022-10-08 01:33:12,322 [09c2f2af-7c19-464a-af99-f2c2b94b4067@group-7C6DAF28C01A-LeaderElection18] INFO  server.RaftServerConfigKeys (ConfUtils.java:logGet(46)) - raft.server.watch.timeout.denomination = 1s (default)
2022-10-08 01:33:12,322 [09c2f2af-7c19-464a-af99-f2c2b94b4067@group-7C6DAF28C01A-LeaderElection18] INFO  server.RaftServerConfigKeys (ConfUtils.java:logGet(46)) - raft.server.watch.element-limit = 65536 (default)
2022-10-08 01:33:12,322 [09c2f2af-7c19-464a-af99-f2c2b94b4067@group-7C6DAF28C01A-LeaderElection18] INFO  server.RaftServerConfigKeys (ConfUtils.java:logGet(46)) - raft.server.write.element-limit = 1024 (custom)
2022-10-08 01:33:12,322 [09c2f2af-7c19-464a-af99-f2c2b94b4067@group-7C6DAF28C01A-LeaderElection18] INFO  server.RaftServerConfigKeys (ConfUtils.java:logGet(46)) - raft.server.write.follower.gap.ratio.max = -1.0 (default)
2022-10-08 01:33:12,323 [09c2f2af-7c19-464a-af99-f2c2b94b4067@group-7C6DAF28C01A-LeaderElection18] INFO  server.RaftServerConfigKeys (ConfUtils.java:logGet(46)) - raft.server.log.appender.snapshot.chunk.size.max = 16MB (=16777216) (default)
2022-10-08 01:33:12,323 [09c2f2af-7c19-464a-af99-f2c2b94b4067@group-7C6DAF28C01A-LeaderElection18] INFO  server.RaftServerConfigKeys (ConfUtils.java:logGet(46)) - raft.server.log.appender.buffer.byte-limit = 33554432 (custom)
2022-10-08 01:33:12,323 [09c2f2af-7c19-464a-af99-f2c2b94b4067@group-7C6DAF28C01A-LeaderElection18] INFO  server.RaftServerConfigKeys (ConfUtils.java:logGet(46)) - raft.server.log.appender.buffer.element-limit = 1 (custom)
2022-10-08 01:33:12,323 [09c2f2af-7c19-464a-af99-f2c2b94b4067@group-7C6DAF28C01A-LeaderElection18] INFO  grpc.GrpcConfigKeys (ConfUtils.java:logGet(46)) - raft.grpc.server.leader.outstanding.appends.max = 128 (default)
2022-10-08 01:33:12,323 [09c2f2af-7c19-464a-af99-f2c2b94b4067@group-7C6DAF28C01A-LeaderElection18] INFO  server.RaftServerConfigKeys (ConfUtils.java:logGet(46)) - raft.server.rpc.request.timeout = 60s (custom)
2022-10-08 01:33:12,323 [09c2f2af-7c19-464a-af99-f2c2b94b4067@group-7C6DAF28C01A-LeaderElection18] INFO  server.RaftServerConfigKeys (ConfUtils.java:logGet(46)) - raft.server.log.appender.install.snapshot.enabled = false (custom)
2022-10-08 01:33:12,313 [grpc-default-executor-3] INFO  impl.VoteContext (VoteContext.java:log(48)) - 3f11faf3-83ff-4556-ba87-0c2050513ec2@group-7C6DAF28C01A-FOLLOWER: accept ELECTION from 09c2f2af-7c19-464a-af99-f2c2b94b4067: our priority 0 <= candidate's priority 1
2022-10-08 01:33:12,324 [grpc-default-executor-3] INFO  server.RaftServer$Division (RaftServerImpl.java:setRole(299)) - 3f11faf3-83ff-4556-ba87-0c2050513ec2@group-7C6DAF28C01A: changes role from  FOLLOWER to FOLLOWER at term 3 for candidate:09c2f2af-7c19-464a-af99-f2c2b94b4067
2022-10-08 01:33:12,324 [grpc-default-executor-3] INFO  impl.RoleInfo (RoleInfo.java:shutdownFollowerState(110)) - 3f11faf3-83ff-4556-ba87-0c2050513ec2: shutdown 3f11faf3-83ff-4556-ba87-0c2050513ec2@group-7C6DAF28C01A-FollowerState
2022-10-08 01:33:12,324 [grpc-default-executor-3] INFO  impl.RoleInfo (RoleInfo.java:updateAndGet(139)) - 3f11faf3-83ff-4556-ba87-0c2050513ec2: start 3f11faf3-83ff-4556-ba87-0c2050513ec2@group-7C6DAF28C01A-FollowerState
2022-10-08 01:33:12,328 [EventQueue-PipelineReportForPipelineReportHandler] INFO  pipeline.PipelineManagerImpl (PipelineManagerImpl.java:openPipeline(367)) - Pipeline Pipeline[ Id: 825a0b31-876f-4a77-8beb-7c6daf28c01a, Nodes: 3f11faf3-83ff-4556-ba87-0c2050513ec2{ip: 10.1.0.61, host: fv-az180-867.g3pwtgv4ffyuhaixmbmm0kyh3d.gx.internal.cloudapp.net, ports: [REPLICATION=36993, RATIS=39303, RATIS_ADMIN=39303, RATIS_SERVER=39303, STANDALONE=38577], networkLocation: /default-rack, certSerialId: null, persistedOpState: IN_SERVICE, persistedOpStateExpiryEpochSec: 0}09c2f2af-7c19-464a-af99-f2c2b94b4067{ip: 10.1.0.61, host: fv-az180-867.g3pwtgv4ffyuhaixmbmm0kyh3d.gx.internal.cloudapp.net, ports: [REPLICATION=41937, RATIS=44765, RATIS_ADMIN=44765, RATIS_SERVER=44765, STANDALONE=39829], networkLocation: /default-rack, certSerialId: null, persistedOpState: IN_SERVICE, persistedOpStateExpiryEpochSec: 0}b26d27ed-ea79-45a9-9638-48175110d4e1{ip: 10.1.0.61, host: fv-az180-867.g3pwtgv4ffyuhaixmbmm0kyh3d.gx.internal.cloudapp.net, ports: [REPLICATION=41421, RATIS=45255, RATIS_ADMIN=45255, RATIS_SERVER=45255, STANDALONE=37381], networkLocation: /default-rack, certSerialId: null, persistedOpState: IN_SERVICE, persistedOpStateExpiryEpochSec: 0}, ReplicationConfig: RATIS/THREE, State:ALLOCATED, leaderId:09c2f2af-7c19-464a-af99-f2c2b94b4067, CreationTimestamp2022-10-08T01:32:55.842Z[Etc/UTC]] moved to OPEN state
2022-10-08 01:33:12,328 [EventQueue-OpenPipelineForHealthyPipelineSafeModeRule] INFO  safemode.SCMSafeModeManager (HealthyPipelineSafeModeRule.java:process(137)) - SCM in safe mode. Healthy pipelines reported count is 0, required healthy pipeline reported count is 1
2022-10-08 01:33:12,328 [EventQueue-OpenPipelineForHealthyPipelineSafeModeRule] INFO  safemode.SCMSafeModeManager (HealthyPipelineSafeModeRule.java:process(137)) - SCM in safe mode. Healthy pipelines reported count is 1, required healthy pipeline reported count is 1
2022-10-08 01:33:12,328 [EventQueue-OpenPipelineForHealthyPipelineSafeModeRule] INFO  safemode.SCMSafeModeManager (SCMSafeModeManager.java:validateSafeModeExitRules(204)) - HealthyPipelineSafeModeRule rule is successfully validated
2022-10-08 01:33:12,328 [EventQueue-OpenPipelineForHealthyPipelineSafeModeRule] INFO  safemode.SCMSafeModeManager (SCMSafeModeManager.java:validateSafeModeExitRules(219)) - ScmSafeModeManager, all rules are successfully validated
2022-10-08 01:33:12,328 [EventQueue-OpenPipelineForHealthyPipelineSafeModeRule] INFO  safemode.SCMSafeModeManager (SCMSafeModeManager.java:exitSafeMode(248)) - SCM exiting safe mode.
2022-10-08 01:33:12,328 [EventQueue-OpenPipelineForHealthyPipelineSafeModeRule] WARN  events.EventQueue (EventQueue.java:fireEvent(216)) - No event handler registered for event TypedEvent{payloadType=SafeModeStatus, name='Safe mode status'}
2022-10-08 01:33:12,328 [EventQueue-OpenPipelineForHealthyPipelineSafeModeRule] INFO  ha.SCMContext (SCMContext.java:updateSafeModeStatus(228)) - Update SafeModeStatus from SafeModeStatus{safeModeStatus=true, preCheckPassed=true} to SafeModeStatus{safeModeStatus=false, preCheckPassed=true}.
2022-10-08 01:33:12,328 [EventQueue-OpenPipelineForHealthyPipelineSafeModeRule] INFO  pipeline.BackgroundPipelineCreator (BackgroundPipelineCreator.java:notifyStatusChanged(254)) - Service BackgroundPipelineCreator transitions to RUNNING.
2022-10-08 01:33:12,328 [EventQueue-OpenPipelineForHealthyPipelineSafeModeRule] INFO  BackgroundPipelineScrubber (BackgroundSCMService.java:notifyStatusChanged(82)) - Service BackgroundPipelineScrubber transitions to RUNNING.
2022-10-08 01:33:12,328 [EventQueue-OpenPipelineForHealthyPipelineSafeModeRule] INFO  ExpiredContainerReplicaOpScrubber (BackgroundSCMService.java:notifyStatusChanged(82)) - Service ExpiredContainerReplicaOpScrubber transitions to RUNNING.
2022-10-08 01:33:12,329 [EventQueue-OpenPipelineForHealthyPipelineSafeModeRule] INFO  replication.ReplicationManager (ReplicationManager.java:notifyStatusChanged(728)) - Service ReplicationManager transitions to RUNNING.
2022-10-08 01:33:12,329 [EventQueue-OpenPipelineForHealthyPipelineSafeModeRule] WARN  balancer.ContainerBalancer (ContainerBalancer.java:shouldRun(936)) - Could not find persisted configuration for ContainerBalancer when checking if ContainerBalancer should run. ContainerBalancer should not run now.
2022-10-08 01:33:12,324 [3f11faf3-83ff-4556-ba87-0c2050513ec2@group-7C6DAF28C01A-FollowerState] INFO  impl.FollowerState (FollowerState.java:run(152)) - 3f11faf3-83ff-4556-ba87-0c2050513ec2@group-7C6DAF28C01A-FollowerState was interrupted
2022-10-08 01:33:12,336 [09c2f2af-7c19-464a-af99-f2c2b94b4067@group-7C6DAF28C01A-LeaderElection18] INFO  server.RaftServerConfigKeys (ConfUtils.java:logGet(46)) - raft.server.log.appender.snapshot.chunk.size.max = 16MB (=16777216) (default)
2022-10-08 01:33:12,336 [09c2f2af-7c19-464a-af99-f2c2b94b4067@group-7C6DAF28C01A-LeaderElection18] INFO  server.RaftServerConfigKeys (ConfUtils.java:logGet(46)) - raft.server.log.appender.buffer.byte-limit = 33554432 (custom)
2022-10-08 01:33:12,336 [09c2f2af-7c19-464a-af99-f2c2b94b4067@group-7C6DAF28C01A-LeaderElection18] INFO  server.RaftServerConfigKeys (ConfUtils.java:logGet(46)) - raft.server.log.appender.buffer.element-limit = 1 (custom)
2022-10-08 01:33:12,344 [09c2f2af-7c19-464a-af99-f2c2b94b4067@group-7C6DAF28C01A-LeaderElection18] INFO  grpc.GrpcConfigKeys (ConfUtils.java:logGet(46)) - raft.grpc.server.leader.outstanding.appends.max = 128 (default)
2022-10-08 01:33:12,344 [09c2f2af-7c19-464a-af99-f2c2b94b4067@group-7C6DAF28C01A-LeaderElection18] INFO  server.RaftServerConfigKeys (ConfUtils.java:logGet(46)) - raft.server.rpc.request.timeout = 60s (custom)
2022-10-08 01:33:12,344 [09c2f2af-7c19-464a-af99-f2c2b94b4067@group-7C6DAF28C01A-LeaderElection18] INFO  server.RaftServerConfigKeys (ConfUtils.java:logGet(46)) - raft.server.log.appender.install.snapshot.enabled = false (custom)
2022-10-08 01:33:12,344 [09c2f2af-7c19-464a-af99-f2c2b94b4067@group-7C6DAF28C01A-LeaderElection18] INFO  impl.RoleInfo (RoleInfo.java:updateAndGet(139)) - 09c2f2af-7c19-464a-af99-f2c2b94b4067: start 09c2f2af-7c19-464a-af99-f2c2b94b4067@group-7C6DAF28C01A-LeaderStateImpl
2022-10-08 01:33:12,345 [09c2f2af-7c19-464a-af99-f2c2b94b4067@group-7C6DAF28C01A-LeaderElection18] INFO  segmented.SegmentedRaftLogWorker (SegmentedRaftLogWorker.java:startLogSegment(425)) - 09c2f2af-7c19-464a-af99-f2c2b94b4067@group-7C6DAF28C01A-SegmentedRaftLogWorker: Starting segment from index:0
2022-10-08 01:33:12,351 [grpc-default-executor-3] INFO  server.RaftServer$Division (RaftServerImpl.java:requestVote(1184)) - 3f11faf3-83ff-4556-ba87-0c2050513ec2@group-7C6DAF28C01A replies to ELECTION vote request: 09c2f2af-7c19-464a-af99-f2c2b94b4067<-3f11faf3-83ff-4556-ba87-0c2050513ec2#0:OK-t3. Peer's state: 3f11faf3-83ff-4556-ba87-0c2050513ec2@group-7C6DAF28C01A:t3, leader=null, voted=09c2f2af-7c19-464a-af99-f2c2b94b4067, raftlog=3f11faf3-83ff-4556-ba87-0c2050513ec2@group-7C6DAF28C01A-SegmentedRaftLog:OPENED:c-1, conf=-1: [b26d27ed-ea79-45a9-9638-48175110d4e1|rpc:10.1.0.61:45255|priority:0, 3f11faf3-83ff-4556-ba87-0c2050513ec2|rpc:10.1.0.61:39303|priority:0, 09c2f2af-7c19-464a-af99-f2c2b94b4067|rpc:10.1.0.61:44765|priority:1], old=null
2022-10-08 01:33:12,356 [09c2f2af-7c19-464a-af99-f2c2b94b4067@group-7C6DAF28C01A-LeaderElection18] INFO  server.RaftServer$Division (ServerState.java:setRaftConf(393)) - 09c2f2af-7c19-464a-af99-f2c2b94b4067@group-7C6DAF28C01A: set configuration 0: [b26d27ed-ea79-45a9-9638-48175110d4e1|rpc:10.1.0.61:45255|dataStream:|priority:0, 3f11faf3-83ff-4556-ba87-0c2050513ec2|rpc:10.1.0.61:39303|dataStream:|priority:0, 09c2f2af-7c19-464a-af99-f2c2b94b4067|rpc:10.1.0.61:44765|dataStream:|priority:1], old=null
2022-10-08 01:33:12,369 [09c2f2af-7c19-464a-af99-f2c2b94b4067@group-7C6DAF28C01A-SegmentedRaftLogWorker] INFO  segmented.SegmentedRaftLogWorker (SegmentedRaftLogWorker.java:execute(629)) - 09c2f2af-7c19-464a-af99-f2c2b94b4067@group-7C6DAF28C01A-SegmentedRaftLogWorker: created new log segment /home/runner/work/ozone/ozone/hadoop-ozone/integration-test/target/test-dir/MiniOzoneClusterImpl-b5c1db78-dac0-44d3-8f11-3a92d2c44f5f/datanode-1/data/ratis/825a0b31-876f-4a77-8beb-7c6daf28c01a/current/log_inprogress_0
2022-10-08 01:33:12,388 [b26d27ed-ea79-45a9-9638-48175110d4e1-server-thread1] INFO  ratis.XceiverServerRatis (XceiverServerRatis.java:handleLeaderChangedNotification(863)) - Leader change notification received for group: group-7C6DAF28C01A with new leaderId: 09c2f2af-7c19-464a-af99-f2c2b94b4067
2022-10-08 01:33:12,388 [b26d27ed-ea79-45a9-9638-48175110d4e1-server-thread1] INFO  server.RaftServer$Division (ServerState.java:setLeader(287)) - b26d27ed-ea79-45a9-9638-48175110d4e1@group-7C6DAF28C01A: change Leader from null to 09c2f2af-7c19-464a-af99-f2c2b94b4067 at term 3 for appendEntries, leader elected after 15431ms
2022-10-08 01:33:12,393 [3f11faf3-83ff-4556-ba87-0c2050513ec2-server-thread1] INFO  ratis.XceiverServerRatis (XceiverServerRatis.java:handleLeaderChangedNotification(863)) - Leader change notification received for group: group-7C6DAF28C01A with new leaderId: 09c2f2af-7c19-464a-af99-f2c2b94b4067
2022-10-08 01:33:12,397 [3f11faf3-83ff-4556-ba87-0c2050513ec2-server-thread1] INFO  server.RaftServer$Division (ServerState.java:setLeader(287)) - 3f11faf3-83ff-4556-ba87-0c2050513ec2@group-7C6DAF28C01A: change Leader from null to 09c2f2af-7c19-464a-af99-f2c2b94b4067 at term 3 for appendEntries, leader elected after 15621ms
2022-10-08 01:33:12,417 [b26d27ed-ea79-45a9-9638-48175110d4e1-server-thread1] INFO  server.RaftServer$Division (ServerState.java:setRaftConf(393)) - b26d27ed-ea79-45a9-9638-48175110d4e1@group-7C6DAF28C01A: set configuration 0: [b26d27ed-ea79-45a9-9638-48175110d4e1|rpc:10.1.0.61:45255|dataStream:|priority:0, 3f11faf3-83ff-4556-ba87-0c2050513ec2|rpc:10.1.0.61:39303|dataStream:|priority:0, 09c2f2af-7c19-464a-af99-f2c2b94b4067|rpc:10.1.0.61:44765|dataStream:|priority:1], old=null
2022-10-08 01:33:12,417 [b26d27ed-ea79-45a9-9638-48175110d4e1-server-thread1] INFO  segmented.SegmentedRaftLogWorker (SegmentedRaftLogWorker.java:startLogSegment(425)) - b26d27ed-ea79-45a9-9638-48175110d4e1@group-7C6DAF28C01A-SegmentedRaftLogWorker: Starting segment from index:0
2022-10-08 01:33:12,440 [3f11faf3-83ff-4556-ba87-0c2050513ec2-server-thread1] INFO  server.RaftServer$Division (ServerState.java:setRaftConf(393)) - 3f11faf3-83ff-4556-ba87-0c2050513ec2@group-7C6DAF28C01A: set configuration 0: [b26d27ed-ea79-45a9-9638-48175110d4e1|rpc:10.1.0.61:45255|dataStream:|priority:0, 3f11faf3-83ff-4556-ba87-0c2050513ec2|rpc:10.1.0.61:39303|dataStream:|priority:0, 09c2f2af-7c19-464a-af99-f2c2b94b4067|rpc:10.1.0.61:44765|dataStream:|priority:1], old=null
2022-10-08 01:33:12,440 [3f11faf3-83ff-4556-ba87-0c2050513ec2-server-thread1] INFO  segmented.SegmentedRaftLogWorker (SegmentedRaftLogWorker.java:startLogSegment(425)) - 3f11faf3-83ff-4556-ba87-0c2050513ec2@group-7C6DAF28C01A-SegmentedRaftLogWorker: Starting segment from index:0
2022-10-08 01:33:12,452 [b26d27ed-ea79-45a9-9638-48175110d4e1@group-7C6DAF28C01A-SegmentedRaftLogWorker] INFO  segmented.SegmentedRaftLogWorker (SegmentedRaftLogWorker.java:execute(629)) - b26d27ed-ea79-45a9-9638-48175110d4e1@group-7C6DAF28C01A-SegmentedRaftLogWorker: created new log segment /home/runner/work/ozone/ozone/hadoop-ozone/integration-test/target/test-dir/MiniOzoneClusterImpl-b5c1db78-dac0-44d3-8f11-3a92d2c44f5f/datanode-2/data/ratis/825a0b31-876f-4a77-8beb-7c6daf28c01a/current/log_inprogress_0
2022-10-08 01:33:12,460 [3f11faf3-83ff-4556-ba87-0c2050513ec2@group-7C6DAF28C01A-SegmentedRaftLogWorker] INFO  segmented.SegmentedRaftLogWorker (SegmentedRaftLogWorker.java:execute(629)) - 3f11faf3-83ff-4556-ba87-0c2050513ec2@group-7C6DAF28C01A-SegmentedRaftLogWorker: created new log segment /home/runner/work/ozone/ozone/hadoop-ozone/integration-test/target/test-dir/MiniOzoneClusterImpl-b5c1db78-dac0-44d3-8f11-3a92d2c44f5f/datanode-0/data/ratis/825a0b31-876f-4a77-8beb-7c6daf28c01a/current/log_inprogress_0
2022-10-08 01:33:12,794 [Listener at 127.0.0.1/33489] INFO  ozone.MiniOzoneClusterImpl (MiniOzoneClusterImpl.java:lambda$waitForClusterToBeReady$0(216)) - Nodes are ready. Got 5 of 5 DN Heartbeats.
2022-10-08 01:33:12,794 [Listener at 127.0.0.1/33489] INFO  ozone.MiniOzoneClusterImpl (MiniOzoneClusterImpl.java:lambda$waitForClusterToBeReady$0(219)) - Cluster exits safe mode
2022-10-08 01:33:12,794 [Listener at 127.0.0.1/33489] INFO  ozone.MiniOzoneClusterImpl (MiniOzoneClusterImpl.java:lambda$waitForClusterToBeReady$0(221)) - SCM became leader
2022-10-08 01:33:12,825 [Listener at 127.0.0.1/33489] INFO  rpc.RpcClient (RpcClient.java:createVolume(471)) - Creating Volume: 8c6f4367-abac-4e2e-8c0c-ffabcd00ffb7, with runner as owner and space quota set to -1 bytes, counts quota set to -1
2022-10-08 01:33:12,880 [OM StateMachine ApplyTransaction Thread - 0] INFO  volume.OMVolumeCreateRequest (OMVolumeCreateRequest.java:validateAndUpdateCache(195)) - created volume:8c6f4367-abac-4e2e-8c0c-ffabcd00ffb7 for user:runner
2022-10-08 01:33:12,936 [Listener at 127.0.0.1/33489] INFO  rpc.RpcClient (RpcClient.java:createBucket(674)) - Creating Bucket: 8c6f4367-abac-4e2e-8c0c-ffabcd00ffb7/4f83ef46-7a49-48f4-8033-145e7b3a233e, with server-side default bucket layout, runner as owner, Versioning false, Storage Type set to DISK and Encryption set to false 
2022-10-08 01:33:12,946 [OM StateMachine ApplyTransaction Thread - 0] INFO  bucket.OMBucketCreateRequest (OMBucketCreateRequest.java:validateAndUpdateCache(260)) - created bucket: 4f83ef46-7a49-48f4-8033-145e7b3a233e of layout LEGACY in volume: 8c6f4367-abac-4e2e-8c0c-ffabcd00ffb7
2022-10-08 01:33:12,973 [IPC Server handler 1 on default port 45375] INFO  ha.SequenceIdGenerator (SequenceIdGenerator.java:getNextId(128)) - Allocate a batch for containerId, change lastId from 0 to 1000.
2022-10-08 01:33:12,974 [IPC Server handler 1 on default port 45375] WARN  ha.SequenceIdGenerator (SequenceIdGenerator.java:allocateBatch(237)) - Failed to allocate a batch for localId, expected lastId is 0, actual lastId is 109611004723200000.
2022-10-08 01:33:12,974 [IPC Server handler 1 on default port 45375] INFO  ha.SequenceIdGenerator (SequenceIdGenerator.java:getNextId(128)) - Allocate a batch for localId, change lastId from 109611004723200000 to 109611004723201000.
2022-10-08 01:33:13,290 [ReplicationMonitor] INFO  replication.ReplicationManager (ReplicationManager.java:processAll(291)) - Replication Manager is not ready to run until 3000ms after safemode exit
2022-10-08 01:33:13,626 [Listener at 127.0.0.1/33489] INFO  container.TestHelper (TestHelper.java:countReplicas(385)) - Container 1 has 3 replicas on [09c2f2af-7c19-464a-af99-f2c2b94b4067, 3f11faf3-83ff-4556-ba87-0c2050513ec2, b26d27ed-ea79-45a9-9638-48175110d4e1]
2022-10-08 01:33:13,648 [EventQueue-CloseContainerForCloseContainerEventHandler] INFO  container.CloseContainerEventHandler (CloseContainerEventHandler.java:onMessage(71)) - Close container Event triggered for container : #1
2022-10-08 01:33:13,649 [EventQueue-CloseContainerForCloseContainerEventHandler] INFO  container.CloseContainerEventHandler (CloseContainerEventHandler.java:onMessage(71)) - Close container Event triggered for container : #1
2022-10-08 01:33:13,649 [EventQueue-CloseContainerForCloseContainerEventHandler] INFO  container.CloseContainerEventHandler (CloseContainerEventHandler.java:onMessage(71)) - Close container Event triggered for container : #1
2022-10-08 01:33:14,290 [ReplicationMonitor] INFO  replication.ReplicationManager (ReplicationManager.java:processAll(291)) - Replication Manager is not ready to run until 3000ms after safemode exit
2022-10-08 01:33:15,290 [ReplicationMonitor] INFO  replication.ReplicationManager (ReplicationManager.java:processAll(291)) - Replication Manager is not ready to run until 3000ms after safemode exit
2022-10-08 01:33:15,454 [ContainerOp-825a0b31-876f-4a77-8beb-7c6daf28c01a-4] INFO  keyvalue.KeyValueContainer (KeyValueContainer.java:flushAndSyncDB(436)) - Container 1 is synced with bcsId 4.
2022-10-08 01:33:15,457 [ContainerOp-825a0b31-876f-4a77-8beb-7c6daf28c01a-4] INFO  keyvalue.KeyValueContainer (KeyValueContainer.java:flushAndSyncDB(436)) - Container 1 is synced with bcsId 4.
2022-10-08 01:33:15,492 [ContainerOp-825a0b31-876f-4a77-8beb-7c6daf28c01a-4] INFO  keyvalue.KeyValueContainer (KeyValueContainer.java:close(351)) - Container 1 is closed with bcsId 4.
2022-10-08 01:33:15,496 [FixedThreadPoolWithAffinityExecutor-9-0] INFO  container.IncrementalContainerReportHandler (AbstractContainerReportHandler.java:updateContainerState(292)) - Moving container #1 to CLOSED state, datanode 09c2f2af-7c19-464a-af99-f2c2b94b4067{ip: 10.1.0.61, host: fv-az180-867.g3pwtgv4ffyuhaixmbmm0kyh3d.gx.internal.cloudapp.net, ports: [REPLICATION=41937, RATIS=44765, RATIS_ADMIN=44765, RATIS_SERVER=44765, STANDALONE=39829], networkLocation: /default-rack, certSerialId: null, persistedOpState: IN_SERVICE, persistedOpStateExpiryEpochSec: 0} reported CLOSED replica.
2022-10-08 01:33:15,523 [ContainerOp-825a0b31-876f-4a77-8beb-7c6daf28c01a-4] INFO  keyvalue.KeyValueContainer (KeyValueContainer.java:flushAndSyncDB(436)) - Container 1 is synced with bcsId 4.
2022-10-08 01:33:15,528 [ContainerOp-825a0b31-876f-4a77-8beb-7c6daf28c01a-4] INFO  keyvalue.KeyValueContainer (KeyValueContainer.java:flushAndSyncDB(436)) - Container 1 is synced with bcsId 4.
2022-10-08 01:33:15,537 [ContainerOp-825a0b31-876f-4a77-8beb-7c6daf28c01a-4] INFO  keyvalue.KeyValueContainer (KeyValueContainer.java:flushAndSyncDB(436)) - Container 1 is synced with bcsId 4.
2022-10-08 01:33:15,537 [ContainerOp-825a0b31-876f-4a77-8beb-7c6daf28c01a-4] INFO  keyvalue.KeyValueContainer (KeyValueContainer.java:close(351)) - Container 1 is closed with bcsId 4.
2022-10-08 01:33:15,538 [ContainerOp-825a0b31-876f-4a77-8beb-7c6daf28c01a-4] INFO  keyvalue.KeyValueContainer (KeyValueContainer.java:flushAndSyncDB(436)) - Container 1 is synced with bcsId 4.
2022-10-08 01:33:15,546 [ContainerOp-825a0b31-876f-4a77-8beb-7c6daf28c01a-4] INFO  keyvalue.KeyValueContainer (KeyValueContainer.java:close(351)) - Container 1 is closed with bcsId 4.
2022-10-08 01:33:16,291 [ReplicationMonitor] INFO  replication.ReplicationManager (ReplicationManager.java:processAll(324)) - Replication Monitor Thread took 0 milliseconds for processing 1 containers.
2022-10-08 01:33:17,291 [ReplicationMonitor] INFO  replication.ReplicationManager (ReplicationManager.java:processAll(324)) - Replication Monitor Thread took 0 milliseconds for processing 1 containers.
2022-10-08 01:33:18,292 [ReplicationMonitor] INFO  replication.ReplicationManager (ReplicationManager.java:processAll(324)) - Replication Monitor Thread took 0 milliseconds for processing 1 containers.
2022-10-08 01:33:18,609 [EventQueue-StaleNodeForStaleNodeHandler] INFO  node.StaleNodeHandler (StaleNodeHandler.java:onMessage(59)) - Datanode 3f11faf3-83ff-4556-ba87-0c2050513ec2{ip: 10.1.0.61, host: fv-az180-867.g3pwtgv4ffyuhaixmbmm0kyh3d.gx.internal.cloudapp.net, ports: [REPLICATION=36993, RATIS=39303, RATIS_ADMIN=39303, RATIS_SERVER=39303, STANDALONE=38577], networkLocation: /default-rack, certSerialId: null, persistedOpState: IN_SERVICE, persistedOpStateExpiryEpochSec: 0} moved to stale state. Finalizing its pipelines [PipelineID=825a0b31-876f-4a77-8beb-7c6daf28c01a, PipelineID=a68a6eeb-098d-4386-a984-62a6e5ccee79]
2022-10-08 01:33:18,610 [EventQueue-StaleNodeForStaleNodeHandler] INFO  pipeline.PipelineManagerImpl (PipelineManagerImpl.java:closePipeline(442)) - Pipeline Pipeline[ Id: 825a0b31-876f-4a77-8beb-7c6daf28c01a, Nodes: 3f11faf3-83ff-4556-ba87-0c2050513ec2{ip: 10.1.0.61, host: fv-az180-867.g3pwtgv4ffyuhaixmbmm0kyh3d.gx.internal.cloudapp.net, ports: [REPLICATION=36993, RATIS=39303, RATIS_ADMIN=39303, RATIS_SERVER=39303, STANDALONE=38577], networkLocation: /default-rack, certSerialId: null, persistedOpState: IN_SERVICE, persistedOpStateExpiryEpochSec: 0}09c2f2af-7c19-464a-af99-f2c2b94b4067{ip: 10.1.0.61, host: fv-az180-867.g3pwtgv4ffyuhaixmbmm0kyh3d.gx.internal.cloudapp.net, ports: [REPLICATION=41937, RATIS=44765, RATIS_ADMIN=44765, RATIS_SERVER=44765, STANDALONE=39829], networkLocation: /default-rack, certSerialId: null, persistedOpState: IN_SERVICE, persistedOpStateExpiryEpochSec: 0}b26d27ed-ea79-45a9-9638-48175110d4e1{ip: 10.1.0.61, host: fv-az180-867.g3pwtgv4ffyuhaixmbmm0kyh3d.gx.internal.cloudapp.net, ports: [REPLICATION=41421, RATIS=45255, RATIS_ADMIN=45255, RATIS_SERVER=45255, STANDALONE=37381], networkLocation: /default-rack, certSerialId: null, persistedOpState: IN_SERVICE, persistedOpStateExpiryEpochSec: 0}, ReplicationConfig: RATIS/THREE, State:OPEN, leaderId:09c2f2af-7c19-464a-af99-f2c2b94b4067, CreationTimestamp2022-10-08T01:32:55.842Z[Etc/UTC]] moved to CLOSED state
2022-10-08 01:33:18,610 [EventQueue-StaleNodeForStaleNodeHandler] INFO  pipeline.PipelineManagerImpl (PipelineManagerImpl.java:closePipeline(442)) - Pipeline Pipeline[ Id: a68a6eeb-098d-4386-a984-62a6e5ccee79, Nodes: 3f11faf3-83ff-4556-ba87-0c2050513ec2{ip: 10.1.0.61, host: fv-az180-867.g3pwtgv4ffyuhaixmbmm0kyh3d.gx.internal.cloudapp.net, ports: [REPLICATION=36993, RATIS=39303, RATIS_ADMIN=39303, RATIS_SERVER=39303, STANDALONE=38577], networkLocation: /default-rack, certSerialId: null, persistedOpState: IN_SERVICE, persistedOpStateExpiryEpochSec: 0}, ReplicationConfig: RATIS/ONE, State:OPEN, leaderId:3f11faf3-83ff-4556-ba87-0c2050513ec2, CreationTimestamp2022-10-08T01:32:53.681Z[Etc/UTC]] moved to CLOSED state
2022-10-08 01:33:19,292 [ReplicationMonitor] INFO  replication.ReplicationManager (ReplicationManager.java:processAll(324)) - Replication Monitor Thread took 0 milliseconds for processing 1 containers.
2022-10-08 01:33:20,293 [ReplicationMonitor] INFO  replication.ReplicationManager (ReplicationManager.java:processAll(324)) - Replication Monitor Thread took 0 milliseconds for processing 1 containers.
2022-10-08 01:33:20,727 [Listener at 127.0.0.1/33489] INFO  ozoneimpl.OzoneContainer (OzoneContainer.java:stop(400)) - Attempting to stop container services.
2022-10-08 01:33:20,727 [Listener at 127.0.0.1/33489] INFO  server.RaftServer (RaftServerProxy.java:lambda$close$7(398)) - 3f11faf3-83ff-4556-ba87-0c2050513ec2: close
2022-10-08 01:33:20,733 [Listener at 127.0.0.1/33489] INFO  server.RaftServer$Division (RaftServerImpl.java:lambda$close$4(434)) - 3f11faf3-83ff-4556-ba87-0c2050513ec2@group-7C6DAF28C01A: shutdown
2022-10-08 01:33:20,733 [Listener at 127.0.0.1/33489] INFO  util.JmxRegister (JmxRegister.java:unregister(73)) - Successfully un-registered JMX Bean with object name Ratis:service=RaftServer,group=group-7C6DAF28C01A,id=3f11faf3-83ff-4556-ba87-0c2050513ec2
2022-10-08 01:33:20,733 [Listener at 127.0.0.1/33489] INFO  impl.RoleInfo (RoleInfo.java:shutdownFollowerState(110)) - 3f11faf3-83ff-4556-ba87-0c2050513ec2: shutdown 3f11faf3-83ff-4556-ba87-0c2050513ec2@group-7C6DAF28C01A-FollowerState
2022-10-08 01:33:20,733 [Listener at 127.0.0.1/33489] INFO  impl.StateMachineUpdater (StateMachineUpdater.java:stopAndJoin(153)) - 3f11faf3-83ff-4556-ba87-0c2050513ec2@group-7C6DAF28C01A-StateMachineUpdater: set stopIndex = 8
2022-10-08 01:33:20,733 [ForkJoinPool.commonPool-worker-1] INFO  server.RaftServer$Division (RaftServerImpl.java:lambda$close$4(434)) - 3f11faf3-83ff-4556-ba87-0c2050513ec2@group-62A6E5CCEE79: shutdown
2022-10-08 01:33:20,733 [ForkJoinPool.commonPool-worker-1] INFO  util.JmxRegister (JmxRegister.java:unregister(73)) - Successfully un-registered JMX Bean with object name Ratis:service=RaftServer,group=group-62A6E5CCEE79,id=3f11faf3-83ff-4556-ba87-0c2050513ec2
2022-10-08 01:33:20,733 [3f11faf3-83ff-4556-ba87-0c2050513ec2@group-7C6DAF28C01A-StateMachineUpdater] INFO  ratis.ContainerStateMachine (ContainerStateMachine.java:takeSnapshot(304)) - group-7C6DAF28C01A: Taking a snapshot at:(t:3, i:8) file /home/runner/work/ozone/ozone/hadoop-ozone/integration-test/target/test-dir/MiniOzoneClusterImpl-b5c1db78-dac0-44d3-8f11-3a92d2c44f5f/datanode-0/data/ratis/825a0b31-876f-4a77-8beb-7c6daf28c01a/sm/snapshot.3_8
2022-10-08 01:33:20,733 [3f11faf3-83ff-4556-ba87-0c2050513ec2@group-7C6DAF28C01A-FollowerState] INFO  impl.FollowerState (FollowerState.java:run(152)) - 3f11faf3-83ff-4556-ba87-0c2050513ec2@group-7C6DAF28C01A-FollowerState was interrupted
2022-10-08 01:33:20,733 [ForkJoinPool.commonPool-worker-1] INFO  impl.RoleInfo (RoleInfo.java:shutdownLeaderState(93)) - 3f11faf3-83ff-4556-ba87-0c2050513ec2: shutdown 3f11faf3-83ff-4556-ba87-0c2050513ec2@group-62A6E5CCEE79-LeaderStateImpl
2022-10-08 01:33:20,735 [ForkJoinPool.commonPool-worker-1] INFO  impl.PendingRequests (PendingRequests.java:sendNotLeaderResponses(282)) - 3f11faf3-83ff-4556-ba87-0c2050513ec2@group-62A6E5CCEE79-PendingRequests: sendNotLeaderResponses
2022-10-08 01:33:20,742 [3f11faf3-83ff-4556-ba87-0c2050513ec2@group-7C6DAF28C01A-StateMachineUpdater] INFO  ratis.ContainerStateMachine (ContainerStateMachine.java:takeSnapshot(315)) - group-7C6DAF28C01A: Finished taking a snapshot at:(t:3, i:8) file:/home/runner/work/ozone/ozone/hadoop-ozone/integration-test/target/test-dir/MiniOzoneClusterImpl-b5c1db78-dac0-44d3-8f11-3a92d2c44f5f/datanode-0/data/ratis/825a0b31-876f-4a77-8beb-7c6daf28c01a/sm/snapshot.3_8 took: 9 ms
2022-10-08 01:33:20,743 [3f11faf3-83ff-4556-ba87-0c2050513ec2@group-7C6DAF28C01A-StateMachineUpdater] INFO  impl.StateMachineUpdater (StateMachineUpdater.java:takeSnapshot(287)) - 3f11faf3-83ff-4556-ba87-0c2050513ec2@group-7C6DAF28C01A-StateMachineUpdater: Took a snapshot at index 8
2022-10-08 01:33:20,743 [3f11faf3-83ff-4556-ba87-0c2050513ec2@group-7C6DAF28C01A-StateMachineUpdater] INFO  impl.StateMachineUpdater (StateMachineUpdater.java:lambda$new$0(92)) - 3f11faf3-83ff-4556-ba87-0c2050513ec2@group-7C6DAF28C01A-StateMachineUpdater: snapshotIndex: updateIncreasingly -1 -> 8
2022-10-08 01:33:20,743 [Listener at 127.0.0.1/33489] INFO  server.RaftServer$Division (ServerState.java:close(429)) - 3f11faf3-83ff-4556-ba87-0c2050513ec2@group-7C6DAF28C01A: closes. applyIndex: 8
2022-10-08 01:33:20,743 [3f11faf3-83ff-4556-ba87-0c2050513ec2@group-7C6DAF28C01A-SegmentedRaftLogWorker] INFO  segmented.SegmentedRaftLogWorker (SegmentedRaftLogWorker.java:run(336)) - 3f11faf3-83ff-4556-ba87-0c2050513ec2@group-7C6DAF28C01A-SegmentedRaftLogWorker was interrupted, exiting. There are 0 tasks remaining in the queue.
2022-10-08 01:33:20,743 [Listener at 127.0.0.1/33489] INFO  segmented.SegmentedRaftLogWorker (SegmentedRaftLogWorker.java:close(246)) - 3f11faf3-83ff-4556-ba87-0c2050513ec2@group-7C6DAF28C01A-SegmentedRaftLogWorker close()
2022-10-08 01:33:20,753 [ForkJoinPool.commonPool-worker-1] INFO  impl.StateMachineUpdater (StateMachineUpdater.java:stopAndJoin(153)) - 3f11faf3-83ff-4556-ba87-0c2050513ec2@group-62A6E5CCEE79-StateMachineUpdater: set stopIndex = 0
2022-10-08 01:33:20,753 [3f11faf3-83ff-4556-ba87-0c2050513ec2@group-62A6E5CCEE79-StateMachineUpdater] INFO  ratis.ContainerStateMachine (ContainerStateMachine.java:takeSnapshot(304)) - group-62A6E5CCEE79: Taking a snapshot at:(t:1, i:0) file /home/runner/work/ozone/ozone/hadoop-ozone/integration-test/target/test-dir/MiniOzoneClusterImpl-b5c1db78-dac0-44d3-8f11-3a92d2c44f5f/datanode-0/data/ratis/a68a6eeb-098d-4386-a984-62a6e5ccee79/sm/snapshot.1_0
2022-10-08 01:33:20,760 [3f11faf3-83ff-4556-ba87-0c2050513ec2@group-62A6E5CCEE79-StateMachineUpdater] INFO  ratis.ContainerStateMachine (ContainerStateMachine.java:takeSnapshot(315)) - group-62A6E5CCEE79: Finished taking a snapshot at:(t:1, i:0) file:/home/runner/work/ozone/ozone/hadoop-ozone/integration-test/target/test-dir/MiniOzoneClusterImpl-b5c1db78-dac0-44d3-8f11-3a92d2c44f5f/datanode-0/data/ratis/a68a6eeb-098d-4386-a984-62a6e5ccee79/sm/snapshot.1_0 took: 6 ms
2022-10-08 01:33:20,760 [3f11faf3-83ff-4556-ba87-0c2050513ec2@group-62A6E5CCEE79-StateMachineUpdater] INFO  impl.StateMachineUpdater (StateMachineUpdater.java:takeSnapshot(287)) - 3f11faf3-83ff-4556-ba87-0c2050513ec2@group-62A6E5CCEE79-StateMachineUpdater: Took a snapshot at index 0
2022-10-08 01:33:20,760 [3f11faf3-83ff-4556-ba87-0c2050513ec2@group-62A6E5CCEE79-StateMachineUpdater] INFO  impl.StateMachineUpdater (StateMachineUpdater.java:lambda$new$0(92)) - 3f11faf3-83ff-4556-ba87-0c2050513ec2@group-62A6E5CCEE79-StateMachineUpdater: snapshotIndex: updateIncreasingly -1 -> 0
2022-10-08 01:33:20,760 [ForkJoinPool.commonPool-worker-1] INFO  server.RaftServer$Division (ServerState.java:close(429)) - 3f11faf3-83ff-4556-ba87-0c2050513ec2@group-62A6E5CCEE79: closes. applyIndex: 0
2022-10-08 01:33:20,760 [3f11faf3-83ff-4556-ba87-0c2050513ec2@group-62A6E5CCEE79-SegmentedRaftLogWorker] INFO  segmented.SegmentedRaftLogWorker (SegmentedRaftLogWorker.java:run(336)) - 3f11faf3-83ff-4556-ba87-0c2050513ec2@group-62A6E5CCEE79-SegmentedRaftLogWorker was interrupted, exiting. There are 0 tasks remaining in the queue.
2022-10-08 01:33:20,760 [ForkJoinPool.commonPool-worker-1] INFO  segmented.SegmentedRaftLogWorker (SegmentedRaftLogWorker.java:close(246)) - 3f11faf3-83ff-4556-ba87-0c2050513ec2@group-62A6E5CCEE79-SegmentedRaftLogWorker close()
2022-10-08 01:33:20,766 [Listener at 127.0.0.1/33489] INFO  server.GrpcService (GrpcService.java:closeImpl(269)) - 3f11faf3-83ff-4556-ba87-0c2050513ec2: shutdown server with port 39303 now
2022-10-08 01:33:20,767 [grpc-default-executor-2] WARN  server.GrpcServerProtocolService (LogUtils.java:warn(122)) - 3f11faf3-83ff-4556-ba87-0c2050513ec2: installSnapshot onError, lastRequest: 09c2f2af-7c19-464a-af99-f2c2b94b4067->3f11faf3-83ff-4556-ba87-0c2050513ec2#209-t3,previous=(t:3, i:7),leaderCommit=7,initializing? true,entries: size=1, first=(t:3, i:8), METADATAENTRY(c:7): org.apache.ratis.thirdparty.io.grpc.StatusRuntimeException: CANCELLED: client cancelled
2022-10-08 01:33:20,768 [grpc-default-executor-2] WARN  server.GrpcLogAppender (LogUtils.java:warn(122)) - 09c2f2af-7c19-464a-af99-f2c2b94b4067@group-7C6DAF28C01A->3f11faf3-83ff-4556-ba87-0c2050513ec2-AppendLogResponseHandler: Failed appendEntries: org.apache.ratis.thirdparty.io.grpc.StatusRuntimeException: CANCELLED: RST_STREAM closed stream. HTTP/2 error code: CANCEL
2022-10-08 01:33:20,769 [Listener at 127.0.0.1/33489] INFO  server.GrpcService (GrpcService.java:closeImpl(278)) - 3f11faf3-83ff-4556-ba87-0c2050513ec2: shutdown server with port 39303 successfully
2022-10-08 01:33:20,769 [org.apache.ratis.util.JvmPauseMonitor$$Lambda$636/846962177@706aec8f] INFO  util.JvmPauseMonitor (JvmPauseMonitor.java:run(109)) - JvmPauseMonitor-3f11faf3-83ff-4556-ba87-0c2050513ec2: Stopped
2022-10-08 01:33:20,772 [grpc-default-executor-2] INFO  leader.FollowerInfo (FollowerInfoImpl.java:lambda$new$0(48)) - 09c2f2af-7c19-464a-af99-f2c2b94b4067@group-7C6DAF28C01A->3f11faf3-83ff-4556-ba87-0c2050513ec2: nextIndex: updateUnconditionally 9 -> 8
2022-10-08 01:33:20,776 [grpc-default-executor-3] WARN  server.GrpcLogAppender (LogUtils.java:warn(122)) - 09c2f2af-7c19-464a-af99-f2c2b94b4067@group-7C6DAF28C01A->3f11faf3-83ff-4556-ba87-0c2050513ec2-AppendLogResponseHandler: Failed appendEntries: org.apache.ratis.thirdparty.io.grpc.StatusRuntimeException: UNAVAILABLE: io exception
2022-10-08 01:33:20,776 [grpc-default-executor-3] INFO  leader.FollowerInfo (FollowerInfoImpl.java:lambda$new$0(48)) - 09c2f2af-7c19-464a-af99-f2c2b94b4067@group-7C6DAF28C01A->3f11faf3-83ff-4556-ba87-0c2050513ec2: nextIndex: updateUnconditionally 9 -> 8
2022-10-08 01:33:21,293 [ReplicationMonitor] INFO  replication.ReplicationManager (ReplicationManager.java:processAll(324)) - Replication Monitor Thread took 0 milliseconds for processing 1 containers.
2022-10-08 01:33:21,615 [EventQueue-DeadNodeForDeadNodeHandler] INFO  node.DeadNodeHandler (DeadNodeHandler.java:onMessage(81)) - A dead datanode is detected. 3f11faf3-83ff-4556-ba87-0c2050513ec2{ip: 10.1.0.61, host: fv-az180-867.g3pwtgv4ffyuhaixmbmm0kyh3d.gx.internal.cloudapp.net, ports: [REPLICATION=36993, RATIS=39303, RATIS_ADMIN=39303, RATIS_SERVER=39303, STANDALONE=38577], networkLocation: /default-rack, certSerialId: null, persistedOpState: IN_SERVICE, persistedOpStateExpiryEpochSec: 0}
2022-10-08 01:33:21,616 [EventQueue-DeadNodeForDeadNodeHandler] INFO  pipeline.RatisPipelineProvider (RatisPipelineProvider.java:lambda$close$1(244)) - Send pipeline:PipelineID=825a0b31-876f-4a77-8beb-7c6daf28c01a close command to datanode 3f11faf3-83ff-4556-ba87-0c2050513ec2
2022-10-08 01:33:21,616 [EventQueue-DeadNodeForDeadNodeHandler] INFO  pipeline.RatisPipelineProvider (RatisPipelineProvider.java:lambda$close$1(244)) - Send pipeline:PipelineID=825a0b31-876f-4a77-8beb-7c6daf28c01a close command to datanode 09c2f2af-7c19-464a-af99-f2c2b94b4067
2022-10-08 01:33:21,616 [EventQueue-DeadNodeForDeadNodeHandler] INFO  pipeline.RatisPipelineProvider (RatisPipelineProvider.java:lambda$close$1(244)) - Send pipeline:PipelineID=825a0b31-876f-4a77-8beb-7c6daf28c01a close command to datanode b26d27ed-ea79-45a9-9638-48175110d4e1
2022-10-08 01:33:21,620 [EventQueue-DeadNodeForDeadNodeHandler] INFO  pipeline.PipelineStateManagerImpl (PipelineStateManagerImpl.java:removePipeline(245)) - Pipeline Pipeline[ Id: 825a0b31-876f-4a77-8beb-7c6daf28c01a, Nodes: 3f11faf3-83ff-4556-ba87-0c2050513ec2{ip: 10.1.0.61, host: fv-az180-867.g3pwtgv4ffyuhaixmbmm0kyh3d.gx.internal.cloudapp.net, ports: [REPLICATION=36993, RATIS=39303, RATIS_ADMIN=39303, RATIS_SERVER=39303, STANDALONE=38577], networkLocation: /default-rack, certSerialId: null, persistedOpState: IN_SERVICE, persistedOpStateExpiryEpochSec: 0}09c2f2af-7c19-464a-af99-f2c2b94b4067{ip: 10.1.0.61, host: fv-az180-867.g3pwtgv4ffyuhaixmbmm0kyh3d.gx.internal.cloudapp.net, ports: [REPLICATION=41937, RATIS=44765, RATIS_ADMIN=44765, RATIS_SERVER=44765, STANDALONE=39829], networkLocation: /default-rack, certSerialId: null, persistedOpState: IN_SERVICE, persistedOpStateExpiryEpochSec: 0}b26d27ed-ea79-45a9-9638-48175110d4e1{ip: 10.1.0.61, host: fv-az180-867.g3pwtgv4ffyuhaixmbmm0kyh3d.gx.internal.cloudapp.net, ports: [REPLICATION=41421, RATIS=45255, RATIS_ADMIN=45255, RATIS_SERVER=45255, STANDALONE=37381], networkLocation: /default-rack, certSerialId: null, persistedOpState: IN_SERVICE, persistedOpStateExpiryEpochSec: 0}, ReplicationConfig: RATIS/THREE, State:CLOSED, leaderId:09c2f2af-7c19-464a-af99-f2c2b94b4067, CreationTimestamp2022-10-08T01:32:55.842Z[Etc/UTC]] removed.
2022-10-08 01:33:21,621 [EventQueue-DeadNodeForDeadNodeHandler] INFO  pipeline.RatisPipelineProvider (RatisPipelineProvider.java:lambda$close$1(244)) - Send pipeline:PipelineID=a68a6eeb-098d-4386-a984-62a6e5ccee79 close command to datanode 3f11faf3-83ff-4556-ba87-0c2050513ec2
2022-10-08 01:33:21,621 [EventQueue-DeadNodeForDeadNodeHandler] INFO  pipeline.PipelineStateManagerImpl (PipelineStateManagerImpl.java:removePipeline(245)) - Pipeline Pipeline[ Id: a68a6eeb-098d-4386-a984-62a6e5ccee79, Nodes: 3f11faf3-83ff-4556-ba87-0c2050513ec2{ip: 10.1.0.61, host: fv-az180-867.g3pwtgv4ffyuhaixmbmm0kyh3d.gx.internal.cloudapp.net, ports: [REPLICATION=36993, RATIS=39303, RATIS_ADMIN=39303, RATIS_SERVER=39303, STANDALONE=38577], networkLocation: /default-rack, certSerialId: null, persistedOpState: IN_SERVICE, persistedOpStateExpiryEpochSec: 0}, ReplicationConfig: RATIS/ONE, State:CLOSED, leaderId:3f11faf3-83ff-4556-ba87-0c2050513ec2, CreationTimestamp2022-10-08T01:32:53.681Z[Etc/UTC]] removed.
2022-10-08 01:33:21,621 [EventQueue-DeadNodeForDeadNodeHandler] INFO  net.NetworkTopologyImpl (NetworkTopologyImpl.java:remove(190)) - Removed a node: /default-rack/3f11faf3-83ff-4556-ba87-0c2050513ec2
2022-10-08 01:33:22,294 [ReplicationMonitor] INFO  replication.LegacyReplicationManager (LegacyReplicationManager.java:handleUnderReplicatedContainer(1195)) - Container #1 is under replicated. Expected replica count is 3, but found 2.
2022-10-08 01:33:22,294 [ReplicationMonitor] INFO  replication.LegacyReplicationManager (LegacyReplicationManager.java:sendReplicateCommand(1559)) - Sending replicate container command for container #1 to datanode 12a173ea-bcad-49ed-951b-4ff1546d98a9{ip: 10.1.0.61, host: fv-az180-867.g3pwtgv4ffyuhaixmbmm0kyh3d.gx.internal.cloudapp.net, ports: [REPLICATION=42867, RATIS=41669, RATIS_ADMIN=41669, RATIS_SERVER=41669, STANDALONE=39883], networkLocation: /default-rack, certSerialId: null, persistedOpState: IN_SERVICE, persistedOpStateExpiryEpochSec: 0} from datanodes [09c2f2af-7c19-464a-af99-f2c2b94b4067{ip: 10.1.0.61, host: fv-az180-867.g3pwtgv4ffyuhaixmbmm0kyh3d.gx.internal.cloudapp.net, ports: [REPLICATION=41937, RATIS=44765, RATIS_ADMIN=44765, RATIS_SERVER=44765, STANDALONE=39829], networkLocation: /default-rack, certSerialId: null, persistedOpState: IN_SERVICE, persistedOpStateExpiryEpochSec: 0}, b26d27ed-ea79-45a9-9638-48175110d4e1{ip: 10.1.0.61, host: fv-az180-867.g3pwtgv4ffyuhaixmbmm0kyh3d.gx.internal.cloudapp.net, ports: [REPLICATION=41421, RATIS=45255, RATIS_ADMIN=45255, RATIS_SERVER=45255, STANDALONE=37381], networkLocation: /default-rack, certSerialId: null, persistedOpState: IN_SERVICE, persistedOpStateExpiryEpochSec: 0}]
2022-10-08 01:33:22,294 [ReplicationMonitor] INFO  replication.ReplicationManager (ReplicationManager.java:processAll(324)) - Replication Monitor Thread took 1 milliseconds for processing 1 containers.
2022-10-08 01:33:22,811 [Listener at 127.0.0.1/33489] INFO  utils.BackgroundService (BackgroundService.java:shutdown(141)) - Shutting down service BlockDeletingService
2022-10-08 01:33:22,811 [Listener at 127.0.0.1/33489] INFO  utils.BackgroundService (BackgroundService.java:shutdown(141)) - Shutting down service StaleRecoveringContainerScrubbingService
2022-10-08 01:33:23,012 [grpc-default-executor-3] WARN  server.GrpcLogAppender (LogUtils.java:warn(122)) - 09c2f2af-7c19-464a-af99-f2c2b94b4067@group-7C6DAF28C01A->3f11faf3-83ff-4556-ba87-0c2050513ec2-AppendLogResponseHandler: Failed appendEntries: org.apache.ratis.thirdparty.io.grpc.StatusRuntimeException: UNAVAILABLE: io exception
2022-10-08 01:33:23,013 [grpc-default-executor-3] INFO  leader.FollowerInfo (FollowerInfoImpl.java:lambda$new$0(48)) - 09c2f2af-7c19-464a-af99-f2c2b94b4067@group-7C6DAF28C01A->3f11faf3-83ff-4556-ba87-0c2050513ec2: nextIndex: updateUnconditionally 9 -> 8
2022-10-08 01:33:23,294 [ReplicationMonitor] INFO  replication.ReplicationManager (ReplicationManager.java:processAll(324)) - Replication Monitor Thread took 0 milliseconds for processing 1 containers.
2022-10-08 01:33:23,496 [Command processor thread] INFO  server.RaftServer (RaftServerProxy.java:remove(107)) - 09c2f2af-7c19-464a-af99-f2c2b94b4067: remove    LEADER 09c2f2af-7c19-464a-af99-f2c2b94b4067@group-7C6DAF28C01A:t3, leader=09c2f2af-7c19-464a-af99-f2c2b94b4067, voted=09c2f2af-7c19-464a-af99-f2c2b94b4067, raftlog=09c2f2af-7c19-464a-af99-f2c2b94b4067@group-7C6DAF28C01A-SegmentedRaftLog:OPENED:c8, conf=0: [b26d27ed-ea79-45a9-9638-48175110d4e1|rpc:10.1.0.61:45255|dataStream:|priority:0, 3f11faf3-83ff-4556-ba87-0c2050513ec2|rpc:10.1.0.61:39303|dataStream:|priority:0, 09c2f2af-7c19-464a-af99-f2c2b94b4067|rpc:10.1.0.61:44765|dataStream:|priority:1], old=null RUNNING
2022-10-08 01:33:23,496 [Command processor thread] INFO  server.RaftServer$Division (RaftServerImpl.java:lambda$close$4(434)) - 09c2f2af-7c19-464a-af99-f2c2b94b4067@group-7C6DAF28C01A: shutdown
2022-10-08 01:33:23,496 [Command processor thread] INFO  util.JmxRegister (JmxRegister.java:unregister(73)) - Successfully un-registered JMX Bean with object name Ratis:service=RaftServer,group=group-7C6DAF28C01A,id=09c2f2af-7c19-464a-af99-f2c2b94b4067
2022-10-08 01:33:23,496 [Command processor thread] INFO  impl.RoleInfo (RoleInfo.java:shutdownLeaderState(93)) - 09c2f2af-7c19-464a-af99-f2c2b94b4067: shutdown 09c2f2af-7c19-464a-af99-f2c2b94b4067@group-7C6DAF28C01A-LeaderStateImpl
2022-10-08 01:33:23,497 [Command processor thread] INFO  impl.PendingRequests (PendingRequests.java:sendNotLeaderResponses(282)) - 09c2f2af-7c19-464a-af99-f2c2b94b4067@group-7C6DAF28C01A-PendingRequests: sendNotLeaderResponses
2022-10-08 01:33:23,497 [09c2f2af-7c19-464a-af99-f2c2b94b4067@group-7C6DAF28C01A->3f11faf3-83ff-4556-ba87-0c2050513ec2-GrpcLogAppender-LogAppenderDaemon] WARN  server.GrpcLogAppender (GrpcLogAppender.java:mayWait(171)) - 09c2f2af-7c19-464a-af99-f2c2b94b4067@group-7C6DAF28C01A->3f11faf3-83ff-4556-ba87-0c2050513ec2-GrpcLogAppender: Wait interrupted by java.lang.InterruptedException
2022-10-08 01:33:23,497 [09c2f2af-7c19-464a-af99-f2c2b94b4067@group-7C6DAF28C01A->b26d27ed-ea79-45a9-9638-48175110d4e1-GrpcLogAppender-LogAppenderDaemon] WARN  server.GrpcLogAppender (GrpcLogAppender.java:mayWait(171)) - 09c2f2af-7c19-464a-af99-f2c2b94b4067@group-7C6DAF28C01A->b26d27ed-ea79-45a9-9638-48175110d4e1-GrpcLogAppender: Wait interrupted by java.lang.InterruptedException
2022-10-08 01:33:23,497 [grpc-default-executor-3] INFO  server.GrpcServerProtocolService (GrpcServerProtocolService.java:onCompleted(140)) - b26d27ed-ea79-45a9-9638-48175110d4e1: Completed APPEND_ENTRIES, lastRequest: 09c2f2af-7c19-464a-af99-f2c2b94b4067->b26d27ed-ea79-45a9-9638-48175110d4e1#207-t3,previous=(t:3, i:7),leaderCommit=7,initializing? true,entries: size=1, first=(t:3, i:8), METADATAENTRY(c:7)
2022-10-08 01:33:23,500 [Command processor thread] INFO  impl.StateMachineUpdater (StateMachineUpdater.java:stopAndJoin(153)) - 09c2f2af-7c19-464a-af99-f2c2b94b4067@group-7C6DAF28C01A-StateMachineUpdater: set stopIndex = 8
2022-10-08 01:33:23,500 [09c2f2af-7c19-464a-af99-f2c2b94b4067@group-7C6DAF28C01A-StateMachineUpdater] INFO  ratis.ContainerStateMachine (ContainerStateMachine.java:takeSnapshot(304)) - group-7C6DAF28C01A: Taking a snapshot at:(t:3, i:8) file /home/runner/work/ozone/ozone/hadoop-ozone/integration-test/target/test-dir/MiniOzoneClusterImpl-b5c1db78-dac0-44d3-8f11-3a92d2c44f5f/datanode-1/data/ratis/825a0b31-876f-4a77-8beb-7c6daf28c01a/sm/snapshot.3_8
2022-10-08 01:33:23,501 [grpc-default-executor-2] INFO  server.GrpcLogAppender (GrpcLogAppender.java:onCompleted(339)) - 09c2f2af-7c19-464a-af99-f2c2b94b4067@group-7C6DAF28C01A->b26d27ed-ea79-45a9-9638-48175110d4e1-AppendLogResponseHandler: follower responses appendEntries COMPLETED
2022-10-08 01:33:23,501 [grpc-default-executor-2] INFO  leader.FollowerInfo (FollowerInfoImpl.java:lambda$new$0(48)) - 09c2f2af-7c19-464a-af99-f2c2b94b4067@group-7C6DAF28C01A->b26d27ed-ea79-45a9-9638-48175110d4e1: nextIndex: updateUnconditionally 9 -> 8
2022-10-08 01:33:23,507 [09c2f2af-7c19-464a-af99-f2c2b94b4067@group-7C6DAF28C01A-StateMachineUpdater] INFO  ratis.ContainerStateMachine (ContainerStateMachine.java:takeSnapshot(315)) - group-7C6DAF28C01A: Finished taking a snapshot at:(t:3, i:8) file:/home/runner/work/ozone/ozone/hadoop-ozone/integration-test/target/test-dir/MiniOzoneClusterImpl-b5c1db78-dac0-44d3-8f11-3a92d2c44f5f/datanode-1/data/ratis/825a0b31-876f-4a77-8beb-7c6daf28c01a/sm/snapshot.3_8 took: 7 ms
2022-10-08 01:33:23,507 [09c2f2af-7c19-464a-af99-f2c2b94b4067@group-7C6DAF28C01A-StateMachineUpdater] INFO  impl.StateMachineUpdater (StateMachineUpdater.java:takeSnapshot(287)) - 09c2f2af-7c19-464a-af99-f2c2b94b4067@group-7C6DAF28C01A-StateMachineUpdater: Took a snapshot at index 8
2022-10-08 01:33:23,507 [09c2f2af-7c19-464a-af99-f2c2b94b4067@group-7C6DAF28C01A-StateMachineUpdater] INFO  impl.StateMachineUpdater (StateMachineUpdater.java:lambda$new$0(92)) - 09c2f2af-7c19-464a-af99-f2c2b94b4067@group-7C6DAF28C01A-StateMachineUpdater: snapshotIndex: updateIncreasingly -1 -> 8
2022-10-08 01:33:23,508 [Command processor thread] INFO  server.RaftServer$Division (ServerState.java:close(429)) - 09c2f2af-7c19-464a-af99-f2c2b94b4067@group-7C6DAF28C01A: closes. applyIndex: 8
2022-10-08 01:33:23,508 [09c2f2af-7c19-464a-af99-f2c2b94b4067@group-7C6DAF28C01A-SegmentedRaftLogWorker] INFO  segmented.SegmentedRaftLogWorker (SegmentedRaftLogWorker.java:run(336)) - 09c2f2af-7c19-464a-af99-f2c2b94b4067@group-7C6DAF28C01A-SegmentedRaftLogWorker was interrupted, exiting. There are 0 tasks remaining in the queue.
2022-10-08 01:33:23,508 [Command processor thread] INFO  segmented.SegmentedRaftLogWorker (SegmentedRaftLogWorker.java:close(246)) - 09c2f2af-7c19-464a-af99-f2c2b94b4067@group-7C6DAF28C01A-SegmentedRaftLogWorker close()
2022-10-08 01:33:23,509 [Command processor thread] INFO  server.RaftServer$Division (RaftServerImpl.java:groupRemove(404)) - 09c2f2af-7c19-464a-af99-f2c2b94b4067@group-7C6DAF28C01A: Succeed to remove RaftStorageDirectory Storage Directory /home/runner/work/ozone/ozone/hadoop-ozone/integration-test/target/test-dir/MiniOzoneClusterImpl-b5c1db78-dac0-44d3-8f11-3a92d2c44f5f/datanode-1/data/ratis/825a0b31-876f-4a77-8beb-7c6daf28c01a
2022-10-08 01:33:23,509 [Command processor thread] INFO  commandhandler.ClosePipelineCommandHandler (ClosePipelineCommandHandler.java:handle(78)) - Close Pipeline PipelineID=825a0b31-876f-4a77-8beb-7c6daf28c01a command on datanode 09c2f2af-7c19-464a-af99-f2c2b94b4067.
2022-10-08 01:33:24,295 [ReplicationMonitor] INFO  replication.ReplicationManager (ReplicationManager.java:processAll(324)) - Replication Monitor Thread took 0 milliseconds for processing 1 containers.
2022-10-08 01:33:24,551 [Command processor thread] INFO  server.RaftServer (RaftServerProxy.java:remove(107)) - b26d27ed-ea79-45a9-9638-48175110d4e1: remove  FOLLOWER b26d27ed-ea79-45a9-9638-48175110d4e1@group-7C6DAF28C01A:t3, leader=09c2f2af-7c19-464a-af99-f2c2b94b4067, voted=09c2f2af-7c19-464a-af99-f2c2b94b4067, raftlog=b26d27ed-ea79-45a9-9638-48175110d4e1@group-7C6DAF28C01A-SegmentedRaftLog:OPENED:c8, conf=0: [b26d27ed-ea79-45a9-9638-48175110d4e1|rpc:10.1.0.61:45255|dataStream:|priority:0, 3f11faf3-83ff-4556-ba87-0c2050513ec2|rpc:10.1.0.61:39303|dataStream:|priority:0, 09c2f2af-7c19-464a-af99-f2c2b94b4067|rpc:10.1.0.61:44765|dataStream:|priority:1], old=null RUNNING
2022-10-08 01:33:24,551 [Command processor thread] INFO  server.RaftServer$Division (RaftServerImpl.java:lambda$close$4(434)) - b26d27ed-ea79-45a9-9638-48175110d4e1@group-7C6DAF28C01A: shutdown
2022-10-08 01:33:24,551 [Command processor thread] INFO  util.JmxRegister (JmxRegister.java:unregister(73)) - Successfully un-registered JMX Bean with object name Ratis:service=RaftServer,group=group-7C6DAF28C01A,id=b26d27ed-ea79-45a9-9638-48175110d4e1
2022-10-08 01:33:24,551 [Command processor thread] INFO  impl.RoleInfo (RoleInfo.java:shutdownFollowerState(110)) - b26d27ed-ea79-45a9-9638-48175110d4e1: shutdown b26d27ed-ea79-45a9-9638-48175110d4e1@group-7C6DAF28C01A-FollowerState
2022-10-08 01:33:24,551 [Command processor thread] INFO  impl.StateMachineUpdater (StateMachineUpdater.java:stopAndJoin(153)) - b26d27ed-ea79-45a9-9638-48175110d4e1@group-7C6DAF28C01A-StateMachineUpdater: set stopIndex = 8
2022-10-08 01:33:24,552 [b26d27ed-ea79-45a9-9638-48175110d4e1@group-7C6DAF28C01A-FollowerState] INFO  impl.FollowerState (FollowerState.java:run(152)) - b26d27ed-ea79-45a9-9638-48175110d4e1@group-7C6DAF28C01A-FollowerState was interrupted
2022-10-08 01:33:24,553 [b26d27ed-ea79-45a9-9638-48175110d4e1@group-7C6DAF28C01A-StateMachineUpdater] INFO  ratis.ContainerStateMachine (ContainerStateMachine.java:takeSnapshot(304)) - group-7C6DAF28C01A: Taking a snapshot at:(t:3, i:8) file /home/runner/work/ozone/ozone/hadoop-ozone/integration-test/target/test-dir/MiniOzoneClusterImpl-b5c1db78-dac0-44d3-8f11-3a92d2c44f5f/datanode-2/data/ratis/825a0b31-876f-4a77-8beb-7c6daf28c01a/sm/snapshot.3_8
2022-10-08 01:33:24,568 [b26d27ed-ea79-45a9-9638-48175110d4e1@group-7C6DAF28C01A-StateMachineUpdater] INFO  ratis.ContainerStateMachine (ContainerStateMachine.java:takeSnapshot(315)) - group-7C6DAF28C01A: Finished taking a snapshot at:(t:3, i:8) file:/home/runner/work/ozone/ozone/hadoop-ozone/integration-test/target/test-dir/MiniOzoneClusterImpl-b5c1db78-dac0-44d3-8f11-3a92d2c44f5f/datanode-2/data/ratis/825a0b31-876f-4a77-8beb-7c6daf28c01a/sm/snapshot.3_8 took: 15 ms
2022-10-08 01:33:24,569 [b26d27ed-ea79-45a9-9638-48175110d4e1@group-7C6DAF28C01A-StateMachineUpdater] INFO  impl.StateMachineUpdater (StateMachineUpdater.java:takeSnapshot(287)) - b26d27ed-ea79-45a9-9638-48175110d4e1@group-7C6DAF28C01A-StateMachineUpdater: Took a snapshot at index 8
2022-10-08 01:33:24,569 [b26d27ed-ea79-45a9-9638-48175110d4e1@group-7C6DAF28C01A-StateMachineUpdater] INFO  impl.StateMachineUpdater (StateMachineUpdater.java:lambda$new$0(92)) - b26d27ed-ea79-45a9-9638-48175110d4e1@group-7C6DAF28C01A-StateMachineUpdater: snapshotIndex: updateIncreasingly -1 -> 8
2022-10-08 01:33:24,569 [Command processor thread] INFO  server.RaftServer$Division (ServerState.java:close(429)) - b26d27ed-ea79-45a9-9638-48175110d4e1@group-7C6DAF28C01A: closes. applyIndex: 8
2022-10-08 01:33:24,569 [b26d27ed-ea79-45a9-9638-48175110d4e1@group-7C6DAF28C01A-SegmentedRaftLogWorker] INFO  segmented.SegmentedRaftLogWorker (SegmentedRaftLogWorker.java:run(336)) - b26d27ed-ea79-45a9-9638-48175110d4e1@group-7C6DAF28C01A-SegmentedRaftLogWorker was interrupted, exiting. There are 0 tasks remaining in the queue.
2022-10-08 01:33:24,569 [Command processor thread] INFO  segmented.SegmentedRaftLogWorker (SegmentedRaftLogWorker.java:close(246)) - b26d27ed-ea79-45a9-9638-48175110d4e1@group-7C6DAF28C01A-SegmentedRaftLogWorker close()
2022-10-08 01:33:24,572 [Command processor thread] INFO  server.RaftServer$Division (RaftServerImpl.java:groupRemove(404)) - b26d27ed-ea79-45a9-9638-48175110d4e1@group-7C6DAF28C01A: Succeed to remove RaftStorageDirectory Storage Directory /home/runner/work/ozone/ozone/hadoop-ozone/integration-test/target/test-dir/MiniOzoneClusterImpl-b5c1db78-dac0-44d3-8f11-3a92d2c44f5f/datanode-2/data/ratis/825a0b31-876f-4a77-8beb-7c6daf28c01a
2022-10-08 01:33:24,572 [Command processor thread] INFO  commandhandler.ClosePipelineCommandHandler (ClosePipelineCommandHandler.java:handle(78)) - Close Pipeline PipelineID=825a0b31-876f-4a77-8beb-7c6daf28c01a command on datanode b26d27ed-ea79-45a9-9638-48175110d4e1.
2022-10-08 01:33:24,876 [ContainerReplicationThread-0] INFO  replication.DownloadAndImportReplicator (DownloadAndImportReplicator.java:replicate(105)) - Starting replication of container 1 from [09c2f2af-7c19-464a-af99-f2c2b94b4067{ip: 10.1.0.61, host: fv-az180-867.g3pwtgv4ffyuhaixmbmm0kyh3d.gx.internal.cloudapp.net, ports: [REPLICATION=41937, RATIS=44765, RATIS_ADMIN=44765, RATIS_SERVER=44765, STANDALONE=39829], networkLocation: /default-rack, certSerialId: null, persistedOpState: IN_SERVICE, persistedOpStateExpiryEpochSec: 0}, b26d27ed-ea79-45a9-9638-48175110d4e1{ip: 10.1.0.61, host: fv-az180-867.g3pwtgv4ffyuhaixmbmm0kyh3d.gx.internal.cloudapp.net, ports: [REPLICATION=41421, RATIS=45255, RATIS_ADMIN=45255, RATIS_SERVER=45255, STANDALONE=37381], networkLocation: /default-rack, certSerialId: null, persistedOpState: IN_SERVICE, persistedOpStateExpiryEpochSec: 0}]
2022-10-08 01:33:24,882 [grpc-default-executor-2] INFO  replication.GrpcReplicationService (GrpcReplicationService.java:download(52)) - Streaming container data (1) to other datanode
2022-10-08 01:33:25,295 [ReplicationMonitor] INFO  replication.ReplicationManager (ReplicationManager.java:processAll(324)) - Replication Monitor Thread took 0 milliseconds for processing 1 containers.
2022-10-08 01:33:25,761 [grpc-default-executor-2] INFO  replication.GrpcOutputStream (GrpcOutputStream.java:close(104)) - Sent 2119903 bytes for container 1
2022-10-08 01:33:25,762 [grpc-default-executor-4] INFO  replication.GrpcReplicationClient (GrpcReplicationClient.java:onCompleted(197)) - Container 1 is downloaded to /home/runner/work/ozone/ozone/hadoop-ozone/integration-test/target/test-dir/MiniOzoneClusterImpl-b5c1db78-dac0-44d3-8f11-3a92d2c44f5f/datanode-3/data/replication/work/container-1.tar.gz
2022-10-08 01:33:25,773 [ContainerReplicationThread-0] INFO  replication.DownloadAndImportReplicator (DownloadAndImportReplicator.java:replicate(117)) - Container 1 is downloaded with size 2119903, starting to import.
2022-10-08 01:33:25,820 [Listener at 127.0.0.1/33489] INFO  statemachine.DatanodeStateMachine (DatanodeStateMachine.java:stopDaemon(580)) - Ozone container server stopped.
2022-10-08 01:33:25,833 [Listener at 127.0.0.1/33489] INFO  handler.ContextHandler (ContextHandler.java:doStop(1153)) - Stopped o.e.j.w.WebAppContext@6b369a33{hddsDatanode,/,null,STOPPED}{jar:file:/home/runner/.m2/repository/org/apache/ozone/hdds-container-service/1.3.0-SNAPSHOT/hdds-container-service-1.3.0-SNAPSHOT.jar!/webapps/hddsDatanode}
2022-10-08 01:33:25,840 [Listener at 127.0.0.1/33489] INFO  server.AbstractConnector (AbstractConnector.java:doStop(381)) - Stopped ServerConnector@3efd30e7{HTTP/1.1, (http/1.1)}{0.0.0.0:0}
2022-10-08 01:33:25,840 [Listener at 127.0.0.1/33489] INFO  server.session (HouseKeeper.java:stopScavenging(149)) - node0 Stopped scavenging
2022-10-08 01:33:25,840 [Listener at 127.0.0.1/33489] INFO  handler.ContextHandler (ContextHandler.java:doStop(1153)) - Stopped o.e.j.s.ServletContextHandler@7b725dc1{static,/static,jar:file:/home/runner/.m2/repository/org/apache/ozone/hdds-container-service/1.3.0-SNAPSHOT/hdds-container-service-1.3.0-SNAPSHOT.jar!/webapps/static,STOPPED}
2022-10-08 01:33:25,841 [Listener at 127.0.0.1/33489] INFO  handler.ContextHandler (ContextHandler.java:doStop(1153)) - Stopped o.e.j.s.ServletContextHandler@6a17e232{logs,/logs,file:///home/runner/work/ozone/ozone/hadoop-ozone/integration-test/target/log,STOPPED}
2022-10-08 01:33:25,898 [ContainerReplicationThread-0] INFO  replication.DownloadAndImportReplicator (DownloadAndImportReplicator.java:replicate(122)) - Container 1 is replicated successfully
2022-10-08 01:33:25,898 [ContainerReplicationThread-0] INFO  replication.ReplicationSupervisor (ReplicationSupervisor.java:run(176)) - Container 1 is replicated.
2022-10-08 01:33:26,176 [Listener at 127.0.0.1/33489] INFO  ozone.MiniOzoneClusterImpl (MiniOzoneClusterImpl.java:shutdown(448)) - Shutting down the Mini Ozone Cluster
2022-10-08 01:33:26,177 [Listener at 127.0.0.1/33489] INFO  ozone.MiniOzoneClusterImpl (MiniOzoneClusterImpl.java:stop(463)) - Stopping the Mini Ozone Cluster
2022-10-08 01:33:26,177 [Listener at 127.0.0.1/33489] INFO  ozone.MiniOzoneClusterImpl (MiniOzoneClusterImpl.java:stopOM(545)) - Stopping the OzoneManager
2022-10-08 01:33:26,177 [Listener at 127.0.0.1/33489] INFO  om.OzoneManager (OzoneManager.java:stop(2036)) - om1[localhost:0]: Stopping Ozone Manager
2022-10-08 01:33:26,192 [Listener at 127.0.0.1/33489] INFO  ipc.Server (Server.java:stop(3414)) - Stopping server on 33489
2022-10-08 01:33:26,202 [IPC Server listener on 0] INFO  ipc.Server (Server.java:run(1376)) - Stopping IPC Server listener on 0
2022-10-08 01:33:26,202 [IPC Server Responder] INFO  ipc.Server (Server.java:run(1512)) - Stopping IPC Server Responder
2022-10-08 01:33:26,202 [Listener at 127.0.0.1/33489] INFO  server.RaftServer (RaftServerProxy.java:lambda$close$7(398)) - om1: close
2022-10-08 01:33:26,203 [Listener at 127.0.0.1/33489] INFO  server.RaftServer$Division (RaftServerImpl.java:lambda$close$4(434)) - om1@group-C5BA1605619E: shutdown
2022-10-08 01:33:26,203 [Listener at 127.0.0.1/33489] INFO  util.JmxRegister (JmxRegister.java:unregister(73)) - Successfully un-registered JMX Bean with object name Ratis:service=RaftServer,group=group-C5BA1605619E,id=om1
2022-10-08 01:33:26,203 [Listener at 127.0.0.1/33489] INFO  impl.RoleInfo (RoleInfo.java:shutdownLeaderState(93)) - om1: shutdown om1@group-C5BA1605619E-LeaderStateImpl
2022-10-08 01:33:26,203 [Listener at 127.0.0.1/33489] INFO  impl.PendingRequests (PendingRequests.java:sendNotLeaderResponses(282)) - om1@group-C5BA1605619E-PendingRequests: sendNotLeaderResponses
2022-10-08 01:33:26,206 [Listener at 127.0.0.1/33489] INFO  impl.StateMachineUpdater (StateMachineUpdater.java:stopAndJoin(153)) - om1@group-C5BA1605619E-StateMachineUpdater: set stopIndex = 8
2022-10-08 01:33:26,207 [om1@group-C5BA1605619E-StateMachineUpdater] INFO  ratis.OzoneManagerStateMachine (OzoneManagerStateMachine.java:takeSnapshot(441)) - Current Snapshot Index (t:1, i:8)
2022-10-08 01:33:26,207 [om1@group-C5BA1605619E-StateMachineUpdater] INFO  impl.StateMachineUpdater (StateMachineUpdater.java:takeSnapshot(287)) - om1@group-C5BA1605619E-StateMachineUpdater: Took a snapshot at index 8
2022-10-08 01:33:26,207 [om1@group-C5BA1605619E-StateMachineUpdater] INFO  impl.StateMachineUpdater (StateMachineUpdater.java:lambda$new$0(92)) - om1@group-C5BA1605619E-StateMachineUpdater: snapshotIndex: updateIncreasingly -1 -> 8
2022-10-08 01:33:26,207 [om1@group-C5BA1605619E-StateMachineUpdater] INFO  ratis.OzoneManagerStateMachine (OzoneManagerStateMachine.java:close(495)) - StateMachine has shutdown. Shutdown OzoneManager if not already shutdown.
2022-10-08 01:33:26,207 [om1@group-C5BA1605619E-StateMachineUpdater] INFO  ratis.OzoneManagerDoubleBuffer (OzoneManagerDoubleBuffer.java:stop(466)) - Stopping OMDoubleBuffer flush thread
2022-10-08 01:33:26,207 [OMDoubleBufferFlushThread] INFO  ratis.OzoneManagerDoubleBuffer (OzoneManagerDoubleBuffer.java:flushTransactions(385)) - OMDoubleBuffer flush thread OMDoubleBufferFlushThread is interrupted and will exit.
2022-10-08 01:33:26,209 [Listener at 127.0.0.1/33489] INFO  server.RaftServer$Division (ServerState.java:close(429)) - om1@group-C5BA1605619E: closes. applyIndex: 8
2022-10-08 01:33:26,209 [om1@group-C5BA1605619E-SegmentedRaftLogWorker] INFO  segmented.SegmentedRaftLogWorker (SegmentedRaftLogWorker.java:run(336)) - om1@group-C5BA1605619E-SegmentedRaftLogWorker was interrupted, exiting. There are 0 tasks remaining in the queue.
2022-10-08 01:33:26,210 [Listener at 127.0.0.1/33489] INFO  segmented.SegmentedRaftLogWorker (SegmentedRaftLogWorker.java:close(246)) - om1@group-C5BA1605619E-SegmentedRaftLogWorker close()
2022-10-08 01:33:26,210 [Listener at 127.0.0.1/33489] INFO  server.GrpcService (GrpcService.java:closeImpl(269)) - om1: shutdown server with port 9872 now
2022-10-08 01:33:26,212 [Listener at 127.0.0.1/33489] INFO  server.GrpcService (GrpcService.java:closeImpl(278)) - om1: shutdown server with port 9872 successfully
2022-10-08 01:33:26,212 [org.apache.ratis.util.JvmPauseMonitor$$Lambda$636/846962177@67f11a7c] INFO  util.JvmPauseMonitor (JvmPauseMonitor.java:run(109)) - JvmPauseMonitor-om1: Stopped
2022-10-08 01:33:26,212 [Listener at 127.0.0.1/33489] INFO  ratis.OzoneManagerStateMachine (OzoneManagerStateMachine.java:close(495)) - StateMachine has shutdown. Shutdown OzoneManager if not already shutdown.
2022-10-08 01:33:26,212 [Listener at 127.0.0.1/33489] INFO  ratis.OzoneManagerDoubleBuffer (OzoneManagerDoubleBuffer.java:stop(478)) - OMDoubleBuffer flush thread is not running.
2022-10-08 01:33:26,212 [Listener at 127.0.0.1/33489] INFO  utils.BackgroundService (BackgroundService.java:shutdown(141)) - Shutting down service KeyDeletingService
2022-10-08 01:33:26,213 [Listener at 127.0.0.1/33489] INFO  utils.BackgroundService (BackgroundService.java:shutdown(141)) - Shutting down service DirectoryDeletingService
2022-10-08 01:33:26,213 [Listener at 127.0.0.1/33489] INFO  utils.BackgroundService (BackgroundService.java:shutdown(141)) - Shutting down service OpenKeyCleanupService
2022-10-08 01:33:26,236 [Listener at 127.0.0.1/33489] INFO  handler.ContextHandler (ContextHandler.java:doStop(1153)) - Stopped o.e.j.w.WebAppContext@3d3f16cd{ozoneManager,/,null,STOPPED}{file:/home/runner/work/ozone/ozone/hadoop-ozone/integration-test/target/test-classes/webapps/ozoneManager}
2022-10-08 01:33:26,237 [Listener at 127.0.0.1/33489] INFO  server.AbstractConnector (AbstractConnector.java:doStop(381)) - Stopped ServerConnector@52536bb8{HTTP/1.1, (http/1.1)}{0.0.0.0:0}
2022-10-08 01:33:26,237 [Listener at 127.0.0.1/33489] INFO  server.session (HouseKeeper.java:stopScavenging(149)) - node0 Stopped scavenging
2022-10-08 01:33:26,237 [Listener at 127.0.0.1/33489] INFO  handler.ContextHandler (ContextHandler.java:doStop(1153)) - Stopped o.e.j.s.ServletContextHandler@6d6541b3{static,/static,file:///home/runner/work/ozone/ozone/hadoop-ozone/integration-test/target/test-classes/webapps/static,STOPPED}
2022-10-08 01:33:26,237 [Listener at 127.0.0.1/33489] INFO  handler.ContextHandler (ContextHandler.java:doStop(1153)) - Stopped o.e.j.s.ServletContextHandler@26abb7b6{logs,/logs,file:///home/runner/work/ozone/ozone/hadoop-ozone/integration-test/target/log,STOPPED}
2022-10-08 01:33:26,252 [Listener at 127.0.0.1/33489] INFO  ozone.MiniOzoneClusterImpl (MiniOzoneClusterImpl.java:stopDatanodes(522)) - Stopping the HddsDatanodes
2022-10-08 01:33:26,296 [ReplicationMonitor] INFO  replication.ReplicationManager (ReplicationManager.java:processAll(324)) - Replication Monitor Thread took 0 milliseconds for processing 1 containers.
2022-10-08 01:33:27,296 [ReplicationMonitor] INFO  replication.ReplicationManager (ReplicationManager.java:processAll(324)) - Replication Monitor Thread took 0 milliseconds for processing 1 containers.
2022-10-08 01:33:28,297 [ReplicationMonitor] INFO  replication.ReplicationManager (ReplicationManager.java:processAll(324)) - Replication Monitor Thread took 0 milliseconds for processing 1 containers.
2022-10-08 01:33:28,535 [EventQueue-StaleNodeForStaleNodeHandler] INFO  node.StaleNodeHandler (StaleNodeHandler.java:onMessage(59)) - Datanode 09c2f2af-7c19-464a-af99-f2c2b94b4067{ip: 10.1.0.61, host: fv-az180-867.g3pwtgv4ffyuhaixmbmm0kyh3d.gx.internal.cloudapp.net, ports: [REPLICATION=41937, RATIS=44765, RATIS_ADMIN=44765, RATIS_SERVER=44765, STANDALONE=39829], networkLocation: /default-rack, certSerialId: null, persistedOpState: IN_SERVICE, persistedOpStateExpiryEpochSec: 0} moved to stale state. Finalizing its pipelines [PipelineID=b6740195-ae97-49e8-9c3e-ef029415f1c5]
2022-10-08 01:33:28,537 [EventQueue-StaleNodeForStaleNodeHandler] INFO  pipeline.PipelineManagerImpl (PipelineManagerImpl.java:closePipeline(442)) - Pipeline Pipeline[ Id: b6740195-ae97-49e8-9c3e-ef029415f1c5, Nodes: 09c2f2af-7c19-464a-af99-f2c2b94b4067{ip: 10.1.0.61, host: fv-az180-867.g3pwtgv4ffyuhaixmbmm0kyh3d.gx.internal.cloudapp.net, ports: [REPLICATION=41937, RATIS=44765, RATIS_ADMIN=44765, RATIS_SERVER=44765, STANDALONE=39829], networkLocation: /default-rack, certSerialId: null, persistedOpState: IN_SERVICE, persistedOpStateExpiryEpochSec: 0}, ReplicationConfig: RATIS/ONE, State:OPEN, leaderId:09c2f2af-7c19-464a-af99-f2c2b94b4067, CreationTimestamp2022-10-08T01:32:54.752Z[Etc/UTC]] moved to CLOSED state
2022-10-08 01:33:28,638 [EventQueue-StaleNodeForStaleNodeHandler] INFO  node.StaleNodeHandler (StaleNodeHandler.java:onMessage(59)) - Datanode b26d27ed-ea79-45a9-9638-48175110d4e1{ip: 10.1.0.61, host: fv-az180-867.g3pwtgv4ffyuhaixmbmm0kyh3d.gx.internal.cloudapp.net, ports: [REPLICATION=41421, RATIS=45255, RATIS_ADMIN=45255, RATIS_SERVER=45255, STANDALONE=37381], networkLocation: /default-rack, certSerialId: null, persistedOpState: IN_SERVICE, persistedOpStateExpiryEpochSec: 0} moved to stale state. Finalizing its pipelines [PipelineID=8a416377-8ad8-45ca-8bb1-1174a5acaa97]
2022-10-08 01:33:28,639 [EventQueue-StaleNodeForStaleNodeHandler] INFO  pipeline.PipelineManagerImpl (PipelineManagerImpl.java:closePipeline(442)) - Pipeline Pipeline[ Id: 8a416377-8ad8-45ca-8bb1-1174a5acaa97, Nodes: b26d27ed-ea79-45a9-9638-48175110d4e1{ip: 10.1.0.61, host: fv-az180-867.g3pwtgv4ffyuhaixmbmm0kyh3d.gx.internal.cloudapp.net, ports: [REPLICATION=41421, RATIS=45255, RATIS_ADMIN=45255, RATIS_SERVER=45255, STANDALONE=37381], networkLocation: /default-rack, certSerialId: null, persistedOpState: IN_SERVICE, persistedOpStateExpiryEpochSec: 0}, ReplicationConfig: RATIS/ONE, State:OPEN, leaderId:b26d27ed-ea79-45a9-9638-48175110d4e1, CreationTimestamp2022-10-08T01:32:55.841Z[Etc/UTC]] moved to CLOSED state
2022-10-08 01:33:29,297 [ReplicationMonitor] INFO  replication.ReplicationManager (ReplicationManager.java:processAll(324)) - Replication Monitor Thread took 0 milliseconds for processing 1 containers.
2022-10-08 01:33:30,298 [ReplicationMonitor] INFO  replication.ReplicationManager (ReplicationManager.java:processAll(324)) - Replication Monitor Thread took 1 milliseconds for processing 1 containers.
2022-10-08 01:33:31,252 [ForkJoinPool.commonPool-worker-0] INFO  ozoneimpl.OzoneContainer (OzoneContainer.java:stop(400)) - Attempting to stop container services.
2022-10-08 01:33:31,252 [Listener at 127.0.0.1/33489] INFO  ozoneimpl.OzoneContainer (OzoneContainer.java:stop(400)) - Attempting to stop container services.
2022-10-08 01:33:31,254 [Listener at 127.0.0.1/33489] INFO  server.RaftServer (RaftServerProxy.java:lambda$close$7(398)) - b26d27ed-ea79-45a9-9638-48175110d4e1: close
2022-10-08 01:33:31,254 [Listener at 127.0.0.1/33489] INFO  server.RaftServer$Division (RaftServerImpl.java:lambda$close$4(434)) - b26d27ed-ea79-45a9-9638-48175110d4e1@group-1174A5ACAA97: shutdown
2022-10-08 01:33:31,254 [Listener at 127.0.0.1/33489] INFO  util.JmxRegister (JmxRegister.java:unregister(73)) - Successfully un-registered JMX Bean with object name Ratis:service=RaftServer,group=group-1174A5ACAA97,id=b26d27ed-ea79-45a9-9638-48175110d4e1
2022-10-08 01:33:31,254 [Listener at 127.0.0.1/33489] INFO  impl.RoleInfo (RoleInfo.java:shutdownLeaderState(93)) - b26d27ed-ea79-45a9-9638-48175110d4e1: shutdown b26d27ed-ea79-45a9-9638-48175110d4e1@group-1174A5ACAA97-LeaderStateImpl
2022-10-08 01:33:31,254 [Listener at 127.0.0.1/33489] INFO  impl.PendingRequests (PendingRequests.java:sendNotLeaderResponses(282)) - b26d27ed-ea79-45a9-9638-48175110d4e1@group-1174A5ACAA97-PendingRequests: sendNotLeaderResponses
2022-10-08 01:33:31,255 [Listener at 127.0.0.1/33489] INFO  impl.StateMachineUpdater (StateMachineUpdater.java:stopAndJoin(153)) - b26d27ed-ea79-45a9-9638-48175110d4e1@group-1174A5ACAA97-StateMachineUpdater: set stopIndex = 0
2022-10-08 01:33:31,255 [ForkJoinPool.commonPool-worker-0] INFO  server.RaftServer (RaftServerProxy.java:lambda$close$7(398)) - 09c2f2af-7c19-464a-af99-f2c2b94b4067: close
2022-10-08 01:33:31,255 [ForkJoinPool.commonPool-worker-0] INFO  server.RaftServer$Division (RaftServerImpl.java:lambda$close$4(434)) - 09c2f2af-7c19-464a-af99-f2c2b94b4067@group-EF029415F1C5: shutdown
2022-10-08 01:33:31,255 [ForkJoinPool.commonPool-worker-0] INFO  util.JmxRegister (JmxRegister.java:unregister(73)) - Successfully un-registered JMX Bean with object name Ratis:service=RaftServer,group=group-EF029415F1C5,id=09c2f2af-7c19-464a-af99-f2c2b94b4067
2022-10-08 01:33:31,255 [ForkJoinPool.commonPool-worker-0] INFO  impl.RoleInfo (RoleInfo.java:shutdownLeaderState(93)) - 09c2f2af-7c19-464a-af99-f2c2b94b4067: shutdown 09c2f2af-7c19-464a-af99-f2c2b94b4067@group-EF029415F1C5-LeaderStateImpl
2022-10-08 01:33:31,255 [ForkJoinPool.commonPool-worker-0] INFO  impl.PendingRequests (PendingRequests.java:sendNotLeaderResponses(282)) - 09c2f2af-7c19-464a-af99-f2c2b94b4067@group-EF029415F1C5-PendingRequests: sendNotLeaderResponses
2022-10-08 01:33:31,255 [ForkJoinPool.commonPool-worker-0] INFO  impl.StateMachineUpdater (StateMachineUpdater.java:stopAndJoin(153)) - 09c2f2af-7c19-464a-af99-f2c2b94b4067@group-EF029415F1C5-StateMachineUpdater: set stopIndex = 0
2022-10-08 01:33:31,256 [09c2f2af-7c19-464a-af99-f2c2b94b4067@group-EF029415F1C5-StateMachineUpdater] INFO  ratis.ContainerStateMachine (ContainerStateMachine.java:takeSnapshot(304)) - group-EF029415F1C5: Taking a snapshot at:(t:1, i:0) file /home/runner/work/ozone/ozone/hadoop-ozone/integration-test/target/test-dir/MiniOzoneClusterImpl-b5c1db78-dac0-44d3-8f11-3a92d2c44f5f/datanode-1/data/ratis/b6740195-ae97-49e8-9c3e-ef029415f1c5/sm/snapshot.1_0
2022-10-08 01:33:31,256 [b26d27ed-ea79-45a9-9638-48175110d4e1@group-1174A5ACAA97-StateMachineUpdater] INFO  ratis.ContainerStateMachine (ContainerStateMachine.java:takeSnapshot(304)) - group-1174A5ACAA97: Taking a snapshot at:(t:1, i:0) file /home/runner/work/ozone/ozone/hadoop-ozone/integration-test/target/test-dir/MiniOzoneClusterImpl-b5c1db78-dac0-44d3-8f11-3a92d2c44f5f/datanode-2/data/ratis/8a416377-8ad8-45ca-8bb1-1174a5acaa97/sm/snapshot.1_0
2022-10-08 01:33:31,263 [09c2f2af-7c19-464a-af99-f2c2b94b4067@group-EF029415F1C5-StateMachineUpdater] INFO  ratis.ContainerStateMachine (ContainerStateMachine.java:takeSnapshot(315)) - group-EF029415F1C5: Finished taking a snapshot at:(t:1, i:0) file:/home/runner/work/ozone/ozone/hadoop-ozone/integration-test/target/test-dir/MiniOzoneClusterImpl-b5c1db78-dac0-44d3-8f11-3a92d2c44f5f/datanode-1/data/ratis/b6740195-ae97-49e8-9c3e-ef029415f1c5/sm/snapshot.1_0 took: 7 ms
2022-10-08 01:33:31,263 [09c2f2af-7c19-464a-af99-f2c2b94b4067@group-EF029415F1C5-StateMachineUpdater] INFO  impl.StateMachineUpdater (StateMachineUpdater.java:takeSnapshot(287)) - 09c2f2af-7c19-464a-af99-f2c2b94b4067@group-EF029415F1C5-StateMachineUpdater: Took a snapshot at index 0
2022-10-08 01:33:31,263 [09c2f2af-7c19-464a-af99-f2c2b94b4067@group-EF029415F1C5-StateMachineUpdater] INFO  impl.StateMachineUpdater (StateMachineUpdater.java:lambda$new$0(92)) - 09c2f2af-7c19-464a-af99-f2c2b94b4067@group-EF029415F1C5-StateMachineUpdater: snapshotIndex: updateIncreasingly -1 -> 0
2022-10-08 01:33:31,263 [ForkJoinPool.commonPool-worker-0] INFO  server.RaftServer$Division (ServerState.java:close(429)) - 09c2f2af-7c19-464a-af99-f2c2b94b4067@group-EF029415F1C5: closes. applyIndex: 0
2022-10-08 01:33:31,264 [09c2f2af-7c19-464a-af99-f2c2b94b4067@group-EF029415F1C5-SegmentedRaftLogWorker] INFO  segmented.SegmentedRaftLogWorker (SegmentedRaftLogWorker.java:run(336)) - 09c2f2af-7c19-464a-af99-f2c2b94b4067@group-EF029415F1C5-SegmentedRaftLogWorker was interrupted, exiting. There are 0 tasks remaining in the queue.
2022-10-08 01:33:31,264 [ForkJoinPool.commonPool-worker-0] INFO  segmented.SegmentedRaftLogWorker (SegmentedRaftLogWorker.java:close(246)) - 09c2f2af-7c19-464a-af99-f2c2b94b4067@group-EF029415F1C5-SegmentedRaftLogWorker close()
2022-10-08 01:33:31,264 [ForkJoinPool.commonPool-worker-0] INFO  server.GrpcService (GrpcService.java:closeImpl(269)) - 09c2f2af-7c19-464a-af99-f2c2b94b4067: shutdown server with port 44765 now
2022-10-08 01:33:31,270 [b26d27ed-ea79-45a9-9638-48175110d4e1@group-1174A5ACAA97-StateMachineUpdater] INFO  ratis.ContainerStateMachine (ContainerStateMachine.java:takeSnapshot(315)) - group-1174A5ACAA97: Finished taking a snapshot at:(t:1, i:0) file:/home/runner/work/ozone/ozone/hadoop-ozone/integration-test/target/test-dir/MiniOzoneClusterImpl-b5c1db78-dac0-44d3-8f11-3a92d2c44f5f/datanode-2/data/ratis/8a416377-8ad8-45ca-8bb1-1174a5acaa97/sm/snapshot.1_0 took: 15 ms
2022-10-08 01:33:31,271 [b26d27ed-ea79-45a9-9638-48175110d4e1@group-1174A5ACAA97-StateMachineUpdater] INFO  impl.StateMachineUpdater (StateMachineUpdater.java:takeSnapshot(287)) - b26d27ed-ea79-45a9-9638-48175110d4e1@group-1174A5ACAA97-StateMachineUpdater: Took a snapshot at index 0
2022-10-08 01:33:31,271 [b26d27ed-ea79-45a9-9638-48175110d4e1@group-1174A5ACAA97-StateMachineUpdater] INFO  impl.StateMachineUpdater (StateMachineUpdater.java:lambda$new$0(92)) - b26d27ed-ea79-45a9-9638-48175110d4e1@group-1174A5ACAA97-StateMachineUpdater: snapshotIndex: updateIncreasingly -1 -> 0
2022-10-08 01:33:31,271 [Listener at 127.0.0.1/33489] INFO  server.RaftServer$Division (ServerState.java:close(429)) - b26d27ed-ea79-45a9-9638-48175110d4e1@group-1174A5ACAA97: closes. applyIndex: 0
2022-10-08 01:33:31,271 [b26d27ed-ea79-45a9-9638-48175110d4e1@group-1174A5ACAA97-SegmentedRaftLogWorker] INFO  segmented.SegmentedRaftLogWorker (SegmentedRaftLogWorker.java:run(336)) - b26d27ed-ea79-45a9-9638-48175110d4e1@group-1174A5ACAA97-SegmentedRaftLogWorker was interrupted, exiting. There are 0 tasks remaining in the queue.
2022-10-08 01:33:31,272 [ForkJoinPool.commonPool-worker-0] INFO  server.GrpcService (GrpcService.java:closeImpl(278)) - 09c2f2af-7c19-464a-af99-f2c2b94b4067: shutdown server with port 44765 successfully
2022-10-08 01:33:31,272 [Listener at 127.0.0.1/33489] INFO  segmented.SegmentedRaftLogWorker (SegmentedRaftLogWorker.java:close(246)) - b26d27ed-ea79-45a9-9638-48175110d4e1@group-1174A5ACAA97-SegmentedRaftLogWorker close()
2022-10-08 01:33:31,272 [org.apache.ratis.util.JvmPauseMonitor$$Lambda$636/846962177@6b3c5935] INFO  util.JvmPauseMonitor (JvmPauseMonitor.java:run(109)) - JvmPauseMonitor-09c2f2af-7c19-464a-af99-f2c2b94b4067: Stopped
2022-10-08 01:33:31,277 [Listener at 127.0.0.1/33489] INFO  server.GrpcService (GrpcService.java:closeImpl(269)) - b26d27ed-ea79-45a9-9638-48175110d4e1: shutdown server with port 45255 now
2022-10-08 01:33:31,284 [Listener at 127.0.0.1/33489] INFO  server.GrpcService (GrpcService.java:closeImpl(278)) - b26d27ed-ea79-45a9-9638-48175110d4e1: shutdown server with port 45255 successfully
2022-10-08 01:33:31,285 [org.apache.ratis.util.JvmPauseMonitor$$Lambda$636/846962177@41f2889c] INFO  util.JvmPauseMonitor (JvmPauseMonitor.java:run(109)) - JvmPauseMonitor-b26d27ed-ea79-45a9-9638-48175110d4e1: Stopped
2022-10-08 01:33:31,298 [ReplicationMonitor] INFO  replication.ReplicationManager (ReplicationManager.java:processAll(324)) - Replication Monitor Thread took 0 milliseconds for processing 1 containers.
2022-10-08 01:33:31,539 [EventQueue-DeadNodeForDeadNodeHandler] INFO  node.DeadNodeHandler (DeadNodeHandler.java:onMessage(81)) - A dead datanode is detected. 09c2f2af-7c19-464a-af99-f2c2b94b4067{ip: 10.1.0.61, host: fv-az180-867.g3pwtgv4ffyuhaixmbmm0kyh3d.gx.internal.cloudapp.net, ports: [REPLICATION=41937, RATIS=44765, RATIS_ADMIN=44765, RATIS_SERVER=44765, STANDALONE=39829], networkLocation: /default-rack, certSerialId: null, persistedOpState: IN_SERVICE, persistedOpStateExpiryEpochSec: 0}
2022-10-08 01:33:31,539 [EventQueue-DeadNodeForDeadNodeHandler] INFO  pipeline.RatisPipelineProvider (RatisPipelineProvider.java:lambda$close$1(244)) - Send pipeline:PipelineID=b6740195-ae97-49e8-9c3e-ef029415f1c5 close command to datanode 09c2f2af-7c19-464a-af99-f2c2b94b4067
2022-10-08 01:33:31,539 [EventQueue-DeadNodeForDeadNodeHandler] INFO  pipeline.PipelineStateManagerImpl (PipelineStateManagerImpl.java:removePipeline(245)) - Pipeline Pipeline[ Id: b6740195-ae97-49e8-9c3e-ef029415f1c5, Nodes: 09c2f2af-7c19-464a-af99-f2c2b94b4067{ip: 10.1.0.61, host: fv-az180-867.g3pwtgv4ffyuhaixmbmm0kyh3d.gx.internal.cloudapp.net, ports: [REPLICATION=41937, RATIS=44765, RATIS_ADMIN=44765, RATIS_SERVER=44765, STANDALONE=39829], networkLocation: /default-rack, certSerialId: null, persistedOpState: IN_SERVICE, persistedOpStateExpiryEpochSec: 0}, ReplicationConfig: RATIS/ONE, State:CLOSED, leaderId:09c2f2af-7c19-464a-af99-f2c2b94b4067, CreationTimestamp2022-10-08T01:32:54.752Z[Etc/UTC]] removed.
2022-10-08 01:33:31,539 [EventQueue-DeadNodeForDeadNodeHandler] INFO  net.NetworkTopologyImpl (NetworkTopologyImpl.java:remove(190)) - Removed a node: /default-rack/09c2f2af-7c19-464a-af99-f2c2b94b4067
2022-10-08 01:33:31,639 [EventQueue-DeadNodeForDeadNodeHandler] INFO  node.DeadNodeHandler (DeadNodeHandler.java:onMessage(81)) - A dead datanode is detected. b26d27ed-ea79-45a9-9638-48175110d4e1{ip: 10.1.0.61, host: fv-az180-867.g3pwtgv4ffyuhaixmbmm0kyh3d.gx.internal.cloudapp.net, ports: [REPLICATION=41421, RATIS=45255, RATIS_ADMIN=45255, RATIS_SERVER=45255, STANDALONE=37381], networkLocation: /default-rack, certSerialId: null, persistedOpState: IN_SERVICE, persistedOpStateExpiryEpochSec: 0}
2022-10-08 01:33:31,639 [EventQueue-DeadNodeForDeadNodeHandler] INFO  pipeline.RatisPipelineProvider (RatisPipelineProvider.java:lambda$close$1(244)) - Send pipeline:PipelineID=8a416377-8ad8-45ca-8bb1-1174a5acaa97 close command to datanode b26d27ed-ea79-45a9-9638-48175110d4e1
2022-10-08 01:33:31,639 [EventQueue-DeadNodeForDeadNodeHandler] INFO  pipeline.PipelineStateManagerImpl (PipelineStateManagerImpl.java:removePipeline(245)) - Pipeline Pipeline[ Id: 8a416377-8ad8-45ca-8bb1-1174a5acaa97, Nodes: b26d27ed-ea79-45a9-9638-48175110d4e1{ip: 10.1.0.61, host: fv-az180-867.g3pwtgv4ffyuhaixmbmm0kyh3d.gx.internal.cloudapp.net, ports: [REPLICATION=41421, RATIS=45255, RATIS_ADMIN=45255, RATIS_SERVER=45255, STANDALONE=37381], networkLocation: /default-rack, certSerialId: null, persistedOpState: IN_SERVICE, persistedOpStateExpiryEpochSec: 0}, ReplicationConfig: RATIS/ONE, State:CLOSED, leaderId:b26d27ed-ea79-45a9-9638-48175110d4e1, CreationTimestamp2022-10-08T01:32:55.841Z[Etc/UTC]] removed.
2022-10-08 01:33:31,640 [EventQueue-DeadNodeForDeadNodeHandler] INFO  net.NetworkTopologyImpl (NetworkTopologyImpl.java:remove(190)) - Removed a node: /default-rack/b26d27ed-ea79-45a9-9638-48175110d4e1
2022-10-08 01:33:32,298 [ReplicationMonitor] ERROR scm.SCMCommonPlacementPolicy (SCMCommonPlacementPolicy.java:chooseDatanodesInternal(217)) - Not enough healthy nodes to allocate container. 2  datanodes required. Found 1
2022-10-08 01:33:32,299 [ReplicationMonitor] WARN  replication.LegacyReplicationManager (LegacyReplicationManager.java:handleUnderReplicatedContainer(1228)) - Exception while replicating container 1.
org.apache.hadoop.hdds.scm.exceptions.SCMException: Not enough healthy nodes to allocate container. 2  datanodes required. Found 1
	at org.apache.hadoop.hdds.scm.SCMCommonPlacementPolicy.chooseDatanodesInternal(SCMCommonPlacementPolicy.java:218)
	at org.apache.hadoop.hdds.scm.container.placement.algorithms.SCMContainerPlacementRandom.chooseDatanodesInternal(SCMContainerPlacementRandom.java:81)
	at org.apache.hadoop.hdds.scm.SCMCommonPlacementPolicy.chooseDatanodes(SCMCommonPlacementPolicy.java:175)
	at org.apache.hadoop.hdds.scm.SCMCommonPlacementPolicy.chooseDatanodes(SCMCommonPlacementPolicy.java:117)
	at org.apache.hadoop.hdds.scm.container.replication.LegacyReplicationManager.handleUnderReplicatedContainer(LegacyReplicationManager.java:1192)
	at org.apache.hadoop.hdds.scm.container.replication.LegacyReplicationManager.processContainer(LegacyReplicationManager.java:539)
	at org.apache.hadoop.hdds.scm.container.replication.ReplicationManager.processAll(ReplicationManager.java:306)
	at org.apache.hadoop.hdds.scm.container.replication.ReplicationManager.run(ReplicationManager.java:504)
	at java.lang.Thread.run(Thread.java:750)
2022-10-08 01:33:32,299 [ReplicationMonitor] INFO  replication.ReplicationManager (ReplicationManager.java:processAll(324)) - Replication Monitor Thread took 1 milliseconds for processing 1 containers.
2022-10-08 01:33:33,290 [Listener at 127.0.0.1/33489] INFO  utils.BackgroundService (BackgroundService.java:shutdown(141)) - Shutting down service BlockDeletingService
2022-10-08 01:33:33,299 [ReplicationMonitor] ERROR scm.SCMCommonPlacementPolicy (SCMCommonPlacementPolicy.java:chooseDatanodesInternal(217)) - Not enough healthy nodes to allocate container. 2  datanodes required. Found 1
2022-10-08 01:33:33,299 [ReplicationMonitor] WARN  replication.LegacyReplicationManager (LegacyReplicationManager.java:handleUnderReplicatedContainer(1228)) - Exception while replicating container 1.
org.apache.hadoop.hdds.scm.exceptions.SCMException: Not enough healthy nodes to allocate container. 2  datanodes required. Found 1
	at org.apache.hadoop.hdds.scm.SCMCommonPlacementPolicy.chooseDatanodesInternal(SCMCommonPlacementPolicy.java:218)
	at org.apache.hadoop.hdds.scm.container.placement.algorithms.SCMContainerPlacementRandom.chooseDatanodesInternal(SCMContainerPlacementRandom.java:81)
	at org.apache.hadoop.hdds.scm.SCMCommonPlacementPolicy.chooseDatanodes(SCMCommonPlacementPolicy.java:175)
	at org.apache.hadoop.hdds.scm.SCMCommonPlacementPolicy.chooseDatanodes(SCMCommonPlacementPolicy.java:117)
	at org.apache.hadoop.hdds.scm.container.replication.LegacyReplicationManager.handleUnderReplicatedContainer(LegacyReplicationManager.java:1192)
	at org.apache.hadoop.hdds.scm.container.replication.LegacyReplicationManager.processContainer(LegacyReplicationManager.java:539)
	at org.apache.hadoop.hdds.scm.container.replication.ReplicationManager.processAll(ReplicationManager.java:306)
	at org.apache.hadoop.hdds.scm.container.replication.ReplicationManager.run(ReplicationManager.java:504)
	at java.lang.Thread.run(Thread.java:750)
2022-10-08 01:33:33,299 [ReplicationMonitor] INFO  replication.ReplicationManager (ReplicationManager.java:processAll(324)) - Replication Monitor Thread took 1 milliseconds for processing 1 containers.
2022-10-08 01:33:33,316 [Listener at 127.0.0.1/33489] INFO  utils.BackgroundService (BackgroundService.java:shutdown(141)) - Shutting down service StaleRecoveringContainerScrubbingService
2022-10-08 01:33:33,317 [ForkJoinPool.commonPool-worker-0] INFO  utils.BackgroundService (BackgroundService.java:shutdown(141)) - Shutting down service BlockDeletingService
2022-10-08 01:33:33,318 [ForkJoinPool.commonPool-worker-0] INFO  utils.BackgroundService (BackgroundService.java:shutdown(141)) - Shutting down service StaleRecoveringContainerScrubbingService
2022-10-08 01:33:34,300 [ReplicationMonitor] ERROR scm.SCMCommonPlacementPolicy (SCMCommonPlacementPolicy.java:chooseDatanodesInternal(217)) - Not enough healthy nodes to allocate container. 2  datanodes required. Found 1
2022-10-08 01:33:34,300 [ReplicationMonitor] WARN  replication.LegacyReplicationManager (LegacyReplicationManager.java:handleUnderReplicatedContainer(1228)) - Exception while replicating container 1.
org.apache.hadoop.hdds.scm.exceptions.SCMException: Not enough healthy nodes to allocate container. 2  datanodes required. Found 1
	at org.apache.hadoop.hdds.scm.SCMCommonPlacementPolicy.chooseDatanodesInternal(SCMCommonPlacementPolicy.java:218)
	at org.apache.hadoop.hdds.scm.container.placement.algorithms.SCMContainerPlacementRandom.chooseDatanodesInternal(SCMContainerPlacementRandom.java:81)
	at org.apache.hadoop.hdds.scm.SCMCommonPlacementPolicy.chooseDatanodes(SCMCommonPlacementPolicy.java:175)
	at org.apache.hadoop.hdds.scm.SCMCommonPlacementPolicy.chooseDatanodes(SCMCommonPlacementPolicy.java:117)
	at org.apache.hadoop.hdds.scm.container.replication.LegacyReplicationManager.handleUnderReplicatedContainer(LegacyReplicationManager.java:1192)
	at org.apache.hadoop.hdds.scm.container.replication.LegacyReplicationManager.processContainer(LegacyReplicationManager.java:539)
	at org.apache.hadoop.hdds.scm.container.replication.ReplicationManager.processAll(ReplicationManager.java:306)
	at org.apache.hadoop.hdds.scm.container.replication.ReplicationManager.run(ReplicationManager.java:504)
	at java.lang.Thread.run(Thread.java:750)
2022-10-08 01:33:34,300 [ReplicationMonitor] INFO  replication.ReplicationManager (ReplicationManager.java:processAll(324)) - Replication Monitor Thread took 0 milliseconds for processing 1 containers.
2022-10-08 01:33:35,301 [ReplicationMonitor] ERROR scm.SCMCommonPlacementPolicy (SCMCommonPlacementPolicy.java:chooseDatanodesInternal(217)) - Not enough healthy nodes to allocate container. 2  datanodes required. Found 1
2022-10-08 01:33:35,301 [ReplicationMonitor] WARN  replication.LegacyReplicationManager (LegacyReplicationManager.java:handleUnderReplicatedContainer(1228)) - Exception while replicating container 1.
org.apache.hadoop.hdds.scm.exceptions.SCMException: Not enough healthy nodes to allocate container. 2  datanodes required. Found 1
	at org.apache.hadoop.hdds.scm.SCMCommonPlacementPolicy.chooseDatanodesInternal(SCMCommonPlacementPolicy.java:218)
	at org.apache.hadoop.hdds.scm.container.placement.algorithms.SCMContainerPlacementRandom.chooseDatanodesInternal(SCMContainerPlacementRandom.java:81)
	at org.apache.hadoop.hdds.scm.SCMCommonPlacementPolicy.chooseDatanodes(SCMCommonPlacementPolicy.java:175)
	at org.apache.hadoop.hdds.scm.SCMCommonPlacementPolicy.chooseDatanodes(SCMCommonPlacementPolicy.java:117)
	at org.apache.hadoop.hdds.scm.container.replication.LegacyReplicationManager.handleUnderReplicatedContainer(LegacyReplicationManager.java:1192)
	at org.apache.hadoop.hdds.scm.container.replication.LegacyReplicationManager.processContainer(LegacyReplicationManager.java:539)
	at org.apache.hadoop.hdds.scm.container.replication.ReplicationManager.processAll(ReplicationManager.java:306)
	at org.apache.hadoop.hdds.scm.container.replication.ReplicationManager.run(ReplicationManager.java:504)
	at java.lang.Thread.run(Thread.java:750)
2022-10-08 01:33:35,301 [ReplicationMonitor] INFO  replication.ReplicationManager (ReplicationManager.java:processAll(324)) - Replication Monitor Thread took 1 milliseconds for processing 1 containers.
2022-10-08 01:33:36,301 [ReplicationMonitor] ERROR scm.SCMCommonPlacementPolicy (SCMCommonPlacementPolicy.java:chooseDatanodesInternal(217)) - Not enough healthy nodes to allocate container. 2  datanodes required. Found 1
2022-10-08 01:33:36,302 [ReplicationMonitor] WARN  replication.LegacyReplicationManager (LegacyReplicationManager.java:handleUnderReplicatedContainer(1228)) - Exception while replicating container 1.
org.apache.hadoop.hdds.scm.exceptions.SCMException: Not enough healthy nodes to allocate container. 2  datanodes required. Found 1
	at org.apache.hadoop.hdds.scm.SCMCommonPlacementPolicy.chooseDatanodesInternal(SCMCommonPlacementPolicy.java:218)
	at org.apache.hadoop.hdds.scm.container.placement.algorithms.SCMContainerPlacementRandom.chooseDatanodesInternal(SCMContainerPlacementRandom.java:81)
	at org.apache.hadoop.hdds.scm.SCMCommonPlacementPolicy.chooseDatanodes(SCMCommonPlacementPolicy.java:175)
	at org.apache.hadoop.hdds.scm.SCMCommonPlacementPolicy.chooseDatanodes(SCMCommonPlacementPolicy.java:117)
	at org.apache.hadoop.hdds.scm.container.replication.LegacyReplicationManager.handleUnderReplicatedContainer(LegacyReplicationManager.java:1192)
	at org.apache.hadoop.hdds.scm.container.replication.LegacyReplicationManager.processContainer(LegacyReplicationManager.java:539)
	at org.apache.hadoop.hdds.scm.container.replication.ReplicationManager.processAll(ReplicationManager.java:306)
	at org.apache.hadoop.hdds.scm.container.replication.ReplicationManager.run(ReplicationManager.java:504)
	at java.lang.Thread.run(Thread.java:750)
2022-10-08 01:33:36,302 [ReplicationMonitor] INFO  replication.ReplicationManager (ReplicationManager.java:processAll(324)) - Replication Monitor Thread took 1 milliseconds for processing 1 containers.
2022-10-08 01:33:36,324 [Listener at 127.0.0.1/33489] INFO  statemachine.DatanodeStateMachine (DatanodeStateMachine.java:stopDaemon(580)) - Ozone container server stopped.
2022-10-08 01:33:36,325 [ForkJoinPool.commonPool-worker-0] INFO  statemachine.DatanodeStateMachine (DatanodeStateMachine.java:stopDaemon(580)) - Ozone container server stopped.
2022-10-08 01:33:36,397 [Listener at 127.0.0.1/33489] INFO  handler.ContextHandler (ContextHandler.java:doStop(1153)) - Stopped o.e.j.w.WebAppContext@12dbe881{hddsDatanode,/,null,STOPPED}{jar:file:/home/runner/.m2/repository/org/apache/ozone/hdds-container-service/1.3.0-SNAPSHOT/hdds-container-service-1.3.0-SNAPSHOT.jar!/webapps/hddsDatanode}
2022-10-08 01:33:36,397 [ForkJoinPool.commonPool-worker-0] INFO  handler.ContextHandler (ContextHandler.java:doStop(1153)) - Stopped o.e.j.w.WebAppContext@96745ab{hddsDatanode,/,null,STOPPED}{jar:file:/home/runner/.m2/repository/org/apache/ozone/hdds-container-service/1.3.0-SNAPSHOT/hdds-container-service-1.3.0-SNAPSHOT.jar!/webapps/hddsDatanode}
2022-10-08 01:33:36,398 [ForkJoinPool.commonPool-worker-0] INFO  server.AbstractConnector (AbstractConnector.java:doStop(381)) - Stopped ServerConnector@681af35c{HTTP/1.1, (http/1.1)}{0.0.0.0:0}
2022-10-08 01:33:36,398 [ForkJoinPool.commonPool-worker-0] INFO  server.session (HouseKeeper.java:stopScavenging(149)) - node0 Stopped scavenging
2022-10-08 01:33:36,420 [Listener at 127.0.0.1/33489] INFO  server.AbstractConnector (AbstractConnector.java:doStop(381)) - Stopped ServerConnector@1a15c490{HTTP/1.1, (http/1.1)}{0.0.0.0:0}
2022-10-08 01:33:36,420 [Listener at 127.0.0.1/33489] INFO  server.session (HouseKeeper.java:stopScavenging(149)) - node0 Stopped scavenging
2022-10-08 01:33:36,420 [Listener at 127.0.0.1/33489] INFO  handler.ContextHandler (ContextHandler.java:doStop(1153)) - Stopped o.e.j.s.ServletContextHandler@5c5be3a9{static,/static,jar:file:/home/runner/.m2/repository/org/apache/ozone/hdds-container-service/1.3.0-SNAPSHOT/hdds-container-service-1.3.0-SNAPSHOT.jar!/webapps/static,STOPPED}
2022-10-08 01:33:36,420 [Listener at 127.0.0.1/33489] INFO  handler.ContextHandler (ContextHandler.java:doStop(1153)) - Stopped o.e.j.s.ServletContextHandler@7a909aae{logs,/logs,file:///home/runner/work/ozone/ozone/hadoop-ozone/integration-test/target/log,STOPPED}
2022-10-08 01:33:36,421 [ForkJoinPool.commonPool-worker-0] INFO  handler.ContextHandler (ContextHandler.java:doStop(1153)) - Stopped o.e.j.s.ServletContextHandler@168bf460{static,/static,jar:file:/home/runner/.m2/repository/org/apache/ozone/hdds-container-service/1.3.0-SNAPSHOT/hdds-container-service-1.3.0-SNAPSHOT.jar!/webapps/static,STOPPED}
2022-10-08 01:33:36,421 [ForkJoinPool.commonPool-worker-0] INFO  handler.ContextHandler (ContextHandler.java:doStop(1153)) - Stopped o.e.j.s.ServletContextHandler@1b7a0a14{logs,/logs,file:///home/runner/work/ozone/ozone/hadoop-ozone/integration-test/target/log,STOPPED}
2022-10-08 01:33:37,302 [ReplicationMonitor] ERROR scm.SCMCommonPlacementPolicy (SCMCommonPlacementPolicy.java:chooseDatanodesInternal(217)) - Not enough healthy nodes to allocate container. 2  datanodes required. Found 1
2022-10-08 01:33:37,302 [ReplicationMonitor] WARN  replication.LegacyReplicationManager (LegacyReplicationManager.java:handleUnderReplicatedContainer(1228)) - Exception while replicating container 1.
org.apache.hadoop.hdds.scm.exceptions.SCMException: Not enough healthy nodes to allocate container. 2  datanodes required. Found 1
	at org.apache.hadoop.hdds.scm.SCMCommonPlacementPolicy.chooseDatanodesInternal(SCMCommonPlacementPolicy.java:218)
	at org.apache.hadoop.hdds.scm.container.placement.algorithms.SCMContainerPlacementRandom.chooseDatanodesInternal(SCMContainerPlacementRandom.java:81)
	at org.apache.hadoop.hdds.scm.SCMCommonPlacementPolicy.chooseDatanodes(SCMCommonPlacementPolicy.java:175)
	at org.apache.hadoop.hdds.scm.SCMCommonPlacementPolicy.chooseDatanodes(SCMCommonPlacementPolicy.java:117)
	at org.apache.hadoop.hdds.scm.container.replication.LegacyReplicationManager.handleUnderReplicatedContainer(LegacyReplicationManager.java:1192)
	at org.apache.hadoop.hdds.scm.container.replication.LegacyReplicationManager.processContainer(LegacyReplicationManager.java:539)
	at org.apache.hadoop.hdds.scm.container.replication.ReplicationManager.processAll(ReplicationManager.java:306)
	at org.apache.hadoop.hdds.scm.container.replication.ReplicationManager.run(ReplicationManager.java:504)
	at java.lang.Thread.run(Thread.java:750)
2022-10-08 01:33:37,302 [ReplicationMonitor] INFO  replication.ReplicationManager (ReplicationManager.java:processAll(324)) - Replication Monitor Thread took 1 milliseconds for processing 1 containers.
2022-10-08 01:33:38,303 [ReplicationMonitor] ERROR scm.SCMCommonPlacementPolicy (SCMCommonPlacementPolicy.java:chooseDatanodesInternal(217)) - Not enough healthy nodes to allocate container. 2  datanodes required. Found 1
2022-10-08 01:33:38,303 [ReplicationMonitor] WARN  replication.LegacyReplicationManager (LegacyReplicationManager.java:handleUnderReplicatedContainer(1228)) - Exception while replicating container 1.
org.apache.hadoop.hdds.scm.exceptions.SCMException: Not enough healthy nodes to allocate container. 2  datanodes required. Found 1
	at org.apache.hadoop.hdds.scm.SCMCommonPlacementPolicy.chooseDatanodesInternal(SCMCommonPlacementPolicy.java:218)
	at org.apache.hadoop.hdds.scm.container.placement.algorithms.SCMContainerPlacementRandom.chooseDatanodesInternal(SCMContainerPlacementRandom.java:81)
	at org.apache.hadoop.hdds.scm.SCMCommonPlacementPolicy.chooseDatanodes(SCMCommonPlacementPolicy.java:175)
	at org.apache.hadoop.hdds.scm.SCMCommonPlacementPolicy.chooseDatanodes(SCMCommonPlacementPolicy.java:117)
	at org.apache.hadoop.hdds.scm.container.replication.LegacyReplicationManager.handleUnderReplicatedContainer(LegacyReplicationManager.java:1192)
	at org.apache.hadoop.hdds.scm.container.replication.LegacyReplicationManager.processContainer(LegacyReplicationManager.java:539)
	at org.apache.hadoop.hdds.scm.container.replication.ReplicationManager.processAll(ReplicationManager.java:306)
	at org.apache.hadoop.hdds.scm.container.replication.ReplicationManager.run(ReplicationManager.java:504)
	at java.lang.Thread.run(Thread.java:750)
2022-10-08 01:33:38,303 [ReplicationMonitor] INFO  replication.ReplicationManager (ReplicationManager.java:processAll(324)) - Replication Monitor Thread took 0 milliseconds for processing 1 containers.
2022-10-08 01:33:38,978 [EventQueue-StaleNodeForStaleNodeHandler] INFO  node.StaleNodeHandler (StaleNodeHandler.java:onMessage(59)) - Datanode 12424a6c-52f6-4db6-8b56-b88c559f85ca{ip: 10.1.0.61, host: fv-az180-867.g3pwtgv4ffyuhaixmbmm0kyh3d.gx.internal.cloudapp.net, ports: [REPLICATION=44871, RATIS=43799, RATIS_ADMIN=43799, RATIS_SERVER=43799, STANDALONE=38589], networkLocation: /default-rack, certSerialId: null, persistedOpState: IN_SERVICE, persistedOpStateExpiryEpochSec: 0} moved to stale state. Finalizing its pipelines [PipelineID=18303d81-e3d8-4f30-b981-f1747b566097]
2022-10-08 01:33:38,979 [EventQueue-StaleNodeForStaleNodeHandler] INFO  pipeline.PipelineManagerImpl (PipelineManagerImpl.java:closePipeline(442)) - Pipeline Pipeline[ Id: 18303d81-e3d8-4f30-b981-f1747b566097, Nodes: 12424a6c-52f6-4db6-8b56-b88c559f85ca{ip: 10.1.0.61, host: fv-az180-867.g3pwtgv4ffyuhaixmbmm0kyh3d.gx.internal.cloudapp.net, ports: [REPLICATION=44871, RATIS=43799, RATIS_ADMIN=43799, RATIS_SERVER=43799, STANDALONE=38589], networkLocation: /default-rack, certSerialId: null, persistedOpState: IN_SERVICE, persistedOpStateExpiryEpochSec: 0}, ReplicationConfig: RATIS/ONE, State:OPEN, leaderId:12424a6c-52f6-4db6-8b56-b88c559f85ca, CreationTimestamp2022-10-08T01:32:57.824Z[Etc/UTC]] moved to CLOSED state
2022-10-08 01:33:38,979 [EventQueue-StaleNodeForStaleNodeHandler] INFO  node.StaleNodeHandler (StaleNodeHandler.java:onMessage(59)) - Datanode 12a173ea-bcad-49ed-951b-4ff1546d98a9{ip: 10.1.0.61, host: fv-az180-867.g3pwtgv4ffyuhaixmbmm0kyh3d.gx.internal.cloudapp.net, ports: [REPLICATION=42867, RATIS=41669, RATIS_ADMIN=41669, RATIS_SERVER=41669, STANDALONE=39883], networkLocation: /default-rack, certSerialId: null, persistedOpState: IN_SERVICE, persistedOpStateExpiryEpochSec: 0} moved to stale state. Finalizing its pipelines [PipelineID=815da0d8-dc70-4577-8bf3-a8b215c1f10e]
2022-10-08 01:33:38,979 [EventQueue-StaleNodeForStaleNodeHandler] INFO  pipeline.PipelineManagerImpl (PipelineManagerImpl.java:closePipeline(442)) - Pipeline Pipeline[ Id: 815da0d8-dc70-4577-8bf3-a8b215c1f10e, Nodes: 12a173ea-bcad-49ed-951b-4ff1546d98a9{ip: 10.1.0.61, host: fv-az180-867.g3pwtgv4ffyuhaixmbmm0kyh3d.gx.internal.cloudapp.net, ports: [REPLICATION=42867, RATIS=41669, RATIS_ADMIN=41669, RATIS_SERVER=41669, STANDALONE=39883], networkLocation: /default-rack, certSerialId: null, persistedOpState: IN_SERVICE, persistedOpStateExpiryEpochSec: 0}, ReplicationConfig: RATIS/ONE, State:OPEN, leaderId:12a173ea-bcad-49ed-951b-4ff1546d98a9, CreationTimestamp2022-10-08T01:32:56.763Z[Etc/UTC]] moved to CLOSED state
2022-10-08 01:33:39,304 [ReplicationMonitor] WARN  replication.LegacyReplicationManager (LegacyReplicationManager.java:handleUnderReplicatedContainer(1224)) - Cannot replicate container #1, no healthy replica found.
2022-10-08 01:33:39,304 [ReplicationMonitor] INFO  replication.ReplicationManager (ReplicationManager.java:processAll(324)) - Replication Monitor Thread took 1 milliseconds for processing 1 containers.
2022-10-08 01:33:40,304 [ReplicationMonitor] WARN  replication.LegacyReplicationManager (LegacyReplicationManager.java:handleUnderReplicatedContainer(1224)) - Cannot replicate container #1, no healthy replica found.
2022-10-08 01:33:40,304 [ReplicationMonitor] INFO  replication.ReplicationManager (ReplicationManager.java:processAll(324)) - Replication Monitor Thread took 0 milliseconds for processing 1 containers.
2022-10-08 01:33:41,305 [ReplicationMonitor] WARN  replication.LegacyReplicationManager (LegacyReplicationManager.java:handleUnderReplicatedContainer(1224)) - Cannot replicate container #1, no healthy replica found.
2022-10-08 01:33:41,305 [ReplicationMonitor] INFO  replication.ReplicationManager (ReplicationManager.java:processAll(324)) - Replication Monitor Thread took 0 milliseconds for processing 1 containers.
2022-10-08 01:33:41,425 [ForkJoinPool.commonPool-worker-0] INFO  ozoneimpl.OzoneContainer (OzoneContainer.java:stop(400)) - Attempting to stop container services.
2022-10-08 01:33:41,426 [ForkJoinPool.commonPool-worker-0] INFO  server.RaftServer (RaftServerProxy.java:lambda$close$7(398)) - 12424a6c-52f6-4db6-8b56-b88c559f85ca: close
2022-10-08 01:33:41,426 [ForkJoinPool.commonPool-worker-0] INFO  server.RaftServer$Division (RaftServerImpl.java:lambda$close$4(434)) - 12424a6c-52f6-4db6-8b56-b88c559f85ca@group-F1747B566097: shutdown
2022-10-08 01:33:41,427 [ForkJoinPool.commonPool-worker-0] INFO  util.JmxRegister (JmxRegister.java:unregister(73)) - Successfully un-registered JMX Bean with object name Ratis:service=RaftServer,group=group-F1747B566097,id=12424a6c-52f6-4db6-8b56-b88c559f85ca
2022-10-08 01:33:41,427 [ForkJoinPool.commonPool-worker-0] INFO  impl.RoleInfo (RoleInfo.java:shutdownLeaderState(93)) - 12424a6c-52f6-4db6-8b56-b88c559f85ca: shutdown 12424a6c-52f6-4db6-8b56-b88c559f85ca@group-F1747B566097-LeaderStateImpl
2022-10-08 01:33:41,427 [ForkJoinPool.commonPool-worker-0] INFO  impl.PendingRequests (PendingRequests.java:sendNotLeaderResponses(282)) - 12424a6c-52f6-4db6-8b56-b88c559f85ca@group-F1747B566097-PendingRequests: sendNotLeaderResponses
2022-10-08 01:33:41,427 [ForkJoinPool.commonPool-worker-0] INFO  impl.StateMachineUpdater (StateMachineUpdater.java:stopAndJoin(153)) - 12424a6c-52f6-4db6-8b56-b88c559f85ca@group-F1747B566097-StateMachineUpdater: set stopIndex = 0
2022-10-08 01:33:41,428 [12424a6c-52f6-4db6-8b56-b88c559f85ca@group-F1747B566097-StateMachineUpdater] INFO  ratis.ContainerStateMachine (ContainerStateMachine.java:takeSnapshot(304)) - group-F1747B566097: Taking a snapshot at:(t:1, i:0) file /home/runner/work/ozone/ozone/hadoop-ozone/integration-test/target/test-dir/MiniOzoneClusterImpl-b5c1db78-dac0-44d3-8f11-3a92d2c44f5f/datanode-4/data/ratis/18303d81-e3d8-4f30-b981-f1747b566097/sm/snapshot.1_0
2022-10-08 01:33:41,440 [12424a6c-52f6-4db6-8b56-b88c559f85ca@group-F1747B566097-StateMachineUpdater] INFO  ratis.ContainerStateMachine (ContainerStateMachine.java:takeSnapshot(315)) - group-F1747B566097: Finished taking a snapshot at:(t:1, i:0) file:/home/runner/work/ozone/ozone/hadoop-ozone/integration-test/target/test-dir/MiniOzoneClusterImpl-b5c1db78-dac0-44d3-8f11-3a92d2c44f5f/datanode-4/data/ratis/18303d81-e3d8-4f30-b981-f1747b566097/sm/snapshot.1_0 took: 12 ms
2022-10-08 01:33:41,440 [12424a6c-52f6-4db6-8b56-b88c559f85ca@group-F1747B566097-StateMachineUpdater] INFO  impl.StateMachineUpdater (StateMachineUpdater.java:takeSnapshot(287)) - 12424a6c-52f6-4db6-8b56-b88c559f85ca@group-F1747B566097-StateMachineUpdater: Took a snapshot at index 0
2022-10-08 01:33:41,440 [12424a6c-52f6-4db6-8b56-b88c559f85ca@group-F1747B566097-StateMachineUpdater] INFO  impl.StateMachineUpdater (StateMachineUpdater.java:lambda$new$0(92)) - 12424a6c-52f6-4db6-8b56-b88c559f85ca@group-F1747B566097-StateMachineUpdater: snapshotIndex: updateIncreasingly -1 -> 0
2022-10-08 01:33:41,441 [ForkJoinPool.commonPool-worker-0] INFO  server.RaftServer$Division (ServerState.java:close(429)) - 12424a6c-52f6-4db6-8b56-b88c559f85ca@group-F1747B566097: closes. applyIndex: 0
2022-10-08 01:33:41,441 [12424a6c-52f6-4db6-8b56-b88c559f85ca@group-F1747B566097-SegmentedRaftLogWorker] INFO  segmented.SegmentedRaftLogWorker (SegmentedRaftLogWorker.java:run(336)) - 12424a6c-52f6-4db6-8b56-b88c559f85ca@group-F1747B566097-SegmentedRaftLogWorker was interrupted, exiting. There are 0 tasks remaining in the queue.
2022-10-08 01:33:41,441 [ForkJoinPool.commonPool-worker-0] INFO  segmented.SegmentedRaftLogWorker (SegmentedRaftLogWorker.java:close(246)) - 12424a6c-52f6-4db6-8b56-b88c559f85ca@group-F1747B566097-SegmentedRaftLogWorker close()
2022-10-08 01:33:41,446 [ForkJoinPool.commonPool-worker-0] INFO  server.GrpcService (GrpcService.java:closeImpl(269)) - 12424a6c-52f6-4db6-8b56-b88c559f85ca: shutdown server with port 43799 now
2022-10-08 01:33:41,446 [ForkJoinPool.commonPool-worker-0] INFO  server.GrpcService (GrpcService.java:closeImpl(278)) - 12424a6c-52f6-4db6-8b56-b88c559f85ca: shutdown server with port 43799 successfully
2022-10-08 01:33:41,446 [org.apache.ratis.util.JvmPauseMonitor$$Lambda$636/846962177@75417b53] INFO  util.JvmPauseMonitor (JvmPauseMonitor.java:run(109)) - JvmPauseMonitor-12424a6c-52f6-4db6-8b56-b88c559f85ca: Stopped
2022-10-08 01:33:41,452 [Listener at 127.0.0.1/33489] INFO  ozoneimpl.OzoneContainer (OzoneContainer.java:stop(400)) - Attempting to stop container services.
2022-10-08 01:33:41,453 [Listener at 127.0.0.1/33489] INFO  server.RaftServer (RaftServerProxy.java:lambda$close$7(398)) - 12a173ea-bcad-49ed-951b-4ff1546d98a9: close
2022-10-08 01:33:41,453 [Listener at 127.0.0.1/33489] INFO  server.RaftServer$Division (RaftServerImpl.java:lambda$close$4(434)) - 12a173ea-bcad-49ed-951b-4ff1546d98a9@group-A8B215C1F10E: shutdown
2022-10-08 01:33:41,453 [Listener at 127.0.0.1/33489] INFO  util.JmxRegister (JmxRegister.java:unregister(73)) - Successfully un-registered JMX Bean with object name Ratis:service=RaftServer,group=group-A8B215C1F10E,id=12a173ea-bcad-49ed-951b-4ff1546d98a9
2022-10-08 01:33:41,453 [Listener at 127.0.0.1/33489] INFO  impl.RoleInfo (RoleInfo.java:shutdownLeaderState(93)) - 12a173ea-bcad-49ed-951b-4ff1546d98a9: shutdown 12a173ea-bcad-49ed-951b-4ff1546d98a9@group-A8B215C1F10E-LeaderStateImpl
2022-10-08 01:33:41,453 [Listener at 127.0.0.1/33489] INFO  impl.PendingRequests (PendingRequests.java:sendNotLeaderResponses(282)) - 12a173ea-bcad-49ed-951b-4ff1546d98a9@group-A8B215C1F10E-PendingRequests: sendNotLeaderResponses
2022-10-08 01:33:41,454 [Listener at 127.0.0.1/33489] INFO  impl.StateMachineUpdater (StateMachineUpdater.java:stopAndJoin(153)) - 12a173ea-bcad-49ed-951b-4ff1546d98a9@group-A8B215C1F10E-StateMachineUpdater: set stopIndex = 0
2022-10-08 01:33:41,454 [12a173ea-bcad-49ed-951b-4ff1546d98a9@group-A8B215C1F10E-StateMachineUpdater] INFO  ratis.ContainerStateMachine (ContainerStateMachine.java:takeSnapshot(304)) - group-A8B215C1F10E: Taking a snapshot at:(t:1, i:0) file /home/runner/work/ozone/ozone/hadoop-ozone/integration-test/target/test-dir/MiniOzoneClusterImpl-b5c1db78-dac0-44d3-8f11-3a92d2c44f5f/datanode-3/data/ratis/815da0d8-dc70-4577-8bf3-a8b215c1f10e/sm/snapshot.1_0
2022-10-08 01:33:41,460 [12a173ea-bcad-49ed-951b-4ff1546d98a9@group-A8B215C1F10E-StateMachineUpdater] INFO  ratis.ContainerStateMachine (ContainerStateMachine.java:takeSnapshot(315)) - group-A8B215C1F10E: Finished taking a snapshot at:(t:1, i:0) file:/home/runner/work/ozone/ozone/hadoop-ozone/integration-test/target/test-dir/MiniOzoneClusterImpl-b5c1db78-dac0-44d3-8f11-3a92d2c44f5f/datanode-3/data/ratis/815da0d8-dc70-4577-8bf3-a8b215c1f10e/sm/snapshot.1_0 took: 7 ms
2022-10-08 01:33:41,461 [12a173ea-bcad-49ed-951b-4ff1546d98a9@group-A8B215C1F10E-StateMachineUpdater] INFO  impl.StateMachineUpdater (StateMachineUpdater.java:takeSnapshot(287)) - 12a173ea-bcad-49ed-951b-4ff1546d98a9@group-A8B215C1F10E-StateMachineUpdater: Took a snapshot at index 0
2022-10-08 01:33:41,461 [12a173ea-bcad-49ed-951b-4ff1546d98a9@group-A8B215C1F10E-StateMachineUpdater] INFO  impl.StateMachineUpdater (StateMachineUpdater.java:lambda$new$0(92)) - 12a173ea-bcad-49ed-951b-4ff1546d98a9@group-A8B215C1F10E-StateMachineUpdater: snapshotIndex: updateIncreasingly -1 -> 0
2022-10-08 01:33:41,461 [Listener at 127.0.0.1/33489] INFO  server.RaftServer$Division (ServerState.java:close(429)) - 12a173ea-bcad-49ed-951b-4ff1546d98a9@group-A8B215C1F10E: closes. applyIndex: 0
2022-10-08 01:33:41,461 [12a173ea-bcad-49ed-951b-4ff1546d98a9@group-A8B215C1F10E-SegmentedRaftLogWorker] INFO  segmented.SegmentedRaftLogWorker (SegmentedRaftLogWorker.java:run(336)) - 12a173ea-bcad-49ed-951b-4ff1546d98a9@group-A8B215C1F10E-SegmentedRaftLogWorker was interrupted, exiting. There are 0 tasks remaining in the queue.
2022-10-08 01:33:41,461 [Listener at 127.0.0.1/33489] INFO  segmented.SegmentedRaftLogWorker (SegmentedRaftLogWorker.java:close(246)) - 12a173ea-bcad-49ed-951b-4ff1546d98a9@group-A8B215C1F10E-SegmentedRaftLogWorker close()
2022-10-08 01:33:41,463 [Listener at 127.0.0.1/33489] INFO  server.GrpcService (GrpcService.java:closeImpl(269)) - 12a173ea-bcad-49ed-951b-4ff1546d98a9: shutdown server with port 41669 now
2022-10-08 01:33:41,463 [Listener at 127.0.0.1/33489] INFO  server.GrpcService (GrpcService.java:closeImpl(278)) - 12a173ea-bcad-49ed-951b-4ff1546d98a9: shutdown server with port 41669 successfully
2022-10-08 01:33:41,463 [org.apache.ratis.util.JvmPauseMonitor$$Lambda$636/846962177@763db3b4] INFO  util.JvmPauseMonitor (JvmPauseMonitor.java:run(109)) - JvmPauseMonitor-12a173ea-bcad-49ed-951b-4ff1546d98a9: Stopped
2022-10-08 01:33:41,984 [EventQueue-DeadNodeForDeadNodeHandler] INFO  node.DeadNodeHandler (DeadNodeHandler.java:onMessage(81)) - A dead datanode is detected. 12424a6c-52f6-4db6-8b56-b88c559f85ca{ip: 10.1.0.61, host: fv-az180-867.g3pwtgv4ffyuhaixmbmm0kyh3d.gx.internal.cloudapp.net, ports: [REPLICATION=44871, RATIS=43799, RATIS_ADMIN=43799, RATIS_SERVER=43799, STANDALONE=38589], networkLocation: /default-rack, certSerialId: null, persistedOpState: IN_SERVICE, persistedOpStateExpiryEpochSec: 0}
2022-10-08 01:33:41,984 [EventQueue-DeadNodeForDeadNodeHandler] INFO  pipeline.RatisPipelineProvider (RatisPipelineProvider.java:lambda$close$1(244)) - Send pipeline:PipelineID=18303d81-e3d8-4f30-b981-f1747b566097 close command to datanode 12424a6c-52f6-4db6-8b56-b88c559f85ca
2022-10-08 01:33:41,985 [EventQueue-DeadNodeForDeadNodeHandler] INFO  pipeline.PipelineStateManagerImpl (PipelineStateManagerImpl.java:removePipeline(245)) - Pipeline Pipeline[ Id: 18303d81-e3d8-4f30-b981-f1747b566097, Nodes: 12424a6c-52f6-4db6-8b56-b88c559f85ca{ip: 10.1.0.61, host: fv-az180-867.g3pwtgv4ffyuhaixmbmm0kyh3d.gx.internal.cloudapp.net, ports: [REPLICATION=44871, RATIS=43799, RATIS_ADMIN=43799, RATIS_SERVER=43799, STANDALONE=38589], networkLocation: /default-rack, certSerialId: null, persistedOpState: IN_SERVICE, persistedOpStateExpiryEpochSec: 0}, ReplicationConfig: RATIS/ONE, State:CLOSED, leaderId:12424a6c-52f6-4db6-8b56-b88c559f85ca, CreationTimestamp2022-10-08T01:32:57.824Z[Etc/UTC]] removed.
2022-10-08 01:33:41,985 [EventQueue-DeadNodeForDeadNodeHandler] INFO  net.NetworkTopologyImpl (NetworkTopologyImpl.java:remove(190)) - Removed a node: /default-rack/12424a6c-52f6-4db6-8b56-b88c559f85ca
2022-10-08 01:33:41,985 [EventQueue-DeadNodeForDeadNodeHandler] INFO  node.DeadNodeHandler (DeadNodeHandler.java:onMessage(81)) - A dead datanode is detected. 12a173ea-bcad-49ed-951b-4ff1546d98a9{ip: 10.1.0.61, host: fv-az180-867.g3pwtgv4ffyuhaixmbmm0kyh3d.gx.internal.cloudapp.net, ports: [REPLICATION=42867, RATIS=41669, RATIS_ADMIN=41669, RATIS_SERVER=41669, STANDALONE=39883], networkLocation: /default-rack, certSerialId: null, persistedOpState: IN_SERVICE, persistedOpStateExpiryEpochSec: 0}
2022-10-08 01:33:41,985 [EventQueue-DeadNodeForDeadNodeHandler] INFO  pipeline.RatisPipelineProvider (RatisPipelineProvider.java:lambda$close$1(244)) - Send pipeline:PipelineID=815da0d8-dc70-4577-8bf3-a8b215c1f10e close command to datanode 12a173ea-bcad-49ed-951b-4ff1546d98a9
2022-10-08 01:33:41,986 [EventQueue-DeadNodeForDeadNodeHandler] INFO  pipeline.PipelineStateManagerImpl (PipelineStateManagerImpl.java:removePipeline(245)) - Pipeline Pipeline[ Id: 815da0d8-dc70-4577-8bf3-a8b215c1f10e, Nodes: 12a173ea-bcad-49ed-951b-4ff1546d98a9{ip: 10.1.0.61, host: fv-az180-867.g3pwtgv4ffyuhaixmbmm0kyh3d.gx.internal.cloudapp.net, ports: [REPLICATION=42867, RATIS=41669, RATIS_ADMIN=41669, RATIS_SERVER=41669, STANDALONE=39883], networkLocation: /default-rack, certSerialId: null, persistedOpState: IN_SERVICE, persistedOpStateExpiryEpochSec: 0}, ReplicationConfig: RATIS/ONE, State:CLOSED, leaderId:12a173ea-bcad-49ed-951b-4ff1546d98a9, CreationTimestamp2022-10-08T01:32:56.763Z[Etc/UTC]] removed.
2022-10-08 01:33:41,986 [EventQueue-DeadNodeForDeadNodeHandler] INFO  net.NetworkTopologyImpl (NetworkTopologyImpl.java:remove(190)) - Removed a node: /default-rack/12a173ea-bcad-49ed-951b-4ff1546d98a9
2022-10-08 01:33:42,305 [ReplicationMonitor] WARN  replication.LegacyReplicationManager (LegacyReplicationManager.java:handleUnderReplicatedContainer(1224)) - Cannot replicate container #1, no healthy replica found.
2022-10-08 01:33:42,305 [ReplicationMonitor] INFO  replication.ReplicationManager (ReplicationManager.java:processAll(324)) - Replication Monitor Thread took 0 milliseconds for processing 1 containers.
2022-10-08 01:33:43,306 [ReplicationMonitor] WARN  replication.LegacyReplicationManager (LegacyReplicationManager.java:handleUnderReplicatedContainer(1224)) - Cannot replicate container #1, no healthy replica found.
2022-10-08 01:33:43,306 [ReplicationMonitor] INFO  replication.ReplicationManager (ReplicationManager.java:processAll(324)) - Replication Monitor Thread took 1 milliseconds for processing 1 containers.
2022-10-08 01:33:43,512 [Listener at 127.0.0.1/33489] INFO  utils.BackgroundService (BackgroundService.java:shutdown(141)) - Shutting down service BlockDeletingService
2022-10-08 01:33:43,517 [ForkJoinPool.commonPool-worker-0] INFO  utils.BackgroundService (BackgroundService.java:shutdown(141)) - Shutting down service BlockDeletingService
2022-10-08 01:33:43,528 [Listener at 127.0.0.1/33489] INFO  utils.BackgroundService (BackgroundService.java:shutdown(141)) - Shutting down service StaleRecoveringContainerScrubbingService
2022-10-08 01:33:43,528 [ForkJoinPool.commonPool-worker-0] INFO  utils.BackgroundService (BackgroundService.java:shutdown(141)) - Shutting down service StaleRecoveringContainerScrubbingService
2022-10-08 01:33:44,306 [ReplicationMonitor] WARN  replication.LegacyReplicationManager (LegacyReplicationManager.java:handleUnderReplicatedContainer(1224)) - Cannot replicate container #1, no healthy replica found.
2022-10-08 01:33:44,306 [ReplicationMonitor] INFO  replication.ReplicationManager (ReplicationManager.java:processAll(324)) - Replication Monitor Thread took 0 milliseconds for processing 1 containers.
2022-10-08 01:33:45,257 [Under Replicated Processor] INFO  replication.UnderReplicatedProcessor (UnderReplicatedProcessor.java:processAll(92)) - Processed 0 under replicated containers, failed processing 0
2022-10-08 01:33:45,279 [Over Replicated Processor] INFO  replication.OverReplicatedProcessor (OverReplicatedProcessor.java:processAll(90)) - Processed 0 over replicated containers, failed processing 0
2022-10-08 01:33:45,307 [ReplicationMonitor] WARN  replication.LegacyReplicationManager (LegacyReplicationManager.java:handleUnderReplicatedContainer(1224)) - Cannot replicate container #1, no healthy replica found.
2022-10-08 01:33:45,307 [ReplicationMonitor] INFO  replication.ReplicationManager (ReplicationManager.java:processAll(324)) - Replication Monitor Thread took 1 milliseconds for processing 1 containers.
2022-10-08 01:33:46,307 [ReplicationMonitor] WARN  replication.LegacyReplicationManager (LegacyReplicationManager.java:handleUnderReplicatedContainer(1224)) - Cannot replicate container #1, no healthy replica found.
2022-10-08 01:33:46,307 [ReplicationMonitor] INFO  replication.ReplicationManager (ReplicationManager.java:processAll(324)) - Replication Monitor Thread took 0 milliseconds for processing 1 containers.
2022-10-08 01:33:46,540 [ForkJoinPool.commonPool-worker-0] INFO  statemachine.DatanodeStateMachine (DatanodeStateMachine.java:stopDaemon(580)) - Ozone container server stopped.
2022-10-08 01:33:46,560 [Listener at 127.0.0.1/33489] INFO  statemachine.DatanodeStateMachine (DatanodeStateMachine.java:stopDaemon(580)) - Ozone container server stopped.
2022-10-08 01:33:46,609 [Listener at 127.0.0.1/33489] INFO  handler.ContextHandler (ContextHandler.java:doStop(1153)) - Stopped o.e.j.w.WebAppContext@1617ff0{hddsDatanode,/,null,STOPPED}{jar:file:/home/runner/.m2/repository/org/apache/ozone/hdds-container-service/1.3.0-SNAPSHOT/hdds-container-service-1.3.0-SNAPSHOT.jar!/webapps/hddsDatanode}
2022-10-08 01:33:46,612 [Listener at 127.0.0.1/33489] INFO  server.AbstractConnector (AbstractConnector.java:doStop(381)) - Stopped ServerConnector@406cc31{HTTP/1.1, (http/1.1)}{0.0.0.0:0}
2022-10-08 01:33:46,612 [Listener at 127.0.0.1/33489] INFO  server.session (HouseKeeper.java:stopScavenging(149)) - node0 Stopped scavenging
2022-10-08 01:33:46,612 [Listener at 127.0.0.1/33489] INFO  handler.ContextHandler (ContextHandler.java:doStop(1153)) - Stopped o.e.j.s.ServletContextHandler@7a13bc3f{static,/static,jar:file:/home/runner/.m2/repository/org/apache/ozone/hdds-container-service/1.3.0-SNAPSHOT/hdds-container-service-1.3.0-SNAPSHOT.jar!/webapps/static,STOPPED}
2022-10-08 01:33:46,612 [Listener at 127.0.0.1/33489] INFO  handler.ContextHandler (ContextHandler.java:doStop(1153)) - Stopped o.e.j.s.ServletContextHandler@62b84c57{logs,/logs,file:///home/runner/work/ozone/ozone/hadoop-ozone/integration-test/target/log,STOPPED}
2022-10-08 01:33:46,640 [ForkJoinPool.commonPool-worker-0] INFO  handler.ContextHandler (ContextHandler.java:doStop(1153)) - Stopped o.e.j.w.WebAppContext@5b561afe{hddsDatanode,/,null,STOPPED}{jar:file:/home/runner/.m2/repository/org/apache/ozone/hdds-container-service/1.3.0-SNAPSHOT/hdds-container-service-1.3.0-SNAPSHOT.jar!/webapps/hddsDatanode}
2022-10-08 01:33:46,640 [ForkJoinPool.commonPool-worker-0] INFO  server.AbstractConnector (AbstractConnector.java:doStop(381)) - Stopped ServerConnector@c4ec4b4{HTTP/1.1, (http/1.1)}{0.0.0.0:0}
2022-10-08 01:33:46,640 [ForkJoinPool.commonPool-worker-0] INFO  server.session (HouseKeeper.java:stopScavenging(149)) - node0 Stopped scavenging
2022-10-08 01:33:46,641 [ForkJoinPool.commonPool-worker-0] INFO  handler.ContextHandler (ContextHandler.java:doStop(1153)) - Stopped o.e.j.s.ServletContextHandler@64717205{static,/static,jar:file:/home/runner/.m2/repository/org/apache/ozone/hdds-container-service/1.3.0-SNAPSHOT/hdds-container-service-1.3.0-SNAPSHOT.jar!/webapps/static,STOPPED}
2022-10-08 01:33:46,641 [ForkJoinPool.commonPool-worker-0] INFO  handler.ContextHandler (ContextHandler.java:doStop(1153)) - Stopped o.e.j.s.ServletContextHandler@1d36548{logs,/logs,file:///home/runner/work/ozone/ozone/hadoop-ozone/integration-test/target/log,STOPPED}
2022-10-08 01:33:46,642 [Listener at 127.0.0.1/33489] INFO  ozone.MiniOzoneClusterImpl (MiniOzoneClusterImpl.java:stopSCM(537)) - Stopping the StorageContainerManager
2022-10-08 01:33:46,642 [Listener at 127.0.0.1/33489] INFO  server.StorageContainerManager (StorageContainerManager.java:stop(1528)) - Container Balancer is not running.
2022-10-08 01:33:46,642 [Listener at 127.0.0.1/33489] INFO  server.StorageContainerManager (StorageContainerManager.java:stop(1535)) - Stopping Replication Manager Service.
2022-10-08 01:33:46,643 [Listener at 127.0.0.1/33489] INFO  replication.ReplicationManager (ReplicationManager.java:stop(257)) - Stopping Replication Monitor Thread.
2022-10-08 01:33:46,643 [Listener at 127.0.0.1/33489] INFO  server.StorageContainerManager (StorageContainerManager.java:stop(1542)) - Stopping the Datanode Admin Monitor.
2022-10-08 01:33:46,643 [Under Replicated Processor] WARN  replication.UnderReplicatedProcessor (UnderReplicatedProcessor.java:run(148)) - Under Replicated Processor interrupted. Exiting...
2022-10-08 01:33:46,643 [ReplicationMonitor] INFO  replication.ReplicationManager (ReplicationManager.java:run(509)) - Replication Monitor Thread is stopped
2022-10-08 01:33:46,643 [Over Replicated Processor] WARN  replication.OverReplicatedProcessor (OverReplicatedProcessor.java:run(137)) - Over Replicated Processor interrupted. Exiting...
2022-10-08 01:33:46,643 [Listener at 127.0.0.1/33489] INFO  server.StorageContainerManager (StorageContainerManager.java:stop(1549)) - Stopping Lease Manager of the command watchers
2022-10-08 01:33:46,643 [Listener at 127.0.0.1/33489] INFO  server.StorageContainerManager (StorageContainerManager.java:stop(1556)) - Stopping datanode service RPC server
2022-10-08 01:33:46,643 [Listener at 127.0.0.1/33489] INFO  server.SCMDatanodeProtocolServer (SCMDatanodeProtocolServer.java:stop(414)) - Stopping the RPC server for DataNodes
2022-10-08 01:33:46,643 [Listener at 127.0.0.1/33489] INFO  ipc.Server (Server.java:stop(3414)) - Stopping server on 40177
2022-10-08 01:33:46,648 [IPC Server Responder] INFO  ipc.Server (Server.java:run(1512)) - Stopping IPC Server Responder
2022-10-08 01:33:46,648 [IPC Server listener on 0] INFO  ipc.Server (Server.java:run(1376)) - Stopping IPC Server listener on 0
2022-10-08 01:33:46,740 [SCM Heartbeat Processing Thread - 0] WARN  node.NodeStateManager (NodeStateManager.java:scheduleNextHealthCheck(870)) - Current Thread is interrupted, shutting down HB processing thread for Node Manager.
2022-10-08 01:33:46,740 [Listener at 127.0.0.1/33489] INFO  server.StorageContainerManager (StorageContainerManager.java:stop(1564)) - Stopping block service RPC server
2022-10-08 01:33:46,741 [Listener at 127.0.0.1/33489] INFO  server.SCMBlockProtocolServer (SCMBlockProtocolServer.java:stop(161)) - Stopping the RPC server for Block Protocol
2022-10-08 01:33:46,741 [Listener at 127.0.0.1/33489] INFO  ipc.Server (Server.java:stop(3414)) - Stopping server on 45375
2022-10-08 01:33:46,742 [IPC Server Responder] INFO  ipc.Server (Server.java:run(1512)) - Stopping IPC Server Responder
2022-10-08 01:33:46,742 [Listener at 127.0.0.1/33489] INFO  server.StorageContainerManager (StorageContainerManager.java:stop(1571)) - Stopping the StorageContainerLocationProtocol RPC server
2022-10-08 01:33:46,742 [Listener at 127.0.0.1/33489] INFO  server.SCMClientProtocolServer (SCMClientProtocolServer.java:stop(179)) - Stopping the RPC server for Client Protocol
2022-10-08 01:33:46,742 [Listener at 127.0.0.1/33489] INFO  ipc.Server (Server.java:stop(3414)) - Stopping server on 43391
2022-10-08 01:33:46,742 [IPC Server listener on 0] INFO  ipc.Server (Server.java:run(1376)) - Stopping IPC Server listener on 0
2022-10-08 01:33:46,772 [Listener at 127.0.0.1/33489] INFO  server.StorageContainerManager (StorageContainerManager.java:stop(1578)) - Stopping Storage Container Manager HTTP server.
2022-10-08 01:33:46,773 [Listener at 127.0.0.1/33489] INFO  handler.ContextHandler (ContextHandler.java:doStop(1153)) - Stopped o.e.j.w.WebAppContext@63df585e{scm,/,null,STOPPED}{file:/home/runner/work/ozone/ozone/hadoop-ozone/integration-test/target/test-classes/webapps/scm}
2022-10-08 01:33:46,773 [IPC Server listener on 0] INFO  ipc.Server (Server.java:run(1376)) - Stopping IPC Server listener on 0
2022-10-08 01:33:46,773 [Listener at 127.0.0.1/33489] INFO  server.AbstractConnector (AbstractConnector.java:doStop(381)) - Stopped ServerConnector@48392de7{HTTP/1.1, (http/1.1)}{0.0.0.0:0}
2022-10-08 01:33:46,773 [Listener at 127.0.0.1/33489] INFO  server.session (HouseKeeper.java:stopScavenging(149)) - node0 Stopped scavenging
2022-10-08 01:33:46,774 [Listener at 127.0.0.1/33489] INFO  handler.ContextHandler (ContextHandler.java:doStop(1153)) - Stopped o.e.j.s.ServletContextHandler@79d92391{static,/static,file:///home/runner/work/ozone/ozone/hadoop-ozone/integration-test/target/test-classes/webapps/static,STOPPED}
2022-10-08 01:33:46,774 [Listener at 127.0.0.1/33489] INFO  handler.ContextHandler (ContextHandler.java:doStop(1153)) - Stopped o.e.j.s.ServletContextHandler@63e3d24b{logs,/logs,file:///home/runner/work/ozone/ozone/hadoop-ozone/integration-test/target/log,STOPPED}
2022-10-08 01:33:46,774 [Listener at 127.0.0.1/33489] INFO  server.StorageContainerManager (StorageContainerManager.java:stop(1584)) - Stopping SCM LayoutVersionManager Service.
2022-10-08 01:33:46,774 [Listener at 127.0.0.1/33489] INFO  server.StorageContainerManager (StorageContainerManager.java:stop(1592)) - Stopping Block Manager Service.
2022-10-08 01:33:46,775 [Listener at 127.0.0.1/33489] INFO  utils.BackgroundService (BackgroundService.java:shutdown(141)) - Shutting down service SCMBlockDeletingService
2022-10-08 01:33:46,776 [IPC Server Responder] INFO  ipc.Server (Server.java:run(1512)) - Stopping IPC Server Responder
2022-10-08 01:33:46,777 [Listener at 127.0.0.1/33489] INFO  utils.BackgroundService (BackgroundService.java:shutdown(141)) - Shutting down service SCMBlockDeletingService
2022-10-08 01:33:46,777 [Listener at 127.0.0.1/33489] INFO  server.StorageContainerManager (StorageContainerManager.java:stop(1619)) - Stopping SCM Event Queue.
2022-10-08 01:33:46,777 [Listener at 127.0.0.1/33489] INFO  server.StorageContainerManager (StorageContainerManager.java:stop(1630)) - Stopping SCM HA services.
2022-10-08 01:33:46,778 [Listener at 127.0.0.1/33489] INFO  pipeline.BackgroundPipelineCreator (BackgroundPipelineCreator.java:stop(149)) - Stopping RatisPipelineUtilsThread.
2022-10-08 01:33:46,778 [RatisPipelineUtilsThread - 0] WARN  pipeline.BackgroundPipelineCreator (BackgroundPipelineCreator.java:run(180)) - RatisPipelineUtilsThread is interrupted.
2022-10-08 01:33:46,778 [Listener at 127.0.0.1/33489] INFO  BackgroundPipelineScrubber (BackgroundSCMService.java:stop(131)) - Stopping BackgroundPipelineScrubber Service.
2022-10-08 01:33:46,778 [Listener at 127.0.0.1/33489] INFO  server.StorageContainerManager (StorageContainerManager.java:stop(1640)) - Stopping SCM MetadataStore.
2022-10-08 01:33:46,778 [BackgroundPipelineScrubberThread] WARN  BackgroundPipelineScrubber (BackgroundSCMService.java:run(115)) - BackgroundPipelineScrubber is interrupted, exit
2022-10-08 01:33:46,779 [Listener at 127.0.0.1/33489] INFO  impl.MetricsSystemImpl (MetricsSystemImpl.java:stop(210)) - Stopping HddsDatanode metrics system...
2022-10-08 01:33:46,824 [prometheus] INFO  impl.MetricsSinkAdapter (MetricsSinkAdapter.java:publishMetricsFromQueue(141)) - prometheus thread interrupted.
2022-10-08 01:33:46,825 [Listener at 127.0.0.1/33489] INFO  impl.MetricsSystemImpl (MetricsSystemImpl.java:stop(216)) - HddsDatanode metrics system stopped.
]]></system-out>
  </testcase>
  <testcase name="readAfterReplicationWithUnbuffering" classname="TestKeyInputStream" time="80.18">
    <system-out><![CDATA[2022-10-08 01:39:40,911 [d67d85fb-f556-421f-824a-4b9f68a177f7@group-544B07EA4D89-StateMachineUpdater] INFO  ratis.ContainerStateMachine (ContainerStateMachine.java:takeSnapshot(315)) - group-544B07EA4D89: Finished taking a snapshot at:(t:1, i:0) file:/home/runner/work/ozone/ozone/hadoop-ozone/integration-test/target/test-dir/MiniOzoneClusterImpl-5d0d2deb-5324-41ce-86fc-5a78a6428163/datanode-4/data/ratis/cc2a3127-9bff-4d77-8dea-544b07ea4d89/sm/snapshot.1_0 took: 16 ms
2022-10-08 01:39:40,912 [d67d85fb-f556-421f-824a-4b9f68a177f7@group-544B07EA4D89-StateMachineUpdater] INFO  impl.StateMachineUpdater (StateMachineUpdater.java:takeSnapshot(287)) - d67d85fb-f556-421f-824a-4b9f68a177f7@group-544B07EA4D89-StateMachineUpdater: Took a snapshot at index 0
2022-10-08 01:39:40,912 [d67d85fb-f556-421f-824a-4b9f68a177f7@group-544B07EA4D89-StateMachineUpdater] INFO  impl.StateMachineUpdater (StateMachineUpdater.java:lambda$new$0(92)) - d67d85fb-f556-421f-824a-4b9f68a177f7@group-544B07EA4D89-StateMachineUpdater: snapshotIndex: updateIncreasingly -1 -> 0
2022-10-08 01:39:40,914 [Listener at 127.0.0.1/42695] INFO  server.RaftServer$Division (ServerState.java:close(429)) - d67d85fb-f556-421f-824a-4b9f68a177f7@group-544B07EA4D89: closes. applyIndex: 0
2022-10-08 01:39:40,968 [d67d85fb-f556-421f-824a-4b9f68a177f7@group-544B07EA4D89-SegmentedRaftLogWorker] INFO  segmented.SegmentedRaftLogWorker (SegmentedRaftLogWorker.java:run(336)) - d67d85fb-f556-421f-824a-4b9f68a177f7@group-544B07EA4D89-SegmentedRaftLogWorker was interrupted, exiting. There are 0 tasks remaining in the queue.
2022-10-08 01:39:40,968 [Listener at 127.0.0.1/42695] INFO  segmented.SegmentedRaftLogWorker (SegmentedRaftLogWorker.java:close(246)) - d67d85fb-f556-421f-824a-4b9f68a177f7@group-544B07EA4D89-SegmentedRaftLogWorker close()
2022-10-08 01:39:40,984 [Listener at 127.0.0.1/42695] INFO  server.GrpcService (GrpcService.java:closeImpl(269)) - d67d85fb-f556-421f-824a-4b9f68a177f7: shutdown server with port 46031 now
2022-10-08 01:39:41,016 [Listener at 127.0.0.1/42695] INFO  server.GrpcService (GrpcService.java:closeImpl(278)) - d67d85fb-f556-421f-824a-4b9f68a177f7: shutdown server with port 46031 successfully
2022-10-08 01:39:41,016 [org.apache.ratis.util.JvmPauseMonitor$$Lambda$636/846962177@6a9e6ae7] INFO  util.JvmPauseMonitor (JvmPauseMonitor.java:run(109)) - JvmPauseMonitor-d67d85fb-f556-421f-824a-4b9f68a177f7: Stopped
2022-10-08 01:39:41,104 [Time-limited test] WARN  server.ServerUtils (ServerUtils.java:getScmDbDir(148)) - ozone.scm.db.dirs is not configured. We recommend adding this setting. Falling back to ozone.metadata.dirs instead.
2022-10-08 01:39:41,146 [Time-limited test] WARN  server.ServerUtils (ServerUtils.java:getScmDbDir(148)) - ozone.scm.db.dirs is not configured. We recommend adding this setting. Falling back to ozone.metadata.dirs instead.
2022-10-08 01:39:41,146 [Time-limited test] INFO  ha.SCMHANodeDetails (SCMHANodeDetails.java:loadSCMHAConfig(209)) - ServiceID for StorageContainerManager is null
2022-10-08 01:39:41,146 [Time-limited test] INFO  ha.SCMHANodeDetails (SCMHANodeDetails.java:loadSCMHAConfig(214)) - ozone.scm.default.service.id is not defined, falling back to ozone.scm.service.ids to find serviceID for StorageContainerManager if it is HA enabled cluster
2022-10-08 01:39:41,147 [Time-limited test] WARN  utils.HAUtils (HAUtils.java:getMetaDir(342)) - ozone.scm.db.dirs is not configured. We recommend adding this setting. Falling back to ozone.metadata.dirs instead.
2022-10-08 01:39:41,147 [Time-limited test] WARN  db.DBStoreBuilder (DBStoreBuilder.java:applyDBDefinition(144)) - ozone.scm.db.dirs is not configured. We recommend adding this setting. Falling back to ozone.metadata.dirs instead.
2022-10-08 01:39:41,501 [ReplicationMonitor] INFO  replication.ReplicationManager (ReplicationManager.java:processAll(324)) - Replication Monitor Thread took 1 milliseconds for processing 7 containers.
2022-10-08 01:39:41,849 [Time-limited test] INFO  net.NodeSchemaLoader (NodeSchemaLoader.java:loadSchemaFromFile(129)) - Loading schema from [jar:file:/home/runner/.m2/repository/org/apache/ozone/hdds-common/1.3.0-SNAPSHOT/hdds-common-1.3.0-SNAPSHOT.jar!/network-topology-default.xml]
2022-10-08 01:39:41,849 [Time-limited test] INFO  net.NodeSchemaLoader (NodeSchemaLoader.java:loadSchema(176)) - Loading network topology layer schema file
2022-10-08 01:39:41,908 [Time-limited test] WARN  impl.MetricRegistriesImpl (MetricRegistriesImpl.java:addReporterRegistration(111)) - New reporters are added after registries were created. Some metrics will be missing from the reporter. Please add reporter before adding any new registry.
2022-10-08 01:39:41,908 [Time-limited test] WARN  impl.MetricRegistriesImpl (MetricRegistriesImpl.java:addReporterRegistration(111)) - New reporters are added after registries were created. Some metrics will be missing from the reporter. Please add reporter before adding any new registry.
2022-10-08 01:39:41,908 [Time-limited test] INFO  upgrade.AbstractLayoutVersionManager (AbstractLayoutVersionManager.java:init(83)) - Initializing Layout version manager with metadata layout = DATANODE_SCHEMA_V3 (version = 4), software layout = DATANODE_SCHEMA_V3 (version = 4)
2022-10-08 01:39:42,132 [EventQueue-StaleNodeForStaleNodeHandler] INFO  node.StaleNodeHandler (StaleNodeHandler.java:onMessage(59)) - Datanode 0f1ac1f5-5b02-4bf5-a39e-40addf081f4e{ip: 10.1.0.61, host: fv-az180-867.g3pwtgv4ffyuhaixmbmm0kyh3d.gx.internal.cloudapp.net, ports: [REPLICATION=46597, RATIS=42591, RATIS_ADMIN=42591, RATIS_SERVER=42591, STANDALONE=36445], networkLocation: /default-rack, certSerialId: null, persistedOpState: IN_SERVICE, persistedOpStateExpiryEpochSec: 0} moved to stale state. Finalizing its pipelines [PipelineID=b680d0a1-a548-49d8-8f4e-dd873dc08aea]
2022-10-08 01:39:42,133 [EventQueue-StaleNodeForStaleNodeHandler] INFO  pipeline.PipelineManagerImpl (PipelineManagerImpl.java:closePipeline(442)) - Pipeline Pipeline[ Id: b680d0a1-a548-49d8-8f4e-dd873dc08aea, Nodes: 0f1ac1f5-5b02-4bf5-a39e-40addf081f4e{ip: 10.1.0.61, host: fv-az180-867.g3pwtgv4ffyuhaixmbmm0kyh3d.gx.internal.cloudapp.net, ports: [REPLICATION=46597, RATIS=42591, RATIS_ADMIN=42591, RATIS_SERVER=42591, STANDALONE=36445], networkLocation: /default-rack, certSerialId: null, persistedOpState: IN_SERVICE, persistedOpStateExpiryEpochSec: 0}, ReplicationConfig: RATIS/ONE, State:OPEN, leaderId:0f1ac1f5-5b02-4bf5-a39e-40addf081f4e, CreationTimestamp2022-10-08T01:34:55.812Z[Etc/UTC]] moved to CLOSED state
2022-10-08 01:39:42,372 [Time-limited test] INFO  reflections.Reflections (Reflections.java:scan(232)) - Reflections took 462 ms to scan 7 urls, producing 135 keys and 327 values 
2022-10-08 01:39:42,410 [Time-limited test] INFO  ha.SequenceIdGenerator (SequenceIdGenerator.java:upgradeToSequenceId(349)) - upgrade localId to 109611004723200000
2022-10-08 01:39:42,410 [Time-limited test] INFO  ha.SequenceIdGenerator (SequenceIdGenerator.java:upgradeToSequenceId(359)) - upgrade delTxnId to 0
2022-10-08 01:39:42,410 [Time-limited test] INFO  ha.SequenceIdGenerator (SequenceIdGenerator.java:upgradeToSequenceId(376)) - upgrade containerId to 0
2022-10-08 01:39:42,410 [Time-limited test] INFO  ha.SequenceIdGenerator (SequenceIdGenerator.java:<init>(220)) - Init the HA SequenceIdGenerator.
2022-10-08 01:39:42,496 [Time-limited test] INFO  node.SCMNodeManager (SCMNodeManager.java:<init>(149)) - Entering startup safe mode.
2022-10-08 01:39:42,496 [Time-limited test] INFO  algorithms.ContainerPlacementPolicyFactory (ContainerPlacementPolicyFactory.java:getPolicyInternal(86)) - Create container placement policy of type org.apache.hadoop.hdds.scm.container.placement.algorithms.SCMContainerPlacementRandom
2022-10-08 01:39:42,496 [Time-limited test] INFO  algorithms.ContainerPlacementPolicyFactory (ContainerPlacementPolicyFactory.java:getPolicyInternal(86)) - Create container placement policy of type org.apache.hadoop.hdds.scm.container.placement.algorithms.SCMContainerPlacementRackScatter
2022-10-08 01:39:42,497 [Time-limited test] INFO  pipeline.PipelineStateManagerImpl (PipelineStateManagerImpl.java:initialize(78)) - No pipeline exists in current db
2022-10-08 01:39:42,497 [Time-limited test] INFO  algorithms.LeaderChoosePolicyFactory (LeaderChoosePolicyFactory.java:getPolicy(57)) - Create leader choose policy of type org.apache.hadoop.hdds.scm.pipeline.leader.choose.algorithms.MinLeaderCountChoosePolicy
2022-10-08 01:39:42,497 [Time-limited test] INFO  algorithms.ContainerPlacementPolicyFactory (ContainerPlacementPolicyFactory.java:getPolicyInternal(86)) - Create container placement policy of type org.apache.hadoop.hdds.scm.container.placement.algorithms.SCMContainerPlacementRackScatter
2022-10-08 01:39:42,497 [Time-limited test] INFO  ha.SCMServiceManager (SCMServiceManager.java:register(42)) - Registering service BackgroundPipelineCreator.
2022-10-08 01:39:42,497 [Time-limited test] INFO  pipeline.BackgroundPipelineCreator (BackgroundPipelineCreator.java:start(124)) - Starting RatisPipelineUtilsThread.
2022-10-08 01:39:42,502 [ReplicationMonitor] WARN  replication.LegacyReplicationManager (LegacyReplicationManager.java:handleUnderReplicatedContainer(1224)) - Cannot replicate container #1, no healthy replica found.
2022-10-08 01:39:42,502 [ReplicationMonitor] WARN  replication.LegacyReplicationManager (LegacyReplicationManager.java:handleUnderReplicatedContainer(1224)) - Cannot replicate container #2, no healthy replica found.
2022-10-08 01:39:42,502 [ReplicationMonitor] WARN  replication.LegacyReplicationManager (LegacyReplicationManager.java:handleUnderReplicatedContainer(1224)) - Cannot replicate container #3, no healthy replica found.
2022-10-08 01:39:42,502 [ReplicationMonitor] INFO  replication.ReplicationManager (ReplicationManager.java:processAll(324)) - Replication Monitor Thread took 0 milliseconds for processing 7 containers.
2022-10-08 01:39:42,512 [Time-limited test] INFO  BackgroundPipelineScrubber (BackgroundSCMService.java:start(68)) - Starting BackgroundPipelineScrubber Service.
2022-10-08 01:39:42,520 [Time-limited test] INFO  ha.SCMServiceManager (SCMServiceManager.java:register(42)) - Registering service BackgroundPipelineScrubber.
2022-10-08 01:39:42,520 [Time-limited test] INFO  ExpiredContainerReplicaOpScrubber (BackgroundSCMService.java:start(68)) - Starting ExpiredContainerReplicaOpScrubber Service.
2022-10-08 01:39:42,528 [Time-limited test] INFO  ha.SCMServiceManager (SCMServiceManager.java:register(42)) - Registering service ExpiredContainerReplicaOpScrubber.
2022-10-08 01:39:42,529 [Time-limited test] INFO  algorithms.PipelineChoosePolicyFactory (PipelineChoosePolicyFactory.java:createPipelineChoosePolicyFromClass(73)) - Create pipeline choose policy of type org.apache.hadoop.hdds.scm.pipeline.choose.algorithms.RandomPipelineChoosePolicy
2022-10-08 01:39:42,529 [Time-limited test] INFO  ha.SCMServiceManager (SCMServiceManager.java:register(42)) - Registering service SCMBlockDeletingService.
2022-10-08 01:39:42,529 [Time-limited test] INFO  replication.ReplicationManager (ReplicationManager.java:start(223)) - Starting Replication Monitor Thread.
2022-10-08 01:39:42,552 [Time-limited test] INFO  ha.SCMServiceManager (SCMServiceManager.java:register(42)) - Registering service ReplicationManager.
2022-10-08 01:39:42,552 [Time-limited test] INFO  safemode.ContainerSafeModeRule (ContainerSafeModeRule.java:<init>(89)) - containers with one replica threshold count 0
2022-10-08 01:39:42,552 [Time-limited test] INFO  safemode.HealthyPipelineSafeModeRule (HealthyPipelineSafeModeRule.java:initializeRule(169)) - Total pipeline count is 0, healthy pipeline threshold count is 1
2022-10-08 01:39:42,553 [Time-limited test] INFO  safemode.OneReplicaPipelineSafeModeRule (OneReplicaPipelineSafeModeRule.java:initializeRule(180)) - Total pipeline count is 0, pipeline's with at least one datanode reported threshold count is 0
2022-10-08 01:39:42,564 [Time-limited test] INFO  ipc.CallQueueManager (CallQueueManager.java:<init>(90)) - Using callQueue: class java.util.concurrent.LinkedBlockingQueue, queueCapacity: 2000, scheduler: class org.apache.hadoop.ipc.DefaultRpcScheduler, ipcBackoff: false.
2022-10-08 01:39:42,572 [Socket Reader #1 for port 0] INFO  ipc.Server (Server.java:run(1265)) - Starting Socket Reader #1 for port 0
2022-10-08 01:39:42,581 [Listener at 0.0.0.0/40221] INFO  ipc.CallQueueManager (CallQueueManager.java:<init>(90)) - Using callQueue: class java.util.concurrent.LinkedBlockingQueue, queueCapacity: 2000, scheduler: class org.apache.hadoop.ipc.DefaultRpcScheduler, ipcBackoff: false.
2022-10-08 01:39:42,589 [Listener at 0.0.0.0/44951] INFO  ipc.CallQueueManager (CallQueueManager.java:<init>(90)) - Using callQueue: class java.util.concurrent.LinkedBlockingQueue, queueCapacity: 2000, scheduler: class org.apache.hadoop.ipc.DefaultRpcScheduler, ipcBackoff: false.
2022-10-08 01:39:42,591 [Socket Reader #1 for port 0] INFO  ipc.Server (Server.java:run(1265)) - Starting Socket Reader #1 for port 0
2022-10-08 01:39:42,594 [Socket Reader #1 for port 0] INFO  ipc.Server (Server.java:run(1265)) - Starting Socket Reader #1 for port 0
2022-10-08 01:39:42,669 [ReplicationMonitor] INFO  replication.ReplicationManager (ReplicationManager.java:processAll(291)) - Replication Manager is not ready to run until 3000ms after safemode exit
2022-10-08 01:39:42,685 [Listener at 0.0.0.0/38065] INFO  ha.SCMServiceManager (SCMServiceManager.java:register(42)) - Registering service ContainerBalancer.
2022-10-08 01:39:42,724 [Listener at 0.0.0.0/38065] INFO  server.StorageContainerManager (StorageContainerManager.java:<init>(410)) - 
Container Balancer status:
Key                            Value
Running                        false
Container Balancer Configuration values:
Key                                                Value
Threshold                                          10
Max Datanodes to Involve per Iteration(percent)    20
Max Size to Move per Iteration                     500GB
Max Size Entering Target per Iteration             26GB
Max Size Leaving Source per Iteration              26GB

2022-10-08 01:39:42,724 [Listener at 0.0.0.0/38065] WARN  events.EventQueue (EventQueue.java:fireEvent(216)) - No event handler registered for event TypedEvent{payloadType=SafeModeStatus, name='Safe mode status'}
2022-10-08 01:39:42,724 [Listener at 0.0.0.0/38065] INFO  ha.SCMContext (SCMContext.java:updateSafeModeStatus(228)) - Update SafeModeStatus from SafeModeStatus{safeModeStatus=true, preCheckPassed=false} to SafeModeStatus{safeModeStatus=true, preCheckPassed=false}.
2022-10-08 01:39:42,724 [Listener at 0.0.0.0/38065] INFO  server.StorageContainerManager (StorageContainerManager.java:start(1436)) - StorageContainerLocationProtocol RPC server is listening at /0.0.0.0:38065
2022-10-08 01:39:42,725 [Listener at 0.0.0.0/38065] INFO  impl.MetricsSystemImpl (MetricsSystemImpl.java:init(158)) - StorageContainerManager metrics system started (again)
2022-10-08 01:39:42,788 [Listener at 0.0.0.0/38065] INFO  server.SCMClientProtocolServer (SCMClientProtocolServer.java:start(170)) - RPC server for Client  is listening at /0.0.0.0:38065
2022-10-08 01:39:42,791 [IPC Server Responder] INFO  ipc.Server (Server.java:run(1507)) - IPC Server Responder: starting
2022-10-08 01:39:42,816 [IPC Server listener on 0] INFO  ipc.Server (Server.java:run(1344)) - IPC Server listener on 0: starting
2022-10-08 01:39:42,963 [Listener at 0.0.0.0/38065] INFO  server.StorageContainerManager (StorageContainerManager.java:start(1451)) - ScmBlockLocationProtocol RPC server is listening at /0.0.0.0:44951
2022-10-08 01:39:42,974 [Listener at 0.0.0.0/38065] INFO  server.SCMBlockProtocolServer (SCMBlockProtocolServer.java:start(152)) - RPC server for Block Protocol is listening at /0.0.0.0:44951
2022-10-08 01:39:42,976 [IPC Server Responder] INFO  ipc.Server (Server.java:run(1507)) - IPC Server Responder: starting
2022-10-08 01:39:42,976 [IPC Server listener on 0] INFO  ipc.Server (Server.java:run(1344)) - IPC Server listener on 0: starting
2022-10-08 01:39:43,032 [BackgroundPipelineScrubberThread] INFO  pipeline.PipelineManagerImpl (PipelineManagerImpl.java:scrubPipelines(520)) - Scrubbing pipeline: id: PipelineID=b680d0a1-a548-49d8-8f4e-dd873dc08aea since it stays at CLOSED stage.
2022-10-08 01:39:43,032 [BackgroundPipelineScrubberThread] INFO  pipeline.RatisPipelineProvider (RatisPipelineProvider.java:lambda$close$1(244)) - Send pipeline:PipelineID=b680d0a1-a548-49d8-8f4e-dd873dc08aea close command to datanode 0f1ac1f5-5b02-4bf5-a39e-40addf081f4e
2022-10-08 01:39:43,032 [BackgroundPipelineScrubberThread] INFO  pipeline.PipelineStateManagerImpl (PipelineStateManagerImpl.java:removePipeline(245)) - Pipeline Pipeline[ Id: b680d0a1-a548-49d8-8f4e-dd873dc08aea, Nodes: 0f1ac1f5-5b02-4bf5-a39e-40addf081f4e{ip: 10.1.0.61, host: fv-az180-867.g3pwtgv4ffyuhaixmbmm0kyh3d.gx.internal.cloudapp.net, ports: [REPLICATION=46597, RATIS=42591, RATIS_ADMIN=42591, RATIS_SERVER=42591, STANDALONE=36445], networkLocation: /default-rack, certSerialId: null, persistedOpState: IN_SERVICE, persistedOpStateExpiryEpochSec: 0}, ReplicationConfig: RATIS/ONE, State:CLOSED, leaderId:0f1ac1f5-5b02-4bf5-a39e-40addf081f4e, CreationTimestamp2022-10-08T01:34:55.812Z[Etc/UTC]] removed.
2022-10-08 01:39:43,033 [EventQueue-StaleNodeForStaleNodeHandler] INFO  node.StaleNodeHandler (StaleNodeHandler.java:onMessage(59)) - Datanode d67d85fb-f556-421f-824a-4b9f68a177f7{ip: 10.1.0.61, host: fv-az180-867.g3pwtgv4ffyuhaixmbmm0kyh3d.gx.internal.cloudapp.net, ports: [REPLICATION=35153, RATIS=46031, RATIS_ADMIN=46031, RATIS_SERVER=46031, STANDALONE=46823], networkLocation: /default-rack, certSerialId: null, persistedOpState: IN_SERVICE, persistedOpStateExpiryEpochSec: 0} moved to stale state. Finalizing its pipelines [PipelineID=cc2a3127-9bff-4d77-8dea-544b07ea4d89]
2022-10-08 01:39:43,033 [EventQueue-StaleNodeForStaleNodeHandler] INFO  pipeline.PipelineManagerImpl (PipelineManagerImpl.java:closePipeline(442)) - Pipeline Pipeline[ Id: cc2a3127-9bff-4d77-8dea-544b07ea4d89, Nodes: d67d85fb-f556-421f-824a-4b9f68a177f7{ip: 10.1.0.61, host: fv-az180-867.g3pwtgv4ffyuhaixmbmm0kyh3d.gx.internal.cloudapp.net, ports: [REPLICATION=35153, RATIS=46031, RATIS_ADMIN=46031, RATIS_SERVER=46031, STANDALONE=46823], networkLocation: /default-rack, certSerialId: null, persistedOpState: IN_SERVICE, persistedOpStateExpiryEpochSec: 0}, ReplicationConfig: RATIS/ONE, State:OPEN, leaderId:d67d85fb-f556-421f-824a-4b9f68a177f7, CreationTimestamp2022-10-08T01:35:03.580Z[Etc/UTC]] moved to CLOSED state
2022-10-08 01:39:43,164 [Over Replicated Processor] INFO  replication.OverReplicatedProcessor (OverReplicatedProcessor.java:processAll(90)) - Processed 0 over replicated containers, failed processing 0
2022-10-08 01:39:43,166 [Under Replicated Processor] WARN  replication.ECUnderReplicationHandler (ECUnderReplicationHandler.java:processAndCreateCommands(212)) - Cannot proceed for EC container reconstruction for #4, due to insufficient source replicas found. Number of source replicas needed: 3. Number of available source replicas are: 1. Available sources are: {5=(ContainerReplica{containerID=#4, state=CLOSED, datanodeDetails=0f3c4d66-37ce-46af-a3a8-7219c161bdb8{ip: 10.1.0.61, host: fv-az180-867.g3pwtgv4ffyuhaixmbmm0kyh3d.gx.internal.cloudapp.net, ports: [REPLICATION=38951, RATIS=46327, RATIS_ADMIN=46327, RATIS_SERVER=46327, STANDALONE=35039], networkLocation: /default-rack, certSerialId: null, persistedOpState: IN_SERVICE, persistedOpStateExpiryEpochSec: 0}, placeOfBirth=0f3c4d66-37ce-46af-a3a8-7219c161bdb8, sequenceId=0, keyCount=1, bytesUsed=8388608,replicaIndex=5},OperationalState: IN_SERVICE Health: HEALTHY OperationStateExpiry: 0)}
2022-10-08 01:39:43,166 [Under Replicated Processor] WARN  replication.ECUnderReplicationHandler (ECUnderReplicationHandler.java:processAndCreateCommands(259)) - Container #4 is under replicated, but no commands were created to correct it
2022-10-08 01:39:43,166 [Under Replicated Processor] WARN  replication.ECUnderReplicationHandler (ECUnderReplicationHandler.java:processAndCreateCommands(212)) - Cannot proceed for EC container reconstruction for #7, due to insufficient source replicas found. Number of source replicas needed: 3. Number of available source replicas are: 1. Available sources are: {3=(ContainerReplica{containerID=#7, state=CLOSED, datanodeDetails=0f3c4d66-37ce-46af-a3a8-7219c161bdb8{ip: 10.1.0.61, host: fv-az180-867.g3pwtgv4ffyuhaixmbmm0kyh3d.gx.internal.cloudapp.net, ports: [REPLICATION=38951, RATIS=46327, RATIS_ADMIN=46327, RATIS_SERVER=46327, STANDALONE=35039], networkLocation: /default-rack, certSerialId: null, persistedOpState: IN_SERVICE, persistedOpStateExpiryEpochSec: 0}, placeOfBirth=0f3c4d66-37ce-46af-a3a8-7219c161bdb8, sequenceId=0, keyCount=1, bytesUsed=0,replicaIndex=3},OperationalState: IN_SERVICE Health: HEALTHY OperationStateExpiry: 0)}
2022-10-08 01:39:43,166 [Under Replicated Processor] WARN  replication.ECUnderReplicationHandler (ECUnderReplicationHandler.java:processAndCreateCommands(259)) - Container #7 is under replicated, but no commands were created to correct it
2022-10-08 01:39:43,167 [Under Replicated Processor] WARN  replication.ECUnderReplicationHandler (ECUnderReplicationHandler.java:processAndCreateCommands(212)) - Cannot proceed for EC container reconstruction for #6, due to insufficient source replicas found. Number of source replicas needed: 3. Number of available source replicas are: 1. Available sources are: {2=(ContainerReplica{containerID=#6, state=CLOSED, datanodeDetails=0f3c4d66-37ce-46af-a3a8-7219c161bdb8{ip: 10.1.0.61, host: fv-az180-867.g3pwtgv4ffyuhaixmbmm0kyh3d.gx.internal.cloudapp.net, ports: [REPLICATION=38951, RATIS=46327, RATIS_ADMIN=46327, RATIS_SERVER=46327, STANDALONE=35039], networkLocation: /default-rack, certSerialId: null, persistedOpState: IN_SERVICE, persistedOpStateExpiryEpochSec: 0}, placeOfBirth=0f3c4d66-37ce-46af-a3a8-7219c161bdb8, sequenceId=0, keyCount=1, bytesUsed=8388608,replicaIndex=2},OperationalState: IN_SERVICE Health: HEALTHY OperationStateExpiry: 0)}
2022-10-08 01:39:43,167 [Under Replicated Processor] WARN  replication.ECUnderReplicationHandler (ECUnderReplicationHandler.java:processAndCreateCommands(259)) - Container #6 is under replicated, but no commands were created to correct it
2022-10-08 01:39:43,167 [Under Replicated Processor] WARN  replication.ECUnderReplicationHandler (ECUnderReplicationHandler.java:processAndCreateCommands(212)) - Cannot proceed for EC container reconstruction for #5, due to insufficient source replicas found. Number of source replicas needed: 3. Number of available source replicas are: 1. Available sources are: {2=(ContainerReplica{containerID=#5, state=CLOSED, datanodeDetails=0f3c4d66-37ce-46af-a3a8-7219c161bdb8{ip: 10.1.0.61, host: fv-az180-867.g3pwtgv4ffyuhaixmbmm0kyh3d.gx.internal.cloudapp.net, ports: [REPLICATION=38951, RATIS=46327, RATIS_ADMIN=46327, RATIS_SERVER=46327, STANDALONE=35039], networkLocation: /default-rack, certSerialId: null, persistedOpState: IN_SERVICE, persistedOpStateExpiryEpochSec: 0}, placeOfBirth=0f3c4d66-37ce-46af-a3a8-7219c161bdb8, sequenceId=0, keyCount=1, bytesUsed=8388608,replicaIndex=2},OperationalState: IN_SERVICE Health: HEALTHY OperationStateExpiry: 0)}
2022-10-08 01:39:43,167 [Under Replicated Processor] WARN  replication.ECUnderReplicationHandler (ECUnderReplicationHandler.java:processAndCreateCommands(259)) - Container #5 is under replicated, but no commands were created to correct it
2022-10-08 01:39:43,167 [Under Replicated Processor] INFO  replication.UnderReplicatedProcessor (UnderReplicatedProcessor.java:processAll(92)) - Processed 4 under replicated containers, failed processing 0
2022-10-08 01:39:43,432 [Listener at 0.0.0.0/38065] INFO  server.SCMDatanodeProtocolServer (SCMDatanodeProtocolServer.java:start(186)) - ScmDatanodeProtocol RPC server for DataNodes is listening at /0.0.0.0:40221
2022-10-08 01:39:43,498 [IPC Server listener on 0] INFO  ipc.Server (Server.java:run(1344)) - IPC Server listener on 0: starting
2022-10-08 01:39:43,503 [ReplicationMonitor] WARN  replication.LegacyReplicationManager (LegacyReplicationManager.java:handleUnderReplicatedContainer(1224)) - Cannot replicate container #1, no healthy replica found.
2022-10-08 01:39:43,503 [ReplicationMonitor] WARN  replication.LegacyReplicationManager (LegacyReplicationManager.java:handleUnderReplicatedContainer(1224)) - Cannot replicate container #2, no healthy replica found.
2022-10-08 01:39:43,503 [ReplicationMonitor] WARN  replication.LegacyReplicationManager (LegacyReplicationManager.java:handleUnderReplicatedContainer(1224)) - Cannot replicate container #3, no healthy replica found.
2022-10-08 01:39:43,503 [ReplicationMonitor] INFO  replication.ReplicationManager (ReplicationManager.java:processAll(324)) - Replication Monitor Thread took 1 milliseconds for processing 7 containers.
2022-10-08 01:39:43,508 [IPC Server Responder] INFO  ipc.Server (Server.java:run(1507)) - IPC Server Responder: starting
2022-10-08 01:39:43,668 [Listener at 127.0.0.1/42695] INFO  utils.BackgroundService (BackgroundService.java:shutdown(141)) - Shutting down service BlockDeletingService
2022-10-08 01:39:43,672 [ReplicationMonitor] INFO  replication.ReplicationManager (ReplicationManager.java:processAll(291)) - Replication Manager is not ready to run until 3000ms after safemode exit
2022-10-08 01:39:43,732 [org.apache.hadoop.util.JvmPauseMonitor$Monitor@213b6c0a] INFO  util.JvmPauseMonitor (JvmPauseMonitor.java:run(188)) - Starting JVM pause monitor
2022-10-08 01:39:43,733 [Listener at 0.0.0.0/38065] INFO  http.BaseHttpServer (BaseHttpServer.java:newHttpServer2BuilderForOzone(213)) - Starting Web-server for scm at: http://0.0.0.0:0
2022-10-08 01:39:43,733 [Listener at 0.0.0.0/38065] INFO  http.BaseHttpServer (BaseHttpServer.java:<init>(108)) - Hadoop Security Enabled: false Ozone Security Enabled: false Ozone HTTP Security Enabled: false 
2022-10-08 01:39:43,734 [Listener at 0.0.0.0/38065] INFO  server.AuthenticationFilter (AuthenticationFilter.java:constructSecretProvider(240)) - Unable to initialize FileSignerSecretProvider, falling back to use random secrets.
2022-10-08 01:39:43,780 [Listener at 127.0.0.1/42695] INFO  utils.BackgroundService (BackgroundService.java:shutdown(141)) - Shutting down service StaleRecoveringContainerScrubbingService
2022-10-08 01:39:43,780 [Listener at 0.0.0.0/38065] WARN  http.HttpRequestLog (HttpRequestLog.java:getRequestLog(103)) - Jetty request log can only be enabled using Log4j
2022-10-08 01:39:43,837 [Listener at 0.0.0.0/38065] INFO  http.HttpServer2 (HttpServer2.java:addGlobalFilter(1031)) - Added global filter 'safety' (class=org.apache.hadoop.hdds.server.http.HttpServer2$QuotingInputFilter)
2022-10-08 01:39:43,838 [Listener at 0.0.0.0/38065] INFO  http.HttpServer2 (HttpServer2.java:addFilter(1007)) - Added filter static_user_filter (class=org.apache.hadoop.http.lib.StaticUserWebFilter$StaticUserFilter) to context scm
2022-10-08 01:39:43,838 [Listener at 0.0.0.0/38065] INFO  http.HttpServer2 (HttpServer2.java:addFilter(1015)) - Added filter static_user_filter (class=org.apache.hadoop.http.lib.StaticUserWebFilter$StaticUserFilter) to context logs
2022-10-08 01:39:43,838 [Listener at 0.0.0.0/38065] INFO  http.HttpServer2 (HttpServer2.java:addFilter(1015)) - Added filter static_user_filter (class=org.apache.hadoop.http.lib.StaticUserWebFilter$StaticUserFilter) to context static
2022-10-08 01:39:43,838 [Listener at 0.0.0.0/38065] INFO  http.HttpServer2 (HttpServer2.java:bindListener(1250)) - Jetty bound to port 38769
2022-10-08 01:39:43,838 [Listener at 0.0.0.0/38065] INFO  server.Server (Server.java:doStart(375)) - jetty-9.4.43.v20210629; built: 2021-06-30T11:07:22.254Z; git: 526006ecfa3af7f1a27ef3a288e2bef7ea9dd7e8; jvm 1.8.0_345-b01
2022-10-08 01:39:43,950 [Listener at 0.0.0.0/38065] INFO  server.session (DefaultSessionIdManager.java:doStart(334)) - DefaultSessionIdManager workerName=node0
2022-10-08 01:39:43,950 [Listener at 0.0.0.0/38065] INFO  server.session (DefaultSessionIdManager.java:doStart(339)) - No SessionScavenger set, using defaults
2022-10-08 01:39:43,951 [Listener at 0.0.0.0/38065] INFO  server.session (HouseKeeper.java:startScavenging(132)) - node0 Scavenging every 600000ms
2022-10-08 01:39:43,951 [Listener at 0.0.0.0/38065] INFO  handler.ContextHandler (ContextHandler.java:doStart(915)) - Started o.e.j.s.ServletContextHandler@28dcd72e{logs,/logs,file:///home/runner/work/ozone/ozone/hadoop-ozone/integration-test/target/log,AVAILABLE}
2022-10-08 01:39:43,951 [Listener at 0.0.0.0/38065] INFO  handler.ContextHandler (ContextHandler.java:doStart(915)) - Started o.e.j.s.ServletContextHandler@5a9964da{static,/static,file:///home/runner/work/ozone/ozone/hadoop-ozone/integration-test/target/test-classes/webapps/static,AVAILABLE}
2022-10-08 01:39:43,981 [Listener at 0.0.0.0/38065] INFO  handler.ContextHandler (ContextHandler.java:doStart(915)) - Started o.e.j.w.WebAppContext@6349b4c{scm,/,file:///home/runner/work/ozone/ozone/hadoop-ozone/integration-test/target/test-classes/webapps/scm/,AVAILABLE}{file:/home/runner/work/ozone/ozone/hadoop-ozone/integration-test/target/test-classes/webapps/scm}
2022-10-08 01:39:43,996 [Listener at 0.0.0.0/38065] INFO  server.AbstractConnector (AbstractConnector.java:doStart(331)) - Started ServerConnector@716254b2{HTTP/1.1, (http/1.1)}{0.0.0.0:38769}
2022-10-08 01:39:43,996 [Listener at 0.0.0.0/38065] INFO  server.Server (Server.java:doStart(415)) - Started @510268ms
2022-10-08 01:39:43,996 [Listener at 0.0.0.0/38065] WARN  impl.MetricsSystemImpl (MetricsSystemImpl.java:register(279)) - Sink prometheus already exists!
2022-10-08 01:39:43,997 [Listener at 0.0.0.0/38065] INFO  http.BaseHttpServer (BaseHttpServer.java:updateConnectorAddress(333)) - HTTP server of scm listening at http://0.0.0.0:38769
2022-10-08 01:39:43,997 [Listener at 0.0.0.0/38065] WARN  server.ServerUtils (ServerUtils.java:getDBPath(225)) - ozone.om.db.dirs is not configured. We recommend adding this setting. Falling back to ozone.metadata.dirs instead.
2022-10-08 01:39:44,006 [Listener at 0.0.0.0/38065] INFO  ha.OMHANodeDetails (OMHANodeDetails.java:loadOMHAConfig(115)) - ozone.om.internal.service.id is not defined, falling back to ozone.om.service.ids to find serviceID for OzoneManager if it is HA enabled cluster
2022-10-08 01:39:44,006 [Listener at 0.0.0.0/38065] INFO  ha.OMHANodeDetails (OMHANodeDetails.java:loadOMHAConfig(226)) - Configuration does not have ozone.om.address set. Falling back to the default OM address /127.0.0.1:0
2022-10-08 01:39:44,006 [Listener at 0.0.0.0/38065] INFO  ha.OMHANodeDetails (OMHANodeDetails.java:getOMNodeDetailsForNonHA(254)) - OM Service ID is not set. Setting it to the default ID: omServiceIdDefault
2022-10-08 01:39:44,006 [Listener at 0.0.0.0/38065] INFO  ha.OMHANodeDetails (OMHANodeDetails.java:getOMNodeDetailsForNonHA(261)) - OM Node ID is not set. Setting it to the default ID: om1
2022-10-08 01:39:44,006 [Listener at 0.0.0.0/38065] WARN  server.ServerUtils (ServerUtils.java:getDBPath(225)) - ozone.om.db.dirs is not configured. We recommend adding this setting. Falling back to ozone.metadata.dirs instead.
2022-10-08 01:39:44,006 [Listener at 0.0.0.0/38065] INFO  upgrade.AbstractLayoutVersionManager (AbstractLayoutVersionManager.java:init(83)) - Initializing Layout version manager with metadata layout = MULTITENANCY_SCHEMA (version = 3), software layout = MULTITENANCY_SCHEMA (version = 3)
2022-10-08 01:39:44,503 [ReplicationMonitor] WARN  replication.LegacyReplicationManager (LegacyReplicationManager.java:handleUnderReplicatedContainer(1224)) - Cannot replicate container #1, no healthy replica found.
2022-10-08 01:39:44,504 [ReplicationMonitor] WARN  replication.LegacyReplicationManager (LegacyReplicationManager.java:handleUnderReplicatedContainer(1224)) - Cannot replicate container #2, no healthy replica found.
2022-10-08 01:39:44,504 [ReplicationMonitor] WARN  replication.LegacyReplicationManager (LegacyReplicationManager.java:handleUnderReplicatedContainer(1224)) - Cannot replicate container #3, no healthy replica found.
2022-10-08 01:39:44,504 [ReplicationMonitor] INFO  replication.ReplicationManager (ReplicationManager.java:processAll(324)) - Replication Monitor Thread took 1 milliseconds for processing 7 containers.
2022-10-08 01:39:44,520 [ForkJoinPool.commonPool-worker-0] INFO  ozoneimpl.OzoneContainer (OzoneContainer.java:stop(400)) - Attempting to stop container services.
2022-10-08 01:39:44,632 [Listener at 0.0.0.0/38065] INFO  reflections.Reflections (Reflections.java:scan(232)) - Reflections took 625 ms to scan 2 urls, producing 154 keys and 428 values [using 2 cores]
2022-10-08 01:39:44,632 [Listener at 0.0.0.0/38065] INFO  upgrade.OMLayoutVersionManager (OMLayoutVersionManager.java:lambda$0(115)) - Skipping Upgrade Action MockOmUpgradeAction since it has been finalized.
2022-10-08 01:39:44,632 [Listener at 0.0.0.0/38065] WARN  server.ServerUtils (ServerUtils.java:getDBPath(225)) - ozone.om.db.dirs is not configured. We recommend adding this setting. Falling back to ozone.metadata.dirs instead.
2022-10-08 01:39:44,633 [Listener at 0.0.0.0/38065] INFO  proxy.SCMBlockLocationFailoverProxyProvider (SCMBlockLocationFailoverProxyProvider.java:<init>(114)) - Created block location fail-over proxy with 1 nodes: [nodeId=scmNodeId,nodeAddress=/0.0.0.0:44951]
2022-10-08 01:39:44,637 [Listener at 0.0.0.0/38065] INFO  proxy.SCMBlockLocationFailoverProxyProvider (SCMBlockLocationFailoverProxyProvider.java:<init>(114)) - Created block location fail-over proxy with 1 nodes: [nodeId=scmNodeId,nodeAddress=/0.0.0.0:44951]
2022-10-08 01:39:44,672 [ReplicationMonitor] INFO  replication.ReplicationManager (ReplicationManager.java:processAll(291)) - Replication Manager is not ready to run until 3000ms after safemode exit
2022-10-08 01:39:44,805 [Listener at 0.0.0.0/38065] WARN  server.ServerUtils (ServerUtils.java:getDBPath(225)) - ozone.om.db.dirs is not configured. We recommend adding this setting. Falling back to ozone.metadata.dirs instead.
2022-10-08 01:39:44,805 [Listener at 0.0.0.0/38065] INFO  codec.OmKeyInfoCodec (OmKeyInfoCodec.java:<init>(49)) - OmKeyInfoCodec ignorePipeline = true
2022-10-08 01:39:44,805 [Listener at 0.0.0.0/38065] INFO  codec.RepeatedOmKeyInfoCodec (RepeatedOmKeyInfoCodec.java:<init>(41)) - RepeatedOmKeyInfoCodec ignorePipeline = true
2022-10-08 01:39:45,050 [grpc-default-executor-8] INFO  replication.GrpcOutputStream (GrpcOutputStream.java:close(104)) - Sent 18903586 bytes for container 3
2022-10-08 01:39:45,052 [grpc-default-executor-17] INFO  replication.GrpcReplicationClient (GrpcReplicationClient.java:onCompleted(197)) - Container 3 is downloaded to /home/runner/work/ozone/ozone/hadoop-ozone/integration-test/target/test-dir/MiniOzoneClusterImpl-5d0d2deb-5324-41ce-86fc-5a78a6428163/datanode-4/data/replication/work/container-3.tar.gz
2022-10-08 01:39:45,056 [ContainerReplicationThread-2] INFO  replication.DownloadAndImportReplicator (DownloadAndImportReplicator.java:replicate(117)) - Container 3 is downloaded with size 18903586, starting to import.
2022-10-08 01:39:45,156 [EventQueue-DeadNodeForDeadNodeHandler] INFO  node.DeadNodeHandler (DeadNodeHandler.java:onMessage(81)) - A dead datanode is detected. 0f1ac1f5-5b02-4bf5-a39e-40addf081f4e{ip: 10.1.0.61, host: fv-az180-867.g3pwtgv4ffyuhaixmbmm0kyh3d.gx.internal.cloudapp.net, ports: [REPLICATION=46597, RATIS=42591, RATIS_ADMIN=42591, RATIS_SERVER=42591, STANDALONE=36445], networkLocation: /default-rack, certSerialId: null, persistedOpState: IN_SERVICE, persistedOpStateExpiryEpochSec: 0}
2022-10-08 01:39:45,156 [EventQueue-DeadNodeForDeadNodeHandler] INFO  net.NetworkTopologyImpl (NetworkTopologyImpl.java:remove(190)) - Removed a node: /default-rack/0f1ac1f5-5b02-4bf5-a39e-40addf081f4e
2022-10-08 01:39:45,175 [ContainerReplicationThread-2] ERROR replication.DownloadAndImportReplicator (DownloadAndImportReplicator.java:replicate(125)) - Container 3 replication was unsuccessful.
org.apache.hadoop.util.DiskChecker$DiskOutOfSpaceException: No more available volumes
	at org.apache.hadoop.ozone.container.common.volume.RoundRobinVolumeChoosingPolicy.chooseVolume(RoundRobinVolumeChoosingPolicy.java:51)
	at org.apache.hadoop.ozone.container.keyvalue.KeyValueHandler.populateContainerPathFields(KeyValueHandler.java:333)
	at org.apache.hadoop.ozone.container.keyvalue.KeyValueHandler.importContainer(KeyValueHandler.java:973)
	at org.apache.hadoop.ozone.container.ozoneimpl.ContainerController.importContainer(ContainerController.java:162)
	at org.apache.hadoop.ozone.container.replication.DownloadAndImportReplicator.importContainer(DownloadAndImportReplicator.java:83)
	at org.apache.hadoop.ozone.container.replication.DownloadAndImportReplicator.replicate(DownloadAndImportReplicator.java:121)
	at org.apache.hadoop.ozone.container.replication.MeasuredReplicator.replicate(MeasuredReplicator.java:77)
	at org.apache.hadoop.ozone.container.replication.ReplicationSupervisor$TaskRunner.run(ReplicationSupervisor.java:168)
	at java.util.concurrent.ThreadPoolExecutor.runWorker(ThreadPoolExecutor.java:1149)
	at java.util.concurrent.ThreadPoolExecutor$Worker.run(ThreadPoolExecutor.java:624)
	at java.lang.Thread.run(Thread.java:750)
2022-10-08 01:39:45,175 [ContainerReplicationThread-2] ERROR replication.ReplicationSupervisor (ReplicationSupervisor.java:run(171)) - Container 3 can't be downloaded from any of the datanodes.
2022-10-08 01:39:45,508 [ReplicationMonitor] WARN  replication.LegacyReplicationManager (LegacyReplicationManager.java:handleUnderReplicatedContainer(1224)) - Cannot replicate container #1, no healthy replica found.
2022-10-08 01:39:45,508 [ReplicationMonitor] WARN  replication.LegacyReplicationManager (LegacyReplicationManager.java:handleUnderReplicatedContainer(1224)) - Cannot replicate container #2, no healthy replica found.
2022-10-08 01:39:45,508 [ReplicationMonitor] WARN  replication.LegacyReplicationManager (LegacyReplicationManager.java:handleUnderReplicatedContainer(1224)) - Cannot replicate container #3, no healthy replica found.
2022-10-08 01:39:45,508 [ReplicationMonitor] INFO  replication.ReplicationManager (ReplicationManager.java:processAll(324)) - Replication Monitor Thread took 1 milliseconds for processing 7 containers.
2022-10-08 01:39:45,672 [ReplicationMonitor] INFO  replication.ReplicationManager (ReplicationManager.java:processAll(291)) - Replication Manager is not ready to run until 3000ms after safemode exit
2022-10-08 01:39:46,017 [grpc-default-executor-10] INFO  replication.GrpcOutputStream (GrpcOutputStream.java:close(104)) - Sent 25200053 bytes for container 1
2022-10-08 01:39:46,018 [grpc-default-executor-8] INFO  replication.GrpcReplicationClient (GrpcReplicationClient.java:onCompleted(197)) - Container 1 is downloaded to /home/runner/work/ozone/ozone/hadoop-ozone/integration-test/target/test-dir/MiniOzoneClusterImpl-5d0d2deb-5324-41ce-86fc-5a78a6428163/datanode-4/data/replication/work/container-1.tar.gz
2022-10-08 01:39:46,019 [ContainerReplicationThread-0] INFO  replication.DownloadAndImportReplicator (DownloadAndImportReplicator.java:replicate(117)) - Container 1 is downloaded with size 25200053, starting to import.
2022-10-08 01:39:46,060 [EventQueue-DeadNodeForDeadNodeHandler] INFO  node.DeadNodeHandler (DeadNodeHandler.java:onMessage(81)) - A dead datanode is detected. d67d85fb-f556-421f-824a-4b9f68a177f7{ip: 10.1.0.61, host: fv-az180-867.g3pwtgv4ffyuhaixmbmm0kyh3d.gx.internal.cloudapp.net, ports: [REPLICATION=35153, RATIS=46031, RATIS_ADMIN=46031, RATIS_SERVER=46031, STANDALONE=46823], networkLocation: /default-rack, certSerialId: null, persistedOpState: IN_SERVICE, persistedOpStateExpiryEpochSec: 0}
2022-10-08 01:39:46,060 [EventQueue-DeadNodeForDeadNodeHandler] INFO  pipeline.RatisPipelineProvider (RatisPipelineProvider.java:lambda$close$1(244)) - Send pipeline:PipelineID=cc2a3127-9bff-4d77-8dea-544b07ea4d89 close command to datanode d67d85fb-f556-421f-824a-4b9f68a177f7
2022-10-08 01:39:46,060 [EventQueue-DeadNodeForDeadNodeHandler] INFO  pipeline.PipelineStateManagerImpl (PipelineStateManagerImpl.java:removePipeline(245)) - Pipeline Pipeline[ Id: cc2a3127-9bff-4d77-8dea-544b07ea4d89, Nodes: d67d85fb-f556-421f-824a-4b9f68a177f7{ip: 10.1.0.61, host: fv-az180-867.g3pwtgv4ffyuhaixmbmm0kyh3d.gx.internal.cloudapp.net, ports: [REPLICATION=35153, RATIS=46031, RATIS_ADMIN=46031, RATIS_SERVER=46031, STANDALONE=46823], networkLocation: /default-rack, certSerialId: null, persistedOpState: IN_SERVICE, persistedOpStateExpiryEpochSec: 0}, ReplicationConfig: RATIS/ONE, State:CLOSED, leaderId:d67d85fb-f556-421f-824a-4b9f68a177f7, CreationTimestamp2022-10-08T01:35:03.580Z[Etc/UTC]] removed.
2022-10-08 01:39:46,061 [EventQueue-DeadNodeForDeadNodeHandler] INFO  net.NetworkTopologyImpl (NetworkTopologyImpl.java:remove(190)) - Removed a node: /default-rack/d67d85fb-f556-421f-824a-4b9f68a177f7
2022-10-08 01:39:46,178 [ContainerReplicationThread-0] ERROR replication.DownloadAndImportReplicator (DownloadAndImportReplicator.java:replicate(125)) - Container 1 replication was unsuccessful.
org.apache.hadoop.util.DiskChecker$DiskOutOfSpaceException: No more available volumes
	at org.apache.hadoop.ozone.container.common.volume.RoundRobinVolumeChoosingPolicy.chooseVolume(RoundRobinVolumeChoosingPolicy.java:51)
	at org.apache.hadoop.ozone.container.keyvalue.KeyValueHandler.populateContainerPathFields(KeyValueHandler.java:333)
	at org.apache.hadoop.ozone.container.keyvalue.KeyValueHandler.importContainer(KeyValueHandler.java:973)
	at org.apache.hadoop.ozone.container.ozoneimpl.ContainerController.importContainer(ContainerController.java:162)
	at org.apache.hadoop.ozone.container.replication.DownloadAndImportReplicator.importContainer(DownloadAndImportReplicator.java:83)
	at org.apache.hadoop.ozone.container.replication.DownloadAndImportReplicator.replicate(DownloadAndImportReplicator.java:121)
	at org.apache.hadoop.ozone.container.replication.MeasuredReplicator.replicate(MeasuredReplicator.java:77)
	at org.apache.hadoop.ozone.container.replication.ReplicationSupervisor$TaskRunner.run(ReplicationSupervisor.java:168)
	at java.util.concurrent.ThreadPoolExecutor.runWorker(ThreadPoolExecutor.java:1149)
	at java.util.concurrent.ThreadPoolExecutor$Worker.run(ThreadPoolExecutor.java:624)
	at java.lang.Thread.run(Thread.java:750)
2022-10-08 01:39:46,180 [ContainerReplicationThread-0] ERROR replication.ReplicationSupervisor (ReplicationSupervisor.java:run(171)) - Container 1 can't be downloaded from any of the datanodes.
2022-10-08 01:39:46,204 [Listener at 0.0.0.0/38065] INFO  om.OzoneManager (OzoneManager.java:instantiateServices(710)) - S3 Multi-Tenancy is disabled
2022-10-08 01:39:46,205 [Listener at 0.0.0.0/38065] INFO  om.OzoneManager (OzoneManager.java:addS3GVolumeToDB(4325)) - Created Volume s3v With Owner runner required for S3Gateway operations.
2022-10-08 01:39:46,205 [Listener at 0.0.0.0/38065] WARN  server.ServerUtils (ServerUtils.java:getDefaultRatisDirectory(237)) - Storage directory for Ratis is not configured. It is a good idea to map this to an SSD disk. Falling back to ozone.metadata.dirs
2022-10-08 01:39:46,205 [Listener at 0.0.0.0/38065] WARN  utils.OzoneManagerRatisUtils (OzoneManagerRatisUtils.java:getOMRatisSnapshotDirectory(434)) - ozone.om.ratis.snapshot.dir is not configured. Falling back to ozone.metadata.dirs config
2022-10-08 01:39:46,206 [Listener at 0.0.0.0/38065] WARN  impl.MetricRegistriesImpl (MetricRegistriesImpl.java:addReporterRegistration(111)) - New reporters are added after registries were created. Some metrics will be missing from the reporter. Please add reporter before adding any new registry.
2022-10-08 01:39:46,206 [Listener at 0.0.0.0/38065] WARN  impl.MetricRegistriesImpl (MetricRegistriesImpl.java:addReporterRegistration(111)) - New reporters are added after registries were created. Some metrics will be missing from the reporter. Please add reporter before adding any new registry.
2022-10-08 01:39:46,206 [Listener at 0.0.0.0/38065] WARN  server.ServerUtils (ServerUtils.java:getDefaultRatisDirectory(237)) - Storage directory for Ratis is not configured. It is a good idea to map this to an SSD disk. Falling back to ozone.metadata.dirs
2022-10-08 01:39:46,206 [Listener at 0.0.0.0/38065] INFO  ratis.OzoneManagerRatisServer (OzoneManagerRatisServer.java:<init>(160)) - Instantiating OM Ratis server with groupID: omServiceIdDefault and peers: localhost:9872
2022-10-08 01:39:46,206 [Listener at 0.0.0.0/38065] INFO  ratis.OzoneManagerStateMachine (OzoneManagerStateMachine.java:loadSnapshotInfoFromDB(632)) - LastAppliedIndex is set from TransactionInfo from OM DB as (t:0, i:~)
2022-10-08 01:39:46,268 [Listener at 0.0.0.0/38065] INFO  server.RaftServer (ConfUtils.java:logGet(46)) - raft.rpc.type = GRPC (default)
2022-10-08 01:39:46,268 [Listener at 0.0.0.0/38065] INFO  grpc.GrpcFactory (GrpcFactory.java:checkPooledByteBufAllocatorUseCacheForAllThreads(48)) - PERFORMANCE WARNING: useCacheForAllThreads is true that may cause Netty to create a lot garbage objects and, as a result, trigger GC.
	It is recommended to disable useCacheForAllThreads by setting -Dorg.apache.ratis.thirdparty.io.netty.allocator.useCacheForAllThreads=false in command line.
2022-10-08 01:39:46,268 [Listener at 0.0.0.0/38065] INFO  grpc.GrpcConfigKeys (ConfUtils.java:logGet(46)) - raft.grpc.admin.port = -1 (default)
2022-10-08 01:39:46,268 [Listener at 0.0.0.0/38065] INFO  grpc.GrpcConfigKeys (ConfUtils.java:logGet(46)) - raft.grpc.server.port = 9872 (custom)
2022-10-08 01:39:46,268 [Listener at 0.0.0.0/38065] INFO  grpc.GrpcConfigKeys (ConfUtils.java:logGet(46)) - raft.grpc.client.port = -1 (default)
2022-10-08 01:39:46,268 [Listener at 0.0.0.0/38065] INFO  grpc.GrpcConfigKeys (ConfUtils.java:logGet(46)) - raft.grpc.server.port = 9872 (custom)
2022-10-08 01:39:46,268 [Listener at 0.0.0.0/38065] INFO  grpc.GrpcConfigKeys (ConfUtils.java:logGet(46)) - raft.grpc.server.port = 9872 (custom)
2022-10-08 01:39:46,268 [Listener at 0.0.0.0/38065] INFO  server.GrpcService (ConfUtils.java:logGet(46)) - raft.grpc.message.size.max = 33554432 (custom)
2022-10-08 01:39:46,268 [Listener at 0.0.0.0/38065] INFO  server.RaftServerConfigKeys (ConfUtils.java:logGet(46)) - raft.server.log.appender.buffer.byte-limit = 33554432 (custom)
2022-10-08 01:39:46,269 [Listener at 0.0.0.0/38065] INFO  server.GrpcService (ConfUtils.java:logGet(46)) - raft.grpc.flow.control.window = 1MB (=1048576) (default)
2022-10-08 01:39:46,269 [Listener at 0.0.0.0/38065] INFO  server.RaftServerConfigKeys (ConfUtils.java:logGet(46)) - raft.server.rpc.request.timeout = 3000ms (default)
2022-10-08 01:39:46,269 [Listener at 0.0.0.0/38065] INFO  grpc.GrpcConfigKeys (ConfUtils.java:logGet(46)) - raft.grpc.server.async.request.thread.pool.cached = true (default)
2022-10-08 01:39:46,269 [Listener at 0.0.0.0/38065] INFO  grpc.GrpcConfigKeys (ConfUtils.java:logGet(46)) - raft.grpc.server.async.request.thread.pool.size = 32 (default)
2022-10-08 01:39:46,270 [Listener at 0.0.0.0/38065] INFO  impl.DataStreamServerImpl (ConfUtils.java:logGet(46)) - raft.datastream.type = DISABLED (default)
2022-10-08 01:39:46,270 [Listener at 0.0.0.0/38065] INFO  server.RaftServerConfigKeys (ConfUtils.java:logGet(46)) - raft.server.threadpool.proxy.cached = true (default)
2022-10-08 01:39:46,270 [Listener at 0.0.0.0/38065] INFO  server.RaftServerConfigKeys (ConfUtils.java:logGet(46)) - raft.server.threadpool.proxy.size = 0 (default)
2022-10-08 01:39:46,276 [Listener at 0.0.0.0/38065] INFO  server.RaftServerConfigKeys (ConfUtils.java:logGet(46)) - raft.server.rpc.slowness.timeout = 120s (custom)
2022-10-08 01:39:46,276 [Listener at 0.0.0.0/38065] INFO  server.RaftServerConfigKeys (ConfUtils.java:logGet(46)) - raft.server.leaderelection.leader.step-down.wait-time = 10s (default)
2022-10-08 01:39:46,276 [Listener at 0.0.0.0/38065] INFO  server.RaftServerConfigKeys (ConfUtils.java:logGet(46)) - raft.server.storage.dir = [/home/runner/work/ozone/ozone/hadoop-ozone/integration-test/target/test-dir/MiniOzoneClusterImpl-f835b163-d90e-48f8-926f-823f898330c6/ozone-meta/ratis] (custom)
2022-10-08 01:39:46,372 [Listener at 0.0.0.0/38065] INFO  server.RaftServer (RaftServerProxy.java:addNew(96)) - om1: addNew group-C5BA1605619E:[om1|rpc:localhost:9872|priority:0] returns group-C5BA1605619E:java.util.concurrent.CompletableFuture@4d8846db[Not completed]
2022-10-08 01:39:46,372 [Listener at 0.0.0.0/38065] INFO  om.OzoneManager (OzoneManager.java:initializeRatisServer(1977)) - OzoneManager Ratis server initialized at port 9872
2022-10-08 01:39:46,373 [Listener at 0.0.0.0/38065] INFO  om.OzoneManager (OzoneManager.java:getRpcServer(1100)) - Creating RPC Server
2022-10-08 01:39:46,416 [pool-1261-thread-1] INFO  server.RaftServer$Division (RaftServerImpl.java:<init>(190)) - om1: new RaftServerImpl for group-C5BA1605619E:[om1|rpc:localhost:9872|priority:0] with OzoneManagerStateMachine:uninitialized
2022-10-08 01:39:46,416 [pool-1261-thread-1] INFO  server.RaftServerConfigKeys (ConfUtils.java:logGet(46)) - raft.server.rpc.timeout.min = 1s (custom)
2022-10-08 01:39:46,432 [pool-1261-thread-1] INFO  server.RaftServerConfigKeys (ConfUtils.java:logGet(46)) - raft.server.rpc.timeout.max = 1200ms (custom)
2022-10-08 01:39:46,432 [pool-1261-thread-1] INFO  server.RaftServerConfigKeys (ConfUtils.java:logGet(46)) - raft.server.rpc.sleep.time = 25ms (default)
2022-10-08 01:39:46,432 [pool-1261-thread-1] INFO  server.RaftServerConfigKeys (ConfUtils.java:logGet(46)) - raft.server.rpc.slowness.timeout = 120s (custom)
2022-10-08 01:39:46,432 [pool-1261-thread-1] INFO  server.RaftServerConfigKeys (ConfUtils.java:logGet(46)) - raft.server.leaderelection.leader.step-down.wait-time = 10s (default)
2022-10-08 01:39:46,432 [pool-1261-thread-1] INFO  server.RaftServerConfigKeys (ConfUtils.java:logGet(46)) - raft.server.sleep.deviation.threshold = 300ms (default)
2022-10-08 01:39:46,433 [pool-1261-thread-1] INFO  server.RaftServer$Division (ServerState.java:<init>(107)) - om1@group-C5BA1605619E: ConfigurationManager, init=-1: [om1|rpc:localhost:9872|priority:0], old=null, confs=<EMPTY_MAP>
2022-10-08 01:39:46,433 [pool-1261-thread-1] INFO  server.RaftServerConfigKeys (ConfUtils.java:logGet(46)) - raft.server.storage.dir = [/home/runner/work/ozone/ozone/hadoop-ozone/integration-test/target/test-dir/MiniOzoneClusterImpl-f835b163-d90e-48f8-926f-823f898330c6/ozone-meta/ratis] (custom)
2022-10-08 01:39:46,433 [pool-1261-thread-1] INFO  server.RaftServerConfigKeys (ConfUtils.java:logGet(46)) - raft.server.log.corruption.policy = EXCEPTION (default)
2022-10-08 01:39:46,433 [pool-1261-thread-1] INFO  server.RaftServerConfigKeys (ConfUtils.java:logGet(46)) - raft.server.storage.free-space.min = 0MB (=0) (default)
2022-10-08 01:39:46,433 [pool-1261-thread-1] INFO  storage.RaftStorageDirectory (RaftStorageDirectoryImpl.java:analyzeStorage(135)) - The storage directory /home/runner/work/ozone/ozone/hadoop-ozone/integration-test/target/test-dir/MiniOzoneClusterImpl-f835b163-d90e-48f8-926f-823f898330c6/ozone-meta/ratis/bf265839-605b-3f16-9796-c5ba1605619e does not exist. Creating ...
2022-10-08 01:39:46,441 [pool-1261-thread-1] INFO  storage.RaftStorageDirectory (RaftStorageDirectoryImpl.java:tryLock(230)) - Lock on /home/runner/work/ozone/ozone/hadoop-ozone/integration-test/target/test-dir/MiniOzoneClusterImpl-f835b163-d90e-48f8-926f-823f898330c6/ozone-meta/ratis/bf265839-605b-3f16-9796-c5ba1605619e/in_use.lock acquired by nodename 52807@fv-az180-867
2022-10-08 01:39:46,452 [pool-1261-thread-1] INFO  storage.RaftStorage (RaftStorageImpl.java:format(89)) - Storage directory /home/runner/work/ozone/ozone/hadoop-ozone/integration-test/target/test-dir/MiniOzoneClusterImpl-f835b163-d90e-48f8-926f-823f898330c6/ozone-meta/ratis/bf265839-605b-3f16-9796-c5ba1605619e has been successfully formatted.
2022-10-08 01:39:46,452 [pool-1261-thread-1] INFO  server.RaftServerConfigKeys (ConfUtils.java:logGet(46)) - raft.server.notification.no-leader.timeout = 120s (custom)
2022-10-08 01:39:46,452 [pool-1261-thread-1] INFO  server.RaftServerConfigKeys (ConfUtils.java:logGet(46)) - raft.server.log.use.memory = false (default)
2022-10-08 01:39:46,452 [pool-1261-thread-1] INFO  server.RaftServerConfigKeys (ConfUtils.java:logGet(46)) - raft.server.log.purge.gap = 1000000 (custom)
2022-10-08 01:39:46,452 [pool-1261-thread-1] INFO  server.RaftServerConfigKeys (ConfUtils.java:logGet(46)) - raft.server.log.appender.buffer.byte-limit = 33554432 (custom)
2022-10-08 01:39:46,452 [pool-1261-thread-1] INFO  server.RaftServerConfigKeys (ConfUtils.java:logGet(46)) - raft.server.log.statemachine.data.read.timeout = 1000ms (default)
2022-10-08 01:39:46,452 [pool-1261-thread-1] INFO  server.RaftServerConfigKeys (ConfUtils.java:logGet(46)) - raft.server.log.segment.size.max = 4194304 (custom)
2022-10-08 01:39:46,453 [pool-1261-thread-1] INFO  server.RaftServerConfigKeys (ConfUtils.java:logGet(46)) - raft.server.log.segment.cache.num.max = 2 (custom)
2022-10-08 01:39:46,453 [pool-1261-thread-1] INFO  server.RaftServerConfigKeys (ConfUtils.java:logGet(46)) - raft.server.log.segment.cache.size.max = 200MB (=209715200) (default)
2022-10-08 01:39:46,453 [pool-1261-thread-1] INFO  segmented.SegmentedRaftLogWorker (SegmentedRaftLogWorker.java:<init>(187)) - new om1@group-C5BA1605619E-SegmentedRaftLogWorker for RaftStorageImpl:Storage Directory /home/runner/work/ozone/ozone/hadoop-ozone/integration-test/target/test-dir/MiniOzoneClusterImpl-f835b163-d90e-48f8-926f-823f898330c6/ozone-meta/ratis/bf265839-605b-3f16-9796-c5ba1605619e
2022-10-08 01:39:46,453 [pool-1261-thread-1] INFO  server.RaftServerConfigKeys (ConfUtils.java:logGet(46)) - raft.server.log.queue.byte-limit = 64MB (=67108864) (default)
2022-10-08 01:39:46,453 [pool-1261-thread-1] INFO  server.RaftServerConfigKeys (ConfUtils.java:logGet(46)) - raft.server.log.queue.element-limit = 4096 (default)
2022-10-08 01:39:46,453 [pool-1261-thread-1] INFO  server.RaftServerConfigKeys (ConfUtils.java:logGet(46)) - raft.server.log.segment.size.max = 4194304 (custom)
2022-10-08 01:39:46,453 [pool-1261-thread-1] INFO  server.RaftServerConfigKeys (ConfUtils.java:logGet(46)) - raft.server.log.preallocated.size = 4194304 (custom)
2022-10-08 01:39:46,453 [pool-1261-thread-1] INFO  server.RaftServerConfigKeys (ConfUtils.java:logGet(46)) - raft.server.log.force.sync.num = 128 (default)
2022-10-08 01:39:46,453 [pool-1261-thread-1] INFO  server.RaftServerConfigKeys (ConfUtils.java:logGet(46)) - raft.server.log.statemachine.data.sync = true (default)
2022-10-08 01:39:46,453 [pool-1261-thread-1] INFO  server.RaftServerConfigKeys (ConfUtils.java:logGet(46)) - raft.server.log.statemachine.data.sync.timeout = 10s (default)
2022-10-08 01:39:46,453 [pool-1261-thread-1] INFO  server.RaftServerConfigKeys (ConfUtils.java:logGet(46)) - raft.server.log.statemachine.data.sync.timeout.retry = -1 (default)
2022-10-08 01:39:46,455 [pool-1261-thread-1] INFO  server.RaftServerConfigKeys (ConfUtils.java:logGet(46)) - raft.server.log.write.buffer.size = 64KB (=65536) (default)
2022-10-08 01:39:46,455 [pool-1261-thread-1] INFO  server.RaftServerConfigKeys (ConfUtils.java:logGet(46)) - raft.server.log.unsafe-flush.enabled = false (default)
2022-10-08 01:39:46,455 [pool-1261-thread-1] INFO  server.RaftServerConfigKeys (ConfUtils.java:logGet(46)) - raft.server.log.statemachine.data.caching.enabled = false (default)
2022-10-08 01:39:46,455 [pool-1261-thread-1] INFO  segmented.SegmentedRaftLogWorker (SegmentedRaftLogWorker.java:lambda$new$0(135)) - om1@group-C5BA1605619E-SegmentedRaftLogWorker: flushIndex: setUnconditionally 0 -> -1
2022-10-08 01:39:46,455 [pool-1261-thread-1] INFO  segmented.SegmentedRaftLogWorker (SegmentedRaftLogWorker.java:lambda$new$0(135)) - om1@group-C5BA1605619E-SegmentedRaftLogWorker: safeCacheEvictIndex: setUnconditionally 0 -> -1
2022-10-08 01:39:46,476 [pool-1261-thread-1] INFO  server.RaftServerConfigKeys (ConfUtils.java:logGet(46)) - raft.server.snapshot.auto.trigger.enabled = true (custom)
2022-10-08 01:39:46,476 [pool-1261-thread-1] INFO  server.RaftServerConfigKeys (ConfUtils.java:logGet(46)) - raft.server.snapshot.auto.trigger.threshold = 400000 (default)
2022-10-08 01:39:46,476 [pool-1261-thread-1] INFO  server.RaftServerConfigKeys (ConfUtils.java:logGet(46)) - raft.server.snapshot.retention.file.num = -1 (default)
2022-10-08 01:39:46,476 [pool-1261-thread-1] INFO  server.RaftServerConfigKeys (ConfUtils.java:logGet(46)) - raft.server.log.purge.upto.snapshot.index = true (custom)
2022-10-08 01:39:46,476 [pool-1261-thread-1] INFO  server.RaftServerConfigKeys (ConfUtils.java:logGet(46)) - raft.server.retrycache.expirytime = 300s (custom)
2022-10-08 01:39:46,476 [pool-1261-thread-1] INFO  server.RaftServerConfigKeys (ConfUtils.java:logGet(46)) - raft.server.retrycache.statistics.expirytime = 100μs (default)
2022-10-08 01:39:46,505 [pool-1261-thread-1] INFO  server.RaftServerConfigKeys (ConfUtils.java:logGet(46)) - raft.server.log.appender.install.snapshot.enabled = false (custom)
2022-10-08 01:39:46,505 [pool-1261-thread-1] INFO  server.RaftServerConfigKeys (ConfUtils.java:logGet(46)) - raft.server.threadpool.server.cached = true (default)
2022-10-08 01:39:46,505 [pool-1261-thread-1] INFO  server.RaftServerConfigKeys (ConfUtils.java:logGet(46)) - raft.server.threadpool.server.size = 0 (default)
2022-10-08 01:39:46,506 [pool-1261-thread-1] INFO  server.RaftServerConfigKeys (ConfUtils.java:logGet(46)) - raft.server.threadpool.client.cached = true (default)
2022-10-08 01:39:46,506 [pool-1261-thread-1] INFO  server.RaftServerConfigKeys (ConfUtils.java:logGet(46)) - raft.server.threadpool.client.size = 0 (default)
2022-10-08 01:39:46,509 [ReplicationMonitor] WARN  replication.LegacyReplicationManager (LegacyReplicationManager.java:handleUnderReplicatedContainer(1224)) - Cannot replicate container #1, no healthy replica found.
2022-10-08 01:39:46,509 [ReplicationMonitor] WARN  replication.LegacyReplicationManager (LegacyReplicationManager.java:handleUnderReplicatedContainer(1224)) - Cannot replicate container #2, no healthy replica found.
2022-10-08 01:39:46,509 [ReplicationMonitor] WARN  replication.LegacyReplicationManager (LegacyReplicationManager.java:handleUnderReplicatedContainer(1224)) - Cannot replicate container #3, no healthy replica found.
2022-10-08 01:39:46,509 [ReplicationMonitor] INFO  replication.ReplicationManager (ReplicationManager.java:processAll(324)) - Replication Monitor Thread took 0 milliseconds for processing 7 containers.
2022-10-08 01:39:46,672 [ReplicationMonitor] INFO  replication.ReplicationManager (ReplicationManager.java:processAll(291)) - Replication Manager is not ready to run until 3000ms after safemode exit
2022-10-08 01:39:46,792 [Listener at 127.0.0.1/42695] INFO  statemachine.DatanodeStateMachine (DatanodeStateMachine.java:stopDaemon(580)) - Ozone container server stopped.
2022-10-08 01:39:46,865 [Listener at 127.0.0.1/42695] INFO  handler.ContextHandler (ContextHandler.java:doStop(1153)) - Stopped o.e.j.w.WebAppContext@1d032990{hddsDatanode,/,null,STOPPED}{jar:file:/home/runner/.m2/repository/org/apache/ozone/hdds-container-service/1.3.0-SNAPSHOT/hdds-container-service-1.3.0-SNAPSHOT.jar!/webapps/hddsDatanode}
2022-10-08 01:39:46,901 [Listener at 127.0.0.1/42695] INFO  server.AbstractConnector (AbstractConnector.java:doStop(381)) - Stopped ServerConnector@7a49037c{HTTP/1.1, (http/1.1)}{0.0.0.0:0}
2022-10-08 01:39:46,901 [Listener at 127.0.0.1/42695] INFO  server.session (HouseKeeper.java:stopScavenging(149)) - node0 Stopped scavenging
2022-10-08 01:39:46,901 [Listener at 127.0.0.1/42695] INFO  handler.ContextHandler (ContextHandler.java:doStop(1153)) - Stopped o.e.j.s.ServletContextHandler@50e7d14a{static,/static,jar:file:/home/runner/.m2/repository/org/apache/ozone/hdds-container-service/1.3.0-SNAPSHOT/hdds-container-service-1.3.0-SNAPSHOT.jar!/webapps/static,STOPPED}
2022-10-08 01:39:46,901 [Listener at 127.0.0.1/42695] INFO  handler.ContextHandler (ContextHandler.java:doStop(1153)) - Stopped o.e.j.s.ServletContextHandler@22e6252b{logs,/logs,file:///home/runner/work/ozone/ozone/hadoop-ozone/integration-test/target/log,STOPPED}
2022-10-08 01:39:47,509 [ReplicationMonitor] WARN  replication.LegacyReplicationManager (LegacyReplicationManager.java:handleUnderReplicatedContainer(1224)) - Cannot replicate container #1, no healthy replica found.
2022-10-08 01:39:47,510 [ReplicationMonitor] WARN  replication.LegacyReplicationManager (LegacyReplicationManager.java:handleUnderReplicatedContainer(1224)) - Cannot replicate container #2, no healthy replica found.
2022-10-08 01:39:47,510 [ReplicationMonitor] WARN  replication.LegacyReplicationManager (LegacyReplicationManager.java:handleUnderReplicatedContainer(1224)) - Cannot replicate container #3, no healthy replica found.
2022-10-08 01:39:47,510 [ReplicationMonitor] INFO  replication.ReplicationManager (ReplicationManager.java:processAll(324)) - Replication Monitor Thread took 1 milliseconds for processing 7 containers.
2022-10-08 01:39:47,672 [ReplicationMonitor] INFO  replication.ReplicationManager (ReplicationManager.java:processAll(291)) - Replication Manager is not ready to run until 3000ms after safemode exit
2022-10-08 01:39:48,510 [ReplicationMonitor] WARN  replication.LegacyReplicationManager (LegacyReplicationManager.java:handleUnderReplicatedContainer(1224)) - Cannot replicate container #1, no healthy replica found.
2022-10-08 01:39:48,510 [ReplicationMonitor] WARN  replication.LegacyReplicationManager (LegacyReplicationManager.java:handleUnderReplicatedContainer(1224)) - Cannot replicate container #2, no healthy replica found.
2022-10-08 01:39:48,510 [ReplicationMonitor] WARN  replication.LegacyReplicationManager (LegacyReplicationManager.java:handleUnderReplicatedContainer(1224)) - Cannot replicate container #3, no healthy replica found.
2022-10-08 01:39:48,510 [ReplicationMonitor] INFO  replication.ReplicationManager (ReplicationManager.java:processAll(324)) - Replication Monitor Thread took 1 milliseconds for processing 7 containers.
2022-10-08 01:39:48,673 [ReplicationMonitor] INFO  replication.ReplicationManager (ReplicationManager.java:processAll(291)) - Replication Manager is not ready to run until 3000ms after safemode exit
2022-10-08 01:39:49,299 [grpc-default-executor-11] INFO  replication.GrpcOutputStream (GrpcOutputStream.java:close(104)) - Sent 33590704 bytes for container 2
2022-10-08 01:39:49,300 [grpc-default-executor-10] INFO  replication.GrpcReplicationClient (GrpcReplicationClient.java:onCompleted(197)) - Container 2 is downloaded to /home/runner/work/ozone/ozone/hadoop-ozone/integration-test/target/test-dir/MiniOzoneClusterImpl-5d0d2deb-5324-41ce-86fc-5a78a6428163/datanode-4/data/replication/work/container-2.tar.gz
2022-10-08 01:39:49,301 [ContainerReplicationThread-1] INFO  replication.DownloadAndImportReplicator (DownloadAndImportReplicator.java:replicate(117)) - Container 2 is downloaded with size 33590704, starting to import.
2022-10-08 01:39:49,337 [Listener at 0.0.0.0/38065] INFO  reflections.Reflections (Reflections.java:scan(232)) - Reflections took 2837 ms to scan 19 urls, producing 67 keys and 4225 values [using 2 cores]
2022-10-08 01:39:49,338 [Listener at 0.0.0.0/38065] INFO  ipc.CallQueueManager (CallQueueManager.java:<init>(90)) - Using callQueue: class java.util.concurrent.LinkedBlockingQueue, queueCapacity: 2000, scheduler: class org.apache.hadoop.ipc.DefaultRpcScheduler, ipcBackoff: false.
2022-10-08 01:39:49,344 [Socket Reader #1 for port 0] INFO  ipc.Server (Server.java:run(1265)) - Starting Socket Reader #1 for port 0
2022-10-08 01:39:49,464 [Listener at 127.0.0.1/34011] INFO  impl.MetricsSystemImpl (MetricsSystemImpl.java:init(158)) - OzoneManager metrics system started (again)
2022-10-08 01:39:49,511 [ReplicationMonitor] WARN  replication.LegacyReplicationManager (LegacyReplicationManager.java:handleUnderReplicatedContainer(1224)) - Cannot replicate container #1, no healthy replica found.
2022-10-08 01:39:49,511 [ReplicationMonitor] WARN  replication.LegacyReplicationManager (LegacyReplicationManager.java:handleUnderReplicatedContainer(1224)) - Cannot replicate container #2, no healthy replica found.
2022-10-08 01:39:49,511 [ReplicationMonitor] WARN  replication.LegacyReplicationManager (LegacyReplicationManager.java:handleUnderReplicatedContainer(1224)) - Cannot replicate container #3, no healthy replica found.
2022-10-08 01:39:49,511 [ReplicationMonitor] INFO  replication.ReplicationManager (ReplicationManager.java:processAll(324)) - Replication Monitor Thread took 0 milliseconds for processing 7 containers.
2022-10-08 01:39:49,547 [Listener at 127.0.0.1/34011] INFO  om.OzoneManager (OzoneManager.java:start(1484)) - OzoneManager RPC server is listening at localhost/127.0.0.1:34011
2022-10-08 01:39:49,547 [Listener at 127.0.0.1/34011] INFO  ratis.OzoneManagerRatisServer (OzoneManagerRatisServer.java:start(555)) - Starting OzoneManagerRatisServer om1 at port 9872
2022-10-08 01:39:49,547 [om1-impl-thread1] INFO  server.RaftServer$Division (RaftServerImpl.java:start(310)) - om1@group-C5BA1605619E: start as a follower, conf=-1: [om1|rpc:localhost:9872|priority:0], old=null
2022-10-08 01:39:49,547 [om1-impl-thread1] INFO  server.RaftServer$Division (RaftServerImpl.java:setRole(299)) - om1@group-C5BA1605619E: changes role from      null to FOLLOWER at term 0 for startAsFollower
2022-10-08 01:39:49,547 [om1-impl-thread1] INFO  impl.RoleInfo (RoleInfo.java:updateAndGet(139)) - om1: start om1@group-C5BA1605619E-FollowerState
2022-10-08 01:39:49,554 [om1-impl-thread1] INFO  util.JmxRegister (JmxRegister.java:tryRegister(44)) - Successfully registered JMX Bean with object name Ratis:service=RaftServer,group=group-C5BA1605619E,id=om1
2022-10-08 01:39:49,566 [Listener at 127.0.0.1/34011] INFO  server.RaftServer (RaftServerProxy.java:lambda$start$6(382)) - om1: start RPC server
2022-10-08 01:39:49,577 [Listener at 127.0.0.1/34011] INFO  server.GrpcService (GrpcService.java:startImpl(260)) - om1: GrpcService started, listening on 9872
2022-10-08 01:39:49,580 [Listener at 127.0.0.1/34011] INFO  om.OzoneManager (OzoneManager.java:start(1500)) - Version File has different layout version (3) than OM DB (null). That is expected if this OM has never been finalized to a newer layout version.
2022-10-08 01:39:49,580 [org.apache.ratis.util.JvmPauseMonitor$$Lambda$636/846962177@6f6e3305] INFO  util.JvmPauseMonitor (JvmPauseMonitor.java:run(103)) - JvmPauseMonitor-om1: Started
2022-10-08 01:39:49,663 [ContainerReplicationThread-1] ERROR replication.DownloadAndImportReplicator (DownloadAndImportReplicator.java:replicate(125)) - Container 2 replication was unsuccessful.
org.apache.hadoop.util.DiskChecker$DiskOutOfSpaceException: No more available volumes
	at org.apache.hadoop.ozone.container.common.volume.RoundRobinVolumeChoosingPolicy.chooseVolume(RoundRobinVolumeChoosingPolicy.java:51)
	at org.apache.hadoop.ozone.container.keyvalue.KeyValueHandler.populateContainerPathFields(KeyValueHandler.java:333)
	at org.apache.hadoop.ozone.container.keyvalue.KeyValueHandler.importContainer(KeyValueHandler.java:973)
	at org.apache.hadoop.ozone.container.ozoneimpl.ContainerController.importContainer(ContainerController.java:162)
	at org.apache.hadoop.ozone.container.replication.DownloadAndImportReplicator.importContainer(DownloadAndImportReplicator.java:83)
	at org.apache.hadoop.ozone.container.replication.DownloadAndImportReplicator.replicate(DownloadAndImportReplicator.java:121)
	at org.apache.hadoop.ozone.container.replication.MeasuredReplicator.replicate(MeasuredReplicator.java:77)
	at org.apache.hadoop.ozone.container.replication.ReplicationSupervisor$TaskRunner.run(ReplicationSupervisor.java:168)
	at java.util.concurrent.ThreadPoolExecutor.runWorker(ThreadPoolExecutor.java:1149)
	at java.util.concurrent.ThreadPoolExecutor$Worker.run(ThreadPoolExecutor.java:624)
	at java.lang.Thread.run(Thread.java:750)
2022-10-08 01:39:49,673 [ReplicationMonitor] INFO  replication.ReplicationManager (ReplicationManager.java:processAll(291)) - Replication Manager is not ready to run until 3000ms after safemode exit
2022-10-08 01:39:49,688 [ContainerReplicationThread-1] ERROR replication.ReplicationSupervisor (ReplicationSupervisor.java:run(171)) - Container 2 can't be downloaded from any of the datanodes.
2022-10-08 01:39:49,740 [Listener at 127.0.0.1/34011] INFO  http.BaseHttpServer (BaseHttpServer.java:newHttpServer2BuilderForOzone(213)) - Starting Web-server for ozoneManager at: http://0.0.0.0:0
2022-10-08 01:39:49,740 [Listener at 127.0.0.1/34011] INFO  http.BaseHttpServer (BaseHttpServer.java:<init>(108)) - Hadoop Security Enabled: false Ozone Security Enabled: false Ozone HTTP Security Enabled: false 
2022-10-08 01:39:49,741 [Listener at 127.0.0.1/34011] INFO  server.AuthenticationFilter (AuthenticationFilter.java:constructSecretProvider(240)) - Unable to initialize FileSignerSecretProvider, falling back to use random secrets.
2022-10-08 01:39:49,751 [Listener at 127.0.0.1/34011] WARN  http.HttpRequestLog (HttpRequestLog.java:getRequestLog(103)) - Jetty request log can only be enabled using Log4j
2022-10-08 01:39:49,801 [Listener at 127.0.0.1/34011] INFO  http.HttpServer2 (HttpServer2.java:addGlobalFilter(1031)) - Added global filter 'safety' (class=org.apache.hadoop.hdds.server.http.HttpServer2$QuotingInputFilter)
2022-10-08 01:39:49,801 [Listener at 127.0.0.1/34011] INFO  http.HttpServer2 (HttpServer2.java:addFilter(1007)) - Added filter static_user_filter (class=org.apache.hadoop.http.lib.StaticUserWebFilter$StaticUserFilter) to context ozoneManager
2022-10-08 01:39:49,801 [Listener at 127.0.0.1/34011] INFO  http.HttpServer2 (HttpServer2.java:addFilter(1015)) - Added filter static_user_filter (class=org.apache.hadoop.http.lib.StaticUserWebFilter$StaticUserFilter) to context logs
2022-10-08 01:39:49,801 [Listener at 127.0.0.1/34011] INFO  http.HttpServer2 (HttpServer2.java:addFilter(1015)) - Added filter static_user_filter (class=org.apache.hadoop.http.lib.StaticUserWebFilter$StaticUserFilter) to context static
2022-10-08 01:39:49,802 [Listener at 127.0.0.1/34011] INFO  http.HttpServer2 (HttpServer2.java:bindListener(1250)) - Jetty bound to port 45489
2022-10-08 01:39:49,802 [Listener at 127.0.0.1/34011] INFO  server.Server (Server.java:doStart(375)) - jetty-9.4.43.v20210629; built: 2021-06-30T11:07:22.254Z; git: 526006ecfa3af7f1a27ef3a288e2bef7ea9dd7e8; jvm 1.8.0_345-b01
2022-10-08 01:39:49,912 [ContainerReplicationThread-0] ERROR replication.SimpleContainerDownloader (SimpleContainerDownloader.java:getContainerDataFromReplicas(95)) - Container 1 could not be downloaded from any datanode
2022-10-08 01:39:49,912 [ContainerReplicationThread-0] ERROR replication.ReplicationSupervisor (ReplicationSupervisor.java:run(171)) - Container 1 can't be downloaded from any of the datanodes.
2022-10-08 01:39:49,980 [Listener at 127.0.0.1/34011] INFO  server.session (DefaultSessionIdManager.java:doStart(334)) - DefaultSessionIdManager workerName=node0
2022-10-08 01:39:49,980 [Listener at 127.0.0.1/34011] INFO  server.session (DefaultSessionIdManager.java:doStart(339)) - No SessionScavenger set, using defaults
2022-10-08 01:39:49,980 [Listener at 127.0.0.1/34011] INFO  server.session (HouseKeeper.java:startScavenging(132)) - node0 Scavenging every 660000ms
2022-10-08 01:39:49,984 [Listener at 127.0.0.1/34011] INFO  handler.ContextHandler (ContextHandler.java:doStart(915)) - Started o.e.j.s.ServletContextHandler@16fabb8d{logs,/logs,file:///home/runner/work/ozone/ozone/hadoop-ozone/integration-test/target/log,AVAILABLE}
2022-10-08 01:39:49,984 [Listener at 127.0.0.1/34011] INFO  handler.ContextHandler (ContextHandler.java:doStart(915)) - Started o.e.j.s.ServletContextHandler@56dce452{static,/static,file:///home/runner/work/ozone/ozone/hadoop-ozone/integration-test/target/test-classes/webapps/static,AVAILABLE}
2022-10-08 01:39:49,912 [ContainerReplicationThread-2] ERROR replication.SimpleContainerDownloader (SimpleContainerDownloader.java:getContainerDataFromReplicas(95)) - Container 3 could not be downloaded from any datanode
2022-10-08 01:39:49,989 [ContainerReplicationThread-2] ERROR replication.ReplicationSupervisor (ReplicationSupervisor.java:run(171)) - Container 3 can't be downloaded from any of the datanodes.
2022-10-08 01:39:49,912 [ContainerReplicationThread-1] ERROR replication.SimpleContainerDownloader (SimpleContainerDownloader.java:getContainerDataFromReplicas(95)) - Container 2 could not be downloaded from any datanode
2022-10-08 01:39:49,989 [ContainerReplicationThread-1] ERROR replication.ReplicationSupervisor (ReplicationSupervisor.java:run(171)) - Container 2 can't be downloaded from any of the datanodes.
2022-10-08 01:39:50,013 [Listener at 127.0.0.1/34011] INFO  handler.ContextHandler (ContextHandler.java:doStart(915)) - Started o.e.j.w.WebAppContext@254f8a10{ozoneManager,/,file:///home/runner/work/ozone/ozone/hadoop-ozone/integration-test/target/test-classes/webapps/ozoneManager/,AVAILABLE}{file:/home/runner/work/ozone/ozone/hadoop-ozone/integration-test/target/test-classes/webapps/ozoneManager}
2022-10-08 01:39:50,032 [Listener at 127.0.0.1/34011] INFO  server.AbstractConnector (AbstractConnector.java:doStart(331)) - Started ServerConnector@3973b79{HTTP/1.1, (http/1.1)}{0.0.0.0:45489}
2022-10-08 01:39:50,032 [Listener at 127.0.0.1/34011] INFO  server.Server (Server.java:doStart(415)) - Started @516304ms
2022-10-08 01:39:50,032 [Listener at 127.0.0.1/34011] WARN  impl.MetricsSystemImpl (MetricsSystemImpl.java:register(279)) - Sink prometheus already exists!
2022-10-08 01:39:50,033 [Listener at 127.0.0.1/34011] INFO  http.BaseHttpServer (BaseHttpServer.java:updateConnectorAddress(333)) - HTTP server of ozoneManager listening at http://0.0.0.0:45489
2022-10-08 01:39:50,040 [IPC Server Responder] INFO  ipc.Server (Server.java:run(1507)) - IPC Server Responder: starting
2022-10-08 01:39:50,052 [IPC Server listener on 0] INFO  ipc.Server (Server.java:run(1344)) - IPC Server listener on 0: starting
2022-10-08 01:39:50,183 [Listener at 127.0.0.1/34011] INFO  om.OzoneManager (OzoneManager.java:startTrashEmptier(1921)) - Trash Interval set to 0. Files deleted won't move to trash
2022-10-08 01:39:50,320 [org.apache.hadoop.util.JvmPauseMonitor$Monitor@5d2ea972] INFO  util.JvmPauseMonitor (JvmPauseMonitor.java:run(188)) - Starting JVM pause monitor
2022-10-08 01:39:50,404 [Listener at 127.0.0.1/34011] WARN  impl.MetricRegistriesImpl (MetricRegistriesImpl.java:addReporterRegistration(111)) - New reporters are added after registries were created. Some metrics will be missing from the reporter. Please add reporter before adding any new registry.
2022-10-08 01:39:50,404 [Listener at 127.0.0.1/34011] WARN  impl.MetricRegistriesImpl (MetricRegistriesImpl.java:addReporterRegistration(111)) - New reporters are added after registries were created. Some metrics will be missing from the reporter. Please add reporter before adding any new registry.
2022-10-08 01:39:50,405 [Listener at 127.0.0.1/34011] INFO  impl.MetricsSystemImpl (MetricsSystemImpl.java:init(158)) - HddsDatanode metrics system started (again)
2022-10-08 01:39:50,471 [Listener at 127.0.0.1/34011] INFO  ozone.HddsDatanodeService (HddsDatanodeService.java:start(236)) - HddsDatanodeService host:fv-az180-867.g3pwtgv4ffyuhaixmbmm0kyh3d.gx.internal.cloudapp.net ip:10.1.0.61
2022-10-08 01:39:50,512 [ReplicationMonitor] WARN  replication.LegacyReplicationManager (LegacyReplicationManager.java:handleUnderReplicatedContainer(1224)) - Cannot replicate container #1, no healthy replica found.
2022-10-08 01:39:50,512 [ReplicationMonitor] WARN  replication.LegacyReplicationManager (LegacyReplicationManager.java:handleUnderReplicatedContainer(1224)) - Cannot replicate container #2, no healthy replica found.
2022-10-08 01:39:50,512 [ReplicationMonitor] WARN  replication.LegacyReplicationManager (LegacyReplicationManager.java:handleUnderReplicatedContainer(1224)) - Cannot replicate container #3, no healthy replica found.
2022-10-08 01:39:50,512 [ReplicationMonitor] INFO  replication.ReplicationManager (ReplicationManager.java:processAll(324)) - Replication Monitor Thread took 1 milliseconds for processing 7 containers.
2022-10-08 01:39:50,630 [om1@group-C5BA1605619E-FollowerState] INFO  impl.FollowerState (FollowerState.java:run(143)) - om1@group-C5BA1605619E-FollowerState: change to CANDIDATE, lastRpcElapsedTime:1082845744ns, electionTimeout:1050ms
2022-10-08 01:39:50,630 [om1@group-C5BA1605619E-FollowerState] INFO  impl.RoleInfo (RoleInfo.java:shutdownFollowerState(110)) - om1: shutdown om1@group-C5BA1605619E-FollowerState
2022-10-08 01:39:50,631 [om1@group-C5BA1605619E-FollowerState] INFO  server.RaftServer$Division (RaftServerImpl.java:setRole(299)) - om1@group-C5BA1605619E: changes role from  FOLLOWER to CANDIDATE at term 0 for changeToCandidate
2022-10-08 01:39:50,631 [om1@group-C5BA1605619E-FollowerState] INFO  server.RaftServerConfigKeys (ConfUtils.java:logGet(46)) - raft.server.leaderelection.pre-vote = false (custom)
2022-10-08 01:39:50,631 [om1@group-C5BA1605619E-FollowerState] INFO  impl.RoleInfo (RoleInfo.java:updateAndGet(139)) - om1: start om1@group-C5BA1605619E-LeaderElection44
2022-10-08 01:39:50,688 [ReplicationMonitor] INFO  replication.ReplicationManager (ReplicationManager.java:processAll(291)) - Replication Manager is not ready to run until 3000ms after safemode exit
2022-10-08 01:39:50,730 [om1@group-C5BA1605619E-LeaderElection44] INFO  impl.LeaderElection (LeaderElection.java:askForVotes(310)) - om1@group-C5BA1605619E-LeaderElection44 ELECTION round 0: submit vote requests at term 1 for -1: [om1|rpc:localhost:9872|priority:0], old=null
2022-10-08 01:39:50,730 [om1@group-C5BA1605619E-LeaderElection44] INFO  impl.LeaderElection (LeaderElection.java:askForVotes(312)) - om1@group-C5BA1605619E-LeaderElection44 ELECTION round 0: result PASSED (term=1)
2022-10-08 01:39:50,730 [om1@group-C5BA1605619E-LeaderElection44] INFO  impl.RoleInfo (RoleInfo.java:shutdownLeaderElection(130)) - om1: shutdown om1@group-C5BA1605619E-LeaderElection44
2022-10-08 01:39:50,730 [om1@group-C5BA1605619E-LeaderElection44] INFO  server.RaftServer$Division (RaftServerImpl.java:setRole(299)) - om1@group-C5BA1605619E: changes role from CANDIDATE to LEADER at term 1 for changeToLeader
2022-10-08 01:39:50,731 [om1@group-C5BA1605619E-LeaderElection44] INFO  server.RaftServer$Division (ServerState.java:setLeader(287)) - om1@group-C5BA1605619E: change Leader from null to om1 at term 1 for becomeLeader, leader elected after 4278ms
2022-10-08 01:39:50,731 [om1@group-C5BA1605619E-LeaderElection44] INFO  server.RaftServerConfigKeys (ConfUtils.java:logGet(46)) - raft.server.staging.catchup.gap = 1000 (default)
2022-10-08 01:39:50,731 [om1@group-C5BA1605619E-LeaderElection44] INFO  server.RaftServerConfigKeys (ConfUtils.java:logGet(46)) - raft.server.write.element-limit = 4096 (default)
2022-10-08 01:39:50,731 [om1@group-C5BA1605619E-LeaderElection44] INFO  server.RaftServerConfigKeys (ConfUtils.java:logGet(46)) - raft.server.write.byte-limit = 64MB (=67108864) (default)
2022-10-08 01:39:50,731 [om1@group-C5BA1605619E-LeaderElection44] INFO  server.RaftServerConfigKeys (ConfUtils.java:logGet(46)) - raft.server.watch.timeout = 10s (default)
2022-10-08 01:39:50,731 [om1@group-C5BA1605619E-LeaderElection44] INFO  server.RaftServerConfigKeys (ConfUtils.java:logGet(46)) - raft.server.watch.timeout.denomination = 1s (default)
2022-10-08 01:39:50,731 [om1@group-C5BA1605619E-LeaderElection44] INFO  server.RaftServerConfigKeys (ConfUtils.java:logGet(46)) - raft.server.watch.element-limit = 65536 (default)
2022-10-08 01:39:50,731 [om1@group-C5BA1605619E-LeaderElection44] INFO  server.RaftServerConfigKeys (ConfUtils.java:logGet(46)) - raft.server.write.element-limit = 4096 (default)
2022-10-08 01:39:50,731 [om1@group-C5BA1605619E-LeaderElection44] INFO  server.RaftServerConfigKeys (ConfUtils.java:logGet(46)) - raft.server.write.follower.gap.ratio.max = -1.0 (default)
2022-10-08 01:39:50,732 [om1@group-C5BA1605619E-LeaderElection44] INFO  impl.RoleInfo (RoleInfo.java:updateAndGet(139)) - om1: start om1@group-C5BA1605619E-LeaderStateImpl
2022-10-08 01:39:50,732 [om1@group-C5BA1605619E-LeaderElection44] INFO  segmented.SegmentedRaftLogWorker (SegmentedRaftLogWorker.java:startLogSegment(425)) - om1@group-C5BA1605619E-SegmentedRaftLogWorker: Starting segment from index:0
2022-10-08 01:39:50,738 [om1@group-C5BA1605619E-LeaderElection44] INFO  server.RaftServer$Division (ServerState.java:setRaftConf(393)) - om1@group-C5BA1605619E: set configuration 0: [om1|rpc:localhost:9872|admin:|client:|dataStream:|priority:0], old=null
2022-10-08 01:39:50,763 [om1@group-C5BA1605619E-SegmentedRaftLogWorker] INFO  segmented.SegmentedRaftLogWorker (SegmentedRaftLogWorker.java:execute(629)) - om1@group-C5BA1605619E-SegmentedRaftLogWorker: created new log segment /home/runner/work/ozone/ozone/hadoop-ozone/integration-test/target/test-dir/MiniOzoneClusterImpl-f835b163-d90e-48f8-926f-823f898330c6/ozone-meta/ratis/bf265839-605b-3f16-9796-c5ba1605619e/current/log_inprogress_0
2022-10-08 01:39:50,812 [Listener at 127.0.0.1/34011] INFO  upgrade.AbstractLayoutVersionManager (AbstractLayoutVersionManager.java:init(83)) - Initializing Layout version manager with metadata layout = DATANODE_SCHEMA_V3 (version = 4), software layout = DATANODE_SCHEMA_V3 (version = 4)
2022-10-08 01:39:50,812 [om1@group-C5BA1605619E-StateMachineUpdater] INFO  ratis.OzoneManagerStateMachine (OzoneManagerStateMachine.java:notifyConfigurationChanged(192)) - Received Configuration change notification from Ratis. New Peer list:
[id: "om1"
address: "localhost:9872"
]
2022-10-08 01:39:51,188 [Listener at 127.0.0.1/34011] INFO  reflections.Reflections (Reflections.java:scan(232)) - Reflections took 375 ms to scan 7 urls, producing 135 keys and 327 values 
2022-10-08 01:39:51,209 [Listener at 127.0.0.1/34011] INFO  statemachine.DatanodeStateMachine (DatanodeStateMachine.java:getEndPointTaskThreadPoolSize(237)) - Datanode State Machine Task Thread Pool size 2
2022-10-08 01:39:51,240 [Listener at 127.0.0.1/34011] INFO  volume.HddsVolume (HddsVolume.java:<init>(117)) - Creating HddsVolume: /home/runner/work/ozone/ozone/hadoop-ozone/integration-test/target/test-dir/MiniOzoneClusterImpl-f835b163-d90e-48f8-926f-823f898330c6/datanode-0/data-0/containers/hdds of storage type : DISK capacity : 9223372036854775807
2022-10-08 01:39:51,241 [Listener at 127.0.0.1/34011] INFO  volume.MutableVolumeSet (MutableVolumeSet.java:initializeVolumeSet(174)) - Added Volume : /home/runner/work/ozone/ozone/hadoop-ozone/integration-test/target/test-dir/MiniOzoneClusterImpl-f835b163-d90e-48f8-926f-823f898330c6/datanode-0/data-0/containers/hdds to VolumeSet
2022-10-08 01:39:51,288 [Listener at 127.0.0.1/34011] INFO  volume.ThrottledAsyncChecker (ThrottledAsyncChecker.java:schedule(141)) - Scheduling a check for /home/runner/work/ozone/ozone/hadoop-ozone/integration-test/target/test-dir/MiniOzoneClusterImpl-f835b163-d90e-48f8-926f-823f898330c6/datanode-0/data-0/containers/hdds
2022-10-08 01:39:51,293 [Listener at 127.0.0.1/34011] INFO  volume.StorageVolumeChecker (StorageVolumeChecker.java:checkAllVolumes(202)) - Scheduled health check for volume /home/runner/work/ozone/ozone/hadoop-ozone/integration-test/target/test-dir/MiniOzoneClusterImpl-f835b163-d90e-48f8-926f-823f898330c6/datanode-0/data-0/containers/hdds
2022-10-08 01:39:51,407 [Listener at 127.0.0.1/34011] INFO  volume.MutableVolumeSet (MutableVolumeSet.java:initializeVolumeSet(174)) - Added Volume : /home/runner/work/ozone/ozone/hadoop-ozone/integration-test/target/test-dir/MiniOzoneClusterImpl-f835b163-d90e-48f8-926f-823f898330c6/datanode-0/data/ratis to VolumeSet
2022-10-08 01:39:51,407 [Listener at 127.0.0.1/34011] INFO  volume.ThrottledAsyncChecker (ThrottledAsyncChecker.java:schedule(141)) - Scheduling a check for /home/runner/work/ozone/ozone/hadoop-ozone/integration-test/target/test-dir/MiniOzoneClusterImpl-f835b163-d90e-48f8-926f-823f898330c6/datanode-0/data/ratis
2022-10-08 01:39:51,444 [Listener at 127.0.0.1/34011] INFO  volume.StorageVolumeChecker (StorageVolumeChecker.java:checkAllVolumes(202)) - Scheduled health check for volume /home/runner/work/ozone/ozone/hadoop-ozone/integration-test/target/test-dir/MiniOzoneClusterImpl-f835b163-d90e-48f8-926f-823f898330c6/datanode-0/data/ratis
2022-10-08 01:39:51,512 [ReplicationMonitor] WARN  replication.LegacyReplicationManager (LegacyReplicationManager.java:handleUnderReplicatedContainer(1224)) - Cannot replicate container #1, no healthy replica found.
2022-10-08 01:39:51,512 [ReplicationMonitor] WARN  replication.LegacyReplicationManager (LegacyReplicationManager.java:handleUnderReplicatedContainer(1224)) - Cannot replicate container #2, no healthy replica found.
2022-10-08 01:39:51,512 [ReplicationMonitor] WARN  replication.LegacyReplicationManager (LegacyReplicationManager.java:handleUnderReplicatedContainer(1224)) - Cannot replicate container #3, no healthy replica found.
2022-10-08 01:39:51,513 [ReplicationMonitor] INFO  replication.ReplicationManager (ReplicationManager.java:processAll(324)) - Replication Monitor Thread took 1 milliseconds for processing 7 containers.
2022-10-08 01:39:51,568 [Thread-2731] INFO  ozoneimpl.ContainerReader (ContainerReader.java:readVolume(175)) - Finish verifying containers on volume /home/runner/work/ozone/ozone/hadoop-ozone/integration-test/target/test-dir/MiniOzoneClusterImpl-f835b163-d90e-48f8-926f-823f898330c6/datanode-0/data-0/containers/hdds
2022-10-08 01:39:51,568 [Listener at 127.0.0.1/34011] INFO  ozoneimpl.OzoneContainer (OzoneContainer.java:buildContainerSet(300)) - Build ContainerSet costs 0s
2022-10-08 01:39:51,570 [Listener at 127.0.0.1/34011] INFO  server.RaftServer (ConfUtils.java:logGet(46)) - raft.rpc.type = GRPC (default)
2022-10-08 01:39:51,570 [Listener at 127.0.0.1/34011] INFO  grpc.GrpcFactory (GrpcFactory.java:checkPooledByteBufAllocatorUseCacheForAllThreads(48)) - PERFORMANCE WARNING: useCacheForAllThreads is true that may cause Netty to create a lot garbage objects and, as a result, trigger GC.
	It is recommended to disable useCacheForAllThreads by setting -Dorg.apache.ratis.thirdparty.io.netty.allocator.useCacheForAllThreads=false in command line.
2022-10-08 01:39:51,570 [Listener at 127.0.0.1/34011] INFO  grpc.GrpcConfigKeys (ConfUtils.java:logGet(46)) - raft.grpc.admin.port = 0 (custom)
2022-10-08 01:39:51,570 [Listener at 127.0.0.1/34011] INFO  grpc.GrpcConfigKeys (ConfUtils.java:logGet(46)) - raft.grpc.client.port = 0 (custom)
2022-10-08 01:39:51,570 [Listener at 127.0.0.1/34011] INFO  grpc.GrpcConfigKeys (ConfUtils.java:logGet(46)) - raft.grpc.server.port = 0 (default)
2022-10-08 01:39:51,570 [Listener at 127.0.0.1/34011] INFO  server.GrpcService (ConfUtils.java:logGet(46)) - raft.grpc.message.size.max = 32MB (=33554432) (custom)
2022-10-08 01:39:51,570 [Listener at 127.0.0.1/34011] INFO  server.RaftServerConfigKeys (ConfUtils.java:logGet(46)) - raft.server.log.appender.buffer.byte-limit = 33554432 (custom)
2022-10-08 01:39:51,570 [Listener at 127.0.0.1/34011] INFO  server.GrpcService (ConfUtils.java:logGet(46)) - raft.grpc.flow.control.window = 5MB (=5242880) (custom)
2022-10-08 01:39:51,570 [Listener at 127.0.0.1/34011] INFO  server.RaftServerConfigKeys (ConfUtils.java:logGet(46)) - raft.server.rpc.request.timeout = 60s (custom)
2022-10-08 01:39:51,570 [Listener at 127.0.0.1/34011] INFO  grpc.GrpcConfigKeys (ConfUtils.java:logGet(46)) - raft.grpc.server.async.request.thread.pool.cached = true (default)
2022-10-08 01:39:51,571 [Listener at 127.0.0.1/34011] INFO  grpc.GrpcConfigKeys (ConfUtils.java:logGet(46)) - raft.grpc.server.async.request.thread.pool.size = 32 (default)
2022-10-08 01:39:51,572 [Listener at 127.0.0.1/34011] INFO  impl.DataStreamServerImpl (ConfUtils.java:logGet(46)) - raft.datastream.type = DISABLED (default)
2022-10-08 01:39:51,572 [Listener at 127.0.0.1/34011] INFO  server.RaftServerConfigKeys (ConfUtils.java:logGet(46)) - raft.server.threadpool.proxy.cached = true (default)
2022-10-08 01:39:51,572 [Listener at 127.0.0.1/34011] INFO  server.RaftServerConfigKeys (ConfUtils.java:logGet(46)) - raft.server.threadpool.proxy.size = 0 (default)
2022-10-08 01:39:51,572 [Listener at 127.0.0.1/34011] INFO  server.RaftServerConfigKeys (ConfUtils.java:logGet(46)) - raft.server.rpc.slowness.timeout = 300s (custom)
2022-10-08 01:39:51,572 [Listener at 127.0.0.1/34011] INFO  server.RaftServerConfigKeys (ConfUtils.java:logGet(46)) - raft.server.leaderelection.leader.step-down.wait-time = 10s (default)
2022-10-08 01:39:51,572 [Listener at 127.0.0.1/34011] INFO  server.RaftServerConfigKeys (ConfUtils.java:logGet(46)) - raft.server.storage.dir = [/home/runner/work/ozone/ozone/hadoop-ozone/integration-test/target/test-dir/MiniOzoneClusterImpl-f835b163-d90e-48f8-926f-823f898330c6/datanode-0/data/ratis] (custom)
2022-10-08 01:39:51,573 [Listener at 127.0.0.1/34011] INFO  server.XceiverServerGrpc (XceiverServerGrpc.java:<init>(132)) - GrpcServer channel type EpollServerSocketChannel
2022-10-08 01:39:51,632 [Listener at 127.0.0.1/34011] INFO  http.BaseHttpServer (BaseHttpServer.java:newHttpServer2BuilderForOzone(213)) - Starting Web-server for hddsDatanode at: http://0.0.0.0:0
2022-10-08 01:39:51,632 [Listener at 127.0.0.1/34011] INFO  http.BaseHttpServer (BaseHttpServer.java:<init>(108)) - Hadoop Security Enabled: false Ozone Security Enabled: false Ozone HTTP Security Enabled: false 
2022-10-08 01:39:51,633 [Listener at 127.0.0.1/34011] INFO  server.AuthenticationFilter (AuthenticationFilter.java:constructSecretProvider(240)) - Unable to initialize FileSignerSecretProvider, falling back to use random secrets.
2022-10-08 01:39:51,668 [Listener at 127.0.0.1/34011] WARN  http.HttpRequestLog (HttpRequestLog.java:getRequestLog(103)) - Jetty request log can only be enabled using Log4j
2022-10-08 01:39:51,669 [Listener at 127.0.0.1/34011] INFO  http.HttpServer2 (HttpServer2.java:addGlobalFilter(1031)) - Added global filter 'safety' (class=org.apache.hadoop.hdds.server.http.HttpServer2$QuotingInputFilter)
2022-10-08 01:39:51,670 [Listener at 127.0.0.1/34011] INFO  http.HttpServer2 (HttpServer2.java:addFilter(1007)) - Added filter static_user_filter (class=org.apache.hadoop.http.lib.StaticUserWebFilter$StaticUserFilter) to context hddsDatanode
2022-10-08 01:39:51,670 [Listener at 127.0.0.1/34011] INFO  http.HttpServer2 (HttpServer2.java:addFilter(1015)) - Added filter static_user_filter (class=org.apache.hadoop.http.lib.StaticUserWebFilter$StaticUserFilter) to context logs
2022-10-08 01:39:51,670 [Listener at 127.0.0.1/34011] INFO  http.HttpServer2 (HttpServer2.java:addFilter(1015)) - Added filter static_user_filter (class=org.apache.hadoop.http.lib.StaticUserWebFilter$StaticUserFilter) to context static
2022-10-08 01:39:51,670 [Listener at 127.0.0.1/34011] INFO  http.HttpServer2 (HttpServer2.java:bindListener(1250)) - Jetty bound to port 45481
2022-10-08 01:39:51,670 [Listener at 127.0.0.1/34011] INFO  server.Server (Server.java:doStart(375)) - jetty-9.4.43.v20210629; built: 2021-06-30T11:07:22.254Z; git: 526006ecfa3af7f1a27ef3a288e2bef7ea9dd7e8; jvm 1.8.0_345-b01
2022-10-08 01:39:51,688 [ReplicationMonitor] INFO  replication.ReplicationManager (ReplicationManager.java:processAll(291)) - Replication Manager is not ready to run until 3000ms after safemode exit
2022-10-08 01:39:51,868 [Listener at 127.0.0.1/34011] INFO  server.session (DefaultSessionIdManager.java:doStart(334)) - DefaultSessionIdManager workerName=node0
2022-10-08 01:39:51,868 [Listener at 127.0.0.1/34011] INFO  server.session (DefaultSessionIdManager.java:doStart(339)) - No SessionScavenger set, using defaults
2022-10-08 01:39:51,868 [Listener at 127.0.0.1/34011] INFO  server.session (HouseKeeper.java:startScavenging(132)) - node0 Scavenging every 660000ms
2022-10-08 01:39:51,872 [Listener at 127.0.0.1/34011] INFO  handler.ContextHandler (ContextHandler.java:doStart(915)) - Started o.e.j.s.ServletContextHandler@144f1be5{logs,/logs,file:///home/runner/work/ozone/ozone/hadoop-ozone/integration-test/target/log,AVAILABLE}
2022-10-08 01:39:51,872 [Listener at 127.0.0.1/34011] INFO  handler.ContextHandler (ContextHandler.java:doStart(915)) - Started o.e.j.s.ServletContextHandler@3f0652d8{static,/static,jar:file:/home/runner/.m2/repository/org/apache/ozone/hdds-container-service/1.3.0-SNAPSHOT/hdds-container-service-1.3.0-SNAPSHOT.jar!/webapps/static,AVAILABLE}
2022-10-08 01:39:52,089 [grpc-default-executor-12] INFO  replication.GrpcOutputStream (GrpcOutputStream.java:close(104)) - Sent 18908800 bytes for container 3
2022-10-08 01:39:52,092 [grpc-default-executor-11] INFO  replication.GrpcReplicationClient (GrpcReplicationClient.java:onCompleted(197)) - Container 3 is downloaded to /home/runner/work/ozone/ozone/hadoop-ozone/integration-test/target/test-dir/MiniOzoneClusterImpl-5d0d2deb-5324-41ce-86fc-5a78a6428163/datanode-3/data/replication/work/container-3.tar.gz
2022-10-08 01:39:52,504 [EventQueue-StaleNodeForStaleNodeHandler] INFO  node.StaleNodeHandler (StaleNodeHandler.java:onMessage(59)) - Datanode 0f3c4d66-37ce-46af-a3a8-7219c161bdb8{ip: 10.1.0.61, host: fv-az180-867.g3pwtgv4ffyuhaixmbmm0kyh3d.gx.internal.cloudapp.net, ports: [REPLICATION=38951, RATIS=46327, RATIS_ADMIN=46327, RATIS_SERVER=46327, STANDALONE=35039], networkLocation: /default-rack, certSerialId: null, persistedOpState: IN_SERVICE, persistedOpStateExpiryEpochSec: 0} moved to stale state. Finalizing its pipelines [PipelineID=85dbd495-780c-479f-9733-2719600cab4f]
2022-10-08 01:39:52,505 [EventQueue-StaleNodeForStaleNodeHandler] INFO  pipeline.PipelineManagerImpl (PipelineManagerImpl.java:closePipeline(442)) - Pipeline Pipeline[ Id: 85dbd495-780c-479f-9733-2719600cab4f, Nodes: 0f3c4d66-37ce-46af-a3a8-7219c161bdb8{ip: 10.1.0.61, host: fv-az180-867.g3pwtgv4ffyuhaixmbmm0kyh3d.gx.internal.cloudapp.net, ports: [REPLICATION=38951, RATIS=46327, RATIS_ADMIN=46327, RATIS_SERVER=46327, STANDALONE=35039], networkLocation: /default-rack, certSerialId: null, persistedOpState: IN_SERVICE, persistedOpStateExpiryEpochSec: 0}, ReplicationConfig: RATIS/ONE, State:OPEN, leaderId:0f3c4d66-37ce-46af-a3a8-7219c161bdb8, CreationTimestamp2022-10-08T01:35:01.380Z[Etc/UTC]] moved to CLOSED state
2022-10-08 01:39:52,513 [ReplicationMonitor] WARN  replication.LegacyReplicationManager (LegacyReplicationManager.java:handleUnderReplicatedContainer(1224)) - Cannot replicate container #1, no healthy replica found.
2022-10-08 01:39:52,513 [ReplicationMonitor] WARN  replication.LegacyReplicationManager (LegacyReplicationManager.java:handleUnderReplicatedContainer(1224)) - Cannot replicate container #2, no healthy replica found.
2022-10-08 01:39:52,513 [ReplicationMonitor] WARN  replication.LegacyReplicationManager (LegacyReplicationManager.java:handleUnderReplicatedContainer(1224)) - Cannot replicate container #3, no healthy replica found.
2022-10-08 01:39:52,513 [ReplicationMonitor] INFO  replication.ReplicationManager (ReplicationManager.java:processAll(324)) - Replication Monitor Thread took 1 milliseconds for processing 7 containers.
2022-10-08 01:39:52,688 [ReplicationMonitor] INFO  replication.ReplicationManager (ReplicationManager.java:processAll(291)) - Replication Manager is not ready to run until 3000ms after safemode exit
2022-10-08 01:39:53,520 [ReplicationMonitor] WARN  replication.LegacyReplicationManager (LegacyReplicationManager.java:handleUnderReplicatedContainer(1224)) - Cannot replicate container #1, no healthy replica found.
2022-10-08 01:39:53,520 [ReplicationMonitor] WARN  replication.LegacyReplicationManager (LegacyReplicationManager.java:handleUnderReplicatedContainer(1224)) - Cannot replicate container #2, no healthy replica found.
2022-10-08 01:39:53,520 [ReplicationMonitor] WARN  replication.LegacyReplicationManager (LegacyReplicationManager.java:handleUnderReplicatedContainer(1224)) - Cannot replicate container #3, no healthy replica found.
2022-10-08 01:39:53,520 [ReplicationMonitor] INFO  replication.ReplicationManager (ReplicationManager.java:processAll(324)) - Replication Monitor Thread took 0 milliseconds for processing 7 containers.
2022-10-08 01:39:53,534 [Listener at 127.0.0.1/34011] INFO  handler.ContextHandler (ContextHandler.java:doStart(915)) - Started o.e.j.w.WebAppContext@6273ca6{hddsDatanode,/,file:///tmp/jetty-0_0_0_0-45481-hdds-container-service-1_3_0-SNAPSHOT_jar-_-any-5541851014287271214/webapp/,AVAILABLE}{jar:file:/home/runner/.m2/repository/org/apache/ozone/hdds-container-service/1.3.0-SNAPSHOT/hdds-container-service-1.3.0-SNAPSHOT.jar!/webapps/hddsDatanode}
2022-10-08 01:39:53,537 [Listener at 127.0.0.1/34011] INFO  server.AbstractConnector (AbstractConnector.java:doStart(331)) - Started ServerConnector@724b5e80{HTTP/1.1, (http/1.1)}{0.0.0.0:45481}
2022-10-08 01:39:53,537 [Listener at 127.0.0.1/34011] INFO  server.Server (Server.java:doStart(415)) - Started @519809ms
2022-10-08 01:39:53,537 [Listener at 127.0.0.1/34011] WARN  impl.MetricsSystemImpl (MetricsSystemImpl.java:register(279)) - Sink prometheus already exists!
2022-10-08 01:39:53,537 [Listener at 127.0.0.1/34011] INFO  http.BaseHttpServer (BaseHttpServer.java:updateConnectorAddress(333)) - HTTP server of hddsDatanode listening at http://0.0.0.0:45481
2022-10-08 01:39:53,538 [Listener at 127.0.0.1/34011] WARN  impl.MetricRegistriesImpl (MetricRegistriesImpl.java:addReporterRegistration(111)) - New reporters are added after registries were created. Some metrics will be missing from the reporter. Please add reporter before adding any new registry.
2022-10-08 01:39:53,538 [Listener at 127.0.0.1/34011] WARN  impl.MetricRegistriesImpl (MetricRegistriesImpl.java:addReporterRegistration(111)) - New reporters are added after registries were created. Some metrics will be missing from the reporter. Please add reporter before adding any new registry.
2022-10-08 01:39:53,538 [Listener at 127.0.0.1/34011] INFO  impl.MetricsSystemImpl (MetricsSystemImpl.java:init(158)) - HddsDatanode metrics system started (again)
2022-10-08 01:39:53,576 [Datanode State Machine Daemon Thread] INFO  statemachine.DatanodeStateMachine (DatanodeStateMachine.java:lambda$startDaemon$0(492)) - Ozone container server started.
2022-10-08 01:39:53,602 [Listener at 127.0.0.1/34011] INFO  ozone.HddsDatanodeService (HddsDatanodeService.java:start(236)) - HddsDatanodeService host:fv-az180-867.g3pwtgv4ffyuhaixmbmm0kyh3d.gx.internal.cloudapp.net ip:10.1.0.61
2022-10-08 01:39:53,617 [org.apache.hadoop.util.JvmPauseMonitor$Monitor@f40fcbb] INFO  util.JvmPauseMonitor (JvmPauseMonitor.java:run(188)) - Starting JVM pause monitor
2022-10-08 01:39:53,675 [Datanode State Machine Task Thread - 0] INFO  datanode.InitDatanodeState (InitDatanodeState.java:persistContainerDatanodeDetails(138)) - DatanodeDetails is persisted to /home/runner/work/ozone/ozone/hadoop-ozone/integration-test/target/test-dir/MiniOzoneClusterImpl-f835b163-d90e-48f8-926f-823f898330c6/datanode-0/meta/datanode.id
2022-10-08 01:39:53,688 [ReplicationMonitor] INFO  replication.ReplicationManager (ReplicationManager.java:processAll(291)) - Replication Manager is not ready to run until 3000ms after safemode exit
2022-10-08 01:39:53,779 [Listener at 127.0.0.1/34011] INFO  upgrade.AbstractLayoutVersionManager (AbstractLayoutVersionManager.java:init(83)) - Initializing Layout version manager with metadata layout = DATANODE_SCHEMA_V3 (version = 4), software layout = DATANODE_SCHEMA_V3 (version = 4)
2022-10-08 01:39:54,166 [Listener at 127.0.0.1/34011] INFO  reflections.Reflections (Reflections.java:scan(232)) - Reflections took 386 ms to scan 7 urls, producing 135 keys and 327 values 
2022-10-08 01:39:54,167 [Listener at 127.0.0.1/34011] INFO  statemachine.DatanodeStateMachine (DatanodeStateMachine.java:getEndPointTaskThreadPoolSize(237)) - Datanode State Machine Task Thread Pool size 2
2022-10-08 01:39:54,181 [Listener at 127.0.0.1/34011] INFO  volume.HddsVolume (HddsVolume.java:<init>(117)) - Creating HddsVolume: /home/runner/work/ozone/ozone/hadoop-ozone/integration-test/target/test-dir/MiniOzoneClusterImpl-f835b163-d90e-48f8-926f-823f898330c6/datanode-1/data-0/containers/hdds of storage type : DISK capacity : 9223372036854775807
2022-10-08 01:39:54,181 [Listener at 127.0.0.1/34011] INFO  volume.MutableVolumeSet (MutableVolumeSet.java:initializeVolumeSet(174)) - Added Volume : /home/runner/work/ozone/ozone/hadoop-ozone/integration-test/target/test-dir/MiniOzoneClusterImpl-f835b163-d90e-48f8-926f-823f898330c6/datanode-1/data-0/containers/hdds to VolumeSet
2022-10-08 01:39:54,181 [Listener at 127.0.0.1/34011] INFO  volume.ThrottledAsyncChecker (ThrottledAsyncChecker.java:schedule(141)) - Scheduling a check for /home/runner/work/ozone/ozone/hadoop-ozone/integration-test/target/test-dir/MiniOzoneClusterImpl-f835b163-d90e-48f8-926f-823f898330c6/datanode-1/data-0/containers/hdds
2022-10-08 01:39:54,182 [Listener at 127.0.0.1/34011] INFO  volume.StorageVolumeChecker (StorageVolumeChecker.java:checkAllVolumes(202)) - Scheduled health check for volume /home/runner/work/ozone/ozone/hadoop-ozone/integration-test/target/test-dir/MiniOzoneClusterImpl-f835b163-d90e-48f8-926f-823f898330c6/datanode-1/data-0/containers/hdds
2022-10-08 01:39:54,193 [Listener at 127.0.0.1/34011] INFO  volume.MutableVolumeSet (MutableVolumeSet.java:initializeVolumeSet(174)) - Added Volume : /home/runner/work/ozone/ozone/hadoop-ozone/integration-test/target/test-dir/MiniOzoneClusterImpl-f835b163-d90e-48f8-926f-823f898330c6/datanode-1/data/ratis to VolumeSet
2022-10-08 01:39:54,193 [Listener at 127.0.0.1/34011] INFO  volume.ThrottledAsyncChecker (ThrottledAsyncChecker.java:schedule(141)) - Scheduling a check for /home/runner/work/ozone/ozone/hadoop-ozone/integration-test/target/test-dir/MiniOzoneClusterImpl-f835b163-d90e-48f8-926f-823f898330c6/datanode-1/data/ratis
2022-10-08 01:39:54,193 [Listener at 127.0.0.1/34011] INFO  volume.StorageVolumeChecker (StorageVolumeChecker.java:checkAllVolumes(202)) - Scheduled health check for volume /home/runner/work/ozone/ozone/hadoop-ozone/integration-test/target/test-dir/MiniOzoneClusterImpl-f835b163-d90e-48f8-926f-823f898330c6/datanode-1/data/ratis
2022-10-08 01:39:54,204 [Thread-2744] INFO  ozoneimpl.ContainerReader (ContainerReader.java:readVolume(175)) - Finish verifying containers on volume /home/runner/work/ozone/ozone/hadoop-ozone/integration-test/target/test-dir/MiniOzoneClusterImpl-f835b163-d90e-48f8-926f-823f898330c6/datanode-1/data-0/containers/hdds
2022-10-08 01:39:54,204 [Listener at 127.0.0.1/34011] INFO  ozoneimpl.OzoneContainer (OzoneContainer.java:buildContainerSet(300)) - Build ContainerSet costs 0s
2022-10-08 01:39:54,206 [Listener at 127.0.0.1/34011] INFO  server.RaftServer (ConfUtils.java:logGet(46)) - raft.rpc.type = GRPC (default)
2022-10-08 01:39:54,206 [Listener at 127.0.0.1/34011] INFO  grpc.GrpcFactory (GrpcFactory.java:checkPooledByteBufAllocatorUseCacheForAllThreads(48)) - PERFORMANCE WARNING: useCacheForAllThreads is true that may cause Netty to create a lot garbage objects and, as a result, trigger GC.
	It is recommended to disable useCacheForAllThreads by setting -Dorg.apache.ratis.thirdparty.io.netty.allocator.useCacheForAllThreads=false in command line.
2022-10-08 01:39:54,206 [Listener at 127.0.0.1/34011] INFO  grpc.GrpcConfigKeys (ConfUtils.java:logGet(46)) - raft.grpc.admin.port = 0 (custom)
2022-10-08 01:39:54,206 [Listener at 127.0.0.1/34011] INFO  grpc.GrpcConfigKeys (ConfUtils.java:logGet(46)) - raft.grpc.client.port = 0 (custom)
2022-10-08 01:39:54,206 [Listener at 127.0.0.1/34011] INFO  grpc.GrpcConfigKeys (ConfUtils.java:logGet(46)) - raft.grpc.server.port = 0 (default)
2022-10-08 01:39:54,206 [Listener at 127.0.0.1/34011] INFO  server.GrpcService (ConfUtils.java:logGet(46)) - raft.grpc.message.size.max = 32MB (=33554432) (custom)
2022-10-08 01:39:54,206 [Listener at 127.0.0.1/34011] INFO  server.RaftServerConfigKeys (ConfUtils.java:logGet(46)) - raft.server.log.appender.buffer.byte-limit = 33554432 (custom)
2022-10-08 01:39:54,206 [Listener at 127.0.0.1/34011] INFO  server.GrpcService (ConfUtils.java:logGet(46)) - raft.grpc.flow.control.window = 5MB (=5242880) (custom)
2022-10-08 01:39:54,206 [Listener at 127.0.0.1/34011] INFO  server.RaftServerConfigKeys (ConfUtils.java:logGet(46)) - raft.server.rpc.request.timeout = 60s (custom)
2022-10-08 01:39:54,206 [Listener at 127.0.0.1/34011] INFO  grpc.GrpcConfigKeys (ConfUtils.java:logGet(46)) - raft.grpc.server.async.request.thread.pool.cached = true (default)
2022-10-08 01:39:54,207 [Listener at 127.0.0.1/34011] INFO  grpc.GrpcConfigKeys (ConfUtils.java:logGet(46)) - raft.grpc.server.async.request.thread.pool.size = 32 (default)
2022-10-08 01:39:54,208 [Listener at 127.0.0.1/34011] INFO  impl.DataStreamServerImpl (ConfUtils.java:logGet(46)) - raft.datastream.type = DISABLED (default)
2022-10-08 01:39:54,208 [Listener at 127.0.0.1/34011] INFO  server.RaftServerConfigKeys (ConfUtils.java:logGet(46)) - raft.server.threadpool.proxy.cached = true (default)
2022-10-08 01:39:54,208 [Listener at 127.0.0.1/34011] INFO  server.RaftServerConfigKeys (ConfUtils.java:logGet(46)) - raft.server.threadpool.proxy.size = 0 (default)
2022-10-08 01:39:54,208 [Listener at 127.0.0.1/34011] INFO  server.RaftServerConfigKeys (ConfUtils.java:logGet(46)) - raft.server.rpc.slowness.timeout = 300s (custom)
2022-10-08 01:39:54,208 [Listener at 127.0.0.1/34011] INFO  server.RaftServerConfigKeys (ConfUtils.java:logGet(46)) - raft.server.leaderelection.leader.step-down.wait-time = 10s (default)
2022-10-08 01:39:54,208 [Listener at 127.0.0.1/34011] INFO  server.RaftServerConfigKeys (ConfUtils.java:logGet(46)) - raft.server.storage.dir = [/home/runner/work/ozone/ozone/hadoop-ozone/integration-test/target/test-dir/MiniOzoneClusterImpl-f835b163-d90e-48f8-926f-823f898330c6/datanode-1/data/ratis] (custom)
2022-10-08 01:39:54,209 [Listener at 127.0.0.1/34011] INFO  server.XceiverServerGrpc (XceiverServerGrpc.java:<init>(132)) - GrpcServer channel type EpollServerSocketChannel
2022-10-08 01:39:54,211 [Listener at 127.0.0.1/34011] INFO  http.BaseHttpServer (BaseHttpServer.java:newHttpServer2BuilderForOzone(213)) - Starting Web-server for hddsDatanode at: http://0.0.0.0:0
2022-10-08 01:39:54,211 [Listener at 127.0.0.1/34011] INFO  http.BaseHttpServer (BaseHttpServer.java:<init>(108)) - Hadoop Security Enabled: false Ozone Security Enabled: false Ozone HTTP Security Enabled: false 
2022-10-08 01:39:54,212 [Listener at 127.0.0.1/34011] INFO  server.AuthenticationFilter (AuthenticationFilter.java:constructSecretProvider(240)) - Unable to initialize FileSignerSecretProvider, falling back to use random secrets.
2022-10-08 01:39:54,268 [Listener at 127.0.0.1/34011] WARN  http.HttpRequestLog (HttpRequestLog.java:getRequestLog(103)) - Jetty request log can only be enabled using Log4j
2022-10-08 01:39:54,281 [Listener at 127.0.0.1/34011] INFO  http.HttpServer2 (HttpServer2.java:addGlobalFilter(1031)) - Added global filter 'safety' (class=org.apache.hadoop.hdds.server.http.HttpServer2$QuotingInputFilter)
2022-10-08 01:39:54,281 [Listener at 127.0.0.1/34011] INFO  http.HttpServer2 (HttpServer2.java:addFilter(1007)) - Added filter static_user_filter (class=org.apache.hadoop.http.lib.StaticUserWebFilter$StaticUserFilter) to context hddsDatanode
2022-10-08 01:39:54,281 [Listener at 127.0.0.1/34011] INFO  http.HttpServer2 (HttpServer2.java:addFilter(1015)) - Added filter static_user_filter (class=org.apache.hadoop.http.lib.StaticUserWebFilter$StaticUserFilter) to context static
2022-10-08 01:39:54,281 [Listener at 127.0.0.1/34011] INFO  http.HttpServer2 (HttpServer2.java:addFilter(1015)) - Added filter static_user_filter (class=org.apache.hadoop.http.lib.StaticUserWebFilter$StaticUserFilter) to context logs
2022-10-08 01:39:54,282 [Listener at 127.0.0.1/34011] INFO  http.HttpServer2 (HttpServer2.java:bindListener(1250)) - Jetty bound to port 37965
2022-10-08 01:39:54,282 [Listener at 127.0.0.1/34011] INFO  server.Server (Server.java:doStart(375)) - jetty-9.4.43.v20210629; built: 2021-06-30T11:07:22.254Z; git: 526006ecfa3af7f1a27ef3a288e2bef7ea9dd7e8; jvm 1.8.0_345-b01
2022-10-08 01:39:54,504 [Listener at 127.0.0.1/34011] INFO  server.session (DefaultSessionIdManager.java:doStart(334)) - DefaultSessionIdManager workerName=node0
2022-10-08 01:39:54,504 [Listener at 127.0.0.1/34011] INFO  server.session (DefaultSessionIdManager.java:doStart(339)) - No SessionScavenger set, using defaults
2022-10-08 01:39:54,504 [Listener at 127.0.0.1/34011] INFO  server.session (HouseKeeper.java:startScavenging(132)) - node0 Scavenging every 660000ms
2022-10-08 01:39:54,516 [Listener at 127.0.0.1/34011] INFO  handler.ContextHandler (ContextHandler.java:doStart(915)) - Started o.e.j.s.ServletContextHandler@319614ed{logs,/logs,file:///home/runner/work/ozone/ozone/hadoop-ozone/integration-test/target/log,AVAILABLE}
2022-10-08 01:39:54,516 [Listener at 127.0.0.1/34011] INFO  handler.ContextHandler (ContextHandler.java:doStart(915)) - Started o.e.j.s.ServletContextHandler@394bb9e{static,/static,jar:file:/home/runner/.m2/repository/org/apache/ozone/hdds-container-service/1.3.0-SNAPSHOT/hdds-container-service-1.3.0-SNAPSHOT.jar!/webapps/static,AVAILABLE}
2022-10-08 01:39:54,520 [ForkJoinPool.commonPool-worker-0] INFO  server.RaftServer (RaftServerProxy.java:lambda$close$7(398)) - 0f1ac1f5-5b02-4bf5-a39e-40addf081f4e: close
2022-10-08 01:39:54,520 [ForkJoinPool.commonPool-worker-0] INFO  server.RaftServer$Division (RaftServerImpl.java:lambda$close$4(434)) - 0f1ac1f5-5b02-4bf5-a39e-40addf081f4e@group-DD873DC08AEA: shutdown
2022-10-08 01:39:54,520 [ReplicationMonitor] WARN  replication.LegacyReplicationManager (LegacyReplicationManager.java:handleUnderReplicatedContainer(1224)) - Cannot replicate container #1, no healthy replica found.
2022-10-08 01:39:54,521 [ForkJoinPool.commonPool-worker-0] INFO  util.JmxRegister (JmxRegister.java:unregister(73)) - Successfully un-registered JMX Bean with object name Ratis:service=RaftServer,group=group-DD873DC08AEA,id=0f1ac1f5-5b02-4bf5-a39e-40addf081f4e
2022-10-08 01:39:54,521 [ReplicationMonitor] WARN  replication.LegacyReplicationManager (LegacyReplicationManager.java:handleUnderReplicatedContainer(1224)) - Cannot replicate container #2, no healthy replica found.
2022-10-08 01:39:54,521 [ReplicationMonitor] WARN  replication.LegacyReplicationManager (LegacyReplicationManager.java:handleUnderReplicatedContainer(1224)) - Cannot replicate container #3, no healthy replica found.
2022-10-08 01:39:54,521 [ReplicationMonitor] INFO  replication.ReplicationManager (ReplicationManager.java:processAll(324)) - Replication Monitor Thread took 1 milliseconds for processing 7 containers.
2022-10-08 01:39:54,521 [ForkJoinPool.commonPool-worker-0] INFO  impl.RoleInfo (RoleInfo.java:shutdownLeaderState(93)) - 0f1ac1f5-5b02-4bf5-a39e-40addf081f4e: shutdown 0f1ac1f5-5b02-4bf5-a39e-40addf081f4e@group-DD873DC08AEA-LeaderStateImpl
2022-10-08 01:39:54,521 [ForkJoinPool.commonPool-worker-0] INFO  impl.PendingRequests (PendingRequests.java:sendNotLeaderResponses(282)) - 0f1ac1f5-5b02-4bf5-a39e-40addf081f4e@group-DD873DC08AEA-PendingRequests: sendNotLeaderResponses
2022-10-08 01:39:54,522 [ForkJoinPool.commonPool-worker-0] INFO  impl.StateMachineUpdater (StateMachineUpdater.java:stopAndJoin(153)) - 0f1ac1f5-5b02-4bf5-a39e-40addf081f4e@group-DD873DC08AEA-StateMachineUpdater: set stopIndex = 0
2022-10-08 01:39:54,522 [0f1ac1f5-5b02-4bf5-a39e-40addf081f4e@group-DD873DC08AEA-StateMachineUpdater] INFO  ratis.ContainerStateMachine (ContainerStateMachine.java:takeSnapshot(304)) - group-DD873DC08AEA: Taking a snapshot at:(t:1, i:0) file /home/runner/work/ozone/ozone/hadoop-ozone/integration-test/target/test-dir/MiniOzoneClusterImpl-5d0d2deb-5324-41ce-86fc-5a78a6428163/datanode-0/data/ratis/b680d0a1-a548-49d8-8f4e-dd873dc08aea/sm/snapshot.1_0
2022-10-08 01:39:54,530 [0f1ac1f5-5b02-4bf5-a39e-40addf081f4e@group-DD873DC08AEA-StateMachineUpdater] INFO  ratis.ContainerStateMachine (ContainerStateMachine.java:takeSnapshot(315)) - group-DD873DC08AEA: Finished taking a snapshot at:(t:1, i:0) file:/home/runner/work/ozone/ozone/hadoop-ozone/integration-test/target/test-dir/MiniOzoneClusterImpl-5d0d2deb-5324-41ce-86fc-5a78a6428163/datanode-0/data/ratis/b680d0a1-a548-49d8-8f4e-dd873dc08aea/sm/snapshot.1_0 took: 9 ms
2022-10-08 01:39:54,548 [0f1ac1f5-5b02-4bf5-a39e-40addf081f4e@group-DD873DC08AEA-StateMachineUpdater] INFO  impl.StateMachineUpdater (StateMachineUpdater.java:takeSnapshot(287)) - 0f1ac1f5-5b02-4bf5-a39e-40addf081f4e@group-DD873DC08AEA-StateMachineUpdater: Took a snapshot at index 0
2022-10-08 01:39:54,548 [0f1ac1f5-5b02-4bf5-a39e-40addf081f4e@group-DD873DC08AEA-StateMachineUpdater] INFO  impl.StateMachineUpdater (StateMachineUpdater.java:lambda$new$0(92)) - 0f1ac1f5-5b02-4bf5-a39e-40addf081f4e@group-DD873DC08AEA-StateMachineUpdater: snapshotIndex: updateIncreasingly -1 -> 0
2022-10-08 01:39:54,548 [ForkJoinPool.commonPool-worker-0] INFO  server.RaftServer$Division (ServerState.java:close(429)) - 0f1ac1f5-5b02-4bf5-a39e-40addf081f4e@group-DD873DC08AEA: closes. applyIndex: 0
2022-10-08 01:39:54,548 [0f1ac1f5-5b02-4bf5-a39e-40addf081f4e@group-DD873DC08AEA-SegmentedRaftLogWorker] INFO  segmented.SegmentedRaftLogWorker (SegmentedRaftLogWorker.java:run(336)) - 0f1ac1f5-5b02-4bf5-a39e-40addf081f4e@group-DD873DC08AEA-SegmentedRaftLogWorker was interrupted, exiting. There are 0 tasks remaining in the queue.
2022-10-08 01:39:54,548 [ForkJoinPool.commonPool-worker-0] INFO  segmented.SegmentedRaftLogWorker (SegmentedRaftLogWorker.java:close(246)) - 0f1ac1f5-5b02-4bf5-a39e-40addf081f4e@group-DD873DC08AEA-SegmentedRaftLogWorker close()
2022-10-08 01:39:54,564 [ForkJoinPool.commonPool-worker-0] INFO  server.GrpcService (GrpcService.java:closeImpl(269)) - 0f1ac1f5-5b02-4bf5-a39e-40addf081f4e: shutdown server with port 42591 now
2022-10-08 01:39:54,577 [grpc-default-executor-3] INFO  replication.GrpcOutputStream (GrpcOutputStream.java:close(104)) - Sent 25205964 bytes for container 1
2022-10-08 01:39:54,584 [ForkJoinPool.commonPool-worker-0] INFO  server.GrpcService (GrpcService.java:closeImpl(278)) - 0f1ac1f5-5b02-4bf5-a39e-40addf081f4e: shutdown server with port 42591 successfully
2022-10-08 01:39:54,584 [org.apache.ratis.util.JvmPauseMonitor$$Lambda$636/846962177@425582e2] INFO  util.JvmPauseMonitor (JvmPauseMonitor.java:run(109)) - JvmPauseMonitor-0f1ac1f5-5b02-4bf5-a39e-40addf081f4e: Stopped
2022-10-08 01:39:54,624 [grpc-default-executor-10] INFO  replication.GrpcReplicationClient (GrpcReplicationClient.java:onCompleted(197)) - Container 1 is downloaded to /home/runner/work/ozone/ozone/hadoop-ozone/integration-test/target/test-dir/MiniOzoneClusterImpl-5d0d2deb-5324-41ce-86fc-5a78a6428163/datanode-3/data/replication/work/container-1.tar.gz
2022-10-08 01:39:54,692 [ReplicationMonitor] INFO  replication.ReplicationManager (ReplicationManager.java:processAll(291)) - Replication Manager is not ready to run until 3000ms after safemode exit
2022-10-08 01:39:54,997 [Listener at 127.0.0.1/42695] INFO  ozoneimpl.OzoneContainer (OzoneContainer.java:stop(400)) - Attempting to stop container services.
2022-10-08 01:39:55,000 [Listener at 127.0.0.1/42695] INFO  server.RaftServer (RaftServerProxy.java:lambda$close$7(398)) - 0f3c4d66-37ce-46af-a3a8-7219c161bdb8: close
2022-10-08 01:39:55,000 [Listener at 127.0.0.1/42695] INFO  server.RaftServer$Division (RaftServerImpl.java:lambda$close$4(434)) - 0f3c4d66-37ce-46af-a3a8-7219c161bdb8@group-2719600CAB4F: shutdown
2022-10-08 01:39:55,000 [Listener at 127.0.0.1/42695] INFO  util.JmxRegister (JmxRegister.java:unregister(73)) - Successfully un-registered JMX Bean with object name Ratis:service=RaftServer,group=group-2719600CAB4F,id=0f3c4d66-37ce-46af-a3a8-7219c161bdb8
2022-10-08 01:39:55,000 [Listener at 127.0.0.1/42695] INFO  impl.RoleInfo (RoleInfo.java:shutdownLeaderState(93)) - 0f3c4d66-37ce-46af-a3a8-7219c161bdb8: shutdown 0f3c4d66-37ce-46af-a3a8-7219c161bdb8@group-2719600CAB4F-LeaderStateImpl
2022-10-08 01:39:55,000 [Listener at 127.0.0.1/42695] INFO  impl.PendingRequests (PendingRequests.java:sendNotLeaderResponses(282)) - 0f3c4d66-37ce-46af-a3a8-7219c161bdb8@group-2719600CAB4F-PendingRequests: sendNotLeaderResponses
2022-10-08 01:39:55,001 [Listener at 127.0.0.1/42695] INFO  impl.StateMachineUpdater (StateMachineUpdater.java:stopAndJoin(153)) - 0f3c4d66-37ce-46af-a3a8-7219c161bdb8@group-2719600CAB4F-StateMachineUpdater: set stopIndex = 0
2022-10-08 01:39:55,001 [0f3c4d66-37ce-46af-a3a8-7219c161bdb8@group-2719600CAB4F-StateMachineUpdater] INFO  ratis.ContainerStateMachine (ContainerStateMachine.java:takeSnapshot(304)) - group-2719600CAB4F: Taking a snapshot at:(t:1, i:0) file /home/runner/work/ozone/ozone/hadoop-ozone/integration-test/target/test-dir/MiniOzoneClusterImpl-5d0d2deb-5324-41ce-86fc-5a78a6428163/datanode-3/data/ratis/85dbd495-780c-479f-9733-2719600cab4f/sm/snapshot.1_0
2022-10-08 01:39:55,008 [0f3c4d66-37ce-46af-a3a8-7219c161bdb8@group-2719600CAB4F-StateMachineUpdater] INFO  ratis.ContainerStateMachine (ContainerStateMachine.java:takeSnapshot(315)) - group-2719600CAB4F: Finished taking a snapshot at:(t:1, i:0) file:/home/runner/work/ozone/ozone/hadoop-ozone/integration-test/target/test-dir/MiniOzoneClusterImpl-5d0d2deb-5324-41ce-86fc-5a78a6428163/datanode-3/data/ratis/85dbd495-780c-479f-9733-2719600cab4f/sm/snapshot.1_0 took: 7 ms
2022-10-08 01:39:55,009 [0f3c4d66-37ce-46af-a3a8-7219c161bdb8@group-2719600CAB4F-StateMachineUpdater] INFO  impl.StateMachineUpdater (StateMachineUpdater.java:takeSnapshot(287)) - 0f3c4d66-37ce-46af-a3a8-7219c161bdb8@group-2719600CAB4F-StateMachineUpdater: Took a snapshot at index 0
2022-10-08 01:39:55,009 [0f3c4d66-37ce-46af-a3a8-7219c161bdb8@group-2719600CAB4F-StateMachineUpdater] INFO  impl.StateMachineUpdater (StateMachineUpdater.java:lambda$new$0(92)) - 0f3c4d66-37ce-46af-a3a8-7219c161bdb8@group-2719600CAB4F-StateMachineUpdater: snapshotIndex: updateIncreasingly -1 -> 0
2022-10-08 01:39:55,012 [Listener at 127.0.0.1/42695] INFO  server.RaftServer$Division (ServerState.java:close(429)) - 0f3c4d66-37ce-46af-a3a8-7219c161bdb8@group-2719600CAB4F: closes. applyIndex: 0
2022-10-08 01:39:55,016 [0f3c4d66-37ce-46af-a3a8-7219c161bdb8@group-2719600CAB4F-SegmentedRaftLogWorker] INFO  segmented.SegmentedRaftLogWorker (SegmentedRaftLogWorker.java:run(336)) - 0f3c4d66-37ce-46af-a3a8-7219c161bdb8@group-2719600CAB4F-SegmentedRaftLogWorker was interrupted, exiting. There are 0 tasks remaining in the queue.
2022-10-08 01:39:55,016 [Listener at 127.0.0.1/42695] INFO  segmented.SegmentedRaftLogWorker (SegmentedRaftLogWorker.java:close(246)) - 0f3c4d66-37ce-46af-a3a8-7219c161bdb8@group-2719600CAB4F-SegmentedRaftLogWorker close()
2022-10-08 01:39:55,021 [Listener at 127.0.0.1/42695] INFO  server.GrpcService (GrpcService.java:closeImpl(269)) - 0f3c4d66-37ce-46af-a3a8-7219c161bdb8: shutdown server with port 46327 now
2022-10-08 01:39:55,023 [Listener at 127.0.0.1/42695] INFO  server.GrpcService (GrpcService.java:closeImpl(278)) - 0f3c4d66-37ce-46af-a3a8-7219c161bdb8: shutdown server with port 46327 successfully
2022-10-08 01:39:55,060 [org.apache.ratis.util.JvmPauseMonitor$$Lambda$636/846962177@206e8007] INFO  util.JvmPauseMonitor (JvmPauseMonitor.java:run(109)) - JvmPauseMonitor-0f3c4d66-37ce-46af-a3a8-7219c161bdb8: Stopped
2022-10-08 01:39:55,521 [ReplicationMonitor] WARN  replication.LegacyReplicationManager (LegacyReplicationManager.java:handleUnderReplicatedContainer(1224)) - Cannot replicate container #1, no healthy replica found.
2022-10-08 01:39:55,521 [ReplicationMonitor] WARN  replication.LegacyReplicationManager (LegacyReplicationManager.java:handleUnderReplicatedContainer(1224)) - Cannot replicate container #2, no healthy replica found.
2022-10-08 01:39:55,521 [ReplicationMonitor] WARN  replication.LegacyReplicationManager (LegacyReplicationManager.java:handleUnderReplicatedContainer(1224)) - Cannot replicate container #3, no healthy replica found.
2022-10-08 01:39:55,522 [ReplicationMonitor] INFO  replication.ReplicationManager (ReplicationManager.java:processAll(324)) - Replication Monitor Thread took 1 milliseconds for processing 7 containers.
2022-10-08 01:39:55,536 [EventQueue-DeadNodeForDeadNodeHandler] INFO  node.DeadNodeHandler (DeadNodeHandler.java:onMessage(81)) - A dead datanode is detected. 0f3c4d66-37ce-46af-a3a8-7219c161bdb8{ip: 10.1.0.61, host: fv-az180-867.g3pwtgv4ffyuhaixmbmm0kyh3d.gx.internal.cloudapp.net, ports: [REPLICATION=38951, RATIS=46327, RATIS_ADMIN=46327, RATIS_SERVER=46327, STANDALONE=35039], networkLocation: /default-rack, certSerialId: null, persistedOpState: IN_SERVICE, persistedOpStateExpiryEpochSec: 0}
2022-10-08 01:39:55,537 [EventQueue-DeadNodeForDeadNodeHandler] INFO  pipeline.RatisPipelineProvider (RatisPipelineProvider.java:lambda$close$1(244)) - Send pipeline:PipelineID=85dbd495-780c-479f-9733-2719600cab4f close command to datanode 0f3c4d66-37ce-46af-a3a8-7219c161bdb8
2022-10-08 01:39:55,537 [EventQueue-DeadNodeForDeadNodeHandler] INFO  pipeline.PipelineStateManagerImpl (PipelineStateManagerImpl.java:removePipeline(245)) - Pipeline Pipeline[ Id: 85dbd495-780c-479f-9733-2719600cab4f, Nodes: 0f3c4d66-37ce-46af-a3a8-7219c161bdb8{ip: 10.1.0.61, host: fv-az180-867.g3pwtgv4ffyuhaixmbmm0kyh3d.gx.internal.cloudapp.net, ports: [REPLICATION=38951, RATIS=46327, RATIS_ADMIN=46327, RATIS_SERVER=46327, STANDALONE=35039], networkLocation: /default-rack, certSerialId: null, persistedOpState: IN_SERVICE, persistedOpStateExpiryEpochSec: 0}, ReplicationConfig: RATIS/ONE, State:CLOSED, leaderId:0f3c4d66-37ce-46af-a3a8-7219c161bdb8, CreationTimestamp2022-10-08T01:35:01.380Z[Etc/UTC]] removed.
2022-10-08 01:39:55,537 [EventQueue-DeadNodeForDeadNodeHandler] INFO  net.NetworkTopologyImpl (NetworkTopologyImpl.java:remove(190)) - Removed a node: /default-rack/0f3c4d66-37ce-46af-a3a8-7219c161bdb8
2022-10-08 01:39:55,553 [Listener at 127.0.0.1/34011] INFO  handler.ContextHandler (ContextHandler.java:doStart(915)) - Started o.e.j.w.WebAppContext@75b807ae{hddsDatanode,/,file:///tmp/jetty-0_0_0_0-37965-hdds-container-service-1_3_0-SNAPSHOT_jar-_-any-3026438076869053023/webapp/,AVAILABLE}{jar:file:/home/runner/.m2/repository/org/apache/ozone/hdds-container-service/1.3.0-SNAPSHOT/hdds-container-service-1.3.0-SNAPSHOT.jar!/webapps/hddsDatanode}
2022-10-08 01:39:55,612 [Listener at 127.0.0.1/34011] INFO  server.AbstractConnector (AbstractConnector.java:doStart(331)) - Started ServerConnector@4ea3c1bb{HTTP/1.1, (http/1.1)}{0.0.0.0:37965}
2022-10-08 01:39:55,612 [Listener at 127.0.0.1/34011] INFO  server.Server (Server.java:doStart(415)) - Started @521884ms
2022-10-08 01:39:55,612 [Listener at 127.0.0.1/34011] WARN  impl.MetricsSystemImpl (MetricsSystemImpl.java:register(279)) - Sink prometheus already exists!
2022-10-08 01:39:55,613 [Listener at 127.0.0.1/34011] INFO  http.BaseHttpServer (BaseHttpServer.java:updateConnectorAddress(333)) - HTTP server of hddsDatanode listening at http://0.0.0.0:37965
2022-10-08 01:39:55,660 [Listener at 127.0.0.1/34011] WARN  impl.MetricRegistriesImpl (MetricRegistriesImpl.java:addReporterRegistration(111)) - New reporters are added after registries were created. Some metrics will be missing from the reporter. Please add reporter before adding any new registry.
2022-10-08 01:39:55,660 [Listener at 127.0.0.1/34011] WARN  impl.MetricRegistriesImpl (MetricRegistriesImpl.java:addReporterRegistration(111)) - New reporters are added after registries were created. Some metrics will be missing from the reporter. Please add reporter before adding any new registry.
2022-10-08 01:39:55,660 [Listener at 127.0.0.1/34011] INFO  impl.MetricsSystemImpl (MetricsSystemImpl.java:init(158)) - HddsDatanode metrics system started (again)
2022-10-08 01:39:55,672 [Listener at 127.0.0.1/34011] INFO  ozone.HddsDatanodeService (HddsDatanodeService.java:start(236)) - HddsDatanodeService host:fv-az180-867.g3pwtgv4ffyuhaixmbmm0kyh3d.gx.internal.cloudapp.net ip:10.1.0.61
2022-10-08 01:39:55,692 [ReplicationMonitor] INFO  replication.ReplicationManager (ReplicationManager.java:processAll(291)) - Replication Manager is not ready to run until 3000ms after safemode exit
2022-10-08 01:39:55,672 [Datanode State Machine Daemon Thread] INFO  statemachine.DatanodeStateMachine (DatanodeStateMachine.java:lambda$startDaemon$0(492)) - Ozone container server started.
2022-10-08 01:39:55,921 [org.apache.hadoop.util.JvmPauseMonitor$Monitor@50081464] INFO  util.JvmPauseMonitor (JvmPauseMonitor.java:run(188)) - Starting JVM pause monitor
2022-10-08 01:39:55,932 [Datanode State Machine Task Thread - 0] INFO  datanode.InitDatanodeState (InitDatanodeState.java:persistContainerDatanodeDetails(138)) - DatanodeDetails is persisted to /home/runner/work/ozone/ozone/hadoop-ozone/integration-test/target/test-dir/MiniOzoneClusterImpl-f835b163-d90e-48f8-926f-823f898330c6/datanode-1/meta/datanode.id
2022-10-08 01:39:55,982 [Listener at 127.0.0.1/34011] INFO  upgrade.AbstractLayoutVersionManager (AbstractLayoutVersionManager.java:init(83)) - Initializing Layout version manager with metadata layout = DATANODE_SCHEMA_V3 (version = 4), software layout = DATANODE_SCHEMA_V3 (version = 4)
2022-10-08 01:39:56,110 [EndpointStateMachine task thread for /0.0.0.0:40221 - 0 ] INFO  volume.HddsVolume (HddsVolume.java:createDbStore(307)) - SchemaV3 db is created and loaded at /home/runner/work/ozone/ozone/hadoop-ozone/integration-test/target/test-dir/MiniOzoneClusterImpl-f835b163-d90e-48f8-926f-823f898330c6/datanode-0/data-0/containers/hdds/f835b163-d90e-48f8-926f-823f898330c6/DS-7656a058-568d-4393-b686-4f768f054883/container.db for volume DS-7656a058-568d-4393-b686-4f768f054883
2022-10-08 01:39:56,124 [EndpointStateMachine task thread for /0.0.0.0:40221 - 0 ] INFO  volume.HddsVolume (HddsVolume.java:closeDbStore(338)) - SchemaV3 db is stopped at /home/runner/work/ozone/ozone/hadoop-ozone/integration-test/target/test-dir/MiniOzoneClusterImpl-f835b163-d90e-48f8-926f-823f898330c6/datanode-0/data-0/containers/hdds/f835b163-d90e-48f8-926f-823f898330c6/DS-7656a058-568d-4393-b686-4f768f054883/container.db for volume DS-7656a058-568d-4393-b686-4f768f054883
2022-10-08 01:39:56,124 [EndpointStateMachine task thread for /0.0.0.0:40221 - 0 ] INFO  ozoneimpl.OzoneContainer (OzoneContainer.java:start(378)) - Attempting to start container services.
2022-10-08 01:39:56,124 [EndpointStateMachine task thread for /0.0.0.0:40221 - 0 ] INFO  ozoneimpl.OzoneContainer (OzoneContainer.java:startContainerScrub(313)) - Background container scanner has been disabled.
2022-10-08 01:39:56,148 [EndpointStateMachine task thread for /0.0.0.0:40221 - 0 ] INFO  replication.ReplicationServer (ReplicationServer.java:start(111)) - ReplicationServer is started using port 39179
2022-10-08 01:39:56,148 [EndpointStateMachine task thread for /0.0.0.0:40221 - 0 ] INFO  ratis.XceiverServerRatis (XceiverServerRatis.java:start(481)) - Starting XceiverServerRatis 291612d5-8a25-468b-b904-396bb29bc5a8
2022-10-08 01:39:56,160 [EndpointStateMachine task thread for /0.0.0.0:40221 - 0 ] INFO  server.RaftServer (RaftServerProxy.java:lambda$start$6(382)) - 291612d5-8a25-468b-b904-396bb29bc5a8: start RPC server
2022-10-08 01:39:56,163 [EndpointStateMachine task thread for /0.0.0.0:40221 - 0 ] INFO  server.GrpcService (GrpcService.java:startImpl(260)) - 291612d5-8a25-468b-b904-396bb29bc5a8: GrpcService started, listening on 34923
2022-10-08 01:39:56,163 [EndpointStateMachine task thread for /0.0.0.0:40221 - 0 ] INFO  ratis.XceiverServerRatis (XceiverServerRatis.java:getRealPort(502)) - XceiverServerRatis 291612d5-8a25-468b-b904-396bb29bc5a8 is started using port 34923 for RATIS
2022-10-08 01:39:56,163 [EndpointStateMachine task thread for /0.0.0.0:40221 - 0 ] INFO  ratis.XceiverServerRatis (XceiverServerRatis.java:getRealPort(502)) - XceiverServerRatis 291612d5-8a25-468b-b904-396bb29bc5a8 is started using port 34923 for RATIS_ADMIN
2022-10-08 01:39:56,163 [EndpointStateMachine task thread for /0.0.0.0:40221 - 0 ] INFO  ratis.XceiverServerRatis (XceiverServerRatis.java:getRealPort(502)) - XceiverServerRatis 291612d5-8a25-468b-b904-396bb29bc5a8 is started using port 34923 for RATIS_SERVER
2022-10-08 01:39:56,164 [org.apache.ratis.util.JvmPauseMonitor$$Lambda$636/846962177@65fc7bac] INFO  util.JvmPauseMonitor (JvmPauseMonitor.java:run(103)) - JvmPauseMonitor-291612d5-8a25-468b-b904-396bb29bc5a8: Started
2022-10-08 01:39:56,232 [EndpointStateMachine task thread for /0.0.0.0:40221 - 0 ] INFO  server.XceiverServerGrpc (XceiverServerGrpc.java:start(180)) - XceiverServerGrpc 291612d5-8a25-468b-b904-396bb29bc5a8 is started using port 39861
2022-10-08 01:39:56,307 [Listener at 127.0.0.1/34011] INFO  reflections.Reflections (Reflections.java:scan(232)) - Reflections took 324 ms to scan 7 urls, producing 135 keys and 327 values 
2022-10-08 01:39:56,360 [Listener at 127.0.0.1/34011] INFO  statemachine.DatanodeStateMachine (DatanodeStateMachine.java:getEndPointTaskThreadPoolSize(237)) - Datanode State Machine Task Thread Pool size 2
2022-10-08 01:39:56,412 [Listener at 127.0.0.1/34011] INFO  volume.HddsVolume (HddsVolume.java:<init>(117)) - Creating HddsVolume: /home/runner/work/ozone/ozone/hadoop-ozone/integration-test/target/test-dir/MiniOzoneClusterImpl-f835b163-d90e-48f8-926f-823f898330c6/datanode-2/data-0/containers/hdds of storage type : DISK capacity : 9223372036854775807
2022-10-08 01:39:56,413 [Listener at 127.0.0.1/34011] INFO  volume.MutableVolumeSet (MutableVolumeSet.java:initializeVolumeSet(174)) - Added Volume : /home/runner/work/ozone/ozone/hadoop-ozone/integration-test/target/test-dir/MiniOzoneClusterImpl-f835b163-d90e-48f8-926f-823f898330c6/datanode-2/data-0/containers/hdds to VolumeSet
2022-10-08 01:39:56,413 [Listener at 127.0.0.1/34011] INFO  volume.ThrottledAsyncChecker (ThrottledAsyncChecker.java:schedule(141)) - Scheduling a check for /home/runner/work/ozone/ozone/hadoop-ozone/integration-test/target/test-dir/MiniOzoneClusterImpl-f835b163-d90e-48f8-926f-823f898330c6/datanode-2/data-0/containers/hdds
2022-10-08 01:39:56,440 [Listener at 127.0.0.1/34011] INFO  volume.StorageVolumeChecker (StorageVolumeChecker.java:checkAllVolumes(202)) - Scheduled health check for volume /home/runner/work/ozone/ozone/hadoop-ozone/integration-test/target/test-dir/MiniOzoneClusterImpl-f835b163-d90e-48f8-926f-823f898330c6/datanode-2/data-0/containers/hdds
2022-10-08 01:39:56,456 [Listener at 127.0.0.1/34011] INFO  volume.MutableVolumeSet (MutableVolumeSet.java:initializeVolumeSet(174)) - Added Volume : /home/runner/work/ozone/ozone/hadoop-ozone/integration-test/target/test-dir/MiniOzoneClusterImpl-f835b163-d90e-48f8-926f-823f898330c6/datanode-2/data/ratis to VolumeSet
2022-10-08 01:39:56,512 [Listener at 127.0.0.1/34011] INFO  volume.ThrottledAsyncChecker (ThrottledAsyncChecker.java:schedule(141)) - Scheduling a check for /home/runner/work/ozone/ozone/hadoop-ozone/integration-test/target/test-dir/MiniOzoneClusterImpl-f835b163-d90e-48f8-926f-823f898330c6/datanode-2/data/ratis
2022-10-08 01:39:56,512 [Listener at 127.0.0.1/34011] INFO  volume.StorageVolumeChecker (StorageVolumeChecker.java:checkAllVolumes(202)) - Scheduled health check for volume /home/runner/work/ozone/ozone/hadoop-ozone/integration-test/target/test-dir/MiniOzoneClusterImpl-f835b163-d90e-48f8-926f-823f898330c6/datanode-2/data/ratis
2022-10-08 01:39:56,522 [ReplicationMonitor] WARN  replication.LegacyReplicationManager (LegacyReplicationManager.java:handleUnderReplicatedContainer(1224)) - Cannot replicate container #1, no healthy replica found.
2022-10-08 01:39:56,522 [ReplicationMonitor] WARN  replication.LegacyReplicationManager (LegacyReplicationManager.java:handleUnderReplicatedContainer(1224)) - Cannot replicate container #2, no healthy replica found.
2022-10-08 01:39:56,522 [ReplicationMonitor] WARN  replication.LegacyReplicationManager (LegacyReplicationManager.java:handleUnderReplicatedContainer(1224)) - Cannot replicate container #3, no healthy replica found.
2022-10-08 01:39:56,522 [ReplicationMonitor] INFO  replication.ReplicationManager (ReplicationManager.java:processAll(324)) - Replication Monitor Thread took 0 milliseconds for processing 7 containers.
2022-10-08 01:39:56,583 [Thread-2765] INFO  ozoneimpl.ContainerReader (ContainerReader.java:readVolume(175)) - Finish verifying containers on volume /home/runner/work/ozone/ozone/hadoop-ozone/integration-test/target/test-dir/MiniOzoneClusterImpl-f835b163-d90e-48f8-926f-823f898330c6/datanode-2/data-0/containers/hdds
2022-10-08 01:39:56,616 [Listener at 127.0.0.1/34011] INFO  ozoneimpl.OzoneContainer (OzoneContainer.java:buildContainerSet(300)) - Build ContainerSet costs 0s
2022-10-08 01:39:56,617 [Listener at 127.0.0.1/34011] INFO  server.RaftServer (ConfUtils.java:logGet(46)) - raft.rpc.type = GRPC (default)
2022-10-08 01:39:56,628 [Listener at 127.0.0.1/34011] INFO  grpc.GrpcFactory (GrpcFactory.java:checkPooledByteBufAllocatorUseCacheForAllThreads(48)) - PERFORMANCE WARNING: useCacheForAllThreads is true that may cause Netty to create a lot garbage objects and, as a result, trigger GC.
	It is recommended to disable useCacheForAllThreads by setting -Dorg.apache.ratis.thirdparty.io.netty.allocator.useCacheForAllThreads=false in command line.
2022-10-08 01:39:56,629 [Listener at 127.0.0.1/34011] INFO  grpc.GrpcConfigKeys (ConfUtils.java:logGet(46)) - raft.grpc.admin.port = 0 (custom)
2022-10-08 01:39:56,629 [Listener at 127.0.0.1/34011] INFO  grpc.GrpcConfigKeys (ConfUtils.java:logGet(46)) - raft.grpc.client.port = 0 (custom)
2022-10-08 01:39:56,629 [Listener at 127.0.0.1/34011] INFO  grpc.GrpcConfigKeys (ConfUtils.java:logGet(46)) - raft.grpc.server.port = 0 (default)
2022-10-08 01:39:56,629 [Listener at 127.0.0.1/34011] INFO  server.GrpcService (ConfUtils.java:logGet(46)) - raft.grpc.message.size.max = 32MB (=33554432) (custom)
2022-10-08 01:39:56,629 [Listener at 127.0.0.1/34011] INFO  server.RaftServerConfigKeys (ConfUtils.java:logGet(46)) - raft.server.log.appender.buffer.byte-limit = 33554432 (custom)
2022-10-08 01:39:56,629 [Listener at 127.0.0.1/34011] INFO  server.GrpcService (ConfUtils.java:logGet(46)) - raft.grpc.flow.control.window = 5MB (=5242880) (custom)
2022-10-08 01:39:56,629 [Listener at 127.0.0.1/34011] INFO  server.RaftServerConfigKeys (ConfUtils.java:logGet(46)) - raft.server.rpc.request.timeout = 60s (custom)
2022-10-08 01:39:56,629 [Listener at 127.0.0.1/34011] INFO  grpc.GrpcConfigKeys (ConfUtils.java:logGet(46)) - raft.grpc.server.async.request.thread.pool.cached = true (default)
2022-10-08 01:39:56,629 [Listener at 127.0.0.1/34011] INFO  grpc.GrpcConfigKeys (ConfUtils.java:logGet(46)) - raft.grpc.server.async.request.thread.pool.size = 32 (default)
2022-10-08 01:39:56,630 [Listener at 127.0.0.1/34011] INFO  impl.DataStreamServerImpl (ConfUtils.java:logGet(46)) - raft.datastream.type = DISABLED (default)
2022-10-08 01:39:56,630 [Listener at 127.0.0.1/34011] INFO  server.RaftServerConfigKeys (ConfUtils.java:logGet(46)) - raft.server.threadpool.proxy.cached = true (default)
2022-10-08 01:39:56,630 [Listener at 127.0.0.1/34011] INFO  server.RaftServerConfigKeys (ConfUtils.java:logGet(46)) - raft.server.threadpool.proxy.size = 0 (default)
2022-10-08 01:39:56,630 [Listener at 127.0.0.1/34011] INFO  server.RaftServerConfigKeys (ConfUtils.java:logGet(46)) - raft.server.rpc.slowness.timeout = 300s (custom)
2022-10-08 01:39:56,631 [Listener at 127.0.0.1/34011] INFO  server.RaftServerConfigKeys (ConfUtils.java:logGet(46)) - raft.server.leaderelection.leader.step-down.wait-time = 10s (default)
2022-10-08 01:39:56,631 [Listener at 127.0.0.1/34011] INFO  server.RaftServerConfigKeys (ConfUtils.java:logGet(46)) - raft.server.storage.dir = [/home/runner/work/ozone/ozone/hadoop-ozone/integration-test/target/test-dir/MiniOzoneClusterImpl-f835b163-d90e-48f8-926f-823f898330c6/datanode-2/data/ratis] (custom)
2022-10-08 01:39:56,645 [Listener at 127.0.0.1/34011] INFO  server.XceiverServerGrpc (XceiverServerGrpc.java:<init>(132)) - GrpcServer channel type EpollServerSocketChannel
2022-10-08 01:39:56,715 [Listener at 127.0.0.1/34011] INFO  http.BaseHttpServer (BaseHttpServer.java:newHttpServer2BuilderForOzone(213)) - Starting Web-server for hddsDatanode at: http://0.0.0.0:0
2022-10-08 01:39:56,715 [Listener at 127.0.0.1/34011] INFO  http.BaseHttpServer (BaseHttpServer.java:<init>(108)) - Hadoop Security Enabled: false Ozone Security Enabled: false Ozone HTTP Security Enabled: false 
2022-10-08 01:39:56,716 [Listener at 127.0.0.1/34011] INFO  server.AuthenticationFilter (AuthenticationFilter.java:constructSecretProvider(240)) - Unable to initialize FileSignerSecretProvider, falling back to use random secrets.
2022-10-08 01:39:56,732 [Listener at 127.0.0.1/34011] WARN  http.HttpRequestLog (HttpRequestLog.java:getRequestLog(103)) - Jetty request log can only be enabled using Log4j
2022-10-08 01:39:56,735 [Listener at 127.0.0.1/34011] INFO  http.HttpServer2 (HttpServer2.java:addGlobalFilter(1031)) - Added global filter 'safety' (class=org.apache.hadoop.hdds.server.http.HttpServer2$QuotingInputFilter)
2022-10-08 01:39:56,735 [Listener at 127.0.0.1/34011] INFO  http.HttpServer2 (HttpServer2.java:addFilter(1007)) - Added filter static_user_filter (class=org.apache.hadoop.http.lib.StaticUserWebFilter$StaticUserFilter) to context hddsDatanode
2022-10-08 01:39:56,735 [Listener at 127.0.0.1/34011] INFO  http.HttpServer2 (HttpServer2.java:addFilter(1015)) - Added filter static_user_filter (class=org.apache.hadoop.http.lib.StaticUserWebFilter$StaticUserFilter) to context static
2022-10-08 01:39:56,735 [Listener at 127.0.0.1/34011] INFO  http.HttpServer2 (HttpServer2.java:addFilter(1015)) - Added filter static_user_filter (class=org.apache.hadoop.http.lib.StaticUserWebFilter$StaticUserFilter) to context logs
2022-10-08 01:39:56,736 [Listener at 127.0.0.1/34011] INFO  http.HttpServer2 (HttpServer2.java:bindListener(1250)) - Jetty bound to port 45515
2022-10-08 01:39:56,736 [Listener at 127.0.0.1/34011] INFO  server.Server (Server.java:doStart(375)) - jetty-9.4.43.v20210629; built: 2021-06-30T11:07:22.254Z; git: 526006ecfa3af7f1a27ef3a288e2bef7ea9dd7e8; jvm 1.8.0_345-b01
2022-10-08 01:39:56,748 [ReplicationMonitor] INFO  replication.ReplicationManager (ReplicationManager.java:processAll(291)) - Replication Manager is not ready to run until 3000ms after safemode exit
2022-10-08 01:39:56,916 [Listener at 127.0.0.1/34011] INFO  server.session (DefaultSessionIdManager.java:doStart(334)) - DefaultSessionIdManager workerName=node0
2022-10-08 01:39:56,916 [Listener at 127.0.0.1/34011] INFO  server.session (DefaultSessionIdManager.java:doStart(339)) - No SessionScavenger set, using defaults
2022-10-08 01:39:56,916 [Listener at 127.0.0.1/34011] INFO  server.session (HouseKeeper.java:startScavenging(132)) - node0 Scavenging every 660000ms
2022-10-08 01:39:56,917 [Listener at 127.0.0.1/34011] INFO  handler.ContextHandler (ContextHandler.java:doStart(915)) - Started o.e.j.s.ServletContextHandler@38b01b7f{logs,/logs,file:///home/runner/work/ozone/ozone/hadoop-ozone/integration-test/target/log,AVAILABLE}
2022-10-08 01:39:56,917 [Listener at 127.0.0.1/34011] INFO  handler.ContextHandler (ContextHandler.java:doStart(915)) - Started o.e.j.s.ServletContextHandler@5c6768b6{static,/static,jar:file:/home/runner/.m2/repository/org/apache/ozone/hdds-container-service/1.3.0-SNAPSHOT/hdds-container-service-1.3.0-SNAPSHOT.jar!/webapps/static,AVAILABLE}
2022-10-08 01:39:56,965 [ForkJoinPool.commonPool-worker-0] INFO  utils.BackgroundService (BackgroundService.java:shutdown(141)) - Shutting down service BlockDeletingService
2022-10-08 01:39:56,968 [ForkJoinPool.commonPool-worker-0] INFO  utils.BackgroundService (BackgroundService.java:shutdown(141)) - Shutting down service StaleRecoveringContainerScrubbingService
2022-10-08 01:39:57,292 [Listener at 127.0.0.1/42695] INFO  utils.BackgroundService (BackgroundService.java:shutdown(141)) - Shutting down service BlockDeletingService
2022-10-08 01:39:57,293 [Listener at 127.0.0.1/42695] INFO  utils.BackgroundService (BackgroundService.java:shutdown(141)) - Shutting down service StaleRecoveringContainerScrubbingService
2022-10-08 01:39:57,522 [ReplicationMonitor] WARN  replication.LegacyReplicationManager (LegacyReplicationManager.java:handleUnderReplicatedContainer(1224)) - Cannot replicate container #1, no healthy replica found.
2022-10-08 01:39:57,523 [ReplicationMonitor] WARN  replication.LegacyReplicationManager (LegacyReplicationManager.java:handleUnderReplicatedContainer(1224)) - Cannot replicate container #2, no healthy replica found.
2022-10-08 01:39:57,523 [ReplicationMonitor] WARN  replication.LegacyReplicationManager (LegacyReplicationManager.java:handleUnderReplicatedContainer(1224)) - Cannot replicate container #3, no healthy replica found.
2022-10-08 01:39:57,523 [ReplicationMonitor] INFO  replication.ReplicationManager (ReplicationManager.java:processAll(324)) - Replication Monitor Thread took 1 milliseconds for processing 7 containers.
2022-10-08 01:39:57,628 [IPC Server handler 19 on default port 40221] INFO  net.NetworkTopologyImpl (NetworkTopologyImpl.java:add(112)) - Added a new node: /default-rack/291612d5-8a25-468b-b904-396bb29bc5a8
2022-10-08 01:39:57,628 [IPC Server handler 19 on default port 40221] INFO  node.SCMNodeManager (SCMNodeManager.java:register(397)) - Registered Data node : 291612d5-8a25-468b-b904-396bb29bc5a8{ip: 10.1.0.61, host: fv-az180-867.g3pwtgv4ffyuhaixmbmm0kyh3d.gx.internal.cloudapp.net, ports: [REPLICATION=39179, RATIS=34923, RATIS_ADMIN=34923, RATIS_SERVER=34923, STANDALONE=39861], networkLocation: /default-rack, certSerialId: null, persistedOpState: null, persistedOpStateExpiryEpochSec: 0}
2022-10-08 01:39:57,635 [EventQueue-NodeRegistrationContainerReportForDataNodeSafeModeRule] INFO  safemode.SCMSafeModeManager (DataNodeSafeModeRule.java:process(71)) - SCM in safe mode. 1 DataNodes registered, 3 required.
2022-10-08 01:39:57,635 [EventQueue-NodeRegistrationContainerReportForContainerSafeModeRule] INFO  safemode.SCMSafeModeManager (SCMSafeModeManager.java:validateSafeModeExitRules(204)) - ContainerSafeModeRule rule is successfully validated
2022-10-08 01:39:57,681 [EventQueue-NewNodeForNewNodeHandler] INFO  pipeline.BackgroundPipelineCreator (BackgroundPipelineCreator.java:notifyEventTriggered(276)) - trigger a one-shot run on RatisPipelineUtilsThread.
2022-10-08 01:39:57,681 [RatisPipelineUtilsThread - 0] INFO  pipeline.RatisPipelineProvider (RatisPipelineProvider.java:lambda$create$0(195)) - Sending CreatePipelineCommand for pipeline:PipelineID=dc5c35ed-4499-421c-b4fe-78883c07603b to datanode:291612d5-8a25-468b-b904-396bb29bc5a8
2022-10-08 01:39:57,681 [EventQueue-PipelineReportForOneReplicaPipelineSafeModeRule] INFO  safemode.SCMSafeModeManager (SCMSafeModeManager.java:validateSafeModeExitRules(204)) - AtleastOneDatanodeReportedRule rule is successfully validated
2022-10-08 01:39:57,682 [RatisPipelineUtilsThread - 0] INFO  pipeline.PipelineStateManagerImpl (PipelineStateManagerImpl.java:addPipeline(103)) - Created pipeline Pipeline[ Id: dc5c35ed-4499-421c-b4fe-78883c07603b, Nodes: 291612d5-8a25-468b-b904-396bb29bc5a8{ip: 10.1.0.61, host: fv-az180-867.g3pwtgv4ffyuhaixmbmm0kyh3d.gx.internal.cloudapp.net, ports: [REPLICATION=39179, RATIS=34923, RATIS_ADMIN=34923, RATIS_SERVER=34923, STANDALONE=39861], networkLocation: /default-rack, certSerialId: null, persistedOpState: IN_SERVICE, persistedOpStateExpiryEpochSec: 0}, ReplicationConfig: RATIS/ONE, State:ALLOCATED, leaderId:, CreationTimestamp2022-10-08T01:39:57.681Z[Etc/UTC]].
2022-10-08 01:39:57,748 [ReplicationMonitor] INFO  replication.ReplicationManager (ReplicationManager.java:processAll(291)) - Replication Manager is not ready to run until 3000ms after safemode exit
2022-10-08 01:39:58,109 [Listener at 127.0.0.1/34011] INFO  handler.ContextHandler (ContextHandler.java:doStart(915)) - Started o.e.j.w.WebAppContext@22f9758{hddsDatanode,/,file:///tmp/jetty-0_0_0_0-45515-hdds-container-service-1_3_0-SNAPSHOT_jar-_-any-464242941183648669/webapp/,AVAILABLE}{jar:file:/home/runner/.m2/repository/org/apache/ozone/hdds-container-service/1.3.0-SNAPSHOT/hdds-container-service-1.3.0-SNAPSHOT.jar!/webapps/hddsDatanode}
2022-10-08 01:39:58,112 [Listener at 127.0.0.1/34011] INFO  server.AbstractConnector (AbstractConnector.java:doStart(331)) - Started ServerConnector@28aca2a1{HTTP/1.1, (http/1.1)}{0.0.0.0:45515}
2022-10-08 01:39:58,112 [Listener at 127.0.0.1/34011] INFO  server.Server (Server.java:doStart(415)) - Started @524385ms
2022-10-08 01:39:58,113 [Listener at 127.0.0.1/34011] WARN  impl.MetricsSystemImpl (MetricsSystemImpl.java:register(279)) - Sink prometheus already exists!
2022-10-08 01:39:58,113 [Listener at 127.0.0.1/34011] INFO  http.BaseHttpServer (BaseHttpServer.java:updateConnectorAddress(333)) - HTTP server of hddsDatanode listening at http://0.0.0.0:45515
2022-10-08 01:39:58,113 [Listener at 127.0.0.1/34011] WARN  impl.MetricRegistriesImpl (MetricRegistriesImpl.java:addReporterRegistration(111)) - New reporters are added after registries were created. Some metrics will be missing from the reporter. Please add reporter before adding any new registry.
2022-10-08 01:39:58,113 [Listener at 127.0.0.1/34011] WARN  impl.MetricRegistriesImpl (MetricRegistriesImpl.java:addReporterRegistration(111)) - New reporters are added after registries were created. Some metrics will be missing from the reporter. Please add reporter before adding any new registry.
2022-10-08 01:39:58,113 [Listener at 127.0.0.1/34011] INFO  impl.MetricsSystemImpl (MetricsSystemImpl.java:init(158)) - HddsDatanode metrics system started (again)
2022-10-08 01:39:58,133 [Datanode State Machine Daemon Thread] INFO  statemachine.DatanodeStateMachine (DatanodeStateMachine.java:lambda$startDaemon$0(492)) - Ozone container server started.
2022-10-08 01:39:58,167 [Listener at 127.0.0.1/34011] INFO  ozone.HddsDatanodeService (HddsDatanodeService.java:start(236)) - HddsDatanodeService host:fv-az180-867.g3pwtgv4ffyuhaixmbmm0kyh3d.gx.internal.cloudapp.net ip:10.1.0.61
2022-10-08 01:39:58,170 [org.apache.hadoop.util.JvmPauseMonitor$Monitor@7353bf05] INFO  util.JvmPauseMonitor (JvmPauseMonitor.java:run(188)) - Starting JVM pause monitor
2022-10-08 01:39:58,171 [Datanode State Machine Task Thread - 0] INFO  datanode.InitDatanodeState (InitDatanodeState.java:persistContainerDatanodeDetails(138)) - DatanodeDetails is persisted to /home/runner/work/ozone/ozone/hadoop-ozone/integration-test/target/test-dir/MiniOzoneClusterImpl-f835b163-d90e-48f8-926f-823f898330c6/datanode-2/meta/datanode.id
2022-10-08 01:39:58,196 [EndpointStateMachine task thread for /0.0.0.0:40221 - 0 ] INFO  volume.HddsVolume (HddsVolume.java:createDbStore(307)) - SchemaV3 db is created and loaded at /home/runner/work/ozone/ozone/hadoop-ozone/integration-test/target/test-dir/MiniOzoneClusterImpl-f835b163-d90e-48f8-926f-823f898330c6/datanode-1/data-0/containers/hdds/f835b163-d90e-48f8-926f-823f898330c6/DS-bdbdd0d1-7cc4-444f-8e93-49296bb99b5c/container.db for volume DS-bdbdd0d1-7cc4-444f-8e93-49296bb99b5c
2022-10-08 01:39:58,200 [EndpointStateMachine task thread for /0.0.0.0:40221 - 0 ] INFO  volume.HddsVolume (HddsVolume.java:closeDbStore(338)) - SchemaV3 db is stopped at /home/runner/work/ozone/ozone/hadoop-ozone/integration-test/target/test-dir/MiniOzoneClusterImpl-f835b163-d90e-48f8-926f-823f898330c6/datanode-1/data-0/containers/hdds/f835b163-d90e-48f8-926f-823f898330c6/DS-bdbdd0d1-7cc4-444f-8e93-49296bb99b5c/container.db for volume DS-bdbdd0d1-7cc4-444f-8e93-49296bb99b5c
2022-10-08 01:39:58,200 [EndpointStateMachine task thread for /0.0.0.0:40221 - 0 ] INFO  ozoneimpl.OzoneContainer (OzoneContainer.java:start(378)) - Attempting to start container services.
2022-10-08 01:39:58,200 [EndpointStateMachine task thread for /0.0.0.0:40221 - 0 ] INFO  ozoneimpl.OzoneContainer (OzoneContainer.java:startContainerScrub(313)) - Background container scanner has been disabled.
2022-10-08 01:39:58,245 [EndpointStateMachine task thread for /0.0.0.0:40221 - 0 ] INFO  replication.ReplicationServer (ReplicationServer.java:start(111)) - ReplicationServer is started using port 34467
2022-10-08 01:39:58,252 [EndpointStateMachine task thread for /0.0.0.0:40221 - 0 ] INFO  ratis.XceiverServerRatis (XceiverServerRatis.java:start(481)) - Starting XceiverServerRatis 1b06eb26-cd88-4c30-b02a-c0b828ed8899
2022-10-08 01:39:58,259 [EndpointStateMachine task thread for /0.0.0.0:40221 - 0 ] INFO  server.RaftServer (RaftServerProxy.java:lambda$start$6(382)) - 1b06eb26-cd88-4c30-b02a-c0b828ed8899: start RPC server
2022-10-08 01:39:58,332 [EndpointStateMachine task thread for /0.0.0.0:40221 - 0 ] INFO  server.GrpcService (GrpcService.java:startImpl(260)) - 1b06eb26-cd88-4c30-b02a-c0b828ed8899: GrpcService started, listening on 37511
2022-10-08 01:39:58,333 [EndpointStateMachine task thread for /0.0.0.0:40221 - 0 ] INFO  ratis.XceiverServerRatis (XceiverServerRatis.java:getRealPort(502)) - XceiverServerRatis 1b06eb26-cd88-4c30-b02a-c0b828ed8899 is started using port 37511 for RATIS
2022-10-08 01:39:58,333 [EndpointStateMachine task thread for /0.0.0.0:40221 - 0 ] INFO  ratis.XceiverServerRatis (XceiverServerRatis.java:getRealPort(502)) - XceiverServerRatis 1b06eb26-cd88-4c30-b02a-c0b828ed8899 is started using port 37511 for RATIS_ADMIN
2022-10-08 01:39:58,333 [EndpointStateMachine task thread for /0.0.0.0:40221 - 0 ] INFO  ratis.XceiverServerRatis (XceiverServerRatis.java:getRealPort(502)) - XceiverServerRatis 1b06eb26-cd88-4c30-b02a-c0b828ed8899 is started using port 37511 for RATIS_SERVER
2022-10-08 01:39:58,333 [org.apache.ratis.util.JvmPauseMonitor$$Lambda$636/846962177@24f519bb] INFO  util.JvmPauseMonitor (JvmPauseMonitor.java:run(103)) - JvmPauseMonitor-1b06eb26-cd88-4c30-b02a-c0b828ed8899: Started
2022-10-08 01:39:58,416 [Listener at 127.0.0.1/34011] INFO  upgrade.AbstractLayoutVersionManager (AbstractLayoutVersionManager.java:init(83)) - Initializing Layout version manager with metadata layout = DATANODE_SCHEMA_V3 (version = 4), software layout = DATANODE_SCHEMA_V3 (version = 4)
2022-10-08 01:39:58,473 [EndpointStateMachine task thread for /0.0.0.0:40221 - 0 ] INFO  server.XceiverServerGrpc (XceiverServerGrpc.java:start(180)) - XceiverServerGrpc 1b06eb26-cd88-4c30-b02a-c0b828ed8899 is started using port 41855
2022-10-08 01:39:58,523 [ReplicationMonitor] WARN  replication.LegacyReplicationManager (LegacyReplicationManager.java:handleUnderReplicatedContainer(1224)) - Cannot replicate container #1, no healthy replica found.
2022-10-08 01:39:58,523 [ReplicationMonitor] WARN  replication.LegacyReplicationManager (LegacyReplicationManager.java:handleUnderReplicatedContainer(1224)) - Cannot replicate container #2, no healthy replica found.
2022-10-08 01:39:58,523 [ReplicationMonitor] WARN  replication.LegacyReplicationManager (LegacyReplicationManager.java:handleUnderReplicatedContainer(1224)) - Cannot replicate container #3, no healthy replica found.
2022-10-08 01:39:58,523 [ReplicationMonitor] INFO  replication.ReplicationManager (ReplicationManager.java:processAll(324)) - Replication Monitor Thread took 1 milliseconds for processing 7 containers.
2022-10-08 01:39:58,748 [ReplicationMonitor] INFO  replication.ReplicationManager (ReplicationManager.java:processAll(291)) - Replication Manager is not ready to run until 3000ms after safemode exit
2022-10-08 01:39:58,868 [Listener at 127.0.0.1/34011] INFO  reflections.Reflections (Reflections.java:scan(232)) - Reflections took 451 ms to scan 7 urls, producing 135 keys and 327 values 
2022-10-08 01:39:58,869 [Listener at 127.0.0.1/34011] INFO  statemachine.DatanodeStateMachine (DatanodeStateMachine.java:getEndPointTaskThreadPoolSize(237)) - Datanode State Machine Task Thread Pool size 2
2022-10-08 01:39:58,884 [Listener at 127.0.0.1/34011] INFO  volume.HddsVolume (HddsVolume.java:<init>(117)) - Creating HddsVolume: /home/runner/work/ozone/ozone/hadoop-ozone/integration-test/target/test-dir/MiniOzoneClusterImpl-f835b163-d90e-48f8-926f-823f898330c6/datanode-3/data-0/containers/hdds of storage type : DISK capacity : 9223372036854775807
2022-10-08 01:39:58,884 [Listener at 127.0.0.1/34011] INFO  volume.MutableVolumeSet (MutableVolumeSet.java:initializeVolumeSet(174)) - Added Volume : /home/runner/work/ozone/ozone/hadoop-ozone/integration-test/target/test-dir/MiniOzoneClusterImpl-f835b163-d90e-48f8-926f-823f898330c6/datanode-3/data-0/containers/hdds to VolumeSet
2022-10-08 01:39:58,884 [Listener at 127.0.0.1/34011] INFO  volume.ThrottledAsyncChecker (ThrottledAsyncChecker.java:schedule(141)) - Scheduling a check for /home/runner/work/ozone/ozone/hadoop-ozone/integration-test/target/test-dir/MiniOzoneClusterImpl-f835b163-d90e-48f8-926f-823f898330c6/datanode-3/data-0/containers/hdds
2022-10-08 01:39:58,890 [Listener at 127.0.0.1/34011] INFO  volume.StorageVolumeChecker (StorageVolumeChecker.java:checkAllVolumes(202)) - Scheduled health check for volume /home/runner/work/ozone/ozone/hadoop-ozone/integration-test/target/test-dir/MiniOzoneClusterImpl-f835b163-d90e-48f8-926f-823f898330c6/datanode-3/data-0/containers/hdds
2022-10-08 01:39:58,908 [Listener at 127.0.0.1/34011] INFO  volume.MutableVolumeSet (MutableVolumeSet.java:initializeVolumeSet(174)) - Added Volume : /home/runner/work/ozone/ozone/hadoop-ozone/integration-test/target/test-dir/MiniOzoneClusterImpl-f835b163-d90e-48f8-926f-823f898330c6/datanode-3/data/ratis to VolumeSet
2022-10-08 01:39:58,909 [Listener at 127.0.0.1/34011] INFO  volume.ThrottledAsyncChecker (ThrottledAsyncChecker.java:schedule(141)) - Scheduling a check for /home/runner/work/ozone/ozone/hadoop-ozone/integration-test/target/test-dir/MiniOzoneClusterImpl-f835b163-d90e-48f8-926f-823f898330c6/datanode-3/data/ratis
2022-10-08 01:39:58,909 [Listener at 127.0.0.1/34011] INFO  volume.StorageVolumeChecker (StorageVolumeChecker.java:checkAllVolumes(202)) - Scheduled health check for volume /home/runner/work/ozone/ozone/hadoop-ozone/integration-test/target/test-dir/MiniOzoneClusterImpl-f835b163-d90e-48f8-926f-823f898330c6/datanode-3/data/ratis
2022-10-08 01:39:59,056 [Thread-2789] INFO  ozoneimpl.ContainerReader (ContainerReader.java:readVolume(175)) - Finish verifying containers on volume /home/runner/work/ozone/ozone/hadoop-ozone/integration-test/target/test-dir/MiniOzoneClusterImpl-f835b163-d90e-48f8-926f-823f898330c6/datanode-3/data-0/containers/hdds
2022-10-08 01:39:59,056 [Listener at 127.0.0.1/34011] INFO  ozoneimpl.OzoneContainer (OzoneContainer.java:buildContainerSet(300)) - Build ContainerSet costs 0s
2022-10-08 01:39:59,058 [Listener at 127.0.0.1/34011] INFO  server.RaftServer (ConfUtils.java:logGet(46)) - raft.rpc.type = GRPC (default)
2022-10-08 01:39:59,058 [Listener at 127.0.0.1/34011] INFO  grpc.GrpcFactory (GrpcFactory.java:checkPooledByteBufAllocatorUseCacheForAllThreads(48)) - PERFORMANCE WARNING: useCacheForAllThreads is true that may cause Netty to create a lot garbage objects and, as a result, trigger GC.
	It is recommended to disable useCacheForAllThreads by setting -Dorg.apache.ratis.thirdparty.io.netty.allocator.useCacheForAllThreads=false in command line.
2022-10-08 01:39:59,058 [Listener at 127.0.0.1/34011] INFO  grpc.GrpcConfigKeys (ConfUtils.java:logGet(46)) - raft.grpc.admin.port = 0 (custom)
2022-10-08 01:39:59,058 [Listener at 127.0.0.1/34011] INFO  grpc.GrpcConfigKeys (ConfUtils.java:logGet(46)) - raft.grpc.client.port = 0 (custom)
2022-10-08 01:39:59,058 [Listener at 127.0.0.1/34011] INFO  grpc.GrpcConfigKeys (ConfUtils.java:logGet(46)) - raft.grpc.server.port = 0 (default)
2022-10-08 01:39:59,058 [Listener at 127.0.0.1/34011] INFO  server.GrpcService (ConfUtils.java:logGet(46)) - raft.grpc.message.size.max = 32MB (=33554432) (custom)
2022-10-08 01:39:59,058 [Listener at 127.0.0.1/34011] INFO  server.RaftServerConfigKeys (ConfUtils.java:logGet(46)) - raft.server.log.appender.buffer.byte-limit = 33554432 (custom)
2022-10-08 01:39:59,058 [Listener at 127.0.0.1/34011] INFO  server.GrpcService (ConfUtils.java:logGet(46)) - raft.grpc.flow.control.window = 5MB (=5242880) (custom)
2022-10-08 01:39:59,058 [Listener at 127.0.0.1/34011] INFO  server.RaftServerConfigKeys (ConfUtils.java:logGet(46)) - raft.server.rpc.request.timeout = 60s (custom)
2022-10-08 01:39:59,058 [Listener at 127.0.0.1/34011] INFO  grpc.GrpcConfigKeys (ConfUtils.java:logGet(46)) - raft.grpc.server.async.request.thread.pool.cached = true (default)
2022-10-08 01:39:59,058 [Listener at 127.0.0.1/34011] INFO  grpc.GrpcConfigKeys (ConfUtils.java:logGet(46)) - raft.grpc.server.async.request.thread.pool.size = 32 (default)
2022-10-08 01:39:59,060 [Listener at 127.0.0.1/34011] INFO  impl.DataStreamServerImpl (ConfUtils.java:logGet(46)) - raft.datastream.type = DISABLED (default)
2022-10-08 01:39:59,060 [Listener at 127.0.0.1/34011] INFO  server.RaftServerConfigKeys (ConfUtils.java:logGet(46)) - raft.server.threadpool.proxy.cached = true (default)
2022-10-08 01:39:59,060 [Listener at 127.0.0.1/34011] INFO  server.RaftServerConfigKeys (ConfUtils.java:logGet(46)) - raft.server.threadpool.proxy.size = 0 (default)
2022-10-08 01:39:59,060 [Listener at 127.0.0.1/34011] INFO  server.RaftServerConfigKeys (ConfUtils.java:logGet(46)) - raft.server.rpc.slowness.timeout = 300s (custom)
2022-10-08 01:39:59,060 [Listener at 127.0.0.1/34011] INFO  server.RaftServerConfigKeys (ConfUtils.java:logGet(46)) - raft.server.leaderelection.leader.step-down.wait-time = 10s (default)
2022-10-08 01:39:59,060 [Listener at 127.0.0.1/34011] INFO  server.RaftServerConfigKeys (ConfUtils.java:logGet(46)) - raft.server.storage.dir = [/home/runner/work/ozone/ozone/hadoop-ozone/integration-test/target/test-dir/MiniOzoneClusterImpl-f835b163-d90e-48f8-926f-823f898330c6/datanode-3/data/ratis] (custom)
2022-10-08 01:39:59,085 [Listener at 127.0.0.1/34011] INFO  server.XceiverServerGrpc (XceiverServerGrpc.java:<init>(132)) - GrpcServer channel type EpollServerSocketChannel
2022-10-08 01:39:59,092 [Listener at 127.0.0.1/34011] INFO  http.BaseHttpServer (BaseHttpServer.java:newHttpServer2BuilderForOzone(213)) - Starting Web-server for hddsDatanode at: http://0.0.0.0:0
2022-10-08 01:39:59,092 [Listener at 127.0.0.1/34011] INFO  http.BaseHttpServer (BaseHttpServer.java:<init>(108)) - Hadoop Security Enabled: false Ozone Security Enabled: false Ozone HTTP Security Enabled: false 
2022-10-08 01:39:59,093 [Listener at 127.0.0.1/34011] INFO  server.AuthenticationFilter (AuthenticationFilter.java:constructSecretProvider(240)) - Unable to initialize FileSignerSecretProvider, falling back to use random secrets.
2022-10-08 01:39:59,104 [Listener at 127.0.0.1/34011] WARN  http.HttpRequestLog (HttpRequestLog.java:getRequestLog(103)) - Jetty request log can only be enabled using Log4j
2022-10-08 01:39:59,145 [Listener at 127.0.0.1/34011] INFO  http.HttpServer2 (HttpServer2.java:addGlobalFilter(1031)) - Added global filter 'safety' (class=org.apache.hadoop.hdds.server.http.HttpServer2$QuotingInputFilter)
2022-10-08 01:39:59,145 [Listener at 127.0.0.1/34011] INFO  http.HttpServer2 (HttpServer2.java:addFilter(1007)) - Added filter static_user_filter (class=org.apache.hadoop.http.lib.StaticUserWebFilter$StaticUserFilter) to context hddsDatanode
2022-10-08 01:39:59,145 [Listener at 127.0.0.1/34011] INFO  http.HttpServer2 (HttpServer2.java:addFilter(1015)) - Added filter static_user_filter (class=org.apache.hadoop.http.lib.StaticUserWebFilter$StaticUserFilter) to context static
2022-10-08 01:39:59,145 [Listener at 127.0.0.1/34011] INFO  http.HttpServer2 (HttpServer2.java:addFilter(1015)) - Added filter static_user_filter (class=org.apache.hadoop.http.lib.StaticUserWebFilter$StaticUserFilter) to context logs
2022-10-08 01:39:59,145 [Listener at 127.0.0.1/34011] INFO  http.HttpServer2 (HttpServer2.java:bindListener(1250)) - Jetty bound to port 41521
2022-10-08 01:39:59,146 [Listener at 127.0.0.1/34011] INFO  server.Server (Server.java:doStart(375)) - jetty-9.4.43.v20210629; built: 2021-06-30T11:07:22.254Z; git: 526006ecfa3af7f1a27ef3a288e2bef7ea9dd7e8; jvm 1.8.0_345-b01
2022-10-08 01:39:59,336 [Listener at 127.0.0.1/34011] INFO  server.session (DefaultSessionIdManager.java:doStart(334)) - DefaultSessionIdManager workerName=node0
2022-10-08 01:39:59,336 [Listener at 127.0.0.1/34011] INFO  server.session (DefaultSessionIdManager.java:doStart(339)) - No SessionScavenger set, using defaults
2022-10-08 01:39:59,336 [Listener at 127.0.0.1/34011] INFO  server.session (HouseKeeper.java:startScavenging(132)) - node0 Scavenging every 660000ms
2022-10-08 01:39:59,436 [Listener at 127.0.0.1/34011] INFO  handler.ContextHandler (ContextHandler.java:doStart(915)) - Started o.e.j.s.ServletContextHandler@28df7110{logs,/logs,file:///home/runner/work/ozone/ozone/hadoop-ozone/integration-test/target/log,AVAILABLE}
2022-10-08 01:39:59,436 [Listener at 127.0.0.1/34011] INFO  handler.ContextHandler (ContextHandler.java:doStart(915)) - Started o.e.j.s.ServletContextHandler@7f526d65{static,/static,jar:file:/home/runner/.m2/repository/org/apache/ozone/hdds-container-service/1.3.0-SNAPSHOT/hdds-container-service-1.3.0-SNAPSHOT.jar!/webapps/static,AVAILABLE}
2022-10-08 01:39:59,524 [ReplicationMonitor] WARN  replication.LegacyReplicationManager (LegacyReplicationManager.java:handleUnderReplicatedContainer(1224)) - Cannot replicate container #1, no healthy replica found.
2022-10-08 01:39:59,524 [ReplicationMonitor] WARN  replication.LegacyReplicationManager (LegacyReplicationManager.java:handleUnderReplicatedContainer(1224)) - Cannot replicate container #2, no healthy replica found.
2022-10-08 01:39:59,524 [ReplicationMonitor] WARN  replication.LegacyReplicationManager (LegacyReplicationManager.java:handleUnderReplicatedContainer(1224)) - Cannot replicate container #3, no healthy replica found.
2022-10-08 01:39:59,524 [ReplicationMonitor] INFO  replication.ReplicationManager (ReplicationManager.java:processAll(324)) - Replication Monitor Thread took 0 milliseconds for processing 7 containers.
2022-10-08 01:39:59,748 [ReplicationMonitor] INFO  replication.ReplicationManager (ReplicationManager.java:processAll(291)) - Replication Manager is not ready to run until 3000ms after safemode exit
2022-10-08 01:39:59,900 [IPC Server handler 0 on default port 40221] INFO  net.NetworkTopologyImpl (NetworkTopologyImpl.java:add(112)) - Added a new node: /default-rack/1b06eb26-cd88-4c30-b02a-c0b828ed8899
2022-10-08 01:39:59,901 [IPC Server handler 0 on default port 40221] INFO  node.SCMNodeManager (SCMNodeManager.java:register(397)) - Registered Data node : 1b06eb26-cd88-4c30-b02a-c0b828ed8899{ip: 10.1.0.61, host: fv-az180-867.g3pwtgv4ffyuhaixmbmm0kyh3d.gx.internal.cloudapp.net, ports: [REPLICATION=34467, RATIS=37511, RATIS_ADMIN=37511, RATIS_SERVER=37511, STANDALONE=41855], networkLocation: /default-rack, certSerialId: null, persistedOpState: null, persistedOpStateExpiryEpochSec: 0}
2022-10-08 01:39:59,901 [EventQueue-NewNodeForNewNodeHandler] INFO  pipeline.BackgroundPipelineCreator (BackgroundPipelineCreator.java:notifyEventTriggered(276)) - trigger a one-shot run on RatisPipelineUtilsThread.
2022-10-08 01:39:59,901 [RatisPipelineUtilsThread - 0] INFO  pipeline.RatisPipelineProvider (RatisPipelineProvider.java:lambda$create$0(195)) - Sending CreatePipelineCommand for pipeline:PipelineID=5ebbcdca-00d6-48b4-94aa-3d7a7106d2eb to datanode:1b06eb26-cd88-4c30-b02a-c0b828ed8899
2022-10-08 01:39:59,936 [RatisPipelineUtilsThread - 0] INFO  pipeline.PipelineStateManagerImpl (PipelineStateManagerImpl.java:addPipeline(103)) - Created pipeline Pipeline[ Id: 5ebbcdca-00d6-48b4-94aa-3d7a7106d2eb, Nodes: 1b06eb26-cd88-4c30-b02a-c0b828ed8899{ip: 10.1.0.61, host: fv-az180-867.g3pwtgv4ffyuhaixmbmm0kyh3d.gx.internal.cloudapp.net, ports: [REPLICATION=34467, RATIS=37511, RATIS_ADMIN=37511, RATIS_SERVER=37511, STANDALONE=41855], networkLocation: /default-rack, certSerialId: null, persistedOpState: IN_SERVICE, persistedOpStateExpiryEpochSec: 0}, ReplicationConfig: RATIS/ONE, State:ALLOCATED, leaderId:, CreationTimestamp2022-10-08T01:39:59.901Z[Etc/UTC]].
2022-10-08 01:39:59,937 [EventQueue-NodeRegistrationContainerReportForDataNodeSafeModeRule] INFO  safemode.SCMSafeModeManager (DataNodeSafeModeRule.java:process(71)) - SCM in safe mode. 2 DataNodes registered, 3 required.
2022-10-08 01:39:59,971 [ForkJoinPool.commonPool-worker-0] INFO  statemachine.DatanodeStateMachine (DatanodeStateMachine.java:stopDaemon(580)) - Ozone container server stopped.
2022-10-08 01:39:59,994 [ForkJoinPool.commonPool-worker-0] INFO  handler.ContextHandler (ContextHandler.java:doStop(1153)) - Stopped o.e.j.w.WebAppContext@7196e234{hddsDatanode,/,null,STOPPED}{jar:file:/home/runner/.m2/repository/org/apache/ozone/hdds-container-service/1.3.0-SNAPSHOT/hdds-container-service-1.3.0-SNAPSHOT.jar!/webapps/hddsDatanode}
2022-10-08 01:40:00,036 [ForkJoinPool.commonPool-worker-0] INFO  server.AbstractConnector (AbstractConnector.java:doStop(381)) - Stopped ServerConnector@69c52812{HTTP/1.1, (http/1.1)}{0.0.0.0:0}
2022-10-08 01:40:00,038 [ForkJoinPool.commonPool-worker-0] INFO  server.session (HouseKeeper.java:stopScavenging(149)) - node0 Stopped scavenging
2022-10-08 01:40:00,094 [ForkJoinPool.commonPool-worker-0] INFO  handler.ContextHandler (ContextHandler.java:doStop(1153)) - Stopped o.e.j.s.ServletContextHandler@13d3b596{static,/static,jar:file:/home/runner/.m2/repository/org/apache/ozone/hdds-container-service/1.3.0-SNAPSHOT/hdds-container-service-1.3.0-SNAPSHOT.jar!/webapps/static,STOPPED}
2022-10-08 01:40:00,097 [ForkJoinPool.commonPool-worker-0] INFO  handler.ContextHandler (ContextHandler.java:doStop(1153)) - Stopped o.e.j.s.ServletContextHandler@2c593541{logs,/logs,file:///home/runner/work/ozone/ozone/hadoop-ozone/integration-test/target/log,STOPPED}
2022-10-08 01:40:00,300 [Listener at 127.0.0.1/42695] INFO  statemachine.DatanodeStateMachine (DatanodeStateMachine.java:stopDaemon(580)) - Ozone container server stopped.
2022-10-08 01:40:00,384 [grpc-default-executor-14] INFO  replication.GrpcOutputStream (GrpcOutputStream.java:close(104)) - Sent 33599416 bytes for container 2
2022-10-08 01:40:00,384 [grpc-default-executor-11] INFO  replication.GrpcReplicationClient (GrpcReplicationClient.java:onCompleted(197)) - Container 2 is downloaded to /home/runner/work/ozone/ozone/hadoop-ozone/integration-test/target/test-dir/MiniOzoneClusterImpl-5d0d2deb-5324-41ce-86fc-5a78a6428163/datanode-3/data/replication/work/container-2.tar.gz
2022-10-08 01:40:00,386 [Listener at 127.0.0.1/42695] INFO  handler.ContextHandler (ContextHandler.java:doStop(1153)) - Stopped o.e.j.w.WebAppContext@2e3f264e{hddsDatanode,/,null,STOPPED}{jar:file:/home/runner/.m2/repository/org/apache/ozone/hdds-container-service/1.3.0-SNAPSHOT/hdds-container-service-1.3.0-SNAPSHOT.jar!/webapps/hddsDatanode}
2022-10-08 01:40:00,387 [Listener at 127.0.0.1/42695] INFO  server.AbstractConnector (AbstractConnector.java:doStop(381)) - Stopped ServerConnector@4ae216ab{HTTP/1.1, (http/1.1)}{0.0.0.0:0}
2022-10-08 01:40:00,387 [Listener at 127.0.0.1/42695] INFO  server.session (HouseKeeper.java:stopScavenging(149)) - node0 Stopped scavenging
2022-10-08 01:40:00,387 [Listener at 127.0.0.1/42695] INFO  handler.ContextHandler (ContextHandler.java:doStop(1153)) - Stopped o.e.j.s.ServletContextHandler@11a9f1f6{static,/static,jar:file:/home/runner/.m2/repository/org/apache/ozone/hdds-container-service/1.3.0-SNAPSHOT/hdds-container-service-1.3.0-SNAPSHOT.jar!/webapps/static,STOPPED}
2022-10-08 01:40:00,387 [Listener at 127.0.0.1/42695] INFO  handler.ContextHandler (ContextHandler.java:doStop(1153)) - Stopped o.e.j.s.ServletContextHandler@1c87c178{logs,/logs,file:///home/runner/work/ozone/ozone/hadoop-ozone/integration-test/target/log,STOPPED}
2022-10-08 01:40:00,388 [Listener at 127.0.0.1/42695] INFO  ozone.MiniOzoneClusterImpl (MiniOzoneClusterImpl.java:stopSCM(537)) - Stopping the StorageContainerManager
2022-10-08 01:40:00,388 [Listener at 127.0.0.1/42695] INFO  server.StorageContainerManager (StorageContainerManager.java:stop(1528)) - Container Balancer is not running.
2022-10-08 01:40:00,388 [Listener at 127.0.0.1/42695] INFO  server.StorageContainerManager (StorageContainerManager.java:stop(1535)) - Stopping Replication Manager Service.
2022-10-08 01:40:00,388 [Listener at 127.0.0.1/42695] INFO  replication.ReplicationManager (ReplicationManager.java:stop(257)) - Stopping Replication Monitor Thread.
2022-10-08 01:40:00,388 [Listener at 127.0.0.1/42695] INFO  server.StorageContainerManager (StorageContainerManager.java:stop(1542)) - Stopping the Datanode Admin Monitor.
2022-10-08 01:40:00,388 [Listener at 127.0.0.1/42695] INFO  server.StorageContainerManager (StorageContainerManager.java:stop(1549)) - Stopping Lease Manager of the command watchers
2022-10-08 01:40:00,389 [Listener at 127.0.0.1/42695] INFO  server.StorageContainerManager (StorageContainerManager.java:stop(1556)) - Stopping datanode service RPC server
2022-10-08 01:40:00,389 [Listener at 127.0.0.1/42695] INFO  server.SCMDatanodeProtocolServer (SCMDatanodeProtocolServer.java:stop(414)) - Stopping the RPC server for DataNodes
2022-10-08 01:40:00,389 [Listener at 127.0.0.1/42695] INFO  ipc.Server (Server.java:stop(3414)) - Stopping server on 40279
2022-10-08 01:40:00,389 [Under Replicated Processor] WARN  replication.UnderReplicatedProcessor (UnderReplicatedProcessor.java:run(148)) - Under Replicated Processor interrupted. Exiting...
2022-10-08 01:40:00,389 [Over Replicated Processor] WARN  replication.OverReplicatedProcessor (OverReplicatedProcessor.java:run(137)) - Over Replicated Processor interrupted. Exiting...
2022-10-08 01:40:00,389 [ReplicationMonitor] INFO  replication.ReplicationManager (ReplicationManager.java:run(509)) - Replication Monitor Thread is stopped
2022-10-08 01:40:00,391 [IPC Server Responder] INFO  ipc.Server (Server.java:run(1512)) - Stopping IPC Server Responder
2022-10-08 01:40:00,391 [IPC Server listener on 0] INFO  ipc.Server (Server.java:run(1376)) - Stopping IPC Server listener on 0
2022-10-08 01:40:00,420 [SCM Heartbeat Processing Thread - 0] WARN  node.NodeStateManager (NodeStateManager.java:scheduleNextHealthCheck(870)) - Current Thread is interrupted, shutting down HB processing thread for Node Manager.
2022-10-08 01:40:00,420 [Listener at 127.0.0.1/42695] INFO  server.StorageContainerManager (StorageContainerManager.java:stop(1564)) - Stopping block service RPC server
2022-10-08 01:40:00,420 [Listener at 127.0.0.1/42695] INFO  server.SCMBlockProtocolServer (SCMBlockProtocolServer.java:stop(161)) - Stopping the RPC server for Block Protocol
2022-10-08 01:40:00,420 [Listener at 127.0.0.1/42695] INFO  ipc.Server (Server.java:stop(3414)) - Stopping server on 35275
2022-10-08 01:40:00,427 [Listener at 127.0.0.1/42695] INFO  server.StorageContainerManager (StorageContainerManager.java:stop(1571)) - Stopping the StorageContainerLocationProtocol RPC server
2022-10-08 01:40:00,427 [Listener at 127.0.0.1/42695] INFO  server.SCMClientProtocolServer (SCMClientProtocolServer.java:stop(179)) - Stopping the RPC server for Client Protocol
2022-10-08 01:40:00,427 [Listener at 127.0.0.1/42695] INFO  ipc.Server (Server.java:stop(3414)) - Stopping server on 40503
2022-10-08 01:40:00,428 [IPC Server Responder] INFO  ipc.Server (Server.java:run(1512)) - Stopping IPC Server Responder
2022-10-08 01:40:00,428 [IPC Server listener on 0] INFO  ipc.Server (Server.java:run(1376)) - Stopping IPC Server listener on 0
2022-10-08 01:40:00,451 [Listener at 127.0.0.1/42695] INFO  server.StorageContainerManager (StorageContainerManager.java:stop(1578)) - Stopping Storage Container Manager HTTP server.
2022-10-08 01:40:00,452 [Listener at 127.0.0.1/42695] INFO  handler.ContextHandler (ContextHandler.java:doStop(1153)) - Stopped o.e.j.w.WebAppContext@15396f23{scm,/,null,STOPPED}{file:/home/runner/work/ozone/ozone/hadoop-ozone/integration-test/target/test-classes/webapps/scm}
2022-10-08 01:40:00,456 [IPC Server Responder] INFO  ipc.Server (Server.java:run(1512)) - Stopping IPC Server Responder
2022-10-08 01:40:00,461 [IPC Server listener on 0] INFO  ipc.Server (Server.java:run(1376)) - Stopping IPC Server listener on 0
2022-10-08 01:40:00,519 [Listener at 127.0.0.1/42695] INFO  server.AbstractConnector (AbstractConnector.java:doStop(381)) - Stopped ServerConnector@17d9b5e3{HTTP/1.1, (http/1.1)}{0.0.0.0:0}
2022-10-08 01:40:00,519 [Listener at 127.0.0.1/42695] INFO  server.session (HouseKeeper.java:stopScavenging(149)) - node0 Stopped scavenging
2022-10-08 01:40:00,520 [Listener at 127.0.0.1/42695] INFO  handler.ContextHandler (ContextHandler.java:doStop(1153)) - Stopped o.e.j.s.ServletContextHandler@5de2e3a6{static,/static,file:///home/runner/work/ozone/ozone/hadoop-ozone/integration-test/target/test-classes/webapps/static,STOPPED}
2022-10-08 01:40:00,520 [Listener at 127.0.0.1/42695] INFO  handler.ContextHandler (ContextHandler.java:doStop(1153)) - Stopped o.e.j.s.ServletContextHandler@6dc39c5a{logs,/logs,file:///home/runner/work/ozone/ozone/hadoop-ozone/integration-test/target/log,STOPPED}
2022-10-08 01:40:00,524 [Listener at 127.0.0.1/42695] INFO  server.StorageContainerManager (StorageContainerManager.java:stop(1584)) - Stopping SCM LayoutVersionManager Service.
2022-10-08 01:40:00,524 [Listener at 127.0.0.1/42695] INFO  server.StorageContainerManager (StorageContainerManager.java:stop(1592)) - Stopping Block Manager Service.
2022-10-08 01:40:00,524 [Listener at 127.0.0.1/42695] INFO  utils.BackgroundService (BackgroundService.java:shutdown(141)) - Shutting down service SCMBlockDeletingService
2022-10-08 01:40:00,527 [Listener at 127.0.0.1/42695] INFO  utils.BackgroundService (BackgroundService.java:shutdown(141)) - Shutting down service SCMBlockDeletingService
2022-10-08 01:40:00,527 [Listener at 127.0.0.1/42695] INFO  server.StorageContainerManager (StorageContainerManager.java:stop(1619)) - Stopping SCM Event Queue.
2022-10-08 01:40:00,528 [Listener at 127.0.0.1/42695] INFO  server.StorageContainerManager (StorageContainerManager.java:stop(1630)) - Stopping SCM HA services.
2022-10-08 01:40:00,528 [Listener at 127.0.0.1/42695] INFO  pipeline.BackgroundPipelineCreator (BackgroundPipelineCreator.java:stop(149)) - Stopping RatisPipelineUtilsThread.
2022-10-08 01:40:00,552 [RatisPipelineUtilsThread - 0] WARN  pipeline.BackgroundPipelineCreator (BackgroundPipelineCreator.java:run(180)) - RatisPipelineUtilsThread is interrupted.
2022-10-08 01:40:00,556 [Listener at 127.0.0.1/42695] INFO  BackgroundPipelineScrubber (BackgroundSCMService.java:stop(131)) - Stopping BackgroundPipelineScrubber Service.
2022-10-08 01:40:00,556 [Listener at 127.0.0.1/42695] INFO  server.StorageContainerManager (StorageContainerManager.java:stop(1640)) - Stopping SCM MetadataStore.
2022-10-08 01:40:00,560 [Listener at 127.0.0.1/42695] INFO  impl.MetricsSystemImpl (MetricsSystemImpl.java:stop(210)) - Stopping HddsDatanode metrics system...
2022-10-08 01:40:00,565 [BackgroundPipelineScrubberThread] WARN  BackgroundPipelineScrubber (BackgroundSCMService.java:run(115)) - BackgroundPipelineScrubber is interrupted, exit
2022-10-08 01:40:00,696 [Command processor thread] INFO  server.RaftServer (RaftServerProxy.java:addNew(96)) - 291612d5-8a25-468b-b904-396bb29bc5a8: addNew group-78883C07603B:[291612d5-8a25-468b-b904-396bb29bc5a8|rpc:10.1.0.61:34923|priority:1] returns group-78883C07603B:java.util.concurrent.CompletableFuture@57aa64a3[Not completed]
2022-10-08 01:40:00,736 [prometheus] INFO  impl.MetricsSinkAdapter (MetricsSinkAdapter.java:publishMetricsFromQueue(141)) - prometheus thread interrupted.
2022-10-08 01:40:00,737 [Listener at 127.0.0.1/42695] INFO  impl.MetricsSystemImpl (MetricsSystemImpl.java:stop(216)) - HddsDatanode metrics system stopped.
2022-10-08 01:40:00,738 [EndpointStateMachine task thread for /0.0.0.0:40221 - 0 ] INFO  volume.HddsVolume (HddsVolume.java:createDbStore(307)) - SchemaV3 db is created and loaded at /home/runner/work/ozone/ozone/hadoop-ozone/integration-test/target/test-dir/MiniOzoneClusterImpl-f835b163-d90e-48f8-926f-823f898330c6/datanode-2/data-0/containers/hdds/f835b163-d90e-48f8-926f-823f898330c6/DS-1af3b94c-0271-4c6f-a6a6-3ba40151459f/container.db for volume DS-1af3b94c-0271-4c6f-a6a6-3ba40151459f
2022-10-08 01:40:00,739 [EndpointStateMachine task thread for /0.0.0.0:40221 - 0 ] INFO  volume.HddsVolume (HddsVolume.java:closeDbStore(338)) - SchemaV3 db is stopped at /home/runner/work/ozone/ozone/hadoop-ozone/integration-test/target/test-dir/MiniOzoneClusterImpl-f835b163-d90e-48f8-926f-823f898330c6/datanode-2/data-0/containers/hdds/f835b163-d90e-48f8-926f-823f898330c6/DS-1af3b94c-0271-4c6f-a6a6-3ba40151459f/container.db for volume DS-1af3b94c-0271-4c6f-a6a6-3ba40151459f
2022-10-08 01:40:00,739 [EndpointStateMachine task thread for /0.0.0.0:40221 - 0 ] INFO  ozoneimpl.OzoneContainer (OzoneContainer.java:start(378)) - Attempting to start container services.
2022-10-08 01:40:00,739 [EndpointStateMachine task thread for /0.0.0.0:40221 - 0 ] INFO  ozoneimpl.OzoneContainer (OzoneContainer.java:startContainerScrub(313)) - Background container scanner has been disabled.
2022-10-08 01:40:00,740 [pool-1283-thread-1] INFO  server.RaftServer$Division (RaftServerImpl.java:<init>(190)) - 291612d5-8a25-468b-b904-396bb29bc5a8: new RaftServerImpl for group-78883C07603B:[291612d5-8a25-468b-b904-396bb29bc5a8|rpc:10.1.0.61:34923|priority:1] with ContainerStateMachine:uninitialized
2022-10-08 01:40:00,740 [pool-1283-thread-1] INFO  server.RaftServerConfigKeys (ConfUtils.java:logGet(46)) - raft.server.rpc.timeout.min = 5s (custom)
2022-10-08 01:40:00,740 [pool-1283-thread-1] INFO  server.RaftServerConfigKeys (ConfUtils.java:logGet(46)) - raft.server.rpc.timeout.max = 5200ms (custom)
2022-10-08 01:40:00,740 [pool-1283-thread-1] INFO  server.RaftServerConfigKeys (ConfUtils.java:logGet(46)) - raft.server.rpc.sleep.time = 25ms (default)
2022-10-08 01:40:00,740 [pool-1283-thread-1] INFO  server.RaftServerConfigKeys (ConfUtils.java:logGet(46)) - raft.server.rpc.slowness.timeout = 300s (custom)
2022-10-08 01:40:00,740 [pool-1283-thread-1] INFO  server.RaftServerConfigKeys (ConfUtils.java:logGet(46)) - raft.server.leaderelection.leader.step-down.wait-time = 10s (default)
2022-10-08 01:40:00,740 [pool-1283-thread-1] INFO  server.RaftServerConfigKeys (ConfUtils.java:logGet(46)) - raft.server.sleep.deviation.threshold = 300ms (default)
2022-10-08 01:40:00,740 [pool-1283-thread-1] INFO  server.RaftServer$Division (ServerState.java:<init>(107)) - 291612d5-8a25-468b-b904-396bb29bc5a8@group-78883C07603B: ConfigurationManager, init=-1: [291612d5-8a25-468b-b904-396bb29bc5a8|rpc:10.1.0.61:34923|priority:1], old=null, confs=<EMPTY_MAP>
2022-10-08 01:40:00,740 [pool-1283-thread-1] INFO  server.RaftServerConfigKeys (ConfUtils.java:logGet(46)) - raft.server.storage.dir = [/home/runner/work/ozone/ozone/hadoop-ozone/integration-test/target/test-dir/MiniOzoneClusterImpl-f835b163-d90e-48f8-926f-823f898330c6/datanode-0/data/ratis] (custom)
2022-10-08 01:40:00,740 [pool-1283-thread-1] INFO  server.RaftServerConfigKeys (ConfUtils.java:logGet(46)) - raft.server.log.corruption.policy = EXCEPTION (default)
2022-10-08 01:40:00,740 [pool-1283-thread-1] INFO  server.RaftServerConfigKeys (ConfUtils.java:logGet(46)) - raft.server.storage.free-space.min = 0MB (=0) (default)
2022-10-08 01:40:00,741 [pool-1283-thread-1] INFO  storage.RaftStorageDirectory (RaftStorageDirectoryImpl.java:analyzeStorage(135)) - The storage directory /home/runner/work/ozone/ozone/hadoop-ozone/integration-test/target/test-dir/MiniOzoneClusterImpl-f835b163-d90e-48f8-926f-823f898330c6/datanode-0/data/ratis/dc5c35ed-4499-421c-b4fe-78883c07603b does not exist. Creating ...
2022-10-08 01:40:00,748 [ReplicationMonitor] INFO  replication.ReplicationManager (ReplicationManager.java:processAll(291)) - Replication Manager is not ready to run until 3000ms after safemode exit
2022-10-08 01:40:00,751 [pool-1283-thread-1] INFO  storage.RaftStorageDirectory (RaftStorageDirectoryImpl.java:tryLock(230)) - Lock on /home/runner/work/ozone/ozone/hadoop-ozone/integration-test/target/test-dir/MiniOzoneClusterImpl-f835b163-d90e-48f8-926f-823f898330c6/datanode-0/data/ratis/dc5c35ed-4499-421c-b4fe-78883c07603b/in_use.lock acquired by nodename 52807@fv-az180-867
2022-10-08 01:40:00,761 [pool-1283-thread-1] INFO  storage.RaftStorage (RaftStorageImpl.java:format(89)) - Storage directory /home/runner/work/ozone/ozone/hadoop-ozone/integration-test/target/test-dir/MiniOzoneClusterImpl-f835b163-d90e-48f8-926f-823f898330c6/datanode-0/data/ratis/dc5c35ed-4499-421c-b4fe-78883c07603b has been successfully formatted.
2022-10-08 01:40:00,771 [pool-1283-thread-1] INFO  ratis.ContainerStateMachine (ContainerStateMachine.java:loadSnapshot(236)) - group-78883C07603B: The snapshot info is null. Setting the last applied indexto:(t:0, i:~)
2022-10-08 01:40:00,771 [pool-1283-thread-1] INFO  server.RaftServerConfigKeys (ConfUtils.java:logGet(46)) - raft.server.notification.no-leader.timeout = 300s (custom)
2022-10-08 01:40:00,771 [pool-1283-thread-1] INFO  server.RaftServerConfigKeys (ConfUtils.java:logGet(46)) - raft.server.log.use.memory = false (default)
2022-10-08 01:40:00,771 [pool-1283-thread-1] INFO  server.RaftServerConfigKeys (ConfUtils.java:logGet(46)) - raft.server.log.purge.gap = 1000000 (custom)
2022-10-08 01:40:00,771 [pool-1283-thread-1] INFO  server.RaftServerConfigKeys (ConfUtils.java:logGet(46)) - raft.server.log.appender.buffer.byte-limit = 33554432 (custom)
2022-10-08 01:40:00,771 [pool-1283-thread-1] INFO  server.RaftServerConfigKeys (ConfUtils.java:logGet(46)) - raft.server.log.statemachine.data.read.timeout = 1000ms (default)
2022-10-08 01:40:00,771 [pool-1283-thread-1] INFO  server.RaftServerConfigKeys (ConfUtils.java:logGet(46)) - raft.server.log.segment.size.max = 1048576 (custom)
2022-10-08 01:40:00,772 [pool-1283-thread-1] INFO  server.RaftServerConfigKeys (ConfUtils.java:logGet(46)) - raft.server.log.segment.cache.num.max = 2 (custom)
2022-10-08 01:40:00,772 [pool-1283-thread-1] INFO  server.RaftServerConfigKeys (ConfUtils.java:logGet(46)) - raft.server.log.segment.cache.size.max = 200MB (=209715200) (default)
2022-10-08 01:40:00,772 [pool-1283-thread-1] INFO  segmented.SegmentedRaftLogWorker (SegmentedRaftLogWorker.java:<init>(187)) - new 291612d5-8a25-468b-b904-396bb29bc5a8@group-78883C07603B-SegmentedRaftLogWorker for RaftStorageImpl:Storage Directory /home/runner/work/ozone/ozone/hadoop-ozone/integration-test/target/test-dir/MiniOzoneClusterImpl-f835b163-d90e-48f8-926f-823f898330c6/datanode-0/data/ratis/dc5c35ed-4499-421c-b4fe-78883c07603b
2022-10-08 01:40:00,772 [pool-1283-thread-1] INFO  server.RaftServerConfigKeys (ConfUtils.java:logGet(46)) - raft.server.log.queue.byte-limit = 4294967296 (custom)
2022-10-08 01:40:00,772 [pool-1283-thread-1] INFO  server.RaftServerConfigKeys (ConfUtils.java:logGet(46)) - raft.server.log.queue.element-limit = 1024 (custom)
2022-10-08 01:40:00,772 [pool-1283-thread-1] INFO  server.RaftServerConfigKeys (ConfUtils.java:logGet(46)) - raft.server.log.segment.size.max = 1048576 (custom)
2022-10-08 01:40:00,772 [pool-1283-thread-1] INFO  server.RaftServerConfigKeys (ConfUtils.java:logGet(46)) - raft.server.log.preallocated.size = 16384 (custom)
2022-10-08 01:40:00,772 [pool-1283-thread-1] INFO  server.RaftServerConfigKeys (ConfUtils.java:logGet(46)) - raft.server.log.force.sync.num = 128 (default)
2022-10-08 01:40:00,772 [pool-1283-thread-1] INFO  server.RaftServerConfigKeys (ConfUtils.java:logGet(46)) - raft.server.log.statemachine.data.sync = true (default)
2022-10-08 01:40:00,772 [pool-1283-thread-1] INFO  server.RaftServerConfigKeys (ConfUtils.java:logGet(46)) - raft.server.log.statemachine.data.sync.timeout = 10s (default)
2022-10-08 01:40:00,772 [pool-1283-thread-1] INFO  server.RaftServerConfigKeys (ConfUtils.java:logGet(46)) - raft.server.log.statemachine.data.sync.timeout.retry = -1 (default)
2022-10-08 01:40:00,774 [pool-1283-thread-1] INFO  server.RaftServerConfigKeys (ConfUtils.java:logGet(46)) - raft.server.log.write.buffer.size = 1048576 (custom)
2022-10-08 01:40:00,774 [pool-1283-thread-1] INFO  server.RaftServerConfigKeys (ConfUtils.java:logGet(46)) - raft.server.log.unsafe-flush.enabled = false (default)
2022-10-08 01:40:00,774 [pool-1283-thread-1] INFO  server.RaftServerConfigKeys (ConfUtils.java:logGet(46)) - raft.server.log.statemachine.data.caching.enabled = true (custom)
2022-10-08 01:40:00,774 [pool-1283-thread-1] INFO  segmented.SegmentedRaftLogWorker (SegmentedRaftLogWorker.java:lambda$new$0(135)) - 291612d5-8a25-468b-b904-396bb29bc5a8@group-78883C07603B-SegmentedRaftLogWorker: flushIndex: setUnconditionally 0 -> -1
2022-10-08 01:40:00,774 [pool-1283-thread-1] INFO  segmented.SegmentedRaftLogWorker (SegmentedRaftLogWorker.java:lambda$new$0(135)) - 291612d5-8a25-468b-b904-396bb29bc5a8@group-78883C07603B-SegmentedRaftLogWorker: safeCacheEvictIndex: setUnconditionally 0 -> -1
2022-10-08 01:40:00,777 [EventQueue-PipelineReportForPipelineReportHandler] INFO  pipeline.PipelineManagerImpl (PipelineManagerImpl.java:openPipeline(367)) - Pipeline Pipeline[ Id: dc5c35ed-4499-421c-b4fe-78883c07603b, Nodes: 291612d5-8a25-468b-b904-396bb29bc5a8{ip: 10.1.0.61, host: fv-az180-867.g3pwtgv4ffyuhaixmbmm0kyh3d.gx.internal.cloudapp.net, ports: [REPLICATION=39179, RATIS=34923, RATIS_ADMIN=34923, RATIS_SERVER=34923, STANDALONE=39861], networkLocation: /default-rack, certSerialId: null, persistedOpState: IN_SERVICE, persistedOpStateExpiryEpochSec: 0}, ReplicationConfig: RATIS/ONE, State:ALLOCATED, leaderId:291612d5-8a25-468b-b904-396bb29bc5a8, CreationTimestamp2022-10-08T01:39:57.681Z[Etc/UTC]] moved to OPEN state
2022-10-08 01:40:00,807 [EndpointStateMachine task thread for /0.0.0.0:40221 - 0 ] INFO  replication.ReplicationServer (ReplicationServer.java:start(111)) - ReplicationServer is started using port 33813
2022-10-08 01:40:00,807 [EndpointStateMachine task thread for /0.0.0.0:40221 - 0 ] INFO  ratis.XceiverServerRatis (XceiverServerRatis.java:start(481)) - Starting XceiverServerRatis 7394f723-5f6d-4e16-a6b6-d1556834f31b
2022-10-08 01:40:00,807 [EventQueue-OpenPipelineForHealthyPipelineSafeModeRule] INFO  safemode.SCMSafeModeManager (HealthyPipelineSafeModeRule.java:process(137)) - SCM in safe mode. Healthy pipelines reported count is 0, required healthy pipeline reported count is 1
2022-10-08 01:40:00,824 [EndpointStateMachine task thread for /0.0.0.0:40221 - 0 ] INFO  server.RaftServer (RaftServerProxy.java:lambda$start$6(382)) - 7394f723-5f6d-4e16-a6b6-d1556834f31b: start RPC server
2022-10-08 01:40:00,852 [pool-1283-thread-1] INFO  server.RaftServerConfigKeys (ConfUtils.java:logGet(46)) - raft.server.snapshot.auto.trigger.enabled = true (custom)
2022-10-08 01:40:00,852 [pool-1283-thread-1] INFO  server.RaftServerConfigKeys (ConfUtils.java:logGet(46)) - raft.server.snapshot.auto.trigger.threshold = 10000 (custom)
2022-10-08 01:40:00,852 [pool-1283-thread-1] INFO  server.RaftServerConfigKeys (ConfUtils.java:logGet(46)) - raft.server.snapshot.retention.file.num = 5 (custom)
2022-10-08 01:40:00,852 [pool-1283-thread-1] INFO  server.RaftServerConfigKeys (ConfUtils.java:logGet(46)) - raft.server.log.purge.upto.snapshot.index = false (default)
2022-10-08 01:40:00,852 [pool-1283-thread-1] INFO  server.RaftServerConfigKeys (ConfUtils.java:logGet(46)) - raft.server.retrycache.expirytime = 600000ms (custom)
2022-10-08 01:40:00,852 [pool-1283-thread-1] INFO  server.RaftServerConfigKeys (ConfUtils.java:logGet(46)) - raft.server.retrycache.statistics.expirytime = 100μs (default)
2022-10-08 01:40:00,854 [pool-1283-thread-1] INFO  server.RaftServerConfigKeys (ConfUtils.java:logGet(46)) - raft.server.log.appender.install.snapshot.enabled = false (custom)
2022-10-08 01:40:00,854 [pool-1283-thread-1] INFO  server.RaftServerConfigKeys (ConfUtils.java:logGet(46)) - raft.server.threadpool.server.cached = true (default)
2022-10-08 01:40:00,854 [pool-1283-thread-1] INFO  server.RaftServerConfigKeys (ConfUtils.java:logGet(46)) - raft.server.threadpool.server.size = 0 (default)
2022-10-08 01:40:00,854 [pool-1283-thread-1] INFO  server.RaftServerConfigKeys (ConfUtils.java:logGet(46)) - raft.server.threadpool.client.cached = true (default)
2022-10-08 01:40:00,854 [pool-1283-thread-1] INFO  server.RaftServerConfigKeys (ConfUtils.java:logGet(46)) - raft.server.threadpool.client.size = 0 (default)
2022-10-08 01:40:00,854 [pool-1283-thread-1] INFO  server.RaftServer$Division (RaftServerImpl.java:start(310)) - 291612d5-8a25-468b-b904-396bb29bc5a8@group-78883C07603B: start as a follower, conf=-1: [291612d5-8a25-468b-b904-396bb29bc5a8|rpc:10.1.0.61:34923|priority:1], old=null
2022-10-08 01:40:00,854 [pool-1283-thread-1] INFO  server.RaftServer$Division (RaftServerImpl.java:setRole(299)) - 291612d5-8a25-468b-b904-396bb29bc5a8@group-78883C07603B: changes role from      null to FOLLOWER at term 0 for startAsFollower
2022-10-08 01:40:00,854 [pool-1283-thread-1] INFO  impl.RoleInfo (RoleInfo.java:updateAndGet(139)) - 291612d5-8a25-468b-b904-396bb29bc5a8: start 291612d5-8a25-468b-b904-396bb29bc5a8@group-78883C07603B-FollowerState
2022-10-08 01:40:00,857 [pool-1283-thread-1] INFO  util.JmxRegister (JmxRegister.java:tryRegister(44)) - Successfully registered JMX Bean with object name Ratis:service=RaftServer,group=group-78883C07603B,id=291612d5-8a25-468b-b904-396bb29bc5a8
2022-10-08 01:40:00,924 [Command processor thread] INFO  ratis.XceiverServerRatis (XceiverServerRatis.java:addGroup(765)) - Created group PipelineID=dc5c35ed-4499-421c-b4fe-78883c07603b
2022-10-08 01:40:00,924 [Command processor thread] INFO  commandhandler.CreatePipelineCommandHandler (CreatePipelineCommandHandler.java:handle(113)) - Created Pipeline RATIS ONE PipelineID=dc5c35ed-4499-421c-b4fe-78883c07603b.
2022-10-08 01:40:00,928 [EndpointStateMachine task thread for /0.0.0.0:40221 - 0 ] INFO  server.GrpcService (GrpcService.java:startImpl(260)) - 7394f723-5f6d-4e16-a6b6-d1556834f31b: GrpcService started, listening on 35949
2022-10-08 01:40:00,929 [EndpointStateMachine task thread for /0.0.0.0:40221 - 0 ] INFO  ratis.XceiverServerRatis (XceiverServerRatis.java:getRealPort(502)) - XceiverServerRatis 7394f723-5f6d-4e16-a6b6-d1556834f31b is started using port 35949 for RATIS
2022-10-08 01:40:00,929 [EndpointStateMachine task thread for /0.0.0.0:40221 - 0 ] INFO  ratis.XceiverServerRatis (XceiverServerRatis.java:getRealPort(502)) - XceiverServerRatis 7394f723-5f6d-4e16-a6b6-d1556834f31b is started using port 35949 for RATIS_ADMIN
2022-10-08 01:40:00,929 [EndpointStateMachine task thread for /0.0.0.0:40221 - 0 ] INFO  ratis.XceiverServerRatis (XceiverServerRatis.java:getRealPort(502)) - XceiverServerRatis 7394f723-5f6d-4e16-a6b6-d1556834f31b is started using port 35949 for RATIS_SERVER
2022-10-08 01:40:00,929 [org.apache.ratis.util.JvmPauseMonitor$$Lambda$636/846962177@79d0a353] INFO  util.JvmPauseMonitor (JvmPauseMonitor.java:run(103)) - JvmPauseMonitor-7394f723-5f6d-4e16-a6b6-d1556834f31b: Started
2022-10-08 01:40:01,004 [EndpointStateMachine task thread for /0.0.0.0:40221 - 0 ] INFO  server.XceiverServerGrpc (XceiverServerGrpc.java:start(180)) - XceiverServerGrpc 7394f723-5f6d-4e16-a6b6-d1556834f31b is started using port 41117
2022-10-08 01:40:01,348 [Listener at 127.0.0.1/34011] INFO  handler.ContextHandler (ContextHandler.java:doStart(915)) - Started o.e.j.w.WebAppContext@501d10e0{hddsDatanode,/,file:///tmp/jetty-0_0_0_0-41521-hdds-container-service-1_3_0-SNAPSHOT_jar-_-any-8192313903301995688/webapp/,AVAILABLE}{jar:file:/home/runner/.m2/repository/org/apache/ozone/hdds-container-service/1.3.0-SNAPSHOT/hdds-container-service-1.3.0-SNAPSHOT.jar!/webapps/hddsDatanode}
2022-10-08 01:40:01,398 [Listener at 127.0.0.1/34011] INFO  server.AbstractConnector (AbstractConnector.java:doStart(331)) - Started ServerConnector@4c1d183c{HTTP/1.1, (http/1.1)}{0.0.0.0:41521}
2022-10-08 01:40:01,398 [Listener at 127.0.0.1/34011] INFO  server.Server (Server.java:doStart(415)) - Started @527670ms
2022-10-08 01:40:01,398 [Listener at 127.0.0.1/34011] ERROR ozone.HddsDatanodeService (HddsDatanodeService.java:start(285)) - HttpServer failed to start.
java.lang.NullPointerException: config
	at org.apache.hadoop.thirdparty.com.google.common.base.Preconditions.checkNotNull(Preconditions.java:899)
	at org.apache.hadoop.metrics2.impl.MetricsSystemImpl.registerSink(MetricsSystemImpl.java:298)
	at org.apache.hadoop.metrics2.impl.MetricsSystemImpl.register(MetricsSystemImpl.java:277)
	at org.apache.hadoop.hdds.server.http.BaseHttpServer.start(BaseHttpServer.java:304)
	at org.apache.hadoop.ozone.HddsDatanodeService.start(HddsDatanodeService.java:283)
	at org.apache.hadoop.ozone.MiniOzoneClusterImpl.lambda$startHddsDatanodes$4(MiniOzoneClusterImpl.java:485)
	at java.util.ArrayList.forEach(ArrayList.java:1259)
	at org.apache.hadoop.ozone.MiniOzoneClusterImpl.startHddsDatanodes(MiniOzoneClusterImpl.java:483)
	at org.apache.hadoop.ozone.MiniOzoneClusterImpl$Builder.build(MiniOzoneClusterImpl.java:609)
	at org.apache.hadoop.ozone.client.rpc.read.TestInputStreamBase.init(TestInputStreamBase.java:126)
	at sun.reflect.NativeMethodAccessorImpl.invoke0(Native Method)
	at sun.reflect.NativeMethodAccessorImpl.invoke(NativeMethodAccessorImpl.java:62)
	at sun.reflect.DelegatingMethodAccessorImpl.invoke(DelegatingMethodAccessorImpl.java:43)
	at java.lang.reflect.Method.invoke(Method.java:498)
	at org.junit.runners.model.FrameworkMethod$1.runReflectiveCall(FrameworkMethod.java:59)
	at org.junit.internal.runners.model.ReflectiveCallable.run(ReflectiveCallable.java:12)
	at org.junit.runners.model.FrameworkMethod.invokeExplosively(FrameworkMethod.java:56)
	at org.junit.internal.runners.statements.RunBefores.invokeMethod(RunBefores.java:33)
	at org.junit.internal.runners.statements.RunBefores.evaluate(RunBefores.java:24)
	at org.junit.internal.runners.statements.RunAfters.evaluate(RunAfters.java:27)
	at org.junit.internal.runners.statements.FailOnTimeout$CallableStatement.call(FailOnTimeout.java:288)
	at org.junit.internal.runners.statements.FailOnTimeout$CallableStatement.call(FailOnTimeout.java:282)
	at java.util.concurrent.FutureTask.run(FutureTask.java:266)
	at java.lang.Thread.run(Thread.java:750)
2022-10-08 01:40:01,405 [Listener at 127.0.0.1/34011] WARN  impl.MetricRegistriesImpl (MetricRegistriesImpl.java:addReporterRegistration(111)) - New reporters are added after registries were created. Some metrics will be missing from the reporter. Please add reporter before adding any new registry.
2022-10-08 01:40:01,406 [Listener at 127.0.0.1/34011] WARN  impl.MetricRegistriesImpl (MetricRegistriesImpl.java:addReporterRegistration(111)) - New reporters are added after registries were created. Some metrics will be missing from the reporter. Please add reporter before adding any new registry.
2022-10-08 01:40:01,407 [Listener at 127.0.0.1/34011] WARN  impl.MetricsConfig (MetricsConfig.java:loadFirst(136)) - Cannot locate configuration: tried hadoop-metrics2-hddsdatanode.properties,hadoop-metrics2.properties
2022-10-08 01:40:01,411 [Datanode State Machine Daemon Thread] INFO  statemachine.DatanodeStateMachine (DatanodeStateMachine.java:lambda$startDaemon$0(492)) - Ozone container server started.
2022-10-08 01:40:01,415 [Listener at 127.0.0.1/34011] INFO  impl.MetricsSystemImpl (MetricsSystemImpl.java:startTimer(378)) - Scheduled Metric snapshot period at 10 second(s).
2022-10-08 01:40:01,415 [Listener at 127.0.0.1/34011] INFO  impl.MetricsSystemImpl (MetricsSystemImpl.java:start(191)) - HddsDatanode metrics system started
2022-10-08 01:40:01,548 [Listener at 127.0.0.1/34011] INFO  impl.MetricsSinkAdapter (MetricsSinkAdapter.java:start(204)) - Sink prometheus started
2022-10-08 01:40:01,548 [Listener at 127.0.0.1/34011] INFO  impl.MetricsSystemImpl (MetricsSystemImpl.java:registerSink(305)) - Registered sink prometheus
2022-10-08 01:40:01,613 [org.apache.hadoop.util.JvmPauseMonitor$Monitor@6f8ab92d] INFO  util.JvmPauseMonitor (JvmPauseMonitor.java:run(188)) - Starting JVM pause monitor
2022-10-08 01:40:01,645 [Datanode State Machine Task Thread - 0] INFO  datanode.InitDatanodeState (InitDatanodeState.java:persistContainerDatanodeDetails(138)) - DatanodeDetails is persisted to /home/runner/work/ozone/ozone/hadoop-ozone/integration-test/target/test-dir/MiniOzoneClusterImpl-f835b163-d90e-48f8-926f-823f898330c6/datanode-3/meta/datanode.id
2022-10-08 01:40:01,749 [ReplicationMonitor] INFO  replication.ReplicationManager (ReplicationManager.java:processAll(291)) - Replication Manager is not ready to run until 3000ms after safemode exit
2022-10-08 01:40:01,774 [Listener at 127.0.0.1/34011] INFO  ozone.HddsDatanodeService (HddsDatanodeService.java:start(236)) - HddsDatanodeService host:fv-az180-867.g3pwtgv4ffyuhaixmbmm0kyh3d.gx.internal.cloudapp.net ip:10.1.0.61
2022-10-08 01:40:02,025 [Listener at 127.0.0.1/34011] INFO  upgrade.AbstractLayoutVersionManager (AbstractLayoutVersionManager.java:init(83)) - Initializing Layout version manager with metadata layout = DATANODE_SCHEMA_V3 (version = 4), software layout = DATANODE_SCHEMA_V3 (version = 4)
2022-10-08 01:40:02,229 [IPC Server handler 8 on default port 40221] INFO  net.NetworkTopologyImpl (NetworkTopologyImpl.java:add(112)) - Added a new node: /default-rack/7394f723-5f6d-4e16-a6b6-d1556834f31b
2022-10-08 01:40:02,229 [IPC Server handler 8 on default port 40221] INFO  node.SCMNodeManager (SCMNodeManager.java:register(397)) - Registered Data node : 7394f723-5f6d-4e16-a6b6-d1556834f31b{ip: 10.1.0.61, host: fv-az180-867.g3pwtgv4ffyuhaixmbmm0kyh3d.gx.internal.cloudapp.net, ports: [REPLICATION=33813, RATIS=35949, RATIS_ADMIN=35949, RATIS_SERVER=35949, STANDALONE=41117], networkLocation: /default-rack, certSerialId: null, persistedOpState: null, persistedOpStateExpiryEpochSec: 0}
2022-10-08 01:40:02,229 [EventQueue-NewNodeForNewNodeHandler] INFO  pipeline.BackgroundPipelineCreator (BackgroundPipelineCreator.java:notifyEventTriggered(276)) - trigger a one-shot run on RatisPipelineUtilsThread.
2022-10-08 01:40:02,229 [EventQueue-NodeRegistrationContainerReportForDataNodeSafeModeRule] INFO  safemode.SCMSafeModeManager (DataNodeSafeModeRule.java:process(71)) - SCM in safe mode. 3 DataNodes registered, 3 required.
2022-10-08 01:40:02,229 [EventQueue-NodeRegistrationContainerReportForDataNodeSafeModeRule] INFO  safemode.SCMSafeModeManager (SCMSafeModeManager.java:validateSafeModeExitRules(204)) - DataNodeSafeModeRule rule is successfully validated
2022-10-08 01:40:02,229 [EventQueue-NodeRegistrationContainerReportForDataNodeSafeModeRule] INFO  safemode.SCMSafeModeManager (SCMSafeModeManager.java:completePreCheck(233)) - All SCM safe mode pre check rules have passed
2022-10-08 01:40:02,229 [EventQueue-NodeRegistrationContainerReportForDataNodeSafeModeRule] WARN  events.EventQueue (EventQueue.java:fireEvent(216)) - No event handler registered for event TypedEvent{payloadType=SafeModeStatus, name='Safe mode status'}
2022-10-08 01:40:02,229 [EventQueue-NodeRegistrationContainerReportForDataNodeSafeModeRule] INFO  ha.SCMContext (SCMContext.java:updateSafeModeStatus(228)) - Update SafeModeStatus from SafeModeStatus{safeModeStatus=true, preCheckPassed=false} to SafeModeStatus{safeModeStatus=true, preCheckPassed=true}.
2022-10-08 01:40:02,229 [EventQueue-NodeRegistrationContainerReportForDataNodeSafeModeRule] INFO  pipeline.BackgroundPipelineCreator (BackgroundPipelineCreator.java:notifyEventTriggered(276)) - trigger a one-shot run on RatisPipelineUtilsThread.
2022-10-08 01:40:02,265 [RatisPipelineUtilsThread - 0] INFO  pipeline.RatisPipelineProvider (RatisPipelineProvider.java:lambda$create$0(195)) - Sending CreatePipelineCommand for pipeline:PipelineID=77e00fde-82df-4ed6-9a82-cc0144ab6a51 to datanode:7394f723-5f6d-4e16-a6b6-d1556834f31b
2022-10-08 01:40:02,266 [RatisPipelineUtilsThread - 0] INFO  pipeline.PipelineStateManagerImpl (PipelineStateManagerImpl.java:addPipeline(103)) - Created pipeline Pipeline[ Id: 77e00fde-82df-4ed6-9a82-cc0144ab6a51, Nodes: 7394f723-5f6d-4e16-a6b6-d1556834f31b{ip: 10.1.0.61, host: fv-az180-867.g3pwtgv4ffyuhaixmbmm0kyh3d.gx.internal.cloudapp.net, ports: [REPLICATION=33813, RATIS=35949, RATIS_ADMIN=35949, RATIS_SERVER=35949, STANDALONE=41117], networkLocation: /default-rack, certSerialId: null, persistedOpState: IN_SERVICE, persistedOpStateExpiryEpochSec: 0}, ReplicationConfig: RATIS/ONE, State:ALLOCATED, leaderId:, CreationTimestamp2022-10-08T01:40:02.265Z[Etc/UTC]].
2022-10-08 01:40:02,266 [RatisPipelineUtilsThread - 0] INFO  pipeline.RatisPipelineProvider (RatisPipelineProvider.java:lambda$create$0(195)) - Sending CreatePipelineCommand for pipeline:PipelineID=ead37481-9ae8-46ae-8ba2-4350393d8822 to datanode:291612d5-8a25-468b-b904-396bb29bc5a8
2022-10-08 01:40:02,266 [RatisPipelineUtilsThread - 0] INFO  pipeline.RatisPipelineProvider (RatisPipelineProvider.java:lambda$create$0(195)) - Sending CreatePipelineCommand for pipeline:PipelineID=ead37481-9ae8-46ae-8ba2-4350393d8822 to datanode:1b06eb26-cd88-4c30-b02a-c0b828ed8899
2022-10-08 01:40:02,266 [RatisPipelineUtilsThread - 0] INFO  pipeline.RatisPipelineProvider (RatisPipelineProvider.java:lambda$create$0(195)) - Sending CreatePipelineCommand for pipeline:PipelineID=ead37481-9ae8-46ae-8ba2-4350393d8822 to datanode:7394f723-5f6d-4e16-a6b6-d1556834f31b
2022-10-08 01:40:02,267 [RatisPipelineUtilsThread - 0] INFO  pipeline.PipelineStateManagerImpl (PipelineStateManagerImpl.java:addPipeline(103)) - Created pipeline Pipeline[ Id: ead37481-9ae8-46ae-8ba2-4350393d8822, Nodes: 291612d5-8a25-468b-b904-396bb29bc5a8{ip: 10.1.0.61, host: fv-az180-867.g3pwtgv4ffyuhaixmbmm0kyh3d.gx.internal.cloudapp.net, ports: [REPLICATION=39179, RATIS=34923, RATIS_ADMIN=34923, RATIS_SERVER=34923, STANDALONE=39861], networkLocation: /default-rack, certSerialId: null, persistedOpState: IN_SERVICE, persistedOpStateExpiryEpochSec: 0}1b06eb26-cd88-4c30-b02a-c0b828ed8899{ip: 10.1.0.61, host: fv-az180-867.g3pwtgv4ffyuhaixmbmm0kyh3d.gx.internal.cloudapp.net, ports: [REPLICATION=34467, RATIS=37511, RATIS_ADMIN=37511, RATIS_SERVER=37511, STANDALONE=41855], networkLocation: /default-rack, certSerialId: null, persistedOpState: IN_SERVICE, persistedOpStateExpiryEpochSec: 0}7394f723-5f6d-4e16-a6b6-d1556834f31b{ip: 10.1.0.61, host: fv-az180-867.g3pwtgv4ffyuhaixmbmm0kyh3d.gx.internal.cloudapp.net, ports: [REPLICATION=33813, RATIS=35949, RATIS_ADMIN=35949, RATIS_SERVER=35949, STANDALONE=41117], networkLocation: /default-rack, certSerialId: null, persistedOpState: IN_SERVICE, persistedOpStateExpiryEpochSec: 0}, ReplicationConfig: RATIS/THREE, State:ALLOCATED, leaderId:, CreationTimestamp2022-10-08T01:40:02.266Z[Etc/UTC]].
2022-10-08 01:40:02,282 [Listener at 127.0.0.1/34011] INFO  reflections.Reflections (Reflections.java:scan(232)) - Reflections took 256 ms to scan 7 urls, producing 135 keys and 327 values 
2022-10-08 01:40:02,283 [Listener at 127.0.0.1/34011] INFO  statemachine.DatanodeStateMachine (DatanodeStateMachine.java:getEndPointTaskThreadPoolSize(237)) - Datanode State Machine Task Thread Pool size 2
2022-10-08 01:40:02,299 [Listener at 127.0.0.1/34011] INFO  volume.HddsVolume (HddsVolume.java:<init>(117)) - Creating HddsVolume: /home/runner/work/ozone/ozone/hadoop-ozone/integration-test/target/test-dir/MiniOzoneClusterImpl-f835b163-d90e-48f8-926f-823f898330c6/datanode-4/data-0/containers/hdds of storage type : DISK capacity : 9223372036854775807
2022-10-08 01:40:02,299 [Listener at 127.0.0.1/34011] INFO  volume.MutableVolumeSet (MutableVolumeSet.java:initializeVolumeSet(174)) - Added Volume : /home/runner/work/ozone/ozone/hadoop-ozone/integration-test/target/test-dir/MiniOzoneClusterImpl-f835b163-d90e-48f8-926f-823f898330c6/datanode-4/data-0/containers/hdds to VolumeSet
2022-10-08 01:40:02,299 [Listener at 127.0.0.1/34011] INFO  volume.ThrottledAsyncChecker (ThrottledAsyncChecker.java:schedule(141)) - Scheduling a check for /home/runner/work/ozone/ozone/hadoop-ozone/integration-test/target/test-dir/MiniOzoneClusterImpl-f835b163-d90e-48f8-926f-823f898330c6/datanode-4/data-0/containers/hdds
2022-10-08 01:40:02,332 [Listener at 127.0.0.1/34011] INFO  volume.StorageVolumeChecker (StorageVolumeChecker.java:checkAllVolumes(202)) - Scheduled health check for volume /home/runner/work/ozone/ozone/hadoop-ozone/integration-test/target/test-dir/MiniOzoneClusterImpl-f835b163-d90e-48f8-926f-823f898330c6/datanode-4/data-0/containers/hdds
2022-10-08 01:40:02,348 [Listener at 127.0.0.1/34011] INFO  volume.MutableVolumeSet (MutableVolumeSet.java:initializeVolumeSet(174)) - Added Volume : /home/runner/work/ozone/ozone/hadoop-ozone/integration-test/target/test-dir/MiniOzoneClusterImpl-f835b163-d90e-48f8-926f-823f898330c6/datanode-4/data/ratis to VolumeSet
2022-10-08 01:40:02,348 [Listener at 127.0.0.1/34011] INFO  volume.ThrottledAsyncChecker (ThrottledAsyncChecker.java:schedule(141)) - Scheduling a check for /home/runner/work/ozone/ozone/hadoop-ozone/integration-test/target/test-dir/MiniOzoneClusterImpl-f835b163-d90e-48f8-926f-823f898330c6/datanode-4/data/ratis
2022-10-08 01:40:02,348 [Listener at 127.0.0.1/34011] INFO  volume.StorageVolumeChecker (StorageVolumeChecker.java:checkAllVolumes(202)) - Scheduled health check for volume /home/runner/work/ozone/ozone/hadoop-ozone/integration-test/target/test-dir/MiniOzoneClusterImpl-f835b163-d90e-48f8-926f-823f898330c6/datanode-4/data/ratis
2022-10-08 01:40:02,444 [Thread-2813] INFO  ozoneimpl.ContainerReader (ContainerReader.java:readVolume(175)) - Finish verifying containers on volume /home/runner/work/ozone/ozone/hadoop-ozone/integration-test/target/test-dir/MiniOzoneClusterImpl-f835b163-d90e-48f8-926f-823f898330c6/datanode-4/data-0/containers/hdds
2022-10-08 01:40:02,444 [Listener at 127.0.0.1/34011] INFO  ozoneimpl.OzoneContainer (OzoneContainer.java:buildContainerSet(300)) - Build ContainerSet costs 0s
2022-10-08 01:40:02,445 [Listener at 127.0.0.1/34011] INFO  server.RaftServer (ConfUtils.java:logGet(46)) - raft.rpc.type = GRPC (default)
2022-10-08 01:40:02,446 [Listener at 127.0.0.1/34011] INFO  grpc.GrpcFactory (GrpcFactory.java:checkPooledByteBufAllocatorUseCacheForAllThreads(48)) - PERFORMANCE WARNING: useCacheForAllThreads is true that may cause Netty to create a lot garbage objects and, as a result, trigger GC.
	It is recommended to disable useCacheForAllThreads by setting -Dorg.apache.ratis.thirdparty.io.netty.allocator.useCacheForAllThreads=false in command line.
2022-10-08 01:40:02,446 [Listener at 127.0.0.1/34011] INFO  grpc.GrpcConfigKeys (ConfUtils.java:logGet(46)) - raft.grpc.admin.port = 0 (custom)
2022-10-08 01:40:02,448 [Listener at 127.0.0.1/34011] INFO  grpc.GrpcConfigKeys (ConfUtils.java:logGet(46)) - raft.grpc.client.port = 0 (custom)
2022-10-08 01:40:02,448 [Listener at 127.0.0.1/34011] INFO  grpc.GrpcConfigKeys (ConfUtils.java:logGet(46)) - raft.grpc.server.port = 0 (default)
2022-10-08 01:40:02,448 [Listener at 127.0.0.1/34011] INFO  server.GrpcService (ConfUtils.java:logGet(46)) - raft.grpc.message.size.max = 32MB (=33554432) (custom)
2022-10-08 01:40:02,448 [Listener at 127.0.0.1/34011] INFO  server.RaftServerConfigKeys (ConfUtils.java:logGet(46)) - raft.server.log.appender.buffer.byte-limit = 33554432 (custom)
2022-10-08 01:40:02,448 [Listener at 127.0.0.1/34011] INFO  server.GrpcService (ConfUtils.java:logGet(46)) - raft.grpc.flow.control.window = 5MB (=5242880) (custom)
2022-10-08 01:40:02,448 [Listener at 127.0.0.1/34011] INFO  server.RaftServerConfigKeys (ConfUtils.java:logGet(46)) - raft.server.rpc.request.timeout = 60s (custom)
2022-10-08 01:40:02,448 [Listener at 127.0.0.1/34011] INFO  grpc.GrpcConfigKeys (ConfUtils.java:logGet(46)) - raft.grpc.server.async.request.thread.pool.cached = true (default)
2022-10-08 01:40:02,448 [Listener at 127.0.0.1/34011] INFO  grpc.GrpcConfigKeys (ConfUtils.java:logGet(46)) - raft.grpc.server.async.request.thread.pool.size = 32 (default)
2022-10-08 01:40:02,449 [Listener at 127.0.0.1/34011] INFO  impl.DataStreamServerImpl (ConfUtils.java:logGet(46)) - raft.datastream.type = DISABLED (default)
2022-10-08 01:40:02,449 [Listener at 127.0.0.1/34011] INFO  server.RaftServerConfigKeys (ConfUtils.java:logGet(46)) - raft.server.threadpool.proxy.cached = true (default)
2022-10-08 01:40:02,449 [Listener at 127.0.0.1/34011] INFO  server.RaftServerConfigKeys (ConfUtils.java:logGet(46)) - raft.server.threadpool.proxy.size = 0 (default)
2022-10-08 01:40:02,450 [Listener at 127.0.0.1/34011] INFO  server.RaftServerConfigKeys (ConfUtils.java:logGet(46)) - raft.server.rpc.slowness.timeout = 300s (custom)
2022-10-08 01:40:02,450 [Listener at 127.0.0.1/34011] INFO  server.RaftServerConfigKeys (ConfUtils.java:logGet(46)) - raft.server.leaderelection.leader.step-down.wait-time = 10s (default)
2022-10-08 01:40:02,450 [Listener at 127.0.0.1/34011] INFO  server.RaftServerConfigKeys (ConfUtils.java:logGet(46)) - raft.server.storage.dir = [/home/runner/work/ozone/ozone/hadoop-ozone/integration-test/target/test-dir/MiniOzoneClusterImpl-f835b163-d90e-48f8-926f-823f898330c6/datanode-4/data/ratis] (custom)
2022-10-08 01:40:02,451 [Listener at 127.0.0.1/34011] INFO  server.XceiverServerGrpc (XceiverServerGrpc.java:<init>(132)) - GrpcServer channel type EpollServerSocketChannel
2022-10-08 01:40:02,453 [Listener at 127.0.0.1/34011] INFO  http.BaseHttpServer (BaseHttpServer.java:newHttpServer2BuilderForOzone(213)) - Starting Web-server for hddsDatanode at: http://0.0.0.0:0
2022-10-08 01:40:02,453 [Listener at 127.0.0.1/34011] INFO  http.BaseHttpServer (BaseHttpServer.java:<init>(108)) - Hadoop Security Enabled: false Ozone Security Enabled: false Ozone HTTP Security Enabled: false 
2022-10-08 01:40:02,454 [Listener at 127.0.0.1/34011] INFO  server.AuthenticationFilter (AuthenticationFilter.java:constructSecretProvider(240)) - Unable to initialize FileSignerSecretProvider, falling back to use random secrets.
2022-10-08 01:40:02,454 [Listener at 127.0.0.1/34011] WARN  http.HttpRequestLog (HttpRequestLog.java:getRequestLog(103)) - Jetty request log can only be enabled using Log4j
2022-10-08 01:40:02,455 [Listener at 127.0.0.1/34011] INFO  http.HttpServer2 (HttpServer2.java:addGlobalFilter(1031)) - Added global filter 'safety' (class=org.apache.hadoop.hdds.server.http.HttpServer2$QuotingInputFilter)
2022-10-08 01:40:02,455 [Listener at 127.0.0.1/34011] INFO  http.HttpServer2 (HttpServer2.java:addFilter(1007)) - Added filter static_user_filter (class=org.apache.hadoop.http.lib.StaticUserWebFilter$StaticUserFilter) to context hddsDatanode
2022-10-08 01:40:02,455 [Listener at 127.0.0.1/34011] INFO  http.HttpServer2 (HttpServer2.java:addFilter(1015)) - Added filter static_user_filter (class=org.apache.hadoop.http.lib.StaticUserWebFilter$StaticUserFilter) to context static
2022-10-08 01:40:02,455 [Listener at 127.0.0.1/34011] INFO  http.HttpServer2 (HttpServer2.java:addFilter(1015)) - Added filter static_user_filter (class=org.apache.hadoop.http.lib.StaticUserWebFilter$StaticUserFilter) to context logs
2022-10-08 01:40:02,456 [Listener at 127.0.0.1/34011] INFO  http.HttpServer2 (HttpServer2.java:bindListener(1250)) - Jetty bound to port 41201
2022-10-08 01:40:02,456 [Listener at 127.0.0.1/34011] INFO  server.Server (Server.java:doStart(375)) - jetty-9.4.43.v20210629; built: 2021-06-30T11:07:22.254Z; git: 526006ecfa3af7f1a27ef3a288e2bef7ea9dd7e8; jvm 1.8.0_345-b01
2022-10-08 01:40:02,516 [Listener at 127.0.0.1/34011] INFO  server.session (DefaultSessionIdManager.java:doStart(334)) - DefaultSessionIdManager workerName=node0
2022-10-08 01:40:02,516 [Listener at 127.0.0.1/34011] INFO  server.session (DefaultSessionIdManager.java:doStart(339)) - No SessionScavenger set, using defaults
2022-10-08 01:40:02,516 [Listener at 127.0.0.1/34011] INFO  server.session (HouseKeeper.java:startScavenging(132)) - node0 Scavenging every 660000ms
2022-10-08 01:40:02,517 [Listener at 127.0.0.1/34011] INFO  handler.ContextHandler (ContextHandler.java:doStart(915)) - Started o.e.j.s.ServletContextHandler@71871c79{logs,/logs,file:///home/runner/work/ozone/ozone/hadoop-ozone/integration-test/target/log,AVAILABLE}
2022-10-08 01:40:02,517 [Listener at 127.0.0.1/34011] INFO  handler.ContextHandler (ContextHandler.java:doStart(915)) - Started o.e.j.s.ServletContextHandler@29a70be{static,/static,jar:file:/home/runner/.m2/repository/org/apache/ozone/hdds-container-service/1.3.0-SNAPSHOT/hdds-container-service-1.3.0-SNAPSHOT.jar!/webapps/static,AVAILABLE}
2022-10-08 01:40:02,749 [ReplicationMonitor] INFO  replication.ReplicationManager (ReplicationManager.java:processAll(291)) - Replication Manager is not ready to run until 3000ms after safemode exit
2022-10-08 01:40:02,900 [Command processor thread] INFO  server.RaftServer (RaftServerProxy.java:addNew(96)) - 1b06eb26-cd88-4c30-b02a-c0b828ed8899: addNew group-3D7A7106D2EB:[1b06eb26-cd88-4c30-b02a-c0b828ed8899|rpc:10.1.0.61:37511|priority:1] returns group-3D7A7106D2EB:java.util.concurrent.CompletableFuture@1da6a784[Not completed]
2022-10-08 01:40:02,967 [pool-1306-thread-1] INFO  server.RaftServer$Division (RaftServerImpl.java:<init>(190)) - 1b06eb26-cd88-4c30-b02a-c0b828ed8899: new RaftServerImpl for group-3D7A7106D2EB:[1b06eb26-cd88-4c30-b02a-c0b828ed8899|rpc:10.1.0.61:37511|priority:1] with ContainerStateMachine:uninitialized
2022-10-08 01:40:02,967 [pool-1306-thread-1] INFO  server.RaftServerConfigKeys (ConfUtils.java:logGet(46)) - raft.server.rpc.timeout.min = 5s (custom)
2022-10-08 01:40:02,967 [pool-1306-thread-1] INFO  server.RaftServerConfigKeys (ConfUtils.java:logGet(46)) - raft.server.rpc.timeout.max = 5200ms (custom)
2022-10-08 01:40:02,967 [pool-1306-thread-1] INFO  server.RaftServerConfigKeys (ConfUtils.java:logGet(46)) - raft.server.rpc.sleep.time = 25ms (default)
2022-10-08 01:40:02,967 [pool-1306-thread-1] INFO  server.RaftServerConfigKeys (ConfUtils.java:logGet(46)) - raft.server.rpc.slowness.timeout = 300s (custom)
2022-10-08 01:40:02,967 [pool-1306-thread-1] INFO  server.RaftServerConfigKeys (ConfUtils.java:logGet(46)) - raft.server.leaderelection.leader.step-down.wait-time = 10s (default)
2022-10-08 01:40:02,967 [pool-1306-thread-1] INFO  server.RaftServerConfigKeys (ConfUtils.java:logGet(46)) - raft.server.sleep.deviation.threshold = 300ms (default)
2022-10-08 01:40:02,967 [pool-1306-thread-1] INFO  server.RaftServer$Division (ServerState.java:<init>(107)) - 1b06eb26-cd88-4c30-b02a-c0b828ed8899@group-3D7A7106D2EB: ConfigurationManager, init=-1: [1b06eb26-cd88-4c30-b02a-c0b828ed8899|rpc:10.1.0.61:37511|priority:1], old=null, confs=<EMPTY_MAP>
2022-10-08 01:40:02,967 [pool-1306-thread-1] INFO  server.RaftServerConfigKeys (ConfUtils.java:logGet(46)) - raft.server.storage.dir = [/home/runner/work/ozone/ozone/hadoop-ozone/integration-test/target/test-dir/MiniOzoneClusterImpl-f835b163-d90e-48f8-926f-823f898330c6/datanode-1/data/ratis] (custom)
2022-10-08 01:40:02,967 [pool-1306-thread-1] INFO  server.RaftServerConfigKeys (ConfUtils.java:logGet(46)) - raft.server.log.corruption.policy = EXCEPTION (default)
2022-10-08 01:40:02,967 [pool-1306-thread-1] INFO  server.RaftServerConfigKeys (ConfUtils.java:logGet(46)) - raft.server.storage.free-space.min = 0MB (=0) (default)
2022-10-08 01:40:02,967 [pool-1306-thread-1] INFO  storage.RaftStorageDirectory (RaftStorageDirectoryImpl.java:analyzeStorage(135)) - The storage directory /home/runner/work/ozone/ozone/hadoop-ozone/integration-test/target/test-dir/MiniOzoneClusterImpl-f835b163-d90e-48f8-926f-823f898330c6/datanode-1/data/ratis/5ebbcdca-00d6-48b4-94aa-3d7a7106d2eb does not exist. Creating ...
2022-10-08 01:40:03,012 [pool-1306-thread-1] INFO  storage.RaftStorageDirectory (RaftStorageDirectoryImpl.java:tryLock(230)) - Lock on /home/runner/work/ozone/ozone/hadoop-ozone/integration-test/target/test-dir/MiniOzoneClusterImpl-f835b163-d90e-48f8-926f-823f898330c6/datanode-1/data/ratis/5ebbcdca-00d6-48b4-94aa-3d7a7106d2eb/in_use.lock acquired by nodename 52807@fv-az180-867
2022-10-08 01:40:03,020 [pool-1306-thread-1] INFO  storage.RaftStorage (RaftStorageImpl.java:format(89)) - Storage directory /home/runner/work/ozone/ozone/hadoop-ozone/integration-test/target/test-dir/MiniOzoneClusterImpl-f835b163-d90e-48f8-926f-823f898330c6/datanode-1/data/ratis/5ebbcdca-00d6-48b4-94aa-3d7a7106d2eb has been successfully formatted.
2022-10-08 01:40:03,021 [pool-1306-thread-1] INFO  ratis.ContainerStateMachine (ContainerStateMachine.java:loadSnapshot(236)) - group-3D7A7106D2EB: The snapshot info is null. Setting the last applied indexto:(t:0, i:~)
2022-10-08 01:40:03,021 [pool-1306-thread-1] INFO  server.RaftServerConfigKeys (ConfUtils.java:logGet(46)) - raft.server.notification.no-leader.timeout = 300s (custom)
2022-10-08 01:40:03,021 [pool-1306-thread-1] INFO  server.RaftServerConfigKeys (ConfUtils.java:logGet(46)) - raft.server.log.use.memory = false (default)
2022-10-08 01:40:03,021 [pool-1306-thread-1] INFO  server.RaftServerConfigKeys (ConfUtils.java:logGet(46)) - raft.server.log.purge.gap = 1000000 (custom)
2022-10-08 01:40:03,021 [pool-1306-thread-1] INFO  server.RaftServerConfigKeys (ConfUtils.java:logGet(46)) - raft.server.log.appender.buffer.byte-limit = 33554432 (custom)
2022-10-08 01:40:03,022 [pool-1306-thread-1] INFO  server.RaftServerConfigKeys (ConfUtils.java:logGet(46)) - raft.server.log.statemachine.data.read.timeout = 1000ms (default)
2022-10-08 01:40:03,022 [pool-1306-thread-1] INFO  server.RaftServerConfigKeys (ConfUtils.java:logGet(46)) - raft.server.log.segment.size.max = 1048576 (custom)
2022-10-08 01:40:03,022 [pool-1306-thread-1] INFO  server.RaftServerConfigKeys (ConfUtils.java:logGet(46)) - raft.server.log.segment.cache.num.max = 2 (custom)
2022-10-08 01:40:03,023 [pool-1306-thread-1] INFO  server.RaftServerConfigKeys (ConfUtils.java:logGet(46)) - raft.server.log.segment.cache.size.max = 200MB (=209715200) (default)
2022-10-08 01:40:03,023 [pool-1306-thread-1] INFO  segmented.SegmentedRaftLogWorker (SegmentedRaftLogWorker.java:<init>(187)) - new 1b06eb26-cd88-4c30-b02a-c0b828ed8899@group-3D7A7106D2EB-SegmentedRaftLogWorker for RaftStorageImpl:Storage Directory /home/runner/work/ozone/ozone/hadoop-ozone/integration-test/target/test-dir/MiniOzoneClusterImpl-f835b163-d90e-48f8-926f-823f898330c6/datanode-1/data/ratis/5ebbcdca-00d6-48b4-94aa-3d7a7106d2eb
2022-10-08 01:40:03,023 [pool-1306-thread-1] INFO  server.RaftServerConfigKeys (ConfUtils.java:logGet(46)) - raft.server.log.queue.byte-limit = 4294967296 (custom)
2022-10-08 01:40:03,023 [pool-1306-thread-1] INFO  server.RaftServerConfigKeys (ConfUtils.java:logGet(46)) - raft.server.log.queue.element-limit = 1024 (custom)
2022-10-08 01:40:03,023 [pool-1306-thread-1] INFO  server.RaftServerConfigKeys (ConfUtils.java:logGet(46)) - raft.server.log.segment.size.max = 1048576 (custom)
2022-10-08 01:40:03,023 [pool-1306-thread-1] INFO  server.RaftServerConfigKeys (ConfUtils.java:logGet(46)) - raft.server.log.preallocated.size = 16384 (custom)
2022-10-08 01:40:03,023 [pool-1306-thread-1] INFO  server.RaftServerConfigKeys (ConfUtils.java:logGet(46)) - raft.server.log.force.sync.num = 128 (default)
2022-10-08 01:40:03,023 [pool-1306-thread-1] INFO  server.RaftServerConfigKeys (ConfUtils.java:logGet(46)) - raft.server.log.statemachine.data.sync = true (default)
2022-10-08 01:40:03,023 [pool-1306-thread-1] INFO  server.RaftServerConfigKeys (ConfUtils.java:logGet(46)) - raft.server.log.statemachine.data.sync.timeout = 10s (default)
2022-10-08 01:40:03,023 [pool-1306-thread-1] INFO  server.RaftServerConfigKeys (ConfUtils.java:logGet(46)) - raft.server.log.statemachine.data.sync.timeout.retry = -1 (default)
2022-10-08 01:40:03,024 [pool-1306-thread-1] INFO  server.RaftServerConfigKeys (ConfUtils.java:logGet(46)) - raft.server.log.write.buffer.size = 1048576 (custom)
2022-10-08 01:40:03,025 [pool-1306-thread-1] INFO  server.RaftServerConfigKeys (ConfUtils.java:logGet(46)) - raft.server.log.unsafe-flush.enabled = false (default)
2022-10-08 01:40:03,025 [pool-1306-thread-1] INFO  server.RaftServerConfigKeys (ConfUtils.java:logGet(46)) - raft.server.log.statemachine.data.caching.enabled = true (custom)
2022-10-08 01:40:03,025 [pool-1306-thread-1] INFO  segmented.SegmentedRaftLogWorker (SegmentedRaftLogWorker.java:lambda$new$0(135)) - 1b06eb26-cd88-4c30-b02a-c0b828ed8899@group-3D7A7106D2EB-SegmentedRaftLogWorker: flushIndex: setUnconditionally 0 -> -1
2022-10-08 01:40:03,025 [pool-1306-thread-1] INFO  segmented.SegmentedRaftLogWorker (SegmentedRaftLogWorker.java:lambda$new$0(135)) - 1b06eb26-cd88-4c30-b02a-c0b828ed8899@group-3D7A7106D2EB-SegmentedRaftLogWorker: safeCacheEvictIndex: setUnconditionally 0 -> -1
2022-10-08 01:40:03,025 [pool-1306-thread-1] INFO  server.RaftServerConfigKeys (ConfUtils.java:logGet(46)) - raft.server.snapshot.auto.trigger.enabled = true (custom)
2022-10-08 01:40:03,025 [pool-1306-thread-1] INFO  server.RaftServerConfigKeys (ConfUtils.java:logGet(46)) - raft.server.snapshot.auto.trigger.threshold = 10000 (custom)
2022-10-08 01:40:03,025 [pool-1306-thread-1] INFO  server.RaftServerConfigKeys (ConfUtils.java:logGet(46)) - raft.server.snapshot.retention.file.num = 5 (custom)
2022-10-08 01:40:03,025 [pool-1306-thread-1] INFO  server.RaftServerConfigKeys (ConfUtils.java:logGet(46)) - raft.server.log.purge.upto.snapshot.index = false (default)
2022-10-08 01:40:03,025 [pool-1306-thread-1] INFO  server.RaftServerConfigKeys (ConfUtils.java:logGet(46)) - raft.server.retrycache.expirytime = 600000ms (custom)
2022-10-08 01:40:03,025 [pool-1306-thread-1] INFO  server.RaftServerConfigKeys (ConfUtils.java:logGet(46)) - raft.server.retrycache.statistics.expirytime = 100μs (default)
2022-10-08 01:40:03,027 [pool-1306-thread-1] INFO  server.RaftServerConfigKeys (ConfUtils.java:logGet(46)) - raft.server.log.appender.install.snapshot.enabled = false (custom)
2022-10-08 01:40:03,027 [pool-1306-thread-1] INFO  server.RaftServerConfigKeys (ConfUtils.java:logGet(46)) - raft.server.threadpool.server.cached = true (default)
2022-10-08 01:40:03,027 [pool-1306-thread-1] INFO  server.RaftServerConfigKeys (ConfUtils.java:logGet(46)) - raft.server.threadpool.server.size = 0 (default)
2022-10-08 01:40:03,027 [pool-1306-thread-1] INFO  server.RaftServerConfigKeys (ConfUtils.java:logGet(46)) - raft.server.threadpool.client.cached = true (default)
2022-10-08 01:40:03,027 [pool-1306-thread-1] INFO  server.RaftServerConfigKeys (ConfUtils.java:logGet(46)) - raft.server.threadpool.client.size = 0 (default)
2022-10-08 01:40:03,027 [pool-1306-thread-1] INFO  server.RaftServer$Division (RaftServerImpl.java:start(310)) - 1b06eb26-cd88-4c30-b02a-c0b828ed8899@group-3D7A7106D2EB: start as a follower, conf=-1: [1b06eb26-cd88-4c30-b02a-c0b828ed8899|rpc:10.1.0.61:37511|priority:1], old=null
2022-10-08 01:40:03,027 [pool-1306-thread-1] INFO  server.RaftServer$Division (RaftServerImpl.java:setRole(299)) - 1b06eb26-cd88-4c30-b02a-c0b828ed8899@group-3D7A7106D2EB: changes role from      null to FOLLOWER at term 0 for startAsFollower
2022-10-08 01:40:03,027 [pool-1306-thread-1] INFO  impl.RoleInfo (RoleInfo.java:updateAndGet(139)) - 1b06eb26-cd88-4c30-b02a-c0b828ed8899: start 1b06eb26-cd88-4c30-b02a-c0b828ed8899@group-3D7A7106D2EB-FollowerState
2022-10-08 01:40:03,028 [pool-1306-thread-1] INFO  util.JmxRegister (JmxRegister.java:tryRegister(44)) - Successfully registered JMX Bean with object name Ratis:service=RaftServer,group=group-3D7A7106D2EB,id=1b06eb26-cd88-4c30-b02a-c0b828ed8899
2022-10-08 01:40:03,038 [Command processor thread] INFO  ratis.XceiverServerRatis (XceiverServerRatis.java:addGroup(765)) - Created group PipelineID=5ebbcdca-00d6-48b4-94aa-3d7a7106d2eb
2022-10-08 01:40:03,038 [Command processor thread] INFO  commandhandler.CreatePipelineCommandHandler (CreatePipelineCommandHandler.java:handle(113)) - Created Pipeline RATIS ONE PipelineID=5ebbcdca-00d6-48b4-94aa-3d7a7106d2eb.
2022-10-08 01:40:03,038 [Command processor thread] INFO  server.RaftServer (RaftServerProxy.java:addNew(96)) - 1b06eb26-cd88-4c30-b02a-c0b828ed8899: addNew group-4350393D8822:[7394f723-5f6d-4e16-a6b6-d1556834f31b|rpc:10.1.0.61:35949|priority:1, 1b06eb26-cd88-4c30-b02a-c0b828ed8899|rpc:10.1.0.61:37511|priority:0, 291612d5-8a25-468b-b904-396bb29bc5a8|rpc:10.1.0.61:34923|priority:0] returns group-4350393D8822:java.util.concurrent.CompletableFuture@199930e8[Not completed]
2022-10-08 01:40:03,044 [pool-1306-thread-1] INFO  server.RaftServer$Division (RaftServerImpl.java:<init>(190)) - 1b06eb26-cd88-4c30-b02a-c0b828ed8899: new RaftServerImpl for group-4350393D8822:[7394f723-5f6d-4e16-a6b6-d1556834f31b|rpc:10.1.0.61:35949|priority:1, 1b06eb26-cd88-4c30-b02a-c0b828ed8899|rpc:10.1.0.61:37511|priority:0, 291612d5-8a25-468b-b904-396bb29bc5a8|rpc:10.1.0.61:34923|priority:0] with ContainerStateMachine:uninitialized
2022-10-08 01:40:03,044 [pool-1306-thread-1] INFO  server.RaftServerConfigKeys (ConfUtils.java:logGet(46)) - raft.server.rpc.timeout.min = 5s (custom)
2022-10-08 01:40:03,044 [pool-1306-thread-1] INFO  server.RaftServerConfigKeys (ConfUtils.java:logGet(46)) - raft.server.rpc.timeout.max = 5200ms (custom)
2022-10-08 01:40:03,044 [pool-1306-thread-1] INFO  server.RaftServerConfigKeys (ConfUtils.java:logGet(46)) - raft.server.rpc.sleep.time = 25ms (default)
2022-10-08 01:40:03,044 [pool-1306-thread-1] INFO  server.RaftServerConfigKeys (ConfUtils.java:logGet(46)) - raft.server.rpc.slowness.timeout = 300s (custom)
2022-10-08 01:40:03,045 [pool-1306-thread-1] INFO  server.RaftServerConfigKeys (ConfUtils.java:logGet(46)) - raft.server.leaderelection.leader.step-down.wait-time = 10s (default)
2022-10-08 01:40:03,045 [pool-1306-thread-1] INFO  server.RaftServerConfigKeys (ConfUtils.java:logGet(46)) - raft.server.sleep.deviation.threshold = 300ms (default)
2022-10-08 01:40:03,045 [pool-1306-thread-1] INFO  server.RaftServer$Division (ServerState.java:<init>(107)) - 1b06eb26-cd88-4c30-b02a-c0b828ed8899@group-4350393D8822: ConfigurationManager, init=-1: [7394f723-5f6d-4e16-a6b6-d1556834f31b|rpc:10.1.0.61:35949|priority:1, 1b06eb26-cd88-4c30-b02a-c0b828ed8899|rpc:10.1.0.61:37511|priority:0, 291612d5-8a25-468b-b904-396bb29bc5a8|rpc:10.1.0.61:34923|priority:0], old=null, confs=<EMPTY_MAP>
2022-10-08 01:40:03,045 [pool-1306-thread-1] INFO  server.RaftServerConfigKeys (ConfUtils.java:logGet(46)) - raft.server.storage.dir = [/home/runner/work/ozone/ozone/hadoop-ozone/integration-test/target/test-dir/MiniOzoneClusterImpl-f835b163-d90e-48f8-926f-823f898330c6/datanode-1/data/ratis] (custom)
2022-10-08 01:40:03,045 [pool-1306-thread-1] INFO  server.RaftServerConfigKeys (ConfUtils.java:logGet(46)) - raft.server.log.corruption.policy = EXCEPTION (default)
2022-10-08 01:40:03,045 [pool-1306-thread-1] INFO  server.RaftServerConfigKeys (ConfUtils.java:logGet(46)) - raft.server.storage.free-space.min = 0MB (=0) (default)
2022-10-08 01:40:03,045 [pool-1306-thread-1] INFO  storage.RaftStorageDirectory (RaftStorageDirectoryImpl.java:analyzeStorage(135)) - The storage directory /home/runner/work/ozone/ozone/hadoop-ozone/integration-test/target/test-dir/MiniOzoneClusterImpl-f835b163-d90e-48f8-926f-823f898330c6/datanode-1/data/ratis/ead37481-9ae8-46ae-8ba2-4350393d8822 does not exist. Creating ...
2022-10-08 01:40:03,050 [EventQueue-PipelineReportForPipelineReportHandler] INFO  pipeline.PipelineManagerImpl (PipelineManagerImpl.java:openPipeline(367)) - Pipeline Pipeline[ Id: 5ebbcdca-00d6-48b4-94aa-3d7a7106d2eb, Nodes: 1b06eb26-cd88-4c30-b02a-c0b828ed8899{ip: 10.1.0.61, host: fv-az180-867.g3pwtgv4ffyuhaixmbmm0kyh3d.gx.internal.cloudapp.net, ports: [REPLICATION=34467, RATIS=37511, RATIS_ADMIN=37511, RATIS_SERVER=37511, STANDALONE=41855], networkLocation: /default-rack, certSerialId: null, persistedOpState: IN_SERVICE, persistedOpStateExpiryEpochSec: 0}, ReplicationConfig: RATIS/ONE, State:ALLOCATED, leaderId:1b06eb26-cd88-4c30-b02a-c0b828ed8899, CreationTimestamp2022-10-08T01:39:59.901Z[Etc/UTC]] moved to OPEN state
2022-10-08 01:40:03,050 [EventQueue-OpenPipelineForHealthyPipelineSafeModeRule] INFO  safemode.SCMSafeModeManager (HealthyPipelineSafeModeRule.java:process(137)) - SCM in safe mode. Healthy pipelines reported count is 0, required healthy pipeline reported count is 1
2022-10-08 01:40:03,055 [pool-1306-thread-1] INFO  storage.RaftStorageDirectory (RaftStorageDirectoryImpl.java:tryLock(230)) - Lock on /home/runner/work/ozone/ozone/hadoop-ozone/integration-test/target/test-dir/MiniOzoneClusterImpl-f835b163-d90e-48f8-926f-823f898330c6/datanode-1/data/ratis/ead37481-9ae8-46ae-8ba2-4350393d8822/in_use.lock acquired by nodename 52807@fv-az180-867
2022-10-08 01:40:03,064 [pool-1306-thread-1] INFO  storage.RaftStorage (RaftStorageImpl.java:format(89)) - Storage directory /home/runner/work/ozone/ozone/hadoop-ozone/integration-test/target/test-dir/MiniOzoneClusterImpl-f835b163-d90e-48f8-926f-823f898330c6/datanode-1/data/ratis/ead37481-9ae8-46ae-8ba2-4350393d8822 has been successfully formatted.
2022-10-08 01:40:03,064 [pool-1306-thread-1] INFO  ratis.ContainerStateMachine (ContainerStateMachine.java:loadSnapshot(236)) - group-4350393D8822: The snapshot info is null. Setting the last applied indexto:(t:0, i:~)
2022-10-08 01:40:03,064 [pool-1306-thread-1] INFO  server.RaftServerConfigKeys (ConfUtils.java:logGet(46)) - raft.server.notification.no-leader.timeout = 300s (custom)
2022-10-08 01:40:03,064 [pool-1306-thread-1] INFO  server.RaftServerConfigKeys (ConfUtils.java:logGet(46)) - raft.server.log.use.memory = false (default)
2022-10-08 01:40:03,064 [pool-1306-thread-1] INFO  server.RaftServerConfigKeys (ConfUtils.java:logGet(46)) - raft.server.log.purge.gap = 1000000 (custom)
2022-10-08 01:40:03,064 [pool-1306-thread-1] INFO  server.RaftServerConfigKeys (ConfUtils.java:logGet(46)) - raft.server.log.appender.buffer.byte-limit = 33554432 (custom)
2022-10-08 01:40:03,064 [pool-1306-thread-1] INFO  server.RaftServerConfigKeys (ConfUtils.java:logGet(46)) - raft.server.log.statemachine.data.read.timeout = 1000ms (default)
2022-10-08 01:40:03,064 [pool-1306-thread-1] INFO  server.RaftServerConfigKeys (ConfUtils.java:logGet(46)) - raft.server.log.segment.size.max = 1048576 (custom)
2022-10-08 01:40:03,065 [pool-1306-thread-1] INFO  server.RaftServerConfigKeys (ConfUtils.java:logGet(46)) - raft.server.log.segment.cache.num.max = 2 (custom)
2022-10-08 01:40:03,065 [pool-1306-thread-1] INFO  server.RaftServerConfigKeys (ConfUtils.java:logGet(46)) - raft.server.log.segment.cache.size.max = 200MB (=209715200) (default)
2022-10-08 01:40:03,065 [pool-1306-thread-1] INFO  segmented.SegmentedRaftLogWorker (SegmentedRaftLogWorker.java:<init>(187)) - new 1b06eb26-cd88-4c30-b02a-c0b828ed8899@group-4350393D8822-SegmentedRaftLogWorker for RaftStorageImpl:Storage Directory /home/runner/work/ozone/ozone/hadoop-ozone/integration-test/target/test-dir/MiniOzoneClusterImpl-f835b163-d90e-48f8-926f-823f898330c6/datanode-1/data/ratis/ead37481-9ae8-46ae-8ba2-4350393d8822
2022-10-08 01:40:03,065 [pool-1306-thread-1] INFO  server.RaftServerConfigKeys (ConfUtils.java:logGet(46)) - raft.server.log.queue.byte-limit = 4294967296 (custom)
2022-10-08 01:40:03,065 [pool-1306-thread-1] INFO  server.RaftServerConfigKeys (ConfUtils.java:logGet(46)) - raft.server.log.queue.element-limit = 1024 (custom)
2022-10-08 01:40:03,065 [pool-1306-thread-1] INFO  server.RaftServerConfigKeys (ConfUtils.java:logGet(46)) - raft.server.log.segment.size.max = 1048576 (custom)
2022-10-08 01:40:03,065 [pool-1306-thread-1] INFO  server.RaftServerConfigKeys (ConfUtils.java:logGet(46)) - raft.server.log.preallocated.size = 16384 (custom)
2022-10-08 01:40:03,065 [pool-1306-thread-1] INFO  server.RaftServerConfigKeys (ConfUtils.java:logGet(46)) - raft.server.log.force.sync.num = 128 (default)
2022-10-08 01:40:03,065 [pool-1306-thread-1] INFO  server.RaftServerConfigKeys (ConfUtils.java:logGet(46)) - raft.server.log.statemachine.data.sync = true (default)
2022-10-08 01:40:03,065 [pool-1306-thread-1] INFO  server.RaftServerConfigKeys (ConfUtils.java:logGet(46)) - raft.server.log.statemachine.data.sync.timeout = 10s (default)
2022-10-08 01:40:03,065 [pool-1306-thread-1] INFO  server.RaftServerConfigKeys (ConfUtils.java:logGet(46)) - raft.server.log.statemachine.data.sync.timeout.retry = -1 (default)
2022-10-08 01:40:03,067 [pool-1306-thread-1] INFO  server.RaftServerConfigKeys (ConfUtils.java:logGet(46)) - raft.server.log.write.buffer.size = 1048576 (custom)
2022-10-08 01:40:03,067 [pool-1306-thread-1] INFO  server.RaftServerConfigKeys (ConfUtils.java:logGet(46)) - raft.server.log.unsafe-flush.enabled = false (default)
2022-10-08 01:40:03,067 [pool-1306-thread-1] INFO  server.RaftServerConfigKeys (ConfUtils.java:logGet(46)) - raft.server.log.statemachine.data.caching.enabled = true (custom)
2022-10-08 01:40:03,067 [pool-1306-thread-1] INFO  segmented.SegmentedRaftLogWorker (SegmentedRaftLogWorker.java:lambda$new$0(135)) - 1b06eb26-cd88-4c30-b02a-c0b828ed8899@group-4350393D8822-SegmentedRaftLogWorker: flushIndex: setUnconditionally 0 -> -1
2022-10-08 01:40:03,067 [pool-1306-thread-1] INFO  segmented.SegmentedRaftLogWorker (SegmentedRaftLogWorker.java:lambda$new$0(135)) - 1b06eb26-cd88-4c30-b02a-c0b828ed8899@group-4350393D8822-SegmentedRaftLogWorker: safeCacheEvictIndex: setUnconditionally 0 -> -1
2022-10-08 01:40:03,103 [pool-1306-thread-1] INFO  server.RaftServerConfigKeys (ConfUtils.java:logGet(46)) - raft.server.snapshot.auto.trigger.enabled = true (custom)
2022-10-08 01:40:03,103 [pool-1306-thread-1] INFO  server.RaftServerConfigKeys (ConfUtils.java:logGet(46)) - raft.server.snapshot.auto.trigger.threshold = 10000 (custom)
2022-10-08 01:40:03,103 [pool-1306-thread-1] INFO  server.RaftServerConfigKeys (ConfUtils.java:logGet(46)) - raft.server.snapshot.retention.file.num = 5 (custom)
2022-10-08 01:40:03,103 [pool-1306-thread-1] INFO  server.RaftServerConfigKeys (ConfUtils.java:logGet(46)) - raft.server.log.purge.upto.snapshot.index = false (default)
2022-10-08 01:40:03,103 [pool-1306-thread-1] INFO  server.RaftServerConfigKeys (ConfUtils.java:logGet(46)) - raft.server.retrycache.expirytime = 600000ms (custom)
2022-10-08 01:40:03,103 [pool-1306-thread-1] INFO  server.RaftServerConfigKeys (ConfUtils.java:logGet(46)) - raft.server.retrycache.statistics.expirytime = 100μs (default)
2022-10-08 01:40:03,104 [EventQueue-OpenPipelineForHealthyPipelineSafeModeRule] INFO  safemode.SCMSafeModeManager (HealthyPipelineSafeModeRule.java:process(137)) - SCM in safe mode. Healthy pipelines reported count is 0, required healthy pipeline reported count is 1
2022-10-08 01:40:03,106 [pool-1306-thread-1] INFO  server.RaftServerConfigKeys (ConfUtils.java:logGet(46)) - raft.server.log.appender.install.snapshot.enabled = false (custom)
2022-10-08 01:40:03,106 [pool-1306-thread-1] INFO  server.RaftServerConfigKeys (ConfUtils.java:logGet(46)) - raft.server.threadpool.server.cached = true (default)
2022-10-08 01:40:03,106 [pool-1306-thread-1] INFO  server.RaftServerConfigKeys (ConfUtils.java:logGet(46)) - raft.server.threadpool.server.size = 0 (default)
2022-10-08 01:40:03,106 [pool-1306-thread-1] INFO  server.RaftServerConfigKeys (ConfUtils.java:logGet(46)) - raft.server.threadpool.client.cached = true (default)
2022-10-08 01:40:03,106 [pool-1306-thread-1] INFO  server.RaftServerConfigKeys (ConfUtils.java:logGet(46)) - raft.server.threadpool.client.size = 0 (default)
2022-10-08 01:40:03,106 [pool-1306-thread-1] INFO  server.RaftServer$Division (RaftServerImpl.java:start(310)) - 1b06eb26-cd88-4c30-b02a-c0b828ed8899@group-4350393D8822: start as a follower, conf=-1: [7394f723-5f6d-4e16-a6b6-d1556834f31b|rpc:10.1.0.61:35949|priority:1, 1b06eb26-cd88-4c30-b02a-c0b828ed8899|rpc:10.1.0.61:37511|priority:0, 291612d5-8a25-468b-b904-396bb29bc5a8|rpc:10.1.0.61:34923|priority:0], old=null
2022-10-08 01:40:03,106 [pool-1306-thread-1] INFO  server.RaftServer$Division (RaftServerImpl.java:setRole(299)) - 1b06eb26-cd88-4c30-b02a-c0b828ed8899@group-4350393D8822: changes role from      null to FOLLOWER at term 0 for startAsFollower
2022-10-08 01:40:03,106 [pool-1306-thread-1] INFO  impl.RoleInfo (RoleInfo.java:updateAndGet(139)) - 1b06eb26-cd88-4c30-b02a-c0b828ed8899: start 1b06eb26-cd88-4c30-b02a-c0b828ed8899@group-4350393D8822-FollowerState
2022-10-08 01:40:03,178 [pool-1306-thread-1] INFO  util.JmxRegister (JmxRegister.java:tryRegister(44)) - Successfully registered JMX Bean with object name Ratis:service=RaftServer,group=group-4350393D8822,id=1b06eb26-cd88-4c30-b02a-c0b828ed8899
2022-10-08 01:40:03,184 [Command processor thread] INFO  ratis.XceiverServerRatis (XceiverServerRatis.java:addGroup(765)) - Created group PipelineID=ead37481-9ae8-46ae-8ba2-4350393d8822
2022-10-08 01:40:03,189 [grpc-default-executor-11] INFO  server.RaftServer (RaftServerProxy.java:addNew(96)) - 291612d5-8a25-468b-b904-396bb29bc5a8: addNew group-4350393D8822:[7394f723-5f6d-4e16-a6b6-d1556834f31b|rpc:10.1.0.61:35949|dataStream:|priority:1, 1b06eb26-cd88-4c30-b02a-c0b828ed8899|rpc:10.1.0.61:37511|dataStream:|priority:0, 291612d5-8a25-468b-b904-396bb29bc5a8|rpc:10.1.0.61:34923|dataStream:|priority:0] returns group-4350393D8822:java.util.concurrent.CompletableFuture@1a06fb9b[Not completed]
2022-10-08 01:40:03,189 [pool-1283-thread-1] INFO  server.RaftServer$Division (RaftServerImpl.java:<init>(190)) - 291612d5-8a25-468b-b904-396bb29bc5a8: new RaftServerImpl for group-4350393D8822:[7394f723-5f6d-4e16-a6b6-d1556834f31b|rpc:10.1.0.61:35949|dataStream:|priority:1, 1b06eb26-cd88-4c30-b02a-c0b828ed8899|rpc:10.1.0.61:37511|dataStream:|priority:0, 291612d5-8a25-468b-b904-396bb29bc5a8|rpc:10.1.0.61:34923|dataStream:|priority:0] with ContainerStateMachine:uninitialized
2022-10-08 01:40:03,190 [pool-1283-thread-1] INFO  server.RaftServerConfigKeys (ConfUtils.java:logGet(46)) - raft.server.rpc.timeout.min = 5s (custom)
2022-10-08 01:40:03,190 [pool-1283-thread-1] INFO  server.RaftServerConfigKeys (ConfUtils.java:logGet(46)) - raft.server.rpc.timeout.max = 5200ms (custom)
2022-10-08 01:40:03,190 [pool-1283-thread-1] INFO  server.RaftServerConfigKeys (ConfUtils.java:logGet(46)) - raft.server.rpc.sleep.time = 25ms (default)
2022-10-08 01:40:03,190 [pool-1283-thread-1] INFO  server.RaftServerConfigKeys (ConfUtils.java:logGet(46)) - raft.server.rpc.slowness.timeout = 300s (custom)
2022-10-08 01:40:03,190 [pool-1283-thread-1] INFO  server.RaftServerConfigKeys (ConfUtils.java:logGet(46)) - raft.server.leaderelection.leader.step-down.wait-time = 10s (default)
2022-10-08 01:40:03,190 [pool-1283-thread-1] INFO  server.RaftServerConfigKeys (ConfUtils.java:logGet(46)) - raft.server.sleep.deviation.threshold = 300ms (default)
2022-10-08 01:40:03,190 [pool-1283-thread-1] INFO  server.RaftServer$Division (ServerState.java:<init>(107)) - 291612d5-8a25-468b-b904-396bb29bc5a8@group-4350393D8822: ConfigurationManager, init=-1: [7394f723-5f6d-4e16-a6b6-d1556834f31b|rpc:10.1.0.61:35949|dataStream:|priority:1, 1b06eb26-cd88-4c30-b02a-c0b828ed8899|rpc:10.1.0.61:37511|dataStream:|priority:0, 291612d5-8a25-468b-b904-396bb29bc5a8|rpc:10.1.0.61:34923|dataStream:|priority:0], old=null, confs=<EMPTY_MAP>
2022-10-08 01:40:03,190 [pool-1283-thread-1] INFO  server.RaftServerConfigKeys (ConfUtils.java:logGet(46)) - raft.server.storage.dir = [/home/runner/work/ozone/ozone/hadoop-ozone/integration-test/target/test-dir/MiniOzoneClusterImpl-f835b163-d90e-48f8-926f-823f898330c6/datanode-0/data/ratis] (custom)
2022-10-08 01:40:03,190 [pool-1283-thread-1] INFO  server.RaftServerConfigKeys (ConfUtils.java:logGet(46)) - raft.server.log.corruption.policy = EXCEPTION (default)
2022-10-08 01:40:03,190 [pool-1283-thread-1] INFO  server.RaftServerConfigKeys (ConfUtils.java:logGet(46)) - raft.server.storage.free-space.min = 0MB (=0) (default)
2022-10-08 01:40:03,190 [pool-1283-thread-1] INFO  storage.RaftStorageDirectory (RaftStorageDirectoryImpl.java:analyzeStorage(135)) - The storage directory /home/runner/work/ozone/ozone/hadoop-ozone/integration-test/target/test-dir/MiniOzoneClusterImpl-f835b163-d90e-48f8-926f-823f898330c6/datanode-0/data/ratis/ead37481-9ae8-46ae-8ba2-4350393d8822 does not exist. Creating ...
2022-10-08 01:40:03,196 [pool-1283-thread-1] INFO  storage.RaftStorageDirectory (RaftStorageDirectoryImpl.java:tryLock(230)) - Lock on /home/runner/work/ozone/ozone/hadoop-ozone/integration-test/target/test-dir/MiniOzoneClusterImpl-f835b163-d90e-48f8-926f-823f898330c6/datanode-0/data/ratis/ead37481-9ae8-46ae-8ba2-4350393d8822/in_use.lock acquired by nodename 52807@fv-az180-867
2022-10-08 01:40:03,205 [pool-1283-thread-1] INFO  storage.RaftStorage (RaftStorageImpl.java:format(89)) - Storage directory /home/runner/work/ozone/ozone/hadoop-ozone/integration-test/target/test-dir/MiniOzoneClusterImpl-f835b163-d90e-48f8-926f-823f898330c6/datanode-0/data/ratis/ead37481-9ae8-46ae-8ba2-4350393d8822 has been successfully formatted.
2022-10-08 01:40:03,205 [pool-1283-thread-1] INFO  ratis.ContainerStateMachine (ContainerStateMachine.java:loadSnapshot(236)) - group-4350393D8822: The snapshot info is null. Setting the last applied indexto:(t:0, i:~)
2022-10-08 01:40:03,205 [pool-1283-thread-1] INFO  server.RaftServerConfigKeys (ConfUtils.java:logGet(46)) - raft.server.notification.no-leader.timeout = 300s (custom)
2022-10-08 01:40:03,205 [pool-1283-thread-1] INFO  server.RaftServerConfigKeys (ConfUtils.java:logGet(46)) - raft.server.log.use.memory = false (default)
2022-10-08 01:40:03,206 [pool-1283-thread-1] INFO  server.RaftServerConfigKeys (ConfUtils.java:logGet(46)) - raft.server.log.purge.gap = 1000000 (custom)
2022-10-08 01:40:03,206 [pool-1283-thread-1] INFO  server.RaftServerConfigKeys (ConfUtils.java:logGet(46)) - raft.server.log.appender.buffer.byte-limit = 33554432 (custom)
2022-10-08 01:40:03,206 [pool-1283-thread-1] INFO  server.RaftServerConfigKeys (ConfUtils.java:logGet(46)) - raft.server.log.statemachine.data.read.timeout = 1000ms (default)
2022-10-08 01:40:03,206 [pool-1283-thread-1] INFO  server.RaftServerConfigKeys (ConfUtils.java:logGet(46)) - raft.server.log.segment.size.max = 1048576 (custom)
2022-10-08 01:40:03,207 [EventQueue-OpenPipelineForHealthyPipelineSafeModeRule] INFO  safemode.SCMSafeModeManager (HealthyPipelineSafeModeRule.java:process(137)) - SCM in safe mode. Healthy pipelines reported count is 0, required healthy pipeline reported count is 1
2022-10-08 01:40:03,207 [pool-1283-thread-1] INFO  server.RaftServerConfigKeys (ConfUtils.java:logGet(46)) - raft.server.log.segment.cache.num.max = 2 (custom)
2022-10-08 01:40:03,207 [pool-1283-thread-1] INFO  server.RaftServerConfigKeys (ConfUtils.java:logGet(46)) - raft.server.log.segment.cache.size.max = 200MB (=209715200) (default)
2022-10-08 01:40:03,207 [pool-1283-thread-1] INFO  segmented.SegmentedRaftLogWorker (SegmentedRaftLogWorker.java:<init>(187)) - new 291612d5-8a25-468b-b904-396bb29bc5a8@group-4350393D8822-SegmentedRaftLogWorker for RaftStorageImpl:Storage Directory /home/runner/work/ozone/ozone/hadoop-ozone/integration-test/target/test-dir/MiniOzoneClusterImpl-f835b163-d90e-48f8-926f-823f898330c6/datanode-0/data/ratis/ead37481-9ae8-46ae-8ba2-4350393d8822
2022-10-08 01:40:03,207 [pool-1283-thread-1] INFO  server.RaftServerConfigKeys (ConfUtils.java:logGet(46)) - raft.server.log.queue.byte-limit = 4294967296 (custom)
2022-10-08 01:40:03,207 [pool-1283-thread-1] INFO  server.RaftServerConfigKeys (ConfUtils.java:logGet(46)) - raft.server.log.queue.element-limit = 1024 (custom)
2022-10-08 01:40:03,207 [pool-1283-thread-1] INFO  server.RaftServerConfigKeys (ConfUtils.java:logGet(46)) - raft.server.log.segment.size.max = 1048576 (custom)
2022-10-08 01:40:03,207 [pool-1283-thread-1] INFO  server.RaftServerConfigKeys (ConfUtils.java:logGet(46)) - raft.server.log.preallocated.size = 16384 (custom)
2022-10-08 01:40:03,207 [pool-1283-thread-1] INFO  server.RaftServerConfigKeys (ConfUtils.java:logGet(46)) - raft.server.log.force.sync.num = 128 (default)
2022-10-08 01:40:03,207 [pool-1283-thread-1] INFO  server.RaftServerConfigKeys (ConfUtils.java:logGet(46)) - raft.server.log.statemachine.data.sync = true (default)
2022-10-08 01:40:03,207 [pool-1283-thread-1] INFO  server.RaftServerConfigKeys (ConfUtils.java:logGet(46)) - raft.server.log.statemachine.data.sync.timeout = 10s (default)
2022-10-08 01:40:03,207 [pool-1283-thread-1] INFO  server.RaftServerConfigKeys (ConfUtils.java:logGet(46)) - raft.server.log.statemachine.data.sync.timeout.retry = -1 (default)
2022-10-08 01:40:03,209 [pool-1283-thread-1] INFO  server.RaftServerConfigKeys (ConfUtils.java:logGet(46)) - raft.server.log.write.buffer.size = 1048576 (custom)
2022-10-08 01:40:03,209 [pool-1283-thread-1] INFO  server.RaftServerConfigKeys (ConfUtils.java:logGet(46)) - raft.server.log.unsafe-flush.enabled = false (default)
2022-10-08 01:40:03,209 [pool-1283-thread-1] INFO  server.RaftServerConfigKeys (ConfUtils.java:logGet(46)) - raft.server.log.statemachine.data.caching.enabled = true (custom)
2022-10-08 01:40:03,209 [pool-1283-thread-1] INFO  segmented.SegmentedRaftLogWorker (SegmentedRaftLogWorker.java:lambda$new$0(135)) - 291612d5-8a25-468b-b904-396bb29bc5a8@group-4350393D8822-SegmentedRaftLogWorker: flushIndex: setUnconditionally 0 -> -1
2022-10-08 01:40:03,209 [pool-1283-thread-1] INFO  segmented.SegmentedRaftLogWorker (SegmentedRaftLogWorker.java:lambda$new$0(135)) - 291612d5-8a25-468b-b904-396bb29bc5a8@group-4350393D8822-SegmentedRaftLogWorker: safeCacheEvictIndex: setUnconditionally 0 -> -1
2022-10-08 01:40:03,221 [pool-1283-thread-1] INFO  server.RaftServerConfigKeys (ConfUtils.java:logGet(46)) - raft.server.snapshot.auto.trigger.enabled = true (custom)
2022-10-08 01:40:03,221 [pool-1283-thread-1] INFO  server.RaftServerConfigKeys (ConfUtils.java:logGet(46)) - raft.server.snapshot.auto.trigger.threshold = 10000 (custom)
2022-10-08 01:40:03,221 [pool-1283-thread-1] INFO  server.RaftServerConfigKeys (ConfUtils.java:logGet(46)) - raft.server.snapshot.retention.file.num = 5 (custom)
2022-10-08 01:40:03,221 [pool-1283-thread-1] INFO  server.RaftServerConfigKeys (ConfUtils.java:logGet(46)) - raft.server.log.purge.upto.snapshot.index = false (default)
2022-10-08 01:40:03,221 [pool-1283-thread-1] INFO  server.RaftServerConfigKeys (ConfUtils.java:logGet(46)) - raft.server.retrycache.expirytime = 600000ms (custom)
2022-10-08 01:40:03,221 [pool-1283-thread-1] INFO  server.RaftServerConfigKeys (ConfUtils.java:logGet(46)) - raft.server.retrycache.statistics.expirytime = 100μs (default)
2022-10-08 01:40:03,223 [pool-1283-thread-1] INFO  server.RaftServerConfigKeys (ConfUtils.java:logGet(46)) - raft.server.log.appender.install.snapshot.enabled = false (custom)
2022-10-08 01:40:03,223 [pool-1283-thread-1] INFO  server.RaftServerConfigKeys (ConfUtils.java:logGet(46)) - raft.server.threadpool.server.cached = true (default)
2022-10-08 01:40:03,223 [pool-1283-thread-1] INFO  server.RaftServerConfigKeys (ConfUtils.java:logGet(46)) - raft.server.threadpool.server.size = 0 (default)
2022-10-08 01:40:03,223 [pool-1283-thread-1] INFO  server.RaftServerConfigKeys (ConfUtils.java:logGet(46)) - raft.server.threadpool.client.cached = true (default)
2022-10-08 01:40:03,223 [pool-1283-thread-1] INFO  server.RaftServerConfigKeys (ConfUtils.java:logGet(46)) - raft.server.threadpool.client.size = 0 (default)
2022-10-08 01:40:03,224 [pool-1283-thread-1] INFO  server.RaftServer$Division (RaftServerImpl.java:start(310)) - 291612d5-8a25-468b-b904-396bb29bc5a8@group-4350393D8822: start as a follower, conf=-1: [7394f723-5f6d-4e16-a6b6-d1556834f31b|rpc:10.1.0.61:35949|dataStream:|priority:1, 1b06eb26-cd88-4c30-b02a-c0b828ed8899|rpc:10.1.0.61:37511|dataStream:|priority:0, 291612d5-8a25-468b-b904-396bb29bc5a8|rpc:10.1.0.61:34923|dataStream:|priority:0], old=null
2022-10-08 01:40:03,225 [pool-1283-thread-1] INFO  server.RaftServer$Division (RaftServerImpl.java:setRole(299)) - 291612d5-8a25-468b-b904-396bb29bc5a8@group-4350393D8822: changes role from      null to FOLLOWER at term 0 for startAsFollower
2022-10-08 01:40:03,226 [pool-1283-thread-1] INFO  impl.RoleInfo (RoleInfo.java:updateAndGet(139)) - 291612d5-8a25-468b-b904-396bb29bc5a8: start 291612d5-8a25-468b-b904-396bb29bc5a8@group-4350393D8822-FollowerState
2022-10-08 01:40:03,292 [pool-1283-thread-1] INFO  util.JmxRegister (JmxRegister.java:tryRegister(44)) - Successfully registered JMX Bean with object name Ratis:service=RaftServer,group=group-4350393D8822,id=291612d5-8a25-468b-b904-396bb29bc5a8
2022-10-08 01:40:03,488 [grpc-default-executor-11] INFO  server.RaftServer (RaftServerProxy.java:addNew(96)) - 7394f723-5f6d-4e16-a6b6-d1556834f31b: addNew group-4350393D8822:[7394f723-5f6d-4e16-a6b6-d1556834f31b|rpc:10.1.0.61:35949|dataStream:|priority:1, 1b06eb26-cd88-4c30-b02a-c0b828ed8899|rpc:10.1.0.61:37511|dataStream:|priority:0, 291612d5-8a25-468b-b904-396bb29bc5a8|rpc:10.1.0.61:34923|dataStream:|priority:0] returns group-4350393D8822:java.util.concurrent.CompletableFuture@6510cfd2[Not completed]
2022-10-08 01:40:03,540 [pool-1333-thread-1] INFO  server.RaftServer$Division (RaftServerImpl.java:<init>(190)) - 7394f723-5f6d-4e16-a6b6-d1556834f31b: new RaftServerImpl for group-4350393D8822:[7394f723-5f6d-4e16-a6b6-d1556834f31b|rpc:10.1.0.61:35949|dataStream:|priority:1, 1b06eb26-cd88-4c30-b02a-c0b828ed8899|rpc:10.1.0.61:37511|dataStream:|priority:0, 291612d5-8a25-468b-b904-396bb29bc5a8|rpc:10.1.0.61:34923|dataStream:|priority:0] with ContainerStateMachine:uninitialized
2022-10-08 01:40:03,540 [pool-1333-thread-1] INFO  server.RaftServerConfigKeys (ConfUtils.java:logGet(46)) - raft.server.rpc.timeout.min = 5s (custom)
2022-10-08 01:40:03,540 [pool-1333-thread-1] INFO  server.RaftServerConfigKeys (ConfUtils.java:logGet(46)) - raft.server.rpc.timeout.max = 5200ms (custom)
2022-10-08 01:40:03,540 [pool-1333-thread-1] INFO  server.RaftServerConfigKeys (ConfUtils.java:logGet(46)) - raft.server.rpc.sleep.time = 25ms (default)
2022-10-08 01:40:03,540 [pool-1333-thread-1] INFO  server.RaftServerConfigKeys (ConfUtils.java:logGet(46)) - raft.server.rpc.slowness.timeout = 300s (custom)
2022-10-08 01:40:03,540 [pool-1333-thread-1] INFO  server.RaftServerConfigKeys (ConfUtils.java:logGet(46)) - raft.server.leaderelection.leader.step-down.wait-time = 10s (default)
2022-10-08 01:40:03,541 [pool-1333-thread-1] INFO  server.RaftServerConfigKeys (ConfUtils.java:logGet(46)) - raft.server.sleep.deviation.threshold = 300ms (default)
2022-10-08 01:40:03,541 [pool-1333-thread-1] INFO  server.RaftServer$Division (ServerState.java:<init>(107)) - 7394f723-5f6d-4e16-a6b6-d1556834f31b@group-4350393D8822: ConfigurationManager, init=-1: [7394f723-5f6d-4e16-a6b6-d1556834f31b|rpc:10.1.0.61:35949|dataStream:|priority:1, 1b06eb26-cd88-4c30-b02a-c0b828ed8899|rpc:10.1.0.61:37511|dataStream:|priority:0, 291612d5-8a25-468b-b904-396bb29bc5a8|rpc:10.1.0.61:34923|dataStream:|priority:0], old=null, confs=<EMPTY_MAP>
2022-10-08 01:40:03,541 [pool-1333-thread-1] INFO  server.RaftServerConfigKeys (ConfUtils.java:logGet(46)) - raft.server.storage.dir = [/home/runner/work/ozone/ozone/hadoop-ozone/integration-test/target/test-dir/MiniOzoneClusterImpl-f835b163-d90e-48f8-926f-823f898330c6/datanode-2/data/ratis] (custom)
2022-10-08 01:40:03,541 [pool-1333-thread-1] INFO  server.RaftServerConfigKeys (ConfUtils.java:logGet(46)) - raft.server.log.corruption.policy = EXCEPTION (default)
2022-10-08 01:40:03,541 [pool-1333-thread-1] INFO  server.RaftServerConfigKeys (ConfUtils.java:logGet(46)) - raft.server.storage.free-space.min = 0MB (=0) (default)
2022-10-08 01:40:03,541 [pool-1333-thread-1] INFO  storage.RaftStorageDirectory (RaftStorageDirectoryImpl.java:analyzeStorage(135)) - The storage directory /home/runner/work/ozone/ozone/hadoop-ozone/integration-test/target/test-dir/MiniOzoneClusterImpl-f835b163-d90e-48f8-926f-823f898330c6/datanode-2/data/ratis/ead37481-9ae8-46ae-8ba2-4350393d8822 does not exist. Creating ...
2022-10-08 01:40:03,548 [pool-1333-thread-1] INFO  storage.RaftStorageDirectory (RaftStorageDirectoryImpl.java:tryLock(230)) - Lock on /home/runner/work/ozone/ozone/hadoop-ozone/integration-test/target/test-dir/MiniOzoneClusterImpl-f835b163-d90e-48f8-926f-823f898330c6/datanode-2/data/ratis/ead37481-9ae8-46ae-8ba2-4350393d8822/in_use.lock acquired by nodename 52807@fv-az180-867
2022-10-08 01:40:03,585 [pool-1333-thread-1] INFO  storage.RaftStorage (RaftStorageImpl.java:format(89)) - Storage directory /home/runner/work/ozone/ozone/hadoop-ozone/integration-test/target/test-dir/MiniOzoneClusterImpl-f835b163-d90e-48f8-926f-823f898330c6/datanode-2/data/ratis/ead37481-9ae8-46ae-8ba2-4350393d8822 has been successfully formatted.
2022-10-08 01:40:03,585 [pool-1333-thread-1] INFO  ratis.ContainerStateMachine (ContainerStateMachine.java:loadSnapshot(236)) - group-4350393D8822: The snapshot info is null. Setting the last applied indexto:(t:0, i:~)
2022-10-08 01:40:03,585 [pool-1333-thread-1] INFO  server.RaftServerConfigKeys (ConfUtils.java:logGet(46)) - raft.server.notification.no-leader.timeout = 300s (custom)
2022-10-08 01:40:03,585 [pool-1333-thread-1] INFO  server.RaftServerConfigKeys (ConfUtils.java:logGet(46)) - raft.server.log.use.memory = false (default)
2022-10-08 01:40:03,585 [pool-1333-thread-1] INFO  server.RaftServerConfigKeys (ConfUtils.java:logGet(46)) - raft.server.log.purge.gap = 1000000 (custom)
2022-10-08 01:40:03,585 [pool-1333-thread-1] INFO  server.RaftServerConfigKeys (ConfUtils.java:logGet(46)) - raft.server.log.appender.buffer.byte-limit = 33554432 (custom)
2022-10-08 01:40:03,585 [pool-1333-thread-1] INFO  server.RaftServerConfigKeys (ConfUtils.java:logGet(46)) - raft.server.log.statemachine.data.read.timeout = 1000ms (default)
2022-10-08 01:40:03,585 [pool-1333-thread-1] INFO  server.RaftServerConfigKeys (ConfUtils.java:logGet(46)) - raft.server.log.segment.size.max = 1048576 (custom)
2022-10-08 01:40:03,586 [pool-1333-thread-1] INFO  server.RaftServerConfigKeys (ConfUtils.java:logGet(46)) - raft.server.log.segment.cache.num.max = 2 (custom)
2022-10-08 01:40:03,586 [pool-1333-thread-1] INFO  server.RaftServerConfigKeys (ConfUtils.java:logGet(46)) - raft.server.log.segment.cache.size.max = 200MB (=209715200) (default)
2022-10-08 01:40:03,586 [pool-1333-thread-1] INFO  segmented.SegmentedRaftLogWorker (SegmentedRaftLogWorker.java:<init>(187)) - new 7394f723-5f6d-4e16-a6b6-d1556834f31b@group-4350393D8822-SegmentedRaftLogWorker for RaftStorageImpl:Storage Directory /home/runner/work/ozone/ozone/hadoop-ozone/integration-test/target/test-dir/MiniOzoneClusterImpl-f835b163-d90e-48f8-926f-823f898330c6/datanode-2/data/ratis/ead37481-9ae8-46ae-8ba2-4350393d8822
2022-10-08 01:40:03,586 [pool-1333-thread-1] INFO  server.RaftServerConfigKeys (ConfUtils.java:logGet(46)) - raft.server.log.queue.byte-limit = 4294967296 (custom)
2022-10-08 01:40:03,586 [pool-1333-thread-1] INFO  server.RaftServerConfigKeys (ConfUtils.java:logGet(46)) - raft.server.log.queue.element-limit = 1024 (custom)
2022-10-08 01:40:03,586 [pool-1333-thread-1] INFO  server.RaftServerConfigKeys (ConfUtils.java:logGet(46)) - raft.server.log.segment.size.max = 1048576 (custom)
2022-10-08 01:40:03,586 [pool-1333-thread-1] INFO  server.RaftServerConfigKeys (ConfUtils.java:logGet(46)) - raft.server.log.preallocated.size = 16384 (custom)
2022-10-08 01:40:03,586 [pool-1333-thread-1] INFO  server.RaftServerConfigKeys (ConfUtils.java:logGet(46)) - raft.server.log.force.sync.num = 128 (default)
2022-10-08 01:40:03,586 [pool-1333-thread-1] INFO  server.RaftServerConfigKeys (ConfUtils.java:logGet(46)) - raft.server.log.statemachine.data.sync = true (default)
2022-10-08 01:40:03,586 [pool-1333-thread-1] INFO  server.RaftServerConfigKeys (ConfUtils.java:logGet(46)) - raft.server.log.statemachine.data.sync.timeout = 10s (default)
2022-10-08 01:40:03,586 [pool-1333-thread-1] INFO  server.RaftServerConfigKeys (ConfUtils.java:logGet(46)) - raft.server.log.statemachine.data.sync.timeout.retry = -1 (default)
2022-10-08 01:40:03,628 [pool-1333-thread-1] INFO  server.RaftServerConfigKeys (ConfUtils.java:logGet(46)) - raft.server.log.write.buffer.size = 1048576 (custom)
2022-10-08 01:40:03,628 [pool-1333-thread-1] INFO  server.RaftServerConfigKeys (ConfUtils.java:logGet(46)) - raft.server.log.unsafe-flush.enabled = false (default)
2022-10-08 01:40:03,628 [pool-1333-thread-1] INFO  server.RaftServerConfigKeys (ConfUtils.java:logGet(46)) - raft.server.log.statemachine.data.caching.enabled = true (custom)
2022-10-08 01:40:03,628 [pool-1333-thread-1] INFO  segmented.SegmentedRaftLogWorker (SegmentedRaftLogWorker.java:lambda$new$0(135)) - 7394f723-5f6d-4e16-a6b6-d1556834f31b@group-4350393D8822-SegmentedRaftLogWorker: flushIndex: setUnconditionally 0 -> -1
2022-10-08 01:40:03,629 [pool-1333-thread-1] INFO  segmented.SegmentedRaftLogWorker (SegmentedRaftLogWorker.java:lambda$new$0(135)) - 7394f723-5f6d-4e16-a6b6-d1556834f31b@group-4350393D8822-SegmentedRaftLogWorker: safeCacheEvictIndex: setUnconditionally 0 -> -1
2022-10-08 01:40:03,668 [pool-1333-thread-1] INFO  server.RaftServerConfigKeys (ConfUtils.java:logGet(46)) - raft.server.snapshot.auto.trigger.enabled = true (custom)
2022-10-08 01:40:03,668 [pool-1333-thread-1] INFO  server.RaftServerConfigKeys (ConfUtils.java:logGet(46)) - raft.server.snapshot.auto.trigger.threshold = 10000 (custom)
2022-10-08 01:40:03,668 [pool-1333-thread-1] INFO  server.RaftServerConfigKeys (ConfUtils.java:logGet(46)) - raft.server.snapshot.retention.file.num = 5 (custom)
2022-10-08 01:40:03,668 [pool-1333-thread-1] INFO  server.RaftServerConfigKeys (ConfUtils.java:logGet(46)) - raft.server.log.purge.upto.snapshot.index = false (default)
2022-10-08 01:40:03,668 [pool-1333-thread-1] INFO  server.RaftServerConfigKeys (ConfUtils.java:logGet(46)) - raft.server.retrycache.expirytime = 600000ms (custom)
2022-10-08 01:40:03,668 [pool-1333-thread-1] INFO  server.RaftServerConfigKeys (ConfUtils.java:logGet(46)) - raft.server.retrycache.statistics.expirytime = 100μs (default)
2022-10-08 01:40:03,670 [pool-1333-thread-1] INFO  server.RaftServerConfigKeys (ConfUtils.java:logGet(46)) - raft.server.log.appender.install.snapshot.enabled = false (custom)
2022-10-08 01:40:03,670 [pool-1333-thread-1] INFO  server.RaftServerConfigKeys (ConfUtils.java:logGet(46)) - raft.server.threadpool.server.cached = true (default)
2022-10-08 01:40:03,670 [pool-1333-thread-1] INFO  server.RaftServerConfigKeys (ConfUtils.java:logGet(46)) - raft.server.threadpool.server.size = 0 (default)
2022-10-08 01:40:03,670 [pool-1333-thread-1] INFO  server.RaftServerConfigKeys (ConfUtils.java:logGet(46)) - raft.server.threadpool.client.cached = true (default)
2022-10-08 01:40:03,670 [pool-1333-thread-1] INFO  server.RaftServerConfigKeys (ConfUtils.java:logGet(46)) - raft.server.threadpool.client.size = 0 (default)
2022-10-08 01:40:03,670 [pool-1333-thread-1] INFO  server.RaftServer$Division (RaftServerImpl.java:start(310)) - 7394f723-5f6d-4e16-a6b6-d1556834f31b@group-4350393D8822: start as a follower, conf=-1: [7394f723-5f6d-4e16-a6b6-d1556834f31b|rpc:10.1.0.61:35949|dataStream:|priority:1, 1b06eb26-cd88-4c30-b02a-c0b828ed8899|rpc:10.1.0.61:37511|dataStream:|priority:0, 291612d5-8a25-468b-b904-396bb29bc5a8|rpc:10.1.0.61:34923|dataStream:|priority:0], old=null
2022-10-08 01:40:03,670 [pool-1333-thread-1] INFO  server.RaftServer$Division (RaftServerImpl.java:setRole(299)) - 7394f723-5f6d-4e16-a6b6-d1556834f31b@group-4350393D8822: changes role from      null to FOLLOWER at term 0 for startAsFollower
2022-10-08 01:40:03,670 [pool-1333-thread-1] INFO  impl.RoleInfo (RoleInfo.java:updateAndGet(139)) - 7394f723-5f6d-4e16-a6b6-d1556834f31b: start 7394f723-5f6d-4e16-a6b6-d1556834f31b@group-4350393D8822-FollowerState
2022-10-08 01:40:03,671 [pool-1333-thread-1] INFO  util.JmxRegister (JmxRegister.java:tryRegister(44)) - Successfully registered JMX Bean with object name Ratis:service=RaftServer,group=group-4350393D8822,id=7394f723-5f6d-4e16-a6b6-d1556834f31b
2022-10-08 01:40:03,701 [Command processor thread] INFO  commandhandler.CreatePipelineCommandHandler (CreatePipelineCommandHandler.java:handle(113)) - Created Pipeline RATIS THREE PipelineID=ead37481-9ae8-46ae-8ba2-4350393d8822.
2022-10-08 01:40:03,749 [ReplicationMonitor] INFO  replication.ReplicationManager (ReplicationManager.java:processAll(291)) - Replication Manager is not ready to run until 3000ms after safemode exit
2022-10-08 01:40:03,797 [Listener at 127.0.0.1/34011] INFO  handler.ContextHandler (ContextHandler.java:doStart(915)) - Started o.e.j.w.WebAppContext@7e90f7b0{hddsDatanode,/,file:///tmp/jetty-0_0_0_0-41201-hdds-container-service-1_3_0-SNAPSHOT_jar-_-any-9021593058272331310/webapp/,AVAILABLE}{jar:file:/home/runner/.m2/repository/org/apache/ozone/hdds-container-service/1.3.0-SNAPSHOT/hdds-container-service-1.3.0-SNAPSHOT.jar!/webapps/hddsDatanode}
2022-10-08 01:40:03,803 [Listener at 127.0.0.1/34011] INFO  server.AbstractConnector (AbstractConnector.java:doStart(331)) - Started ServerConnector@5b1d8d0a{HTTP/1.1, (http/1.1)}{0.0.0.0:41201}
2022-10-08 01:40:03,803 [Listener at 127.0.0.1/34011] INFO  server.Server (Server.java:doStart(415)) - Started @530075ms
2022-10-08 01:40:03,803 [Listener at 127.0.0.1/34011] WARN  impl.MetricsSystemImpl (MetricsSystemImpl.java:register(279)) - Sink prometheus already exists!
2022-10-08 01:40:03,804 [Listener at 127.0.0.1/34011] INFO  http.BaseHttpServer (BaseHttpServer.java:updateConnectorAddress(333)) - HTTP server of hddsDatanode listening at http://0.0.0.0:41201
2022-10-08 01:40:03,808 [Listener at 127.0.0.1/34011] INFO  ozone.MiniOzoneClusterImpl (MiniOzoneClusterImpl.java:lambda$waitForClusterToBeReady$0(216)) - Waiting for nodes to be ready. Got 3 of 5 DN Heartbeats.
2022-10-08 01:40:03,808 [Listener at 127.0.0.1/34011] INFO  ozone.MiniOzoneClusterImpl (MiniOzoneClusterImpl.java:lambda$waitForClusterToBeReady$0(219)) - Waiting for cluster to exit safe mode
2022-10-08 01:40:03,808 [Listener at 127.0.0.1/34011] INFO  ozone.MiniOzoneClusterImpl (MiniOzoneClusterImpl.java:lambda$waitForClusterToBeReady$0(221)) - SCM became leader
2022-10-08 01:40:03,820 [Datanode State Machine Daemon Thread] INFO  statemachine.DatanodeStateMachine (DatanodeStateMachine.java:lambda$startDaemon$0(492)) - Ozone container server started.
2022-10-08 01:40:03,872 [org.apache.hadoop.util.JvmPauseMonitor$Monitor@7d1d254f] INFO  util.JvmPauseMonitor (JvmPauseMonitor.java:run(188)) - Starting JVM pause monitor
2022-10-08 01:40:03,925 [Datanode State Machine Task Thread - 0] INFO  datanode.InitDatanodeState (InitDatanodeState.java:persistContainerDatanodeDetails(138)) - DatanodeDetails is persisted to /home/runner/work/ozone/ozone/hadoop-ozone/integration-test/target/test-dir/MiniOzoneClusterImpl-f835b163-d90e-48f8-926f-823f898330c6/datanode-4/meta/datanode.id
2022-10-08 01:40:03,975 [EndpointStateMachine task thread for /0.0.0.0:40221 - 0 ] INFO  volume.HddsVolume (HddsVolume.java:createDbStore(307)) - SchemaV3 db is created and loaded at /home/runner/work/ozone/ozone/hadoop-ozone/integration-test/target/test-dir/MiniOzoneClusterImpl-f835b163-d90e-48f8-926f-823f898330c6/datanode-3/data-0/containers/hdds/f835b163-d90e-48f8-926f-823f898330c6/DS-c9a2397d-97e1-4f7e-a394-1e9e49903c53/container.db for volume DS-c9a2397d-97e1-4f7e-a394-1e9e49903c53
2022-10-08 01:40:03,976 [EndpointStateMachine task thread for /0.0.0.0:40221 - 0 ] INFO  volume.HddsVolume (HddsVolume.java:closeDbStore(338)) - SchemaV3 db is stopped at /home/runner/work/ozone/ozone/hadoop-ozone/integration-test/target/test-dir/MiniOzoneClusterImpl-f835b163-d90e-48f8-926f-823f898330c6/datanode-3/data-0/containers/hdds/f835b163-d90e-48f8-926f-823f898330c6/DS-c9a2397d-97e1-4f7e-a394-1e9e49903c53/container.db for volume DS-c9a2397d-97e1-4f7e-a394-1e9e49903c53
2022-10-08 01:40:03,976 [EndpointStateMachine task thread for /0.0.0.0:40221 - 0 ] INFO  ozoneimpl.OzoneContainer (OzoneContainer.java:start(378)) - Attempting to start container services.
2022-10-08 01:40:03,976 [EndpointStateMachine task thread for /0.0.0.0:40221 - 0 ] INFO  ozoneimpl.OzoneContainer (OzoneContainer.java:startContainerScrub(313)) - Background container scanner has been disabled.
2022-10-08 01:40:03,982 [EndpointStateMachine task thread for /0.0.0.0:40221 - 0 ] INFO  replication.ReplicationServer (ReplicationServer.java:start(111)) - ReplicationServer is started using port 45523
2022-10-08 01:40:03,982 [EndpointStateMachine task thread for /0.0.0.0:40221 - 0 ] INFO  ratis.XceiverServerRatis (XceiverServerRatis.java:start(481)) - Starting XceiverServerRatis 003a9f69-5a4b-437f-80c3-29db2a6995f2
2022-10-08 01:40:03,983 [EndpointStateMachine task thread for /0.0.0.0:40221 - 0 ] INFO  server.RaftServer (RaftServerProxy.java:lambda$start$6(382)) - 003a9f69-5a4b-437f-80c3-29db2a6995f2: start RPC server
2022-10-08 01:40:03,988 [EndpointStateMachine task thread for /0.0.0.0:40221 - 0 ] INFO  server.GrpcService (GrpcService.java:startImpl(260)) - 003a9f69-5a4b-437f-80c3-29db2a6995f2: GrpcService started, listening on 46873
2022-10-08 01:40:03,992 [EndpointStateMachine task thread for /0.0.0.0:40221 - 0 ] INFO  ratis.XceiverServerRatis (XceiverServerRatis.java:getRealPort(502)) - XceiverServerRatis 003a9f69-5a4b-437f-80c3-29db2a6995f2 is started using port 46873 for RATIS
2022-10-08 01:40:03,992 [EndpointStateMachine task thread for /0.0.0.0:40221 - 0 ] INFO  ratis.XceiverServerRatis (XceiverServerRatis.java:getRealPort(502)) - XceiverServerRatis 003a9f69-5a4b-437f-80c3-29db2a6995f2 is started using port 46873 for RATIS_ADMIN
2022-10-08 01:40:03,992 [EndpointStateMachine task thread for /0.0.0.0:40221 - 0 ] INFO  ratis.XceiverServerRatis (XceiverServerRatis.java:getRealPort(502)) - XceiverServerRatis 003a9f69-5a4b-437f-80c3-29db2a6995f2 is started using port 46873 for RATIS_SERVER
2022-10-08 01:40:03,992 [org.apache.ratis.util.JvmPauseMonitor$$Lambda$636/846962177@6fab5222] INFO  util.JvmPauseMonitor (JvmPauseMonitor.java:run(103)) - JvmPauseMonitor-003a9f69-5a4b-437f-80c3-29db2a6995f2: Started
2022-10-08 01:40:04,036 [EndpointStateMachine task thread for /0.0.0.0:40221 - 0 ] INFO  server.XceiverServerGrpc (XceiverServerGrpc.java:start(180)) - XceiverServerGrpc 003a9f69-5a4b-437f-80c3-29db2a6995f2 is started using port 46875
2022-10-08 01:40:04,749 [ReplicationMonitor] INFO  replication.ReplicationManager (ReplicationManager.java:processAll(291)) - Replication Manager is not ready to run until 3000ms after safemode exit
2022-10-08 01:40:04,808 [Listener at 127.0.0.1/34011] INFO  ozone.MiniOzoneClusterImpl (MiniOzoneClusterImpl.java:lambda$waitForClusterToBeReady$0(216)) - Waiting for nodes to be ready. Got 3 of 5 DN Heartbeats.
2022-10-08 01:40:04,808 [Listener at 127.0.0.1/34011] INFO  ozone.MiniOzoneClusterImpl (MiniOzoneClusterImpl.java:lambda$waitForClusterToBeReady$0(219)) - Waiting for cluster to exit safe mode
2022-10-08 01:40:04,808 [Listener at 127.0.0.1/34011] INFO  ozone.MiniOzoneClusterImpl (MiniOzoneClusterImpl.java:lambda$waitForClusterToBeReady$0(221)) - SCM became leader
2022-10-08 01:40:05,170 [Command processor thread] INFO  server.RaftServer (RaftServerProxy.java:addNew(96)) - 7394f723-5f6d-4e16-a6b6-d1556834f31b: addNew group-CC0144AB6A51:[7394f723-5f6d-4e16-a6b6-d1556834f31b|rpc:10.1.0.61:35949|priority:1] returns group-CC0144AB6A51:java.util.concurrent.CompletableFuture@6d02969d[Not completed]
2022-10-08 01:40:05,170 [pool-1333-thread-1] INFO  server.RaftServer$Division (RaftServerImpl.java:<init>(190)) - 7394f723-5f6d-4e16-a6b6-d1556834f31b: new RaftServerImpl for group-CC0144AB6A51:[7394f723-5f6d-4e16-a6b6-d1556834f31b|rpc:10.1.0.61:35949|priority:1] with ContainerStateMachine:uninitialized
2022-10-08 01:40:05,171 [pool-1333-thread-1] INFO  server.RaftServerConfigKeys (ConfUtils.java:logGet(46)) - raft.server.rpc.timeout.min = 5s (custom)
2022-10-08 01:40:05,171 [pool-1333-thread-1] INFO  server.RaftServerConfigKeys (ConfUtils.java:logGet(46)) - raft.server.rpc.timeout.max = 5200ms (custom)
2022-10-08 01:40:05,171 [pool-1333-thread-1] INFO  server.RaftServerConfigKeys (ConfUtils.java:logGet(46)) - raft.server.rpc.sleep.time = 25ms (default)
2022-10-08 01:40:05,171 [pool-1333-thread-1] INFO  server.RaftServerConfigKeys (ConfUtils.java:logGet(46)) - raft.server.rpc.slowness.timeout = 300s (custom)
2022-10-08 01:40:05,171 [pool-1333-thread-1] INFO  server.RaftServerConfigKeys (ConfUtils.java:logGet(46)) - raft.server.leaderelection.leader.step-down.wait-time = 10s (default)
2022-10-08 01:40:05,171 [pool-1333-thread-1] INFO  server.RaftServerConfigKeys (ConfUtils.java:logGet(46)) - raft.server.sleep.deviation.threshold = 300ms (default)
2022-10-08 01:40:05,171 [pool-1333-thread-1] INFO  server.RaftServer$Division (ServerState.java:<init>(107)) - 7394f723-5f6d-4e16-a6b6-d1556834f31b@group-CC0144AB6A51: ConfigurationManager, init=-1: [7394f723-5f6d-4e16-a6b6-d1556834f31b|rpc:10.1.0.61:35949|priority:1], old=null, confs=<EMPTY_MAP>
2022-10-08 01:40:05,171 [pool-1333-thread-1] INFO  server.RaftServerConfigKeys (ConfUtils.java:logGet(46)) - raft.server.storage.dir = [/home/runner/work/ozone/ozone/hadoop-ozone/integration-test/target/test-dir/MiniOzoneClusterImpl-f835b163-d90e-48f8-926f-823f898330c6/datanode-2/data/ratis] (custom)
2022-10-08 01:40:05,171 [pool-1333-thread-1] INFO  server.RaftServerConfigKeys (ConfUtils.java:logGet(46)) - raft.server.log.corruption.policy = EXCEPTION (default)
2022-10-08 01:40:05,171 [pool-1333-thread-1] INFO  server.RaftServerConfigKeys (ConfUtils.java:logGet(46)) - raft.server.storage.free-space.min = 0MB (=0) (default)
2022-10-08 01:40:05,171 [pool-1333-thread-1] INFO  storage.RaftStorageDirectory (RaftStorageDirectoryImpl.java:analyzeStorage(135)) - The storage directory /home/runner/work/ozone/ozone/hadoop-ozone/integration-test/target/test-dir/MiniOzoneClusterImpl-f835b163-d90e-48f8-926f-823f898330c6/datanode-2/data/ratis/77e00fde-82df-4ed6-9a82-cc0144ab6a51 does not exist. Creating ...
2022-10-08 01:40:05,187 [pool-1333-thread-1] INFO  storage.RaftStorageDirectory (RaftStorageDirectoryImpl.java:tryLock(230)) - Lock on /home/runner/work/ozone/ozone/hadoop-ozone/integration-test/target/test-dir/MiniOzoneClusterImpl-f835b163-d90e-48f8-926f-823f898330c6/datanode-2/data/ratis/77e00fde-82df-4ed6-9a82-cc0144ab6a51/in_use.lock acquired by nodename 52807@fv-az180-867
2022-10-08 01:40:05,196 [pool-1333-thread-1] INFO  storage.RaftStorage (RaftStorageImpl.java:format(89)) - Storage directory /home/runner/work/ozone/ozone/hadoop-ozone/integration-test/target/test-dir/MiniOzoneClusterImpl-f835b163-d90e-48f8-926f-823f898330c6/datanode-2/data/ratis/77e00fde-82df-4ed6-9a82-cc0144ab6a51 has been successfully formatted.
2022-10-08 01:40:05,196 [pool-1333-thread-1] INFO  ratis.ContainerStateMachine (ContainerStateMachine.java:loadSnapshot(236)) - group-CC0144AB6A51: The snapshot info is null. Setting the last applied indexto:(t:0, i:~)
2022-10-08 01:40:05,196 [pool-1333-thread-1] INFO  server.RaftServerConfigKeys (ConfUtils.java:logGet(46)) - raft.server.notification.no-leader.timeout = 300s (custom)
2022-10-08 01:40:05,196 [pool-1333-thread-1] INFO  server.RaftServerConfigKeys (ConfUtils.java:logGet(46)) - raft.server.log.use.memory = false (default)
2022-10-08 01:40:05,196 [pool-1333-thread-1] INFO  server.RaftServerConfigKeys (ConfUtils.java:logGet(46)) - raft.server.log.purge.gap = 1000000 (custom)
2022-10-08 01:40:05,196 [pool-1333-thread-1] INFO  server.RaftServerConfigKeys (ConfUtils.java:logGet(46)) - raft.server.log.appender.buffer.byte-limit = 33554432 (custom)
2022-10-08 01:40:05,196 [pool-1333-thread-1] INFO  server.RaftServerConfigKeys (ConfUtils.java:logGet(46)) - raft.server.log.statemachine.data.read.timeout = 1000ms (default)
2022-10-08 01:40:05,197 [pool-1333-thread-1] INFO  server.RaftServerConfigKeys (ConfUtils.java:logGet(46)) - raft.server.log.segment.size.max = 1048576 (custom)
2022-10-08 01:40:05,197 [pool-1333-thread-1] INFO  server.RaftServerConfigKeys (ConfUtils.java:logGet(46)) - raft.server.log.segment.cache.num.max = 2 (custom)
2022-10-08 01:40:05,197 [pool-1333-thread-1] INFO  server.RaftServerConfigKeys (ConfUtils.java:logGet(46)) - raft.server.log.segment.cache.size.max = 200MB (=209715200) (default)
2022-10-08 01:40:05,197 [pool-1333-thread-1] INFO  segmented.SegmentedRaftLogWorker (SegmentedRaftLogWorker.java:<init>(187)) - new 7394f723-5f6d-4e16-a6b6-d1556834f31b@group-CC0144AB6A51-SegmentedRaftLogWorker for RaftStorageImpl:Storage Directory /home/runner/work/ozone/ozone/hadoop-ozone/integration-test/target/test-dir/MiniOzoneClusterImpl-f835b163-d90e-48f8-926f-823f898330c6/datanode-2/data/ratis/77e00fde-82df-4ed6-9a82-cc0144ab6a51
2022-10-08 01:40:05,197 [pool-1333-thread-1] INFO  server.RaftServerConfigKeys (ConfUtils.java:logGet(46)) - raft.server.log.queue.byte-limit = 4294967296 (custom)
2022-10-08 01:40:05,197 [pool-1333-thread-1] INFO  server.RaftServerConfigKeys (ConfUtils.java:logGet(46)) - raft.server.log.queue.element-limit = 1024 (custom)
2022-10-08 01:40:05,198 [pool-1333-thread-1] INFO  server.RaftServerConfigKeys (ConfUtils.java:logGet(46)) - raft.server.log.segment.size.max = 1048576 (custom)
2022-10-08 01:40:05,198 [pool-1333-thread-1] INFO  server.RaftServerConfigKeys (ConfUtils.java:logGet(46)) - raft.server.log.preallocated.size = 16384 (custom)
2022-10-08 01:40:05,198 [pool-1333-thread-1] INFO  server.RaftServerConfigKeys (ConfUtils.java:logGet(46)) - raft.server.log.force.sync.num = 128 (default)
2022-10-08 01:40:05,198 [pool-1333-thread-1] INFO  server.RaftServerConfigKeys (ConfUtils.java:logGet(46)) - raft.server.log.statemachine.data.sync = true (default)
2022-10-08 01:40:05,198 [pool-1333-thread-1] INFO  server.RaftServerConfigKeys (ConfUtils.java:logGet(46)) - raft.server.log.statemachine.data.sync.timeout = 10s (default)
2022-10-08 01:40:05,198 [pool-1333-thread-1] INFO  server.RaftServerConfigKeys (ConfUtils.java:logGet(46)) - raft.server.log.statemachine.data.sync.timeout.retry = -1 (default)
2022-10-08 01:40:05,199 [EventQueue-PipelineReportForPipelineReportHandler] INFO  pipeline.PipelineManagerImpl (PipelineManagerImpl.java:openPipeline(367)) - Pipeline Pipeline[ Id: 77e00fde-82df-4ed6-9a82-cc0144ab6a51, Nodes: 7394f723-5f6d-4e16-a6b6-d1556834f31b{ip: 10.1.0.61, host: fv-az180-867.g3pwtgv4ffyuhaixmbmm0kyh3d.gx.internal.cloudapp.net, ports: [REPLICATION=33813, RATIS=35949, RATIS_ADMIN=35949, RATIS_SERVER=35949, STANDALONE=41117], networkLocation: /default-rack, certSerialId: null, persistedOpState: IN_SERVICE, persistedOpStateExpiryEpochSec: 0}, ReplicationConfig: RATIS/ONE, State:ALLOCATED, leaderId:7394f723-5f6d-4e16-a6b6-d1556834f31b, CreationTimestamp2022-10-08T01:40:02.265Z[Etc/UTC]] moved to OPEN state
2022-10-08 01:40:05,199 [EventQueue-OpenPipelineForHealthyPipelineSafeModeRule] INFO  safemode.SCMSafeModeManager (HealthyPipelineSafeModeRule.java:process(137)) - SCM in safe mode. Healthy pipelines reported count is 0, required healthy pipeline reported count is 1
2022-10-08 01:40:05,200 [pool-1333-thread-1] INFO  server.RaftServerConfigKeys (ConfUtils.java:logGet(46)) - raft.server.log.write.buffer.size = 1048576 (custom)
2022-10-08 01:40:05,200 [pool-1333-thread-1] INFO  server.RaftServerConfigKeys (ConfUtils.java:logGet(46)) - raft.server.log.unsafe-flush.enabled = false (default)
2022-10-08 01:40:05,201 [pool-1333-thread-1] INFO  server.RaftServerConfigKeys (ConfUtils.java:logGet(46)) - raft.server.log.statemachine.data.caching.enabled = true (custom)
2022-10-08 01:40:05,201 [pool-1333-thread-1] INFO  segmented.SegmentedRaftLogWorker (SegmentedRaftLogWorker.java:lambda$new$0(135)) - 7394f723-5f6d-4e16-a6b6-d1556834f31b@group-CC0144AB6A51-SegmentedRaftLogWorker: flushIndex: setUnconditionally 0 -> -1
2022-10-08 01:40:05,201 [pool-1333-thread-1] INFO  segmented.SegmentedRaftLogWorker (SegmentedRaftLogWorker.java:lambda$new$0(135)) - 7394f723-5f6d-4e16-a6b6-d1556834f31b@group-CC0144AB6A51-SegmentedRaftLogWorker: safeCacheEvictIndex: setUnconditionally 0 -> -1
2022-10-08 01:40:05,207 [pool-1333-thread-1] INFO  server.RaftServerConfigKeys (ConfUtils.java:logGet(46)) - raft.server.snapshot.auto.trigger.enabled = true (custom)
2022-10-08 01:40:05,207 [pool-1333-thread-1] INFO  server.RaftServerConfigKeys (ConfUtils.java:logGet(46)) - raft.server.snapshot.auto.trigger.threshold = 10000 (custom)
2022-10-08 01:40:05,207 [pool-1333-thread-1] INFO  server.RaftServerConfigKeys (ConfUtils.java:logGet(46)) - raft.server.snapshot.retention.file.num = 5 (custom)
2022-10-08 01:40:05,207 [pool-1333-thread-1] INFO  server.RaftServerConfigKeys (ConfUtils.java:logGet(46)) - raft.server.log.purge.upto.snapshot.index = false (default)
2022-10-08 01:40:05,207 [pool-1333-thread-1] INFO  server.RaftServerConfigKeys (ConfUtils.java:logGet(46)) - raft.server.retrycache.expirytime = 600000ms (custom)
2022-10-08 01:40:05,207 [pool-1333-thread-1] INFO  server.RaftServerConfigKeys (ConfUtils.java:logGet(46)) - raft.server.retrycache.statistics.expirytime = 100μs (default)
2022-10-08 01:40:05,209 [pool-1333-thread-1] INFO  server.RaftServerConfigKeys (ConfUtils.java:logGet(46)) - raft.server.log.appender.install.snapshot.enabled = false (custom)
2022-10-08 01:40:05,209 [pool-1333-thread-1] INFO  server.RaftServerConfigKeys (ConfUtils.java:logGet(46)) - raft.server.threadpool.server.cached = true (default)
2022-10-08 01:40:05,209 [pool-1333-thread-1] INFO  server.RaftServerConfigKeys (ConfUtils.java:logGet(46)) - raft.server.threadpool.server.size = 0 (default)
2022-10-08 01:40:05,209 [pool-1333-thread-1] INFO  server.RaftServerConfigKeys (ConfUtils.java:logGet(46)) - raft.server.threadpool.client.cached = true (default)
2022-10-08 01:40:05,209 [pool-1333-thread-1] INFO  server.RaftServerConfigKeys (ConfUtils.java:logGet(46)) - raft.server.threadpool.client.size = 0 (default)
2022-10-08 01:40:05,209 [pool-1333-thread-1] INFO  server.RaftServer$Division (RaftServerImpl.java:start(310)) - 7394f723-5f6d-4e16-a6b6-d1556834f31b@group-CC0144AB6A51: start as a follower, conf=-1: [7394f723-5f6d-4e16-a6b6-d1556834f31b|rpc:10.1.0.61:35949|priority:1], old=null
2022-10-08 01:40:05,209 [pool-1333-thread-1] INFO  server.RaftServer$Division (RaftServerImpl.java:setRole(299)) - 7394f723-5f6d-4e16-a6b6-d1556834f31b@group-CC0144AB6A51: changes role from      null to FOLLOWER at term 0 for startAsFollower
2022-10-08 01:40:05,209 [pool-1333-thread-1] INFO  impl.RoleInfo (RoleInfo.java:updateAndGet(139)) - 7394f723-5f6d-4e16-a6b6-d1556834f31b: start 7394f723-5f6d-4e16-a6b6-d1556834f31b@group-CC0144AB6A51-FollowerState
2022-10-08 01:40:05,209 [pool-1333-thread-1] INFO  util.JmxRegister (JmxRegister.java:tryRegister(44)) - Successfully registered JMX Bean with object name Ratis:service=RaftServer,group=group-CC0144AB6A51,id=7394f723-5f6d-4e16-a6b6-d1556834f31b
2022-10-08 01:40:05,210 [Command processor thread] INFO  ratis.XceiverServerRatis (XceiverServerRatis.java:addGroup(765)) - Created group PipelineID=77e00fde-82df-4ed6-9a82-cc0144ab6a51
2022-10-08 01:40:05,210 [Command processor thread] INFO  commandhandler.CreatePipelineCommandHandler (CreatePipelineCommandHandler.java:handle(113)) - Created Pipeline RATIS ONE PipelineID=77e00fde-82df-4ed6-9a82-cc0144ab6a51.
2022-10-08 01:40:05,618 [IPC Server handler 15 on default port 40221] INFO  net.NetworkTopologyImpl (NetworkTopologyImpl.java:add(112)) - Added a new node: /default-rack/003a9f69-5a4b-437f-80c3-29db2a6995f2
2022-10-08 01:40:05,618 [IPC Server handler 15 on default port 40221] INFO  node.SCMNodeManager (SCMNodeManager.java:register(397)) - Registered Data node : 003a9f69-5a4b-437f-80c3-29db2a6995f2{ip: 10.1.0.61, host: fv-az180-867.g3pwtgv4ffyuhaixmbmm0kyh3d.gx.internal.cloudapp.net, ports: [REPLICATION=45523, RATIS=46873, RATIS_ADMIN=46873, RATIS_SERVER=46873, STANDALONE=46875], networkLocation: /default-rack, certSerialId: null, persistedOpState: null, persistedOpStateExpiryEpochSec: 0}
2022-10-08 01:40:05,619 [EventQueue-NewNodeForNewNodeHandler] INFO  pipeline.BackgroundPipelineCreator (BackgroundPipelineCreator.java:notifyEventTriggered(276)) - trigger a one-shot run on RatisPipelineUtilsThread.
2022-10-08 01:40:05,619 [RatisPipelineUtilsThread - 0] INFO  pipeline.RatisPipelineProvider (RatisPipelineProvider.java:lambda$create$0(195)) - Sending CreatePipelineCommand for pipeline:PipelineID=7baa4ba5-cfaa-40fa-b109-9a4dfa992521 to datanode:003a9f69-5a4b-437f-80c3-29db2a6995f2
2022-10-08 01:40:05,621 [RatisPipelineUtilsThread - 0] INFO  pipeline.PipelineStateManagerImpl (PipelineStateManagerImpl.java:addPipeline(103)) - Created pipeline Pipeline[ Id: 7baa4ba5-cfaa-40fa-b109-9a4dfa992521, Nodes: 003a9f69-5a4b-437f-80c3-29db2a6995f2{ip: 10.1.0.61, host: fv-az180-867.g3pwtgv4ffyuhaixmbmm0kyh3d.gx.internal.cloudapp.net, ports: [REPLICATION=45523, RATIS=46873, RATIS_ADMIN=46873, RATIS_SERVER=46873, STANDALONE=46875], networkLocation: /default-rack, certSerialId: null, persistedOpState: IN_SERVICE, persistedOpStateExpiryEpochSec: 0}, ReplicationConfig: RATIS/ONE, State:ALLOCATED, leaderId:, CreationTimestamp2022-10-08T01:40:05.619Z[Etc/UTC]].
2022-10-08 01:40:05,749 [ReplicationMonitor] INFO  replication.ReplicationManager (ReplicationManager.java:processAll(291)) - Replication Manager is not ready to run until 3000ms after safemode exit
2022-10-08 01:40:05,810 [Listener at 127.0.0.1/34011] INFO  ozone.MiniOzoneClusterImpl (MiniOzoneClusterImpl.java:lambda$waitForClusterToBeReady$0(216)) - Waiting for nodes to be ready. Got 4 of 5 DN Heartbeats.
2022-10-08 01:40:05,810 [Listener at 127.0.0.1/34011] INFO  ozone.MiniOzoneClusterImpl (MiniOzoneClusterImpl.java:lambda$waitForClusterToBeReady$0(219)) - Waiting for cluster to exit safe mode
2022-10-08 01:40:05,810 [Listener at 127.0.0.1/34011] INFO  ozone.MiniOzoneClusterImpl (MiniOzoneClusterImpl.java:lambda$waitForClusterToBeReady$0(221)) - SCM became leader
2022-10-08 01:40:05,974 [291612d5-8a25-468b-b904-396bb29bc5a8@group-78883C07603B-FollowerState] INFO  impl.FollowerState (FollowerState.java:run(143)) - 291612d5-8a25-468b-b904-396bb29bc5a8@group-78883C07603B-FollowerState: change to CANDIDATE, lastRpcElapsedTime:5119767051ns, electionTimeout:5116ms
2022-10-08 01:40:05,974 [291612d5-8a25-468b-b904-396bb29bc5a8@group-78883C07603B-FollowerState] INFO  impl.RoleInfo (RoleInfo.java:shutdownFollowerState(110)) - 291612d5-8a25-468b-b904-396bb29bc5a8: shutdown 291612d5-8a25-468b-b904-396bb29bc5a8@group-78883C07603B-FollowerState
2022-10-08 01:40:05,975 [291612d5-8a25-468b-b904-396bb29bc5a8@group-78883C07603B-FollowerState] INFO  server.RaftServer$Division (RaftServerImpl.java:setRole(299)) - 291612d5-8a25-468b-b904-396bb29bc5a8@group-78883C07603B: changes role from  FOLLOWER to CANDIDATE at term 0 for changeToCandidate
2022-10-08 01:40:05,975 [291612d5-8a25-468b-b904-396bb29bc5a8@group-78883C07603B-FollowerState] INFO  server.RaftServerConfigKeys (ConfUtils.java:logGet(46)) - raft.server.leaderelection.pre-vote = false (custom)
2022-10-08 01:40:05,975 [291612d5-8a25-468b-b904-396bb29bc5a8@group-78883C07603B-FollowerState] INFO  impl.RoleInfo (RoleInfo.java:updateAndGet(139)) - 291612d5-8a25-468b-b904-396bb29bc5a8: start 291612d5-8a25-468b-b904-396bb29bc5a8@group-78883C07603B-LeaderElection45
2022-10-08 01:40:06,048 [291612d5-8a25-468b-b904-396bb29bc5a8@group-78883C07603B-LeaderElection45] INFO  impl.LeaderElection (LeaderElection.java:askForVotes(310)) - 291612d5-8a25-468b-b904-396bb29bc5a8@group-78883C07603B-LeaderElection45 ELECTION round 0: submit vote requests at term 1 for -1: [291612d5-8a25-468b-b904-396bb29bc5a8|rpc:10.1.0.61:34923|priority:1], old=null
2022-10-08 01:40:06,048 [291612d5-8a25-468b-b904-396bb29bc5a8@group-78883C07603B-LeaderElection45] INFO  impl.LeaderElection (LeaderElection.java:askForVotes(312)) - 291612d5-8a25-468b-b904-396bb29bc5a8@group-78883C07603B-LeaderElection45 ELECTION round 0: result PASSED (term=1)
2022-10-08 01:40:06,048 [291612d5-8a25-468b-b904-396bb29bc5a8@group-78883C07603B-LeaderElection45] INFO  impl.RoleInfo (RoleInfo.java:shutdownLeaderElection(130)) - 291612d5-8a25-468b-b904-396bb29bc5a8: shutdown 291612d5-8a25-468b-b904-396bb29bc5a8@group-78883C07603B-LeaderElection45
2022-10-08 01:40:06,049 [291612d5-8a25-468b-b904-396bb29bc5a8@group-78883C07603B-LeaderElection45] INFO  server.RaftServer$Division (RaftServerImpl.java:setRole(299)) - 291612d5-8a25-468b-b904-396bb29bc5a8@group-78883C07603B: changes role from CANDIDATE to LEADER at term 1 for changeToLeader
2022-10-08 01:40:06,049 [291612d5-8a25-468b-b904-396bb29bc5a8@group-78883C07603B-LeaderElection45] INFO  ratis.XceiverServerRatis (XceiverServerRatis.java:handleLeaderChangedNotification(863)) - Leader change notification received for group: group-78883C07603B with new leaderId: 291612d5-8a25-468b-b904-396bb29bc5a8
2022-10-08 01:40:06,049 [291612d5-8a25-468b-b904-396bb29bc5a8@group-78883C07603B-LeaderElection45] INFO  server.RaftServer$Division (ServerState.java:setLeader(287)) - 291612d5-8a25-468b-b904-396bb29bc5a8@group-78883C07603B: change Leader from null to 291612d5-8a25-468b-b904-396bb29bc5a8 at term 1 for becomeLeader, leader elected after 5277ms
2022-10-08 01:40:06,049 [291612d5-8a25-468b-b904-396bb29bc5a8@group-78883C07603B-LeaderElection45] INFO  server.RaftServerConfigKeys (ConfUtils.java:logGet(46)) - raft.server.staging.catchup.gap = 1000 (default)
2022-10-08 01:40:06,049 [291612d5-8a25-468b-b904-396bb29bc5a8@group-78883C07603B-LeaderElection45] INFO  server.RaftServerConfigKeys (ConfUtils.java:logGet(46)) - raft.server.write.element-limit = 1024 (custom)
2022-10-08 01:40:06,049 [291612d5-8a25-468b-b904-396bb29bc5a8@group-78883C07603B-LeaderElection45] INFO  server.RaftServerConfigKeys (ConfUtils.java:logGet(46)) - raft.server.write.byte-limit = 1024 M (=1073741824) (custom)
2022-10-08 01:40:06,050 [291612d5-8a25-468b-b904-396bb29bc5a8@group-78883C07603B-LeaderElection45] INFO  server.RaftServerConfigKeys (ConfUtils.java:logGet(46)) - raft.server.watch.timeout = 180s (custom)
2022-10-08 01:40:06,050 [291612d5-8a25-468b-b904-396bb29bc5a8@group-78883C07603B-LeaderElection45] INFO  server.RaftServerConfigKeys (ConfUtils.java:logGet(46)) - raft.server.watch.timeout.denomination = 1s (default)
2022-10-08 01:40:06,050 [291612d5-8a25-468b-b904-396bb29bc5a8@group-78883C07603B-LeaderElection45] INFO  server.RaftServerConfigKeys (ConfUtils.java:logGet(46)) - raft.server.watch.element-limit = 65536 (default)
2022-10-08 01:40:06,050 [291612d5-8a25-468b-b904-396bb29bc5a8@group-78883C07603B-LeaderElection45] INFO  server.RaftServerConfigKeys (ConfUtils.java:logGet(46)) - raft.server.write.element-limit = 1024 (custom)
2022-10-08 01:40:06,050 [291612d5-8a25-468b-b904-396bb29bc5a8@group-78883C07603B-LeaderElection45] INFO  server.RaftServerConfigKeys (ConfUtils.java:logGet(46)) - raft.server.write.follower.gap.ratio.max = -1.0 (default)
2022-10-08 01:40:06,050 [291612d5-8a25-468b-b904-396bb29bc5a8@group-78883C07603B-LeaderElection45] INFO  impl.RoleInfo (RoleInfo.java:updateAndGet(139)) - 291612d5-8a25-468b-b904-396bb29bc5a8: start 291612d5-8a25-468b-b904-396bb29bc5a8@group-78883C07603B-LeaderStateImpl
2022-10-08 01:40:06,051 [EventQueue-OpenPipelineForHealthyPipelineSafeModeRule] INFO  safemode.SCMSafeModeManager (HealthyPipelineSafeModeRule.java:process(137)) - SCM in safe mode. Healthy pipelines reported count is 0, required healthy pipeline reported count is 1
2022-10-08 01:40:06,051 [291612d5-8a25-468b-b904-396bb29bc5a8@group-78883C07603B-LeaderElection45] INFO  segmented.SegmentedRaftLogWorker (SegmentedRaftLogWorker.java:startLogSegment(425)) - 291612d5-8a25-468b-b904-396bb29bc5a8@group-78883C07603B-SegmentedRaftLogWorker: Starting segment from index:0
2022-10-08 01:40:06,060 [291612d5-8a25-468b-b904-396bb29bc5a8@group-78883C07603B-SegmentedRaftLogWorker] INFO  segmented.SegmentedRaftLogWorker (SegmentedRaftLogWorker.java:execute(629)) - 291612d5-8a25-468b-b904-396bb29bc5a8@group-78883C07603B-SegmentedRaftLogWorker: created new log segment /home/runner/work/ozone/ozone/hadoop-ozone/integration-test/target/test-dir/MiniOzoneClusterImpl-f835b163-d90e-48f8-926f-823f898330c6/datanode-0/data/ratis/dc5c35ed-4499-421c-b4fe-78883c07603b/current/log_inprogress_0
2022-10-08 01:40:06,061 [291612d5-8a25-468b-b904-396bb29bc5a8@group-78883C07603B-LeaderElection45] INFO  server.RaftServer$Division (ServerState.java:setRaftConf(393)) - 291612d5-8a25-468b-b904-396bb29bc5a8@group-78883C07603B: set configuration 0: [291612d5-8a25-468b-b904-396bb29bc5a8|rpc:10.1.0.61:34923|dataStream:|priority:1], old=null
2022-10-08 01:40:06,177 [EndpointStateMachine task thread for /0.0.0.0:40221 - 0 ] INFO  volume.HddsVolume (HddsVolume.java:createDbStore(307)) - SchemaV3 db is created and loaded at /home/runner/work/ozone/ozone/hadoop-ozone/integration-test/target/test-dir/MiniOzoneClusterImpl-f835b163-d90e-48f8-926f-823f898330c6/datanode-4/data-0/containers/hdds/f835b163-d90e-48f8-926f-823f898330c6/DS-c8bf0774-1bdd-485a-b8f5-9b4357c3a1b2/container.db for volume DS-c8bf0774-1bdd-485a-b8f5-9b4357c3a1b2
2022-10-08 01:40:06,179 [EndpointStateMachine task thread for /0.0.0.0:40221 - 0 ] INFO  volume.HddsVolume (HddsVolume.java:closeDbStore(338)) - SchemaV3 db is stopped at /home/runner/work/ozone/ozone/hadoop-ozone/integration-test/target/test-dir/MiniOzoneClusterImpl-f835b163-d90e-48f8-926f-823f898330c6/datanode-4/data-0/containers/hdds/f835b163-d90e-48f8-926f-823f898330c6/DS-c8bf0774-1bdd-485a-b8f5-9b4357c3a1b2/container.db for volume DS-c8bf0774-1bdd-485a-b8f5-9b4357c3a1b2
2022-10-08 01:40:06,179 [EndpointStateMachine task thread for /0.0.0.0:40221 - 0 ] INFO  ozoneimpl.OzoneContainer (OzoneContainer.java:start(378)) - Attempting to start container services.
2022-10-08 01:40:06,179 [EndpointStateMachine task thread for /0.0.0.0:40221 - 0 ] INFO  ozoneimpl.OzoneContainer (OzoneContainer.java:startContainerScrub(313)) - Background container scanner has been disabled.
2022-10-08 01:40:06,220 [EndpointStateMachine task thread for /0.0.0.0:40221 - 0 ] INFO  replication.ReplicationServer (ReplicationServer.java:start(111)) - ReplicationServer is started using port 40939
2022-10-08 01:40:06,221 [EndpointStateMachine task thread for /0.0.0.0:40221 - 0 ] INFO  ratis.XceiverServerRatis (XceiverServerRatis.java:start(481)) - Starting XceiverServerRatis 53122d56-b231-44b5-a0d2-96edf7742e5e
2022-10-08 01:40:06,226 [EndpointStateMachine task thread for /0.0.0.0:40221 - 0 ] INFO  server.RaftServer (RaftServerProxy.java:lambda$start$6(382)) - 53122d56-b231-44b5-a0d2-96edf7742e5e: start RPC server
2022-10-08 01:40:06,244 [EndpointStateMachine task thread for /0.0.0.0:40221 - 0 ] INFO  server.GrpcService (GrpcService.java:startImpl(260)) - 53122d56-b231-44b5-a0d2-96edf7742e5e: GrpcService started, listening on 35669
2022-10-08 01:40:06,244 [EndpointStateMachine task thread for /0.0.0.0:40221 - 0 ] INFO  ratis.XceiverServerRatis (XceiverServerRatis.java:getRealPort(502)) - XceiverServerRatis 53122d56-b231-44b5-a0d2-96edf7742e5e is started using port 35669 for RATIS
2022-10-08 01:40:06,244 [EndpointStateMachine task thread for /0.0.0.0:40221 - 0 ] INFO  ratis.XceiverServerRatis (XceiverServerRatis.java:getRealPort(502)) - XceiverServerRatis 53122d56-b231-44b5-a0d2-96edf7742e5e is started using port 35669 for RATIS_ADMIN
2022-10-08 01:40:06,244 [EndpointStateMachine task thread for /0.0.0.0:40221 - 0 ] INFO  ratis.XceiverServerRatis (XceiverServerRatis.java:getRealPort(502)) - XceiverServerRatis 53122d56-b231-44b5-a0d2-96edf7742e5e is started using port 35669 for RATIS_SERVER
2022-10-08 01:40:06,245 [org.apache.ratis.util.JvmPauseMonitor$$Lambda$636/846962177@164e0f08] INFO  util.JvmPauseMonitor (JvmPauseMonitor.java:run(103)) - JvmPauseMonitor-53122d56-b231-44b5-a0d2-96edf7742e5e: Started
2022-10-08 01:40:06,329 [EndpointStateMachine task thread for /0.0.0.0:40221 - 0 ] INFO  server.XceiverServerGrpc (XceiverServerGrpc.java:start(180)) - XceiverServerGrpc 53122d56-b231-44b5-a0d2-96edf7742e5e is started using port 35807
2022-10-08 01:40:06,749 [ReplicationMonitor] INFO  replication.ReplicationManager (ReplicationManager.java:processAll(291)) - Replication Manager is not ready to run until 3000ms after safemode exit
2022-10-08 01:40:06,810 [Listener at 127.0.0.1/34011] INFO  ozone.MiniOzoneClusterImpl (MiniOzoneClusterImpl.java:lambda$waitForClusterToBeReady$0(216)) - Waiting for nodes to be ready. Got 4 of 5 DN Heartbeats.
2022-10-08 01:40:06,810 [Listener at 127.0.0.1/34011] INFO  ozone.MiniOzoneClusterImpl (MiniOzoneClusterImpl.java:lambda$waitForClusterToBeReady$0(219)) - Waiting for cluster to exit safe mode
2022-10-08 01:40:06,810 [Listener at 127.0.0.1/34011] INFO  ozone.MiniOzoneClusterImpl (MiniOzoneClusterImpl.java:lambda$waitForClusterToBeReady$0(221)) - SCM became leader
2022-10-08 01:40:07,750 [ReplicationMonitor] INFO  replication.ReplicationManager (ReplicationManager.java:processAll(291)) - Replication Manager is not ready to run until 3000ms after safemode exit
2022-10-08 01:40:07,811 [Listener at 127.0.0.1/34011] INFO  ozone.MiniOzoneClusterImpl (MiniOzoneClusterImpl.java:lambda$waitForClusterToBeReady$0(216)) - Waiting for nodes to be ready. Got 4 of 5 DN Heartbeats.
2022-10-08 01:40:07,811 [Listener at 127.0.0.1/34011] INFO  ozone.MiniOzoneClusterImpl (MiniOzoneClusterImpl.java:lambda$waitForClusterToBeReady$0(219)) - Waiting for cluster to exit safe mode
2022-10-08 01:40:07,811 [Listener at 127.0.0.1/34011] INFO  ozone.MiniOzoneClusterImpl (MiniOzoneClusterImpl.java:lambda$waitForClusterToBeReady$0(221)) - SCM became leader
2022-10-08 01:40:07,884 [IPC Server handler 6 on default port 40221] INFO  net.NetworkTopologyImpl (NetworkTopologyImpl.java:add(112)) - Added a new node: /default-rack/53122d56-b231-44b5-a0d2-96edf7742e5e
2022-10-08 01:40:07,884 [IPC Server handler 6 on default port 40221] INFO  node.SCMNodeManager (SCMNodeManager.java:register(397)) - Registered Data node : 53122d56-b231-44b5-a0d2-96edf7742e5e{ip: 10.1.0.61, host: fv-az180-867.g3pwtgv4ffyuhaixmbmm0kyh3d.gx.internal.cloudapp.net, ports: [REPLICATION=40939, RATIS=35669, RATIS_ADMIN=35669, RATIS_SERVER=35669, STANDALONE=35807], networkLocation: /default-rack, certSerialId: null, persistedOpState: null, persistedOpStateExpiryEpochSec: 0}
2022-10-08 01:40:07,884 [EventQueue-NewNodeForNewNodeHandler] INFO  pipeline.BackgroundPipelineCreator (BackgroundPipelineCreator.java:notifyEventTriggered(276)) - trigger a one-shot run on RatisPipelineUtilsThread.
2022-10-08 01:40:07,965 [RatisPipelineUtilsThread - 0] INFO  pipeline.RatisPipelineProvider (RatisPipelineProvider.java:lambda$create$0(195)) - Sending CreatePipelineCommand for pipeline:PipelineID=1871dfbc-b2f3-4b72-9b95-a6c97e8e944b to datanode:53122d56-b231-44b5-a0d2-96edf7742e5e
2022-10-08 01:40:07,965 [RatisPipelineUtilsThread - 0] INFO  pipeline.PipelineStateManagerImpl (PipelineStateManagerImpl.java:addPipeline(103)) - Created pipeline Pipeline[ Id: 1871dfbc-b2f3-4b72-9b95-a6c97e8e944b, Nodes: 53122d56-b231-44b5-a0d2-96edf7742e5e{ip: 10.1.0.61, host: fv-az180-867.g3pwtgv4ffyuhaixmbmm0kyh3d.gx.internal.cloudapp.net, ports: [REPLICATION=40939, RATIS=35669, RATIS_ADMIN=35669, RATIS_SERVER=35669, STANDALONE=35807], networkLocation: /default-rack, certSerialId: null, persistedOpState: IN_SERVICE, persistedOpStateExpiryEpochSec: 0}, ReplicationConfig: RATIS/ONE, State:ALLOCATED, leaderId:, CreationTimestamp2022-10-08T01:40:07.965Z[Etc/UTC]].
2022-10-08 01:40:08,064 [1b06eb26-cd88-4c30-b02a-c0b828ed8899@group-3D7A7106D2EB-FollowerState] INFO  impl.FollowerState (FollowerState.java:run(143)) - 1b06eb26-cd88-4c30-b02a-c0b828ed8899@group-3D7A7106D2EB-FollowerState: change to CANDIDATE, lastRpcElapsedTime:5037087674ns, electionTimeout:5036ms
2022-10-08 01:40:08,065 [1b06eb26-cd88-4c30-b02a-c0b828ed8899@group-3D7A7106D2EB-FollowerState] INFO  impl.RoleInfo (RoleInfo.java:shutdownFollowerState(110)) - 1b06eb26-cd88-4c30-b02a-c0b828ed8899: shutdown 1b06eb26-cd88-4c30-b02a-c0b828ed8899@group-3D7A7106D2EB-FollowerState
2022-10-08 01:40:08,065 [1b06eb26-cd88-4c30-b02a-c0b828ed8899@group-3D7A7106D2EB-FollowerState] INFO  server.RaftServer$Division (RaftServerImpl.java:setRole(299)) - 1b06eb26-cd88-4c30-b02a-c0b828ed8899@group-3D7A7106D2EB: changes role from  FOLLOWER to CANDIDATE at term 0 for changeToCandidate
2022-10-08 01:40:08,065 [1b06eb26-cd88-4c30-b02a-c0b828ed8899@group-3D7A7106D2EB-FollowerState] INFO  server.RaftServerConfigKeys (ConfUtils.java:logGet(46)) - raft.server.leaderelection.pre-vote = false (custom)
2022-10-08 01:40:08,065 [1b06eb26-cd88-4c30-b02a-c0b828ed8899@group-3D7A7106D2EB-FollowerState] INFO  impl.RoleInfo (RoleInfo.java:updateAndGet(139)) - 1b06eb26-cd88-4c30-b02a-c0b828ed8899: start 1b06eb26-cd88-4c30-b02a-c0b828ed8899@group-3D7A7106D2EB-LeaderElection46
2022-10-08 01:40:08,124 [1b06eb26-cd88-4c30-b02a-c0b828ed8899@group-3D7A7106D2EB-LeaderElection46] INFO  impl.LeaderElection (LeaderElection.java:askForVotes(310)) - 1b06eb26-cd88-4c30-b02a-c0b828ed8899@group-3D7A7106D2EB-LeaderElection46 ELECTION round 0: submit vote requests at term 1 for -1: [1b06eb26-cd88-4c30-b02a-c0b828ed8899|rpc:10.1.0.61:37511|priority:1], old=null
2022-10-08 01:40:08,124 [1b06eb26-cd88-4c30-b02a-c0b828ed8899@group-3D7A7106D2EB-LeaderElection46] INFO  impl.LeaderElection (LeaderElection.java:askForVotes(312)) - 1b06eb26-cd88-4c30-b02a-c0b828ed8899@group-3D7A7106D2EB-LeaderElection46 ELECTION round 0: result PASSED (term=1)
2022-10-08 01:40:08,124 [1b06eb26-cd88-4c30-b02a-c0b828ed8899@group-3D7A7106D2EB-LeaderElection46] INFO  impl.RoleInfo (RoleInfo.java:shutdownLeaderElection(130)) - 1b06eb26-cd88-4c30-b02a-c0b828ed8899: shutdown 1b06eb26-cd88-4c30-b02a-c0b828ed8899@group-3D7A7106D2EB-LeaderElection46
2022-10-08 01:40:08,124 [1b06eb26-cd88-4c30-b02a-c0b828ed8899@group-3D7A7106D2EB-LeaderElection46] INFO  server.RaftServer$Division (RaftServerImpl.java:setRole(299)) - 1b06eb26-cd88-4c30-b02a-c0b828ed8899@group-3D7A7106D2EB: changes role from CANDIDATE to LEADER at term 1 for changeToLeader
2022-10-08 01:40:08,124 [1b06eb26-cd88-4c30-b02a-c0b828ed8899@group-3D7A7106D2EB-LeaderElection46] INFO  ratis.XceiverServerRatis (XceiverServerRatis.java:handleLeaderChangedNotification(863)) - Leader change notification received for group: group-3D7A7106D2EB with new leaderId: 1b06eb26-cd88-4c30-b02a-c0b828ed8899
2022-10-08 01:40:08,124 [1b06eb26-cd88-4c30-b02a-c0b828ed8899@group-3D7A7106D2EB-LeaderElection46] INFO  server.RaftServer$Division (ServerState.java:setLeader(287)) - 1b06eb26-cd88-4c30-b02a-c0b828ed8899@group-3D7A7106D2EB: change Leader from null to 1b06eb26-cd88-4c30-b02a-c0b828ed8899 at term 1 for becomeLeader, leader elected after 5102ms
2022-10-08 01:40:08,124 [1b06eb26-cd88-4c30-b02a-c0b828ed8899@group-3D7A7106D2EB-LeaderElection46] INFO  server.RaftServerConfigKeys (ConfUtils.java:logGet(46)) - raft.server.staging.catchup.gap = 1000 (default)
2022-10-08 01:40:08,125 [1b06eb26-cd88-4c30-b02a-c0b828ed8899@group-3D7A7106D2EB-LeaderElection46] INFO  server.RaftServerConfigKeys (ConfUtils.java:logGet(46)) - raft.server.write.element-limit = 1024 (custom)
2022-10-08 01:40:08,125 [1b06eb26-cd88-4c30-b02a-c0b828ed8899@group-3D7A7106D2EB-LeaderElection46] INFO  server.RaftServerConfigKeys (ConfUtils.java:logGet(46)) - raft.server.write.byte-limit = 1024 M (=1073741824) (custom)
2022-10-08 01:40:08,125 [1b06eb26-cd88-4c30-b02a-c0b828ed8899@group-3D7A7106D2EB-LeaderElection46] INFO  server.RaftServerConfigKeys (ConfUtils.java:logGet(46)) - raft.server.watch.timeout = 180s (custom)
2022-10-08 01:40:08,125 [EventQueue-OpenPipelineForHealthyPipelineSafeModeRule] INFO  safemode.SCMSafeModeManager (HealthyPipelineSafeModeRule.java:process(137)) - SCM in safe mode. Healthy pipelines reported count is 0, required healthy pipeline reported count is 1
2022-10-08 01:40:08,125 [1b06eb26-cd88-4c30-b02a-c0b828ed8899@group-3D7A7106D2EB-LeaderElection46] INFO  server.RaftServerConfigKeys (ConfUtils.java:logGet(46)) - raft.server.watch.timeout.denomination = 1s (default)
2022-10-08 01:40:08,125 [1b06eb26-cd88-4c30-b02a-c0b828ed8899@group-3D7A7106D2EB-LeaderElection46] INFO  server.RaftServerConfigKeys (ConfUtils.java:logGet(46)) - raft.server.watch.element-limit = 65536 (default)
2022-10-08 01:40:08,125 [1b06eb26-cd88-4c30-b02a-c0b828ed8899@group-3D7A7106D2EB-LeaderElection46] INFO  server.RaftServerConfigKeys (ConfUtils.java:logGet(46)) - raft.server.write.element-limit = 1024 (custom)
2022-10-08 01:40:08,125 [1b06eb26-cd88-4c30-b02a-c0b828ed8899@group-3D7A7106D2EB-LeaderElection46] INFO  server.RaftServerConfigKeys (ConfUtils.java:logGet(46)) - raft.server.write.follower.gap.ratio.max = -1.0 (default)
2022-10-08 01:40:08,125 [1b06eb26-cd88-4c30-b02a-c0b828ed8899@group-3D7A7106D2EB-LeaderElection46] INFO  impl.RoleInfo (RoleInfo.java:updateAndGet(139)) - 1b06eb26-cd88-4c30-b02a-c0b828ed8899: start 1b06eb26-cd88-4c30-b02a-c0b828ed8899@group-3D7A7106D2EB-LeaderStateImpl
2022-10-08 01:40:08,126 [1b06eb26-cd88-4c30-b02a-c0b828ed8899@group-3D7A7106D2EB-LeaderElection46] INFO  segmented.SegmentedRaftLogWorker (SegmentedRaftLogWorker.java:startLogSegment(425)) - 1b06eb26-cd88-4c30-b02a-c0b828ed8899@group-3D7A7106D2EB-SegmentedRaftLogWorker: Starting segment from index:0
2022-10-08 01:40:08,135 [1b06eb26-cd88-4c30-b02a-c0b828ed8899@group-3D7A7106D2EB-SegmentedRaftLogWorker] INFO  segmented.SegmentedRaftLogWorker (SegmentedRaftLogWorker.java:execute(629)) - 1b06eb26-cd88-4c30-b02a-c0b828ed8899@group-3D7A7106D2EB-SegmentedRaftLogWorker: created new log segment /home/runner/work/ozone/ozone/hadoop-ozone/integration-test/target/test-dir/MiniOzoneClusterImpl-f835b163-d90e-48f8-926f-823f898330c6/datanode-1/data/ratis/5ebbcdca-00d6-48b4-94aa-3d7a7106d2eb/current/log_inprogress_0
2022-10-08 01:40:08,137 [1b06eb26-cd88-4c30-b02a-c0b828ed8899@group-3D7A7106D2EB-LeaderElection46] INFO  server.RaftServer$Division (ServerState.java:setRaftConf(393)) - 1b06eb26-cd88-4c30-b02a-c0b828ed8899@group-3D7A7106D2EB: set configuration 0: [1b06eb26-cd88-4c30-b02a-c0b828ed8899|rpc:10.1.0.61:37511|dataStream:|priority:1], old=null
2022-10-08 01:40:08,188 [1b06eb26-cd88-4c30-b02a-c0b828ed8899@group-4350393D8822-FollowerState] INFO  impl.FollowerState (FollowerState.java:run(143)) - 1b06eb26-cd88-4c30-b02a-c0b828ed8899@group-4350393D8822-FollowerState: change to CANDIDATE, lastRpcElapsedTime:5081928835ns, electionTimeout:5009ms
2022-10-08 01:40:08,188 [1b06eb26-cd88-4c30-b02a-c0b828ed8899@group-4350393D8822-FollowerState] INFO  impl.RoleInfo (RoleInfo.java:shutdownFollowerState(110)) - 1b06eb26-cd88-4c30-b02a-c0b828ed8899: shutdown 1b06eb26-cd88-4c30-b02a-c0b828ed8899@group-4350393D8822-FollowerState
2022-10-08 01:40:08,188 [1b06eb26-cd88-4c30-b02a-c0b828ed8899@group-4350393D8822-FollowerState] INFO  server.RaftServer$Division (RaftServerImpl.java:setRole(299)) - 1b06eb26-cd88-4c30-b02a-c0b828ed8899@group-4350393D8822: changes role from  FOLLOWER to CANDIDATE at term 0 for changeToCandidate
2022-10-08 01:40:08,188 [1b06eb26-cd88-4c30-b02a-c0b828ed8899@group-4350393D8822-FollowerState] INFO  server.RaftServerConfigKeys (ConfUtils.java:logGet(46)) - raft.server.leaderelection.pre-vote = false (custom)
2022-10-08 01:40:08,188 [1b06eb26-cd88-4c30-b02a-c0b828ed8899@group-4350393D8822-FollowerState] INFO  impl.RoleInfo (RoleInfo.java:updateAndGet(139)) - 1b06eb26-cd88-4c30-b02a-c0b828ed8899: start 1b06eb26-cd88-4c30-b02a-c0b828ed8899@group-4350393D8822-LeaderElection47
2022-10-08 01:40:08,284 [1b06eb26-cd88-4c30-b02a-c0b828ed8899@group-4350393D8822-LeaderElection47] INFO  impl.LeaderElection (LeaderElection.java:askForVotes(310)) - 1b06eb26-cd88-4c30-b02a-c0b828ed8899@group-4350393D8822-LeaderElection47 ELECTION round 0: submit vote requests at term 1 for -1: [7394f723-5f6d-4e16-a6b6-d1556834f31b|rpc:10.1.0.61:35949|priority:1, 1b06eb26-cd88-4c30-b02a-c0b828ed8899|rpc:10.1.0.61:37511|priority:0, 291612d5-8a25-468b-b904-396bb29bc5a8|rpc:10.1.0.61:34923|priority:0], old=null
2022-10-08 01:40:08,348 [grpc-default-executor-11] INFO  server.RaftServer$Division (RaftServerImpl.java:requestVote(1152)) - 7394f723-5f6d-4e16-a6b6-d1556834f31b@group-4350393D8822: receive requestVote(ELECTION, 1b06eb26-cd88-4c30-b02a-c0b828ed8899, group-4350393D8822, 1, (t:0, i:0))
2022-10-08 01:40:08,348 [grpc-default-executor-11] INFO  impl.VoteContext (VoteContext.java:log(48)) - 7394f723-5f6d-4e16-a6b6-d1556834f31b@group-4350393D8822-FOLLOWER: reject ELECTION from 1b06eb26-cd88-4c30-b02a-c0b828ed8899: our priority 1 > candidate's priority 0
2022-10-08 01:40:08,348 [grpc-default-executor-11] INFO  server.RaftServer$Division (RaftServerImpl.java:setRole(299)) - 7394f723-5f6d-4e16-a6b6-d1556834f31b@group-4350393D8822: changes role from  FOLLOWER to FOLLOWER at term 1 for candidate:1b06eb26-cd88-4c30-b02a-c0b828ed8899
2022-10-08 01:40:08,348 [grpc-default-executor-11] INFO  impl.RoleInfo (RoleInfo.java:shutdownFollowerState(110)) - 7394f723-5f6d-4e16-a6b6-d1556834f31b: shutdown 7394f723-5f6d-4e16-a6b6-d1556834f31b@group-4350393D8822-FollowerState
2022-10-08 01:40:08,349 [grpc-default-executor-11] INFO  impl.RoleInfo (RoleInfo.java:updateAndGet(139)) - 7394f723-5f6d-4e16-a6b6-d1556834f31b: start 7394f723-5f6d-4e16-a6b6-d1556834f31b@group-4350393D8822-FollowerState
2022-10-08 01:40:08,349 [7394f723-5f6d-4e16-a6b6-d1556834f31b@group-4350393D8822-FollowerState] INFO  impl.FollowerState (FollowerState.java:run(152)) - 7394f723-5f6d-4e16-a6b6-d1556834f31b@group-4350393D8822-FollowerState was interrupted
2022-10-08 01:40:08,404 [grpc-default-executor-11] INFO  server.RaftServer$Division (RaftServerImpl.java:requestVote(1184)) - 7394f723-5f6d-4e16-a6b6-d1556834f31b@group-4350393D8822 replies to ELECTION vote request: 1b06eb26-cd88-4c30-b02a-c0b828ed8899<-7394f723-5f6d-4e16-a6b6-d1556834f31b#0:FAIL-t1. Peer's state: 7394f723-5f6d-4e16-a6b6-d1556834f31b@group-4350393D8822:t1, leader=null, voted=null, raftlog=7394f723-5f6d-4e16-a6b6-d1556834f31b@group-4350393D8822-SegmentedRaftLog:OPENED:c-1, conf=-1: [7394f723-5f6d-4e16-a6b6-d1556834f31b|rpc:10.1.0.61:35949|dataStream:|priority:1, 1b06eb26-cd88-4c30-b02a-c0b828ed8899|rpc:10.1.0.61:37511|dataStream:|priority:0, 291612d5-8a25-468b-b904-396bb29bc5a8|rpc:10.1.0.61:34923|dataStream:|priority:0], old=null
2022-10-08 01:40:08,405 [1b06eb26-cd88-4c30-b02a-c0b828ed8899@group-4350393D8822-LeaderElection47] INFO  impl.LeaderElection (LeaderElection.java:logAndReturn(90)) - 1b06eb26-cd88-4c30-b02a-c0b828ed8899@group-4350393D8822-LeaderElection47: ELECTION REJECTED received 1 response(s) and 0 exception(s):
2022-10-08 01:40:08,405 [1b06eb26-cd88-4c30-b02a-c0b828ed8899@group-4350393D8822-LeaderElection47] INFO  impl.LeaderElection (LeaderElection.java:logAndReturn(94)) -   Response 0: 1b06eb26-cd88-4c30-b02a-c0b828ed8899<-7394f723-5f6d-4e16-a6b6-d1556834f31b#0:FAIL-t1
2022-10-08 01:40:08,405 [1b06eb26-cd88-4c30-b02a-c0b828ed8899@group-4350393D8822-LeaderElection47] INFO  impl.LeaderElection (LeaderElection.java:askForVotes(312)) - 1b06eb26-cd88-4c30-b02a-c0b828ed8899@group-4350393D8822-LeaderElection47 ELECTION round 0: result REJECTED
2022-10-08 01:40:08,405 [1b06eb26-cd88-4c30-b02a-c0b828ed8899@group-4350393D8822-LeaderElection47] INFO  server.RaftServer$Division (RaftServerImpl.java:setRole(299)) - 1b06eb26-cd88-4c30-b02a-c0b828ed8899@group-4350393D8822: changes role from CANDIDATE to FOLLOWER at term 1 for REJECTED
2022-10-08 01:40:08,405 [1b06eb26-cd88-4c30-b02a-c0b828ed8899@group-4350393D8822-LeaderElection47] INFO  impl.RoleInfo (RoleInfo.java:shutdownLeaderElection(130)) - 1b06eb26-cd88-4c30-b02a-c0b828ed8899: shutdown 1b06eb26-cd88-4c30-b02a-c0b828ed8899@group-4350393D8822-LeaderElection47
2022-10-08 01:40:08,405 [1b06eb26-cd88-4c30-b02a-c0b828ed8899@group-4350393D8822-LeaderElection47] INFO  impl.RoleInfo (RoleInfo.java:updateAndGet(139)) - 1b06eb26-cd88-4c30-b02a-c0b828ed8899: start 1b06eb26-cd88-4c30-b02a-c0b828ed8899@group-4350393D8822-FollowerState
2022-10-08 01:40:08,472 [grpc-default-executor-11] INFO  server.RaftServer$Division (RaftServerImpl.java:requestVote(1152)) - 291612d5-8a25-468b-b904-396bb29bc5a8@group-4350393D8822: receive requestVote(ELECTION, 1b06eb26-cd88-4c30-b02a-c0b828ed8899, group-4350393D8822, 1, (t:0, i:0))
2022-10-08 01:40:08,472 [grpc-default-executor-11] INFO  impl.VoteContext (VoteContext.java:log(48)) - 291612d5-8a25-468b-b904-396bb29bc5a8@group-4350393D8822-FOLLOWER: accept ELECTION from 1b06eb26-cd88-4c30-b02a-c0b828ed8899: our priority 0 <= candidate's priority 0
2022-10-08 01:40:08,472 [grpc-default-executor-11] INFO  server.RaftServer$Division (RaftServerImpl.java:setRole(299)) - 291612d5-8a25-468b-b904-396bb29bc5a8@group-4350393D8822: changes role from  FOLLOWER to FOLLOWER at term 1 for candidate:1b06eb26-cd88-4c30-b02a-c0b828ed8899
2022-10-08 01:40:08,472 [grpc-default-executor-11] INFO  impl.RoleInfo (RoleInfo.java:shutdownFollowerState(110)) - 291612d5-8a25-468b-b904-396bb29bc5a8: shutdown 291612d5-8a25-468b-b904-396bb29bc5a8@group-4350393D8822-FollowerState
2022-10-08 01:40:08,472 [291612d5-8a25-468b-b904-396bb29bc5a8@group-4350393D8822-FollowerState] INFO  impl.FollowerState (FollowerState.java:run(152)) - 291612d5-8a25-468b-b904-396bb29bc5a8@group-4350393D8822-FollowerState was interrupted
2022-10-08 01:40:08,472 [grpc-default-executor-11] INFO  impl.RoleInfo (RoleInfo.java:updateAndGet(139)) - 291612d5-8a25-468b-b904-396bb29bc5a8: start 291612d5-8a25-468b-b904-396bb29bc5a8@group-4350393D8822-FollowerState
2022-10-08 01:40:08,519 [grpc-default-executor-11] INFO  server.RaftServer$Division (RaftServerImpl.java:requestVote(1184)) - 291612d5-8a25-468b-b904-396bb29bc5a8@group-4350393D8822 replies to ELECTION vote request: 1b06eb26-cd88-4c30-b02a-c0b828ed8899<-291612d5-8a25-468b-b904-396bb29bc5a8#0:OK-t1. Peer's state: 291612d5-8a25-468b-b904-396bb29bc5a8@group-4350393D8822:t1, leader=null, voted=1b06eb26-cd88-4c30-b02a-c0b828ed8899, raftlog=291612d5-8a25-468b-b904-396bb29bc5a8@group-4350393D8822-SegmentedRaftLog:OPENED:c-1, conf=-1: [7394f723-5f6d-4e16-a6b6-d1556834f31b|rpc:10.1.0.61:35949|dataStream:|priority:1, 1b06eb26-cd88-4c30-b02a-c0b828ed8899|rpc:10.1.0.61:37511|dataStream:|priority:0, 291612d5-8a25-468b-b904-396bb29bc5a8|rpc:10.1.0.61:34923|dataStream:|priority:0], old=null
2022-10-08 01:40:08,617 [Command processor thread] INFO  server.RaftServer (RaftServerProxy.java:addNew(96)) - 003a9f69-5a4b-437f-80c3-29db2a6995f2: addNew group-9A4DFA992521:[003a9f69-5a4b-437f-80c3-29db2a6995f2|rpc:10.1.0.61:46873|priority:1] returns group-9A4DFA992521:java.util.concurrent.CompletableFuture@4d12374c[Not completed]
2022-10-08 01:40:08,618 [pool-1360-thread-1] INFO  server.RaftServer$Division (RaftServerImpl.java:<init>(190)) - 003a9f69-5a4b-437f-80c3-29db2a6995f2: new RaftServerImpl for group-9A4DFA992521:[003a9f69-5a4b-437f-80c3-29db2a6995f2|rpc:10.1.0.61:46873|priority:1] with ContainerStateMachine:uninitialized
2022-10-08 01:40:08,618 [pool-1360-thread-1] INFO  server.RaftServerConfigKeys (ConfUtils.java:logGet(46)) - raft.server.rpc.timeout.min = 5s (custom)
2022-10-08 01:40:08,618 [pool-1360-thread-1] INFO  server.RaftServerConfigKeys (ConfUtils.java:logGet(46)) - raft.server.rpc.timeout.max = 5200ms (custom)
2022-10-08 01:40:08,618 [pool-1360-thread-1] INFO  server.RaftServerConfigKeys (ConfUtils.java:logGet(46)) - raft.server.rpc.sleep.time = 25ms (default)
2022-10-08 01:40:08,618 [pool-1360-thread-1] INFO  server.RaftServerConfigKeys (ConfUtils.java:logGet(46)) - raft.server.rpc.slowness.timeout = 300s (custom)
2022-10-08 01:40:08,618 [pool-1360-thread-1] INFO  server.RaftServerConfigKeys (ConfUtils.java:logGet(46)) - raft.server.leaderelection.leader.step-down.wait-time = 10s (default)
2022-10-08 01:40:08,618 [pool-1360-thread-1] INFO  server.RaftServerConfigKeys (ConfUtils.java:logGet(46)) - raft.server.sleep.deviation.threshold = 300ms (default)
2022-10-08 01:40:08,618 [pool-1360-thread-1] INFO  server.RaftServer$Division (ServerState.java:<init>(107)) - 003a9f69-5a4b-437f-80c3-29db2a6995f2@group-9A4DFA992521: ConfigurationManager, init=-1: [003a9f69-5a4b-437f-80c3-29db2a6995f2|rpc:10.1.0.61:46873|priority:1], old=null, confs=<EMPTY_MAP>
2022-10-08 01:40:08,618 [pool-1360-thread-1] INFO  server.RaftServerConfigKeys (ConfUtils.java:logGet(46)) - raft.server.storage.dir = [/home/runner/work/ozone/ozone/hadoop-ozone/integration-test/target/test-dir/MiniOzoneClusterImpl-f835b163-d90e-48f8-926f-823f898330c6/datanode-3/data/ratis] (custom)
2022-10-08 01:40:08,618 [pool-1360-thread-1] INFO  server.RaftServerConfigKeys (ConfUtils.java:logGet(46)) - raft.server.log.corruption.policy = EXCEPTION (default)
2022-10-08 01:40:08,618 [pool-1360-thread-1] INFO  server.RaftServerConfigKeys (ConfUtils.java:logGet(46)) - raft.server.storage.free-space.min = 0MB (=0) (default)
2022-10-08 01:40:08,618 [pool-1360-thread-1] INFO  storage.RaftStorageDirectory (RaftStorageDirectoryImpl.java:analyzeStorage(135)) - The storage directory /home/runner/work/ozone/ozone/hadoop-ozone/integration-test/target/test-dir/MiniOzoneClusterImpl-f835b163-d90e-48f8-926f-823f898330c6/datanode-3/data/ratis/7baa4ba5-cfaa-40fa-b109-9a4dfa992521 does not exist. Creating ...
2022-10-08 01:40:08,625 [pool-1360-thread-1] INFO  storage.RaftStorageDirectory (RaftStorageDirectoryImpl.java:tryLock(230)) - Lock on /home/runner/work/ozone/ozone/hadoop-ozone/integration-test/target/test-dir/MiniOzoneClusterImpl-f835b163-d90e-48f8-926f-823f898330c6/datanode-3/data/ratis/7baa4ba5-cfaa-40fa-b109-9a4dfa992521/in_use.lock acquired by nodename 52807@fv-az180-867
2022-10-08 01:40:08,634 [pool-1360-thread-1] INFO  storage.RaftStorage (RaftStorageImpl.java:format(89)) - Storage directory /home/runner/work/ozone/ozone/hadoop-ozone/integration-test/target/test-dir/MiniOzoneClusterImpl-f835b163-d90e-48f8-926f-823f898330c6/datanode-3/data/ratis/7baa4ba5-cfaa-40fa-b109-9a4dfa992521 has been successfully formatted.
2022-10-08 01:40:08,637 [pool-1360-thread-1] INFO  ratis.ContainerStateMachine (ContainerStateMachine.java:loadSnapshot(236)) - group-9A4DFA992521: The snapshot info is null. Setting the last applied indexto:(t:0, i:~)
2022-10-08 01:40:08,637 [pool-1360-thread-1] INFO  server.RaftServerConfigKeys (ConfUtils.java:logGet(46)) - raft.server.notification.no-leader.timeout = 300s (custom)
2022-10-08 01:40:08,637 [pool-1360-thread-1] INFO  server.RaftServerConfigKeys (ConfUtils.java:logGet(46)) - raft.server.log.use.memory = false (default)
2022-10-08 01:40:08,638 [pool-1360-thread-1] INFO  server.RaftServerConfigKeys (ConfUtils.java:logGet(46)) - raft.server.log.purge.gap = 1000000 (custom)
2022-10-08 01:40:08,638 [pool-1360-thread-1] INFO  server.RaftServerConfigKeys (ConfUtils.java:logGet(46)) - raft.server.log.appender.buffer.byte-limit = 33554432 (custom)
2022-10-08 01:40:08,638 [pool-1360-thread-1] INFO  server.RaftServerConfigKeys (ConfUtils.java:logGet(46)) - raft.server.log.statemachine.data.read.timeout = 1000ms (default)
2022-10-08 01:40:08,638 [pool-1360-thread-1] INFO  server.RaftServerConfigKeys (ConfUtils.java:logGet(46)) - raft.server.log.segment.size.max = 1048576 (custom)
2022-10-08 01:40:08,638 [pool-1360-thread-1] INFO  server.RaftServerConfigKeys (ConfUtils.java:logGet(46)) - raft.server.log.segment.cache.num.max = 2 (custom)
2022-10-08 01:40:08,638 [pool-1360-thread-1] INFO  server.RaftServerConfigKeys (ConfUtils.java:logGet(46)) - raft.server.log.segment.cache.size.max = 200MB (=209715200) (default)
2022-10-08 01:40:08,639 [pool-1360-thread-1] INFO  segmented.SegmentedRaftLogWorker (SegmentedRaftLogWorker.java:<init>(187)) - new 003a9f69-5a4b-437f-80c3-29db2a6995f2@group-9A4DFA992521-SegmentedRaftLogWorker for RaftStorageImpl:Storage Directory /home/runner/work/ozone/ozone/hadoop-ozone/integration-test/target/test-dir/MiniOzoneClusterImpl-f835b163-d90e-48f8-926f-823f898330c6/datanode-3/data/ratis/7baa4ba5-cfaa-40fa-b109-9a4dfa992521
2022-10-08 01:40:08,639 [pool-1360-thread-1] INFO  server.RaftServerConfigKeys (ConfUtils.java:logGet(46)) - raft.server.log.queue.byte-limit = 4294967296 (custom)
2022-10-08 01:40:08,639 [pool-1360-thread-1] INFO  server.RaftServerConfigKeys (ConfUtils.java:logGet(46)) - raft.server.log.queue.element-limit = 1024 (custom)
2022-10-08 01:40:08,639 [pool-1360-thread-1] INFO  server.RaftServerConfigKeys (ConfUtils.java:logGet(46)) - raft.server.log.segment.size.max = 1048576 (custom)
2022-10-08 01:40:08,639 [pool-1360-thread-1] INFO  server.RaftServerConfigKeys (ConfUtils.java:logGet(46)) - raft.server.log.preallocated.size = 16384 (custom)
2022-10-08 01:40:08,639 [pool-1360-thread-1] INFO  server.RaftServerConfigKeys (ConfUtils.java:logGet(46)) - raft.server.log.force.sync.num = 128 (default)
2022-10-08 01:40:08,639 [pool-1360-thread-1] INFO  server.RaftServerConfigKeys (ConfUtils.java:logGet(46)) - raft.server.log.statemachine.data.sync = true (default)
2022-10-08 01:40:08,639 [pool-1360-thread-1] INFO  server.RaftServerConfigKeys (ConfUtils.java:logGet(46)) - raft.server.log.statemachine.data.sync.timeout = 10s (default)
2022-10-08 01:40:08,639 [pool-1360-thread-1] INFO  server.RaftServerConfigKeys (ConfUtils.java:logGet(46)) - raft.server.log.statemachine.data.sync.timeout.retry = -1 (default)
2022-10-08 01:40:08,644 [pool-1360-thread-1] INFO  server.RaftServerConfigKeys (ConfUtils.java:logGet(46)) - raft.server.log.write.buffer.size = 1048576 (custom)
2022-10-08 01:40:08,646 [pool-1360-thread-1] INFO  server.RaftServerConfigKeys (ConfUtils.java:logGet(46)) - raft.server.log.unsafe-flush.enabled = false (default)
2022-10-08 01:40:08,646 [pool-1360-thread-1] INFO  server.RaftServerConfigKeys (ConfUtils.java:logGet(46)) - raft.server.log.statemachine.data.caching.enabled = true (custom)
2022-10-08 01:40:08,646 [pool-1360-thread-1] INFO  segmented.SegmentedRaftLogWorker (SegmentedRaftLogWorker.java:lambda$new$0(135)) - 003a9f69-5a4b-437f-80c3-29db2a6995f2@group-9A4DFA992521-SegmentedRaftLogWorker: flushIndex: setUnconditionally 0 -> -1
2022-10-08 01:40:08,646 [pool-1360-thread-1] INFO  segmented.SegmentedRaftLogWorker (SegmentedRaftLogWorker.java:lambda$new$0(135)) - 003a9f69-5a4b-437f-80c3-29db2a6995f2@group-9A4DFA992521-SegmentedRaftLogWorker: safeCacheEvictIndex: setUnconditionally 0 -> -1
2022-10-08 01:40:08,652 [pool-1360-thread-1] INFO  server.RaftServerConfigKeys (ConfUtils.java:logGet(46)) - raft.server.snapshot.auto.trigger.enabled = true (custom)
2022-10-08 01:40:08,652 [pool-1360-thread-1] INFO  server.RaftServerConfigKeys (ConfUtils.java:logGet(46)) - raft.server.snapshot.auto.trigger.threshold = 10000 (custom)
2022-10-08 01:40:08,652 [pool-1360-thread-1] INFO  server.RaftServerConfigKeys (ConfUtils.java:logGet(46)) - raft.server.snapshot.retention.file.num = 5 (custom)
2022-10-08 01:40:08,652 [pool-1360-thread-1] INFO  server.RaftServerConfigKeys (ConfUtils.java:logGet(46)) - raft.server.log.purge.upto.snapshot.index = false (default)
2022-10-08 01:40:08,652 [pool-1360-thread-1] INFO  server.RaftServerConfigKeys (ConfUtils.java:logGet(46)) - raft.server.retrycache.expirytime = 600000ms (custom)
2022-10-08 01:40:08,652 [pool-1360-thread-1] INFO  server.RaftServerConfigKeys (ConfUtils.java:logGet(46)) - raft.server.retrycache.statistics.expirytime = 100μs (default)
2022-10-08 01:40:08,654 [pool-1360-thread-1] INFO  server.RaftServerConfigKeys (ConfUtils.java:logGet(46)) - raft.server.log.appender.install.snapshot.enabled = false (custom)
2022-10-08 01:40:08,654 [pool-1360-thread-1] INFO  server.RaftServerConfigKeys (ConfUtils.java:logGet(46)) - raft.server.threadpool.server.cached = true (default)
2022-10-08 01:40:08,654 [pool-1360-thread-1] INFO  server.RaftServerConfigKeys (ConfUtils.java:logGet(46)) - raft.server.threadpool.server.size = 0 (default)
2022-10-08 01:40:08,654 [pool-1360-thread-1] INFO  server.RaftServerConfigKeys (ConfUtils.java:logGet(46)) - raft.server.threadpool.client.cached = true (default)
2022-10-08 01:40:08,654 [pool-1360-thread-1] INFO  server.RaftServerConfigKeys (ConfUtils.java:logGet(46)) - raft.server.threadpool.client.size = 0 (default)
2022-10-08 01:40:08,654 [pool-1360-thread-1] INFO  server.RaftServer$Division (RaftServerImpl.java:start(310)) - 003a9f69-5a4b-437f-80c3-29db2a6995f2@group-9A4DFA992521: start as a follower, conf=-1: [003a9f69-5a4b-437f-80c3-29db2a6995f2|rpc:10.1.0.61:46873|priority:1], old=null
2022-10-08 01:40:08,654 [pool-1360-thread-1] INFO  server.RaftServer$Division (RaftServerImpl.java:setRole(299)) - 003a9f69-5a4b-437f-80c3-29db2a6995f2@group-9A4DFA992521: changes role from      null to FOLLOWER at term 0 for startAsFollower
2022-10-08 01:40:08,654 [pool-1360-thread-1] INFO  impl.RoleInfo (RoleInfo.java:updateAndGet(139)) - 003a9f69-5a4b-437f-80c3-29db2a6995f2: start 003a9f69-5a4b-437f-80c3-29db2a6995f2@group-9A4DFA992521-FollowerState
2022-10-08 01:40:08,674 [pool-1360-thread-1] INFO  util.JmxRegister (JmxRegister.java:tryRegister(44)) - Successfully registered JMX Bean with object name Ratis:service=RaftServer,group=group-9A4DFA992521,id=003a9f69-5a4b-437f-80c3-29db2a6995f2
2022-10-08 01:40:08,688 [Command processor thread] INFO  ratis.XceiverServerRatis (XceiverServerRatis.java:addGroup(765)) - Created group PipelineID=7baa4ba5-cfaa-40fa-b109-9a4dfa992521
2022-10-08 01:40:08,688 [Command processor thread] INFO  commandhandler.CreatePipelineCommandHandler (CreatePipelineCommandHandler.java:handle(113)) - Created Pipeline RATIS ONE PipelineID=7baa4ba5-cfaa-40fa-b109-9a4dfa992521.
2022-10-08 01:40:08,750 [ReplicationMonitor] INFO  replication.ReplicationManager (ReplicationManager.java:processAll(291)) - Replication Manager is not ready to run until 3000ms after safemode exit
2022-10-08 01:40:08,756 [EventQueue-PipelineReportForPipelineReportHandler] INFO  pipeline.PipelineManagerImpl (PipelineManagerImpl.java:openPipeline(367)) - Pipeline Pipeline[ Id: 7baa4ba5-cfaa-40fa-b109-9a4dfa992521, Nodes: 003a9f69-5a4b-437f-80c3-29db2a6995f2{ip: 10.1.0.61, host: fv-az180-867.g3pwtgv4ffyuhaixmbmm0kyh3d.gx.internal.cloudapp.net, ports: [REPLICATION=45523, RATIS=46873, RATIS_ADMIN=46873, RATIS_SERVER=46873, STANDALONE=46875], networkLocation: /default-rack, certSerialId: null, persistedOpState: IN_SERVICE, persistedOpStateExpiryEpochSec: 0}, ReplicationConfig: RATIS/ONE, State:ALLOCATED, leaderId:003a9f69-5a4b-437f-80c3-29db2a6995f2, CreationTimestamp2022-10-08T01:40:05.619Z[Etc/UTC]] moved to OPEN state
2022-10-08 01:40:08,760 [EventQueue-OpenPipelineForHealthyPipelineSafeModeRule] INFO  safemode.SCMSafeModeManager (HealthyPipelineSafeModeRule.java:process(137)) - SCM in safe mode. Healthy pipelines reported count is 0, required healthy pipeline reported count is 1
2022-10-08 01:40:08,811 [Listener at 127.0.0.1/34011] INFO  ozone.MiniOzoneClusterImpl (MiniOzoneClusterImpl.java:lambda$waitForClusterToBeReady$0(216)) - Nodes are ready. Got 5 of 5 DN Heartbeats.
2022-10-08 01:40:08,811 [Listener at 127.0.0.1/34011] INFO  ozone.MiniOzoneClusterImpl (MiniOzoneClusterImpl.java:lambda$waitForClusterToBeReady$0(219)) - Waiting for cluster to exit safe mode
2022-10-08 01:40:08,811 [Listener at 127.0.0.1/34011] INFO  ozone.MiniOzoneClusterImpl (MiniOzoneClusterImpl.java:lambda$waitForClusterToBeReady$0(221)) - SCM became leader
2022-10-08 01:40:09,750 [ReplicationMonitor] INFO  replication.ReplicationManager (ReplicationManager.java:processAll(291)) - Replication Manager is not ready to run until 3000ms after safemode exit
2022-10-08 01:40:09,811 [Listener at 127.0.0.1/34011] INFO  ozone.MiniOzoneClusterImpl (MiniOzoneClusterImpl.java:lambda$waitForClusterToBeReady$0(216)) - Nodes are ready. Got 5 of 5 DN Heartbeats.
2022-10-08 01:40:09,811 [Listener at 127.0.0.1/34011] INFO  ozone.MiniOzoneClusterImpl (MiniOzoneClusterImpl.java:lambda$waitForClusterToBeReady$0(219)) - Waiting for cluster to exit safe mode
2022-10-08 01:40:09,811 [Listener at 127.0.0.1/34011] INFO  ozone.MiniOzoneClusterImpl (MiniOzoneClusterImpl.java:lambda$waitForClusterToBeReady$0(221)) - SCM became leader
2022-10-08 01:40:10,238 [7394f723-5f6d-4e16-a6b6-d1556834f31b@group-CC0144AB6A51-FollowerState] INFO  impl.FollowerState (FollowerState.java:run(143)) - 7394f723-5f6d-4e16-a6b6-d1556834f31b@group-CC0144AB6A51-FollowerState: change to CANDIDATE, lastRpcElapsedTime:5029015094ns, electionTimeout:5028ms
2022-10-08 01:40:10,238 [7394f723-5f6d-4e16-a6b6-d1556834f31b@group-CC0144AB6A51-FollowerState] INFO  impl.RoleInfo (RoleInfo.java:shutdownFollowerState(110)) - 7394f723-5f6d-4e16-a6b6-d1556834f31b: shutdown 7394f723-5f6d-4e16-a6b6-d1556834f31b@group-CC0144AB6A51-FollowerState
2022-10-08 01:40:10,238 [7394f723-5f6d-4e16-a6b6-d1556834f31b@group-CC0144AB6A51-FollowerState] INFO  server.RaftServer$Division (RaftServerImpl.java:setRole(299)) - 7394f723-5f6d-4e16-a6b6-d1556834f31b@group-CC0144AB6A51: changes role from  FOLLOWER to CANDIDATE at term 0 for changeToCandidate
2022-10-08 01:40:10,239 [7394f723-5f6d-4e16-a6b6-d1556834f31b@group-CC0144AB6A51-FollowerState] INFO  server.RaftServerConfigKeys (ConfUtils.java:logGet(46)) - raft.server.leaderelection.pre-vote = false (custom)
2022-10-08 01:40:10,239 [7394f723-5f6d-4e16-a6b6-d1556834f31b@group-CC0144AB6A51-FollowerState] INFO  impl.RoleInfo (RoleInfo.java:updateAndGet(139)) - 7394f723-5f6d-4e16-a6b6-d1556834f31b: start 7394f723-5f6d-4e16-a6b6-d1556834f31b@group-CC0144AB6A51-LeaderElection48
2022-10-08 01:40:10,263 [7394f723-5f6d-4e16-a6b6-d1556834f31b@group-CC0144AB6A51-LeaderElection48] INFO  impl.LeaderElection (LeaderElection.java:askForVotes(310)) - 7394f723-5f6d-4e16-a6b6-d1556834f31b@group-CC0144AB6A51-LeaderElection48 ELECTION round 0: submit vote requests at term 1 for -1: [7394f723-5f6d-4e16-a6b6-d1556834f31b|rpc:10.1.0.61:35949|priority:1], old=null
2022-10-08 01:40:10,263 [7394f723-5f6d-4e16-a6b6-d1556834f31b@group-CC0144AB6A51-LeaderElection48] INFO  impl.LeaderElection (LeaderElection.java:askForVotes(312)) - 7394f723-5f6d-4e16-a6b6-d1556834f31b@group-CC0144AB6A51-LeaderElection48 ELECTION round 0: result PASSED (term=1)
2022-10-08 01:40:10,263 [7394f723-5f6d-4e16-a6b6-d1556834f31b@group-CC0144AB6A51-LeaderElection48] INFO  impl.RoleInfo (RoleInfo.java:shutdownLeaderElection(130)) - 7394f723-5f6d-4e16-a6b6-d1556834f31b: shutdown 7394f723-5f6d-4e16-a6b6-d1556834f31b@group-CC0144AB6A51-LeaderElection48
2022-10-08 01:40:10,263 [7394f723-5f6d-4e16-a6b6-d1556834f31b@group-CC0144AB6A51-LeaderElection48] INFO  server.RaftServer$Division (RaftServerImpl.java:setRole(299)) - 7394f723-5f6d-4e16-a6b6-d1556834f31b@group-CC0144AB6A51: changes role from CANDIDATE to LEADER at term 1 for changeToLeader
2022-10-08 01:40:10,263 [7394f723-5f6d-4e16-a6b6-d1556834f31b@group-CC0144AB6A51-LeaderElection48] INFO  ratis.XceiverServerRatis (XceiverServerRatis.java:handleLeaderChangedNotification(863)) - Leader change notification received for group: group-CC0144AB6A51 with new leaderId: 7394f723-5f6d-4e16-a6b6-d1556834f31b
2022-10-08 01:40:10,263 [7394f723-5f6d-4e16-a6b6-d1556834f31b@group-CC0144AB6A51-LeaderElection48] INFO  server.RaftServer$Division (ServerState.java:setLeader(287)) - 7394f723-5f6d-4e16-a6b6-d1556834f31b@group-CC0144AB6A51: change Leader from null to 7394f723-5f6d-4e16-a6b6-d1556834f31b at term 1 for becomeLeader, leader elected after 5067ms
2022-10-08 01:40:10,263 [7394f723-5f6d-4e16-a6b6-d1556834f31b@group-CC0144AB6A51-LeaderElection48] INFO  server.RaftServerConfigKeys (ConfUtils.java:logGet(46)) - raft.server.staging.catchup.gap = 1000 (default)
2022-10-08 01:40:10,264 [EventQueue-OpenPipelineForHealthyPipelineSafeModeRule] INFO  safemode.SCMSafeModeManager (HealthyPipelineSafeModeRule.java:process(137)) - SCM in safe mode. Healthy pipelines reported count is 0, required healthy pipeline reported count is 1
2022-10-08 01:40:10,264 [7394f723-5f6d-4e16-a6b6-d1556834f31b@group-CC0144AB6A51-LeaderElection48] INFO  server.RaftServerConfigKeys (ConfUtils.java:logGet(46)) - raft.server.write.element-limit = 1024 (custom)
2022-10-08 01:40:10,265 [7394f723-5f6d-4e16-a6b6-d1556834f31b@group-CC0144AB6A51-LeaderElection48] INFO  server.RaftServerConfigKeys (ConfUtils.java:logGet(46)) - raft.server.write.byte-limit = 1024 M (=1073741824) (custom)
2022-10-08 01:40:10,265 [7394f723-5f6d-4e16-a6b6-d1556834f31b@group-CC0144AB6A51-LeaderElection48] INFO  server.RaftServerConfigKeys (ConfUtils.java:logGet(46)) - raft.server.watch.timeout = 180s (custom)
2022-10-08 01:40:10,265 [7394f723-5f6d-4e16-a6b6-d1556834f31b@group-CC0144AB6A51-LeaderElection48] INFO  server.RaftServerConfigKeys (ConfUtils.java:logGet(46)) - raft.server.watch.timeout.denomination = 1s (default)
2022-10-08 01:40:10,265 [7394f723-5f6d-4e16-a6b6-d1556834f31b@group-CC0144AB6A51-LeaderElection48] INFO  server.RaftServerConfigKeys (ConfUtils.java:logGet(46)) - raft.server.watch.element-limit = 65536 (default)
2022-10-08 01:40:10,265 [7394f723-5f6d-4e16-a6b6-d1556834f31b@group-CC0144AB6A51-LeaderElection48] INFO  server.RaftServerConfigKeys (ConfUtils.java:logGet(46)) - raft.server.write.element-limit = 1024 (custom)
2022-10-08 01:40:10,265 [7394f723-5f6d-4e16-a6b6-d1556834f31b@group-CC0144AB6A51-LeaderElection48] INFO  server.RaftServerConfigKeys (ConfUtils.java:logGet(46)) - raft.server.write.follower.gap.ratio.max = -1.0 (default)
2022-10-08 01:40:10,265 [7394f723-5f6d-4e16-a6b6-d1556834f31b@group-CC0144AB6A51-LeaderElection48] INFO  impl.RoleInfo (RoleInfo.java:updateAndGet(139)) - 7394f723-5f6d-4e16-a6b6-d1556834f31b: start 7394f723-5f6d-4e16-a6b6-d1556834f31b@group-CC0144AB6A51-LeaderStateImpl
2022-10-08 01:40:10,266 [7394f723-5f6d-4e16-a6b6-d1556834f31b@group-CC0144AB6A51-LeaderElection48] INFO  segmented.SegmentedRaftLogWorker (SegmentedRaftLogWorker.java:startLogSegment(425)) - 7394f723-5f6d-4e16-a6b6-d1556834f31b@group-CC0144AB6A51-SegmentedRaftLogWorker: Starting segment from index:0
2022-10-08 01:40:10,272 [7394f723-5f6d-4e16-a6b6-d1556834f31b@group-CC0144AB6A51-SegmentedRaftLogWorker] INFO  segmented.SegmentedRaftLogWorker (SegmentedRaftLogWorker.java:execute(629)) - 7394f723-5f6d-4e16-a6b6-d1556834f31b@group-CC0144AB6A51-SegmentedRaftLogWorker: created new log segment /home/runner/work/ozone/ozone/hadoop-ozone/integration-test/target/test-dir/MiniOzoneClusterImpl-f835b163-d90e-48f8-926f-823f898330c6/datanode-2/data/ratis/77e00fde-82df-4ed6-9a82-cc0144ab6a51/current/log_inprogress_0
2022-10-08 01:40:10,287 [7394f723-5f6d-4e16-a6b6-d1556834f31b@group-CC0144AB6A51-LeaderElection48] INFO  server.RaftServer$Division (ServerState.java:setRaftConf(393)) - 7394f723-5f6d-4e16-a6b6-d1556834f31b@group-CC0144AB6A51: set configuration 0: [7394f723-5f6d-4e16-a6b6-d1556834f31b|rpc:10.1.0.61:35949|dataStream:|priority:1], old=null
2022-10-08 01:40:10,750 [ReplicationMonitor] INFO  replication.ReplicationManager (ReplicationManager.java:processAll(291)) - Replication Manager is not ready to run until 3000ms after safemode exit
2022-10-08 01:40:10,812 [Listener at 127.0.0.1/34011] INFO  ozone.MiniOzoneClusterImpl (MiniOzoneClusterImpl.java:lambda$waitForClusterToBeReady$0(216)) - Nodes are ready. Got 5 of 5 DN Heartbeats.
2022-10-08 01:40:10,812 [Listener at 127.0.0.1/34011] INFO  ozone.MiniOzoneClusterImpl (MiniOzoneClusterImpl.java:lambda$waitForClusterToBeReady$0(219)) - Waiting for cluster to exit safe mode
2022-10-08 01:40:10,812 [Listener at 127.0.0.1/34011] INFO  ozone.MiniOzoneClusterImpl (MiniOzoneClusterImpl.java:lambda$waitForClusterToBeReady$0(221)) - SCM became leader
2022-10-08 01:40:10,888 [Command processor thread] INFO  server.RaftServer (RaftServerProxy.java:addNew(96)) - 53122d56-b231-44b5-a0d2-96edf7742e5e: addNew group-A6C97E8E944B:[53122d56-b231-44b5-a0d2-96edf7742e5e|rpc:10.1.0.61:35669|priority:1] returns group-A6C97E8E944B:java.util.concurrent.CompletableFuture@2eaa7596[Not completed]
2022-10-08 01:40:10,944 [pool-1388-thread-1] INFO  server.RaftServer$Division (RaftServerImpl.java:<init>(190)) - 53122d56-b231-44b5-a0d2-96edf7742e5e: new RaftServerImpl for group-A6C97E8E944B:[53122d56-b231-44b5-a0d2-96edf7742e5e|rpc:10.1.0.61:35669|priority:1] with ContainerStateMachine:uninitialized
2022-10-08 01:40:10,944 [pool-1388-thread-1] INFO  server.RaftServerConfigKeys (ConfUtils.java:logGet(46)) - raft.server.rpc.timeout.min = 5s (custom)
2022-10-08 01:40:10,944 [pool-1388-thread-1] INFO  server.RaftServerConfigKeys (ConfUtils.java:logGet(46)) - raft.server.rpc.timeout.max = 5200ms (custom)
2022-10-08 01:40:10,944 [pool-1388-thread-1] INFO  server.RaftServerConfigKeys (ConfUtils.java:logGet(46)) - raft.server.rpc.sleep.time = 25ms (default)
2022-10-08 01:40:10,944 [pool-1388-thread-1] INFO  server.RaftServerConfigKeys (ConfUtils.java:logGet(46)) - raft.server.rpc.slowness.timeout = 300s (custom)
2022-10-08 01:40:10,944 [pool-1388-thread-1] INFO  server.RaftServerConfigKeys (ConfUtils.java:logGet(46)) - raft.server.leaderelection.leader.step-down.wait-time = 10s (default)
2022-10-08 01:40:10,944 [pool-1388-thread-1] INFO  server.RaftServerConfigKeys (ConfUtils.java:logGet(46)) - raft.server.sleep.deviation.threshold = 300ms (default)
2022-10-08 01:40:10,945 [pool-1388-thread-1] INFO  server.RaftServer$Division (ServerState.java:<init>(107)) - 53122d56-b231-44b5-a0d2-96edf7742e5e@group-A6C97E8E944B: ConfigurationManager, init=-1: [53122d56-b231-44b5-a0d2-96edf7742e5e|rpc:10.1.0.61:35669|priority:1], old=null, confs=<EMPTY_MAP>
2022-10-08 01:40:10,945 [pool-1388-thread-1] INFO  server.RaftServerConfigKeys (ConfUtils.java:logGet(46)) - raft.server.storage.dir = [/home/runner/work/ozone/ozone/hadoop-ozone/integration-test/target/test-dir/MiniOzoneClusterImpl-f835b163-d90e-48f8-926f-823f898330c6/datanode-4/data/ratis] (custom)
2022-10-08 01:40:10,945 [pool-1388-thread-1] INFO  server.RaftServerConfigKeys (ConfUtils.java:logGet(46)) - raft.server.log.corruption.policy = EXCEPTION (default)
2022-10-08 01:40:10,945 [pool-1388-thread-1] INFO  server.RaftServerConfigKeys (ConfUtils.java:logGet(46)) - raft.server.storage.free-space.min = 0MB (=0) (default)
2022-10-08 01:40:10,945 [pool-1388-thread-1] INFO  storage.RaftStorageDirectory (RaftStorageDirectoryImpl.java:analyzeStorage(135)) - The storage directory /home/runner/work/ozone/ozone/hadoop-ozone/integration-test/target/test-dir/MiniOzoneClusterImpl-f835b163-d90e-48f8-926f-823f898330c6/datanode-4/data/ratis/1871dfbc-b2f3-4b72-9b95-a6c97e8e944b does not exist. Creating ...
2022-10-08 01:40:10,969 [pool-1388-thread-1] INFO  storage.RaftStorageDirectory (RaftStorageDirectoryImpl.java:tryLock(230)) - Lock on /home/runner/work/ozone/ozone/hadoop-ozone/integration-test/target/test-dir/MiniOzoneClusterImpl-f835b163-d90e-48f8-926f-823f898330c6/datanode-4/data/ratis/1871dfbc-b2f3-4b72-9b95-a6c97e8e944b/in_use.lock acquired by nodename 52807@fv-az180-867
2022-10-08 01:40:11,021 [pool-1388-thread-1] INFO  storage.RaftStorage (RaftStorageImpl.java:format(89)) - Storage directory /home/runner/work/ozone/ozone/hadoop-ozone/integration-test/target/test-dir/MiniOzoneClusterImpl-f835b163-d90e-48f8-926f-823f898330c6/datanode-4/data/ratis/1871dfbc-b2f3-4b72-9b95-a6c97e8e944b has been successfully formatted.
2022-10-08 01:40:11,070 [pool-1388-thread-1] INFO  ratis.ContainerStateMachine (ContainerStateMachine.java:loadSnapshot(236)) - group-A6C97E8E944B: The snapshot info is null. Setting the last applied indexto:(t:0, i:~)
2022-10-08 01:40:11,071 [pool-1388-thread-1] INFO  server.RaftServerConfigKeys (ConfUtils.java:logGet(46)) - raft.server.notification.no-leader.timeout = 300s (custom)
2022-10-08 01:40:11,071 [pool-1388-thread-1] INFO  server.RaftServerConfigKeys (ConfUtils.java:logGet(46)) - raft.server.log.use.memory = false (default)
2022-10-08 01:40:11,071 [pool-1388-thread-1] INFO  server.RaftServerConfigKeys (ConfUtils.java:logGet(46)) - raft.server.log.purge.gap = 1000000 (custom)
2022-10-08 01:40:11,071 [pool-1388-thread-1] INFO  server.RaftServerConfigKeys (ConfUtils.java:logGet(46)) - raft.server.log.appender.buffer.byte-limit = 33554432 (custom)
2022-10-08 01:40:11,071 [pool-1388-thread-1] INFO  server.RaftServerConfigKeys (ConfUtils.java:logGet(46)) - raft.server.log.statemachine.data.read.timeout = 1000ms (default)
2022-10-08 01:40:11,071 [pool-1388-thread-1] INFO  server.RaftServerConfigKeys (ConfUtils.java:logGet(46)) - raft.server.log.segment.size.max = 1048576 (custom)
2022-10-08 01:40:11,072 [pool-1388-thread-1] INFO  server.RaftServerConfigKeys (ConfUtils.java:logGet(46)) - raft.server.log.segment.cache.num.max = 2 (custom)
2022-10-08 01:40:11,072 [pool-1388-thread-1] INFO  server.RaftServerConfigKeys (ConfUtils.java:logGet(46)) - raft.server.log.segment.cache.size.max = 200MB (=209715200) (default)
2022-10-08 01:40:11,072 [pool-1388-thread-1] INFO  segmented.SegmentedRaftLogWorker (SegmentedRaftLogWorker.java:<init>(187)) - new 53122d56-b231-44b5-a0d2-96edf7742e5e@group-A6C97E8E944B-SegmentedRaftLogWorker for RaftStorageImpl:Storage Directory /home/runner/work/ozone/ozone/hadoop-ozone/integration-test/target/test-dir/MiniOzoneClusterImpl-f835b163-d90e-48f8-926f-823f898330c6/datanode-4/data/ratis/1871dfbc-b2f3-4b72-9b95-a6c97e8e944b
2022-10-08 01:40:11,072 [pool-1388-thread-1] INFO  server.RaftServerConfigKeys (ConfUtils.java:logGet(46)) - raft.server.log.queue.byte-limit = 4294967296 (custom)
2022-10-08 01:40:11,072 [pool-1388-thread-1] INFO  server.RaftServerConfigKeys (ConfUtils.java:logGet(46)) - raft.server.log.queue.element-limit = 1024 (custom)
2022-10-08 01:40:11,072 [pool-1388-thread-1] INFO  server.RaftServerConfigKeys (ConfUtils.java:logGet(46)) - raft.server.log.segment.size.max = 1048576 (custom)
2022-10-08 01:40:11,072 [pool-1388-thread-1] INFO  server.RaftServerConfigKeys (ConfUtils.java:logGet(46)) - raft.server.log.preallocated.size = 16384 (custom)
2022-10-08 01:40:11,072 [pool-1388-thread-1] INFO  server.RaftServerConfigKeys (ConfUtils.java:logGet(46)) - raft.server.log.force.sync.num = 128 (default)
2022-10-08 01:40:11,072 [pool-1388-thread-1] INFO  server.RaftServerConfigKeys (ConfUtils.java:logGet(46)) - raft.server.log.statemachine.data.sync = true (default)
2022-10-08 01:40:11,072 [pool-1388-thread-1] INFO  server.RaftServerConfigKeys (ConfUtils.java:logGet(46)) - raft.server.log.statemachine.data.sync.timeout = 10s (default)
2022-10-08 01:40:11,072 [pool-1388-thread-1] INFO  server.RaftServerConfigKeys (ConfUtils.java:logGet(46)) - raft.server.log.statemachine.data.sync.timeout.retry = -1 (default)
2022-10-08 01:40:11,074 [pool-1388-thread-1] INFO  server.RaftServerConfigKeys (ConfUtils.java:logGet(46)) - raft.server.log.write.buffer.size = 1048576 (custom)
2022-10-08 01:40:11,074 [pool-1388-thread-1] INFO  server.RaftServerConfigKeys (ConfUtils.java:logGet(46)) - raft.server.log.unsafe-flush.enabled = false (default)
2022-10-08 01:40:11,074 [pool-1388-thread-1] INFO  server.RaftServerConfigKeys (ConfUtils.java:logGet(46)) - raft.server.log.statemachine.data.caching.enabled = true (custom)
2022-10-08 01:40:11,074 [pool-1388-thread-1] INFO  segmented.SegmentedRaftLogWorker (SegmentedRaftLogWorker.java:lambda$new$0(135)) - 53122d56-b231-44b5-a0d2-96edf7742e5e@group-A6C97E8E944B-SegmentedRaftLogWorker: flushIndex: setUnconditionally 0 -> -1
2022-10-08 01:40:11,074 [pool-1388-thread-1] INFO  segmented.SegmentedRaftLogWorker (SegmentedRaftLogWorker.java:lambda$new$0(135)) - 53122d56-b231-44b5-a0d2-96edf7742e5e@group-A6C97E8E944B-SegmentedRaftLogWorker: safeCacheEvictIndex: setUnconditionally 0 -> -1
2022-10-08 01:40:11,088 [EventQueue-PipelineReportForPipelineReportHandler] INFO  pipeline.PipelineManagerImpl (PipelineManagerImpl.java:openPipeline(367)) - Pipeline Pipeline[ Id: 1871dfbc-b2f3-4b72-9b95-a6c97e8e944b, Nodes: 53122d56-b231-44b5-a0d2-96edf7742e5e{ip: 10.1.0.61, host: fv-az180-867.g3pwtgv4ffyuhaixmbmm0kyh3d.gx.internal.cloudapp.net, ports: [REPLICATION=40939, RATIS=35669, RATIS_ADMIN=35669, RATIS_SERVER=35669, STANDALONE=35807], networkLocation: /default-rack, certSerialId: null, persistedOpState: IN_SERVICE, persistedOpStateExpiryEpochSec: 0}, ReplicationConfig: RATIS/ONE, State:ALLOCATED, leaderId:53122d56-b231-44b5-a0d2-96edf7742e5e, CreationTimestamp2022-10-08T01:40:07.965Z[Etc/UTC]] moved to OPEN state
2022-10-08 01:40:11,088 [EventQueue-OpenPipelineForHealthyPipelineSafeModeRule] INFO  safemode.SCMSafeModeManager (HealthyPipelineSafeModeRule.java:process(137)) - SCM in safe mode. Healthy pipelines reported count is 0, required healthy pipeline reported count is 1
2022-10-08 01:40:11,108 [pool-1388-thread-1] INFO  server.RaftServerConfigKeys (ConfUtils.java:logGet(46)) - raft.server.snapshot.auto.trigger.enabled = true (custom)
2022-10-08 01:40:11,108 [pool-1388-thread-1] INFO  server.RaftServerConfigKeys (ConfUtils.java:logGet(46)) - raft.server.snapshot.auto.trigger.threshold = 10000 (custom)
2022-10-08 01:40:11,108 [pool-1388-thread-1] INFO  server.RaftServerConfigKeys (ConfUtils.java:logGet(46)) - raft.server.snapshot.retention.file.num = 5 (custom)
2022-10-08 01:40:11,108 [pool-1388-thread-1] INFO  server.RaftServerConfigKeys (ConfUtils.java:logGet(46)) - raft.server.log.purge.upto.snapshot.index = false (default)
2022-10-08 01:40:11,108 [pool-1388-thread-1] INFO  server.RaftServerConfigKeys (ConfUtils.java:logGet(46)) - raft.server.retrycache.expirytime = 600000ms (custom)
2022-10-08 01:40:11,108 [pool-1388-thread-1] INFO  server.RaftServerConfigKeys (ConfUtils.java:logGet(46)) - raft.server.retrycache.statistics.expirytime = 100μs (default)
2022-10-08 01:40:11,109 [pool-1388-thread-1] INFO  server.RaftServerConfigKeys (ConfUtils.java:logGet(46)) - raft.server.log.appender.install.snapshot.enabled = false (custom)
2022-10-08 01:40:11,109 [pool-1388-thread-1] INFO  server.RaftServerConfigKeys (ConfUtils.java:logGet(46)) - raft.server.threadpool.server.cached = true (default)
2022-10-08 01:40:11,109 [pool-1388-thread-1] INFO  server.RaftServerConfigKeys (ConfUtils.java:logGet(46)) - raft.server.threadpool.server.size = 0 (default)
2022-10-08 01:40:11,109 [pool-1388-thread-1] INFO  server.RaftServerConfigKeys (ConfUtils.java:logGet(46)) - raft.server.threadpool.client.cached = true (default)
2022-10-08 01:40:11,109 [pool-1388-thread-1] INFO  server.RaftServerConfigKeys (ConfUtils.java:logGet(46)) - raft.server.threadpool.client.size = 0 (default)
2022-10-08 01:40:11,109 [pool-1388-thread-1] INFO  server.RaftServer$Division (RaftServerImpl.java:start(310)) - 53122d56-b231-44b5-a0d2-96edf7742e5e@group-A6C97E8E944B: start as a follower, conf=-1: [53122d56-b231-44b5-a0d2-96edf7742e5e|rpc:10.1.0.61:35669|priority:1], old=null
2022-10-08 01:40:11,109 [pool-1388-thread-1] INFO  server.RaftServer$Division (RaftServerImpl.java:setRole(299)) - 53122d56-b231-44b5-a0d2-96edf7742e5e@group-A6C97E8E944B: changes role from      null to FOLLOWER at term 0 for startAsFollower
2022-10-08 01:40:11,109 [pool-1388-thread-1] INFO  impl.RoleInfo (RoleInfo.java:updateAndGet(139)) - 53122d56-b231-44b5-a0d2-96edf7742e5e: start 53122d56-b231-44b5-a0d2-96edf7742e5e@group-A6C97E8E944B-FollowerState
2022-10-08 01:40:11,110 [pool-1388-thread-1] INFO  util.JmxRegister (JmxRegister.java:tryRegister(44)) - Successfully registered JMX Bean with object name Ratis:service=RaftServer,group=group-A6C97E8E944B,id=53122d56-b231-44b5-a0d2-96edf7742e5e
2022-10-08 01:40:11,140 [Command processor thread] INFO  ratis.XceiverServerRatis (XceiverServerRatis.java:addGroup(765)) - Created group PipelineID=1871dfbc-b2f3-4b72-9b95-a6c97e8e944b
2022-10-08 01:40:11,140 [Command processor thread] INFO  commandhandler.CreatePipelineCommandHandler (CreatePipelineCommandHandler.java:handle(113)) - Created Pipeline RATIS ONE PipelineID=1871dfbc-b2f3-4b72-9b95-a6c97e8e944b.
2022-10-08 01:40:11,750 [ReplicationMonitor] INFO  replication.ReplicationManager (ReplicationManager.java:processAll(291)) - Replication Manager is not ready to run until 3000ms after safemode exit
2022-10-08 01:40:11,812 [Listener at 127.0.0.1/34011] INFO  ozone.MiniOzoneClusterImpl (MiniOzoneClusterImpl.java:lambda$waitForClusterToBeReady$0(216)) - Nodes are ready. Got 5 of 5 DN Heartbeats.
2022-10-08 01:40:11,812 [Listener at 127.0.0.1/34011] INFO  ozone.MiniOzoneClusterImpl (MiniOzoneClusterImpl.java:lambda$waitForClusterToBeReady$0(219)) - Waiting for cluster to exit safe mode
2022-10-08 01:40:11,812 [Listener at 127.0.0.1/34011] INFO  ozone.MiniOzoneClusterImpl (MiniOzoneClusterImpl.java:lambda$waitForClusterToBeReady$0(221)) - SCM became leader
2022-10-08 01:40:12,751 [ReplicationMonitor] INFO  replication.ReplicationManager (ReplicationManager.java:processAll(291)) - Replication Manager is not ready to run until 3000ms after safemode exit
2022-10-08 01:40:12,812 [Listener at 127.0.0.1/34011] INFO  ozone.MiniOzoneClusterImpl (MiniOzoneClusterImpl.java:lambda$waitForClusterToBeReady$0(216)) - Nodes are ready. Got 5 of 5 DN Heartbeats.
2022-10-08 01:40:12,812 [Listener at 127.0.0.1/34011] INFO  ozone.MiniOzoneClusterImpl (MiniOzoneClusterImpl.java:lambda$waitForClusterToBeReady$0(219)) - Waiting for cluster to exit safe mode
2022-10-08 01:40:12,812 [Listener at 127.0.0.1/34011] INFO  ozone.MiniOzoneClusterImpl (MiniOzoneClusterImpl.java:lambda$waitForClusterToBeReady$0(221)) - SCM became leader
2022-10-08 01:40:13,500 [1b06eb26-cd88-4c30-b02a-c0b828ed8899@group-4350393D8822-FollowerState] INFO  impl.FollowerState (FollowerState.java:run(143)) - 1b06eb26-cd88-4c30-b02a-c0b828ed8899@group-4350393D8822-FollowerState: change to CANDIDATE, lastRpcElapsedTime:5095061209ns, electionTimeout:5060ms
2022-10-08 01:40:13,500 [1b06eb26-cd88-4c30-b02a-c0b828ed8899@group-4350393D8822-FollowerState] INFO  impl.RoleInfo (RoleInfo.java:shutdownFollowerState(110)) - 1b06eb26-cd88-4c30-b02a-c0b828ed8899: shutdown 1b06eb26-cd88-4c30-b02a-c0b828ed8899@group-4350393D8822-FollowerState
2022-10-08 01:40:13,500 [1b06eb26-cd88-4c30-b02a-c0b828ed8899@group-4350393D8822-FollowerState] INFO  server.RaftServer$Division (RaftServerImpl.java:setRole(299)) - 1b06eb26-cd88-4c30-b02a-c0b828ed8899@group-4350393D8822: changes role from  FOLLOWER to CANDIDATE at term 1 for changeToCandidate
2022-10-08 01:40:13,500 [1b06eb26-cd88-4c30-b02a-c0b828ed8899@group-4350393D8822-FollowerState] INFO  server.RaftServerConfigKeys (ConfUtils.java:logGet(46)) - raft.server.leaderelection.pre-vote = false (custom)
2022-10-08 01:40:13,500 [1b06eb26-cd88-4c30-b02a-c0b828ed8899@group-4350393D8822-FollowerState] INFO  impl.RoleInfo (RoleInfo.java:updateAndGet(139)) - 1b06eb26-cd88-4c30-b02a-c0b828ed8899: start 1b06eb26-cd88-4c30-b02a-c0b828ed8899@group-4350393D8822-LeaderElection49
2022-10-08 01:40:13,571 [1b06eb26-cd88-4c30-b02a-c0b828ed8899@group-4350393D8822-LeaderElection49] INFO  impl.LeaderElection (LeaderElection.java:askForVotes(310)) - 1b06eb26-cd88-4c30-b02a-c0b828ed8899@group-4350393D8822-LeaderElection49 ELECTION round 0: submit vote requests at term 2 for -1: [7394f723-5f6d-4e16-a6b6-d1556834f31b|rpc:10.1.0.61:35949|priority:1, 1b06eb26-cd88-4c30-b02a-c0b828ed8899|rpc:10.1.0.61:37511|priority:0, 291612d5-8a25-468b-b904-396bb29bc5a8|rpc:10.1.0.61:34923|priority:0], old=null
2022-10-08 01:40:13,581 [7394f723-5f6d-4e16-a6b6-d1556834f31b@group-4350393D8822-FollowerState] INFO  impl.FollowerState (FollowerState.java:run(143)) - 7394f723-5f6d-4e16-a6b6-d1556834f31b@group-4350393D8822-FollowerState: change to CANDIDATE, lastRpcElapsedTime:5232141178ns, electionTimeout:5175ms
2022-10-08 01:40:13,581 [7394f723-5f6d-4e16-a6b6-d1556834f31b@group-4350393D8822-FollowerState] INFO  impl.RoleInfo (RoleInfo.java:shutdownFollowerState(110)) - 7394f723-5f6d-4e16-a6b6-d1556834f31b: shutdown 7394f723-5f6d-4e16-a6b6-d1556834f31b@group-4350393D8822-FollowerState
2022-10-08 01:40:13,581 [7394f723-5f6d-4e16-a6b6-d1556834f31b@group-4350393D8822-FollowerState] INFO  server.RaftServer$Division (RaftServerImpl.java:setRole(299)) - 7394f723-5f6d-4e16-a6b6-d1556834f31b@group-4350393D8822: changes role from  FOLLOWER to CANDIDATE at term 1 for changeToCandidate
2022-10-08 01:40:13,581 [7394f723-5f6d-4e16-a6b6-d1556834f31b@group-4350393D8822-FollowerState] INFO  server.RaftServerConfigKeys (ConfUtils.java:logGet(46)) - raft.server.leaderelection.pre-vote = false (custom)
2022-10-08 01:40:13,581 [7394f723-5f6d-4e16-a6b6-d1556834f31b@group-4350393D8822-FollowerState] INFO  impl.RoleInfo (RoleInfo.java:updateAndGet(139)) - 7394f723-5f6d-4e16-a6b6-d1556834f31b: start 7394f723-5f6d-4e16-a6b6-d1556834f31b@group-4350393D8822-LeaderElection50
2022-10-08 01:40:13,608 [291612d5-8a25-468b-b904-396bb29bc5a8@group-4350393D8822-FollowerState] INFO  impl.FollowerState (FollowerState.java:run(143)) - 291612d5-8a25-468b-b904-396bb29bc5a8@group-4350393D8822-FollowerState: change to CANDIDATE, lastRpcElapsedTime:5088805551ns, electionTimeout:5077ms
2022-10-08 01:40:13,608 [291612d5-8a25-468b-b904-396bb29bc5a8@group-4350393D8822-FollowerState] INFO  impl.RoleInfo (RoleInfo.java:shutdownFollowerState(110)) - 291612d5-8a25-468b-b904-396bb29bc5a8: shutdown 291612d5-8a25-468b-b904-396bb29bc5a8@group-4350393D8822-FollowerState
2022-10-08 01:40:13,608 [291612d5-8a25-468b-b904-396bb29bc5a8@group-4350393D8822-FollowerState] INFO  server.RaftServer$Division (RaftServerImpl.java:setRole(299)) - 291612d5-8a25-468b-b904-396bb29bc5a8@group-4350393D8822: changes role from  FOLLOWER to CANDIDATE at term 1 for changeToCandidate
2022-10-08 01:40:13,608 [291612d5-8a25-468b-b904-396bb29bc5a8@group-4350393D8822-FollowerState] INFO  server.RaftServerConfigKeys (ConfUtils.java:logGet(46)) - raft.server.leaderelection.pre-vote = false (custom)
2022-10-08 01:40:13,608 [291612d5-8a25-468b-b904-396bb29bc5a8@group-4350393D8822-FollowerState] INFO  impl.RoleInfo (RoleInfo.java:updateAndGet(139)) - 291612d5-8a25-468b-b904-396bb29bc5a8: start 291612d5-8a25-468b-b904-396bb29bc5a8@group-4350393D8822-LeaderElection51
2022-10-08 01:40:13,659 [grpc-default-executor-11] INFO  server.RaftServer$Division (RaftServerImpl.java:requestVote(1152)) - 7394f723-5f6d-4e16-a6b6-d1556834f31b@group-4350393D8822: receive requestVote(ELECTION, 1b06eb26-cd88-4c30-b02a-c0b828ed8899, group-4350393D8822, 2, (t:0, i:0))
2022-10-08 01:40:13,659 [grpc-default-executor-11] INFO  impl.VoteContext (VoteContext.java:log(48)) - 7394f723-5f6d-4e16-a6b6-d1556834f31b@group-4350393D8822-CANDIDATE: reject ELECTION from 1b06eb26-cd88-4c30-b02a-c0b828ed8899: our priority 1 > candidate's priority 0
2022-10-08 01:40:13,659 [grpc-default-executor-11] INFO  server.RaftServer$Division (RaftServerImpl.java:setRole(299)) - 7394f723-5f6d-4e16-a6b6-d1556834f31b@group-4350393D8822: changes role from CANDIDATE to FOLLOWER at term 2 for candidate:1b06eb26-cd88-4c30-b02a-c0b828ed8899
2022-10-08 01:40:13,659 [grpc-default-executor-11] INFO  impl.RoleInfo (RoleInfo.java:shutdownLeaderElection(130)) - 7394f723-5f6d-4e16-a6b6-d1556834f31b: shutdown 7394f723-5f6d-4e16-a6b6-d1556834f31b@group-4350393D8822-LeaderElection50
2022-10-08 01:40:13,680 [7394f723-5f6d-4e16-a6b6-d1556834f31b@group-4350393D8822-LeaderElection50] INFO  impl.LeaderElection (LeaderElection.java:run(231)) - 7394f723-5f6d-4e16-a6b6-d1556834f31b@group-4350393D8822-LeaderElection50: skip running since this is already CLOSING
2022-10-08 01:40:13,680 [grpc-default-executor-11] INFO  impl.RoleInfo (RoleInfo.java:updateAndGet(139)) - 7394f723-5f6d-4e16-a6b6-d1556834f31b: start 7394f723-5f6d-4e16-a6b6-d1556834f31b@group-4350393D8822-FollowerState
2022-10-08 01:40:13,681 [grpc-default-executor-14] INFO  server.RaftServer$Division (RaftServerImpl.java:requestVote(1152)) - 291612d5-8a25-468b-b904-396bb29bc5a8@group-4350393D8822: receive requestVote(ELECTION, 1b06eb26-cd88-4c30-b02a-c0b828ed8899, group-4350393D8822, 2, (t:0, i:0))
2022-10-08 01:40:13,732 [grpc-default-executor-14] INFO  impl.VoteContext (VoteContext.java:log(48)) - 291612d5-8a25-468b-b904-396bb29bc5a8@group-4350393D8822-CANDIDATE: reject ELECTION from 1b06eb26-cd88-4c30-b02a-c0b828ed8899: already has voted for 291612d5-8a25-468b-b904-396bb29bc5a8 at current term 2
2022-10-08 01:40:13,732 [grpc-default-executor-14] INFO  server.RaftServer$Division (RaftServerImpl.java:requestVote(1184)) - 291612d5-8a25-468b-b904-396bb29bc5a8@group-4350393D8822 replies to ELECTION vote request: 1b06eb26-cd88-4c30-b02a-c0b828ed8899<-291612d5-8a25-468b-b904-396bb29bc5a8#0:FAIL-t2. Peer's state: 291612d5-8a25-468b-b904-396bb29bc5a8@group-4350393D8822:t2, leader=null, voted=291612d5-8a25-468b-b904-396bb29bc5a8, raftlog=291612d5-8a25-468b-b904-396bb29bc5a8@group-4350393D8822-SegmentedRaftLog:OPENED:c-1, conf=-1: [7394f723-5f6d-4e16-a6b6-d1556834f31b|rpc:10.1.0.61:35949|dataStream:|priority:1, 1b06eb26-cd88-4c30-b02a-c0b828ed8899|rpc:10.1.0.61:37511|dataStream:|priority:0, 291612d5-8a25-468b-b904-396bb29bc5a8|rpc:10.1.0.61:34923|dataStream:|priority:0], old=null
2022-10-08 01:40:13,696 [grpc-default-executor-11] INFO  server.RaftServer$Division (RaftServerImpl.java:requestVote(1184)) - 7394f723-5f6d-4e16-a6b6-d1556834f31b@group-4350393D8822 replies to ELECTION vote request: 1b06eb26-cd88-4c30-b02a-c0b828ed8899<-7394f723-5f6d-4e16-a6b6-d1556834f31b#0:FAIL-t2. Peer's state: 7394f723-5f6d-4e16-a6b6-d1556834f31b@group-4350393D8822:t2, leader=null, voted=null, raftlog=7394f723-5f6d-4e16-a6b6-d1556834f31b@group-4350393D8822-SegmentedRaftLog:OPENED:c-1, conf=-1: [7394f723-5f6d-4e16-a6b6-d1556834f31b|rpc:10.1.0.61:35949|dataStream:|priority:1, 1b06eb26-cd88-4c30-b02a-c0b828ed8899|rpc:10.1.0.61:37511|dataStream:|priority:0, 291612d5-8a25-468b-b904-396bb29bc5a8|rpc:10.1.0.61:34923|dataStream:|priority:0], old=null
2022-10-08 01:40:13,689 [291612d5-8a25-468b-b904-396bb29bc5a8@group-4350393D8822-LeaderElection51] INFO  impl.LeaderElection (LeaderElection.java:askForVotes(310)) - 291612d5-8a25-468b-b904-396bb29bc5a8@group-4350393D8822-LeaderElection51 ELECTION round 0: submit vote requests at term 2 for -1: [7394f723-5f6d-4e16-a6b6-d1556834f31b|rpc:10.1.0.61:35949|dataStream:|priority:1, 1b06eb26-cd88-4c30-b02a-c0b828ed8899|rpc:10.1.0.61:37511|dataStream:|priority:0, 291612d5-8a25-468b-b904-396bb29bc5a8|rpc:10.1.0.61:34923|dataStream:|priority:0], old=null
2022-10-08 01:40:13,749 [003a9f69-5a4b-437f-80c3-29db2a6995f2@group-9A4DFA992521-FollowerState] INFO  impl.FollowerState (FollowerState.java:run(143)) - 003a9f69-5a4b-437f-80c3-29db2a6995f2@group-9A4DFA992521-FollowerState: change to CANDIDATE, lastRpcElapsedTime:5094142322ns, electionTimeout:5071ms
2022-10-08 01:40:13,749 [003a9f69-5a4b-437f-80c3-29db2a6995f2@group-9A4DFA992521-FollowerState] INFO  impl.RoleInfo (RoleInfo.java:shutdownFollowerState(110)) - 003a9f69-5a4b-437f-80c3-29db2a6995f2: shutdown 003a9f69-5a4b-437f-80c3-29db2a6995f2@group-9A4DFA992521-FollowerState
2022-10-08 01:40:13,749 [003a9f69-5a4b-437f-80c3-29db2a6995f2@group-9A4DFA992521-FollowerState] INFO  server.RaftServer$Division (RaftServerImpl.java:setRole(299)) - 003a9f69-5a4b-437f-80c3-29db2a6995f2@group-9A4DFA992521: changes role from  FOLLOWER to CANDIDATE at term 0 for changeToCandidate
2022-10-08 01:40:13,751 [ReplicationMonitor] INFO  replication.ReplicationManager (ReplicationManager.java:processAll(291)) - Replication Manager is not ready to run until 3000ms after safemode exit
2022-10-08 01:40:13,808 [003a9f69-5a4b-437f-80c3-29db2a6995f2@group-9A4DFA992521-FollowerState] INFO  server.RaftServerConfigKeys (ConfUtils.java:logGet(46)) - raft.server.leaderelection.pre-vote = false (custom)
2022-10-08 01:40:13,808 [003a9f69-5a4b-437f-80c3-29db2a6995f2@group-9A4DFA992521-FollowerState] INFO  impl.RoleInfo (RoleInfo.java:updateAndGet(139)) - 003a9f69-5a4b-437f-80c3-29db2a6995f2: start 003a9f69-5a4b-437f-80c3-29db2a6995f2@group-9A4DFA992521-LeaderElection52
2022-10-08 01:40:13,812 [grpc-default-executor-14] INFO  server.RaftServer$Division (RaftServerImpl.java:requestVote(1152)) - 7394f723-5f6d-4e16-a6b6-d1556834f31b@group-4350393D8822: receive requestVote(ELECTION, 291612d5-8a25-468b-b904-396bb29bc5a8, group-4350393D8822, 2, (t:0, i:0))
2022-10-08 01:40:13,812 [grpc-default-executor-14] INFO  impl.VoteContext (VoteContext.java:log(48)) - 7394f723-5f6d-4e16-a6b6-d1556834f31b@group-4350393D8822-FOLLOWER: reject ELECTION from 291612d5-8a25-468b-b904-396bb29bc5a8: our priority 1 > candidate's priority 0
2022-10-08 01:40:13,812 [grpc-default-executor-14] INFO  server.RaftServer$Division (RaftServerImpl.java:setRole(299)) - 7394f723-5f6d-4e16-a6b6-d1556834f31b@group-4350393D8822: changes role from  FOLLOWER to FOLLOWER at term 2 for candidate:291612d5-8a25-468b-b904-396bb29bc5a8
2022-10-08 01:40:13,812 [grpc-default-executor-14] INFO  impl.RoleInfo (RoleInfo.java:shutdownFollowerState(110)) - 7394f723-5f6d-4e16-a6b6-d1556834f31b: shutdown 7394f723-5f6d-4e16-a6b6-d1556834f31b@group-4350393D8822-FollowerState
2022-10-08 01:40:13,816 [Listener at 127.0.0.1/34011] INFO  ozone.MiniOzoneClusterImpl (MiniOzoneClusterImpl.java:lambda$waitForClusterToBeReady$0(216)) - Nodes are ready. Got 5 of 5 DN Heartbeats.
2022-10-08 01:40:13,816 [Listener at 127.0.0.1/34011] INFO  ozone.MiniOzoneClusterImpl (MiniOzoneClusterImpl.java:lambda$waitForClusterToBeReady$0(219)) - Waiting for cluster to exit safe mode
2022-10-08 01:40:13,816 [Listener at 127.0.0.1/34011] INFO  ozone.MiniOzoneClusterImpl (MiniOzoneClusterImpl.java:lambda$waitForClusterToBeReady$0(221)) - SCM became leader
2022-10-08 01:40:13,836 [1b06eb26-cd88-4c30-b02a-c0b828ed8899@group-4350393D8822-LeaderElection49] INFO  impl.LeaderElection (LeaderElection.java:logAndReturn(90)) - 1b06eb26-cd88-4c30-b02a-c0b828ed8899@group-4350393D8822-LeaderElection49: ELECTION REJECTED received 2 response(s) and 0 exception(s):
2022-10-08 01:40:13,836 [1b06eb26-cd88-4c30-b02a-c0b828ed8899@group-4350393D8822-LeaderElection49] INFO  impl.LeaderElection (LeaderElection.java:logAndReturn(94)) -   Response 0: 1b06eb26-cd88-4c30-b02a-c0b828ed8899<-7394f723-5f6d-4e16-a6b6-d1556834f31b#0:FAIL-t2
2022-10-08 01:40:13,836 [1b06eb26-cd88-4c30-b02a-c0b828ed8899@group-4350393D8822-LeaderElection49] INFO  impl.LeaderElection (LeaderElection.java:logAndReturn(94)) -   Response 1: 1b06eb26-cd88-4c30-b02a-c0b828ed8899<-291612d5-8a25-468b-b904-396bb29bc5a8#0:FAIL-t2
2022-10-08 01:40:13,900 [1b06eb26-cd88-4c30-b02a-c0b828ed8899@group-4350393D8822-LeaderElection49] INFO  impl.LeaderElection (LeaderElection.java:askForVotes(312)) - 1b06eb26-cd88-4c30-b02a-c0b828ed8899@group-4350393D8822-LeaderElection49 ELECTION round 0: result REJECTED
2022-10-08 01:40:13,900 [1b06eb26-cd88-4c30-b02a-c0b828ed8899@group-4350393D8822-LeaderElection49] INFO  server.RaftServer$Division (RaftServerImpl.java:setRole(299)) - 1b06eb26-cd88-4c30-b02a-c0b828ed8899@group-4350393D8822: changes role from CANDIDATE to FOLLOWER at term 2 for REJECTED
2022-10-08 01:40:13,900 [1b06eb26-cd88-4c30-b02a-c0b828ed8899@group-4350393D8822-LeaderElection49] INFO  impl.RoleInfo (RoleInfo.java:shutdownLeaderElection(130)) - 1b06eb26-cd88-4c30-b02a-c0b828ed8899: shutdown 1b06eb26-cd88-4c30-b02a-c0b828ed8899@group-4350393D8822-LeaderElection49
2022-10-08 01:40:13,900 [1b06eb26-cd88-4c30-b02a-c0b828ed8899@group-4350393D8822-LeaderElection49] INFO  impl.RoleInfo (RoleInfo.java:updateAndGet(139)) - 1b06eb26-cd88-4c30-b02a-c0b828ed8899: start 1b06eb26-cd88-4c30-b02a-c0b828ed8899@group-4350393D8822-FollowerState
2022-10-08 01:40:13,837 [grpc-default-executor-14] INFO  impl.RoleInfo (RoleInfo.java:updateAndGet(139)) - 7394f723-5f6d-4e16-a6b6-d1556834f31b: start 7394f723-5f6d-4e16-a6b6-d1556834f31b@group-4350393D8822-FollowerState
2022-10-08 01:40:13,837 [7394f723-5f6d-4e16-a6b6-d1556834f31b@group-4350393D8822-FollowerState] INFO  impl.FollowerState (FollowerState.java:run(152)) - 7394f723-5f6d-4e16-a6b6-d1556834f31b@group-4350393D8822-FollowerState was interrupted
2022-10-08 01:40:13,902 [grpc-default-executor-11] INFO  server.RaftServer$Division (RaftServerImpl.java:requestVote(1152)) - 1b06eb26-cd88-4c30-b02a-c0b828ed8899@group-4350393D8822: receive requestVote(ELECTION, 291612d5-8a25-468b-b904-396bb29bc5a8, group-4350393D8822, 2, (t:0, i:0))
2022-10-08 01:40:13,908 [grpc-default-executor-11] INFO  impl.VoteContext (VoteContext.java:log(48)) - 1b06eb26-cd88-4c30-b02a-c0b828ed8899@group-4350393D8822-FOLLOWER: reject ELECTION from 291612d5-8a25-468b-b904-396bb29bc5a8: already has voted for 1b06eb26-cd88-4c30-b02a-c0b828ed8899 at current term 2
2022-10-08 01:40:13,908 [grpc-default-executor-11] INFO  server.RaftServer$Division (RaftServerImpl.java:requestVote(1184)) - 1b06eb26-cd88-4c30-b02a-c0b828ed8899@group-4350393D8822 replies to ELECTION vote request: 291612d5-8a25-468b-b904-396bb29bc5a8<-1b06eb26-cd88-4c30-b02a-c0b828ed8899#0:FAIL-t2. Peer's state: 1b06eb26-cd88-4c30-b02a-c0b828ed8899@group-4350393D8822:t2, leader=null, voted=1b06eb26-cd88-4c30-b02a-c0b828ed8899, raftlog=1b06eb26-cd88-4c30-b02a-c0b828ed8899@group-4350393D8822-SegmentedRaftLog:OPENED:c-1, conf=-1: [7394f723-5f6d-4e16-a6b6-d1556834f31b|rpc:10.1.0.61:35949|priority:1, 1b06eb26-cd88-4c30-b02a-c0b828ed8899|rpc:10.1.0.61:37511|priority:0, 291612d5-8a25-468b-b904-396bb29bc5a8|rpc:10.1.0.61:34923|priority:0], old=null
2022-10-08 01:40:13,981 [grpc-default-executor-14] INFO  server.RaftServer$Division (RaftServerImpl.java:requestVote(1184)) - 7394f723-5f6d-4e16-a6b6-d1556834f31b@group-4350393D8822 replies to ELECTION vote request: 291612d5-8a25-468b-b904-396bb29bc5a8<-7394f723-5f6d-4e16-a6b6-d1556834f31b#0:FAIL-t2. Peer's state: 7394f723-5f6d-4e16-a6b6-d1556834f31b@group-4350393D8822:t2, leader=null, voted=null, raftlog=7394f723-5f6d-4e16-a6b6-d1556834f31b@group-4350393D8822-SegmentedRaftLog:OPENED:c-1, conf=-1: [7394f723-5f6d-4e16-a6b6-d1556834f31b|rpc:10.1.0.61:35949|dataStream:|priority:1, 1b06eb26-cd88-4c30-b02a-c0b828ed8899|rpc:10.1.0.61:37511|dataStream:|priority:0, 291612d5-8a25-468b-b904-396bb29bc5a8|rpc:10.1.0.61:34923|dataStream:|priority:0], old=null
2022-10-08 01:40:13,981 [291612d5-8a25-468b-b904-396bb29bc5a8@group-4350393D8822-LeaderElection51] INFO  impl.LeaderElection (LeaderElection.java:logAndReturn(90)) - 291612d5-8a25-468b-b904-396bb29bc5a8@group-4350393D8822-LeaderElection51: ELECTION REJECTED received 1 response(s) and 0 exception(s):
2022-10-08 01:40:13,981 [291612d5-8a25-468b-b904-396bb29bc5a8@group-4350393D8822-LeaderElection51] INFO  impl.LeaderElection (LeaderElection.java:logAndReturn(94)) -   Response 0: 291612d5-8a25-468b-b904-396bb29bc5a8<-7394f723-5f6d-4e16-a6b6-d1556834f31b#0:FAIL-t2
2022-10-08 01:40:13,982 [291612d5-8a25-468b-b904-396bb29bc5a8@group-4350393D8822-LeaderElection51] INFO  impl.LeaderElection (LeaderElection.java:askForVotes(312)) - 291612d5-8a25-468b-b904-396bb29bc5a8@group-4350393D8822-LeaderElection51 ELECTION round 0: result REJECTED
2022-10-08 01:40:13,982 [291612d5-8a25-468b-b904-396bb29bc5a8@group-4350393D8822-LeaderElection51] INFO  server.RaftServer$Division (RaftServerImpl.java:setRole(299)) - 291612d5-8a25-468b-b904-396bb29bc5a8@group-4350393D8822: changes role from CANDIDATE to FOLLOWER at term 2 for REJECTED
2022-10-08 01:40:13,982 [291612d5-8a25-468b-b904-396bb29bc5a8@group-4350393D8822-LeaderElection51] INFO  impl.RoleInfo (RoleInfo.java:shutdownLeaderElection(130)) - 291612d5-8a25-468b-b904-396bb29bc5a8: shutdown 291612d5-8a25-468b-b904-396bb29bc5a8@group-4350393D8822-LeaderElection51
2022-10-08 01:40:13,982 [291612d5-8a25-468b-b904-396bb29bc5a8@group-4350393D8822-LeaderElection51] INFO  impl.RoleInfo (RoleInfo.java:updateAndGet(139)) - 291612d5-8a25-468b-b904-396bb29bc5a8: start 291612d5-8a25-468b-b904-396bb29bc5a8@group-4350393D8822-FollowerState
2022-10-08 01:40:13,990 [003a9f69-5a4b-437f-80c3-29db2a6995f2@group-9A4DFA992521-LeaderElection52] INFO  impl.LeaderElection (LeaderElection.java:askForVotes(310)) - 003a9f69-5a4b-437f-80c3-29db2a6995f2@group-9A4DFA992521-LeaderElection52 ELECTION round 0: submit vote requests at term 1 for -1: [003a9f69-5a4b-437f-80c3-29db2a6995f2|rpc:10.1.0.61:46873|priority:1], old=null
2022-10-08 01:40:13,990 [003a9f69-5a4b-437f-80c3-29db2a6995f2@group-9A4DFA992521-LeaderElection52] INFO  impl.LeaderElection (LeaderElection.java:askForVotes(312)) - 003a9f69-5a4b-437f-80c3-29db2a6995f2@group-9A4DFA992521-LeaderElection52 ELECTION round 0: result PASSED (term=1)
2022-10-08 01:40:13,990 [003a9f69-5a4b-437f-80c3-29db2a6995f2@group-9A4DFA992521-LeaderElection52] INFO  impl.RoleInfo (RoleInfo.java:shutdownLeaderElection(130)) - 003a9f69-5a4b-437f-80c3-29db2a6995f2: shutdown 003a9f69-5a4b-437f-80c3-29db2a6995f2@group-9A4DFA992521-LeaderElection52
2022-10-08 01:40:13,990 [003a9f69-5a4b-437f-80c3-29db2a6995f2@group-9A4DFA992521-LeaderElection52] INFO  server.RaftServer$Division (RaftServerImpl.java:setRole(299)) - 003a9f69-5a4b-437f-80c3-29db2a6995f2@group-9A4DFA992521: changes role from CANDIDATE to LEADER at term 1 for changeToLeader
2022-10-08 01:40:13,990 [003a9f69-5a4b-437f-80c3-29db2a6995f2@group-9A4DFA992521-LeaderElection52] INFO  ratis.XceiverServerRatis (XceiverServerRatis.java:handleLeaderChangedNotification(863)) - Leader change notification received for group: group-9A4DFA992521 with new leaderId: 003a9f69-5a4b-437f-80c3-29db2a6995f2
2022-10-08 01:40:13,990 [003a9f69-5a4b-437f-80c3-29db2a6995f2@group-9A4DFA992521-LeaderElection52] INFO  server.RaftServer$Division (ServerState.java:setLeader(287)) - 003a9f69-5a4b-437f-80c3-29db2a6995f2@group-9A4DFA992521: change Leader from null to 003a9f69-5a4b-437f-80c3-29db2a6995f2 at term 1 for becomeLeader, leader elected after 5352ms
2022-10-08 01:40:13,990 [003a9f69-5a4b-437f-80c3-29db2a6995f2@group-9A4DFA992521-LeaderElection52] INFO  server.RaftServerConfigKeys (ConfUtils.java:logGet(46)) - raft.server.staging.catchup.gap = 1000 (default)
2022-10-08 01:40:13,990 [003a9f69-5a4b-437f-80c3-29db2a6995f2@group-9A4DFA992521-LeaderElection52] INFO  server.RaftServerConfigKeys (ConfUtils.java:logGet(46)) - raft.server.write.element-limit = 1024 (custom)
2022-10-08 01:40:13,990 [003a9f69-5a4b-437f-80c3-29db2a6995f2@group-9A4DFA992521-LeaderElection52] INFO  server.RaftServerConfigKeys (ConfUtils.java:logGet(46)) - raft.server.write.byte-limit = 1024 M (=1073741824) (custom)
2022-10-08 01:40:13,991 [003a9f69-5a4b-437f-80c3-29db2a6995f2@group-9A4DFA992521-LeaderElection52] INFO  server.RaftServerConfigKeys (ConfUtils.java:logGet(46)) - raft.server.watch.timeout = 180s (custom)
2022-10-08 01:40:13,991 [003a9f69-5a4b-437f-80c3-29db2a6995f2@group-9A4DFA992521-LeaderElection52] INFO  server.RaftServerConfigKeys (ConfUtils.java:logGet(46)) - raft.server.watch.timeout.denomination = 1s (default)
2022-10-08 01:40:13,991 [003a9f69-5a4b-437f-80c3-29db2a6995f2@group-9A4DFA992521-LeaderElection52] INFO  server.RaftServerConfigKeys (ConfUtils.java:logGet(46)) - raft.server.watch.element-limit = 65536 (default)
2022-10-08 01:40:13,991 [003a9f69-5a4b-437f-80c3-29db2a6995f2@group-9A4DFA992521-LeaderElection52] INFO  server.RaftServerConfigKeys (ConfUtils.java:logGet(46)) - raft.server.write.element-limit = 1024 (custom)
2022-10-08 01:40:13,991 [003a9f69-5a4b-437f-80c3-29db2a6995f2@group-9A4DFA992521-LeaderElection52] INFO  server.RaftServerConfigKeys (ConfUtils.java:logGet(46)) - raft.server.write.follower.gap.ratio.max = -1.0 (default)
2022-10-08 01:40:13,991 [003a9f69-5a4b-437f-80c3-29db2a6995f2@group-9A4DFA992521-LeaderElection52] INFO  impl.RoleInfo (RoleInfo.java:updateAndGet(139)) - 003a9f69-5a4b-437f-80c3-29db2a6995f2: start 003a9f69-5a4b-437f-80c3-29db2a6995f2@group-9A4DFA992521-LeaderStateImpl
2022-10-08 01:40:13,991 [003a9f69-5a4b-437f-80c3-29db2a6995f2@group-9A4DFA992521-LeaderElection52] INFO  segmented.SegmentedRaftLogWorker (SegmentedRaftLogWorker.java:startLogSegment(425)) - 003a9f69-5a4b-437f-80c3-29db2a6995f2@group-9A4DFA992521-SegmentedRaftLogWorker: Starting segment from index:0
2022-10-08 01:40:13,993 [EventQueue-OpenPipelineForHealthyPipelineSafeModeRule] INFO  safemode.SCMSafeModeManager (HealthyPipelineSafeModeRule.java:process(137)) - SCM in safe mode. Healthy pipelines reported count is 0, required healthy pipeline reported count is 1
2022-10-08 01:40:13,999 [003a9f69-5a4b-437f-80c3-29db2a6995f2@group-9A4DFA992521-SegmentedRaftLogWorker] INFO  segmented.SegmentedRaftLogWorker (SegmentedRaftLogWorker.java:execute(629)) - 003a9f69-5a4b-437f-80c3-29db2a6995f2@group-9A4DFA992521-SegmentedRaftLogWorker: created new log segment /home/runner/work/ozone/ozone/hadoop-ozone/integration-test/target/test-dir/MiniOzoneClusterImpl-f835b163-d90e-48f8-926f-823f898330c6/datanode-3/data/ratis/7baa4ba5-cfaa-40fa-b109-9a4dfa992521/current/log_inprogress_0
2022-10-08 01:40:14,040 [003a9f69-5a4b-437f-80c3-29db2a6995f2@group-9A4DFA992521-LeaderElection52] INFO  server.RaftServer$Division (ServerState.java:setRaftConf(393)) - 003a9f69-5a4b-437f-80c3-29db2a6995f2@group-9A4DFA992521: set configuration 0: [003a9f69-5a4b-437f-80c3-29db2a6995f2|rpc:10.1.0.61:46873|dataStream:|priority:1], old=null
2022-10-08 01:40:14,751 [ReplicationMonitor] INFO  replication.ReplicationManager (ReplicationManager.java:processAll(291)) - Replication Manager is not ready to run until 3000ms after safemode exit
2022-10-08 01:40:14,816 [Listener at 127.0.0.1/34011] INFO  ozone.MiniOzoneClusterImpl (MiniOzoneClusterImpl.java:lambda$waitForClusterToBeReady$0(216)) - Nodes are ready. Got 5 of 5 DN Heartbeats.
2022-10-08 01:40:14,816 [Listener at 127.0.0.1/34011] INFO  ozone.MiniOzoneClusterImpl (MiniOzoneClusterImpl.java:lambda$waitForClusterToBeReady$0(219)) - Waiting for cluster to exit safe mode
2022-10-08 01:40:14,816 [Listener at 127.0.0.1/34011] INFO  ozone.MiniOzoneClusterImpl (MiniOzoneClusterImpl.java:lambda$waitForClusterToBeReady$0(221)) - SCM became leader
2022-10-08 01:40:15,751 [ReplicationMonitor] INFO  replication.ReplicationManager (ReplicationManager.java:processAll(291)) - Replication Manager is not ready to run until 3000ms after safemode exit
2022-10-08 01:40:15,816 [Listener at 127.0.0.1/34011] INFO  ozone.MiniOzoneClusterImpl (MiniOzoneClusterImpl.java:lambda$waitForClusterToBeReady$0(216)) - Nodes are ready. Got 5 of 5 DN Heartbeats.
2022-10-08 01:40:15,816 [Listener at 127.0.0.1/34011] INFO  ozone.MiniOzoneClusterImpl (MiniOzoneClusterImpl.java:lambda$waitForClusterToBeReady$0(219)) - Waiting for cluster to exit safe mode
2022-10-08 01:40:15,816 [Listener at 127.0.0.1/34011] INFO  ozone.MiniOzoneClusterImpl (MiniOzoneClusterImpl.java:lambda$waitForClusterToBeReady$0(221)) - SCM became leader
2022-10-08 01:40:16,180 [53122d56-b231-44b5-a0d2-96edf7742e5e@group-A6C97E8E944B-FollowerState] INFO  impl.FollowerState (FollowerState.java:run(143)) - 53122d56-b231-44b5-a0d2-96edf7742e5e@group-A6C97E8E944B-FollowerState: change to CANDIDATE, lastRpcElapsedTime:5070389303ns, electionTimeout:5063ms
2022-10-08 01:40:16,180 [53122d56-b231-44b5-a0d2-96edf7742e5e@group-A6C97E8E944B-FollowerState] INFO  impl.RoleInfo (RoleInfo.java:shutdownFollowerState(110)) - 53122d56-b231-44b5-a0d2-96edf7742e5e: shutdown 53122d56-b231-44b5-a0d2-96edf7742e5e@group-A6C97E8E944B-FollowerState
2022-10-08 01:40:16,180 [53122d56-b231-44b5-a0d2-96edf7742e5e@group-A6C97E8E944B-FollowerState] INFO  server.RaftServer$Division (RaftServerImpl.java:setRole(299)) - 53122d56-b231-44b5-a0d2-96edf7742e5e@group-A6C97E8E944B: changes role from  FOLLOWER to CANDIDATE at term 0 for changeToCandidate
2022-10-08 01:40:16,180 [53122d56-b231-44b5-a0d2-96edf7742e5e@group-A6C97E8E944B-FollowerState] INFO  server.RaftServerConfigKeys (ConfUtils.java:logGet(46)) - raft.server.leaderelection.pre-vote = false (custom)
2022-10-08 01:40:16,180 [53122d56-b231-44b5-a0d2-96edf7742e5e@group-A6C97E8E944B-FollowerState] INFO  impl.RoleInfo (RoleInfo.java:updateAndGet(139)) - 53122d56-b231-44b5-a0d2-96edf7742e5e: start 53122d56-b231-44b5-a0d2-96edf7742e5e@group-A6C97E8E944B-LeaderElection53
2022-10-08 01:40:16,359 [53122d56-b231-44b5-a0d2-96edf7742e5e@group-A6C97E8E944B-LeaderElection53] INFO  impl.LeaderElection (LeaderElection.java:askForVotes(310)) - 53122d56-b231-44b5-a0d2-96edf7742e5e@group-A6C97E8E944B-LeaderElection53 ELECTION round 0: submit vote requests at term 1 for -1: [53122d56-b231-44b5-a0d2-96edf7742e5e|rpc:10.1.0.61:35669|priority:1], old=null
2022-10-08 01:40:16,359 [53122d56-b231-44b5-a0d2-96edf7742e5e@group-A6C97E8E944B-LeaderElection53] INFO  impl.LeaderElection (LeaderElection.java:askForVotes(312)) - 53122d56-b231-44b5-a0d2-96edf7742e5e@group-A6C97E8E944B-LeaderElection53 ELECTION round 0: result PASSED (term=1)
2022-10-08 01:40:16,360 [53122d56-b231-44b5-a0d2-96edf7742e5e@group-A6C97E8E944B-LeaderElection53] INFO  impl.RoleInfo (RoleInfo.java:shutdownLeaderElection(130)) - 53122d56-b231-44b5-a0d2-96edf7742e5e: shutdown 53122d56-b231-44b5-a0d2-96edf7742e5e@group-A6C97E8E944B-LeaderElection53
2022-10-08 01:40:16,360 [53122d56-b231-44b5-a0d2-96edf7742e5e@group-A6C97E8E944B-LeaderElection53] INFO  server.RaftServer$Division (RaftServerImpl.java:setRole(299)) - 53122d56-b231-44b5-a0d2-96edf7742e5e@group-A6C97E8E944B: changes role from CANDIDATE to LEADER at term 1 for changeToLeader
2022-10-08 01:40:16,360 [53122d56-b231-44b5-a0d2-96edf7742e5e@group-A6C97E8E944B-LeaderElection53] INFO  ratis.XceiverServerRatis (XceiverServerRatis.java:handleLeaderChangedNotification(863)) - Leader change notification received for group: group-A6C97E8E944B with new leaderId: 53122d56-b231-44b5-a0d2-96edf7742e5e
2022-10-08 01:40:16,360 [53122d56-b231-44b5-a0d2-96edf7742e5e@group-A6C97E8E944B-LeaderElection53] INFO  server.RaftServer$Division (ServerState.java:setLeader(287)) - 53122d56-b231-44b5-a0d2-96edf7742e5e@group-A6C97E8E944B: change Leader from null to 53122d56-b231-44b5-a0d2-96edf7742e5e at term 1 for becomeLeader, leader elected after 5289ms
2022-10-08 01:40:16,360 [53122d56-b231-44b5-a0d2-96edf7742e5e@group-A6C97E8E944B-LeaderElection53] INFO  server.RaftServerConfigKeys (ConfUtils.java:logGet(46)) - raft.server.staging.catchup.gap = 1000 (default)
2022-10-08 01:40:16,362 [53122d56-b231-44b5-a0d2-96edf7742e5e@group-A6C97E8E944B-LeaderElection53] INFO  server.RaftServerConfigKeys (ConfUtils.java:logGet(46)) - raft.server.write.element-limit = 1024 (custom)
2022-10-08 01:40:16,362 [53122d56-b231-44b5-a0d2-96edf7742e5e@group-A6C97E8E944B-LeaderElection53] INFO  server.RaftServerConfigKeys (ConfUtils.java:logGet(46)) - raft.server.write.byte-limit = 1024 M (=1073741824) (custom)
2022-10-08 01:40:16,362 [EventQueue-OpenPipelineForHealthyPipelineSafeModeRule] INFO  safemode.SCMSafeModeManager (HealthyPipelineSafeModeRule.java:process(137)) - SCM in safe mode. Healthy pipelines reported count is 0, required healthy pipeline reported count is 1
2022-10-08 01:40:16,363 [53122d56-b231-44b5-a0d2-96edf7742e5e@group-A6C97E8E944B-LeaderElection53] INFO  server.RaftServerConfigKeys (ConfUtils.java:logGet(46)) - raft.server.watch.timeout = 180s (custom)
2022-10-08 01:40:16,363 [53122d56-b231-44b5-a0d2-96edf7742e5e@group-A6C97E8E944B-LeaderElection53] INFO  server.RaftServerConfigKeys (ConfUtils.java:logGet(46)) - raft.server.watch.timeout.denomination = 1s (default)
2022-10-08 01:40:16,363 [53122d56-b231-44b5-a0d2-96edf7742e5e@group-A6C97E8E944B-LeaderElection53] INFO  server.RaftServerConfigKeys (ConfUtils.java:logGet(46)) - raft.server.watch.element-limit = 65536 (default)
2022-10-08 01:40:16,363 [53122d56-b231-44b5-a0d2-96edf7742e5e@group-A6C97E8E944B-LeaderElection53] INFO  server.RaftServerConfigKeys (ConfUtils.java:logGet(46)) - raft.server.write.element-limit = 1024 (custom)
2022-10-08 01:40:16,363 [53122d56-b231-44b5-a0d2-96edf7742e5e@group-A6C97E8E944B-LeaderElection53] INFO  server.RaftServerConfigKeys (ConfUtils.java:logGet(46)) - raft.server.write.follower.gap.ratio.max = -1.0 (default)
2022-10-08 01:40:16,363 [53122d56-b231-44b5-a0d2-96edf7742e5e@group-A6C97E8E944B-LeaderElection53] INFO  impl.RoleInfo (RoleInfo.java:updateAndGet(139)) - 53122d56-b231-44b5-a0d2-96edf7742e5e: start 53122d56-b231-44b5-a0d2-96edf7742e5e@group-A6C97E8E944B-LeaderStateImpl
2022-10-08 01:40:16,363 [53122d56-b231-44b5-a0d2-96edf7742e5e@group-A6C97E8E944B-LeaderElection53] INFO  segmented.SegmentedRaftLogWorker (SegmentedRaftLogWorker.java:startLogSegment(425)) - 53122d56-b231-44b5-a0d2-96edf7742e5e@group-A6C97E8E944B-SegmentedRaftLogWorker: Starting segment from index:0
2022-10-08 01:40:16,370 [53122d56-b231-44b5-a0d2-96edf7742e5e@group-A6C97E8E944B-SegmentedRaftLogWorker] INFO  segmented.SegmentedRaftLogWorker (SegmentedRaftLogWorker.java:execute(629)) - 53122d56-b231-44b5-a0d2-96edf7742e5e@group-A6C97E8E944B-SegmentedRaftLogWorker: created new log segment /home/runner/work/ozone/ozone/hadoop-ozone/integration-test/target/test-dir/MiniOzoneClusterImpl-f835b163-d90e-48f8-926f-823f898330c6/datanode-4/data/ratis/1871dfbc-b2f3-4b72-9b95-a6c97e8e944b/current/log_inprogress_0
2022-10-08 01:40:16,418 [53122d56-b231-44b5-a0d2-96edf7742e5e@group-A6C97E8E944B-LeaderElection53] INFO  server.RaftServer$Division (ServerState.java:setRaftConf(393)) - 53122d56-b231-44b5-a0d2-96edf7742e5e@group-A6C97E8E944B: set configuration 0: [53122d56-b231-44b5-a0d2-96edf7742e5e|rpc:10.1.0.61:35669|dataStream:|priority:1], old=null
2022-10-08 01:40:16,751 [ReplicationMonitor] INFO  replication.ReplicationManager (ReplicationManager.java:processAll(291)) - Replication Manager is not ready to run until 3000ms after safemode exit
2022-10-08 01:40:16,817 [Listener at 127.0.0.1/34011] INFO  ozone.MiniOzoneClusterImpl (MiniOzoneClusterImpl.java:lambda$waitForClusterToBeReady$0(216)) - Nodes are ready. Got 5 of 5 DN Heartbeats.
2022-10-08 01:40:16,817 [Listener at 127.0.0.1/34011] INFO  ozone.MiniOzoneClusterImpl (MiniOzoneClusterImpl.java:lambda$waitForClusterToBeReady$0(219)) - Waiting for cluster to exit safe mode
2022-10-08 01:40:16,817 [Listener at 127.0.0.1/34011] INFO  ozone.MiniOzoneClusterImpl (MiniOzoneClusterImpl.java:lambda$waitForClusterToBeReady$0(221)) - SCM became leader
2022-10-08 01:40:17,751 [ReplicationMonitor] INFO  replication.ReplicationManager (ReplicationManager.java:processAll(291)) - Replication Manager is not ready to run until 3000ms after safemode exit
2022-10-08 01:40:17,817 [Listener at 127.0.0.1/34011] INFO  ozone.MiniOzoneClusterImpl (MiniOzoneClusterImpl.java:lambda$waitForClusterToBeReady$0(216)) - Nodes are ready. Got 5 of 5 DN Heartbeats.
2022-10-08 01:40:17,817 [Listener at 127.0.0.1/34011] INFO  ozone.MiniOzoneClusterImpl (MiniOzoneClusterImpl.java:lambda$waitForClusterToBeReady$0(219)) - Waiting for cluster to exit safe mode
2022-10-08 01:40:17,817 [Listener at 127.0.0.1/34011] INFO  ozone.MiniOzoneClusterImpl (MiniOzoneClusterImpl.java:lambda$waitForClusterToBeReady$0(221)) - SCM became leader
2022-10-08 01:40:18,752 [ReplicationMonitor] INFO  replication.ReplicationManager (ReplicationManager.java:processAll(291)) - Replication Manager is not ready to run until 3000ms after safemode exit
2022-10-08 01:40:18,817 [Listener at 127.0.0.1/34011] INFO  ozone.MiniOzoneClusterImpl (MiniOzoneClusterImpl.java:lambda$waitForClusterToBeReady$0(216)) - Nodes are ready. Got 5 of 5 DN Heartbeats.
2022-10-08 01:40:18,817 [Listener at 127.0.0.1/34011] INFO  ozone.MiniOzoneClusterImpl (MiniOzoneClusterImpl.java:lambda$waitForClusterToBeReady$0(219)) - Waiting for cluster to exit safe mode
2022-10-08 01:40:18,817 [Listener at 127.0.0.1/34011] INFO  ozone.MiniOzoneClusterImpl (MiniOzoneClusterImpl.java:lambda$waitForClusterToBeReady$0(221)) - SCM became leader
2022-10-08 01:40:19,081 [1b06eb26-cd88-4c30-b02a-c0b828ed8899@group-4350393D8822-FollowerState] INFO  impl.FollowerState (FollowerState.java:run(143)) - 1b06eb26-cd88-4c30-b02a-c0b828ed8899@group-4350393D8822-FollowerState: change to CANDIDATE, lastRpcElapsedTime:5180203557ns, electionTimeout:5172ms
2022-10-08 01:40:19,081 [1b06eb26-cd88-4c30-b02a-c0b828ed8899@group-4350393D8822-FollowerState] INFO  impl.RoleInfo (RoleInfo.java:shutdownFollowerState(110)) - 1b06eb26-cd88-4c30-b02a-c0b828ed8899: shutdown 1b06eb26-cd88-4c30-b02a-c0b828ed8899@group-4350393D8822-FollowerState
2022-10-08 01:40:19,081 [1b06eb26-cd88-4c30-b02a-c0b828ed8899@group-4350393D8822-FollowerState] INFO  server.RaftServer$Division (RaftServerImpl.java:setRole(299)) - 1b06eb26-cd88-4c30-b02a-c0b828ed8899@group-4350393D8822: changes role from  FOLLOWER to CANDIDATE at term 2 for changeToCandidate
2022-10-08 01:40:19,081 [1b06eb26-cd88-4c30-b02a-c0b828ed8899@group-4350393D8822-FollowerState] INFO  server.RaftServerConfigKeys (ConfUtils.java:logGet(46)) - raft.server.leaderelection.pre-vote = false (custom)
2022-10-08 01:40:19,081 [1b06eb26-cd88-4c30-b02a-c0b828ed8899@group-4350393D8822-FollowerState] INFO  impl.RoleInfo (RoleInfo.java:updateAndGet(139)) - 1b06eb26-cd88-4c30-b02a-c0b828ed8899: start 1b06eb26-cd88-4c30-b02a-c0b828ed8899@group-4350393D8822-LeaderElection54
2022-10-08 01:40:19,131 [7394f723-5f6d-4e16-a6b6-d1556834f31b@group-4350393D8822-FollowerState] INFO  impl.FollowerState (FollowerState.java:run(143)) - 7394f723-5f6d-4e16-a6b6-d1556834f31b@group-4350393D8822-FollowerState: change to CANDIDATE, lastRpcElapsedTime:5293847734ns, electionTimeout:5099ms
2022-10-08 01:40:19,131 [7394f723-5f6d-4e16-a6b6-d1556834f31b@group-4350393D8822-FollowerState] INFO  impl.RoleInfo (RoleInfo.java:shutdownFollowerState(110)) - 7394f723-5f6d-4e16-a6b6-d1556834f31b: shutdown 7394f723-5f6d-4e16-a6b6-d1556834f31b@group-4350393D8822-FollowerState
2022-10-08 01:40:19,131 [7394f723-5f6d-4e16-a6b6-d1556834f31b@group-4350393D8822-FollowerState] INFO  server.RaftServer$Division (RaftServerImpl.java:setRole(299)) - 7394f723-5f6d-4e16-a6b6-d1556834f31b@group-4350393D8822: changes role from  FOLLOWER to CANDIDATE at term 2 for changeToCandidate
2022-10-08 01:40:19,131 [7394f723-5f6d-4e16-a6b6-d1556834f31b@group-4350393D8822-FollowerState] INFO  server.RaftServerConfigKeys (ConfUtils.java:logGet(46)) - raft.server.leaderelection.pre-vote = false (custom)
2022-10-08 01:40:19,131 [7394f723-5f6d-4e16-a6b6-d1556834f31b@group-4350393D8822-FollowerState] INFO  impl.RoleInfo (RoleInfo.java:updateAndGet(139)) - 7394f723-5f6d-4e16-a6b6-d1556834f31b: start 7394f723-5f6d-4e16-a6b6-d1556834f31b@group-4350393D8822-LeaderElection55
2022-10-08 01:40:19,184 [291612d5-8a25-468b-b904-396bb29bc5a8@group-4350393D8822-FollowerState] INFO  impl.FollowerState (FollowerState.java:run(143)) - 291612d5-8a25-468b-b904-396bb29bc5a8@group-4350393D8822-FollowerState: change to CANDIDATE, lastRpcElapsedTime:5202133989ns, electionTimeout:5192ms
2022-10-08 01:40:19,184 [291612d5-8a25-468b-b904-396bb29bc5a8@group-4350393D8822-FollowerState] INFO  impl.RoleInfo (RoleInfo.java:shutdownFollowerState(110)) - 291612d5-8a25-468b-b904-396bb29bc5a8: shutdown 291612d5-8a25-468b-b904-396bb29bc5a8@group-4350393D8822-FollowerState
2022-10-08 01:40:19,184 [291612d5-8a25-468b-b904-396bb29bc5a8@group-4350393D8822-FollowerState] INFO  server.RaftServer$Division (RaftServerImpl.java:setRole(299)) - 291612d5-8a25-468b-b904-396bb29bc5a8@group-4350393D8822: changes role from  FOLLOWER to CANDIDATE at term 2 for changeToCandidate
2022-10-08 01:40:19,184 [291612d5-8a25-468b-b904-396bb29bc5a8@group-4350393D8822-FollowerState] INFO  server.RaftServerConfigKeys (ConfUtils.java:logGet(46)) - raft.server.leaderelection.pre-vote = false (custom)
2022-10-08 01:40:19,184 [291612d5-8a25-468b-b904-396bb29bc5a8@group-4350393D8822-FollowerState] INFO  impl.RoleInfo (RoleInfo.java:updateAndGet(139)) - 291612d5-8a25-468b-b904-396bb29bc5a8: start 291612d5-8a25-468b-b904-396bb29bc5a8@group-4350393D8822-LeaderElection56
2022-10-08 01:40:19,187 [1b06eb26-cd88-4c30-b02a-c0b828ed8899@group-4350393D8822-LeaderElection54] INFO  impl.LeaderElection (LeaderElection.java:askForVotes(310)) - 1b06eb26-cd88-4c30-b02a-c0b828ed8899@group-4350393D8822-LeaderElection54 ELECTION round 0: submit vote requests at term 3 for -1: [7394f723-5f6d-4e16-a6b6-d1556834f31b|rpc:10.1.0.61:35949|priority:1, 1b06eb26-cd88-4c30-b02a-c0b828ed8899|rpc:10.1.0.61:37511|priority:0, 291612d5-8a25-468b-b904-396bb29bc5a8|rpc:10.1.0.61:34923|priority:0], old=null
2022-10-08 01:40:19,226 [7394f723-5f6d-4e16-a6b6-d1556834f31b@group-4350393D8822-LeaderElection55] INFO  impl.LeaderElection (LeaderElection.java:askForVotes(310)) - 7394f723-5f6d-4e16-a6b6-d1556834f31b@group-4350393D8822-LeaderElection55 ELECTION round 0: submit vote requests at term 3 for -1: [7394f723-5f6d-4e16-a6b6-d1556834f31b|rpc:10.1.0.61:35949|dataStream:|priority:1, 1b06eb26-cd88-4c30-b02a-c0b828ed8899|rpc:10.1.0.61:37511|dataStream:|priority:0, 291612d5-8a25-468b-b904-396bb29bc5a8|rpc:10.1.0.61:34923|dataStream:|priority:0], old=null
2022-10-08 01:40:19,238 [291612d5-8a25-468b-b904-396bb29bc5a8@group-4350393D8822-LeaderElection56] INFO  impl.LeaderElection (LeaderElection.java:askForVotes(310)) - 291612d5-8a25-468b-b904-396bb29bc5a8@group-4350393D8822-LeaderElection56 ELECTION round 0: submit vote requests at term 3 for -1: [7394f723-5f6d-4e16-a6b6-d1556834f31b|rpc:10.1.0.61:35949|dataStream:|priority:1, 1b06eb26-cd88-4c30-b02a-c0b828ed8899|rpc:10.1.0.61:37511|dataStream:|priority:0, 291612d5-8a25-468b-b904-396bb29bc5a8|rpc:10.1.0.61:34923|dataStream:|priority:0], old=null
2022-10-08 01:40:19,238 [grpc-default-executor-14] INFO  server.RaftServer$Division (RaftServerImpl.java:requestVote(1152)) - 7394f723-5f6d-4e16-a6b6-d1556834f31b@group-4350393D8822: receive requestVote(ELECTION, 1b06eb26-cd88-4c30-b02a-c0b828ed8899, group-4350393D8822, 3, (t:0, i:0))
2022-10-08 01:40:19,238 [grpc-default-executor-14] INFO  impl.VoteContext (VoteContext.java:log(48)) - 7394f723-5f6d-4e16-a6b6-d1556834f31b@group-4350393D8822-CANDIDATE: reject ELECTION from 1b06eb26-cd88-4c30-b02a-c0b828ed8899: already has voted for 7394f723-5f6d-4e16-a6b6-d1556834f31b at current term 3
2022-10-08 01:40:19,239 [grpc-default-executor-14] INFO  server.RaftServer$Division (RaftServerImpl.java:requestVote(1184)) - 7394f723-5f6d-4e16-a6b6-d1556834f31b@group-4350393D8822 replies to ELECTION vote request: 1b06eb26-cd88-4c30-b02a-c0b828ed8899<-7394f723-5f6d-4e16-a6b6-d1556834f31b#0:FAIL-t3. Peer's state: 7394f723-5f6d-4e16-a6b6-d1556834f31b@group-4350393D8822:t3, leader=null, voted=7394f723-5f6d-4e16-a6b6-d1556834f31b, raftlog=7394f723-5f6d-4e16-a6b6-d1556834f31b@group-4350393D8822-SegmentedRaftLog:OPENED:c-1, conf=-1: [7394f723-5f6d-4e16-a6b6-d1556834f31b|rpc:10.1.0.61:35949|dataStream:|priority:1, 1b06eb26-cd88-4c30-b02a-c0b828ed8899|rpc:10.1.0.61:37511|dataStream:|priority:0, 291612d5-8a25-468b-b904-396bb29bc5a8|rpc:10.1.0.61:34923|dataStream:|priority:0], old=null
2022-10-08 01:40:19,240 [grpc-default-executor-14] INFO  server.RaftServer$Division (RaftServerImpl.java:requestVote(1152)) - 291612d5-8a25-468b-b904-396bb29bc5a8@group-4350393D8822: receive requestVote(ELECTION, 1b06eb26-cd88-4c30-b02a-c0b828ed8899, group-4350393D8822, 3, (t:0, i:0))
2022-10-08 01:40:19,240 [grpc-default-executor-14] INFO  impl.VoteContext (VoteContext.java:log(48)) - 291612d5-8a25-468b-b904-396bb29bc5a8@group-4350393D8822-CANDIDATE: reject ELECTION from 1b06eb26-cd88-4c30-b02a-c0b828ed8899: already has voted for 291612d5-8a25-468b-b904-396bb29bc5a8 at current term 3
2022-10-08 01:40:19,240 [grpc-default-executor-14] INFO  server.RaftServer$Division (RaftServerImpl.java:requestVote(1184)) - 291612d5-8a25-468b-b904-396bb29bc5a8@group-4350393D8822 replies to ELECTION vote request: 1b06eb26-cd88-4c30-b02a-c0b828ed8899<-291612d5-8a25-468b-b904-396bb29bc5a8#0:FAIL-t3. Peer's state: 291612d5-8a25-468b-b904-396bb29bc5a8@group-4350393D8822:t3, leader=null, voted=291612d5-8a25-468b-b904-396bb29bc5a8, raftlog=291612d5-8a25-468b-b904-396bb29bc5a8@group-4350393D8822-SegmentedRaftLog:OPENED:c-1, conf=-1: [7394f723-5f6d-4e16-a6b6-d1556834f31b|rpc:10.1.0.61:35949|dataStream:|priority:1, 1b06eb26-cd88-4c30-b02a-c0b828ed8899|rpc:10.1.0.61:37511|dataStream:|priority:0, 291612d5-8a25-468b-b904-396bb29bc5a8|rpc:10.1.0.61:34923|dataStream:|priority:0], old=null
2022-10-08 01:40:19,324 [1b06eb26-cd88-4c30-b02a-c0b828ed8899@group-4350393D8822-LeaderElection54] INFO  impl.LeaderElection (LeaderElection.java:logAndReturn(90)) - 1b06eb26-cd88-4c30-b02a-c0b828ed8899@group-4350393D8822-LeaderElection54: ELECTION REJECTED received 2 response(s) and 0 exception(s):
2022-10-08 01:40:19,325 [1b06eb26-cd88-4c30-b02a-c0b828ed8899@group-4350393D8822-LeaderElection54] INFO  impl.LeaderElection (LeaderElection.java:logAndReturn(94)) -   Response 0: 1b06eb26-cd88-4c30-b02a-c0b828ed8899<-7394f723-5f6d-4e16-a6b6-d1556834f31b#0:FAIL-t3
2022-10-08 01:40:19,325 [1b06eb26-cd88-4c30-b02a-c0b828ed8899@group-4350393D8822-LeaderElection54] INFO  impl.LeaderElection (LeaderElection.java:logAndReturn(94)) -   Response 1: 1b06eb26-cd88-4c30-b02a-c0b828ed8899<-291612d5-8a25-468b-b904-396bb29bc5a8#0:FAIL-t3
2022-10-08 01:40:19,325 [1b06eb26-cd88-4c30-b02a-c0b828ed8899@group-4350393D8822-LeaderElection54] INFO  impl.LeaderElection (LeaderElection.java:askForVotes(312)) - 1b06eb26-cd88-4c30-b02a-c0b828ed8899@group-4350393D8822-LeaderElection54 ELECTION round 0: result REJECTED
2022-10-08 01:40:19,325 [1b06eb26-cd88-4c30-b02a-c0b828ed8899@group-4350393D8822-LeaderElection54] INFO  server.RaftServer$Division (RaftServerImpl.java:setRole(299)) - 1b06eb26-cd88-4c30-b02a-c0b828ed8899@group-4350393D8822: changes role from CANDIDATE to FOLLOWER at term 3 for REJECTED
2022-10-08 01:40:19,325 [1b06eb26-cd88-4c30-b02a-c0b828ed8899@group-4350393D8822-LeaderElection54] INFO  impl.RoleInfo (RoleInfo.java:shutdownLeaderElection(130)) - 1b06eb26-cd88-4c30-b02a-c0b828ed8899: shutdown 1b06eb26-cd88-4c30-b02a-c0b828ed8899@group-4350393D8822-LeaderElection54
2022-10-08 01:40:19,325 [1b06eb26-cd88-4c30-b02a-c0b828ed8899@group-4350393D8822-LeaderElection54] INFO  impl.RoleInfo (RoleInfo.java:updateAndGet(139)) - 1b06eb26-cd88-4c30-b02a-c0b828ed8899: start 1b06eb26-cd88-4c30-b02a-c0b828ed8899@group-4350393D8822-FollowerState
2022-10-08 01:40:19,325 [grpc-default-executor-14] INFO  server.RaftServer$Division (RaftServerImpl.java:requestVote(1152)) - 7394f723-5f6d-4e16-a6b6-d1556834f31b@group-4350393D8822: receive requestVote(ELECTION, 291612d5-8a25-468b-b904-396bb29bc5a8, group-4350393D8822, 3, (t:0, i:0))
2022-10-08 01:40:19,325 [grpc-default-executor-14] INFO  impl.VoteContext (VoteContext.java:log(48)) - 7394f723-5f6d-4e16-a6b6-d1556834f31b@group-4350393D8822-CANDIDATE: reject ELECTION from 291612d5-8a25-468b-b904-396bb29bc5a8: already has voted for 7394f723-5f6d-4e16-a6b6-d1556834f31b at current term 3
2022-10-08 01:40:19,325 [grpc-default-executor-14] INFO  server.RaftServer$Division (RaftServerImpl.java:requestVote(1184)) - 7394f723-5f6d-4e16-a6b6-d1556834f31b@group-4350393D8822 replies to ELECTION vote request: 291612d5-8a25-468b-b904-396bb29bc5a8<-7394f723-5f6d-4e16-a6b6-d1556834f31b#0:FAIL-t3. Peer's state: 7394f723-5f6d-4e16-a6b6-d1556834f31b@group-4350393D8822:t3, leader=null, voted=7394f723-5f6d-4e16-a6b6-d1556834f31b, raftlog=7394f723-5f6d-4e16-a6b6-d1556834f31b@group-4350393D8822-SegmentedRaftLog:OPENED:c-1, conf=-1: [7394f723-5f6d-4e16-a6b6-d1556834f31b|rpc:10.1.0.61:35949|dataStream:|priority:1, 1b06eb26-cd88-4c30-b02a-c0b828ed8899|rpc:10.1.0.61:37511|dataStream:|priority:0, 291612d5-8a25-468b-b904-396bb29bc5a8|rpc:10.1.0.61:34923|dataStream:|priority:0], old=null
2022-10-08 01:40:19,441 [grpc-default-executor-11] INFO  server.RaftServer$Division (RaftServerImpl.java:requestVote(1152)) - 1b06eb26-cd88-4c30-b02a-c0b828ed8899@group-4350393D8822: receive requestVote(ELECTION, 291612d5-8a25-468b-b904-396bb29bc5a8, group-4350393D8822, 3, (t:0, i:0))
2022-10-08 01:40:19,488 [grpc-default-executor-11] INFO  impl.VoteContext (VoteContext.java:log(48)) - 1b06eb26-cd88-4c30-b02a-c0b828ed8899@group-4350393D8822-FOLLOWER: reject ELECTION from 291612d5-8a25-468b-b904-396bb29bc5a8: already has voted for 1b06eb26-cd88-4c30-b02a-c0b828ed8899 at current term 3
2022-10-08 01:40:19,488 [grpc-default-executor-10] INFO  server.RaftServer$Division (RaftServerImpl.java:requestVote(1152)) - 291612d5-8a25-468b-b904-396bb29bc5a8@group-4350393D8822: receive requestVote(ELECTION, 7394f723-5f6d-4e16-a6b6-d1556834f31b, group-4350393D8822, 3, (t:0, i:0))
2022-10-08 01:40:19,488 [grpc-default-executor-10] INFO  impl.VoteContext (VoteContext.java:log(48)) - 291612d5-8a25-468b-b904-396bb29bc5a8@group-4350393D8822-CANDIDATE: reject ELECTION from 7394f723-5f6d-4e16-a6b6-d1556834f31b: already has voted for 291612d5-8a25-468b-b904-396bb29bc5a8 at current term 3
2022-10-08 01:40:19,488 [grpc-default-executor-10] INFO  server.RaftServer$Division (RaftServerImpl.java:requestVote(1184)) - 291612d5-8a25-468b-b904-396bb29bc5a8@group-4350393D8822 replies to ELECTION vote request: 7394f723-5f6d-4e16-a6b6-d1556834f31b<-291612d5-8a25-468b-b904-396bb29bc5a8#0:FAIL-t3. Peer's state: 291612d5-8a25-468b-b904-396bb29bc5a8@group-4350393D8822:t3, leader=null, voted=291612d5-8a25-468b-b904-396bb29bc5a8, raftlog=291612d5-8a25-468b-b904-396bb29bc5a8@group-4350393D8822-SegmentedRaftLog:OPENED:c-1, conf=-1: [7394f723-5f6d-4e16-a6b6-d1556834f31b|rpc:10.1.0.61:35949|dataStream:|priority:1, 1b06eb26-cd88-4c30-b02a-c0b828ed8899|rpc:10.1.0.61:37511|dataStream:|priority:0, 291612d5-8a25-468b-b904-396bb29bc5a8|rpc:10.1.0.61:34923|dataStream:|priority:0], old=null
2022-10-08 01:40:19,488 [291612d5-8a25-468b-b904-396bb29bc5a8@group-4350393D8822-LeaderElection56] INFO  impl.LeaderElection (LeaderElection.java:logAndReturn(90)) - 291612d5-8a25-468b-b904-396bb29bc5a8@group-4350393D8822-LeaderElection56: ELECTION REJECTED received 1 response(s) and 0 exception(s):
2022-10-08 01:40:19,488 [291612d5-8a25-468b-b904-396bb29bc5a8@group-4350393D8822-LeaderElection56] INFO  impl.LeaderElection (LeaderElection.java:logAndReturn(94)) -   Response 0: 291612d5-8a25-468b-b904-396bb29bc5a8<-7394f723-5f6d-4e16-a6b6-d1556834f31b#0:FAIL-t3
2022-10-08 01:40:19,488 [291612d5-8a25-468b-b904-396bb29bc5a8@group-4350393D8822-LeaderElection56] INFO  impl.LeaderElection (LeaderElection.java:askForVotes(312)) - 291612d5-8a25-468b-b904-396bb29bc5a8@group-4350393D8822-LeaderElection56 ELECTION round 0: result REJECTED
2022-10-08 01:40:19,488 [291612d5-8a25-468b-b904-396bb29bc5a8@group-4350393D8822-LeaderElection56] INFO  server.RaftServer$Division (RaftServerImpl.java:setRole(299)) - 291612d5-8a25-468b-b904-396bb29bc5a8@group-4350393D8822: changes role from CANDIDATE to FOLLOWER at term 3 for REJECTED
2022-10-08 01:40:19,488 [291612d5-8a25-468b-b904-396bb29bc5a8@group-4350393D8822-LeaderElection56] INFO  impl.RoleInfo (RoleInfo.java:shutdownLeaderElection(130)) - 291612d5-8a25-468b-b904-396bb29bc5a8: shutdown 291612d5-8a25-468b-b904-396bb29bc5a8@group-4350393D8822-LeaderElection56
2022-10-08 01:40:19,488 [291612d5-8a25-468b-b904-396bb29bc5a8@group-4350393D8822-LeaderElection56] INFO  impl.RoleInfo (RoleInfo.java:updateAndGet(139)) - 291612d5-8a25-468b-b904-396bb29bc5a8: start 291612d5-8a25-468b-b904-396bb29bc5a8@group-4350393D8822-FollowerState
2022-10-08 01:40:19,489 [grpc-default-executor-10] INFO  server.RaftServer$Division (RaftServerImpl.java:requestVote(1152)) - 1b06eb26-cd88-4c30-b02a-c0b828ed8899@group-4350393D8822: receive requestVote(ELECTION, 7394f723-5f6d-4e16-a6b6-d1556834f31b, group-4350393D8822, 3, (t:0, i:0))
2022-10-08 01:40:19,488 [grpc-default-executor-11] INFO  server.RaftServer$Division (RaftServerImpl.java:requestVote(1184)) - 1b06eb26-cd88-4c30-b02a-c0b828ed8899@group-4350393D8822 replies to ELECTION vote request: 291612d5-8a25-468b-b904-396bb29bc5a8<-1b06eb26-cd88-4c30-b02a-c0b828ed8899#0:FAIL-t3. Peer's state: 1b06eb26-cd88-4c30-b02a-c0b828ed8899@group-4350393D8822:t3, leader=null, voted=1b06eb26-cd88-4c30-b02a-c0b828ed8899, raftlog=1b06eb26-cd88-4c30-b02a-c0b828ed8899@group-4350393D8822-SegmentedRaftLog:OPENED:c-1, conf=-1: [7394f723-5f6d-4e16-a6b6-d1556834f31b|rpc:10.1.0.61:35949|priority:1, 1b06eb26-cd88-4c30-b02a-c0b828ed8899|rpc:10.1.0.61:37511|priority:0, 291612d5-8a25-468b-b904-396bb29bc5a8|rpc:10.1.0.61:34923|priority:0], old=null
2022-10-08 01:40:19,496 [grpc-default-executor-10] INFO  impl.VoteContext (VoteContext.java:log(48)) - 1b06eb26-cd88-4c30-b02a-c0b828ed8899@group-4350393D8822-FOLLOWER: reject ELECTION from 7394f723-5f6d-4e16-a6b6-d1556834f31b: already has voted for 1b06eb26-cd88-4c30-b02a-c0b828ed8899 at current term 3
2022-10-08 01:40:19,496 [grpc-default-executor-10] INFO  server.RaftServer$Division (RaftServerImpl.java:requestVote(1184)) - 1b06eb26-cd88-4c30-b02a-c0b828ed8899@group-4350393D8822 replies to ELECTION vote request: 7394f723-5f6d-4e16-a6b6-d1556834f31b<-1b06eb26-cd88-4c30-b02a-c0b828ed8899#0:FAIL-t3. Peer's state: 1b06eb26-cd88-4c30-b02a-c0b828ed8899@group-4350393D8822:t3, leader=null, voted=1b06eb26-cd88-4c30-b02a-c0b828ed8899, raftlog=1b06eb26-cd88-4c30-b02a-c0b828ed8899@group-4350393D8822-SegmentedRaftLog:OPENED:c-1, conf=-1: [7394f723-5f6d-4e16-a6b6-d1556834f31b|rpc:10.1.0.61:35949|priority:1, 1b06eb26-cd88-4c30-b02a-c0b828ed8899|rpc:10.1.0.61:37511|priority:0, 291612d5-8a25-468b-b904-396bb29bc5a8|rpc:10.1.0.61:34923|priority:0], old=null
2022-10-08 01:40:19,568 [7394f723-5f6d-4e16-a6b6-d1556834f31b@group-4350393D8822-LeaderElection55] INFO  impl.LeaderElection (LeaderElection.java:logAndReturn(90)) - 7394f723-5f6d-4e16-a6b6-d1556834f31b@group-4350393D8822-LeaderElection55: ELECTION REJECTED received 2 response(s) and 0 exception(s):
2022-10-08 01:40:19,568 [7394f723-5f6d-4e16-a6b6-d1556834f31b@group-4350393D8822-LeaderElection55] INFO  impl.LeaderElection (LeaderElection.java:logAndReturn(94)) -   Response 0: 7394f723-5f6d-4e16-a6b6-d1556834f31b<-1b06eb26-cd88-4c30-b02a-c0b828ed8899#0:FAIL-t3
2022-10-08 01:40:19,568 [7394f723-5f6d-4e16-a6b6-d1556834f31b@group-4350393D8822-LeaderElection55] INFO  impl.LeaderElection (LeaderElection.java:logAndReturn(94)) -   Response 1: 7394f723-5f6d-4e16-a6b6-d1556834f31b<-291612d5-8a25-468b-b904-396bb29bc5a8#0:FAIL-t3
2022-10-08 01:40:19,568 [7394f723-5f6d-4e16-a6b6-d1556834f31b@group-4350393D8822-LeaderElection55] INFO  impl.LeaderElection (LeaderElection.java:askForVotes(312)) - 7394f723-5f6d-4e16-a6b6-d1556834f31b@group-4350393D8822-LeaderElection55 ELECTION round 0: result REJECTED
2022-10-08 01:40:19,568 [7394f723-5f6d-4e16-a6b6-d1556834f31b@group-4350393D8822-LeaderElection55] INFO  server.RaftServer$Division (RaftServerImpl.java:setRole(299)) - 7394f723-5f6d-4e16-a6b6-d1556834f31b@group-4350393D8822: changes role from CANDIDATE to FOLLOWER at term 3 for REJECTED
2022-10-08 01:40:19,568 [7394f723-5f6d-4e16-a6b6-d1556834f31b@group-4350393D8822-LeaderElection55] INFO  impl.RoleInfo (RoleInfo.java:shutdownLeaderElection(130)) - 7394f723-5f6d-4e16-a6b6-d1556834f31b: shutdown 7394f723-5f6d-4e16-a6b6-d1556834f31b@group-4350393D8822-LeaderElection55
2022-10-08 01:40:19,568 [7394f723-5f6d-4e16-a6b6-d1556834f31b@group-4350393D8822-LeaderElection55] INFO  impl.RoleInfo (RoleInfo.java:updateAndGet(139)) - 7394f723-5f6d-4e16-a6b6-d1556834f31b: start 7394f723-5f6d-4e16-a6b6-d1556834f31b@group-4350393D8822-FollowerState
2022-10-08 01:40:19,752 [ReplicationMonitor] INFO  replication.ReplicationManager (ReplicationManager.java:processAll(291)) - Replication Manager is not ready to run until 3000ms after safemode exit
2022-10-08 01:40:19,820 [Listener at 127.0.0.1/34011] INFO  ozone.MiniOzoneClusterImpl (MiniOzoneClusterImpl.java:lambda$waitForClusterToBeReady$0(216)) - Nodes are ready. Got 5 of 5 DN Heartbeats.
2022-10-08 01:40:19,820 [Listener at 127.0.0.1/34011] INFO  ozone.MiniOzoneClusterImpl (MiniOzoneClusterImpl.java:lambda$waitForClusterToBeReady$0(219)) - Waiting for cluster to exit safe mode
2022-10-08 01:40:19,820 [Listener at 127.0.0.1/34011] INFO  ozone.MiniOzoneClusterImpl (MiniOzoneClusterImpl.java:lambda$waitForClusterToBeReady$0(221)) - SCM became leader
2022-10-08 01:40:20,752 [ReplicationMonitor] INFO  replication.ReplicationManager (ReplicationManager.java:processAll(291)) - Replication Manager is not ready to run until 3000ms after safemode exit
2022-10-08 01:40:20,820 [Listener at 127.0.0.1/34011] INFO  ozone.MiniOzoneClusterImpl (MiniOzoneClusterImpl.java:lambda$waitForClusterToBeReady$0(216)) - Nodes are ready. Got 5 of 5 DN Heartbeats.
2022-10-08 01:40:20,820 [Listener at 127.0.0.1/34011] INFO  ozone.MiniOzoneClusterImpl (MiniOzoneClusterImpl.java:lambda$waitForClusterToBeReady$0(219)) - Waiting for cluster to exit safe mode
2022-10-08 01:40:20,820 [Listener at 127.0.0.1/34011] INFO  ozone.MiniOzoneClusterImpl (MiniOzoneClusterImpl.java:lambda$waitForClusterToBeReady$0(221)) - SCM became leader
2022-10-08 01:40:21,752 [ReplicationMonitor] INFO  replication.ReplicationManager (ReplicationManager.java:processAll(291)) - Replication Manager is not ready to run until 3000ms after safemode exit
2022-10-08 01:40:21,820 [Listener at 127.0.0.1/34011] INFO  ozone.MiniOzoneClusterImpl (MiniOzoneClusterImpl.java:lambda$waitForClusterToBeReady$0(216)) - Nodes are ready. Got 5 of 5 DN Heartbeats.
2022-10-08 01:40:21,821 [Listener at 127.0.0.1/34011] INFO  ozone.MiniOzoneClusterImpl (MiniOzoneClusterImpl.java:lambda$waitForClusterToBeReady$0(219)) - Waiting for cluster to exit safe mode
2022-10-08 01:40:21,821 [Listener at 127.0.0.1/34011] INFO  ozone.MiniOzoneClusterImpl (MiniOzoneClusterImpl.java:lambda$waitForClusterToBeReady$0(221)) - SCM became leader
2022-10-08 01:40:22,752 [ReplicationMonitor] INFO  replication.ReplicationManager (ReplicationManager.java:processAll(291)) - Replication Manager is not ready to run until 3000ms after safemode exit
2022-10-08 01:40:22,828 [Listener at 127.0.0.1/34011] INFO  ozone.MiniOzoneClusterImpl (MiniOzoneClusterImpl.java:lambda$waitForClusterToBeReady$0(216)) - Nodes are ready. Got 5 of 5 DN Heartbeats.
2022-10-08 01:40:22,828 [Listener at 127.0.0.1/34011] INFO  ozone.MiniOzoneClusterImpl (MiniOzoneClusterImpl.java:lambda$waitForClusterToBeReady$0(219)) - Waiting for cluster to exit safe mode
2022-10-08 01:40:22,828 [Listener at 127.0.0.1/34011] INFO  ozone.MiniOzoneClusterImpl (MiniOzoneClusterImpl.java:lambda$waitForClusterToBeReady$0(221)) - SCM became leader
2022-10-08 01:40:23,752 [ReplicationMonitor] INFO  replication.ReplicationManager (ReplicationManager.java:processAll(291)) - Replication Manager is not ready to run until 3000ms after safemode exit
2022-10-08 01:40:23,828 [Listener at 127.0.0.1/34011] INFO  ozone.MiniOzoneClusterImpl (MiniOzoneClusterImpl.java:lambda$waitForClusterToBeReady$0(216)) - Nodes are ready. Got 5 of 5 DN Heartbeats.
2022-10-08 01:40:23,828 [Listener at 127.0.0.1/34011] INFO  ozone.MiniOzoneClusterImpl (MiniOzoneClusterImpl.java:lambda$waitForClusterToBeReady$0(219)) - Waiting for cluster to exit safe mode
2022-10-08 01:40:23,828 [Listener at 127.0.0.1/34011] INFO  ozone.MiniOzoneClusterImpl (MiniOzoneClusterImpl.java:lambda$waitForClusterToBeReady$0(221)) - SCM became leader
2022-10-08 01:40:24,615 [1b06eb26-cd88-4c30-b02a-c0b828ed8899@group-4350393D8822-FollowerState] INFO  impl.FollowerState (FollowerState.java:run(143)) - 1b06eb26-cd88-4c30-b02a-c0b828ed8899@group-4350393D8822-FollowerState: change to CANDIDATE, lastRpcElapsedTime:5290177998ns, electionTimeout:5175ms
2022-10-08 01:40:24,615 [1b06eb26-cd88-4c30-b02a-c0b828ed8899@group-4350393D8822-FollowerState] INFO  impl.RoleInfo (RoleInfo.java:shutdownFollowerState(110)) - 1b06eb26-cd88-4c30-b02a-c0b828ed8899: shutdown 1b06eb26-cd88-4c30-b02a-c0b828ed8899@group-4350393D8822-FollowerState
2022-10-08 01:40:24,615 [1b06eb26-cd88-4c30-b02a-c0b828ed8899@group-4350393D8822-FollowerState] INFO  server.RaftServer$Division (RaftServerImpl.java:setRole(299)) - 1b06eb26-cd88-4c30-b02a-c0b828ed8899@group-4350393D8822: changes role from  FOLLOWER to CANDIDATE at term 3 for changeToCandidate
2022-10-08 01:40:24,615 [1b06eb26-cd88-4c30-b02a-c0b828ed8899@group-4350393D8822-FollowerState] INFO  server.RaftServerConfigKeys (ConfUtils.java:logGet(46)) - raft.server.leaderelection.pre-vote = false (custom)
2022-10-08 01:40:24,615 [1b06eb26-cd88-4c30-b02a-c0b828ed8899@group-4350393D8822-FollowerState] INFO  impl.RoleInfo (RoleInfo.java:updateAndGet(139)) - 1b06eb26-cd88-4c30-b02a-c0b828ed8899: start 1b06eb26-cd88-4c30-b02a-c0b828ed8899@group-4350393D8822-LeaderElection57
2022-10-08 01:40:24,667 [7394f723-5f6d-4e16-a6b6-d1556834f31b@group-4350393D8822-FollowerState] INFO  impl.FollowerState (FollowerState.java:run(143)) - 7394f723-5f6d-4e16-a6b6-d1556834f31b@group-4350393D8822-FollowerState: change to CANDIDATE, lastRpcElapsedTime:5098793113ns, electionTimeout:5059ms
2022-10-08 01:40:24,667 [7394f723-5f6d-4e16-a6b6-d1556834f31b@group-4350393D8822-FollowerState] INFO  impl.RoleInfo (RoleInfo.java:shutdownFollowerState(110)) - 7394f723-5f6d-4e16-a6b6-d1556834f31b: shutdown 7394f723-5f6d-4e16-a6b6-d1556834f31b@group-4350393D8822-FollowerState
2022-10-08 01:40:24,667 [7394f723-5f6d-4e16-a6b6-d1556834f31b@group-4350393D8822-FollowerState] INFO  server.RaftServer$Division (RaftServerImpl.java:setRole(299)) - 7394f723-5f6d-4e16-a6b6-d1556834f31b@group-4350393D8822: changes role from  FOLLOWER to CANDIDATE at term 3 for changeToCandidate
2022-10-08 01:40:24,667 [7394f723-5f6d-4e16-a6b6-d1556834f31b@group-4350393D8822-FollowerState] INFO  server.RaftServerConfigKeys (ConfUtils.java:logGet(46)) - raft.server.leaderelection.pre-vote = false (custom)
2022-10-08 01:40:24,667 [7394f723-5f6d-4e16-a6b6-d1556834f31b@group-4350393D8822-FollowerState] INFO  impl.RoleInfo (RoleInfo.java:updateAndGet(139)) - 7394f723-5f6d-4e16-a6b6-d1556834f31b: start 7394f723-5f6d-4e16-a6b6-d1556834f31b@group-4350393D8822-LeaderElection58
2022-10-08 01:40:24,730 [7394f723-5f6d-4e16-a6b6-d1556834f31b@group-4350393D8822-LeaderElection58] INFO  impl.LeaderElection (LeaderElection.java:askForVotes(310)) - 7394f723-5f6d-4e16-a6b6-d1556834f31b@group-4350393D8822-LeaderElection58 ELECTION round 0: submit vote requests at term 4 for -1: [7394f723-5f6d-4e16-a6b6-d1556834f31b|rpc:10.1.0.61:35949|dataStream:|priority:1, 1b06eb26-cd88-4c30-b02a-c0b828ed8899|rpc:10.1.0.61:37511|dataStream:|priority:0, 291612d5-8a25-468b-b904-396bb29bc5a8|rpc:10.1.0.61:34923|dataStream:|priority:0], old=null
2022-10-08 01:40:24,732 [1b06eb26-cd88-4c30-b02a-c0b828ed8899@group-4350393D8822-LeaderElection57] INFO  impl.LeaderElection (LeaderElection.java:askForVotes(310)) - 1b06eb26-cd88-4c30-b02a-c0b828ed8899@group-4350393D8822-LeaderElection57 ELECTION round 0: submit vote requests at term 4 for -1: [7394f723-5f6d-4e16-a6b6-d1556834f31b|rpc:10.1.0.61:35949|priority:1, 1b06eb26-cd88-4c30-b02a-c0b828ed8899|rpc:10.1.0.61:37511|priority:0, 291612d5-8a25-468b-b904-396bb29bc5a8|rpc:10.1.0.61:34923|priority:0], old=null
2022-10-08 01:40:24,753 [ReplicationMonitor] INFO  replication.ReplicationManager (ReplicationManager.java:processAll(291)) - Replication Manager is not ready to run until 3000ms after safemode exit
2022-10-08 01:40:24,760 [grpc-default-executor-10] INFO  server.RaftServer$Division (RaftServerImpl.java:requestVote(1152)) - 1b06eb26-cd88-4c30-b02a-c0b828ed8899@group-4350393D8822: receive requestVote(ELECTION, 7394f723-5f6d-4e16-a6b6-d1556834f31b, group-4350393D8822, 4, (t:0, i:0))
2022-10-08 01:40:24,761 [grpc-default-executor-10] INFO  impl.VoteContext (VoteContext.java:log(48)) - 1b06eb26-cd88-4c30-b02a-c0b828ed8899@group-4350393D8822-CANDIDATE: reject ELECTION from 7394f723-5f6d-4e16-a6b6-d1556834f31b: already has voted for 1b06eb26-cd88-4c30-b02a-c0b828ed8899 at current term 4
2022-10-08 01:40:24,761 [grpc-default-executor-10] INFO  server.RaftServer$Division (RaftServerImpl.java:requestVote(1184)) - 1b06eb26-cd88-4c30-b02a-c0b828ed8899@group-4350393D8822 replies to ELECTION vote request: 7394f723-5f6d-4e16-a6b6-d1556834f31b<-1b06eb26-cd88-4c30-b02a-c0b828ed8899#0:FAIL-t4. Peer's state: 1b06eb26-cd88-4c30-b02a-c0b828ed8899@group-4350393D8822:t4, leader=null, voted=1b06eb26-cd88-4c30-b02a-c0b828ed8899, raftlog=1b06eb26-cd88-4c30-b02a-c0b828ed8899@group-4350393D8822-SegmentedRaftLog:OPENED:c-1, conf=-1: [7394f723-5f6d-4e16-a6b6-d1556834f31b|rpc:10.1.0.61:35949|priority:1, 1b06eb26-cd88-4c30-b02a-c0b828ed8899|rpc:10.1.0.61:37511|priority:0, 291612d5-8a25-468b-b904-396bb29bc5a8|rpc:10.1.0.61:34923|priority:0], old=null
2022-10-08 01:40:24,768 [grpc-default-executor-11] INFO  server.RaftServer$Division (RaftServerImpl.java:requestVote(1152)) - 7394f723-5f6d-4e16-a6b6-d1556834f31b@group-4350393D8822: receive requestVote(ELECTION, 1b06eb26-cd88-4c30-b02a-c0b828ed8899, group-4350393D8822, 4, (t:0, i:0))
2022-10-08 01:40:24,768 [grpc-default-executor-10] INFO  server.RaftServer$Division (RaftServerImpl.java:requestVote(1152)) - 291612d5-8a25-468b-b904-396bb29bc5a8@group-4350393D8822: receive requestVote(ELECTION, 7394f723-5f6d-4e16-a6b6-d1556834f31b, group-4350393D8822, 4, (t:0, i:0))
2022-10-08 01:40:24,768 [grpc-default-executor-11] INFO  impl.VoteContext (VoteContext.java:log(48)) - 7394f723-5f6d-4e16-a6b6-d1556834f31b@group-4350393D8822-CANDIDATE: reject ELECTION from 1b06eb26-cd88-4c30-b02a-c0b828ed8899: already has voted for 7394f723-5f6d-4e16-a6b6-d1556834f31b at current term 4
2022-10-08 01:40:24,768 [grpc-default-executor-10] INFO  impl.VoteContext (VoteContext.java:log(48)) - 291612d5-8a25-468b-b904-396bb29bc5a8@group-4350393D8822-FOLLOWER: accept ELECTION from 7394f723-5f6d-4e16-a6b6-d1556834f31b: our priority 0 <= candidate's priority 1
2022-10-08 01:40:24,769 [grpc-default-executor-11] INFO  server.RaftServer$Division (RaftServerImpl.java:requestVote(1184)) - 7394f723-5f6d-4e16-a6b6-d1556834f31b@group-4350393D8822 replies to ELECTION vote request: 1b06eb26-cd88-4c30-b02a-c0b828ed8899<-7394f723-5f6d-4e16-a6b6-d1556834f31b#0:FAIL-t4. Peer's state: 7394f723-5f6d-4e16-a6b6-d1556834f31b@group-4350393D8822:t4, leader=null, voted=7394f723-5f6d-4e16-a6b6-d1556834f31b, raftlog=7394f723-5f6d-4e16-a6b6-d1556834f31b@group-4350393D8822-SegmentedRaftLog:OPENED:c-1, conf=-1: [7394f723-5f6d-4e16-a6b6-d1556834f31b|rpc:10.1.0.61:35949|dataStream:|priority:1, 1b06eb26-cd88-4c30-b02a-c0b828ed8899|rpc:10.1.0.61:37511|dataStream:|priority:0, 291612d5-8a25-468b-b904-396bb29bc5a8|rpc:10.1.0.61:34923|dataStream:|priority:0], old=null
2022-10-08 01:40:24,769 [grpc-default-executor-10] INFO  server.RaftServer$Division (RaftServerImpl.java:setRole(299)) - 291612d5-8a25-468b-b904-396bb29bc5a8@group-4350393D8822: changes role from  FOLLOWER to FOLLOWER at term 4 for candidate:7394f723-5f6d-4e16-a6b6-d1556834f31b
2022-10-08 01:40:24,769 [grpc-default-executor-10] INFO  impl.RoleInfo (RoleInfo.java:shutdownFollowerState(110)) - 291612d5-8a25-468b-b904-396bb29bc5a8: shutdown 291612d5-8a25-468b-b904-396bb29bc5a8@group-4350393D8822-FollowerState
2022-10-08 01:40:24,769 [grpc-default-executor-10] INFO  impl.RoleInfo (RoleInfo.java:updateAndGet(139)) - 291612d5-8a25-468b-b904-396bb29bc5a8: start 291612d5-8a25-468b-b904-396bb29bc5a8@group-4350393D8822-FollowerState
2022-10-08 01:40:24,769 [291612d5-8a25-468b-b904-396bb29bc5a8@group-4350393D8822-FollowerState] INFO  impl.FollowerState (FollowerState.java:run(152)) - 291612d5-8a25-468b-b904-396bb29bc5a8@group-4350393D8822-FollowerState was interrupted
2022-10-08 01:40:24,769 [grpc-default-executor-11] INFO  server.RaftServer$Division (RaftServerImpl.java:requestVote(1152)) - 291612d5-8a25-468b-b904-396bb29bc5a8@group-4350393D8822: receive requestVote(ELECTION, 1b06eb26-cd88-4c30-b02a-c0b828ed8899, group-4350393D8822, 4, (t:0, i:0))
2022-10-08 01:40:24,828 [Listener at 127.0.0.1/34011] INFO  ozone.MiniOzoneClusterImpl (MiniOzoneClusterImpl.java:lambda$waitForClusterToBeReady$0(216)) - Nodes are ready. Got 5 of 5 DN Heartbeats.
2022-10-08 01:40:24,829 [Listener at 127.0.0.1/34011] INFO  ozone.MiniOzoneClusterImpl (MiniOzoneClusterImpl.java:lambda$waitForClusterToBeReady$0(219)) - Waiting for cluster to exit safe mode
2022-10-08 01:40:24,829 [Listener at 127.0.0.1/34011] INFO  ozone.MiniOzoneClusterImpl (MiniOzoneClusterImpl.java:lambda$waitForClusterToBeReady$0(221)) - SCM became leader
2022-10-08 01:40:24,856 [grpc-default-executor-10] INFO  server.RaftServer$Division (RaftServerImpl.java:requestVote(1184)) - 291612d5-8a25-468b-b904-396bb29bc5a8@group-4350393D8822 replies to ELECTION vote request: 7394f723-5f6d-4e16-a6b6-d1556834f31b<-291612d5-8a25-468b-b904-396bb29bc5a8#0:OK-t4. Peer's state: 291612d5-8a25-468b-b904-396bb29bc5a8@group-4350393D8822:t4, leader=null, voted=7394f723-5f6d-4e16-a6b6-d1556834f31b, raftlog=291612d5-8a25-468b-b904-396bb29bc5a8@group-4350393D8822-SegmentedRaftLog:OPENED:c-1, conf=-1: [7394f723-5f6d-4e16-a6b6-d1556834f31b|rpc:10.1.0.61:35949|dataStream:|priority:1, 1b06eb26-cd88-4c30-b02a-c0b828ed8899|rpc:10.1.0.61:37511|dataStream:|priority:0, 291612d5-8a25-468b-b904-396bb29bc5a8|rpc:10.1.0.61:34923|dataStream:|priority:0], old=null
2022-10-08 01:40:24,856 [grpc-default-executor-11] INFO  impl.VoteContext (VoteContext.java:log(48)) - 291612d5-8a25-468b-b904-396bb29bc5a8@group-4350393D8822-FOLLOWER: reject ELECTION from 1b06eb26-cd88-4c30-b02a-c0b828ed8899: already has voted for 7394f723-5f6d-4e16-a6b6-d1556834f31b at current term 4
2022-10-08 01:40:24,856 [7394f723-5f6d-4e16-a6b6-d1556834f31b@group-4350393D8822-LeaderElection58] INFO  impl.LeaderElection (LeaderElection.java:logAndReturn(90)) - 7394f723-5f6d-4e16-a6b6-d1556834f31b@group-4350393D8822-LeaderElection58: ELECTION PASSED received 2 response(s) and 0 exception(s):
2022-10-08 01:40:24,856 [grpc-default-executor-11] INFO  server.RaftServer$Division (RaftServerImpl.java:requestVote(1184)) - 291612d5-8a25-468b-b904-396bb29bc5a8@group-4350393D8822 replies to ELECTION vote request: 1b06eb26-cd88-4c30-b02a-c0b828ed8899<-291612d5-8a25-468b-b904-396bb29bc5a8#0:FAIL-t4. Peer's state: 291612d5-8a25-468b-b904-396bb29bc5a8@group-4350393D8822:t4, leader=null, voted=7394f723-5f6d-4e16-a6b6-d1556834f31b, raftlog=291612d5-8a25-468b-b904-396bb29bc5a8@group-4350393D8822-SegmentedRaftLog:OPENED:c-1, conf=-1: [7394f723-5f6d-4e16-a6b6-d1556834f31b|rpc:10.1.0.61:35949|dataStream:|priority:1, 1b06eb26-cd88-4c30-b02a-c0b828ed8899|rpc:10.1.0.61:37511|dataStream:|priority:0, 291612d5-8a25-468b-b904-396bb29bc5a8|rpc:10.1.0.61:34923|dataStream:|priority:0], old=null
2022-10-08 01:40:24,856 [7394f723-5f6d-4e16-a6b6-d1556834f31b@group-4350393D8822-LeaderElection58] INFO  impl.LeaderElection (LeaderElection.java:logAndReturn(94)) -   Response 0: 7394f723-5f6d-4e16-a6b6-d1556834f31b<-1b06eb26-cd88-4c30-b02a-c0b828ed8899#0:FAIL-t4
2022-10-08 01:40:24,857 [7394f723-5f6d-4e16-a6b6-d1556834f31b@group-4350393D8822-LeaderElection58] INFO  impl.LeaderElection (LeaderElection.java:logAndReturn(94)) -   Response 1: 7394f723-5f6d-4e16-a6b6-d1556834f31b<-291612d5-8a25-468b-b904-396bb29bc5a8#0:OK-t4
2022-10-08 01:40:24,857 [7394f723-5f6d-4e16-a6b6-d1556834f31b@group-4350393D8822-LeaderElection58] INFO  impl.LeaderElection (LeaderElection.java:askForVotes(312)) - 7394f723-5f6d-4e16-a6b6-d1556834f31b@group-4350393D8822-LeaderElection58 ELECTION round 0: result PASSED
2022-10-08 01:40:24,857 [7394f723-5f6d-4e16-a6b6-d1556834f31b@group-4350393D8822-LeaderElection58] INFO  impl.RoleInfo (RoleInfo.java:shutdownLeaderElection(130)) - 7394f723-5f6d-4e16-a6b6-d1556834f31b: shutdown 7394f723-5f6d-4e16-a6b6-d1556834f31b@group-4350393D8822-LeaderElection58
2022-10-08 01:40:24,857 [7394f723-5f6d-4e16-a6b6-d1556834f31b@group-4350393D8822-LeaderElection58] INFO  server.RaftServer$Division (RaftServerImpl.java:setRole(299)) - 7394f723-5f6d-4e16-a6b6-d1556834f31b@group-4350393D8822: changes role from CANDIDATE to LEADER at term 4 for changeToLeader
2022-10-08 01:40:24,857 [7394f723-5f6d-4e16-a6b6-d1556834f31b@group-4350393D8822-LeaderElection58] INFO  ratis.XceiverServerRatis (XceiverServerRatis.java:handleLeaderChangedNotification(863)) - Leader change notification received for group: group-4350393D8822 with new leaderId: 7394f723-5f6d-4e16-a6b6-d1556834f31b
2022-10-08 01:40:24,857 [1b06eb26-cd88-4c30-b02a-c0b828ed8899@group-4350393D8822-LeaderElection57] INFO  impl.LeaderElection (LeaderElection.java:logAndReturn(90)) - 1b06eb26-cd88-4c30-b02a-c0b828ed8899@group-4350393D8822-LeaderElection57: ELECTION REJECTED received 1 response(s) and 0 exception(s):
2022-10-08 01:40:24,857 [1b06eb26-cd88-4c30-b02a-c0b828ed8899@group-4350393D8822-LeaderElection57] INFO  impl.LeaderElection (LeaderElection.java:logAndReturn(94)) -   Response 0: 1b06eb26-cd88-4c30-b02a-c0b828ed8899<-7394f723-5f6d-4e16-a6b6-d1556834f31b#0:FAIL-t4
2022-10-08 01:40:24,857 [7394f723-5f6d-4e16-a6b6-d1556834f31b@group-4350393D8822-LeaderElection58] INFO  server.RaftServer$Division (ServerState.java:setLeader(287)) - 7394f723-5f6d-4e16-a6b6-d1556834f31b@group-4350393D8822: change Leader from null to 7394f723-5f6d-4e16-a6b6-d1556834f31b at term 4 for becomeLeader, leader elected after 21271ms
2022-10-08 01:40:24,857 [7394f723-5f6d-4e16-a6b6-d1556834f31b@group-4350393D8822-LeaderElection58] INFO  server.RaftServerConfigKeys (ConfUtils.java:logGet(46)) - raft.server.staging.catchup.gap = 1000 (default)
2022-10-08 01:40:24,857 [7394f723-5f6d-4e16-a6b6-d1556834f31b@group-4350393D8822-LeaderElection58] INFO  server.RaftServerConfigKeys (ConfUtils.java:logGet(46)) - raft.server.write.element-limit = 1024 (custom)
2022-10-08 01:40:24,857 [7394f723-5f6d-4e16-a6b6-d1556834f31b@group-4350393D8822-LeaderElection58] INFO  server.RaftServerConfigKeys (ConfUtils.java:logGet(46)) - raft.server.write.byte-limit = 1024 M (=1073741824) (custom)
2022-10-08 01:40:24,858 [7394f723-5f6d-4e16-a6b6-d1556834f31b@group-4350393D8822-LeaderElection58] INFO  server.RaftServerConfigKeys (ConfUtils.java:logGet(46)) - raft.server.watch.timeout = 180s (custom)
2022-10-08 01:40:24,858 [7394f723-5f6d-4e16-a6b6-d1556834f31b@group-4350393D8822-LeaderElection58] INFO  server.RaftServerConfigKeys (ConfUtils.java:logGet(46)) - raft.server.watch.timeout.denomination = 1s (default)
2022-10-08 01:40:24,858 [7394f723-5f6d-4e16-a6b6-d1556834f31b@group-4350393D8822-LeaderElection58] INFO  server.RaftServerConfigKeys (ConfUtils.java:logGet(46)) - raft.server.watch.element-limit = 65536 (default)
2022-10-08 01:40:24,858 [7394f723-5f6d-4e16-a6b6-d1556834f31b@group-4350393D8822-LeaderElection58] INFO  server.RaftServerConfigKeys (ConfUtils.java:logGet(46)) - raft.server.write.element-limit = 1024 (custom)
2022-10-08 01:40:24,858 [7394f723-5f6d-4e16-a6b6-d1556834f31b@group-4350393D8822-LeaderElection58] INFO  server.RaftServerConfigKeys (ConfUtils.java:logGet(46)) - raft.server.write.follower.gap.ratio.max = -1.0 (default)
2022-10-08 01:40:24,859 [7394f723-5f6d-4e16-a6b6-d1556834f31b@group-4350393D8822-LeaderElection58] INFO  server.RaftServerConfigKeys (ConfUtils.java:logGet(46)) - raft.server.log.appender.snapshot.chunk.size.max = 16MB (=16777216) (default)
2022-10-08 01:40:24,859 [7394f723-5f6d-4e16-a6b6-d1556834f31b@group-4350393D8822-LeaderElection58] INFO  server.RaftServerConfigKeys (ConfUtils.java:logGet(46)) - raft.server.log.appender.buffer.byte-limit = 33554432 (custom)
2022-10-08 01:40:24,859 [7394f723-5f6d-4e16-a6b6-d1556834f31b@group-4350393D8822-LeaderElection58] INFO  server.RaftServerConfigKeys (ConfUtils.java:logGet(46)) - raft.server.log.appender.buffer.element-limit = 1 (custom)
2022-10-08 01:40:24,859 [7394f723-5f6d-4e16-a6b6-d1556834f31b@group-4350393D8822-LeaderElection58] INFO  grpc.GrpcConfigKeys (ConfUtils.java:logGet(46)) - raft.grpc.server.leader.outstanding.appends.max = 128 (default)
2022-10-08 01:40:24,859 [7394f723-5f6d-4e16-a6b6-d1556834f31b@group-4350393D8822-LeaderElection58] INFO  server.RaftServerConfigKeys (ConfUtils.java:logGet(46)) - raft.server.rpc.request.timeout = 60s (custom)
2022-10-08 01:40:24,859 [7394f723-5f6d-4e16-a6b6-d1556834f31b@group-4350393D8822-LeaderElection58] INFO  server.RaftServerConfigKeys (ConfUtils.java:logGet(46)) - raft.server.log.appender.install.snapshot.enabled = false (custom)
2022-10-08 01:40:24,857 [1b06eb26-cd88-4c30-b02a-c0b828ed8899@group-4350393D8822-LeaderElection57] INFO  impl.LeaderElection (LeaderElection.java:askForVotes(312)) - 1b06eb26-cd88-4c30-b02a-c0b828ed8899@group-4350393D8822-LeaderElection57 ELECTION round 0: result REJECTED
2022-10-08 01:40:24,860 [1b06eb26-cd88-4c30-b02a-c0b828ed8899@group-4350393D8822-LeaderElection57] INFO  server.RaftServer$Division (RaftServerImpl.java:setRole(299)) - 1b06eb26-cd88-4c30-b02a-c0b828ed8899@group-4350393D8822: changes role from CANDIDATE to FOLLOWER at term 4 for REJECTED
2022-10-08 01:40:24,860 [1b06eb26-cd88-4c30-b02a-c0b828ed8899@group-4350393D8822-LeaderElection57] INFO  impl.RoleInfo (RoleInfo.java:shutdownLeaderElection(130)) - 1b06eb26-cd88-4c30-b02a-c0b828ed8899: shutdown 1b06eb26-cd88-4c30-b02a-c0b828ed8899@group-4350393D8822-LeaderElection57
2022-10-08 01:40:24,860 [1b06eb26-cd88-4c30-b02a-c0b828ed8899@group-4350393D8822-LeaderElection57] INFO  impl.RoleInfo (RoleInfo.java:updateAndGet(139)) - 1b06eb26-cd88-4c30-b02a-c0b828ed8899: start 1b06eb26-cd88-4c30-b02a-c0b828ed8899@group-4350393D8822-FollowerState
2022-10-08 01:40:24,861 [EventQueue-PipelineReportForPipelineReportHandler] INFO  pipeline.PipelineManagerImpl (PipelineManagerImpl.java:openPipeline(367)) - Pipeline Pipeline[ Id: ead37481-9ae8-46ae-8ba2-4350393d8822, Nodes: 291612d5-8a25-468b-b904-396bb29bc5a8{ip: 10.1.0.61, host: fv-az180-867.g3pwtgv4ffyuhaixmbmm0kyh3d.gx.internal.cloudapp.net, ports: [REPLICATION=39179, RATIS=34923, RATIS_ADMIN=34923, RATIS_SERVER=34923, STANDALONE=39861], networkLocation: /default-rack, certSerialId: null, persistedOpState: IN_SERVICE, persistedOpStateExpiryEpochSec: 0}1b06eb26-cd88-4c30-b02a-c0b828ed8899{ip: 10.1.0.61, host: fv-az180-867.g3pwtgv4ffyuhaixmbmm0kyh3d.gx.internal.cloudapp.net, ports: [REPLICATION=34467, RATIS=37511, RATIS_ADMIN=37511, RATIS_SERVER=37511, STANDALONE=41855], networkLocation: /default-rack, certSerialId: null, persistedOpState: IN_SERVICE, persistedOpStateExpiryEpochSec: 0}7394f723-5f6d-4e16-a6b6-d1556834f31b{ip: 10.1.0.61, host: fv-az180-867.g3pwtgv4ffyuhaixmbmm0kyh3d.gx.internal.cloudapp.net, ports: [REPLICATION=33813, RATIS=35949, RATIS_ADMIN=35949, RATIS_SERVER=35949, STANDALONE=41117], networkLocation: /default-rack, certSerialId: null, persistedOpState: IN_SERVICE, persistedOpStateExpiryEpochSec: 0}, ReplicationConfig: RATIS/THREE, State:ALLOCATED, leaderId:7394f723-5f6d-4e16-a6b6-d1556834f31b, CreationTimestamp2022-10-08T01:40:02.266Z[Etc/UTC]] moved to OPEN state
2022-10-08 01:40:24,861 [EventQueue-OpenPipelineForHealthyPipelineSafeModeRule] INFO  safemode.SCMSafeModeManager (HealthyPipelineSafeModeRule.java:process(137)) - SCM in safe mode. Healthy pipelines reported count is 1, required healthy pipeline reported count is 1
2022-10-08 01:40:24,861 [EventQueue-OpenPipelineForHealthyPipelineSafeModeRule] INFO  safemode.SCMSafeModeManager (SCMSafeModeManager.java:validateSafeModeExitRules(204)) - HealthyPipelineSafeModeRule rule is successfully validated
2022-10-08 01:40:24,861 [EventQueue-OpenPipelineForHealthyPipelineSafeModeRule] INFO  safemode.SCMSafeModeManager (SCMSafeModeManager.java:validateSafeModeExitRules(219)) - ScmSafeModeManager, all rules are successfully validated
2022-10-08 01:40:24,861 [EventQueue-OpenPipelineForHealthyPipelineSafeModeRule] INFO  safemode.SCMSafeModeManager (SCMSafeModeManager.java:exitSafeMode(248)) - SCM exiting safe mode.
2022-10-08 01:40:24,861 [EventQueue-OpenPipelineForHealthyPipelineSafeModeRule] WARN  events.EventQueue (EventQueue.java:fireEvent(216)) - No event handler registered for event TypedEvent{payloadType=SafeModeStatus, name='Safe mode status'}
2022-10-08 01:40:24,861 [EventQueue-OpenPipelineForHealthyPipelineSafeModeRule] INFO  ha.SCMContext (SCMContext.java:updateSafeModeStatus(228)) - Update SafeModeStatus from SafeModeStatus{safeModeStatus=true, preCheckPassed=true} to SafeModeStatus{safeModeStatus=false, preCheckPassed=true}.
2022-10-08 01:40:24,861 [EventQueue-OpenPipelineForHealthyPipelineSafeModeRule] INFO  pipeline.BackgroundPipelineCreator (BackgroundPipelineCreator.java:notifyStatusChanged(254)) - Service BackgroundPipelineCreator transitions to RUNNING.
2022-10-08 01:40:24,861 [EventQueue-OpenPipelineForHealthyPipelineSafeModeRule] INFO  BackgroundPipelineScrubber (BackgroundSCMService.java:notifyStatusChanged(82)) - Service BackgroundPipelineScrubber transitions to RUNNING.
2022-10-08 01:40:24,861 [EventQueue-OpenPipelineForHealthyPipelineSafeModeRule] INFO  ExpiredContainerReplicaOpScrubber (BackgroundSCMService.java:notifyStatusChanged(82)) - Service ExpiredContainerReplicaOpScrubber transitions to RUNNING.
2022-10-08 01:40:24,861 [EventQueue-OpenPipelineForHealthyPipelineSafeModeRule] INFO  replication.ReplicationManager (ReplicationManager.java:notifyStatusChanged(728)) - Service ReplicationManager transitions to RUNNING.
2022-10-08 01:40:24,861 [EventQueue-OpenPipelineForHealthyPipelineSafeModeRule] WARN  balancer.ContainerBalancer (ContainerBalancer.java:shouldRun(936)) - Could not find persisted configuration for ContainerBalancer when checking if ContainerBalancer should run. ContainerBalancer should not run now.
2022-10-08 01:40:24,863 [7394f723-5f6d-4e16-a6b6-d1556834f31b@group-4350393D8822-LeaderElection58] INFO  server.RaftServerConfigKeys (ConfUtils.java:logGet(46)) - raft.server.log.appender.snapshot.chunk.size.max = 16MB (=16777216) (default)
2022-10-08 01:40:24,863 [7394f723-5f6d-4e16-a6b6-d1556834f31b@group-4350393D8822-LeaderElection58] INFO  server.RaftServerConfigKeys (ConfUtils.java:logGet(46)) - raft.server.log.appender.buffer.byte-limit = 33554432 (custom)
2022-10-08 01:40:24,863 [7394f723-5f6d-4e16-a6b6-d1556834f31b@group-4350393D8822-LeaderElection58] INFO  server.RaftServerConfigKeys (ConfUtils.java:logGet(46)) - raft.server.log.appender.buffer.element-limit = 1 (custom)
2022-10-08 01:40:24,864 [7394f723-5f6d-4e16-a6b6-d1556834f31b@group-4350393D8822-LeaderElection58] INFO  grpc.GrpcConfigKeys (ConfUtils.java:logGet(46)) - raft.grpc.server.leader.outstanding.appends.max = 128 (default)
2022-10-08 01:40:24,864 [7394f723-5f6d-4e16-a6b6-d1556834f31b@group-4350393D8822-LeaderElection58] INFO  server.RaftServerConfigKeys (ConfUtils.java:logGet(46)) - raft.server.rpc.request.timeout = 60s (custom)
2022-10-08 01:40:24,864 [7394f723-5f6d-4e16-a6b6-d1556834f31b@group-4350393D8822-LeaderElection58] INFO  server.RaftServerConfigKeys (ConfUtils.java:logGet(46)) - raft.server.log.appender.install.snapshot.enabled = false (custom)
2022-10-08 01:40:24,864 [7394f723-5f6d-4e16-a6b6-d1556834f31b@group-4350393D8822-LeaderElection58] INFO  impl.RoleInfo (RoleInfo.java:updateAndGet(139)) - 7394f723-5f6d-4e16-a6b6-d1556834f31b: start 7394f723-5f6d-4e16-a6b6-d1556834f31b@group-4350393D8822-LeaderStateImpl
2022-10-08 01:40:24,865 [7394f723-5f6d-4e16-a6b6-d1556834f31b@group-4350393D8822-LeaderElection58] INFO  segmented.SegmentedRaftLogWorker (SegmentedRaftLogWorker.java:startLogSegment(425)) - 7394f723-5f6d-4e16-a6b6-d1556834f31b@group-4350393D8822-SegmentedRaftLogWorker: Starting segment from index:0
2022-10-08 01:40:24,871 [7394f723-5f6d-4e16-a6b6-d1556834f31b@group-4350393D8822-SegmentedRaftLogWorker] INFO  segmented.SegmentedRaftLogWorker (SegmentedRaftLogWorker.java:execute(629)) - 7394f723-5f6d-4e16-a6b6-d1556834f31b@group-4350393D8822-SegmentedRaftLogWorker: created new log segment /home/runner/work/ozone/ozone/hadoop-ozone/integration-test/target/test-dir/MiniOzoneClusterImpl-f835b163-d90e-48f8-926f-823f898330c6/datanode-2/data/ratis/ead37481-9ae8-46ae-8ba2-4350393d8822/current/log_inprogress_0
2022-10-08 01:40:24,892 [7394f723-5f6d-4e16-a6b6-d1556834f31b@group-4350393D8822-LeaderElection58] INFO  server.RaftServer$Division (ServerState.java:setRaftConf(393)) - 7394f723-5f6d-4e16-a6b6-d1556834f31b@group-4350393D8822: set configuration 0: [7394f723-5f6d-4e16-a6b6-d1556834f31b|rpc:10.1.0.61:35949|dataStream:|priority:1, 1b06eb26-cd88-4c30-b02a-c0b828ed8899|rpc:10.1.0.61:37511|dataStream:|priority:0, 291612d5-8a25-468b-b904-396bb29bc5a8|rpc:10.1.0.61:34923|dataStream:|priority:0], old=null
2022-10-08 01:40:24,958 [291612d5-8a25-468b-b904-396bb29bc5a8-server-thread1] INFO  ratis.XceiverServerRatis (XceiverServerRatis.java:handleLeaderChangedNotification(863)) - Leader change notification received for group: group-4350393D8822 with new leaderId: 7394f723-5f6d-4e16-a6b6-d1556834f31b
2022-10-08 01:40:24,958 [291612d5-8a25-468b-b904-396bb29bc5a8-server-thread1] INFO  server.RaftServer$Division (ServerState.java:setLeader(287)) - 291612d5-8a25-468b-b904-396bb29bc5a8@group-4350393D8822: change Leader from null to 7394f723-5f6d-4e16-a6b6-d1556834f31b at term 4 for appendEntries, leader elected after 21752ms
2022-10-08 01:40:24,961 [291612d5-8a25-468b-b904-396bb29bc5a8-server-thread1] INFO  server.RaftServer$Division (ServerState.java:setRaftConf(393)) - 291612d5-8a25-468b-b904-396bb29bc5a8@group-4350393D8822: set configuration 0: [7394f723-5f6d-4e16-a6b6-d1556834f31b|rpc:10.1.0.61:35949|dataStream:|priority:1, 1b06eb26-cd88-4c30-b02a-c0b828ed8899|rpc:10.1.0.61:37511|dataStream:|priority:0, 291612d5-8a25-468b-b904-396bb29bc5a8|rpc:10.1.0.61:34923|dataStream:|priority:0], old=null
2022-10-08 01:40:24,961 [291612d5-8a25-468b-b904-396bb29bc5a8-server-thread1] INFO  segmented.SegmentedRaftLogWorker (SegmentedRaftLogWorker.java:startLogSegment(425)) - 291612d5-8a25-468b-b904-396bb29bc5a8@group-4350393D8822-SegmentedRaftLogWorker: Starting segment from index:0
2022-10-08 01:40:24,978 [291612d5-8a25-468b-b904-396bb29bc5a8@group-4350393D8822-SegmentedRaftLogWorker] INFO  segmented.SegmentedRaftLogWorker (SegmentedRaftLogWorker.java:execute(629)) - 291612d5-8a25-468b-b904-396bb29bc5a8@group-4350393D8822-SegmentedRaftLogWorker: created new log segment /home/runner/work/ozone/ozone/hadoop-ozone/integration-test/target/test-dir/MiniOzoneClusterImpl-f835b163-d90e-48f8-926f-823f898330c6/datanode-0/data/ratis/ead37481-9ae8-46ae-8ba2-4350393d8822/current/log_inprogress_0
2022-10-08 01:40:25,000 [1b06eb26-cd88-4c30-b02a-c0b828ed8899-server-thread1] INFO  ratis.XceiverServerRatis (XceiverServerRatis.java:handleLeaderChangedNotification(863)) - Leader change notification received for group: group-4350393D8822 with new leaderId: 7394f723-5f6d-4e16-a6b6-d1556834f31b
2022-10-08 01:40:25,000 [1b06eb26-cd88-4c30-b02a-c0b828ed8899-server-thread1] INFO  server.RaftServer$Division (ServerState.java:setLeader(287)) - 1b06eb26-cd88-4c30-b02a-c0b828ed8899@group-4350393D8822: change Leader from null to 7394f723-5f6d-4e16-a6b6-d1556834f31b at term 4 for appendEntries, leader elected after 21936ms
2022-10-08 01:40:25,098 [1b06eb26-cd88-4c30-b02a-c0b828ed8899-server-thread1] INFO  server.RaftServer$Division (ServerState.java:setRaftConf(393)) - 1b06eb26-cd88-4c30-b02a-c0b828ed8899@group-4350393D8822: set configuration 0: [7394f723-5f6d-4e16-a6b6-d1556834f31b|rpc:10.1.0.61:35949|dataStream:|priority:1, 1b06eb26-cd88-4c30-b02a-c0b828ed8899|rpc:10.1.0.61:37511|dataStream:|priority:0, 291612d5-8a25-468b-b904-396bb29bc5a8|rpc:10.1.0.61:34923|dataStream:|priority:0], old=null
2022-10-08 01:40:25,098 [1b06eb26-cd88-4c30-b02a-c0b828ed8899-server-thread1] INFO  segmented.SegmentedRaftLogWorker (SegmentedRaftLogWorker.java:startLogSegment(425)) - 1b06eb26-cd88-4c30-b02a-c0b828ed8899@group-4350393D8822-SegmentedRaftLogWorker: Starting segment from index:0
2022-10-08 01:40:25,110 [1b06eb26-cd88-4c30-b02a-c0b828ed8899@group-4350393D8822-SegmentedRaftLogWorker] INFO  segmented.SegmentedRaftLogWorker (SegmentedRaftLogWorker.java:execute(629)) - 1b06eb26-cd88-4c30-b02a-c0b828ed8899@group-4350393D8822-SegmentedRaftLogWorker: created new log segment /home/runner/work/ozone/ozone/hadoop-ozone/integration-test/target/test-dir/MiniOzoneClusterImpl-f835b163-d90e-48f8-926f-823f898330c6/datanode-1/data/ratis/ead37481-9ae8-46ae-8ba2-4350393d8822/current/log_inprogress_0
2022-10-08 01:40:25,756 [ReplicationMonitor] INFO  replication.ReplicationManager (ReplicationManager.java:processAll(291)) - Replication Manager is not ready to run until 3000ms after safemode exit
2022-10-08 01:40:25,832 [Listener at 127.0.0.1/34011] INFO  ozone.MiniOzoneClusterImpl (MiniOzoneClusterImpl.java:lambda$waitForClusterToBeReady$0(216)) - Nodes are ready. Got 5 of 5 DN Heartbeats.
2022-10-08 01:40:25,832 [Listener at 127.0.0.1/34011] INFO  ozone.MiniOzoneClusterImpl (MiniOzoneClusterImpl.java:lambda$waitForClusterToBeReady$0(219)) - Cluster exits safe mode
2022-10-08 01:40:25,832 [Listener at 127.0.0.1/34011] INFO  ozone.MiniOzoneClusterImpl (MiniOzoneClusterImpl.java:lambda$waitForClusterToBeReady$0(221)) - SCM became leader
2022-10-08 01:40:25,910 [Listener at 127.0.0.1/34011] INFO  rpc.RpcClient (RpcClient.java:createVolume(471)) - Creating Volume: 504aeb88-90cc-46f6-bf4e-a52558141279, with runner as owner and space quota set to -1 bytes, counts quota set to -1
2022-10-08 01:40:26,081 [OM StateMachine ApplyTransaction Thread - 0] INFO  volume.OMVolumeCreateRequest (OMVolumeCreateRequest.java:validateAndUpdateCache(195)) - created volume:504aeb88-90cc-46f6-bf4e-a52558141279 for user:runner
2022-10-08 01:40:26,148 [Listener at 127.0.0.1/34011] INFO  rpc.RpcClient (RpcClient.java:createBucket(674)) - Creating Bucket: 504aeb88-90cc-46f6-bf4e-a52558141279/93f88383-7eda-4b9d-831f-7dc2cf0c2601, with server-side default bucket layout, runner as owner, Versioning false, Storage Type set to DISK and Encryption set to false 
2022-10-08 01:40:26,159 [OM StateMachine ApplyTransaction Thread - 0] INFO  bucket.OMBucketCreateRequest (OMBucketCreateRequest.java:validateAndUpdateCache(260)) - created bucket: 93f88383-7eda-4b9d-831f-7dc2cf0c2601 of layout LEGACY in volume: 504aeb88-90cc-46f6-bf4e-a52558141279
2022-10-08 01:40:26,212 [IPC Server handler 2 on default port 44951] INFO  ha.SequenceIdGenerator (SequenceIdGenerator.java:getNextId(128)) - Allocate a batch for containerId, change lastId from 0 to 1000.
2022-10-08 01:40:26,213 [IPC Server handler 2 on default port 44951] WARN  ha.SequenceIdGenerator (SequenceIdGenerator.java:allocateBatch(237)) - Failed to allocate a batch for localId, expected lastId is 0, actual lastId is 109611004723200000.
2022-10-08 01:40:26,213 [IPC Server handler 2 on default port 44951] INFO  ha.SequenceIdGenerator (SequenceIdGenerator.java:getNextId(128)) - Allocate a batch for localId, change lastId from 109611004723200000 to 109611004723201000.
2022-10-08 01:40:26,756 [ReplicationMonitor] INFO  replication.ReplicationManager (ReplicationManager.java:processAll(291)) - Replication Manager is not ready to run until 3000ms after safemode exit
2022-10-08 01:40:27,331 [Listener at 127.0.0.1/34011] INFO  container.TestHelper (TestHelper.java:countReplicas(385)) - Container 1 has 3 replicas on [1b06eb26-cd88-4c30-b02a-c0b828ed8899, 291612d5-8a25-468b-b904-396bb29bc5a8, 7394f723-5f6d-4e16-a6b6-d1556834f31b]
2022-10-08 01:40:27,400 [EventQueue-CloseContainerForCloseContainerEventHandler] INFO  container.CloseContainerEventHandler (CloseContainerEventHandler.java:onMessage(71)) - Close container Event triggered for container : #1
2022-10-08 01:40:27,400 [EventQueue-CloseContainerForCloseContainerEventHandler] INFO  container.CloseContainerEventHandler (CloseContainerEventHandler.java:onMessage(71)) - Close container Event triggered for container : #1
2022-10-08 01:40:27,400 [EventQueue-CloseContainerForCloseContainerEventHandler] INFO  container.CloseContainerEventHandler (CloseContainerEventHandler.java:onMessage(71)) - Close container Event triggered for container : #1
2022-10-08 01:40:27,756 [ReplicationMonitor] INFO  replication.ReplicationManager (ReplicationManager.java:processAll(291)) - Replication Manager is not ready to run until 3000ms after safemode exit
2022-10-08 01:40:27,950 [ContainerOp-ead37481-9ae8-46ae-8ba2-4350393d8822-4] INFO  keyvalue.KeyValueContainer (KeyValueContainer.java:flushAndSyncDB(436)) - Container 1 is synced with bcsId 4.
2022-10-08 01:40:27,953 [ContainerOp-ead37481-9ae8-46ae-8ba2-4350393d8822-4] INFO  keyvalue.KeyValueContainer (KeyValueContainer.java:flushAndSyncDB(436)) - Container 1 is synced with bcsId 4.
2022-10-08 01:40:28,049 [ContainerOp-ead37481-9ae8-46ae-8ba2-4350393d8822-4] INFO  keyvalue.KeyValueContainer (KeyValueContainer.java:close(351)) - Container 1 is closed with bcsId 4.
2022-10-08 01:40:28,056 [ContainerOp-ead37481-9ae8-46ae-8ba2-4350393d8822-4] INFO  keyvalue.KeyValueContainer (KeyValueContainer.java:flushAndSyncDB(436)) - Container 1 is synced with bcsId 4.
2022-10-08 01:40:28,056 [ContainerOp-ead37481-9ae8-46ae-8ba2-4350393d8822-4] INFO  keyvalue.KeyValueContainer (KeyValueContainer.java:flushAndSyncDB(436)) - Container 1 is synced with bcsId 4.
2022-10-08 01:40:28,059 [ContainerOp-ead37481-9ae8-46ae-8ba2-4350393d8822-4] INFO  keyvalue.KeyValueContainer (KeyValueContainer.java:flushAndSyncDB(436)) - Container 1 is synced with bcsId 4.
2022-10-08 01:40:28,060 [ContainerOp-ead37481-9ae8-46ae-8ba2-4350393d8822-4] INFO  keyvalue.KeyValueContainer (KeyValueContainer.java:flushAndSyncDB(436)) - Container 1 is synced with bcsId 4.
2022-10-08 01:40:28,067 [ContainerOp-ead37481-9ae8-46ae-8ba2-4350393d8822-4] INFO  keyvalue.KeyValueContainer (KeyValueContainer.java:close(351)) - Container 1 is closed with bcsId 4.
2022-10-08 01:40:28,068 [FixedThreadPoolWithAffinityExecutor-9-0] INFO  container.IncrementalContainerReportHandler (AbstractContainerReportHandler.java:updateContainerState(292)) - Moving container #1 to CLOSED state, datanode 1b06eb26-cd88-4c30-b02a-c0b828ed8899{ip: 10.1.0.61, host: fv-az180-867.g3pwtgv4ffyuhaixmbmm0kyh3d.gx.internal.cloudapp.net, ports: [REPLICATION=34467, RATIS=37511, RATIS_ADMIN=37511, RATIS_SERVER=37511, STANDALONE=41855], networkLocation: /default-rack, certSerialId: null, persistedOpState: IN_SERVICE, persistedOpStateExpiryEpochSec: 0} reported CLOSED replica.
2022-10-08 01:40:28,088 [ContainerOp-ead37481-9ae8-46ae-8ba2-4350393d8822-4] INFO  keyvalue.KeyValueContainer (KeyValueContainer.java:close(351)) - Container 1 is closed with bcsId 4.
2022-10-08 01:40:28,756 [ReplicationMonitor] INFO  replication.ReplicationManager (ReplicationManager.java:processAll(324)) - Replication Monitor Thread took 1 milliseconds for processing 1 containers.
2022-10-08 01:40:29,758 [ReplicationMonitor] INFO  replication.ReplicationManager (ReplicationManager.java:processAll(324)) - Replication Monitor Thread took 0 milliseconds for processing 1 containers.
2022-10-08 01:40:30,758 [ReplicationMonitor] INFO  replication.ReplicationManager (ReplicationManager.java:processAll(324)) - Replication Monitor Thread took 0 milliseconds for processing 1 containers.
2022-10-08 01:40:31,174 [EventQueue-StaleNodeForStaleNodeHandler] INFO  node.StaleNodeHandler (StaleNodeHandler.java:onMessage(59)) - Datanode 291612d5-8a25-468b-b904-396bb29bc5a8{ip: 10.1.0.61, host: fv-az180-867.g3pwtgv4ffyuhaixmbmm0kyh3d.gx.internal.cloudapp.net, ports: [REPLICATION=39179, RATIS=34923, RATIS_ADMIN=34923, RATIS_SERVER=34923, STANDALONE=39861], networkLocation: /default-rack, certSerialId: null, persistedOpState: IN_SERVICE, persistedOpStateExpiryEpochSec: 0} moved to stale state. Finalizing its pipelines [PipelineID=ead37481-9ae8-46ae-8ba2-4350393d8822, PipelineID=dc5c35ed-4499-421c-b4fe-78883c07603b]
2022-10-08 01:40:31,175 [EventQueue-StaleNodeForStaleNodeHandler] INFO  pipeline.PipelineManagerImpl (PipelineManagerImpl.java:closePipeline(442)) - Pipeline Pipeline[ Id: ead37481-9ae8-46ae-8ba2-4350393d8822, Nodes: 291612d5-8a25-468b-b904-396bb29bc5a8{ip: 10.1.0.61, host: fv-az180-867.g3pwtgv4ffyuhaixmbmm0kyh3d.gx.internal.cloudapp.net, ports: [REPLICATION=39179, RATIS=34923, RATIS_ADMIN=34923, RATIS_SERVER=34923, STANDALONE=39861], networkLocation: /default-rack, certSerialId: null, persistedOpState: IN_SERVICE, persistedOpStateExpiryEpochSec: 0}1b06eb26-cd88-4c30-b02a-c0b828ed8899{ip: 10.1.0.61, host: fv-az180-867.g3pwtgv4ffyuhaixmbmm0kyh3d.gx.internal.cloudapp.net, ports: [REPLICATION=34467, RATIS=37511, RATIS_ADMIN=37511, RATIS_SERVER=37511, STANDALONE=41855], networkLocation: /default-rack, certSerialId: null, persistedOpState: IN_SERVICE, persistedOpStateExpiryEpochSec: 0}7394f723-5f6d-4e16-a6b6-d1556834f31b{ip: 10.1.0.61, host: fv-az180-867.g3pwtgv4ffyuhaixmbmm0kyh3d.gx.internal.cloudapp.net, ports: [REPLICATION=33813, RATIS=35949, RATIS_ADMIN=35949, RATIS_SERVER=35949, STANDALONE=41117], networkLocation: /default-rack, certSerialId: null, persistedOpState: IN_SERVICE, persistedOpStateExpiryEpochSec: 0}, ReplicationConfig: RATIS/THREE, State:OPEN, leaderId:7394f723-5f6d-4e16-a6b6-d1556834f31b, CreationTimestamp2022-10-08T01:40:02.266Z[Etc/UTC]] moved to CLOSED state
2022-10-08 01:40:31,176 [EventQueue-StaleNodeForStaleNodeHandler] INFO  pipeline.PipelineManagerImpl (PipelineManagerImpl.java:closePipeline(442)) - Pipeline Pipeline[ Id: dc5c35ed-4499-421c-b4fe-78883c07603b, Nodes: 291612d5-8a25-468b-b904-396bb29bc5a8{ip: 10.1.0.61, host: fv-az180-867.g3pwtgv4ffyuhaixmbmm0kyh3d.gx.internal.cloudapp.net, ports: [REPLICATION=39179, RATIS=34923, RATIS_ADMIN=34923, RATIS_SERVER=34923, STANDALONE=39861], networkLocation: /default-rack, certSerialId: null, persistedOpState: IN_SERVICE, persistedOpStateExpiryEpochSec: 0}, ReplicationConfig: RATIS/ONE, State:OPEN, leaderId:291612d5-8a25-468b-b904-396bb29bc5a8, CreationTimestamp2022-10-08T01:39:57.681Z[Etc/UTC]] moved to CLOSED state
2022-10-08 01:40:31,759 [ReplicationMonitor] INFO  replication.ReplicationManager (ReplicationManager.java:processAll(324)) - Replication Monitor Thread took 0 milliseconds for processing 1 containers.
2022-10-08 01:40:32,759 [ReplicationMonitor] INFO  replication.ReplicationManager (ReplicationManager.java:processAll(324)) - Replication Monitor Thread took 0 milliseconds for processing 1 containers.
2022-10-08 01:40:33,612 [Listener at 127.0.0.1/34011] INFO  ozoneimpl.OzoneContainer (OzoneContainer.java:stop(400)) - Attempting to stop container services.
2022-10-08 01:40:33,624 [Listener at 127.0.0.1/34011] INFO  server.RaftServer (RaftServerProxy.java:lambda$close$7(398)) - 291612d5-8a25-468b-b904-396bb29bc5a8: close
2022-10-08 01:40:33,636 [Listener at 127.0.0.1/34011] INFO  server.RaftServer$Division (RaftServerImpl.java:lambda$close$4(434)) - 291612d5-8a25-468b-b904-396bb29bc5a8@group-4350393D8822: shutdown
2022-10-08 01:40:33,636 [Listener at 127.0.0.1/34011] INFO  util.JmxRegister (JmxRegister.java:unregister(73)) - Successfully un-registered JMX Bean with object name Ratis:service=RaftServer,group=group-4350393D8822,id=291612d5-8a25-468b-b904-396bb29bc5a8
2022-10-08 01:40:33,636 [Listener at 127.0.0.1/34011] INFO  impl.RoleInfo (RoleInfo.java:shutdownFollowerState(110)) - 291612d5-8a25-468b-b904-396bb29bc5a8: shutdown 291612d5-8a25-468b-b904-396bb29bc5a8@group-4350393D8822-FollowerState
2022-10-08 01:40:33,636 [Listener at 127.0.0.1/34011] INFO  impl.StateMachineUpdater (StateMachineUpdater.java:stopAndJoin(153)) - 291612d5-8a25-468b-b904-396bb29bc5a8@group-4350393D8822-StateMachineUpdater: set stopIndex = 10
2022-10-08 01:40:33,636 [291612d5-8a25-468b-b904-396bb29bc5a8@group-4350393D8822-FollowerState] INFO  impl.FollowerState (FollowerState.java:run(152)) - 291612d5-8a25-468b-b904-396bb29bc5a8@group-4350393D8822-FollowerState was interrupted
2022-10-08 01:40:33,636 [291612d5-8a25-468b-b904-396bb29bc5a8@group-4350393D8822-StateMachineUpdater] INFO  ratis.ContainerStateMachine (ContainerStateMachine.java:takeSnapshot(304)) - group-4350393D8822: Taking a snapshot at:(t:4, i:10) file /home/runner/work/ozone/ozone/hadoop-ozone/integration-test/target/test-dir/MiniOzoneClusterImpl-f835b163-d90e-48f8-926f-823f898330c6/datanode-0/data/ratis/ead37481-9ae8-46ae-8ba2-4350393d8822/sm/snapshot.4_10
2022-10-08 01:40:33,653 [291612d5-8a25-468b-b904-396bb29bc5a8@group-4350393D8822-StateMachineUpdater] INFO  ratis.ContainerStateMachine (ContainerStateMachine.java:takeSnapshot(315)) - group-4350393D8822: Finished taking a snapshot at:(t:4, i:10) file:/home/runner/work/ozone/ozone/hadoop-ozone/integration-test/target/test-dir/MiniOzoneClusterImpl-f835b163-d90e-48f8-926f-823f898330c6/datanode-0/data/ratis/ead37481-9ae8-46ae-8ba2-4350393d8822/sm/snapshot.4_10 took: 16 ms
2022-10-08 01:40:33,654 [291612d5-8a25-468b-b904-396bb29bc5a8@group-4350393D8822-StateMachineUpdater] INFO  impl.StateMachineUpdater (StateMachineUpdater.java:takeSnapshot(287)) - 291612d5-8a25-468b-b904-396bb29bc5a8@group-4350393D8822-StateMachineUpdater: Took a snapshot at index 10
2022-10-08 01:40:33,654 [291612d5-8a25-468b-b904-396bb29bc5a8@group-4350393D8822-StateMachineUpdater] INFO  impl.StateMachineUpdater (StateMachineUpdater.java:lambda$new$0(92)) - 291612d5-8a25-468b-b904-396bb29bc5a8@group-4350393D8822-StateMachineUpdater: snapshotIndex: updateIncreasingly -1 -> 10
2022-10-08 01:40:33,654 [Listener at 127.0.0.1/34011] INFO  server.RaftServer$Division (ServerState.java:close(429)) - 291612d5-8a25-468b-b904-396bb29bc5a8@group-4350393D8822: closes. applyIndex: 10
2022-10-08 01:40:33,654 [291612d5-8a25-468b-b904-396bb29bc5a8@group-4350393D8822-SegmentedRaftLogWorker] INFO  segmented.SegmentedRaftLogWorker (SegmentedRaftLogWorker.java:run(336)) - 291612d5-8a25-468b-b904-396bb29bc5a8@group-4350393D8822-SegmentedRaftLogWorker was interrupted, exiting. There are 0 tasks remaining in the queue.
2022-10-08 01:40:33,662 [Listener at 127.0.0.1/34011] INFO  segmented.SegmentedRaftLogWorker (SegmentedRaftLogWorker.java:close(246)) - 291612d5-8a25-468b-b904-396bb29bc5a8@group-4350393D8822-SegmentedRaftLogWorker close()
2022-10-08 01:40:33,676 [Listener at 127.0.0.1/34011] INFO  server.RaftServer$Division (RaftServerImpl.java:lambda$close$4(434)) - 291612d5-8a25-468b-b904-396bb29bc5a8@group-78883C07603B: shutdown
2022-10-08 01:40:33,676 [Listener at 127.0.0.1/34011] INFO  util.JmxRegister (JmxRegister.java:unregister(73)) - Successfully un-registered JMX Bean with object name Ratis:service=RaftServer,group=group-78883C07603B,id=291612d5-8a25-468b-b904-396bb29bc5a8
2022-10-08 01:40:33,676 [Listener at 127.0.0.1/34011] INFO  impl.RoleInfo (RoleInfo.java:shutdownLeaderState(93)) - 291612d5-8a25-468b-b904-396bb29bc5a8: shutdown 291612d5-8a25-468b-b904-396bb29bc5a8@group-78883C07603B-LeaderStateImpl
2022-10-08 01:40:33,676 [Listener at 127.0.0.1/34011] INFO  impl.PendingRequests (PendingRequests.java:sendNotLeaderResponses(282)) - 291612d5-8a25-468b-b904-396bb29bc5a8@group-78883C07603B-PendingRequests: sendNotLeaderResponses
2022-10-08 01:40:33,677 [Listener at 127.0.0.1/34011] INFO  impl.StateMachineUpdater (StateMachineUpdater.java:stopAndJoin(153)) - 291612d5-8a25-468b-b904-396bb29bc5a8@group-78883C07603B-StateMachineUpdater: set stopIndex = 0
2022-10-08 01:40:33,679 [291612d5-8a25-468b-b904-396bb29bc5a8@group-78883C07603B-StateMachineUpdater] INFO  ratis.ContainerStateMachine (ContainerStateMachine.java:takeSnapshot(304)) - group-78883C07603B: Taking a snapshot at:(t:1, i:0) file /home/runner/work/ozone/ozone/hadoop-ozone/integration-test/target/test-dir/MiniOzoneClusterImpl-f835b163-d90e-48f8-926f-823f898330c6/datanode-0/data/ratis/dc5c35ed-4499-421c-b4fe-78883c07603b/sm/snapshot.1_0
2022-10-08 01:40:33,685 [291612d5-8a25-468b-b904-396bb29bc5a8@group-78883C07603B-StateMachineUpdater] INFO  ratis.ContainerStateMachine (ContainerStateMachine.java:takeSnapshot(315)) - group-78883C07603B: Finished taking a snapshot at:(t:1, i:0) file:/home/runner/work/ozone/ozone/hadoop-ozone/integration-test/target/test-dir/MiniOzoneClusterImpl-f835b163-d90e-48f8-926f-823f898330c6/datanode-0/data/ratis/dc5c35ed-4499-421c-b4fe-78883c07603b/sm/snapshot.1_0 took: 7 ms
2022-10-08 01:40:33,686 [291612d5-8a25-468b-b904-396bb29bc5a8@group-78883C07603B-StateMachineUpdater] INFO  impl.StateMachineUpdater (StateMachineUpdater.java:takeSnapshot(287)) - 291612d5-8a25-468b-b904-396bb29bc5a8@group-78883C07603B-StateMachineUpdater: Took a snapshot at index 0
2022-10-08 01:40:33,686 [291612d5-8a25-468b-b904-396bb29bc5a8@group-78883C07603B-StateMachineUpdater] INFO  impl.StateMachineUpdater (StateMachineUpdater.java:lambda$new$0(92)) - 291612d5-8a25-468b-b904-396bb29bc5a8@group-78883C07603B-StateMachineUpdater: snapshotIndex: updateIncreasingly -1 -> 0
2022-10-08 01:40:33,686 [Listener at 127.0.0.1/34011] INFO  server.RaftServer$Division (ServerState.java:close(429)) - 291612d5-8a25-468b-b904-396bb29bc5a8@group-78883C07603B: closes. applyIndex: 0
2022-10-08 01:40:33,692 [291612d5-8a25-468b-b904-396bb29bc5a8@group-78883C07603B-SegmentedRaftLogWorker] INFO  segmented.SegmentedRaftLogWorker (SegmentedRaftLogWorker.java:run(336)) - 291612d5-8a25-468b-b904-396bb29bc5a8@group-78883C07603B-SegmentedRaftLogWorker was interrupted, exiting. There are 0 tasks remaining in the queue.
2022-10-08 01:40:33,692 [Listener at 127.0.0.1/34011] INFO  segmented.SegmentedRaftLogWorker (SegmentedRaftLogWorker.java:close(246)) - 291612d5-8a25-468b-b904-396bb29bc5a8@group-78883C07603B-SegmentedRaftLogWorker close()
2022-10-08 01:40:33,693 [Listener at 127.0.0.1/34011] INFO  server.GrpcService (GrpcService.java:closeImpl(269)) - 291612d5-8a25-468b-b904-396bb29bc5a8: shutdown server with port 34923 now
2022-10-08 01:40:33,709 [grpc-default-executor-14] WARN  server.GrpcServerProtocolService (LogUtils.java:warn(122)) - 291612d5-8a25-468b-b904-396bb29bc5a8: installSnapshot onError, lastRequest: 7394f723-5f6d-4e16-a6b6-d1556834f31b->291612d5-8a25-468b-b904-396bb29bc5a8#96-t4,previous=(t:4, i:9),leaderCommit=9,initializing? true,entries: size=1, first=(t:4, i:10), METADATAENTRY(c:9): org.apache.ratis.thirdparty.io.grpc.StatusRuntimeException: CANCELLED: client cancelled
2022-10-08 01:40:33,720 [grpc-default-executor-12] WARN  server.GrpcLogAppender (LogUtils.java:warn(122)) - 7394f723-5f6d-4e16-a6b6-d1556834f31b@group-4350393D8822->291612d5-8a25-468b-b904-396bb29bc5a8-AppendLogResponseHandler: Failed appendEntries: org.apache.ratis.thirdparty.io.grpc.StatusRuntimeException: CANCELLED: RST_STREAM closed stream. HTTP/2 error code: CANCEL
2022-10-08 01:40:33,720 [grpc-default-executor-12] INFO  leader.FollowerInfo (FollowerInfoImpl.java:lambda$new$0(48)) - 7394f723-5f6d-4e16-a6b6-d1556834f31b@group-4350393D8822->291612d5-8a25-468b-b904-396bb29bc5a8: nextIndex: updateUnconditionally 11 -> 10
2022-10-08 01:40:33,730 [Listener at 127.0.0.1/34011] INFO  server.GrpcService (GrpcService.java:closeImpl(278)) - 291612d5-8a25-468b-b904-396bb29bc5a8: shutdown server with port 34923 successfully
2022-10-08 01:40:33,736 [org.apache.ratis.util.JvmPauseMonitor$$Lambda$636/846962177@65fc7bac] INFO  util.JvmPauseMonitor (JvmPauseMonitor.java:run(109)) - JvmPauseMonitor-291612d5-8a25-468b-b904-396bb29bc5a8: Stopped
2022-10-08 01:40:33,744 [grpc-default-executor-14] WARN  server.GrpcLogAppender (LogUtils.java:warn(122)) - 7394f723-5f6d-4e16-a6b6-d1556834f31b@group-4350393D8822->291612d5-8a25-468b-b904-396bb29bc5a8-AppendLogResponseHandler: Failed appendEntries: org.apache.ratis.thirdparty.io.grpc.StatusRuntimeException: UNAVAILABLE: io exception
2022-10-08 01:40:33,745 [grpc-default-executor-14] INFO  leader.FollowerInfo (FollowerInfoImpl.java:lambda$new$0(48)) - 7394f723-5f6d-4e16-a6b6-d1556834f31b@group-4350393D8822->291612d5-8a25-468b-b904-396bb29bc5a8: nextIndex: updateUnconditionally 11 -> 10
2022-10-08 01:40:33,759 [ReplicationMonitor] INFO  replication.ReplicationManager (ReplicationManager.java:processAll(324)) - Replication Monitor Thread took 0 milliseconds for processing 1 containers.
2022-10-08 01:40:34,112 [EventQueue-DeadNodeForDeadNodeHandler] INFO  node.DeadNodeHandler (DeadNodeHandler.java:onMessage(81)) - A dead datanode is detected. 291612d5-8a25-468b-b904-396bb29bc5a8{ip: 10.1.0.61, host: fv-az180-867.g3pwtgv4ffyuhaixmbmm0kyh3d.gx.internal.cloudapp.net, ports: [REPLICATION=39179, RATIS=34923, RATIS_ADMIN=34923, RATIS_SERVER=34923, STANDALONE=39861], networkLocation: /default-rack, certSerialId: null, persistedOpState: IN_SERVICE, persistedOpStateExpiryEpochSec: 0}
2022-10-08 01:40:34,112 [EventQueue-DeadNodeForDeadNodeHandler] INFO  pipeline.RatisPipelineProvider (RatisPipelineProvider.java:lambda$close$1(244)) - Send pipeline:PipelineID=ead37481-9ae8-46ae-8ba2-4350393d8822 close command to datanode 291612d5-8a25-468b-b904-396bb29bc5a8
2022-10-08 01:40:34,112 [EventQueue-DeadNodeForDeadNodeHandler] INFO  pipeline.RatisPipelineProvider (RatisPipelineProvider.java:lambda$close$1(244)) - Send pipeline:PipelineID=ead37481-9ae8-46ae-8ba2-4350393d8822 close command to datanode 1b06eb26-cd88-4c30-b02a-c0b828ed8899
2022-10-08 01:40:34,112 [EventQueue-DeadNodeForDeadNodeHandler] INFO  pipeline.RatisPipelineProvider (RatisPipelineProvider.java:lambda$close$1(244)) - Send pipeline:PipelineID=ead37481-9ae8-46ae-8ba2-4350393d8822 close command to datanode 7394f723-5f6d-4e16-a6b6-d1556834f31b
2022-10-08 01:40:34,160 [EventQueue-DeadNodeForDeadNodeHandler] INFO  pipeline.PipelineStateManagerImpl (PipelineStateManagerImpl.java:removePipeline(245)) - Pipeline Pipeline[ Id: ead37481-9ae8-46ae-8ba2-4350393d8822, Nodes: 291612d5-8a25-468b-b904-396bb29bc5a8{ip: 10.1.0.61, host: fv-az180-867.g3pwtgv4ffyuhaixmbmm0kyh3d.gx.internal.cloudapp.net, ports: [REPLICATION=39179, RATIS=34923, RATIS_ADMIN=34923, RATIS_SERVER=34923, STANDALONE=39861], networkLocation: /default-rack, certSerialId: null, persistedOpState: IN_SERVICE, persistedOpStateExpiryEpochSec: 0}1b06eb26-cd88-4c30-b02a-c0b828ed8899{ip: 10.1.0.61, host: fv-az180-867.g3pwtgv4ffyuhaixmbmm0kyh3d.gx.internal.cloudapp.net, ports: [REPLICATION=34467, RATIS=37511, RATIS_ADMIN=37511, RATIS_SERVER=37511, STANDALONE=41855], networkLocation: /default-rack, certSerialId: null, persistedOpState: IN_SERVICE, persistedOpStateExpiryEpochSec: 0}7394f723-5f6d-4e16-a6b6-d1556834f31b{ip: 10.1.0.61, host: fv-az180-867.g3pwtgv4ffyuhaixmbmm0kyh3d.gx.internal.cloudapp.net, ports: [REPLICATION=33813, RATIS=35949, RATIS_ADMIN=35949, RATIS_SERVER=35949, STANDALONE=41117], networkLocation: /default-rack, certSerialId: null, persistedOpState: IN_SERVICE, persistedOpStateExpiryEpochSec: 0}, ReplicationConfig: RATIS/THREE, State:CLOSED, leaderId:7394f723-5f6d-4e16-a6b6-d1556834f31b, CreationTimestamp2022-10-08T01:40:02.266Z[Etc/UTC]] removed.
2022-10-08 01:40:34,160 [EventQueue-DeadNodeForDeadNodeHandler] INFO  pipeline.RatisPipelineProvider (RatisPipelineProvider.java:lambda$close$1(244)) - Send pipeline:PipelineID=dc5c35ed-4499-421c-b4fe-78883c07603b close command to datanode 291612d5-8a25-468b-b904-396bb29bc5a8
2022-10-08 01:40:34,160 [EventQueue-DeadNodeForDeadNodeHandler] INFO  pipeline.PipelineStateManagerImpl (PipelineStateManagerImpl.java:removePipeline(245)) - Pipeline Pipeline[ Id: dc5c35ed-4499-421c-b4fe-78883c07603b, Nodes: 291612d5-8a25-468b-b904-396bb29bc5a8{ip: 10.1.0.61, host: fv-az180-867.g3pwtgv4ffyuhaixmbmm0kyh3d.gx.internal.cloudapp.net, ports: [REPLICATION=39179, RATIS=34923, RATIS_ADMIN=34923, RATIS_SERVER=34923, STANDALONE=39861], networkLocation: /default-rack, certSerialId: null, persistedOpState: IN_SERVICE, persistedOpStateExpiryEpochSec: 0}, ReplicationConfig: RATIS/ONE, State:CLOSED, leaderId:291612d5-8a25-468b-b904-396bb29bc5a8, CreationTimestamp2022-10-08T01:39:57.681Z[Etc/UTC]] removed.
2022-10-08 01:40:34,161 [EventQueue-DeadNodeForDeadNodeHandler] INFO  net.NetworkTopologyImpl (NetworkTopologyImpl.java:remove(190)) - Removed a node: /default-rack/291612d5-8a25-468b-b904-396bb29bc5a8
2022-10-08 01:40:34,760 [ReplicationMonitor] INFO  replication.LegacyReplicationManager (LegacyReplicationManager.java:handleUnderReplicatedContainer(1195)) - Container #1 is under replicated. Expected replica count is 3, but found 2.
2022-10-08 01:40:34,760 [ReplicationMonitor] INFO  replication.LegacyReplicationManager (LegacyReplicationManager.java:sendReplicateCommand(1559)) - Sending replicate container command for container #1 to datanode 53122d56-b231-44b5-a0d2-96edf7742e5e{ip: 10.1.0.61, host: fv-az180-867.g3pwtgv4ffyuhaixmbmm0kyh3d.gx.internal.cloudapp.net, ports: [REPLICATION=40939, RATIS=35669, RATIS_ADMIN=35669, RATIS_SERVER=35669, STANDALONE=35807], networkLocation: /default-rack, certSerialId: null, persistedOpState: IN_SERVICE, persistedOpStateExpiryEpochSec: 0} from datanodes [7394f723-5f6d-4e16-a6b6-d1556834f31b{ip: 10.1.0.61, host: fv-az180-867.g3pwtgv4ffyuhaixmbmm0kyh3d.gx.internal.cloudapp.net, ports: [REPLICATION=33813, RATIS=35949, RATIS_ADMIN=35949, RATIS_SERVER=35949, STANDALONE=41117], networkLocation: /default-rack, certSerialId: null, persistedOpState: IN_SERVICE, persistedOpStateExpiryEpochSec: 0}, 1b06eb26-cd88-4c30-b02a-c0b828ed8899{ip: 10.1.0.61, host: fv-az180-867.g3pwtgv4ffyuhaixmbmm0kyh3d.gx.internal.cloudapp.net, ports: [REPLICATION=34467, RATIS=37511, RATIS_ADMIN=37511, RATIS_SERVER=37511, STANDALONE=41855], networkLocation: /default-rack, certSerialId: null, persistedOpState: IN_SERVICE, persistedOpStateExpiryEpochSec: 0}]
2022-10-08 01:40:34,760 [ReplicationMonitor] INFO  replication.ReplicationManager (ReplicationManager.java:processAll(324)) - Replication Monitor Thread took 0 milliseconds for processing 1 containers.
2022-10-08 01:40:35,493 [grpc-default-executor-14] WARN  server.GrpcLogAppender (LogUtils.java:warn(122)) - 7394f723-5f6d-4e16-a6b6-d1556834f31b@group-4350393D8822->291612d5-8a25-468b-b904-396bb29bc5a8-AppendLogResponseHandler: Failed appendEntries: org.apache.ratis.thirdparty.io.grpc.StatusRuntimeException: UNAVAILABLE: io exception
2022-10-08 01:40:35,493 [grpc-default-executor-14] INFO  leader.FollowerInfo (FollowerInfoImpl.java:lambda$new$0(48)) - 7394f723-5f6d-4e16-a6b6-d1556834f31b@group-4350393D8822->291612d5-8a25-468b-b904-396bb29bc5a8: nextIndex: updateUnconditionally 11 -> 10
2022-10-08 01:40:35,760 [ReplicationMonitor] INFO  replication.ReplicationManager (ReplicationManager.java:processAll(324)) - Replication Monitor Thread took 1 milliseconds for processing 1 containers.
2022-10-08 01:40:35,802 [Listener at 127.0.0.1/34011] INFO  utils.BackgroundService (BackgroundService.java:shutdown(141)) - Shutting down service BlockDeletingService
2022-10-08 01:40:35,852 [Listener at 127.0.0.1/34011] INFO  utils.BackgroundService (BackgroundService.java:shutdown(141)) - Shutting down service StaleRecoveringContainerScrubbingService
2022-10-08 01:40:36,076 [Command processor thread] INFO  server.RaftServer (RaftServerProxy.java:remove(107)) - 1b06eb26-cd88-4c30-b02a-c0b828ed8899: remove  FOLLOWER 1b06eb26-cd88-4c30-b02a-c0b828ed8899@group-4350393D8822:t4, leader=7394f723-5f6d-4e16-a6b6-d1556834f31b, voted=1b06eb26-cd88-4c30-b02a-c0b828ed8899, raftlog=1b06eb26-cd88-4c30-b02a-c0b828ed8899@group-4350393D8822-SegmentedRaftLog:OPENED:c10, conf=0: [7394f723-5f6d-4e16-a6b6-d1556834f31b|rpc:10.1.0.61:35949|dataStream:|priority:1, 1b06eb26-cd88-4c30-b02a-c0b828ed8899|rpc:10.1.0.61:37511|dataStream:|priority:0, 291612d5-8a25-468b-b904-396bb29bc5a8|rpc:10.1.0.61:34923|dataStream:|priority:0], old=null RUNNING
2022-10-08 01:40:36,076 [Command processor thread] INFO  server.RaftServer$Division (RaftServerImpl.java:lambda$close$4(434)) - 1b06eb26-cd88-4c30-b02a-c0b828ed8899@group-4350393D8822: shutdown
2022-10-08 01:40:36,076 [Command processor thread] INFO  util.JmxRegister (JmxRegister.java:unregister(73)) - Successfully un-registered JMX Bean with object name Ratis:service=RaftServer,group=group-4350393D8822,id=1b06eb26-cd88-4c30-b02a-c0b828ed8899
2022-10-08 01:40:36,076 [Command processor thread] INFO  impl.RoleInfo (RoleInfo.java:shutdownFollowerState(110)) - 1b06eb26-cd88-4c30-b02a-c0b828ed8899: shutdown 1b06eb26-cd88-4c30-b02a-c0b828ed8899@group-4350393D8822-FollowerState
2022-10-08 01:40:36,076 [Command processor thread] INFO  impl.StateMachineUpdater (StateMachineUpdater.java:stopAndJoin(153)) - 1b06eb26-cd88-4c30-b02a-c0b828ed8899@group-4350393D8822-StateMachineUpdater: set stopIndex = 10
2022-10-08 01:40:36,078 [1b06eb26-cd88-4c30-b02a-c0b828ed8899@group-4350393D8822-FollowerState] INFO  impl.FollowerState (FollowerState.java:run(152)) - 1b06eb26-cd88-4c30-b02a-c0b828ed8899@group-4350393D8822-FollowerState was interrupted
2022-10-08 01:40:36,128 [1b06eb26-cd88-4c30-b02a-c0b828ed8899@group-4350393D8822-StateMachineUpdater] INFO  ratis.ContainerStateMachine (ContainerStateMachine.java:takeSnapshot(304)) - group-4350393D8822: Taking a snapshot at:(t:4, i:10) file /home/runner/work/ozone/ozone/hadoop-ozone/integration-test/target/test-dir/MiniOzoneClusterImpl-f835b163-d90e-48f8-926f-823f898330c6/datanode-1/data/ratis/ead37481-9ae8-46ae-8ba2-4350393d8822/sm/snapshot.4_10
2022-10-08 01:40:36,168 [1b06eb26-cd88-4c30-b02a-c0b828ed8899@group-4350393D8822-StateMachineUpdater] INFO  ratis.ContainerStateMachine (ContainerStateMachine.java:takeSnapshot(315)) - group-4350393D8822: Finished taking a snapshot at:(t:4, i:10) file:/home/runner/work/ozone/ozone/hadoop-ozone/integration-test/target/test-dir/MiniOzoneClusterImpl-f835b163-d90e-48f8-926f-823f898330c6/datanode-1/data/ratis/ead37481-9ae8-46ae-8ba2-4350393d8822/sm/snapshot.4_10 took: 41 ms
2022-10-08 01:40:36,169 [1b06eb26-cd88-4c30-b02a-c0b828ed8899@group-4350393D8822-StateMachineUpdater] INFO  impl.StateMachineUpdater (StateMachineUpdater.java:takeSnapshot(287)) - 1b06eb26-cd88-4c30-b02a-c0b828ed8899@group-4350393D8822-StateMachineUpdater: Took a snapshot at index 10
2022-10-08 01:40:36,169 [1b06eb26-cd88-4c30-b02a-c0b828ed8899@group-4350393D8822-StateMachineUpdater] INFO  impl.StateMachineUpdater (StateMachineUpdater.java:lambda$new$0(92)) - 1b06eb26-cd88-4c30-b02a-c0b828ed8899@group-4350393D8822-StateMachineUpdater: snapshotIndex: updateIncreasingly -1 -> 10
2022-10-08 01:40:36,177 [Command processor thread] INFO  server.RaftServer$Division (ServerState.java:close(429)) - 1b06eb26-cd88-4c30-b02a-c0b828ed8899@group-4350393D8822: closes. applyIndex: 10
2022-10-08 01:40:36,179 [1b06eb26-cd88-4c30-b02a-c0b828ed8899@group-4350393D8822-SegmentedRaftLogWorker] INFO  segmented.SegmentedRaftLogWorker (SegmentedRaftLogWorker.java:run(336)) - 1b06eb26-cd88-4c30-b02a-c0b828ed8899@group-4350393D8822-SegmentedRaftLogWorker was interrupted, exiting. There are 0 tasks remaining in the queue.
2022-10-08 01:40:36,182 [Command processor thread] INFO  segmented.SegmentedRaftLogWorker (SegmentedRaftLogWorker.java:close(246)) - 1b06eb26-cd88-4c30-b02a-c0b828ed8899@group-4350393D8822-SegmentedRaftLogWorker close()
2022-10-08 01:40:36,188 [Command processor thread] INFO  server.RaftServer$Division (RaftServerImpl.java:groupRemove(404)) - 1b06eb26-cd88-4c30-b02a-c0b828ed8899@group-4350393D8822: Succeed to remove RaftStorageDirectory Storage Directory /home/runner/work/ozone/ozone/hadoop-ozone/integration-test/target/test-dir/MiniOzoneClusterImpl-f835b163-d90e-48f8-926f-823f898330c6/datanode-1/data/ratis/ead37481-9ae8-46ae-8ba2-4350393d8822
2022-10-08 01:40:36,188 [Command processor thread] INFO  commandhandler.ClosePipelineCommandHandler (ClosePipelineCommandHandler.java:handle(78)) - Close Pipeline PipelineID=ead37481-9ae8-46ae-8ba2-4350393d8822 command on datanode 1b06eb26-cd88-4c30-b02a-c0b828ed8899.
2022-10-08 01:40:36,743 [grpc-default-executor-14] WARN  server.GrpcLogAppender (LogUtils.java:warn(122)) - 7394f723-5f6d-4e16-a6b6-d1556834f31b@group-4350393D8822->291612d5-8a25-468b-b904-396bb29bc5a8-AppendLogResponseHandler: Failed appendEntries: org.apache.ratis.thirdparty.io.grpc.StatusRuntimeException: UNAVAILABLE: io exception
2022-10-08 01:40:36,744 [grpc-default-executor-14] INFO  leader.FollowerInfo (FollowerInfoImpl.java:lambda$new$0(48)) - 7394f723-5f6d-4e16-a6b6-d1556834f31b@group-4350393D8822->291612d5-8a25-468b-b904-396bb29bc5a8: nextIndex: updateUnconditionally 11 -> 10
2022-10-08 01:40:36,761 [ReplicationMonitor] INFO  replication.ReplicationManager (ReplicationManager.java:processAll(324)) - Replication Monitor Thread took 0 milliseconds for processing 1 containers.
2022-10-08 01:40:37,090 [Command processor thread] INFO  server.RaftServer (RaftServerProxy.java:remove(107)) - 7394f723-5f6d-4e16-a6b6-d1556834f31b: remove    LEADER 7394f723-5f6d-4e16-a6b6-d1556834f31b@group-4350393D8822:t4, leader=7394f723-5f6d-4e16-a6b6-d1556834f31b, voted=7394f723-5f6d-4e16-a6b6-d1556834f31b, raftlog=7394f723-5f6d-4e16-a6b6-d1556834f31b@group-4350393D8822-SegmentedRaftLog:OPENED:c10, conf=0: [7394f723-5f6d-4e16-a6b6-d1556834f31b|rpc:10.1.0.61:35949|dataStream:|priority:1, 1b06eb26-cd88-4c30-b02a-c0b828ed8899|rpc:10.1.0.61:37511|dataStream:|priority:0, 291612d5-8a25-468b-b904-396bb29bc5a8|rpc:10.1.0.61:34923|dataStream:|priority:0], old=null RUNNING
2022-10-08 01:40:37,090 [Command processor thread] INFO  server.RaftServer$Division (RaftServerImpl.java:lambda$close$4(434)) - 7394f723-5f6d-4e16-a6b6-d1556834f31b@group-4350393D8822: shutdown
2022-10-08 01:40:37,090 [Command processor thread] INFO  util.JmxRegister (JmxRegister.java:unregister(73)) - Successfully un-registered JMX Bean with object name Ratis:service=RaftServer,group=group-4350393D8822,id=7394f723-5f6d-4e16-a6b6-d1556834f31b
2022-10-08 01:40:37,090 [Command processor thread] INFO  impl.RoleInfo (RoleInfo.java:shutdownLeaderState(93)) - 7394f723-5f6d-4e16-a6b6-d1556834f31b: shutdown 7394f723-5f6d-4e16-a6b6-d1556834f31b@group-4350393D8822-LeaderStateImpl
2022-10-08 01:40:37,090 [Command processor thread] INFO  impl.PendingRequests (PendingRequests.java:sendNotLeaderResponses(282)) - 7394f723-5f6d-4e16-a6b6-d1556834f31b@group-4350393D8822-PendingRequests: sendNotLeaderResponses
2022-10-08 01:40:37,112 [Command processor thread] INFO  impl.StateMachineUpdater (StateMachineUpdater.java:stopAndJoin(153)) - 7394f723-5f6d-4e16-a6b6-d1556834f31b@group-4350393D8822-StateMachineUpdater: set stopIndex = 10
2022-10-08 01:40:37,113 [7394f723-5f6d-4e16-a6b6-d1556834f31b@group-4350393D8822-StateMachineUpdater] INFO  ratis.ContainerStateMachine (ContainerStateMachine.java:takeSnapshot(304)) - group-4350393D8822: Taking a snapshot at:(t:4, i:10) file /home/runner/work/ozone/ozone/hadoop-ozone/integration-test/target/test-dir/MiniOzoneClusterImpl-f835b163-d90e-48f8-926f-823f898330c6/datanode-2/data/ratis/ead37481-9ae8-46ae-8ba2-4350393d8822/sm/snapshot.4_10
2022-10-08 01:40:37,128 [7394f723-5f6d-4e16-a6b6-d1556834f31b@group-4350393D8822->1b06eb26-cd88-4c30-b02a-c0b828ed8899-GrpcLogAppender-LogAppenderDaemon] WARN  server.GrpcLogAppender (GrpcLogAppender.java:mayWait(171)) - 7394f723-5f6d-4e16-a6b6-d1556834f31b@group-4350393D8822->1b06eb26-cd88-4c30-b02a-c0b828ed8899-GrpcLogAppender: Wait interrupted by java.lang.InterruptedException
2022-10-08 01:40:37,128 [7394f723-5f6d-4e16-a6b6-d1556834f31b@group-4350393D8822->291612d5-8a25-468b-b904-396bb29bc5a8-GrpcLogAppender-LogAppenderDaemon] WARN  server.GrpcLogAppender (GrpcLogAppender.java:mayWait(171)) - 7394f723-5f6d-4e16-a6b6-d1556834f31b@group-4350393D8822->291612d5-8a25-468b-b904-396bb29bc5a8-GrpcLogAppender: Wait interrupted by java.lang.InterruptedException
2022-10-08 01:40:37,130 [grpc-default-executor-12] INFO  server.GrpcServerProtocolService (GrpcServerProtocolService.java:onCompleted(140)) - 1b06eb26-cd88-4c30-b02a-c0b828ed8899: Completed APPEND_ENTRIES, lastRequest: 7394f723-5f6d-4e16-a6b6-d1556834f31b->1b06eb26-cd88-4c30-b02a-c0b828ed8899#114-t4,previous=(t:4, i:9),leaderCommit=9,initializing? true,entries: size=1, first=(t:4, i:10), METADATAENTRY(c:9)
2022-10-08 01:40:37,130 [grpc-default-executor-14] INFO  server.GrpcLogAppender (GrpcLogAppender.java:onCompleted(339)) - 7394f723-5f6d-4e16-a6b6-d1556834f31b@group-4350393D8822->1b06eb26-cd88-4c30-b02a-c0b828ed8899-AppendLogResponseHandler: follower responses appendEntries COMPLETED
2022-10-08 01:40:37,130 [grpc-default-executor-14] INFO  leader.FollowerInfo (FollowerInfoImpl.java:lambda$new$0(48)) - 7394f723-5f6d-4e16-a6b6-d1556834f31b@group-4350393D8822->1b06eb26-cd88-4c30-b02a-c0b828ed8899: nextIndex: updateUnconditionally 11 -> 10
2022-10-08 01:40:37,132 [7394f723-5f6d-4e16-a6b6-d1556834f31b@group-4350393D8822-StateMachineUpdater] INFO  ratis.ContainerStateMachine (ContainerStateMachine.java:takeSnapshot(315)) - group-4350393D8822: Finished taking a snapshot at:(t:4, i:10) file:/home/runner/work/ozone/ozone/hadoop-ozone/integration-test/target/test-dir/MiniOzoneClusterImpl-f835b163-d90e-48f8-926f-823f898330c6/datanode-2/data/ratis/ead37481-9ae8-46ae-8ba2-4350393d8822/sm/snapshot.4_10 took: 19 ms
2022-10-08 01:40:37,132 [7394f723-5f6d-4e16-a6b6-d1556834f31b@group-4350393D8822-StateMachineUpdater] INFO  impl.StateMachineUpdater (StateMachineUpdater.java:takeSnapshot(287)) - 7394f723-5f6d-4e16-a6b6-d1556834f31b@group-4350393D8822-StateMachineUpdater: Took a snapshot at index 10
2022-10-08 01:40:37,132 [7394f723-5f6d-4e16-a6b6-d1556834f31b@group-4350393D8822-StateMachineUpdater] INFO  impl.StateMachineUpdater (StateMachineUpdater.java:lambda$new$0(92)) - 7394f723-5f6d-4e16-a6b6-d1556834f31b@group-4350393D8822-StateMachineUpdater: snapshotIndex: updateIncreasingly -1 -> 10
2022-10-08 01:40:37,140 [Command processor thread] INFO  server.RaftServer$Division (ServerState.java:close(429)) - 7394f723-5f6d-4e16-a6b6-d1556834f31b@group-4350393D8822: closes. applyIndex: 10
2022-10-08 01:40:37,144 [7394f723-5f6d-4e16-a6b6-d1556834f31b@group-4350393D8822-SegmentedRaftLogWorker] INFO  segmented.SegmentedRaftLogWorker (SegmentedRaftLogWorker.java:run(336)) - 7394f723-5f6d-4e16-a6b6-d1556834f31b@group-4350393D8822-SegmentedRaftLogWorker was interrupted, exiting. There are 0 tasks remaining in the queue.
2022-10-08 01:40:37,144 [Command processor thread] INFO  segmented.SegmentedRaftLogWorker (SegmentedRaftLogWorker.java:close(246)) - 7394f723-5f6d-4e16-a6b6-d1556834f31b@group-4350393D8822-SegmentedRaftLogWorker close()
2022-10-08 01:40:37,153 [Command processor thread] INFO  server.RaftServer$Division (RaftServerImpl.java:groupRemove(404)) - 7394f723-5f6d-4e16-a6b6-d1556834f31b@group-4350393D8822: Succeed to remove RaftStorageDirectory Storage Directory /home/runner/work/ozone/ozone/hadoop-ozone/integration-test/target/test-dir/MiniOzoneClusterImpl-f835b163-d90e-48f8-926f-823f898330c6/datanode-2/data/ratis/ead37481-9ae8-46ae-8ba2-4350393d8822
2022-10-08 01:40:37,153 [Command processor thread] INFO  commandhandler.ClosePipelineCommandHandler (ClosePipelineCommandHandler.java:handle(78)) - Close Pipeline PipelineID=ead37481-9ae8-46ae-8ba2-4350393d8822 command on datanode 7394f723-5f6d-4e16-a6b6-d1556834f31b.
2022-10-08 01:40:37,432 [ContainerReplicationThread-0] INFO  replication.DownloadAndImportReplicator (DownloadAndImportReplicator.java:replicate(105)) - Starting replication of container 1 from [7394f723-5f6d-4e16-a6b6-d1556834f31b{ip: 10.1.0.61, host: fv-az180-867.g3pwtgv4ffyuhaixmbmm0kyh3d.gx.internal.cloudapp.net, ports: [REPLICATION=33813, RATIS=35949, RATIS_ADMIN=35949, RATIS_SERVER=35949, STANDALONE=41117], networkLocation: /default-rack, certSerialId: null, persistedOpState: IN_SERVICE, persistedOpStateExpiryEpochSec: 0}, 1b06eb26-cd88-4c30-b02a-c0b828ed8899{ip: 10.1.0.61, host: fv-az180-867.g3pwtgv4ffyuhaixmbmm0kyh3d.gx.internal.cloudapp.net, ports: [REPLICATION=34467, RATIS=37511, RATIS_ADMIN=37511, RATIS_SERVER=37511, STANDALONE=41855], networkLocation: /default-rack, certSerialId: null, persistedOpState: IN_SERVICE, persistedOpStateExpiryEpochSec: 0}]
2022-10-08 01:40:37,449 [grpc-default-executor-12] INFO  replication.GrpcReplicationService (GrpcReplicationService.java:download(52)) - Streaming container data (1) to other datanode
2022-10-08 01:40:37,761 [ReplicationMonitor] INFO  replication.ReplicationManager (ReplicationManager.java:processAll(324)) - Replication Monitor Thread took 0 milliseconds for processing 1 containers.
2022-10-08 01:40:38,397 [grpc-default-executor-12] INFO  replication.GrpcOutputStream (GrpcOutputStream.java:close(104)) - Sent 2117753 bytes for container 1
2022-10-08 01:40:38,484 [grpc-default-executor-14] INFO  replication.GrpcReplicationClient (GrpcReplicationClient.java:onCompleted(197)) - Container 1 is downloaded to /home/runner/work/ozone/ozone/hadoop-ozone/integration-test/target/test-dir/MiniOzoneClusterImpl-f835b163-d90e-48f8-926f-823f898330c6/datanode-4/data/replication/work/container-1.tar.gz
2022-10-08 01:40:38,488 [ContainerReplicationThread-0] INFO  replication.DownloadAndImportReplicator (DownloadAndImportReplicator.java:replicate(117)) - Container 1 is downloaded with size 2117753, starting to import.
2022-10-08 01:40:38,744 [ContainerReplicationThread-0] INFO  replication.DownloadAndImportReplicator (DownloadAndImportReplicator.java:replicate(122)) - Container 1 is replicated successfully
2022-10-08 01:40:38,744 [ContainerReplicationThread-0] INFO  replication.ReplicationSupervisor (ReplicationSupervisor.java:run(176)) - Container 1 is replicated.
2022-10-08 01:40:38,761 [ReplicationMonitor] INFO  replication.ReplicationManager (ReplicationManager.java:processAll(324)) - Replication Monitor Thread took 1 milliseconds for processing 1 containers.
2022-10-08 01:40:38,861 [Listener at 127.0.0.1/34011] INFO  statemachine.DatanodeStateMachine (DatanodeStateMachine.java:stopDaemon(580)) - Ozone container server stopped.
2022-10-08 01:40:38,937 [Listener at 127.0.0.1/34011] INFO  handler.ContextHandler (ContextHandler.java:doStop(1153)) - Stopped o.e.j.w.WebAppContext@6273ca6{hddsDatanode,/,null,STOPPED}{jar:file:/home/runner/.m2/repository/org/apache/ozone/hdds-container-service/1.3.0-SNAPSHOT/hdds-container-service-1.3.0-SNAPSHOT.jar!/webapps/hddsDatanode}
2022-10-08 01:40:38,938 [Listener at 127.0.0.1/34011] INFO  server.AbstractConnector (AbstractConnector.java:doStop(381)) - Stopped ServerConnector@724b5e80{HTTP/1.1, (http/1.1)}{0.0.0.0:0}
2022-10-08 01:40:38,938 [Listener at 127.0.0.1/34011] INFO  server.session (HouseKeeper.java:stopScavenging(149)) - node0 Stopped scavenging
2022-10-08 01:40:38,944 [Listener at 127.0.0.1/34011] INFO  handler.ContextHandler (ContextHandler.java:doStop(1153)) - Stopped o.e.j.s.ServletContextHandler@3f0652d8{static,/static,jar:file:/home/runner/.m2/repository/org/apache/ozone/hdds-container-service/1.3.0-SNAPSHOT/hdds-container-service-1.3.0-SNAPSHOT.jar!/webapps/static,STOPPED}
2022-10-08 01:40:38,944 [Listener at 127.0.0.1/34011] INFO  handler.ContextHandler (ContextHandler.java:doStop(1153)) - Stopped o.e.j.s.ServletContextHandler@144f1be5{logs,/logs,file:///home/runner/work/ozone/ozone/hadoop-ozone/integration-test/target/log,STOPPED}
2022-10-08 01:40:39,596 [Listener at 127.0.0.1/34011] INFO  ozone.MiniOzoneClusterImpl (MiniOzoneClusterImpl.java:shutdown(448)) - Shutting down the Mini Ozone Cluster
2022-10-08 01:40:39,597 [Listener at 127.0.0.1/34011] INFO  ozone.MiniOzoneClusterImpl (MiniOzoneClusterImpl.java:stop(463)) - Stopping the Mini Ozone Cluster
2022-10-08 01:40:39,597 [Listener at 127.0.0.1/34011] INFO  ozone.MiniOzoneClusterImpl (MiniOzoneClusterImpl.java:stopOM(545)) - Stopping the OzoneManager
2022-10-08 01:40:39,597 [Listener at 127.0.0.1/34011] INFO  om.OzoneManager (OzoneManager.java:stop(2036)) - om1[localhost:0]: Stopping Ozone Manager
2022-10-08 01:40:39,597 [Listener at 127.0.0.1/34011] INFO  ipc.Server (Server.java:stop(3414)) - Stopping server on 34011
2022-10-08 01:40:39,624 [IPC Server Responder] INFO  ipc.Server (Server.java:run(1512)) - Stopping IPC Server Responder
2022-10-08 01:40:39,624 [Listener at 127.0.0.1/34011] INFO  server.RaftServer (RaftServerProxy.java:lambda$close$7(398)) - om1: close
2022-10-08 01:40:39,624 [Listener at 127.0.0.1/34011] INFO  server.RaftServer$Division (RaftServerImpl.java:lambda$close$4(434)) - om1@group-C5BA1605619E: shutdown
2022-10-08 01:40:39,624 [Listener at 127.0.0.1/34011] INFO  util.JmxRegister (JmxRegister.java:unregister(73)) - Successfully un-registered JMX Bean with object name Ratis:service=RaftServer,group=group-C5BA1605619E,id=om1
2022-10-08 01:40:39,625 [Listener at 127.0.0.1/34011] INFO  impl.RoleInfo (RoleInfo.java:shutdownLeaderState(93)) - om1: shutdown om1@group-C5BA1605619E-LeaderStateImpl
2022-10-08 01:40:39,625 [Listener at 127.0.0.1/34011] INFO  impl.PendingRequests (PendingRequests.java:sendNotLeaderResponses(282)) - om1@group-C5BA1605619E-PendingRequests: sendNotLeaderResponses
2022-10-08 01:40:39,654 [Listener at 127.0.0.1/34011] INFO  impl.StateMachineUpdater (StateMachineUpdater.java:stopAndJoin(153)) - om1@group-C5BA1605619E-StateMachineUpdater: set stopIndex = 8
2022-10-08 01:40:39,657 [IPC Server listener on 0] INFO  ipc.Server (Server.java:run(1376)) - Stopping IPC Server listener on 0
2022-10-08 01:40:39,659 [om1@group-C5BA1605619E-StateMachineUpdater] INFO  ratis.OzoneManagerStateMachine (OzoneManagerStateMachine.java:takeSnapshot(441)) - Current Snapshot Index (t:1, i:8)
2022-10-08 01:40:39,660 [om1@group-C5BA1605619E-StateMachineUpdater] INFO  impl.StateMachineUpdater (StateMachineUpdater.java:takeSnapshot(287)) - om1@group-C5BA1605619E-StateMachineUpdater: Took a snapshot at index 8
2022-10-08 01:40:39,660 [om1@group-C5BA1605619E-StateMachineUpdater] INFO  impl.StateMachineUpdater (StateMachineUpdater.java:lambda$new$0(92)) - om1@group-C5BA1605619E-StateMachineUpdater: snapshotIndex: updateIncreasingly -1 -> 8
2022-10-08 01:40:39,660 [om1@group-C5BA1605619E-StateMachineUpdater] INFO  ratis.OzoneManagerStateMachine (OzoneManagerStateMachine.java:close(495)) - StateMachine has shutdown. Shutdown OzoneManager if not already shutdown.
2022-10-08 01:40:39,660 [om1@group-C5BA1605619E-StateMachineUpdater] INFO  ratis.OzoneManagerDoubleBuffer (OzoneManagerDoubleBuffer.java:stop(466)) - Stopping OMDoubleBuffer flush thread
2022-10-08 01:40:39,660 [OMDoubleBufferFlushThread] INFO  ratis.OzoneManagerDoubleBuffer (OzoneManagerDoubleBuffer.java:flushTransactions(385)) - OMDoubleBuffer flush thread OMDoubleBufferFlushThread is interrupted and will exit.
2022-10-08 01:40:39,668 [Listener at 127.0.0.1/34011] INFO  server.RaftServer$Division (ServerState.java:close(429)) - om1@group-C5BA1605619E: closes. applyIndex: 8
2022-10-08 01:40:39,668 [om1@group-C5BA1605619E-SegmentedRaftLogWorker] INFO  segmented.SegmentedRaftLogWorker (SegmentedRaftLogWorker.java:run(336)) - om1@group-C5BA1605619E-SegmentedRaftLogWorker was interrupted, exiting. There are 0 tasks remaining in the queue.
2022-10-08 01:40:39,669 [Listener at 127.0.0.1/34011] INFO  segmented.SegmentedRaftLogWorker (SegmentedRaftLogWorker.java:close(246)) - om1@group-C5BA1605619E-SegmentedRaftLogWorker close()
2022-10-08 01:40:39,765 [ReplicationMonitor] INFO  replication.ReplicationManager (ReplicationManager.java:processAll(324)) - Replication Monitor Thread took 0 milliseconds for processing 1 containers.
2022-10-08 01:40:39,800 [Listener at 127.0.0.1/34011] INFO  server.GrpcService (GrpcService.java:closeImpl(269)) - om1: shutdown server with port 9872 now
2022-10-08 01:40:39,801 [Listener at 127.0.0.1/34011] INFO  server.GrpcService (GrpcService.java:closeImpl(278)) - om1: shutdown server with port 9872 successfully
2022-10-08 01:40:39,804 [org.apache.ratis.util.JvmPauseMonitor$$Lambda$636/846962177@6f6e3305] INFO  util.JvmPauseMonitor (JvmPauseMonitor.java:run(109)) - JvmPauseMonitor-om1: Stopped
2022-10-08 01:40:39,857 [Listener at 127.0.0.1/34011] INFO  ratis.OzoneManagerStateMachine (OzoneManagerStateMachine.java:close(495)) - StateMachine has shutdown. Shutdown OzoneManager if not already shutdown.
2022-10-08 01:40:39,858 [Listener at 127.0.0.1/34011] INFO  ratis.OzoneManagerDoubleBuffer (OzoneManagerDoubleBuffer.java:stop(478)) - OMDoubleBuffer flush thread is not running.
2022-10-08 01:40:39,858 [Listener at 127.0.0.1/34011] INFO  utils.BackgroundService (BackgroundService.java:shutdown(141)) - Shutting down service KeyDeletingService
2022-10-08 01:40:39,858 [Listener at 127.0.0.1/34011] INFO  utils.BackgroundService (BackgroundService.java:shutdown(141)) - Shutting down service DirectoryDeletingService
2022-10-08 01:40:39,859 [Listener at 127.0.0.1/34011] INFO  utils.BackgroundService (BackgroundService.java:shutdown(141)) - Shutting down service OpenKeyCleanupService
2022-10-08 01:40:39,859 [Listener at 127.0.0.1/34011] INFO  handler.ContextHandler (ContextHandler.java:doStop(1153)) - Stopped o.e.j.w.WebAppContext@254f8a10{ozoneManager,/,null,STOPPED}{file:/home/runner/work/ozone/ozone/hadoop-ozone/integration-test/target/test-classes/webapps/ozoneManager}
2022-10-08 01:40:39,860 [Listener at 127.0.0.1/34011] INFO  server.AbstractConnector (AbstractConnector.java:doStop(381)) - Stopped ServerConnector@3973b79{HTTP/1.1, (http/1.1)}{0.0.0.0:0}
2022-10-08 01:40:39,860 [Listener at 127.0.0.1/34011] INFO  server.session (HouseKeeper.java:stopScavenging(149)) - node0 Stopped scavenging
2022-10-08 01:40:39,860 [Listener at 127.0.0.1/34011] INFO  handler.ContextHandler (ContextHandler.java:doStop(1153)) - Stopped o.e.j.s.ServletContextHandler@56dce452{static,/static,file:///home/runner/work/ozone/ozone/hadoop-ozone/integration-test/target/test-classes/webapps/static,STOPPED}
2022-10-08 01:40:39,860 [Listener at 127.0.0.1/34011] INFO  handler.ContextHandler (ContextHandler.java:doStop(1153)) - Stopped o.e.j.s.ServletContextHandler@16fabb8d{logs,/logs,file:///home/runner/work/ozone/ozone/hadoop-ozone/integration-test/target/log,STOPPED}
2022-10-08 01:40:39,863 [Listener at 127.0.0.1/34011] INFO  ozone.MiniOzoneClusterImpl (MiniOzoneClusterImpl.java:stopDatanodes(522)) - Stopping the HddsDatanodes
2022-10-08 01:40:40,765 [ReplicationMonitor] INFO  replication.ReplicationManager (ReplicationManager.java:processAll(324)) - Replication Monitor Thread took 0 milliseconds for processing 1 containers.
2022-10-08 01:40:41,765 [ReplicationMonitor] INFO  replication.ReplicationManager (ReplicationManager.java:processAll(324)) - Replication Monitor Thread took 0 milliseconds for processing 1 containers.
2022-10-08 01:40:42,112 [EventQueue-StaleNodeForStaleNodeHandler] INFO  node.StaleNodeHandler (StaleNodeHandler.java:onMessage(59)) - Datanode 1b06eb26-cd88-4c30-b02a-c0b828ed8899{ip: 10.1.0.61, host: fv-az180-867.g3pwtgv4ffyuhaixmbmm0kyh3d.gx.internal.cloudapp.net, ports: [REPLICATION=34467, RATIS=37511, RATIS_ADMIN=37511, RATIS_SERVER=37511, STANDALONE=41855], networkLocation: /default-rack, certSerialId: null, persistedOpState: IN_SERVICE, persistedOpStateExpiryEpochSec: 0} moved to stale state. Finalizing its pipelines [PipelineID=5ebbcdca-00d6-48b4-94aa-3d7a7106d2eb]
2022-10-08 01:40:42,112 [EventQueue-StaleNodeForStaleNodeHandler] INFO  pipeline.PipelineManagerImpl (PipelineManagerImpl.java:closePipeline(442)) - Pipeline Pipeline[ Id: 5ebbcdca-00d6-48b4-94aa-3d7a7106d2eb, Nodes: 1b06eb26-cd88-4c30-b02a-c0b828ed8899{ip: 10.1.0.61, host: fv-az180-867.g3pwtgv4ffyuhaixmbmm0kyh3d.gx.internal.cloudapp.net, ports: [REPLICATION=34467, RATIS=37511, RATIS_ADMIN=37511, RATIS_SERVER=37511, STANDALONE=41855], networkLocation: /default-rack, certSerialId: null, persistedOpState: IN_SERVICE, persistedOpStateExpiryEpochSec: 0}, ReplicationConfig: RATIS/ONE, State:OPEN, leaderId:1b06eb26-cd88-4c30-b02a-c0b828ed8899, CreationTimestamp2022-10-08T01:39:59.901Z[Etc/UTC]] moved to CLOSED state
2022-10-08 01:40:42,312 [EventQueue-StaleNodeForStaleNodeHandler] INFO  node.StaleNodeHandler (StaleNodeHandler.java:onMessage(59)) - Datanode 7394f723-5f6d-4e16-a6b6-d1556834f31b{ip: 10.1.0.61, host: fv-az180-867.g3pwtgv4ffyuhaixmbmm0kyh3d.gx.internal.cloudapp.net, ports: [REPLICATION=33813, RATIS=35949, RATIS_ADMIN=35949, RATIS_SERVER=35949, STANDALONE=41117], networkLocation: /default-rack, certSerialId: null, persistedOpState: IN_SERVICE, persistedOpStateExpiryEpochSec: 0} moved to stale state. Finalizing its pipelines [PipelineID=77e00fde-82df-4ed6-9a82-cc0144ab6a51]
2022-10-08 01:40:42,313 [EventQueue-StaleNodeForStaleNodeHandler] INFO  pipeline.PipelineManagerImpl (PipelineManagerImpl.java:closePipeline(442)) - Pipeline Pipeline[ Id: 77e00fde-82df-4ed6-9a82-cc0144ab6a51, Nodes: 7394f723-5f6d-4e16-a6b6-d1556834f31b{ip: 10.1.0.61, host: fv-az180-867.g3pwtgv4ffyuhaixmbmm0kyh3d.gx.internal.cloudapp.net, ports: [REPLICATION=33813, RATIS=35949, RATIS_ADMIN=35949, RATIS_SERVER=35949, STANDALONE=41117], networkLocation: /default-rack, certSerialId: null, persistedOpState: IN_SERVICE, persistedOpStateExpiryEpochSec: 0}, ReplicationConfig: RATIS/ONE, State:OPEN, leaderId:7394f723-5f6d-4e16-a6b6-d1556834f31b, CreationTimestamp2022-10-08T01:40:02.265Z[Etc/UTC]] moved to CLOSED state
2022-10-08 01:40:42,544 [Under Replicated Processor] INFO  replication.UnderReplicatedProcessor (UnderReplicatedProcessor.java:processAll(92)) - Processed 0 under replicated containers, failed processing 0
2022-10-08 01:40:42,559 [Over Replicated Processor] INFO  replication.OverReplicatedProcessor (OverReplicatedProcessor.java:processAll(90)) - Processed 0 over replicated containers, failed processing 0
2022-10-08 01:40:42,770 [ReplicationMonitor] INFO  replication.ReplicationManager (ReplicationManager.java:processAll(324)) - Replication Monitor Thread took 1 milliseconds for processing 1 containers.
2022-10-08 01:40:43,771 [ReplicationMonitor] INFO  replication.ReplicationManager (ReplicationManager.java:processAll(324)) - Replication Monitor Thread took 0 milliseconds for processing 1 containers.
2022-10-08 01:40:44,771 [ReplicationMonitor] INFO  replication.ReplicationManager (ReplicationManager.java:processAll(324)) - Replication Monitor Thread took 0 milliseconds for processing 1 containers.
2022-10-08 01:40:44,863 [ForkJoinPool.commonPool-worker-1] INFO  ozoneimpl.OzoneContainer (OzoneContainer.java:stop(400)) - Attempting to stop container services.
2022-10-08 01:40:44,864 [ForkJoinPool.commonPool-worker-1] INFO  server.RaftServer (RaftServerProxy.java:lambda$close$7(398)) - 1b06eb26-cd88-4c30-b02a-c0b828ed8899: close
2022-10-08 01:40:44,864 [ForkJoinPool.commonPool-worker-1] INFO  server.RaftServer$Division (RaftServerImpl.java:lambda$close$4(434)) - 1b06eb26-cd88-4c30-b02a-c0b828ed8899@group-3D7A7106D2EB: shutdown
2022-10-08 01:40:44,864 [ForkJoinPool.commonPool-worker-1] INFO  util.JmxRegister (JmxRegister.java:unregister(73)) - Successfully un-registered JMX Bean with object name Ratis:service=RaftServer,group=group-3D7A7106D2EB,id=1b06eb26-cd88-4c30-b02a-c0b828ed8899
2022-10-08 01:40:44,864 [ForkJoinPool.commonPool-worker-1] INFO  impl.RoleInfo (RoleInfo.java:shutdownLeaderState(93)) - 1b06eb26-cd88-4c30-b02a-c0b828ed8899: shutdown 1b06eb26-cd88-4c30-b02a-c0b828ed8899@group-3D7A7106D2EB-LeaderStateImpl
2022-10-08 01:40:44,865 [ForkJoinPool.commonPool-worker-1] INFO  impl.PendingRequests (PendingRequests.java:sendNotLeaderResponses(282)) - 1b06eb26-cd88-4c30-b02a-c0b828ed8899@group-3D7A7106D2EB-PendingRequests: sendNotLeaderResponses
2022-10-08 01:40:44,865 [ForkJoinPool.commonPool-worker-1] INFO  impl.StateMachineUpdater (StateMachineUpdater.java:stopAndJoin(153)) - 1b06eb26-cd88-4c30-b02a-c0b828ed8899@group-3D7A7106D2EB-StateMachineUpdater: set stopIndex = 0
2022-10-08 01:40:44,866 [1b06eb26-cd88-4c30-b02a-c0b828ed8899@group-3D7A7106D2EB-StateMachineUpdater] INFO  ratis.ContainerStateMachine (ContainerStateMachine.java:takeSnapshot(304)) - group-3D7A7106D2EB: Taking a snapshot at:(t:1, i:0) file /home/runner/work/ozone/ozone/hadoop-ozone/integration-test/target/test-dir/MiniOzoneClusterImpl-f835b163-d90e-48f8-926f-823f898330c6/datanode-1/data/ratis/5ebbcdca-00d6-48b4-94aa-3d7a7106d2eb/sm/snapshot.1_0
2022-10-08 01:40:44,872 [1b06eb26-cd88-4c30-b02a-c0b828ed8899@group-3D7A7106D2EB-StateMachineUpdater] INFO  ratis.ContainerStateMachine (ContainerStateMachine.java:takeSnapshot(315)) - group-3D7A7106D2EB: Finished taking a snapshot at:(t:1, i:0) file:/home/runner/work/ozone/ozone/hadoop-ozone/integration-test/target/test-dir/MiniOzoneClusterImpl-f835b163-d90e-48f8-926f-823f898330c6/datanode-1/data/ratis/5ebbcdca-00d6-48b4-94aa-3d7a7106d2eb/sm/snapshot.1_0 took: 6 ms
2022-10-08 01:40:44,872 [1b06eb26-cd88-4c30-b02a-c0b828ed8899@group-3D7A7106D2EB-StateMachineUpdater] INFO  impl.StateMachineUpdater (StateMachineUpdater.java:takeSnapshot(287)) - 1b06eb26-cd88-4c30-b02a-c0b828ed8899@group-3D7A7106D2EB-StateMachineUpdater: Took a snapshot at index 0
2022-10-08 01:40:44,872 [1b06eb26-cd88-4c30-b02a-c0b828ed8899@group-3D7A7106D2EB-StateMachineUpdater] INFO  impl.StateMachineUpdater (StateMachineUpdater.java:lambda$new$0(92)) - 1b06eb26-cd88-4c30-b02a-c0b828ed8899@group-3D7A7106D2EB-StateMachineUpdater: snapshotIndex: updateIncreasingly -1 -> 0
2022-10-08 01:40:44,872 [ForkJoinPool.commonPool-worker-1] INFO  server.RaftServer$Division (ServerState.java:close(429)) - 1b06eb26-cd88-4c30-b02a-c0b828ed8899@group-3D7A7106D2EB: closes. applyIndex: 0
2022-10-08 01:40:44,872 [1b06eb26-cd88-4c30-b02a-c0b828ed8899@group-3D7A7106D2EB-SegmentedRaftLogWorker] INFO  segmented.SegmentedRaftLogWorker (SegmentedRaftLogWorker.java:run(336)) - 1b06eb26-cd88-4c30-b02a-c0b828ed8899@group-3D7A7106D2EB-SegmentedRaftLogWorker was interrupted, exiting. There are 0 tasks remaining in the queue.
2022-10-08 01:40:44,872 [ForkJoinPool.commonPool-worker-1] INFO  segmented.SegmentedRaftLogWorker (SegmentedRaftLogWorker.java:close(246)) - 1b06eb26-cd88-4c30-b02a-c0b828ed8899@group-3D7A7106D2EB-SegmentedRaftLogWorker close()
2022-10-08 01:40:44,874 [ForkJoinPool.commonPool-worker-1] INFO  server.GrpcService (GrpcService.java:closeImpl(269)) - 1b06eb26-cd88-4c30-b02a-c0b828ed8899: shutdown server with port 37511 now
2022-10-08 01:40:44,908 [Listener at 127.0.0.1/34011] INFO  ozoneimpl.OzoneContainer (OzoneContainer.java:stop(400)) - Attempting to stop container services.
2022-10-08 01:40:44,923 [Listener at 127.0.0.1/34011] INFO  server.RaftServer (RaftServerProxy.java:lambda$close$7(398)) - 7394f723-5f6d-4e16-a6b6-d1556834f31b: close
2022-10-08 01:40:44,923 [Listener at 127.0.0.1/34011] INFO  server.RaftServer$Division (RaftServerImpl.java:lambda$close$4(434)) - 7394f723-5f6d-4e16-a6b6-d1556834f31b@group-CC0144AB6A51: shutdown
2022-10-08 01:40:44,923 [Listener at 127.0.0.1/34011] INFO  util.JmxRegister (JmxRegister.java:unregister(73)) - Successfully un-registered JMX Bean with object name Ratis:service=RaftServer,group=group-CC0144AB6A51,id=7394f723-5f6d-4e16-a6b6-d1556834f31b
2022-10-08 01:40:44,923 [Listener at 127.0.0.1/34011] INFO  impl.RoleInfo (RoleInfo.java:shutdownLeaderState(93)) - 7394f723-5f6d-4e16-a6b6-d1556834f31b: shutdown 7394f723-5f6d-4e16-a6b6-d1556834f31b@group-CC0144AB6A51-LeaderStateImpl
2022-10-08 01:40:44,923 [Listener at 127.0.0.1/34011] INFO  impl.PendingRequests (PendingRequests.java:sendNotLeaderResponses(282)) - 7394f723-5f6d-4e16-a6b6-d1556834f31b@group-CC0144AB6A51-PendingRequests: sendNotLeaderResponses
2022-10-08 01:40:44,924 [Listener at 127.0.0.1/34011] INFO  impl.StateMachineUpdater (StateMachineUpdater.java:stopAndJoin(153)) - 7394f723-5f6d-4e16-a6b6-d1556834f31b@group-CC0144AB6A51-StateMachineUpdater: set stopIndex = 0
2022-10-08 01:40:44,925 [7394f723-5f6d-4e16-a6b6-d1556834f31b@group-CC0144AB6A51-StateMachineUpdater] INFO  ratis.ContainerStateMachine (ContainerStateMachine.java:takeSnapshot(304)) - group-CC0144AB6A51: Taking a snapshot at:(t:1, i:0) file /home/runner/work/ozone/ozone/hadoop-ozone/integration-test/target/test-dir/MiniOzoneClusterImpl-f835b163-d90e-48f8-926f-823f898330c6/datanode-2/data/ratis/77e00fde-82df-4ed6-9a82-cc0144ab6a51/sm/snapshot.1_0
2022-10-08 01:40:44,931 [7394f723-5f6d-4e16-a6b6-d1556834f31b@group-CC0144AB6A51-StateMachineUpdater] INFO  ratis.ContainerStateMachine (ContainerStateMachine.java:takeSnapshot(315)) - group-CC0144AB6A51: Finished taking a snapshot at:(t:1, i:0) file:/home/runner/work/ozone/ozone/hadoop-ozone/integration-test/target/test-dir/MiniOzoneClusterImpl-f835b163-d90e-48f8-926f-823f898330c6/datanode-2/data/ratis/77e00fde-82df-4ed6-9a82-cc0144ab6a51/sm/snapshot.1_0 took: 6 ms
2022-10-08 01:40:44,931 [7394f723-5f6d-4e16-a6b6-d1556834f31b@group-CC0144AB6A51-StateMachineUpdater] INFO  impl.StateMachineUpdater (StateMachineUpdater.java:takeSnapshot(287)) - 7394f723-5f6d-4e16-a6b6-d1556834f31b@group-CC0144AB6A51-StateMachineUpdater: Took a snapshot at index 0
2022-10-08 01:40:44,931 [7394f723-5f6d-4e16-a6b6-d1556834f31b@group-CC0144AB6A51-StateMachineUpdater] INFO  impl.StateMachineUpdater (StateMachineUpdater.java:lambda$new$0(92)) - 7394f723-5f6d-4e16-a6b6-d1556834f31b@group-CC0144AB6A51-StateMachineUpdater: snapshotIndex: updateIncreasingly -1 -> 0
2022-10-08 01:40:44,944 [ForkJoinPool.commonPool-worker-1] INFO  server.GrpcService (GrpcService.java:closeImpl(278)) - 1b06eb26-cd88-4c30-b02a-c0b828ed8899: shutdown server with port 37511 successfully
2022-10-08 01:40:44,944 [org.apache.ratis.util.JvmPauseMonitor$$Lambda$636/846962177@24f519bb] INFO  util.JvmPauseMonitor (JvmPauseMonitor.java:run(109)) - JvmPauseMonitor-1b06eb26-cd88-4c30-b02a-c0b828ed8899: Stopped
2022-10-08 01:40:45,016 [Listener at 127.0.0.1/34011] INFO  server.RaftServer$Division (ServerState.java:close(429)) - 7394f723-5f6d-4e16-a6b6-d1556834f31b@group-CC0144AB6A51: closes. applyIndex: 0
2022-10-08 01:40:45,016 [7394f723-5f6d-4e16-a6b6-d1556834f31b@group-CC0144AB6A51-SegmentedRaftLogWorker] INFO  segmented.SegmentedRaftLogWorker (SegmentedRaftLogWorker.java:run(336)) - 7394f723-5f6d-4e16-a6b6-d1556834f31b@group-CC0144AB6A51-SegmentedRaftLogWorker was interrupted, exiting. There are 0 tasks remaining in the queue.
2022-10-08 01:40:45,016 [Listener at 127.0.0.1/34011] INFO  segmented.SegmentedRaftLogWorker (SegmentedRaftLogWorker.java:close(246)) - 7394f723-5f6d-4e16-a6b6-d1556834f31b@group-CC0144AB6A51-SegmentedRaftLogWorker close()
2022-10-08 01:40:45,021 [Listener at 127.0.0.1/34011] INFO  server.GrpcService (GrpcService.java:closeImpl(269)) - 7394f723-5f6d-4e16-a6b6-d1556834f31b: shutdown server with port 35949 now
2022-10-08 01:40:45,052 [Listener at 127.0.0.1/34011] INFO  server.GrpcService (GrpcService.java:closeImpl(278)) - 7394f723-5f6d-4e16-a6b6-d1556834f31b: shutdown server with port 35949 successfully
2022-10-08 01:40:45,092 [org.apache.ratis.util.JvmPauseMonitor$$Lambda$636/846962177@79d0a353] INFO  util.JvmPauseMonitor (JvmPauseMonitor.java:run(109)) - JvmPauseMonitor-7394f723-5f6d-4e16-a6b6-d1556834f31b: Stopped
2022-10-08 01:40:45,164 [EventQueue-DeadNodeForDeadNodeHandler] INFO  node.DeadNodeHandler (DeadNodeHandler.java:onMessage(81)) - A dead datanode is detected. 1b06eb26-cd88-4c30-b02a-c0b828ed8899{ip: 10.1.0.61, host: fv-az180-867.g3pwtgv4ffyuhaixmbmm0kyh3d.gx.internal.cloudapp.net, ports: [REPLICATION=34467, RATIS=37511, RATIS_ADMIN=37511, RATIS_SERVER=37511, STANDALONE=41855], networkLocation: /default-rack, certSerialId: null, persistedOpState: IN_SERVICE, persistedOpStateExpiryEpochSec: 0}
2022-10-08 01:40:45,164 [EventQueue-DeadNodeForDeadNodeHandler] INFO  pipeline.RatisPipelineProvider (RatisPipelineProvider.java:lambda$close$1(244)) - Send pipeline:PipelineID=5ebbcdca-00d6-48b4-94aa-3d7a7106d2eb close command to datanode 1b06eb26-cd88-4c30-b02a-c0b828ed8899
2022-10-08 01:40:45,164 [EventQueue-DeadNodeForDeadNodeHandler] INFO  pipeline.PipelineStateManagerImpl (PipelineStateManagerImpl.java:removePipeline(245)) - Pipeline Pipeline[ Id: 5ebbcdca-00d6-48b4-94aa-3d7a7106d2eb, Nodes: 1b06eb26-cd88-4c30-b02a-c0b828ed8899{ip: 10.1.0.61, host: fv-az180-867.g3pwtgv4ffyuhaixmbmm0kyh3d.gx.internal.cloudapp.net, ports: [REPLICATION=34467, RATIS=37511, RATIS_ADMIN=37511, RATIS_SERVER=37511, STANDALONE=41855], networkLocation: /default-rack, certSerialId: null, persistedOpState: IN_SERVICE, persistedOpStateExpiryEpochSec: 0}, ReplicationConfig: RATIS/ONE, State:CLOSED, leaderId:1b06eb26-cd88-4c30-b02a-c0b828ed8899, CreationTimestamp2022-10-08T01:39:59.901Z[Etc/UTC]] removed.
2022-10-08 01:40:45,165 [EventQueue-DeadNodeForDeadNodeHandler] INFO  net.NetworkTopologyImpl (NetworkTopologyImpl.java:remove(190)) - Removed a node: /default-rack/1b06eb26-cd88-4c30-b02a-c0b828ed8899
2022-10-08 01:40:45,268 [EventQueue-DeadNodeForDeadNodeHandler] INFO  node.DeadNodeHandler (DeadNodeHandler.java:onMessage(81)) - A dead datanode is detected. 7394f723-5f6d-4e16-a6b6-d1556834f31b{ip: 10.1.0.61, host: fv-az180-867.g3pwtgv4ffyuhaixmbmm0kyh3d.gx.internal.cloudapp.net, ports: [REPLICATION=33813, RATIS=35949, RATIS_ADMIN=35949, RATIS_SERVER=35949, STANDALONE=41117], networkLocation: /default-rack, certSerialId: null, persistedOpState: IN_SERVICE, persistedOpStateExpiryEpochSec: 0}
2022-10-08 01:40:45,268 [EventQueue-DeadNodeForDeadNodeHandler] INFO  pipeline.RatisPipelineProvider (RatisPipelineProvider.java:lambda$close$1(244)) - Send pipeline:PipelineID=77e00fde-82df-4ed6-9a82-cc0144ab6a51 close command to datanode 7394f723-5f6d-4e16-a6b6-d1556834f31b
2022-10-08 01:40:45,268 [EventQueue-DeadNodeForDeadNodeHandler] INFO  pipeline.PipelineStateManagerImpl (PipelineStateManagerImpl.java:removePipeline(245)) - Pipeline Pipeline[ Id: 77e00fde-82df-4ed6-9a82-cc0144ab6a51, Nodes: 7394f723-5f6d-4e16-a6b6-d1556834f31b{ip: 10.1.0.61, host: fv-az180-867.g3pwtgv4ffyuhaixmbmm0kyh3d.gx.internal.cloudapp.net, ports: [REPLICATION=33813, RATIS=35949, RATIS_ADMIN=35949, RATIS_SERVER=35949, STANDALONE=41117], networkLocation: /default-rack, certSerialId: null, persistedOpState: IN_SERVICE, persistedOpStateExpiryEpochSec: 0}, ReplicationConfig: RATIS/ONE, State:CLOSED, leaderId:7394f723-5f6d-4e16-a6b6-d1556834f31b, CreationTimestamp2022-10-08T01:40:02.265Z[Etc/UTC]] removed.
2022-10-08 01:40:45,268 [EventQueue-DeadNodeForDeadNodeHandler] INFO  net.NetworkTopologyImpl (NetworkTopologyImpl.java:remove(190)) - Removed a node: /default-rack/7394f723-5f6d-4e16-a6b6-d1556834f31b
2022-10-08 01:40:45,779 [ReplicationMonitor] ERROR scm.SCMCommonPlacementPolicy (SCMCommonPlacementPolicy.java:chooseDatanodesInternal(217)) - Not enough healthy nodes to allocate container. 2  datanodes required. Found 1
2022-10-08 01:40:45,779 [ReplicationMonitor] WARN  replication.LegacyReplicationManager (LegacyReplicationManager.java:handleUnderReplicatedContainer(1228)) - Exception while replicating container 1.
org.apache.hadoop.hdds.scm.exceptions.SCMException: Not enough healthy nodes to allocate container. 2  datanodes required. Found 1
	at org.apache.hadoop.hdds.scm.SCMCommonPlacementPolicy.chooseDatanodesInternal(SCMCommonPlacementPolicy.java:218)
	at org.apache.hadoop.hdds.scm.container.placement.algorithms.SCMContainerPlacementRandom.chooseDatanodesInternal(SCMContainerPlacementRandom.java:81)
	at org.apache.hadoop.hdds.scm.SCMCommonPlacementPolicy.chooseDatanodes(SCMCommonPlacementPolicy.java:175)
	at org.apache.hadoop.hdds.scm.SCMCommonPlacementPolicy.chooseDatanodes(SCMCommonPlacementPolicy.java:117)
	at org.apache.hadoop.hdds.scm.container.replication.LegacyReplicationManager.handleUnderReplicatedContainer(LegacyReplicationManager.java:1192)
	at org.apache.hadoop.hdds.scm.container.replication.LegacyReplicationManager.processContainer(LegacyReplicationManager.java:539)
	at org.apache.hadoop.hdds.scm.container.replication.ReplicationManager.processAll(ReplicationManager.java:306)
	at org.apache.hadoop.hdds.scm.container.replication.ReplicationManager.run(ReplicationManager.java:504)
	at java.lang.Thread.run(Thread.java:750)
2022-10-08 01:40:45,779 [ReplicationMonitor] INFO  replication.ReplicationManager (ReplicationManager.java:processAll(324)) - Replication Monitor Thread took 1 milliseconds for processing 1 containers.
2022-10-08 01:40:46,779 [ReplicationMonitor] ERROR scm.SCMCommonPlacementPolicy (SCMCommonPlacementPolicy.java:chooseDatanodesInternal(217)) - Not enough healthy nodes to allocate container. 2  datanodes required. Found 1
2022-10-08 01:40:46,779 [ReplicationMonitor] WARN  replication.LegacyReplicationManager (LegacyReplicationManager.java:handleUnderReplicatedContainer(1228)) - Exception while replicating container 1.
org.apache.hadoop.hdds.scm.exceptions.SCMException: Not enough healthy nodes to allocate container. 2  datanodes required. Found 1
	at org.apache.hadoop.hdds.scm.SCMCommonPlacementPolicy.chooseDatanodesInternal(SCMCommonPlacementPolicy.java:218)
	at org.apache.hadoop.hdds.scm.container.placement.algorithms.SCMContainerPlacementRandom.chooseDatanodesInternal(SCMContainerPlacementRandom.java:81)
	at org.apache.hadoop.hdds.scm.SCMCommonPlacementPolicy.chooseDatanodes(SCMCommonPlacementPolicy.java:175)
	at org.apache.hadoop.hdds.scm.SCMCommonPlacementPolicy.chooseDatanodes(SCMCommonPlacementPolicy.java:117)
	at org.apache.hadoop.hdds.scm.container.replication.LegacyReplicationManager.handleUnderReplicatedContainer(LegacyReplicationManager.java:1192)
	at org.apache.hadoop.hdds.scm.container.replication.LegacyReplicationManager.processContainer(LegacyReplicationManager.java:539)
	at org.apache.hadoop.hdds.scm.container.replication.ReplicationManager.processAll(ReplicationManager.java:306)
	at org.apache.hadoop.hdds.scm.container.replication.ReplicationManager.run(ReplicationManager.java:504)
	at java.lang.Thread.run(Thread.java:750)
2022-10-08 01:40:46,779 [ReplicationMonitor] INFO  replication.ReplicationManager (ReplicationManager.java:processAll(324)) - Replication Monitor Thread took 1 milliseconds for processing 1 containers.
2022-10-08 01:40:47,025 [ForkJoinPool.commonPool-worker-1] INFO  utils.BackgroundService (BackgroundService.java:shutdown(141)) - Shutting down service BlockDeletingService
2022-10-08 01:40:47,028 [ForkJoinPool.commonPool-worker-1] INFO  utils.BackgroundService (BackgroundService.java:shutdown(141)) - Shutting down service StaleRecoveringContainerScrubbingService
2022-10-08 01:40:47,145 [Listener at 127.0.0.1/34011] INFO  utils.BackgroundService (BackgroundService.java:shutdown(141)) - Shutting down service BlockDeletingService
2022-10-08 01:40:47,145 [Listener at 127.0.0.1/34011] INFO  utils.BackgroundService (BackgroundService.java:shutdown(141)) - Shutting down service StaleRecoveringContainerScrubbingService
2022-10-08 01:40:47,784 [ReplicationMonitor] ERROR scm.SCMCommonPlacementPolicy (SCMCommonPlacementPolicy.java:chooseDatanodesInternal(217)) - Not enough healthy nodes to allocate container. 2  datanodes required. Found 1
2022-10-08 01:40:47,784 [ReplicationMonitor] WARN  replication.LegacyReplicationManager (LegacyReplicationManager.java:handleUnderReplicatedContainer(1228)) - Exception while replicating container 1.
org.apache.hadoop.hdds.scm.exceptions.SCMException: Not enough healthy nodes to allocate container. 2  datanodes required. Found 1
	at org.apache.hadoop.hdds.scm.SCMCommonPlacementPolicy.chooseDatanodesInternal(SCMCommonPlacementPolicy.java:218)
	at org.apache.hadoop.hdds.scm.container.placement.algorithms.SCMContainerPlacementRandom.chooseDatanodesInternal(SCMContainerPlacementRandom.java:81)
	at org.apache.hadoop.hdds.scm.SCMCommonPlacementPolicy.chooseDatanodes(SCMCommonPlacementPolicy.java:175)
	at org.apache.hadoop.hdds.scm.SCMCommonPlacementPolicy.chooseDatanodes(SCMCommonPlacementPolicy.java:117)
	at org.apache.hadoop.hdds.scm.container.replication.LegacyReplicationManager.handleUnderReplicatedContainer(LegacyReplicationManager.java:1192)
	at org.apache.hadoop.hdds.scm.container.replication.LegacyReplicationManager.processContainer(LegacyReplicationManager.java:539)
	at org.apache.hadoop.hdds.scm.container.replication.ReplicationManager.processAll(ReplicationManager.java:306)
	at org.apache.hadoop.hdds.scm.container.replication.ReplicationManager.run(ReplicationManager.java:504)
	at java.lang.Thread.run(Thread.java:750)
2022-10-08 01:40:47,784 [ReplicationMonitor] INFO  replication.ReplicationManager (ReplicationManager.java:processAll(324)) - Replication Monitor Thread took 0 milliseconds for processing 1 containers.
2022-10-08 01:40:48,785 [ReplicationMonitor] ERROR scm.SCMCommonPlacementPolicy (SCMCommonPlacementPolicy.java:chooseDatanodesInternal(217)) - Not enough healthy nodes to allocate container. 2  datanodes required. Found 1
2022-10-08 01:40:48,785 [ReplicationMonitor] WARN  replication.LegacyReplicationManager (LegacyReplicationManager.java:handleUnderReplicatedContainer(1228)) - Exception while replicating container 1.
org.apache.hadoop.hdds.scm.exceptions.SCMException: Not enough healthy nodes to allocate container. 2  datanodes required. Found 1
	at org.apache.hadoop.hdds.scm.SCMCommonPlacementPolicy.chooseDatanodesInternal(SCMCommonPlacementPolicy.java:218)
	at org.apache.hadoop.hdds.scm.container.placement.algorithms.SCMContainerPlacementRandom.chooseDatanodesInternal(SCMContainerPlacementRandom.java:81)
	at org.apache.hadoop.hdds.scm.SCMCommonPlacementPolicy.chooseDatanodes(SCMCommonPlacementPolicy.java:175)
	at org.apache.hadoop.hdds.scm.SCMCommonPlacementPolicy.chooseDatanodes(SCMCommonPlacementPolicy.java:117)
	at org.apache.hadoop.hdds.scm.container.replication.LegacyReplicationManager.handleUnderReplicatedContainer(LegacyReplicationManager.java:1192)
	at org.apache.hadoop.hdds.scm.container.replication.LegacyReplicationManager.processContainer(LegacyReplicationManager.java:539)
	at org.apache.hadoop.hdds.scm.container.replication.ReplicationManager.processAll(ReplicationManager.java:306)
	at org.apache.hadoop.hdds.scm.container.replication.ReplicationManager.run(ReplicationManager.java:504)
	at java.lang.Thread.run(Thread.java:750)
2022-10-08 01:40:48,785 [ReplicationMonitor] INFO  replication.ReplicationManager (ReplicationManager.java:processAll(324)) - Replication Monitor Thread took 1 milliseconds for processing 1 containers.
2022-10-08 01:40:49,788 [ReplicationMonitor] ERROR scm.SCMCommonPlacementPolicy (SCMCommonPlacementPolicy.java:chooseDatanodesInternal(217)) - Not enough healthy nodes to allocate container. 2  datanodes required. Found 1
2022-10-08 01:40:49,788 [ReplicationMonitor] WARN  replication.LegacyReplicationManager (LegacyReplicationManager.java:handleUnderReplicatedContainer(1228)) - Exception while replicating container 1.
org.apache.hadoop.hdds.scm.exceptions.SCMException: Not enough healthy nodes to allocate container. 2  datanodes required. Found 1
	at org.apache.hadoop.hdds.scm.SCMCommonPlacementPolicy.chooseDatanodesInternal(SCMCommonPlacementPolicy.java:218)
	at org.apache.hadoop.hdds.scm.container.placement.algorithms.SCMContainerPlacementRandom.chooseDatanodesInternal(SCMContainerPlacementRandom.java:81)
	at org.apache.hadoop.hdds.scm.SCMCommonPlacementPolicy.chooseDatanodes(SCMCommonPlacementPolicy.java:175)
	at org.apache.hadoop.hdds.scm.SCMCommonPlacementPolicy.chooseDatanodes(SCMCommonPlacementPolicy.java:117)
	at org.apache.hadoop.hdds.scm.container.replication.LegacyReplicationManager.handleUnderReplicatedContainer(LegacyReplicationManager.java:1192)
	at org.apache.hadoop.hdds.scm.container.replication.LegacyReplicationManager.processContainer(LegacyReplicationManager.java:539)
	at org.apache.hadoop.hdds.scm.container.replication.ReplicationManager.processAll(ReplicationManager.java:306)
	at org.apache.hadoop.hdds.scm.container.replication.ReplicationManager.run(ReplicationManager.java:504)
	at java.lang.Thread.run(Thread.java:750)
2022-10-08 01:40:49,788 [ReplicationMonitor] INFO  replication.ReplicationManager (ReplicationManager.java:processAll(324)) - Replication Monitor Thread took 0 milliseconds for processing 1 containers.
2022-10-08 01:40:50,056 [ForkJoinPool.commonPool-worker-1] INFO  statemachine.DatanodeStateMachine (DatanodeStateMachine.java:stopDaemon(580)) - Ozone container server stopped.
2022-10-08 01:40:50,100 [ForkJoinPool.commonPool-worker-1] INFO  handler.ContextHandler (ContextHandler.java:doStop(1153)) - Stopped o.e.j.w.WebAppContext@75b807ae{hddsDatanode,/,null,STOPPED}{jar:file:/home/runner/.m2/repository/org/apache/ozone/hdds-container-service/1.3.0-SNAPSHOT/hdds-container-service-1.3.0-SNAPSHOT.jar!/webapps/hddsDatanode}
2022-10-08 01:40:50,101 [ForkJoinPool.commonPool-worker-1] INFO  server.AbstractConnector (AbstractConnector.java:doStop(381)) - Stopped ServerConnector@4ea3c1bb{HTTP/1.1, (http/1.1)}{0.0.0.0:0}
2022-10-08 01:40:50,101 [ForkJoinPool.commonPool-worker-1] INFO  server.session (HouseKeeper.java:stopScavenging(149)) - node0 Stopped scavenging
2022-10-08 01:40:50,153 [Listener at 127.0.0.1/34011] INFO  statemachine.DatanodeStateMachine (DatanodeStateMachine.java:stopDaemon(580)) - Ozone container server stopped.
2022-10-08 01:40:50,160 [ForkJoinPool.commonPool-worker-1] INFO  handler.ContextHandler (ContextHandler.java:doStop(1153)) - Stopped o.e.j.s.ServletContextHandler@394bb9e{static,/static,jar:file:/home/runner/.m2/repository/org/apache/ozone/hdds-container-service/1.3.0-SNAPSHOT/hdds-container-service-1.3.0-SNAPSHOT.jar!/webapps/static,STOPPED}
2022-10-08 01:40:50,201 [Listener at 127.0.0.1/34011] INFO  handler.ContextHandler (ContextHandler.java:doStop(1153)) - Stopped o.e.j.w.WebAppContext@22f9758{hddsDatanode,/,null,STOPPED}{jar:file:/home/runner/.m2/repository/org/apache/ozone/hdds-container-service/1.3.0-SNAPSHOT/hdds-container-service-1.3.0-SNAPSHOT.jar!/webapps/hddsDatanode}
2022-10-08 01:40:50,201 [ForkJoinPool.commonPool-worker-1] INFO  handler.ContextHandler (ContextHandler.java:doStop(1153)) - Stopped o.e.j.s.ServletContextHandler@319614ed{logs,/logs,file:///home/runner/work/ozone/ozone/hadoop-ozone/integration-test/target/log,STOPPED}
2022-10-08 01:40:50,212 [Listener at 127.0.0.1/34011] INFO  server.AbstractConnector (AbstractConnector.java:doStop(381)) - Stopped ServerConnector@28aca2a1{HTTP/1.1, (http/1.1)}{0.0.0.0:0}
2022-10-08 01:40:50,213 [Listener at 127.0.0.1/34011] INFO  server.session (HouseKeeper.java:stopScavenging(149)) - node0 Stopped scavenging
2022-10-08 01:40:50,213 [Listener at 127.0.0.1/34011] INFO  handler.ContextHandler (ContextHandler.java:doStop(1153)) - Stopped o.e.j.s.ServletContextHandler@5c6768b6{static,/static,jar:file:/home/runner/.m2/repository/org/apache/ozone/hdds-container-service/1.3.0-SNAPSHOT/hdds-container-service-1.3.0-SNAPSHOT.jar!/webapps/static,STOPPED}
2022-10-08 01:40:50,213 [Listener at 127.0.0.1/34011] INFO  handler.ContextHandler (ContextHandler.java:doStop(1153)) - Stopped o.e.j.s.ServletContextHandler@38b01b7f{logs,/logs,file:///home/runner/work/ozone/ozone/hadoop-ozone/integration-test/target/log,STOPPED}
2022-10-08 01:40:50,788 [ReplicationMonitor] ERROR scm.SCMCommonPlacementPolicy (SCMCommonPlacementPolicy.java:chooseDatanodesInternal(217)) - Not enough healthy nodes to allocate container. 2  datanodes required. Found 1
2022-10-08 01:40:50,789 [ReplicationMonitor] WARN  replication.LegacyReplicationManager (LegacyReplicationManager.java:handleUnderReplicatedContainer(1228)) - Exception while replicating container 1.
org.apache.hadoop.hdds.scm.exceptions.SCMException: Not enough healthy nodes to allocate container. 2  datanodes required. Found 1
	at org.apache.hadoop.hdds.scm.SCMCommonPlacementPolicy.chooseDatanodesInternal(SCMCommonPlacementPolicy.java:218)
	at org.apache.hadoop.hdds.scm.container.placement.algorithms.SCMContainerPlacementRandom.chooseDatanodesInternal(SCMContainerPlacementRandom.java:81)
	at org.apache.hadoop.hdds.scm.SCMCommonPlacementPolicy.chooseDatanodes(SCMCommonPlacementPolicy.java:175)
	at org.apache.hadoop.hdds.scm.SCMCommonPlacementPolicy.chooseDatanodes(SCMCommonPlacementPolicy.java:117)
	at org.apache.hadoop.hdds.scm.container.replication.LegacyReplicationManager.handleUnderReplicatedContainer(LegacyReplicationManager.java:1192)
	at org.apache.hadoop.hdds.scm.container.replication.LegacyReplicationManager.processContainer(LegacyReplicationManager.java:539)
	at org.apache.hadoop.hdds.scm.container.replication.ReplicationManager.processAll(ReplicationManager.java:306)
	at org.apache.hadoop.hdds.scm.container.replication.ReplicationManager.run(ReplicationManager.java:504)
	at java.lang.Thread.run(Thread.java:750)
2022-10-08 01:40:50,791 [ReplicationMonitor] INFO  replication.ReplicationManager (ReplicationManager.java:processAll(324)) - Replication Monitor Thread took 3 milliseconds for processing 1 containers.
2022-10-08 01:40:51,791 [ReplicationMonitor] ERROR scm.SCMCommonPlacementPolicy (SCMCommonPlacementPolicy.java:chooseDatanodesInternal(217)) - Not enough healthy nodes to allocate container. 2  datanodes required. Found 1
2022-10-08 01:40:51,791 [ReplicationMonitor] WARN  replication.LegacyReplicationManager (LegacyReplicationManager.java:handleUnderReplicatedContainer(1228)) - Exception while replicating container 1.
org.apache.hadoop.hdds.scm.exceptions.SCMException: Not enough healthy nodes to allocate container. 2  datanodes required. Found 1
	at org.apache.hadoop.hdds.scm.SCMCommonPlacementPolicy.chooseDatanodesInternal(SCMCommonPlacementPolicy.java:218)
	at org.apache.hadoop.hdds.scm.container.placement.algorithms.SCMContainerPlacementRandom.chooseDatanodesInternal(SCMContainerPlacementRandom.java:81)
	at org.apache.hadoop.hdds.scm.SCMCommonPlacementPolicy.chooseDatanodes(SCMCommonPlacementPolicy.java:175)
	at org.apache.hadoop.hdds.scm.SCMCommonPlacementPolicy.chooseDatanodes(SCMCommonPlacementPolicy.java:117)
	at org.apache.hadoop.hdds.scm.container.replication.LegacyReplicationManager.handleUnderReplicatedContainer(LegacyReplicationManager.java:1192)
	at org.apache.hadoop.hdds.scm.container.replication.LegacyReplicationManager.processContainer(LegacyReplicationManager.java:539)
	at org.apache.hadoop.hdds.scm.container.replication.ReplicationManager.processAll(ReplicationManager.java:306)
	at org.apache.hadoop.hdds.scm.container.replication.ReplicationManager.run(ReplicationManager.java:504)
	at java.lang.Thread.run(Thread.java:750)
2022-10-08 01:40:51,791 [ReplicationMonitor] INFO  replication.ReplicationManager (ReplicationManager.java:processAll(324)) - Replication Monitor Thread took 0 milliseconds for processing 1 containers.
2022-10-08 01:40:52,800 [ReplicationMonitor] ERROR scm.SCMCommonPlacementPolicy (SCMCommonPlacementPolicy.java:chooseDatanodesInternal(217)) - Not enough healthy nodes to allocate container. 2  datanodes required. Found 1
2022-10-08 01:40:52,800 [ReplicationMonitor] WARN  replication.LegacyReplicationManager (LegacyReplicationManager.java:handleUnderReplicatedContainer(1228)) - Exception while replicating container 1.
org.apache.hadoop.hdds.scm.exceptions.SCMException: Not enough healthy nodes to allocate container. 2  datanodes required. Found 1
	at org.apache.hadoop.hdds.scm.SCMCommonPlacementPolicy.chooseDatanodesInternal(SCMCommonPlacementPolicy.java:218)
	at org.apache.hadoop.hdds.scm.container.placement.algorithms.SCMContainerPlacementRandom.chooseDatanodesInternal(SCMContainerPlacementRandom.java:81)
	at org.apache.hadoop.hdds.scm.SCMCommonPlacementPolicy.chooseDatanodes(SCMCommonPlacementPolicy.java:175)
	at org.apache.hadoop.hdds.scm.SCMCommonPlacementPolicy.chooseDatanodes(SCMCommonPlacementPolicy.java:117)
	at org.apache.hadoop.hdds.scm.container.replication.LegacyReplicationManager.handleUnderReplicatedContainer(LegacyReplicationManager.java:1192)
	at org.apache.hadoop.hdds.scm.container.replication.LegacyReplicationManager.processContainer(LegacyReplicationManager.java:539)
	at org.apache.hadoop.hdds.scm.container.replication.ReplicationManager.processAll(ReplicationManager.java:306)
	at org.apache.hadoop.hdds.scm.container.replication.ReplicationManager.run(ReplicationManager.java:504)
	at java.lang.Thread.run(Thread.java:750)
2022-10-08 01:40:52,800 [ReplicationMonitor] INFO  replication.ReplicationManager (ReplicationManager.java:processAll(324)) - Replication Monitor Thread took 0 milliseconds for processing 1 containers.
2022-10-08 01:40:52,808 [EventQueue-StaleNodeForStaleNodeHandler] INFO  node.StaleNodeHandler (StaleNodeHandler.java:onMessage(59)) - Datanode 53122d56-b231-44b5-a0d2-96edf7742e5e{ip: 10.1.0.61, host: fv-az180-867.g3pwtgv4ffyuhaixmbmm0kyh3d.gx.internal.cloudapp.net, ports: [REPLICATION=40939, RATIS=35669, RATIS_ADMIN=35669, RATIS_SERVER=35669, STANDALONE=35807], networkLocation: /default-rack, certSerialId: null, persistedOpState: IN_SERVICE, persistedOpStateExpiryEpochSec: 0} moved to stale state. Finalizing its pipelines [PipelineID=1871dfbc-b2f3-4b72-9b95-a6c97e8e944b]
2022-10-08 01:40:52,808 [EventQueue-StaleNodeForStaleNodeHandler] INFO  pipeline.PipelineManagerImpl (PipelineManagerImpl.java:closePipeline(442)) - Pipeline Pipeline[ Id: 1871dfbc-b2f3-4b72-9b95-a6c97e8e944b, Nodes: 53122d56-b231-44b5-a0d2-96edf7742e5e{ip: 10.1.0.61, host: fv-az180-867.g3pwtgv4ffyuhaixmbmm0kyh3d.gx.internal.cloudapp.net, ports: [REPLICATION=40939, RATIS=35669, RATIS_ADMIN=35669, RATIS_SERVER=35669, STANDALONE=35807], networkLocation: /default-rack, certSerialId: null, persistedOpState: IN_SERVICE, persistedOpStateExpiryEpochSec: 0}, ReplicationConfig: RATIS/ONE, State:OPEN, leaderId:53122d56-b231-44b5-a0d2-96edf7742e5e, CreationTimestamp2022-10-08T01:40:07.965Z[Etc/UTC]] moved to CLOSED state
2022-10-08 01:40:53,108 [EventQueue-StaleNodeForStaleNodeHandler] INFO  node.StaleNodeHandler (StaleNodeHandler.java:onMessage(59)) - Datanode 003a9f69-5a4b-437f-80c3-29db2a6995f2{ip: 10.1.0.61, host: fv-az180-867.g3pwtgv4ffyuhaixmbmm0kyh3d.gx.internal.cloudapp.net, ports: [REPLICATION=45523, RATIS=46873, RATIS_ADMIN=46873, RATIS_SERVER=46873, STANDALONE=46875], networkLocation: /default-rack, certSerialId: null, persistedOpState: IN_SERVICE, persistedOpStateExpiryEpochSec: 0} moved to stale state. Finalizing its pipelines [PipelineID=7baa4ba5-cfaa-40fa-b109-9a4dfa992521]
2022-10-08 01:40:53,109 [EventQueue-StaleNodeForStaleNodeHandler] INFO  pipeline.PipelineManagerImpl (PipelineManagerImpl.java:closePipeline(442)) - Pipeline Pipeline[ Id: 7baa4ba5-cfaa-40fa-b109-9a4dfa992521, Nodes: 003a9f69-5a4b-437f-80c3-29db2a6995f2{ip: 10.1.0.61, host: fv-az180-867.g3pwtgv4ffyuhaixmbmm0kyh3d.gx.internal.cloudapp.net, ports: [REPLICATION=45523, RATIS=46873, RATIS_ADMIN=46873, RATIS_SERVER=46873, STANDALONE=46875], networkLocation: /default-rack, certSerialId: null, persistedOpState: IN_SERVICE, persistedOpStateExpiryEpochSec: 0}, ReplicationConfig: RATIS/ONE, State:OPEN, leaderId:003a9f69-5a4b-437f-80c3-29db2a6995f2, CreationTimestamp2022-10-08T01:40:05.619Z[Etc/UTC]] moved to CLOSED state
2022-10-08 01:40:53,801 [ReplicationMonitor] WARN  replication.LegacyReplicationManager (LegacyReplicationManager.java:handleUnderReplicatedContainer(1224)) - Cannot replicate container #1, no healthy replica found.
2022-10-08 01:40:53,801 [ReplicationMonitor] INFO  replication.ReplicationManager (ReplicationManager.java:processAll(324)) - Replication Monitor Thread took 1 milliseconds for processing 1 containers.
2022-10-08 01:40:54,801 [ReplicationMonitor] WARN  replication.LegacyReplicationManager (LegacyReplicationManager.java:handleUnderReplicatedContainer(1224)) - Cannot replicate container #1, no healthy replica found.
2022-10-08 01:40:54,801 [ReplicationMonitor] INFO  replication.ReplicationManager (ReplicationManager.java:processAll(324)) - Replication Monitor Thread took 0 milliseconds for processing 1 containers.
2022-10-08 01:40:55,232 [ForkJoinPool.commonPool-worker-1] INFO  ozoneimpl.OzoneContainer (OzoneContainer.java:stop(400)) - Attempting to stop container services.
2022-10-08 01:40:55,232 [ForkJoinPool.commonPool-worker-1] INFO  server.RaftServer (RaftServerProxy.java:lambda$close$7(398)) - 53122d56-b231-44b5-a0d2-96edf7742e5e: close
2022-10-08 01:40:55,232 [ForkJoinPool.commonPool-worker-1] INFO  server.RaftServer$Division (RaftServerImpl.java:lambda$close$4(434)) - 53122d56-b231-44b5-a0d2-96edf7742e5e@group-A6C97E8E944B: shutdown
2022-10-08 01:40:55,233 [ForkJoinPool.commonPool-worker-1] INFO  util.JmxRegister (JmxRegister.java:unregister(73)) - Successfully un-registered JMX Bean with object name Ratis:service=RaftServer,group=group-A6C97E8E944B,id=53122d56-b231-44b5-a0d2-96edf7742e5e
2022-10-08 01:40:55,233 [ForkJoinPool.commonPool-worker-1] INFO  impl.RoleInfo (RoleInfo.java:shutdownLeaderState(93)) - 53122d56-b231-44b5-a0d2-96edf7742e5e: shutdown 53122d56-b231-44b5-a0d2-96edf7742e5e@group-A6C97E8E944B-LeaderStateImpl
2022-10-08 01:40:55,233 [ForkJoinPool.commonPool-worker-1] INFO  impl.PendingRequests (PendingRequests.java:sendNotLeaderResponses(282)) - 53122d56-b231-44b5-a0d2-96edf7742e5e@group-A6C97E8E944B-PendingRequests: sendNotLeaderResponses
2022-10-08 01:40:55,234 [ForkJoinPool.commonPool-worker-1] INFO  impl.StateMachineUpdater (StateMachineUpdater.java:stopAndJoin(153)) - 53122d56-b231-44b5-a0d2-96edf7742e5e@group-A6C97E8E944B-StateMachineUpdater: set stopIndex = 0
2022-10-08 01:40:55,234 [53122d56-b231-44b5-a0d2-96edf7742e5e@group-A6C97E8E944B-StateMachineUpdater] INFO  ratis.ContainerStateMachine (ContainerStateMachine.java:takeSnapshot(304)) - group-A6C97E8E944B: Taking a snapshot at:(t:1, i:0) file /home/runner/work/ozone/ozone/hadoop-ozone/integration-test/target/test-dir/MiniOzoneClusterImpl-f835b163-d90e-48f8-926f-823f898330c6/datanode-4/data/ratis/1871dfbc-b2f3-4b72-9b95-a6c97e8e944b/sm/snapshot.1_0
2022-10-08 01:40:55,245 [53122d56-b231-44b5-a0d2-96edf7742e5e@group-A6C97E8E944B-StateMachineUpdater] INFO  ratis.ContainerStateMachine (ContainerStateMachine.java:takeSnapshot(315)) - group-A6C97E8E944B: Finished taking a snapshot at:(t:1, i:0) file:/home/runner/work/ozone/ozone/hadoop-ozone/integration-test/target/test-dir/MiniOzoneClusterImpl-f835b163-d90e-48f8-926f-823f898330c6/datanode-4/data/ratis/1871dfbc-b2f3-4b72-9b95-a6c97e8e944b/sm/snapshot.1_0 took: 11 ms
2022-10-08 01:40:55,245 [53122d56-b231-44b5-a0d2-96edf7742e5e@group-A6C97E8E944B-StateMachineUpdater] INFO  impl.StateMachineUpdater (StateMachineUpdater.java:takeSnapshot(287)) - 53122d56-b231-44b5-a0d2-96edf7742e5e@group-A6C97E8E944B-StateMachineUpdater: Took a snapshot at index 0
2022-10-08 01:40:55,245 [53122d56-b231-44b5-a0d2-96edf7742e5e@group-A6C97E8E944B-StateMachineUpdater] INFO  impl.StateMachineUpdater (StateMachineUpdater.java:lambda$new$0(92)) - 53122d56-b231-44b5-a0d2-96edf7742e5e@group-A6C97E8E944B-StateMachineUpdater: snapshotIndex: updateIncreasingly -1 -> 0
2022-10-08 01:40:55,247 [ForkJoinPool.commonPool-worker-1] INFO  server.RaftServer$Division (ServerState.java:close(429)) - 53122d56-b231-44b5-a0d2-96edf7742e5e@group-A6C97E8E944B: closes. applyIndex: 0
2022-10-08 01:40:55,247 [53122d56-b231-44b5-a0d2-96edf7742e5e@group-A6C97E8E944B-SegmentedRaftLogWorker] INFO  segmented.SegmentedRaftLogWorker (SegmentedRaftLogWorker.java:run(336)) - 53122d56-b231-44b5-a0d2-96edf7742e5e@group-A6C97E8E944B-SegmentedRaftLogWorker was interrupted, exiting. There are 0 tasks remaining in the queue.
2022-10-08 01:40:55,247 [ForkJoinPool.commonPool-worker-1] INFO  segmented.SegmentedRaftLogWorker (SegmentedRaftLogWorker.java:close(246)) - 53122d56-b231-44b5-a0d2-96edf7742e5e@group-A6C97E8E944B-SegmentedRaftLogWorker close()
2022-10-08 01:40:55,250 [Listener at 127.0.0.1/34011] INFO  ozoneimpl.OzoneContainer (OzoneContainer.java:stop(400)) - Attempting to stop container services.
2022-10-08 01:40:55,250 [Listener at 127.0.0.1/34011] INFO  server.RaftServer (RaftServerProxy.java:lambda$close$7(398)) - 003a9f69-5a4b-437f-80c3-29db2a6995f2: close
2022-10-08 01:40:55,251 [Listener at 127.0.0.1/34011] INFO  server.RaftServer$Division (RaftServerImpl.java:lambda$close$4(434)) - 003a9f69-5a4b-437f-80c3-29db2a6995f2@group-9A4DFA992521: shutdown
2022-10-08 01:40:55,251 [Listener at 127.0.0.1/34011] INFO  util.JmxRegister (JmxRegister.java:unregister(73)) - Successfully un-registered JMX Bean with object name Ratis:service=RaftServer,group=group-9A4DFA992521,id=003a9f69-5a4b-437f-80c3-29db2a6995f2
2022-10-08 01:40:55,251 [Listener at 127.0.0.1/34011] INFO  impl.RoleInfo (RoleInfo.java:shutdownLeaderState(93)) - 003a9f69-5a4b-437f-80c3-29db2a6995f2: shutdown 003a9f69-5a4b-437f-80c3-29db2a6995f2@group-9A4DFA992521-LeaderStateImpl
2022-10-08 01:40:55,251 [Listener at 127.0.0.1/34011] INFO  impl.PendingRequests (PendingRequests.java:sendNotLeaderResponses(282)) - 003a9f69-5a4b-437f-80c3-29db2a6995f2@group-9A4DFA992521-PendingRequests: sendNotLeaderResponses
2022-10-08 01:40:55,252 [Listener at 127.0.0.1/34011] INFO  impl.StateMachineUpdater (StateMachineUpdater.java:stopAndJoin(153)) - 003a9f69-5a4b-437f-80c3-29db2a6995f2@group-9A4DFA992521-StateMachineUpdater: set stopIndex = 0
2022-10-08 01:40:55,252 [003a9f69-5a4b-437f-80c3-29db2a6995f2@group-9A4DFA992521-StateMachineUpdater] INFO  ratis.ContainerStateMachine (ContainerStateMachine.java:takeSnapshot(304)) - group-9A4DFA992521: Taking a snapshot at:(t:1, i:0) file /home/runner/work/ozone/ozone/hadoop-ozone/integration-test/target/test-dir/MiniOzoneClusterImpl-f835b163-d90e-48f8-926f-823f898330c6/datanode-3/data/ratis/7baa4ba5-cfaa-40fa-b109-9a4dfa992521/sm/snapshot.1_0
2022-10-08 01:40:55,259 [003a9f69-5a4b-437f-80c3-29db2a6995f2@group-9A4DFA992521-StateMachineUpdater] INFO  ratis.ContainerStateMachine (ContainerStateMachine.java:takeSnapshot(315)) - group-9A4DFA992521: Finished taking a snapshot at:(t:1, i:0) file:/home/runner/work/ozone/ozone/hadoop-ozone/integration-test/target/test-dir/MiniOzoneClusterImpl-f835b163-d90e-48f8-926f-823f898330c6/datanode-3/data/ratis/7baa4ba5-cfaa-40fa-b109-9a4dfa992521/sm/snapshot.1_0 took: 7 ms
2022-10-08 01:40:55,259 [003a9f69-5a4b-437f-80c3-29db2a6995f2@group-9A4DFA992521-StateMachineUpdater] INFO  impl.StateMachineUpdater (StateMachineUpdater.java:takeSnapshot(287)) - 003a9f69-5a4b-437f-80c3-29db2a6995f2@group-9A4DFA992521-StateMachineUpdater: Took a snapshot at index 0
2022-10-08 01:40:55,259 [003a9f69-5a4b-437f-80c3-29db2a6995f2@group-9A4DFA992521-StateMachineUpdater] INFO  impl.StateMachineUpdater (StateMachineUpdater.java:lambda$new$0(92)) - 003a9f69-5a4b-437f-80c3-29db2a6995f2@group-9A4DFA992521-StateMachineUpdater: snapshotIndex: updateIncreasingly -1 -> 0
2022-10-08 01:40:55,259 [Listener at 127.0.0.1/34011] INFO  server.RaftServer$Division (ServerState.java:close(429)) - 003a9f69-5a4b-437f-80c3-29db2a6995f2@group-9A4DFA992521: closes. applyIndex: 0
2022-10-08 01:40:55,259 [003a9f69-5a4b-437f-80c3-29db2a6995f2@group-9A4DFA992521-SegmentedRaftLogWorker] INFO  segmented.SegmentedRaftLogWorker (SegmentedRaftLogWorker.java:run(336)) - 003a9f69-5a4b-437f-80c3-29db2a6995f2@group-9A4DFA992521-SegmentedRaftLogWorker was interrupted, exiting. There are 0 tasks remaining in the queue.
2022-10-08 01:40:55,259 [Listener at 127.0.0.1/34011] INFO  segmented.SegmentedRaftLogWorker (SegmentedRaftLogWorker.java:close(246)) - 003a9f69-5a4b-437f-80c3-29db2a6995f2@group-9A4DFA992521-SegmentedRaftLogWorker close()
2022-10-08 01:40:55,316 [ForkJoinPool.commonPool-worker-1] INFO  server.GrpcService (GrpcService.java:closeImpl(269)) - 53122d56-b231-44b5-a0d2-96edf7742e5e: shutdown server with port 35669 now
2022-10-08 01:40:55,316 [Listener at 127.0.0.1/34011] INFO  server.GrpcService (GrpcService.java:closeImpl(269)) - 003a9f69-5a4b-437f-80c3-29db2a6995f2: shutdown server with port 46873 now
2022-10-08 01:40:55,316 [ForkJoinPool.commonPool-worker-1] INFO  server.GrpcService (GrpcService.java:closeImpl(278)) - 53122d56-b231-44b5-a0d2-96edf7742e5e: shutdown server with port 35669 successfully
2022-10-08 01:40:55,317 [Listener at 127.0.0.1/34011] INFO  server.GrpcService (GrpcService.java:closeImpl(278)) - 003a9f69-5a4b-437f-80c3-29db2a6995f2: shutdown server with port 46873 successfully
2022-10-08 01:40:55,318 [org.apache.ratis.util.JvmPauseMonitor$$Lambda$636/846962177@6fab5222] INFO  util.JvmPauseMonitor (JvmPauseMonitor.java:run(109)) - JvmPauseMonitor-003a9f69-5a4b-437f-80c3-29db2a6995f2: Stopped
2022-10-08 01:40:55,372 [org.apache.ratis.util.JvmPauseMonitor$$Lambda$636/846962177@164e0f08] INFO  util.JvmPauseMonitor (JvmPauseMonitor.java:run(109)) - JvmPauseMonitor-53122d56-b231-44b5-a0d2-96edf7742e5e: Stopped
2022-10-08 01:40:55,808 [ReplicationMonitor] WARN  replication.LegacyReplicationManager (LegacyReplicationManager.java:handleUnderReplicatedContainer(1224)) - Cannot replicate container #1, no healthy replica found.
2022-10-08 01:40:55,808 [ReplicationMonitor] INFO  replication.ReplicationManager (ReplicationManager.java:processAll(324)) - Replication Monitor Thread took 0 milliseconds for processing 1 containers.
2022-10-08 01:40:55,852 [EventQueue-DeadNodeForDeadNodeHandler] INFO  node.DeadNodeHandler (DeadNodeHandler.java:onMessage(81)) - A dead datanode is detected. 53122d56-b231-44b5-a0d2-96edf7742e5e{ip: 10.1.0.61, host: fv-az180-867.g3pwtgv4ffyuhaixmbmm0kyh3d.gx.internal.cloudapp.net, ports: [REPLICATION=40939, RATIS=35669, RATIS_ADMIN=35669, RATIS_SERVER=35669, STANDALONE=35807], networkLocation: /default-rack, certSerialId: null, persistedOpState: IN_SERVICE, persistedOpStateExpiryEpochSec: 0}
2022-10-08 01:40:55,852 [EventQueue-DeadNodeForDeadNodeHandler] INFO  pipeline.RatisPipelineProvider (RatisPipelineProvider.java:lambda$close$1(244)) - Send pipeline:PipelineID=1871dfbc-b2f3-4b72-9b95-a6c97e8e944b close command to datanode 53122d56-b231-44b5-a0d2-96edf7742e5e
2022-10-08 01:40:55,853 [EventQueue-DeadNodeForDeadNodeHandler] INFO  pipeline.PipelineStateManagerImpl (PipelineStateManagerImpl.java:removePipeline(245)) - Pipeline Pipeline[ Id: 1871dfbc-b2f3-4b72-9b95-a6c97e8e944b, Nodes: 53122d56-b231-44b5-a0d2-96edf7742e5e{ip: 10.1.0.61, host: fv-az180-867.g3pwtgv4ffyuhaixmbmm0kyh3d.gx.internal.cloudapp.net, ports: [REPLICATION=40939, RATIS=35669, RATIS_ADMIN=35669, RATIS_SERVER=35669, STANDALONE=35807], networkLocation: /default-rack, certSerialId: null, persistedOpState: IN_SERVICE, persistedOpStateExpiryEpochSec: 0}, ReplicationConfig: RATIS/ONE, State:CLOSED, leaderId:53122d56-b231-44b5-a0d2-96edf7742e5e, CreationTimestamp2022-10-08T01:40:07.965Z[Etc/UTC]] removed.
2022-10-08 01:40:55,853 [EventQueue-DeadNodeForDeadNodeHandler] INFO  net.NetworkTopologyImpl (NetworkTopologyImpl.java:remove(190)) - Removed a node: /default-rack/53122d56-b231-44b5-a0d2-96edf7742e5e
2022-10-08 01:40:56,060 [EventQueue-DeadNodeForDeadNodeHandler] INFO  node.DeadNodeHandler (DeadNodeHandler.java:onMessage(81)) - A dead datanode is detected. 003a9f69-5a4b-437f-80c3-29db2a6995f2{ip: 10.1.0.61, host: fv-az180-867.g3pwtgv4ffyuhaixmbmm0kyh3d.gx.internal.cloudapp.net, ports: [REPLICATION=45523, RATIS=46873, RATIS_ADMIN=46873, RATIS_SERVER=46873, STANDALONE=46875], networkLocation: /default-rack, certSerialId: null, persistedOpState: IN_SERVICE, persistedOpStateExpiryEpochSec: 0}
2022-10-08 01:40:56,060 [EventQueue-DeadNodeForDeadNodeHandler] INFO  pipeline.RatisPipelineProvider (RatisPipelineProvider.java:lambda$close$1(244)) - Send pipeline:PipelineID=7baa4ba5-cfaa-40fa-b109-9a4dfa992521 close command to datanode 003a9f69-5a4b-437f-80c3-29db2a6995f2
2022-10-08 01:40:56,060 [EventQueue-DeadNodeForDeadNodeHandler] INFO  pipeline.PipelineStateManagerImpl (PipelineStateManagerImpl.java:removePipeline(245)) - Pipeline Pipeline[ Id: 7baa4ba5-cfaa-40fa-b109-9a4dfa992521, Nodes: 003a9f69-5a4b-437f-80c3-29db2a6995f2{ip: 10.1.0.61, host: fv-az180-867.g3pwtgv4ffyuhaixmbmm0kyh3d.gx.internal.cloudapp.net, ports: [REPLICATION=45523, RATIS=46873, RATIS_ADMIN=46873, RATIS_SERVER=46873, STANDALONE=46875], networkLocation: /default-rack, certSerialId: null, persistedOpState: IN_SERVICE, persistedOpStateExpiryEpochSec: 0}, ReplicationConfig: RATIS/ONE, State:CLOSED, leaderId:003a9f69-5a4b-437f-80c3-29db2a6995f2, CreationTimestamp2022-10-08T01:40:05.619Z[Etc/UTC]] removed.
2022-10-08 01:40:56,060 [EventQueue-DeadNodeForDeadNodeHandler] INFO  net.NetworkTopologyImpl (NetworkTopologyImpl.java:remove(190)) - Removed a node: /default-rack/003a9f69-5a4b-437f-80c3-29db2a6995f2
2022-10-08 01:40:56,808 [ReplicationMonitor] WARN  replication.LegacyReplicationManager (LegacyReplicationManager.java:handleUnderReplicatedContainer(1224)) - Cannot replicate container #1, no healthy replica found.
2022-10-08 01:40:56,808 [ReplicationMonitor] INFO  replication.ReplicationManager (ReplicationManager.java:processAll(324)) - Replication Monitor Thread took 0 milliseconds for processing 1 containers.
2022-10-08 01:40:57,380 [Listener at 127.0.0.1/34011] INFO  utils.BackgroundService (BackgroundService.java:shutdown(141)) - Shutting down service BlockDeletingService
2022-10-08 01:40:57,392 [Listener at 127.0.0.1/34011] INFO  utils.BackgroundService (BackgroundService.java:shutdown(141)) - Shutting down service StaleRecoveringContainerScrubbingService
2022-10-08 01:40:57,412 [ForkJoinPool.commonPool-worker-1] INFO  utils.BackgroundService (BackgroundService.java:shutdown(141)) - Shutting down service BlockDeletingService
2022-10-08 01:40:57,412 [ForkJoinPool.commonPool-worker-1] INFO  utils.BackgroundService (BackgroundService.java:shutdown(141)) - Shutting down service StaleRecoveringContainerScrubbingService
2022-10-08 01:40:57,816 [ReplicationMonitor] WARN  replication.LegacyReplicationManager (LegacyReplicationManager.java:handleUnderReplicatedContainer(1224)) - Cannot replicate container #1, no healthy replica found.
2022-10-08 01:40:57,816 [ReplicationMonitor] INFO  replication.ReplicationManager (ReplicationManager.java:processAll(324)) - Replication Monitor Thread took 0 milliseconds for processing 1 containers.
2022-10-08 01:40:58,816 [ReplicationMonitor] WARN  replication.LegacyReplicationManager (LegacyReplicationManager.java:handleUnderReplicatedContainer(1224)) - Cannot replicate container #1, no healthy replica found.
2022-10-08 01:40:58,816 [ReplicationMonitor] INFO  replication.ReplicationManager (ReplicationManager.java:processAll(324)) - Replication Monitor Thread took 0 milliseconds for processing 1 containers.
2022-10-08 01:40:59,817 [ReplicationMonitor] WARN  replication.LegacyReplicationManager (LegacyReplicationManager.java:handleUnderReplicatedContainer(1224)) - Cannot replicate container #1, no healthy replica found.
2022-10-08 01:40:59,817 [ReplicationMonitor] INFO  replication.ReplicationManager (ReplicationManager.java:processAll(324)) - Replication Monitor Thread took 0 milliseconds for processing 1 containers.
2022-10-08 01:41:00,433 [Listener at 127.0.0.1/34011] INFO  statemachine.DatanodeStateMachine (DatanodeStateMachine.java:stopDaemon(580)) - Ozone container server stopped.
2022-10-08 01:41:00,476 [Listener at 127.0.0.1/34011] INFO  handler.ContextHandler (ContextHandler.java:doStop(1153)) - Stopped o.e.j.w.WebAppContext@501d10e0{hddsDatanode,/,null,STOPPED}{jar:file:/home/runner/.m2/repository/org/apache/ozone/hdds-container-service/1.3.0-SNAPSHOT/hdds-container-service-1.3.0-SNAPSHOT.jar!/webapps/hddsDatanode}
2022-10-08 01:41:00,476 [Listener at 127.0.0.1/34011] INFO  server.AbstractConnector (AbstractConnector.java:doStop(381)) - Stopped ServerConnector@4c1d183c{HTTP/1.1, (http/1.1)}{0.0.0.0:0}
2022-10-08 01:41:00,477 [Listener at 127.0.0.1/34011] INFO  server.session (HouseKeeper.java:stopScavenging(149)) - node0 Stopped scavenging
2022-10-08 01:41:00,477 [Listener at 127.0.0.1/34011] INFO  handler.ContextHandler (ContextHandler.java:doStop(1153)) - Stopped o.e.j.s.ServletContextHandler@7f526d65{static,/static,jar:file:/home/runner/.m2/repository/org/apache/ozone/hdds-container-service/1.3.0-SNAPSHOT/hdds-container-service-1.3.0-SNAPSHOT.jar!/webapps/static,STOPPED}
2022-10-08 01:41:00,477 [Listener at 127.0.0.1/34011] INFO  handler.ContextHandler (ContextHandler.java:doStop(1153)) - Stopped o.e.j.s.ServletContextHandler@28df7110{logs,/logs,file:///home/runner/work/ozone/ozone/hadoop-ozone/integration-test/target/log,STOPPED}
2022-10-08 01:41:00,500 [ForkJoinPool.commonPool-worker-1] INFO  statemachine.DatanodeStateMachine (DatanodeStateMachine.java:stopDaemon(580)) - Ozone container server stopped.
2022-10-08 01:41:00,632 [ForkJoinPool.commonPool-worker-1] INFO  handler.ContextHandler (ContextHandler.java:doStop(1153)) - Stopped o.e.j.w.WebAppContext@7e90f7b0{hddsDatanode,/,null,STOPPED}{jar:file:/home/runner/.m2/repository/org/apache/ozone/hdds-container-service/1.3.0-SNAPSHOT/hdds-container-service-1.3.0-SNAPSHOT.jar!/webapps/hddsDatanode}
2022-10-08 01:41:00,632 [ForkJoinPool.commonPool-worker-1] INFO  server.AbstractConnector (AbstractConnector.java:doStop(381)) - Stopped ServerConnector@5b1d8d0a{HTTP/1.1, (http/1.1)}{0.0.0.0:0}
2022-10-08 01:41:00,632 [ForkJoinPool.commonPool-worker-1] INFO  server.session (HouseKeeper.java:stopScavenging(149)) - node0 Stopped scavenging
2022-10-08 01:41:00,633 [ForkJoinPool.commonPool-worker-1] INFO  handler.ContextHandler (ContextHandler.java:doStop(1153)) - Stopped o.e.j.s.ServletContextHandler@29a70be{static,/static,jar:file:/home/runner/.m2/repository/org/apache/ozone/hdds-container-service/1.3.0-SNAPSHOT/hdds-container-service-1.3.0-SNAPSHOT.jar!/webapps/static,STOPPED}
2022-10-08 01:41:00,652 [ForkJoinPool.commonPool-worker-1] INFO  handler.ContextHandler (ContextHandler.java:doStop(1153)) - Stopped o.e.j.s.ServletContextHandler@71871c79{logs,/logs,file:///home/runner/work/ozone/ozone/hadoop-ozone/integration-test/target/log,STOPPED}
2022-10-08 01:41:00,675 [Listener at 127.0.0.1/34011] INFO  ozone.MiniOzoneClusterImpl (MiniOzoneClusterImpl.java:stopSCM(537)) - Stopping the StorageContainerManager
2022-10-08 01:41:00,676 [Listener at 127.0.0.1/34011] INFO  server.StorageContainerManager (StorageContainerManager.java:stop(1528)) - Container Balancer is not running.
2022-10-08 01:41:00,676 [Listener at 127.0.0.1/34011] INFO  server.StorageContainerManager (StorageContainerManager.java:stop(1535)) - Stopping Replication Manager Service.
2022-10-08 01:41:00,676 [Listener at 127.0.0.1/34011] INFO  replication.ReplicationManager (ReplicationManager.java:stop(257)) - Stopping Replication Monitor Thread.
2022-10-08 01:41:00,676 [Listener at 127.0.0.1/34011] INFO  server.StorageContainerManager (StorageContainerManager.java:stop(1542)) - Stopping the Datanode Admin Monitor.
2022-10-08 01:41:00,676 [ReplicationMonitor] INFO  replication.ReplicationManager (ReplicationManager.java:run(509)) - Replication Monitor Thread is stopped
2022-10-08 01:41:00,676 [Listener at 127.0.0.1/34011] INFO  server.StorageContainerManager (StorageContainerManager.java:stop(1549)) - Stopping Lease Manager of the command watchers
2022-10-08 01:41:00,676 [Listener at 127.0.0.1/34011] INFO  server.StorageContainerManager (StorageContainerManager.java:stop(1556)) - Stopping datanode service RPC server
2022-10-08 01:41:00,676 [Listener at 127.0.0.1/34011] INFO  server.SCMDatanodeProtocolServer (SCMDatanodeProtocolServer.java:stop(414)) - Stopping the RPC server for DataNodes
2022-10-08 01:41:00,676 [Listener at 127.0.0.1/34011] INFO  ipc.Server (Server.java:stop(3414)) - Stopping server on 40221
2022-10-08 01:41:00,676 [Under Replicated Processor] WARN  replication.UnderReplicatedProcessor (UnderReplicatedProcessor.java:run(148)) - Under Replicated Processor interrupted. Exiting...
2022-10-08 01:41:00,676 [Over Replicated Processor] WARN  replication.OverReplicatedProcessor (OverReplicatedProcessor.java:run(137)) - Over Replicated Processor interrupted. Exiting...
2022-10-08 01:41:00,723 [IPC Server listener on 0] INFO  ipc.Server (Server.java:run(1376)) - Stopping IPC Server listener on 0
2022-10-08 01:41:00,723 [IPC Server Responder] INFO  ipc.Server (Server.java:run(1512)) - Stopping IPC Server Responder
2022-10-08 01:41:00,828 [SCM Heartbeat Processing Thread - 0] WARN  node.NodeStateManager (NodeStateManager.java:scheduleNextHealthCheck(870)) - Current Thread is interrupted, shutting down HB processing thread for Node Manager.
2022-10-08 01:41:00,832 [Listener at 127.0.0.1/34011] INFO  server.StorageContainerManager (StorageContainerManager.java:stop(1564)) - Stopping block service RPC server
2022-10-08 01:41:00,832 [Listener at 127.0.0.1/34011] INFO  server.SCMBlockProtocolServer (SCMBlockProtocolServer.java:stop(161)) - Stopping the RPC server for Block Protocol
2022-10-08 01:41:00,832 [Listener at 127.0.0.1/34011] INFO  ipc.Server (Server.java:stop(3414)) - Stopping server on 44951
2022-10-08 01:41:00,834 [Listener at 127.0.0.1/34011] INFO  server.StorageContainerManager (StorageContainerManager.java:stop(1571)) - Stopping the StorageContainerLocationProtocol RPC server
2022-10-08 01:41:00,834 [Listener at 127.0.0.1/34011] INFO  server.SCMClientProtocolServer (SCMClientProtocolServer.java:stop(179)) - Stopping the RPC server for Client Protocol
2022-10-08 01:41:00,834 [Listener at 127.0.0.1/34011] INFO  ipc.Server (Server.java:stop(3414)) - Stopping server on 38065
2022-10-08 01:41:00,834 [IPC Server listener on 0] INFO  ipc.Server (Server.java:run(1376)) - Stopping IPC Server listener on 0
2022-10-08 01:41:00,834 [IPC Server Responder] INFO  ipc.Server (Server.java:run(1512)) - Stopping IPC Server Responder
2022-10-08 01:41:00,881 [Listener at 127.0.0.1/34011] INFO  server.StorageContainerManager (StorageContainerManager.java:stop(1578)) - Stopping Storage Container Manager HTTP server.
2022-10-08 01:41:00,882 [Listener at 127.0.0.1/34011] INFO  handler.ContextHandler (ContextHandler.java:doStop(1153)) - Stopped o.e.j.w.WebAppContext@6349b4c{scm,/,null,STOPPED}{file:/home/runner/work/ozone/ozone/hadoop-ozone/integration-test/target/test-classes/webapps/scm}
2022-10-08 01:41:00,882 [IPC Server listener on 0] INFO  ipc.Server (Server.java:run(1376)) - Stopping IPC Server listener on 0
2022-10-08 01:41:00,882 [IPC Server Responder] INFO  ipc.Server (Server.java:run(1512)) - Stopping IPC Server Responder
2022-10-08 01:41:00,882 [Listener at 127.0.0.1/34011] INFO  server.AbstractConnector (AbstractConnector.java:doStop(381)) - Stopped ServerConnector@716254b2{HTTP/1.1, (http/1.1)}{0.0.0.0:0}
2022-10-08 01:41:00,882 [Listener at 127.0.0.1/34011] INFO  server.session (HouseKeeper.java:stopScavenging(149)) - node0 Stopped scavenging
2022-10-08 01:41:00,883 [Listener at 127.0.0.1/34011] INFO  handler.ContextHandler (ContextHandler.java:doStop(1153)) - Stopped o.e.j.s.ServletContextHandler@5a9964da{static,/static,file:///home/runner/work/ozone/ozone/hadoop-ozone/integration-test/target/test-classes/webapps/static,STOPPED}
2022-10-08 01:41:00,883 [Listener at 127.0.0.1/34011] INFO  handler.ContextHandler (ContextHandler.java:doStop(1153)) - Stopped o.e.j.s.ServletContextHandler@28dcd72e{logs,/logs,file:///home/runner/work/ozone/ozone/hadoop-ozone/integration-test/target/log,STOPPED}
2022-10-08 01:41:00,904 [Listener at 127.0.0.1/34011] INFO  server.StorageContainerManager (StorageContainerManager.java:stop(1584)) - Stopping SCM LayoutVersionManager Service.
2022-10-08 01:41:00,904 [Listener at 127.0.0.1/34011] INFO  server.StorageContainerManager (StorageContainerManager.java:stop(1592)) - Stopping Block Manager Service.
2022-10-08 01:41:00,904 [Listener at 127.0.0.1/34011] INFO  utils.BackgroundService (BackgroundService.java:shutdown(141)) - Shutting down service SCMBlockDeletingService
2022-10-08 01:41:00,904 [Listener at 127.0.0.1/34011] INFO  utils.BackgroundService (BackgroundService.java:shutdown(141)) - Shutting down service SCMBlockDeletingService
2022-10-08 01:41:00,904 [Listener at 127.0.0.1/34011] INFO  server.StorageContainerManager (StorageContainerManager.java:stop(1619)) - Stopping SCM Event Queue.
2022-10-08 01:41:00,956 [Listener at 127.0.0.1/34011] INFO  server.StorageContainerManager (StorageContainerManager.java:stop(1630)) - Stopping SCM HA services.
2022-10-08 01:41:00,956 [Listener at 127.0.0.1/34011] INFO  pipeline.BackgroundPipelineCreator (BackgroundPipelineCreator.java:stop(149)) - Stopping RatisPipelineUtilsThread.
2022-10-08 01:41:00,956 [RatisPipelineUtilsThread - 0] WARN  pipeline.BackgroundPipelineCreator (BackgroundPipelineCreator.java:run(180)) - RatisPipelineUtilsThread is interrupted.
2022-10-08 01:41:00,956 [Listener at 127.0.0.1/34011] INFO  BackgroundPipelineScrubber (BackgroundSCMService.java:stop(131)) - Stopping BackgroundPipelineScrubber Service.
2022-10-08 01:41:00,956 [Listener at 127.0.0.1/34011] INFO  server.StorageContainerManager (StorageContainerManager.java:stop(1640)) - Stopping SCM MetadataStore.
2022-10-08 01:41:00,958 [Listener at 127.0.0.1/34011] INFO  impl.MetricsSystemImpl (MetricsSystemImpl.java:stop(210)) - Stopping HddsDatanode metrics system...
2022-10-08 01:41:00,959 [prometheus] INFO  impl.MetricsSinkAdapter (MetricsSinkAdapter.java:publishMetricsFromQueue(141)) - prometheus thread interrupted.
2022-10-08 01:41:00,959 [Listener at 127.0.0.1/34011] INFO  impl.MetricsSystemImpl (MetricsSystemImpl.java:stop(216)) - HddsDatanode metrics system stopped.
2022-10-08 01:41:00,959 [BackgroundPipelineScrubberThread] WARN  BackgroundPipelineScrubber (BackgroundSCMService.java:run(115)) - BackgroundPipelineScrubber is interrupted, exit
]]></system-out>
  </testcase>
  <testcase name="readAfterReplication" classname="TestKeyInputStream" time="53.926">
    <system-out><![CDATA[2022-10-08 01:33:47,036 [Time-limited test] WARN  server.ServerUtils (ServerUtils.java:getScmDbDir(148)) - ozone.scm.db.dirs is not configured. We recommend adding this setting. Falling back to ozone.metadata.dirs instead.
2022-10-08 01:33:47,059 [Time-limited test] WARN  server.ServerUtils (ServerUtils.java:getScmDbDir(148)) - ozone.scm.db.dirs is not configured. We recommend adding this setting. Falling back to ozone.metadata.dirs instead.
2022-10-08 01:33:47,060 [Time-limited test] INFO  ha.SCMHANodeDetails (SCMHANodeDetails.java:loadSCMHAConfig(209)) - ServiceID for StorageContainerManager is null
2022-10-08 01:33:47,060 [Time-limited test] INFO  ha.SCMHANodeDetails (SCMHANodeDetails.java:loadSCMHAConfig(214)) - ozone.scm.default.service.id is not defined, falling back to ozone.scm.service.ids to find serviceID for StorageContainerManager if it is HA enabled cluster
2022-10-08 01:33:47,060 [Time-limited test] WARN  utils.HAUtils (HAUtils.java:getMetaDir(342)) - ozone.scm.db.dirs is not configured. We recommend adding this setting. Falling back to ozone.metadata.dirs instead.
2022-10-08 01:33:47,060 [Time-limited test] WARN  db.DBStoreBuilder (DBStoreBuilder.java:applyDBDefinition(144)) - ozone.scm.db.dirs is not configured. We recommend adding this setting. Falling back to ozone.metadata.dirs instead.
2022-10-08 01:33:47,596 [Time-limited test] INFO  net.NodeSchemaLoader (NodeSchemaLoader.java:loadSchemaFromFile(129)) - Loading schema from [jar:file:/home/runner/.m2/repository/org/apache/ozone/hdds-common/1.3.0-SNAPSHOT/hdds-common-1.3.0-SNAPSHOT.jar!/network-topology-default.xml]
2022-10-08 01:33:47,596 [Time-limited test] INFO  net.NodeSchemaLoader (NodeSchemaLoader.java:loadSchema(176)) - Loading network topology layer schema file
2022-10-08 01:33:47,614 [Time-limited test] WARN  impl.MetricRegistriesImpl (MetricRegistriesImpl.java:addReporterRegistration(111)) - New reporters are added after registries were created. Some metrics will be missing from the reporter. Please add reporter before adding any new registry.
2022-10-08 01:33:47,614 [Time-limited test] WARN  impl.MetricRegistriesImpl (MetricRegistriesImpl.java:addReporterRegistration(111)) - New reporters are added after registries were created. Some metrics will be missing from the reporter. Please add reporter before adding any new registry.
2022-10-08 01:33:47,614 [Time-limited test] INFO  upgrade.AbstractLayoutVersionManager (AbstractLayoutVersionManager.java:init(83)) - Initializing Layout version manager with metadata layout = DATANODE_SCHEMA_V3 (version = 4), software layout = DATANODE_SCHEMA_V3 (version = 4)
2022-10-08 01:33:47,884 [Time-limited test] INFO  reflections.Reflections (Reflections.java:scan(232)) - Reflections took 269 ms to scan 7 urls, producing 135 keys and 327 values 
2022-10-08 01:33:47,886 [Time-limited test] INFO  ha.SequenceIdGenerator (SequenceIdGenerator.java:upgradeToSequenceId(349)) - upgrade localId to 109611004723200000
2022-10-08 01:33:47,886 [Time-limited test] INFO  ha.SequenceIdGenerator (SequenceIdGenerator.java:upgradeToSequenceId(359)) - upgrade delTxnId to 0
2022-10-08 01:33:47,886 [Time-limited test] INFO  ha.SequenceIdGenerator (SequenceIdGenerator.java:upgradeToSequenceId(376)) - upgrade containerId to 0
2022-10-08 01:33:47,886 [Time-limited test] INFO  ha.SequenceIdGenerator (SequenceIdGenerator.java:<init>(220)) - Init the HA SequenceIdGenerator.
2022-10-08 01:33:47,939 [Time-limited test] INFO  node.SCMNodeManager (SCMNodeManager.java:<init>(149)) - Entering startup safe mode.
2022-10-08 01:33:47,939 [Time-limited test] INFO  algorithms.ContainerPlacementPolicyFactory (ContainerPlacementPolicyFactory.java:getPolicyInternal(86)) - Create container placement policy of type org.apache.hadoop.hdds.scm.container.placement.algorithms.SCMContainerPlacementRandom
2022-10-08 01:33:47,939 [Time-limited test] INFO  algorithms.ContainerPlacementPolicyFactory (ContainerPlacementPolicyFactory.java:getPolicyInternal(86)) - Create container placement policy of type org.apache.hadoop.hdds.scm.container.placement.algorithms.SCMContainerPlacementRackScatter
2022-10-08 01:33:47,939 [Time-limited test] INFO  pipeline.PipelineStateManagerImpl (PipelineStateManagerImpl.java:initialize(78)) - No pipeline exists in current db
2022-10-08 01:33:47,939 [Time-limited test] INFO  algorithms.LeaderChoosePolicyFactory (LeaderChoosePolicyFactory.java:getPolicy(57)) - Create leader choose policy of type org.apache.hadoop.hdds.scm.pipeline.leader.choose.algorithms.MinLeaderCountChoosePolicy
2022-10-08 01:33:47,939 [Time-limited test] INFO  algorithms.ContainerPlacementPolicyFactory (ContainerPlacementPolicyFactory.java:getPolicyInternal(86)) - Create container placement policy of type org.apache.hadoop.hdds.scm.container.placement.algorithms.SCMContainerPlacementRackScatter
2022-10-08 01:33:47,940 [Time-limited test] INFO  ha.SCMServiceManager (SCMServiceManager.java:register(42)) - Registering service BackgroundPipelineCreator.
2022-10-08 01:33:47,940 [Time-limited test] INFO  pipeline.BackgroundPipelineCreator (BackgroundPipelineCreator.java:start(124)) - Starting RatisPipelineUtilsThread.
2022-10-08 01:33:47,945 [Time-limited test] INFO  BackgroundPipelineScrubber (BackgroundSCMService.java:start(68)) - Starting BackgroundPipelineScrubber Service.
2022-10-08 01:33:47,947 [Time-limited test] INFO  ha.SCMServiceManager (SCMServiceManager.java:register(42)) - Registering service BackgroundPipelineScrubber.
2022-10-08 01:33:47,948 [Time-limited test] INFO  ExpiredContainerReplicaOpScrubber (BackgroundSCMService.java:start(68)) - Starting ExpiredContainerReplicaOpScrubber Service.
2022-10-08 01:33:47,953 [Time-limited test] INFO  ha.SCMServiceManager (SCMServiceManager.java:register(42)) - Registering service ExpiredContainerReplicaOpScrubber.
2022-10-08 01:33:47,954 [Time-limited test] INFO  algorithms.PipelineChoosePolicyFactory (PipelineChoosePolicyFactory.java:createPipelineChoosePolicyFromClass(73)) - Create pipeline choose policy of type org.apache.hadoop.hdds.scm.pipeline.choose.algorithms.RandomPipelineChoosePolicy
2022-10-08 01:33:47,955 [Time-limited test] INFO  ha.SCMServiceManager (SCMServiceManager.java:register(42)) - Registering service SCMBlockDeletingService.
2022-10-08 01:33:47,955 [Time-limited test] INFO  replication.ReplicationManager (ReplicationManager.java:start(223)) - Starting Replication Monitor Thread.
2022-10-08 01:33:47,962 [Time-limited test] INFO  ha.SCMServiceManager (SCMServiceManager.java:register(42)) - Registering service ReplicationManager.
2022-10-08 01:33:47,962 [Time-limited test] INFO  safemode.ContainerSafeModeRule (ContainerSafeModeRule.java:<init>(89)) - containers with one replica threshold count 0
2022-10-08 01:33:47,962 [Time-limited test] INFO  safemode.HealthyPipelineSafeModeRule (HealthyPipelineSafeModeRule.java:initializeRule(169)) - Total pipeline count is 0, healthy pipeline threshold count is 1
2022-10-08 01:33:47,963 [Time-limited test] INFO  safemode.OneReplicaPipelineSafeModeRule (OneReplicaPipelineSafeModeRule.java:initializeRule(180)) - Total pipeline count is 0, pipeline's with at least one datanode reported threshold count is 0
2022-10-08 01:33:47,967 [Time-limited test] INFO  ipc.CallQueueManager (CallQueueManager.java:<init>(90)) - Using callQueue: class java.util.concurrent.LinkedBlockingQueue, queueCapacity: 2000, scheduler: class org.apache.hadoop.ipc.DefaultRpcScheduler, ipcBackoff: false.
2022-10-08 01:33:47,969 [Socket Reader #1 for port 0] INFO  ipc.Server (Server.java:run(1265)) - Starting Socket Reader #1 for port 0
2022-10-08 01:33:47,972 [Listener at 0.0.0.0/40879] INFO  ipc.CallQueueManager (CallQueueManager.java:<init>(90)) - Using callQueue: class java.util.concurrent.LinkedBlockingQueue, queueCapacity: 2000, scheduler: class org.apache.hadoop.ipc.DefaultRpcScheduler, ipcBackoff: false.
2022-10-08 01:33:47,976 [Socket Reader #1 for port 0] INFO  ipc.Server (Server.java:run(1265)) - Starting Socket Reader #1 for port 0
2022-10-08 01:33:47,991 [Listener at 0.0.0.0/34211] INFO  ipc.CallQueueManager (CallQueueManager.java:<init>(90)) - Using callQueue: class java.util.concurrent.LinkedBlockingQueue, queueCapacity: 2000, scheduler: class org.apache.hadoop.ipc.DefaultRpcScheduler, ipcBackoff: false.
2022-10-08 01:33:47,991 [Socket Reader #1 for port 0] INFO  ipc.Server (Server.java:run(1265)) - Starting Socket Reader #1 for port 0
2022-10-08 01:33:47,994 [ReplicationMonitor] INFO  replication.ReplicationManager (ReplicationManager.java:processAll(291)) - Replication Manager is not ready to run until 3000ms after safemode exit
2022-10-08 01:33:48,030 [Listener at 0.0.0.0/45543] INFO  ha.SCMServiceManager (SCMServiceManager.java:register(42)) - Registering service ContainerBalancer.
2022-10-08 01:33:48,030 [Listener at 0.0.0.0/45543] INFO  server.StorageContainerManager (StorageContainerManager.java:<init>(410)) - 
Container Balancer status:
Key                            Value
Running                        false
Container Balancer Configuration values:
Key                                                Value
Threshold                                          10
Max Datanodes to Involve per Iteration(percent)    20
Max Size to Move per Iteration                     500GB
Max Size Entering Target per Iteration             26GB
Max Size Leaving Source per Iteration              26GB

2022-10-08 01:33:48,030 [Listener at 0.0.0.0/45543] WARN  events.EventQueue (EventQueue.java:fireEvent(216)) - No event handler registered for event TypedEvent{payloadType=SafeModeStatus, name='Safe mode status'}
2022-10-08 01:33:48,030 [Listener at 0.0.0.0/45543] INFO  ha.SCMContext (SCMContext.java:updateSafeModeStatus(228)) - Update SafeModeStatus from SafeModeStatus{safeModeStatus=true, preCheckPassed=false} to SafeModeStatus{safeModeStatus=true, preCheckPassed=false}.
2022-10-08 01:33:48,031 [Listener at 0.0.0.0/45543] INFO  server.StorageContainerManager (StorageContainerManager.java:start(1436)) - StorageContainerLocationProtocol RPC server is listening at /0.0.0.0:45543
2022-10-08 01:33:48,032 [Listener at 0.0.0.0/45543] WARN  impl.MetricsConfig (MetricsConfig.java:loadFirst(136)) - Cannot locate configuration: tried hadoop-metrics2-storagecontainermanager.properties,hadoop-metrics2.properties
2022-10-08 01:33:48,059 [Listener at 0.0.0.0/45543] INFO  impl.MetricsSystemImpl (MetricsSystemImpl.java:startTimer(378)) - Scheduled Metric snapshot period at 10 second(s).
2022-10-08 01:33:48,059 [Listener at 0.0.0.0/45543] INFO  impl.MetricsSystemImpl (MetricsSystemImpl.java:start(191)) - StorageContainerManager metrics system started
2022-10-08 01:33:48,138 [Listener at 0.0.0.0/45543] INFO  impl.MetricsSinkAdapter (MetricsSinkAdapter.java:start(204)) - Sink prometheus started
2022-10-08 01:33:48,138 [Listener at 0.0.0.0/45543] INFO  impl.MetricsSystemImpl (MetricsSystemImpl.java:registerSink(305)) - Registered sink prometheus
2022-10-08 01:33:48,236 [Listener at 0.0.0.0/45543] INFO  server.SCMClientProtocolServer (SCMClientProtocolServer.java:start(170)) - RPC server for Client  is listening at /0.0.0.0:45543
2022-10-08 01:33:48,238 [IPC Server Responder] INFO  ipc.Server (Server.java:run(1507)) - IPC Server Responder: starting
2022-10-08 01:33:48,260 [IPC Server listener on 0] INFO  ipc.Server (Server.java:run(1344)) - IPC Server listener on 0: starting
2022-10-08 01:33:48,390 [Listener at 0.0.0.0/45543] INFO  server.StorageContainerManager (StorageContainerManager.java:start(1451)) - ScmBlockLocationProtocol RPC server is listening at /0.0.0.0:34211
2022-10-08 01:33:48,391 [Listener at 0.0.0.0/45543] INFO  server.SCMBlockProtocolServer (SCMBlockProtocolServer.java:start(152)) - RPC server for Block Protocol is listening at /0.0.0.0:34211
2022-10-08 01:33:48,412 [IPC Server listener on 0] INFO  ipc.Server (Server.java:run(1344)) - IPC Server listener on 0: starting
2022-10-08 01:33:48,416 [IPC Server Responder] INFO  ipc.Server (Server.java:run(1507)) - IPC Server Responder: starting
2022-10-08 01:33:48,425 [Listener at 0.0.0.0/45543] INFO  server.SCMDatanodeProtocolServer (SCMDatanodeProtocolServer.java:start(186)) - ScmDatanodeProtocol RPC server for DataNodes is listening at /0.0.0.0:40879
2022-10-08 01:33:48,426 [IPC Server Responder] INFO  ipc.Server (Server.java:run(1507)) - IPC Server Responder: starting
2022-10-08 01:33:48,426 [IPC Server listener on 0] INFO  ipc.Server (Server.java:run(1344)) - IPC Server listener on 0: starting
2022-10-08 01:33:48,500 [Listener at 0.0.0.0/45543] INFO  http.BaseHttpServer (BaseHttpServer.java:newHttpServer2BuilderForOzone(213)) - Starting Web-server for scm at: http://0.0.0.0:0
2022-10-08 01:33:48,500 [Listener at 0.0.0.0/45543] INFO  http.BaseHttpServer (BaseHttpServer.java:<init>(108)) - Hadoop Security Enabled: false Ozone Security Enabled: false Ozone HTTP Security Enabled: false 
2022-10-08 01:33:48,501 [Listener at 0.0.0.0/45543] INFO  server.AuthenticationFilter (AuthenticationFilter.java:constructSecretProvider(240)) - Unable to initialize FileSignerSecretProvider, falling back to use random secrets.
2022-10-08 01:33:48,512 [org.apache.hadoop.util.JvmPauseMonitor$Monitor@5d16b5a2] INFO  util.JvmPauseMonitor (JvmPauseMonitor.java:run(188)) - Starting JVM pause monitor
2022-10-08 01:33:48,548 [Listener at 0.0.0.0/45543] WARN  http.HttpRequestLog (HttpRequestLog.java:getRequestLog(103)) - Jetty request log can only be enabled using Log4j
2022-10-08 01:33:48,552 [Listener at 0.0.0.0/45543] INFO  http.HttpServer2 (HttpServer2.java:addGlobalFilter(1031)) - Added global filter 'safety' (class=org.apache.hadoop.hdds.server.http.HttpServer2$QuotingInputFilter)
2022-10-08 01:33:48,553 [Listener at 0.0.0.0/45543] INFO  http.HttpServer2 (HttpServer2.java:addFilter(1007)) - Added filter static_user_filter (class=org.apache.hadoop.http.lib.StaticUserWebFilter$StaticUserFilter) to context scm
2022-10-08 01:33:48,553 [Listener at 0.0.0.0/45543] INFO  http.HttpServer2 (HttpServer2.java:addFilter(1015)) - Added filter static_user_filter (class=org.apache.hadoop.http.lib.StaticUserWebFilter$StaticUserFilter) to context logs
2022-10-08 01:33:48,553 [Listener at 0.0.0.0/45543] INFO  http.HttpServer2 (HttpServer2.java:addFilter(1015)) - Added filter static_user_filter (class=org.apache.hadoop.http.lib.StaticUserWebFilter$StaticUserFilter) to context static
2022-10-08 01:33:48,553 [Listener at 0.0.0.0/45543] INFO  http.HttpServer2 (HttpServer2.java:bindListener(1250)) - Jetty bound to port 42347
2022-10-08 01:33:48,553 [Listener at 0.0.0.0/45543] INFO  server.Server (Server.java:doStart(375)) - jetty-9.4.43.v20210629; built: 2021-06-30T11:07:22.254Z; git: 526006ecfa3af7f1a27ef3a288e2bef7ea9dd7e8; jvm 1.8.0_345-b01
2022-10-08 01:33:48,612 [Listener at 0.0.0.0/45543] INFO  server.session (DefaultSessionIdManager.java:doStart(334)) - DefaultSessionIdManager workerName=node0
2022-10-08 01:33:48,612 [Listener at 0.0.0.0/45543] INFO  server.session (DefaultSessionIdManager.java:doStart(339)) - No SessionScavenger set, using defaults
2022-10-08 01:33:48,613 [Listener at 0.0.0.0/45543] INFO  server.session (HouseKeeper.java:startScavenging(132)) - node0 Scavenging every 600000ms
2022-10-08 01:33:48,613 [Listener at 0.0.0.0/45543] INFO  handler.ContextHandler (ContextHandler.java:doStart(915)) - Started o.e.j.s.ServletContextHandler@1c8ec7d9{logs,/logs,file:///home/runner/work/ozone/ozone/hadoop-ozone/integration-test/target/log,AVAILABLE}
2022-10-08 01:33:48,613 [Listener at 0.0.0.0/45543] INFO  handler.ContextHandler (ContextHandler.java:doStart(915)) - Started o.e.j.s.ServletContextHandler@7a3c7eeb{static,/static,file:///home/runner/work/ozone/ozone/hadoop-ozone/integration-test/target/test-classes/webapps/static,AVAILABLE}
2022-10-08 01:33:48,617 [Listener at 0.0.0.0/45543] INFO  handler.ContextHandler (ContextHandler.java:doStart(915)) - Started o.e.j.w.WebAppContext@4fea3d04{scm,/,file:///home/runner/work/ozone/ozone/hadoop-ozone/integration-test/target/test-classes/webapps/scm/,AVAILABLE}{file:/home/runner/work/ozone/ozone/hadoop-ozone/integration-test/target/test-classes/webapps/scm}
2022-10-08 01:33:48,695 [Listener at 0.0.0.0/45543] INFO  server.AbstractConnector (AbstractConnector.java:doStart(331)) - Started ServerConnector@5086b08{HTTP/1.1, (http/1.1)}{0.0.0.0:42347}
2022-10-08 01:33:48,696 [Listener at 0.0.0.0/45543] INFO  server.Server (Server.java:doStart(415)) - Started @154968ms
2022-10-08 01:33:48,696 [Listener at 0.0.0.0/45543] WARN  impl.MetricsSystemImpl (MetricsSystemImpl.java:register(279)) - Sink prometheus already exists!
2022-10-08 01:33:48,697 [Listener at 0.0.0.0/45543] INFO  http.BaseHttpServer (BaseHttpServer.java:updateConnectorAddress(333)) - HTTP server of scm listening at http://0.0.0.0:42347
2022-10-08 01:33:48,697 [Listener at 0.0.0.0/45543] WARN  server.ServerUtils (ServerUtils.java:getDBPath(225)) - ozone.om.db.dirs is not configured. We recommend adding this setting. Falling back to ozone.metadata.dirs instead.
2022-10-08 01:33:48,704 [Listener at 0.0.0.0/45543] INFO  ha.OMHANodeDetails (OMHANodeDetails.java:loadOMHAConfig(115)) - ozone.om.internal.service.id is not defined, falling back to ozone.om.service.ids to find serviceID for OzoneManager if it is HA enabled cluster
2022-10-08 01:33:48,704 [Listener at 0.0.0.0/45543] INFO  ha.OMHANodeDetails (OMHANodeDetails.java:loadOMHAConfig(226)) - Configuration does not have ozone.om.address set. Falling back to the default OM address /127.0.0.1:0
2022-10-08 01:33:48,705 [Listener at 0.0.0.0/45543] INFO  ha.OMHANodeDetails (OMHANodeDetails.java:getOMNodeDetailsForNonHA(254)) - OM Service ID is not set. Setting it to the default ID: omServiceIdDefault
2022-10-08 01:33:48,705 [Listener at 0.0.0.0/45543] INFO  ha.OMHANodeDetails (OMHANodeDetails.java:getOMNodeDetailsForNonHA(261)) - OM Node ID is not set. Setting it to the default ID: om1
2022-10-08 01:33:48,705 [Listener at 0.0.0.0/45543] WARN  server.ServerUtils (ServerUtils.java:getDBPath(225)) - ozone.om.db.dirs is not configured. We recommend adding this setting. Falling back to ozone.metadata.dirs instead.
2022-10-08 01:33:48,705 [Listener at 0.0.0.0/45543] INFO  upgrade.AbstractLayoutVersionManager (AbstractLayoutVersionManager.java:init(83)) - Initializing Layout version manager with metadata layout = MULTITENANCY_SCHEMA (version = 3), software layout = MULTITENANCY_SCHEMA (version = 3)
2022-10-08 01:33:48,916 [Listener at 0.0.0.0/45543] INFO  reflections.Reflections (Reflections.java:scan(232)) - Reflections took 210 ms to scan 2 urls, producing 154 keys and 428 values [using 2 cores]
2022-10-08 01:33:48,916 [Listener at 0.0.0.0/45543] INFO  upgrade.OMLayoutVersionManager (OMLayoutVersionManager.java:lambda$0(115)) - Skipping Upgrade Action MockOmUpgradeAction since it has been finalized.
2022-10-08 01:33:48,916 [Listener at 0.0.0.0/45543] WARN  server.ServerUtils (ServerUtils.java:getDBPath(225)) - ozone.om.db.dirs is not configured. We recommend adding this setting. Falling back to ozone.metadata.dirs instead.
2022-10-08 01:33:48,917 [Listener at 0.0.0.0/45543] INFO  proxy.SCMBlockLocationFailoverProxyProvider (SCMBlockLocationFailoverProxyProvider.java:<init>(114)) - Created block location fail-over proxy with 1 nodes: [nodeId=scmNodeId,nodeAddress=/0.0.0.0:34211]
2022-10-08 01:33:48,918 [Listener at 0.0.0.0/45543] INFO  proxy.SCMBlockLocationFailoverProxyProvider (SCMBlockLocationFailoverProxyProvider.java:<init>(114)) - Created block location fail-over proxy with 1 nodes: [nodeId=scmNodeId,nodeAddress=/0.0.0.0:34211]
2022-10-08 01:33:48,993 [Listener at 0.0.0.0/45543] WARN  server.ServerUtils (ServerUtils.java:getDBPath(225)) - ozone.om.db.dirs is not configured. We recommend adding this setting. Falling back to ozone.metadata.dirs instead.
2022-10-08 01:33:48,993 [Listener at 0.0.0.0/45543] INFO  codec.OmKeyInfoCodec (OmKeyInfoCodec.java:<init>(49)) - OmKeyInfoCodec ignorePipeline = true
2022-10-08 01:33:48,993 [Listener at 0.0.0.0/45543] INFO  codec.RepeatedOmKeyInfoCodec (RepeatedOmKeyInfoCodec.java:<init>(41)) - RepeatedOmKeyInfoCodec ignorePipeline = true
2022-10-08 01:33:48,994 [ReplicationMonitor] INFO  replication.ReplicationManager (ReplicationManager.java:processAll(291)) - Replication Manager is not ready to run until 3000ms after safemode exit
2022-10-08 01:33:49,880 [Listener at 0.0.0.0/45543] INFO  om.OzoneManager (OzoneManager.java:instantiateServices(710)) - S3 Multi-Tenancy is disabled
2022-10-08 01:33:49,882 [Listener at 0.0.0.0/45543] INFO  om.OzoneManager (OzoneManager.java:addS3GVolumeToDB(4325)) - Created Volume s3v With Owner runner required for S3Gateway operations.
2022-10-08 01:33:49,882 [Listener at 0.0.0.0/45543] WARN  server.ServerUtils (ServerUtils.java:getDefaultRatisDirectory(237)) - Storage directory for Ratis is not configured. It is a good idea to map this to an SSD disk. Falling back to ozone.metadata.dirs
2022-10-08 01:33:49,882 [Listener at 0.0.0.0/45543] WARN  utils.OzoneManagerRatisUtils (OzoneManagerRatisUtils.java:getOMRatisSnapshotDirectory(434)) - ozone.om.ratis.snapshot.dir is not configured. Falling back to ozone.metadata.dirs config
2022-10-08 01:33:49,882 [Listener at 0.0.0.0/45543] WARN  impl.MetricRegistriesImpl (MetricRegistriesImpl.java:addReporterRegistration(111)) - New reporters are added after registries were created. Some metrics will be missing from the reporter. Please add reporter before adding any new registry.
2022-10-08 01:33:49,882 [Listener at 0.0.0.0/45543] WARN  impl.MetricRegistriesImpl (MetricRegistriesImpl.java:addReporterRegistration(111)) - New reporters are added after registries were created. Some metrics will be missing from the reporter. Please add reporter before adding any new registry.
2022-10-08 01:33:49,883 [Listener at 0.0.0.0/45543] WARN  server.ServerUtils (ServerUtils.java:getDefaultRatisDirectory(237)) - Storage directory for Ratis is not configured. It is a good idea to map this to an SSD disk. Falling back to ozone.metadata.dirs
2022-10-08 01:33:49,883 [Listener at 0.0.0.0/45543] INFO  ratis.OzoneManagerRatisServer (OzoneManagerRatisServer.java:<init>(160)) - Instantiating OM Ratis server with groupID: omServiceIdDefault and peers: localhost:9872
2022-10-08 01:33:49,883 [Listener at 0.0.0.0/45543] INFO  ratis.OzoneManagerStateMachine (OzoneManagerStateMachine.java:loadSnapshotInfoFromDB(632)) - LastAppliedIndex is set from TransactionInfo from OM DB as (t:0, i:~)
2022-10-08 01:33:49,888 [Listener at 0.0.0.0/45543] INFO  server.RaftServer (ConfUtils.java:logGet(46)) - raft.rpc.type = GRPC (default)
2022-10-08 01:33:49,888 [Listener at 0.0.0.0/45543] INFO  grpc.GrpcFactory (GrpcFactory.java:checkPooledByteBufAllocatorUseCacheForAllThreads(48)) - PERFORMANCE WARNING: useCacheForAllThreads is true that may cause Netty to create a lot garbage objects and, as a result, trigger GC.
	It is recommended to disable useCacheForAllThreads by setting -Dorg.apache.ratis.thirdparty.io.netty.allocator.useCacheForAllThreads=false in command line.
2022-10-08 01:33:49,888 [Listener at 0.0.0.0/45543] INFO  grpc.GrpcConfigKeys (ConfUtils.java:logGet(46)) - raft.grpc.admin.port = -1 (default)
2022-10-08 01:33:49,888 [Listener at 0.0.0.0/45543] INFO  grpc.GrpcConfigKeys (ConfUtils.java:logGet(46)) - raft.grpc.server.port = 9872 (custom)
2022-10-08 01:33:49,888 [Listener at 0.0.0.0/45543] INFO  grpc.GrpcConfigKeys (ConfUtils.java:logGet(46)) - raft.grpc.client.port = -1 (default)
2022-10-08 01:33:49,888 [Listener at 0.0.0.0/45543] INFO  grpc.GrpcConfigKeys (ConfUtils.java:logGet(46)) - raft.grpc.server.port = 9872 (custom)
2022-10-08 01:33:49,888 [Listener at 0.0.0.0/45543] INFO  grpc.GrpcConfigKeys (ConfUtils.java:logGet(46)) - raft.grpc.server.port = 9872 (custom)
2022-10-08 01:33:49,888 [Listener at 0.0.0.0/45543] INFO  server.GrpcService (ConfUtils.java:logGet(46)) - raft.grpc.message.size.max = 33554432 (custom)
2022-10-08 01:33:49,888 [Listener at 0.0.0.0/45543] INFO  server.RaftServerConfigKeys (ConfUtils.java:logGet(46)) - raft.server.log.appender.buffer.byte-limit = 33554432 (custom)
2022-10-08 01:33:49,889 [Listener at 0.0.0.0/45543] INFO  server.GrpcService (ConfUtils.java:logGet(46)) - raft.grpc.flow.control.window = 1MB (=1048576) (default)
2022-10-08 01:33:49,889 [Listener at 0.0.0.0/45543] INFO  server.RaftServerConfigKeys (ConfUtils.java:logGet(46)) - raft.server.rpc.request.timeout = 3000ms (default)
2022-10-08 01:33:49,889 [Listener at 0.0.0.0/45543] INFO  grpc.GrpcConfigKeys (ConfUtils.java:logGet(46)) - raft.grpc.server.async.request.thread.pool.cached = true (default)
2022-10-08 01:33:49,889 [Listener at 0.0.0.0/45543] INFO  grpc.GrpcConfigKeys (ConfUtils.java:logGet(46)) - raft.grpc.server.async.request.thread.pool.size = 32 (default)
2022-10-08 01:33:49,890 [Listener at 0.0.0.0/45543] INFO  impl.DataStreamServerImpl (ConfUtils.java:logGet(46)) - raft.datastream.type = DISABLED (default)
2022-10-08 01:33:49,890 [Listener at 0.0.0.0/45543] INFO  server.RaftServerConfigKeys (ConfUtils.java:logGet(46)) - raft.server.threadpool.proxy.cached = true (default)
2022-10-08 01:33:49,890 [Listener at 0.0.0.0/45543] INFO  server.RaftServerConfigKeys (ConfUtils.java:logGet(46)) - raft.server.threadpool.proxy.size = 0 (default)
2022-10-08 01:33:49,890 [Listener at 0.0.0.0/45543] INFO  server.RaftServerConfigKeys (ConfUtils.java:logGet(46)) - raft.server.rpc.slowness.timeout = 120s (custom)
2022-10-08 01:33:49,890 [Listener at 0.0.0.0/45543] INFO  server.RaftServerConfigKeys (ConfUtils.java:logGet(46)) - raft.server.leaderelection.leader.step-down.wait-time = 10s (default)
2022-10-08 01:33:49,890 [Listener at 0.0.0.0/45543] INFO  server.RaftServerConfigKeys (ConfUtils.java:logGet(46)) - raft.server.storage.dir = [/home/runner/work/ozone/ozone/hadoop-ozone/integration-test/target/test-dir/MiniOzoneClusterImpl-4672e814-a320-46b2-9281-7449f9d84a79/ozone-meta/ratis] (custom)
2022-10-08 01:33:49,948 [Listener at 0.0.0.0/45543] INFO  server.RaftServer (RaftServerProxy.java:addNew(96)) - om1: addNew group-C5BA1605619E:[om1|rpc:localhost:9872|priority:0] returns group-C5BA1605619E:java.util.concurrent.CompletableFuture@36e321f1[Not completed]
2022-10-08 01:33:49,948 [Listener at 0.0.0.0/45543] INFO  om.OzoneManager (OzoneManager.java:initializeRatisServer(1977)) - OzoneManager Ratis server initialized at port 9872
2022-10-08 01:33:49,960 [Listener at 0.0.0.0/45543] INFO  om.OzoneManager (OzoneManager.java:getRpcServer(1100)) - Creating RPC Server
2022-10-08 01:33:49,961 [pool-676-thread-1] INFO  server.RaftServer$Division (RaftServerImpl.java:<init>(190)) - om1: new RaftServerImpl for group-C5BA1605619E:[om1|rpc:localhost:9872|priority:0] with OzoneManagerStateMachine:uninitialized
2022-10-08 01:33:49,961 [pool-676-thread-1] INFO  server.RaftServerConfigKeys (ConfUtils.java:logGet(46)) - raft.server.rpc.timeout.min = 1s (custom)
2022-10-08 01:33:49,961 [pool-676-thread-1] INFO  server.RaftServerConfigKeys (ConfUtils.java:logGet(46)) - raft.server.rpc.timeout.max = 1200ms (custom)
2022-10-08 01:33:49,961 [pool-676-thread-1] INFO  server.RaftServerConfigKeys (ConfUtils.java:logGet(46)) - raft.server.rpc.sleep.time = 25ms (default)
2022-10-08 01:33:49,961 [pool-676-thread-1] INFO  server.RaftServerConfigKeys (ConfUtils.java:logGet(46)) - raft.server.rpc.slowness.timeout = 120s (custom)
2022-10-08 01:33:49,961 [pool-676-thread-1] INFO  server.RaftServerConfigKeys (ConfUtils.java:logGet(46)) - raft.server.leaderelection.leader.step-down.wait-time = 10s (default)
2022-10-08 01:33:49,962 [pool-676-thread-1] INFO  server.RaftServerConfigKeys (ConfUtils.java:logGet(46)) - raft.server.sleep.deviation.threshold = 300ms (default)
2022-10-08 01:33:49,962 [pool-676-thread-1] INFO  server.RaftServer$Division (ServerState.java:<init>(107)) - om1@group-C5BA1605619E: ConfigurationManager, init=-1: [om1|rpc:localhost:9872|priority:0], old=null, confs=<EMPTY_MAP>
2022-10-08 01:33:49,962 [pool-676-thread-1] INFO  server.RaftServerConfigKeys (ConfUtils.java:logGet(46)) - raft.server.storage.dir = [/home/runner/work/ozone/ozone/hadoop-ozone/integration-test/target/test-dir/MiniOzoneClusterImpl-4672e814-a320-46b2-9281-7449f9d84a79/ozone-meta/ratis] (custom)
2022-10-08 01:33:49,962 [pool-676-thread-1] INFO  server.RaftServerConfigKeys (ConfUtils.java:logGet(46)) - raft.server.log.corruption.policy = EXCEPTION (default)
2022-10-08 01:33:49,962 [pool-676-thread-1] INFO  server.RaftServerConfigKeys (ConfUtils.java:logGet(46)) - raft.server.storage.free-space.min = 0MB (=0) (default)
2022-10-08 01:33:49,962 [pool-676-thread-1] INFO  storage.RaftStorageDirectory (RaftStorageDirectoryImpl.java:analyzeStorage(135)) - The storage directory /home/runner/work/ozone/ozone/hadoop-ozone/integration-test/target/test-dir/MiniOzoneClusterImpl-4672e814-a320-46b2-9281-7449f9d84a79/ozone-meta/ratis/bf265839-605b-3f16-9796-c5ba1605619e does not exist. Creating ...
2022-10-08 01:33:49,973 [pool-676-thread-1] INFO  storage.RaftStorageDirectory (RaftStorageDirectoryImpl.java:tryLock(230)) - Lock on /home/runner/work/ozone/ozone/hadoop-ozone/integration-test/target/test-dir/MiniOzoneClusterImpl-4672e814-a320-46b2-9281-7449f9d84a79/ozone-meta/ratis/bf265839-605b-3f16-9796-c5ba1605619e/in_use.lock acquired by nodename 52807@fv-az180-867
2022-10-08 01:33:49,994 [ReplicationMonitor] INFO  replication.ReplicationManager (ReplicationManager.java:processAll(291)) - Replication Manager is not ready to run until 3000ms after safemode exit
2022-10-08 01:33:50,011 [pool-676-thread-1] INFO  storage.RaftStorage (RaftStorageImpl.java:format(89)) - Storage directory /home/runner/work/ozone/ozone/hadoop-ozone/integration-test/target/test-dir/MiniOzoneClusterImpl-4672e814-a320-46b2-9281-7449f9d84a79/ozone-meta/ratis/bf265839-605b-3f16-9796-c5ba1605619e has been successfully formatted.
2022-10-08 01:33:50,011 [pool-676-thread-1] INFO  server.RaftServerConfigKeys (ConfUtils.java:logGet(46)) - raft.server.notification.no-leader.timeout = 120s (custom)
2022-10-08 01:33:50,011 [pool-676-thread-1] INFO  server.RaftServerConfigKeys (ConfUtils.java:logGet(46)) - raft.server.log.use.memory = false (default)
2022-10-08 01:33:50,029 [pool-676-thread-1] INFO  server.RaftServerConfigKeys (ConfUtils.java:logGet(46)) - raft.server.log.purge.gap = 1000000 (custom)
2022-10-08 01:33:50,029 [pool-676-thread-1] INFO  server.RaftServerConfigKeys (ConfUtils.java:logGet(46)) - raft.server.log.appender.buffer.byte-limit = 33554432 (custom)
2022-10-08 01:33:50,029 [pool-676-thread-1] INFO  server.RaftServerConfigKeys (ConfUtils.java:logGet(46)) - raft.server.log.statemachine.data.read.timeout = 1000ms (default)
2022-10-08 01:33:50,029 [pool-676-thread-1] INFO  server.RaftServerConfigKeys (ConfUtils.java:logGet(46)) - raft.server.log.segment.size.max = 4194304 (custom)
2022-10-08 01:33:50,030 [pool-676-thread-1] INFO  server.RaftServerConfigKeys (ConfUtils.java:logGet(46)) - raft.server.log.segment.cache.num.max = 2 (custom)
2022-10-08 01:33:50,030 [pool-676-thread-1] INFO  server.RaftServerConfigKeys (ConfUtils.java:logGet(46)) - raft.server.log.segment.cache.size.max = 200MB (=209715200) (default)
2022-10-08 01:33:50,030 [pool-676-thread-1] INFO  segmented.SegmentedRaftLogWorker (SegmentedRaftLogWorker.java:<init>(187)) - new om1@group-C5BA1605619E-SegmentedRaftLogWorker for RaftStorageImpl:Storage Directory /home/runner/work/ozone/ozone/hadoop-ozone/integration-test/target/test-dir/MiniOzoneClusterImpl-4672e814-a320-46b2-9281-7449f9d84a79/ozone-meta/ratis/bf265839-605b-3f16-9796-c5ba1605619e
2022-10-08 01:33:50,030 [pool-676-thread-1] INFO  server.RaftServerConfigKeys (ConfUtils.java:logGet(46)) - raft.server.log.queue.byte-limit = 64MB (=67108864) (default)
2022-10-08 01:33:50,030 [pool-676-thread-1] INFO  server.RaftServerConfigKeys (ConfUtils.java:logGet(46)) - raft.server.log.queue.element-limit = 4096 (default)
2022-10-08 01:33:50,030 [pool-676-thread-1] INFO  server.RaftServerConfigKeys (ConfUtils.java:logGet(46)) - raft.server.log.segment.size.max = 4194304 (custom)
2022-10-08 01:33:50,030 [pool-676-thread-1] INFO  server.RaftServerConfigKeys (ConfUtils.java:logGet(46)) - raft.server.log.preallocated.size = 4194304 (custom)
2022-10-08 01:33:50,030 [pool-676-thread-1] INFO  server.RaftServerConfigKeys (ConfUtils.java:logGet(46)) - raft.server.log.force.sync.num = 128 (default)
2022-10-08 01:33:50,030 [pool-676-thread-1] INFO  server.RaftServerConfigKeys (ConfUtils.java:logGet(46)) - raft.server.log.statemachine.data.sync = true (default)
2022-10-08 01:33:50,030 [pool-676-thread-1] INFO  server.RaftServerConfigKeys (ConfUtils.java:logGet(46)) - raft.server.log.statemachine.data.sync.timeout = 10s (default)
2022-10-08 01:33:50,030 [pool-676-thread-1] INFO  server.RaftServerConfigKeys (ConfUtils.java:logGet(46)) - raft.server.log.statemachine.data.sync.timeout.retry = -1 (default)
2022-10-08 01:33:50,031 [pool-676-thread-1] INFO  server.RaftServerConfigKeys (ConfUtils.java:logGet(46)) - raft.server.log.write.buffer.size = 64KB (=65536) (default)
2022-10-08 01:33:50,031 [pool-676-thread-1] INFO  server.RaftServerConfigKeys (ConfUtils.java:logGet(46)) - raft.server.log.unsafe-flush.enabled = false (default)
2022-10-08 01:33:50,031 [pool-676-thread-1] INFO  server.RaftServerConfigKeys (ConfUtils.java:logGet(46)) - raft.server.log.statemachine.data.caching.enabled = false (default)
2022-10-08 01:33:50,031 [pool-676-thread-1] INFO  segmented.SegmentedRaftLogWorker (SegmentedRaftLogWorker.java:lambda$new$0(135)) - om1@group-C5BA1605619E-SegmentedRaftLogWorker: flushIndex: setUnconditionally 0 -> -1
2022-10-08 01:33:50,031 [pool-676-thread-1] INFO  segmented.SegmentedRaftLogWorker (SegmentedRaftLogWorker.java:lambda$new$0(135)) - om1@group-C5BA1605619E-SegmentedRaftLogWorker: safeCacheEvictIndex: setUnconditionally 0 -> -1
2022-10-08 01:33:50,060 [pool-676-thread-1] INFO  server.RaftServerConfigKeys (ConfUtils.java:logGet(46)) - raft.server.snapshot.auto.trigger.enabled = true (custom)
2022-10-08 01:33:50,060 [pool-676-thread-1] INFO  server.RaftServerConfigKeys (ConfUtils.java:logGet(46)) - raft.server.snapshot.auto.trigger.threshold = 400000 (default)
2022-10-08 01:33:50,060 [pool-676-thread-1] INFO  server.RaftServerConfigKeys (ConfUtils.java:logGet(46)) - raft.server.snapshot.retention.file.num = -1 (default)
2022-10-08 01:33:50,060 [pool-676-thread-1] INFO  server.RaftServerConfigKeys (ConfUtils.java:logGet(46)) - raft.server.log.purge.upto.snapshot.index = true (custom)
2022-10-08 01:33:50,060 [pool-676-thread-1] INFO  server.RaftServerConfigKeys (ConfUtils.java:logGet(46)) - raft.server.retrycache.expirytime = 300s (custom)
2022-10-08 01:33:50,060 [pool-676-thread-1] INFO  server.RaftServerConfigKeys (ConfUtils.java:logGet(46)) - raft.server.retrycache.statistics.expirytime = 100μs (default)
2022-10-08 01:33:50,064 [pool-676-thread-1] INFO  server.RaftServerConfigKeys (ConfUtils.java:logGet(46)) - raft.server.log.appender.install.snapshot.enabled = false (custom)
2022-10-08 01:33:50,064 [pool-676-thread-1] INFO  server.RaftServerConfigKeys (ConfUtils.java:logGet(46)) - raft.server.threadpool.server.cached = true (default)
2022-10-08 01:33:50,064 [pool-676-thread-1] INFO  server.RaftServerConfigKeys (ConfUtils.java:logGet(46)) - raft.server.threadpool.server.size = 0 (default)
2022-10-08 01:33:50,064 [pool-676-thread-1] INFO  server.RaftServerConfigKeys (ConfUtils.java:logGet(46)) - raft.server.threadpool.client.cached = true (default)
2022-10-08 01:33:50,064 [pool-676-thread-1] INFO  server.RaftServerConfigKeys (ConfUtils.java:logGet(46)) - raft.server.threadpool.client.size = 0 (default)
2022-10-08 01:33:50,994 [ReplicationMonitor] INFO  replication.ReplicationManager (ReplicationManager.java:processAll(291)) - Replication Manager is not ready to run until 3000ms after safemode exit
2022-10-08 01:33:51,641 [Listener at 0.0.0.0/45543] INFO  reflections.Reflections (Reflections.java:scan(232)) - Reflections took 1680 ms to scan 19 urls, producing 67 keys and 4225 values [using 2 cores]
2022-10-08 01:33:51,642 [Listener at 0.0.0.0/45543] INFO  ipc.CallQueueManager (CallQueueManager.java:<init>(90)) - Using callQueue: class java.util.concurrent.LinkedBlockingQueue, queueCapacity: 2000, scheduler: class org.apache.hadoop.ipc.DefaultRpcScheduler, ipcBackoff: false.
2022-10-08 01:33:51,660 [Socket Reader #1 for port 0] INFO  ipc.Server (Server.java:run(1265)) - Starting Socket Reader #1 for port 0
2022-10-08 01:33:51,765 [Listener at 127.0.0.1/38829] INFO  impl.MetricsSystemImpl (MetricsSystemImpl.java:init(158)) - OzoneManager metrics system started (again)
2022-10-08 01:33:51,853 [Listener at 127.0.0.1/38829] INFO  om.OzoneManager (OzoneManager.java:start(1484)) - OzoneManager RPC server is listening at localhost/127.0.0.1:38829
2022-10-08 01:33:51,854 [Listener at 127.0.0.1/38829] INFO  ratis.OzoneManagerRatisServer (OzoneManagerRatisServer.java:start(555)) - Starting OzoneManagerRatisServer om1 at port 9872
2022-10-08 01:33:51,854 [om1-impl-thread1] INFO  server.RaftServer$Division (RaftServerImpl.java:start(310)) - om1@group-C5BA1605619E: start as a follower, conf=-1: [om1|rpc:localhost:9872|priority:0], old=null
2022-10-08 01:33:51,855 [om1-impl-thread1] INFO  server.RaftServer$Division (RaftServerImpl.java:setRole(299)) - om1@group-C5BA1605619E: changes role from      null to FOLLOWER at term 0 for startAsFollower
2022-10-08 01:33:51,855 [om1-impl-thread1] INFO  impl.RoleInfo (RoleInfo.java:updateAndGet(139)) - om1: start om1@group-C5BA1605619E-FollowerState
2022-10-08 01:33:51,855 [om1-impl-thread1] INFO  util.JmxRegister (JmxRegister.java:tryRegister(44)) - Successfully registered JMX Bean with object name Ratis:service=RaftServer,group=group-C5BA1605619E,id=om1
2022-10-08 01:33:51,860 [Listener at 127.0.0.1/38829] INFO  server.RaftServer (RaftServerProxy.java:lambda$start$6(382)) - om1: start RPC server
2022-10-08 01:33:51,885 [Listener at 127.0.0.1/38829] INFO  server.GrpcService (GrpcService.java:startImpl(260)) - om1: GrpcService started, listening on 9872
2022-10-08 01:33:51,885 [Listener at 127.0.0.1/38829] INFO  om.OzoneManager (OzoneManager.java:start(1500)) - Version File has different layout version (3) than OM DB (null). That is expected if this OM has never been finalized to a newer layout version.
2022-10-08 01:33:51,885 [org.apache.ratis.util.JvmPauseMonitor$$Lambda$636/846962177@370adda1] INFO  util.JvmPauseMonitor (JvmPauseMonitor.java:run(103)) - JvmPauseMonitor-om1: Started
2022-10-08 01:33:51,892 [Listener at 127.0.0.1/38829] INFO  http.BaseHttpServer (BaseHttpServer.java:newHttpServer2BuilderForOzone(213)) - Starting Web-server for ozoneManager at: http://0.0.0.0:0
2022-10-08 01:33:51,892 [Listener at 127.0.0.1/38829] INFO  http.BaseHttpServer (BaseHttpServer.java:<init>(108)) - Hadoop Security Enabled: false Ozone Security Enabled: false Ozone HTTP Security Enabled: false 
2022-10-08 01:33:51,893 [Listener at 127.0.0.1/38829] INFO  server.AuthenticationFilter (AuthenticationFilter.java:constructSecretProvider(240)) - Unable to initialize FileSignerSecretProvider, falling back to use random secrets.
2022-10-08 01:33:51,900 [Listener at 127.0.0.1/38829] WARN  http.HttpRequestLog (HttpRequestLog.java:getRequestLog(103)) - Jetty request log can only be enabled using Log4j
2022-10-08 01:33:51,901 [Listener at 127.0.0.1/38829] INFO  http.HttpServer2 (HttpServer2.java:addGlobalFilter(1031)) - Added global filter 'safety' (class=org.apache.hadoop.hdds.server.http.HttpServer2$QuotingInputFilter)
2022-10-08 01:33:51,902 [Listener at 127.0.0.1/38829] INFO  http.HttpServer2 (HttpServer2.java:addFilter(1007)) - Added filter static_user_filter (class=org.apache.hadoop.http.lib.StaticUserWebFilter$StaticUserFilter) to context ozoneManager
2022-10-08 01:33:51,902 [Listener at 127.0.0.1/38829] INFO  http.HttpServer2 (HttpServer2.java:addFilter(1015)) - Added filter static_user_filter (class=org.apache.hadoop.http.lib.StaticUserWebFilter$StaticUserFilter) to context logs
2022-10-08 01:33:51,902 [Listener at 127.0.0.1/38829] INFO  http.HttpServer2 (HttpServer2.java:addFilter(1015)) - Added filter static_user_filter (class=org.apache.hadoop.http.lib.StaticUserWebFilter$StaticUserFilter) to context static
2022-10-08 01:33:51,903 [Listener at 127.0.0.1/38829] INFO  http.HttpServer2 (HttpServer2.java:bindListener(1250)) - Jetty bound to port 35499
2022-10-08 01:33:51,903 [Listener at 127.0.0.1/38829] INFO  server.Server (Server.java:doStart(375)) - jetty-9.4.43.v20210629; built: 2021-06-30T11:07:22.254Z; git: 526006ecfa3af7f1a27ef3a288e2bef7ea9dd7e8; jvm 1.8.0_345-b01
2022-10-08 01:33:51,988 [Listener at 127.0.0.1/38829] INFO  server.session (DefaultSessionIdManager.java:doStart(334)) - DefaultSessionIdManager workerName=node0
2022-10-08 01:33:51,988 [Listener at 127.0.0.1/38829] INFO  server.session (DefaultSessionIdManager.java:doStart(339)) - No SessionScavenger set, using defaults
2022-10-08 01:33:51,988 [Listener at 127.0.0.1/38829] INFO  server.session (HouseKeeper.java:startScavenging(132)) - node0 Scavenging every 660000ms
2022-10-08 01:33:51,994 [ReplicationMonitor] INFO  replication.ReplicationManager (ReplicationManager.java:processAll(291)) - Replication Manager is not ready to run until 3000ms after safemode exit
2022-10-08 01:33:51,997 [Listener at 127.0.0.1/38829] INFO  handler.ContextHandler (ContextHandler.java:doStart(915)) - Started o.e.j.s.ServletContextHandler@265e43ad{logs,/logs,file:///home/runner/work/ozone/ozone/hadoop-ozone/integration-test/target/log,AVAILABLE}
2022-10-08 01:33:51,997 [Listener at 127.0.0.1/38829] INFO  handler.ContextHandler (ContextHandler.java:doStart(915)) - Started o.e.j.s.ServletContextHandler@66013819{static,/static,file:///home/runner/work/ozone/ozone/hadoop-ozone/integration-test/target/test-classes/webapps/static,AVAILABLE}
2022-10-08 01:33:52,012 [Listener at 127.0.0.1/38829] INFO  handler.ContextHandler (ContextHandler.java:doStart(915)) - Started o.e.j.w.WebAppContext@44a6a239{ozoneManager,/,file:///home/runner/work/ozone/ozone/hadoop-ozone/integration-test/target/test-classes/webapps/ozoneManager/,AVAILABLE}{file:/home/runner/work/ozone/ozone/hadoop-ozone/integration-test/target/test-classes/webapps/ozoneManager}
2022-10-08 01:33:52,020 [Listener at 127.0.0.1/38829] INFO  server.AbstractConnector (AbstractConnector.java:doStart(331)) - Started ServerConnector@3c5a97a0{HTTP/1.1, (http/1.1)}{0.0.0.0:35499}
2022-10-08 01:33:52,020 [Listener at 127.0.0.1/38829] INFO  server.Server (Server.java:doStart(415)) - Started @158292ms
2022-10-08 01:33:52,020 [Listener at 127.0.0.1/38829] WARN  impl.MetricsSystemImpl (MetricsSystemImpl.java:register(279)) - Sink prometheus already exists!
2022-10-08 01:33:52,024 [Listener at 127.0.0.1/38829] INFO  http.BaseHttpServer (BaseHttpServer.java:updateConnectorAddress(333)) - HTTP server of ozoneManager listening at http://0.0.0.0:35499
2022-10-08 01:33:52,032 [IPC Server Responder] INFO  ipc.Server (Server.java:run(1507)) - IPC Server Responder: starting
2022-10-08 01:33:52,032 [IPC Server listener on 0] INFO  ipc.Server (Server.java:run(1344)) - IPC Server listener on 0: starting
2022-10-08 01:33:52,124 [Listener at 127.0.0.1/38829] INFO  om.OzoneManager (OzoneManager.java:startTrashEmptier(1921)) - Trash Interval set to 0. Files deleted won't move to trash
2022-10-08 01:33:52,168 [org.apache.hadoop.util.JvmPauseMonitor$Monitor@109f8108] INFO  util.JvmPauseMonitor (JvmPauseMonitor.java:run(188)) - Starting JVM pause monitor
2022-10-08 01:33:52,442 [Listener at 127.0.0.1/38829] WARN  impl.MetricRegistriesImpl (MetricRegistriesImpl.java:addReporterRegistration(111)) - New reporters are added after registries were created. Some metrics will be missing from the reporter. Please add reporter before adding any new registry.
2022-10-08 01:33:52,442 [Listener at 127.0.0.1/38829] WARN  impl.MetricRegistriesImpl (MetricRegistriesImpl.java:addReporterRegistration(111)) - New reporters are added after registries were created. Some metrics will be missing from the reporter. Please add reporter before adding any new registry.
2022-10-08 01:33:52,442 [Listener at 127.0.0.1/38829] INFO  impl.MetricsSystemImpl (MetricsSystemImpl.java:init(158)) - HddsDatanode metrics system started (again)
2022-10-08 01:33:52,516 [Listener at 127.0.0.1/38829] INFO  ozone.HddsDatanodeService (HddsDatanodeService.java:start(236)) - HddsDatanodeService host:fv-az180-867.g3pwtgv4ffyuhaixmbmm0kyh3d.gx.internal.cloudapp.net ip:10.1.0.61
2022-10-08 01:33:52,686 [Listener at 127.0.0.1/38829] INFO  upgrade.AbstractLayoutVersionManager (AbstractLayoutVersionManager.java:init(83)) - Initializing Layout version manager with metadata layout = DATANODE_SCHEMA_V3 (version = 4), software layout = DATANODE_SCHEMA_V3 (version = 4)
2022-10-08 01:33:52,881 [Listener at 127.0.0.1/38829] INFO  reflections.Reflections (Reflections.java:scan(232)) - Reflections took 194 ms to scan 7 urls, producing 135 keys and 327 values 
2022-10-08 01:33:52,882 [Listener at 127.0.0.1/38829] INFO  statemachine.DatanodeStateMachine (DatanodeStateMachine.java:getEndPointTaskThreadPoolSize(237)) - Datanode State Machine Task Thread Pool size 2
2022-10-08 01:33:52,884 [Listener at 127.0.0.1/38829] INFO  volume.HddsVolume (HddsVolume.java:<init>(117)) - Creating HddsVolume: /home/runner/work/ozone/ozone/hadoop-ozone/integration-test/target/test-dir/MiniOzoneClusterImpl-4672e814-a320-46b2-9281-7449f9d84a79/datanode-0/data-0/containers/hdds of storage type : DISK capacity : 9223372036854775807
2022-10-08 01:33:52,885 [Listener at 127.0.0.1/38829] INFO  volume.MutableVolumeSet (MutableVolumeSet.java:initializeVolumeSet(174)) - Added Volume : /home/runner/work/ozone/ozone/hadoop-ozone/integration-test/target/test-dir/MiniOzoneClusterImpl-4672e814-a320-46b2-9281-7449f9d84a79/datanode-0/data-0/containers/hdds to VolumeSet
2022-10-08 01:33:52,885 [Listener at 127.0.0.1/38829] INFO  volume.ThrottledAsyncChecker (ThrottledAsyncChecker.java:schedule(141)) - Scheduling a check for /home/runner/work/ozone/ozone/hadoop-ozone/integration-test/target/test-dir/MiniOzoneClusterImpl-4672e814-a320-46b2-9281-7449f9d84a79/datanode-0/data-0/containers/hdds
2022-10-08 01:33:52,908 [Listener at 127.0.0.1/38829] INFO  volume.StorageVolumeChecker (StorageVolumeChecker.java:checkAllVolumes(202)) - Scheduled health check for volume /home/runner/work/ozone/ozone/hadoop-ozone/integration-test/target/test-dir/MiniOzoneClusterImpl-4672e814-a320-46b2-9281-7449f9d84a79/datanode-0/data-0/containers/hdds
2022-10-08 01:33:52,920 [Listener at 127.0.0.1/38829] INFO  volume.MutableVolumeSet (MutableVolumeSet.java:initializeVolumeSet(174)) - Added Volume : /home/runner/work/ozone/ozone/hadoop-ozone/integration-test/target/test-dir/MiniOzoneClusterImpl-4672e814-a320-46b2-9281-7449f9d84a79/datanode-0/data/ratis to VolumeSet
2022-10-08 01:33:52,920 [Listener at 127.0.0.1/38829] INFO  volume.ThrottledAsyncChecker (ThrottledAsyncChecker.java:schedule(141)) - Scheduling a check for /home/runner/work/ozone/ozone/hadoop-ozone/integration-test/target/test-dir/MiniOzoneClusterImpl-4672e814-a320-46b2-9281-7449f9d84a79/datanode-0/data/ratis
2022-10-08 01:33:52,920 [Listener at 127.0.0.1/38829] INFO  volume.StorageVolumeChecker (StorageVolumeChecker.java:checkAllVolumes(202)) - Scheduled health check for volume /home/runner/work/ozone/ozone/hadoop-ozone/integration-test/target/test-dir/MiniOzoneClusterImpl-4672e814-a320-46b2-9281-7449f9d84a79/datanode-0/data/ratis
2022-10-08 01:33:52,969 [om1@group-C5BA1605619E-FollowerState] INFO  impl.FollowerState (FollowerState.java:run(143)) - om1@group-C5BA1605619E-FollowerState: change to CANDIDATE, lastRpcElapsedTime:1114298287ns, electionTimeout:1097ms
2022-10-08 01:33:52,969 [om1@group-C5BA1605619E-FollowerState] INFO  impl.RoleInfo (RoleInfo.java:shutdownFollowerState(110)) - om1: shutdown om1@group-C5BA1605619E-FollowerState
2022-10-08 01:33:52,969 [om1@group-C5BA1605619E-FollowerState] INFO  server.RaftServer$Division (RaftServerImpl.java:setRole(299)) - om1@group-C5BA1605619E: changes role from  FOLLOWER to CANDIDATE at term 0 for changeToCandidate
2022-10-08 01:33:52,976 [om1@group-C5BA1605619E-FollowerState] INFO  server.RaftServerConfigKeys (ConfUtils.java:logGet(46)) - raft.server.leaderelection.pre-vote = false (custom)
2022-10-08 01:33:52,976 [om1@group-C5BA1605619E-FollowerState] INFO  impl.RoleInfo (RoleInfo.java:updateAndGet(139)) - om1: start om1@group-C5BA1605619E-LeaderElection19
2022-10-08 01:33:52,976 [Thread-1332] INFO  ozoneimpl.ContainerReader (ContainerReader.java:readVolume(175)) - Finish verifying containers on volume /home/runner/work/ozone/ozone/hadoop-ozone/integration-test/target/test-dir/MiniOzoneClusterImpl-4672e814-a320-46b2-9281-7449f9d84a79/datanode-0/data-0/containers/hdds
2022-10-08 01:33:52,976 [Listener at 127.0.0.1/38829] INFO  ozoneimpl.OzoneContainer (OzoneContainer.java:buildContainerSet(300)) - Build ContainerSet costs 0s
2022-10-08 01:33:52,979 [Listener at 127.0.0.1/38829] INFO  server.RaftServer (ConfUtils.java:logGet(46)) - raft.rpc.type = GRPC (default)
2022-10-08 01:33:52,979 [Listener at 127.0.0.1/38829] INFO  grpc.GrpcFactory (GrpcFactory.java:checkPooledByteBufAllocatorUseCacheForAllThreads(48)) - PERFORMANCE WARNING: useCacheForAllThreads is true that may cause Netty to create a lot garbage objects and, as a result, trigger GC.
	It is recommended to disable useCacheForAllThreads by setting -Dorg.apache.ratis.thirdparty.io.netty.allocator.useCacheForAllThreads=false in command line.
2022-10-08 01:33:52,979 [Listener at 127.0.0.1/38829] INFO  grpc.GrpcConfigKeys (ConfUtils.java:logGet(46)) - raft.grpc.admin.port = 0 (custom)
2022-10-08 01:33:52,979 [Listener at 127.0.0.1/38829] INFO  grpc.GrpcConfigKeys (ConfUtils.java:logGet(46)) - raft.grpc.client.port = 0 (custom)
2022-10-08 01:33:52,979 [Listener at 127.0.0.1/38829] INFO  grpc.GrpcConfigKeys (ConfUtils.java:logGet(46)) - raft.grpc.server.port = 0 (default)
2022-10-08 01:33:52,979 [Listener at 127.0.0.1/38829] INFO  server.GrpcService (ConfUtils.java:logGet(46)) - raft.grpc.message.size.max = 32MB (=33554432) (custom)
2022-10-08 01:33:52,979 [Listener at 127.0.0.1/38829] INFO  server.RaftServerConfigKeys (ConfUtils.java:logGet(46)) - raft.server.log.appender.buffer.byte-limit = 33554432 (custom)
2022-10-08 01:33:52,979 [Listener at 127.0.0.1/38829] INFO  server.GrpcService (ConfUtils.java:logGet(46)) - raft.grpc.flow.control.window = 5MB (=5242880) (custom)
2022-10-08 01:33:52,979 [Listener at 127.0.0.1/38829] INFO  server.RaftServerConfigKeys (ConfUtils.java:logGet(46)) - raft.server.rpc.request.timeout = 60s (custom)
2022-10-08 01:33:52,979 [Listener at 127.0.0.1/38829] INFO  grpc.GrpcConfigKeys (ConfUtils.java:logGet(46)) - raft.grpc.server.async.request.thread.pool.cached = true (default)
2022-10-08 01:33:52,980 [Listener at 127.0.0.1/38829] INFO  grpc.GrpcConfigKeys (ConfUtils.java:logGet(46)) - raft.grpc.server.async.request.thread.pool.size = 32 (default)
2022-10-08 01:33:52,985 [Listener at 127.0.0.1/38829] INFO  impl.DataStreamServerImpl (ConfUtils.java:logGet(46)) - raft.datastream.type = DISABLED (default)
2022-10-08 01:33:52,985 [Listener at 127.0.0.1/38829] INFO  server.RaftServerConfigKeys (ConfUtils.java:logGet(46)) - raft.server.threadpool.proxy.cached = true (default)
2022-10-08 01:33:52,985 [Listener at 127.0.0.1/38829] INFO  server.RaftServerConfigKeys (ConfUtils.java:logGet(46)) - raft.server.threadpool.proxy.size = 0 (default)
2022-10-08 01:33:52,985 [Listener at 127.0.0.1/38829] INFO  server.RaftServerConfigKeys (ConfUtils.java:logGet(46)) - raft.server.rpc.slowness.timeout = 300s (custom)
2022-10-08 01:33:52,985 [Listener at 127.0.0.1/38829] INFO  server.RaftServerConfigKeys (ConfUtils.java:logGet(46)) - raft.server.leaderelection.leader.step-down.wait-time = 10s (default)
2022-10-08 01:33:52,985 [Listener at 127.0.0.1/38829] INFO  server.RaftServerConfigKeys (ConfUtils.java:logGet(46)) - raft.server.storage.dir = [/home/runner/work/ozone/ozone/hadoop-ozone/integration-test/target/test-dir/MiniOzoneClusterImpl-4672e814-a320-46b2-9281-7449f9d84a79/datanode-0/data/ratis] (custom)
2022-10-08 01:33:52,986 [Listener at 127.0.0.1/38829] INFO  server.XceiverServerGrpc (XceiverServerGrpc.java:<init>(132)) - GrpcServer channel type EpollServerSocketChannel
2022-10-08 01:33:52,994 [ReplicationMonitor] INFO  replication.ReplicationManager (ReplicationManager.java:processAll(291)) - Replication Manager is not ready to run until 3000ms after safemode exit
2022-10-08 01:33:53,014 [Listener at 127.0.0.1/38829] INFO  http.BaseHttpServer (BaseHttpServer.java:newHttpServer2BuilderForOzone(213)) - Starting Web-server for hddsDatanode at: http://0.0.0.0:0
2022-10-08 01:33:53,015 [Listener at 127.0.0.1/38829] INFO  http.BaseHttpServer (BaseHttpServer.java:<init>(108)) - Hadoop Security Enabled: false Ozone Security Enabled: false Ozone HTTP Security Enabled: false 
2022-10-08 01:33:53,016 [Listener at 127.0.0.1/38829] INFO  server.AuthenticationFilter (AuthenticationFilter.java:constructSecretProvider(240)) - Unable to initialize FileSignerSecretProvider, falling back to use random secrets.
2022-10-08 01:33:53,018 [om1@group-C5BA1605619E-LeaderElection19] INFO  impl.LeaderElection (LeaderElection.java:askForVotes(310)) - om1@group-C5BA1605619E-LeaderElection19 ELECTION round 0: submit vote requests at term 1 for -1: [om1|rpc:localhost:9872|priority:0], old=null
2022-10-08 01:33:53,018 [om1@group-C5BA1605619E-LeaderElection19] INFO  impl.LeaderElection (LeaderElection.java:askForVotes(312)) - om1@group-C5BA1605619E-LeaderElection19 ELECTION round 0: result PASSED (term=1)
2022-10-08 01:33:53,018 [om1@group-C5BA1605619E-LeaderElection19] INFO  impl.RoleInfo (RoleInfo.java:shutdownLeaderElection(130)) - om1: shutdown om1@group-C5BA1605619E-LeaderElection19
2022-10-08 01:33:53,018 [om1@group-C5BA1605619E-LeaderElection19] INFO  server.RaftServer$Division (RaftServerImpl.java:setRole(299)) - om1@group-C5BA1605619E: changes role from CANDIDATE to LEADER at term 1 for changeToLeader
2022-10-08 01:33:53,018 [om1@group-C5BA1605619E-LeaderElection19] INFO  server.RaftServer$Division (ServerState.java:setLeader(287)) - om1@group-C5BA1605619E: change Leader from null to om1 at term 1 for becomeLeader, leader elected after 3007ms
2022-10-08 01:33:53,018 [om1@group-C5BA1605619E-LeaderElection19] INFO  server.RaftServerConfigKeys (ConfUtils.java:logGet(46)) - raft.server.staging.catchup.gap = 1000 (default)
2022-10-08 01:33:53,036 [Listener at 127.0.0.1/38829] WARN  http.HttpRequestLog (HttpRequestLog.java:getRequestLog(103)) - Jetty request log can only be enabled using Log4j
2022-10-08 01:33:53,037 [Listener at 127.0.0.1/38829] INFO  http.HttpServer2 (HttpServer2.java:addGlobalFilter(1031)) - Added global filter 'safety' (class=org.apache.hadoop.hdds.server.http.HttpServer2$QuotingInputFilter)
2022-10-08 01:33:53,038 [Listener at 127.0.0.1/38829] INFO  http.HttpServer2 (HttpServer2.java:addFilter(1007)) - Added filter static_user_filter (class=org.apache.hadoop.http.lib.StaticUserWebFilter$StaticUserFilter) to context hddsDatanode
2022-10-08 01:33:53,038 [Listener at 127.0.0.1/38829] INFO  http.HttpServer2 (HttpServer2.java:addFilter(1015)) - Added filter static_user_filter (class=org.apache.hadoop.http.lib.StaticUserWebFilter$StaticUserFilter) to context static
2022-10-08 01:33:53,038 [Listener at 127.0.0.1/38829] INFO  http.HttpServer2 (HttpServer2.java:addFilter(1015)) - Added filter static_user_filter (class=org.apache.hadoop.http.lib.StaticUserWebFilter$StaticUserFilter) to context logs
2022-10-08 01:33:53,039 [Listener at 127.0.0.1/38829] INFO  http.HttpServer2 (HttpServer2.java:bindListener(1250)) - Jetty bound to port 38135
2022-10-08 01:33:53,039 [Listener at 127.0.0.1/38829] INFO  server.Server (Server.java:doStart(375)) - jetty-9.4.43.v20210629; built: 2021-06-30T11:07:22.254Z; git: 526006ecfa3af7f1a27ef3a288e2bef7ea9dd7e8; jvm 1.8.0_345-b01
2022-10-08 01:33:53,092 [Listener at 127.0.0.1/38829] INFO  server.session (DefaultSessionIdManager.java:doStart(334)) - DefaultSessionIdManager workerName=node0
2022-10-08 01:33:53,092 [Listener at 127.0.0.1/38829] INFO  server.session (DefaultSessionIdManager.java:doStart(339)) - No SessionScavenger set, using defaults
2022-10-08 01:33:53,092 [Listener at 127.0.0.1/38829] INFO  server.session (HouseKeeper.java:startScavenging(132)) - node0 Scavenging every 660000ms
2022-10-08 01:33:53,093 [Listener at 127.0.0.1/38829] INFO  handler.ContextHandler (ContextHandler.java:doStart(915)) - Started o.e.j.s.ServletContextHandler@7001847b{logs,/logs,file:///home/runner/work/ozone/ozone/hadoop-ozone/integration-test/target/log,AVAILABLE}
2022-10-08 01:33:53,093 [Listener at 127.0.0.1/38829] INFO  handler.ContextHandler (ContextHandler.java:doStart(915)) - Started o.e.j.s.ServletContextHandler@6185ce52{static,/static,jar:file:/home/runner/.m2/repository/org/apache/ozone/hdds-container-service/1.3.0-SNAPSHOT/hdds-container-service-1.3.0-SNAPSHOT.jar!/webapps/static,AVAILABLE}
2022-10-08 01:33:53,108 [om1@group-C5BA1605619E-LeaderElection19] INFO  server.RaftServerConfigKeys (ConfUtils.java:logGet(46)) - raft.server.write.element-limit = 4096 (default)
2022-10-08 01:33:53,108 [om1@group-C5BA1605619E-LeaderElection19] INFO  server.RaftServerConfigKeys (ConfUtils.java:logGet(46)) - raft.server.write.byte-limit = 64MB (=67108864) (default)
2022-10-08 01:33:53,108 [om1@group-C5BA1605619E-LeaderElection19] INFO  server.RaftServerConfigKeys (ConfUtils.java:logGet(46)) - raft.server.watch.timeout = 10s (default)
2022-10-08 01:33:53,108 [om1@group-C5BA1605619E-LeaderElection19] INFO  server.RaftServerConfigKeys (ConfUtils.java:logGet(46)) - raft.server.watch.timeout.denomination = 1s (default)
2022-10-08 01:33:53,108 [om1@group-C5BA1605619E-LeaderElection19] INFO  server.RaftServerConfigKeys (ConfUtils.java:logGet(46)) - raft.server.watch.element-limit = 65536 (default)
2022-10-08 01:33:53,109 [om1@group-C5BA1605619E-LeaderElection19] INFO  server.RaftServerConfigKeys (ConfUtils.java:logGet(46)) - raft.server.write.element-limit = 4096 (default)
2022-10-08 01:33:53,109 [om1@group-C5BA1605619E-LeaderElection19] INFO  server.RaftServerConfigKeys (ConfUtils.java:logGet(46)) - raft.server.write.follower.gap.ratio.max = -1.0 (default)
2022-10-08 01:33:53,109 [om1@group-C5BA1605619E-LeaderElection19] INFO  impl.RoleInfo (RoleInfo.java:updateAndGet(139)) - om1: start om1@group-C5BA1605619E-LeaderStateImpl
2022-10-08 01:33:53,109 [om1@group-C5BA1605619E-LeaderElection19] INFO  segmented.SegmentedRaftLogWorker (SegmentedRaftLogWorker.java:startLogSegment(425)) - om1@group-C5BA1605619E-SegmentedRaftLogWorker: Starting segment from index:0
2022-10-08 01:33:53,137 [om1@group-C5BA1605619E-SegmentedRaftLogWorker] INFO  segmented.SegmentedRaftLogWorker (SegmentedRaftLogWorker.java:execute(629)) - om1@group-C5BA1605619E-SegmentedRaftLogWorker: created new log segment /home/runner/work/ozone/ozone/hadoop-ozone/integration-test/target/test-dir/MiniOzoneClusterImpl-4672e814-a320-46b2-9281-7449f9d84a79/ozone-meta/ratis/bf265839-605b-3f16-9796-c5ba1605619e/current/log_inprogress_0
2022-10-08 01:33:53,165 [om1@group-C5BA1605619E-LeaderElection19] INFO  server.RaftServer$Division (ServerState.java:setRaftConf(393)) - om1@group-C5BA1605619E: set configuration 0: [om1|rpc:localhost:9872|admin:|client:|dataStream:|priority:0], old=null
2022-10-08 01:33:53,180 [om1@group-C5BA1605619E-StateMachineUpdater] INFO  ratis.OzoneManagerStateMachine (OzoneManagerStateMachine.java:notifyConfigurationChanged(192)) - Received Configuration change notification from Ratis. New Peer list:
[id: "om1"
address: "localhost:9872"
]
2022-10-08 01:33:53,667 [Listener at 127.0.0.1/38829] INFO  handler.ContextHandler (ContextHandler.java:doStart(915)) - Started o.e.j.w.WebAppContext@1391edf{hddsDatanode,/,file:///tmp/jetty-0_0_0_0-38135-hdds-container-service-1_3_0-SNAPSHOT_jar-_-any-1030472200165946065/webapp/,AVAILABLE}{jar:file:/home/runner/.m2/repository/org/apache/ozone/hdds-container-service/1.3.0-SNAPSHOT/hdds-container-service-1.3.0-SNAPSHOT.jar!/webapps/hddsDatanode}
2022-10-08 01:33:53,676 [Listener at 127.0.0.1/38829] INFO  server.AbstractConnector (AbstractConnector.java:doStart(331)) - Started ServerConnector@b4582f{HTTP/1.1, (http/1.1)}{0.0.0.0:38135}
2022-10-08 01:33:53,676 [Listener at 127.0.0.1/38829] INFO  server.Server (Server.java:doStart(415)) - Started @159948ms
2022-10-08 01:33:53,676 [Listener at 127.0.0.1/38829] WARN  impl.MetricsSystemImpl (MetricsSystemImpl.java:register(279)) - Sink prometheus already exists!
2022-10-08 01:33:53,680 [Listener at 127.0.0.1/38829] INFO  http.BaseHttpServer (BaseHttpServer.java:updateConnectorAddress(333)) - HTTP server of hddsDatanode listening at http://0.0.0.0:38135
2022-10-08 01:33:53,696 [Listener at 127.0.0.1/38829] WARN  impl.MetricRegistriesImpl (MetricRegistriesImpl.java:addReporterRegistration(111)) - New reporters are added after registries were created. Some metrics will be missing from the reporter. Please add reporter before adding any new registry.
2022-10-08 01:33:53,696 [Listener at 127.0.0.1/38829] WARN  impl.MetricRegistriesImpl (MetricRegistriesImpl.java:addReporterRegistration(111)) - New reporters are added after registries were created. Some metrics will be missing from the reporter. Please add reporter before adding any new registry.
2022-10-08 01:33:53,696 [Listener at 127.0.0.1/38829] INFO  impl.MetricsSystemImpl (MetricsSystemImpl.java:init(158)) - HddsDatanode metrics system started (again)
2022-10-08 01:33:53,717 [Datanode State Machine Daemon Thread] INFO  statemachine.DatanodeStateMachine (DatanodeStateMachine.java:lambda$startDaemon$0(492)) - Ozone container server started.
2022-10-08 01:33:53,782 [Listener at 127.0.0.1/38829] INFO  ozone.HddsDatanodeService (HddsDatanodeService.java:start(236)) - HddsDatanodeService host:fv-az180-867.g3pwtgv4ffyuhaixmbmm0kyh3d.gx.internal.cloudapp.net ip:10.1.0.61
2022-10-08 01:33:53,813 [org.apache.hadoop.util.JvmPauseMonitor$Monitor@1cb6458] INFO  util.JvmPauseMonitor (JvmPauseMonitor.java:run(188)) - Starting JVM pause monitor
2022-10-08 01:33:53,888 [Datanode State Machine Task Thread - 0] INFO  datanode.InitDatanodeState (InitDatanodeState.java:persistContainerDatanodeDetails(138)) - DatanodeDetails is persisted to /home/runner/work/ozone/ozone/hadoop-ozone/integration-test/target/test-dir/MiniOzoneClusterImpl-4672e814-a320-46b2-9281-7449f9d84a79/datanode-0/meta/datanode.id
2022-10-08 01:33:53,948 [Listener at 127.0.0.1/38829] INFO  upgrade.AbstractLayoutVersionManager (AbstractLayoutVersionManager.java:init(83)) - Initializing Layout version manager with metadata layout = DATANODE_SCHEMA_V3 (version = 4), software layout = DATANODE_SCHEMA_V3 (version = 4)
2022-10-08 01:33:53,995 [ReplicationMonitor] INFO  replication.ReplicationManager (ReplicationManager.java:processAll(291)) - Replication Manager is not ready to run until 3000ms after safemode exit
2022-10-08 01:33:54,107 [Listener at 127.0.0.1/38829] INFO  reflections.Reflections (Reflections.java:scan(232)) - Reflections took 158 ms to scan 7 urls, producing 135 keys and 327 values 
2022-10-08 01:33:54,121 [Listener at 127.0.0.1/38829] INFO  statemachine.DatanodeStateMachine (DatanodeStateMachine.java:getEndPointTaskThreadPoolSize(237)) - Datanode State Machine Task Thread Pool size 2
2022-10-08 01:33:54,145 [Listener at 127.0.0.1/38829] INFO  volume.HddsVolume (HddsVolume.java:<init>(117)) - Creating HddsVolume: /home/runner/work/ozone/ozone/hadoop-ozone/integration-test/target/test-dir/MiniOzoneClusterImpl-4672e814-a320-46b2-9281-7449f9d84a79/datanode-1/data-0/containers/hdds of storage type : DISK capacity : 9223372036854775807
2022-10-08 01:33:54,145 [Listener at 127.0.0.1/38829] INFO  volume.MutableVolumeSet (MutableVolumeSet.java:initializeVolumeSet(174)) - Added Volume : /home/runner/work/ozone/ozone/hadoop-ozone/integration-test/target/test-dir/MiniOzoneClusterImpl-4672e814-a320-46b2-9281-7449f9d84a79/datanode-1/data-0/containers/hdds to VolumeSet
2022-10-08 01:33:54,145 [Listener at 127.0.0.1/38829] INFO  volume.ThrottledAsyncChecker (ThrottledAsyncChecker.java:schedule(141)) - Scheduling a check for /home/runner/work/ozone/ozone/hadoop-ozone/integration-test/target/test-dir/MiniOzoneClusterImpl-4672e814-a320-46b2-9281-7449f9d84a79/datanode-1/data-0/containers/hdds
2022-10-08 01:33:54,201 [Listener at 127.0.0.1/38829] INFO  volume.StorageVolumeChecker (StorageVolumeChecker.java:checkAllVolumes(202)) - Scheduled health check for volume /home/runner/work/ozone/ozone/hadoop-ozone/integration-test/target/test-dir/MiniOzoneClusterImpl-4672e814-a320-46b2-9281-7449f9d84a79/datanode-1/data-0/containers/hdds
2022-10-08 01:33:54,240 [Listener at 127.0.0.1/38829] INFO  volume.MutableVolumeSet (MutableVolumeSet.java:initializeVolumeSet(174)) - Added Volume : /home/runner/work/ozone/ozone/hadoop-ozone/integration-test/target/test-dir/MiniOzoneClusterImpl-4672e814-a320-46b2-9281-7449f9d84a79/datanode-1/data/ratis to VolumeSet
2022-10-08 01:33:54,240 [Listener at 127.0.0.1/38829] INFO  volume.ThrottledAsyncChecker (ThrottledAsyncChecker.java:schedule(141)) - Scheduling a check for /home/runner/work/ozone/ozone/hadoop-ozone/integration-test/target/test-dir/MiniOzoneClusterImpl-4672e814-a320-46b2-9281-7449f9d84a79/datanode-1/data/ratis
2022-10-08 01:33:54,240 [Listener at 127.0.0.1/38829] INFO  volume.StorageVolumeChecker (StorageVolumeChecker.java:checkAllVolumes(202)) - Scheduled health check for volume /home/runner/work/ozone/ozone/hadoop-ozone/integration-test/target/test-dir/MiniOzoneClusterImpl-4672e814-a320-46b2-9281-7449f9d84a79/datanode-1/data/ratis
2022-10-08 01:33:54,280 [Thread-1347] INFO  ozoneimpl.ContainerReader (ContainerReader.java:readVolume(175)) - Finish verifying containers on volume /home/runner/work/ozone/ozone/hadoop-ozone/integration-test/target/test-dir/MiniOzoneClusterImpl-4672e814-a320-46b2-9281-7449f9d84a79/datanode-1/data-0/containers/hdds
2022-10-08 01:33:54,280 [Listener at 127.0.0.1/38829] INFO  ozoneimpl.OzoneContainer (OzoneContainer.java:buildContainerSet(300)) - Build ContainerSet costs 0s
2022-10-08 01:33:54,285 [Listener at 127.0.0.1/38829] INFO  server.RaftServer (ConfUtils.java:logGet(46)) - raft.rpc.type = GRPC (default)
2022-10-08 01:33:54,285 [Listener at 127.0.0.1/38829] INFO  grpc.GrpcFactory (GrpcFactory.java:checkPooledByteBufAllocatorUseCacheForAllThreads(48)) - PERFORMANCE WARNING: useCacheForAllThreads is true that may cause Netty to create a lot garbage objects and, as a result, trigger GC.
	It is recommended to disable useCacheForAllThreads by setting -Dorg.apache.ratis.thirdparty.io.netty.allocator.useCacheForAllThreads=false in command line.
2022-10-08 01:33:54,286 [Listener at 127.0.0.1/38829] INFO  grpc.GrpcConfigKeys (ConfUtils.java:logGet(46)) - raft.grpc.admin.port = 0 (custom)
2022-10-08 01:33:54,286 [Listener at 127.0.0.1/38829] INFO  grpc.GrpcConfigKeys (ConfUtils.java:logGet(46)) - raft.grpc.client.port = 0 (custom)
2022-10-08 01:33:54,286 [Listener at 127.0.0.1/38829] INFO  grpc.GrpcConfigKeys (ConfUtils.java:logGet(46)) - raft.grpc.server.port = 0 (default)
2022-10-08 01:33:54,286 [Listener at 127.0.0.1/38829] INFO  server.GrpcService (ConfUtils.java:logGet(46)) - raft.grpc.message.size.max = 32MB (=33554432) (custom)
2022-10-08 01:33:54,286 [Listener at 127.0.0.1/38829] INFO  server.RaftServerConfigKeys (ConfUtils.java:logGet(46)) - raft.server.log.appender.buffer.byte-limit = 33554432 (custom)
2022-10-08 01:33:54,286 [Listener at 127.0.0.1/38829] INFO  server.GrpcService (ConfUtils.java:logGet(46)) - raft.grpc.flow.control.window = 5MB (=5242880) (custom)
2022-10-08 01:33:54,286 [Listener at 127.0.0.1/38829] INFO  server.RaftServerConfigKeys (ConfUtils.java:logGet(46)) - raft.server.rpc.request.timeout = 60s (custom)
2022-10-08 01:33:54,286 [Listener at 127.0.0.1/38829] INFO  grpc.GrpcConfigKeys (ConfUtils.java:logGet(46)) - raft.grpc.server.async.request.thread.pool.cached = true (default)
2022-10-08 01:33:54,286 [Listener at 127.0.0.1/38829] INFO  grpc.GrpcConfigKeys (ConfUtils.java:logGet(46)) - raft.grpc.server.async.request.thread.pool.size = 32 (default)
2022-10-08 01:33:54,287 [Listener at 127.0.0.1/38829] INFO  impl.DataStreamServerImpl (ConfUtils.java:logGet(46)) - raft.datastream.type = DISABLED (default)
2022-10-08 01:33:54,287 [Listener at 127.0.0.1/38829] INFO  server.RaftServerConfigKeys (ConfUtils.java:logGet(46)) - raft.server.threadpool.proxy.cached = true (default)
2022-10-08 01:33:54,287 [Listener at 127.0.0.1/38829] INFO  server.RaftServerConfigKeys (ConfUtils.java:logGet(46)) - raft.server.threadpool.proxy.size = 0 (default)
2022-10-08 01:33:54,287 [Listener at 127.0.0.1/38829] INFO  server.RaftServerConfigKeys (ConfUtils.java:logGet(46)) - raft.server.rpc.slowness.timeout = 300s (custom)
2022-10-08 01:33:54,287 [Listener at 127.0.0.1/38829] INFO  server.RaftServerConfigKeys (ConfUtils.java:logGet(46)) - raft.server.leaderelection.leader.step-down.wait-time = 10s (default)
2022-10-08 01:33:54,288 [Listener at 127.0.0.1/38829] INFO  server.RaftServerConfigKeys (ConfUtils.java:logGet(46)) - raft.server.storage.dir = [/home/runner/work/ozone/ozone/hadoop-ozone/integration-test/target/test-dir/MiniOzoneClusterImpl-4672e814-a320-46b2-9281-7449f9d84a79/datanode-1/data/ratis] (custom)
2022-10-08 01:33:54,318 [Listener at 127.0.0.1/38829] INFO  server.XceiverServerGrpc (XceiverServerGrpc.java:<init>(132)) - GrpcServer channel type EpollServerSocketChannel
2022-10-08 01:33:54,332 [Listener at 127.0.0.1/38829] INFO  http.BaseHttpServer (BaseHttpServer.java:newHttpServer2BuilderForOzone(213)) - Starting Web-server for hddsDatanode at: http://0.0.0.0:0
2022-10-08 01:33:54,332 [Listener at 127.0.0.1/38829] INFO  http.BaseHttpServer (BaseHttpServer.java:<init>(108)) - Hadoop Security Enabled: false Ozone Security Enabled: false Ozone HTTP Security Enabled: false 
2022-10-08 01:33:54,333 [Listener at 127.0.0.1/38829] INFO  server.AuthenticationFilter (AuthenticationFilter.java:constructSecretProvider(240)) - Unable to initialize FileSignerSecretProvider, falling back to use random secrets.
2022-10-08 01:33:54,334 [Listener at 127.0.0.1/38829] WARN  http.HttpRequestLog (HttpRequestLog.java:getRequestLog(103)) - Jetty request log can only be enabled using Log4j
2022-10-08 01:33:54,335 [Listener at 127.0.0.1/38829] INFO  http.HttpServer2 (HttpServer2.java:addGlobalFilter(1031)) - Added global filter 'safety' (class=org.apache.hadoop.hdds.server.http.HttpServer2$QuotingInputFilter)
2022-10-08 01:33:54,336 [Listener at 127.0.0.1/38829] INFO  http.HttpServer2 (HttpServer2.java:addFilter(1007)) - Added filter static_user_filter (class=org.apache.hadoop.http.lib.StaticUserWebFilter$StaticUserFilter) to context hddsDatanode
2022-10-08 01:33:54,336 [Listener at 127.0.0.1/38829] INFO  http.HttpServer2 (HttpServer2.java:addFilter(1015)) - Added filter static_user_filter (class=org.apache.hadoop.http.lib.StaticUserWebFilter$StaticUserFilter) to context static
2022-10-08 01:33:54,336 [Listener at 127.0.0.1/38829] INFO  http.HttpServer2 (HttpServer2.java:addFilter(1015)) - Added filter static_user_filter (class=org.apache.hadoop.http.lib.StaticUserWebFilter$StaticUserFilter) to context logs
2022-10-08 01:33:54,336 [Listener at 127.0.0.1/38829] INFO  http.HttpServer2 (HttpServer2.java:bindListener(1250)) - Jetty bound to port 41801
2022-10-08 01:33:54,336 [Listener at 127.0.0.1/38829] INFO  server.Server (Server.java:doStart(375)) - jetty-9.4.43.v20210629; built: 2021-06-30T11:07:22.254Z; git: 526006ecfa3af7f1a27ef3a288e2bef7ea9dd7e8; jvm 1.8.0_345-b01
2022-10-08 01:33:54,404 [Listener at 127.0.0.1/38829] INFO  server.session (DefaultSessionIdManager.java:doStart(334)) - DefaultSessionIdManager workerName=node0
2022-10-08 01:33:54,404 [Listener at 127.0.0.1/38829] INFO  server.session (DefaultSessionIdManager.java:doStart(339)) - No SessionScavenger set, using defaults
2022-10-08 01:33:54,405 [Listener at 127.0.0.1/38829] INFO  server.session (HouseKeeper.java:startScavenging(132)) - node0 Scavenging every 660000ms
2022-10-08 01:33:54,405 [Listener at 127.0.0.1/38829] INFO  handler.ContextHandler (ContextHandler.java:doStart(915)) - Started o.e.j.s.ServletContextHandler@51fd7d59{logs,/logs,file:///home/runner/work/ozone/ozone/hadoop-ozone/integration-test/target/log,AVAILABLE}
2022-10-08 01:33:54,405 [Listener at 127.0.0.1/38829] INFO  handler.ContextHandler (ContextHandler.java:doStart(915)) - Started o.e.j.s.ServletContextHandler@a3d801f{static,/static,jar:file:/home/runner/.m2/repository/org/apache/ozone/hdds-container-service/1.3.0-SNAPSHOT/hdds-container-service-1.3.0-SNAPSHOT.jar!/webapps/static,AVAILABLE}
2022-10-08 01:33:54,809 [Listener at 127.0.0.1/38829] INFO  handler.ContextHandler (ContextHandler.java:doStart(915)) - Started o.e.j.w.WebAppContext@1e588b74{hddsDatanode,/,file:///tmp/jetty-0_0_0_0-41801-hdds-container-service-1_3_0-SNAPSHOT_jar-_-any-3118836911224630565/webapp/,AVAILABLE}{jar:file:/home/runner/.m2/repository/org/apache/ozone/hdds-container-service/1.3.0-SNAPSHOT/hdds-container-service-1.3.0-SNAPSHOT.jar!/webapps/hddsDatanode}
2022-10-08 01:33:54,813 [Listener at 127.0.0.1/38829] INFO  server.AbstractConnector (AbstractConnector.java:doStart(331)) - Started ServerConnector@4e959899{HTTP/1.1, (http/1.1)}{0.0.0.0:41801}
2022-10-08 01:33:54,813 [Listener at 127.0.0.1/38829] INFO  server.Server (Server.java:doStart(415)) - Started @161085ms
2022-10-08 01:33:54,813 [Listener at 127.0.0.1/38829] WARN  impl.MetricsSystemImpl (MetricsSystemImpl.java:register(279)) - Sink prometheus already exists!
2022-10-08 01:33:54,814 [Listener at 127.0.0.1/38829] INFO  http.BaseHttpServer (BaseHttpServer.java:updateConnectorAddress(333)) - HTTP server of hddsDatanode listening at http://0.0.0.0:41801
2022-10-08 01:33:54,828 [Listener at 127.0.0.1/38829] WARN  impl.MetricRegistriesImpl (MetricRegistriesImpl.java:addReporterRegistration(111)) - New reporters are added after registries were created. Some metrics will be missing from the reporter. Please add reporter before adding any new registry.
2022-10-08 01:33:54,828 [Listener at 127.0.0.1/38829] WARN  impl.MetricRegistriesImpl (MetricRegistriesImpl.java:addReporterRegistration(111)) - New reporters are added after registries were created. Some metrics will be missing from the reporter. Please add reporter before adding any new registry.
2022-10-08 01:33:54,828 [Listener at 127.0.0.1/38829] INFO  impl.MetricsSystemImpl (MetricsSystemImpl.java:init(158)) - HddsDatanode metrics system started (again)
2022-10-08 01:33:54,848 [Datanode State Machine Daemon Thread] INFO  statemachine.DatanodeStateMachine (DatanodeStateMachine.java:lambda$startDaemon$0(492)) - Ozone container server started.
2022-10-08 01:33:54,876 [org.apache.hadoop.util.JvmPauseMonitor$Monitor@17ca735b] INFO  util.JvmPauseMonitor (JvmPauseMonitor.java:run(188)) - Starting JVM pause monitor
2022-10-08 01:33:54,961 [Listener at 127.0.0.1/38829] INFO  ozone.HddsDatanodeService (HddsDatanodeService.java:start(236)) - HddsDatanodeService host:fv-az180-867.g3pwtgv4ffyuhaixmbmm0kyh3d.gx.internal.cloudapp.net ip:10.1.0.61
2022-10-08 01:33:54,972 [Datanode State Machine Task Thread - 0] INFO  datanode.InitDatanodeState (InitDatanodeState.java:persistContainerDatanodeDetails(138)) - DatanodeDetails is persisted to /home/runner/work/ozone/ozone/hadoop-ozone/integration-test/target/test-dir/MiniOzoneClusterImpl-4672e814-a320-46b2-9281-7449f9d84a79/datanode-1/meta/datanode.id
2022-10-08 01:33:54,995 [ReplicationMonitor] INFO  replication.ReplicationManager (ReplicationManager.java:processAll(291)) - Replication Manager is not ready to run until 3000ms after safemode exit
2022-10-08 01:33:55,099 [Listener at 127.0.0.1/38829] INFO  upgrade.AbstractLayoutVersionManager (AbstractLayoutVersionManager.java:init(83)) - Initializing Layout version manager with metadata layout = DATANODE_SCHEMA_V3 (version = 4), software layout = DATANODE_SCHEMA_V3 (version = 4)
2022-10-08 01:33:55,352 [Listener at 127.0.0.1/38829] INFO  reflections.Reflections (Reflections.java:scan(232)) - Reflections took 248 ms to scan 7 urls, producing 135 keys and 327 values 
2022-10-08 01:33:55,357 [Listener at 127.0.0.1/38829] INFO  statemachine.DatanodeStateMachine (DatanodeStateMachine.java:getEndPointTaskThreadPoolSize(237)) - Datanode State Machine Task Thread Pool size 2
2022-10-08 01:33:55,377 [Listener at 127.0.0.1/38829] INFO  volume.HddsVolume (HddsVolume.java:<init>(117)) - Creating HddsVolume: /home/runner/work/ozone/ozone/hadoop-ozone/integration-test/target/test-dir/MiniOzoneClusterImpl-4672e814-a320-46b2-9281-7449f9d84a79/datanode-2/data-0/containers/hdds of storage type : DISK capacity : 9223372036854775807
2022-10-08 01:33:55,377 [Listener at 127.0.0.1/38829] INFO  volume.MutableVolumeSet (MutableVolumeSet.java:initializeVolumeSet(174)) - Added Volume : /home/runner/work/ozone/ozone/hadoop-ozone/integration-test/target/test-dir/MiniOzoneClusterImpl-4672e814-a320-46b2-9281-7449f9d84a79/datanode-2/data-0/containers/hdds to VolumeSet
2022-10-08 01:33:55,377 [Listener at 127.0.0.1/38829] INFO  volume.ThrottledAsyncChecker (ThrottledAsyncChecker.java:schedule(141)) - Scheduling a check for /home/runner/work/ozone/ozone/hadoop-ozone/integration-test/target/test-dir/MiniOzoneClusterImpl-4672e814-a320-46b2-9281-7449f9d84a79/datanode-2/data-0/containers/hdds
2022-10-08 01:33:55,396 [Listener at 127.0.0.1/38829] INFO  volume.StorageVolumeChecker (StorageVolumeChecker.java:checkAllVolumes(202)) - Scheduled health check for volume /home/runner/work/ozone/ozone/hadoop-ozone/integration-test/target/test-dir/MiniOzoneClusterImpl-4672e814-a320-46b2-9281-7449f9d84a79/datanode-2/data-0/containers/hdds
2022-10-08 01:33:55,476 [Listener at 127.0.0.1/38829] INFO  volume.MutableVolumeSet (MutableVolumeSet.java:initializeVolumeSet(174)) - Added Volume : /home/runner/work/ozone/ozone/hadoop-ozone/integration-test/target/test-dir/MiniOzoneClusterImpl-4672e814-a320-46b2-9281-7449f9d84a79/datanode-2/data/ratis to VolumeSet
2022-10-08 01:33:55,476 [Listener at 127.0.0.1/38829] INFO  volume.ThrottledAsyncChecker (ThrottledAsyncChecker.java:schedule(141)) - Scheduling a check for /home/runner/work/ozone/ozone/hadoop-ozone/integration-test/target/test-dir/MiniOzoneClusterImpl-4672e814-a320-46b2-9281-7449f9d84a79/datanode-2/data/ratis
2022-10-08 01:33:55,512 [Listener at 127.0.0.1/38829] INFO  volume.StorageVolumeChecker (StorageVolumeChecker.java:checkAllVolumes(202)) - Scheduled health check for volume /home/runner/work/ozone/ozone/hadoop-ozone/integration-test/target/test-dir/MiniOzoneClusterImpl-4672e814-a320-46b2-9281-7449f9d84a79/datanode-2/data/ratis
2022-10-08 01:33:55,600 [Thread-1360] INFO  ozoneimpl.ContainerReader (ContainerReader.java:readVolume(175)) - Finish verifying containers on volume /home/runner/work/ozone/ozone/hadoop-ozone/integration-test/target/test-dir/MiniOzoneClusterImpl-4672e814-a320-46b2-9281-7449f9d84a79/datanode-2/data-0/containers/hdds
2022-10-08 01:33:55,600 [Listener at 127.0.0.1/38829] INFO  ozoneimpl.OzoneContainer (OzoneContainer.java:buildContainerSet(300)) - Build ContainerSet costs 0s
2022-10-08 01:33:55,602 [Listener at 127.0.0.1/38829] INFO  server.RaftServer (ConfUtils.java:logGet(46)) - raft.rpc.type = GRPC (default)
2022-10-08 01:33:55,602 [Listener at 127.0.0.1/38829] INFO  grpc.GrpcFactory (GrpcFactory.java:checkPooledByteBufAllocatorUseCacheForAllThreads(48)) - PERFORMANCE WARNING: useCacheForAllThreads is true that may cause Netty to create a lot garbage objects and, as a result, trigger GC.
	It is recommended to disable useCacheForAllThreads by setting -Dorg.apache.ratis.thirdparty.io.netty.allocator.useCacheForAllThreads=false in command line.
2022-10-08 01:33:55,602 [Listener at 127.0.0.1/38829] INFO  grpc.GrpcConfigKeys (ConfUtils.java:logGet(46)) - raft.grpc.admin.port = 0 (custom)
2022-10-08 01:33:55,603 [Listener at 127.0.0.1/38829] INFO  grpc.GrpcConfigKeys (ConfUtils.java:logGet(46)) - raft.grpc.client.port = 0 (custom)
2022-10-08 01:33:55,603 [Listener at 127.0.0.1/38829] INFO  grpc.GrpcConfigKeys (ConfUtils.java:logGet(46)) - raft.grpc.server.port = 0 (default)
2022-10-08 01:33:55,603 [Listener at 127.0.0.1/38829] INFO  server.GrpcService (ConfUtils.java:logGet(46)) - raft.grpc.message.size.max = 32MB (=33554432) (custom)
2022-10-08 01:33:55,603 [Listener at 127.0.0.1/38829] INFO  server.RaftServerConfigKeys (ConfUtils.java:logGet(46)) - raft.server.log.appender.buffer.byte-limit = 33554432 (custom)
2022-10-08 01:33:55,603 [Listener at 127.0.0.1/38829] INFO  server.GrpcService (ConfUtils.java:logGet(46)) - raft.grpc.flow.control.window = 5MB (=5242880) (custom)
2022-10-08 01:33:55,603 [Listener at 127.0.0.1/38829] INFO  server.RaftServerConfigKeys (ConfUtils.java:logGet(46)) - raft.server.rpc.request.timeout = 60s (custom)
2022-10-08 01:33:55,603 [Listener at 127.0.0.1/38829] INFO  grpc.GrpcConfigKeys (ConfUtils.java:logGet(46)) - raft.grpc.server.async.request.thread.pool.cached = true (default)
2022-10-08 01:33:55,603 [Listener at 127.0.0.1/38829] INFO  grpc.GrpcConfigKeys (ConfUtils.java:logGet(46)) - raft.grpc.server.async.request.thread.pool.size = 32 (default)
2022-10-08 01:33:55,616 [Listener at 127.0.0.1/38829] INFO  impl.DataStreamServerImpl (ConfUtils.java:logGet(46)) - raft.datastream.type = DISABLED (default)
2022-10-08 01:33:55,617 [Listener at 127.0.0.1/38829] INFO  server.RaftServerConfigKeys (ConfUtils.java:logGet(46)) - raft.server.threadpool.proxy.cached = true (default)
2022-10-08 01:33:55,619 [Listener at 127.0.0.1/38829] INFO  server.RaftServerConfigKeys (ConfUtils.java:logGet(46)) - raft.server.threadpool.proxy.size = 0 (default)
2022-10-08 01:33:55,619 [Listener at 127.0.0.1/38829] INFO  server.RaftServerConfigKeys (ConfUtils.java:logGet(46)) - raft.server.rpc.slowness.timeout = 300s (custom)
2022-10-08 01:33:55,619 [Listener at 127.0.0.1/38829] INFO  server.RaftServerConfigKeys (ConfUtils.java:logGet(46)) - raft.server.leaderelection.leader.step-down.wait-time = 10s (default)
2022-10-08 01:33:55,619 [Listener at 127.0.0.1/38829] INFO  server.RaftServerConfigKeys (ConfUtils.java:logGet(46)) - raft.server.storage.dir = [/home/runner/work/ozone/ozone/hadoop-ozone/integration-test/target/test-dir/MiniOzoneClusterImpl-4672e814-a320-46b2-9281-7449f9d84a79/datanode-2/data/ratis] (custom)
2022-10-08 01:33:55,655 [Listener at 127.0.0.1/38829] INFO  server.XceiverServerGrpc (XceiverServerGrpc.java:<init>(132)) - GrpcServer channel type EpollServerSocketChannel
2022-10-08 01:33:55,660 [Listener at 127.0.0.1/38829] INFO  http.BaseHttpServer (BaseHttpServer.java:newHttpServer2BuilderForOzone(213)) - Starting Web-server for hddsDatanode at: http://0.0.0.0:0
2022-10-08 01:33:55,660 [Listener at 127.0.0.1/38829] INFO  http.BaseHttpServer (BaseHttpServer.java:<init>(108)) - Hadoop Security Enabled: false Ozone Security Enabled: false Ozone HTTP Security Enabled: false 
2022-10-08 01:33:55,664 [Listener at 127.0.0.1/38829] INFO  server.AuthenticationFilter (AuthenticationFilter.java:constructSecretProvider(240)) - Unable to initialize FileSignerSecretProvider, falling back to use random secrets.
2022-10-08 01:33:55,676 [Listener at 127.0.0.1/38829] WARN  http.HttpRequestLog (HttpRequestLog.java:getRequestLog(103)) - Jetty request log can only be enabled using Log4j
2022-10-08 01:33:55,677 [Listener at 127.0.0.1/38829] INFO  http.HttpServer2 (HttpServer2.java:addGlobalFilter(1031)) - Added global filter 'safety' (class=org.apache.hadoop.hdds.server.http.HttpServer2$QuotingInputFilter)
2022-10-08 01:33:55,678 [Listener at 127.0.0.1/38829] INFO  http.HttpServer2 (HttpServer2.java:addFilter(1007)) - Added filter static_user_filter (class=org.apache.hadoop.http.lib.StaticUserWebFilter$StaticUserFilter) to context hddsDatanode
2022-10-08 01:33:55,678 [Listener at 127.0.0.1/38829] INFO  http.HttpServer2 (HttpServer2.java:addFilter(1015)) - Added filter static_user_filter (class=org.apache.hadoop.http.lib.StaticUserWebFilter$StaticUserFilter) to context logs
2022-10-08 01:33:55,678 [Listener at 127.0.0.1/38829] INFO  http.HttpServer2 (HttpServer2.java:addFilter(1015)) - Added filter static_user_filter (class=org.apache.hadoop.http.lib.StaticUserWebFilter$StaticUserFilter) to context static
2022-10-08 01:33:55,678 [Listener at 127.0.0.1/38829] INFO  http.HttpServer2 (HttpServer2.java:bindListener(1250)) - Jetty bound to port 33637
2022-10-08 01:33:55,678 [Listener at 127.0.0.1/38829] INFO  server.Server (Server.java:doStart(375)) - jetty-9.4.43.v20210629; built: 2021-06-30T11:07:22.254Z; git: 526006ecfa3af7f1a27ef3a288e2bef7ea9dd7e8; jvm 1.8.0_345-b01
2022-10-08 01:33:55,760 [Listener at 127.0.0.1/38829] INFO  server.session (DefaultSessionIdManager.java:doStart(334)) - DefaultSessionIdManager workerName=node0
2022-10-08 01:33:55,760 [Listener at 127.0.0.1/38829] INFO  server.session (DefaultSessionIdManager.java:doStart(339)) - No SessionScavenger set, using defaults
2022-10-08 01:33:55,760 [Listener at 127.0.0.1/38829] INFO  server.session (HouseKeeper.java:startScavenging(132)) - node0 Scavenging every 660000ms
2022-10-08 01:33:55,768 [Listener at 127.0.0.1/38829] INFO  handler.ContextHandler (ContextHandler.java:doStart(915)) - Started o.e.j.s.ServletContextHandler@f211180{logs,/logs,file:///home/runner/work/ozone/ozone/hadoop-ozone/integration-test/target/log,AVAILABLE}
2022-10-08 01:33:55,768 [Listener at 127.0.0.1/38829] INFO  handler.ContextHandler (ContextHandler.java:doStart(915)) - Started o.e.j.s.ServletContextHandler@79a56f5{static,/static,jar:file:/home/runner/.m2/repository/org/apache/ozone/hdds-container-service/1.3.0-SNAPSHOT/hdds-container-service-1.3.0-SNAPSHOT.jar!/webapps/static,AVAILABLE}
2022-10-08 01:33:55,995 [ReplicationMonitor] INFO  replication.ReplicationManager (ReplicationManager.java:processAll(291)) - Replication Manager is not ready to run until 3000ms after safemode exit
2022-10-08 01:33:56,124 [EndpointStateMachine task thread for /0.0.0.0:40879 - 0 ] INFO  volume.HddsVolume (HddsVolume.java:createDbStore(307)) - SchemaV3 db is created and loaded at /home/runner/work/ozone/ozone/hadoop-ozone/integration-test/target/test-dir/MiniOzoneClusterImpl-4672e814-a320-46b2-9281-7449f9d84a79/datanode-0/data-0/containers/hdds/4672e814-a320-46b2-9281-7449f9d84a79/DS-6ac8fb29-56f2-4fc7-80f7-8f1c8b386a83/container.db for volume DS-6ac8fb29-56f2-4fc7-80f7-8f1c8b386a83
2022-10-08 01:33:56,126 [EndpointStateMachine task thread for /0.0.0.0:40879 - 0 ] INFO  volume.HddsVolume (HddsVolume.java:closeDbStore(338)) - SchemaV3 db is stopped at /home/runner/work/ozone/ozone/hadoop-ozone/integration-test/target/test-dir/MiniOzoneClusterImpl-4672e814-a320-46b2-9281-7449f9d84a79/datanode-0/data-0/containers/hdds/4672e814-a320-46b2-9281-7449f9d84a79/DS-6ac8fb29-56f2-4fc7-80f7-8f1c8b386a83/container.db for volume DS-6ac8fb29-56f2-4fc7-80f7-8f1c8b386a83
2022-10-08 01:33:56,126 [EndpointStateMachine task thread for /0.0.0.0:40879 - 0 ] INFO  ozoneimpl.OzoneContainer (OzoneContainer.java:start(378)) - Attempting to start container services.
2022-10-08 01:33:56,126 [EndpointStateMachine task thread for /0.0.0.0:40879 - 0 ] INFO  ozoneimpl.OzoneContainer (OzoneContainer.java:startContainerScrub(313)) - Background container scanner has been disabled.
2022-10-08 01:33:56,128 [EndpointStateMachine task thread for /0.0.0.0:40879 - 0 ] INFO  replication.ReplicationServer (ReplicationServer.java:start(111)) - ReplicationServer is started using port 42871
2022-10-08 01:33:56,136 [EndpointStateMachine task thread for /0.0.0.0:40879 - 0 ] INFO  ratis.XceiverServerRatis (XceiverServerRatis.java:start(481)) - Starting XceiverServerRatis 6822e6b6-300a-445d-9551-e629b68d3cd6
2022-10-08 01:33:56,168 [EndpointStateMachine task thread for /0.0.0.0:40879 - 0 ] INFO  server.RaftServer (RaftServerProxy.java:lambda$start$6(382)) - 6822e6b6-300a-445d-9551-e629b68d3cd6: start RPC server
2022-10-08 01:33:56,185 [EndpointStateMachine task thread for /0.0.0.0:40879 - 0 ] INFO  server.GrpcService (GrpcService.java:startImpl(260)) - 6822e6b6-300a-445d-9551-e629b68d3cd6: GrpcService started, listening on 33271
2022-10-08 01:33:56,192 [EndpointStateMachine task thread for /0.0.0.0:40879 - 0 ] INFO  ratis.XceiverServerRatis (XceiverServerRatis.java:getRealPort(502)) - XceiverServerRatis 6822e6b6-300a-445d-9551-e629b68d3cd6 is started using port 33271 for RATIS
2022-10-08 01:33:56,192 [EndpointStateMachine task thread for /0.0.0.0:40879 - 0 ] INFO  ratis.XceiverServerRatis (XceiverServerRatis.java:getRealPort(502)) - XceiverServerRatis 6822e6b6-300a-445d-9551-e629b68d3cd6 is started using port 33271 for RATIS_ADMIN
2022-10-08 01:33:56,192 [EndpointStateMachine task thread for /0.0.0.0:40879 - 0 ] INFO  ratis.XceiverServerRatis (XceiverServerRatis.java:getRealPort(502)) - XceiverServerRatis 6822e6b6-300a-445d-9551-e629b68d3cd6 is started using port 33271 for RATIS_SERVER
2022-10-08 01:33:56,192 [org.apache.ratis.util.JvmPauseMonitor$$Lambda$636/846962177@2cce3b56] INFO  util.JvmPauseMonitor (JvmPauseMonitor.java:run(103)) - JvmPauseMonitor-6822e6b6-300a-445d-9551-e629b68d3cd6: Started
2022-10-08 01:33:56,257 [EndpointStateMachine task thread for /0.0.0.0:40879 - 0 ] INFO  server.XceiverServerGrpc (XceiverServerGrpc.java:start(180)) - XceiverServerGrpc 6822e6b6-300a-445d-9551-e629b68d3cd6 is started using port 40923
2022-10-08 01:33:56,584 [Listener at 127.0.0.1/38829] INFO  handler.ContextHandler (ContextHandler.java:doStart(915)) - Started o.e.j.w.WebAppContext@8313775{hddsDatanode,/,file:///tmp/jetty-0_0_0_0-33637-hdds-container-service-1_3_0-SNAPSHOT_jar-_-any-8693527086735939574/webapp/,AVAILABLE}{jar:file:/home/runner/.m2/repository/org/apache/ozone/hdds-container-service/1.3.0-SNAPSHOT/hdds-container-service-1.3.0-SNAPSHOT.jar!/webapps/hddsDatanode}
2022-10-08 01:33:56,586 [Listener at 127.0.0.1/38829] INFO  server.AbstractConnector (AbstractConnector.java:doStart(331)) - Started ServerConnector@65d47035{HTTP/1.1, (http/1.1)}{0.0.0.0:33637}
2022-10-08 01:33:56,586 [Listener at 127.0.0.1/38829] INFO  server.Server (Server.java:doStart(415)) - Started @162858ms
2022-10-08 01:33:56,586 [Listener at 127.0.0.1/38829] WARN  impl.MetricsSystemImpl (MetricsSystemImpl.java:register(279)) - Sink prometheus already exists!
2022-10-08 01:33:56,587 [Listener at 127.0.0.1/38829] INFO  http.BaseHttpServer (BaseHttpServer.java:updateConnectorAddress(333)) - HTTP server of hddsDatanode listening at http://0.0.0.0:33637
2022-10-08 01:33:56,587 [Listener at 127.0.0.1/38829] WARN  impl.MetricRegistriesImpl (MetricRegistriesImpl.java:addReporterRegistration(111)) - New reporters are added after registries were created. Some metrics will be missing from the reporter. Please add reporter before adding any new registry.
2022-10-08 01:33:56,587 [Listener at 127.0.0.1/38829] WARN  impl.MetricRegistriesImpl (MetricRegistriesImpl.java:addReporterRegistration(111)) - New reporters are added after registries were created. Some metrics will be missing from the reporter. Please add reporter before adding any new registry.
2022-10-08 01:33:56,587 [Listener at 127.0.0.1/38829] INFO  impl.MetricsSystemImpl (MetricsSystemImpl.java:init(158)) - HddsDatanode metrics system started (again)
2022-10-08 01:33:56,608 [Datanode State Machine Daemon Thread] INFO  statemachine.DatanodeStateMachine (DatanodeStateMachine.java:lambda$startDaemon$0(492)) - Ozone container server started.
2022-10-08 01:33:56,642 [Listener at 127.0.0.1/38829] INFO  ozone.HddsDatanodeService (HddsDatanodeService.java:start(236)) - HddsDatanodeService host:fv-az180-867.g3pwtgv4ffyuhaixmbmm0kyh3d.gx.internal.cloudapp.net ip:10.1.0.61
2022-10-08 01:33:56,704 [org.apache.hadoop.util.JvmPauseMonitor$Monitor@620d125b] INFO  util.JvmPauseMonitor (JvmPauseMonitor.java:run(188)) - Starting JVM pause monitor
2022-10-08 01:33:56,709 [Datanode State Machine Task Thread - 0] INFO  datanode.InitDatanodeState (InitDatanodeState.java:persistContainerDatanodeDetails(138)) - DatanodeDetails is persisted to /home/runner/work/ozone/ozone/hadoop-ozone/integration-test/target/test-dir/MiniOzoneClusterImpl-4672e814-a320-46b2-9281-7449f9d84a79/datanode-2/meta/datanode.id
2022-10-08 01:33:56,769 [Listener at 127.0.0.1/38829] INFO  upgrade.AbstractLayoutVersionManager (AbstractLayoutVersionManager.java:init(83)) - Initializing Layout version manager with metadata layout = DATANODE_SCHEMA_V3 (version = 4), software layout = DATANODE_SCHEMA_V3 (version = 4)
2022-10-08 01:33:56,923 [Listener at 127.0.0.1/38829] INFO  reflections.Reflections (Reflections.java:scan(232)) - Reflections took 153 ms to scan 7 urls, producing 135 keys and 327 values 
2022-10-08 01:33:56,953 [Listener at 127.0.0.1/38829] INFO  statemachine.DatanodeStateMachine (DatanodeStateMachine.java:getEndPointTaskThreadPoolSize(237)) - Datanode State Machine Task Thread Pool size 2
2022-10-08 01:33:56,962 [Listener at 127.0.0.1/38829] INFO  volume.HddsVolume (HddsVolume.java:<init>(117)) - Creating HddsVolume: /home/runner/work/ozone/ozone/hadoop-ozone/integration-test/target/test-dir/MiniOzoneClusterImpl-4672e814-a320-46b2-9281-7449f9d84a79/datanode-3/data-0/containers/hdds of storage type : DISK capacity : 9223372036854775807
2022-10-08 01:33:56,962 [Listener at 127.0.0.1/38829] INFO  volume.MutableVolumeSet (MutableVolumeSet.java:initializeVolumeSet(174)) - Added Volume : /home/runner/work/ozone/ozone/hadoop-ozone/integration-test/target/test-dir/MiniOzoneClusterImpl-4672e814-a320-46b2-9281-7449f9d84a79/datanode-3/data-0/containers/hdds to VolumeSet
2022-10-08 01:33:56,962 [Listener at 127.0.0.1/38829] INFO  volume.ThrottledAsyncChecker (ThrottledAsyncChecker.java:schedule(141)) - Scheduling a check for /home/runner/work/ozone/ozone/hadoop-ozone/integration-test/target/test-dir/MiniOzoneClusterImpl-4672e814-a320-46b2-9281-7449f9d84a79/datanode-3/data-0/containers/hdds
2022-10-08 01:33:56,973 [Listener at 127.0.0.1/38829] INFO  volume.StorageVolumeChecker (StorageVolumeChecker.java:checkAllVolumes(202)) - Scheduled health check for volume /home/runner/work/ozone/ozone/hadoop-ozone/integration-test/target/test-dir/MiniOzoneClusterImpl-4672e814-a320-46b2-9281-7449f9d84a79/datanode-3/data-0/containers/hdds
2022-10-08 01:33:56,995 [ReplicationMonitor] INFO  replication.ReplicationManager (ReplicationManager.java:processAll(291)) - Replication Manager is not ready to run until 3000ms after safemode exit
2022-10-08 01:33:57,013 [Listener at 127.0.0.1/38829] INFO  volume.MutableVolumeSet (MutableVolumeSet.java:initializeVolumeSet(174)) - Added Volume : /home/runner/work/ozone/ozone/hadoop-ozone/integration-test/target/test-dir/MiniOzoneClusterImpl-4672e814-a320-46b2-9281-7449f9d84a79/datanode-3/data/ratis to VolumeSet
2022-10-08 01:33:57,013 [Listener at 127.0.0.1/38829] INFO  volume.ThrottledAsyncChecker (ThrottledAsyncChecker.java:schedule(141)) - Scheduling a check for /home/runner/work/ozone/ozone/hadoop-ozone/integration-test/target/test-dir/MiniOzoneClusterImpl-4672e814-a320-46b2-9281-7449f9d84a79/datanode-3/data/ratis
2022-10-08 01:33:57,013 [Listener at 127.0.0.1/38829] INFO  volume.StorageVolumeChecker (StorageVolumeChecker.java:checkAllVolumes(202)) - Scheduled health check for volume /home/runner/work/ozone/ozone/hadoop-ozone/integration-test/target/test-dir/MiniOzoneClusterImpl-4672e814-a320-46b2-9281-7449f9d84a79/datanode-3/data/ratis
2022-10-08 01:33:57,064 [Thread-1379] INFO  ozoneimpl.ContainerReader (ContainerReader.java:readVolume(175)) - Finish verifying containers on volume /home/runner/work/ozone/ozone/hadoop-ozone/integration-test/target/test-dir/MiniOzoneClusterImpl-4672e814-a320-46b2-9281-7449f9d84a79/datanode-3/data-0/containers/hdds
2022-10-08 01:33:57,064 [Listener at 127.0.0.1/38829] INFO  ozoneimpl.OzoneContainer (OzoneContainer.java:buildContainerSet(300)) - Build ContainerSet costs 0s
2022-10-08 01:33:57,066 [Listener at 127.0.0.1/38829] INFO  server.RaftServer (ConfUtils.java:logGet(46)) - raft.rpc.type = GRPC (default)
2022-10-08 01:33:57,066 [Listener at 127.0.0.1/38829] INFO  grpc.GrpcFactory (GrpcFactory.java:checkPooledByteBufAllocatorUseCacheForAllThreads(48)) - PERFORMANCE WARNING: useCacheForAllThreads is true that may cause Netty to create a lot garbage objects and, as a result, trigger GC.
	It is recommended to disable useCacheForAllThreads by setting -Dorg.apache.ratis.thirdparty.io.netty.allocator.useCacheForAllThreads=false in command line.
2022-10-08 01:33:57,066 [Listener at 127.0.0.1/38829] INFO  grpc.GrpcConfigKeys (ConfUtils.java:logGet(46)) - raft.grpc.admin.port = 0 (custom)
2022-10-08 01:33:57,066 [Listener at 127.0.0.1/38829] INFO  grpc.GrpcConfigKeys (ConfUtils.java:logGet(46)) - raft.grpc.client.port = 0 (custom)
2022-10-08 01:33:57,066 [Listener at 127.0.0.1/38829] INFO  grpc.GrpcConfigKeys (ConfUtils.java:logGet(46)) - raft.grpc.server.port = 0 (default)
2022-10-08 01:33:57,067 [Listener at 127.0.0.1/38829] INFO  server.GrpcService (ConfUtils.java:logGet(46)) - raft.grpc.message.size.max = 32MB (=33554432) (custom)
2022-10-08 01:33:57,067 [Listener at 127.0.0.1/38829] INFO  server.RaftServerConfigKeys (ConfUtils.java:logGet(46)) - raft.server.log.appender.buffer.byte-limit = 33554432 (custom)
2022-10-08 01:33:57,067 [Listener at 127.0.0.1/38829] INFO  server.GrpcService (ConfUtils.java:logGet(46)) - raft.grpc.flow.control.window = 5MB (=5242880) (custom)
2022-10-08 01:33:57,067 [Listener at 127.0.0.1/38829] INFO  server.RaftServerConfigKeys (ConfUtils.java:logGet(46)) - raft.server.rpc.request.timeout = 60s (custom)
2022-10-08 01:33:57,067 [Listener at 127.0.0.1/38829] INFO  grpc.GrpcConfigKeys (ConfUtils.java:logGet(46)) - raft.grpc.server.async.request.thread.pool.cached = true (default)
2022-10-08 01:33:57,067 [Listener at 127.0.0.1/38829] INFO  grpc.GrpcConfigKeys (ConfUtils.java:logGet(46)) - raft.grpc.server.async.request.thread.pool.size = 32 (default)
2022-10-08 01:33:57,068 [Listener at 127.0.0.1/38829] INFO  impl.DataStreamServerImpl (ConfUtils.java:logGet(46)) - raft.datastream.type = DISABLED (default)
2022-10-08 01:33:57,068 [Listener at 127.0.0.1/38829] INFO  server.RaftServerConfigKeys (ConfUtils.java:logGet(46)) - raft.server.threadpool.proxy.cached = true (default)
2022-10-08 01:33:57,068 [Listener at 127.0.0.1/38829] INFO  server.RaftServerConfigKeys (ConfUtils.java:logGet(46)) - raft.server.threadpool.proxy.size = 0 (default)
2022-10-08 01:33:57,068 [Listener at 127.0.0.1/38829] INFO  server.RaftServerConfigKeys (ConfUtils.java:logGet(46)) - raft.server.rpc.slowness.timeout = 300s (custom)
2022-10-08 01:33:57,068 [Listener at 127.0.0.1/38829] INFO  server.RaftServerConfigKeys (ConfUtils.java:logGet(46)) - raft.server.leaderelection.leader.step-down.wait-time = 10s (default)
2022-10-08 01:33:57,068 [Listener at 127.0.0.1/38829] INFO  server.RaftServerConfigKeys (ConfUtils.java:logGet(46)) - raft.server.storage.dir = [/home/runner/work/ozone/ozone/hadoop-ozone/integration-test/target/test-dir/MiniOzoneClusterImpl-4672e814-a320-46b2-9281-7449f9d84a79/datanode-3/data/ratis] (custom)
2022-10-08 01:33:57,070 [Listener at 127.0.0.1/38829] INFO  server.XceiverServerGrpc (XceiverServerGrpc.java:<init>(132)) - GrpcServer channel type EpollServerSocketChannel
2022-10-08 01:33:57,082 [Listener at 127.0.0.1/38829] INFO  http.BaseHttpServer (BaseHttpServer.java:newHttpServer2BuilderForOzone(213)) - Starting Web-server for hddsDatanode at: http://0.0.0.0:0
2022-10-08 01:33:57,082 [Listener at 127.0.0.1/38829] INFO  http.BaseHttpServer (BaseHttpServer.java:<init>(108)) - Hadoop Security Enabled: false Ozone Security Enabled: false Ozone HTTP Security Enabled: false 
2022-10-08 01:33:57,140 [Listener at 127.0.0.1/38829] INFO  server.AuthenticationFilter (AuthenticationFilter.java:constructSecretProvider(240)) - Unable to initialize FileSignerSecretProvider, falling back to use random secrets.
2022-10-08 01:33:57,146 [Listener at 127.0.0.1/38829] WARN  http.HttpRequestLog (HttpRequestLog.java:getRequestLog(103)) - Jetty request log can only be enabled using Log4j
2022-10-08 01:33:57,163 [EndpointStateMachine task thread for /0.0.0.0:40879 - 0 ] INFO  volume.HddsVolume (HddsVolume.java:createDbStore(307)) - SchemaV3 db is created and loaded at /home/runner/work/ozone/ozone/hadoop-ozone/integration-test/target/test-dir/MiniOzoneClusterImpl-4672e814-a320-46b2-9281-7449f9d84a79/datanode-1/data-0/containers/hdds/4672e814-a320-46b2-9281-7449f9d84a79/DS-167beadc-db74-45df-a3d3-7fa92aad5595/container.db for volume DS-167beadc-db74-45df-a3d3-7fa92aad5595
2022-10-08 01:33:57,165 [EndpointStateMachine task thread for /0.0.0.0:40879 - 0 ] INFO  volume.HddsVolume (HddsVolume.java:closeDbStore(338)) - SchemaV3 db is stopped at /home/runner/work/ozone/ozone/hadoop-ozone/integration-test/target/test-dir/MiniOzoneClusterImpl-4672e814-a320-46b2-9281-7449f9d84a79/datanode-1/data-0/containers/hdds/4672e814-a320-46b2-9281-7449f9d84a79/DS-167beadc-db74-45df-a3d3-7fa92aad5595/container.db for volume DS-167beadc-db74-45df-a3d3-7fa92aad5595
2022-10-08 01:33:57,165 [EndpointStateMachine task thread for /0.0.0.0:40879 - 0 ] INFO  ozoneimpl.OzoneContainer (OzoneContainer.java:start(378)) - Attempting to start container services.
2022-10-08 01:33:57,165 [EndpointStateMachine task thread for /0.0.0.0:40879 - 0 ] INFO  ozoneimpl.OzoneContainer (OzoneContainer.java:startContainerScrub(313)) - Background container scanner has been disabled.
2022-10-08 01:33:57,167 [EndpointStateMachine task thread for /0.0.0.0:40879 - 0 ] INFO  replication.ReplicationServer (ReplicationServer.java:start(111)) - ReplicationServer is started using port 43711
2022-10-08 01:33:57,167 [EndpointStateMachine task thread for /0.0.0.0:40879 - 0 ] INFO  ratis.XceiverServerRatis (XceiverServerRatis.java:start(481)) - Starting XceiverServerRatis 74407c01-bc2d-4222-b781-024ddeaebfd0
2022-10-08 01:33:57,168 [EndpointStateMachine task thread for /0.0.0.0:40879 - 0 ] INFO  server.RaftServer (RaftServerProxy.java:lambda$start$6(382)) - 74407c01-bc2d-4222-b781-024ddeaebfd0: start RPC server
2022-10-08 01:33:57,173 [Listener at 127.0.0.1/38829] INFO  http.HttpServer2 (HttpServer2.java:addGlobalFilter(1031)) - Added global filter 'safety' (class=org.apache.hadoop.hdds.server.http.HttpServer2$QuotingInputFilter)
2022-10-08 01:33:57,173 [Listener at 127.0.0.1/38829] INFO  http.HttpServer2 (HttpServer2.java:addFilter(1007)) - Added filter static_user_filter (class=org.apache.hadoop.http.lib.StaticUserWebFilter$StaticUserFilter) to context hddsDatanode
2022-10-08 01:33:57,174 [Listener at 127.0.0.1/38829] INFO  http.HttpServer2 (HttpServer2.java:addFilter(1015)) - Added filter static_user_filter (class=org.apache.hadoop.http.lib.StaticUserWebFilter$StaticUserFilter) to context logs
2022-10-08 01:33:57,174 [Listener at 127.0.0.1/38829] INFO  http.HttpServer2 (HttpServer2.java:addFilter(1015)) - Added filter static_user_filter (class=org.apache.hadoop.http.lib.StaticUserWebFilter$StaticUserFilter) to context static
2022-10-08 01:33:57,174 [Listener at 127.0.0.1/38829] INFO  http.HttpServer2 (HttpServer2.java:bindListener(1250)) - Jetty bound to port 39631
2022-10-08 01:33:57,174 [Listener at 127.0.0.1/38829] INFO  server.Server (Server.java:doStart(375)) - jetty-9.4.43.v20210629; built: 2021-06-30T11:07:22.254Z; git: 526006ecfa3af7f1a27ef3a288e2bef7ea9dd7e8; jvm 1.8.0_345-b01
2022-10-08 01:33:57,268 [Listener at 127.0.0.1/38829] INFO  server.session (DefaultSessionIdManager.java:doStart(334)) - DefaultSessionIdManager workerName=node0
2022-10-08 01:33:57,268 [Listener at 127.0.0.1/38829] INFO  server.session (DefaultSessionIdManager.java:doStart(339)) - No SessionScavenger set, using defaults
2022-10-08 01:33:57,288 [Listener at 127.0.0.1/38829] INFO  server.session (HouseKeeper.java:startScavenging(132)) - node0 Scavenging every 660000ms
2022-10-08 01:33:57,296 [Listener at 127.0.0.1/38829] INFO  handler.ContextHandler (ContextHandler.java:doStart(915)) - Started o.e.j.s.ServletContextHandler@505c0e4{logs,/logs,file:///home/runner/work/ozone/ozone/hadoop-ozone/integration-test/target/log,AVAILABLE}
2022-10-08 01:33:57,296 [Listener at 127.0.0.1/38829] INFO  handler.ContextHandler (ContextHandler.java:doStart(915)) - Started o.e.j.s.ServletContextHandler@1fabead2{static,/static,jar:file:/home/runner/.m2/repository/org/apache/ozone/hdds-container-service/1.3.0-SNAPSHOT/hdds-container-service-1.3.0-SNAPSHOT.jar!/webapps/static,AVAILABLE}
2022-10-08 01:33:57,332 [EndpointStateMachine task thread for /0.0.0.0:40879 - 0 ] INFO  server.GrpcService (GrpcService.java:startImpl(260)) - 74407c01-bc2d-4222-b781-024ddeaebfd0: GrpcService started, listening on 42125
2022-10-08 01:33:57,340 [EndpointStateMachine task thread for /0.0.0.0:40879 - 0 ] INFO  ratis.XceiverServerRatis (XceiverServerRatis.java:getRealPort(502)) - XceiverServerRatis 74407c01-bc2d-4222-b781-024ddeaebfd0 is started using port 42125 for RATIS
2022-10-08 01:33:57,340 [EndpointStateMachine task thread for /0.0.0.0:40879 - 0 ] INFO  ratis.XceiverServerRatis (XceiverServerRatis.java:getRealPort(502)) - XceiverServerRatis 74407c01-bc2d-4222-b781-024ddeaebfd0 is started using port 42125 for RATIS_ADMIN
2022-10-08 01:33:57,340 [EndpointStateMachine task thread for /0.0.0.0:40879 - 0 ] INFO  ratis.XceiverServerRatis (XceiverServerRatis.java:getRealPort(502)) - XceiverServerRatis 74407c01-bc2d-4222-b781-024ddeaebfd0 is started using port 42125 for RATIS_SERVER
2022-10-08 01:33:57,340 [org.apache.ratis.util.JvmPauseMonitor$$Lambda$636/846962177@7db1857b] INFO  util.JvmPauseMonitor (JvmPauseMonitor.java:run(103)) - JvmPauseMonitor-74407c01-bc2d-4222-b781-024ddeaebfd0: Started
2022-10-08 01:33:57,356 [EndpointStateMachine task thread for /0.0.0.0:40879 - 0 ] INFO  server.XceiverServerGrpc (XceiverServerGrpc.java:start(180)) - XceiverServerGrpc 74407c01-bc2d-4222-b781-024ddeaebfd0 is started using port 37771
2022-10-08 01:33:57,792 [Listener at 127.0.0.1/38829] INFO  handler.ContextHandler (ContextHandler.java:doStart(915)) - Started o.e.j.w.WebAppContext@7b16786f{hddsDatanode,/,file:///tmp/jetty-0_0_0_0-39631-hdds-container-service-1_3_0-SNAPSHOT_jar-_-any-7265077440244515154/webapp/,AVAILABLE}{jar:file:/home/runner/.m2/repository/org/apache/ozone/hdds-container-service/1.3.0-SNAPSHOT/hdds-container-service-1.3.0-SNAPSHOT.jar!/webapps/hddsDatanode}
2022-10-08 01:33:57,815 [IPC Server handler 0 on default port 40879] INFO  net.NetworkTopologyImpl (NetworkTopologyImpl.java:add(112)) - Added a new node: /default-rack/6822e6b6-300a-445d-9551-e629b68d3cd6
2022-10-08 01:33:57,815 [IPC Server handler 0 on default port 40879] INFO  node.SCMNodeManager (SCMNodeManager.java:register(397)) - Registered Data node : 6822e6b6-300a-445d-9551-e629b68d3cd6{ip: 10.1.0.61, host: fv-az180-867.g3pwtgv4ffyuhaixmbmm0kyh3d.gx.internal.cloudapp.net, ports: [REPLICATION=42871, RATIS=33271, RATIS_ADMIN=33271, RATIS_SERVER=33271, STANDALONE=40923], networkLocation: /default-rack, certSerialId: null, persistedOpState: null, persistedOpStateExpiryEpochSec: 0}
2022-10-08 01:33:57,868 [EventQueue-NodeRegistrationContainerReportForDataNodeSafeModeRule] INFO  safemode.SCMSafeModeManager (DataNodeSafeModeRule.java:process(71)) - SCM in safe mode. 1 DataNodes registered, 3 required.
2022-10-08 01:33:57,876 [EventQueue-NodeRegistrationContainerReportForContainerSafeModeRule] INFO  safemode.SCMSafeModeManager (SCMSafeModeManager.java:validateSafeModeExitRules(204)) - ContainerSafeModeRule rule is successfully validated
2022-10-08 01:33:57,893 [EventQueue-NewNodeForNewNodeHandler] INFO  pipeline.BackgroundPipelineCreator (BackgroundPipelineCreator.java:notifyEventTriggered(276)) - trigger a one-shot run on RatisPipelineUtilsThread.
2022-10-08 01:33:57,893 [Listener at 127.0.0.1/38829] INFO  server.AbstractConnector (AbstractConnector.java:doStart(331)) - Started ServerConnector@51500860{HTTP/1.1, (http/1.1)}{0.0.0.0:39631}
2022-10-08 01:33:57,893 [Listener at 127.0.0.1/38829] INFO  server.Server (Server.java:doStart(415)) - Started @164165ms
2022-10-08 01:33:57,893 [Listener at 127.0.0.1/38829] WARN  impl.MetricsSystemImpl (MetricsSystemImpl.java:register(279)) - Sink prometheus already exists!
2022-10-08 01:33:57,896 [RatisPipelineUtilsThread - 0] INFO  pipeline.RatisPipelineProvider (RatisPipelineProvider.java:lambda$create$0(195)) - Sending CreatePipelineCommand for pipeline:PipelineID=adff822c-f961-4ade-98fe-116cd948afd1 to datanode:6822e6b6-300a-445d-9551-e629b68d3cd6
2022-10-08 01:33:57,897 [Listener at 127.0.0.1/38829] INFO  http.BaseHttpServer (BaseHttpServer.java:updateConnectorAddress(333)) - HTTP server of hddsDatanode listening at http://0.0.0.0:39631
2022-10-08 01:33:57,901 [RatisPipelineUtilsThread - 0] INFO  pipeline.PipelineStateManagerImpl (PipelineStateManagerImpl.java:addPipeline(103)) - Created pipeline Pipeline[ Id: adff822c-f961-4ade-98fe-116cd948afd1, Nodes: 6822e6b6-300a-445d-9551-e629b68d3cd6{ip: 10.1.0.61, host: fv-az180-867.g3pwtgv4ffyuhaixmbmm0kyh3d.gx.internal.cloudapp.net, ports: [REPLICATION=42871, RATIS=33271, RATIS_ADMIN=33271, RATIS_SERVER=33271, STANDALONE=40923], networkLocation: /default-rack, certSerialId: null, persistedOpState: IN_SERVICE, persistedOpStateExpiryEpochSec: 0}, ReplicationConfig: RATIS/ONE, State:ALLOCATED, leaderId:, CreationTimestamp2022-10-08T01:33:57.896Z[Etc/UTC]].
2022-10-08 01:33:57,912 [Listener at 127.0.0.1/38829] WARN  impl.MetricRegistriesImpl (MetricRegistriesImpl.java:addReporterRegistration(111)) - New reporters are added after registries were created. Some metrics will be missing from the reporter. Please add reporter before adding any new registry.
2022-10-08 01:33:57,912 [Listener at 127.0.0.1/38829] WARN  impl.MetricRegistriesImpl (MetricRegistriesImpl.java:addReporterRegistration(111)) - New reporters are added after registries were created. Some metrics will be missing from the reporter. Please add reporter before adding any new registry.
2022-10-08 01:33:57,912 [Listener at 127.0.0.1/38829] INFO  impl.MetricsSystemImpl (MetricsSystemImpl.java:init(158)) - HddsDatanode metrics system started (again)
2022-10-08 01:33:57,920 [EventQueue-PipelineReportForOneReplicaPipelineSafeModeRule] INFO  safemode.SCMSafeModeManager (SCMSafeModeManager.java:validateSafeModeExitRules(204)) - AtleastOneDatanodeReportedRule rule is successfully validated
2022-10-08 01:33:57,940 [Datanode State Machine Daemon Thread] INFO  statemachine.DatanodeStateMachine (DatanodeStateMachine.java:lambda$startDaemon$0(492)) - Ozone container server started.
2022-10-08 01:33:57,952 [org.apache.hadoop.util.JvmPauseMonitor$Monitor@d154ec0] INFO  util.JvmPauseMonitor (JvmPauseMonitor.java:run(188)) - Starting JVM pause monitor
2022-10-08 01:33:57,965 [Datanode State Machine Task Thread - 0] INFO  datanode.InitDatanodeState (InitDatanodeState.java:persistContainerDatanodeDetails(138)) - DatanodeDetails is persisted to /home/runner/work/ozone/ozone/hadoop-ozone/integration-test/target/test-dir/MiniOzoneClusterImpl-4672e814-a320-46b2-9281-7449f9d84a79/datanode-3/meta/datanode.id
2022-10-08 01:33:57,995 [ReplicationMonitor] INFO  replication.ReplicationManager (ReplicationManager.java:processAll(291)) - Replication Manager is not ready to run until 3000ms after safemode exit
2022-10-08 01:33:58,013 [Listener at 127.0.0.1/38829] INFO  ozone.HddsDatanodeService (HddsDatanodeService.java:start(236)) - HddsDatanodeService host:fv-az180-867.g3pwtgv4ffyuhaixmbmm0kyh3d.gx.internal.cloudapp.net ip:10.1.0.61
2022-10-08 01:33:58,159 [Listener at 127.0.0.1/38829] INFO  upgrade.AbstractLayoutVersionManager (AbstractLayoutVersionManager.java:init(83)) - Initializing Layout version manager with metadata layout = DATANODE_SCHEMA_V3 (version = 4), software layout = DATANODE_SCHEMA_V3 (version = 4)
2022-10-08 01:33:58,345 [Listener at 127.0.0.1/38829] INFO  reflections.Reflections (Reflections.java:scan(232)) - Reflections took 185 ms to scan 7 urls, producing 135 keys and 327 values 
2022-10-08 01:33:58,346 [Listener at 127.0.0.1/38829] INFO  statemachine.DatanodeStateMachine (DatanodeStateMachine.java:getEndPointTaskThreadPoolSize(237)) - Datanode State Machine Task Thread Pool size 2
2022-10-08 01:33:58,352 [Listener at 127.0.0.1/38829] INFO  volume.HddsVolume (HddsVolume.java:<init>(117)) - Creating HddsVolume: /home/runner/work/ozone/ozone/hadoop-ozone/integration-test/target/test-dir/MiniOzoneClusterImpl-4672e814-a320-46b2-9281-7449f9d84a79/datanode-4/data-0/containers/hdds of storage type : DISK capacity : 9223372036854775807
2022-10-08 01:33:58,353 [Listener at 127.0.0.1/38829] INFO  volume.MutableVolumeSet (MutableVolumeSet.java:initializeVolumeSet(174)) - Added Volume : /home/runner/work/ozone/ozone/hadoop-ozone/integration-test/target/test-dir/MiniOzoneClusterImpl-4672e814-a320-46b2-9281-7449f9d84a79/datanode-4/data-0/containers/hdds to VolumeSet
2022-10-08 01:33:58,353 [Listener at 127.0.0.1/38829] INFO  volume.ThrottledAsyncChecker (ThrottledAsyncChecker.java:schedule(141)) - Scheduling a check for /home/runner/work/ozone/ozone/hadoop-ozone/integration-test/target/test-dir/MiniOzoneClusterImpl-4672e814-a320-46b2-9281-7449f9d84a79/datanode-4/data-0/containers/hdds
2022-10-08 01:33:58,380 [Listener at 127.0.0.1/38829] INFO  volume.StorageVolumeChecker (StorageVolumeChecker.java:checkAllVolumes(202)) - Scheduled health check for volume /home/runner/work/ozone/ozone/hadoop-ozone/integration-test/target/test-dir/MiniOzoneClusterImpl-4672e814-a320-46b2-9281-7449f9d84a79/datanode-4/data-0/containers/hdds
2022-10-08 01:33:58,398 [Listener at 127.0.0.1/38829] INFO  volume.MutableVolumeSet (MutableVolumeSet.java:initializeVolumeSet(174)) - Added Volume : /home/runner/work/ozone/ozone/hadoop-ozone/integration-test/target/test-dir/MiniOzoneClusterImpl-4672e814-a320-46b2-9281-7449f9d84a79/datanode-4/data/ratis to VolumeSet
2022-10-08 01:33:58,398 [Listener at 127.0.0.1/38829] INFO  volume.ThrottledAsyncChecker (ThrottledAsyncChecker.java:schedule(141)) - Scheduling a check for /home/runner/work/ozone/ozone/hadoop-ozone/integration-test/target/test-dir/MiniOzoneClusterImpl-4672e814-a320-46b2-9281-7449f9d84a79/datanode-4/data/ratis
2022-10-08 01:33:58,412 [Listener at 127.0.0.1/38829] INFO  volume.StorageVolumeChecker (StorageVolumeChecker.java:checkAllVolumes(202)) - Scheduled health check for volume /home/runner/work/ozone/ozone/hadoop-ozone/integration-test/target/test-dir/MiniOzoneClusterImpl-4672e814-a320-46b2-9281-7449f9d84a79/datanode-4/data/ratis
2022-10-08 01:33:58,455 [Thread-1403] INFO  ozoneimpl.ContainerReader (ContainerReader.java:readVolume(175)) - Finish verifying containers on volume /home/runner/work/ozone/ozone/hadoop-ozone/integration-test/target/test-dir/MiniOzoneClusterImpl-4672e814-a320-46b2-9281-7449f9d84a79/datanode-4/data-0/containers/hdds
2022-10-08 01:33:58,455 [Listener at 127.0.0.1/38829] INFO  ozoneimpl.OzoneContainer (OzoneContainer.java:buildContainerSet(300)) - Build ContainerSet costs 0s
2022-10-08 01:33:58,457 [Listener at 127.0.0.1/38829] INFO  server.RaftServer (ConfUtils.java:logGet(46)) - raft.rpc.type = GRPC (default)
2022-10-08 01:33:58,457 [Listener at 127.0.0.1/38829] INFO  grpc.GrpcFactory (GrpcFactory.java:checkPooledByteBufAllocatorUseCacheForAllThreads(48)) - PERFORMANCE WARNING: useCacheForAllThreads is true that may cause Netty to create a lot garbage objects and, as a result, trigger GC.
	It is recommended to disable useCacheForAllThreads by setting -Dorg.apache.ratis.thirdparty.io.netty.allocator.useCacheForAllThreads=false in command line.
2022-10-08 01:33:58,457 [Listener at 127.0.0.1/38829] INFO  grpc.GrpcConfigKeys (ConfUtils.java:logGet(46)) - raft.grpc.admin.port = 0 (custom)
2022-10-08 01:33:58,457 [Listener at 127.0.0.1/38829] INFO  grpc.GrpcConfigKeys (ConfUtils.java:logGet(46)) - raft.grpc.client.port = 0 (custom)
2022-10-08 01:33:58,457 [Listener at 127.0.0.1/38829] INFO  grpc.GrpcConfigKeys (ConfUtils.java:logGet(46)) - raft.grpc.server.port = 0 (default)
2022-10-08 01:33:58,458 [Listener at 127.0.0.1/38829] INFO  server.GrpcService (ConfUtils.java:logGet(46)) - raft.grpc.message.size.max = 32MB (=33554432) (custom)
2022-10-08 01:33:58,458 [Listener at 127.0.0.1/38829] INFO  server.RaftServerConfigKeys (ConfUtils.java:logGet(46)) - raft.server.log.appender.buffer.byte-limit = 33554432 (custom)
2022-10-08 01:33:58,458 [Listener at 127.0.0.1/38829] INFO  server.GrpcService (ConfUtils.java:logGet(46)) - raft.grpc.flow.control.window = 5MB (=5242880) (custom)
2022-10-08 01:33:58,458 [Listener at 127.0.0.1/38829] INFO  server.RaftServerConfigKeys (ConfUtils.java:logGet(46)) - raft.server.rpc.request.timeout = 60s (custom)
2022-10-08 01:33:58,458 [Listener at 127.0.0.1/38829] INFO  grpc.GrpcConfigKeys (ConfUtils.java:logGet(46)) - raft.grpc.server.async.request.thread.pool.cached = true (default)
2022-10-08 01:33:58,458 [Listener at 127.0.0.1/38829] INFO  grpc.GrpcConfigKeys (ConfUtils.java:logGet(46)) - raft.grpc.server.async.request.thread.pool.size = 32 (default)
2022-10-08 01:33:58,459 [Listener at 127.0.0.1/38829] INFO  impl.DataStreamServerImpl (ConfUtils.java:logGet(46)) - raft.datastream.type = DISABLED (default)
2022-10-08 01:33:58,459 [Listener at 127.0.0.1/38829] INFO  server.RaftServerConfigKeys (ConfUtils.java:logGet(46)) - raft.server.threadpool.proxy.cached = true (default)
2022-10-08 01:33:58,459 [Listener at 127.0.0.1/38829] INFO  server.RaftServerConfigKeys (ConfUtils.java:logGet(46)) - raft.server.threadpool.proxy.size = 0 (default)
2022-10-08 01:33:58,459 [Listener at 127.0.0.1/38829] INFO  server.RaftServerConfigKeys (ConfUtils.java:logGet(46)) - raft.server.rpc.slowness.timeout = 300s (custom)
2022-10-08 01:33:58,459 [Listener at 127.0.0.1/38829] INFO  server.RaftServerConfigKeys (ConfUtils.java:logGet(46)) - raft.server.leaderelection.leader.step-down.wait-time = 10s (default)
2022-10-08 01:33:58,459 [Listener at 127.0.0.1/38829] INFO  server.RaftServerConfigKeys (ConfUtils.java:logGet(46)) - raft.server.storage.dir = [/home/runner/work/ozone/ozone/hadoop-ozone/integration-test/target/test-dir/MiniOzoneClusterImpl-4672e814-a320-46b2-9281-7449f9d84a79/datanode-4/data/ratis] (custom)
2022-10-08 01:33:58,463 [Listener at 127.0.0.1/38829] INFO  server.XceiverServerGrpc (XceiverServerGrpc.java:<init>(132)) - GrpcServer channel type EpollServerSocketChannel
2022-10-08 01:33:58,470 [Listener at 127.0.0.1/38829] INFO  http.BaseHttpServer (BaseHttpServer.java:newHttpServer2BuilderForOzone(213)) - Starting Web-server for hddsDatanode at: http://0.0.0.0:0
2022-10-08 01:33:58,470 [Listener at 127.0.0.1/38829] INFO  http.BaseHttpServer (BaseHttpServer.java:<init>(108)) - Hadoop Security Enabled: false Ozone Security Enabled: false Ozone HTTP Security Enabled: false 
2022-10-08 01:33:58,471 [Listener at 127.0.0.1/38829] INFO  server.AuthenticationFilter (AuthenticationFilter.java:constructSecretProvider(240)) - Unable to initialize FileSignerSecretProvider, falling back to use random secrets.
2022-10-08 01:33:58,473 [Listener at 127.0.0.1/38829] WARN  http.HttpRequestLog (HttpRequestLog.java:getRequestLog(103)) - Jetty request log can only be enabled using Log4j
2022-10-08 01:33:58,474 [Listener at 127.0.0.1/38829] INFO  http.HttpServer2 (HttpServer2.java:addGlobalFilter(1031)) - Added global filter 'safety' (class=org.apache.hadoop.hdds.server.http.HttpServer2$QuotingInputFilter)
2022-10-08 01:33:58,475 [Listener at 127.0.0.1/38829] INFO  http.HttpServer2 (HttpServer2.java:addFilter(1007)) - Added filter static_user_filter (class=org.apache.hadoop.http.lib.StaticUserWebFilter$StaticUserFilter) to context hddsDatanode
2022-10-08 01:33:58,475 [Listener at 127.0.0.1/38829] INFO  http.HttpServer2 (HttpServer2.java:addFilter(1015)) - Added filter static_user_filter (class=org.apache.hadoop.http.lib.StaticUserWebFilter$StaticUserFilter) to context logs
2022-10-08 01:33:58,476 [Listener at 127.0.0.1/38829] INFO  http.HttpServer2 (HttpServer2.java:addFilter(1015)) - Added filter static_user_filter (class=org.apache.hadoop.http.lib.StaticUserWebFilter$StaticUserFilter) to context static
2022-10-08 01:33:58,508 [Listener at 127.0.0.1/38829] INFO  http.HttpServer2 (HttpServer2.java:bindListener(1250)) - Jetty bound to port 37661
2022-10-08 01:33:58,508 [Listener at 127.0.0.1/38829] INFO  server.Server (Server.java:doStart(375)) - jetty-9.4.43.v20210629; built: 2021-06-30T11:07:22.254Z; git: 526006ecfa3af7f1a27ef3a288e2bef7ea9dd7e8; jvm 1.8.0_345-b01
2022-10-08 01:33:58,588 [Listener at 127.0.0.1/38829] INFO  server.session (DefaultSessionIdManager.java:doStart(334)) - DefaultSessionIdManager workerName=node0
2022-10-08 01:33:58,588 [Listener at 127.0.0.1/38829] INFO  server.session (DefaultSessionIdManager.java:doStart(339)) - No SessionScavenger set, using defaults
2022-10-08 01:33:58,588 [Listener at 127.0.0.1/38829] INFO  server.session (HouseKeeper.java:startScavenging(132)) - node0 Scavenging every 660000ms
2022-10-08 01:33:58,604 [Listener at 127.0.0.1/38829] INFO  handler.ContextHandler (ContextHandler.java:doStart(915)) - Started o.e.j.s.ServletContextHandler@64c473a{logs,/logs,file:///home/runner/work/ozone/ozone/hadoop-ozone/integration-test/target/log,AVAILABLE}
2022-10-08 01:33:58,604 [Listener at 127.0.0.1/38829] INFO  handler.ContextHandler (ContextHandler.java:doStart(915)) - Started o.e.j.s.ServletContextHandler@5bb0b38c{static,/static,jar:file:/home/runner/.m2/repository/org/apache/ozone/hdds-container-service/1.3.0-SNAPSHOT/hdds-container-service-1.3.0-SNAPSHOT.jar!/webapps/static,AVAILABLE}
2022-10-08 01:33:58,878 [IPC Server handler 1 on default port 40879] INFO  net.NetworkTopologyImpl (NetworkTopologyImpl.java:add(112)) - Added a new node: /default-rack/74407c01-bc2d-4222-b781-024ddeaebfd0
2022-10-08 01:33:58,878 [IPC Server handler 1 on default port 40879] INFO  node.SCMNodeManager (SCMNodeManager.java:register(397)) - Registered Data node : 74407c01-bc2d-4222-b781-024ddeaebfd0{ip: 10.1.0.61, host: fv-az180-867.g3pwtgv4ffyuhaixmbmm0kyh3d.gx.internal.cloudapp.net, ports: [REPLICATION=43711, RATIS=42125, RATIS_ADMIN=42125, RATIS_SERVER=42125, STANDALONE=37771], networkLocation: /default-rack, certSerialId: null, persistedOpState: null, persistedOpStateExpiryEpochSec: 0}
2022-10-08 01:33:58,878 [EventQueue-NewNodeForNewNodeHandler] INFO  pipeline.BackgroundPipelineCreator (BackgroundPipelineCreator.java:notifyEventTriggered(276)) - trigger a one-shot run on RatisPipelineUtilsThread.
2022-10-08 01:33:58,879 [EventQueue-NodeRegistrationContainerReportForDataNodeSafeModeRule] INFO  safemode.SCMSafeModeManager (DataNodeSafeModeRule.java:process(71)) - SCM in safe mode. 2 DataNodes registered, 3 required.
2022-10-08 01:33:58,880 [RatisPipelineUtilsThread - 0] INFO  pipeline.RatisPipelineProvider (RatisPipelineProvider.java:lambda$create$0(195)) - Sending CreatePipelineCommand for pipeline:PipelineID=d27f2316-13a6-4261-9497-dc88fb657fd0 to datanode:74407c01-bc2d-4222-b781-024ddeaebfd0
2022-10-08 01:33:58,920 [RatisPipelineUtilsThread - 0] INFO  pipeline.PipelineStateManagerImpl (PipelineStateManagerImpl.java:addPipeline(103)) - Created pipeline Pipeline[ Id: d27f2316-13a6-4261-9497-dc88fb657fd0, Nodes: 74407c01-bc2d-4222-b781-024ddeaebfd0{ip: 10.1.0.61, host: fv-az180-867.g3pwtgv4ffyuhaixmbmm0kyh3d.gx.internal.cloudapp.net, ports: [REPLICATION=43711, RATIS=42125, RATIS_ADMIN=42125, RATIS_SERVER=42125, STANDALONE=37771], networkLocation: /default-rack, certSerialId: null, persistedOpState: IN_SERVICE, persistedOpStateExpiryEpochSec: 0}, ReplicationConfig: RATIS/ONE, State:ALLOCATED, leaderId:, CreationTimestamp2022-10-08T01:33:58.880Z[Etc/UTC]].
2022-10-08 01:33:58,975 [EndpointStateMachine task thread for /0.0.0.0:40879 - 0 ] INFO  volume.HddsVolume (HddsVolume.java:createDbStore(307)) - SchemaV3 db is created and loaded at /home/runner/work/ozone/ozone/hadoop-ozone/integration-test/target/test-dir/MiniOzoneClusterImpl-4672e814-a320-46b2-9281-7449f9d84a79/datanode-2/data-0/containers/hdds/4672e814-a320-46b2-9281-7449f9d84a79/DS-54434e85-8200-4c4a-9a77-a7801093d6b4/container.db for volume DS-54434e85-8200-4c4a-9a77-a7801093d6b4
2022-10-08 01:33:58,976 [EndpointStateMachine task thread for /0.0.0.0:40879 - 0 ] INFO  volume.HddsVolume (HddsVolume.java:closeDbStore(338)) - SchemaV3 db is stopped at /home/runner/work/ozone/ozone/hadoop-ozone/integration-test/target/test-dir/MiniOzoneClusterImpl-4672e814-a320-46b2-9281-7449f9d84a79/datanode-2/data-0/containers/hdds/4672e814-a320-46b2-9281-7449f9d84a79/DS-54434e85-8200-4c4a-9a77-a7801093d6b4/container.db for volume DS-54434e85-8200-4c4a-9a77-a7801093d6b4
2022-10-08 01:33:58,976 [EndpointStateMachine task thread for /0.0.0.0:40879 - 0 ] INFO  ozoneimpl.OzoneContainer (OzoneContainer.java:start(378)) - Attempting to start container services.
2022-10-08 01:33:58,977 [EndpointStateMachine task thread for /0.0.0.0:40879 - 0 ] INFO  ozoneimpl.OzoneContainer (OzoneContainer.java:startContainerScrub(313)) - Background container scanner has been disabled.
2022-10-08 01:33:58,978 [EndpointStateMachine task thread for /0.0.0.0:40879 - 0 ] INFO  replication.ReplicationServer (ReplicationServer.java:start(111)) - ReplicationServer is started using port 40287
2022-10-08 01:33:58,978 [EndpointStateMachine task thread for /0.0.0.0:40879 - 0 ] INFO  ratis.XceiverServerRatis (XceiverServerRatis.java:start(481)) - Starting XceiverServerRatis 348051e8-9d7e-4807-b60e-e38d4836e670
2022-10-08 01:33:58,984 [EndpointStateMachine task thread for /0.0.0.0:40879 - 0 ] INFO  server.RaftServer (RaftServerProxy.java:lambda$start$6(382)) - 348051e8-9d7e-4807-b60e-e38d4836e670: start RPC server
2022-10-08 01:33:58,995 [ReplicationMonitor] INFO  replication.ReplicationManager (ReplicationManager.java:processAll(291)) - Replication Manager is not ready to run until 3000ms after safemode exit
2022-10-08 01:33:59,005 [EndpointStateMachine task thread for /0.0.0.0:40879 - 0 ] INFO  server.GrpcService (GrpcService.java:startImpl(260)) - 348051e8-9d7e-4807-b60e-e38d4836e670: GrpcService started, listening on 37667
2022-10-08 01:33:59,005 [EndpointStateMachine task thread for /0.0.0.0:40879 - 0 ] INFO  ratis.XceiverServerRatis (XceiverServerRatis.java:getRealPort(502)) - XceiverServerRatis 348051e8-9d7e-4807-b60e-e38d4836e670 is started using port 37667 for RATIS
2022-10-08 01:33:59,005 [EndpointStateMachine task thread for /0.0.0.0:40879 - 0 ] INFO  ratis.XceiverServerRatis (XceiverServerRatis.java:getRealPort(502)) - XceiverServerRatis 348051e8-9d7e-4807-b60e-e38d4836e670 is started using port 37667 for RATIS_ADMIN
2022-10-08 01:33:59,005 [EndpointStateMachine task thread for /0.0.0.0:40879 - 0 ] INFO  ratis.XceiverServerRatis (XceiverServerRatis.java:getRealPort(502)) - XceiverServerRatis 348051e8-9d7e-4807-b60e-e38d4836e670 is started using port 37667 for RATIS_SERVER
2022-10-08 01:33:59,005 [org.apache.ratis.util.JvmPauseMonitor$$Lambda$636/846962177@988a217] INFO  util.JvmPauseMonitor (JvmPauseMonitor.java:run(103)) - JvmPauseMonitor-348051e8-9d7e-4807-b60e-e38d4836e670: Started
2022-10-08 01:33:59,081 [EndpointStateMachine task thread for /0.0.0.0:40879 - 0 ] INFO  server.XceiverServerGrpc (XceiverServerGrpc.java:start(180)) - XceiverServerGrpc 348051e8-9d7e-4807-b60e-e38d4836e670 is started using port 35437
2022-10-08 01:33:59,400 [Listener at 127.0.0.1/38829] INFO  handler.ContextHandler (ContextHandler.java:doStart(915)) - Started o.e.j.w.WebAppContext@3d4f8030{hddsDatanode,/,file:///tmp/jetty-0_0_0_0-37661-hdds-container-service-1_3_0-SNAPSHOT_jar-_-any-4199467924637755095/webapp/,AVAILABLE}{jar:file:/home/runner/.m2/repository/org/apache/ozone/hdds-container-service/1.3.0-SNAPSHOT/hdds-container-service-1.3.0-SNAPSHOT.jar!/webapps/hddsDatanode}
2022-10-08 01:33:59,420 [Listener at 127.0.0.1/38829] INFO  server.AbstractConnector (AbstractConnector.java:doStart(331)) - Started ServerConnector@1feb441{HTTP/1.1, (http/1.1)}{0.0.0.0:37661}
2022-10-08 01:33:59,420 [Listener at 127.0.0.1/38829] INFO  server.Server (Server.java:doStart(415)) - Started @165692ms
2022-10-08 01:33:59,420 [Listener at 127.0.0.1/38829] WARN  impl.MetricsSystemImpl (MetricsSystemImpl.java:register(279)) - Sink prometheus already exists!
2022-10-08 01:33:59,421 [Listener at 127.0.0.1/38829] INFO  http.BaseHttpServer (BaseHttpServer.java:updateConnectorAddress(333)) - HTTP server of hddsDatanode listening at http://0.0.0.0:37661
2022-10-08 01:33:59,421 [Listener at 127.0.0.1/38829] INFO  ozone.MiniOzoneClusterImpl (MiniOzoneClusterImpl.java:lambda$waitForClusterToBeReady$0(216)) - Waiting for nodes to be ready. Got 2 of 5 DN Heartbeats.
2022-10-08 01:33:59,421 [Listener at 127.0.0.1/38829] INFO  ozone.MiniOzoneClusterImpl (MiniOzoneClusterImpl.java:lambda$waitForClusterToBeReady$0(219)) - Waiting for cluster to exit safe mode
2022-10-08 01:33:59,421 [Listener at 127.0.0.1/38829] INFO  ozone.MiniOzoneClusterImpl (MiniOzoneClusterImpl.java:lambda$waitForClusterToBeReady$0(221)) - SCM became leader
2022-10-08 01:33:59,436 [Datanode State Machine Daemon Thread] INFO  statemachine.DatanodeStateMachine (DatanodeStateMachine.java:lambda$startDaemon$0(492)) - Ozone container server started.
2022-10-08 01:33:59,508 [org.apache.hadoop.util.JvmPauseMonitor$Monitor@5a53a7ce] INFO  util.JvmPauseMonitor (JvmPauseMonitor.java:run(188)) - Starting JVM pause monitor
2022-10-08 01:33:59,517 [Datanode State Machine Task Thread - 0] INFO  datanode.InitDatanodeState (InitDatanodeState.java:persistContainerDatanodeDetails(138)) - DatanodeDetails is persisted to /home/runner/work/ozone/ozone/hadoop-ozone/integration-test/target/test-dir/MiniOzoneClusterImpl-4672e814-a320-46b2-9281-7449f9d84a79/datanode-4/meta/datanode.id
2022-10-08 01:33:59,995 [ReplicationMonitor] INFO  replication.ReplicationManager (ReplicationManager.java:processAll(291)) - Replication Manager is not ready to run until 3000ms after safemode exit
2022-10-08 01:34:00,266 [EndpointStateMachine task thread for /0.0.0.0:40879 - 0 ] INFO  volume.HddsVolume (HddsVolume.java:createDbStore(307)) - SchemaV3 db is created and loaded at /home/runner/work/ozone/ozone/hadoop-ozone/integration-test/target/test-dir/MiniOzoneClusterImpl-4672e814-a320-46b2-9281-7449f9d84a79/datanode-3/data-0/containers/hdds/4672e814-a320-46b2-9281-7449f9d84a79/DS-27980c63-4b2a-4e3c-948f-0a65aef1a1b7/container.db for volume DS-27980c63-4b2a-4e3c-948f-0a65aef1a1b7
2022-10-08 01:34:00,267 [EndpointStateMachine task thread for /0.0.0.0:40879 - 0 ] INFO  volume.HddsVolume (HddsVolume.java:closeDbStore(338)) - SchemaV3 db is stopped at /home/runner/work/ozone/ozone/hadoop-ozone/integration-test/target/test-dir/MiniOzoneClusterImpl-4672e814-a320-46b2-9281-7449f9d84a79/datanode-3/data-0/containers/hdds/4672e814-a320-46b2-9281-7449f9d84a79/DS-27980c63-4b2a-4e3c-948f-0a65aef1a1b7/container.db for volume DS-27980c63-4b2a-4e3c-948f-0a65aef1a1b7
2022-10-08 01:34:00,267 [EndpointStateMachine task thread for /0.0.0.0:40879 - 0 ] INFO  ozoneimpl.OzoneContainer (OzoneContainer.java:start(378)) - Attempting to start container services.
2022-10-08 01:34:00,267 [EndpointStateMachine task thread for /0.0.0.0:40879 - 0 ] INFO  ozoneimpl.OzoneContainer (OzoneContainer.java:startContainerScrub(313)) - Background container scanner has been disabled.
2022-10-08 01:34:00,320 [EndpointStateMachine task thread for /0.0.0.0:40879 - 0 ] INFO  replication.ReplicationServer (ReplicationServer.java:start(111)) - ReplicationServer is started using port 43837
2022-10-08 01:34:00,320 [EndpointStateMachine task thread for /0.0.0.0:40879 - 0 ] INFO  ratis.XceiverServerRatis (XceiverServerRatis.java:start(481)) - Starting XceiverServerRatis a7d0fe55-ea9d-44f8-999b-89e5c9054a1b
2022-10-08 01:34:00,324 [EndpointStateMachine task thread for /0.0.0.0:40879 - 0 ] INFO  server.RaftServer (RaftServerProxy.java:lambda$start$6(382)) - a7d0fe55-ea9d-44f8-999b-89e5c9054a1b: start RPC server
2022-10-08 01:34:00,329 [EndpointStateMachine task thread for /0.0.0.0:40879 - 0 ] INFO  server.GrpcService (GrpcService.java:startImpl(260)) - a7d0fe55-ea9d-44f8-999b-89e5c9054a1b: GrpcService started, listening on 37899
2022-10-08 01:34:00,334 [EndpointStateMachine task thread for /0.0.0.0:40879 - 0 ] INFO  ratis.XceiverServerRatis (XceiverServerRatis.java:getRealPort(502)) - XceiverServerRatis a7d0fe55-ea9d-44f8-999b-89e5c9054a1b is started using port 37899 for RATIS
2022-10-08 01:34:00,334 [EndpointStateMachine task thread for /0.0.0.0:40879 - 0 ] INFO  ratis.XceiverServerRatis (XceiverServerRatis.java:getRealPort(502)) - XceiverServerRatis a7d0fe55-ea9d-44f8-999b-89e5c9054a1b is started using port 37899 for RATIS_ADMIN
2022-10-08 01:34:00,334 [EndpointStateMachine task thread for /0.0.0.0:40879 - 0 ] INFO  ratis.XceiverServerRatis (XceiverServerRatis.java:getRealPort(502)) - XceiverServerRatis a7d0fe55-ea9d-44f8-999b-89e5c9054a1b is started using port 37899 for RATIS_SERVER
2022-10-08 01:34:00,334 [org.apache.ratis.util.JvmPauseMonitor$$Lambda$636/846962177@13b460c4] INFO  util.JvmPauseMonitor (JvmPauseMonitor.java:run(103)) - JvmPauseMonitor-a7d0fe55-ea9d-44f8-999b-89e5c9054a1b: Started
2022-10-08 01:34:00,412 [EndpointStateMachine task thread for /0.0.0.0:40879 - 0 ] INFO  server.XceiverServerGrpc (XceiverServerGrpc.java:start(180)) - XceiverServerGrpc a7d0fe55-ea9d-44f8-999b-89e5c9054a1b is started using port 43521
2022-10-08 01:34:00,421 [Listener at 127.0.0.1/38829] INFO  ozone.MiniOzoneClusterImpl (MiniOzoneClusterImpl.java:lambda$waitForClusterToBeReady$0(216)) - Waiting for nodes to be ready. Got 2 of 5 DN Heartbeats.
2022-10-08 01:34:00,421 [Listener at 127.0.0.1/38829] INFO  ozone.MiniOzoneClusterImpl (MiniOzoneClusterImpl.java:lambda$waitForClusterToBeReady$0(219)) - Waiting for cluster to exit safe mode
2022-10-08 01:34:00,421 [Listener at 127.0.0.1/38829] INFO  ozone.MiniOzoneClusterImpl (MiniOzoneClusterImpl.java:lambda$waitForClusterToBeReady$0(221)) - SCM became leader
2022-10-08 01:34:00,703 [IPC Server handler 0 on default port 40879] INFO  net.NetworkTopologyImpl (NetworkTopologyImpl.java:add(112)) - Added a new node: /default-rack/348051e8-9d7e-4807-b60e-e38d4836e670
2022-10-08 01:34:00,703 [IPC Server handler 0 on default port 40879] INFO  node.SCMNodeManager (SCMNodeManager.java:register(397)) - Registered Data node : 348051e8-9d7e-4807-b60e-e38d4836e670{ip: 10.1.0.61, host: fv-az180-867.g3pwtgv4ffyuhaixmbmm0kyh3d.gx.internal.cloudapp.net, ports: [REPLICATION=40287, RATIS=37667, RATIS_ADMIN=37667, RATIS_SERVER=37667, STANDALONE=35437], networkLocation: /default-rack, certSerialId: null, persistedOpState: null, persistedOpStateExpiryEpochSec: 0}
2022-10-08 01:34:00,703 [EventQueue-NewNodeForNewNodeHandler] INFO  pipeline.BackgroundPipelineCreator (BackgroundPipelineCreator.java:notifyEventTriggered(276)) - trigger a one-shot run on RatisPipelineUtilsThread.
2022-10-08 01:34:00,703 [EventQueue-NodeRegistrationContainerReportForDataNodeSafeModeRule] INFO  safemode.SCMSafeModeManager (DataNodeSafeModeRule.java:process(71)) - SCM in safe mode. 3 DataNodes registered, 3 required.
2022-10-08 01:34:00,704 [EventQueue-NodeRegistrationContainerReportForDataNodeSafeModeRule] INFO  safemode.SCMSafeModeManager (SCMSafeModeManager.java:validateSafeModeExitRules(204)) - DataNodeSafeModeRule rule is successfully validated
2022-10-08 01:34:00,704 [EventQueue-NodeRegistrationContainerReportForDataNodeSafeModeRule] INFO  safemode.SCMSafeModeManager (SCMSafeModeManager.java:completePreCheck(233)) - All SCM safe mode pre check rules have passed
2022-10-08 01:34:00,704 [EventQueue-NodeRegistrationContainerReportForDataNodeSafeModeRule] WARN  events.EventQueue (EventQueue.java:fireEvent(216)) - No event handler registered for event TypedEvent{payloadType=SafeModeStatus, name='Safe mode status'}
2022-10-08 01:34:00,704 [RatisPipelineUtilsThread - 0] INFO  pipeline.RatisPipelineProvider (RatisPipelineProvider.java:lambda$create$0(195)) - Sending CreatePipelineCommand for pipeline:PipelineID=ba5a9a81-b3e0-4479-abe4-dafc38f9d859 to datanode:348051e8-9d7e-4807-b60e-e38d4836e670
2022-10-08 01:34:00,704 [EventQueue-NodeRegistrationContainerReportForDataNodeSafeModeRule] INFO  ha.SCMContext (SCMContext.java:updateSafeModeStatus(228)) - Update SafeModeStatus from SafeModeStatus{safeModeStatus=true, preCheckPassed=false} to SafeModeStatus{safeModeStatus=true, preCheckPassed=true}.
2022-10-08 01:34:00,704 [EventQueue-NodeRegistrationContainerReportForDataNodeSafeModeRule] INFO  pipeline.BackgroundPipelineCreator (BackgroundPipelineCreator.java:notifyEventTriggered(276)) - trigger a one-shot run on RatisPipelineUtilsThread.
2022-10-08 01:34:00,704 [RatisPipelineUtilsThread - 0] INFO  pipeline.PipelineStateManagerImpl (PipelineStateManagerImpl.java:addPipeline(103)) - Created pipeline Pipeline[ Id: ba5a9a81-b3e0-4479-abe4-dafc38f9d859, Nodes: 348051e8-9d7e-4807-b60e-e38d4836e670{ip: 10.1.0.61, host: fv-az180-867.g3pwtgv4ffyuhaixmbmm0kyh3d.gx.internal.cloudapp.net, ports: [REPLICATION=40287, RATIS=37667, RATIS_ADMIN=37667, RATIS_SERVER=37667, STANDALONE=35437], networkLocation: /default-rack, certSerialId: null, persistedOpState: IN_SERVICE, persistedOpStateExpiryEpochSec: 0}, ReplicationConfig: RATIS/ONE, State:ALLOCATED, leaderId:, CreationTimestamp2022-10-08T01:34:00.704Z[Etc/UTC]].
2022-10-08 01:34:00,704 [RatisPipelineUtilsThread - 0] INFO  pipeline.RatisPipelineProvider (RatisPipelineProvider.java:lambda$create$0(195)) - Sending CreatePipelineCommand for pipeline:PipelineID=f86038f5-ec5a-4ff6-9073-e300156fb220 to datanode:6822e6b6-300a-445d-9551-e629b68d3cd6
2022-10-08 01:34:00,704 [RatisPipelineUtilsThread - 0] INFO  pipeline.RatisPipelineProvider (RatisPipelineProvider.java:lambda$create$0(195)) - Sending CreatePipelineCommand for pipeline:PipelineID=f86038f5-ec5a-4ff6-9073-e300156fb220 to datanode:74407c01-bc2d-4222-b781-024ddeaebfd0
2022-10-08 01:34:00,705 [RatisPipelineUtilsThread - 0] INFO  pipeline.RatisPipelineProvider (RatisPipelineProvider.java:lambda$create$0(195)) - Sending CreatePipelineCommand for pipeline:PipelineID=f86038f5-ec5a-4ff6-9073-e300156fb220 to datanode:348051e8-9d7e-4807-b60e-e38d4836e670
2022-10-08 01:34:00,705 [RatisPipelineUtilsThread - 0] INFO  pipeline.PipelineStateManagerImpl (PipelineStateManagerImpl.java:addPipeline(103)) - Created pipeline Pipeline[ Id: f86038f5-ec5a-4ff6-9073-e300156fb220, Nodes: 6822e6b6-300a-445d-9551-e629b68d3cd6{ip: 10.1.0.61, host: fv-az180-867.g3pwtgv4ffyuhaixmbmm0kyh3d.gx.internal.cloudapp.net, ports: [REPLICATION=42871, RATIS=33271, RATIS_ADMIN=33271, RATIS_SERVER=33271, STANDALONE=40923], networkLocation: /default-rack, certSerialId: null, persistedOpState: IN_SERVICE, persistedOpStateExpiryEpochSec: 0}74407c01-bc2d-4222-b781-024ddeaebfd0{ip: 10.1.0.61, host: fv-az180-867.g3pwtgv4ffyuhaixmbmm0kyh3d.gx.internal.cloudapp.net, ports: [REPLICATION=43711, RATIS=42125, RATIS_ADMIN=42125, RATIS_SERVER=42125, STANDALONE=37771], networkLocation: /default-rack, certSerialId: null, persistedOpState: IN_SERVICE, persistedOpStateExpiryEpochSec: 0}348051e8-9d7e-4807-b60e-e38d4836e670{ip: 10.1.0.61, host: fv-az180-867.g3pwtgv4ffyuhaixmbmm0kyh3d.gx.internal.cloudapp.net, ports: [REPLICATION=40287, RATIS=37667, RATIS_ADMIN=37667, RATIS_SERVER=37667, STANDALONE=35437], networkLocation: /default-rack, certSerialId: null, persistedOpState: IN_SERVICE, persistedOpStateExpiryEpochSec: 0}, ReplicationConfig: RATIS/THREE, State:ALLOCATED, leaderId:, CreationTimestamp2022-10-08T01:34:00.704Z[Etc/UTC]].
2022-10-08 01:34:00,815 [Command processor thread] INFO  server.RaftServer (RaftServerProxy.java:addNew(96)) - 6822e6b6-300a-445d-9551-e629b68d3cd6: addNew group-116CD948AFD1:[6822e6b6-300a-445d-9551-e629b68d3cd6|rpc:10.1.0.61:33271|priority:1] returns group-116CD948AFD1:java.util.concurrent.CompletableFuture@8707a23[Not completed]
2022-10-08 01:34:00,816 [pool-690-thread-1] INFO  server.RaftServer$Division (RaftServerImpl.java:<init>(190)) - 6822e6b6-300a-445d-9551-e629b68d3cd6: new RaftServerImpl for group-116CD948AFD1:[6822e6b6-300a-445d-9551-e629b68d3cd6|rpc:10.1.0.61:33271|priority:1] with ContainerStateMachine:uninitialized
2022-10-08 01:34:00,816 [pool-690-thread-1] INFO  server.RaftServerConfigKeys (ConfUtils.java:logGet(46)) - raft.server.rpc.timeout.min = 5s (custom)
2022-10-08 01:34:00,816 [pool-690-thread-1] INFO  server.RaftServerConfigKeys (ConfUtils.java:logGet(46)) - raft.server.rpc.timeout.max = 5200ms (custom)
2022-10-08 01:34:00,816 [pool-690-thread-1] INFO  server.RaftServerConfigKeys (ConfUtils.java:logGet(46)) - raft.server.rpc.sleep.time = 25ms (default)
2022-10-08 01:34:00,816 [pool-690-thread-1] INFO  server.RaftServerConfigKeys (ConfUtils.java:logGet(46)) - raft.server.rpc.slowness.timeout = 300s (custom)
2022-10-08 01:34:00,816 [pool-690-thread-1] INFO  server.RaftServerConfigKeys (ConfUtils.java:logGet(46)) - raft.server.leaderelection.leader.step-down.wait-time = 10s (default)
2022-10-08 01:34:00,816 [pool-690-thread-1] INFO  server.RaftServerConfigKeys (ConfUtils.java:logGet(46)) - raft.server.sleep.deviation.threshold = 300ms (default)
2022-10-08 01:34:00,816 [pool-690-thread-1] INFO  server.RaftServer$Division (ServerState.java:<init>(107)) - 6822e6b6-300a-445d-9551-e629b68d3cd6@group-116CD948AFD1: ConfigurationManager, init=-1: [6822e6b6-300a-445d-9551-e629b68d3cd6|rpc:10.1.0.61:33271|priority:1], old=null, confs=<EMPTY_MAP>
2022-10-08 01:34:00,816 [pool-690-thread-1] INFO  server.RaftServerConfigKeys (ConfUtils.java:logGet(46)) - raft.server.storage.dir = [/home/runner/work/ozone/ozone/hadoop-ozone/integration-test/target/test-dir/MiniOzoneClusterImpl-4672e814-a320-46b2-9281-7449f9d84a79/datanode-0/data/ratis] (custom)
2022-10-08 01:34:00,817 [pool-690-thread-1] INFO  server.RaftServerConfigKeys (ConfUtils.java:logGet(46)) - raft.server.log.corruption.policy = EXCEPTION (default)
2022-10-08 01:34:00,817 [pool-690-thread-1] INFO  server.RaftServerConfigKeys (ConfUtils.java:logGet(46)) - raft.server.storage.free-space.min = 0MB (=0) (default)
2022-10-08 01:34:00,817 [pool-690-thread-1] INFO  storage.RaftStorageDirectory (RaftStorageDirectoryImpl.java:analyzeStorage(135)) - The storage directory /home/runner/work/ozone/ozone/hadoop-ozone/integration-test/target/test-dir/MiniOzoneClusterImpl-4672e814-a320-46b2-9281-7449f9d84a79/datanode-0/data/ratis/adff822c-f961-4ade-98fe-116cd948afd1 does not exist. Creating ...
2022-10-08 01:34:00,844 [pool-690-thread-1] INFO  storage.RaftStorageDirectory (RaftStorageDirectoryImpl.java:tryLock(230)) - Lock on /home/runner/work/ozone/ozone/hadoop-ozone/integration-test/target/test-dir/MiniOzoneClusterImpl-4672e814-a320-46b2-9281-7449f9d84a79/datanode-0/data/ratis/adff822c-f961-4ade-98fe-116cd948afd1/in_use.lock acquired by nodename 52807@fv-az180-867
2022-10-08 01:34:00,899 [pool-690-thread-1] INFO  storage.RaftStorage (RaftStorageImpl.java:format(89)) - Storage directory /home/runner/work/ozone/ozone/hadoop-ozone/integration-test/target/test-dir/MiniOzoneClusterImpl-4672e814-a320-46b2-9281-7449f9d84a79/datanode-0/data/ratis/adff822c-f961-4ade-98fe-116cd948afd1 has been successfully formatted.
2022-10-08 01:34:00,939 [pool-690-thread-1] INFO  ratis.ContainerStateMachine (ContainerStateMachine.java:loadSnapshot(236)) - group-116CD948AFD1: The snapshot info is null. Setting the last applied indexto:(t:0, i:~)
2022-10-08 01:34:00,939 [pool-690-thread-1] INFO  server.RaftServerConfigKeys (ConfUtils.java:logGet(46)) - raft.server.notification.no-leader.timeout = 300s (custom)
2022-10-08 01:34:00,939 [pool-690-thread-1] INFO  server.RaftServerConfigKeys (ConfUtils.java:logGet(46)) - raft.server.log.use.memory = false (default)
2022-10-08 01:34:00,939 [pool-690-thread-1] INFO  server.RaftServerConfigKeys (ConfUtils.java:logGet(46)) - raft.server.log.purge.gap = 1000000 (custom)
2022-10-08 01:34:00,939 [pool-690-thread-1] INFO  server.RaftServerConfigKeys (ConfUtils.java:logGet(46)) - raft.server.log.appender.buffer.byte-limit = 33554432 (custom)
2022-10-08 01:34:00,939 [pool-690-thread-1] INFO  server.RaftServerConfigKeys (ConfUtils.java:logGet(46)) - raft.server.log.statemachine.data.read.timeout = 1000ms (default)
2022-10-08 01:34:00,939 [pool-690-thread-1] INFO  server.RaftServerConfigKeys (ConfUtils.java:logGet(46)) - raft.server.log.segment.size.max = 1048576 (custom)
2022-10-08 01:34:00,940 [pool-690-thread-1] INFO  server.RaftServerConfigKeys (ConfUtils.java:logGet(46)) - raft.server.log.segment.cache.num.max = 2 (custom)
2022-10-08 01:34:00,940 [pool-690-thread-1] INFO  server.RaftServerConfigKeys (ConfUtils.java:logGet(46)) - raft.server.log.segment.cache.size.max = 200MB (=209715200) (default)
2022-10-08 01:34:00,940 [pool-690-thread-1] INFO  segmented.SegmentedRaftLogWorker (SegmentedRaftLogWorker.java:<init>(187)) - new 6822e6b6-300a-445d-9551-e629b68d3cd6@group-116CD948AFD1-SegmentedRaftLogWorker for RaftStorageImpl:Storage Directory /home/runner/work/ozone/ozone/hadoop-ozone/integration-test/target/test-dir/MiniOzoneClusterImpl-4672e814-a320-46b2-9281-7449f9d84a79/datanode-0/data/ratis/adff822c-f961-4ade-98fe-116cd948afd1
2022-10-08 01:34:00,940 [pool-690-thread-1] INFO  server.RaftServerConfigKeys (ConfUtils.java:logGet(46)) - raft.server.log.queue.byte-limit = 4294967296 (custom)
2022-10-08 01:34:00,940 [pool-690-thread-1] INFO  server.RaftServerConfigKeys (ConfUtils.java:logGet(46)) - raft.server.log.queue.element-limit = 1024 (custom)
2022-10-08 01:34:00,940 [pool-690-thread-1] INFO  server.RaftServerConfigKeys (ConfUtils.java:logGet(46)) - raft.server.log.segment.size.max = 1048576 (custom)
2022-10-08 01:34:00,940 [pool-690-thread-1] INFO  server.RaftServerConfigKeys (ConfUtils.java:logGet(46)) - raft.server.log.preallocated.size = 16384 (custom)
2022-10-08 01:34:00,940 [pool-690-thread-1] INFO  server.RaftServerConfigKeys (ConfUtils.java:logGet(46)) - raft.server.log.force.sync.num = 128 (default)
2022-10-08 01:34:00,940 [pool-690-thread-1] INFO  server.RaftServerConfigKeys (ConfUtils.java:logGet(46)) - raft.server.log.statemachine.data.sync = true (default)
2022-10-08 01:34:00,941 [pool-690-thread-1] INFO  server.RaftServerConfigKeys (ConfUtils.java:logGet(46)) - raft.server.log.statemachine.data.sync.timeout = 10s (default)
2022-10-08 01:34:00,941 [pool-690-thread-1] INFO  server.RaftServerConfigKeys (ConfUtils.java:logGet(46)) - raft.server.log.statemachine.data.sync.timeout.retry = -1 (default)
2022-10-08 01:34:00,942 [pool-690-thread-1] INFO  server.RaftServerConfigKeys (ConfUtils.java:logGet(46)) - raft.server.log.write.buffer.size = 1048576 (custom)
2022-10-08 01:34:00,942 [pool-690-thread-1] INFO  server.RaftServerConfigKeys (ConfUtils.java:logGet(46)) - raft.server.log.unsafe-flush.enabled = false (default)
2022-10-08 01:34:00,942 [pool-690-thread-1] INFO  server.RaftServerConfigKeys (ConfUtils.java:logGet(46)) - raft.server.log.statemachine.data.caching.enabled = true (custom)
2022-10-08 01:34:00,942 [pool-690-thread-1] INFO  segmented.SegmentedRaftLogWorker (SegmentedRaftLogWorker.java:lambda$new$0(135)) - 6822e6b6-300a-445d-9551-e629b68d3cd6@group-116CD948AFD1-SegmentedRaftLogWorker: flushIndex: setUnconditionally 0 -> -1
2022-10-08 01:34:00,942 [pool-690-thread-1] INFO  segmented.SegmentedRaftLogWorker (SegmentedRaftLogWorker.java:lambda$new$0(135)) - 6822e6b6-300a-445d-9551-e629b68d3cd6@group-116CD948AFD1-SegmentedRaftLogWorker: safeCacheEvictIndex: setUnconditionally 0 -> -1
2022-10-08 01:34:00,972 [pool-690-thread-1] INFO  server.RaftServerConfigKeys (ConfUtils.java:logGet(46)) - raft.server.snapshot.auto.trigger.enabled = true (custom)
2022-10-08 01:34:00,972 [pool-690-thread-1] INFO  server.RaftServerConfigKeys (ConfUtils.java:logGet(46)) - raft.server.snapshot.auto.trigger.threshold = 10000 (custom)
2022-10-08 01:34:00,972 [pool-690-thread-1] INFO  server.RaftServerConfigKeys (ConfUtils.java:logGet(46)) - raft.server.snapshot.retention.file.num = 5 (custom)
2022-10-08 01:34:00,972 [pool-690-thread-1] INFO  server.RaftServerConfigKeys (ConfUtils.java:logGet(46)) - raft.server.log.purge.upto.snapshot.index = false (default)
2022-10-08 01:34:00,972 [pool-690-thread-1] INFO  server.RaftServerConfigKeys (ConfUtils.java:logGet(46)) - raft.server.retrycache.expirytime = 600000ms (custom)
2022-10-08 01:34:00,972 [pool-690-thread-1] INFO  server.RaftServerConfigKeys (ConfUtils.java:logGet(46)) - raft.server.retrycache.statistics.expirytime = 100μs (default)
2022-10-08 01:34:00,972 [EventQueue-PipelineReportForPipelineReportHandler] INFO  pipeline.PipelineManagerImpl (PipelineManagerImpl.java:openPipeline(367)) - Pipeline Pipeline[ Id: adff822c-f961-4ade-98fe-116cd948afd1, Nodes: 6822e6b6-300a-445d-9551-e629b68d3cd6{ip: 10.1.0.61, host: fv-az180-867.g3pwtgv4ffyuhaixmbmm0kyh3d.gx.internal.cloudapp.net, ports: [REPLICATION=42871, RATIS=33271, RATIS_ADMIN=33271, RATIS_SERVER=33271, STANDALONE=40923], networkLocation: /default-rack, certSerialId: null, persistedOpState: IN_SERVICE, persistedOpStateExpiryEpochSec: 0}, ReplicationConfig: RATIS/ONE, State:ALLOCATED, leaderId:6822e6b6-300a-445d-9551-e629b68d3cd6, CreationTimestamp2022-10-08T01:33:57.896Z[Etc/UTC]] moved to OPEN state
2022-10-08 01:34:00,996 [ReplicationMonitor] INFO  replication.ReplicationManager (ReplicationManager.java:processAll(291)) - Replication Manager is not ready to run until 3000ms after safemode exit
2022-10-08 01:34:00,996 [EventQueue-OpenPipelineForHealthyPipelineSafeModeRule] INFO  safemode.SCMSafeModeManager (HealthyPipelineSafeModeRule.java:process(137)) - SCM in safe mode. Healthy pipelines reported count is 0, required healthy pipeline reported count is 1
2022-10-08 01:34:01,009 [pool-690-thread-1] INFO  server.RaftServerConfigKeys (ConfUtils.java:logGet(46)) - raft.server.log.appender.install.snapshot.enabled = false (custom)
2022-10-08 01:34:01,010 [pool-690-thread-1] INFO  server.RaftServerConfigKeys (ConfUtils.java:logGet(46)) - raft.server.threadpool.server.cached = true (default)
2022-10-08 01:34:01,010 [pool-690-thread-1] INFO  server.RaftServerConfigKeys (ConfUtils.java:logGet(46)) - raft.server.threadpool.server.size = 0 (default)
2022-10-08 01:34:01,010 [pool-690-thread-1] INFO  server.RaftServerConfigKeys (ConfUtils.java:logGet(46)) - raft.server.threadpool.client.cached = true (default)
2022-10-08 01:34:01,010 [pool-690-thread-1] INFO  server.RaftServerConfigKeys (ConfUtils.java:logGet(46)) - raft.server.threadpool.client.size = 0 (default)
2022-10-08 01:34:01,010 [pool-690-thread-1] INFO  server.RaftServer$Division (RaftServerImpl.java:start(310)) - 6822e6b6-300a-445d-9551-e629b68d3cd6@group-116CD948AFD1: start as a follower, conf=-1: [6822e6b6-300a-445d-9551-e629b68d3cd6|rpc:10.1.0.61:33271|priority:1], old=null
2022-10-08 01:34:01,010 [pool-690-thread-1] INFO  server.RaftServer$Division (RaftServerImpl.java:setRole(299)) - 6822e6b6-300a-445d-9551-e629b68d3cd6@group-116CD948AFD1: changes role from      null to FOLLOWER at term 0 for startAsFollower
2022-10-08 01:34:01,010 [pool-690-thread-1] INFO  impl.RoleInfo (RoleInfo.java:updateAndGet(139)) - 6822e6b6-300a-445d-9551-e629b68d3cd6: start 6822e6b6-300a-445d-9551-e629b68d3cd6@group-116CD948AFD1-FollowerState
2022-10-08 01:34:01,049 [pool-690-thread-1] INFO  util.JmxRegister (JmxRegister.java:tryRegister(44)) - Successfully registered JMX Bean with object name Ratis:service=RaftServer,group=group-116CD948AFD1,id=6822e6b6-300a-445d-9551-e629b68d3cd6
2022-10-08 01:34:01,050 [Command processor thread] INFO  ratis.XceiverServerRatis (XceiverServerRatis.java:addGroup(765)) - Created group PipelineID=adff822c-f961-4ade-98fe-116cd948afd1
2022-10-08 01:34:01,050 [Command processor thread] INFO  commandhandler.CreatePipelineCommandHandler (CreatePipelineCommandHandler.java:handle(113)) - Created Pipeline RATIS ONE PipelineID=adff822c-f961-4ade-98fe-116cd948afd1.
2022-10-08 01:34:01,051 [Command processor thread] INFO  server.RaftServer (RaftServerProxy.java:addNew(96)) - 6822e6b6-300a-445d-9551-e629b68d3cd6: addNew group-E300156FB220:[74407c01-bc2d-4222-b781-024ddeaebfd0|rpc:10.1.0.61:42125|priority:0, 348051e8-9d7e-4807-b60e-e38d4836e670|rpc:10.1.0.61:37667|priority:0, 6822e6b6-300a-445d-9551-e629b68d3cd6|rpc:10.1.0.61:33271|priority:1] returns group-E300156FB220:java.util.concurrent.CompletableFuture@c4feff5[Not completed]
2022-10-08 01:34:01,051 [pool-690-thread-1] INFO  server.RaftServer$Division (RaftServerImpl.java:<init>(190)) - 6822e6b6-300a-445d-9551-e629b68d3cd6: new RaftServerImpl for group-E300156FB220:[74407c01-bc2d-4222-b781-024ddeaebfd0|rpc:10.1.0.61:42125|priority:0, 348051e8-9d7e-4807-b60e-e38d4836e670|rpc:10.1.0.61:37667|priority:0, 6822e6b6-300a-445d-9551-e629b68d3cd6|rpc:10.1.0.61:33271|priority:1] with ContainerStateMachine:uninitialized
2022-10-08 01:34:01,052 [pool-690-thread-1] INFO  server.RaftServerConfigKeys (ConfUtils.java:logGet(46)) - raft.server.rpc.timeout.min = 5s (custom)
2022-10-08 01:34:01,052 [pool-690-thread-1] INFO  server.RaftServerConfigKeys (ConfUtils.java:logGet(46)) - raft.server.rpc.timeout.max = 5200ms (custom)
2022-10-08 01:34:01,052 [pool-690-thread-1] INFO  server.RaftServerConfigKeys (ConfUtils.java:logGet(46)) - raft.server.rpc.sleep.time = 25ms (default)
2022-10-08 01:34:01,060 [pool-690-thread-1] INFO  server.RaftServerConfigKeys (ConfUtils.java:logGet(46)) - raft.server.rpc.slowness.timeout = 300s (custom)
2022-10-08 01:34:01,060 [pool-690-thread-1] INFO  server.RaftServerConfigKeys (ConfUtils.java:logGet(46)) - raft.server.leaderelection.leader.step-down.wait-time = 10s (default)
2022-10-08 01:34:01,060 [pool-690-thread-1] INFO  server.RaftServerConfigKeys (ConfUtils.java:logGet(46)) - raft.server.sleep.deviation.threshold = 300ms (default)
2022-10-08 01:34:01,060 [pool-690-thread-1] INFO  server.RaftServer$Division (ServerState.java:<init>(107)) - 6822e6b6-300a-445d-9551-e629b68d3cd6@group-E300156FB220: ConfigurationManager, init=-1: [74407c01-bc2d-4222-b781-024ddeaebfd0|rpc:10.1.0.61:42125|priority:0, 348051e8-9d7e-4807-b60e-e38d4836e670|rpc:10.1.0.61:37667|priority:0, 6822e6b6-300a-445d-9551-e629b68d3cd6|rpc:10.1.0.61:33271|priority:1], old=null, confs=<EMPTY_MAP>
2022-10-08 01:34:01,060 [pool-690-thread-1] INFO  server.RaftServerConfigKeys (ConfUtils.java:logGet(46)) - raft.server.storage.dir = [/home/runner/work/ozone/ozone/hadoop-ozone/integration-test/target/test-dir/MiniOzoneClusterImpl-4672e814-a320-46b2-9281-7449f9d84a79/datanode-0/data/ratis] (custom)
2022-10-08 01:34:01,060 [pool-690-thread-1] INFO  server.RaftServerConfigKeys (ConfUtils.java:logGet(46)) - raft.server.log.corruption.policy = EXCEPTION (default)
2022-10-08 01:34:01,060 [pool-690-thread-1] INFO  server.RaftServerConfigKeys (ConfUtils.java:logGet(46)) - raft.server.storage.free-space.min = 0MB (=0) (default)
2022-10-08 01:34:01,060 [pool-690-thread-1] INFO  storage.RaftStorageDirectory (RaftStorageDirectoryImpl.java:analyzeStorage(135)) - The storage directory /home/runner/work/ozone/ozone/hadoop-ozone/integration-test/target/test-dir/MiniOzoneClusterImpl-4672e814-a320-46b2-9281-7449f9d84a79/datanode-0/data/ratis/f86038f5-ec5a-4ff6-9073-e300156fb220 does not exist. Creating ...
2022-10-08 01:34:01,071 [pool-690-thread-1] INFO  storage.RaftStorageDirectory (RaftStorageDirectoryImpl.java:tryLock(230)) - Lock on /home/runner/work/ozone/ozone/hadoop-ozone/integration-test/target/test-dir/MiniOzoneClusterImpl-4672e814-a320-46b2-9281-7449f9d84a79/datanode-0/data/ratis/f86038f5-ec5a-4ff6-9073-e300156fb220/in_use.lock acquired by nodename 52807@fv-az180-867
2022-10-08 01:34:01,078 [pool-690-thread-1] INFO  storage.RaftStorage (RaftStorageImpl.java:format(89)) - Storage directory /home/runner/work/ozone/ozone/hadoop-ozone/integration-test/target/test-dir/MiniOzoneClusterImpl-4672e814-a320-46b2-9281-7449f9d84a79/datanode-0/data/ratis/f86038f5-ec5a-4ff6-9073-e300156fb220 has been successfully formatted.
2022-10-08 01:34:01,078 [pool-690-thread-1] INFO  ratis.ContainerStateMachine (ContainerStateMachine.java:loadSnapshot(236)) - group-E300156FB220: The snapshot info is null. Setting the last applied indexto:(t:0, i:~)
2022-10-08 01:34:01,078 [pool-690-thread-1] INFO  server.RaftServerConfigKeys (ConfUtils.java:logGet(46)) - raft.server.notification.no-leader.timeout = 300s (custom)
2022-10-08 01:34:01,078 [pool-690-thread-1] INFO  server.RaftServerConfigKeys (ConfUtils.java:logGet(46)) - raft.server.log.use.memory = false (default)
2022-10-08 01:34:01,078 [pool-690-thread-1] INFO  server.RaftServerConfigKeys (ConfUtils.java:logGet(46)) - raft.server.log.purge.gap = 1000000 (custom)
2022-10-08 01:34:01,078 [pool-690-thread-1] INFO  server.RaftServerConfigKeys (ConfUtils.java:logGet(46)) - raft.server.log.appender.buffer.byte-limit = 33554432 (custom)
2022-10-08 01:34:01,078 [pool-690-thread-1] INFO  server.RaftServerConfigKeys (ConfUtils.java:logGet(46)) - raft.server.log.statemachine.data.read.timeout = 1000ms (default)
2022-10-08 01:34:01,079 [pool-690-thread-1] INFO  server.RaftServerConfigKeys (ConfUtils.java:logGet(46)) - raft.server.log.segment.size.max = 1048576 (custom)
2022-10-08 01:34:01,079 [pool-690-thread-1] INFO  server.RaftServerConfigKeys (ConfUtils.java:logGet(46)) - raft.server.log.segment.cache.num.max = 2 (custom)
2022-10-08 01:34:01,079 [pool-690-thread-1] INFO  server.RaftServerConfigKeys (ConfUtils.java:logGet(46)) - raft.server.log.segment.cache.size.max = 200MB (=209715200) (default)
2022-10-08 01:34:01,079 [pool-690-thread-1] INFO  segmented.SegmentedRaftLogWorker (SegmentedRaftLogWorker.java:<init>(187)) - new 6822e6b6-300a-445d-9551-e629b68d3cd6@group-E300156FB220-SegmentedRaftLogWorker for RaftStorageImpl:Storage Directory /home/runner/work/ozone/ozone/hadoop-ozone/integration-test/target/test-dir/MiniOzoneClusterImpl-4672e814-a320-46b2-9281-7449f9d84a79/datanode-0/data/ratis/f86038f5-ec5a-4ff6-9073-e300156fb220
2022-10-08 01:34:01,079 [pool-690-thread-1] INFO  server.RaftServerConfigKeys (ConfUtils.java:logGet(46)) - raft.server.log.queue.byte-limit = 4294967296 (custom)
2022-10-08 01:34:01,079 [pool-690-thread-1] INFO  server.RaftServerConfigKeys (ConfUtils.java:logGet(46)) - raft.server.log.queue.element-limit = 1024 (custom)
2022-10-08 01:34:01,079 [pool-690-thread-1] INFO  server.RaftServerConfigKeys (ConfUtils.java:logGet(46)) - raft.server.log.segment.size.max = 1048576 (custom)
2022-10-08 01:34:01,079 [pool-690-thread-1] INFO  server.RaftServerConfigKeys (ConfUtils.java:logGet(46)) - raft.server.log.preallocated.size = 16384 (custom)
2022-10-08 01:34:01,079 [pool-690-thread-1] INFO  server.RaftServerConfigKeys (ConfUtils.java:logGet(46)) - raft.server.log.force.sync.num = 128 (default)
2022-10-08 01:34:01,079 [pool-690-thread-1] INFO  server.RaftServerConfigKeys (ConfUtils.java:logGet(46)) - raft.server.log.statemachine.data.sync = true (default)
2022-10-08 01:34:01,079 [pool-690-thread-1] INFO  server.RaftServerConfigKeys (ConfUtils.java:logGet(46)) - raft.server.log.statemachine.data.sync.timeout = 10s (default)
2022-10-08 01:34:01,079 [pool-690-thread-1] INFO  server.RaftServerConfigKeys (ConfUtils.java:logGet(46)) - raft.server.log.statemachine.data.sync.timeout.retry = -1 (default)
2022-10-08 01:34:01,081 [pool-690-thread-1] INFO  server.RaftServerConfigKeys (ConfUtils.java:logGet(46)) - raft.server.log.write.buffer.size = 1048576 (custom)
2022-10-08 01:34:01,081 [pool-690-thread-1] INFO  server.RaftServerConfigKeys (ConfUtils.java:logGet(46)) - raft.server.log.unsafe-flush.enabled = false (default)
2022-10-08 01:34:01,081 [pool-690-thread-1] INFO  server.RaftServerConfigKeys (ConfUtils.java:logGet(46)) - raft.server.log.statemachine.data.caching.enabled = true (custom)
2022-10-08 01:34:01,081 [pool-690-thread-1] INFO  segmented.SegmentedRaftLogWorker (SegmentedRaftLogWorker.java:lambda$new$0(135)) - 6822e6b6-300a-445d-9551-e629b68d3cd6@group-E300156FB220-SegmentedRaftLogWorker: flushIndex: setUnconditionally 0 -> -1
2022-10-08 01:34:01,081 [pool-690-thread-1] INFO  segmented.SegmentedRaftLogWorker (SegmentedRaftLogWorker.java:lambda$new$0(135)) - 6822e6b6-300a-445d-9551-e629b68d3cd6@group-E300156FB220-SegmentedRaftLogWorker: safeCacheEvictIndex: setUnconditionally 0 -> -1
2022-10-08 01:34:01,093 [pool-690-thread-1] INFO  server.RaftServerConfigKeys (ConfUtils.java:logGet(46)) - raft.server.snapshot.auto.trigger.enabled = true (custom)
2022-10-08 01:34:01,093 [pool-690-thread-1] INFO  server.RaftServerConfigKeys (ConfUtils.java:logGet(46)) - raft.server.snapshot.auto.trigger.threshold = 10000 (custom)
2022-10-08 01:34:01,093 [pool-690-thread-1] INFO  server.RaftServerConfigKeys (ConfUtils.java:logGet(46)) - raft.server.snapshot.retention.file.num = 5 (custom)
2022-10-08 01:34:01,093 [pool-690-thread-1] INFO  server.RaftServerConfigKeys (ConfUtils.java:logGet(46)) - raft.server.log.purge.upto.snapshot.index = false (default)
2022-10-08 01:34:01,093 [pool-690-thread-1] INFO  server.RaftServerConfigKeys (ConfUtils.java:logGet(46)) - raft.server.retrycache.expirytime = 600000ms (custom)
2022-10-08 01:34:01,093 [EventQueue-OpenPipelineForHealthyPipelineSafeModeRule] INFO  safemode.SCMSafeModeManager (HealthyPipelineSafeModeRule.java:process(137)) - SCM in safe mode. Healthy pipelines reported count is 0, required healthy pipeline reported count is 1
2022-10-08 01:34:01,095 [pool-690-thread-1] INFO  server.RaftServerConfigKeys (ConfUtils.java:logGet(46)) - raft.server.retrycache.statistics.expirytime = 100μs (default)
2022-10-08 01:34:01,097 [pool-690-thread-1] INFO  server.RaftServerConfigKeys (ConfUtils.java:logGet(46)) - raft.server.log.appender.install.snapshot.enabled = false (custom)
2022-10-08 01:34:01,097 [pool-690-thread-1] INFO  server.RaftServerConfigKeys (ConfUtils.java:logGet(46)) - raft.server.threadpool.server.cached = true (default)
2022-10-08 01:34:01,098 [pool-690-thread-1] INFO  server.RaftServerConfigKeys (ConfUtils.java:logGet(46)) - raft.server.threadpool.server.size = 0 (default)
2022-10-08 01:34:01,098 [pool-690-thread-1] INFO  server.RaftServerConfigKeys (ConfUtils.java:logGet(46)) - raft.server.threadpool.client.cached = true (default)
2022-10-08 01:34:01,098 [pool-690-thread-1] INFO  server.RaftServerConfigKeys (ConfUtils.java:logGet(46)) - raft.server.threadpool.client.size = 0 (default)
2022-10-08 01:34:01,098 [pool-690-thread-1] INFO  server.RaftServer$Division (RaftServerImpl.java:start(310)) - 6822e6b6-300a-445d-9551-e629b68d3cd6@group-E300156FB220: start as a follower, conf=-1: [74407c01-bc2d-4222-b781-024ddeaebfd0|rpc:10.1.0.61:42125|priority:0, 348051e8-9d7e-4807-b60e-e38d4836e670|rpc:10.1.0.61:37667|priority:0, 6822e6b6-300a-445d-9551-e629b68d3cd6|rpc:10.1.0.61:33271|priority:1], old=null
2022-10-08 01:34:01,098 [pool-690-thread-1] INFO  server.RaftServer$Division (RaftServerImpl.java:setRole(299)) - 6822e6b6-300a-445d-9551-e629b68d3cd6@group-E300156FB220: changes role from      null to FOLLOWER at term 0 for startAsFollower
2022-10-08 01:34:01,098 [pool-690-thread-1] INFO  impl.RoleInfo (RoleInfo.java:updateAndGet(139)) - 6822e6b6-300a-445d-9551-e629b68d3cd6: start 6822e6b6-300a-445d-9551-e629b68d3cd6@group-E300156FB220-FollowerState
2022-10-08 01:34:01,124 [pool-690-thread-1] INFO  util.JmxRegister (JmxRegister.java:tryRegister(44)) - Successfully registered JMX Bean with object name Ratis:service=RaftServer,group=group-E300156FB220,id=6822e6b6-300a-445d-9551-e629b68d3cd6
2022-10-08 01:34:01,172 [Command processor thread] INFO  ratis.XceiverServerRatis (XceiverServerRatis.java:addGroup(765)) - Created group PipelineID=f86038f5-ec5a-4ff6-9073-e300156fb220
2022-10-08 01:34:01,376 [grpc-default-executor-2] INFO  server.RaftServer (RaftServerProxy.java:addNew(96)) - 74407c01-bc2d-4222-b781-024ddeaebfd0: addNew group-E300156FB220:[74407c01-bc2d-4222-b781-024ddeaebfd0|rpc:10.1.0.61:42125|dataStream:|priority:0, 348051e8-9d7e-4807-b60e-e38d4836e670|rpc:10.1.0.61:37667|dataStream:|priority:0, 6822e6b6-300a-445d-9551-e629b68d3cd6|rpc:10.1.0.61:33271|dataStream:|priority:1] returns group-E300156FB220:java.util.concurrent.CompletableFuture@15790b37[Not completed]
2022-10-08 01:34:01,386 [pool-713-thread-1] INFO  server.RaftServer$Division (RaftServerImpl.java:<init>(190)) - 74407c01-bc2d-4222-b781-024ddeaebfd0: new RaftServerImpl for group-E300156FB220:[74407c01-bc2d-4222-b781-024ddeaebfd0|rpc:10.1.0.61:42125|dataStream:|priority:0, 348051e8-9d7e-4807-b60e-e38d4836e670|rpc:10.1.0.61:37667|dataStream:|priority:0, 6822e6b6-300a-445d-9551-e629b68d3cd6|rpc:10.1.0.61:33271|dataStream:|priority:1] with ContainerStateMachine:uninitialized
2022-10-08 01:34:01,386 [pool-713-thread-1] INFO  server.RaftServerConfigKeys (ConfUtils.java:logGet(46)) - raft.server.rpc.timeout.min = 5s (custom)
2022-10-08 01:34:01,386 [pool-713-thread-1] INFO  server.RaftServerConfigKeys (ConfUtils.java:logGet(46)) - raft.server.rpc.timeout.max = 5200ms (custom)
2022-10-08 01:34:01,386 [pool-713-thread-1] INFO  server.RaftServerConfigKeys (ConfUtils.java:logGet(46)) - raft.server.rpc.sleep.time = 25ms (default)
2022-10-08 01:34:01,386 [pool-713-thread-1] INFO  server.RaftServerConfigKeys (ConfUtils.java:logGet(46)) - raft.server.rpc.slowness.timeout = 300s (custom)
2022-10-08 01:34:01,386 [pool-713-thread-1] INFO  server.RaftServerConfigKeys (ConfUtils.java:logGet(46)) - raft.server.leaderelection.leader.step-down.wait-time = 10s (default)
2022-10-08 01:34:01,386 [pool-713-thread-1] INFO  server.RaftServerConfigKeys (ConfUtils.java:logGet(46)) - raft.server.sleep.deviation.threshold = 300ms (default)
2022-10-08 01:34:01,386 [pool-713-thread-1] INFO  server.RaftServer$Division (ServerState.java:<init>(107)) - 74407c01-bc2d-4222-b781-024ddeaebfd0@group-E300156FB220: ConfigurationManager, init=-1: [74407c01-bc2d-4222-b781-024ddeaebfd0|rpc:10.1.0.61:42125|dataStream:|priority:0, 348051e8-9d7e-4807-b60e-e38d4836e670|rpc:10.1.0.61:37667|dataStream:|priority:0, 6822e6b6-300a-445d-9551-e629b68d3cd6|rpc:10.1.0.61:33271|dataStream:|priority:1], old=null, confs=<EMPTY_MAP>
2022-10-08 01:34:01,386 [pool-713-thread-1] INFO  server.RaftServerConfigKeys (ConfUtils.java:logGet(46)) - raft.server.storage.dir = [/home/runner/work/ozone/ozone/hadoop-ozone/integration-test/target/test-dir/MiniOzoneClusterImpl-4672e814-a320-46b2-9281-7449f9d84a79/datanode-1/data/ratis] (custom)
2022-10-08 01:34:01,386 [pool-713-thread-1] INFO  server.RaftServerConfigKeys (ConfUtils.java:logGet(46)) - raft.server.log.corruption.policy = EXCEPTION (default)
2022-10-08 01:34:01,386 [pool-713-thread-1] INFO  server.RaftServerConfigKeys (ConfUtils.java:logGet(46)) - raft.server.storage.free-space.min = 0MB (=0) (default)
2022-10-08 01:34:01,386 [pool-713-thread-1] INFO  storage.RaftStorageDirectory (RaftStorageDirectoryImpl.java:analyzeStorage(135)) - The storage directory /home/runner/work/ozone/ozone/hadoop-ozone/integration-test/target/test-dir/MiniOzoneClusterImpl-4672e814-a320-46b2-9281-7449f9d84a79/datanode-1/data/ratis/f86038f5-ec5a-4ff6-9073-e300156fb220 does not exist. Creating ...
2022-10-08 01:34:01,407 [pool-713-thread-1] INFO  storage.RaftStorageDirectory (RaftStorageDirectoryImpl.java:tryLock(230)) - Lock on /home/runner/work/ozone/ozone/hadoop-ozone/integration-test/target/test-dir/MiniOzoneClusterImpl-4672e814-a320-46b2-9281-7449f9d84a79/datanode-1/data/ratis/f86038f5-ec5a-4ff6-9073-e300156fb220/in_use.lock acquired by nodename 52807@fv-az180-867
2022-10-08 01:34:01,418 [pool-713-thread-1] INFO  storage.RaftStorage (RaftStorageImpl.java:format(89)) - Storage directory /home/runner/work/ozone/ozone/hadoop-ozone/integration-test/target/test-dir/MiniOzoneClusterImpl-4672e814-a320-46b2-9281-7449f9d84a79/datanode-1/data/ratis/f86038f5-ec5a-4ff6-9073-e300156fb220 has been successfully formatted.
2022-10-08 01:34:01,422 [Listener at 127.0.0.1/38829] INFO  ozone.MiniOzoneClusterImpl (MiniOzoneClusterImpl.java:lambda$waitForClusterToBeReady$0(216)) - Waiting for nodes to be ready. Got 3 of 5 DN Heartbeats.
2022-10-08 01:34:01,422 [Listener at 127.0.0.1/38829] INFO  ozone.MiniOzoneClusterImpl (MiniOzoneClusterImpl.java:lambda$waitForClusterToBeReady$0(219)) - Waiting for cluster to exit safe mode
2022-10-08 01:34:01,422 [Listener at 127.0.0.1/38829] INFO  ozone.MiniOzoneClusterImpl (MiniOzoneClusterImpl.java:lambda$waitForClusterToBeReady$0(221)) - SCM became leader
2022-10-08 01:34:01,456 [pool-713-thread-1] INFO  ratis.ContainerStateMachine (ContainerStateMachine.java:loadSnapshot(236)) - group-E300156FB220: The snapshot info is null. Setting the last applied indexto:(t:0, i:~)
2022-10-08 01:34:01,456 [pool-713-thread-1] INFO  server.RaftServerConfigKeys (ConfUtils.java:logGet(46)) - raft.server.notification.no-leader.timeout = 300s (custom)
2022-10-08 01:34:01,456 [pool-713-thread-1] INFO  server.RaftServerConfigKeys (ConfUtils.java:logGet(46)) - raft.server.log.use.memory = false (default)
2022-10-08 01:34:01,456 [pool-713-thread-1] INFO  server.RaftServerConfigKeys (ConfUtils.java:logGet(46)) - raft.server.log.purge.gap = 1000000 (custom)
2022-10-08 01:34:01,456 [pool-713-thread-1] INFO  server.RaftServerConfigKeys (ConfUtils.java:logGet(46)) - raft.server.log.appender.buffer.byte-limit = 33554432 (custom)
2022-10-08 01:34:01,456 [pool-713-thread-1] INFO  server.RaftServerConfigKeys (ConfUtils.java:logGet(46)) - raft.server.log.statemachine.data.read.timeout = 1000ms (default)
2022-10-08 01:34:01,456 [pool-713-thread-1] INFO  server.RaftServerConfigKeys (ConfUtils.java:logGet(46)) - raft.server.log.segment.size.max = 1048576 (custom)
2022-10-08 01:34:01,457 [pool-713-thread-1] INFO  server.RaftServerConfigKeys (ConfUtils.java:logGet(46)) - raft.server.log.segment.cache.num.max = 2 (custom)
2022-10-08 01:34:01,457 [pool-713-thread-1] INFO  server.RaftServerConfigKeys (ConfUtils.java:logGet(46)) - raft.server.log.segment.cache.size.max = 200MB (=209715200) (default)
2022-10-08 01:34:01,457 [pool-713-thread-1] INFO  segmented.SegmentedRaftLogWorker (SegmentedRaftLogWorker.java:<init>(187)) - new 74407c01-bc2d-4222-b781-024ddeaebfd0@group-E300156FB220-SegmentedRaftLogWorker for RaftStorageImpl:Storage Directory /home/runner/work/ozone/ozone/hadoop-ozone/integration-test/target/test-dir/MiniOzoneClusterImpl-4672e814-a320-46b2-9281-7449f9d84a79/datanode-1/data/ratis/f86038f5-ec5a-4ff6-9073-e300156fb220
2022-10-08 01:34:01,457 [pool-713-thread-1] INFO  server.RaftServerConfigKeys (ConfUtils.java:logGet(46)) - raft.server.log.queue.byte-limit = 4294967296 (custom)
2022-10-08 01:34:01,457 [pool-713-thread-1] INFO  server.RaftServerConfigKeys (ConfUtils.java:logGet(46)) - raft.server.log.queue.element-limit = 1024 (custom)
2022-10-08 01:34:01,457 [pool-713-thread-1] INFO  server.RaftServerConfigKeys (ConfUtils.java:logGet(46)) - raft.server.log.segment.size.max = 1048576 (custom)
2022-10-08 01:34:01,457 [pool-713-thread-1] INFO  server.RaftServerConfigKeys (ConfUtils.java:logGet(46)) - raft.server.log.preallocated.size = 16384 (custom)
2022-10-08 01:34:01,457 [pool-713-thread-1] INFO  server.RaftServerConfigKeys (ConfUtils.java:logGet(46)) - raft.server.log.force.sync.num = 128 (default)
2022-10-08 01:34:01,457 [pool-713-thread-1] INFO  server.RaftServerConfigKeys (ConfUtils.java:logGet(46)) - raft.server.log.statemachine.data.sync = true (default)
2022-10-08 01:34:01,457 [pool-713-thread-1] INFO  server.RaftServerConfigKeys (ConfUtils.java:logGet(46)) - raft.server.log.statemachine.data.sync.timeout = 10s (default)
2022-10-08 01:34:01,457 [pool-713-thread-1] INFO  server.RaftServerConfigKeys (ConfUtils.java:logGet(46)) - raft.server.log.statemachine.data.sync.timeout.retry = -1 (default)
2022-10-08 01:34:01,472 [pool-713-thread-1] INFO  server.RaftServerConfigKeys (ConfUtils.java:logGet(46)) - raft.server.log.write.buffer.size = 1048576 (custom)
2022-10-08 01:34:01,472 [pool-713-thread-1] INFO  server.RaftServerConfigKeys (ConfUtils.java:logGet(46)) - raft.server.log.unsafe-flush.enabled = false (default)
2022-10-08 01:34:01,472 [pool-713-thread-1] INFO  server.RaftServerConfigKeys (ConfUtils.java:logGet(46)) - raft.server.log.statemachine.data.caching.enabled = true (custom)
2022-10-08 01:34:01,473 [pool-713-thread-1] INFO  segmented.SegmentedRaftLogWorker (SegmentedRaftLogWorker.java:lambda$new$0(135)) - 74407c01-bc2d-4222-b781-024ddeaebfd0@group-E300156FB220-SegmentedRaftLogWorker: flushIndex: setUnconditionally 0 -> -1
2022-10-08 01:34:01,473 [pool-713-thread-1] INFO  segmented.SegmentedRaftLogWorker (SegmentedRaftLogWorker.java:lambda$new$0(135)) - 74407c01-bc2d-4222-b781-024ddeaebfd0@group-E300156FB220-SegmentedRaftLogWorker: safeCacheEvictIndex: setUnconditionally 0 -> -1
2022-10-08 01:34:01,484 [pool-713-thread-1] INFO  server.RaftServerConfigKeys (ConfUtils.java:logGet(46)) - raft.server.snapshot.auto.trigger.enabled = true (custom)
2022-10-08 01:34:01,484 [pool-713-thread-1] INFO  server.RaftServerConfigKeys (ConfUtils.java:logGet(46)) - raft.server.snapshot.auto.trigger.threshold = 10000 (custom)
2022-10-08 01:34:01,484 [pool-713-thread-1] INFO  server.RaftServerConfigKeys (ConfUtils.java:logGet(46)) - raft.server.snapshot.retention.file.num = 5 (custom)
2022-10-08 01:34:01,484 [pool-713-thread-1] INFO  server.RaftServerConfigKeys (ConfUtils.java:logGet(46)) - raft.server.log.purge.upto.snapshot.index = false (default)
2022-10-08 01:34:01,484 [pool-713-thread-1] INFO  server.RaftServerConfigKeys (ConfUtils.java:logGet(46)) - raft.server.retrycache.expirytime = 600000ms (custom)
2022-10-08 01:34:01,484 [pool-713-thread-1] INFO  server.RaftServerConfigKeys (ConfUtils.java:logGet(46)) - raft.server.retrycache.statistics.expirytime = 100μs (default)
2022-10-08 01:34:01,486 [pool-713-thread-1] INFO  server.RaftServerConfigKeys (ConfUtils.java:logGet(46)) - raft.server.log.appender.install.snapshot.enabled = false (custom)
2022-10-08 01:34:01,486 [pool-713-thread-1] INFO  server.RaftServerConfigKeys (ConfUtils.java:logGet(46)) - raft.server.threadpool.server.cached = true (default)
2022-10-08 01:34:01,486 [pool-713-thread-1] INFO  server.RaftServerConfigKeys (ConfUtils.java:logGet(46)) - raft.server.threadpool.server.size = 0 (default)
2022-10-08 01:34:01,486 [pool-713-thread-1] INFO  server.RaftServerConfigKeys (ConfUtils.java:logGet(46)) - raft.server.threadpool.client.cached = true (default)
2022-10-08 01:34:01,486 [pool-713-thread-1] INFO  server.RaftServerConfigKeys (ConfUtils.java:logGet(46)) - raft.server.threadpool.client.size = 0 (default)
2022-10-08 01:34:01,486 [pool-713-thread-1] INFO  server.RaftServer$Division (RaftServerImpl.java:start(310)) - 74407c01-bc2d-4222-b781-024ddeaebfd0@group-E300156FB220: start as a follower, conf=-1: [74407c01-bc2d-4222-b781-024ddeaebfd0|rpc:10.1.0.61:42125|dataStream:|priority:0, 348051e8-9d7e-4807-b60e-e38d4836e670|rpc:10.1.0.61:37667|dataStream:|priority:0, 6822e6b6-300a-445d-9551-e629b68d3cd6|rpc:10.1.0.61:33271|dataStream:|priority:1], old=null
2022-10-08 01:34:01,486 [pool-713-thread-1] INFO  server.RaftServer$Division (RaftServerImpl.java:setRole(299)) - 74407c01-bc2d-4222-b781-024ddeaebfd0@group-E300156FB220: changes role from      null to FOLLOWER at term 0 for startAsFollower
2022-10-08 01:34:01,486 [pool-713-thread-1] INFO  impl.RoleInfo (RoleInfo.java:updateAndGet(139)) - 74407c01-bc2d-4222-b781-024ddeaebfd0: start 74407c01-bc2d-4222-b781-024ddeaebfd0@group-E300156FB220-FollowerState
2022-10-08 01:34:01,495 [pool-713-thread-1] INFO  util.JmxRegister (JmxRegister.java:tryRegister(44)) - Successfully registered JMX Bean with object name Ratis:service=RaftServer,group=group-E300156FB220,id=74407c01-bc2d-4222-b781-024ddeaebfd0
2022-10-08 01:34:01,572 [grpc-default-executor-2] INFO  server.RaftServer (RaftServerProxy.java:addNew(96)) - 348051e8-9d7e-4807-b60e-e38d4836e670: addNew group-E300156FB220:[74407c01-bc2d-4222-b781-024ddeaebfd0|rpc:10.1.0.61:42125|dataStream:|priority:0, 348051e8-9d7e-4807-b60e-e38d4836e670|rpc:10.1.0.61:37667|dataStream:|priority:0, 6822e6b6-300a-445d-9551-e629b68d3cd6|rpc:10.1.0.61:33271|dataStream:|priority:1] returns group-E300156FB220:java.util.concurrent.CompletableFuture@5ced6ac3[Not completed]
2022-10-08 01:34:01,573 [pool-736-thread-1] INFO  server.RaftServer$Division (RaftServerImpl.java:<init>(190)) - 348051e8-9d7e-4807-b60e-e38d4836e670: new RaftServerImpl for group-E300156FB220:[74407c01-bc2d-4222-b781-024ddeaebfd0|rpc:10.1.0.61:42125|dataStream:|priority:0, 348051e8-9d7e-4807-b60e-e38d4836e670|rpc:10.1.0.61:37667|dataStream:|priority:0, 6822e6b6-300a-445d-9551-e629b68d3cd6|rpc:10.1.0.61:33271|dataStream:|priority:1] with ContainerStateMachine:uninitialized
2022-10-08 01:34:01,573 [pool-736-thread-1] INFO  server.RaftServerConfigKeys (ConfUtils.java:logGet(46)) - raft.server.rpc.timeout.min = 5s (custom)
2022-10-08 01:34:01,573 [pool-736-thread-1] INFO  server.RaftServerConfigKeys (ConfUtils.java:logGet(46)) - raft.server.rpc.timeout.max = 5200ms (custom)
2022-10-08 01:34:01,573 [pool-736-thread-1] INFO  server.RaftServerConfigKeys (ConfUtils.java:logGet(46)) - raft.server.rpc.sleep.time = 25ms (default)
2022-10-08 01:34:01,573 [pool-736-thread-1] INFO  server.RaftServerConfigKeys (ConfUtils.java:logGet(46)) - raft.server.rpc.slowness.timeout = 300s (custom)
2022-10-08 01:34:01,573 [pool-736-thread-1] INFO  server.RaftServerConfigKeys (ConfUtils.java:logGet(46)) - raft.server.leaderelection.leader.step-down.wait-time = 10s (default)
2022-10-08 01:34:01,573 [pool-736-thread-1] INFO  server.RaftServerConfigKeys (ConfUtils.java:logGet(46)) - raft.server.sleep.deviation.threshold = 300ms (default)
2022-10-08 01:34:01,573 [pool-736-thread-1] INFO  server.RaftServer$Division (ServerState.java:<init>(107)) - 348051e8-9d7e-4807-b60e-e38d4836e670@group-E300156FB220: ConfigurationManager, init=-1: [74407c01-bc2d-4222-b781-024ddeaebfd0|rpc:10.1.0.61:42125|dataStream:|priority:0, 348051e8-9d7e-4807-b60e-e38d4836e670|rpc:10.1.0.61:37667|dataStream:|priority:0, 6822e6b6-300a-445d-9551-e629b68d3cd6|rpc:10.1.0.61:33271|dataStream:|priority:1], old=null, confs=<EMPTY_MAP>
2022-10-08 01:34:01,573 [pool-736-thread-1] INFO  server.RaftServerConfigKeys (ConfUtils.java:logGet(46)) - raft.server.storage.dir = [/home/runner/work/ozone/ozone/hadoop-ozone/integration-test/target/test-dir/MiniOzoneClusterImpl-4672e814-a320-46b2-9281-7449f9d84a79/datanode-2/data/ratis] (custom)
2022-10-08 01:34:01,573 [pool-736-thread-1] INFO  server.RaftServerConfigKeys (ConfUtils.java:logGet(46)) - raft.server.log.corruption.policy = EXCEPTION (default)
2022-10-08 01:34:01,574 [pool-736-thread-1] INFO  server.RaftServerConfigKeys (ConfUtils.java:logGet(46)) - raft.server.storage.free-space.min = 0MB (=0) (default)
2022-10-08 01:34:01,574 [pool-736-thread-1] INFO  storage.RaftStorageDirectory (RaftStorageDirectoryImpl.java:analyzeStorage(135)) - The storage directory /home/runner/work/ozone/ozone/hadoop-ozone/integration-test/target/test-dir/MiniOzoneClusterImpl-4672e814-a320-46b2-9281-7449f9d84a79/datanode-2/data/ratis/f86038f5-ec5a-4ff6-9073-e300156fb220 does not exist. Creating ...
2022-10-08 01:34:01,592 [pool-736-thread-1] INFO  storage.RaftStorageDirectory (RaftStorageDirectoryImpl.java:tryLock(230)) - Lock on /home/runner/work/ozone/ozone/hadoop-ozone/integration-test/target/test-dir/MiniOzoneClusterImpl-4672e814-a320-46b2-9281-7449f9d84a79/datanode-2/data/ratis/f86038f5-ec5a-4ff6-9073-e300156fb220/in_use.lock acquired by nodename 52807@fv-az180-867
2022-10-08 01:34:01,615 [pool-736-thread-1] INFO  storage.RaftStorage (RaftStorageImpl.java:format(89)) - Storage directory /home/runner/work/ozone/ozone/hadoop-ozone/integration-test/target/test-dir/MiniOzoneClusterImpl-4672e814-a320-46b2-9281-7449f9d84a79/datanode-2/data/ratis/f86038f5-ec5a-4ff6-9073-e300156fb220 has been successfully formatted.
2022-10-08 01:34:01,615 [pool-736-thread-1] INFO  ratis.ContainerStateMachine (ContainerStateMachine.java:loadSnapshot(236)) - group-E300156FB220: The snapshot info is null. Setting the last applied indexto:(t:0, i:~)
2022-10-08 01:34:01,624 [pool-736-thread-1] INFO  server.RaftServerConfigKeys (ConfUtils.java:logGet(46)) - raft.server.notification.no-leader.timeout = 300s (custom)
2022-10-08 01:34:01,624 [pool-736-thread-1] INFO  server.RaftServerConfigKeys (ConfUtils.java:logGet(46)) - raft.server.log.use.memory = false (default)
2022-10-08 01:34:01,624 [pool-736-thread-1] INFO  server.RaftServerConfigKeys (ConfUtils.java:logGet(46)) - raft.server.log.purge.gap = 1000000 (custom)
2022-10-08 01:34:01,624 [pool-736-thread-1] INFO  server.RaftServerConfigKeys (ConfUtils.java:logGet(46)) - raft.server.log.appender.buffer.byte-limit = 33554432 (custom)
2022-10-08 01:34:01,624 [pool-736-thread-1] INFO  server.RaftServerConfigKeys (ConfUtils.java:logGet(46)) - raft.server.log.statemachine.data.read.timeout = 1000ms (default)
2022-10-08 01:34:01,624 [pool-736-thread-1] INFO  server.RaftServerConfigKeys (ConfUtils.java:logGet(46)) - raft.server.log.segment.size.max = 1048576 (custom)
2022-10-08 01:34:01,625 [pool-736-thread-1] INFO  server.RaftServerConfigKeys (ConfUtils.java:logGet(46)) - raft.server.log.segment.cache.num.max = 2 (custom)
2022-10-08 01:34:01,625 [pool-736-thread-1] INFO  server.RaftServerConfigKeys (ConfUtils.java:logGet(46)) - raft.server.log.segment.cache.size.max = 200MB (=209715200) (default)
2022-10-08 01:34:01,625 [pool-736-thread-1] INFO  segmented.SegmentedRaftLogWorker (SegmentedRaftLogWorker.java:<init>(187)) - new 348051e8-9d7e-4807-b60e-e38d4836e670@group-E300156FB220-SegmentedRaftLogWorker for RaftStorageImpl:Storage Directory /home/runner/work/ozone/ozone/hadoop-ozone/integration-test/target/test-dir/MiniOzoneClusterImpl-4672e814-a320-46b2-9281-7449f9d84a79/datanode-2/data/ratis/f86038f5-ec5a-4ff6-9073-e300156fb220
2022-10-08 01:34:01,625 [pool-736-thread-1] INFO  server.RaftServerConfigKeys (ConfUtils.java:logGet(46)) - raft.server.log.queue.byte-limit = 4294967296 (custom)
2022-10-08 01:34:01,625 [pool-736-thread-1] INFO  server.RaftServerConfigKeys (ConfUtils.java:logGet(46)) - raft.server.log.queue.element-limit = 1024 (custom)
2022-10-08 01:34:01,625 [pool-736-thread-1] INFO  server.RaftServerConfigKeys (ConfUtils.java:logGet(46)) - raft.server.log.segment.size.max = 1048576 (custom)
2022-10-08 01:34:01,625 [pool-736-thread-1] INFO  server.RaftServerConfigKeys (ConfUtils.java:logGet(46)) - raft.server.log.preallocated.size = 16384 (custom)
2022-10-08 01:34:01,625 [pool-736-thread-1] INFO  server.RaftServerConfigKeys (ConfUtils.java:logGet(46)) - raft.server.log.force.sync.num = 128 (default)
2022-10-08 01:34:01,625 [pool-736-thread-1] INFO  server.RaftServerConfigKeys (ConfUtils.java:logGet(46)) - raft.server.log.statemachine.data.sync = true (default)
2022-10-08 01:34:01,625 [pool-736-thread-1] INFO  server.RaftServerConfigKeys (ConfUtils.java:logGet(46)) - raft.server.log.statemachine.data.sync.timeout = 10s (default)
2022-10-08 01:34:01,625 [pool-736-thread-1] INFO  server.RaftServerConfigKeys (ConfUtils.java:logGet(46)) - raft.server.log.statemachine.data.sync.timeout.retry = -1 (default)
2022-10-08 01:34:01,656 [pool-736-thread-1] INFO  server.RaftServerConfigKeys (ConfUtils.java:logGet(46)) - raft.server.log.write.buffer.size = 1048576 (custom)
2022-10-08 01:34:01,656 [pool-736-thread-1] INFO  server.RaftServerConfigKeys (ConfUtils.java:logGet(46)) - raft.server.log.unsafe-flush.enabled = false (default)
2022-10-08 01:34:01,656 [pool-736-thread-1] INFO  server.RaftServerConfigKeys (ConfUtils.java:logGet(46)) - raft.server.log.statemachine.data.caching.enabled = true (custom)
2022-10-08 01:34:01,657 [pool-736-thread-1] INFO  segmented.SegmentedRaftLogWorker (SegmentedRaftLogWorker.java:lambda$new$0(135)) - 348051e8-9d7e-4807-b60e-e38d4836e670@group-E300156FB220-SegmentedRaftLogWorker: flushIndex: setUnconditionally 0 -> -1
2022-10-08 01:34:01,657 [pool-736-thread-1] INFO  segmented.SegmentedRaftLogWorker (SegmentedRaftLogWorker.java:lambda$new$0(135)) - 348051e8-9d7e-4807-b60e-e38d4836e670@group-E300156FB220-SegmentedRaftLogWorker: safeCacheEvictIndex: setUnconditionally 0 -> -1
2022-10-08 01:34:01,684 [pool-736-thread-1] INFO  server.RaftServerConfigKeys (ConfUtils.java:logGet(46)) - raft.server.snapshot.auto.trigger.enabled = true (custom)
2022-10-08 01:34:01,684 [pool-736-thread-1] INFO  server.RaftServerConfigKeys (ConfUtils.java:logGet(46)) - raft.server.snapshot.auto.trigger.threshold = 10000 (custom)
2022-10-08 01:34:01,684 [pool-736-thread-1] INFO  server.RaftServerConfigKeys (ConfUtils.java:logGet(46)) - raft.server.snapshot.retention.file.num = 5 (custom)
2022-10-08 01:34:01,684 [pool-736-thread-1] INFO  server.RaftServerConfigKeys (ConfUtils.java:logGet(46)) - raft.server.log.purge.upto.snapshot.index = false (default)
2022-10-08 01:34:01,684 [pool-736-thread-1] INFO  server.RaftServerConfigKeys (ConfUtils.java:logGet(46)) - raft.server.retrycache.expirytime = 600000ms (custom)
2022-10-08 01:34:01,684 [pool-736-thread-1] INFO  server.RaftServerConfigKeys (ConfUtils.java:logGet(46)) - raft.server.retrycache.statistics.expirytime = 100μs (default)
2022-10-08 01:34:01,686 [pool-736-thread-1] INFO  server.RaftServerConfigKeys (ConfUtils.java:logGet(46)) - raft.server.log.appender.install.snapshot.enabled = false (custom)
2022-10-08 01:34:01,686 [pool-736-thread-1] INFO  server.RaftServerConfigKeys (ConfUtils.java:logGet(46)) - raft.server.threadpool.server.cached = true (default)
2022-10-08 01:34:01,686 [pool-736-thread-1] INFO  server.RaftServerConfigKeys (ConfUtils.java:logGet(46)) - raft.server.threadpool.server.size = 0 (default)
2022-10-08 01:34:01,686 [pool-736-thread-1] INFO  server.RaftServerConfigKeys (ConfUtils.java:logGet(46)) - raft.server.threadpool.client.cached = true (default)
2022-10-08 01:34:01,686 [pool-736-thread-1] INFO  server.RaftServerConfigKeys (ConfUtils.java:logGet(46)) - raft.server.threadpool.client.size = 0 (default)
2022-10-08 01:34:01,686 [pool-736-thread-1] INFO  server.RaftServer$Division (RaftServerImpl.java:start(310)) - 348051e8-9d7e-4807-b60e-e38d4836e670@group-E300156FB220: start as a follower, conf=-1: [74407c01-bc2d-4222-b781-024ddeaebfd0|rpc:10.1.0.61:42125|dataStream:|priority:0, 348051e8-9d7e-4807-b60e-e38d4836e670|rpc:10.1.0.61:37667|dataStream:|priority:0, 6822e6b6-300a-445d-9551-e629b68d3cd6|rpc:10.1.0.61:33271|dataStream:|priority:1], old=null
2022-10-08 01:34:01,686 [pool-736-thread-1] INFO  server.RaftServer$Division (RaftServerImpl.java:setRole(299)) - 348051e8-9d7e-4807-b60e-e38d4836e670@group-E300156FB220: changes role from      null to FOLLOWER at term 0 for startAsFollower
2022-10-08 01:34:01,686 [pool-736-thread-1] INFO  impl.RoleInfo (RoleInfo.java:updateAndGet(139)) - 348051e8-9d7e-4807-b60e-e38d4836e670: start 348051e8-9d7e-4807-b60e-e38d4836e670@group-E300156FB220-FollowerState
2022-10-08 01:34:01,696 [pool-736-thread-1] INFO  util.JmxRegister (JmxRegister.java:tryRegister(44)) - Successfully registered JMX Bean with object name Ratis:service=RaftServer,group=group-E300156FB220,id=348051e8-9d7e-4807-b60e-e38d4836e670
2022-10-08 01:34:01,702 [Command processor thread] INFO  server.RaftServer (RaftServerProxy.java:addNew(96)) - 348051e8-9d7e-4807-b60e-e38d4836e670: addNew group-DAFC38F9D859:[348051e8-9d7e-4807-b60e-e38d4836e670|rpc:10.1.0.61:37667|priority:1] returns group-DAFC38F9D859:java.util.concurrent.CompletableFuture@10fc5d7a[Not completed]
2022-10-08 01:34:01,713 [pool-736-thread-1] INFO  server.RaftServer$Division (RaftServerImpl.java:<init>(190)) - 348051e8-9d7e-4807-b60e-e38d4836e670: new RaftServerImpl for group-DAFC38F9D859:[348051e8-9d7e-4807-b60e-e38d4836e670|rpc:10.1.0.61:37667|priority:1] with ContainerStateMachine:uninitialized
2022-10-08 01:34:01,713 [pool-736-thread-1] INFO  server.RaftServerConfigKeys (ConfUtils.java:logGet(46)) - raft.server.rpc.timeout.min = 5s (custom)
2022-10-08 01:34:01,713 [pool-736-thread-1] INFO  server.RaftServerConfigKeys (ConfUtils.java:logGet(46)) - raft.server.rpc.timeout.max = 5200ms (custom)
2022-10-08 01:34:01,713 [pool-736-thread-1] INFO  server.RaftServerConfigKeys (ConfUtils.java:logGet(46)) - raft.server.rpc.sleep.time = 25ms (default)
2022-10-08 01:34:01,713 [pool-736-thread-1] INFO  server.RaftServerConfigKeys (ConfUtils.java:logGet(46)) - raft.server.rpc.slowness.timeout = 300s (custom)
2022-10-08 01:34:01,713 [pool-736-thread-1] INFO  server.RaftServerConfigKeys (ConfUtils.java:logGet(46)) - raft.server.leaderelection.leader.step-down.wait-time = 10s (default)
2022-10-08 01:34:01,713 [pool-736-thread-1] INFO  server.RaftServerConfigKeys (ConfUtils.java:logGet(46)) - raft.server.sleep.deviation.threshold = 300ms (default)
2022-10-08 01:34:01,713 [pool-736-thread-1] INFO  server.RaftServer$Division (ServerState.java:<init>(107)) - 348051e8-9d7e-4807-b60e-e38d4836e670@group-DAFC38F9D859: ConfigurationManager, init=-1: [348051e8-9d7e-4807-b60e-e38d4836e670|rpc:10.1.0.61:37667|priority:1], old=null, confs=<EMPTY_MAP>
2022-10-08 01:34:01,713 [pool-736-thread-1] INFO  server.RaftServerConfigKeys (ConfUtils.java:logGet(46)) - raft.server.storage.dir = [/home/runner/work/ozone/ozone/hadoop-ozone/integration-test/target/test-dir/MiniOzoneClusterImpl-4672e814-a320-46b2-9281-7449f9d84a79/datanode-2/data/ratis] (custom)
2022-10-08 01:34:01,714 [pool-736-thread-1] INFO  server.RaftServerConfigKeys (ConfUtils.java:logGet(46)) - raft.server.log.corruption.policy = EXCEPTION (default)
2022-10-08 01:34:01,714 [pool-736-thread-1] INFO  server.RaftServerConfigKeys (ConfUtils.java:logGet(46)) - raft.server.storage.free-space.min = 0MB (=0) (default)
2022-10-08 01:34:01,714 [pool-736-thread-1] INFO  storage.RaftStorageDirectory (RaftStorageDirectoryImpl.java:analyzeStorage(135)) - The storage directory /home/runner/work/ozone/ozone/hadoop-ozone/integration-test/target/test-dir/MiniOzoneClusterImpl-4672e814-a320-46b2-9281-7449f9d84a79/datanode-2/data/ratis/ba5a9a81-b3e0-4479-abe4-dafc38f9d859 does not exist. Creating ...
2022-10-08 01:34:01,726 [pool-736-thread-1] INFO  storage.RaftStorageDirectory (RaftStorageDirectoryImpl.java:tryLock(230)) - Lock on /home/runner/work/ozone/ozone/hadoop-ozone/integration-test/target/test-dir/MiniOzoneClusterImpl-4672e814-a320-46b2-9281-7449f9d84a79/datanode-2/data/ratis/ba5a9a81-b3e0-4479-abe4-dafc38f9d859/in_use.lock acquired by nodename 52807@fv-az180-867
2022-10-08 01:34:01,761 [Command processor thread] INFO  commandhandler.CreatePipelineCommandHandler (CreatePipelineCommandHandler.java:handle(113)) - Created Pipeline RATIS THREE PipelineID=f86038f5-ec5a-4ff6-9073-e300156fb220.
2022-10-08 01:34:01,767 [pool-736-thread-1] INFO  storage.RaftStorage (RaftStorageImpl.java:format(89)) - Storage directory /home/runner/work/ozone/ozone/hadoop-ozone/integration-test/target/test-dir/MiniOzoneClusterImpl-4672e814-a320-46b2-9281-7449f9d84a79/datanode-2/data/ratis/ba5a9a81-b3e0-4479-abe4-dafc38f9d859 has been successfully formatted.
2022-10-08 01:34:01,768 [pool-736-thread-1] INFO  ratis.ContainerStateMachine (ContainerStateMachine.java:loadSnapshot(236)) - group-DAFC38F9D859: The snapshot info is null. Setting the last applied indexto:(t:0, i:~)
2022-10-08 01:34:01,768 [pool-736-thread-1] INFO  server.RaftServerConfigKeys (ConfUtils.java:logGet(46)) - raft.server.notification.no-leader.timeout = 300s (custom)
2022-10-08 01:34:01,768 [pool-736-thread-1] INFO  server.RaftServerConfigKeys (ConfUtils.java:logGet(46)) - raft.server.log.use.memory = false (default)
2022-10-08 01:34:01,768 [pool-736-thread-1] INFO  server.RaftServerConfigKeys (ConfUtils.java:logGet(46)) - raft.server.log.purge.gap = 1000000 (custom)
2022-10-08 01:34:01,768 [pool-736-thread-1] INFO  server.RaftServerConfigKeys (ConfUtils.java:logGet(46)) - raft.server.log.appender.buffer.byte-limit = 33554432 (custom)
2022-10-08 01:34:01,768 [pool-736-thread-1] INFO  server.RaftServerConfigKeys (ConfUtils.java:logGet(46)) - raft.server.log.statemachine.data.read.timeout = 1000ms (default)
2022-10-08 01:34:01,768 [pool-736-thread-1] INFO  server.RaftServerConfigKeys (ConfUtils.java:logGet(46)) - raft.server.log.segment.size.max = 1048576 (custom)
2022-10-08 01:34:01,769 [pool-736-thread-1] INFO  server.RaftServerConfigKeys (ConfUtils.java:logGet(46)) - raft.server.log.segment.cache.num.max = 2 (custom)
2022-10-08 01:34:01,769 [pool-736-thread-1] INFO  server.RaftServerConfigKeys (ConfUtils.java:logGet(46)) - raft.server.log.segment.cache.size.max = 200MB (=209715200) (default)
2022-10-08 01:34:01,769 [pool-736-thread-1] INFO  segmented.SegmentedRaftLogWorker (SegmentedRaftLogWorker.java:<init>(187)) - new 348051e8-9d7e-4807-b60e-e38d4836e670@group-DAFC38F9D859-SegmentedRaftLogWorker for RaftStorageImpl:Storage Directory /home/runner/work/ozone/ozone/hadoop-ozone/integration-test/target/test-dir/MiniOzoneClusterImpl-4672e814-a320-46b2-9281-7449f9d84a79/datanode-2/data/ratis/ba5a9a81-b3e0-4479-abe4-dafc38f9d859
2022-10-08 01:34:01,769 [pool-736-thread-1] INFO  server.RaftServerConfigKeys (ConfUtils.java:logGet(46)) - raft.server.log.queue.byte-limit = 4294967296 (custom)
2022-10-08 01:34:01,769 [pool-736-thread-1] INFO  server.RaftServerConfigKeys (ConfUtils.java:logGet(46)) - raft.server.log.queue.element-limit = 1024 (custom)
2022-10-08 01:34:01,769 [pool-736-thread-1] INFO  server.RaftServerConfigKeys (ConfUtils.java:logGet(46)) - raft.server.log.segment.size.max = 1048576 (custom)
2022-10-08 01:34:01,769 [pool-736-thread-1] INFO  server.RaftServerConfigKeys (ConfUtils.java:logGet(46)) - raft.server.log.preallocated.size = 16384 (custom)
2022-10-08 01:34:01,769 [pool-736-thread-1] INFO  server.RaftServerConfigKeys (ConfUtils.java:logGet(46)) - raft.server.log.force.sync.num = 128 (default)
2022-10-08 01:34:01,769 [pool-736-thread-1] INFO  server.RaftServerConfigKeys (ConfUtils.java:logGet(46)) - raft.server.log.statemachine.data.sync = true (default)
2022-10-08 01:34:01,769 [pool-736-thread-1] INFO  server.RaftServerConfigKeys (ConfUtils.java:logGet(46)) - raft.server.log.statemachine.data.sync.timeout = 10s (default)
2022-10-08 01:34:01,769 [pool-736-thread-1] INFO  server.RaftServerConfigKeys (ConfUtils.java:logGet(46)) - raft.server.log.statemachine.data.sync.timeout.retry = -1 (default)
2022-10-08 01:34:01,770 [pool-736-thread-1] INFO  server.RaftServerConfigKeys (ConfUtils.java:logGet(46)) - raft.server.log.write.buffer.size = 1048576 (custom)
2022-10-08 01:34:01,770 [pool-736-thread-1] INFO  server.RaftServerConfigKeys (ConfUtils.java:logGet(46)) - raft.server.log.unsafe-flush.enabled = false (default)
2022-10-08 01:34:01,770 [pool-736-thread-1] INFO  server.RaftServerConfigKeys (ConfUtils.java:logGet(46)) - raft.server.log.statemachine.data.caching.enabled = true (custom)
2022-10-08 01:34:01,771 [pool-736-thread-1] INFO  segmented.SegmentedRaftLogWorker (SegmentedRaftLogWorker.java:lambda$new$0(135)) - 348051e8-9d7e-4807-b60e-e38d4836e670@group-DAFC38F9D859-SegmentedRaftLogWorker: flushIndex: setUnconditionally 0 -> -1
2022-10-08 01:34:01,771 [pool-736-thread-1] INFO  segmented.SegmentedRaftLogWorker (SegmentedRaftLogWorker.java:lambda$new$0(135)) - 348051e8-9d7e-4807-b60e-e38d4836e670@group-DAFC38F9D859-SegmentedRaftLogWorker: safeCacheEvictIndex: setUnconditionally 0 -> -1
2022-10-08 01:34:01,774 [EventQueue-PipelineReportForPipelineReportHandler] INFO  pipeline.PipelineManagerImpl (PipelineManagerImpl.java:openPipeline(367)) - Pipeline Pipeline[ Id: ba5a9a81-b3e0-4479-abe4-dafc38f9d859, Nodes: 348051e8-9d7e-4807-b60e-e38d4836e670{ip: 10.1.0.61, host: fv-az180-867.g3pwtgv4ffyuhaixmbmm0kyh3d.gx.internal.cloudapp.net, ports: [REPLICATION=40287, RATIS=37667, RATIS_ADMIN=37667, RATIS_SERVER=37667, STANDALONE=35437], networkLocation: /default-rack, certSerialId: null, persistedOpState: IN_SERVICE, persistedOpStateExpiryEpochSec: 0}, ReplicationConfig: RATIS/ONE, State:ALLOCATED, leaderId:348051e8-9d7e-4807-b60e-e38d4836e670, CreationTimestamp2022-10-08T01:34:00.704Z[Etc/UTC]] moved to OPEN state
2022-10-08 01:34:01,774 [EventQueue-OpenPipelineForHealthyPipelineSafeModeRule] INFO  safemode.SCMSafeModeManager (HealthyPipelineSafeModeRule.java:process(137)) - SCM in safe mode. Healthy pipelines reported count is 0, required healthy pipeline reported count is 1
2022-10-08 01:34:01,804 [pool-736-thread-1] INFO  server.RaftServerConfigKeys (ConfUtils.java:logGet(46)) - raft.server.snapshot.auto.trigger.enabled = true (custom)
2022-10-08 01:34:01,804 [pool-736-thread-1] INFO  server.RaftServerConfigKeys (ConfUtils.java:logGet(46)) - raft.server.snapshot.auto.trigger.threshold = 10000 (custom)
2022-10-08 01:34:01,804 [pool-736-thread-1] INFO  server.RaftServerConfigKeys (ConfUtils.java:logGet(46)) - raft.server.snapshot.retention.file.num = 5 (custom)
2022-10-08 01:34:01,804 [pool-736-thread-1] INFO  server.RaftServerConfigKeys (ConfUtils.java:logGet(46)) - raft.server.log.purge.upto.snapshot.index = false (default)
2022-10-08 01:34:01,804 [pool-736-thread-1] INFO  server.RaftServerConfigKeys (ConfUtils.java:logGet(46)) - raft.server.retrycache.expirytime = 600000ms (custom)
2022-10-08 01:34:01,804 [pool-736-thread-1] INFO  server.RaftServerConfigKeys (ConfUtils.java:logGet(46)) - raft.server.retrycache.statistics.expirytime = 100μs (default)
2022-10-08 01:34:01,814 [pool-736-thread-1] INFO  server.RaftServerConfigKeys (ConfUtils.java:logGet(46)) - raft.server.log.appender.install.snapshot.enabled = false (custom)
2022-10-08 01:34:01,814 [pool-736-thread-1] INFO  server.RaftServerConfigKeys (ConfUtils.java:logGet(46)) - raft.server.threadpool.server.cached = true (default)
2022-10-08 01:34:01,814 [pool-736-thread-1] INFO  server.RaftServerConfigKeys (ConfUtils.java:logGet(46)) - raft.server.threadpool.server.size = 0 (default)
2022-10-08 01:34:01,814 [pool-736-thread-1] INFO  server.RaftServerConfigKeys (ConfUtils.java:logGet(46)) - raft.server.threadpool.client.cached = true (default)
2022-10-08 01:34:01,814 [pool-736-thread-1] INFO  server.RaftServerConfigKeys (ConfUtils.java:logGet(46)) - raft.server.threadpool.client.size = 0 (default)
2022-10-08 01:34:01,814 [pool-736-thread-1] INFO  server.RaftServer$Division (RaftServerImpl.java:start(310)) - 348051e8-9d7e-4807-b60e-e38d4836e670@group-DAFC38F9D859: start as a follower, conf=-1: [348051e8-9d7e-4807-b60e-e38d4836e670|rpc:10.1.0.61:37667|priority:1], old=null
2022-10-08 01:34:01,814 [pool-736-thread-1] INFO  server.RaftServer$Division (RaftServerImpl.java:setRole(299)) - 348051e8-9d7e-4807-b60e-e38d4836e670@group-DAFC38F9D859: changes role from      null to FOLLOWER at term 0 for startAsFollower
2022-10-08 01:34:01,814 [pool-736-thread-1] INFO  impl.RoleInfo (RoleInfo.java:updateAndGet(139)) - 348051e8-9d7e-4807-b60e-e38d4836e670: start 348051e8-9d7e-4807-b60e-e38d4836e670@group-DAFC38F9D859-FollowerState
2022-10-08 01:34:01,850 [EndpointStateMachine task thread for /0.0.0.0:40879 - 0 ] INFO  volume.HddsVolume (HddsVolume.java:createDbStore(307)) - SchemaV3 db is created and loaded at /home/runner/work/ozone/ozone/hadoop-ozone/integration-test/target/test-dir/MiniOzoneClusterImpl-4672e814-a320-46b2-9281-7449f9d84a79/datanode-4/data-0/containers/hdds/4672e814-a320-46b2-9281-7449f9d84a79/DS-420f14e9-cdbd-4f51-8506-87514994464c/container.db for volume DS-420f14e9-cdbd-4f51-8506-87514994464c
2022-10-08 01:34:01,850 [EndpointStateMachine task thread for /0.0.0.0:40879 - 0 ] INFO  volume.HddsVolume (HddsVolume.java:closeDbStore(338)) - SchemaV3 db is stopped at /home/runner/work/ozone/ozone/hadoop-ozone/integration-test/target/test-dir/MiniOzoneClusterImpl-4672e814-a320-46b2-9281-7449f9d84a79/datanode-4/data-0/containers/hdds/4672e814-a320-46b2-9281-7449f9d84a79/DS-420f14e9-cdbd-4f51-8506-87514994464c/container.db for volume DS-420f14e9-cdbd-4f51-8506-87514994464c
2022-10-08 01:34:01,850 [EndpointStateMachine task thread for /0.0.0.0:40879 - 0 ] INFO  ozoneimpl.OzoneContainer (OzoneContainer.java:start(378)) - Attempting to start container services.
2022-10-08 01:34:01,850 [EndpointStateMachine task thread for /0.0.0.0:40879 - 0 ] INFO  ozoneimpl.OzoneContainer (OzoneContainer.java:startContainerScrub(313)) - Background container scanner has been disabled.
2022-10-08 01:34:01,858 [pool-736-thread-1] INFO  util.JmxRegister (JmxRegister.java:tryRegister(44)) - Successfully registered JMX Bean with object name Ratis:service=RaftServer,group=group-DAFC38F9D859,id=348051e8-9d7e-4807-b60e-e38d4836e670
2022-10-08 01:34:01,874 [Command processor thread] INFO  ratis.XceiverServerRatis (XceiverServerRatis.java:addGroup(765)) - Created group PipelineID=ba5a9a81-b3e0-4479-abe4-dafc38f9d859
2022-10-08 01:34:01,874 [Command processor thread] INFO  commandhandler.CreatePipelineCommandHandler (CreatePipelineCommandHandler.java:handle(113)) - Created Pipeline RATIS ONE PipelineID=ba5a9a81-b3e0-4479-abe4-dafc38f9d859.
2022-10-08 01:34:01,876 [Command processor thread] INFO  server.RaftServer (RaftServerProxy.java:addNew(96)) - 74407c01-bc2d-4222-b781-024ddeaebfd0: addNew group-DC88FB657FD0:[74407c01-bc2d-4222-b781-024ddeaebfd0|rpc:10.1.0.61:42125|priority:1] returns group-DC88FB657FD0:java.util.concurrent.CompletableFuture@7f847565[Not completed]
2022-10-08 01:34:01,877 [pool-713-thread-1] INFO  server.RaftServer$Division (RaftServerImpl.java:<init>(190)) - 74407c01-bc2d-4222-b781-024ddeaebfd0: new RaftServerImpl for group-DC88FB657FD0:[74407c01-bc2d-4222-b781-024ddeaebfd0|rpc:10.1.0.61:42125|priority:1] with ContainerStateMachine:uninitialized
2022-10-08 01:34:01,877 [pool-713-thread-1] INFO  server.RaftServerConfigKeys (ConfUtils.java:logGet(46)) - raft.server.rpc.timeout.min = 5s (custom)
2022-10-08 01:34:01,877 [pool-713-thread-1] INFO  server.RaftServerConfigKeys (ConfUtils.java:logGet(46)) - raft.server.rpc.timeout.max = 5200ms (custom)
2022-10-08 01:34:01,877 [pool-713-thread-1] INFO  server.RaftServerConfigKeys (ConfUtils.java:logGet(46)) - raft.server.rpc.sleep.time = 25ms (default)
2022-10-08 01:34:01,877 [pool-713-thread-1] INFO  server.RaftServerConfigKeys (ConfUtils.java:logGet(46)) - raft.server.rpc.slowness.timeout = 300s (custom)
2022-10-08 01:34:01,877 [pool-713-thread-1] INFO  server.RaftServerConfigKeys (ConfUtils.java:logGet(46)) - raft.server.leaderelection.leader.step-down.wait-time = 10s (default)
2022-10-08 01:34:01,877 [pool-713-thread-1] INFO  server.RaftServerConfigKeys (ConfUtils.java:logGet(46)) - raft.server.sleep.deviation.threshold = 300ms (default)
2022-10-08 01:34:01,877 [pool-713-thread-1] INFO  server.RaftServer$Division (ServerState.java:<init>(107)) - 74407c01-bc2d-4222-b781-024ddeaebfd0@group-DC88FB657FD0: ConfigurationManager, init=-1: [74407c01-bc2d-4222-b781-024ddeaebfd0|rpc:10.1.0.61:42125|priority:1], old=null, confs=<EMPTY_MAP>
2022-10-08 01:34:01,877 [pool-713-thread-1] INFO  server.RaftServerConfigKeys (ConfUtils.java:logGet(46)) - raft.server.storage.dir = [/home/runner/work/ozone/ozone/hadoop-ozone/integration-test/target/test-dir/MiniOzoneClusterImpl-4672e814-a320-46b2-9281-7449f9d84a79/datanode-1/data/ratis] (custom)
2022-10-08 01:34:01,877 [pool-713-thread-1] INFO  server.RaftServerConfigKeys (ConfUtils.java:logGet(46)) - raft.server.log.corruption.policy = EXCEPTION (default)
2022-10-08 01:34:01,877 [pool-713-thread-1] INFO  server.RaftServerConfigKeys (ConfUtils.java:logGet(46)) - raft.server.storage.free-space.min = 0MB (=0) (default)
2022-10-08 01:34:01,877 [pool-713-thread-1] INFO  storage.RaftStorageDirectory (RaftStorageDirectoryImpl.java:analyzeStorage(135)) - The storage directory /home/runner/work/ozone/ozone/hadoop-ozone/integration-test/target/test-dir/MiniOzoneClusterImpl-4672e814-a320-46b2-9281-7449f9d84a79/datanode-1/data/ratis/d27f2316-13a6-4261-9497-dc88fb657fd0 does not exist. Creating ...
2022-10-08 01:34:01,884 [EndpointStateMachine task thread for /0.0.0.0:40879 - 0 ] INFO  replication.ReplicationServer (ReplicationServer.java:start(111)) - ReplicationServer is started using port 36317
2022-10-08 01:34:01,884 [EndpointStateMachine task thread for /0.0.0.0:40879 - 0 ] INFO  ratis.XceiverServerRatis (XceiverServerRatis.java:start(481)) - Starting XceiverServerRatis e9bcdf12-1da6-4530-8c75-634f54e386f5
2022-10-08 01:34:01,886 [pool-713-thread-1] INFO  storage.RaftStorageDirectory (RaftStorageDirectoryImpl.java:tryLock(230)) - Lock on /home/runner/work/ozone/ozone/hadoop-ozone/integration-test/target/test-dir/MiniOzoneClusterImpl-4672e814-a320-46b2-9281-7449f9d84a79/datanode-1/data/ratis/d27f2316-13a6-4261-9497-dc88fb657fd0/in_use.lock acquired by nodename 52807@fv-az180-867
2022-10-08 01:34:01,894 [pool-713-thread-1] INFO  storage.RaftStorage (RaftStorageImpl.java:format(89)) - Storage directory /home/runner/work/ozone/ozone/hadoop-ozone/integration-test/target/test-dir/MiniOzoneClusterImpl-4672e814-a320-46b2-9281-7449f9d84a79/datanode-1/data/ratis/d27f2316-13a6-4261-9497-dc88fb657fd0 has been successfully formatted.
2022-10-08 01:34:01,908 [EndpointStateMachine task thread for /0.0.0.0:40879 - 0 ] INFO  server.RaftServer (RaftServerProxy.java:lambda$start$6(382)) - e9bcdf12-1da6-4530-8c75-634f54e386f5: start RPC server
2022-10-08 01:34:01,924 [EndpointStateMachine task thread for /0.0.0.0:40879 - 0 ] INFO  server.GrpcService (GrpcService.java:startImpl(260)) - e9bcdf12-1da6-4530-8c75-634f54e386f5: GrpcService started, listening on 38361
2022-10-08 01:34:01,924 [EndpointStateMachine task thread for /0.0.0.0:40879 - 0 ] INFO  ratis.XceiverServerRatis (XceiverServerRatis.java:getRealPort(502)) - XceiverServerRatis e9bcdf12-1da6-4530-8c75-634f54e386f5 is started using port 38361 for RATIS
2022-10-08 01:34:01,924 [EndpointStateMachine task thread for /0.0.0.0:40879 - 0 ] INFO  ratis.XceiverServerRatis (XceiverServerRatis.java:getRealPort(502)) - XceiverServerRatis e9bcdf12-1da6-4530-8c75-634f54e386f5 is started using port 38361 for RATIS_ADMIN
2022-10-08 01:34:01,924 [EndpointStateMachine task thread for /0.0.0.0:40879 - 0 ] INFO  ratis.XceiverServerRatis (XceiverServerRatis.java:getRealPort(502)) - XceiverServerRatis e9bcdf12-1da6-4530-8c75-634f54e386f5 is started using port 38361 for RATIS_SERVER
2022-10-08 01:34:01,938 [pool-713-thread-1] INFO  ratis.ContainerStateMachine (ContainerStateMachine.java:loadSnapshot(236)) - group-DC88FB657FD0: The snapshot info is null. Setting the last applied indexto:(t:0, i:~)
2022-10-08 01:34:01,939 [pool-713-thread-1] INFO  server.RaftServerConfigKeys (ConfUtils.java:logGet(46)) - raft.server.notification.no-leader.timeout = 300s (custom)
2022-10-08 01:34:01,939 [pool-713-thread-1] INFO  server.RaftServerConfigKeys (ConfUtils.java:logGet(46)) - raft.server.log.use.memory = false (default)
2022-10-08 01:34:01,939 [pool-713-thread-1] INFO  server.RaftServerConfigKeys (ConfUtils.java:logGet(46)) - raft.server.log.purge.gap = 1000000 (custom)
2022-10-08 01:34:01,939 [pool-713-thread-1] INFO  server.RaftServerConfigKeys (ConfUtils.java:logGet(46)) - raft.server.log.appender.buffer.byte-limit = 33554432 (custom)
2022-10-08 01:34:01,939 [pool-713-thread-1] INFO  server.RaftServerConfigKeys (ConfUtils.java:logGet(46)) - raft.server.log.statemachine.data.read.timeout = 1000ms (default)
2022-10-08 01:34:01,939 [pool-713-thread-1] INFO  server.RaftServerConfigKeys (ConfUtils.java:logGet(46)) - raft.server.log.segment.size.max = 1048576 (custom)
2022-10-08 01:34:01,939 [pool-713-thread-1] INFO  server.RaftServerConfigKeys (ConfUtils.java:logGet(46)) - raft.server.log.segment.cache.num.max = 2 (custom)
2022-10-08 01:34:01,940 [pool-713-thread-1] INFO  server.RaftServerConfigKeys (ConfUtils.java:logGet(46)) - raft.server.log.segment.cache.size.max = 200MB (=209715200) (default)
2022-10-08 01:34:01,940 [pool-713-thread-1] INFO  segmented.SegmentedRaftLogWorker (SegmentedRaftLogWorker.java:<init>(187)) - new 74407c01-bc2d-4222-b781-024ddeaebfd0@group-DC88FB657FD0-SegmentedRaftLogWorker for RaftStorageImpl:Storage Directory /home/runner/work/ozone/ozone/hadoop-ozone/integration-test/target/test-dir/MiniOzoneClusterImpl-4672e814-a320-46b2-9281-7449f9d84a79/datanode-1/data/ratis/d27f2316-13a6-4261-9497-dc88fb657fd0
2022-10-08 01:34:01,940 [pool-713-thread-1] INFO  server.RaftServerConfigKeys (ConfUtils.java:logGet(46)) - raft.server.log.queue.byte-limit = 4294967296 (custom)
2022-10-08 01:34:01,940 [pool-713-thread-1] INFO  server.RaftServerConfigKeys (ConfUtils.java:logGet(46)) - raft.server.log.queue.element-limit = 1024 (custom)
2022-10-08 01:34:01,943 [pool-713-thread-1] INFO  server.RaftServerConfigKeys (ConfUtils.java:logGet(46)) - raft.server.log.segment.size.max = 1048576 (custom)
2022-10-08 01:34:01,943 [pool-713-thread-1] INFO  server.RaftServerConfigKeys (ConfUtils.java:logGet(46)) - raft.server.log.preallocated.size = 16384 (custom)
2022-10-08 01:34:01,944 [pool-713-thread-1] INFO  server.RaftServerConfigKeys (ConfUtils.java:logGet(46)) - raft.server.log.force.sync.num = 128 (default)
2022-10-08 01:34:01,944 [pool-713-thread-1] INFO  server.RaftServerConfigKeys (ConfUtils.java:logGet(46)) - raft.server.log.statemachine.data.sync = true (default)
2022-10-08 01:34:01,944 [pool-713-thread-1] INFO  server.RaftServerConfigKeys (ConfUtils.java:logGet(46)) - raft.server.log.statemachine.data.sync.timeout = 10s (default)
2022-10-08 01:34:01,944 [pool-713-thread-1] INFO  server.RaftServerConfigKeys (ConfUtils.java:logGet(46)) - raft.server.log.statemachine.data.sync.timeout.retry = -1 (default)
2022-10-08 01:34:01,945 [pool-713-thread-1] INFO  server.RaftServerConfigKeys (ConfUtils.java:logGet(46)) - raft.server.log.write.buffer.size = 1048576 (custom)
2022-10-08 01:34:01,945 [pool-713-thread-1] INFO  server.RaftServerConfigKeys (ConfUtils.java:logGet(46)) - raft.server.log.unsafe-flush.enabled = false (default)
2022-10-08 01:34:01,945 [pool-713-thread-1] INFO  server.RaftServerConfigKeys (ConfUtils.java:logGet(46)) - raft.server.log.statemachine.data.caching.enabled = true (custom)
2022-10-08 01:34:01,945 [pool-713-thread-1] INFO  segmented.SegmentedRaftLogWorker (SegmentedRaftLogWorker.java:lambda$new$0(135)) - 74407c01-bc2d-4222-b781-024ddeaebfd0@group-DC88FB657FD0-SegmentedRaftLogWorker: flushIndex: setUnconditionally 0 -> -1
2022-10-08 01:34:01,945 [pool-713-thread-1] INFO  segmented.SegmentedRaftLogWorker (SegmentedRaftLogWorker.java:lambda$new$0(135)) - 74407c01-bc2d-4222-b781-024ddeaebfd0@group-DC88FB657FD0-SegmentedRaftLogWorker: safeCacheEvictIndex: setUnconditionally 0 -> -1
2022-10-08 01:34:01,943 [EventQueue-PipelineReportForPipelineReportHandler] INFO  pipeline.PipelineManagerImpl (PipelineManagerImpl.java:openPipeline(367)) - Pipeline Pipeline[ Id: d27f2316-13a6-4261-9497-dc88fb657fd0, Nodes: 74407c01-bc2d-4222-b781-024ddeaebfd0{ip: 10.1.0.61, host: fv-az180-867.g3pwtgv4ffyuhaixmbmm0kyh3d.gx.internal.cloudapp.net, ports: [REPLICATION=43711, RATIS=42125, RATIS_ADMIN=42125, RATIS_SERVER=42125, STANDALONE=37771], networkLocation: /default-rack, certSerialId: null, persistedOpState: IN_SERVICE, persistedOpStateExpiryEpochSec: 0}, ReplicationConfig: RATIS/ONE, State:ALLOCATED, leaderId:74407c01-bc2d-4222-b781-024ddeaebfd0, CreationTimestamp2022-10-08T01:33:58.880Z[Etc/UTC]] moved to OPEN state
2022-10-08 01:34:01,946 [EventQueue-OpenPipelineForHealthyPipelineSafeModeRule] INFO  safemode.SCMSafeModeManager (HealthyPipelineSafeModeRule.java:process(137)) - SCM in safe mode. Healthy pipelines reported count is 0, required healthy pipeline reported count is 1
2022-10-08 01:34:01,956 [pool-713-thread-1] INFO  server.RaftServerConfigKeys (ConfUtils.java:logGet(46)) - raft.server.snapshot.auto.trigger.enabled = true (custom)
2022-10-08 01:34:01,956 [pool-713-thread-1] INFO  server.RaftServerConfigKeys (ConfUtils.java:logGet(46)) - raft.server.snapshot.auto.trigger.threshold = 10000 (custom)
2022-10-08 01:34:01,956 [pool-713-thread-1] INFO  server.RaftServerConfigKeys (ConfUtils.java:logGet(46)) - raft.server.snapshot.retention.file.num = 5 (custom)
2022-10-08 01:34:01,956 [pool-713-thread-1] INFO  server.RaftServerConfigKeys (ConfUtils.java:logGet(46)) - raft.server.log.purge.upto.snapshot.index = false (default)
2022-10-08 01:34:01,956 [pool-713-thread-1] INFO  server.RaftServerConfigKeys (ConfUtils.java:logGet(46)) - raft.server.retrycache.expirytime = 600000ms (custom)
2022-10-08 01:34:01,956 [pool-713-thread-1] INFO  server.RaftServerConfigKeys (ConfUtils.java:logGet(46)) - raft.server.retrycache.statistics.expirytime = 100μs (default)
2022-10-08 01:34:01,957 [pool-713-thread-1] INFO  server.RaftServerConfigKeys (ConfUtils.java:logGet(46)) - raft.server.log.appender.install.snapshot.enabled = false (custom)
2022-10-08 01:34:01,958 [pool-713-thread-1] INFO  server.RaftServerConfigKeys (ConfUtils.java:logGet(46)) - raft.server.threadpool.server.cached = true (default)
2022-10-08 01:34:01,958 [pool-713-thread-1] INFO  server.RaftServerConfigKeys (ConfUtils.java:logGet(46)) - raft.server.threadpool.server.size = 0 (default)
2022-10-08 01:34:01,958 [pool-713-thread-1] INFO  server.RaftServerConfigKeys (ConfUtils.java:logGet(46)) - raft.server.threadpool.client.cached = true (default)
2022-10-08 01:34:01,958 [pool-713-thread-1] INFO  server.RaftServerConfigKeys (ConfUtils.java:logGet(46)) - raft.server.threadpool.client.size = 0 (default)
2022-10-08 01:34:01,958 [pool-713-thread-1] INFO  server.RaftServer$Division (RaftServerImpl.java:start(310)) - 74407c01-bc2d-4222-b781-024ddeaebfd0@group-DC88FB657FD0: start as a follower, conf=-1: [74407c01-bc2d-4222-b781-024ddeaebfd0|rpc:10.1.0.61:42125|priority:1], old=null
2022-10-08 01:34:01,958 [pool-713-thread-1] INFO  server.RaftServer$Division (RaftServerImpl.java:setRole(299)) - 74407c01-bc2d-4222-b781-024ddeaebfd0@group-DC88FB657FD0: changes role from      null to FOLLOWER at term 0 for startAsFollower
2022-10-08 01:34:01,958 [pool-713-thread-1] INFO  impl.RoleInfo (RoleInfo.java:updateAndGet(139)) - 74407c01-bc2d-4222-b781-024ddeaebfd0: start 74407c01-bc2d-4222-b781-024ddeaebfd0@group-DC88FB657FD0-FollowerState
2022-10-08 01:34:01,969 [org.apache.ratis.util.JvmPauseMonitor$$Lambda$636/846962177@567de546] INFO  util.JvmPauseMonitor (JvmPauseMonitor.java:run(103)) - JvmPauseMonitor-e9bcdf12-1da6-4530-8c75-634f54e386f5: Started
2022-10-08 01:34:01,989 [EndpointStateMachine task thread for /0.0.0.0:40879 - 0 ] INFO  server.XceiverServerGrpc (XceiverServerGrpc.java:start(180)) - XceiverServerGrpc e9bcdf12-1da6-4530-8c75-634f54e386f5 is started using port 36767
2022-10-08 01:34:01,996 [ReplicationMonitor] INFO  replication.ReplicationManager (ReplicationManager.java:processAll(291)) - Replication Manager is not ready to run until 3000ms after safemode exit
2022-10-08 01:34:02,004 [pool-713-thread-1] INFO  util.JmxRegister (JmxRegister.java:tryRegister(44)) - Successfully registered JMX Bean with object name Ratis:service=RaftServer,group=group-DC88FB657FD0,id=74407c01-bc2d-4222-b781-024ddeaebfd0
2022-10-08 01:34:02,066 [IPC Server handler 5 on default port 40879] INFO  net.NetworkTopologyImpl (NetworkTopologyImpl.java:add(112)) - Added a new node: /default-rack/a7d0fe55-ea9d-44f8-999b-89e5c9054a1b
2022-10-08 01:34:02,066 [IPC Server handler 5 on default port 40879] INFO  node.SCMNodeManager (SCMNodeManager.java:register(397)) - Registered Data node : a7d0fe55-ea9d-44f8-999b-89e5c9054a1b{ip: 10.1.0.61, host: fv-az180-867.g3pwtgv4ffyuhaixmbmm0kyh3d.gx.internal.cloudapp.net, ports: [REPLICATION=43837, RATIS=37899, RATIS_ADMIN=37899, RATIS_SERVER=37899, STANDALONE=43521], networkLocation: /default-rack, certSerialId: null, persistedOpState: null, persistedOpStateExpiryEpochSec: 0}
2022-10-08 01:34:02,066 [EventQueue-NewNodeForNewNodeHandler] INFO  pipeline.BackgroundPipelineCreator (BackgroundPipelineCreator.java:notifyEventTriggered(276)) - trigger a one-shot run on RatisPipelineUtilsThread.
2022-10-08 01:34:02,067 [RatisPipelineUtilsThread - 0] INFO  pipeline.RatisPipelineProvider (RatisPipelineProvider.java:lambda$create$0(195)) - Sending CreatePipelineCommand for pipeline:PipelineID=b36d0108-ea9a-43d2-813d-ad6cf670bf26 to datanode:a7d0fe55-ea9d-44f8-999b-89e5c9054a1b
2022-10-08 01:34:02,067 [RatisPipelineUtilsThread - 0] INFO  pipeline.PipelineStateManagerImpl (PipelineStateManagerImpl.java:addPipeline(103)) - Created pipeline Pipeline[ Id: b36d0108-ea9a-43d2-813d-ad6cf670bf26, Nodes: a7d0fe55-ea9d-44f8-999b-89e5c9054a1b{ip: 10.1.0.61, host: fv-az180-867.g3pwtgv4ffyuhaixmbmm0kyh3d.gx.internal.cloudapp.net, ports: [REPLICATION=43837, RATIS=37899, RATIS_ADMIN=37899, RATIS_SERVER=37899, STANDALONE=43521], networkLocation: /default-rack, certSerialId: null, persistedOpState: IN_SERVICE, persistedOpStateExpiryEpochSec: 0}, ReplicationConfig: RATIS/ONE, State:ALLOCATED, leaderId:, CreationTimestamp2022-10-08T01:34:02.067Z[Etc/UTC]].
2022-10-08 01:34:02,079 [Command processor thread] INFO  ratis.XceiverServerRatis (XceiverServerRatis.java:addGroup(765)) - Created group PipelineID=d27f2316-13a6-4261-9497-dc88fb657fd0
2022-10-08 01:34:02,079 [Command processor thread] INFO  commandhandler.CreatePipelineCommandHandler (CreatePipelineCommandHandler.java:handle(113)) - Created Pipeline RATIS ONE PipelineID=d27f2316-13a6-4261-9497-dc88fb657fd0.
2022-10-08 01:34:02,422 [Listener at 127.0.0.1/38829] INFO  ozone.MiniOzoneClusterImpl (MiniOzoneClusterImpl.java:lambda$waitForClusterToBeReady$0(216)) - Waiting for nodes to be ready. Got 4 of 5 DN Heartbeats.
2022-10-08 01:34:02,422 [Listener at 127.0.0.1/38829] INFO  ozone.MiniOzoneClusterImpl (MiniOzoneClusterImpl.java:lambda$waitForClusterToBeReady$0(219)) - Waiting for cluster to exit safe mode
2022-10-08 01:34:02,422 [Listener at 127.0.0.1/38829] INFO  ozone.MiniOzoneClusterImpl (MiniOzoneClusterImpl.java:lambda$waitForClusterToBeReady$0(221)) - SCM became leader
2022-10-08 01:34:02,996 [ReplicationMonitor] INFO  replication.ReplicationManager (ReplicationManager.java:processAll(291)) - Replication Manager is not ready to run until 3000ms after safemode exit
2022-10-08 01:34:03,422 [Listener at 127.0.0.1/38829] INFO  ozone.MiniOzoneClusterImpl (MiniOzoneClusterImpl.java:lambda$waitForClusterToBeReady$0(216)) - Waiting for nodes to be ready. Got 4 of 5 DN Heartbeats.
2022-10-08 01:34:03,423 [Listener at 127.0.0.1/38829] INFO  ozone.MiniOzoneClusterImpl (MiniOzoneClusterImpl.java:lambda$waitForClusterToBeReady$0(219)) - Waiting for cluster to exit safe mode
2022-10-08 01:34:03,423 [Listener at 127.0.0.1/38829] INFO  ozone.MiniOzoneClusterImpl (MiniOzoneClusterImpl.java:lambda$waitForClusterToBeReady$0(221)) - SCM became leader
2022-10-08 01:34:03,509 [IPC Server handler 0 on default port 40879] INFO  net.NetworkTopologyImpl (NetworkTopologyImpl.java:add(112)) - Added a new node: /default-rack/e9bcdf12-1da6-4530-8c75-634f54e386f5
2022-10-08 01:34:03,509 [IPC Server handler 0 on default port 40879] INFO  node.SCMNodeManager (SCMNodeManager.java:register(397)) - Registered Data node : e9bcdf12-1da6-4530-8c75-634f54e386f5{ip: 10.1.0.61, host: fv-az180-867.g3pwtgv4ffyuhaixmbmm0kyh3d.gx.internal.cloudapp.net, ports: [REPLICATION=36317, RATIS=38361, RATIS_ADMIN=38361, RATIS_SERVER=38361, STANDALONE=36767], networkLocation: /default-rack, certSerialId: null, persistedOpState: null, persistedOpStateExpiryEpochSec: 0}
2022-10-08 01:34:03,510 [EventQueue-NewNodeForNewNodeHandler] INFO  pipeline.BackgroundPipelineCreator (BackgroundPipelineCreator.java:notifyEventTriggered(276)) - trigger a one-shot run on RatisPipelineUtilsThread.
2022-10-08 01:34:03,511 [RatisPipelineUtilsThread - 0] INFO  pipeline.RatisPipelineProvider (RatisPipelineProvider.java:lambda$create$0(195)) - Sending CreatePipelineCommand for pipeline:PipelineID=2888ce29-2412-480e-85c8-1c2d70d7dfdb to datanode:e9bcdf12-1da6-4530-8c75-634f54e386f5
2022-10-08 01:34:03,511 [RatisPipelineUtilsThread - 0] INFO  pipeline.PipelineStateManagerImpl (PipelineStateManagerImpl.java:addPipeline(103)) - Created pipeline Pipeline[ Id: 2888ce29-2412-480e-85c8-1c2d70d7dfdb, Nodes: e9bcdf12-1da6-4530-8c75-634f54e386f5{ip: 10.1.0.61, host: fv-az180-867.g3pwtgv4ffyuhaixmbmm0kyh3d.gx.internal.cloudapp.net, ports: [REPLICATION=36317, RATIS=38361, RATIS_ADMIN=38361, RATIS_SERVER=38361, STANDALONE=36767], networkLocation: /default-rack, certSerialId: null, persistedOpState: IN_SERVICE, persistedOpStateExpiryEpochSec: 0}, ReplicationConfig: RATIS/ONE, State:ALLOCATED, leaderId:, CreationTimestamp2022-10-08T01:34:03.511Z[Etc/UTC]].
2022-10-08 01:34:03,996 [ReplicationMonitor] INFO  replication.ReplicationManager (ReplicationManager.java:processAll(291)) - Replication Manager is not ready to run until 3000ms after safemode exit
2022-10-08 01:34:04,425 [Listener at 127.0.0.1/38829] INFO  ozone.MiniOzoneClusterImpl (MiniOzoneClusterImpl.java:lambda$waitForClusterToBeReady$0(216)) - Nodes are ready. Got 5 of 5 DN Heartbeats.
2022-10-08 01:34:04,425 [Listener at 127.0.0.1/38829] INFO  ozone.MiniOzoneClusterImpl (MiniOzoneClusterImpl.java:lambda$waitForClusterToBeReady$0(219)) - Waiting for cluster to exit safe mode
2022-10-08 01:34:04,426 [Listener at 127.0.0.1/38829] INFO  ozone.MiniOzoneClusterImpl (MiniOzoneClusterImpl.java:lambda$waitForClusterToBeReady$0(221)) - SCM became leader
2022-10-08 01:34:04,957 [Command processor thread] INFO  server.RaftServer (RaftServerProxy.java:addNew(96)) - a7d0fe55-ea9d-44f8-999b-89e5c9054a1b: addNew group-AD6CF670BF26:[a7d0fe55-ea9d-44f8-999b-89e5c9054a1b|rpc:10.1.0.61:37899|priority:1] returns group-AD6CF670BF26:java.util.concurrent.CompletableFuture@6b712146[Not completed]
2022-10-08 01:34:04,958 [pool-763-thread-1] INFO  server.RaftServer$Division (RaftServerImpl.java:<init>(190)) - a7d0fe55-ea9d-44f8-999b-89e5c9054a1b: new RaftServerImpl for group-AD6CF670BF26:[a7d0fe55-ea9d-44f8-999b-89e5c9054a1b|rpc:10.1.0.61:37899|priority:1] with ContainerStateMachine:uninitialized
2022-10-08 01:34:04,962 [pool-763-thread-1] INFO  server.RaftServerConfigKeys (ConfUtils.java:logGet(46)) - raft.server.rpc.timeout.min = 5s (custom)
2022-10-08 01:34:04,962 [pool-763-thread-1] INFO  server.RaftServerConfigKeys (ConfUtils.java:logGet(46)) - raft.server.rpc.timeout.max = 5200ms (custom)
2022-10-08 01:34:04,962 [pool-763-thread-1] INFO  server.RaftServerConfigKeys (ConfUtils.java:logGet(46)) - raft.server.rpc.sleep.time = 25ms (default)
2022-10-08 01:34:04,962 [pool-763-thread-1] INFO  server.RaftServerConfigKeys (ConfUtils.java:logGet(46)) - raft.server.rpc.slowness.timeout = 300s (custom)
2022-10-08 01:34:04,962 [pool-763-thread-1] INFO  server.RaftServerConfigKeys (ConfUtils.java:logGet(46)) - raft.server.leaderelection.leader.step-down.wait-time = 10s (default)
2022-10-08 01:34:04,962 [pool-763-thread-1] INFO  server.RaftServerConfigKeys (ConfUtils.java:logGet(46)) - raft.server.sleep.deviation.threshold = 300ms (default)
2022-10-08 01:34:04,996 [ReplicationMonitor] INFO  replication.ReplicationManager (ReplicationManager.java:processAll(291)) - Replication Manager is not ready to run until 3000ms after safemode exit
2022-10-08 01:34:05,007 [pool-763-thread-1] INFO  server.RaftServer$Division (ServerState.java:<init>(107)) - a7d0fe55-ea9d-44f8-999b-89e5c9054a1b@group-AD6CF670BF26: ConfigurationManager, init=-1: [a7d0fe55-ea9d-44f8-999b-89e5c9054a1b|rpc:10.1.0.61:37899|priority:1], old=null, confs=<EMPTY_MAP>
2022-10-08 01:34:05,007 [pool-763-thread-1] INFO  server.RaftServerConfigKeys (ConfUtils.java:logGet(46)) - raft.server.storage.dir = [/home/runner/work/ozone/ozone/hadoop-ozone/integration-test/target/test-dir/MiniOzoneClusterImpl-4672e814-a320-46b2-9281-7449f9d84a79/datanode-3/data/ratis] (custom)
2022-10-08 01:34:05,007 [pool-763-thread-1] INFO  server.RaftServerConfigKeys (ConfUtils.java:logGet(46)) - raft.server.log.corruption.policy = EXCEPTION (default)
2022-10-08 01:34:05,007 [pool-763-thread-1] INFO  server.RaftServerConfigKeys (ConfUtils.java:logGet(46)) - raft.server.storage.free-space.min = 0MB (=0) (default)
2022-10-08 01:34:05,007 [pool-763-thread-1] INFO  storage.RaftStorageDirectory (RaftStorageDirectoryImpl.java:analyzeStorage(135)) - The storage directory /home/runner/work/ozone/ozone/hadoop-ozone/integration-test/target/test-dir/MiniOzoneClusterImpl-4672e814-a320-46b2-9281-7449f9d84a79/datanode-3/data/ratis/b36d0108-ea9a-43d2-813d-ad6cf670bf26 does not exist. Creating ...
2022-10-08 01:34:05,016 [pool-763-thread-1] INFO  storage.RaftStorageDirectory (RaftStorageDirectoryImpl.java:tryLock(230)) - Lock on /home/runner/work/ozone/ozone/hadoop-ozone/integration-test/target/test-dir/MiniOzoneClusterImpl-4672e814-a320-46b2-9281-7449f9d84a79/datanode-3/data/ratis/b36d0108-ea9a-43d2-813d-ad6cf670bf26/in_use.lock acquired by nodename 52807@fv-az180-867
2022-10-08 01:34:05,027 [pool-763-thread-1] INFO  storage.RaftStorage (RaftStorageImpl.java:format(89)) - Storage directory /home/runner/work/ozone/ozone/hadoop-ozone/integration-test/target/test-dir/MiniOzoneClusterImpl-4672e814-a320-46b2-9281-7449f9d84a79/datanode-3/data/ratis/b36d0108-ea9a-43d2-813d-ad6cf670bf26 has been successfully formatted.
2022-10-08 01:34:05,046 [pool-763-thread-1] INFO  ratis.ContainerStateMachine (ContainerStateMachine.java:loadSnapshot(236)) - group-AD6CF670BF26: The snapshot info is null. Setting the last applied indexto:(t:0, i:~)
2022-10-08 01:34:05,046 [pool-763-thread-1] INFO  server.RaftServerConfigKeys (ConfUtils.java:logGet(46)) - raft.server.notification.no-leader.timeout = 300s (custom)
2022-10-08 01:34:05,046 [pool-763-thread-1] INFO  server.RaftServerConfigKeys (ConfUtils.java:logGet(46)) - raft.server.log.use.memory = false (default)
2022-10-08 01:34:05,046 [pool-763-thread-1] INFO  server.RaftServerConfigKeys (ConfUtils.java:logGet(46)) - raft.server.log.purge.gap = 1000000 (custom)
2022-10-08 01:34:05,046 [pool-763-thread-1] INFO  server.RaftServerConfigKeys (ConfUtils.java:logGet(46)) - raft.server.log.appender.buffer.byte-limit = 33554432 (custom)
2022-10-08 01:34:05,046 [pool-763-thread-1] INFO  server.RaftServerConfigKeys (ConfUtils.java:logGet(46)) - raft.server.log.statemachine.data.read.timeout = 1000ms (default)
2022-10-08 01:34:05,046 [pool-763-thread-1] INFO  server.RaftServerConfigKeys (ConfUtils.java:logGet(46)) - raft.server.log.segment.size.max = 1048576 (custom)
2022-10-08 01:34:05,047 [pool-763-thread-1] INFO  server.RaftServerConfigKeys (ConfUtils.java:logGet(46)) - raft.server.log.segment.cache.num.max = 2 (custom)
2022-10-08 01:34:05,047 [pool-763-thread-1] INFO  server.RaftServerConfigKeys (ConfUtils.java:logGet(46)) - raft.server.log.segment.cache.size.max = 200MB (=209715200) (default)
2022-10-08 01:34:05,047 [pool-763-thread-1] INFO  segmented.SegmentedRaftLogWorker (SegmentedRaftLogWorker.java:<init>(187)) - new a7d0fe55-ea9d-44f8-999b-89e5c9054a1b@group-AD6CF670BF26-SegmentedRaftLogWorker for RaftStorageImpl:Storage Directory /home/runner/work/ozone/ozone/hadoop-ozone/integration-test/target/test-dir/MiniOzoneClusterImpl-4672e814-a320-46b2-9281-7449f9d84a79/datanode-3/data/ratis/b36d0108-ea9a-43d2-813d-ad6cf670bf26
2022-10-08 01:34:05,047 [pool-763-thread-1] INFO  server.RaftServerConfigKeys (ConfUtils.java:logGet(46)) - raft.server.log.queue.byte-limit = 4294967296 (custom)
2022-10-08 01:34:05,047 [pool-763-thread-1] INFO  server.RaftServerConfigKeys (ConfUtils.java:logGet(46)) - raft.server.log.queue.element-limit = 1024 (custom)
2022-10-08 01:34:05,047 [pool-763-thread-1] INFO  server.RaftServerConfigKeys (ConfUtils.java:logGet(46)) - raft.server.log.segment.size.max = 1048576 (custom)
2022-10-08 01:34:05,047 [pool-763-thread-1] INFO  server.RaftServerConfigKeys (ConfUtils.java:logGet(46)) - raft.server.log.preallocated.size = 16384 (custom)
2022-10-08 01:34:05,047 [pool-763-thread-1] INFO  server.RaftServerConfigKeys (ConfUtils.java:logGet(46)) - raft.server.log.force.sync.num = 128 (default)
2022-10-08 01:34:05,047 [pool-763-thread-1] INFO  server.RaftServerConfigKeys (ConfUtils.java:logGet(46)) - raft.server.log.statemachine.data.sync = true (default)
2022-10-08 01:34:05,047 [pool-763-thread-1] INFO  server.RaftServerConfigKeys (ConfUtils.java:logGet(46)) - raft.server.log.statemachine.data.sync.timeout = 10s (default)
2022-10-08 01:34:05,047 [pool-763-thread-1] INFO  server.RaftServerConfigKeys (ConfUtils.java:logGet(46)) - raft.server.log.statemachine.data.sync.timeout.retry = -1 (default)
2022-10-08 01:34:05,049 [EventQueue-PipelineReportForPipelineReportHandler] INFO  pipeline.PipelineManagerImpl (PipelineManagerImpl.java:openPipeline(367)) - Pipeline Pipeline[ Id: b36d0108-ea9a-43d2-813d-ad6cf670bf26, Nodes: a7d0fe55-ea9d-44f8-999b-89e5c9054a1b{ip: 10.1.0.61, host: fv-az180-867.g3pwtgv4ffyuhaixmbmm0kyh3d.gx.internal.cloudapp.net, ports: [REPLICATION=43837, RATIS=37899, RATIS_ADMIN=37899, RATIS_SERVER=37899, STANDALONE=43521], networkLocation: /default-rack, certSerialId: null, persistedOpState: IN_SERVICE, persistedOpStateExpiryEpochSec: 0}, ReplicationConfig: RATIS/ONE, State:ALLOCATED, leaderId:a7d0fe55-ea9d-44f8-999b-89e5c9054a1b, CreationTimestamp2022-10-08T01:34:02.067Z[Etc/UTC]] moved to OPEN state
2022-10-08 01:34:05,050 [pool-763-thread-1] INFO  server.RaftServerConfigKeys (ConfUtils.java:logGet(46)) - raft.server.log.write.buffer.size = 1048576 (custom)
2022-10-08 01:34:05,050 [pool-763-thread-1] INFO  server.RaftServerConfigKeys (ConfUtils.java:logGet(46)) - raft.server.log.unsafe-flush.enabled = false (default)
2022-10-08 01:34:05,050 [pool-763-thread-1] INFO  server.RaftServerConfigKeys (ConfUtils.java:logGet(46)) - raft.server.log.statemachine.data.caching.enabled = true (custom)
2022-10-08 01:34:05,051 [pool-763-thread-1] INFO  segmented.SegmentedRaftLogWorker (SegmentedRaftLogWorker.java:lambda$new$0(135)) - a7d0fe55-ea9d-44f8-999b-89e5c9054a1b@group-AD6CF670BF26-SegmentedRaftLogWorker: flushIndex: setUnconditionally 0 -> -1
2022-10-08 01:34:05,051 [pool-763-thread-1] INFO  segmented.SegmentedRaftLogWorker (SegmentedRaftLogWorker.java:lambda$new$0(135)) - a7d0fe55-ea9d-44f8-999b-89e5c9054a1b@group-AD6CF670BF26-SegmentedRaftLogWorker: safeCacheEvictIndex: setUnconditionally 0 -> -1
2022-10-08 01:34:05,052 [EventQueue-OpenPipelineForHealthyPipelineSafeModeRule] INFO  safemode.SCMSafeModeManager (HealthyPipelineSafeModeRule.java:process(137)) - SCM in safe mode. Healthy pipelines reported count is 0, required healthy pipeline reported count is 1
2022-10-08 01:34:05,072 [pool-763-thread-1] INFO  server.RaftServerConfigKeys (ConfUtils.java:logGet(46)) - raft.server.snapshot.auto.trigger.enabled = true (custom)
2022-10-08 01:34:05,072 [pool-763-thread-1] INFO  server.RaftServerConfigKeys (ConfUtils.java:logGet(46)) - raft.server.snapshot.auto.trigger.threshold = 10000 (custom)
2022-10-08 01:34:05,072 [pool-763-thread-1] INFO  server.RaftServerConfigKeys (ConfUtils.java:logGet(46)) - raft.server.snapshot.retention.file.num = 5 (custom)
2022-10-08 01:34:05,072 [pool-763-thread-1] INFO  server.RaftServerConfigKeys (ConfUtils.java:logGet(46)) - raft.server.log.purge.upto.snapshot.index = false (default)
2022-10-08 01:34:05,072 [pool-763-thread-1] INFO  server.RaftServerConfigKeys (ConfUtils.java:logGet(46)) - raft.server.retrycache.expirytime = 600000ms (custom)
2022-10-08 01:34:05,072 [pool-763-thread-1] INFO  server.RaftServerConfigKeys (ConfUtils.java:logGet(46)) - raft.server.retrycache.statistics.expirytime = 100μs (default)
2022-10-08 01:34:05,073 [pool-763-thread-1] INFO  server.RaftServerConfigKeys (ConfUtils.java:logGet(46)) - raft.server.log.appender.install.snapshot.enabled = false (custom)
2022-10-08 01:34:05,074 [pool-763-thread-1] INFO  server.RaftServerConfigKeys (ConfUtils.java:logGet(46)) - raft.server.threadpool.server.cached = true (default)
2022-10-08 01:34:05,074 [pool-763-thread-1] INFO  server.RaftServerConfigKeys (ConfUtils.java:logGet(46)) - raft.server.threadpool.server.size = 0 (default)
2022-10-08 01:34:05,074 [pool-763-thread-1] INFO  server.RaftServerConfigKeys (ConfUtils.java:logGet(46)) - raft.server.threadpool.client.cached = true (default)
2022-10-08 01:34:05,074 [pool-763-thread-1] INFO  server.RaftServerConfigKeys (ConfUtils.java:logGet(46)) - raft.server.threadpool.client.size = 0 (default)
2022-10-08 01:34:05,074 [pool-763-thread-1] INFO  server.RaftServer$Division (RaftServerImpl.java:start(310)) - a7d0fe55-ea9d-44f8-999b-89e5c9054a1b@group-AD6CF670BF26: start as a follower, conf=-1: [a7d0fe55-ea9d-44f8-999b-89e5c9054a1b|rpc:10.1.0.61:37899|priority:1], old=null
2022-10-08 01:34:05,074 [pool-763-thread-1] INFO  server.RaftServer$Division (RaftServerImpl.java:setRole(299)) - a7d0fe55-ea9d-44f8-999b-89e5c9054a1b@group-AD6CF670BF26: changes role from      null to FOLLOWER at term 0 for startAsFollower
2022-10-08 01:34:05,074 [pool-763-thread-1] INFO  impl.RoleInfo (RoleInfo.java:updateAndGet(139)) - a7d0fe55-ea9d-44f8-999b-89e5c9054a1b: start a7d0fe55-ea9d-44f8-999b-89e5c9054a1b@group-AD6CF670BF26-FollowerState
2022-10-08 01:34:05,074 [pool-763-thread-1] INFO  util.JmxRegister (JmxRegister.java:tryRegister(44)) - Successfully registered JMX Bean with object name Ratis:service=RaftServer,group=group-AD6CF670BF26,id=a7d0fe55-ea9d-44f8-999b-89e5c9054a1b
2022-10-08 01:34:05,102 [Command processor thread] INFO  ratis.XceiverServerRatis (XceiverServerRatis.java:addGroup(765)) - Created group PipelineID=b36d0108-ea9a-43d2-813d-ad6cf670bf26
2022-10-08 01:34:05,102 [Command processor thread] INFO  commandhandler.CreatePipelineCommandHandler (CreatePipelineCommandHandler.java:handle(113)) - Created Pipeline RATIS ONE PipelineID=b36d0108-ea9a-43d2-813d-ad6cf670bf26.
2022-10-08 01:34:05,426 [Listener at 127.0.0.1/38829] INFO  ozone.MiniOzoneClusterImpl (MiniOzoneClusterImpl.java:lambda$waitForClusterToBeReady$0(216)) - Nodes are ready. Got 5 of 5 DN Heartbeats.
2022-10-08 01:34:05,426 [Listener at 127.0.0.1/38829] INFO  ozone.MiniOzoneClusterImpl (MiniOzoneClusterImpl.java:lambda$waitForClusterToBeReady$0(219)) - Waiting for cluster to exit safe mode
2022-10-08 01:34:05,426 [Listener at 127.0.0.1/38829] INFO  ozone.MiniOzoneClusterImpl (MiniOzoneClusterImpl.java:lambda$waitForClusterToBeReady$0(221)) - SCM became leader
2022-10-08 01:34:06,007 [ReplicationMonitor] INFO  replication.ReplicationManager (ReplicationManager.java:processAll(291)) - Replication Manager is not ready to run until 3000ms after safemode exit
2022-10-08 01:34:06,149 [6822e6b6-300a-445d-9551-e629b68d3cd6@group-116CD948AFD1-FollowerState] INFO  impl.FollowerState (FollowerState.java:run(143)) - 6822e6b6-300a-445d-9551-e629b68d3cd6@group-116CD948AFD1-FollowerState: change to CANDIDATE, lastRpcElapsedTime:5138745402ns, electionTimeout:5102ms
2022-10-08 01:34:06,149 [6822e6b6-300a-445d-9551-e629b68d3cd6@group-116CD948AFD1-FollowerState] INFO  impl.RoleInfo (RoleInfo.java:shutdownFollowerState(110)) - 6822e6b6-300a-445d-9551-e629b68d3cd6: shutdown 6822e6b6-300a-445d-9551-e629b68d3cd6@group-116CD948AFD1-FollowerState
2022-10-08 01:34:06,149 [6822e6b6-300a-445d-9551-e629b68d3cd6@group-116CD948AFD1-FollowerState] INFO  server.RaftServer$Division (RaftServerImpl.java:setRole(299)) - 6822e6b6-300a-445d-9551-e629b68d3cd6@group-116CD948AFD1: changes role from  FOLLOWER to CANDIDATE at term 0 for changeToCandidate
2022-10-08 01:34:06,149 [6822e6b6-300a-445d-9551-e629b68d3cd6@group-116CD948AFD1-FollowerState] INFO  server.RaftServerConfigKeys (ConfUtils.java:logGet(46)) - raft.server.leaderelection.pre-vote = false (custom)
2022-10-08 01:34:06,149 [6822e6b6-300a-445d-9551-e629b68d3cd6@group-116CD948AFD1-FollowerState] INFO  impl.RoleInfo (RoleInfo.java:updateAndGet(139)) - 6822e6b6-300a-445d-9551-e629b68d3cd6: start 6822e6b6-300a-445d-9551-e629b68d3cd6@group-116CD948AFD1-LeaderElection20
2022-10-08 01:34:06,225 [6822e6b6-300a-445d-9551-e629b68d3cd6@group-116CD948AFD1-LeaderElection20] INFO  impl.LeaderElection (LeaderElection.java:askForVotes(310)) - 6822e6b6-300a-445d-9551-e629b68d3cd6@group-116CD948AFD1-LeaderElection20 ELECTION round 0: submit vote requests at term 1 for -1: [6822e6b6-300a-445d-9551-e629b68d3cd6|rpc:10.1.0.61:33271|priority:1], old=null
2022-10-08 01:34:06,225 [6822e6b6-300a-445d-9551-e629b68d3cd6@group-116CD948AFD1-LeaderElection20] INFO  impl.LeaderElection (LeaderElection.java:askForVotes(312)) - 6822e6b6-300a-445d-9551-e629b68d3cd6@group-116CD948AFD1-LeaderElection20 ELECTION round 0: result PASSED (term=1)
2022-10-08 01:34:06,225 [6822e6b6-300a-445d-9551-e629b68d3cd6@group-116CD948AFD1-LeaderElection20] INFO  impl.RoleInfo (RoleInfo.java:shutdownLeaderElection(130)) - 6822e6b6-300a-445d-9551-e629b68d3cd6: shutdown 6822e6b6-300a-445d-9551-e629b68d3cd6@group-116CD948AFD1-LeaderElection20
2022-10-08 01:34:06,225 [6822e6b6-300a-445d-9551-e629b68d3cd6@group-116CD948AFD1-LeaderElection20] INFO  server.RaftServer$Division (RaftServerImpl.java:setRole(299)) - 6822e6b6-300a-445d-9551-e629b68d3cd6@group-116CD948AFD1: changes role from CANDIDATE to LEADER at term 1 for changeToLeader
2022-10-08 01:34:06,225 [6822e6b6-300a-445d-9551-e629b68d3cd6@group-116CD948AFD1-LeaderElection20] INFO  ratis.XceiverServerRatis (XceiverServerRatis.java:handleLeaderChangedNotification(863)) - Leader change notification received for group: group-116CD948AFD1 with new leaderId: 6822e6b6-300a-445d-9551-e629b68d3cd6
2022-10-08 01:34:06,225 [6822e6b6-300a-445d-9551-e629b68d3cd6@group-116CD948AFD1-LeaderElection20] INFO  server.RaftServer$Division (ServerState.java:setLeader(287)) - 6822e6b6-300a-445d-9551-e629b68d3cd6@group-116CD948AFD1: change Leader from null to 6822e6b6-300a-445d-9551-e629b68d3cd6 at term 1 for becomeLeader, leader elected after 5286ms
2022-10-08 01:34:06,225 [6822e6b6-300a-445d-9551-e629b68d3cd6@group-116CD948AFD1-LeaderElection20] INFO  server.RaftServerConfigKeys (ConfUtils.java:logGet(46)) - raft.server.staging.catchup.gap = 1000 (default)
2022-10-08 01:34:06,228 [6822e6b6-300a-445d-9551-e629b68d3cd6@group-116CD948AFD1-LeaderElection20] INFO  server.RaftServerConfigKeys (ConfUtils.java:logGet(46)) - raft.server.write.element-limit = 1024 (custom)
2022-10-08 01:34:06,228 [6822e6b6-300a-445d-9551-e629b68d3cd6@group-116CD948AFD1-LeaderElection20] INFO  server.RaftServerConfigKeys (ConfUtils.java:logGet(46)) - raft.server.write.byte-limit = 1024 M (=1073741824) (custom)
2022-10-08 01:34:06,229 [6822e6b6-300a-445d-9551-e629b68d3cd6@group-116CD948AFD1-LeaderElection20] INFO  server.RaftServerConfigKeys (ConfUtils.java:logGet(46)) - raft.server.watch.timeout = 180s (custom)
2022-10-08 01:34:06,229 [6822e6b6-300a-445d-9551-e629b68d3cd6@group-116CD948AFD1-LeaderElection20] INFO  server.RaftServerConfigKeys (ConfUtils.java:logGet(46)) - raft.server.watch.timeout.denomination = 1s (default)
2022-10-08 01:34:06,229 [6822e6b6-300a-445d-9551-e629b68d3cd6@group-116CD948AFD1-LeaderElection20] INFO  server.RaftServerConfigKeys (ConfUtils.java:logGet(46)) - raft.server.watch.element-limit = 65536 (default)
2022-10-08 01:34:06,229 [6822e6b6-300a-445d-9551-e629b68d3cd6@group-116CD948AFD1-LeaderElection20] INFO  server.RaftServerConfigKeys (ConfUtils.java:logGet(46)) - raft.server.write.element-limit = 1024 (custom)
2022-10-08 01:34:06,229 [6822e6b6-300a-445d-9551-e629b68d3cd6@group-116CD948AFD1-LeaderElection20] INFO  server.RaftServerConfigKeys (ConfUtils.java:logGet(46)) - raft.server.write.follower.gap.ratio.max = -1.0 (default)
2022-10-08 01:34:06,229 [6822e6b6-300a-445d-9551-e629b68d3cd6@group-116CD948AFD1-LeaderElection20] INFO  impl.RoleInfo (RoleInfo.java:updateAndGet(139)) - 6822e6b6-300a-445d-9551-e629b68d3cd6: start 6822e6b6-300a-445d-9551-e629b68d3cd6@group-116CD948AFD1-LeaderStateImpl
2022-10-08 01:34:06,229 [6822e6b6-300a-445d-9551-e629b68d3cd6@group-116CD948AFD1-LeaderElection20] INFO  segmented.SegmentedRaftLogWorker (SegmentedRaftLogWorker.java:startLogSegment(425)) - 6822e6b6-300a-445d-9551-e629b68d3cd6@group-116CD948AFD1-SegmentedRaftLogWorker: Starting segment from index:0
2022-10-08 01:34:06,237 [6822e6b6-300a-445d-9551-e629b68d3cd6@group-116CD948AFD1-SegmentedRaftLogWorker] INFO  segmented.SegmentedRaftLogWorker (SegmentedRaftLogWorker.java:execute(629)) - 6822e6b6-300a-445d-9551-e629b68d3cd6@group-116CD948AFD1-SegmentedRaftLogWorker: created new log segment /home/runner/work/ozone/ozone/hadoop-ozone/integration-test/target/test-dir/MiniOzoneClusterImpl-4672e814-a320-46b2-9281-7449f9d84a79/datanode-0/data/ratis/adff822c-f961-4ade-98fe-116cd948afd1/current/log_inprogress_0
2022-10-08 01:34:06,268 [6822e6b6-300a-445d-9551-e629b68d3cd6@group-116CD948AFD1-LeaderElection20] INFO  server.RaftServer$Division (ServerState.java:setRaftConf(393)) - 6822e6b6-300a-445d-9551-e629b68d3cd6@group-116CD948AFD1: set configuration 0: [6822e6b6-300a-445d-9551-e629b68d3cd6|rpc:10.1.0.61:33271|dataStream:|priority:1], old=null
2022-10-08 01:34:06,272 [6822e6b6-300a-445d-9551-e629b68d3cd6@group-E300156FB220-FollowerState] INFO  impl.FollowerState (FollowerState.java:run(143)) - 6822e6b6-300a-445d-9551-e629b68d3cd6@group-E300156FB220-FollowerState: change to CANDIDATE, lastRpcElapsedTime:5174550771ns, electionTimeout:5145ms
2022-10-08 01:34:06,273 [6822e6b6-300a-445d-9551-e629b68d3cd6@group-E300156FB220-FollowerState] INFO  impl.RoleInfo (RoleInfo.java:shutdownFollowerState(110)) - 6822e6b6-300a-445d-9551-e629b68d3cd6: shutdown 6822e6b6-300a-445d-9551-e629b68d3cd6@group-E300156FB220-FollowerState
2022-10-08 01:34:06,273 [6822e6b6-300a-445d-9551-e629b68d3cd6@group-E300156FB220-FollowerState] INFO  server.RaftServer$Division (RaftServerImpl.java:setRole(299)) - 6822e6b6-300a-445d-9551-e629b68d3cd6@group-E300156FB220: changes role from  FOLLOWER to CANDIDATE at term 0 for changeToCandidate
2022-10-08 01:34:06,273 [6822e6b6-300a-445d-9551-e629b68d3cd6@group-E300156FB220-FollowerState] INFO  server.RaftServerConfigKeys (ConfUtils.java:logGet(46)) - raft.server.leaderelection.pre-vote = false (custom)
2022-10-08 01:34:06,273 [6822e6b6-300a-445d-9551-e629b68d3cd6@group-E300156FB220-FollowerState] INFO  impl.RoleInfo (RoleInfo.java:updateAndGet(139)) - 6822e6b6-300a-445d-9551-e629b68d3cd6: start 6822e6b6-300a-445d-9551-e629b68d3cd6@group-E300156FB220-LeaderElection21
2022-10-08 01:34:06,304 [EventQueue-OpenPipelineForHealthyPipelineSafeModeRule] INFO  safemode.SCMSafeModeManager (HealthyPipelineSafeModeRule.java:process(137)) - SCM in safe mode. Healthy pipelines reported count is 0, required healthy pipeline reported count is 1
2022-10-08 01:34:06,318 [6822e6b6-300a-445d-9551-e629b68d3cd6@group-E300156FB220-LeaderElection21] INFO  impl.LeaderElection (LeaderElection.java:askForVotes(310)) - 6822e6b6-300a-445d-9551-e629b68d3cd6@group-E300156FB220-LeaderElection21 ELECTION round 0: submit vote requests at term 1 for -1: [74407c01-bc2d-4222-b781-024ddeaebfd0|rpc:10.1.0.61:42125|priority:0, 348051e8-9d7e-4807-b60e-e38d4836e670|rpc:10.1.0.61:37667|priority:0, 6822e6b6-300a-445d-9551-e629b68d3cd6|rpc:10.1.0.61:33271|priority:1], old=null
2022-10-08 01:34:06,357 [grpc-default-executor-2] INFO  server.RaftServer$Division (RaftServerImpl.java:requestVote(1152)) - 74407c01-bc2d-4222-b781-024ddeaebfd0@group-E300156FB220: receive requestVote(ELECTION, 6822e6b6-300a-445d-9551-e629b68d3cd6, group-E300156FB220, 1, (t:0, i:0))
2022-10-08 01:34:06,357 [grpc-default-executor-2] INFO  impl.VoteContext (VoteContext.java:log(48)) - 74407c01-bc2d-4222-b781-024ddeaebfd0@group-E300156FB220-FOLLOWER: accept ELECTION from 6822e6b6-300a-445d-9551-e629b68d3cd6: our priority 0 <= candidate's priority 1
2022-10-08 01:34:06,357 [grpc-default-executor-2] INFO  server.RaftServer$Division (RaftServerImpl.java:setRole(299)) - 74407c01-bc2d-4222-b781-024ddeaebfd0@group-E300156FB220: changes role from  FOLLOWER to FOLLOWER at term 1 for candidate:6822e6b6-300a-445d-9551-e629b68d3cd6
2022-10-08 01:34:06,357 [grpc-default-executor-2] INFO  impl.RoleInfo (RoleInfo.java:shutdownFollowerState(110)) - 74407c01-bc2d-4222-b781-024ddeaebfd0: shutdown 74407c01-bc2d-4222-b781-024ddeaebfd0@group-E300156FB220-FollowerState
2022-10-08 01:34:06,357 [74407c01-bc2d-4222-b781-024ddeaebfd0@group-E300156FB220-FollowerState] INFO  impl.FollowerState (FollowerState.java:run(152)) - 74407c01-bc2d-4222-b781-024ddeaebfd0@group-E300156FB220-FollowerState was interrupted
2022-10-08 01:34:06,357 [grpc-default-executor-2] INFO  impl.RoleInfo (RoleInfo.java:updateAndGet(139)) - 74407c01-bc2d-4222-b781-024ddeaebfd0: start 74407c01-bc2d-4222-b781-024ddeaebfd0@group-E300156FB220-FollowerState
2022-10-08 01:34:06,364 [grpc-default-executor-4] INFO  server.RaftServer$Division (RaftServerImpl.java:requestVote(1152)) - 348051e8-9d7e-4807-b60e-e38d4836e670@group-E300156FB220: receive requestVote(ELECTION, 6822e6b6-300a-445d-9551-e629b68d3cd6, group-E300156FB220, 1, (t:0, i:0))
2022-10-08 01:34:06,364 [grpc-default-executor-4] INFO  impl.VoteContext (VoteContext.java:log(48)) - 348051e8-9d7e-4807-b60e-e38d4836e670@group-E300156FB220-FOLLOWER: accept ELECTION from 6822e6b6-300a-445d-9551-e629b68d3cd6: our priority 0 <= candidate's priority 1
2022-10-08 01:34:06,364 [grpc-default-executor-4] INFO  server.RaftServer$Division (RaftServerImpl.java:setRole(299)) - 348051e8-9d7e-4807-b60e-e38d4836e670@group-E300156FB220: changes role from  FOLLOWER to FOLLOWER at term 1 for candidate:6822e6b6-300a-445d-9551-e629b68d3cd6
2022-10-08 01:34:06,364 [grpc-default-executor-4] INFO  impl.RoleInfo (RoleInfo.java:shutdownFollowerState(110)) - 348051e8-9d7e-4807-b60e-e38d4836e670: shutdown 348051e8-9d7e-4807-b60e-e38d4836e670@group-E300156FB220-FollowerState
2022-10-08 01:34:06,376 [grpc-default-executor-4] INFO  impl.RoleInfo (RoleInfo.java:updateAndGet(139)) - 348051e8-9d7e-4807-b60e-e38d4836e670: start 348051e8-9d7e-4807-b60e-e38d4836e670@group-E300156FB220-FollowerState
2022-10-08 01:34:06,376 [348051e8-9d7e-4807-b60e-e38d4836e670@group-E300156FB220-FollowerState] INFO  impl.FollowerState (FollowerState.java:run(152)) - 348051e8-9d7e-4807-b60e-e38d4836e670@group-E300156FB220-FollowerState was interrupted
2022-10-08 01:34:06,383 [grpc-default-executor-2] INFO  server.RaftServer$Division (RaftServerImpl.java:requestVote(1184)) - 74407c01-bc2d-4222-b781-024ddeaebfd0@group-E300156FB220 replies to ELECTION vote request: 6822e6b6-300a-445d-9551-e629b68d3cd6<-74407c01-bc2d-4222-b781-024ddeaebfd0#0:OK-t1. Peer's state: 74407c01-bc2d-4222-b781-024ddeaebfd0@group-E300156FB220:t1, leader=null, voted=6822e6b6-300a-445d-9551-e629b68d3cd6, raftlog=74407c01-bc2d-4222-b781-024ddeaebfd0@group-E300156FB220-SegmentedRaftLog:OPENED:c-1, conf=-1: [74407c01-bc2d-4222-b781-024ddeaebfd0|rpc:10.1.0.61:42125|dataStream:|priority:0, 348051e8-9d7e-4807-b60e-e38d4836e670|rpc:10.1.0.61:37667|dataStream:|priority:0, 6822e6b6-300a-445d-9551-e629b68d3cd6|rpc:10.1.0.61:33271|dataStream:|priority:1], old=null
2022-10-08 01:34:06,385 [6822e6b6-300a-445d-9551-e629b68d3cd6@group-E300156FB220-LeaderElection21] INFO  impl.LeaderElection (LeaderElection.java:logAndReturn(90)) - 6822e6b6-300a-445d-9551-e629b68d3cd6@group-E300156FB220-LeaderElection21: ELECTION PASSED received 1 response(s) and 0 exception(s):
2022-10-08 01:34:06,385 [6822e6b6-300a-445d-9551-e629b68d3cd6@group-E300156FB220-LeaderElection21] INFO  impl.LeaderElection (LeaderElection.java:logAndReturn(94)) -   Response 0: 6822e6b6-300a-445d-9551-e629b68d3cd6<-74407c01-bc2d-4222-b781-024ddeaebfd0#0:OK-t1
2022-10-08 01:34:06,385 [6822e6b6-300a-445d-9551-e629b68d3cd6@group-E300156FB220-LeaderElection21] INFO  impl.LeaderElection (LeaderElection.java:askForVotes(312)) - 6822e6b6-300a-445d-9551-e629b68d3cd6@group-E300156FB220-LeaderElection21 ELECTION round 0: result PASSED
2022-10-08 01:34:06,385 [6822e6b6-300a-445d-9551-e629b68d3cd6@group-E300156FB220-LeaderElection21] INFO  impl.RoleInfo (RoleInfo.java:shutdownLeaderElection(130)) - 6822e6b6-300a-445d-9551-e629b68d3cd6: shutdown 6822e6b6-300a-445d-9551-e629b68d3cd6@group-E300156FB220-LeaderElection21
2022-10-08 01:34:06,397 [6822e6b6-300a-445d-9551-e629b68d3cd6@group-E300156FB220-LeaderElection21] INFO  server.RaftServer$Division (RaftServerImpl.java:setRole(299)) - 6822e6b6-300a-445d-9551-e629b68d3cd6@group-E300156FB220: changes role from CANDIDATE to LEADER at term 1 for changeToLeader
2022-10-08 01:34:06,397 [6822e6b6-300a-445d-9551-e629b68d3cd6@group-E300156FB220-LeaderElection21] INFO  ratis.XceiverServerRatis (XceiverServerRatis.java:handleLeaderChangedNotification(863)) - Leader change notification received for group: group-E300156FB220 with new leaderId: 6822e6b6-300a-445d-9551-e629b68d3cd6
2022-10-08 01:34:06,398 [6822e6b6-300a-445d-9551-e629b68d3cd6@group-E300156FB220-LeaderElection21] INFO  server.RaftServer$Division (ServerState.java:setLeader(287)) - 6822e6b6-300a-445d-9551-e629b68d3cd6@group-E300156FB220: change Leader from null to 6822e6b6-300a-445d-9551-e629b68d3cd6 at term 1 for becomeLeader, leader elected after 5319ms
2022-10-08 01:34:06,398 [6822e6b6-300a-445d-9551-e629b68d3cd6@group-E300156FB220-LeaderElection21] INFO  server.RaftServerConfigKeys (ConfUtils.java:logGet(46)) - raft.server.staging.catchup.gap = 1000 (default)
2022-10-08 01:34:06,398 [6822e6b6-300a-445d-9551-e629b68d3cd6@group-E300156FB220-LeaderElection21] INFO  server.RaftServerConfigKeys (ConfUtils.java:logGet(46)) - raft.server.write.element-limit = 1024 (custom)
2022-10-08 01:34:06,398 [6822e6b6-300a-445d-9551-e629b68d3cd6@group-E300156FB220-LeaderElection21] INFO  server.RaftServerConfigKeys (ConfUtils.java:logGet(46)) - raft.server.write.byte-limit = 1024 M (=1073741824) (custom)
2022-10-08 01:34:06,398 [6822e6b6-300a-445d-9551-e629b68d3cd6@group-E300156FB220-LeaderElection21] INFO  server.RaftServerConfigKeys (ConfUtils.java:logGet(46)) - raft.server.watch.timeout = 180s (custom)
2022-10-08 01:34:06,398 [6822e6b6-300a-445d-9551-e629b68d3cd6@group-E300156FB220-LeaderElection21] INFO  server.RaftServerConfigKeys (ConfUtils.java:logGet(46)) - raft.server.watch.timeout.denomination = 1s (default)
2022-10-08 01:34:06,398 [6822e6b6-300a-445d-9551-e629b68d3cd6@group-E300156FB220-LeaderElection21] INFO  server.RaftServerConfigKeys (ConfUtils.java:logGet(46)) - raft.server.watch.element-limit = 65536 (default)
2022-10-08 01:34:06,398 [6822e6b6-300a-445d-9551-e629b68d3cd6@group-E300156FB220-LeaderElection21] INFO  server.RaftServerConfigKeys (ConfUtils.java:logGet(46)) - raft.server.write.element-limit = 1024 (custom)
2022-10-08 01:34:06,398 [6822e6b6-300a-445d-9551-e629b68d3cd6@group-E300156FB220-LeaderElection21] INFO  server.RaftServerConfigKeys (ConfUtils.java:logGet(46)) - raft.server.write.follower.gap.ratio.max = -1.0 (default)
2022-10-08 01:34:06,399 [6822e6b6-300a-445d-9551-e629b68d3cd6@group-E300156FB220-LeaderElection21] INFO  server.RaftServerConfigKeys (ConfUtils.java:logGet(46)) - raft.server.log.appender.snapshot.chunk.size.max = 16MB (=16777216) (default)
2022-10-08 01:34:06,399 [6822e6b6-300a-445d-9551-e629b68d3cd6@group-E300156FB220-LeaderElection21] INFO  server.RaftServerConfigKeys (ConfUtils.java:logGet(46)) - raft.server.log.appender.buffer.byte-limit = 33554432 (custom)
2022-10-08 01:34:06,399 [6822e6b6-300a-445d-9551-e629b68d3cd6@group-E300156FB220-LeaderElection21] INFO  server.RaftServerConfigKeys (ConfUtils.java:logGet(46)) - raft.server.log.appender.buffer.element-limit = 1 (custom)
2022-10-08 01:34:06,399 [6822e6b6-300a-445d-9551-e629b68d3cd6@group-E300156FB220-LeaderElection21] INFO  grpc.GrpcConfigKeys (ConfUtils.java:logGet(46)) - raft.grpc.server.leader.outstanding.appends.max = 128 (default)
2022-10-08 01:34:06,399 [6822e6b6-300a-445d-9551-e629b68d3cd6@group-E300156FB220-LeaderElection21] INFO  server.RaftServerConfigKeys (ConfUtils.java:logGet(46)) - raft.server.rpc.request.timeout = 60s (custom)
2022-10-08 01:34:06,399 [6822e6b6-300a-445d-9551-e629b68d3cd6@group-E300156FB220-LeaderElection21] INFO  server.RaftServerConfigKeys (ConfUtils.java:logGet(46)) - raft.server.log.appender.install.snapshot.enabled = false (custom)
2022-10-08 01:34:06,401 [EventQueue-PipelineReportForPipelineReportHandler] INFO  pipeline.PipelineManagerImpl (PipelineManagerImpl.java:openPipeline(367)) - Pipeline Pipeline[ Id: f86038f5-ec5a-4ff6-9073-e300156fb220, Nodes: 6822e6b6-300a-445d-9551-e629b68d3cd6{ip: 10.1.0.61, host: fv-az180-867.g3pwtgv4ffyuhaixmbmm0kyh3d.gx.internal.cloudapp.net, ports: [REPLICATION=42871, RATIS=33271, RATIS_ADMIN=33271, RATIS_SERVER=33271, STANDALONE=40923], networkLocation: /default-rack, certSerialId: null, persistedOpState: IN_SERVICE, persistedOpStateExpiryEpochSec: 0}74407c01-bc2d-4222-b781-024ddeaebfd0{ip: 10.1.0.61, host: fv-az180-867.g3pwtgv4ffyuhaixmbmm0kyh3d.gx.internal.cloudapp.net, ports: [REPLICATION=43711, RATIS=42125, RATIS_ADMIN=42125, RATIS_SERVER=42125, STANDALONE=37771], networkLocation: /default-rack, certSerialId: null, persistedOpState: IN_SERVICE, persistedOpStateExpiryEpochSec: 0}348051e8-9d7e-4807-b60e-e38d4836e670{ip: 10.1.0.61, host: fv-az180-867.g3pwtgv4ffyuhaixmbmm0kyh3d.gx.internal.cloudapp.net, ports: [REPLICATION=40287, RATIS=37667, RATIS_ADMIN=37667, RATIS_SERVER=37667, STANDALONE=35437], networkLocation: /default-rack, certSerialId: null, persistedOpState: IN_SERVICE, persistedOpStateExpiryEpochSec: 0}, ReplicationConfig: RATIS/THREE, State:ALLOCATED, leaderId:6822e6b6-300a-445d-9551-e629b68d3cd6, CreationTimestamp2022-10-08T01:34:00.704Z[Etc/UTC]] moved to OPEN state
2022-10-08 01:34:06,401 [EventQueue-OpenPipelineForHealthyPipelineSafeModeRule] INFO  safemode.SCMSafeModeManager (HealthyPipelineSafeModeRule.java:process(137)) - SCM in safe mode. Healthy pipelines reported count is 1, required healthy pipeline reported count is 1
2022-10-08 01:34:06,401 [EventQueue-OpenPipelineForHealthyPipelineSafeModeRule] INFO  safemode.SCMSafeModeManager (SCMSafeModeManager.java:validateSafeModeExitRules(204)) - HealthyPipelineSafeModeRule rule is successfully validated
2022-10-08 01:34:06,401 [EventQueue-OpenPipelineForHealthyPipelineSafeModeRule] INFO  safemode.SCMSafeModeManager (SCMSafeModeManager.java:validateSafeModeExitRules(219)) - ScmSafeModeManager, all rules are successfully validated
2022-10-08 01:34:06,402 [EventQueue-OpenPipelineForHealthyPipelineSafeModeRule] INFO  safemode.SCMSafeModeManager (SCMSafeModeManager.java:exitSafeMode(248)) - SCM exiting safe mode.
2022-10-08 01:34:06,402 [EventQueue-OpenPipelineForHealthyPipelineSafeModeRule] WARN  events.EventQueue (EventQueue.java:fireEvent(216)) - No event handler registered for event TypedEvent{payloadType=SafeModeStatus, name='Safe mode status'}
2022-10-08 01:34:06,402 [EventQueue-OpenPipelineForHealthyPipelineSafeModeRule] INFO  ha.SCMContext (SCMContext.java:updateSafeModeStatus(228)) - Update SafeModeStatus from SafeModeStatus{safeModeStatus=true, preCheckPassed=true} to SafeModeStatus{safeModeStatus=false, preCheckPassed=true}.
2022-10-08 01:34:06,402 [EventQueue-OpenPipelineForHealthyPipelineSafeModeRule] INFO  pipeline.BackgroundPipelineCreator (BackgroundPipelineCreator.java:notifyStatusChanged(254)) - Service BackgroundPipelineCreator transitions to RUNNING.
2022-10-08 01:34:06,402 [EventQueue-OpenPipelineForHealthyPipelineSafeModeRule] INFO  BackgroundPipelineScrubber (BackgroundSCMService.java:notifyStatusChanged(82)) - Service BackgroundPipelineScrubber transitions to RUNNING.
2022-10-08 01:34:06,402 [EventQueue-OpenPipelineForHealthyPipelineSafeModeRule] INFO  ExpiredContainerReplicaOpScrubber (BackgroundSCMService.java:notifyStatusChanged(82)) - Service ExpiredContainerReplicaOpScrubber transitions to RUNNING.
2022-10-08 01:34:06,402 [EventQueue-OpenPipelineForHealthyPipelineSafeModeRule] INFO  replication.ReplicationManager (ReplicationManager.java:notifyStatusChanged(728)) - Service ReplicationManager transitions to RUNNING.
2022-10-08 01:34:06,402 [EventQueue-OpenPipelineForHealthyPipelineSafeModeRule] WARN  balancer.ContainerBalancer (ContainerBalancer.java:shouldRun(936)) - Could not find persisted configuration for ContainerBalancer when checking if ContainerBalancer should run. ContainerBalancer should not run now.
2022-10-08 01:34:06,407 [grpc-default-executor-4] INFO  server.RaftServer$Division (RaftServerImpl.java:requestVote(1184)) - 348051e8-9d7e-4807-b60e-e38d4836e670@group-E300156FB220 replies to ELECTION vote request: 6822e6b6-300a-445d-9551-e629b68d3cd6<-348051e8-9d7e-4807-b60e-e38d4836e670#0:OK-t1. Peer's state: 348051e8-9d7e-4807-b60e-e38d4836e670@group-E300156FB220:t1, leader=null, voted=6822e6b6-300a-445d-9551-e629b68d3cd6, raftlog=348051e8-9d7e-4807-b60e-e38d4836e670@group-E300156FB220-SegmentedRaftLog:OPENED:c-1, conf=-1: [74407c01-bc2d-4222-b781-024ddeaebfd0|rpc:10.1.0.61:42125|dataStream:|priority:0, 348051e8-9d7e-4807-b60e-e38d4836e670|rpc:10.1.0.61:37667|dataStream:|priority:0, 6822e6b6-300a-445d-9551-e629b68d3cd6|rpc:10.1.0.61:33271|dataStream:|priority:1], old=null
2022-10-08 01:34:06,426 [Listener at 127.0.0.1/38829] INFO  ozone.MiniOzoneClusterImpl (MiniOzoneClusterImpl.java:lambda$waitForClusterToBeReady$0(216)) - Nodes are ready. Got 5 of 5 DN Heartbeats.
2022-10-08 01:34:06,426 [Listener at 127.0.0.1/38829] INFO  ozone.MiniOzoneClusterImpl (MiniOzoneClusterImpl.java:lambda$waitForClusterToBeReady$0(219)) - Cluster exits safe mode
2022-10-08 01:34:06,426 [Listener at 127.0.0.1/38829] INFO  ozone.MiniOzoneClusterImpl (MiniOzoneClusterImpl.java:lambda$waitForClusterToBeReady$0(221)) - SCM became leader
2022-10-08 01:34:06,457 [6822e6b6-300a-445d-9551-e629b68d3cd6@group-E300156FB220-LeaderElection21] INFO  server.RaftServerConfigKeys (ConfUtils.java:logGet(46)) - raft.server.log.appender.snapshot.chunk.size.max = 16MB (=16777216) (default)
2022-10-08 01:34:06,460 [6822e6b6-300a-445d-9551-e629b68d3cd6@group-E300156FB220-LeaderElection21] INFO  server.RaftServerConfigKeys (ConfUtils.java:logGet(46)) - raft.server.log.appender.buffer.byte-limit = 33554432 (custom)
2022-10-08 01:34:06,460 [6822e6b6-300a-445d-9551-e629b68d3cd6@group-E300156FB220-LeaderElection21] INFO  server.RaftServerConfigKeys (ConfUtils.java:logGet(46)) - raft.server.log.appender.buffer.element-limit = 1 (custom)
2022-10-08 01:34:06,460 [6822e6b6-300a-445d-9551-e629b68d3cd6@group-E300156FB220-LeaderElection21] INFO  grpc.GrpcConfigKeys (ConfUtils.java:logGet(46)) - raft.grpc.server.leader.outstanding.appends.max = 128 (default)
2022-10-08 01:34:06,460 [6822e6b6-300a-445d-9551-e629b68d3cd6@group-E300156FB220-LeaderElection21] INFO  server.RaftServerConfigKeys (ConfUtils.java:logGet(46)) - raft.server.rpc.request.timeout = 60s (custom)
2022-10-08 01:34:06,460 [6822e6b6-300a-445d-9551-e629b68d3cd6@group-E300156FB220-LeaderElection21] INFO  server.RaftServerConfigKeys (ConfUtils.java:logGet(46)) - raft.server.log.appender.install.snapshot.enabled = false (custom)
2022-10-08 01:34:06,464 [6822e6b6-300a-445d-9551-e629b68d3cd6@group-E300156FB220-LeaderElection21] INFO  impl.RoleInfo (RoleInfo.java:updateAndGet(139)) - 6822e6b6-300a-445d-9551-e629b68d3cd6: start 6822e6b6-300a-445d-9551-e629b68d3cd6@group-E300156FB220-LeaderStateImpl
2022-10-08 01:34:06,464 [6822e6b6-300a-445d-9551-e629b68d3cd6@group-E300156FB220-LeaderElection21] INFO  segmented.SegmentedRaftLogWorker (SegmentedRaftLogWorker.java:startLogSegment(425)) - 6822e6b6-300a-445d-9551-e629b68d3cd6@group-E300156FB220-SegmentedRaftLogWorker: Starting segment from index:0
2022-10-08 01:34:06,471 [6822e6b6-300a-445d-9551-e629b68d3cd6@group-E300156FB220-SegmentedRaftLogWorker] INFO  segmented.SegmentedRaftLogWorker (SegmentedRaftLogWorker.java:execute(629)) - 6822e6b6-300a-445d-9551-e629b68d3cd6@group-E300156FB220-SegmentedRaftLogWorker: created new log segment /home/runner/work/ozone/ozone/hadoop-ozone/integration-test/target/test-dir/MiniOzoneClusterImpl-4672e814-a320-46b2-9281-7449f9d84a79/datanode-0/data/ratis/f86038f5-ec5a-4ff6-9073-e300156fb220/current/log_inprogress_0
2022-10-08 01:34:06,490 [6822e6b6-300a-445d-9551-e629b68d3cd6@group-E300156FB220-LeaderElection21] INFO  server.RaftServer$Division (ServerState.java:setRaftConf(393)) - 6822e6b6-300a-445d-9551-e629b68d3cd6@group-E300156FB220: set configuration 0: [74407c01-bc2d-4222-b781-024ddeaebfd0|rpc:10.1.0.61:42125|dataStream:|priority:0, 348051e8-9d7e-4807-b60e-e38d4836e670|rpc:10.1.0.61:37667|dataStream:|priority:0, 6822e6b6-300a-445d-9551-e629b68d3cd6|rpc:10.1.0.61:33271|dataStream:|priority:1], old=null
2022-10-08 01:34:06,492 [Listener at 127.0.0.1/38829] INFO  rpc.RpcClient (RpcClient.java:createVolume(471)) - Creating Volume: 7c37ddc7-472e-44fb-98a6-2362bf40b874, with runner as owner and space quota set to -1 bytes, counts quota set to -1
2022-10-08 01:34:06,580 [74407c01-bc2d-4222-b781-024ddeaebfd0-server-thread1] INFO  ratis.XceiverServerRatis (XceiverServerRatis.java:handleLeaderChangedNotification(863)) - Leader change notification received for group: group-E300156FB220 with new leaderId: 6822e6b6-300a-445d-9551-e629b68d3cd6
2022-10-08 01:34:06,580 [74407c01-bc2d-4222-b781-024ddeaebfd0-server-thread1] INFO  server.RaftServer$Division (ServerState.java:setLeader(287)) - 74407c01-bc2d-4222-b781-024ddeaebfd0@group-E300156FB220: change Leader from null to 6822e6b6-300a-445d-9551-e629b68d3cd6 at term 1 for appendEntries, leader elected after 5123ms
2022-10-08 01:34:06,592 [74407c01-bc2d-4222-b781-024ddeaebfd0-server-thread1] INFO  server.RaftServer$Division (ServerState.java:setRaftConf(393)) - 74407c01-bc2d-4222-b781-024ddeaebfd0@group-E300156FB220: set configuration 0: [74407c01-bc2d-4222-b781-024ddeaebfd0|rpc:10.1.0.61:42125|dataStream:|priority:0, 348051e8-9d7e-4807-b60e-e38d4836e670|rpc:10.1.0.61:37667|dataStream:|priority:0, 6822e6b6-300a-445d-9551-e629b68d3cd6|rpc:10.1.0.61:33271|dataStream:|priority:1], old=null
2022-10-08 01:34:06,592 [74407c01-bc2d-4222-b781-024ddeaebfd0-server-thread1] INFO  segmented.SegmentedRaftLogWorker (SegmentedRaftLogWorker.java:startLogSegment(425)) - 74407c01-bc2d-4222-b781-024ddeaebfd0@group-E300156FB220-SegmentedRaftLogWorker: Starting segment from index:0
2022-10-08 01:34:06,600 [74407c01-bc2d-4222-b781-024ddeaebfd0@group-E300156FB220-SegmentedRaftLogWorker] INFO  segmented.SegmentedRaftLogWorker (SegmentedRaftLogWorker.java:execute(629)) - 74407c01-bc2d-4222-b781-024ddeaebfd0@group-E300156FB220-SegmentedRaftLogWorker: created new log segment /home/runner/work/ozone/ozone/hadoop-ozone/integration-test/target/test-dir/MiniOzoneClusterImpl-4672e814-a320-46b2-9281-7449f9d84a79/datanode-1/data/ratis/f86038f5-ec5a-4ff6-9073-e300156fb220/current/log_inprogress_0
2022-10-08 01:34:06,601 [348051e8-9d7e-4807-b60e-e38d4836e670-server-thread1] INFO  ratis.XceiverServerRatis (XceiverServerRatis.java:handleLeaderChangedNotification(863)) - Leader change notification received for group: group-E300156FB220 with new leaderId: 6822e6b6-300a-445d-9551-e629b68d3cd6
2022-10-08 01:34:06,601 [348051e8-9d7e-4807-b60e-e38d4836e670-server-thread1] INFO  server.RaftServer$Division (ServerState.java:setLeader(287)) - 348051e8-9d7e-4807-b60e-e38d4836e670@group-E300156FB220: change Leader from null to 6822e6b6-300a-445d-9551-e629b68d3cd6 at term 1 for appendEntries, leader elected after 4977ms
2022-10-08 01:34:06,588 [OM StateMachine ApplyTransaction Thread - 0] INFO  volume.OMVolumeCreateRequest (OMVolumeCreateRequest.java:validateAndUpdateCache(195)) - created volume:7c37ddc7-472e-44fb-98a6-2362bf40b874 for user:runner
2022-10-08 01:34:06,601 [Command processor thread] INFO  server.RaftServer (RaftServerProxy.java:addNew(96)) - e9bcdf12-1da6-4530-8c75-634f54e386f5: addNew group-1C2D70D7DFDB:[e9bcdf12-1da6-4530-8c75-634f54e386f5|rpc:10.1.0.61:38361|priority:1] returns group-1C2D70D7DFDB:java.util.concurrent.CompletableFuture@f414f53[Not completed]
2022-10-08 01:34:06,609 [pool-790-thread-1] INFO  server.RaftServer$Division (RaftServerImpl.java:<init>(190)) - e9bcdf12-1da6-4530-8c75-634f54e386f5: new RaftServerImpl for group-1C2D70D7DFDB:[e9bcdf12-1da6-4530-8c75-634f54e386f5|rpc:10.1.0.61:38361|priority:1] with ContainerStateMachine:uninitialized
2022-10-08 01:34:06,609 [pool-790-thread-1] INFO  server.RaftServerConfigKeys (ConfUtils.java:logGet(46)) - raft.server.rpc.timeout.min = 5s (custom)
2022-10-08 01:34:06,609 [pool-790-thread-1] INFO  server.RaftServerConfigKeys (ConfUtils.java:logGet(46)) - raft.server.rpc.timeout.max = 5200ms (custom)
2022-10-08 01:34:06,609 [pool-790-thread-1] INFO  server.RaftServerConfigKeys (ConfUtils.java:logGet(46)) - raft.server.rpc.sleep.time = 25ms (default)
2022-10-08 01:34:06,609 [pool-790-thread-1] INFO  server.RaftServerConfigKeys (ConfUtils.java:logGet(46)) - raft.server.rpc.slowness.timeout = 300s (custom)
2022-10-08 01:34:06,609 [pool-790-thread-1] INFO  server.RaftServerConfigKeys (ConfUtils.java:logGet(46)) - raft.server.leaderelection.leader.step-down.wait-time = 10s (default)
2022-10-08 01:34:06,609 [pool-790-thread-1] INFO  server.RaftServerConfigKeys (ConfUtils.java:logGet(46)) - raft.server.sleep.deviation.threshold = 300ms (default)
2022-10-08 01:34:06,609 [pool-790-thread-1] INFO  server.RaftServer$Division (ServerState.java:<init>(107)) - e9bcdf12-1da6-4530-8c75-634f54e386f5@group-1C2D70D7DFDB: ConfigurationManager, init=-1: [e9bcdf12-1da6-4530-8c75-634f54e386f5|rpc:10.1.0.61:38361|priority:1], old=null, confs=<EMPTY_MAP>
2022-10-08 01:34:06,609 [pool-790-thread-1] INFO  server.RaftServerConfigKeys (ConfUtils.java:logGet(46)) - raft.server.storage.dir = [/home/runner/work/ozone/ozone/hadoop-ozone/integration-test/target/test-dir/MiniOzoneClusterImpl-4672e814-a320-46b2-9281-7449f9d84a79/datanode-4/data/ratis] (custom)
2022-10-08 01:34:06,612 [pool-790-thread-1] INFO  server.RaftServerConfigKeys (ConfUtils.java:logGet(46)) - raft.server.log.corruption.policy = EXCEPTION (default)
2022-10-08 01:34:06,612 [pool-790-thread-1] INFO  server.RaftServerConfigKeys (ConfUtils.java:logGet(46)) - raft.server.storage.free-space.min = 0MB (=0) (default)
2022-10-08 01:34:06,612 [pool-790-thread-1] INFO  storage.RaftStorageDirectory (RaftStorageDirectoryImpl.java:analyzeStorage(135)) - The storage directory /home/runner/work/ozone/ozone/hadoop-ozone/integration-test/target/test-dir/MiniOzoneClusterImpl-4672e814-a320-46b2-9281-7449f9d84a79/datanode-4/data/ratis/2888ce29-2412-480e-85c8-1c2d70d7dfdb does not exist. Creating ...
2022-10-08 01:34:06,617 [Listener at 127.0.0.1/38829] INFO  rpc.RpcClient (RpcClient.java:createBucket(674)) - Creating Bucket: 7c37ddc7-472e-44fb-98a6-2362bf40b874/619c3b8a-c32b-4c48-a6f6-ef7d844990da, with server-side default bucket layout, runner as owner, Versioning false, Storage Type set to DISK and Encryption set to false 
2022-10-08 01:34:06,623 [OM StateMachine ApplyTransaction Thread - 0] INFO  bucket.OMBucketCreateRequest (OMBucketCreateRequest.java:validateAndUpdateCache(260)) - created bucket: 619c3b8a-c32b-4c48-a6f6-ef7d844990da of layout LEGACY in volume: 7c37ddc7-472e-44fb-98a6-2362bf40b874
2022-10-08 01:34:06,628 [348051e8-9d7e-4807-b60e-e38d4836e670-server-thread1] INFO  server.RaftServer$Division (ServerState.java:setRaftConf(393)) - 348051e8-9d7e-4807-b60e-e38d4836e670@group-E300156FB220: set configuration 0: [74407c01-bc2d-4222-b781-024ddeaebfd0|rpc:10.1.0.61:42125|dataStream:|priority:0, 348051e8-9d7e-4807-b60e-e38d4836e670|rpc:10.1.0.61:37667|dataStream:|priority:0, 6822e6b6-300a-445d-9551-e629b68d3cd6|rpc:10.1.0.61:33271|dataStream:|priority:1], old=null
2022-10-08 01:34:06,629 [348051e8-9d7e-4807-b60e-e38d4836e670-server-thread1] INFO  segmented.SegmentedRaftLogWorker (SegmentedRaftLogWorker.java:startLogSegment(425)) - 348051e8-9d7e-4807-b60e-e38d4836e670@group-E300156FB220-SegmentedRaftLogWorker: Starting segment from index:0
2022-10-08 01:34:06,630 [pool-790-thread-1] INFO  storage.RaftStorageDirectory (RaftStorageDirectoryImpl.java:tryLock(230)) - Lock on /home/runner/work/ozone/ozone/hadoop-ozone/integration-test/target/test-dir/MiniOzoneClusterImpl-4672e814-a320-46b2-9281-7449f9d84a79/datanode-4/data/ratis/2888ce29-2412-480e-85c8-1c2d70d7dfdb/in_use.lock acquired by nodename 52807@fv-az180-867
2022-10-08 01:34:06,636 [348051e8-9d7e-4807-b60e-e38d4836e670@group-E300156FB220-SegmentedRaftLogWorker] INFO  segmented.SegmentedRaftLogWorker (SegmentedRaftLogWorker.java:execute(629)) - 348051e8-9d7e-4807-b60e-e38d4836e670@group-E300156FB220-SegmentedRaftLogWorker: created new log segment /home/runner/work/ozone/ozone/hadoop-ozone/integration-test/target/test-dir/MiniOzoneClusterImpl-4672e814-a320-46b2-9281-7449f9d84a79/datanode-2/data/ratis/f86038f5-ec5a-4ff6-9073-e300156fb220/current/log_inprogress_0
2022-10-08 01:34:06,645 [IPC Server handler 1 on default port 34211] INFO  ha.SequenceIdGenerator (SequenceIdGenerator.java:getNextId(128)) - Allocate a batch for containerId, change lastId from 0 to 1000.
2022-10-08 01:34:06,646 [IPC Server handler 1 on default port 34211] WARN  ha.SequenceIdGenerator (SequenceIdGenerator.java:allocateBatch(237)) - Failed to allocate a batch for localId, expected lastId is 0, actual lastId is 109611004723200000.
2022-10-08 01:34:06,646 [IPC Server handler 1 on default port 34211] INFO  ha.SequenceIdGenerator (SequenceIdGenerator.java:getNextId(128)) - Allocate a batch for localId, change lastId from 109611004723200000 to 109611004723201000.
2022-10-08 01:34:06,651 [pool-790-thread-1] INFO  storage.RaftStorage (RaftStorageImpl.java:format(89)) - Storage directory /home/runner/work/ozone/ozone/hadoop-ozone/integration-test/target/test-dir/MiniOzoneClusterImpl-4672e814-a320-46b2-9281-7449f9d84a79/datanode-4/data/ratis/2888ce29-2412-480e-85c8-1c2d70d7dfdb has been successfully formatted.
2022-10-08 01:34:06,661 [pool-790-thread-1] INFO  ratis.ContainerStateMachine (ContainerStateMachine.java:loadSnapshot(236)) - group-1C2D70D7DFDB: The snapshot info is null. Setting the last applied indexto:(t:0, i:~)
2022-10-08 01:34:06,661 [pool-790-thread-1] INFO  server.RaftServerConfigKeys (ConfUtils.java:logGet(46)) - raft.server.notification.no-leader.timeout = 300s (custom)
2022-10-08 01:34:06,661 [pool-790-thread-1] INFO  server.RaftServerConfigKeys (ConfUtils.java:logGet(46)) - raft.server.log.use.memory = false (default)
2022-10-08 01:34:06,661 [pool-790-thread-1] INFO  server.RaftServerConfigKeys (ConfUtils.java:logGet(46)) - raft.server.log.purge.gap = 1000000 (custom)
2022-10-08 01:34:06,662 [pool-790-thread-1] INFO  server.RaftServerConfigKeys (ConfUtils.java:logGet(46)) - raft.server.log.appender.buffer.byte-limit = 33554432 (custom)
2022-10-08 01:34:06,662 [pool-790-thread-1] INFO  server.RaftServerConfigKeys (ConfUtils.java:logGet(46)) - raft.server.log.statemachine.data.read.timeout = 1000ms (default)
2022-10-08 01:34:06,662 [pool-790-thread-1] INFO  server.RaftServerConfigKeys (ConfUtils.java:logGet(46)) - raft.server.log.segment.size.max = 1048576 (custom)
2022-10-08 01:34:06,662 [pool-790-thread-1] INFO  server.RaftServerConfigKeys (ConfUtils.java:logGet(46)) - raft.server.log.segment.cache.num.max = 2 (custom)
2022-10-08 01:34:06,662 [pool-790-thread-1] INFO  server.RaftServerConfigKeys (ConfUtils.java:logGet(46)) - raft.server.log.segment.cache.size.max = 200MB (=209715200) (default)
2022-10-08 01:34:06,662 [pool-790-thread-1] INFO  segmented.SegmentedRaftLogWorker (SegmentedRaftLogWorker.java:<init>(187)) - new e9bcdf12-1da6-4530-8c75-634f54e386f5@group-1C2D70D7DFDB-SegmentedRaftLogWorker for RaftStorageImpl:Storage Directory /home/runner/work/ozone/ozone/hadoop-ozone/integration-test/target/test-dir/MiniOzoneClusterImpl-4672e814-a320-46b2-9281-7449f9d84a79/datanode-4/data/ratis/2888ce29-2412-480e-85c8-1c2d70d7dfdb
2022-10-08 01:34:06,662 [pool-790-thread-1] INFO  server.RaftServerConfigKeys (ConfUtils.java:logGet(46)) - raft.server.log.queue.byte-limit = 4294967296 (custom)
2022-10-08 01:34:06,662 [pool-790-thread-1] INFO  server.RaftServerConfigKeys (ConfUtils.java:logGet(46)) - raft.server.log.queue.element-limit = 1024 (custom)
2022-10-08 01:34:06,662 [pool-790-thread-1] INFO  server.RaftServerConfigKeys (ConfUtils.java:logGet(46)) - raft.server.log.segment.size.max = 1048576 (custom)
2022-10-08 01:34:06,662 [pool-790-thread-1] INFO  server.RaftServerConfigKeys (ConfUtils.java:logGet(46)) - raft.server.log.preallocated.size = 16384 (custom)
2022-10-08 01:34:06,662 [pool-790-thread-1] INFO  server.RaftServerConfigKeys (ConfUtils.java:logGet(46)) - raft.server.log.force.sync.num = 128 (default)
2022-10-08 01:34:06,663 [pool-790-thread-1] INFO  server.RaftServerConfigKeys (ConfUtils.java:logGet(46)) - raft.server.log.statemachine.data.sync = true (default)
2022-10-08 01:34:06,663 [pool-790-thread-1] INFO  server.RaftServerConfigKeys (ConfUtils.java:logGet(46)) - raft.server.log.statemachine.data.sync.timeout = 10s (default)
2022-10-08 01:34:06,663 [pool-790-thread-1] INFO  server.RaftServerConfigKeys (ConfUtils.java:logGet(46)) - raft.server.log.statemachine.data.sync.timeout.retry = -1 (default)
2022-10-08 01:34:06,664 [pool-790-thread-1] INFO  server.RaftServerConfigKeys (ConfUtils.java:logGet(46)) - raft.server.log.write.buffer.size = 1048576 (custom)
2022-10-08 01:34:06,664 [pool-790-thread-1] INFO  server.RaftServerConfigKeys (ConfUtils.java:logGet(46)) - raft.server.log.unsafe-flush.enabled = false (default)
2022-10-08 01:34:06,664 [pool-790-thread-1] INFO  server.RaftServerConfigKeys (ConfUtils.java:logGet(46)) - raft.server.log.statemachine.data.caching.enabled = true (custom)
2022-10-08 01:34:06,664 [pool-790-thread-1] INFO  segmented.SegmentedRaftLogWorker (SegmentedRaftLogWorker.java:lambda$new$0(135)) - e9bcdf12-1da6-4530-8c75-634f54e386f5@group-1C2D70D7DFDB-SegmentedRaftLogWorker: flushIndex: setUnconditionally 0 -> -1
2022-10-08 01:34:06,664 [pool-790-thread-1] INFO  segmented.SegmentedRaftLogWorker (SegmentedRaftLogWorker.java:lambda$new$0(135)) - e9bcdf12-1da6-4530-8c75-634f54e386f5@group-1C2D70D7DFDB-SegmentedRaftLogWorker: safeCacheEvictIndex: setUnconditionally 0 -> -1
2022-10-08 01:34:06,667 [pool-790-thread-1] INFO  server.RaftServerConfigKeys (ConfUtils.java:logGet(46)) - raft.server.snapshot.auto.trigger.enabled = true (custom)
2022-10-08 01:34:06,667 [pool-790-thread-1] INFO  server.RaftServerConfigKeys (ConfUtils.java:logGet(46)) - raft.server.snapshot.auto.trigger.threshold = 10000 (custom)
2022-10-08 01:34:06,667 [pool-790-thread-1] INFO  server.RaftServerConfigKeys (ConfUtils.java:logGet(46)) - raft.server.snapshot.retention.file.num = 5 (custom)
2022-10-08 01:34:06,667 [pool-790-thread-1] INFO  server.RaftServerConfigKeys (ConfUtils.java:logGet(46)) - raft.server.log.purge.upto.snapshot.index = false (default)
2022-10-08 01:34:06,667 [pool-790-thread-1] INFO  server.RaftServerConfigKeys (ConfUtils.java:logGet(46)) - raft.server.retrycache.expirytime = 600000ms (custom)
2022-10-08 01:34:06,667 [pool-790-thread-1] INFO  server.RaftServerConfigKeys (ConfUtils.java:logGet(46)) - raft.server.retrycache.statistics.expirytime = 100μs (default)
2022-10-08 01:34:06,669 [pool-790-thread-1] INFO  server.RaftServerConfigKeys (ConfUtils.java:logGet(46)) - raft.server.log.appender.install.snapshot.enabled = false (custom)
2022-10-08 01:34:06,669 [pool-790-thread-1] INFO  server.RaftServerConfigKeys (ConfUtils.java:logGet(46)) - raft.server.threadpool.server.cached = true (default)
2022-10-08 01:34:06,669 [pool-790-thread-1] INFO  server.RaftServerConfigKeys (ConfUtils.java:logGet(46)) - raft.server.threadpool.server.size = 0 (default)
2022-10-08 01:34:06,669 [pool-790-thread-1] INFO  server.RaftServerConfigKeys (ConfUtils.java:logGet(46)) - raft.server.threadpool.client.cached = true (default)
2022-10-08 01:34:06,669 [pool-790-thread-1] INFO  server.RaftServerConfigKeys (ConfUtils.java:logGet(46)) - raft.server.threadpool.client.size = 0 (default)
2022-10-08 01:34:06,669 [pool-790-thread-1] INFO  server.RaftServer$Division (RaftServerImpl.java:start(310)) - e9bcdf12-1da6-4530-8c75-634f54e386f5@group-1C2D70D7DFDB: start as a follower, conf=-1: [e9bcdf12-1da6-4530-8c75-634f54e386f5|rpc:10.1.0.61:38361|priority:1], old=null
2022-10-08 01:34:06,669 [pool-790-thread-1] INFO  server.RaftServer$Division (RaftServerImpl.java:setRole(299)) - e9bcdf12-1da6-4530-8c75-634f54e386f5@group-1C2D70D7DFDB: changes role from      null to FOLLOWER at term 0 for startAsFollower
2022-10-08 01:34:06,669 [pool-790-thread-1] INFO  impl.RoleInfo (RoleInfo.java:updateAndGet(139)) - e9bcdf12-1da6-4530-8c75-634f54e386f5: start e9bcdf12-1da6-4530-8c75-634f54e386f5@group-1C2D70D7DFDB-FollowerState
2022-10-08 01:34:06,669 [EventQueue-PipelineReportForPipelineReportHandler] INFO  pipeline.PipelineManagerImpl (PipelineManagerImpl.java:openPipeline(367)) - Pipeline Pipeline[ Id: 2888ce29-2412-480e-85c8-1c2d70d7dfdb, Nodes: e9bcdf12-1da6-4530-8c75-634f54e386f5{ip: 10.1.0.61, host: fv-az180-867.g3pwtgv4ffyuhaixmbmm0kyh3d.gx.internal.cloudapp.net, ports: [REPLICATION=36317, RATIS=38361, RATIS_ADMIN=38361, RATIS_SERVER=38361, STANDALONE=36767], networkLocation: /default-rack, certSerialId: null, persistedOpState: IN_SERVICE, persistedOpStateExpiryEpochSec: 0}, ReplicationConfig: RATIS/ONE, State:ALLOCATED, leaderId:e9bcdf12-1da6-4530-8c75-634f54e386f5, CreationTimestamp2022-10-08T01:34:03.511Z[Etc/UTC]] moved to OPEN state
2022-10-08 01:34:06,670 [pool-790-thread-1] INFO  util.JmxRegister (JmxRegister.java:tryRegister(44)) - Successfully registered JMX Bean with object name Ratis:service=RaftServer,group=group-1C2D70D7DFDB,id=e9bcdf12-1da6-4530-8c75-634f54e386f5
2022-10-08 01:34:06,671 [Command processor thread] INFO  ratis.XceiverServerRatis (XceiverServerRatis.java:addGroup(765)) - Created group PipelineID=2888ce29-2412-480e-85c8-1c2d70d7dfdb
2022-10-08 01:34:06,671 [Command processor thread] INFO  commandhandler.CreatePipelineCommandHandler (CreatePipelineCommandHandler.java:handle(113)) - Created Pipeline RATIS ONE PipelineID=2888ce29-2412-480e-85c8-1c2d70d7dfdb.
2022-10-08 01:34:06,954 [348051e8-9d7e-4807-b60e-e38d4836e670@group-DAFC38F9D859-FollowerState] INFO  impl.FollowerState (FollowerState.java:run(143)) - 348051e8-9d7e-4807-b60e-e38d4836e670@group-DAFC38F9D859-FollowerState: change to CANDIDATE, lastRpcElapsedTime:5139397209ns, electionTimeout:5095ms
2022-10-08 01:34:06,954 [348051e8-9d7e-4807-b60e-e38d4836e670@group-DAFC38F9D859-FollowerState] INFO  impl.RoleInfo (RoleInfo.java:shutdownFollowerState(110)) - 348051e8-9d7e-4807-b60e-e38d4836e670: shutdown 348051e8-9d7e-4807-b60e-e38d4836e670@group-DAFC38F9D859-FollowerState
2022-10-08 01:34:06,954 [348051e8-9d7e-4807-b60e-e38d4836e670@group-DAFC38F9D859-FollowerState] INFO  server.RaftServer$Division (RaftServerImpl.java:setRole(299)) - 348051e8-9d7e-4807-b60e-e38d4836e670@group-DAFC38F9D859: changes role from  FOLLOWER to CANDIDATE at term 0 for changeToCandidate
2022-10-08 01:34:06,954 [348051e8-9d7e-4807-b60e-e38d4836e670@group-DAFC38F9D859-FollowerState] INFO  server.RaftServerConfigKeys (ConfUtils.java:logGet(46)) - raft.server.leaderelection.pre-vote = false (custom)
2022-10-08 01:34:06,954 [348051e8-9d7e-4807-b60e-e38d4836e670@group-DAFC38F9D859-FollowerState] INFO  impl.RoleInfo (RoleInfo.java:updateAndGet(139)) - 348051e8-9d7e-4807-b60e-e38d4836e670: start 348051e8-9d7e-4807-b60e-e38d4836e670@group-DAFC38F9D859-LeaderElection22
2022-10-08 01:34:06,987 [348051e8-9d7e-4807-b60e-e38d4836e670@group-DAFC38F9D859-LeaderElection22] INFO  impl.LeaderElection (LeaderElection.java:askForVotes(310)) - 348051e8-9d7e-4807-b60e-e38d4836e670@group-DAFC38F9D859-LeaderElection22 ELECTION round 0: submit vote requests at term 1 for -1: [348051e8-9d7e-4807-b60e-e38d4836e670|rpc:10.1.0.61:37667|priority:1], old=null
2022-10-08 01:34:06,987 [348051e8-9d7e-4807-b60e-e38d4836e670@group-DAFC38F9D859-LeaderElection22] INFO  impl.LeaderElection (LeaderElection.java:askForVotes(312)) - 348051e8-9d7e-4807-b60e-e38d4836e670@group-DAFC38F9D859-LeaderElection22 ELECTION round 0: result PASSED (term=1)
2022-10-08 01:34:06,987 [348051e8-9d7e-4807-b60e-e38d4836e670@group-DAFC38F9D859-LeaderElection22] INFO  impl.RoleInfo (RoleInfo.java:shutdownLeaderElection(130)) - 348051e8-9d7e-4807-b60e-e38d4836e670: shutdown 348051e8-9d7e-4807-b60e-e38d4836e670@group-DAFC38F9D859-LeaderElection22
2022-10-08 01:34:06,987 [348051e8-9d7e-4807-b60e-e38d4836e670@group-DAFC38F9D859-LeaderElection22] INFO  server.RaftServer$Division (RaftServerImpl.java:setRole(299)) - 348051e8-9d7e-4807-b60e-e38d4836e670@group-DAFC38F9D859: changes role from CANDIDATE to LEADER at term 1 for changeToLeader
2022-10-08 01:34:06,987 [348051e8-9d7e-4807-b60e-e38d4836e670@group-DAFC38F9D859-LeaderElection22] INFO  ratis.XceiverServerRatis (XceiverServerRatis.java:handleLeaderChangedNotification(863)) - Leader change notification received for group: group-DAFC38F9D859 with new leaderId: 348051e8-9d7e-4807-b60e-e38d4836e670
2022-10-08 01:34:06,988 [348051e8-9d7e-4807-b60e-e38d4836e670@group-DAFC38F9D859-LeaderElection22] INFO  server.RaftServer$Division (ServerState.java:setLeader(287)) - 348051e8-9d7e-4807-b60e-e38d4836e670@group-DAFC38F9D859: change Leader from null to 348051e8-9d7e-4807-b60e-e38d4836e670 at term 1 for becomeLeader, leader elected after 5219ms
2022-10-08 01:34:06,988 [348051e8-9d7e-4807-b60e-e38d4836e670@group-DAFC38F9D859-LeaderElection22] INFO  server.RaftServerConfigKeys (ConfUtils.java:logGet(46)) - raft.server.staging.catchup.gap = 1000 (default)
2022-10-08 01:34:06,988 [348051e8-9d7e-4807-b60e-e38d4836e670@group-DAFC38F9D859-LeaderElection22] INFO  server.RaftServerConfigKeys (ConfUtils.java:logGet(46)) - raft.server.write.element-limit = 1024 (custom)
2022-10-08 01:34:06,989 [348051e8-9d7e-4807-b60e-e38d4836e670@group-DAFC38F9D859-LeaderElection22] INFO  server.RaftServerConfigKeys (ConfUtils.java:logGet(46)) - raft.server.write.byte-limit = 1024 M (=1073741824) (custom)
2022-10-08 01:34:06,989 [348051e8-9d7e-4807-b60e-e38d4836e670@group-DAFC38F9D859-LeaderElection22] INFO  server.RaftServerConfigKeys (ConfUtils.java:logGet(46)) - raft.server.watch.timeout = 180s (custom)
2022-10-08 01:34:06,989 [348051e8-9d7e-4807-b60e-e38d4836e670@group-DAFC38F9D859-LeaderElection22] INFO  server.RaftServerConfigKeys (ConfUtils.java:logGet(46)) - raft.server.watch.timeout.denomination = 1s (default)
2022-10-08 01:34:06,989 [348051e8-9d7e-4807-b60e-e38d4836e670@group-DAFC38F9D859-LeaderElection22] INFO  server.RaftServerConfigKeys (ConfUtils.java:logGet(46)) - raft.server.watch.element-limit = 65536 (default)
2022-10-08 01:34:06,989 [348051e8-9d7e-4807-b60e-e38d4836e670@group-DAFC38F9D859-LeaderElection22] INFO  server.RaftServerConfigKeys (ConfUtils.java:logGet(46)) - raft.server.write.element-limit = 1024 (custom)
2022-10-08 01:34:06,989 [348051e8-9d7e-4807-b60e-e38d4836e670@group-DAFC38F9D859-LeaderElection22] INFO  server.RaftServerConfigKeys (ConfUtils.java:logGet(46)) - raft.server.write.follower.gap.ratio.max = -1.0 (default)
2022-10-08 01:34:06,989 [348051e8-9d7e-4807-b60e-e38d4836e670@group-DAFC38F9D859-LeaderElection22] INFO  impl.RoleInfo (RoleInfo.java:updateAndGet(139)) - 348051e8-9d7e-4807-b60e-e38d4836e670: start 348051e8-9d7e-4807-b60e-e38d4836e670@group-DAFC38F9D859-LeaderStateImpl
2022-10-08 01:34:06,990 [348051e8-9d7e-4807-b60e-e38d4836e670@group-DAFC38F9D859-LeaderElection22] INFO  segmented.SegmentedRaftLogWorker (SegmentedRaftLogWorker.java:startLogSegment(425)) - 348051e8-9d7e-4807-b60e-e38d4836e670@group-DAFC38F9D859-SegmentedRaftLogWorker: Starting segment from index:0
2022-10-08 01:34:07,000 [348051e8-9d7e-4807-b60e-e38d4836e670@group-DAFC38F9D859-SegmentedRaftLogWorker] INFO  segmented.SegmentedRaftLogWorker (SegmentedRaftLogWorker.java:execute(629)) - 348051e8-9d7e-4807-b60e-e38d4836e670@group-DAFC38F9D859-SegmentedRaftLogWorker: created new log segment /home/runner/work/ozone/ozone/hadoop-ozone/integration-test/target/test-dir/MiniOzoneClusterImpl-4672e814-a320-46b2-9281-7449f9d84a79/datanode-2/data/ratis/ba5a9a81-b3e0-4479-abe4-dafc38f9d859/current/log_inprogress_0
2022-10-08 01:34:07,007 [ReplicationMonitor] INFO  replication.ReplicationManager (ReplicationManager.java:processAll(291)) - Replication Manager is not ready to run until 3000ms after safemode exit
2022-10-08 01:34:07,012 [348051e8-9d7e-4807-b60e-e38d4836e670@group-DAFC38F9D859-LeaderElection22] INFO  server.RaftServer$Division (ServerState.java:setRaftConf(393)) - 348051e8-9d7e-4807-b60e-e38d4836e670@group-DAFC38F9D859: set configuration 0: [348051e8-9d7e-4807-b60e-e38d4836e670|rpc:10.1.0.61:37667|dataStream:|priority:1], old=null
2022-10-08 01:34:07,159 [74407c01-bc2d-4222-b781-024ddeaebfd0@group-DC88FB657FD0-FollowerState] INFO  impl.FollowerState (FollowerState.java:run(143)) - 74407c01-bc2d-4222-b781-024ddeaebfd0@group-DC88FB657FD0-FollowerState: change to CANDIDATE, lastRpcElapsedTime:5200774451ns, electionTimeout:5150ms
2022-10-08 01:34:07,159 [74407c01-bc2d-4222-b781-024ddeaebfd0@group-DC88FB657FD0-FollowerState] INFO  impl.RoleInfo (RoleInfo.java:shutdownFollowerState(110)) - 74407c01-bc2d-4222-b781-024ddeaebfd0: shutdown 74407c01-bc2d-4222-b781-024ddeaebfd0@group-DC88FB657FD0-FollowerState
2022-10-08 01:34:07,159 [74407c01-bc2d-4222-b781-024ddeaebfd0@group-DC88FB657FD0-FollowerState] INFO  server.RaftServer$Division (RaftServerImpl.java:setRole(299)) - 74407c01-bc2d-4222-b781-024ddeaebfd0@group-DC88FB657FD0: changes role from  FOLLOWER to CANDIDATE at term 0 for changeToCandidate
2022-10-08 01:34:07,159 [74407c01-bc2d-4222-b781-024ddeaebfd0@group-DC88FB657FD0-FollowerState] INFO  server.RaftServerConfigKeys (ConfUtils.java:logGet(46)) - raft.server.leaderelection.pre-vote = false (custom)
2022-10-08 01:34:07,159 [74407c01-bc2d-4222-b781-024ddeaebfd0@group-DC88FB657FD0-FollowerState] INFO  impl.RoleInfo (RoleInfo.java:updateAndGet(139)) - 74407c01-bc2d-4222-b781-024ddeaebfd0: start 74407c01-bc2d-4222-b781-024ddeaebfd0@group-DC88FB657FD0-LeaderElection23
2022-10-08 01:34:07,232 [74407c01-bc2d-4222-b781-024ddeaebfd0@group-DC88FB657FD0-LeaderElection23] INFO  impl.LeaderElection (LeaderElection.java:askForVotes(310)) - 74407c01-bc2d-4222-b781-024ddeaebfd0@group-DC88FB657FD0-LeaderElection23 ELECTION round 0: submit vote requests at term 1 for -1: [74407c01-bc2d-4222-b781-024ddeaebfd0|rpc:10.1.0.61:42125|priority:1], old=null
2022-10-08 01:34:07,232 [74407c01-bc2d-4222-b781-024ddeaebfd0@group-DC88FB657FD0-LeaderElection23] INFO  impl.LeaderElection (LeaderElection.java:askForVotes(312)) - 74407c01-bc2d-4222-b781-024ddeaebfd0@group-DC88FB657FD0-LeaderElection23 ELECTION round 0: result PASSED (term=1)
2022-10-08 01:34:07,232 [74407c01-bc2d-4222-b781-024ddeaebfd0@group-DC88FB657FD0-LeaderElection23] INFO  impl.RoleInfo (RoleInfo.java:shutdownLeaderElection(130)) - 74407c01-bc2d-4222-b781-024ddeaebfd0: shutdown 74407c01-bc2d-4222-b781-024ddeaebfd0@group-DC88FB657FD0-LeaderElection23
2022-10-08 01:34:07,232 [74407c01-bc2d-4222-b781-024ddeaebfd0@group-DC88FB657FD0-LeaderElection23] INFO  server.RaftServer$Division (RaftServerImpl.java:setRole(299)) - 74407c01-bc2d-4222-b781-024ddeaebfd0@group-DC88FB657FD0: changes role from CANDIDATE to LEADER at term 1 for changeToLeader
2022-10-08 01:34:07,232 [74407c01-bc2d-4222-b781-024ddeaebfd0@group-DC88FB657FD0-LeaderElection23] INFO  ratis.XceiverServerRatis (XceiverServerRatis.java:handleLeaderChangedNotification(863)) - Leader change notification received for group: group-DC88FB657FD0 with new leaderId: 74407c01-bc2d-4222-b781-024ddeaebfd0
2022-10-08 01:34:07,232 [74407c01-bc2d-4222-b781-024ddeaebfd0@group-DC88FB657FD0-LeaderElection23] INFO  server.RaftServer$Division (ServerState.java:setLeader(287)) - 74407c01-bc2d-4222-b781-024ddeaebfd0@group-DC88FB657FD0: change Leader from null to 74407c01-bc2d-4222-b781-024ddeaebfd0 at term 1 for becomeLeader, leader elected after 5293ms
2022-10-08 01:34:07,233 [74407c01-bc2d-4222-b781-024ddeaebfd0@group-DC88FB657FD0-LeaderElection23] INFO  server.RaftServerConfigKeys (ConfUtils.java:logGet(46)) - raft.server.staging.catchup.gap = 1000 (default)
2022-10-08 01:34:07,233 [74407c01-bc2d-4222-b781-024ddeaebfd0@group-DC88FB657FD0-LeaderElection23] INFO  server.RaftServerConfigKeys (ConfUtils.java:logGet(46)) - raft.server.write.element-limit = 1024 (custom)
2022-10-08 01:34:07,233 [74407c01-bc2d-4222-b781-024ddeaebfd0@group-DC88FB657FD0-LeaderElection23] INFO  server.RaftServerConfigKeys (ConfUtils.java:logGet(46)) - raft.server.write.byte-limit = 1024 M (=1073741824) (custom)
2022-10-08 01:34:07,233 [74407c01-bc2d-4222-b781-024ddeaebfd0@group-DC88FB657FD0-LeaderElection23] INFO  server.RaftServerConfigKeys (ConfUtils.java:logGet(46)) - raft.server.watch.timeout = 180s (custom)
2022-10-08 01:34:07,233 [74407c01-bc2d-4222-b781-024ddeaebfd0@group-DC88FB657FD0-LeaderElection23] INFO  server.RaftServerConfigKeys (ConfUtils.java:logGet(46)) - raft.server.watch.timeout.denomination = 1s (default)
2022-10-08 01:34:07,233 [74407c01-bc2d-4222-b781-024ddeaebfd0@group-DC88FB657FD0-LeaderElection23] INFO  server.RaftServerConfigKeys (ConfUtils.java:logGet(46)) - raft.server.watch.element-limit = 65536 (default)
2022-10-08 01:34:07,233 [74407c01-bc2d-4222-b781-024ddeaebfd0@group-DC88FB657FD0-LeaderElection23] INFO  server.RaftServerConfigKeys (ConfUtils.java:logGet(46)) - raft.server.write.element-limit = 1024 (custom)
2022-10-08 01:34:07,233 [74407c01-bc2d-4222-b781-024ddeaebfd0@group-DC88FB657FD0-LeaderElection23] INFO  server.RaftServerConfigKeys (ConfUtils.java:logGet(46)) - raft.server.write.follower.gap.ratio.max = -1.0 (default)
2022-10-08 01:34:07,233 [74407c01-bc2d-4222-b781-024ddeaebfd0@group-DC88FB657FD0-LeaderElection23] INFO  impl.RoleInfo (RoleInfo.java:updateAndGet(139)) - 74407c01-bc2d-4222-b781-024ddeaebfd0: start 74407c01-bc2d-4222-b781-024ddeaebfd0@group-DC88FB657FD0-LeaderStateImpl
2022-10-08 01:34:07,234 [74407c01-bc2d-4222-b781-024ddeaebfd0@group-DC88FB657FD0-LeaderElection23] INFO  segmented.SegmentedRaftLogWorker (SegmentedRaftLogWorker.java:startLogSegment(425)) - 74407c01-bc2d-4222-b781-024ddeaebfd0@group-DC88FB657FD0-SegmentedRaftLogWorker: Starting segment from index:0
2022-10-08 01:34:07,246 [74407c01-bc2d-4222-b781-024ddeaebfd0@group-DC88FB657FD0-SegmentedRaftLogWorker] INFO  segmented.SegmentedRaftLogWorker (SegmentedRaftLogWorker.java:execute(629)) - 74407c01-bc2d-4222-b781-024ddeaebfd0@group-DC88FB657FD0-SegmentedRaftLogWorker: created new log segment /home/runner/work/ozone/ozone/hadoop-ozone/integration-test/target/test-dir/MiniOzoneClusterImpl-4672e814-a320-46b2-9281-7449f9d84a79/datanode-1/data/ratis/d27f2316-13a6-4261-9497-dc88fb657fd0/current/log_inprogress_0
2022-10-08 01:34:07,249 [74407c01-bc2d-4222-b781-024ddeaebfd0@group-DC88FB657FD0-LeaderElection23] INFO  server.RaftServer$Division (ServerState.java:setRaftConf(393)) - 74407c01-bc2d-4222-b781-024ddeaebfd0@group-DC88FB657FD0: set configuration 0: [74407c01-bc2d-4222-b781-024ddeaebfd0|rpc:10.1.0.61:42125|dataStream:|priority:1], old=null
2022-10-08 01:34:07,609 [Listener at 127.0.0.1/38829] INFO  container.TestHelper (TestHelper.java:countReplicas(385)) - Container 1 has 3 replicas on [348051e8-9d7e-4807-b60e-e38d4836e670, 6822e6b6-300a-445d-9551-e629b68d3cd6, 74407c01-bc2d-4222-b781-024ddeaebfd0]
2022-10-08 01:34:07,631 [EventQueue-CloseContainerForCloseContainerEventHandler] INFO  container.CloseContainerEventHandler (CloseContainerEventHandler.java:onMessage(71)) - Close container Event triggered for container : #1
2022-10-08 01:34:07,631 [EventQueue-CloseContainerForCloseContainerEventHandler] INFO  container.CloseContainerEventHandler (CloseContainerEventHandler.java:onMessage(71)) - Close container Event triggered for container : #1
2022-10-08 01:34:07,631 [EventQueue-CloseContainerForCloseContainerEventHandler] INFO  container.CloseContainerEventHandler (CloseContainerEventHandler.java:onMessage(71)) - Close container Event triggered for container : #1
2022-10-08 01:34:08,007 [ReplicationMonitor] INFO  replication.ReplicationManager (ReplicationManager.java:processAll(291)) - Replication Manager is not ready to run until 3000ms after safemode exit
2022-10-08 01:34:08,524 [ContainerOp-f86038f5-ec5a-4ff6-9073-e300156fb220-4] INFO  keyvalue.KeyValueContainer (KeyValueContainer.java:flushAndSyncDB(436)) - Container 1 is synced with bcsId 4.
2022-10-08 01:34:08,527 [ContainerOp-f86038f5-ec5a-4ff6-9073-e300156fb220-4] INFO  keyvalue.KeyValueContainer (KeyValueContainer.java:flushAndSyncDB(436)) - Container 1 is synced with bcsId 4.
2022-10-08 01:34:08,542 [ContainerOp-f86038f5-ec5a-4ff6-9073-e300156fb220-4] INFO  keyvalue.KeyValueContainer (KeyValueContainer.java:close(351)) - Container 1 is closed with bcsId 4.
2022-10-08 01:34:08,542 [ContainerOp-f86038f5-ec5a-4ff6-9073-e300156fb220-4] INFO  keyvalue.KeyValueContainer (KeyValueContainer.java:flushAndSyncDB(436)) - Container 1 is synced with bcsId 4.
2022-10-08 01:34:08,542 [ContainerOp-f86038f5-ec5a-4ff6-9073-e300156fb220-4] INFO  keyvalue.KeyValueContainer (KeyValueContainer.java:flushAndSyncDB(436)) - Container 1 is synced with bcsId 4.
2022-10-08 01:34:08,550 [ContainerOp-f86038f5-ec5a-4ff6-9073-e300156fb220-4] INFO  keyvalue.KeyValueContainer (KeyValueContainer.java:close(351)) - Container 1 is closed with bcsId 4.
2022-10-08 01:34:08,558 [FixedThreadPoolWithAffinityExecutor-8-0] INFO  container.IncrementalContainerReportHandler (AbstractContainerReportHandler.java:updateContainerState(292)) - Moving container #1 to CLOSED state, datanode 74407c01-bc2d-4222-b781-024ddeaebfd0{ip: 10.1.0.61, host: fv-az180-867.g3pwtgv4ffyuhaixmbmm0kyh3d.gx.internal.cloudapp.net, ports: [REPLICATION=43711, RATIS=42125, RATIS_ADMIN=42125, RATIS_SERVER=42125, STANDALONE=37771], networkLocation: /default-rack, certSerialId: null, persistedOpState: IN_SERVICE, persistedOpStateExpiryEpochSec: 0} reported CLOSED replica.
2022-10-08 01:34:08,595 [ContainerOp-f86038f5-ec5a-4ff6-9073-e300156fb220-4] INFO  keyvalue.KeyValueContainer (KeyValueContainer.java:flushAndSyncDB(436)) - Container 1 is synced with bcsId 4.
2022-10-08 01:34:08,597 [ContainerOp-f86038f5-ec5a-4ff6-9073-e300156fb220-4] INFO  keyvalue.KeyValueContainer (KeyValueContainer.java:flushAndSyncDB(436)) - Container 1 is synced with bcsId 4.
2022-10-08 01:34:08,607 [ContainerOp-f86038f5-ec5a-4ff6-9073-e300156fb220-4] INFO  keyvalue.KeyValueContainer (KeyValueContainer.java:close(351)) - Container 1 is closed with bcsId 4.
2022-10-08 01:34:09,007 [ReplicationMonitor] INFO  replication.ReplicationManager (ReplicationManager.java:processAll(291)) - Replication Manager is not ready to run until 3000ms after safemode exit
2022-10-08 01:34:10,008 [ReplicationMonitor] INFO  replication.LegacyReplicationManager (LegacyReplicationManager.java:sendCloseCommand(1512)) - Sending close container command for container #1 to datanode 74407c01-bc2d-4222-b781-024ddeaebfd0{ip: 10.1.0.61, host: fv-az180-867.g3pwtgv4ffyuhaixmbmm0kyh3d.gx.internal.cloudapp.net, ports: [REPLICATION=43711, RATIS=42125, RATIS_ADMIN=42125, RATIS_SERVER=42125, STANDALONE=37771], networkLocation: /default-rack, certSerialId: null, persistedOpState: IN_SERVICE, persistedOpStateExpiryEpochSec: 0}.
2022-10-08 01:34:10,008 [ReplicationMonitor] INFO  replication.ReplicationManager (ReplicationManager.java:processAll(324)) - Replication Monitor Thread took 1 milliseconds for processing 1 containers.
2022-10-08 01:34:10,096 [a7d0fe55-ea9d-44f8-999b-89e5c9054a1b@group-AD6CF670BF26-FollowerState] INFO  impl.FollowerState (FollowerState.java:run(143)) - a7d0fe55-ea9d-44f8-999b-89e5c9054a1b@group-AD6CF670BF26-FollowerState: change to CANDIDATE, lastRpcElapsedTime:5022337460ns, electionTimeout:5003ms
2022-10-08 01:34:10,096 [a7d0fe55-ea9d-44f8-999b-89e5c9054a1b@group-AD6CF670BF26-FollowerState] INFO  impl.RoleInfo (RoleInfo.java:shutdownFollowerState(110)) - a7d0fe55-ea9d-44f8-999b-89e5c9054a1b: shutdown a7d0fe55-ea9d-44f8-999b-89e5c9054a1b@group-AD6CF670BF26-FollowerState
2022-10-08 01:34:10,097 [a7d0fe55-ea9d-44f8-999b-89e5c9054a1b@group-AD6CF670BF26-FollowerState] INFO  server.RaftServer$Division (RaftServerImpl.java:setRole(299)) - a7d0fe55-ea9d-44f8-999b-89e5c9054a1b@group-AD6CF670BF26: changes role from  FOLLOWER to CANDIDATE at term 0 for changeToCandidate
2022-10-08 01:34:10,097 [a7d0fe55-ea9d-44f8-999b-89e5c9054a1b@group-AD6CF670BF26-FollowerState] INFO  server.RaftServerConfigKeys (ConfUtils.java:logGet(46)) - raft.server.leaderelection.pre-vote = false (custom)
2022-10-08 01:34:10,097 [a7d0fe55-ea9d-44f8-999b-89e5c9054a1b@group-AD6CF670BF26-FollowerState] INFO  impl.RoleInfo (RoleInfo.java:updateAndGet(139)) - a7d0fe55-ea9d-44f8-999b-89e5c9054a1b: start a7d0fe55-ea9d-44f8-999b-89e5c9054a1b@group-AD6CF670BF26-LeaderElection24
2022-10-08 01:34:10,130 [a7d0fe55-ea9d-44f8-999b-89e5c9054a1b@group-AD6CF670BF26-LeaderElection24] INFO  impl.LeaderElection (LeaderElection.java:askForVotes(310)) - a7d0fe55-ea9d-44f8-999b-89e5c9054a1b@group-AD6CF670BF26-LeaderElection24 ELECTION round 0: submit vote requests at term 1 for -1: [a7d0fe55-ea9d-44f8-999b-89e5c9054a1b|rpc:10.1.0.61:37899|priority:1], old=null
2022-10-08 01:34:10,130 [a7d0fe55-ea9d-44f8-999b-89e5c9054a1b@group-AD6CF670BF26-LeaderElection24] INFO  impl.LeaderElection (LeaderElection.java:askForVotes(312)) - a7d0fe55-ea9d-44f8-999b-89e5c9054a1b@group-AD6CF670BF26-LeaderElection24 ELECTION round 0: result PASSED (term=1)
2022-10-08 01:34:10,130 [a7d0fe55-ea9d-44f8-999b-89e5c9054a1b@group-AD6CF670BF26-LeaderElection24] INFO  impl.RoleInfo (RoleInfo.java:shutdownLeaderElection(130)) - a7d0fe55-ea9d-44f8-999b-89e5c9054a1b: shutdown a7d0fe55-ea9d-44f8-999b-89e5c9054a1b@group-AD6CF670BF26-LeaderElection24
2022-10-08 01:34:10,130 [a7d0fe55-ea9d-44f8-999b-89e5c9054a1b@group-AD6CF670BF26-LeaderElection24] INFO  server.RaftServer$Division (RaftServerImpl.java:setRole(299)) - a7d0fe55-ea9d-44f8-999b-89e5c9054a1b@group-AD6CF670BF26: changes role from CANDIDATE to LEADER at term 1 for changeToLeader
2022-10-08 01:34:10,130 [a7d0fe55-ea9d-44f8-999b-89e5c9054a1b@group-AD6CF670BF26-LeaderElection24] INFO  ratis.XceiverServerRatis (XceiverServerRatis.java:handleLeaderChangedNotification(863)) - Leader change notification received for group: group-AD6CF670BF26 with new leaderId: a7d0fe55-ea9d-44f8-999b-89e5c9054a1b
2022-10-08 01:34:10,130 [a7d0fe55-ea9d-44f8-999b-89e5c9054a1b@group-AD6CF670BF26-LeaderElection24] INFO  server.RaftServer$Division (ServerState.java:setLeader(287)) - a7d0fe55-ea9d-44f8-999b-89e5c9054a1b@group-AD6CF670BF26: change Leader from null to a7d0fe55-ea9d-44f8-999b-89e5c9054a1b at term 1 for becomeLeader, leader elected after 5084ms
2022-10-08 01:34:10,130 [a7d0fe55-ea9d-44f8-999b-89e5c9054a1b@group-AD6CF670BF26-LeaderElection24] INFO  server.RaftServerConfigKeys (ConfUtils.java:logGet(46)) - raft.server.staging.catchup.gap = 1000 (default)
2022-10-08 01:34:10,131 [a7d0fe55-ea9d-44f8-999b-89e5c9054a1b@group-AD6CF670BF26-LeaderElection24] INFO  server.RaftServerConfigKeys (ConfUtils.java:logGet(46)) - raft.server.write.element-limit = 1024 (custom)
2022-10-08 01:34:10,131 [a7d0fe55-ea9d-44f8-999b-89e5c9054a1b@group-AD6CF670BF26-LeaderElection24] INFO  server.RaftServerConfigKeys (ConfUtils.java:logGet(46)) - raft.server.write.byte-limit = 1024 M (=1073741824) (custom)
2022-10-08 01:34:10,132 [a7d0fe55-ea9d-44f8-999b-89e5c9054a1b@group-AD6CF670BF26-LeaderElection24] INFO  server.RaftServerConfigKeys (ConfUtils.java:logGet(46)) - raft.server.watch.timeout = 180s (custom)
2022-10-08 01:34:10,132 [a7d0fe55-ea9d-44f8-999b-89e5c9054a1b@group-AD6CF670BF26-LeaderElection24] INFO  server.RaftServerConfigKeys (ConfUtils.java:logGet(46)) - raft.server.watch.timeout.denomination = 1s (default)
2022-10-08 01:34:10,132 [a7d0fe55-ea9d-44f8-999b-89e5c9054a1b@group-AD6CF670BF26-LeaderElection24] INFO  server.RaftServerConfigKeys (ConfUtils.java:logGet(46)) - raft.server.watch.element-limit = 65536 (default)
2022-10-08 01:34:10,132 [a7d0fe55-ea9d-44f8-999b-89e5c9054a1b@group-AD6CF670BF26-LeaderElection24] INFO  server.RaftServerConfigKeys (ConfUtils.java:logGet(46)) - raft.server.write.element-limit = 1024 (custom)
2022-10-08 01:34:10,132 [a7d0fe55-ea9d-44f8-999b-89e5c9054a1b@group-AD6CF670BF26-LeaderElection24] INFO  server.RaftServerConfigKeys (ConfUtils.java:logGet(46)) - raft.server.write.follower.gap.ratio.max = -1.0 (default)
2022-10-08 01:34:10,132 [a7d0fe55-ea9d-44f8-999b-89e5c9054a1b@group-AD6CF670BF26-LeaderElection24] INFO  impl.RoleInfo (RoleInfo.java:updateAndGet(139)) - a7d0fe55-ea9d-44f8-999b-89e5c9054a1b: start a7d0fe55-ea9d-44f8-999b-89e5c9054a1b@group-AD6CF670BF26-LeaderStateImpl
2022-10-08 01:34:10,132 [a7d0fe55-ea9d-44f8-999b-89e5c9054a1b@group-AD6CF670BF26-LeaderElection24] INFO  segmented.SegmentedRaftLogWorker (SegmentedRaftLogWorker.java:startLogSegment(425)) - a7d0fe55-ea9d-44f8-999b-89e5c9054a1b@group-AD6CF670BF26-SegmentedRaftLogWorker: Starting segment from index:0
2022-10-08 01:34:10,142 [a7d0fe55-ea9d-44f8-999b-89e5c9054a1b@group-AD6CF670BF26-SegmentedRaftLogWorker] INFO  segmented.SegmentedRaftLogWorker (SegmentedRaftLogWorker.java:execute(629)) - a7d0fe55-ea9d-44f8-999b-89e5c9054a1b@group-AD6CF670BF26-SegmentedRaftLogWorker: created new log segment /home/runner/work/ozone/ozone/hadoop-ozone/integration-test/target/test-dir/MiniOzoneClusterImpl-4672e814-a320-46b2-9281-7449f9d84a79/datanode-3/data/ratis/b36d0108-ea9a-43d2-813d-ad6cf670bf26/current/log_inprogress_0
2022-10-08 01:34:10,147 [a7d0fe55-ea9d-44f8-999b-89e5c9054a1b@group-AD6CF670BF26-LeaderElection24] INFO  server.RaftServer$Division (ServerState.java:setRaftConf(393)) - a7d0fe55-ea9d-44f8-999b-89e5c9054a1b@group-AD6CF670BF26: set configuration 0: [a7d0fe55-ea9d-44f8-999b-89e5c9054a1b|rpc:10.1.0.61:37899|dataStream:|priority:1], old=null
2022-10-08 01:34:11,011 [ReplicationMonitor] INFO  replication.LegacyReplicationManager (LegacyReplicationManager.java:sendCloseCommand(1512)) - Sending close container command for container #1 to datanode 74407c01-bc2d-4222-b781-024ddeaebfd0{ip: 10.1.0.61, host: fv-az180-867.g3pwtgv4ffyuhaixmbmm0kyh3d.gx.internal.cloudapp.net, ports: [REPLICATION=43711, RATIS=42125, RATIS_ADMIN=42125, RATIS_SERVER=42125, STANDALONE=37771], networkLocation: /default-rack, certSerialId: null, persistedOpState: IN_SERVICE, persistedOpStateExpiryEpochSec: 0}.
2022-10-08 01:34:11,011 [ReplicationMonitor] INFO  replication.ReplicationManager (ReplicationManager.java:processAll(324)) - Replication Monitor Thread took 0 milliseconds for processing 1 containers.
2022-10-08 01:34:11,588 [EventQueue-StaleNodeForStaleNodeHandler] INFO  node.StaleNodeHandler (StaleNodeHandler.java:onMessage(59)) - Datanode 6822e6b6-300a-445d-9551-e629b68d3cd6{ip: 10.1.0.61, host: fv-az180-867.g3pwtgv4ffyuhaixmbmm0kyh3d.gx.internal.cloudapp.net, ports: [REPLICATION=42871, RATIS=33271, RATIS_ADMIN=33271, RATIS_SERVER=33271, STANDALONE=40923], networkLocation: /default-rack, certSerialId: null, persistedOpState: IN_SERVICE, persistedOpStateExpiryEpochSec: 0} moved to stale state. Finalizing its pipelines [PipelineID=f86038f5-ec5a-4ff6-9073-e300156fb220, PipelineID=adff822c-f961-4ade-98fe-116cd948afd1]
2022-10-08 01:34:11,589 [EventQueue-StaleNodeForStaleNodeHandler] INFO  pipeline.PipelineManagerImpl (PipelineManagerImpl.java:closePipeline(442)) - Pipeline Pipeline[ Id: f86038f5-ec5a-4ff6-9073-e300156fb220, Nodes: 6822e6b6-300a-445d-9551-e629b68d3cd6{ip: 10.1.0.61, host: fv-az180-867.g3pwtgv4ffyuhaixmbmm0kyh3d.gx.internal.cloudapp.net, ports: [REPLICATION=42871, RATIS=33271, RATIS_ADMIN=33271, RATIS_SERVER=33271, STANDALONE=40923], networkLocation: /default-rack, certSerialId: null, persistedOpState: IN_SERVICE, persistedOpStateExpiryEpochSec: 0}74407c01-bc2d-4222-b781-024ddeaebfd0{ip: 10.1.0.61, host: fv-az180-867.g3pwtgv4ffyuhaixmbmm0kyh3d.gx.internal.cloudapp.net, ports: [REPLICATION=43711, RATIS=42125, RATIS_ADMIN=42125, RATIS_SERVER=42125, STANDALONE=37771], networkLocation: /default-rack, certSerialId: null, persistedOpState: IN_SERVICE, persistedOpStateExpiryEpochSec: 0}348051e8-9d7e-4807-b60e-e38d4836e670{ip: 10.1.0.61, host: fv-az180-867.g3pwtgv4ffyuhaixmbmm0kyh3d.gx.internal.cloudapp.net, ports: [REPLICATION=40287, RATIS=37667, RATIS_ADMIN=37667, RATIS_SERVER=37667, STANDALONE=35437], networkLocation: /default-rack, certSerialId: null, persistedOpState: IN_SERVICE, persistedOpStateExpiryEpochSec: 0}, ReplicationConfig: RATIS/THREE, State:OPEN, leaderId:6822e6b6-300a-445d-9551-e629b68d3cd6, CreationTimestamp2022-10-08T01:34:00.704Z[Etc/UTC]] moved to CLOSED state
2022-10-08 01:34:11,589 [EventQueue-StaleNodeForStaleNodeHandler] INFO  pipeline.PipelineManagerImpl (PipelineManagerImpl.java:closePipeline(442)) - Pipeline Pipeline[ Id: adff822c-f961-4ade-98fe-116cd948afd1, Nodes: 6822e6b6-300a-445d-9551-e629b68d3cd6{ip: 10.1.0.61, host: fv-az180-867.g3pwtgv4ffyuhaixmbmm0kyh3d.gx.internal.cloudapp.net, ports: [REPLICATION=42871, RATIS=33271, RATIS_ADMIN=33271, RATIS_SERVER=33271, STANDALONE=40923], networkLocation: /default-rack, certSerialId: null, persistedOpState: IN_SERVICE, persistedOpStateExpiryEpochSec: 0}, ReplicationConfig: RATIS/ONE, State:OPEN, leaderId:6822e6b6-300a-445d-9551-e629b68d3cd6, CreationTimestamp2022-10-08T01:33:57.896Z[Etc/UTC]] moved to CLOSED state
2022-10-08 01:34:11,813 [e9bcdf12-1da6-4530-8c75-634f54e386f5@group-1C2D70D7DFDB-FollowerState] INFO  impl.FollowerState (FollowerState.java:run(143)) - e9bcdf12-1da6-4530-8c75-634f54e386f5@group-1C2D70D7DFDB-FollowerState: change to CANDIDATE, lastRpcElapsedTime:5143866392ns, electionTimeout:5142ms
2022-10-08 01:34:11,813 [e9bcdf12-1da6-4530-8c75-634f54e386f5@group-1C2D70D7DFDB-FollowerState] INFO  impl.RoleInfo (RoleInfo.java:shutdownFollowerState(110)) - e9bcdf12-1da6-4530-8c75-634f54e386f5: shutdown e9bcdf12-1da6-4530-8c75-634f54e386f5@group-1C2D70D7DFDB-FollowerState
2022-10-08 01:34:11,813 [e9bcdf12-1da6-4530-8c75-634f54e386f5@group-1C2D70D7DFDB-FollowerState] INFO  server.RaftServer$Division (RaftServerImpl.java:setRole(299)) - e9bcdf12-1da6-4530-8c75-634f54e386f5@group-1C2D70D7DFDB: changes role from  FOLLOWER to CANDIDATE at term 0 for changeToCandidate
2022-10-08 01:34:11,813 [e9bcdf12-1da6-4530-8c75-634f54e386f5@group-1C2D70D7DFDB-FollowerState] INFO  server.RaftServerConfigKeys (ConfUtils.java:logGet(46)) - raft.server.leaderelection.pre-vote = false (custom)
2022-10-08 01:34:11,813 [e9bcdf12-1da6-4530-8c75-634f54e386f5@group-1C2D70D7DFDB-FollowerState] INFO  impl.RoleInfo (RoleInfo.java:updateAndGet(139)) - e9bcdf12-1da6-4530-8c75-634f54e386f5: start e9bcdf12-1da6-4530-8c75-634f54e386f5@group-1C2D70D7DFDB-LeaderElection25
2022-10-08 01:34:11,857 [e9bcdf12-1da6-4530-8c75-634f54e386f5@group-1C2D70D7DFDB-LeaderElection25] INFO  impl.LeaderElection (LeaderElection.java:askForVotes(310)) - e9bcdf12-1da6-4530-8c75-634f54e386f5@group-1C2D70D7DFDB-LeaderElection25 ELECTION round 0: submit vote requests at term 1 for -1: [e9bcdf12-1da6-4530-8c75-634f54e386f5|rpc:10.1.0.61:38361|priority:1], old=null
2022-10-08 01:34:11,857 [e9bcdf12-1da6-4530-8c75-634f54e386f5@group-1C2D70D7DFDB-LeaderElection25] INFO  impl.LeaderElection (LeaderElection.java:askForVotes(312)) - e9bcdf12-1da6-4530-8c75-634f54e386f5@group-1C2D70D7DFDB-LeaderElection25 ELECTION round 0: result PASSED (term=1)
2022-10-08 01:34:11,857 [e9bcdf12-1da6-4530-8c75-634f54e386f5@group-1C2D70D7DFDB-LeaderElection25] INFO  impl.RoleInfo (RoleInfo.java:shutdownLeaderElection(130)) - e9bcdf12-1da6-4530-8c75-634f54e386f5: shutdown e9bcdf12-1da6-4530-8c75-634f54e386f5@group-1C2D70D7DFDB-LeaderElection25
2022-10-08 01:34:11,859 [e9bcdf12-1da6-4530-8c75-634f54e386f5@group-1C2D70D7DFDB-LeaderElection25] INFO  server.RaftServer$Division (RaftServerImpl.java:setRole(299)) - e9bcdf12-1da6-4530-8c75-634f54e386f5@group-1C2D70D7DFDB: changes role from CANDIDATE to LEADER at term 1 for changeToLeader
2022-10-08 01:34:11,859 [e9bcdf12-1da6-4530-8c75-634f54e386f5@group-1C2D70D7DFDB-LeaderElection25] INFO  ratis.XceiverServerRatis (XceiverServerRatis.java:handleLeaderChangedNotification(863)) - Leader change notification received for group: group-1C2D70D7DFDB with new leaderId: e9bcdf12-1da6-4530-8c75-634f54e386f5
2022-10-08 01:34:11,859 [e9bcdf12-1da6-4530-8c75-634f54e386f5@group-1C2D70D7DFDB-LeaderElection25] INFO  server.RaftServer$Division (ServerState.java:setLeader(287)) - e9bcdf12-1da6-4530-8c75-634f54e386f5@group-1C2D70D7DFDB: change Leader from null to e9bcdf12-1da6-4530-8c75-634f54e386f5 at term 1 for becomeLeader, leader elected after 5197ms
2022-10-08 01:34:11,859 [e9bcdf12-1da6-4530-8c75-634f54e386f5@group-1C2D70D7DFDB-LeaderElection25] INFO  server.RaftServerConfigKeys (ConfUtils.java:logGet(46)) - raft.server.staging.catchup.gap = 1000 (default)
2022-10-08 01:34:11,859 [e9bcdf12-1da6-4530-8c75-634f54e386f5@group-1C2D70D7DFDB-LeaderElection25] INFO  server.RaftServerConfigKeys (ConfUtils.java:logGet(46)) - raft.server.write.element-limit = 1024 (custom)
2022-10-08 01:34:11,859 [e9bcdf12-1da6-4530-8c75-634f54e386f5@group-1C2D70D7DFDB-LeaderElection25] INFO  server.RaftServerConfigKeys (ConfUtils.java:logGet(46)) - raft.server.write.byte-limit = 1024 M (=1073741824) (custom)
2022-10-08 01:34:11,860 [e9bcdf12-1da6-4530-8c75-634f54e386f5@group-1C2D70D7DFDB-LeaderElection25] INFO  server.RaftServerConfigKeys (ConfUtils.java:logGet(46)) - raft.server.watch.timeout = 180s (custom)
2022-10-08 01:34:11,860 [e9bcdf12-1da6-4530-8c75-634f54e386f5@group-1C2D70D7DFDB-LeaderElection25] INFO  server.RaftServerConfigKeys (ConfUtils.java:logGet(46)) - raft.server.watch.timeout.denomination = 1s (default)
2022-10-08 01:34:11,860 [e9bcdf12-1da6-4530-8c75-634f54e386f5@group-1C2D70D7DFDB-LeaderElection25] INFO  server.RaftServerConfigKeys (ConfUtils.java:logGet(46)) - raft.server.watch.element-limit = 65536 (default)
2022-10-08 01:34:11,860 [e9bcdf12-1da6-4530-8c75-634f54e386f5@group-1C2D70D7DFDB-LeaderElection25] INFO  server.RaftServerConfigKeys (ConfUtils.java:logGet(46)) - raft.server.write.element-limit = 1024 (custom)
2022-10-08 01:34:11,860 [e9bcdf12-1da6-4530-8c75-634f54e386f5@group-1C2D70D7DFDB-LeaderElection25] INFO  server.RaftServerConfigKeys (ConfUtils.java:logGet(46)) - raft.server.write.follower.gap.ratio.max = -1.0 (default)
2022-10-08 01:34:11,861 [e9bcdf12-1da6-4530-8c75-634f54e386f5@group-1C2D70D7DFDB-LeaderElection25] INFO  impl.RoleInfo (RoleInfo.java:updateAndGet(139)) - e9bcdf12-1da6-4530-8c75-634f54e386f5: start e9bcdf12-1da6-4530-8c75-634f54e386f5@group-1C2D70D7DFDB-LeaderStateImpl
2022-10-08 01:34:11,861 [e9bcdf12-1da6-4530-8c75-634f54e386f5@group-1C2D70D7DFDB-LeaderElection25] INFO  segmented.SegmentedRaftLogWorker (SegmentedRaftLogWorker.java:startLogSegment(425)) - e9bcdf12-1da6-4530-8c75-634f54e386f5@group-1C2D70D7DFDB-SegmentedRaftLogWorker: Starting segment from index:0
2022-10-08 01:34:11,867 [e9bcdf12-1da6-4530-8c75-634f54e386f5@group-1C2D70D7DFDB-SegmentedRaftLogWorker] INFO  segmented.SegmentedRaftLogWorker (SegmentedRaftLogWorker.java:execute(629)) - e9bcdf12-1da6-4530-8c75-634f54e386f5@group-1C2D70D7DFDB-SegmentedRaftLogWorker: created new log segment /home/runner/work/ozone/ozone/hadoop-ozone/integration-test/target/test-dir/MiniOzoneClusterImpl-4672e814-a320-46b2-9281-7449f9d84a79/datanode-4/data/ratis/2888ce29-2412-480e-85c8-1c2d70d7dfdb/current/log_inprogress_0
2022-10-08 01:34:11,876 [e9bcdf12-1da6-4530-8c75-634f54e386f5@group-1C2D70D7DFDB-LeaderElection25] INFO  server.RaftServer$Division (ServerState.java:setRaftConf(393)) - e9bcdf12-1da6-4530-8c75-634f54e386f5@group-1C2D70D7DFDB: set configuration 0: [e9bcdf12-1da6-4530-8c75-634f54e386f5|rpc:10.1.0.61:38361|dataStream:|priority:1], old=null
2022-10-08 01:34:12,011 [ReplicationMonitor] INFO  replication.LegacyReplicationManager (LegacyReplicationManager.java:sendCloseCommand(1512)) - Sending close container command for container #1 to datanode 74407c01-bc2d-4222-b781-024ddeaebfd0{ip: 10.1.0.61, host: fv-az180-867.g3pwtgv4ffyuhaixmbmm0kyh3d.gx.internal.cloudapp.net, ports: [REPLICATION=43711, RATIS=42125, RATIS_ADMIN=42125, RATIS_SERVER=42125, STANDALONE=37771], networkLocation: /default-rack, certSerialId: null, persistedOpState: IN_SERVICE, persistedOpStateExpiryEpochSec: 0}.
2022-10-08 01:34:12,012 [ReplicationMonitor] INFO  replication.ReplicationManager (ReplicationManager.java:processAll(324)) - Replication Monitor Thread took 1 milliseconds for processing 1 containers.
2022-10-08 01:34:13,012 [ReplicationMonitor] INFO  replication.LegacyReplicationManager (LegacyReplicationManager.java:sendCloseCommand(1512)) - Sending close container command for container #1 to datanode 74407c01-bc2d-4222-b781-024ddeaebfd0{ip: 10.1.0.61, host: fv-az180-867.g3pwtgv4ffyuhaixmbmm0kyh3d.gx.internal.cloudapp.net, ports: [REPLICATION=43711, RATIS=42125, RATIS_ADMIN=42125, RATIS_SERVER=42125, STANDALONE=37771], networkLocation: /default-rack, certSerialId: null, persistedOpState: IN_SERVICE, persistedOpStateExpiryEpochSec: 0}.
2022-10-08 01:34:13,012 [ReplicationMonitor] INFO  replication.ReplicationManager (ReplicationManager.java:processAll(324)) - Replication Monitor Thread took 0 milliseconds for processing 1 containers.
2022-10-08 01:34:13,762 [Listener at 127.0.0.1/38829] INFO  ozoneimpl.OzoneContainer (OzoneContainer.java:stop(400)) - Attempting to stop container services.
2022-10-08 01:34:13,764 [Listener at 127.0.0.1/38829] INFO  server.RaftServer (RaftServerProxy.java:lambda$close$7(398)) - 6822e6b6-300a-445d-9551-e629b68d3cd6: close
2022-10-08 01:34:13,800 [Listener at 127.0.0.1/38829] INFO  server.RaftServer$Division (RaftServerImpl.java:lambda$close$4(434)) - 6822e6b6-300a-445d-9551-e629b68d3cd6@group-E300156FB220: shutdown
2022-10-08 01:34:13,800 [Listener at 127.0.0.1/38829] INFO  util.JmxRegister (JmxRegister.java:unregister(73)) - Successfully un-registered JMX Bean with object name Ratis:service=RaftServer,group=group-E300156FB220,id=6822e6b6-300a-445d-9551-e629b68d3cd6
2022-10-08 01:34:13,800 [Listener at 127.0.0.1/38829] INFO  impl.RoleInfo (RoleInfo.java:shutdownLeaderState(93)) - 6822e6b6-300a-445d-9551-e629b68d3cd6: shutdown 6822e6b6-300a-445d-9551-e629b68d3cd6@group-E300156FB220-LeaderStateImpl
2022-10-08 01:34:13,800 [6822e6b6-300a-445d-9551-e629b68d3cd6@group-E300156FB220->74407c01-bc2d-4222-b781-024ddeaebfd0-GrpcLogAppender-LogAppenderDaemon] WARN  server.GrpcLogAppender (GrpcLogAppender.java:mayWait(171)) - 6822e6b6-300a-445d-9551-e629b68d3cd6@group-E300156FB220->74407c01-bc2d-4222-b781-024ddeaebfd0-GrpcLogAppender: Wait interrupted by java.lang.InterruptedException
2022-10-08 01:34:13,800 [Listener at 127.0.0.1/38829] INFO  impl.PendingRequests (PendingRequests.java:sendNotLeaderResponses(282)) - 6822e6b6-300a-445d-9551-e629b68d3cd6@group-E300156FB220-PendingRequests: sendNotLeaderResponses
2022-10-08 01:34:13,800 [6822e6b6-300a-445d-9551-e629b68d3cd6@group-E300156FB220->348051e8-9d7e-4807-b60e-e38d4836e670-GrpcLogAppender-LogAppenderDaemon] WARN  server.GrpcLogAppender (GrpcLogAppender.java:mayWait(171)) - 6822e6b6-300a-445d-9551-e629b68d3cd6@group-E300156FB220->348051e8-9d7e-4807-b60e-e38d4836e670-GrpcLogAppender: Wait interrupted by java.lang.InterruptedException
2022-10-08 01:34:13,836 [grpc-default-executor-2] INFO  server.GrpcServerProtocolService (GrpcServerProtocolService.java:onCompleted(140)) - 348051e8-9d7e-4807-b60e-e38d4836e670: Completed APPEND_ENTRIES, lastRequest: 6822e6b6-300a-445d-9551-e629b68d3cd6->348051e8-9d7e-4807-b60e-e38d4836e670#120-t1,previous=(t:1, i:7),leaderCommit=7,initializing? true,entries: size=1, first=(t:1, i:8), METADATAENTRY(c:7)
2022-10-08 01:34:13,840 [grpc-default-executor-3] INFO  server.GrpcServerProtocolService (GrpcServerProtocolService.java:onCompleted(140)) - 74407c01-bc2d-4222-b781-024ddeaebfd0: Completed APPEND_ENTRIES, lastRequest: 6822e6b6-300a-445d-9551-e629b68d3cd6->74407c01-bc2d-4222-b781-024ddeaebfd0#117-t1,previous=(t:1, i:7),leaderCommit=7,initializing? true,entries: size=1, first=(t:1, i:8), METADATAENTRY(c:7)
2022-10-08 01:34:13,840 [grpc-default-executor-4] INFO  server.GrpcLogAppender (GrpcLogAppender.java:onCompleted(339)) - 6822e6b6-300a-445d-9551-e629b68d3cd6@group-E300156FB220->348051e8-9d7e-4807-b60e-e38d4836e670-AppendLogResponseHandler: follower responses appendEntries COMPLETED
2022-10-08 01:34:13,840 [grpc-default-executor-4] INFO  leader.FollowerInfo (FollowerInfoImpl.java:lambda$new$0(48)) - 6822e6b6-300a-445d-9551-e629b68d3cd6@group-E300156FB220->348051e8-9d7e-4807-b60e-e38d4836e670: nextIndex: updateUnconditionally 9 -> 8
2022-10-08 01:34:13,881 [Listener at 127.0.0.1/38829] INFO  impl.StateMachineUpdater (StateMachineUpdater.java:stopAndJoin(153)) - 6822e6b6-300a-445d-9551-e629b68d3cd6@group-E300156FB220-StateMachineUpdater: set stopIndex = 8
2022-10-08 01:34:13,881 [6822e6b6-300a-445d-9551-e629b68d3cd6@group-E300156FB220-StateMachineUpdater] INFO  ratis.ContainerStateMachine (ContainerStateMachine.java:takeSnapshot(304)) - group-E300156FB220: Taking a snapshot at:(t:1, i:8) file /home/runner/work/ozone/ozone/hadoop-ozone/integration-test/target/test-dir/MiniOzoneClusterImpl-4672e814-a320-46b2-9281-7449f9d84a79/datanode-0/data/ratis/f86038f5-ec5a-4ff6-9073-e300156fb220/sm/snapshot.1_8
2022-10-08 01:34:13,888 [6822e6b6-300a-445d-9551-e629b68d3cd6@group-E300156FB220-StateMachineUpdater] INFO  ratis.ContainerStateMachine (ContainerStateMachine.java:takeSnapshot(315)) - group-E300156FB220: Finished taking a snapshot at:(t:1, i:8) file:/home/runner/work/ozone/ozone/hadoop-ozone/integration-test/target/test-dir/MiniOzoneClusterImpl-4672e814-a320-46b2-9281-7449f9d84a79/datanode-0/data/ratis/f86038f5-ec5a-4ff6-9073-e300156fb220/sm/snapshot.1_8 took: 6 ms
2022-10-08 01:34:13,888 [grpc-default-executor-7] INFO  server.GrpcLogAppender (GrpcLogAppender.java:onCompleted(339)) - 6822e6b6-300a-445d-9551-e629b68d3cd6@group-E300156FB220->74407c01-bc2d-4222-b781-024ddeaebfd0-AppendLogResponseHandler: follower responses appendEntries COMPLETED
2022-10-08 01:34:13,889 [grpc-default-executor-7] INFO  leader.FollowerInfo (FollowerInfoImpl.java:lambda$new$0(48)) - 6822e6b6-300a-445d-9551-e629b68d3cd6@group-E300156FB220->74407c01-bc2d-4222-b781-024ddeaebfd0: nextIndex: updateUnconditionally 9 -> 8
2022-10-08 01:34:13,889 [6822e6b6-300a-445d-9551-e629b68d3cd6@group-E300156FB220-StateMachineUpdater] INFO  impl.StateMachineUpdater (StateMachineUpdater.java:takeSnapshot(287)) - 6822e6b6-300a-445d-9551-e629b68d3cd6@group-E300156FB220-StateMachineUpdater: Took a snapshot at index 8
2022-10-08 01:34:13,889 [6822e6b6-300a-445d-9551-e629b68d3cd6@group-E300156FB220-StateMachineUpdater] INFO  impl.StateMachineUpdater (StateMachineUpdater.java:lambda$new$0(92)) - 6822e6b6-300a-445d-9551-e629b68d3cd6@group-E300156FB220-StateMachineUpdater: snapshotIndex: updateIncreasingly -1 -> 8
2022-10-08 01:34:13,893 [Listener at 127.0.0.1/38829] INFO  server.RaftServer$Division (ServerState.java:close(429)) - 6822e6b6-300a-445d-9551-e629b68d3cd6@group-E300156FB220: closes. applyIndex: 8
2022-10-08 01:34:13,893 [6822e6b6-300a-445d-9551-e629b68d3cd6@group-E300156FB220-SegmentedRaftLogWorker] INFO  segmented.SegmentedRaftLogWorker (SegmentedRaftLogWorker.java:run(336)) - 6822e6b6-300a-445d-9551-e629b68d3cd6@group-E300156FB220-SegmentedRaftLogWorker was interrupted, exiting. There are 0 tasks remaining in the queue.
2022-10-08 01:34:13,893 [Listener at 127.0.0.1/38829] INFO  segmented.SegmentedRaftLogWorker (SegmentedRaftLogWorker.java:close(246)) - 6822e6b6-300a-445d-9551-e629b68d3cd6@group-E300156FB220-SegmentedRaftLogWorker close()
2022-10-08 01:34:13,914 [Listener at 127.0.0.1/38829] INFO  server.RaftServer$Division (RaftServerImpl.java:lambda$close$4(434)) - 6822e6b6-300a-445d-9551-e629b68d3cd6@group-116CD948AFD1: shutdown
2022-10-08 01:34:13,914 [Listener at 127.0.0.1/38829] INFO  util.JmxRegister (JmxRegister.java:unregister(73)) - Successfully un-registered JMX Bean with object name Ratis:service=RaftServer,group=group-116CD948AFD1,id=6822e6b6-300a-445d-9551-e629b68d3cd6
2022-10-08 01:34:13,914 [Listener at 127.0.0.1/38829] INFO  impl.RoleInfo (RoleInfo.java:shutdownLeaderState(93)) - 6822e6b6-300a-445d-9551-e629b68d3cd6: shutdown 6822e6b6-300a-445d-9551-e629b68d3cd6@group-116CD948AFD1-LeaderStateImpl
2022-10-08 01:34:13,914 [Listener at 127.0.0.1/38829] INFO  impl.PendingRequests (PendingRequests.java:sendNotLeaderResponses(282)) - 6822e6b6-300a-445d-9551-e629b68d3cd6@group-116CD948AFD1-PendingRequests: sendNotLeaderResponses
2022-10-08 01:34:13,915 [Listener at 127.0.0.1/38829] INFO  impl.StateMachineUpdater (StateMachineUpdater.java:stopAndJoin(153)) - 6822e6b6-300a-445d-9551-e629b68d3cd6@group-116CD948AFD1-StateMachineUpdater: set stopIndex = 0
2022-10-08 01:34:13,915 [6822e6b6-300a-445d-9551-e629b68d3cd6@group-116CD948AFD1-StateMachineUpdater] INFO  ratis.ContainerStateMachine (ContainerStateMachine.java:takeSnapshot(304)) - group-116CD948AFD1: Taking a snapshot at:(t:1, i:0) file /home/runner/work/ozone/ozone/hadoop-ozone/integration-test/target/test-dir/MiniOzoneClusterImpl-4672e814-a320-46b2-9281-7449f9d84a79/datanode-0/data/ratis/adff822c-f961-4ade-98fe-116cd948afd1/sm/snapshot.1_0
2022-10-08 01:34:13,921 [6822e6b6-300a-445d-9551-e629b68d3cd6@group-116CD948AFD1-StateMachineUpdater] INFO  ratis.ContainerStateMachine (ContainerStateMachine.java:takeSnapshot(315)) - group-116CD948AFD1: Finished taking a snapshot at:(t:1, i:0) file:/home/runner/work/ozone/ozone/hadoop-ozone/integration-test/target/test-dir/MiniOzoneClusterImpl-4672e814-a320-46b2-9281-7449f9d84a79/datanode-0/data/ratis/adff822c-f961-4ade-98fe-116cd948afd1/sm/snapshot.1_0 took: 6 ms
2022-10-08 01:34:13,921 [6822e6b6-300a-445d-9551-e629b68d3cd6@group-116CD948AFD1-StateMachineUpdater] INFO  impl.StateMachineUpdater (StateMachineUpdater.java:takeSnapshot(287)) - 6822e6b6-300a-445d-9551-e629b68d3cd6@group-116CD948AFD1-StateMachineUpdater: Took a snapshot at index 0
2022-10-08 01:34:13,921 [6822e6b6-300a-445d-9551-e629b68d3cd6@group-116CD948AFD1-StateMachineUpdater] INFO  impl.StateMachineUpdater (StateMachineUpdater.java:lambda$new$0(92)) - 6822e6b6-300a-445d-9551-e629b68d3cd6@group-116CD948AFD1-StateMachineUpdater: snapshotIndex: updateIncreasingly -1 -> 0
2022-10-08 01:34:13,924 [Listener at 127.0.0.1/38829] INFO  server.RaftServer$Division (ServerState.java:close(429)) - 6822e6b6-300a-445d-9551-e629b68d3cd6@group-116CD948AFD1: closes. applyIndex: 0
2022-10-08 01:34:13,924 [6822e6b6-300a-445d-9551-e629b68d3cd6@group-116CD948AFD1-SegmentedRaftLogWorker] INFO  segmented.SegmentedRaftLogWorker (SegmentedRaftLogWorker.java:run(336)) - 6822e6b6-300a-445d-9551-e629b68d3cd6@group-116CD948AFD1-SegmentedRaftLogWorker was interrupted, exiting. There are 0 tasks remaining in the queue.
2022-10-08 01:34:13,928 [Listener at 127.0.0.1/38829] INFO  segmented.SegmentedRaftLogWorker (SegmentedRaftLogWorker.java:close(246)) - 6822e6b6-300a-445d-9551-e629b68d3cd6@group-116CD948AFD1-SegmentedRaftLogWorker close()
2022-10-08 01:34:13,933 [Listener at 127.0.0.1/38829] INFO  server.GrpcService (GrpcService.java:closeImpl(269)) - 6822e6b6-300a-445d-9551-e629b68d3cd6: shutdown server with port 33271 now
2022-10-08 01:34:13,976 [Listener at 127.0.0.1/38829] INFO  server.GrpcService (GrpcService.java:closeImpl(278)) - 6822e6b6-300a-445d-9551-e629b68d3cd6: shutdown server with port 33271 successfully
2022-10-08 01:34:13,980 [org.apache.ratis.util.JvmPauseMonitor$$Lambda$636/846962177@2cce3b56] INFO  util.JvmPauseMonitor (JvmPauseMonitor.java:run(109)) - JvmPauseMonitor-6822e6b6-300a-445d-9551-e629b68d3cd6: Stopped
2022-10-08 01:34:14,013 [ReplicationMonitor] INFO  replication.LegacyReplicationManager (LegacyReplicationManager.java:sendCloseCommand(1512)) - Sending close container command for container #1 to datanode 74407c01-bc2d-4222-b781-024ddeaebfd0{ip: 10.1.0.61, host: fv-az180-867.g3pwtgv4ffyuhaixmbmm0kyh3d.gx.internal.cloudapp.net, ports: [REPLICATION=43711, RATIS=42125, RATIS_ADMIN=42125, RATIS_SERVER=42125, STANDALONE=37771], networkLocation: /default-rack, certSerialId: null, persistedOpState: IN_SERVICE, persistedOpStateExpiryEpochSec: 0}.
2022-10-08 01:34:14,013 [ReplicationMonitor] INFO  replication.ReplicationManager (ReplicationManager.java:processAll(324)) - Replication Monitor Thread took 1 milliseconds for processing 1 containers.
2022-10-08 01:34:14,665 [EventQueue-DeadNodeForDeadNodeHandler] INFO  node.DeadNodeHandler (DeadNodeHandler.java:onMessage(81)) - A dead datanode is detected. 6822e6b6-300a-445d-9551-e629b68d3cd6{ip: 10.1.0.61, host: fv-az180-867.g3pwtgv4ffyuhaixmbmm0kyh3d.gx.internal.cloudapp.net, ports: [REPLICATION=42871, RATIS=33271, RATIS_ADMIN=33271, RATIS_SERVER=33271, STANDALONE=40923], networkLocation: /default-rack, certSerialId: null, persistedOpState: IN_SERVICE, persistedOpStateExpiryEpochSec: 0}
2022-10-08 01:34:14,666 [EventQueue-DeadNodeForDeadNodeHandler] INFO  pipeline.RatisPipelineProvider (RatisPipelineProvider.java:lambda$close$1(244)) - Send pipeline:PipelineID=f86038f5-ec5a-4ff6-9073-e300156fb220 close command to datanode 6822e6b6-300a-445d-9551-e629b68d3cd6
2022-10-08 01:34:14,666 [EventQueue-DeadNodeForDeadNodeHandler] INFO  pipeline.RatisPipelineProvider (RatisPipelineProvider.java:lambda$close$1(244)) - Send pipeline:PipelineID=f86038f5-ec5a-4ff6-9073-e300156fb220 close command to datanode 74407c01-bc2d-4222-b781-024ddeaebfd0
2022-10-08 01:34:14,666 [EventQueue-DeadNodeForDeadNodeHandler] INFO  pipeline.RatisPipelineProvider (RatisPipelineProvider.java:lambda$close$1(244)) - Send pipeline:PipelineID=f86038f5-ec5a-4ff6-9073-e300156fb220 close command to datanode 348051e8-9d7e-4807-b60e-e38d4836e670
2022-10-08 01:34:14,667 [EventQueue-DeadNodeForDeadNodeHandler] INFO  pipeline.PipelineStateManagerImpl (PipelineStateManagerImpl.java:removePipeline(245)) - Pipeline Pipeline[ Id: f86038f5-ec5a-4ff6-9073-e300156fb220, Nodes: 6822e6b6-300a-445d-9551-e629b68d3cd6{ip: 10.1.0.61, host: fv-az180-867.g3pwtgv4ffyuhaixmbmm0kyh3d.gx.internal.cloudapp.net, ports: [REPLICATION=42871, RATIS=33271, RATIS_ADMIN=33271, RATIS_SERVER=33271, STANDALONE=40923], networkLocation: /default-rack, certSerialId: null, persistedOpState: IN_SERVICE, persistedOpStateExpiryEpochSec: 0}74407c01-bc2d-4222-b781-024ddeaebfd0{ip: 10.1.0.61, host: fv-az180-867.g3pwtgv4ffyuhaixmbmm0kyh3d.gx.internal.cloudapp.net, ports: [REPLICATION=43711, RATIS=42125, RATIS_ADMIN=42125, RATIS_SERVER=42125, STANDALONE=37771], networkLocation: /default-rack, certSerialId: null, persistedOpState: IN_SERVICE, persistedOpStateExpiryEpochSec: 0}348051e8-9d7e-4807-b60e-e38d4836e670{ip: 10.1.0.61, host: fv-az180-867.g3pwtgv4ffyuhaixmbmm0kyh3d.gx.internal.cloudapp.net, ports: [REPLICATION=40287, RATIS=37667, RATIS_ADMIN=37667, RATIS_SERVER=37667, STANDALONE=35437], networkLocation: /default-rack, certSerialId: null, persistedOpState: IN_SERVICE, persistedOpStateExpiryEpochSec: 0}, ReplicationConfig: RATIS/THREE, State:CLOSED, leaderId:6822e6b6-300a-445d-9551-e629b68d3cd6, CreationTimestamp2022-10-08T01:34:00.704Z[Etc/UTC]] removed.
2022-10-08 01:34:14,667 [EventQueue-DeadNodeForDeadNodeHandler] INFO  pipeline.RatisPipelineProvider (RatisPipelineProvider.java:lambda$close$1(244)) - Send pipeline:PipelineID=adff822c-f961-4ade-98fe-116cd948afd1 close command to datanode 6822e6b6-300a-445d-9551-e629b68d3cd6
2022-10-08 01:34:14,667 [EventQueue-DeadNodeForDeadNodeHandler] INFO  pipeline.PipelineStateManagerImpl (PipelineStateManagerImpl.java:removePipeline(245)) - Pipeline Pipeline[ Id: adff822c-f961-4ade-98fe-116cd948afd1, Nodes: 6822e6b6-300a-445d-9551-e629b68d3cd6{ip: 10.1.0.61, host: fv-az180-867.g3pwtgv4ffyuhaixmbmm0kyh3d.gx.internal.cloudapp.net, ports: [REPLICATION=42871, RATIS=33271, RATIS_ADMIN=33271, RATIS_SERVER=33271, STANDALONE=40923], networkLocation: /default-rack, certSerialId: null, persistedOpState: IN_SERVICE, persistedOpStateExpiryEpochSec: 0}, ReplicationConfig: RATIS/ONE, State:CLOSED, leaderId:6822e6b6-300a-445d-9551-e629b68d3cd6, CreationTimestamp2022-10-08T01:33:57.896Z[Etc/UTC]] removed.
2022-10-08 01:34:14,667 [EventQueue-DeadNodeForDeadNodeHandler] INFO  net.NetworkTopologyImpl (NetworkTopologyImpl.java:remove(190)) - Removed a node: /default-rack/6822e6b6-300a-445d-9551-e629b68d3cd6
2022-10-08 01:34:15,013 [ReplicationMonitor] INFO  replication.LegacyReplicationManager (LegacyReplicationManager.java:handleUnderReplicatedContainer(1195)) - Container #1 is under replicated. Expected replica count is 3, but found 2.
2022-10-08 01:34:15,013 [ReplicationMonitor] INFO  replication.LegacyReplicationManager (LegacyReplicationManager.java:sendReplicateCommand(1559)) - Sending replicate container command for container #1 to datanode e9bcdf12-1da6-4530-8c75-634f54e386f5{ip: 10.1.0.61, host: fv-az180-867.g3pwtgv4ffyuhaixmbmm0kyh3d.gx.internal.cloudapp.net, ports: [REPLICATION=36317, RATIS=38361, RATIS_ADMIN=38361, RATIS_SERVER=38361, STANDALONE=36767], networkLocation: /default-rack, certSerialId: null, persistedOpState: IN_SERVICE, persistedOpStateExpiryEpochSec: 0} from datanodes [348051e8-9d7e-4807-b60e-e38d4836e670{ip: 10.1.0.61, host: fv-az180-867.g3pwtgv4ffyuhaixmbmm0kyh3d.gx.internal.cloudapp.net, ports: [REPLICATION=40287, RATIS=37667, RATIS_ADMIN=37667, RATIS_SERVER=37667, STANDALONE=35437], networkLocation: /default-rack, certSerialId: null, persistedOpState: IN_SERVICE, persistedOpStateExpiryEpochSec: 0}]
2022-10-08 01:34:15,013 [ReplicationMonitor] INFO  replication.ReplicationManager (ReplicationManager.java:processAll(324)) - Replication Monitor Thread took 1 milliseconds for processing 1 containers.
2022-10-08 01:34:16,014 [ReplicationMonitor] INFO  replication.ReplicationManager (ReplicationManager.java:processAll(324)) - Replication Monitor Thread took 0 milliseconds for processing 1 containers.
2022-10-08 01:34:16,066 [Listener at 127.0.0.1/38829] INFO  utils.BackgroundService (BackgroundService.java:shutdown(141)) - Shutting down service BlockDeletingService
2022-10-08 01:34:16,067 [Listener at 127.0.0.1/38829] INFO  utils.BackgroundService (BackgroundService.java:shutdown(141)) - Shutting down service StaleRecoveringContainerScrubbingService
2022-10-08 01:34:16,564 [Command processor thread] INFO  server.RaftServer (RaftServerProxy.java:remove(107)) - 74407c01-bc2d-4222-b781-024ddeaebfd0: remove  FOLLOWER 74407c01-bc2d-4222-b781-024ddeaebfd0@group-E300156FB220:t1, leader=6822e6b6-300a-445d-9551-e629b68d3cd6, voted=6822e6b6-300a-445d-9551-e629b68d3cd6, raftlog=74407c01-bc2d-4222-b781-024ddeaebfd0@group-E300156FB220-SegmentedRaftLog:OPENED:c8, conf=0: [74407c01-bc2d-4222-b781-024ddeaebfd0|rpc:10.1.0.61:42125|dataStream:|priority:0, 348051e8-9d7e-4807-b60e-e38d4836e670|rpc:10.1.0.61:37667|dataStream:|priority:0, 6822e6b6-300a-445d-9551-e629b68d3cd6|rpc:10.1.0.61:33271|dataStream:|priority:1], old=null RUNNING
2022-10-08 01:34:16,564 [Command processor thread] INFO  server.RaftServer$Division (RaftServerImpl.java:lambda$close$4(434)) - 74407c01-bc2d-4222-b781-024ddeaebfd0@group-E300156FB220: shutdown
2022-10-08 01:34:16,564 [Command processor thread] INFO  util.JmxRegister (JmxRegister.java:unregister(73)) - Successfully un-registered JMX Bean with object name Ratis:service=RaftServer,group=group-E300156FB220,id=74407c01-bc2d-4222-b781-024ddeaebfd0
2022-10-08 01:34:16,564 [Command processor thread] INFO  impl.RoleInfo (RoleInfo.java:shutdownFollowerState(110)) - 74407c01-bc2d-4222-b781-024ddeaebfd0: shutdown 74407c01-bc2d-4222-b781-024ddeaebfd0@group-E300156FB220-FollowerState
2022-10-08 01:34:16,564 [Command processor thread] INFO  impl.StateMachineUpdater (StateMachineUpdater.java:stopAndJoin(153)) - 74407c01-bc2d-4222-b781-024ddeaebfd0@group-E300156FB220-StateMachineUpdater: set stopIndex = 8
2022-10-08 01:34:16,564 [74407c01-bc2d-4222-b781-024ddeaebfd0@group-E300156FB220-FollowerState] INFO  impl.FollowerState (FollowerState.java:run(152)) - 74407c01-bc2d-4222-b781-024ddeaebfd0@group-E300156FB220-FollowerState was interrupted
2022-10-08 01:34:16,590 [74407c01-bc2d-4222-b781-024ddeaebfd0@group-E300156FB220-StateMachineUpdater] INFO  ratis.ContainerStateMachine (ContainerStateMachine.java:takeSnapshot(304)) - group-E300156FB220: Taking a snapshot at:(t:1, i:8) file /home/runner/work/ozone/ozone/hadoop-ozone/integration-test/target/test-dir/MiniOzoneClusterImpl-4672e814-a320-46b2-9281-7449f9d84a79/datanode-1/data/ratis/f86038f5-ec5a-4ff6-9073-e300156fb220/sm/snapshot.1_8
2022-10-08 01:34:16,599 [74407c01-bc2d-4222-b781-024ddeaebfd0@group-E300156FB220-StateMachineUpdater] INFO  ratis.ContainerStateMachine (ContainerStateMachine.java:takeSnapshot(315)) - group-E300156FB220: Finished taking a snapshot at:(t:1, i:8) file:/home/runner/work/ozone/ozone/hadoop-ozone/integration-test/target/test-dir/MiniOzoneClusterImpl-4672e814-a320-46b2-9281-7449f9d84a79/datanode-1/data/ratis/f86038f5-ec5a-4ff6-9073-e300156fb220/sm/snapshot.1_8 took: 9 ms
2022-10-08 01:34:16,600 [74407c01-bc2d-4222-b781-024ddeaebfd0@group-E300156FB220-StateMachineUpdater] INFO  impl.StateMachineUpdater (StateMachineUpdater.java:takeSnapshot(287)) - 74407c01-bc2d-4222-b781-024ddeaebfd0@group-E300156FB220-StateMachineUpdater: Took a snapshot at index 8
2022-10-08 01:34:16,600 [74407c01-bc2d-4222-b781-024ddeaebfd0@group-E300156FB220-StateMachineUpdater] INFO  impl.StateMachineUpdater (StateMachineUpdater.java:lambda$new$0(92)) - 74407c01-bc2d-4222-b781-024ddeaebfd0@group-E300156FB220-StateMachineUpdater: snapshotIndex: updateIncreasingly -1 -> 8
2022-10-08 01:34:16,600 [Command processor thread] INFO  server.RaftServer$Division (ServerState.java:close(429)) - 74407c01-bc2d-4222-b781-024ddeaebfd0@group-E300156FB220: closes. applyIndex: 8
2022-10-08 01:34:16,600 [74407c01-bc2d-4222-b781-024ddeaebfd0@group-E300156FB220-SegmentedRaftLogWorker] INFO  segmented.SegmentedRaftLogWorker (SegmentedRaftLogWorker.java:run(336)) - 74407c01-bc2d-4222-b781-024ddeaebfd0@group-E300156FB220-SegmentedRaftLogWorker was interrupted, exiting. There are 0 tasks remaining in the queue.
2022-10-08 01:34:16,600 [Command processor thread] INFO  segmented.SegmentedRaftLogWorker (SegmentedRaftLogWorker.java:close(246)) - 74407c01-bc2d-4222-b781-024ddeaebfd0@group-E300156FB220-SegmentedRaftLogWorker close()
2022-10-08 01:34:16,601 [Command processor thread] INFO  server.RaftServer$Division (RaftServerImpl.java:groupRemove(404)) - 74407c01-bc2d-4222-b781-024ddeaebfd0@group-E300156FB220: Succeed to remove RaftStorageDirectory Storage Directory /home/runner/work/ozone/ozone/hadoop-ozone/integration-test/target/test-dir/MiniOzoneClusterImpl-4672e814-a320-46b2-9281-7449f9d84a79/datanode-1/data/ratis/f86038f5-ec5a-4ff6-9073-e300156fb220
2022-10-08 01:34:16,601 [Command processor thread] INFO  commandhandler.ClosePipelineCommandHandler (ClosePipelineCommandHandler.java:handle(78)) - Close Pipeline PipelineID=f86038f5-ec5a-4ff6-9073-e300156fb220 command on datanode 74407c01-bc2d-4222-b781-024ddeaebfd0.
2022-10-08 01:34:16,615 [Command processor thread] INFO  server.RaftServer (RaftServerProxy.java:remove(107)) - 348051e8-9d7e-4807-b60e-e38d4836e670: remove  FOLLOWER 348051e8-9d7e-4807-b60e-e38d4836e670@group-E300156FB220:t1, leader=6822e6b6-300a-445d-9551-e629b68d3cd6, voted=6822e6b6-300a-445d-9551-e629b68d3cd6, raftlog=348051e8-9d7e-4807-b60e-e38d4836e670@group-E300156FB220-SegmentedRaftLog:OPENED:c8, conf=0: [74407c01-bc2d-4222-b781-024ddeaebfd0|rpc:10.1.0.61:42125|dataStream:|priority:0, 348051e8-9d7e-4807-b60e-e38d4836e670|rpc:10.1.0.61:37667|dataStream:|priority:0, 6822e6b6-300a-445d-9551-e629b68d3cd6|rpc:10.1.0.61:33271|dataStream:|priority:1], old=null RUNNING
2022-10-08 01:34:16,615 [Command processor thread] INFO  server.RaftServer$Division (RaftServerImpl.java:lambda$close$4(434)) - 348051e8-9d7e-4807-b60e-e38d4836e670@group-E300156FB220: shutdown
2022-10-08 01:34:16,616 [Command processor thread] INFO  util.JmxRegister (JmxRegister.java:unregister(73)) - Successfully un-registered JMX Bean with object name Ratis:service=RaftServer,group=group-E300156FB220,id=348051e8-9d7e-4807-b60e-e38d4836e670
2022-10-08 01:34:16,616 [Command processor thread] INFO  impl.RoleInfo (RoleInfo.java:shutdownFollowerState(110)) - 348051e8-9d7e-4807-b60e-e38d4836e670: shutdown 348051e8-9d7e-4807-b60e-e38d4836e670@group-E300156FB220-FollowerState
2022-10-08 01:34:16,616 [Command processor thread] INFO  impl.StateMachineUpdater (StateMachineUpdater.java:stopAndJoin(153)) - 348051e8-9d7e-4807-b60e-e38d4836e670@group-E300156FB220-StateMachineUpdater: set stopIndex = 8
2022-10-08 01:34:16,616 [348051e8-9d7e-4807-b60e-e38d4836e670@group-E300156FB220-StateMachineUpdater] INFO  ratis.ContainerStateMachine (ContainerStateMachine.java:takeSnapshot(304)) - group-E300156FB220: Taking a snapshot at:(t:1, i:8) file /home/runner/work/ozone/ozone/hadoop-ozone/integration-test/target/test-dir/MiniOzoneClusterImpl-4672e814-a320-46b2-9281-7449f9d84a79/datanode-2/data/ratis/f86038f5-ec5a-4ff6-9073-e300156fb220/sm/snapshot.1_8
2022-10-08 01:34:16,617 [348051e8-9d7e-4807-b60e-e38d4836e670@group-E300156FB220-FollowerState] INFO  impl.FollowerState (FollowerState.java:run(152)) - 348051e8-9d7e-4807-b60e-e38d4836e670@group-E300156FB220-FollowerState was interrupted
2022-10-08 01:34:16,622 [348051e8-9d7e-4807-b60e-e38d4836e670@group-E300156FB220-StateMachineUpdater] INFO  ratis.ContainerStateMachine (ContainerStateMachine.java:takeSnapshot(315)) - group-E300156FB220: Finished taking a snapshot at:(t:1, i:8) file:/home/runner/work/ozone/ozone/hadoop-ozone/integration-test/target/test-dir/MiniOzoneClusterImpl-4672e814-a320-46b2-9281-7449f9d84a79/datanode-2/data/ratis/f86038f5-ec5a-4ff6-9073-e300156fb220/sm/snapshot.1_8 took: 7 ms
2022-10-08 01:34:16,623 [348051e8-9d7e-4807-b60e-e38d4836e670@group-E300156FB220-StateMachineUpdater] INFO  impl.StateMachineUpdater (StateMachineUpdater.java:takeSnapshot(287)) - 348051e8-9d7e-4807-b60e-e38d4836e670@group-E300156FB220-StateMachineUpdater: Took a snapshot at index 8
2022-10-08 01:34:16,623 [348051e8-9d7e-4807-b60e-e38d4836e670@group-E300156FB220-StateMachineUpdater] INFO  impl.StateMachineUpdater (StateMachineUpdater.java:lambda$new$0(92)) - 348051e8-9d7e-4807-b60e-e38d4836e670@group-E300156FB220-StateMachineUpdater: snapshotIndex: updateIncreasingly -1 -> 8
2022-10-08 01:34:16,623 [Command processor thread] INFO  server.RaftServer$Division (ServerState.java:close(429)) - 348051e8-9d7e-4807-b60e-e38d4836e670@group-E300156FB220: closes. applyIndex: 8
2022-10-08 01:34:16,623 [348051e8-9d7e-4807-b60e-e38d4836e670@group-E300156FB220-SegmentedRaftLogWorker] INFO  segmented.SegmentedRaftLogWorker (SegmentedRaftLogWorker.java:run(336)) - 348051e8-9d7e-4807-b60e-e38d4836e670@group-E300156FB220-SegmentedRaftLogWorker was interrupted, exiting. There are 0 tasks remaining in the queue.
2022-10-08 01:34:16,623 [Command processor thread] INFO  segmented.SegmentedRaftLogWorker (SegmentedRaftLogWorker.java:close(246)) - 348051e8-9d7e-4807-b60e-e38d4836e670@group-E300156FB220-SegmentedRaftLogWorker close()
2022-10-08 01:34:16,624 [Command processor thread] INFO  server.RaftServer$Division (RaftServerImpl.java:groupRemove(404)) - 348051e8-9d7e-4807-b60e-e38d4836e670@group-E300156FB220: Succeed to remove RaftStorageDirectory Storage Directory /home/runner/work/ozone/ozone/hadoop-ozone/integration-test/target/test-dir/MiniOzoneClusterImpl-4672e814-a320-46b2-9281-7449f9d84a79/datanode-2/data/ratis/f86038f5-ec5a-4ff6-9073-e300156fb220
2022-10-08 01:34:16,624 [Command processor thread] INFO  commandhandler.ClosePipelineCommandHandler (ClosePipelineCommandHandler.java:handle(78)) - Close Pipeline PipelineID=f86038f5-ec5a-4ff6-9073-e300156fb220 command on datanode 348051e8-9d7e-4807-b60e-e38d4836e670.
2022-10-08 01:34:17,014 [ReplicationMonitor] INFO  replication.ReplicationManager (ReplicationManager.java:processAll(324)) - Replication Monitor Thread took 0 milliseconds for processing 1 containers.
2022-10-08 01:34:17,908 [ContainerReplicationThread-0] INFO  replication.DownloadAndImportReplicator (DownloadAndImportReplicator.java:replicate(105)) - Starting replication of container 1 from [348051e8-9d7e-4807-b60e-e38d4836e670{ip: 10.1.0.61, host: fv-az180-867.g3pwtgv4ffyuhaixmbmm0kyh3d.gx.internal.cloudapp.net, ports: [REPLICATION=40287, RATIS=37667, RATIS_ADMIN=37667, RATIS_SERVER=37667, STANDALONE=35437], networkLocation: /default-rack, certSerialId: null, persistedOpState: IN_SERVICE, persistedOpStateExpiryEpochSec: 0}]
2022-10-08 01:34:17,912 [grpc-default-executor-7] INFO  replication.GrpcReplicationService (GrpcReplicationService.java:download(52)) - Streaming container data (1) to other datanode
2022-10-08 01:34:17,960 [Under Replicated Processor] INFO  replication.UnderReplicatedProcessor (UnderReplicatedProcessor.java:processAll(92)) - Processed 0 under replicated containers, failed processing 0
2022-10-08 01:34:17,968 [Over Replicated Processor] INFO  replication.OverReplicatedProcessor (OverReplicatedProcessor.java:processAll(90)) - Processed 0 over replicated containers, failed processing 0
2022-10-08 01:34:18,015 [ReplicationMonitor] INFO  replication.ReplicationManager (ReplicationManager.java:processAll(324)) - Replication Monitor Thread took 0 milliseconds for processing 1 containers.
2022-10-08 01:34:18,489 [grpc-default-executor-7] INFO  replication.GrpcOutputStream (GrpcOutputStream.java:close(104)) - Sent 2120341 bytes for container 1
2022-10-08 01:34:18,496 [grpc-default-executor-7] INFO  replication.GrpcReplicationClient (GrpcReplicationClient.java:onCompleted(197)) - Container 1 is downloaded to /home/runner/work/ozone/ozone/hadoop-ozone/integration-test/target/test-dir/MiniOzoneClusterImpl-4672e814-a320-46b2-9281-7449f9d84a79/datanode-4/data/replication/work/container-1.tar.gz
2022-10-08 01:34:18,497 [ContainerReplicationThread-0] INFO  replication.DownloadAndImportReplicator (DownloadAndImportReplicator.java:replicate(117)) - Container 1 is downloaded with size 2120341, starting to import.
2022-10-08 01:34:18,575 [ContainerReplicationThread-0] INFO  replication.DownloadAndImportReplicator (DownloadAndImportReplicator.java:replicate(122)) - Container 1 is replicated successfully
2022-10-08 01:34:18,575 [ContainerReplicationThread-0] INFO  replication.ReplicationSupervisor (ReplicationSupervisor.java:run(176)) - Container 1 is replicated.
2022-10-08 01:34:19,015 [ReplicationMonitor] INFO  replication.LegacyReplicationManager (LegacyReplicationManager.java:sendCloseCommand(1512)) - Sending close container command for container #1 to datanode 74407c01-bc2d-4222-b781-024ddeaebfd0{ip: 10.1.0.61, host: fv-az180-867.g3pwtgv4ffyuhaixmbmm0kyh3d.gx.internal.cloudapp.net, ports: [REPLICATION=43711, RATIS=42125, RATIS_ADMIN=42125, RATIS_SERVER=42125, STANDALONE=37771], networkLocation: /default-rack, certSerialId: null, persistedOpState: IN_SERVICE, persistedOpStateExpiryEpochSec: 0}.
2022-10-08 01:34:19,015 [ReplicationMonitor] INFO  replication.ReplicationManager (ReplicationManager.java:processAll(324)) - Replication Monitor Thread took 0 milliseconds for processing 1 containers.
2022-10-08 01:34:19,070 [Listener at 127.0.0.1/38829] INFO  statemachine.DatanodeStateMachine (DatanodeStateMachine.java:stopDaemon(580)) - Ozone container server stopped.
2022-10-08 01:34:19,079 [Listener at 127.0.0.1/38829] INFO  handler.ContextHandler (ContextHandler.java:doStop(1153)) - Stopped o.e.j.w.WebAppContext@1391edf{hddsDatanode,/,null,STOPPED}{jar:file:/home/runner/.m2/repository/org/apache/ozone/hdds-container-service/1.3.0-SNAPSHOT/hdds-container-service-1.3.0-SNAPSHOT.jar!/webapps/hddsDatanode}
2022-10-08 01:34:19,108 [Listener at 127.0.0.1/38829] INFO  server.AbstractConnector (AbstractConnector.java:doStop(381)) - Stopped ServerConnector@b4582f{HTTP/1.1, (http/1.1)}{0.0.0.0:0}
2022-10-08 01:34:19,108 [Listener at 127.0.0.1/38829] INFO  server.session (HouseKeeper.java:stopScavenging(149)) - node0 Stopped scavenging
2022-10-08 01:34:19,108 [Listener at 127.0.0.1/38829] INFO  handler.ContextHandler (ContextHandler.java:doStop(1153)) - Stopped o.e.j.s.ServletContextHandler@6185ce52{static,/static,jar:file:/home/runner/.m2/repository/org/apache/ozone/hdds-container-service/1.3.0-SNAPSHOT/hdds-container-service-1.3.0-SNAPSHOT.jar!/webapps/static,STOPPED}
2022-10-08 01:34:19,108 [Listener at 127.0.0.1/38829] INFO  handler.ContextHandler (ContextHandler.java:doStop(1153)) - Stopped o.e.j.s.ServletContextHandler@7001847b{logs,/logs,file:///home/runner/work/ozone/ozone/hadoop-ozone/integration-test/target/log,STOPPED}
2022-10-08 01:34:19,819 [Listener at 127.0.0.1/38829] INFO  ozone.MiniOzoneClusterImpl (MiniOzoneClusterImpl.java:shutdown(448)) - Shutting down the Mini Ozone Cluster
2022-10-08 01:34:19,819 [Listener at 127.0.0.1/38829] INFO  ozone.MiniOzoneClusterImpl (MiniOzoneClusterImpl.java:stop(463)) - Stopping the Mini Ozone Cluster
2022-10-08 01:34:19,819 [Listener at 127.0.0.1/38829] INFO  ozone.MiniOzoneClusterImpl (MiniOzoneClusterImpl.java:stopOM(545)) - Stopping the OzoneManager
2022-10-08 01:34:19,820 [Listener at 127.0.0.1/38829] INFO  om.OzoneManager (OzoneManager.java:stop(2036)) - om1[localhost:0]: Stopping Ozone Manager
2022-10-08 01:34:19,820 [Listener at 127.0.0.1/38829] INFO  ipc.Server (Server.java:stop(3414)) - Stopping server on 38829
2022-10-08 01:34:19,829 [IPC Server Responder] INFO  ipc.Server (Server.java:run(1512)) - Stopping IPC Server Responder
2022-10-08 01:34:19,829 [Listener at 127.0.0.1/38829] INFO  server.RaftServer (RaftServerProxy.java:lambda$close$7(398)) - om1: close
2022-10-08 01:34:19,829 [Listener at 127.0.0.1/38829] INFO  server.RaftServer$Division (RaftServerImpl.java:lambda$close$4(434)) - om1@group-C5BA1605619E: shutdown
2022-10-08 01:34:19,830 [Listener at 127.0.0.1/38829] INFO  util.JmxRegister (JmxRegister.java:unregister(73)) - Successfully un-registered JMX Bean with object name Ratis:service=RaftServer,group=group-C5BA1605619E,id=om1
2022-10-08 01:34:19,830 [Listener at 127.0.0.1/38829] INFO  impl.RoleInfo (RoleInfo.java:shutdownLeaderState(93)) - om1: shutdown om1@group-C5BA1605619E-LeaderStateImpl
2022-10-08 01:34:19,830 [Listener at 127.0.0.1/38829] INFO  impl.PendingRequests (PendingRequests.java:sendNotLeaderResponses(282)) - om1@group-C5BA1605619E-PendingRequests: sendNotLeaderResponses
2022-10-08 01:34:19,831 [Listener at 127.0.0.1/38829] INFO  impl.StateMachineUpdater (StateMachineUpdater.java:stopAndJoin(153)) - om1@group-C5BA1605619E-StateMachineUpdater: set stopIndex = 8
2022-10-08 01:34:19,831 [om1@group-C5BA1605619E-StateMachineUpdater] INFO  ratis.OzoneManagerStateMachine (OzoneManagerStateMachine.java:takeSnapshot(441)) - Current Snapshot Index (t:1, i:8)
2022-10-08 01:34:19,831 [om1@group-C5BA1605619E-StateMachineUpdater] INFO  impl.StateMachineUpdater (StateMachineUpdater.java:takeSnapshot(287)) - om1@group-C5BA1605619E-StateMachineUpdater: Took a snapshot at index 8
2022-10-08 01:34:19,831 [om1@group-C5BA1605619E-StateMachineUpdater] INFO  impl.StateMachineUpdater (StateMachineUpdater.java:lambda$new$0(92)) - om1@group-C5BA1605619E-StateMachineUpdater: snapshotIndex: updateIncreasingly -1 -> 8
2022-10-08 01:34:19,831 [om1@group-C5BA1605619E-StateMachineUpdater] INFO  ratis.OzoneManagerStateMachine (OzoneManagerStateMachine.java:close(495)) - StateMachine has shutdown. Shutdown OzoneManager if not already shutdown.
2022-10-08 01:34:19,831 [om1@group-C5BA1605619E-StateMachineUpdater] INFO  ratis.OzoneManagerDoubleBuffer (OzoneManagerDoubleBuffer.java:stop(466)) - Stopping OMDoubleBuffer flush thread
2022-10-08 01:34:19,831 [OMDoubleBufferFlushThread] INFO  ratis.OzoneManagerDoubleBuffer (OzoneManagerDoubleBuffer.java:flushTransactions(385)) - OMDoubleBuffer flush thread OMDoubleBufferFlushThread is interrupted and will exit.
2022-10-08 01:34:19,844 [Listener at 127.0.0.1/38829] INFO  server.RaftServer$Division (ServerState.java:close(429)) - om1@group-C5BA1605619E: closes. applyIndex: 8
2022-10-08 01:34:19,844 [om1@group-C5BA1605619E-SegmentedRaftLogWorker] INFO  segmented.SegmentedRaftLogWorker (SegmentedRaftLogWorker.java:run(336)) - om1@group-C5BA1605619E-SegmentedRaftLogWorker was interrupted, exiting. There are 0 tasks remaining in the queue.
2022-10-08 01:34:19,845 [Listener at 127.0.0.1/38829] INFO  segmented.SegmentedRaftLogWorker (SegmentedRaftLogWorker.java:close(246)) - om1@group-C5BA1605619E-SegmentedRaftLogWorker close()
2022-10-08 01:34:19,845 [Listener at 127.0.0.1/38829] INFO  server.GrpcService (GrpcService.java:closeImpl(269)) - om1: shutdown server with port 9872 now
2022-10-08 01:34:19,845 [Listener at 127.0.0.1/38829] INFO  server.GrpcService (GrpcService.java:closeImpl(278)) - om1: shutdown server with port 9872 successfully
2022-10-08 01:34:19,845 [org.apache.ratis.util.JvmPauseMonitor$$Lambda$636/846962177@370adda1] INFO  util.JvmPauseMonitor (JvmPauseMonitor.java:run(109)) - JvmPauseMonitor-om1: Stopped
2022-10-08 01:34:19,845 [IPC Server listener on 0] INFO  ipc.Server (Server.java:run(1376)) - Stopping IPC Server listener on 0
2022-10-08 01:34:19,868 [Listener at 127.0.0.1/38829] INFO  ratis.OzoneManagerStateMachine (OzoneManagerStateMachine.java:close(495)) - StateMachine has shutdown. Shutdown OzoneManager if not already shutdown.
2022-10-08 01:34:19,868 [Listener at 127.0.0.1/38829] INFO  ratis.OzoneManagerDoubleBuffer (OzoneManagerDoubleBuffer.java:stop(478)) - OMDoubleBuffer flush thread is not running.
2022-10-08 01:34:19,868 [Listener at 127.0.0.1/38829] INFO  utils.BackgroundService (BackgroundService.java:shutdown(141)) - Shutting down service KeyDeletingService
2022-10-08 01:34:19,868 [Listener at 127.0.0.1/38829] INFO  utils.BackgroundService (BackgroundService.java:shutdown(141)) - Shutting down service DirectoryDeletingService
2022-10-08 01:34:19,868 [Listener at 127.0.0.1/38829] INFO  utils.BackgroundService (BackgroundService.java:shutdown(141)) - Shutting down service OpenKeyCleanupService
2022-10-08 01:34:19,869 [Listener at 127.0.0.1/38829] INFO  handler.ContextHandler (ContextHandler.java:doStop(1153)) - Stopped o.e.j.w.WebAppContext@44a6a239{ozoneManager,/,null,STOPPED}{file:/home/runner/work/ozone/ozone/hadoop-ozone/integration-test/target/test-classes/webapps/ozoneManager}
2022-10-08 01:34:19,871 [Listener at 127.0.0.1/38829] INFO  server.AbstractConnector (AbstractConnector.java:doStop(381)) - Stopped ServerConnector@3c5a97a0{HTTP/1.1, (http/1.1)}{0.0.0.0:0}
2022-10-08 01:34:19,871 [Listener at 127.0.0.1/38829] INFO  server.session (HouseKeeper.java:stopScavenging(149)) - node0 Stopped scavenging
2022-10-08 01:34:19,871 [Listener at 127.0.0.1/38829] INFO  handler.ContextHandler (ContextHandler.java:doStop(1153)) - Stopped o.e.j.s.ServletContextHandler@66013819{static,/static,file:///home/runner/work/ozone/ozone/hadoop-ozone/integration-test/target/test-classes/webapps/static,STOPPED}
2022-10-08 01:34:19,871 [Listener at 127.0.0.1/38829] INFO  handler.ContextHandler (ContextHandler.java:doStop(1153)) - Stopped o.e.j.s.ServletContextHandler@265e43ad{logs,/logs,file:///home/runner/work/ozone/ozone/hadoop-ozone/integration-test/target/log,STOPPED}
2022-10-08 01:34:19,880 [Listener at 127.0.0.1/38829] INFO  ozone.MiniOzoneClusterImpl (MiniOzoneClusterImpl.java:stopDatanodes(522)) - Stopping the HddsDatanodes
2022-10-08 01:34:20,019 [ReplicationMonitor] INFO  replication.LegacyReplicationManager (LegacyReplicationManager.java:sendCloseCommand(1512)) - Sending close container command for container #1 to datanode 74407c01-bc2d-4222-b781-024ddeaebfd0{ip: 10.1.0.61, host: fv-az180-867.g3pwtgv4ffyuhaixmbmm0kyh3d.gx.internal.cloudapp.net, ports: [REPLICATION=43711, RATIS=42125, RATIS_ADMIN=42125, RATIS_SERVER=42125, STANDALONE=37771], networkLocation: /default-rack, certSerialId: null, persistedOpState: IN_SERVICE, persistedOpStateExpiryEpochSec: 0}.
2022-10-08 01:34:20,019 [ReplicationMonitor] INFO  replication.ReplicationManager (ReplicationManager.java:processAll(324)) - Replication Monitor Thread took 0 milliseconds for processing 1 containers.
2022-10-08 01:34:21,019 [ReplicationMonitor] INFO  replication.LegacyReplicationManager (LegacyReplicationManager.java:sendCloseCommand(1512)) - Sending close container command for container #1 to datanode 74407c01-bc2d-4222-b781-024ddeaebfd0{ip: 10.1.0.61, host: fv-az180-867.g3pwtgv4ffyuhaixmbmm0kyh3d.gx.internal.cloudapp.net, ports: [REPLICATION=43711, RATIS=42125, RATIS_ADMIN=42125, RATIS_SERVER=42125, STANDALONE=37771], networkLocation: /default-rack, certSerialId: null, persistedOpState: IN_SERVICE, persistedOpStateExpiryEpochSec: 0}.
2022-10-08 01:34:21,019 [ReplicationMonitor] INFO  replication.ReplicationManager (ReplicationManager.java:processAll(324)) - Replication Monitor Thread took 1 milliseconds for processing 1 containers.
2022-10-08 01:34:22,020 [ReplicationMonitor] INFO  replication.LegacyReplicationManager (LegacyReplicationManager.java:sendCloseCommand(1512)) - Sending close container command for container #1 to datanode 74407c01-bc2d-4222-b781-024ddeaebfd0{ip: 10.1.0.61, host: fv-az180-867.g3pwtgv4ffyuhaixmbmm0kyh3d.gx.internal.cloudapp.net, ports: [REPLICATION=43711, RATIS=42125, RATIS_ADMIN=42125, RATIS_SERVER=42125, STANDALONE=37771], networkLocation: /default-rack, certSerialId: null, persistedOpState: IN_SERVICE, persistedOpStateExpiryEpochSec: 0}.
2022-10-08 01:34:22,020 [ReplicationMonitor] INFO  replication.ReplicationManager (ReplicationManager.java:processAll(324)) - Replication Monitor Thread took 0 milliseconds for processing 1 containers.
2022-10-08 01:34:22,612 [EventQueue-StaleNodeForStaleNodeHandler] INFO  node.StaleNodeHandler (StaleNodeHandler.java:onMessage(59)) - Datanode 74407c01-bc2d-4222-b781-024ddeaebfd0{ip: 10.1.0.61, host: fv-az180-867.g3pwtgv4ffyuhaixmbmm0kyh3d.gx.internal.cloudapp.net, ports: [REPLICATION=43711, RATIS=42125, RATIS_ADMIN=42125, RATIS_SERVER=42125, STANDALONE=37771], networkLocation: /default-rack, certSerialId: null, persistedOpState: IN_SERVICE, persistedOpStateExpiryEpochSec: 0} moved to stale state. Finalizing its pipelines [PipelineID=d27f2316-13a6-4261-9497-dc88fb657fd0]
2022-10-08 01:34:22,613 [EventQueue-StaleNodeForStaleNodeHandler] INFO  pipeline.PipelineManagerImpl (PipelineManagerImpl.java:closePipeline(442)) - Pipeline Pipeline[ Id: d27f2316-13a6-4261-9497-dc88fb657fd0, Nodes: 74407c01-bc2d-4222-b781-024ddeaebfd0{ip: 10.1.0.61, host: fv-az180-867.g3pwtgv4ffyuhaixmbmm0kyh3d.gx.internal.cloudapp.net, ports: [REPLICATION=43711, RATIS=42125, RATIS_ADMIN=42125, RATIS_SERVER=42125, STANDALONE=37771], networkLocation: /default-rack, certSerialId: null, persistedOpState: IN_SERVICE, persistedOpStateExpiryEpochSec: 0}, ReplicationConfig: RATIS/ONE, State:OPEN, leaderId:74407c01-bc2d-4222-b781-024ddeaebfd0, CreationTimestamp2022-10-08T01:33:58.880Z[Etc/UTC]] moved to CLOSED state
2022-10-08 01:34:22,712 [EventQueue-StaleNodeForStaleNodeHandler] INFO  node.StaleNodeHandler (StaleNodeHandler.java:onMessage(59)) - Datanode 348051e8-9d7e-4807-b60e-e38d4836e670{ip: 10.1.0.61, host: fv-az180-867.g3pwtgv4ffyuhaixmbmm0kyh3d.gx.internal.cloudapp.net, ports: [REPLICATION=40287, RATIS=37667, RATIS_ADMIN=37667, RATIS_SERVER=37667, STANDALONE=35437], networkLocation: /default-rack, certSerialId: null, persistedOpState: IN_SERVICE, persistedOpStateExpiryEpochSec: 0} moved to stale state. Finalizing its pipelines [PipelineID=ba5a9a81-b3e0-4479-abe4-dafc38f9d859]
2022-10-08 01:34:22,713 [EventQueue-StaleNodeForStaleNodeHandler] INFO  pipeline.PipelineManagerImpl (PipelineManagerImpl.java:closePipeline(442)) - Pipeline Pipeline[ Id: ba5a9a81-b3e0-4479-abe4-dafc38f9d859, Nodes: 348051e8-9d7e-4807-b60e-e38d4836e670{ip: 10.1.0.61, host: fv-az180-867.g3pwtgv4ffyuhaixmbmm0kyh3d.gx.internal.cloudapp.net, ports: [REPLICATION=40287, RATIS=37667, RATIS_ADMIN=37667, RATIS_SERVER=37667, STANDALONE=35437], networkLocation: /default-rack, certSerialId: null, persistedOpState: IN_SERVICE, persistedOpStateExpiryEpochSec: 0}, ReplicationConfig: RATIS/ONE, State:OPEN, leaderId:348051e8-9d7e-4807-b60e-e38d4836e670, CreationTimestamp2022-10-08T01:34:00.704Z[Etc/UTC]] moved to CLOSED state
2022-10-08 01:34:23,020 [ReplicationMonitor] INFO  replication.LegacyReplicationManager (LegacyReplicationManager.java:sendCloseCommand(1512)) - Sending close container command for container #1 to datanode 74407c01-bc2d-4222-b781-024ddeaebfd0{ip: 10.1.0.61, host: fv-az180-867.g3pwtgv4ffyuhaixmbmm0kyh3d.gx.internal.cloudapp.net, ports: [REPLICATION=43711, RATIS=42125, RATIS_ADMIN=42125, RATIS_SERVER=42125, STANDALONE=37771], networkLocation: /default-rack, certSerialId: null, persistedOpState: IN_SERVICE, persistedOpStateExpiryEpochSec: 0}.
2022-10-08 01:34:23,021 [ReplicationMonitor] INFO  replication.ReplicationManager (ReplicationManager.java:processAll(324)) - Replication Monitor Thread took 1 milliseconds for processing 1 containers.
2022-10-08 01:34:24,021 [ReplicationMonitor] INFO  replication.LegacyReplicationManager (LegacyReplicationManager.java:sendCloseCommand(1512)) - Sending close container command for container #1 to datanode 74407c01-bc2d-4222-b781-024ddeaebfd0{ip: 10.1.0.61, host: fv-az180-867.g3pwtgv4ffyuhaixmbmm0kyh3d.gx.internal.cloudapp.net, ports: [REPLICATION=43711, RATIS=42125, RATIS_ADMIN=42125, RATIS_SERVER=42125, STANDALONE=37771], networkLocation: /default-rack, certSerialId: null, persistedOpState: IN_SERVICE, persistedOpStateExpiryEpochSec: 0}.
2022-10-08 01:34:24,021 [ReplicationMonitor] INFO  replication.ReplicationManager (ReplicationManager.java:processAll(324)) - Replication Monitor Thread took 0 milliseconds for processing 1 containers.
2022-10-08 01:34:24,888 [ForkJoinPool.commonPool-worker-0] INFO  ozoneimpl.OzoneContainer (OzoneContainer.java:stop(400)) - Attempting to stop container services.
2022-10-08 01:34:24,888 [Listener at 127.0.0.1/38829] INFO  ozoneimpl.OzoneContainer (OzoneContainer.java:stop(400)) - Attempting to stop container services.
2022-10-08 01:34:24,888 [ForkJoinPool.commonPool-worker-0] INFO  server.RaftServer (RaftServerProxy.java:lambda$close$7(398)) - 74407c01-bc2d-4222-b781-024ddeaebfd0: close
2022-10-08 01:34:24,888 [ForkJoinPool.commonPool-worker-0] INFO  server.RaftServer$Division (RaftServerImpl.java:lambda$close$4(434)) - 74407c01-bc2d-4222-b781-024ddeaebfd0@group-DC88FB657FD0: shutdown
2022-10-08 01:34:24,889 [ForkJoinPool.commonPool-worker-0] INFO  util.JmxRegister (JmxRegister.java:unregister(73)) - Successfully un-registered JMX Bean with object name Ratis:service=RaftServer,group=group-DC88FB657FD0,id=74407c01-bc2d-4222-b781-024ddeaebfd0
2022-10-08 01:34:24,889 [ForkJoinPool.commonPool-worker-0] INFO  impl.RoleInfo (RoleInfo.java:shutdownLeaderState(93)) - 74407c01-bc2d-4222-b781-024ddeaebfd0: shutdown 74407c01-bc2d-4222-b781-024ddeaebfd0@group-DC88FB657FD0-LeaderStateImpl
2022-10-08 01:34:24,889 [ForkJoinPool.commonPool-worker-0] INFO  impl.PendingRequests (PendingRequests.java:sendNotLeaderResponses(282)) - 74407c01-bc2d-4222-b781-024ddeaebfd0@group-DC88FB657FD0-PendingRequests: sendNotLeaderResponses
2022-10-08 01:34:24,889 [ForkJoinPool.commonPool-worker-0] INFO  impl.StateMachineUpdater (StateMachineUpdater.java:stopAndJoin(153)) - 74407c01-bc2d-4222-b781-024ddeaebfd0@group-DC88FB657FD0-StateMachineUpdater: set stopIndex = 0
2022-10-08 01:34:24,908 [74407c01-bc2d-4222-b781-024ddeaebfd0@group-DC88FB657FD0-StateMachineUpdater] INFO  ratis.ContainerStateMachine (ContainerStateMachine.java:takeSnapshot(304)) - group-DC88FB657FD0: Taking a snapshot at:(t:1, i:0) file /home/runner/work/ozone/ozone/hadoop-ozone/integration-test/target/test-dir/MiniOzoneClusterImpl-4672e814-a320-46b2-9281-7449f9d84a79/datanode-1/data/ratis/d27f2316-13a6-4261-9497-dc88fb657fd0/sm/snapshot.1_0
2022-10-08 01:34:24,909 [Listener at 127.0.0.1/38829] INFO  server.RaftServer (RaftServerProxy.java:lambda$close$7(398)) - 348051e8-9d7e-4807-b60e-e38d4836e670: close
2022-10-08 01:34:24,910 [Listener at 127.0.0.1/38829] INFO  server.RaftServer$Division (RaftServerImpl.java:lambda$close$4(434)) - 348051e8-9d7e-4807-b60e-e38d4836e670@group-DAFC38F9D859: shutdown
2022-10-08 01:34:24,910 [Listener at 127.0.0.1/38829] INFO  util.JmxRegister (JmxRegister.java:unregister(73)) - Successfully un-registered JMX Bean with object name Ratis:service=RaftServer,group=group-DAFC38F9D859,id=348051e8-9d7e-4807-b60e-e38d4836e670
2022-10-08 01:34:24,910 [Listener at 127.0.0.1/38829] INFO  impl.RoleInfo (RoleInfo.java:shutdownLeaderState(93)) - 348051e8-9d7e-4807-b60e-e38d4836e670: shutdown 348051e8-9d7e-4807-b60e-e38d4836e670@group-DAFC38F9D859-LeaderStateImpl
2022-10-08 01:34:24,910 [Listener at 127.0.0.1/38829] INFO  impl.PendingRequests (PendingRequests.java:sendNotLeaderResponses(282)) - 348051e8-9d7e-4807-b60e-e38d4836e670@group-DAFC38F9D859-PendingRequests: sendNotLeaderResponses
2022-10-08 01:34:24,911 [Listener at 127.0.0.1/38829] INFO  impl.StateMachineUpdater (StateMachineUpdater.java:stopAndJoin(153)) - 348051e8-9d7e-4807-b60e-e38d4836e670@group-DAFC38F9D859-StateMachineUpdater: set stopIndex = 0
2022-10-08 01:34:24,911 [348051e8-9d7e-4807-b60e-e38d4836e670@group-DAFC38F9D859-StateMachineUpdater] INFO  ratis.ContainerStateMachine (ContainerStateMachine.java:takeSnapshot(304)) - group-DAFC38F9D859: Taking a snapshot at:(t:1, i:0) file /home/runner/work/ozone/ozone/hadoop-ozone/integration-test/target/test-dir/MiniOzoneClusterImpl-4672e814-a320-46b2-9281-7449f9d84a79/datanode-2/data/ratis/ba5a9a81-b3e0-4479-abe4-dafc38f9d859/sm/snapshot.1_0
2022-10-08 01:34:24,922 [74407c01-bc2d-4222-b781-024ddeaebfd0@group-DC88FB657FD0-StateMachineUpdater] INFO  ratis.ContainerStateMachine (ContainerStateMachine.java:takeSnapshot(315)) - group-DC88FB657FD0: Finished taking a snapshot at:(t:1, i:0) file:/home/runner/work/ozone/ozone/hadoop-ozone/integration-test/target/test-dir/MiniOzoneClusterImpl-4672e814-a320-46b2-9281-7449f9d84a79/datanode-1/data/ratis/d27f2316-13a6-4261-9497-dc88fb657fd0/sm/snapshot.1_0 took: 14 ms
2022-10-08 01:34:24,922 [74407c01-bc2d-4222-b781-024ddeaebfd0@group-DC88FB657FD0-StateMachineUpdater] INFO  impl.StateMachineUpdater (StateMachineUpdater.java:takeSnapshot(287)) - 74407c01-bc2d-4222-b781-024ddeaebfd0@group-DC88FB657FD0-StateMachineUpdater: Took a snapshot at index 0
2022-10-08 01:34:24,922 [74407c01-bc2d-4222-b781-024ddeaebfd0@group-DC88FB657FD0-StateMachineUpdater] INFO  impl.StateMachineUpdater (StateMachineUpdater.java:lambda$new$0(92)) - 74407c01-bc2d-4222-b781-024ddeaebfd0@group-DC88FB657FD0-StateMachineUpdater: snapshotIndex: updateIncreasingly -1 -> 0
2022-10-08 01:34:24,923 [ForkJoinPool.commonPool-worker-0] INFO  server.RaftServer$Division (ServerState.java:close(429)) - 74407c01-bc2d-4222-b781-024ddeaebfd0@group-DC88FB657FD0: closes. applyIndex: 0
2022-10-08 01:34:24,923 [74407c01-bc2d-4222-b781-024ddeaebfd0@group-DC88FB657FD0-SegmentedRaftLogWorker] INFO  segmented.SegmentedRaftLogWorker (SegmentedRaftLogWorker.java:run(336)) - 74407c01-bc2d-4222-b781-024ddeaebfd0@group-DC88FB657FD0-SegmentedRaftLogWorker was interrupted, exiting. There are 0 tasks remaining in the queue.
2022-10-08 01:34:24,923 [ForkJoinPool.commonPool-worker-0] INFO  segmented.SegmentedRaftLogWorker (SegmentedRaftLogWorker.java:close(246)) - 74407c01-bc2d-4222-b781-024ddeaebfd0@group-DC88FB657FD0-SegmentedRaftLogWorker close()
2022-10-08 01:34:24,923 [ForkJoinPool.commonPool-worker-0] INFO  server.GrpcService (GrpcService.java:closeImpl(269)) - 74407c01-bc2d-4222-b781-024ddeaebfd0: shutdown server with port 42125 now
2022-10-08 01:34:24,929 [348051e8-9d7e-4807-b60e-e38d4836e670@group-DAFC38F9D859-StateMachineUpdater] INFO  ratis.ContainerStateMachine (ContainerStateMachine.java:takeSnapshot(315)) - group-DAFC38F9D859: Finished taking a snapshot at:(t:1, i:0) file:/home/runner/work/ozone/ozone/hadoop-ozone/integration-test/target/test-dir/MiniOzoneClusterImpl-4672e814-a320-46b2-9281-7449f9d84a79/datanode-2/data/ratis/ba5a9a81-b3e0-4479-abe4-dafc38f9d859/sm/snapshot.1_0 took: 18 ms
2022-10-08 01:34:24,929 [348051e8-9d7e-4807-b60e-e38d4836e670@group-DAFC38F9D859-StateMachineUpdater] INFO  impl.StateMachineUpdater (StateMachineUpdater.java:takeSnapshot(287)) - 348051e8-9d7e-4807-b60e-e38d4836e670@group-DAFC38F9D859-StateMachineUpdater: Took a snapshot at index 0
2022-10-08 01:34:24,929 [348051e8-9d7e-4807-b60e-e38d4836e670@group-DAFC38F9D859-StateMachineUpdater] INFO  impl.StateMachineUpdater (StateMachineUpdater.java:lambda$new$0(92)) - 348051e8-9d7e-4807-b60e-e38d4836e670@group-DAFC38F9D859-StateMachineUpdater: snapshotIndex: updateIncreasingly -1 -> 0
2022-10-08 01:34:24,930 [Listener at 127.0.0.1/38829] INFO  server.RaftServer$Division (ServerState.java:close(429)) - 348051e8-9d7e-4807-b60e-e38d4836e670@group-DAFC38F9D859: closes. applyIndex: 0
2022-10-08 01:34:24,930 [348051e8-9d7e-4807-b60e-e38d4836e670@group-DAFC38F9D859-SegmentedRaftLogWorker] INFO  segmented.SegmentedRaftLogWorker (SegmentedRaftLogWorker.java:run(336)) - 348051e8-9d7e-4807-b60e-e38d4836e670@group-DAFC38F9D859-SegmentedRaftLogWorker was interrupted, exiting. There are 0 tasks remaining in the queue.
2022-10-08 01:34:24,932 [Listener at 127.0.0.1/38829] INFO  segmented.SegmentedRaftLogWorker (SegmentedRaftLogWorker.java:close(246)) - 348051e8-9d7e-4807-b60e-e38d4836e670@group-DAFC38F9D859-SegmentedRaftLogWorker close()
2022-10-08 01:34:24,932 [Listener at 127.0.0.1/38829] INFO  server.GrpcService (GrpcService.java:closeImpl(269)) - 348051e8-9d7e-4807-b60e-e38d4836e670: shutdown server with port 37667 now
2022-10-08 01:34:24,938 [ForkJoinPool.commonPool-worker-0] INFO  server.GrpcService (GrpcService.java:closeImpl(278)) - 74407c01-bc2d-4222-b781-024ddeaebfd0: shutdown server with port 42125 successfully
2022-10-08 01:34:24,938 [org.apache.ratis.util.JvmPauseMonitor$$Lambda$636/846962177@7db1857b] INFO  util.JvmPauseMonitor (JvmPauseMonitor.java:run(109)) - JvmPauseMonitor-74407c01-bc2d-4222-b781-024ddeaebfd0: Stopped
2022-10-08 01:34:24,964 [Listener at 127.0.0.1/38829] INFO  server.GrpcService (GrpcService.java:closeImpl(278)) - 348051e8-9d7e-4807-b60e-e38d4836e670: shutdown server with port 37667 successfully
2022-10-08 01:34:24,964 [org.apache.ratis.util.JvmPauseMonitor$$Lambda$636/846962177@988a217] INFO  util.JvmPauseMonitor (JvmPauseMonitor.java:run(109)) - JvmPauseMonitor-348051e8-9d7e-4807-b60e-e38d4836e670: Stopped
2022-10-08 01:34:25,021 [ReplicationMonitor] INFO  replication.LegacyReplicationManager (LegacyReplicationManager.java:sendCloseCommand(1512)) - Sending close container command for container #1 to datanode 74407c01-bc2d-4222-b781-024ddeaebfd0{ip: 10.1.0.61, host: fv-az180-867.g3pwtgv4ffyuhaixmbmm0kyh3d.gx.internal.cloudapp.net, ports: [REPLICATION=43711, RATIS=42125, RATIS_ADMIN=42125, RATIS_SERVER=42125, STANDALONE=37771], networkLocation: /default-rack, certSerialId: null, persistedOpState: IN_SERVICE, persistedOpStateExpiryEpochSec: 0}.
2022-10-08 01:34:25,022 [ReplicationMonitor] INFO  replication.ReplicationManager (ReplicationManager.java:processAll(324)) - Replication Monitor Thread took 1 milliseconds for processing 1 containers.
2022-10-08 01:34:25,621 [EventQueue-DeadNodeForDeadNodeHandler] INFO  node.DeadNodeHandler (DeadNodeHandler.java:onMessage(81)) - A dead datanode is detected. 348051e8-9d7e-4807-b60e-e38d4836e670{ip: 10.1.0.61, host: fv-az180-867.g3pwtgv4ffyuhaixmbmm0kyh3d.gx.internal.cloudapp.net, ports: [REPLICATION=40287, RATIS=37667, RATIS_ADMIN=37667, RATIS_SERVER=37667, STANDALONE=35437], networkLocation: /default-rack, certSerialId: null, persistedOpState: IN_SERVICE, persistedOpStateExpiryEpochSec: 0}
2022-10-08 01:34:25,621 [EventQueue-DeadNodeForDeadNodeHandler] INFO  pipeline.RatisPipelineProvider (RatisPipelineProvider.java:lambda$close$1(244)) - Send pipeline:PipelineID=ba5a9a81-b3e0-4479-abe4-dafc38f9d859 close command to datanode 348051e8-9d7e-4807-b60e-e38d4836e670
2022-10-08 01:34:25,621 [EventQueue-DeadNodeForDeadNodeHandler] INFO  pipeline.PipelineStateManagerImpl (PipelineStateManagerImpl.java:removePipeline(245)) - Pipeline Pipeline[ Id: ba5a9a81-b3e0-4479-abe4-dafc38f9d859, Nodes: 348051e8-9d7e-4807-b60e-e38d4836e670{ip: 10.1.0.61, host: fv-az180-867.g3pwtgv4ffyuhaixmbmm0kyh3d.gx.internal.cloudapp.net, ports: [REPLICATION=40287, RATIS=37667, RATIS_ADMIN=37667, RATIS_SERVER=37667, STANDALONE=35437], networkLocation: /default-rack, certSerialId: null, persistedOpState: IN_SERVICE, persistedOpStateExpiryEpochSec: 0}, ReplicationConfig: RATIS/ONE, State:CLOSED, leaderId:348051e8-9d7e-4807-b60e-e38d4836e670, CreationTimestamp2022-10-08T01:34:00.704Z[Etc/UTC]] removed.
2022-10-08 01:34:25,621 [EventQueue-DeadNodeForDeadNodeHandler] INFO  net.NetworkTopologyImpl (NetworkTopologyImpl.java:remove(190)) - Removed a node: /default-rack/348051e8-9d7e-4807-b60e-e38d4836e670
2022-10-08 01:34:25,621 [EventQueue-DeadNodeForDeadNodeHandler] INFO  node.DeadNodeHandler (DeadNodeHandler.java:onMessage(81)) - A dead datanode is detected. 74407c01-bc2d-4222-b781-024ddeaebfd0{ip: 10.1.0.61, host: fv-az180-867.g3pwtgv4ffyuhaixmbmm0kyh3d.gx.internal.cloudapp.net, ports: [REPLICATION=43711, RATIS=42125, RATIS_ADMIN=42125, RATIS_SERVER=42125, STANDALONE=37771], networkLocation: /default-rack, certSerialId: null, persistedOpState: IN_SERVICE, persistedOpStateExpiryEpochSec: 0}
2022-10-08 01:34:25,622 [EventQueue-DeadNodeForDeadNodeHandler] INFO  pipeline.RatisPipelineProvider (RatisPipelineProvider.java:lambda$close$1(244)) - Send pipeline:PipelineID=d27f2316-13a6-4261-9497-dc88fb657fd0 close command to datanode 74407c01-bc2d-4222-b781-024ddeaebfd0
2022-10-08 01:34:25,622 [EventQueue-DeadNodeForDeadNodeHandler] INFO  pipeline.PipelineStateManagerImpl (PipelineStateManagerImpl.java:removePipeline(245)) - Pipeline Pipeline[ Id: d27f2316-13a6-4261-9497-dc88fb657fd0, Nodes: 74407c01-bc2d-4222-b781-024ddeaebfd0{ip: 10.1.0.61, host: fv-az180-867.g3pwtgv4ffyuhaixmbmm0kyh3d.gx.internal.cloudapp.net, ports: [REPLICATION=43711, RATIS=42125, RATIS_ADMIN=42125, RATIS_SERVER=42125, STANDALONE=37771], networkLocation: /default-rack, certSerialId: null, persistedOpState: IN_SERVICE, persistedOpStateExpiryEpochSec: 0}, ReplicationConfig: RATIS/ONE, State:CLOSED, leaderId:74407c01-bc2d-4222-b781-024ddeaebfd0, CreationTimestamp2022-10-08T01:33:58.880Z[Etc/UTC]] removed.
2022-10-08 01:34:25,622 [EventQueue-DeadNodeForDeadNodeHandler] INFO  net.NetworkTopologyImpl (NetworkTopologyImpl.java:remove(190)) - Removed a node: /default-rack/74407c01-bc2d-4222-b781-024ddeaebfd0
2022-10-08 01:34:26,024 [ReplicationMonitor] ERROR scm.SCMCommonPlacementPolicy (SCMCommonPlacementPolicy.java:chooseDatanodesInternal(217)) - Not enough healthy nodes to allocate container. 2  datanodes required. Found 1
2022-10-08 01:34:26,024 [ReplicationMonitor] WARN  replication.LegacyReplicationManager (LegacyReplicationManager.java:handleUnderReplicatedContainer(1228)) - Exception while replicating container 1.
org.apache.hadoop.hdds.scm.exceptions.SCMException: Not enough healthy nodes to allocate container. 2  datanodes required. Found 1
	at org.apache.hadoop.hdds.scm.SCMCommonPlacementPolicy.chooseDatanodesInternal(SCMCommonPlacementPolicy.java:218)
	at org.apache.hadoop.hdds.scm.container.placement.algorithms.SCMContainerPlacementRandom.chooseDatanodesInternal(SCMContainerPlacementRandom.java:81)
	at org.apache.hadoop.hdds.scm.SCMCommonPlacementPolicy.chooseDatanodes(SCMCommonPlacementPolicy.java:175)
	at org.apache.hadoop.hdds.scm.SCMCommonPlacementPolicy.chooseDatanodes(SCMCommonPlacementPolicy.java:117)
	at org.apache.hadoop.hdds.scm.container.replication.LegacyReplicationManager.handleUnderReplicatedContainer(LegacyReplicationManager.java:1192)
	at org.apache.hadoop.hdds.scm.container.replication.LegacyReplicationManager.processContainer(LegacyReplicationManager.java:539)
	at org.apache.hadoop.hdds.scm.container.replication.ReplicationManager.processAll(ReplicationManager.java:306)
	at org.apache.hadoop.hdds.scm.container.replication.ReplicationManager.run(ReplicationManager.java:504)
	at java.lang.Thread.run(Thread.java:750)
2022-10-08 01:34:26,024 [ReplicationMonitor] INFO  replication.ReplicationManager (ReplicationManager.java:processAll(324)) - Replication Monitor Thread took 0 milliseconds for processing 1 containers.
2022-10-08 01:34:27,025 [ReplicationMonitor] ERROR scm.SCMCommonPlacementPolicy (SCMCommonPlacementPolicy.java:chooseDatanodesInternal(217)) - Not enough healthy nodes to allocate container. 2  datanodes required. Found 1
2022-10-08 01:34:27,025 [ReplicationMonitor] WARN  replication.LegacyReplicationManager (LegacyReplicationManager.java:handleUnderReplicatedContainer(1228)) - Exception while replicating container 1.
org.apache.hadoop.hdds.scm.exceptions.SCMException: Not enough healthy nodes to allocate container. 2  datanodes required. Found 1
	at org.apache.hadoop.hdds.scm.SCMCommonPlacementPolicy.chooseDatanodesInternal(SCMCommonPlacementPolicy.java:218)
	at org.apache.hadoop.hdds.scm.container.placement.algorithms.SCMContainerPlacementRandom.chooseDatanodesInternal(SCMContainerPlacementRandom.java:81)
	at org.apache.hadoop.hdds.scm.SCMCommonPlacementPolicy.chooseDatanodes(SCMCommonPlacementPolicy.java:175)
	at org.apache.hadoop.hdds.scm.SCMCommonPlacementPolicy.chooseDatanodes(SCMCommonPlacementPolicy.java:117)
	at org.apache.hadoop.hdds.scm.container.replication.LegacyReplicationManager.handleUnderReplicatedContainer(LegacyReplicationManager.java:1192)
	at org.apache.hadoop.hdds.scm.container.replication.LegacyReplicationManager.processContainer(LegacyReplicationManager.java:539)
	at org.apache.hadoop.hdds.scm.container.replication.ReplicationManager.processAll(ReplicationManager.java:306)
	at org.apache.hadoop.hdds.scm.container.replication.ReplicationManager.run(ReplicationManager.java:504)
	at java.lang.Thread.run(Thread.java:750)
2022-10-08 01:34:27,025 [ReplicationMonitor] INFO  replication.ReplicationManager (ReplicationManager.java:processAll(324)) - Replication Monitor Thread took 0 milliseconds for processing 1 containers.
2022-10-08 01:34:27,052 [Listener at 127.0.0.1/38829] INFO  utils.BackgroundService (BackgroundService.java:shutdown(141)) - Shutting down service BlockDeletingService
2022-10-08 01:34:27,077 [ForkJoinPool.commonPool-worker-0] INFO  utils.BackgroundService (BackgroundService.java:shutdown(141)) - Shutting down service BlockDeletingService
2022-10-08 01:34:27,080 [Listener at 127.0.0.1/38829] INFO  utils.BackgroundService (BackgroundService.java:shutdown(141)) - Shutting down service StaleRecoveringContainerScrubbingService
2022-10-08 01:34:27,080 [ForkJoinPool.commonPool-worker-0] INFO  utils.BackgroundService (BackgroundService.java:shutdown(141)) - Shutting down service StaleRecoveringContainerScrubbingService
2022-10-08 01:34:28,025 [ReplicationMonitor] ERROR scm.SCMCommonPlacementPolicy (SCMCommonPlacementPolicy.java:chooseDatanodesInternal(217)) - Not enough healthy nodes to allocate container. 2  datanodes required. Found 1
2022-10-08 01:34:28,026 [ReplicationMonitor] WARN  replication.LegacyReplicationManager (LegacyReplicationManager.java:handleUnderReplicatedContainer(1228)) - Exception while replicating container 1.
org.apache.hadoop.hdds.scm.exceptions.SCMException: Not enough healthy nodes to allocate container. 2  datanodes required. Found 1
	at org.apache.hadoop.hdds.scm.SCMCommonPlacementPolicy.chooseDatanodesInternal(SCMCommonPlacementPolicy.java:218)
	at org.apache.hadoop.hdds.scm.container.placement.algorithms.SCMContainerPlacementRandom.chooseDatanodesInternal(SCMContainerPlacementRandom.java:81)
	at org.apache.hadoop.hdds.scm.SCMCommonPlacementPolicy.chooseDatanodes(SCMCommonPlacementPolicy.java:175)
	at org.apache.hadoop.hdds.scm.SCMCommonPlacementPolicy.chooseDatanodes(SCMCommonPlacementPolicy.java:117)
	at org.apache.hadoop.hdds.scm.container.replication.LegacyReplicationManager.handleUnderReplicatedContainer(LegacyReplicationManager.java:1192)
	at org.apache.hadoop.hdds.scm.container.replication.LegacyReplicationManager.processContainer(LegacyReplicationManager.java:539)
	at org.apache.hadoop.hdds.scm.container.replication.ReplicationManager.processAll(ReplicationManager.java:306)
	at org.apache.hadoop.hdds.scm.container.replication.ReplicationManager.run(ReplicationManager.java:504)
	at java.lang.Thread.run(Thread.java:750)
2022-10-08 01:34:28,026 [ReplicationMonitor] INFO  replication.ReplicationManager (ReplicationManager.java:processAll(324)) - Replication Monitor Thread took 1 milliseconds for processing 1 containers.
2022-10-08 01:34:29,026 [ReplicationMonitor] ERROR scm.SCMCommonPlacementPolicy (SCMCommonPlacementPolicy.java:chooseDatanodesInternal(217)) - Not enough healthy nodes to allocate container. 2  datanodes required. Found 1
2022-10-08 01:34:29,026 [ReplicationMonitor] WARN  replication.LegacyReplicationManager (LegacyReplicationManager.java:handleUnderReplicatedContainer(1228)) - Exception while replicating container 1.
org.apache.hadoop.hdds.scm.exceptions.SCMException: Not enough healthy nodes to allocate container. 2  datanodes required. Found 1
	at org.apache.hadoop.hdds.scm.SCMCommonPlacementPolicy.chooseDatanodesInternal(SCMCommonPlacementPolicy.java:218)
	at org.apache.hadoop.hdds.scm.container.placement.algorithms.SCMContainerPlacementRandom.chooseDatanodesInternal(SCMContainerPlacementRandom.java:81)
	at org.apache.hadoop.hdds.scm.SCMCommonPlacementPolicy.chooseDatanodes(SCMCommonPlacementPolicy.java:175)
	at org.apache.hadoop.hdds.scm.SCMCommonPlacementPolicy.chooseDatanodes(SCMCommonPlacementPolicy.java:117)
	at org.apache.hadoop.hdds.scm.container.replication.LegacyReplicationManager.handleUnderReplicatedContainer(LegacyReplicationManager.java:1192)
	at org.apache.hadoop.hdds.scm.container.replication.LegacyReplicationManager.processContainer(LegacyReplicationManager.java:539)
	at org.apache.hadoop.hdds.scm.container.replication.ReplicationManager.processAll(ReplicationManager.java:306)
	at org.apache.hadoop.hdds.scm.container.replication.ReplicationManager.run(ReplicationManager.java:504)
	at java.lang.Thread.run(Thread.java:750)
2022-10-08 01:34:29,027 [ReplicationMonitor] INFO  replication.ReplicationManager (ReplicationManager.java:processAll(324)) - Replication Monitor Thread took 1 milliseconds for processing 1 containers.
2022-10-08 01:34:30,027 [ReplicationMonitor] ERROR scm.SCMCommonPlacementPolicy (SCMCommonPlacementPolicy.java:chooseDatanodesInternal(217)) - Not enough healthy nodes to allocate container. 2  datanodes required. Found 1
2022-10-08 01:34:30,027 [ReplicationMonitor] WARN  replication.LegacyReplicationManager (LegacyReplicationManager.java:handleUnderReplicatedContainer(1228)) - Exception while replicating container 1.
org.apache.hadoop.hdds.scm.exceptions.SCMException: Not enough healthy nodes to allocate container. 2  datanodes required. Found 1
	at org.apache.hadoop.hdds.scm.SCMCommonPlacementPolicy.chooseDatanodesInternal(SCMCommonPlacementPolicy.java:218)
	at org.apache.hadoop.hdds.scm.container.placement.algorithms.SCMContainerPlacementRandom.chooseDatanodesInternal(SCMContainerPlacementRandom.java:81)
	at org.apache.hadoop.hdds.scm.SCMCommonPlacementPolicy.chooseDatanodes(SCMCommonPlacementPolicy.java:175)
	at org.apache.hadoop.hdds.scm.SCMCommonPlacementPolicy.chooseDatanodes(SCMCommonPlacementPolicy.java:117)
	at org.apache.hadoop.hdds.scm.container.replication.LegacyReplicationManager.handleUnderReplicatedContainer(LegacyReplicationManager.java:1192)
	at org.apache.hadoop.hdds.scm.container.replication.LegacyReplicationManager.processContainer(LegacyReplicationManager.java:539)
	at org.apache.hadoop.hdds.scm.container.replication.ReplicationManager.processAll(ReplicationManager.java:306)
	at org.apache.hadoop.hdds.scm.container.replication.ReplicationManager.run(ReplicationManager.java:504)
	at java.lang.Thread.run(Thread.java:750)
2022-10-08 01:34:30,027 [ReplicationMonitor] INFO  replication.ReplicationManager (ReplicationManager.java:processAll(324)) - Replication Monitor Thread took 0 milliseconds for processing 1 containers.
2022-10-08 01:34:30,085 [Listener at 127.0.0.1/38829] INFO  statemachine.DatanodeStateMachine (DatanodeStateMachine.java:stopDaemon(580)) - Ozone container server stopped.
2022-10-08 01:34:30,092 [ForkJoinPool.commonPool-worker-0] INFO  statemachine.DatanodeStateMachine (DatanodeStateMachine.java:stopDaemon(580)) - Ozone container server stopped.
2022-10-08 01:34:30,138 [Listener at 127.0.0.1/38829] INFO  handler.ContextHandler (ContextHandler.java:doStop(1153)) - Stopped o.e.j.w.WebAppContext@8313775{hddsDatanode,/,null,STOPPED}{jar:file:/home/runner/.m2/repository/org/apache/ozone/hdds-container-service/1.3.0-SNAPSHOT/hdds-container-service-1.3.0-SNAPSHOT.jar!/webapps/hddsDatanode}
2022-10-08 01:34:30,138 [ForkJoinPool.commonPool-worker-0] INFO  handler.ContextHandler (ContextHandler.java:doStop(1153)) - Stopped o.e.j.w.WebAppContext@1e588b74{hddsDatanode,/,null,STOPPED}{jar:file:/home/runner/.m2/repository/org/apache/ozone/hdds-container-service/1.3.0-SNAPSHOT/hdds-container-service-1.3.0-SNAPSHOT.jar!/webapps/hddsDatanode}
2022-10-08 01:34:30,139 [ForkJoinPool.commonPool-worker-0] INFO  server.AbstractConnector (AbstractConnector.java:doStop(381)) - Stopped ServerConnector@4e959899{HTTP/1.1, (http/1.1)}{0.0.0.0:0}
2022-10-08 01:34:30,139 [ForkJoinPool.commonPool-worker-0] INFO  server.session (HouseKeeper.java:stopScavenging(149)) - node0 Stopped scavenging
2022-10-08 01:34:30,168 [Listener at 127.0.0.1/38829] INFO  server.AbstractConnector (AbstractConnector.java:doStop(381)) - Stopped ServerConnector@65d47035{HTTP/1.1, (http/1.1)}{0.0.0.0:0}
2022-10-08 01:34:30,168 [Listener at 127.0.0.1/38829] INFO  server.session (HouseKeeper.java:stopScavenging(149)) - node0 Stopped scavenging
2022-10-08 01:34:30,168 [Listener at 127.0.0.1/38829] INFO  handler.ContextHandler (ContextHandler.java:doStop(1153)) - Stopped o.e.j.s.ServletContextHandler@79a56f5{static,/static,jar:file:/home/runner/.m2/repository/org/apache/ozone/hdds-container-service/1.3.0-SNAPSHOT/hdds-container-service-1.3.0-SNAPSHOT.jar!/webapps/static,STOPPED}
2022-10-08 01:34:30,169 [Listener at 127.0.0.1/38829] INFO  handler.ContextHandler (ContextHandler.java:doStop(1153)) - Stopped o.e.j.s.ServletContextHandler@f211180{logs,/logs,file:///home/runner/work/ozone/ozone/hadoop-ozone/integration-test/target/log,STOPPED}
2022-10-08 01:34:30,169 [ForkJoinPool.commonPool-worker-0] INFO  handler.ContextHandler (ContextHandler.java:doStop(1153)) - Stopped o.e.j.s.ServletContextHandler@a3d801f{static,/static,jar:file:/home/runner/.m2/repository/org/apache/ozone/hdds-container-service/1.3.0-SNAPSHOT/hdds-container-service-1.3.0-SNAPSHOT.jar!/webapps/static,STOPPED}
2022-10-08 01:34:30,208 [ForkJoinPool.commonPool-worker-0] INFO  handler.ContextHandler (ContextHandler.java:doStop(1153)) - Stopped o.e.j.s.ServletContextHandler@51fd7d59{logs,/logs,file:///home/runner/work/ozone/ozone/hadoop-ozone/integration-test/target/log,STOPPED}
2022-10-08 01:34:31,028 [ReplicationMonitor] ERROR scm.SCMCommonPlacementPolicy (SCMCommonPlacementPolicy.java:chooseDatanodesInternal(217)) - Not enough healthy nodes to allocate container. 2  datanodes required. Found 1
2022-10-08 01:34:31,028 [ReplicationMonitor] WARN  replication.LegacyReplicationManager (LegacyReplicationManager.java:handleUnderReplicatedContainer(1228)) - Exception while replicating container 1.
org.apache.hadoop.hdds.scm.exceptions.SCMException: Not enough healthy nodes to allocate container. 2  datanodes required. Found 1
	at org.apache.hadoop.hdds.scm.SCMCommonPlacementPolicy.chooseDatanodesInternal(SCMCommonPlacementPolicy.java:218)
	at org.apache.hadoop.hdds.scm.container.placement.algorithms.SCMContainerPlacementRandom.chooseDatanodesInternal(SCMContainerPlacementRandom.java:81)
	at org.apache.hadoop.hdds.scm.SCMCommonPlacementPolicy.chooseDatanodes(SCMCommonPlacementPolicy.java:175)
	at org.apache.hadoop.hdds.scm.SCMCommonPlacementPolicy.chooseDatanodes(SCMCommonPlacementPolicy.java:117)
	at org.apache.hadoop.hdds.scm.container.replication.LegacyReplicationManager.handleUnderReplicatedContainer(LegacyReplicationManager.java:1192)
	at org.apache.hadoop.hdds.scm.container.replication.LegacyReplicationManager.processContainer(LegacyReplicationManager.java:539)
	at org.apache.hadoop.hdds.scm.container.replication.ReplicationManager.processAll(ReplicationManager.java:306)
	at org.apache.hadoop.hdds.scm.container.replication.ReplicationManager.run(ReplicationManager.java:504)
	at java.lang.Thread.run(Thread.java:750)
2022-10-08 01:34:31,028 [ReplicationMonitor] INFO  replication.ReplicationManager (ReplicationManager.java:processAll(324)) - Replication Monitor Thread took 0 milliseconds for processing 1 containers.
2022-10-08 01:34:32,029 [ReplicationMonitor] ERROR scm.SCMCommonPlacementPolicy (SCMCommonPlacementPolicy.java:chooseDatanodesInternal(217)) - Not enough healthy nodes to allocate container. 2  datanodes required. Found 1
2022-10-08 01:34:32,029 [ReplicationMonitor] WARN  replication.LegacyReplicationManager (LegacyReplicationManager.java:handleUnderReplicatedContainer(1228)) - Exception while replicating container 1.
org.apache.hadoop.hdds.scm.exceptions.SCMException: Not enough healthy nodes to allocate container. 2  datanodes required. Found 1
	at org.apache.hadoop.hdds.scm.SCMCommonPlacementPolicy.chooseDatanodesInternal(SCMCommonPlacementPolicy.java:218)
	at org.apache.hadoop.hdds.scm.container.placement.algorithms.SCMContainerPlacementRandom.chooseDatanodesInternal(SCMContainerPlacementRandom.java:81)
	at org.apache.hadoop.hdds.scm.SCMCommonPlacementPolicy.chooseDatanodes(SCMCommonPlacementPolicy.java:175)
	at org.apache.hadoop.hdds.scm.SCMCommonPlacementPolicy.chooseDatanodes(SCMCommonPlacementPolicy.java:117)
	at org.apache.hadoop.hdds.scm.container.replication.LegacyReplicationManager.handleUnderReplicatedContainer(LegacyReplicationManager.java:1192)
	at org.apache.hadoop.hdds.scm.container.replication.LegacyReplicationManager.processContainer(LegacyReplicationManager.java:539)
	at org.apache.hadoop.hdds.scm.container.replication.ReplicationManager.processAll(ReplicationManager.java:306)
	at org.apache.hadoop.hdds.scm.container.replication.ReplicationManager.run(ReplicationManager.java:504)
	at java.lang.Thread.run(Thread.java:750)
2022-10-08 01:34:32,029 [ReplicationMonitor] INFO  replication.ReplicationManager (ReplicationManager.java:processAll(324)) - Replication Monitor Thread took 0 milliseconds for processing 1 containers.
2022-10-08 01:34:32,656 [EventQueue-StaleNodeForStaleNodeHandler] INFO  node.StaleNodeHandler (StaleNodeHandler.java:onMessage(59)) - Datanode e9bcdf12-1da6-4530-8c75-634f54e386f5{ip: 10.1.0.61, host: fv-az180-867.g3pwtgv4ffyuhaixmbmm0kyh3d.gx.internal.cloudapp.net, ports: [REPLICATION=36317, RATIS=38361, RATIS_ADMIN=38361, RATIS_SERVER=38361, STANDALONE=36767], networkLocation: /default-rack, certSerialId: null, persistedOpState: IN_SERVICE, persistedOpStateExpiryEpochSec: 0} moved to stale state. Finalizing its pipelines [PipelineID=2888ce29-2412-480e-85c8-1c2d70d7dfdb]
2022-10-08 01:34:32,657 [EventQueue-StaleNodeForStaleNodeHandler] INFO  pipeline.PipelineManagerImpl (PipelineManagerImpl.java:closePipeline(442)) - Pipeline Pipeline[ Id: 2888ce29-2412-480e-85c8-1c2d70d7dfdb, Nodes: e9bcdf12-1da6-4530-8c75-634f54e386f5{ip: 10.1.0.61, host: fv-az180-867.g3pwtgv4ffyuhaixmbmm0kyh3d.gx.internal.cloudapp.net, ports: [REPLICATION=36317, RATIS=38361, RATIS_ADMIN=38361, RATIS_SERVER=38361, STANDALONE=36767], networkLocation: /default-rack, certSerialId: null, persistedOpState: IN_SERVICE, persistedOpStateExpiryEpochSec: 0}, ReplicationConfig: RATIS/ONE, State:OPEN, leaderId:e9bcdf12-1da6-4530-8c75-634f54e386f5, CreationTimestamp2022-10-08T01:34:03.511Z[Etc/UTC]] moved to CLOSED state
2022-10-08 01:34:33,036 [ReplicationMonitor] WARN  replication.LegacyReplicationManager (LegacyReplicationManager.java:handleUnderReplicatedContainer(1224)) - Cannot replicate container #1, no healthy replica found.
2022-10-08 01:34:33,036 [ReplicationMonitor] INFO  replication.ReplicationManager (ReplicationManager.java:processAll(324)) - Replication Monitor Thread took 0 milliseconds for processing 1 containers.
2022-10-08 01:34:33,257 [EventQueue-StaleNodeForStaleNodeHandler] INFO  node.StaleNodeHandler (StaleNodeHandler.java:onMessage(59)) - Datanode a7d0fe55-ea9d-44f8-999b-89e5c9054a1b{ip: 10.1.0.61, host: fv-az180-867.g3pwtgv4ffyuhaixmbmm0kyh3d.gx.internal.cloudapp.net, ports: [REPLICATION=43837, RATIS=37899, RATIS_ADMIN=37899, RATIS_SERVER=37899, STANDALONE=43521], networkLocation: /default-rack, certSerialId: null, persistedOpState: IN_SERVICE, persistedOpStateExpiryEpochSec: 0} moved to stale state. Finalizing its pipelines [PipelineID=b36d0108-ea9a-43d2-813d-ad6cf670bf26]
2022-10-08 01:34:33,257 [EventQueue-StaleNodeForStaleNodeHandler] INFO  pipeline.PipelineManagerImpl (PipelineManagerImpl.java:closePipeline(442)) - Pipeline Pipeline[ Id: b36d0108-ea9a-43d2-813d-ad6cf670bf26, Nodes: a7d0fe55-ea9d-44f8-999b-89e5c9054a1b{ip: 10.1.0.61, host: fv-az180-867.g3pwtgv4ffyuhaixmbmm0kyh3d.gx.internal.cloudapp.net, ports: [REPLICATION=43837, RATIS=37899, RATIS_ADMIN=37899, RATIS_SERVER=37899, STANDALONE=43521], networkLocation: /default-rack, certSerialId: null, persistedOpState: IN_SERVICE, persistedOpStateExpiryEpochSec: 0}, ReplicationConfig: RATIS/ONE, State:OPEN, leaderId:a7d0fe55-ea9d-44f8-999b-89e5c9054a1b, CreationTimestamp2022-10-08T01:34:02.067Z[Etc/UTC]] moved to CLOSED state
2022-10-08 01:34:34,044 [ReplicationMonitor] WARN  replication.LegacyReplicationManager (LegacyReplicationManager.java:handleUnderReplicatedContainer(1224)) - Cannot replicate container #1, no healthy replica found.
2022-10-08 01:34:34,044 [ReplicationMonitor] INFO  replication.ReplicationManager (ReplicationManager.java:processAll(324)) - Replication Monitor Thread took 0 milliseconds for processing 1 containers.
2022-10-08 01:34:35,052 [ReplicationMonitor] WARN  replication.LegacyReplicationManager (LegacyReplicationManager.java:handleUnderReplicatedContainer(1224)) - Cannot replicate container #1, no healthy replica found.
2022-10-08 01:34:35,052 [ReplicationMonitor] INFO  replication.ReplicationManager (ReplicationManager.java:processAll(324)) - Replication Monitor Thread took 0 milliseconds for processing 1 containers.
2022-10-08 01:34:35,216 [Listener at 127.0.0.1/38829] INFO  ozoneimpl.OzoneContainer (OzoneContainer.java:stop(400)) - Attempting to stop container services.
2022-10-08 01:34:35,216 [Listener at 127.0.0.1/38829] INFO  server.RaftServer (RaftServerProxy.java:lambda$close$7(398)) - e9bcdf12-1da6-4530-8c75-634f54e386f5: close
2022-10-08 01:34:35,217 [Listener at 127.0.0.1/38829] INFO  server.RaftServer$Division (RaftServerImpl.java:lambda$close$4(434)) - e9bcdf12-1da6-4530-8c75-634f54e386f5@group-1C2D70D7DFDB: shutdown
2022-10-08 01:34:35,217 [Listener at 127.0.0.1/38829] INFO  util.JmxRegister (JmxRegister.java:unregister(73)) - Successfully un-registered JMX Bean with object name Ratis:service=RaftServer,group=group-1C2D70D7DFDB,id=e9bcdf12-1da6-4530-8c75-634f54e386f5
2022-10-08 01:34:35,217 [Listener at 127.0.0.1/38829] INFO  impl.RoleInfo (RoleInfo.java:shutdownLeaderState(93)) - e9bcdf12-1da6-4530-8c75-634f54e386f5: shutdown e9bcdf12-1da6-4530-8c75-634f54e386f5@group-1C2D70D7DFDB-LeaderStateImpl
2022-10-08 01:34:35,217 [Listener at 127.0.0.1/38829] INFO  impl.PendingRequests (PendingRequests.java:sendNotLeaderResponses(282)) - e9bcdf12-1da6-4530-8c75-634f54e386f5@group-1C2D70D7DFDB-PendingRequests: sendNotLeaderResponses
2022-10-08 01:34:35,218 [Listener at 127.0.0.1/38829] INFO  impl.StateMachineUpdater (StateMachineUpdater.java:stopAndJoin(153)) - e9bcdf12-1da6-4530-8c75-634f54e386f5@group-1C2D70D7DFDB-StateMachineUpdater: set stopIndex = 0
2022-10-08 01:34:35,218 [e9bcdf12-1da6-4530-8c75-634f54e386f5@group-1C2D70D7DFDB-StateMachineUpdater] INFO  ratis.ContainerStateMachine (ContainerStateMachine.java:takeSnapshot(304)) - group-1C2D70D7DFDB: Taking a snapshot at:(t:1, i:0) file /home/runner/work/ozone/ozone/hadoop-ozone/integration-test/target/test-dir/MiniOzoneClusterImpl-4672e814-a320-46b2-9281-7449f9d84a79/datanode-4/data/ratis/2888ce29-2412-480e-85c8-1c2d70d7dfdb/sm/snapshot.1_0
2022-10-08 01:34:35,220 [ForkJoinPool.commonPool-worker-0] INFO  ozoneimpl.OzoneContainer (OzoneContainer.java:stop(400)) - Attempting to stop container services.
2022-10-08 01:34:35,224 [ForkJoinPool.commonPool-worker-0] INFO  server.RaftServer (RaftServerProxy.java:lambda$close$7(398)) - a7d0fe55-ea9d-44f8-999b-89e5c9054a1b: close
2022-10-08 01:34:35,224 [ForkJoinPool.commonPool-worker-0] INFO  server.RaftServer$Division (RaftServerImpl.java:lambda$close$4(434)) - a7d0fe55-ea9d-44f8-999b-89e5c9054a1b@group-AD6CF670BF26: shutdown
2022-10-08 01:34:35,224 [ForkJoinPool.commonPool-worker-0] INFO  util.JmxRegister (JmxRegister.java:unregister(73)) - Successfully un-registered JMX Bean with object name Ratis:service=RaftServer,group=group-AD6CF670BF26,id=a7d0fe55-ea9d-44f8-999b-89e5c9054a1b
2022-10-08 01:34:35,224 [ForkJoinPool.commonPool-worker-0] INFO  impl.RoleInfo (RoleInfo.java:shutdownLeaderState(93)) - a7d0fe55-ea9d-44f8-999b-89e5c9054a1b: shutdown a7d0fe55-ea9d-44f8-999b-89e5c9054a1b@group-AD6CF670BF26-LeaderStateImpl
2022-10-08 01:34:35,224 [ForkJoinPool.commonPool-worker-0] INFO  impl.PendingRequests (PendingRequests.java:sendNotLeaderResponses(282)) - a7d0fe55-ea9d-44f8-999b-89e5c9054a1b@group-AD6CF670BF26-PendingRequests: sendNotLeaderResponses
2022-10-08 01:34:35,225 [ForkJoinPool.commonPool-worker-0] INFO  impl.StateMachineUpdater (StateMachineUpdater.java:stopAndJoin(153)) - a7d0fe55-ea9d-44f8-999b-89e5c9054a1b@group-AD6CF670BF26-StateMachineUpdater: set stopIndex = 0
2022-10-08 01:34:35,225 [a7d0fe55-ea9d-44f8-999b-89e5c9054a1b@group-AD6CF670BF26-StateMachineUpdater] INFO  ratis.ContainerStateMachine (ContainerStateMachine.java:takeSnapshot(304)) - group-AD6CF670BF26: Taking a snapshot at:(t:1, i:0) file /home/runner/work/ozone/ozone/hadoop-ozone/integration-test/target/test-dir/MiniOzoneClusterImpl-4672e814-a320-46b2-9281-7449f9d84a79/datanode-3/data/ratis/b36d0108-ea9a-43d2-813d-ad6cf670bf26/sm/snapshot.1_0
2022-10-08 01:34:35,231 [e9bcdf12-1da6-4530-8c75-634f54e386f5@group-1C2D70D7DFDB-StateMachineUpdater] INFO  ratis.ContainerStateMachine (ContainerStateMachine.java:takeSnapshot(315)) - group-1C2D70D7DFDB: Finished taking a snapshot at:(t:1, i:0) file:/home/runner/work/ozone/ozone/hadoop-ozone/integration-test/target/test-dir/MiniOzoneClusterImpl-4672e814-a320-46b2-9281-7449f9d84a79/datanode-4/data/ratis/2888ce29-2412-480e-85c8-1c2d70d7dfdb/sm/snapshot.1_0 took: 13 ms
2022-10-08 01:34:35,231 [e9bcdf12-1da6-4530-8c75-634f54e386f5@group-1C2D70D7DFDB-StateMachineUpdater] INFO  impl.StateMachineUpdater (StateMachineUpdater.java:takeSnapshot(287)) - e9bcdf12-1da6-4530-8c75-634f54e386f5@group-1C2D70D7DFDB-StateMachineUpdater: Took a snapshot at index 0
2022-10-08 01:34:35,231 [e9bcdf12-1da6-4530-8c75-634f54e386f5@group-1C2D70D7DFDB-StateMachineUpdater] INFO  impl.StateMachineUpdater (StateMachineUpdater.java:lambda$new$0(92)) - e9bcdf12-1da6-4530-8c75-634f54e386f5@group-1C2D70D7DFDB-StateMachineUpdater: snapshotIndex: updateIncreasingly -1 -> 0
2022-10-08 01:34:35,232 [Listener at 127.0.0.1/38829] INFO  server.RaftServer$Division (ServerState.java:close(429)) - e9bcdf12-1da6-4530-8c75-634f54e386f5@group-1C2D70D7DFDB: closes. applyIndex: 0
2022-10-08 01:34:35,233 [e9bcdf12-1da6-4530-8c75-634f54e386f5@group-1C2D70D7DFDB-SegmentedRaftLogWorker] INFO  segmented.SegmentedRaftLogWorker (SegmentedRaftLogWorker.java:run(336)) - e9bcdf12-1da6-4530-8c75-634f54e386f5@group-1C2D70D7DFDB-SegmentedRaftLogWorker was interrupted, exiting. There are 0 tasks remaining in the queue.
2022-10-08 01:34:35,234 [Listener at 127.0.0.1/38829] INFO  segmented.SegmentedRaftLogWorker (SegmentedRaftLogWorker.java:close(246)) - e9bcdf12-1da6-4530-8c75-634f54e386f5@group-1C2D70D7DFDB-SegmentedRaftLogWorker close()
2022-10-08 01:34:35,234 [Listener at 127.0.0.1/38829] INFO  server.GrpcService (GrpcService.java:closeImpl(269)) - e9bcdf12-1da6-4530-8c75-634f54e386f5: shutdown server with port 38361 now
2022-10-08 01:34:35,236 [Listener at 127.0.0.1/38829] INFO  server.GrpcService (GrpcService.java:closeImpl(278)) - e9bcdf12-1da6-4530-8c75-634f54e386f5: shutdown server with port 38361 successfully
2022-10-08 01:34:35,236 [org.apache.ratis.util.JvmPauseMonitor$$Lambda$636/846962177@567de546] INFO  util.JvmPauseMonitor (JvmPauseMonitor.java:run(109)) - JvmPauseMonitor-e9bcdf12-1da6-4530-8c75-634f54e386f5: Stopped
2022-10-08 01:34:35,239 [a7d0fe55-ea9d-44f8-999b-89e5c9054a1b@group-AD6CF670BF26-StateMachineUpdater] INFO  ratis.ContainerStateMachine (ContainerStateMachine.java:takeSnapshot(315)) - group-AD6CF670BF26: Finished taking a snapshot at:(t:1, i:0) file:/home/runner/work/ozone/ozone/hadoop-ozone/integration-test/target/test-dir/MiniOzoneClusterImpl-4672e814-a320-46b2-9281-7449f9d84a79/datanode-3/data/ratis/b36d0108-ea9a-43d2-813d-ad6cf670bf26/sm/snapshot.1_0 took: 14 ms
2022-10-08 01:34:35,239 [a7d0fe55-ea9d-44f8-999b-89e5c9054a1b@group-AD6CF670BF26-StateMachineUpdater] INFO  impl.StateMachineUpdater (StateMachineUpdater.java:takeSnapshot(287)) - a7d0fe55-ea9d-44f8-999b-89e5c9054a1b@group-AD6CF670BF26-StateMachineUpdater: Took a snapshot at index 0
2022-10-08 01:34:35,239 [a7d0fe55-ea9d-44f8-999b-89e5c9054a1b@group-AD6CF670BF26-StateMachineUpdater] INFO  impl.StateMachineUpdater (StateMachineUpdater.java:lambda$new$0(92)) - a7d0fe55-ea9d-44f8-999b-89e5c9054a1b@group-AD6CF670BF26-StateMachineUpdater: snapshotIndex: updateIncreasingly -1 -> 0
2022-10-08 01:34:35,239 [ForkJoinPool.commonPool-worker-0] INFO  server.RaftServer$Division (ServerState.java:close(429)) - a7d0fe55-ea9d-44f8-999b-89e5c9054a1b@group-AD6CF670BF26: closes. applyIndex: 0
2022-10-08 01:34:35,240 [a7d0fe55-ea9d-44f8-999b-89e5c9054a1b@group-AD6CF670BF26-SegmentedRaftLogWorker] INFO  segmented.SegmentedRaftLogWorker (SegmentedRaftLogWorker.java:run(336)) - a7d0fe55-ea9d-44f8-999b-89e5c9054a1b@group-AD6CF670BF26-SegmentedRaftLogWorker was interrupted, exiting. There are 0 tasks remaining in the queue.
2022-10-08 01:34:35,240 [ForkJoinPool.commonPool-worker-0] INFO  segmented.SegmentedRaftLogWorker (SegmentedRaftLogWorker.java:close(246)) - a7d0fe55-ea9d-44f8-999b-89e5c9054a1b@group-AD6CF670BF26-SegmentedRaftLogWorker close()
2022-10-08 01:34:35,240 [ForkJoinPool.commonPool-worker-0] INFO  server.GrpcService (GrpcService.java:closeImpl(269)) - a7d0fe55-ea9d-44f8-999b-89e5c9054a1b: shutdown server with port 37899 now
2022-10-08 01:34:35,240 [ForkJoinPool.commonPool-worker-0] INFO  server.GrpcService (GrpcService.java:closeImpl(278)) - a7d0fe55-ea9d-44f8-999b-89e5c9054a1b: shutdown server with port 37899 successfully
2022-10-08 01:34:35,240 [org.apache.ratis.util.JvmPauseMonitor$$Lambda$636/846962177@13b460c4] INFO  util.JvmPauseMonitor (JvmPauseMonitor.java:run(109)) - JvmPauseMonitor-a7d0fe55-ea9d-44f8-999b-89e5c9054a1b: Stopped
2022-10-08 01:34:35,664 [EventQueue-DeadNodeForDeadNodeHandler] INFO  node.DeadNodeHandler (DeadNodeHandler.java:onMessage(81)) - A dead datanode is detected. e9bcdf12-1da6-4530-8c75-634f54e386f5{ip: 10.1.0.61, host: fv-az180-867.g3pwtgv4ffyuhaixmbmm0kyh3d.gx.internal.cloudapp.net, ports: [REPLICATION=36317, RATIS=38361, RATIS_ADMIN=38361, RATIS_SERVER=38361, STANDALONE=36767], networkLocation: /default-rack, certSerialId: null, persistedOpState: IN_SERVICE, persistedOpStateExpiryEpochSec: 0}
2022-10-08 01:34:35,664 [EventQueue-DeadNodeForDeadNodeHandler] INFO  pipeline.RatisPipelineProvider (RatisPipelineProvider.java:lambda$close$1(244)) - Send pipeline:PipelineID=2888ce29-2412-480e-85c8-1c2d70d7dfdb close command to datanode e9bcdf12-1da6-4530-8c75-634f54e386f5
2022-10-08 01:34:35,664 [EventQueue-DeadNodeForDeadNodeHandler] INFO  pipeline.PipelineStateManagerImpl (PipelineStateManagerImpl.java:removePipeline(245)) - Pipeline Pipeline[ Id: 2888ce29-2412-480e-85c8-1c2d70d7dfdb, Nodes: e9bcdf12-1da6-4530-8c75-634f54e386f5{ip: 10.1.0.61, host: fv-az180-867.g3pwtgv4ffyuhaixmbmm0kyh3d.gx.internal.cloudapp.net, ports: [REPLICATION=36317, RATIS=38361, RATIS_ADMIN=38361, RATIS_SERVER=38361, STANDALONE=36767], networkLocation: /default-rack, certSerialId: null, persistedOpState: IN_SERVICE, persistedOpStateExpiryEpochSec: 0}, ReplicationConfig: RATIS/ONE, State:CLOSED, leaderId:e9bcdf12-1da6-4530-8c75-634f54e386f5, CreationTimestamp2022-10-08T01:34:03.511Z[Etc/UTC]] removed.
2022-10-08 01:34:35,665 [EventQueue-DeadNodeForDeadNodeHandler] INFO  net.NetworkTopologyImpl (NetworkTopologyImpl.java:remove(190)) - Removed a node: /default-rack/e9bcdf12-1da6-4530-8c75-634f54e386f5
2022-10-08 01:34:36,052 [ReplicationMonitor] WARN  replication.LegacyReplicationManager (LegacyReplicationManager.java:handleUnderReplicatedContainer(1224)) - Cannot replicate container #1, no healthy replica found.
2022-10-08 01:34:36,052 [ReplicationMonitor] INFO  replication.ReplicationManager (ReplicationManager.java:processAll(324)) - Replication Monitor Thread took 1 milliseconds for processing 1 containers.
2022-10-08 01:34:36,176 [EventQueue-DeadNodeForDeadNodeHandler] INFO  node.DeadNodeHandler (DeadNodeHandler.java:onMessage(81)) - A dead datanode is detected. a7d0fe55-ea9d-44f8-999b-89e5c9054a1b{ip: 10.1.0.61, host: fv-az180-867.g3pwtgv4ffyuhaixmbmm0kyh3d.gx.internal.cloudapp.net, ports: [REPLICATION=43837, RATIS=37899, RATIS_ADMIN=37899, RATIS_SERVER=37899, STANDALONE=43521], networkLocation: /default-rack, certSerialId: null, persistedOpState: IN_SERVICE, persistedOpStateExpiryEpochSec: 0}
2022-10-08 01:34:36,176 [EventQueue-DeadNodeForDeadNodeHandler] INFO  pipeline.RatisPipelineProvider (RatisPipelineProvider.java:lambda$close$1(244)) - Send pipeline:PipelineID=b36d0108-ea9a-43d2-813d-ad6cf670bf26 close command to datanode a7d0fe55-ea9d-44f8-999b-89e5c9054a1b
2022-10-08 01:34:36,177 [EventQueue-DeadNodeForDeadNodeHandler] INFO  pipeline.PipelineStateManagerImpl (PipelineStateManagerImpl.java:removePipeline(245)) - Pipeline Pipeline[ Id: b36d0108-ea9a-43d2-813d-ad6cf670bf26, Nodes: a7d0fe55-ea9d-44f8-999b-89e5c9054a1b{ip: 10.1.0.61, host: fv-az180-867.g3pwtgv4ffyuhaixmbmm0kyh3d.gx.internal.cloudapp.net, ports: [REPLICATION=43837, RATIS=37899, RATIS_ADMIN=37899, RATIS_SERVER=37899, STANDALONE=43521], networkLocation: /default-rack, certSerialId: null, persistedOpState: IN_SERVICE, persistedOpStateExpiryEpochSec: 0}, ReplicationConfig: RATIS/ONE, State:CLOSED, leaderId:a7d0fe55-ea9d-44f8-999b-89e5c9054a1b, CreationTimestamp2022-10-08T01:34:02.067Z[Etc/UTC]] removed.
2022-10-08 01:34:36,177 [EventQueue-DeadNodeForDeadNodeHandler] INFO  net.NetworkTopologyImpl (NetworkTopologyImpl.java:remove(190)) - Removed a node: /default-rack/a7d0fe55-ea9d-44f8-999b-89e5c9054a1b
2022-10-08 01:34:37,056 [ReplicationMonitor] WARN  replication.LegacyReplicationManager (LegacyReplicationManager.java:handleUnderReplicatedContainer(1224)) - Cannot replicate container #1, no healthy replica found.
2022-10-08 01:34:37,056 [ReplicationMonitor] INFO  replication.ReplicationManager (ReplicationManager.java:processAll(324)) - Replication Monitor Thread took 0 milliseconds for processing 1 containers.
2022-10-08 01:34:37,312 [Listener at 127.0.0.1/38829] INFO  utils.BackgroundService (BackgroundService.java:shutdown(141)) - Shutting down service BlockDeletingService
2022-10-08 01:34:37,312 [Listener at 127.0.0.1/38829] INFO  utils.BackgroundService (BackgroundService.java:shutdown(141)) - Shutting down service StaleRecoveringContainerScrubbingService
2022-10-08 01:34:37,376 [ForkJoinPool.commonPool-worker-0] INFO  utils.BackgroundService (BackgroundService.java:shutdown(141)) - Shutting down service BlockDeletingService
2022-10-08 01:34:37,380 [ForkJoinPool.commonPool-worker-0] INFO  utils.BackgroundService (BackgroundService.java:shutdown(141)) - Shutting down service StaleRecoveringContainerScrubbingService
2022-10-08 01:34:38,057 [ReplicationMonitor] WARN  replication.LegacyReplicationManager (LegacyReplicationManager.java:handleUnderReplicatedContainer(1224)) - Cannot replicate container #1, no healthy replica found.
2022-10-08 01:34:38,057 [ReplicationMonitor] INFO  replication.ReplicationManager (ReplicationManager.java:processAll(324)) - Replication Monitor Thread took 1 milliseconds for processing 1 containers.
2022-10-08 01:34:39,060 [ReplicationMonitor] WARN  replication.LegacyReplicationManager (LegacyReplicationManager.java:handleUnderReplicatedContainer(1224)) - Cannot replicate container #1, no healthy replica found.
2022-10-08 01:34:39,060 [ReplicationMonitor] INFO  replication.ReplicationManager (ReplicationManager.java:processAll(324)) - Replication Monitor Thread took 0 milliseconds for processing 1 containers.
2022-10-08 01:34:40,060 [ReplicationMonitor] WARN  replication.LegacyReplicationManager (LegacyReplicationManager.java:handleUnderReplicatedContainer(1224)) - Cannot replicate container #1, no healthy replica found.
2022-10-08 01:34:40,060 [ReplicationMonitor] INFO  replication.ReplicationManager (ReplicationManager.java:processAll(324)) - Replication Monitor Thread took 1 milliseconds for processing 1 containers.
2022-10-08 01:34:40,314 [Listener at 127.0.0.1/38829] INFO  statemachine.DatanodeStateMachine (DatanodeStateMachine.java:stopDaemon(580)) - Ozone container server stopped.
2022-10-08 01:34:40,323 [Listener at 127.0.0.1/38829] INFO  handler.ContextHandler (ContextHandler.java:doStop(1153)) - Stopped o.e.j.w.WebAppContext@3d4f8030{hddsDatanode,/,null,STOPPED}{jar:file:/home/runner/.m2/repository/org/apache/ozone/hdds-container-service/1.3.0-SNAPSHOT/hdds-container-service-1.3.0-SNAPSHOT.jar!/webapps/hddsDatanode}
2022-10-08 01:34:40,364 [Listener at 127.0.0.1/38829] INFO  server.AbstractConnector (AbstractConnector.java:doStop(381)) - Stopped ServerConnector@1feb441{HTTP/1.1, (http/1.1)}{0.0.0.0:0}
2022-10-08 01:34:40,364 [Listener at 127.0.0.1/38829] INFO  server.session (HouseKeeper.java:stopScavenging(149)) - node0 Stopped scavenging
2022-10-08 01:34:40,368 [Listener at 127.0.0.1/38829] INFO  handler.ContextHandler (ContextHandler.java:doStop(1153)) - Stopped o.e.j.s.ServletContextHandler@5bb0b38c{static,/static,jar:file:/home/runner/.m2/repository/org/apache/ozone/hdds-container-service/1.3.0-SNAPSHOT/hdds-container-service-1.3.0-SNAPSHOT.jar!/webapps/static,STOPPED}
2022-10-08 01:34:40,368 [Listener at 127.0.0.1/38829] INFO  handler.ContextHandler (ContextHandler.java:doStop(1153)) - Stopped o.e.j.s.ServletContextHandler@64c473a{logs,/logs,file:///home/runner/work/ozone/ozone/hadoop-ozone/integration-test/target/log,STOPPED}
2022-10-08 01:34:40,385 [ForkJoinPool.commonPool-worker-0] INFO  statemachine.DatanodeStateMachine (DatanodeStateMachine.java:stopDaemon(580)) - Ozone container server stopped.
2022-10-08 01:34:40,406 [ForkJoinPool.commonPool-worker-0] INFO  handler.ContextHandler (ContextHandler.java:doStop(1153)) - Stopped o.e.j.w.WebAppContext@7b16786f{hddsDatanode,/,null,STOPPED}{jar:file:/home/runner/.m2/repository/org/apache/ozone/hdds-container-service/1.3.0-SNAPSHOT/hdds-container-service-1.3.0-SNAPSHOT.jar!/webapps/hddsDatanode}
2022-10-08 01:34:40,432 [ForkJoinPool.commonPool-worker-0] INFO  server.AbstractConnector (AbstractConnector.java:doStop(381)) - Stopped ServerConnector@51500860{HTTP/1.1, (http/1.1)}{0.0.0.0:0}
2022-10-08 01:34:40,433 [ForkJoinPool.commonPool-worker-0] INFO  server.session (HouseKeeper.java:stopScavenging(149)) - node0 Stopped scavenging
2022-10-08 01:34:40,468 [ForkJoinPool.commonPool-worker-0] INFO  handler.ContextHandler (ContextHandler.java:doStop(1153)) - Stopped o.e.j.s.ServletContextHandler@1fabead2{static,/static,jar:file:/home/runner/.m2/repository/org/apache/ozone/hdds-container-service/1.3.0-SNAPSHOT/hdds-container-service-1.3.0-SNAPSHOT.jar!/webapps/static,STOPPED}
2022-10-08 01:34:40,468 [ForkJoinPool.commonPool-worker-0] INFO  handler.ContextHandler (ContextHandler.java:doStop(1153)) - Stopped o.e.j.s.ServletContextHandler@505c0e4{logs,/logs,file:///home/runner/work/ozone/ozone/hadoop-ozone/integration-test/target/log,STOPPED}
2022-10-08 01:34:40,469 [Listener at 127.0.0.1/38829] INFO  ozone.MiniOzoneClusterImpl (MiniOzoneClusterImpl.java:stopSCM(537)) - Stopping the StorageContainerManager
2022-10-08 01:34:40,469 [Listener at 127.0.0.1/38829] INFO  server.StorageContainerManager (StorageContainerManager.java:stop(1528)) - Container Balancer is not running.
2022-10-08 01:34:40,469 [Listener at 127.0.0.1/38829] INFO  server.StorageContainerManager (StorageContainerManager.java:stop(1535)) - Stopping Replication Manager Service.
2022-10-08 01:34:40,469 [Listener at 127.0.0.1/38829] INFO  replication.ReplicationManager (ReplicationManager.java:stop(257)) - Stopping Replication Monitor Thread.
2022-10-08 01:34:40,469 [Under Replicated Processor] WARN  replication.UnderReplicatedProcessor (UnderReplicatedProcessor.java:run(148)) - Under Replicated Processor interrupted. Exiting...
2022-10-08 01:34:40,469 [Listener at 127.0.0.1/38829] INFO  server.StorageContainerManager (StorageContainerManager.java:stop(1542)) - Stopping the Datanode Admin Monitor.
2022-10-08 01:34:40,469 [Listener at 127.0.0.1/38829] INFO  server.StorageContainerManager (StorageContainerManager.java:stop(1549)) - Stopping Lease Manager of the command watchers
2022-10-08 01:34:40,469 [ReplicationMonitor] INFO  replication.ReplicationManager (ReplicationManager.java:run(509)) - Replication Monitor Thread is stopped
2022-10-08 01:34:40,469 [Listener at 127.0.0.1/38829] INFO  server.StorageContainerManager (StorageContainerManager.java:stop(1556)) - Stopping datanode service RPC server
2022-10-08 01:34:40,470 [Listener at 127.0.0.1/38829] INFO  server.SCMDatanodeProtocolServer (SCMDatanodeProtocolServer.java:stop(414)) - Stopping the RPC server for DataNodes
2022-10-08 01:34:40,470 [Listener at 127.0.0.1/38829] INFO  ipc.Server (Server.java:stop(3414)) - Stopping server on 40879
2022-10-08 01:34:40,470 [Over Replicated Processor] WARN  replication.OverReplicatedProcessor (OverReplicatedProcessor.java:run(137)) - Over Replicated Processor interrupted. Exiting...
2022-10-08 01:34:40,479 [IPC Server Responder] INFO  ipc.Server (Server.java:run(1512)) - Stopping IPC Server Responder
2022-10-08 01:34:40,480 [IPC Server listener on 0] INFO  ipc.Server (Server.java:run(1376)) - Stopping IPC Server listener on 0
2022-10-08 01:34:40,516 [SCM Heartbeat Processing Thread - 0] WARN  node.NodeStateManager (NodeStateManager.java:scheduleNextHealthCheck(870)) - Current Thread is interrupted, shutting down HB processing thread for Node Manager.
2022-10-08 01:34:40,516 [Listener at 127.0.0.1/38829] INFO  server.StorageContainerManager (StorageContainerManager.java:stop(1564)) - Stopping block service RPC server
2022-10-08 01:34:40,516 [Listener at 127.0.0.1/38829] INFO  server.SCMBlockProtocolServer (SCMBlockProtocolServer.java:stop(161)) - Stopping the RPC server for Block Protocol
2022-10-08 01:34:40,516 [Listener at 127.0.0.1/38829] INFO  ipc.Server (Server.java:stop(3414)) - Stopping server on 34211
2022-10-08 01:34:40,524 [IPC Server Responder] INFO  ipc.Server (Server.java:run(1512)) - Stopping IPC Server Responder
2022-10-08 01:34:40,525 [Listener at 127.0.0.1/38829] INFO  server.StorageContainerManager (StorageContainerManager.java:stop(1571)) - Stopping the StorageContainerLocationProtocol RPC server
2022-10-08 01:34:40,525 [Listener at 127.0.0.1/38829] INFO  server.SCMClientProtocolServer (SCMClientProtocolServer.java:stop(179)) - Stopping the RPC server for Client Protocol
2022-10-08 01:34:40,525 [Listener at 127.0.0.1/38829] INFO  ipc.Server (Server.java:stop(3414)) - Stopping server on 45543
2022-10-08 01:34:40,525 [IPC Server listener on 0] INFO  ipc.Server (Server.java:run(1376)) - Stopping IPC Server listener on 0
2022-10-08 01:34:40,624 [Listener at 127.0.0.1/38829] INFO  server.StorageContainerManager (StorageContainerManager.java:stop(1578)) - Stopping Storage Container Manager HTTP server.
2022-10-08 01:34:40,624 [Listener at 127.0.0.1/38829] INFO  handler.ContextHandler (ContextHandler.java:doStop(1153)) - Stopped o.e.j.w.WebAppContext@4fea3d04{scm,/,null,STOPPED}{file:/home/runner/work/ozone/ozone/hadoop-ozone/integration-test/target/test-classes/webapps/scm}
2022-10-08 01:34:40,625 [IPC Server Responder] INFO  ipc.Server (Server.java:run(1512)) - Stopping IPC Server Responder
2022-10-08 01:34:40,628 [IPC Server listener on 0] INFO  ipc.Server (Server.java:run(1376)) - Stopping IPC Server listener on 0
2022-10-08 01:34:40,628 [Listener at 127.0.0.1/38829] INFO  server.AbstractConnector (AbstractConnector.java:doStop(381)) - Stopped ServerConnector@5086b08{HTTP/1.1, (http/1.1)}{0.0.0.0:0}
2022-10-08 01:34:40,628 [Listener at 127.0.0.1/38829] INFO  server.session (HouseKeeper.java:stopScavenging(149)) - node0 Stopped scavenging
2022-10-08 01:34:40,628 [Listener at 127.0.0.1/38829] INFO  handler.ContextHandler (ContextHandler.java:doStop(1153)) - Stopped o.e.j.s.ServletContextHandler@7a3c7eeb{static,/static,file:///home/runner/work/ozone/ozone/hadoop-ozone/integration-test/target/test-classes/webapps/static,STOPPED}
2022-10-08 01:34:40,629 [Listener at 127.0.0.1/38829] INFO  handler.ContextHandler (ContextHandler.java:doStop(1153)) - Stopped o.e.j.s.ServletContextHandler@1c8ec7d9{logs,/logs,file:///home/runner/work/ozone/ozone/hadoop-ozone/integration-test/target/log,STOPPED}
2022-10-08 01:34:40,671 [Listener at 127.0.0.1/38829] INFO  server.StorageContainerManager (StorageContainerManager.java:stop(1584)) - Stopping SCM LayoutVersionManager Service.
2022-10-08 01:34:40,671 [Listener at 127.0.0.1/38829] INFO  server.StorageContainerManager (StorageContainerManager.java:stop(1592)) - Stopping Block Manager Service.
2022-10-08 01:34:40,671 [Listener at 127.0.0.1/38829] INFO  utils.BackgroundService (BackgroundService.java:shutdown(141)) - Shutting down service SCMBlockDeletingService
2022-10-08 01:34:40,671 [Listener at 127.0.0.1/38829] INFO  utils.BackgroundService (BackgroundService.java:shutdown(141)) - Shutting down service SCMBlockDeletingService
2022-10-08 01:34:40,672 [Listener at 127.0.0.1/38829] INFO  server.StorageContainerManager (StorageContainerManager.java:stop(1619)) - Stopping SCM Event Queue.
2022-10-08 01:34:40,673 [Listener at 127.0.0.1/38829] INFO  server.StorageContainerManager (StorageContainerManager.java:stop(1630)) - Stopping SCM HA services.
2022-10-08 01:34:40,673 [Listener at 127.0.0.1/38829] INFO  pipeline.BackgroundPipelineCreator (BackgroundPipelineCreator.java:stop(149)) - Stopping RatisPipelineUtilsThread.
2022-10-08 01:34:40,673 [RatisPipelineUtilsThread - 0] WARN  pipeline.BackgroundPipelineCreator (BackgroundPipelineCreator.java:run(180)) - RatisPipelineUtilsThread is interrupted.
2022-10-08 01:34:40,673 [Listener at 127.0.0.1/38829] INFO  BackgroundPipelineScrubber (BackgroundSCMService.java:stop(131)) - Stopping BackgroundPipelineScrubber Service.
2022-10-08 01:34:40,673 [Listener at 127.0.0.1/38829] INFO  server.StorageContainerManager (StorageContainerManager.java:stop(1640)) - Stopping SCM MetadataStore.
2022-10-08 01:34:40,673 [BackgroundPipelineScrubberThread] WARN  BackgroundPipelineScrubber (BackgroundSCMService.java:run(115)) - BackgroundPipelineScrubber is interrupted, exit
2022-10-08 01:34:40,674 [Listener at 127.0.0.1/38829] INFO  impl.MetricsSystemImpl (MetricsSystemImpl.java:stop(210)) - Stopping HddsDatanode metrics system...
2022-10-08 01:34:40,734 [prometheus] INFO  impl.MetricsSinkAdapter (MetricsSinkAdapter.java:publishMetricsFromQueue(141)) - prometheus thread interrupted.
2022-10-08 01:34:40,736 [Listener at 127.0.0.1/38829] INFO  impl.MetricsSystemImpl (MetricsSystemImpl.java:stop(216)) - HddsDatanode metrics system stopped.
]]></system-out>
    <system-err><![CDATA[Oct 08, 2022 1:34:01 AM org.apache.ratis.thirdparty.io.grpc.internal.ManagedChannelOrphanWrapper$ManagedChannelReference cleanQueue
SEVERE: *~*~*~ Channel ManagedChannelImpl{logId=167, target=10.1.0.61:41021} was not shutdown properly!!! ~*~*~*
    Make sure to call shutdown()/shutdownNow() and wait until awaitTermination() returns true.
java.lang.RuntimeException: ManagedChannel allocation site
	at org.apache.ratis.thirdparty.io.grpc.internal.ManagedChannelOrphanWrapper$ManagedChannelReference.<init>(ManagedChannelOrphanWrapper.java:93)
	at org.apache.ratis.thirdparty.io.grpc.internal.ManagedChannelOrphanWrapper.<init>(ManagedChannelOrphanWrapper.java:53)
	at org.apache.ratis.thirdparty.io.grpc.internal.ManagedChannelOrphanWrapper.<init>(ManagedChannelOrphanWrapper.java:44)
	at org.apache.ratis.thirdparty.io.grpc.internal.ManagedChannelImplBuilder.build(ManagedChannelImplBuilder.java:630)
	at org.apache.ratis.thirdparty.io.grpc.internal.AbstractManagedChannelImplBuilder.build(AbstractManagedChannelImplBuilder.java:297)
	at org.apache.hadoop.hdds.scm.XceiverClientGrpc.connectToDatanode(XceiverClientGrpc.java:205)
	at org.apache.hadoop.hdds.scm.XceiverClientGrpc.connect(XceiverClientGrpc.java:158)
	at org.apache.hadoop.hdds.scm.XceiverClientManager$2.call(XceiverClientManager.java:243)
	at org.apache.hadoop.hdds.scm.XceiverClientManager$2.call(XceiverClientManager.java:224)
	at com.google.common.cache.LocalCache$LocalManualCache$1.load(LocalCache.java:4868)
	at com.google.common.cache.LocalCache$LoadingValueReference.loadFuture(LocalCache.java:3533)
	at com.google.common.cache.LocalCache$Segment.loadSync(LocalCache.java:2282)
	at com.google.common.cache.LocalCache$Segment.lockedGetOrLoad(LocalCache.java:2159)
	at com.google.common.cache.LocalCache$Segment.get(LocalCache.java:2049)
	at com.google.common.cache.LocalCache.get(LocalCache.java:3966)
	at com.google.common.cache.LocalCache$LocalManualCache.get(LocalCache.java:4863)
	at org.apache.hadoop.hdds.scm.XceiverClientManager.getClient(XceiverClientManager.java:224)
	at org.apache.hadoop.hdds.scm.XceiverClientManager.acquireClient(XceiverClientManager.java:168)
	at org.apache.hadoop.hdds.scm.XceiverClientManager.acquireClient(XceiverClientManager.java:141)
	at org.apache.hadoop.hdds.scm.storage.BlockOutputStream.<init>(BlockOutputStream.java:161)
	at org.apache.hadoop.hdds.scm.storage.ECBlockOutputStream.<init>(ECBlockOutputStream.java:73)
	at org.apache.hadoop.ozone.client.io.ECBlockOutputStreamEntry.checkStream(ECBlockOutputStreamEntry.java:100)
	at org.apache.hadoop.ozone.client.io.BlockOutputStreamEntry.write(BlockOutputStreamEntry.java:123)
	at org.apache.hadoop.ozone.client.io.ECKeyOutputStream.writeToOutputStream(ECKeyOutputStream.java:406)
	at org.apache.hadoop.ozone.client.io.ECKeyOutputStream.handleOutputStreamWrite(ECKeyOutputStream.java:390)
	at org.apache.hadoop.ozone.client.io.ECKeyOutputStream.handleWrite(ECKeyOutputStream.java:364)
	at org.apache.hadoop.ozone.client.io.ECKeyOutputStream.write(ECKeyOutputStream.java:163)
	at org.apache.hadoop.ozone.client.io.OzoneOutputStream.write(OzoneOutputStream.java:50)
	at java.io.OutputStream.write(OutputStream.java:75)
	at org.apache.hadoop.ozone.client.rpc.read.TestInputStreamBase.writeRandomBytes(TestInputStreamBase.java:205)
	at org.apache.hadoop.ozone.client.rpc.read.TestKeyInputStream.testECSeek(TestKeyInputStream.java:231)
	at org.apache.hadoop.ozone.client.rpc.read.TestKeyInputStream.testNonReplicationReads(TestKeyInputStream.java:150)
	at sun.reflect.NativeMethodAccessorImpl.invoke0(Native Method)
	at sun.reflect.NativeMethodAccessorImpl.invoke(NativeMethodAccessorImpl.java:62)
	at sun.reflect.DelegatingMethodAccessorImpl.invoke(DelegatingMethodAccessorImpl.java:43)
	at java.lang.reflect.Method.invoke(Method.java:498)
	at org.junit.runners.model.FrameworkMethod$1.runReflectiveCall(FrameworkMethod.java:59)
	at org.junit.internal.runners.model.ReflectiveCallable.run(ReflectiveCallable.java:12)
	at org.junit.runners.model.FrameworkMethod.invokeExplosively(FrameworkMethod.java:56)
	at org.junit.internal.runners.statements.InvokeMethod.evaluate(InvokeMethod.java:17)
	at org.junit.internal.runners.statements.RunBefores.evaluate(RunBefores.java:26)
	at org.junit.internal.runners.statements.RunAfters.evaluate(RunAfters.java:27)
	at org.junit.internal.runners.statements.FailOnTimeout$CallableStatement.call(FailOnTimeout.java:288)
	at org.junit.internal.runners.statements.FailOnTimeout$CallableStatement.call(FailOnTimeout.java:282)
	at java.util.concurrent.FutureTask.run(FutureTask.java:266)
	at java.lang.Thread.run(Thread.java:750)

Oct 08, 2022 1:34:01 AM org.apache.ratis.thirdparty.io.grpc.internal.ManagedChannelOrphanWrapper$ManagedChannelReference cleanQueue
SEVERE: *~*~*~ Channel ManagedChannelImpl{logId=415, target=10.1.0.61:39829} was not shutdown properly!!! ~*~*~*
    Make sure to call shutdown()/shutdownNow() and wait until awaitTermination() returns true.
java.lang.RuntimeException: ManagedChannel allocation site
	at org.apache.ratis.thirdparty.io.grpc.internal.ManagedChannelOrphanWrapper$ManagedChannelReference.<init>(ManagedChannelOrphanWrapper.java:93)
	at org.apache.ratis.thirdparty.io.grpc.internal.ManagedChannelOrphanWrapper.<init>(ManagedChannelOrphanWrapper.java:53)
	at org.apache.ratis.thirdparty.io.grpc.internal.ManagedChannelOrphanWrapper.<init>(ManagedChannelOrphanWrapper.java:44)
	at org.apache.ratis.thirdparty.io.grpc.internal.ManagedChannelImplBuilder.build(ManagedChannelImplBuilder.java:630)
	at org.apache.ratis.thirdparty.io.grpc.internal.AbstractManagedChannelImplBuilder.build(AbstractManagedChannelImplBuilder.java:297)
	at org.apache.hadoop.hdds.scm.XceiverClientGrpc.connectToDatanode(XceiverClientGrpc.java:205)
	at org.apache.hadoop.hdds.scm.XceiverClientGrpc.connect(XceiverClientGrpc.java:158)
	at org.apache.hadoop.hdds.scm.XceiverClientManager$2.call(XceiverClientManager.java:243)
	at org.apache.hadoop.hdds.scm.XceiverClientManager$2.call(XceiverClientManager.java:224)
	at com.google.common.cache.LocalCache$LocalManualCache$1.load(LocalCache.java:4868)
	at com.google.common.cache.LocalCache$LoadingValueReference.loadFuture(LocalCache.java:3533)
	at com.google.common.cache.LocalCache$Segment.loadSync(LocalCache.java:2282)
	at com.google.common.cache.LocalCache$Segment.lockedGetOrLoad(LocalCache.java:2159)
	at com.google.common.cache.LocalCache$Segment.get(LocalCache.java:2049)
	at com.google.common.cache.LocalCache.get(LocalCache.java:3966)
	at com.google.common.cache.LocalCache$LocalManualCache.get(LocalCache.java:4863)
	at org.apache.hadoop.hdds.scm.XceiverClientManager.getClient(XceiverClientManager.java:224)
	at org.apache.hadoop.hdds.scm.XceiverClientManager.acquireClient(XceiverClientManager.java:168)
	at org.apache.hadoop.hdds.scm.XceiverClientManager.acquireClientForReadData(XceiverClientManager.java:157)
	at org.apache.hadoop.hdds.scm.storage.BlockInputStream.acquireClient(BlockInputStream.java:256)
	at org.apache.hadoop.hdds.scm.storage.BlockInputStream.getChunkInfos(BlockInputStream.java:223)
	at org.apache.hadoop.hdds.scm.storage.BlockInputStream.initialize(BlockInputStream.java:146)
	at org.apache.hadoop.hdds.scm.storage.BlockInputStream.readWithStrategy(BlockInputStream.java:283)
	at org.apache.hadoop.hdds.scm.storage.ExtendedInputStream.read(ExtendedInputStream.java:54)
	at org.apache.hadoop.hdds.scm.storage.ByteArrayReader.readFromBlock(ByteArrayReader.java:57)
	at org.apache.hadoop.ozone.client.io.KeyInputStream.readWithStrategy(KeyInputStream.java:273)
	at org.apache.hadoop.ozone.client.io.KeyInputStream.read(KeyInputStream.java:240)
	at org.apache.hadoop.ozone.client.io.KeyInputStream.read(KeyInputStream.java:224)
	at org.apache.hadoop.ozone.client.rpc.read.TestKeyInputStream.testReadAfterReplication(TestKeyInputStream.java:441)
	at org.apache.hadoop.ozone.client.rpc.read.TestKeyInputStream.readAfterReplicationWithUnbuffering(TestKeyInputStream.java:398)
	at sun.reflect.NativeMethodAccessorImpl.invoke0(Native Method)
	at sun.reflect.NativeMethodAccessorImpl.invoke(NativeMethodAccessorImpl.java:62)
	at sun.reflect.DelegatingMethodAccessorImpl.invoke(DelegatingMethodAccessorImpl.java:43)
	at java.lang.reflect.Method.invoke(Method.java:498)
	at org.junit.runners.model.FrameworkMethod$1.runReflectiveCall(FrameworkMethod.java:59)
	at org.junit.internal.runners.model.ReflectiveCallable.run(ReflectiveCallable.java:12)
	at org.junit.runners.model.FrameworkMethod.invokeExplosively(FrameworkMethod.java:56)
	at org.junit.internal.runners.statements.InvokeMethod.evaluate(InvokeMethod.java:17)
	at org.junit.internal.runners.statements.RunBefores.evaluate(RunBefores.java:26)
	at org.junit.internal.runners.statements.RunAfters.evaluate(RunAfters.java:27)
	at org.junit.internal.runners.statements.FailOnTimeout$CallableStatement.call(FailOnTimeout.java:288)
	at org.junit.internal.runners.statements.FailOnTimeout$CallableStatement.call(FailOnTimeout.java:282)
	at java.util.concurrent.FutureTask.run(FutureTask.java:266)
	at java.lang.Thread.run(Thread.java:750)

Oct 08, 2022 1:34:01 AM org.apache.ratis.thirdparty.io.grpc.internal.ManagedChannelOrphanWrapper$ManagedChannelReference cleanQueue
SEVERE: *~*~*~ Channel ManagedChannelImpl{logId=229, target=10.1.0.61:39893} was not shutdown properly!!! ~*~*~*
    Make sure to call shutdown()/shutdownNow() and wait until awaitTermination() returns true.
java.lang.RuntimeException: ManagedChannel allocation site
	at org.apache.ratis.thirdparty.io.grpc.internal.ManagedChannelOrphanWrapper$ManagedChannelReference.<init>(ManagedChannelOrphanWrapper.java:93)
	at org.apache.ratis.thirdparty.io.grpc.internal.ManagedChannelOrphanWrapper.<init>(ManagedChannelOrphanWrapper.java:53)
	at org.apache.ratis.thirdparty.io.grpc.internal.ManagedChannelOrphanWrapper.<init>(ManagedChannelOrphanWrapper.java:44)
	at org.apache.ratis.thirdparty.io.grpc.internal.ManagedChannelImplBuilder.build(ManagedChannelImplBuilder.java:630)
	at org.apache.ratis.thirdparty.io.grpc.internal.AbstractManagedChannelImplBuilder.build(AbstractManagedChannelImplBuilder.java:297)
	at org.apache.hadoop.hdds.scm.XceiverClientGrpc.connectToDatanode(XceiverClientGrpc.java:205)
	at org.apache.hadoop.hdds.scm.XceiverClientGrpc.connect(XceiverClientGrpc.java:158)
	at org.apache.hadoop.hdds.scm.XceiverClientManager$2.call(XceiverClientManager.java:243)
	at org.apache.hadoop.hdds.scm.XceiverClientManager$2.call(XceiverClientManager.java:224)
	at com.google.common.cache.LocalCache$LocalManualCache$1.load(LocalCache.java:4868)
	at com.google.common.cache.LocalCache$LoadingValueReference.loadFuture(LocalCache.java:3533)
	at com.google.common.cache.LocalCache$Segment.loadSync(LocalCache.java:2282)
	at com.google.common.cache.LocalCache$Segment.lockedGetOrLoad(LocalCache.java:2159)
	at com.google.common.cache.LocalCache$Segment.get(LocalCache.java:2049)
	at com.google.common.cache.LocalCache.get(LocalCache.java:3966)
	at com.google.common.cache.LocalCache$LocalManualCache.get(LocalCache.java:4863)
	at org.apache.hadoop.hdds.scm.XceiverClientManager.getClient(XceiverClientManager.java:224)
	at org.apache.hadoop.hdds.scm.XceiverClientManager.acquireClient(XceiverClientManager.java:168)
	at org.apache.hadoop.hdds.scm.XceiverClientManager.acquireClientForReadData(XceiverClientManager.java:157)
	at org.apache.hadoop.hdds.scm.storage.BlockInputStream.acquireClient(BlockInputStream.java:256)
	at org.apache.hadoop.hdds.scm.storage.BlockInputStream.getChunkInfos(BlockInputStream.java:223)
	at org.apache.hadoop.hdds.scm.storage.BlockInputStream.initialize(BlockInputStream.java:146)
	at org.apache.hadoop.hdds.scm.storage.BlockInputStream.readWithStrategy(BlockInputStream.java:283)
	at org.apache.hadoop.hdds.scm.storage.ExtendedInputStream.read(ExtendedInputStream.java:64)
	at org.apache.hadoop.hdds.scm.storage.ByteBufferReader.readFromBlock(ByteBufferReader.java:56)
	at org.apache.hadoop.ozone.client.io.ECBlockInputStream.readFromStream(ECBlockInputStream.java:365)
	at org.apache.hadoop.ozone.client.io.ECBlockInputStream.readWithStrategy(ECBlockInputStream.java:300)
	at org.apache.hadoop.hdds.scm.storage.ExtendedInputStream.read(ExtendedInputStream.java:64)
	at org.apache.hadoop.ozone.client.io.ECBlockInputStreamProxy.read(ECBlockInputStreamProxy.java:158)
	at org.apache.hadoop.ozone.client.io.ECBlockInputStreamProxy.read(ECBlockInputStreamProxy.java:143)
	at org.apache.hadoop.hdds.scm.storage.ByteArrayReader.readFromBlock(ByteArrayReader.java:57)
	at org.apache.hadoop.ozone.client.io.KeyInputStream.readWithStrategy(KeyInputStream.java:273)
	at org.apache.hadoop.ozone.client.io.KeyInputStream.read(KeyInputStream.java:240)
	at org.apache.hadoop.ozone.client.rpc.read.TestKeyInputStream.validate(TestKeyInputStream.java:133)
	at org.apache.hadoop.ozone.client.rpc.read.TestKeyInputStream.testECSeek(TestKeyInputStream.java:242)
	at org.apache.hadoop.ozone.client.rpc.read.TestKeyInputStream.testNonReplicationReads(TestKeyInputStream.java:150)
	at sun.reflect.NativeMethodAccessorImpl.invoke0(Native Method)
	at sun.reflect.NativeMethodAccessorImpl.invoke(NativeMethodAccessorImpl.java:62)
	at sun.reflect.DelegatingMethodAccessorImpl.invoke(DelegatingMethodAccessorImpl.java:43)
	at java.lang.reflect.Method.invoke(Method.java:498)
	at org.junit.runners.model.FrameworkMethod$1.runReflectiveCall(FrameworkMethod.java:59)
	at org.junit.internal.runners.model.ReflectiveCallable.run(ReflectiveCallable.java:12)
	at org.junit.runners.model.FrameworkMethod.invokeExplosively(FrameworkMethod.java:56)
	at org.junit.internal.runners.statements.InvokeMethod.evaluate(InvokeMethod.java:17)
	at org.junit.internal.runners.statements.RunBefores.evaluate(RunBefores.java:26)
	at org.junit.internal.runners.statements.RunAfters.evaluate(RunAfters.java:27)
	at org.junit.internal.runners.statements.FailOnTimeout$CallableStatement.call(FailOnTimeout.java:288)
	at org.junit.internal.runners.statements.FailOnTimeout$CallableStatement.call(FailOnTimeout.java:282)
	at java.util.concurrent.FutureTask.run(FutureTask.java:266)
	at java.lang.Thread.run(Thread.java:750)

Oct 08, 2022 1:34:01 AM org.apache.ratis.thirdparty.io.grpc.internal.ManagedChannelOrphanWrapper$ManagedChannelReference cleanQueue
SEVERE: *~*~*~ Channel ManagedChannelImpl{logId=254, target=10.1.0.61:42411} was not shutdown properly!!! ~*~*~*
    Make sure to call shutdown()/shutdownNow() and wait until awaitTermination() returns true.
java.lang.RuntimeException: ManagedChannel allocation site
	at org.apache.ratis.thirdparty.io.grpc.internal.ManagedChannelOrphanWrapper$ManagedChannelReference.<init>(ManagedChannelOrphanWrapper.java:93)
	at org.apache.ratis.thirdparty.io.grpc.internal.ManagedChannelOrphanWrapper.<init>(ManagedChannelOrphanWrapper.java:53)
	at org.apache.ratis.thirdparty.io.grpc.internal.ManagedChannelOrphanWrapper.<init>(ManagedChannelOrphanWrapper.java:44)
	at org.apache.ratis.thirdparty.io.grpc.internal.ManagedChannelImplBuilder.build(ManagedChannelImplBuilder.java:630)
	at org.apache.ratis.thirdparty.io.grpc.internal.AbstractManagedChannelImplBuilder.build(AbstractManagedChannelImplBuilder.java:297)
	at org.apache.hadoop.hdds.scm.XceiverClientGrpc.connectToDatanode(XceiverClientGrpc.java:205)
	at org.apache.hadoop.hdds.scm.XceiverClientGrpc.connect(XceiverClientGrpc.java:158)
	at org.apache.hadoop.hdds.scm.XceiverClientManager$2.call(XceiverClientManager.java:243)
	at org.apache.hadoop.hdds.scm.XceiverClientManager$2.call(XceiverClientManager.java:224)
	at com.google.common.cache.LocalCache$LocalManualCache$1.load(LocalCache.java:4868)
	at com.google.common.cache.LocalCache$LoadingValueReference.loadFuture(LocalCache.java:3533)
	at com.google.common.cache.LocalCache$Segment.loadSync(LocalCache.java:2282)
	at com.google.common.cache.LocalCache$Segment.lockedGetOrLoad(LocalCache.java:2159)
	at com.google.common.cache.LocalCache$Segment.get(LocalCache.java:2049)
	at com.google.common.cache.LocalCache.get(LocalCache.java:3966)
	at com.google.common.cache.LocalCache$LocalManualCache.get(LocalCache.java:4863)
	at org.apache.hadoop.hdds.scm.XceiverClientManager.getClient(XceiverClientManager.java:224)
	at org.apache.hadoop.hdds.scm.XceiverClientManager.acquireClient(XceiverClientManager.java:168)
	at org.apache.hadoop.hdds.scm.XceiverClientManager.acquireClientForReadData(XceiverClientManager.java:157)
	at org.apache.hadoop.hdds.scm.storage.BlockInputStream.acquireClient(BlockInputStream.java:256)
	at org.apache.hadoop.hdds.scm.storage.BlockInputStream.getChunkInfos(BlockInputStream.java:223)
	at org.apache.hadoop.hdds.scm.storage.BlockInputStream.initialize(BlockInputStream.java:146)
	at org.apache.hadoop.hdds.scm.storage.BlockInputStream.readWithStrategy(BlockInputStream.java:283)
	at org.apache.hadoop.hdds.scm.storage.ExtendedInputStream.read(ExtendedInputStream.java:64)
	at org.apache.hadoop.hdds.scm.storage.ByteBufferReader.readFromBlock(ByteBufferReader.java:56)
	at org.apache.hadoop.ozone.client.io.ECBlockInputStream.readFromStream(ECBlockInputStream.java:365)
	at org.apache.hadoop.ozone.client.io.ECBlockInputStream.readWithStrategy(ECBlockInputStream.java:300)
	at org.apache.hadoop.hdds.scm.storage.ExtendedInputStream.read(ExtendedInputStream.java:64)
	at org.apache.hadoop.ozone.client.io.ECBlockInputStreamProxy.read(ECBlockInputStreamProxy.java:158)
	at org.apache.hadoop.ozone.client.io.ECBlockInputStreamProxy.read(ECBlockInputStreamProxy.java:143)
	at org.apache.hadoop.hdds.scm.storage.ByteArrayReader.readFromBlock(ByteArrayReader.java:57)
	at org.apache.hadoop.ozone.client.io.KeyInputStream.readWithStrategy(KeyInputStream.java:273)
	at org.apache.hadoop.ozone.client.io.KeyInputStream.read(KeyInputStream.java:240)
	at org.apache.hadoop.ozone.client.rpc.read.TestKeyInputStream.validate(TestKeyInputStream.java:133)
	at org.apache.hadoop.ozone.client.rpc.read.TestKeyInputStream.randomPositionSeek(TestKeyInputStream.java:115)
	at org.apache.hadoop.ozone.client.rpc.read.TestKeyInputStream.testECSeek(TestKeyInputStream.java:245)
	at org.apache.hadoop.ozone.client.rpc.read.TestKeyInputStream.testNonReplicationReads(TestKeyInputStream.java:150)
	at sun.reflect.NativeMethodAccessorImpl.invoke0(Native Method)
	at sun.reflect.NativeMethodAccessorImpl.invoke(NativeMethodAccessorImpl.java:62)
	at sun.reflect.DelegatingMethodAccessorImpl.invoke(DelegatingMethodAccessorImpl.java:43)
	at java.lang.reflect.Method.invoke(Method.java:498)
	at org.junit.runners.model.FrameworkMethod$1.runReflectiveCall(FrameworkMethod.java:59)
	at org.junit.internal.runners.model.ReflectiveCallable.run(ReflectiveCallable.java:12)
	at org.junit.runners.model.FrameworkMethod.invokeExplosively(FrameworkMethod.java:56)
	at org.junit.internal.runners.statements.InvokeMethod.evaluate(InvokeMethod.java:17)
	at org.junit.internal.runners.statements.RunBefores.evaluate(RunBefores.java:26)
	at org.junit.internal.runners.statements.RunAfters.evaluate(RunAfters.java:27)
	at org.junit.internal.runners.statements.FailOnTimeout$CallableStatement.call(FailOnTimeout.java:288)
	at org.junit.internal.runners.statements.FailOnTimeout$CallableStatement.call(FailOnTimeout.java:282)
	at java.util.concurrent.FutureTask.run(FutureTask.java:266)
	at java.lang.Thread.run(Thread.java:750)

Oct 08, 2022 1:34:01 AM org.apache.ratis.thirdparty.io.grpc.internal.ManagedChannelOrphanWrapper$ManagedChannelReference cleanQueue
SEVERE: *~*~*~ Channel ManagedChannelImpl{logId=184, target=10.1.0.61:33593} was not shutdown properly!!! ~*~*~*
    Make sure to call shutdown()/shutdownNow() and wait until awaitTermination() returns true.
java.lang.RuntimeException: ManagedChannel allocation site
	at org.apache.ratis.thirdparty.io.grpc.internal.ManagedChannelOrphanWrapper$ManagedChannelReference.<init>(ManagedChannelOrphanWrapper.java:93)
	at org.apache.ratis.thirdparty.io.grpc.internal.ManagedChannelOrphanWrapper.<init>(ManagedChannelOrphanWrapper.java:53)
	at org.apache.ratis.thirdparty.io.grpc.internal.ManagedChannelOrphanWrapper.<init>(ManagedChannelOrphanWrapper.java:44)
	at org.apache.ratis.thirdparty.io.grpc.internal.ManagedChannelImplBuilder.build(ManagedChannelImplBuilder.java:630)
	at org.apache.ratis.thirdparty.io.grpc.internal.AbstractManagedChannelImplBuilder.build(AbstractManagedChannelImplBuilder.java:297)
	at org.apache.hadoop.hdds.scm.XceiverClientGrpc.connectToDatanode(XceiverClientGrpc.java:205)
	at org.apache.hadoop.hdds.scm.XceiverClientGrpc.connect(XceiverClientGrpc.java:158)
	at org.apache.hadoop.hdds.scm.XceiverClientManager$2.call(XceiverClientManager.java:243)
	at org.apache.hadoop.hdds.scm.XceiverClientManager$2.call(XceiverClientManager.java:224)
	at com.google.common.cache.LocalCache$LocalManualCache$1.load(LocalCache.java:4868)
	at com.google.common.cache.LocalCache$LoadingValueReference.loadFuture(LocalCache.java:3533)
	at com.google.common.cache.LocalCache$Segment.loadSync(LocalCache.java:2282)
	at com.google.common.cache.LocalCache$Segment.lockedGetOrLoad(LocalCache.java:2159)
	at com.google.common.cache.LocalCache$Segment.get(LocalCache.java:2049)
	at com.google.common.cache.LocalCache.get(LocalCache.java:3966)
	at com.google.common.cache.LocalCache$LocalManualCache.get(LocalCache.java:4863)
	at org.apache.hadoop.hdds.scm.XceiverClientManager.getClient(XceiverClientManager.java:224)
	at org.apache.hadoop.hdds.scm.XceiverClientManager.acquireClient(XceiverClientManager.java:168)
	at org.apache.hadoop.hdds.scm.XceiverClientManager.acquireClient(XceiverClientManager.java:141)
	at org.apache.hadoop.hdds.scm.storage.BlockOutputStream.<init>(BlockOutputStream.java:161)
	at org.apache.hadoop.hdds.scm.storage.ECBlockOutputStream.<init>(ECBlockOutputStream.java:73)
	at org.apache.hadoop.ozone.client.io.ECBlockOutputStreamEntry.checkStream(ECBlockOutputStreamEntry.java:100)
	at org.apache.hadoop.ozone.client.io.BlockOutputStreamEntry.write(BlockOutputStreamEntry.java:123)
	at org.apache.hadoop.ozone.client.io.ECKeyOutputStream.writeToOutputStream(ECKeyOutputStream.java:406)
	at org.apache.hadoop.ozone.client.io.ECKeyOutputStream.handleOutputStreamWrite(ECKeyOutputStream.java:390)
	at org.apache.hadoop.ozone.client.io.ECKeyOutputStream.handleWrite(ECKeyOutputStream.java:364)
	at org.apache.hadoop.ozone.client.io.ECKeyOutputStream.write(ECKeyOutputStream.java:163)
	at org.apache.hadoop.ozone.client.io.OzoneOutputStream.write(OzoneOutputStream.java:50)
	at java.io.OutputStream.write(OutputStream.java:75)
	at org.apache.hadoop.ozone.client.rpc.read.TestInputStreamBase.writeRandomBytes(TestInputStreamBase.java:205)
	at org.apache.hadoop.ozone.client.rpc.read.TestKeyInputStream.testECSeek(TestKeyInputStream.java:231)
	at org.apache.hadoop.ozone.client.rpc.read.TestKeyInputStream.testNonReplicationReads(TestKeyInputStream.java:150)
	at sun.reflect.NativeMethodAccessorImpl.invoke0(Native Method)
	at sun.reflect.NativeMethodAccessorImpl.invoke(NativeMethodAccessorImpl.java:62)
	at sun.reflect.DelegatingMethodAccessorImpl.invoke(DelegatingMethodAccessorImpl.java:43)
	at java.lang.reflect.Method.invoke(Method.java:498)
	at org.junit.runners.model.FrameworkMethod$1.runReflectiveCall(FrameworkMethod.java:59)
	at org.junit.internal.runners.model.ReflectiveCallable.run(ReflectiveCallable.java:12)
	at org.junit.runners.model.FrameworkMethod.invokeExplosively(FrameworkMethod.java:56)
	at org.junit.internal.runners.statements.InvokeMethod.evaluate(InvokeMethod.java:17)
	at org.junit.internal.runners.statements.RunBefores.evaluate(RunBefores.java:26)
	at org.junit.internal.runners.statements.RunAfters.evaluate(RunAfters.java:27)
	at org.junit.internal.runners.statements.FailOnTimeout$CallableStatement.call(FailOnTimeout.java:288)
	at org.junit.internal.runners.statements.FailOnTimeout$CallableStatement.call(FailOnTimeout.java:282)
	at java.util.concurrent.FutureTask.run(FutureTask.java:266)
	at java.lang.Thread.run(Thread.java:750)

Oct 08, 2022 1:34:01 AM org.apache.ratis.thirdparty.io.grpc.internal.ManagedChannelOrphanWrapper$ManagedChannelReference cleanQueue
SEVERE: *~*~*~ Channel ManagedChannelImpl{logId=136, target=10.1.0.61:41229} was not shutdown properly!!! ~*~*~*
    Make sure to call shutdown()/shutdownNow() and wait until awaitTermination() returns true.
java.lang.RuntimeException: ManagedChannel allocation site
	at org.apache.ratis.thirdparty.io.grpc.internal.ManagedChannelOrphanWrapper$ManagedChannelReference.<init>(ManagedChannelOrphanWrapper.java:93)
	at org.apache.ratis.thirdparty.io.grpc.internal.ManagedChannelOrphanWrapper.<init>(ManagedChannelOrphanWrapper.java:53)
	at org.apache.ratis.thirdparty.io.grpc.internal.ManagedChannelOrphanWrapper.<init>(ManagedChannelOrphanWrapper.java:44)
	at org.apache.ratis.thirdparty.io.grpc.internal.ManagedChannelImplBuilder.build(ManagedChannelImplBuilder.java:630)
	at org.apache.ratis.thirdparty.io.grpc.internal.AbstractManagedChannelImplBuilder.build(AbstractManagedChannelImplBuilder.java:297)
	at org.apache.hadoop.hdds.scm.XceiverClientGrpc.connectToDatanode(XceiverClientGrpc.java:205)
	at org.apache.hadoop.hdds.scm.XceiverClientGrpc.connect(XceiverClientGrpc.java:158)
	at org.apache.hadoop.hdds.scm.XceiverClientManager$2.call(XceiverClientManager.java:243)
	at org.apache.hadoop.hdds.scm.XceiverClientManager$2.call(XceiverClientManager.java:224)
	at com.google.common.cache.LocalCache$LocalManualCache$1.load(LocalCache.java:4868)
	at com.google.common.cache.LocalCache$LoadingValueReference.loadFuture(LocalCache.java:3533)
	at com.google.common.cache.LocalCache$Segment.loadSync(LocalCache.java:2282)
	at com.google.common.cache.LocalCache$Segment.lockedGetOrLoad(LocalCache.java:2159)
	at com.google.common.cache.LocalCache$Segment.get(LocalCache.java:2049)
	at com.google.common.cache.LocalCache.get(LocalCache.java:3966)
	at com.google.common.cache.LocalCache$LocalManualCache.get(LocalCache.java:4863)
	at org.apache.hadoop.hdds.scm.XceiverClientManager.getClient(XceiverClientManager.java:224)
	at org.apache.hadoop.hdds.scm.XceiverClientManager.acquireClient(XceiverClientManager.java:168)
	at org.apache.hadoop.hdds.scm.XceiverClientManager.acquireClient(XceiverClientManager.java:141)
	at org.apache.hadoop.hdds.scm.storage.BlockOutputStream.<init>(BlockOutputStream.java:161)
	at org.apache.hadoop.hdds.scm.storage.ECBlockOutputStream.<init>(ECBlockOutputStream.java:73)
	at org.apache.hadoop.ozone.client.io.ECBlockOutputStreamEntry.checkStream(ECBlockOutputStreamEntry.java:100)
	at org.apache.hadoop.ozone.client.io.BlockOutputStreamEntry.write(BlockOutputStreamEntry.java:123)
	at org.apache.hadoop.ozone.client.io.ECKeyOutputStream.writeToOutputStream(ECKeyOutputStream.java:406)
	at org.apache.hadoop.ozone.client.io.ECKeyOutputStream.handleOutputStreamWrite(ECKeyOutputStream.java:390)
	at org.apache.hadoop.ozone.client.io.ECKeyOutputStream.handleWrite(ECKeyOutputStream.java:364)
	at org.apache.hadoop.ozone.client.io.ECKeyOutputStream.write(ECKeyOutputStream.java:163)
	at org.apache.hadoop.ozone.client.io.OzoneOutputStream.write(OzoneOutputStream.java:50)
	at java.io.OutputStream.write(OutputStream.java:75)
	at org.apache.hadoop.ozone.client.rpc.read.TestInputStreamBase.writeRandomBytes(TestInputStreamBase.java:205)
	at org.apache.hadoop.ozone.client.rpc.read.TestKeyInputStream.testECSeek(TestKeyInputStream.java:231)
	at org.apache.hadoop.ozone.client.rpc.read.TestKeyInputStream.testNonReplicationReads(TestKeyInputStream.java:150)
	at sun.reflect.NativeMethodAccessorImpl.invoke0(Native Method)
	at sun.reflect.NativeMethodAccessorImpl.invoke(NativeMethodAccessorImpl.java:62)
	at sun.reflect.DelegatingMethodAccessorImpl.invoke(DelegatingMethodAccessorImpl.java:43)
	at java.lang.reflect.Method.invoke(Method.java:498)
	at org.junit.runners.model.FrameworkMethod$1.runReflectiveCall(FrameworkMethod.java:59)
	at org.junit.internal.runners.model.ReflectiveCallable.run(ReflectiveCallable.java:12)
	at org.junit.runners.model.FrameworkMethod.invokeExplosively(FrameworkMethod.java:56)
	at org.junit.internal.runners.statements.InvokeMethod.evaluate(InvokeMethod.java:17)
	at org.junit.internal.runners.statements.RunBefores.evaluate(RunBefores.java:26)
	at org.junit.internal.runners.statements.RunAfters.evaluate(RunAfters.java:27)
	at org.junit.internal.runners.statements.FailOnTimeout$CallableStatement.call(FailOnTimeout.java:288)
	at org.junit.internal.runners.statements.FailOnTimeout$CallableStatement.call(FailOnTimeout.java:282)
	at java.util.concurrent.FutureTask.run(FutureTask.java:266)
	at java.lang.Thread.run(Thread.java:750)

Oct 08, 2022 1:34:01 AM org.apache.ratis.thirdparty.io.grpc.internal.ManagedChannelOrphanWrapper$ManagedChannelReference cleanQueue
SEVERE: *~*~*~ Channel ManagedChannelImpl{logId=239, target=10.1.0.61:41229} was not shutdown properly!!! ~*~*~*
    Make sure to call shutdown()/shutdownNow() and wait until awaitTermination() returns true.
java.lang.RuntimeException: ManagedChannel allocation site
	at org.apache.ratis.thirdparty.io.grpc.internal.ManagedChannelOrphanWrapper$ManagedChannelReference.<init>(ManagedChannelOrphanWrapper.java:93)
	at org.apache.ratis.thirdparty.io.grpc.internal.ManagedChannelOrphanWrapper.<init>(ManagedChannelOrphanWrapper.java:53)
	at org.apache.ratis.thirdparty.io.grpc.internal.ManagedChannelOrphanWrapper.<init>(ManagedChannelOrphanWrapper.java:44)
	at org.apache.ratis.thirdparty.io.grpc.internal.ManagedChannelImplBuilder.build(ManagedChannelImplBuilder.java:630)
	at org.apache.ratis.thirdparty.io.grpc.internal.AbstractManagedChannelImplBuilder.build(AbstractManagedChannelImplBuilder.java:297)
	at org.apache.hadoop.hdds.scm.XceiverClientGrpc.connectToDatanode(XceiverClientGrpc.java:205)
	at org.apache.hadoop.hdds.scm.XceiverClientGrpc.connect(XceiverClientGrpc.java:158)
	at org.apache.hadoop.hdds.scm.XceiverClientManager$2.call(XceiverClientManager.java:243)
	at org.apache.hadoop.hdds.scm.XceiverClientManager$2.call(XceiverClientManager.java:224)
	at com.google.common.cache.LocalCache$LocalManualCache$1.load(LocalCache.java:4868)
	at com.google.common.cache.LocalCache$LoadingValueReference.loadFuture(LocalCache.java:3533)
	at com.google.common.cache.LocalCache$Segment.loadSync(LocalCache.java:2282)
	at com.google.common.cache.LocalCache$Segment.lockedGetOrLoad(LocalCache.java:2159)
	at com.google.common.cache.LocalCache$Segment.get(LocalCache.java:2049)
	at com.google.common.cache.LocalCache.get(LocalCache.java:3966)
	at com.google.common.cache.LocalCache$LocalManualCache.get(LocalCache.java:4863)
	at org.apache.hadoop.hdds.scm.XceiverClientManager.getClient(XceiverClientManager.java:224)
	at org.apache.hadoop.hdds.scm.XceiverClientManager.acquireClient(XceiverClientManager.java:168)
	at org.apache.hadoop.hdds.scm.XceiverClientManager.acquireClientForReadData(XceiverClientManager.java:157)
	at org.apache.hadoop.hdds.scm.storage.BlockInputStream.acquireClient(BlockInputStream.java:256)
	at org.apache.hadoop.hdds.scm.storage.BlockInputStream.getChunkInfos(BlockInputStream.java:223)
	at org.apache.hadoop.hdds.scm.storage.BlockInputStream.initialize(BlockInputStream.java:146)
	at org.apache.hadoop.hdds.scm.storage.BlockInputStream.readWithStrategy(BlockInputStream.java:283)
	at org.apache.hadoop.hdds.scm.storage.ExtendedInputStream.read(ExtendedInputStream.java:64)
	at org.apache.hadoop.hdds.scm.storage.ByteBufferReader.readFromBlock(ByteBufferReader.java:56)
	at org.apache.hadoop.ozone.client.io.ECBlockInputStream.readFromStream(ECBlockInputStream.java:365)
	at org.apache.hadoop.ozone.client.io.ECBlockInputStream.readWithStrategy(ECBlockInputStream.java:300)
	at org.apache.hadoop.hdds.scm.storage.ExtendedInputStream.read(ExtendedInputStream.java:64)
	at org.apache.hadoop.ozone.client.io.ECBlockInputStreamProxy.read(ECBlockInputStreamProxy.java:158)
	at org.apache.hadoop.ozone.client.io.ECBlockInputStreamProxy.read(ECBlockInputStreamProxy.java:143)
	at org.apache.hadoop.hdds.scm.storage.ByteArrayReader.readFromBlock(ByteArrayReader.java:57)
	at org.apache.hadoop.ozone.client.io.KeyInputStream.readWithStrategy(KeyInputStream.java:273)
	at org.apache.hadoop.ozone.client.io.KeyInputStream.read(KeyInputStream.java:240)
	at org.apache.hadoop.ozone.client.rpc.read.TestKeyInputStream.validate(TestKeyInputStream.java:133)
	at org.apache.hadoop.ozone.client.rpc.read.TestKeyInputStream.randomPositionSeek(TestKeyInputStream.java:115)
	at org.apache.hadoop.ozone.client.rpc.read.TestKeyInputStream.testECSeek(TestKeyInputStream.java:245)
	at org.apache.hadoop.ozone.client.rpc.read.TestKeyInputStream.testNonReplicationReads(TestKeyInputStream.java:150)
	at sun.reflect.NativeMethodAccessorImpl.invoke0(Native Method)
	at sun.reflect.NativeMethodAccessorImpl.invoke(NativeMethodAccessorImpl.java:62)
	at sun.reflect.DelegatingMethodAccessorImpl.invoke(DelegatingMethodAccessorImpl.java:43)
	at java.lang.reflect.Method.invoke(Method.java:498)
	at org.junit.runners.model.FrameworkMethod$1.runReflectiveCall(FrameworkMethod.java:59)
	at org.junit.internal.runners.model.ReflectiveCallable.run(ReflectiveCallable.java:12)
	at org.junit.runners.model.FrameworkMethod.invokeExplosively(FrameworkMethod.java:56)
	at org.junit.internal.runners.statements.InvokeMethod.evaluate(InvokeMethod.java:17)
	at org.junit.internal.runners.statements.RunBefores.evaluate(RunBefores.java:26)
	at org.junit.internal.runners.statements.RunAfters.evaluate(RunAfters.java:27)
	at org.junit.internal.runners.statements.FailOnTimeout$CallableStatement.call(FailOnTimeout.java:288)
	at org.junit.internal.runners.statements.FailOnTimeout$CallableStatement.call(FailOnTimeout.java:282)
	at java.util.concurrent.FutureTask.run(FutureTask.java:266)
	at java.lang.Thread.run(Thread.java:750)

Oct 08, 2022 1:34:01 AM org.apache.ratis.thirdparty.io.grpc.internal.ManagedChannelOrphanWrapper$ManagedChannelReference cleanQueue
SEVERE: *~*~*~ Channel ManagedChannelImpl{logId=165, target=10.1.0.61:33593} was not shutdown properly!!! ~*~*~*
    Make sure to call shutdown()/shutdownNow() and wait until awaitTermination() returns true.
java.lang.RuntimeException: ManagedChannel allocation site
	at org.apache.ratis.thirdparty.io.grpc.internal.ManagedChannelOrphanWrapper$ManagedChannelReference.<init>(ManagedChannelOrphanWrapper.java:93)
	at org.apache.ratis.thirdparty.io.grpc.internal.ManagedChannelOrphanWrapper.<init>(ManagedChannelOrphanWrapper.java:53)
	at org.apache.ratis.thirdparty.io.grpc.internal.ManagedChannelOrphanWrapper.<init>(ManagedChannelOrphanWrapper.java:44)
	at org.apache.ratis.thirdparty.io.grpc.internal.ManagedChannelImplBuilder.build(ManagedChannelImplBuilder.java:630)
	at org.apache.ratis.thirdparty.io.grpc.internal.AbstractManagedChannelImplBuilder.build(AbstractManagedChannelImplBuilder.java:297)
	at org.apache.hadoop.hdds.scm.XceiverClientGrpc.connectToDatanode(XceiverClientGrpc.java:205)
	at org.apache.hadoop.hdds.scm.XceiverClientGrpc.connect(XceiverClientGrpc.java:158)
	at org.apache.hadoop.hdds.scm.XceiverClientManager$2.call(XceiverClientManager.java:243)
	at org.apache.hadoop.hdds.scm.XceiverClientManager$2.call(XceiverClientManager.java:224)
	at com.google.common.cache.LocalCache$LocalManualCache$1.load(LocalCache.java:4868)
	at com.google.common.cache.LocalCache$LoadingValueReference.loadFuture(LocalCache.java:3533)
	at com.google.common.cache.LocalCache$Segment.loadSync(LocalCache.java:2282)
	at com.google.common.cache.LocalCache$Segment.lockedGetOrLoad(LocalCache.java:2159)
	at com.google.common.cache.LocalCache$Segment.get(LocalCache.java:2049)
	at com.google.common.cache.LocalCache.get(LocalCache.java:3966)
	at com.google.common.cache.LocalCache$LocalManualCache.get(LocalCache.java:4863)
	at org.apache.hadoop.hdds.scm.XceiverClientManager.getClient(XceiverClientManager.java:224)
	at org.apache.hadoop.hdds.scm.XceiverClientManager.acquireClient(XceiverClientManager.java:168)
	at org.apache.hadoop.hdds.scm.XceiverClientManager.acquireClient(XceiverClientManager.java:141)
	at org.apache.hadoop.hdds.scm.storage.BlockOutputStream.<init>(BlockOutputStream.java:161)
	at org.apache.hadoop.hdds.scm.storage.ECBlockOutputStream.<init>(ECBlockOutputStream.java:73)
	at org.apache.hadoop.ozone.client.io.ECBlockOutputStreamEntry.checkStream(ECBlockOutputStreamEntry.java:100)
	at org.apache.hadoop.ozone.client.io.BlockOutputStreamEntry.write(BlockOutputStreamEntry.java:123)
	at org.apache.hadoop.ozone.client.io.ECKeyOutputStream.writeToOutputStream(ECKeyOutputStream.java:406)
	at org.apache.hadoop.ozone.client.io.ECKeyOutputStream.handleOutputStreamWrite(ECKeyOutputStream.java:390)
	at org.apache.hadoop.ozone.client.io.ECKeyOutputStream.handleWrite(ECKeyOutputStream.java:364)
	at org.apache.hadoop.ozone.client.io.ECKeyOutputStream.write(ECKeyOutputStream.java:163)
	at org.apache.hadoop.ozone.client.io.OzoneOutputStream.write(OzoneOutputStream.java:50)
	at java.io.OutputStream.write(OutputStream.java:75)
	at org.apache.hadoop.ozone.client.rpc.read.TestInputStreamBase.writeRandomBytes(TestInputStreamBase.java:205)
	at org.apache.hadoop.ozone.client.rpc.read.TestKeyInputStream.testECSeek(TestKeyInputStream.java:231)
	at org.apache.hadoop.ozone.client.rpc.read.TestKeyInputStream.testNonReplicationReads(TestKeyInputStream.java:150)
	at sun.reflect.NativeMethodAccessorImpl.invoke0(Native Method)
	at sun.reflect.NativeMethodAccessorImpl.invoke(NativeMethodAccessorImpl.java:62)
	at sun.reflect.DelegatingMethodAccessorImpl.invoke(DelegatingMethodAccessorImpl.java:43)
	at java.lang.reflect.Method.invoke(Method.java:498)
	at org.junit.runners.model.FrameworkMethod$1.runReflectiveCall(FrameworkMethod.java:59)
	at org.junit.internal.runners.model.ReflectiveCallable.run(ReflectiveCallable.java:12)
	at org.junit.runners.model.FrameworkMethod.invokeExplosively(FrameworkMethod.java:56)
	at org.junit.internal.runners.statements.InvokeMethod.evaluate(InvokeMethod.java:17)
	at org.junit.internal.runners.statements.RunBefores.evaluate(RunBefores.java:26)
	at org.junit.internal.runners.statements.RunAfters.evaluate(RunAfters.java:27)
	at org.junit.internal.runners.statements.FailOnTimeout$CallableStatement.call(FailOnTimeout.java:288)
	at org.junit.internal.runners.statements.FailOnTimeout$CallableStatement.call(FailOnTimeout.java:282)
	at java.util.concurrent.FutureTask.run(FutureTask.java:266)
	at java.lang.Thread.run(Thread.java:750)

Oct 08, 2022 1:34:01 AM org.apache.ratis.thirdparty.io.grpc.internal.ManagedChannelOrphanWrapper$ManagedChannelReference cleanQueue
SEVERE: *~*~*~ Channel ManagedChannelImpl{logId=219, target=10.1.0.61:39893} was not shutdown properly!!! ~*~*~*
    Make sure to call shutdown()/shutdownNow() and wait until awaitTermination() returns true.
java.lang.RuntimeException: ManagedChannel allocation site
	at org.apache.ratis.thirdparty.io.grpc.internal.ManagedChannelOrphanWrapper$ManagedChannelReference.<init>(ManagedChannelOrphanWrapper.java:93)
	at org.apache.ratis.thirdparty.io.grpc.internal.ManagedChannelOrphanWrapper.<init>(ManagedChannelOrphanWrapper.java:53)
	at org.apache.ratis.thirdparty.io.grpc.internal.ManagedChannelOrphanWrapper.<init>(ManagedChannelOrphanWrapper.java:44)
	at org.apache.ratis.thirdparty.io.grpc.internal.ManagedChannelImplBuilder.build(ManagedChannelImplBuilder.java:630)
	at org.apache.ratis.thirdparty.io.grpc.internal.AbstractManagedChannelImplBuilder.build(AbstractManagedChannelImplBuilder.java:297)
	at org.apache.hadoop.hdds.scm.XceiverClientGrpc.connectToDatanode(XceiverClientGrpc.java:205)
	at org.apache.hadoop.hdds.scm.XceiverClientGrpc.connect(XceiverClientGrpc.java:158)
	at org.apache.hadoop.hdds.scm.XceiverClientManager$2.call(XceiverClientManager.java:243)
	at org.apache.hadoop.hdds.scm.XceiverClientManager$2.call(XceiverClientManager.java:224)
	at com.google.common.cache.LocalCache$LocalManualCache$1.load(LocalCache.java:4868)
	at com.google.common.cache.LocalCache$LoadingValueReference.loadFuture(LocalCache.java:3533)
	at com.google.common.cache.LocalCache$Segment.loadSync(LocalCache.java:2282)
	at com.google.common.cache.LocalCache$Segment.lockedGetOrLoad(LocalCache.java:2159)
	at com.google.common.cache.LocalCache$Segment.get(LocalCache.java:2049)
	at com.google.common.cache.LocalCache.get(LocalCache.java:3966)
	at com.google.common.cache.LocalCache$LocalManualCache.get(LocalCache.java:4863)
	at org.apache.hadoop.hdds.scm.XceiverClientManager.getClient(XceiverClientManager.java:224)
	at org.apache.hadoop.hdds.scm.XceiverClientManager.acquireClient(XceiverClientManager.java:168)
	at org.apache.hadoop.hdds.scm.XceiverClientManager.acquireClientForReadData(XceiverClientManager.java:157)
	at org.apache.hadoop.hdds.scm.storage.BlockInputStream.acquireClient(BlockInputStream.java:256)
	at org.apache.hadoop.hdds.scm.storage.BlockInputStream.getChunkInfos(BlockInputStream.java:223)
	at org.apache.hadoop.hdds.scm.storage.BlockInputStream.initialize(BlockInputStream.java:146)
	at org.apache.hadoop.hdds.scm.storage.BlockInputStream.readWithStrategy(BlockInputStream.java:283)
	at org.apache.hadoop.hdds.scm.storage.ExtendedInputStream.read(ExtendedInputStream.java:64)
	at org.apache.hadoop.hdds.scm.storage.ByteBufferReader.readFromBlock(ByteBufferReader.java:56)
	at org.apache.hadoop.ozone.client.io.ECBlockInputStream.readFromStream(ECBlockInputStream.java:365)
	at org.apache.hadoop.ozone.client.io.ECBlockInputStream.readWithStrategy(ECBlockInputStream.java:300)
	at org.apache.hadoop.hdds.scm.storage.ExtendedInputStream.read(ExtendedInputStream.java:64)
	at org.apache.hadoop.ozone.client.io.ECBlockInputStreamProxy.read(ECBlockInputStreamProxy.java:158)
	at org.apache.hadoop.ozone.client.io.ECBlockInputStreamProxy.read(ECBlockInputStreamProxy.java:143)
	at org.apache.hadoop.hdds.scm.storage.ByteArrayReader.readFromBlock(ByteArrayReader.java:57)
	at org.apache.hadoop.ozone.client.io.KeyInputStream.readWithStrategy(KeyInputStream.java:273)
	at org.apache.hadoop.ozone.client.io.KeyInputStream.read(KeyInputStream.java:240)
	at org.apache.hadoop.ozone.client.rpc.read.TestKeyInputStream.validate(TestKeyInputStream.java:133)
	at org.apache.hadoop.ozone.client.rpc.read.TestKeyInputStream.testECSeek(TestKeyInputStream.java:238)
	at org.apache.hadoop.ozone.client.rpc.read.TestKeyInputStream.testNonReplicationReads(TestKeyInputStream.java:150)
	at sun.reflect.NativeMethodAccessorImpl.invoke0(Native Method)
	at sun.reflect.NativeMethodAccessorImpl.invoke(NativeMethodAccessorImpl.java:62)
	at sun.reflect.DelegatingMethodAccessorImpl.invoke(DelegatingMethodAccessorImpl.java:43)
	at java.lang.reflect.Method.invoke(Method.java:498)
	at org.junit.runners.model.FrameworkMethod$1.runReflectiveCall(FrameworkMethod.java:59)
	at org.junit.internal.runners.model.ReflectiveCallable.run(ReflectiveCallable.java:12)
	at org.junit.runners.model.FrameworkMethod.invokeExplosively(FrameworkMethod.java:56)
	at org.junit.internal.runners.statements.InvokeMethod.evaluate(InvokeMethod.java:17)
	at org.junit.internal.runners.statements.RunBefores.evaluate(RunBefores.java:26)
	at org.junit.internal.runners.statements.RunAfters.evaluate(RunAfters.java:27)
	at org.junit.internal.runners.statements.FailOnTimeout$CallableStatement.call(FailOnTimeout.java:288)
	at org.junit.internal.runners.statements.FailOnTimeout$CallableStatement.call(FailOnTimeout.java:282)
	at java.util.concurrent.FutureTask.run(FutureTask.java:266)
	at java.lang.Thread.run(Thread.java:750)

Oct 08, 2022 1:34:01 AM org.apache.ratis.thirdparty.io.grpc.internal.ManagedChannelOrphanWrapper$ManagedChannelReference cleanQueue
SEVERE: *~*~*~ Channel ManagedChannelImpl{logId=94, target=10.1.0.61:39893} was not shutdown properly!!! ~*~*~*
    Make sure to call shutdown()/shutdownNow() and wait until awaitTermination() returns true.
java.lang.RuntimeException: ManagedChannel allocation site
	at org.apache.ratis.thirdparty.io.grpc.internal.ManagedChannelOrphanWrapper$ManagedChannelReference.<init>(ManagedChannelOrphanWrapper.java:93)
	at org.apache.ratis.thirdparty.io.grpc.internal.ManagedChannelOrphanWrapper.<init>(ManagedChannelOrphanWrapper.java:53)
	at org.apache.ratis.thirdparty.io.grpc.internal.ManagedChannelOrphanWrapper.<init>(ManagedChannelOrphanWrapper.java:44)
	at org.apache.ratis.thirdparty.io.grpc.internal.ManagedChannelImplBuilder.build(ManagedChannelImplBuilder.java:630)
	at org.apache.ratis.thirdparty.io.grpc.internal.AbstractManagedChannelImplBuilder.build(AbstractManagedChannelImplBuilder.java:297)
	at org.apache.hadoop.hdds.scm.XceiverClientGrpc.connectToDatanode(XceiverClientGrpc.java:205)
	at org.apache.hadoop.hdds.scm.XceiverClientGrpc.connect(XceiverClientGrpc.java:158)
	at org.apache.hadoop.hdds.scm.XceiverClientManager$2.call(XceiverClientManager.java:243)
	at org.apache.hadoop.hdds.scm.XceiverClientManager$2.call(XceiverClientManager.java:224)
	at com.google.common.cache.LocalCache$LocalManualCache$1.load(LocalCache.java:4868)
	at com.google.common.cache.LocalCache$LoadingValueReference.loadFuture(LocalCache.java:3533)
	at com.google.common.cache.LocalCache$Segment.loadSync(LocalCache.java:2282)
	at com.google.common.cache.LocalCache$Segment.lockedGetOrLoad(LocalCache.java:2159)
	at com.google.common.cache.LocalCache$Segment.get(LocalCache.java:2049)
	at com.google.common.cache.LocalCache.get(LocalCache.java:3966)
	at com.google.common.cache.LocalCache$LocalManualCache.get(LocalCache.java:4863)
	at org.apache.hadoop.hdds.scm.XceiverClientManager.getClient(XceiverClientManager.java:224)
	at org.apache.hadoop.hdds.scm.XceiverClientManager.acquireClient(XceiverClientManager.java:168)
	at org.apache.hadoop.hdds.scm.XceiverClientManager.acquireClientForReadData(XceiverClientManager.java:157)
	at org.apache.hadoop.hdds.scm.storage.BlockInputStream.acquireClient(BlockInputStream.java:256)
	at org.apache.hadoop.hdds.scm.storage.BlockInputStream.getChunkInfos(BlockInputStream.java:223)
	at org.apache.hadoop.hdds.scm.storage.BlockInputStream.initialize(BlockInputStream.java:146)
	at org.apache.hadoop.hdds.scm.storage.BlockInputStream.readWithStrategy(BlockInputStream.java:283)
	at org.apache.hadoop.hdds.scm.storage.ExtendedInputStream.read(ExtendedInputStream.java:54)
	at org.apache.hadoop.hdds.scm.storage.ByteArrayReader.readFromBlock(ByteArrayReader.java:57)
	at org.apache.hadoop.ozone.client.io.KeyInputStream.readWithStrategy(KeyInputStream.java:273)
	at org.apache.hadoop.ozone.client.io.KeyInputStream.read(KeyInputStream.java:240)
	at org.apache.hadoop.ozone.client.rpc.read.TestKeyInputStream.testSeek(TestKeyInputStream.java:282)
	at org.apache.hadoop.ozone.client.rpc.read.TestKeyInputStream.testNonReplicationReads(TestKeyInputStream.java:146)
	at sun.reflect.NativeMethodAccessorImpl.invoke0(Native Method)
	at sun.reflect.NativeMethodAccessorImpl.invoke(NativeMethodAccessorImpl.java:62)
	at sun.reflect.DelegatingMethodAccessorImpl.invoke(DelegatingMethodAccessorImpl.java:43)
	at java.lang.reflect.Method.invoke(Method.java:498)
	at org.junit.runners.model.FrameworkMethod$1.runReflectiveCall(FrameworkMethod.java:59)
	at org.junit.internal.runners.model.ReflectiveCallable.run(ReflectiveCallable.java:12)
	at org.junit.runners.model.FrameworkMethod.invokeExplosively(FrameworkMethod.java:56)
	at org.junit.internal.runners.statements.InvokeMethod.evaluate(InvokeMethod.java:17)
	at org.junit.internal.runners.statements.RunBefores.evaluate(RunBefores.java:26)
	at org.junit.internal.runners.statements.RunAfters.evaluate(RunAfters.java:27)
	at org.junit.internal.runners.statements.FailOnTimeout$CallableStatement.call(FailOnTimeout.java:288)
	at org.junit.internal.runners.statements.FailOnTimeout$CallableStatement.call(FailOnTimeout.java:282)
	at java.util.concurrent.FutureTask.run(FutureTask.java:266)
	at java.lang.Thread.run(Thread.java:750)

Oct 08, 2022 1:34:01 AM org.apache.ratis.thirdparty.io.grpc.internal.ManagedChannelOrphanWrapper$ManagedChannelReference cleanQueue
SEVERE: *~*~*~ Channel ManagedChannelImpl{logId=109, target=10.1.0.61:33593} was not shutdown properly!!! ~*~*~*
    Make sure to call shutdown()/shutdownNow() and wait until awaitTermination() returns true.
java.lang.RuntimeException: ManagedChannel allocation site
	at org.apache.ratis.thirdparty.io.grpc.internal.ManagedChannelOrphanWrapper$ManagedChannelReference.<init>(ManagedChannelOrphanWrapper.java:93)
	at org.apache.ratis.thirdparty.io.grpc.internal.ManagedChannelOrphanWrapper.<init>(ManagedChannelOrphanWrapper.java:53)
	at org.apache.ratis.thirdparty.io.grpc.internal.ManagedChannelOrphanWrapper.<init>(ManagedChannelOrphanWrapper.java:44)
	at org.apache.ratis.thirdparty.io.grpc.internal.ManagedChannelImplBuilder.build(ManagedChannelImplBuilder.java:630)
	at org.apache.ratis.thirdparty.io.grpc.internal.AbstractManagedChannelImplBuilder.build(AbstractManagedChannelImplBuilder.java:297)
	at org.apache.hadoop.hdds.scm.XceiverClientGrpc.connectToDatanode(XceiverClientGrpc.java:205)
	at org.apache.hadoop.hdds.scm.XceiverClientGrpc.connect(XceiverClientGrpc.java:158)
	at org.apache.hadoop.hdds.scm.XceiverClientManager$2.call(XceiverClientManager.java:243)
	at org.apache.hadoop.hdds.scm.XceiverClientManager$2.call(XceiverClientManager.java:224)
	at com.google.common.cache.LocalCache$LocalManualCache$1.load(LocalCache.java:4868)
	at com.google.common.cache.LocalCache$LoadingValueReference.loadFuture(LocalCache.java:3533)
	at com.google.common.cache.LocalCache$Segment.loadSync(LocalCache.java:2282)
	at com.google.common.cache.LocalCache$Segment.lockedGetOrLoad(LocalCache.java:2159)
	at com.google.common.cache.LocalCache$Segment.get(LocalCache.java:2049)
	at com.google.common.cache.LocalCache.get(LocalCache.java:3966)
	at com.google.common.cache.LocalCache$LocalManualCache.get(LocalCache.java:4863)
	at org.apache.hadoop.hdds.scm.XceiverClientManager.getClient(XceiverClientManager.java:224)
	at org.apache.hadoop.hdds.scm.XceiverClientManager.acquireClient(XceiverClientManager.java:168)
	at org.apache.hadoop.hdds.scm.XceiverClientManager.acquireClient(XceiverClientManager.java:141)
	at org.apache.hadoop.hdds.scm.storage.BlockOutputStream.<init>(BlockOutputStream.java:161)
	at org.apache.hadoop.hdds.scm.storage.ECBlockOutputStream.<init>(ECBlockOutputStream.java:73)
	at org.apache.hadoop.ozone.client.io.ECBlockOutputStreamEntry.checkStream(ECBlockOutputStreamEntry.java:100)
	at org.apache.hadoop.ozone.client.io.BlockOutputStreamEntry.write(BlockOutputStreamEntry.java:123)
	at org.apache.hadoop.ozone.client.io.ECKeyOutputStream.writeToOutputStream(ECKeyOutputStream.java:406)
	at org.apache.hadoop.ozone.client.io.ECKeyOutputStream.handleOutputStreamWrite(ECKeyOutputStream.java:390)
	at org.apache.hadoop.ozone.client.io.ECKeyOutputStream.handleWrite(ECKeyOutputStream.java:364)
	at org.apache.hadoop.ozone.client.io.ECKeyOutputStream.write(ECKeyOutputStream.java:163)
	at org.apache.hadoop.ozone.client.io.OzoneOutputStream.write(OzoneOutputStream.java:50)
	at java.io.OutputStream.write(OutputStream.java:75)
	at org.apache.hadoop.ozone.client.rpc.read.TestInputStreamBase.writeRandomBytes(TestInputStreamBase.java:205)
	at org.apache.hadoop.ozone.client.rpc.read.TestKeyInputStream.testECSeek(TestKeyInputStream.java:231)
	at org.apache.hadoop.ozone.client.rpc.read.TestKeyInputStream.testNonReplicationReads(TestKeyInputStream.java:150)
	at sun.reflect.NativeMethodAccessorImpl.invoke0(Native Method)
	at sun.reflect.NativeMethodAccessorImpl.invoke(NativeMethodAccessorImpl.java:62)
	at sun.reflect.DelegatingMethodAccessorImpl.invoke(DelegatingMethodAccessorImpl.java:43)
	at java.lang.reflect.Method.invoke(Method.java:498)
	at org.junit.runners.model.FrameworkMethod$1.runReflectiveCall(FrameworkMethod.java:59)
	at org.junit.internal.runners.model.ReflectiveCallable.run(ReflectiveCallable.java:12)
	at org.junit.runners.model.FrameworkMethod.invokeExplosively(FrameworkMethod.java:56)
	at org.junit.internal.runners.statements.InvokeMethod.evaluate(InvokeMethod.java:17)
	at org.junit.internal.runners.statements.RunBefores.evaluate(RunBefores.java:26)
	at org.junit.internal.runners.statements.RunAfters.evaluate(RunAfters.java:27)
	at org.junit.internal.runners.statements.FailOnTimeout$CallableStatement.call(FailOnTimeout.java:288)
	at org.junit.internal.runners.statements.FailOnTimeout$CallableStatement.call(FailOnTimeout.java:282)
	at java.util.concurrent.FutureTask.run(FutureTask.java:266)
	at java.lang.Thread.run(Thread.java:750)

Oct 08, 2022 1:34:01 AM org.apache.ratis.thirdparty.io.grpc.internal.ManagedChannelOrphanWrapper$ManagedChannelReference cleanQueue
SEVERE: *~*~*~ Channel ManagedChannelImpl{logId=406, target=10.1.0.61:39829} was not shutdown properly!!! ~*~*~*
    Make sure to call shutdown()/shutdownNow() and wait until awaitTermination() returns true.
java.lang.RuntimeException: ManagedChannel allocation site
	at org.apache.ratis.thirdparty.io.grpc.internal.ManagedChannelOrphanWrapper$ManagedChannelReference.<init>(ManagedChannelOrphanWrapper.java:93)
	at org.apache.ratis.thirdparty.io.grpc.internal.ManagedChannelOrphanWrapper.<init>(ManagedChannelOrphanWrapper.java:53)
	at org.apache.ratis.thirdparty.io.grpc.internal.ManagedChannelOrphanWrapper.<init>(ManagedChannelOrphanWrapper.java:44)
	at org.apache.ratis.thirdparty.io.grpc.internal.ManagedChannelImplBuilder.build(ManagedChannelImplBuilder.java:630)
	at org.apache.ratis.thirdparty.io.grpc.internal.AbstractManagedChannelImplBuilder.build(AbstractManagedChannelImplBuilder.java:297)
	at org.apache.hadoop.hdds.scm.XceiverClientGrpc.connectToDatanode(XceiverClientGrpc.java:205)
	at org.apache.hadoop.hdds.scm.XceiverClientGrpc.connect(XceiverClientGrpc.java:158)
	at org.apache.hadoop.hdds.scm.XceiverClientManager$2.call(XceiverClientManager.java:243)
	at org.apache.hadoop.hdds.scm.XceiverClientManager$2.call(XceiverClientManager.java:224)
	at com.google.common.cache.LocalCache$LocalManualCache$1.load(LocalCache.java:4868)
	at com.google.common.cache.LocalCache$LoadingValueReference.loadFuture(LocalCache.java:3533)
	at com.google.common.cache.LocalCache$Segment.loadSync(LocalCache.java:2282)
	at com.google.common.cache.LocalCache$Segment.lockedGetOrLoad(LocalCache.java:2159)
	at com.google.common.cache.LocalCache$Segment.get(LocalCache.java:2049)
	at com.google.common.cache.LocalCache.get(LocalCache.java:3966)
	at com.google.common.cache.LocalCache$LocalManualCache.get(LocalCache.java:4863)
	at org.apache.hadoop.hdds.scm.XceiverClientManager.getClient(XceiverClientManager.java:224)
	at org.apache.hadoop.hdds.scm.XceiverClientManager.acquireClient(XceiverClientManager.java:168)
	at org.apache.hadoop.hdds.scm.XceiverClientManager.acquireClientForReadData(XceiverClientManager.java:157)
	at org.apache.hadoop.hdds.scm.storage.ChunkInputStream.acquireClient(ChunkInputStream.java:301)
	at org.apache.hadoop.hdds.scm.storage.ChunkInputStream.read(ChunkInputStream.java:173)
	at org.apache.hadoop.hdds.scm.storage.ByteArrayReader.readFromBlock(ByteArrayReader.java:57)
	at org.apache.hadoop.hdds.scm.storage.BlockInputStream.readWithStrategy(BlockInputStream.java:303)
	at org.apache.hadoop.hdds.scm.storage.ExtendedInputStream.read(ExtendedInputStream.java:54)
	at org.apache.hadoop.hdds.scm.storage.ByteArrayReader.readFromBlock(ByteArrayReader.java:57)
	at org.apache.hadoop.ozone.client.io.KeyInputStream.readWithStrategy(KeyInputStream.java:273)
	at org.apache.hadoop.ozone.client.io.KeyInputStream.read(KeyInputStream.java:240)
	at java.io.InputStream.read(InputStream.java:101)
	at org.apache.hadoop.ozone.client.rpc.read.TestKeyInputStream.assertReadFully(TestKeyInputStream.java:478)
	at org.apache.hadoop.ozone.client.rpc.read.TestKeyInputStream.testReadAfterReplication(TestKeyInputStream.java:436)
	at org.apache.hadoop.ozone.client.rpc.read.TestKeyInputStream.readAfterReplicationWithUnbuffering(TestKeyInputStream.java:398)
	at sun.reflect.NativeMethodAccessorImpl.invoke0(Native Method)
	at sun.reflect.NativeMethodAccessorImpl.invoke(NativeMethodAccessorImpl.java:62)
	at sun.reflect.DelegatingMethodAccessorImpl.invoke(DelegatingMethodAccessorImpl.java:43)
	at java.lang.reflect.Method.invoke(Method.java:498)
	at org.junit.runners.model.FrameworkMethod$1.runReflectiveCall(FrameworkMethod.java:59)
	at org.junit.internal.runners.model.ReflectiveCallable.run(ReflectiveCallable.java:12)
	at org.junit.runners.model.FrameworkMethod.invokeExplosively(FrameworkMethod.java:56)
	at org.junit.internal.runners.statements.InvokeMethod.evaluate(InvokeMethod.java:17)
	at org.junit.internal.runners.statements.RunBefores.evaluate(RunBefores.java:26)
	at org.junit.internal.runners.statements.RunAfters.evaluate(RunAfters.java:27)
	at org.junit.internal.runners.statements.FailOnTimeout$CallableStatement.call(FailOnTimeout.java:288)
	at org.junit.internal.runners.statements.FailOnTimeout$CallableStatement.call(FailOnTimeout.java:282)
	at java.util.concurrent.FutureTask.run(FutureTask.java:266)
	at java.lang.Thread.run(Thread.java:750)

Oct 08, 2022 1:34:01 AM org.apache.ratis.thirdparty.io.grpc.internal.ManagedChannelOrphanWrapper$ManagedChannelReference cleanQueue
SEVERE: *~*~*~ Channel ManagedChannelImpl{logId=214, target=10.1.0.61:41021} was not shutdown properly!!! ~*~*~*
    Make sure to call shutdown()/shutdownNow() and wait until awaitTermination() returns true.
java.lang.RuntimeException: ManagedChannel allocation site
	at org.apache.ratis.thirdparty.io.grpc.internal.ManagedChannelOrphanWrapper$ManagedChannelReference.<init>(ManagedChannelOrphanWrapper.java:93)
	at org.apache.ratis.thirdparty.io.grpc.internal.ManagedChannelOrphanWrapper.<init>(ManagedChannelOrphanWrapper.java:53)
	at org.apache.ratis.thirdparty.io.grpc.internal.ManagedChannelOrphanWrapper.<init>(ManagedChannelOrphanWrapper.java:44)
	at org.apache.ratis.thirdparty.io.grpc.internal.ManagedChannelImplBuilder.build(ManagedChannelImplBuilder.java:630)
	at org.apache.ratis.thirdparty.io.grpc.internal.AbstractManagedChannelImplBuilder.build(AbstractManagedChannelImplBuilder.java:297)
	at org.apache.hadoop.hdds.scm.XceiverClientGrpc.connectToDatanode(XceiverClientGrpc.java:205)
	at org.apache.hadoop.hdds.scm.XceiverClientGrpc.connect(XceiverClientGrpc.java:158)
	at org.apache.hadoop.hdds.scm.XceiverClientManager$2.call(XceiverClientManager.java:243)
	at org.apache.hadoop.hdds.scm.XceiverClientManager$2.call(XceiverClientManager.java:224)
	at com.google.common.cache.LocalCache$LocalManualCache$1.load(LocalCache.java:4868)
	at com.google.common.cache.LocalCache$LoadingValueReference.loadFuture(LocalCache.java:3533)
	at com.google.common.cache.LocalCache$Segment.loadSync(LocalCache.java:2282)
	at com.google.common.cache.LocalCache$Segment.lockedGetOrLoad(LocalCache.java:2159)
	at com.google.common.cache.LocalCache$Segment.get(LocalCache.java:2049)
	at com.google.common.cache.LocalCache.get(LocalCache.java:3966)
	at com.google.common.cache.LocalCache$LocalManualCache.get(LocalCache.java:4863)
	at org.apache.hadoop.hdds.scm.XceiverClientManager.getClient(XceiverClientManager.java:224)
	at org.apache.hadoop.hdds.scm.XceiverClientManager.acquireClient(XceiverClientManager.java:168)
	at org.apache.hadoop.hdds.scm.XceiverClientManager.acquireClientForReadData(XceiverClientManager.java:157)
	at org.apache.hadoop.hdds.scm.storage.BlockInputStream.acquireClient(BlockInputStream.java:256)
	at org.apache.hadoop.hdds.scm.storage.BlockInputStream.getChunkInfos(BlockInputStream.java:223)
	at org.apache.hadoop.hdds.scm.storage.BlockInputStream.initialize(BlockInputStream.java:146)
	at org.apache.hadoop.hdds.scm.storage.BlockInputStream.readWithStrategy(BlockInputStream.java:283)
	at org.apache.hadoop.hdds.scm.storage.ExtendedInputStream.read(ExtendedInputStream.java:64)
	at org.apache.hadoop.hdds.scm.storage.ByteBufferReader.readFromBlock(ByteBufferReader.java:56)
	at org.apache.hadoop.ozone.client.io.ECBlockInputStream.readFromStream(ECBlockInputStream.java:365)
	at org.apache.hadoop.ozone.client.io.ECBlockInputStream.readWithStrategy(ECBlockInputStream.java:300)
	at org.apache.hadoop.hdds.scm.storage.ExtendedInputStream.read(ExtendedInputStream.java:64)
	at org.apache.hadoop.ozone.client.io.ECBlockInputStreamProxy.read(ECBlockInputStreamProxy.java:158)
	at org.apache.hadoop.ozone.client.io.ECBlockInputStreamProxy.read(ECBlockInputStreamProxy.java:143)
	at org.apache.hadoop.hdds.scm.storage.ByteArrayReader.readFromBlock(ByteArrayReader.java:57)
	at org.apache.hadoop.ozone.client.io.KeyInputStream.readWithStrategy(KeyInputStream.java:273)
	at org.apache.hadoop.ozone.client.io.KeyInputStream.read(KeyInputStream.java:240)
	at org.apache.hadoop.ozone.client.rpc.read.TestKeyInputStream.validate(TestKeyInputStream.java:133)
	at org.apache.hadoop.ozone.client.rpc.read.TestKeyInputStream.testECSeek(TestKeyInputStream.java:234)
	at org.apache.hadoop.ozone.client.rpc.read.TestKeyInputStream.testNonReplicationReads(TestKeyInputStream.java:150)
	at sun.reflect.NativeMethodAccessorImpl.invoke0(Native Method)
	at sun.reflect.NativeMethodAccessorImpl.invoke(NativeMethodAccessorImpl.java:62)
	at sun.reflect.DelegatingMethodAccessorImpl.invoke(DelegatingMethodAccessorImpl.java:43)
	at java.lang.reflect.Method.invoke(Method.java:498)
	at org.junit.runners.model.FrameworkMethod$1.runReflectiveCall(FrameworkMethod.java:59)
	at org.junit.internal.runners.model.ReflectiveCallable.run(ReflectiveCallable.java:12)
	at org.junit.runners.model.FrameworkMethod.invokeExplosively(FrameworkMethod.java:56)
	at org.junit.internal.runners.statements.InvokeMethod.evaluate(InvokeMethod.java:17)
	at org.junit.internal.runners.statements.RunBefores.evaluate(RunBefores.java:26)
	at org.junit.internal.runners.statements.RunAfters.evaluate(RunAfters.java:27)
	at org.junit.internal.runners.statements.FailOnTimeout$CallableStatement.call(FailOnTimeout.java:288)
	at org.junit.internal.runners.statements.FailOnTimeout$CallableStatement.call(FailOnTimeout.java:282)
	at java.util.concurrent.FutureTask.run(FutureTask.java:266)
	at java.lang.Thread.run(Thread.java:750)

Oct 08, 2022 1:34:01 AM org.apache.ratis.thirdparty.io.grpc.internal.ManagedChannelOrphanWrapper$ManagedChannelReference cleanQueue
SEVERE: *~*~*~ Channel ManagedChannelImpl{logId=163, target=10.1.0.61:39893} was not shutdown properly!!! ~*~*~*
    Make sure to call shutdown()/shutdownNow() and wait until awaitTermination() returns true.
java.lang.RuntimeException: ManagedChannel allocation site
	at org.apache.ratis.thirdparty.io.grpc.internal.ManagedChannelOrphanWrapper$ManagedChannelReference.<init>(ManagedChannelOrphanWrapper.java:93)
	at org.apache.ratis.thirdparty.io.grpc.internal.ManagedChannelOrphanWrapper.<init>(ManagedChannelOrphanWrapper.java:53)
	at org.apache.ratis.thirdparty.io.grpc.internal.ManagedChannelOrphanWrapper.<init>(ManagedChannelOrphanWrapper.java:44)
	at org.apache.ratis.thirdparty.io.grpc.internal.ManagedChannelImplBuilder.build(ManagedChannelImplBuilder.java:630)
	at org.apache.ratis.thirdparty.io.grpc.internal.AbstractManagedChannelImplBuilder.build(AbstractManagedChannelImplBuilder.java:297)
	at org.apache.hadoop.hdds.scm.XceiverClientGrpc.connectToDatanode(XceiverClientGrpc.java:205)
	at org.apache.hadoop.hdds.scm.XceiverClientGrpc.connect(XceiverClientGrpc.java:158)
	at org.apache.hadoop.hdds.scm.XceiverClientManager$2.call(XceiverClientManager.java:243)
	at org.apache.hadoop.hdds.scm.XceiverClientManager$2.call(XceiverClientManager.java:224)
	at com.google.common.cache.LocalCache$LocalManualCache$1.load(LocalCache.java:4868)
	at com.google.common.cache.LocalCache$LoadingValueReference.loadFuture(LocalCache.java:3533)
	at com.google.common.cache.LocalCache$Segment.loadSync(LocalCache.java:2282)
	at com.google.common.cache.LocalCache$Segment.lockedGetOrLoad(LocalCache.java:2159)
	at com.google.common.cache.LocalCache$Segment.get(LocalCache.java:2049)
	at com.google.common.cache.LocalCache.get(LocalCache.java:3966)
	at com.google.common.cache.LocalCache$LocalManualCache.get(LocalCache.java:4863)
	at org.apache.hadoop.hdds.scm.XceiverClientManager.getClient(XceiverClientManager.java:224)
	at org.apache.hadoop.hdds.scm.XceiverClientManager.acquireClient(XceiverClientManager.java:168)
	at org.apache.hadoop.hdds.scm.XceiverClientManager.acquireClient(XceiverClientManager.java:141)
	at org.apache.hadoop.hdds.scm.storage.BlockOutputStream.<init>(BlockOutputStream.java:161)
	at org.apache.hadoop.hdds.scm.storage.ECBlockOutputStream.<init>(ECBlockOutputStream.java:73)
	at org.apache.hadoop.ozone.client.io.ECBlockOutputStreamEntry.checkStream(ECBlockOutputStreamEntry.java:100)
	at org.apache.hadoop.ozone.client.io.BlockOutputStreamEntry.write(BlockOutputStreamEntry.java:123)
	at org.apache.hadoop.ozone.client.io.ECKeyOutputStream.writeToOutputStream(ECKeyOutputStream.java:406)
	at org.apache.hadoop.ozone.client.io.ECKeyOutputStream.handleOutputStreamWrite(ECKeyOutputStream.java:390)
	at org.apache.hadoop.ozone.client.io.ECKeyOutputStream.handleWrite(ECKeyOutputStream.java:364)
	at org.apache.hadoop.ozone.client.io.ECKeyOutputStream.write(ECKeyOutputStream.java:163)
	at org.apache.hadoop.ozone.client.io.OzoneOutputStream.write(OzoneOutputStream.java:50)
	at java.io.OutputStream.write(OutputStream.java:75)
	at org.apache.hadoop.ozone.client.rpc.read.TestInputStreamBase.writeRandomBytes(TestInputStreamBase.java:205)
	at org.apache.hadoop.ozone.client.rpc.read.TestKeyInputStream.testECSeek(TestKeyInputStream.java:231)
	at org.apache.hadoop.ozone.client.rpc.read.TestKeyInputStream.testNonReplicationReads(TestKeyInputStream.java:150)
	at sun.reflect.NativeMethodAccessorImpl.invoke0(Native Method)
	at sun.reflect.NativeMethodAccessorImpl.invoke(NativeMethodAccessorImpl.java:62)
	at sun.reflect.DelegatingMethodAccessorImpl.invoke(DelegatingMethodAccessorImpl.java:43)
	at java.lang.reflect.Method.invoke(Method.java:498)
	at org.junit.runners.model.FrameworkMethod$1.runReflectiveCall(FrameworkMethod.java:59)
	at org.junit.internal.runners.model.ReflectiveCallable.run(ReflectiveCallable.java:12)
	at org.junit.runners.model.FrameworkMethod.invokeExplosively(FrameworkMethod.java:56)
	at org.junit.internal.runners.statements.InvokeMethod.evaluate(InvokeMethod.java:17)
	at org.junit.internal.runners.statements.RunBefores.evaluate(RunBefores.java:26)
	at org.junit.internal.runners.statements.RunAfters.evaluate(RunAfters.java:27)
	at org.junit.internal.runners.statements.FailOnTimeout$CallableStatement.call(FailOnTimeout.java:288)
	at org.junit.internal.runners.statements.FailOnTimeout$CallableStatement.call(FailOnTimeout.java:282)
	at java.util.concurrent.FutureTask.run(FutureTask.java:266)
	at java.lang.Thread.run(Thread.java:750)

Oct 08, 2022 1:34:01 AM org.apache.ratis.thirdparty.io.grpc.internal.ManagedChannelOrphanWrapper$ManagedChannelReference cleanQueue
SEVERE: *~*~*~ Channel ManagedChannelImpl{logId=224, target=10.1.0.61:42411} was not shutdown properly!!! ~*~*~*
    Make sure to call shutdown()/shutdownNow() and wait until awaitTermination() returns true.
java.lang.RuntimeException: ManagedChannel allocation site
	at org.apache.ratis.thirdparty.io.grpc.internal.ManagedChannelOrphanWrapper$ManagedChannelReference.<init>(ManagedChannelOrphanWrapper.java:93)
	at org.apache.ratis.thirdparty.io.grpc.internal.ManagedChannelOrphanWrapper.<init>(ManagedChannelOrphanWrapper.java:53)
	at org.apache.ratis.thirdparty.io.grpc.internal.ManagedChannelOrphanWrapper.<init>(ManagedChannelOrphanWrapper.java:44)
	at org.apache.ratis.thirdparty.io.grpc.internal.ManagedChannelImplBuilder.build(ManagedChannelImplBuilder.java:630)
	at org.apache.ratis.thirdparty.io.grpc.internal.AbstractManagedChannelImplBuilder.build(AbstractManagedChannelImplBuilder.java:297)
	at org.apache.hadoop.hdds.scm.XceiverClientGrpc.connectToDatanode(XceiverClientGrpc.java:205)
	at org.apache.hadoop.hdds.scm.XceiverClientGrpc.connect(XceiverClientGrpc.java:158)
	at org.apache.hadoop.hdds.scm.XceiverClientManager$2.call(XceiverClientManager.java:243)
	at org.apache.hadoop.hdds.scm.XceiverClientManager$2.call(XceiverClientManager.java:224)
	at com.google.common.cache.LocalCache$LocalManualCache$1.load(LocalCache.java:4868)
	at com.google.common.cache.LocalCache$LoadingValueReference.loadFuture(LocalCache.java:3533)
	at com.google.common.cache.LocalCache$Segment.loadSync(LocalCache.java:2282)
	at com.google.common.cache.LocalCache$Segment.lockedGetOrLoad(LocalCache.java:2159)
	at com.google.common.cache.LocalCache$Segment.get(LocalCache.java:2049)
	at com.google.common.cache.LocalCache.get(LocalCache.java:3966)
	at com.google.common.cache.LocalCache$LocalManualCache.get(LocalCache.java:4863)
	at org.apache.hadoop.hdds.scm.XceiverClientManager.getClient(XceiverClientManager.java:224)
	at org.apache.hadoop.hdds.scm.XceiverClientManager.acquireClient(XceiverClientManager.java:168)
	at org.apache.hadoop.hdds.scm.XceiverClientManager.acquireClientForReadData(XceiverClientManager.java:157)
	at org.apache.hadoop.hdds.scm.storage.BlockInputStream.acquireClient(BlockInputStream.java:256)
	at org.apache.hadoop.hdds.scm.storage.BlockInputStream.getChunkInfos(BlockInputStream.java:223)
	at org.apache.hadoop.hdds.scm.storage.BlockInputStream.initialize(BlockInputStream.java:146)
	at org.apache.hadoop.hdds.scm.storage.BlockInputStream.readWithStrategy(BlockInputStream.java:283)
	at org.apache.hadoop.hdds.scm.storage.ExtendedInputStream.read(ExtendedInputStream.java:64)
	at org.apache.hadoop.hdds.scm.storage.ByteBufferReader.readFromBlock(ByteBufferReader.java:56)
	at org.apache.hadoop.ozone.client.io.ECBlockInputStream.readFromStream(ECBlockInputStream.java:365)
	at org.apache.hadoop.ozone.client.io.ECBlockInputStream.readWithStrategy(ECBlockInputStream.java:300)
	at org.apache.hadoop.hdds.scm.storage.ExtendedInputStream.read(ExtendedInputStream.java:64)
	at org.apache.hadoop.ozone.client.io.ECBlockInputStreamProxy.read(ECBlockInputStreamProxy.java:158)
	at org.apache.hadoop.ozone.client.io.ECBlockInputStreamProxy.read(ECBlockInputStreamProxy.java:143)
	at org.apache.hadoop.hdds.scm.storage.ByteArrayReader.readFromBlock(ByteArrayReader.java:57)
	at org.apache.hadoop.ozone.client.io.KeyInputStream.readWithStrategy(KeyInputStream.java:273)
	at org.apache.hadoop.ozone.client.io.KeyInputStream.read(KeyInputStream.java:240)
	at org.apache.hadoop.ozone.client.rpc.read.TestKeyInputStream.validate(TestKeyInputStream.java:133)
	at org.apache.hadoop.ozone.client.rpc.read.TestKeyInputStream.testECSeek(TestKeyInputStream.java:240)
	at org.apache.hadoop.ozone.client.rpc.read.TestKeyInputStream.testNonReplicationReads(TestKeyInputStream.java:150)
	at sun.reflect.NativeMethodAccessorImpl.invoke0(Native Method)
	at sun.reflect.NativeMethodAccessorImpl.invoke(NativeMethodAccessorImpl.java:62)
	at sun.reflect.DelegatingMethodAccessorImpl.invoke(DelegatingMethodAccessorImpl.java:43)
	at java.lang.reflect.Method.invoke(Method.java:498)
	at org.junit.runners.model.FrameworkMethod$1.runReflectiveCall(FrameworkMethod.java:59)
	at org.junit.internal.runners.model.ReflectiveCallable.run(ReflectiveCallable.java:12)
	at org.junit.runners.model.FrameworkMethod.invokeExplosively(FrameworkMethod.java:56)
	at org.junit.internal.runners.statements.InvokeMethod.evaluate(InvokeMethod.java:17)
	at org.junit.internal.runners.statements.RunBefores.evaluate(RunBefores.java:26)
	at org.junit.internal.runners.statements.RunAfters.evaluate(RunAfters.java:27)
	at org.junit.internal.runners.statements.FailOnTimeout$CallableStatement.call(FailOnTimeout.java:288)
	at org.junit.internal.runners.statements.FailOnTimeout$CallableStatement.call(FailOnTimeout.java:282)
	at java.util.concurrent.FutureTask.run(FutureTask.java:266)
	at java.lang.Thread.run(Thread.java:750)

Oct 08, 2022 1:34:01 AM org.apache.ratis.thirdparty.io.grpc.internal.ManagedChannelOrphanWrapper$ManagedChannelReference cleanQueue
SEVERE: *~*~*~ Channel ManagedChannelImpl{logId=142, target=10.1.0.61:33593} was not shutdown properly!!! ~*~*~*
    Make sure to call shutdown()/shutdownNow() and wait until awaitTermination() returns true.
java.lang.RuntimeException: ManagedChannel allocation site
	at org.apache.ratis.thirdparty.io.grpc.internal.ManagedChannelOrphanWrapper$ManagedChannelReference.<init>(ManagedChannelOrphanWrapper.java:93)
	at org.apache.ratis.thirdparty.io.grpc.internal.ManagedChannelOrphanWrapper.<init>(ManagedChannelOrphanWrapper.java:53)
	at org.apache.ratis.thirdparty.io.grpc.internal.ManagedChannelOrphanWrapper.<init>(ManagedChannelOrphanWrapper.java:44)
	at org.apache.ratis.thirdparty.io.grpc.internal.ManagedChannelImplBuilder.build(ManagedChannelImplBuilder.java:630)
	at org.apache.ratis.thirdparty.io.grpc.internal.AbstractManagedChannelImplBuilder.build(AbstractManagedChannelImplBuilder.java:297)
	at org.apache.hadoop.hdds.scm.XceiverClientGrpc.connectToDatanode(XceiverClientGrpc.java:205)
	at org.apache.hadoop.hdds.scm.XceiverClientGrpc.connect(XceiverClientGrpc.java:158)
	at org.apache.hadoop.hdds.scm.XceiverClientManager$2.call(XceiverClientManager.java:243)
	at org.apache.hadoop.hdds.scm.XceiverClientManager$2.call(XceiverClientManager.java:224)
	at com.google.common.cache.LocalCache$LocalManualCache$1.load(LocalCache.java:4868)
	at com.google.common.cache.LocalCache$LoadingValueReference.loadFuture(LocalCache.java:3533)
	at com.google.common.cache.LocalCache$Segment.loadSync(LocalCache.java:2282)
	at com.google.common.cache.LocalCache$Segment.lockedGetOrLoad(LocalCache.java:2159)
	at com.google.common.cache.LocalCache$Segment.get(LocalCache.java:2049)
	at com.google.common.cache.LocalCache.get(LocalCache.java:3966)
	at com.google.common.cache.LocalCache$LocalManualCache.get(LocalCache.java:4863)
	at org.apache.hadoop.hdds.scm.XceiverClientManager.getClient(XceiverClientManager.java:224)
	at org.apache.hadoop.hdds.scm.XceiverClientManager.acquireClient(XceiverClientManager.java:168)
	at org.apache.hadoop.hdds.scm.XceiverClientManager.acquireClient(XceiverClientManager.java:141)
	at org.apache.hadoop.hdds.scm.storage.BlockOutputStream.<init>(BlockOutputStream.java:161)
	at org.apache.hadoop.hdds.scm.storage.ECBlockOutputStream.<init>(ECBlockOutputStream.java:73)
	at org.apache.hadoop.ozone.client.io.ECBlockOutputStreamEntry.checkStream(ECBlockOutputStreamEntry.java:100)
	at org.apache.hadoop.ozone.client.io.BlockOutputStreamEntry.write(BlockOutputStreamEntry.java:123)
	at org.apache.hadoop.ozone.client.io.ECKeyOutputStream.writeToOutputStream(ECKeyOutputStream.java:406)
	at org.apache.hadoop.ozone.client.io.ECKeyOutputStream.handleOutputStreamWrite(ECKeyOutputStream.java:390)
	at org.apache.hadoop.ozone.client.io.ECKeyOutputStream.handleWrite(ECKeyOutputStream.java:364)
	at org.apache.hadoop.ozone.client.io.ECKeyOutputStream.write(ECKeyOutputStream.java:163)
	at org.apache.hadoop.ozone.client.io.OzoneOutputStream.write(OzoneOutputStream.java:50)
	at java.io.OutputStream.write(OutputStream.java:75)
	at org.apache.hadoop.ozone.client.rpc.read.TestInputStreamBase.writeRandomBytes(TestInputStreamBase.java:205)
	at org.apache.hadoop.ozone.client.rpc.read.TestKeyInputStream.testECSeek(TestKeyInputStream.java:231)
	at org.apache.hadoop.ozone.client.rpc.read.TestKeyInputStream.testNonReplicationReads(TestKeyInputStream.java:150)
	at sun.reflect.NativeMethodAccessorImpl.invoke0(Native Method)
	at sun.reflect.NativeMethodAccessorImpl.invoke(NativeMethodAccessorImpl.java:62)
	at sun.reflect.DelegatingMethodAccessorImpl.invoke(DelegatingMethodAccessorImpl.java:43)
	at java.lang.reflect.Method.invoke(Method.java:498)
	at org.junit.runners.model.FrameworkMethod$1.runReflectiveCall(FrameworkMethod.java:59)
	at org.junit.internal.runners.model.ReflectiveCallable.run(ReflectiveCallable.java:12)
	at org.junit.runners.model.FrameworkMethod.invokeExplosively(FrameworkMethod.java:56)
	at org.junit.internal.runners.statements.InvokeMethod.evaluate(InvokeMethod.java:17)
	at org.junit.internal.runners.statements.RunBefores.evaluate(RunBefores.java:26)
	at org.junit.internal.runners.statements.RunAfters.evaluate(RunAfters.java:27)
	at org.junit.internal.runners.statements.FailOnTimeout$CallableStatement.call(FailOnTimeout.java:288)
	at org.junit.internal.runners.statements.FailOnTimeout$CallableStatement.call(FailOnTimeout.java:282)
	at java.util.concurrent.FutureTask.run(FutureTask.java:266)
	at java.lang.Thread.run(Thread.java:750)

Oct 08, 2022 1:34:01 AM org.apache.ratis.thirdparty.io.grpc.internal.ManagedChannelOrphanWrapper$ManagedChannelReference cleanQueue
SEVERE: *~*~*~ Channel ManagedChannelImpl{logId=138, target=10.1.0.61:39893} was not shutdown properly!!! ~*~*~*
    Make sure to call shutdown()/shutdownNow() and wait until awaitTermination() returns true.
java.lang.RuntimeException: ManagedChannel allocation site
	at org.apache.ratis.thirdparty.io.grpc.internal.ManagedChannelOrphanWrapper$ManagedChannelReference.<init>(ManagedChannelOrphanWrapper.java:93)
	at org.apache.ratis.thirdparty.io.grpc.internal.ManagedChannelOrphanWrapper.<init>(ManagedChannelOrphanWrapper.java:53)
	at org.apache.ratis.thirdparty.io.grpc.internal.ManagedChannelOrphanWrapper.<init>(ManagedChannelOrphanWrapper.java:44)
	at org.apache.ratis.thirdparty.io.grpc.internal.ManagedChannelImplBuilder.build(ManagedChannelImplBuilder.java:630)
	at org.apache.ratis.thirdparty.io.grpc.internal.AbstractManagedChannelImplBuilder.build(AbstractManagedChannelImplBuilder.java:297)
	at org.apache.hadoop.hdds.scm.XceiverClientGrpc.connectToDatanode(XceiverClientGrpc.java:205)
	at org.apache.hadoop.hdds.scm.XceiverClientGrpc.connect(XceiverClientGrpc.java:158)
	at org.apache.hadoop.hdds.scm.XceiverClientManager$2.call(XceiverClientManager.java:243)
	at org.apache.hadoop.hdds.scm.XceiverClientManager$2.call(XceiverClientManager.java:224)
	at com.google.common.cache.LocalCache$LocalManualCache$1.load(LocalCache.java:4868)
	at com.google.common.cache.LocalCache$LoadingValueReference.loadFuture(LocalCache.java:3533)
	at com.google.common.cache.LocalCache$Segment.loadSync(LocalCache.java:2282)
	at com.google.common.cache.LocalCache$Segment.lockedGetOrLoad(LocalCache.java:2159)
	at com.google.common.cache.LocalCache$Segment.get(LocalCache.java:2049)
	at com.google.common.cache.LocalCache.get(LocalCache.java:3966)
	at com.google.common.cache.LocalCache$LocalManualCache.get(LocalCache.java:4863)
	at org.apache.hadoop.hdds.scm.XceiverClientManager.getClient(XceiverClientManager.java:224)
	at org.apache.hadoop.hdds.scm.XceiverClientManager.acquireClient(XceiverClientManager.java:168)
	at org.apache.hadoop.hdds.scm.XceiverClientManager.acquireClient(XceiverClientManager.java:141)
	at org.apache.hadoop.hdds.scm.storage.BlockOutputStream.<init>(BlockOutputStream.java:161)
	at org.apache.hadoop.hdds.scm.storage.ECBlockOutputStream.<init>(ECBlockOutputStream.java:73)
	at org.apache.hadoop.ozone.client.io.ECBlockOutputStreamEntry.checkStream(ECBlockOutputStreamEntry.java:100)
	at org.apache.hadoop.ozone.client.io.BlockOutputStreamEntry.write(BlockOutputStreamEntry.java:123)
	at org.apache.hadoop.ozone.client.io.ECKeyOutputStream.writeToOutputStream(ECKeyOutputStream.java:406)
	at org.apache.hadoop.ozone.client.io.ECKeyOutputStream.handleOutputStreamWrite(ECKeyOutputStream.java:390)
	at org.apache.hadoop.ozone.client.io.ECKeyOutputStream.handleWrite(ECKeyOutputStream.java:364)
	at org.apache.hadoop.ozone.client.io.ECKeyOutputStream.write(ECKeyOutputStream.java:163)
	at org.apache.hadoop.ozone.client.io.OzoneOutputStream.write(OzoneOutputStream.java:50)
	at java.io.OutputStream.write(OutputStream.java:75)
	at org.apache.hadoop.ozone.client.rpc.read.TestInputStreamBase.writeRandomBytes(TestInputStreamBase.java:205)
	at org.apache.hadoop.ozone.client.rpc.read.TestKeyInputStream.testECSeek(TestKeyInputStream.java:231)
	at org.apache.hadoop.ozone.client.rpc.read.TestKeyInputStream.testNonReplicationReads(TestKeyInputStream.java:150)
	at sun.reflect.NativeMethodAccessorImpl.invoke0(Native Method)
	at sun.reflect.NativeMethodAccessorImpl.invoke(NativeMethodAccessorImpl.java:62)
	at sun.reflect.DelegatingMethodAccessorImpl.invoke(DelegatingMethodAccessorImpl.java:43)
	at java.lang.reflect.Method.invoke(Method.java:498)
	at org.junit.runners.model.FrameworkMethod$1.runReflectiveCall(FrameworkMethod.java:59)
	at org.junit.internal.runners.model.ReflectiveCallable.run(ReflectiveCallable.java:12)
	at org.junit.runners.model.FrameworkMethod.invokeExplosively(FrameworkMethod.java:56)
	at org.junit.internal.runners.statements.InvokeMethod.evaluate(InvokeMethod.java:17)
	at org.junit.internal.runners.statements.RunBefores.evaluate(RunBefores.java:26)
	at org.junit.internal.runners.statements.RunAfters.evaluate(RunAfters.java:27)
	at org.junit.internal.runners.statements.FailOnTimeout$CallableStatement.call(FailOnTimeout.java:288)
	at org.junit.internal.runners.statements.FailOnTimeout$CallableStatement.call(FailOnTimeout.java:282)
	at java.util.concurrent.FutureTask.run(FutureTask.java:266)
	at java.lang.Thread.run(Thread.java:750)

Oct 08, 2022 1:34:01 AM org.apache.ratis.thirdparty.io.grpc.internal.ManagedChannelOrphanWrapper$ManagedChannelReference cleanQueue
SEVERE: *~*~*~ Channel ManagedChannelImpl{logId=244, target=10.1.0.61:42411} was not shutdown properly!!! ~*~*~*
    Make sure to call shutdown()/shutdownNow() and wait until awaitTermination() returns true.
java.lang.RuntimeException: ManagedChannel allocation site
	at org.apache.ratis.thirdparty.io.grpc.internal.ManagedChannelOrphanWrapper$ManagedChannelReference.<init>(ManagedChannelOrphanWrapper.java:93)
	at org.apache.ratis.thirdparty.io.grpc.internal.ManagedChannelOrphanWrapper.<init>(ManagedChannelOrphanWrapper.java:53)
	at org.apache.ratis.thirdparty.io.grpc.internal.ManagedChannelOrphanWrapper.<init>(ManagedChannelOrphanWrapper.java:44)
	at org.apache.ratis.thirdparty.io.grpc.internal.ManagedChannelImplBuilder.build(ManagedChannelImplBuilder.java:630)
	at org.apache.ratis.thirdparty.io.grpc.internal.AbstractManagedChannelImplBuilder.build(AbstractManagedChannelImplBuilder.java:297)
	at org.apache.hadoop.hdds.scm.XceiverClientGrpc.connectToDatanode(XceiverClientGrpc.java:205)
	at org.apache.hadoop.hdds.scm.XceiverClientGrpc.connect(XceiverClientGrpc.java:158)
	at org.apache.hadoop.hdds.scm.XceiverClientManager$2.call(XceiverClientManager.java:243)
	at org.apache.hadoop.hdds.scm.XceiverClientManager$2.call(XceiverClientManager.java:224)
	at com.google.common.cache.LocalCache$LocalManualCache$1.load(LocalCache.java:4868)
	at com.google.common.cache.LocalCache$LoadingValueReference.loadFuture(LocalCache.java:3533)
	at com.google.common.cache.LocalCache$Segment.loadSync(LocalCache.java:2282)
	at com.google.common.cache.LocalCache$Segment.lockedGetOrLoad(LocalCache.java:2159)
	at com.google.common.cache.LocalCache$Segment.get(LocalCache.java:2049)
	at com.google.common.cache.LocalCache.get(LocalCache.java:3966)
	at com.google.common.cache.LocalCache$LocalManualCache.get(LocalCache.java:4863)
	at org.apache.hadoop.hdds.scm.XceiverClientManager.getClient(XceiverClientManager.java:224)
	at org.apache.hadoop.hdds.scm.XceiverClientManager.acquireClient(XceiverClientManager.java:168)
	at org.apache.hadoop.hdds.scm.XceiverClientManager.acquireClientForReadData(XceiverClientManager.java:157)
	at org.apache.hadoop.hdds.scm.storage.BlockInputStream.acquireClient(BlockInputStream.java:256)
	at org.apache.hadoop.hdds.scm.storage.BlockInputStream.getChunkInfos(BlockInputStream.java:223)
	at org.apache.hadoop.hdds.scm.storage.BlockInputStream.initialize(BlockInputStream.java:146)
	at org.apache.hadoop.hdds.scm.storage.BlockInputStream.readWithStrategy(BlockInputStream.java:283)
	at org.apache.hadoop.hdds.scm.storage.ExtendedInputStream.read(ExtendedInputStream.java:64)
	at org.apache.hadoop.hdds.scm.storage.ByteBufferReader.readFromBlock(ByteBufferReader.java:56)
	at org.apache.hadoop.ozone.client.io.ECBlockInputStream.readFromStream(ECBlockInputStream.java:365)
	at org.apache.hadoop.ozone.client.io.ECBlockInputStream.readWithStrategy(ECBlockInputStream.java:300)
	at org.apache.hadoop.hdds.scm.storage.ExtendedInputStream.read(ExtendedInputStream.java:64)
	at org.apache.hadoop.ozone.client.io.ECBlockInputStreamProxy.read(ECBlockInputStreamProxy.java:158)
	at org.apache.hadoop.ozone.client.io.ECBlockInputStreamProxy.read(ECBlockInputStreamProxy.java:143)
	at org.apache.hadoop.hdds.scm.storage.ByteArrayReader.readFromBlock(ByteArrayReader.java:57)
	at org.apache.hadoop.ozone.client.io.KeyInputStream.readWithStrategy(KeyInputStream.java:273)
	at org.apache.hadoop.ozone.client.io.KeyInputStream.read(KeyInputStream.java:240)
	at org.apache.hadoop.ozone.client.rpc.read.TestKeyInputStream.validate(TestKeyInputStream.java:133)
	at org.apache.hadoop.ozone.client.rpc.read.TestKeyInputStream.randomPositionSeek(TestKeyInputStream.java:115)
	at org.apache.hadoop.ozone.client.rpc.read.TestKeyInputStream.testECSeek(TestKeyInputStream.java:245)
	at org.apache.hadoop.ozone.client.rpc.read.TestKeyInputStream.testNonReplicationReads(TestKeyInputStream.java:150)
	at sun.reflect.NativeMethodAccessorImpl.invoke0(Native Method)
	at sun.reflect.NativeMethodAccessorImpl.invoke(NativeMethodAccessorImpl.java:62)
	at sun.reflect.DelegatingMethodAccessorImpl.invoke(DelegatingMethodAccessorImpl.java:43)
	at java.lang.reflect.Method.invoke(Method.java:498)
	at org.junit.runners.model.FrameworkMethod$1.runReflectiveCall(FrameworkMethod.java:59)
	at org.junit.internal.runners.model.ReflectiveCallable.run(ReflectiveCallable.java:12)
	at org.junit.runners.model.FrameworkMethod.invokeExplosively(FrameworkMethod.java:56)
	at org.junit.internal.runners.statements.InvokeMethod.evaluate(InvokeMethod.java:17)
	at org.junit.internal.runners.statements.RunBefores.evaluate(RunBefores.java:26)
	at org.junit.internal.runners.statements.RunAfters.evaluate(RunAfters.java:27)
	at org.junit.internal.runners.statements.FailOnTimeout$CallableStatement.call(FailOnTimeout.java:288)
	at org.junit.internal.runners.statements.FailOnTimeout$CallableStatement.call(FailOnTimeout.java:282)
	at java.util.concurrent.FutureTask.run(FutureTask.java:266)
	at java.lang.Thread.run(Thread.java:750)

Oct 08, 2022 1:34:01 AM org.apache.ratis.thirdparty.io.grpc.internal.ManagedChannelOrphanWrapper$ManagedChannelReference cleanQueue
SEVERE: *~*~*~ Channel ManagedChannelImpl{logId=117, target=10.1.0.61:41229} was not shutdown properly!!! ~*~*~*
    Make sure to call shutdown()/shutdownNow() and wait until awaitTermination() returns true.
java.lang.RuntimeException: ManagedChannel allocation site
	at org.apache.ratis.thirdparty.io.grpc.internal.ManagedChannelOrphanWrapper$ManagedChannelReference.<init>(ManagedChannelOrphanWrapper.java:93)
	at org.apache.ratis.thirdparty.io.grpc.internal.ManagedChannelOrphanWrapper.<init>(ManagedChannelOrphanWrapper.java:53)
	at org.apache.ratis.thirdparty.io.grpc.internal.ManagedChannelOrphanWrapper.<init>(ManagedChannelOrphanWrapper.java:44)
	at org.apache.ratis.thirdparty.io.grpc.internal.ManagedChannelImplBuilder.build(ManagedChannelImplBuilder.java:630)
	at org.apache.ratis.thirdparty.io.grpc.internal.AbstractManagedChannelImplBuilder.build(AbstractManagedChannelImplBuilder.java:297)
	at org.apache.hadoop.hdds.scm.XceiverClientGrpc.connectToDatanode(XceiverClientGrpc.java:205)
	at org.apache.hadoop.hdds.scm.XceiverClientGrpc.connect(XceiverClientGrpc.java:158)
	at org.apache.hadoop.hdds.scm.XceiverClientManager$2.call(XceiverClientManager.java:243)
	at org.apache.hadoop.hdds.scm.XceiverClientManager$2.call(XceiverClientManager.java:224)
	at com.google.common.cache.LocalCache$LocalManualCache$1.load(LocalCache.java:4868)
	at com.google.common.cache.LocalCache$LoadingValueReference.loadFuture(LocalCache.java:3533)
	at com.google.common.cache.LocalCache$Segment.loadSync(LocalCache.java:2282)
	at com.google.common.cache.LocalCache$Segment.lockedGetOrLoad(LocalCache.java:2159)
	at com.google.common.cache.LocalCache$Segment.get(LocalCache.java:2049)
	at com.google.common.cache.LocalCache.get(LocalCache.java:3966)
	at com.google.common.cache.LocalCache$LocalManualCache.get(LocalCache.java:4863)
	at org.apache.hadoop.hdds.scm.XceiverClientManager.getClient(XceiverClientManager.java:224)
	at org.apache.hadoop.hdds.scm.XceiverClientManager.acquireClient(XceiverClientManager.java:168)
	at org.apache.hadoop.hdds.scm.XceiverClientManager.acquireClient(XceiverClientManager.java:141)
	at org.apache.hadoop.hdds.scm.storage.BlockOutputStream.<init>(BlockOutputStream.java:161)
	at org.apache.hadoop.hdds.scm.storage.ECBlockOutputStream.<init>(ECBlockOutputStream.java:73)
	at org.apache.hadoop.ozone.client.io.ECBlockOutputStreamEntry.checkStream(ECBlockOutputStreamEntry.java:100)
	at org.apache.hadoop.ozone.client.io.BlockOutputStreamEntry.write(BlockOutputStreamEntry.java:123)
	at org.apache.hadoop.ozone.client.io.ECKeyOutputStream.writeToOutputStream(ECKeyOutputStream.java:406)
	at org.apache.hadoop.ozone.client.io.ECKeyOutputStream.handleOutputStreamWrite(ECKeyOutputStream.java:390)
	at org.apache.hadoop.ozone.client.io.ECKeyOutputStream.handleWrite(ECKeyOutputStream.java:364)
	at org.apache.hadoop.ozone.client.io.ECKeyOutputStream.write(ECKeyOutputStream.java:163)
	at org.apache.hadoop.ozone.client.io.OzoneOutputStream.write(OzoneOutputStream.java:50)
	at java.io.OutputStream.write(OutputStream.java:75)
	at org.apache.hadoop.ozone.client.rpc.read.TestInputStreamBase.writeRandomBytes(TestInputStreamBase.java:205)
	at org.apache.hadoop.ozone.client.rpc.read.TestKeyInputStream.testECSeek(TestKeyInputStream.java:231)
	at org.apache.hadoop.ozone.client.rpc.read.TestKeyInputStream.testNonReplicationReads(TestKeyInputStream.java:150)
	at sun.reflect.NativeMethodAccessorImpl.invoke0(Native Method)
	at sun.reflect.NativeMethodAccessorImpl.invoke(NativeMethodAccessorImpl.java:62)
	at sun.reflect.DelegatingMethodAccessorImpl.invoke(DelegatingMethodAccessorImpl.java:43)
	at java.lang.reflect.Method.invoke(Method.java:498)
	at org.junit.runners.model.FrameworkMethod$1.runReflectiveCall(FrameworkMethod.java:59)
	at org.junit.internal.runners.model.ReflectiveCallable.run(ReflectiveCallable.java:12)
	at org.junit.runners.model.FrameworkMethod.invokeExplosively(FrameworkMethod.java:56)
	at org.junit.internal.runners.statements.InvokeMethod.evaluate(InvokeMethod.java:17)
	at org.junit.internal.runners.statements.RunBefores.evaluate(RunBefores.java:26)
	at org.junit.internal.runners.statements.RunAfters.evaluate(RunAfters.java:27)
	at org.junit.internal.runners.statements.FailOnTimeout$CallableStatement.call(FailOnTimeout.java:288)
	at org.junit.internal.runners.statements.FailOnTimeout$CallableStatement.call(FailOnTimeout.java:282)
	at java.util.concurrent.FutureTask.run(FutureTask.java:266)
	at java.lang.Thread.run(Thread.java:750)

Oct 08, 2022 1:34:01 AM org.apache.ratis.thirdparty.io.grpc.internal.ManagedChannelOrphanWrapper$ManagedChannelReference cleanQueue
SEVERE: *~*~*~ Channel ManagedChannelImpl{logId=161, target=10.1.0.61:42411} was not shutdown properly!!! ~*~*~*
    Make sure to call shutdown()/shutdownNow() and wait until awaitTermination() returns true.
java.lang.RuntimeException: ManagedChannel allocation site
	at org.apache.ratis.thirdparty.io.grpc.internal.ManagedChannelOrphanWrapper$ManagedChannelReference.<init>(ManagedChannelOrphanWrapper.java:93)
	at org.apache.ratis.thirdparty.io.grpc.internal.ManagedChannelOrphanWrapper.<init>(ManagedChannelOrphanWrapper.java:53)
	at org.apache.ratis.thirdparty.io.grpc.internal.ManagedChannelOrphanWrapper.<init>(ManagedChannelOrphanWrapper.java:44)
	at org.apache.ratis.thirdparty.io.grpc.internal.ManagedChannelImplBuilder.build(ManagedChannelImplBuilder.java:630)
	at org.apache.ratis.thirdparty.io.grpc.internal.AbstractManagedChannelImplBuilder.build(AbstractManagedChannelImplBuilder.java:297)
	at org.apache.hadoop.hdds.scm.XceiverClientGrpc.connectToDatanode(XceiverClientGrpc.java:205)
	at org.apache.hadoop.hdds.scm.XceiverClientGrpc.connect(XceiverClientGrpc.java:158)
	at org.apache.hadoop.hdds.scm.XceiverClientManager$2.call(XceiverClientManager.java:243)
	at org.apache.hadoop.hdds.scm.XceiverClientManager$2.call(XceiverClientManager.java:224)
	at com.google.common.cache.LocalCache$LocalManualCache$1.load(LocalCache.java:4868)
	at com.google.common.cache.LocalCache$LoadingValueReference.loadFuture(LocalCache.java:3533)
	at com.google.common.cache.LocalCache$Segment.loadSync(LocalCache.java:2282)
	at com.google.common.cache.LocalCache$Segment.lockedGetOrLoad(LocalCache.java:2159)
	at com.google.common.cache.LocalCache$Segment.get(LocalCache.java:2049)
	at com.google.common.cache.LocalCache.get(LocalCache.java:3966)
	at com.google.common.cache.LocalCache$LocalManualCache.get(LocalCache.java:4863)
	at org.apache.hadoop.hdds.scm.XceiverClientManager.getClient(XceiverClientManager.java:224)
	at org.apache.hadoop.hdds.scm.XceiverClientManager.acquireClient(XceiverClientManager.java:168)
	at org.apache.hadoop.hdds.scm.XceiverClientManager.acquireClient(XceiverClientManager.java:141)
	at org.apache.hadoop.hdds.scm.storage.BlockOutputStream.<init>(BlockOutputStream.java:161)
	at org.apache.hadoop.hdds.scm.storage.ECBlockOutputStream.<init>(ECBlockOutputStream.java:73)
	at org.apache.hadoop.ozone.client.io.ECBlockOutputStreamEntry.checkStream(ECBlockOutputStreamEntry.java:100)
	at org.apache.hadoop.ozone.client.io.BlockOutputStreamEntry.write(BlockOutputStreamEntry.java:123)
	at org.apache.hadoop.ozone.client.io.ECKeyOutputStream.writeToOutputStream(ECKeyOutputStream.java:406)
	at org.apache.hadoop.ozone.client.io.ECKeyOutputStream.handleOutputStreamWrite(ECKeyOutputStream.java:390)
	at org.apache.hadoop.ozone.client.io.ECKeyOutputStream.handleWrite(ECKeyOutputStream.java:364)
	at org.apache.hadoop.ozone.client.io.ECKeyOutputStream.write(ECKeyOutputStream.java:163)
	at org.apache.hadoop.ozone.client.io.OzoneOutputStream.write(OzoneOutputStream.java:50)
	at java.io.OutputStream.write(OutputStream.java:75)
	at org.apache.hadoop.ozone.client.rpc.read.TestInputStreamBase.writeRandomBytes(TestInputStreamBase.java:205)
	at org.apache.hadoop.ozone.client.rpc.read.TestKeyInputStream.testECSeek(TestKeyInputStream.java:231)
	at org.apache.hadoop.ozone.client.rpc.read.TestKeyInputStream.testNonReplicationReads(TestKeyInputStream.java:150)
	at sun.reflect.NativeMethodAccessorImpl.invoke0(Native Method)
	at sun.reflect.NativeMethodAccessorImpl.invoke(NativeMethodAccessorImpl.java:62)
	at sun.reflect.DelegatingMethodAccessorImpl.invoke(DelegatingMethodAccessorImpl.java:43)
	at java.lang.reflect.Method.invoke(Method.java:498)
	at org.junit.runners.model.FrameworkMethod$1.runReflectiveCall(FrameworkMethod.java:59)
	at org.junit.internal.runners.model.ReflectiveCallable.run(ReflectiveCallable.java:12)
	at org.junit.runners.model.FrameworkMethod.invokeExplosively(FrameworkMethod.java:56)
	at org.junit.internal.runners.statements.InvokeMethod.evaluate(InvokeMethod.java:17)
	at org.junit.internal.runners.statements.RunBefores.evaluate(RunBefores.java:26)
	at org.junit.internal.runners.statements.RunAfters.evaluate(RunAfters.java:27)
	at org.junit.internal.runners.statements.FailOnTimeout$CallableStatement.call(FailOnTimeout.java:288)
	at org.junit.internal.runners.statements.FailOnTimeout$CallableStatement.call(FailOnTimeout.java:282)
	at java.util.concurrent.FutureTask.run(FutureTask.java:266)
	at java.lang.Thread.run(Thread.java:750)

Oct 08, 2022 1:34:01 AM org.apache.ratis.thirdparty.io.grpc.internal.ManagedChannelOrphanWrapper$ManagedChannelReference cleanQueue
SEVERE: *~*~*~ Channel ManagedChannelImpl{logId=192, target=10.1.0.61:39893} was not shutdown properly!!! ~*~*~*
    Make sure to call shutdown()/shutdownNow() and wait until awaitTermination() returns true.
java.lang.RuntimeException: ManagedChannel allocation site
	at org.apache.ratis.thirdparty.io.grpc.internal.ManagedChannelOrphanWrapper$ManagedChannelReference.<init>(ManagedChannelOrphanWrapper.java:93)
	at org.apache.ratis.thirdparty.io.grpc.internal.ManagedChannelOrphanWrapper.<init>(ManagedChannelOrphanWrapper.java:53)
	at org.apache.ratis.thirdparty.io.grpc.internal.ManagedChannelOrphanWrapper.<init>(ManagedChannelOrphanWrapper.java:44)
	at org.apache.ratis.thirdparty.io.grpc.internal.ManagedChannelImplBuilder.build(ManagedChannelImplBuilder.java:630)
	at org.apache.ratis.thirdparty.io.grpc.internal.AbstractManagedChannelImplBuilder.build(AbstractManagedChannelImplBuilder.java:297)
	at org.apache.hadoop.hdds.scm.XceiverClientGrpc.connectToDatanode(XceiverClientGrpc.java:205)
	at org.apache.hadoop.hdds.scm.XceiverClientGrpc.connect(XceiverClientGrpc.java:158)
	at org.apache.hadoop.hdds.scm.XceiverClientManager$2.call(XceiverClientManager.java:243)
	at org.apache.hadoop.hdds.scm.XceiverClientManager$2.call(XceiverClientManager.java:224)
	at com.google.common.cache.LocalCache$LocalManualCache$1.load(LocalCache.java:4868)
	at com.google.common.cache.LocalCache$LoadingValueReference.loadFuture(LocalCache.java:3533)
	at com.google.common.cache.LocalCache$Segment.loadSync(LocalCache.java:2282)
	at com.google.common.cache.LocalCache$Segment.lockedGetOrLoad(LocalCache.java:2159)
	at com.google.common.cache.LocalCache$Segment.get(LocalCache.java:2049)
	at com.google.common.cache.LocalCache.get(LocalCache.java:3966)
	at com.google.common.cache.LocalCache$LocalManualCache.get(LocalCache.java:4863)
	at org.apache.hadoop.hdds.scm.XceiverClientManager.getClient(XceiverClientManager.java:224)
	at org.apache.hadoop.hdds.scm.XceiverClientManager.acquireClient(XceiverClientManager.java:168)
	at org.apache.hadoop.hdds.scm.XceiverClientManager.acquireClient(XceiverClientManager.java:141)
	at org.apache.hadoop.hdds.scm.storage.BlockOutputStream.<init>(BlockOutputStream.java:161)
	at org.apache.hadoop.hdds.scm.storage.ECBlockOutputStream.<init>(ECBlockOutputStream.java:73)
	at org.apache.hadoop.ozone.client.io.ECBlockOutputStreamEntry.checkStream(ECBlockOutputStreamEntry.java:100)
	at org.apache.hadoop.ozone.client.io.BlockOutputStreamEntry.write(BlockOutputStreamEntry.java:123)
	at org.apache.hadoop.ozone.client.io.ECKeyOutputStream.writeToOutputStream(ECKeyOutputStream.java:406)
	at org.apache.hadoop.ozone.client.io.ECKeyOutputStream.handleOutputStreamWrite(ECKeyOutputStream.java:390)
	at org.apache.hadoop.ozone.client.io.ECKeyOutputStream.handleWrite(ECKeyOutputStream.java:364)
	at org.apache.hadoop.ozone.client.io.ECKeyOutputStream.write(ECKeyOutputStream.java:163)
	at org.apache.hadoop.ozone.client.io.OzoneOutputStream.write(OzoneOutputStream.java:50)
	at java.io.OutputStream.write(OutputStream.java:75)
	at org.apache.hadoop.ozone.client.rpc.read.TestInputStreamBase.writeRandomBytes(TestInputStreamBase.java:205)
	at org.apache.hadoop.ozone.client.rpc.read.TestKeyInputStream.testECSeek(TestKeyInputStream.java:231)
	at org.apache.hadoop.ozone.client.rpc.read.TestKeyInputStream.testNonReplicationReads(TestKeyInputStream.java:150)
	at sun.reflect.NativeMethodAccessorImpl.invoke0(Native Method)
	at sun.reflect.NativeMethodAccessorImpl.invoke(NativeMethodAccessorImpl.java:62)
	at sun.reflect.DelegatingMethodAccessorImpl.invoke(DelegatingMethodAccessorImpl.java:43)
	at java.lang.reflect.Method.invoke(Method.java:498)
	at org.junit.runners.model.FrameworkMethod$1.runReflectiveCall(FrameworkMethod.java:59)
	at org.junit.internal.runners.model.ReflectiveCallable.run(ReflectiveCallable.java:12)
	at org.junit.runners.model.FrameworkMethod.invokeExplosively(FrameworkMethod.java:56)
	at org.junit.internal.runners.statements.InvokeMethod.evaluate(InvokeMethod.java:17)
	at org.junit.internal.runners.statements.RunBefores.evaluate(RunBefores.java:26)
	at org.junit.internal.runners.statements.RunAfters.evaluate(RunAfters.java:27)
	at org.junit.internal.runners.statements.FailOnTimeout$CallableStatement.call(FailOnTimeout.java:288)
	at org.junit.internal.runners.statements.FailOnTimeout$CallableStatement.call(FailOnTimeout.java:282)
	at java.util.concurrent.FutureTask.run(FutureTask.java:266)
	at java.lang.Thread.run(Thread.java:750)

Oct 08, 2022 1:34:01 AM org.apache.ratis.thirdparty.io.grpc.internal.ManagedChannelOrphanWrapper$ManagedChannelReference cleanQueue
SEVERE: *~*~*~ Channel ManagedChannelImpl{logId=113, target=10.1.0.61:42411} was not shutdown properly!!! ~*~*~*
    Make sure to call shutdown()/shutdownNow() and wait until awaitTermination() returns true.
java.lang.RuntimeException: ManagedChannel allocation site
	at org.apache.ratis.thirdparty.io.grpc.internal.ManagedChannelOrphanWrapper$ManagedChannelReference.<init>(ManagedChannelOrphanWrapper.java:93)
	at org.apache.ratis.thirdparty.io.grpc.internal.ManagedChannelOrphanWrapper.<init>(ManagedChannelOrphanWrapper.java:53)
	at org.apache.ratis.thirdparty.io.grpc.internal.ManagedChannelOrphanWrapper.<init>(ManagedChannelOrphanWrapper.java:44)
	at org.apache.ratis.thirdparty.io.grpc.internal.ManagedChannelImplBuilder.build(ManagedChannelImplBuilder.java:630)
	at org.apache.ratis.thirdparty.io.grpc.internal.AbstractManagedChannelImplBuilder.build(AbstractManagedChannelImplBuilder.java:297)
	at org.apache.hadoop.hdds.scm.XceiverClientGrpc.connectToDatanode(XceiverClientGrpc.java:205)
	at org.apache.hadoop.hdds.scm.XceiverClientGrpc.connect(XceiverClientGrpc.java:158)
	at org.apache.hadoop.hdds.scm.XceiverClientManager$2.call(XceiverClientManager.java:243)
	at org.apache.hadoop.hdds.scm.XceiverClientManager$2.call(XceiverClientManager.java:224)
	at com.google.common.cache.LocalCache$LocalManualCache$1.load(LocalCache.java:4868)
	at com.google.common.cache.LocalCache$LoadingValueReference.loadFuture(LocalCache.java:3533)
	at com.google.common.cache.LocalCache$Segment.loadSync(LocalCache.java:2282)
	at com.google.common.cache.LocalCache$Segment.lockedGetOrLoad(LocalCache.java:2159)
	at com.google.common.cache.LocalCache$Segment.get(LocalCache.java:2049)
	at com.google.common.cache.LocalCache.get(LocalCache.java:3966)
	at com.google.common.cache.LocalCache$LocalManualCache.get(LocalCache.java:4863)
	at org.apache.hadoop.hdds.scm.XceiverClientManager.getClient(XceiverClientManager.java:224)
	at org.apache.hadoop.hdds.scm.XceiverClientManager.acquireClient(XceiverClientManager.java:168)
	at org.apache.hadoop.hdds.scm.XceiverClientManager.acquireClient(XceiverClientManager.java:141)
	at org.apache.hadoop.hdds.scm.storage.BlockOutputStream.<init>(BlockOutputStream.java:161)
	at org.apache.hadoop.hdds.scm.storage.ECBlockOutputStream.<init>(ECBlockOutputStream.java:73)
	at org.apache.hadoop.ozone.client.io.ECBlockOutputStreamEntry.checkStream(ECBlockOutputStreamEntry.java:100)
	at org.apache.hadoop.ozone.client.io.BlockOutputStreamEntry.write(BlockOutputStreamEntry.java:123)
	at org.apache.hadoop.ozone.client.io.ECKeyOutputStream.writeToOutputStream(ECKeyOutputStream.java:406)
	at org.apache.hadoop.ozone.client.io.ECKeyOutputStream.handleOutputStreamWrite(ECKeyOutputStream.java:390)
	at org.apache.hadoop.ozone.client.io.ECKeyOutputStream.handleWrite(ECKeyOutputStream.java:364)
	at org.apache.hadoop.ozone.client.io.ECKeyOutputStream.write(ECKeyOutputStream.java:163)
	at org.apache.hadoop.ozone.client.io.OzoneOutputStream.write(OzoneOutputStream.java:50)
	at java.io.OutputStream.write(OutputStream.java:75)
	at org.apache.hadoop.ozone.client.rpc.read.TestInputStreamBase.writeRandomBytes(TestInputStreamBase.java:205)
	at org.apache.hadoop.ozone.client.rpc.read.TestKeyInputStream.testECSeek(TestKeyInputStream.java:231)
	at org.apache.hadoop.ozone.client.rpc.read.TestKeyInputStream.testNonReplicationReads(TestKeyInputStream.java:150)
	at sun.reflect.NativeMethodAccessorImpl.invoke0(Native Method)
	at sun.reflect.NativeMethodAccessorImpl.invoke(NativeMethodAccessorImpl.java:62)
	at sun.reflect.DelegatingMethodAccessorImpl.invoke(DelegatingMethodAccessorImpl.java:43)
	at java.lang.reflect.Method.invoke(Method.java:498)
	at org.junit.runners.model.FrameworkMethod$1.runReflectiveCall(FrameworkMethod.java:59)
	at org.junit.internal.runners.model.ReflectiveCallable.run(ReflectiveCallable.java:12)
	at org.junit.runners.model.FrameworkMethod.invokeExplosively(FrameworkMethod.java:56)
	at org.junit.internal.runners.statements.InvokeMethod.evaluate(InvokeMethod.java:17)
	at org.junit.internal.runners.statements.RunBefores.evaluate(RunBefores.java:26)
	at org.junit.internal.runners.statements.RunAfters.evaluate(RunAfters.java:27)
	at org.junit.internal.runners.statements.FailOnTimeout$CallableStatement.call(FailOnTimeout.java:288)
	at org.junit.internal.runners.statements.FailOnTimeout$CallableStatement.call(FailOnTimeout.java:282)
	at java.util.concurrent.FutureTask.run(FutureTask.java:266)
	at java.lang.Thread.run(Thread.java:750)

Oct 08, 2022 1:34:01 AM org.apache.ratis.thirdparty.io.grpc.internal.ManagedChannelOrphanWrapper$ManagedChannelReference cleanQueue
SEVERE: *~*~*~ Channel ManagedChannelImpl{logId=234, target=10.1.0.61:33593} was not shutdown properly!!! ~*~*~*
    Make sure to call shutdown()/shutdownNow() and wait until awaitTermination() returns true.
java.lang.RuntimeException: ManagedChannel allocation site
	at org.apache.ratis.thirdparty.io.grpc.internal.ManagedChannelOrphanWrapper$ManagedChannelReference.<init>(ManagedChannelOrphanWrapper.java:93)
	at org.apache.ratis.thirdparty.io.grpc.internal.ManagedChannelOrphanWrapper.<init>(ManagedChannelOrphanWrapper.java:53)
	at org.apache.ratis.thirdparty.io.grpc.internal.ManagedChannelOrphanWrapper.<init>(ManagedChannelOrphanWrapper.java:44)
	at org.apache.ratis.thirdparty.io.grpc.internal.ManagedChannelImplBuilder.build(ManagedChannelImplBuilder.java:630)
	at org.apache.ratis.thirdparty.io.grpc.internal.AbstractManagedChannelImplBuilder.build(AbstractManagedChannelImplBuilder.java:297)
	at org.apache.hadoop.hdds.scm.XceiverClientGrpc.connectToDatanode(XceiverClientGrpc.java:205)
	at org.apache.hadoop.hdds.scm.XceiverClientGrpc.connect(XceiverClientGrpc.java:158)
	at org.apache.hadoop.hdds.scm.XceiverClientManager$2.call(XceiverClientManager.java:243)
	at org.apache.hadoop.hdds.scm.XceiverClientManager$2.call(XceiverClientManager.java:224)
	at com.google.common.cache.LocalCache$LocalManualCache$1.load(LocalCache.java:4868)
	at com.google.common.cache.LocalCache$LoadingValueReference.loadFuture(LocalCache.java:3533)
	at com.google.common.cache.LocalCache$Segment.loadSync(LocalCache.java:2282)
	at com.google.common.cache.LocalCache$Segment.lockedGetOrLoad(LocalCache.java:2159)
	at com.google.common.cache.LocalCache$Segment.get(LocalCache.java:2049)
	at com.google.common.cache.LocalCache.get(LocalCache.java:3966)
	at com.google.common.cache.LocalCache$LocalManualCache.get(LocalCache.java:4863)
	at org.apache.hadoop.hdds.scm.XceiverClientManager.getClient(XceiverClientManager.java:224)
	at org.apache.hadoop.hdds.scm.XceiverClientManager.acquireClient(XceiverClientManager.java:168)
	at org.apache.hadoop.hdds.scm.XceiverClientManager.acquireClientForReadData(XceiverClientManager.java:157)
	at org.apache.hadoop.hdds.scm.storage.BlockInputStream.acquireClient(BlockInputStream.java:256)
	at org.apache.hadoop.hdds.scm.storage.BlockInputStream.getChunkInfos(BlockInputStream.java:223)
	at org.apache.hadoop.hdds.scm.storage.BlockInputStream.initialize(BlockInputStream.java:146)
	at org.apache.hadoop.hdds.scm.storage.BlockInputStream.readWithStrategy(BlockInputStream.java:283)
	at org.apache.hadoop.hdds.scm.storage.ExtendedInputStream.read(ExtendedInputStream.java:64)
	at org.apache.hadoop.hdds.scm.storage.ByteBufferReader.readFromBlock(ByteBufferReader.java:56)
	at org.apache.hadoop.ozone.client.io.ECBlockInputStream.readFromStream(ECBlockInputStream.java:365)
	at org.apache.hadoop.ozone.client.io.ECBlockInputStream.readWithStrategy(ECBlockInputStream.java:300)
	at org.apache.hadoop.hdds.scm.storage.ExtendedInputStream.read(ExtendedInputStream.java:64)
	at org.apache.hadoop.ozone.client.io.ECBlockInputStreamProxy.read(ECBlockInputStreamProxy.java:158)
	at org.apache.hadoop.ozone.client.io.ECBlockInputStreamProxy.read(ECBlockInputStreamProxy.java:143)
	at org.apache.hadoop.hdds.scm.storage.ByteArrayReader.readFromBlock(ByteArrayReader.java:57)
	at org.apache.hadoop.ozone.client.io.KeyInputStream.readWithStrategy(KeyInputStream.java:273)
	at org.apache.hadoop.ozone.client.io.KeyInputStream.read(KeyInputStream.java:240)
	at org.apache.hadoop.ozone.client.rpc.read.TestKeyInputStream.validate(TestKeyInputStream.java:133)
	at org.apache.hadoop.ozone.client.rpc.read.TestKeyInputStream.testECSeek(TestKeyInputStream.java:242)
	at org.apache.hadoop.ozone.client.rpc.read.TestKeyInputStream.testNonReplicationReads(TestKeyInputStream.java:150)
	at sun.reflect.NativeMethodAccessorImpl.invoke0(Native Method)
	at sun.reflect.NativeMethodAccessorImpl.invoke(NativeMethodAccessorImpl.java:62)
	at sun.reflect.DelegatingMethodAccessorImpl.invoke(DelegatingMethodAccessorImpl.java:43)
	at java.lang.reflect.Method.invoke(Method.java:498)
	at org.junit.runners.model.FrameworkMethod$1.runReflectiveCall(FrameworkMethod.java:59)
	at org.junit.internal.runners.model.ReflectiveCallable.run(ReflectiveCallable.java:12)
	at org.junit.runners.model.FrameworkMethod.invokeExplosively(FrameworkMethod.java:56)
	at org.junit.internal.runners.statements.InvokeMethod.evaluate(InvokeMethod.java:17)
	at org.junit.internal.runners.statements.RunBefores.evaluate(RunBefores.java:26)
	at org.junit.internal.runners.statements.RunAfters.evaluate(RunAfters.java:27)
	at org.junit.internal.runners.statements.FailOnTimeout$CallableStatement.call(FailOnTimeout.java:288)
	at org.junit.internal.runners.statements.FailOnTimeout$CallableStatement.call(FailOnTimeout.java:282)
	at java.util.concurrent.FutureTask.run(FutureTask.java:266)
	at java.lang.Thread.run(Thread.java:750)

Oct 08, 2022 1:34:01 AM org.apache.ratis.thirdparty.io.grpc.internal.ManagedChannelOrphanWrapper$ManagedChannelReference cleanQueue
SEVERE: *~*~*~ Channel ManagedChannelImpl{logId=190, target=10.1.0.61:42411} was not shutdown properly!!! ~*~*~*
    Make sure to call shutdown()/shutdownNow() and wait until awaitTermination() returns true.
java.lang.RuntimeException: ManagedChannel allocation site
	at org.apache.ratis.thirdparty.io.grpc.internal.ManagedChannelOrphanWrapper$ManagedChannelReference.<init>(ManagedChannelOrphanWrapper.java:93)
	at org.apache.ratis.thirdparty.io.grpc.internal.ManagedChannelOrphanWrapper.<init>(ManagedChannelOrphanWrapper.java:53)
	at org.apache.ratis.thirdparty.io.grpc.internal.ManagedChannelOrphanWrapper.<init>(ManagedChannelOrphanWrapper.java:44)
	at org.apache.ratis.thirdparty.io.grpc.internal.ManagedChannelImplBuilder.build(ManagedChannelImplBuilder.java:630)
	at org.apache.ratis.thirdparty.io.grpc.internal.AbstractManagedChannelImplBuilder.build(AbstractManagedChannelImplBuilder.java:297)
	at org.apache.hadoop.hdds.scm.XceiverClientGrpc.connectToDatanode(XceiverClientGrpc.java:205)
	at org.apache.hadoop.hdds.scm.XceiverClientGrpc.connect(XceiverClientGrpc.java:158)
	at org.apache.hadoop.hdds.scm.XceiverClientManager$2.call(XceiverClientManager.java:243)
	at org.apache.hadoop.hdds.scm.XceiverClientManager$2.call(XceiverClientManager.java:224)
	at com.google.common.cache.LocalCache$LocalManualCache$1.load(LocalCache.java:4868)
	at com.google.common.cache.LocalCache$LoadingValueReference.loadFuture(LocalCache.java:3533)
	at com.google.common.cache.LocalCache$Segment.loadSync(LocalCache.java:2282)
	at com.google.common.cache.LocalCache$Segment.lockedGetOrLoad(LocalCache.java:2159)
	at com.google.common.cache.LocalCache$Segment.get(LocalCache.java:2049)
	at com.google.common.cache.LocalCache.get(LocalCache.java:3966)
	at com.google.common.cache.LocalCache$LocalManualCache.get(LocalCache.java:4863)
	at org.apache.hadoop.hdds.scm.XceiverClientManager.getClient(XceiverClientManager.java:224)
	at org.apache.hadoop.hdds.scm.XceiverClientManager.acquireClient(XceiverClientManager.java:168)
	at org.apache.hadoop.hdds.scm.XceiverClientManager.acquireClient(XceiverClientManager.java:141)
	at org.apache.hadoop.hdds.scm.storage.BlockOutputStream.<init>(BlockOutputStream.java:161)
	at org.apache.hadoop.hdds.scm.storage.ECBlockOutputStream.<init>(ECBlockOutputStream.java:73)
	at org.apache.hadoop.ozone.client.io.ECBlockOutputStreamEntry.checkStream(ECBlockOutputStreamEntry.java:100)
	at org.apache.hadoop.ozone.client.io.BlockOutputStreamEntry.write(BlockOutputStreamEntry.java:123)
	at org.apache.hadoop.ozone.client.io.ECKeyOutputStream.writeToOutputStream(ECKeyOutputStream.java:406)
	at org.apache.hadoop.ozone.client.io.ECKeyOutputStream.handleOutputStreamWrite(ECKeyOutputStream.java:390)
	at org.apache.hadoop.ozone.client.io.ECKeyOutputStream.handleWrite(ECKeyOutputStream.java:364)
	at org.apache.hadoop.ozone.client.io.ECKeyOutputStream.write(ECKeyOutputStream.java:163)
	at org.apache.hadoop.ozone.client.io.OzoneOutputStream.write(OzoneOutputStream.java:50)
	at java.io.OutputStream.write(OutputStream.java:75)
	at org.apache.hadoop.ozone.client.rpc.read.TestInputStreamBase.writeRandomBytes(TestInputStreamBase.java:205)
	at org.apache.hadoop.ozone.client.rpc.read.TestKeyInputStream.testECSeek(TestKeyInputStream.java:231)
	at org.apache.hadoop.ozone.client.rpc.read.TestKeyInputStream.testNonReplicationReads(TestKeyInputStream.java:150)
	at sun.reflect.NativeMethodAccessorImpl.invoke0(Native Method)
	at sun.reflect.NativeMethodAccessorImpl.invoke(NativeMethodAccessorImpl.java:62)
	at sun.reflect.DelegatingMethodAccessorImpl.invoke(DelegatingMethodAccessorImpl.java:43)
	at java.lang.reflect.Method.invoke(Method.java:498)
	at org.junit.runners.model.FrameworkMethod$1.runReflectiveCall(FrameworkMethod.java:59)
	at org.junit.internal.runners.model.ReflectiveCallable.run(ReflectiveCallable.java:12)
	at org.junit.runners.model.FrameworkMethod.invokeExplosively(FrameworkMethod.java:56)
	at org.junit.internal.runners.statements.InvokeMethod.evaluate(InvokeMethod.java:17)
	at org.junit.internal.runners.statements.RunBefores.evaluate(RunBefores.java:26)
	at org.junit.internal.runners.statements.RunAfters.evaluate(RunAfters.java:27)
	at org.junit.internal.runners.statements.FailOnTimeout$CallableStatement.call(FailOnTimeout.java:288)
	at org.junit.internal.runners.statements.FailOnTimeout$CallableStatement.call(FailOnTimeout.java:282)
	at java.util.concurrent.FutureTask.run(FutureTask.java:266)
	at java.lang.Thread.run(Thread.java:750)

Oct 08, 2022 1:34:01 AM org.apache.ratis.thirdparty.io.grpc.internal.ManagedChannelOrphanWrapper$ManagedChannelReference cleanQueue
SEVERE: *~*~*~ Channel ManagedChannelImpl{logId=249, target=10.1.0.61:41229} was not shutdown properly!!! ~*~*~*
    Make sure to call shutdown()/shutdownNow() and wait until awaitTermination() returns true.
java.lang.RuntimeException: ManagedChannel allocation site
	at org.apache.ratis.thirdparty.io.grpc.internal.ManagedChannelOrphanWrapper$ManagedChannelReference.<init>(ManagedChannelOrphanWrapper.java:93)
	at org.apache.ratis.thirdparty.io.grpc.internal.ManagedChannelOrphanWrapper.<init>(ManagedChannelOrphanWrapper.java:53)
	at org.apache.ratis.thirdparty.io.grpc.internal.ManagedChannelOrphanWrapper.<init>(ManagedChannelOrphanWrapper.java:44)
	at org.apache.ratis.thirdparty.io.grpc.internal.ManagedChannelImplBuilder.build(ManagedChannelImplBuilder.java:630)
	at org.apache.ratis.thirdparty.io.grpc.internal.AbstractManagedChannelImplBuilder.build(AbstractManagedChannelImplBuilder.java:297)
	at org.apache.hadoop.hdds.scm.XceiverClientGrpc.connectToDatanode(XceiverClientGrpc.java:205)
	at org.apache.hadoop.hdds.scm.XceiverClientGrpc.connect(XceiverClientGrpc.java:158)
	at org.apache.hadoop.hdds.scm.XceiverClientManager$2.call(XceiverClientManager.java:243)
	at org.apache.hadoop.hdds.scm.XceiverClientManager$2.call(XceiverClientManager.java:224)
	at com.google.common.cache.LocalCache$LocalManualCache$1.load(LocalCache.java:4868)
	at com.google.common.cache.LocalCache$LoadingValueReference.loadFuture(LocalCache.java:3533)
	at com.google.common.cache.LocalCache$Segment.loadSync(LocalCache.java:2282)
	at com.google.common.cache.LocalCache$Segment.lockedGetOrLoad(LocalCache.java:2159)
	at com.google.common.cache.LocalCache$Segment.get(LocalCache.java:2049)
	at com.google.common.cache.LocalCache.get(LocalCache.java:3966)
	at com.google.common.cache.LocalCache$LocalManualCache.get(LocalCache.java:4863)
	at org.apache.hadoop.hdds.scm.XceiverClientManager.getClient(XceiverClientManager.java:224)
	at org.apache.hadoop.hdds.scm.XceiverClientManager.acquireClient(XceiverClientManager.java:168)
	at org.apache.hadoop.hdds.scm.XceiverClientManager.acquireClientForReadData(XceiverClientManager.java:157)
	at org.apache.hadoop.hdds.scm.storage.BlockInputStream.acquireClient(BlockInputStream.java:256)
	at org.apache.hadoop.hdds.scm.storage.BlockInputStream.getChunkInfos(BlockInputStream.java:223)
	at org.apache.hadoop.hdds.scm.storage.BlockInputStream.initialize(BlockInputStream.java:146)
	at org.apache.hadoop.hdds.scm.storage.BlockInputStream.readWithStrategy(BlockInputStream.java:283)
	at org.apache.hadoop.hdds.scm.storage.ExtendedInputStream.read(ExtendedInputStream.java:64)
	at org.apache.hadoop.hdds.scm.storage.ByteBufferReader.readFromBlock(ByteBufferReader.java:56)
	at org.apache.hadoop.ozone.client.io.ECBlockInputStream.readFromStream(ECBlockInputStream.java:365)
	at org.apache.hadoop.ozone.client.io.ECBlockInputStream.readWithStrategy(ECBlockInputStream.java:300)
	at org.apache.hadoop.hdds.scm.storage.ExtendedInputStream.read(ExtendedInputStream.java:64)
	at org.apache.hadoop.ozone.client.io.ECBlockInputStreamProxy.read(ECBlockInputStreamProxy.java:158)
	at org.apache.hadoop.ozone.client.io.ECBlockInputStreamProxy.read(ECBlockInputStreamProxy.java:143)
	at org.apache.hadoop.hdds.scm.storage.ByteArrayReader.readFromBlock(ByteArrayReader.java:57)
	at org.apache.hadoop.ozone.client.io.KeyInputStream.readWithStrategy(KeyInputStream.java:273)
	at org.apache.hadoop.ozone.client.io.KeyInputStream.read(KeyInputStream.java:240)
	at org.apache.hadoop.ozone.client.rpc.read.TestKeyInputStream.validate(TestKeyInputStream.java:133)
	at org.apache.hadoop.ozone.client.rpc.read.TestKeyInputStream.randomPositionSeek(TestKeyInputStream.java:115)
	at org.apache.hadoop.ozone.client.rpc.read.TestKeyInputStream.testECSeek(TestKeyInputStream.java:245)
	at org.apache.hadoop.ozone.client.rpc.read.TestKeyInputStream.testNonReplicationReads(TestKeyInputStream.java:150)
	at sun.reflect.NativeMethodAccessorImpl.invoke0(Native Method)
	at sun.reflect.NativeMethodAccessorImpl.invoke(NativeMethodAccessorImpl.java:62)
	at sun.reflect.DelegatingMethodAccessorImpl.invoke(DelegatingMethodAccessorImpl.java:43)
	at java.lang.reflect.Method.invoke(Method.java:498)
	at org.junit.runners.model.FrameworkMethod$1.runReflectiveCall(FrameworkMethod.java:59)
	at org.junit.internal.runners.model.ReflectiveCallable.run(ReflectiveCallable.java:12)
	at org.junit.runners.model.FrameworkMethod.invokeExplosively(FrameworkMethod.java:56)
	at org.junit.internal.runners.statements.InvokeMethod.evaluate(InvokeMethod.java:17)
	at org.junit.internal.runners.statements.RunBefores.evaluate(RunBefores.java:26)
	at org.junit.internal.runners.statements.RunAfters.evaluate(RunAfters.java:27)
	at org.junit.internal.runners.statements.FailOnTimeout$CallableStatement.call(FailOnTimeout.java:288)
	at org.junit.internal.runners.statements.FailOnTimeout$CallableStatement.call(FailOnTimeout.java:282)
	at java.util.concurrent.FutureTask.run(FutureTask.java:266)
	at java.lang.Thread.run(Thread.java:750)

Oct 08, 2022 1:34:01 AM org.apache.ratis.thirdparty.io.grpc.internal.ManagedChannelOrphanWrapper$ManagedChannelReference cleanQueue
SEVERE: *~*~*~ Channel ManagedChannelImpl{logId=99, target=10.1.0.61:41229} was not shutdown properly!!! ~*~*~*
    Make sure to call shutdown()/shutdownNow() and wait until awaitTermination() returns true.
java.lang.RuntimeException: ManagedChannel allocation site
	at org.apache.ratis.thirdparty.io.grpc.internal.ManagedChannelOrphanWrapper$ManagedChannelReference.<init>(ManagedChannelOrphanWrapper.java:93)
	at org.apache.ratis.thirdparty.io.grpc.internal.ManagedChannelOrphanWrapper.<init>(ManagedChannelOrphanWrapper.java:53)
	at org.apache.ratis.thirdparty.io.grpc.internal.ManagedChannelOrphanWrapper.<init>(ManagedChannelOrphanWrapper.java:44)
	at org.apache.ratis.thirdparty.io.grpc.internal.ManagedChannelImplBuilder.build(ManagedChannelImplBuilder.java:630)
	at org.apache.ratis.thirdparty.io.grpc.internal.AbstractManagedChannelImplBuilder.build(AbstractManagedChannelImplBuilder.java:297)
	at org.apache.hadoop.hdds.scm.XceiverClientGrpc.connectToDatanode(XceiverClientGrpc.java:205)
	at org.apache.hadoop.hdds.scm.XceiverClientGrpc.reconnect(XceiverClientGrpc.java:579)
	at org.apache.hadoop.hdds.scm.XceiverClientGrpc.checkOpen(XceiverClientGrpc.java:570)
	at org.apache.hadoop.hdds.scm.XceiverClientGrpc.sendCommandAsync(XceiverClientGrpc.java:500)
	at org.apache.hadoop.hdds.scm.XceiverClientGrpc.sendCommandWithRetry(XceiverClientGrpc.java:402)
	at org.apache.hadoop.hdds.scm.XceiverClientGrpc.lambda$sendCommandWithTraceIDAndRetry$0(XceiverClientGrpc.java:344)
	at org.apache.hadoop.hdds.tracing.TracingUtil.executeInSpan(TracingUtil.java:177)
	at org.apache.hadoop.hdds.tracing.TracingUtil.executeInNewSpan(TracingUtil.java:151)
	at org.apache.hadoop.hdds.scm.XceiverClientGrpc.sendCommandWithTraceIDAndRetry(XceiverClientGrpc.java:338)
	at org.apache.hadoop.hdds.scm.XceiverClientGrpc.sendCommand(XceiverClientGrpc.java:319)
	at org.apache.hadoop.hdds.scm.storage.ContainerProtocolCalls.getBlock(ContainerProtocolCalls.java:152)
	at org.apache.hadoop.hdds.scm.storage.BlockInputStream.getChunkInfos(BlockInputStream.java:242)
	at org.apache.hadoop.hdds.scm.storage.BlockInputStream.initialize(BlockInputStream.java:146)
	at org.apache.hadoop.hdds.scm.storage.BlockInputStream.readWithStrategy(BlockInputStream.java:283)
	at org.apache.hadoop.hdds.scm.storage.ExtendedInputStream.read(ExtendedInputStream.java:54)
	at org.apache.hadoop.hdds.scm.storage.ByteArrayReader.readFromBlock(ByteArrayReader.java:57)
	at org.apache.hadoop.ozone.client.io.KeyInputStream.readWithStrategy(KeyInputStream.java:273)
	at org.apache.hadoop.ozone.client.io.KeyInputStream.read(KeyInputStream.java:240)
	at java.io.InputStream.read(InputStream.java:101)
	at org.apache.hadoop.ozone.client.rpc.read.TestKeyInputStream.assertReadFully(TestKeyInputStream.java:478)
	at org.apache.hadoop.ozone.client.rpc.read.TestKeyInputStream.testReadChunkWithByteArray(TestKeyInputStream.java:312)
	at org.apache.hadoop.ozone.client.rpc.read.TestKeyInputStream.testNonReplicationReads(TestKeyInputStream.java:147)
	at sun.reflect.NativeMethodAccessorImpl.invoke0(Native Method)
	at sun.reflect.NativeMethodAccessorImpl.invoke(NativeMethodAccessorImpl.java:62)
	at sun.reflect.DelegatingMethodAccessorImpl.invoke(DelegatingMethodAccessorImpl.java:43)
	at java.lang.reflect.Method.invoke(Method.java:498)
	at org.junit.runners.model.FrameworkMethod$1.runReflectiveCall(FrameworkMethod.java:59)
	at org.junit.internal.runners.model.ReflectiveCallable.run(ReflectiveCallable.java:12)
	at org.junit.runners.model.FrameworkMethod.invokeExplosively(FrameworkMethod.java:56)
	at org.junit.internal.runners.statements.InvokeMethod.evaluate(InvokeMethod.java:17)
	at org.junit.internal.runners.statements.RunBefores.evaluate(RunBefores.java:26)
	at org.junit.internal.runners.statements.RunAfters.evaluate(RunAfters.java:27)
	at org.junit.internal.runners.statements.FailOnTimeout$CallableStatement.call(FailOnTimeout.java:288)
	at org.junit.internal.runners.statements.FailOnTimeout$CallableStatement.call(FailOnTimeout.java:282)
	at java.util.concurrent.FutureTask.run(FutureTask.java:266)
	at java.lang.Thread.run(Thread.java:750)

Oct 08, 2022 1:34:01 AM org.apache.ratis.thirdparty.io.grpc.internal.ManagedChannelOrphanWrapper$ManagedChannelReference cleanQueue
SEVERE: *~*~*~ Channel ManagedChannelImpl{logId=104, target=10.1.0.61:41021} was not shutdown properly!!! ~*~*~*
    Make sure to call shutdown()/shutdownNow() and wait until awaitTermination() returns true.
java.lang.RuntimeException: ManagedChannel allocation site
	at org.apache.ratis.thirdparty.io.grpc.internal.ManagedChannelOrphanWrapper$ManagedChannelReference.<init>(ManagedChannelOrphanWrapper.java:93)
	at org.apache.ratis.thirdparty.io.grpc.internal.ManagedChannelOrphanWrapper.<init>(ManagedChannelOrphanWrapper.java:53)
	at org.apache.ratis.thirdparty.io.grpc.internal.ManagedChannelOrphanWrapper.<init>(ManagedChannelOrphanWrapper.java:44)
	at org.apache.ratis.thirdparty.io.grpc.internal.ManagedChannelImplBuilder.build(ManagedChannelImplBuilder.java:630)
	at org.apache.ratis.thirdparty.io.grpc.internal.AbstractManagedChannelImplBuilder.build(AbstractManagedChannelImplBuilder.java:297)
	at org.apache.hadoop.hdds.scm.XceiverClientGrpc.connectToDatanode(XceiverClientGrpc.java:205)
	at org.apache.hadoop.hdds.scm.XceiverClientGrpc.reconnect(XceiverClientGrpc.java:579)
	at org.apache.hadoop.hdds.scm.XceiverClientGrpc.checkOpen(XceiverClientGrpc.java:570)
	at org.apache.hadoop.hdds.scm.XceiverClientGrpc.sendCommandAsync(XceiverClientGrpc.java:500)
	at org.apache.hadoop.hdds.scm.XceiverClientGrpc.sendCommandWithRetry(XceiverClientGrpc.java:402)
	at org.apache.hadoop.hdds.scm.XceiverClientGrpc.lambda$sendCommandWithTraceIDAndRetry$0(XceiverClientGrpc.java:344)
	at org.apache.hadoop.hdds.tracing.TracingUtil.executeInSpan(TracingUtil.java:177)
	at org.apache.hadoop.hdds.tracing.TracingUtil.executeInNewSpan(TracingUtil.java:151)
	at org.apache.hadoop.hdds.scm.XceiverClientGrpc.sendCommandWithTraceIDAndRetry(XceiverClientGrpc.java:338)
	at org.apache.hadoop.hdds.scm.XceiverClientGrpc.sendCommand(XceiverClientGrpc.java:319)
	at org.apache.hadoop.hdds.scm.storage.ContainerProtocolCalls.getBlock(ContainerProtocolCalls.java:152)
	at org.apache.hadoop.hdds.scm.storage.BlockInputStream.getChunkInfos(BlockInputStream.java:242)
	at org.apache.hadoop.hdds.scm.storage.BlockInputStream.initialize(BlockInputStream.java:146)
	at org.apache.hadoop.hdds.scm.storage.BlockInputStream.readWithStrategy(BlockInputStream.java:283)
	at org.apache.hadoop.hdds.scm.storage.ExtendedInputStream.read(ExtendedInputStream.java:64)
	at org.apache.hadoop.hdds.scm.storage.ByteBufferReader.readFromBlock(ByteBufferReader.java:56)
	at org.apache.hadoop.ozone.client.io.KeyInputStream.readWithStrategy(KeyInputStream.java:273)
	at org.apache.hadoop.ozone.client.io.KeyInputStream.read(KeyInputStream.java:250)
	at org.apache.hadoop.ozone.client.rpc.read.TestKeyInputStream.assertReadFullyUsingByteBuffer(TestKeyInputStream.java:497)
	at org.apache.hadoop.ozone.client.rpc.read.TestKeyInputStream.testReadChunkWithByteBuffer(TestKeyInputStream.java:332)
	at org.apache.hadoop.ozone.client.rpc.read.TestKeyInputStream.testNonReplicationReads(TestKeyInputStream.java:148)
	at sun.reflect.NativeMethodAccessorImpl.invoke0(Native Method)
	at sun.reflect.NativeMethodAccessorImpl.invoke(NativeMethodAccessorImpl.java:62)
	at sun.reflect.DelegatingMethodAccessorImpl.invoke(DelegatingMethodAccessorImpl.java:43)
	at java.lang.reflect.Method.invoke(Method.java:498)
	at org.junit.runners.model.FrameworkMethod$1.runReflectiveCall(FrameworkMethod.java:59)
	at org.junit.internal.runners.model.ReflectiveCallable.run(ReflectiveCallable.java:12)
	at org.junit.runners.model.FrameworkMethod.invokeExplosively(FrameworkMethod.java:56)
	at org.junit.internal.runners.statements.InvokeMethod.evaluate(InvokeMethod.java:17)
	at org.junit.internal.runners.statements.RunBefores.evaluate(RunBefores.java:26)
	at org.junit.internal.runners.statements.RunAfters.evaluate(RunAfters.java:27)
	at org.junit.internal.runners.statements.FailOnTimeout$CallableStatement.call(FailOnTimeout.java:288)
	at org.junit.internal.runners.statements.FailOnTimeout$CallableStatement.call(FailOnTimeout.java:282)
	at java.util.concurrent.FutureTask.run(FutureTask.java:266)
	at java.lang.Thread.run(Thread.java:750)

Oct 08, 2022 1:34:01 AM org.apache.ratis.thirdparty.io.grpc.internal.ManagedChannelOrphanWrapper$ManagedChannelReference cleanQueue
SEVERE: *~*~*~ Channel ManagedChannelImpl{logId=209, target=10.1.0.61:33593} was not shutdown properly!!! ~*~*~*
    Make sure to call shutdown()/shutdownNow() and wait until awaitTermination() returns true.
java.lang.RuntimeException: ManagedChannel allocation site
	at org.apache.ratis.thirdparty.io.grpc.internal.ManagedChannelOrphanWrapper$ManagedChannelReference.<init>(ManagedChannelOrphanWrapper.java:93)
	at org.apache.ratis.thirdparty.io.grpc.internal.ManagedChannelOrphanWrapper.<init>(ManagedChannelOrphanWrapper.java:53)
	at org.apache.ratis.thirdparty.io.grpc.internal.ManagedChannelOrphanWrapper.<init>(ManagedChannelOrphanWrapper.java:44)
	at org.apache.ratis.thirdparty.io.grpc.internal.ManagedChannelImplBuilder.build(ManagedChannelImplBuilder.java:630)
	at org.apache.ratis.thirdparty.io.grpc.internal.AbstractManagedChannelImplBuilder.build(AbstractManagedChannelImplBuilder.java:297)
	at org.apache.hadoop.hdds.scm.XceiverClientGrpc.connectToDatanode(XceiverClientGrpc.java:205)
	at org.apache.hadoop.hdds.scm.XceiverClientGrpc.connect(XceiverClientGrpc.java:158)
	at org.apache.hadoop.hdds.scm.XceiverClientManager$2.call(XceiverClientManager.java:243)
	at org.apache.hadoop.hdds.scm.XceiverClientManager$2.call(XceiverClientManager.java:224)
	at com.google.common.cache.LocalCache$LocalManualCache$1.load(LocalCache.java:4868)
	at com.google.common.cache.LocalCache$LoadingValueReference.loadFuture(LocalCache.java:3533)
	at com.google.common.cache.LocalCache$Segment.loadSync(LocalCache.java:2282)
	at com.google.common.cache.LocalCache$Segment.lockedGetOrLoad(LocalCache.java:2159)
	at com.google.common.cache.LocalCache$Segment.get(LocalCache.java:2049)
	at com.google.common.cache.LocalCache.get(LocalCache.java:3966)
	at com.google.common.cache.LocalCache$LocalManualCache.get(LocalCache.java:4863)
	at org.apache.hadoop.hdds.scm.XceiverClientManager.getClient(XceiverClientManager.java:224)
	at org.apache.hadoop.hdds.scm.XceiverClientManager.acquireClient(XceiverClientManager.java:168)
	at org.apache.hadoop.hdds.scm.XceiverClientManager.acquireClientForReadData(XceiverClientManager.java:157)
	at org.apache.hadoop.hdds.scm.storage.BlockInputStream.acquireClient(BlockInputStream.java:256)
	at org.apache.hadoop.hdds.scm.storage.BlockInputStream.getChunkInfos(BlockInputStream.java:223)
	at org.apache.hadoop.hdds.scm.storage.BlockInputStream.initialize(BlockInputStream.java:146)
	at org.apache.hadoop.hdds.scm.storage.BlockInputStream.readWithStrategy(BlockInputStream.java:283)
	at org.apache.hadoop.hdds.scm.storage.ExtendedInputStream.read(ExtendedInputStream.java:64)
	at org.apache.hadoop.hdds.scm.storage.ByteBufferReader.readFromBlock(ByteBufferReader.java:56)
	at org.apache.hadoop.ozone.client.io.ECBlockInputStream.readFromStream(ECBlockInputStream.java:365)
	at org.apache.hadoop.ozone.client.io.ECBlockInputStream.readWithStrategy(ECBlockInputStream.java:300)
	at org.apache.hadoop.hdds.scm.storage.ExtendedInputStream.read(ExtendedInputStream.java:64)
	at org.apache.hadoop.ozone.client.io.ECBlockInputStreamProxy.read(ECBlockInputStreamProxy.java:158)
	at org.apache.hadoop.ozone.client.io.ECBlockInputStreamProxy.read(ECBlockInputStreamProxy.java:143)
	at org.apache.hadoop.hdds.scm.storage.ByteArrayReader.readFromBlock(ByteArrayReader.java:57)
	at org.apache.hadoop.ozone.client.io.KeyInputStream.readWithStrategy(KeyInputStream.java:273)
	at org.apache.hadoop.ozone.client.io.KeyInputStream.read(KeyInputStream.java:240)
	at org.apache.hadoop.ozone.client.rpc.read.TestKeyInputStream.validate(TestKeyInputStream.java:133)
	at org.apache.hadoop.ozone.client.rpc.read.TestKeyInputStream.testECSeek(TestKeyInputStream.java:234)
	at org.apache.hadoop.ozone.client.rpc.read.TestKeyInputStream.testNonReplicationReads(TestKeyInputStream.java:150)
	at sun.reflect.NativeMethodAccessorImpl.invoke0(Native Method)
	at sun.reflect.NativeMethodAccessorImpl.invoke(NativeMethodAccessorImpl.java:62)
	at sun.reflect.DelegatingMethodAccessorImpl.invoke(DelegatingMethodAccessorImpl.java:43)
	at java.lang.reflect.Method.invoke(Method.java:498)
	at org.junit.runners.model.FrameworkMethod$1.runReflectiveCall(FrameworkMethod.java:59)
	at org.junit.internal.runners.model.ReflectiveCallable.run(ReflectiveCallable.java:12)
	at org.junit.runners.model.FrameworkMethod.invokeExplosively(FrameworkMethod.java:56)
	at org.junit.internal.runners.statements.InvokeMethod.evaluate(InvokeMethod.java:17)
	at org.junit.internal.runners.statements.RunBefores.evaluate(RunBefores.java:26)
	at org.junit.internal.runners.statements.RunAfters.evaluate(RunAfters.java:27)
	at org.junit.internal.runners.statements.FailOnTimeout$CallableStatement.call(FailOnTimeout.java:288)
	at org.junit.internal.runners.statements.FailOnTimeout$CallableStatement.call(FailOnTimeout.java:282)
	at java.util.concurrent.FutureTask.run(FutureTask.java:266)
	at java.lang.Thread.run(Thread.java:750)

Oct 08, 2022 1:34:01 AM org.apache.ratis.thirdparty.io.grpc.internal.ManagedChannelOrphanWrapper$ManagedChannelReference cleanQueue
SEVERE: *~*~*~ Channel ManagedChannelImpl{logId=140, target=10.1.0.61:41021} was not shutdown properly!!! ~*~*~*
    Make sure to call shutdown()/shutdownNow() and wait until awaitTermination() returns true.
java.lang.RuntimeException: ManagedChannel allocation site
	at org.apache.ratis.thirdparty.io.grpc.internal.ManagedChannelOrphanWrapper$ManagedChannelReference.<init>(ManagedChannelOrphanWrapper.java:93)
	at org.apache.ratis.thirdparty.io.grpc.internal.ManagedChannelOrphanWrapper.<init>(ManagedChannelOrphanWrapper.java:53)
	at org.apache.ratis.thirdparty.io.grpc.internal.ManagedChannelOrphanWrapper.<init>(ManagedChannelOrphanWrapper.java:44)
	at org.apache.ratis.thirdparty.io.grpc.internal.ManagedChannelImplBuilder.build(ManagedChannelImplBuilder.java:630)
	at org.apache.ratis.thirdparty.io.grpc.internal.AbstractManagedChannelImplBuilder.build(AbstractManagedChannelImplBuilder.java:297)
	at org.apache.hadoop.hdds.scm.XceiverClientGrpc.connectToDatanode(XceiverClientGrpc.java:205)
	at org.apache.hadoop.hdds.scm.XceiverClientGrpc.connect(XceiverClientGrpc.java:158)
	at org.apache.hadoop.hdds.scm.XceiverClientManager$2.call(XceiverClientManager.java:243)
	at org.apache.hadoop.hdds.scm.XceiverClientManager$2.call(XceiverClientManager.java:224)
	at com.google.common.cache.LocalCache$LocalManualCache$1.load(LocalCache.java:4868)
	at com.google.common.cache.LocalCache$LoadingValueReference.loadFuture(LocalCache.java:3533)
	at com.google.common.cache.LocalCache$Segment.loadSync(LocalCache.java:2282)
	at com.google.common.cache.LocalCache$Segment.lockedGetOrLoad(LocalCache.java:2159)
	at com.google.common.cache.LocalCache$Segment.get(LocalCache.java:2049)
	at com.google.common.cache.LocalCache.get(LocalCache.java:3966)
	at com.google.common.cache.LocalCache$LocalManualCache.get(LocalCache.java:4863)
	at org.apache.hadoop.hdds.scm.XceiverClientManager.getClient(XceiverClientManager.java:224)
	at org.apache.hadoop.hdds.scm.XceiverClientManager.acquireClient(XceiverClientManager.java:168)
	at org.apache.hadoop.hdds.scm.XceiverClientManager.acquireClient(XceiverClientManager.java:141)
	at org.apache.hadoop.hdds.scm.storage.BlockOutputStream.<init>(BlockOutputStream.java:161)
	at org.apache.hadoop.hdds.scm.storage.ECBlockOutputStream.<init>(ECBlockOutputStream.java:73)
	at org.apache.hadoop.ozone.client.io.ECBlockOutputStreamEntry.checkStream(ECBlockOutputStreamEntry.java:100)
	at org.apache.hadoop.ozone.client.io.BlockOutputStreamEntry.write(BlockOutputStreamEntry.java:123)
	at org.apache.hadoop.ozone.client.io.ECKeyOutputStream.writeToOutputStream(ECKeyOutputStream.java:406)
	at org.apache.hadoop.ozone.client.io.ECKeyOutputStream.handleOutputStreamWrite(ECKeyOutputStream.java:390)
	at org.apache.hadoop.ozone.client.io.ECKeyOutputStream.handleWrite(ECKeyOutputStream.java:364)
	at org.apache.hadoop.ozone.client.io.ECKeyOutputStream.write(ECKeyOutputStream.java:163)
	at org.apache.hadoop.ozone.client.io.OzoneOutputStream.write(OzoneOutputStream.java:50)
	at java.io.OutputStream.write(OutputStream.java:75)
	at org.apache.hadoop.ozone.client.rpc.read.TestInputStreamBase.writeRandomBytes(TestInputStreamBase.java:205)
	at org.apache.hadoop.ozone.client.rpc.read.TestKeyInputStream.testECSeek(TestKeyInputStream.java:231)
	at org.apache.hadoop.ozone.client.rpc.read.TestKeyInputStream.testNonReplicationReads(TestKeyInputStream.java:150)
	at sun.reflect.NativeMethodAccessorImpl.invoke0(Native Method)
	at sun.reflect.NativeMethodAccessorImpl.invoke(NativeMethodAccessorImpl.java:62)
	at sun.reflect.DelegatingMethodAccessorImpl.invoke(DelegatingMethodAccessorImpl.java:43)
	at java.lang.reflect.Method.invoke(Method.java:498)
	at org.junit.runners.model.FrameworkMethod$1.runReflectiveCall(FrameworkMethod.java:59)
	at org.junit.internal.runners.model.ReflectiveCallable.run(ReflectiveCallable.java:12)
	at org.junit.runners.model.FrameworkMethod.invokeExplosively(FrameworkMethod.java:56)
	at org.junit.internal.runners.statements.InvokeMethod.evaluate(InvokeMethod.java:17)
	at org.junit.internal.runners.statements.RunBefores.evaluate(RunBefores.java:26)
	at org.junit.internal.runners.statements.RunAfters.evaluate(RunAfters.java:27)
	at org.junit.internal.runners.statements.FailOnTimeout$CallableStatement.call(FailOnTimeout.java:288)
	at org.junit.internal.runners.statements.FailOnTimeout$CallableStatement.call(FailOnTimeout.java:282)
	at java.util.concurrent.FutureTask.run(FutureTask.java:266)
	at java.lang.Thread.run(Thread.java:750)

Oct 08, 2022 1:34:01 AM org.apache.ratis.thirdparty.io.grpc.internal.ManagedChannelOrphanWrapper$ManagedChannelReference cleanQueue
SEVERE: *~*~*~ Channel ManagedChannelImpl{logId=186, target=10.1.0.61:41021} was not shutdown properly!!! ~*~*~*
    Make sure to call shutdown()/shutdownNow() and wait until awaitTermination() returns true.
java.lang.RuntimeException: ManagedChannel allocation site
	at org.apache.ratis.thirdparty.io.grpc.internal.ManagedChannelOrphanWrapper$ManagedChannelReference.<init>(ManagedChannelOrphanWrapper.java:93)
	at org.apache.ratis.thirdparty.io.grpc.internal.ManagedChannelOrphanWrapper.<init>(ManagedChannelOrphanWrapper.java:53)
	at org.apache.ratis.thirdparty.io.grpc.internal.ManagedChannelOrphanWrapper.<init>(ManagedChannelOrphanWrapper.java:44)
	at org.apache.ratis.thirdparty.io.grpc.internal.ManagedChannelImplBuilder.build(ManagedChannelImplBuilder.java:630)
	at org.apache.ratis.thirdparty.io.grpc.internal.AbstractManagedChannelImplBuilder.build(AbstractManagedChannelImplBuilder.java:297)
	at org.apache.hadoop.hdds.scm.XceiverClientGrpc.connectToDatanode(XceiverClientGrpc.java:205)
	at org.apache.hadoop.hdds.scm.XceiverClientGrpc.connect(XceiverClientGrpc.java:158)
	at org.apache.hadoop.hdds.scm.XceiverClientManager$2.call(XceiverClientManager.java:243)
	at org.apache.hadoop.hdds.scm.XceiverClientManager$2.call(XceiverClientManager.java:224)
	at com.google.common.cache.LocalCache$LocalManualCache$1.load(LocalCache.java:4868)
	at com.google.common.cache.LocalCache$LoadingValueReference.loadFuture(LocalCache.java:3533)
	at com.google.common.cache.LocalCache$Segment.loadSync(LocalCache.java:2282)
	at com.google.common.cache.LocalCache$Segment.lockedGetOrLoad(LocalCache.java:2159)
	at com.google.common.cache.LocalCache$Segment.get(LocalCache.java:2049)
	at com.google.common.cache.LocalCache.get(LocalCache.java:3966)
	at com.google.common.cache.LocalCache$LocalManualCache.get(LocalCache.java:4863)
	at org.apache.hadoop.hdds.scm.XceiverClientManager.getClient(XceiverClientManager.java:224)
	at org.apache.hadoop.hdds.scm.XceiverClientManager.acquireClient(XceiverClientManager.java:168)
	at org.apache.hadoop.hdds.scm.XceiverClientManager.acquireClient(XceiverClientManager.java:141)
	at org.apache.hadoop.hdds.scm.storage.BlockOutputStream.<init>(BlockOutputStream.java:161)
	at org.apache.hadoop.hdds.scm.storage.ECBlockOutputStream.<init>(ECBlockOutputStream.java:73)
	at org.apache.hadoop.ozone.client.io.ECBlockOutputStreamEntry.checkStream(ECBlockOutputStreamEntry.java:100)
	at org.apache.hadoop.ozone.client.io.BlockOutputStreamEntry.write(BlockOutputStreamEntry.java:123)
	at org.apache.hadoop.ozone.client.io.ECKeyOutputStream.writeToOutputStream(ECKeyOutputStream.java:406)
	at org.apache.hadoop.ozone.client.io.ECKeyOutputStream.handleOutputStreamWrite(ECKeyOutputStream.java:390)
	at org.apache.hadoop.ozone.client.io.ECKeyOutputStream.handleWrite(ECKeyOutputStream.java:364)
	at org.apache.hadoop.ozone.client.io.ECKeyOutputStream.write(ECKeyOutputStream.java:163)
	at org.apache.hadoop.ozone.client.io.OzoneOutputStream.write(OzoneOutputStream.java:50)
	at java.io.OutputStream.write(OutputStream.java:75)
	at org.apache.hadoop.ozone.client.rpc.read.TestInputStreamBase.writeRandomBytes(TestInputStreamBase.java:205)
	at org.apache.hadoop.ozone.client.rpc.read.TestKeyInputStream.testECSeek(TestKeyInputStream.java:231)
	at org.apache.hadoop.ozone.client.rpc.read.TestKeyInputStream.testNonReplicationReads(TestKeyInputStream.java:150)
	at sun.reflect.NativeMethodAccessorImpl.invoke0(Native Method)
	at sun.reflect.NativeMethodAccessorImpl.invoke(NativeMethodAccessorImpl.java:62)
	at sun.reflect.DelegatingMethodAccessorImpl.invoke(DelegatingMethodAccessorImpl.java:43)
	at java.lang.reflect.Method.invoke(Method.java:498)
	at org.junit.runners.model.FrameworkMethod$1.runReflectiveCall(FrameworkMethod.java:59)
	at org.junit.internal.runners.model.ReflectiveCallable.run(ReflectiveCallable.java:12)
	at org.junit.runners.model.FrameworkMethod.invokeExplosively(FrameworkMethod.java:56)
	at org.junit.internal.runners.statements.InvokeMethod.evaluate(InvokeMethod.java:17)
	at org.junit.internal.runners.statements.RunBefores.evaluate(RunBefores.java:26)
	at org.junit.internal.runners.statements.RunAfters.evaluate(RunAfters.java:27)
	at org.junit.internal.runners.statements.FailOnTimeout$CallableStatement.call(FailOnTimeout.java:288)
	at org.junit.internal.runners.statements.FailOnTimeout$CallableStatement.call(FailOnTimeout.java:282)
	at java.util.concurrent.FutureTask.run(FutureTask.java:266)
	at java.lang.Thread.run(Thread.java:750)

Oct 08, 2022 1:34:01 AM org.apache.ratis.thirdparty.io.grpc.internal.ManagedChannelOrphanWrapper$ManagedChannelReference cleanQueue
SEVERE: *~*~*~ Channel ManagedChannelImpl{logId=188, target=10.1.0.61:41229} was not shutdown properly!!! ~*~*~*
    Make sure to call shutdown()/shutdownNow() and wait until awaitTermination() returns true.
java.lang.RuntimeException: ManagedChannel allocation site
	at org.apache.ratis.thirdparty.io.grpc.internal.ManagedChannelOrphanWrapper$ManagedChannelReference.<init>(ManagedChannelOrphanWrapper.java:93)
	at org.apache.ratis.thirdparty.io.grpc.internal.ManagedChannelOrphanWrapper.<init>(ManagedChannelOrphanWrapper.java:53)
	at org.apache.ratis.thirdparty.io.grpc.internal.ManagedChannelOrphanWrapper.<init>(ManagedChannelOrphanWrapper.java:44)
	at org.apache.ratis.thirdparty.io.grpc.internal.ManagedChannelImplBuilder.build(ManagedChannelImplBuilder.java:630)
	at org.apache.ratis.thirdparty.io.grpc.internal.AbstractManagedChannelImplBuilder.build(AbstractManagedChannelImplBuilder.java:297)
	at org.apache.hadoop.hdds.scm.XceiverClientGrpc.connectToDatanode(XceiverClientGrpc.java:205)
	at org.apache.hadoop.hdds.scm.XceiverClientGrpc.connect(XceiverClientGrpc.java:158)
	at org.apache.hadoop.hdds.scm.XceiverClientManager$2.call(XceiverClientManager.java:243)
	at org.apache.hadoop.hdds.scm.XceiverClientManager$2.call(XceiverClientManager.java:224)
	at com.google.common.cache.LocalCache$LocalManualCache$1.load(LocalCache.java:4868)
	at com.google.common.cache.LocalCache$LoadingValueReference.loadFuture(LocalCache.java:3533)
	at com.google.common.cache.LocalCache$Segment.loadSync(LocalCache.java:2282)
	at com.google.common.cache.LocalCache$Segment.lockedGetOrLoad(LocalCache.java:2159)
	at com.google.common.cache.LocalCache$Segment.get(LocalCache.java:2049)
	at com.google.common.cache.LocalCache.get(LocalCache.java:3966)
	at com.google.common.cache.LocalCache$LocalManualCache.get(LocalCache.java:4863)
	at org.apache.hadoop.hdds.scm.XceiverClientManager.getClient(XceiverClientManager.java:224)
	at org.apache.hadoop.hdds.scm.XceiverClientManager.acquireClient(XceiverClientManager.java:168)
	at org.apache.hadoop.hdds.scm.XceiverClientManager.acquireClient(XceiverClientManager.java:141)
	at org.apache.hadoop.hdds.scm.storage.BlockOutputStream.<init>(BlockOutputStream.java:161)
	at org.apache.hadoop.hdds.scm.storage.ECBlockOutputStream.<init>(ECBlockOutputStream.java:73)
	at org.apache.hadoop.ozone.client.io.ECBlockOutputStreamEntry.checkStream(ECBlockOutputStreamEntry.java:100)
	at org.apache.hadoop.ozone.client.io.BlockOutputStreamEntry.write(BlockOutputStreamEntry.java:123)
	at org.apache.hadoop.ozone.client.io.ECKeyOutputStream.writeToOutputStream(ECKeyOutputStream.java:406)
	at org.apache.hadoop.ozone.client.io.ECKeyOutputStream.handleOutputStreamWrite(ECKeyOutputStream.java:390)
	at org.apache.hadoop.ozone.client.io.ECKeyOutputStream.handleWrite(ECKeyOutputStream.java:364)
	at org.apache.hadoop.ozone.client.io.ECKeyOutputStream.write(ECKeyOutputStream.java:163)
	at org.apache.hadoop.ozone.client.io.OzoneOutputStream.write(OzoneOutputStream.java:50)
	at java.io.OutputStream.write(OutputStream.java:75)
	at org.apache.hadoop.ozone.client.rpc.read.TestInputStreamBase.writeRandomBytes(TestInputStreamBase.java:205)
	at org.apache.hadoop.ozone.client.rpc.read.TestKeyInputStream.testECSeek(TestKeyInputStream.java:231)
	at org.apache.hadoop.ozone.client.rpc.read.TestKeyInputStream.testNonReplicationReads(TestKeyInputStream.java:150)
	at sun.reflect.NativeMethodAccessorImpl.invoke0(Native Method)
	at sun.reflect.NativeMethodAccessorImpl.invoke(NativeMethodAccessorImpl.java:62)
	at sun.reflect.DelegatingMethodAccessorImpl.invoke(DelegatingMethodAccessorImpl.java:43)
	at java.lang.reflect.Method.invoke(Method.java:498)
	at org.junit.runners.model.FrameworkMethod$1.runReflectiveCall(FrameworkMethod.java:59)
	at org.junit.internal.runners.model.ReflectiveCallable.run(ReflectiveCallable.java:12)
	at org.junit.runners.model.FrameworkMethod.invokeExplosively(FrameworkMethod.java:56)
	at org.junit.internal.runners.statements.InvokeMethod.evaluate(InvokeMethod.java:17)
	at org.junit.internal.runners.statements.RunBefores.evaluate(RunBefores.java:26)
	at org.junit.internal.runners.statements.RunAfters.evaluate(RunAfters.java:27)
	at org.junit.internal.runners.statements.FailOnTimeout$CallableStatement.call(FailOnTimeout.java:288)
	at org.junit.internal.runners.statements.FailOnTimeout$CallableStatement.call(FailOnTimeout.java:282)
	at java.util.concurrent.FutureTask.run(FutureTask.java:266)
	at java.lang.Thread.run(Thread.java:750)

Oct 08, 2022 1:34:01 AM org.apache.ratis.thirdparty.io.grpc.internal.ManagedChannelOrphanWrapper$ManagedChannelReference cleanQueue
SEVERE: *~*~*~ Channel ManagedChannelImpl{logId=134, target=10.1.0.61:42411} was not shutdown properly!!! ~*~*~*
    Make sure to call shutdown()/shutdownNow() and wait until awaitTermination() returns true.
java.lang.RuntimeException: ManagedChannel allocation site
	at org.apache.ratis.thirdparty.io.grpc.internal.ManagedChannelOrphanWrapper$ManagedChannelReference.<init>(ManagedChannelOrphanWrapper.java:93)
	at org.apache.ratis.thirdparty.io.grpc.internal.ManagedChannelOrphanWrapper.<init>(ManagedChannelOrphanWrapper.java:53)
	at org.apache.ratis.thirdparty.io.grpc.internal.ManagedChannelOrphanWrapper.<init>(ManagedChannelOrphanWrapper.java:44)
	at org.apache.ratis.thirdparty.io.grpc.internal.ManagedChannelImplBuilder.build(ManagedChannelImplBuilder.java:630)
	at org.apache.ratis.thirdparty.io.grpc.internal.AbstractManagedChannelImplBuilder.build(AbstractManagedChannelImplBuilder.java:297)
	at org.apache.hadoop.hdds.scm.XceiverClientGrpc.connectToDatanode(XceiverClientGrpc.java:205)
	at org.apache.hadoop.hdds.scm.XceiverClientGrpc.connect(XceiverClientGrpc.java:158)
	at org.apache.hadoop.hdds.scm.XceiverClientManager$2.call(XceiverClientManager.java:243)
	at org.apache.hadoop.hdds.scm.XceiverClientManager$2.call(XceiverClientManager.java:224)
	at com.google.common.cache.LocalCache$LocalManualCache$1.load(LocalCache.java:4868)
	at com.google.common.cache.LocalCache$LoadingValueReference.loadFuture(LocalCache.java:3533)
	at com.google.common.cache.LocalCache$Segment.loadSync(LocalCache.java:2282)
	at com.google.common.cache.LocalCache$Segment.lockedGetOrLoad(LocalCache.java:2159)
	at com.google.common.cache.LocalCache$Segment.get(LocalCache.java:2049)
	at com.google.common.cache.LocalCache.get(LocalCache.java:3966)
	at com.google.common.cache.LocalCache$LocalManualCache.get(LocalCache.java:4863)
	at org.apache.hadoop.hdds.scm.XceiverClientManager.getClient(XceiverClientManager.java:224)
	at org.apache.hadoop.hdds.scm.XceiverClientManager.acquireClient(XceiverClientManager.java:168)
	at org.apache.hadoop.hdds.scm.XceiverClientManager.acquireClient(XceiverClientManager.java:141)
	at org.apache.hadoop.hdds.scm.storage.BlockOutputStream.<init>(BlockOutputStream.java:161)
	at org.apache.hadoop.hdds.scm.storage.ECBlockOutputStream.<init>(ECBlockOutputStream.java:73)
	at org.apache.hadoop.ozone.client.io.ECBlockOutputStreamEntry.checkStream(ECBlockOutputStreamEntry.java:100)
	at org.apache.hadoop.ozone.client.io.BlockOutputStreamEntry.write(BlockOutputStreamEntry.java:123)
	at org.apache.hadoop.ozone.client.io.ECKeyOutputStream.writeToOutputStream(ECKeyOutputStream.java:406)
	at org.apache.hadoop.ozone.client.io.ECKeyOutputStream.handleOutputStreamWrite(ECKeyOutputStream.java:390)
	at org.apache.hadoop.ozone.client.io.ECKeyOutputStream.handleWrite(ECKeyOutputStream.java:364)
	at org.apache.hadoop.ozone.client.io.ECKeyOutputStream.write(ECKeyOutputStream.java:163)
	at org.apache.hadoop.ozone.client.io.OzoneOutputStream.write(OzoneOutputStream.java:50)
	at java.io.OutputStream.write(OutputStream.java:75)
	at org.apache.hadoop.ozone.client.rpc.read.TestInputStreamBase.writeRandomBytes(TestInputStreamBase.java:205)
	at org.apache.hadoop.ozone.client.rpc.read.TestKeyInputStream.testECSeek(TestKeyInputStream.java:231)
	at org.apache.hadoop.ozone.client.rpc.read.TestKeyInputStream.testNonReplicationReads(TestKeyInputStream.java:150)
	at sun.reflect.NativeMethodAccessorImpl.invoke0(Native Method)
	at sun.reflect.NativeMethodAccessorImpl.invoke(NativeMethodAccessorImpl.java:62)
	at sun.reflect.DelegatingMethodAccessorImpl.invoke(DelegatingMethodAccessorImpl.java:43)
	at java.lang.reflect.Method.invoke(Method.java:498)
	at org.junit.runners.model.FrameworkMethod$1.runReflectiveCall(FrameworkMethod.java:59)
	at org.junit.internal.runners.model.ReflectiveCallable.run(ReflectiveCallable.java:12)
	at org.junit.runners.model.FrameworkMethod.invokeExplosively(FrameworkMethod.java:56)
	at org.junit.internal.runners.statements.InvokeMethod.evaluate(InvokeMethod.java:17)
	at org.junit.internal.runners.statements.RunBefores.evaluate(RunBefores.java:26)
	at org.junit.internal.runners.statements.RunAfters.evaluate(RunAfters.java:27)
	at org.junit.internal.runners.statements.FailOnTimeout$CallableStatement.call(FailOnTimeout.java:288)
	at org.junit.internal.runners.statements.FailOnTimeout$CallableStatement.call(FailOnTimeout.java:282)
	at java.util.concurrent.FutureTask.run(FutureTask.java:266)
	at java.lang.Thread.run(Thread.java:750)

Oct 08, 2022 1:34:01 AM org.apache.ratis.thirdparty.io.grpc.internal.ManagedChannelOrphanWrapper$ManagedChannelReference cleanQueue
SEVERE: *~*~*~ Channel ManagedChannelImpl{logId=115, target=10.1.0.61:39893} was not shutdown properly!!! ~*~*~*
    Make sure to call shutdown()/shutdownNow() and wait until awaitTermination() returns true.
java.lang.RuntimeException: ManagedChannel allocation site
	at org.apache.ratis.thirdparty.io.grpc.internal.ManagedChannelOrphanWrapper$ManagedChannelReference.<init>(ManagedChannelOrphanWrapper.java:93)
	at org.apache.ratis.thirdparty.io.grpc.internal.ManagedChannelOrphanWrapper.<init>(ManagedChannelOrphanWrapper.java:53)
	at org.apache.ratis.thirdparty.io.grpc.internal.ManagedChannelOrphanWrapper.<init>(ManagedChannelOrphanWrapper.java:44)
	at org.apache.ratis.thirdparty.io.grpc.internal.ManagedChannelImplBuilder.build(ManagedChannelImplBuilder.java:630)
	at org.apache.ratis.thirdparty.io.grpc.internal.AbstractManagedChannelImplBuilder.build(AbstractManagedChannelImplBuilder.java:297)
	at org.apache.hadoop.hdds.scm.XceiverClientGrpc.connectToDatanode(XceiverClientGrpc.java:205)
	at org.apache.hadoop.hdds.scm.XceiverClientGrpc.connect(XceiverClientGrpc.java:158)
	at org.apache.hadoop.hdds.scm.XceiverClientManager$2.call(XceiverClientManager.java:243)
	at org.apache.hadoop.hdds.scm.XceiverClientManager$2.call(XceiverClientManager.java:224)
	at com.google.common.cache.LocalCache$LocalManualCache$1.load(LocalCache.java:4868)
	at com.google.common.cache.LocalCache$LoadingValueReference.loadFuture(LocalCache.java:3533)
	at com.google.common.cache.LocalCache$Segment.loadSync(LocalCache.java:2282)
	at com.google.common.cache.LocalCache$Segment.lockedGetOrLoad(LocalCache.java:2159)
	at com.google.common.cache.LocalCache$Segment.get(LocalCache.java:2049)
	at com.google.common.cache.LocalCache.get(LocalCache.java:3966)
	at com.google.common.cache.LocalCache$LocalManualCache.get(LocalCache.java:4863)
	at org.apache.hadoop.hdds.scm.XceiverClientManager.getClient(XceiverClientManager.java:224)
	at org.apache.hadoop.hdds.scm.XceiverClientManager.acquireClient(XceiverClientManager.java:168)
	at org.apache.hadoop.hdds.scm.XceiverClientManager.acquireClient(XceiverClientManager.java:141)
	at org.apache.hadoop.hdds.scm.storage.BlockOutputStream.<init>(BlockOutputStream.java:161)
	at org.apache.hadoop.hdds.scm.storage.ECBlockOutputStream.<init>(ECBlockOutputStream.java:73)
	at org.apache.hadoop.ozone.client.io.ECBlockOutputStreamEntry.checkStream(ECBlockOutputStreamEntry.java:100)
	at org.apache.hadoop.ozone.client.io.BlockOutputStreamEntry.write(BlockOutputStreamEntry.java:123)
	at org.apache.hadoop.ozone.client.io.ECKeyOutputStream.writeToOutputStream(ECKeyOutputStream.java:406)
	at org.apache.hadoop.ozone.client.io.ECKeyOutputStream.handleOutputStreamWrite(ECKeyOutputStream.java:390)
	at org.apache.hadoop.ozone.client.io.ECKeyOutputStream.handleWrite(ECKeyOutputStream.java:364)
	at org.apache.hadoop.ozone.client.io.ECKeyOutputStream.write(ECKeyOutputStream.java:163)
	at org.apache.hadoop.ozone.client.io.OzoneOutputStream.write(OzoneOutputStream.java:50)
	at java.io.OutputStream.write(OutputStream.java:75)
	at org.apache.hadoop.ozone.client.rpc.read.TestInputStreamBase.writeRandomBytes(TestInputStreamBase.java:205)
	at org.apache.hadoop.ozone.client.rpc.read.TestKeyInputStream.testECSeek(TestKeyInputStream.java:231)
	at org.apache.hadoop.ozone.client.rpc.read.TestKeyInputStream.testNonReplicationReads(TestKeyInputStream.java:150)
	at sun.reflect.NativeMethodAccessorImpl.invoke0(Native Method)
	at sun.reflect.NativeMethodAccessorImpl.invoke(NativeMethodAccessorImpl.java:62)
	at sun.reflect.DelegatingMethodAccessorImpl.invoke(DelegatingMethodAccessorImpl.java:43)
	at java.lang.reflect.Method.invoke(Method.java:498)
	at org.junit.runners.model.FrameworkMethod$1.runReflectiveCall(FrameworkMethod.java:59)
	at org.junit.internal.runners.model.ReflectiveCallable.run(ReflectiveCallable.java:12)
	at org.junit.runners.model.FrameworkMethod.invokeExplosively(FrameworkMethod.java:56)
	at org.junit.internal.runners.statements.InvokeMethod.evaluate(InvokeMethod.java:17)
	at org.junit.internal.runners.statements.RunBefores.evaluate(RunBefores.java:26)
	at org.junit.internal.runners.statements.RunAfters.evaluate(RunAfters.java:27)
	at org.junit.internal.runners.statements.FailOnTimeout$CallableStatement.call(FailOnTimeout.java:288)
	at org.junit.internal.runners.statements.FailOnTimeout$CallableStatement.call(FailOnTimeout.java:282)
	at java.util.concurrent.FutureTask.run(FutureTask.java:266)
	at java.lang.Thread.run(Thread.java:750)

Oct 08, 2022 1:34:01 AM org.apache.ratis.thirdparty.io.grpc.internal.ManagedChannelOrphanWrapper$ManagedChannelReference cleanQueue
SEVERE: *~*~*~ Channel ManagedChannelImpl{logId=111, target=10.1.0.61:41021} was not shutdown properly!!! ~*~*~*
    Make sure to call shutdown()/shutdownNow() and wait until awaitTermination() returns true.
java.lang.RuntimeException: ManagedChannel allocation site
	at org.apache.ratis.thirdparty.io.grpc.internal.ManagedChannelOrphanWrapper$ManagedChannelReference.<init>(ManagedChannelOrphanWrapper.java:93)
	at org.apache.ratis.thirdparty.io.grpc.internal.ManagedChannelOrphanWrapper.<init>(ManagedChannelOrphanWrapper.java:53)
	at org.apache.ratis.thirdparty.io.grpc.internal.ManagedChannelOrphanWrapper.<init>(ManagedChannelOrphanWrapper.java:44)
	at org.apache.ratis.thirdparty.io.grpc.internal.ManagedChannelImplBuilder.build(ManagedChannelImplBuilder.java:630)
	at org.apache.ratis.thirdparty.io.grpc.internal.AbstractManagedChannelImplBuilder.build(AbstractManagedChannelImplBuilder.java:297)
	at org.apache.hadoop.hdds.scm.XceiverClientGrpc.connectToDatanode(XceiverClientGrpc.java:205)
	at org.apache.hadoop.hdds.scm.XceiverClientGrpc.connect(XceiverClientGrpc.java:158)
	at org.apache.hadoop.hdds.scm.XceiverClientManager$2.call(XceiverClientManager.java:243)
	at org.apache.hadoop.hdds.scm.XceiverClientManager$2.call(XceiverClientManager.java:224)
	at com.google.common.cache.LocalCache$LocalManualCache$1.load(LocalCache.java:4868)
	at com.google.common.cache.LocalCache$LoadingValueReference.loadFuture(LocalCache.java:3533)
	at com.google.common.cache.LocalCache$Segment.loadSync(LocalCache.java:2282)
	at com.google.common.cache.LocalCache$Segment.lockedGetOrLoad(LocalCache.java:2159)
	at com.google.common.cache.LocalCache$Segment.get(LocalCache.java:2049)
	at com.google.common.cache.LocalCache.get(LocalCache.java:3966)
	at com.google.common.cache.LocalCache$LocalManualCache.get(LocalCache.java:4863)
	at org.apache.hadoop.hdds.scm.XceiverClientManager.getClient(XceiverClientManager.java:224)
	at org.apache.hadoop.hdds.scm.XceiverClientManager.acquireClient(XceiverClientManager.java:168)
	at org.apache.hadoop.hdds.scm.XceiverClientManager.acquireClient(XceiverClientManager.java:141)
	at org.apache.hadoop.hdds.scm.storage.BlockOutputStream.<init>(BlockOutputStream.java:161)
	at org.apache.hadoop.hdds.scm.storage.ECBlockOutputStream.<init>(ECBlockOutputStream.java:73)
	at org.apache.hadoop.ozone.client.io.ECBlockOutputStreamEntry.checkStream(ECBlockOutputStreamEntry.java:100)
	at org.apache.hadoop.ozone.client.io.BlockOutputStreamEntry.write(BlockOutputStreamEntry.java:123)
	at org.apache.hadoop.ozone.client.io.ECKeyOutputStream.writeToOutputStream(ECKeyOutputStream.java:406)
	at org.apache.hadoop.ozone.client.io.ECKeyOutputStream.handleOutputStreamWrite(ECKeyOutputStream.java:390)
	at org.apache.hadoop.ozone.client.io.ECKeyOutputStream.handleWrite(ECKeyOutputStream.java:364)
	at org.apache.hadoop.ozone.client.io.ECKeyOutputStream.write(ECKeyOutputStream.java:163)
	at org.apache.hadoop.ozone.client.io.OzoneOutputStream.write(OzoneOutputStream.java:50)
	at java.io.OutputStream.write(OutputStream.java:75)
	at org.apache.hadoop.ozone.client.rpc.read.TestInputStreamBase.writeRandomBytes(TestInputStreamBase.java:205)
	at org.apache.hadoop.ozone.client.rpc.read.TestKeyInputStream.testECSeek(TestKeyInputStream.java:231)
	at org.apache.hadoop.ozone.client.rpc.read.TestKeyInputStream.testNonReplicationReads(TestKeyInputStream.java:150)
	at sun.reflect.NativeMethodAccessorImpl.invoke0(Native Method)
	at sun.reflect.NativeMethodAccessorImpl.invoke(NativeMethodAccessorImpl.java:62)
	at sun.reflect.DelegatingMethodAccessorImpl.invoke(DelegatingMethodAccessorImpl.java:43)
	at java.lang.reflect.Method.invoke(Method.java:498)
	at org.junit.runners.model.FrameworkMethod$1.runReflectiveCall(FrameworkMethod.java:59)
	at org.junit.internal.runners.model.ReflectiveCallable.run(ReflectiveCallable.java:12)
	at org.junit.runners.model.FrameworkMethod.invokeExplosively(FrameworkMethod.java:56)
	at org.junit.internal.runners.statements.InvokeMethod.evaluate(InvokeMethod.java:17)
	at org.junit.internal.runners.statements.RunBefores.evaluate(RunBefores.java:26)
	at org.junit.internal.runners.statements.RunAfters.evaluate(RunAfters.java:27)
	at org.junit.internal.runners.statements.FailOnTimeout$CallableStatement.call(FailOnTimeout.java:288)
	at org.junit.internal.runners.statements.FailOnTimeout$CallableStatement.call(FailOnTimeout.java:282)
	at java.util.concurrent.FutureTask.run(FutureTask.java:266)
	at java.lang.Thread.run(Thread.java:750)

Oct 08, 2022 1:34:01 AM org.apache.ratis.thirdparty.io.grpc.internal.ManagedChannelOrphanWrapper$ManagedChannelReference cleanQueue
SEVERE: *~*~*~ Channel ManagedChannelImpl{logId=408, target=10.1.0.61:38577} was not shutdown properly!!! ~*~*~*
    Make sure to call shutdown()/shutdownNow() and wait until awaitTermination() returns true.
java.lang.RuntimeException: ManagedChannel allocation site
	at org.apache.ratis.thirdparty.io.grpc.internal.ManagedChannelOrphanWrapper$ManagedChannelReference.<init>(ManagedChannelOrphanWrapper.java:93)
	at org.apache.ratis.thirdparty.io.grpc.internal.ManagedChannelOrphanWrapper.<init>(ManagedChannelOrphanWrapper.java:53)
	at org.apache.ratis.thirdparty.io.grpc.internal.ManagedChannelOrphanWrapper.<init>(ManagedChannelOrphanWrapper.java:44)
	at org.apache.ratis.thirdparty.io.grpc.internal.ManagedChannelImplBuilder.build(ManagedChannelImplBuilder.java:630)
	at org.apache.ratis.thirdparty.io.grpc.internal.AbstractManagedChannelImplBuilder.build(AbstractManagedChannelImplBuilder.java:297)
	at org.apache.hadoop.hdds.scm.XceiverClientGrpc.connectToDatanode(XceiverClientGrpc.java:205)
	at org.apache.hadoop.hdds.scm.XceiverClientGrpc.reconnect(XceiverClientGrpc.java:579)
	at org.apache.hadoop.hdds.scm.XceiverClientGrpc.checkOpen(XceiverClientGrpc.java:570)
	at org.apache.hadoop.hdds.scm.XceiverClientGrpc.sendCommandAsync(XceiverClientGrpc.java:500)
	at org.apache.hadoop.hdds.scm.XceiverClientGrpc.sendCommandWithRetry(XceiverClientGrpc.java:402)
	at org.apache.hadoop.hdds.scm.XceiverClientGrpc.lambda$sendCommandWithTraceIDAndRetry$0(XceiverClientGrpc.java:344)
	at org.apache.hadoop.hdds.tracing.TracingUtil.executeInSpan(TracingUtil.java:177)
	at org.apache.hadoop.hdds.tracing.TracingUtil.executeInNewSpan(TracingUtil.java:151)
	at org.apache.hadoop.hdds.scm.XceiverClientGrpc.sendCommandWithTraceIDAndRetry(XceiverClientGrpc.java:338)
	at org.apache.hadoop.hdds.scm.XceiverClientGrpc.sendCommand(XceiverClientGrpc.java:319)
	at org.apache.hadoop.hdds.scm.storage.ContainerProtocolCalls.readChunk(ContainerProtocolCalls.java:283)
	at org.apache.hadoop.hdds.scm.storage.ChunkInputStream.readChunk(ChunkInputStream.java:433)
	at org.apache.hadoop.hdds.scm.storage.ChunkInputStream.readChunkDataIntoBuffers(ChunkInputStream.java:405)
	at org.apache.hadoop.hdds.scm.storage.ChunkInputStream.readChunkFromContainer(ChunkInputStream.java:390)
	at org.apache.hadoop.hdds.scm.storage.ChunkInputStream.prepareRead(ChunkInputStream.java:322)
	at org.apache.hadoop.hdds.scm.storage.ChunkInputStream.read(ChunkInputStream.java:176)
	at org.apache.hadoop.hdds.scm.storage.ByteArrayReader.readFromBlock(ByteArrayReader.java:57)
	at org.apache.hadoop.hdds.scm.storage.BlockInputStream.readWithStrategy(BlockInputStream.java:303)
	at org.apache.hadoop.hdds.scm.storage.ExtendedInputStream.read(ExtendedInputStream.java:54)
	at org.apache.hadoop.hdds.scm.storage.ByteArrayReader.readFromBlock(ByteArrayReader.java:57)
	at org.apache.hadoop.ozone.client.io.KeyInputStream.readWithStrategy(KeyInputStream.java:273)
	at org.apache.hadoop.ozone.client.io.KeyInputStream.read(KeyInputStream.java:240)
	at java.io.InputStream.read(InputStream.java:101)
	at org.apache.hadoop.ozone.client.rpc.read.TestKeyInputStream.assertReadFully(TestKeyInputStream.java:478)
	at org.apache.hadoop.ozone.client.rpc.read.TestKeyInputStream.testReadAfterReplication(TestKeyInputStream.java:436)
	at org.apache.hadoop.ozone.client.rpc.read.TestKeyInputStream.readAfterReplicationWithUnbuffering(TestKeyInputStream.java:398)
	at sun.reflect.NativeMethodAccessorImpl.invoke0(Native Method)
	at sun.reflect.NativeMethodAccessorImpl.invoke(NativeMethodAccessorImpl.java:62)
	at sun.reflect.DelegatingMethodAccessorImpl.invoke(DelegatingMethodAccessorImpl.java:43)
	at java.lang.reflect.Method.invoke(Method.java:498)
	at org.junit.runners.model.FrameworkMethod$1.runReflectiveCall(FrameworkMethod.java:59)
	at org.junit.internal.runners.model.ReflectiveCallable.run(ReflectiveCallable.java:12)
	at org.junit.runners.model.FrameworkMethod.invokeExplosively(FrameworkMethod.java:56)
	at org.junit.internal.runners.statements.InvokeMethod.evaluate(InvokeMethod.java:17)
	at org.junit.internal.runners.statements.RunBefores.evaluate(RunBefores.java:26)
	at org.junit.internal.runners.statements.RunAfters.evaluate(RunAfters.java:27)
	at org.junit.internal.runners.statements.FailOnTimeout$CallableStatement.call(FailOnTimeout.java:288)
	at org.junit.internal.runners.statements.FailOnTimeout$CallableStatement.call(FailOnTimeout.java:282)
	at java.util.concurrent.FutureTask.run(FutureTask.java:266)
	at java.lang.Thread.run(Thread.java:750)

Oct 08, 2022 1:34:01 AM org.apache.ratis.thirdparty.io.grpc.internal.ManagedChannelOrphanWrapper$ManagedChannelReference cleanQueue
SEVERE: *~*~*~ Channel ManagedChannelImpl{logId=159, target=10.1.0.61:41229} was not shutdown properly!!! ~*~*~*
    Make sure to call shutdown()/shutdownNow() and wait until awaitTermination() returns true.
java.lang.RuntimeException: ManagedChannel allocation site
	at org.apache.ratis.thirdparty.io.grpc.internal.ManagedChannelOrphanWrapper$ManagedChannelReference.<init>(ManagedChannelOrphanWrapper.java:93)
	at org.apache.ratis.thirdparty.io.grpc.internal.ManagedChannelOrphanWrapper.<init>(ManagedChannelOrphanWrapper.java:53)
	at org.apache.ratis.thirdparty.io.grpc.internal.ManagedChannelOrphanWrapper.<init>(ManagedChannelOrphanWrapper.java:44)
	at org.apache.ratis.thirdparty.io.grpc.internal.ManagedChannelImplBuilder.build(ManagedChannelImplBuilder.java:630)
	at org.apache.ratis.thirdparty.io.grpc.internal.AbstractManagedChannelImplBuilder.build(AbstractManagedChannelImplBuilder.java:297)
	at org.apache.hadoop.hdds.scm.XceiverClientGrpc.connectToDatanode(XceiverClientGrpc.java:205)
	at org.apache.hadoop.hdds.scm.XceiverClientGrpc.connect(XceiverClientGrpc.java:158)
	at org.apache.hadoop.hdds.scm.XceiverClientManager$2.call(XceiverClientManager.java:243)
	at org.apache.hadoop.hdds.scm.XceiverClientManager$2.call(XceiverClientManager.java:224)
	at com.google.common.cache.LocalCache$LocalManualCache$1.load(LocalCache.java:4868)
	at com.google.common.cache.LocalCache$LoadingValueReference.loadFuture(LocalCache.java:3533)
	at com.google.common.cache.LocalCache$Segment.loadSync(LocalCache.java:2282)
	at com.google.common.cache.LocalCache$Segment.lockedGetOrLoad(LocalCache.java:2159)
	at com.google.common.cache.LocalCache$Segment.get(LocalCache.java:2049)
	at com.google.common.cache.LocalCache.get(LocalCache.java:3966)
	at com.google.common.cache.LocalCache$LocalManualCache.get(LocalCache.java:4863)
	at org.apache.hadoop.hdds.scm.XceiverClientManager.getClient(XceiverClientManager.java:224)
	at org.apache.hadoop.hdds.scm.XceiverClientManager.acquireClient(XceiverClientManager.java:168)
	at org.apache.hadoop.hdds.scm.XceiverClientManager.acquireClient(XceiverClientManager.java:141)
	at org.apache.hadoop.hdds.scm.storage.BlockOutputStream.<init>(BlockOutputStream.java:161)
	at org.apache.hadoop.hdds.scm.storage.ECBlockOutputStream.<init>(ECBlockOutputStream.java:73)
	at org.apache.hadoop.ozone.client.io.ECBlockOutputStreamEntry.checkStream(ECBlockOutputStreamEntry.java:100)
	at org.apache.hadoop.ozone.client.io.BlockOutputStreamEntry.write(BlockOutputStreamEntry.java:123)
	at org.apache.hadoop.ozone.client.io.ECKeyOutputStream.writeToOutputStream(ECKeyOutputStream.java:406)
	at org.apache.hadoop.ozone.client.io.ECKeyOutputStream.handleOutputStreamWrite(ECKeyOutputStream.java:390)
	at org.apache.hadoop.ozone.client.io.ECKeyOutputStream.handleWrite(ECKeyOutputStream.java:364)
	at org.apache.hadoop.ozone.client.io.ECKeyOutputStream.write(ECKeyOutputStream.java:163)
	at org.apache.hadoop.ozone.client.io.OzoneOutputStream.write(OzoneOutputStream.java:50)
	at java.io.OutputStream.write(OutputStream.java:75)
	at org.apache.hadoop.ozone.client.rpc.read.TestInputStreamBase.writeRandomBytes(TestInputStreamBase.java:205)
	at org.apache.hadoop.ozone.client.rpc.read.TestKeyInputStream.testECSeek(TestKeyInputStream.java:231)
	at org.apache.hadoop.ozone.client.rpc.read.TestKeyInputStream.testNonReplicationReads(TestKeyInputStream.java:150)
	at sun.reflect.NativeMethodAccessorImpl.invoke0(Native Method)
	at sun.reflect.NativeMethodAccessorImpl.invoke(NativeMethodAccessorImpl.java:62)
	at sun.reflect.DelegatingMethodAccessorImpl.invoke(DelegatingMethodAccessorImpl.java:43)
	at java.lang.reflect.Method.invoke(Method.java:498)
	at org.junit.runners.model.FrameworkMethod$1.runReflectiveCall(FrameworkMethod.java:59)
	at org.junit.internal.runners.model.ReflectiveCallable.run(ReflectiveCallable.java:12)
	at org.junit.runners.model.FrameworkMethod.invokeExplosively(FrameworkMethod.java:56)
	at org.junit.internal.runners.statements.InvokeMethod.evaluate(InvokeMethod.java:17)
	at org.junit.internal.runners.statements.RunBefores.evaluate(RunBefores.java:26)
	at org.junit.internal.runners.statements.RunAfters.evaluate(RunAfters.java:27)
	at org.junit.internal.runners.statements.FailOnTimeout$CallableStatement.call(FailOnTimeout.java:288)
	at org.junit.internal.runners.statements.FailOnTimeout$CallableStatement.call(FailOnTimeout.java:282)
	at java.util.concurrent.FutureTask.run(FutureTask.java:266)
	at java.lang.Thread.run(Thread.java:750)

]]></system-err>
  </testcase>
  <testcase name="readAfterReplication" classname="TestKeyInputStream" time="62.581">
    <system-out><![CDATA[2022-10-08 01:41:01,220 [Time-limited test] WARN  server.ServerUtils (ServerUtils.java:getScmDbDir(148)) - ozone.scm.db.dirs is not configured. We recommend adding this setting. Falling back to ozone.metadata.dirs instead.
2022-10-08 01:41:01,240 [Time-limited test] WARN  server.ServerUtils (ServerUtils.java:getScmDbDir(148)) - ozone.scm.db.dirs is not configured. We recommend adding this setting. Falling back to ozone.metadata.dirs instead.
2022-10-08 01:41:01,240 [Time-limited test] INFO  ha.SCMHANodeDetails (SCMHANodeDetails.java:loadSCMHAConfig(209)) - ServiceID for StorageContainerManager is null
2022-10-08 01:41:01,240 [Time-limited test] INFO  ha.SCMHANodeDetails (SCMHANodeDetails.java:loadSCMHAConfig(214)) - ozone.scm.default.service.id is not defined, falling back to ozone.scm.service.ids to find serviceID for StorageContainerManager if it is HA enabled cluster
2022-10-08 01:41:01,241 [Time-limited test] WARN  utils.HAUtils (HAUtils.java:getMetaDir(342)) - ozone.scm.db.dirs is not configured. We recommend adding this setting. Falling back to ozone.metadata.dirs instead.
2022-10-08 01:41:01,241 [Time-limited test] WARN  db.DBStoreBuilder (DBStoreBuilder.java:applyDBDefinition(144)) - ozone.scm.db.dirs is not configured. We recommend adding this setting. Falling back to ozone.metadata.dirs instead.
2022-10-08 01:41:02,110 [Time-limited test] INFO  net.NodeSchemaLoader (NodeSchemaLoader.java:loadSchemaFromFile(129)) - Loading schema from [jar:file:/home/runner/.m2/repository/org/apache/ozone/hdds-common/1.3.0-SNAPSHOT/hdds-common-1.3.0-SNAPSHOT.jar!/network-topology-default.xml]
2022-10-08 01:41:02,110 [Time-limited test] INFO  net.NodeSchemaLoader (NodeSchemaLoader.java:loadSchema(176)) - Loading network topology layer schema file
2022-10-08 01:41:02,119 [Time-limited test] WARN  impl.MetricRegistriesImpl (MetricRegistriesImpl.java:addReporterRegistration(111)) - New reporters are added after registries were created. Some metrics will be missing from the reporter. Please add reporter before adding any new registry.
2022-10-08 01:41:02,119 [Time-limited test] WARN  impl.MetricRegistriesImpl (MetricRegistriesImpl.java:addReporterRegistration(111)) - New reporters are added after registries were created. Some metrics will be missing from the reporter. Please add reporter before adding any new registry.
2022-10-08 01:41:02,120 [Time-limited test] INFO  upgrade.AbstractLayoutVersionManager (AbstractLayoutVersionManager.java:init(83)) - Initializing Layout version manager with metadata layout = DATANODE_SCHEMA_V3 (version = 4), software layout = DATANODE_SCHEMA_V3 (version = 4)
2022-10-08 01:41:02,175 [Time-limited test] INFO  reflections.Reflections (Reflections.java:scan(232)) - Reflections took 55 ms to scan 7 urls, producing 135 keys and 327 values 
2022-10-08 01:41:02,177 [Time-limited test] INFO  ha.SequenceIdGenerator (SequenceIdGenerator.java:upgradeToSequenceId(349)) - upgrade localId to 109611004723200000
2022-10-08 01:41:02,177 [Time-limited test] INFO  ha.SequenceIdGenerator (SequenceIdGenerator.java:upgradeToSequenceId(359)) - upgrade delTxnId to 0
2022-10-08 01:41:02,177 [Time-limited test] INFO  ha.SequenceIdGenerator (SequenceIdGenerator.java:upgradeToSequenceId(376)) - upgrade containerId to 0
2022-10-08 01:41:02,177 [Time-limited test] INFO  ha.SequenceIdGenerator (SequenceIdGenerator.java:<init>(220)) - Init the HA SequenceIdGenerator.
2022-10-08 01:41:02,316 [Time-limited test] INFO  node.SCMNodeManager (SCMNodeManager.java:<init>(149)) - Entering startup safe mode.
2022-10-08 01:41:02,316 [Time-limited test] INFO  algorithms.ContainerPlacementPolicyFactory (ContainerPlacementPolicyFactory.java:getPolicyInternal(86)) - Create container placement policy of type org.apache.hadoop.hdds.scm.container.placement.algorithms.SCMContainerPlacementRandom
2022-10-08 01:41:02,316 [Time-limited test] INFO  algorithms.ContainerPlacementPolicyFactory (ContainerPlacementPolicyFactory.java:getPolicyInternal(86)) - Create container placement policy of type org.apache.hadoop.hdds.scm.container.placement.algorithms.SCMContainerPlacementRackScatter
2022-10-08 01:41:02,316 [Time-limited test] INFO  pipeline.PipelineStateManagerImpl (PipelineStateManagerImpl.java:initialize(78)) - No pipeline exists in current db
2022-10-08 01:41:02,317 [Time-limited test] INFO  algorithms.LeaderChoosePolicyFactory (LeaderChoosePolicyFactory.java:getPolicy(57)) - Create leader choose policy of type org.apache.hadoop.hdds.scm.pipeline.leader.choose.algorithms.MinLeaderCountChoosePolicy
2022-10-08 01:41:02,317 [Time-limited test] INFO  algorithms.ContainerPlacementPolicyFactory (ContainerPlacementPolicyFactory.java:getPolicyInternal(86)) - Create container placement policy of type org.apache.hadoop.hdds.scm.container.placement.algorithms.SCMContainerPlacementRackScatter
2022-10-08 01:41:02,317 [Time-limited test] INFO  ha.SCMServiceManager (SCMServiceManager.java:register(42)) - Registering service BackgroundPipelineCreator.
2022-10-08 01:41:02,317 [Time-limited test] INFO  pipeline.BackgroundPipelineCreator (BackgroundPipelineCreator.java:start(124)) - Starting RatisPipelineUtilsThread.
2022-10-08 01:41:02,332 [Time-limited test] INFO  BackgroundPipelineScrubber (BackgroundSCMService.java:start(68)) - Starting BackgroundPipelineScrubber Service.
2022-10-08 01:41:02,348 [Time-limited test] INFO  ha.SCMServiceManager (SCMServiceManager.java:register(42)) - Registering service BackgroundPipelineScrubber.
2022-10-08 01:41:02,348 [Time-limited test] INFO  ExpiredContainerReplicaOpScrubber (BackgroundSCMService.java:start(68)) - Starting ExpiredContainerReplicaOpScrubber Service.
2022-10-08 01:41:02,354 [Time-limited test] INFO  ha.SCMServiceManager (SCMServiceManager.java:register(42)) - Registering service ExpiredContainerReplicaOpScrubber.
2022-10-08 01:41:02,355 [Time-limited test] INFO  algorithms.PipelineChoosePolicyFactory (PipelineChoosePolicyFactory.java:createPipelineChoosePolicyFromClass(73)) - Create pipeline choose policy of type org.apache.hadoop.hdds.scm.pipeline.choose.algorithms.RandomPipelineChoosePolicy
2022-10-08 01:41:02,356 [Time-limited test] INFO  ha.SCMServiceManager (SCMServiceManager.java:register(42)) - Registering service SCMBlockDeletingService.
2022-10-08 01:41:02,357 [Time-limited test] INFO  replication.ReplicationManager (ReplicationManager.java:start(223)) - Starting Replication Monitor Thread.
2022-10-08 01:41:02,396 [ReplicationMonitor] INFO  replication.ReplicationManager (ReplicationManager.java:processAll(291)) - Replication Manager is not ready to run until 3000ms after safemode exit
2022-10-08 01:41:02,438 [Time-limited test] INFO  ha.SCMServiceManager (SCMServiceManager.java:register(42)) - Registering service ReplicationManager.
2022-10-08 01:41:02,438 [Time-limited test] INFO  safemode.ContainerSafeModeRule (ContainerSafeModeRule.java:<init>(89)) - containers with one replica threshold count 0
2022-10-08 01:41:02,438 [Time-limited test] INFO  safemode.HealthyPipelineSafeModeRule (HealthyPipelineSafeModeRule.java:initializeRule(169)) - Total pipeline count is 0, healthy pipeline threshold count is 1
2022-10-08 01:41:02,438 [Time-limited test] INFO  safemode.OneReplicaPipelineSafeModeRule (OneReplicaPipelineSafeModeRule.java:initializeRule(180)) - Total pipeline count is 0, pipeline's with at least one datanode reported threshold count is 0
2022-10-08 01:41:02,448 [Time-limited test] INFO  ipc.CallQueueManager (CallQueueManager.java:<init>(90)) - Using callQueue: class java.util.concurrent.LinkedBlockingQueue, queueCapacity: 2000, scheduler: class org.apache.hadoop.ipc.DefaultRpcScheduler, ipcBackoff: false.
2022-10-08 01:41:02,459 [Socket Reader #1 for port 0] INFO  ipc.Server (Server.java:run(1265)) - Starting Socket Reader #1 for port 0
2022-10-08 01:41:02,480 [Listener at 0.0.0.0/41995] INFO  ipc.CallQueueManager (CallQueueManager.java:<init>(90)) - Using callQueue: class java.util.concurrent.LinkedBlockingQueue, queueCapacity: 2000, scheduler: class org.apache.hadoop.ipc.DefaultRpcScheduler, ipcBackoff: false.
2022-10-08 01:41:02,492 [Socket Reader #1 for port 0] INFO  ipc.Server (Server.java:run(1265)) - Starting Socket Reader #1 for port 0
2022-10-08 01:41:02,493 [Listener at 0.0.0.0/38225] INFO  ipc.CallQueueManager (CallQueueManager.java:<init>(90)) - Using callQueue: class java.util.concurrent.LinkedBlockingQueue, queueCapacity: 2000, scheduler: class org.apache.hadoop.ipc.DefaultRpcScheduler, ipcBackoff: false.
2022-10-08 01:41:02,532 [Socket Reader #1 for port 0] INFO  ipc.Server (Server.java:run(1265)) - Starting Socket Reader #1 for port 0
2022-10-08 01:41:02,736 [Listener at 0.0.0.0/41773] INFO  ha.SCMServiceManager (SCMServiceManager.java:register(42)) - Registering service ContainerBalancer.
2022-10-08 01:41:02,736 [Listener at 0.0.0.0/41773] INFO  server.StorageContainerManager (StorageContainerManager.java:<init>(410)) - 
Container Balancer status:
Key                            Value
Running                        false
Container Balancer Configuration values:
Key                                                Value
Threshold                                          10
Max Datanodes to Involve per Iteration(percent)    20
Max Size to Move per Iteration                     500GB
Max Size Entering Target per Iteration             26GB
Max Size Leaving Source per Iteration              26GB

2022-10-08 01:41:02,736 [Listener at 0.0.0.0/41773] WARN  events.EventQueue (EventQueue.java:fireEvent(216)) - No event handler registered for event TypedEvent{payloadType=SafeModeStatus, name='Safe mode status'}
2022-10-08 01:41:02,736 [Listener at 0.0.0.0/41773] INFO  ha.SCMContext (SCMContext.java:updateSafeModeStatus(228)) - Update SafeModeStatus from SafeModeStatus{safeModeStatus=true, preCheckPassed=false} to SafeModeStatus{safeModeStatus=true, preCheckPassed=false}.
2022-10-08 01:41:02,737 [Listener at 0.0.0.0/41773] INFO  server.StorageContainerManager (StorageContainerManager.java:start(1436)) - StorageContainerLocationProtocol RPC server is listening at /0.0.0.0:41773
2022-10-08 01:41:02,738 [Listener at 0.0.0.0/41773] WARN  impl.MetricsConfig (MetricsConfig.java:loadFirst(136)) - Cannot locate configuration: tried hadoop-metrics2-storagecontainermanager.properties,hadoop-metrics2.properties
2022-10-08 01:41:02,768 [Listener at 0.0.0.0/41773] INFO  impl.MetricsSystemImpl (MetricsSystemImpl.java:startTimer(378)) - Scheduled Metric snapshot period at 10 second(s).
2022-10-08 01:41:02,768 [Listener at 0.0.0.0/41773] INFO  impl.MetricsSystemImpl (MetricsSystemImpl.java:start(191)) - StorageContainerManager metrics system started
2022-10-08 01:41:02,788 [Listener at 0.0.0.0/41773] INFO  impl.MetricsSinkAdapter (MetricsSinkAdapter.java:start(204)) - Sink prometheus started
2022-10-08 01:41:02,788 [Listener at 0.0.0.0/41773] INFO  impl.MetricsSystemImpl (MetricsSystemImpl.java:registerSink(305)) - Registered sink prometheus
2022-10-08 01:41:02,822 [Listener at 0.0.0.0/41773] INFO  server.SCMClientProtocolServer (SCMClientProtocolServer.java:start(170)) - RPC server for Client  is listening at /0.0.0.0:41773
2022-10-08 01:41:02,884 [IPC Server Responder] INFO  ipc.Server (Server.java:run(1507)) - IPC Server Responder: starting
2022-10-08 01:41:02,893 [IPC Server listener on 0] INFO  ipc.Server (Server.java:run(1344)) - IPC Server listener on 0: starting
2022-10-08 01:41:03,397 [ReplicationMonitor] INFO  replication.ReplicationManager (ReplicationManager.java:processAll(291)) - Replication Manager is not ready to run until 3000ms after safemode exit
2022-10-08 01:41:03,540 [Listener at 0.0.0.0/41773] INFO  server.StorageContainerManager (StorageContainerManager.java:start(1451)) - ScmBlockLocationProtocol RPC server is listening at /0.0.0.0:38225
2022-10-08 01:41:03,540 [Listener at 0.0.0.0/41773] INFO  server.SCMBlockProtocolServer (SCMBlockProtocolServer.java:start(152)) - RPC server for Block Protocol is listening at /0.0.0.0:38225
2022-10-08 01:41:03,556 [IPC Server Responder] INFO  ipc.Server (Server.java:run(1507)) - IPC Server Responder: starting
2022-10-08 01:41:03,572 [IPC Server listener on 0] INFO  ipc.Server (Server.java:run(1344)) - IPC Server listener on 0: starting
2022-10-08 01:41:03,908 [Listener at 0.0.0.0/41773] INFO  server.SCMDatanodeProtocolServer (SCMDatanodeProtocolServer.java:start(186)) - ScmDatanodeProtocol RPC server for DataNodes is listening at /0.0.0.0:41995
2022-10-08 01:41:03,968 [IPC Server Responder] INFO  ipc.Server (Server.java:run(1507)) - IPC Server Responder: starting
2022-10-08 01:41:03,972 [IPC Server listener on 0] INFO  ipc.Server (Server.java:run(1344)) - IPC Server listener on 0: starting
2022-10-08 01:41:04,172 [Listener at 0.0.0.0/41773] INFO  http.BaseHttpServer (BaseHttpServer.java:newHttpServer2BuilderForOzone(213)) - Starting Web-server for scm at: http://0.0.0.0:0
2022-10-08 01:41:04,172 [Listener at 0.0.0.0/41773] INFO  http.BaseHttpServer (BaseHttpServer.java:<init>(108)) - Hadoop Security Enabled: false Ozone Security Enabled: false Ozone HTTP Security Enabled: false 
2022-10-08 01:41:04,173 [Listener at 0.0.0.0/41773] INFO  server.AuthenticationFilter (AuthenticationFilter.java:constructSecretProvider(240)) - Unable to initialize FileSignerSecretProvider, falling back to use random secrets.
2022-10-08 01:41:04,176 [Listener at 0.0.0.0/41773] WARN  http.HttpRequestLog (HttpRequestLog.java:getRequestLog(103)) - Jetty request log can only be enabled using Log4j
2022-10-08 01:41:04,177 [Listener at 0.0.0.0/41773] INFO  http.HttpServer2 (HttpServer2.java:addGlobalFilter(1031)) - Added global filter 'safety' (class=org.apache.hadoop.hdds.server.http.HttpServer2$QuotingInputFilter)
2022-10-08 01:41:04,177 [Listener at 0.0.0.0/41773] INFO  http.HttpServer2 (HttpServer2.java:addFilter(1007)) - Added filter static_user_filter (class=org.apache.hadoop.http.lib.StaticUserWebFilter$StaticUserFilter) to context scm
2022-10-08 01:41:04,177 [Listener at 0.0.0.0/41773] INFO  http.HttpServer2 (HttpServer2.java:addFilter(1015)) - Added filter static_user_filter (class=org.apache.hadoop.http.lib.StaticUserWebFilter$StaticUserFilter) to context logs
2022-10-08 01:41:04,177 [Listener at 0.0.0.0/41773] INFO  http.HttpServer2 (HttpServer2.java:addFilter(1015)) - Added filter static_user_filter (class=org.apache.hadoop.http.lib.StaticUserWebFilter$StaticUserFilter) to context static
2022-10-08 01:41:04,178 [Listener at 0.0.0.0/41773] INFO  http.HttpServer2 (HttpServer2.java:bindListener(1250)) - Jetty bound to port 36497
2022-10-08 01:41:04,178 [Listener at 0.0.0.0/41773] INFO  server.Server (Server.java:doStart(375)) - jetty-9.4.43.v20210629; built: 2021-06-30T11:07:22.254Z; git: 526006ecfa3af7f1a27ef3a288e2bef7ea9dd7e8; jvm 1.8.0_345-b01
2022-10-08 01:41:04,180 [Listener at 0.0.0.0/41773] INFO  server.session (DefaultSessionIdManager.java:doStart(334)) - DefaultSessionIdManager workerName=node0
2022-10-08 01:41:04,181 [Listener at 0.0.0.0/41773] INFO  server.session (DefaultSessionIdManager.java:doStart(339)) - No SessionScavenger set, using defaults
2022-10-08 01:41:04,181 [Listener at 0.0.0.0/41773] INFO  server.session (HouseKeeper.java:startScavenging(132)) - node0 Scavenging every 600000ms
2022-10-08 01:41:04,224 [org.apache.hadoop.util.JvmPauseMonitor$Monitor@17f4196] INFO  util.JvmPauseMonitor (JvmPauseMonitor.java:run(188)) - Starting JVM pause monitor
2022-10-08 01:41:04,224 [Listener at 0.0.0.0/41773] INFO  handler.ContextHandler (ContextHandler.java:doStart(915)) - Started o.e.j.s.ServletContextHandler@68f475ed{logs,/logs,file:///home/runner/work/ozone/ozone/hadoop-ozone/integration-test/target/log,AVAILABLE}
2022-10-08 01:41:04,225 [Listener at 0.0.0.0/41773] INFO  handler.ContextHandler (ContextHandler.java:doStart(915)) - Started o.e.j.s.ServletContextHandler@79333799{static,/static,file:///home/runner/work/ozone/ozone/hadoop-ozone/integration-test/target/test-classes/webapps/static,AVAILABLE}
2022-10-08 01:41:04,227 [Listener at 0.0.0.0/41773] INFO  handler.ContextHandler (ContextHandler.java:doStart(915)) - Started o.e.j.w.WebAppContext@3109a3ba{scm,/,file:///home/runner/work/ozone/ozone/hadoop-ozone/integration-test/target/test-classes/webapps/scm/,AVAILABLE}{file:/home/runner/work/ozone/ozone/hadoop-ozone/integration-test/target/test-classes/webapps/scm}
2022-10-08 01:41:04,242 [Listener at 0.0.0.0/41773] INFO  server.AbstractConnector (AbstractConnector.java:doStart(331)) - Started ServerConnector@2cdd6ea8{HTTP/1.1, (http/1.1)}{0.0.0.0:36497}
2022-10-08 01:41:04,242 [Listener at 0.0.0.0/41773] INFO  server.Server (Server.java:doStart(415)) - Started @590514ms
2022-10-08 01:41:04,242 [Listener at 0.0.0.0/41773] WARN  impl.MetricsSystemImpl (MetricsSystemImpl.java:register(279)) - Sink prometheus already exists!
2022-10-08 01:41:04,242 [Listener at 0.0.0.0/41773] INFO  http.BaseHttpServer (BaseHttpServer.java:updateConnectorAddress(333)) - HTTP server of scm listening at http://0.0.0.0:36497
2022-10-08 01:41:04,242 [Listener at 0.0.0.0/41773] WARN  server.ServerUtils (ServerUtils.java:getDBPath(225)) - ozone.om.db.dirs is not configured. We recommend adding this setting. Falling back to ozone.metadata.dirs instead.
2022-10-08 01:41:04,255 [Listener at 0.0.0.0/41773] INFO  ha.OMHANodeDetails (OMHANodeDetails.java:loadOMHAConfig(115)) - ozone.om.internal.service.id is not defined, falling back to ozone.om.service.ids to find serviceID for OzoneManager if it is HA enabled cluster
2022-10-08 01:41:04,255 [Listener at 0.0.0.0/41773] INFO  ha.OMHANodeDetails (OMHANodeDetails.java:loadOMHAConfig(226)) - Configuration does not have ozone.om.address set. Falling back to the default OM address /127.0.0.1:0
2022-10-08 01:41:04,255 [Listener at 0.0.0.0/41773] INFO  ha.OMHANodeDetails (OMHANodeDetails.java:getOMNodeDetailsForNonHA(254)) - OM Service ID is not set. Setting it to the default ID: omServiceIdDefault
2022-10-08 01:41:04,255 [Listener at 0.0.0.0/41773] INFO  ha.OMHANodeDetails (OMHANodeDetails.java:getOMNodeDetailsForNonHA(261)) - OM Node ID is not set. Setting it to the default ID: om1
2022-10-08 01:41:04,256 [Listener at 0.0.0.0/41773] WARN  server.ServerUtils (ServerUtils.java:getDBPath(225)) - ozone.om.db.dirs is not configured. We recommend adding this setting. Falling back to ozone.metadata.dirs instead.
2022-10-08 01:41:04,256 [Listener at 0.0.0.0/41773] INFO  upgrade.AbstractLayoutVersionManager (AbstractLayoutVersionManager.java:init(83)) - Initializing Layout version manager with metadata layout = MULTITENANCY_SCHEMA (version = 3), software layout = MULTITENANCY_SCHEMA (version = 3)
2022-10-08 01:41:04,398 [ReplicationMonitor] INFO  replication.ReplicationManager (ReplicationManager.java:processAll(291)) - Replication Manager is not ready to run until 3000ms after safemode exit
2022-10-08 01:41:04,615 [Listener at 0.0.0.0/41773] INFO  reflections.Reflections (Reflections.java:scan(232)) - Reflections took 358 ms to scan 2 urls, producing 154 keys and 428 values [using 2 cores]
2022-10-08 01:41:04,615 [Listener at 0.0.0.0/41773] INFO  upgrade.OMLayoutVersionManager (OMLayoutVersionManager.java:lambda$0(115)) - Skipping Upgrade Action MockOmUpgradeAction since it has been finalized.
2022-10-08 01:41:04,616 [Listener at 0.0.0.0/41773] WARN  server.ServerUtils (ServerUtils.java:getDBPath(225)) - ozone.om.db.dirs is not configured. We recommend adding this setting. Falling back to ozone.metadata.dirs instead.
2022-10-08 01:41:04,616 [Listener at 0.0.0.0/41773] INFO  proxy.SCMBlockLocationFailoverProxyProvider (SCMBlockLocationFailoverProxyProvider.java:<init>(114)) - Created block location fail-over proxy with 1 nodes: [nodeId=scmNodeId,nodeAddress=/0.0.0.0:38225]
2022-10-08 01:41:04,617 [Listener at 0.0.0.0/41773] INFO  proxy.SCMBlockLocationFailoverProxyProvider (SCMBlockLocationFailoverProxyProvider.java:<init>(114)) - Created block location fail-over proxy with 1 nodes: [nodeId=scmNodeId,nodeAddress=/0.0.0.0:38225]
2022-10-08 01:41:04,693 [Listener at 0.0.0.0/41773] WARN  server.ServerUtils (ServerUtils.java:getDBPath(225)) - ozone.om.db.dirs is not configured. We recommend adding this setting. Falling back to ozone.metadata.dirs instead.
2022-10-08 01:41:04,693 [Listener at 0.0.0.0/41773] INFO  codec.OmKeyInfoCodec (OmKeyInfoCodec.java:<init>(49)) - OmKeyInfoCodec ignorePipeline = true
2022-10-08 01:41:04,693 [Listener at 0.0.0.0/41773] INFO  codec.RepeatedOmKeyInfoCodec (RepeatedOmKeyInfoCodec.java:<init>(41)) - RepeatedOmKeyInfoCodec ignorePipeline = true
2022-10-08 01:41:05,398 [ReplicationMonitor] INFO  replication.ReplicationManager (ReplicationManager.java:processAll(291)) - Replication Manager is not ready to run until 3000ms after safemode exit
2022-10-08 01:41:06,136 [Listener at 0.0.0.0/41773] INFO  om.OzoneManager (OzoneManager.java:instantiateServices(710)) - S3 Multi-Tenancy is disabled
2022-10-08 01:41:06,155 [Listener at 0.0.0.0/41773] INFO  om.OzoneManager (OzoneManager.java:addS3GVolumeToDB(4325)) - Created Volume s3v With Owner runner required for S3Gateway operations.
2022-10-08 01:41:06,155 [Listener at 0.0.0.0/41773] WARN  server.ServerUtils (ServerUtils.java:getDefaultRatisDirectory(237)) - Storage directory for Ratis is not configured. It is a good idea to map this to an SSD disk. Falling back to ozone.metadata.dirs
2022-10-08 01:41:06,155 [Listener at 0.0.0.0/41773] WARN  utils.OzoneManagerRatisUtils (OzoneManagerRatisUtils.java:getOMRatisSnapshotDirectory(434)) - ozone.om.ratis.snapshot.dir is not configured. Falling back to ozone.metadata.dirs config
2022-10-08 01:41:06,155 [Listener at 0.0.0.0/41773] WARN  impl.MetricRegistriesImpl (MetricRegistriesImpl.java:addReporterRegistration(111)) - New reporters are added after registries were created. Some metrics will be missing from the reporter. Please add reporter before adding any new registry.
2022-10-08 01:41:06,155 [Listener at 0.0.0.0/41773] WARN  impl.MetricRegistriesImpl (MetricRegistriesImpl.java:addReporterRegistration(111)) - New reporters are added after registries were created. Some metrics will be missing from the reporter. Please add reporter before adding any new registry.
2022-10-08 01:41:06,155 [Listener at 0.0.0.0/41773] WARN  server.ServerUtils (ServerUtils.java:getDefaultRatisDirectory(237)) - Storage directory for Ratis is not configured. It is a good idea to map this to an SSD disk. Falling back to ozone.metadata.dirs
2022-10-08 01:41:06,192 [Listener at 0.0.0.0/41773] INFO  ratis.OzoneManagerRatisServer (OzoneManagerRatisServer.java:<init>(160)) - Instantiating OM Ratis server with groupID: omServiceIdDefault and peers: localhost:9872
2022-10-08 01:41:06,192 [Listener at 0.0.0.0/41773] INFO  ratis.OzoneManagerStateMachine (OzoneManagerStateMachine.java:loadSnapshotInfoFromDB(632)) - LastAppliedIndex is set from TransactionInfo from OM DB as (t:0, i:~)
2022-10-08 01:41:06,204 [Listener at 0.0.0.0/41773] INFO  server.RaftServer (ConfUtils.java:logGet(46)) - raft.rpc.type = GRPC (default)
2022-10-08 01:41:06,204 [Listener at 0.0.0.0/41773] INFO  grpc.GrpcFactory (GrpcFactory.java:checkPooledByteBufAllocatorUseCacheForAllThreads(48)) - PERFORMANCE WARNING: useCacheForAllThreads is true that may cause Netty to create a lot garbage objects and, as a result, trigger GC.
	It is recommended to disable useCacheForAllThreads by setting -Dorg.apache.ratis.thirdparty.io.netty.allocator.useCacheForAllThreads=false in command line.
2022-10-08 01:41:06,204 [Listener at 0.0.0.0/41773] INFO  grpc.GrpcConfigKeys (ConfUtils.java:logGet(46)) - raft.grpc.admin.port = -1 (default)
2022-10-08 01:41:06,204 [Listener at 0.0.0.0/41773] INFO  grpc.GrpcConfigKeys (ConfUtils.java:logGet(46)) - raft.grpc.server.port = 9872 (custom)
2022-10-08 01:41:06,204 [Listener at 0.0.0.0/41773] INFO  grpc.GrpcConfigKeys (ConfUtils.java:logGet(46)) - raft.grpc.client.port = -1 (default)
2022-10-08 01:41:06,204 [Listener at 0.0.0.0/41773] INFO  grpc.GrpcConfigKeys (ConfUtils.java:logGet(46)) - raft.grpc.server.port = 9872 (custom)
2022-10-08 01:41:06,204 [Listener at 0.0.0.0/41773] INFO  grpc.GrpcConfigKeys (ConfUtils.java:logGet(46)) - raft.grpc.server.port = 9872 (custom)
2022-10-08 01:41:06,204 [Listener at 0.0.0.0/41773] INFO  server.GrpcService (ConfUtils.java:logGet(46)) - raft.grpc.message.size.max = 33554432 (custom)
2022-10-08 01:41:06,204 [Listener at 0.0.0.0/41773] INFO  server.RaftServerConfigKeys (ConfUtils.java:logGet(46)) - raft.server.log.appender.buffer.byte-limit = 33554432 (custom)
2022-10-08 01:41:06,205 [Listener at 0.0.0.0/41773] INFO  server.GrpcService (ConfUtils.java:logGet(46)) - raft.grpc.flow.control.window = 1MB (=1048576) (default)
2022-10-08 01:41:06,205 [Listener at 0.0.0.0/41773] INFO  server.RaftServerConfigKeys (ConfUtils.java:logGet(46)) - raft.server.rpc.request.timeout = 3000ms (default)
2022-10-08 01:41:06,205 [Listener at 0.0.0.0/41773] INFO  grpc.GrpcConfigKeys (ConfUtils.java:logGet(46)) - raft.grpc.server.async.request.thread.pool.cached = true (default)
2022-10-08 01:41:06,206 [Listener at 0.0.0.0/41773] INFO  grpc.GrpcConfigKeys (ConfUtils.java:logGet(46)) - raft.grpc.server.async.request.thread.pool.size = 32 (default)
2022-10-08 01:41:06,209 [Listener at 0.0.0.0/41773] INFO  impl.DataStreamServerImpl (ConfUtils.java:logGet(46)) - raft.datastream.type = DISABLED (default)
2022-10-08 01:41:06,209 [Listener at 0.0.0.0/41773] INFO  server.RaftServerConfigKeys (ConfUtils.java:logGet(46)) - raft.server.threadpool.proxy.cached = true (default)
2022-10-08 01:41:06,209 [Listener at 0.0.0.0/41773] INFO  server.RaftServerConfigKeys (ConfUtils.java:logGet(46)) - raft.server.threadpool.proxy.size = 0 (default)
2022-10-08 01:41:06,209 [Listener at 0.0.0.0/41773] INFO  server.RaftServerConfigKeys (ConfUtils.java:logGet(46)) - raft.server.rpc.slowness.timeout = 120s (custom)
2022-10-08 01:41:06,209 [Listener at 0.0.0.0/41773] INFO  server.RaftServerConfigKeys (ConfUtils.java:logGet(46)) - raft.server.leaderelection.leader.step-down.wait-time = 10s (default)
2022-10-08 01:41:06,209 [Listener at 0.0.0.0/41773] INFO  server.RaftServerConfigKeys (ConfUtils.java:logGet(46)) - raft.server.storage.dir = [/home/runner/work/ozone/ozone/hadoop-ozone/integration-test/target/test-dir/MiniOzoneClusterImpl-bdb582a0-2e2b-403c-a8c7-17c71ed5f666/ozone-meta/ratis] (custom)
2022-10-08 01:41:06,244 [Listener at 0.0.0.0/41773] INFO  server.RaftServer (RaftServerProxy.java:addNew(96)) - om1: addNew group-C5BA1605619E:[om1|rpc:localhost:9872|priority:0] returns group-C5BA1605619E:java.util.concurrent.CompletableFuture@655a4ed4[Not completed]
2022-10-08 01:41:06,244 [Listener at 0.0.0.0/41773] INFO  om.OzoneManager (OzoneManager.java:initializeRatisServer(1977)) - OzoneManager Ratis server initialized at port 9872
2022-10-08 01:41:06,245 [Listener at 0.0.0.0/41773] INFO  om.OzoneManager (OzoneManager.java:getRpcServer(1100)) - Creating RPC Server
2022-10-08 01:41:06,248 [pool-1491-thread-1] INFO  server.RaftServer$Division (RaftServerImpl.java:<init>(190)) - om1: new RaftServerImpl for group-C5BA1605619E:[om1|rpc:localhost:9872|priority:0] with OzoneManagerStateMachine:uninitialized
2022-10-08 01:41:06,248 [pool-1491-thread-1] INFO  server.RaftServerConfigKeys (ConfUtils.java:logGet(46)) - raft.server.rpc.timeout.min = 1s (custom)
2022-10-08 01:41:06,248 [pool-1491-thread-1] INFO  server.RaftServerConfigKeys (ConfUtils.java:logGet(46)) - raft.server.rpc.timeout.max = 1200ms (custom)
2022-10-08 01:41:06,248 [pool-1491-thread-1] INFO  server.RaftServerConfigKeys (ConfUtils.java:logGet(46)) - raft.server.rpc.sleep.time = 25ms (default)
2022-10-08 01:41:06,248 [pool-1491-thread-1] INFO  server.RaftServerConfigKeys (ConfUtils.java:logGet(46)) - raft.server.rpc.slowness.timeout = 120s (custom)
2022-10-08 01:41:06,248 [pool-1491-thread-1] INFO  server.RaftServerConfigKeys (ConfUtils.java:logGet(46)) - raft.server.leaderelection.leader.step-down.wait-time = 10s (default)
2022-10-08 01:41:06,248 [pool-1491-thread-1] INFO  server.RaftServerConfigKeys (ConfUtils.java:logGet(46)) - raft.server.sleep.deviation.threshold = 300ms (default)
2022-10-08 01:41:06,248 [pool-1491-thread-1] INFO  server.RaftServer$Division (ServerState.java:<init>(107)) - om1@group-C5BA1605619E: ConfigurationManager, init=-1: [om1|rpc:localhost:9872|priority:0], old=null, confs=<EMPTY_MAP>
2022-10-08 01:41:06,248 [pool-1491-thread-1] INFO  server.RaftServerConfigKeys (ConfUtils.java:logGet(46)) - raft.server.storage.dir = [/home/runner/work/ozone/ozone/hadoop-ozone/integration-test/target/test-dir/MiniOzoneClusterImpl-bdb582a0-2e2b-403c-a8c7-17c71ed5f666/ozone-meta/ratis] (custom)
2022-10-08 01:41:06,249 [pool-1491-thread-1] INFO  server.RaftServerConfigKeys (ConfUtils.java:logGet(46)) - raft.server.log.corruption.policy = EXCEPTION (default)
2022-10-08 01:41:06,249 [pool-1491-thread-1] INFO  server.RaftServerConfigKeys (ConfUtils.java:logGet(46)) - raft.server.storage.free-space.min = 0MB (=0) (default)
2022-10-08 01:41:06,249 [pool-1491-thread-1] INFO  storage.RaftStorageDirectory (RaftStorageDirectoryImpl.java:analyzeStorage(135)) - The storage directory /home/runner/work/ozone/ozone/hadoop-ozone/integration-test/target/test-dir/MiniOzoneClusterImpl-bdb582a0-2e2b-403c-a8c7-17c71ed5f666/ozone-meta/ratis/bf265839-605b-3f16-9796-c5ba1605619e does not exist. Creating ...
2022-10-08 01:41:06,262 [pool-1491-thread-1] INFO  storage.RaftStorageDirectory (RaftStorageDirectoryImpl.java:tryLock(230)) - Lock on /home/runner/work/ozone/ozone/hadoop-ozone/integration-test/target/test-dir/MiniOzoneClusterImpl-bdb582a0-2e2b-403c-a8c7-17c71ed5f666/ozone-meta/ratis/bf265839-605b-3f16-9796-c5ba1605619e/in_use.lock acquired by nodename 52807@fv-az180-867
2022-10-08 01:41:06,349 [pool-1491-thread-1] INFO  storage.RaftStorage (RaftStorageImpl.java:format(89)) - Storage directory /home/runner/work/ozone/ozone/hadoop-ozone/integration-test/target/test-dir/MiniOzoneClusterImpl-bdb582a0-2e2b-403c-a8c7-17c71ed5f666/ozone-meta/ratis/bf265839-605b-3f16-9796-c5ba1605619e has been successfully formatted.
2022-10-08 01:41:06,350 [pool-1491-thread-1] INFO  server.RaftServerConfigKeys (ConfUtils.java:logGet(46)) - raft.server.notification.no-leader.timeout = 120s (custom)
2022-10-08 01:41:06,350 [pool-1491-thread-1] INFO  server.RaftServerConfigKeys (ConfUtils.java:logGet(46)) - raft.server.log.use.memory = false (default)
2022-10-08 01:41:06,350 [pool-1491-thread-1] INFO  server.RaftServerConfigKeys (ConfUtils.java:logGet(46)) - raft.server.log.purge.gap = 1000000 (custom)
2022-10-08 01:41:06,350 [pool-1491-thread-1] INFO  server.RaftServerConfigKeys (ConfUtils.java:logGet(46)) - raft.server.log.appender.buffer.byte-limit = 33554432 (custom)
2022-10-08 01:41:06,350 [pool-1491-thread-1] INFO  server.RaftServerConfigKeys (ConfUtils.java:logGet(46)) - raft.server.log.statemachine.data.read.timeout = 1000ms (default)
2022-10-08 01:41:06,350 [pool-1491-thread-1] INFO  server.RaftServerConfigKeys (ConfUtils.java:logGet(46)) - raft.server.log.segment.size.max = 4194304 (custom)
2022-10-08 01:41:06,351 [pool-1491-thread-1] INFO  server.RaftServerConfigKeys (ConfUtils.java:logGet(46)) - raft.server.log.segment.cache.num.max = 2 (custom)
2022-10-08 01:41:06,351 [pool-1491-thread-1] INFO  server.RaftServerConfigKeys (ConfUtils.java:logGet(46)) - raft.server.log.segment.cache.size.max = 200MB (=209715200) (default)
2022-10-08 01:41:06,351 [pool-1491-thread-1] INFO  segmented.SegmentedRaftLogWorker (SegmentedRaftLogWorker.java:<init>(187)) - new om1@group-C5BA1605619E-SegmentedRaftLogWorker for RaftStorageImpl:Storage Directory /home/runner/work/ozone/ozone/hadoop-ozone/integration-test/target/test-dir/MiniOzoneClusterImpl-bdb582a0-2e2b-403c-a8c7-17c71ed5f666/ozone-meta/ratis/bf265839-605b-3f16-9796-c5ba1605619e
2022-10-08 01:41:06,351 [pool-1491-thread-1] INFO  server.RaftServerConfigKeys (ConfUtils.java:logGet(46)) - raft.server.log.queue.byte-limit = 64MB (=67108864) (default)
2022-10-08 01:41:06,351 [pool-1491-thread-1] INFO  server.RaftServerConfigKeys (ConfUtils.java:logGet(46)) - raft.server.log.queue.element-limit = 4096 (default)
2022-10-08 01:41:06,351 [pool-1491-thread-1] INFO  server.RaftServerConfigKeys (ConfUtils.java:logGet(46)) - raft.server.log.segment.size.max = 4194304 (custom)
2022-10-08 01:41:06,351 [pool-1491-thread-1] INFO  server.RaftServerConfigKeys (ConfUtils.java:logGet(46)) - raft.server.log.preallocated.size = 4194304 (custom)
2022-10-08 01:41:06,351 [pool-1491-thread-1] INFO  server.RaftServerConfigKeys (ConfUtils.java:logGet(46)) - raft.server.log.force.sync.num = 128 (default)
2022-10-08 01:41:06,351 [pool-1491-thread-1] INFO  server.RaftServerConfigKeys (ConfUtils.java:logGet(46)) - raft.server.log.statemachine.data.sync = true (default)
2022-10-08 01:41:06,351 [pool-1491-thread-1] INFO  server.RaftServerConfigKeys (ConfUtils.java:logGet(46)) - raft.server.log.statemachine.data.sync.timeout = 10s (default)
2022-10-08 01:41:06,351 [pool-1491-thread-1] INFO  server.RaftServerConfigKeys (ConfUtils.java:logGet(46)) - raft.server.log.statemachine.data.sync.timeout.retry = -1 (default)
2022-10-08 01:41:06,353 [pool-1491-thread-1] INFO  server.RaftServerConfigKeys (ConfUtils.java:logGet(46)) - raft.server.log.write.buffer.size = 64KB (=65536) (default)
2022-10-08 01:41:06,353 [pool-1491-thread-1] INFO  server.RaftServerConfigKeys (ConfUtils.java:logGet(46)) - raft.server.log.unsafe-flush.enabled = false (default)
2022-10-08 01:41:06,353 [pool-1491-thread-1] INFO  server.RaftServerConfigKeys (ConfUtils.java:logGet(46)) - raft.server.log.statemachine.data.caching.enabled = false (default)
2022-10-08 01:41:06,353 [pool-1491-thread-1] INFO  segmented.SegmentedRaftLogWorker (SegmentedRaftLogWorker.java:lambda$new$0(135)) - om1@group-C5BA1605619E-SegmentedRaftLogWorker: flushIndex: setUnconditionally 0 -> -1
2022-10-08 01:41:06,353 [pool-1491-thread-1] INFO  segmented.SegmentedRaftLogWorker (SegmentedRaftLogWorker.java:lambda$new$0(135)) - om1@group-C5BA1605619E-SegmentedRaftLogWorker: safeCacheEvictIndex: setUnconditionally 0 -> -1
2022-10-08 01:41:06,364 [pool-1491-thread-1] INFO  server.RaftServerConfigKeys (ConfUtils.java:logGet(46)) - raft.server.snapshot.auto.trigger.enabled = true (custom)
2022-10-08 01:41:06,364 [pool-1491-thread-1] INFO  server.RaftServerConfigKeys (ConfUtils.java:logGet(46)) - raft.server.snapshot.auto.trigger.threshold = 400000 (default)
2022-10-08 01:41:06,364 [pool-1491-thread-1] INFO  server.RaftServerConfigKeys (ConfUtils.java:logGet(46)) - raft.server.snapshot.retention.file.num = -1 (default)
2022-10-08 01:41:06,364 [pool-1491-thread-1] INFO  server.RaftServerConfigKeys (ConfUtils.java:logGet(46)) - raft.server.log.purge.upto.snapshot.index = true (custom)
2022-10-08 01:41:06,364 [pool-1491-thread-1] INFO  server.RaftServerConfigKeys (ConfUtils.java:logGet(46)) - raft.server.retrycache.expirytime = 300s (custom)
2022-10-08 01:41:06,364 [pool-1491-thread-1] INFO  server.RaftServerConfigKeys (ConfUtils.java:logGet(46)) - raft.server.retrycache.statistics.expirytime = 100μs (default)
2022-10-08 01:41:06,366 [pool-1491-thread-1] INFO  server.RaftServerConfigKeys (ConfUtils.java:logGet(46)) - raft.server.log.appender.install.snapshot.enabled = false (custom)
2022-10-08 01:41:06,366 [pool-1491-thread-1] INFO  server.RaftServerConfigKeys (ConfUtils.java:logGet(46)) - raft.server.threadpool.server.cached = true (default)
2022-10-08 01:41:06,366 [pool-1491-thread-1] INFO  server.RaftServerConfigKeys (ConfUtils.java:logGet(46)) - raft.server.threadpool.server.size = 0 (default)
2022-10-08 01:41:06,366 [pool-1491-thread-1] INFO  server.RaftServerConfigKeys (ConfUtils.java:logGet(46)) - raft.server.threadpool.client.cached = true (default)
2022-10-08 01:41:06,366 [pool-1491-thread-1] INFO  server.RaftServerConfigKeys (ConfUtils.java:logGet(46)) - raft.server.threadpool.client.size = 0 (default)
2022-10-08 01:41:06,400 [ReplicationMonitor] INFO  replication.ReplicationManager (ReplicationManager.java:processAll(291)) - Replication Manager is not ready to run until 3000ms after safemode exit
2022-10-08 01:41:07,400 [ReplicationMonitor] INFO  replication.ReplicationManager (ReplicationManager.java:processAll(291)) - Replication Manager is not ready to run until 3000ms after safemode exit
2022-10-08 01:41:08,056 [Listener at 0.0.0.0/41773] INFO  reflections.Reflections (Reflections.java:scan(232)) - Reflections took 1810 ms to scan 19 urls, producing 67 keys and 4225 values [using 2 cores]
2022-10-08 01:41:08,057 [Listener at 0.0.0.0/41773] INFO  ipc.CallQueueManager (CallQueueManager.java:<init>(90)) - Using callQueue: class java.util.concurrent.LinkedBlockingQueue, queueCapacity: 2000, scheduler: class org.apache.hadoop.ipc.DefaultRpcScheduler, ipcBackoff: false.
2022-10-08 01:41:08,087 [Socket Reader #1 for port 0] INFO  ipc.Server (Server.java:run(1265)) - Starting Socket Reader #1 for port 0
2022-10-08 01:41:08,244 [Listener at 127.0.0.1/35929] INFO  impl.MetricsSystemImpl (MetricsSystemImpl.java:init(158)) - OzoneManager metrics system started (again)
2022-10-08 01:41:08,310 [Listener at 127.0.0.1/35929] INFO  om.OzoneManager (OzoneManager.java:start(1484)) - OzoneManager RPC server is listening at localhost/127.0.0.1:35929
2022-10-08 01:41:08,310 [Listener at 127.0.0.1/35929] INFO  ratis.OzoneManagerRatisServer (OzoneManagerRatisServer.java:start(555)) - Starting OzoneManagerRatisServer om1 at port 9872
2022-10-08 01:41:08,340 [om1-impl-thread1] INFO  server.RaftServer$Division (RaftServerImpl.java:start(310)) - om1@group-C5BA1605619E: start as a follower, conf=-1: [om1|rpc:localhost:9872|priority:0], old=null
2022-10-08 01:41:08,340 [om1-impl-thread1] INFO  server.RaftServer$Division (RaftServerImpl.java:setRole(299)) - om1@group-C5BA1605619E: changes role from      null to FOLLOWER at term 0 for startAsFollower
2022-10-08 01:41:08,340 [om1-impl-thread1] INFO  impl.RoleInfo (RoleInfo.java:updateAndGet(139)) - om1: start om1@group-C5BA1605619E-FollowerState
2022-10-08 01:41:08,340 [om1-impl-thread1] INFO  util.JmxRegister (JmxRegister.java:tryRegister(44)) - Successfully registered JMX Bean with object name Ratis:service=RaftServer,group=group-C5BA1605619E,id=om1
2022-10-08 01:41:08,352 [Listener at 127.0.0.1/35929] INFO  server.RaftServer (RaftServerProxy.java:lambda$start$6(382)) - om1: start RPC server
2022-10-08 01:41:08,400 [ReplicationMonitor] INFO  replication.ReplicationManager (ReplicationManager.java:processAll(291)) - Replication Manager is not ready to run until 3000ms after safemode exit
2022-10-08 01:41:08,505 [Listener at 127.0.0.1/35929] INFO  server.GrpcService (GrpcService.java:startImpl(260)) - om1: GrpcService started, listening on 9872
2022-10-08 01:41:08,508 [Listener at 127.0.0.1/35929] INFO  om.OzoneManager (OzoneManager.java:start(1500)) - Version File has different layout version (3) than OM DB (null). That is expected if this OM has never been finalized to a newer layout version.
2022-10-08 01:41:08,508 [org.apache.ratis.util.JvmPauseMonitor$$Lambda$636/846962177@3afe21e1] INFO  util.JvmPauseMonitor (JvmPauseMonitor.java:run(103)) - JvmPauseMonitor-om1: Started
2022-10-08 01:41:08,528 [Listener at 127.0.0.1/35929] INFO  http.BaseHttpServer (BaseHttpServer.java:newHttpServer2BuilderForOzone(213)) - Starting Web-server for ozoneManager at: http://0.0.0.0:0
2022-10-08 01:41:08,528 [Listener at 127.0.0.1/35929] INFO  http.BaseHttpServer (BaseHttpServer.java:<init>(108)) - Hadoop Security Enabled: false Ozone Security Enabled: false Ozone HTTP Security Enabled: false 
2022-10-08 01:41:08,529 [Listener at 127.0.0.1/35929] INFO  server.AuthenticationFilter (AuthenticationFilter.java:constructSecretProvider(240)) - Unable to initialize FileSignerSecretProvider, falling back to use random secrets.
2022-10-08 01:41:08,556 [Listener at 127.0.0.1/35929] WARN  http.HttpRequestLog (HttpRequestLog.java:getRequestLog(103)) - Jetty request log can only be enabled using Log4j
2022-10-08 01:41:08,604 [Listener at 127.0.0.1/35929] INFO  http.HttpServer2 (HttpServer2.java:addGlobalFilter(1031)) - Added global filter 'safety' (class=org.apache.hadoop.hdds.server.http.HttpServer2$QuotingInputFilter)
2022-10-08 01:41:08,604 [Listener at 127.0.0.1/35929] INFO  http.HttpServer2 (HttpServer2.java:addFilter(1007)) - Added filter static_user_filter (class=org.apache.hadoop.http.lib.StaticUserWebFilter$StaticUserFilter) to context ozoneManager
2022-10-08 01:41:08,604 [Listener at 127.0.0.1/35929] INFO  http.HttpServer2 (HttpServer2.java:addFilter(1015)) - Added filter static_user_filter (class=org.apache.hadoop.http.lib.StaticUserWebFilter$StaticUserFilter) to context static
2022-10-08 01:41:08,604 [Listener at 127.0.0.1/35929] INFO  http.HttpServer2 (HttpServer2.java:addFilter(1015)) - Added filter static_user_filter (class=org.apache.hadoop.http.lib.StaticUserWebFilter$StaticUserFilter) to context logs
2022-10-08 01:41:08,605 [Listener at 127.0.0.1/35929] INFO  http.HttpServer2 (HttpServer2.java:bindListener(1250)) - Jetty bound to port 45065
2022-10-08 01:41:08,605 [Listener at 127.0.0.1/35929] INFO  server.Server (Server.java:doStart(375)) - jetty-9.4.43.v20210629; built: 2021-06-30T11:07:22.254Z; git: 526006ecfa3af7f1a27ef3a288e2bef7ea9dd7e8; jvm 1.8.0_345-b01
2022-10-08 01:41:08,764 [Listener at 127.0.0.1/35929] INFO  server.session (DefaultSessionIdManager.java:doStart(334)) - DefaultSessionIdManager workerName=node0
2022-10-08 01:41:08,765 [Listener at 127.0.0.1/35929] INFO  server.session (DefaultSessionIdManager.java:doStart(339)) - No SessionScavenger set, using defaults
2022-10-08 01:41:08,765 [Listener at 127.0.0.1/35929] INFO  server.session (HouseKeeper.java:startScavenging(132)) - node0 Scavenging every 600000ms
2022-10-08 01:41:08,816 [Listener at 127.0.0.1/35929] INFO  handler.ContextHandler (ContextHandler.java:doStart(915)) - Started o.e.j.s.ServletContextHandler@2beb0e75{logs,/logs,file:///home/runner/work/ozone/ozone/hadoop-ozone/integration-test/target/log,AVAILABLE}
2022-10-08 01:41:08,816 [Listener at 127.0.0.1/35929] INFO  handler.ContextHandler (ContextHandler.java:doStart(915)) - Started o.e.j.s.ServletContextHandler@1bdf2454{static,/static,file:///home/runner/work/ozone/ozone/hadoop-ozone/integration-test/target/test-classes/webapps/static,AVAILABLE}
2022-10-08 01:41:08,818 [Listener at 127.0.0.1/35929] INFO  handler.ContextHandler (ContextHandler.java:doStart(915)) - Started o.e.j.w.WebAppContext@5b554b11{ozoneManager,/,file:///home/runner/work/ozone/ozone/hadoop-ozone/integration-test/target/test-classes/webapps/ozoneManager/,AVAILABLE}{file:/home/runner/work/ozone/ozone/hadoop-ozone/integration-test/target/test-classes/webapps/ozoneManager}
2022-10-08 01:41:08,834 [Listener at 127.0.0.1/35929] INFO  server.AbstractConnector (AbstractConnector.java:doStart(331)) - Started ServerConnector@5a34d926{HTTP/1.1, (http/1.1)}{0.0.0.0:45065}
2022-10-08 01:41:08,835 [Listener at 127.0.0.1/35929] INFO  server.Server (Server.java:doStart(415)) - Started @595107ms
2022-10-08 01:41:08,835 [Listener at 127.0.0.1/35929] WARN  impl.MetricsSystemImpl (MetricsSystemImpl.java:register(279)) - Sink prometheus already exists!
2022-10-08 01:41:08,836 [Listener at 127.0.0.1/35929] INFO  http.BaseHttpServer (BaseHttpServer.java:updateConnectorAddress(333)) - HTTP server of ozoneManager listening at http://0.0.0.0:45065
2022-10-08 01:41:08,836 [IPC Server Responder] INFO  ipc.Server (Server.java:run(1507)) - IPC Server Responder: starting
2022-10-08 01:41:08,836 [IPC Server listener on 0] INFO  ipc.Server (Server.java:run(1344)) - IPC Server listener on 0: starting
2022-10-08 01:41:08,964 [Listener at 127.0.0.1/35929] INFO  om.OzoneManager (OzoneManager.java:startTrashEmptier(1921)) - Trash Interval set to 0. Files deleted won't move to trash
2022-10-08 01:41:08,965 [org.apache.hadoop.util.JvmPauseMonitor$Monitor@c485383] INFO  util.JvmPauseMonitor (JvmPauseMonitor.java:run(188)) - Starting JVM pause monitor
2022-10-08 01:41:09,011 [Listener at 127.0.0.1/35929] WARN  impl.MetricRegistriesImpl (MetricRegistriesImpl.java:addReporterRegistration(111)) - New reporters are added after registries were created. Some metrics will be missing from the reporter. Please add reporter before adding any new registry.
2022-10-08 01:41:09,011 [Listener at 127.0.0.1/35929] WARN  impl.MetricRegistriesImpl (MetricRegistriesImpl.java:addReporterRegistration(111)) - New reporters are added after registries were created. Some metrics will be missing from the reporter. Please add reporter before adding any new registry.
2022-10-08 01:41:09,011 [Listener at 127.0.0.1/35929] INFO  impl.MetricsSystemImpl (MetricsSystemImpl.java:init(158)) - HddsDatanode metrics system started (again)
2022-10-08 01:41:09,023 [Listener at 127.0.0.1/35929] INFO  ozone.HddsDatanodeService (HddsDatanodeService.java:start(236)) - HddsDatanodeService host:fv-az180-867.g3pwtgv4ffyuhaixmbmm0kyh3d.gx.internal.cloudapp.net ip:10.1.0.61
2022-10-08 01:41:09,203 [Listener at 127.0.0.1/35929] INFO  upgrade.AbstractLayoutVersionManager (AbstractLayoutVersionManager.java:init(83)) - Initializing Layout version manager with metadata layout = DATANODE_SCHEMA_V3 (version = 4), software layout = DATANODE_SCHEMA_V3 (version = 4)
2022-10-08 01:41:09,347 [Listener at 127.0.0.1/35929] INFO  reflections.Reflections (Reflections.java:scan(232)) - Reflections took 143 ms to scan 7 urls, producing 135 keys and 327 values 
2022-10-08 01:41:09,349 [Listener at 127.0.0.1/35929] INFO  statemachine.DatanodeStateMachine (DatanodeStateMachine.java:getEndPointTaskThreadPoolSize(237)) - Datanode State Machine Task Thread Pool size 2
2022-10-08 01:41:09,350 [Listener at 127.0.0.1/35929] INFO  volume.HddsVolume (HddsVolume.java:<init>(117)) - Creating HddsVolume: /home/runner/work/ozone/ozone/hadoop-ozone/integration-test/target/test-dir/MiniOzoneClusterImpl-bdb582a0-2e2b-403c-a8c7-17c71ed5f666/datanode-0/data-0/containers/hdds of storage type : DISK capacity : 9223372036854775807
2022-10-08 01:41:09,350 [Listener at 127.0.0.1/35929] INFO  volume.MutableVolumeSet (MutableVolumeSet.java:initializeVolumeSet(174)) - Added Volume : /home/runner/work/ozone/ozone/hadoop-ozone/integration-test/target/test-dir/MiniOzoneClusterImpl-bdb582a0-2e2b-403c-a8c7-17c71ed5f666/datanode-0/data-0/containers/hdds to VolumeSet
2022-10-08 01:41:09,350 [Listener at 127.0.0.1/35929] INFO  volume.ThrottledAsyncChecker (ThrottledAsyncChecker.java:schedule(141)) - Scheduling a check for /home/runner/work/ozone/ozone/hadoop-ozone/integration-test/target/test-dir/MiniOzoneClusterImpl-bdb582a0-2e2b-403c-a8c7-17c71ed5f666/datanode-0/data-0/containers/hdds
2022-10-08 01:41:09,350 [Listener at 127.0.0.1/35929] INFO  volume.StorageVolumeChecker (StorageVolumeChecker.java:checkAllVolumes(202)) - Scheduled health check for volume /home/runner/work/ozone/ozone/hadoop-ozone/integration-test/target/test-dir/MiniOzoneClusterImpl-bdb582a0-2e2b-403c-a8c7-17c71ed5f666/datanode-0/data-0/containers/hdds
2022-10-08 01:41:09,395 [Listener at 127.0.0.1/35929] INFO  volume.MutableVolumeSet (MutableVolumeSet.java:initializeVolumeSet(174)) - Added Volume : /home/runner/work/ozone/ozone/hadoop-ozone/integration-test/target/test-dir/MiniOzoneClusterImpl-bdb582a0-2e2b-403c-a8c7-17c71ed5f666/datanode-0/data/ratis to VolumeSet
2022-10-08 01:41:09,395 [Listener at 127.0.0.1/35929] INFO  volume.ThrottledAsyncChecker (ThrottledAsyncChecker.java:schedule(141)) - Scheduling a check for /home/runner/work/ozone/ozone/hadoop-ozone/integration-test/target/test-dir/MiniOzoneClusterImpl-bdb582a0-2e2b-403c-a8c7-17c71ed5f666/datanode-0/data/ratis
2022-10-08 01:41:09,396 [Listener at 127.0.0.1/35929] INFO  volume.StorageVolumeChecker (StorageVolumeChecker.java:checkAllVolumes(202)) - Scheduled health check for volume /home/runner/work/ozone/ozone/hadoop-ozone/integration-test/target/test-dir/MiniOzoneClusterImpl-bdb582a0-2e2b-403c-a8c7-17c71ed5f666/datanode-0/data/ratis
2022-10-08 01:41:09,400 [ReplicationMonitor] INFO  replication.ReplicationManager (ReplicationManager.java:processAll(291)) - Replication Manager is not ready to run until 3000ms after safemode exit
2022-10-08 01:41:09,411 [Thread-3076] INFO  ozoneimpl.ContainerReader (ContainerReader.java:readVolume(175)) - Finish verifying containers on volume /home/runner/work/ozone/ozone/hadoop-ozone/integration-test/target/test-dir/MiniOzoneClusterImpl-bdb582a0-2e2b-403c-a8c7-17c71ed5f666/datanode-0/data-0/containers/hdds
2022-10-08 01:41:09,411 [Listener at 127.0.0.1/35929] INFO  ozoneimpl.OzoneContainer (OzoneContainer.java:buildContainerSet(300)) - Build ContainerSet costs 0s
2022-10-08 01:41:09,412 [Listener at 127.0.0.1/35929] INFO  server.RaftServer (ConfUtils.java:logGet(46)) - raft.rpc.type = GRPC (default)
2022-10-08 01:41:09,412 [Listener at 127.0.0.1/35929] INFO  grpc.GrpcFactory (GrpcFactory.java:checkPooledByteBufAllocatorUseCacheForAllThreads(48)) - PERFORMANCE WARNING: useCacheForAllThreads is true that may cause Netty to create a lot garbage objects and, as a result, trigger GC.
	It is recommended to disable useCacheForAllThreads by setting -Dorg.apache.ratis.thirdparty.io.netty.allocator.useCacheForAllThreads=false in command line.
2022-10-08 01:41:09,413 [Listener at 127.0.0.1/35929] INFO  grpc.GrpcConfigKeys (ConfUtils.java:logGet(46)) - raft.grpc.admin.port = 0 (custom)
2022-10-08 01:41:09,413 [Listener at 127.0.0.1/35929] INFO  grpc.GrpcConfigKeys (ConfUtils.java:logGet(46)) - raft.grpc.client.port = 0 (custom)
2022-10-08 01:41:09,413 [Listener at 127.0.0.1/35929] INFO  grpc.GrpcConfigKeys (ConfUtils.java:logGet(46)) - raft.grpc.server.port = 0 (default)
2022-10-08 01:41:09,413 [Listener at 127.0.0.1/35929] INFO  server.GrpcService (ConfUtils.java:logGet(46)) - raft.grpc.message.size.max = 32MB (=33554432) (custom)
2022-10-08 01:41:09,413 [Listener at 127.0.0.1/35929] INFO  server.RaftServerConfigKeys (ConfUtils.java:logGet(46)) - raft.server.log.appender.buffer.byte-limit = 33554432 (custom)
2022-10-08 01:41:09,413 [Listener at 127.0.0.1/35929] INFO  server.GrpcService (ConfUtils.java:logGet(46)) - raft.grpc.flow.control.window = 5MB (=5242880) (custom)
2022-10-08 01:41:09,413 [Listener at 127.0.0.1/35929] INFO  server.RaftServerConfigKeys (ConfUtils.java:logGet(46)) - raft.server.rpc.request.timeout = 60s (custom)
2022-10-08 01:41:09,413 [Listener at 127.0.0.1/35929] INFO  grpc.GrpcConfigKeys (ConfUtils.java:logGet(46)) - raft.grpc.server.async.request.thread.pool.cached = true (default)
2022-10-08 01:41:09,413 [Listener at 127.0.0.1/35929] INFO  grpc.GrpcConfigKeys (ConfUtils.java:logGet(46)) - raft.grpc.server.async.request.thread.pool.size = 32 (default)
2022-10-08 01:41:09,414 [Listener at 127.0.0.1/35929] INFO  impl.DataStreamServerImpl (ConfUtils.java:logGet(46)) - raft.datastream.type = DISABLED (default)
2022-10-08 01:41:09,414 [Listener at 127.0.0.1/35929] INFO  server.RaftServerConfigKeys (ConfUtils.java:logGet(46)) - raft.server.threadpool.proxy.cached = true (default)
2022-10-08 01:41:09,414 [Listener at 127.0.0.1/35929] INFO  server.RaftServerConfigKeys (ConfUtils.java:logGet(46)) - raft.server.threadpool.proxy.size = 0 (default)
2022-10-08 01:41:09,414 [Listener at 127.0.0.1/35929] INFO  server.RaftServerConfigKeys (ConfUtils.java:logGet(46)) - raft.server.rpc.slowness.timeout = 300s (custom)
2022-10-08 01:41:09,414 [Listener at 127.0.0.1/35929] INFO  server.RaftServerConfigKeys (ConfUtils.java:logGet(46)) - raft.server.leaderelection.leader.step-down.wait-time = 10s (default)
2022-10-08 01:41:09,414 [Listener at 127.0.0.1/35929] INFO  server.RaftServerConfigKeys (ConfUtils.java:logGet(46)) - raft.server.storage.dir = [/home/runner/work/ozone/ozone/hadoop-ozone/integration-test/target/test-dir/MiniOzoneClusterImpl-bdb582a0-2e2b-403c-a8c7-17c71ed5f666/datanode-0/data/ratis] (custom)
2022-10-08 01:41:09,416 [Listener at 127.0.0.1/35929] INFO  server.XceiverServerGrpc (XceiverServerGrpc.java:<init>(132)) - GrpcServer channel type EpollServerSocketChannel
2022-10-08 01:41:09,420 [Listener at 127.0.0.1/35929] INFO  http.BaseHttpServer (BaseHttpServer.java:newHttpServer2BuilderForOzone(213)) - Starting Web-server for hddsDatanode at: http://0.0.0.0:0
2022-10-08 01:41:09,420 [Listener at 127.0.0.1/35929] INFO  http.BaseHttpServer (BaseHttpServer.java:<init>(108)) - Hadoop Security Enabled: false Ozone Security Enabled: false Ozone HTTP Security Enabled: false 
2022-10-08 01:41:09,421 [Listener at 127.0.0.1/35929] INFO  server.AuthenticationFilter (AuthenticationFilter.java:constructSecretProvider(240)) - Unable to initialize FileSignerSecretProvider, falling back to use random secrets.
2022-10-08 01:41:09,436 [om1@group-C5BA1605619E-FollowerState] INFO  impl.FollowerState (FollowerState.java:run(143)) - om1@group-C5BA1605619E-FollowerState: change to CANDIDATE, lastRpcElapsedTime:1095997961ns, electionTimeout:1092ms
2022-10-08 01:41:09,436 [om1@group-C5BA1605619E-FollowerState] INFO  impl.RoleInfo (RoleInfo.java:shutdownFollowerState(110)) - om1: shutdown om1@group-C5BA1605619E-FollowerState
2022-10-08 01:41:09,436 [om1@group-C5BA1605619E-FollowerState] INFO  server.RaftServer$Division (RaftServerImpl.java:setRole(299)) - om1@group-C5BA1605619E: changes role from  FOLLOWER to CANDIDATE at term 0 for changeToCandidate
2022-10-08 01:41:09,480 [Listener at 127.0.0.1/35929] WARN  http.HttpRequestLog (HttpRequestLog.java:getRequestLog(103)) - Jetty request log can only be enabled using Log4j
2022-10-08 01:41:09,481 [Listener at 127.0.0.1/35929] INFO  http.HttpServer2 (HttpServer2.java:addGlobalFilter(1031)) - Added global filter 'safety' (class=org.apache.hadoop.hdds.server.http.HttpServer2$QuotingInputFilter)
2022-10-08 01:41:09,481 [Listener at 127.0.0.1/35929] INFO  http.HttpServer2 (HttpServer2.java:addFilter(1007)) - Added filter static_user_filter (class=org.apache.hadoop.http.lib.StaticUserWebFilter$StaticUserFilter) to context hddsDatanode
2022-10-08 01:41:09,481 [Listener at 127.0.0.1/35929] INFO  http.HttpServer2 (HttpServer2.java:addFilter(1015)) - Added filter static_user_filter (class=org.apache.hadoop.http.lib.StaticUserWebFilter$StaticUserFilter) to context logs
2022-10-08 01:41:09,481 [Listener at 127.0.0.1/35929] INFO  http.HttpServer2 (HttpServer2.java:addFilter(1015)) - Added filter static_user_filter (class=org.apache.hadoop.http.lib.StaticUserWebFilter$StaticUserFilter) to context static
2022-10-08 01:41:09,482 [Listener at 127.0.0.1/35929] INFO  http.HttpServer2 (HttpServer2.java:bindListener(1250)) - Jetty bound to port 36695
2022-10-08 01:41:09,482 [Listener at 127.0.0.1/35929] INFO  server.Server (Server.java:doStart(375)) - jetty-9.4.43.v20210629; built: 2021-06-30T11:07:22.254Z; git: 526006ecfa3af7f1a27ef3a288e2bef7ea9dd7e8; jvm 1.8.0_345-b01
2022-10-08 01:41:09,488 [om1@group-C5BA1605619E-FollowerState] INFO  server.RaftServerConfigKeys (ConfUtils.java:logGet(46)) - raft.server.leaderelection.pre-vote = false (custom)
2022-10-08 01:41:09,488 [om1@group-C5BA1605619E-FollowerState] INFO  impl.RoleInfo (RoleInfo.java:updateAndGet(139)) - om1: start om1@group-C5BA1605619E-LeaderElection59
2022-10-08 01:41:09,504 [om1@group-C5BA1605619E-LeaderElection59] INFO  impl.LeaderElection (LeaderElection.java:askForVotes(310)) - om1@group-C5BA1605619E-LeaderElection59 ELECTION round 0: submit vote requests at term 1 for -1: [om1|rpc:localhost:9872|priority:0], old=null
2022-10-08 01:41:09,504 [om1@group-C5BA1605619E-LeaderElection59] INFO  impl.LeaderElection (LeaderElection.java:askForVotes(312)) - om1@group-C5BA1605619E-LeaderElection59 ELECTION round 0: result PASSED (term=1)
2022-10-08 01:41:09,504 [om1@group-C5BA1605619E-LeaderElection59] INFO  impl.RoleInfo (RoleInfo.java:shutdownLeaderElection(130)) - om1: shutdown om1@group-C5BA1605619E-LeaderElection59
2022-10-08 01:41:09,504 [om1@group-C5BA1605619E-LeaderElection59] INFO  server.RaftServer$Division (RaftServerImpl.java:setRole(299)) - om1@group-C5BA1605619E: changes role from CANDIDATE to LEADER at term 1 for changeToLeader
2022-10-08 01:41:09,504 [om1@group-C5BA1605619E-LeaderElection59] INFO  server.RaftServer$Division (ServerState.java:setLeader(287)) - om1@group-C5BA1605619E: change Leader from null to om1 at term 1 for becomeLeader, leader elected after 3154ms
2022-10-08 01:41:09,504 [om1@group-C5BA1605619E-LeaderElection59] INFO  server.RaftServerConfigKeys (ConfUtils.java:logGet(46)) - raft.server.staging.catchup.gap = 1000 (default)
2022-10-08 01:41:09,505 [om1@group-C5BA1605619E-LeaderElection59] INFO  server.RaftServerConfigKeys (ConfUtils.java:logGet(46)) - raft.server.write.element-limit = 4096 (default)
2022-10-08 01:41:09,505 [om1@group-C5BA1605619E-LeaderElection59] INFO  server.RaftServerConfigKeys (ConfUtils.java:logGet(46)) - raft.server.write.byte-limit = 64MB (=67108864) (default)
2022-10-08 01:41:09,505 [om1@group-C5BA1605619E-LeaderElection59] INFO  server.RaftServerConfigKeys (ConfUtils.java:logGet(46)) - raft.server.watch.timeout = 10s (default)
2022-10-08 01:41:09,505 [om1@group-C5BA1605619E-LeaderElection59] INFO  server.RaftServerConfigKeys (ConfUtils.java:logGet(46)) - raft.server.watch.timeout.denomination = 1s (default)
2022-10-08 01:41:09,505 [om1@group-C5BA1605619E-LeaderElection59] INFO  server.RaftServerConfigKeys (ConfUtils.java:logGet(46)) - raft.server.watch.element-limit = 65536 (default)
2022-10-08 01:41:09,505 [om1@group-C5BA1605619E-LeaderElection59] INFO  server.RaftServerConfigKeys (ConfUtils.java:logGet(46)) - raft.server.write.element-limit = 4096 (default)
2022-10-08 01:41:09,505 [om1@group-C5BA1605619E-LeaderElection59] INFO  server.RaftServerConfigKeys (ConfUtils.java:logGet(46)) - raft.server.write.follower.gap.ratio.max = -1.0 (default)
2022-10-08 01:41:09,506 [om1@group-C5BA1605619E-LeaderElection59] INFO  impl.RoleInfo (RoleInfo.java:updateAndGet(139)) - om1: start om1@group-C5BA1605619E-LeaderStateImpl
2022-10-08 01:41:09,506 [om1@group-C5BA1605619E-LeaderElection59] INFO  segmented.SegmentedRaftLogWorker (SegmentedRaftLogWorker.java:startLogSegment(425)) - om1@group-C5BA1605619E-SegmentedRaftLogWorker: Starting segment from index:0
2022-10-08 01:41:09,548 [om1@group-C5BA1605619E-SegmentedRaftLogWorker] INFO  segmented.SegmentedRaftLogWorker (SegmentedRaftLogWorker.java:execute(629)) - om1@group-C5BA1605619E-SegmentedRaftLogWorker: created new log segment /home/runner/work/ozone/ozone/hadoop-ozone/integration-test/target/test-dir/MiniOzoneClusterImpl-bdb582a0-2e2b-403c-a8c7-17c71ed5f666/ozone-meta/ratis/bf265839-605b-3f16-9796-c5ba1605619e/current/log_inprogress_0
2022-10-08 01:41:09,569 [om1@group-C5BA1605619E-LeaderElection59] INFO  server.RaftServer$Division (ServerState.java:setRaftConf(393)) - om1@group-C5BA1605619E: set configuration 0: [om1|rpc:localhost:9872|admin:|client:|dataStream:|priority:0], old=null
2022-10-08 01:41:09,668 [om1@group-C5BA1605619E-StateMachineUpdater] INFO  ratis.OzoneManagerStateMachine (OzoneManagerStateMachine.java:notifyConfigurationChanged(192)) - Received Configuration change notification from Ratis. New Peer list:
[id: "om1"
address: "localhost:9872"
]
2022-10-08 01:41:09,748 [Listener at 127.0.0.1/35929] INFO  server.session (DefaultSessionIdManager.java:doStart(334)) - DefaultSessionIdManager workerName=node0
2022-10-08 01:41:09,748 [Listener at 127.0.0.1/35929] INFO  server.session (DefaultSessionIdManager.java:doStart(339)) - No SessionScavenger set, using defaults
2022-10-08 01:41:09,748 [Listener at 127.0.0.1/35929] INFO  server.session (HouseKeeper.java:startScavenging(132)) - node0 Scavenging every 660000ms
2022-10-08 01:41:09,749 [Listener at 127.0.0.1/35929] INFO  handler.ContextHandler (ContextHandler.java:doStart(915)) - Started o.e.j.s.ServletContextHandler@2d52bfe{logs,/logs,file:///home/runner/work/ozone/ozone/hadoop-ozone/integration-test/target/log,AVAILABLE}
2022-10-08 01:41:09,749 [Listener at 127.0.0.1/35929] INFO  handler.ContextHandler (ContextHandler.java:doStart(915)) - Started o.e.j.s.ServletContextHandler@670234c{static,/static,jar:file:/home/runner/.m2/repository/org/apache/ozone/hdds-container-service/1.3.0-SNAPSHOT/hdds-container-service-1.3.0-SNAPSHOT.jar!/webapps/static,AVAILABLE}
2022-10-08 01:41:10,400 [ReplicationMonitor] INFO  replication.ReplicationManager (ReplicationManager.java:processAll(291)) - Replication Manager is not ready to run until 3000ms after safemode exit
2022-10-08 01:41:10,647 [Listener at 127.0.0.1/35929] INFO  handler.ContextHandler (ContextHandler.java:doStart(915)) - Started o.e.j.w.WebAppContext@20038be5{hddsDatanode,/,file:///tmp/jetty-0_0_0_0-36695-hdds-container-service-1_3_0-SNAPSHOT_jar-_-any-4473845886845813751/webapp/,AVAILABLE}{jar:file:/home/runner/.m2/repository/org/apache/ozone/hdds-container-service/1.3.0-SNAPSHOT/hdds-container-service-1.3.0-SNAPSHOT.jar!/webapps/hddsDatanode}
2022-10-08 01:41:10,728 [Listener at 127.0.0.1/35929] INFO  server.AbstractConnector (AbstractConnector.java:doStart(331)) - Started ServerConnector@5ecbddde{HTTP/1.1, (http/1.1)}{0.0.0.0:36695}
2022-10-08 01:41:10,728 [Listener at 127.0.0.1/35929] INFO  server.Server (Server.java:doStart(415)) - Started @597001ms
2022-10-08 01:41:10,729 [Listener at 127.0.0.1/35929] WARN  impl.MetricsSystemImpl (MetricsSystemImpl.java:register(279)) - Sink prometheus already exists!
2022-10-08 01:41:10,732 [Listener at 127.0.0.1/35929] INFO  http.BaseHttpServer (BaseHttpServer.java:updateConnectorAddress(333)) - HTTP server of hddsDatanode listening at http://0.0.0.0:36695
2022-10-08 01:41:10,776 [Listener at 127.0.0.1/35929] WARN  impl.MetricRegistriesImpl (MetricRegistriesImpl.java:addReporterRegistration(111)) - New reporters are added after registries were created. Some metrics will be missing from the reporter. Please add reporter before adding any new registry.
2022-10-08 01:41:10,776 [Listener at 127.0.0.1/35929] WARN  impl.MetricRegistriesImpl (MetricRegistriesImpl.java:addReporterRegistration(111)) - New reporters are added after registries were created. Some metrics will be missing from the reporter. Please add reporter before adding any new registry.
2022-10-08 01:41:10,776 [Listener at 127.0.0.1/35929] INFO  impl.MetricsSystemImpl (MetricsSystemImpl.java:init(158)) - HddsDatanode metrics system started (again)
2022-10-08 01:41:10,820 [Datanode State Machine Daemon Thread] INFO  statemachine.DatanodeStateMachine (DatanodeStateMachine.java:lambda$startDaemon$0(492)) - Ozone container server started.
2022-10-08 01:41:10,884 [org.apache.hadoop.util.JvmPauseMonitor$Monitor@1d13aedc] INFO  util.JvmPauseMonitor (JvmPauseMonitor.java:run(188)) - Starting JVM pause monitor
2022-10-08 01:41:10,962 [Listener at 127.0.0.1/35929] INFO  ozone.HddsDatanodeService (HddsDatanodeService.java:start(236)) - HddsDatanodeService host:fv-az180-867.g3pwtgv4ffyuhaixmbmm0kyh3d.gx.internal.cloudapp.net ip:10.1.0.61
2022-10-08 01:41:10,972 [Datanode State Machine Task Thread - 0] INFO  datanode.InitDatanodeState (InitDatanodeState.java:persistContainerDatanodeDetails(138)) - DatanodeDetails is persisted to /home/runner/work/ozone/ozone/hadoop-ozone/integration-test/target/test-dir/MiniOzoneClusterImpl-bdb582a0-2e2b-403c-a8c7-17c71ed5f666/datanode-0/meta/datanode.id
2022-10-08 01:41:11,152 [Listener at 127.0.0.1/35929] INFO  upgrade.AbstractLayoutVersionManager (AbstractLayoutVersionManager.java:init(83)) - Initializing Layout version manager with metadata layout = DATANODE_SCHEMA_V3 (version = 4), software layout = DATANODE_SCHEMA_V3 (version = 4)
2022-10-08 01:41:11,404 [ReplicationMonitor] INFO  replication.ReplicationManager (ReplicationManager.java:processAll(291)) - Replication Manager is not ready to run until 3000ms after safemode exit
2022-10-08 01:41:11,419 [Listener at 127.0.0.1/35929] INFO  reflections.Reflections (Reflections.java:scan(232)) - Reflections took 265 ms to scan 7 urls, producing 135 keys and 327 values 
2022-10-08 01:41:11,420 [Listener at 127.0.0.1/35929] INFO  statemachine.DatanodeStateMachine (DatanodeStateMachine.java:getEndPointTaskThreadPoolSize(237)) - Datanode State Machine Task Thread Pool size 2
2022-10-08 01:41:11,421 [Listener at 127.0.0.1/35929] INFO  volume.HddsVolume (HddsVolume.java:<init>(117)) - Creating HddsVolume: /home/runner/work/ozone/ozone/hadoop-ozone/integration-test/target/test-dir/MiniOzoneClusterImpl-bdb582a0-2e2b-403c-a8c7-17c71ed5f666/datanode-1/data-0/containers/hdds of storage type : DISK capacity : 9223372036854775807
2022-10-08 01:41:11,421 [Listener at 127.0.0.1/35929] INFO  volume.MutableVolumeSet (MutableVolumeSet.java:initializeVolumeSet(174)) - Added Volume : /home/runner/work/ozone/ozone/hadoop-ozone/integration-test/target/test-dir/MiniOzoneClusterImpl-bdb582a0-2e2b-403c-a8c7-17c71ed5f666/datanode-1/data-0/containers/hdds to VolumeSet
2022-10-08 01:41:11,421 [Listener at 127.0.0.1/35929] INFO  volume.ThrottledAsyncChecker (ThrottledAsyncChecker.java:schedule(141)) - Scheduling a check for /home/runner/work/ozone/ozone/hadoop-ozone/integration-test/target/test-dir/MiniOzoneClusterImpl-bdb582a0-2e2b-403c-a8c7-17c71ed5f666/datanode-1/data-0/containers/hdds
2022-10-08 01:41:11,422 [Listener at 127.0.0.1/35929] INFO  volume.StorageVolumeChecker (StorageVolumeChecker.java:checkAllVolumes(202)) - Scheduled health check for volume /home/runner/work/ozone/ozone/hadoop-ozone/integration-test/target/test-dir/MiniOzoneClusterImpl-bdb582a0-2e2b-403c-a8c7-17c71ed5f666/datanode-1/data-0/containers/hdds
2022-10-08 01:41:11,433 [Listener at 127.0.0.1/35929] INFO  volume.MutableVolumeSet (MutableVolumeSet.java:initializeVolumeSet(174)) - Added Volume : /home/runner/work/ozone/ozone/hadoop-ozone/integration-test/target/test-dir/MiniOzoneClusterImpl-bdb582a0-2e2b-403c-a8c7-17c71ed5f666/datanode-1/data/ratis to VolumeSet
2022-10-08 01:41:11,433 [Listener at 127.0.0.1/35929] INFO  volume.ThrottledAsyncChecker (ThrottledAsyncChecker.java:schedule(141)) - Scheduling a check for /home/runner/work/ozone/ozone/hadoop-ozone/integration-test/target/test-dir/MiniOzoneClusterImpl-bdb582a0-2e2b-403c-a8c7-17c71ed5f666/datanode-1/data/ratis
2022-10-08 01:41:11,433 [Listener at 127.0.0.1/35929] INFO  volume.StorageVolumeChecker (StorageVolumeChecker.java:checkAllVolumes(202)) - Scheduled health check for volume /home/runner/work/ozone/ozone/hadoop-ozone/integration-test/target/test-dir/MiniOzoneClusterImpl-bdb582a0-2e2b-403c-a8c7-17c71ed5f666/datanode-1/data/ratis
2022-10-08 01:41:11,572 [Thread-3091] INFO  ozoneimpl.ContainerReader (ContainerReader.java:readVolume(175)) - Finish verifying containers on volume /home/runner/work/ozone/ozone/hadoop-ozone/integration-test/target/test-dir/MiniOzoneClusterImpl-bdb582a0-2e2b-403c-a8c7-17c71ed5f666/datanode-1/data-0/containers/hdds
2022-10-08 01:41:11,572 [Listener at 127.0.0.1/35929] INFO  ozoneimpl.OzoneContainer (OzoneContainer.java:buildContainerSet(300)) - Build ContainerSet costs 0s
2022-10-08 01:41:11,574 [Listener at 127.0.0.1/35929] INFO  server.RaftServer (ConfUtils.java:logGet(46)) - raft.rpc.type = GRPC (default)
2022-10-08 01:41:11,574 [Listener at 127.0.0.1/35929] INFO  grpc.GrpcFactory (GrpcFactory.java:checkPooledByteBufAllocatorUseCacheForAllThreads(48)) - PERFORMANCE WARNING: useCacheForAllThreads is true that may cause Netty to create a lot garbage objects and, as a result, trigger GC.
	It is recommended to disable useCacheForAllThreads by setting -Dorg.apache.ratis.thirdparty.io.netty.allocator.useCacheForAllThreads=false in command line.
2022-10-08 01:41:11,574 [Listener at 127.0.0.1/35929] INFO  grpc.GrpcConfigKeys (ConfUtils.java:logGet(46)) - raft.grpc.admin.port = 0 (custom)
2022-10-08 01:41:11,574 [Listener at 127.0.0.1/35929] INFO  grpc.GrpcConfigKeys (ConfUtils.java:logGet(46)) - raft.grpc.client.port = 0 (custom)
2022-10-08 01:41:11,574 [Listener at 127.0.0.1/35929] INFO  grpc.GrpcConfigKeys (ConfUtils.java:logGet(46)) - raft.grpc.server.port = 0 (default)
2022-10-08 01:41:11,574 [Listener at 127.0.0.1/35929] INFO  server.GrpcService (ConfUtils.java:logGet(46)) - raft.grpc.message.size.max = 32MB (=33554432) (custom)
2022-10-08 01:41:11,574 [Listener at 127.0.0.1/35929] INFO  server.RaftServerConfigKeys (ConfUtils.java:logGet(46)) - raft.server.log.appender.buffer.byte-limit = 33554432 (custom)
2022-10-08 01:41:11,574 [Listener at 127.0.0.1/35929] INFO  server.GrpcService (ConfUtils.java:logGet(46)) - raft.grpc.flow.control.window = 5MB (=5242880) (custom)
2022-10-08 01:41:11,574 [Listener at 127.0.0.1/35929] INFO  server.RaftServerConfigKeys (ConfUtils.java:logGet(46)) - raft.server.rpc.request.timeout = 60s (custom)
2022-10-08 01:41:11,574 [Listener at 127.0.0.1/35929] INFO  grpc.GrpcConfigKeys (ConfUtils.java:logGet(46)) - raft.grpc.server.async.request.thread.pool.cached = true (default)
2022-10-08 01:41:11,574 [Listener at 127.0.0.1/35929] INFO  grpc.GrpcConfigKeys (ConfUtils.java:logGet(46)) - raft.grpc.server.async.request.thread.pool.size = 32 (default)
2022-10-08 01:41:11,576 [Listener at 127.0.0.1/35929] INFO  impl.DataStreamServerImpl (ConfUtils.java:logGet(46)) - raft.datastream.type = DISABLED (default)
2022-10-08 01:41:11,576 [Listener at 127.0.0.1/35929] INFO  server.RaftServerConfigKeys (ConfUtils.java:logGet(46)) - raft.server.threadpool.proxy.cached = true (default)
2022-10-08 01:41:11,576 [Listener at 127.0.0.1/35929] INFO  server.RaftServerConfigKeys (ConfUtils.java:logGet(46)) - raft.server.threadpool.proxy.size = 0 (default)
2022-10-08 01:41:11,576 [Listener at 127.0.0.1/35929] INFO  server.RaftServerConfigKeys (ConfUtils.java:logGet(46)) - raft.server.rpc.slowness.timeout = 300s (custom)
2022-10-08 01:41:11,576 [Listener at 127.0.0.1/35929] INFO  server.RaftServerConfigKeys (ConfUtils.java:logGet(46)) - raft.server.leaderelection.leader.step-down.wait-time = 10s (default)
2022-10-08 01:41:11,576 [Listener at 127.0.0.1/35929] INFO  server.RaftServerConfigKeys (ConfUtils.java:logGet(46)) - raft.server.storage.dir = [/home/runner/work/ozone/ozone/hadoop-ozone/integration-test/target/test-dir/MiniOzoneClusterImpl-bdb582a0-2e2b-403c-a8c7-17c71ed5f666/datanode-1/data/ratis] (custom)
2022-10-08 01:41:11,590 [Listener at 127.0.0.1/35929] INFO  server.XceiverServerGrpc (XceiverServerGrpc.java:<init>(132)) - GrpcServer channel type EpollServerSocketChannel
2022-10-08 01:41:11,592 [Listener at 127.0.0.1/35929] INFO  http.BaseHttpServer (BaseHttpServer.java:newHttpServer2BuilderForOzone(213)) - Starting Web-server for hddsDatanode at: http://0.0.0.0:0
2022-10-08 01:41:11,592 [Listener at 127.0.0.1/35929] INFO  http.BaseHttpServer (BaseHttpServer.java:<init>(108)) - Hadoop Security Enabled: false Ozone Security Enabled: false Ozone HTTP Security Enabled: false 
2022-10-08 01:41:11,593 [Listener at 127.0.0.1/35929] INFO  server.AuthenticationFilter (AuthenticationFilter.java:constructSecretProvider(240)) - Unable to initialize FileSignerSecretProvider, falling back to use random secrets.
2022-10-08 01:41:11,593 [Listener at 127.0.0.1/35929] WARN  http.HttpRequestLog (HttpRequestLog.java:getRequestLog(103)) - Jetty request log can only be enabled using Log4j
2022-10-08 01:41:11,594 [Listener at 127.0.0.1/35929] INFO  http.HttpServer2 (HttpServer2.java:addGlobalFilter(1031)) - Added global filter 'safety' (class=org.apache.hadoop.hdds.server.http.HttpServer2$QuotingInputFilter)
2022-10-08 01:41:11,594 [Listener at 127.0.0.1/35929] INFO  http.HttpServer2 (HttpServer2.java:addFilter(1007)) - Added filter static_user_filter (class=org.apache.hadoop.http.lib.StaticUserWebFilter$StaticUserFilter) to context hddsDatanode
2022-10-08 01:41:11,594 [Listener at 127.0.0.1/35929] INFO  http.HttpServer2 (HttpServer2.java:addFilter(1015)) - Added filter static_user_filter (class=org.apache.hadoop.http.lib.StaticUserWebFilter$StaticUserFilter) to context logs
2022-10-08 01:41:11,594 [Listener at 127.0.0.1/35929] INFO  http.HttpServer2 (HttpServer2.java:addFilter(1015)) - Added filter static_user_filter (class=org.apache.hadoop.http.lib.StaticUserWebFilter$StaticUserFilter) to context static
2022-10-08 01:41:11,595 [Listener at 127.0.0.1/35929] INFO  http.HttpServer2 (HttpServer2.java:bindListener(1250)) - Jetty bound to port 46103
2022-10-08 01:41:11,595 [Listener at 127.0.0.1/35929] INFO  server.Server (Server.java:doStart(375)) - jetty-9.4.43.v20210629; built: 2021-06-30T11:07:22.254Z; git: 526006ecfa3af7f1a27ef3a288e2bef7ea9dd7e8; jvm 1.8.0_345-b01
2022-10-08 01:41:11,596 [Listener at 127.0.0.1/35929] INFO  server.session (DefaultSessionIdManager.java:doStart(334)) - DefaultSessionIdManager workerName=node0
2022-10-08 01:41:11,596 [Listener at 127.0.0.1/35929] INFO  server.session (DefaultSessionIdManager.java:doStart(339)) - No SessionScavenger set, using defaults
2022-10-08 01:41:11,596 [Listener at 127.0.0.1/35929] INFO  server.session (HouseKeeper.java:startScavenging(132)) - node0 Scavenging every 660000ms
2022-10-08 01:41:11,596 [Listener at 127.0.0.1/35929] INFO  handler.ContextHandler (ContextHandler.java:doStart(915)) - Started o.e.j.s.ServletContextHandler@1b900006{logs,/logs,file:///home/runner/work/ozone/ozone/hadoop-ozone/integration-test/target/log,AVAILABLE}
2022-10-08 01:41:11,597 [Listener at 127.0.0.1/35929] INFO  handler.ContextHandler (ContextHandler.java:doStart(915)) - Started o.e.j.s.ServletContextHandler@47d74c2b{static,/static,jar:file:/home/runner/.m2/repository/org/apache/ozone/hdds-container-service/1.3.0-SNAPSHOT/hdds-container-service-1.3.0-SNAPSHOT.jar!/webapps/static,AVAILABLE}
2022-10-08 01:41:12,025 [Listener at 127.0.0.1/35929] INFO  handler.ContextHandler (ContextHandler.java:doStart(915)) - Started o.e.j.w.WebAppContext@12d35910{hddsDatanode,/,file:///tmp/jetty-0_0_0_0-46103-hdds-container-service-1_3_0-SNAPSHOT_jar-_-any-6633356054063842145/webapp/,AVAILABLE}{jar:file:/home/runner/.m2/repository/org/apache/ozone/hdds-container-service/1.3.0-SNAPSHOT/hdds-container-service-1.3.0-SNAPSHOT.jar!/webapps/hddsDatanode}
2022-10-08 01:41:12,120 [Listener at 127.0.0.1/35929] INFO  server.AbstractConnector (AbstractConnector.java:doStart(331)) - Started ServerConnector@6fa2e766{HTTP/1.1, (http/1.1)}{0.0.0.0:46103}
2022-10-08 01:41:12,120 [Listener at 127.0.0.1/35929] INFO  server.Server (Server.java:doStart(415)) - Started @598392ms
2022-10-08 01:41:12,120 [Listener at 127.0.0.1/35929] WARN  impl.MetricsSystemImpl (MetricsSystemImpl.java:register(279)) - Sink prometheus already exists!
2022-10-08 01:41:12,121 [Listener at 127.0.0.1/35929] INFO  http.BaseHttpServer (BaseHttpServer.java:updateConnectorAddress(333)) - HTTP server of hddsDatanode listening at http://0.0.0.0:46103
2022-10-08 01:41:12,152 [Listener at 127.0.0.1/35929] WARN  impl.MetricRegistriesImpl (MetricRegistriesImpl.java:addReporterRegistration(111)) - New reporters are added after registries were created. Some metrics will be missing from the reporter. Please add reporter before adding any new registry.
2022-10-08 01:41:12,152 [Listener at 127.0.0.1/35929] WARN  impl.MetricRegistriesImpl (MetricRegistriesImpl.java:addReporterRegistration(111)) - New reporters are added after registries were created. Some metrics will be missing from the reporter. Please add reporter before adding any new registry.
2022-10-08 01:41:12,152 [Listener at 127.0.0.1/35929] INFO  impl.MetricsSystemImpl (MetricsSystemImpl.java:init(158)) - HddsDatanode metrics system started (again)
2022-10-08 01:41:12,192 [Datanode State Machine Daemon Thread] INFO  statemachine.DatanodeStateMachine (DatanodeStateMachine.java:lambda$startDaemon$0(492)) - Ozone container server started.
2022-10-08 01:41:12,272 [org.apache.hadoop.util.JvmPauseMonitor$Monitor@4fa364ff] INFO  util.JvmPauseMonitor (JvmPauseMonitor.java:run(188)) - Starting JVM pause monitor
2022-10-08 01:41:12,284 [Listener at 127.0.0.1/35929] INFO  ozone.HddsDatanodeService (HddsDatanodeService.java:start(236)) - HddsDatanodeService host:fv-az180-867.g3pwtgv4ffyuhaixmbmm0kyh3d.gx.internal.cloudapp.net ip:10.1.0.61
2022-10-08 01:41:12,350 [Datanode State Machine Task Thread - 0] INFO  datanode.InitDatanodeState (InitDatanodeState.java:persistContainerDatanodeDetails(138)) - DatanodeDetails is persisted to /home/runner/work/ozone/ozone/hadoop-ozone/integration-test/target/test-dir/MiniOzoneClusterImpl-bdb582a0-2e2b-403c-a8c7-17c71ed5f666/datanode-1/meta/datanode.id
2022-10-08 01:41:12,412 [ReplicationMonitor] INFO  replication.ReplicationManager (ReplicationManager.java:processAll(291)) - Replication Manager is not ready to run until 3000ms after safemode exit
2022-10-08 01:41:12,474 [Listener at 127.0.0.1/35929] INFO  upgrade.AbstractLayoutVersionManager (AbstractLayoutVersionManager.java:init(83)) - Initializing Layout version manager with metadata layout = DATANODE_SCHEMA_V3 (version = 4), software layout = DATANODE_SCHEMA_V3 (version = 4)
2022-10-08 01:41:12,549 [Listener at 127.0.0.1/35929] INFO  reflections.Reflections (Reflections.java:scan(232)) - Reflections took 74 ms to scan 7 urls, producing 135 keys and 327 values 
2022-10-08 01:41:12,551 [Listener at 127.0.0.1/35929] INFO  statemachine.DatanodeStateMachine (DatanodeStateMachine.java:getEndPointTaskThreadPoolSize(237)) - Datanode State Machine Task Thread Pool size 2
2022-10-08 01:41:12,552 [Listener at 127.0.0.1/35929] INFO  volume.HddsVolume (HddsVolume.java:<init>(117)) - Creating HddsVolume: /home/runner/work/ozone/ozone/hadoop-ozone/integration-test/target/test-dir/MiniOzoneClusterImpl-bdb582a0-2e2b-403c-a8c7-17c71ed5f666/datanode-2/data-0/containers/hdds of storage type : DISK capacity : 9223372036854775807
2022-10-08 01:41:12,553 [Listener at 127.0.0.1/35929] INFO  volume.MutableVolumeSet (MutableVolumeSet.java:initializeVolumeSet(174)) - Added Volume : /home/runner/work/ozone/ozone/hadoop-ozone/integration-test/target/test-dir/MiniOzoneClusterImpl-bdb582a0-2e2b-403c-a8c7-17c71ed5f666/datanode-2/data-0/containers/hdds to VolumeSet
2022-10-08 01:41:12,553 [Listener at 127.0.0.1/35929] INFO  volume.ThrottledAsyncChecker (ThrottledAsyncChecker.java:schedule(141)) - Scheduling a check for /home/runner/work/ozone/ozone/hadoop-ozone/integration-test/target/test-dir/MiniOzoneClusterImpl-bdb582a0-2e2b-403c-a8c7-17c71ed5f666/datanode-2/data-0/containers/hdds
2022-10-08 01:41:12,553 [Listener at 127.0.0.1/35929] INFO  volume.StorageVolumeChecker (StorageVolumeChecker.java:checkAllVolumes(202)) - Scheduled health check for volume /home/runner/work/ozone/ozone/hadoop-ozone/integration-test/target/test-dir/MiniOzoneClusterImpl-bdb582a0-2e2b-403c-a8c7-17c71ed5f666/datanode-2/data-0/containers/hdds
2022-10-08 01:41:12,565 [Listener at 127.0.0.1/35929] INFO  volume.MutableVolumeSet (MutableVolumeSet.java:initializeVolumeSet(174)) - Added Volume : /home/runner/work/ozone/ozone/hadoop-ozone/integration-test/target/test-dir/MiniOzoneClusterImpl-bdb582a0-2e2b-403c-a8c7-17c71ed5f666/datanode-2/data/ratis to VolumeSet
2022-10-08 01:41:12,565 [Listener at 127.0.0.1/35929] INFO  volume.ThrottledAsyncChecker (ThrottledAsyncChecker.java:schedule(141)) - Scheduling a check for /home/runner/work/ozone/ozone/hadoop-ozone/integration-test/target/test-dir/MiniOzoneClusterImpl-bdb582a0-2e2b-403c-a8c7-17c71ed5f666/datanode-2/data/ratis
2022-10-08 01:41:12,565 [Listener at 127.0.0.1/35929] INFO  volume.StorageVolumeChecker (StorageVolumeChecker.java:checkAllVolumes(202)) - Scheduled health check for volume /home/runner/work/ozone/ozone/hadoop-ozone/integration-test/target/test-dir/MiniOzoneClusterImpl-bdb582a0-2e2b-403c-a8c7-17c71ed5f666/datanode-2/data/ratis
2022-10-08 01:41:12,615 [Thread-3104] INFO  ozoneimpl.ContainerReader (ContainerReader.java:readVolume(175)) - Finish verifying containers on volume /home/runner/work/ozone/ozone/hadoop-ozone/integration-test/target/test-dir/MiniOzoneClusterImpl-bdb582a0-2e2b-403c-a8c7-17c71ed5f666/datanode-2/data-0/containers/hdds
2022-10-08 01:41:12,615 [Listener at 127.0.0.1/35929] INFO  ozoneimpl.OzoneContainer (OzoneContainer.java:buildContainerSet(300)) - Build ContainerSet costs 0s
2022-10-08 01:41:12,616 [Listener at 127.0.0.1/35929] INFO  server.RaftServer (ConfUtils.java:logGet(46)) - raft.rpc.type = GRPC (default)
2022-10-08 01:41:12,616 [Listener at 127.0.0.1/35929] INFO  grpc.GrpcFactory (GrpcFactory.java:checkPooledByteBufAllocatorUseCacheForAllThreads(48)) - PERFORMANCE WARNING: useCacheForAllThreads is true that may cause Netty to create a lot garbage objects and, as a result, trigger GC.
	It is recommended to disable useCacheForAllThreads by setting -Dorg.apache.ratis.thirdparty.io.netty.allocator.useCacheForAllThreads=false in command line.
2022-10-08 01:41:12,616 [Listener at 127.0.0.1/35929] INFO  grpc.GrpcConfigKeys (ConfUtils.java:logGet(46)) - raft.grpc.admin.port = 0 (custom)
2022-10-08 01:41:12,616 [Listener at 127.0.0.1/35929] INFO  grpc.GrpcConfigKeys (ConfUtils.java:logGet(46)) - raft.grpc.client.port = 0 (custom)
2022-10-08 01:41:12,616 [Listener at 127.0.0.1/35929] INFO  grpc.GrpcConfigKeys (ConfUtils.java:logGet(46)) - raft.grpc.server.port = 0 (default)
2022-10-08 01:41:12,617 [Listener at 127.0.0.1/35929] INFO  server.GrpcService (ConfUtils.java:logGet(46)) - raft.grpc.message.size.max = 32MB (=33554432) (custom)
2022-10-08 01:41:12,617 [Listener at 127.0.0.1/35929] INFO  server.RaftServerConfigKeys (ConfUtils.java:logGet(46)) - raft.server.log.appender.buffer.byte-limit = 33554432 (custom)
2022-10-08 01:41:12,617 [Listener at 127.0.0.1/35929] INFO  server.GrpcService (ConfUtils.java:logGet(46)) - raft.grpc.flow.control.window = 5MB (=5242880) (custom)
2022-10-08 01:41:12,617 [Listener at 127.0.0.1/35929] INFO  server.RaftServerConfigKeys (ConfUtils.java:logGet(46)) - raft.server.rpc.request.timeout = 60s (custom)
2022-10-08 01:41:12,617 [Listener at 127.0.0.1/35929] INFO  grpc.GrpcConfigKeys (ConfUtils.java:logGet(46)) - raft.grpc.server.async.request.thread.pool.cached = true (default)
2022-10-08 01:41:12,619 [Listener at 127.0.0.1/35929] INFO  grpc.GrpcConfigKeys (ConfUtils.java:logGet(46)) - raft.grpc.server.async.request.thread.pool.size = 32 (default)
2022-10-08 01:41:12,620 [Listener at 127.0.0.1/35929] INFO  impl.DataStreamServerImpl (ConfUtils.java:logGet(46)) - raft.datastream.type = DISABLED (default)
2022-10-08 01:41:12,620 [Listener at 127.0.0.1/35929] INFO  server.RaftServerConfigKeys (ConfUtils.java:logGet(46)) - raft.server.threadpool.proxy.cached = true (default)
2022-10-08 01:41:12,620 [Listener at 127.0.0.1/35929] INFO  server.RaftServerConfigKeys (ConfUtils.java:logGet(46)) - raft.server.threadpool.proxy.size = 0 (default)
2022-10-08 01:41:12,620 [Listener at 127.0.0.1/35929] INFO  server.RaftServerConfigKeys (ConfUtils.java:logGet(46)) - raft.server.rpc.slowness.timeout = 300s (custom)
2022-10-08 01:41:12,620 [Listener at 127.0.0.1/35929] INFO  server.RaftServerConfigKeys (ConfUtils.java:logGet(46)) - raft.server.leaderelection.leader.step-down.wait-time = 10s (default)
2022-10-08 01:41:12,620 [Listener at 127.0.0.1/35929] INFO  server.RaftServerConfigKeys (ConfUtils.java:logGet(46)) - raft.server.storage.dir = [/home/runner/work/ozone/ozone/hadoop-ozone/integration-test/target/test-dir/MiniOzoneClusterImpl-bdb582a0-2e2b-403c-a8c7-17c71ed5f666/datanode-2/data/ratis] (custom)
2022-10-08 01:41:12,688 [Listener at 127.0.0.1/35929] INFO  server.XceiverServerGrpc (XceiverServerGrpc.java:<init>(132)) - GrpcServer channel type EpollServerSocketChannel
2022-10-08 01:41:12,836 [Listener at 127.0.0.1/35929] INFO  http.BaseHttpServer (BaseHttpServer.java:newHttpServer2BuilderForOzone(213)) - Starting Web-server for hddsDatanode at: http://0.0.0.0:0
2022-10-08 01:41:12,836 [Listener at 127.0.0.1/35929] INFO  http.BaseHttpServer (BaseHttpServer.java:<init>(108)) - Hadoop Security Enabled: false Ozone Security Enabled: false Ozone HTTP Security Enabled: false 
2022-10-08 01:41:12,837 [Listener at 127.0.0.1/35929] INFO  server.AuthenticationFilter (AuthenticationFilter.java:constructSecretProvider(240)) - Unable to initialize FileSignerSecretProvider, falling back to use random secrets.
2022-10-08 01:41:13,116 [Listener at 127.0.0.1/35929] WARN  http.HttpRequestLog (HttpRequestLog.java:getRequestLog(103)) - Jetty request log can only be enabled using Log4j
2022-10-08 01:41:13,118 [Listener at 127.0.0.1/35929] INFO  http.HttpServer2 (HttpServer2.java:addGlobalFilter(1031)) - Added global filter 'safety' (class=org.apache.hadoop.hdds.server.http.HttpServer2$QuotingInputFilter)
2022-10-08 01:41:13,118 [Listener at 127.0.0.1/35929] INFO  http.HttpServer2 (HttpServer2.java:addFilter(1007)) - Added filter static_user_filter (class=org.apache.hadoop.http.lib.StaticUserWebFilter$StaticUserFilter) to context hddsDatanode
2022-10-08 01:41:13,118 [Listener at 127.0.0.1/35929] INFO  http.HttpServer2 (HttpServer2.java:addFilter(1015)) - Added filter static_user_filter (class=org.apache.hadoop.http.lib.StaticUserWebFilter$StaticUserFilter) to context static
2022-10-08 01:41:13,118 [Listener at 127.0.0.1/35929] INFO  http.HttpServer2 (HttpServer2.java:addFilter(1015)) - Added filter static_user_filter (class=org.apache.hadoop.http.lib.StaticUserWebFilter$StaticUserFilter) to context logs
2022-10-08 01:41:13,118 [Listener at 127.0.0.1/35929] INFO  http.HttpServer2 (HttpServer2.java:bindListener(1250)) - Jetty bound to port 40451
2022-10-08 01:41:13,118 [Listener at 127.0.0.1/35929] INFO  server.Server (Server.java:doStart(375)) - jetty-9.4.43.v20210629; built: 2021-06-30T11:07:22.254Z; git: 526006ecfa3af7f1a27ef3a288e2bef7ea9dd7e8; jvm 1.8.0_345-b01
2022-10-08 01:41:13,281 [Listener at 127.0.0.1/35929] INFO  server.session (DefaultSessionIdManager.java:doStart(334)) - DefaultSessionIdManager workerName=node0
2022-10-08 01:41:13,281 [Listener at 127.0.0.1/35929] INFO  server.session (DefaultSessionIdManager.java:doStart(339)) - No SessionScavenger set, using defaults
2022-10-08 01:41:13,281 [Listener at 127.0.0.1/35929] INFO  server.session (HouseKeeper.java:startScavenging(132)) - node0 Scavenging every 600000ms
2022-10-08 01:41:13,282 [Listener at 127.0.0.1/35929] INFO  handler.ContextHandler (ContextHandler.java:doStart(915)) - Started o.e.j.s.ServletContextHandler@2b66ccad{logs,/logs,file:///home/runner/work/ozone/ozone/hadoop-ozone/integration-test/target/log,AVAILABLE}
2022-10-08 01:41:13,282 [Listener at 127.0.0.1/35929] INFO  handler.ContextHandler (ContextHandler.java:doStart(915)) - Started o.e.j.s.ServletContextHandler@6da0b9d3{static,/static,jar:file:/home/runner/.m2/repository/org/apache/ozone/hdds-container-service/1.3.0-SNAPSHOT/hdds-container-service-1.3.0-SNAPSHOT.jar!/webapps/static,AVAILABLE}
2022-10-08 01:41:13,412 [ReplicationMonitor] INFO  replication.ReplicationManager (ReplicationManager.java:processAll(291)) - Replication Manager is not ready to run until 3000ms after safemode exit
2022-10-08 01:41:13,675 [EndpointStateMachine task thread for /0.0.0.0:41995 - 0 ] INFO  volume.HddsVolume (HddsVolume.java:createDbStore(307)) - SchemaV3 db is created and loaded at /home/runner/work/ozone/ozone/hadoop-ozone/integration-test/target/test-dir/MiniOzoneClusterImpl-bdb582a0-2e2b-403c-a8c7-17c71ed5f666/datanode-0/data-0/containers/hdds/bdb582a0-2e2b-403c-a8c7-17c71ed5f666/DS-3389c8d1-1094-41e5-b246-e7508c1cdddf/container.db for volume DS-3389c8d1-1094-41e5-b246-e7508c1cdddf
2022-10-08 01:41:13,676 [EndpointStateMachine task thread for /0.0.0.0:41995 - 0 ] INFO  volume.HddsVolume (HddsVolume.java:closeDbStore(338)) - SchemaV3 db is stopped at /home/runner/work/ozone/ozone/hadoop-ozone/integration-test/target/test-dir/MiniOzoneClusterImpl-bdb582a0-2e2b-403c-a8c7-17c71ed5f666/datanode-0/data-0/containers/hdds/bdb582a0-2e2b-403c-a8c7-17c71ed5f666/DS-3389c8d1-1094-41e5-b246-e7508c1cdddf/container.db for volume DS-3389c8d1-1094-41e5-b246-e7508c1cdddf
2022-10-08 01:41:13,676 [EndpointStateMachine task thread for /0.0.0.0:41995 - 0 ] INFO  ozoneimpl.OzoneContainer (OzoneContainer.java:start(378)) - Attempting to start container services.
2022-10-08 01:41:13,676 [EndpointStateMachine task thread for /0.0.0.0:41995 - 0 ] INFO  ozoneimpl.OzoneContainer (OzoneContainer.java:startContainerScrub(313)) - Background container scanner has been disabled.
2022-10-08 01:41:13,708 [EndpointStateMachine task thread for /0.0.0.0:41995 - 0 ] INFO  replication.ReplicationServer (ReplicationServer.java:start(111)) - ReplicationServer is started using port 44649
2022-10-08 01:41:13,731 [EndpointStateMachine task thread for /0.0.0.0:41995 - 0 ] INFO  ratis.XceiverServerRatis (XceiverServerRatis.java:start(481)) - Starting XceiverServerRatis 6d9ca658-4f65-4bc8-8244-8fb27ff2ac77
2022-10-08 01:41:13,744 [EndpointStateMachine task thread for /0.0.0.0:41995 - 0 ] INFO  server.RaftServer (RaftServerProxy.java:lambda$start$6(382)) - 6d9ca658-4f65-4bc8-8244-8fb27ff2ac77: start RPC server
2022-10-08 01:41:13,762 [EndpointStateMachine task thread for /0.0.0.0:41995 - 0 ] INFO  server.GrpcService (GrpcService.java:startImpl(260)) - 6d9ca658-4f65-4bc8-8244-8fb27ff2ac77: GrpcService started, listening on 45133
2022-10-08 01:41:13,762 [EndpointStateMachine task thread for /0.0.0.0:41995 - 0 ] INFO  ratis.XceiverServerRatis (XceiverServerRatis.java:getRealPort(502)) - XceiverServerRatis 6d9ca658-4f65-4bc8-8244-8fb27ff2ac77 is started using port 45133 for RATIS
2022-10-08 01:41:13,762 [EndpointStateMachine task thread for /0.0.0.0:41995 - 0 ] INFO  ratis.XceiverServerRatis (XceiverServerRatis.java:getRealPort(502)) - XceiverServerRatis 6d9ca658-4f65-4bc8-8244-8fb27ff2ac77 is started using port 45133 for RATIS_ADMIN
2022-10-08 01:41:13,762 [EndpointStateMachine task thread for /0.0.0.0:41995 - 0 ] INFO  ratis.XceiverServerRatis (XceiverServerRatis.java:getRealPort(502)) - XceiverServerRatis 6d9ca658-4f65-4bc8-8244-8fb27ff2ac77 is started using port 45133 for RATIS_SERVER
2022-10-08 01:41:13,764 [org.apache.ratis.util.JvmPauseMonitor$$Lambda$636/846962177@376c3eb2] INFO  util.JvmPauseMonitor (JvmPauseMonitor.java:run(103)) - JvmPauseMonitor-6d9ca658-4f65-4bc8-8244-8fb27ff2ac77: Started
2022-10-08 01:41:13,856 [EndpointStateMachine task thread for /0.0.0.0:41995 - 0 ] INFO  server.XceiverServerGrpc (XceiverServerGrpc.java:start(180)) - XceiverServerGrpc 6d9ca658-4f65-4bc8-8244-8fb27ff2ac77 is started using port 40939
2022-10-08 01:41:14,416 [ReplicationMonitor] INFO  replication.ReplicationManager (ReplicationManager.java:processAll(291)) - Replication Manager is not ready to run until 3000ms after safemode exit
2022-10-08 01:41:14,704 [EndpointStateMachine task thread for /0.0.0.0:41995 - 0 ] INFO  volume.HddsVolume (HddsVolume.java:createDbStore(307)) - SchemaV3 db is created and loaded at /home/runner/work/ozone/ozone/hadoop-ozone/integration-test/target/test-dir/MiniOzoneClusterImpl-bdb582a0-2e2b-403c-a8c7-17c71ed5f666/datanode-1/data-0/containers/hdds/bdb582a0-2e2b-403c-a8c7-17c71ed5f666/DS-387892fe-771e-4a56-b845-9e491147b6e3/container.db for volume DS-387892fe-771e-4a56-b845-9e491147b6e3
2022-10-08 01:41:14,705 [EndpointStateMachine task thread for /0.0.0.0:41995 - 0 ] INFO  volume.HddsVolume (HddsVolume.java:closeDbStore(338)) - SchemaV3 db is stopped at /home/runner/work/ozone/ozone/hadoop-ozone/integration-test/target/test-dir/MiniOzoneClusterImpl-bdb582a0-2e2b-403c-a8c7-17c71ed5f666/datanode-1/data-0/containers/hdds/bdb582a0-2e2b-403c-a8c7-17c71ed5f666/DS-387892fe-771e-4a56-b845-9e491147b6e3/container.db for volume DS-387892fe-771e-4a56-b845-9e491147b6e3
2022-10-08 01:41:14,705 [EndpointStateMachine task thread for /0.0.0.0:41995 - 0 ] INFO  ozoneimpl.OzoneContainer (OzoneContainer.java:start(378)) - Attempting to start container services.
2022-10-08 01:41:14,705 [EndpointStateMachine task thread for /0.0.0.0:41995 - 0 ] INFO  ozoneimpl.OzoneContainer (OzoneContainer.java:startContainerScrub(313)) - Background container scanner has been disabled.
2022-10-08 01:41:14,743 [Listener at 127.0.0.1/35929] INFO  handler.ContextHandler (ContextHandler.java:doStart(915)) - Started o.e.j.w.WebAppContext@5cfaea4c{hddsDatanode,/,file:///tmp/jetty-0_0_0_0-40451-hdds-container-service-1_3_0-SNAPSHOT_jar-_-any-4127393683770974215/webapp/,AVAILABLE}{jar:file:/home/runner/.m2/repository/org/apache/ozone/hdds-container-service/1.3.0-SNAPSHOT/hdds-container-service-1.3.0-SNAPSHOT.jar!/webapps/hddsDatanode}
2022-10-08 01:41:14,892 [EndpointStateMachine task thread for /0.0.0.0:41995 - 0 ] INFO  replication.ReplicationServer (ReplicationServer.java:start(111)) - ReplicationServer is started using port 43355
2022-10-08 01:41:14,892 [Listener at 127.0.0.1/35929] INFO  server.AbstractConnector (AbstractConnector.java:doStart(331)) - Started ServerConnector@5ed01d18{HTTP/1.1, (http/1.1)}{0.0.0.0:40451}
2022-10-08 01:41:14,944 [IPC Server handler 0 on default port 41995] INFO  net.NetworkTopologyImpl (NetworkTopologyImpl.java:add(112)) - Added a new node: /default-rack/6d9ca658-4f65-4bc8-8244-8fb27ff2ac77
2022-10-08 01:41:14,947 [IPC Server handler 0 on default port 41995] INFO  node.SCMNodeManager (SCMNodeManager.java:register(397)) - Registered Data node : 6d9ca658-4f65-4bc8-8244-8fb27ff2ac77{ip: 10.1.0.61, host: fv-az180-867.g3pwtgv4ffyuhaixmbmm0kyh3d.gx.internal.cloudapp.net, ports: [REPLICATION=44649, RATIS=45133, RATIS_ADMIN=45133, RATIS_SERVER=45133, STANDALONE=40939], networkLocation: /default-rack, certSerialId: null, persistedOpState: null, persistedOpStateExpiryEpochSec: 0}
2022-10-08 01:41:14,944 [EndpointStateMachine task thread for /0.0.0.0:41995 - 0 ] INFO  ratis.XceiverServerRatis (XceiverServerRatis.java:start(481)) - Starting XceiverServerRatis 10b21bb1-cee7-485e-9b19-b5d1fddc83da
2022-10-08 01:41:15,021 [EventQueue-NewNodeForNewNodeHandler] INFO  pipeline.BackgroundPipelineCreator (BackgroundPipelineCreator.java:notifyEventTriggered(276)) - trigger a one-shot run on RatisPipelineUtilsThread.
2022-10-08 01:41:14,980 [EventQueue-NodeRegistrationContainerReportForContainerSafeModeRule] INFO  safemode.SCMSafeModeManager (SCMSafeModeManager.java:validateSafeModeExitRules(204)) - ContainerSafeModeRule rule is successfully validated
2022-10-08 01:41:15,108 [EventQueue-PipelineReportForOneReplicaPipelineSafeModeRule] INFO  safemode.SCMSafeModeManager (SCMSafeModeManager.java:validateSafeModeExitRules(204)) - AtleastOneDatanodeReportedRule rule is successfully validated
2022-10-08 01:41:15,108 [RatisPipelineUtilsThread - 0] INFO  pipeline.RatisPipelineProvider (RatisPipelineProvider.java:lambda$create$0(195)) - Sending CreatePipelineCommand for pipeline:PipelineID=5224abed-6a27-4632-837b-1f99ab17ca95 to datanode:6d9ca658-4f65-4bc8-8244-8fb27ff2ac77
2022-10-08 01:41:14,980 [EventQueue-NodeRegistrationContainerReportForDataNodeSafeModeRule] INFO  safemode.SCMSafeModeManager (DataNodeSafeModeRule.java:process(71)) - SCM in safe mode. 1 DataNodes registered, 3 required.
2022-10-08 01:41:14,946 [Listener at 127.0.0.1/35929] INFO  server.Server (Server.java:doStart(415)) - Started @601218ms
2022-10-08 01:41:15,108 [Listener at 127.0.0.1/35929] WARN  impl.MetricsSystemImpl (MetricsSystemImpl.java:register(279)) - Sink prometheus already exists!
2022-10-08 01:41:15,109 [Listener at 127.0.0.1/35929] INFO  http.BaseHttpServer (BaseHttpServer.java:updateConnectorAddress(333)) - HTTP server of hddsDatanode listening at http://0.0.0.0:40451
2022-10-08 01:41:15,109 [EndpointStateMachine task thread for /0.0.0.0:41995 - 0 ] INFO  server.RaftServer (RaftServerProxy.java:lambda$start$6(382)) - 10b21bb1-cee7-485e-9b19-b5d1fddc83da: start RPC server
2022-10-08 01:41:15,204 [RatisPipelineUtilsThread - 0] INFO  pipeline.PipelineStateManagerImpl (PipelineStateManagerImpl.java:addPipeline(103)) - Created pipeline Pipeline[ Id: 5224abed-6a27-4632-837b-1f99ab17ca95, Nodes: 6d9ca658-4f65-4bc8-8244-8fb27ff2ac77{ip: 10.1.0.61, host: fv-az180-867.g3pwtgv4ffyuhaixmbmm0kyh3d.gx.internal.cloudapp.net, ports: [REPLICATION=44649, RATIS=45133, RATIS_ADMIN=45133, RATIS_SERVER=45133, STANDALONE=40939], networkLocation: /default-rack, certSerialId: null, persistedOpState: IN_SERVICE, persistedOpStateExpiryEpochSec: 0}, ReplicationConfig: RATIS/ONE, State:ALLOCATED, leaderId:, CreationTimestamp2022-10-08T01:41:15.108Z[Etc/UTC]].
2022-10-08 01:41:15,212 [Listener at 127.0.0.1/35929] WARN  impl.MetricRegistriesImpl (MetricRegistriesImpl.java:addReporterRegistration(111)) - New reporters are added after registries were created. Some metrics will be missing from the reporter. Please add reporter before adding any new registry.
2022-10-08 01:41:15,213 [Listener at 127.0.0.1/35929] WARN  impl.MetricRegistriesImpl (MetricRegistriesImpl.java:addReporterRegistration(111)) - New reporters are added after registries were created. Some metrics will be missing from the reporter. Please add reporter before adding any new registry.
2022-10-08 01:41:15,213 [Listener at 127.0.0.1/35929] INFO  impl.MetricsSystemImpl (MetricsSystemImpl.java:init(158)) - HddsDatanode metrics system started (again)
2022-10-08 01:41:15,273 [Datanode State Machine Daemon Thread] INFO  statemachine.DatanodeStateMachine (DatanodeStateMachine.java:lambda$startDaemon$0(492)) - Ozone container server started.
2022-10-08 01:41:15,304 [EndpointStateMachine task thread for /0.0.0.0:41995 - 0 ] INFO  server.GrpcService (GrpcService.java:startImpl(260)) - 10b21bb1-cee7-485e-9b19-b5d1fddc83da: GrpcService started, listening on 39523
2022-10-08 01:41:15,308 [EndpointStateMachine task thread for /0.0.0.0:41995 - 0 ] INFO  ratis.XceiverServerRatis (XceiverServerRatis.java:getRealPort(502)) - XceiverServerRatis 10b21bb1-cee7-485e-9b19-b5d1fddc83da is started using port 39523 for RATIS
2022-10-08 01:41:15,308 [EndpointStateMachine task thread for /0.0.0.0:41995 - 0 ] INFO  ratis.XceiverServerRatis (XceiverServerRatis.java:getRealPort(502)) - XceiverServerRatis 10b21bb1-cee7-485e-9b19-b5d1fddc83da is started using port 39523 for RATIS_ADMIN
2022-10-08 01:41:15,308 [EndpointStateMachine task thread for /0.0.0.0:41995 - 0 ] INFO  ratis.XceiverServerRatis (XceiverServerRatis.java:getRealPort(502)) - XceiverServerRatis 10b21bb1-cee7-485e-9b19-b5d1fddc83da is started using port 39523 for RATIS_SERVER
2022-10-08 01:41:15,308 [org.apache.ratis.util.JvmPauseMonitor$$Lambda$636/846962177@1a726f79] INFO  util.JvmPauseMonitor (JvmPauseMonitor.java:run(103)) - JvmPauseMonitor-10b21bb1-cee7-485e-9b19-b5d1fddc83da: Started
2022-10-08 01:41:15,332 [Listener at 127.0.0.1/35929] INFO  ozone.HddsDatanodeService (HddsDatanodeService.java:start(236)) - HddsDatanodeService host:fv-az180-867.g3pwtgv4ffyuhaixmbmm0kyh3d.gx.internal.cloudapp.net ip:10.1.0.61
2022-10-08 01:41:15,416 [ReplicationMonitor] INFO  replication.ReplicationManager (ReplicationManager.java:processAll(291)) - Replication Manager is not ready to run until 3000ms after safemode exit
2022-10-08 01:41:15,470 [org.apache.hadoop.util.JvmPauseMonitor$Monitor@3fb7250] INFO  util.JvmPauseMonitor (JvmPauseMonitor.java:run(188)) - Starting JVM pause monitor
2022-10-08 01:41:15,499 [EndpointStateMachine task thread for /0.0.0.0:41995 - 0 ] INFO  server.XceiverServerGrpc (XceiverServerGrpc.java:start(180)) - XceiverServerGrpc 10b21bb1-cee7-485e-9b19-b5d1fddc83da is started using port 33169
2022-10-08 01:41:15,544 [Listener at 127.0.0.1/35929] INFO  upgrade.AbstractLayoutVersionManager (AbstractLayoutVersionManager.java:init(83)) - Initializing Layout version manager with metadata layout = DATANODE_SCHEMA_V3 (version = 4), software layout = DATANODE_SCHEMA_V3 (version = 4)
2022-10-08 01:41:15,548 [Datanode State Machine Task Thread - 0] INFO  datanode.InitDatanodeState (InitDatanodeState.java:persistContainerDatanodeDetails(138)) - DatanodeDetails is persisted to /home/runner/work/ozone/ozone/hadoop-ozone/integration-test/target/test-dir/MiniOzoneClusterImpl-bdb582a0-2e2b-403c-a8c7-17c71ed5f666/datanode-2/meta/datanode.id
2022-10-08 01:41:15,644 [Listener at 127.0.0.1/35929] INFO  reflections.Reflections (Reflections.java:scan(232)) - Reflections took 99 ms to scan 7 urls, producing 135 keys and 327 values 
2022-10-08 01:41:15,655 [Listener at 127.0.0.1/35929] INFO  statemachine.DatanodeStateMachine (DatanodeStateMachine.java:getEndPointTaskThreadPoolSize(237)) - Datanode State Machine Task Thread Pool size 2
2022-10-08 01:41:15,690 [Listener at 127.0.0.1/35929] INFO  volume.HddsVolume (HddsVolume.java:<init>(117)) - Creating HddsVolume: /home/runner/work/ozone/ozone/hadoop-ozone/integration-test/target/test-dir/MiniOzoneClusterImpl-bdb582a0-2e2b-403c-a8c7-17c71ed5f666/datanode-3/data-0/containers/hdds of storage type : DISK capacity : 9223372036854775807
2022-10-08 01:41:15,691 [Listener at 127.0.0.1/35929] INFO  volume.MutableVolumeSet (MutableVolumeSet.java:initializeVolumeSet(174)) - Added Volume : /home/runner/work/ozone/ozone/hadoop-ozone/integration-test/target/test-dir/MiniOzoneClusterImpl-bdb582a0-2e2b-403c-a8c7-17c71ed5f666/datanode-3/data-0/containers/hdds to VolumeSet
2022-10-08 01:41:15,691 [Listener at 127.0.0.1/35929] INFO  volume.ThrottledAsyncChecker (ThrottledAsyncChecker.java:schedule(141)) - Scheduling a check for /home/runner/work/ozone/ozone/hadoop-ozone/integration-test/target/test-dir/MiniOzoneClusterImpl-bdb582a0-2e2b-403c-a8c7-17c71ed5f666/datanode-3/data-0/containers/hdds
2022-10-08 01:41:15,724 [Listener at 127.0.0.1/35929] INFO  volume.StorageVolumeChecker (StorageVolumeChecker.java:checkAllVolumes(202)) - Scheduled health check for volume /home/runner/work/ozone/ozone/hadoop-ozone/integration-test/target/test-dir/MiniOzoneClusterImpl-bdb582a0-2e2b-403c-a8c7-17c71ed5f666/datanode-3/data-0/containers/hdds
2022-10-08 01:41:15,735 [Listener at 127.0.0.1/35929] INFO  volume.MutableVolumeSet (MutableVolumeSet.java:initializeVolumeSet(174)) - Added Volume : /home/runner/work/ozone/ozone/hadoop-ozone/integration-test/target/test-dir/MiniOzoneClusterImpl-bdb582a0-2e2b-403c-a8c7-17c71ed5f666/datanode-3/data/ratis to VolumeSet
2022-10-08 01:41:15,736 [Listener at 127.0.0.1/35929] INFO  volume.ThrottledAsyncChecker (ThrottledAsyncChecker.java:schedule(141)) - Scheduling a check for /home/runner/work/ozone/ozone/hadoop-ozone/integration-test/target/test-dir/MiniOzoneClusterImpl-bdb582a0-2e2b-403c-a8c7-17c71ed5f666/datanode-3/data/ratis
2022-10-08 01:41:15,764 [Listener at 127.0.0.1/35929] INFO  volume.StorageVolumeChecker (StorageVolumeChecker.java:checkAllVolumes(202)) - Scheduled health check for volume /home/runner/work/ozone/ozone/hadoop-ozone/integration-test/target/test-dir/MiniOzoneClusterImpl-bdb582a0-2e2b-403c-a8c7-17c71ed5f666/datanode-3/data/ratis
2022-10-08 01:41:15,897 [Thread-3134] INFO  ozoneimpl.ContainerReader (ContainerReader.java:readVolume(175)) - Finish verifying containers on volume /home/runner/work/ozone/ozone/hadoop-ozone/integration-test/target/test-dir/MiniOzoneClusterImpl-bdb582a0-2e2b-403c-a8c7-17c71ed5f666/datanode-3/data-0/containers/hdds
2022-10-08 01:41:15,897 [Listener at 127.0.0.1/35929] INFO  ozoneimpl.OzoneContainer (OzoneContainer.java:buildContainerSet(300)) - Build ContainerSet costs 0s
2022-10-08 01:41:15,898 [Listener at 127.0.0.1/35929] INFO  server.RaftServer (ConfUtils.java:logGet(46)) - raft.rpc.type = GRPC (default)
2022-10-08 01:41:15,898 [Listener at 127.0.0.1/35929] INFO  grpc.GrpcFactory (GrpcFactory.java:checkPooledByteBufAllocatorUseCacheForAllThreads(48)) - PERFORMANCE WARNING: useCacheForAllThreads is true that may cause Netty to create a lot garbage objects and, as a result, trigger GC.
	It is recommended to disable useCacheForAllThreads by setting -Dorg.apache.ratis.thirdparty.io.netty.allocator.useCacheForAllThreads=false in command line.
2022-10-08 01:41:15,899 [Listener at 127.0.0.1/35929] INFO  grpc.GrpcConfigKeys (ConfUtils.java:logGet(46)) - raft.grpc.admin.port = 0 (custom)
2022-10-08 01:41:15,899 [Listener at 127.0.0.1/35929] INFO  grpc.GrpcConfigKeys (ConfUtils.java:logGet(46)) - raft.grpc.client.port = 0 (custom)
2022-10-08 01:41:15,899 [Listener at 127.0.0.1/35929] INFO  grpc.GrpcConfigKeys (ConfUtils.java:logGet(46)) - raft.grpc.server.port = 0 (default)
2022-10-08 01:41:15,899 [Listener at 127.0.0.1/35929] INFO  server.GrpcService (ConfUtils.java:logGet(46)) - raft.grpc.message.size.max = 32MB (=33554432) (custom)
2022-10-08 01:41:15,899 [Listener at 127.0.0.1/35929] INFO  server.RaftServerConfigKeys (ConfUtils.java:logGet(46)) - raft.server.log.appender.buffer.byte-limit = 33554432 (custom)
2022-10-08 01:41:15,899 [Listener at 127.0.0.1/35929] INFO  server.GrpcService (ConfUtils.java:logGet(46)) - raft.grpc.flow.control.window = 5MB (=5242880) (custom)
2022-10-08 01:41:15,899 [Listener at 127.0.0.1/35929] INFO  server.RaftServerConfigKeys (ConfUtils.java:logGet(46)) - raft.server.rpc.request.timeout = 60s (custom)
2022-10-08 01:41:15,899 [Listener at 127.0.0.1/35929] INFO  grpc.GrpcConfigKeys (ConfUtils.java:logGet(46)) - raft.grpc.server.async.request.thread.pool.cached = true (default)
2022-10-08 01:41:15,899 [Listener at 127.0.0.1/35929] INFO  grpc.GrpcConfigKeys (ConfUtils.java:logGet(46)) - raft.grpc.server.async.request.thread.pool.size = 32 (default)
2022-10-08 01:41:15,952 [Listener at 127.0.0.1/35929] INFO  impl.DataStreamServerImpl (ConfUtils.java:logGet(46)) - raft.datastream.type = DISABLED (default)
2022-10-08 01:41:15,952 [Listener at 127.0.0.1/35929] INFO  server.RaftServerConfigKeys (ConfUtils.java:logGet(46)) - raft.server.threadpool.proxy.cached = true (default)
2022-10-08 01:41:15,952 [Listener at 127.0.0.1/35929] INFO  server.RaftServerConfigKeys (ConfUtils.java:logGet(46)) - raft.server.threadpool.proxy.size = 0 (default)
2022-10-08 01:41:15,952 [Listener at 127.0.0.1/35929] INFO  server.RaftServerConfigKeys (ConfUtils.java:logGet(46)) - raft.server.rpc.slowness.timeout = 300s (custom)
2022-10-08 01:41:15,953 [Listener at 127.0.0.1/35929] INFO  server.RaftServerConfigKeys (ConfUtils.java:logGet(46)) - raft.server.leaderelection.leader.step-down.wait-time = 10s (default)
2022-10-08 01:41:15,953 [Listener at 127.0.0.1/35929] INFO  server.RaftServerConfigKeys (ConfUtils.java:logGet(46)) - raft.server.storage.dir = [/home/runner/work/ozone/ozone/hadoop-ozone/integration-test/target/test-dir/MiniOzoneClusterImpl-bdb582a0-2e2b-403c-a8c7-17c71ed5f666/datanode-3/data/ratis] (custom)
2022-10-08 01:41:15,985 [Listener at 127.0.0.1/35929] INFO  server.XceiverServerGrpc (XceiverServerGrpc.java:<init>(132)) - GrpcServer channel type EpollServerSocketChannel
2022-10-08 01:41:16,077 [Listener at 127.0.0.1/35929] INFO  http.BaseHttpServer (BaseHttpServer.java:newHttpServer2BuilderForOzone(213)) - Starting Web-server for hddsDatanode at: http://0.0.0.0:0
2022-10-08 01:41:16,077 [Listener at 127.0.0.1/35929] INFO  http.BaseHttpServer (BaseHttpServer.java:<init>(108)) - Hadoop Security Enabled: false Ozone Security Enabled: false Ozone HTTP Security Enabled: false 
2022-10-08 01:41:16,079 [Listener at 127.0.0.1/35929] INFO  server.AuthenticationFilter (AuthenticationFilter.java:constructSecretProvider(240)) - Unable to initialize FileSignerSecretProvider, falling back to use random secrets.
2022-10-08 01:41:16,080 [Listener at 127.0.0.1/35929] WARN  http.HttpRequestLog (HttpRequestLog.java:getRequestLog(103)) - Jetty request log can only be enabled using Log4j
2022-10-08 01:41:16,156 [Listener at 127.0.0.1/35929] INFO  http.HttpServer2 (HttpServer2.java:addGlobalFilter(1031)) - Added global filter 'safety' (class=org.apache.hadoop.hdds.server.http.HttpServer2$QuotingInputFilter)
2022-10-08 01:41:16,157 [Listener at 127.0.0.1/35929] INFO  http.HttpServer2 (HttpServer2.java:addFilter(1007)) - Added filter static_user_filter (class=org.apache.hadoop.http.lib.StaticUserWebFilter$StaticUserFilter) to context hddsDatanode
2022-10-08 01:41:16,157 [Listener at 127.0.0.1/35929] INFO  http.HttpServer2 (HttpServer2.java:addFilter(1015)) - Added filter static_user_filter (class=org.apache.hadoop.http.lib.StaticUserWebFilter$StaticUserFilter) to context logs
2022-10-08 01:41:16,157 [Listener at 127.0.0.1/35929] INFO  http.HttpServer2 (HttpServer2.java:addFilter(1015)) - Added filter static_user_filter (class=org.apache.hadoop.http.lib.StaticUserWebFilter$StaticUserFilter) to context static
2022-10-08 01:41:16,157 [Listener at 127.0.0.1/35929] INFO  http.HttpServer2 (HttpServer2.java:bindListener(1250)) - Jetty bound to port 33619
2022-10-08 01:41:16,157 [Listener at 127.0.0.1/35929] INFO  server.Server (Server.java:doStart(375)) - jetty-9.4.43.v20210629; built: 2021-06-30T11:07:22.254Z; git: 526006ecfa3af7f1a27ef3a288e2bef7ea9dd7e8; jvm 1.8.0_345-b01
2022-10-08 01:41:16,165 [Listener at 127.0.0.1/35929] INFO  server.session (DefaultSessionIdManager.java:doStart(334)) - DefaultSessionIdManager workerName=node0
2022-10-08 01:41:16,165 [Listener at 127.0.0.1/35929] INFO  server.session (DefaultSessionIdManager.java:doStart(339)) - No SessionScavenger set, using defaults
2022-10-08 01:41:16,167 [Listener at 127.0.0.1/35929] INFO  server.session (HouseKeeper.java:startScavenging(132)) - node0 Scavenging every 600000ms
2022-10-08 01:41:16,168 [Listener at 127.0.0.1/35929] INFO  handler.ContextHandler (ContextHandler.java:doStart(915)) - Started o.e.j.s.ServletContextHandler@8057a75{logs,/logs,file:///home/runner/work/ozone/ozone/hadoop-ozone/integration-test/target/log,AVAILABLE}
2022-10-08 01:41:16,168 [Listener at 127.0.0.1/35929] INFO  handler.ContextHandler (ContextHandler.java:doStart(915)) - Started o.e.j.s.ServletContextHandler@1defc66e{static,/static,jar:file:/home/runner/.m2/repository/org/apache/ozone/hdds-container-service/1.3.0-SNAPSHOT/hdds-container-service-1.3.0-SNAPSHOT.jar!/webapps/static,AVAILABLE}
2022-10-08 01:41:16,273 [IPC Server handler 2 on default port 41995] INFO  net.NetworkTopologyImpl (NetworkTopologyImpl.java:add(112)) - Added a new node: /default-rack/10b21bb1-cee7-485e-9b19-b5d1fddc83da
2022-10-08 01:41:16,273 [IPC Server handler 2 on default port 41995] INFO  node.SCMNodeManager (SCMNodeManager.java:register(397)) - Registered Data node : 10b21bb1-cee7-485e-9b19-b5d1fddc83da{ip: 10.1.0.61, host: fv-az180-867.g3pwtgv4ffyuhaixmbmm0kyh3d.gx.internal.cloudapp.net, ports: [REPLICATION=43355, RATIS=39523, RATIS_ADMIN=39523, RATIS_SERVER=39523, STANDALONE=33169], networkLocation: /default-rack, certSerialId: null, persistedOpState: null, persistedOpStateExpiryEpochSec: 0}
2022-10-08 01:41:16,273 [EventQueue-NewNodeForNewNodeHandler] INFO  pipeline.BackgroundPipelineCreator (BackgroundPipelineCreator.java:notifyEventTriggered(276)) - trigger a one-shot run on RatisPipelineUtilsThread.
2022-10-08 01:41:16,292 [EventQueue-NodeRegistrationContainerReportForDataNodeSafeModeRule] INFO  safemode.SCMSafeModeManager (DataNodeSafeModeRule.java:process(71)) - SCM in safe mode. 2 DataNodes registered, 3 required.
2022-10-08 01:41:16,368 [RatisPipelineUtilsThread - 0] INFO  pipeline.RatisPipelineProvider (RatisPipelineProvider.java:lambda$create$0(195)) - Sending CreatePipelineCommand for pipeline:PipelineID=d66685b8-151f-4313-bcd7-ed3a5afd36e6 to datanode:10b21bb1-cee7-485e-9b19-b5d1fddc83da
2022-10-08 01:41:16,368 [RatisPipelineUtilsThread - 0] INFO  pipeline.PipelineStateManagerImpl (PipelineStateManagerImpl.java:addPipeline(103)) - Created pipeline Pipeline[ Id: d66685b8-151f-4313-bcd7-ed3a5afd36e6, Nodes: 10b21bb1-cee7-485e-9b19-b5d1fddc83da{ip: 10.1.0.61, host: fv-az180-867.g3pwtgv4ffyuhaixmbmm0kyh3d.gx.internal.cloudapp.net, ports: [REPLICATION=43355, RATIS=39523, RATIS_ADMIN=39523, RATIS_SERVER=39523, STANDALONE=33169], networkLocation: /default-rack, certSerialId: null, persistedOpState: IN_SERVICE, persistedOpStateExpiryEpochSec: 0}, ReplicationConfig: RATIS/ONE, State:ALLOCATED, leaderId:, CreationTimestamp2022-10-08T01:41:16.368Z[Etc/UTC]].
2022-10-08 01:41:16,416 [ReplicationMonitor] INFO  replication.ReplicationManager (ReplicationManager.java:processAll(291)) - Replication Manager is not ready to run until 3000ms after safemode exit
2022-10-08 01:41:16,670 [Listener at 127.0.0.1/35929] INFO  handler.ContextHandler (ContextHandler.java:doStart(915)) - Started o.e.j.w.WebAppContext@d06608{hddsDatanode,/,file:///tmp/jetty-0_0_0_0-33619-hdds-container-service-1_3_0-SNAPSHOT_jar-_-any-4192614641638414812/webapp/,AVAILABLE}{jar:file:/home/runner/.m2/repository/org/apache/ozone/hdds-container-service/1.3.0-SNAPSHOT/hdds-container-service-1.3.0-SNAPSHOT.jar!/webapps/hddsDatanode}
2022-10-08 01:41:16,680 [Listener at 127.0.0.1/35929] INFO  server.AbstractConnector (AbstractConnector.java:doStart(331)) - Started ServerConnector@2ecf4b4c{HTTP/1.1, (http/1.1)}{0.0.0.0:33619}
2022-10-08 01:41:16,680 [Listener at 127.0.0.1/35929] INFO  server.Server (Server.java:doStart(415)) - Started @602952ms
2022-10-08 01:41:16,680 [Listener at 127.0.0.1/35929] WARN  impl.MetricsSystemImpl (MetricsSystemImpl.java:register(279)) - Sink prometheus already exists!
2022-10-08 01:41:16,696 [Listener at 127.0.0.1/35929] INFO  http.BaseHttpServer (BaseHttpServer.java:updateConnectorAddress(333)) - HTTP server of hddsDatanode listening at http://0.0.0.0:33619
2022-10-08 01:41:16,752 [Datanode State Machine Daemon Thread] INFO  statemachine.DatanodeStateMachine (DatanodeStateMachine.java:lambda$startDaemon$0(492)) - Ozone container server started.
2022-10-08 01:41:16,752 [Listener at 127.0.0.1/35929] WARN  impl.MetricRegistriesImpl (MetricRegistriesImpl.java:addReporterRegistration(111)) - New reporters are added after registries were created. Some metrics will be missing from the reporter. Please add reporter before adding any new registry.
2022-10-08 01:41:16,768 [Listener at 127.0.0.1/35929] WARN  impl.MetricRegistriesImpl (MetricRegistriesImpl.java:addReporterRegistration(111)) - New reporters are added after registries were created. Some metrics will be missing from the reporter. Please add reporter before adding any new registry.
2022-10-08 01:41:16,768 [Listener at 127.0.0.1/35929] INFO  impl.MetricsSystemImpl (MetricsSystemImpl.java:init(158)) - HddsDatanode metrics system started (again)
2022-10-08 01:41:16,816 [org.apache.hadoop.util.JvmPauseMonitor$Monitor@800232a] INFO  util.JvmPauseMonitor (JvmPauseMonitor.java:run(188)) - Starting JVM pause monitor
2022-10-08 01:41:16,849 [Datanode State Machine Task Thread - 0] INFO  datanode.InitDatanodeState (InitDatanodeState.java:persistContainerDatanodeDetails(138)) - DatanodeDetails is persisted to /home/runner/work/ozone/ozone/hadoop-ozone/integration-test/target/test-dir/MiniOzoneClusterImpl-bdb582a0-2e2b-403c-a8c7-17c71ed5f666/datanode-3/meta/datanode.id
2022-10-08 01:41:16,852 [Listener at 127.0.0.1/35929] INFO  ozone.HddsDatanodeService (HddsDatanodeService.java:start(236)) - HddsDatanodeService host:fv-az180-867.g3pwtgv4ffyuhaixmbmm0kyh3d.gx.internal.cloudapp.net ip:10.1.0.61
2022-10-08 01:41:17,131 [Listener at 127.0.0.1/35929] INFO  upgrade.AbstractLayoutVersionManager (AbstractLayoutVersionManager.java:init(83)) - Initializing Layout version manager with metadata layout = DATANODE_SCHEMA_V3 (version = 4), software layout = DATANODE_SCHEMA_V3 (version = 4)
2022-10-08 01:41:17,372 [Listener at 127.0.0.1/35929] INFO  reflections.Reflections (Reflections.java:scan(232)) - Reflections took 232 ms to scan 7 urls, producing 135 keys and 327 values 
2022-10-08 01:41:17,373 [Listener at 127.0.0.1/35929] INFO  statemachine.DatanodeStateMachine (DatanodeStateMachine.java:getEndPointTaskThreadPoolSize(237)) - Datanode State Machine Task Thread Pool size 2
2022-10-08 01:41:17,380 [Listener at 127.0.0.1/35929] INFO  volume.HddsVolume (HddsVolume.java:<init>(117)) - Creating HddsVolume: /home/runner/work/ozone/ozone/hadoop-ozone/integration-test/target/test-dir/MiniOzoneClusterImpl-bdb582a0-2e2b-403c-a8c7-17c71ed5f666/datanode-4/data-0/containers/hdds of storage type : DISK capacity : 9223372036854775807
2022-10-08 01:41:17,381 [Listener at 127.0.0.1/35929] INFO  volume.MutableVolumeSet (MutableVolumeSet.java:initializeVolumeSet(174)) - Added Volume : /home/runner/work/ozone/ozone/hadoop-ozone/integration-test/target/test-dir/MiniOzoneClusterImpl-bdb582a0-2e2b-403c-a8c7-17c71ed5f666/datanode-4/data-0/containers/hdds to VolumeSet
2022-10-08 01:41:17,381 [Listener at 127.0.0.1/35929] INFO  volume.ThrottledAsyncChecker (ThrottledAsyncChecker.java:schedule(141)) - Scheduling a check for /home/runner/work/ozone/ozone/hadoop-ozone/integration-test/target/test-dir/MiniOzoneClusterImpl-bdb582a0-2e2b-403c-a8c7-17c71ed5f666/datanode-4/data-0/containers/hdds
2022-10-08 01:41:17,388 [Listener at 127.0.0.1/35929] INFO  volume.StorageVolumeChecker (StorageVolumeChecker.java:checkAllVolumes(202)) - Scheduled health check for volume /home/runner/work/ozone/ozone/hadoop-ozone/integration-test/target/test-dir/MiniOzoneClusterImpl-bdb582a0-2e2b-403c-a8c7-17c71ed5f666/datanode-4/data-0/containers/hdds
2022-10-08 01:41:17,416 [ReplicationMonitor] INFO  replication.ReplicationManager (ReplicationManager.java:processAll(291)) - Replication Manager is not ready to run until 3000ms after safemode exit
2022-10-08 01:41:17,512 [Listener at 127.0.0.1/35929] INFO  volume.MutableVolumeSet (MutableVolumeSet.java:initializeVolumeSet(174)) - Added Volume : /home/runner/work/ozone/ozone/hadoop-ozone/integration-test/target/test-dir/MiniOzoneClusterImpl-bdb582a0-2e2b-403c-a8c7-17c71ed5f666/datanode-4/data/ratis to VolumeSet
2022-10-08 01:41:17,512 [Listener at 127.0.0.1/35929] INFO  volume.ThrottledAsyncChecker (ThrottledAsyncChecker.java:schedule(141)) - Scheduling a check for /home/runner/work/ozone/ozone/hadoop-ozone/integration-test/target/test-dir/MiniOzoneClusterImpl-bdb582a0-2e2b-403c-a8c7-17c71ed5f666/datanode-4/data/ratis
2022-10-08 01:41:17,512 [Listener at 127.0.0.1/35929] INFO  volume.StorageVolumeChecker (StorageVolumeChecker.java:checkAllVolumes(202)) - Scheduled health check for volume /home/runner/work/ozone/ozone/hadoop-ozone/integration-test/target/test-dir/MiniOzoneClusterImpl-bdb582a0-2e2b-403c-a8c7-17c71ed5f666/datanode-4/data/ratis
2022-10-08 01:41:17,523 [Thread-3148] INFO  ozoneimpl.ContainerReader (ContainerReader.java:readVolume(175)) - Finish verifying containers on volume /home/runner/work/ozone/ozone/hadoop-ozone/integration-test/target/test-dir/MiniOzoneClusterImpl-bdb582a0-2e2b-403c-a8c7-17c71ed5f666/datanode-4/data-0/containers/hdds
2022-10-08 01:41:17,524 [Listener at 127.0.0.1/35929] INFO  ozoneimpl.OzoneContainer (OzoneContainer.java:buildContainerSet(300)) - Build ContainerSet costs 0s
2022-10-08 01:41:17,525 [Listener at 127.0.0.1/35929] INFO  server.RaftServer (ConfUtils.java:logGet(46)) - raft.rpc.type = GRPC (default)
2022-10-08 01:41:17,525 [Listener at 127.0.0.1/35929] INFO  grpc.GrpcFactory (GrpcFactory.java:checkPooledByteBufAllocatorUseCacheForAllThreads(48)) - PERFORMANCE WARNING: useCacheForAllThreads is true that may cause Netty to create a lot garbage objects and, as a result, trigger GC.
	It is recommended to disable useCacheForAllThreads by setting -Dorg.apache.ratis.thirdparty.io.netty.allocator.useCacheForAllThreads=false in command line.
2022-10-08 01:41:17,525 [Listener at 127.0.0.1/35929] INFO  grpc.GrpcConfigKeys (ConfUtils.java:logGet(46)) - raft.grpc.admin.port = 0 (custom)
2022-10-08 01:41:17,525 [Listener at 127.0.0.1/35929] INFO  grpc.GrpcConfigKeys (ConfUtils.java:logGet(46)) - raft.grpc.client.port = 0 (custom)
2022-10-08 01:41:17,525 [Listener at 127.0.0.1/35929] INFO  grpc.GrpcConfigKeys (ConfUtils.java:logGet(46)) - raft.grpc.server.port = 0 (default)
2022-10-08 01:41:17,525 [Listener at 127.0.0.1/35929] INFO  server.GrpcService (ConfUtils.java:logGet(46)) - raft.grpc.message.size.max = 32MB (=33554432) (custom)
2022-10-08 01:41:17,525 [Listener at 127.0.0.1/35929] INFO  server.RaftServerConfigKeys (ConfUtils.java:logGet(46)) - raft.server.log.appender.buffer.byte-limit = 33554432 (custom)
2022-10-08 01:41:17,526 [Listener at 127.0.0.1/35929] INFO  server.GrpcService (ConfUtils.java:logGet(46)) - raft.grpc.flow.control.window = 5MB (=5242880) (custom)
2022-10-08 01:41:17,526 [Listener at 127.0.0.1/35929] INFO  server.RaftServerConfigKeys (ConfUtils.java:logGet(46)) - raft.server.rpc.request.timeout = 60s (custom)
2022-10-08 01:41:17,526 [Listener at 127.0.0.1/35929] INFO  grpc.GrpcConfigKeys (ConfUtils.java:logGet(46)) - raft.grpc.server.async.request.thread.pool.cached = true (default)
2022-10-08 01:41:17,526 [Listener at 127.0.0.1/35929] INFO  grpc.GrpcConfigKeys (ConfUtils.java:logGet(46)) - raft.grpc.server.async.request.thread.pool.size = 32 (default)
2022-10-08 01:41:17,527 [Listener at 127.0.0.1/35929] INFO  impl.DataStreamServerImpl (ConfUtils.java:logGet(46)) - raft.datastream.type = DISABLED (default)
2022-10-08 01:41:17,527 [Listener at 127.0.0.1/35929] INFO  server.RaftServerConfigKeys (ConfUtils.java:logGet(46)) - raft.server.threadpool.proxy.cached = true (default)
2022-10-08 01:41:17,527 [Listener at 127.0.0.1/35929] INFO  server.RaftServerConfigKeys (ConfUtils.java:logGet(46)) - raft.server.threadpool.proxy.size = 0 (default)
2022-10-08 01:41:17,527 [Listener at 127.0.0.1/35929] INFO  server.RaftServerConfigKeys (ConfUtils.java:logGet(46)) - raft.server.rpc.slowness.timeout = 300s (custom)
2022-10-08 01:41:17,527 [Listener at 127.0.0.1/35929] INFO  server.RaftServerConfigKeys (ConfUtils.java:logGet(46)) - raft.server.leaderelection.leader.step-down.wait-time = 10s (default)
2022-10-08 01:41:17,527 [Listener at 127.0.0.1/35929] INFO  server.RaftServerConfigKeys (ConfUtils.java:logGet(46)) - raft.server.storage.dir = [/home/runner/work/ozone/ozone/hadoop-ozone/integration-test/target/test-dir/MiniOzoneClusterImpl-bdb582a0-2e2b-403c-a8c7-17c71ed5f666/datanode-4/data/ratis] (custom)
2022-10-08 01:41:17,528 [Listener at 127.0.0.1/35929] INFO  server.XceiverServerGrpc (XceiverServerGrpc.java:<init>(132)) - GrpcServer channel type EpollServerSocketChannel
2022-10-08 01:41:17,530 [Listener at 127.0.0.1/35929] INFO  http.BaseHttpServer (BaseHttpServer.java:newHttpServer2BuilderForOzone(213)) - Starting Web-server for hddsDatanode at: http://0.0.0.0:0
2022-10-08 01:41:17,530 [Listener at 127.0.0.1/35929] INFO  http.BaseHttpServer (BaseHttpServer.java:<init>(108)) - Hadoop Security Enabled: false Ozone Security Enabled: false Ozone HTTP Security Enabled: false 
2022-10-08 01:41:17,531 [Listener at 127.0.0.1/35929] INFO  server.AuthenticationFilter (AuthenticationFilter.java:constructSecretProvider(240)) - Unable to initialize FileSignerSecretProvider, falling back to use random secrets.
2022-10-08 01:41:17,531 [Listener at 127.0.0.1/35929] WARN  http.HttpRequestLog (HttpRequestLog.java:getRequestLog(103)) - Jetty request log can only be enabled using Log4j
2022-10-08 01:41:17,532 [Listener at 127.0.0.1/35929] INFO  http.HttpServer2 (HttpServer2.java:addGlobalFilter(1031)) - Added global filter 'safety' (class=org.apache.hadoop.hdds.server.http.HttpServer2$QuotingInputFilter)
2022-10-08 01:41:17,533 [Listener at 127.0.0.1/35929] INFO  http.HttpServer2 (HttpServer2.java:addFilter(1007)) - Added filter static_user_filter (class=org.apache.hadoop.http.lib.StaticUserWebFilter$StaticUserFilter) to context hddsDatanode
2022-10-08 01:41:17,533 [Listener at 127.0.0.1/35929] INFO  http.HttpServer2 (HttpServer2.java:addFilter(1015)) - Added filter static_user_filter (class=org.apache.hadoop.http.lib.StaticUserWebFilter$StaticUserFilter) to context logs
2022-10-08 01:41:17,533 [Listener at 127.0.0.1/35929] INFO  http.HttpServer2 (HttpServer2.java:addFilter(1015)) - Added filter static_user_filter (class=org.apache.hadoop.http.lib.StaticUserWebFilter$StaticUserFilter) to context static
2022-10-08 01:41:17,533 [Listener at 127.0.0.1/35929] INFO  http.HttpServer2 (HttpServer2.java:bindListener(1250)) - Jetty bound to port 42101
2022-10-08 01:41:17,533 [Listener at 127.0.0.1/35929] INFO  server.Server (Server.java:doStart(375)) - jetty-9.4.43.v20210629; built: 2021-06-30T11:07:22.254Z; git: 526006ecfa3af7f1a27ef3a288e2bef7ea9dd7e8; jvm 1.8.0_345-b01
2022-10-08 01:41:17,733 [Listener at 127.0.0.1/35929] INFO  server.session (DefaultSessionIdManager.java:doStart(334)) - DefaultSessionIdManager workerName=node0
2022-10-08 01:41:17,733 [Listener at 127.0.0.1/35929] INFO  server.session (DefaultSessionIdManager.java:doStart(339)) - No SessionScavenger set, using defaults
2022-10-08 01:41:17,744 [Listener at 127.0.0.1/35929] INFO  server.session (HouseKeeper.java:startScavenging(132)) - node0 Scavenging every 660000ms
2022-10-08 01:41:17,748 [Listener at 127.0.0.1/35929] INFO  handler.ContextHandler (ContextHandler.java:doStart(915)) - Started o.e.j.s.ServletContextHandler@6bf133f{logs,/logs,file:///home/runner/work/ozone/ozone/hadoop-ozone/integration-test/target/log,AVAILABLE}
2022-10-08 01:41:17,748 [Listener at 127.0.0.1/35929] INFO  handler.ContextHandler (ContextHandler.java:doStart(915)) - Started o.e.j.s.ServletContextHandler@336d9395{static,/static,jar:file:/home/runner/.m2/repository/org/apache/ozone/hdds-container-service/1.3.0-SNAPSHOT/hdds-container-service-1.3.0-SNAPSHOT.jar!/webapps/static,AVAILABLE}
2022-10-08 01:41:17,776 [EndpointStateMachine task thread for /0.0.0.0:41995 - 0 ] INFO  volume.HddsVolume (HddsVolume.java:createDbStore(307)) - SchemaV3 db is created and loaded at /home/runner/work/ozone/ozone/hadoop-ozone/integration-test/target/test-dir/MiniOzoneClusterImpl-bdb582a0-2e2b-403c-a8c7-17c71ed5f666/datanode-2/data-0/containers/hdds/bdb582a0-2e2b-403c-a8c7-17c71ed5f666/DS-a9a54b34-f662-408e-ac3f-730dd39516b2/container.db for volume DS-a9a54b34-f662-408e-ac3f-730dd39516b2
2022-10-08 01:41:17,777 [EndpointStateMachine task thread for /0.0.0.0:41995 - 0 ] INFO  volume.HddsVolume (HddsVolume.java:closeDbStore(338)) - SchemaV3 db is stopped at /home/runner/work/ozone/ozone/hadoop-ozone/integration-test/target/test-dir/MiniOzoneClusterImpl-bdb582a0-2e2b-403c-a8c7-17c71ed5f666/datanode-2/data-0/containers/hdds/bdb582a0-2e2b-403c-a8c7-17c71ed5f666/DS-a9a54b34-f662-408e-ac3f-730dd39516b2/container.db for volume DS-a9a54b34-f662-408e-ac3f-730dd39516b2
2022-10-08 01:41:17,777 [EndpointStateMachine task thread for /0.0.0.0:41995 - 0 ] INFO  ozoneimpl.OzoneContainer (OzoneContainer.java:start(378)) - Attempting to start container services.
2022-10-08 01:41:17,777 [EndpointStateMachine task thread for /0.0.0.0:41995 - 0 ] INFO  ozoneimpl.OzoneContainer (OzoneContainer.java:startContainerScrub(313)) - Background container scanner has been disabled.
2022-10-08 01:41:17,821 [EndpointStateMachine task thread for /0.0.0.0:41995 - 0 ] INFO  replication.ReplicationServer (ReplicationServer.java:start(111)) - ReplicationServer is started using port 45291
2022-10-08 01:41:17,822 [EndpointStateMachine task thread for /0.0.0.0:41995 - 0 ] INFO  ratis.XceiverServerRatis (XceiverServerRatis.java:start(481)) - Starting XceiverServerRatis a69a6355-4fd1-4dab-9c4a-ef9dfbf2b80d
2022-10-08 01:41:17,832 [EndpointStateMachine task thread for /0.0.0.0:41995 - 0 ] INFO  server.RaftServer (RaftServerProxy.java:lambda$start$6(382)) - a69a6355-4fd1-4dab-9c4a-ef9dfbf2b80d: start RPC server
2022-10-08 01:41:17,876 [EndpointStateMachine task thread for /0.0.0.0:41995 - 0 ] INFO  server.GrpcService (GrpcService.java:startImpl(260)) - a69a6355-4fd1-4dab-9c4a-ef9dfbf2b80d: GrpcService started, listening on 41029
2022-10-08 01:41:17,877 [EndpointStateMachine task thread for /0.0.0.0:41995 - 0 ] INFO  ratis.XceiverServerRatis (XceiverServerRatis.java:getRealPort(502)) - XceiverServerRatis a69a6355-4fd1-4dab-9c4a-ef9dfbf2b80d is started using port 41029 for RATIS
2022-10-08 01:41:17,877 [EndpointStateMachine task thread for /0.0.0.0:41995 - 0 ] INFO  ratis.XceiverServerRatis (XceiverServerRatis.java:getRealPort(502)) - XceiverServerRatis a69a6355-4fd1-4dab-9c4a-ef9dfbf2b80d is started using port 41029 for RATIS_ADMIN
2022-10-08 01:41:17,877 [EndpointStateMachine task thread for /0.0.0.0:41995 - 0 ] INFO  ratis.XceiverServerRatis (XceiverServerRatis.java:getRealPort(502)) - XceiverServerRatis a69a6355-4fd1-4dab-9c4a-ef9dfbf2b80d is started using port 41029 for RATIS_SERVER
2022-10-08 01:41:17,877 [org.apache.ratis.util.JvmPauseMonitor$$Lambda$636/846962177@257348af] INFO  util.JvmPauseMonitor (JvmPauseMonitor.java:run(103)) - JvmPauseMonitor-a69a6355-4fd1-4dab-9c4a-ef9dfbf2b80d: Started
2022-10-08 01:41:18,124 [Command processor thread] INFO  server.RaftServer (RaftServerProxy.java:addNew(96)) - 6d9ca658-4f65-4bc8-8244-8fb27ff2ac77: addNew group-1F99AB17CA95:[6d9ca658-4f65-4bc8-8244-8fb27ff2ac77|rpc:10.1.0.61:45133|priority:1] returns group-1F99AB17CA95:java.util.concurrent.CompletableFuture@2602c73f[Not completed]
2022-10-08 01:41:18,149 [EndpointStateMachine task thread for /0.0.0.0:41995 - 0 ] INFO  server.XceiverServerGrpc (XceiverServerGrpc.java:start(180)) - XceiverServerGrpc a69a6355-4fd1-4dab-9c4a-ef9dfbf2b80d is started using port 42351
2022-10-08 01:41:18,150 [pool-1505-thread-1] INFO  server.RaftServer$Division (RaftServerImpl.java:<init>(190)) - 6d9ca658-4f65-4bc8-8244-8fb27ff2ac77: new RaftServerImpl for group-1F99AB17CA95:[6d9ca658-4f65-4bc8-8244-8fb27ff2ac77|rpc:10.1.0.61:45133|priority:1] with ContainerStateMachine:uninitialized
2022-10-08 01:41:18,150 [pool-1505-thread-1] INFO  server.RaftServerConfigKeys (ConfUtils.java:logGet(46)) - raft.server.rpc.timeout.min = 5s (custom)
2022-10-08 01:41:18,150 [pool-1505-thread-1] INFO  server.RaftServerConfigKeys (ConfUtils.java:logGet(46)) - raft.server.rpc.timeout.max = 5200ms (custom)
2022-10-08 01:41:18,150 [pool-1505-thread-1] INFO  server.RaftServerConfigKeys (ConfUtils.java:logGet(46)) - raft.server.rpc.sleep.time = 25ms (default)
2022-10-08 01:41:18,150 [pool-1505-thread-1] INFO  server.RaftServerConfigKeys (ConfUtils.java:logGet(46)) - raft.server.rpc.slowness.timeout = 300s (custom)
2022-10-08 01:41:18,150 [pool-1505-thread-1] INFO  server.RaftServerConfigKeys (ConfUtils.java:logGet(46)) - raft.server.leaderelection.leader.step-down.wait-time = 10s (default)
2022-10-08 01:41:18,150 [pool-1505-thread-1] INFO  server.RaftServerConfigKeys (ConfUtils.java:logGet(46)) - raft.server.sleep.deviation.threshold = 300ms (default)
2022-10-08 01:41:18,150 [pool-1505-thread-1] INFO  server.RaftServer$Division (ServerState.java:<init>(107)) - 6d9ca658-4f65-4bc8-8244-8fb27ff2ac77@group-1F99AB17CA95: ConfigurationManager, init=-1: [6d9ca658-4f65-4bc8-8244-8fb27ff2ac77|rpc:10.1.0.61:45133|priority:1], old=null, confs=<EMPTY_MAP>
2022-10-08 01:41:18,150 [pool-1505-thread-1] INFO  server.RaftServerConfigKeys (ConfUtils.java:logGet(46)) - raft.server.storage.dir = [/home/runner/work/ozone/ozone/hadoop-ozone/integration-test/target/test-dir/MiniOzoneClusterImpl-bdb582a0-2e2b-403c-a8c7-17c71ed5f666/datanode-0/data/ratis] (custom)
2022-10-08 01:41:18,150 [pool-1505-thread-1] INFO  server.RaftServerConfigKeys (ConfUtils.java:logGet(46)) - raft.server.log.corruption.policy = EXCEPTION (default)
2022-10-08 01:41:18,150 [pool-1505-thread-1] INFO  server.RaftServerConfigKeys (ConfUtils.java:logGet(46)) - raft.server.storage.free-space.min = 0MB (=0) (default)
2022-10-08 01:41:18,151 [pool-1505-thread-1] INFO  storage.RaftStorageDirectory (RaftStorageDirectoryImpl.java:analyzeStorage(135)) - The storage directory /home/runner/work/ozone/ozone/hadoop-ozone/integration-test/target/test-dir/MiniOzoneClusterImpl-bdb582a0-2e2b-403c-a8c7-17c71ed5f666/datanode-0/data/ratis/5224abed-6a27-4632-837b-1f99ab17ca95 does not exist. Creating ...
2022-10-08 01:41:18,158 [pool-1505-thread-1] INFO  storage.RaftStorageDirectory (RaftStorageDirectoryImpl.java:tryLock(230)) - Lock on /home/runner/work/ozone/ozone/hadoop-ozone/integration-test/target/test-dir/MiniOzoneClusterImpl-bdb582a0-2e2b-403c-a8c7-17c71ed5f666/datanode-0/data/ratis/5224abed-6a27-4632-837b-1f99ab17ca95/in_use.lock acquired by nodename 52807@fv-az180-867
2022-10-08 01:41:18,256 [pool-1505-thread-1] INFO  storage.RaftStorage (RaftStorageImpl.java:format(89)) - Storage directory /home/runner/work/ozone/ozone/hadoop-ozone/integration-test/target/test-dir/MiniOzoneClusterImpl-bdb582a0-2e2b-403c-a8c7-17c71ed5f666/datanode-0/data/ratis/5224abed-6a27-4632-837b-1f99ab17ca95 has been successfully formatted.
2022-10-08 01:41:18,269 [pool-1505-thread-1] INFO  ratis.ContainerStateMachine (ContainerStateMachine.java:loadSnapshot(236)) - group-1F99AB17CA95: The snapshot info is null. Setting the last applied indexto:(t:0, i:~)
2022-10-08 01:41:18,269 [pool-1505-thread-1] INFO  server.RaftServerConfigKeys (ConfUtils.java:logGet(46)) - raft.server.notification.no-leader.timeout = 300s (custom)
2022-10-08 01:41:18,269 [pool-1505-thread-1] INFO  server.RaftServerConfigKeys (ConfUtils.java:logGet(46)) - raft.server.log.use.memory = false (default)
2022-10-08 01:41:18,269 [pool-1505-thread-1] INFO  server.RaftServerConfigKeys (ConfUtils.java:logGet(46)) - raft.server.log.purge.gap = 1000000 (custom)
2022-10-08 01:41:18,269 [pool-1505-thread-1] INFO  server.RaftServerConfigKeys (ConfUtils.java:logGet(46)) - raft.server.log.appender.buffer.byte-limit = 33554432 (custom)
2022-10-08 01:41:18,269 [pool-1505-thread-1] INFO  server.RaftServerConfigKeys (ConfUtils.java:logGet(46)) - raft.server.log.statemachine.data.read.timeout = 1000ms (default)
2022-10-08 01:41:18,269 [pool-1505-thread-1] INFO  server.RaftServerConfigKeys (ConfUtils.java:logGet(46)) - raft.server.log.segment.size.max = 1048576 (custom)
2022-10-08 01:41:18,269 [pool-1505-thread-1] INFO  server.RaftServerConfigKeys (ConfUtils.java:logGet(46)) - raft.server.log.segment.cache.num.max = 2 (custom)
2022-10-08 01:41:18,270 [pool-1505-thread-1] INFO  server.RaftServerConfigKeys (ConfUtils.java:logGet(46)) - raft.server.log.segment.cache.size.max = 200MB (=209715200) (default)
2022-10-08 01:41:18,270 [pool-1505-thread-1] INFO  segmented.SegmentedRaftLogWorker (SegmentedRaftLogWorker.java:<init>(187)) - new 6d9ca658-4f65-4bc8-8244-8fb27ff2ac77@group-1F99AB17CA95-SegmentedRaftLogWorker for RaftStorageImpl:Storage Directory /home/runner/work/ozone/ozone/hadoop-ozone/integration-test/target/test-dir/MiniOzoneClusterImpl-bdb582a0-2e2b-403c-a8c7-17c71ed5f666/datanode-0/data/ratis/5224abed-6a27-4632-837b-1f99ab17ca95
2022-10-08 01:41:18,270 [pool-1505-thread-1] INFO  server.RaftServerConfigKeys (ConfUtils.java:logGet(46)) - raft.server.log.queue.byte-limit = 4294967296 (custom)
2022-10-08 01:41:18,270 [pool-1505-thread-1] INFO  server.RaftServerConfigKeys (ConfUtils.java:logGet(46)) - raft.server.log.queue.element-limit = 1024 (custom)
2022-10-08 01:41:18,270 [pool-1505-thread-1] INFO  server.RaftServerConfigKeys (ConfUtils.java:logGet(46)) - raft.server.log.segment.size.max = 1048576 (custom)
2022-10-08 01:41:18,270 [pool-1505-thread-1] INFO  server.RaftServerConfigKeys (ConfUtils.java:logGet(46)) - raft.server.log.preallocated.size = 16384 (custom)
2022-10-08 01:41:18,270 [pool-1505-thread-1] INFO  server.RaftServerConfigKeys (ConfUtils.java:logGet(46)) - raft.server.log.force.sync.num = 128 (default)
2022-10-08 01:41:18,270 [pool-1505-thread-1] INFO  server.RaftServerConfigKeys (ConfUtils.java:logGet(46)) - raft.server.log.statemachine.data.sync = true (default)
2022-10-08 01:41:18,270 [pool-1505-thread-1] INFO  server.RaftServerConfigKeys (ConfUtils.java:logGet(46)) - raft.server.log.statemachine.data.sync.timeout = 10s (default)
2022-10-08 01:41:18,270 [pool-1505-thread-1] INFO  server.RaftServerConfigKeys (ConfUtils.java:logGet(46)) - raft.server.log.statemachine.data.sync.timeout.retry = -1 (default)
2022-10-08 01:41:18,271 [pool-1505-thread-1] INFO  server.RaftServerConfigKeys (ConfUtils.java:logGet(46)) - raft.server.log.write.buffer.size = 1048576 (custom)
2022-10-08 01:41:18,271 [pool-1505-thread-1] INFO  server.RaftServerConfigKeys (ConfUtils.java:logGet(46)) - raft.server.log.unsafe-flush.enabled = false (default)
2022-10-08 01:41:18,271 [pool-1505-thread-1] INFO  server.RaftServerConfigKeys (ConfUtils.java:logGet(46)) - raft.server.log.statemachine.data.caching.enabled = true (custom)
2022-10-08 01:41:18,271 [pool-1505-thread-1] INFO  segmented.SegmentedRaftLogWorker (SegmentedRaftLogWorker.java:lambda$new$0(135)) - 6d9ca658-4f65-4bc8-8244-8fb27ff2ac77@group-1F99AB17CA95-SegmentedRaftLogWorker: flushIndex: setUnconditionally 0 -> -1
2022-10-08 01:41:18,271 [pool-1505-thread-1] INFO  segmented.SegmentedRaftLogWorker (SegmentedRaftLogWorker.java:lambda$new$0(135)) - 6d9ca658-4f65-4bc8-8244-8fb27ff2ac77@group-1F99AB17CA95-SegmentedRaftLogWorker: safeCacheEvictIndex: setUnconditionally 0 -> -1
2022-10-08 01:41:18,272 [EventQueue-PipelineReportForPipelineReportHandler] INFO  pipeline.PipelineManagerImpl (PipelineManagerImpl.java:openPipeline(367)) - Pipeline Pipeline[ Id: 5224abed-6a27-4632-837b-1f99ab17ca95, Nodes: 6d9ca658-4f65-4bc8-8244-8fb27ff2ac77{ip: 10.1.0.61, host: fv-az180-867.g3pwtgv4ffyuhaixmbmm0kyh3d.gx.internal.cloudapp.net, ports: [REPLICATION=44649, RATIS=45133, RATIS_ADMIN=45133, RATIS_SERVER=45133, STANDALONE=40939], networkLocation: /default-rack, certSerialId: null, persistedOpState: IN_SERVICE, persistedOpStateExpiryEpochSec: 0}, ReplicationConfig: RATIS/ONE, State:ALLOCATED, leaderId:6d9ca658-4f65-4bc8-8244-8fb27ff2ac77, CreationTimestamp2022-10-08T01:41:15.108Z[Etc/UTC]] moved to OPEN state
2022-10-08 01:41:18,286 [pool-1505-thread-1] INFO  server.RaftServerConfigKeys (ConfUtils.java:logGet(46)) - raft.server.snapshot.auto.trigger.enabled = true (custom)
2022-10-08 01:41:18,286 [pool-1505-thread-1] INFO  server.RaftServerConfigKeys (ConfUtils.java:logGet(46)) - raft.server.snapshot.auto.trigger.threshold = 10000 (custom)
2022-10-08 01:41:18,286 [pool-1505-thread-1] INFO  server.RaftServerConfigKeys (ConfUtils.java:logGet(46)) - raft.server.snapshot.retention.file.num = 5 (custom)
2022-10-08 01:41:18,286 [pool-1505-thread-1] INFO  server.RaftServerConfigKeys (ConfUtils.java:logGet(46)) - raft.server.log.purge.upto.snapshot.index = false (default)
2022-10-08 01:41:18,286 [pool-1505-thread-1] INFO  server.RaftServerConfigKeys (ConfUtils.java:logGet(46)) - raft.server.retrycache.expirytime = 600000ms (custom)
2022-10-08 01:41:18,286 [pool-1505-thread-1] INFO  server.RaftServerConfigKeys (ConfUtils.java:logGet(46)) - raft.server.retrycache.statistics.expirytime = 100μs (default)
2022-10-08 01:41:18,289 [pool-1505-thread-1] INFO  server.RaftServerConfigKeys (ConfUtils.java:logGet(46)) - raft.server.log.appender.install.snapshot.enabled = false (custom)
2022-10-08 01:41:18,289 [pool-1505-thread-1] INFO  server.RaftServerConfigKeys (ConfUtils.java:logGet(46)) - raft.server.threadpool.server.cached = true (default)
2022-10-08 01:41:18,289 [pool-1505-thread-1] INFO  server.RaftServerConfigKeys (ConfUtils.java:logGet(46)) - raft.server.threadpool.server.size = 0 (default)
2022-10-08 01:41:18,289 [pool-1505-thread-1] INFO  server.RaftServerConfigKeys (ConfUtils.java:logGet(46)) - raft.server.threadpool.client.cached = true (default)
2022-10-08 01:41:18,289 [pool-1505-thread-1] INFO  server.RaftServerConfigKeys (ConfUtils.java:logGet(46)) - raft.server.threadpool.client.size = 0 (default)
2022-10-08 01:41:18,289 [pool-1505-thread-1] INFO  server.RaftServer$Division (RaftServerImpl.java:start(310)) - 6d9ca658-4f65-4bc8-8244-8fb27ff2ac77@group-1F99AB17CA95: start as a follower, conf=-1: [6d9ca658-4f65-4bc8-8244-8fb27ff2ac77|rpc:10.1.0.61:45133|priority:1], old=null
2022-10-08 01:41:18,289 [pool-1505-thread-1] INFO  server.RaftServer$Division (RaftServerImpl.java:setRole(299)) - 6d9ca658-4f65-4bc8-8244-8fb27ff2ac77@group-1F99AB17CA95: changes role from      null to FOLLOWER at term 0 for startAsFollower
2022-10-08 01:41:18,289 [pool-1505-thread-1] INFO  impl.RoleInfo (RoleInfo.java:updateAndGet(139)) - 6d9ca658-4f65-4bc8-8244-8fb27ff2ac77: start 6d9ca658-4f65-4bc8-8244-8fb27ff2ac77@group-1F99AB17CA95-FollowerState
2022-10-08 01:41:18,394 [EventQueue-OpenPipelineForHealthyPipelineSafeModeRule] INFO  safemode.SCMSafeModeManager (HealthyPipelineSafeModeRule.java:process(137)) - SCM in safe mode. Healthy pipelines reported count is 0, required healthy pipeline reported count is 1
2022-10-08 01:41:18,416 [pool-1505-thread-1] INFO  util.JmxRegister (JmxRegister.java:tryRegister(44)) - Successfully registered JMX Bean with object name Ratis:service=RaftServer,group=group-1F99AB17CA95,id=6d9ca658-4f65-4bc8-8244-8fb27ff2ac77
2022-10-08 01:41:18,420 [ReplicationMonitor] INFO  replication.ReplicationManager (ReplicationManager.java:processAll(291)) - Replication Manager is not ready to run until 3000ms after safemode exit
2022-10-08 01:41:18,448 [Command processor thread] INFO  ratis.XceiverServerRatis (XceiverServerRatis.java:addGroup(765)) - Created group PipelineID=5224abed-6a27-4632-837b-1f99ab17ca95
2022-10-08 01:41:18,448 [Command processor thread] INFO  commandhandler.CreatePipelineCommandHandler (CreatePipelineCommandHandler.java:handle(113)) - Created Pipeline RATIS ONE PipelineID=5224abed-6a27-4632-837b-1f99ab17ca95.
2022-10-08 01:41:18,922 [Listener at 127.0.0.1/35929] INFO  handler.ContextHandler (ContextHandler.java:doStart(915)) - Started o.e.j.w.WebAppContext@4af1d43d{hddsDatanode,/,file:///tmp/jetty-0_0_0_0-42101-hdds-container-service-1_3_0-SNAPSHOT_jar-_-any-4973325677418882244/webapp/,AVAILABLE}{jar:file:/home/runner/.m2/repository/org/apache/ozone/hdds-container-service/1.3.0-SNAPSHOT/hdds-container-service-1.3.0-SNAPSHOT.jar!/webapps/hddsDatanode}
2022-10-08 01:41:19,004 [Listener at 127.0.0.1/35929] INFO  server.AbstractConnector (AbstractConnector.java:doStart(331)) - Started ServerConnector@29e2ade1{HTTP/1.1, (http/1.1)}{0.0.0.0:42101}
2022-10-08 01:41:19,005 [Listener at 127.0.0.1/35929] INFO  server.Server (Server.java:doStart(415)) - Started @605277ms
2022-10-08 01:41:19,005 [Listener at 127.0.0.1/35929] WARN  impl.MetricsSystemImpl (MetricsSystemImpl.java:register(279)) - Sink prometheus already exists!
2022-10-08 01:41:19,006 [Listener at 127.0.0.1/35929] INFO  http.BaseHttpServer (BaseHttpServer.java:updateConnectorAddress(333)) - HTTP server of hddsDatanode listening at http://0.0.0.0:42101
2022-10-08 01:41:19,018 [Listener at 127.0.0.1/35929] INFO  ozone.MiniOzoneClusterImpl (MiniOzoneClusterImpl.java:lambda$waitForClusterToBeReady$0(216)) - Waiting for nodes to be ready. Got 2 of 5 DN Heartbeats.
2022-10-08 01:41:19,018 [Listener at 127.0.0.1/35929] INFO  ozone.MiniOzoneClusterImpl (MiniOzoneClusterImpl.java:lambda$waitForClusterToBeReady$0(219)) - Waiting for cluster to exit safe mode
2022-10-08 01:41:19,018 [Listener at 127.0.0.1/35929] INFO  ozone.MiniOzoneClusterImpl (MiniOzoneClusterImpl.java:lambda$waitForClusterToBeReady$0(221)) - SCM became leader
2022-10-08 01:41:19,018 [Datanode State Machine Daemon Thread] INFO  statemachine.DatanodeStateMachine (DatanodeStateMachine.java:lambda$startDaemon$0(492)) - Ozone container server started.
2022-10-08 01:41:19,085 [org.apache.hadoop.util.JvmPauseMonitor$Monitor@75415937] INFO  util.JvmPauseMonitor (JvmPauseMonitor.java:run(188)) - Starting JVM pause monitor
2022-10-08 01:41:19,124 [Datanode State Machine Task Thread - 0] INFO  datanode.InitDatanodeState (InitDatanodeState.java:persistContainerDatanodeDetails(138)) - DatanodeDetails is persisted to /home/runner/work/ozone/ozone/hadoop-ozone/integration-test/target/test-dir/MiniOzoneClusterImpl-bdb582a0-2e2b-403c-a8c7-17c71ed5f666/datanode-4/meta/datanode.id
2022-10-08 01:41:19,273 [Command processor thread] INFO  server.RaftServer (RaftServerProxy.java:addNew(96)) - 10b21bb1-cee7-485e-9b19-b5d1fddc83da: addNew group-ED3A5AFD36E6:[10b21bb1-cee7-485e-9b19-b5d1fddc83da|rpc:10.1.0.61:39523|priority:1] returns group-ED3A5AFD36E6:java.util.concurrent.CompletableFuture@5f85ffb0[Not completed]
2022-10-08 01:41:19,284 [EndpointStateMachine task thread for /0.0.0.0:41995 - 0 ] INFO  volume.HddsVolume (HddsVolume.java:createDbStore(307)) - SchemaV3 db is created and loaded at /home/runner/work/ozone/ozone/hadoop-ozone/integration-test/target/test-dir/MiniOzoneClusterImpl-bdb582a0-2e2b-403c-a8c7-17c71ed5f666/datanode-3/data-0/containers/hdds/bdb582a0-2e2b-403c-a8c7-17c71ed5f666/DS-91b581a4-6aef-4774-a94e-b86855cfccf6/container.db for volume DS-91b581a4-6aef-4774-a94e-b86855cfccf6
2022-10-08 01:41:19,285 [EndpointStateMachine task thread for /0.0.0.0:41995 - 0 ] INFO  volume.HddsVolume (HddsVolume.java:closeDbStore(338)) - SchemaV3 db is stopped at /home/runner/work/ozone/ozone/hadoop-ozone/integration-test/target/test-dir/MiniOzoneClusterImpl-bdb582a0-2e2b-403c-a8c7-17c71ed5f666/datanode-3/data-0/containers/hdds/bdb582a0-2e2b-403c-a8c7-17c71ed5f666/DS-91b581a4-6aef-4774-a94e-b86855cfccf6/container.db for volume DS-91b581a4-6aef-4774-a94e-b86855cfccf6
2022-10-08 01:41:19,285 [EndpointStateMachine task thread for /0.0.0.0:41995 - 0 ] INFO  ozoneimpl.OzoneContainer (OzoneContainer.java:start(378)) - Attempting to start container services.
2022-10-08 01:41:19,285 [EndpointStateMachine task thread for /0.0.0.0:41995 - 0 ] INFO  ozoneimpl.OzoneContainer (OzoneContainer.java:startContainerScrub(313)) - Background container scanner has been disabled.
2022-10-08 01:41:19,321 [EndpointStateMachine task thread for /0.0.0.0:41995 - 0 ] INFO  replication.ReplicationServer (ReplicationServer.java:start(111)) - ReplicationServer is started using port 35901
2022-10-08 01:41:19,337 [EndpointStateMachine task thread for /0.0.0.0:41995 - 0 ] INFO  ratis.XceiverServerRatis (XceiverServerRatis.java:start(481)) - Starting XceiverServerRatis be283514-8952-4898-8cdc-39ab4c54d87f
2022-10-08 01:41:19,337 [EndpointStateMachine task thread for /0.0.0.0:41995 - 0 ] INFO  server.RaftServer (RaftServerProxy.java:lambda$start$6(382)) - be283514-8952-4898-8cdc-39ab4c54d87f: start RPC server
2022-10-08 01:41:19,376 [EndpointStateMachine task thread for /0.0.0.0:41995 - 0 ] INFO  server.GrpcService (GrpcService.java:startImpl(260)) - be283514-8952-4898-8cdc-39ab4c54d87f: GrpcService started, listening on 33103
2022-10-08 01:41:19,377 [EndpointStateMachine task thread for /0.0.0.0:41995 - 0 ] INFO  ratis.XceiverServerRatis (XceiverServerRatis.java:getRealPort(502)) - XceiverServerRatis be283514-8952-4898-8cdc-39ab4c54d87f is started using port 33103 for RATIS
2022-10-08 01:41:19,377 [EndpointStateMachine task thread for /0.0.0.0:41995 - 0 ] INFO  ratis.XceiverServerRatis (XceiverServerRatis.java:getRealPort(502)) - XceiverServerRatis be283514-8952-4898-8cdc-39ab4c54d87f is started using port 33103 for RATIS_ADMIN
2022-10-08 01:41:19,377 [EndpointStateMachine task thread for /0.0.0.0:41995 - 0 ] INFO  ratis.XceiverServerRatis (XceiverServerRatis.java:getRealPort(502)) - XceiverServerRatis be283514-8952-4898-8cdc-39ab4c54d87f is started using port 33103 for RATIS_SERVER
2022-10-08 01:41:19,377 [org.apache.ratis.util.JvmPauseMonitor$$Lambda$636/846962177@7bbac24f] INFO  util.JvmPauseMonitor (JvmPauseMonitor.java:run(103)) - JvmPauseMonitor-be283514-8952-4898-8cdc-39ab4c54d87f: Started
2022-10-08 01:41:19,423 [ReplicationMonitor] INFO  replication.ReplicationManager (ReplicationManager.java:processAll(291)) - Replication Manager is not ready to run until 3000ms after safemode exit
2022-10-08 01:41:19,476 [IPC Server handler 4 on default port 41995] INFO  net.NetworkTopologyImpl (NetworkTopologyImpl.java:add(112)) - Added a new node: /default-rack/a69a6355-4fd1-4dab-9c4a-ef9dfbf2b80d
2022-10-08 01:41:19,548 [IPC Server handler 4 on default port 41995] INFO  node.SCMNodeManager (SCMNodeManager.java:register(397)) - Registered Data node : a69a6355-4fd1-4dab-9c4a-ef9dfbf2b80d{ip: 10.1.0.61, host: fv-az180-867.g3pwtgv4ffyuhaixmbmm0kyh3d.gx.internal.cloudapp.net, ports: [REPLICATION=45291, RATIS=41029, RATIS_ADMIN=41029, RATIS_SERVER=41029, STANDALONE=42351], networkLocation: /default-rack, certSerialId: null, persistedOpState: null, persistedOpStateExpiryEpochSec: 0}
2022-10-08 01:41:19,548 [EventQueue-NewNodeForNewNodeHandler] INFO  pipeline.BackgroundPipelineCreator (BackgroundPipelineCreator.java:notifyEventTriggered(276)) - trigger a one-shot run on RatisPipelineUtilsThread.
2022-10-08 01:41:19,464 [pool-1528-thread-1] INFO  server.RaftServer$Division (RaftServerImpl.java:<init>(190)) - 10b21bb1-cee7-485e-9b19-b5d1fddc83da: new RaftServerImpl for group-ED3A5AFD36E6:[10b21bb1-cee7-485e-9b19-b5d1fddc83da|rpc:10.1.0.61:39523|priority:1] with ContainerStateMachine:uninitialized
2022-10-08 01:41:19,550 [pool-1528-thread-1] INFO  server.RaftServerConfigKeys (ConfUtils.java:logGet(46)) - raft.server.rpc.timeout.min = 5s (custom)
2022-10-08 01:41:19,550 [pool-1528-thread-1] INFO  server.RaftServerConfigKeys (ConfUtils.java:logGet(46)) - raft.server.rpc.timeout.max = 5200ms (custom)
2022-10-08 01:41:19,550 [pool-1528-thread-1] INFO  server.RaftServerConfigKeys (ConfUtils.java:logGet(46)) - raft.server.rpc.sleep.time = 25ms (default)
2022-10-08 01:41:19,550 [pool-1528-thread-1] INFO  server.RaftServerConfigKeys (ConfUtils.java:logGet(46)) - raft.server.rpc.slowness.timeout = 300s (custom)
2022-10-08 01:41:19,550 [pool-1528-thread-1] INFO  server.RaftServerConfigKeys (ConfUtils.java:logGet(46)) - raft.server.leaderelection.leader.step-down.wait-time = 10s (default)
2022-10-08 01:41:19,551 [pool-1528-thread-1] INFO  server.RaftServerConfigKeys (ConfUtils.java:logGet(46)) - raft.server.sleep.deviation.threshold = 300ms (default)
2022-10-08 01:41:19,551 [pool-1528-thread-1] INFO  server.RaftServer$Division (ServerState.java:<init>(107)) - 10b21bb1-cee7-485e-9b19-b5d1fddc83da@group-ED3A5AFD36E6: ConfigurationManager, init=-1: [10b21bb1-cee7-485e-9b19-b5d1fddc83da|rpc:10.1.0.61:39523|priority:1], old=null, confs=<EMPTY_MAP>
2022-10-08 01:41:19,551 [pool-1528-thread-1] INFO  server.RaftServerConfigKeys (ConfUtils.java:logGet(46)) - raft.server.storage.dir = [/home/runner/work/ozone/ozone/hadoop-ozone/integration-test/target/test-dir/MiniOzoneClusterImpl-bdb582a0-2e2b-403c-a8c7-17c71ed5f666/datanode-1/data/ratis] (custom)
2022-10-08 01:41:19,551 [pool-1528-thread-1] INFO  server.RaftServerConfigKeys (ConfUtils.java:logGet(46)) - raft.server.log.corruption.policy = EXCEPTION (default)
2022-10-08 01:41:19,551 [pool-1528-thread-1] INFO  server.RaftServerConfigKeys (ConfUtils.java:logGet(46)) - raft.server.storage.free-space.min = 0MB (=0) (default)
2022-10-08 01:41:19,551 [pool-1528-thread-1] INFO  storage.RaftStorageDirectory (RaftStorageDirectoryImpl.java:analyzeStorage(135)) - The storage directory /home/runner/work/ozone/ozone/hadoop-ozone/integration-test/target/test-dir/MiniOzoneClusterImpl-bdb582a0-2e2b-403c-a8c7-17c71ed5f666/datanode-1/data/ratis/d66685b8-151f-4313-bcd7-ed3a5afd36e6 does not exist. Creating ...
2022-10-08 01:41:19,561 [pool-1528-thread-1] INFO  storage.RaftStorageDirectory (RaftStorageDirectoryImpl.java:tryLock(230)) - Lock on /home/runner/work/ozone/ozone/hadoop-ozone/integration-test/target/test-dir/MiniOzoneClusterImpl-bdb582a0-2e2b-403c-a8c7-17c71ed5f666/datanode-1/data/ratis/d66685b8-151f-4313-bcd7-ed3a5afd36e6/in_use.lock acquired by nodename 52807@fv-az180-867
2022-10-08 01:41:19,569 [pool-1528-thread-1] INFO  storage.RaftStorage (RaftStorageImpl.java:format(89)) - Storage directory /home/runner/work/ozone/ozone/hadoop-ozone/integration-test/target/test-dir/MiniOzoneClusterImpl-bdb582a0-2e2b-403c-a8c7-17c71ed5f666/datanode-1/data/ratis/d66685b8-151f-4313-bcd7-ed3a5afd36e6 has been successfully formatted.
2022-10-08 01:41:19,572 [EventQueue-NodeRegistrationContainerReportForDataNodeSafeModeRule] INFO  safemode.SCMSafeModeManager (DataNodeSafeModeRule.java:process(71)) - SCM in safe mode. 3 DataNodes registered, 3 required.
2022-10-08 01:41:19,573 [EventQueue-NodeRegistrationContainerReportForDataNodeSafeModeRule] INFO  safemode.SCMSafeModeManager (SCMSafeModeManager.java:validateSafeModeExitRules(204)) - DataNodeSafeModeRule rule is successfully validated
2022-10-08 01:41:19,573 [EventQueue-NodeRegistrationContainerReportForDataNodeSafeModeRule] INFO  safemode.SCMSafeModeManager (SCMSafeModeManager.java:completePreCheck(233)) - All SCM safe mode pre check rules have passed
2022-10-08 01:41:19,573 [EventQueue-NodeRegistrationContainerReportForDataNodeSafeModeRule] WARN  events.EventQueue (EventQueue.java:fireEvent(216)) - No event handler registered for event TypedEvent{payloadType=SafeModeStatus, name='Safe mode status'}
2022-10-08 01:41:19,573 [EventQueue-NodeRegistrationContainerReportForDataNodeSafeModeRule] INFO  ha.SCMContext (SCMContext.java:updateSafeModeStatus(228)) - Update SafeModeStatus from SafeModeStatus{safeModeStatus=true, preCheckPassed=false} to SafeModeStatus{safeModeStatus=true, preCheckPassed=true}.
2022-10-08 01:41:19,573 [EventQueue-NodeRegistrationContainerReportForDataNodeSafeModeRule] INFO  pipeline.BackgroundPipelineCreator (BackgroundPipelineCreator.java:notifyEventTriggered(276)) - trigger a one-shot run on RatisPipelineUtilsThread.
2022-10-08 01:41:19,600 [pool-1528-thread-1] INFO  ratis.ContainerStateMachine (ContainerStateMachine.java:loadSnapshot(236)) - group-ED3A5AFD36E6: The snapshot info is null. Setting the last applied indexto:(t:0, i:~)
2022-10-08 01:41:19,600 [pool-1528-thread-1] INFO  server.RaftServerConfigKeys (ConfUtils.java:logGet(46)) - raft.server.notification.no-leader.timeout = 300s (custom)
2022-10-08 01:41:19,600 [pool-1528-thread-1] INFO  server.RaftServerConfigKeys (ConfUtils.java:logGet(46)) - raft.server.log.use.memory = false (default)
2022-10-08 01:41:19,600 [pool-1528-thread-1] INFO  server.RaftServerConfigKeys (ConfUtils.java:logGet(46)) - raft.server.log.purge.gap = 1000000 (custom)
2022-10-08 01:41:19,600 [pool-1528-thread-1] INFO  server.RaftServerConfigKeys (ConfUtils.java:logGet(46)) - raft.server.log.appender.buffer.byte-limit = 33554432 (custom)
2022-10-08 01:41:19,600 [pool-1528-thread-1] INFO  server.RaftServerConfigKeys (ConfUtils.java:logGet(46)) - raft.server.log.statemachine.data.read.timeout = 1000ms (default)
2022-10-08 01:41:19,601 [pool-1528-thread-1] INFO  server.RaftServerConfigKeys (ConfUtils.java:logGet(46)) - raft.server.log.segment.size.max = 1048576 (custom)
2022-10-08 01:41:19,601 [pool-1528-thread-1] INFO  server.RaftServerConfigKeys (ConfUtils.java:logGet(46)) - raft.server.log.segment.cache.num.max = 2 (custom)
2022-10-08 01:41:19,601 [pool-1528-thread-1] INFO  server.RaftServerConfigKeys (ConfUtils.java:logGet(46)) - raft.server.log.segment.cache.size.max = 200MB (=209715200) (default)
2022-10-08 01:41:19,601 [pool-1528-thread-1] INFO  segmented.SegmentedRaftLogWorker (SegmentedRaftLogWorker.java:<init>(187)) - new 10b21bb1-cee7-485e-9b19-b5d1fddc83da@group-ED3A5AFD36E6-SegmentedRaftLogWorker for RaftStorageImpl:Storage Directory /home/runner/work/ozone/ozone/hadoop-ozone/integration-test/target/test-dir/MiniOzoneClusterImpl-bdb582a0-2e2b-403c-a8c7-17c71ed5f666/datanode-1/data/ratis/d66685b8-151f-4313-bcd7-ed3a5afd36e6
2022-10-08 01:41:19,601 [pool-1528-thread-1] INFO  server.RaftServerConfigKeys (ConfUtils.java:logGet(46)) - raft.server.log.queue.byte-limit = 4294967296 (custom)
2022-10-08 01:41:19,601 [pool-1528-thread-1] INFO  server.RaftServerConfigKeys (ConfUtils.java:logGet(46)) - raft.server.log.queue.element-limit = 1024 (custom)
2022-10-08 01:41:19,601 [pool-1528-thread-1] INFO  server.RaftServerConfigKeys (ConfUtils.java:logGet(46)) - raft.server.log.segment.size.max = 1048576 (custom)
2022-10-08 01:41:19,602 [pool-1528-thread-1] INFO  server.RaftServerConfigKeys (ConfUtils.java:logGet(46)) - raft.server.log.preallocated.size = 16384 (custom)
2022-10-08 01:41:19,602 [pool-1528-thread-1] INFO  server.RaftServerConfigKeys (ConfUtils.java:logGet(46)) - raft.server.log.force.sync.num = 128 (default)
2022-10-08 01:41:19,602 [pool-1528-thread-1] INFO  server.RaftServerConfigKeys (ConfUtils.java:logGet(46)) - raft.server.log.statemachine.data.sync = true (default)
2022-10-08 01:41:19,602 [pool-1528-thread-1] INFO  server.RaftServerConfigKeys (ConfUtils.java:logGet(46)) - raft.server.log.statemachine.data.sync.timeout = 10s (default)
2022-10-08 01:41:19,602 [pool-1528-thread-1] INFO  server.RaftServerConfigKeys (ConfUtils.java:logGet(46)) - raft.server.log.statemachine.data.sync.timeout.retry = -1 (default)
2022-10-08 01:41:19,603 [pool-1528-thread-1] INFO  server.RaftServerConfigKeys (ConfUtils.java:logGet(46)) - raft.server.log.write.buffer.size = 1048576 (custom)
2022-10-08 01:41:19,604 [pool-1528-thread-1] INFO  server.RaftServerConfigKeys (ConfUtils.java:logGet(46)) - raft.server.log.unsafe-flush.enabled = false (default)
2022-10-08 01:41:19,604 [pool-1528-thread-1] INFO  server.RaftServerConfigKeys (ConfUtils.java:logGet(46)) - raft.server.log.statemachine.data.caching.enabled = true (custom)
2022-10-08 01:41:19,608 [EndpointStateMachine task thread for /0.0.0.0:41995 - 0 ] INFO  server.XceiverServerGrpc (XceiverServerGrpc.java:start(180)) - XceiverServerGrpc be283514-8952-4898-8cdc-39ab4c54d87f is started using port 41293
2022-10-08 01:41:19,609 [RatisPipelineUtilsThread - 0] INFO  pipeline.RatisPipelineProvider (RatisPipelineProvider.java:lambda$create$0(195)) - Sending CreatePipelineCommand for pipeline:PipelineID=590c537a-077b-4dc6-a3b2-1f3683dd7802 to datanode:a69a6355-4fd1-4dab-9c4a-ef9dfbf2b80d
2022-10-08 01:41:19,610 [RatisPipelineUtilsThread - 0] INFO  pipeline.PipelineStateManagerImpl (PipelineStateManagerImpl.java:addPipeline(103)) - Created pipeline Pipeline[ Id: 590c537a-077b-4dc6-a3b2-1f3683dd7802, Nodes: a69a6355-4fd1-4dab-9c4a-ef9dfbf2b80d{ip: 10.1.0.61, host: fv-az180-867.g3pwtgv4ffyuhaixmbmm0kyh3d.gx.internal.cloudapp.net, ports: [REPLICATION=45291, RATIS=41029, RATIS_ADMIN=41029, RATIS_SERVER=41029, STANDALONE=42351], networkLocation: /default-rack, certSerialId: null, persistedOpState: IN_SERVICE, persistedOpStateExpiryEpochSec: 0}, ReplicationConfig: RATIS/ONE, State:ALLOCATED, leaderId:, CreationTimestamp2022-10-08T01:41:19.609Z[Etc/UTC]].
2022-10-08 01:41:19,610 [RatisPipelineUtilsThread - 0] INFO  pipeline.RatisPipelineProvider (RatisPipelineProvider.java:lambda$create$0(195)) - Sending CreatePipelineCommand for pipeline:PipelineID=f710574b-f3f5-4d0d-81a3-cca682a2f973 to datanode:10b21bb1-cee7-485e-9b19-b5d1fddc83da
2022-10-08 01:41:19,610 [RatisPipelineUtilsThread - 0] INFO  pipeline.RatisPipelineProvider (RatisPipelineProvider.java:lambda$create$0(195)) - Sending CreatePipelineCommand for pipeline:PipelineID=f710574b-f3f5-4d0d-81a3-cca682a2f973 to datanode:a69a6355-4fd1-4dab-9c4a-ef9dfbf2b80d
2022-10-08 01:41:19,610 [RatisPipelineUtilsThread - 0] INFO  pipeline.RatisPipelineProvider (RatisPipelineProvider.java:lambda$create$0(195)) - Sending CreatePipelineCommand for pipeline:PipelineID=f710574b-f3f5-4d0d-81a3-cca682a2f973 to datanode:6d9ca658-4f65-4bc8-8244-8fb27ff2ac77
2022-10-08 01:41:19,610 [RatisPipelineUtilsThread - 0] INFO  pipeline.PipelineStateManagerImpl (PipelineStateManagerImpl.java:addPipeline(103)) - Created pipeline Pipeline[ Id: f710574b-f3f5-4d0d-81a3-cca682a2f973, Nodes: 10b21bb1-cee7-485e-9b19-b5d1fddc83da{ip: 10.1.0.61, host: fv-az180-867.g3pwtgv4ffyuhaixmbmm0kyh3d.gx.internal.cloudapp.net, ports: [REPLICATION=43355, RATIS=39523, RATIS_ADMIN=39523, RATIS_SERVER=39523, STANDALONE=33169], networkLocation: /default-rack, certSerialId: null, persistedOpState: IN_SERVICE, persistedOpStateExpiryEpochSec: 0}a69a6355-4fd1-4dab-9c4a-ef9dfbf2b80d{ip: 10.1.0.61, host: fv-az180-867.g3pwtgv4ffyuhaixmbmm0kyh3d.gx.internal.cloudapp.net, ports: [REPLICATION=45291, RATIS=41029, RATIS_ADMIN=41029, RATIS_SERVER=41029, STANDALONE=42351], networkLocation: /default-rack, certSerialId: null, persistedOpState: IN_SERVICE, persistedOpStateExpiryEpochSec: 0}6d9ca658-4f65-4bc8-8244-8fb27ff2ac77{ip: 10.1.0.61, host: fv-az180-867.g3pwtgv4ffyuhaixmbmm0kyh3d.gx.internal.cloudapp.net, ports: [REPLICATION=44649, RATIS=45133, RATIS_ADMIN=45133, RATIS_SERVER=45133, STANDALONE=40939], networkLocation: /default-rack, certSerialId: null, persistedOpState: IN_SERVICE, persistedOpStateExpiryEpochSec: 0}, ReplicationConfig: RATIS/THREE, State:ALLOCATED, leaderId:, CreationTimestamp2022-10-08T01:41:19.610Z[Etc/UTC]].
2022-10-08 01:41:19,676 [pool-1528-thread-1] INFO  segmented.SegmentedRaftLogWorker (SegmentedRaftLogWorker.java:lambda$new$0(135)) - 10b21bb1-cee7-485e-9b19-b5d1fddc83da@group-ED3A5AFD36E6-SegmentedRaftLogWorker: flushIndex: setUnconditionally 0 -> -1
2022-10-08 01:41:19,676 [pool-1528-thread-1] INFO  segmented.SegmentedRaftLogWorker (SegmentedRaftLogWorker.java:lambda$new$0(135)) - 10b21bb1-cee7-485e-9b19-b5d1fddc83da@group-ED3A5AFD36E6-SegmentedRaftLogWorker: safeCacheEvictIndex: setUnconditionally 0 -> -1
2022-10-08 01:41:19,700 [pool-1528-thread-1] INFO  server.RaftServerConfigKeys (ConfUtils.java:logGet(46)) - raft.server.snapshot.auto.trigger.enabled = true (custom)
2022-10-08 01:41:19,700 [pool-1528-thread-1] INFO  server.RaftServerConfigKeys (ConfUtils.java:logGet(46)) - raft.server.snapshot.auto.trigger.threshold = 10000 (custom)
2022-10-08 01:41:19,700 [pool-1528-thread-1] INFO  server.RaftServerConfigKeys (ConfUtils.java:logGet(46)) - raft.server.snapshot.retention.file.num = 5 (custom)
2022-10-08 01:41:19,700 [pool-1528-thread-1] INFO  server.RaftServerConfigKeys (ConfUtils.java:logGet(46)) - raft.server.log.purge.upto.snapshot.index = false (default)
2022-10-08 01:41:19,700 [pool-1528-thread-1] INFO  server.RaftServerConfigKeys (ConfUtils.java:logGet(46)) - raft.server.retrycache.expirytime = 600000ms (custom)
2022-10-08 01:41:19,700 [pool-1528-thread-1] INFO  server.RaftServerConfigKeys (ConfUtils.java:logGet(46)) - raft.server.retrycache.statistics.expirytime = 100μs (default)
2022-10-08 01:41:19,716 [pool-1528-thread-1] INFO  server.RaftServerConfigKeys (ConfUtils.java:logGet(46)) - raft.server.log.appender.install.snapshot.enabled = false (custom)
2022-10-08 01:41:19,716 [pool-1528-thread-1] INFO  server.RaftServerConfigKeys (ConfUtils.java:logGet(46)) - raft.server.threadpool.server.cached = true (default)
2022-10-08 01:41:19,716 [pool-1528-thread-1] INFO  server.RaftServerConfigKeys (ConfUtils.java:logGet(46)) - raft.server.threadpool.server.size = 0 (default)
2022-10-08 01:41:19,716 [pool-1528-thread-1] INFO  server.RaftServerConfigKeys (ConfUtils.java:logGet(46)) - raft.server.threadpool.client.cached = true (default)
2022-10-08 01:41:19,716 [pool-1528-thread-1] INFO  server.RaftServerConfigKeys (ConfUtils.java:logGet(46)) - raft.server.threadpool.client.size = 0 (default)
2022-10-08 01:41:19,716 [pool-1528-thread-1] INFO  server.RaftServer$Division (RaftServerImpl.java:start(310)) - 10b21bb1-cee7-485e-9b19-b5d1fddc83da@group-ED3A5AFD36E6: start as a follower, conf=-1: [10b21bb1-cee7-485e-9b19-b5d1fddc83da|rpc:10.1.0.61:39523|priority:1], old=null
2022-10-08 01:41:19,716 [pool-1528-thread-1] INFO  server.RaftServer$Division (RaftServerImpl.java:setRole(299)) - 10b21bb1-cee7-485e-9b19-b5d1fddc83da@group-ED3A5AFD36E6: changes role from      null to FOLLOWER at term 0 for startAsFollower
2022-10-08 01:41:19,729 [pool-1528-thread-1] INFO  impl.RoleInfo (RoleInfo.java:updateAndGet(139)) - 10b21bb1-cee7-485e-9b19-b5d1fddc83da: start 10b21bb1-cee7-485e-9b19-b5d1fddc83da@group-ED3A5AFD36E6-FollowerState
2022-10-08 01:41:19,729 [EventQueue-PipelineReportForPipelineReportHandler] INFO  pipeline.PipelineManagerImpl (PipelineManagerImpl.java:openPipeline(367)) - Pipeline Pipeline[ Id: d66685b8-151f-4313-bcd7-ed3a5afd36e6, Nodes: 10b21bb1-cee7-485e-9b19-b5d1fddc83da{ip: 10.1.0.61, host: fv-az180-867.g3pwtgv4ffyuhaixmbmm0kyh3d.gx.internal.cloudapp.net, ports: [REPLICATION=43355, RATIS=39523, RATIS_ADMIN=39523, RATIS_SERVER=39523, STANDALONE=33169], networkLocation: /default-rack, certSerialId: null, persistedOpState: IN_SERVICE, persistedOpStateExpiryEpochSec: 0}, ReplicationConfig: RATIS/ONE, State:ALLOCATED, leaderId:10b21bb1-cee7-485e-9b19-b5d1fddc83da, CreationTimestamp2022-10-08T01:41:16.368Z[Etc/UTC]] moved to OPEN state
2022-10-08 01:41:19,730 [pool-1528-thread-1] INFO  util.JmxRegister (JmxRegister.java:tryRegister(44)) - Successfully registered JMX Bean with object name Ratis:service=RaftServer,group=group-ED3A5AFD36E6,id=10b21bb1-cee7-485e-9b19-b5d1fddc83da
2022-10-08 01:41:19,731 [Command processor thread] INFO  ratis.XceiverServerRatis (XceiverServerRatis.java:addGroup(765)) - Created group PipelineID=d66685b8-151f-4313-bcd7-ed3a5afd36e6
2022-10-08 01:41:19,731 [Command processor thread] INFO  commandhandler.CreatePipelineCommandHandler (CreatePipelineCommandHandler.java:handle(113)) - Created Pipeline RATIS ONE PipelineID=d66685b8-151f-4313-bcd7-ed3a5afd36e6.
2022-10-08 01:41:19,731 [Command processor thread] INFO  server.RaftServer (RaftServerProxy.java:addNew(96)) - 10b21bb1-cee7-485e-9b19-b5d1fddc83da: addNew group-CCA682A2F973:[10b21bb1-cee7-485e-9b19-b5d1fddc83da|rpc:10.1.0.61:39523|priority:1, 6d9ca658-4f65-4bc8-8244-8fb27ff2ac77|rpc:10.1.0.61:45133|priority:0, a69a6355-4fd1-4dab-9c4a-ef9dfbf2b80d|rpc:10.1.0.61:41029|priority:0] returns group-CCA682A2F973:java.util.concurrent.CompletableFuture@5bba6098[Not completed]
2022-10-08 01:41:19,731 [pool-1528-thread-1] INFO  server.RaftServer$Division (RaftServerImpl.java:<init>(190)) - 10b21bb1-cee7-485e-9b19-b5d1fddc83da: new RaftServerImpl for group-CCA682A2F973:[10b21bb1-cee7-485e-9b19-b5d1fddc83da|rpc:10.1.0.61:39523|priority:1, 6d9ca658-4f65-4bc8-8244-8fb27ff2ac77|rpc:10.1.0.61:45133|priority:0, a69a6355-4fd1-4dab-9c4a-ef9dfbf2b80d|rpc:10.1.0.61:41029|priority:0] with ContainerStateMachine:uninitialized
2022-10-08 01:41:19,731 [pool-1528-thread-1] INFO  server.RaftServerConfigKeys (ConfUtils.java:logGet(46)) - raft.server.rpc.timeout.min = 5s (custom)
2022-10-08 01:41:19,732 [pool-1528-thread-1] INFO  server.RaftServerConfigKeys (ConfUtils.java:logGet(46)) - raft.server.rpc.timeout.max = 5200ms (custom)
2022-10-08 01:41:19,732 [pool-1528-thread-1] INFO  server.RaftServerConfigKeys (ConfUtils.java:logGet(46)) - raft.server.rpc.sleep.time = 25ms (default)
2022-10-08 01:41:19,732 [pool-1528-thread-1] INFO  server.RaftServerConfigKeys (ConfUtils.java:logGet(46)) - raft.server.rpc.slowness.timeout = 300s (custom)
2022-10-08 01:41:19,732 [pool-1528-thread-1] INFO  server.RaftServerConfigKeys (ConfUtils.java:logGet(46)) - raft.server.leaderelection.leader.step-down.wait-time = 10s (default)
2022-10-08 01:41:19,732 [pool-1528-thread-1] INFO  server.RaftServerConfigKeys (ConfUtils.java:logGet(46)) - raft.server.sleep.deviation.threshold = 300ms (default)
2022-10-08 01:41:19,732 [pool-1528-thread-1] INFO  server.RaftServer$Division (ServerState.java:<init>(107)) - 10b21bb1-cee7-485e-9b19-b5d1fddc83da@group-CCA682A2F973: ConfigurationManager, init=-1: [10b21bb1-cee7-485e-9b19-b5d1fddc83da|rpc:10.1.0.61:39523|priority:1, 6d9ca658-4f65-4bc8-8244-8fb27ff2ac77|rpc:10.1.0.61:45133|priority:0, a69a6355-4fd1-4dab-9c4a-ef9dfbf2b80d|rpc:10.1.0.61:41029|priority:0], old=null, confs=<EMPTY_MAP>
2022-10-08 01:41:19,732 [pool-1528-thread-1] INFO  server.RaftServerConfigKeys (ConfUtils.java:logGet(46)) - raft.server.storage.dir = [/home/runner/work/ozone/ozone/hadoop-ozone/integration-test/target/test-dir/MiniOzoneClusterImpl-bdb582a0-2e2b-403c-a8c7-17c71ed5f666/datanode-1/data/ratis] (custom)
2022-10-08 01:41:19,732 [pool-1528-thread-1] INFO  server.RaftServerConfigKeys (ConfUtils.java:logGet(46)) - raft.server.log.corruption.policy = EXCEPTION (default)
2022-10-08 01:41:19,732 [pool-1528-thread-1] INFO  server.RaftServerConfigKeys (ConfUtils.java:logGet(46)) - raft.server.storage.free-space.min = 0MB (=0) (default)
2022-10-08 01:41:19,732 [pool-1528-thread-1] INFO  storage.RaftStorageDirectory (RaftStorageDirectoryImpl.java:analyzeStorage(135)) - The storage directory /home/runner/work/ozone/ozone/hadoop-ozone/integration-test/target/test-dir/MiniOzoneClusterImpl-bdb582a0-2e2b-403c-a8c7-17c71ed5f666/datanode-1/data/ratis/f710574b-f3f5-4d0d-81a3-cca682a2f973 does not exist. Creating ...
2022-10-08 01:41:19,764 [pool-1528-thread-1] INFO  storage.RaftStorageDirectory (RaftStorageDirectoryImpl.java:tryLock(230)) - Lock on /home/runner/work/ozone/ozone/hadoop-ozone/integration-test/target/test-dir/MiniOzoneClusterImpl-bdb582a0-2e2b-403c-a8c7-17c71ed5f666/datanode-1/data/ratis/f710574b-f3f5-4d0d-81a3-cca682a2f973/in_use.lock acquired by nodename 52807@fv-az180-867
2022-10-08 01:41:19,784 [EventQueue-OpenPipelineForHealthyPipelineSafeModeRule] INFO  safemode.SCMSafeModeManager (HealthyPipelineSafeModeRule.java:process(137)) - SCM in safe mode. Healthy pipelines reported count is 0, required healthy pipeline reported count is 1
2022-10-08 01:41:19,867 [pool-1528-thread-1] INFO  storage.RaftStorage (RaftStorageImpl.java:format(89)) - Storage directory /home/runner/work/ozone/ozone/hadoop-ozone/integration-test/target/test-dir/MiniOzoneClusterImpl-bdb582a0-2e2b-403c-a8c7-17c71ed5f666/datanode-1/data/ratis/f710574b-f3f5-4d0d-81a3-cca682a2f973 has been successfully formatted.
2022-10-08 01:41:19,868 [pool-1528-thread-1] INFO  ratis.ContainerStateMachine (ContainerStateMachine.java:loadSnapshot(236)) - group-CCA682A2F973: The snapshot info is null. Setting the last applied indexto:(t:0, i:~)
2022-10-08 01:41:19,868 [pool-1528-thread-1] INFO  server.RaftServerConfigKeys (ConfUtils.java:logGet(46)) - raft.server.notification.no-leader.timeout = 300s (custom)
2022-10-08 01:41:19,868 [pool-1528-thread-1] INFO  server.RaftServerConfigKeys (ConfUtils.java:logGet(46)) - raft.server.log.use.memory = false (default)
2022-10-08 01:41:19,868 [pool-1528-thread-1] INFO  server.RaftServerConfigKeys (ConfUtils.java:logGet(46)) - raft.server.log.purge.gap = 1000000 (custom)
2022-10-08 01:41:19,868 [pool-1528-thread-1] INFO  server.RaftServerConfigKeys (ConfUtils.java:logGet(46)) - raft.server.log.appender.buffer.byte-limit = 33554432 (custom)
2022-10-08 01:41:19,868 [pool-1528-thread-1] INFO  server.RaftServerConfigKeys (ConfUtils.java:logGet(46)) - raft.server.log.statemachine.data.read.timeout = 1000ms (default)
2022-10-08 01:41:19,868 [pool-1528-thread-1] INFO  server.RaftServerConfigKeys (ConfUtils.java:logGet(46)) - raft.server.log.segment.size.max = 1048576 (custom)
2022-10-08 01:41:19,869 [pool-1528-thread-1] INFO  server.RaftServerConfigKeys (ConfUtils.java:logGet(46)) - raft.server.log.segment.cache.num.max = 2 (custom)
2022-10-08 01:41:19,869 [pool-1528-thread-1] INFO  server.RaftServerConfigKeys (ConfUtils.java:logGet(46)) - raft.server.log.segment.cache.size.max = 200MB (=209715200) (default)
2022-10-08 01:41:19,869 [pool-1528-thread-1] INFO  segmented.SegmentedRaftLogWorker (SegmentedRaftLogWorker.java:<init>(187)) - new 10b21bb1-cee7-485e-9b19-b5d1fddc83da@group-CCA682A2F973-SegmentedRaftLogWorker for RaftStorageImpl:Storage Directory /home/runner/work/ozone/ozone/hadoop-ozone/integration-test/target/test-dir/MiniOzoneClusterImpl-bdb582a0-2e2b-403c-a8c7-17c71ed5f666/datanode-1/data/ratis/f710574b-f3f5-4d0d-81a3-cca682a2f973
2022-10-08 01:41:19,869 [pool-1528-thread-1] INFO  server.RaftServerConfigKeys (ConfUtils.java:logGet(46)) - raft.server.log.queue.byte-limit = 4294967296 (custom)
2022-10-08 01:41:19,869 [pool-1528-thread-1] INFO  server.RaftServerConfigKeys (ConfUtils.java:logGet(46)) - raft.server.log.queue.element-limit = 1024 (custom)
2022-10-08 01:41:19,869 [pool-1528-thread-1] INFO  server.RaftServerConfigKeys (ConfUtils.java:logGet(46)) - raft.server.log.segment.size.max = 1048576 (custom)
2022-10-08 01:41:19,869 [pool-1528-thread-1] INFO  server.RaftServerConfigKeys (ConfUtils.java:logGet(46)) - raft.server.log.preallocated.size = 16384 (custom)
2022-10-08 01:41:19,869 [pool-1528-thread-1] INFO  server.RaftServerConfigKeys (ConfUtils.java:logGet(46)) - raft.server.log.force.sync.num = 128 (default)
2022-10-08 01:41:19,869 [pool-1528-thread-1] INFO  server.RaftServerConfigKeys (ConfUtils.java:logGet(46)) - raft.server.log.statemachine.data.sync = true (default)
2022-10-08 01:41:19,869 [pool-1528-thread-1] INFO  server.RaftServerConfigKeys (ConfUtils.java:logGet(46)) - raft.server.log.statemachine.data.sync.timeout = 10s (default)
2022-10-08 01:41:19,869 [pool-1528-thread-1] INFO  server.RaftServerConfigKeys (ConfUtils.java:logGet(46)) - raft.server.log.statemachine.data.sync.timeout.retry = -1 (default)
2022-10-08 01:41:19,871 [pool-1528-thread-1] INFO  server.RaftServerConfigKeys (ConfUtils.java:logGet(46)) - raft.server.log.write.buffer.size = 1048576 (custom)
2022-10-08 01:41:19,871 [pool-1528-thread-1] INFO  server.RaftServerConfigKeys (ConfUtils.java:logGet(46)) - raft.server.log.unsafe-flush.enabled = false (default)
2022-10-08 01:41:19,871 [pool-1528-thread-1] INFO  server.RaftServerConfigKeys (ConfUtils.java:logGet(46)) - raft.server.log.statemachine.data.caching.enabled = true (custom)
2022-10-08 01:41:19,872 [pool-1528-thread-1] INFO  segmented.SegmentedRaftLogWorker (SegmentedRaftLogWorker.java:lambda$new$0(135)) - 10b21bb1-cee7-485e-9b19-b5d1fddc83da@group-CCA682A2F973-SegmentedRaftLogWorker: flushIndex: setUnconditionally 0 -> -1
2022-10-08 01:41:19,872 [pool-1528-thread-1] INFO  segmented.SegmentedRaftLogWorker (SegmentedRaftLogWorker.java:lambda$new$0(135)) - 10b21bb1-cee7-485e-9b19-b5d1fddc83da@group-CCA682A2F973-SegmentedRaftLogWorker: safeCacheEvictIndex: setUnconditionally 0 -> -1
2022-10-08 01:41:19,873 [EventQueue-OpenPipelineForHealthyPipelineSafeModeRule] INFO  safemode.SCMSafeModeManager (HealthyPipelineSafeModeRule.java:process(137)) - SCM in safe mode. Healthy pipelines reported count is 0, required healthy pipeline reported count is 1
2022-10-08 01:41:19,896 [pool-1528-thread-1] INFO  server.RaftServerConfigKeys (ConfUtils.java:logGet(46)) - raft.server.snapshot.auto.trigger.enabled = true (custom)
2022-10-08 01:41:19,896 [pool-1528-thread-1] INFO  server.RaftServerConfigKeys (ConfUtils.java:logGet(46)) - raft.server.snapshot.auto.trigger.threshold = 10000 (custom)
2022-10-08 01:41:19,896 [pool-1528-thread-1] INFO  server.RaftServerConfigKeys (ConfUtils.java:logGet(46)) - raft.server.snapshot.retention.file.num = 5 (custom)
2022-10-08 01:41:19,896 [pool-1528-thread-1] INFO  server.RaftServerConfigKeys (ConfUtils.java:logGet(46)) - raft.server.log.purge.upto.snapshot.index = false (default)
2022-10-08 01:41:19,896 [pool-1528-thread-1] INFO  server.RaftServerConfigKeys (ConfUtils.java:logGet(46)) - raft.server.retrycache.expirytime = 600000ms (custom)
2022-10-08 01:41:19,896 [pool-1528-thread-1] INFO  server.RaftServerConfigKeys (ConfUtils.java:logGet(46)) - raft.server.retrycache.statistics.expirytime = 100μs (default)
2022-10-08 01:41:19,899 [pool-1528-thread-1] INFO  server.RaftServerConfigKeys (ConfUtils.java:logGet(46)) - raft.server.log.appender.install.snapshot.enabled = false (custom)
2022-10-08 01:41:19,899 [pool-1528-thread-1] INFO  server.RaftServerConfigKeys (ConfUtils.java:logGet(46)) - raft.server.threadpool.server.cached = true (default)
2022-10-08 01:41:19,899 [pool-1528-thread-1] INFO  server.RaftServerConfigKeys (ConfUtils.java:logGet(46)) - raft.server.threadpool.server.size = 0 (default)
2022-10-08 01:41:19,899 [pool-1528-thread-1] INFO  server.RaftServerConfigKeys (ConfUtils.java:logGet(46)) - raft.server.threadpool.client.cached = true (default)
2022-10-08 01:41:19,899 [pool-1528-thread-1] INFO  server.RaftServerConfigKeys (ConfUtils.java:logGet(46)) - raft.server.threadpool.client.size = 0 (default)
2022-10-08 01:41:19,899 [pool-1528-thread-1] INFO  server.RaftServer$Division (RaftServerImpl.java:start(310)) - 10b21bb1-cee7-485e-9b19-b5d1fddc83da@group-CCA682A2F973: start as a follower, conf=-1: [10b21bb1-cee7-485e-9b19-b5d1fddc83da|rpc:10.1.0.61:39523|priority:1, 6d9ca658-4f65-4bc8-8244-8fb27ff2ac77|rpc:10.1.0.61:45133|priority:0, a69a6355-4fd1-4dab-9c4a-ef9dfbf2b80d|rpc:10.1.0.61:41029|priority:0], old=null
2022-10-08 01:41:19,900 [pool-1528-thread-1] INFO  server.RaftServer$Division (RaftServerImpl.java:setRole(299)) - 10b21bb1-cee7-485e-9b19-b5d1fddc83da@group-CCA682A2F973: changes role from      null to FOLLOWER at term 0 for startAsFollower
2022-10-08 01:41:19,900 [pool-1528-thread-1] INFO  impl.RoleInfo (RoleInfo.java:updateAndGet(139)) - 10b21bb1-cee7-485e-9b19-b5d1fddc83da: start 10b21bb1-cee7-485e-9b19-b5d1fddc83da@group-CCA682A2F973-FollowerState
2022-10-08 01:41:19,936 [pool-1528-thread-1] INFO  util.JmxRegister (JmxRegister.java:tryRegister(44)) - Successfully registered JMX Bean with object name Ratis:service=RaftServer,group=group-CCA682A2F973,id=10b21bb1-cee7-485e-9b19-b5d1fddc83da
2022-10-08 01:41:19,960 [Command processor thread] INFO  ratis.XceiverServerRatis (XceiverServerRatis.java:addGroup(765)) - Created group PipelineID=f710574b-f3f5-4d0d-81a3-cca682a2f973
2022-10-08 01:41:19,996 [grpc-default-executor-14] INFO  server.RaftServer (RaftServerProxy.java:addNew(96)) - a69a6355-4fd1-4dab-9c4a-ef9dfbf2b80d: addNew group-CCA682A2F973:[10b21bb1-cee7-485e-9b19-b5d1fddc83da|rpc:10.1.0.61:39523|dataStream:|priority:1, 6d9ca658-4f65-4bc8-8244-8fb27ff2ac77|rpc:10.1.0.61:45133|dataStream:|priority:0, a69a6355-4fd1-4dab-9c4a-ef9dfbf2b80d|rpc:10.1.0.61:41029|dataStream:|priority:0] returns group-CCA682A2F973:java.util.concurrent.CompletableFuture@6da32f4c[Not completed]
2022-10-08 01:41:20,018 [Listener at 127.0.0.1/35929] INFO  ozone.MiniOzoneClusterImpl (MiniOzoneClusterImpl.java:lambda$waitForClusterToBeReady$0(216)) - Waiting for nodes to be ready. Got 3 of 5 DN Heartbeats.
2022-10-08 01:41:20,018 [Listener at 127.0.0.1/35929] INFO  ozone.MiniOzoneClusterImpl (MiniOzoneClusterImpl.java:lambda$waitForClusterToBeReady$0(219)) - Waiting for cluster to exit safe mode
2022-10-08 01:41:20,018 [Listener at 127.0.0.1/35929] INFO  ozone.MiniOzoneClusterImpl (MiniOzoneClusterImpl.java:lambda$waitForClusterToBeReady$0(221)) - SCM became leader
2022-10-08 01:41:20,019 [pool-1551-thread-1] INFO  server.RaftServer$Division (RaftServerImpl.java:<init>(190)) - a69a6355-4fd1-4dab-9c4a-ef9dfbf2b80d: new RaftServerImpl for group-CCA682A2F973:[10b21bb1-cee7-485e-9b19-b5d1fddc83da|rpc:10.1.0.61:39523|dataStream:|priority:1, 6d9ca658-4f65-4bc8-8244-8fb27ff2ac77|rpc:10.1.0.61:45133|dataStream:|priority:0, a69a6355-4fd1-4dab-9c4a-ef9dfbf2b80d|rpc:10.1.0.61:41029|dataStream:|priority:0] with ContainerStateMachine:uninitialized
2022-10-08 01:41:20,019 [pool-1551-thread-1] INFO  server.RaftServerConfigKeys (ConfUtils.java:logGet(46)) - raft.server.rpc.timeout.min = 5s (custom)
2022-10-08 01:41:20,019 [pool-1551-thread-1] INFO  server.RaftServerConfigKeys (ConfUtils.java:logGet(46)) - raft.server.rpc.timeout.max = 5200ms (custom)
2022-10-08 01:41:20,019 [pool-1551-thread-1] INFO  server.RaftServerConfigKeys (ConfUtils.java:logGet(46)) - raft.server.rpc.sleep.time = 25ms (default)
2022-10-08 01:41:20,019 [pool-1551-thread-1] INFO  server.RaftServerConfigKeys (ConfUtils.java:logGet(46)) - raft.server.rpc.slowness.timeout = 300s (custom)
2022-10-08 01:41:20,019 [pool-1551-thread-1] INFO  server.RaftServerConfigKeys (ConfUtils.java:logGet(46)) - raft.server.leaderelection.leader.step-down.wait-time = 10s (default)
2022-10-08 01:41:20,019 [pool-1551-thread-1] INFO  server.RaftServerConfigKeys (ConfUtils.java:logGet(46)) - raft.server.sleep.deviation.threshold = 300ms (default)
2022-10-08 01:41:20,019 [pool-1551-thread-1] INFO  server.RaftServer$Division (ServerState.java:<init>(107)) - a69a6355-4fd1-4dab-9c4a-ef9dfbf2b80d@group-CCA682A2F973: ConfigurationManager, init=-1: [10b21bb1-cee7-485e-9b19-b5d1fddc83da|rpc:10.1.0.61:39523|dataStream:|priority:1, 6d9ca658-4f65-4bc8-8244-8fb27ff2ac77|rpc:10.1.0.61:45133|dataStream:|priority:0, a69a6355-4fd1-4dab-9c4a-ef9dfbf2b80d|rpc:10.1.0.61:41029|dataStream:|priority:0], old=null, confs=<EMPTY_MAP>
2022-10-08 01:41:20,019 [pool-1551-thread-1] INFO  server.RaftServerConfigKeys (ConfUtils.java:logGet(46)) - raft.server.storage.dir = [/home/runner/work/ozone/ozone/hadoop-ozone/integration-test/target/test-dir/MiniOzoneClusterImpl-bdb582a0-2e2b-403c-a8c7-17c71ed5f666/datanode-2/data/ratis] (custom)
2022-10-08 01:41:20,020 [pool-1551-thread-1] INFO  server.RaftServerConfigKeys (ConfUtils.java:logGet(46)) - raft.server.log.corruption.policy = EXCEPTION (default)
2022-10-08 01:41:20,020 [pool-1551-thread-1] INFO  server.RaftServerConfigKeys (ConfUtils.java:logGet(46)) - raft.server.storage.free-space.min = 0MB (=0) (default)
2022-10-08 01:41:20,020 [pool-1551-thread-1] INFO  storage.RaftStorageDirectory (RaftStorageDirectoryImpl.java:analyzeStorage(135)) - The storage directory /home/runner/work/ozone/ozone/hadoop-ozone/integration-test/target/test-dir/MiniOzoneClusterImpl-bdb582a0-2e2b-403c-a8c7-17c71ed5f666/datanode-2/data/ratis/f710574b-f3f5-4d0d-81a3-cca682a2f973 does not exist. Creating ...
2022-10-08 01:41:20,034 [pool-1551-thread-1] INFO  storage.RaftStorageDirectory (RaftStorageDirectoryImpl.java:tryLock(230)) - Lock on /home/runner/work/ozone/ozone/hadoop-ozone/integration-test/target/test-dir/MiniOzoneClusterImpl-bdb582a0-2e2b-403c-a8c7-17c71ed5f666/datanode-2/data/ratis/f710574b-f3f5-4d0d-81a3-cca682a2f973/in_use.lock acquired by nodename 52807@fv-az180-867
2022-10-08 01:41:20,048 [pool-1551-thread-1] INFO  storage.RaftStorage (RaftStorageImpl.java:format(89)) - Storage directory /home/runner/work/ozone/ozone/hadoop-ozone/integration-test/target/test-dir/MiniOzoneClusterImpl-bdb582a0-2e2b-403c-a8c7-17c71ed5f666/datanode-2/data/ratis/f710574b-f3f5-4d0d-81a3-cca682a2f973 has been successfully formatted.
2022-10-08 01:41:20,048 [pool-1551-thread-1] INFO  ratis.ContainerStateMachine (ContainerStateMachine.java:loadSnapshot(236)) - group-CCA682A2F973: The snapshot info is null. Setting the last applied indexto:(t:0, i:~)
2022-10-08 01:41:20,048 [pool-1551-thread-1] INFO  server.RaftServerConfigKeys (ConfUtils.java:logGet(46)) - raft.server.notification.no-leader.timeout = 300s (custom)
2022-10-08 01:41:20,048 [pool-1551-thread-1] INFO  server.RaftServerConfigKeys (ConfUtils.java:logGet(46)) - raft.server.log.use.memory = false (default)
2022-10-08 01:41:20,048 [pool-1551-thread-1] INFO  server.RaftServerConfigKeys (ConfUtils.java:logGet(46)) - raft.server.log.purge.gap = 1000000 (custom)
2022-10-08 01:41:20,048 [pool-1551-thread-1] INFO  server.RaftServerConfigKeys (ConfUtils.java:logGet(46)) - raft.server.log.appender.buffer.byte-limit = 33554432 (custom)
2022-10-08 01:41:20,048 [pool-1551-thread-1] INFO  server.RaftServerConfigKeys (ConfUtils.java:logGet(46)) - raft.server.log.statemachine.data.read.timeout = 1000ms (default)
2022-10-08 01:41:20,049 [pool-1551-thread-1] INFO  server.RaftServerConfigKeys (ConfUtils.java:logGet(46)) - raft.server.log.segment.size.max = 1048576 (custom)
2022-10-08 01:41:20,049 [pool-1551-thread-1] INFO  server.RaftServerConfigKeys (ConfUtils.java:logGet(46)) - raft.server.log.segment.cache.num.max = 2 (custom)
2022-10-08 01:41:20,049 [pool-1551-thread-1] INFO  server.RaftServerConfigKeys (ConfUtils.java:logGet(46)) - raft.server.log.segment.cache.size.max = 200MB (=209715200) (default)
2022-10-08 01:41:20,049 [pool-1551-thread-1] INFO  segmented.SegmentedRaftLogWorker (SegmentedRaftLogWorker.java:<init>(187)) - new a69a6355-4fd1-4dab-9c4a-ef9dfbf2b80d@group-CCA682A2F973-SegmentedRaftLogWorker for RaftStorageImpl:Storage Directory /home/runner/work/ozone/ozone/hadoop-ozone/integration-test/target/test-dir/MiniOzoneClusterImpl-bdb582a0-2e2b-403c-a8c7-17c71ed5f666/datanode-2/data/ratis/f710574b-f3f5-4d0d-81a3-cca682a2f973
2022-10-08 01:41:20,049 [pool-1551-thread-1] INFO  server.RaftServerConfigKeys (ConfUtils.java:logGet(46)) - raft.server.log.queue.byte-limit = 4294967296 (custom)
2022-10-08 01:41:20,050 [pool-1551-thread-1] INFO  server.RaftServerConfigKeys (ConfUtils.java:logGet(46)) - raft.server.log.queue.element-limit = 1024 (custom)
2022-10-08 01:41:20,050 [pool-1551-thread-1] INFO  server.RaftServerConfigKeys (ConfUtils.java:logGet(46)) - raft.server.log.segment.size.max = 1048576 (custom)
2022-10-08 01:41:20,050 [pool-1551-thread-1] INFO  server.RaftServerConfigKeys (ConfUtils.java:logGet(46)) - raft.server.log.preallocated.size = 16384 (custom)
2022-10-08 01:41:20,050 [pool-1551-thread-1] INFO  server.RaftServerConfigKeys (ConfUtils.java:logGet(46)) - raft.server.log.force.sync.num = 128 (default)
2022-10-08 01:41:20,050 [pool-1551-thread-1] INFO  server.RaftServerConfigKeys (ConfUtils.java:logGet(46)) - raft.server.log.statemachine.data.sync = true (default)
2022-10-08 01:41:20,050 [pool-1551-thread-1] INFO  server.RaftServerConfigKeys (ConfUtils.java:logGet(46)) - raft.server.log.statemachine.data.sync.timeout = 10s (default)
2022-10-08 01:41:20,050 [pool-1551-thread-1] INFO  server.RaftServerConfigKeys (ConfUtils.java:logGet(46)) - raft.server.log.statemachine.data.sync.timeout.retry = -1 (default)
2022-10-08 01:41:20,051 [pool-1551-thread-1] INFO  server.RaftServerConfigKeys (ConfUtils.java:logGet(46)) - raft.server.log.write.buffer.size = 1048576 (custom)
2022-10-08 01:41:20,052 [pool-1551-thread-1] INFO  server.RaftServerConfigKeys (ConfUtils.java:logGet(46)) - raft.server.log.unsafe-flush.enabled = false (default)
2022-10-08 01:41:20,054 [pool-1551-thread-1] INFO  server.RaftServerConfigKeys (ConfUtils.java:logGet(46)) - raft.server.log.statemachine.data.caching.enabled = true (custom)
2022-10-08 01:41:20,054 [pool-1551-thread-1] INFO  segmented.SegmentedRaftLogWorker (SegmentedRaftLogWorker.java:lambda$new$0(135)) - a69a6355-4fd1-4dab-9c4a-ef9dfbf2b80d@group-CCA682A2F973-SegmentedRaftLogWorker: flushIndex: setUnconditionally 0 -> -1
2022-10-08 01:41:20,054 [pool-1551-thread-1] INFO  segmented.SegmentedRaftLogWorker (SegmentedRaftLogWorker.java:lambda$new$0(135)) - a69a6355-4fd1-4dab-9c4a-ef9dfbf2b80d@group-CCA682A2F973-SegmentedRaftLogWorker: safeCacheEvictIndex: setUnconditionally 0 -> -1
2022-10-08 01:41:20,070 [pool-1551-thread-1] INFO  server.RaftServerConfigKeys (ConfUtils.java:logGet(46)) - raft.server.snapshot.auto.trigger.enabled = true (custom)
2022-10-08 01:41:20,070 [pool-1551-thread-1] INFO  server.RaftServerConfigKeys (ConfUtils.java:logGet(46)) - raft.server.snapshot.auto.trigger.threshold = 10000 (custom)
2022-10-08 01:41:20,070 [pool-1551-thread-1] INFO  server.RaftServerConfigKeys (ConfUtils.java:logGet(46)) - raft.server.snapshot.retention.file.num = 5 (custom)
2022-10-08 01:41:20,070 [pool-1551-thread-1] INFO  server.RaftServerConfigKeys (ConfUtils.java:logGet(46)) - raft.server.log.purge.upto.snapshot.index = false (default)
2022-10-08 01:41:20,070 [pool-1551-thread-1] INFO  server.RaftServerConfigKeys (ConfUtils.java:logGet(46)) - raft.server.retrycache.expirytime = 600000ms (custom)
2022-10-08 01:41:20,070 [pool-1551-thread-1] INFO  server.RaftServerConfigKeys (ConfUtils.java:logGet(46)) - raft.server.retrycache.statistics.expirytime = 100μs (default)
2022-10-08 01:41:20,073 [pool-1551-thread-1] INFO  server.RaftServerConfigKeys (ConfUtils.java:logGet(46)) - raft.server.log.appender.install.snapshot.enabled = false (custom)
2022-10-08 01:41:20,073 [pool-1551-thread-1] INFO  server.RaftServerConfigKeys (ConfUtils.java:logGet(46)) - raft.server.threadpool.server.cached = true (default)
2022-10-08 01:41:20,073 [pool-1551-thread-1] INFO  server.RaftServerConfigKeys (ConfUtils.java:logGet(46)) - raft.server.threadpool.server.size = 0 (default)
2022-10-08 01:41:20,073 [pool-1551-thread-1] INFO  server.RaftServerConfigKeys (ConfUtils.java:logGet(46)) - raft.server.threadpool.client.cached = true (default)
2022-10-08 01:41:20,073 [pool-1551-thread-1] INFO  server.RaftServerConfigKeys (ConfUtils.java:logGet(46)) - raft.server.threadpool.client.size = 0 (default)
2022-10-08 01:41:20,073 [pool-1551-thread-1] INFO  server.RaftServer$Division (RaftServerImpl.java:start(310)) - a69a6355-4fd1-4dab-9c4a-ef9dfbf2b80d@group-CCA682A2F973: start as a follower, conf=-1: [10b21bb1-cee7-485e-9b19-b5d1fddc83da|rpc:10.1.0.61:39523|dataStream:|priority:1, 6d9ca658-4f65-4bc8-8244-8fb27ff2ac77|rpc:10.1.0.61:45133|dataStream:|priority:0, a69a6355-4fd1-4dab-9c4a-ef9dfbf2b80d|rpc:10.1.0.61:41029|dataStream:|priority:0], old=null
2022-10-08 01:41:20,073 [pool-1551-thread-1] INFO  server.RaftServer$Division (RaftServerImpl.java:setRole(299)) - a69a6355-4fd1-4dab-9c4a-ef9dfbf2b80d@group-CCA682A2F973: changes role from      null to FOLLOWER at term 0 for startAsFollower
2022-10-08 01:41:20,073 [pool-1551-thread-1] INFO  impl.RoleInfo (RoleInfo.java:updateAndGet(139)) - a69a6355-4fd1-4dab-9c4a-ef9dfbf2b80d: start a69a6355-4fd1-4dab-9c4a-ef9dfbf2b80d@group-CCA682A2F973-FollowerState
2022-10-08 01:41:20,080 [pool-1551-thread-1] INFO  util.JmxRegister (JmxRegister.java:tryRegister(44)) - Successfully registered JMX Bean with object name Ratis:service=RaftServer,group=group-CCA682A2F973,id=a69a6355-4fd1-4dab-9c4a-ef9dfbf2b80d
2022-10-08 01:41:20,146 [grpc-default-executor-14] INFO  server.RaftServer (RaftServerProxy.java:addNew(96)) - 6d9ca658-4f65-4bc8-8244-8fb27ff2ac77: addNew group-CCA682A2F973:[10b21bb1-cee7-485e-9b19-b5d1fddc83da|rpc:10.1.0.61:39523|dataStream:|priority:1, 6d9ca658-4f65-4bc8-8244-8fb27ff2ac77|rpc:10.1.0.61:45133|dataStream:|priority:0, a69a6355-4fd1-4dab-9c4a-ef9dfbf2b80d|rpc:10.1.0.61:41029|dataStream:|priority:0] returns group-CCA682A2F973:java.util.concurrent.CompletableFuture@63770ccc[Not completed]
2022-10-08 01:41:20,146 [pool-1505-thread-1] INFO  server.RaftServer$Division (RaftServerImpl.java:<init>(190)) - 6d9ca658-4f65-4bc8-8244-8fb27ff2ac77: new RaftServerImpl for group-CCA682A2F973:[10b21bb1-cee7-485e-9b19-b5d1fddc83da|rpc:10.1.0.61:39523|dataStream:|priority:1, 6d9ca658-4f65-4bc8-8244-8fb27ff2ac77|rpc:10.1.0.61:45133|dataStream:|priority:0, a69a6355-4fd1-4dab-9c4a-ef9dfbf2b80d|rpc:10.1.0.61:41029|dataStream:|priority:0] with ContainerStateMachine:uninitialized
2022-10-08 01:41:20,147 [pool-1505-thread-1] INFO  server.RaftServerConfigKeys (ConfUtils.java:logGet(46)) - raft.server.rpc.timeout.min = 5s (custom)
2022-10-08 01:41:20,147 [pool-1505-thread-1] INFO  server.RaftServerConfigKeys (ConfUtils.java:logGet(46)) - raft.server.rpc.timeout.max = 5200ms (custom)
2022-10-08 01:41:20,147 [pool-1505-thread-1] INFO  server.RaftServerConfigKeys (ConfUtils.java:logGet(46)) - raft.server.rpc.sleep.time = 25ms (default)
2022-10-08 01:41:20,147 [pool-1505-thread-1] INFO  server.RaftServerConfigKeys (ConfUtils.java:logGet(46)) - raft.server.rpc.slowness.timeout = 300s (custom)
2022-10-08 01:41:20,147 [pool-1505-thread-1] INFO  server.RaftServerConfigKeys (ConfUtils.java:logGet(46)) - raft.server.leaderelection.leader.step-down.wait-time = 10s (default)
2022-10-08 01:41:20,147 [pool-1505-thread-1] INFO  server.RaftServerConfigKeys (ConfUtils.java:logGet(46)) - raft.server.sleep.deviation.threshold = 300ms (default)
2022-10-08 01:41:20,147 [pool-1505-thread-1] INFO  server.RaftServer$Division (ServerState.java:<init>(107)) - 6d9ca658-4f65-4bc8-8244-8fb27ff2ac77@group-CCA682A2F973: ConfigurationManager, init=-1: [10b21bb1-cee7-485e-9b19-b5d1fddc83da|rpc:10.1.0.61:39523|dataStream:|priority:1, 6d9ca658-4f65-4bc8-8244-8fb27ff2ac77|rpc:10.1.0.61:45133|dataStream:|priority:0, a69a6355-4fd1-4dab-9c4a-ef9dfbf2b80d|rpc:10.1.0.61:41029|dataStream:|priority:0], old=null, confs=<EMPTY_MAP>
2022-10-08 01:41:20,147 [pool-1505-thread-1] INFO  server.RaftServerConfigKeys (ConfUtils.java:logGet(46)) - raft.server.storage.dir = [/home/runner/work/ozone/ozone/hadoop-ozone/integration-test/target/test-dir/MiniOzoneClusterImpl-bdb582a0-2e2b-403c-a8c7-17c71ed5f666/datanode-0/data/ratis] (custom)
2022-10-08 01:41:20,147 [pool-1505-thread-1] INFO  server.RaftServerConfigKeys (ConfUtils.java:logGet(46)) - raft.server.log.corruption.policy = EXCEPTION (default)
2022-10-08 01:41:20,147 [pool-1505-thread-1] INFO  server.RaftServerConfigKeys (ConfUtils.java:logGet(46)) - raft.server.storage.free-space.min = 0MB (=0) (default)
2022-10-08 01:41:20,147 [pool-1505-thread-1] INFO  storage.RaftStorageDirectory (RaftStorageDirectoryImpl.java:analyzeStorage(135)) - The storage directory /home/runner/work/ozone/ozone/hadoop-ozone/integration-test/target/test-dir/MiniOzoneClusterImpl-bdb582a0-2e2b-403c-a8c7-17c71ed5f666/datanode-0/data/ratis/f710574b-f3f5-4d0d-81a3-cca682a2f973 does not exist. Creating ...
2022-10-08 01:41:20,154 [pool-1505-thread-1] INFO  storage.RaftStorageDirectory (RaftStorageDirectoryImpl.java:tryLock(230)) - Lock on /home/runner/work/ozone/ozone/hadoop-ozone/integration-test/target/test-dir/MiniOzoneClusterImpl-bdb582a0-2e2b-403c-a8c7-17c71ed5f666/datanode-0/data/ratis/f710574b-f3f5-4d0d-81a3-cca682a2f973/in_use.lock acquired by nodename 52807@fv-az180-867
2022-10-08 01:41:20,160 [pool-1505-thread-1] INFO  storage.RaftStorage (RaftStorageImpl.java:format(89)) - Storage directory /home/runner/work/ozone/ozone/hadoop-ozone/integration-test/target/test-dir/MiniOzoneClusterImpl-bdb582a0-2e2b-403c-a8c7-17c71ed5f666/datanode-0/data/ratis/f710574b-f3f5-4d0d-81a3-cca682a2f973 has been successfully formatted.
2022-10-08 01:41:20,160 [pool-1505-thread-1] INFO  ratis.ContainerStateMachine (ContainerStateMachine.java:loadSnapshot(236)) - group-CCA682A2F973: The snapshot info is null. Setting the last applied indexto:(t:0, i:~)
2022-10-08 01:41:20,161 [pool-1505-thread-1] INFO  server.RaftServerConfigKeys (ConfUtils.java:logGet(46)) - raft.server.notification.no-leader.timeout = 300s (custom)
2022-10-08 01:41:20,161 [pool-1505-thread-1] INFO  server.RaftServerConfigKeys (ConfUtils.java:logGet(46)) - raft.server.log.use.memory = false (default)
2022-10-08 01:41:20,161 [pool-1505-thread-1] INFO  server.RaftServerConfigKeys (ConfUtils.java:logGet(46)) - raft.server.log.purge.gap = 1000000 (custom)
2022-10-08 01:41:20,161 [EventQueue-OpenPipelineForHealthyPipelineSafeModeRule] INFO  safemode.SCMSafeModeManager (HealthyPipelineSafeModeRule.java:process(137)) - SCM in safe mode. Healthy pipelines reported count is 0, required healthy pipeline reported count is 1
2022-10-08 01:41:20,161 [pool-1505-thread-1] INFO  server.RaftServerConfigKeys (ConfUtils.java:logGet(46)) - raft.server.log.appender.buffer.byte-limit = 33554432 (custom)
2022-10-08 01:41:20,161 [pool-1505-thread-1] INFO  server.RaftServerConfigKeys (ConfUtils.java:logGet(46)) - raft.server.log.statemachine.data.read.timeout = 1000ms (default)
2022-10-08 01:41:20,162 [pool-1505-thread-1] INFO  server.RaftServerConfigKeys (ConfUtils.java:logGet(46)) - raft.server.log.segment.size.max = 1048576 (custom)
2022-10-08 01:41:20,168 [pool-1505-thread-1] INFO  server.RaftServerConfigKeys (ConfUtils.java:logGet(46)) - raft.server.log.segment.cache.num.max = 2 (custom)
2022-10-08 01:41:20,168 [pool-1505-thread-1] INFO  server.RaftServerConfigKeys (ConfUtils.java:logGet(46)) - raft.server.log.segment.cache.size.max = 200MB (=209715200) (default)
2022-10-08 01:41:20,168 [pool-1505-thread-1] INFO  segmented.SegmentedRaftLogWorker (SegmentedRaftLogWorker.java:<init>(187)) - new 6d9ca658-4f65-4bc8-8244-8fb27ff2ac77@group-CCA682A2F973-SegmentedRaftLogWorker for RaftStorageImpl:Storage Directory /home/runner/work/ozone/ozone/hadoop-ozone/integration-test/target/test-dir/MiniOzoneClusterImpl-bdb582a0-2e2b-403c-a8c7-17c71ed5f666/datanode-0/data/ratis/f710574b-f3f5-4d0d-81a3-cca682a2f973
2022-10-08 01:41:20,168 [pool-1505-thread-1] INFO  server.RaftServerConfigKeys (ConfUtils.java:logGet(46)) - raft.server.log.queue.byte-limit = 4294967296 (custom)
2022-10-08 01:41:20,169 [pool-1505-thread-1] INFO  server.RaftServerConfigKeys (ConfUtils.java:logGet(46)) - raft.server.log.queue.element-limit = 1024 (custom)
2022-10-08 01:41:20,169 [pool-1505-thread-1] INFO  server.RaftServerConfigKeys (ConfUtils.java:logGet(46)) - raft.server.log.segment.size.max = 1048576 (custom)
2022-10-08 01:41:20,169 [pool-1505-thread-1] INFO  server.RaftServerConfigKeys (ConfUtils.java:logGet(46)) - raft.server.log.preallocated.size = 16384 (custom)
2022-10-08 01:41:20,169 [pool-1505-thread-1] INFO  server.RaftServerConfigKeys (ConfUtils.java:logGet(46)) - raft.server.log.force.sync.num = 128 (default)
2022-10-08 01:41:20,169 [pool-1505-thread-1] INFO  server.RaftServerConfigKeys (ConfUtils.java:logGet(46)) - raft.server.log.statemachine.data.sync = true (default)
2022-10-08 01:41:20,169 [pool-1505-thread-1] INFO  server.RaftServerConfigKeys (ConfUtils.java:logGet(46)) - raft.server.log.statemachine.data.sync.timeout = 10s (default)
2022-10-08 01:41:20,169 [pool-1505-thread-1] INFO  server.RaftServerConfigKeys (ConfUtils.java:logGet(46)) - raft.server.log.statemachine.data.sync.timeout.retry = -1 (default)
2022-10-08 01:41:20,170 [pool-1505-thread-1] INFO  server.RaftServerConfigKeys (ConfUtils.java:logGet(46)) - raft.server.log.write.buffer.size = 1048576 (custom)
2022-10-08 01:41:20,171 [pool-1505-thread-1] INFO  server.RaftServerConfigKeys (ConfUtils.java:logGet(46)) - raft.server.log.unsafe-flush.enabled = false (default)
2022-10-08 01:41:20,171 [pool-1505-thread-1] INFO  server.RaftServerConfigKeys (ConfUtils.java:logGet(46)) - raft.server.log.statemachine.data.caching.enabled = true (custom)
2022-10-08 01:41:20,171 [pool-1505-thread-1] INFO  segmented.SegmentedRaftLogWorker (SegmentedRaftLogWorker.java:lambda$new$0(135)) - 6d9ca658-4f65-4bc8-8244-8fb27ff2ac77@group-CCA682A2F973-SegmentedRaftLogWorker: flushIndex: setUnconditionally 0 -> -1
2022-10-08 01:41:20,171 [pool-1505-thread-1] INFO  segmented.SegmentedRaftLogWorker (SegmentedRaftLogWorker.java:lambda$new$0(135)) - 6d9ca658-4f65-4bc8-8244-8fb27ff2ac77@group-CCA682A2F973-SegmentedRaftLogWorker: safeCacheEvictIndex: setUnconditionally 0 -> -1
2022-10-08 01:41:20,200 [pool-1505-thread-1] INFO  server.RaftServerConfigKeys (ConfUtils.java:logGet(46)) - raft.server.snapshot.auto.trigger.enabled = true (custom)
2022-10-08 01:41:20,200 [pool-1505-thread-1] INFO  server.RaftServerConfigKeys (ConfUtils.java:logGet(46)) - raft.server.snapshot.auto.trigger.threshold = 10000 (custom)
2022-10-08 01:41:20,200 [pool-1505-thread-1] INFO  server.RaftServerConfigKeys (ConfUtils.java:logGet(46)) - raft.server.snapshot.retention.file.num = 5 (custom)
2022-10-08 01:41:20,200 [pool-1505-thread-1] INFO  server.RaftServerConfigKeys (ConfUtils.java:logGet(46)) - raft.server.log.purge.upto.snapshot.index = false (default)
2022-10-08 01:41:20,200 [pool-1505-thread-1] INFO  server.RaftServerConfigKeys (ConfUtils.java:logGet(46)) - raft.server.retrycache.expirytime = 600000ms (custom)
2022-10-08 01:41:20,200 [pool-1505-thread-1] INFO  server.RaftServerConfigKeys (ConfUtils.java:logGet(46)) - raft.server.retrycache.statistics.expirytime = 100μs (default)
2022-10-08 01:41:20,202 [pool-1505-thread-1] INFO  server.RaftServerConfigKeys (ConfUtils.java:logGet(46)) - raft.server.log.appender.install.snapshot.enabled = false (custom)
2022-10-08 01:41:20,202 [pool-1505-thread-1] INFO  server.RaftServerConfigKeys (ConfUtils.java:logGet(46)) - raft.server.threadpool.server.cached = true (default)
2022-10-08 01:41:20,203 [pool-1505-thread-1] INFO  server.RaftServerConfigKeys (ConfUtils.java:logGet(46)) - raft.server.threadpool.server.size = 0 (default)
2022-10-08 01:41:20,203 [pool-1505-thread-1] INFO  server.RaftServerConfigKeys (ConfUtils.java:logGet(46)) - raft.server.threadpool.client.cached = true (default)
2022-10-08 01:41:20,203 [pool-1505-thread-1] INFO  server.RaftServerConfigKeys (ConfUtils.java:logGet(46)) - raft.server.threadpool.client.size = 0 (default)
2022-10-08 01:41:20,203 [pool-1505-thread-1] INFO  server.RaftServer$Division (RaftServerImpl.java:start(310)) - 6d9ca658-4f65-4bc8-8244-8fb27ff2ac77@group-CCA682A2F973: start as a follower, conf=-1: [10b21bb1-cee7-485e-9b19-b5d1fddc83da|rpc:10.1.0.61:39523|dataStream:|priority:1, 6d9ca658-4f65-4bc8-8244-8fb27ff2ac77|rpc:10.1.0.61:45133|dataStream:|priority:0, a69a6355-4fd1-4dab-9c4a-ef9dfbf2b80d|rpc:10.1.0.61:41029|dataStream:|priority:0], old=null
2022-10-08 01:41:20,203 [pool-1505-thread-1] INFO  server.RaftServer$Division (RaftServerImpl.java:setRole(299)) - 6d9ca658-4f65-4bc8-8244-8fb27ff2ac77@group-CCA682A2F973: changes role from      null to FOLLOWER at term 0 for startAsFollower
2022-10-08 01:41:20,203 [pool-1505-thread-1] INFO  impl.RoleInfo (RoleInfo.java:updateAndGet(139)) - 6d9ca658-4f65-4bc8-8244-8fb27ff2ac77: start 6d9ca658-4f65-4bc8-8244-8fb27ff2ac77@group-CCA682A2F973-FollowerState
2022-10-08 01:41:20,216 [pool-1505-thread-1] INFO  util.JmxRegister (JmxRegister.java:tryRegister(44)) - Successfully registered JMX Bean with object name Ratis:service=RaftServer,group=group-CCA682A2F973,id=6d9ca658-4f65-4bc8-8244-8fb27ff2ac77
2022-10-08 01:41:20,281 [Command processor thread] INFO  commandhandler.CreatePipelineCommandHandler (CreatePipelineCommandHandler.java:handle(113)) - Created Pipeline RATIS THREE PipelineID=f710574b-f3f5-4d0d-81a3-cca682a2f973.
2022-10-08 01:41:20,470 [Command processor thread] INFO  server.RaftServer (RaftServerProxy.java:addNew(96)) - a69a6355-4fd1-4dab-9c4a-ef9dfbf2b80d: addNew group-1F3683DD7802:[a69a6355-4fd1-4dab-9c4a-ef9dfbf2b80d|rpc:10.1.0.61:41029|priority:1] returns group-1F3683DD7802:java.util.concurrent.CompletableFuture@6e73f344[Not completed]
2022-10-08 01:41:20,471 [pool-1551-thread-1] INFO  server.RaftServer$Division (RaftServerImpl.java:<init>(190)) - a69a6355-4fd1-4dab-9c4a-ef9dfbf2b80d: new RaftServerImpl for group-1F3683DD7802:[a69a6355-4fd1-4dab-9c4a-ef9dfbf2b80d|rpc:10.1.0.61:41029|priority:1] with ContainerStateMachine:uninitialized
2022-10-08 01:41:20,471 [pool-1551-thread-1] INFO  server.RaftServerConfigKeys (ConfUtils.java:logGet(46)) - raft.server.rpc.timeout.min = 5s (custom)
2022-10-08 01:41:20,471 [pool-1551-thread-1] INFO  server.RaftServerConfigKeys (ConfUtils.java:logGet(46)) - raft.server.rpc.timeout.max = 5200ms (custom)
2022-10-08 01:41:20,471 [pool-1551-thread-1] INFO  server.RaftServerConfigKeys (ConfUtils.java:logGet(46)) - raft.server.rpc.sleep.time = 25ms (default)
2022-10-08 01:41:20,471 [pool-1551-thread-1] INFO  server.RaftServerConfigKeys (ConfUtils.java:logGet(46)) - raft.server.rpc.slowness.timeout = 300s (custom)
2022-10-08 01:41:20,471 [pool-1551-thread-1] INFO  server.RaftServerConfigKeys (ConfUtils.java:logGet(46)) - raft.server.leaderelection.leader.step-down.wait-time = 10s (default)
2022-10-08 01:41:20,471 [pool-1551-thread-1] INFO  server.RaftServerConfigKeys (ConfUtils.java:logGet(46)) - raft.server.sleep.deviation.threshold = 300ms (default)
2022-10-08 01:41:20,471 [pool-1551-thread-1] INFO  server.RaftServer$Division (ServerState.java:<init>(107)) - a69a6355-4fd1-4dab-9c4a-ef9dfbf2b80d@group-1F3683DD7802: ConfigurationManager, init=-1: [a69a6355-4fd1-4dab-9c4a-ef9dfbf2b80d|rpc:10.1.0.61:41029|priority:1], old=null, confs=<EMPTY_MAP>
2022-10-08 01:41:20,471 [pool-1551-thread-1] INFO  server.RaftServerConfigKeys (ConfUtils.java:logGet(46)) - raft.server.storage.dir = [/home/runner/work/ozone/ozone/hadoop-ozone/integration-test/target/test-dir/MiniOzoneClusterImpl-bdb582a0-2e2b-403c-a8c7-17c71ed5f666/datanode-2/data/ratis] (custom)
2022-10-08 01:41:20,471 [pool-1551-thread-1] INFO  server.RaftServerConfigKeys (ConfUtils.java:logGet(46)) - raft.server.log.corruption.policy = EXCEPTION (default)
2022-10-08 01:41:20,471 [pool-1551-thread-1] INFO  server.RaftServerConfigKeys (ConfUtils.java:logGet(46)) - raft.server.storage.free-space.min = 0MB (=0) (default)
2022-10-08 01:41:20,472 [pool-1551-thread-1] INFO  storage.RaftStorageDirectory (RaftStorageDirectoryImpl.java:analyzeStorage(135)) - The storage directory /home/runner/work/ozone/ozone/hadoop-ozone/integration-test/target/test-dir/MiniOzoneClusterImpl-bdb582a0-2e2b-403c-a8c7-17c71ed5f666/datanode-2/data/ratis/590c537a-077b-4dc6-a3b2-1f3683dd7802 does not exist. Creating ...
2022-10-08 01:41:20,480 [pool-1551-thread-1] INFO  storage.RaftStorageDirectory (RaftStorageDirectoryImpl.java:tryLock(230)) - Lock on /home/runner/work/ozone/ozone/hadoop-ozone/integration-test/target/test-dir/MiniOzoneClusterImpl-bdb582a0-2e2b-403c-a8c7-17c71ed5f666/datanode-2/data/ratis/590c537a-077b-4dc6-a3b2-1f3683dd7802/in_use.lock acquired by nodename 52807@fv-az180-867
2022-10-08 01:41:20,485 [ReplicationMonitor] INFO  replication.ReplicationManager (ReplicationManager.java:processAll(291)) - Replication Manager is not ready to run until 3000ms after safemode exit
2022-10-08 01:41:20,524 [pool-1551-thread-1] INFO  storage.RaftStorage (RaftStorageImpl.java:format(89)) - Storage directory /home/runner/work/ozone/ozone/hadoop-ozone/integration-test/target/test-dir/MiniOzoneClusterImpl-bdb582a0-2e2b-403c-a8c7-17c71ed5f666/datanode-2/data/ratis/590c537a-077b-4dc6-a3b2-1f3683dd7802 has been successfully formatted.
2022-10-08 01:41:20,524 [pool-1551-thread-1] INFO  ratis.ContainerStateMachine (ContainerStateMachine.java:loadSnapshot(236)) - group-1F3683DD7802: The snapshot info is null. Setting the last applied indexto:(t:0, i:~)
2022-10-08 01:41:20,525 [pool-1551-thread-1] INFO  server.RaftServerConfigKeys (ConfUtils.java:logGet(46)) - raft.server.notification.no-leader.timeout = 300s (custom)
2022-10-08 01:41:20,525 [pool-1551-thread-1] INFO  server.RaftServerConfigKeys (ConfUtils.java:logGet(46)) - raft.server.log.use.memory = false (default)
2022-10-08 01:41:20,525 [pool-1551-thread-1] INFO  server.RaftServerConfigKeys (ConfUtils.java:logGet(46)) - raft.server.log.purge.gap = 1000000 (custom)
2022-10-08 01:41:20,525 [pool-1551-thread-1] INFO  server.RaftServerConfigKeys (ConfUtils.java:logGet(46)) - raft.server.log.appender.buffer.byte-limit = 33554432 (custom)
2022-10-08 01:41:20,525 [pool-1551-thread-1] INFO  server.RaftServerConfigKeys (ConfUtils.java:logGet(46)) - raft.server.log.statemachine.data.read.timeout = 1000ms (default)
2022-10-08 01:41:20,525 [EventQueue-PipelineReportForPipelineReportHandler] INFO  pipeline.PipelineManagerImpl (PipelineManagerImpl.java:openPipeline(367)) - Pipeline Pipeline[ Id: 590c537a-077b-4dc6-a3b2-1f3683dd7802, Nodes: a69a6355-4fd1-4dab-9c4a-ef9dfbf2b80d{ip: 10.1.0.61, host: fv-az180-867.g3pwtgv4ffyuhaixmbmm0kyh3d.gx.internal.cloudapp.net, ports: [REPLICATION=45291, RATIS=41029, RATIS_ADMIN=41029, RATIS_SERVER=41029, STANDALONE=42351], networkLocation: /default-rack, certSerialId: null, persistedOpState: IN_SERVICE, persistedOpStateExpiryEpochSec: 0}, ReplicationConfig: RATIS/ONE, State:ALLOCATED, leaderId:a69a6355-4fd1-4dab-9c4a-ef9dfbf2b80d, CreationTimestamp2022-10-08T01:41:19.609Z[Etc/UTC]] moved to OPEN state
2022-10-08 01:41:20,527 [EventQueue-OpenPipelineForHealthyPipelineSafeModeRule] INFO  safemode.SCMSafeModeManager (HealthyPipelineSafeModeRule.java:process(137)) - SCM in safe mode. Healthy pipelines reported count is 0, required healthy pipeline reported count is 1
2022-10-08 01:41:20,525 [pool-1551-thread-1] INFO  server.RaftServerConfigKeys (ConfUtils.java:logGet(46)) - raft.server.log.segment.size.max = 1048576 (custom)
2022-10-08 01:41:20,532 [pool-1551-thread-1] INFO  server.RaftServerConfigKeys (ConfUtils.java:logGet(46)) - raft.server.log.segment.cache.num.max = 2 (custom)
2022-10-08 01:41:20,533 [pool-1551-thread-1] INFO  server.RaftServerConfigKeys (ConfUtils.java:logGet(46)) - raft.server.log.segment.cache.size.max = 200MB (=209715200) (default)
2022-10-08 01:41:20,533 [pool-1551-thread-1] INFO  segmented.SegmentedRaftLogWorker (SegmentedRaftLogWorker.java:<init>(187)) - new a69a6355-4fd1-4dab-9c4a-ef9dfbf2b80d@group-1F3683DD7802-SegmentedRaftLogWorker for RaftStorageImpl:Storage Directory /home/runner/work/ozone/ozone/hadoop-ozone/integration-test/target/test-dir/MiniOzoneClusterImpl-bdb582a0-2e2b-403c-a8c7-17c71ed5f666/datanode-2/data/ratis/590c537a-077b-4dc6-a3b2-1f3683dd7802
2022-10-08 01:41:20,533 [pool-1551-thread-1] INFO  server.RaftServerConfigKeys (ConfUtils.java:logGet(46)) - raft.server.log.queue.byte-limit = 4294967296 (custom)
2022-10-08 01:41:20,533 [pool-1551-thread-1] INFO  server.RaftServerConfigKeys (ConfUtils.java:logGet(46)) - raft.server.log.queue.element-limit = 1024 (custom)
2022-10-08 01:41:20,533 [pool-1551-thread-1] INFO  server.RaftServerConfigKeys (ConfUtils.java:logGet(46)) - raft.server.log.segment.size.max = 1048576 (custom)
2022-10-08 01:41:20,533 [pool-1551-thread-1] INFO  server.RaftServerConfigKeys (ConfUtils.java:logGet(46)) - raft.server.log.preallocated.size = 16384 (custom)
2022-10-08 01:41:20,533 [pool-1551-thread-1] INFO  server.RaftServerConfigKeys (ConfUtils.java:logGet(46)) - raft.server.log.force.sync.num = 128 (default)
2022-10-08 01:41:20,533 [pool-1551-thread-1] INFO  server.RaftServerConfigKeys (ConfUtils.java:logGet(46)) - raft.server.log.statemachine.data.sync = true (default)
2022-10-08 01:41:20,533 [pool-1551-thread-1] INFO  server.RaftServerConfigKeys (ConfUtils.java:logGet(46)) - raft.server.log.statemachine.data.sync.timeout = 10s (default)
2022-10-08 01:41:20,533 [pool-1551-thread-1] INFO  server.RaftServerConfigKeys (ConfUtils.java:logGet(46)) - raft.server.log.statemachine.data.sync.timeout.retry = -1 (default)
2022-10-08 01:41:20,535 [pool-1551-thread-1] INFO  server.RaftServerConfigKeys (ConfUtils.java:logGet(46)) - raft.server.log.write.buffer.size = 1048576 (custom)
2022-10-08 01:41:20,535 [pool-1551-thread-1] INFO  server.RaftServerConfigKeys (ConfUtils.java:logGet(46)) - raft.server.log.unsafe-flush.enabled = false (default)
2022-10-08 01:41:20,535 [pool-1551-thread-1] INFO  server.RaftServerConfigKeys (ConfUtils.java:logGet(46)) - raft.server.log.statemachine.data.caching.enabled = true (custom)
2022-10-08 01:41:20,535 [pool-1551-thread-1] INFO  segmented.SegmentedRaftLogWorker (SegmentedRaftLogWorker.java:lambda$new$0(135)) - a69a6355-4fd1-4dab-9c4a-ef9dfbf2b80d@group-1F3683DD7802-SegmentedRaftLogWorker: flushIndex: setUnconditionally 0 -> -1
2022-10-08 01:41:20,535 [pool-1551-thread-1] INFO  segmented.SegmentedRaftLogWorker (SegmentedRaftLogWorker.java:lambda$new$0(135)) - a69a6355-4fd1-4dab-9c4a-ef9dfbf2b80d@group-1F3683DD7802-SegmentedRaftLogWorker: safeCacheEvictIndex: setUnconditionally 0 -> -1
2022-10-08 01:41:20,539 [pool-1551-thread-1] INFO  server.RaftServerConfigKeys (ConfUtils.java:logGet(46)) - raft.server.snapshot.auto.trigger.enabled = true (custom)
2022-10-08 01:41:20,539 [pool-1551-thread-1] INFO  server.RaftServerConfigKeys (ConfUtils.java:logGet(46)) - raft.server.snapshot.auto.trigger.threshold = 10000 (custom)
2022-10-08 01:41:20,539 [pool-1551-thread-1] INFO  server.RaftServerConfigKeys (ConfUtils.java:logGet(46)) - raft.server.snapshot.retention.file.num = 5 (custom)
2022-10-08 01:41:20,539 [pool-1551-thread-1] INFO  server.RaftServerConfigKeys (ConfUtils.java:logGet(46)) - raft.server.log.purge.upto.snapshot.index = false (default)
2022-10-08 01:41:20,539 [pool-1551-thread-1] INFO  server.RaftServerConfigKeys (ConfUtils.java:logGet(46)) - raft.server.retrycache.expirytime = 600000ms (custom)
2022-10-08 01:41:20,539 [pool-1551-thread-1] INFO  server.RaftServerConfigKeys (ConfUtils.java:logGet(46)) - raft.server.retrycache.statistics.expirytime = 100μs (default)
2022-10-08 01:41:20,542 [pool-1551-thread-1] INFO  server.RaftServerConfigKeys (ConfUtils.java:logGet(46)) - raft.server.log.appender.install.snapshot.enabled = false (custom)
2022-10-08 01:41:20,542 [pool-1551-thread-1] INFO  server.RaftServerConfigKeys (ConfUtils.java:logGet(46)) - raft.server.threadpool.server.cached = true (default)
2022-10-08 01:41:20,542 [pool-1551-thread-1] INFO  server.RaftServerConfigKeys (ConfUtils.java:logGet(46)) - raft.server.threadpool.server.size = 0 (default)
2022-10-08 01:41:20,542 [pool-1551-thread-1] INFO  server.RaftServerConfigKeys (ConfUtils.java:logGet(46)) - raft.server.threadpool.client.cached = true (default)
2022-10-08 01:41:20,542 [pool-1551-thread-1] INFO  server.RaftServerConfigKeys (ConfUtils.java:logGet(46)) - raft.server.threadpool.client.size = 0 (default)
2022-10-08 01:41:20,542 [pool-1551-thread-1] INFO  server.RaftServer$Division (RaftServerImpl.java:start(310)) - a69a6355-4fd1-4dab-9c4a-ef9dfbf2b80d@group-1F3683DD7802: start as a follower, conf=-1: [a69a6355-4fd1-4dab-9c4a-ef9dfbf2b80d|rpc:10.1.0.61:41029|priority:1], old=null
2022-10-08 01:41:20,542 [pool-1551-thread-1] INFO  server.RaftServer$Division (RaftServerImpl.java:setRole(299)) - a69a6355-4fd1-4dab-9c4a-ef9dfbf2b80d@group-1F3683DD7802: changes role from      null to FOLLOWER at term 0 for startAsFollower
2022-10-08 01:41:20,542 [pool-1551-thread-1] INFO  impl.RoleInfo (RoleInfo.java:updateAndGet(139)) - a69a6355-4fd1-4dab-9c4a-ef9dfbf2b80d: start a69a6355-4fd1-4dab-9c4a-ef9dfbf2b80d@group-1F3683DD7802-FollowerState
2022-10-08 01:41:20,542 [pool-1551-thread-1] INFO  util.JmxRegister (JmxRegister.java:tryRegister(44)) - Successfully registered JMX Bean with object name Ratis:service=RaftServer,group=group-1F3683DD7802,id=a69a6355-4fd1-4dab-9c4a-ef9dfbf2b80d
2022-10-08 01:41:20,576 [Command processor thread] INFO  ratis.XceiverServerRatis (XceiverServerRatis.java:addGroup(765)) - Created group PipelineID=590c537a-077b-4dc6-a3b2-1f3683dd7802
2022-10-08 01:41:20,576 [Command processor thread] INFO  commandhandler.CreatePipelineCommandHandler (CreatePipelineCommandHandler.java:handle(113)) - Created Pipeline RATIS ONE PipelineID=590c537a-077b-4dc6-a3b2-1f3683dd7802.
2022-10-08 01:41:20,817 [IPC Server handler 5 on default port 41995] INFO  net.NetworkTopologyImpl (NetworkTopologyImpl.java:add(112)) - Added a new node: /default-rack/be283514-8952-4898-8cdc-39ab4c54d87f
2022-10-08 01:41:20,817 [IPC Server handler 5 on default port 41995] INFO  node.SCMNodeManager (SCMNodeManager.java:register(397)) - Registered Data node : be283514-8952-4898-8cdc-39ab4c54d87f{ip: 10.1.0.61, host: fv-az180-867.g3pwtgv4ffyuhaixmbmm0kyh3d.gx.internal.cloudapp.net, ports: [REPLICATION=35901, RATIS=33103, RATIS_ADMIN=33103, RATIS_SERVER=33103, STANDALONE=41293], networkLocation: /default-rack, certSerialId: null, persistedOpState: null, persistedOpStateExpiryEpochSec: 0}
2022-10-08 01:41:20,817 [EventQueue-NewNodeForNewNodeHandler] INFO  pipeline.BackgroundPipelineCreator (BackgroundPipelineCreator.java:notifyEventTriggered(276)) - trigger a one-shot run on RatisPipelineUtilsThread.
2022-10-08 01:41:20,817 [RatisPipelineUtilsThread - 0] INFO  pipeline.RatisPipelineProvider (RatisPipelineProvider.java:lambda$create$0(195)) - Sending CreatePipelineCommand for pipeline:PipelineID=a2d9f0b3-080c-463e-ad44-850f3197c2f6 to datanode:be283514-8952-4898-8cdc-39ab4c54d87f
2022-10-08 01:41:20,818 [RatisPipelineUtilsThread - 0] INFO  pipeline.PipelineStateManagerImpl (PipelineStateManagerImpl.java:addPipeline(103)) - Created pipeline Pipeline[ Id: a2d9f0b3-080c-463e-ad44-850f3197c2f6, Nodes: be283514-8952-4898-8cdc-39ab4c54d87f{ip: 10.1.0.61, host: fv-az180-867.g3pwtgv4ffyuhaixmbmm0kyh3d.gx.internal.cloudapp.net, ports: [REPLICATION=35901, RATIS=33103, RATIS_ADMIN=33103, RATIS_SERVER=33103, STANDALONE=41293], networkLocation: /default-rack, certSerialId: null, persistedOpState: IN_SERVICE, persistedOpStateExpiryEpochSec: 0}, ReplicationConfig: RATIS/ONE, State:ALLOCATED, leaderId:, CreationTimestamp2022-10-08T01:41:20.817Z[Etc/UTC]].
2022-10-08 01:41:21,018 [Listener at 127.0.0.1/35929] INFO  ozone.MiniOzoneClusterImpl (MiniOzoneClusterImpl.java:lambda$waitForClusterToBeReady$0(216)) - Waiting for nodes to be ready. Got 4 of 5 DN Heartbeats.
2022-10-08 01:41:21,019 [Listener at 127.0.0.1/35929] INFO  ozone.MiniOzoneClusterImpl (MiniOzoneClusterImpl.java:lambda$waitForClusterToBeReady$0(219)) - Waiting for cluster to exit safe mode
2022-10-08 01:41:21,019 [Listener at 127.0.0.1/35929] INFO  ozone.MiniOzoneClusterImpl (MiniOzoneClusterImpl.java:lambda$waitForClusterToBeReady$0(221)) - SCM became leader
2022-10-08 01:41:21,485 [ReplicationMonitor] INFO  replication.ReplicationManager (ReplicationManager.java:processAll(291)) - Replication Manager is not ready to run until 3000ms after safemode exit
2022-10-08 01:41:21,486 [EndpointStateMachine task thread for /0.0.0.0:41995 - 0 ] INFO  volume.HddsVolume (HddsVolume.java:createDbStore(307)) - SchemaV3 db is created and loaded at /home/runner/work/ozone/ozone/hadoop-ozone/integration-test/target/test-dir/MiniOzoneClusterImpl-bdb582a0-2e2b-403c-a8c7-17c71ed5f666/datanode-4/data-0/containers/hdds/bdb582a0-2e2b-403c-a8c7-17c71ed5f666/DS-7a763a00-2b5e-498c-a18d-52dfe0a2ef35/container.db for volume DS-7a763a00-2b5e-498c-a18d-52dfe0a2ef35
2022-10-08 01:41:21,487 [EndpointStateMachine task thread for /0.0.0.0:41995 - 0 ] INFO  volume.HddsVolume (HddsVolume.java:closeDbStore(338)) - SchemaV3 db is stopped at /home/runner/work/ozone/ozone/hadoop-ozone/integration-test/target/test-dir/MiniOzoneClusterImpl-bdb582a0-2e2b-403c-a8c7-17c71ed5f666/datanode-4/data-0/containers/hdds/bdb582a0-2e2b-403c-a8c7-17c71ed5f666/DS-7a763a00-2b5e-498c-a18d-52dfe0a2ef35/container.db for volume DS-7a763a00-2b5e-498c-a18d-52dfe0a2ef35
2022-10-08 01:41:21,487 [EndpointStateMachine task thread for /0.0.0.0:41995 - 0 ] INFO  ozoneimpl.OzoneContainer (OzoneContainer.java:start(378)) - Attempting to start container services.
2022-10-08 01:41:21,487 [EndpointStateMachine task thread for /0.0.0.0:41995 - 0 ] INFO  ozoneimpl.OzoneContainer (OzoneContainer.java:startContainerScrub(313)) - Background container scanner has been disabled.
2022-10-08 01:41:21,596 [EndpointStateMachine task thread for /0.0.0.0:41995 - 0 ] INFO  replication.ReplicationServer (ReplicationServer.java:start(111)) - ReplicationServer is started using port 36781
2022-10-08 01:41:21,601 [EndpointStateMachine task thread for /0.0.0.0:41995 - 0 ] INFO  ratis.XceiverServerRatis (XceiverServerRatis.java:start(481)) - Starting XceiverServerRatis d592f677-c006-4ca2-903a-3aa8418ae6b1
2022-10-08 01:41:21,601 [EndpointStateMachine task thread for /0.0.0.0:41995 - 0 ] INFO  server.RaftServer (RaftServerProxy.java:lambda$start$6(382)) - d592f677-c006-4ca2-903a-3aa8418ae6b1: start RPC server
2022-10-08 01:41:21,608 [EndpointStateMachine task thread for /0.0.0.0:41995 - 0 ] INFO  server.GrpcService (GrpcService.java:startImpl(260)) - d592f677-c006-4ca2-903a-3aa8418ae6b1: GrpcService started, listening on 37705
2022-10-08 01:41:21,609 [EndpointStateMachine task thread for /0.0.0.0:41995 - 0 ] INFO  ratis.XceiverServerRatis (XceiverServerRatis.java:getRealPort(502)) - XceiverServerRatis d592f677-c006-4ca2-903a-3aa8418ae6b1 is started using port 37705 for RATIS
2022-10-08 01:41:21,609 [EndpointStateMachine task thread for /0.0.0.0:41995 - 0 ] INFO  ratis.XceiverServerRatis (XceiverServerRatis.java:getRealPort(502)) - XceiverServerRatis d592f677-c006-4ca2-903a-3aa8418ae6b1 is started using port 37705 for RATIS_ADMIN
2022-10-08 01:41:21,609 [EndpointStateMachine task thread for /0.0.0.0:41995 - 0 ] INFO  ratis.XceiverServerRatis (XceiverServerRatis.java:getRealPort(502)) - XceiverServerRatis d592f677-c006-4ca2-903a-3aa8418ae6b1 is started using port 37705 for RATIS_SERVER
2022-10-08 01:41:21,609 [org.apache.ratis.util.JvmPauseMonitor$$Lambda$636/846962177@21f29791] INFO  util.JvmPauseMonitor (JvmPauseMonitor.java:run(103)) - JvmPauseMonitor-d592f677-c006-4ca2-903a-3aa8418ae6b1: Started
2022-10-08 01:41:21,721 [EndpointStateMachine task thread for /0.0.0.0:41995 - 0 ] INFO  server.XceiverServerGrpc (XceiverServerGrpc.java:start(180)) - XceiverServerGrpc d592f677-c006-4ca2-903a-3aa8418ae6b1 is started using port 36785
2022-10-08 01:41:22,019 [Listener at 127.0.0.1/35929] INFO  ozone.MiniOzoneClusterImpl (MiniOzoneClusterImpl.java:lambda$waitForClusterToBeReady$0(216)) - Waiting for nodes to be ready. Got 4 of 5 DN Heartbeats.
2022-10-08 01:41:22,019 [Listener at 127.0.0.1/35929] INFO  ozone.MiniOzoneClusterImpl (MiniOzoneClusterImpl.java:lambda$waitForClusterToBeReady$0(219)) - Waiting for cluster to exit safe mode
2022-10-08 01:41:22,019 [Listener at 127.0.0.1/35929] INFO  ozone.MiniOzoneClusterImpl (MiniOzoneClusterImpl.java:lambda$waitForClusterToBeReady$0(221)) - SCM became leader
2022-10-08 01:41:22,485 [ReplicationMonitor] INFO  replication.ReplicationManager (ReplicationManager.java:processAll(291)) - Replication Manager is not ready to run until 3000ms after safemode exit
2022-10-08 01:41:23,019 [Listener at 127.0.0.1/35929] INFO  ozone.MiniOzoneClusterImpl (MiniOzoneClusterImpl.java:lambda$waitForClusterToBeReady$0(216)) - Waiting for nodes to be ready. Got 4 of 5 DN Heartbeats.
2022-10-08 01:41:23,019 [Listener at 127.0.0.1/35929] INFO  ozone.MiniOzoneClusterImpl (MiniOzoneClusterImpl.java:lambda$waitForClusterToBeReady$0(219)) - Waiting for cluster to exit safe mode
2022-10-08 01:41:23,019 [Listener at 127.0.0.1/35929] INFO  ozone.MiniOzoneClusterImpl (MiniOzoneClusterImpl.java:lambda$waitForClusterToBeReady$0(221)) - SCM became leader
2022-10-08 01:41:23,100 [IPC Server handler 8 on default port 41995] INFO  net.NetworkTopologyImpl (NetworkTopologyImpl.java:add(112)) - Added a new node: /default-rack/d592f677-c006-4ca2-903a-3aa8418ae6b1
2022-10-08 01:41:23,100 [IPC Server handler 8 on default port 41995] INFO  node.SCMNodeManager (SCMNodeManager.java:register(397)) - Registered Data node : d592f677-c006-4ca2-903a-3aa8418ae6b1{ip: 10.1.0.61, host: fv-az180-867.g3pwtgv4ffyuhaixmbmm0kyh3d.gx.internal.cloudapp.net, ports: [REPLICATION=36781, RATIS=37705, RATIS_ADMIN=37705, RATIS_SERVER=37705, STANDALONE=36785], networkLocation: /default-rack, certSerialId: null, persistedOpState: null, persistedOpStateExpiryEpochSec: 0}
2022-10-08 01:41:23,100 [EventQueue-NewNodeForNewNodeHandler] INFO  pipeline.BackgroundPipelineCreator (BackgroundPipelineCreator.java:notifyEventTriggered(276)) - trigger a one-shot run on RatisPipelineUtilsThread.
2022-10-08 01:41:23,128 [RatisPipelineUtilsThread - 0] INFO  pipeline.RatisPipelineProvider (RatisPipelineProvider.java:lambda$create$0(195)) - Sending CreatePipelineCommand for pipeline:PipelineID=6b98471a-ac34-4e9d-b10a-7e015db4a503 to datanode:d592f677-c006-4ca2-903a-3aa8418ae6b1
2022-10-08 01:41:23,128 [RatisPipelineUtilsThread - 0] INFO  pipeline.PipelineStateManagerImpl (PipelineStateManagerImpl.java:addPipeline(103)) - Created pipeline Pipeline[ Id: 6b98471a-ac34-4e9d-b10a-7e015db4a503, Nodes: d592f677-c006-4ca2-903a-3aa8418ae6b1{ip: 10.1.0.61, host: fv-az180-867.g3pwtgv4ffyuhaixmbmm0kyh3d.gx.internal.cloudapp.net, ports: [REPLICATION=36781, RATIS=37705, RATIS_ADMIN=37705, RATIS_SERVER=37705, STANDALONE=36785], networkLocation: /default-rack, certSerialId: null, persistedOpState: IN_SERVICE, persistedOpStateExpiryEpochSec: 0}, ReplicationConfig: RATIS/ONE, State:ALLOCATED, leaderId:, CreationTimestamp2022-10-08T01:41:23.128Z[Etc/UTC]].
2022-10-08 01:41:23,485 [ReplicationMonitor] INFO  replication.ReplicationManager (ReplicationManager.java:processAll(291)) - Replication Manager is not ready to run until 3000ms after safemode exit
2022-10-08 01:41:23,516 [6d9ca658-4f65-4bc8-8244-8fb27ff2ac77@group-1F99AB17CA95-FollowerState] INFO  impl.FollowerState (FollowerState.java:run(143)) - 6d9ca658-4f65-4bc8-8244-8fb27ff2ac77@group-1F99AB17CA95-FollowerState: change to CANDIDATE, lastRpcElapsedTime:5226661634ns, electionTimeout:5148ms
2022-10-08 01:41:23,516 [6d9ca658-4f65-4bc8-8244-8fb27ff2ac77@group-1F99AB17CA95-FollowerState] INFO  impl.RoleInfo (RoleInfo.java:shutdownFollowerState(110)) - 6d9ca658-4f65-4bc8-8244-8fb27ff2ac77: shutdown 6d9ca658-4f65-4bc8-8244-8fb27ff2ac77@group-1F99AB17CA95-FollowerState
2022-10-08 01:41:23,516 [6d9ca658-4f65-4bc8-8244-8fb27ff2ac77@group-1F99AB17CA95-FollowerState] INFO  server.RaftServer$Division (RaftServerImpl.java:setRole(299)) - 6d9ca658-4f65-4bc8-8244-8fb27ff2ac77@group-1F99AB17CA95: changes role from  FOLLOWER to CANDIDATE at term 0 for changeToCandidate
2022-10-08 01:41:23,516 [6d9ca658-4f65-4bc8-8244-8fb27ff2ac77@group-1F99AB17CA95-FollowerState] INFO  server.RaftServerConfigKeys (ConfUtils.java:logGet(46)) - raft.server.leaderelection.pre-vote = false (custom)
2022-10-08 01:41:23,516 [6d9ca658-4f65-4bc8-8244-8fb27ff2ac77@group-1F99AB17CA95-FollowerState] INFO  impl.RoleInfo (RoleInfo.java:updateAndGet(139)) - 6d9ca658-4f65-4bc8-8244-8fb27ff2ac77: start 6d9ca658-4f65-4bc8-8244-8fb27ff2ac77@group-1F99AB17CA95-LeaderElection60
2022-10-08 01:41:23,634 [6d9ca658-4f65-4bc8-8244-8fb27ff2ac77@group-1F99AB17CA95-LeaderElection60] INFO  impl.LeaderElection (LeaderElection.java:askForVotes(310)) - 6d9ca658-4f65-4bc8-8244-8fb27ff2ac77@group-1F99AB17CA95-LeaderElection60 ELECTION round 0: submit vote requests at term 1 for -1: [6d9ca658-4f65-4bc8-8244-8fb27ff2ac77|rpc:10.1.0.61:45133|priority:1], old=null
2022-10-08 01:41:23,634 [6d9ca658-4f65-4bc8-8244-8fb27ff2ac77@group-1F99AB17CA95-LeaderElection60] INFO  impl.LeaderElection (LeaderElection.java:askForVotes(312)) - 6d9ca658-4f65-4bc8-8244-8fb27ff2ac77@group-1F99AB17CA95-LeaderElection60 ELECTION round 0: result PASSED (term=1)
2022-10-08 01:41:23,634 [6d9ca658-4f65-4bc8-8244-8fb27ff2ac77@group-1F99AB17CA95-LeaderElection60] INFO  impl.RoleInfo (RoleInfo.java:shutdownLeaderElection(130)) - 6d9ca658-4f65-4bc8-8244-8fb27ff2ac77: shutdown 6d9ca658-4f65-4bc8-8244-8fb27ff2ac77@group-1F99AB17CA95-LeaderElection60
2022-10-08 01:41:23,634 [6d9ca658-4f65-4bc8-8244-8fb27ff2ac77@group-1F99AB17CA95-LeaderElection60] INFO  server.RaftServer$Division (RaftServerImpl.java:setRole(299)) - 6d9ca658-4f65-4bc8-8244-8fb27ff2ac77@group-1F99AB17CA95: changes role from CANDIDATE to LEADER at term 1 for changeToLeader
2022-10-08 01:41:23,635 [6d9ca658-4f65-4bc8-8244-8fb27ff2ac77@group-1F99AB17CA95-LeaderElection60] INFO  ratis.XceiverServerRatis (XceiverServerRatis.java:handleLeaderChangedNotification(863)) - Leader change notification received for group: group-1F99AB17CA95 with new leaderId: 6d9ca658-4f65-4bc8-8244-8fb27ff2ac77
2022-10-08 01:41:23,635 [6d9ca658-4f65-4bc8-8244-8fb27ff2ac77@group-1F99AB17CA95-LeaderElection60] INFO  server.RaftServer$Division (ServerState.java:setLeader(287)) - 6d9ca658-4f65-4bc8-8244-8fb27ff2ac77@group-1F99AB17CA95: change Leader from null to 6d9ca658-4f65-4bc8-8244-8fb27ff2ac77 at term 1 for becomeLeader, leader elected after 5365ms
2022-10-08 01:41:23,635 [6d9ca658-4f65-4bc8-8244-8fb27ff2ac77@group-1F99AB17CA95-LeaderElection60] INFO  server.RaftServerConfigKeys (ConfUtils.java:logGet(46)) - raft.server.staging.catchup.gap = 1000 (default)
2022-10-08 01:41:23,635 [6d9ca658-4f65-4bc8-8244-8fb27ff2ac77@group-1F99AB17CA95-LeaderElection60] INFO  server.RaftServerConfigKeys (ConfUtils.java:logGet(46)) - raft.server.write.element-limit = 1024 (custom)
2022-10-08 01:41:23,635 [6d9ca658-4f65-4bc8-8244-8fb27ff2ac77@group-1F99AB17CA95-LeaderElection60] INFO  server.RaftServerConfigKeys (ConfUtils.java:logGet(46)) - raft.server.write.byte-limit = 1024 M (=1073741824) (custom)
2022-10-08 01:41:23,636 [6d9ca658-4f65-4bc8-8244-8fb27ff2ac77@group-1F99AB17CA95-LeaderElection60] INFO  server.RaftServerConfigKeys (ConfUtils.java:logGet(46)) - raft.server.watch.timeout = 180s (custom)
2022-10-08 01:41:23,636 [6d9ca658-4f65-4bc8-8244-8fb27ff2ac77@group-1F99AB17CA95-LeaderElection60] INFO  server.RaftServerConfigKeys (ConfUtils.java:logGet(46)) - raft.server.watch.timeout.denomination = 1s (default)
2022-10-08 01:41:23,636 [EventQueue-OpenPipelineForHealthyPipelineSafeModeRule] INFO  safemode.SCMSafeModeManager (HealthyPipelineSafeModeRule.java:process(137)) - SCM in safe mode. Healthy pipelines reported count is 0, required healthy pipeline reported count is 1
2022-10-08 01:41:23,636 [6d9ca658-4f65-4bc8-8244-8fb27ff2ac77@group-1F99AB17CA95-LeaderElection60] INFO  server.RaftServerConfigKeys (ConfUtils.java:logGet(46)) - raft.server.watch.element-limit = 65536 (default)
2022-10-08 01:41:23,636 [6d9ca658-4f65-4bc8-8244-8fb27ff2ac77@group-1F99AB17CA95-LeaderElection60] INFO  server.RaftServerConfigKeys (ConfUtils.java:logGet(46)) - raft.server.write.element-limit = 1024 (custom)
2022-10-08 01:41:23,636 [6d9ca658-4f65-4bc8-8244-8fb27ff2ac77@group-1F99AB17CA95-LeaderElection60] INFO  server.RaftServerConfigKeys (ConfUtils.java:logGet(46)) - raft.server.write.follower.gap.ratio.max = -1.0 (default)
2022-10-08 01:41:23,636 [6d9ca658-4f65-4bc8-8244-8fb27ff2ac77@group-1F99AB17CA95-LeaderElection60] INFO  impl.RoleInfo (RoleInfo.java:updateAndGet(139)) - 6d9ca658-4f65-4bc8-8244-8fb27ff2ac77: start 6d9ca658-4f65-4bc8-8244-8fb27ff2ac77@group-1F99AB17CA95-LeaderStateImpl
2022-10-08 01:41:23,637 [6d9ca658-4f65-4bc8-8244-8fb27ff2ac77@group-1F99AB17CA95-LeaderElection60] INFO  segmented.SegmentedRaftLogWorker (SegmentedRaftLogWorker.java:startLogSegment(425)) - 6d9ca658-4f65-4bc8-8244-8fb27ff2ac77@group-1F99AB17CA95-SegmentedRaftLogWorker: Starting segment from index:0
2022-10-08 01:41:23,648 [6d9ca658-4f65-4bc8-8244-8fb27ff2ac77@group-1F99AB17CA95-SegmentedRaftLogWorker] INFO  segmented.SegmentedRaftLogWorker (SegmentedRaftLogWorker.java:execute(629)) - 6d9ca658-4f65-4bc8-8244-8fb27ff2ac77@group-1F99AB17CA95-SegmentedRaftLogWorker: created new log segment /home/runner/work/ozone/ozone/hadoop-ozone/integration-test/target/test-dir/MiniOzoneClusterImpl-bdb582a0-2e2b-403c-a8c7-17c71ed5f666/datanode-0/data/ratis/5224abed-6a27-4632-837b-1f99ab17ca95/current/log_inprogress_0
2022-10-08 01:41:23,694 [6d9ca658-4f65-4bc8-8244-8fb27ff2ac77@group-1F99AB17CA95-LeaderElection60] INFO  server.RaftServer$Division (ServerState.java:setRaftConf(393)) - 6d9ca658-4f65-4bc8-8244-8fb27ff2ac77@group-1F99AB17CA95: set configuration 0: [6d9ca658-4f65-4bc8-8244-8fb27ff2ac77|rpc:10.1.0.61:45133|dataStream:|priority:1], old=null
2022-10-08 01:41:23,817 [Command processor thread] INFO  server.RaftServer (RaftServerProxy.java:addNew(96)) - be283514-8952-4898-8cdc-39ab4c54d87f: addNew group-850F3197C2F6:[be283514-8952-4898-8cdc-39ab4c54d87f|rpc:10.1.0.61:33103|priority:1] returns group-850F3197C2F6:java.util.concurrent.CompletableFuture@46606754[Not completed]
2022-10-08 01:41:23,869 [pool-1582-thread-1] INFO  server.RaftServer$Division (RaftServerImpl.java:<init>(190)) - be283514-8952-4898-8cdc-39ab4c54d87f: new RaftServerImpl for group-850F3197C2F6:[be283514-8952-4898-8cdc-39ab4c54d87f|rpc:10.1.0.61:33103|priority:1] with ContainerStateMachine:uninitialized
2022-10-08 01:41:23,869 [pool-1582-thread-1] INFO  server.RaftServerConfigKeys (ConfUtils.java:logGet(46)) - raft.server.rpc.timeout.min = 5s (custom)
2022-10-08 01:41:23,869 [pool-1582-thread-1] INFO  server.RaftServerConfigKeys (ConfUtils.java:logGet(46)) - raft.server.rpc.timeout.max = 5200ms (custom)
2022-10-08 01:41:23,869 [pool-1582-thread-1] INFO  server.RaftServerConfigKeys (ConfUtils.java:logGet(46)) - raft.server.rpc.sleep.time = 25ms (default)
2022-10-08 01:41:23,869 [pool-1582-thread-1] INFO  server.RaftServerConfigKeys (ConfUtils.java:logGet(46)) - raft.server.rpc.slowness.timeout = 300s (custom)
2022-10-08 01:41:23,869 [pool-1582-thread-1] INFO  server.RaftServerConfigKeys (ConfUtils.java:logGet(46)) - raft.server.leaderelection.leader.step-down.wait-time = 10s (default)
2022-10-08 01:41:23,869 [pool-1582-thread-1] INFO  server.RaftServerConfigKeys (ConfUtils.java:logGet(46)) - raft.server.sleep.deviation.threshold = 300ms (default)
2022-10-08 01:41:23,870 [pool-1582-thread-1] INFO  server.RaftServer$Division (ServerState.java:<init>(107)) - be283514-8952-4898-8cdc-39ab4c54d87f@group-850F3197C2F6: ConfigurationManager, init=-1: [be283514-8952-4898-8cdc-39ab4c54d87f|rpc:10.1.0.61:33103|priority:1], old=null, confs=<EMPTY_MAP>
2022-10-08 01:41:23,870 [pool-1582-thread-1] INFO  server.RaftServerConfigKeys (ConfUtils.java:logGet(46)) - raft.server.storage.dir = [/home/runner/work/ozone/ozone/hadoop-ozone/integration-test/target/test-dir/MiniOzoneClusterImpl-bdb582a0-2e2b-403c-a8c7-17c71ed5f666/datanode-3/data/ratis] (custom)
2022-10-08 01:41:23,870 [pool-1582-thread-1] INFO  server.RaftServerConfigKeys (ConfUtils.java:logGet(46)) - raft.server.log.corruption.policy = EXCEPTION (default)
2022-10-08 01:41:23,870 [pool-1582-thread-1] INFO  server.RaftServerConfigKeys (ConfUtils.java:logGet(46)) - raft.server.storage.free-space.min = 0MB (=0) (default)
2022-10-08 01:41:23,870 [pool-1582-thread-1] INFO  storage.RaftStorageDirectory (RaftStorageDirectoryImpl.java:analyzeStorage(135)) - The storage directory /home/runner/work/ozone/ozone/hadoop-ozone/integration-test/target/test-dir/MiniOzoneClusterImpl-bdb582a0-2e2b-403c-a8c7-17c71ed5f666/datanode-3/data/ratis/a2d9f0b3-080c-463e-ad44-850f3197c2f6 does not exist. Creating ...
2022-10-08 01:41:23,894 [pool-1582-thread-1] INFO  storage.RaftStorageDirectory (RaftStorageDirectoryImpl.java:tryLock(230)) - Lock on /home/runner/work/ozone/ozone/hadoop-ozone/integration-test/target/test-dir/MiniOzoneClusterImpl-bdb582a0-2e2b-403c-a8c7-17c71ed5f666/datanode-3/data/ratis/a2d9f0b3-080c-463e-ad44-850f3197c2f6/in_use.lock acquired by nodename 52807@fv-az180-867
2022-10-08 01:41:23,902 [pool-1582-thread-1] INFO  storage.RaftStorage (RaftStorageImpl.java:format(89)) - Storage directory /home/runner/work/ozone/ozone/hadoop-ozone/integration-test/target/test-dir/MiniOzoneClusterImpl-bdb582a0-2e2b-403c-a8c7-17c71ed5f666/datanode-3/data/ratis/a2d9f0b3-080c-463e-ad44-850f3197c2f6 has been successfully formatted.
2022-10-08 01:41:23,964 [pool-1582-thread-1] INFO  ratis.ContainerStateMachine (ContainerStateMachine.java:loadSnapshot(236)) - group-850F3197C2F6: The snapshot info is null. Setting the last applied indexto:(t:0, i:~)
2022-10-08 01:41:23,964 [pool-1582-thread-1] INFO  server.RaftServerConfigKeys (ConfUtils.java:logGet(46)) - raft.server.notification.no-leader.timeout = 300s (custom)
2022-10-08 01:41:23,964 [pool-1582-thread-1] INFO  server.RaftServerConfigKeys (ConfUtils.java:logGet(46)) - raft.server.log.use.memory = false (default)
2022-10-08 01:41:23,964 [pool-1582-thread-1] INFO  server.RaftServerConfigKeys (ConfUtils.java:logGet(46)) - raft.server.log.purge.gap = 1000000 (custom)
2022-10-08 01:41:23,964 [pool-1582-thread-1] INFO  server.RaftServerConfigKeys (ConfUtils.java:logGet(46)) - raft.server.log.appender.buffer.byte-limit = 33554432 (custom)
2022-10-08 01:41:23,964 [pool-1582-thread-1] INFO  server.RaftServerConfigKeys (ConfUtils.java:logGet(46)) - raft.server.log.statemachine.data.read.timeout = 1000ms (default)
2022-10-08 01:41:23,964 [pool-1582-thread-1] INFO  server.RaftServerConfigKeys (ConfUtils.java:logGet(46)) - raft.server.log.segment.size.max = 1048576 (custom)
2022-10-08 01:41:23,965 [pool-1582-thread-1] INFO  server.RaftServerConfigKeys (ConfUtils.java:logGet(46)) - raft.server.log.segment.cache.num.max = 2 (custom)
2022-10-08 01:41:23,965 [pool-1582-thread-1] INFO  server.RaftServerConfigKeys (ConfUtils.java:logGet(46)) - raft.server.log.segment.cache.size.max = 200MB (=209715200) (default)
2022-10-08 01:41:23,965 [pool-1582-thread-1] INFO  segmented.SegmentedRaftLogWorker (SegmentedRaftLogWorker.java:<init>(187)) - new be283514-8952-4898-8cdc-39ab4c54d87f@group-850F3197C2F6-SegmentedRaftLogWorker for RaftStorageImpl:Storage Directory /home/runner/work/ozone/ozone/hadoop-ozone/integration-test/target/test-dir/MiniOzoneClusterImpl-bdb582a0-2e2b-403c-a8c7-17c71ed5f666/datanode-3/data/ratis/a2d9f0b3-080c-463e-ad44-850f3197c2f6
2022-10-08 01:41:23,965 [pool-1582-thread-1] INFO  server.RaftServerConfigKeys (ConfUtils.java:logGet(46)) - raft.server.log.queue.byte-limit = 4294967296 (custom)
2022-10-08 01:41:23,965 [pool-1582-thread-1] INFO  server.RaftServerConfigKeys (ConfUtils.java:logGet(46)) - raft.server.log.queue.element-limit = 1024 (custom)
2022-10-08 01:41:23,965 [pool-1582-thread-1] INFO  server.RaftServerConfigKeys (ConfUtils.java:logGet(46)) - raft.server.log.segment.size.max = 1048576 (custom)
2022-10-08 01:41:23,965 [pool-1582-thread-1] INFO  server.RaftServerConfigKeys (ConfUtils.java:logGet(46)) - raft.server.log.preallocated.size = 16384 (custom)
2022-10-08 01:41:23,965 [pool-1582-thread-1] INFO  server.RaftServerConfigKeys (ConfUtils.java:logGet(46)) - raft.server.log.force.sync.num = 128 (default)
2022-10-08 01:41:23,966 [pool-1582-thread-1] INFO  server.RaftServerConfigKeys (ConfUtils.java:logGet(46)) - raft.server.log.statemachine.data.sync = true (default)
2022-10-08 01:41:23,966 [pool-1582-thread-1] INFO  server.RaftServerConfigKeys (ConfUtils.java:logGet(46)) - raft.server.log.statemachine.data.sync.timeout = 10s (default)
2022-10-08 01:41:23,966 [pool-1582-thread-1] INFO  server.RaftServerConfigKeys (ConfUtils.java:logGet(46)) - raft.server.log.statemachine.data.sync.timeout.retry = -1 (default)
2022-10-08 01:41:23,971 [EventQueue-PipelineReportForPipelineReportHandler] INFO  pipeline.PipelineManagerImpl (PipelineManagerImpl.java:openPipeline(367)) - Pipeline Pipeline[ Id: a2d9f0b3-080c-463e-ad44-850f3197c2f6, Nodes: be283514-8952-4898-8cdc-39ab4c54d87f{ip: 10.1.0.61, host: fv-az180-867.g3pwtgv4ffyuhaixmbmm0kyh3d.gx.internal.cloudapp.net, ports: [REPLICATION=35901, RATIS=33103, RATIS_ADMIN=33103, RATIS_SERVER=33103, STANDALONE=41293], networkLocation: /default-rack, certSerialId: null, persistedOpState: IN_SERVICE, persistedOpStateExpiryEpochSec: 0}, ReplicationConfig: RATIS/ONE, State:ALLOCATED, leaderId:be283514-8952-4898-8cdc-39ab4c54d87f, CreationTimestamp2022-10-08T01:41:20.817Z[Etc/UTC]] moved to OPEN state
2022-10-08 01:41:23,971 [EventQueue-OpenPipelineForHealthyPipelineSafeModeRule] INFO  safemode.SCMSafeModeManager (HealthyPipelineSafeModeRule.java:process(137)) - SCM in safe mode. Healthy pipelines reported count is 0, required healthy pipeline reported count is 1
2022-10-08 01:41:23,976 [pool-1582-thread-1] INFO  server.RaftServerConfigKeys (ConfUtils.java:logGet(46)) - raft.server.log.write.buffer.size = 1048576 (custom)
2022-10-08 01:41:23,976 [pool-1582-thread-1] INFO  server.RaftServerConfigKeys (ConfUtils.java:logGet(46)) - raft.server.log.unsafe-flush.enabled = false (default)
2022-10-08 01:41:23,977 [pool-1582-thread-1] INFO  server.RaftServerConfigKeys (ConfUtils.java:logGet(46)) - raft.server.log.statemachine.data.caching.enabled = true (custom)
2022-10-08 01:41:23,977 [pool-1582-thread-1] INFO  segmented.SegmentedRaftLogWorker (SegmentedRaftLogWorker.java:lambda$new$0(135)) - be283514-8952-4898-8cdc-39ab4c54d87f@group-850F3197C2F6-SegmentedRaftLogWorker: flushIndex: setUnconditionally 0 -> -1
2022-10-08 01:41:23,977 [pool-1582-thread-1] INFO  segmented.SegmentedRaftLogWorker (SegmentedRaftLogWorker.java:lambda$new$0(135)) - be283514-8952-4898-8cdc-39ab4c54d87f@group-850F3197C2F6-SegmentedRaftLogWorker: safeCacheEvictIndex: setUnconditionally 0 -> -1
2022-10-08 01:41:23,992 [pool-1582-thread-1] INFO  server.RaftServerConfigKeys (ConfUtils.java:logGet(46)) - raft.server.snapshot.auto.trigger.enabled = true (custom)
2022-10-08 01:41:23,992 [pool-1582-thread-1] INFO  server.RaftServerConfigKeys (ConfUtils.java:logGet(46)) - raft.server.snapshot.auto.trigger.threshold = 10000 (custom)
2022-10-08 01:41:23,992 [pool-1582-thread-1] INFO  server.RaftServerConfigKeys (ConfUtils.java:logGet(46)) - raft.server.snapshot.retention.file.num = 5 (custom)
2022-10-08 01:41:23,992 [pool-1582-thread-1] INFO  server.RaftServerConfigKeys (ConfUtils.java:logGet(46)) - raft.server.log.purge.upto.snapshot.index = false (default)
2022-10-08 01:41:23,992 [pool-1582-thread-1] INFO  server.RaftServerConfigKeys (ConfUtils.java:logGet(46)) - raft.server.retrycache.expirytime = 600000ms (custom)
2022-10-08 01:41:23,992 [pool-1582-thread-1] INFO  server.RaftServerConfigKeys (ConfUtils.java:logGet(46)) - raft.server.retrycache.statistics.expirytime = 100μs (default)
2022-10-08 01:41:23,994 [pool-1582-thread-1] INFO  server.RaftServerConfigKeys (ConfUtils.java:logGet(46)) - raft.server.log.appender.install.snapshot.enabled = false (custom)
2022-10-08 01:41:23,994 [pool-1582-thread-1] INFO  server.RaftServerConfigKeys (ConfUtils.java:logGet(46)) - raft.server.threadpool.server.cached = true (default)
2022-10-08 01:41:23,994 [pool-1582-thread-1] INFO  server.RaftServerConfigKeys (ConfUtils.java:logGet(46)) - raft.server.threadpool.server.size = 0 (default)
2022-10-08 01:41:23,994 [pool-1582-thread-1] INFO  server.RaftServerConfigKeys (ConfUtils.java:logGet(46)) - raft.server.threadpool.client.cached = true (default)
2022-10-08 01:41:23,994 [pool-1582-thread-1] INFO  server.RaftServerConfigKeys (ConfUtils.java:logGet(46)) - raft.server.threadpool.client.size = 0 (default)
2022-10-08 01:41:23,994 [pool-1582-thread-1] INFO  server.RaftServer$Division (RaftServerImpl.java:start(310)) - be283514-8952-4898-8cdc-39ab4c54d87f@group-850F3197C2F6: start as a follower, conf=-1: [be283514-8952-4898-8cdc-39ab4c54d87f|rpc:10.1.0.61:33103|priority:1], old=null
2022-10-08 01:41:23,995 [pool-1582-thread-1] INFO  server.RaftServer$Division (RaftServerImpl.java:setRole(299)) - be283514-8952-4898-8cdc-39ab4c54d87f@group-850F3197C2F6: changes role from      null to FOLLOWER at term 0 for startAsFollower
2022-10-08 01:41:23,995 [pool-1582-thread-1] INFO  impl.RoleInfo (RoleInfo.java:updateAndGet(139)) - be283514-8952-4898-8cdc-39ab4c54d87f: start be283514-8952-4898-8cdc-39ab4c54d87f@group-850F3197C2F6-FollowerState
2022-10-08 01:41:24,004 [pool-1582-thread-1] INFO  util.JmxRegister (JmxRegister.java:tryRegister(44)) - Successfully registered JMX Bean with object name Ratis:service=RaftServer,group=group-850F3197C2F6,id=be283514-8952-4898-8cdc-39ab4c54d87f
2022-10-08 01:41:24,020 [Listener at 127.0.0.1/35929] INFO  ozone.MiniOzoneClusterImpl (MiniOzoneClusterImpl.java:lambda$waitForClusterToBeReady$0(216)) - Nodes are ready. Got 5 of 5 DN Heartbeats.
2022-10-08 01:41:24,020 [Listener at 127.0.0.1/35929] INFO  ozone.MiniOzoneClusterImpl (MiniOzoneClusterImpl.java:lambda$waitForClusterToBeReady$0(219)) - Waiting for cluster to exit safe mode
2022-10-08 01:41:24,020 [Listener at 127.0.0.1/35929] INFO  ozone.MiniOzoneClusterImpl (MiniOzoneClusterImpl.java:lambda$waitForClusterToBeReady$0(221)) - SCM became leader
2022-10-08 01:41:24,027 [Command processor thread] INFO  ratis.XceiverServerRatis (XceiverServerRatis.java:addGroup(765)) - Created group PipelineID=a2d9f0b3-080c-463e-ad44-850f3197c2f6
2022-10-08 01:41:24,027 [Command processor thread] INFO  commandhandler.CreatePipelineCommandHandler (CreatePipelineCommandHandler.java:handle(113)) - Created Pipeline RATIS ONE PipelineID=a2d9f0b3-080c-463e-ad44-850f3197c2f6.
2022-10-08 01:41:24,485 [ReplicationMonitor] INFO  replication.ReplicationManager (ReplicationManager.java:processAll(291)) - Replication Manager is not ready to run until 3000ms after safemode exit
2022-10-08 01:41:24,804 [10b21bb1-cee7-485e-9b19-b5d1fddc83da@group-ED3A5AFD36E6-FollowerState] INFO  impl.FollowerState (FollowerState.java:run(143)) - 10b21bb1-cee7-485e-9b19-b5d1fddc83da@group-ED3A5AFD36E6-FollowerState: change to CANDIDATE, lastRpcElapsedTime:5075310083ns, electionTimeout:5020ms
2022-10-08 01:41:24,804 [10b21bb1-cee7-485e-9b19-b5d1fddc83da@group-ED3A5AFD36E6-FollowerState] INFO  impl.RoleInfo (RoleInfo.java:shutdownFollowerState(110)) - 10b21bb1-cee7-485e-9b19-b5d1fddc83da: shutdown 10b21bb1-cee7-485e-9b19-b5d1fddc83da@group-ED3A5AFD36E6-FollowerState
2022-10-08 01:41:24,804 [10b21bb1-cee7-485e-9b19-b5d1fddc83da@group-ED3A5AFD36E6-FollowerState] INFO  server.RaftServer$Division (RaftServerImpl.java:setRole(299)) - 10b21bb1-cee7-485e-9b19-b5d1fddc83da@group-ED3A5AFD36E6: changes role from  FOLLOWER to CANDIDATE at term 0 for changeToCandidate
2022-10-08 01:41:24,805 [10b21bb1-cee7-485e-9b19-b5d1fddc83da@group-ED3A5AFD36E6-FollowerState] INFO  server.RaftServerConfigKeys (ConfUtils.java:logGet(46)) - raft.server.leaderelection.pre-vote = false (custom)
2022-10-08 01:41:24,805 [10b21bb1-cee7-485e-9b19-b5d1fddc83da@group-ED3A5AFD36E6-FollowerState] INFO  impl.RoleInfo (RoleInfo.java:updateAndGet(139)) - 10b21bb1-cee7-485e-9b19-b5d1fddc83da: start 10b21bb1-cee7-485e-9b19-b5d1fddc83da@group-ED3A5AFD36E6-LeaderElection61
2022-10-08 01:41:24,898 [10b21bb1-cee7-485e-9b19-b5d1fddc83da@group-ED3A5AFD36E6-LeaderElection61] INFO  impl.LeaderElection (LeaderElection.java:askForVotes(310)) - 10b21bb1-cee7-485e-9b19-b5d1fddc83da@group-ED3A5AFD36E6-LeaderElection61 ELECTION round 0: submit vote requests at term 1 for -1: [10b21bb1-cee7-485e-9b19-b5d1fddc83da|rpc:10.1.0.61:39523|priority:1], old=null
2022-10-08 01:41:24,898 [10b21bb1-cee7-485e-9b19-b5d1fddc83da@group-ED3A5AFD36E6-LeaderElection61] INFO  impl.LeaderElection (LeaderElection.java:askForVotes(312)) - 10b21bb1-cee7-485e-9b19-b5d1fddc83da@group-ED3A5AFD36E6-LeaderElection61 ELECTION round 0: result PASSED (term=1)
2022-10-08 01:41:24,898 [10b21bb1-cee7-485e-9b19-b5d1fddc83da@group-ED3A5AFD36E6-LeaderElection61] INFO  impl.RoleInfo (RoleInfo.java:shutdownLeaderElection(130)) - 10b21bb1-cee7-485e-9b19-b5d1fddc83da: shutdown 10b21bb1-cee7-485e-9b19-b5d1fddc83da@group-ED3A5AFD36E6-LeaderElection61
2022-10-08 01:41:24,898 [10b21bb1-cee7-485e-9b19-b5d1fddc83da@group-ED3A5AFD36E6-LeaderElection61] INFO  server.RaftServer$Division (RaftServerImpl.java:setRole(299)) - 10b21bb1-cee7-485e-9b19-b5d1fddc83da@group-ED3A5AFD36E6: changes role from CANDIDATE to LEADER at term 1 for changeToLeader
2022-10-08 01:41:24,898 [10b21bb1-cee7-485e-9b19-b5d1fddc83da@group-ED3A5AFD36E6-LeaderElection61] INFO  ratis.XceiverServerRatis (XceiverServerRatis.java:handleLeaderChangedNotification(863)) - Leader change notification received for group: group-ED3A5AFD36E6 with new leaderId: 10b21bb1-cee7-485e-9b19-b5d1fddc83da
2022-10-08 01:41:24,898 [10b21bb1-cee7-485e-9b19-b5d1fddc83da@group-ED3A5AFD36E6-LeaderElection61] INFO  server.RaftServer$Division (ServerState.java:setLeader(287)) - 10b21bb1-cee7-485e-9b19-b5d1fddc83da@group-ED3A5AFD36E6: change Leader from null to 10b21bb1-cee7-485e-9b19-b5d1fddc83da at term 1 for becomeLeader, leader elected after 5298ms
2022-10-08 01:41:24,898 [10b21bb1-cee7-485e-9b19-b5d1fddc83da@group-ED3A5AFD36E6-LeaderElection61] INFO  server.RaftServerConfigKeys (ConfUtils.java:logGet(46)) - raft.server.staging.catchup.gap = 1000 (default)
2022-10-08 01:41:24,899 [10b21bb1-cee7-485e-9b19-b5d1fddc83da@group-ED3A5AFD36E6-LeaderElection61] INFO  server.RaftServerConfigKeys (ConfUtils.java:logGet(46)) - raft.server.write.element-limit = 1024 (custom)
2022-10-08 01:41:24,899 [10b21bb1-cee7-485e-9b19-b5d1fddc83da@group-ED3A5AFD36E6-LeaderElection61] INFO  server.RaftServerConfigKeys (ConfUtils.java:logGet(46)) - raft.server.write.byte-limit = 1024 M (=1073741824) (custom)
2022-10-08 01:41:24,899 [10b21bb1-cee7-485e-9b19-b5d1fddc83da@group-ED3A5AFD36E6-LeaderElection61] INFO  server.RaftServerConfigKeys (ConfUtils.java:logGet(46)) - raft.server.watch.timeout = 180s (custom)
2022-10-08 01:41:24,899 [10b21bb1-cee7-485e-9b19-b5d1fddc83da@group-ED3A5AFD36E6-LeaderElection61] INFO  server.RaftServerConfigKeys (ConfUtils.java:logGet(46)) - raft.server.watch.timeout.denomination = 1s (default)
2022-10-08 01:41:24,899 [10b21bb1-cee7-485e-9b19-b5d1fddc83da@group-ED3A5AFD36E6-LeaderElection61] INFO  server.RaftServerConfigKeys (ConfUtils.java:logGet(46)) - raft.server.watch.element-limit = 65536 (default)
2022-10-08 01:41:24,899 [10b21bb1-cee7-485e-9b19-b5d1fddc83da@group-ED3A5AFD36E6-LeaderElection61] INFO  server.RaftServerConfigKeys (ConfUtils.java:logGet(46)) - raft.server.write.element-limit = 1024 (custom)
2022-10-08 01:41:24,899 [10b21bb1-cee7-485e-9b19-b5d1fddc83da@group-ED3A5AFD36E6-LeaderElection61] INFO  server.RaftServerConfigKeys (ConfUtils.java:logGet(46)) - raft.server.write.follower.gap.ratio.max = -1.0 (default)
2022-10-08 01:41:24,899 [10b21bb1-cee7-485e-9b19-b5d1fddc83da@group-ED3A5AFD36E6-LeaderElection61] INFO  impl.RoleInfo (RoleInfo.java:updateAndGet(139)) - 10b21bb1-cee7-485e-9b19-b5d1fddc83da: start 10b21bb1-cee7-485e-9b19-b5d1fddc83da@group-ED3A5AFD36E6-LeaderStateImpl
2022-10-08 01:41:24,901 [10b21bb1-cee7-485e-9b19-b5d1fddc83da@group-ED3A5AFD36E6-LeaderElection61] INFO  segmented.SegmentedRaftLogWorker (SegmentedRaftLogWorker.java:startLogSegment(425)) - 10b21bb1-cee7-485e-9b19-b5d1fddc83da@group-ED3A5AFD36E6-SegmentedRaftLogWorker: Starting segment from index:0
2022-10-08 01:41:24,902 [10b21bb1-cee7-485e-9b19-b5d1fddc83da@group-ED3A5AFD36E6-LeaderElection61] INFO  server.RaftServer$Division (ServerState.java:setRaftConf(393)) - 10b21bb1-cee7-485e-9b19-b5d1fddc83da@group-ED3A5AFD36E6: set configuration 0: [10b21bb1-cee7-485e-9b19-b5d1fddc83da|rpc:10.1.0.61:39523|dataStream:|priority:1], old=null
2022-10-08 01:41:24,908 [10b21bb1-cee7-485e-9b19-b5d1fddc83da@group-ED3A5AFD36E6-SegmentedRaftLogWorker] INFO  segmented.SegmentedRaftLogWorker (SegmentedRaftLogWorker.java:execute(629)) - 10b21bb1-cee7-485e-9b19-b5d1fddc83da@group-ED3A5AFD36E6-SegmentedRaftLogWorker: created new log segment /home/runner/work/ozone/ozone/hadoop-ozone/integration-test/target/test-dir/MiniOzoneClusterImpl-bdb582a0-2e2b-403c-a8c7-17c71ed5f666/datanode-1/data/ratis/d66685b8-151f-4313-bcd7-ed3a5afd36e6/current/log_inprogress_0
2022-10-08 01:41:24,944 [EventQueue-OpenPipelineForHealthyPipelineSafeModeRule] INFO  safemode.SCMSafeModeManager (HealthyPipelineSafeModeRule.java:process(137)) - SCM in safe mode. Healthy pipelines reported count is 0, required healthy pipeline reported count is 1
2022-10-08 01:41:25,020 [Listener at 127.0.0.1/35929] INFO  ozone.MiniOzoneClusterImpl (MiniOzoneClusterImpl.java:lambda$waitForClusterToBeReady$0(216)) - Nodes are ready. Got 5 of 5 DN Heartbeats.
2022-10-08 01:41:25,020 [Listener at 127.0.0.1/35929] INFO  ozone.MiniOzoneClusterImpl (MiniOzoneClusterImpl.java:lambda$waitForClusterToBeReady$0(219)) - Waiting for cluster to exit safe mode
2022-10-08 01:41:25,020 [Listener at 127.0.0.1/35929] INFO  ozone.MiniOzoneClusterImpl (MiniOzoneClusterImpl.java:lambda$waitForClusterToBeReady$0(221)) - SCM became leader
2022-10-08 01:41:25,043 [10b21bb1-cee7-485e-9b19-b5d1fddc83da@group-CCA682A2F973-FollowerState] INFO  impl.FollowerState (FollowerState.java:run(143)) - 10b21bb1-cee7-485e-9b19-b5d1fddc83da@group-CCA682A2F973-FollowerState: change to CANDIDATE, lastRpcElapsedTime:5143149776ns, electionTimeout:5106ms
2022-10-08 01:41:25,043 [10b21bb1-cee7-485e-9b19-b5d1fddc83da@group-CCA682A2F973-FollowerState] INFO  impl.RoleInfo (RoleInfo.java:shutdownFollowerState(110)) - 10b21bb1-cee7-485e-9b19-b5d1fddc83da: shutdown 10b21bb1-cee7-485e-9b19-b5d1fddc83da@group-CCA682A2F973-FollowerState
2022-10-08 01:41:25,043 [10b21bb1-cee7-485e-9b19-b5d1fddc83da@group-CCA682A2F973-FollowerState] INFO  server.RaftServer$Division (RaftServerImpl.java:setRole(299)) - 10b21bb1-cee7-485e-9b19-b5d1fddc83da@group-CCA682A2F973: changes role from  FOLLOWER to CANDIDATE at term 0 for changeToCandidate
2022-10-08 01:41:25,043 [10b21bb1-cee7-485e-9b19-b5d1fddc83da@group-CCA682A2F973-FollowerState] INFO  server.RaftServerConfigKeys (ConfUtils.java:logGet(46)) - raft.server.leaderelection.pre-vote = false (custom)
2022-10-08 01:41:25,043 [10b21bb1-cee7-485e-9b19-b5d1fddc83da@group-CCA682A2F973-FollowerState] INFO  impl.RoleInfo (RoleInfo.java:updateAndGet(139)) - 10b21bb1-cee7-485e-9b19-b5d1fddc83da: start 10b21bb1-cee7-485e-9b19-b5d1fddc83da@group-CCA682A2F973-LeaderElection62
2022-10-08 01:41:25,118 [10b21bb1-cee7-485e-9b19-b5d1fddc83da@group-CCA682A2F973-LeaderElection62] INFO  impl.LeaderElection (LeaderElection.java:askForVotes(310)) - 10b21bb1-cee7-485e-9b19-b5d1fddc83da@group-CCA682A2F973-LeaderElection62 ELECTION round 0: submit vote requests at term 1 for -1: [10b21bb1-cee7-485e-9b19-b5d1fddc83da|rpc:10.1.0.61:39523|priority:1, 6d9ca658-4f65-4bc8-8244-8fb27ff2ac77|rpc:10.1.0.61:45133|priority:0, a69a6355-4fd1-4dab-9c4a-ef9dfbf2b80d|rpc:10.1.0.61:41029|priority:0], old=null
2022-10-08 01:41:25,171 [a69a6355-4fd1-4dab-9c4a-ef9dfbf2b80d@group-CCA682A2F973-FollowerState] INFO  impl.FollowerState (FollowerState.java:run(143)) - a69a6355-4fd1-4dab-9c4a-ef9dfbf2b80d@group-CCA682A2F973-FollowerState: change to CANDIDATE, lastRpcElapsedTime:5097702273ns, electionTimeout:5090ms
2022-10-08 01:41:25,171 [a69a6355-4fd1-4dab-9c4a-ef9dfbf2b80d@group-CCA682A2F973-FollowerState] INFO  impl.RoleInfo (RoleInfo.java:shutdownFollowerState(110)) - a69a6355-4fd1-4dab-9c4a-ef9dfbf2b80d: shutdown a69a6355-4fd1-4dab-9c4a-ef9dfbf2b80d@group-CCA682A2F973-FollowerState
2022-10-08 01:41:25,171 [a69a6355-4fd1-4dab-9c4a-ef9dfbf2b80d@group-CCA682A2F973-FollowerState] INFO  server.RaftServer$Division (RaftServerImpl.java:setRole(299)) - a69a6355-4fd1-4dab-9c4a-ef9dfbf2b80d@group-CCA682A2F973: changes role from  FOLLOWER to CANDIDATE at term 0 for changeToCandidate
2022-10-08 01:41:25,216 [a69a6355-4fd1-4dab-9c4a-ef9dfbf2b80d@group-CCA682A2F973-FollowerState] INFO  server.RaftServerConfigKeys (ConfUtils.java:logGet(46)) - raft.server.leaderelection.pre-vote = false (custom)
2022-10-08 01:41:25,216 [a69a6355-4fd1-4dab-9c4a-ef9dfbf2b80d@group-CCA682A2F973-FollowerState] INFO  impl.RoleInfo (RoleInfo.java:updateAndGet(139)) - a69a6355-4fd1-4dab-9c4a-ef9dfbf2b80d: start a69a6355-4fd1-4dab-9c4a-ef9dfbf2b80d@group-CCA682A2F973-LeaderElection63
2022-10-08 01:41:25,284 [grpc-default-executor-14] INFO  server.RaftServer$Division (RaftServerImpl.java:requestVote(1152)) - 6d9ca658-4f65-4bc8-8244-8fb27ff2ac77@group-CCA682A2F973: receive requestVote(ELECTION, 10b21bb1-cee7-485e-9b19-b5d1fddc83da, group-CCA682A2F973, 1, (t:0, i:0))
2022-10-08 01:41:25,284 [grpc-default-executor-14] INFO  impl.VoteContext (VoteContext.java:log(48)) - 6d9ca658-4f65-4bc8-8244-8fb27ff2ac77@group-CCA682A2F973-FOLLOWER: accept ELECTION from 10b21bb1-cee7-485e-9b19-b5d1fddc83da: our priority 0 <= candidate's priority 1
2022-10-08 01:41:25,284 [grpc-default-executor-14] INFO  server.RaftServer$Division (RaftServerImpl.java:setRole(299)) - 6d9ca658-4f65-4bc8-8244-8fb27ff2ac77@group-CCA682A2F973: changes role from  FOLLOWER to FOLLOWER at term 1 for candidate:10b21bb1-cee7-485e-9b19-b5d1fddc83da
2022-10-08 01:41:25,284 [grpc-default-executor-14] INFO  impl.RoleInfo (RoleInfo.java:shutdownFollowerState(110)) - 6d9ca658-4f65-4bc8-8244-8fb27ff2ac77: shutdown 6d9ca658-4f65-4bc8-8244-8fb27ff2ac77@group-CCA682A2F973-FollowerState
2022-10-08 01:41:25,284 [grpc-default-executor-14] INFO  impl.RoleInfo (RoleInfo.java:updateAndGet(139)) - 6d9ca658-4f65-4bc8-8244-8fb27ff2ac77: start 6d9ca658-4f65-4bc8-8244-8fb27ff2ac77@group-CCA682A2F973-FollowerState
2022-10-08 01:41:25,288 [6d9ca658-4f65-4bc8-8244-8fb27ff2ac77@group-CCA682A2F973-FollowerState] INFO  impl.FollowerState (FollowerState.java:run(152)) - 6d9ca658-4f65-4bc8-8244-8fb27ff2ac77@group-CCA682A2F973-FollowerState was interrupted
2022-10-08 01:41:25,336 [grpc-default-executor-14] INFO  server.RaftServer$Division (RaftServerImpl.java:requestVote(1184)) - 6d9ca658-4f65-4bc8-8244-8fb27ff2ac77@group-CCA682A2F973 replies to ELECTION vote request: 10b21bb1-cee7-485e-9b19-b5d1fddc83da<-6d9ca658-4f65-4bc8-8244-8fb27ff2ac77#0:OK-t1. Peer's state: 6d9ca658-4f65-4bc8-8244-8fb27ff2ac77@group-CCA682A2F973:t1, leader=null, voted=10b21bb1-cee7-485e-9b19-b5d1fddc83da, raftlog=6d9ca658-4f65-4bc8-8244-8fb27ff2ac77@group-CCA682A2F973-SegmentedRaftLog:OPENED:c-1, conf=-1: [10b21bb1-cee7-485e-9b19-b5d1fddc83da|rpc:10.1.0.61:39523|dataStream:|priority:1, 6d9ca658-4f65-4bc8-8244-8fb27ff2ac77|rpc:10.1.0.61:45133|dataStream:|priority:0, a69a6355-4fd1-4dab-9c4a-ef9dfbf2b80d|rpc:10.1.0.61:41029|dataStream:|priority:0], old=null
2022-10-08 01:41:25,342 [10b21bb1-cee7-485e-9b19-b5d1fddc83da@group-CCA682A2F973-LeaderElection62] INFO  impl.LeaderElection (LeaderElection.java:logAndReturn(90)) - 10b21bb1-cee7-485e-9b19-b5d1fddc83da@group-CCA682A2F973-LeaderElection62: ELECTION PASSED received 1 response(s) and 0 exception(s):
2022-10-08 01:41:25,343 [10b21bb1-cee7-485e-9b19-b5d1fddc83da@group-CCA682A2F973-LeaderElection62] INFO  impl.LeaderElection (LeaderElection.java:logAndReturn(94)) -   Response 0: 10b21bb1-cee7-485e-9b19-b5d1fddc83da<-6d9ca658-4f65-4bc8-8244-8fb27ff2ac77#0:OK-t1
2022-10-08 01:41:25,343 [10b21bb1-cee7-485e-9b19-b5d1fddc83da@group-CCA682A2F973-LeaderElection62] INFO  impl.LeaderElection (LeaderElection.java:askForVotes(312)) - 10b21bb1-cee7-485e-9b19-b5d1fddc83da@group-CCA682A2F973-LeaderElection62 ELECTION round 0: result PASSED
2022-10-08 01:41:25,343 [10b21bb1-cee7-485e-9b19-b5d1fddc83da@group-CCA682A2F973-LeaderElection62] INFO  impl.RoleInfo (RoleInfo.java:shutdownLeaderElection(130)) - 10b21bb1-cee7-485e-9b19-b5d1fddc83da: shutdown 10b21bb1-cee7-485e-9b19-b5d1fddc83da@group-CCA682A2F973-LeaderElection62
2022-10-08 01:41:25,343 [10b21bb1-cee7-485e-9b19-b5d1fddc83da@group-CCA682A2F973-LeaderElection62] INFO  server.RaftServer$Division (RaftServerImpl.java:setRole(299)) - 10b21bb1-cee7-485e-9b19-b5d1fddc83da@group-CCA682A2F973: changes role from CANDIDATE to LEADER at term 1 for changeToLeader
2022-10-08 01:41:25,343 [10b21bb1-cee7-485e-9b19-b5d1fddc83da@group-CCA682A2F973-LeaderElection62] INFO  ratis.XceiverServerRatis (XceiverServerRatis.java:handleLeaderChangedNotification(863)) - Leader change notification received for group: group-CCA682A2F973 with new leaderId: 10b21bb1-cee7-485e-9b19-b5d1fddc83da
2022-10-08 01:41:25,343 [10b21bb1-cee7-485e-9b19-b5d1fddc83da@group-CCA682A2F973-LeaderElection62] INFO  server.RaftServer$Division (ServerState.java:setLeader(287)) - 10b21bb1-cee7-485e-9b19-b5d1fddc83da@group-CCA682A2F973: change Leader from null to 10b21bb1-cee7-485e-9b19-b5d1fddc83da at term 1 for becomeLeader, leader elected after 5474ms
2022-10-08 01:41:25,343 [10b21bb1-cee7-485e-9b19-b5d1fddc83da@group-CCA682A2F973-LeaderElection62] INFO  server.RaftServerConfigKeys (ConfUtils.java:logGet(46)) - raft.server.staging.catchup.gap = 1000 (default)
2022-10-08 01:41:25,343 [10b21bb1-cee7-485e-9b19-b5d1fddc83da@group-CCA682A2F973-LeaderElection62] INFO  server.RaftServerConfigKeys (ConfUtils.java:logGet(46)) - raft.server.write.element-limit = 1024 (custom)
2022-10-08 01:41:25,343 [10b21bb1-cee7-485e-9b19-b5d1fddc83da@group-CCA682A2F973-LeaderElection62] INFO  server.RaftServerConfigKeys (ConfUtils.java:logGet(46)) - raft.server.write.byte-limit = 1024 M (=1073741824) (custom)
2022-10-08 01:41:25,344 [10b21bb1-cee7-485e-9b19-b5d1fddc83da@group-CCA682A2F973-LeaderElection62] INFO  server.RaftServerConfigKeys (ConfUtils.java:logGet(46)) - raft.server.watch.timeout = 180s (custom)
2022-10-08 01:41:25,344 [10b21bb1-cee7-485e-9b19-b5d1fddc83da@group-CCA682A2F973-LeaderElection62] INFO  server.RaftServerConfigKeys (ConfUtils.java:logGet(46)) - raft.server.watch.timeout.denomination = 1s (default)
2022-10-08 01:41:25,344 [10b21bb1-cee7-485e-9b19-b5d1fddc83da@group-CCA682A2F973-LeaderElection62] INFO  server.RaftServerConfigKeys (ConfUtils.java:logGet(46)) - raft.server.watch.element-limit = 65536 (default)
2022-10-08 01:41:25,344 [10b21bb1-cee7-485e-9b19-b5d1fddc83da@group-CCA682A2F973-LeaderElection62] INFO  server.RaftServerConfigKeys (ConfUtils.java:logGet(46)) - raft.server.write.element-limit = 1024 (custom)
2022-10-08 01:41:25,344 [10b21bb1-cee7-485e-9b19-b5d1fddc83da@group-CCA682A2F973-LeaderElection62] INFO  server.RaftServerConfigKeys (ConfUtils.java:logGet(46)) - raft.server.write.follower.gap.ratio.max = -1.0 (default)
2022-10-08 01:41:25,345 [10b21bb1-cee7-485e-9b19-b5d1fddc83da@group-CCA682A2F973-LeaderElection62] INFO  server.RaftServerConfigKeys (ConfUtils.java:logGet(46)) - raft.server.log.appender.snapshot.chunk.size.max = 16MB (=16777216) (default)
2022-10-08 01:41:25,345 [10b21bb1-cee7-485e-9b19-b5d1fddc83da@group-CCA682A2F973-LeaderElection62] INFO  server.RaftServerConfigKeys (ConfUtils.java:logGet(46)) - raft.server.log.appender.buffer.byte-limit = 33554432 (custom)
2022-10-08 01:41:25,346 [10b21bb1-cee7-485e-9b19-b5d1fddc83da@group-CCA682A2F973-LeaderElection62] INFO  server.RaftServerConfigKeys (ConfUtils.java:logGet(46)) - raft.server.log.appender.buffer.element-limit = 1 (custom)
2022-10-08 01:41:25,346 [10b21bb1-cee7-485e-9b19-b5d1fddc83da@group-CCA682A2F973-LeaderElection62] INFO  grpc.GrpcConfigKeys (ConfUtils.java:logGet(46)) - raft.grpc.server.leader.outstanding.appends.max = 128 (default)
2022-10-08 01:41:25,346 [10b21bb1-cee7-485e-9b19-b5d1fddc83da@group-CCA682A2F973-LeaderElection62] INFO  server.RaftServerConfigKeys (ConfUtils.java:logGet(46)) - raft.server.rpc.request.timeout = 60s (custom)
2022-10-08 01:41:25,346 [10b21bb1-cee7-485e-9b19-b5d1fddc83da@group-CCA682A2F973-LeaderElection62] INFO  server.RaftServerConfigKeys (ConfUtils.java:logGet(46)) - raft.server.log.appender.install.snapshot.enabled = false (custom)
2022-10-08 01:41:25,347 [10b21bb1-cee7-485e-9b19-b5d1fddc83da@group-CCA682A2F973-LeaderElection62] INFO  server.RaftServerConfigKeys (ConfUtils.java:logGet(46)) - raft.server.log.appender.snapshot.chunk.size.max = 16MB (=16777216) (default)
2022-10-08 01:41:25,348 [10b21bb1-cee7-485e-9b19-b5d1fddc83da@group-CCA682A2F973-LeaderElection62] INFO  server.RaftServerConfigKeys (ConfUtils.java:logGet(46)) - raft.server.log.appender.buffer.byte-limit = 33554432 (custom)
2022-10-08 01:41:25,348 [10b21bb1-cee7-485e-9b19-b5d1fddc83da@group-CCA682A2F973-LeaderElection62] INFO  server.RaftServerConfigKeys (ConfUtils.java:logGet(46)) - raft.server.log.appender.buffer.element-limit = 1 (custom)
2022-10-08 01:41:25,348 [10b21bb1-cee7-485e-9b19-b5d1fddc83da@group-CCA682A2F973-LeaderElection62] INFO  grpc.GrpcConfigKeys (ConfUtils.java:logGet(46)) - raft.grpc.server.leader.outstanding.appends.max = 128 (default)
2022-10-08 01:41:25,348 [10b21bb1-cee7-485e-9b19-b5d1fddc83da@group-CCA682A2F973-LeaderElection62] INFO  server.RaftServerConfigKeys (ConfUtils.java:logGet(46)) - raft.server.rpc.request.timeout = 60s (custom)
2022-10-08 01:41:25,348 [10b21bb1-cee7-485e-9b19-b5d1fddc83da@group-CCA682A2F973-LeaderElection62] INFO  server.RaftServerConfigKeys (ConfUtils.java:logGet(46)) - raft.server.log.appender.install.snapshot.enabled = false (custom)
2022-10-08 01:41:25,348 [10b21bb1-cee7-485e-9b19-b5d1fddc83da@group-CCA682A2F973-LeaderElection62] INFO  impl.RoleInfo (RoleInfo.java:updateAndGet(139)) - 10b21bb1-cee7-485e-9b19-b5d1fddc83da: start 10b21bb1-cee7-485e-9b19-b5d1fddc83da@group-CCA682A2F973-LeaderStateImpl
2022-10-08 01:41:25,349 [10b21bb1-cee7-485e-9b19-b5d1fddc83da@group-CCA682A2F973-LeaderElection62] INFO  segmented.SegmentedRaftLogWorker (SegmentedRaftLogWorker.java:startLogSegment(425)) - 10b21bb1-cee7-485e-9b19-b5d1fddc83da@group-CCA682A2F973-SegmentedRaftLogWorker: Starting segment from index:0
2022-10-08 01:41:25,360 [10b21bb1-cee7-485e-9b19-b5d1fddc83da@group-CCA682A2F973-SegmentedRaftLogWorker] INFO  segmented.SegmentedRaftLogWorker (SegmentedRaftLogWorker.java:execute(629)) - 10b21bb1-cee7-485e-9b19-b5d1fddc83da@group-CCA682A2F973-SegmentedRaftLogWorker: created new log segment /home/runner/work/ozone/ozone/hadoop-ozone/integration-test/target/test-dir/MiniOzoneClusterImpl-bdb582a0-2e2b-403c-a8c7-17c71ed5f666/datanode-1/data/ratis/f710574b-f3f5-4d0d-81a3-cca682a2f973/current/log_inprogress_0
2022-10-08 01:41:25,364 [10b21bb1-cee7-485e-9b19-b5d1fddc83da@group-CCA682A2F973-LeaderElection62] INFO  server.RaftServer$Division (ServerState.java:setRaftConf(393)) - 10b21bb1-cee7-485e-9b19-b5d1fddc83da@group-CCA682A2F973: set configuration 0: [10b21bb1-cee7-485e-9b19-b5d1fddc83da|rpc:10.1.0.61:39523|dataStream:|priority:1, 6d9ca658-4f65-4bc8-8244-8fb27ff2ac77|rpc:10.1.0.61:45133|dataStream:|priority:0, a69a6355-4fd1-4dab-9c4a-ef9dfbf2b80d|rpc:10.1.0.61:41029|dataStream:|priority:0], old=null
2022-10-08 01:41:25,380 [EventQueue-PipelineReportForPipelineReportHandler] INFO  pipeline.PipelineManagerImpl (PipelineManagerImpl.java:openPipeline(367)) - Pipeline Pipeline[ Id: f710574b-f3f5-4d0d-81a3-cca682a2f973, Nodes: 10b21bb1-cee7-485e-9b19-b5d1fddc83da{ip: 10.1.0.61, host: fv-az180-867.g3pwtgv4ffyuhaixmbmm0kyh3d.gx.internal.cloudapp.net, ports: [REPLICATION=43355, RATIS=39523, RATIS_ADMIN=39523, RATIS_SERVER=39523, STANDALONE=33169], networkLocation: /default-rack, certSerialId: null, persistedOpState: IN_SERVICE, persistedOpStateExpiryEpochSec: 0}a69a6355-4fd1-4dab-9c4a-ef9dfbf2b80d{ip: 10.1.0.61, host: fv-az180-867.g3pwtgv4ffyuhaixmbmm0kyh3d.gx.internal.cloudapp.net, ports: [REPLICATION=45291, RATIS=41029, RATIS_ADMIN=41029, RATIS_SERVER=41029, STANDALONE=42351], networkLocation: /default-rack, certSerialId: null, persistedOpState: IN_SERVICE, persistedOpStateExpiryEpochSec: 0}6d9ca658-4f65-4bc8-8244-8fb27ff2ac77{ip: 10.1.0.61, host: fv-az180-867.g3pwtgv4ffyuhaixmbmm0kyh3d.gx.internal.cloudapp.net, ports: [REPLICATION=44649, RATIS=45133, RATIS_ADMIN=45133, RATIS_SERVER=45133, STANDALONE=40939], networkLocation: /default-rack, certSerialId: null, persistedOpState: IN_SERVICE, persistedOpStateExpiryEpochSec: 0}, ReplicationConfig: RATIS/THREE, State:ALLOCATED, leaderId:10b21bb1-cee7-485e-9b19-b5d1fddc83da, CreationTimestamp2022-10-08T01:41:19.610Z[Etc/UTC]] moved to OPEN state
2022-10-08 01:41:25,380 [EventQueue-OpenPipelineForHealthyPipelineSafeModeRule] INFO  safemode.SCMSafeModeManager (HealthyPipelineSafeModeRule.java:process(137)) - SCM in safe mode. Healthy pipelines reported count is 0, required healthy pipeline reported count is 1
2022-10-08 01:41:25,380 [EventQueue-OpenPipelineForHealthyPipelineSafeModeRule] INFO  safemode.SCMSafeModeManager (HealthyPipelineSafeModeRule.java:process(137)) - SCM in safe mode. Healthy pipelines reported count is 1, required healthy pipeline reported count is 1
2022-10-08 01:41:25,380 [EventQueue-OpenPipelineForHealthyPipelineSafeModeRule] INFO  safemode.SCMSafeModeManager (SCMSafeModeManager.java:validateSafeModeExitRules(204)) - HealthyPipelineSafeModeRule rule is successfully validated
2022-10-08 01:41:25,381 [EventQueue-OpenPipelineForHealthyPipelineSafeModeRule] INFO  safemode.SCMSafeModeManager (SCMSafeModeManager.java:validateSafeModeExitRules(219)) - ScmSafeModeManager, all rules are successfully validated
2022-10-08 01:41:25,381 [EventQueue-OpenPipelineForHealthyPipelineSafeModeRule] INFO  safemode.SCMSafeModeManager (SCMSafeModeManager.java:exitSafeMode(248)) - SCM exiting safe mode.
2022-10-08 01:41:25,381 [EventQueue-OpenPipelineForHealthyPipelineSafeModeRule] WARN  events.EventQueue (EventQueue.java:fireEvent(216)) - No event handler registered for event TypedEvent{payloadType=SafeModeStatus, name='Safe mode status'}
2022-10-08 01:41:25,381 [EventQueue-OpenPipelineForHealthyPipelineSafeModeRule] INFO  ha.SCMContext (SCMContext.java:updateSafeModeStatus(228)) - Update SafeModeStatus from SafeModeStatus{safeModeStatus=true, preCheckPassed=true} to SafeModeStatus{safeModeStatus=false, preCheckPassed=true}.
2022-10-08 01:41:25,381 [EventQueue-OpenPipelineForHealthyPipelineSafeModeRule] INFO  pipeline.BackgroundPipelineCreator (BackgroundPipelineCreator.java:notifyStatusChanged(254)) - Service BackgroundPipelineCreator transitions to RUNNING.
2022-10-08 01:41:25,381 [EventQueue-OpenPipelineForHealthyPipelineSafeModeRule] INFO  BackgroundPipelineScrubber (BackgroundSCMService.java:notifyStatusChanged(82)) - Service BackgroundPipelineScrubber transitions to RUNNING.
2022-10-08 01:41:25,381 [EventQueue-OpenPipelineForHealthyPipelineSafeModeRule] INFO  ExpiredContainerReplicaOpScrubber (BackgroundSCMService.java:notifyStatusChanged(82)) - Service ExpiredContainerReplicaOpScrubber transitions to RUNNING.
2022-10-08 01:41:25,381 [EventQueue-OpenPipelineForHealthyPipelineSafeModeRule] INFO  replication.ReplicationManager (ReplicationManager.java:notifyStatusChanged(728)) - Service ReplicationManager transitions to RUNNING.
2022-10-08 01:41:25,381 [EventQueue-OpenPipelineForHealthyPipelineSafeModeRule] WARN  balancer.ContainerBalancer (ContainerBalancer.java:shouldRun(936)) - Could not find persisted configuration for ContainerBalancer when checking if ContainerBalancer should run. ContainerBalancer should not run now.
2022-10-08 01:41:25,486 [ReplicationMonitor] INFO  replication.ReplicationManager (ReplicationManager.java:processAll(291)) - Replication Manager is not ready to run until 3000ms after safemode exit
2022-10-08 01:41:25,576 [a69a6355-4fd1-4dab-9c4a-ef9dfbf2b80d@group-CCA682A2F973-LeaderElection63] INFO  impl.LeaderElection (LeaderElection.java:askForVotes(310)) - a69a6355-4fd1-4dab-9c4a-ef9dfbf2b80d@group-CCA682A2F973-LeaderElection63 ELECTION round 0: submit vote requests at term 1 for -1: [10b21bb1-cee7-485e-9b19-b5d1fddc83da|rpc:10.1.0.61:39523|dataStream:|priority:1, 6d9ca658-4f65-4bc8-8244-8fb27ff2ac77|rpc:10.1.0.61:45133|dataStream:|priority:0, a69a6355-4fd1-4dab-9c4a-ef9dfbf2b80d|rpc:10.1.0.61:41029|dataStream:|priority:0], old=null
2022-10-08 01:41:25,579 [6d9ca658-4f65-4bc8-8244-8fb27ff2ac77-server-thread1] INFO  ratis.XceiverServerRatis (XceiverServerRatis.java:handleLeaderChangedNotification(863)) - Leader change notification received for group: group-CCA682A2F973 with new leaderId: 10b21bb1-cee7-485e-9b19-b5d1fddc83da
2022-10-08 01:41:25,579 [6d9ca658-4f65-4bc8-8244-8fb27ff2ac77-server-thread1] INFO  server.RaftServer$Division (ServerState.java:setLeader(287)) - 6d9ca658-4f65-4bc8-8244-8fb27ff2ac77@group-CCA682A2F973: change Leader from null to 10b21bb1-cee7-485e-9b19-b5d1fddc83da at term 1 for appendEntries, leader elected after 5417ms
2022-10-08 01:41:25,581 [grpc-default-executor-11] INFO  server.RaftServer$Division (RaftServerImpl.java:requestVote(1152)) - a69a6355-4fd1-4dab-9c4a-ef9dfbf2b80d@group-CCA682A2F973: receive requestVote(ELECTION, 10b21bb1-cee7-485e-9b19-b5d1fddc83da, group-CCA682A2F973, 1, (t:0, i:0))
2022-10-08 01:41:25,581 [grpc-default-executor-11] INFO  impl.VoteContext (VoteContext.java:log(48)) - a69a6355-4fd1-4dab-9c4a-ef9dfbf2b80d@group-CCA682A2F973-CANDIDATE: reject ELECTION from 10b21bb1-cee7-485e-9b19-b5d1fddc83da: already has voted for a69a6355-4fd1-4dab-9c4a-ef9dfbf2b80d at current term 1
2022-10-08 01:41:25,582 [grpc-default-executor-11] INFO  server.RaftServer$Division (RaftServerImpl.java:requestVote(1184)) - a69a6355-4fd1-4dab-9c4a-ef9dfbf2b80d@group-CCA682A2F973 replies to ELECTION vote request: 10b21bb1-cee7-485e-9b19-b5d1fddc83da<-a69a6355-4fd1-4dab-9c4a-ef9dfbf2b80d#0:FAIL-t1. Peer's state: a69a6355-4fd1-4dab-9c4a-ef9dfbf2b80d@group-CCA682A2F973:t1, leader=null, voted=a69a6355-4fd1-4dab-9c4a-ef9dfbf2b80d, raftlog=a69a6355-4fd1-4dab-9c4a-ef9dfbf2b80d@group-CCA682A2F973-SegmentedRaftLog:OPENED:c-1, conf=-1: [10b21bb1-cee7-485e-9b19-b5d1fddc83da|rpc:10.1.0.61:39523|dataStream:|priority:1, 6d9ca658-4f65-4bc8-8244-8fb27ff2ac77|rpc:10.1.0.61:45133|dataStream:|priority:0, a69a6355-4fd1-4dab-9c4a-ef9dfbf2b80d|rpc:10.1.0.61:41029|dataStream:|priority:0], old=null
2022-10-08 01:41:25,583 [grpc-default-executor-11] INFO  server.RaftServer$Division (RaftServerImpl.java:requestVote(1152)) - 6d9ca658-4f65-4bc8-8244-8fb27ff2ac77@group-CCA682A2F973: receive requestVote(ELECTION, a69a6355-4fd1-4dab-9c4a-ef9dfbf2b80d, group-CCA682A2F973, 1, (t:0, i:0))
2022-10-08 01:41:25,584 [grpc-default-executor-11] INFO  impl.VoteContext (VoteContext.java:log(48)) - 6d9ca658-4f65-4bc8-8244-8fb27ff2ac77@group-CCA682A2F973-FOLLOWER: reject ELECTION from a69a6355-4fd1-4dab-9c4a-ef9dfbf2b80d: already has voted for 10b21bb1-cee7-485e-9b19-b5d1fddc83da at current term 1
2022-10-08 01:41:25,584 [grpc-default-executor-11] INFO  server.RaftServer$Division (RaftServerImpl.java:requestVote(1184)) - 6d9ca658-4f65-4bc8-8244-8fb27ff2ac77@group-CCA682A2F973 replies to ELECTION vote request: a69a6355-4fd1-4dab-9c4a-ef9dfbf2b80d<-6d9ca658-4f65-4bc8-8244-8fb27ff2ac77#0:FAIL-t1. Peer's state: 6d9ca658-4f65-4bc8-8244-8fb27ff2ac77@group-CCA682A2F973:t1, leader=10b21bb1-cee7-485e-9b19-b5d1fddc83da, voted=10b21bb1-cee7-485e-9b19-b5d1fddc83da, raftlog=6d9ca658-4f65-4bc8-8244-8fb27ff2ac77@group-CCA682A2F973-SegmentedRaftLog:OPENED:c-1, conf=-1: [10b21bb1-cee7-485e-9b19-b5d1fddc83da|rpc:10.1.0.61:39523|dataStream:|priority:1, 6d9ca658-4f65-4bc8-8244-8fb27ff2ac77|rpc:10.1.0.61:45133|dataStream:|priority:0, a69a6355-4fd1-4dab-9c4a-ef9dfbf2b80d|rpc:10.1.0.61:41029|dataStream:|priority:0], old=null
2022-10-08 01:41:25,616 [a69a6355-4fd1-4dab-9c4a-ef9dfbf2b80d@group-1F3683DD7802-FollowerState] INFO  impl.FollowerState (FollowerState.java:run(143)) - a69a6355-4fd1-4dab-9c4a-ef9dfbf2b80d@group-1F3683DD7802-FollowerState: change to CANDIDATE, lastRpcElapsedTime:5073768729ns, electionTimeout:5069ms
2022-10-08 01:41:25,616 [a69a6355-4fd1-4dab-9c4a-ef9dfbf2b80d@group-1F3683DD7802-FollowerState] INFO  impl.RoleInfo (RoleInfo.java:shutdownFollowerState(110)) - a69a6355-4fd1-4dab-9c4a-ef9dfbf2b80d: shutdown a69a6355-4fd1-4dab-9c4a-ef9dfbf2b80d@group-1F3683DD7802-FollowerState
2022-10-08 01:41:25,616 [a69a6355-4fd1-4dab-9c4a-ef9dfbf2b80d@group-1F3683DD7802-FollowerState] INFO  server.RaftServer$Division (RaftServerImpl.java:setRole(299)) - a69a6355-4fd1-4dab-9c4a-ef9dfbf2b80d@group-1F3683DD7802: changes role from  FOLLOWER to CANDIDATE at term 0 for changeToCandidate
2022-10-08 01:41:25,656 [grpc-default-executor-18] INFO  server.RaftServer$Division (RaftServerImpl.java:requestVote(1152)) - 10b21bb1-cee7-485e-9b19-b5d1fddc83da@group-CCA682A2F973: receive requestVote(ELECTION, a69a6355-4fd1-4dab-9c4a-ef9dfbf2b80d, group-CCA682A2F973, 1, (t:0, i:0))
2022-10-08 01:41:25,656 [grpc-default-executor-18] INFO  impl.VoteContext (VoteContext.java:log(48)) - 10b21bb1-cee7-485e-9b19-b5d1fddc83da@group-CCA682A2F973-LEADER: reject ELECTION from a69a6355-4fd1-4dab-9c4a-ef9dfbf2b80d: already has voted for 10b21bb1-cee7-485e-9b19-b5d1fddc83da at current term 1
2022-10-08 01:41:25,656 [grpc-default-executor-18] INFO  server.RaftServer$Division (RaftServerImpl.java:requestVote(1184)) - 10b21bb1-cee7-485e-9b19-b5d1fddc83da@group-CCA682A2F973 replies to ELECTION vote request: a69a6355-4fd1-4dab-9c4a-ef9dfbf2b80d<-10b21bb1-cee7-485e-9b19-b5d1fddc83da#0:FAIL-t1. Peer's state: 10b21bb1-cee7-485e-9b19-b5d1fddc83da@group-CCA682A2F973:t1, leader=10b21bb1-cee7-485e-9b19-b5d1fddc83da, voted=10b21bb1-cee7-485e-9b19-b5d1fddc83da, raftlog=10b21bb1-cee7-485e-9b19-b5d1fddc83da@group-CCA682A2F973-SegmentedRaftLog:OPENED:c0, conf=0: [10b21bb1-cee7-485e-9b19-b5d1fddc83da|rpc:10.1.0.61:39523|dataStream:|priority:1, 6d9ca658-4f65-4bc8-8244-8fb27ff2ac77|rpc:10.1.0.61:45133|dataStream:|priority:0, a69a6355-4fd1-4dab-9c4a-ef9dfbf2b80d|rpc:10.1.0.61:41029|dataStream:|priority:0], old=null
2022-10-08 01:41:25,672 [a69a6355-4fd1-4dab-9c4a-ef9dfbf2b80d@group-CCA682A2F973-LeaderElection63] INFO  impl.LeaderElection (LeaderElection.java:logAndReturn(90)) - a69a6355-4fd1-4dab-9c4a-ef9dfbf2b80d@group-CCA682A2F973-LeaderElection63: ELECTION REJECTED received 2 response(s) and 0 exception(s):
2022-10-08 01:41:25,672 [a69a6355-4fd1-4dab-9c4a-ef9dfbf2b80d@group-CCA682A2F973-LeaderElection63] INFO  impl.LeaderElection (LeaderElection.java:logAndReturn(94)) -   Response 0: a69a6355-4fd1-4dab-9c4a-ef9dfbf2b80d<-10b21bb1-cee7-485e-9b19-b5d1fddc83da#0:FAIL-t1
2022-10-08 01:41:25,672 [a69a6355-4fd1-4dab-9c4a-ef9dfbf2b80d@group-CCA682A2F973-LeaderElection63] INFO  impl.LeaderElection (LeaderElection.java:logAndReturn(94)) -   Response 1: a69a6355-4fd1-4dab-9c4a-ef9dfbf2b80d<-6d9ca658-4f65-4bc8-8244-8fb27ff2ac77#0:FAIL-t1
2022-10-08 01:41:25,692 [a69a6355-4fd1-4dab-9c4a-ef9dfbf2b80d@group-1F3683DD7802-FollowerState] INFO  server.RaftServerConfigKeys (ConfUtils.java:logGet(46)) - raft.server.leaderelection.pre-vote = false (custom)
2022-10-08 01:41:25,692 [a69a6355-4fd1-4dab-9c4a-ef9dfbf2b80d@group-1F3683DD7802-FollowerState] INFO  impl.RoleInfo (RoleInfo.java:updateAndGet(139)) - a69a6355-4fd1-4dab-9c4a-ef9dfbf2b80d: start a69a6355-4fd1-4dab-9c4a-ef9dfbf2b80d@group-1F3683DD7802-LeaderElection64
2022-10-08 01:41:25,696 [a69a6355-4fd1-4dab-9c4a-ef9dfbf2b80d-server-thread1] INFO  server.RaftServer$Division (RaftServerImpl.java:setRole(299)) - a69a6355-4fd1-4dab-9c4a-ef9dfbf2b80d@group-CCA682A2F973: changes role from CANDIDATE to FOLLOWER at term 1 for appendEntries
2022-10-08 01:41:25,696 [a69a6355-4fd1-4dab-9c4a-ef9dfbf2b80d-server-thread1] INFO  impl.RoleInfo (RoleInfo.java:shutdownLeaderElection(130)) - a69a6355-4fd1-4dab-9c4a-ef9dfbf2b80d: shutdown a69a6355-4fd1-4dab-9c4a-ef9dfbf2b80d@group-CCA682A2F973-LeaderElection63
2022-10-08 01:41:25,709 [a69a6355-4fd1-4dab-9c4a-ef9dfbf2b80d-server-thread1] INFO  impl.RoleInfo (RoleInfo.java:updateAndGet(139)) - a69a6355-4fd1-4dab-9c4a-ef9dfbf2b80d: start a69a6355-4fd1-4dab-9c4a-ef9dfbf2b80d@group-CCA682A2F973-FollowerState
2022-10-08 01:41:25,709 [a69a6355-4fd1-4dab-9c4a-ef9dfbf2b80d@group-CCA682A2F973-LeaderElection63] INFO  impl.LeaderElection (LeaderElection.java:askForVotes(312)) - a69a6355-4fd1-4dab-9c4a-ef9dfbf2b80d@group-CCA682A2F973-LeaderElection63 ELECTION round 0: result REJECTED
2022-10-08 01:41:25,709 [a69a6355-4fd1-4dab-9c4a-ef9dfbf2b80d-server-thread1] INFO  ratis.XceiverServerRatis (XceiverServerRatis.java:handleLeaderChangedNotification(863)) - Leader change notification received for group: group-CCA682A2F973 with new leaderId: 10b21bb1-cee7-485e-9b19-b5d1fddc83da
2022-10-08 01:41:25,709 [a69a6355-4fd1-4dab-9c4a-ef9dfbf2b80d-server-thread1] INFO  server.RaftServer$Division (ServerState.java:setLeader(287)) - a69a6355-4fd1-4dab-9c4a-ef9dfbf2b80d@group-CCA682A2F973: change Leader from null to 10b21bb1-cee7-485e-9b19-b5d1fddc83da at term 1 for appendEntries, leader elected after 5660ms
2022-10-08 01:41:25,768 [6d9ca658-4f65-4bc8-8244-8fb27ff2ac77-server-thread1] INFO  server.RaftServer$Division (ServerState.java:setRaftConf(393)) - 6d9ca658-4f65-4bc8-8244-8fb27ff2ac77@group-CCA682A2F973: set configuration 0: [10b21bb1-cee7-485e-9b19-b5d1fddc83da|rpc:10.1.0.61:39523|dataStream:|priority:1, 6d9ca658-4f65-4bc8-8244-8fb27ff2ac77|rpc:10.1.0.61:45133|dataStream:|priority:0, a69a6355-4fd1-4dab-9c4a-ef9dfbf2b80d|rpc:10.1.0.61:41029|dataStream:|priority:0], old=null
2022-10-08 01:41:25,769 [6d9ca658-4f65-4bc8-8244-8fb27ff2ac77-server-thread1] INFO  segmented.SegmentedRaftLogWorker (SegmentedRaftLogWorker.java:startLogSegment(425)) - 6d9ca658-4f65-4bc8-8244-8fb27ff2ac77@group-CCA682A2F973-SegmentedRaftLogWorker: Starting segment from index:0
2022-10-08 01:41:25,782 [6d9ca658-4f65-4bc8-8244-8fb27ff2ac77@group-CCA682A2F973-SegmentedRaftLogWorker] INFO  segmented.SegmentedRaftLogWorker (SegmentedRaftLogWorker.java:execute(629)) - 6d9ca658-4f65-4bc8-8244-8fb27ff2ac77@group-CCA682A2F973-SegmentedRaftLogWorker: created new log segment /home/runner/work/ozone/ozone/hadoop-ozone/integration-test/target/test-dir/MiniOzoneClusterImpl-bdb582a0-2e2b-403c-a8c7-17c71ed5f666/datanode-0/data/ratis/f710574b-f3f5-4d0d-81a3-cca682a2f973/current/log_inprogress_0
2022-10-08 01:41:25,789 [a69a6355-4fd1-4dab-9c4a-ef9dfbf2b80d@group-1F3683DD7802-LeaderElection64] INFO  impl.LeaderElection (LeaderElection.java:askForVotes(310)) - a69a6355-4fd1-4dab-9c4a-ef9dfbf2b80d@group-1F3683DD7802-LeaderElection64 ELECTION round 0: submit vote requests at term 1 for -1: [a69a6355-4fd1-4dab-9c4a-ef9dfbf2b80d|rpc:10.1.0.61:41029|priority:1], old=null
2022-10-08 01:41:25,790 [a69a6355-4fd1-4dab-9c4a-ef9dfbf2b80d@group-1F3683DD7802-LeaderElection64] INFO  impl.LeaderElection (LeaderElection.java:askForVotes(312)) - a69a6355-4fd1-4dab-9c4a-ef9dfbf2b80d@group-1F3683DD7802-LeaderElection64 ELECTION round 0: result PASSED (term=1)
2022-10-08 01:41:25,790 [a69a6355-4fd1-4dab-9c4a-ef9dfbf2b80d@group-1F3683DD7802-LeaderElection64] INFO  impl.RoleInfo (RoleInfo.java:shutdownLeaderElection(130)) - a69a6355-4fd1-4dab-9c4a-ef9dfbf2b80d: shutdown a69a6355-4fd1-4dab-9c4a-ef9dfbf2b80d@group-1F3683DD7802-LeaderElection64
2022-10-08 01:41:25,790 [a69a6355-4fd1-4dab-9c4a-ef9dfbf2b80d@group-1F3683DD7802-LeaderElection64] INFO  server.RaftServer$Division (RaftServerImpl.java:setRole(299)) - a69a6355-4fd1-4dab-9c4a-ef9dfbf2b80d@group-1F3683DD7802: changes role from CANDIDATE to LEADER at term 1 for changeToLeader
2022-10-08 01:41:25,790 [a69a6355-4fd1-4dab-9c4a-ef9dfbf2b80d@group-1F3683DD7802-LeaderElection64] INFO  ratis.XceiverServerRatis (XceiverServerRatis.java:handleLeaderChangedNotification(863)) - Leader change notification received for group: group-1F3683DD7802 with new leaderId: a69a6355-4fd1-4dab-9c4a-ef9dfbf2b80d
2022-10-08 01:41:25,790 [a69a6355-4fd1-4dab-9c4a-ef9dfbf2b80d@group-1F3683DD7802-LeaderElection64] INFO  server.RaftServer$Division (ServerState.java:setLeader(287)) - a69a6355-4fd1-4dab-9c4a-ef9dfbf2b80d@group-1F3683DD7802: change Leader from null to a69a6355-4fd1-4dab-9c4a-ef9dfbf2b80d at term 1 for becomeLeader, leader elected after 5265ms
2022-10-08 01:41:25,790 [a69a6355-4fd1-4dab-9c4a-ef9dfbf2b80d@group-1F3683DD7802-LeaderElection64] INFO  server.RaftServerConfigKeys (ConfUtils.java:logGet(46)) - raft.server.staging.catchup.gap = 1000 (default)
2022-10-08 01:41:25,790 [a69a6355-4fd1-4dab-9c4a-ef9dfbf2b80d@group-1F3683DD7802-LeaderElection64] INFO  server.RaftServerConfigKeys (ConfUtils.java:logGet(46)) - raft.server.write.element-limit = 1024 (custom)
2022-10-08 01:41:25,790 [a69a6355-4fd1-4dab-9c4a-ef9dfbf2b80d@group-1F3683DD7802-LeaderElection64] INFO  server.RaftServerConfigKeys (ConfUtils.java:logGet(46)) - raft.server.write.byte-limit = 1024 M (=1073741824) (custom)
2022-10-08 01:41:25,791 [a69a6355-4fd1-4dab-9c4a-ef9dfbf2b80d@group-1F3683DD7802-LeaderElection64] INFO  server.RaftServerConfigKeys (ConfUtils.java:logGet(46)) - raft.server.watch.timeout = 180s (custom)
2022-10-08 01:41:25,791 [a69a6355-4fd1-4dab-9c4a-ef9dfbf2b80d@group-1F3683DD7802-LeaderElection64] INFO  server.RaftServerConfigKeys (ConfUtils.java:logGet(46)) - raft.server.watch.timeout.denomination = 1s (default)
2022-10-08 01:41:25,791 [a69a6355-4fd1-4dab-9c4a-ef9dfbf2b80d@group-1F3683DD7802-LeaderElection64] INFO  server.RaftServerConfigKeys (ConfUtils.java:logGet(46)) - raft.server.watch.element-limit = 65536 (default)
2022-10-08 01:41:25,791 [a69a6355-4fd1-4dab-9c4a-ef9dfbf2b80d@group-1F3683DD7802-LeaderElection64] INFO  server.RaftServerConfigKeys (ConfUtils.java:logGet(46)) - raft.server.write.element-limit = 1024 (custom)
2022-10-08 01:41:25,791 [a69a6355-4fd1-4dab-9c4a-ef9dfbf2b80d@group-1F3683DD7802-LeaderElection64] INFO  server.RaftServerConfigKeys (ConfUtils.java:logGet(46)) - raft.server.write.follower.gap.ratio.max = -1.0 (default)
2022-10-08 01:41:25,791 [a69a6355-4fd1-4dab-9c4a-ef9dfbf2b80d@group-1F3683DD7802-LeaderElection64] INFO  impl.RoleInfo (RoleInfo.java:updateAndGet(139)) - a69a6355-4fd1-4dab-9c4a-ef9dfbf2b80d: start a69a6355-4fd1-4dab-9c4a-ef9dfbf2b80d@group-1F3683DD7802-LeaderStateImpl
2022-10-08 01:41:25,791 [a69a6355-4fd1-4dab-9c4a-ef9dfbf2b80d@group-1F3683DD7802-LeaderElection64] INFO  segmented.SegmentedRaftLogWorker (SegmentedRaftLogWorker.java:startLogSegment(425)) - a69a6355-4fd1-4dab-9c4a-ef9dfbf2b80d@group-1F3683DD7802-SegmentedRaftLogWorker: Starting segment from index:0
2022-10-08 01:41:25,798 [a69a6355-4fd1-4dab-9c4a-ef9dfbf2b80d@group-1F3683DD7802-SegmentedRaftLogWorker] INFO  segmented.SegmentedRaftLogWorker (SegmentedRaftLogWorker.java:execute(629)) - a69a6355-4fd1-4dab-9c4a-ef9dfbf2b80d@group-1F3683DD7802-SegmentedRaftLogWorker: created new log segment /home/runner/work/ozone/ozone/hadoop-ozone/integration-test/target/test-dir/MiniOzoneClusterImpl-bdb582a0-2e2b-403c-a8c7-17c71ed5f666/datanode-2/data/ratis/590c537a-077b-4dc6-a3b2-1f3683dd7802/current/log_inprogress_0
2022-10-08 01:41:25,803 [a69a6355-4fd1-4dab-9c4a-ef9dfbf2b80d@group-1F3683DD7802-LeaderElection64] INFO  server.RaftServer$Division (ServerState.java:setRaftConf(393)) - a69a6355-4fd1-4dab-9c4a-ef9dfbf2b80d@group-1F3683DD7802: set configuration 0: [a69a6355-4fd1-4dab-9c4a-ef9dfbf2b80d|rpc:10.1.0.61:41029|dataStream:|priority:1], old=null
2022-10-08 01:41:25,850 [a69a6355-4fd1-4dab-9c4a-ef9dfbf2b80d-server-thread1] INFO  server.RaftServer$Division (ServerState.java:setRaftConf(393)) - a69a6355-4fd1-4dab-9c4a-ef9dfbf2b80d@group-CCA682A2F973: set configuration 0: [10b21bb1-cee7-485e-9b19-b5d1fddc83da|rpc:10.1.0.61:39523|dataStream:|priority:1, 6d9ca658-4f65-4bc8-8244-8fb27ff2ac77|rpc:10.1.0.61:45133|dataStream:|priority:0, a69a6355-4fd1-4dab-9c4a-ef9dfbf2b80d|rpc:10.1.0.61:41029|dataStream:|priority:0], old=null
2022-10-08 01:41:25,850 [a69a6355-4fd1-4dab-9c4a-ef9dfbf2b80d-server-thread1] INFO  segmented.SegmentedRaftLogWorker (SegmentedRaftLogWorker.java:startLogSegment(425)) - a69a6355-4fd1-4dab-9c4a-ef9dfbf2b80d@group-CCA682A2F973-SegmentedRaftLogWorker: Starting segment from index:0
2022-10-08 01:41:25,857 [a69a6355-4fd1-4dab-9c4a-ef9dfbf2b80d@group-CCA682A2F973-SegmentedRaftLogWorker] INFO  segmented.SegmentedRaftLogWorker (SegmentedRaftLogWorker.java:execute(629)) - a69a6355-4fd1-4dab-9c4a-ef9dfbf2b80d@group-CCA682A2F973-SegmentedRaftLogWorker: created new log segment /home/runner/work/ozone/ozone/hadoop-ozone/integration-test/target/test-dir/MiniOzoneClusterImpl-bdb582a0-2e2b-403c-a8c7-17c71ed5f666/datanode-2/data/ratis/f710574b-f3f5-4d0d-81a3-cca682a2f973/current/log_inprogress_0
2022-10-08 01:41:26,020 [Listener at 127.0.0.1/35929] INFO  ozone.MiniOzoneClusterImpl (MiniOzoneClusterImpl.java:lambda$waitForClusterToBeReady$0(216)) - Nodes are ready. Got 5 of 5 DN Heartbeats.
2022-10-08 01:41:26,020 [Listener at 127.0.0.1/35929] INFO  ozone.MiniOzoneClusterImpl (MiniOzoneClusterImpl.java:lambda$waitForClusterToBeReady$0(219)) - Cluster exits safe mode
2022-10-08 01:41:26,020 [Listener at 127.0.0.1/35929] INFO  ozone.MiniOzoneClusterImpl (MiniOzoneClusterImpl.java:lambda$waitForClusterToBeReady$0(221)) - SCM became leader
2022-10-08 01:41:26,090 [Command processor thread] INFO  server.RaftServer (RaftServerProxy.java:addNew(96)) - d592f677-c006-4ca2-903a-3aa8418ae6b1: addNew group-7E015DB4A503:[d592f677-c006-4ca2-903a-3aa8418ae6b1|rpc:10.1.0.61:37705|priority:1] returns group-7E015DB4A503:java.util.concurrent.CompletableFuture@1b15e94[Not completed]
2022-10-08 01:41:26,113 [Listener at 127.0.0.1/35929] INFO  rpc.RpcClient (RpcClient.java:createVolume(471)) - Creating Volume: 24b1cdff-4560-4429-961f-ed44e67562ca, with runner as owner and space quota set to -1 bytes, counts quota set to -1
2022-10-08 01:41:26,174 [pool-1605-thread-1] INFO  server.RaftServer$Division (RaftServerImpl.java:<init>(190)) - d592f677-c006-4ca2-903a-3aa8418ae6b1: new RaftServerImpl for group-7E015DB4A503:[d592f677-c006-4ca2-903a-3aa8418ae6b1|rpc:10.1.0.61:37705|priority:1] with ContainerStateMachine:uninitialized
2022-10-08 01:41:26,174 [pool-1605-thread-1] INFO  server.RaftServerConfigKeys (ConfUtils.java:logGet(46)) - raft.server.rpc.timeout.min = 5s (custom)
2022-10-08 01:41:26,175 [pool-1605-thread-1] INFO  server.RaftServerConfigKeys (ConfUtils.java:logGet(46)) - raft.server.rpc.timeout.max = 5200ms (custom)
2022-10-08 01:41:26,175 [pool-1605-thread-1] INFO  server.RaftServerConfigKeys (ConfUtils.java:logGet(46)) - raft.server.rpc.sleep.time = 25ms (default)
2022-10-08 01:41:26,175 [pool-1605-thread-1] INFO  server.RaftServerConfigKeys (ConfUtils.java:logGet(46)) - raft.server.rpc.slowness.timeout = 300s (custom)
2022-10-08 01:41:26,175 [pool-1605-thread-1] INFO  server.RaftServerConfigKeys (ConfUtils.java:logGet(46)) - raft.server.leaderelection.leader.step-down.wait-time = 10s (default)
2022-10-08 01:41:26,175 [pool-1605-thread-1] INFO  server.RaftServerConfigKeys (ConfUtils.java:logGet(46)) - raft.server.sleep.deviation.threshold = 300ms (default)
2022-10-08 01:41:26,175 [pool-1605-thread-1] INFO  server.RaftServer$Division (ServerState.java:<init>(107)) - d592f677-c006-4ca2-903a-3aa8418ae6b1@group-7E015DB4A503: ConfigurationManager, init=-1: [d592f677-c006-4ca2-903a-3aa8418ae6b1|rpc:10.1.0.61:37705|priority:1], old=null, confs=<EMPTY_MAP>
2022-10-08 01:41:26,175 [pool-1605-thread-1] INFO  server.RaftServerConfigKeys (ConfUtils.java:logGet(46)) - raft.server.storage.dir = [/home/runner/work/ozone/ozone/hadoop-ozone/integration-test/target/test-dir/MiniOzoneClusterImpl-bdb582a0-2e2b-403c-a8c7-17c71ed5f666/datanode-4/data/ratis] (custom)
2022-10-08 01:41:26,175 [pool-1605-thread-1] INFO  server.RaftServerConfigKeys (ConfUtils.java:logGet(46)) - raft.server.log.corruption.policy = EXCEPTION (default)
2022-10-08 01:41:26,175 [pool-1605-thread-1] INFO  server.RaftServerConfigKeys (ConfUtils.java:logGet(46)) - raft.server.storage.free-space.min = 0MB (=0) (default)
2022-10-08 01:41:26,175 [pool-1605-thread-1] INFO  storage.RaftStorageDirectory (RaftStorageDirectoryImpl.java:analyzeStorage(135)) - The storage directory /home/runner/work/ozone/ozone/hadoop-ozone/integration-test/target/test-dir/MiniOzoneClusterImpl-bdb582a0-2e2b-403c-a8c7-17c71ed5f666/datanode-4/data/ratis/6b98471a-ac34-4e9d-b10a-7e015db4a503 does not exist. Creating ...
2022-10-08 01:41:26,192 [pool-1605-thread-1] INFO  storage.RaftStorageDirectory (RaftStorageDirectoryImpl.java:tryLock(230)) - Lock on /home/runner/work/ozone/ozone/hadoop-ozone/integration-test/target/test-dir/MiniOzoneClusterImpl-bdb582a0-2e2b-403c-a8c7-17c71ed5f666/datanode-4/data/ratis/6b98471a-ac34-4e9d-b10a-7e015db4a503/in_use.lock acquired by nodename 52807@fv-az180-867
2022-10-08 01:41:26,207 [pool-1605-thread-1] INFO  storage.RaftStorage (RaftStorageImpl.java:format(89)) - Storage directory /home/runner/work/ozone/ozone/hadoop-ozone/integration-test/target/test-dir/MiniOzoneClusterImpl-bdb582a0-2e2b-403c-a8c7-17c71ed5f666/datanode-4/data/ratis/6b98471a-ac34-4e9d-b10a-7e015db4a503 has been successfully formatted.
2022-10-08 01:41:26,229 [pool-1605-thread-1] INFO  ratis.ContainerStateMachine (ContainerStateMachine.java:loadSnapshot(236)) - group-7E015DB4A503: The snapshot info is null. Setting the last applied indexto:(t:0, i:~)
2022-10-08 01:41:26,229 [pool-1605-thread-1] INFO  server.RaftServerConfigKeys (ConfUtils.java:logGet(46)) - raft.server.notification.no-leader.timeout = 300s (custom)
2022-10-08 01:41:26,229 [pool-1605-thread-1] INFO  server.RaftServerConfigKeys (ConfUtils.java:logGet(46)) - raft.server.log.use.memory = false (default)
2022-10-08 01:41:26,229 [pool-1605-thread-1] INFO  server.RaftServerConfigKeys (ConfUtils.java:logGet(46)) - raft.server.log.purge.gap = 1000000 (custom)
2022-10-08 01:41:26,229 [pool-1605-thread-1] INFO  server.RaftServerConfigKeys (ConfUtils.java:logGet(46)) - raft.server.log.appender.buffer.byte-limit = 33554432 (custom)
2022-10-08 01:41:26,229 [pool-1605-thread-1] INFO  server.RaftServerConfigKeys (ConfUtils.java:logGet(46)) - raft.server.log.statemachine.data.read.timeout = 1000ms (default)
2022-10-08 01:41:26,230 [pool-1605-thread-1] INFO  server.RaftServerConfigKeys (ConfUtils.java:logGet(46)) - raft.server.log.segment.size.max = 1048576 (custom)
2022-10-08 01:41:26,230 [pool-1605-thread-1] INFO  server.RaftServerConfigKeys (ConfUtils.java:logGet(46)) - raft.server.log.segment.cache.num.max = 2 (custom)
2022-10-08 01:41:26,230 [pool-1605-thread-1] INFO  server.RaftServerConfigKeys (ConfUtils.java:logGet(46)) - raft.server.log.segment.cache.size.max = 200MB (=209715200) (default)
2022-10-08 01:41:26,231 [pool-1605-thread-1] INFO  segmented.SegmentedRaftLogWorker (SegmentedRaftLogWorker.java:<init>(187)) - new d592f677-c006-4ca2-903a-3aa8418ae6b1@group-7E015DB4A503-SegmentedRaftLogWorker for RaftStorageImpl:Storage Directory /home/runner/work/ozone/ozone/hadoop-ozone/integration-test/target/test-dir/MiniOzoneClusterImpl-bdb582a0-2e2b-403c-a8c7-17c71ed5f666/datanode-4/data/ratis/6b98471a-ac34-4e9d-b10a-7e015db4a503
2022-10-08 01:41:26,231 [pool-1605-thread-1] INFO  server.RaftServerConfigKeys (ConfUtils.java:logGet(46)) - raft.server.log.queue.byte-limit = 4294967296 (custom)
2022-10-08 01:41:26,231 [pool-1605-thread-1] INFO  server.RaftServerConfigKeys (ConfUtils.java:logGet(46)) - raft.server.log.queue.element-limit = 1024 (custom)
2022-10-08 01:41:26,231 [pool-1605-thread-1] INFO  server.RaftServerConfigKeys (ConfUtils.java:logGet(46)) - raft.server.log.segment.size.max = 1048576 (custom)
2022-10-08 01:41:26,231 [pool-1605-thread-1] INFO  server.RaftServerConfigKeys (ConfUtils.java:logGet(46)) - raft.server.log.preallocated.size = 16384 (custom)
2022-10-08 01:41:26,231 [pool-1605-thread-1] INFO  server.RaftServerConfigKeys (ConfUtils.java:logGet(46)) - raft.server.log.force.sync.num = 128 (default)
2022-10-08 01:41:26,231 [pool-1605-thread-1] INFO  server.RaftServerConfigKeys (ConfUtils.java:logGet(46)) - raft.server.log.statemachine.data.sync = true (default)
2022-10-08 01:41:26,231 [pool-1605-thread-1] INFO  server.RaftServerConfigKeys (ConfUtils.java:logGet(46)) - raft.server.log.statemachine.data.sync.timeout = 10s (default)
2022-10-08 01:41:26,231 [pool-1605-thread-1] INFO  server.RaftServerConfigKeys (ConfUtils.java:logGet(46)) - raft.server.log.statemachine.data.sync.timeout.retry = -1 (default)
2022-10-08 01:41:26,240 [EventQueue-PipelineReportForPipelineReportHandler] INFO  pipeline.PipelineManagerImpl (PipelineManagerImpl.java:openPipeline(367)) - Pipeline Pipeline[ Id: 6b98471a-ac34-4e9d-b10a-7e015db4a503, Nodes: d592f677-c006-4ca2-903a-3aa8418ae6b1{ip: 10.1.0.61, host: fv-az180-867.g3pwtgv4ffyuhaixmbmm0kyh3d.gx.internal.cloudapp.net, ports: [REPLICATION=36781, RATIS=37705, RATIS_ADMIN=37705, RATIS_SERVER=37705, STANDALONE=36785], networkLocation: /default-rack, certSerialId: null, persistedOpState: IN_SERVICE, persistedOpStateExpiryEpochSec: 0}, ReplicationConfig: RATIS/ONE, State:ALLOCATED, leaderId:d592f677-c006-4ca2-903a-3aa8418ae6b1, CreationTimestamp2022-10-08T01:41:23.128Z[Etc/UTC]] moved to OPEN state
2022-10-08 01:41:26,248 [pool-1605-thread-1] INFO  server.RaftServerConfigKeys (ConfUtils.java:logGet(46)) - raft.server.log.write.buffer.size = 1048576 (custom)
2022-10-08 01:41:26,248 [pool-1605-thread-1] INFO  server.RaftServerConfigKeys (ConfUtils.java:logGet(46)) - raft.server.log.unsafe-flush.enabled = false (default)
2022-10-08 01:41:26,248 [pool-1605-thread-1] INFO  server.RaftServerConfigKeys (ConfUtils.java:logGet(46)) - raft.server.log.statemachine.data.caching.enabled = true (custom)
2022-10-08 01:41:26,249 [pool-1605-thread-1] INFO  segmented.SegmentedRaftLogWorker (SegmentedRaftLogWorker.java:lambda$new$0(135)) - d592f677-c006-4ca2-903a-3aa8418ae6b1@group-7E015DB4A503-SegmentedRaftLogWorker: flushIndex: setUnconditionally 0 -> -1
2022-10-08 01:41:26,249 [pool-1605-thread-1] INFO  segmented.SegmentedRaftLogWorker (SegmentedRaftLogWorker.java:lambda$new$0(135)) - d592f677-c006-4ca2-903a-3aa8418ae6b1@group-7E015DB4A503-SegmentedRaftLogWorker: safeCacheEvictIndex: setUnconditionally 0 -> -1
2022-10-08 01:41:26,251 [pool-1605-thread-1] INFO  server.RaftServerConfigKeys (ConfUtils.java:logGet(46)) - raft.server.snapshot.auto.trigger.enabled = true (custom)
2022-10-08 01:41:26,252 [pool-1605-thread-1] INFO  server.RaftServerConfigKeys (ConfUtils.java:logGet(46)) - raft.server.snapshot.auto.trigger.threshold = 10000 (custom)
2022-10-08 01:41:26,252 [pool-1605-thread-1] INFO  server.RaftServerConfigKeys (ConfUtils.java:logGet(46)) - raft.server.snapshot.retention.file.num = 5 (custom)
2022-10-08 01:41:26,252 [pool-1605-thread-1] INFO  server.RaftServerConfigKeys (ConfUtils.java:logGet(46)) - raft.server.log.purge.upto.snapshot.index = false (default)
2022-10-08 01:41:26,252 [pool-1605-thread-1] INFO  server.RaftServerConfigKeys (ConfUtils.java:logGet(46)) - raft.server.retrycache.expirytime = 600000ms (custom)
2022-10-08 01:41:26,252 [pool-1605-thread-1] INFO  server.RaftServerConfigKeys (ConfUtils.java:logGet(46)) - raft.server.retrycache.statistics.expirytime = 100μs (default)
2022-10-08 01:41:26,277 [pool-1605-thread-1] INFO  server.RaftServerConfigKeys (ConfUtils.java:logGet(46)) - raft.server.log.appender.install.snapshot.enabled = false (custom)
2022-10-08 01:41:26,277 [pool-1605-thread-1] INFO  server.RaftServerConfigKeys (ConfUtils.java:logGet(46)) - raft.server.threadpool.server.cached = true (default)
2022-10-08 01:41:26,277 [pool-1605-thread-1] INFO  server.RaftServerConfigKeys (ConfUtils.java:logGet(46)) - raft.server.threadpool.server.size = 0 (default)
2022-10-08 01:41:26,277 [pool-1605-thread-1] INFO  server.RaftServerConfigKeys (ConfUtils.java:logGet(46)) - raft.server.threadpool.client.cached = true (default)
2022-10-08 01:41:26,277 [pool-1605-thread-1] INFO  server.RaftServerConfigKeys (ConfUtils.java:logGet(46)) - raft.server.threadpool.client.size = 0 (default)
2022-10-08 01:41:26,277 [pool-1605-thread-1] INFO  server.RaftServer$Division (RaftServerImpl.java:start(310)) - d592f677-c006-4ca2-903a-3aa8418ae6b1@group-7E015DB4A503: start as a follower, conf=-1: [d592f677-c006-4ca2-903a-3aa8418ae6b1|rpc:10.1.0.61:37705|priority:1], old=null
2022-10-08 01:41:26,277 [pool-1605-thread-1] INFO  server.RaftServer$Division (RaftServerImpl.java:setRole(299)) - d592f677-c006-4ca2-903a-3aa8418ae6b1@group-7E015DB4A503: changes role from      null to FOLLOWER at term 0 for startAsFollower
2022-10-08 01:41:26,277 [pool-1605-thread-1] INFO  impl.RoleInfo (RoleInfo.java:updateAndGet(139)) - d592f677-c006-4ca2-903a-3aa8418ae6b1: start d592f677-c006-4ca2-903a-3aa8418ae6b1@group-7E015DB4A503-FollowerState
2022-10-08 01:41:26,284 [pool-1605-thread-1] INFO  util.JmxRegister (JmxRegister.java:tryRegister(44)) - Successfully registered JMX Bean with object name Ratis:service=RaftServer,group=group-7E015DB4A503,id=d592f677-c006-4ca2-903a-3aa8418ae6b1
2022-10-08 01:41:26,346 [Command processor thread] INFO  ratis.XceiverServerRatis (XceiverServerRatis.java:addGroup(765)) - Created group PipelineID=6b98471a-ac34-4e9d-b10a-7e015db4a503
2022-10-08 01:41:26,346 [Command processor thread] INFO  commandhandler.CreatePipelineCommandHandler (CreatePipelineCommandHandler.java:handle(113)) - Created Pipeline RATIS ONE PipelineID=6b98471a-ac34-4e9d-b10a-7e015db4a503.
2022-10-08 01:41:26,352 [OM StateMachine ApplyTransaction Thread - 0] INFO  volume.OMVolumeCreateRequest (OMVolumeCreateRequest.java:validateAndUpdateCache(195)) - created volume:24b1cdff-4560-4429-961f-ed44e67562ca for user:runner
2022-10-08 01:41:26,486 [ReplicationMonitor] INFO  replication.ReplicationManager (ReplicationManager.java:processAll(291)) - Replication Manager is not ready to run until 3000ms after safemode exit
2022-10-08 01:41:26,573 [Listener at 127.0.0.1/35929] INFO  rpc.RpcClient (RpcClient.java:createBucket(674)) - Creating Bucket: 24b1cdff-4560-4429-961f-ed44e67562ca/cc789e96-c09a-45a1-8363-2633806297a9, with server-side default bucket layout, runner as owner, Versioning false, Storage Type set to DISK and Encryption set to false 
2022-10-08 01:41:26,590 [OM StateMachine ApplyTransaction Thread - 0] INFO  bucket.OMBucketCreateRequest (OMBucketCreateRequest.java:validateAndUpdateCache(260)) - created bucket: cc789e96-c09a-45a1-8363-2633806297a9 of layout LEGACY in volume: 24b1cdff-4560-4429-961f-ed44e67562ca
2022-10-08 01:41:26,625 [IPC Server handler 1 on default port 38225] INFO  ha.SequenceIdGenerator (SequenceIdGenerator.java:getNextId(128)) - Allocate a batch for containerId, change lastId from 0 to 1000.
2022-10-08 01:41:26,704 [IPC Server handler 1 on default port 38225] WARN  ha.SequenceIdGenerator (SequenceIdGenerator.java:allocateBatch(237)) - Failed to allocate a batch for localId, expected lastId is 0, actual lastId is 109611004723200000.
2022-10-08 01:41:26,704 [IPC Server handler 1 on default port 38225] INFO  ha.SequenceIdGenerator (SequenceIdGenerator.java:getNextId(128)) - Allocate a batch for localId, change lastId from 109611004723200000 to 109611004723201000.
2022-10-08 01:41:27,486 [ReplicationMonitor] INFO  replication.ReplicationManager (ReplicationManager.java:processAll(291)) - Replication Manager is not ready to run until 3000ms after safemode exit
2022-10-08 01:41:28,053 [Listener at 127.0.0.1/35929] INFO  container.TestHelper (TestHelper.java:countReplicas(385)) - Container 1 has 3 replicas on [10b21bb1-cee7-485e-9b19-b5d1fddc83da, 6d9ca658-4f65-4bc8-8244-8fb27ff2ac77, a69a6355-4fd1-4dab-9c4a-ef9dfbf2b80d]
2022-10-08 01:41:28,062 [EventQueue-CloseContainerForCloseContainerEventHandler] INFO  container.CloseContainerEventHandler (CloseContainerEventHandler.java:onMessage(71)) - Close container Event triggered for container : #1
2022-10-08 01:41:28,063 [EventQueue-CloseContainerForCloseContainerEventHandler] INFO  container.CloseContainerEventHandler (CloseContainerEventHandler.java:onMessage(71)) - Close container Event triggered for container : #1
2022-10-08 01:41:28,063 [EventQueue-CloseContainerForCloseContainerEventHandler] INFO  container.CloseContainerEventHandler (CloseContainerEventHandler.java:onMessage(71)) - Close container Event triggered for container : #1
2022-10-08 01:41:28,486 [ReplicationMonitor] INFO  replication.LegacyReplicationManager (LegacyReplicationManager.java:sendCloseCommand(1512)) - Sending close container command for container #1 to datanode a69a6355-4fd1-4dab-9c4a-ef9dfbf2b80d{ip: 10.1.0.61, host: fv-az180-867.g3pwtgv4ffyuhaixmbmm0kyh3d.gx.internal.cloudapp.net, ports: [REPLICATION=45291, RATIS=41029, RATIS_ADMIN=41029, RATIS_SERVER=41029, STANDALONE=42351], networkLocation: /default-rack, certSerialId: null, persistedOpState: IN_SERVICE, persistedOpStateExpiryEpochSec: 0}.
2022-10-08 01:41:28,486 [ReplicationMonitor] INFO  replication.LegacyReplicationManager (LegacyReplicationManager.java:sendCloseCommand(1512)) - Sending close container command for container #1 to datanode 10b21bb1-cee7-485e-9b19-b5d1fddc83da{ip: 10.1.0.61, host: fv-az180-867.g3pwtgv4ffyuhaixmbmm0kyh3d.gx.internal.cloudapp.net, ports: [REPLICATION=43355, RATIS=39523, RATIS_ADMIN=39523, RATIS_SERVER=39523, STANDALONE=33169], networkLocation: /default-rack, certSerialId: null, persistedOpState: IN_SERVICE, persistedOpStateExpiryEpochSec: 0}.
2022-10-08 01:41:28,486 [ReplicationMonitor] INFO  replication.LegacyReplicationManager (LegacyReplicationManager.java:sendCloseCommand(1512)) - Sending close container command for container #1 to datanode 6d9ca658-4f65-4bc8-8244-8fb27ff2ac77{ip: 10.1.0.61, host: fv-az180-867.g3pwtgv4ffyuhaixmbmm0kyh3d.gx.internal.cloudapp.net, ports: [REPLICATION=44649, RATIS=45133, RATIS_ADMIN=45133, RATIS_SERVER=45133, STANDALONE=40939], networkLocation: /default-rack, certSerialId: null, persistedOpState: IN_SERVICE, persistedOpStateExpiryEpochSec: 0}.
2022-10-08 01:41:28,487 [ReplicationMonitor] INFO  replication.ReplicationManager (ReplicationManager.java:processAll(324)) - Replication Monitor Thread took 1 milliseconds for processing 1 containers.
2022-10-08 01:41:29,028 [be283514-8952-4898-8cdc-39ab4c54d87f@group-850F3197C2F6-FollowerState] INFO  impl.FollowerState (FollowerState.java:run(143)) - be283514-8952-4898-8cdc-39ab4c54d87f@group-850F3197C2F6-FollowerState: change to CANDIDATE, lastRpcElapsedTime:5033099819ns, electionTimeout:5023ms
2022-10-08 01:41:29,028 [be283514-8952-4898-8cdc-39ab4c54d87f@group-850F3197C2F6-FollowerState] INFO  impl.RoleInfo (RoleInfo.java:shutdownFollowerState(110)) - be283514-8952-4898-8cdc-39ab4c54d87f: shutdown be283514-8952-4898-8cdc-39ab4c54d87f@group-850F3197C2F6-FollowerState
2022-10-08 01:41:29,028 [be283514-8952-4898-8cdc-39ab4c54d87f@group-850F3197C2F6-FollowerState] INFO  server.RaftServer$Division (RaftServerImpl.java:setRole(299)) - be283514-8952-4898-8cdc-39ab4c54d87f@group-850F3197C2F6: changes role from  FOLLOWER to CANDIDATE at term 0 for changeToCandidate
2022-10-08 01:41:29,028 [be283514-8952-4898-8cdc-39ab4c54d87f@group-850F3197C2F6-FollowerState] INFO  server.RaftServerConfigKeys (ConfUtils.java:logGet(46)) - raft.server.leaderelection.pre-vote = false (custom)
2022-10-08 01:41:29,028 [be283514-8952-4898-8cdc-39ab4c54d87f@group-850F3197C2F6-FollowerState] INFO  impl.RoleInfo (RoleInfo.java:updateAndGet(139)) - be283514-8952-4898-8cdc-39ab4c54d87f: start be283514-8952-4898-8cdc-39ab4c54d87f@group-850F3197C2F6-LeaderElection65
2022-10-08 01:41:29,144 [be283514-8952-4898-8cdc-39ab4c54d87f@group-850F3197C2F6-LeaderElection65] INFO  impl.LeaderElection (LeaderElection.java:askForVotes(310)) - be283514-8952-4898-8cdc-39ab4c54d87f@group-850F3197C2F6-LeaderElection65 ELECTION round 0: submit vote requests at term 1 for -1: [be283514-8952-4898-8cdc-39ab4c54d87f|rpc:10.1.0.61:33103|priority:1], old=null
2022-10-08 01:41:29,144 [be283514-8952-4898-8cdc-39ab4c54d87f@group-850F3197C2F6-LeaderElection65] INFO  impl.LeaderElection (LeaderElection.java:askForVotes(312)) - be283514-8952-4898-8cdc-39ab4c54d87f@group-850F3197C2F6-LeaderElection65 ELECTION round 0: result PASSED (term=1)
2022-10-08 01:41:29,144 [be283514-8952-4898-8cdc-39ab4c54d87f@group-850F3197C2F6-LeaderElection65] INFO  impl.RoleInfo (RoleInfo.java:shutdownLeaderElection(130)) - be283514-8952-4898-8cdc-39ab4c54d87f: shutdown be283514-8952-4898-8cdc-39ab4c54d87f@group-850F3197C2F6-LeaderElection65
2022-10-08 01:41:29,145 [be283514-8952-4898-8cdc-39ab4c54d87f@group-850F3197C2F6-LeaderElection65] INFO  server.RaftServer$Division (RaftServerImpl.java:setRole(299)) - be283514-8952-4898-8cdc-39ab4c54d87f@group-850F3197C2F6: changes role from CANDIDATE to LEADER at term 1 for changeToLeader
2022-10-08 01:41:29,145 [be283514-8952-4898-8cdc-39ab4c54d87f@group-850F3197C2F6-LeaderElection65] INFO  ratis.XceiverServerRatis (XceiverServerRatis.java:handleLeaderChangedNotification(863)) - Leader change notification received for group: group-850F3197C2F6 with new leaderId: be283514-8952-4898-8cdc-39ab4c54d87f
2022-10-08 01:41:29,145 [be283514-8952-4898-8cdc-39ab4c54d87f@group-850F3197C2F6-LeaderElection65] INFO  server.RaftServer$Division (ServerState.java:setLeader(287)) - be283514-8952-4898-8cdc-39ab4c54d87f@group-850F3197C2F6: change Leader from null to be283514-8952-4898-8cdc-39ab4c54d87f at term 1 for becomeLeader, leader elected after 5180ms
2022-10-08 01:41:29,145 [be283514-8952-4898-8cdc-39ab4c54d87f@group-850F3197C2F6-LeaderElection65] INFO  server.RaftServerConfigKeys (ConfUtils.java:logGet(46)) - raft.server.staging.catchup.gap = 1000 (default)
2022-10-08 01:41:29,145 [be283514-8952-4898-8cdc-39ab4c54d87f@group-850F3197C2F6-LeaderElection65] INFO  server.RaftServerConfigKeys (ConfUtils.java:logGet(46)) - raft.server.write.element-limit = 1024 (custom)
2022-10-08 01:41:29,145 [be283514-8952-4898-8cdc-39ab4c54d87f@group-850F3197C2F6-LeaderElection65] INFO  server.RaftServerConfigKeys (ConfUtils.java:logGet(46)) - raft.server.write.byte-limit = 1024 M (=1073741824) (custom)
2022-10-08 01:41:29,146 [be283514-8952-4898-8cdc-39ab4c54d87f@group-850F3197C2F6-LeaderElection65] INFO  server.RaftServerConfigKeys (ConfUtils.java:logGet(46)) - raft.server.watch.timeout = 180s (custom)
2022-10-08 01:41:29,146 [be283514-8952-4898-8cdc-39ab4c54d87f@group-850F3197C2F6-LeaderElection65] INFO  server.RaftServerConfigKeys (ConfUtils.java:logGet(46)) - raft.server.watch.timeout.denomination = 1s (default)
2022-10-08 01:41:29,146 [be283514-8952-4898-8cdc-39ab4c54d87f@group-850F3197C2F6-LeaderElection65] INFO  server.RaftServerConfigKeys (ConfUtils.java:logGet(46)) - raft.server.watch.element-limit = 65536 (default)
2022-10-08 01:41:29,146 [be283514-8952-4898-8cdc-39ab4c54d87f@group-850F3197C2F6-LeaderElection65] INFO  server.RaftServerConfigKeys (ConfUtils.java:logGet(46)) - raft.server.write.element-limit = 1024 (custom)
2022-10-08 01:41:29,146 [be283514-8952-4898-8cdc-39ab4c54d87f@group-850F3197C2F6-LeaderElection65] INFO  server.RaftServerConfigKeys (ConfUtils.java:logGet(46)) - raft.server.write.follower.gap.ratio.max = -1.0 (default)
2022-10-08 01:41:29,146 [be283514-8952-4898-8cdc-39ab4c54d87f@group-850F3197C2F6-LeaderElection65] INFO  impl.RoleInfo (RoleInfo.java:updateAndGet(139)) - be283514-8952-4898-8cdc-39ab4c54d87f: start be283514-8952-4898-8cdc-39ab4c54d87f@group-850F3197C2F6-LeaderStateImpl
2022-10-08 01:41:29,146 [be283514-8952-4898-8cdc-39ab4c54d87f@group-850F3197C2F6-LeaderElection65] INFO  segmented.SegmentedRaftLogWorker (SegmentedRaftLogWorker.java:startLogSegment(425)) - be283514-8952-4898-8cdc-39ab4c54d87f@group-850F3197C2F6-SegmentedRaftLogWorker: Starting segment from index:0
2022-10-08 01:41:29,154 [be283514-8952-4898-8cdc-39ab4c54d87f@group-850F3197C2F6-SegmentedRaftLogWorker] INFO  segmented.SegmentedRaftLogWorker (SegmentedRaftLogWorker.java:execute(629)) - be283514-8952-4898-8cdc-39ab4c54d87f@group-850F3197C2F6-SegmentedRaftLogWorker: created new log segment /home/runner/work/ozone/ozone/hadoop-ozone/integration-test/target/test-dir/MiniOzoneClusterImpl-bdb582a0-2e2b-403c-a8c7-17c71ed5f666/datanode-3/data/ratis/a2d9f0b3-080c-463e-ad44-850f3197c2f6/current/log_inprogress_0
2022-10-08 01:41:29,173 [be283514-8952-4898-8cdc-39ab4c54d87f@group-850F3197C2F6-LeaderElection65] INFO  server.RaftServer$Division (ServerState.java:setRaftConf(393)) - be283514-8952-4898-8cdc-39ab4c54d87f@group-850F3197C2F6: set configuration 0: [be283514-8952-4898-8cdc-39ab4c54d87f|rpc:10.1.0.61:33103|dataStream:|priority:1], old=null
2022-10-08 01:41:29,487 [ReplicationMonitor] INFO  replication.LegacyReplicationManager (LegacyReplicationManager.java:sendCloseCommand(1512)) - Sending close container command for container #1 to datanode a69a6355-4fd1-4dab-9c4a-ef9dfbf2b80d{ip: 10.1.0.61, host: fv-az180-867.g3pwtgv4ffyuhaixmbmm0kyh3d.gx.internal.cloudapp.net, ports: [REPLICATION=45291, RATIS=41029, RATIS_ADMIN=41029, RATIS_SERVER=41029, STANDALONE=42351], networkLocation: /default-rack, certSerialId: null, persistedOpState: IN_SERVICE, persistedOpStateExpiryEpochSec: 0}.
2022-10-08 01:41:29,487 [ReplicationMonitor] INFO  replication.LegacyReplicationManager (LegacyReplicationManager.java:sendCloseCommand(1512)) - Sending close container command for container #1 to datanode 10b21bb1-cee7-485e-9b19-b5d1fddc83da{ip: 10.1.0.61, host: fv-az180-867.g3pwtgv4ffyuhaixmbmm0kyh3d.gx.internal.cloudapp.net, ports: [REPLICATION=43355, RATIS=39523, RATIS_ADMIN=39523, RATIS_SERVER=39523, STANDALONE=33169], networkLocation: /default-rack, certSerialId: null, persistedOpState: IN_SERVICE, persistedOpStateExpiryEpochSec: 0}.
2022-10-08 01:41:29,487 [ReplicationMonitor] INFO  replication.LegacyReplicationManager (LegacyReplicationManager.java:sendCloseCommand(1512)) - Sending close container command for container #1 to datanode 6d9ca658-4f65-4bc8-8244-8fb27ff2ac77{ip: 10.1.0.61, host: fv-az180-867.g3pwtgv4ffyuhaixmbmm0kyh3d.gx.internal.cloudapp.net, ports: [REPLICATION=44649, RATIS=45133, RATIS_ADMIN=45133, RATIS_SERVER=45133, STANDALONE=40939], networkLocation: /default-rack, certSerialId: null, persistedOpState: IN_SERVICE, persistedOpStateExpiryEpochSec: 0}.
2022-10-08 01:41:29,487 [ReplicationMonitor] INFO  replication.ReplicationManager (ReplicationManager.java:processAll(324)) - Replication Monitor Thread took 0 milliseconds for processing 1 containers.
2022-10-08 01:41:29,779 [ContainerOp-f710574b-f3f5-4d0d-81a3-cca682a2f973-4] INFO  keyvalue.KeyValueContainer (KeyValueContainer.java:flushAndSyncDB(436)) - Container 1 is synced with bcsId 4.
2022-10-08 01:41:29,784 [ContainerOp-f710574b-f3f5-4d0d-81a3-cca682a2f973-4] INFO  keyvalue.KeyValueContainer (KeyValueContainer.java:flushAndSyncDB(436)) - Container 1 is synced with bcsId 4.
2022-10-08 01:41:29,796 [ContainerOp-f710574b-f3f5-4d0d-81a3-cca682a2f973-4] INFO  keyvalue.KeyValueContainer (KeyValueContainer.java:close(351)) - Container 1 is closed with bcsId 4.
2022-10-08 01:41:29,822 [FixedThreadPoolWithAffinityExecutor-8-0] INFO  container.IncrementalContainerReportHandler (AbstractContainerReportHandler.java:updateContainerState(292)) - Moving container #1 to CLOSED state, datanode 10b21bb1-cee7-485e-9b19-b5d1fddc83da{ip: 10.1.0.61, host: fv-az180-867.g3pwtgv4ffyuhaixmbmm0kyh3d.gx.internal.cloudapp.net, ports: [REPLICATION=43355, RATIS=39523, RATIS_ADMIN=39523, RATIS_SERVER=39523, STANDALONE=33169], networkLocation: /default-rack, certSerialId: null, persistedOpState: IN_SERVICE, persistedOpStateExpiryEpochSec: 0} reported CLOSED replica.
2022-10-08 01:41:29,840 [ContainerOp-f710574b-f3f5-4d0d-81a3-cca682a2f973-4] INFO  keyvalue.KeyValueContainer (KeyValueContainer.java:flushAndSyncDB(436)) - Container 1 is synced with bcsId 4.
2022-10-08 01:41:29,840 [ContainerOp-f710574b-f3f5-4d0d-81a3-cca682a2f973-4] INFO  keyvalue.KeyValueContainer (KeyValueContainer.java:flushAndSyncDB(436)) - Container 1 is synced with bcsId 4.
2022-10-08 01:41:29,848 [ContainerOp-f710574b-f3f5-4d0d-81a3-cca682a2f973-4] INFO  keyvalue.KeyValueContainer (KeyValueContainer.java:close(351)) - Container 1 is closed with bcsId 4.
2022-10-08 01:41:29,893 [ContainerOp-f710574b-f3f5-4d0d-81a3-cca682a2f973-4] INFO  keyvalue.KeyValueContainer (KeyValueContainer.java:flushAndSyncDB(436)) - Container 1 is synced with bcsId 4.
2022-10-08 01:41:29,896 [ContainerOp-f710574b-f3f5-4d0d-81a3-cca682a2f973-4] INFO  keyvalue.KeyValueContainer (KeyValueContainer.java:flushAndSyncDB(436)) - Container 1 is synced with bcsId 4.
2022-10-08 01:41:29,908 [ContainerOp-f710574b-f3f5-4d0d-81a3-cca682a2f973-4] INFO  keyvalue.KeyValueContainer (KeyValueContainer.java:close(351)) - Container 1 is closed with bcsId 4.
2022-10-08 01:41:30,487 [ReplicationMonitor] INFO  replication.ReplicationManager (ReplicationManager.java:processAll(324)) - Replication Monitor Thread took 0 milliseconds for processing 1 containers.
2022-10-08 01:41:31,482 [d592f677-c006-4ca2-903a-3aa8418ae6b1@group-7E015DB4A503-FollowerState] INFO  impl.FollowerState (FollowerState.java:run(143)) - d592f677-c006-4ca2-903a-3aa8418ae6b1@group-7E015DB4A503-FollowerState: change to CANDIDATE, lastRpcElapsedTime:5204412751ns, electionTimeout:5197ms
2022-10-08 01:41:31,482 [d592f677-c006-4ca2-903a-3aa8418ae6b1@group-7E015DB4A503-FollowerState] INFO  impl.RoleInfo (RoleInfo.java:shutdownFollowerState(110)) - d592f677-c006-4ca2-903a-3aa8418ae6b1: shutdown d592f677-c006-4ca2-903a-3aa8418ae6b1@group-7E015DB4A503-FollowerState
2022-10-08 01:41:31,482 [d592f677-c006-4ca2-903a-3aa8418ae6b1@group-7E015DB4A503-FollowerState] INFO  server.RaftServer$Division (RaftServerImpl.java:setRole(299)) - d592f677-c006-4ca2-903a-3aa8418ae6b1@group-7E015DB4A503: changes role from  FOLLOWER to CANDIDATE at term 0 for changeToCandidate
2022-10-08 01:41:31,482 [d592f677-c006-4ca2-903a-3aa8418ae6b1@group-7E015DB4A503-FollowerState] INFO  server.RaftServerConfigKeys (ConfUtils.java:logGet(46)) - raft.server.leaderelection.pre-vote = false (custom)
2022-10-08 01:41:31,482 [d592f677-c006-4ca2-903a-3aa8418ae6b1@group-7E015DB4A503-FollowerState] INFO  impl.RoleInfo (RoleInfo.java:updateAndGet(139)) - d592f677-c006-4ca2-903a-3aa8418ae6b1: start d592f677-c006-4ca2-903a-3aa8418ae6b1@group-7E015DB4A503-LeaderElection66
2022-10-08 01:41:31,488 [ReplicationMonitor] INFO  replication.ReplicationManager (ReplicationManager.java:processAll(324)) - Replication Monitor Thread took 0 milliseconds for processing 1 containers.
2022-10-08 01:41:31,561 [d592f677-c006-4ca2-903a-3aa8418ae6b1@group-7E015DB4A503-LeaderElection66] INFO  impl.LeaderElection (LeaderElection.java:askForVotes(310)) - d592f677-c006-4ca2-903a-3aa8418ae6b1@group-7E015DB4A503-LeaderElection66 ELECTION round 0: submit vote requests at term 1 for -1: [d592f677-c006-4ca2-903a-3aa8418ae6b1|rpc:10.1.0.61:37705|priority:1], old=null
2022-10-08 01:41:31,561 [d592f677-c006-4ca2-903a-3aa8418ae6b1@group-7E015DB4A503-LeaderElection66] INFO  impl.LeaderElection (LeaderElection.java:askForVotes(312)) - d592f677-c006-4ca2-903a-3aa8418ae6b1@group-7E015DB4A503-LeaderElection66 ELECTION round 0: result PASSED (term=1)
2022-10-08 01:41:31,561 [d592f677-c006-4ca2-903a-3aa8418ae6b1@group-7E015DB4A503-LeaderElection66] INFO  impl.RoleInfo (RoleInfo.java:shutdownLeaderElection(130)) - d592f677-c006-4ca2-903a-3aa8418ae6b1: shutdown d592f677-c006-4ca2-903a-3aa8418ae6b1@group-7E015DB4A503-LeaderElection66
2022-10-08 01:41:31,561 [d592f677-c006-4ca2-903a-3aa8418ae6b1@group-7E015DB4A503-LeaderElection66] INFO  server.RaftServer$Division (RaftServerImpl.java:setRole(299)) - d592f677-c006-4ca2-903a-3aa8418ae6b1@group-7E015DB4A503: changes role from CANDIDATE to LEADER at term 1 for changeToLeader
2022-10-08 01:41:31,561 [d592f677-c006-4ca2-903a-3aa8418ae6b1@group-7E015DB4A503-LeaderElection66] INFO  ratis.XceiverServerRatis (XceiverServerRatis.java:handleLeaderChangedNotification(863)) - Leader change notification received for group: group-7E015DB4A503 with new leaderId: d592f677-c006-4ca2-903a-3aa8418ae6b1
2022-10-08 01:41:31,562 [d592f677-c006-4ca2-903a-3aa8418ae6b1@group-7E015DB4A503-LeaderElection66] INFO  server.RaftServer$Division (ServerState.java:setLeader(287)) - d592f677-c006-4ca2-903a-3aa8418ae6b1@group-7E015DB4A503: change Leader from null to d592f677-c006-4ca2-903a-3aa8418ae6b1 at term 1 for becomeLeader, leader elected after 5332ms
2022-10-08 01:41:31,562 [d592f677-c006-4ca2-903a-3aa8418ae6b1@group-7E015DB4A503-LeaderElection66] INFO  server.RaftServerConfigKeys (ConfUtils.java:logGet(46)) - raft.server.staging.catchup.gap = 1000 (default)
2022-10-08 01:41:31,562 [d592f677-c006-4ca2-903a-3aa8418ae6b1@group-7E015DB4A503-LeaderElection66] INFO  server.RaftServerConfigKeys (ConfUtils.java:logGet(46)) - raft.server.write.element-limit = 1024 (custom)
2022-10-08 01:41:31,562 [d592f677-c006-4ca2-903a-3aa8418ae6b1@group-7E015DB4A503-LeaderElection66] INFO  server.RaftServerConfigKeys (ConfUtils.java:logGet(46)) - raft.server.write.byte-limit = 1024 M (=1073741824) (custom)
2022-10-08 01:41:31,563 [d592f677-c006-4ca2-903a-3aa8418ae6b1@group-7E015DB4A503-LeaderElection66] INFO  server.RaftServerConfigKeys (ConfUtils.java:logGet(46)) - raft.server.watch.timeout = 180s (custom)
2022-10-08 01:41:31,563 [d592f677-c006-4ca2-903a-3aa8418ae6b1@group-7E015DB4A503-LeaderElection66] INFO  server.RaftServerConfigKeys (ConfUtils.java:logGet(46)) - raft.server.watch.timeout.denomination = 1s (default)
2022-10-08 01:41:31,563 [d592f677-c006-4ca2-903a-3aa8418ae6b1@group-7E015DB4A503-LeaderElection66] INFO  server.RaftServerConfigKeys (ConfUtils.java:logGet(46)) - raft.server.watch.element-limit = 65536 (default)
2022-10-08 01:41:31,563 [d592f677-c006-4ca2-903a-3aa8418ae6b1@group-7E015DB4A503-LeaderElection66] INFO  server.RaftServerConfigKeys (ConfUtils.java:logGet(46)) - raft.server.write.element-limit = 1024 (custom)
2022-10-08 01:41:31,563 [d592f677-c006-4ca2-903a-3aa8418ae6b1@group-7E015DB4A503-LeaderElection66] INFO  server.RaftServerConfigKeys (ConfUtils.java:logGet(46)) - raft.server.write.follower.gap.ratio.max = -1.0 (default)
2022-10-08 01:41:31,563 [d592f677-c006-4ca2-903a-3aa8418ae6b1@group-7E015DB4A503-LeaderElection66] INFO  impl.RoleInfo (RoleInfo.java:updateAndGet(139)) - d592f677-c006-4ca2-903a-3aa8418ae6b1: start d592f677-c006-4ca2-903a-3aa8418ae6b1@group-7E015DB4A503-LeaderStateImpl
2022-10-08 01:41:31,563 [d592f677-c006-4ca2-903a-3aa8418ae6b1@group-7E015DB4A503-LeaderElection66] INFO  segmented.SegmentedRaftLogWorker (SegmentedRaftLogWorker.java:startLogSegment(425)) - d592f677-c006-4ca2-903a-3aa8418ae6b1@group-7E015DB4A503-SegmentedRaftLogWorker: Starting segment from index:0
2022-10-08 01:41:31,573 [d592f677-c006-4ca2-903a-3aa8418ae6b1@group-7E015DB4A503-SegmentedRaftLogWorker] INFO  segmented.SegmentedRaftLogWorker (SegmentedRaftLogWorker.java:execute(629)) - d592f677-c006-4ca2-903a-3aa8418ae6b1@group-7E015DB4A503-SegmentedRaftLogWorker: created new log segment /home/runner/work/ozone/ozone/hadoop-ozone/integration-test/target/test-dir/MiniOzoneClusterImpl-bdb582a0-2e2b-403c-a8c7-17c71ed5f666/datanode-4/data/ratis/6b98471a-ac34-4e9d-b10a-7e015db4a503/current/log_inprogress_0
2022-10-08 01:41:31,627 [d592f677-c006-4ca2-903a-3aa8418ae6b1@group-7E015DB4A503-LeaderElection66] INFO  server.RaftServer$Division (ServerState.java:setRaftConf(393)) - d592f677-c006-4ca2-903a-3aa8418ae6b1@group-7E015DB4A503: set configuration 0: [d592f677-c006-4ca2-903a-3aa8418ae6b1|rpc:10.1.0.61:37705|dataStream:|priority:1], old=null
2022-10-08 01:41:32,488 [ReplicationMonitor] INFO  replication.ReplicationManager (ReplicationManager.java:processAll(324)) - Replication Monitor Thread took 0 milliseconds for processing 1 containers.
2022-10-08 01:41:32,552 [Under Replicated Processor] INFO  replication.UnderReplicatedProcessor (UnderReplicatedProcessor.java:processAll(92)) - Processed 0 under replicated containers, failed processing 0
2022-10-08 01:41:32,572 [Over Replicated Processor] INFO  replication.OverReplicatedProcessor (OverReplicatedProcessor.java:processAll(90)) - Processed 0 over replicated containers, failed processing 0
2022-10-08 01:41:32,920 [EventQueue-StaleNodeForStaleNodeHandler] INFO  node.StaleNodeHandler (StaleNodeHandler.java:onMessage(59)) - Datanode 10b21bb1-cee7-485e-9b19-b5d1fddc83da{ip: 10.1.0.61, host: fv-az180-867.g3pwtgv4ffyuhaixmbmm0kyh3d.gx.internal.cloudapp.net, ports: [REPLICATION=43355, RATIS=39523, RATIS_ADMIN=39523, RATIS_SERVER=39523, STANDALONE=33169], networkLocation: /default-rack, certSerialId: null, persistedOpState: IN_SERVICE, persistedOpStateExpiryEpochSec: 0} moved to stale state. Finalizing its pipelines [PipelineID=d66685b8-151f-4313-bcd7-ed3a5afd36e6, PipelineID=f710574b-f3f5-4d0d-81a3-cca682a2f973]
2022-10-08 01:41:32,920 [EventQueue-StaleNodeForStaleNodeHandler] INFO  pipeline.PipelineManagerImpl (PipelineManagerImpl.java:closePipeline(442)) - Pipeline Pipeline[ Id: d66685b8-151f-4313-bcd7-ed3a5afd36e6, Nodes: 10b21bb1-cee7-485e-9b19-b5d1fddc83da{ip: 10.1.0.61, host: fv-az180-867.g3pwtgv4ffyuhaixmbmm0kyh3d.gx.internal.cloudapp.net, ports: [REPLICATION=43355, RATIS=39523, RATIS_ADMIN=39523, RATIS_SERVER=39523, STANDALONE=33169], networkLocation: /default-rack, certSerialId: null, persistedOpState: IN_SERVICE, persistedOpStateExpiryEpochSec: 0}, ReplicationConfig: RATIS/ONE, State:OPEN, leaderId:10b21bb1-cee7-485e-9b19-b5d1fddc83da, CreationTimestamp2022-10-08T01:41:16.368Z[Etc/UTC]] moved to CLOSED state
2022-10-08 01:41:32,921 [EventQueue-StaleNodeForStaleNodeHandler] INFO  pipeline.PipelineManagerImpl (PipelineManagerImpl.java:closePipeline(442)) - Pipeline Pipeline[ Id: f710574b-f3f5-4d0d-81a3-cca682a2f973, Nodes: 10b21bb1-cee7-485e-9b19-b5d1fddc83da{ip: 10.1.0.61, host: fv-az180-867.g3pwtgv4ffyuhaixmbmm0kyh3d.gx.internal.cloudapp.net, ports: [REPLICATION=43355, RATIS=39523, RATIS_ADMIN=39523, RATIS_SERVER=39523, STANDALONE=33169], networkLocation: /default-rack, certSerialId: null, persistedOpState: IN_SERVICE, persistedOpStateExpiryEpochSec: 0}a69a6355-4fd1-4dab-9c4a-ef9dfbf2b80d{ip: 10.1.0.61, host: fv-az180-867.g3pwtgv4ffyuhaixmbmm0kyh3d.gx.internal.cloudapp.net, ports: [REPLICATION=45291, RATIS=41029, RATIS_ADMIN=41029, RATIS_SERVER=41029, STANDALONE=42351], networkLocation: /default-rack, certSerialId: null, persistedOpState: IN_SERVICE, persistedOpStateExpiryEpochSec: 0}6d9ca658-4f65-4bc8-8244-8fb27ff2ac77{ip: 10.1.0.61, host: fv-az180-867.g3pwtgv4ffyuhaixmbmm0kyh3d.gx.internal.cloudapp.net, ports: [REPLICATION=44649, RATIS=45133, RATIS_ADMIN=45133, RATIS_SERVER=45133, STANDALONE=40939], networkLocation: /default-rack, certSerialId: null, persistedOpState: IN_SERVICE, persistedOpStateExpiryEpochSec: 0}, ReplicationConfig: RATIS/THREE, State:OPEN, leaderId:10b21bb1-cee7-485e-9b19-b5d1fddc83da, CreationTimestamp2022-10-08T01:41:19.610Z[Etc/UTC]] moved to CLOSED state
2022-10-08 01:41:33,496 [ReplicationMonitor] INFO  replication.ReplicationManager (ReplicationManager.java:processAll(324)) - Replication Monitor Thread took 0 milliseconds for processing 1 containers.
2022-10-08 01:41:34,496 [ReplicationMonitor] INFO  replication.ReplicationManager (ReplicationManager.java:processAll(324)) - Replication Monitor Thread took 0 milliseconds for processing 1 containers.
2022-10-08 01:41:35,316 [Listener at 127.0.0.1/35929] INFO  ozoneimpl.OzoneContainer (OzoneContainer.java:stop(400)) - Attempting to stop container services.
2022-10-08 01:41:35,316 [Listener at 127.0.0.1/35929] INFO  server.RaftServer (RaftServerProxy.java:lambda$close$7(398)) - 10b21bb1-cee7-485e-9b19-b5d1fddc83da: close
2022-10-08 01:41:35,368 [Listener at 127.0.0.1/35929] INFO  server.RaftServer$Division (RaftServerImpl.java:lambda$close$4(434)) - 10b21bb1-cee7-485e-9b19-b5d1fddc83da@group-ED3A5AFD36E6: shutdown
2022-10-08 01:41:35,368 [Listener at 127.0.0.1/35929] INFO  util.JmxRegister (JmxRegister.java:unregister(73)) - Successfully un-registered JMX Bean with object name Ratis:service=RaftServer,group=group-ED3A5AFD36E6,id=10b21bb1-cee7-485e-9b19-b5d1fddc83da
2022-10-08 01:41:35,368 [Listener at 127.0.0.1/35929] INFO  impl.RoleInfo (RoleInfo.java:shutdownLeaderState(93)) - 10b21bb1-cee7-485e-9b19-b5d1fddc83da: shutdown 10b21bb1-cee7-485e-9b19-b5d1fddc83da@group-ED3A5AFD36E6-LeaderStateImpl
2022-10-08 01:41:35,368 [Listener at 127.0.0.1/35929] INFO  impl.PendingRequests (PendingRequests.java:sendNotLeaderResponses(282)) - 10b21bb1-cee7-485e-9b19-b5d1fddc83da@group-ED3A5AFD36E6-PendingRequests: sendNotLeaderResponses
2022-10-08 01:41:35,369 [Listener at 127.0.0.1/35929] INFO  impl.StateMachineUpdater (StateMachineUpdater.java:stopAndJoin(153)) - 10b21bb1-cee7-485e-9b19-b5d1fddc83da@group-ED3A5AFD36E6-StateMachineUpdater: set stopIndex = 0
2022-10-08 01:41:35,370 [10b21bb1-cee7-485e-9b19-b5d1fddc83da@group-ED3A5AFD36E6-StateMachineUpdater] INFO  ratis.ContainerStateMachine (ContainerStateMachine.java:takeSnapshot(304)) - group-ED3A5AFD36E6: Taking a snapshot at:(t:1, i:0) file /home/runner/work/ozone/ozone/hadoop-ozone/integration-test/target/test-dir/MiniOzoneClusterImpl-bdb582a0-2e2b-403c-a8c7-17c71ed5f666/datanode-1/data/ratis/d66685b8-151f-4313-bcd7-ed3a5afd36e6/sm/snapshot.1_0
2022-10-08 01:41:35,376 [10b21bb1-cee7-485e-9b19-b5d1fddc83da@group-ED3A5AFD36E6-StateMachineUpdater] INFO  ratis.ContainerStateMachine (ContainerStateMachine.java:takeSnapshot(315)) - group-ED3A5AFD36E6: Finished taking a snapshot at:(t:1, i:0) file:/home/runner/work/ozone/ozone/hadoop-ozone/integration-test/target/test-dir/MiniOzoneClusterImpl-bdb582a0-2e2b-403c-a8c7-17c71ed5f666/datanode-1/data/ratis/d66685b8-151f-4313-bcd7-ed3a5afd36e6/sm/snapshot.1_0 took: 6 ms
2022-10-08 01:41:35,376 [10b21bb1-cee7-485e-9b19-b5d1fddc83da@group-ED3A5AFD36E6-StateMachineUpdater] INFO  impl.StateMachineUpdater (StateMachineUpdater.java:takeSnapshot(287)) - 10b21bb1-cee7-485e-9b19-b5d1fddc83da@group-ED3A5AFD36E6-StateMachineUpdater: Took a snapshot at index 0
2022-10-08 01:41:35,376 [10b21bb1-cee7-485e-9b19-b5d1fddc83da@group-ED3A5AFD36E6-StateMachineUpdater] INFO  impl.StateMachineUpdater (StateMachineUpdater.java:lambda$new$0(92)) - 10b21bb1-cee7-485e-9b19-b5d1fddc83da@group-ED3A5AFD36E6-StateMachineUpdater: snapshotIndex: updateIncreasingly -1 -> 0
2022-10-08 01:41:35,376 [Listener at 127.0.0.1/35929] INFO  server.RaftServer$Division (ServerState.java:close(429)) - 10b21bb1-cee7-485e-9b19-b5d1fddc83da@group-ED3A5AFD36E6: closes. applyIndex: 0
2022-10-08 01:41:35,376 [10b21bb1-cee7-485e-9b19-b5d1fddc83da@group-ED3A5AFD36E6-SegmentedRaftLogWorker] INFO  segmented.SegmentedRaftLogWorker (SegmentedRaftLogWorker.java:run(336)) - 10b21bb1-cee7-485e-9b19-b5d1fddc83da@group-ED3A5AFD36E6-SegmentedRaftLogWorker was interrupted, exiting. There are 0 tasks remaining in the queue.
2022-10-08 01:41:35,377 [Listener at 127.0.0.1/35929] INFO  segmented.SegmentedRaftLogWorker (SegmentedRaftLogWorker.java:close(246)) - 10b21bb1-cee7-485e-9b19-b5d1fddc83da@group-ED3A5AFD36E6-SegmentedRaftLogWorker close()
2022-10-08 01:41:35,378 [Listener at 127.0.0.1/35929] INFO  server.RaftServer$Division (RaftServerImpl.java:lambda$close$4(434)) - 10b21bb1-cee7-485e-9b19-b5d1fddc83da@group-CCA682A2F973: shutdown
2022-10-08 01:41:35,378 [Listener at 127.0.0.1/35929] INFO  util.JmxRegister (JmxRegister.java:unregister(73)) - Successfully un-registered JMX Bean with object name Ratis:service=RaftServer,group=group-CCA682A2F973,id=10b21bb1-cee7-485e-9b19-b5d1fddc83da
2022-10-08 01:41:35,378 [Listener at 127.0.0.1/35929] INFO  impl.RoleInfo (RoleInfo.java:shutdownLeaderState(93)) - 10b21bb1-cee7-485e-9b19-b5d1fddc83da: shutdown 10b21bb1-cee7-485e-9b19-b5d1fddc83da@group-CCA682A2F973-LeaderStateImpl
2022-10-08 01:41:35,378 [10b21bb1-cee7-485e-9b19-b5d1fddc83da@group-CCA682A2F973->a69a6355-4fd1-4dab-9c4a-ef9dfbf2b80d-GrpcLogAppender-LogAppenderDaemon] WARN  server.GrpcLogAppender (GrpcLogAppender.java:mayWait(171)) - 10b21bb1-cee7-485e-9b19-b5d1fddc83da@group-CCA682A2F973->a69a6355-4fd1-4dab-9c4a-ef9dfbf2b80d-GrpcLogAppender: Wait interrupted by java.lang.InterruptedException
2022-10-08 01:41:35,378 [Listener at 127.0.0.1/35929] INFO  impl.PendingRequests (PendingRequests.java:sendNotLeaderResponses(282)) - 10b21bb1-cee7-485e-9b19-b5d1fddc83da@group-CCA682A2F973-PendingRequests: sendNotLeaderResponses
2022-10-08 01:41:35,378 [10b21bb1-cee7-485e-9b19-b5d1fddc83da@group-CCA682A2F973->6d9ca658-4f65-4bc8-8244-8fb27ff2ac77-GrpcLogAppender-LogAppenderDaemon] WARN  server.GrpcLogAppender (GrpcLogAppender.java:mayWait(171)) - 10b21bb1-cee7-485e-9b19-b5d1fddc83da@group-CCA682A2F973->6d9ca658-4f65-4bc8-8244-8fb27ff2ac77-GrpcLogAppender: Wait interrupted by java.lang.InterruptedException
2022-10-08 01:41:35,379 [grpc-default-executor-18] INFO  server.GrpcServerProtocolService (GrpcServerProtocolService.java:onCompleted(140)) - a69a6355-4fd1-4dab-9c4a-ef9dfbf2b80d: Completed APPEND_ENTRIES, lastRequest: 10b21bb1-cee7-485e-9b19-b5d1fddc83da->a69a6355-4fd1-4dab-9c4a-ef9dfbf2b80d#214-t1,previous=(t:1, i:7),leaderCommit=7,initializing? true,entries: size=1, first=(t:1, i:8), METADATAENTRY(c:7)
2022-10-08 01:41:35,379 [grpc-default-executor-12] INFO  server.GrpcLogAppender (GrpcLogAppender.java:onCompleted(339)) - 10b21bb1-cee7-485e-9b19-b5d1fddc83da@group-CCA682A2F973->a69a6355-4fd1-4dab-9c4a-ef9dfbf2b80d-AppendLogResponseHandler: follower responses appendEntries COMPLETED
2022-10-08 01:41:35,379 [grpc-default-executor-12] INFO  leader.FollowerInfo (FollowerInfoImpl.java:lambda$new$0(48)) - 10b21bb1-cee7-485e-9b19-b5d1fddc83da@group-CCA682A2F973->a69a6355-4fd1-4dab-9c4a-ef9dfbf2b80d: nextIndex: updateUnconditionally 9 -> 8
2022-10-08 01:41:35,380 [grpc-default-executor-10] INFO  server.GrpcServerProtocolService (GrpcServerProtocolService.java:onCompleted(140)) - 6d9ca658-4f65-4bc8-8244-8fb27ff2ac77: Completed APPEND_ENTRIES, lastRequest: 10b21bb1-cee7-485e-9b19-b5d1fddc83da->6d9ca658-4f65-4bc8-8244-8fb27ff2ac77#196-t1,previous=(t:1, i:7),leaderCommit=7,initializing? true,entries: size=1, first=(t:1, i:8), METADATAENTRY(c:7)
2022-10-08 01:41:35,399 [Listener at 127.0.0.1/35929] INFO  impl.StateMachineUpdater (StateMachineUpdater.java:stopAndJoin(153)) - 10b21bb1-cee7-485e-9b19-b5d1fddc83da@group-CCA682A2F973-StateMachineUpdater: set stopIndex = 8
2022-10-08 01:41:35,404 [10b21bb1-cee7-485e-9b19-b5d1fddc83da@group-CCA682A2F973-StateMachineUpdater] INFO  ratis.ContainerStateMachine (ContainerStateMachine.java:takeSnapshot(304)) - group-CCA682A2F973: Taking a snapshot at:(t:1, i:8) file /home/runner/work/ozone/ozone/hadoop-ozone/integration-test/target/test-dir/MiniOzoneClusterImpl-bdb582a0-2e2b-403c-a8c7-17c71ed5f666/datanode-1/data/ratis/f710574b-f3f5-4d0d-81a3-cca682a2f973/sm/snapshot.1_8
2022-10-08 01:41:35,414 [10b21bb1-cee7-485e-9b19-b5d1fddc83da@group-CCA682A2F973-StateMachineUpdater] INFO  ratis.ContainerStateMachine (ContainerStateMachine.java:takeSnapshot(315)) - group-CCA682A2F973: Finished taking a snapshot at:(t:1, i:8) file:/home/runner/work/ozone/ozone/hadoop-ozone/integration-test/target/test-dir/MiniOzoneClusterImpl-bdb582a0-2e2b-403c-a8c7-17c71ed5f666/datanode-1/data/ratis/f710574b-f3f5-4d0d-81a3-cca682a2f973/sm/snapshot.1_8 took: 10 ms
2022-10-08 01:41:35,415 [10b21bb1-cee7-485e-9b19-b5d1fddc83da@group-CCA682A2F973-StateMachineUpdater] INFO  impl.StateMachineUpdater (StateMachineUpdater.java:takeSnapshot(287)) - 10b21bb1-cee7-485e-9b19-b5d1fddc83da@group-CCA682A2F973-StateMachineUpdater: Took a snapshot at index 8
2022-10-08 01:41:35,415 [10b21bb1-cee7-485e-9b19-b5d1fddc83da@group-CCA682A2F973-StateMachineUpdater] INFO  impl.StateMachineUpdater (StateMachineUpdater.java:lambda$new$0(92)) - 10b21bb1-cee7-485e-9b19-b5d1fddc83da@group-CCA682A2F973-StateMachineUpdater: snapshotIndex: updateIncreasingly -1 -> 8
2022-10-08 01:41:35,415 [Listener at 127.0.0.1/35929] INFO  server.RaftServer$Division (ServerState.java:close(429)) - 10b21bb1-cee7-485e-9b19-b5d1fddc83da@group-CCA682A2F973: closes. applyIndex: 8
2022-10-08 01:41:35,415 [10b21bb1-cee7-485e-9b19-b5d1fddc83da@group-CCA682A2F973-SegmentedRaftLogWorker] INFO  segmented.SegmentedRaftLogWorker (SegmentedRaftLogWorker.java:run(336)) - 10b21bb1-cee7-485e-9b19-b5d1fddc83da@group-CCA682A2F973-SegmentedRaftLogWorker was interrupted, exiting. There are 0 tasks remaining in the queue.
2022-10-08 01:41:35,415 [Listener at 127.0.0.1/35929] INFO  segmented.SegmentedRaftLogWorker (SegmentedRaftLogWorker.java:close(246)) - 10b21bb1-cee7-485e-9b19-b5d1fddc83da@group-CCA682A2F973-SegmentedRaftLogWorker close()
2022-10-08 01:41:35,418 [Listener at 127.0.0.1/35929] INFO  server.GrpcService (GrpcService.java:closeImpl(269)) - 10b21bb1-cee7-485e-9b19-b5d1fddc83da: shutdown server with port 39523 now
2022-10-08 01:41:35,494 [grpc-default-executor-10] INFO  server.GrpcLogAppender (GrpcLogAppender.java:onCompleted(339)) - 10b21bb1-cee7-485e-9b19-b5d1fddc83da@group-CCA682A2F973->6d9ca658-4f65-4bc8-8244-8fb27ff2ac77-AppendLogResponseHandler: follower responses appendEntries COMPLETED
2022-10-08 01:41:35,496 [ReplicationMonitor] INFO  replication.ReplicationManager (ReplicationManager.java:processAll(324)) - Replication Monitor Thread took 1 milliseconds for processing 1 containers.
2022-10-08 01:41:35,499 [grpc-default-executor-10] WARN  server.GrpcLogAppender (GrpcLogAppender.java:resetClient(117)) - 10b21bb1-cee7-485e-9b19-b5d1fddc83da@group-CCA682A2F973->6d9ca658-4f65-4bc8-8244-8fb27ff2ac77-GrpcLogAppender: Failed to getClient for 6d9ca658-4f65-4bc8-8244-8fb27ff2ac77
org.apache.ratis.protocol.exceptions.AlreadyClosedException: 10b21bb1-cee7-485e-9b19-b5d1fddc83da is already CLOSED
	at org.apache.ratis.util.PeerProxyMap$PeerAndProxy.getProxy(PeerProxyMap.java:61)
	at org.apache.ratis.util.PeerProxyMap.getProxy(PeerProxyMap.java:115)
	at org.apache.ratis.grpc.server.GrpcLogAppender.getClient(GrpcLogAppender.java:96)
	at org.apache.ratis.grpc.server.GrpcLogAppender.resetClient(GrpcLogAppender.java:101)
	at org.apache.ratis.grpc.server.GrpcLogAppender.access$500(GrpcLogAppender.java:54)
	at org.apache.ratis.grpc.server.GrpcLogAppender$AppendLogResponseHandler.onCompleted(GrpcLogAppender.java:340)
	at org.apache.ratis.thirdparty.io.grpc.stub.ClientCalls$StreamObserverToCallListenerAdapter.onClose(ClientCalls.java:477)
	at org.apache.ratis.thirdparty.io.grpc.internal.ClientCallImpl.closeObserver(ClientCallImpl.java:562)
	at org.apache.ratis.thirdparty.io.grpc.internal.ClientCallImpl.access$300(ClientCallImpl.java:70)
	at org.apache.ratis.thirdparty.io.grpc.internal.ClientCallImpl$ClientStreamListenerImpl$1StreamClosed.runInternal(ClientCallImpl.java:743)
	at org.apache.ratis.thirdparty.io.grpc.internal.ClientCallImpl$ClientStreamListenerImpl$1StreamClosed.runInContext(ClientCallImpl.java:722)
	at org.apache.ratis.thirdparty.io.grpc.internal.ContextRunnable.run(ContextRunnable.java:37)
	at org.apache.ratis.thirdparty.io.grpc.internal.SerializingExecutor.run(SerializingExecutor.java:133)
	at java.util.concurrent.ThreadPoolExecutor.runWorker(ThreadPoolExecutor.java:1149)
	at java.util.concurrent.ThreadPoolExecutor$Worker.run(ThreadPoolExecutor.java:624)
	at java.lang.Thread.run(Thread.java:750)
2022-10-08 01:41:35,500 [grpc-default-executor-19] WARN  server.GrpcClientProtocolService (LogUtils.java:warn(122)) - 1-UnorderedRequestStreamObserver1: onError: org.apache.ratis.thirdparty.io.grpc.StatusRuntimeException: CANCELLED: client cancelled
2022-10-08 01:41:35,541 [Listener at 127.0.0.1/35929] INFO  server.GrpcService (GrpcService.java:closeImpl(278)) - 10b21bb1-cee7-485e-9b19-b5d1fddc83da: shutdown server with port 39523 successfully
2022-10-08 01:41:35,541 [org.apache.ratis.util.JvmPauseMonitor$$Lambda$636/846962177@1a726f79] INFO  util.JvmPauseMonitor (JvmPauseMonitor.java:run(109)) - JvmPauseMonitor-10b21bb1-cee7-485e-9b19-b5d1fddc83da: Stopped
2022-10-08 01:41:35,856 [EventQueue-DeadNodeForDeadNodeHandler] INFO  node.DeadNodeHandler (DeadNodeHandler.java:onMessage(81)) - A dead datanode is detected. 10b21bb1-cee7-485e-9b19-b5d1fddc83da{ip: 10.1.0.61, host: fv-az180-867.g3pwtgv4ffyuhaixmbmm0kyh3d.gx.internal.cloudapp.net, ports: [REPLICATION=43355, RATIS=39523, RATIS_ADMIN=39523, RATIS_SERVER=39523, STANDALONE=33169], networkLocation: /default-rack, certSerialId: null, persistedOpState: IN_SERVICE, persistedOpStateExpiryEpochSec: 0}
2022-10-08 01:41:35,856 [EventQueue-DeadNodeForDeadNodeHandler] INFO  pipeline.RatisPipelineProvider (RatisPipelineProvider.java:lambda$close$1(244)) - Send pipeline:PipelineID=d66685b8-151f-4313-bcd7-ed3a5afd36e6 close command to datanode 10b21bb1-cee7-485e-9b19-b5d1fddc83da
2022-10-08 01:41:35,862 [EventQueue-DeadNodeForDeadNodeHandler] INFO  pipeline.PipelineStateManagerImpl (PipelineStateManagerImpl.java:removePipeline(245)) - Pipeline Pipeline[ Id: d66685b8-151f-4313-bcd7-ed3a5afd36e6, Nodes: 10b21bb1-cee7-485e-9b19-b5d1fddc83da{ip: 10.1.0.61, host: fv-az180-867.g3pwtgv4ffyuhaixmbmm0kyh3d.gx.internal.cloudapp.net, ports: [REPLICATION=43355, RATIS=39523, RATIS_ADMIN=39523, RATIS_SERVER=39523, STANDALONE=33169], networkLocation: /default-rack, certSerialId: null, persistedOpState: IN_SERVICE, persistedOpStateExpiryEpochSec: 0}, ReplicationConfig: RATIS/ONE, State:CLOSED, leaderId:10b21bb1-cee7-485e-9b19-b5d1fddc83da, CreationTimestamp2022-10-08T01:41:16.368Z[Etc/UTC]] removed.
2022-10-08 01:41:35,862 [EventQueue-DeadNodeForDeadNodeHandler] INFO  pipeline.RatisPipelineProvider (RatisPipelineProvider.java:lambda$close$1(244)) - Send pipeline:PipelineID=f710574b-f3f5-4d0d-81a3-cca682a2f973 close command to datanode 10b21bb1-cee7-485e-9b19-b5d1fddc83da
2022-10-08 01:41:35,862 [EventQueue-DeadNodeForDeadNodeHandler] INFO  pipeline.RatisPipelineProvider (RatisPipelineProvider.java:lambda$close$1(244)) - Send pipeline:PipelineID=f710574b-f3f5-4d0d-81a3-cca682a2f973 close command to datanode a69a6355-4fd1-4dab-9c4a-ef9dfbf2b80d
2022-10-08 01:41:35,862 [EventQueue-DeadNodeForDeadNodeHandler] INFO  pipeline.RatisPipelineProvider (RatisPipelineProvider.java:lambda$close$1(244)) - Send pipeline:PipelineID=f710574b-f3f5-4d0d-81a3-cca682a2f973 close command to datanode 6d9ca658-4f65-4bc8-8244-8fb27ff2ac77
2022-10-08 01:41:35,863 [EventQueue-DeadNodeForDeadNodeHandler] INFO  pipeline.PipelineStateManagerImpl (PipelineStateManagerImpl.java:removePipeline(245)) - Pipeline Pipeline[ Id: f710574b-f3f5-4d0d-81a3-cca682a2f973, Nodes: 10b21bb1-cee7-485e-9b19-b5d1fddc83da{ip: 10.1.0.61, host: fv-az180-867.g3pwtgv4ffyuhaixmbmm0kyh3d.gx.internal.cloudapp.net, ports: [REPLICATION=43355, RATIS=39523, RATIS_ADMIN=39523, RATIS_SERVER=39523, STANDALONE=33169], networkLocation: /default-rack, certSerialId: null, persistedOpState: IN_SERVICE, persistedOpStateExpiryEpochSec: 0}a69a6355-4fd1-4dab-9c4a-ef9dfbf2b80d{ip: 10.1.0.61, host: fv-az180-867.g3pwtgv4ffyuhaixmbmm0kyh3d.gx.internal.cloudapp.net, ports: [REPLICATION=45291, RATIS=41029, RATIS_ADMIN=41029, RATIS_SERVER=41029, STANDALONE=42351], networkLocation: /default-rack, certSerialId: null, persistedOpState: IN_SERVICE, persistedOpStateExpiryEpochSec: 0}6d9ca658-4f65-4bc8-8244-8fb27ff2ac77{ip: 10.1.0.61, host: fv-az180-867.g3pwtgv4ffyuhaixmbmm0kyh3d.gx.internal.cloudapp.net, ports: [REPLICATION=44649, RATIS=45133, RATIS_ADMIN=45133, RATIS_SERVER=45133, STANDALONE=40939], networkLocation: /default-rack, certSerialId: null, persistedOpState: IN_SERVICE, persistedOpStateExpiryEpochSec: 0}, ReplicationConfig: RATIS/THREE, State:CLOSED, leaderId:10b21bb1-cee7-485e-9b19-b5d1fddc83da, CreationTimestamp2022-10-08T01:41:19.610Z[Etc/UTC]] removed.
2022-10-08 01:41:35,863 [EventQueue-DeadNodeForDeadNodeHandler] INFO  net.NetworkTopologyImpl (NetworkTopologyImpl.java:remove(190)) - Removed a node: /default-rack/10b21bb1-cee7-485e-9b19-b5d1fddc83da
2022-10-08 01:41:36,500 [ReplicationMonitor] INFO  replication.LegacyReplicationManager (LegacyReplicationManager.java:handleUnderReplicatedContainer(1195)) - Container #1 is under replicated. Expected replica count is 3, but found 2.
2022-10-08 01:41:36,500 [ReplicationMonitor] INFO  replication.LegacyReplicationManager (LegacyReplicationManager.java:sendReplicateCommand(1559)) - Sending replicate container command for container #1 to datanode be283514-8952-4898-8cdc-39ab4c54d87f{ip: 10.1.0.61, host: fv-az180-867.g3pwtgv4ffyuhaixmbmm0kyh3d.gx.internal.cloudapp.net, ports: [REPLICATION=35901, RATIS=33103, RATIS_ADMIN=33103, RATIS_SERVER=33103, STANDALONE=41293], networkLocation: /default-rack, certSerialId: null, persistedOpState: IN_SERVICE, persistedOpStateExpiryEpochSec: 0} from datanodes [a69a6355-4fd1-4dab-9c4a-ef9dfbf2b80d{ip: 10.1.0.61, host: fv-az180-867.g3pwtgv4ffyuhaixmbmm0kyh3d.gx.internal.cloudapp.net, ports: [REPLICATION=45291, RATIS=41029, RATIS_ADMIN=41029, RATIS_SERVER=41029, STANDALONE=42351], networkLocation: /default-rack, certSerialId: null, persistedOpState: IN_SERVICE, persistedOpStateExpiryEpochSec: 0}, 6d9ca658-4f65-4bc8-8244-8fb27ff2ac77{ip: 10.1.0.61, host: fv-az180-867.g3pwtgv4ffyuhaixmbmm0kyh3d.gx.internal.cloudapp.net, ports: [REPLICATION=44649, RATIS=45133, RATIS_ADMIN=45133, RATIS_SERVER=45133, STANDALONE=40939], networkLocation: /default-rack, certSerialId: null, persistedOpState: IN_SERVICE, persistedOpStateExpiryEpochSec: 0}]
2022-10-08 01:41:36,500 [ReplicationMonitor] INFO  replication.ReplicationManager (ReplicationManager.java:processAll(324)) - Replication Monitor Thread took 0 milliseconds for processing 1 containers.
2022-10-08 01:41:36,926 [Command processor thread] INFO  server.RaftServer (RaftServerProxy.java:remove(107)) - 6d9ca658-4f65-4bc8-8244-8fb27ff2ac77: remove  FOLLOWER 6d9ca658-4f65-4bc8-8244-8fb27ff2ac77@group-CCA682A2F973:t1, leader=10b21bb1-cee7-485e-9b19-b5d1fddc83da, voted=10b21bb1-cee7-485e-9b19-b5d1fddc83da, raftlog=6d9ca658-4f65-4bc8-8244-8fb27ff2ac77@group-CCA682A2F973-SegmentedRaftLog:OPENED:c8, conf=0: [10b21bb1-cee7-485e-9b19-b5d1fddc83da|rpc:10.1.0.61:39523|dataStream:|priority:1, 6d9ca658-4f65-4bc8-8244-8fb27ff2ac77|rpc:10.1.0.61:45133|dataStream:|priority:0, a69a6355-4fd1-4dab-9c4a-ef9dfbf2b80d|rpc:10.1.0.61:41029|dataStream:|priority:0], old=null RUNNING
2022-10-08 01:41:36,926 [Command processor thread] INFO  server.RaftServer$Division (RaftServerImpl.java:lambda$close$4(434)) - 6d9ca658-4f65-4bc8-8244-8fb27ff2ac77@group-CCA682A2F973: shutdown
2022-10-08 01:41:36,927 [Command processor thread] INFO  util.JmxRegister (JmxRegister.java:unregister(73)) - Successfully un-registered JMX Bean with object name Ratis:service=RaftServer,group=group-CCA682A2F973,id=6d9ca658-4f65-4bc8-8244-8fb27ff2ac77
2022-10-08 01:41:36,927 [Command processor thread] INFO  impl.RoleInfo (RoleInfo.java:shutdownFollowerState(110)) - 6d9ca658-4f65-4bc8-8244-8fb27ff2ac77: shutdown 6d9ca658-4f65-4bc8-8244-8fb27ff2ac77@group-CCA682A2F973-FollowerState
2022-10-08 01:41:36,927 [Command processor thread] INFO  impl.StateMachineUpdater (StateMachineUpdater.java:stopAndJoin(153)) - 6d9ca658-4f65-4bc8-8244-8fb27ff2ac77@group-CCA682A2F973-StateMachineUpdater: set stopIndex = 8
2022-10-08 01:41:36,927 [6d9ca658-4f65-4bc8-8244-8fb27ff2ac77@group-CCA682A2F973-FollowerState] INFO  impl.FollowerState (FollowerState.java:run(152)) - 6d9ca658-4f65-4bc8-8244-8fb27ff2ac77@group-CCA682A2F973-FollowerState was interrupted
2022-10-08 01:41:36,940 [6d9ca658-4f65-4bc8-8244-8fb27ff2ac77@group-CCA682A2F973-StateMachineUpdater] INFO  ratis.ContainerStateMachine (ContainerStateMachine.java:takeSnapshot(304)) - group-CCA682A2F973: Taking a snapshot at:(t:1, i:8) file /home/runner/work/ozone/ozone/hadoop-ozone/integration-test/target/test-dir/MiniOzoneClusterImpl-bdb582a0-2e2b-403c-a8c7-17c71ed5f666/datanode-0/data/ratis/f710574b-f3f5-4d0d-81a3-cca682a2f973/sm/snapshot.1_8
2022-10-08 01:41:36,948 [6d9ca658-4f65-4bc8-8244-8fb27ff2ac77@group-CCA682A2F973-StateMachineUpdater] INFO  ratis.ContainerStateMachine (ContainerStateMachine.java:takeSnapshot(315)) - group-CCA682A2F973: Finished taking a snapshot at:(t:1, i:8) file:/home/runner/work/ozone/ozone/hadoop-ozone/integration-test/target/test-dir/MiniOzoneClusterImpl-bdb582a0-2e2b-403c-a8c7-17c71ed5f666/datanode-0/data/ratis/f710574b-f3f5-4d0d-81a3-cca682a2f973/sm/snapshot.1_8 took: 8 ms
2022-10-08 01:41:36,948 [6d9ca658-4f65-4bc8-8244-8fb27ff2ac77@group-CCA682A2F973-StateMachineUpdater] INFO  impl.StateMachineUpdater (StateMachineUpdater.java:takeSnapshot(287)) - 6d9ca658-4f65-4bc8-8244-8fb27ff2ac77@group-CCA682A2F973-StateMachineUpdater: Took a snapshot at index 8
2022-10-08 01:41:36,948 [6d9ca658-4f65-4bc8-8244-8fb27ff2ac77@group-CCA682A2F973-StateMachineUpdater] INFO  impl.StateMachineUpdater (StateMachineUpdater.java:lambda$new$0(92)) - 6d9ca658-4f65-4bc8-8244-8fb27ff2ac77@group-CCA682A2F973-StateMachineUpdater: snapshotIndex: updateIncreasingly -1 -> 8
2022-10-08 01:41:36,949 [Command processor thread] INFO  server.RaftServer$Division (ServerState.java:close(429)) - 6d9ca658-4f65-4bc8-8244-8fb27ff2ac77@group-CCA682A2F973: closes. applyIndex: 8
2022-10-08 01:41:36,949 [6d9ca658-4f65-4bc8-8244-8fb27ff2ac77@group-CCA682A2F973-SegmentedRaftLogWorker] INFO  segmented.SegmentedRaftLogWorker (SegmentedRaftLogWorker.java:run(336)) - 6d9ca658-4f65-4bc8-8244-8fb27ff2ac77@group-CCA682A2F973-SegmentedRaftLogWorker was interrupted, exiting. There are 0 tasks remaining in the queue.
2022-10-08 01:41:36,949 [Command processor thread] INFO  segmented.SegmentedRaftLogWorker (SegmentedRaftLogWorker.java:close(246)) - 6d9ca658-4f65-4bc8-8244-8fb27ff2ac77@group-CCA682A2F973-SegmentedRaftLogWorker close()
2022-10-08 01:41:36,950 [Command processor thread] INFO  server.RaftServer$Division (RaftServerImpl.java:groupRemove(404)) - 6d9ca658-4f65-4bc8-8244-8fb27ff2ac77@group-CCA682A2F973: Succeed to remove RaftStorageDirectory Storage Directory /home/runner/work/ozone/ozone/hadoop-ozone/integration-test/target/test-dir/MiniOzoneClusterImpl-bdb582a0-2e2b-403c-a8c7-17c71ed5f666/datanode-0/data/ratis/f710574b-f3f5-4d0d-81a3-cca682a2f973
2022-10-08 01:41:36,950 [Command processor thread] INFO  commandhandler.ClosePipelineCommandHandler (ClosePipelineCommandHandler.java:handle(78)) - Close Pipeline PipelineID=f710574b-f3f5-4d0d-81a3-cca682a2f973 command on datanode 6d9ca658-4f65-4bc8-8244-8fb27ff2ac77.
2022-10-08 01:41:37,501 [ReplicationMonitor] INFO  replication.ReplicationManager (ReplicationManager.java:processAll(324)) - Replication Monitor Thread took 1 milliseconds for processing 1 containers.
2022-10-08 01:41:37,565 [Listener at 127.0.0.1/35929] INFO  utils.BackgroundService (BackgroundService.java:shutdown(141)) - Shutting down service BlockDeletingService
2022-10-08 01:41:37,566 [Listener at 127.0.0.1/35929] INFO  utils.BackgroundService (BackgroundService.java:shutdown(141)) - Shutting down service StaleRecoveringContainerScrubbingService
2022-10-08 01:41:37,896 [Command processor thread] INFO  server.RaftServer (RaftServerProxy.java:remove(107)) - a69a6355-4fd1-4dab-9c4a-ef9dfbf2b80d: remove  FOLLOWER a69a6355-4fd1-4dab-9c4a-ef9dfbf2b80d@group-CCA682A2F973:t1, leader=10b21bb1-cee7-485e-9b19-b5d1fddc83da, voted=a69a6355-4fd1-4dab-9c4a-ef9dfbf2b80d, raftlog=a69a6355-4fd1-4dab-9c4a-ef9dfbf2b80d@group-CCA682A2F973-SegmentedRaftLog:OPENED:c8, conf=0: [10b21bb1-cee7-485e-9b19-b5d1fddc83da|rpc:10.1.0.61:39523|dataStream:|priority:1, 6d9ca658-4f65-4bc8-8244-8fb27ff2ac77|rpc:10.1.0.61:45133|dataStream:|priority:0, a69a6355-4fd1-4dab-9c4a-ef9dfbf2b80d|rpc:10.1.0.61:41029|dataStream:|priority:0], old=null RUNNING
2022-10-08 01:41:37,896 [Command processor thread] INFO  server.RaftServer$Division (RaftServerImpl.java:lambda$close$4(434)) - a69a6355-4fd1-4dab-9c4a-ef9dfbf2b80d@group-CCA682A2F973: shutdown
2022-10-08 01:41:37,896 [Command processor thread] INFO  util.JmxRegister (JmxRegister.java:unregister(73)) - Successfully un-registered JMX Bean with object name Ratis:service=RaftServer,group=group-CCA682A2F973,id=a69a6355-4fd1-4dab-9c4a-ef9dfbf2b80d
2022-10-08 01:41:37,896 [Command processor thread] INFO  impl.RoleInfo (RoleInfo.java:shutdownFollowerState(110)) - a69a6355-4fd1-4dab-9c4a-ef9dfbf2b80d: shutdown a69a6355-4fd1-4dab-9c4a-ef9dfbf2b80d@group-CCA682A2F973-FollowerState
2022-10-08 01:41:37,896 [Command processor thread] INFO  impl.StateMachineUpdater (StateMachineUpdater.java:stopAndJoin(153)) - a69a6355-4fd1-4dab-9c4a-ef9dfbf2b80d@group-CCA682A2F973-StateMachineUpdater: set stopIndex = 8
2022-10-08 01:41:37,896 [a69a6355-4fd1-4dab-9c4a-ef9dfbf2b80d@group-CCA682A2F973-FollowerState] INFO  impl.FollowerState (FollowerState.java:run(152)) - a69a6355-4fd1-4dab-9c4a-ef9dfbf2b80d@group-CCA682A2F973-FollowerState was interrupted
2022-10-08 01:41:37,950 [a69a6355-4fd1-4dab-9c4a-ef9dfbf2b80d@group-CCA682A2F973-StateMachineUpdater] INFO  ratis.ContainerStateMachine (ContainerStateMachine.java:takeSnapshot(304)) - group-CCA682A2F973: Taking a snapshot at:(t:1, i:8) file /home/runner/work/ozone/ozone/hadoop-ozone/integration-test/target/test-dir/MiniOzoneClusterImpl-bdb582a0-2e2b-403c-a8c7-17c71ed5f666/datanode-2/data/ratis/f710574b-f3f5-4d0d-81a3-cca682a2f973/sm/snapshot.1_8
2022-10-08 01:41:37,974 [a69a6355-4fd1-4dab-9c4a-ef9dfbf2b80d@group-CCA682A2F973-StateMachineUpdater] INFO  ratis.ContainerStateMachine (ContainerStateMachine.java:takeSnapshot(315)) - group-CCA682A2F973: Finished taking a snapshot at:(t:1, i:8) file:/home/runner/work/ozone/ozone/hadoop-ozone/integration-test/target/test-dir/MiniOzoneClusterImpl-bdb582a0-2e2b-403c-a8c7-17c71ed5f666/datanode-2/data/ratis/f710574b-f3f5-4d0d-81a3-cca682a2f973/sm/snapshot.1_8 took: 24 ms
2022-10-08 01:41:37,975 [a69a6355-4fd1-4dab-9c4a-ef9dfbf2b80d@group-CCA682A2F973-StateMachineUpdater] INFO  impl.StateMachineUpdater (StateMachineUpdater.java:takeSnapshot(287)) - a69a6355-4fd1-4dab-9c4a-ef9dfbf2b80d@group-CCA682A2F973-StateMachineUpdater: Took a snapshot at index 8
2022-10-08 01:41:37,975 [a69a6355-4fd1-4dab-9c4a-ef9dfbf2b80d@group-CCA682A2F973-StateMachineUpdater] INFO  impl.StateMachineUpdater (StateMachineUpdater.java:lambda$new$0(92)) - a69a6355-4fd1-4dab-9c4a-ef9dfbf2b80d@group-CCA682A2F973-StateMachineUpdater: snapshotIndex: updateIncreasingly -1 -> 8
2022-10-08 01:41:37,975 [Command processor thread] INFO  server.RaftServer$Division (ServerState.java:close(429)) - a69a6355-4fd1-4dab-9c4a-ef9dfbf2b80d@group-CCA682A2F973: closes. applyIndex: 8
2022-10-08 01:41:37,975 [a69a6355-4fd1-4dab-9c4a-ef9dfbf2b80d@group-CCA682A2F973-SegmentedRaftLogWorker] INFO  segmented.SegmentedRaftLogWorker (SegmentedRaftLogWorker.java:run(336)) - a69a6355-4fd1-4dab-9c4a-ef9dfbf2b80d@group-CCA682A2F973-SegmentedRaftLogWorker was interrupted, exiting. There are 0 tasks remaining in the queue.
2022-10-08 01:41:37,990 [Command processor thread] INFO  segmented.SegmentedRaftLogWorker (SegmentedRaftLogWorker.java:close(246)) - a69a6355-4fd1-4dab-9c4a-ef9dfbf2b80d@group-CCA682A2F973-SegmentedRaftLogWorker close()
2022-10-08 01:41:37,991 [Command processor thread] INFO  server.RaftServer$Division (RaftServerImpl.java:groupRemove(404)) - a69a6355-4fd1-4dab-9c4a-ef9dfbf2b80d@group-CCA682A2F973: Succeed to remove RaftStorageDirectory Storage Directory /home/runner/work/ozone/ozone/hadoop-ozone/integration-test/target/test-dir/MiniOzoneClusterImpl-bdb582a0-2e2b-403c-a8c7-17c71ed5f666/datanode-2/data/ratis/f710574b-f3f5-4d0d-81a3-cca682a2f973
2022-10-08 01:41:37,991 [Command processor thread] INFO  commandhandler.ClosePipelineCommandHandler (ClosePipelineCommandHandler.java:handle(78)) - Close Pipeline PipelineID=f710574b-f3f5-4d0d-81a3-cca682a2f973 command on datanode a69a6355-4fd1-4dab-9c4a-ef9dfbf2b80d.
2022-10-08 01:41:38,507 [ReplicationMonitor] INFO  replication.ReplicationManager (ReplicationManager.java:processAll(324)) - Replication Monitor Thread took 0 milliseconds for processing 1 containers.
2022-10-08 01:41:39,196 [ContainerReplicationThread-0] INFO  replication.DownloadAndImportReplicator (DownloadAndImportReplicator.java:replicate(105)) - Starting replication of container 1 from [a69a6355-4fd1-4dab-9c4a-ef9dfbf2b80d{ip: 10.1.0.61, host: fv-az180-867.g3pwtgv4ffyuhaixmbmm0kyh3d.gx.internal.cloudapp.net, ports: [REPLICATION=45291, RATIS=41029, RATIS_ADMIN=41029, RATIS_SERVER=41029, STANDALONE=42351], networkLocation: /default-rack, certSerialId: null, persistedOpState: IN_SERVICE, persistedOpStateExpiryEpochSec: 0}, 6d9ca658-4f65-4bc8-8244-8fb27ff2ac77{ip: 10.1.0.61, host: fv-az180-867.g3pwtgv4ffyuhaixmbmm0kyh3d.gx.internal.cloudapp.net, ports: [REPLICATION=44649, RATIS=45133, RATIS_ADMIN=45133, RATIS_SERVER=45133, STANDALONE=40939], networkLocation: /default-rack, certSerialId: null, persistedOpState: IN_SERVICE, persistedOpStateExpiryEpochSec: 0}]
2022-10-08 01:41:39,206 [grpc-default-executor-12] INFO  replication.GrpcReplicationService (GrpcReplicationService.java:download(52)) - Streaming container data (1) to other datanode
2022-10-08 01:41:39,507 [ReplicationMonitor] INFO  replication.ReplicationManager (ReplicationManager.java:processAll(324)) - Replication Monitor Thread took 1 milliseconds for processing 1 containers.
2022-10-08 01:41:39,575 [grpc-default-executor-12] INFO  replication.GrpcOutputStream (GrpcOutputStream.java:close(104)) - Sent 2120261 bytes for container 1
2022-10-08 01:41:39,575 [grpc-default-executor-18] INFO  replication.GrpcReplicationClient (GrpcReplicationClient.java:onCompleted(197)) - Container 1 is downloaded to /home/runner/work/ozone/ozone/hadoop-ozone/integration-test/target/test-dir/MiniOzoneClusterImpl-bdb582a0-2e2b-403c-a8c7-17c71ed5f666/datanode-3/data/replication/work/container-1.tar.gz
2022-10-08 01:41:39,577 [ContainerReplicationThread-0] INFO  replication.DownloadAndImportReplicator (DownloadAndImportReplicator.java:replicate(117)) - Container 1 is downloaded with size 2120261, starting to import.
2022-10-08 01:41:39,840 [ContainerReplicationThread-0] INFO  replication.DownloadAndImportReplicator (DownloadAndImportReplicator.java:replicate(122)) - Container 1 is replicated successfully
2022-10-08 01:41:39,840 [ContainerReplicationThread-0] INFO  replication.ReplicationSupervisor (ReplicationSupervisor.java:run(176)) - Container 1 is replicated.
2022-10-08 01:41:40,508 [ReplicationMonitor] INFO  replication.ReplicationManager (ReplicationManager.java:processAll(324)) - Replication Monitor Thread took 0 milliseconds for processing 1 containers.
2022-10-08 01:41:40,580 [Listener at 127.0.0.1/35929] INFO  statemachine.DatanodeStateMachine (DatanodeStateMachine.java:stopDaemon(580)) - Ozone container server stopped.
2022-10-08 01:41:40,588 [Listener at 127.0.0.1/35929] INFO  handler.ContextHandler (ContextHandler.java:doStop(1153)) - Stopped o.e.j.w.WebAppContext@12d35910{hddsDatanode,/,null,STOPPED}{jar:file:/home/runner/.m2/repository/org/apache/ozone/hdds-container-service/1.3.0-SNAPSHOT/hdds-container-service-1.3.0-SNAPSHOT.jar!/webapps/hddsDatanode}
2022-10-08 01:41:40,604 [Listener at 127.0.0.1/35929] INFO  server.AbstractConnector (AbstractConnector.java:doStop(381)) - Stopped ServerConnector@6fa2e766{HTTP/1.1, (http/1.1)}{0.0.0.0:0}
2022-10-08 01:41:40,604 [Listener at 127.0.0.1/35929] INFO  server.session (HouseKeeper.java:stopScavenging(149)) - node0 Stopped scavenging
2022-10-08 01:41:40,605 [Listener at 127.0.0.1/35929] INFO  handler.ContextHandler (ContextHandler.java:doStop(1153)) - Stopped o.e.j.s.ServletContextHandler@47d74c2b{static,/static,jar:file:/home/runner/.m2/repository/org/apache/ozone/hdds-container-service/1.3.0-SNAPSHOT/hdds-container-service-1.3.0-SNAPSHOT.jar!/webapps/static,STOPPED}
2022-10-08 01:41:40,605 [Listener at 127.0.0.1/35929] INFO  handler.ContextHandler (ContextHandler.java:doStop(1153)) - Stopped o.e.j.s.ServletContextHandler@1b900006{logs,/logs,file:///home/runner/work/ozone/ozone/hadoop-ozone/integration-test/target/log,STOPPED}
2022-10-08 01:41:41,516 [ReplicationMonitor] INFO  replication.ReplicationManager (ReplicationManager.java:processAll(324)) - Replication Monitor Thread took 0 milliseconds for processing 1 containers.
2022-10-08 01:41:41,781 [Listener at 127.0.0.1/35929] INFO  ozone.MiniOzoneClusterImpl (MiniOzoneClusterImpl.java:shutdown(448)) - Shutting down the Mini Ozone Cluster
2022-10-08 01:41:41,781 [Listener at 127.0.0.1/35929] INFO  ozone.MiniOzoneClusterImpl (MiniOzoneClusterImpl.java:stop(463)) - Stopping the Mini Ozone Cluster
2022-10-08 01:41:41,781 [Listener at 127.0.0.1/35929] INFO  ozone.MiniOzoneClusterImpl (MiniOzoneClusterImpl.java:stopOM(545)) - Stopping the OzoneManager
2022-10-08 01:41:41,781 [Listener at 127.0.0.1/35929] INFO  om.OzoneManager (OzoneManager.java:stop(2036)) - om1[localhost:0]: Stopping Ozone Manager
2022-10-08 01:41:41,781 [Listener at 127.0.0.1/35929] INFO  ipc.Server (Server.java:stop(3414)) - Stopping server on 35929
2022-10-08 01:41:41,920 [IPC Server listener on 0] INFO  ipc.Server (Server.java:run(1376)) - Stopping IPC Server listener on 0
2022-10-08 01:41:41,920 [IPC Server Responder] INFO  ipc.Server (Server.java:run(1512)) - Stopping IPC Server Responder
2022-10-08 01:41:41,920 [Listener at 127.0.0.1/35929] INFO  server.RaftServer (RaftServerProxy.java:lambda$close$7(398)) - om1: close
2022-10-08 01:41:41,920 [Listener at 127.0.0.1/35929] INFO  server.RaftServer$Division (RaftServerImpl.java:lambda$close$4(434)) - om1@group-C5BA1605619E: shutdown
2022-10-08 01:41:41,920 [Listener at 127.0.0.1/35929] INFO  util.JmxRegister (JmxRegister.java:unregister(73)) - Successfully un-registered JMX Bean with object name Ratis:service=RaftServer,group=group-C5BA1605619E,id=om1
2022-10-08 01:41:41,920 [Listener at 127.0.0.1/35929] INFO  impl.RoleInfo (RoleInfo.java:shutdownLeaderState(93)) - om1: shutdown om1@group-C5BA1605619E-LeaderStateImpl
2022-10-08 01:41:41,920 [Listener at 127.0.0.1/35929] INFO  impl.PendingRequests (PendingRequests.java:sendNotLeaderResponses(282)) - om1@group-C5BA1605619E-PendingRequests: sendNotLeaderResponses
2022-10-08 01:41:41,929 [Listener at 127.0.0.1/35929] INFO  impl.StateMachineUpdater (StateMachineUpdater.java:stopAndJoin(153)) - om1@group-C5BA1605619E-StateMachineUpdater: set stopIndex = 8
2022-10-08 01:41:41,931 [om1@group-C5BA1605619E-StateMachineUpdater] INFO  ratis.OzoneManagerStateMachine (OzoneManagerStateMachine.java:takeSnapshot(441)) - Current Snapshot Index (t:1, i:8)
2022-10-08 01:41:41,932 [om1@group-C5BA1605619E-StateMachineUpdater] INFO  impl.StateMachineUpdater (StateMachineUpdater.java:takeSnapshot(287)) - om1@group-C5BA1605619E-StateMachineUpdater: Took a snapshot at index 8
2022-10-08 01:41:41,932 [om1@group-C5BA1605619E-StateMachineUpdater] INFO  impl.StateMachineUpdater (StateMachineUpdater.java:lambda$new$0(92)) - om1@group-C5BA1605619E-StateMachineUpdater: snapshotIndex: updateIncreasingly -1 -> 8
2022-10-08 01:41:41,932 [om1@group-C5BA1605619E-StateMachineUpdater] INFO  ratis.OzoneManagerStateMachine (OzoneManagerStateMachine.java:close(495)) - StateMachine has shutdown. Shutdown OzoneManager if not already shutdown.
2022-10-08 01:41:41,932 [om1@group-C5BA1605619E-StateMachineUpdater] INFO  ratis.OzoneManagerDoubleBuffer (OzoneManagerDoubleBuffer.java:stop(466)) - Stopping OMDoubleBuffer flush thread
2022-10-08 01:41:41,984 [OMDoubleBufferFlushThread] INFO  ratis.OzoneManagerDoubleBuffer (OzoneManagerDoubleBuffer.java:flushTransactions(385)) - OMDoubleBuffer flush thread OMDoubleBufferFlushThread is interrupted and will exit.
2022-10-08 01:41:41,988 [Listener at 127.0.0.1/35929] INFO  server.RaftServer$Division (ServerState.java:close(429)) - om1@group-C5BA1605619E: closes. applyIndex: 8
2022-10-08 01:41:41,989 [om1@group-C5BA1605619E-SegmentedRaftLogWorker] INFO  segmented.SegmentedRaftLogWorker (SegmentedRaftLogWorker.java:run(336)) - om1@group-C5BA1605619E-SegmentedRaftLogWorker was interrupted, exiting. There are 0 tasks remaining in the queue.
2022-10-08 01:41:41,989 [Listener at 127.0.0.1/35929] INFO  segmented.SegmentedRaftLogWorker (SegmentedRaftLogWorker.java:close(246)) - om1@group-C5BA1605619E-SegmentedRaftLogWorker close()
2022-10-08 01:41:42,032 [Listener at 127.0.0.1/35929] INFO  server.GrpcService (GrpcService.java:closeImpl(269)) - om1: shutdown server with port 9872 now
2022-10-08 01:41:42,040 [Listener at 127.0.0.1/35929] INFO  server.GrpcService (GrpcService.java:closeImpl(278)) - om1: shutdown server with port 9872 successfully
2022-10-08 01:41:42,040 [org.apache.ratis.util.JvmPauseMonitor$$Lambda$636/846962177@3afe21e1] INFO  util.JvmPauseMonitor (JvmPauseMonitor.java:run(109)) - JvmPauseMonitor-om1: Stopped
2022-10-08 01:41:42,059 [Listener at 127.0.0.1/35929] INFO  ratis.OzoneManagerStateMachine (OzoneManagerStateMachine.java:close(495)) - StateMachine has shutdown. Shutdown OzoneManager if not already shutdown.
2022-10-08 01:41:42,059 [Listener at 127.0.0.1/35929] INFO  ratis.OzoneManagerDoubleBuffer (OzoneManagerDoubleBuffer.java:stop(478)) - OMDoubleBuffer flush thread is not running.
2022-10-08 01:41:42,059 [Listener at 127.0.0.1/35929] INFO  utils.BackgroundService (BackgroundService.java:shutdown(141)) - Shutting down service KeyDeletingService
2022-10-08 01:41:42,059 [Listener at 127.0.0.1/35929] INFO  utils.BackgroundService (BackgroundService.java:shutdown(141)) - Shutting down service DirectoryDeletingService
2022-10-08 01:41:42,059 [Listener at 127.0.0.1/35929] INFO  utils.BackgroundService (BackgroundService.java:shutdown(141)) - Shutting down service OpenKeyCleanupService
2022-10-08 01:41:42,059 [Listener at 127.0.0.1/35929] INFO  handler.ContextHandler (ContextHandler.java:doStop(1153)) - Stopped o.e.j.w.WebAppContext@5b554b11{ozoneManager,/,null,STOPPED}{file:/home/runner/work/ozone/ozone/hadoop-ozone/integration-test/target/test-classes/webapps/ozoneManager}
2022-10-08 01:41:42,060 [Listener at 127.0.0.1/35929] INFO  server.AbstractConnector (AbstractConnector.java:doStop(381)) - Stopped ServerConnector@5a34d926{HTTP/1.1, (http/1.1)}{0.0.0.0:0}
2022-10-08 01:41:42,060 [Listener at 127.0.0.1/35929] INFO  server.session (HouseKeeper.java:stopScavenging(149)) - node0 Stopped scavenging
2022-10-08 01:41:42,061 [Listener at 127.0.0.1/35929] INFO  handler.ContextHandler (ContextHandler.java:doStop(1153)) - Stopped o.e.j.s.ServletContextHandler@1bdf2454{static,/static,file:///home/runner/work/ozone/ozone/hadoop-ozone/integration-test/target/test-classes/webapps/static,STOPPED}
2022-10-08 01:41:42,061 [Listener at 127.0.0.1/35929] INFO  handler.ContextHandler (ContextHandler.java:doStop(1153)) - Stopped o.e.j.s.ServletContextHandler@2beb0e75{logs,/logs,file:///home/runner/work/ozone/ozone/hadoop-ozone/integration-test/target/log,STOPPED}
2022-10-08 01:41:42,096 [Listener at 127.0.0.1/35929] INFO  ozone.MiniOzoneClusterImpl (MiniOzoneClusterImpl.java:stopDatanodes(522)) - Stopping the HddsDatanodes
2022-10-08 01:41:42,520 [ReplicationMonitor] INFO  replication.ReplicationManager (ReplicationManager.java:processAll(324)) - Replication Monitor Thread took 0 milliseconds for processing 1 containers.
2022-10-08 01:41:43,520 [ReplicationMonitor] INFO  replication.ReplicationManager (ReplicationManager.java:processAll(324)) - Replication Monitor Thread took 0 milliseconds for processing 1 containers.
2022-10-08 01:41:44,521 [ReplicationMonitor] INFO  replication.ReplicationManager (ReplicationManager.java:processAll(324)) - Replication Monitor Thread took 0 milliseconds for processing 1 containers.
2022-10-08 01:41:45,072 [EventQueue-StaleNodeForStaleNodeHandler] INFO  node.StaleNodeHandler (StaleNodeHandler.java:onMessage(59)) - Datanode 6d9ca658-4f65-4bc8-8244-8fb27ff2ac77{ip: 10.1.0.61, host: fv-az180-867.g3pwtgv4ffyuhaixmbmm0kyh3d.gx.internal.cloudapp.net, ports: [REPLICATION=44649, RATIS=45133, RATIS_ADMIN=45133, RATIS_SERVER=45133, STANDALONE=40939], networkLocation: /default-rack, certSerialId: null, persistedOpState: IN_SERVICE, persistedOpStateExpiryEpochSec: 0} moved to stale state. Finalizing its pipelines [PipelineID=5224abed-6a27-4632-837b-1f99ab17ca95]
2022-10-08 01:41:45,072 [EventQueue-StaleNodeForStaleNodeHandler] INFO  pipeline.PipelineManagerImpl (PipelineManagerImpl.java:closePipeline(442)) - Pipeline Pipeline[ Id: 5224abed-6a27-4632-837b-1f99ab17ca95, Nodes: 6d9ca658-4f65-4bc8-8244-8fb27ff2ac77{ip: 10.1.0.61, host: fv-az180-867.g3pwtgv4ffyuhaixmbmm0kyh3d.gx.internal.cloudapp.net, ports: [REPLICATION=44649, RATIS=45133, RATIS_ADMIN=45133, RATIS_SERVER=45133, STANDALONE=40939], networkLocation: /default-rack, certSerialId: null, persistedOpState: IN_SERVICE, persistedOpStateExpiryEpochSec: 0}, ReplicationConfig: RATIS/ONE, State:OPEN, leaderId:6d9ca658-4f65-4bc8-8244-8fb27ff2ac77, CreationTimestamp2022-10-08T01:41:15.108Z[Etc/UTC]] moved to CLOSED state
2022-10-08 01:41:45,072 [EventQueue-StaleNodeForStaleNodeHandler] INFO  node.StaleNodeHandler (StaleNodeHandler.java:onMessage(59)) - Datanode a69a6355-4fd1-4dab-9c4a-ef9dfbf2b80d{ip: 10.1.0.61, host: fv-az180-867.g3pwtgv4ffyuhaixmbmm0kyh3d.gx.internal.cloudapp.net, ports: [REPLICATION=45291, RATIS=41029, RATIS_ADMIN=41029, RATIS_SERVER=41029, STANDALONE=42351], networkLocation: /default-rack, certSerialId: null, persistedOpState: IN_SERVICE, persistedOpStateExpiryEpochSec: 0} moved to stale state. Finalizing its pipelines [PipelineID=590c537a-077b-4dc6-a3b2-1f3683dd7802]
2022-10-08 01:41:45,073 [EventQueue-StaleNodeForStaleNodeHandler] INFO  pipeline.PipelineManagerImpl (PipelineManagerImpl.java:closePipeline(442)) - Pipeline Pipeline[ Id: 590c537a-077b-4dc6-a3b2-1f3683dd7802, Nodes: a69a6355-4fd1-4dab-9c4a-ef9dfbf2b80d{ip: 10.1.0.61, host: fv-az180-867.g3pwtgv4ffyuhaixmbmm0kyh3d.gx.internal.cloudapp.net, ports: [REPLICATION=45291, RATIS=41029, RATIS_ADMIN=41029, RATIS_SERVER=41029, STANDALONE=42351], networkLocation: /default-rack, certSerialId: null, persistedOpState: IN_SERVICE, persistedOpStateExpiryEpochSec: 0}, ReplicationConfig: RATIS/ONE, State:OPEN, leaderId:a69a6355-4fd1-4dab-9c4a-ef9dfbf2b80d, CreationTimestamp2022-10-08T01:41:19.609Z[Etc/UTC]] moved to CLOSED state
2022-10-08 01:41:45,521 [ReplicationMonitor] INFO  replication.ReplicationManager (ReplicationManager.java:processAll(324)) - Replication Monitor Thread took 0 milliseconds for processing 1 containers.
2022-10-08 01:41:46,524 [ReplicationMonitor] INFO  replication.ReplicationManager (ReplicationManager.java:processAll(324)) - Replication Monitor Thread took 0 milliseconds for processing 1 containers.
2022-10-08 01:41:47,097 [Listener at 127.0.0.1/35929] INFO  ozoneimpl.OzoneContainer (OzoneContainer.java:stop(400)) - Attempting to stop container services.
2022-10-08 01:41:47,110 [ForkJoinPool.commonPool-worker-0] INFO  ozoneimpl.OzoneContainer (OzoneContainer.java:stop(400)) - Attempting to stop container services.
2022-10-08 01:41:47,111 [ForkJoinPool.commonPool-worker-0] INFO  server.RaftServer (RaftServerProxy.java:lambda$close$7(398)) - 6d9ca658-4f65-4bc8-8244-8fb27ff2ac77: close
2022-10-08 01:41:47,111 [ForkJoinPool.commonPool-worker-0] INFO  server.RaftServer$Division (RaftServerImpl.java:lambda$close$4(434)) - 6d9ca658-4f65-4bc8-8244-8fb27ff2ac77@group-1F99AB17CA95: shutdown
2022-10-08 01:41:47,111 [ForkJoinPool.commonPool-worker-0] INFO  util.JmxRegister (JmxRegister.java:unregister(73)) - Successfully un-registered JMX Bean with object name Ratis:service=RaftServer,group=group-1F99AB17CA95,id=6d9ca658-4f65-4bc8-8244-8fb27ff2ac77
2022-10-08 01:41:47,111 [ForkJoinPool.commonPool-worker-0] INFO  impl.RoleInfo (RoleInfo.java:shutdownLeaderState(93)) - 6d9ca658-4f65-4bc8-8244-8fb27ff2ac77: shutdown 6d9ca658-4f65-4bc8-8244-8fb27ff2ac77@group-1F99AB17CA95-LeaderStateImpl
2022-10-08 01:41:47,111 [ForkJoinPool.commonPool-worker-0] INFO  impl.PendingRequests (PendingRequests.java:sendNotLeaderResponses(282)) - 6d9ca658-4f65-4bc8-8244-8fb27ff2ac77@group-1F99AB17CA95-PendingRequests: sendNotLeaderResponses
2022-10-08 01:41:47,112 [ForkJoinPool.commonPool-worker-0] INFO  impl.StateMachineUpdater (StateMachineUpdater.java:stopAndJoin(153)) - 6d9ca658-4f65-4bc8-8244-8fb27ff2ac77@group-1F99AB17CA95-StateMachineUpdater: set stopIndex = 0
2022-10-08 01:41:47,163 [6d9ca658-4f65-4bc8-8244-8fb27ff2ac77@group-1F99AB17CA95-StateMachineUpdater] INFO  ratis.ContainerStateMachine (ContainerStateMachine.java:takeSnapshot(304)) - group-1F99AB17CA95: Taking a snapshot at:(t:1, i:0) file /home/runner/work/ozone/ozone/hadoop-ozone/integration-test/target/test-dir/MiniOzoneClusterImpl-bdb582a0-2e2b-403c-a8c7-17c71ed5f666/datanode-0/data/ratis/5224abed-6a27-4632-837b-1f99ab17ca95/sm/snapshot.1_0
2022-10-08 01:41:47,166 [Listener at 127.0.0.1/35929] INFO  server.RaftServer (RaftServerProxy.java:lambda$close$7(398)) - a69a6355-4fd1-4dab-9c4a-ef9dfbf2b80d: close
2022-10-08 01:41:47,166 [Listener at 127.0.0.1/35929] INFO  server.RaftServer$Division (RaftServerImpl.java:lambda$close$4(434)) - a69a6355-4fd1-4dab-9c4a-ef9dfbf2b80d@group-1F3683DD7802: shutdown
2022-10-08 01:41:47,166 [Listener at 127.0.0.1/35929] INFO  util.JmxRegister (JmxRegister.java:unregister(73)) - Successfully un-registered JMX Bean with object name Ratis:service=RaftServer,group=group-1F3683DD7802,id=a69a6355-4fd1-4dab-9c4a-ef9dfbf2b80d
2022-10-08 01:41:47,166 [Listener at 127.0.0.1/35929] INFO  impl.RoleInfo (RoleInfo.java:shutdownLeaderState(93)) - a69a6355-4fd1-4dab-9c4a-ef9dfbf2b80d: shutdown a69a6355-4fd1-4dab-9c4a-ef9dfbf2b80d@group-1F3683DD7802-LeaderStateImpl
2022-10-08 01:41:47,167 [Listener at 127.0.0.1/35929] INFO  impl.PendingRequests (PendingRequests.java:sendNotLeaderResponses(282)) - a69a6355-4fd1-4dab-9c4a-ef9dfbf2b80d@group-1F3683DD7802-PendingRequests: sendNotLeaderResponses
2022-10-08 01:41:47,168 [Listener at 127.0.0.1/35929] INFO  impl.StateMachineUpdater (StateMachineUpdater.java:stopAndJoin(153)) - a69a6355-4fd1-4dab-9c4a-ef9dfbf2b80d@group-1F3683DD7802-StateMachineUpdater: set stopIndex = 0
2022-10-08 01:41:47,168 [6d9ca658-4f65-4bc8-8244-8fb27ff2ac77@group-1F99AB17CA95-StateMachineUpdater] INFO  ratis.ContainerStateMachine (ContainerStateMachine.java:takeSnapshot(315)) - group-1F99AB17CA95: Finished taking a snapshot at:(t:1, i:0) file:/home/runner/work/ozone/ozone/hadoop-ozone/integration-test/target/test-dir/MiniOzoneClusterImpl-bdb582a0-2e2b-403c-a8c7-17c71ed5f666/datanode-0/data/ratis/5224abed-6a27-4632-837b-1f99ab17ca95/sm/snapshot.1_0 took: 6 ms
2022-10-08 01:41:47,172 [6d9ca658-4f65-4bc8-8244-8fb27ff2ac77@group-1F99AB17CA95-StateMachineUpdater] INFO  impl.StateMachineUpdater (StateMachineUpdater.java:takeSnapshot(287)) - 6d9ca658-4f65-4bc8-8244-8fb27ff2ac77@group-1F99AB17CA95-StateMachineUpdater: Took a snapshot at index 0
2022-10-08 01:41:47,172 [6d9ca658-4f65-4bc8-8244-8fb27ff2ac77@group-1F99AB17CA95-StateMachineUpdater] INFO  impl.StateMachineUpdater (StateMachineUpdater.java:lambda$new$0(92)) - 6d9ca658-4f65-4bc8-8244-8fb27ff2ac77@group-1F99AB17CA95-StateMachineUpdater: snapshotIndex: updateIncreasingly -1 -> 0
2022-10-08 01:41:47,168 [a69a6355-4fd1-4dab-9c4a-ef9dfbf2b80d@group-1F3683DD7802-StateMachineUpdater] INFO  ratis.ContainerStateMachine (ContainerStateMachine.java:takeSnapshot(304)) - group-1F3683DD7802: Taking a snapshot at:(t:1, i:0) file /home/runner/work/ozone/ozone/hadoop-ozone/integration-test/target/test-dir/MiniOzoneClusterImpl-bdb582a0-2e2b-403c-a8c7-17c71ed5f666/datanode-2/data/ratis/590c537a-077b-4dc6-a3b2-1f3683dd7802/sm/snapshot.1_0
2022-10-08 01:41:47,176 [ForkJoinPool.commonPool-worker-0] INFO  server.RaftServer$Division (ServerState.java:close(429)) - 6d9ca658-4f65-4bc8-8244-8fb27ff2ac77@group-1F99AB17CA95: closes. applyIndex: 0
2022-10-08 01:41:47,176 [6d9ca658-4f65-4bc8-8244-8fb27ff2ac77@group-1F99AB17CA95-SegmentedRaftLogWorker] INFO  segmented.SegmentedRaftLogWorker (SegmentedRaftLogWorker.java:run(336)) - 6d9ca658-4f65-4bc8-8244-8fb27ff2ac77@group-1F99AB17CA95-SegmentedRaftLogWorker was interrupted, exiting. There are 0 tasks remaining in the queue.
2022-10-08 01:41:47,176 [ForkJoinPool.commonPool-worker-0] INFO  segmented.SegmentedRaftLogWorker (SegmentedRaftLogWorker.java:close(246)) - 6d9ca658-4f65-4bc8-8244-8fb27ff2ac77@group-1F99AB17CA95-SegmentedRaftLogWorker close()
2022-10-08 01:41:47,176 [ForkJoinPool.commonPool-worker-0] INFO  server.GrpcService (GrpcService.java:closeImpl(269)) - 6d9ca658-4f65-4bc8-8244-8fb27ff2ac77: shutdown server with port 45133 now
2022-10-08 01:41:47,180 [a69a6355-4fd1-4dab-9c4a-ef9dfbf2b80d@group-1F3683DD7802-StateMachineUpdater] INFO  ratis.ContainerStateMachine (ContainerStateMachine.java:takeSnapshot(315)) - group-1F3683DD7802: Finished taking a snapshot at:(t:1, i:0) file:/home/runner/work/ozone/ozone/hadoop-ozone/integration-test/target/test-dir/MiniOzoneClusterImpl-bdb582a0-2e2b-403c-a8c7-17c71ed5f666/datanode-2/data/ratis/590c537a-077b-4dc6-a3b2-1f3683dd7802/sm/snapshot.1_0 took: 12 ms
2022-10-08 01:41:47,181 [a69a6355-4fd1-4dab-9c4a-ef9dfbf2b80d@group-1F3683DD7802-StateMachineUpdater] INFO  impl.StateMachineUpdater (StateMachineUpdater.java:takeSnapshot(287)) - a69a6355-4fd1-4dab-9c4a-ef9dfbf2b80d@group-1F3683DD7802-StateMachineUpdater: Took a snapshot at index 0
2022-10-08 01:41:47,181 [a69a6355-4fd1-4dab-9c4a-ef9dfbf2b80d@group-1F3683DD7802-StateMachineUpdater] INFO  impl.StateMachineUpdater (StateMachineUpdater.java:lambda$new$0(92)) - a69a6355-4fd1-4dab-9c4a-ef9dfbf2b80d@group-1F3683DD7802-StateMachineUpdater: snapshotIndex: updateIncreasingly -1 -> 0
2022-10-08 01:41:47,184 [Listener at 127.0.0.1/35929] INFO  server.RaftServer$Division (ServerState.java:close(429)) - a69a6355-4fd1-4dab-9c4a-ef9dfbf2b80d@group-1F3683DD7802: closes. applyIndex: 0
2022-10-08 01:41:47,184 [a69a6355-4fd1-4dab-9c4a-ef9dfbf2b80d@group-1F3683DD7802-SegmentedRaftLogWorker] INFO  segmented.SegmentedRaftLogWorker (SegmentedRaftLogWorker.java:run(336)) - a69a6355-4fd1-4dab-9c4a-ef9dfbf2b80d@group-1F3683DD7802-SegmentedRaftLogWorker was interrupted, exiting. There are 0 tasks remaining in the queue.
2022-10-08 01:41:47,188 [Listener at 127.0.0.1/35929] INFO  segmented.SegmentedRaftLogWorker (SegmentedRaftLogWorker.java:close(246)) - a69a6355-4fd1-4dab-9c4a-ef9dfbf2b80d@group-1F3683DD7802-SegmentedRaftLogWorker close()
2022-10-08 01:41:47,188 [Listener at 127.0.0.1/35929] INFO  server.GrpcService (GrpcService.java:closeImpl(269)) - a69a6355-4fd1-4dab-9c4a-ef9dfbf2b80d: shutdown server with port 41029 now
2022-10-08 01:41:47,200 [Listener at 127.0.0.1/35929] INFO  server.GrpcService (GrpcService.java:closeImpl(278)) - a69a6355-4fd1-4dab-9c4a-ef9dfbf2b80d: shutdown server with port 41029 successfully
2022-10-08 01:41:47,216 [ForkJoinPool.commonPool-worker-0] INFO  server.GrpcService (GrpcService.java:closeImpl(278)) - 6d9ca658-4f65-4bc8-8244-8fb27ff2ac77: shutdown server with port 45133 successfully
2022-10-08 01:41:47,216 [org.apache.ratis.util.JvmPauseMonitor$$Lambda$636/846962177@376c3eb2] INFO  util.JvmPauseMonitor (JvmPauseMonitor.java:run(109)) - JvmPauseMonitor-6d9ca658-4f65-4bc8-8244-8fb27ff2ac77: Stopped
2022-10-08 01:41:47,220 [org.apache.ratis.util.JvmPauseMonitor$$Lambda$636/846962177@257348af] INFO  util.JvmPauseMonitor (JvmPauseMonitor.java:run(109)) - JvmPauseMonitor-a69a6355-4fd1-4dab-9c4a-ef9dfbf2b80d: Stopped
2022-10-08 01:41:47,524 [ReplicationMonitor] INFO  replication.ReplicationManager (ReplicationManager.java:processAll(324)) - Replication Monitor Thread took 0 milliseconds for processing 1 containers.
2022-10-08 01:41:48,031 [EventQueue-DeadNodeForDeadNodeHandler] INFO  node.DeadNodeHandler (DeadNodeHandler.java:onMessage(81)) - A dead datanode is detected. 6d9ca658-4f65-4bc8-8244-8fb27ff2ac77{ip: 10.1.0.61, host: fv-az180-867.g3pwtgv4ffyuhaixmbmm0kyh3d.gx.internal.cloudapp.net, ports: [REPLICATION=44649, RATIS=45133, RATIS_ADMIN=45133, RATIS_SERVER=45133, STANDALONE=40939], networkLocation: /default-rack, certSerialId: null, persistedOpState: IN_SERVICE, persistedOpStateExpiryEpochSec: 0}
2022-10-08 01:41:48,031 [EventQueue-DeadNodeForDeadNodeHandler] INFO  pipeline.RatisPipelineProvider (RatisPipelineProvider.java:lambda$close$1(244)) - Send pipeline:PipelineID=5224abed-6a27-4632-837b-1f99ab17ca95 close command to datanode 6d9ca658-4f65-4bc8-8244-8fb27ff2ac77
2022-10-08 01:41:48,031 [EventQueue-DeadNodeForDeadNodeHandler] INFO  pipeline.PipelineStateManagerImpl (PipelineStateManagerImpl.java:removePipeline(245)) - Pipeline Pipeline[ Id: 5224abed-6a27-4632-837b-1f99ab17ca95, Nodes: 6d9ca658-4f65-4bc8-8244-8fb27ff2ac77{ip: 10.1.0.61, host: fv-az180-867.g3pwtgv4ffyuhaixmbmm0kyh3d.gx.internal.cloudapp.net, ports: [REPLICATION=44649, RATIS=45133, RATIS_ADMIN=45133, RATIS_SERVER=45133, STANDALONE=40939], networkLocation: /default-rack, certSerialId: null, persistedOpState: IN_SERVICE, persistedOpStateExpiryEpochSec: 0}, ReplicationConfig: RATIS/ONE, State:CLOSED, leaderId:6d9ca658-4f65-4bc8-8244-8fb27ff2ac77, CreationTimestamp2022-10-08T01:41:15.108Z[Etc/UTC]] removed.
2022-10-08 01:41:48,031 [EventQueue-DeadNodeForDeadNodeHandler] INFO  net.NetworkTopologyImpl (NetworkTopologyImpl.java:remove(190)) - Removed a node: /default-rack/6d9ca658-4f65-4bc8-8244-8fb27ff2ac77
2022-10-08 01:41:48,031 [EventQueue-DeadNodeForDeadNodeHandler] INFO  node.DeadNodeHandler (DeadNodeHandler.java:onMessage(81)) - A dead datanode is detected. a69a6355-4fd1-4dab-9c4a-ef9dfbf2b80d{ip: 10.1.0.61, host: fv-az180-867.g3pwtgv4ffyuhaixmbmm0kyh3d.gx.internal.cloudapp.net, ports: [REPLICATION=45291, RATIS=41029, RATIS_ADMIN=41029, RATIS_SERVER=41029, STANDALONE=42351], networkLocation: /default-rack, certSerialId: null, persistedOpState: IN_SERVICE, persistedOpStateExpiryEpochSec: 0}
2022-10-08 01:41:48,031 [EventQueue-DeadNodeForDeadNodeHandler] INFO  pipeline.RatisPipelineProvider (RatisPipelineProvider.java:lambda$close$1(244)) - Send pipeline:PipelineID=590c537a-077b-4dc6-a3b2-1f3683dd7802 close command to datanode a69a6355-4fd1-4dab-9c4a-ef9dfbf2b80d
2022-10-08 01:41:48,032 [EventQueue-DeadNodeForDeadNodeHandler] INFO  pipeline.PipelineStateManagerImpl (PipelineStateManagerImpl.java:removePipeline(245)) - Pipeline Pipeline[ Id: 590c537a-077b-4dc6-a3b2-1f3683dd7802, Nodes: a69a6355-4fd1-4dab-9c4a-ef9dfbf2b80d{ip: 10.1.0.61, host: fv-az180-867.g3pwtgv4ffyuhaixmbmm0kyh3d.gx.internal.cloudapp.net, ports: [REPLICATION=45291, RATIS=41029, RATIS_ADMIN=41029, RATIS_SERVER=41029, STANDALONE=42351], networkLocation: /default-rack, certSerialId: null, persistedOpState: IN_SERVICE, persistedOpStateExpiryEpochSec: 0}, ReplicationConfig: RATIS/ONE, State:CLOSED, leaderId:a69a6355-4fd1-4dab-9c4a-ef9dfbf2b80d, CreationTimestamp2022-10-08T01:41:19.609Z[Etc/UTC]] removed.
2022-10-08 01:41:48,032 [EventQueue-DeadNodeForDeadNodeHandler] INFO  net.NetworkTopologyImpl (NetworkTopologyImpl.java:remove(190)) - Removed a node: /default-rack/a69a6355-4fd1-4dab-9c4a-ef9dfbf2b80d
2022-10-08 01:41:48,528 [ReplicationMonitor] ERROR scm.SCMCommonPlacementPolicy (SCMCommonPlacementPolicy.java:chooseDatanodesInternal(217)) - Not enough healthy nodes to allocate container. 2  datanodes required. Found 1
2022-10-08 01:41:48,528 [ReplicationMonitor] WARN  replication.LegacyReplicationManager (LegacyReplicationManager.java:handleUnderReplicatedContainer(1228)) - Exception while replicating container 1.
org.apache.hadoop.hdds.scm.exceptions.SCMException: Not enough healthy nodes to allocate container. 2  datanodes required. Found 1
	at org.apache.hadoop.hdds.scm.SCMCommonPlacementPolicy.chooseDatanodesInternal(SCMCommonPlacementPolicy.java:218)
	at org.apache.hadoop.hdds.scm.container.placement.algorithms.SCMContainerPlacementRandom.chooseDatanodesInternal(SCMContainerPlacementRandom.java:81)
	at org.apache.hadoop.hdds.scm.SCMCommonPlacementPolicy.chooseDatanodes(SCMCommonPlacementPolicy.java:175)
	at org.apache.hadoop.hdds.scm.SCMCommonPlacementPolicy.chooseDatanodes(SCMCommonPlacementPolicy.java:117)
	at org.apache.hadoop.hdds.scm.container.replication.LegacyReplicationManager.handleUnderReplicatedContainer(LegacyReplicationManager.java:1192)
	at org.apache.hadoop.hdds.scm.container.replication.LegacyReplicationManager.processContainer(LegacyReplicationManager.java:539)
	at org.apache.hadoop.hdds.scm.container.replication.ReplicationManager.processAll(ReplicationManager.java:306)
	at org.apache.hadoop.hdds.scm.container.replication.ReplicationManager.run(ReplicationManager.java:504)
	at java.lang.Thread.run(Thread.java:750)
2022-10-08 01:41:48,528 [ReplicationMonitor] INFO  replication.ReplicationManager (ReplicationManager.java:processAll(324)) - Replication Monitor Thread took 0 milliseconds for processing 1 containers.
2022-10-08 01:41:49,241 [Listener at 127.0.0.1/35929] INFO  utils.BackgroundService (BackgroundService.java:shutdown(141)) - Shutting down service BlockDeletingService
2022-10-08 01:41:49,241 [Listener at 127.0.0.1/35929] INFO  utils.BackgroundService (BackgroundService.java:shutdown(141)) - Shutting down service StaleRecoveringContainerScrubbingService
2022-10-08 01:41:49,461 [ForkJoinPool.commonPool-worker-0] INFO  utils.BackgroundService (BackgroundService.java:shutdown(141)) - Shutting down service BlockDeletingService
2022-10-08 01:41:49,464 [ForkJoinPool.commonPool-worker-0] INFO  utils.BackgroundService (BackgroundService.java:shutdown(141)) - Shutting down service StaleRecoveringContainerScrubbingService
2022-10-08 01:41:49,529 [ReplicationMonitor] ERROR scm.SCMCommonPlacementPolicy (SCMCommonPlacementPolicy.java:chooseDatanodesInternal(217)) - Not enough healthy nodes to allocate container. 2  datanodes required. Found 1
2022-10-08 01:41:49,529 [ReplicationMonitor] WARN  replication.LegacyReplicationManager (LegacyReplicationManager.java:handleUnderReplicatedContainer(1228)) - Exception while replicating container 1.
org.apache.hadoop.hdds.scm.exceptions.SCMException: Not enough healthy nodes to allocate container. 2  datanodes required. Found 1
	at org.apache.hadoop.hdds.scm.SCMCommonPlacementPolicy.chooseDatanodesInternal(SCMCommonPlacementPolicy.java:218)
	at org.apache.hadoop.hdds.scm.container.placement.algorithms.SCMContainerPlacementRandom.chooseDatanodesInternal(SCMContainerPlacementRandom.java:81)
	at org.apache.hadoop.hdds.scm.SCMCommonPlacementPolicy.chooseDatanodes(SCMCommonPlacementPolicy.java:175)
	at org.apache.hadoop.hdds.scm.SCMCommonPlacementPolicy.chooseDatanodes(SCMCommonPlacementPolicy.java:117)
	at org.apache.hadoop.hdds.scm.container.replication.LegacyReplicationManager.handleUnderReplicatedContainer(LegacyReplicationManager.java:1192)
	at org.apache.hadoop.hdds.scm.container.replication.LegacyReplicationManager.processContainer(LegacyReplicationManager.java:539)
	at org.apache.hadoop.hdds.scm.container.replication.ReplicationManager.processAll(ReplicationManager.java:306)
	at org.apache.hadoop.hdds.scm.container.replication.ReplicationManager.run(ReplicationManager.java:504)
	at java.lang.Thread.run(Thread.java:750)
2022-10-08 01:41:49,529 [ReplicationMonitor] INFO  replication.ReplicationManager (ReplicationManager.java:processAll(324)) - Replication Monitor Thread took 0 milliseconds for processing 1 containers.
2022-10-08 01:41:50,535 [ReplicationMonitor] ERROR scm.SCMCommonPlacementPolicy (SCMCommonPlacementPolicy.java:chooseDatanodesInternal(217)) - Not enough healthy nodes to allocate container. 2  datanodes required. Found 1
2022-10-08 01:41:50,535 [ReplicationMonitor] WARN  replication.LegacyReplicationManager (LegacyReplicationManager.java:handleUnderReplicatedContainer(1228)) - Exception while replicating container 1.
org.apache.hadoop.hdds.scm.exceptions.SCMException: Not enough healthy nodes to allocate container. 2  datanodes required. Found 1
	at org.apache.hadoop.hdds.scm.SCMCommonPlacementPolicy.chooseDatanodesInternal(SCMCommonPlacementPolicy.java:218)
	at org.apache.hadoop.hdds.scm.container.placement.algorithms.SCMContainerPlacementRandom.chooseDatanodesInternal(SCMContainerPlacementRandom.java:81)
	at org.apache.hadoop.hdds.scm.SCMCommonPlacementPolicy.chooseDatanodes(SCMCommonPlacementPolicy.java:175)
	at org.apache.hadoop.hdds.scm.SCMCommonPlacementPolicy.chooseDatanodes(SCMCommonPlacementPolicy.java:117)
	at org.apache.hadoop.hdds.scm.container.replication.LegacyReplicationManager.handleUnderReplicatedContainer(LegacyReplicationManager.java:1192)
	at org.apache.hadoop.hdds.scm.container.replication.LegacyReplicationManager.processContainer(LegacyReplicationManager.java:539)
	at org.apache.hadoop.hdds.scm.container.replication.ReplicationManager.processAll(ReplicationManager.java:306)
	at org.apache.hadoop.hdds.scm.container.replication.ReplicationManager.run(ReplicationManager.java:504)
	at java.lang.Thread.run(Thread.java:750)
2022-10-08 01:41:50,536 [ReplicationMonitor] INFO  replication.ReplicationManager (ReplicationManager.java:processAll(324)) - Replication Monitor Thread took 1 milliseconds for processing 1 containers.
2022-10-08 01:41:51,536 [ReplicationMonitor] ERROR scm.SCMCommonPlacementPolicy (SCMCommonPlacementPolicy.java:chooseDatanodesInternal(217)) - Not enough healthy nodes to allocate container. 2  datanodes required. Found 1
2022-10-08 01:41:51,536 [ReplicationMonitor] WARN  replication.LegacyReplicationManager (LegacyReplicationManager.java:handleUnderReplicatedContainer(1228)) - Exception while replicating container 1.
org.apache.hadoop.hdds.scm.exceptions.SCMException: Not enough healthy nodes to allocate container. 2  datanodes required. Found 1
	at org.apache.hadoop.hdds.scm.SCMCommonPlacementPolicy.chooseDatanodesInternal(SCMCommonPlacementPolicy.java:218)
	at org.apache.hadoop.hdds.scm.container.placement.algorithms.SCMContainerPlacementRandom.chooseDatanodesInternal(SCMContainerPlacementRandom.java:81)
	at org.apache.hadoop.hdds.scm.SCMCommonPlacementPolicy.chooseDatanodes(SCMCommonPlacementPolicy.java:175)
	at org.apache.hadoop.hdds.scm.SCMCommonPlacementPolicy.chooseDatanodes(SCMCommonPlacementPolicy.java:117)
	at org.apache.hadoop.hdds.scm.container.replication.LegacyReplicationManager.handleUnderReplicatedContainer(LegacyReplicationManager.java:1192)
	at org.apache.hadoop.hdds.scm.container.replication.LegacyReplicationManager.processContainer(LegacyReplicationManager.java:539)
	at org.apache.hadoop.hdds.scm.container.replication.ReplicationManager.processAll(ReplicationManager.java:306)
	at org.apache.hadoop.hdds.scm.container.replication.ReplicationManager.run(ReplicationManager.java:504)
	at java.lang.Thread.run(Thread.java:750)
2022-10-08 01:41:51,536 [ReplicationMonitor] INFO  replication.ReplicationManager (ReplicationManager.java:processAll(324)) - Replication Monitor Thread took 0 milliseconds for processing 1 containers.
2022-10-08 01:41:52,468 [Listener at 127.0.0.1/35929] INFO  statemachine.DatanodeStateMachine (DatanodeStateMachine.java:stopDaemon(580)) - Ozone container server stopped.
2022-10-08 01:41:52,492 [Listener at 127.0.0.1/35929] INFO  handler.ContextHandler (ContextHandler.java:doStop(1153)) - Stopped o.e.j.w.WebAppContext@5cfaea4c{hddsDatanode,/,null,STOPPED}{jar:file:/home/runner/.m2/repository/org/apache/ozone/hdds-container-service/1.3.0-SNAPSHOT/hdds-container-service-1.3.0-SNAPSHOT.jar!/webapps/hddsDatanode}
2022-10-08 01:41:52,493 [Listener at 127.0.0.1/35929] INFO  server.AbstractConnector (AbstractConnector.java:doStop(381)) - Stopped ServerConnector@5ed01d18{HTTP/1.1, (http/1.1)}{0.0.0.0:0}
2022-10-08 01:41:52,493 [Listener at 127.0.0.1/35929] INFO  server.session (HouseKeeper.java:stopScavenging(149)) - node0 Stopped scavenging
2022-10-08 01:41:52,496 [Listener at 127.0.0.1/35929] INFO  handler.ContextHandler (ContextHandler.java:doStop(1153)) - Stopped o.e.j.s.ServletContextHandler@6da0b9d3{static,/static,jar:file:/home/runner/.m2/repository/org/apache/ozone/hdds-container-service/1.3.0-SNAPSHOT/hdds-container-service-1.3.0-SNAPSHOT.jar!/webapps/static,STOPPED}
2022-10-08 01:41:52,496 [Listener at 127.0.0.1/35929] INFO  handler.ContextHandler (ContextHandler.java:doStop(1153)) - Stopped o.e.j.s.ServletContextHandler@2b66ccad{logs,/logs,file:///home/runner/work/ozone/ozone/hadoop-ozone/integration-test/target/log,STOPPED}
2022-10-08 01:41:52,516 [ForkJoinPool.commonPool-worker-0] INFO  statemachine.DatanodeStateMachine (DatanodeStateMachine.java:stopDaemon(580)) - Ozone container server stopped.
2022-10-08 01:41:52,537 [ReplicationMonitor] ERROR scm.SCMCommonPlacementPolicy (SCMCommonPlacementPolicy.java:chooseDatanodesInternal(217)) - Not enough healthy nodes to allocate container. 2  datanodes required. Found 1
2022-10-08 01:41:52,537 [ReplicationMonitor] WARN  replication.LegacyReplicationManager (LegacyReplicationManager.java:handleUnderReplicatedContainer(1228)) - Exception while replicating container 1.
org.apache.hadoop.hdds.scm.exceptions.SCMException: Not enough healthy nodes to allocate container. 2  datanodes required. Found 1
	at org.apache.hadoop.hdds.scm.SCMCommonPlacementPolicy.chooseDatanodesInternal(SCMCommonPlacementPolicy.java:218)
	at org.apache.hadoop.hdds.scm.container.placement.algorithms.SCMContainerPlacementRandom.chooseDatanodesInternal(SCMContainerPlacementRandom.java:81)
	at org.apache.hadoop.hdds.scm.SCMCommonPlacementPolicy.chooseDatanodes(SCMCommonPlacementPolicy.java:175)
	at org.apache.hadoop.hdds.scm.SCMCommonPlacementPolicy.chooseDatanodes(SCMCommonPlacementPolicy.java:117)
	at org.apache.hadoop.hdds.scm.container.replication.LegacyReplicationManager.handleUnderReplicatedContainer(LegacyReplicationManager.java:1192)
	at org.apache.hadoop.hdds.scm.container.replication.LegacyReplicationManager.processContainer(LegacyReplicationManager.java:539)
	at org.apache.hadoop.hdds.scm.container.replication.ReplicationManager.processAll(ReplicationManager.java:306)
	at org.apache.hadoop.hdds.scm.container.replication.ReplicationManager.run(ReplicationManager.java:504)
	at java.lang.Thread.run(Thread.java:750)
2022-10-08 01:41:52,537 [ReplicationMonitor] INFO  replication.ReplicationManager (ReplicationManager.java:processAll(324)) - Replication Monitor Thread took 0 milliseconds for processing 1 containers.
2022-10-08 01:41:52,592 [ForkJoinPool.commonPool-worker-0] INFO  handler.ContextHandler (ContextHandler.java:doStop(1153)) - Stopped o.e.j.w.WebAppContext@20038be5{hddsDatanode,/,null,STOPPED}{jar:file:/home/runner/.m2/repository/org/apache/ozone/hdds-container-service/1.3.0-SNAPSHOT/hdds-container-service-1.3.0-SNAPSHOT.jar!/webapps/hddsDatanode}
2022-10-08 01:41:52,592 [ForkJoinPool.commonPool-worker-0] INFO  server.AbstractConnector (AbstractConnector.java:doStop(381)) - Stopped ServerConnector@5ecbddde{HTTP/1.1, (http/1.1)}{0.0.0.0:0}
2022-10-08 01:41:52,593 [ForkJoinPool.commonPool-worker-0] INFO  server.session (HouseKeeper.java:stopScavenging(149)) - node0 Stopped scavenging
2022-10-08 01:41:52,597 [ForkJoinPool.commonPool-worker-0] INFO  handler.ContextHandler (ContextHandler.java:doStop(1153)) - Stopped o.e.j.s.ServletContextHandler@670234c{static,/static,jar:file:/home/runner/.m2/repository/org/apache/ozone/hdds-container-service/1.3.0-SNAPSHOT/hdds-container-service-1.3.0-SNAPSHOT.jar!/webapps/static,STOPPED}
2022-10-08 01:41:52,597 [ForkJoinPool.commonPool-worker-0] INFO  handler.ContextHandler (ContextHandler.java:doStop(1153)) - Stopped o.e.j.s.ServletContextHandler@2d52bfe{logs,/logs,file:///home/runner/work/ozone/ozone/hadoop-ozone/integration-test/target/log,STOPPED}
2022-10-08 01:41:53,538 [ReplicationMonitor] ERROR scm.SCMCommonPlacementPolicy (SCMCommonPlacementPolicy.java:chooseDatanodesInternal(217)) - Not enough healthy nodes to allocate container. 2  datanodes required. Found 1
2022-10-08 01:41:53,538 [ReplicationMonitor] WARN  replication.LegacyReplicationManager (LegacyReplicationManager.java:handleUnderReplicatedContainer(1228)) - Exception while replicating container 1.
org.apache.hadoop.hdds.scm.exceptions.SCMException: Not enough healthy nodes to allocate container. 2  datanodes required. Found 1
	at org.apache.hadoop.hdds.scm.SCMCommonPlacementPolicy.chooseDatanodesInternal(SCMCommonPlacementPolicy.java:218)
	at org.apache.hadoop.hdds.scm.container.placement.algorithms.SCMContainerPlacementRandom.chooseDatanodesInternal(SCMContainerPlacementRandom.java:81)
	at org.apache.hadoop.hdds.scm.SCMCommonPlacementPolicy.chooseDatanodes(SCMCommonPlacementPolicy.java:175)
	at org.apache.hadoop.hdds.scm.SCMCommonPlacementPolicy.chooseDatanodes(SCMCommonPlacementPolicy.java:117)
	at org.apache.hadoop.hdds.scm.container.replication.LegacyReplicationManager.handleUnderReplicatedContainer(LegacyReplicationManager.java:1192)
	at org.apache.hadoop.hdds.scm.container.replication.LegacyReplicationManager.processContainer(LegacyReplicationManager.java:539)
	at org.apache.hadoop.hdds.scm.container.replication.ReplicationManager.processAll(ReplicationManager.java:306)
	at org.apache.hadoop.hdds.scm.container.replication.ReplicationManager.run(ReplicationManager.java:504)
	at java.lang.Thread.run(Thread.java:750)
2022-10-08 01:41:53,538 [ReplicationMonitor] INFO  replication.ReplicationManager (ReplicationManager.java:processAll(324)) - Replication Monitor Thread took 1 milliseconds for processing 1 containers.
2022-10-08 01:41:54,539 [ReplicationMonitor] ERROR scm.SCMCommonPlacementPolicy (SCMCommonPlacementPolicy.java:chooseDatanodesInternal(217)) - Not enough healthy nodes to allocate container. 2  datanodes required. Found 1
2022-10-08 01:41:54,539 [ReplicationMonitor] WARN  replication.LegacyReplicationManager (LegacyReplicationManager.java:handleUnderReplicatedContainer(1228)) - Exception while replicating container 1.
org.apache.hadoop.hdds.scm.exceptions.SCMException: Not enough healthy nodes to allocate container. 2  datanodes required. Found 1
	at org.apache.hadoop.hdds.scm.SCMCommonPlacementPolicy.chooseDatanodesInternal(SCMCommonPlacementPolicy.java:218)
	at org.apache.hadoop.hdds.scm.container.placement.algorithms.SCMContainerPlacementRandom.chooseDatanodesInternal(SCMContainerPlacementRandom.java:81)
	at org.apache.hadoop.hdds.scm.SCMCommonPlacementPolicy.chooseDatanodes(SCMCommonPlacementPolicy.java:175)
	at org.apache.hadoop.hdds.scm.SCMCommonPlacementPolicy.chooseDatanodes(SCMCommonPlacementPolicy.java:117)
	at org.apache.hadoop.hdds.scm.container.replication.LegacyReplicationManager.handleUnderReplicatedContainer(LegacyReplicationManager.java:1192)
	at org.apache.hadoop.hdds.scm.container.replication.LegacyReplicationManager.processContainer(LegacyReplicationManager.java:539)
	at org.apache.hadoop.hdds.scm.container.replication.ReplicationManager.processAll(ReplicationManager.java:306)
	at org.apache.hadoop.hdds.scm.container.replication.ReplicationManager.run(ReplicationManager.java:504)
	at java.lang.Thread.run(Thread.java:750)
2022-10-08 01:41:54,539 [ReplicationMonitor] INFO  replication.ReplicationManager (ReplicationManager.java:processAll(324)) - Replication Monitor Thread took 0 milliseconds for processing 1 containers.
2022-10-08 01:41:54,820 [EventQueue-StaleNodeForStaleNodeHandler] INFO  node.StaleNodeHandler (StaleNodeHandler.java:onMessage(59)) - Datanode d592f677-c006-4ca2-903a-3aa8418ae6b1{ip: 10.1.0.61, host: fv-az180-867.g3pwtgv4ffyuhaixmbmm0kyh3d.gx.internal.cloudapp.net, ports: [REPLICATION=36781, RATIS=37705, RATIS_ADMIN=37705, RATIS_SERVER=37705, STANDALONE=36785], networkLocation: /default-rack, certSerialId: null, persistedOpState: IN_SERVICE, persistedOpStateExpiryEpochSec: 0} moved to stale state. Finalizing its pipelines [PipelineID=6b98471a-ac34-4e9d-b10a-7e015db4a503]
2022-10-08 01:41:54,820 [EventQueue-StaleNodeForStaleNodeHandler] INFO  pipeline.PipelineManagerImpl (PipelineManagerImpl.java:closePipeline(442)) - Pipeline Pipeline[ Id: 6b98471a-ac34-4e9d-b10a-7e015db4a503, Nodes: d592f677-c006-4ca2-903a-3aa8418ae6b1{ip: 10.1.0.61, host: fv-az180-867.g3pwtgv4ffyuhaixmbmm0kyh3d.gx.internal.cloudapp.net, ports: [REPLICATION=36781, RATIS=37705, RATIS_ADMIN=37705, RATIS_SERVER=37705, STANDALONE=36785], networkLocation: /default-rack, certSerialId: null, persistedOpState: IN_SERVICE, persistedOpStateExpiryEpochSec: 0}, ReplicationConfig: RATIS/ONE, State:OPEN, leaderId:d592f677-c006-4ca2-903a-3aa8418ae6b1, CreationTimestamp2022-10-08T01:41:23.128Z[Etc/UTC]] moved to CLOSED state
2022-10-08 01:41:54,924 [EventQueue-StaleNodeForStaleNodeHandler] INFO  node.StaleNodeHandler (StaleNodeHandler.java:onMessage(59)) - Datanode be283514-8952-4898-8cdc-39ab4c54d87f{ip: 10.1.0.61, host: fv-az180-867.g3pwtgv4ffyuhaixmbmm0kyh3d.gx.internal.cloudapp.net, ports: [REPLICATION=35901, RATIS=33103, RATIS_ADMIN=33103, RATIS_SERVER=33103, STANDALONE=41293], networkLocation: /default-rack, certSerialId: null, persistedOpState: IN_SERVICE, persistedOpStateExpiryEpochSec: 0} moved to stale state. Finalizing its pipelines [PipelineID=a2d9f0b3-080c-463e-ad44-850f3197c2f6]
2022-10-08 01:41:54,924 [EventQueue-StaleNodeForStaleNodeHandler] INFO  pipeline.PipelineManagerImpl (PipelineManagerImpl.java:closePipeline(442)) - Pipeline Pipeline[ Id: a2d9f0b3-080c-463e-ad44-850f3197c2f6, Nodes: be283514-8952-4898-8cdc-39ab4c54d87f{ip: 10.1.0.61, host: fv-az180-867.g3pwtgv4ffyuhaixmbmm0kyh3d.gx.internal.cloudapp.net, ports: [REPLICATION=35901, RATIS=33103, RATIS_ADMIN=33103, RATIS_SERVER=33103, STANDALONE=41293], networkLocation: /default-rack, certSerialId: null, persistedOpState: IN_SERVICE, persistedOpStateExpiryEpochSec: 0}, ReplicationConfig: RATIS/ONE, State:OPEN, leaderId:be283514-8952-4898-8cdc-39ab4c54d87f, CreationTimestamp2022-10-08T01:41:20.817Z[Etc/UTC]] moved to CLOSED state
2022-10-08 01:41:55,539 [ReplicationMonitor] WARN  replication.LegacyReplicationManager (LegacyReplicationManager.java:handleUnderReplicatedContainer(1224)) - Cannot replicate container #1, no healthy replica found.
2022-10-08 01:41:55,540 [ReplicationMonitor] INFO  replication.ReplicationManager (ReplicationManager.java:processAll(324)) - Replication Monitor Thread took 1 milliseconds for processing 1 containers.
2022-10-08 01:41:56,540 [ReplicationMonitor] WARN  replication.LegacyReplicationManager (LegacyReplicationManager.java:handleUnderReplicatedContainer(1224)) - Cannot replicate container #1, no healthy replica found.
2022-10-08 01:41:56,540 [ReplicationMonitor] INFO  replication.ReplicationManager (ReplicationManager.java:processAll(324)) - Replication Monitor Thread took 0 milliseconds for processing 1 containers.
2022-10-08 01:41:57,514 [Listener at 127.0.0.1/35929] INFO  ozoneimpl.OzoneContainer (OzoneContainer.java:stop(400)) - Attempting to stop container services.
2022-10-08 01:41:57,516 [Listener at 127.0.0.1/35929] INFO  server.RaftServer (RaftServerProxy.java:lambda$close$7(398)) - d592f677-c006-4ca2-903a-3aa8418ae6b1: close
2022-10-08 01:41:57,516 [Listener at 127.0.0.1/35929] INFO  server.RaftServer$Division (RaftServerImpl.java:lambda$close$4(434)) - d592f677-c006-4ca2-903a-3aa8418ae6b1@group-7E015DB4A503: shutdown
2022-10-08 01:41:57,516 [Listener at 127.0.0.1/35929] INFO  util.JmxRegister (JmxRegister.java:unregister(73)) - Successfully un-registered JMX Bean with object name Ratis:service=RaftServer,group=group-7E015DB4A503,id=d592f677-c006-4ca2-903a-3aa8418ae6b1
2022-10-08 01:41:57,516 [Listener at 127.0.0.1/35929] INFO  impl.RoleInfo (RoleInfo.java:shutdownLeaderState(93)) - d592f677-c006-4ca2-903a-3aa8418ae6b1: shutdown d592f677-c006-4ca2-903a-3aa8418ae6b1@group-7E015DB4A503-LeaderStateImpl
2022-10-08 01:41:57,517 [Listener at 127.0.0.1/35929] INFO  impl.PendingRequests (PendingRequests.java:sendNotLeaderResponses(282)) - d592f677-c006-4ca2-903a-3aa8418ae6b1@group-7E015DB4A503-PendingRequests: sendNotLeaderResponses
2022-10-08 01:41:57,518 [d592f677-c006-4ca2-903a-3aa8418ae6b1@group-7E015DB4A503-StateMachineUpdater] INFO  ratis.ContainerStateMachine (ContainerStateMachine.java:takeSnapshot(304)) - group-7E015DB4A503: Taking a snapshot at:(t:1, i:0) file /home/runner/work/ozone/ozone/hadoop-ozone/integration-test/target/test-dir/MiniOzoneClusterImpl-bdb582a0-2e2b-403c-a8c7-17c71ed5f666/datanode-4/data/ratis/6b98471a-ac34-4e9d-b10a-7e015db4a503/sm/snapshot.1_0
2022-10-08 01:41:57,518 [Listener at 127.0.0.1/35929] INFO  impl.StateMachineUpdater (StateMachineUpdater.java:stopAndJoin(153)) - d592f677-c006-4ca2-903a-3aa8418ae6b1@group-7E015DB4A503-StateMachineUpdater: set stopIndex = 0
2022-10-08 01:41:57,526 [d592f677-c006-4ca2-903a-3aa8418ae6b1@group-7E015DB4A503-StateMachineUpdater] INFO  ratis.ContainerStateMachine (ContainerStateMachine.java:takeSnapshot(315)) - group-7E015DB4A503: Finished taking a snapshot at:(t:1, i:0) file:/home/runner/work/ozone/ozone/hadoop-ozone/integration-test/target/test-dir/MiniOzoneClusterImpl-bdb582a0-2e2b-403c-a8c7-17c71ed5f666/datanode-4/data/ratis/6b98471a-ac34-4e9d-b10a-7e015db4a503/sm/snapshot.1_0 took: 9 ms
2022-10-08 01:41:57,527 [d592f677-c006-4ca2-903a-3aa8418ae6b1@group-7E015DB4A503-StateMachineUpdater] INFO  impl.StateMachineUpdater (StateMachineUpdater.java:takeSnapshot(287)) - d592f677-c006-4ca2-903a-3aa8418ae6b1@group-7E015DB4A503-StateMachineUpdater: Took a snapshot at index 0
2022-10-08 01:41:57,527 [d592f677-c006-4ca2-903a-3aa8418ae6b1@group-7E015DB4A503-StateMachineUpdater] INFO  impl.StateMachineUpdater (StateMachineUpdater.java:lambda$new$0(92)) - d592f677-c006-4ca2-903a-3aa8418ae6b1@group-7E015DB4A503-StateMachineUpdater: snapshotIndex: updateIncreasingly -1 -> 0
2022-10-08 01:41:57,532 [Listener at 127.0.0.1/35929] INFO  server.RaftServer$Division (ServerState.java:close(429)) - d592f677-c006-4ca2-903a-3aa8418ae6b1@group-7E015DB4A503: closes. applyIndex: 0
2022-10-08 01:41:57,532 [d592f677-c006-4ca2-903a-3aa8418ae6b1@group-7E015DB4A503-SegmentedRaftLogWorker] INFO  segmented.SegmentedRaftLogWorker (SegmentedRaftLogWorker.java:run(336)) - d592f677-c006-4ca2-903a-3aa8418ae6b1@group-7E015DB4A503-SegmentedRaftLogWorker was interrupted, exiting. There are 0 tasks remaining in the queue.
2022-10-08 01:41:57,532 [Listener at 127.0.0.1/35929] INFO  segmented.SegmentedRaftLogWorker (SegmentedRaftLogWorker.java:close(246)) - d592f677-c006-4ca2-903a-3aa8418ae6b1@group-7E015DB4A503-SegmentedRaftLogWorker close()
2022-10-08 01:41:57,532 [Listener at 127.0.0.1/35929] INFO  server.GrpcService (GrpcService.java:closeImpl(269)) - d592f677-c006-4ca2-903a-3aa8418ae6b1: shutdown server with port 37705 now
2022-10-08 01:41:57,533 [Listener at 127.0.0.1/35929] INFO  server.GrpcService (GrpcService.java:closeImpl(278)) - d592f677-c006-4ca2-903a-3aa8418ae6b1: shutdown server with port 37705 successfully
2022-10-08 01:41:57,534 [org.apache.ratis.util.JvmPauseMonitor$$Lambda$636/846962177@21f29791] INFO  util.JvmPauseMonitor (JvmPauseMonitor.java:run(109)) - JvmPauseMonitor-d592f677-c006-4ca2-903a-3aa8418ae6b1: Stopped
2022-10-08 01:41:57,540 [ReplicationMonitor] WARN  replication.LegacyReplicationManager (LegacyReplicationManager.java:handleUnderReplicatedContainer(1224)) - Cannot replicate container #1, no healthy replica found.
2022-10-08 01:41:57,540 [ReplicationMonitor] INFO  replication.ReplicationManager (ReplicationManager.java:processAll(324)) - Replication Monitor Thread took 0 milliseconds for processing 1 containers.
2022-10-08 01:41:57,628 [ForkJoinPool.commonPool-worker-0] INFO  ozoneimpl.OzoneContainer (OzoneContainer.java:stop(400)) - Attempting to stop container services.
2022-10-08 01:41:57,629 [ForkJoinPool.commonPool-worker-0] INFO  server.RaftServer (RaftServerProxy.java:lambda$close$7(398)) - be283514-8952-4898-8cdc-39ab4c54d87f: close
2022-10-08 01:41:57,629 [ForkJoinPool.commonPool-worker-0] INFO  server.RaftServer$Division (RaftServerImpl.java:lambda$close$4(434)) - be283514-8952-4898-8cdc-39ab4c54d87f@group-850F3197C2F6: shutdown
2022-10-08 01:41:57,629 [ForkJoinPool.commonPool-worker-0] INFO  util.JmxRegister (JmxRegister.java:unregister(73)) - Successfully un-registered JMX Bean with object name Ratis:service=RaftServer,group=group-850F3197C2F6,id=be283514-8952-4898-8cdc-39ab4c54d87f
2022-10-08 01:41:57,629 [ForkJoinPool.commonPool-worker-0] INFO  impl.RoleInfo (RoleInfo.java:shutdownLeaderState(93)) - be283514-8952-4898-8cdc-39ab4c54d87f: shutdown be283514-8952-4898-8cdc-39ab4c54d87f@group-850F3197C2F6-LeaderStateImpl
2022-10-08 01:41:57,629 [ForkJoinPool.commonPool-worker-0] INFO  impl.PendingRequests (PendingRequests.java:sendNotLeaderResponses(282)) - be283514-8952-4898-8cdc-39ab4c54d87f@group-850F3197C2F6-PendingRequests: sendNotLeaderResponses
2022-10-08 01:41:57,630 [ForkJoinPool.commonPool-worker-0] INFO  impl.StateMachineUpdater (StateMachineUpdater.java:stopAndJoin(153)) - be283514-8952-4898-8cdc-39ab4c54d87f@group-850F3197C2F6-StateMachineUpdater: set stopIndex = 0
2022-10-08 01:41:57,631 [be283514-8952-4898-8cdc-39ab4c54d87f@group-850F3197C2F6-StateMachineUpdater] INFO  ratis.ContainerStateMachine (ContainerStateMachine.java:takeSnapshot(304)) - group-850F3197C2F6: Taking a snapshot at:(t:1, i:0) file /home/runner/work/ozone/ozone/hadoop-ozone/integration-test/target/test-dir/MiniOzoneClusterImpl-bdb582a0-2e2b-403c-a8c7-17c71ed5f666/datanode-3/data/ratis/a2d9f0b3-080c-463e-ad44-850f3197c2f6/sm/snapshot.1_0
2022-10-08 01:41:57,641 [be283514-8952-4898-8cdc-39ab4c54d87f@group-850F3197C2F6-StateMachineUpdater] INFO  ratis.ContainerStateMachine (ContainerStateMachine.java:takeSnapshot(315)) - group-850F3197C2F6: Finished taking a snapshot at:(t:1, i:0) file:/home/runner/work/ozone/ozone/hadoop-ozone/integration-test/target/test-dir/MiniOzoneClusterImpl-bdb582a0-2e2b-403c-a8c7-17c71ed5f666/datanode-3/data/ratis/a2d9f0b3-080c-463e-ad44-850f3197c2f6/sm/snapshot.1_0 took: 10 ms
2022-10-08 01:41:57,641 [be283514-8952-4898-8cdc-39ab4c54d87f@group-850F3197C2F6-StateMachineUpdater] INFO  impl.StateMachineUpdater (StateMachineUpdater.java:takeSnapshot(287)) - be283514-8952-4898-8cdc-39ab4c54d87f@group-850F3197C2F6-StateMachineUpdater: Took a snapshot at index 0
2022-10-08 01:41:57,641 [be283514-8952-4898-8cdc-39ab4c54d87f@group-850F3197C2F6-StateMachineUpdater] INFO  impl.StateMachineUpdater (StateMachineUpdater.java:lambda$new$0(92)) - be283514-8952-4898-8cdc-39ab4c54d87f@group-850F3197C2F6-StateMachineUpdater: snapshotIndex: updateIncreasingly -1 -> 0
2022-10-08 01:41:57,642 [ForkJoinPool.commonPool-worker-0] INFO  server.RaftServer$Division (ServerState.java:close(429)) - be283514-8952-4898-8cdc-39ab4c54d87f@group-850F3197C2F6: closes. applyIndex: 0
2022-10-08 01:41:57,642 [be283514-8952-4898-8cdc-39ab4c54d87f@group-850F3197C2F6-SegmentedRaftLogWorker] INFO  segmented.SegmentedRaftLogWorker (SegmentedRaftLogWorker.java:run(336)) - be283514-8952-4898-8cdc-39ab4c54d87f@group-850F3197C2F6-SegmentedRaftLogWorker was interrupted, exiting. There are 0 tasks remaining in the queue.
2022-10-08 01:41:57,642 [ForkJoinPool.commonPool-worker-0] INFO  segmented.SegmentedRaftLogWorker (SegmentedRaftLogWorker.java:close(246)) - be283514-8952-4898-8cdc-39ab4c54d87f@group-850F3197C2F6-SegmentedRaftLogWorker close()
2022-10-08 01:41:57,642 [ForkJoinPool.commonPool-worker-0] INFO  server.GrpcService (GrpcService.java:closeImpl(269)) - be283514-8952-4898-8cdc-39ab4c54d87f: shutdown server with port 33103 now
2022-10-08 01:41:57,642 [ForkJoinPool.commonPool-worker-0] INFO  server.GrpcService (GrpcService.java:closeImpl(278)) - be283514-8952-4898-8cdc-39ab4c54d87f: shutdown server with port 33103 successfully
2022-10-08 01:41:57,713 [org.apache.ratis.util.JvmPauseMonitor$$Lambda$636/846962177@7bbac24f] INFO  util.JvmPauseMonitor (JvmPauseMonitor.java:run(109)) - JvmPauseMonitor-be283514-8952-4898-8cdc-39ab4c54d87f: Stopped
2022-10-08 01:41:57,845 [EventQueue-DeadNodeForDeadNodeHandler] INFO  node.DeadNodeHandler (DeadNodeHandler.java:onMessage(81)) - A dead datanode is detected. d592f677-c006-4ca2-903a-3aa8418ae6b1{ip: 10.1.0.61, host: fv-az180-867.g3pwtgv4ffyuhaixmbmm0kyh3d.gx.internal.cloudapp.net, ports: [REPLICATION=36781, RATIS=37705, RATIS_ADMIN=37705, RATIS_SERVER=37705, STANDALONE=36785], networkLocation: /default-rack, certSerialId: null, persistedOpState: IN_SERVICE, persistedOpStateExpiryEpochSec: 0}
2022-10-08 01:41:57,845 [EventQueue-DeadNodeForDeadNodeHandler] INFO  pipeline.RatisPipelineProvider (RatisPipelineProvider.java:lambda$close$1(244)) - Send pipeline:PipelineID=6b98471a-ac34-4e9d-b10a-7e015db4a503 close command to datanode d592f677-c006-4ca2-903a-3aa8418ae6b1
2022-10-08 01:41:57,845 [EventQueue-DeadNodeForDeadNodeHandler] INFO  pipeline.PipelineStateManagerImpl (PipelineStateManagerImpl.java:removePipeline(245)) - Pipeline Pipeline[ Id: 6b98471a-ac34-4e9d-b10a-7e015db4a503, Nodes: d592f677-c006-4ca2-903a-3aa8418ae6b1{ip: 10.1.0.61, host: fv-az180-867.g3pwtgv4ffyuhaixmbmm0kyh3d.gx.internal.cloudapp.net, ports: [REPLICATION=36781, RATIS=37705, RATIS_ADMIN=37705, RATIS_SERVER=37705, STANDALONE=36785], networkLocation: /default-rack, certSerialId: null, persistedOpState: IN_SERVICE, persistedOpStateExpiryEpochSec: 0}, ReplicationConfig: RATIS/ONE, State:CLOSED, leaderId:d592f677-c006-4ca2-903a-3aa8418ae6b1, CreationTimestamp2022-10-08T01:41:23.128Z[Etc/UTC]] removed.
2022-10-08 01:41:57,845 [EventQueue-DeadNodeForDeadNodeHandler] INFO  net.NetworkTopologyImpl (NetworkTopologyImpl.java:remove(190)) - Removed a node: /default-rack/d592f677-c006-4ca2-903a-3aa8418ae6b1
2022-10-08 01:41:57,956 [EventQueue-DeadNodeForDeadNodeHandler] INFO  node.DeadNodeHandler (DeadNodeHandler.java:onMessage(81)) - A dead datanode is detected. be283514-8952-4898-8cdc-39ab4c54d87f{ip: 10.1.0.61, host: fv-az180-867.g3pwtgv4ffyuhaixmbmm0kyh3d.gx.internal.cloudapp.net, ports: [REPLICATION=35901, RATIS=33103, RATIS_ADMIN=33103, RATIS_SERVER=33103, STANDALONE=41293], networkLocation: /default-rack, certSerialId: null, persistedOpState: IN_SERVICE, persistedOpStateExpiryEpochSec: 0}
2022-10-08 01:41:57,956 [EventQueue-DeadNodeForDeadNodeHandler] INFO  pipeline.RatisPipelineProvider (RatisPipelineProvider.java:lambda$close$1(244)) - Send pipeline:PipelineID=a2d9f0b3-080c-463e-ad44-850f3197c2f6 close command to datanode be283514-8952-4898-8cdc-39ab4c54d87f
2022-10-08 01:41:57,956 [EventQueue-DeadNodeForDeadNodeHandler] INFO  pipeline.PipelineStateManagerImpl (PipelineStateManagerImpl.java:removePipeline(245)) - Pipeline Pipeline[ Id: a2d9f0b3-080c-463e-ad44-850f3197c2f6, Nodes: be283514-8952-4898-8cdc-39ab4c54d87f{ip: 10.1.0.61, host: fv-az180-867.g3pwtgv4ffyuhaixmbmm0kyh3d.gx.internal.cloudapp.net, ports: [REPLICATION=35901, RATIS=33103, RATIS_ADMIN=33103, RATIS_SERVER=33103, STANDALONE=41293], networkLocation: /default-rack, certSerialId: null, persistedOpState: IN_SERVICE, persistedOpStateExpiryEpochSec: 0}, ReplicationConfig: RATIS/ONE, State:CLOSED, leaderId:be283514-8952-4898-8cdc-39ab4c54d87f, CreationTimestamp2022-10-08T01:41:20.817Z[Etc/UTC]] removed.
2022-10-08 01:41:57,956 [EventQueue-DeadNodeForDeadNodeHandler] INFO  net.NetworkTopologyImpl (NetworkTopologyImpl.java:remove(190)) - Removed a node: /default-rack/be283514-8952-4898-8cdc-39ab4c54d87f
2022-10-08 01:41:58,540 [ReplicationMonitor] WARN  replication.LegacyReplicationManager (LegacyReplicationManager.java:handleUnderReplicatedContainer(1224)) - Cannot replicate container #1, no healthy replica found.
2022-10-08 01:41:58,541 [ReplicationMonitor] INFO  replication.ReplicationManager (ReplicationManager.java:processAll(324)) - Replication Monitor Thread took 1 milliseconds for processing 1 containers.
2022-10-08 01:41:59,544 [ReplicationMonitor] WARN  replication.LegacyReplicationManager (LegacyReplicationManager.java:handleUnderReplicatedContainer(1224)) - Cannot replicate container #1, no healthy replica found.
2022-10-08 01:41:59,544 [ReplicationMonitor] INFO  replication.ReplicationManager (ReplicationManager.java:processAll(324)) - Replication Monitor Thread took 0 milliseconds for processing 1 containers.
2022-10-08 01:41:59,748 [Listener at 127.0.0.1/35929] INFO  utils.BackgroundService (BackgroundService.java:shutdown(141)) - Shutting down service BlockDeletingService
2022-10-08 01:41:59,820 [Listener at 127.0.0.1/35929] INFO  utils.BackgroundService (BackgroundService.java:shutdown(141)) - Shutting down service StaleRecoveringContainerScrubbingService
2022-10-08 01:41:59,913 [ForkJoinPool.commonPool-worker-0] INFO  utils.BackgroundService (BackgroundService.java:shutdown(141)) - Shutting down service BlockDeletingService
2022-10-08 01:41:59,916 [ForkJoinPool.commonPool-worker-0] INFO  utils.BackgroundService (BackgroundService.java:shutdown(141)) - Shutting down service StaleRecoveringContainerScrubbingService
2022-10-08 01:42:00,552 [ReplicationMonitor] WARN  replication.LegacyReplicationManager (LegacyReplicationManager.java:handleUnderReplicatedContainer(1224)) - Cannot replicate container #1, no healthy replica found.
2022-10-08 01:42:00,552 [ReplicationMonitor] INFO  replication.ReplicationManager (ReplicationManager.java:processAll(324)) - Replication Monitor Thread took 0 milliseconds for processing 1 containers.
2022-10-08 01:42:01,552 [ReplicationMonitor] WARN  replication.LegacyReplicationManager (LegacyReplicationManager.java:handleUnderReplicatedContainer(1224)) - Cannot replicate container #1, no healthy replica found.
2022-10-08 01:42:01,552 [ReplicationMonitor] INFO  replication.ReplicationManager (ReplicationManager.java:processAll(324)) - Replication Monitor Thread took 0 milliseconds for processing 1 containers.
2022-10-08 01:42:02,552 [Under Replicated Processor] INFO  replication.UnderReplicatedProcessor (UnderReplicatedProcessor.java:processAll(92)) - Processed 0 under replicated containers, failed processing 0
2022-10-08 01:42:02,553 [ReplicationMonitor] WARN  replication.LegacyReplicationManager (LegacyReplicationManager.java:handleUnderReplicatedContainer(1224)) - Cannot replicate container #1, no healthy replica found.
2022-10-08 01:42:02,553 [ReplicationMonitor] INFO  replication.ReplicationManager (ReplicationManager.java:processAll(324)) - Replication Monitor Thread took 0 milliseconds for processing 1 containers.
2022-10-08 01:42:02,576 [Over Replicated Processor] INFO  replication.OverReplicatedProcessor (OverReplicatedProcessor.java:processAll(90)) - Processed 0 over replicated containers, failed processing 0
2022-10-08 01:42:02,828 [Listener at 127.0.0.1/35929] INFO  statemachine.DatanodeStateMachine (DatanodeStateMachine.java:stopDaemon(580)) - Ozone container server stopped.
2022-10-08 01:42:02,839 [Listener at 127.0.0.1/35929] INFO  handler.ContextHandler (ContextHandler.java:doStop(1153)) - Stopped o.e.j.w.WebAppContext@4af1d43d{hddsDatanode,/,null,STOPPED}{jar:file:/home/runner/.m2/repository/org/apache/ozone/hdds-container-service/1.3.0-SNAPSHOT/hdds-container-service-1.3.0-SNAPSHOT.jar!/webapps/hddsDatanode}
2022-10-08 01:42:02,844 [Listener at 127.0.0.1/35929] INFO  server.AbstractConnector (AbstractConnector.java:doStop(381)) - Stopped ServerConnector@29e2ade1{HTTP/1.1, (http/1.1)}{0.0.0.0:0}
2022-10-08 01:42:02,844 [Listener at 127.0.0.1/35929] INFO  server.session (HouseKeeper.java:stopScavenging(149)) - node0 Stopped scavenging
2022-10-08 01:42:02,844 [Listener at 127.0.0.1/35929] INFO  handler.ContextHandler (ContextHandler.java:doStop(1153)) - Stopped o.e.j.s.ServletContextHandler@336d9395{static,/static,jar:file:/home/runner/.m2/repository/org/apache/ozone/hdds-container-service/1.3.0-SNAPSHOT/hdds-container-service-1.3.0-SNAPSHOT.jar!/webapps/static,STOPPED}
2022-10-08 01:42:02,845 [Listener at 127.0.0.1/35929] INFO  handler.ContextHandler (ContextHandler.java:doStop(1153)) - Stopped o.e.j.s.ServletContextHandler@6bf133f{logs,/logs,file:///home/runner/work/ozone/ozone/hadoop-ozone/integration-test/target/log,STOPPED}
2022-10-08 01:42:02,980 [ForkJoinPool.commonPool-worker-0] INFO  statemachine.DatanodeStateMachine (DatanodeStateMachine.java:stopDaemon(580)) - Ozone container server stopped.
2022-10-08 01:42:03,048 [ForkJoinPool.commonPool-worker-0] INFO  handler.ContextHandler (ContextHandler.java:doStop(1153)) - Stopped o.e.j.w.WebAppContext@d06608{hddsDatanode,/,null,STOPPED}{jar:file:/home/runner/.m2/repository/org/apache/ozone/hdds-container-service/1.3.0-SNAPSHOT/hdds-container-service-1.3.0-SNAPSHOT.jar!/webapps/hddsDatanode}
2022-10-08 01:42:03,049 [ForkJoinPool.commonPool-worker-0] INFO  server.AbstractConnector (AbstractConnector.java:doStop(381)) - Stopped ServerConnector@2ecf4b4c{HTTP/1.1, (http/1.1)}{0.0.0.0:0}
2022-10-08 01:42:03,049 [ForkJoinPool.commonPool-worker-0] INFO  server.session (HouseKeeper.java:stopScavenging(149)) - node0 Stopped scavenging
2022-10-08 01:42:03,050 [ForkJoinPool.commonPool-worker-0] INFO  handler.ContextHandler (ContextHandler.java:doStop(1153)) - Stopped o.e.j.s.ServletContextHandler@1defc66e{static,/static,jar:file:/home/runner/.m2/repository/org/apache/ozone/hdds-container-service/1.3.0-SNAPSHOT/hdds-container-service-1.3.0-SNAPSHOT.jar!/webapps/static,STOPPED}
2022-10-08 01:42:03,050 [ForkJoinPool.commonPool-worker-0] INFO  handler.ContextHandler (ContextHandler.java:doStop(1153)) - Stopped o.e.j.s.ServletContextHandler@8057a75{logs,/logs,file:///home/runner/work/ozone/ozone/hadoop-ozone/integration-test/target/log,STOPPED}
2022-10-08 01:42:03,064 [Listener at 127.0.0.1/35929] INFO  ozone.MiniOzoneClusterImpl (MiniOzoneClusterImpl.java:stopSCM(537)) - Stopping the StorageContainerManager
2022-10-08 01:42:03,064 [Listener at 127.0.0.1/35929] INFO  server.StorageContainerManager (StorageContainerManager.java:stop(1528)) - Container Balancer is not running.
2022-10-08 01:42:03,064 [Listener at 127.0.0.1/35929] INFO  server.StorageContainerManager (StorageContainerManager.java:stop(1535)) - Stopping Replication Manager Service.
2022-10-08 01:42:03,064 [Listener at 127.0.0.1/35929] INFO  replication.ReplicationManager (ReplicationManager.java:stop(257)) - Stopping Replication Monitor Thread.
2022-10-08 01:42:03,064 [Listener at 127.0.0.1/35929] INFO  server.StorageContainerManager (StorageContainerManager.java:stop(1542)) - Stopping the Datanode Admin Monitor.
2022-10-08 01:42:03,065 [Listener at 127.0.0.1/35929] INFO  server.StorageContainerManager (StorageContainerManager.java:stop(1549)) - Stopping Lease Manager of the command watchers
2022-10-08 01:42:03,065 [Listener at 127.0.0.1/35929] INFO  server.StorageContainerManager (StorageContainerManager.java:stop(1556)) - Stopping datanode service RPC server
2022-10-08 01:42:03,065 [Listener at 127.0.0.1/35929] INFO  server.SCMDatanodeProtocolServer (SCMDatanodeProtocolServer.java:stop(414)) - Stopping the RPC server for DataNodes
2022-10-08 01:42:03,065 [Listener at 127.0.0.1/35929] INFO  ipc.Server (Server.java:stop(3414)) - Stopping server on 41995
2022-10-08 01:42:03,065 [Under Replicated Processor] WARN  replication.UnderReplicatedProcessor (UnderReplicatedProcessor.java:run(148)) - Under Replicated Processor interrupted. Exiting...
2022-10-08 01:42:03,065 [IPC Server listener on 0] INFO  ipc.Server (Server.java:run(1376)) - Stopping IPC Server listener on 0
2022-10-08 01:42:03,066 [Over Replicated Processor] WARN  replication.OverReplicatedProcessor (OverReplicatedProcessor.java:run(137)) - Over Replicated Processor interrupted. Exiting...
2022-10-08 01:42:03,069 [IPC Server Responder] INFO  ipc.Server (Server.java:run(1512)) - Stopping IPC Server Responder
2022-10-08 01:42:03,158 [SCM Heartbeat Processing Thread - 0] WARN  node.NodeStateManager (NodeStateManager.java:scheduleNextHealthCheck(870)) - Current Thread is interrupted, shutting down HB processing thread for Node Manager.
2022-10-08 01:42:03,158 [Listener at 127.0.0.1/35929] INFO  server.StorageContainerManager (StorageContainerManager.java:stop(1564)) - Stopping block service RPC server
2022-10-08 01:42:03,159 [Listener at 127.0.0.1/35929] INFO  server.SCMBlockProtocolServer (SCMBlockProtocolServer.java:stop(161)) - Stopping the RPC server for Block Protocol
2022-10-08 01:42:03,159 [Listener at 127.0.0.1/35929] INFO  ipc.Server (Server.java:stop(3414)) - Stopping server on 38225
2022-10-08 01:42:03,168 [ReplicationMonitor] INFO  replication.ReplicationManager (ReplicationManager.java:run(509)) - Replication Monitor Thread is stopped
2022-10-08 01:42:03,181 [IPC Server Responder] INFO  ipc.Server (Server.java:run(1512)) - Stopping IPC Server Responder
2022-10-08 01:42:03,182 [Listener at 127.0.0.1/35929] INFO  server.StorageContainerManager (StorageContainerManager.java:stop(1571)) - Stopping the StorageContainerLocationProtocol RPC server
2022-10-08 01:42:03,182 [Listener at 127.0.0.1/35929] INFO  server.SCMClientProtocolServer (SCMClientProtocolServer.java:stop(179)) - Stopping the RPC server for Client Protocol
2022-10-08 01:42:03,182 [Listener at 127.0.0.1/35929] INFO  ipc.Server (Server.java:stop(3414)) - Stopping server on 41773
2022-10-08 01:42:03,184 [IPC Server listener on 0] INFO  ipc.Server (Server.java:run(1376)) - Stopping IPC Server listener on 0
2022-10-08 01:42:03,184 [Listener at 127.0.0.1/35929] INFO  server.StorageContainerManager (StorageContainerManager.java:stop(1578)) - Stopping Storage Container Manager HTTP server.
2022-10-08 01:42:03,185 [Listener at 127.0.0.1/35929] INFO  handler.ContextHandler (ContextHandler.java:doStop(1153)) - Stopped o.e.j.w.WebAppContext@3109a3ba{scm,/,null,STOPPED}{file:/home/runner/work/ozone/ozone/hadoop-ozone/integration-test/target/test-classes/webapps/scm}
2022-10-08 01:42:03,185 [IPC Server Responder] INFO  ipc.Server (Server.java:run(1512)) - Stopping IPC Server Responder
2022-10-08 01:42:03,187 [Listener at 127.0.0.1/35929] INFO  server.AbstractConnector (AbstractConnector.java:doStop(381)) - Stopped ServerConnector@2cdd6ea8{HTTP/1.1, (http/1.1)}{0.0.0.0:0}
2022-10-08 01:42:03,187 [Listener at 127.0.0.1/35929] INFO  server.session (HouseKeeper.java:stopScavenging(149)) - node0 Stopped scavenging
2022-10-08 01:42:03,187 [Listener at 127.0.0.1/35929] INFO  handler.ContextHandler (ContextHandler.java:doStop(1153)) - Stopped o.e.j.s.ServletContextHandler@79333799{static,/static,file:///home/runner/work/ozone/ozone/hadoop-ozone/integration-test/target/test-classes/webapps/static,STOPPED}
2022-10-08 01:42:03,187 [Listener at 127.0.0.1/35929] INFO  handler.ContextHandler (ContextHandler.java:doStop(1153)) - Stopped o.e.j.s.ServletContextHandler@68f475ed{logs,/logs,file:///home/runner/work/ozone/ozone/hadoop-ozone/integration-test/target/log,STOPPED}
2022-10-08 01:42:03,220 [IPC Server listener on 0] INFO  ipc.Server (Server.java:run(1376)) - Stopping IPC Server listener on 0
2022-10-08 01:42:03,308 [Listener at 127.0.0.1/35929] INFO  server.StorageContainerManager (StorageContainerManager.java:stop(1584)) - Stopping SCM LayoutVersionManager Service.
2022-10-08 01:42:03,308 [Listener at 127.0.0.1/35929] INFO  server.StorageContainerManager (StorageContainerManager.java:stop(1592)) - Stopping Block Manager Service.
2022-10-08 01:42:03,308 [Listener at 127.0.0.1/35929] INFO  utils.BackgroundService (BackgroundService.java:shutdown(141)) - Shutting down service SCMBlockDeletingService
2022-10-08 01:42:03,312 [Listener at 127.0.0.1/35929] INFO  utils.BackgroundService (BackgroundService.java:shutdown(141)) - Shutting down service SCMBlockDeletingService
2022-10-08 01:42:03,312 [Listener at 127.0.0.1/35929] INFO  server.StorageContainerManager (StorageContainerManager.java:stop(1619)) - Stopping SCM Event Queue.
2022-10-08 01:42:03,344 [Listener at 127.0.0.1/35929] INFO  server.StorageContainerManager (StorageContainerManager.java:stop(1630)) - Stopping SCM HA services.
2022-10-08 01:42:03,344 [Listener at 127.0.0.1/35929] INFO  pipeline.BackgroundPipelineCreator (BackgroundPipelineCreator.java:stop(149)) - Stopping RatisPipelineUtilsThread.
2022-10-08 01:42:03,352 [RatisPipelineUtilsThread - 0] WARN  pipeline.BackgroundPipelineCreator (BackgroundPipelineCreator.java:run(180)) - RatisPipelineUtilsThread is interrupted.
2022-10-08 01:42:03,352 [Listener at 127.0.0.1/35929] INFO  BackgroundPipelineScrubber (BackgroundSCMService.java:stop(131)) - Stopping BackgroundPipelineScrubber Service.
2022-10-08 01:42:03,352 [Listener at 127.0.0.1/35929] INFO  server.StorageContainerManager (StorageContainerManager.java:stop(1640)) - Stopping SCM MetadataStore.
2022-10-08 01:42:03,352 [BackgroundPipelineScrubberThread] WARN  BackgroundPipelineScrubber (BackgroundSCMService.java:run(115)) - BackgroundPipelineScrubber is interrupted, exit
2022-10-08 01:42:03,361 [Listener at 127.0.0.1/35929] INFO  impl.MetricsSystemImpl (MetricsSystemImpl.java:stop(210)) - Stopping HddsDatanode metrics system...
2022-10-08 01:42:03,362 [prometheus] INFO  impl.MetricsSinkAdapter (MetricsSinkAdapter.java:publishMetricsFromQueue(141)) - prometheus thread interrupted.
2022-10-08 01:42:03,376 [Listener at 127.0.0.1/35929] INFO  impl.MetricsSystemImpl (MetricsSystemImpl.java:stop(216)) - HddsDatanode metrics system stopped.
]]></system-out>
  </testcase>
</testsuite>