<?xml version="1.0" encoding="UTF-8"?>
<testsuite xmlns:xsi="http://www.w3.org/2001/XMLSchema-instance" xsi:noNamespaceSchemaLocation="https://maven.apache.org/surefire/maven-surefire-plugin/xsd/surefire-test-report-3.0.xsd" version="3.0" name="org.apache.hadoop.ozone.container.common.impl.TestContainerPersistence" time="9.057" tests="84" errors="1" skipped="0" failures="0">
  <properties>
    <property name="awt.toolkit" value="sun.awt.X11.XToolkit"/>
    <property name="file.encoding.pkg" value="sun.io"/>
    <property name="java.specification.version" value="1.8"/>
    <property name="sun.cpu.isalist" value=""/>
    <property name="sun.jnu.encoding" value="UTF-8"/>
    <property name="java.class.path" value="/home/runner/work/ozone/ozone/hadoop-hdds/container-service/target/test-classes:/home/runner/work/ozone/ozone/hadoop-hdds/container-service/target/classes:/home/runner/work/ozone/ozone/hadoop-hdds/common/target/classes:/home/runner/work/ozone/ozone/hadoop-hdds/hadoop-dependency-client/target/classes:/home/runner/.m2/repository/org/apache/hadoop/hadoop-annotations/3.3.1/hadoop-annotations-3.3.1.jar:/usr/lib/jvm/temurin-8-jdk-amd64/jre/../lib/tools.jar:/home/runner/.m2/repository/org/apache/hadoop/hadoop-common/3.3.1/hadoop-common-3.3.1.jar:/home/runner/.m2/repository/org/apache/hadoop/thirdparty/hadoop-shaded-guava/1.1.1/hadoop-shaded-guava-1.1.1.jar:/home/runner/.m2/repository/org/apache/httpcomponents/httpclient/4.5.13/httpclient-4.5.13.jar:/home/runner/.m2/repository/org/apache/httpcomponents/httpcore/4.4.13/httpcore-4.4.13.jar:/home/runner/.m2/repository/jakarta/activation/jakarta.activation-api/1.2.1/jakarta.activation-api-1.2.1.jar:/home/runner/.m2/repository/org/apache/commons/commons-configuration2/2.1.1/commons-configuration2-2.1.1.jar:/home/runner/.m2/repository/com/google/re2j/re2j/1.1/re2j-1.1.jar:/home/runner/.m2/repository/org/apache/hadoop/hadoop-auth/3.3.1/hadoop-auth-3.3.1.jar:/home/runner/.m2/repository/org/apache/htrace/htrace-core4/4.1.0-incubating/htrace-core4-4.1.0-incubating.jar:/home/runner/.m2/repository/org/apache/kerby/kerb-core/1.0.1/kerb-core-1.0.1.jar:/home/runner/.m2/repository/org/apache/kerby/kerby-pkix/1.0.1/kerby-pkix-1.0.1.jar:/home/runner/.m2/repository/org/apache/kerby/kerby-asn1/1.0.1/kerby-asn1-1.0.1.jar:/home/runner/.m2/repository/org/apache/kerby/kerby-util/1.0.1/kerby-util-1.0.1.jar:/home/runner/.m2/repository/org/codehaus/woodstox/stax2-api/3.1.4/stax2-api-3.1.4.jar:/home/runner/.m2/repository/com/fasterxml/woodstox/woodstox-core/5.0.3/woodstox-core-5.0.3.jar:/home/runner/.m2/repository/org/xerial/snappy/snappy-java/1.1.8.2/snappy-java-1.1.8.2.jar:/home/runner/.m2/repository/org/apache/hadoop/hadoop-hdfs/3.3.1/hadoop-hdfs-3.3.1.jar:/home/runner/.m2/repository/info/picocli/picocli/4.6.1/picocli-4.6.1.jar:/home/runner/.m2/repository/com/google/protobuf/protobuf-java/2.5.0/protobuf-java-2.5.0.jar:/home/runner/.m2/repository/com/google/guava/guava/31.1-jre/guava-31.1-jre.jar:/home/runner/.m2/repository/com/google/guava/failureaccess/1.0.1/failureaccess-1.0.1.jar:/home/runner/.m2/repository/com/google/guava/listenablefuture/9999.0-empty-to-avoid-conflict-with-guava/listenablefuture-9999.0-empty-to-avoid-conflict-with-guava.jar:/home/runner/.m2/repository/org/checkerframework/checker-qual/3.12.0/checker-qual-3.12.0.jar:/home/runner/.m2/repository/com/google/errorprone/error_prone_annotations/2.2.0/error_prone_annotations-2.2.0.jar:/home/runner/.m2/repository/com/google/j2objc/j2objc-annotations/1.3/j2objc-annotations-1.3.jar:/home/runner/.m2/repository/org/apache/commons/commons-lang3/3.7/commons-lang3-3.7.jar:/home/runner/.m2/repository/commons-io/commons-io/2.11.0/commons-io-2.11.0.jar:/home/runner/.m2/repository/com/fasterxml/jackson/core/jackson-annotations/2.13.2/jackson-annotations-2.13.2.jar:/home/runner/.m2/repository/com/fasterxml/jackson/datatype/jackson-datatype-jsr310/2.13.2/jackson-datatype-jsr310-2.13.2.jar:/home/runner/.m2/repository/com/fasterxml/jackson/core/jackson-core/2.13.2/jackson-core-2.13.2.jar:/home/runner/.m2/repository/com/fasterxml/jackson/core/jackson-databind/2.13.2.2/jackson-databind-2.13.2.2.jar:/home/runner/work/ozone/ozone/hadoop-hdds/config/target/classes:/home/runner/.m2/repository/javax/annotation/javax.annotation-api/1.2/javax.annotation-api-1.2.jar:/home/runner/.m2/repository/org/apache/ratis/ratis-server/2.3.0/ratis-server-2.3.0.jar:/home/runner/.m2/repository/org/apache/ratis/ratis-thirdparty-misc/1.0.0/ratis-thirdparty-misc-1.0.0.jar:/home/runner/.m2/repository/org/apache/ratis/ratis-proto/2.3.0/ratis-proto-2.3.0.jar:/home/runner/.m2/repository/org/apache/ratis/ratis-common/2.3.0/ratis-common-2.3.0.jar:/home/runner/.m2/repository/org/apache/ratis/ratis-client/2.3.0/ratis-client-2.3.0.jar:/home/runner/.m2/repository/org/apache/ratis/ratis-server-api/2.3.0/ratis-server-api-2.3.0.jar:/home/runner/.m2/repository/org/apache/ratis/ratis-metrics/2.3.0/ratis-metrics-2.3.0.jar:/home/runner/.m2/repository/org/apache/ratis/ratis-netty/2.3.0/ratis-netty-2.3.0.jar:/home/runner/.m2/repository/org/apache/ratis/ratis-grpc/2.3.0/ratis-grpc-2.3.0.jar:/home/runner/.m2/repository/org/apache/logging/log4j/log4j-api/2.17.1/log4j-api-2.17.1.jar:/home/runner/.m2/repository/org/apache/commons/commons-pool2/2.6.0/commons-pool2-2.6.0.jar:/home/runner/.m2/repository/org/bouncycastle/bcpkix-jdk15on/1.67/bcpkix-jdk15on-1.67.jar:/home/runner/.m2/repository/org/bouncycastle/bcprov-jdk15on/1.67/bcprov-jdk15on-1.67.jar:/home/runner/.m2/repository/commons-validator/commons-validator/1.6/commons-validator-1.6.jar:/home/runner/.m2/repository/commons-beanutils/commons-beanutils/1.9.4/commons-beanutils-1.9.4.jar:/home/runner/.m2/repository/commons-digester/commons-digester/1.8.1/commons-digester-1.8.1.jar:/home/runner/.m2/repository/commons-collections/commons-collections/3.2.2/commons-collections-3.2.2.jar:/home/runner/.m2/repository/io/jaegertracing/jaeger-client/1.6.0/jaeger-client-1.6.0.jar:/home/runner/.m2/repository/io/jaegertracing/jaeger-thrift/1.6.0/jaeger-thrift-1.6.0.jar:/home/runner/.m2/repository/org/apache/thrift/libthrift/0.14.1/libthrift-0.14.1.jar:/home/runner/.m2/repository/com/squareup/okhttp3/okhttp/4.9.0/okhttp-4.9.0.jar:/home/runner/.m2/repository/com/squareup/okio/okio/2.8.0/okio-2.8.0.jar:/home/runner/.m2/repository/io/jaegertracing/jaeger-core/1.6.0/jaeger-core-1.6.0.jar:/home/runner/.m2/repository/com/google/code/gson/gson/2.9.0/gson-2.9.0.jar:/home/runner/.m2/repository/io/jaegertracing/jaeger-tracerresolver/1.6.0/jaeger-tracerresolver-1.6.0.jar:/home/runner/.m2/repository/io/opentracing/contrib/opentracing-tracerresolver/0.1.8/opentracing-tracerresolver-0.1.8.jar:/home/runner/.m2/repository/org/jetbrains/kotlin/kotlin-stdlib/1.6.21/kotlin-stdlib-1.6.21.jar:/home/runner/.m2/repository/org/jetbrains/kotlin/kotlin-stdlib-common/1.6.21/kotlin-stdlib-common-1.6.21.jar:/home/runner/.m2/repository/org/jetbrains/annotations/13.0/annotations-13.0.jar:/home/runner/.m2/repository/io/opentracing/opentracing-util/0.33.0/opentracing-util-0.33.0.jar:/home/runner/.m2/repository/io/opentracing/opentracing-api/0.33.0/opentracing-api-0.33.0.jar:/home/runner/.m2/repository/io/opentracing/opentracing-noop/0.33.0/opentracing-noop-0.33.0.jar:/home/runner/.m2/repository/org/reflections/reflections/0.9.11/reflections-0.9.11.jar:/home/runner/.m2/repository/org/javassist/javassist/3.21.0-GA/javassist-3.21.0-GA.jar:/home/runner/work/ozone/ozone/hadoop-hdds/interface-client/target/classes:/home/runner/.m2/repository/org/apache/hadoop/thirdparty/hadoop-shaded-protobuf_3_7/1.1.1/hadoop-shaded-protobuf_3_7-1.1.1.jar:/home/runner/work/ozone/ozone/hadoop-hdds/interface-admin/target/classes:/home/runner/work/ozone/ozone/hadoop-hdds/test-utils/target/classes:/home/runner/.m2/repository/commons-logging/commons-logging/1.2/commons-logging-1.2.jar:/home/runner/.m2/repository/org/junit/jupiter/junit-jupiter-api/5.8.2/junit-jupiter-api-5.8.2.jar:/home/runner/.m2/repository/org/opentest4j/opentest4j/1.2.0/opentest4j-1.2.0.jar:/home/runner/.m2/repository/org/junit/platform/junit-platform-commons/1.8.2/junit-platform-commons-1.8.2.jar:/home/runner/.m2/repository/org/apiguardian/apiguardian-api/1.1.2/apiguardian-api-1.1.2.jar:/home/runner/.m2/repository/log4j/log4j/1.2.17/log4j-1.2.17.jar:/home/runner/.m2/repository/org/slf4j/slf4j-api/1.7.30/slf4j-api-1.7.30.jar:/home/runner/.m2/repository/org/apache/commons/commons-compress/1.21/commons-compress-1.21.jar:/home/runner/work/ozone/ozone/hadoop-hdds/common/target/test-classes:/home/runner/work/ozone/ozone/hadoop-hdds/framework/target/classes:/home/runner/work/ozone/ozone/hadoop-hdds/interface-server/target/classes:/home/runner/work/ozone/ozone/hadoop-hdds/hadoop-dependency-server/target/classes:/home/runner/.m2/repository/commons-cli/commons-cli/1.2/commons-cli-1.2.jar:/home/runner/.m2/repository/org/apache/logging/log4j/log4j-core/2.17.1/log4j-core-2.17.1.jar:/home/runner/.m2/repository/com/lmax/disruptor/3.4.2/disruptor-3.4.2.jar:/home/runner/.m2/repository/org/eclipse/jetty/jetty-util/9.4.43.v20210629/jetty-util-9.4.43.v20210629.jar:/home/runner/.m2/repository/org/eclipse/jetty/jetty-server/9.4.43.v20210629/jetty-server-9.4.43.v20210629.jar:/home/runner/.m2/repository/javax/servlet/javax.servlet-api/3.1.0/javax.servlet-api-3.1.0.jar:/home/runner/.m2/repository/org/eclipse/jetty/jetty-http/9.4.43.v20210629/jetty-http-9.4.43.v20210629.jar:/home/runner/.m2/repository/org/eclipse/jetty/jetty-io/9.4.43.v20210629/jetty-io-9.4.43.v20210629.jar:/home/runner/.m2/repository/org/eclipse/jetty/jetty-servlet/9.4.43.v20210629/jetty-servlet-9.4.43.v20210629.jar:/home/runner/.m2/repository/org/eclipse/jetty/jetty-security/9.4.43.v20210629/jetty-security-9.4.43.v20210629.jar:/home/runner/.m2/repository/org/eclipse/jetty/jetty-util-ajax/9.4.43.v20210629/jetty-util-ajax-9.4.43.v20210629.jar:/home/runner/.m2/repository/org/eclipse/jetty/jetty-webapp/9.4.43.v20210629/jetty-webapp-9.4.43.v20210629.jar:/home/runner/.m2/repository/org/eclipse/jetty/jetty-xml/9.4.43.v20210629/jetty-xml-9.4.43.v20210629.jar:/home/runner/.m2/repository/org/rocksdb/rocksdbjni/6.29.5/rocksdbjni-6.29.5.jar:/home/runner/.m2/repository/io/prometheus/simpleclient_dropwizard/0.7.0/simpleclient_dropwizard-0.7.0.jar:/home/runner/.m2/repository/io/prometheus/simpleclient/0.7.0/simpleclient-0.7.0.jar:/home/runner/.m2/repository/io/prometheus/simpleclient_common/0.7.0/simpleclient_common-0.7.0.jar:/home/runner/.m2/repository/org/apache/hadoop/hadoop-hdfs-client/3.3.1/hadoop-hdfs-client-3.3.1.jar:/home/runner/work/ozone/ozone/hadoop-hdds/client/target/classes:/home/runner/work/ozone/ozone/hadoop-hdds/erasurecode/target/classes:/home/runner/.m2/repository/commons-codec/commons-codec/1.11/commons-codec-1.11.jar:/home/runner/.m2/repository/io/dropwizard/metrics/metrics-core/3.2.4/metrics-core-3.2.4.jar:/home/runner/.m2/repository/org/mockito/mockito-core/2.28.2/mockito-core-2.28.2.jar:/home/runner/.m2/repository/net/bytebuddy/byte-buddy/1.9.10/byte-buddy-1.9.10.jar:/home/runner/.m2/repository/net/bytebuddy/byte-buddy-agent/1.9.10/byte-buddy-agent-1.9.10.jar:/home/runner/.m2/repository/org/objenesis/objenesis/1.0/objenesis-1.0.jar:/home/runner/.m2/repository/org/yaml/snakeyaml/1.26/snakeyaml-1.26.jar:/home/runner/work/ozone/ozone/hadoop-hdds/docs/target/classes:/home/runner/.m2/repository/com/github/spotbugs/spotbugs-annotations/3.1.12/spotbugs-annotations-3.1.12.jar:/home/runner/.m2/repository/com/google/code/findbugs/jsr305/3.0.0/jsr305-3.0.0.jar:/home/runner/.m2/repository/org/powermock/powermock-module-junit4/2.0.4/powermock-module-junit4-2.0.4.jar:/home/runner/.m2/repository/org/powermock/powermock-module-junit4-common/2.0.4/powermock-module-junit4-common-2.0.4.jar:/home/runner/.m2/repository/org/powermock/powermock-reflect/2.0.4/powermock-reflect-2.0.4.jar:/home/runner/.m2/repository/org/powermock/powermock-core/2.0.4/powermock-core-2.0.4.jar:/home/runner/.m2/repository/org/hamcrest/hamcrest-core/1.3/hamcrest-core-1.3.jar:/home/runner/.m2/repository/org/powermock/powermock-api-mockito2/2.0.4/powermock-api-mockito2-2.0.4.jar:/home/runner/.m2/repository/org/powermock/powermock-api-support/2.0.4/powermock-api-support-2.0.4.jar:/home/runner/work/ozone/ozone/hadoop-hdds/hadoop-dependency-test/target/classes:/home/runner/.m2/repository/org/apache/hadoop/hadoop-common/3.3.1/hadoop-common-3.3.1-tests.jar:/home/runner/.m2/repository/org/apache/hadoop/hadoop-hdfs/3.3.1/hadoop-hdfs-3.3.1-tests.jar:/home/runner/.m2/repository/org/assertj/assertj-core/3.12.2/assertj-core-3.12.2.jar:/home/runner/.m2/repository/org/slf4j/slf4j-log4j12/1.7.30/slf4j-log4j12-1.7.30.jar:/home/runner/.m2/repository/javax/xml/bind/jaxb-api/2.3.0/jaxb-api-2.3.0.jar:/home/runner/.m2/repository/org/glassfish/jaxb/jaxb-runtime/2.3.0.1/jaxb-runtime-2.3.0.1.jar:/home/runner/.m2/repository/org/glassfish/jaxb/jaxb-core/2.3.0.1/jaxb-core-2.3.0.1.jar:/home/runner/.m2/repository/org/glassfish/jaxb/txw2/2.3.0.1/txw2-2.3.0.1.jar:/home/runner/.m2/repository/com/sun/istack/istack-commons-runtime/3.0.5/istack-commons-runtime-3.0.5.jar:/home/runner/.m2/repository/org/jvnet/staxex/stax-ex/1.7.8/stax-ex-1.7.8.jar:/home/runner/.m2/repository/com/sun/xml/fastinfoset/FastInfoset/1.2.13/FastInfoset-1.2.13.jar:/home/runner/.m2/repository/io/netty/netty-transport/4.1.79.Final/netty-transport-4.1.79.Final.jar:/home/runner/.m2/repository/io/netty/netty-common/4.1.79.Final/netty-common-4.1.79.Final.jar:/home/runner/.m2/repository/io/netty/netty-buffer/4.1.79.Final/netty-buffer-4.1.79.Final.jar:/home/runner/.m2/repository/io/netty/netty-resolver/4.1.79.Final/netty-resolver-4.1.79.Final.jar:/home/runner/.m2/repository/io/netty/netty-codec/4.1.79.Final/netty-codec-4.1.79.Final.jar:/home/runner/.m2/repository/io/netty/netty-handler/4.1.79.Final/netty-handler-4.1.79.Final.jar:/home/runner/.m2/repository/io/netty/netty-transport-native-unix-common/4.1.79.Final/netty-transport-native-unix-common-4.1.79.Final.jar:/home/runner/.m2/repository/junit/junit/4.13.1/junit-4.13.1.jar:/home/runner/work/ozone/ozone/dev-support/annotations/target/classes:"/>
    <property name="java.vm.vendor" value="Temurin"/>
    <property name="sun.arch.data.model" value="64"/>
    <property name="test.build.dir" value="/home/runner/work/ozone/ozone/hadoop-hdds/container-service/target/test-dir"/>
    <property name="test.cache.data" value=""/>
    <property name="java.vendor.url" value="https://adoptium.net/"/>
    <property name="user.timezone" value="Etc/UTC"/>
    <property name="java.vm.specification.version" value="1.8"/>
    <property name="os.name" value="Linux"/>
    <property name="test.build.data" value="/home/runner/work/ozone/ozone/hadoop-hdds/container-service/target/test-dir"/>
    <property name="sun.java.launcher" value="SUN_STANDARD"/>
    <property name="sun.boot.library.path" value="/usr/lib/jvm/temurin-8-jdk-amd64/jre/lib/amd64"/>
    <property name="sun.java.command" value="/home/runner/work/ozone/ozone/hadoop-hdds/container-service/target/surefire/surefirebooter4128890329577135465.jar /home/runner/work/ozone/ozone/hadoop-hdds/container-service/target/surefire 2022-08-21T10-49-37_919-jvmRun1 surefire3110115909897933749tmp surefire_146985485547773194644tmp"/>
    <property name="surefire.test.class.path" value="/home/runner/work/ozone/ozone/hadoop-hdds/container-service/target/test-classes:/home/runner/work/ozone/ozone/hadoop-hdds/container-service/target/classes:/home/runner/work/ozone/ozone/hadoop-hdds/common/target/classes:/home/runner/work/ozone/ozone/hadoop-hdds/hadoop-dependency-client/target/classes:/home/runner/.m2/repository/org/apache/hadoop/hadoop-annotations/3.3.1/hadoop-annotations-3.3.1.jar:/usr/lib/jvm/temurin-8-jdk-amd64/jre/../lib/tools.jar:/home/runner/.m2/repository/org/apache/hadoop/hadoop-common/3.3.1/hadoop-common-3.3.1.jar:/home/runner/.m2/repository/org/apache/hadoop/thirdparty/hadoop-shaded-guava/1.1.1/hadoop-shaded-guava-1.1.1.jar:/home/runner/.m2/repository/org/apache/httpcomponents/httpclient/4.5.13/httpclient-4.5.13.jar:/home/runner/.m2/repository/org/apache/httpcomponents/httpcore/4.4.13/httpcore-4.4.13.jar:/home/runner/.m2/repository/jakarta/activation/jakarta.activation-api/1.2.1/jakarta.activation-api-1.2.1.jar:/home/runner/.m2/repository/org/apache/commons/commons-configuration2/2.1.1/commons-configuration2-2.1.1.jar:/home/runner/.m2/repository/com/google/re2j/re2j/1.1/re2j-1.1.jar:/home/runner/.m2/repository/org/apache/hadoop/hadoop-auth/3.3.1/hadoop-auth-3.3.1.jar:/home/runner/.m2/repository/org/apache/htrace/htrace-core4/4.1.0-incubating/htrace-core4-4.1.0-incubating.jar:/home/runner/.m2/repository/org/apache/kerby/kerb-core/1.0.1/kerb-core-1.0.1.jar:/home/runner/.m2/repository/org/apache/kerby/kerby-pkix/1.0.1/kerby-pkix-1.0.1.jar:/home/runner/.m2/repository/org/apache/kerby/kerby-asn1/1.0.1/kerby-asn1-1.0.1.jar:/home/runner/.m2/repository/org/apache/kerby/kerby-util/1.0.1/kerby-util-1.0.1.jar:/home/runner/.m2/repository/org/codehaus/woodstox/stax2-api/3.1.4/stax2-api-3.1.4.jar:/home/runner/.m2/repository/com/fasterxml/woodstox/woodstox-core/5.0.3/woodstox-core-5.0.3.jar:/home/runner/.m2/repository/org/xerial/snappy/snappy-java/1.1.8.2/snappy-java-1.1.8.2.jar:/home/runner/.m2/repository/org/apache/hadoop/hadoop-hdfs/3.3.1/hadoop-hdfs-3.3.1.jar:/home/runner/.m2/repository/info/picocli/picocli/4.6.1/picocli-4.6.1.jar:/home/runner/.m2/repository/com/google/protobuf/protobuf-java/2.5.0/protobuf-java-2.5.0.jar:/home/runner/.m2/repository/com/google/guava/guava/31.1-jre/guava-31.1-jre.jar:/home/runner/.m2/repository/com/google/guava/failureaccess/1.0.1/failureaccess-1.0.1.jar:/home/runner/.m2/repository/com/google/guava/listenablefuture/9999.0-empty-to-avoid-conflict-with-guava/listenablefuture-9999.0-empty-to-avoid-conflict-with-guava.jar:/home/runner/.m2/repository/org/checkerframework/checker-qual/3.12.0/checker-qual-3.12.0.jar:/home/runner/.m2/repository/com/google/errorprone/error_prone_annotations/2.2.0/error_prone_annotations-2.2.0.jar:/home/runner/.m2/repository/com/google/j2objc/j2objc-annotations/1.3/j2objc-annotations-1.3.jar:/home/runner/.m2/repository/org/apache/commons/commons-lang3/3.7/commons-lang3-3.7.jar:/home/runner/.m2/repository/commons-io/commons-io/2.11.0/commons-io-2.11.0.jar:/home/runner/.m2/repository/com/fasterxml/jackson/core/jackson-annotations/2.13.2/jackson-annotations-2.13.2.jar:/home/runner/.m2/repository/com/fasterxml/jackson/datatype/jackson-datatype-jsr310/2.13.2/jackson-datatype-jsr310-2.13.2.jar:/home/runner/.m2/repository/com/fasterxml/jackson/core/jackson-core/2.13.2/jackson-core-2.13.2.jar:/home/runner/.m2/repository/com/fasterxml/jackson/core/jackson-databind/2.13.2.2/jackson-databind-2.13.2.2.jar:/home/runner/work/ozone/ozone/hadoop-hdds/config/target/classes:/home/runner/.m2/repository/javax/annotation/javax.annotation-api/1.2/javax.annotation-api-1.2.jar:/home/runner/.m2/repository/org/apache/ratis/ratis-server/2.3.0/ratis-server-2.3.0.jar:/home/runner/.m2/repository/org/apache/ratis/ratis-thirdparty-misc/1.0.0/ratis-thirdparty-misc-1.0.0.jar:/home/runner/.m2/repository/org/apache/ratis/ratis-proto/2.3.0/ratis-proto-2.3.0.jar:/home/runner/.m2/repository/org/apache/ratis/ratis-common/2.3.0/ratis-common-2.3.0.jar:/home/runner/.m2/repository/org/apache/ratis/ratis-client/2.3.0/ratis-client-2.3.0.jar:/home/runner/.m2/repository/org/apache/ratis/ratis-server-api/2.3.0/ratis-server-api-2.3.0.jar:/home/runner/.m2/repository/org/apache/ratis/ratis-metrics/2.3.0/ratis-metrics-2.3.0.jar:/home/runner/.m2/repository/org/apache/ratis/ratis-netty/2.3.0/ratis-netty-2.3.0.jar:/home/runner/.m2/repository/org/apache/ratis/ratis-grpc/2.3.0/ratis-grpc-2.3.0.jar:/home/runner/.m2/repository/org/apache/logging/log4j/log4j-api/2.17.1/log4j-api-2.17.1.jar:/home/runner/.m2/repository/org/apache/commons/commons-pool2/2.6.0/commons-pool2-2.6.0.jar:/home/runner/.m2/repository/org/bouncycastle/bcpkix-jdk15on/1.67/bcpkix-jdk15on-1.67.jar:/home/runner/.m2/repository/org/bouncycastle/bcprov-jdk15on/1.67/bcprov-jdk15on-1.67.jar:/home/runner/.m2/repository/commons-validator/commons-validator/1.6/commons-validator-1.6.jar:/home/runner/.m2/repository/commons-beanutils/commons-beanutils/1.9.4/commons-beanutils-1.9.4.jar:/home/runner/.m2/repository/commons-digester/commons-digester/1.8.1/commons-digester-1.8.1.jar:/home/runner/.m2/repository/commons-collections/commons-collections/3.2.2/commons-collections-3.2.2.jar:/home/runner/.m2/repository/io/jaegertracing/jaeger-client/1.6.0/jaeger-client-1.6.0.jar:/home/runner/.m2/repository/io/jaegertracing/jaeger-thrift/1.6.0/jaeger-thrift-1.6.0.jar:/home/runner/.m2/repository/org/apache/thrift/libthrift/0.14.1/libthrift-0.14.1.jar:/home/runner/.m2/repository/com/squareup/okhttp3/okhttp/4.9.0/okhttp-4.9.0.jar:/home/runner/.m2/repository/com/squareup/okio/okio/2.8.0/okio-2.8.0.jar:/home/runner/.m2/repository/io/jaegertracing/jaeger-core/1.6.0/jaeger-core-1.6.0.jar:/home/runner/.m2/repository/com/google/code/gson/gson/2.9.0/gson-2.9.0.jar:/home/runner/.m2/repository/io/jaegertracing/jaeger-tracerresolver/1.6.0/jaeger-tracerresolver-1.6.0.jar:/home/runner/.m2/repository/io/opentracing/contrib/opentracing-tracerresolver/0.1.8/opentracing-tracerresolver-0.1.8.jar:/home/runner/.m2/repository/org/jetbrains/kotlin/kotlin-stdlib/1.6.21/kotlin-stdlib-1.6.21.jar:/home/runner/.m2/repository/org/jetbrains/kotlin/kotlin-stdlib-common/1.6.21/kotlin-stdlib-common-1.6.21.jar:/home/runner/.m2/repository/org/jetbrains/annotations/13.0/annotations-13.0.jar:/home/runner/.m2/repository/io/opentracing/opentracing-util/0.33.0/opentracing-util-0.33.0.jar:/home/runner/.m2/repository/io/opentracing/opentracing-api/0.33.0/opentracing-api-0.33.0.jar:/home/runner/.m2/repository/io/opentracing/opentracing-noop/0.33.0/opentracing-noop-0.33.0.jar:/home/runner/.m2/repository/org/reflections/reflections/0.9.11/reflections-0.9.11.jar:/home/runner/.m2/repository/org/javassist/javassist/3.21.0-GA/javassist-3.21.0-GA.jar:/home/runner/work/ozone/ozone/hadoop-hdds/interface-client/target/classes:/home/runner/.m2/repository/org/apache/hadoop/thirdparty/hadoop-shaded-protobuf_3_7/1.1.1/hadoop-shaded-protobuf_3_7-1.1.1.jar:/home/runner/work/ozone/ozone/hadoop-hdds/interface-admin/target/classes:/home/runner/work/ozone/ozone/hadoop-hdds/test-utils/target/classes:/home/runner/.m2/repository/commons-logging/commons-logging/1.2/commons-logging-1.2.jar:/home/runner/.m2/repository/org/junit/jupiter/junit-jupiter-api/5.8.2/junit-jupiter-api-5.8.2.jar:/home/runner/.m2/repository/org/opentest4j/opentest4j/1.2.0/opentest4j-1.2.0.jar:/home/runner/.m2/repository/org/junit/platform/junit-platform-commons/1.8.2/junit-platform-commons-1.8.2.jar:/home/runner/.m2/repository/org/apiguardian/apiguardian-api/1.1.2/apiguardian-api-1.1.2.jar:/home/runner/.m2/repository/log4j/log4j/1.2.17/log4j-1.2.17.jar:/home/runner/.m2/repository/org/slf4j/slf4j-api/1.7.30/slf4j-api-1.7.30.jar:/home/runner/.m2/repository/org/apache/commons/commons-compress/1.21/commons-compress-1.21.jar:/home/runner/work/ozone/ozone/hadoop-hdds/common/target/test-classes:/home/runner/work/ozone/ozone/hadoop-hdds/framework/target/classes:/home/runner/work/ozone/ozone/hadoop-hdds/interface-server/target/classes:/home/runner/work/ozone/ozone/hadoop-hdds/hadoop-dependency-server/target/classes:/home/runner/.m2/repository/commons-cli/commons-cli/1.2/commons-cli-1.2.jar:/home/runner/.m2/repository/org/apache/logging/log4j/log4j-core/2.17.1/log4j-core-2.17.1.jar:/home/runner/.m2/repository/com/lmax/disruptor/3.4.2/disruptor-3.4.2.jar:/home/runner/.m2/repository/org/eclipse/jetty/jetty-util/9.4.43.v20210629/jetty-util-9.4.43.v20210629.jar:/home/runner/.m2/repository/org/eclipse/jetty/jetty-server/9.4.43.v20210629/jetty-server-9.4.43.v20210629.jar:/home/runner/.m2/repository/javax/servlet/javax.servlet-api/3.1.0/javax.servlet-api-3.1.0.jar:/home/runner/.m2/repository/org/eclipse/jetty/jetty-http/9.4.43.v20210629/jetty-http-9.4.43.v20210629.jar:/home/runner/.m2/repository/org/eclipse/jetty/jetty-io/9.4.43.v20210629/jetty-io-9.4.43.v20210629.jar:/home/runner/.m2/repository/org/eclipse/jetty/jetty-servlet/9.4.43.v20210629/jetty-servlet-9.4.43.v20210629.jar:/home/runner/.m2/repository/org/eclipse/jetty/jetty-security/9.4.43.v20210629/jetty-security-9.4.43.v20210629.jar:/home/runner/.m2/repository/org/eclipse/jetty/jetty-util-ajax/9.4.43.v20210629/jetty-util-ajax-9.4.43.v20210629.jar:/home/runner/.m2/repository/org/eclipse/jetty/jetty-webapp/9.4.43.v20210629/jetty-webapp-9.4.43.v20210629.jar:/home/runner/.m2/repository/org/eclipse/jetty/jetty-xml/9.4.43.v20210629/jetty-xml-9.4.43.v20210629.jar:/home/runner/.m2/repository/org/rocksdb/rocksdbjni/6.29.5/rocksdbjni-6.29.5.jar:/home/runner/.m2/repository/io/prometheus/simpleclient_dropwizard/0.7.0/simpleclient_dropwizard-0.7.0.jar:/home/runner/.m2/repository/io/prometheus/simpleclient/0.7.0/simpleclient-0.7.0.jar:/home/runner/.m2/repository/io/prometheus/simpleclient_common/0.7.0/simpleclient_common-0.7.0.jar:/home/runner/.m2/repository/org/apache/hadoop/hadoop-hdfs-client/3.3.1/hadoop-hdfs-client-3.3.1.jar:/home/runner/work/ozone/ozone/hadoop-hdds/client/target/classes:/home/runner/work/ozone/ozone/hadoop-hdds/erasurecode/target/classes:/home/runner/.m2/repository/commons-codec/commons-codec/1.11/commons-codec-1.11.jar:/home/runner/.m2/repository/io/dropwizard/metrics/metrics-core/3.2.4/metrics-core-3.2.4.jar:/home/runner/.m2/repository/org/mockito/mockito-core/2.28.2/mockito-core-2.28.2.jar:/home/runner/.m2/repository/net/bytebuddy/byte-buddy/1.9.10/byte-buddy-1.9.10.jar:/home/runner/.m2/repository/net/bytebuddy/byte-buddy-agent/1.9.10/byte-buddy-agent-1.9.10.jar:/home/runner/.m2/repository/org/objenesis/objenesis/1.0/objenesis-1.0.jar:/home/runner/.m2/repository/org/yaml/snakeyaml/1.26/snakeyaml-1.26.jar:/home/runner/work/ozone/ozone/hadoop-hdds/docs/target/classes:/home/runner/.m2/repository/com/github/spotbugs/spotbugs-annotations/3.1.12/spotbugs-annotations-3.1.12.jar:/home/runner/.m2/repository/com/google/code/findbugs/jsr305/3.0.0/jsr305-3.0.0.jar:/home/runner/.m2/repository/org/powermock/powermock-module-junit4/2.0.4/powermock-module-junit4-2.0.4.jar:/home/runner/.m2/repository/org/powermock/powermock-module-junit4-common/2.0.4/powermock-module-junit4-common-2.0.4.jar:/home/runner/.m2/repository/org/powermock/powermock-reflect/2.0.4/powermock-reflect-2.0.4.jar:/home/runner/.m2/repository/org/powermock/powermock-core/2.0.4/powermock-core-2.0.4.jar:/home/runner/.m2/repository/org/hamcrest/hamcrest-core/1.3/hamcrest-core-1.3.jar:/home/runner/.m2/repository/org/powermock/powermock-api-mockito2/2.0.4/powermock-api-mockito2-2.0.4.jar:/home/runner/.m2/repository/org/powermock/powermock-api-support/2.0.4/powermock-api-support-2.0.4.jar:/home/runner/work/ozone/ozone/hadoop-hdds/hadoop-dependency-test/target/classes:/home/runner/.m2/repository/org/apache/hadoop/hadoop-common/3.3.1/hadoop-common-3.3.1-tests.jar:/home/runner/.m2/repository/org/apache/hadoop/hadoop-hdfs/3.3.1/hadoop-hdfs-3.3.1-tests.jar:/home/runner/.m2/repository/org/assertj/assertj-core/3.12.2/assertj-core-3.12.2.jar:/home/runner/.m2/repository/org/slf4j/slf4j-log4j12/1.7.30/slf4j-log4j12-1.7.30.jar:/home/runner/.m2/repository/javax/xml/bind/jaxb-api/2.3.0/jaxb-api-2.3.0.jar:/home/runner/.m2/repository/org/glassfish/jaxb/jaxb-runtime/2.3.0.1/jaxb-runtime-2.3.0.1.jar:/home/runner/.m2/repository/org/glassfish/jaxb/jaxb-core/2.3.0.1/jaxb-core-2.3.0.1.jar:/home/runner/.m2/repository/org/glassfish/jaxb/txw2/2.3.0.1/txw2-2.3.0.1.jar:/home/runner/.m2/repository/com/sun/istack/istack-commons-runtime/3.0.5/istack-commons-runtime-3.0.5.jar:/home/runner/.m2/repository/org/jvnet/staxex/stax-ex/1.7.8/stax-ex-1.7.8.jar:/home/runner/.m2/repository/com/sun/xml/fastinfoset/FastInfoset/1.2.13/FastInfoset-1.2.13.jar:/home/runner/.m2/repository/io/netty/netty-transport/4.1.79.Final/netty-transport-4.1.79.Final.jar:/home/runner/.m2/repository/io/netty/netty-common/4.1.79.Final/netty-common-4.1.79.Final.jar:/home/runner/.m2/repository/io/netty/netty-buffer/4.1.79.Final/netty-buffer-4.1.79.Final.jar:/home/runner/.m2/repository/io/netty/netty-resolver/4.1.79.Final/netty-resolver-4.1.79.Final.jar:/home/runner/.m2/repository/io/netty/netty-codec/4.1.79.Final/netty-codec-4.1.79.Final.jar:/home/runner/.m2/repository/io/netty/netty-handler/4.1.79.Final/netty-handler-4.1.79.Final.jar:/home/runner/.m2/repository/io/netty/netty-transport-native-unix-common/4.1.79.Final/netty-transport-native-unix-common-4.1.79.Final.jar:/home/runner/.m2/repository/junit/junit/4.13.1/junit-4.13.1.jar:/home/runner/work/ozone/ozone/dev-support/annotations/target/classes:"/>
    <property name="sun.cpu.endian" value="little"/>
    <property name="user.home" value="/home/runner"/>
    <property name="user.language" value="en"/>
    <property name="java.specification.vendor" value="Oracle Corporation"/>
    <property name="java.home" value="/usr/lib/jvm/temurin-8-jdk-amd64/jre"/>
    <property name="java.security.krb5.conf" value="/home/runner/work/ozone/ozone/hadoop-hdds/container-service/target/test-classes/krb5.conf"/>
    <property name="basedir" value="/home/runner/work/ozone/ozone/hadoop-hdds/container-service"/>
    <property name="file.separator" value="/"/>
    <property name="line.separator" value="&#10;"/>
    <property name="java.vm.specification.vendor" value="Oracle Corporation"/>
    <property name="java.specification.name" value="Java Platform API Specification"/>
    <property name="java.awt.graphicsenv" value="sun.awt.X11GraphicsEnvironment"/>
    <property name="skip.installnpx" value="true"/>
    <property name="surefire.real.class.path" value="/home/runner/work/ozone/ozone/hadoop-hdds/container-service/target/surefire/surefirebooter4128890329577135465.jar:/home/runner/.m2/repository/org/jacoco/org.jacoco.agent/0.8.5/org.jacoco.agent-0.8.5-runtime.jar"/>
    <property name="hadoop.log.dir" value="/home/runner/work/ozone/ozone/hadoop-hdds/container-service/target/log"/>
    <property name="sun.boot.class.path" value="/usr/lib/jvm/temurin-8-jdk-amd64/jre/lib/resources.jar:/usr/lib/jvm/temurin-8-jdk-amd64/jre/lib/rt.jar:/usr/lib/jvm/temurin-8-jdk-amd64/jre/lib/sunrsasign.jar:/usr/lib/jvm/temurin-8-jdk-amd64/jre/lib/jsse.jar:/usr/lib/jvm/temurin-8-jdk-amd64/jre/lib/jce.jar:/usr/lib/jvm/temurin-8-jdk-amd64/jre/lib/charsets.jar:/usr/lib/jvm/temurin-8-jdk-amd64/jre/lib/jfr.jar:/usr/lib/jvm/temurin-8-jdk-amd64/jre/classes"/>
    <property name="sun.management.compiler" value="HotSpot 64-Bit Tiered Compilers"/>
    <property name="skip.npx" value="true"/>
    <property name="java.runtime.version" value="1.8.0_332-b09"/>
    <property name="java.net.preferIPv4Stack" value="true"/>
    <property name="user.name" value="runner"/>
    <property name="path.separator" value=":"/>
    <property name="java.security.egd" value="file:///dev/urandom"/>
    <property name="os.version" value="5.4.0-1086-azure"/>
    <property name="java.endorsed.dirs" value="/usr/lib/jvm/temurin-8-jdk-amd64/jre/lib/endorsed"/>
    <property name="java.runtime.name" value="OpenJDK Runtime Environment"/>
    <property name="file.encoding" value="UTF-8"/>
    <property name="java.vm.name" value="OpenJDK 64-Bit Server VM"/>
    <property name="test.build.webapps" value=""/>
    <property name="localRepository" value="/home/runner/.m2/repository"/>
    <property name="java.vendor.url.bug" value="https://github.com/adoptium/adoptium-support/issues"/>
    <property name="java.io.tmpdir" value="/tmp"/>
    <property name="require.test.libhadoop" value=""/>
    <property name="java.version" value="1.8.0_332"/>
    <property name="user.dir" value="/home/runner/work/ozone/ozone/hadoop-hdds/container-service"/>
    <property name="os.arch" value="amd64"/>
    <property name="java.vm.specification.name" value="Java Virtual Machine Specification"/>
    <property name="test.build.classes" value="/home/runner/work/ozone/ozone/hadoop-hdds/container-service/target/test-classes"/>
    <property name="java.awt.printerjob" value="sun.print.PSPrinterJob"/>
    <property name="sun.os.patch.level" value="unknown"/>
    <property name="hadoop.tmp.dir" value="/home/runner/work/ozone/ozone/hadoop-hdds/container-service/target/tmp"/>
    <property name="java.library.path" value="/usr/java/packages/lib/amd64:/usr/lib64:/lib64:/lib:/usr/lib"/>
    <property name="java.vm.info" value="mixed mode"/>
    <property name="java.vendor" value="Temurin"/>
    <property name="java.vm.version" value="25.332-b09"/>
    <property name="java.ext.dirs" value="/usr/lib/jvm/temurin-8-jdk-amd64/jre/lib/ext:/usr/java/packages/lib/ext"/>
    <property name="sun.io.unicode.encoding" value="UnicodeLittle"/>
    <property name="java.class.version" value="52.0"/>
  </properties>
  <testcase name="testCreateContainer" classname="TestContainerPersistence" time="0.481">
    <system-out><![CDATA[2022-08-21 10:58:14,687 [Time-limited test] INFO  volume.HddsVolume (HddsVolume.java:<init>(117)) - Creating HddsVolume: /home/runner/work/ozone/ozone/hadoop-hdds/container-service/target/test-dir/TestContainerPersistence/hdds of storage type : DISK capacity : 9223372036854775807
2022-08-21 10:58:14,691 [Time-limited test] INFO  volume.MutableVolumeSet (MutableVolumeSet.java:initializeVolumeSet(174)) - Added Volume : /home/runner/work/ozone/ozone/hadoop-hdds/container-service/target/test-dir/TestContainerPersistence/hdds to VolumeSet
2022-08-21 10:58:15,068 [Time-limited test] WARN  util.NativeCodeLoader (NativeCodeLoader.java:<clinit>(60)) - Unable to load native-hadoop library for your platform... using builtin-java classes where applicable
2022-08-21 10:58:15,078 [Time-limited test] INFO  impl.TestContainerPersistence (TestContainerPersistence.java:cleanupDir(170)) - Deleting /home/runner/work/ozone/ozone/hadoop-hdds/container-service/target/test-dir/TestContainerPersistence
]]></system-out>
  </testcase>
  <testcase name="testCreateContainer" classname="TestContainerPersistence" time="0.04">
    <system-out><![CDATA[2022-08-21 10:58:17,462 [Time-limited test] INFO  volume.HddsVolume (HddsVolume.java:<init>(117)) - Creating HddsVolume: /home/runner/work/ozone/ozone/hadoop-hdds/container-service/target/test-dir/TestContainerPersistence/hdds of storage type : DISK capacity : 9223372036854775807
2022-08-21 10:58:17,463 [Time-limited test] INFO  volume.MutableVolumeSet (MutableVolumeSet.java:initializeVolumeSet(174)) - Added Volume : /home/runner/work/ozone/ozone/hadoop-hdds/container-service/target/test-dir/TestContainerPersistence/hdds to VolumeSet
2022-08-21 10:58:17,498 [Time-limited test] INFO  impl.TestContainerPersistence (TestContainerPersistence.java:cleanupDir(170)) - Deleting /home/runner/work/ozone/ozone/hadoop-hdds/container-service/target/test-dir/TestContainerPersistence
]]></system-out>
  </testcase>
  <testcase name="testCreateContainer" classname="TestContainerPersistence" time="0.052">
    <system-out><![CDATA[2022-08-21 10:58:19,125 [Time-limited test] INFO  volume.HddsVolume (HddsVolume.java:<init>(117)) - Creating HddsVolume: /home/runner/work/ozone/ozone/hadoop-hdds/container-service/target/test-dir/TestContainerPersistence/hdds of storage type : DISK capacity : 9223372036854775807
2022-08-21 10:58:19,125 [Time-limited test] INFO  volume.MutableVolumeSet (MutableVolumeSet.java:initializeVolumeSet(174)) - Added Volume : /home/runner/work/ozone/ozone/hadoop-hdds/container-service/target/test-dir/TestContainerPersistence/hdds to VolumeSet
2022-08-21 10:58:19,167 [Time-limited test] INFO  volume.HddsVolume (HddsVolume.java:createDbStore(310)) - SchemaV3 db is created and loaded at /home/runner/work/ozone/ozone/hadoop-hdds/container-service/target/test-dir/TestContainerPersistence/hdds/25c91374-21df-4f98-ab98-a92c9bce9068/DS-180ffd2e-3411-49f5-9ba2-3ad0c29a3495/container.db for volume DS-180ffd2e-3411-49f5-9ba2-3ad0c29a3495
2022-08-21 10:58:19,172 [Time-limited test] INFO  impl.TestContainerPersistence (TestContainerPersistence.java:cleanupDir(170)) - Deleting /home/runner/work/ozone/ozone/hadoop-hdds/container-service/target/test-dir/TestContainerPersistence
]]></system-out>
  </testcase>
  <testcase name="testCreateContainer" classname="TestContainerPersistence" time="0.046">
    <system-out><![CDATA[2022-08-21 10:58:20,449 [Time-limited test] INFO  volume.HddsVolume (HddsVolume.java:<init>(117)) - Creating HddsVolume: /home/runner/work/ozone/ozone/hadoop-hdds/container-service/target/test-dir/TestContainerPersistence/hdds of storage type : DISK capacity : 9223372036854775807
2022-08-21 10:58:20,449 [Time-limited test] INFO  volume.MutableVolumeSet (MutableVolumeSet.java:initializeVolumeSet(174)) - Added Volume : /home/runner/work/ozone/ozone/hadoop-hdds/container-service/target/test-dir/TestContainerPersistence/hdds to VolumeSet
2022-08-21 10:58:20,488 [Time-limited test] INFO  impl.TestContainerPersistence (TestContainerPersistence.java:cleanupDir(170)) - Deleting /home/runner/work/ozone/ozone/hadoop-hdds/container-service/target/test-dir/TestContainerPersistence
]]></system-out>
  </testcase>
  <testcase name="testCreateContainer" classname="TestContainerPersistence" time="0.04">
    <system-out><![CDATA[2022-08-21 10:58:21,677 [Time-limited test] INFO  volume.HddsVolume (HddsVolume.java:<init>(117)) - Creating HddsVolume: /home/runner/work/ozone/ozone/hadoop-hdds/container-service/target/test-dir/TestContainerPersistence/hdds of storage type : DISK capacity : 9223372036854775807
2022-08-21 10:58:21,677 [Time-limited test] INFO  volume.MutableVolumeSet (MutableVolumeSet.java:initializeVolumeSet(174)) - Added Volume : /home/runner/work/ozone/ozone/hadoop-hdds/container-service/target/test-dir/TestContainerPersistence/hdds to VolumeSet
2022-08-21 10:58:21,712 [Time-limited test] INFO  impl.TestContainerPersistence (TestContainerPersistence.java:cleanupDir(170)) - Deleting /home/runner/work/ozone/ozone/hadoop-hdds/container-service/target/test-dir/TestContainerPersistence
]]></system-out>
  </testcase>
  <testcase name="testCreateContainer" classname="TestContainerPersistence" time="0.034">
    <system-out><![CDATA[2022-08-21 10:58:22,820 [Time-limited test] INFO  volume.HddsVolume (HddsVolume.java:<init>(117)) - Creating HddsVolume: /home/runner/work/ozone/ozone/hadoop-hdds/container-service/target/test-dir/TestContainerPersistence/hdds of storage type : DISK capacity : 9223372036854775807
2022-08-21 10:58:22,820 [Time-limited test] INFO  volume.MutableVolumeSet (MutableVolumeSet.java:initializeVolumeSet(174)) - Added Volume : /home/runner/work/ozone/ozone/hadoop-hdds/container-service/target/test-dir/TestContainerPersistence/hdds to VolumeSet
2022-08-21 10:58:22,845 [Time-limited test] INFO  volume.HddsVolume (HddsVolume.java:createDbStore(310)) - SchemaV3 db is created and loaded at /home/runner/work/ozone/ozone/hadoop-hdds/container-service/target/test-dir/TestContainerPersistence/hdds/25c91374-21df-4f98-ab98-a92c9bce9068/DS-b2d3d06d-8b83-407c-8858-f08ddf5e8757/container.db for volume DS-b2d3d06d-8b83-407c-8858-f08ddf5e8757
2022-08-21 10:58:22,852 [Time-limited test] INFO  impl.TestContainerPersistence (TestContainerPersistence.java:cleanupDir(170)) - Deleting /home/runner/work/ozone/ozone/hadoop-hdds/container-service/target/test-dir/TestContainerPersistence
]]></system-out>
  </testcase>
  <testcase name="testPutBlock" classname="TestContainerPersistence" time="0.152">
    <system-out><![CDATA[2022-08-21 10:58:15,092 [Time-limited test] INFO  volume.HddsVolume (HddsVolume.java:<init>(117)) - Creating HddsVolume: /home/runner/work/ozone/ozone/hadoop-hdds/container-service/target/test-dir/TestContainerPersistence/hdds of storage type : DISK capacity : 9223372036854775807
2022-08-21 10:58:15,092 [Time-limited test] INFO  volume.MutableVolumeSet (MutableVolumeSet.java:initializeVolumeSet(174)) - Added Volume : /home/runner/work/ozone/ozone/hadoop-hdds/container-service/target/test-dir/TestContainerPersistence/hdds to VolumeSet
2022-08-21 10:58:15,235 [Time-limited test] INFO  impl.TestContainerPersistence (TestContainerPersistence.java:cleanupDir(170)) - Deleting /home/runner/work/ozone/ozone/hadoop-hdds/container-service/target/test-dir/TestContainerPersistence
]]></system-out>
  </testcase>
  <testcase name="testPutBlock" classname="TestContainerPersistence" time="0.039">
    <system-out><![CDATA[2022-08-21 10:58:17,501 [Time-limited test] INFO  volume.HddsVolume (HddsVolume.java:<init>(117)) - Creating HddsVolume: /home/runner/work/ozone/ozone/hadoop-hdds/container-service/target/test-dir/TestContainerPersistence/hdds of storage type : DISK capacity : 9223372036854775807
2022-08-21 10:58:17,502 [Time-limited test] INFO  volume.MutableVolumeSet (MutableVolumeSet.java:initializeVolumeSet(174)) - Added Volume : /home/runner/work/ozone/ozone/hadoop-hdds/container-service/target/test-dir/TestContainerPersistence/hdds to VolumeSet
2022-08-21 10:58:17,536 [Time-limited test] INFO  impl.TestContainerPersistence (TestContainerPersistence.java:cleanupDir(170)) - Deleting /home/runner/work/ozone/ozone/hadoop-hdds/container-service/target/test-dir/TestContainerPersistence
]]></system-out>
  </testcase>
  <testcase name="testPutBlock" classname="TestContainerPersistence" time="0.048">
    <system-out><![CDATA[2022-08-21 10:58:19,179 [Time-limited test] INFO  volume.HddsVolume (HddsVolume.java:<init>(117)) - Creating HddsVolume: /home/runner/work/ozone/ozone/hadoop-hdds/container-service/target/test-dir/TestContainerPersistence/hdds of storage type : DISK capacity : 9223372036854775807
2022-08-21 10:58:19,179 [Time-limited test] INFO  volume.MutableVolumeSet (MutableVolumeSet.java:initializeVolumeSet(174)) - Added Volume : /home/runner/work/ozone/ozone/hadoop-hdds/container-service/target/test-dir/TestContainerPersistence/hdds to VolumeSet
2022-08-21 10:58:19,210 [Time-limited test] INFO  volume.HddsVolume (HddsVolume.java:createDbStore(310)) - SchemaV3 db is created and loaded at /home/runner/work/ozone/ozone/hadoop-hdds/container-service/target/test-dir/TestContainerPersistence/hdds/25c91374-21df-4f98-ab98-a92c9bce9068/DS-f7cdbf4f-1e09-45ff-b2bd-8882008b4386/container.db for volume DS-f7cdbf4f-1e09-45ff-b2bd-8882008b4386
2022-08-21 10:58:19,220 [Time-limited test] INFO  impl.TestContainerPersistence (TestContainerPersistence.java:cleanupDir(170)) - Deleting /home/runner/work/ozone/ozone/hadoop-hdds/container-service/target/test-dir/TestContainerPersistence
]]></system-out>
  </testcase>
  <testcase name="testPutBlock" classname="TestContainerPersistence" time="0.049">
    <system-out><![CDATA[2022-08-21 10:58:20,492 [Time-limited test] INFO  volume.HddsVolume (HddsVolume.java:<init>(117)) - Creating HddsVolume: /home/runner/work/ozone/ozone/hadoop-hdds/container-service/target/test-dir/TestContainerPersistence/hdds of storage type : DISK capacity : 9223372036854775807
2022-08-21 10:58:20,492 [Time-limited test] INFO  volume.MutableVolumeSet (MutableVolumeSet.java:initializeVolumeSet(174)) - Added Volume : /home/runner/work/ozone/ozone/hadoop-hdds/container-service/target/test-dir/TestContainerPersistence/hdds to VolumeSet
2022-08-21 10:58:20,536 [Time-limited test] INFO  impl.TestContainerPersistence (TestContainerPersistence.java:cleanupDir(170)) - Deleting /home/runner/work/ozone/ozone/hadoop-hdds/container-service/target/test-dir/TestContainerPersistence
]]></system-out>
  </testcase>
  <testcase name="testPutBlock" classname="TestContainerPersistence" time="0.042">
    <system-out><![CDATA[2022-08-21 10:58:21,715 [Time-limited test] INFO  volume.HddsVolume (HddsVolume.java:<init>(117)) - Creating HddsVolume: /home/runner/work/ozone/ozone/hadoop-hdds/container-service/target/test-dir/TestContainerPersistence/hdds of storage type : DISK capacity : 9223372036854775807
2022-08-21 10:58:21,715 [Time-limited test] INFO  volume.MutableVolumeSet (MutableVolumeSet.java:initializeVolumeSet(174)) - Added Volume : /home/runner/work/ozone/ozone/hadoop-hdds/container-service/target/test-dir/TestContainerPersistence/hdds to VolumeSet
2022-08-21 10:58:21,754 [Time-limited test] INFO  impl.TestContainerPersistence (TestContainerPersistence.java:cleanupDir(170)) - Deleting /home/runner/work/ozone/ozone/hadoop-hdds/container-service/target/test-dir/TestContainerPersistence
]]></system-out>
  </testcase>
  <testcase name="testPutBlock" classname="TestContainerPersistence" time="0.04">
    <system-out><![CDATA[2022-08-21 10:58:22,856 [Time-limited test] INFO  volume.HddsVolume (HddsVolume.java:<init>(117)) - Creating HddsVolume: /home/runner/work/ozone/ozone/hadoop-hdds/container-service/target/test-dir/TestContainerPersistence/hdds of storage type : DISK capacity : 9223372036854775807
2022-08-21 10:58:22,856 [Time-limited test] INFO  volume.MutableVolumeSet (MutableVolumeSet.java:initializeVolumeSet(174)) - Added Volume : /home/runner/work/ozone/ozone/hadoop-hdds/container-service/target/test-dir/TestContainerPersistence/hdds to VolumeSet
2022-08-21 10:58:22,886 [Time-limited test] INFO  volume.HddsVolume (HddsVolume.java:createDbStore(310)) - SchemaV3 db is created and loaded at /home/runner/work/ozone/ozone/hadoop-hdds/container-service/target/test-dir/TestContainerPersistence/hdds/25c91374-21df-4f98-ab98-a92c9bce9068/DS-ad54cb6d-ab45-4d55-ad57-f851c8dbc45e/container.db for volume DS-ad54cb6d-ab45-4d55-ad57-f851c8dbc45e
2022-08-21 10:58:22,892 [Time-limited test] INFO  impl.TestContainerPersistence (TestContainerPersistence.java:cleanupDir(170)) - Deleting /home/runner/work/ozone/ozone/hadoop-hdds/container-service/target/test-dir/TestContainerPersistence
]]></system-out>
  </testcase>
  <testcase name="testDeleteChunk" classname="TestContainerPersistence" time="0.112">
    <system-out><![CDATA[2022-08-21 10:58:15,246 [Time-limited test] INFO  volume.HddsVolume (HddsVolume.java:<init>(117)) - Creating HddsVolume: /home/runner/work/ozone/ozone/hadoop-hdds/container-service/target/test-dir/TestContainerPersistence/hdds of storage type : DISK capacity : 9223372036854775807
2022-08-21 10:58:15,247 [Time-limited test] INFO  volume.MutableVolumeSet (MutableVolumeSet.java:initializeVolumeSet(174)) - Added Volume : /home/runner/work/ozone/ozone/hadoop-hdds/container-service/target/test-dir/TestContainerPersistence/hdds to VolumeSet
2022-08-21 10:58:15,341 [Time-limited test] INFO  impl.FilePerChunkStrategy (FilePerChunkStrategy.java:deleteChunk(322)) - Deleted chunk file /home/runner/work/ozone/ozone/hadoop-hdds/container-service/target/test-dir/TestContainerPersistence/hdds/25c91374-21df-4f98-ab98-a92c9bce9068/current/containerDir209/1661079495261/chunks/1661079495302.data.1 (size 1024) for chunk ChunkInfo{chunkName='1661079495302.data.1, offset=0, len=1024}
2022-08-21 10:58:15,348 [Time-limited test] INFO  impl.TestContainerPersistence (TestContainerPersistence.java:cleanupDir(170)) - Deleting /home/runner/work/ozone/ozone/hadoop-hdds/container-service/target/test-dir/TestContainerPersistence
]]></system-out>
  </testcase>
  <testcase name="testDeleteChunk" classname="TestContainerPersistence" time="0.038">
    <system-out><![CDATA[2022-08-21 10:58:17,540 [Time-limited test] INFO  volume.HddsVolume (HddsVolume.java:<init>(117)) - Creating HddsVolume: /home/runner/work/ozone/ozone/hadoop-hdds/container-service/target/test-dir/TestContainerPersistence/hdds of storage type : DISK capacity : 9223372036854775807
2022-08-21 10:58:17,540 [Time-limited test] INFO  volume.MutableVolumeSet (MutableVolumeSet.java:initializeVolumeSet(174)) - Added Volume : /home/runner/work/ozone/ozone/hadoop-hdds/container-service/target/test-dir/TestContainerPersistence/hdds to VolumeSet
2022-08-21 10:58:17,574 [Time-limited test] INFO  impl.FilePerChunkStrategy (FilePerChunkStrategy.java:deleteChunk(322)) - Deleted chunk file /home/runner/work/ozone/ozone/hadoop-hdds/container-service/target/test-dir/TestContainerPersistence/hdds/25c91374-21df-4f98-ab98-a92c9bce9068/current/containerDir213/1661079497547/chunks/1661079497574.data.1 (size 1024) for chunk ChunkInfo{chunkName='1661079497574.data.1, offset=0, len=1024}
2022-08-21 10:58:17,575 [Time-limited test] INFO  impl.TestContainerPersistence (TestContainerPersistence.java:cleanupDir(170)) - Deleting /home/runner/work/ozone/ozone/hadoop-hdds/container-service/target/test-dir/TestContainerPersistence
]]></system-out>
  </testcase>
  <testcase name="testDeleteChunk" classname="TestContainerPersistence" time="0.044">
    <system-out><![CDATA[2022-08-21 10:58:19,223 [Time-limited test] INFO  volume.HddsVolume (HddsVolume.java:<init>(117)) - Creating HddsVolume: /home/runner/work/ozone/ozone/hadoop-hdds/container-service/target/test-dir/TestContainerPersistence/hdds of storage type : DISK capacity : 9223372036854775807
2022-08-21 10:58:19,223 [Time-limited test] INFO  volume.MutableVolumeSet (MutableVolumeSet.java:initializeVolumeSet(174)) - Added Volume : /home/runner/work/ozone/ozone/hadoop-hdds/container-service/target/test-dir/TestContainerPersistence/hdds to VolumeSet
2022-08-21 10:58:19,255 [Time-limited test] INFO  volume.HddsVolume (HddsVolume.java:createDbStore(310)) - SchemaV3 db is created and loaded at /home/runner/work/ozone/ozone/hadoop-hdds/container-service/target/test-dir/TestContainerPersistence/hdds/25c91374-21df-4f98-ab98-a92c9bce9068/DS-af77327f-5833-4003-ad27-5263a8008e2f/container.db for volume DS-af77327f-5833-4003-ad27-5263a8008e2f
2022-08-21 10:58:19,260 [Time-limited test] INFO  impl.FilePerChunkStrategy (FilePerChunkStrategy.java:deleteChunk(322)) - Deleted chunk file /home/runner/work/ozone/ozone/hadoop-hdds/container-service/target/test-dir/TestContainerPersistence/hdds/25c91374-21df-4f98-ab98-a92c9bce9068/current/containerDir216/1661079499255/chunks/1661079499259.data.1 (size 1024) for chunk ChunkInfo{chunkName='1661079499259.data.1, offset=0, len=1024}
2022-08-21 10:58:19,264 [Time-limited test] INFO  impl.TestContainerPersistence (TestContainerPersistence.java:cleanupDir(170)) - Deleting /home/runner/work/ozone/ozone/hadoop-hdds/container-service/target/test-dir/TestContainerPersistence
]]></system-out>
  </testcase>
  <testcase name="testDeleteChunk" classname="TestContainerPersistence" time="0.037">
    <system-out><![CDATA[2022-08-21 10:58:20,540 [Time-limited test] INFO  volume.HddsVolume (HddsVolume.java:<init>(117)) - Creating HddsVolume: /home/runner/work/ozone/ozone/hadoop-hdds/container-service/target/test-dir/TestContainerPersistence/hdds of storage type : DISK capacity : 9223372036854775807
2022-08-21 10:58:20,540 [Time-limited test] INFO  volume.MutableVolumeSet (MutableVolumeSet.java:initializeVolumeSet(174)) - Added Volume : /home/runner/work/ozone/ozone/hadoop-hdds/container-service/target/test-dir/TestContainerPersistence/hdds to VolumeSet
2022-08-21 10:58:20,574 [Time-limited test] INFO  impl.FilePerBlockStrategy (FilePerBlockStrategy.java:deleteChunk(232)) - Deleted block file: /home/runner/work/ozone/ozone/hadoop-hdds/container-service/target/test-dir/TestContainerPersistence/hdds/25c91374-21df-4f98-ab98-a92c9bce9068/current/containerDir219/1661079500547/chunks/1661079500573.block
2022-08-21 10:58:20,574 [Time-limited test] INFO  impl.TestContainerPersistence (TestContainerPersistence.java:cleanupDir(170)) - Deleting /home/runner/work/ozone/ozone/hadoop-hdds/container-service/target/test-dir/TestContainerPersistence
]]></system-out>
  </testcase>
  <testcase name="testDeleteChunk" classname="TestContainerPersistence" time="0.041">
    <system-out><![CDATA[2022-08-21 10:58:21,760 [Time-limited test] INFO  volume.HddsVolume (HddsVolume.java:<init>(117)) - Creating HddsVolume: /home/runner/work/ozone/ozone/hadoop-hdds/container-service/target/test-dir/TestContainerPersistence/hdds of storage type : DISK capacity : 9223372036854775807
2022-08-21 10:58:21,760 [Time-limited test] INFO  volume.MutableVolumeSet (MutableVolumeSet.java:initializeVolumeSet(174)) - Added Volume : /home/runner/work/ozone/ozone/hadoop-hdds/container-service/target/test-dir/TestContainerPersistence/hdds to VolumeSet
2022-08-21 10:58:21,793 [Time-limited test] INFO  impl.FilePerBlockStrategy (FilePerBlockStrategy.java:deleteChunk(232)) - Deleted block file: /home/runner/work/ozone/ozone/hadoop-hdds/container-service/target/test-dir/TestContainerPersistence/hdds/25c91374-21df-4f98-ab98-a92c9bce9068/current/containerDir221/1661079501766/chunks/1661079501793.block
2022-08-21 10:58:21,796 [Time-limited test] INFO  impl.TestContainerPersistence (TestContainerPersistence.java:cleanupDir(170)) - Deleting /home/runner/work/ozone/ozone/hadoop-hdds/container-service/target/test-dir/TestContainerPersistence
]]></system-out>
  </testcase>
  <testcase name="testDeleteChunk" classname="TestContainerPersistence" time="0.034">
    <system-out><![CDATA[2022-08-21 10:58:22,896 [Time-limited test] INFO  volume.HddsVolume (HddsVolume.java:<init>(117)) - Creating HddsVolume: /home/runner/work/ozone/ozone/hadoop-hdds/container-service/target/test-dir/TestContainerPersistence/hdds of storage type : DISK capacity : 9223372036854775807
2022-08-21 10:58:22,896 [Time-limited test] INFO  volume.MutableVolumeSet (MutableVolumeSet.java:initializeVolumeSet(174)) - Added Volume : /home/runner/work/ozone/ozone/hadoop-hdds/container-service/target/test-dir/TestContainerPersistence/hdds to VolumeSet
2022-08-21 10:58:22,921 [Time-limited test] INFO  volume.HddsVolume (HddsVolume.java:createDbStore(310)) - SchemaV3 db is created and loaded at /home/runner/work/ozone/ozone/hadoop-hdds/container-service/target/test-dir/TestContainerPersistence/hdds/25c91374-21df-4f98-ab98-a92c9bce9068/DS-dccb21df-ed90-4197-857f-e41eb2dc70b0/container.db for volume DS-dccb21df-ed90-4197-857f-e41eb2dc70b0
2022-08-21 10:58:22,925 [Time-limited test] INFO  impl.FilePerBlockStrategy (FilePerBlockStrategy.java:deleteChunk(232)) - Deleted block file: /home/runner/work/ozone/ozone/hadoop-hdds/container-service/target/test-dir/TestContainerPersistence/hdds/25c91374-21df-4f98-ab98-a92c9bce9068/current/containerDir224/1661079502921/chunks/1661079502925.block
2022-08-21 10:58:22,926 [Time-limited test] INFO  impl.TestContainerPersistence (TestContainerPersistence.java:cleanupDir(170)) - Deleting /home/runner/work/ozone/ozone/hadoop-hdds/container-service/target/test-dir/TestContainerPersistence
]]></system-out>
  </testcase>
  <testcase name="testWriteChunk" classname="TestContainerPersistence" time="0.063">
    <system-out><![CDATA[2022-08-21 10:58:15,358 [Time-limited test] INFO  volume.HddsVolume (HddsVolume.java:<init>(117)) - Creating HddsVolume: /home/runner/work/ozone/ozone/hadoop-hdds/container-service/target/test-dir/TestContainerPersistence/hdds of storage type : DISK capacity : 9223372036854775807
2022-08-21 10:58:15,358 [Time-limited test] INFO  volume.MutableVolumeSet (MutableVolumeSet.java:initializeVolumeSet(174)) - Added Volume : /home/runner/work/ozone/ozone/hadoop-hdds/container-service/target/test-dir/TestContainerPersistence/hdds to VolumeSet
2022-08-21 10:58:15,415 [Time-limited test] INFO  impl.TestContainerPersistence (TestContainerPersistence.java:cleanupDir(170)) - Deleting /home/runner/work/ozone/ozone/hadoop-hdds/container-service/target/test-dir/TestContainerPersistence
]]></system-out>
  </testcase>
  <testcase name="testWriteChunk" classname="TestContainerPersistence" time="0.037">
    <system-out><![CDATA[2022-08-21 10:58:17,578 [Time-limited test] INFO  volume.HddsVolume (HddsVolume.java:<init>(117)) - Creating HddsVolume: /home/runner/work/ozone/ozone/hadoop-hdds/container-service/target/test-dir/TestContainerPersistence/hdds of storage type : DISK capacity : 9223372036854775807
2022-08-21 10:58:17,578 [Time-limited test] INFO  volume.MutableVolumeSet (MutableVolumeSet.java:initializeVolumeSet(174)) - Added Volume : /home/runner/work/ozone/ozone/hadoop-hdds/container-service/target/test-dir/TestContainerPersistence/hdds to VolumeSet
2022-08-21 10:58:17,612 [Time-limited test] INFO  impl.TestContainerPersistence (TestContainerPersistence.java:cleanupDir(170)) - Deleting /home/runner/work/ozone/ozone/hadoop-hdds/container-service/target/test-dir/TestContainerPersistence
]]></system-out>
  </testcase>
  <testcase name="testWriteChunk" classname="TestContainerPersistence" time="0.043">
    <system-out><![CDATA[2022-08-21 10:58:19,267 [Time-limited test] INFO  volume.HddsVolume (HddsVolume.java:<init>(117)) - Creating HddsVolume: /home/runner/work/ozone/ozone/hadoop-hdds/container-service/target/test-dir/TestContainerPersistence/hdds of storage type : DISK capacity : 9223372036854775807
2022-08-21 10:58:19,267 [Time-limited test] INFO  volume.MutableVolumeSet (MutableVolumeSet.java:initializeVolumeSet(174)) - Added Volume : /home/runner/work/ozone/ozone/hadoop-hdds/container-service/target/test-dir/TestContainerPersistence/hdds to VolumeSet
2022-08-21 10:58:19,298 [Time-limited test] INFO  volume.HddsVolume (HddsVolume.java:createDbStore(310)) - SchemaV3 db is created and loaded at /home/runner/work/ozone/ozone/hadoop-hdds/container-service/target/test-dir/TestContainerPersistence/hdds/25c91374-21df-4f98-ab98-a92c9bce9068/DS-ecea8e68-0775-4d09-9d6c-ab46d3d98bb3/container.db for volume DS-ecea8e68-0775-4d09-9d6c-ab46d3d98bb3
2022-08-21 10:58:19,303 [Time-limited test] INFO  impl.TestContainerPersistence (TestContainerPersistence.java:cleanupDir(170)) - Deleting /home/runner/work/ozone/ozone/hadoop-hdds/container-service/target/test-dir/TestContainerPersistence
]]></system-out>
  </testcase>
  <testcase name="testWriteChunk" classname="TestContainerPersistence" time="0.045">
    <system-out><![CDATA[2022-08-21 10:58:20,580 [Time-limited test] INFO  volume.HddsVolume (HddsVolume.java:<init>(117)) - Creating HddsVolume: /home/runner/work/ozone/ozone/hadoop-hdds/container-service/target/test-dir/TestContainerPersistence/hdds of storage type : DISK capacity : 9223372036854775807
2022-08-21 10:58:20,580 [Time-limited test] INFO  volume.MutableVolumeSet (MutableVolumeSet.java:initializeVolumeSet(174)) - Added Volume : /home/runner/work/ozone/ozone/hadoop-hdds/container-service/target/test-dir/TestContainerPersistence/hdds to VolumeSet
2022-08-21 10:58:20,620 [Time-limited test] INFO  impl.TestContainerPersistence (TestContainerPersistence.java:cleanupDir(170)) - Deleting /home/runner/work/ozone/ozone/hadoop-hdds/container-service/target/test-dir/TestContainerPersistence
]]></system-out>
  </testcase>
  <testcase name="testWriteChunk" classname="TestContainerPersistence" time="0.039">
    <system-out><![CDATA[2022-08-21 10:58:21,799 [Time-limited test] INFO  volume.HddsVolume (HddsVolume.java:<init>(117)) - Creating HddsVolume: /home/runner/work/ozone/ozone/hadoop-hdds/container-service/target/test-dir/TestContainerPersistence/hdds of storage type : DISK capacity : 9223372036854775807
2022-08-21 10:58:21,799 [Time-limited test] INFO  volume.MutableVolumeSet (MutableVolumeSet.java:initializeVolumeSet(174)) - Added Volume : /home/runner/work/ozone/ozone/hadoop-hdds/container-service/target/test-dir/TestContainerPersistence/hdds to VolumeSet
2022-08-21 10:58:21,836 [Time-limited test] INFO  impl.TestContainerPersistence (TestContainerPersistence.java:cleanupDir(170)) - Deleting /home/runner/work/ozone/ozone/hadoop-hdds/container-service/target/test-dir/TestContainerPersistence
]]></system-out>
  </testcase>
  <testcase name="testWriteChunk" classname="TestContainerPersistence" time="0.036">
    <system-out><![CDATA[2022-08-21 10:58:22,932 [Time-limited test] INFO  volume.HddsVolume (HddsVolume.java:<init>(117)) - Creating HddsVolume: /home/runner/work/ozone/ozone/hadoop-hdds/container-service/target/test-dir/TestContainerPersistence/hdds of storage type : DISK capacity : 9223372036854775807
2022-08-21 10:58:22,932 [Time-limited test] INFO  volume.MutableVolumeSet (MutableVolumeSet.java:initializeVolumeSet(174)) - Added Volume : /home/runner/work/ozone/ozone/hadoop-hdds/container-service/target/test-dir/TestContainerPersistence/hdds to VolumeSet
2022-08-21 10:58:22,958 [Time-limited test] INFO  volume.HddsVolume (HddsVolume.java:createDbStore(310)) - SchemaV3 db is created and loaded at /home/runner/work/ozone/ozone/hadoop-hdds/container-service/target/test-dir/TestContainerPersistence/hdds/25c91374-21df-4f98-ab98-a92c9bce9068/DS-00f03ab5-dded-45bf-873b-df5fffc8d81f/container.db for volume DS-00f03ab5-dded-45bf-873b-df5fffc8d81f
2022-08-21 10:58:22,962 [Time-limited test] INFO  impl.TestContainerPersistence (TestContainerPersistence.java:cleanupDir(170)) - Deleting /home/runner/work/ozone/ozone/hadoop-hdds/container-service/target/test-dir/TestContainerPersistence
]]></system-out>
  </testcase>
  <testcase name="testPutBlockWithInvalidBCSId" classname="TestContainerPersistence" time="0.054">
    <system-out><![CDATA[2022-08-21 10:58:15,423 [Time-limited test] INFO  volume.HddsVolume (HddsVolume.java:<init>(117)) - Creating HddsVolume: /home/runner/work/ozone/ozone/hadoop-hdds/container-service/target/test-dir/TestContainerPersistence/hdds of storage type : DISK capacity : 9223372036854775807
2022-08-21 10:58:15,423 [Time-limited test] INFO  volume.MutableVolumeSet (MutableVolumeSet.java:initializeVolumeSet(174)) - Added Volume : /home/runner/work/ozone/ozone/hadoop-hdds/container-service/target/test-dir/TestContainerPersistence/hdds to VolumeSet
2022-08-21 10:58:15,466 [Time-limited test] INFO  impl.TestContainerPersistence (TestContainerPersistence.java:cleanupDir(170)) - Deleting /home/runner/work/ozone/ozone/hadoop-hdds/container-service/target/test-dir/TestContainerPersistence
]]></system-out>
  </testcase>
  <testcase name="testPutBlockWithInvalidBCSId" classname="TestContainerPersistence" time="0.047">
    <system-out><![CDATA[2022-08-21 10:58:17,620 [Time-limited test] INFO  volume.HddsVolume (HddsVolume.java:<init>(117)) - Creating HddsVolume: /home/runner/work/ozone/ozone/hadoop-hdds/container-service/target/test-dir/TestContainerPersistence/hdds of storage type : DISK capacity : 9223372036854775807
2022-08-21 10:58:17,621 [Time-limited test] INFO  volume.MutableVolumeSet (MutableVolumeSet.java:initializeVolumeSet(174)) - Added Volume : /home/runner/work/ozone/ozone/hadoop-hdds/container-service/target/test-dir/TestContainerPersistence/hdds to VolumeSet
2022-08-21 10:58:17,658 [Time-limited test] INFO  impl.TestContainerPersistence (TestContainerPersistence.java:cleanupDir(170)) - Deleting /home/runner/work/ozone/ozone/hadoop-hdds/container-service/target/test-dir/TestContainerPersistence
]]></system-out>
  </testcase>
  <testcase name="testPutBlockWithInvalidBCSId" classname="TestContainerPersistence" time="0.043">
    <system-out><![CDATA[2022-08-21 10:58:19,312 [Time-limited test] INFO  volume.HddsVolume (HddsVolume.java:<init>(117)) - Creating HddsVolume: /home/runner/work/ozone/ozone/hadoop-hdds/container-service/target/test-dir/TestContainerPersistence/hdds of storage type : DISK capacity : 9223372036854775807
2022-08-21 10:58:19,312 [Time-limited test] INFO  volume.MutableVolumeSet (MutableVolumeSet.java:initializeVolumeSet(174)) - Added Volume : /home/runner/work/ozone/ozone/hadoop-hdds/container-service/target/test-dir/TestContainerPersistence/hdds to VolumeSet
2022-08-21 10:58:19,341 [Time-limited test] INFO  volume.HddsVolume (HddsVolume.java:createDbStore(310)) - SchemaV3 db is created and loaded at /home/runner/work/ozone/ozone/hadoop-hdds/container-service/target/test-dir/TestContainerPersistence/hdds/25c91374-21df-4f98-ab98-a92c9bce9068/DS-91a1db4f-2f7f-40ed-86e2-f0f121c6cfc2/container.db for volume DS-91a1db4f-2f7f-40ed-86e2-f0f121c6cfc2
2022-08-21 10:58:19,350 [Time-limited test] INFO  impl.TestContainerPersistence (TestContainerPersistence.java:cleanupDir(170)) - Deleting /home/runner/work/ozone/ozone/hadoop-hdds/container-service/target/test-dir/TestContainerPersistence
]]></system-out>
  </testcase>
  <testcase name="testPutBlockWithInvalidBCSId" classname="TestContainerPersistence" time="0.046">
    <system-out><![CDATA[2022-08-21 10:58:20,624 [Time-limited test] INFO  volume.HddsVolume (HddsVolume.java:<init>(117)) - Creating HddsVolume: /home/runner/work/ozone/ozone/hadoop-hdds/container-service/target/test-dir/TestContainerPersistence/hdds of storage type : DISK capacity : 9223372036854775807
2022-08-21 10:58:20,624 [Time-limited test] INFO  volume.MutableVolumeSet (MutableVolumeSet.java:initializeVolumeSet(174)) - Added Volume : /home/runner/work/ozone/ozone/hadoop-hdds/container-service/target/test-dir/TestContainerPersistence/hdds to VolumeSet
2022-08-21 10:58:20,666 [Time-limited test] INFO  impl.TestContainerPersistence (TestContainerPersistence.java:cleanupDir(170)) - Deleting /home/runner/work/ozone/ozone/hadoop-hdds/container-service/target/test-dir/TestContainerPersistence
]]></system-out>
  </testcase>
  <testcase name="testPutBlockWithInvalidBCSId" classname="TestContainerPersistence" time="0.04">
    <system-out><![CDATA[2022-08-21 10:58:21,840 [Time-limited test] INFO  volume.HddsVolume (HddsVolume.java:<init>(117)) - Creating HddsVolume: /home/runner/work/ozone/ozone/hadoop-hdds/container-service/target/test-dir/TestContainerPersistence/hdds of storage type : DISK capacity : 9223372036854775807
2022-08-21 10:58:21,840 [Time-limited test] INFO  volume.MutableVolumeSet (MutableVolumeSet.java:initializeVolumeSet(174)) - Added Volume : /home/runner/work/ozone/ozone/hadoop-hdds/container-service/target/test-dir/TestContainerPersistence/hdds to VolumeSet
2022-08-21 10:58:21,876 [Time-limited test] INFO  impl.TestContainerPersistence (TestContainerPersistence.java:cleanupDir(170)) - Deleting /home/runner/work/ozone/ozone/hadoop-hdds/container-service/target/test-dir/TestContainerPersistence
]]></system-out>
  </testcase>
  <testcase name="testPutBlockWithInvalidBCSId" classname="TestContainerPersistence" time="0.042">
    <system-out><![CDATA[2022-08-21 10:58:22,968 [Time-limited test] INFO  volume.HddsVolume (HddsVolume.java:<init>(117)) - Creating HddsVolume: /home/runner/work/ozone/ozone/hadoop-hdds/container-service/target/test-dir/TestContainerPersistence/hdds of storage type : DISK capacity : 9223372036854775807
2022-08-21 10:58:22,968 [Time-limited test] INFO  volume.MutableVolumeSet (MutableVolumeSet.java:initializeVolumeSet(174)) - Added Volume : /home/runner/work/ozone/ozone/hadoop-hdds/container-service/target/test-dir/TestContainerPersistence/hdds to VolumeSet
2022-08-21 10:58:22,994 [Time-limited test] INFO  volume.HddsVolume (HddsVolume.java:createDbStore(310)) - SchemaV3 db is created and loaded at /home/runner/work/ozone/ozone/hadoop-hdds/container-service/target/test-dir/TestContainerPersistence/hdds/25c91374-21df-4f98-ab98-a92c9bce9068/DS-00b561ba-4a43-4ab3-b052-bb730e9860ba/container.db for volume DS-00b561ba-4a43-4ab3-b052-bb730e9860ba
2022-08-21 10:58:23,004 [Time-limited test] INFO  impl.TestContainerPersistence (TestContainerPersistence.java:cleanupDir(170)) - Deleting /home/runner/work/ozone/ozone/hadoop-hdds/container-service/target/test-dir/TestContainerPersistence
]]></system-out>
  </testcase>
  <testcase name="testListBlock" classname="TestContainerPersistence" time="0.057">
    <system-out><![CDATA[2022-08-21 10:58:15,475 [Time-limited test] INFO  volume.HddsVolume (HddsVolume.java:<init>(117)) - Creating HddsVolume: /home/runner/work/ozone/ozone/hadoop-hdds/container-service/target/test-dir/TestContainerPersistence/hdds of storage type : DISK capacity : 9223372036854775807
2022-08-21 10:58:15,475 [Time-limited test] INFO  volume.MutableVolumeSet (MutableVolumeSet.java:initializeVolumeSet(174)) - Added Volume : /home/runner/work/ozone/ozone/hadoop-hdds/container-service/target/test-dir/TestContainerPersistence/hdds to VolumeSet
2022-08-21 10:58:15,526 [Time-limited test] INFO  impl.TestContainerPersistence (TestContainerPersistence.java:cleanupDir(170)) - Deleting /home/runner/work/ozone/ozone/hadoop-hdds/container-service/target/test-dir/TestContainerPersistence
]]></system-out>
  </testcase>
  <testcase name="testListBlock" classname="TestContainerPersistence" time="0.032">
    <system-out><![CDATA[2022-08-21 10:58:17,661 [Time-limited test] INFO  volume.HddsVolume (HddsVolume.java:<init>(117)) - Creating HddsVolume: /home/runner/work/ozone/ozone/hadoop-hdds/container-service/target/test-dir/TestContainerPersistence/hdds of storage type : DISK capacity : 9223372036854775807
2022-08-21 10:58:17,661 [Time-limited test] INFO  volume.MutableVolumeSet (MutableVolumeSet.java:initializeVolumeSet(174)) - Added Volume : /home/runner/work/ozone/ozone/hadoop-hdds/container-service/target/test-dir/TestContainerPersistence/hdds to VolumeSet
2022-08-21 10:58:17,690 [Time-limited test] INFO  impl.TestContainerPersistence (TestContainerPersistence.java:cleanupDir(170)) - Deleting /home/runner/work/ozone/ozone/hadoop-hdds/container-service/target/test-dir/TestContainerPersistence
]]></system-out>
  </testcase>
  <testcase name="testListBlock" classname="TestContainerPersistence" time="0.046">
    <system-out><![CDATA[2022-08-21 10:58:19,356 [Time-limited test] INFO  volume.HddsVolume (HddsVolume.java:<init>(117)) - Creating HddsVolume: /home/runner/work/ozone/ozone/hadoop-hdds/container-service/target/test-dir/TestContainerPersistence/hdds of storage type : DISK capacity : 9223372036854775807
2022-08-21 10:58:19,356 [Time-limited test] INFO  volume.MutableVolumeSet (MutableVolumeSet.java:initializeVolumeSet(174)) - Added Volume : /home/runner/work/ozone/ozone/hadoop-hdds/container-service/target/test-dir/TestContainerPersistence/hdds to VolumeSet
2022-08-21 10:58:19,386 [Time-limited test] INFO  volume.HddsVolume (HddsVolume.java:createDbStore(310)) - SchemaV3 db is created and loaded at /home/runner/work/ozone/ozone/hadoop-hdds/container-service/target/test-dir/TestContainerPersistence/hdds/25c91374-21df-4f98-ab98-a92c9bce9068/DS-a9c0276e-b7c7-4e98-9c5c-838368114922/container.db for volume DS-a9c0276e-b7c7-4e98-9c5c-838368114922
2022-08-21 10:58:19,396 [Time-limited test] INFO  impl.TestContainerPersistence (TestContainerPersistence.java:cleanupDir(170)) - Deleting /home/runner/work/ozone/ozone/hadoop-hdds/container-service/target/test-dir/TestContainerPersistence
]]></system-out>
  </testcase>
  <testcase name="testListBlock" classname="TestContainerPersistence" time="0.04">
    <system-out><![CDATA[2022-08-21 10:58:20,669 [Time-limited test] INFO  volume.HddsVolume (HddsVolume.java:<init>(117)) - Creating HddsVolume: /home/runner/work/ozone/ozone/hadoop-hdds/container-service/target/test-dir/TestContainerPersistence/hdds of storage type : DISK capacity : 9223372036854775807
2022-08-21 10:58:20,669 [Time-limited test] INFO  volume.MutableVolumeSet (MutableVolumeSet.java:initializeVolumeSet(174)) - Added Volume : /home/runner/work/ozone/ozone/hadoop-hdds/container-service/target/test-dir/TestContainerPersistence/hdds to VolumeSet
2022-08-21 10:58:20,704 [Time-limited test] INFO  impl.TestContainerPersistence (TestContainerPersistence.java:cleanupDir(170)) - Deleting /home/runner/work/ozone/ozone/hadoop-hdds/container-service/target/test-dir/TestContainerPersistence
]]></system-out>
  </testcase>
  <testcase name="testListBlock" classname="TestContainerPersistence" time="0.036">
    <system-out><![CDATA[2022-08-21 10:58:21,878 [Time-limited test] INFO  volume.HddsVolume (HddsVolume.java:<init>(117)) - Creating HddsVolume: /home/runner/work/ozone/ozone/hadoop-hdds/container-service/target/test-dir/TestContainerPersistence/hdds of storage type : DISK capacity : 9223372036854775807
2022-08-21 10:58:21,878 [Time-limited test] INFO  volume.MutableVolumeSet (MutableVolumeSet.java:initializeVolumeSet(174)) - Added Volume : /home/runner/work/ozone/ozone/hadoop-hdds/container-service/target/test-dir/TestContainerPersistence/hdds to VolumeSet
2022-08-21 10:58:21,912 [Time-limited test] INFO  impl.TestContainerPersistence (TestContainerPersistence.java:cleanupDir(170)) - Deleting /home/runner/work/ozone/ozone/hadoop-hdds/container-service/target/test-dir/TestContainerPersistence
]]></system-out>
  </testcase>
  <testcase name="testListBlock" classname="TestContainerPersistence" time="0.04">
    <system-out><![CDATA[2022-08-21 10:58:23,006 [Time-limited test] INFO  volume.HddsVolume (HddsVolume.java:<init>(117)) - Creating HddsVolume: /home/runner/work/ozone/ozone/hadoop-hdds/container-service/target/test-dir/TestContainerPersistence/hdds of storage type : DISK capacity : 9223372036854775807
2022-08-21 10:58:23,006 [Time-limited test] INFO  volume.MutableVolumeSet (MutableVolumeSet.java:initializeVolumeSet(174)) - Added Volume : /home/runner/work/ozone/ozone/hadoop-hdds/container-service/target/test-dir/TestContainerPersistence/hdds to VolumeSet
2022-08-21 10:58:23,034 [Time-limited test] INFO  volume.HddsVolume (HddsVolume.java:createDbStore(310)) - SchemaV3 db is created and loaded at /home/runner/work/ozone/ozone/hadoop-hdds/container-service/target/test-dir/TestContainerPersistence/hdds/25c91374-21df-4f98-ab98-a92c9bce9068/DS-ca0f25de-37df-476b-a0d5-120d2bcd6f4e/container.db for volume DS-ca0f25de-37df-476b-a0d5-120d2bcd6f4e
2022-08-21 10:58:23,044 [Time-limited test] INFO  impl.TestContainerPersistence (TestContainerPersistence.java:cleanupDir(170)) - Deleting /home/runner/work/ozone/ozone/hadoop-hdds/container-service/target/test-dir/TestContainerPersistence
]]></system-out>
  </testcase>
  <testcase name="testGetContainerReports" classname="TestContainerPersistence" time="0.395">
    <system-out><![CDATA[2022-08-21 10:58:15,536 [Time-limited test] INFO  volume.HddsVolume (HddsVolume.java:<init>(117)) - Creating HddsVolume: /home/runner/work/ozone/ozone/hadoop-hdds/container-service/target/test-dir/TestContainerPersistence/hdds of storage type : DISK capacity : 9223372036854775807
2022-08-21 10:58:15,536 [Time-limited test] INFO  volume.MutableVolumeSet (MutableVolumeSet.java:initializeVolumeSet(174)) - Added Volume : /home/runner/work/ozone/ozone/hadoop-hdds/container-service/target/test-dir/TestContainerPersistence/hdds to VolumeSet
2022-08-21 10:58:15,577 [Time-limited test] INFO  keyvalue.KeyValueContainer (KeyValueContainer.java:flushAndSyncDB(436)) - Container 1661079495542 is synced with bcsId 0.
2022-08-21 10:58:15,578 [Time-limited test] INFO  keyvalue.KeyValueContainer (KeyValueContainer.java:flushAndSyncDB(436)) - Container 1661079495542 is synced with bcsId 0.
2022-08-21 10:58:15,582 [Time-limited test] INFO  keyvalue.KeyValueContainer (KeyValueContainer.java:close(351)) - Container 1661079495542 is closed with bcsId 0.
2022-08-21 10:58:15,672 [Time-limited test] INFO  keyvalue.KeyValueContainer (KeyValueContainer.java:flushAndSyncDB(436)) - Container 1661079495644 is synced with bcsId 0.
2022-08-21 10:58:15,672 [Time-limited test] INFO  keyvalue.KeyValueContainer (KeyValueContainer.java:flushAndSyncDB(436)) - Container 1661079495644 is synced with bcsId 0.
2022-08-21 10:58:15,677 [Time-limited test] INFO  keyvalue.KeyValueContainer (KeyValueContainer.java:close(351)) - Container 1661079495644 is closed with bcsId 0.
2022-08-21 10:58:15,767 [Time-limited test] INFO  keyvalue.KeyValueContainer (KeyValueContainer.java:flushAndSyncDB(436)) - Container 1661079495737 is synced with bcsId 0.
2022-08-21 10:58:15,767 [Time-limited test] INFO  keyvalue.KeyValueContainer (KeyValueContainer.java:flushAndSyncDB(436)) - Container 1661079495737 is synced with bcsId 0.
2022-08-21 10:58:15,769 [Time-limited test] INFO  keyvalue.KeyValueContainer (KeyValueContainer.java:close(351)) - Container 1661079495737 is closed with bcsId 0.
2022-08-21 10:58:15,875 [Time-limited test] INFO  keyvalue.KeyValueContainer (KeyValueContainer.java:flushAndSyncDB(436)) - Container 1661079495830 is synced with bcsId 0.
2022-08-21 10:58:15,876 [Time-limited test] INFO  keyvalue.KeyValueContainer (KeyValueContainer.java:flushAndSyncDB(436)) - Container 1661079495830 is synced with bcsId 0.
2022-08-21 10:58:15,880 [Time-limited test] INFO  keyvalue.KeyValueContainer (KeyValueContainer.java:close(351)) - Container 1661079495830 is closed with bcsId 0.
2022-08-21 10:58:15,902 [Time-limited test] INFO  impl.TestContainerPersistence (TestContainerPersistence.java:cleanupDir(170)) - Deleting /home/runner/work/ozone/ozone/hadoop-hdds/container-service/target/test-dir/TestContainerPersistence
]]></system-out>
  </testcase>
  <testcase name="testGetContainerReports" classname="TestContainerPersistence" time="0.23">
    <system-out><![CDATA[2022-08-21 10:58:17,693 [Time-limited test] INFO  volume.HddsVolume (HddsVolume.java:<init>(117)) - Creating HddsVolume: /home/runner/work/ozone/ozone/hadoop-hdds/container-service/target/test-dir/TestContainerPersistence/hdds of storage type : DISK capacity : 9223372036854775807
2022-08-21 10:58:17,693 [Time-limited test] INFO  volume.MutableVolumeSet (MutableVolumeSet.java:initializeVolumeSet(174)) - Added Volume : /home/runner/work/ozone/ozone/hadoop-hdds/container-service/target/test-dir/TestContainerPersistence/hdds to VolumeSet
2022-08-21 10:58:17,720 [Time-limited test] INFO  keyvalue.KeyValueContainer (KeyValueContainer.java:flushAndSyncDB(436)) - Container 1661079497699 is synced with bcsId 0.
2022-08-21 10:58:17,720 [Time-limited test] INFO  keyvalue.KeyValueContainer (KeyValueContainer.java:flushAndSyncDB(436)) - Container 1661079497699 is synced with bcsId 0.
2022-08-21 10:58:17,725 [Time-limited test] INFO  keyvalue.KeyValueContainer (KeyValueContainer.java:close(351)) - Container 1661079497699 is closed with bcsId 0.
2022-08-21 10:58:17,782 [Time-limited test] INFO  keyvalue.KeyValueContainer (KeyValueContainer.java:flushAndSyncDB(436)) - Container 1661079497763 is synced with bcsId 0.
2022-08-21 10:58:17,782 [Time-limited test] INFO  keyvalue.KeyValueContainer (KeyValueContainer.java:flushAndSyncDB(436)) - Container 1661079497763 is synced with bcsId 0.
2022-08-21 10:58:17,787 [Time-limited test] INFO  keyvalue.KeyValueContainer (KeyValueContainer.java:close(351)) - Container 1661079497763 is closed with bcsId 0.
2022-08-21 10:58:17,851 [Time-limited test] INFO  keyvalue.KeyValueContainer (KeyValueContainer.java:flushAndSyncDB(436)) - Container 1661079497827 is synced with bcsId 0.
2022-08-21 10:58:17,851 [Time-limited test] INFO  keyvalue.KeyValueContainer (KeyValueContainer.java:flushAndSyncDB(436)) - Container 1661079497827 is synced with bcsId 0.
2022-08-21 10:58:17,853 [Time-limited test] INFO  keyvalue.KeyValueContainer (KeyValueContainer.java:close(351)) - Container 1661079497827 is closed with bcsId 0.
2022-08-21 10:58:17,912 [Time-limited test] INFO  keyvalue.KeyValueContainer (KeyValueContainer.java:flushAndSyncDB(436)) - Container 1661079497893 is synced with bcsId 0.
2022-08-21 10:58:17,912 [Time-limited test] INFO  keyvalue.KeyValueContainer (KeyValueContainer.java:flushAndSyncDB(436)) - Container 1661079497893 is synced with bcsId 0.
2022-08-21 10:58:17,913 [Time-limited test] INFO  keyvalue.KeyValueContainer (KeyValueContainer.java:close(351)) - Container 1661079497893 is closed with bcsId 0.
2022-08-21 10:58:17,915 [Time-limited test] INFO  impl.TestContainerPersistence (TestContainerPersistence.java:cleanupDir(170)) - Deleting /home/runner/work/ozone/ozone/hadoop-hdds/container-service/target/test-dir/TestContainerPersistence
]]></system-out>
  </testcase>
  <testcase name="testGetContainerReports" classname="TestContainerPersistence" time="0.063">
    <system-out><![CDATA[2022-08-21 10:58:19,401 [Time-limited test] INFO  volume.HddsVolume (HddsVolume.java:<init>(117)) - Creating HddsVolume: /home/runner/work/ozone/ozone/hadoop-hdds/container-service/target/test-dir/TestContainerPersistence/hdds of storage type : DISK capacity : 9223372036854775807
2022-08-21 10:58:19,401 [Time-limited test] INFO  volume.MutableVolumeSet (MutableVolumeSet.java:initializeVolumeSet(174)) - Added Volume : /home/runner/work/ozone/ozone/hadoop-hdds/container-service/target/test-dir/TestContainerPersistence/hdds to VolumeSet
2022-08-21 10:58:19,430 [Time-limited test] INFO  volume.HddsVolume (HddsVolume.java:createDbStore(310)) - SchemaV3 db is created and loaded at /home/runner/work/ozone/ozone/hadoop-hdds/container-service/target/test-dir/TestContainerPersistence/hdds/25c91374-21df-4f98-ab98-a92c9bce9068/DS-661eeef6-0f46-4127-a25d-989f399d0822/container.db for volume DS-661eeef6-0f46-4127-a25d-989f399d0822
2022-08-21 10:58:19,432 [Time-limited test] INFO  keyvalue.KeyValueContainer (KeyValueContainer.java:flushAndSyncDB(436)) - Container 1661079499430 is synced with bcsId 0.
2022-08-21 10:58:19,433 [Time-limited test] INFO  keyvalue.KeyValueContainer (KeyValueContainer.java:flushAndSyncDB(436)) - Container 1661079499430 is synced with bcsId 0.
2022-08-21 10:58:19,434 [Time-limited test] INFO  keyvalue.KeyValueContainer (KeyValueContainer.java:close(351)) - Container 1661079499430 is closed with bcsId 0.
2022-08-21 10:58:19,440 [Time-limited test] INFO  keyvalue.KeyValueContainer (KeyValueContainer.java:flushAndSyncDB(436)) - Container 1661079499437 is synced with bcsId 0.
2022-08-21 10:58:19,440 [Time-limited test] INFO  keyvalue.KeyValueContainer (KeyValueContainer.java:flushAndSyncDB(436)) - Container 1661079499437 is synced with bcsId 0.
2022-08-21 10:58:19,441 [Time-limited test] INFO  keyvalue.KeyValueContainer (KeyValueContainer.java:close(351)) - Container 1661079499437 is closed with bcsId 0.
2022-08-21 10:58:19,449 [Time-limited test] INFO  keyvalue.KeyValueContainer (KeyValueContainer.java:flushAndSyncDB(436)) - Container 1661079499448 is synced with bcsId 0.
2022-08-21 10:58:19,449 [Time-limited test] INFO  keyvalue.KeyValueContainer (KeyValueContainer.java:flushAndSyncDB(436)) - Container 1661079499448 is synced with bcsId 0.
2022-08-21 10:58:19,450 [Time-limited test] INFO  keyvalue.KeyValueContainer (KeyValueContainer.java:close(351)) - Container 1661079499448 is closed with bcsId 0.
2022-08-21 10:58:19,455 [Time-limited test] INFO  keyvalue.KeyValueContainer (KeyValueContainer.java:flushAndSyncDB(436)) - Container 1661079499454 is synced with bcsId 0.
2022-08-21 10:58:19,455 [Time-limited test] INFO  keyvalue.KeyValueContainer (KeyValueContainer.java:flushAndSyncDB(436)) - Container 1661079499454 is synced with bcsId 0.
2022-08-21 10:58:19,457 [Time-limited test] INFO  keyvalue.KeyValueContainer (KeyValueContainer.java:close(351)) - Container 1661079499454 is closed with bcsId 0.
2022-08-21 10:58:19,458 [Time-limited test] INFO  impl.TestContainerPersistence (TestContainerPersistence.java:cleanupDir(170)) - Deleting /home/runner/work/ozone/ozone/hadoop-hdds/container-service/target/test-dir/TestContainerPersistence
]]></system-out>
  </testcase>
  <testcase name="testGetContainerReports" classname="TestContainerPersistence" time="0.258">
    <system-out><![CDATA[2022-08-21 10:58:20,712 [Time-limited test] INFO  volume.HddsVolume (HddsVolume.java:<init>(117)) - Creating HddsVolume: /home/runner/work/ozone/ozone/hadoop-hdds/container-service/target/test-dir/TestContainerPersistence/hdds of storage type : DISK capacity : 9223372036854775807
2022-08-21 10:58:20,712 [Time-limited test] INFO  volume.MutableVolumeSet (MutableVolumeSet.java:initializeVolumeSet(174)) - Added Volume : /home/runner/work/ozone/ozone/hadoop-hdds/container-service/target/test-dir/TestContainerPersistence/hdds to VolumeSet
2022-08-21 10:58:20,743 [Time-limited test] INFO  keyvalue.KeyValueContainer (KeyValueContainer.java:flushAndSyncDB(436)) - Container 1661079500718 is synced with bcsId 0.
2022-08-21 10:58:20,743 [Time-limited test] INFO  keyvalue.KeyValueContainer (KeyValueContainer.java:flushAndSyncDB(436)) - Container 1661079500718 is synced with bcsId 0.
2022-08-21 10:58:20,744 [Time-limited test] INFO  keyvalue.KeyValueContainer (KeyValueContainer.java:close(351)) - Container 1661079500718 is closed with bcsId 0.
2022-08-21 10:58:20,815 [Time-limited test] INFO  keyvalue.KeyValueContainer (KeyValueContainer.java:flushAndSyncDB(436)) - Container 1661079500790 is synced with bcsId 0.
2022-08-21 10:58:20,815 [Time-limited test] INFO  keyvalue.KeyValueContainer (KeyValueContainer.java:flushAndSyncDB(436)) - Container 1661079500790 is synced with bcsId 0.
2022-08-21 10:58:20,816 [Time-limited test] INFO  keyvalue.KeyValueContainer (KeyValueContainer.java:close(351)) - Container 1661079500790 is closed with bcsId 0.
2022-08-21 10:58:20,883 [Time-limited test] INFO  keyvalue.KeyValueContainer (KeyValueContainer.java:flushAndSyncDB(436)) - Container 1661079500859 is synced with bcsId 0.
2022-08-21 10:58:20,883 [Time-limited test] INFO  keyvalue.KeyValueContainer (KeyValueContainer.java:flushAndSyncDB(436)) - Container 1661079500859 is synced with bcsId 0.
2022-08-21 10:58:20,884 [Time-limited test] INFO  keyvalue.KeyValueContainer (KeyValueContainer.java:close(351)) - Container 1661079500859 is closed with bcsId 0.
2022-08-21 10:58:20,955 [Time-limited test] INFO  keyvalue.KeyValueContainer (KeyValueContainer.java:flushAndSyncDB(436)) - Container 1661079500932 is synced with bcsId 0.
2022-08-21 10:58:20,955 [Time-limited test] INFO  keyvalue.KeyValueContainer (KeyValueContainer.java:flushAndSyncDB(436)) - Container 1661079500932 is synced with bcsId 0.
2022-08-21 10:58:20,956 [Time-limited test] INFO  keyvalue.KeyValueContainer (KeyValueContainer.java:close(351)) - Container 1661079500932 is closed with bcsId 0.
2022-08-21 10:58:20,958 [Time-limited test] INFO  impl.TestContainerPersistence (TestContainerPersistence.java:cleanupDir(170)) - Deleting /home/runner/work/ozone/ozone/hadoop-hdds/container-service/target/test-dir/TestContainerPersistence
]]></system-out>
  </testcase>
  <testcase name="testGetContainerReports" classname="TestContainerPersistence" time="0.256">
    <system-out><![CDATA[2022-08-21 10:58:21,920 [Time-limited test] INFO  volume.HddsVolume (HddsVolume.java:<init>(117)) - Creating HddsVolume: /home/runner/work/ozone/ozone/hadoop-hdds/container-service/target/test-dir/TestContainerPersistence/hdds of storage type : DISK capacity : 9223372036854775807
2022-08-21 10:58:21,921 [Time-limited test] INFO  volume.MutableVolumeSet (MutableVolumeSet.java:initializeVolumeSet(174)) - Added Volume : /home/runner/work/ozone/ozone/hadoop-hdds/container-service/target/test-dir/TestContainerPersistence/hdds to VolumeSet
2022-08-21 10:58:21,951 [Time-limited test] INFO  keyvalue.KeyValueContainer (KeyValueContainer.java:flushAndSyncDB(436)) - Container 1661079501927 is synced with bcsId 0.
2022-08-21 10:58:21,951 [Time-limited test] INFO  keyvalue.KeyValueContainer (KeyValueContainer.java:flushAndSyncDB(436)) - Container 1661079501927 is synced with bcsId 0.
2022-08-21 10:58:21,952 [Time-limited test] INFO  keyvalue.KeyValueContainer (KeyValueContainer.java:close(351)) - Container 1661079501927 is closed with bcsId 0.
2022-08-21 10:58:22,019 [Time-limited test] INFO  keyvalue.KeyValueContainer (KeyValueContainer.java:flushAndSyncDB(436)) - Container 1661079501998 is synced with bcsId 0.
2022-08-21 10:58:22,019 [Time-limited test] INFO  keyvalue.KeyValueContainer (KeyValueContainer.java:flushAndSyncDB(436)) - Container 1661079501998 is synced with bcsId 0.
2022-08-21 10:58:22,020 [Time-limited test] INFO  keyvalue.KeyValueContainer (KeyValueContainer.java:close(351)) - Container 1661079501998 is closed with bcsId 0.
2022-08-21 10:58:22,091 [Time-limited test] INFO  keyvalue.KeyValueContainer (KeyValueContainer.java:flushAndSyncDB(436)) - Container 1661079502067 is synced with bcsId 0.
2022-08-21 10:58:22,091 [Time-limited test] INFO  keyvalue.KeyValueContainer (KeyValueContainer.java:flushAndSyncDB(436)) - Container 1661079502067 is synced with bcsId 0.
2022-08-21 10:58:22,092 [Time-limited test] INFO  keyvalue.KeyValueContainer (KeyValueContainer.java:close(351)) - Container 1661079502067 is closed with bcsId 0.
2022-08-21 10:58:22,159 [Time-limited test] INFO  keyvalue.KeyValueContainer (KeyValueContainer.java:flushAndSyncDB(436)) - Container 1661079502138 is synced with bcsId 0.
2022-08-21 10:58:22,159 [Time-limited test] INFO  keyvalue.KeyValueContainer (KeyValueContainer.java:flushAndSyncDB(436)) - Container 1661079502138 is synced with bcsId 0.
2022-08-21 10:58:22,160 [Time-limited test] INFO  keyvalue.KeyValueContainer (KeyValueContainer.java:close(351)) - Container 1661079502138 is closed with bcsId 0.
2022-08-21 10:58:22,162 [Time-limited test] INFO  impl.TestContainerPersistence (TestContainerPersistence.java:cleanupDir(170)) - Deleting /home/runner/work/ozone/ozone/hadoop-hdds/container-service/target/test-dir/TestContainerPersistence
]]></system-out>
  </testcase>
  <testcase name="testGetContainerReports" classname="TestContainerPersistence" time="0.041">
    <error type="org.apache.hadoop.hdds.scm.container.common.helpers.StorageContainerException"><![CDATA[org.apache.hadoop.hdds.scm.container.common.helpers.StorageContainerException: Container creation failed because ContainerFile already exists
	at org.apache.hadoop.ozone.container.keyvalue.KeyValueContainer.create(KeyValueContainer.java:191)
	at org.apache.hadoop.ozone.container.common.impl.TestContainerPersistence.addContainer(TestContainerPersistence.java:200)
	at org.apache.hadoop.ozone.container.common.impl.TestContainerPersistence.testGetContainerReports(TestContainerPersistence.java:311)
	at sun.reflect.NativeMethodAccessorImpl.invoke0(Native Method)
	at sun.reflect.NativeMethodAccessorImpl.invoke(NativeMethodAccessorImpl.java:62)
	at sun.reflect.DelegatingMethodAccessorImpl.invoke(DelegatingMethodAccessorImpl.java:43)
	at java.lang.reflect.Method.invoke(Method.java:498)
	at org.junit.runners.model.FrameworkMethod$1.runReflectiveCall(FrameworkMethod.java:59)
	at org.junit.internal.runners.model.ReflectiveCallable.run(ReflectiveCallable.java:12)
	at org.junit.runners.model.FrameworkMethod.invokeExplosively(FrameworkMethod.java:56)
	at org.junit.internal.runners.statements.InvokeMethod.evaluate(InvokeMethod.java:17)
	at org.junit.internal.runners.statements.RunBefores.evaluate(RunBefores.java:26)
	at org.junit.internal.runners.statements.RunAfters.evaluate(RunAfters.java:27)
	at org.junit.rules.ExpectedException$ExpectedExceptionStatement.evaluate(ExpectedException.java:258)
	at org.junit.internal.runners.statements.FailOnTimeout$CallableStatement.call(FailOnTimeout.java:288)
	at org.junit.internal.runners.statements.FailOnTimeout$CallableStatement.call(FailOnTimeout.java:282)
	at java.util.concurrent.FutureTask.run(FutureTask.java:266)
	at java.lang.Thread.run(Thread.java:750)
Caused by: org.apache.hadoop.fs.FileAlreadyExistsException: container already exists on disk.
	at org.apache.hadoop.ozone.container.common.helpers.ContainerUtils.verifyIsNewContainer(ContainerUtils.java:126)
	at org.apache.hadoop.ozone.container.keyvalue.KeyValueContainer.create(KeyValueContainer.java:164)
	... 17 more
]]></error>
    <system-out><![CDATA[2022-08-21 10:58:23,048 [Time-limited test] INFO  volume.HddsVolume (HddsVolume.java:<init>(117)) - Creating HddsVolume: /home/runner/work/ozone/ozone/hadoop-hdds/container-service/target/test-dir/TestContainerPersistence/hdds of storage type : DISK capacity : 9223372036854775807
2022-08-21 10:58:23,048 [Time-limited test] INFO  volume.MutableVolumeSet (MutableVolumeSet.java:initializeVolumeSet(174)) - Added Volume : /home/runner/work/ozone/ozone/hadoop-hdds/container-service/target/test-dir/TestContainerPersistence/hdds to VolumeSet
2022-08-21 10:58:23,078 [Time-limited test] INFO  volume.HddsVolume (HddsVolume.java:createDbStore(310)) - SchemaV3 db is created and loaded at /home/runner/work/ozone/ozone/hadoop-hdds/container-service/target/test-dir/TestContainerPersistence/hdds/25c91374-21df-4f98-ab98-a92c9bce9068/DS-9b462016-7a72-4ba0-9820-7516c599fb20/container.db for volume DS-9b462016-7a72-4ba0-9820-7516c599fb20
2022-08-21 10:58:23,080 [Time-limited test] INFO  keyvalue.KeyValueContainer (KeyValueContainer.java:flushAndSyncDB(436)) - Container 1661079503079 is synced with bcsId 0.
2022-08-21 10:58:23,081 [Time-limited test] INFO  keyvalue.KeyValueContainer (KeyValueContainer.java:flushAndSyncDB(436)) - Container 1661079503079 is synced with bcsId 0.
2022-08-21 10:58:23,081 [Time-limited test] INFO  keyvalue.KeyValueContainer (KeyValueContainer.java:close(351)) - Container 1661079503079 is closed with bcsId 0.
2022-08-21 10:58:23,083 [Time-limited test] ERROR impl.ContainerSet (ContainerUtils.java:verifyIsNewContainer(124)) - Container already exists on disk. File: /home/runner/work/ozone/ozone/hadoop-hdds/container-service/target/test-dir/TestContainerPersistence/hdds/25c91374-21df-4f98-ab98-a92c9bce9068/current/containerDir224/1661079503082/metadata
2022-08-21 10:58:23,084 [Time-limited test] INFO  impl.TestContainerPersistence (TestContainerPersistence.java:cleanupDir(170)) - Deleting /home/runner/work/ozone/ozone/hadoop-hdds/container-service/target/test-dir/TestContainerPersistence
]]></system-out>
  </testcase>
  <testcase name="testOverWrite" classname="TestContainerPersistence" time="0.054">
    <system-out><![CDATA[2022-08-21 10:58:15,930 [Time-limited test] INFO  volume.HddsVolume (HddsVolume.java:<init>(117)) - Creating HddsVolume: /home/runner/work/ozone/ozone/hadoop-hdds/container-service/target/test-dir/TestContainerPersistence/hdds of storage type : DISK capacity : 9223372036854775807
2022-08-21 10:58:15,930 [Time-limited test] INFO  volume.MutableVolumeSet (MutableVolumeSet.java:initializeVolumeSet(174)) - Added Volume : /home/runner/work/ozone/ozone/hadoop-hdds/container-service/target/test-dir/TestContainerPersistence/hdds to VolumeSet
2022-08-21 10:58:15,971 [Time-limited test] WARN  helpers.ChunkUtils (ChunkUtils.java:validateChunkForOverwrite(250)) - Duplicate write chunk request. Chunk overwrite without explicit request. ChunkInfo{chunkName='1661079495971.data.0, offset=0, len=1024}
2022-08-21 10:58:15,976 [Time-limited test] INFO  impl.TestContainerPersistence (TestContainerPersistence.java:cleanupDir(170)) - Deleting /home/runner/work/ozone/ozone/hadoop-hdds/container-service/target/test-dir/TestContainerPersistence
]]></system-out>
  </testcase>
  <testcase name="testOverWrite" classname="TestContainerPersistence" time="0.035">
    <system-out><![CDATA[2022-08-21 10:58:17,924 [Time-limited test] INFO  volume.HddsVolume (HddsVolume.java:<init>(117)) - Creating HddsVolume: /home/runner/work/ozone/ozone/hadoop-hdds/container-service/target/test-dir/TestContainerPersistence/hdds of storage type : DISK capacity : 9223372036854775807
2022-08-21 10:58:17,925 [Time-limited test] INFO  volume.MutableVolumeSet (MutableVolumeSet.java:initializeVolumeSet(174)) - Added Volume : /home/runner/work/ozone/ozone/hadoop-hdds/container-service/target/test-dir/TestContainerPersistence/hdds to VolumeSet
2022-08-21 10:58:17,955 [Time-limited test] WARN  helpers.ChunkUtils (ChunkUtils.java:validateChunkForOverwrite(250)) - Duplicate write chunk request. Chunk overwrite without explicit request. ChunkInfo{chunkName='1661079497955.data.0, offset=0, len=1024}
2022-08-21 10:58:17,956 [Time-limited test] INFO  impl.TestContainerPersistence (TestContainerPersistence.java:cleanupDir(170)) - Deleting /home/runner/work/ozone/ozone/hadoop-hdds/container-service/target/test-dir/TestContainerPersistence
]]></system-out>
  </testcase>
  <testcase name="testOverWrite" classname="TestContainerPersistence" time="0.044">
    <system-out><![CDATA[2022-08-21 10:58:19,464 [Time-limited test] INFO  volume.HddsVolume (HddsVolume.java:<init>(117)) - Creating HddsVolume: /home/runner/work/ozone/ozone/hadoop-hdds/container-service/target/test-dir/TestContainerPersistence/hdds of storage type : DISK capacity : 9223372036854775807
2022-08-21 10:58:19,464 [Time-limited test] INFO  volume.MutableVolumeSet (MutableVolumeSet.java:initializeVolumeSet(174)) - Added Volume : /home/runner/work/ozone/ozone/hadoop-hdds/container-service/target/test-dir/TestContainerPersistence/hdds to VolumeSet
2022-08-21 10:58:19,494 [Time-limited test] INFO  volume.HddsVolume (HddsVolume.java:createDbStore(310)) - SchemaV3 db is created and loaded at /home/runner/work/ozone/ozone/hadoop-hdds/container-service/target/test-dir/TestContainerPersistence/hdds/25c91374-21df-4f98-ab98-a92c9bce9068/DS-927e1e6c-eff8-4a2a-b025-245a0a6100c6/container.db for volume DS-927e1e6c-eff8-4a2a-b025-245a0a6100c6
2022-08-21 10:58:19,499 [Time-limited test] WARN  helpers.ChunkUtils (ChunkUtils.java:validateChunkForOverwrite(250)) - Duplicate write chunk request. Chunk overwrite without explicit request. ChunkInfo{chunkName='1661079499499.data.0, offset=0, len=1024}
2022-08-21 10:58:19,504 [Time-limited test] INFO  impl.TestContainerPersistence (TestContainerPersistence.java:cleanupDir(170)) - Deleting /home/runner/work/ozone/ozone/hadoop-hdds/container-service/target/test-dir/TestContainerPersistence
]]></system-out>
  </testcase>
  <testcase name="testOverWrite" classname="TestContainerPersistence" time="0.04">
    <system-out><![CDATA[2022-08-21 10:58:20,966 [Time-limited test] INFO  volume.HddsVolume (HddsVolume.java:<init>(117)) - Creating HddsVolume: /home/runner/work/ozone/ozone/hadoop-hdds/container-service/target/test-dir/TestContainerPersistence/hdds of storage type : DISK capacity : 9223372036854775807
2022-08-21 10:58:20,967 [Time-limited test] INFO  volume.MutableVolumeSet (MutableVolumeSet.java:initializeVolumeSet(174)) - Added Volume : /home/runner/work/ozone/ozone/hadoop-hdds/container-service/target/test-dir/TestContainerPersistence/hdds to VolumeSet
2022-08-21 10:58:21,001 [Time-limited test] WARN  helpers.ChunkUtils (ChunkUtils.java:validateChunkForOverwrite(250)) - Duplicate write chunk request. Chunk overwrite without explicit request. ChunkInfo{chunkName='1661079501001.data.0, offset=0, len=1024}
2022-08-21 10:58:21,004 [Time-limited test] INFO  impl.TestContainerPersistence (TestContainerPersistence.java:cleanupDir(170)) - Deleting /home/runner/work/ozone/ozone/hadoop-hdds/container-service/target/test-dir/TestContainerPersistence
]]></system-out>
  </testcase>
  <testcase name="testOverWrite" classname="TestContainerPersistence" time="0.048">
    <system-out><![CDATA[2022-08-21 10:58:22,177 [Time-limited test] INFO  volume.HddsVolume (HddsVolume.java:<init>(117)) - Creating HddsVolume: /home/runner/work/ozone/ozone/hadoop-hdds/container-service/target/test-dir/TestContainerPersistence/hdds of storage type : DISK capacity : 9223372036854775807
2022-08-21 10:58:22,178 [Time-limited test] INFO  volume.MutableVolumeSet (MutableVolumeSet.java:initializeVolumeSet(174)) - Added Volume : /home/runner/work/ozone/ozone/hadoop-hdds/container-service/target/test-dir/TestContainerPersistence/hdds to VolumeSet
2022-08-21 10:58:22,213 [Time-limited test] WARN  helpers.ChunkUtils (ChunkUtils.java:validateChunkForOverwrite(250)) - Duplicate write chunk request. Chunk overwrite without explicit request. ChunkInfo{chunkName='1661079502213.data.0, offset=0, len=1024}
2022-08-21 10:58:22,213 [Time-limited test] INFO  impl.TestContainerPersistence (TestContainerPersistence.java:cleanupDir(170)) - Deleting /home/runner/work/ozone/ozone/hadoop-hdds/container-service/target/test-dir/TestContainerPersistence
]]></system-out>
  </testcase>
  <testcase name="testOverWrite" classname="TestContainerPersistence" time="0.047">
    <system-out><![CDATA[2022-08-21 10:58:23,097 [Time-limited test] INFO  volume.HddsVolume (HddsVolume.java:<init>(117)) - Creating HddsVolume: /home/runner/work/ozone/ozone/hadoop-hdds/container-service/target/test-dir/TestContainerPersistence/hdds of storage type : DISK capacity : 9223372036854775807
2022-08-21 10:58:23,097 [Time-limited test] INFO  volume.MutableVolumeSet (MutableVolumeSet.java:initializeVolumeSet(174)) - Added Volume : /home/runner/work/ozone/ozone/hadoop-hdds/container-service/target/test-dir/TestContainerPersistence/hdds to VolumeSet
2022-08-21 10:58:23,130 [Time-limited test] INFO  volume.HddsVolume (HddsVolume.java:createDbStore(310)) - SchemaV3 db is created and loaded at /home/runner/work/ozone/ozone/hadoop-hdds/container-service/target/test-dir/TestContainerPersistence/hdds/25c91374-21df-4f98-ab98-a92c9bce9068/DS-e699dc62-6b44-4ee0-ac31-9833a7948348/container.db for volume DS-e699dc62-6b44-4ee0-ac31-9833a7948348
2022-08-21 10:58:23,134 [Time-limited test] WARN  helpers.ChunkUtils (ChunkUtils.java:validateChunkForOverwrite(250)) - Duplicate write chunk request. Chunk overwrite without explicit request. ChunkInfo{chunkName='1661079503133.data.0, offset=0, len=1024}
2022-08-21 10:58:23,136 [Time-limited test] INFO  impl.TestContainerPersistence (TestContainerPersistence.java:cleanupDir(170)) - Deleting /home/runner/work/ozone/ozone/hadoop-hdds/container-service/target/test-dir/TestContainerPersistence
]]></system-out>
  </testcase>
  <testcase name="testDeleteContainer" classname="TestContainerPersistence" time="0.175">
    <system-out><![CDATA[2022-08-21 10:58:15,981 [Time-limited test] INFO  volume.HddsVolume (HddsVolume.java:<init>(117)) - Creating HddsVolume: /home/runner/work/ozone/ozone/hadoop-hdds/container-service/target/test-dir/TestContainerPersistence/hdds of storage type : DISK capacity : 9223372036854775807
2022-08-21 10:58:15,981 [Time-limited test] INFO  volume.MutableVolumeSet (MutableVolumeSet.java:initializeVolumeSet(174)) - Added Volume : /home/runner/work/ozone/ozone/hadoop-hdds/container-service/target/test-dir/TestContainerPersistence/hdds to VolumeSet
2022-08-21 10:58:16,112 [Time-limited test] INFO  keyvalue.KeyValueContainer (KeyValueContainer.java:flushAndSyncDB(436)) - Container 1661079495988 is synced with bcsId 0.
2022-08-21 10:58:16,112 [Time-limited test] INFO  keyvalue.KeyValueContainer (KeyValueContainer.java:flushAndSyncDB(436)) - Container 1661079495988 is synced with bcsId 0.
2022-08-21 10:58:16,114 [Time-limited test] INFO  keyvalue.KeyValueContainer (KeyValueContainer.java:close(351)) - Container 1661079495988 is closed with bcsId 0.
2022-08-21 10:58:16,144 [Time-limited test] ERROR utils.ContainerCache (ContainerCache.java:getDB(166)) - Error opening DB. Container:1661079495988 ContainerPath:/home/runner/work/ozone/ozone/hadoop-hdds/container-service/target/test-dir/TestContainerPersistence/hdds/25c91374-21df-4f98-ab98-a92c9bce9068/current/containerDir210/1661079495988/metadata/1661079495988-dn-container.db
java.io.IOException: The DB destination directory should exist.
	at org.apache.hadoop.hdds.utils.db.DBStoreBuilder.build(DBStoreBuilder.java:187)
	at org.apache.hadoop.ozone.container.metadata.AbstractDatanodeStore.start(AbstractDatanodeStore.java:128)
	at org.apache.hadoop.ozone.container.metadata.AbstractDatanodeStore.<init>(AbstractDatanodeStore.java:97)
	at org.apache.hadoop.ozone.container.metadata.DatanodeStoreSchemaTwoImpl.<init>(DatanodeStoreSchemaTwoImpl.java:48)
	at org.apache.hadoop.ozone.container.keyvalue.helpers.BlockUtils.getUncachedDatanodeStore(BlockUtils.java:82)
	at org.apache.hadoop.ozone.container.common.utils.ContainerCache.getDB(ContainerCache.java:161)
	at org.apache.hadoop.ozone.container.keyvalue.helpers.BlockUtils.getDB(BlockUtils.java:136)
	at org.apache.hadoop.ozone.container.keyvalue.impl.BlockManagerImpl.persistPutBlock(BlockManagerImpl.java:122)
	at org.apache.hadoop.ozone.container.keyvalue.impl.BlockManagerImpl.putBlock(BlockManagerImpl.java:103)
	at org.apache.hadoop.ozone.container.keyvalue.impl.BlockManagerImpl.putBlock(BlockManagerImpl.java:88)
	at org.apache.hadoop.ozone.container.common.impl.TestContainerPersistence.testDeleteContainer(TestContainerPersistence.java:288)
	at sun.reflect.NativeMethodAccessorImpl.invoke0(Native Method)
	at sun.reflect.NativeMethodAccessorImpl.invoke(NativeMethodAccessorImpl.java:62)
	at sun.reflect.DelegatingMethodAccessorImpl.invoke(DelegatingMethodAccessorImpl.java:43)
	at java.lang.reflect.Method.invoke(Method.java:498)
	at org.junit.runners.model.FrameworkMethod$1.runReflectiveCall(FrameworkMethod.java:59)
	at org.junit.internal.runners.model.ReflectiveCallable.run(ReflectiveCallable.java:12)
	at org.junit.runners.model.FrameworkMethod.invokeExplosively(FrameworkMethod.java:56)
	at org.junit.internal.runners.statements.InvokeMethod.evaluate(InvokeMethod.java:17)
	at org.junit.internal.runners.statements.RunBefores.evaluate(RunBefores.java:26)
	at org.junit.internal.runners.statements.RunAfters.evaluate(RunAfters.java:27)
	at org.junit.rules.ExpectedException$ExpectedExceptionStatement.evaluate(ExpectedException.java:258)
	at org.junit.internal.runners.statements.FailOnTimeout$CallableStatement.call(FailOnTimeout.java:288)
	at org.junit.internal.runners.statements.FailOnTimeout$CallableStatement.call(FailOnTimeout.java:282)
	at java.util.concurrent.FutureTask.run(FutureTask.java:266)
	at java.lang.Thread.run(Thread.java:750)
2022-08-21 10:58:16,148 [Time-limited test] INFO  impl.TestContainerPersistence (TestContainerPersistence.java:cleanupDir(170)) - Deleting /home/runner/work/ozone/ozone/hadoop-hdds/container-service/target/test-dir/TestContainerPersistence
]]></system-out>
  </testcase>
  <testcase name="testDeleteContainer" classname="TestContainerPersistence" time="0.16">
    <system-out><![CDATA[2022-08-21 10:58:17,959 [Time-limited test] INFO  volume.HddsVolume (HddsVolume.java:<init>(117)) - Creating HddsVolume: /home/runner/work/ozone/ozone/hadoop-hdds/container-service/target/test-dir/TestContainerPersistence/hdds of storage type : DISK capacity : 9223372036854775807
2022-08-21 10:58:17,959 [Time-limited test] INFO  volume.MutableVolumeSet (MutableVolumeSet.java:initializeVolumeSet(174)) - Added Volume : /home/runner/work/ozone/ozone/hadoop-hdds/container-service/target/test-dir/TestContainerPersistence/hdds to VolumeSet
2022-08-21 10:58:18,085 [Time-limited test] INFO  keyvalue.KeyValueContainer (KeyValueContainer.java:flushAndSyncDB(436)) - Container 1661079497965 is synced with bcsId 0.
2022-08-21 10:58:18,085 [Time-limited test] INFO  keyvalue.KeyValueContainer (KeyValueContainer.java:flushAndSyncDB(436)) - Container 1661079497965 is synced with bcsId 0.
2022-08-21 10:58:18,086 [Time-limited test] INFO  keyvalue.KeyValueContainer (KeyValueContainer.java:close(351)) - Container 1661079497965 is closed with bcsId 0.
2022-08-21 10:58:18,111 [Time-limited test] ERROR utils.ContainerCache (ContainerCache.java:getDB(166)) - Error opening DB. Container:1661079497965 ContainerPath:/home/runner/work/ozone/ozone/hadoop-hdds/container-service/target/test-dir/TestContainerPersistence/hdds/25c91374-21df-4f98-ab98-a92c9bce9068/current/containerDir214/1661079497965/metadata/1661079497965-dn-container.db
java.io.IOException: The DB destination directory should exist.
	at org.apache.hadoop.hdds.utils.db.DBStoreBuilder.build(DBStoreBuilder.java:187)
	at org.apache.hadoop.ozone.container.metadata.AbstractDatanodeStore.start(AbstractDatanodeStore.java:128)
	at org.apache.hadoop.ozone.container.metadata.AbstractDatanodeStore.<init>(AbstractDatanodeStore.java:97)
	at org.apache.hadoop.ozone.container.metadata.DatanodeStoreSchemaTwoImpl.<init>(DatanodeStoreSchemaTwoImpl.java:48)
	at org.apache.hadoop.ozone.container.keyvalue.helpers.BlockUtils.getUncachedDatanodeStore(BlockUtils.java:82)
	at org.apache.hadoop.ozone.container.common.utils.ContainerCache.getDB(ContainerCache.java:161)
	at org.apache.hadoop.ozone.container.keyvalue.helpers.BlockUtils.getDB(BlockUtils.java:136)
	at org.apache.hadoop.ozone.container.keyvalue.impl.BlockManagerImpl.persistPutBlock(BlockManagerImpl.java:122)
	at org.apache.hadoop.ozone.container.keyvalue.impl.BlockManagerImpl.putBlock(BlockManagerImpl.java:103)
	at org.apache.hadoop.ozone.container.keyvalue.impl.BlockManagerImpl.putBlock(BlockManagerImpl.java:88)
	at org.apache.hadoop.ozone.container.common.impl.TestContainerPersistence.testDeleteContainer(TestContainerPersistence.java:288)
	at sun.reflect.NativeMethodAccessorImpl.invoke0(Native Method)
	at sun.reflect.NativeMethodAccessorImpl.invoke(NativeMethodAccessorImpl.java:62)
	at sun.reflect.DelegatingMethodAccessorImpl.invoke(DelegatingMethodAccessorImpl.java:43)
	at java.lang.reflect.Method.invoke(Method.java:498)
	at org.junit.runners.model.FrameworkMethod$1.runReflectiveCall(FrameworkMethod.java:59)
	at org.junit.internal.runners.model.ReflectiveCallable.run(ReflectiveCallable.java:12)
	at org.junit.runners.model.FrameworkMethod.invokeExplosively(FrameworkMethod.java:56)
	at org.junit.internal.runners.statements.InvokeMethod.evaluate(InvokeMethod.java:17)
	at org.junit.internal.runners.statements.RunBefores.evaluate(RunBefores.java:26)
	at org.junit.internal.runners.statements.RunAfters.evaluate(RunAfters.java:27)
	at org.junit.rules.ExpectedException$ExpectedExceptionStatement.evaluate(ExpectedException.java:258)
	at org.junit.internal.runners.statements.FailOnTimeout$CallableStatement.call(FailOnTimeout.java:288)
	at org.junit.internal.runners.statements.FailOnTimeout$CallableStatement.call(FailOnTimeout.java:282)
	at java.util.concurrent.FutureTask.run(FutureTask.java:266)
	at java.lang.Thread.run(Thread.java:750)
2022-08-21 10:58:18,115 [Time-limited test] INFO  impl.TestContainerPersistence (TestContainerPersistence.java:cleanupDir(170)) - Deleting /home/runner/work/ozone/ozone/hadoop-hdds/container-service/target/test-dir/TestContainerPersistence
]]></system-out>
  </testcase>
  <testcase name="testDeleteContainer" classname="TestContainerPersistence" time="0.146">
    <system-out><![CDATA[2022-08-21 10:58:19,508 [Time-limited test] INFO  volume.HddsVolume (HddsVolume.java:<init>(117)) - Creating HddsVolume: /home/runner/work/ozone/ozone/hadoop-hdds/container-service/target/test-dir/TestContainerPersistence/hdds of storage type : DISK capacity : 9223372036854775807
2022-08-21 10:58:19,508 [Time-limited test] INFO  volume.MutableVolumeSet (MutableVolumeSet.java:initializeVolumeSet(174)) - Added Volume : /home/runner/work/ozone/ozone/hadoop-hdds/container-service/target/test-dir/TestContainerPersistence/hdds to VolumeSet
2022-08-21 10:58:19,542 [Time-limited test] INFO  volume.HddsVolume (HddsVolume.java:createDbStore(310)) - SchemaV3 db is created and loaded at /home/runner/work/ozone/ozone/hadoop-hdds/container-service/target/test-dir/TestContainerPersistence/hdds/25c91374-21df-4f98-ab98-a92c9bce9068/DS-98ec2006-7fec-4f88-8dd7-0cc9916aa7d5/container.db for volume DS-98ec2006-7fec-4f88-8dd7-0cc9916aa7d5
2022-08-21 10:58:19,645 [Time-limited test] INFO  keyvalue.KeyValueContainer (KeyValueContainer.java:flushAndSyncDB(436)) - Container 1661079499543 is synced with bcsId 0.
2022-08-21 10:58:19,645 [Time-limited test] INFO  keyvalue.KeyValueContainer (KeyValueContainer.java:flushAndSyncDB(436)) - Container 1661079499543 is synced with bcsId 0.
2022-08-21 10:58:19,646 [Time-limited test] INFO  keyvalue.KeyValueContainer (KeyValueContainer.java:close(351)) - Container 1661079499543 is closed with bcsId 0.
2022-08-21 10:58:19,650 [Time-limited test] INFO  impl.TestContainerPersistence (TestContainerPersistence.java:cleanupDir(170)) - Deleting /home/runner/work/ozone/ozone/hadoop-hdds/container-service/target/test-dir/TestContainerPersistence
]]></system-out>
  </testcase>
  <testcase name="testDeleteContainer" classname="TestContainerPersistence" time="0.172">
    <system-out><![CDATA[2022-08-21 10:58:21,008 [Time-limited test] INFO  volume.HddsVolume (HddsVolume.java:<init>(117)) - Creating HddsVolume: /home/runner/work/ozone/ozone/hadoop-hdds/container-service/target/test-dir/TestContainerPersistence/hdds of storage type : DISK capacity : 9223372036854775807
2022-08-21 10:58:21,008 [Time-limited test] INFO  volume.MutableVolumeSet (MutableVolumeSet.java:initializeVolumeSet(174)) - Added Volume : /home/runner/work/ozone/ozone/hadoop-hdds/container-service/target/test-dir/TestContainerPersistence/hdds to VolumeSet
2022-08-21 10:58:21,140 [Time-limited test] INFO  keyvalue.KeyValueContainer (KeyValueContainer.java:flushAndSyncDB(436)) - Container 1661079501014 is synced with bcsId 0.
2022-08-21 10:58:21,140 [Time-limited test] INFO  keyvalue.KeyValueContainer (KeyValueContainer.java:flushAndSyncDB(436)) - Container 1661079501014 is synced with bcsId 0.
2022-08-21 10:58:21,145 [Time-limited test] INFO  keyvalue.KeyValueContainer (KeyValueContainer.java:close(351)) - Container 1661079501014 is closed with bcsId 0.
2022-08-21 10:58:21,175 [Time-limited test] ERROR utils.ContainerCache (ContainerCache.java:getDB(166)) - Error opening DB. Container:1661079501014 ContainerPath:/home/runner/work/ozone/ozone/hadoop-hdds/container-service/target/test-dir/TestContainerPersistence/hdds/25c91374-21df-4f98-ab98-a92c9bce9068/current/containerDir220/1661079501014/metadata/1661079501014-dn-container.db
java.io.IOException: The DB destination directory should exist.
	at org.apache.hadoop.hdds.utils.db.DBStoreBuilder.build(DBStoreBuilder.java:187)
	at org.apache.hadoop.ozone.container.metadata.AbstractDatanodeStore.start(AbstractDatanodeStore.java:128)
	at org.apache.hadoop.ozone.container.metadata.AbstractDatanodeStore.<init>(AbstractDatanodeStore.java:97)
	at org.apache.hadoop.ozone.container.metadata.DatanodeStoreSchemaTwoImpl.<init>(DatanodeStoreSchemaTwoImpl.java:48)
	at org.apache.hadoop.ozone.container.keyvalue.helpers.BlockUtils.getUncachedDatanodeStore(BlockUtils.java:82)
	at org.apache.hadoop.ozone.container.common.utils.ContainerCache.getDB(ContainerCache.java:161)
	at org.apache.hadoop.ozone.container.keyvalue.helpers.BlockUtils.getDB(BlockUtils.java:136)
	at org.apache.hadoop.ozone.container.keyvalue.impl.BlockManagerImpl.persistPutBlock(BlockManagerImpl.java:122)
	at org.apache.hadoop.ozone.container.keyvalue.impl.BlockManagerImpl.putBlock(BlockManagerImpl.java:103)
	at org.apache.hadoop.ozone.container.keyvalue.impl.BlockManagerImpl.putBlock(BlockManagerImpl.java:88)
	at org.apache.hadoop.ozone.container.common.impl.TestContainerPersistence.testDeleteContainer(TestContainerPersistence.java:288)
	at sun.reflect.NativeMethodAccessorImpl.invoke0(Native Method)
	at sun.reflect.NativeMethodAccessorImpl.invoke(NativeMethodAccessorImpl.java:62)
	at sun.reflect.DelegatingMethodAccessorImpl.invoke(DelegatingMethodAccessorImpl.java:43)
	at java.lang.reflect.Method.invoke(Method.java:498)
	at org.junit.runners.model.FrameworkMethod$1.runReflectiveCall(FrameworkMethod.java:59)
	at org.junit.internal.runners.model.ReflectiveCallable.run(ReflectiveCallable.java:12)
	at org.junit.runners.model.FrameworkMethod.invokeExplosively(FrameworkMethod.java:56)
	at org.junit.internal.runners.statements.InvokeMethod.evaluate(InvokeMethod.java:17)
	at org.junit.internal.runners.statements.RunBefores.evaluate(RunBefores.java:26)
	at org.junit.internal.runners.statements.RunAfters.evaluate(RunAfters.java:27)
	at org.junit.rules.ExpectedException$ExpectedExceptionStatement.evaluate(ExpectedException.java:258)
	at org.junit.internal.runners.statements.FailOnTimeout$CallableStatement.call(FailOnTimeout.java:288)
	at org.junit.internal.runners.statements.FailOnTimeout$CallableStatement.call(FailOnTimeout.java:282)
	at java.util.concurrent.FutureTask.run(FutureTask.java:266)
	at java.lang.Thread.run(Thread.java:750)
2022-08-21 10:58:21,176 [Time-limited test] INFO  impl.TestContainerPersistence (TestContainerPersistence.java:cleanupDir(170)) - Deleting /home/runner/work/ozone/ozone/hadoop-hdds/container-service/target/test-dir/TestContainerPersistence
]]></system-out>
  </testcase>
  <testcase name="testDeleteContainer" classname="TestContainerPersistence" time="0.164">
    <system-out><![CDATA[2022-08-21 10:58:22,221 [Time-limited test] INFO  volume.HddsVolume (HddsVolume.java:<init>(117)) - Creating HddsVolume: /home/runner/work/ozone/ozone/hadoop-hdds/container-service/target/test-dir/TestContainerPersistence/hdds of storage type : DISK capacity : 9223372036854775807
2022-08-21 10:58:22,221 [Time-limited test] INFO  volume.MutableVolumeSet (MutableVolumeSet.java:initializeVolumeSet(174)) - Added Volume : /home/runner/work/ozone/ozone/hadoop-hdds/container-service/target/test-dir/TestContainerPersistence/hdds to VolumeSet
2022-08-21 10:58:22,352 [Time-limited test] INFO  keyvalue.KeyValueContainer (KeyValueContainer.java:flushAndSyncDB(436)) - Container 1661079502227 is synced with bcsId 0.
2022-08-21 10:58:22,352 [Time-limited test] INFO  keyvalue.KeyValueContainer (KeyValueContainer.java:flushAndSyncDB(436)) - Container 1661079502227 is synced with bcsId 0.
2022-08-21 10:58:22,353 [Time-limited test] INFO  keyvalue.KeyValueContainer (KeyValueContainer.java:close(351)) - Container 1661079502227 is closed with bcsId 0.
2022-08-21 10:58:22,379 [Time-limited test] ERROR utils.ContainerCache (ContainerCache.java:getDB(166)) - Error opening DB. Container:1661079502227 ContainerPath:/home/runner/work/ozone/ozone/hadoop-hdds/container-service/target/test-dir/TestContainerPersistence/hdds/25c91374-21df-4f98-ab98-a92c9bce9068/current/containerDir222/1661079502227/metadata/1661079502227-dn-container.db
java.io.IOException: The DB destination directory should exist.
	at org.apache.hadoop.hdds.utils.db.DBStoreBuilder.build(DBStoreBuilder.java:187)
	at org.apache.hadoop.ozone.container.metadata.AbstractDatanodeStore.start(AbstractDatanodeStore.java:128)
	at org.apache.hadoop.ozone.container.metadata.AbstractDatanodeStore.<init>(AbstractDatanodeStore.java:97)
	at org.apache.hadoop.ozone.container.metadata.DatanodeStoreSchemaTwoImpl.<init>(DatanodeStoreSchemaTwoImpl.java:48)
	at org.apache.hadoop.ozone.container.keyvalue.helpers.BlockUtils.getUncachedDatanodeStore(BlockUtils.java:82)
	at org.apache.hadoop.ozone.container.common.utils.ContainerCache.getDB(ContainerCache.java:161)
	at org.apache.hadoop.ozone.container.keyvalue.helpers.BlockUtils.getDB(BlockUtils.java:136)
	at org.apache.hadoop.ozone.container.keyvalue.impl.BlockManagerImpl.persistPutBlock(BlockManagerImpl.java:122)
	at org.apache.hadoop.ozone.container.keyvalue.impl.BlockManagerImpl.putBlock(BlockManagerImpl.java:103)
	at org.apache.hadoop.ozone.container.keyvalue.impl.BlockManagerImpl.putBlock(BlockManagerImpl.java:88)
	at org.apache.hadoop.ozone.container.common.impl.TestContainerPersistence.testDeleteContainer(TestContainerPersistence.java:288)
	at sun.reflect.NativeMethodAccessorImpl.invoke0(Native Method)
	at sun.reflect.NativeMethodAccessorImpl.invoke(NativeMethodAccessorImpl.java:62)
	at sun.reflect.DelegatingMethodAccessorImpl.invoke(DelegatingMethodAccessorImpl.java:43)
	at java.lang.reflect.Method.invoke(Method.java:498)
	at org.junit.runners.model.FrameworkMethod$1.runReflectiveCall(FrameworkMethod.java:59)
	at org.junit.internal.runners.model.ReflectiveCallable.run(ReflectiveCallable.java:12)
	at org.junit.runners.model.FrameworkMethod.invokeExplosively(FrameworkMethod.java:56)
	at org.junit.internal.runners.statements.InvokeMethod.evaluate(InvokeMethod.java:17)
	at org.junit.internal.runners.statements.RunBefores.evaluate(RunBefores.java:26)
	at org.junit.internal.runners.statements.RunAfters.evaluate(RunAfters.java:27)
	at org.junit.rules.ExpectedException$ExpectedExceptionStatement.evaluate(ExpectedException.java:258)
	at org.junit.internal.runners.statements.FailOnTimeout$CallableStatement.call(FailOnTimeout.java:288)
	at org.junit.internal.runners.statements.FailOnTimeout$CallableStatement.call(FailOnTimeout.java:282)
	at java.util.concurrent.FutureTask.run(FutureTask.java:266)
	at java.lang.Thread.run(Thread.java:750)
2022-08-21 10:58:22,380 [Time-limited test] INFO  impl.TestContainerPersistence (TestContainerPersistence.java:cleanupDir(170)) - Deleting /home/runner/work/ozone/ozone/hadoop-hdds/container-service/target/test-dir/TestContainerPersistence
]]></system-out>
  </testcase>
  <testcase name="testDeleteContainer" classname="TestContainerPersistence" time="0.137">
    <system-out><![CDATA[2022-08-21 10:58:23,139 [Time-limited test] INFO  volume.HddsVolume (HddsVolume.java:<init>(117)) - Creating HddsVolume: /home/runner/work/ozone/ozone/hadoop-hdds/container-service/target/test-dir/TestContainerPersistence/hdds of storage type : DISK capacity : 9223372036854775807
2022-08-21 10:58:23,139 [Time-limited test] INFO  volume.MutableVolumeSet (MutableVolumeSet.java:initializeVolumeSet(174)) - Added Volume : /home/runner/work/ozone/ozone/hadoop-hdds/container-service/target/test-dir/TestContainerPersistence/hdds to VolumeSet
2022-08-21 10:58:23,166 [Time-limited test] INFO  volume.HddsVolume (HddsVolume.java:createDbStore(310)) - SchemaV3 db is created and loaded at /home/runner/work/ozone/ozone/hadoop-hdds/container-service/target/test-dir/TestContainerPersistence/hdds/25c91374-21df-4f98-ab98-a92c9bce9068/DS-ed962e73-7423-463d-b778-0e324592a4a6/container.db for volume DS-ed962e73-7423-463d-b778-0e324592a4a6
2022-08-21 10:58:23,270 [Time-limited test] INFO  keyvalue.KeyValueContainer (KeyValueContainer.java:flushAndSyncDB(436)) - Container 1661079503168 is synced with bcsId 0.
2022-08-21 10:58:23,270 [Time-limited test] INFO  keyvalue.KeyValueContainer (KeyValueContainer.java:flushAndSyncDB(436)) - Container 1661079503168 is synced with bcsId 0.
2022-08-21 10:58:23,271 [Time-limited test] INFO  keyvalue.KeyValueContainer (KeyValueContainer.java:close(351)) - Container 1661079503168 is closed with bcsId 0.
2022-08-21 10:58:23,273 [Time-limited test] INFO  impl.TestContainerPersistence (TestContainerPersistence.java:cleanupDir(170)) - Deleting /home/runner/work/ozone/ozone/hadoop-hdds/container-service/target/test-dir/TestContainerPersistence
]]></system-out>
  </testcase>
  <testcase name="testCreateDuplicateContainer" classname="TestContainerPersistence" time="0.038">
    <system-out><![CDATA[2022-08-21 10:58:16,157 [Time-limited test] INFO  volume.HddsVolume (HddsVolume.java:<init>(117)) - Creating HddsVolume: /home/runner/work/ozone/ozone/hadoop-hdds/container-service/target/test-dir/TestContainerPersistence/hdds of storage type : DISK capacity : 9223372036854775807
2022-08-21 10:58:16,158 [Time-limited test] INFO  volume.MutableVolumeSet (MutableVolumeSet.java:initializeVolumeSet(174)) - Added Volume : /home/runner/work/ozone/ozone/hadoop-hdds/container-service/target/test-dir/TestContainerPersistence/hdds to VolumeSet
2022-08-21 10:58:16,189 [Time-limited test] WARN  impl.ContainerSet (ContainerSet.java:addContainer(108)) - Container already exists with container Id 1661079496166
2022-08-21 10:58:16,190 [Time-limited test] INFO  impl.TestContainerPersistence (TestContainerPersistence.java:cleanupDir(170)) - Deleting /home/runner/work/ozone/ozone/hadoop-hdds/container-service/target/test-dir/TestContainerPersistence
]]></system-out>
  </testcase>
  <testcase name="testCreateDuplicateContainer" classname="TestContainerPersistence" time="0.03">
    <system-out><![CDATA[2022-08-21 10:58:18,118 [Time-limited test] INFO  volume.HddsVolume (HddsVolume.java:<init>(117)) - Creating HddsVolume: /home/runner/work/ozone/ozone/hadoop-hdds/container-service/target/test-dir/TestContainerPersistence/hdds of storage type : DISK capacity : 9223372036854775807
2022-08-21 10:58:18,118 [Time-limited test] INFO  volume.MutableVolumeSet (MutableVolumeSet.java:initializeVolumeSet(174)) - Added Volume : /home/runner/work/ozone/ozone/hadoop-hdds/container-service/target/test-dir/TestContainerPersistence/hdds to VolumeSet
2022-08-21 10:58:18,145 [Time-limited test] WARN  impl.ContainerSet (ContainerSet.java:addContainer(108)) - Container already exists with container Id 1661079498124
2022-08-21 10:58:18,146 [Time-limited test] INFO  impl.TestContainerPersistence (TestContainerPersistence.java:cleanupDir(170)) - Deleting /home/runner/work/ozone/ozone/hadoop-hdds/container-service/target/test-dir/TestContainerPersistence
]]></system-out>
  </testcase>
  <testcase name="testCreateDuplicateContainer" classname="TestContainerPersistence" time="0.037">
    <system-out><![CDATA[2022-08-21 10:58:19,654 [Time-limited test] INFO  volume.HddsVolume (HddsVolume.java:<init>(117)) - Creating HddsVolume: /home/runner/work/ozone/ozone/hadoop-hdds/container-service/target/test-dir/TestContainerPersistence/hdds of storage type : DISK capacity : 9223372036854775807
2022-08-21 10:58:19,654 [Time-limited test] INFO  volume.MutableVolumeSet (MutableVolumeSet.java:initializeVolumeSet(174)) - Added Volume : /home/runner/work/ozone/ozone/hadoop-hdds/container-service/target/test-dir/TestContainerPersistence/hdds to VolumeSet
2022-08-21 10:58:19,682 [Time-limited test] INFO  volume.HddsVolume (HddsVolume.java:createDbStore(310)) - SchemaV3 db is created and loaded at /home/runner/work/ozone/ozone/hadoop-hdds/container-service/target/test-dir/TestContainerPersistence/hdds/25c91374-21df-4f98-ab98-a92c9bce9068/DS-1b4de272-b719-4268-971d-cbac1833f763/container.db for volume DS-1b4de272-b719-4268-971d-cbac1833f763
2022-08-21 10:58:19,684 [Time-limited test] WARN  impl.ContainerSet (ContainerSet.java:addContainer(108)) - Container already exists with container Id 1661079499682
2022-08-21 10:58:19,688 [Time-limited test] INFO  impl.TestContainerPersistence (TestContainerPersistence.java:cleanupDir(170)) - Deleting /home/runner/work/ozone/ozone/hadoop-hdds/container-service/target/test-dir/TestContainerPersistence
]]></system-out>
  </testcase>
  <testcase name="testCreateDuplicateContainer" classname="TestContainerPersistence" time="0.035">
    <system-out><![CDATA[2022-08-21 10:58:21,180 [Time-limited test] INFO  volume.HddsVolume (HddsVolume.java:<init>(117)) - Creating HddsVolume: /home/runner/work/ozone/ozone/hadoop-hdds/container-service/target/test-dir/TestContainerPersistence/hdds of storage type : DISK capacity : 9223372036854775807
2022-08-21 10:58:21,180 [Time-limited test] INFO  volume.MutableVolumeSet (MutableVolumeSet.java:initializeVolumeSet(174)) - Added Volume : /home/runner/work/ozone/ozone/hadoop-hdds/container-service/target/test-dir/TestContainerPersistence/hdds to VolumeSet
2022-08-21 10:58:21,211 [Time-limited test] WARN  impl.ContainerSet (ContainerSet.java:addContainer(108)) - Container already exists with container Id 1661079501187
2022-08-21 10:58:21,212 [Time-limited test] INFO  impl.TestContainerPersistence (TestContainerPersistence.java:cleanupDir(170)) - Deleting /home/runner/work/ozone/ozone/hadoop-hdds/container-service/target/test-dir/TestContainerPersistence
]]></system-out>
  </testcase>
  <testcase name="testCreateDuplicateContainer" classname="TestContainerPersistence" time="0.04">
    <system-out><![CDATA[2022-08-21 10:58:22,384 [Time-limited test] INFO  volume.HddsVolume (HddsVolume.java:<init>(117)) - Creating HddsVolume: /home/runner/work/ozone/ozone/hadoop-hdds/container-service/target/test-dir/TestContainerPersistence/hdds of storage type : DISK capacity : 9223372036854775807
2022-08-21 10:58:22,384 [Time-limited test] INFO  volume.MutableVolumeSet (MutableVolumeSet.java:initializeVolumeSet(174)) - Added Volume : /home/runner/work/ozone/ozone/hadoop-hdds/container-service/target/test-dir/TestContainerPersistence/hdds to VolumeSet
2022-08-21 10:58:22,415 [Time-limited test] WARN  impl.ContainerSet (ContainerSet.java:addContainer(108)) - Container already exists with container Id 1661079502390
2022-08-21 10:58:22,420 [Time-limited test] INFO  impl.TestContainerPersistence (TestContainerPersistence.java:cleanupDir(170)) - Deleting /home/runner/work/ozone/ozone/hadoop-hdds/container-service/target/test-dir/TestContainerPersistence
]]></system-out>
  </testcase>
  <testcase name="testCreateDuplicateContainer" classname="TestContainerPersistence" time="0.032">
    <system-out><![CDATA[2022-08-21 10:58:23,276 [Time-limited test] INFO  volume.HddsVolume (HddsVolume.java:<init>(117)) - Creating HddsVolume: /home/runner/work/ozone/ozone/hadoop-hdds/container-service/target/test-dir/TestContainerPersistence/hdds of storage type : DISK capacity : 9223372036854775807
2022-08-21 10:58:23,276 [Time-limited test] INFO  volume.MutableVolumeSet (MutableVolumeSet.java:initializeVolumeSet(174)) - Added Volume : /home/runner/work/ozone/ozone/hadoop-hdds/container-service/target/test-dir/TestContainerPersistence/hdds to VolumeSet
2022-08-21 10:58:23,302 [Time-limited test] INFO  volume.HddsVolume (HddsVolume.java:createDbStore(310)) - SchemaV3 db is created and loaded at /home/runner/work/ozone/ozone/hadoop-hdds/container-service/target/test-dir/TestContainerPersistence/hdds/25c91374-21df-4f98-ab98-a92c9bce9068/DS-2d877faf-3c12-41e3-a178-c39f86bca3e2/container.db for volume DS-2d877faf-3c12-41e3-a178-c39f86bca3e2
2022-08-21 10:58:23,304 [Time-limited test] WARN  impl.ContainerSet (ContainerSet.java:addContainer(108)) - Container already exists with container Id 1661079503302
2022-08-21 10:58:23,305 [Time-limited test] INFO  impl.TestContainerPersistence (TestContainerPersistence.java:cleanupDir(170)) - Deleting /home/runner/work/ozone/ozone/hadoop-hdds/container-service/target/test-dir/TestContainerPersistence
]]></system-out>
  </testcase>
  <testcase name="testUpdateContainer" classname="TestContainerPersistence" time="0.071">
    <system-out><![CDATA[2022-08-21 10:58:16,201 [Time-limited test] INFO  volume.HddsVolume (HddsVolume.java:<init>(117)) - Creating HddsVolume: /home/runner/work/ozone/ozone/hadoop-hdds/container-service/target/test-dir/TestContainerPersistence/hdds of storage type : DISK capacity : 9223372036854775807
2022-08-21 10:58:16,202 [Time-limited test] INFO  volume.MutableVolumeSet (MutableVolumeSet.java:initializeVolumeSet(174)) - Added Volume : /home/runner/work/ozone/ozone/hadoop-hdds/container-service/target/test-dir/TestContainerPersistence/hdds to VolumeSet
2022-08-21 10:58:16,256 [Time-limited test] INFO  keyvalue.KeyValueContainer (KeyValueContainer.java:flushAndSyncDB(436)) - Container 1661079496210 is synced with bcsId 0.
2022-08-21 10:58:16,256 [Time-limited test] INFO  keyvalue.KeyValueContainer (KeyValueContainer.java:flushAndSyncDB(436)) - Container 1661079496210 is synced with bcsId 0.
2022-08-21 10:58:16,258 [Time-limited test] INFO  keyvalue.KeyValueContainer (KeyValueContainer.java:close(351)) - Container 1661079496210 is closed with bcsId 0.
2022-08-21 10:58:16,262 [Time-limited test] INFO  impl.TestContainerPersistence (TestContainerPersistence.java:cleanupDir(170)) - Deleting /home/runner/work/ozone/ozone/hadoop-hdds/container-service/target/test-dir/TestContainerPersistence
]]></system-out>
  </testcase>
  <testcase name="testUpdateContainer" classname="TestContainerPersistence" time="0.047">
    <system-out><![CDATA[2022-08-21 10:58:18,151 [Time-limited test] INFO  volume.HddsVolume (HddsVolume.java:<init>(117)) - Creating HddsVolume: /home/runner/work/ozone/ozone/hadoop-hdds/container-service/target/test-dir/TestContainerPersistence/hdds of storage type : DISK capacity : 9223372036854775807
2022-08-21 10:58:18,151 [Time-limited test] INFO  volume.MutableVolumeSet (MutableVolumeSet.java:initializeVolumeSet(174)) - Added Volume : /home/runner/work/ozone/ozone/hadoop-hdds/container-service/target/test-dir/TestContainerPersistence/hdds to VolumeSet
2022-08-21 10:58:18,188 [Time-limited test] INFO  keyvalue.KeyValueContainer (KeyValueContainer.java:flushAndSyncDB(436)) - Container 1661079498159 is synced with bcsId 0.
2022-08-21 10:58:18,188 [Time-limited test] INFO  keyvalue.KeyValueContainer (KeyValueContainer.java:flushAndSyncDB(436)) - Container 1661079498159 is synced with bcsId 0.
2022-08-21 10:58:18,190 [Time-limited test] INFO  keyvalue.KeyValueContainer (KeyValueContainer.java:close(351)) - Container 1661079498159 is closed with bcsId 0.
2022-08-21 10:58:18,192 [Time-limited test] INFO  impl.TestContainerPersistence (TestContainerPersistence.java:cleanupDir(170)) - Deleting /home/runner/work/ozone/ozone/hadoop-hdds/container-service/target/test-dir/TestContainerPersistence
]]></system-out>
  </testcase>
  <testcase name="testUpdateContainer" classname="TestContainerPersistence" time="0.049">
    <system-out><![CDATA[2022-08-21 10:58:19,692 [Time-limited test] INFO  volume.HddsVolume (HddsVolume.java:<init>(117)) - Creating HddsVolume: /home/runner/work/ozone/ozone/hadoop-hdds/container-service/target/test-dir/TestContainerPersistence/hdds of storage type : DISK capacity : 9223372036854775807
2022-08-21 10:58:19,693 [Time-limited test] INFO  volume.MutableVolumeSet (MutableVolumeSet.java:initializeVolumeSet(174)) - Added Volume : /home/runner/work/ozone/ozone/hadoop-hdds/container-service/target/test-dir/TestContainerPersistence/hdds to VolumeSet
2022-08-21 10:58:19,724 [Time-limited test] INFO  volume.HddsVolume (HddsVolume.java:createDbStore(310)) - SchemaV3 db is created and loaded at /home/runner/work/ozone/ozone/hadoop-hdds/container-service/target/test-dir/TestContainerPersistence/hdds/25c91374-21df-4f98-ab98-a92c9bce9068/DS-38826ef5-ed56-4bfc-9b34-3eb8247392a3/container.db for volume DS-38826ef5-ed56-4bfc-9b34-3eb8247392a3
2022-08-21 10:58:19,733 [Time-limited test] INFO  keyvalue.KeyValueContainer (KeyValueContainer.java:flushAndSyncDB(436)) - Container 1661079499724 is synced with bcsId 0.
2022-08-21 10:58:19,733 [Time-limited test] INFO  keyvalue.KeyValueContainer (KeyValueContainer.java:flushAndSyncDB(436)) - Container 1661079499724 is synced with bcsId 0.
2022-08-21 10:58:19,734 [Time-limited test] INFO  keyvalue.KeyValueContainer (KeyValueContainer.java:close(351)) - Container 1661079499724 is closed with bcsId 0.
2022-08-21 10:58:19,737 [Time-limited test] INFO  impl.TestContainerPersistence (TestContainerPersistence.java:cleanupDir(170)) - Deleting /home/runner/work/ozone/ozone/hadoop-hdds/container-service/target/test-dir/TestContainerPersistence
]]></system-out>
  </testcase>
  <testcase name="testUpdateContainer" classname="TestContainerPersistence" time="0.044">
    <system-out><![CDATA[2022-08-21 10:58:21,216 [Time-limited test] INFO  volume.HddsVolume (HddsVolume.java:<init>(117)) - Creating HddsVolume: /home/runner/work/ozone/ozone/hadoop-hdds/container-service/target/test-dir/TestContainerPersistence/hdds of storage type : DISK capacity : 9223372036854775807
2022-08-21 10:58:21,216 [Time-limited test] INFO  volume.MutableVolumeSet (MutableVolumeSet.java:initializeVolumeSet(174)) - Added Volume : /home/runner/work/ozone/ozone/hadoop-hdds/container-service/target/test-dir/TestContainerPersistence/hdds to VolumeSet
2022-08-21 10:58:21,252 [Time-limited test] INFO  keyvalue.KeyValueContainer (KeyValueContainer.java:flushAndSyncDB(436)) - Container 1661079501223 is synced with bcsId 0.
2022-08-21 10:58:21,252 [Time-limited test] INFO  keyvalue.KeyValueContainer (KeyValueContainer.java:flushAndSyncDB(436)) - Container 1661079501223 is synced with bcsId 0.
2022-08-21 10:58:21,253 [Time-limited test] INFO  keyvalue.KeyValueContainer (KeyValueContainer.java:close(351)) - Container 1661079501223 is closed with bcsId 0.
2022-08-21 10:58:21,256 [Time-limited test] INFO  impl.TestContainerPersistence (TestContainerPersistence.java:cleanupDir(170)) - Deleting /home/runner/work/ozone/ozone/hadoop-hdds/container-service/target/test-dir/TestContainerPersistence
]]></system-out>
  </testcase>
  <testcase name="testUpdateContainer" classname="TestContainerPersistence" time="0.041">
    <system-out><![CDATA[2022-08-21 10:58:22,422 [Time-limited test] INFO  volume.HddsVolume (HddsVolume.java:<init>(117)) - Creating HddsVolume: /home/runner/work/ozone/ozone/hadoop-hdds/container-service/target/test-dir/TestContainerPersistence/hdds of storage type : DISK capacity : 9223372036854775807
2022-08-21 10:58:22,422 [Time-limited test] INFO  volume.MutableVolumeSet (MutableVolumeSet.java:initializeVolumeSet(174)) - Added Volume : /home/runner/work/ozone/ozone/hadoop-hdds/container-service/target/test-dir/TestContainerPersistence/hdds to VolumeSet
2022-08-21 10:58:22,456 [Time-limited test] INFO  keyvalue.KeyValueContainer (KeyValueContainer.java:flushAndSyncDB(436)) - Container 1661079502428 is synced with bcsId 0.
2022-08-21 10:58:22,456 [Time-limited test] INFO  keyvalue.KeyValueContainer (KeyValueContainer.java:flushAndSyncDB(436)) - Container 1661079502428 is synced with bcsId 0.
2022-08-21 10:58:22,459 [Time-limited test] INFO  keyvalue.KeyValueContainer (KeyValueContainer.java:close(351)) - Container 1661079502428 is closed with bcsId 0.
2022-08-21 10:58:22,461 [Time-limited test] INFO  impl.TestContainerPersistence (TestContainerPersistence.java:cleanupDir(170)) - Deleting /home/runner/work/ozone/ozone/hadoop-hdds/container-service/target/test-dir/TestContainerPersistence
]]></system-out>
  </testcase>
  <testcase name="testUpdateContainer" classname="TestContainerPersistence" time="0.04">
    <system-out><![CDATA[2022-08-21 10:58:23,308 [Time-limited test] INFO  volume.HddsVolume (HddsVolume.java:<init>(117)) - Creating HddsVolume: /home/runner/work/ozone/ozone/hadoop-hdds/container-service/target/test-dir/TestContainerPersistence/hdds of storage type : DISK capacity : 9223372036854775807
2022-08-21 10:58:23,308 [Time-limited test] INFO  volume.MutableVolumeSet (MutableVolumeSet.java:initializeVolumeSet(174)) - Added Volume : /home/runner/work/ozone/ozone/hadoop-hdds/container-service/target/test-dir/TestContainerPersistence/hdds to VolumeSet
2022-08-21 10:58:23,331 [Time-limited test] INFO  volume.HddsVolume (HddsVolume.java:createDbStore(310)) - SchemaV3 db is created and loaded at /home/runner/work/ozone/ozone/hadoop-hdds/container-service/target/test-dir/TestContainerPersistence/hdds/25c91374-21df-4f98-ab98-a92c9bce9068/DS-70345a72-f186-4cc6-a83c-c99760f2d8c1/container.db for volume DS-70345a72-f186-4cc6-a83c-c99760f2d8c1
2022-08-21 10:58:23,343 [Time-limited test] INFO  keyvalue.KeyValueContainer (KeyValueContainer.java:flushAndSyncDB(436)) - Container 1661079503336 is synced with bcsId 0.
2022-08-21 10:58:23,343 [Time-limited test] INFO  keyvalue.KeyValueContainer (KeyValueContainer.java:flushAndSyncDB(436)) - Container 1661079503336 is synced with bcsId 0.
2022-08-21 10:58:23,344 [Time-limited test] INFO  keyvalue.KeyValueContainer (KeyValueContainer.java:close(351)) - Container 1661079503336 is closed with bcsId 0.
2022-08-21 10:58:23,345 [Time-limited test] INFO  impl.TestContainerPersistence (TestContainerPersistence.java:cleanupDir(170)) - Deleting /home/runner/work/ozone/ozone/hadoop-hdds/container-service/target/test-dir/TestContainerPersistence
]]></system-out>
  </testcase>
  <testcase name="testListContainer" classname="TestContainerPersistence" time="0.242">
    <system-out><![CDATA[2022-08-21 10:58:16,268 [Time-limited test] INFO  volume.HddsVolume (HddsVolume.java:<init>(117)) - Creating HddsVolume: /home/runner/work/ozone/ozone/hadoop-hdds/container-service/target/test-dir/TestContainerPersistence/hdds of storage type : DISK capacity : 9223372036854775807
2022-08-21 10:58:16,269 [Time-limited test] INFO  volume.MutableVolumeSet (MutableVolumeSet.java:initializeVolumeSet(174)) - Added Volume : /home/runner/work/ozone/ozone/hadoop-hdds/container-service/target/test-dir/TestContainerPersistence/hdds to VolumeSet
2022-08-21 10:58:16,497 [Time-limited test] INFO  impl.TestContainerPersistence (TestContainerPersistence.java:cleanupDir(170)) - Deleting /home/runner/work/ozone/ozone/hadoop-hdds/container-service/target/test-dir/TestContainerPersistence
]]></system-out>
  </testcase>
  <testcase name="testListContainer" classname="TestContainerPersistence" time="0.257">
    <system-out><![CDATA[2022-08-21 10:58:18,206 [Time-limited test] INFO  volume.HddsVolume (HddsVolume.java:<init>(117)) - Creating HddsVolume: /home/runner/work/ozone/ozone/hadoop-hdds/container-service/target/test-dir/TestContainerPersistence/hdds of storage type : DISK capacity : 9223372036854775807
2022-08-21 10:58:18,206 [Time-limited test] INFO  volume.MutableVolumeSet (MutableVolumeSet.java:initializeVolumeSet(174)) - Added Volume : /home/runner/work/ozone/ozone/hadoop-hdds/container-service/target/test-dir/TestContainerPersistence/hdds to VolumeSet
2022-08-21 10:58:18,441 [Time-limited test] INFO  impl.TestContainerPersistence (TestContainerPersistence.java:cleanupDir(170)) - Deleting /home/runner/work/ozone/ozone/hadoop-hdds/container-service/target/test-dir/TestContainerPersistence
]]></system-out>
  </testcase>
  <testcase name="testListContainer" classname="TestContainerPersistence" time="0.05">
    <system-out><![CDATA[2022-08-21 10:58:19,740 [Time-limited test] INFO  volume.HddsVolume (HddsVolume.java:<init>(117)) - Creating HddsVolume: /home/runner/work/ozone/ozone/hadoop-hdds/container-service/target/test-dir/TestContainerPersistence/hdds of storage type : DISK capacity : 9223372036854775807
2022-08-21 10:58:19,740 [Time-limited test] INFO  volume.MutableVolumeSet (MutableVolumeSet.java:initializeVolumeSet(174)) - Added Volume : /home/runner/work/ozone/ozone/hadoop-hdds/container-service/target/test-dir/TestContainerPersistence/hdds to VolumeSet
2022-08-21 10:58:19,770 [Time-limited test] INFO  volume.HddsVolume (HddsVolume.java:createDbStore(310)) - SchemaV3 db is created and loaded at /home/runner/work/ozone/ozone/hadoop-hdds/container-service/target/test-dir/TestContainerPersistence/hdds/25c91374-21df-4f98-ab98-a92c9bce9068/DS-597f1b39-6cad-4358-82c6-cbe6bdbc13c8/container.db for volume DS-597f1b39-6cad-4358-82c6-cbe6bdbc13c8
2022-08-21 10:58:19,786 [Time-limited test] INFO  impl.TestContainerPersistence (TestContainerPersistence.java:cleanupDir(170)) - Deleting /home/runner/work/ozone/ozone/hadoop-hdds/container-service/target/test-dir/TestContainerPersistence
]]></system-out>
  </testcase>
  <testcase name="testListContainer" classname="TestContainerPersistence" time="0.26">
    <system-out><![CDATA[2022-08-21 10:58:21,260 [Time-limited test] INFO  volume.HddsVolume (HddsVolume.java:<init>(117)) - Creating HddsVolume: /home/runner/work/ozone/ozone/hadoop-hdds/container-service/target/test-dir/TestContainerPersistence/hdds of storage type : DISK capacity : 9223372036854775807
2022-08-21 10:58:21,260 [Time-limited test] INFO  volume.MutableVolumeSet (MutableVolumeSet.java:initializeVolumeSet(174)) - Added Volume : /home/runner/work/ozone/ozone/hadoop-hdds/container-service/target/test-dir/TestContainerPersistence/hdds to VolumeSet
2022-08-21 10:58:21,508 [Time-limited test] INFO  impl.TestContainerPersistence (TestContainerPersistence.java:cleanupDir(170)) - Deleting /home/runner/work/ozone/ozone/hadoop-hdds/container-service/target/test-dir/TestContainerPersistence
]]></system-out>
  </testcase>
  <testcase name="testListContainer" classname="TestContainerPersistence" time="0.233">
    <system-out><![CDATA[2022-08-21 10:58:22,464 [Time-limited test] INFO  volume.HddsVolume (HddsVolume.java:<init>(117)) - Creating HddsVolume: /home/runner/work/ozone/ozone/hadoop-hdds/container-service/target/test-dir/TestContainerPersistence/hdds of storage type : DISK capacity : 9223372036854775807
2022-08-21 10:58:22,464 [Time-limited test] INFO  volume.MutableVolumeSet (MutableVolumeSet.java:initializeVolumeSet(174)) - Added Volume : /home/runner/work/ozone/ozone/hadoop-hdds/container-service/target/test-dir/TestContainerPersistence/hdds to VolumeSet
2022-08-21 10:58:22,688 [Time-limited test] INFO  impl.TestContainerPersistence (TestContainerPersistence.java:cleanupDir(170)) - Deleting /home/runner/work/ozone/ozone/hadoop-hdds/container-service/target/test-dir/TestContainerPersistence
]]></system-out>
  </testcase>
  <testcase name="testListContainer" classname="TestContainerPersistence" time="0.049">
    <system-out><![CDATA[2022-08-21 10:58:23,353 [Time-limited test] INFO  volume.HddsVolume (HddsVolume.java:<init>(117)) - Creating HddsVolume: /home/runner/work/ozone/ozone/hadoop-hdds/container-service/target/test-dir/TestContainerPersistence/hdds of storage type : DISK capacity : 9223372036854775807
2022-08-21 10:58:23,353 [Time-limited test] INFO  volume.MutableVolumeSet (MutableVolumeSet.java:initializeVolumeSet(174)) - Added Volume : /home/runner/work/ozone/ozone/hadoop-hdds/container-service/target/test-dir/TestContainerPersistence/hdds to VolumeSet
2022-08-21 10:58:23,382 [Time-limited test] INFO  volume.HddsVolume (HddsVolume.java:createDbStore(310)) - SchemaV3 db is created and loaded at /home/runner/work/ozone/ozone/hadoop-hdds/container-service/target/test-dir/TestContainerPersistence/hdds/25c91374-21df-4f98-ab98-a92c9bce9068/DS-0e481e1a-7dfb-4c44-9f12-44eae9b1683e/container.db for volume DS-0e481e1a-7dfb-4c44-9f12-44eae9b1683e
2022-08-21 10:58:23,393 [Time-limited test] INFO  impl.TestContainerPersistence (TestContainerPersistence.java:cleanupDir(170)) - Deleting /home/runner/work/ozone/ozone/hadoop-hdds/container-service/target/test-dir/TestContainerPersistence
]]></system-out>
  </testcase>
  <testcase name="testWritReadManyChunks" classname="TestContainerPersistence" time="0.911">
    <system-out><![CDATA[2022-08-21 10:58:16,510 [Time-limited test] INFO  volume.HddsVolume (HddsVolume.java:<init>(117)) - Creating HddsVolume: /home/runner/work/ozone/ozone/hadoop-hdds/container-service/target/test-dir/TestContainerPersistence/hdds of storage type : DISK capacity : 9223372036854775807
2022-08-21 10:58:16,510 [Time-limited test] INFO  volume.MutableVolumeSet (MutableVolumeSet.java:initializeVolumeSet(174)) - Added Volume : /home/runner/work/ozone/ozone/hadoop-hdds/container-service/target/test-dir/TestContainerPersistence/hdds to VolumeSet
2022-08-21 10:58:16,875 [Finalizer] WARN  managed.ManagedRocksObjectUtils (ManagedRocksObjectUtils.java:assertClosed(39)) - ManagedWriteOptions is not closed properly
2022-08-21 10:58:16,875 [Finalizer] WARN  managed.ManagedRocksObjectUtils (ManagedRocksObjectUtils.java:assertClosed(39)) - ManagedDBOptions is not closed properly
2022-08-21 10:58:16,875 [Finalizer] WARN  managed.ManagedRocksObjectUtils (ManagedRocksObjectUtils.java:assertClosed(39)) - ManagedLRUCache is not closed properly
2022-08-21 10:58:16,876 [Finalizer] WARN  managed.ManagedRocksObjectUtils (ManagedRocksObjectUtils.java:assertClosed(39)) - ManagedBloomFilter is not closed properly
2022-08-21 10:58:17,361 [Time-limited test] INFO  impl.TestContainerPersistence (TestContainerPersistence.java:cleanupDir(170)) - Deleting /home/runner/work/ozone/ozone/hadoop-hdds/container-service/target/test-dir/TestContainerPersistence
]]></system-out>
  </testcase>
  <testcase name="testWritReadManyChunks" classname="TestContainerPersistence" time="0.623">
    <system-out><![CDATA[2022-08-21 10:58:18,454 [Time-limited test] INFO  volume.HddsVolume (HddsVolume.java:<init>(117)) - Creating HddsVolume: /home/runner/work/ozone/ozone/hadoop-hdds/container-service/target/test-dir/TestContainerPersistence/hdds of storage type : DISK capacity : 9223372036854775807
2022-08-21 10:58:18,455 [Time-limited test] INFO  volume.MutableVolumeSet (MutableVolumeSet.java:initializeVolumeSet(174)) - Added Volume : /home/runner/work/ozone/ozone/hadoop-hdds/container-service/target/test-dir/TestContainerPersistence/hdds to VolumeSet
2022-08-21 10:58:18,595 [Finalizer] WARN  managed.ManagedRocksObjectUtils (ManagedRocksObjectUtils.java:assertClosed(39)) - ManagedWriteOptions is not closed properly
2022-08-21 10:58:18,595 [Finalizer] WARN  managed.ManagedRocksObjectUtils (ManagedRocksObjectUtils.java:assertClosed(39)) - ManagedDBOptions is not closed properly
2022-08-21 10:58:18,595 [Finalizer] WARN  managed.ManagedRocksObjectUtils (ManagedRocksObjectUtils.java:assertClosed(39)) - ManagedLRUCache is not closed properly
2022-08-21 10:58:18,596 [Finalizer] WARN  managed.ManagedRocksObjectUtils (ManagedRocksObjectUtils.java:assertClosed(39)) - ManagedBloomFilter is not closed properly
2022-08-21 10:58:19,032 [Time-limited test] INFO  impl.TestContainerPersistence (TestContainerPersistence.java:cleanupDir(170)) - Deleting /home/runner/work/ozone/ozone/hadoop-hdds/container-service/target/test-dir/TestContainerPersistence
]]></system-out>
  </testcase>
  <testcase name="testWritReadManyChunks" classname="TestContainerPersistence" time="0.612">
    <system-out><![CDATA[2022-08-21 10:58:19,796 [Time-limited test] INFO  volume.HddsVolume (HddsVolume.java:<init>(117)) - Creating HddsVolume: /home/runner/work/ozone/ozone/hadoop-hdds/container-service/target/test-dir/TestContainerPersistence/hdds of storage type : DISK capacity : 9223372036854775807
2022-08-21 10:58:19,796 [Time-limited test] INFO  volume.MutableVolumeSet (MutableVolumeSet.java:initializeVolumeSet(174)) - Added Volume : /home/runner/work/ozone/ozone/hadoop-hdds/container-service/target/test-dir/TestContainerPersistence/hdds to VolumeSet
2022-08-21 10:58:19,825 [Time-limited test] INFO  volume.HddsVolume (HddsVolume.java:createDbStore(310)) - SchemaV3 db is created and loaded at /home/runner/work/ozone/ozone/hadoop-hdds/container-service/target/test-dir/TestContainerPersistence/hdds/25c91374-21df-4f98-ab98-a92c9bce9068/DS-86481e69-23b6-4a8a-abb5-f67eb5504d8d/container.db for volume DS-86481e69-23b6-4a8a-abb5-f67eb5504d8d
2022-08-21 10:58:20,353 [Time-limited test] INFO  impl.TestContainerPersistence (TestContainerPersistence.java:cleanupDir(170)) - Deleting /home/runner/work/ozone/ozone/hadoop-hdds/container-service/target/test-dir/TestContainerPersistence
]]></system-out>
  </testcase>
  <testcase name="testWritReadManyChunks" classname="TestContainerPersistence" time="0.114">
    <system-out><![CDATA[2022-08-21 10:58:21,524 [Time-limited test] INFO  volume.HddsVolume (HddsVolume.java:<init>(117)) - Creating HddsVolume: /home/runner/work/ozone/ozone/hadoop-hdds/container-service/target/test-dir/TestContainerPersistence/hdds of storage type : DISK capacity : 9223372036854775807
2022-08-21 10:58:21,524 [Time-limited test] INFO  volume.MutableVolumeSet (MutableVolumeSet.java:initializeVolumeSet(174)) - Added Volume : /home/runner/work/ozone/ozone/hadoop-hdds/container-service/target/test-dir/TestContainerPersistence/hdds to VolumeSet
2022-08-21 10:58:21,629 [Time-limited test] INFO  impl.TestContainerPersistence (TestContainerPersistence.java:cleanupDir(170)) - Deleting /home/runner/work/ozone/ozone/hadoop-hdds/container-service/target/test-dir/TestContainerPersistence
]]></system-out>
  </testcase>
  <testcase name="testWritReadManyChunks" classname="TestContainerPersistence" time="0.086">
    <system-out><![CDATA[2022-08-21 10:58:22,700 [Time-limited test] INFO  volume.HddsVolume (HddsVolume.java:<init>(117)) - Creating HddsVolume: /home/runner/work/ozone/ozone/hadoop-hdds/container-service/target/test-dir/TestContainerPersistence/hdds of storage type : DISK capacity : 9223372036854775807
2022-08-21 10:58:22,700 [Time-limited test] INFO  volume.MutableVolumeSet (MutableVolumeSet.java:initializeVolumeSet(174)) - Added Volume : /home/runner/work/ozone/ozone/hadoop-hdds/container-service/target/test-dir/TestContainerPersistence/hdds to VolumeSet
2022-08-21 10:58:22,779 [Time-limited test] INFO  impl.TestContainerPersistence (TestContainerPersistence.java:cleanupDir(170)) - Deleting /home/runner/work/ozone/ozone/hadoop-hdds/container-service/target/test-dir/TestContainerPersistence
]]></system-out>
  </testcase>
  <testcase name="testWritReadManyChunks" classname="TestContainerPersistence" time="0.088">
    <system-out><![CDATA[2022-08-21 10:58:23,405 [Time-limited test] INFO  volume.HddsVolume (HddsVolume.java:<init>(117)) - Creating HddsVolume: /home/runner/work/ozone/ozone/hadoop-hdds/container-service/target/test-dir/TestContainerPersistence/hdds of storage type : DISK capacity : 9223372036854775807
2022-08-21 10:58:23,405 [Time-limited test] INFO  volume.MutableVolumeSet (MutableVolumeSet.java:initializeVolumeSet(174)) - Added Volume : /home/runner/work/ozone/ozone/hadoop-hdds/container-service/target/test-dir/TestContainerPersistence/hdds to VolumeSet
2022-08-21 10:58:23,434 [Time-limited test] INFO  volume.HddsVolume (HddsVolume.java:createDbStore(310)) - SchemaV3 db is created and loaded at /home/runner/work/ozone/ozone/hadoop-hdds/container-service/target/test-dir/TestContainerPersistence/hdds/25c91374-21df-4f98-ab98-a92c9bce9068/DS-3ee14efe-e06c-4fe5-a410-a56844616169/container.db for volume DS-3ee14efe-e06c-4fe5-a410-a56844616169
2022-08-21 10:58:23,483 [Time-limited test] INFO  impl.TestContainerPersistence (TestContainerPersistence.java:cleanupDir(170)) - Deleting /home/runner/work/ozone/ozone/hadoop-hdds/container-service/target/test-dir/TestContainerPersistence
]]></system-out>
  </testcase>
  <testcase name="testPutBlockWithLotsOfChunks" classname="TestContainerPersistence" time="0.04">
    <system-out><![CDATA[2022-08-21 10:58:17,420 [Time-limited test] INFO  volume.HddsVolume (HddsVolume.java:<init>(117)) - Creating HddsVolume: /home/runner/work/ozone/ozone/hadoop-hdds/container-service/target/test-dir/TestContainerPersistence/hdds of storage type : DISK capacity : 9223372036854775807
2022-08-21 10:58:17,421 [Time-limited test] INFO  volume.MutableVolumeSet (MutableVolumeSet.java:initializeVolumeSet(174)) - Added Volume : /home/runner/work/ozone/ozone/hadoop-hdds/container-service/target/test-dir/TestContainerPersistence/hdds to VolumeSet
2022-08-21 10:58:17,456 [Time-limited test] INFO  impl.TestContainerPersistence (TestContainerPersistence.java:cleanupDir(170)) - Deleting /home/runner/work/ozone/ozone/hadoop-hdds/container-service/target/test-dir/TestContainerPersistence
]]></system-out>
  </testcase>
  <testcase name="testPutBlockWithLotsOfChunks" classname="TestContainerPersistence" time="0.045">
    <system-out><![CDATA[2022-08-21 10:58:19,078 [Time-limited test] INFO  volume.HddsVolume (HddsVolume.java:<init>(117)) - Creating HddsVolume: /home/runner/work/ozone/ozone/hadoop-hdds/container-service/target/test-dir/TestContainerPersistence/hdds of storage type : DISK capacity : 9223372036854775807
2022-08-21 10:58:19,078 [Time-limited test] INFO  volume.MutableVolumeSet (MutableVolumeSet.java:initializeVolumeSet(174)) - Added Volume : /home/runner/work/ozone/ozone/hadoop-hdds/container-service/target/test-dir/TestContainerPersistence/hdds to VolumeSet
2022-08-21 10:58:19,120 [Time-limited test] INFO  impl.TestContainerPersistence (TestContainerPersistence.java:cleanupDir(170)) - Deleting /home/runner/work/ozone/ozone/hadoop-hdds/container-service/target/test-dir/TestContainerPersistence
]]></system-out>
  </testcase>
  <testcase name="testPutBlockWithLotsOfChunks" classname="TestContainerPersistence" time="0.04">
    <system-out><![CDATA[2022-08-21 10:58:20,403 [Time-limited test] INFO  volume.HddsVolume (HddsVolume.java:<init>(117)) - Creating HddsVolume: /home/runner/work/ozone/ozone/hadoop-hdds/container-service/target/test-dir/TestContainerPersistence/hdds of storage type : DISK capacity : 9223372036854775807
2022-08-21 10:58:20,403 [Time-limited test] INFO  volume.MutableVolumeSet (MutableVolumeSet.java:initializeVolumeSet(174)) - Added Volume : /home/runner/work/ozone/ozone/hadoop-hdds/container-service/target/test-dir/TestContainerPersistence/hdds to VolumeSet
2022-08-21 10:58:20,434 [Time-limited test] INFO  volume.HddsVolume (HddsVolume.java:createDbStore(310)) - SchemaV3 db is created and loaded at /home/runner/work/ozone/ozone/hadoop-hdds/container-service/target/test-dir/TestContainerPersistence/hdds/25c91374-21df-4f98-ab98-a92c9bce9068/DS-7cf9b7d1-e219-4317-815e-99d62b3e1234/container.db for volume DS-7cf9b7d1-e219-4317-815e-99d62b3e1234
2022-08-21 10:58:20,441 [Time-limited test] INFO  impl.TestContainerPersistence (TestContainerPersistence.java:cleanupDir(170)) - Deleting /home/runner/work/ozone/ozone/hadoop-hdds/container-service/target/test-dir/TestContainerPersistence
]]></system-out>
  </testcase>
  <testcase name="testPutBlockWithLotsOfChunks" classname="TestContainerPersistence" time="0.042">
    <system-out><![CDATA[2022-08-21 10:58:21,636 [Time-limited test] INFO  volume.HddsVolume (HddsVolume.java:<init>(117)) - Creating HddsVolume: /home/runner/work/ozone/ozone/hadoop-hdds/container-service/target/test-dir/TestContainerPersistence/hdds of storage type : DISK capacity : 9223372036854775807
2022-08-21 10:58:21,636 [Time-limited test] INFO  volume.MutableVolumeSet (MutableVolumeSet.java:initializeVolumeSet(174)) - Added Volume : /home/runner/work/ozone/ozone/hadoop-hdds/container-service/target/test-dir/TestContainerPersistence/hdds to VolumeSet
2022-08-21 10:58:21,672 [Time-limited test] INFO  impl.TestContainerPersistence (TestContainerPersistence.java:cleanupDir(170)) - Deleting /home/runner/work/ozone/ozone/hadoop-hdds/container-service/target/test-dir/TestContainerPersistence
]]></system-out>
  </testcase>
  <testcase name="testPutBlockWithLotsOfChunks" classname="TestContainerPersistence" time="0.038">
    <system-out><![CDATA[2022-08-21 10:58:22,784 [Time-limited test] INFO  volume.HddsVolume (HddsVolume.java:<init>(117)) - Creating HddsVolume: /home/runner/work/ozone/ozone/hadoop-hdds/container-service/target/test-dir/TestContainerPersistence/hdds of storage type : DISK capacity : 9223372036854775807
2022-08-21 10:58:22,784 [Time-limited test] INFO  volume.MutableVolumeSet (MutableVolumeSet.java:initializeVolumeSet(174)) - Added Volume : /home/runner/work/ozone/ozone/hadoop-hdds/container-service/target/test-dir/TestContainerPersistence/hdds to VolumeSet
2022-08-21 10:58:22,817 [Time-limited test] INFO  impl.TestContainerPersistence (TestContainerPersistence.java:cleanupDir(170)) - Deleting /home/runner/work/ozone/ozone/hadoop-hdds/container-service/target/test-dir/TestContainerPersistence
]]></system-out>
  </testcase>
  <testcase name="testPutBlockWithLotsOfChunks" classname="TestContainerPersistence" time="0.039">
    <system-out><![CDATA[2022-08-21 10:58:23,490 [Time-limited test] INFO  volume.HddsVolume (HddsVolume.java:<init>(117)) - Creating HddsVolume: /home/runner/work/ozone/ozone/hadoop-hdds/container-service/target/test-dir/TestContainerPersistence/hdds of storage type : DISK capacity : 9223372036854775807
2022-08-21 10:58:23,490 [Time-limited test] INFO  volume.MutableVolumeSet (MutableVolumeSet.java:initializeVolumeSet(174)) - Added Volume : /home/runner/work/ozone/ozone/hadoop-hdds/container-service/target/test-dir/TestContainerPersistence/hdds to VolumeSet
2022-08-21 10:58:23,518 [Time-limited test] INFO  volume.HddsVolume (HddsVolume.java:createDbStore(310)) - SchemaV3 db is created and loaded at /home/runner/work/ozone/ozone/hadoop-hdds/container-service/target/test-dir/TestContainerPersistence/hdds/25c91374-21df-4f98-ab98-a92c9bce9068/DS-f878a0fb-1882-48ff-b96f-b79248002877/container.db for volume DS-f878a0fb-1882-48ff-b96f-b79248002877
2022-08-21 10:58:23,523 [Time-limited test] INFO  impl.TestContainerPersistence (TestContainerPersistence.java:cleanupDir(170)) - Deleting /home/runner/work/ozone/ozone/hadoop-hdds/container-service/target/test-dir/TestContainerPersistence
]]></system-out>
  </testcase>
</testsuite>