<?xml version="1.0" encoding="UTF-8"?>
<testsuite xmlns:xsi="http://www.w3.org/2001/XMLSchema-instance" xsi:noNamespaceSchemaLocation="https://maven.apache.org/surefire/maven-surefire-plugin/xsd/surefire-test-report-3.0.xsd" version="3.0" name="org.apache.hadoop.ozone.container.TestECContainerRecovery" time="137.684" tests="1" errors="1" skipped="0" failures="0">
  <properties>
    <property name="awt.toolkit" value="sun.awt.X11.XToolkit"/>
    <property name="file.encoding.pkg" value="sun.io"/>
    <property name="java.specification.version" value="1.8"/>
    <property name="sun.cpu.isalist" value=""/>
    <property name="sun.jnu.encoding" value="UTF-8"/>
    <property name="java.class.path" value="/home/runner/work/ozone/ozone/hadoop-ozone/integration-test/target/test-classes:/home/runner/work/ozone/ozone/hadoop-ozone/integration-test/target/classes:/home/runner/.m2/repository/org/apache/ozone/ozone-common/1.3.0-SNAPSHOT/ozone-common-1.3.0-SNAPSHOT.jar:/home/runner/.m2/repository/io/grpc/grpc-netty/1.48.1/grpc-netty-1.48.1.jar:/home/runner/.m2/repository/io/grpc/grpc-core/1.48.1/grpc-core-1.48.1.jar:/home/runner/.m2/repository/com/google/android/annotations/4.1.1.4/annotations-4.1.1.4.jar:/home/runner/.m2/repository/org/codehaus/mojo/animal-sniffer-annotations/1.21/animal-sniffer-annotations-1.21.jar:/home/runner/.m2/repository/com/google/errorprone/error_prone_annotations/2.2.0/error_prone_annotations-2.2.0.jar:/home/runner/.m2/repository/io/perfmark/perfmark-api/0.25.0/perfmark-api-0.25.0.jar:/home/runner/.m2/repository/io/netty/netty-codec-http2/4.1.79.Final/netty-codec-http2-4.1.79.Final.jar:/home/runner/.m2/repository/io/netty/netty-common/4.1.79.Final/netty-common-4.1.79.Final.jar:/home/runner/.m2/repository/io/netty/netty-buffer/4.1.79.Final/netty-buffer-4.1.79.Final.jar:/home/runner/.m2/repository/io/netty/netty-codec-http/4.1.79.Final/netty-codec-http-4.1.79.Final.jar:/home/runner/.m2/repository/io/netty/netty-handler-proxy/4.1.79.Final/netty-handler-proxy-4.1.79.Final.jar:/home/runner/.m2/repository/io/netty/netty-codec-socks/4.1.79.Final/netty-codec-socks-4.1.79.Final.jar:/home/runner/.m2/repository/io/netty/netty-tcnative-boringssl-static/2.0.53.Final/netty-tcnative-boringssl-static-2.0.53.Final.jar:/home/runner/.m2/repository/io/netty/netty-tcnative-classes/2.0.53.Final/netty-tcnative-classes-2.0.53.Final.jar:/home/runner/.m2/repository/io/netty/netty-tcnative-boringssl-static/2.0.53.Final/netty-tcnative-boringssl-static-2.0.53.Final-linux-x86_64.jar:/home/runner/.m2/repository/io/netty/netty-tcnative-boringssl-static/2.0.53.Final/netty-tcnative-boringssl-static-2.0.53.Final-linux-aarch_64.jar:/home/runner/.m2/repository/io/netty/netty-tcnative-boringssl-static/2.0.53.Final/netty-tcnative-boringssl-static-2.0.53.Final-osx-x86_64.jar:/home/runner/.m2/repository/io/netty/netty-tcnative-boringssl-static/2.0.53.Final/netty-tcnative-boringssl-static-2.0.53.Final-osx-aarch_64.jar:/home/runner/.m2/repository/io/netty/netty-tcnative-boringssl-static/2.0.53.Final/netty-tcnative-boringssl-static-2.0.53.Final-windows-x86_64.jar:/home/runner/.m2/repository/org/apache/commons/commons-compress/1.21/commons-compress-1.21.jar:/home/runner/.m2/repository/org/apache/ozone/hdds-common/1.3.0-SNAPSHOT/hdds-common-1.3.0-SNAPSHOT.jar:/home/runner/.m2/repository/org/apache/ozone/hdds-client/1.3.0-SNAPSHOT/hdds-client-1.3.0-SNAPSHOT.jar:/home/runner/.m2/repository/org/apache/ozone/ozone-interface-client/1.3.0-SNAPSHOT/ozone-interface-client-1.3.0-SNAPSHOT.jar:/home/runner/.m2/repository/org/apache/ozone/hdds-test-utils/1.3.0-SNAPSHOT/hdds-test-utils-1.3.0-SNAPSHOT.jar:/home/runner/.m2/repository/com/google/guava/guava/31.1-jre/guava-31.1-jre.jar:/home/runner/.m2/repository/com/google/guava/failureaccess/1.0.1/failureaccess-1.0.1.jar:/home/runner/.m2/repository/com/google/guava/listenablefuture/9999.0-empty-to-avoid-conflict-with-guava/listenablefuture-9999.0-empty-to-avoid-conflict-with-guava.jar:/home/runner/.m2/repository/com/google/code/findbugs/jsr305/3.0.0/jsr305-3.0.0.jar:/home/runner/.m2/repository/org/checkerframework/checker-qual/3.12.0/checker-qual-3.12.0.jar:/home/runner/.m2/repository/com/google/j2objc/j2objc-annotations/1.3/j2objc-annotations-1.3.jar:/home/runner/.m2/repository/commons-io/commons-io/2.11.0/commons-io-2.11.0.jar:/home/runner/.m2/repository/commons-logging/commons-logging/1.2/commons-logging-1.2.jar:/home/runner/.m2/repository/ch/qos/reload4j/reload4j/1.2.22/reload4j-1.2.22.jar:/home/runner/.m2/repository/org/slf4j/slf4j-api/1.7.36/slf4j-api-1.7.36.jar:/home/runner/.m2/repository/org/apache/ozone/hdds-server-scm/1.3.0-SNAPSHOT/hdds-server-scm-1.3.0-SNAPSHOT.jar:/home/runner/.m2/repository/org/apache/ozone/hdds-container-service/1.3.0-SNAPSHOT/hdds-container-service-1.3.0-SNAPSHOT.jar:/home/runner/.m2/repository/org/apache/ozone/hdds-hadoop-dependency-server/1.3.0-SNAPSHOT/hdds-hadoop-dependency-server-1.3.0-SNAPSHOT.jar:/home/runner/.m2/repository/org/apache/hadoop/hadoop-hdfs/3.3.4/hadoop-hdfs-3.3.4.jar:/home/runner/.m2/repository/org/eclipse/jetty/jetty-util-ajax/9.4.43.v20210629/jetty-util-ajax-9.4.43.v20210629.jar:/home/runner/.m2/repository/commons-daemon/commons-daemon/1.0.13/commons-daemon-1.0.13.jar:/home/runner/.m2/repository/org/apache/ozone/hdds-server-framework/1.3.0-SNAPSHOT/hdds-server-framework-1.3.0-SNAPSHOT.jar:/home/runner/.m2/repository/org/apache/ozone/hdds-interface-server/1.3.0-SNAPSHOT/hdds-interface-server-1.3.0-SNAPSHOT.jar:/home/runner/.m2/repository/org/apache/commons/commons-configuration2/2.1.1/commons-configuration2-2.1.1.jar:/home/runner/.m2/repository/org/apache/logging/log4j/log4j-core/2.17.1/log4j-core-2.17.1.jar:/home/runner/.m2/repository/com/lmax/disruptor/3.4.2/disruptor-3.4.2.jar:/home/runner/.m2/repository/org/eclipse/jetty/jetty-servlet/9.4.43.v20210629/jetty-servlet-9.4.43.v20210629.jar:/home/runner/.m2/repository/org/eclipse/jetty/jetty-security/9.4.43.v20210629/jetty-security-9.4.43.v20210629.jar:/home/runner/.m2/repository/org/rocksdb/rocksdbjni/7.4.5/rocksdbjni-7.4.5.jar:/home/runner/.m2/repository/io/prometheus/simpleclient_dropwizard/0.7.0/simpleclient_dropwizard-0.7.0.jar:/home/runner/.m2/repository/io/prometheus/simpleclient/0.7.0/simpleclient-0.7.0.jar:/home/runner/.m2/repository/io/prometheus/simpleclient_common/0.7.0/simpleclient_common-0.7.0.jar:/home/runner/.m2/repository/io/dropwizard/metrics/metrics-core/3.2.4/metrics-core-3.2.4.jar:/home/runner/.m2/repository/org/apache/commons/commons-text/1.4/commons-text-1.4.jar:/home/runner/.m2/repository/org/apache/hadoop/hadoop-hdfs-client/3.3.4/hadoop-hdfs-client-3.3.4.jar:/home/runner/.m2/repository/com/squareup/okhttp3/okhttp/4.9.3/okhttp-4.9.3.jar:/home/runner/.m2/repository/com/squareup/okio/okio/2.8.0/okio-2.8.0.jar:/home/runner/.m2/repository/org/jetbrains/kotlin/kotlin-stdlib-common/1.4.10/kotlin-stdlib-common-1.4.10.jar:/home/runner/.m2/repository/org/bouncycastle/bcprov-jdk15on/1.67/bcprov-jdk15on-1.67.jar:/home/runner/.m2/repository/com/google/protobuf/protobuf-java/2.5.0/protobuf-java-2.5.0.jar:/home/runner/.m2/repository/org/apache/ozone/ozone-manager/1.3.0-SNAPSHOT/ozone-manager-1.3.0-SNAPSHOT.jar:/home/runner/.m2/repository/org/aspectj/aspectjrt/1.9.7/aspectjrt-1.9.7.jar:/home/runner/.m2/repository/org/aspectj/aspectjweaver/1.9.7/aspectjweaver-1.9.7.jar:/home/runner/.m2/repository/org/apache/ozone/hdds-interface-client/1.3.0-SNAPSHOT/hdds-interface-client-1.3.0-SNAPSHOT.jar:/home/runner/.m2/repository/org/apache/hadoop/thirdparty/hadoop-shaded-protobuf_3_7/1.1.1/hadoop-shaded-protobuf_3_7-1.1.1.jar:/home/runner/.m2/repository/org/apache/ozone/ozone-interface-storage/1.3.0-SNAPSHOT/ozone-interface-storage-1.3.0-SNAPSHOT.jar:/home/runner/.m2/repository/org/reflections/reflections/0.9.11/reflections-0.9.11.jar:/home/runner/.m2/repository/com/sun/jersey/jersey-client/1.19/jersey-client-1.19.jar:/home/runner/.m2/repository/org/apache/ranger/ranger-intg/2.3.0/ranger-intg-2.3.0.jar:/home/runner/.m2/repository/org/apache/ranger/ranger-plugins-common/2.3.0/ranger-plugins-common-2.3.0.jar:/home/runner/.m2/repository/commons-lang/commons-lang/2.6/commons-lang-2.6.jar:/home/runner/.m2/repository/org/codehaus/jackson/jackson-jaxrs/1.9.13/jackson-jaxrs-1.9.13.jar:/home/runner/.m2/repository/org/apache/ranger/ranger-plugins-cred/2.3.0/ranger-plugins-cred-2.3.0.jar:/home/runner/.m2/repository/org/apache/ranger/ranger-plugins-audit/2.3.0/ranger-plugins-audit-2.3.0.jar:/home/runner/.m2/repository/org/eclipse/jetty/jetty-client/9.4.31.v20200723/jetty-client-9.4.31.v20200723.jar:/home/runner/.m2/repository/org/apache/httpcomponents/httpmime/4.5.6/httpmime-4.5.6.jar:/home/runner/.m2/repository/org/apache/httpcomponents/httpcore-nio/4.4.6/httpcore-nio-4.4.6.jar:/home/runner/.m2/repository/org/apache/httpcomponents/httpasyncclient/4.1.3/httpasyncclient-4.1.3.jar:/home/runner/.m2/repository/com/carrotsearch/hppc/0.8.0/hppc-0.8.0.jar:/home/runner/.m2/repository/org/apache/orc/orc-core/1.5.8/orc-core-1.5.8.jar:/home/runner/.m2/repository/net/java/dev/jna/jna/5.2.0/jna-5.2.0.jar:/home/runner/.m2/repository/net/java/dev/jna/jna-platform/5.2.0/jna-platform-5.2.0.jar:/home/runner/.m2/repository/com/kstruct/gethostname4j/0.0.2/gethostname4j-0.0.2.jar:/home/runner/.m2/repository/org/apache/ranger/ranger-plugin-classloader/2.3.0/ranger-plugin-classloader-2.3.0.jar:/home/runner/.m2/repository/org/apache/hadoop/hadoop-minikdc/3.3.4/hadoop-minikdc-3.3.4.jar:/home/runner/.m2/repository/org/apache/kerby/kerb-simplekdc/1.0.1/kerb-simplekdc-1.0.1.jar:/home/runner/.m2/repository/org/apache/kerby/kerb-client/1.0.1/kerb-client-1.0.1.jar:/home/runner/.m2/repository/org/apache/kerby/kerby-config/1.0.1/kerby-config-1.0.1.jar:/home/runner/.m2/repository/org/apache/kerby/kerb-common/1.0.1/kerb-common-1.0.1.jar:/home/runner/.m2/repository/org/apache/kerby/kerb-crypto/1.0.1/kerb-crypto-1.0.1.jar:/home/runner/.m2/repository/org/apache/kerby/kerb-util/1.0.1/kerb-util-1.0.1.jar:/home/runner/.m2/repository/org/apache/kerby/token-provider/1.0.1/token-provider-1.0.1.jar:/home/runner/.m2/repository/org/apache/kerby/kerb-admin/1.0.1/kerb-admin-1.0.1.jar:/home/runner/.m2/repository/org/apache/kerby/kerb-server/1.0.1/kerb-server-1.0.1.jar:/home/runner/.m2/repository/org/apache/kerby/kerb-identity/1.0.1/kerb-identity-1.0.1.jar:/home/runner/.m2/repository/org/apache/kerby/kerby-xdr/1.0.1/kerby-xdr-1.0.1.jar:/home/runner/.m2/repository/org/apache/ozone/ozone-s3gateway/1.3.0-SNAPSHOT/ozone-s3gateway-1.3.0-SNAPSHOT.jar:/home/runner/.m2/repository/org/javassist/javassist/3.21.0-GA/javassist-3.21.0-GA.jar:/home/runner/.m2/repository/org/jboss/weld/servlet/weld-servlet/2.4.7.Final/weld-servlet-2.4.7.Final.jar:/home/runner/.m2/repository/org/glassfish/jersey/containers/jersey-container-servlet-core/2.34/jersey-container-servlet-core-2.34.jar:/home/runner/.m2/repository/org/glassfish/hk2/external/jakarta.inject/2.6.1/jakarta.inject-2.6.1.jar:/home/runner/.m2/repository/org/glassfish/jersey/core/jersey-common/2.34/jersey-common-2.34.jar:/home/runner/.m2/repository/jakarta/ws/rs/jakarta.ws.rs-api/2.1.6/jakarta.ws.rs-api-2.1.6.jar:/home/runner/.m2/repository/org/glassfish/jersey/ext/cdi/jersey-cdi1x/2.34/jersey-cdi1x-2.34.jar:/home/runner/.m2/repository/org/glassfish/jersey/inject/jersey-hk2/2.34/jersey-hk2-2.34.jar:/home/runner/.m2/repository/org/glassfish/hk2/hk2-locator/2.6.1/hk2-locator-2.6.1.jar:/home/runner/.m2/repository/org/glassfish/jersey/media/jersey-media-jaxb/2.34/jersey-media-jaxb-2.34.jar:/home/runner/.m2/repository/org/glassfish/hk2/osgi-resource-locator/1.0.3/osgi-resource-locator-1.0.3.jar:/home/runner/.m2/repository/org/glassfish/hk2/hk2-api/2.5.0/hk2-api-2.5.0.jar:/home/runner/.m2/repository/org/glassfish/hk2/hk2-utils/2.5.0/hk2-utils-2.5.0.jar:/home/runner/.m2/repository/org/glassfish/hk2/external/aopalliance-repackaged/2.5.0/aopalliance-repackaged-2.5.0.jar:/home/runner/.m2/repository/com/fasterxml/jackson/dataformat/jackson-dataformat-xml/2.13.4/jackson-dataformat-xml-2.13.4.jar:/home/runner/.m2/repository/com/fasterxml/jackson/core/jackson-core/2.13.4/jackson-core-2.13.4.jar:/home/runner/.m2/repository/org/codehaus/woodstox/stax2-api/3.1.4/stax2-api-3.1.4.jar:/home/runner/.m2/repository/com/fasterxml/woodstox/woodstox-core/5.0.3/woodstox-core-5.0.3.jar:/home/runner/.m2/repository/com/fasterxml/jackson/module/jackson-module-jaxb-annotations/2.13.4/jackson-module-jaxb-annotations-2.13.4.jar:/home/runner/.m2/repository/jakarta/xml/bind/jakarta.xml.bind-api/2.3.3/jakarta.xml.bind-api-2.3.3.jar:/home/runner/.m2/repository/jakarta/activation/jakarta.activation-api/1.2.1/jakarta.activation-api-1.2.1.jar:/home/runner/.m2/repository/javax/enterprise/cdi-api/1.2/cdi-api-1.2.jar:/home/runner/.m2/repository/javax/el/javax.el-api/3.0.0/javax.el-api-3.0.0.jar:/home/runner/.m2/repository/javax/interceptor/javax.interceptor-api/1.2/javax.interceptor-api-1.2.jar:/home/runner/.m2/repository/javax/inject/javax.inject/1/javax.inject-1.jar:/home/runner/.m2/repository/javax/xml/bind/jaxb-api/2.3.0/jaxb-api-2.3.0.jar:/home/runner/.m2/repository/org/glassfish/jaxb/jaxb-runtime/2.3.0.1/jaxb-runtime-2.3.0.1.jar:/home/runner/.m2/repository/org/glassfish/jaxb/jaxb-core/2.3.0.1/jaxb-core-2.3.0.1.jar:/home/runner/.m2/repository/org/glassfish/jaxb/txw2/2.3.0.1/txw2-2.3.0.1.jar:/home/runner/.m2/repository/com/sun/istack/istack-commons-runtime/3.0.5/istack-commons-runtime-3.0.5.jar:/home/runner/.m2/repository/org/jvnet/staxex/stax-ex/1.7.8/stax-ex-1.7.8.jar:/home/runner/.m2/repository/com/sun/xml/fastinfoset/FastInfoset/1.2.13/FastInfoset-1.2.13.jar:/home/runner/.m2/repository/javax/activation/activation/1.1.1/activation-1.1.1.jar:/home/runner/.m2/repository/io/grpc/grpc-protobuf/1.48.1/grpc-protobuf-1.48.1.jar:/home/runner/.m2/repository/io/grpc/grpc-api/1.48.1/grpc-api-1.48.1.jar:/home/runner/.m2/repository/io/grpc/grpc-context/1.48.1/grpc-context-1.48.1.jar:/home/runner/.m2/repository/com/google/api/grpc/proto-google-common-protos/2.9.0/proto-google-common-protos-2.9.0.jar:/home/runner/.m2/repository/io/grpc/grpc-protobuf-lite/1.48.1/grpc-protobuf-lite-1.48.1.jar:/home/runner/.m2/repository/io/grpc/grpc-stub/1.48.1/grpc-stub-1.48.1.jar:/home/runner/.m2/repository/io/netty/netty-transport/4.1.79.Final/netty-transport-4.1.79.Final.jar:/home/runner/.m2/repository/io/netty/netty-resolver/4.1.79.Final/netty-resolver-4.1.79.Final.jar:/home/runner/.m2/repository/org/apache/ozone/ozone-csi/1.3.0-SNAPSHOT/ozone-csi-1.3.0-SNAPSHOT.jar:/home/runner/.m2/repository/com/google/protobuf/protobuf-java-util/3.19.2/protobuf-java-util-3.19.2.jar:/home/runner/.m2/repository/com/google/code/gson/gson/2.9.0/gson-2.9.0.jar:/home/runner/.m2/repository/org/apache/ozone/hdds-config/1.3.0-SNAPSHOT/hdds-config-1.3.0-SNAPSHOT.jar:/home/runner/.m2/repository/io/netty/netty-transport-native-epoll/4.1.79.Final/netty-transport-native-epoll-4.1.79.Final-linux-x86_64.jar:/home/runner/.m2/repository/io/netty/netty-transport-classes-epoll/4.1.79.Final/netty-transport-classes-epoll-4.1.79.Final.jar:/home/runner/.m2/repository/io/netty/netty-transport-native-unix-common/4.1.79.Final/netty-transport-native-unix-common-4.1.79.Final.jar:/home/runner/.m2/repository/org/slf4j/slf4j-reload4j/1.7.36/slf4j-reload4j-1.7.36.jar:/home/runner/.m2/repository/org/apache/ozone/ozone-recon/1.3.0-SNAPSHOT/ozone-recon-1.3.0-SNAPSHOT.jar:/home/runner/.m2/repository/org/apache/ozone/ozone-reconcodegen/1.3.0-SNAPSHOT/ozone-reconcodegen-1.3.0-SNAPSHOT.jar:/home/runner/.m2/repository/com/google/inject/extensions/guice-multibindings/4.0/guice-multibindings-4.0.jar:/home/runner/.m2/repository/com/google/inject/guice/4.0/guice-4.0.jar:/home/runner/.m2/repository/aopalliance/aopalliance/1.0/aopalliance-1.0.jar:/home/runner/.m2/repository/com/google/inject/extensions/guice-assistedinject/4.0/guice-assistedinject-4.0.jar:/home/runner/.m2/repository/com/google/inject/extensions/guice-servlet/4.0/guice-servlet-4.0.jar:/home/runner/.m2/repository/org/glassfish/jersey/containers/jersey-container-servlet/2.34/jersey-container-servlet-2.34.jar:/home/runner/.m2/repository/org/glassfish/hk2/guice-bridge/2.5.0/guice-bridge-2.5.0.jar:/home/runner/.m2/repository/org/glassfish/jersey/core/jersey-server/2.34/jersey-server-2.34.jar:/home/runner/.m2/repository/org/glassfish/jersey/core/jersey-client/2.34/jersey-client-2.34.jar:/home/runner/.m2/repository/jakarta/annotation/jakarta.annotation-api/1.3.5/jakarta.annotation-api-1.3.5.jar:/home/runner/.m2/repository/jakarta/validation/jakarta.validation-api/2.0.2/jakarta.validation-api-2.0.2.jar:/home/runner/.m2/repository/org/glassfish/jersey/media/jersey-media-json-jackson/2.34/jersey-media-json-jackson-2.34.jar:/home/runner/.m2/repository/org/glassfish/jersey/ext/jersey-entity-filtering/2.34/jersey-entity-filtering-2.34.jar:/home/runner/.m2/repository/org/jooq/jooq/3.11.10/jooq-3.11.10.jar:/home/runner/.m2/repository/org/jooq/jooq-meta/3.11.10/jooq-meta-3.11.10.jar:/home/runner/.m2/repository/org/jooq/jooq-codegen/3.11.10/jooq-codegen-3.11.10.jar:/home/runner/.m2/repository/com/jolbox/bonecp/0.8.0.RELEASE/bonecp-0.8.0.RELEASE.jar:/home/runner/.m2/repository/org/apache/derby/derby/10.14.2.0/derby-10.14.2.0.jar:/home/runner/.m2/repository/org/xerial/sqlite-jdbc/3.25.2/sqlite-jdbc-3.25.2.jar:/home/runner/.m2/repository/org/springframework/spring-jdbc/5.2.20.RELEASE/spring-jdbc-5.2.20.RELEASE.jar:/home/runner/.m2/repository/org/springframework/spring-beans/5.2.20.RELEASE/spring-beans-5.2.20.RELEASE.jar:/home/runner/.m2/repository/org/springframework/spring-core/5.2.20.RELEASE/spring-core-5.2.20.RELEASE.jar:/home/runner/.m2/repository/org/springframework/spring-jcl/5.2.20.RELEASE/spring-jcl-5.2.20.RELEASE.jar:/home/runner/.m2/repository/org/springframework/spring-tx/5.2.20.RELEASE/spring-tx-5.2.20.RELEASE.jar:/home/runner/.m2/repository/org/apache/ozone/ozone-client/1.3.0-SNAPSHOT/ozone-client-1.3.0-SNAPSHOT.jar:/home/runner/.m2/repository/org/apache/ozone/hdds-erasurecode/1.3.0-SNAPSHOT/hdds-erasurecode-1.3.0-SNAPSHOT.jar:/home/runner/.m2/repository/com/github/spotbugs/spotbugs-annotations/3.1.12/spotbugs-annotations-3.1.12.jar:/home/runner/.m2/repository/org/apache/ozone/ozone-filesystem/1.3.0-SNAPSHOT/ozone-filesystem-1.3.0-SNAPSHOT.jar:/home/runner/.m2/repository/org/apache/ozone/ozone-filesystem-common/1.3.0-SNAPSHOT/ozone-filesystem-common-1.3.0-SNAPSHOT.jar:/home/runner/.m2/repository/org/apache/ozone/ozone-tools/1.3.0-SNAPSHOT/ozone-tools-1.3.0-SNAPSHOT.jar:/home/runner/.m2/repository/org/apache/ratis/ratis-tools/2.4.0/ratis-tools-2.4.0.jar:/home/runner/.m2/repository/com/amazonaws/aws-java-sdk-core/1.12.261/aws-java-sdk-core-1.12.261.jar:/home/runner/.m2/repository/org/apache/httpcomponents/httpclient/4.5.13/httpclient-4.5.13.jar:/home/runner/.m2/repository/org/apache/httpcomponents/httpcore/4.4.13/httpcore-4.4.13.jar:/home/runner/.m2/repository/software/amazon/ion/ion-java/1.0.2/ion-java-1.0.2.jar:/home/runner/.m2/repository/com/fasterxml/jackson/dataformat/jackson-dataformat-cbor/2.13.4/jackson-dataformat-cbor-2.13.4.jar:/home/runner/.m2/repository/joda-time/joda-time/2.8.1/joda-time-2.8.1.jar:/home/runner/.m2/repository/com/amazonaws/aws-java-sdk-s3/1.12.261/aws-java-sdk-s3-1.12.261.jar:/home/runner/.m2/repository/com/amazonaws/aws-java-sdk-kms/1.12.261/aws-java-sdk-kms-1.12.261.jar:/home/runner/.m2/repository/com/amazonaws/jmespath-java/1.12.261/jmespath-java-1.12.261.jar:/home/runner/.m2/repository/org/kohsuke/metainf-services/metainf-services/1.8/metainf-services-1.8.jar:/home/runner/.m2/repository/org/apache/ozone/hdds-tools/1.3.0-SNAPSHOT/hdds-tools-1.3.0-SNAPSHOT.jar:/home/runner/.m2/repository/commons-cli/commons-cli/1.2/commons-cli-1.2.jar:/home/runner/.m2/repository/org/apache/commons/commons-lang3/3.7/commons-lang3-3.7.jar:/home/runner/.m2/repository/org/apache/ozone/ozone-manager/1.3.0-SNAPSHOT/ozone-manager-1.3.0-SNAPSHOT-tests.jar:/home/runner/.m2/repository/org/apache/ozone/hdds-common/1.3.0-SNAPSHOT/hdds-common-1.3.0-SNAPSHOT-tests.jar:/home/runner/.m2/repository/org/apache/ozone/hdds-hadoop-dependency-client/1.3.0-SNAPSHOT/hdds-hadoop-dependency-client-1.3.0-SNAPSHOT.jar:/home/runner/.m2/repository/info/picocli/picocli/4.6.1/picocli-4.6.1.jar:/home/runner/.m2/repository/com/fasterxml/jackson/core/jackson-annotations/2.13.4/jackson-annotations-2.13.4.jar:/home/runner/.m2/repository/com/fasterxml/jackson/datatype/jackson-datatype-jsr310/2.13.4/jackson-datatype-jsr310-2.13.4.jar:/home/runner/.m2/repository/org/apache/ozone/hdds-annotation-processing/1.3.0-SNAPSHOT/hdds-annotation-processing-1.3.0-SNAPSHOT.jar:/home/runner/.m2/repository/javax/annotation/javax.annotation-api/1.2/javax.annotation-api-1.2.jar:/home/runner/.m2/repository/org/apache/ratis/ratis-server/2.4.0/ratis-server-2.4.0.jar:/home/runner/.m2/repository/org/apache/ratis/ratis-client/2.4.0/ratis-client-2.4.0.jar:/home/runner/.m2/repository/org/apache/ratis/ratis-server-api/2.4.0/ratis-server-api-2.4.0.jar:/home/runner/.m2/repository/org/apache/ratis/ratis-metrics/2.4.0/ratis-metrics-2.4.0.jar:/home/runner/.m2/repository/org/apache/ratis/ratis-netty/2.4.0/ratis-netty-2.4.0.jar:/home/runner/.m2/repository/org/apache/ratis/ratis-grpc/2.4.0/ratis-grpc-2.4.0.jar:/home/runner/.m2/repository/org/apache/logging/log4j/log4j-api/2.17.1/log4j-api-2.17.1.jar:/home/runner/.m2/repository/org/apache/commons/commons-pool2/2.6.0/commons-pool2-2.6.0.jar:/home/runner/.m2/repository/org/bouncycastle/bcpkix-jdk15on/1.67/bcpkix-jdk15on-1.67.jar:/home/runner/.m2/repository/commons-validator/commons-validator/1.6/commons-validator-1.6.jar:/home/runner/.m2/repository/commons-beanutils/commons-beanutils/1.9.4/commons-beanutils-1.9.4.jar:/home/runner/.m2/repository/commons-digester/commons-digester/1.8.1/commons-digester-1.8.1.jar:/home/runner/.m2/repository/commons-collections/commons-collections/3.2.2/commons-collections-3.2.2.jar:/home/runner/.m2/repository/io/jaegertracing/jaeger-client/1.6.0/jaeger-client-1.6.0.jar:/home/runner/.m2/repository/io/jaegertracing/jaeger-thrift/1.6.0/jaeger-thrift-1.6.0.jar:/home/runner/.m2/repository/org/apache/thrift/libthrift/0.14.1/libthrift-0.14.1.jar:/home/runner/.m2/repository/io/jaegertracing/jaeger-core/1.6.0/jaeger-core-1.6.0.jar:/home/runner/.m2/repository/io/jaegertracing/jaeger-tracerresolver/1.6.0/jaeger-tracerresolver-1.6.0.jar:/home/runner/.m2/repository/io/opentracing/contrib/opentracing-tracerresolver/0.1.8/opentracing-tracerresolver-0.1.8.jar:/home/runner/.m2/repository/org/jetbrains/kotlin/kotlin-stdlib/1.6.21/kotlin-stdlib-1.6.21.jar:/home/runner/.m2/repository/org/jetbrains/annotations/13.0/annotations-13.0.jar:/home/runner/.m2/repository/io/opentracing/opentracing-util/0.33.0/opentracing-util-0.33.0.jar:/home/runner/.m2/repository/io/opentracing/opentracing-api/0.33.0/opentracing-api-0.33.0.jar:/home/runner/.m2/repository/io/opentracing/opentracing-noop/0.33.0/opentracing-noop-0.33.0.jar:/home/runner/.m2/repository/org/yaml/snakeyaml/1.32/snakeyaml-1.32.jar:/home/runner/.m2/repository/org/apache/ozone/hdds-interface-admin/1.3.0-SNAPSHOT/hdds-interface-admin-1.3.0-SNAPSHOT.jar:/home/runner/.m2/repository/junit/junit/4.13.1/junit-4.13.1.jar:/home/runner/.m2/repository/org/hamcrest/hamcrest-core/1.3/hamcrest-core-1.3.jar:/home/runner/.m2/repository/org/junit/jupiter/junit-jupiter-api/5.8.2/junit-jupiter-api-5.8.2.jar:/home/runner/.m2/repository/org/opentest4j/opentest4j/1.2.0/opentest4j-1.2.0.jar:/home/runner/.m2/repository/org/junit/platform/junit-platform-commons/1.8.2/junit-platform-commons-1.8.2.jar:/home/runner/.m2/repository/org/apiguardian/apiguardian-api/1.1.2/apiguardian-api-1.1.2.jar:/home/runner/.m2/repository/org/junit/jupiter/junit-jupiter-params/5.8.2/junit-jupiter-params-5.8.2.jar:/home/runner/.m2/repository/org/junit/jupiter/junit-jupiter-migrationsupport/5.8.2/junit-jupiter-migrationsupport-5.8.2.jar:/home/runner/.m2/repository/org/junit/jupiter/junit-jupiter-engine/5.8.2/junit-jupiter-engine-5.8.2.jar:/home/runner/.m2/repository/org/junit/platform/junit-platform-engine/1.8.2/junit-platform-engine-1.8.2.jar:/home/runner/.m2/repository/org/junit/vintage/junit-vintage-engine/5.8.2/junit-vintage-engine-5.8.2.jar:/home/runner/.m2/repository/org/junit/platform/junit-platform-launcher/1.8.2/junit-platform-launcher-1.8.2.jar:/home/runner/.m2/repository/org/mockito/mockito-core/2.28.2/mockito-core-2.28.2.jar:/home/runner/.m2/repository/net/bytebuddy/byte-buddy/1.9.10/byte-buddy-1.9.10.jar:/home/runner/.m2/repository/net/bytebuddy/byte-buddy-agent/1.9.10/byte-buddy-agent-1.9.10.jar:/home/runner/.m2/repository/org/objenesis/objenesis/1.0/objenesis-1.0.jar:/home/runner/.m2/repository/org/apache/hadoop/hadoop-kms/3.3.4/hadoop-kms-3.3.4.jar:/home/runner/.m2/repository/org/apache/hadoop/hadoop-auth/3.3.4/hadoop-auth-3.3.4.jar:/home/runner/.m2/repository/com/nimbusds/nimbus-jose-jwt/7.9/nimbus-jose-jwt-7.9.jar:/home/runner/.m2/repository/com/github/stephenc/jcip/jcip-annotations/1.0-1/jcip-annotations-1.0-1.jar:/home/runner/.m2/repository/net/minidev/json-smart/2.4.7/json-smart-2.4.7.jar:/home/runner/.m2/repository/net/minidev/accessors-smart/2.4.7/accessors-smart-2.4.7.jar:/home/runner/.m2/repository/org/ow2/asm/asm/5.0.4/asm-5.0.4.jar:/home/runner/.m2/repository/org/apache/zookeeper/zookeeper/3.5.6/zookeeper-3.5.6.jar:/home/runner/.m2/repository/org/apache/zookeeper/zookeeper-jute/3.5.6/zookeeper-jute-3.5.6.jar:/home/runner/.m2/repository/org/apache/yetus/audience-annotations/0.5.0/audience-annotations-0.5.0.jar:/home/runner/.m2/repository/org/apache/curator/curator-framework/4.2.0/curator-framework-4.2.0.jar:/home/runner/.m2/repository/org/apache/hadoop/thirdparty/hadoop-shaded-guava/1.1.1/hadoop-shaded-guava-1.1.1.jar:/home/runner/.m2/repository/com/sun/jersey/jersey-core/1.19/jersey-core-1.19.jar:/home/runner/.m2/repository/javax/ws/rs/jsr311-api/1.1.1/jsr311-api-1.1.1.jar:/home/runner/.m2/repository/com/sun/jersey/jersey-server/1.19/jersey-server-1.19.jar:/home/runner/.m2/repository/javax/servlet/javax.servlet-api/3.1.0/javax.servlet-api-3.1.0.jar:/home/runner/.m2/repository/org/eclipse/jetty/jetty-server/9.4.43.v20210629/jetty-server-9.4.43.v20210629.jar:/home/runner/.m2/repository/org/eclipse/jetty/jetty-http/9.4.43.v20210629/jetty-http-9.4.43.v20210629.jar:/home/runner/.m2/repository/org/eclipse/jetty/jetty-io/9.4.43.v20210629/jetty-io-9.4.43.v20210629.jar:/home/runner/.m2/repository/org/eclipse/jetty/jetty-webapp/9.4.43.v20210629/jetty-webapp-9.4.43.v20210629.jar:/home/runner/.m2/repository/org/eclipse/jetty/jetty-xml/9.4.43.v20210629/jetty-xml-9.4.43.v20210629.jar:/home/runner/.m2/repository/org/apache/hadoop/hadoop-common/3.3.4/hadoop-common-3.3.4.jar:/home/runner/.m2/repository/org/apache/commons/commons-math3/3.1.1/commons-math3-3.1.1.jar:/home/runner/.m2/repository/commons-net/commons-net/3.6/commons-net-3.6.jar:/home/runner/.m2/repository/com/sun/jersey/jersey-servlet/1.19/jersey-servlet-1.19.jar:/home/runner/.m2/repository/com/sun/jersey/jersey-json/1.19/jersey-json-1.19.jar:/home/runner/.m2/repository/org/codehaus/jettison/jettison/1.1/jettison-1.1.jar:/home/runner/.m2/repository/com/sun/xml/bind/jaxb-impl/2.2.3-1/jaxb-impl-2.2.3-1.jar:/home/runner/.m2/repository/org/codehaus/jackson/jackson-xc/1.9.2/jackson-xc-1.9.2.jar:/home/runner/.m2/repository/com/google/re2j/re2j/1.1/re2j-1.1.jar:/home/runner/.m2/repository/com/jcraft/jsch/0.1.54/jsch-0.1.54.jar:/home/runner/.m2/repository/org/apache/curator/curator-client/4.2.0/curator-client-4.2.0.jar:/home/runner/.m2/repository/org/apache/curator/curator-recipes/4.2.0/curator-recipes-4.2.0.jar:/home/runner/.m2/repository/org/apache/kerby/kerb-core/1.0.1/kerb-core-1.0.1.jar:/home/runner/.m2/repository/org/apache/kerby/kerby-pkix/1.0.1/kerby-pkix-1.0.1.jar:/home/runner/.m2/repository/org/apache/kerby/kerby-asn1/1.0.1/kerby-asn1-1.0.1.jar:/home/runner/.m2/repository/org/apache/kerby/kerby-util/1.0.1/kerby-util-1.0.1.jar:/home/runner/.m2/repository/dnsjava/dnsjava/2.1.7/dnsjava-2.1.7.jar:/home/runner/.m2/repository/org/xerial/snappy/snappy-java/1.1.8.2/snappy-java-1.1.8.2.jar:/home/runner/.m2/repository/org/eclipse/jetty/jetty-util/9.4.43.v20210629/jetty-util-9.4.43.v20210629.jar:/home/runner/.m2/repository/com/fasterxml/jackson/core/jackson-databind/2.13.4.2/jackson-databind-2.13.4.2.jar:/home/runner/.m2/repository/org/apache/hadoop/hadoop-kms/3.3.4/hadoop-kms-3.3.4-tests.jar:/home/runner/.m2/repository/org/apache/ozone/hdds-server-scm/1.3.0-SNAPSHOT/hdds-server-scm-1.3.0-SNAPSHOT-tests.jar:/home/runner/.m2/repository/org/apache/ozone/hdds-container-service/1.3.0-SNAPSHOT/hdds-container-service-1.3.0-SNAPSHOT-tests.jar:/home/runner/.m2/repository/commons-codec/commons-codec/1.11/commons-codec-1.11.jar:/home/runner/.m2/repository/io/netty/netty-codec/4.1.79.Final/netty-codec-4.1.79.Final.jar:/home/runner/.m2/repository/io/netty/netty-handler/4.1.79.Final/netty-handler-4.1.79.Final.jar:/home/runner/.m2/repository/org/apache/ozone/hdds-hadoop-dependency-test/1.3.0-SNAPSHOT/hdds-hadoop-dependency-test-1.3.0-SNAPSHOT.jar:/home/runner/.m2/repository/org/apache/hadoop/hadoop-common/3.3.4/hadoop-common-3.3.4-tests.jar:/home/runner/.m2/repository/org/apache/hadoop/hadoop-hdfs/3.3.4/hadoop-hdfs-3.3.4-tests.jar:/home/runner/.m2/repository/org/assertj/assertj-core/3.12.2/assertj-core-3.12.2.jar:/home/runner/.m2/repository/org/apache/hadoop/hadoop-distcp/3.3.4/hadoop-distcp-3.3.4.jar:/home/runner/.m2/repository/org/apache/hadoop/hadoop-mapreduce-client-jobclient/3.3.4/hadoop-mapreduce-client-jobclient-3.3.4.jar:/home/runner/.m2/repository/org/apache/hadoop/hadoop-mapreduce-client-common/3.3.4/hadoop-mapreduce-client-common-3.3.4.jar:/home/runner/.m2/repository/org/apache/hadoop/hadoop-yarn-common/3.3.4/hadoop-yarn-common-3.3.4.jar:/home/runner/.m2/repository/org/apache/hadoop/hadoop-yarn-api/3.3.4/hadoop-yarn-api-3.3.4.jar:/home/runner/.m2/repository/com/sun/jersey/contribs/jersey-guice/1.19/jersey-guice-1.19.jar:/home/runner/.m2/repository/com/fasterxml/jackson/jaxrs/jackson-jaxrs-json-provider/2.13.4/jackson-jaxrs-json-provider-2.13.4.jar:/home/runner/.m2/repository/com/fasterxml/jackson/jaxrs/jackson-jaxrs-base/2.13.4/jackson-jaxrs-base-2.13.4.jar:/home/runner/.m2/repository/org/apache/hadoop/hadoop-yarn-client/3.3.4/hadoop-yarn-client-3.3.4.jar:/home/runner/.m2/repository/org/eclipse/jetty/websocket/websocket-client/9.4.43.v20210629/websocket-client-9.4.43.v20210629.jar:/home/runner/.m2/repository/org/eclipse/jetty/websocket/websocket-common/9.4.43.v20210629/websocket-common-9.4.43.v20210629.jar:/home/runner/.m2/repository/org/eclipse/jetty/websocket/websocket-api/9.4.43.v20210629/websocket-api-9.4.43.v20210629.jar:/home/runner/.m2/repository/org/jline/jline/3.9.0/jline-3.9.0.jar:/home/runner/.m2/repository/org/apache/hadoop/hadoop-mapreduce-client-core/3.3.4/hadoop-mapreduce-client-core-3.3.4.jar:/home/runner/.m2/repository/org/apache/avro/avro/1.7.7/avro-1.7.7.jar:/home/runner/.m2/repository/org/codehaus/jackson/jackson-core-asl/1.9.13/jackson-core-asl-1.9.13.jar:/home/runner/.m2/repository/org/codehaus/jackson/jackson-mapper-asl/1.9.13/jackson-mapper-asl-1.9.13.jar:/home/runner/.m2/repository/com/thoughtworks/paranamer/paranamer/2.3/paranamer-2.3.jar:/home/runner/.m2/repository/org/apache/hadoop/hadoop-annotations/3.3.4/hadoop-annotations-3.3.4.jar:/usr/lib/jvm/temurin-8-jdk-amd64/jre/../lib/tools.jar:/home/runner/.m2/repository/io/netty/netty/3.10.6.Final/netty-3.10.6.Final.jar:/home/runner/.m2/repository/org/apache/hadoop/hadoop-distcp/3.3.4/hadoop-distcp-3.3.4-tests.jar:/home/runner/.m2/repository/org/slf4j/jul-to-slf4j/1.7.36/jul-to-slf4j-1.7.36.jar:/home/runner/.m2/repository/org/apache/ratis/ratis-common/2.4.0/ratis-common-2.4.0.jar:/home/runner/.m2/repository/org/apache/ratis/ratis-thirdparty-misc/1.0.2/ratis-thirdparty-misc-1.0.2.jar:/home/runner/.m2/repository/org/apache/ratis/ratis-proto/2.4.0/ratis-proto-2.4.0.jar:"/>
    <property name="java.vm.vendor" value="Temurin"/>
    <property name="sun.arch.data.model" value="64"/>
    <property name="test.build.dir" value="/home/runner/work/ozone/ozone/hadoop-ozone/integration-test/target/test-dir"/>
    <property name="test.cache.data" value=""/>
    <property name="java.vendor.url" value="https://adoptium.net/"/>
    <property name="user.timezone" value="Etc/UTC"/>
    <property name="java.vm.specification.version" value="1.8"/>
    <property name="os.name" value="Linux"/>
    <property name="test.build.data" value="/home/runner/work/ozone/ozone/hadoop-ozone/integration-test/target/test-dir"/>
    <property name="sun.java.launcher" value="SUN_STANDARD"/>
    <property name="sun.boot.library.path" value="/usr/lib/jvm/temurin-8-jdk-amd64/jre/lib/amd64"/>
    <property name="sun.java.command" value="/home/runner/work/ozone/ozone/hadoop-ozone/integration-test/target/surefire/surefirebooter5181945606320570619.jar /home/runner/work/ozone/ozone/hadoop-ozone/integration-test/target/surefire 2022-10-20T00-56-45_239-jvmRun1 surefire3125099264180759862tmp surefire_443513205263975224982tmp"/>
    <property name="surefire.test.class.path" value="/home/runner/work/ozone/ozone/hadoop-ozone/integration-test/target/test-classes:/home/runner/work/ozone/ozone/hadoop-ozone/integration-test/target/classes:/home/runner/.m2/repository/org/apache/ozone/ozone-common/1.3.0-SNAPSHOT/ozone-common-1.3.0-SNAPSHOT.jar:/home/runner/.m2/repository/io/grpc/grpc-netty/1.48.1/grpc-netty-1.48.1.jar:/home/runner/.m2/repository/io/grpc/grpc-core/1.48.1/grpc-core-1.48.1.jar:/home/runner/.m2/repository/com/google/android/annotations/4.1.1.4/annotations-4.1.1.4.jar:/home/runner/.m2/repository/org/codehaus/mojo/animal-sniffer-annotations/1.21/animal-sniffer-annotations-1.21.jar:/home/runner/.m2/repository/com/google/errorprone/error_prone_annotations/2.2.0/error_prone_annotations-2.2.0.jar:/home/runner/.m2/repository/io/perfmark/perfmark-api/0.25.0/perfmark-api-0.25.0.jar:/home/runner/.m2/repository/io/netty/netty-codec-http2/4.1.79.Final/netty-codec-http2-4.1.79.Final.jar:/home/runner/.m2/repository/io/netty/netty-common/4.1.79.Final/netty-common-4.1.79.Final.jar:/home/runner/.m2/repository/io/netty/netty-buffer/4.1.79.Final/netty-buffer-4.1.79.Final.jar:/home/runner/.m2/repository/io/netty/netty-codec-http/4.1.79.Final/netty-codec-http-4.1.79.Final.jar:/home/runner/.m2/repository/io/netty/netty-handler-proxy/4.1.79.Final/netty-handler-proxy-4.1.79.Final.jar:/home/runner/.m2/repository/io/netty/netty-codec-socks/4.1.79.Final/netty-codec-socks-4.1.79.Final.jar:/home/runner/.m2/repository/io/netty/netty-tcnative-boringssl-static/2.0.53.Final/netty-tcnative-boringssl-static-2.0.53.Final.jar:/home/runner/.m2/repository/io/netty/netty-tcnative-classes/2.0.53.Final/netty-tcnative-classes-2.0.53.Final.jar:/home/runner/.m2/repository/io/netty/netty-tcnative-boringssl-static/2.0.53.Final/netty-tcnative-boringssl-static-2.0.53.Final-linux-x86_64.jar:/home/runner/.m2/repository/io/netty/netty-tcnative-boringssl-static/2.0.53.Final/netty-tcnative-boringssl-static-2.0.53.Final-linux-aarch_64.jar:/home/runner/.m2/repository/io/netty/netty-tcnative-boringssl-static/2.0.53.Final/netty-tcnative-boringssl-static-2.0.53.Final-osx-x86_64.jar:/home/runner/.m2/repository/io/netty/netty-tcnative-boringssl-static/2.0.53.Final/netty-tcnative-boringssl-static-2.0.53.Final-osx-aarch_64.jar:/home/runner/.m2/repository/io/netty/netty-tcnative-boringssl-static/2.0.53.Final/netty-tcnative-boringssl-static-2.0.53.Final-windows-x86_64.jar:/home/runner/.m2/repository/org/apache/commons/commons-compress/1.21/commons-compress-1.21.jar:/home/runner/.m2/repository/org/apache/ozone/hdds-common/1.3.0-SNAPSHOT/hdds-common-1.3.0-SNAPSHOT.jar:/home/runner/.m2/repository/org/apache/ozone/hdds-client/1.3.0-SNAPSHOT/hdds-client-1.3.0-SNAPSHOT.jar:/home/runner/.m2/repository/org/apache/ozone/ozone-interface-client/1.3.0-SNAPSHOT/ozone-interface-client-1.3.0-SNAPSHOT.jar:/home/runner/.m2/repository/org/apache/ozone/hdds-test-utils/1.3.0-SNAPSHOT/hdds-test-utils-1.3.0-SNAPSHOT.jar:/home/runner/.m2/repository/com/google/guava/guava/31.1-jre/guava-31.1-jre.jar:/home/runner/.m2/repository/com/google/guava/failureaccess/1.0.1/failureaccess-1.0.1.jar:/home/runner/.m2/repository/com/google/guava/listenablefuture/9999.0-empty-to-avoid-conflict-with-guava/listenablefuture-9999.0-empty-to-avoid-conflict-with-guava.jar:/home/runner/.m2/repository/com/google/code/findbugs/jsr305/3.0.0/jsr305-3.0.0.jar:/home/runner/.m2/repository/org/checkerframework/checker-qual/3.12.0/checker-qual-3.12.0.jar:/home/runner/.m2/repository/com/google/j2objc/j2objc-annotations/1.3/j2objc-annotations-1.3.jar:/home/runner/.m2/repository/commons-io/commons-io/2.11.0/commons-io-2.11.0.jar:/home/runner/.m2/repository/commons-logging/commons-logging/1.2/commons-logging-1.2.jar:/home/runner/.m2/repository/ch/qos/reload4j/reload4j/1.2.22/reload4j-1.2.22.jar:/home/runner/.m2/repository/org/slf4j/slf4j-api/1.7.36/slf4j-api-1.7.36.jar:/home/runner/.m2/repository/org/apache/ozone/hdds-server-scm/1.3.0-SNAPSHOT/hdds-server-scm-1.3.0-SNAPSHOT.jar:/home/runner/.m2/repository/org/apache/ozone/hdds-container-service/1.3.0-SNAPSHOT/hdds-container-service-1.3.0-SNAPSHOT.jar:/home/runner/.m2/repository/org/apache/ozone/hdds-hadoop-dependency-server/1.3.0-SNAPSHOT/hdds-hadoop-dependency-server-1.3.0-SNAPSHOT.jar:/home/runner/.m2/repository/org/apache/hadoop/hadoop-hdfs/3.3.4/hadoop-hdfs-3.3.4.jar:/home/runner/.m2/repository/org/eclipse/jetty/jetty-util-ajax/9.4.43.v20210629/jetty-util-ajax-9.4.43.v20210629.jar:/home/runner/.m2/repository/commons-daemon/commons-daemon/1.0.13/commons-daemon-1.0.13.jar:/home/runner/.m2/repository/org/apache/ozone/hdds-server-framework/1.3.0-SNAPSHOT/hdds-server-framework-1.3.0-SNAPSHOT.jar:/home/runner/.m2/repository/org/apache/ozone/hdds-interface-server/1.3.0-SNAPSHOT/hdds-interface-server-1.3.0-SNAPSHOT.jar:/home/runner/.m2/repository/org/apache/commons/commons-configuration2/2.1.1/commons-configuration2-2.1.1.jar:/home/runner/.m2/repository/org/apache/logging/log4j/log4j-core/2.17.1/log4j-core-2.17.1.jar:/home/runner/.m2/repository/com/lmax/disruptor/3.4.2/disruptor-3.4.2.jar:/home/runner/.m2/repository/org/eclipse/jetty/jetty-servlet/9.4.43.v20210629/jetty-servlet-9.4.43.v20210629.jar:/home/runner/.m2/repository/org/eclipse/jetty/jetty-security/9.4.43.v20210629/jetty-security-9.4.43.v20210629.jar:/home/runner/.m2/repository/org/rocksdb/rocksdbjni/7.4.5/rocksdbjni-7.4.5.jar:/home/runner/.m2/repository/io/prometheus/simpleclient_dropwizard/0.7.0/simpleclient_dropwizard-0.7.0.jar:/home/runner/.m2/repository/io/prometheus/simpleclient/0.7.0/simpleclient-0.7.0.jar:/home/runner/.m2/repository/io/prometheus/simpleclient_common/0.7.0/simpleclient_common-0.7.0.jar:/home/runner/.m2/repository/io/dropwizard/metrics/metrics-core/3.2.4/metrics-core-3.2.4.jar:/home/runner/.m2/repository/org/apache/commons/commons-text/1.4/commons-text-1.4.jar:/home/runner/.m2/repository/org/apache/hadoop/hadoop-hdfs-client/3.3.4/hadoop-hdfs-client-3.3.4.jar:/home/runner/.m2/repository/com/squareup/okhttp3/okhttp/4.9.3/okhttp-4.9.3.jar:/home/runner/.m2/repository/com/squareup/okio/okio/2.8.0/okio-2.8.0.jar:/home/runner/.m2/repository/org/jetbrains/kotlin/kotlin-stdlib-common/1.4.10/kotlin-stdlib-common-1.4.10.jar:/home/runner/.m2/repository/org/bouncycastle/bcprov-jdk15on/1.67/bcprov-jdk15on-1.67.jar:/home/runner/.m2/repository/com/google/protobuf/protobuf-java/2.5.0/protobuf-java-2.5.0.jar:/home/runner/.m2/repository/org/apache/ozone/ozone-manager/1.3.0-SNAPSHOT/ozone-manager-1.3.0-SNAPSHOT.jar:/home/runner/.m2/repository/org/aspectj/aspectjrt/1.9.7/aspectjrt-1.9.7.jar:/home/runner/.m2/repository/org/aspectj/aspectjweaver/1.9.7/aspectjweaver-1.9.7.jar:/home/runner/.m2/repository/org/apache/ozone/hdds-interface-client/1.3.0-SNAPSHOT/hdds-interface-client-1.3.0-SNAPSHOT.jar:/home/runner/.m2/repository/org/apache/hadoop/thirdparty/hadoop-shaded-protobuf_3_7/1.1.1/hadoop-shaded-protobuf_3_7-1.1.1.jar:/home/runner/.m2/repository/org/apache/ozone/ozone-interface-storage/1.3.0-SNAPSHOT/ozone-interface-storage-1.3.0-SNAPSHOT.jar:/home/runner/.m2/repository/org/reflections/reflections/0.9.11/reflections-0.9.11.jar:/home/runner/.m2/repository/com/sun/jersey/jersey-client/1.19/jersey-client-1.19.jar:/home/runner/.m2/repository/org/apache/ranger/ranger-intg/2.3.0/ranger-intg-2.3.0.jar:/home/runner/.m2/repository/org/apache/ranger/ranger-plugins-common/2.3.0/ranger-plugins-common-2.3.0.jar:/home/runner/.m2/repository/commons-lang/commons-lang/2.6/commons-lang-2.6.jar:/home/runner/.m2/repository/org/codehaus/jackson/jackson-jaxrs/1.9.13/jackson-jaxrs-1.9.13.jar:/home/runner/.m2/repository/org/apache/ranger/ranger-plugins-cred/2.3.0/ranger-plugins-cred-2.3.0.jar:/home/runner/.m2/repository/org/apache/ranger/ranger-plugins-audit/2.3.0/ranger-plugins-audit-2.3.0.jar:/home/runner/.m2/repository/org/eclipse/jetty/jetty-client/9.4.31.v20200723/jetty-client-9.4.31.v20200723.jar:/home/runner/.m2/repository/org/apache/httpcomponents/httpmime/4.5.6/httpmime-4.5.6.jar:/home/runner/.m2/repository/org/apache/httpcomponents/httpcore-nio/4.4.6/httpcore-nio-4.4.6.jar:/home/runner/.m2/repository/org/apache/httpcomponents/httpasyncclient/4.1.3/httpasyncclient-4.1.3.jar:/home/runner/.m2/repository/com/carrotsearch/hppc/0.8.0/hppc-0.8.0.jar:/home/runner/.m2/repository/org/apache/orc/orc-core/1.5.8/orc-core-1.5.8.jar:/home/runner/.m2/repository/net/java/dev/jna/jna/5.2.0/jna-5.2.0.jar:/home/runner/.m2/repository/net/java/dev/jna/jna-platform/5.2.0/jna-platform-5.2.0.jar:/home/runner/.m2/repository/com/kstruct/gethostname4j/0.0.2/gethostname4j-0.0.2.jar:/home/runner/.m2/repository/org/apache/ranger/ranger-plugin-classloader/2.3.0/ranger-plugin-classloader-2.3.0.jar:/home/runner/.m2/repository/org/apache/hadoop/hadoop-minikdc/3.3.4/hadoop-minikdc-3.3.4.jar:/home/runner/.m2/repository/org/apache/kerby/kerb-simplekdc/1.0.1/kerb-simplekdc-1.0.1.jar:/home/runner/.m2/repository/org/apache/kerby/kerb-client/1.0.1/kerb-client-1.0.1.jar:/home/runner/.m2/repository/org/apache/kerby/kerby-config/1.0.1/kerby-config-1.0.1.jar:/home/runner/.m2/repository/org/apache/kerby/kerb-common/1.0.1/kerb-common-1.0.1.jar:/home/runner/.m2/repository/org/apache/kerby/kerb-crypto/1.0.1/kerb-crypto-1.0.1.jar:/home/runner/.m2/repository/org/apache/kerby/kerb-util/1.0.1/kerb-util-1.0.1.jar:/home/runner/.m2/repository/org/apache/kerby/token-provider/1.0.1/token-provider-1.0.1.jar:/home/runner/.m2/repository/org/apache/kerby/kerb-admin/1.0.1/kerb-admin-1.0.1.jar:/home/runner/.m2/repository/org/apache/kerby/kerb-server/1.0.1/kerb-server-1.0.1.jar:/home/runner/.m2/repository/org/apache/kerby/kerb-identity/1.0.1/kerb-identity-1.0.1.jar:/home/runner/.m2/repository/org/apache/kerby/kerby-xdr/1.0.1/kerby-xdr-1.0.1.jar:/home/runner/.m2/repository/org/apache/ozone/ozone-s3gateway/1.3.0-SNAPSHOT/ozone-s3gateway-1.3.0-SNAPSHOT.jar:/home/runner/.m2/repository/org/javassist/javassist/3.21.0-GA/javassist-3.21.0-GA.jar:/home/runner/.m2/repository/org/jboss/weld/servlet/weld-servlet/2.4.7.Final/weld-servlet-2.4.7.Final.jar:/home/runner/.m2/repository/org/glassfish/jersey/containers/jersey-container-servlet-core/2.34/jersey-container-servlet-core-2.34.jar:/home/runner/.m2/repository/org/glassfish/hk2/external/jakarta.inject/2.6.1/jakarta.inject-2.6.1.jar:/home/runner/.m2/repository/org/glassfish/jersey/core/jersey-common/2.34/jersey-common-2.34.jar:/home/runner/.m2/repository/jakarta/ws/rs/jakarta.ws.rs-api/2.1.6/jakarta.ws.rs-api-2.1.6.jar:/home/runner/.m2/repository/org/glassfish/jersey/ext/cdi/jersey-cdi1x/2.34/jersey-cdi1x-2.34.jar:/home/runner/.m2/repository/org/glassfish/jersey/inject/jersey-hk2/2.34/jersey-hk2-2.34.jar:/home/runner/.m2/repository/org/glassfish/hk2/hk2-locator/2.6.1/hk2-locator-2.6.1.jar:/home/runner/.m2/repository/org/glassfish/jersey/media/jersey-media-jaxb/2.34/jersey-media-jaxb-2.34.jar:/home/runner/.m2/repository/org/glassfish/hk2/osgi-resource-locator/1.0.3/osgi-resource-locator-1.0.3.jar:/home/runner/.m2/repository/org/glassfish/hk2/hk2-api/2.5.0/hk2-api-2.5.0.jar:/home/runner/.m2/repository/org/glassfish/hk2/hk2-utils/2.5.0/hk2-utils-2.5.0.jar:/home/runner/.m2/repository/org/glassfish/hk2/external/aopalliance-repackaged/2.5.0/aopalliance-repackaged-2.5.0.jar:/home/runner/.m2/repository/com/fasterxml/jackson/dataformat/jackson-dataformat-xml/2.13.4/jackson-dataformat-xml-2.13.4.jar:/home/runner/.m2/repository/com/fasterxml/jackson/core/jackson-core/2.13.4/jackson-core-2.13.4.jar:/home/runner/.m2/repository/org/codehaus/woodstox/stax2-api/3.1.4/stax2-api-3.1.4.jar:/home/runner/.m2/repository/com/fasterxml/woodstox/woodstox-core/5.0.3/woodstox-core-5.0.3.jar:/home/runner/.m2/repository/com/fasterxml/jackson/module/jackson-module-jaxb-annotations/2.13.4/jackson-module-jaxb-annotations-2.13.4.jar:/home/runner/.m2/repository/jakarta/xml/bind/jakarta.xml.bind-api/2.3.3/jakarta.xml.bind-api-2.3.3.jar:/home/runner/.m2/repository/jakarta/activation/jakarta.activation-api/1.2.1/jakarta.activation-api-1.2.1.jar:/home/runner/.m2/repository/javax/enterprise/cdi-api/1.2/cdi-api-1.2.jar:/home/runner/.m2/repository/javax/el/javax.el-api/3.0.0/javax.el-api-3.0.0.jar:/home/runner/.m2/repository/javax/interceptor/javax.interceptor-api/1.2/javax.interceptor-api-1.2.jar:/home/runner/.m2/repository/javax/inject/javax.inject/1/javax.inject-1.jar:/home/runner/.m2/repository/javax/xml/bind/jaxb-api/2.3.0/jaxb-api-2.3.0.jar:/home/runner/.m2/repository/org/glassfish/jaxb/jaxb-runtime/2.3.0.1/jaxb-runtime-2.3.0.1.jar:/home/runner/.m2/repository/org/glassfish/jaxb/jaxb-core/2.3.0.1/jaxb-core-2.3.0.1.jar:/home/runner/.m2/repository/org/glassfish/jaxb/txw2/2.3.0.1/txw2-2.3.0.1.jar:/home/runner/.m2/repository/com/sun/istack/istack-commons-runtime/3.0.5/istack-commons-runtime-3.0.5.jar:/home/runner/.m2/repository/org/jvnet/staxex/stax-ex/1.7.8/stax-ex-1.7.8.jar:/home/runner/.m2/repository/com/sun/xml/fastinfoset/FastInfoset/1.2.13/FastInfoset-1.2.13.jar:/home/runner/.m2/repository/javax/activation/activation/1.1.1/activation-1.1.1.jar:/home/runner/.m2/repository/io/grpc/grpc-protobuf/1.48.1/grpc-protobuf-1.48.1.jar:/home/runner/.m2/repository/io/grpc/grpc-api/1.48.1/grpc-api-1.48.1.jar:/home/runner/.m2/repository/io/grpc/grpc-context/1.48.1/grpc-context-1.48.1.jar:/home/runner/.m2/repository/com/google/api/grpc/proto-google-common-protos/2.9.0/proto-google-common-protos-2.9.0.jar:/home/runner/.m2/repository/io/grpc/grpc-protobuf-lite/1.48.1/grpc-protobuf-lite-1.48.1.jar:/home/runner/.m2/repository/io/grpc/grpc-stub/1.48.1/grpc-stub-1.48.1.jar:/home/runner/.m2/repository/io/netty/netty-transport/4.1.79.Final/netty-transport-4.1.79.Final.jar:/home/runner/.m2/repository/io/netty/netty-resolver/4.1.79.Final/netty-resolver-4.1.79.Final.jar:/home/runner/.m2/repository/org/apache/ozone/ozone-csi/1.3.0-SNAPSHOT/ozone-csi-1.3.0-SNAPSHOT.jar:/home/runner/.m2/repository/com/google/protobuf/protobuf-java-util/3.19.2/protobuf-java-util-3.19.2.jar:/home/runner/.m2/repository/com/google/code/gson/gson/2.9.0/gson-2.9.0.jar:/home/runner/.m2/repository/org/apache/ozone/hdds-config/1.3.0-SNAPSHOT/hdds-config-1.3.0-SNAPSHOT.jar:/home/runner/.m2/repository/io/netty/netty-transport-native-epoll/4.1.79.Final/netty-transport-native-epoll-4.1.79.Final-linux-x86_64.jar:/home/runner/.m2/repository/io/netty/netty-transport-classes-epoll/4.1.79.Final/netty-transport-classes-epoll-4.1.79.Final.jar:/home/runner/.m2/repository/io/netty/netty-transport-native-unix-common/4.1.79.Final/netty-transport-native-unix-common-4.1.79.Final.jar:/home/runner/.m2/repository/org/slf4j/slf4j-reload4j/1.7.36/slf4j-reload4j-1.7.36.jar:/home/runner/.m2/repository/org/apache/ozone/ozone-recon/1.3.0-SNAPSHOT/ozone-recon-1.3.0-SNAPSHOT.jar:/home/runner/.m2/repository/org/apache/ozone/ozone-reconcodegen/1.3.0-SNAPSHOT/ozone-reconcodegen-1.3.0-SNAPSHOT.jar:/home/runner/.m2/repository/com/google/inject/extensions/guice-multibindings/4.0/guice-multibindings-4.0.jar:/home/runner/.m2/repository/com/google/inject/guice/4.0/guice-4.0.jar:/home/runner/.m2/repository/aopalliance/aopalliance/1.0/aopalliance-1.0.jar:/home/runner/.m2/repository/com/google/inject/extensions/guice-assistedinject/4.0/guice-assistedinject-4.0.jar:/home/runner/.m2/repository/com/google/inject/extensions/guice-servlet/4.0/guice-servlet-4.0.jar:/home/runner/.m2/repository/org/glassfish/jersey/containers/jersey-container-servlet/2.34/jersey-container-servlet-2.34.jar:/home/runner/.m2/repository/org/glassfish/hk2/guice-bridge/2.5.0/guice-bridge-2.5.0.jar:/home/runner/.m2/repository/org/glassfish/jersey/core/jersey-server/2.34/jersey-server-2.34.jar:/home/runner/.m2/repository/org/glassfish/jersey/core/jersey-client/2.34/jersey-client-2.34.jar:/home/runner/.m2/repository/jakarta/annotation/jakarta.annotation-api/1.3.5/jakarta.annotation-api-1.3.5.jar:/home/runner/.m2/repository/jakarta/validation/jakarta.validation-api/2.0.2/jakarta.validation-api-2.0.2.jar:/home/runner/.m2/repository/org/glassfish/jersey/media/jersey-media-json-jackson/2.34/jersey-media-json-jackson-2.34.jar:/home/runner/.m2/repository/org/glassfish/jersey/ext/jersey-entity-filtering/2.34/jersey-entity-filtering-2.34.jar:/home/runner/.m2/repository/org/jooq/jooq/3.11.10/jooq-3.11.10.jar:/home/runner/.m2/repository/org/jooq/jooq-meta/3.11.10/jooq-meta-3.11.10.jar:/home/runner/.m2/repository/org/jooq/jooq-codegen/3.11.10/jooq-codegen-3.11.10.jar:/home/runner/.m2/repository/com/jolbox/bonecp/0.8.0.RELEASE/bonecp-0.8.0.RELEASE.jar:/home/runner/.m2/repository/org/apache/derby/derby/10.14.2.0/derby-10.14.2.0.jar:/home/runner/.m2/repository/org/xerial/sqlite-jdbc/3.25.2/sqlite-jdbc-3.25.2.jar:/home/runner/.m2/repository/org/springframework/spring-jdbc/5.2.20.RELEASE/spring-jdbc-5.2.20.RELEASE.jar:/home/runner/.m2/repository/org/springframework/spring-beans/5.2.20.RELEASE/spring-beans-5.2.20.RELEASE.jar:/home/runner/.m2/repository/org/springframework/spring-core/5.2.20.RELEASE/spring-core-5.2.20.RELEASE.jar:/home/runner/.m2/repository/org/springframework/spring-jcl/5.2.20.RELEASE/spring-jcl-5.2.20.RELEASE.jar:/home/runner/.m2/repository/org/springframework/spring-tx/5.2.20.RELEASE/spring-tx-5.2.20.RELEASE.jar:/home/runner/.m2/repository/org/apache/ozone/ozone-client/1.3.0-SNAPSHOT/ozone-client-1.3.0-SNAPSHOT.jar:/home/runner/.m2/repository/org/apache/ozone/hdds-erasurecode/1.3.0-SNAPSHOT/hdds-erasurecode-1.3.0-SNAPSHOT.jar:/home/runner/.m2/repository/com/github/spotbugs/spotbugs-annotations/3.1.12/spotbugs-annotations-3.1.12.jar:/home/runner/.m2/repository/org/apache/ozone/ozone-filesystem/1.3.0-SNAPSHOT/ozone-filesystem-1.3.0-SNAPSHOT.jar:/home/runner/.m2/repository/org/apache/ozone/ozone-filesystem-common/1.3.0-SNAPSHOT/ozone-filesystem-common-1.3.0-SNAPSHOT.jar:/home/runner/.m2/repository/org/apache/ozone/ozone-tools/1.3.0-SNAPSHOT/ozone-tools-1.3.0-SNAPSHOT.jar:/home/runner/.m2/repository/org/apache/ratis/ratis-tools/2.4.0/ratis-tools-2.4.0.jar:/home/runner/.m2/repository/com/amazonaws/aws-java-sdk-core/1.12.261/aws-java-sdk-core-1.12.261.jar:/home/runner/.m2/repository/org/apache/httpcomponents/httpclient/4.5.13/httpclient-4.5.13.jar:/home/runner/.m2/repository/org/apache/httpcomponents/httpcore/4.4.13/httpcore-4.4.13.jar:/home/runner/.m2/repository/software/amazon/ion/ion-java/1.0.2/ion-java-1.0.2.jar:/home/runner/.m2/repository/com/fasterxml/jackson/dataformat/jackson-dataformat-cbor/2.13.4/jackson-dataformat-cbor-2.13.4.jar:/home/runner/.m2/repository/joda-time/joda-time/2.8.1/joda-time-2.8.1.jar:/home/runner/.m2/repository/com/amazonaws/aws-java-sdk-s3/1.12.261/aws-java-sdk-s3-1.12.261.jar:/home/runner/.m2/repository/com/amazonaws/aws-java-sdk-kms/1.12.261/aws-java-sdk-kms-1.12.261.jar:/home/runner/.m2/repository/com/amazonaws/jmespath-java/1.12.261/jmespath-java-1.12.261.jar:/home/runner/.m2/repository/org/kohsuke/metainf-services/metainf-services/1.8/metainf-services-1.8.jar:/home/runner/.m2/repository/org/apache/ozone/hdds-tools/1.3.0-SNAPSHOT/hdds-tools-1.3.0-SNAPSHOT.jar:/home/runner/.m2/repository/commons-cli/commons-cli/1.2/commons-cli-1.2.jar:/home/runner/.m2/repository/org/apache/commons/commons-lang3/3.7/commons-lang3-3.7.jar:/home/runner/.m2/repository/org/apache/ozone/ozone-manager/1.3.0-SNAPSHOT/ozone-manager-1.3.0-SNAPSHOT-tests.jar:/home/runner/.m2/repository/org/apache/ozone/hdds-common/1.3.0-SNAPSHOT/hdds-common-1.3.0-SNAPSHOT-tests.jar:/home/runner/.m2/repository/org/apache/ozone/hdds-hadoop-dependency-client/1.3.0-SNAPSHOT/hdds-hadoop-dependency-client-1.3.0-SNAPSHOT.jar:/home/runner/.m2/repository/info/picocli/picocli/4.6.1/picocli-4.6.1.jar:/home/runner/.m2/repository/com/fasterxml/jackson/core/jackson-annotations/2.13.4/jackson-annotations-2.13.4.jar:/home/runner/.m2/repository/com/fasterxml/jackson/datatype/jackson-datatype-jsr310/2.13.4/jackson-datatype-jsr310-2.13.4.jar:/home/runner/.m2/repository/org/apache/ozone/hdds-annotation-processing/1.3.0-SNAPSHOT/hdds-annotation-processing-1.3.0-SNAPSHOT.jar:/home/runner/.m2/repository/javax/annotation/javax.annotation-api/1.2/javax.annotation-api-1.2.jar:/home/runner/.m2/repository/org/apache/ratis/ratis-server/2.4.0/ratis-server-2.4.0.jar:/home/runner/.m2/repository/org/apache/ratis/ratis-client/2.4.0/ratis-client-2.4.0.jar:/home/runner/.m2/repository/org/apache/ratis/ratis-server-api/2.4.0/ratis-server-api-2.4.0.jar:/home/runner/.m2/repository/org/apache/ratis/ratis-metrics/2.4.0/ratis-metrics-2.4.0.jar:/home/runner/.m2/repository/org/apache/ratis/ratis-netty/2.4.0/ratis-netty-2.4.0.jar:/home/runner/.m2/repository/org/apache/ratis/ratis-grpc/2.4.0/ratis-grpc-2.4.0.jar:/home/runner/.m2/repository/org/apache/logging/log4j/log4j-api/2.17.1/log4j-api-2.17.1.jar:/home/runner/.m2/repository/org/apache/commons/commons-pool2/2.6.0/commons-pool2-2.6.0.jar:/home/runner/.m2/repository/org/bouncycastle/bcpkix-jdk15on/1.67/bcpkix-jdk15on-1.67.jar:/home/runner/.m2/repository/commons-validator/commons-validator/1.6/commons-validator-1.6.jar:/home/runner/.m2/repository/commons-beanutils/commons-beanutils/1.9.4/commons-beanutils-1.9.4.jar:/home/runner/.m2/repository/commons-digester/commons-digester/1.8.1/commons-digester-1.8.1.jar:/home/runner/.m2/repository/commons-collections/commons-collections/3.2.2/commons-collections-3.2.2.jar:/home/runner/.m2/repository/io/jaegertracing/jaeger-client/1.6.0/jaeger-client-1.6.0.jar:/home/runner/.m2/repository/io/jaegertracing/jaeger-thrift/1.6.0/jaeger-thrift-1.6.0.jar:/home/runner/.m2/repository/org/apache/thrift/libthrift/0.14.1/libthrift-0.14.1.jar:/home/runner/.m2/repository/io/jaegertracing/jaeger-core/1.6.0/jaeger-core-1.6.0.jar:/home/runner/.m2/repository/io/jaegertracing/jaeger-tracerresolver/1.6.0/jaeger-tracerresolver-1.6.0.jar:/home/runner/.m2/repository/io/opentracing/contrib/opentracing-tracerresolver/0.1.8/opentracing-tracerresolver-0.1.8.jar:/home/runner/.m2/repository/org/jetbrains/kotlin/kotlin-stdlib/1.6.21/kotlin-stdlib-1.6.21.jar:/home/runner/.m2/repository/org/jetbrains/annotations/13.0/annotations-13.0.jar:/home/runner/.m2/repository/io/opentracing/opentracing-util/0.33.0/opentracing-util-0.33.0.jar:/home/runner/.m2/repository/io/opentracing/opentracing-api/0.33.0/opentracing-api-0.33.0.jar:/home/runner/.m2/repository/io/opentracing/opentracing-noop/0.33.0/opentracing-noop-0.33.0.jar:/home/runner/.m2/repository/org/yaml/snakeyaml/1.32/snakeyaml-1.32.jar:/home/runner/.m2/repository/org/apache/ozone/hdds-interface-admin/1.3.0-SNAPSHOT/hdds-interface-admin-1.3.0-SNAPSHOT.jar:/home/runner/.m2/repository/junit/junit/4.13.1/junit-4.13.1.jar:/home/runner/.m2/repository/org/hamcrest/hamcrest-core/1.3/hamcrest-core-1.3.jar:/home/runner/.m2/repository/org/junit/jupiter/junit-jupiter-api/5.8.2/junit-jupiter-api-5.8.2.jar:/home/runner/.m2/repository/org/opentest4j/opentest4j/1.2.0/opentest4j-1.2.0.jar:/home/runner/.m2/repository/org/junit/platform/junit-platform-commons/1.8.2/junit-platform-commons-1.8.2.jar:/home/runner/.m2/repository/org/apiguardian/apiguardian-api/1.1.2/apiguardian-api-1.1.2.jar:/home/runner/.m2/repository/org/junit/jupiter/junit-jupiter-params/5.8.2/junit-jupiter-params-5.8.2.jar:/home/runner/.m2/repository/org/junit/jupiter/junit-jupiter-migrationsupport/5.8.2/junit-jupiter-migrationsupport-5.8.2.jar:/home/runner/.m2/repository/org/junit/jupiter/junit-jupiter-engine/5.8.2/junit-jupiter-engine-5.8.2.jar:/home/runner/.m2/repository/org/junit/platform/junit-platform-engine/1.8.2/junit-platform-engine-1.8.2.jar:/home/runner/.m2/repository/org/junit/vintage/junit-vintage-engine/5.8.2/junit-vintage-engine-5.8.2.jar:/home/runner/.m2/repository/org/junit/platform/junit-platform-launcher/1.8.2/junit-platform-launcher-1.8.2.jar:/home/runner/.m2/repository/org/mockito/mockito-core/2.28.2/mockito-core-2.28.2.jar:/home/runner/.m2/repository/net/bytebuddy/byte-buddy/1.9.10/byte-buddy-1.9.10.jar:/home/runner/.m2/repository/net/bytebuddy/byte-buddy-agent/1.9.10/byte-buddy-agent-1.9.10.jar:/home/runner/.m2/repository/org/objenesis/objenesis/1.0/objenesis-1.0.jar:/home/runner/.m2/repository/org/apache/hadoop/hadoop-kms/3.3.4/hadoop-kms-3.3.4.jar:/home/runner/.m2/repository/org/apache/hadoop/hadoop-auth/3.3.4/hadoop-auth-3.3.4.jar:/home/runner/.m2/repository/com/nimbusds/nimbus-jose-jwt/7.9/nimbus-jose-jwt-7.9.jar:/home/runner/.m2/repository/com/github/stephenc/jcip/jcip-annotations/1.0-1/jcip-annotations-1.0-1.jar:/home/runner/.m2/repository/net/minidev/json-smart/2.4.7/json-smart-2.4.7.jar:/home/runner/.m2/repository/net/minidev/accessors-smart/2.4.7/accessors-smart-2.4.7.jar:/home/runner/.m2/repository/org/ow2/asm/asm/5.0.4/asm-5.0.4.jar:/home/runner/.m2/repository/org/apache/zookeeper/zookeeper/3.5.6/zookeeper-3.5.6.jar:/home/runner/.m2/repository/org/apache/zookeeper/zookeeper-jute/3.5.6/zookeeper-jute-3.5.6.jar:/home/runner/.m2/repository/org/apache/yetus/audience-annotations/0.5.0/audience-annotations-0.5.0.jar:/home/runner/.m2/repository/org/apache/curator/curator-framework/4.2.0/curator-framework-4.2.0.jar:/home/runner/.m2/repository/org/apache/hadoop/thirdparty/hadoop-shaded-guava/1.1.1/hadoop-shaded-guava-1.1.1.jar:/home/runner/.m2/repository/com/sun/jersey/jersey-core/1.19/jersey-core-1.19.jar:/home/runner/.m2/repository/javax/ws/rs/jsr311-api/1.1.1/jsr311-api-1.1.1.jar:/home/runner/.m2/repository/com/sun/jersey/jersey-server/1.19/jersey-server-1.19.jar:/home/runner/.m2/repository/javax/servlet/javax.servlet-api/3.1.0/javax.servlet-api-3.1.0.jar:/home/runner/.m2/repository/org/eclipse/jetty/jetty-server/9.4.43.v20210629/jetty-server-9.4.43.v20210629.jar:/home/runner/.m2/repository/org/eclipse/jetty/jetty-http/9.4.43.v20210629/jetty-http-9.4.43.v20210629.jar:/home/runner/.m2/repository/org/eclipse/jetty/jetty-io/9.4.43.v20210629/jetty-io-9.4.43.v20210629.jar:/home/runner/.m2/repository/org/eclipse/jetty/jetty-webapp/9.4.43.v20210629/jetty-webapp-9.4.43.v20210629.jar:/home/runner/.m2/repository/org/eclipse/jetty/jetty-xml/9.4.43.v20210629/jetty-xml-9.4.43.v20210629.jar:/home/runner/.m2/repository/org/apache/hadoop/hadoop-common/3.3.4/hadoop-common-3.3.4.jar:/home/runner/.m2/repository/org/apache/commons/commons-math3/3.1.1/commons-math3-3.1.1.jar:/home/runner/.m2/repository/commons-net/commons-net/3.6/commons-net-3.6.jar:/home/runner/.m2/repository/com/sun/jersey/jersey-servlet/1.19/jersey-servlet-1.19.jar:/home/runner/.m2/repository/com/sun/jersey/jersey-json/1.19/jersey-json-1.19.jar:/home/runner/.m2/repository/org/codehaus/jettison/jettison/1.1/jettison-1.1.jar:/home/runner/.m2/repository/com/sun/xml/bind/jaxb-impl/2.2.3-1/jaxb-impl-2.2.3-1.jar:/home/runner/.m2/repository/org/codehaus/jackson/jackson-xc/1.9.2/jackson-xc-1.9.2.jar:/home/runner/.m2/repository/com/google/re2j/re2j/1.1/re2j-1.1.jar:/home/runner/.m2/repository/com/jcraft/jsch/0.1.54/jsch-0.1.54.jar:/home/runner/.m2/repository/org/apache/curator/curator-client/4.2.0/curator-client-4.2.0.jar:/home/runner/.m2/repository/org/apache/curator/curator-recipes/4.2.0/curator-recipes-4.2.0.jar:/home/runner/.m2/repository/org/apache/kerby/kerb-core/1.0.1/kerb-core-1.0.1.jar:/home/runner/.m2/repository/org/apache/kerby/kerby-pkix/1.0.1/kerby-pkix-1.0.1.jar:/home/runner/.m2/repository/org/apache/kerby/kerby-asn1/1.0.1/kerby-asn1-1.0.1.jar:/home/runner/.m2/repository/org/apache/kerby/kerby-util/1.0.1/kerby-util-1.0.1.jar:/home/runner/.m2/repository/dnsjava/dnsjava/2.1.7/dnsjava-2.1.7.jar:/home/runner/.m2/repository/org/xerial/snappy/snappy-java/1.1.8.2/snappy-java-1.1.8.2.jar:/home/runner/.m2/repository/org/eclipse/jetty/jetty-util/9.4.43.v20210629/jetty-util-9.4.43.v20210629.jar:/home/runner/.m2/repository/com/fasterxml/jackson/core/jackson-databind/2.13.4.2/jackson-databind-2.13.4.2.jar:/home/runner/.m2/repository/org/apache/hadoop/hadoop-kms/3.3.4/hadoop-kms-3.3.4-tests.jar:/home/runner/.m2/repository/org/apache/ozone/hdds-server-scm/1.3.0-SNAPSHOT/hdds-server-scm-1.3.0-SNAPSHOT-tests.jar:/home/runner/.m2/repository/org/apache/ozone/hdds-container-service/1.3.0-SNAPSHOT/hdds-container-service-1.3.0-SNAPSHOT-tests.jar:/home/runner/.m2/repository/commons-codec/commons-codec/1.11/commons-codec-1.11.jar:/home/runner/.m2/repository/io/netty/netty-codec/4.1.79.Final/netty-codec-4.1.79.Final.jar:/home/runner/.m2/repository/io/netty/netty-handler/4.1.79.Final/netty-handler-4.1.79.Final.jar:/home/runner/.m2/repository/org/apache/ozone/hdds-hadoop-dependency-test/1.3.0-SNAPSHOT/hdds-hadoop-dependency-test-1.3.0-SNAPSHOT.jar:/home/runner/.m2/repository/org/apache/hadoop/hadoop-common/3.3.4/hadoop-common-3.3.4-tests.jar:/home/runner/.m2/repository/org/apache/hadoop/hadoop-hdfs/3.3.4/hadoop-hdfs-3.3.4-tests.jar:/home/runner/.m2/repository/org/assertj/assertj-core/3.12.2/assertj-core-3.12.2.jar:/home/runner/.m2/repository/org/apache/hadoop/hadoop-distcp/3.3.4/hadoop-distcp-3.3.4.jar:/home/runner/.m2/repository/org/apache/hadoop/hadoop-mapreduce-client-jobclient/3.3.4/hadoop-mapreduce-client-jobclient-3.3.4.jar:/home/runner/.m2/repository/org/apache/hadoop/hadoop-mapreduce-client-common/3.3.4/hadoop-mapreduce-client-common-3.3.4.jar:/home/runner/.m2/repository/org/apache/hadoop/hadoop-yarn-common/3.3.4/hadoop-yarn-common-3.3.4.jar:/home/runner/.m2/repository/org/apache/hadoop/hadoop-yarn-api/3.3.4/hadoop-yarn-api-3.3.4.jar:/home/runner/.m2/repository/com/sun/jersey/contribs/jersey-guice/1.19/jersey-guice-1.19.jar:/home/runner/.m2/repository/com/fasterxml/jackson/jaxrs/jackson-jaxrs-json-provider/2.13.4/jackson-jaxrs-json-provider-2.13.4.jar:/home/runner/.m2/repository/com/fasterxml/jackson/jaxrs/jackson-jaxrs-base/2.13.4/jackson-jaxrs-base-2.13.4.jar:/home/runner/.m2/repository/org/apache/hadoop/hadoop-yarn-client/3.3.4/hadoop-yarn-client-3.3.4.jar:/home/runner/.m2/repository/org/eclipse/jetty/websocket/websocket-client/9.4.43.v20210629/websocket-client-9.4.43.v20210629.jar:/home/runner/.m2/repository/org/eclipse/jetty/websocket/websocket-common/9.4.43.v20210629/websocket-common-9.4.43.v20210629.jar:/home/runner/.m2/repository/org/eclipse/jetty/websocket/websocket-api/9.4.43.v20210629/websocket-api-9.4.43.v20210629.jar:/home/runner/.m2/repository/org/jline/jline/3.9.0/jline-3.9.0.jar:/home/runner/.m2/repository/org/apache/hadoop/hadoop-mapreduce-client-core/3.3.4/hadoop-mapreduce-client-core-3.3.4.jar:/home/runner/.m2/repository/org/apache/avro/avro/1.7.7/avro-1.7.7.jar:/home/runner/.m2/repository/org/codehaus/jackson/jackson-core-asl/1.9.13/jackson-core-asl-1.9.13.jar:/home/runner/.m2/repository/org/codehaus/jackson/jackson-mapper-asl/1.9.13/jackson-mapper-asl-1.9.13.jar:/home/runner/.m2/repository/com/thoughtworks/paranamer/paranamer/2.3/paranamer-2.3.jar:/home/runner/.m2/repository/org/apache/hadoop/hadoop-annotations/3.3.4/hadoop-annotations-3.3.4.jar:/usr/lib/jvm/temurin-8-jdk-amd64/jre/../lib/tools.jar:/home/runner/.m2/repository/io/netty/netty/3.10.6.Final/netty-3.10.6.Final.jar:/home/runner/.m2/repository/org/apache/hadoop/hadoop-distcp/3.3.4/hadoop-distcp-3.3.4-tests.jar:/home/runner/.m2/repository/org/slf4j/jul-to-slf4j/1.7.36/jul-to-slf4j-1.7.36.jar:/home/runner/.m2/repository/org/apache/ratis/ratis-common/2.4.0/ratis-common-2.4.0.jar:/home/runner/.m2/repository/org/apache/ratis/ratis-thirdparty-misc/1.0.2/ratis-thirdparty-misc-1.0.2.jar:/home/runner/.m2/repository/org/apache/ratis/ratis-proto/2.4.0/ratis-proto-2.4.0.jar:"/>
    <property name="sun.cpu.endian" value="little"/>
    <property name="user.home" value="/home/runner"/>
    <property name="user.language" value="en"/>
    <property name="java.specification.vendor" value="Oracle Corporation"/>
    <property name="java.home" value="/usr/lib/jvm/temurin-8-jdk-amd64/jre"/>
    <property name="java.security.krb5.conf" value="/home/runner/work/ozone/ozone/hadoop-ozone/integration-test/target/test-classes/krb5.conf"/>
    <property name="basedir" value="/home/runner/work/ozone/ozone/hadoop-ozone/integration-test"/>
    <property name="file.separator" value="/"/>
    <property name="line.separator" value="&#10;"/>
    <property name="java.vm.specification.vendor" value="Oracle Corporation"/>
    <property name="java.specification.name" value="Java Platform API Specification"/>
    <property name="java.awt.graphicsenv" value="sun.awt.X11GraphicsEnvironment"/>
    <property name="skip.installnpx" value="true"/>
    <property name="surefire.real.class.path" value="/home/runner/work/ozone/ozone/hadoop-ozone/integration-test/target/surefire/surefirebooter5181945606320570619.jar:/home/runner/.m2/repository/org/jacoco/org.jacoco.agent/0.8.5/org.jacoco.agent-0.8.5-runtime.jar"/>
    <property name="hadoop.log.dir" value="/home/runner/work/ozone/ozone/hadoop-ozone/integration-test/target/log"/>
    <property name="sun.boot.class.path" value="/usr/lib/jvm/temurin-8-jdk-amd64/jre/lib/resources.jar:/usr/lib/jvm/temurin-8-jdk-amd64/jre/lib/rt.jar:/usr/lib/jvm/temurin-8-jdk-amd64/jre/lib/sunrsasign.jar:/usr/lib/jvm/temurin-8-jdk-amd64/jre/lib/jsse.jar:/usr/lib/jvm/temurin-8-jdk-amd64/jre/lib/jce.jar:/usr/lib/jvm/temurin-8-jdk-amd64/jre/lib/charsets.jar:/usr/lib/jvm/temurin-8-jdk-amd64/jre/lib/jfr.jar:/usr/lib/jvm/temurin-8-jdk-amd64/jre/classes"/>
    <property name="sun.management.compiler" value="HotSpot 64-Bit Tiered Compilers"/>
    <property name="skip.npx" value="true"/>
    <property name="java.runtime.version" value="1.8.0_345-b01"/>
    <property name="java.net.preferIPv4Stack" value="true"/>
    <property name="user.name" value="runner"/>
    <property name="path.separator" value=":"/>
    <property name="java.security.egd" value="file:///dev/urandom"/>
    <property name="os.version" value="5.15.0-1021-azure"/>
    <property name="java.endorsed.dirs" value="/usr/lib/jvm/temurin-8-jdk-amd64/jre/lib/endorsed"/>
    <property name="java.runtime.name" value="OpenJDK Runtime Environment"/>
    <property name="file.encoding" value="UTF-8"/>
    <property name="java.vm.name" value="OpenJDK 64-Bit Server VM"/>
    <property name="test.build.webapps" value=""/>
    <property name="localRepository" value="/home/runner/.m2/repository"/>
    <property name="jetty.git.hash" value="526006ecfa3af7f1a27ef3a288e2bef7ea9dd7e8"/>
    <property name="java.vendor.url.bug" value="https://github.com/adoptium/adoptium-support/issues"/>
    <property name="java.io.tmpdir" value="/tmp"/>
    <property name="require.test.libhadoop" value=""/>
    <property name="java.version" value="1.8.0_345"/>
    <property name="user.dir" value="/home/runner/work/ozone/ozone/hadoop-ozone/integration-test"/>
    <property name="os.arch" value="amd64"/>
    <property name="java.vm.specification.name" value="Java Virtual Machine Specification"/>
    <property name="test.build.classes" value="/home/runner/work/ozone/ozone/hadoop-ozone/integration-test/target/test-classes"/>
    <property name="java.awt.printerjob" value="sun.print.PSPrinterJob"/>
    <property name="sun.os.patch.level" value="unknown"/>
    <property name="org.apache.ratis.thirdparty.io.netty.allocator.useCacheForAllThreads" value="false"/>
    <property name="hadoop.tmp.dir" value="/home/runner/work/ozone/ozone/hadoop-ozone/integration-test/target/tmp"/>
    <property name="java.library.path" value="/usr/java/packages/lib/amd64:/usr/lib64:/lib64:/lib:/usr/lib"/>
    <property name="java.vm.info" value="mixed mode"/>
    <property name="java.vendor" value="Temurin"/>
    <property name="java.vm.version" value="25.345-b01"/>
    <property name="java.ext.dirs" value="/usr/lib/jvm/temurin-8-jdk-amd64/jre/lib/ext:/usr/java/packages/lib/ext"/>
    <property name="sun.io.unicode.encoding" value="UnicodeLittle"/>
    <property name="java.class.version" value="52.0"/>
  </properties>
  <testcase name="testContainerRecoveryOverReplicationProcessing" classname="org.apache.hadoop.ozone.container.TestECContainerRecovery" time="106.634">
    <error type="java.util.concurrent.TimeoutException"><![CDATA[java.util.concurrent.TimeoutException: 
Timed out waiting for condition. Thread diagnostics:
Timestamp: 2022-10-20 01:31:28,958

"JvmPauseMonitor3" daemon prio=5 tid=438 timed_waiting
java.lang.Thread.State: TIMED_WAITING
        at java.lang.Thread.sleep(Native Method)
        at java.lang.Thread.sleep(Thread.java:342)
        at java.util.concurrent.TimeUnit.sleep(TimeUnit.java:386)
        at org.apache.ratis.util.TimeDuration.sleep(TimeDuration.java:325)
        at org.apache.ratis.util.TimeDuration.sleep(TimeDuration.java:310)
        at org.apache.ratis.util.JvmPauseMonitor.detectPause(JvmPauseMonitor.java:119)
        at org.apache.ratis.util.JvmPauseMonitor.run(JvmPauseMonitor.java:108)
        at org.apache.ratis.util.JvmPauseMonitor$$Lambda$702/1803904229.run(Unknown Source)
        at java.lang.Thread.run(Thread.java:750)
"Command processor thread" daemon prio=5 tid=243 timed_waiting
java.lang.Thread.State: TIMED_WAITING
        at java.lang.Thread.sleep(Native Method)
        at org.apache.hadoop.ozone.container.common.statemachine.DatanodeStateMachine.lambda$initCommandHandlerThread$3(DatanodeStateMachine.java:628)
        at org.apache.hadoop.ozone.container.common.statemachine.DatanodeStateMachine$$Lambda$747/98858159.run(Unknown Source)
        at java.lang.Thread.run(Thread.java:750)
"pool-150-thread-1"  prio=5 tid=253 timed_waiting
java.lang.Thread.State: TIMED_WAITING
        at sun.misc.Unsafe.park(Native Method)
        at java.util.concurrent.locks.LockSupport.parkNanos(LockSupport.java:215)
        at java.util.concurrent.locks.AbstractQueuedSynchronizer$ConditionObject.awaitNanos(AbstractQueuedSynchronizer.java:2078)
        at java.util.concurrent.ScheduledThreadPoolExecutor$DelayedWorkQueue.take(ScheduledThreadPoolExecutor.java:1093)
        at java.util.concurrent.ScheduledThreadPoolExecutor$DelayedWorkQueue.take(ScheduledThreadPoolExecutor.java:809)
        at java.util.concurrent.ThreadPoolExecutor.getTask(ThreadPoolExecutor.java:1074)
        at java.util.concurrent.ThreadPoolExecutor.runWorker(ThreadPoolExecutor.java:1134)
        at java.util.concurrent.ThreadPoolExecutor$Worker.run(ThreadPoolExecutor.java:624)
        at java.lang.Thread.run(Thread.java:750)
"Datanode ReportManager Thread - 3" daemon prio=5 tid=241 in Object.wait()
java.lang.Thread.State: WAITING (on object monitor)
        at sun.misc.Unsafe.park(Native Method)
        at java.util.concurrent.locks.LockSupport.park(LockSupport.java:175)
        at java.util.concurrent.locks.AbstractQueuedSynchronizer$ConditionObject.await(AbstractQueuedSynchronizer.java:2039)
        at java.util.concurrent.ScheduledThreadPoolExecutor$DelayedWorkQueue.take(ScheduledThreadPoolExecutor.java:1088)
        at java.util.concurrent.ScheduledThreadPoolExecutor$DelayedWorkQueue.take(ScheduledThreadPoolExecutor.java:809)
        at java.util.concurrent.ThreadPoolExecutor.getTask(ThreadPoolExecutor.java:1074)
        at java.util.concurrent.ThreadPoolExecutor.runWorker(ThreadPoolExecutor.java:1134)
        at java.util.concurrent.ThreadPoolExecutor$Worker.run(ThreadPoolExecutor.java:624)
        at java.lang.Thread.run(Thread.java:750)
"Datanode State Machine Daemon Thread" daemon prio=5 tid=315 timed_waiting
java.lang.Thread.State: TIMED_WAITING
        at java.lang.Thread.sleep(Native Method)
        at org.apache.hadoop.ozone.container.common.statemachine.DatanodeStateMachine.startStateMachineThread(DatanodeStateMachine.java:313)
        at org.apache.hadoop.ozone.container.common.statemachine.DatanodeStateMachine.lambda$startDaemon$0(DatanodeStateMachine.java:493)
        at org.apache.hadoop.ozone.container.common.statemachine.DatanodeStateMachine$$Lambda$745/5753511.run(Unknown Source)
        at java.lang.Thread.run(Thread.java:750)
"qtp1506186841-448" daemon prio=5 tid=448 runnable
java.lang.Thread.State: RUNNABLE
        at sun.nio.ch.EPollArrayWrapper.epollWait(Native Method)
        at sun.nio.ch.EPollArrayWrapper.poll(EPollArrayWrapper.java:269)
        at sun.nio.ch.EPollSelectorImpl.doSelect(EPollSelectorImpl.java:93)
        at sun.nio.ch.SelectorImpl.lockAndDoSelect(SelectorImpl.java:86)
        at sun.nio.ch.SelectorImpl.select(SelectorImpl.java:97)
        at sun.nio.ch.SelectorImpl.select(SelectorImpl.java:101)
        at org.eclipse.jetty.io.ManagedSelector.nioSelect(ManagedSelector.java:183)
        at org.eclipse.jetty.io.ManagedSelector.select(ManagedSelector.java:190)
        at org.eclipse.jetty.io.ManagedSelector$SelectorProducer.select(ManagedSelector.java:606)
        at org.eclipse.jetty.io.ManagedSelector$SelectorProducer.produce(ManagedSelector.java:543)
        at org.eclipse.jetty.util.thread.strategy.EatWhatYouKill.produceTask(EatWhatYouKill.java:362)
        at org.eclipse.jetty.util.thread.strategy.EatWhatYouKill.doProduce(EatWhatYouKill.java:186)
        at org.eclipse.jetty.util.thread.strategy.EatWhatYouKill.tryProduce(EatWhatYouKill.java:173)
        at org.eclipse.jetty.util.thread.strategy.EatWhatYouKill.produce(EatWhatYouKill.java:137)
        at org.eclipse.jetty.io.ManagedSelector$$Lambda$443/1369352990.run(Unknown Source)
        at org.eclipse.jetty.util.thread.QueuedThreadPool.runJob(QueuedThreadPool.java:883)
        at org.eclipse.jetty.util.thread.QueuedThreadPool$Runner.run(QueuedThreadPool.java:1034)
        at java.lang.Thread.run(Thread.java:750)
"Datanode State Machine Task Thread - 0"  prio=5 tid=271 in Object.wait()
java.lang.Thread.State: WAITING (on object monitor)
        at sun.misc.Unsafe.park(Native Method)
        at java.util.concurrent.locks.LockSupport.park(LockSupport.java:175)
        at java.util.concurrent.locks.AbstractQueuedSynchronizer$ConditionObject.await(AbstractQueuedSynchronizer.java:2039)
        at java.util.concurrent.LinkedBlockingQueue.take(LinkedBlockingQueue.java:442)
        at java.util.concurrent.ThreadPoolExecutor.getTask(ThreadPoolExecutor.java:1074)
        at java.util.concurrent.ThreadPoolExecutor.runWorker(ThreadPoolExecutor.java:1134)
        at java.util.concurrent.ThreadPoolExecutor$Worker.run(ThreadPoolExecutor.java:624)
        at java.lang.Thread.run(Thread.java:750)
"IPC Server handler 8 on default port 46513" daemon prio=5 tid=85 timed_waiting
java.lang.Thread.State: TIMED_WAITING
        at sun.misc.Unsafe.park(Native Method)
        at java.util.concurrent.locks.LockSupport.parkNanos(LockSupport.java:215)
        at java.util.concurrent.locks.AbstractQueuedSynchronizer$ConditionObject.awaitNanos(AbstractQueuedSynchronizer.java:2078)
        at java.util.concurrent.LinkedBlockingQueue.poll(LinkedBlockingQueue.java:467)
        at org.apache.hadoop.ipc.CallQueueManager.take(CallQueueManager.java:317)
        at org.apache.hadoop.ipc.Server$Handler.run(Server.java:2942)
"f5cc69e3-4def-49b3-97e4-fc35696e58fc@group-9AE1E5A711C7->617aebcb-94d5-4f34-9c47-e0c0542c8799-GrpcLogAppender-LogAppenderDaemon" daemon prio=5 tid=858 timed_waiting
java.lang.Thread.State: TIMED_WAITING
        at sun.misc.Unsafe.park(Native Method)
        at java.util.concurrent.locks.LockSupport.parkNanos(LockSupport.java:215)
        at java.util.concurrent.CompletableFuture$Signaller.block(CompletableFuture.java:1709)
        at java.util.concurrent.ForkJoinPool.managedBlock(ForkJoinPool.java:3323)
        at java.util.concurrent.CompletableFuture.timedGet(CompletableFuture.java:1788)
        at java.util.concurrent.CompletableFuture.get(CompletableFuture.java:1928)
        at org.apache.ratis.util.AwaitForSignal.await(AwaitForSignal.java:56)
        at org.apache.ratis.grpc.server.GrpcLogAppender.mayWait(GrpcLogAppender.java:198)
        at org.apache.ratis.grpc.server.GrpcLogAppender.run(GrpcLogAppender.java:148)
        at org.apache.ratis.server.leader.LogAppenderDaemon.run(LogAppenderDaemon.java:78)
        at org.apache.ratis.server.leader.LogAppenderDaemon$$Lambda$1029/580247341.run(Unknown Source)
        at java.lang.Thread.run(Thread.java:750)
"grpc-default-worker-ELG-3-2" daemon prio=5 tid=572 runnable
java.lang.Thread.State: RUNNABLE
        at org.apache.ratis.thirdparty.io.netty.channel.epoll.Native.epollWait0(Native Method)
        at org.apache.ratis.thirdparty.io.netty.channel.epoll.Native.epollWait(Native.java:182)
        at org.apache.ratis.thirdparty.io.netty.channel.epoll.EpollEventLoop.epollWait(EpollEventLoop.java:290)
        at org.apache.ratis.thirdparty.io.netty.channel.epoll.EpollEventLoop.run(EpollEventLoop.java:354)
        at org.apache.ratis.thirdparty.io.netty.util.concurrent.SingleThreadEventExecutor$4.run(SingleThreadEventExecutor.java:995)
        at org.apache.ratis.thirdparty.io.netty.util.internal.ThreadExecutorMap$2.run(ThreadExecutorMap.java:74)
        at org.apache.ratis.thirdparty.io.netty.util.concurrent.FastThreadLocalRunnable.run(FastThreadLocalRunnable.java:30)
        at java.lang.Thread.run(Thread.java:750)
"pool-300-thread-1"  prio=5 tid=447 timed_waiting
java.lang.Thread.State: TIMED_WAITING
        at sun.misc.Unsafe.park(Native Method)
        at java.util.concurrent.locks.LockSupport.parkNanos(LockSupport.java:215)
        at java.util.concurrent.locks.AbstractQueuedSynchronizer$ConditionObject.awaitNanos(AbstractQueuedSynchronizer.java:2078)
        at java.util.concurrent.ScheduledThreadPoolExecutor$DelayedWorkQueue.take(ScheduledThreadPoolExecutor.java:1093)
        at java.util.concurrent.ScheduledThreadPoolExecutor$DelayedWorkQueue.take(ScheduledThreadPoolExecutor.java:809)
        at java.util.concurrent.ThreadPoolExecutor.getTask(ThreadPoolExecutor.java:1074)
        at java.util.concurrent.ThreadPoolExecutor.runWorker(ThreadPoolExecutor.java:1134)
        at java.util.concurrent.ThreadPoolExecutor$Worker.run(ThreadPoolExecutor.java:624)
        at java.lang.Thread.run(Thread.java:750)
"ChunkWriter-2-0" daemon prio=5 tid=552 in Object.wait()
java.lang.Thread.State: WAITING (on object monitor)
        at sun.misc.Unsafe.park(Native Method)
        at java.util.concurrent.locks.LockSupport.park(LockSupport.java:175)
        at java.util.concurrent.locks.AbstractQueuedSynchronizer$ConditionObject.await(AbstractQueuedSynchronizer.java:2039)
        at java.util.concurrent.LinkedBlockingDeque.takeFirst(LinkedBlockingDeque.java:492)
        at java.util.concurrent.LinkedBlockingDeque.take(LinkedBlockingDeque.java:680)
        at java.util.concurrent.ThreadPoolExecutor.getTask(ThreadPoolExecutor.java:1074)
        at java.util.concurrent.ThreadPoolExecutor.runWorker(ThreadPoolExecutor.java:1134)
        at java.util.concurrent.ThreadPoolExecutor$Worker.run(ThreadPoolExecutor.java:624)
        at java.lang.Thread.run(Thread.java:750)
"pool-230-thread-1" daemon prio=5 tid=366 timed_waiting
java.lang.Thread.State: TIMED_WAITING
        at sun.misc.Unsafe.park(Native Method)
        at java.util.concurrent.locks.LockSupport.parkNanos(LockSupport.java:215)
        at java.util.concurrent.locks.AbstractQueuedSynchronizer$ConditionObject.awaitNanos(AbstractQueuedSynchronizer.java:2078)
        at java.util.concurrent.ScheduledThreadPoolExecutor$DelayedWorkQueue.take(ScheduledThreadPoolExecutor.java:1093)
        at java.util.concurrent.ScheduledThreadPoolExecutor$DelayedWorkQueue.take(ScheduledThreadPoolExecutor.java:809)
        at java.util.concurrent.ThreadPoolExecutor.getTask(ThreadPoolExecutor.java:1074)
        at java.util.concurrent.ThreadPoolExecutor.runWorker(ThreadPoolExecutor.java:1134)
        at java.util.concurrent.ThreadPoolExecutor$Worker.run(ThreadPoolExecutor.java:624)
        at java.lang.Thread.run(Thread.java:750)
"6712d1d5-3f8e-46d5-b100-7ccc5411605f-server-thread2" daemon prio=5 tid=838 timed_waiting
java.lang.Thread.State: TIMED_WAITING
        at sun.misc.Unsafe.park(Native Method)
        at java.util.concurrent.locks.LockSupport.parkNanos(LockSupport.java:215)
        at java.util.concurrent.SynchronousQueue$TransferStack.awaitFulfill(SynchronousQueue.java:460)
        at java.util.concurrent.SynchronousQueue$TransferStack.transfer(SynchronousQueue.java:362)
        at java.util.concurrent.SynchronousQueue.poll(SynchronousQueue.java:941)
        at java.util.concurrent.ThreadPoolExecutor.getTask(ThreadPoolExecutor.java:1073)
        at java.util.concurrent.ThreadPoolExecutor.runWorker(ThreadPoolExecutor.java:1134)
        at java.util.concurrent.ThreadPoolExecutor$Worker.run(ThreadPoolExecutor.java:624)
        at java.lang.Thread.run(Thread.java:750)
"Datanode ReportManager Thread - 3" daemon prio=5 tid=423 in Object.wait()
java.lang.Thread.State: WAITING (on object monitor)
        at sun.misc.Unsafe.park(Native Method)
        at java.util.concurrent.locks.LockSupport.park(LockSupport.java:175)
        at java.util.concurrent.locks.AbstractQueuedSynchronizer$ConditionObject.await(AbstractQueuedSynchronizer.java:2039)
        at java.util.concurrent.ScheduledThreadPoolExecutor$DelayedWorkQueue.take(ScheduledThreadPoolExecutor.java:1088)
        at java.util.concurrent.ScheduledThreadPoolExecutor$DelayedWorkQueue.take(ScheduledThreadPoolExecutor.java:809)
        at java.util.concurrent.ThreadPoolExecutor.getTask(ThreadPoolExecutor.java:1074)
        at java.util.concurrent.ThreadPoolExecutor.runWorker(ThreadPoolExecutor.java:1134)
        at java.util.concurrent.ThreadPoolExecutor$Worker.run(ThreadPoolExecutor.java:624)
        at java.lang.Thread.run(Thread.java:750)
"ChunkReader-0" daemon prio=5 tid=759 in Object.wait()
java.lang.Thread.State: WAITING (on object monitor)
        at sun.misc.Unsafe.park(Native Method)
        at java.util.concurrent.locks.LockSupport.park(LockSupport.java:175)
        at java.util.concurrent.locks.AbstractQueuedSynchronizer$ConditionObject.await(AbstractQueuedSynchronizer.java:2039)
        at java.util.concurrent.LinkedBlockingQueue.take(LinkedBlockingQueue.java:442)
        at java.util.concurrent.ThreadPoolExecutor.getTask(ThreadPoolExecutor.java:1074)
        at java.util.concurrent.ThreadPoolExecutor.runWorker(ThreadPoolExecutor.java:1134)
        at java.util.concurrent.ThreadPoolExecutor$Worker.run(ThreadPoolExecutor.java:624)
        at java.lang.Thread.run(Thread.java:750)
"EndpointStateMachine task thread for /0.0.0.0:46513 - 0 "  prio=5 tid=390 in Object.wait()
java.lang.Thread.State: WAITING (on object monitor)
        at sun.misc.Unsafe.park(Native Method)
        at java.util.concurrent.locks.LockSupport.park(LockSupport.java:175)
        at java.util.concurrent.locks.AbstractQueuedSynchronizer$ConditionObject.await(AbstractQueuedSynchronizer.java:2039)
        at java.util.concurrent.LinkedBlockingQueue.take(LinkedBlockingQueue.java:442)
        at java.util.concurrent.ThreadPoolExecutor.getTask(ThreadPoolExecutor.java:1074)
        at java.util.concurrent.ThreadPoolExecutor.runWorker(ThreadPoolExecutor.java:1134)
        at java.util.concurrent.ThreadPoolExecutor$Worker.run(ThreadPoolExecutor.java:624)
        at java.lang.Thread.run(Thread.java:750)
"qtp1639869187-136-acceptor-0@6922a027-ServerConnector@40ea0f55{HTTP/1.1, (http/1.1)}{0.0.0.0:45207}" daemon prio=3 tid=136 runnable
java.lang.Thread.State: RUNNABLE
        at sun.nio.ch.ServerSocketChannelImpl.accept0(Native Method)
        at sun.nio.ch.ServerSocketChannelImpl.accept(ServerSocketChannelImpl.java:421)
        at sun.nio.ch.ServerSocketChannelImpl.accept(ServerSocketChannelImpl.java:249)
        at org.eclipse.jetty.server.ServerConnector.accept(ServerConnector.java:388)
        at org.eclipse.jetty.server.AbstractConnector$Acceptor.run(AbstractConnector.java:702)
        at org.eclipse.jetty.util.thread.QueuedThreadPool.runJob(QueuedThreadPool.java:883)
        at org.eclipse.jetty.util.thread.QueuedThreadPool$Runner.run(QueuedThreadPool.java:1034)
        at java.lang.Thread.run(Thread.java:750)
"IPC Server handler 5 on default port 46513" daemon prio=5 tid=82 timed_waiting
java.lang.Thread.State: TIMED_WAITING
        at sun.misc.Unsafe.park(Native Method)
        at java.util.concurrent.locks.LockSupport.parkNanos(LockSupport.java:215)
        at java.util.concurrent.locks.AbstractQueuedSynchronizer$ConditionObject.awaitNanos(AbstractQueuedSynchronizer.java:2078)
        at java.util.concurrent.LinkedBlockingQueue.poll(LinkedBlockingQueue.java:467)
        at org.apache.hadoop.ipc.CallQueueManager.take(CallQueueManager.java:317)
        at org.apache.hadoop.ipc.Server$Handler.run(Server.java:2942)
"StaleRecoveringContainerScrubbingService#0" daemon prio=5 tid=543 in Object.wait()
java.lang.Thread.State: WAITING (on object monitor)
        at sun.misc.Unsafe.park(Native Method)
        at java.util.concurrent.locks.LockSupport.park(LockSupport.java:175)
        at java.util.concurrent.locks.AbstractQueuedSynchronizer$ConditionObject.await(AbstractQueuedSynchronizer.java:2039)
        at java.util.concurrent.ScheduledThreadPoolExecutor$DelayedWorkQueue.take(ScheduledThreadPoolExecutor.java:1088)
        at java.util.concurrent.ScheduledThreadPoolExecutor$DelayedWorkQueue.take(ScheduledThreadPoolExecutor.java:809)
        at java.util.concurrent.ThreadPoolExecutor.getTask(ThreadPoolExecutor.java:1074)
        at java.util.concurrent.ThreadPoolExecutor.runWorker(ThreadPoolExecutor.java:1134)
        at java.util.concurrent.ThreadPoolExecutor$Worker.run(ThreadPoolExecutor.java:624)
        at java.lang.Thread.run(Thread.java:750)
"qtp751988805-410" daemon prio=5 tid=410 runnable
java.lang.Thread.State: RUNNABLE
        at sun.nio.ch.EPollArrayWrapper.epollWait(Native Method)
        at sun.nio.ch.EPollArrayWrapper.poll(EPollArrayWrapper.java:269)
        at sun.nio.ch.EPollSelectorImpl.doSelect(EPollSelectorImpl.java:93)
        at sun.nio.ch.SelectorImpl.lockAndDoSelect(SelectorImpl.java:86)
        at sun.nio.ch.SelectorImpl.select(SelectorImpl.java:97)
        at sun.nio.ch.SelectorImpl.select(SelectorImpl.java:101)
        at org.eclipse.jetty.io.ManagedSelector.nioSelect(ManagedSelector.java:183)
        at org.eclipse.jetty.io.ManagedSelector.select(ManagedSelector.java:190)
        at org.eclipse.jetty.io.ManagedSelector$SelectorProducer.select(ManagedSelector.java:606)
        at org.eclipse.jetty.io.ManagedSelector$SelectorProducer.produce(ManagedSelector.java:543)
        at org.eclipse.jetty.util.thread.strategy.EatWhatYouKill.produceTask(EatWhatYouKill.java:362)
        at org.eclipse.jetty.util.thread.strategy.EatWhatYouKill.doProduce(EatWhatYouKill.java:186)
        at org.eclipse.jetty.util.thread.strategy.EatWhatYouKill.tryProduce(EatWhatYouKill.java:173)
        at org.eclipse.jetty.util.thread.strategy.EatWhatYouKill.produce(EatWhatYouKill.java:137)
        at org.eclipse.jetty.io.ManagedSelector$$Lambda$443/1369352990.run(Unknown Source)
        at org.eclipse.jetty.util.thread.QueuedThreadPool.runJob(QueuedThreadPool.java:883)
        at org.eclipse.jetty.util.thread.QueuedThreadPool$Runner.run(QueuedThreadPool.java:1034)
        at java.lang.Thread.run(Thread.java:750)
"Datanode State Machine Daemon Thread" daemon prio=5 tid=263 timed_waiting
java.lang.Thread.State: TIMED_WAITING
        at java.lang.Thread.sleep(Native Method)
        at org.apache.hadoop.ozone.container.common.statemachine.DatanodeStateMachine.startStateMachineThread(DatanodeStateMachine.java:313)
        at org.apache.hadoop.ozone.container.common.statemachine.DatanodeStateMachine.lambda$startDaemon$0(DatanodeStateMachine.java:493)
        at org.apache.hadoop.ozone.container.common.statemachine.DatanodeStateMachine$$Lambda$745/5753511.run(Unknown Source)
        at java.lang.Thread.run(Thread.java:750)
"2f412ea8-0081-4ad7-b64d-031dd4a9d4b2@group-1F2C47812506-LeaderStateImpl" daemon prio=5 tid=710 timed_waiting
java.lang.Thread.State: TIMED_WAITING
        at sun.misc.Unsafe.park(Native Method)
        at java.util.concurrent.locks.LockSupport.parkNanos(LockSupport.java:215)
        at java.util.concurrent.locks.AbstractQueuedSynchronizer$ConditionObject.awaitNanos(AbstractQueuedSynchronizer.java:2078)
        at java.util.concurrent.ArrayBlockingQueue.poll(ArrayBlockingQueue.java:418)
        at org.apache.ratis.server.impl.LeaderStateImpl$EventQueue.poll(LeaderStateImpl.java:159)
        at org.apache.ratis.server.impl.LeaderStateImpl$EventProcessor.run(LeaderStateImpl.java:630)
"IPC Server handler 3 on default port 37109" daemon prio=5 tid=60 timed_waiting
java.lang.Thread.State: TIMED_WAITING
        at sun.misc.Unsafe.park(Native Method)
        at java.util.concurrent.locks.LockSupport.parkNanos(LockSupport.java:215)
        at java.util.concurrent.locks.AbstractQueuedSynchronizer$ConditionObject.awaitNanos(AbstractQueuedSynchronizer.java:2078)
        at java.util.concurrent.LinkedBlockingQueue.poll(LinkedBlockingQueue.java:467)
        at org.apache.hadoop.ipc.CallQueueManager.take(CallQueueManager.java:317)
        at org.apache.hadoop.ipc.Server$Handler.run(Server.java:2942)
"qtp260561245-336" daemon prio=5 tid=336 timed_waiting
java.lang.Thread.State: TIMED_WAITING
        at sun.misc.Unsafe.park(Native Method)
        at java.util.concurrent.locks.LockSupport.parkNanos(LockSupport.java:215)
        at java.util.concurrent.locks.AbstractQueuedSynchronizer$ConditionObject.awaitNanos(AbstractQueuedSynchronizer.java:2078)
        at org.eclipse.jetty.util.BlockingArrayQueue.poll(BlockingArrayQueue.java:382)
        at org.eclipse.jetty.util.thread.QueuedThreadPool$Runner.idleJobPoll(QueuedThreadPool.java:974)
        at org.eclipse.jetty.util.thread.QueuedThreadPool$Runner.run(QueuedThreadPool.java:1018)
        at java.lang.Thread.run(Thread.java:750)
"JvmPauseMonitor10" daemon prio=5 tid=554 timed_waiting
java.lang.Thread.State: TIMED_WAITING
        at java.lang.Thread.sleep(Native Method)
        at java.lang.Thread.sleep(Thread.java:342)
        at java.util.concurrent.TimeUnit.sleep(TimeUnit.java:386)
        at org.apache.ratis.util.TimeDuration.sleep(TimeDuration.java:325)
        at org.apache.ratis.util.TimeDuration.sleep(TimeDuration.java:310)
        at org.apache.ratis.util.JvmPauseMonitor.detectPause(JvmPauseMonitor.java:119)
        at org.apache.ratis.util.JvmPauseMonitor.run(JvmPauseMonitor.java:108)
        at org.apache.ratis.util.JvmPauseMonitor$$Lambda$702/1803904229.run(Unknown Source)
        at java.lang.Thread.run(Thread.java:750)
"ChunkReader-2" daemon prio=5 tid=787 in Object.wait()
java.lang.Thread.State: WAITING (on object monitor)
        at sun.misc.Unsafe.park(Native Method)
        at java.util.concurrent.locks.LockSupport.park(LockSupport.java:175)
        at java.util.concurrent.locks.AbstractQueuedSynchronizer$ConditionObject.await(AbstractQueuedSynchronizer.java:2039)
        at java.util.concurrent.LinkedBlockingQueue.take(LinkedBlockingQueue.java:442)
        at java.util.concurrent.ThreadPoolExecutor.getTask(ThreadPoolExecutor.java:1074)
        at java.util.concurrent.ThreadPoolExecutor.runWorker(ThreadPoolExecutor.java:1134)
        at java.util.concurrent.ThreadPoolExecutor$Worker.run(ThreadPoolExecutor.java:624)
        at java.lang.Thread.run(Thread.java:750)
"StaleRecoveringContainerScrubbingService#0" daemon prio=5 tid=488 in Object.wait()
java.lang.Thread.State: WAITING (on object monitor)
        at sun.misc.Unsafe.park(Native Method)
        at java.util.concurrent.locks.LockSupport.park(LockSupport.java:175)
        at java.util.concurrent.locks.AbstractQueuedSynchronizer$ConditionObject.await(AbstractQueuedSynchronizer.java:2039)
        at java.util.concurrent.ScheduledThreadPoolExecutor$DelayedWorkQueue.take(ScheduledThreadPoolExecutor.java:1088)
        at java.util.concurrent.ScheduledThreadPoolExecutor$DelayedWorkQueue.take(ScheduledThreadPoolExecutor.java:809)
        at java.util.concurrent.ThreadPoolExecutor.getTask(ThreadPoolExecutor.java:1074)
        at java.util.concurrent.ThreadPoolExecutor.runWorker(ThreadPoolExecutor.java:1134)
        at java.util.concurrent.ThreadPoolExecutor$Worker.run(ThreadPoolExecutor.java:624)
        at java.lang.Thread.run(Thread.java:750)
"IPC Server handler 13 on default port 46513" daemon prio=5 tid=90 timed_waiting
java.lang.Thread.State: TIMED_WAITING
        at sun.misc.Unsafe.park(Native Method)
        at java.util.concurrent.locks.LockSupport.parkNanos(LockSupport.java:215)
        at java.util.concurrent.locks.AbstractQueuedSynchronizer$ConditionObject.awaitNanos(AbstractQueuedSynchronizer.java:2078)
        at java.util.concurrent.LinkedBlockingQueue.poll(LinkedBlockingQueue.java:467)
        at org.apache.hadoop.ipc.CallQueueManager.take(CallQueueManager.java:317)
        at org.apache.hadoop.ipc.Server$Handler.run(Server.java:2942)
"EventQueue-PipelineReportForPipelineReportHandler" daemon prio=5 tid=507 in Object.wait()
java.lang.Thread.State: WAITING (on object monitor)
        at sun.misc.Unsafe.park(Native Method)
        at java.util.concurrent.locks.LockSupport.park(LockSupport.java:175)
        at java.util.concurrent.locks.AbstractQueuedSynchronizer$ConditionObject.await(AbstractQueuedSynchronizer.java:2039)
        at java.util.concurrent.LinkedBlockingQueue.take(LinkedBlockingQueue.java:442)
        at java.util.concurrent.ThreadPoolExecutor.getTask(ThreadPoolExecutor.java:1074)
        at java.util.concurrent.ThreadPoolExecutor.runWorker(ThreadPoolExecutor.java:1134)
        at java.util.concurrent.ThreadPoolExecutor$Worker.run(ThreadPoolExecutor.java:624)
        at java.lang.Thread.run(Thread.java:750)
"qtp1144474914-257" daemon prio=5 tid=257 timed_waiting
java.lang.Thread.State: TIMED_WAITING
        at sun.misc.Unsafe.park(Native Method)
        at java.util.concurrent.locks.LockSupport.parkNanos(LockSupport.java:215)
        at java.util.concurrent.locks.AbstractQueuedSynchronizer$ConditionObject.awaitNanos(AbstractQueuedSynchronizer.java:2078)
        at org.eclipse.jetty.util.BlockingArrayQueue.poll(BlockingArrayQueue.java:382)
        at org.eclipse.jetty.util.thread.QueuedThreadPool$Runner.idleJobPoll(QueuedThreadPool.java:974)
        at org.eclipse.jetty.util.thread.QueuedThreadPool$Runner.run(QueuedThreadPool.java:1018)
        at java.lang.Thread.run(Thread.java:750)
"EndpointStateMachine task thread for /0.0.0.0:46513 - 0 "  prio=5 tid=535 in Object.wait()
java.lang.Thread.State: WAITING (on object monitor)
        at sun.misc.Unsafe.park(Native Method)
        at java.util.concurrent.locks.LockSupport.park(LockSupport.java:175)
        at java.util.concurrent.locks.AbstractQueuedSynchronizer$ConditionObject.await(AbstractQueuedSynchronizer.java:2039)
        at java.util.concurrent.LinkedBlockingQueue.take(LinkedBlockingQueue.java:442)
        at java.util.concurrent.ThreadPoolExecutor.getTask(ThreadPoolExecutor.java:1074)
        at java.util.concurrent.ThreadPoolExecutor.runWorker(ThreadPoolExecutor.java:1134)
        at java.util.concurrent.ThreadPoolExecutor$Worker.run(ThreadPoolExecutor.java:624)
        at java.lang.Thread.run(Thread.java:750)
"Datanode ReportManager Thread - 1" daemon prio=5 tid=382 in Object.wait()
java.lang.Thread.State: WAITING (on object monitor)
        at sun.misc.Unsafe.park(Native Method)
        at java.util.concurrent.locks.LockSupport.park(LockSupport.java:175)
        at java.util.concurrent.locks.AbstractQueuedSynchronizer$ConditionObject.await(AbstractQueuedSynchronizer.java:2039)
        at java.util.concurrent.ScheduledThreadPoolExecutor$DelayedWorkQueue.take(ScheduledThreadPoolExecutor.java:1088)
        at java.util.concurrent.ScheduledThreadPoolExecutor$DelayedWorkQueue.take(ScheduledThreadPoolExecutor.java:809)
        at java.util.concurrent.ThreadPoolExecutor.getTask(ThreadPoolExecutor.java:1074)
        at java.util.concurrent.ThreadPoolExecutor.runWorker(ThreadPoolExecutor.java:1134)
        at java.util.concurrent.ThreadPoolExecutor$Worker.run(ThreadPoolExecutor.java:624)
        at java.lang.Thread.run(Thread.java:750)
"IPC Server handler 5 on default port 41123" daemon prio=5 tid=149 timed_waiting
java.lang.Thread.State: TIMED_WAITING
        at sun.misc.Unsafe.park(Native Method)
        at java.util.concurrent.locks.LockSupport.parkNanos(LockSupport.java:215)
        at java.util.concurrent.locks.AbstractQueuedSynchronizer$ConditionObject.awaitNanos(AbstractQueuedSynchronizer.java:2078)
        at java.util.concurrent.LinkedBlockingQueue.poll(LinkedBlockingQueue.java:467)
        at org.apache.hadoop.ipc.CallQueueManager.take(CallQueueManager.java:317)
        at org.apache.hadoop.ipc.Server$Handler.run(Server.java:2942)
"617aebcb-94d5-4f34-9c47-e0c0542c8799-server-thread2" daemon prio=5 tid=862 timed_waiting
java.lang.Thread.State: TIMED_WAITING
        at sun.misc.Unsafe.park(Native Method)
        at java.util.concurrent.locks.LockSupport.parkNanos(LockSupport.java:215)
        at java.util.concurrent.SynchronousQueue$TransferStack.awaitFulfill(SynchronousQueue.java:460)
        at java.util.concurrent.SynchronousQueue$TransferStack.transfer(SynchronousQueue.java:362)
        at java.util.concurrent.SynchronousQueue.poll(SynchronousQueue.java:941)
        at java.util.concurrent.ThreadPoolExecutor.getTask(ThreadPoolExecutor.java:1073)
        at java.util.concurrent.ThreadPoolExecutor.runWorker(ThreadPoolExecutor.java:1134)
        at java.util.concurrent.ThreadPoolExecutor$Worker.run(ThreadPoolExecutor.java:624)
        at java.lang.Thread.run(Thread.java:750)
"EventQueue-OpenPipelineForHealthyPipelineSafeModeRule" daemon prio=5 tid=563 in Object.wait()
java.lang.Thread.State: WAITING (on object monitor)
        at sun.misc.Unsafe.park(Native Method)
        at java.util.concurrent.locks.LockSupport.park(LockSupport.java:175)
        at java.util.concurrent.locks.AbstractQueuedSynchronizer$ConditionObject.await(AbstractQueuedSynchronizer.java:2039)
        at java.util.concurrent.LinkedBlockingQueue.take(LinkedBlockingQueue.java:442)
        at java.util.concurrent.ThreadPoolExecutor.getTask(ThreadPoolExecutor.java:1074)
        at java.util.concurrent.ThreadPoolExecutor.runWorker(ThreadPoolExecutor.java:1134)
        at java.util.concurrent.ThreadPoolExecutor$Worker.run(ThreadPoolExecutor.java:624)
        at java.lang.Thread.run(Thread.java:750)
"IPC Server handler 4 on default port 41123" daemon prio=5 tid=148 timed_waiting
java.lang.Thread.State: TIMED_WAITING
        at sun.misc.Unsafe.park(Native Method)
        at java.util.concurrent.locks.LockSupport.parkNanos(LockSupport.java:215)
        at java.util.concurrent.locks.AbstractQueuedSynchronizer$ConditionObject.awaitNanos(AbstractQueuedSynchronizer.java:2078)
        at java.util.concurrent.LinkedBlockingQueue.poll(LinkedBlockingQueue.java:467)
        at org.apache.hadoop.ipc.CallQueueManager.take(CallQueueManager.java:317)
        at org.apache.hadoop.ipc.Server$Handler.run(Server.java:2942)
"IPC Server handler 2 on default port 37109" daemon prio=5 tid=59 timed_waiting
java.lang.Thread.State: TIMED_WAITING
        at sun.misc.Unsafe.park(Native Method)
        at java.util.concurrent.locks.LockSupport.parkNanos(LockSupport.java:215)
        at java.util.concurrent.locks.AbstractQueuedSynchronizer$ConditionObject.awaitNanos(AbstractQueuedSynchronizer.java:2078)
        at java.util.concurrent.LinkedBlockingQueue.poll(LinkedBlockingQueue.java:467)
        at org.apache.hadoop.ipc.CallQueueManager.take(CallQueueManager.java:317)
        at org.apache.hadoop.ipc.Server$Handler.run(Server.java:2942)
"2c0de523-4fef-49d4-a7e7-019bfd407efe@group-C5DF1AF2A9A6-LeaderStateImpl" daemon prio=5 tid=834 timed_waiting
java.lang.Thread.State: TIMED_WAITING
        at sun.misc.Unsafe.park(Native Method)
        at java.util.concurrent.locks.LockSupport.parkNanos(LockSupport.java:215)
        at java.util.concurrent.locks.AbstractQueuedSynchronizer$ConditionObject.awaitNanos(AbstractQueuedSynchronizer.java:2078)
        at java.util.concurrent.ArrayBlockingQueue.poll(ArrayBlockingQueue.java:418)
        at org.apache.ratis.server.impl.LeaderStateImpl$EventQueue.poll(LeaderStateImpl.java:159)
        at org.apache.ratis.server.impl.LeaderStateImpl$EventProcessor.run(LeaderStateImpl.java:630)
"qtp247981085-310" daemon prio=5 tid=310 timed_waiting
java.lang.Thread.State: TIMED_WAITING
        at sun.misc.Unsafe.park(Native Method)
        at java.util.concurrent.locks.LockSupport.parkNanos(LockSupport.java:215)
        at java.util.concurrent.locks.AbstractQueuedSynchronizer$ConditionObject.awaitNanos(AbstractQueuedSynchronizer.java:2078)
        at org.eclipse.jetty.util.BlockingArrayQueue.poll(BlockingArrayQueue.java:382)
        at org.eclipse.jetty.util.thread.QueuedThreadPool$Runner.idleJobPoll(QueuedThreadPool.java:974)
        at org.eclipse.jetty.util.thread.QueuedThreadPool$Runner.run(QueuedThreadPool.java:1018)
        at java.lang.Thread.run(Thread.java:750)
"ChunkWriter-0-0" daemon prio=5 tid=468 in Object.wait()
java.lang.Thread.State: WAITING (on object monitor)
        at sun.misc.Unsafe.park(Native Method)
        at java.util.concurrent.locks.LockSupport.park(LockSupport.java:175)
        at java.util.concurrent.locks.AbstractQueuedSynchronizer$ConditionObject.await(AbstractQueuedSynchronizer.java:2039)
        at java.util.concurrent.LinkedBlockingDeque.takeFirst(LinkedBlockingDeque.java:492)
        at java.util.concurrent.LinkedBlockingDeque.take(LinkedBlockingDeque.java:680)
        at java.util.concurrent.ThreadPoolExecutor.getTask(ThreadPoolExecutor.java:1074)
        at java.util.concurrent.ThreadPoolExecutor.runWorker(ThreadPoolExecutor.java:1134)
        at java.util.concurrent.ThreadPoolExecutor$Worker.run(ThreadPoolExecutor.java:624)
        at java.lang.Thread.run(Thread.java:750)
"qtp51667109-234" daemon prio=5 tid=234 timed_waiting
java.lang.Thread.State: TIMED_WAITING
        at sun.misc.Unsafe.park(Native Method)
        at java.util.concurrent.locks.LockSupport.parkNanos(LockSupport.java:215)
        at java.util.concurrent.locks.AbstractQueuedSynchronizer$ConditionObject.awaitNanos(AbstractQueuedSynchronizer.java:2078)
        at org.eclipse.jetty.util.BlockingArrayQueue.poll(BlockingArrayQueue.java:382)
        at org.eclipse.jetty.util.thread.QueuedThreadPool$Runner.idleJobPoll(QueuedThreadPool.java:974)
        at org.eclipse.jetty.util.thread.QueuedThreadPool$Runner.run(QueuedThreadPool.java:1018)
        at java.lang.Thread.run(Thread.java:750)
"org.apache.hadoop.util.JvmPauseMonitor$Monitor@16e14510" daemon prio=5 tid=218 timed_waiting
java.lang.Thread.State: TIMED_WAITING
        at java.lang.Thread.sleep(Native Method)
        at org.apache.hadoop.util.JvmPauseMonitor$Monitor.run(JvmPauseMonitor.java:192)
        at java.lang.Thread.run(Thread.java:750)
"ChunkWriter-3-0" daemon prio=5 tid=553 in Object.wait()
java.lang.Thread.State: WAITING (on object monitor)
        at sun.misc.Unsafe.park(Native Method)
        at java.util.concurrent.locks.LockSupport.park(LockSupport.java:175)
        at java.util.concurrent.locks.AbstractQueuedSynchronizer$ConditionObject.await(AbstractQueuedSynchronizer.java:2039)
        at java.util.concurrent.LinkedBlockingDeque.takeFirst(LinkedBlockingDeque.java:492)
        at java.util.concurrent.LinkedBlockingDeque.take(LinkedBlockingDeque.java:680)
        at java.util.concurrent.ThreadPoolExecutor.getTask(ThreadPoolExecutor.java:1074)
        at java.util.concurrent.ThreadPoolExecutor.runWorker(ThreadPoolExecutor.java:1134)
        at java.util.concurrent.ThreadPoolExecutor$Worker.run(ThreadPoolExecutor.java:624)
        at java.lang.Thread.run(Thread.java:750)
"Session-HouseKeeper-23877a53-1"  prio=5 tid=209 timed_waiting
java.lang.Thread.State: TIMED_WAITING
        at sun.misc.Unsafe.park(Native Method)
        at java.util.concurrent.locks.LockSupport.parkNanos(LockSupport.java:215)
        at java.util.concurrent.locks.AbstractQueuedSynchronizer$ConditionObject.awaitNanos(AbstractQueuedSynchronizer.java:2078)
        at java.util.concurrent.ScheduledThreadPoolExecutor$DelayedWorkQueue.take(ScheduledThreadPoolExecutor.java:1093)
        at java.util.concurrent.ScheduledThreadPoolExecutor$DelayedWorkQueue.take(ScheduledThreadPoolExecutor.java:809)
        at java.util.concurrent.ThreadPoolExecutor.getTask(ThreadPoolExecutor.java:1074)
        at java.util.concurrent.ThreadPoolExecutor.runWorker(ThreadPoolExecutor.java:1134)
        at java.util.concurrent.ThreadPoolExecutor$Worker.run(ThreadPoolExecutor.java:624)
        at java.lang.Thread.run(Thread.java:750)
"StaleRecoveringContainerScrubbingService#2" daemon prio=5 tid=869 in Object.wait()
java.lang.Thread.State: WAITING (on object monitor)
        at sun.misc.Unsafe.park(Native Method)
        at java.util.concurrent.locks.LockSupport.park(LockSupport.java:175)
        at java.util.concurrent.locks.AbstractQueuedSynchronizer$ConditionObject.await(AbstractQueuedSynchronizer.java:2039)
        at java.util.concurrent.ScheduledThreadPoolExecutor$DelayedWorkQueue.take(ScheduledThreadPoolExecutor.java:1088)
        at java.util.concurrent.ScheduledThreadPoolExecutor$DelayedWorkQueue.take(ScheduledThreadPoolExecutor.java:809)
        at java.util.concurrent.ThreadPoolExecutor.getTask(ThreadPoolExecutor.java:1074)
        at java.util.concurrent.ThreadPoolExecutor.runWorker(ThreadPoolExecutor.java:1134)
        at java.util.concurrent.ThreadPoolExecutor$Worker.run(ThreadPoolExecutor.java:624)
        at java.lang.Thread.run(Thread.java:750)
"StaleRecoveringContainerScrubbingService#2" daemon prio=5 tid=873 in Object.wait()
java.lang.Thread.State: WAITING (on object monitor)
        at sun.misc.Unsafe.park(Native Method)
        at java.util.concurrent.locks.LockSupport.park(LockSupport.java:175)
        at java.util.concurrent.locks.AbstractQueuedSynchronizer$ConditionObject.await(AbstractQueuedSynchronizer.java:2039)
        at java.util.concurrent.ScheduledThreadPoolExecutor$DelayedWorkQueue.take(ScheduledThreadPoolExecutor.java:1088)
        at java.util.concurrent.ScheduledThreadPoolExecutor$DelayedWorkQueue.take(ScheduledThreadPoolExecutor.java:809)
        at java.util.concurrent.ThreadPoolExecutor.getTask(ThreadPoolExecutor.java:1074)
        at java.util.concurrent.ThreadPoolExecutor.runWorker(ThreadPoolExecutor.java:1134)
        at java.util.concurrent.ThreadPoolExecutor$Worker.run(ThreadPoolExecutor.java:624)
        at java.lang.Thread.run(Thread.java:750)
"ChunkWriter-2-0" daemon prio=5 tid=470 in Object.wait()
java.lang.Thread.State: WAITING (on object monitor)
        at sun.misc.Unsafe.park(Native Method)
        at java.util.concurrent.locks.LockSupport.park(LockSupport.java:175)
        at java.util.concurrent.locks.AbstractQueuedSynchronizer$ConditionObject.await(AbstractQueuedSynchronizer.java:2039)
        at java.util.concurrent.LinkedBlockingDeque.takeFirst(LinkedBlockingDeque.java:492)
        at java.util.concurrent.LinkedBlockingDeque.take(LinkedBlockingDeque.java:680)
        at java.util.concurrent.ThreadPoolExecutor.getTask(ThreadPoolExecutor.java:1074)
        at java.util.concurrent.ThreadPoolExecutor.runWorker(ThreadPoolExecutor.java:1134)
        at java.util.concurrent.ThreadPoolExecutor$Worker.run(ThreadPoolExecutor.java:624)
        at java.lang.Thread.run(Thread.java:750)
"StaleRecoveringContainerScrubbingService#2" daemon prio=5 tid=877 in Object.wait()
java.lang.Thread.State: WAITING (on object monitor)
        at sun.misc.Unsafe.park(Native Method)
        at java.util.concurrent.locks.LockSupport.park(LockSupport.java:175)
        at java.util.concurrent.locks.AbstractQueuedSynchronizer$ConditionObject.await(AbstractQueuedSynchronizer.java:2039)
        at java.util.concurrent.ScheduledThreadPoolExecutor$DelayedWorkQueue.take(ScheduledThreadPoolExecutor.java:1088)
        at java.util.concurrent.ScheduledThreadPoolExecutor$DelayedWorkQueue.take(ScheduledThreadPoolExecutor.java:809)
        at java.util.concurrent.ThreadPoolExecutor.getTask(ThreadPoolExecutor.java:1074)
        at java.util.concurrent.ThreadPoolExecutor.runWorker(ThreadPoolExecutor.java:1134)
        at java.util.concurrent.ThreadPoolExecutor$Worker.run(ThreadPoolExecutor.java:624)
        at java.lang.Thread.run(Thread.java:750)
"ChunkWriter-0-0" daemon prio=5 tid=536 in Object.wait()
java.lang.Thread.State: WAITING (on object monitor)
        at sun.misc.Unsafe.park(Native Method)
        at java.util.concurrent.locks.LockSupport.park(LockSupport.java:175)
        at java.util.concurrent.locks.AbstractQueuedSynchronizer$ConditionObject.await(AbstractQueuedSynchronizer.java:2039)
        at java.util.concurrent.LinkedBlockingDeque.takeFirst(LinkedBlockingDeque.java:492)
        at java.util.concurrent.LinkedBlockingDeque.take(LinkedBlockingDeque.java:680)
        at java.util.concurrent.ThreadPoolExecutor.getTask(ThreadPoolExecutor.java:1074)
        at java.util.concurrent.ThreadPoolExecutor.runWorker(ThreadPoolExecutor.java:1134)
        at java.util.concurrent.ThreadPoolExecutor$Worker.run(ThreadPoolExecutor.java:624)
        at java.lang.Thread.run(Thread.java:750)
"IPC Server handler 12 on default port 41123" daemon prio=5 tid=156 timed_waiting
java.lang.Thread.State: TIMED_WAITING
        at sun.misc.Unsafe.park(Native Method)
        at java.util.concurrent.locks.LockSupport.parkNanos(LockSupport.java:215)
        at java.util.concurrent.locks.AbstractQueuedSynchronizer$ConditionObject.awaitNanos(AbstractQueuedSynchronizer.java:2078)
        at java.util.concurrent.LinkedBlockingQueue.poll(LinkedBlockingQueue.java:467)
        at org.apache.hadoop.ipc.CallQueueManager.take(CallQueueManager.java:317)
        at org.apache.hadoop.ipc.Server$Handler.run(Server.java:2942)
"Datanode State Machine Daemon Thread" daemon prio=5 tid=380 timed_waiting
java.lang.Thread.State: TIMED_WAITING
        at java.lang.Thread.sleep(Native Method)
        at org.apache.hadoop.ozone.container.common.statemachine.DatanodeStateMachine.startStateMachineThread(DatanodeStateMachine.java:313)
        at org.apache.hadoop.ozone.container.common.statemachine.DatanodeStateMachine.lambda$startDaemon$0(DatanodeStateMachine.java:493)
        at org.apache.hadoop.ozone.container.common.statemachine.DatanodeStateMachine$$Lambda$745/5753511.run(Unknown Source)
        at java.lang.Thread.run(Thread.java:750)
"IPC Server handler 16 on default port 41123" daemon prio=5 tid=160 timed_waiting
java.lang.Thread.State: TIMED_WAITING
        at sun.misc.Unsafe.park(Native Method)
        at java.util.concurrent.locks.LockSupport.parkNanos(LockSupport.java:215)
        at java.util.concurrent.locks.AbstractQueuedSynchronizer$ConditionObject.awaitNanos(AbstractQueuedSynchronizer.java:2078)
        at java.util.concurrent.LinkedBlockingQueue.poll(LinkedBlockingQueue.java:467)
        at org.apache.hadoop.ipc.CallQueueManager.take(CallQueueManager.java:317)
        at org.apache.hadoop.ipc.Server$Handler.run(Server.java:2942)
"0cbed28b-7e2e-4c55-93c4-a5222a360620@group-3562DEAE299E-SegmentedRaftLogWorker"  prio=5 tid=622 timed_waiting
java.lang.Thread.State: TIMED_WAITING
        at sun.misc.Unsafe.park(Native Method)
        at java.util.concurrent.locks.LockSupport.parkNanos(LockSupport.java:215)
        at java.util.concurrent.locks.AbstractQueuedSynchronizer$ConditionObject.awaitNanos(AbstractQueuedSynchronizer.java:2078)
        at org.apache.ratis.util.DataBlockingQueue.poll(DataBlockingQueue.java:148)
        at org.apache.ratis.server.raftlog.segmented.SegmentedRaftLogWorker.run(SegmentedRaftLogWorker.java:310)
        at org.apache.ratis.server.raftlog.segmented.SegmentedRaftLogWorker$$Lambda$661/1740308191.run(Unknown Source)
        at java.lang.Thread.run(Thread.java:750)
"Datanode ReportManager Thread - 0" daemon prio=5 tid=420 timed_waiting
java.lang.Thread.State: TIMED_WAITING
        at sun.misc.Unsafe.park(Native Method)
        at java.util.concurrent.locks.LockSupport.parkNanos(LockSupport.java:215)
        at java.util.concurrent.locks.AbstractQueuedSynchronizer$ConditionObject.awaitNanos(AbstractQueuedSynchronizer.java:2078)
        at java.util.concurrent.ScheduledThreadPoolExecutor$DelayedWorkQueue.take(ScheduledThreadPoolExecutor.java:1093)
        at java.util.concurrent.ScheduledThreadPoolExecutor$DelayedWorkQueue.take(ScheduledThreadPoolExecutor.java:809)
        at java.util.concurrent.ThreadPoolExecutor.getTask(ThreadPoolExecutor.java:1074)
        at java.util.concurrent.ThreadPoolExecutor.runWorker(ThreadPoolExecutor.java:1134)
        at java.util.concurrent.ThreadPoolExecutor$Worker.run(ThreadPoolExecutor.java:624)
        at java.lang.Thread.run(Thread.java:750)
"qtp1506186841-449-acceptor-0@2fc7fa58-ServerConnector@450e706c{HTTP/1.1, (http/1.1)}{0.0.0.0:46189}" daemon prio=3 tid=449 runnable
java.lang.Thread.State: RUNNABLE
        at sun.nio.ch.ServerSocketChannelImpl.accept0(Native Method)
        at sun.nio.ch.ServerSocketChannelImpl.accept(ServerSocketChannelImpl.java:421)
        at sun.nio.ch.ServerSocketChannelImpl.accept(ServerSocketChannelImpl.java:249)
        at org.eclipse.jetty.server.ServerConnector.accept(ServerConnector.java:388)
        at org.eclipse.jetty.server.AbstractConnector$Acceptor.run(AbstractConnector.java:702)
        at org.eclipse.jetty.util.thread.QueuedThreadPool.runJob(QueuedThreadPool.java:883)
        at org.eclipse.jetty.util.thread.QueuedThreadPool$Runner.run(QueuedThreadPool.java:1034)
        at java.lang.Thread.run(Thread.java:750)
"StaleRecoveringContainerScrubbingService#1" daemon prio=5 tid=501 timed_waiting
java.lang.Thread.State: TIMED_WAITING
        at sun.misc.Unsafe.park(Native Method)
        at java.util.concurrent.locks.LockSupport.parkNanos(LockSupport.java:215)
        at java.util.concurrent.locks.AbstractQueuedSynchronizer$ConditionObject.awaitNanos(AbstractQueuedSynchronizer.java:2078)
        at java.util.concurrent.ScheduledThreadPoolExecutor$DelayedWorkQueue.take(ScheduledThreadPoolExecutor.java:1093)
        at java.util.concurrent.ScheduledThreadPoolExecutor$DelayedWorkQueue.take(ScheduledThreadPoolExecutor.java:809)
        at java.util.concurrent.ThreadPoolExecutor.getTask(ThreadPoolExecutor.java:1074)
        at java.util.concurrent.ThreadPoolExecutor.runWorker(ThreadPoolExecutor.java:1134)
        at java.util.concurrent.ThreadPoolExecutor$Worker.run(ThreadPoolExecutor.java:624)
        at java.lang.Thread.run(Thread.java:750)
"Datanode ReportManager Thread - 2" daemon prio=5 tid=318 in Object.wait()
java.lang.Thread.State: WAITING (on object monitor)
        at sun.misc.Unsafe.park(Native Method)
        at java.util.concurrent.locks.LockSupport.park(LockSupport.java:175)
        at java.util.concurrent.locks.AbstractQueuedSynchronizer$ConditionObject.await(AbstractQueuedSynchronizer.java:2039)
        at java.util.concurrent.ScheduledThreadPoolExecutor$DelayedWorkQueue.take(ScheduledThreadPoolExecutor.java:1088)
        at java.util.concurrent.ScheduledThreadPoolExecutor$DelayedWorkQueue.take(ScheduledThreadPoolExecutor.java:809)
        at java.util.concurrent.ThreadPoolExecutor.getTask(ThreadPoolExecutor.java:1074)
        at java.util.concurrent.ThreadPoolExecutor.runWorker(ThreadPoolExecutor.java:1134)
        at java.util.concurrent.ThreadPoolExecutor$Worker.run(ThreadPoolExecutor.java:624)
        at java.lang.Thread.run(Thread.java:750)
"a2b9a5b5-e126-445d-90e8-946fc00ddc43-server-thread2" daemon prio=5 tid=860 timed_waiting
java.lang.Thread.State: TIMED_WAITING
        at sun.misc.Unsafe.park(Native Method)
        at java.util.concurrent.locks.LockSupport.parkNanos(LockSupport.java:215)
        at java.util.concurrent.SynchronousQueue$TransferStack.awaitFulfill(SynchronousQueue.java:460)
        at java.util.concurrent.SynchronousQueue$TransferStack.transfer(SynchronousQueue.java:362)
        at java.util.concurrent.SynchronousQueue.poll(SynchronousQueue.java:941)
        at java.util.concurrent.ThreadPoolExecutor.getTask(ThreadPoolExecutor.java:1073)
        at java.util.concurrent.ThreadPoolExecutor.runWorker(ThreadPoolExecutor.java:1134)
        at java.util.concurrent.ThreadPoolExecutor$Worker.run(ThreadPoolExecutor.java:624)
        at java.lang.Thread.run(Thread.java:750)
"f5cc69e3-4def-49b3-97e4-fc35696e58fc@group-013E2C49CD0A-SegmentedRaftLogWorker"  prio=5 tid=640 timed_waiting
java.lang.Thread.State: TIMED_WAITING
        at sun.misc.Unsafe.park(Native Method)
        at java.util.concurrent.locks.LockSupport.parkNanos(LockSupport.java:215)
        at java.util.concurrent.locks.AbstractQueuedSynchronizer$ConditionObject.awaitNanos(AbstractQueuedSynchronizer.java:2078)
        at org.apache.ratis.util.DataBlockingQueue.poll(DataBlockingQueue.java:148)
        at org.apache.ratis.server.raftlog.segmented.SegmentedRaftLogWorker.run(SegmentedRaftLogWorker.java:310)
        at org.apache.ratis.server.raftlog.segmented.SegmentedRaftLogWorker$$Lambda$661/1740308191.run(Unknown Source)
        at java.lang.Thread.run(Thread.java:750)
"qtp1788199670-104" daemon prio=5 tid=104 timed_waiting
java.lang.Thread.State: TIMED_WAITING
        at sun.misc.Unsafe.park(Native Method)
        at java.util.concurrent.locks.LockSupport.parkNanos(LockSupport.java:215)
        at java.util.concurrent.locks.AbstractQueuedSynchronizer$ConditionObject.awaitNanos(AbstractQueuedSynchronizer.java:2078)
        at org.eclipse.jetty.util.BlockingArrayQueue.poll(BlockingArrayQueue.java:382)
        at org.eclipse.jetty.util.thread.QueuedThreadPool$Runner.idleJobPoll(QueuedThreadPool.java:974)
        at org.eclipse.jetty.util.thread.QueuedThreadPool$Runner.run(QueuedThreadPool.java:1018)
        at java.lang.Thread.run(Thread.java:750)
"2c0de523-4fef-49d4-a7e7-019bfd407efe@group-3562DEAE299E-FollowerState" daemon prio=5 tid=738 timed_waiting
java.lang.Thread.State: TIMED_WAITING
        at java.lang.Thread.sleep(Native Method)
        at java.lang.Thread.sleep(Thread.java:342)
        at java.util.concurrent.TimeUnit.sleep(TimeUnit.java:386)
        at org.apache.ratis.util.TimeDuration.sleep(TimeDuration.java:325)
        at org.apache.ratis.util.TimeDuration.sleep(TimeDuration.java:310)
        at org.apache.ratis.server.impl.FollowerState.run(FollowerState.java:128)
"0cbed28b-7e2e-4c55-93c4-a5222a360620@group-3562DEAE299E->2c0de523-4fef-49d4-a7e7-019bfd407efe-GrpcLogAppender-LogAppenderDaemon" daemon prio=5 tid=729 timed_waiting
java.lang.Thread.State: TIMED_WAITING
        at sun.misc.Unsafe.park(Native Method)
        at java.util.concurrent.locks.LockSupport.parkNanos(LockSupport.java:215)
        at java.util.concurrent.CompletableFuture$Signaller.block(CompletableFuture.java:1709)
        at java.util.concurrent.ForkJoinPool.managedBlock(ForkJoinPool.java:3323)
        at java.util.concurrent.CompletableFuture.timedGet(CompletableFuture.java:1788)
        at java.util.concurrent.CompletableFuture.get(CompletableFuture.java:1928)
        at org.apache.ratis.util.AwaitForSignal.await(AwaitForSignal.java:56)
        at org.apache.ratis.grpc.server.GrpcLogAppender.mayWait(GrpcLogAppender.java:198)
        at org.apache.ratis.grpc.server.GrpcLogAppender.run(GrpcLogAppender.java:148)
        at org.apache.ratis.server.leader.LogAppenderDaemon.run(LogAppenderDaemon.java:78)
        at org.apache.ratis.server.leader.LogAppenderDaemon$$Lambda$1029/580247341.run(Unknown Source)
        at java.lang.Thread.run(Thread.java:750)
"ChunkWriter-0-0" daemon prio=5 tid=492 in Object.wait()
java.lang.Thread.State: WAITING (on object monitor)
        at sun.misc.Unsafe.park(Native Method)
        at java.util.concurrent.locks.LockSupport.park(LockSupport.java:175)
        at java.util.concurrent.locks.AbstractQueuedSynchronizer$ConditionObject.await(AbstractQueuedSynchronizer.java:2039)
        at java.util.concurrent.LinkedBlockingDeque.takeFirst(LinkedBlockingDeque.java:492)
        at java.util.concurrent.LinkedBlockingDeque.take(LinkedBlockingDeque.java:680)
        at java.util.concurrent.ThreadPoolExecutor.getTask(ThreadPoolExecutor.java:1074)
        at java.util.concurrent.ThreadPoolExecutor.runWorker(ThreadPoolExecutor.java:1134)
        at java.util.concurrent.ThreadPoolExecutor$Worker.run(ThreadPoolExecutor.java:624)
        at java.lang.Thread.run(Thread.java:750)
"BlockDeletingService#2" daemon prio=5 tid=880 in Object.wait()
java.lang.Thread.State: WAITING (on object monitor)
        at sun.misc.Unsafe.park(Native Method)
        at java.util.concurrent.locks.LockSupport.park(LockSupport.java:175)
        at java.util.concurrent.locks.AbstractQueuedSynchronizer$ConditionObject.await(AbstractQueuedSynchronizer.java:2039)
        at java.util.concurrent.ScheduledThreadPoolExecutor$DelayedWorkQueue.take(ScheduledThreadPoolExecutor.java:1088)
        at java.util.concurrent.ScheduledThreadPoolExecutor$DelayedWorkQueue.take(ScheduledThreadPoolExecutor.java:809)
        at java.util.concurrent.ThreadPoolExecutor.getTask(ThreadPoolExecutor.java:1074)
        at java.util.concurrent.ThreadPoolExecutor.runWorker(ThreadPoolExecutor.java:1134)
        at java.util.concurrent.ThreadPoolExecutor$Worker.run(ThreadPoolExecutor.java:624)
        at java.lang.Thread.run(Thread.java:750)
"qtp260561245-338" daemon prio=5 tid=338 timed_waiting
java.lang.Thread.State: TIMED_WAITING
        at sun.misc.Unsafe.park(Native Method)
        at java.util.concurrent.locks.LockSupport.parkNanos(LockSupport.java:215)
        at java.util.concurrent.locks.AbstractQueuedSynchronizer$ConditionObject.awaitNanos(AbstractQueuedSynchronizer.java:2078)
        at org.eclipse.jetty.util.BlockingArrayQueue.poll(BlockingArrayQueue.java:382)
        at org.eclipse.jetty.util.thread.QueuedThreadPool$Runner.idleJobPoll(QueuedThreadPool.java:974)
        at org.eclipse.jetty.util.thread.QueuedThreadPool$Runner.run(QueuedThreadPool.java:1018)
        at java.lang.Thread.run(Thread.java:750)
"org.apache.hadoop.util.JvmPauseMonitor$Monitor@365c335" daemon prio=5 tid=296 timed_waiting
java.lang.Thread.State: TIMED_WAITING
        at java.lang.Thread.sleep(Native Method)
        at org.apache.hadoop.util.JvmPauseMonitor$Monitor.run(JvmPauseMonitor.java:192)
        at java.lang.Thread.run(Thread.java:750)
"IPC Server Responder" daemon prio=5 tid=30 runnable
java.lang.Thread.State: RUNNABLE
        at sun.nio.ch.EPollArrayWrapper.epollWait(Native Method)
        at sun.nio.ch.EPollArrayWrapper.poll(EPollArrayWrapper.java:269)
        at sun.nio.ch.EPollSelectorImpl.doSelect(EPollSelectorImpl.java:93)
        at sun.nio.ch.SelectorImpl.lockAndDoSelect(SelectorImpl.java:86)
        at sun.nio.ch.SelectorImpl.select(SelectorImpl.java:97)
        at org.apache.hadoop.ipc.Server$Responder.doRunLoop(Server.java:1532)
        at org.apache.hadoop.ipc.Server$Responder.run(Server.java:1515)
"qtp51667109-232" daemon prio=5 tid=232 timed_waiting
java.lang.Thread.State: TIMED_WAITING
        at sun.misc.Unsafe.park(Native Method)
        at java.util.concurrent.locks.LockSupport.parkNanos(LockSupport.java:215)
        at java.util.concurrent.locks.AbstractQueuedSynchronizer$ConditionObject.awaitNanos(AbstractQueuedSynchronizer.java:2078)
        at org.eclipse.jetty.util.BlockingArrayQueue.poll(BlockingArrayQueue.java:382)
        at org.eclipse.jetty.util.thread.QueuedThreadPool$Runner.idleJobPoll(QueuedThreadPool.java:974)
        at org.eclipse.jetty.util.thread.QueuedThreadPool$Runner.run(QueuedThreadPool.java:1018)
        at java.lang.Thread.run(Thread.java:750)
"IPC Server handler 7 on default port 46513" daemon prio=5 tid=84 timed_waiting
java.lang.Thread.State: TIMED_WAITING
        at sun.misc.Unsafe.park(Native Method)
        at java.util.concurrent.locks.LockSupport.parkNanos(LockSupport.java:215)
        at java.util.concurrent.locks.AbstractQueuedSynchronizer$ConditionObject.awaitNanos(AbstractQueuedSynchronizer.java:2078)
        at java.util.concurrent.LinkedBlockingQueue.poll(LinkedBlockingQueue.java:467)
        at org.apache.hadoop.ipc.CallQueueManager.take(CallQueueManager.java:317)
        at org.apache.hadoop.ipc.Server$Handler.run(Server.java:2942)
"2c0de523-4fef-49d4-a7e7-019bfd407efe@group-92C9A0750E64-StateMachineUpdater" daemon prio=5 tid=635 timed_waiting
java.lang.Thread.State: TIMED_WAITING
        at sun.misc.Unsafe.park(Native Method)
        at java.util.concurrent.locks.LockSupport.parkNanos(LockSupport.java:215)
        at java.util.concurrent.CompletableFuture$Signaller.block(CompletableFuture.java:1709)
        at java.util.concurrent.ForkJoinPool.managedBlock(ForkJoinPool.java:3323)
        at java.util.concurrent.CompletableFuture.timedGet(CompletableFuture.java:1788)
        at java.util.concurrent.CompletableFuture.get(CompletableFuture.java:1928)
        at org.apache.ratis.util.AwaitForSignal.await(AwaitForSignal.java:56)
        at org.apache.ratis.server.impl.StateMachineUpdater.waitForCommit(StateMachineUpdater.java:207)
        at org.apache.ratis.server.impl.StateMachineUpdater.run(StateMachineUpdater.java:176)
        at java.lang.Thread.run(Thread.java:750)
"BlockDeletingService#0" daemon prio=5 tid=556 in Object.wait()
java.lang.Thread.State: WAITING (on object monitor)
        at sun.misc.Unsafe.park(Native Method)
        at java.util.concurrent.locks.LockSupport.park(LockSupport.java:175)
        at java.util.concurrent.locks.AbstractQueuedSynchronizer$ConditionObject.await(AbstractQueuedSynchronizer.java:2039)
        at java.util.concurrent.ScheduledThreadPoolExecutor$DelayedWorkQueue.take(ScheduledThreadPoolExecutor.java:1088)
        at java.util.concurrent.ScheduledThreadPoolExecutor$DelayedWorkQueue.take(ScheduledThreadPoolExecutor.java:809)
        at java.util.concurrent.ThreadPoolExecutor.getTask(ThreadPoolExecutor.java:1074)
        at java.util.concurrent.ThreadPoolExecutor.runWorker(ThreadPoolExecutor.java:1134)
        at java.util.concurrent.ThreadPoolExecutor$Worker.run(ThreadPoolExecutor.java:624)
        at java.lang.Thread.run(Thread.java:750)
"2c0de523-4fef-49d4-a7e7-019bfd407efe-server-thread3" daemon prio=5 tid=741 timed_waiting
java.lang.Thread.State: TIMED_WAITING
        at sun.misc.Unsafe.park(Native Method)
        at java.util.concurrent.locks.LockSupport.parkNanos(LockSupport.java:215)
        at java.util.concurrent.SynchronousQueue$TransferStack.awaitFulfill(SynchronousQueue.java:460)
        at java.util.concurrent.SynchronousQueue$TransferStack.transfer(SynchronousQueue.java:362)
        at java.util.concurrent.SynchronousQueue.poll(SynchronousQueue.java:941)
        at java.util.concurrent.ThreadPoolExecutor.getTask(ThreadPoolExecutor.java:1073)
        at java.util.concurrent.ThreadPoolExecutor.runWorker(ThreadPoolExecutor.java:1134)
        at java.util.concurrent.ThreadPoolExecutor$Worker.run(ThreadPoolExecutor.java:624)
        at java.lang.Thread.run(Thread.java:750)
"BlockDeletingService#0" daemon prio=5 tid=402 in Object.wait()
java.lang.Thread.State: WAITING (on object monitor)
        at sun.misc.Unsafe.park(Native Method)
        at java.util.concurrent.locks.LockSupport.park(LockSupport.java:175)
        at java.util.concurrent.locks.AbstractQueuedSynchronizer$ConditionObject.await(AbstractQueuedSynchronizer.java:2039)
        at java.util.concurrent.ScheduledThreadPoolExecutor$DelayedWorkQueue.take(ScheduledThreadPoolExecutor.java:1088)
        at java.util.concurrent.ScheduledThreadPoolExecutor$DelayedWorkQueue.take(ScheduledThreadPoolExecutor.java:809)
        at java.util.concurrent.ThreadPoolExecutor.getTask(ThreadPoolExecutor.java:1074)
        at java.util.concurrent.ThreadPoolExecutor.runWorker(ThreadPoolExecutor.java:1134)
        at java.util.concurrent.ThreadPoolExecutor$Worker.run(ThreadPoolExecutor.java:624)
        at java.lang.Thread.run(Thread.java:750)
"2c0de523-4fef-49d4-a7e7-019bfd407efe@group-C5DF1AF2A9A6->6712d1d5-3f8e-46d5-b100-7ccc5411605f-GrpcLogAppender-LogAppenderDaemon" daemon prio=5 tid=835 timed_waiting
java.lang.Thread.State: TIMED_WAITING
        at sun.misc.Unsafe.park(Native Method)
        at java.util.concurrent.locks.LockSupport.parkNanos(LockSupport.java:215)
        at java.util.concurrent.CompletableFuture$Signaller.block(CompletableFuture.java:1709)
        at java.util.concurrent.ForkJoinPool.managedBlock(ForkJoinPool.java:3323)
        at java.util.concurrent.CompletableFuture.timedGet(CompletableFuture.java:1788)
        at java.util.concurrent.CompletableFuture.get(CompletableFuture.java:1928)
        at org.apache.ratis.util.AwaitForSignal.await(AwaitForSignal.java:56)
        at org.apache.ratis.grpc.server.GrpcLogAppender.mayWait(GrpcLogAppender.java:198)
        at org.apache.ratis.grpc.server.GrpcLogAppender.run(GrpcLogAppender.java:148)
        at org.apache.ratis.server.leader.LogAppenderDaemon.run(LogAppenderDaemon.java:78)
        at org.apache.ratis.server.leader.LogAppenderDaemon$$Lambda$1029/580247341.run(Unknown Source)
        at java.lang.Thread.run(Thread.java:750)
"EventQueue-NewNodeForNewNodeHandler" daemon prio=5 tid=502 in Object.wait()
java.lang.Thread.State: WAITING (on object monitor)
        at sun.misc.Unsafe.park(Native Method)
        at java.util.concurrent.locks.LockSupport.park(LockSupport.java:175)
        at java.util.concurrent.locks.AbstractQueuedSynchronizer$ConditionObject.await(AbstractQueuedSynchronizer.java:2039)
        at java.util.concurrent.LinkedBlockingQueue.take(LinkedBlockingQueue.java:442)
        at java.util.concurrent.ThreadPoolExecutor.getTask(ThreadPoolExecutor.java:1074)
        at java.util.concurrent.ThreadPoolExecutor.runWorker(ThreadPoolExecutor.java:1134)
        at java.util.concurrent.ThreadPoolExecutor$Worker.run(ThreadPoolExecutor.java:624)
        at java.lang.Thread.run(Thread.java:750)
"ChunkWriter-3-0" daemon prio=5 tid=483 in Object.wait()
java.lang.Thread.State: WAITING (on object monitor)
        at sun.misc.Unsafe.park(Native Method)
        at java.util.concurrent.locks.LockSupport.park(LockSupport.java:175)
        at java.util.concurrent.locks.AbstractQueuedSynchronizer$ConditionObject.await(AbstractQueuedSynchronizer.java:2039)
        at java.util.concurrent.LinkedBlockingDeque.takeFirst(LinkedBlockingDeque.java:492)
        at java.util.concurrent.LinkedBlockingDeque.take(LinkedBlockingDeque.java:680)
        at java.util.concurrent.ThreadPoolExecutor.getTask(ThreadPoolExecutor.java:1074)
        at java.util.concurrent.ThreadPoolExecutor.runWorker(ThreadPoolExecutor.java:1134)
        at java.util.concurrent.ThreadPoolExecutor$Worker.run(ThreadPoolExecutor.java:624)
        at java.lang.Thread.run(Thread.java:750)
"pool-127-thread-1"  prio=5 tid=227 timed_waiting
java.lang.Thread.State: TIMED_WAITING
        at sun.misc.Unsafe.park(Native Method)
        at java.util.concurrent.locks.LockSupport.parkNanos(LockSupport.java:215)
        at java.util.concurrent.locks.AbstractQueuedSynchronizer$ConditionObject.awaitNanos(AbstractQueuedSynchronizer.java:2078)
        at java.util.concurrent.ScheduledThreadPoolExecutor$DelayedWorkQueue.take(ScheduledThreadPoolExecutor.java:1093)
        at java.util.concurrent.ScheduledThreadPoolExecutor$DelayedWorkQueue.take(ScheduledThreadPoolExecutor.java:809)
        at java.util.concurrent.ThreadPoolExecutor.getTask(ThreadPoolExecutor.java:1074)
        at java.util.concurrent.ThreadPoolExecutor.runWorker(ThreadPoolExecutor.java:1134)
        at java.util.concurrent.ThreadPoolExecutor$Worker.run(ThreadPoolExecutor.java:624)
        at java.lang.Thread.run(Thread.java:750)
"StaleRecoveringContainerScrubbingService#2" daemon prio=5 tid=881 in Object.wait()
java.lang.Thread.State: WAITING (on object monitor)
        at sun.misc.Unsafe.park(Native Method)
        at java.util.concurrent.locks.LockSupport.park(LockSupport.java:175)
        at java.util.concurrent.locks.AbstractQueuedSynchronizer$ConditionObject.await(AbstractQueuedSynchronizer.java:2039)
        at java.util.concurrent.ScheduledThreadPoolExecutor$DelayedWorkQueue.take(ScheduledThreadPoolExecutor.java:1088)
        at java.util.concurrent.ScheduledThreadPoolExecutor$DelayedWorkQueue.take(ScheduledThreadPoolExecutor.java:809)
        at java.util.concurrent.ThreadPoolExecutor.getTask(ThreadPoolExecutor.java:1074)
        at java.util.concurrent.ThreadPoolExecutor.runWorker(ThreadPoolExecutor.java:1134)
        at java.util.concurrent.ThreadPoolExecutor$Worker.run(ThreadPoolExecutor.java:624)
        at java.lang.Thread.run(Thread.java:750)
"a2b9a5b5-e126-445d-90e8-946fc00ddc43@group-9AE1E5A711C7-SegmentedRaftLogWorker"  prio=5 tid=652 timed_waiting
java.lang.Thread.State: TIMED_WAITING
        at sun.misc.Unsafe.park(Native Method)
        at java.util.concurrent.locks.LockSupport.parkNanos(LockSupport.java:215)
        at java.util.concurrent.locks.AbstractQueuedSynchronizer$ConditionObject.awaitNanos(AbstractQueuedSynchronizer.java:2078)
        at org.apache.ratis.util.DataBlockingQueue.poll(DataBlockingQueue.java:148)
        at org.apache.ratis.server.raftlog.segmented.SegmentedRaftLogWorker.run(SegmentedRaftLogWorker.java:310)
        at org.apache.ratis.server.raftlog.segmented.SegmentedRaftLogWorker$$Lambda$661/1740308191.run(Unknown Source)
        at java.lang.Thread.run(Thread.java:750)
"EventQueue-NodeReportForNodeReportHandler" daemon prio=5 tid=863 in Object.wait()
java.lang.Thread.State: WAITING (on object monitor)
        at sun.misc.Unsafe.park(Native Method)
        at java.util.concurrent.locks.LockSupport.park(LockSupport.java:175)
        at java.util.concurrent.locks.AbstractQueuedSynchronizer$ConditionObject.await(AbstractQueuedSynchronizer.java:2039)
        at java.util.concurrent.LinkedBlockingQueue.take(LinkedBlockingQueue.java:442)
        at java.util.concurrent.ThreadPoolExecutor.getTask(ThreadPoolExecutor.java:1074)
        at java.util.concurrent.ThreadPoolExecutor.runWorker(ThreadPoolExecutor.java:1134)
        at java.util.concurrent.ThreadPoolExecutor$Worker.run(ThreadPoolExecutor.java:624)
        at java.lang.Thread.run(Thread.java:750)
"617aebcb-94d5-4f34-9c47-e0c0542c8799@group-C3D786A4CB55-LeaderStateImpl" daemon prio=5 tid=815 timed_waiting
java.lang.Thread.State: TIMED_WAITING
        at sun.misc.Unsafe.park(Native Method)
        at java.util.concurrent.locks.LockSupport.parkNanos(LockSupport.java:215)
        at java.util.concurrent.locks.AbstractQueuedSynchronizer$ConditionObject.awaitNanos(AbstractQueuedSynchronizer.java:2078)
        at java.util.concurrent.ArrayBlockingQueue.poll(ArrayBlockingQueue.java:418)
        at org.apache.ratis.server.impl.LeaderStateImpl$EventQueue.poll(LeaderStateImpl.java:159)
        at org.apache.ratis.server.impl.LeaderStateImpl$EventProcessor.run(LeaderStateImpl.java:630)
"Datanode ReportManager Thread - 2" daemon prio=5 tid=383 timed_waiting
java.lang.Thread.State: TIMED_WAITING
        at sun.misc.Unsafe.park(Native Method)
        at java.util.concurrent.locks.LockSupport.parkNanos(LockSupport.java:215)
        at java.util.concurrent.locks.AbstractQueuedSynchronizer$ConditionObject.awaitNanos(AbstractQueuedSynchronizer.java:2078)
        at java.util.concurrent.ScheduledThreadPoolExecutor$DelayedWorkQueue.take(ScheduledThreadPoolExecutor.java:1093)
        at java.util.concurrent.ScheduledThreadPoolExecutor$DelayedWorkQueue.take(ScheduledThreadPoolExecutor.java:809)
        at java.util.concurrent.ThreadPoolExecutor.getTask(ThreadPoolExecutor.java:1074)
        at java.util.concurrent.ThreadPoolExecutor.runWorker(ThreadPoolExecutor.java:1134)
        at java.util.concurrent.ThreadPoolExecutor$Worker.run(ThreadPoolExecutor.java:624)
        at java.lang.Thread.run(Thread.java:750)
"pool-157-thread-1" daemon prio=5 tid=275 timed_waiting
java.lang.Thread.State: TIMED_WAITING
        at sun.misc.Unsafe.park(Native Method)
        at java.util.concurrent.locks.LockSupport.parkNanos(LockSupport.java:215)
        at java.util.concurrent.locks.AbstractQueuedSynchronizer$ConditionObject.awaitNanos(AbstractQueuedSynchronizer.java:2078)
        at java.util.concurrent.ScheduledThreadPoolExecutor$DelayedWorkQueue.take(ScheduledThreadPoolExecutor.java:1093)
        at java.util.concurrent.ScheduledThreadPoolExecutor$DelayedWorkQueue.take(ScheduledThreadPoolExecutor.java:809)
        at java.util.concurrent.ThreadPoolExecutor.getTask(ThreadPoolExecutor.java:1074)
        at java.util.concurrent.ThreadPoolExecutor.runWorker(ThreadPoolExecutor.java:1134)
        at java.util.concurrent.ThreadPoolExecutor$Worker.run(ThreadPoolExecutor.java:624)
        at java.lang.Thread.run(Thread.java:750)
"Datanode State Machine Daemon Thread" daemon prio=5 tid=289 timed_waiting
java.lang.Thread.State: TIMED_WAITING
        at java.lang.Thread.sleep(Native Method)
        at org.apache.hadoop.ozone.container.common.statemachine.DatanodeStateMachine.startStateMachineThread(DatanodeStateMachine.java:313)
        at org.apache.hadoop.ozone.container.common.statemachine.DatanodeStateMachine.lambda$startDaemon$0(DatanodeStateMachine.java:493)
        at org.apache.hadoop.ozone.container.common.statemachine.DatanodeStateMachine$$Lambda$745/5753511.run(Unknown Source)
        at java.lang.Thread.run(Thread.java:750)
"IPC Server handler 13 on default port 37109" daemon prio=5 tid=70 timed_waiting
java.lang.Thread.State: TIMED_WAITING
        at sun.misc.Unsafe.park(Native Method)
        at java.util.concurrent.locks.LockSupport.parkNanos(LockSupport.java:215)
        at java.util.concurrent.locks.AbstractQueuedSynchronizer$ConditionObject.awaitNanos(AbstractQueuedSynchronizer.java:2078)
        at java.util.concurrent.LinkedBlockingQueue.poll(LinkedBlockingQueue.java:467)
        at org.apache.hadoop.ipc.CallQueueManager.take(CallQueueManager.java:317)
        at org.apache.hadoop.ipc.Server$Handler.run(Server.java:2942)
"Datanode State Machine Daemon Thread" daemon prio=5 tid=354 timed_waiting
java.lang.Thread.State: TIMED_WAITING
        at java.lang.Thread.sleep(Native Method)
        at org.apache.hadoop.ozone.container.common.statemachine.DatanodeStateMachine.startStateMachineThread(DatanodeStateMachine.java:313)
        at org.apache.hadoop.ozone.container.common.statemachine.DatanodeStateMachine.lambda$startDaemon$0(DatanodeStateMachine.java:493)
        at org.apache.hadoop.ozone.container.common.statemachine.DatanodeStateMachine$$Lambda$745/5753511.run(Unknown Source)
        at java.lang.Thread.run(Thread.java:750)
"Datanode ReportManager Thread - 3" daemon prio=5 tid=319 timed_waiting
java.lang.Thread.State: TIMED_WAITING
        at sun.misc.Unsafe.park(Native Method)
        at java.util.concurrent.locks.LockSupport.parkNanos(LockSupport.java:215)
        at java.util.concurrent.locks.AbstractQueuedSynchronizer$ConditionObject.awaitNanos(AbstractQueuedSynchronizer.java:2078)
        at java.util.concurrent.ScheduledThreadPoolExecutor$DelayedWorkQueue.take(ScheduledThreadPoolExecutor.java:1093)
        at java.util.concurrent.ScheduledThreadPoolExecutor$DelayedWorkQueue.take(ScheduledThreadPoolExecutor.java:809)
        at java.util.concurrent.ThreadPoolExecutor.getTask(ThreadPoolExecutor.java:1074)
        at java.util.concurrent.ThreadPoolExecutor.runWorker(ThreadPoolExecutor.java:1134)
        at java.util.concurrent.ThreadPoolExecutor$Worker.run(ThreadPoolExecutor.java:624)
        at java.lang.Thread.run(Thread.java:750)
"2c0de523-4fef-49d4-a7e7-019bfd407efe@group-C5DF1AF2A9A6-SegmentedRaftLogWorker"  prio=5 tid=613 timed_waiting
java.lang.Thread.State: TIMED_WAITING
        at sun.misc.Unsafe.park(Native Method)
        at java.util.concurrent.locks.LockSupport.parkNanos(LockSupport.java:215)
        at java.util.concurrent.locks.AbstractQueuedSynchronizer$ConditionObject.awaitNanos(AbstractQueuedSynchronizer.java:2078)
        at org.apache.ratis.util.DataBlockingQueue.poll(DataBlockingQueue.java:148)
        at org.apache.ratis.server.raftlog.segmented.SegmentedRaftLogWorker.run(SegmentedRaftLogWorker.java:310)
        at org.apache.ratis.server.raftlog.segmented.SegmentedRaftLogWorker$$Lambda$661/1740308191.run(Unknown Source)
        at java.lang.Thread.run(Thread.java:750)
"org.apache.hadoop.ozone.container.common.statemachine.commandhandler.DeleteBlocksCommandHandler$DeleteCmdWorker@6b3df144" daemon prio=5 tid=278 timed_waiting
java.lang.Thread.State: TIMED_WAITING
        at java.lang.Thread.sleep(Native Method)
        at org.apache.hadoop.ozone.container.common.statemachine.commandhandler.DeleteBlocksCommandHandler$DeleteCmdWorker.run(DeleteBlocksCommandHandler.java:183)
        at java.lang.Thread.run(Thread.java:750)
"IPC Server handler 11 on default port 46513" daemon prio=5 tid=88 timed_waiting
java.lang.Thread.State: TIMED_WAITING
        at sun.misc.Unsafe.park(Native Method)
        at java.util.concurrent.locks.LockSupport.parkNanos(LockSupport.java:215)
        at java.util.concurrent.locks.AbstractQueuedSynchronizer$ConditionObject.awaitNanos(AbstractQueuedSynchronizer.java:2078)
        at java.util.concurrent.LinkedBlockingQueue.poll(LinkedBlockingQueue.java:467)
        at org.apache.hadoop.ipc.CallQueueManager.take(CallQueueManager.java:317)
        at org.apache.hadoop.ipc.Server$Handler.run(Server.java:2942)
"IPC Server handler 6 on default port 46513" daemon prio=5 tid=83 timed_waiting
java.lang.Thread.State: TIMED_WAITING
        at sun.misc.Unsafe.park(Native Method)
        at java.util.concurrent.locks.LockSupport.parkNanos(LockSupport.java:215)
        at java.util.concurrent.locks.AbstractQueuedSynchronizer$ConditionObject.awaitNanos(AbstractQueuedSynchronizer.java:2078)
        at java.util.concurrent.LinkedBlockingQueue.poll(LinkedBlockingQueue.java:467)
        at org.apache.hadoop.ipc.CallQueueManager.take(CallQueueManager.java:317)
        at org.apache.hadoop.ipc.Server$Handler.run(Server.java:2942)
"a2b9a5b5-e126-445d-90e8-946fc00ddc43-server-thread1" daemon prio=5 tid=782 timed_waiting
java.lang.Thread.State: TIMED_WAITING
        at sun.misc.Unsafe.park(Native Method)
        at java.util.concurrent.locks.LockSupport.parkNanos(LockSupport.java:215)
        at java.util.concurrent.SynchronousQueue$TransferStack.awaitFulfill(SynchronousQueue.java:460)
        at java.util.concurrent.SynchronousQueue$TransferStack.transfer(SynchronousQueue.java:362)
        at java.util.concurrent.SynchronousQueue.poll(SynchronousQueue.java:941)
        at java.util.concurrent.ThreadPoolExecutor.getTask(ThreadPoolExecutor.java:1073)
        at java.util.concurrent.ThreadPoolExecutor.runWorker(ThreadPoolExecutor.java:1134)
        at java.util.concurrent.ThreadPoolExecutor$Worker.run(ThreadPoolExecutor.java:624)
        at java.lang.Thread.run(Thread.java:750)
"Datanode ReportManager Thread - 4" daemon prio=5 tid=294 timed_waiting
java.lang.Thread.State: TIMED_WAITING
        at sun.misc.Unsafe.park(Native Method)
        at java.util.concurrent.locks.LockSupport.parkNanos(LockSupport.java:215)
        at java.util.concurrent.locks.AbstractQueuedSynchronizer$ConditionObject.awaitNanos(AbstractQueuedSynchronizer.java:2078)
        at java.util.concurrent.ScheduledThreadPoolExecutor$DelayedWorkQueue.take(ScheduledThreadPoolExecutor.java:1093)
        at java.util.concurrent.ScheduledThreadPoolExecutor$DelayedWorkQueue.take(ScheduledThreadPoolExecutor.java:809)
        at java.util.concurrent.ThreadPoolExecutor.getTask(ThreadPoolExecutor.java:1074)
        at java.util.concurrent.ThreadPoolExecutor.runWorker(ThreadPoolExecutor.java:1134)
        at java.util.concurrent.ThreadPoolExecutor$Worker.run(ThreadPoolExecutor.java:624)
        at java.lang.Thread.run(Thread.java:750)
"IPC Server handler 0 on default port 35707" daemon prio=5 tid=37 timed_waiting
java.lang.Thread.State: TIMED_WAITING
        at sun.misc.Unsafe.park(Native Method)
        at java.util.concurrent.locks.LockSupport.parkNanos(LockSupport.java:215)
        at java.util.concurrent.locks.AbstractQueuedSynchronizer$ConditionObject.awaitNanos(AbstractQueuedSynchronizer.java:2078)
        at java.util.concurrent.LinkedBlockingQueue.poll(LinkedBlockingQueue.java:467)
        at org.apache.hadoop.ipc.CallQueueManager.take(CallQueueManager.java:317)
        at org.apache.hadoop.ipc.Server$Handler.run(Server.java:2942)
"pool-134-thread-1" daemon prio=5 tid=249 timed_waiting
java.lang.Thread.State: TIMED_WAITING
        at sun.misc.Unsafe.park(Native Method)
        at java.util.concurrent.locks.LockSupport.parkNanos(LockSupport.java:215)
        at java.util.concurrent.locks.AbstractQueuedSynchronizer$ConditionObject.awaitNanos(AbstractQueuedSynchronizer.java:2078)
        at java.util.concurrent.ScheduledThreadPoolExecutor$DelayedWorkQueue.take(ScheduledThreadPoolExecutor.java:1093)
        at java.util.concurrent.ScheduledThreadPoolExecutor$DelayedWorkQueue.take(ScheduledThreadPoolExecutor.java:809)
        at java.util.concurrent.ThreadPoolExecutor.getTask(ThreadPoolExecutor.java:1074)
        at java.util.concurrent.ThreadPoolExecutor.runWorker(ThreadPoolExecutor.java:1134)
        at java.util.concurrent.ThreadPoolExecutor$Worker.run(ThreadPoolExecutor.java:624)
        at java.lang.Thread.run(Thread.java:750)
"0cbed28b-7e2e-4c55-93c4-a5222a360620@group-35C507FEBB33-StateMachineUpdater" daemon prio=5 tid=608 timed_waiting
java.lang.Thread.State: TIMED_WAITING
        at sun.misc.Unsafe.park(Native Method)
        at java.util.concurrent.locks.LockSupport.parkNanos(LockSupport.java:215)
        at java.util.concurrent.CompletableFuture$Signaller.block(CompletableFuture.java:1709)
        at java.util.concurrent.ForkJoinPool.managedBlock(ForkJoinPool.java:3323)
        at java.util.concurrent.CompletableFuture.timedGet(CompletableFuture.java:1788)
        at java.util.concurrent.CompletableFuture.get(CompletableFuture.java:1928)
        at org.apache.ratis.util.AwaitForSignal.await(AwaitForSignal.java:56)
        at org.apache.ratis.server.impl.StateMachineUpdater.waitForCommit(StateMachineUpdater.java:207)
        at org.apache.ratis.server.impl.StateMachineUpdater.run(StateMachineUpdater.java:176)
        at java.lang.Thread.run(Thread.java:750)
"ChunkWriter-3-0" daemon prio=5 tid=539 in Object.wait()
java.lang.Thread.State: WAITING (on object monitor)
        at sun.misc.Unsafe.park(Native Method)
        at java.util.concurrent.locks.LockSupport.park(LockSupport.java:175)
        at java.util.concurrent.locks.AbstractQueuedSynchronizer$ConditionObject.await(AbstractQueuedSynchronizer.java:2039)
        at java.util.concurrent.LinkedBlockingDeque.takeFirst(LinkedBlockingDeque.java:492)
        at java.util.concurrent.LinkedBlockingDeque.take(LinkedBlockingDeque.java:680)
        at java.util.concurrent.ThreadPoolExecutor.getTask(ThreadPoolExecutor.java:1074)
        at java.util.concurrent.ThreadPoolExecutor.runWorker(ThreadPoolExecutor.java:1134)
        at java.util.concurrent.ThreadPoolExecutor$Worker.run(ThreadPoolExecutor.java:624)
        at java.lang.Thread.run(Thread.java:750)
"qtp247981085-307" daemon prio=5 tid=307 timed_waiting
java.lang.Thread.State: TIMED_WAITING
        at sun.misc.Unsafe.park(Native Method)
        at java.util.concurrent.locks.LockSupport.parkNanos(LockSupport.java:215)
        at java.util.concurrent.locks.AbstractQueuedSynchronizer$ConditionObject.awaitNanos(AbstractQueuedSynchronizer.java:2078)
        at org.eclipse.jetty.util.BlockingArrayQueue.poll(BlockingArrayQueue.java:382)
        at org.eclipse.jetty.util.thread.QueuedThreadPool$Runner.idleJobPoll(QueuedThreadPool.java:974)
        at org.eclipse.jetty.util.thread.QueuedThreadPool$Runner.run(QueuedThreadPool.java:1018)
        at java.lang.Thread.run(Thread.java:750)
"qtp1639869187-142" daemon prio=5 tid=142 timed_waiting
java.lang.Thread.State: TIMED_WAITING
        at sun.misc.Unsafe.park(Native Method)
        at java.util.concurrent.locks.LockSupport.parkNanos(LockSupport.java:215)
        at java.util.concurrent.locks.AbstractQueuedSynchronizer$ConditionObject.awaitNanos(AbstractQueuedSynchronizer.java:2078)
        at org.eclipse.jetty.util.BlockingArrayQueue.poll(BlockingArrayQueue.java:382)
        at org.eclipse.jetty.util.thread.QueuedThreadPool$Runner.idleJobPoll(QueuedThreadPool.java:974)
        at org.eclipse.jetty.util.thread.QueuedThreadPool$Runner.run(QueuedThreadPool.java:1018)
        at java.lang.Thread.run(Thread.java:750)
"IPC Server handler 19 on default port 35707" daemon prio=5 tid=56 timed_waiting
java.lang.Thread.State: TIMED_WAITING
        at sun.misc.Unsafe.park(Native Method)
        at java.util.concurrent.locks.LockSupport.parkNanos(LockSupport.java:215)
        at java.util.concurrent.locks.AbstractQueuedSynchronizer$ConditionObject.awaitNanos(AbstractQueuedSynchronizer.java:2078)
        at java.util.concurrent.LinkedBlockingQueue.poll(LinkedBlockingQueue.java:467)
        at org.apache.hadoop.ipc.CallQueueManager.take(CallQueueManager.java:317)
        at org.apache.hadoop.ipc.Server$Handler.run(Server.java:2942)
"IPC Server idle connection scanner for port 35707" daemon prio=5 tid=33 timed_waiting
java.lang.Thread.State: TIMED_WAITING
        at java.lang.Object.wait(Native Method)
        at java.util.TimerThread.mainLoop(Timer.java:552)
        at java.util.TimerThread.run(Timer.java:505)
"617aebcb-94d5-4f34-9c47-e0c0542c8799-server-thread1" daemon prio=5 tid=861 timed_waiting
java.lang.Thread.State: TIMED_WAITING
        at sun.misc.Unsafe.park(Native Method)
        at java.util.concurrent.locks.LockSupport.parkNanos(LockSupport.java:215)
        at java.util.concurrent.SynchronousQueue$TransferStack.awaitFulfill(SynchronousQueue.java:460)
        at java.util.concurrent.SynchronousQueue$TransferStack.transfer(SynchronousQueue.java:362)
        at java.util.concurrent.SynchronousQueue.poll(SynchronousQueue.java:941)
        at java.util.concurrent.ThreadPoolExecutor.getTask(ThreadPoolExecutor.java:1073)
        at java.util.concurrent.ThreadPoolExecutor.runWorker(ThreadPoolExecutor.java:1134)
        at java.util.concurrent.ThreadPoolExecutor$Worker.run(ThreadPoolExecutor.java:624)
        at java.lang.Thread.run(Thread.java:750)
"ChunkReader-1" daemon prio=5 tid=790 in Object.wait()
java.lang.Thread.State: WAITING (on object monitor)
        at sun.misc.Unsafe.park(Native Method)
        at java.util.concurrent.locks.LockSupport.park(LockSupport.java:175)
        at java.util.concurrent.locks.AbstractQueuedSynchronizer$ConditionObject.await(AbstractQueuedSynchronizer.java:2039)
        at java.util.concurrent.LinkedBlockingQueue.take(LinkedBlockingQueue.java:442)
        at java.util.concurrent.ThreadPoolExecutor.getTask(ThreadPoolExecutor.java:1074)
        at java.util.concurrent.ThreadPoolExecutor.runWorker(ThreadPoolExecutor.java:1134)
        at java.util.concurrent.ThreadPoolExecutor$Worker.run(ThreadPoolExecutor.java:624)
        at java.lang.Thread.run(Thread.java:750)
"Datanode ReportManager Thread - 4" daemon prio=5 tid=359 timed_waiting
java.lang.Thread.State: TIMED_WAITING
        at sun.misc.Unsafe.park(Native Method)
        at java.util.concurrent.locks.LockSupport.parkNanos(LockSupport.java:215)
        at java.util.concurrent.locks.AbstractQueuedSynchronizer$ConditionObject.awaitNanos(AbstractQueuedSynchronizer.java:2078)
        at java.util.concurrent.ScheduledThreadPoolExecutor$DelayedWorkQueue.take(ScheduledThreadPoolExecutor.java:1093)
        at java.util.concurrent.ScheduledThreadPoolExecutor$DelayedWorkQueue.take(ScheduledThreadPoolExecutor.java:809)
        at java.util.concurrent.ThreadPoolExecutor.getTask(ThreadPoolExecutor.java:1074)
        at java.util.concurrent.ThreadPoolExecutor.runWorker(ThreadPoolExecutor.java:1134)
        at java.util.concurrent.ThreadPoolExecutor$Worker.run(ThreadPoolExecutor.java:624)
        at java.lang.Thread.run(Thread.java:750)
"org.apache.hadoop.ozone.container.common.statemachine.commandhandler.DeleteBlocksCommandHandler$DeleteCmdWorker@20465588" daemon prio=5 tid=369 timed_waiting
java.lang.Thread.State: TIMED_WAITING
        at java.lang.Thread.sleep(Native Method)
        at org.apache.hadoop.ozone.container.common.statemachine.commandhandler.DeleteBlocksCommandHandler$DeleteCmdWorker.run(DeleteBlocksCommandHandler.java:183)
        at java.lang.Thread.run(Thread.java:750)
"ChunkReader-1" daemon prio=5 tid=757 in Object.wait()
java.lang.Thread.State: WAITING (on object monitor)
        at sun.misc.Unsafe.park(Native Method)
        at java.util.concurrent.locks.LockSupport.park(LockSupport.java:175)
        at java.util.concurrent.locks.AbstractQueuedSynchronizer$ConditionObject.await(AbstractQueuedSynchronizer.java:2039)
        at java.util.concurrent.LinkedBlockingQueue.take(LinkedBlockingQueue.java:442)
        at java.util.concurrent.ThreadPoolExecutor.getTask(ThreadPoolExecutor.java:1074)
        at java.util.concurrent.ThreadPoolExecutor.runWorker(ThreadPoolExecutor.java:1134)
        at java.util.concurrent.ThreadPoolExecutor$Worker.run(ThreadPoolExecutor.java:624)
        at java.lang.Thread.run(Thread.java:750)
"IPC Server handler 15 on default port 37109" daemon prio=5 tid=72 timed_waiting
java.lang.Thread.State: TIMED_WAITING
        at sun.misc.Unsafe.park(Native Method)
        at java.util.concurrent.locks.LockSupport.parkNanos(LockSupport.java:215)
        at java.util.concurrent.locks.AbstractQueuedSynchronizer$ConditionObject.awaitNanos(AbstractQueuedSynchronizer.java:2078)
        at java.util.concurrent.LinkedBlockingQueue.poll(LinkedBlockingQueue.java:467)
        at org.apache.hadoop.ipc.CallQueueManager.take(CallQueueManager.java:317)
        at org.apache.hadoop.ipc.Server$Handler.run(Server.java:2942)
"IPC Server handler 8 on default port 37109" daemon prio=5 tid=65 timed_waiting
java.lang.Thread.State: TIMED_WAITING
        at sun.misc.Unsafe.park(Native Method)
        at java.util.concurrent.locks.LockSupport.parkNanos(LockSupport.java:215)
        at java.util.concurrent.locks.AbstractQueuedSynchronizer$ConditionObject.awaitNanos(AbstractQueuedSynchronizer.java:2078)
        at java.util.concurrent.LinkedBlockingQueue.poll(LinkedBlockingQueue.java:467)
        at org.apache.hadoop.ipc.CallQueueManager.take(CallQueueManager.java:317)
        at org.apache.hadoop.ipc.Server$Handler.run(Server.java:2942)
"IPC Server handler 4 on default port 46513" daemon prio=5 tid=81 timed_waiting
java.lang.Thread.State: TIMED_WAITING
        at sun.misc.Unsafe.park(Native Method)
        at java.util.concurrent.locks.LockSupport.parkNanos(LockSupport.java:215)
        at java.util.concurrent.locks.AbstractQueuedSynchronizer$ConditionObject.awaitNanos(AbstractQueuedSynchronizer.java:2078)
        at java.util.concurrent.LinkedBlockingQueue.poll(LinkedBlockingQueue.java:467)
        at org.apache.hadoop.ipc.CallQueueManager.take(CallQueueManager.java:317)
        at org.apache.hadoop.ipc.Server$Handler.run(Server.java:2942)
"IPC Server handler 8 on default port 41123" daemon prio=5 tid=152 timed_waiting
java.lang.Thread.State: TIMED_WAITING
        at sun.misc.Unsafe.park(Native Method)
        at java.util.concurrent.locks.LockSupport.parkNanos(LockSupport.java:215)
        at java.util.concurrent.locks.AbstractQueuedSynchronizer$ConditionObject.awaitNanos(AbstractQueuedSynchronizer.java:2078)
        at java.util.concurrent.LinkedBlockingQueue.poll(LinkedBlockingQueue.java:467)
        at org.apache.hadoop.ipc.CallQueueManager.take(CallQueueManager.java:317)
        at org.apache.hadoop.ipc.Server$Handler.run(Server.java:2942)
"Datanode ReportManager Thread - 4" daemon prio=5 tid=216 in Object.wait()
java.lang.Thread.State: WAITING (on object monitor)
        at sun.misc.Unsafe.park(Native Method)
        at java.util.concurrent.locks.LockSupport.park(LockSupport.java:175)
        at java.util.concurrent.locks.AbstractQueuedSynchronizer$ConditionObject.await(AbstractQueuedSynchronizer.java:2039)
        at java.util.concurrent.ScheduledThreadPoolExecutor$DelayedWorkQueue.take(ScheduledThreadPoolExecutor.java:1088)
        at java.util.concurrent.ScheduledThreadPoolExecutor$DelayedWorkQueue.take(ScheduledThreadPoolExecutor.java:809)
        at java.util.concurrent.ThreadPoolExecutor.getTask(ThreadPoolExecutor.java:1074)
        at java.util.concurrent.ThreadPoolExecutor.runWorker(ThreadPoolExecutor.java:1134)
        at java.util.concurrent.ThreadPoolExecutor$Worker.run(ThreadPoolExecutor.java:624)
        at java.lang.Thread.run(Thread.java:750)
"DatanodeAdminManager-0" daemon prio=5 tid=21 timed_waiting
java.lang.Thread.State: TIMED_WAITING
        at sun.misc.Unsafe.park(Native Method)
        at java.util.concurrent.locks.LockSupport.parkNanos(LockSupport.java:215)
        at java.util.concurrent.locks.AbstractQueuedSynchronizer$ConditionObject.awaitNanos(AbstractQueuedSynchronizer.java:2078)
        at java.util.concurrent.ScheduledThreadPoolExecutor$DelayedWorkQueue.take(ScheduledThreadPoolExecutor.java:1093)
        at java.util.concurrent.ScheduledThreadPoolExecutor$DelayedWorkQueue.take(ScheduledThreadPoolExecutor.java:809)
        at java.util.concurrent.ThreadPoolExecutor.getTask(ThreadPoolExecutor.java:1074)
        at java.util.concurrent.ThreadPoolExecutor.runWorker(ThreadPoolExecutor.java:1134)
        at java.util.concurrent.ThreadPoolExecutor$Worker.run(ThreadPoolExecutor.java:624)
        at java.lang.Thread.run(Thread.java:750)
"qtp751988805-416" daemon prio=5 tid=416 timed_waiting
java.lang.Thread.State: TIMED_WAITING
        at sun.misc.Unsafe.park(Native Method)
        at java.util.concurrent.locks.LockSupport.parkNanos(LockSupport.java:215)
        at java.util.concurrent.locks.AbstractQueuedSynchronizer$ConditionObject.awaitNanos(AbstractQueuedSynchronizer.java:2078)
        at org.eclipse.jetty.util.BlockingArrayQueue.poll(BlockingArrayQueue.java:382)
        at org.eclipse.jetty.util.thread.QueuedThreadPool$Runner.idleJobPoll(QueuedThreadPool.java:974)
        at org.eclipse.jetty.util.thread.QueuedThreadPool$Runner.run(QueuedThreadPool.java:1018)
        at java.lang.Thread.run(Thread.java:750)
"Datanode State Machine Daemon Thread" daemon prio=5 tid=419 timed_waiting
java.lang.Thread.State: TIMED_WAITING
        at java.lang.Thread.sleep(Native Method)
        at org.apache.hadoop.ozone.container.common.statemachine.DatanodeStateMachine.startStateMachineThread(DatanodeStateMachine.java:313)
        at org.apache.hadoop.ozone.container.common.statemachine.DatanodeStateMachine.lambda$startDaemon$0(DatanodeStateMachine.java:493)
        at org.apache.hadoop.ozone.container.common.statemachine.DatanodeStateMachine$$Lambda$745/5753511.run(Unknown Source)
        at java.lang.Thread.run(Thread.java:750)
"IPC Server idle connection scanner for port 41123" daemon prio=5 tid=122 timed_waiting
java.lang.Thread.State: TIMED_WAITING
        at java.lang.Object.wait(Native Method)
        at java.util.TimerThread.mainLoop(Timer.java:552)
        at java.util.TimerThread.run(Timer.java:505)
"qtp1218952455-374" daemon prio=5 tid=374 timed_waiting
java.lang.Thread.State: TIMED_WAITING
        at sun.misc.Unsafe.park(Native Method)
        at java.util.concurrent.locks.LockSupport.parkNanos(LockSupport.java:215)
        at java.util.concurrent.locks.AbstractQueuedSynchronizer$ConditionObject.awaitNanos(AbstractQueuedSynchronizer.java:2078)
        at org.eclipse.jetty.util.BlockingArrayQueue.poll(BlockingArrayQueue.java:382)
        at org.eclipse.jetty.util.thread.QueuedThreadPool$Runner.idleJobPoll(QueuedThreadPool.java:974)
        at org.eclipse.jetty.util.thread.QueuedThreadPool$Runner.run(QueuedThreadPool.java:1018)
        at java.lang.Thread.run(Thread.java:750)
"Command processor thread" daemon prio=5 tid=217 timed_waiting
java.lang.Thread.State: TIMED_WAITING
        at java.lang.Thread.sleep(Native Method)
        at org.apache.hadoop.ozone.container.common.statemachine.DatanodeStateMachine.lambda$initCommandHandlerThread$3(DatanodeStateMachine.java:628)
        at org.apache.hadoop.ozone.container.common.statemachine.DatanodeStateMachine$$Lambda$747/98858159.run(Unknown Source)
        at java.lang.Thread.run(Thread.java:750)
"IPC Server handler 15 on default port 41123" daemon prio=5 tid=159 timed_waiting
java.lang.Thread.State: TIMED_WAITING
        at sun.misc.Unsafe.park(Native Method)
        at java.util.concurrent.locks.LockSupport.parkNanos(LockSupport.java:215)
        at java.util.concurrent.locks.AbstractQueuedSynchronizer$ConditionObject.awaitNanos(AbstractQueuedSynchronizer.java:2078)
        at java.util.concurrent.LinkedBlockingQueue.poll(LinkedBlockingQueue.java:467)
        at org.apache.hadoop.ipc.CallQueueManager.take(CallQueueManager.java:317)
        at org.apache.hadoop.ipc.Server$Handler.run(Server.java:2942)
"6712d1d5-3f8e-46d5-b100-7ccc5411605f@group-F5665640F4C7-LeaderStateImpl" daemon prio=5 tid=750 timed_waiting
java.lang.Thread.State: TIMED_WAITING
        at sun.misc.Unsafe.park(Native Method)
        at java.util.concurrent.locks.LockSupport.parkNanos(LockSupport.java:215)
        at java.util.concurrent.locks.AbstractQueuedSynchronizer$ConditionObject.awaitNanos(AbstractQueuedSynchronizer.java:2078)
        at java.util.concurrent.ArrayBlockingQueue.poll(ArrayBlockingQueue.java:418)
        at org.apache.ratis.server.impl.LeaderStateImpl$EventQueue.poll(LeaderStateImpl.java:159)
        at org.apache.ratis.server.impl.LeaderStateImpl$EventProcessor.run(LeaderStateImpl.java:630)
"qtp751988805-412" daemon prio=5 tid=412 timed_waiting
java.lang.Thread.State: TIMED_WAITING
        at sun.misc.Unsafe.park(Native Method)
        at java.util.concurrent.locks.LockSupport.parkNanos(LockSupport.java:215)
        at java.util.concurrent.locks.AbstractQueuedSynchronizer$ConditionObject.awaitNanos(AbstractQueuedSynchronizer.java:2078)
        at org.eclipse.jetty.util.BlockingArrayQueue.poll(BlockingArrayQueue.java:382)
        at org.eclipse.jetty.util.thread.QueuedThreadPool$Runner.idleJobPoll(QueuedThreadPool.java:974)
        at org.eclipse.jetty.util.thread.QueuedThreadPool$Runner.run(QueuedThreadPool.java:1018)
        at java.lang.Thread.run(Thread.java:750)
"ReplicationMonitor" daemon prio=5 tid=848 timed_waiting
java.lang.Thread.State: TIMED_WAITING
        at java.lang.Object.wait(Native Method)
        at org.apache.hadoop.hdds.scm.container.replication.ReplicationManager.run(ReplicationManager.java:553)
        at org.apache.hadoop.hdds.scm.container.replication.ReplicationManager$$Lambda$381/936045786.run(Unknown Source)
        at java.lang.Thread.run(Thread.java:750)
"617aebcb-94d5-4f34-9c47-e0c0542c8799@group-74DC051E88E8-SegmentedRaftLogWorker"  prio=5 tid=659 timed_waiting
java.lang.Thread.State: TIMED_WAITING
        at sun.misc.Unsafe.park(Native Method)
        at java.util.concurrent.locks.LockSupport.parkNanos(LockSupport.java:215)
        at java.util.concurrent.locks.AbstractQueuedSynchronizer$ConditionObject.awaitNanos(AbstractQueuedSynchronizer.java:2078)
        at org.apache.ratis.util.DataBlockingQueue.poll(DataBlockingQueue.java:148)
        at org.apache.ratis.server.raftlog.segmented.SegmentedRaftLogWorker.run(SegmentedRaftLogWorker.java:310)
        at org.apache.ratis.server.raftlog.segmented.SegmentedRaftLogWorker$$Lambda$661/1740308191.run(Unknown Source)
        at java.lang.Thread.run(Thread.java:750)
"Datanode State Machine Task Thread - 1"  prio=5 tid=534 in Object.wait()
java.lang.Thread.State: WAITING (on object monitor)
        at sun.misc.Unsafe.park(Native Method)
        at java.util.concurrent.locks.LockSupport.park(LockSupport.java:175)
        at java.util.concurrent.locks.AbstractQueuedSynchronizer$ConditionObject.await(AbstractQueuedSynchronizer.java:2039)
        at java.util.concurrent.LinkedBlockingQueue.take(LinkedBlockingQueue.java:442)
        at java.util.concurrent.ThreadPoolExecutor.getTask(ThreadPoolExecutor.java:1074)
        at java.util.concurrent.ThreadPoolExecutor.runWorker(ThreadPoolExecutor.java:1134)
        at java.util.concurrent.ThreadPoolExecutor$Worker.run(ThreadPoolExecutor.java:624)
        at java.lang.Thread.run(Thread.java:750)
"ChunkWriter-2-0" daemon prio=5 tid=436 in Object.wait()
java.lang.Thread.State: WAITING (on object monitor)
        at sun.misc.Unsafe.park(Native Method)
        at java.util.concurrent.locks.LockSupport.park(LockSupport.java:175)
        at java.util.concurrent.locks.AbstractQueuedSynchronizer$ConditionObject.await(AbstractQueuedSynchronizer.java:2039)
        at java.util.concurrent.LinkedBlockingDeque.takeFirst(LinkedBlockingDeque.java:492)
        at java.util.concurrent.LinkedBlockingDeque.take(LinkedBlockingDeque.java:680)
        at java.util.concurrent.ThreadPoolExecutor.getTask(ThreadPoolExecutor.java:1074)
        at java.util.concurrent.ThreadPoolExecutor.runWorker(ThreadPoolExecutor.java:1134)
        at java.util.concurrent.ThreadPoolExecutor$Worker.run(ThreadPoolExecutor.java:624)
        at java.lang.Thread.run(Thread.java:750)
"Datanode ReportManager Thread - 3" daemon prio=5 tid=267 timed_waiting
java.lang.Thread.State: TIMED_WAITING
        at sun.misc.Unsafe.park(Native Method)
        at java.util.concurrent.locks.LockSupport.parkNanos(LockSupport.java:215)
        at java.util.concurrent.locks.AbstractQueuedSynchronizer$ConditionObject.awaitNanos(AbstractQueuedSynchronizer.java:2078)
        at java.util.concurrent.ScheduledThreadPoolExecutor$DelayedWorkQueue.take(ScheduledThreadPoolExecutor.java:1093)
        at java.util.concurrent.ScheduledThreadPoolExecutor$DelayedWorkQueue.take(ScheduledThreadPoolExecutor.java:809)
        at java.util.concurrent.ThreadPoolExecutor.getTask(ThreadPoolExecutor.java:1074)
        at java.util.concurrent.ThreadPoolExecutor.runWorker(ThreadPoolExecutor.java:1134)
        at java.util.concurrent.ThreadPoolExecutor$Worker.run(ThreadPoolExecutor.java:624)
        at java.lang.Thread.run(Thread.java:750)
"a2b9a5b5-e126-445d-90e8-946fc00ddc43@group-9AE1E5A711C7-FollowerState" daemon prio=5 tid=855 timed_waiting
java.lang.Thread.State: TIMED_WAITING
        at java.lang.Thread.sleep(Native Method)
        at java.lang.Thread.sleep(Thread.java:342)
        at java.util.concurrent.TimeUnit.sleep(TimeUnit.java:386)
        at org.apache.ratis.util.TimeDuration.sleep(TimeDuration.java:325)
        at org.apache.ratis.util.TimeDuration.sleep(TimeDuration.java:310)
        at org.apache.ratis.server.impl.FollowerState.run(FollowerState.java:128)
"ChunkWriter-0-0" daemon prio=5 tid=391 in Object.wait()
java.lang.Thread.State: WAITING (on object monitor)
        at sun.misc.Unsafe.park(Native Method)
        at java.util.concurrent.locks.LockSupport.park(LockSupport.java:175)
        at java.util.concurrent.locks.AbstractQueuedSynchronizer$ConditionObject.await(AbstractQueuedSynchronizer.java:2039)
        at java.util.concurrent.LinkedBlockingDeque.takeFirst(LinkedBlockingDeque.java:492)
        at java.util.concurrent.LinkedBlockingDeque.take(LinkedBlockingDeque.java:680)
        at java.util.concurrent.ThreadPoolExecutor.getTask(ThreadPoolExecutor.java:1074)
        at java.util.concurrent.ThreadPoolExecutor.runWorker(ThreadPoolExecutor.java:1134)
        at java.util.concurrent.ThreadPoolExecutor$Worker.run(ThreadPoolExecutor.java:624)
        at java.lang.Thread.run(Thread.java:750)
"IPC Server handler 19 on default port 41123" daemon prio=5 tid=163 timed_waiting
java.lang.Thread.State: TIMED_WAITING
        at sun.misc.Unsafe.park(Native Method)
        at java.util.concurrent.locks.LockSupport.parkNanos(LockSupport.java:215)
        at java.util.concurrent.locks.AbstractQueuedSynchronizer$ConditionObject.awaitNanos(AbstractQueuedSynchronizer.java:2078)
        at java.util.concurrent.LinkedBlockingQueue.poll(LinkedBlockingQueue.java:467)
        at org.apache.hadoop.ipc.CallQueueManager.take(CallQueueManager.java:317)
        at org.apache.hadoop.ipc.Server$Handler.run(Server.java:2942)
"IPC Server handler 11 on default port 35707" daemon prio=5 tid=48 timed_waiting
java.lang.Thread.State: TIMED_WAITING
        at sun.misc.Unsafe.park(Native Method)
        at java.util.concurrent.locks.LockSupport.parkNanos(LockSupport.java:215)
        at java.util.concurrent.locks.AbstractQueuedSynchronizer$ConditionObject.awaitNanos(AbstractQueuedSynchronizer.java:2078)
        at java.util.concurrent.LinkedBlockingQueue.poll(LinkedBlockingQueue.java:467)
        at org.apache.hadoop.ipc.CallQueueManager.take(CallQueueManager.java:317)
        at org.apache.hadoop.ipc.Server$Handler.run(Server.java:2942)
"qtp1506186841-452" daemon prio=5 tid=452 timed_waiting
java.lang.Thread.State: TIMED_WAITING
        at sun.misc.Unsafe.park(Native Method)
        at java.util.concurrent.locks.LockSupport.parkNanos(LockSupport.java:215)
        at java.util.concurrent.locks.AbstractQueuedSynchronizer$ConditionObject.awaitNanos(AbstractQueuedSynchronizer.java:2078)
        at org.eclipse.jetty.util.BlockingArrayQueue.poll(BlockingArrayQueue.java:382)
        at org.eclipse.jetty.util.thread.QueuedThreadPool$Runner.idleJobPoll(QueuedThreadPool.java:974)
        at org.eclipse.jetty.util.thread.QueuedThreadPool$Runner.run(QueuedThreadPool.java:1018)
        at java.lang.Thread.run(Thread.java:750)
"grpc-default-executor-1" daemon prio=5 tid=586 timed_waiting
java.lang.Thread.State: TIMED_WAITING
        at sun.misc.Unsafe.park(Native Method)
        at java.util.concurrent.locks.LockSupport.parkNanos(LockSupport.java:215)
        at java.util.concurrent.SynchronousQueue$TransferStack.awaitFulfill(SynchronousQueue.java:460)
        at java.util.concurrent.SynchronousQueue$TransferStack.transfer(SynchronousQueue.java:362)
        at java.util.concurrent.SynchronousQueue.poll(SynchronousQueue.java:941)
        at java.util.concurrent.ThreadPoolExecutor.getTask(ThreadPoolExecutor.java:1073)
        at java.util.concurrent.ThreadPoolExecutor.runWorker(ThreadPoolExecutor.java:1134)
        at java.util.concurrent.ThreadPoolExecutor$Worker.run(ThreadPoolExecutor.java:624)
        at java.lang.Thread.run(Thread.java:750)
"ChunkReader-ELG-0" daemon prio=5 tid=497 runnable
java.lang.Thread.State: RUNNABLE
        at org.apache.ratis.thirdparty.io.netty.channel.epoll.Native.epollWait(Native Method)
        at org.apache.ratis.thirdparty.io.netty.channel.epoll.Native.epollWait(Native.java:209)
        at org.apache.ratis.thirdparty.io.netty.channel.epoll.Native.epollWait(Native.java:202)
        at org.apache.ratis.thirdparty.io.netty.channel.epoll.EpollEventLoop.epollWaitNoTimerChange(EpollEventLoop.java:294)
        at org.apache.ratis.thirdparty.io.netty.channel.epoll.EpollEventLoop.run(EpollEventLoop.java:351)
        at org.apache.ratis.thirdparty.io.netty.util.concurrent.SingleThreadEventExecutor$4.run(SingleThreadEventExecutor.java:995)
        at org.apache.ratis.thirdparty.io.netty.util.internal.ThreadExecutorMap$2.run(ThreadExecutorMap.java:74)
        at java.lang.Thread.run(Thread.java:750)
"Socket Reader #1 for port 0"  prio=5 tid=24 runnable
java.lang.Thread.State: RUNNABLE
        at sun.nio.ch.EPollArrayWrapper.epollWait(Native Method)
        at sun.nio.ch.EPollArrayWrapper.poll(EPollArrayWrapper.java:269)
        at sun.nio.ch.EPollSelectorImpl.doSelect(EPollSelectorImpl.java:93)
        at sun.nio.ch.SelectorImpl.lockAndDoSelect(SelectorImpl.java:86)
        at sun.nio.ch.SelectorImpl.select(SelectorImpl.java:97)
        at sun.nio.ch.SelectorImpl.select(SelectorImpl.java:101)
        at org.apache.hadoop.ipc.Server$Listener$Reader.doRunLoop(Server.java:1296)
        at org.apache.hadoop.ipc.Server$Listener$Reader.run(Server.java:1275)
"a2b9a5b5-e126-445d-90e8-946fc00ddc43@group-2A44E0557D51-SegmentedRaftLogWorker"  prio=5 tid=667 timed_waiting
java.lang.Thread.State: TIMED_WAITING
        at sun.misc.Unsafe.park(Native Method)
        at java.util.concurrent.locks.LockSupport.parkNanos(LockSupport.java:215)
        at java.util.concurrent.locks.AbstractQueuedSynchronizer$ConditionObject.awaitNanos(AbstractQueuedSynchronizer.java:2078)
        at org.apache.ratis.util.DataBlockingQueue.poll(DataBlockingQueue.java:148)
        at org.apache.ratis.server.raftlog.segmented.SegmentedRaftLogWorker.run(SegmentedRaftLogWorker.java:310)
        at org.apache.ratis.server.raftlog.segmented.SegmentedRaftLogWorker$$Lambda$661/1740308191.run(Unknown Source)
        at java.lang.Thread.run(Thread.java:750)
"EventQueue-NodeRegistrationContainerReportForContainerSafeModeRule" daemon prio=5 tid=504 in Object.wait()
java.lang.Thread.State: WAITING (on object monitor)
        at sun.misc.Unsafe.park(Native Method)
        at java.util.concurrent.locks.LockSupport.park(LockSupport.java:175)
        at java.util.concurrent.locks.AbstractQueuedSynchronizer$ConditionObject.await(AbstractQueuedSynchronizer.java:2039)
        at java.util.concurrent.LinkedBlockingQueue.take(LinkedBlockingQueue.java:442)
        at java.util.concurrent.ThreadPoolExecutor.getTask(ThreadPoolExecutor.java:1074)
        at java.util.concurrent.ThreadPoolExecutor.runWorker(ThreadPoolExecutor.java:1134)
        at java.util.concurrent.ThreadPoolExecutor$Worker.run(ThreadPoolExecutor.java:624)
        at java.lang.Thread.run(Thread.java:750)
"Datanode ReportManager Thread - 4" daemon prio=5 tid=320 in Object.wait()
java.lang.Thread.State: WAITING (on object monitor)
        at sun.misc.Unsafe.park(Native Method)
        at java.util.concurrent.locks.LockSupport.park(LockSupport.java:175)
        at java.util.concurrent.locks.AbstractQueuedSynchronizer$ConditionObject.await(AbstractQueuedSynchronizer.java:2039)
        at java.util.concurrent.ScheduledThreadPoolExecutor$DelayedWorkQueue.take(ScheduledThreadPoolExecutor.java:1088)
        at java.util.concurrent.ScheduledThreadPoolExecutor$DelayedWorkQueue.take(ScheduledThreadPoolExecutor.java:809)
        at java.util.concurrent.ThreadPoolExecutor.getTask(ThreadPoolExecutor.java:1074)
        at java.util.concurrent.ThreadPoolExecutor.runWorker(ThreadPoolExecutor.java:1134)
        at java.util.concurrent.ThreadPoolExecutor$Worker.run(ThreadPoolExecutor.java:624)
        at java.lang.Thread.run(Thread.java:750)
"KeyDeletingService#0" daemon prio=5 tid=131 timed_waiting
java.lang.Thread.State: TIMED_WAITING
        at sun.misc.Unsafe.park(Native Method)
        at java.util.concurrent.locks.LockSupport.parkNanos(LockSupport.java:215)
        at java.util.concurrent.locks.AbstractQueuedSynchronizer$ConditionObject.awaitNanos(AbstractQueuedSynchronizer.java:2078)
        at java.util.concurrent.ScheduledThreadPoolExecutor$DelayedWorkQueue.take(ScheduledThreadPoolExecutor.java:1093)
        at java.util.concurrent.ScheduledThreadPoolExecutor$DelayedWorkQueue.take(ScheduledThreadPoolExecutor.java:809)
        at java.util.concurrent.ThreadPoolExecutor.getTask(ThreadPoolExecutor.java:1074)
        at java.util.concurrent.ThreadPoolExecutor.runWorker(ThreadPoolExecutor.java:1134)
        at java.util.concurrent.ThreadPoolExecutor$Worker.run(ThreadPoolExecutor.java:624)
        at java.lang.Thread.run(Thread.java:750)
"Datanode ReportManager Thread - 2" daemon prio=5 tid=422 in Object.wait()
java.lang.Thread.State: WAITING (on object monitor)
        at sun.misc.Unsafe.park(Native Method)
        at java.util.concurrent.locks.LockSupport.park(LockSupport.java:175)
        at java.util.concurrent.locks.AbstractQueuedSynchronizer$ConditionObject.await(AbstractQueuedSynchronizer.java:2039)
        at java.util.concurrent.ScheduledThreadPoolExecutor$DelayedWorkQueue.take(ScheduledThreadPoolExecutor.java:1088)
        at java.util.concurrent.ScheduledThreadPoolExecutor$DelayedWorkQueue.take(ScheduledThreadPoolExecutor.java:809)
        at java.util.concurrent.ThreadPoolExecutor.getTask(ThreadPoolExecutor.java:1074)
        at java.util.concurrent.ThreadPoolExecutor.runWorker(ThreadPoolExecutor.java:1134)
        at java.util.concurrent.ThreadPoolExecutor$Worker.run(ThreadPoolExecutor.java:624)
        at java.lang.Thread.run(Thread.java:750)
"IPC Server handler 1 on default port 35707" daemon prio=5 tid=38 timed_waiting
java.lang.Thread.State: TIMED_WAITING
        at sun.misc.Unsafe.park(Native Method)
        at java.util.concurrent.locks.LockSupport.parkNanos(LockSupport.java:215)
        at java.util.concurrent.locks.AbstractQueuedSynchronizer$ConditionObject.awaitNanos(AbstractQueuedSynchronizer.java:2078)
        at java.util.concurrent.LinkedBlockingQueue.poll(LinkedBlockingQueue.java:467)
        at org.apache.hadoop.ipc.CallQueueManager.take(CallQueueManager.java:317)
        at org.apache.hadoop.ipc.Server$Handler.run(Server.java:2942)
"6712d1d5-3f8e-46d5-b100-7ccc5411605f@group-C5DF1AF2A9A6-StateMachineUpdater" daemon prio=5 tid=620 timed_waiting
java.lang.Thread.State: TIMED_WAITING
        at sun.misc.Unsafe.park(Native Method)
        at java.util.concurrent.locks.LockSupport.parkNanos(LockSupport.java:215)
        at java.util.concurrent.CompletableFuture$Signaller.block(CompletableFuture.java:1709)
        at java.util.concurrent.ForkJoinPool.managedBlock(ForkJoinPool.java:3323)
        at java.util.concurrent.CompletableFuture.timedGet(CompletableFuture.java:1788)
        at java.util.concurrent.CompletableFuture.get(CompletableFuture.java:1928)
        at org.apache.ratis.util.AwaitForSignal.await(AwaitForSignal.java:56)
        at org.apache.ratis.server.impl.StateMachineUpdater.waitForCommit(StateMachineUpdater.java:207)
        at org.apache.ratis.server.impl.StateMachineUpdater.run(StateMachineUpdater.java:176)
        at java.lang.Thread.run(Thread.java:750)
"ChunkReader-3" daemon prio=5 tid=800 in Object.wait()
java.lang.Thread.State: WAITING (on object monitor)
        at sun.misc.Unsafe.park(Native Method)
        at java.util.concurrent.locks.LockSupport.park(LockSupport.java:175)
        at java.util.concurrent.locks.AbstractQueuedSynchronizer$ConditionObject.await(AbstractQueuedSynchronizer.java:2039)
        at java.util.concurrent.LinkedBlockingQueue.take(LinkedBlockingQueue.java:442)
        at java.util.concurrent.ThreadPoolExecutor.getTask(ThreadPoolExecutor.java:1074)
        at java.util.concurrent.ThreadPoolExecutor.runWorker(ThreadPoolExecutor.java:1134)
        at java.util.concurrent.ThreadPoolExecutor$Worker.run(ThreadPoolExecutor.java:624)
        at java.lang.Thread.run(Thread.java:750)
"Datanode ReportManager Thread - 3" daemon prio=5 tid=461 in Object.wait()
java.lang.Thread.State: WAITING (on object monitor)
        at sun.misc.Unsafe.park(Native Method)
        at java.util.concurrent.locks.LockSupport.park(LockSupport.java:175)
        at java.util.concurrent.locks.AbstractQueuedSynchronizer$ConditionObject.await(AbstractQueuedSynchronizer.java:2039)
        at java.util.concurrent.ScheduledThreadPoolExecutor$DelayedWorkQueue.take(ScheduledThreadPoolExecutor.java:1088)
        at java.util.concurrent.ScheduledThreadPoolExecutor$DelayedWorkQueue.take(ScheduledThreadPoolExecutor.java:809)
        at java.util.concurrent.ThreadPoolExecutor.getTask(ThreadPoolExecutor.java:1074)
        at java.util.concurrent.ThreadPoolExecutor.runWorker(ThreadPoolExecutor.java:1134)
        at java.util.concurrent.ThreadPoolExecutor$Worker.run(ThreadPoolExecutor.java:624)
        at java.lang.Thread.run(Thread.java:750)
"IPC Server handler 10 on default port 46513" daemon prio=5 tid=87 timed_waiting
java.lang.Thread.State: TIMED_WAITING
        at sun.misc.Unsafe.park(Native Method)
        at java.util.concurrent.locks.LockSupport.parkNanos(LockSupport.java:215)
        at java.util.concurrent.locks.AbstractQueuedSynchronizer$ConditionObject.awaitNanos(AbstractQueuedSynchronizer.java:2078)
        at java.util.concurrent.LinkedBlockingQueue.poll(LinkedBlockingQueue.java:467)
        at org.apache.hadoop.ipc.CallQueueManager.take(CallQueueManager.java:317)
        at org.apache.hadoop.ipc.Server$Handler.run(Server.java:2942)
"ChunkWriter-1-0" daemon prio=5 tid=493 in Object.wait()
java.lang.Thread.State: WAITING (on object monitor)
        at sun.misc.Unsafe.park(Native Method)
        at java.util.concurrent.locks.LockSupport.park(LockSupport.java:175)
        at java.util.concurrent.locks.AbstractQueuedSynchronizer$ConditionObject.await(AbstractQueuedSynchronizer.java:2039)
        at java.util.concurrent.LinkedBlockingDeque.takeFirst(LinkedBlockingDeque.java:492)
        at java.util.concurrent.LinkedBlockingDeque.take(LinkedBlockingDeque.java:680)
        at java.util.concurrent.ThreadPoolExecutor.getTask(ThreadPoolExecutor.java:1074)
        at java.util.concurrent.ThreadPoolExecutor.runWorker(ThreadPoolExecutor.java:1134)
        at java.util.concurrent.ThreadPoolExecutor$Worker.run(ThreadPoolExecutor.java:624)
        at java.lang.Thread.run(Thread.java:750)
"JvmPauseMonitor4" daemon prio=5 tid=472 timed_waiting
java.lang.Thread.State: TIMED_WAITING
        at java.lang.Thread.sleep(Native Method)
        at java.lang.Thread.sleep(Thread.java:342)
        at java.util.concurrent.TimeUnit.sleep(TimeUnit.java:386)
        at org.apache.ratis.util.TimeDuration.sleep(TimeDuration.java:325)
        at org.apache.ratis.util.TimeDuration.sleep(TimeDuration.java:310)
        at org.apache.ratis.util.JvmPauseMonitor.detectPause(JvmPauseMonitor.java:119)
        at org.apache.ratis.util.JvmPauseMonitor.run(JvmPauseMonitor.java:108)
        at org.apache.ratis.util.JvmPauseMonitor$$Lambda$702/1803904229.run(Unknown Source)
        at java.lang.Thread.run(Thread.java:750)
"qtp1788199670-101-acceptor-0@6ae17770-ServerConnector@4dd425dc{HTTP/1.1, (http/1.1)}{0.0.0.0:40125}" daemon prio=3 tid=101 runnable
java.lang.Thread.State: RUNNABLE
        at sun.nio.ch.ServerSocketChannelImpl.accept0(Native Method)
        at sun.nio.ch.ServerSocketChannelImpl.accept(ServerSocketChannelImpl.java:421)
        at sun.nio.ch.ServerSocketChannelImpl.accept(ServerSocketChannelImpl.java:249)
        at org.eclipse.jetty.server.ServerConnector.accept(ServerConnector.java:388)
        at org.eclipse.jetty.server.AbstractConnector$Acceptor.run(AbstractConnector.java:702)
        at org.eclipse.jetty.util.thread.QueuedThreadPool.runJob(QueuedThreadPool.java:883)
        at org.eclipse.jetty.util.thread.QueuedThreadPool$Runner.run(QueuedThreadPool.java:1034)
        at java.lang.Thread.run(Thread.java:750)
"IPC Server handler 1 on default port 41123" daemon prio=5 tid=145 timed_waiting
java.lang.Thread.State: TIMED_WAITING
        at sun.misc.Unsafe.park(Native Method)
        at java.util.concurrent.locks.LockSupport.parkNanos(LockSupport.java:215)
        at java.util.concurrent.locks.AbstractQueuedSynchronizer$ConditionObject.awaitNanos(AbstractQueuedSynchronizer.java:2078)
        at java.util.concurrent.LinkedBlockingQueue.poll(LinkedBlockingQueue.java:467)
        at org.apache.hadoop.ipc.CallQueueManager.take(CallQueueManager.java:317)
        at org.apache.hadoop.ipc.Server$Handler.run(Server.java:2942)
"ChunkWriter-1-0" daemon prio=5 tid=435 in Object.wait()
java.lang.Thread.State: WAITING (on object monitor)
        at sun.misc.Unsafe.park(Native Method)
        at java.util.concurrent.locks.LockSupport.park(LockSupport.java:175)
        at java.util.concurrent.locks.AbstractQueuedSynchronizer$ConditionObject.await(AbstractQueuedSynchronizer.java:2039)
        at java.util.concurrent.LinkedBlockingDeque.takeFirst(LinkedBlockingDeque.java:492)
        at java.util.concurrent.LinkedBlockingDeque.take(LinkedBlockingDeque.java:680)
        at java.util.concurrent.ThreadPoolExecutor.getTask(ThreadPoolExecutor.java:1074)
        at java.util.concurrent.ThreadPoolExecutor.runWorker(ThreadPoolExecutor.java:1134)
        at java.util.concurrent.ThreadPoolExecutor$Worker.run(ThreadPoolExecutor.java:624)
        at java.lang.Thread.run(Thread.java:750)
"6712d1d5-3f8e-46d5-b100-7ccc5411605f@group-F5665640F4C7-StateMachineUpdater" daemon prio=5 tid=638 timed_waiting
java.lang.Thread.State: TIMED_WAITING
        at sun.misc.Unsafe.park(Native Method)
        at java.util.concurrent.locks.LockSupport.parkNanos(LockSupport.java:215)
        at java.util.concurrent.CompletableFuture$Signaller.block(CompletableFuture.java:1709)
        at java.util.concurrent.ForkJoinPool.managedBlock(ForkJoinPool.java:3323)
        at java.util.concurrent.CompletableFuture.timedGet(CompletableFuture.java:1788)
        at java.util.concurrent.CompletableFuture.get(CompletableFuture.java:1928)
        at org.apache.ratis.util.AwaitForSignal.await(AwaitForSignal.java:56)
        at org.apache.ratis.server.impl.StateMachineUpdater.waitForCommit(StateMachineUpdater.java:207)
        at org.apache.ratis.server.impl.StateMachineUpdater.run(StateMachineUpdater.java:176)
        at java.lang.Thread.run(Thread.java:750)
"qtp2126618194-208" daemon prio=5 tid=208 timed_waiting
java.lang.Thread.State: TIMED_WAITING
        at sun.misc.Unsafe.park(Native Method)
        at java.util.concurrent.locks.LockSupport.parkNanos(LockSupport.java:215)
        at java.util.concurrent.locks.AbstractQueuedSynchronizer$ConditionObject.awaitNanos(AbstractQueuedSynchronizer.java:2078)
        at org.eclipse.jetty.util.BlockingArrayQueue.poll(BlockingArrayQueue.java:382)
        at org.eclipse.jetty.util.thread.QueuedThreadPool$Runner.idleJobPoll(QueuedThreadPool.java:974)
        at org.eclipse.jetty.util.thread.QueuedThreadPool$Runner.run(QueuedThreadPool.java:1018)
        at java.lang.Thread.run(Thread.java:750)
"OM StateMachine ApplyTransaction Thread - 0" daemon prio=5 tid=746 in Object.wait()
java.lang.Thread.State: WAITING (on object monitor)
        at sun.misc.Unsafe.park(Native Method)
        at java.util.concurrent.locks.LockSupport.park(LockSupport.java:175)
        at java.util.concurrent.locks.AbstractQueuedSynchronizer$ConditionObject.await(AbstractQueuedSynchronizer.java:2039)
        at java.util.concurrent.LinkedBlockingQueue.take(LinkedBlockingQueue.java:442)
        at java.util.concurrent.ThreadPoolExecutor.getTask(ThreadPoolExecutor.java:1074)
        at java.util.concurrent.ThreadPoolExecutor.runWorker(ThreadPoolExecutor.java:1134)
        at java.util.concurrent.ThreadPoolExecutor$Worker.run(ThreadPoolExecutor.java:624)
        at java.lang.Thread.run(Thread.java:750)
"grpc-default-executor-6" daemon prio=5 tid=882 timed_waiting
java.lang.Thread.State: TIMED_WAITING
        at sun.misc.Unsafe.park(Native Method)
        at java.util.concurrent.locks.LockSupport.parkNanos(LockSupport.java:215)
        at java.util.concurrent.SynchronousQueue$TransferStack.awaitFulfill(SynchronousQueue.java:460)
        at java.util.concurrent.SynchronousQueue$TransferStack.transfer(SynchronousQueue.java:362)
        at java.util.concurrent.SynchronousQueue.poll(SynchronousQueue.java:941)
        at java.util.concurrent.ThreadPoolExecutor.getTask(ThreadPoolExecutor.java:1073)
        at java.util.concurrent.ThreadPoolExecutor.runWorker(ThreadPoolExecutor.java:1134)
        at java.util.concurrent.ThreadPoolExecutor$Worker.run(ThreadPoolExecutor.java:624)
        at java.lang.Thread.run(Thread.java:750)
"Datanode State Machine Task Thread - 1"  prio=5 tid=548 in Object.wait()
java.lang.Thread.State: WAITING (on object monitor)
        at sun.misc.Unsafe.park(Native Method)
        at java.util.concurrent.locks.LockSupport.park(LockSupport.java:175)
        at java.util.concurrent.locks.AbstractQueuedSynchronizer$ConditionObject.await(AbstractQueuedSynchronizer.java:2039)
        at java.util.concurrent.LinkedBlockingQueue.take(LinkedBlockingQueue.java:442)
        at java.util.concurrent.ThreadPoolExecutor.getTask(ThreadPoolExecutor.java:1074)
        at java.util.concurrent.ThreadPoolExecutor.runWorker(ThreadPoolExecutor.java:1134)
        at java.util.concurrent.ThreadPoolExecutor$Worker.run(ThreadPoolExecutor.java:624)
        at java.lang.Thread.run(Thread.java:750)
"BlockDeletingService#0" daemon prio=5 tid=498 in Object.wait()
java.lang.Thread.State: WAITING (on object monitor)
        at sun.misc.Unsafe.park(Native Method)
        at java.util.concurrent.locks.LockSupport.park(LockSupport.java:175)
        at java.util.concurrent.locks.AbstractQueuedSynchronizer$ConditionObject.await(AbstractQueuedSynchronizer.java:2039)
        at java.util.concurrent.ScheduledThreadPoolExecutor$DelayedWorkQueue.take(ScheduledThreadPoolExecutor.java:1088)
        at java.util.concurrent.ScheduledThreadPoolExecutor$DelayedWorkQueue.take(ScheduledThreadPoolExecutor.java:809)
        at java.util.concurrent.ThreadPoolExecutor.getTask(ThreadPoolExecutor.java:1074)
        at java.util.concurrent.ThreadPoolExecutor.runWorker(ThreadPoolExecutor.java:1134)
        at java.util.concurrent.ThreadPoolExecutor$Worker.run(ThreadPoolExecutor.java:624)
        at java.lang.Thread.run(Thread.java:750)
"qtp1218952455-376" daemon prio=5 tid=376 timed_waiting
java.lang.Thread.State: TIMED_WAITING
        at sun.misc.Unsafe.park(Native Method)
        at java.util.concurrent.locks.LockSupport.parkNanos(LockSupport.java:215)
        at java.util.concurrent.locks.AbstractQueuedSynchronizer$ConditionObject.awaitNanos(AbstractQueuedSynchronizer.java:2078)
        at org.eclipse.jetty.util.BlockingArrayQueue.poll(BlockingArrayQueue.java:382)
        at org.eclipse.jetty.util.thread.QueuedThreadPool$Runner.idleJobPoll(QueuedThreadPool.java:974)
        at org.eclipse.jetty.util.thread.QueuedThreadPool$Runner.run(QueuedThreadPool.java:1018)
        at java.lang.Thread.run(Thread.java:750)
"2c0de523-4fef-49d4-a7e7-019bfd407efe-server-thread4" daemon prio=5 tid=742 timed_waiting
java.lang.Thread.State: TIMED_WAITING
        at sun.misc.Unsafe.park(Native Method)
        at java.util.concurrent.locks.LockSupport.parkNanos(LockSupport.java:215)
        at java.util.concurrent.SynchronousQueue$TransferStack.awaitFulfill(SynchronousQueue.java:460)
        at java.util.concurrent.SynchronousQueue$TransferStack.transfer(SynchronousQueue.java:362)
        at java.util.concurrent.SynchronousQueue.poll(SynchronousQueue.java:941)
        at java.util.concurrent.ThreadPoolExecutor.getTask(ThreadPoolExecutor.java:1073)
        at java.util.concurrent.ThreadPoolExecutor.runWorker(ThreadPoolExecutor.java:1134)
        at java.util.concurrent.ThreadPoolExecutor$Worker.run(ThreadPoolExecutor.java:624)
        at java.lang.Thread.run(Thread.java:750)
"Session-HouseKeeper-72866288-1"  prio=5 tid=456 timed_waiting
java.lang.Thread.State: TIMED_WAITING
        at sun.misc.Unsafe.park(Native Method)
        at java.util.concurrent.locks.LockSupport.parkNanos(LockSupport.java:215)
        at java.util.concurrent.locks.AbstractQueuedSynchronizer$ConditionObject.awaitNanos(AbstractQueuedSynchronizer.java:2078)
        at java.util.concurrent.ScheduledThreadPoolExecutor$DelayedWorkQueue.take(ScheduledThreadPoolExecutor.java:1093)
        at java.util.concurrent.ScheduledThreadPoolExecutor$DelayedWorkQueue.take(ScheduledThreadPoolExecutor.java:809)
        at java.util.concurrent.ThreadPoolExecutor.getTask(ThreadPoolExecutor.java:1074)
        at java.util.concurrent.ThreadPoolExecutor.runWorker(ThreadPoolExecutor.java:1134)
        at java.util.concurrent.ThreadPoolExecutor$Worker.run(ThreadPoolExecutor.java:624)
        at java.lang.Thread.run(Thread.java:750)
"qtp1144474914-256-acceptor-0@27cace0a-ServerConnector@1b69c652{HTTP/1.1, (http/1.1)}{0.0.0.0:34759}" daemon prio=3 tid=256 runnable
java.lang.Thread.State: RUNNABLE
        at sun.nio.ch.ServerSocketChannelImpl.accept0(Native Method)
        at sun.nio.ch.ServerSocketChannelImpl.accept(ServerSocketChannelImpl.java:421)
        at sun.nio.ch.ServerSocketChannelImpl.accept(ServerSocketChannelImpl.java:249)
        at org.eclipse.jetty.server.ServerConnector.accept(ServerConnector.java:388)
        at org.eclipse.jetty.server.AbstractConnector$Acceptor.run(AbstractConnector.java:702)
        at org.eclipse.jetty.util.thread.QueuedThreadPool.runJob(QueuedThreadPool.java:883)
        at org.eclipse.jetty.util.thread.QueuedThreadPool$Runner.run(QueuedThreadPool.java:1034)
        at java.lang.Thread.run(Thread.java:750)
"2f412ea8-0081-4ad7-b64d-031dd4a9d4b2@group-1F2C47812506-StateMachineUpdater" daemon prio=5 tid=604 timed_waiting
java.lang.Thread.State: TIMED_WAITING
        at sun.misc.Unsafe.park(Native Method)
        at java.util.concurrent.locks.LockSupport.parkNanos(LockSupport.java:215)
        at java.util.concurrent.CompletableFuture$Signaller.block(CompletableFuture.java:1709)
        at java.util.concurrent.ForkJoinPool.managedBlock(ForkJoinPool.java:3323)
        at java.util.concurrent.CompletableFuture.timedGet(CompletableFuture.java:1788)
        at java.util.concurrent.CompletableFuture.get(CompletableFuture.java:1928)
        at org.apache.ratis.util.AwaitForSignal.await(AwaitForSignal.java:56)
        at org.apache.ratis.server.impl.StateMachineUpdater.waitForCommit(StateMachineUpdater.java:207)
        at org.apache.ratis.server.impl.StateMachineUpdater.run(StateMachineUpdater.java:176)
        at java.lang.Thread.run(Thread.java:750)
"Datanode ReportManager Thread - 4" daemon prio=5 tid=424 timed_waiting
java.lang.Thread.State: TIMED_WAITING
        at sun.misc.Unsafe.park(Native Method)
        at java.util.concurrent.locks.LockSupport.parkNanos(LockSupport.java:215)
        at java.util.concurrent.locks.AbstractQueuedSynchronizer$ConditionObject.awaitNanos(AbstractQueuedSynchronizer.java:2078)
        at java.util.concurrent.ScheduledThreadPoolExecutor$DelayedWorkQueue.take(ScheduledThreadPoolExecutor.java:1093)
        at java.util.concurrent.ScheduledThreadPoolExecutor$DelayedWorkQueue.take(ScheduledThreadPoolExecutor.java:809)
        at java.util.concurrent.ThreadPoolExecutor.getTask(ThreadPoolExecutor.java:1074)
        at java.util.concurrent.ThreadPoolExecutor.runWorker(ThreadPoolExecutor.java:1134)
        at java.util.concurrent.ThreadPoolExecutor$Worker.run(ThreadPoolExecutor.java:624)
        at java.lang.Thread.run(Thread.java:750)
"IPC Server handler 13 on default port 35707" daemon prio=5 tid=50 timed_waiting
java.lang.Thread.State: TIMED_WAITING
        at sun.misc.Unsafe.park(Native Method)
        at java.util.concurrent.locks.LockSupport.parkNanos(LockSupport.java:215)
        at java.util.concurrent.locks.AbstractQueuedSynchronizer$ConditionObject.awaitNanos(AbstractQueuedSynchronizer.java:2078)
        at java.util.concurrent.LinkedBlockingQueue.poll(LinkedBlockingQueue.java:467)
        at org.apache.hadoop.ipc.CallQueueManager.take(CallQueueManager.java:317)
        at org.apache.hadoop.ipc.Server$Handler.run(Server.java:2942)
"ChunkReader-3" daemon prio=5 tid=803 in Object.wait()
java.lang.Thread.State: WAITING (on object monitor)
        at sun.misc.Unsafe.park(Native Method)
        at java.util.concurrent.locks.LockSupport.park(LockSupport.java:175)
        at java.util.concurrent.locks.AbstractQueuedSynchronizer$ConditionObject.await(AbstractQueuedSynchronizer.java:2039)
        at java.util.concurrent.LinkedBlockingQueue.take(LinkedBlockingQueue.java:442)
        at java.util.concurrent.ThreadPoolExecutor.getTask(ThreadPoolExecutor.java:1074)
        at java.util.concurrent.ThreadPoolExecutor.runWorker(ThreadPoolExecutor.java:1134)
        at java.util.concurrent.ThreadPoolExecutor$Worker.run(ThreadPoolExecutor.java:624)
        at java.lang.Thread.run(Thread.java:750)
"ChunkWriter-3-0" daemon prio=5 tid=495 in Object.wait()
java.lang.Thread.State: WAITING (on object monitor)
        at sun.misc.Unsafe.park(Native Method)
        at java.util.concurrent.locks.LockSupport.park(LockSupport.java:175)
        at java.util.concurrent.locks.AbstractQueuedSynchronizer$ConditionObject.await(AbstractQueuedSynchronizer.java:2039)
        at java.util.concurrent.LinkedBlockingDeque.takeFirst(LinkedBlockingDeque.java:492)
        at java.util.concurrent.LinkedBlockingDeque.take(LinkedBlockingDeque.java:680)
        at java.util.concurrent.ThreadPoolExecutor.getTask(ThreadPoolExecutor.java:1074)
        at java.util.concurrent.ThreadPoolExecutor.runWorker(ThreadPoolExecutor.java:1134)
        at java.util.concurrent.ThreadPoolExecutor$Worker.run(ThreadPoolExecutor.java:624)
        at java.lang.Thread.run(Thread.java:750)
"IPC Server handler 7 on default port 41123" daemon prio=5 tid=151 timed_waiting
java.lang.Thread.State: TIMED_WAITING
        at sun.misc.Unsafe.park(Native Method)
        at java.util.concurrent.locks.LockSupport.parkNanos(LockSupport.java:215)
        at java.util.concurrent.locks.AbstractQueuedSynchronizer$ConditionObject.awaitNanos(AbstractQueuedSynchronizer.java:2078)
        at java.util.concurrent.LinkedBlockingQueue.poll(LinkedBlockingQueue.java:467)
        at org.apache.hadoop.ipc.CallQueueManager.take(CallQueueManager.java:317)
        at org.apache.hadoop.ipc.Server$Handler.run(Server.java:2942)
"EventQueue-NodeRegistrationContainerReportForDataNodeSafeModeRule" daemon prio=5 tid=505 in Object.wait()
java.lang.Thread.State: WAITING (on object monitor)
        at sun.misc.Unsafe.park(Native Method)
        at java.util.concurrent.locks.LockSupport.park(LockSupport.java:175)
        at java.util.concurrent.locks.AbstractQueuedSynchronizer$ConditionObject.await(AbstractQueuedSynchronizer.java:2039)
        at java.util.concurrent.LinkedBlockingQueue.take(LinkedBlockingQueue.java:442)
        at java.util.concurrent.ThreadPoolExecutor.getTask(ThreadPoolExecutor.java:1074)
        at java.util.concurrent.ThreadPoolExecutor.runWorker(ThreadPoolExecutor.java:1134)
        at java.util.concurrent.ThreadPoolExecutor$Worker.run(ThreadPoolExecutor.java:624)
        at java.lang.Thread.run(Thread.java:750)
"qtp1788199670-106" daemon prio=5 tid=106 timed_waiting
java.lang.Thread.State: TIMED_WAITING
        at sun.misc.Unsafe.park(Native Method)
        at java.util.concurrent.locks.LockSupport.parkNanos(LockSupport.java:215)
        at java.util.concurrent.locks.AbstractQueuedSynchronizer$ConditionObject.awaitNanos(AbstractQueuedSynchronizer.java:2078)
        at org.eclipse.jetty.util.BlockingArrayQueue.poll(BlockingArrayQueue.java:382)
        at org.eclipse.jetty.util.thread.QueuedThreadPool$Runner.idleJobPoll(QueuedThreadPool.java:974)
        at org.eclipse.jetty.util.thread.QueuedThreadPool$Runner.run(QueuedThreadPool.java:1018)
        at java.lang.Thread.run(Thread.java:750)
"StaleRecoveringContainerScrubbingService#1" daemon prio=5 tid=477 timed_waiting
java.lang.Thread.State: TIMED_WAITING
        at sun.misc.Unsafe.park(Native Method)
        at java.util.concurrent.locks.LockSupport.parkNanos(LockSupport.java:215)
        at java.util.concurrent.locks.AbstractQueuedSynchronizer$ConditionObject.awaitNanos(AbstractQueuedSynchronizer.java:2078)
        at java.util.concurrent.ScheduledThreadPoolExecutor$DelayedWorkQueue.take(ScheduledThreadPoolExecutor.java:1093)
        at java.util.concurrent.ScheduledThreadPoolExecutor$DelayedWorkQueue.take(ScheduledThreadPoolExecutor.java:809)
        at java.util.concurrent.ThreadPoolExecutor.getTask(ThreadPoolExecutor.java:1074)
        at java.util.concurrent.ThreadPoolExecutor.runWorker(ThreadPoolExecutor.java:1134)
        at java.util.concurrent.ThreadPoolExecutor$Worker.run(ThreadPoolExecutor.java:624)
        at java.lang.Thread.run(Thread.java:750)
"Datanode State Machine Daemon Thread" daemon prio=5 tid=237 timed_waiting
java.lang.Thread.State: TIMED_WAITING
        at java.lang.Thread.sleep(Native Method)
        at org.apache.hadoop.ozone.container.common.statemachine.DatanodeStateMachine.startStateMachineThread(DatanodeStateMachine.java:313)
        at org.apache.hadoop.ozone.container.common.statemachine.DatanodeStateMachine.lambda$startDaemon$0(DatanodeStateMachine.java:493)
        at org.apache.hadoop.ozone.container.common.statemachine.DatanodeStateMachine$$Lambda$745/5753511.run(Unknown Source)
        at java.lang.Thread.run(Thread.java:750)
"IPC Server listener on 0" daemon prio=5 tid=31 runnable
java.lang.Thread.State: RUNNABLE
        at sun.nio.ch.EPollArrayWrapper.epollWait(Native Method)
        at sun.nio.ch.EPollArrayWrapper.poll(EPollArrayWrapper.java:269)
        at sun.nio.ch.EPollSelectorImpl.doSelect(EPollSelectorImpl.java:93)
        at sun.nio.ch.SelectorImpl.lockAndDoSelect(SelectorImpl.java:86)
        at sun.nio.ch.SelectorImpl.select(SelectorImpl.java:97)
        at sun.nio.ch.SelectorImpl.select(SelectorImpl.java:101)
        at org.apache.hadoop.ipc.Server$Listener.run(Server.java:1358)
"qtp1547050072-282" daemon prio=5 tid=282 timed_waiting
java.lang.Thread.State: TIMED_WAITING
        at sun.misc.Unsafe.park(Native Method)
        at java.util.concurrent.locks.LockSupport.parkNanos(LockSupport.java:215)
        at java.util.concurrent.locks.AbstractQueuedSynchronizer$ConditionObject.awaitNanos(AbstractQueuedSynchronizer.java:2078)
        at org.eclipse.jetty.util.BlockingArrayQueue.poll(BlockingArrayQueue.java:382)
        at org.eclipse.jetty.util.thread.QueuedThreadPool$Runner.idleJobPoll(QueuedThreadPool.java:974)
        at org.eclipse.jetty.util.thread.QueuedThreadPool$Runner.run(QueuedThreadPool.java:1018)
        at java.lang.Thread.run(Thread.java:750)
"Session-HouseKeeper-493f14e7-1"  prio=5 tid=143 timed_waiting
java.lang.Thread.State: TIMED_WAITING
        at sun.misc.Unsafe.park(Native Method)
        at java.util.concurrent.locks.LockSupport.parkNanos(LockSupport.java:215)
        at java.util.concurrent.locks.AbstractQueuedSynchronizer$ConditionObject.awaitNanos(AbstractQueuedSynchronizer.java:2078)
        at java.util.concurrent.ScheduledThreadPoolExecutor$DelayedWorkQueue.take(ScheduledThreadPoolExecutor.java:1093)
        at java.util.concurrent.ScheduledThreadPoolExecutor$DelayedWorkQueue.take(ScheduledThreadPoolExecutor.java:809)
        at java.util.concurrent.ThreadPoolExecutor.getTask(ThreadPoolExecutor.java:1074)
        at java.util.concurrent.ThreadPoolExecutor.runWorker(ThreadPoolExecutor.java:1134)
        at java.util.concurrent.ThreadPoolExecutor$Worker.run(ThreadPoolExecutor.java:624)
        at java.lang.Thread.run(Thread.java:750)
"6712d1d5-3f8e-46d5-b100-7ccc5411605f@group-3562DEAE299E-StateMachineUpdater" daemon prio=5 tid=631 timed_waiting
java.lang.Thread.State: TIMED_WAITING
        at sun.misc.Unsafe.park(Native Method)
        at java.util.concurrent.locks.LockSupport.parkNanos(LockSupport.java:215)
        at java.util.concurrent.CompletableFuture$Signaller.block(CompletableFuture.java:1709)
        at java.util.concurrent.ForkJoinPool.managedBlock(ForkJoinPool.java:3323)
        at java.util.concurrent.CompletableFuture.timedGet(CompletableFuture.java:1788)
        at java.util.concurrent.CompletableFuture.get(CompletableFuture.java:1928)
        at org.apache.ratis.util.AwaitForSignal.await(AwaitForSignal.java:56)
        at org.apache.ratis.server.impl.StateMachineUpdater.waitForCommit(StateMachineUpdater.java:207)
        at org.apache.ratis.server.impl.StateMachineUpdater.run(StateMachineUpdater.java:176)
        at java.lang.Thread.run(Thread.java:750)
"pool-196-thread-1"  prio=5 tid=305 timed_waiting
java.lang.Thread.State: TIMED_WAITING
        at sun.misc.Unsafe.park(Native Method)
        at java.util.concurrent.locks.LockSupport.parkNanos(LockSupport.java:215)
        at java.util.concurrent.locks.AbstractQueuedSynchronizer$ConditionObject.awaitNanos(AbstractQueuedSynchronizer.java:2078)
        at java.util.concurrent.ScheduledThreadPoolExecutor$DelayedWorkQueue.take(ScheduledThreadPoolExecutor.java:1093)
        at java.util.concurrent.ScheduledThreadPoolExecutor$DelayedWorkQueue.take(ScheduledThreadPoolExecutor.java:809)
        at java.util.concurrent.ThreadPoolExecutor.getTask(ThreadPoolExecutor.java:1074)
        at java.util.concurrent.ThreadPoolExecutor.runWorker(ThreadPoolExecutor.java:1134)
        at java.util.concurrent.ThreadPoolExecutor$Worker.run(ThreadPoolExecutor.java:624)
        at java.lang.Thread.run(Thread.java:750)
"IPC Server Responder" daemon prio=5 tid=123 runnable
java.lang.Thread.State: RUNNABLE
        at sun.nio.ch.EPollArrayWrapper.epollWait(Native Method)
        at sun.nio.ch.EPollArrayWrapper.poll(EPollArrayWrapper.java:269)
        at sun.nio.ch.EPollSelectorImpl.doSelect(EPollSelectorImpl.java:93)
        at sun.nio.ch.SelectorImpl.lockAndDoSelect(SelectorImpl.java:86)
        at sun.nio.ch.SelectorImpl.select(SelectorImpl.java:97)
        at org.apache.hadoop.ipc.Server$Responder.doRunLoop(Server.java:1532)
        at org.apache.hadoop.ipc.Server$Responder.run(Server.java:1515)
"qtp2126618194-204" daemon prio=5 tid=204 timed_waiting
java.lang.Thread.State: TIMED_WAITING
        at sun.misc.Unsafe.park(Native Method)
        at java.util.concurrent.locks.LockSupport.parkNanos(LockSupport.java:215)
        at java.util.concurrent.locks.AbstractQueuedSynchronizer$ConditionObject.awaitNanos(AbstractQueuedSynchronizer.java:2078)
        at org.eclipse.jetty.util.BlockingArrayQueue.poll(BlockingArrayQueue.java:382)
        at org.eclipse.jetty.util.thread.QueuedThreadPool$Runner.idleJobPoll(QueuedThreadPool.java:974)
        at org.eclipse.jetty.util.thread.QueuedThreadPool$Runner.run(QueuedThreadPool.java:1018)
        at java.lang.Thread.run(Thread.java:750)
"qtp1144474914-258" daemon prio=5 tid=258 timed_waiting
java.lang.Thread.State: TIMED_WAITING
        at sun.misc.Unsafe.park(Native Method)
        at java.util.concurrent.locks.LockSupport.parkNanos(LockSupport.java:215)
        at java.util.concurrent.locks.AbstractQueuedSynchronizer$ConditionObject.awaitNanos(AbstractQueuedSynchronizer.java:2078)
        at org.eclipse.jetty.util.BlockingArrayQueue.poll(BlockingArrayQueue.java:382)
        at org.eclipse.jetty.util.thread.QueuedThreadPool$Runner.idleJobPoll(QueuedThreadPool.java:974)
        at org.eclipse.jetty.util.thread.QueuedThreadPool$Runner.run(QueuedThreadPool.java:1018)
        at java.lang.Thread.run(Thread.java:750)
"Timer-0"  prio=5 tid=130 timed_waiting
java.lang.Thread.State: TIMED_WAITING
        at java.lang.Object.wait(Native Method)
        at java.util.TimerThread.mainLoop(Timer.java:552)
        at java.util.TimerThread.run(Timer.java:505)
"RatisPipelineUtilsThread - 0"  prio=5 tid=15 timed_waiting
java.lang.Thread.State: TIMED_WAITING
        at java.lang.Object.wait(Native Method)
        at org.apache.hadoop.hdds.scm.pipeline.BackgroundPipelineCreator.run(BackgroundPipelineCreator.java:176)
        at org.apache.hadoop.hdds.scm.pipeline.BackgroundPipelineCreator$$Lambda$371/9539718.run(Unknown Source)
        at java.lang.Thread.run(Thread.java:750)
"EndpointStateMachine task thread for /0.0.0.0:46513 - 0 "  prio=5 tid=522 in Object.wait()
java.lang.Thread.State: WAITING (on object monitor)
        at sun.misc.Unsafe.park(Native Method)
        at java.util.concurrent.locks.LockSupport.park(LockSupport.java:175)
        at java.util.concurrent.locks.AbstractQueuedSynchronizer$ConditionObject.await(AbstractQueuedSynchronizer.java:2039)
        at java.util.concurrent.LinkedBlockingQueue.take(LinkedBlockingQueue.java:442)
        at java.util.concurrent.ThreadPoolExecutor.getTask(ThreadPoolExecutor.java:1074)
        at java.util.concurrent.ThreadPoolExecutor.runWorker(ThreadPoolExecutor.java:1134)
        at java.util.concurrent.ThreadPoolExecutor$Worker.run(ThreadPoolExecutor.java:624)
        at java.lang.Thread.run(Thread.java:750)
"Datanode ReportManager Thread - 4" daemon prio=5 tid=242 timed_waiting
java.lang.Thread.State: TIMED_WAITING
        at sun.misc.Unsafe.park(Native Method)
        at java.util.concurrent.locks.LockSupport.parkNanos(LockSupport.java:215)
        at java.util.concurrent.locks.AbstractQueuedSynchronizer$ConditionObject.awaitNanos(AbstractQueuedSynchronizer.java:2078)
        at java.util.concurrent.ScheduledThreadPoolExecutor$DelayedWorkQueue.take(ScheduledThreadPoolExecutor.java:1093)
        at java.util.concurrent.ScheduledThreadPoolExecutor$DelayedWorkQueue.take(ScheduledThreadPoolExecutor.java:809)
        at java.util.concurrent.ThreadPoolExecutor.getTask(ThreadPoolExecutor.java:1074)
        at java.util.concurrent.ThreadPoolExecutor.runWorker(ThreadPoolExecutor.java:1134)
        at java.util.concurrent.ThreadPoolExecutor$Worker.run(ThreadPoolExecutor.java:624)
        at java.lang.Thread.run(Thread.java:750)
"ChunkWriter-0-0" daemon prio=5 tid=434 in Object.wait()
java.lang.Thread.State: WAITING (on object monitor)
        at sun.misc.Unsafe.park(Native Method)
        at java.util.concurrent.locks.LockSupport.park(LockSupport.java:175)
        at java.util.concurrent.locks.AbstractQueuedSynchronizer$ConditionObject.await(AbstractQueuedSynchronizer.java:2039)
        at java.util.concurrent.LinkedBlockingDeque.takeFirst(LinkedBlockingDeque.java:492)
        at java.util.concurrent.LinkedBlockingDeque.take(LinkedBlockingDeque.java:680)
        at java.util.concurrent.ThreadPoolExecutor.getTask(ThreadPoolExecutor.java:1074)
        at java.util.concurrent.ThreadPoolExecutor.runWorker(ThreadPoolExecutor.java:1134)
        at java.util.concurrent.ThreadPoolExecutor$Worker.run(ThreadPoolExecutor.java:624)
        at java.lang.Thread.run(Thread.java:750)
"org.apache.hadoop.util.JvmPauseMonitor$Monitor@61b604b0" daemon prio=5 tid=464 timed_waiting
java.lang.Thread.State: TIMED_WAITING
        at java.lang.Thread.sleep(Native Method)
        at org.apache.hadoop.util.JvmPauseMonitor$Monitor.run(JvmPauseMonitor.java:192)
        at java.lang.Thread.run(Thread.java:750)
"Timer for 'StorageContainerManager' metrics system" daemon prio=5 tid=35 timed_waiting
java.lang.Thread.State: TIMED_WAITING
        at java.lang.Object.wait(Native Method)
        at java.util.TimerThread.mainLoop(Timer.java:552)
        at java.util.TimerThread.run(Timer.java:505)
"FixedThreadPoolWithAffinityExecutor-1-0" daemon prio=5 tid=503 in Object.wait()
java.lang.Thread.State: WAITING (on object monitor)
        at sun.misc.Unsafe.park(Native Method)
        at java.util.concurrent.locks.LockSupport.park(LockSupport.java:175)
        at java.util.concurrent.locks.AbstractQueuedSynchronizer$ConditionObject.await(AbstractQueuedSynchronizer.java:2039)
        at java.util.concurrent.LinkedBlockingDeque.takeFirst(LinkedBlockingDeque.java:492)
        at java.util.concurrent.LinkedBlockingDeque.take(LinkedBlockingDeque.java:680)
        at java.util.concurrent.ThreadPoolExecutor.getTask(ThreadPoolExecutor.java:1074)
        at java.util.concurrent.ThreadPoolExecutor.runWorker(ThreadPoolExecutor.java:1134)
        at java.util.concurrent.ThreadPoolExecutor$Worker.run(ThreadPoolExecutor.java:624)
        at java.lang.Thread.run(Thread.java:750)
"StaleRecoveringContainerScrubbingService#0" daemon prio=5 tid=403 in Object.wait()
java.lang.Thread.State: WAITING (on object monitor)
        at sun.misc.Unsafe.park(Native Method)
        at java.util.concurrent.locks.LockSupport.park(LockSupport.java:175)
        at java.util.concurrent.locks.AbstractQueuedSynchronizer$ConditionObject.await(AbstractQueuedSynchronizer.java:2039)
        at java.util.concurrent.ScheduledThreadPoolExecutor$DelayedWorkQueue.take(ScheduledThreadPoolExecutor.java:1088)
        at java.util.concurrent.ScheduledThreadPoolExecutor$DelayedWorkQueue.take(ScheduledThreadPoolExecutor.java:809)
        at java.util.concurrent.ThreadPoolExecutor.getTask(ThreadPoolExecutor.java:1074)
        at java.util.concurrent.ThreadPoolExecutor.runWorker(ThreadPoolExecutor.java:1134)
        at java.util.concurrent.ThreadPoolExecutor$Worker.run(ThreadPoolExecutor.java:624)
        at java.lang.Thread.run(Thread.java:750)
"ChunkReader-0" daemon prio=5 tid=758 in Object.wait()
java.lang.Thread.State: WAITING (on object monitor)
        at sun.misc.Unsafe.park(Native Method)
        at java.util.concurrent.locks.LockSupport.park(LockSupport.java:175)
        at java.util.concurrent.locks.AbstractQueuedSynchronizer$ConditionObject.await(AbstractQueuedSynchronizer.java:2039)
        at java.util.concurrent.LinkedBlockingQueue.take(LinkedBlockingQueue.java:442)
        at java.util.concurrent.ThreadPoolExecutor.getTask(ThreadPoolExecutor.java:1074)
        at java.util.concurrent.ThreadPoolExecutor.runWorker(ThreadPoolExecutor.java:1134)
        at java.util.concurrent.ThreadPoolExecutor$Worker.run(ThreadPoolExecutor.java:624)
        at java.lang.Thread.run(Thread.java:750)
"a2b9a5b5-e126-445d-90e8-946fc00ddc43-server-thread1" daemon prio=5 tid=859 timed_waiting
java.lang.Thread.State: TIMED_WAITING
        at sun.misc.Unsafe.park(Native Method)
        at java.util.concurrent.locks.LockSupport.parkNanos(LockSupport.java:215)
        at java.util.concurrent.SynchronousQueue$TransferStack.awaitFulfill(SynchronousQueue.java:460)
        at java.util.concurrent.SynchronousQueue$TransferStack.transfer(SynchronousQueue.java:362)
        at java.util.concurrent.SynchronousQueue.poll(SynchronousQueue.java:941)
        at java.util.concurrent.ThreadPoolExecutor.getTask(ThreadPoolExecutor.java:1073)
        at java.util.concurrent.ThreadPoolExecutor.runWorker(ThreadPoolExecutor.java:1134)
        at java.util.concurrent.ThreadPoolExecutor$Worker.run(ThreadPoolExecutor.java:624)
        at java.lang.Thread.run(Thread.java:750)
"StaleRecoveringContainerScrubbingService#0" daemon prio=5 tid=499 in Object.wait()
java.lang.Thread.State: WAITING (on object monitor)
        at sun.misc.Unsafe.park(Native Method)
        at java.util.concurrent.locks.LockSupport.park(LockSupport.java:175)
        at java.util.concurrent.locks.AbstractQueuedSynchronizer$ConditionObject.await(AbstractQueuedSynchronizer.java:2039)
        at java.util.concurrent.ScheduledThreadPoolExecutor$DelayedWorkQueue.take(ScheduledThreadPoolExecutor.java:1088)
        at java.util.concurrent.ScheduledThreadPoolExecutor$DelayedWorkQueue.take(ScheduledThreadPoolExecutor.java:809)
        at java.util.concurrent.ThreadPoolExecutor.getTask(ThreadPoolExecutor.java:1074)
        at java.util.concurrent.ThreadPoolExecutor.runWorker(ThreadPoolExecutor.java:1134)
        at java.util.concurrent.ThreadPoolExecutor$Worker.run(ThreadPoolExecutor.java:624)
        at java.lang.Thread.run(Thread.java:750)
"Datanode ReportManager Thread - 4" daemon prio=5 tid=462 timed_waiting
java.lang.Thread.State: TIMED_WAITING
        at sun.misc.Unsafe.park(Native Method)
        at java.util.concurrent.locks.LockSupport.parkNanos(LockSupport.java:215)
        at java.util.concurrent.locks.AbstractQueuedSynchronizer$ConditionObject.awaitNanos(AbstractQueuedSynchronizer.java:2078)
        at java.util.concurrent.ScheduledThreadPoolExecutor$DelayedWorkQueue.take(ScheduledThreadPoolExecutor.java:1093)
        at java.util.concurrent.ScheduledThreadPoolExecutor$DelayedWorkQueue.take(ScheduledThreadPoolExecutor.java:809)
        at java.util.concurrent.ThreadPoolExecutor.getTask(ThreadPoolExecutor.java:1074)
        at java.util.concurrent.ThreadPoolExecutor.runWorker(ThreadPoolExecutor.java:1134)
        at java.util.concurrent.ThreadPoolExecutor$Worker.run(ThreadPoolExecutor.java:624)
        at java.lang.Thread.run(Thread.java:750)
"Command processor thread" daemon prio=5 tid=386 timed_waiting
java.lang.Thread.State: TIMED_WAITING
        at java.lang.Thread.sleep(Native Method)
        at org.apache.hadoop.ozone.container.common.statemachine.DatanodeStateMachine.lambda$initCommandHandlerThread$3(DatanodeStateMachine.java:628)
        at org.apache.hadoop.ozone.container.common.statemachine.DatanodeStateMachine$$Lambda$747/98858159.run(Unknown Source)
        at java.lang.Thread.run(Thread.java:750)
"IPC Server handler 18 on default port 35707" daemon prio=5 tid=55 timed_waiting
java.lang.Thread.State: TIMED_WAITING
        at sun.misc.Unsafe.park(Native Method)
        at java.util.concurrent.locks.LockSupport.parkNanos(LockSupport.java:215)
        at java.util.concurrent.locks.AbstractQueuedSynchronizer$ConditionObject.awaitNanos(AbstractQueuedSynchronizer.java:2078)
        at java.util.concurrent.LinkedBlockingQueue.poll(LinkedBlockingQueue.java:467)
        at org.apache.hadoop.ipc.CallQueueManager.take(CallQueueManager.java:317)
        at org.apache.hadoop.ipc.Server$Handler.run(Server.java:2942)
"Datanode ReportManager Thread - 1" daemon prio=5 tid=265 in Object.wait()
java.lang.Thread.State: WAITING (on object monitor)
        at sun.misc.Unsafe.park(Native Method)
        at java.util.concurrent.locks.LockSupport.park(LockSupport.java:175)
        at java.util.concurrent.locks.AbstractQueuedSynchronizer$ConditionObject.await(AbstractQueuedSynchronizer.java:2039)
        at java.util.concurrent.ScheduledThreadPoolExecutor$DelayedWorkQueue.take(ScheduledThreadPoolExecutor.java:1088)
        at java.util.concurrent.ScheduledThreadPoolExecutor$DelayedWorkQueue.take(ScheduledThreadPoolExecutor.java:809)
        at java.util.concurrent.ThreadPoolExecutor.getTask(ThreadPoolExecutor.java:1074)
        at java.util.concurrent.ThreadPoolExecutor.runWorker(ThreadPoolExecutor.java:1134)
        at java.util.concurrent.ThreadPoolExecutor$Worker.run(ThreadPoolExecutor.java:624)
        at java.lang.Thread.run(Thread.java:750)
"Session-HouseKeeper-31e376e4-1"  prio=5 tid=262 timed_waiting
java.lang.Thread.State: TIMED_WAITING
        at sun.misc.Unsafe.park(Native Method)
        at java.util.concurrent.locks.LockSupport.parkNanos(LockSupport.java:215)
        at java.util.concurrent.locks.AbstractQueuedSynchronizer$ConditionObject.awaitNanos(AbstractQueuedSynchronizer.java:2078)
        at java.util.concurrent.ScheduledThreadPoolExecutor$DelayedWorkQueue.take(ScheduledThreadPoolExecutor.java:1093)
        at java.util.concurrent.ScheduledThreadPoolExecutor$DelayedWorkQueue.take(ScheduledThreadPoolExecutor.java:809)
        at java.util.concurrent.ThreadPoolExecutor.getTask(ThreadPoolExecutor.java:1074)
        at java.util.concurrent.ThreadPoolExecutor.runWorker(ThreadPoolExecutor.java:1134)
        at java.util.concurrent.ThreadPoolExecutor$Worker.run(ThreadPoolExecutor.java:624)
        at java.lang.Thread.run(Thread.java:750)
"pool-95-thread-1"  prio=5 tid=575 in Object.wait()
java.lang.Thread.State: WAITING (on object monitor)
        at sun.misc.Unsafe.park(Native Method)
        at java.util.concurrent.locks.LockSupport.park(LockSupport.java:175)
        at java.util.concurrent.locks.AbstractQueuedSynchronizer$ConditionObject.await(AbstractQueuedSynchronizer.java:2039)
        at java.util.concurrent.LinkedBlockingQueue.take(LinkedBlockingQueue.java:442)
        at java.util.concurrent.ThreadPoolExecutor.getTask(ThreadPoolExecutor.java:1074)
        at java.util.concurrent.ThreadPoolExecutor.runWorker(ThreadPoolExecutor.java:1134)
        at java.util.concurrent.ThreadPoolExecutor$Worker.run(ThreadPoolExecutor.java:624)
        at java.lang.Thread.run(Thread.java:750)
"2c0de523-4fef-49d4-a7e7-019bfd407efe@group-C5DF1AF2A9A6->0cbed28b-7e2e-4c55-93c4-a5222a360620-GrpcLogAppender-LogAppenderDaemon" daemon prio=5 tid=836 timed_waiting
java.lang.Thread.State: TIMED_WAITING
        at sun.misc.Unsafe.park(Native Method)
        at java.util.concurrent.locks.LockSupport.parkNanos(LockSupport.java:215)
        at java.util.concurrent.CompletableFuture$Signaller.block(CompletableFuture.java:1709)
        at java.util.concurrent.ForkJoinPool.managedBlock(ForkJoinPool.java:3323)
        at java.util.concurrent.CompletableFuture.timedGet(CompletableFuture.java:1788)
        at java.util.concurrent.CompletableFuture.get(CompletableFuture.java:1928)
        at org.apache.ratis.util.AwaitForSignal.await(AwaitForSignal.java:56)
        at org.apache.ratis.grpc.server.GrpcLogAppender.mayWait(GrpcLogAppender.java:198)
        at org.apache.ratis.grpc.server.GrpcLogAppender.run(GrpcLogAppender.java:148)
        at org.apache.ratis.server.leader.LogAppenderDaemon.run(LogAppenderDaemon.java:78)
        at org.apache.ratis.server.leader.LogAppenderDaemon$$Lambda$1029/580247341.run(Unknown Source)
        at java.lang.Thread.run(Thread.java:750)
"6712d1d5-3f8e-46d5-b100-7ccc5411605f@group-C5DF1AF2A9A6-SegmentedRaftLogWorker"  prio=5 tid=618 timed_waiting
java.lang.Thread.State: TIMED_WAITING
        at sun.misc.Unsafe.park(Native Method)
        at java.util.concurrent.locks.LockSupport.parkNanos(LockSupport.java:215)
        at java.util.concurrent.locks.AbstractQueuedSynchronizer$ConditionObject.awaitNanos(AbstractQueuedSynchronizer.java:2078)
        at org.apache.ratis.util.DataBlockingQueue.poll(DataBlockingQueue.java:148)
        at org.apache.ratis.server.raftlog.segmented.SegmentedRaftLogWorker.run(SegmentedRaftLogWorker.java:310)
        at org.apache.ratis.server.raftlog.segmented.SegmentedRaftLogWorker$$Lambda$661/1740308191.run(Unknown Source)
        at java.lang.Thread.run(Thread.java:750)
"ChunkReader-ELG-0" daemon prio=5 tid=529 runnable
java.lang.Thread.State: RUNNABLE
        at org.apache.ratis.thirdparty.io.netty.channel.epoll.Native.epollWait0(Native Method)
        at org.apache.ratis.thirdparty.io.netty.channel.epoll.Native.epollWait(Native.java:182)
        at org.apache.ratis.thirdparty.io.netty.channel.epoll.EpollEventLoop.epollWait(EpollEventLoop.java:290)
        at org.apache.ratis.thirdparty.io.netty.channel.epoll.EpollEventLoop.run(EpollEventLoop.java:354)
        at org.apache.ratis.thirdparty.io.netty.util.concurrent.SingleThreadEventExecutor$4.run(SingleThreadEventExecutor.java:995)
        at org.apache.ratis.thirdparty.io.netty.util.internal.ThreadExecutorMap$2.run(ThreadExecutorMap.java:74)
        at java.lang.Thread.run(Thread.java:750)
"617aebcb-94d5-4f34-9c47-e0c0542c8799@group-74DC051E88E8-LeaderStateImpl" daemon prio=5 tid=779 timed_waiting
java.lang.Thread.State: TIMED_WAITING
        at sun.misc.Unsafe.park(Native Method)
        at java.util.concurrent.locks.LockSupport.parkNanos(LockSupport.java:215)
        at java.util.concurrent.locks.AbstractQueuedSynchronizer$ConditionObject.awaitNanos(AbstractQueuedSynchronizer.java:2078)
        at java.util.concurrent.ArrayBlockingQueue.poll(ArrayBlockingQueue.java:418)
        at org.apache.ratis.server.impl.LeaderStateImpl$EventQueue.poll(LeaderStateImpl.java:159)
        at org.apache.ratis.server.impl.LeaderStateImpl$EventProcessor.run(LeaderStateImpl.java:630)
"f5cc69e3-4def-49b3-97e4-fc35696e58fc@group-9AE1E5A711C7-StateMachineUpdater" daemon prio=5 tid=645 timed_waiting
java.lang.Thread.State: TIMED_WAITING
        at sun.misc.Unsafe.park(Native Method)
        at java.util.concurrent.locks.LockSupport.parkNanos(LockSupport.java:215)
        at java.util.concurrent.CompletableFuture$Signaller.block(CompletableFuture.java:1709)
        at java.util.concurrent.ForkJoinPool.managedBlock(ForkJoinPool.java:3323)
        at java.util.concurrent.CompletableFuture.timedGet(CompletableFuture.java:1788)
        at java.util.concurrent.CompletableFuture.get(CompletableFuture.java:1928)
        at org.apache.ratis.util.AwaitForSignal.await(AwaitForSignal.java:56)
        at org.apache.ratis.server.impl.StateMachineUpdater.waitForCommit(StateMachineUpdater.java:207)
        at org.apache.ratis.server.impl.StateMachineUpdater.run(StateMachineUpdater.java:176)
        at java.lang.Thread.run(Thread.java:750)
"IPC Server handler 16 on default port 35707" daemon prio=5 tid=53 timed_waiting
java.lang.Thread.State: TIMED_WAITING
        at sun.misc.Unsafe.park(Native Method)
        at java.util.concurrent.locks.LockSupport.parkNanos(LockSupport.java:215)
        at java.util.concurrent.locks.AbstractQueuedSynchronizer$ConditionObject.awaitNanos(AbstractQueuedSynchronizer.java:2078)
        at java.util.concurrent.LinkedBlockingQueue.poll(LinkedBlockingQueue.java:467)
        at org.apache.hadoop.ipc.CallQueueManager.take(CallQueueManager.java:317)
        at org.apache.hadoop.ipc.Server$Handler.run(Server.java:2942)
"JvmPauseMonitor5" daemon prio=5 tid=484 timed_waiting
java.lang.Thread.State: TIMED_WAITING
        at java.lang.Thread.sleep(Native Method)
        at java.lang.Thread.sleep(Thread.java:342)
        at java.util.concurrent.TimeUnit.sleep(TimeUnit.java:386)
        at org.apache.ratis.util.TimeDuration.sleep(TimeDuration.java:325)
        at org.apache.ratis.util.TimeDuration.sleep(TimeDuration.java:310)
        at org.apache.ratis.util.JvmPauseMonitor.detectPause(JvmPauseMonitor.java:119)
        at org.apache.ratis.util.JvmPauseMonitor.run(JvmPauseMonitor.java:108)
        at org.apache.ratis.util.JvmPauseMonitor$$Lambda$702/1803904229.run(Unknown Source)
        at java.lang.Thread.run(Thread.java:750)
"ChunkWriter-0-0" daemon prio=5 tid=480 in Object.wait()
java.lang.Thread.State: WAITING (on object monitor)
        at sun.misc.Unsafe.park(Native Method)
        at java.util.concurrent.locks.LockSupport.park(LockSupport.java:175)
        at java.util.concurrent.locks.AbstractQueuedSynchronizer$ConditionObject.await(AbstractQueuedSynchronizer.java:2039)
        at java.util.concurrent.LinkedBlockingDeque.takeFirst(LinkedBlockingDeque.java:492)
        at java.util.concurrent.LinkedBlockingDeque.take(LinkedBlockingDeque.java:680)
        at java.util.concurrent.ThreadPoolExecutor.getTask(ThreadPoolExecutor.java:1074)
        at java.util.concurrent.ThreadPoolExecutor.runWorker(ThreadPoolExecutor.java:1134)
        at java.util.concurrent.ThreadPoolExecutor$Worker.run(ThreadPoolExecutor.java:624)
        at java.lang.Thread.run(Thread.java:750)
"grpc-default-boss-ELG-1-1" daemon prio=5 tid=128 runnable
java.lang.Thread.State: RUNNABLE
        at org.apache.ratis.thirdparty.io.netty.channel.epoll.Native.epollWait(Native Method)
        at org.apache.ratis.thirdparty.io.netty.channel.epoll.Native.epollWait(Native.java:209)
        at org.apache.ratis.thirdparty.io.netty.channel.epoll.Native.epollWait(Native.java:202)
        at org.apache.ratis.thirdparty.io.netty.channel.epoll.EpollEventLoop.epollWaitNoTimerChange(EpollEventLoop.java:294)
        at org.apache.ratis.thirdparty.io.netty.channel.epoll.EpollEventLoop.run(EpollEventLoop.java:351)
        at org.apache.ratis.thirdparty.io.netty.util.concurrent.SingleThreadEventExecutor$4.run(SingleThreadEventExecutor.java:995)
        at org.apache.ratis.thirdparty.io.netty.util.internal.ThreadExecutorMap$2.run(ThreadExecutorMap.java:74)
        at org.apache.ratis.thirdparty.io.netty.util.concurrent.FastThreadLocalRunnable.run(FastThreadLocalRunnable.java:30)
        at java.lang.Thread.run(Thread.java:750)
"ChunkReader-0" daemon prio=5 tid=754 in Object.wait()
java.lang.Thread.State: WAITING (on object monitor)
        at sun.misc.Unsafe.park(Native Method)
        at java.util.concurrent.locks.LockSupport.park(LockSupport.java:175)
        at java.util.concurrent.locks.AbstractQueuedSynchronizer$ConditionObject.await(AbstractQueuedSynchronizer.java:2039)
        at java.util.concurrent.LinkedBlockingQueue.take(LinkedBlockingQueue.java:442)
        at java.util.concurrent.ThreadPoolExecutor.getTask(ThreadPoolExecutor.java:1074)
        at java.util.concurrent.ThreadPoolExecutor.runWorker(ThreadPoolExecutor.java:1134)
        at java.util.concurrent.ThreadPoolExecutor$Worker.run(ThreadPoolExecutor.java:624)
        at java.lang.Thread.run(Thread.java:750)
"Periodic HDDS volume checker" daemon prio=5 tid=193 timed_waiting
java.lang.Thread.State: TIMED_WAITING
        at sun.misc.Unsafe.park(Native Method)
        at java.util.concurrent.locks.LockSupport.parkNanos(LockSupport.java:215)
        at java.util.concurrent.locks.AbstractQueuedSynchronizer$ConditionObject.awaitNanos(AbstractQueuedSynchronizer.java:2078)
        at java.util.concurrent.ScheduledThreadPoolExecutor$DelayedWorkQueue.take(ScheduledThreadPoolExecutor.java:1093)
        at java.util.concurrent.ScheduledThreadPoolExecutor$DelayedWorkQueue.take(ScheduledThreadPoolExecutor.java:809)
        at java.util.concurrent.ThreadPoolExecutor.getTask(ThreadPoolExecutor.java:1074)
        at java.util.concurrent.ThreadPoolExecutor.runWorker(ThreadPoolExecutor.java:1134)
        at java.util.concurrent.ThreadPoolExecutor$Worker.run(ThreadPoolExecutor.java:624)
        at java.lang.Thread.run(Thread.java:750)
"qtp1639869187-139" daemon prio=5 tid=139 timed_waiting
java.lang.Thread.State: TIMED_WAITING
        at sun.misc.Unsafe.park(Native Method)
        at java.util.concurrent.locks.LockSupport.parkNanos(LockSupport.java:215)
        at java.util.concurrent.locks.AbstractQueuedSynchronizer$ConditionObject.awaitNanos(AbstractQueuedSynchronizer.java:2078)
        at org.eclipse.jetty.util.BlockingArrayQueue.poll(BlockingArrayQueue.java:382)
        at org.eclipse.jetty.util.thread.QueuedThreadPool$Runner.idleJobPoll(QueuedThreadPool.java:974)
        at org.eclipse.jetty.util.thread.QueuedThreadPool$Runner.run(QueuedThreadPool.java:1018)
        at java.lang.Thread.run(Thread.java:750)
"qtp1506186841-451" daemon prio=5 tid=451 timed_waiting
java.lang.Thread.State: TIMED_WAITING
        at sun.misc.Unsafe.park(Native Method)
        at java.util.concurrent.locks.LockSupport.parkNanos(LockSupport.java:215)
        at java.util.concurrent.locks.AbstractQueuedSynchronizer$ConditionObject.awaitNanos(AbstractQueuedSynchronizer.java:2078)
        at org.eclipse.jetty.util.BlockingArrayQueue.poll(BlockingArrayQueue.java:382)
        at org.eclipse.jetty.util.thread.QueuedThreadPool$Runner.idleJobPoll(QueuedThreadPool.java:974)
        at org.eclipse.jetty.util.thread.QueuedThreadPool$Runner.run(QueuedThreadPool.java:1018)
        at java.lang.Thread.run(Thread.java:750)
"ChunkWriter-2-0" daemon prio=5 tid=494 in Object.wait()
java.lang.Thread.State: WAITING (on object monitor)
        at sun.misc.Unsafe.park(Native Method)
        at java.util.concurrent.locks.LockSupport.park(LockSupport.java:175)
        at java.util.concurrent.locks.AbstractQueuedSynchronizer$ConditionObject.await(AbstractQueuedSynchronizer.java:2039)
        at java.util.concurrent.LinkedBlockingDeque.takeFirst(LinkedBlockingDeque.java:492)
        at java.util.concurrent.LinkedBlockingDeque.take(LinkedBlockingDeque.java:680)
        at java.util.concurrent.ThreadPoolExecutor.getTask(ThreadPoolExecutor.java:1074)
        at java.util.concurrent.ThreadPoolExecutor.runWorker(ThreadPoolExecutor.java:1134)
        at java.util.concurrent.ThreadPoolExecutor$Worker.run(ThreadPoolExecutor.java:624)
        at java.lang.Thread.run(Thread.java:750)
"617aebcb-94d5-4f34-9c47-e0c0542c8799@group-74DC051E88E8->a2b9a5b5-e126-445d-90e8-946fc00ddc43-GrpcLogAppender-LogAppenderDaemon" daemon prio=5 tid=780 timed_waiting
java.lang.Thread.State: TIMED_WAITING
        at sun.misc.Unsafe.park(Native Method)
        at java.util.concurrent.locks.LockSupport.parkNanos(LockSupport.java:215)
        at java.util.concurrent.CompletableFuture$Signaller.block(CompletableFuture.java:1709)
        at java.util.concurrent.ForkJoinPool.managedBlock(ForkJoinPool.java:3323)
        at java.util.concurrent.CompletableFuture.timedGet(CompletableFuture.java:1788)
        at java.util.concurrent.CompletableFuture.get(CompletableFuture.java:1928)
        at org.apache.ratis.util.AwaitForSignal.await(AwaitForSignal.java:56)
        at org.apache.ratis.grpc.server.GrpcLogAppender.mayWait(GrpcLogAppender.java:198)
        at org.apache.ratis.grpc.server.GrpcLogAppender.run(GrpcLogAppender.java:148)
        at org.apache.ratis.server.leader.LogAppenderDaemon.run(LogAppenderDaemon.java:78)
        at org.apache.ratis.server.leader.LogAppenderDaemon$$Lambda$1029/580247341.run(Unknown Source)
        at java.lang.Thread.run(Thread.java:750)
"IPC Server handler 17 on default port 41123" daemon prio=5 tid=161 timed_waiting
java.lang.Thread.State: TIMED_WAITING
        at sun.misc.Unsafe.park(Native Method)
        at java.util.concurrent.locks.LockSupport.parkNanos(LockSupport.java:215)
        at java.util.concurrent.locks.AbstractQueuedSynchronizer$ConditionObject.awaitNanos(AbstractQueuedSynchronizer.java:2078)
        at java.util.concurrent.LinkedBlockingQueue.poll(LinkedBlockingQueue.java:467)
        at org.apache.hadoop.ipc.CallQueueManager.take(CallQueueManager.java:317)
        at org.apache.hadoop.ipc.Server$Handler.run(Server.java:2942)
"SCMBlockDeletingService#0" daemon prio=5 tid=97 timed_waiting
java.lang.Thread.State: TIMED_WAITING
        at sun.misc.Unsafe.park(Native Method)
        at java.util.concurrent.locks.LockSupport.parkNanos(LockSupport.java:215)
        at java.util.concurrent.locks.AbstractQueuedSynchronizer$ConditionObject.awaitNanos(AbstractQueuedSynchronizer.java:2078)
        at java.util.concurrent.ScheduledThreadPoolExecutor$DelayedWorkQueue.take(ScheduledThreadPoolExecutor.java:1093)
        at java.util.concurrent.ScheduledThreadPoolExecutor$DelayedWorkQueue.take(ScheduledThreadPoolExecutor.java:809)
        at java.util.concurrent.ThreadPoolExecutor.getTask(ThreadPoolExecutor.java:1074)
        at java.util.concurrent.ThreadPoolExecutor.runWorker(ThreadPoolExecutor.java:1134)
        at java.util.concurrent.ThreadPoolExecutor$Worker.run(ThreadPoolExecutor.java:624)
        at java.lang.Thread.run(Thread.java:750)
"qtp1547050072-280" daemon prio=5 tid=280 runnable
java.lang.Thread.State: RUNNABLE
        at sun.nio.ch.EPollArrayWrapper.epollWait(Native Method)
        at sun.nio.ch.EPollArrayWrapper.poll(EPollArrayWrapper.java:269)
        at sun.nio.ch.EPollSelectorImpl.doSelect(EPollSelectorImpl.java:93)
        at sun.nio.ch.SelectorImpl.lockAndDoSelect(SelectorImpl.java:86)
        at sun.nio.ch.SelectorImpl.select(SelectorImpl.java:97)
        at sun.nio.ch.SelectorImpl.select(SelectorImpl.java:101)
        at org.eclipse.jetty.io.ManagedSelector.nioSelect(ManagedSelector.java:183)
        at org.eclipse.jetty.io.ManagedSelector.select(ManagedSelector.java:190)
        at org.eclipse.jetty.io.ManagedSelector$SelectorProducer.select(ManagedSelector.java:606)
        at org.eclipse.jetty.io.ManagedSelector$SelectorProducer.produce(ManagedSelector.java:543)
        at org.eclipse.jetty.util.thread.strategy.EatWhatYouKill.produceTask(EatWhatYouKill.java:362)
        at org.eclipse.jetty.util.thread.strategy.EatWhatYouKill.doProduce(EatWhatYouKill.java:186)
        at org.eclipse.jetty.util.thread.strategy.EatWhatYouKill.tryProduce(EatWhatYouKill.java:173)
        at org.eclipse.jetty.util.thread.strategy.EatWhatYouKill.produce(EatWhatYouKill.java:137)
        at org.eclipse.jetty.io.ManagedSelector$$Lambda$443/1369352990.run(Unknown Source)
        at org.eclipse.jetty.util.thread.QueuedThreadPool.runJob(QueuedThreadPool.java:883)
        at org.eclipse.jetty.util.thread.QueuedThreadPool$Runner.run(QueuedThreadPool.java:1034)
        at java.lang.Thread.run(Thread.java:750)
"org.apache.hadoop.util.JvmPauseMonitor$Monitor@7eea8063" daemon prio=5 tid=387 timed_waiting
java.lang.Thread.State: TIMED_WAITING
        at java.lang.Thread.sleep(Native Method)
        at org.apache.hadoop.util.JvmPauseMonitor$Monitor.run(JvmPauseMonitor.java:192)
        at java.lang.Thread.run(Thread.java:750)
"EndpointStateMachine task thread for /0.0.0.0:46513 - 0 "  prio=5 tid=429 in Object.wait()
java.lang.Thread.State: WAITING (on object monitor)
        at sun.misc.Unsafe.park(Native Method)
        at java.util.concurrent.locks.LockSupport.park(LockSupport.java:175)
        at java.util.concurrent.locks.AbstractQueuedSynchronizer$ConditionObject.await(AbstractQueuedSynchronizer.java:2039)
        at java.util.concurrent.LinkedBlockingQueue.take(LinkedBlockingQueue.java:442)
        at java.util.concurrent.ThreadPoolExecutor.getTask(ThreadPoolExecutor.java:1074)
        at java.util.concurrent.ThreadPoolExecutor.runWorker(ThreadPoolExecutor.java:1134)
        at java.util.concurrent.ThreadPoolExecutor$Worker.run(ThreadPoolExecutor.java:624)
        at java.lang.Thread.run(Thread.java:750)
"CommandWatcher-LeaseManager#LeaseMonitor" daemon prio=5 tid=36 timed_waiting
java.lang.Thread.State: TIMED_WAITING
        at java.lang.Object.wait(Native Method)
        at org.apache.hadoop.ozone.lease.LeaseManager$LeaseMonitor.run(LeaseManager.java:238)
        at java.lang.Thread.run(Thread.java:750)
"BlockDeletingService#1" daemon prio=5 tid=558 timed_waiting
java.lang.Thread.State: TIMED_WAITING
        at sun.misc.Unsafe.park(Native Method)
        at java.util.concurrent.locks.LockSupport.parkNanos(LockSupport.java:215)
        at java.util.concurrent.locks.AbstractQueuedSynchronizer$ConditionObject.awaitNanos(AbstractQueuedSynchronizer.java:2078)
        at java.util.concurrent.ScheduledThreadPoolExecutor$DelayedWorkQueue.take(ScheduledThreadPoolExecutor.java:1093)
        at java.util.concurrent.ScheduledThreadPoolExecutor$DelayedWorkQueue.take(ScheduledThreadPoolExecutor.java:809)
        at java.util.concurrent.ThreadPoolExecutor.getTask(ThreadPoolExecutor.java:1074)
        at java.util.concurrent.ThreadPoolExecutor.runWorker(ThreadPoolExecutor.java:1134)
        at java.util.concurrent.ThreadPoolExecutor$Worker.run(ThreadPoolExecutor.java:624)
        at java.lang.Thread.run(Thread.java:750)
"org.apache.hadoop.util.JvmPauseMonitor$Monitor@85f81ce" daemon prio=5 tid=270 timed_waiting
java.lang.Thread.State: TIMED_WAITING
        at java.lang.Thread.sleep(Native Method)
        at org.apache.hadoop.util.JvmPauseMonitor$Monitor.run(JvmPauseMonitor.java:192)
        at java.lang.Thread.run(Thread.java:750)
"ChunkReader-1" daemon prio=5 tid=789 in Object.wait()
java.lang.Thread.State: WAITING (on object monitor)
        at sun.misc.Unsafe.park(Native Method)
        at java.util.concurrent.locks.LockSupport.park(LockSupport.java:175)
        at java.util.concurrent.locks.AbstractQueuedSynchronizer$ConditionObject.await(AbstractQueuedSynchronizer.java:2039)
        at java.util.concurrent.LinkedBlockingQueue.take(LinkedBlockingQueue.java:442)
        at java.util.concurrent.ThreadPoolExecutor.getTask(ThreadPoolExecutor.java:1074)
        at java.util.concurrent.ThreadPoolExecutor.runWorker(ThreadPoolExecutor.java:1134)
        at java.util.concurrent.ThreadPoolExecutor$Worker.run(ThreadPoolExecutor.java:624)
        at java.lang.Thread.run(Thread.java:750)
"ChunkWriter-1-0" daemon prio=5 tid=469 in Object.wait()
java.lang.Thread.State: WAITING (on object monitor)
        at sun.misc.Unsafe.park(Native Method)
        at java.util.concurrent.locks.LockSupport.park(LockSupport.java:175)
        at java.util.concurrent.locks.AbstractQueuedSynchronizer$ConditionObject.await(AbstractQueuedSynchronizer.java:2039)
        at java.util.concurrent.LinkedBlockingDeque.takeFirst(LinkedBlockingDeque.java:492)
        at java.util.concurrent.LinkedBlockingDeque.take(LinkedBlockingDeque.java:680)
        at java.util.concurrent.ThreadPoolExecutor.getTask(ThreadPoolExecutor.java:1074)
        at java.util.concurrent.ThreadPoolExecutor.runWorker(ThreadPoolExecutor.java:1134)
        at java.util.concurrent.ThreadPoolExecutor$Worker.run(ThreadPoolExecutor.java:624)
        at java.lang.Thread.run(Thread.java:750)
"IPC Server handler 12 on default port 35707" daemon prio=5 tid=49 timed_waiting
java.lang.Thread.State: TIMED_WAITING
        at sun.misc.Unsafe.park(Native Method)
        at java.util.concurrent.locks.LockSupport.parkNanos(LockSupport.java:215)
        at java.util.concurrent.locks.AbstractQueuedSynchronizer$ConditionObject.awaitNanos(AbstractQueuedSynchronizer.java:2078)
        at java.util.concurrent.LinkedBlockingQueue.poll(LinkedBlockingQueue.java:467)
        at org.apache.hadoop.ipc.CallQueueManager.take(CallQueueManager.java:317)
        at org.apache.hadoop.ipc.Server$Handler.run(Server.java:2942)
"4eb19ff5-df5c-423c-bb98-7a77d12fda0f@group-88B5DFD0E92F-StateMachineUpdater" daemon prio=5 tid=581 timed_waiting
java.lang.Thread.State: TIMED_WAITING
        at sun.misc.Unsafe.park(Native Method)
        at java.util.concurrent.locks.LockSupport.parkNanos(LockSupport.java:215)
        at java.util.concurrent.CompletableFuture$Signaller.block(CompletableFuture.java:1709)
        at java.util.concurrent.ForkJoinPool.managedBlock(ForkJoinPool.java:3323)
        at java.util.concurrent.CompletableFuture.timedGet(CompletableFuture.java:1788)
        at java.util.concurrent.CompletableFuture.get(CompletableFuture.java:1928)
        at org.apache.ratis.util.AwaitForSignal.await(AwaitForSignal.java:56)
        at org.apache.ratis.server.impl.StateMachineUpdater.waitForCommit(StateMachineUpdater.java:207)
        at org.apache.ratis.server.impl.StateMachineUpdater.run(StateMachineUpdater.java:176)
        at java.lang.Thread.run(Thread.java:750)
"pool-173-thread-1"  prio=5 tid=279 timed_waiting
java.lang.Thread.State: TIMED_WAITING
        at sun.misc.Unsafe.park(Native Method)
        at java.util.concurrent.locks.LockSupport.parkNanos(LockSupport.java:215)
        at java.util.concurrent.locks.AbstractQueuedSynchronizer$ConditionObject.awaitNanos(AbstractQueuedSynchronizer.java:2078)
        at java.util.concurrent.ScheduledThreadPoolExecutor$DelayedWorkQueue.take(ScheduledThreadPoolExecutor.java:1093)
        at java.util.concurrent.ScheduledThreadPoolExecutor$DelayedWorkQueue.take(ScheduledThreadPoolExecutor.java:809)
        at java.util.concurrent.ThreadPoolExecutor.getTask(ThreadPoolExecutor.java:1074)
        at java.util.concurrent.ThreadPoolExecutor.runWorker(ThreadPoolExecutor.java:1134)
        at java.util.concurrent.ThreadPoolExecutor$Worker.run(ThreadPoolExecutor.java:624)
        at java.lang.Thread.run(Thread.java:750)
"Datanode ReportManager Thread - 0" daemon prio=5 tid=264 in Object.wait()
java.lang.Thread.State: WAITING (on object monitor)
        at sun.misc.Unsafe.park(Native Method)
        at java.util.concurrent.locks.LockSupport.park(LockSupport.java:175)
        at java.util.concurrent.locks.AbstractQueuedSynchronizer$ConditionObject.await(AbstractQueuedSynchronizer.java:2039)
        at java.util.concurrent.ScheduledThreadPoolExecutor$DelayedWorkQueue.take(ScheduledThreadPoolExecutor.java:1088)
        at java.util.concurrent.ScheduledThreadPoolExecutor$DelayedWorkQueue.take(ScheduledThreadPoolExecutor.java:809)
        at java.util.concurrent.ThreadPoolExecutor.getTask(ThreadPoolExecutor.java:1074)
        at java.util.concurrent.ThreadPoolExecutor.runWorker(ThreadPoolExecutor.java:1134)
        at java.util.concurrent.ThreadPoolExecutor$Worker.run(ThreadPoolExecutor.java:624)
        at java.lang.Thread.run(Thread.java:750)
"Datanode ReportManager Thread - 1" daemon prio=5 tid=291 in Object.wait()
java.lang.Thread.State: WAITING (on object monitor)
        at sun.misc.Unsafe.park(Native Method)
        at java.util.concurrent.locks.LockSupport.park(LockSupport.java:175)
        at java.util.concurrent.locks.AbstractQueuedSynchronizer$ConditionObject.await(AbstractQueuedSynchronizer.java:2039)
        at java.util.concurrent.ScheduledThreadPoolExecutor$DelayedWorkQueue.take(ScheduledThreadPoolExecutor.java:1088)
        at java.util.concurrent.ScheduledThreadPoolExecutor$DelayedWorkQueue.take(ScheduledThreadPoolExecutor.java:809)
        at java.util.concurrent.ThreadPoolExecutor.getTask(ThreadPoolExecutor.java:1074)
        at java.util.concurrent.ThreadPoolExecutor.runWorker(ThreadPoolExecutor.java:1134)
        at java.util.concurrent.ThreadPoolExecutor$Worker.run(ThreadPoolExecutor.java:624)
        at java.lang.Thread.run(Thread.java:750)
"OMDoubleBufferFlushThread" daemon prio=5 tid=115 timed_waiting
java.lang.Thread.State: TIMED_WAITING
        at java.lang.Object.wait(Native Method)
        at org.apache.hadoop.ozone.om.ratis.OzoneManagerDoubleBuffer.canFlush(OzoneManagerDoubleBuffer.java:538)
        at org.apache.hadoop.ozone.om.ratis.OzoneManagerDoubleBuffer.flushTransactions(OzoneManagerDoubleBuffer.java:268)
        at org.apache.hadoop.ozone.om.ratis.OzoneManagerDoubleBuffer$$Lambda$500/1587213780.run(Unknown Source)
        at java.lang.Thread.run(Thread.java:750)
"timer2" daemon prio=5 tid=699 timed_waiting
java.lang.Thread.State: TIMED_WAITING
        at java.lang.Object.wait(Native Method)
        at java.util.TimerThread.mainLoop(Timer.java:552)
        at java.util.TimerThread.run(Timer.java:505)
"ChunkWriter-2-0" daemon prio=5 tid=394 in Object.wait()
java.lang.Thread.State: WAITING (on object monitor)
        at sun.misc.Unsafe.park(Native Method)
        at java.util.concurrent.locks.LockSupport.park(LockSupport.java:175)
        at java.util.concurrent.locks.AbstractQueuedSynchronizer$ConditionObject.await(AbstractQueuedSynchronizer.java:2039)
        at java.util.concurrent.LinkedBlockingDeque.takeFirst(LinkedBlockingDeque.java:492)
        at java.util.concurrent.LinkedBlockingDeque.take(LinkedBlockingDeque.java:680)
        at java.util.concurrent.ThreadPoolExecutor.getTask(ThreadPoolExecutor.java:1074)
        at java.util.concurrent.ThreadPoolExecutor.runWorker(ThreadPoolExecutor.java:1134)
        at java.util.concurrent.ThreadPoolExecutor$Worker.run(ThreadPoolExecutor.java:624)
        at java.lang.Thread.run(Thread.java:750)
"qtp1218952455-372-acceptor-0@4a8ebd84-ServerConnector@9d06580{HTTP/1.1, (http/1.1)}{0.0.0.0:40225}" daemon prio=3 tid=372 runnable
java.lang.Thread.State: RUNNABLE
        at sun.nio.ch.ServerSocketChannelImpl.accept0(Native Method)
        at sun.nio.ch.ServerSocketChannelImpl.accept(ServerSocketChannelImpl.java:421)
        at sun.nio.ch.ServerSocketChannelImpl.accept(ServerSocketChannelImpl.java:249)
        at org.eclipse.jetty.server.ServerConnector.accept(ServerConnector.java:388)
        at org.eclipse.jetty.server.AbstractConnector$Acceptor.run(AbstractConnector.java:702)
        at org.eclipse.jetty.util.thread.QueuedThreadPool.runJob(QueuedThreadPool.java:883)
        at org.eclipse.jetty.util.thread.QueuedThreadPool$Runner.run(QueuedThreadPool.java:1034)
        at java.lang.Thread.run(Thread.java:750)
"qtp260561245-335-acceptor-0@75e04626-ServerConnector@63657988{HTTP/1.1, (http/1.1)}{0.0.0.0:38307}" daemon prio=3 tid=335 runnable
java.lang.Thread.State: RUNNABLE
        at sun.nio.ch.ServerSocketChannelImpl.accept0(Native Method)
        at sun.nio.ch.ServerSocketChannelImpl.accept(ServerSocketChannelImpl.java:421)
        at sun.nio.ch.ServerSocketChannelImpl.accept(ServerSocketChannelImpl.java:249)
        at org.eclipse.jetty.server.ServerConnector.accept(ServerConnector.java:388)
        at org.eclipse.jetty.server.AbstractConnector$Acceptor.run(AbstractConnector.java:702)
        at org.eclipse.jetty.util.thread.QueuedThreadPool.runJob(QueuedThreadPool.java:883)
        at org.eclipse.jetty.util.thread.QueuedThreadPool$Runner.run(QueuedThreadPool.java:1034)
        at java.lang.Thread.run(Thread.java:750)
"IPC Server Responder" daemon prio=5 tid=26 runnable
java.lang.Thread.State: RUNNABLE
        at sun.nio.ch.EPollArrayWrapper.epollWait(Native Method)
        at sun.nio.ch.EPollArrayWrapper.poll(EPollArrayWrapper.java:269)
        at sun.nio.ch.EPollSelectorImpl.doSelect(EPollSelectorImpl.java:93)
        at sun.nio.ch.SelectorImpl.lockAndDoSelect(SelectorImpl.java:86)
        at sun.nio.ch.SelectorImpl.select(SelectorImpl.java:97)
        at org.apache.hadoop.ipc.Server$Responder.doRunLoop(Server.java:1532)
        at org.apache.hadoop.ipc.Server$Responder.run(Server.java:1515)
"ChunkWriter-1-0" daemon prio=5 tid=551 in Object.wait()
java.lang.Thread.State: WAITING (on object monitor)
        at sun.misc.Unsafe.park(Native Method)
        at java.util.concurrent.locks.LockSupport.park(LockSupport.java:175)
        at java.util.concurrent.locks.AbstractQueuedSynchronizer$ConditionObject.await(AbstractQueuedSynchronizer.java:2039)
        at java.util.concurrent.LinkedBlockingDeque.takeFirst(LinkedBlockingDeque.java:492)
        at java.util.concurrent.LinkedBlockingDeque.take(LinkedBlockingDeque.java:680)
        at java.util.concurrent.ThreadPoolExecutor.getTask(ThreadPoolExecutor.java:1074)
        at java.util.concurrent.ThreadPoolExecutor.runWorker(ThreadPoolExecutor.java:1134)
        at java.util.concurrent.ThreadPoolExecutor$Worker.run(ThreadPoolExecutor.java:624)
        at java.lang.Thread.run(Thread.java:750)
"6712d1d5-3f8e-46d5-b100-7ccc5411605f-server-thread3" daemon prio=5 tid=740 timed_waiting
java.lang.Thread.State: TIMED_WAITING
        at sun.misc.Unsafe.park(Native Method)
        at java.util.concurrent.locks.LockSupport.parkNanos(LockSupport.java:215)
        at java.util.concurrent.SynchronousQueue$TransferStack.awaitFulfill(SynchronousQueue.java:460)
        at java.util.concurrent.SynchronousQueue$TransferStack.transfer(SynchronousQueue.java:362)
        at java.util.concurrent.SynchronousQueue.poll(SynchronousQueue.java:941)
        at java.util.concurrent.ThreadPoolExecutor.getTask(ThreadPoolExecutor.java:1073)
        at java.util.concurrent.ThreadPoolExecutor.runWorker(ThreadPoolExecutor.java:1134)
        at java.util.concurrent.ThreadPoolExecutor$Worker.run(ThreadPoolExecutor.java:624)
        at java.lang.Thread.run(Thread.java:750)
"pool-31-thread-1"  prio=5 tid=99 timed_waiting
java.lang.Thread.State: TIMED_WAITING
        at sun.misc.Unsafe.park(Native Method)
        at java.util.concurrent.locks.LockSupport.parkNanos(LockSupport.java:215)
        at java.util.concurrent.locks.AbstractQueuedSynchronizer$ConditionObject.awaitNanos(AbstractQueuedSynchronizer.java:2078)
        at java.util.concurrent.ScheduledThreadPoolExecutor$DelayedWorkQueue.take(ScheduledThreadPoolExecutor.java:1093)
        at java.util.concurrent.ScheduledThreadPoolExecutor$DelayedWorkQueue.take(ScheduledThreadPoolExecutor.java:809)
        at java.util.concurrent.ThreadPoolExecutor.getTask(ThreadPoolExecutor.java:1074)
        at java.util.concurrent.ThreadPoolExecutor.runWorker(ThreadPoolExecutor.java:1134)
        at java.util.concurrent.ThreadPoolExecutor$Worker.run(ThreadPoolExecutor.java:624)
        at java.lang.Thread.run(Thread.java:750)
"pool-118-thread-1"  prio=5 tid=573 in Object.wait()
java.lang.Thread.State: WAITING (on object monitor)
        at sun.misc.Unsafe.park(Native Method)
        at java.util.concurrent.locks.LockSupport.park(LockSupport.java:175)
        at java.util.concurrent.locks.AbstractQueuedSynchronizer$ConditionObject.await(AbstractQueuedSynchronizer.java:2039)
        at java.util.concurrent.LinkedBlockingQueue.take(LinkedBlockingQueue.java:442)
        at java.util.concurrent.ThreadPoolExecutor.getTask(ThreadPoolExecutor.java:1074)
        at java.util.concurrent.ThreadPoolExecutor.runWorker(ThreadPoolExecutor.java:1134)
        at java.util.concurrent.ThreadPoolExecutor$Worker.run(ThreadPoolExecutor.java:624)
        at java.lang.Thread.run(Thread.java:750)
"Datanode State Machine Task Thread - 1"  prio=5 tid=521 in Object.wait()
java.lang.Thread.State: WAITING (on object monitor)
        at sun.misc.Unsafe.park(Native Method)
        at java.util.concurrent.locks.LockSupport.park(LockSupport.java:175)
        at java.util.concurrent.locks.AbstractQueuedSynchronizer$ConditionObject.await(AbstractQueuedSynchronizer.java:2039)
        at java.util.concurrent.LinkedBlockingQueue.take(LinkedBlockingQueue.java:442)
        at java.util.concurrent.ThreadPoolExecutor.getTask(ThreadPoolExecutor.java:1074)
        at java.util.concurrent.ThreadPoolExecutor.runWorker(ThreadPoolExecutor.java:1134)
        at java.util.concurrent.ThreadPoolExecutor$Worker.run(ThreadPoolExecutor.java:624)
        at java.lang.Thread.run(Thread.java:750)
"BlockDeletingService#0" daemon prio=5 tid=440 in Object.wait()
java.lang.Thread.State: WAITING (on object monitor)
        at sun.misc.Unsafe.park(Native Method)
        at java.util.concurrent.locks.LockSupport.park(LockSupport.java:175)
        at java.util.concurrent.locks.AbstractQueuedSynchronizer$ConditionObject.await(AbstractQueuedSynchronizer.java:2039)
        at java.util.concurrent.ScheduledThreadPoolExecutor$DelayedWorkQueue.take(ScheduledThreadPoolExecutor.java:1088)
        at java.util.concurrent.ScheduledThreadPoolExecutor$DelayedWorkQueue.take(ScheduledThreadPoolExecutor.java:809)
        at java.util.concurrent.ThreadPoolExecutor.getTask(ThreadPoolExecutor.java:1074)
        at java.util.concurrent.ThreadPoolExecutor.runWorker(ThreadPoolExecutor.java:1134)
        at java.util.concurrent.ThreadPoolExecutor$Worker.run(ThreadPoolExecutor.java:624)
        at java.lang.Thread.run(Thread.java:750)
"f5cc69e3-4def-49b3-97e4-fc35696e58fc-server-thread1" daemon prio=5 tid=793 timed_waiting
java.lang.Thread.State: TIMED_WAITING
        at sun.misc.Unsafe.park(Native Method)
        at java.util.concurrent.locks.LockSupport.parkNanos(LockSupport.java:215)
        at java.util.concurrent.SynchronousQueue$TransferStack.awaitFulfill(SynchronousQueue.java:460)
        at java.util.concurrent.SynchronousQueue$TransferStack.transfer(SynchronousQueue.java:362)
        at java.util.concurrent.SynchronousQueue.poll(SynchronousQueue.java:941)
        at java.util.concurrent.ThreadPoolExecutor.getTask(ThreadPoolExecutor.java:1073)
        at java.util.concurrent.ThreadPoolExecutor.runWorker(ThreadPoolExecutor.java:1134)
        at java.util.concurrent.ThreadPoolExecutor$Worker.run(ThreadPoolExecutor.java:624)
        at java.lang.Thread.run(Thread.java:750)
"IPC Server handler 10 on default port 41123" daemon prio=5 tid=154 timed_waiting
java.lang.Thread.State: TIMED_WAITING
        at sun.misc.Unsafe.park(Native Method)
        at java.util.concurrent.locks.LockSupport.parkNanos(LockSupport.java:215)
        at java.util.concurrent.locks.AbstractQueuedSynchronizer$ConditionObject.awaitNanos(AbstractQueuedSynchronizer.java:2078)
        at java.util.concurrent.LinkedBlockingQueue.poll(LinkedBlockingQueue.java:467)
        at org.apache.hadoop.ipc.CallQueueManager.take(CallQueueManager.java:317)
        at org.apache.hadoop.ipc.Server$Handler.run(Server.java:2942)
"IPC Server handler 7 on default port 37109" daemon prio=5 tid=64 timed_waiting
java.lang.Thread.State: TIMED_WAITING
        at sun.misc.Unsafe.park(Native Method)
        at java.util.concurrent.locks.LockSupport.parkNanos(LockSupport.java:215)
        at java.util.concurrent.locks.AbstractQueuedSynchronizer$ConditionObject.awaitNanos(AbstractQueuedSynchronizer.java:2078)
        at java.util.concurrent.LinkedBlockingQueue.poll(LinkedBlockingQueue.java:467)
        at org.apache.hadoop.ipc.CallQueueManager.take(CallQueueManager.java:317)
        at org.apache.hadoop.ipc.Server$Handler.run(Server.java:2942)
"timer7" daemon prio=5 tid=732 timed_waiting
java.lang.Thread.State: TIMED_WAITING
        at java.lang.Object.wait(Native Method)
        at java.util.TimerThread.mainLoop(Timer.java:552)
        at java.util.TimerThread.run(Timer.java:505)
"ChunkWriter-2-0" daemon prio=5 tid=482 in Object.wait()
java.lang.Thread.State: WAITING (on object monitor)
        at sun.misc.Unsafe.park(Native Method)
        at java.util.concurrent.locks.LockSupport.park(LockSupport.java:175)
        at java.util.concurrent.locks.AbstractQueuedSynchronizer$ConditionObject.await(AbstractQueuedSynchronizer.java:2039)
        at java.util.concurrent.LinkedBlockingDeque.takeFirst(LinkedBlockingDeque.java:492)
        at java.util.concurrent.LinkedBlockingDeque.take(LinkedBlockingDeque.java:680)
        at java.util.concurrent.ThreadPoolExecutor.getTask(ThreadPoolExecutor.java:1074)
        at java.util.concurrent.ThreadPoolExecutor.runWorker(ThreadPoolExecutor.java:1134)
        at java.util.concurrent.ThreadPoolExecutor$Worker.run(ThreadPoolExecutor.java:624)
        at java.lang.Thread.run(Thread.java:750)
"PartialTableCache Cleanup Thread - 0" daemon prio=5 tid=753 in Object.wait()
java.lang.Thread.State: WAITING (on object monitor)
        at sun.misc.Unsafe.park(Native Method)
        at java.util.concurrent.locks.LockSupport.park(LockSupport.java:175)
        at java.util.concurrent.locks.AbstractQueuedSynchronizer$ConditionObject.await(AbstractQueuedSynchronizer.java:2039)
        at java.util.concurrent.LinkedBlockingQueue.take(LinkedBlockingQueue.java:442)
        at java.util.concurrent.ThreadPoolExecutor.getTask(ThreadPoolExecutor.java:1074)
        at java.util.concurrent.ThreadPoolExecutor.runWorker(ThreadPoolExecutor.java:1134)
        at java.util.concurrent.ThreadPoolExecutor$Worker.run(ThreadPoolExecutor.java:624)
        at java.lang.Thread.run(Thread.java:750)
"Datanode ReportManager Thread - 3" daemon prio=5 tid=358 in Object.wait()
java.lang.Thread.State: WAITING (on object monitor)
        at sun.misc.Unsafe.park(Native Method)
        at java.util.concurrent.locks.LockSupport.park(LockSupport.java:175)
        at java.util.concurrent.locks.AbstractQueuedSynchronizer$ConditionObject.await(AbstractQueuedSynchronizer.java:2039)
        at java.util.concurrent.ScheduledThreadPoolExecutor$DelayedWorkQueue.take(ScheduledThreadPoolExecutor.java:1088)
        at java.util.concurrent.ScheduledThreadPoolExecutor$DelayedWorkQueue.take(ScheduledThreadPoolExecutor.java:809)
        at java.util.concurrent.ThreadPoolExecutor.getTask(ThreadPoolExecutor.java:1074)
        at java.util.concurrent.ThreadPoolExecutor.runWorker(ThreadPoolExecutor.java:1134)
        at java.util.concurrent.ThreadPoolExecutor$Worker.run(ThreadPoolExecutor.java:624)
        at java.lang.Thread.run(Thread.java:750)
"timer1" daemon prio=5 tid=697 timed_waiting
java.lang.Thread.State: TIMED_WAITING
        at java.lang.Object.wait(Native Method)
        at java.util.TimerThread.mainLoop(Timer.java:552)
        at java.util.TimerThread.run(Timer.java:505)
"ChunkWriter-2-0" daemon prio=5 tid=513 in Object.wait()
java.lang.Thread.State: WAITING (on object monitor)
        at sun.misc.Unsafe.park(Native Method)
        at java.util.concurrent.locks.LockSupport.park(LockSupport.java:175)
        at java.util.concurrent.locks.AbstractQueuedSynchronizer$ConditionObject.await(AbstractQueuedSynchronizer.java:2039)
        at java.util.concurrent.LinkedBlockingDeque.takeFirst(LinkedBlockingDeque.java:492)
        at java.util.concurrent.LinkedBlockingDeque.take(LinkedBlockingDeque.java:680)
        at java.util.concurrent.ThreadPoolExecutor.getTask(ThreadPoolExecutor.java:1074)
        at java.util.concurrent.ThreadPoolExecutor.runWorker(ThreadPoolExecutor.java:1134)
        at java.util.concurrent.ThreadPoolExecutor$Worker.run(ThreadPoolExecutor.java:624)
        at java.lang.Thread.run(Thread.java:750)
"Signal Dispatcher" daemon prio=9 tid=4 runnable
java.lang.Thread.State: RUNNABLE
"Datanode ReportManager Thread - 2" daemon prio=5 tid=460 in Object.wait()
java.lang.Thread.State: WAITING (on object monitor)
        at sun.misc.Unsafe.park(Native Method)
        at java.util.concurrent.locks.LockSupport.park(LockSupport.java:175)
        at java.util.concurrent.locks.AbstractQueuedSynchronizer$ConditionObject.await(AbstractQueuedSynchronizer.java:2039)
        at java.util.concurrent.ScheduledThreadPoolExecutor$DelayedWorkQueue.take(ScheduledThreadPoolExecutor.java:1088)
        at java.util.concurrent.ScheduledThreadPoolExecutor$DelayedWorkQueue.take(ScheduledThreadPoolExecutor.java:809)
        at java.util.concurrent.ThreadPoolExecutor.getTask(ThreadPoolExecutor.java:1074)
        at java.util.concurrent.ThreadPoolExecutor.runWorker(ThreadPoolExecutor.java:1134)
        at java.util.concurrent.ThreadPoolExecutor$Worker.run(ThreadPoolExecutor.java:624)
        at java.lang.Thread.run(Thread.java:750)
"ChunkReader-ELG-0" daemon prio=5 tid=555 runnable
java.lang.Thread.State: RUNNABLE
        at org.apache.ratis.thirdparty.io.netty.channel.epoll.Native.epollWait(Native Method)
        at org.apache.ratis.thirdparty.io.netty.channel.epoll.Native.epollWait(Native.java:209)
        at org.apache.ratis.thirdparty.io.netty.channel.epoll.Native.epollWait(Native.java:202)
        at org.apache.ratis.thirdparty.io.netty.channel.epoll.EpollEventLoop.epollWaitNoTimerChange(EpollEventLoop.java:294)
        at org.apache.ratis.thirdparty.io.netty.channel.epoll.EpollEventLoop.run(EpollEventLoop.java:351)
        at org.apache.ratis.thirdparty.io.netty.util.concurrent.SingleThreadEventExecutor$4.run(SingleThreadEventExecutor.java:995)
        at org.apache.ratis.thirdparty.io.netty.util.internal.ThreadExecutorMap$2.run(ThreadExecutorMap.java:74)
        at java.lang.Thread.run(Thread.java:750)
"Datanode ReportManager Thread - 3" daemon prio=5 tid=293 in Object.wait()
java.lang.Thread.State: WAITING (on object monitor)
        at sun.misc.Unsafe.park(Native Method)
        at java.util.concurrent.locks.LockSupport.park(LockSupport.java:175)
        at java.util.concurrent.locks.AbstractQueuedSynchronizer$ConditionObject.await(AbstractQueuedSynchronizer.java:2039)
        at java.util.concurrent.ScheduledThreadPoolExecutor$DelayedWorkQueue.take(ScheduledThreadPoolExecutor.java:1088)
        at java.util.concurrent.ScheduledThreadPoolExecutor$DelayedWorkQueue.take(ScheduledThreadPoolExecutor.java:809)
        at java.util.concurrent.ThreadPoolExecutor.getTask(ThreadPoolExecutor.java:1074)
        at java.util.concurrent.ThreadPoolExecutor.runWorker(ThreadPoolExecutor.java:1134)
        at java.util.concurrent.ThreadPoolExecutor$Worker.run(ThreadPoolExecutor.java:624)
        at java.lang.Thread.run(Thread.java:750)
"ChunkWriter-2-0" daemon prio=5 tid=538 in Object.wait()
java.lang.Thread.State: WAITING (on object monitor)
        at sun.misc.Unsafe.park(Native Method)
        at java.util.concurrent.locks.LockSupport.park(LockSupport.java:175)
        at java.util.concurrent.locks.AbstractQueuedSynchronizer$ConditionObject.await(AbstractQueuedSynchronizer.java:2039)
        at java.util.concurrent.LinkedBlockingDeque.takeFirst(LinkedBlockingDeque.java:492)
        at java.util.concurrent.LinkedBlockingDeque.take(LinkedBlockingDeque.java:680)
        at java.util.concurrent.ThreadPoolExecutor.getTask(ThreadPoolExecutor.java:1074)
        at java.util.concurrent.ThreadPoolExecutor.runWorker(ThreadPoolExecutor.java:1134)
        at java.util.concurrent.ThreadPoolExecutor$Worker.run(ThreadPoolExecutor.java:624)
        at java.lang.Thread.run(Thread.java:750)
"BlockDeletingService#1" daemon prio=5 tid=476 timed_waiting
java.lang.Thread.State: TIMED_WAITING
        at sun.misc.Unsafe.park(Native Method)
        at java.util.concurrent.locks.LockSupport.parkNanos(LockSupport.java:215)
        at java.util.concurrent.locks.AbstractQueuedSynchronizer$ConditionObject.awaitNanos(AbstractQueuedSynchronizer.java:2078)
        at java.util.concurrent.ScheduledThreadPoolExecutor$DelayedWorkQueue.take(ScheduledThreadPoolExecutor.java:1093)
        at java.util.concurrent.ScheduledThreadPoolExecutor$DelayedWorkQueue.take(ScheduledThreadPoolExecutor.java:809)
        at java.util.concurrent.ThreadPoolExecutor.getTask(ThreadPoolExecutor.java:1074)
        at java.util.concurrent.ThreadPoolExecutor.runWorker(ThreadPoolExecutor.java:1134)
        at java.util.concurrent.ThreadPoolExecutor$Worker.run(ThreadPoolExecutor.java:624)
        at java.lang.Thread.run(Thread.java:750)
"Datanode ReportManager Thread - 1" daemon prio=5 tid=317 timed_waiting
java.lang.Thread.State: TIMED_WAITING
        at sun.misc.Unsafe.park(Native Method)
        at java.util.concurrent.locks.LockSupport.parkNanos(LockSupport.java:215)
        at java.util.concurrent.locks.AbstractQueuedSynchronizer$ConditionObject.awaitNanos(AbstractQueuedSynchronizer.java:2078)
        at java.util.concurrent.ScheduledThreadPoolExecutor$DelayedWorkQueue.take(ScheduledThreadPoolExecutor.java:1093)
        at java.util.concurrent.ScheduledThreadPoolExecutor$DelayedWorkQueue.take(ScheduledThreadPoolExecutor.java:809)
        at java.util.concurrent.ThreadPoolExecutor.getTask(ThreadPoolExecutor.java:1074)
        at java.util.concurrent.ThreadPoolExecutor.runWorker(ThreadPoolExecutor.java:1134)
        at java.util.concurrent.ThreadPoolExecutor$Worker.run(ThreadPoolExecutor.java:624)
        at java.lang.Thread.run(Thread.java:750)
"BlockDeletingService#1" daemon prio=5 tid=544 timed_waiting
java.lang.Thread.State: TIMED_WAITING
        at sun.misc.Unsafe.park(Native Method)
        at java.util.concurrent.locks.LockSupport.parkNanos(LockSupport.java:215)
        at java.util.concurrent.locks.AbstractQueuedSynchronizer$ConditionObject.awaitNanos(AbstractQueuedSynchronizer.java:2078)
        at java.util.concurrent.ScheduledThreadPoolExecutor$DelayedWorkQueue.take(ScheduledThreadPoolExecutor.java:1093)
        at java.util.concurrent.ScheduledThreadPoolExecutor$DelayedWorkQueue.take(ScheduledThreadPoolExecutor.java:809)
        at java.util.concurrent.ThreadPoolExecutor.getTask(ThreadPoolExecutor.java:1074)
        at java.util.concurrent.ThreadPoolExecutor.runWorker(ThreadPoolExecutor.java:1134)
        at java.util.concurrent.ThreadPoolExecutor$Worker.run(ThreadPoolExecutor.java:624)
        at java.lang.Thread.run(Thread.java:750)
"StaleRecoveringContainerScrubbingService#1" daemon prio=5 tid=405 timed_waiting
java.lang.Thread.State: TIMED_WAITING
        at sun.misc.Unsafe.park(Native Method)
        at java.util.concurrent.locks.LockSupport.parkNanos(LockSupport.java:215)
        at java.util.concurrent.locks.AbstractQueuedSynchronizer$ConditionObject.awaitNanos(AbstractQueuedSynchronizer.java:2078)
        at java.util.concurrent.ScheduledThreadPoolExecutor$DelayedWorkQueue.take(ScheduledThreadPoolExecutor.java:1093)
        at java.util.concurrent.ScheduledThreadPoolExecutor$DelayedWorkQueue.take(ScheduledThreadPoolExecutor.java:809)
        at java.util.concurrent.ThreadPoolExecutor.getTask(ThreadPoolExecutor.java:1074)
        at java.util.concurrent.ThreadPoolExecutor.runWorker(ThreadPoolExecutor.java:1134)
        at java.util.concurrent.ThreadPoolExecutor$Worker.run(ThreadPoolExecutor.java:624)
        at java.lang.Thread.run(Thread.java:750)
"BlockDeletingService#2" daemon prio=5 tid=878 in Object.wait()
java.lang.Thread.State: WAITING (on object monitor)
        at sun.misc.Unsafe.park(Native Method)
        at java.util.concurrent.locks.LockSupport.park(LockSupport.java:175)
        at java.util.concurrent.locks.AbstractQueuedSynchronizer$ConditionObject.await(AbstractQueuedSynchronizer.java:2039)
        at java.util.concurrent.ScheduledThreadPoolExecutor$DelayedWorkQueue.take(ScheduledThreadPoolExecutor.java:1088)
        at java.util.concurrent.ScheduledThreadPoolExecutor$DelayedWorkQueue.take(ScheduledThreadPoolExecutor.java:809)
        at java.util.concurrent.ThreadPoolExecutor.getTask(ThreadPoolExecutor.java:1074)
        at java.util.concurrent.ThreadPoolExecutor.runWorker(ThreadPoolExecutor.java:1134)
        at java.util.concurrent.ThreadPoolExecutor$Worker.run(ThreadPoolExecutor.java:624)
        at java.lang.Thread.run(Thread.java:750)
"EndpointStateMachine task thread for /0.0.0.0:46513 - 0 "  prio=5 tid=549 in Object.wait()
java.lang.Thread.State: WAITING (on object monitor)
        at sun.misc.Unsafe.park(Native Method)
        at java.util.concurrent.locks.LockSupport.park(LockSupport.java:175)
        at java.util.concurrent.locks.AbstractQueuedSynchronizer$ConditionObject.await(AbstractQueuedSynchronizer.java:2039)
        at java.util.concurrent.LinkedBlockingQueue.take(LinkedBlockingQueue.java:442)
        at java.util.concurrent.ThreadPoolExecutor.getTask(ThreadPoolExecutor.java:1074)
        at java.util.concurrent.ThreadPoolExecutor.runWorker(ThreadPoolExecutor.java:1134)
        at java.util.concurrent.ThreadPoolExecutor$Worker.run(ThreadPoolExecutor.java:624)
        at java.lang.Thread.run(Thread.java:750)
"Datanode ReportManager Thread - 4" daemon prio=5 tid=385 timed_waiting
java.lang.Thread.State: TIMED_WAITING
        at sun.misc.Unsafe.park(Native Method)
        at java.util.concurrent.locks.LockSupport.parkNanos(LockSupport.java:215)
        at java.util.concurrent.locks.AbstractQueuedSynchronizer$ConditionObject.awaitNanos(AbstractQueuedSynchronizer.java:2078)
        at java.util.concurrent.ScheduledThreadPoolExecutor$DelayedWorkQueue.take(ScheduledThreadPoolExecutor.java:1093)
        at java.util.concurrent.ScheduledThreadPoolExecutor$DelayedWorkQueue.take(ScheduledThreadPoolExecutor.java:809)
        at java.util.concurrent.ThreadPoolExecutor.getTask(ThreadPoolExecutor.java:1074)
        at java.util.concurrent.ThreadPoolExecutor.runWorker(ThreadPoolExecutor.java:1134)
        at java.util.concurrent.ThreadPoolExecutor$Worker.run(ThreadPoolExecutor.java:624)
        at java.lang.Thread.run(Thread.java:750)
"qtp1639869187-141" daemon prio=5 tid=141 timed_waiting
java.lang.Thread.State: TIMED_WAITING
        at sun.misc.Unsafe.park(Native Method)
        at java.util.concurrent.locks.LockSupport.parkNanos(LockSupport.java:215)
        at java.util.concurrent.locks.AbstractQueuedSynchronizer$ConditionObject.awaitNanos(AbstractQueuedSynchronizer.java:2078)
        at org.eclipse.jetty.util.BlockingArrayQueue.poll(BlockingArrayQueue.java:382)
        at org.eclipse.jetty.util.thread.QueuedThreadPool$Runner.idleJobPoll(QueuedThreadPool.java:974)
        at org.eclipse.jetty.util.thread.QueuedThreadPool$Runner.run(QueuedThreadPool.java:1018)
        at java.lang.Thread.run(Thread.java:750)
"qtp51667109-235" daemon prio=5 tid=235 timed_waiting
java.lang.Thread.State: TIMED_WAITING
        at sun.misc.Unsafe.park(Native Method)
        at java.util.concurrent.locks.LockSupport.parkNanos(LockSupport.java:215)
        at java.util.concurrent.locks.AbstractQueuedSynchronizer$ConditionObject.awaitNanos(AbstractQueuedSynchronizer.java:2078)
        at org.eclipse.jetty.util.BlockingArrayQueue.poll(BlockingArrayQueue.java:382)
        at org.eclipse.jetty.util.thread.QueuedThreadPool$Runner.idleJobPoll(QueuedThreadPool.java:974)
        at org.eclipse.jetty.util.thread.QueuedThreadPool$Runner.run(QueuedThreadPool.java:1018)
        at java.lang.Thread.run(Thread.java:750)
"IPC Server handler 1 on default port 37109" daemon prio=5 tid=58 timed_waiting
java.lang.Thread.State: TIMED_WAITING
        at sun.misc.Unsafe.park(Native Method)
        at java.util.concurrent.locks.LockSupport.parkNanos(LockSupport.java:215)
        at java.util.concurrent.locks.AbstractQueuedSynchronizer$ConditionObject.awaitNanos(AbstractQueuedSynchronizer.java:2078)
        at java.util.concurrent.LinkedBlockingQueue.poll(LinkedBlockingQueue.java:467)
        at org.apache.hadoop.ipc.CallQueueManager.take(CallQueueManager.java:317)
        at org.apache.hadoop.ipc.Server$Handler.run(Server.java:2942)
"f5cc69e3-4def-49b3-97e4-fc35696e58fc@group-013E2C49CD0A-LeaderStateImpl" daemon prio=5 tid=761 timed_waiting
java.lang.Thread.State: TIMED_WAITING
        at sun.misc.Unsafe.park(Native Method)
        at java.util.concurrent.locks.LockSupport.parkNanos(LockSupport.java:215)
        at java.util.concurrent.locks.AbstractQueuedSynchronizer$ConditionObject.awaitNanos(AbstractQueuedSynchronizer.java:2078)
        at java.util.concurrent.ArrayBlockingQueue.poll(ArrayBlockingQueue.java:418)
        at org.apache.ratis.server.impl.LeaderStateImpl$EventQueue.poll(LeaderStateImpl.java:159)
        at org.apache.ratis.server.impl.LeaderStateImpl$EventProcessor.run(LeaderStateImpl.java:630)
"BlockDeletingService#1" daemon prio=5 tid=520 timed_waiting
java.lang.Thread.State: TIMED_WAITING
        at sun.misc.Unsafe.park(Native Method)
        at java.util.concurrent.locks.LockSupport.parkNanos(LockSupport.java:215)
        at java.util.concurrent.locks.AbstractQueuedSynchronizer$ConditionObject.awaitNanos(AbstractQueuedSynchronizer.java:2078)
        at java.util.concurrent.ScheduledThreadPoolExecutor$DelayedWorkQueue.take(ScheduledThreadPoolExecutor.java:1093)
        at java.util.concurrent.ScheduledThreadPoolExecutor$DelayedWorkQueue.take(ScheduledThreadPoolExecutor.java:809)
        at java.util.concurrent.ThreadPoolExecutor.getTask(ThreadPoolExecutor.java:1074)
        at java.util.concurrent.ThreadPoolExecutor.runWorker(ThreadPoolExecutor.java:1134)
        at java.util.concurrent.ThreadPoolExecutor$Worker.run(ThreadPoolExecutor.java:624)
        at java.lang.Thread.run(Thread.java:750)
"pool-111-thread-1" daemon prio=5 tid=223 timed_waiting
java.lang.Thread.State: TIMED_WAITING
        at sun.misc.Unsafe.park(Native Method)
        at java.util.concurrent.locks.LockSupport.parkNanos(LockSupport.java:215)
        at java.util.concurrent.locks.AbstractQueuedSynchronizer$ConditionObject.awaitNanos(AbstractQueuedSynchronizer.java:2078)
        at java.util.concurrent.ScheduledThreadPoolExecutor$DelayedWorkQueue.take(ScheduledThreadPoolExecutor.java:1093)
        at java.util.concurrent.ScheduledThreadPoolExecutor$DelayedWorkQueue.take(ScheduledThreadPoolExecutor.java:809)
        at java.util.concurrent.ThreadPoolExecutor.getTask(ThreadPoolExecutor.java:1074)
        at java.util.concurrent.ThreadPoolExecutor.runWorker(ThreadPoolExecutor.java:1134)
        at java.util.concurrent.ThreadPoolExecutor$Worker.run(ThreadPoolExecutor.java:624)
        at java.lang.Thread.run(Thread.java:750)
"qtp260561245-339" daemon prio=5 tid=339 timed_waiting
java.lang.Thread.State: TIMED_WAITING
        at sun.misc.Unsafe.park(Native Method)
        at java.util.concurrent.locks.LockSupport.parkNanos(LockSupport.java:215)
        at java.util.concurrent.locks.AbstractQueuedSynchronizer$ConditionObject.awaitNanos(AbstractQueuedSynchronizer.java:2078)
        at org.eclipse.jetty.util.BlockingArrayQueue.poll(BlockingArrayQueue.java:382)
        at org.eclipse.jetty.util.thread.QueuedThreadPool$Runner.idleJobPoll(QueuedThreadPool.java:974)
        at org.eclipse.jetty.util.thread.QueuedThreadPool$Runner.run(QueuedThreadPool.java:1018)
        at java.lang.Thread.run(Thread.java:750)
"IPC Server handler 19 on default port 46513" daemon prio=5 tid=96 timed_waiting
java.lang.Thread.State: TIMED_WAITING
        at sun.misc.Unsafe.park(Native Method)
        at java.util.concurrent.locks.LockSupport.parkNanos(LockSupport.java:215)
        at java.util.concurrent.locks.AbstractQueuedSynchronizer$ConditionObject.awaitNanos(AbstractQueuedSynchronizer.java:2078)
        at java.util.concurrent.LinkedBlockingQueue.poll(LinkedBlockingQueue.java:467)
        at org.apache.hadoop.ipc.CallQueueManager.take(CallQueueManager.java:317)
        at org.apache.hadoop.ipc.Server$Handler.run(Server.java:2942)
"Datanode State Machine Task Thread - 0"  prio=5 tid=427 in Object.wait()
java.lang.Thread.State: WAITING (on object monitor)
        at sun.misc.Unsafe.park(Native Method)
        at java.util.concurrent.locks.LockSupport.park(LockSupport.java:175)
        at java.util.concurrent.locks.AbstractQueuedSynchronizer$ConditionObject.await(AbstractQueuedSynchronizer.java:2039)
        at java.util.concurrent.LinkedBlockingQueue.take(LinkedBlockingQueue.java:442)
        at java.util.concurrent.ThreadPoolExecutor.getTask(ThreadPoolExecutor.java:1074)
        at java.util.concurrent.ThreadPoolExecutor.runWorker(ThreadPoolExecutor.java:1134)
        at java.util.concurrent.ThreadPoolExecutor$Worker.run(ThreadPoolExecutor.java:624)
        at java.lang.Thread.run(Thread.java:750)
"qtp1218952455-371" daemon prio=5 tid=371 runnable
java.lang.Thread.State: RUNNABLE
        at sun.nio.ch.EPollArrayWrapper.epollWait(Native Method)
        at sun.nio.ch.EPollArrayWrapper.poll(EPollArrayWrapper.java:269)
        at sun.nio.ch.EPollSelectorImpl.doSelect(EPollSelectorImpl.java:93)
        at sun.nio.ch.SelectorImpl.lockAndDoSelect(SelectorImpl.java:86)
        at sun.nio.ch.SelectorImpl.select(SelectorImpl.java:97)
        at sun.nio.ch.SelectorImpl.select(SelectorImpl.java:101)
        at org.eclipse.jetty.io.ManagedSelector.nioSelect(ManagedSelector.java:183)
        at org.eclipse.jetty.io.ManagedSelector.select(ManagedSelector.java:190)
        at org.eclipse.jetty.io.ManagedSelector$SelectorProducer.select(ManagedSelector.java:606)
        at org.eclipse.jetty.io.ManagedSelector$SelectorProducer.produce(ManagedSelector.java:543)
        at org.eclipse.jetty.util.thread.strategy.EatWhatYouKill.produceTask(EatWhatYouKill.java:362)
        at org.eclipse.jetty.util.thread.strategy.EatWhatYouKill.doProduce(EatWhatYouKill.java:186)
        at org.eclipse.jetty.util.thread.strategy.EatWhatYouKill.tryProduce(EatWhatYouKill.java:173)
        at org.eclipse.jetty.util.thread.strategy.EatWhatYouKill.produce(EatWhatYouKill.java:137)
        at org.eclipse.jetty.io.ManagedSelector$$Lambda$443/1369352990.run(Unknown Source)
        at org.eclipse.jetty.util.thread.QueuedThreadPool.runJob(QueuedThreadPool.java:883)
        at org.eclipse.jetty.util.thread.QueuedThreadPool$Runner.run(QueuedThreadPool.java:1034)
        at java.lang.Thread.run(Thread.java:750)
"Datanode ReportManager Thread - 0" daemon prio=5 tid=238 in Object.wait()
java.lang.Thread.State: WAITING (on object monitor)
        at sun.misc.Unsafe.park(Native Method)
        at java.util.concurrent.locks.LockSupport.park(LockSupport.java:175)
        at java.util.concurrent.locks.AbstractQueuedSynchronizer$ConditionObject.await(AbstractQueuedSynchronizer.java:2039)
        at java.util.concurrent.ScheduledThreadPoolExecutor$DelayedWorkQueue.take(ScheduledThreadPoolExecutor.java:1088)
        at java.util.concurrent.ScheduledThreadPoolExecutor$DelayedWorkQueue.take(ScheduledThreadPoolExecutor.java:809)
        at java.util.concurrent.ThreadPoolExecutor.getTask(ThreadPoolExecutor.java:1074)
        at java.util.concurrent.ThreadPoolExecutor.runWorker(ThreadPoolExecutor.java:1134)
        at java.util.concurrent.ThreadPoolExecutor$Worker.run(ThreadPoolExecutor.java:624)
        at java.lang.Thread.run(Thread.java:750)
"IPC Server handler 10 on default port 35707" daemon prio=5 tid=47 timed_waiting
java.lang.Thread.State: TIMED_WAITING
        at sun.misc.Unsafe.park(Native Method)
        at java.util.concurrent.locks.LockSupport.parkNanos(LockSupport.java:215)
        at java.util.concurrent.locks.AbstractQueuedSynchronizer$ConditionObject.awaitNanos(AbstractQueuedSynchronizer.java:2078)
        at java.util.concurrent.LinkedBlockingQueue.poll(LinkedBlockingQueue.java:467)
        at org.apache.hadoop.ipc.CallQueueManager.take(CallQueueManager.java:317)
        at org.apache.hadoop.ipc.Server$Handler.run(Server.java:2942)
"qtp1506186841-453" daemon prio=5 tid=453 timed_waiting
java.lang.Thread.State: TIMED_WAITING
        at sun.misc.Unsafe.park(Native Method)
        at java.util.concurrent.locks.LockSupport.parkNanos(LockSupport.java:215)
        at java.util.concurrent.locks.AbstractQueuedSynchronizer$ConditionObject.awaitNanos(AbstractQueuedSynchronizer.java:2078)
        at org.eclipse.jetty.util.BlockingArrayQueue.poll(BlockingArrayQueue.java:382)
        at org.eclipse.jetty.util.thread.QueuedThreadPool$Runner.idleJobPoll(QueuedThreadPool.java:974)
        at org.eclipse.jetty.util.thread.QueuedThreadPool$Runner.run(QueuedThreadPool.java:1018)
        at java.lang.Thread.run(Thread.java:750)
"ChunkReader-2" daemon prio=5 tid=799 in Object.wait()
java.lang.Thread.State: WAITING (on object monitor)
        at sun.misc.Unsafe.park(Native Method)
        at java.util.concurrent.locks.LockSupport.park(LockSupport.java:175)
        at java.util.concurrent.locks.AbstractQueuedSynchronizer$ConditionObject.await(AbstractQueuedSynchronizer.java:2039)
        at java.util.concurrent.LinkedBlockingQueue.take(LinkedBlockingQueue.java:442)
        at java.util.concurrent.ThreadPoolExecutor.getTask(ThreadPoolExecutor.java:1074)
        at java.util.concurrent.ThreadPoolExecutor.runWorker(ThreadPoolExecutor.java:1134)
        at java.util.concurrent.ThreadPoolExecutor$Worker.run(ThreadPoolExecutor.java:624)
        at java.lang.Thread.run(Thread.java:750)
"surefire-forkedjvm-command-thread" daemon prio=5 tid=10 runnable
java.lang.Thread.State: RUNNABLE
        at java.io.FileInputStream.readBytes(Native Method)
        at java.io.FileInputStream.read(FileInputStream.java:255)
        at java.io.BufferedInputStream.read1(BufferedInputStream.java:284)
        at java.io.BufferedInputStream.read(BufferedInputStream.java:345)
        at java.io.BufferedInputStream.fill(BufferedInputStream.java:246)
        at java.io.BufferedInputStream.read1(BufferedInputStream.java:286)
        at java.io.BufferedInputStream.read(BufferedInputStream.java:345)
        at org.apache.maven.surefire.api.util.internal.Channels$3.readImpl(Channels.java:214)
        at org.apache.maven.surefire.api.util.internal.AbstractNoninterruptibleReadableChannel.read(AbstractNoninterruptibleReadableChannel.java:54)
        at org.apache.maven.surefire.booter.spi.LegacyMasterProcessChannelDecoder.decode(LegacyMasterProcessChannelDecoder.java:80)
        at org.apache.maven.surefire.booter.CommandReader$CommandRunnable.run(CommandReader.java:343)
        at java.lang.Thread.run(Thread.java:750)
"Finalizer" daemon prio=8 tid=3 in Object.wait()
java.lang.Thread.State: WAITING (on object monitor)
        at java.lang.Object.wait(Native Method)
        at java.lang.ref.ReferenceQueue.remove(ReferenceQueue.java:144)
        at java.lang.ref.ReferenceQueue.remove(ReferenceQueue.java:165)
        at java.lang.ref.Finalizer$FinalizerThread.run(Finalizer.java:216)
"qtp1144474914-261" daemon prio=5 tid=261 timed_waiting
java.lang.Thread.State: TIMED_WAITING
        at sun.misc.Unsafe.park(Native Method)
        at java.util.concurrent.locks.LockSupport.parkNanos(LockSupport.java:215)
        at java.util.concurrent.locks.AbstractQueuedSynchronizer$ConditionObject.awaitNanos(AbstractQueuedSynchronizer.java:2078)
        at org.eclipse.jetty.util.BlockingArrayQueue.poll(BlockingArrayQueue.java:382)
        at org.eclipse.jetty.util.thread.QueuedThreadPool$Runner.idleJobPoll(QueuedThreadPool.java:974)
        at org.eclipse.jetty.util.thread.QueuedThreadPool$Runner.run(QueuedThreadPool.java:1018)
        at java.lang.Thread.run(Thread.java:750)
"pool-180-thread-1" daemon prio=5 tid=301 timed_waiting
java.lang.Thread.State: TIMED_WAITING
        at sun.misc.Unsafe.park(Native Method)
        at java.util.concurrent.locks.LockSupport.parkNanos(LockSupport.java:215)
        at java.util.concurrent.locks.AbstractQueuedSynchronizer$ConditionObject.awaitNanos(AbstractQueuedSynchronizer.java:2078)
        at java.util.concurrent.ScheduledThreadPoolExecutor$DelayedWorkQueue.take(ScheduledThreadPoolExecutor.java:1093)
        at java.util.concurrent.ScheduledThreadPoolExecutor$DelayedWorkQueue.take(ScheduledThreadPoolExecutor.java:809)
        at java.util.concurrent.ThreadPoolExecutor.getTask(ThreadPoolExecutor.java:1074)
        at java.util.concurrent.ThreadPoolExecutor.runWorker(ThreadPoolExecutor.java:1134)
        at java.util.concurrent.ThreadPoolExecutor$Worker.run(ThreadPoolExecutor.java:624)
        at java.lang.Thread.run(Thread.java:750)
"617aebcb-94d5-4f34-9c47-e0c0542c8799@group-74DC051E88E8->f5cc69e3-4def-49b3-97e4-fc35696e58fc-GrpcLogAppender-LogAppenderDaemon" daemon prio=5 tid=781 timed_waiting
java.lang.Thread.State: TIMED_WAITING
        at sun.misc.Unsafe.park(Native Method)
        at java.util.concurrent.locks.LockSupport.parkNanos(LockSupport.java:215)
        at java.util.concurrent.CompletableFuture$Signaller.block(CompletableFuture.java:1709)
        at java.util.concurrent.ForkJoinPool.managedBlock(ForkJoinPool.java:3323)
        at java.util.concurrent.CompletableFuture.timedGet(CompletableFuture.java:1788)
        at java.util.concurrent.CompletableFuture.get(CompletableFuture.java:1928)
        at org.apache.ratis.util.AwaitForSignal.await(AwaitForSignal.java:56)
        at org.apache.ratis.grpc.server.GrpcLogAppender.mayWait(GrpcLogAppender.java:198)
        at org.apache.ratis.grpc.server.GrpcLogAppender.run(GrpcLogAppender.java:148)
        at org.apache.ratis.server.leader.LogAppenderDaemon.run(LogAppenderDaemon.java:78)
        at org.apache.ratis.server.leader.LogAppenderDaemon$$Lambda$1029/580247341.run(Unknown Source)
        at java.lang.Thread.run(Thread.java:750)
"617aebcb-94d5-4f34-9c47-e0c0542c8799@group-C3D786A4CB55-StateMachineUpdater" daemon prio=5 tid=672 timed_waiting
java.lang.Thread.State: TIMED_WAITING
        at sun.misc.Unsafe.park(Native Method)
        at java.util.concurrent.locks.LockSupport.parkNanos(LockSupport.java:215)
        at java.util.concurrent.CompletableFuture$Signaller.block(CompletableFuture.java:1709)
        at java.util.concurrent.ForkJoinPool.managedBlock(ForkJoinPool.java:3323)
        at java.util.concurrent.CompletableFuture.timedGet(CompletableFuture.java:1788)
        at java.util.concurrent.CompletableFuture.get(CompletableFuture.java:1928)
        at org.apache.ratis.util.AwaitForSignal.await(AwaitForSignal.java:56)
        at org.apache.ratis.server.impl.StateMachineUpdater.waitForCommit(StateMachineUpdater.java:207)
        at org.apache.ratis.server.impl.StateMachineUpdater.run(StateMachineUpdater.java:176)
        at java.lang.Thread.run(Thread.java:750)
"IPC Server handler 5 on default port 37109" daemon prio=5 tid=62 timed_waiting
java.lang.Thread.State: TIMED_WAITING
        at sun.misc.Unsafe.park(Native Method)
        at java.util.concurrent.locks.LockSupport.parkNanos(LockSupport.java:215)
        at java.util.concurrent.locks.AbstractQueuedSynchronizer$ConditionObject.awaitNanos(AbstractQueuedSynchronizer.java:2078)
        at java.util.concurrent.LinkedBlockingQueue.poll(LinkedBlockingQueue.java:467)
        at org.apache.hadoop.ipc.CallQueueManager.take(CallQueueManager.java:317)
        at org.apache.hadoop.ipc.Server$Handler.run(Server.java:2942)
"IPC Server handler 9 on default port 35707" daemon prio=5 tid=46 timed_waiting
java.lang.Thread.State: TIMED_WAITING
        at sun.misc.Unsafe.park(Native Method)
        at java.util.concurrent.locks.LockSupport.parkNanos(LockSupport.java:215)
        at java.util.concurrent.locks.AbstractQueuedSynchronizer$ConditionObject.awaitNanos(AbstractQueuedSynchronizer.java:2078)
        at java.util.concurrent.LinkedBlockingQueue.poll(LinkedBlockingQueue.java:467)
        at org.apache.hadoop.ipc.CallQueueManager.take(CallQueueManager.java:317)
        at org.apache.hadoop.ipc.Server$Handler.run(Server.java:2942)
"IPC Server handler 3 on default port 35707" daemon prio=5 tid=40 timed_waiting
java.lang.Thread.State: TIMED_WAITING
        at sun.misc.Unsafe.park(Native Method)
        at java.util.concurrent.locks.LockSupport.parkNanos(LockSupport.java:215)
        at java.util.concurrent.locks.AbstractQueuedSynchronizer$ConditionObject.awaitNanos(AbstractQueuedSynchronizer.java:2078)
        at java.util.concurrent.LinkedBlockingQueue.poll(LinkedBlockingQueue.java:467)
        at org.apache.hadoop.ipc.CallQueueManager.take(CallQueueManager.java:317)
        at org.apache.hadoop.ipc.Server$Handler.run(Server.java:2942)
"Datanode State Machine Daemon Thread" daemon prio=5 tid=457 timed_waiting
java.lang.Thread.State: TIMED_WAITING
        at java.lang.Thread.sleep(Native Method)
        at org.apache.hadoop.ozone.container.common.statemachine.DatanodeStateMachine.startStateMachineThread(DatanodeStateMachine.java:313)
        at org.apache.hadoop.ozone.container.common.statemachine.DatanodeStateMachine.lambda$startDaemon$0(DatanodeStateMachine.java:493)
        at org.apache.hadoop.ozone.container.common.statemachine.DatanodeStateMachine$$Lambda$745/5753511.run(Unknown Source)
        at java.lang.Thread.run(Thread.java:750)
"6712d1d5-3f8e-46d5-b100-7ccc5411605f@group-3562DEAE299E-SegmentedRaftLogWorker"  prio=5 tid=629 timed_waiting
java.lang.Thread.State: TIMED_WAITING
        at sun.misc.Unsafe.park(Native Method)
        at java.util.concurrent.locks.LockSupport.parkNanos(LockSupport.java:215)
        at java.util.concurrent.locks.AbstractQueuedSynchronizer$ConditionObject.awaitNanos(AbstractQueuedSynchronizer.java:2078)
        at org.apache.ratis.util.DataBlockingQueue.poll(DataBlockingQueue.java:148)
        at org.apache.ratis.server.raftlog.segmented.SegmentedRaftLogWorker.run(SegmentedRaftLogWorker.java:310)
        at org.apache.ratis.server.raftlog.segmented.SegmentedRaftLogWorker$$Lambda$661/1740308191.run(Unknown Source)
        at java.lang.Thread.run(Thread.java:750)
"qtp1144474914-260" daemon prio=5 tid=260 timed_waiting
java.lang.Thread.State: TIMED_WAITING
        at sun.misc.Unsafe.park(Native Method)
        at java.util.concurrent.locks.LockSupport.parkNanos(LockSupport.java:215)
        at java.util.concurrent.locks.AbstractQueuedSynchronizer$ConditionObject.awaitNanos(AbstractQueuedSynchronizer.java:2078)
        at org.eclipse.jetty.util.BlockingArrayQueue.poll(BlockingArrayQueue.java:382)
        at org.eclipse.jetty.util.thread.QueuedThreadPool$Runner.idleJobPoll(QueuedThreadPool.java:974)
        at org.eclipse.jetty.util.thread.QueuedThreadPool$Runner.run(QueuedThreadPool.java:1018)
        at java.lang.Thread.run(Thread.java:750)
"Session-HouseKeeper-68d02503-1"  prio=5 tid=340 timed_waiting
java.lang.Thread.State: TIMED_WAITING
        at sun.misc.Unsafe.park(Native Method)
        at java.util.concurrent.locks.LockSupport.parkNanos(LockSupport.java:215)
        at java.util.concurrent.locks.AbstractQueuedSynchronizer$ConditionObject.awaitNanos(AbstractQueuedSynchronizer.java:2078)
        at java.util.concurrent.ScheduledThreadPoolExecutor$DelayedWorkQueue.take(ScheduledThreadPoolExecutor.java:1093)
        at java.util.concurrent.ScheduledThreadPoolExecutor$DelayedWorkQueue.take(ScheduledThreadPoolExecutor.java:809)
        at java.util.concurrent.ThreadPoolExecutor.getTask(ThreadPoolExecutor.java:1074)
        at java.util.concurrent.ThreadPoolExecutor.runWorker(ThreadPoolExecutor.java:1134)
        at java.util.concurrent.ThreadPoolExecutor$Worker.run(ThreadPoolExecutor.java:624)
        at java.lang.Thread.run(Thread.java:750)
"617aebcb-94d5-4f34-9c47-e0c0542c8799@group-9AE1E5A711C7-SegmentedRaftLogWorker"  prio=5 tid=647 timed_waiting
java.lang.Thread.State: TIMED_WAITING
        at sun.misc.Unsafe.park(Native Method)
        at java.util.concurrent.locks.LockSupport.parkNanos(LockSupport.java:215)
        at java.util.concurrent.locks.AbstractQueuedSynchronizer$ConditionObject.awaitNanos(AbstractQueuedSynchronizer.java:2078)
        at org.apache.ratis.util.DataBlockingQueue.poll(DataBlockingQueue.java:148)
        at org.apache.ratis.server.raftlog.segmented.SegmentedRaftLogWorker.run(SegmentedRaftLogWorker.java:310)
        at org.apache.ratis.server.raftlog.segmented.SegmentedRaftLogWorker$$Lambda$661/1740308191.run(Unknown Source)
        at java.lang.Thread.run(Thread.java:750)
"qtp51667109-233" daemon prio=5 tid=233 timed_waiting
java.lang.Thread.State: TIMED_WAITING
        at sun.misc.Unsafe.park(Native Method)
        at java.util.concurrent.locks.LockSupport.parkNanos(LockSupport.java:215)
        at java.util.concurrent.locks.AbstractQueuedSynchronizer$ConditionObject.awaitNanos(AbstractQueuedSynchronizer.java:2078)
        at org.eclipse.jetty.util.BlockingArrayQueue.poll(BlockingArrayQueue.java:382)
        at org.eclipse.jetty.util.thread.QueuedThreadPool$Runner.idleJobPoll(QueuedThreadPool.java:974)
        at org.eclipse.jetty.util.thread.QueuedThreadPool$Runner.run(QueuedThreadPool.java:1018)
        at java.lang.Thread.run(Thread.java:750)
"qtp51667109-229-acceptor-0@1ecc0ac7-ServerConnector@9385016{HTTP/1.1, (http/1.1)}{0.0.0.0:36223}" daemon prio=3 tid=229 runnable
java.lang.Thread.State: RUNNABLE
        at sun.nio.ch.ServerSocketChannelImpl.accept0(Native Method)
        at sun.nio.ch.ServerSocketChannelImpl.accept(ServerSocketChannelImpl.java:421)
        at sun.nio.ch.ServerSocketChannelImpl.accept(ServerSocketChannelImpl.java:249)
        at org.eclipse.jetty.server.ServerConnector.accept(ServerConnector.java:388)
        at org.eclipse.jetty.server.AbstractConnector$Acceptor.run(AbstractConnector.java:702)
        at org.eclipse.jetty.util.thread.QueuedThreadPool.runJob(QueuedThreadPool.java:883)
        at org.eclipse.jetty.util.thread.QueuedThreadPool$Runner.run(QueuedThreadPool.java:1034)
        at java.lang.Thread.run(Thread.java:750)
"IPC Server handler 0 on default port 37109" daemon prio=5 tid=57 timed_waiting
java.lang.Thread.State: TIMED_WAITING
        at sun.misc.Unsafe.park(Native Method)
        at java.util.concurrent.locks.LockSupport.parkNanos(LockSupport.java:215)
        at java.util.concurrent.locks.AbstractQueuedSynchronizer$ConditionObject.awaitNanos(AbstractQueuedSynchronizer.java:2078)
        at java.util.concurrent.LinkedBlockingQueue.poll(LinkedBlockingQueue.java:467)
        at org.apache.hadoop.ipc.CallQueueManager.take(CallQueueManager.java:317)
        at org.apache.hadoop.ipc.Server$Handler.run(Server.java:2942)
"4eb19ff5-df5c-423c-bb98-7a77d12fda0f@group-88B5DFD0E92F-LeaderStateImpl" daemon prio=5 tid=686 timed_waiting
java.lang.Thread.State: TIMED_WAITING
        at sun.misc.Unsafe.park(Native Method)
        at java.util.concurrent.locks.LockSupport.parkNanos(LockSupport.java:215)
        at java.util.concurrent.locks.AbstractQueuedSynchronizer$ConditionObject.awaitNanos(AbstractQueuedSynchronizer.java:2078)
        at java.util.concurrent.ArrayBlockingQueue.poll(ArrayBlockingQueue.java:418)
        at org.apache.ratis.server.impl.LeaderStateImpl$EventQueue.poll(LeaderStateImpl.java:159)
        at org.apache.ratis.server.impl.LeaderStateImpl$EventProcessor.run(LeaderStateImpl.java:630)
"qtp247981085-308-acceptor-0@15c17bbc-ServerConnector@15cf976f{HTTP/1.1, (http/1.1)}{0.0.0.0:44729}" daemon prio=3 tid=308 runnable
java.lang.Thread.State: RUNNABLE
        at sun.nio.ch.ServerSocketChannelImpl.accept0(Native Method)
        at sun.nio.ch.ServerSocketChannelImpl.accept(ServerSocketChannelImpl.java:421)
        at sun.nio.ch.ServerSocketChannelImpl.accept(ServerSocketChannelImpl.java:249)
        at org.eclipse.jetty.server.ServerConnector.accept(ServerConnector.java:388)
        at org.eclipse.jetty.server.AbstractConnector$Acceptor.run(AbstractConnector.java:702)
        at org.eclipse.jetty.util.thread.QueuedThreadPool.runJob(QueuedThreadPool.java:883)
        at org.eclipse.jetty.util.thread.QueuedThreadPool$Runner.run(QueuedThreadPool.java:1034)
        at java.lang.Thread.run(Thread.java:750)
"Listener at 127.0.0.1/41123"  prio=5 tid=1 runnable
java.lang.Thread.State: RUNNABLE
        at java.lang.Thread.dumpThreads(Native Method)
        at java.lang.Thread.getAllStackTraces(Thread.java:1615)
        at org.apache.ozone.test.TimedOutTestsListener.buildThreadDump(TimedOutTestsListener.java:93)
        at org.apache.ozone.test.TimedOutTestsListener.buildThreadDiagnosticString(TimedOutTestsListener.java:79)
        at org.apache.ozone.test.GenericTestUtils.waitFor(GenericTestUtils.java:224)
        at org.apache.hadoop.ozone.container.TestECContainerRecovery.waitForContainerCount(TestECContainerRecovery.java:265)
        at org.apache.hadoop.ozone.container.TestECContainerRecovery.testContainerRecoveryOverReplicationProcessing(TestECContainerRecovery.java:209)
        at sun.reflect.NativeMethodAccessorImpl.invoke0(Native Method)
        at sun.reflect.NativeMethodAccessorImpl.invoke(NativeMethodAccessorImpl.java:62)
        at sun.reflect.DelegatingMethodAccessorImpl.invoke(DelegatingMethodAccessorImpl.java:43)
        at java.lang.reflect.Method.invoke(Method.java:498)
        at org.junit.platform.commons.util.ReflectionUtils.invokeMethod(ReflectionUtils.java:725)
        at org.junit.jupiter.engine.execution.MethodInvocation.proceed(MethodInvocation.java:60)
        at org.junit.jupiter.engine.execution.InvocationInterceptorChain$ValidatingInvocation.proceed(InvocationInterceptorChain.java:131)
        at org.junit.jupiter.engine.extension.TimeoutExtension.intercept(TimeoutExtension.java:149)
        at org.junit.jupiter.engine.extension.TimeoutExtension.interceptTestableMethod(TimeoutExtension.java:140)
        at org.junit.jupiter.engine.extension.TimeoutExtension.interceptTestMethod(TimeoutExtension.java:84)
        at org.junit.jupiter.engine.descriptor.TestMethodTestDescriptor$$Lambda$158/977552154.apply(Unknown Source)
        at org.junit.jupiter.engine.execution.ExecutableInvoker$ReflectiveInterceptorCall.lambda$ofVoidMethod$0(ExecutableInvoker.java:115)
        at org.junit.jupiter.engine.execution.ExecutableInvoker$ReflectiveInterceptorCall$$Lambda$159/1208203046.apply(Unknown Source)
        at org.junit.jupiter.engine.execution.ExecutableInvoker.lambda$invoke$0(ExecutableInvoker.java:105)
        at org.junit.jupiter.engine.execution.ExecutableInvoker$$Lambda$314/41489123.apply(Unknown Source)
        at org.junit.jupiter.engine.execution.InvocationInterceptorChain$InterceptedInvocation.proceed(InvocationInterceptorChain.java:106)
        at org.junit.jupiter.engine.execution.InvocationInterceptorChain.proceed(InvocationInterceptorChain.java:64)
        at org.junit.jupiter.engine.execution.InvocationInterceptorChain.chainAndInvoke(InvocationInterceptorChain.java:45)
        at org.junit.jupiter.engine.execution.InvocationInterceptorChain.invoke(InvocationInterceptorChain.java:37)
        at org.junit.jupiter.engine.execution.ExecutableInvoker.invoke(ExecutableInvoker.java:104)
        at org.junit.jupiter.engine.execution.ExecutableInvoker.invoke(ExecutableInvoker.java:98)
        at org.junit.jupiter.engine.descriptor.TestMethodTestDescriptor.lambda$invokeTestMethod$7(TestMethodTestDescriptor.java:214)
        at org.junit.jupiter.engine.descriptor.TestMethodTestDescriptor$$Lambda$1159/1240313636.execute(Unknown Source)
        at org.junit.platform.engine.support.hierarchical.ThrowableCollector.execute(ThrowableCollector.java:73)
        at org.junit.jupiter.engine.descriptor.TestMethodTestDescriptor.invokeTestMethod(TestMethodTestDescriptor.java:210)
        at org.junit.jupiter.engine.descriptor.TestMethodTestDescriptor.execute(TestMethodTestDescriptor.java:135)
        at org.junit.jupiter.engine.descriptor.TestMethodTestDescriptor.execute(TestMethodTestDescriptor.java:66)
        at org.junit.platform.engine.support.hierarchical.NodeTestTask.lambda$executeRecursively$6(NodeTestTask.java:151)
        at org.junit.platform.engine.support.hierarchical.NodeTestTask$$Lambda$258/352367347.execute(Unknown Source)
        at org.junit.platform.engine.support.hierarchical.ThrowableCollector.execute(ThrowableCollector.java:73)
        at org.junit.platform.engine.support.hierarchical.NodeTestTask.lambda$executeRecursively$8(NodeTestTask.java:141)
        at org.junit.platform.engine.support.hierarchical.NodeTestTask$$Lambda$257/684566052.invoke(Unknown Source)
        at org.junit.platform.engine.support.hierarchical.Node.around(Node.java:137)
        at org.junit.platform.engine.support.hierarchical.NodeTestTask.lambda$executeRecursively$9(NodeTestTask.java:139)
        at org.junit.platform.engine.support.hierarchical.NodeTestTask$$Lambda$256/1396721535.execute(Unknown Source)
        at org.junit.platform.engine.support.hierarchical.ThrowableCollector.execute(ThrowableCollector.java:73)
        at org.junit.platform.engine.support.hierarchical.NodeTestTask.executeRecursively(NodeTestTask.java:138)
        at org.junit.platform.engine.support.hierarchical.NodeTestTask.execute(NodeTestTask.java:95)
        at org.junit.platform.engine.support.hierarchical.SameThreadHierarchicalTestExecutorService$$Lambda$262/1383519982.accept(Unknown Source)
        at java.util.ArrayList.forEach(ArrayList.java:1259)
        at org.junit.platform.engine.support.hierarchical.SameThreadHierarchicalTestExecutorService.invokeAll(SameThreadHierarchicalTestExecutorService.java:41)
        at org.junit.platform.engine.support.hierarchical.NodeTestTask.lambda$executeRecursively$6(NodeTestTask.java:155)
        at org.junit.platform.engine.support.hierarchical.NodeTestTask$$Lambda$258/352367347.execute(Unknown Source)
        at org.junit.platform.engine.support.hierarchical.ThrowableCollector.execute(ThrowableCollector.java:73)
        at org.junit.platform.engine.support.hierarchical.NodeTestTask.lambda$executeRecursively$8(NodeTestTask.java:141)
        at org.junit.platform.engine.support.hierarchical.NodeTestTask$$Lambda$257/684566052.invoke(Unknown Source)
        at org.junit.platform.engine.support.hierarchical.Node.around(Node.java:137)
        at org.junit.platform.engine.support.hierarchical.NodeTestTask.lambda$executeRecursively$9(NodeTestTask.java:139)
        at org.junit.platform.engine.support.hierarchical.NodeTestTask$$Lambda$256/1396721535.execute(Unknown Source)
        at org.junit.platform.engine.support.hierarchical.ThrowableCollector.execute(ThrowableCollector.java:73)
        at org.junit.platform.engine.support.hierarchical.NodeTestTask.executeRecursively(NodeTestTask.java:138)
        at org.junit.platform.engine.support.hierarchical.NodeTestTask.execute(NodeTestTask.java:95)
        at org.junit.platform.engine.support.hierarchical.SameThreadHierarchicalTestExecutorService$$Lambda$262/1383519982.accept(Unknown Source)
        at java.util.ArrayList.forEach(ArrayList.java:1259)
        at org.junit.platform.engine.support.hierarchical.SameThreadHierarchicalTestExecutorService.invokeAll(SameThreadHierarchicalTestExecutorService.java:41)
        at org.junit.platform.engine.support.hierarchical.NodeTestTask.lambda$executeRecursively$6(NodeTestTask.java:155)
        at org.junit.platform.engine.support.hierarchical.NodeTestTask$$Lambda$258/352367347.execute(Unknown Source)
        at org.junit.platform.engine.support.hierarchical.ThrowableCollector.execute(ThrowableCollector.java:73)
        at org.junit.platform.engine.support.hierarchical.NodeTestTask.lambda$executeRecursively$8(NodeTestTask.java:141)
        at org.junit.platform.engine.support.hierarchical.NodeTestTask$$Lambda$257/684566052.invoke(Unknown Source)
        at org.junit.platform.engine.support.hierarchical.Node.around(Node.java:137)
        at org.junit.platform.engine.support.hierarchical.NodeTestTask.lambda$executeRecursively$9(NodeTestTask.java:139)
        at org.junit.platform.engine.support.hierarchical.NodeTestTask$$Lambda$256/1396721535.execute(Unknown Source)
        at org.junit.platform.engine.support.hierarchical.ThrowableCollector.execute(ThrowableCollector.java:73)
        at org.junit.platform.engine.support.hierarchical.NodeTestTask.executeRecursively(NodeTestTask.java:138)
        at org.junit.platform.engine.support.hierarchical.NodeTestTask.execute(NodeTestTask.java:95)
        at org.junit.platform.engine.support.hierarchical.SameThreadHierarchicalTestExecutorService.submit(SameThreadHierarchicalTestExecutorService.java:35)
        at org.junit.platform.engine.support.hierarchical.HierarchicalTestExecutor.execute(HierarchicalTestExecutor.java:57)
        at org.junit.platform.engine.support.hierarchical.HierarchicalTestEngine.execute(HierarchicalTestEngine.java:54)
        at org.junit.platform.launcher.core.EngineExecutionOrchestrator.execute(EngineExecutionOrchestrator.java:107)
        at org.junit.platform.launcher.core.EngineExecutionOrchestrator.execute(EngineExecutionOrchestrator.java:88)
        at org.junit.platform.launcher.core.EngineExecutionOrchestrator.lambda$execute$0(EngineExecutionOrchestrator.java:54)
        at org.junit.platform.launcher.core.EngineExecutionOrchestrator$$Lambda$214/1208442275.accept(Unknown Source)
        at org.junit.platform.launcher.core.EngineExecutionOrchestrator.withInterceptedStreams(EngineExecutionOrchestrator.java:67)
        at org.junit.platform.launcher.core.EngineExecutionOrchestrator.execute(EngineExecutionOrchestrator.java:52)
        at org.junit.platform.launcher.core.DefaultLauncher.execute(DefaultLauncher.java:114)
        at org.junit.platform.launcher.core.DefaultLauncher.execute(DefaultLauncher.java:86)
        at org.junit.platform.launcher.core.DefaultLauncherSession$DelegatingLauncher.execute(DefaultLauncherSession.java:86)
        at org.junit.platform.launcher.core.SessionPerRequestLauncher.execute(SessionPerRequestLauncher.java:53)
        at org.apache.maven.surefire.junitplatform.JUnitPlatformProvider.execute(JUnitPlatformProvider.java:188)
        at org.apache.maven.surefire.junitplatform.JUnitPlatformProvider.invokeAllTests(JUnitPlatformProvider.java:154)
        at org.apache.maven.surefire.junitplatform.JUnitPlatformProvider.invoke(JUnitPlatformProvider.java:124)
        at org.apache.maven.surefire.booter.ForkedBooter.runSuitesInProcess(ForkedBooter.java:428)
        at org.apache.maven.surefire.booter.ForkedBooter.execute(ForkedBooter.java:162)
        at org.apache.maven.surefire.booter.ForkedBooter.run(ForkedBooter.java:562)
        at org.apache.maven.surefire.booter.ForkedBooter.main(ForkedBooter.java:548)
"qtp2126618194-201" daemon prio=5 tid=201 runnable
java.lang.Thread.State: RUNNABLE
        at sun.nio.ch.EPollArrayWrapper.epollWait(Native Method)
        at sun.nio.ch.EPollArrayWrapper.poll(EPollArrayWrapper.java:269)
        at sun.nio.ch.EPollSelectorImpl.doSelect(EPollSelectorImpl.java:93)
        at sun.nio.ch.SelectorImpl.lockAndDoSelect(SelectorImpl.java:86)
        at sun.nio.ch.SelectorImpl.select(SelectorImpl.java:97)
        at sun.nio.ch.SelectorImpl.select(SelectorImpl.java:101)
        at org.eclipse.jetty.io.ManagedSelector.nioSelect(ManagedSelector.java:183)
        at org.eclipse.jetty.io.ManagedSelector.select(ManagedSelector.java:190)
        at org.eclipse.jetty.io.ManagedSelector$SelectorProducer.select(ManagedSelector.java:606)
        at org.eclipse.jetty.io.ManagedSelector$SelectorProducer.produce(ManagedSelector.java:543)
        at org.eclipse.jetty.util.thread.strategy.EatWhatYouKill.produceTask(EatWhatYouKill.java:362)
        at org.eclipse.jetty.util.thread.strategy.EatWhatYouKill.doProduce(EatWhatYouKill.java:186)
        at org.eclipse.jetty.util.thread.strategy.EatWhatYouKill.tryProduce(EatWhatYouKill.java:173)
        at org.eclipse.jetty.util.thread.strategy.EatWhatYouKill.produce(EatWhatYouKill.java:137)
        at org.eclipse.jetty.io.ManagedSelector$$Lambda$443/1369352990.run(Unknown Source)
        at org.eclipse.jetty.util.thread.QueuedThreadPool.runJob(QueuedThreadPool.java:883)
        at org.eclipse.jetty.util.thread.QueuedThreadPool$Runner.run(QueuedThreadPool.java:1034)
        at java.lang.Thread.run(Thread.java:750)
"IPC Server handler 4 on default port 37109" daemon prio=5 tid=61 timed_waiting
java.lang.Thread.State: TIMED_WAITING
        at sun.misc.Unsafe.park(Native Method)
        at java.util.concurrent.locks.LockSupport.parkNanos(LockSupport.java:215)
        at java.util.concurrent.locks.AbstractQueuedSynchronizer$ConditionObject.awaitNanos(AbstractQueuedSynchronizer.java:2078)
        at java.util.concurrent.LinkedBlockingQueue.poll(LinkedBlockingQueue.java:467)
        at org.apache.hadoop.ipc.CallQueueManager.take(CallQueueManager.java:317)
        at org.apache.hadoop.ipc.Server$Handler.run(Server.java:2942)
"BlockDeletingService#2" daemon prio=5 tid=864 in Object.wait()
java.lang.Thread.State: WAITING (on object monitor)
        at sun.misc.Unsafe.park(Native Method)
        at java.util.concurrent.locks.LockSupport.park(LockSupport.java:175)
        at java.util.concurrent.locks.AbstractQueuedSynchronizer$ConditionObject.await(AbstractQueuedSynchronizer.java:2039)
        at java.util.concurrent.ScheduledThreadPoolExecutor$DelayedWorkQueue.take(ScheduledThreadPoolExecutor.java:1088)
        at java.util.concurrent.ScheduledThreadPoolExecutor$DelayedWorkQueue.take(ScheduledThreadPoolExecutor.java:809)
        at java.util.concurrent.ThreadPoolExecutor.getTask(ThreadPoolExecutor.java:1074)
        at java.util.concurrent.ThreadPoolExecutor.runWorker(ThreadPoolExecutor.java:1134)
        at java.util.concurrent.ThreadPoolExecutor$Worker.run(ThreadPoolExecutor.java:624)
        at java.lang.Thread.run(Thread.java:750)
"qtp1788199670-100" daemon prio=5 tid=100 runnable
java.lang.Thread.State: RUNNABLE
        at sun.nio.ch.EPollArrayWrapper.epollWait(Native Method)
        at sun.nio.ch.EPollArrayWrapper.poll(EPollArrayWrapper.java:269)
        at sun.nio.ch.EPollSelectorImpl.doSelect(EPollSelectorImpl.java:93)
        at sun.nio.ch.SelectorImpl.lockAndDoSelect(SelectorImpl.java:86)
        at sun.nio.ch.SelectorImpl.select(SelectorImpl.java:97)
        at sun.nio.ch.SelectorImpl.select(SelectorImpl.java:101)
        at org.eclipse.jetty.io.ManagedSelector.nioSelect(ManagedSelector.java:183)
        at org.eclipse.jetty.io.ManagedSelector.select(ManagedSelector.java:190)
        at org.eclipse.jetty.io.ManagedSelector$SelectorProducer.select(ManagedSelector.java:606)
        at org.eclipse.jetty.io.ManagedSelector$SelectorProducer.produce(ManagedSelector.java:543)
        at org.eclipse.jetty.util.thread.strategy.EatWhatYouKill.produceTask(EatWhatYouKill.java:362)
        at org.eclipse.jetty.util.thread.strategy.EatWhatYouKill.doProduce(EatWhatYouKill.java:186)
        at org.eclipse.jetty.util.thread.strategy.EatWhatYouKill.tryProduce(EatWhatYouKill.java:173)
        at org.eclipse.jetty.util.thread.strategy.EatWhatYouKill.produce(EatWhatYouKill.java:137)
        at org.eclipse.jetty.io.ManagedSelector$$Lambda$443/1369352990.run(Unknown Source)
        at org.eclipse.jetty.util.thread.QueuedThreadPool.runJob(QueuedThreadPool.java:883)
        at org.eclipse.jetty.util.thread.QueuedThreadPool$Runner.run(QueuedThreadPool.java:1034)
        at java.lang.Thread.run(Thread.java:750)
"068f63d0-ab19-47e7-872c-e50edf74daa4@group-450AFE3689FC-StateMachineUpdater" daemon prio=5 tid=676 timed_waiting
java.lang.Thread.State: TIMED_WAITING
        at sun.misc.Unsafe.park(Native Method)
        at java.util.concurrent.locks.LockSupport.parkNanos(LockSupport.java:215)
        at java.util.concurrent.CompletableFuture$Signaller.block(CompletableFuture.java:1709)
        at java.util.concurrent.ForkJoinPool.managedBlock(ForkJoinPool.java:3323)
        at java.util.concurrent.CompletableFuture.timedGet(CompletableFuture.java:1788)
        at java.util.concurrent.CompletableFuture.get(CompletableFuture.java:1928)
        at org.apache.ratis.util.AwaitForSignal.await(AwaitForSignal.java:56)
        at org.apache.ratis.server.impl.StateMachineUpdater.waitForCommit(StateMachineUpdater.java:207)
        at org.apache.ratis.server.impl.StateMachineUpdater.run(StateMachineUpdater.java:176)
        at java.lang.Thread.run(Thread.java:750)
"StaleRecoveringContainerScrubbingService#0" daemon prio=5 tid=557 in Object.wait()
java.lang.Thread.State: WAITING (on object monitor)
        at sun.misc.Unsafe.park(Native Method)
        at java.util.concurrent.locks.LockSupport.park(LockSupport.java:175)
        at java.util.concurrent.locks.AbstractQueuedSynchronizer$ConditionObject.await(AbstractQueuedSynchronizer.java:2039)
        at java.util.concurrent.ScheduledThreadPoolExecutor$DelayedWorkQueue.take(ScheduledThreadPoolExecutor.java:1088)
        at java.util.concurrent.ScheduledThreadPoolExecutor$DelayedWorkQueue.take(ScheduledThreadPoolExecutor.java:809)
        at java.util.concurrent.ThreadPoolExecutor.getTask(ThreadPoolExecutor.java:1074)
        at java.util.concurrent.ThreadPoolExecutor.runWorker(ThreadPoolExecutor.java:1134)
        at java.util.concurrent.ThreadPoolExecutor$Worker.run(ThreadPoolExecutor.java:624)
        at java.lang.Thread.run(Thread.java:750)
"ChunkReader-ELG-0" daemon prio=5 tid=400 runnable
java.lang.Thread.State: RUNNABLE
        at org.apache.ratis.thirdparty.io.netty.channel.epoll.Native.epollWait(Native Method)
        at org.apache.ratis.thirdparty.io.netty.channel.epoll.Native.epollWait(Native.java:209)
        at org.apache.ratis.thirdparty.io.netty.channel.epoll.Native.epollWait(Native.java:202)
        at org.apache.ratis.thirdparty.io.netty.channel.epoll.EpollEventLoop.epollWaitNoTimerChange(EpollEventLoop.java:294)
        at org.apache.ratis.thirdparty.io.netty.channel.epoll.EpollEventLoop.run(EpollEventLoop.java:351)
        at org.apache.ratis.thirdparty.io.netty.util.concurrent.SingleThreadEventExecutor$4.run(SingleThreadEventExecutor.java:995)
        at org.apache.ratis.thirdparty.io.netty.util.internal.ThreadExecutorMap$2.run(ThreadExecutorMap.java:74)
        at java.lang.Thread.run(Thread.java:750)
"EventQueue-DatanodeCommandForSCMNodeManager"  prio=5 tid=508 in Object.wait()
java.lang.Thread.State: WAITING (on object monitor)
        at sun.misc.Unsafe.park(Native Method)
        at java.util.concurrent.locks.LockSupport.park(LockSupport.java:175)
        at java.util.concurrent.locks.AbstractQueuedSynchronizer$ConditionObject.await(AbstractQueuedSynchronizer.java:2039)
        at java.util.concurrent.LinkedBlockingQueue.take(LinkedBlockingQueue.java:442)
        at java.util.concurrent.ThreadPoolExecutor.getTask(ThreadPoolExecutor.java:1074)
        at java.util.concurrent.ThreadPoolExecutor.runWorker(ThreadPoolExecutor.java:1134)
        at java.util.concurrent.ThreadPoolExecutor$Worker.run(ThreadPoolExecutor.java:624)
        at java.lang.Thread.run(Thread.java:750)
"Datanode State Machine Task Thread - 0"  prio=5 tid=466 in Object.wait()
java.lang.Thread.State: WAITING (on object monitor)
        at sun.misc.Unsafe.park(Native Method)
        at java.util.concurrent.locks.LockSupport.park(LockSupport.java:175)
        at java.util.concurrent.locks.AbstractQueuedSynchronizer$ConditionObject.await(AbstractQueuedSynchronizer.java:2039)
        at java.util.concurrent.LinkedBlockingQueue.take(LinkedBlockingQueue.java:442)
        at java.util.concurrent.ThreadPoolExecutor.getTask(ThreadPoolExecutor.java:1074)
        at java.util.concurrent.ThreadPoolExecutor.runWorker(ThreadPoolExecutor.java:1134)
        at java.util.concurrent.ThreadPoolExecutor$Worker.run(ThreadPoolExecutor.java:624)
        at java.lang.Thread.run(Thread.java:750)
"timer0" daemon prio=5 tid=733 timed_waiting
java.lang.Thread.State: TIMED_WAITING
        at java.lang.Object.wait(Native Method)
        at java.util.TimerThread.mainLoop(Timer.java:552)
        at java.util.TimerThread.run(Timer.java:505)
"Command processor thread" daemon prio=5 tid=425 timed_waiting
java.lang.Thread.State: TIMED_WAITING
        at java.lang.Thread.sleep(Native Method)
        at org.apache.hadoop.ozone.container.common.statemachine.DatanodeStateMachine.lambda$initCommandHandlerThread$3(DatanodeStateMachine.java:628)
        at org.apache.hadoop.ozone.container.common.statemachine.DatanodeStateMachine$$Lambda$747/98858159.run(Unknown Source)
        at java.lang.Thread.run(Thread.java:750)
"pool-55-thread-1"  prio=5 tid=117 in Object.wait()
java.lang.Thread.State: WAITING (on object monitor)
        at sun.misc.Unsafe.park(Native Method)
        at java.util.concurrent.locks.LockSupport.park(LockSupport.java:175)
        at java.util.concurrent.locks.AbstractQueuedSynchronizer$ConditionObject.await(AbstractQueuedSynchronizer.java:2039)
        at java.util.concurrent.LinkedBlockingQueue.take(LinkedBlockingQueue.java:442)
        at java.util.concurrent.ThreadPoolExecutor.getTask(ThreadPoolExecutor.java:1074)
        at java.util.concurrent.ThreadPoolExecutor.runWorker(ThreadPoolExecutor.java:1134)
        at java.util.concurrent.ThreadPoolExecutor$Worker.run(ThreadPoolExecutor.java:624)
        at java.lang.Thread.run(Thread.java:750)
"qtp751988805-414" daemon prio=5 tid=414 timed_waiting
java.lang.Thread.State: TIMED_WAITING
        at sun.misc.Unsafe.park(Native Method)
        at java.util.concurrent.locks.LockSupport.parkNanos(LockSupport.java:215)
        at java.util.concurrent.locks.AbstractQueuedSynchronizer$ConditionObject.awaitNanos(AbstractQueuedSynchronizer.java:2078)
        at org.eclipse.jetty.util.BlockingArrayQueue.poll(BlockingArrayQueue.java:382)
        at org.eclipse.jetty.util.thread.QueuedThreadPool$Runner.idleJobPoll(QueuedThreadPool.java:974)
        at org.eclipse.jetty.util.thread.QueuedThreadPool$Runner.run(QueuedThreadPool.java:1018)
        at java.lang.Thread.run(Thread.java:750)
"FullTableCache Cleanup Thread - 0" daemon prio=5 tid=748 in Object.wait()
java.lang.Thread.State: WAITING (on object monitor)
        at sun.misc.Unsafe.park(Native Method)
        at java.util.concurrent.locks.LockSupport.park(LockSupport.java:175)
        at java.util.concurrent.locks.AbstractQueuedSynchronizer$ConditionObject.await(AbstractQueuedSynchronizer.java:2039)
        at java.util.concurrent.LinkedBlockingQueue.take(LinkedBlockingQueue.java:442)
        at java.util.concurrent.ThreadPoolExecutor.getTask(ThreadPoolExecutor.java:1074)
        at java.util.concurrent.ThreadPoolExecutor.runWorker(ThreadPoolExecutor.java:1134)
        at java.util.concurrent.ThreadPoolExecutor$Worker.run(ThreadPoolExecutor.java:624)
        at java.lang.Thread.run(Thread.java:750)
"ChunkReader-ELG-0" daemon prio=5 tid=485 runnable
java.lang.Thread.State: RUNNABLE
        at org.apache.ratis.thirdparty.io.netty.channel.epoll.Native.epollWait(Native Method)
        at org.apache.ratis.thirdparty.io.netty.channel.epoll.Native.epollWait(Native.java:209)
        at org.apache.ratis.thirdparty.io.netty.channel.epoll.Native.epollWait(Native.java:202)
        at org.apache.ratis.thirdparty.io.netty.channel.epoll.EpollEventLoop.epollWaitNoTimerChange(EpollEventLoop.java:294)
        at org.apache.ratis.thirdparty.io.netty.channel.epoll.EpollEventLoop.run(EpollEventLoop.java:351)
        at org.apache.ratis.thirdparty.io.netty.util.concurrent.SingleThreadEventExecutor$4.run(SingleThreadEventExecutor.java:995)
        at org.apache.ratis.thirdparty.io.netty.util.internal.ThreadExecutorMap$2.run(ThreadExecutorMap.java:74)
        at java.lang.Thread.run(Thread.java:750)
"Datanode ReportManager Thread - 0" daemon prio=5 tid=316 timed_waiting
java.lang.Thread.State: TIMED_WAITING
        at sun.misc.Unsafe.park(Native Method)
        at java.util.concurrent.locks.LockSupport.parkNanos(LockSupport.java:215)
        at java.util.concurrent.locks.AbstractQueuedSynchronizer$ConditionObject.awaitNanos(AbstractQueuedSynchronizer.java:2078)
        at java.util.concurrent.ScheduledThreadPoolExecutor$DelayedWorkQueue.take(ScheduledThreadPoolExecutor.java:1093)
        at java.util.concurrent.ScheduledThreadPoolExecutor$DelayedWorkQueue.take(ScheduledThreadPoolExecutor.java:809)
        at java.util.concurrent.ThreadPoolExecutor.getTask(ThreadPoolExecutor.java:1074)
        at java.util.concurrent.ThreadPoolExecutor.runWorker(ThreadPoolExecutor.java:1134)
        at java.util.concurrent.ThreadPoolExecutor$Worker.run(ThreadPoolExecutor.java:624)
        at java.lang.Thread.run(Thread.java:750)
"StaleRecoveringContainerScrubbingService#2" daemon prio=5 tid=879 in Object.wait()
java.lang.Thread.State: WAITING (on object monitor)
        at sun.misc.Unsafe.park(Native Method)
        at java.util.concurrent.locks.LockSupport.park(LockSupport.java:175)
        at java.util.concurrent.locks.AbstractQueuedSynchronizer$ConditionObject.await(AbstractQueuedSynchronizer.java:2039)
        at java.util.concurrent.ScheduledThreadPoolExecutor$DelayedWorkQueue.take(ScheduledThreadPoolExecutor.java:1088)
        at java.util.concurrent.ScheduledThreadPoolExecutor$DelayedWorkQueue.take(ScheduledThreadPoolExecutor.java:809)
        at java.util.concurrent.ThreadPoolExecutor.getTask(ThreadPoolExecutor.java:1074)
        at java.util.concurrent.ThreadPoolExecutor.runWorker(ThreadPoolExecutor.java:1134)
        at java.util.concurrent.ThreadPoolExecutor$Worker.run(ThreadPoolExecutor.java:624)
        at java.lang.Thread.run(Thread.java:750)
"org.apache.hadoop.util.JvmPauseMonitor$Monitor@576724e8" daemon prio=5 tid=244 timed_waiting
java.lang.Thread.State: TIMED_WAITING
        at java.lang.Thread.sleep(Native Method)
        at org.apache.hadoop.util.JvmPauseMonitor$Monitor.run(JvmPauseMonitor.java:192)
        at java.lang.Thread.run(Thread.java:750)
"IPC Server idle connection scanner for port 46513" daemon prio=5 tid=25 timed_waiting
java.lang.Thread.State: TIMED_WAITING
        at java.lang.Object.wait(Native Method)
        at java.util.TimerThread.mainLoop(Timer.java:552)
        at java.util.TimerThread.run(Timer.java:505)
"IPC Server handler 12 on default port 37109" daemon prio=5 tid=69 timed_waiting
java.lang.Thread.State: TIMED_WAITING
        at sun.misc.Unsafe.park(Native Method)
        at java.util.concurrent.locks.LockSupport.parkNanos(LockSupport.java:215)
        at java.util.concurrent.locks.AbstractQueuedSynchronizer$ConditionObject.awaitNanos(AbstractQueuedSynchronizer.java:2078)
        at java.util.concurrent.LinkedBlockingQueue.poll(LinkedBlockingQueue.java:467)
        at org.apache.hadoop.ipc.CallQueueManager.take(CallQueueManager.java:317)
        at org.apache.hadoop.ipc.Server$Handler.run(Server.java:2942)
"IPC Server handler 6 on default port 41123" daemon prio=5 tid=150 timed_waiting
java.lang.Thread.State: TIMED_WAITING
        at sun.misc.Unsafe.park(Native Method)
        at java.util.concurrent.locks.LockSupport.parkNanos(LockSupport.java:215)
        at java.util.concurrent.locks.AbstractQueuedSynchronizer$ConditionObject.awaitNanos(AbstractQueuedSynchronizer.java:2078)
        at java.util.concurrent.LinkedBlockingQueue.poll(LinkedBlockingQueue.java:467)
        at org.apache.hadoop.ipc.CallQueueManager.take(CallQueueManager.java:317)
        at org.apache.hadoop.ipc.Server$Handler.run(Server.java:2942)
"FixedThreadPoolWithAffinityExecutor-8-0" daemon prio=5 tid=547 in Object.wait()
java.lang.Thread.State: WAITING (on object monitor)
        at sun.misc.Unsafe.park(Native Method)
        at java.util.concurrent.locks.LockSupport.park(LockSupport.java:175)
        at java.util.concurrent.locks.AbstractQueuedSynchronizer$ConditionObject.await(AbstractQueuedSynchronizer.java:2039)
        at java.util.concurrent.LinkedBlockingDeque.takeFirst(LinkedBlockingDeque.java:492)
        at java.util.concurrent.LinkedBlockingDeque.take(LinkedBlockingDeque.java:680)
        at java.util.concurrent.ThreadPoolExecutor.getTask(ThreadPoolExecutor.java:1074)
        at java.util.concurrent.ThreadPoolExecutor.runWorker(ThreadPoolExecutor.java:1134)
        at java.util.concurrent.ThreadPoolExecutor$Worker.run(ThreadPoolExecutor.java:624)
        at java.lang.Thread.run(Thread.java:750)
"qtp247981085-306" daemon prio=5 tid=306 runnable
java.lang.Thread.State: RUNNABLE
        at sun.nio.ch.EPollArrayWrapper.epollWait(Native Method)
        at sun.nio.ch.EPollArrayWrapper.poll(EPollArrayWrapper.java:269)
        at sun.nio.ch.EPollSelectorImpl.doSelect(EPollSelectorImpl.java:93)
        at sun.nio.ch.SelectorImpl.lockAndDoSelect(SelectorImpl.java:86)
        at sun.nio.ch.SelectorImpl.select(SelectorImpl.java:97)
        at sun.nio.ch.SelectorImpl.select(SelectorImpl.java:101)
        at org.eclipse.jetty.io.ManagedSelector.nioSelect(ManagedSelector.java:183)
        at org.eclipse.jetty.io.ManagedSelector.select(ManagedSelector.java:190)
        at org.eclipse.jetty.io.ManagedSelector$SelectorProducer.select(ManagedSelector.java:606)
        at org.eclipse.jetty.io.ManagedSelector$SelectorProducer.produce(ManagedSelector.java:543)
        at org.eclipse.jetty.util.thread.strategy.EatWhatYouKill.produceTask(EatWhatYouKill.java:362)
        at org.eclipse.jetty.util.thread.strategy.EatWhatYouKill.doProduce(EatWhatYouKill.java:186)
        at org.eclipse.jetty.util.thread.strategy.EatWhatYouKill.tryProduce(EatWhatYouKill.java:173)
        at org.eclipse.jetty.util.thread.strategy.EatWhatYouKill.produce(EatWhatYouKill.java:137)
        at org.eclipse.jetty.io.ManagedSelector$$Lambda$443/1369352990.run(Unknown Source)
        at org.eclipse.jetty.util.thread.QueuedThreadPool.runJob(QueuedThreadPool.java:883)
        at org.eclipse.jetty.util.thread.QueuedThreadPool$Runner.run(QueuedThreadPool.java:1034)
        at java.lang.Thread.run(Thread.java:750)
"IPC Server handler 15 on default port 35707" daemon prio=5 tid=52 timed_waiting
java.lang.Thread.State: TIMED_WAITING
        at sun.misc.Unsafe.park(Native Method)
        at java.util.concurrent.locks.LockSupport.parkNanos(LockSupport.java:215)
        at java.util.concurrent.locks.AbstractQueuedSynchronizer$ConditionObject.awaitNanos(AbstractQueuedSynchronizer.java:2078)
        at java.util.concurrent.LinkedBlockingQueue.poll(LinkedBlockingQueue.java:467)
        at org.apache.hadoop.ipc.CallQueueManager.take(CallQueueManager.java:317)
        at org.apache.hadoop.ipc.Server$Handler.run(Server.java:2942)
"Datanode State Machine Task Thread - 0"  prio=5 tid=245 in Object.wait()
java.lang.Thread.State: WAITING (on object monitor)
        at sun.misc.Unsafe.park(Native Method)
        at java.util.concurrent.locks.LockSupport.park(LockSupport.java:175)
        at java.util.concurrent.locks.AbstractQueuedSynchronizer$ConditionObject.await(AbstractQueuedSynchronizer.java:2039)
        at java.util.concurrent.LinkedBlockingQueue.take(LinkedBlockingQueue.java:442)
        at java.util.concurrent.ThreadPoolExecutor.getTask(ThreadPoolExecutor.java:1074)
        at java.util.concurrent.ThreadPoolExecutor.runWorker(ThreadPoolExecutor.java:1134)
        at java.util.concurrent.ThreadPoolExecutor$Worker.run(ThreadPoolExecutor.java:624)
        at java.lang.Thread.run(Thread.java:750)
"timer4" daemon prio=5 tid=704 timed_waiting
java.lang.Thread.State: TIMED_WAITING
        at java.lang.Object.wait(Native Method)
        at java.util.TimerThread.mainLoop(Timer.java:552)
        at java.util.TimerThread.run(Timer.java:505)
"pool-264-thread-1"  prio=5 tid=646 in Object.wait()
java.lang.Thread.State: WAITING (on object monitor)
        at sun.misc.Unsafe.park(Native Method)
        at java.util.concurrent.locks.LockSupport.park(LockSupport.java:175)
        at java.util.concurrent.locks.AbstractQueuedSynchronizer$ConditionObject.await(AbstractQueuedSynchronizer.java:2039)
        at java.util.concurrent.LinkedBlockingQueue.take(LinkedBlockingQueue.java:442)
        at java.util.concurrent.ThreadPoolExecutor.getTask(ThreadPoolExecutor.java:1074)
        at java.util.concurrent.ThreadPoolExecutor.runWorker(ThreadPoolExecutor.java:1134)
        at java.util.concurrent.ThreadPoolExecutor$Worker.run(ThreadPoolExecutor.java:624)
        at java.lang.Thread.run(Thread.java:750)
"IPC Server handler 0 on default port 46513" daemon prio=5 tid=77 timed_waiting
java.lang.Thread.State: TIMED_WAITING
        at sun.misc.Unsafe.park(Native Method)
        at java.util.concurrent.locks.LockSupport.parkNanos(LockSupport.java:215)
        at java.util.concurrent.locks.AbstractQueuedSynchronizer$ConditionObject.awaitNanos(AbstractQueuedSynchronizer.java:2078)
        at java.util.concurrent.LinkedBlockingQueue.poll(LinkedBlockingQueue.java:467)
        at org.apache.hadoop.ipc.CallQueueManager.take(CallQueueManager.java:317)
        at org.apache.hadoop.ipc.Server$Handler.run(Server.java:2942)
"ChunkWriter-0-0" daemon prio=5 tid=550 in Object.wait()
java.lang.Thread.State: WAITING (on object monitor)
        at sun.misc.Unsafe.park(Native Method)
        at java.util.concurrent.locks.LockSupport.park(LockSupport.java:175)
        at java.util.concurrent.locks.AbstractQueuedSynchronizer$ConditionObject.await(AbstractQueuedSynchronizer.java:2039)
        at java.util.concurrent.LinkedBlockingDeque.takeFirst(LinkedBlockingDeque.java:492)
        at java.util.concurrent.LinkedBlockingDeque.take(LinkedBlockingDeque.java:680)
        at java.util.concurrent.ThreadPoolExecutor.getTask(ThreadPoolExecutor.java:1074)
        at java.util.concurrent.ThreadPoolExecutor.runWorker(ThreadPoolExecutor.java:1134)
        at java.util.concurrent.ThreadPoolExecutor$Worker.run(ThreadPoolExecutor.java:624)
        at java.lang.Thread.run(Thread.java:750)
"pool-291-thread-1"  prio=5 tid=673 in Object.wait()
java.lang.Thread.State: WAITING (on object monitor)
        at sun.misc.Unsafe.park(Native Method)
        at java.util.concurrent.locks.LockSupport.park(LockSupport.java:175)
        at java.util.concurrent.locks.AbstractQueuedSynchronizer$ConditionObject.await(AbstractQueuedSynchronizer.java:2039)
        at java.util.concurrent.LinkedBlockingQueue.take(LinkedBlockingQueue.java:442)
        at java.util.concurrent.ThreadPoolExecutor.getTask(ThreadPoolExecutor.java:1074)
        at java.util.concurrent.ThreadPoolExecutor.runWorker(ThreadPoolExecutor.java:1134)
        at java.util.concurrent.ThreadPoolExecutor$Worker.run(ThreadPoolExecutor.java:624)
        at java.lang.Thread.run(Thread.java:750)
"ChunkWriter-3-0" daemon prio=5 tid=471 in Object.wait()
java.lang.Thread.State: WAITING (on object monitor)
        at sun.misc.Unsafe.park(Native Method)
        at java.util.concurrent.locks.LockSupport.park(LockSupport.java:175)
        at java.util.concurrent.locks.AbstractQueuedSynchronizer$ConditionObject.await(AbstractQueuedSynchronizer.java:2039)
        at java.util.concurrent.LinkedBlockingDeque.takeFirst(LinkedBlockingDeque.java:492)
        at java.util.concurrent.LinkedBlockingDeque.take(LinkedBlockingDeque.java:680)
        at java.util.concurrent.ThreadPoolExecutor.getTask(ThreadPoolExecutor.java:1074)
        at java.util.concurrent.ThreadPoolExecutor.runWorker(ThreadPoolExecutor.java:1134)
        at java.util.concurrent.ThreadPoolExecutor$Worker.run(ThreadPoolExecutor.java:624)
        at java.lang.Thread.run(Thread.java:750)
"IPC Server handler 18 on default port 46513" daemon prio=5 tid=95 timed_waiting
java.lang.Thread.State: TIMED_WAITING
        at sun.misc.Unsafe.park(Native Method)
        at java.util.concurrent.locks.LockSupport.parkNanos(LockSupport.java:215)
        at java.util.concurrent.locks.AbstractQueuedSynchronizer$ConditionObject.awaitNanos(AbstractQueuedSynchronizer.java:2078)
        at java.util.concurrent.LinkedBlockingQueue.poll(LinkedBlockingQueue.java:467)
        at org.apache.hadoop.ipc.CallQueueManager.take(CallQueueManager.java:317)
        at org.apache.hadoop.ipc.Server$Handler.run(Server.java:2942)
"timer6" daemon prio=5 tid=731 timed_waiting
java.lang.Thread.State: TIMED_WAITING
        at java.lang.Object.wait(Native Method)
        at java.util.TimerThread.mainLoop(Timer.java:552)
        at java.util.TimerThread.run(Timer.java:505)
"Command processor thread" daemon prio=5 tid=269 timed_waiting
java.lang.Thread.State: TIMED_WAITING
        at java.lang.Thread.sleep(Native Method)
        at org.apache.hadoop.ozone.container.common.statemachine.DatanodeStateMachine.lambda$initCommandHandlerThread$3(DatanodeStateMachine.java:628)
        at org.apache.hadoop.ozone.container.common.statemachine.DatanodeStateMachine$$Lambda$747/98858159.run(Unknown Source)
        at java.lang.Thread.run(Thread.java:750)
"Datanode ReportManager Thread - 1" daemon prio=5 tid=213 in Object.wait()
java.lang.Thread.State: WAITING (on object monitor)
        at sun.misc.Unsafe.park(Native Method)
        at java.util.concurrent.locks.LockSupport.park(LockSupport.java:175)
        at java.util.concurrent.locks.AbstractQueuedSynchronizer$ConditionObject.await(AbstractQueuedSynchronizer.java:2039)
        at java.util.concurrent.ScheduledThreadPoolExecutor$DelayedWorkQueue.take(ScheduledThreadPoolExecutor.java:1088)
        at java.util.concurrent.ScheduledThreadPoolExecutor$DelayedWorkQueue.take(ScheduledThreadPoolExecutor.java:809)
        at java.util.concurrent.ThreadPoolExecutor.getTask(ThreadPoolExecutor.java:1074)
        at java.util.concurrent.ThreadPoolExecutor.runWorker(ThreadPoolExecutor.java:1134)
        at java.util.concurrent.ThreadPoolExecutor$Worker.run(ThreadPoolExecutor.java:624)
        at java.lang.Thread.run(Thread.java:750)
"IPC Server handler 3 on default port 46513" daemon prio=5 tid=80 timed_waiting
java.lang.Thread.State: TIMED_WAITING
        at sun.misc.Unsafe.park(Native Method)
        at java.util.concurrent.locks.LockSupport.parkNanos(LockSupport.java:215)
        at java.util.concurrent.locks.AbstractQueuedSynchronizer$ConditionObject.awaitNanos(AbstractQueuedSynchronizer.java:2078)
        at java.util.concurrent.LinkedBlockingQueue.poll(LinkedBlockingQueue.java:467)
        at org.apache.hadoop.ipc.CallQueueManager.take(CallQueueManager.java:317)
        at org.apache.hadoop.ipc.Server$Handler.run(Server.java:2942)
"IPC Client (1808428108) connection to /0.0.0.0:46513 from runner" daemon prio=5 tid=343 timed_waiting
java.lang.Thread.State: TIMED_WAITING
        at java.lang.Object.wait(Native Method)
        at org.apache.hadoop.ipc.Client$Connection.waitForWork(Client.java:1086)
        at org.apache.hadoop.ipc.Client$Connection.run(Client.java:1133)
"6712d1d5-3f8e-46d5-b100-7ccc5411605f@group-C5DF1AF2A9A6-FollowerState" daemon prio=5 tid=833 timed_waiting
java.lang.Thread.State: TIMED_WAITING
        at java.lang.Thread.sleep(Native Method)
        at java.lang.Thread.sleep(Thread.java:342)
        at java.util.concurrent.TimeUnit.sleep(TimeUnit.java:386)
        at org.apache.ratis.util.TimeDuration.sleep(TimeDuration.java:325)
        at org.apache.ratis.util.TimeDuration.sleep(TimeDuration.java:310)
        at org.apache.ratis.server.impl.FollowerState.run(FollowerState.java:128)
"2f412ea8-0081-4ad7-b64d-031dd4a9d4b2@group-1F2C47812506-SegmentedRaftLogWorker"  prio=5 tid=602 timed_waiting
java.lang.Thread.State: TIMED_WAITING
        at sun.misc.Unsafe.park(Native Method)
        at java.util.concurrent.locks.LockSupport.parkNanos(LockSupport.java:215)
        at java.util.concurrent.locks.AbstractQueuedSynchronizer$ConditionObject.awaitNanos(AbstractQueuedSynchronizer.java:2078)
        at org.apache.ratis.util.DataBlockingQueue.poll(DataBlockingQueue.java:148)
        at org.apache.ratis.server.raftlog.segmented.SegmentedRaftLogWorker.run(SegmentedRaftLogWorker.java:310)
        at org.apache.ratis.server.raftlog.segmented.SegmentedRaftLogWorker$$Lambda$661/1740308191.run(Unknown Source)
        at java.lang.Thread.run(Thread.java:750)
"IPC Server handler 9 on default port 46513" daemon prio=5 tid=86 timed_waiting
java.lang.Thread.State: TIMED_WAITING
        at sun.misc.Unsafe.park(Native Method)
        at java.util.concurrent.locks.LockSupport.parkNanos(LockSupport.java:215)
        at java.util.concurrent.locks.AbstractQueuedSynchronizer$ConditionObject.awaitNanos(AbstractQueuedSynchronizer.java:2078)
        at java.util.concurrent.LinkedBlockingQueue.poll(LinkedBlockingQueue.java:467)
        at org.apache.hadoop.ipc.CallQueueManager.take(CallQueueManager.java:317)
        at org.apache.hadoop.ipc.Server$Handler.run(Server.java:2942)
"StaleRecoveringContainerScrubbingService#0" daemon prio=5 tid=475 in Object.wait()
java.lang.Thread.State: WAITING (on object monitor)
        at sun.misc.Unsafe.park(Native Method)
        at java.util.concurrent.locks.LockSupport.park(LockSupport.java:175)
        at java.util.concurrent.locks.AbstractQueuedSynchronizer$ConditionObject.await(AbstractQueuedSynchronizer.java:2039)
        at java.util.concurrent.ScheduledThreadPoolExecutor$DelayedWorkQueue.take(ScheduledThreadPoolExecutor.java:1088)
        at java.util.concurrent.ScheduledThreadPoolExecutor$DelayedWorkQueue.take(ScheduledThreadPoolExecutor.java:809)
        at java.util.concurrent.ThreadPoolExecutor.getTask(ThreadPoolExecutor.java:1074)
        at java.util.concurrent.ThreadPoolExecutor.runWorker(ThreadPoolExecutor.java:1134)
        at java.util.concurrent.ThreadPoolExecutor$Worker.run(ThreadPoolExecutor.java:624)
        at java.lang.Thread.run(Thread.java:750)
"qtp1788199670-103" daemon prio=5 tid=103 timed_waiting
java.lang.Thread.State: TIMED_WAITING
        at sun.misc.Unsafe.park(Native Method)
        at java.util.concurrent.locks.LockSupport.parkNanos(LockSupport.java:215)
        at java.util.concurrent.locks.AbstractQueuedSynchronizer$ConditionObject.awaitNanos(AbstractQueuedSynchronizer.java:2078)
        at org.eclipse.jetty.util.BlockingArrayQueue.poll(BlockingArrayQueue.java:382)
        at org.eclipse.jetty.util.thread.QueuedThreadPool$Runner.idleJobPoll(QueuedThreadPool.java:974)
        at org.eclipse.jetty.util.thread.QueuedThreadPool$Runner.run(QueuedThreadPool.java:1018)
        at java.lang.Thread.run(Thread.java:750)
"om1@group-C5BA1605619E-LeaderStateImpl" daemon prio=5 tid=210 timed_waiting
java.lang.Thread.State: TIMED_WAITING
        at sun.misc.Unsafe.park(Native Method)
        at java.util.concurrent.locks.LockSupport.parkNanos(LockSupport.java:215)
        at java.util.concurrent.locks.AbstractQueuedSynchronizer$ConditionObject.awaitNanos(AbstractQueuedSynchronizer.java:2078)
        at java.util.concurrent.ArrayBlockingQueue.poll(ArrayBlockingQueue.java:418)
        at org.apache.ratis.server.impl.LeaderStateImpl$EventQueue.poll(LeaderStateImpl.java:159)
        at org.apache.ratis.server.impl.LeaderStateImpl$EventProcessor.run(LeaderStateImpl.java:630)
"OpenKeyCleanupService#0" daemon prio=5 tid=133 timed_waiting
java.lang.Thread.State: TIMED_WAITING
        at sun.misc.Unsafe.park(Native Method)
        at java.util.concurrent.locks.LockSupport.parkNanos(LockSupport.java:215)
        at java.util.concurrent.locks.AbstractQueuedSynchronizer$ConditionObject.awaitNanos(AbstractQueuedSynchronizer.java:2078)
        at java.util.concurrent.ScheduledThreadPoolExecutor$DelayedWorkQueue.take(ScheduledThreadPoolExecutor.java:1093)
        at java.util.concurrent.ScheduledThreadPoolExecutor$DelayedWorkQueue.take(ScheduledThreadPoolExecutor.java:809)
        at java.util.concurrent.ThreadPoolExecutor.getTask(ThreadPoolExecutor.java:1074)
        at java.util.concurrent.ThreadPoolExecutor.runWorker(ThreadPoolExecutor.java:1134)
        at java.util.concurrent.ThreadPoolExecutor$Worker.run(ThreadPoolExecutor.java:624)
        at java.lang.Thread.run(Thread.java:750)
"a2b9a5b5-e126-445d-90e8-946fc00ddc43@group-74DC051E88E8-SegmentedRaftLogWorker"  prio=5 tid=663 timed_waiting
java.lang.Thread.State: TIMED_WAITING
        at sun.misc.Unsafe.park(Native Method)
        at java.util.concurrent.locks.LockSupport.parkNanos(LockSupport.java:215)
        at java.util.concurrent.locks.AbstractQueuedSynchronizer$ConditionObject.awaitNanos(AbstractQueuedSynchronizer.java:2078)
        at org.apache.ratis.util.DataBlockingQueue.poll(DataBlockingQueue.java:148)
        at org.apache.ratis.server.raftlog.segmented.SegmentedRaftLogWorker.run(SegmentedRaftLogWorker.java:310)
        at org.apache.ratis.server.raftlog.segmented.SegmentedRaftLogWorker$$Lambda$661/1740308191.run(Unknown Source)
        at java.lang.Thread.run(Thread.java:750)
"grpc-default-executor-3" daemon prio=5 tid=696 timed_waiting
java.lang.Thread.State: TIMED_WAITING
        at sun.misc.Unsafe.park(Native Method)
        at java.util.concurrent.locks.LockSupport.parkNanos(LockSupport.java:215)
        at java.util.concurrent.SynchronousQueue$TransferStack.awaitFulfill(SynchronousQueue.java:460)
        at java.util.concurrent.SynchronousQueue$TransferStack.transfer(SynchronousQueue.java:362)
        at java.util.concurrent.SynchronousQueue.poll(SynchronousQueue.java:941)
        at java.util.concurrent.ThreadPoolExecutor.getTask(ThreadPoolExecutor.java:1073)
        at java.util.concurrent.ThreadPoolExecutor.runWorker(ThreadPoolExecutor.java:1134)
        at java.util.concurrent.ThreadPoolExecutor$Worker.run(ThreadPoolExecutor.java:624)
        at java.lang.Thread.run(Thread.java:750)
"IPC Server handler 2 on default port 41123" daemon prio=5 tid=146 timed_waiting
java.lang.Thread.State: TIMED_WAITING
        at sun.misc.Unsafe.park(Native Method)
        at java.util.concurrent.locks.LockSupport.parkNanos(LockSupport.java:215)
        at java.util.concurrent.locks.AbstractQueuedSynchronizer$ConditionObject.awaitNanos(AbstractQueuedSynchronizer.java:2078)
        at java.util.concurrent.LinkedBlockingQueue.poll(LinkedBlockingQueue.java:467)
        at org.apache.hadoop.ipc.CallQueueManager.take(CallQueueManager.java:317)
        at org.apache.hadoop.ipc.Server$Handler.run(Server.java:2942)
"IPC Server listener on 0" daemon prio=5 tid=120 runnable
java.lang.Thread.State: RUNNABLE
        at sun.nio.ch.EPollArrayWrapper.epollWait(Native Method)
        at sun.nio.ch.EPollArrayWrapper.poll(EPollArrayWrapper.java:269)
        at sun.nio.ch.EPollSelectorImpl.doSelect(EPollSelectorImpl.java:93)
        at sun.nio.ch.SelectorImpl.lockAndDoSelect(SelectorImpl.java:86)
        at sun.nio.ch.SelectorImpl.select(SelectorImpl.java:97)
        at sun.nio.ch.SelectorImpl.select(SelectorImpl.java:101)
        at org.apache.hadoop.ipc.Server$Listener.run(Server.java:1358)
"EventQueue-StaleNodeForStaleNodeHandler" daemon prio=5 tid=825 in Object.wait()
java.lang.Thread.State: WAITING (on object monitor)
        at sun.misc.Unsafe.park(Native Method)
        at java.util.concurrent.locks.LockSupport.park(LockSupport.java:175)
        at java.util.concurrent.locks.AbstractQueuedSynchronizer$ConditionObject.await(AbstractQueuedSynchronizer.java:2039)
        at java.util.concurrent.LinkedBlockingQueue.take(LinkedBlockingQueue.java:442)
        at java.util.concurrent.ThreadPoolExecutor.getTask(ThreadPoolExecutor.java:1074)
        at java.util.concurrent.ThreadPoolExecutor.runWorker(ThreadPoolExecutor.java:1134)
        at java.util.concurrent.ThreadPoolExecutor$Worker.run(ThreadPoolExecutor.java:624)
        at java.lang.Thread.run(Thread.java:750)
"a2b9a5b5-e126-445d-90e8-946fc00ddc43@group-2A44E0557D51-LeaderStateImpl" daemon prio=5 tid=808 timed_waiting
java.lang.Thread.State: TIMED_WAITING
        at sun.misc.Unsafe.park(Native Method)
        at java.util.concurrent.locks.LockSupport.parkNanos(LockSupport.java:215)
        at java.util.concurrent.locks.AbstractQueuedSynchronizer$ConditionObject.awaitNanos(AbstractQueuedSynchronizer.java:2078)
        at java.util.concurrent.ArrayBlockingQueue.poll(ArrayBlockingQueue.java:418)
        at org.apache.ratis.server.impl.LeaderStateImpl$EventQueue.poll(LeaderStateImpl.java:159)
        at org.apache.ratis.server.impl.LeaderStateImpl$EventProcessor.run(LeaderStateImpl.java:630)
"pool-203-thread-1" daemon prio=5 tid=327 timed_waiting
java.lang.Thread.State: TIMED_WAITING
        at sun.misc.Unsafe.park(Native Method)
        at java.util.concurrent.locks.LockSupport.parkNanos(LockSupport.java:215)
        at java.util.concurrent.locks.AbstractQueuedSynchronizer$ConditionObject.awaitNanos(AbstractQueuedSynchronizer.java:2078)
        at java.util.concurrent.ScheduledThreadPoolExecutor$DelayedWorkQueue.take(ScheduledThreadPoolExecutor.java:1093)
        at java.util.concurrent.ScheduledThreadPoolExecutor$DelayedWorkQueue.take(ScheduledThreadPoolExecutor.java:809)
        at java.util.concurrent.ThreadPoolExecutor.getTask(ThreadPoolExecutor.java:1074)
        at java.util.concurrent.ThreadPoolExecutor.runWorker(ThreadPoolExecutor.java:1134)
        at java.util.concurrent.ThreadPoolExecutor$Worker.run(ThreadPoolExecutor.java:624)
        at java.lang.Thread.run(Thread.java:750)
"Datanode ReportManager Thread - 1" daemon prio=5 tid=459 timed_waiting
java.lang.Thread.State: TIMED_WAITING
        at sun.misc.Unsafe.park(Native Method)
        at java.util.concurrent.locks.LockSupport.parkNanos(LockSupport.java:215)
        at java.util.concurrent.locks.AbstractQueuedSynchronizer$ConditionObject.awaitNanos(AbstractQueuedSynchronizer.java:2078)
        at java.util.concurrent.ScheduledThreadPoolExecutor$DelayedWorkQueue.take(ScheduledThreadPoolExecutor.java:1093)
        at java.util.concurrent.ScheduledThreadPoolExecutor$DelayedWorkQueue.take(ScheduledThreadPoolExecutor.java:809)
        at java.util.concurrent.ThreadPoolExecutor.getTask(ThreadPoolExecutor.java:1074)
        at java.util.concurrent.ThreadPoolExecutor.runWorker(ThreadPoolExecutor.java:1134)
        at java.util.concurrent.ThreadPoolExecutor$Worker.run(ThreadPoolExecutor.java:624)
        at java.lang.Thread.run(Thread.java:750)
"IPC Server handler 6 on default port 37109" daemon prio=5 tid=63 timed_waiting
java.lang.Thread.State: TIMED_WAITING
        at sun.misc.Unsafe.park(Native Method)
        at java.util.concurrent.locks.LockSupport.parkNanos(LockSupport.java:215)
        at java.util.concurrent.locks.AbstractQueuedSynchronizer$ConditionObject.awaitNanos(AbstractQueuedSynchronizer.java:2078)
        at java.util.concurrent.LinkedBlockingQueue.poll(LinkedBlockingQueue.java:467)
        at org.apache.hadoop.ipc.CallQueueManager.take(CallQueueManager.java:317)
        at org.apache.hadoop.ipc.Server$Handler.run(Server.java:2942)
"PartialTableCache Cleanup Thread - 0" daemon prio=5 tid=810 in Object.wait()
java.lang.Thread.State: WAITING (on object monitor)
        at sun.misc.Unsafe.park(Native Method)
        at java.util.concurrent.locks.LockSupport.park(LockSupport.java:175)
        at java.util.concurrent.locks.AbstractQueuedSynchronizer$ConditionObject.await(AbstractQueuedSynchronizer.java:2039)
        at java.util.concurrent.LinkedBlockingQueue.take(LinkedBlockingQueue.java:442)
        at java.util.concurrent.ThreadPoolExecutor.getTask(ThreadPoolExecutor.java:1074)
        at java.util.concurrent.ThreadPoolExecutor.runWorker(ThreadPoolExecutor.java:1134)
        at java.util.concurrent.ThreadPoolExecutor$Worker.run(ThreadPoolExecutor.java:624)
        at java.lang.Thread.run(Thread.java:750)
"pool-59-thread-1"  prio=5 tid=134 timed_waiting
java.lang.Thread.State: TIMED_WAITING
        at sun.misc.Unsafe.park(Native Method)
        at java.util.concurrent.locks.LockSupport.parkNanos(LockSupport.java:215)
        at java.util.concurrent.locks.AbstractQueuedSynchronizer$ConditionObject.awaitNanos(AbstractQueuedSynchronizer.java:2078)
        at java.util.concurrent.ScheduledThreadPoolExecutor$DelayedWorkQueue.take(ScheduledThreadPoolExecutor.java:1093)
        at java.util.concurrent.ScheduledThreadPoolExecutor$DelayedWorkQueue.take(ScheduledThreadPoolExecutor.java:809)
        at java.util.concurrent.ThreadPoolExecutor.getTask(ThreadPoolExecutor.java:1074)
        at java.util.concurrent.ThreadPoolExecutor.runWorker(ThreadPoolExecutor.java:1134)
        at java.util.concurrent.ThreadPoolExecutor$Worker.run(ThreadPoolExecutor.java:624)
        at java.lang.Thread.run(Thread.java:750)
"qtp1547050072-284" daemon prio=5 tid=284 timed_waiting
java.lang.Thread.State: TIMED_WAITING
        at sun.misc.Unsafe.park(Native Method)
        at java.util.concurrent.locks.LockSupport.parkNanos(LockSupport.java:215)
        at java.util.concurrent.locks.AbstractQueuedSynchronizer$ConditionObject.awaitNanos(AbstractQueuedSynchronizer.java:2078)
        at org.eclipse.jetty.util.BlockingArrayQueue.poll(BlockingArrayQueue.java:382)
        at org.eclipse.jetty.util.thread.QueuedThreadPool$Runner.idleJobPoll(QueuedThreadPool.java:974)
        at org.eclipse.jetty.util.thread.QueuedThreadPool$Runner.run(QueuedThreadPool.java:1018)
        at java.lang.Thread.run(Thread.java:750)
"IPC Server Responder" daemon prio=5 tid=34 runnable
java.lang.Thread.State: RUNNABLE
        at sun.nio.ch.EPollArrayWrapper.epollWait(Native Method)
        at sun.nio.ch.EPollArrayWrapper.poll(EPollArrayWrapper.java:269)
        at sun.nio.ch.EPollSelectorImpl.doSelect(EPollSelectorImpl.java:93)
        at sun.nio.ch.SelectorImpl.lockAndDoSelect(SelectorImpl.java:86)
        at sun.nio.ch.SelectorImpl.select(SelectorImpl.java:97)
        at org.apache.hadoop.ipc.Server$Responder.doRunLoop(Server.java:1532)
        at org.apache.hadoop.ipc.Server$Responder.run(Server.java:1515)
"0cbed28b-7e2e-4c55-93c4-a5222a360620@group-C5DF1AF2A9A6-SegmentedRaftLogWorker"  prio=5 tid=609 timed_waiting
java.lang.Thread.State: TIMED_WAITING
        at sun.misc.Unsafe.park(Native Method)
        at java.util.concurrent.locks.LockSupport.parkNanos(LockSupport.java:215)
        at java.util.concurrent.locks.AbstractQueuedSynchronizer$ConditionObject.awaitNanos(AbstractQueuedSynchronizer.java:2078)
        at org.apache.ratis.util.DataBlockingQueue.poll(DataBlockingQueue.java:148)
        at org.apache.ratis.server.raftlog.segmented.SegmentedRaftLogWorker.run(SegmentedRaftLogWorker.java:310)
        at org.apache.ratis.server.raftlog.segmented.SegmentedRaftLogWorker$$Lambda$661/1740308191.run(Unknown Source)
        at java.lang.Thread.run(Thread.java:750)
"ChunkReader-2" daemon prio=5 tid=802 in Object.wait()
java.lang.Thread.State: WAITING (on object monitor)
        at sun.misc.Unsafe.park(Native Method)
        at java.util.concurrent.locks.LockSupport.park(LockSupport.java:175)
        at java.util.concurrent.locks.AbstractQueuedSynchronizer$ConditionObject.await(AbstractQueuedSynchronizer.java:2039)
        at java.util.concurrent.LinkedBlockingQueue.take(LinkedBlockingQueue.java:442)
        at java.util.concurrent.ThreadPoolExecutor.getTask(ThreadPoolExecutor.java:1074)
        at java.util.concurrent.ThreadPoolExecutor.runWorker(ThreadPoolExecutor.java:1134)
        at java.util.concurrent.ThreadPoolExecutor$Worker.run(ThreadPoolExecutor.java:624)
        at java.lang.Thread.run(Thread.java:750)
"EndpointStateMachine task thread for /0.0.0.0:46513 - 0 "  prio=5 tid=479 in Object.wait()
java.lang.Thread.State: WAITING (on object monitor)
        at sun.misc.Unsafe.park(Native Method)
        at java.util.concurrent.locks.LockSupport.park(LockSupport.java:175)
        at java.util.concurrent.locks.AbstractQueuedSynchronizer$ConditionObject.await(AbstractQueuedSynchronizer.java:2039)
        at java.util.concurrent.LinkedBlockingQueue.take(LinkedBlockingQueue.java:442)
        at java.util.concurrent.ThreadPoolExecutor.getTask(ThreadPoolExecutor.java:1074)
        at java.util.concurrent.ThreadPoolExecutor.runWorker(ThreadPoolExecutor.java:1134)
        at java.util.concurrent.ThreadPoolExecutor$Worker.run(ThreadPoolExecutor.java:624)
        at java.lang.Thread.run(Thread.java:750)
"DirectoryDeletingService#0" daemon prio=5 tid=132 timed_waiting
java.lang.Thread.State: TIMED_WAITING
        at sun.misc.Unsafe.park(Native Method)
        at java.util.concurrent.locks.LockSupport.parkNanos(LockSupport.java:215)
        at java.util.concurrent.locks.AbstractQueuedSynchronizer$ConditionObject.awaitNanos(AbstractQueuedSynchronizer.java:2078)
        at java.util.concurrent.ScheduledThreadPoolExecutor$DelayedWorkQueue.take(ScheduledThreadPoolExecutor.java:1093)
        at java.util.concurrent.ScheduledThreadPoolExecutor$DelayedWorkQueue.take(ScheduledThreadPoolExecutor.java:809)
        at java.util.concurrent.ThreadPoolExecutor.getTask(ThreadPoolExecutor.java:1074)
        at java.util.concurrent.ThreadPoolExecutor.runWorker(ThreadPoolExecutor.java:1134)
        at java.util.concurrent.ThreadPoolExecutor$Worker.run(ThreadPoolExecutor.java:624)
        at java.lang.Thread.run(Thread.java:750)
"BlockDeletingService#1" daemon prio=5 tid=531 timed_waiting
java.lang.Thread.State: TIMED_WAITING
        at sun.misc.Unsafe.park(Native Method)
        at java.util.concurrent.locks.LockSupport.parkNanos(LockSupport.java:215)
        at java.util.concurrent.locks.AbstractQueuedSynchronizer$ConditionObject.awaitNanos(AbstractQueuedSynchronizer.java:2078)
        at java.util.concurrent.ScheduledThreadPoolExecutor$DelayedWorkQueue.take(ScheduledThreadPoolExecutor.java:1093)
        at java.util.concurrent.ScheduledThreadPoolExecutor$DelayedWorkQueue.take(ScheduledThreadPoolExecutor.java:809)
        at java.util.concurrent.ThreadPoolExecutor.getTask(ThreadPoolExecutor.java:1074)
        at java.util.concurrent.ThreadPoolExecutor.runWorker(ThreadPoolExecutor.java:1134)
        at java.util.concurrent.ThreadPoolExecutor$Worker.run(ThreadPoolExecutor.java:624)
        at java.lang.Thread.run(Thread.java:750)
"4eb19ff5-df5c-423c-bb98-7a77d12fda0f@group-88B5DFD0E92F-SegmentedRaftLogWorker"  prio=5 tid=579 timed_waiting
java.lang.Thread.State: TIMED_WAITING
        at sun.misc.Unsafe.park(Native Method)
        at java.util.concurrent.locks.LockSupport.parkNanos(LockSupport.java:215)
        at java.util.concurrent.locks.AbstractQueuedSynchronizer$ConditionObject.awaitNanos(AbstractQueuedSynchronizer.java:2078)
        at org.apache.ratis.util.DataBlockingQueue.poll(DataBlockingQueue.java:148)
        at org.apache.ratis.server.raftlog.segmented.SegmentedRaftLogWorker.run(SegmentedRaftLogWorker.java:310)
        at org.apache.ratis.server.raftlog.segmented.SegmentedRaftLogWorker$$Lambda$661/1740308191.run(Unknown Source)
        at java.lang.Thread.run(Thread.java:750)
"IPC Server listener on 0" daemon prio=5 tid=27 runnable
java.lang.Thread.State: RUNNABLE
        at sun.nio.ch.EPollArrayWrapper.epollWait(Native Method)
        at sun.nio.ch.EPollArrayWrapper.poll(EPollArrayWrapper.java:269)
        at sun.nio.ch.EPollSelectorImpl.doSelect(EPollSelectorImpl.java:93)
        at sun.nio.ch.SelectorImpl.lockAndDoSelect(SelectorImpl.java:86)
        at sun.nio.ch.SelectorImpl.select(SelectorImpl.java:97)
        at sun.nio.ch.SelectorImpl.select(SelectorImpl.java:101)
        at org.apache.hadoop.ipc.Server$Listener.run(Server.java:1358)
"Datanode ReportManager Thread - 3" daemon prio=5 tid=384 in Object.wait()
java.lang.Thread.State: WAITING (on object monitor)
        at sun.misc.Unsafe.park(Native Method)
        at java.util.concurrent.locks.LockSupport.park(LockSupport.java:175)
        at java.util.concurrent.locks.AbstractQueuedSynchronizer$ConditionObject.await(AbstractQueuedSynchronizer.java:2039)
        at java.util.concurrent.ScheduledThreadPoolExecutor$DelayedWorkQueue.take(ScheduledThreadPoolExecutor.java:1088)
        at java.util.concurrent.ScheduledThreadPoolExecutor$DelayedWorkQueue.take(ScheduledThreadPoolExecutor.java:809)
        at java.util.concurrent.ThreadPoolExecutor.getTask(ThreadPoolExecutor.java:1074)
        at java.util.concurrent.ThreadPoolExecutor.runWorker(ThreadPoolExecutor.java:1134)
        at java.util.concurrent.ThreadPoolExecutor$Worker.run(ThreadPoolExecutor.java:624)
        at java.lang.Thread.run(Thread.java:750)
"prometheus" daemon prio=5 tid=109 in Object.wait()
java.lang.Thread.State: WAITING (on object monitor)
        at java.lang.Object.wait(Native Method)
        at java.lang.Object.wait(Object.java:502)
        at org.apache.hadoop.metrics2.impl.SinkQueue.waitForData(SinkQueue.java:114)
        at org.apache.hadoop.metrics2.impl.SinkQueue.consumeAll(SinkQueue.java:83)
        at org.apache.hadoop.metrics2.impl.MetricsSinkAdapter.publishMetricsFromQueue(MetricsSinkAdapter.java:135)
        at org.apache.hadoop.metrics2.impl.MetricsSinkAdapter$1.run(MetricsSinkAdapter.java:89)
"FixedThreadPoolWithAffinityExecutor-9-0" daemon prio=5 tid=561 in Object.wait()
java.lang.Thread.State: WAITING (on object monitor)
        at sun.misc.Unsafe.park(Native Method)
        at java.util.concurrent.locks.LockSupport.park(LockSupport.java:175)
        at java.util.concurrent.locks.AbstractQueuedSynchronizer$ConditionObject.await(AbstractQueuedSynchronizer.java:2039)
        at java.util.concurrent.LinkedBlockingDeque.takeFirst(LinkedBlockingDeque.java:492)
        at java.util.concurrent.LinkedBlockingDeque.take(LinkedBlockingDeque.java:680)
        at java.util.concurrent.ThreadPoolExecutor.getTask(ThreadPoolExecutor.java:1074)
        at java.util.concurrent.ThreadPoolExecutor.runWorker(ThreadPoolExecutor.java:1134)
        at java.util.concurrent.ThreadPoolExecutor$Worker.run(ThreadPoolExecutor.java:624)
        at java.lang.Thread.run(Thread.java:750)
"StaleRecoveringContainerScrubbingService#1" daemon prio=5 tid=533 timed_waiting
java.lang.Thread.State: TIMED_WAITING
        at sun.misc.Unsafe.park(Native Method)
        at java.util.concurrent.locks.LockSupport.parkNanos(LockSupport.java:215)
        at java.util.concurrent.locks.AbstractQueuedSynchronizer$ConditionObject.awaitNanos(AbstractQueuedSynchronizer.java:2078)
        at java.util.concurrent.ScheduledThreadPoolExecutor$DelayedWorkQueue.take(ScheduledThreadPoolExecutor.java:1093)
        at java.util.concurrent.ScheduledThreadPoolExecutor$DelayedWorkQueue.take(ScheduledThreadPoolExecutor.java:809)
        at java.util.concurrent.ThreadPoolExecutor.getTask(ThreadPoolExecutor.java:1074)
        at java.util.concurrent.ThreadPoolExecutor.runWorker(ThreadPoolExecutor.java:1134)
        at java.util.concurrent.ThreadPoolExecutor$Worker.run(ThreadPoolExecutor.java:624)
        at java.lang.Thread.run(Thread.java:750)
"BlockDeletingService#1" daemon prio=5 tid=441 timed_waiting
java.lang.Thread.State: TIMED_WAITING
        at sun.misc.Unsafe.park(Native Method)
        at java.util.concurrent.locks.LockSupport.parkNanos(LockSupport.java:215)
        at java.util.concurrent.locks.AbstractQueuedSynchronizer$ConditionObject.awaitNanos(AbstractQueuedSynchronizer.java:2078)
        at java.util.concurrent.ScheduledThreadPoolExecutor$DelayedWorkQueue.take(ScheduledThreadPoolExecutor.java:1093)
        at java.util.concurrent.ScheduledThreadPoolExecutor$DelayedWorkQueue.take(ScheduledThreadPoolExecutor.java:809)
        at java.util.concurrent.ThreadPoolExecutor.getTask(ThreadPoolExecutor.java:1074)
        at java.util.concurrent.ThreadPoolExecutor.runWorker(ThreadPoolExecutor.java:1134)
        at java.util.concurrent.ThreadPoolExecutor$Worker.run(ThreadPoolExecutor.java:624)
        at java.lang.Thread.run(Thread.java:750)
"org.apache.hadoop.ozone.container.common.statemachine.commandhandler.DeleteBlocksCommandHandler$DeleteCmdWorker@7dee0a5" daemon prio=5 tid=304 timed_waiting
java.lang.Thread.State: TIMED_WAITING
        at java.lang.Thread.sleep(Native Method)
        at org.apache.hadoop.ozone.container.common.statemachine.commandhandler.DeleteBlocksCommandHandler$DeleteCmdWorker.run(DeleteBlocksCommandHandler.java:183)
        at java.lang.Thread.run(Thread.java:750)
"pool-237-thread-1"  prio=5 tid=651 in Object.wait()
java.lang.Thread.State: WAITING (on object monitor)
        at sun.misc.Unsafe.park(Native Method)
        at java.util.concurrent.locks.LockSupport.park(LockSupport.java:175)
        at java.util.concurrent.locks.AbstractQueuedSynchronizer$ConditionObject.await(AbstractQueuedSynchronizer.java:2039)
        at java.util.concurrent.LinkedBlockingQueue.take(LinkedBlockingQueue.java:442)
        at java.util.concurrent.ThreadPoolExecutor.getTask(ThreadPoolExecutor.java:1074)
        at java.util.concurrent.ThreadPoolExecutor.runWorker(ThreadPoolExecutor.java:1134)
        at java.util.concurrent.ThreadPoolExecutor$Worker.run(ThreadPoolExecutor.java:624)
        at java.lang.Thread.run(Thread.java:750)
"IPC Server handler 9 on default port 41123" daemon prio=5 tid=153 timed_waiting
java.lang.Thread.State: TIMED_WAITING
        at sun.misc.Unsafe.park(Native Method)
        at java.util.concurrent.locks.LockSupport.parkNanos(LockSupport.java:215)
        at java.util.concurrent.locks.AbstractQueuedSynchronizer$ConditionObject.awaitNanos(AbstractQueuedSynchronizer.java:2078)
        at java.util.concurrent.LinkedBlockingQueue.poll(LinkedBlockingQueue.java:467)
        at org.apache.hadoop.ipc.CallQueueManager.take(CallQueueManager.java:317)
        at org.apache.hadoop.ipc.Server$Handler.run(Server.java:2942)
"qtp1547050072-281-acceptor-0@c04595f-ServerConnector@59489572{HTTP/1.1, (http/1.1)}{0.0.0.0:34183}" daemon prio=3 tid=281 runnable
java.lang.Thread.State: RUNNABLE
        at sun.nio.ch.ServerSocketChannelImpl.accept0(Native Method)
        at sun.nio.ch.ServerSocketChannelImpl.accept(ServerSocketChannelImpl.java:421)
        at sun.nio.ch.ServerSocketChannelImpl.accept(ServerSocketChannelImpl.java:249)
        at org.eclipse.jetty.server.ServerConnector.accept(ServerConnector.java:388)
        at org.eclipse.jetty.server.AbstractConnector$Acceptor.run(AbstractConnector.java:702)
        at org.eclipse.jetty.util.thread.QueuedThreadPool.runJob(QueuedThreadPool.java:883)
        at org.eclipse.jetty.util.thread.QueuedThreadPool$Runner.run(QueuedThreadPool.java:1034)
        at java.lang.Thread.run(Thread.java:750)
"IPC Server handler 19 on default port 37109" daemon prio=5 tid=76 timed_waiting
java.lang.Thread.State: TIMED_WAITING
        at sun.misc.Unsafe.park(Native Method)
        at java.util.concurrent.locks.LockSupport.parkNanos(LockSupport.java:215)
        at java.util.concurrent.locks.AbstractQueuedSynchronizer$ConditionObject.awaitNanos(AbstractQueuedSynchronizer.java:2078)
        at java.util.concurrent.LinkedBlockingQueue.poll(LinkedBlockingQueue.java:467)
        at org.apache.hadoop.ipc.CallQueueManager.take(CallQueueManager.java:317)
        at org.apache.hadoop.ipc.Server$Handler.run(Server.java:2942)
"EndpointStateMachine task thread for /0.0.0.0:46513 - 0 "  prio=5 tid=510 in Object.wait()
java.lang.Thread.State: WAITING (on object monitor)
        at sun.misc.Unsafe.park(Native Method)
        at java.util.concurrent.locks.LockSupport.park(LockSupport.java:175)
        at java.util.concurrent.locks.AbstractQueuedSynchronizer$ConditionObject.await(AbstractQueuedSynchronizer.java:2039)
        at java.util.concurrent.LinkedBlockingQueue.take(LinkedBlockingQueue.java:442)
        at java.util.concurrent.ThreadPoolExecutor.getTask(ThreadPoolExecutor.java:1074)
        at java.util.concurrent.ThreadPoolExecutor.runWorker(ThreadPoolExecutor.java:1134)
        at java.util.concurrent.ThreadPoolExecutor$Worker.run(ThreadPoolExecutor.java:624)
        at java.lang.Thread.run(Thread.java:750)
"6712d1d5-3f8e-46d5-b100-7ccc5411605f@group-F5665640F4C7-SegmentedRaftLogWorker"  prio=5 tid=636 timed_waiting
java.lang.Thread.State: TIMED_WAITING
        at sun.misc.Unsafe.park(Native Method)
        at java.util.concurrent.locks.LockSupport.parkNanos(LockSupport.java:215)
        at java.util.concurrent.locks.AbstractQueuedSynchronizer$ConditionObject.awaitNanos(AbstractQueuedSynchronizer.java:2078)
        at org.apache.ratis.util.DataBlockingQueue.poll(DataBlockingQueue.java:148)
        at org.apache.ratis.server.raftlog.segmented.SegmentedRaftLogWorker.run(SegmentedRaftLogWorker.java:310)
        at org.apache.ratis.server.raftlog.segmented.SegmentedRaftLogWorker$$Lambda$661/1740308191.run(Unknown Source)
        at java.lang.Thread.run(Thread.java:750)
"Datanode State Machine Task Thread - 1"  prio=5 tid=465 in Object.wait()
java.lang.Thread.State: WAITING (on object monitor)
        at sun.misc.Unsafe.park(Native Method)
        at java.util.concurrent.locks.LockSupport.park(LockSupport.java:175)
        at java.util.concurrent.locks.AbstractQueuedSynchronizer$ConditionObject.await(AbstractQueuedSynchronizer.java:2039)
        at java.util.concurrent.LinkedBlockingQueue.take(LinkedBlockingQueue.java:442)
        at java.util.concurrent.ThreadPoolExecutor.getTask(ThreadPoolExecutor.java:1074)
        at java.util.concurrent.ThreadPoolExecutor.runWorker(ThreadPoolExecutor.java:1134)
        at java.util.concurrent.ThreadPoolExecutor$Worker.run(ThreadPoolExecutor.java:624)
        at java.lang.Thread.run(Thread.java:750)
"ChunkWriter-1-0" daemon prio=5 tid=512 in Object.wait()
java.lang.Thread.State: WAITING (on object monitor)
        at sun.misc.Unsafe.park(Native Method)
        at java.util.concurrent.locks.LockSupport.park(LockSupport.java:175)
        at java.util.concurrent.locks.AbstractQueuedSynchronizer$ConditionObject.await(AbstractQueuedSynchronizer.java:2039)
        at java.util.concurrent.LinkedBlockingDeque.takeFirst(LinkedBlockingDeque.java:492)
        at java.util.concurrent.LinkedBlockingDeque.take(LinkedBlockingDeque.java:680)
        at java.util.concurrent.ThreadPoolExecutor.getTask(ThreadPoolExecutor.java:1074)
        at java.util.concurrent.ThreadPoolExecutor.runWorker(ThreadPoolExecutor.java:1134)
        at java.util.concurrent.ThreadPoolExecutor$Worker.run(ThreadPoolExecutor.java:624)
        at java.lang.Thread.run(Thread.java:750)
"2c0de523-4fef-49d4-a7e7-019bfd407efe@group-3562DEAE299E-SegmentedRaftLogWorker"  prio=5 tid=625 timed_waiting
java.lang.Thread.State: TIMED_WAITING
        at sun.misc.Unsafe.park(Native Method)
        at java.util.concurrent.locks.LockSupport.parkNanos(LockSupport.java:215)
        at java.util.concurrent.locks.AbstractQueuedSynchronizer$ConditionObject.awaitNanos(AbstractQueuedSynchronizer.java:2078)
        at org.apache.ratis.util.DataBlockingQueue.poll(DataBlockingQueue.java:148)
        at org.apache.ratis.server.raftlog.segmented.SegmentedRaftLogWorker.run(SegmentedRaftLogWorker.java:310)
        at org.apache.ratis.server.raftlog.segmented.SegmentedRaftLogWorker$$Lambda$661/1740308191.run(Unknown Source)
        at java.lang.Thread.run(Thread.java:750)
"BlockDeletingService#0" daemon prio=5 tid=542 in Object.wait()
java.lang.Thread.State: WAITING (on object monitor)
        at sun.misc.Unsafe.park(Native Method)
        at java.util.concurrent.locks.LockSupport.park(LockSupport.java:175)
        at java.util.concurrent.locks.AbstractQueuedSynchronizer$ConditionObject.await(AbstractQueuedSynchronizer.java:2039)
        at java.util.concurrent.ScheduledThreadPoolExecutor$DelayedWorkQueue.take(ScheduledThreadPoolExecutor.java:1088)
        at java.util.concurrent.ScheduledThreadPoolExecutor$DelayedWorkQueue.take(ScheduledThreadPoolExecutor.java:809)
        at java.util.concurrent.ThreadPoolExecutor.getTask(ThreadPoolExecutor.java:1074)
        at java.util.concurrent.ThreadPoolExecutor.runWorker(ThreadPoolExecutor.java:1134)
        at java.util.concurrent.ThreadPoolExecutor$Worker.run(ThreadPoolExecutor.java:624)
        at java.lang.Thread.run(Thread.java:750)
"org.apache.hadoop.util.JvmPauseMonitor$Monitor@70477d18" daemon prio=5 tid=361 timed_waiting
java.lang.Thread.State: TIMED_WAITING
        at java.lang.Thread.sleep(Native Method)
        at org.apache.hadoop.util.JvmPauseMonitor$Monitor.run(JvmPauseMonitor.java:192)
        at java.lang.Thread.run(Thread.java:750)
"IPC Server handler 11 on default port 37109" daemon prio=5 tid=68 timed_waiting
java.lang.Thread.State: TIMED_WAITING
        at sun.misc.Unsafe.park(Native Method)
        at java.util.concurrent.locks.LockSupport.parkNanos(LockSupport.java:215)
        at java.util.concurrent.locks.AbstractQueuedSynchronizer$ConditionObject.awaitNanos(AbstractQueuedSynchronizer.java:2078)
        at java.util.concurrent.LinkedBlockingQueue.poll(LinkedBlockingQueue.java:467)
        at org.apache.hadoop.ipc.CallQueueManager.take(CallQueueManager.java:317)
        at org.apache.hadoop.ipc.Server$Handler.run(Server.java:2942)
"qtp51667109-228" daemon prio=5 tid=228 runnable
java.lang.Thread.State: RUNNABLE
        at sun.nio.ch.EPollArrayWrapper.epollWait(Native Method)
        at sun.nio.ch.EPollArrayWrapper.poll(EPollArrayWrapper.java:269)
        at sun.nio.ch.EPollSelectorImpl.doSelect(EPollSelectorImpl.java:93)
        at sun.nio.ch.SelectorImpl.lockAndDoSelect(SelectorImpl.java:86)
        at sun.nio.ch.SelectorImpl.select(SelectorImpl.java:97)
        at sun.nio.ch.SelectorImpl.select(SelectorImpl.java:101)
        at org.eclipse.jetty.io.ManagedSelector.nioSelect(ManagedSelector.java:183)
        at org.eclipse.jetty.io.ManagedSelector.select(ManagedSelector.java:190)
        at org.eclipse.jetty.io.ManagedSelector$SelectorProducer.select(ManagedSelector.java:606)
        at org.eclipse.jetty.io.ManagedSelector$SelectorProducer.produce(ManagedSelector.java:543)
        at org.eclipse.jetty.util.thread.strategy.EatWhatYouKill.produceTask(EatWhatYouKill.java:362)
        at org.eclipse.jetty.util.thread.strategy.EatWhatYouKill.doProduce(EatWhatYouKill.java:186)
        at org.eclipse.jetty.util.thread.strategy.EatWhatYouKill.tryProduce(EatWhatYouKill.java:173)
        at org.eclipse.jetty.util.thread.strategy.EatWhatYouKill.produce(EatWhatYouKill.java:137)
        at org.eclipse.jetty.io.ManagedSelector$$Lambda$443/1369352990.run(Unknown Source)
        at org.eclipse.jetty.util.thread.QueuedThreadPool.runJob(QueuedThreadPool.java:883)
        at org.eclipse.jetty.util.thread.QueuedThreadPool$Runner.run(QueuedThreadPool.java:1034)
        at java.lang.Thread.run(Thread.java:750)
"ChunkReader-ELG-0" daemon prio=5 tid=473 runnable
java.lang.Thread.State: RUNNABLE
        at org.apache.ratis.thirdparty.io.netty.channel.epoll.Native.epollWait0(Native Method)
        at org.apache.ratis.thirdparty.io.netty.channel.epoll.Native.epollWait(Native.java:182)
        at org.apache.ratis.thirdparty.io.netty.channel.epoll.EpollEventLoop.epollWait(EpollEventLoop.java:290)
        at org.apache.ratis.thirdparty.io.netty.channel.epoll.EpollEventLoop.run(EpollEventLoop.java:354)
        at org.apache.ratis.thirdparty.io.netty.util.concurrent.SingleThreadEventExecutor$4.run(SingleThreadEventExecutor.java:995)
        at org.apache.ratis.thirdparty.io.netty.util.internal.ThreadExecutorMap$2.run(ThreadExecutorMap.java:74)
        at java.lang.Thread.run(Thread.java:750)
"JvmPauseMonitor0" daemon prio=5 tid=129 timed_waiting
java.lang.Thread.State: TIMED_WAITING
        at java.lang.Thread.sleep(Native Method)
        at java.lang.Thread.sleep(Thread.java:342)
        at java.util.concurrent.TimeUnit.sleep(TimeUnit.java:386)
        at org.apache.ratis.util.TimeDuration.sleep(TimeDuration.java:325)
        at org.apache.ratis.util.TimeDuration.sleep(TimeDuration.java:310)
        at org.apache.ratis.util.JvmPauseMonitor.detectPause(JvmPauseMonitor.java:119)
        at org.apache.ratis.util.JvmPauseMonitor.run(JvmPauseMonitor.java:108)
        at org.apache.ratis.util.JvmPauseMonitor$$Lambda$702/1803904229.run(Unknown Source)
        at java.lang.Thread.run(Thread.java:750)
"IPC Server handler 6 on default port 35707" daemon prio=5 tid=43 timed_waiting
java.lang.Thread.State: TIMED_WAITING
        at sun.misc.Unsafe.park(Native Method)
        at java.util.concurrent.locks.LockSupport.parkNanos(LockSupport.java:215)
        at java.util.concurrent.locks.AbstractQueuedSynchronizer$ConditionObject.awaitNanos(AbstractQueuedSynchronizer.java:2078)
        at java.util.concurrent.LinkedBlockingQueue.poll(LinkedBlockingQueue.java:467)
        at org.apache.hadoop.ipc.CallQueueManager.take(CallQueueManager.java:317)
        at org.apache.hadoop.ipc.Server$Handler.run(Server.java:2942)
"JvmPauseMonitor6" daemon prio=5 tid=496 timed_waiting
java.lang.Thread.State: TIMED_WAITING
        at java.lang.Thread.sleep(Native Method)
        at java.lang.Thread.sleep(Thread.java:342)
        at java.util.concurrent.TimeUnit.sleep(TimeUnit.java:386)
        at org.apache.ratis.util.TimeDuration.sleep(TimeDuration.java:325)
        at org.apache.ratis.util.TimeDuration.sleep(TimeDuration.java:310)
        at org.apache.ratis.util.JvmPauseMonitor.detectPause(JvmPauseMonitor.java:119)
        at org.apache.ratis.util.JvmPauseMonitor.run(JvmPauseMonitor.java:108)
        at org.apache.ratis.util.JvmPauseMonitor$$Lambda$702/1803904229.run(Unknown Source)
        at java.lang.Thread.run(Thread.java:750)
"IPC Server handler 10 on default port 37109" daemon prio=5 tid=67 timed_waiting
java.lang.Thread.State: TIMED_WAITING
        at sun.misc.Unsafe.park(Native Method)
        at java.util.concurrent.locks.LockSupport.parkNanos(LockSupport.java:215)
        at java.util.concurrent.locks.AbstractQueuedSynchronizer$ConditionObject.awaitNanos(AbstractQueuedSynchronizer.java:2078)
        at java.util.concurrent.LinkedBlockingQueue.poll(LinkedBlockingQueue.java:467)
        at org.apache.hadoop.ipc.CallQueueManager.take(CallQueueManager.java:317)
        at org.apache.hadoop.ipc.Server$Handler.run(Server.java:2942)
"IPC Server handler 2 on default port 46513" daemon prio=5 tid=79 timed_waiting
java.lang.Thread.State: TIMED_WAITING
        at sun.misc.Unsafe.park(Native Method)
        at java.util.concurrent.locks.LockSupport.parkNanos(LockSupport.java:215)
        at java.util.concurrent.locks.AbstractQueuedSynchronizer$ConditionObject.awaitNanos(AbstractQueuedSynchronizer.java:2078)
        at java.util.concurrent.LinkedBlockingQueue.poll(LinkedBlockingQueue.java:467)
        at org.apache.hadoop.ipc.CallQueueManager.take(CallQueueManager.java:317)
        at org.apache.hadoop.ipc.Server$Handler.run(Server.java:2942)
"qtp1506186841-450" daemon prio=5 tid=450 timed_waiting
java.lang.Thread.State: TIMED_WAITING
        at sun.misc.Unsafe.park(Native Method)
        at java.util.concurrent.locks.LockSupport.parkNanos(LockSupport.java:215)
        at java.util.concurrent.locks.AbstractQueuedSynchronizer$ConditionObject.awaitNanos(AbstractQueuedSynchronizer.java:2078)
        at org.eclipse.jetty.util.BlockingArrayQueue.poll(BlockingArrayQueue.java:382)
        at org.eclipse.jetty.util.thread.QueuedThreadPool$Runner.idleJobPoll(QueuedThreadPool.java:974)
        at org.eclipse.jetty.util.thread.QueuedThreadPool$Runner.run(QueuedThreadPool.java:1018)
        at java.lang.Thread.run(Thread.java:750)
"0cbed28b-7e2e-4c55-93c4-a5222a360620-server-thread2" daemon prio=5 tid=840 timed_waiting
java.lang.Thread.State: TIMED_WAITING
        at sun.misc.Unsafe.park(Native Method)
        at java.util.concurrent.locks.LockSupport.parkNanos(LockSupport.java:215)
        at java.util.concurrent.SynchronousQueue$TransferStack.awaitFulfill(SynchronousQueue.java:460)
        at java.util.concurrent.SynchronousQueue$TransferStack.transfer(SynchronousQueue.java:362)
        at java.util.concurrent.SynchronousQueue.poll(SynchronousQueue.java:941)
        at java.util.concurrent.ThreadPoolExecutor.getTask(ThreadPoolExecutor.java:1073)
        at java.util.concurrent.ThreadPoolExecutor.runWorker(ThreadPoolExecutor.java:1134)
        at java.util.concurrent.ThreadPoolExecutor$Worker.run(ThreadPoolExecutor.java:624)
        at java.lang.Thread.run(Thread.java:750)
"qtp1788199670-107" daemon prio=5 tid=107 timed_waiting
java.lang.Thread.State: TIMED_WAITING
        at sun.misc.Unsafe.park(Native Method)
        at java.util.concurrent.locks.LockSupport.parkNanos(LockSupport.java:215)
        at java.util.concurrent.locks.AbstractQueuedSynchronizer$ConditionObject.awaitNanos(AbstractQueuedSynchronizer.java:2078)
        at org.eclipse.jetty.util.BlockingArrayQueue.poll(BlockingArrayQueue.java:382)
        at org.eclipse.jetty.util.thread.QueuedThreadPool$Runner.idleJobPoll(QueuedThreadPool.java:974)
        at org.eclipse.jetty.util.thread.QueuedThreadPool$Runner.run(QueuedThreadPool.java:1018)
        at java.lang.Thread.run(Thread.java:750)
"0cbed28b-7e2e-4c55-93c4-a5222a360620-server-thread1" daemon prio=5 tid=839 timed_waiting
java.lang.Thread.State: TIMED_WAITING
        at sun.misc.Unsafe.park(Native Method)
        at java.util.concurrent.locks.LockSupport.parkNanos(LockSupport.java:215)
        at java.util.concurrent.SynchronousQueue$TransferStack.awaitFulfill(SynchronousQueue.java:460)
        at java.util.concurrent.SynchronousQueue$TransferStack.transfer(SynchronousQueue.java:362)
        at java.util.concurrent.SynchronousQueue.poll(SynchronousQueue.java:941)
        at java.util.concurrent.ThreadPoolExecutor.getTask(ThreadPoolExecutor.java:1073)
        at java.util.concurrent.ThreadPoolExecutor.runWorker(ThreadPoolExecutor.java:1134)
        at java.util.concurrent.ThreadPoolExecutor$Worker.run(ThreadPoolExecutor.java:624)
        at java.lang.Thread.run(Thread.java:750)
"Datanode State Machine Task Thread - 0"  prio=5 tid=219 in Object.wait()
java.lang.Thread.State: WAITING (on object monitor)
        at sun.misc.Unsafe.park(Native Method)
        at java.util.concurrent.locks.LockSupport.park(LockSupport.java:175)
        at java.util.concurrent.locks.AbstractQueuedSynchronizer$ConditionObject.await(AbstractQueuedSynchronizer.java:2039)
        at java.util.concurrent.LinkedBlockingQueue.take(LinkedBlockingQueue.java:442)
        at java.util.concurrent.ThreadPoolExecutor.getTask(ThreadPoolExecutor.java:1074)
        at java.util.concurrent.ThreadPoolExecutor.runWorker(ThreadPoolExecutor.java:1134)
        at java.util.concurrent.ThreadPoolExecutor$Worker.run(ThreadPoolExecutor.java:624)
        at java.lang.Thread.run(Thread.java:750)
"ChunkWriter-1-0" daemon prio=5 tid=481 in Object.wait()
java.lang.Thread.State: WAITING (on object monitor)
        at sun.misc.Unsafe.park(Native Method)
        at java.util.concurrent.locks.LockSupport.park(LockSupport.java:175)
        at java.util.concurrent.locks.AbstractQueuedSynchronizer$ConditionObject.await(AbstractQueuedSynchronizer.java:2039)
        at java.util.concurrent.LinkedBlockingDeque.takeFirst(LinkedBlockingDeque.java:492)
        at java.util.concurrent.LinkedBlockingDeque.take(LinkedBlockingDeque.java:680)
        at java.util.concurrent.ThreadPoolExecutor.getTask(ThreadPoolExecutor.java:1074)
        at java.util.concurrent.ThreadPoolExecutor.runWorker(ThreadPoolExecutor.java:1134)
        at java.util.concurrent.ThreadPoolExecutor$Worker.run(ThreadPoolExecutor.java:624)
        at java.lang.Thread.run(Thread.java:750)
"grpc-default-worker-ELG-3-1" daemon prio=5 tid=570 runnable
java.lang.Thread.State: RUNNABLE
        at org.apache.ratis.thirdparty.io.netty.channel.epoll.Native.epollWait0(Native Method)
        at org.apache.ratis.thirdparty.io.netty.channel.epoll.Native.epollWait(Native.java:182)
        at org.apache.ratis.thirdparty.io.netty.channel.epoll.EpollEventLoop.epollWait(EpollEventLoop.java:290)
        at org.apache.ratis.thirdparty.io.netty.channel.epoll.EpollEventLoop.run(EpollEventLoop.java:354)
        at org.apache.ratis.thirdparty.io.netty.util.concurrent.SingleThreadEventExecutor$4.run(SingleThreadEventExecutor.java:995)
        at org.apache.ratis.thirdparty.io.netty.util.internal.ThreadExecutorMap$2.run(ThreadExecutorMap.java:74)
        at org.apache.ratis.thirdparty.io.netty.util.concurrent.FastThreadLocalRunnable.run(FastThreadLocalRunnable.java:30)
        at java.lang.Thread.run(Thread.java:750)
"ChunkWriter-3-0" daemon prio=5 tid=437 in Object.wait()
java.lang.Thread.State: WAITING (on object monitor)
        at sun.misc.Unsafe.park(Native Method)
        at java.util.concurrent.locks.LockSupport.park(LockSupport.java:175)
        at java.util.concurrent.locks.AbstractQueuedSynchronizer$ConditionObject.await(AbstractQueuedSynchronizer.java:2039)
        at java.util.concurrent.LinkedBlockingDeque.takeFirst(LinkedBlockingDeque.java:492)
        at java.util.concurrent.LinkedBlockingDeque.take(LinkedBlockingDeque.java:680)
        at java.util.concurrent.ThreadPoolExecutor.getTask(ThreadPoolExecutor.java:1074)
        at java.util.concurrent.ThreadPoolExecutor.runWorker(ThreadPoolExecutor.java:1134)
        at java.util.concurrent.ThreadPoolExecutor$Worker.run(ThreadPoolExecutor.java:624)
        at java.lang.Thread.run(Thread.java:750)
"Datanode State Machine Task Thread - 0"  prio=5 tid=297 in Object.wait()
java.lang.Thread.State: WAITING (on object monitor)
        at sun.misc.Unsafe.park(Native Method)
        at java.util.concurrent.locks.LockSupport.park(LockSupport.java:175)
        at java.util.concurrent.locks.AbstractQueuedSynchronizer$ConditionObject.await(AbstractQueuedSynchronizer.java:2039)
        at java.util.concurrent.LinkedBlockingQueue.take(LinkedBlockingQueue.java:442)
        at java.util.concurrent.ThreadPoolExecutor.getTask(ThreadPoolExecutor.java:1074)
        at java.util.concurrent.ThreadPoolExecutor.runWorker(ThreadPoolExecutor.java:1134)
        at java.util.concurrent.ThreadPoolExecutor$Worker.run(ThreadPoolExecutor.java:624)
        at java.lang.Thread.run(Thread.java:750)
"IPC Parameter Sending Thread #1" daemon prio=5 tid=809 timed_waiting
java.lang.Thread.State: TIMED_WAITING
        at sun.misc.Unsafe.park(Native Method)
        at java.util.concurrent.locks.LockSupport.parkNanos(LockSupport.java:215)
        at java.util.concurrent.SynchronousQueue$TransferStack.awaitFulfill(SynchronousQueue.java:460)
        at java.util.concurrent.SynchronousQueue$TransferStack.transfer(SynchronousQueue.java:362)
        at java.util.concurrent.SynchronousQueue.poll(SynchronousQueue.java:941)
        at java.util.concurrent.ThreadPoolExecutor.getTask(ThreadPoolExecutor.java:1073)
        at java.util.concurrent.ThreadPoolExecutor.runWorker(ThreadPoolExecutor.java:1134)
        at java.util.concurrent.ThreadPoolExecutor$Worker.run(ThreadPoolExecutor.java:624)
        at java.lang.Thread.run(Thread.java:750)
"org.apache.hadoop.ozone.container.common.statemachine.commandhandler.DeleteBlocksCommandHandler$DeleteCmdWorker@34c41103" daemon prio=5 tid=226 timed_waiting
java.lang.Thread.State: TIMED_WAITING
        at java.lang.Thread.sleep(Native Method)
        at org.apache.hadoop.ozone.container.common.statemachine.commandhandler.DeleteBlocksCommandHandler$DeleteCmdWorker.run(DeleteBlocksCommandHandler.java:183)
        at java.lang.Thread.run(Thread.java:750)
"StaleRecoveringContainerScrubbingService#2" daemon prio=5 tid=874 in Object.wait()
java.lang.Thread.State: WAITING (on object monitor)
        at sun.misc.Unsafe.park(Native Method)
        at java.util.concurrent.locks.LockSupport.park(LockSupport.java:175)
        at java.util.concurrent.locks.AbstractQueuedSynchronizer$ConditionObject.await(AbstractQueuedSynchronizer.java:2039)
        at java.util.concurrent.ScheduledThreadPoolExecutor$DelayedWorkQueue.take(ScheduledThreadPoolExecutor.java:1088)
        at java.util.concurrent.ScheduledThreadPoolExecutor$DelayedWorkQueue.take(ScheduledThreadPoolExecutor.java:809)
        at java.util.concurrent.ThreadPoolExecutor.getTask(ThreadPoolExecutor.java:1074)
        at java.util.concurrent.ThreadPoolExecutor.runWorker(ThreadPoolExecutor.java:1134)
        at java.util.concurrent.ThreadPoolExecutor$Worker.run(ThreadPoolExecutor.java:624)
        at java.lang.Thread.run(Thread.java:750)
"BackgroundPipelineScrubberThread" daemon prio=5 tid=16 timed_waiting
java.lang.Thread.State: TIMED_WAITING
        at java.lang.Object.wait(Native Method)
        at org.apache.hadoop.hdds.scm.ha.BackgroundSCMService.run(BackgroundSCMService.java:110)
        at org.apache.hadoop.hdds.scm.ha.BackgroundSCMService$$Lambda$374/824199517.run(Unknown Source)
        at java.lang.Thread.run(Thread.java:750)
"qtp1639869187-138" daemon prio=5 tid=138 timed_waiting
java.lang.Thread.State: TIMED_WAITING
        at sun.misc.Unsafe.park(Native Method)
        at java.util.concurrent.locks.LockSupport.parkNanos(LockSupport.java:215)
        at java.util.concurrent.locks.AbstractQueuedSynchronizer$ConditionObject.awaitNanos(AbstractQueuedSynchronizer.java:2078)
        at org.eclipse.jetty.util.BlockingArrayQueue.poll(BlockingArrayQueue.java:382)
        at org.eclipse.jetty.util.thread.QueuedThreadPool$Runner.idleJobPoll(QueuedThreadPool.java:974)
        at org.eclipse.jetty.util.thread.QueuedThreadPool$Runner.run(QueuedThreadPool.java:1018)
        at java.lang.Thread.run(Thread.java:750)
"BlockDeletingService#1" daemon prio=5 tid=500 timed_waiting
java.lang.Thread.State: TIMED_WAITING
        at sun.misc.Unsafe.park(Native Method)
        at java.util.concurrent.locks.LockSupport.parkNanos(LockSupport.java:215)
        at java.util.concurrent.locks.AbstractQueuedSynchronizer$ConditionObject.awaitNanos(AbstractQueuedSynchronizer.java:2078)
        at java.util.concurrent.ScheduledThreadPoolExecutor$DelayedWorkQueue.take(ScheduledThreadPoolExecutor.java:1093)
        at java.util.concurrent.ScheduledThreadPoolExecutor$DelayedWorkQueue.take(ScheduledThreadPoolExecutor.java:809)
        at java.util.concurrent.ThreadPoolExecutor.getTask(ThreadPoolExecutor.java:1074)
        at java.util.concurrent.ThreadPoolExecutor.runWorker(ThreadPoolExecutor.java:1134)
        at java.util.concurrent.ThreadPoolExecutor$Worker.run(ThreadPoolExecutor.java:624)
        at java.lang.Thread.run(Thread.java:750)
"BlockDeletingService#0" daemon prio=5 tid=517 in Object.wait()
java.lang.Thread.State: WAITING (on object monitor)
        at sun.misc.Unsafe.park(Native Method)
        at java.util.concurrent.locks.LockSupport.park(LockSupport.java:175)
        at java.util.concurrent.locks.AbstractQueuedSynchronizer$ConditionObject.await(AbstractQueuedSynchronizer.java:2039)
        at java.util.concurrent.ScheduledThreadPoolExecutor$DelayedWorkQueue.take(ScheduledThreadPoolExecutor.java:1088)
        at java.util.concurrent.ScheduledThreadPoolExecutor$DelayedWorkQueue.take(ScheduledThreadPoolExecutor.java:809)
        at java.util.concurrent.ThreadPoolExecutor.getTask(ThreadPoolExecutor.java:1074)
        at java.util.concurrent.ThreadPoolExecutor.runWorker(ThreadPoolExecutor.java:1134)
        at java.util.concurrent.ThreadPoolExecutor$Worker.run(ThreadPoolExecutor.java:624)
        at java.lang.Thread.run(Thread.java:750)
"Datanode ReportManager Thread - 0" daemon prio=5 tid=290 timed_waiting
java.lang.Thread.State: TIMED_WAITING
        at sun.misc.Unsafe.park(Native Method)
        at java.util.concurrent.locks.LockSupport.parkNanos(LockSupport.java:215)
        at java.util.concurrent.locks.AbstractQueuedSynchronizer$ConditionObject.awaitNanos(AbstractQueuedSynchronizer.java:2078)
        at java.util.concurrent.ScheduledThreadPoolExecutor$DelayedWorkQueue.take(ScheduledThreadPoolExecutor.java:1093)
        at java.util.concurrent.ScheduledThreadPoolExecutor$DelayedWorkQueue.take(ScheduledThreadPoolExecutor.java:809)
        at java.util.concurrent.ThreadPoolExecutor.getTask(ThreadPoolExecutor.java:1074)
        at java.util.concurrent.ThreadPoolExecutor.runWorker(ThreadPoolExecutor.java:1134)
        at java.util.concurrent.ThreadPoolExecutor$Worker.run(ThreadPoolExecutor.java:624)
        at java.lang.Thread.run(Thread.java:750)
"qtp247981085-309" daemon prio=5 tid=309 timed_waiting
java.lang.Thread.State: TIMED_WAITING
        at sun.misc.Unsafe.park(Native Method)
        at java.util.concurrent.locks.LockSupport.parkNanos(LockSupport.java:215)
        at java.util.concurrent.locks.AbstractQueuedSynchronizer$ConditionObject.awaitNanos(AbstractQueuedSynchronizer.java:2078)
        at org.eclipse.jetty.util.BlockingArrayQueue.poll(BlockingArrayQueue.java:382)
        at org.eclipse.jetty.util.thread.QueuedThreadPool$Runner.idleJobPoll(QueuedThreadPool.java:974)
        at org.eclipse.jetty.util.thread.QueuedThreadPool$Runner.run(QueuedThreadPool.java:1018)
        at java.lang.Thread.run(Thread.java:750)
"StaleRecoveringContainerScrubbingService#1" daemon prio=5 tid=489 timed_waiting
java.lang.Thread.State: TIMED_WAITING
        at sun.misc.Unsafe.park(Native Method)
        at java.util.concurrent.locks.LockSupport.parkNanos(LockSupport.java:215)
        at java.util.concurrent.locks.AbstractQueuedSynchronizer$ConditionObject.awaitNanos(AbstractQueuedSynchronizer.java:2078)
        at java.util.concurrent.ScheduledThreadPoolExecutor$DelayedWorkQueue.take(ScheduledThreadPoolExecutor.java:1093)
        at java.util.concurrent.ScheduledThreadPoolExecutor$DelayedWorkQueue.take(ScheduledThreadPoolExecutor.java:809)
        at java.util.concurrent.ThreadPoolExecutor.getTask(ThreadPoolExecutor.java:1074)
        at java.util.concurrent.ThreadPoolExecutor.runWorker(ThreadPoolExecutor.java:1134)
        at java.util.concurrent.ThreadPoolExecutor$Worker.run(ThreadPoolExecutor.java:624)
        at java.lang.Thread.run(Thread.java:750)
"Periodic HDDS volume checker" daemon prio=5 tid=395 timed_waiting
java.lang.Thread.State: TIMED_WAITING
        at sun.misc.Unsafe.park(Native Method)
        at java.util.concurrent.locks.LockSupport.parkNanos(LockSupport.java:215)
        at java.util.concurrent.locks.AbstractQueuedSynchronizer$ConditionObject.awaitNanos(AbstractQueuedSynchronizer.java:2078)
        at java.util.concurrent.ScheduledThreadPoolExecutor$DelayedWorkQueue.take(ScheduledThreadPoolExecutor.java:1093)
        at java.util.concurrent.ScheduledThreadPoolExecutor$DelayedWorkQueue.take(ScheduledThreadPoolExecutor.java:809)
        at java.util.concurrent.ThreadPoolExecutor.getTask(ThreadPoolExecutor.java:1074)
        at java.util.concurrent.ThreadPoolExecutor.runWorker(ThreadPoolExecutor.java:1134)
        at java.util.concurrent.ThreadPoolExecutor$Worker.run(ThreadPoolExecutor.java:624)
        at java.lang.Thread.run(Thread.java:750)
"qtp1144474914-254" daemon prio=5 tid=254 timed_waiting
java.lang.Thread.State: TIMED_WAITING
        at sun.misc.Unsafe.park(Native Method)
        at java.util.concurrent.locks.LockSupport.parkNanos(LockSupport.java:215)
        at java.util.concurrent.locks.AbstractQueuedSynchronizer$ConditionObject.awaitNanos(AbstractQueuedSynchronizer.java:2078)
        at org.eclipse.jetty.util.BlockingArrayQueue.poll(BlockingArrayQueue.java:382)
        at org.eclipse.jetty.util.thread.QueuedThreadPool$Runner.idleJobPoll(QueuedThreadPool.java:974)
        at org.eclipse.jetty.util.thread.QueuedThreadPool$Runner.run(QueuedThreadPool.java:1018)
        at java.lang.Thread.run(Thread.java:750)
"qtp260561245-332" daemon prio=5 tid=332 runnable
java.lang.Thread.State: RUNNABLE
        at sun.nio.ch.EPollArrayWrapper.epollWait(Native Method)
        at sun.nio.ch.EPollArrayWrapper.poll(EPollArrayWrapper.java:269)
        at sun.nio.ch.EPollSelectorImpl.doSelect(EPollSelectorImpl.java:93)
        at sun.nio.ch.SelectorImpl.lockAndDoSelect(SelectorImpl.java:86)
        at sun.nio.ch.SelectorImpl.select(SelectorImpl.java:97)
        at sun.nio.ch.SelectorImpl.select(SelectorImpl.java:101)
        at org.eclipse.jetty.io.ManagedSelector.nioSelect(ManagedSelector.java:183)
        at org.eclipse.jetty.io.ManagedSelector.select(ManagedSelector.java:190)
        at org.eclipse.jetty.io.ManagedSelector$SelectorProducer.select(ManagedSelector.java:606)
        at org.eclipse.jetty.io.ManagedSelector$SelectorProducer.produce(ManagedSelector.java:543)
        at org.eclipse.jetty.util.thread.strategy.EatWhatYouKill.produceTask(EatWhatYouKill.java:362)
        at org.eclipse.jetty.util.thread.strategy.EatWhatYouKill.doProduce(EatWhatYouKill.java:186)
        at org.eclipse.jetty.util.thread.strategy.EatWhatYouKill.tryProduce(EatWhatYouKill.java:173)
        at org.eclipse.jetty.util.thread.strategy.EatWhatYouKill.produce(EatWhatYouKill.java:137)
        at org.eclipse.jetty.io.ManagedSelector$$Lambda$443/1369352990.run(Unknown Source)
        at org.eclipse.jetty.util.thread.QueuedThreadPool.runJob(QueuedThreadPool.java:883)
        at org.eclipse.jetty.util.thread.QueuedThreadPool$Runner.run(QueuedThreadPool.java:1034)
        at java.lang.Thread.run(Thread.java:750)
"StaleRecoveringContainerScrubbingService#2" daemon prio=5 tid=867 in Object.wait()
java.lang.Thread.State: WAITING (on object monitor)
        at sun.misc.Unsafe.park(Native Method)
        at java.util.concurrent.locks.LockSupport.park(LockSupport.java:175)
        at java.util.concurrent.locks.AbstractQueuedSynchronizer$ConditionObject.await(AbstractQueuedSynchronizer.java:2039)
        at java.util.concurrent.ScheduledThreadPoolExecutor$DelayedWorkQueue.take(ScheduledThreadPoolExecutor.java:1088)
        at java.util.concurrent.ScheduledThreadPoolExecutor$DelayedWorkQueue.take(ScheduledThreadPoolExecutor.java:809)
        at java.util.concurrent.ThreadPoolExecutor.getTask(ThreadPoolExecutor.java:1074)
        at java.util.concurrent.ThreadPoolExecutor.runWorker(ThreadPoolExecutor.java:1134)
        at java.util.concurrent.ThreadPoolExecutor$Worker.run(ThreadPoolExecutor.java:624)
        at java.lang.Thread.run(Thread.java:750)
"ChunkReader-4" daemon prio=5 tid=804 in Object.wait()
java.lang.Thread.State: WAITING (on object monitor)
        at sun.misc.Unsafe.park(Native Method)
        at java.util.concurrent.locks.LockSupport.park(LockSupport.java:175)
        at java.util.concurrent.locks.AbstractQueuedSynchronizer$ConditionObject.await(AbstractQueuedSynchronizer.java:2039)
        at java.util.concurrent.LinkedBlockingQueue.take(LinkedBlockingQueue.java:442)
        at java.util.concurrent.ThreadPoolExecutor.getTask(ThreadPoolExecutor.java:1074)
        at java.util.concurrent.ThreadPoolExecutor.runWorker(ThreadPoolExecutor.java:1134)
        at java.util.concurrent.ThreadPoolExecutor$Worker.run(ThreadPoolExecutor.java:624)
        at java.lang.Thread.run(Thread.java:750)
"qtp751988805-413" daemon prio=5 tid=413 timed_waiting
java.lang.Thread.State: TIMED_WAITING
        at sun.misc.Unsafe.park(Native Method)
        at java.util.concurrent.locks.LockSupport.parkNanos(LockSupport.java:215)
        at java.util.concurrent.locks.AbstractQueuedSynchronizer$ConditionObject.awaitNanos(AbstractQueuedSynchronizer.java:2078)
        at org.eclipse.jetty.util.BlockingArrayQueue.poll(BlockingArrayQueue.java:382)
        at org.eclipse.jetty.util.thread.QueuedThreadPool$Runner.idleJobPoll(QueuedThreadPool.java:974)
        at org.eclipse.jetty.util.thread.QueuedThreadPool$Runner.run(QueuedThreadPool.java:1018)
        at java.lang.Thread.run(Thread.java:750)
"qtp2126618194-207" daemon prio=5 tid=207 timed_waiting
java.lang.Thread.State: TIMED_WAITING
        at sun.misc.Unsafe.park(Native Method)
        at java.util.concurrent.locks.LockSupport.parkNanos(LockSupport.java:215)
        at java.util.concurrent.locks.AbstractQueuedSynchronizer$ConditionObject.awaitNanos(AbstractQueuedSynchronizer.java:2078)
        at org.eclipse.jetty.util.BlockingArrayQueue.poll(BlockingArrayQueue.java:382)
        at org.eclipse.jetty.util.thread.QueuedThreadPool$Runner.idleJobPoll(QueuedThreadPool.java:974)
        at org.eclipse.jetty.util.thread.QueuedThreadPool$Runner.run(QueuedThreadPool.java:1018)
        at java.lang.Thread.run(Thread.java:750)
"IPC Server handler 16 on default port 37109" daemon prio=5 tid=73 timed_waiting
java.lang.Thread.State: TIMED_WAITING
        at sun.misc.Unsafe.park(Native Method)
        at java.util.concurrent.locks.LockSupport.parkNanos(LockSupport.java:215)
        at java.util.concurrent.locks.AbstractQueuedSynchronizer$ConditionObject.awaitNanos(AbstractQueuedSynchronizer.java:2078)
        at java.util.concurrent.LinkedBlockingQueue.poll(LinkedBlockingQueue.java:467)
        at org.apache.hadoop.ipc.CallQueueManager.take(CallQueueManager.java:317)
        at org.apache.hadoop.ipc.Server$Handler.run(Server.java:2942)
"IPC Server handler 3 on default port 41123" daemon prio=5 tid=147 timed_waiting
java.lang.Thread.State: TIMED_WAITING
        at sun.misc.Unsafe.park(Native Method)
        at java.util.concurrent.locks.LockSupport.parkNanos(LockSupport.java:215)
        at java.util.concurrent.locks.AbstractQueuedSynchronizer$ConditionObject.awaitNanos(AbstractQueuedSynchronizer.java:2078)
        at java.util.concurrent.LinkedBlockingQueue.poll(LinkedBlockingQueue.java:467)
        at org.apache.hadoop.ipc.CallQueueManager.take(CallQueueManager.java:317)
        at org.apache.hadoop.ipc.Server$Handler.run(Server.java:2942)
"FullTableCache Cleanup Thread - 0" daemon prio=5 tid=747 in Object.wait()
java.lang.Thread.State: WAITING (on object monitor)
        at sun.misc.Unsafe.park(Native Method)
        at java.util.concurrent.locks.LockSupport.park(LockSupport.java:175)
        at java.util.concurrent.locks.AbstractQueuedSynchronizer$ConditionObject.await(AbstractQueuedSynchronizer.java:2039)
        at java.util.concurrent.LinkedBlockingQueue.take(LinkedBlockingQueue.java:442)
        at java.util.concurrent.ThreadPoolExecutor.getTask(ThreadPoolExecutor.java:1074)
        at java.util.concurrent.ThreadPoolExecutor.runWorker(ThreadPoolExecutor.java:1134)
        at java.util.concurrent.ThreadPoolExecutor$Worker.run(ThreadPoolExecutor.java:624)
        at java.lang.Thread.run(Thread.java:750)
"qtp1506186841-454" daemon prio=5 tid=454 timed_waiting
java.lang.Thread.State: TIMED_WAITING
        at sun.misc.Unsafe.park(Native Method)
        at java.util.concurrent.locks.LockSupport.parkNanos(LockSupport.java:215)
        at java.util.concurrent.locks.AbstractQueuedSynchronizer$ConditionObject.awaitNanos(AbstractQueuedSynchronizer.java:2078)
        at org.eclipse.jetty.util.BlockingArrayQueue.poll(BlockingArrayQueue.java:382)
        at org.eclipse.jetty.util.thread.QueuedThreadPool$Runner.idleJobPoll(QueuedThreadPool.java:974)
        at org.eclipse.jetty.util.thread.QueuedThreadPool$Runner.run(QueuedThreadPool.java:1018)
        at java.lang.Thread.run(Thread.java:750)
"Datanode State Machine Task Thread - 1"  prio=5 tid=389 in Object.wait()
java.lang.Thread.State: WAITING (on object monitor)
        at sun.misc.Unsafe.park(Native Method)
        at java.util.concurrent.locks.LockSupport.park(LockSupport.java:175)
        at java.util.concurrent.locks.AbstractQueuedSynchronizer$ConditionObject.await(AbstractQueuedSynchronizer.java:2039)
        at java.util.concurrent.LinkedBlockingQueue.take(LinkedBlockingQueue.java:442)
        at java.util.concurrent.ThreadPoolExecutor.getTask(ThreadPoolExecutor.java:1074)
        at java.util.concurrent.ThreadPoolExecutor.runWorker(ThreadPoolExecutor.java:1134)
        at java.util.concurrent.ThreadPoolExecutor$Worker.run(ThreadPoolExecutor.java:624)
        at java.lang.Thread.run(Thread.java:750)
"ChunkReader-1" daemon prio=5 tid=784 in Object.wait()
java.lang.Thread.State: WAITING (on object monitor)
        at sun.misc.Unsafe.park(Native Method)
        at java.util.concurrent.locks.LockSupport.park(LockSupport.java:175)
        at java.util.concurrent.locks.AbstractQueuedSynchronizer$ConditionObject.await(AbstractQueuedSynchronizer.java:2039)
        at java.util.concurrent.LinkedBlockingQueue.take(LinkedBlockingQueue.java:442)
        at java.util.concurrent.ThreadPoolExecutor.getTask(ThreadPoolExecutor.java:1074)
        at java.util.concurrent.ThreadPoolExecutor.runWorker(ThreadPoolExecutor.java:1134)
        at java.util.concurrent.ThreadPoolExecutor$Worker.run(ThreadPoolExecutor.java:624)
        at java.lang.Thread.run(Thread.java:750)
"IPC Server handler 14 on default port 35707" daemon prio=5 tid=51 timed_waiting
java.lang.Thread.State: TIMED_WAITING
        at sun.misc.Unsafe.park(Native Method)
        at java.util.concurrent.locks.LockSupport.parkNanos(LockSupport.java:215)
        at java.util.concurrent.locks.AbstractQueuedSynchronizer$ConditionObject.awaitNanos(AbstractQueuedSynchronizer.java:2078)
        at java.util.concurrent.LinkedBlockingQueue.poll(LinkedBlockingQueue.java:467)
        at org.apache.hadoop.ipc.CallQueueManager.take(CallQueueManager.java:317)
        at org.apache.hadoop.ipc.Server$Handler.run(Server.java:2942)
"ChunkWriter-1-0" daemon prio=5 tid=392 in Object.wait()
java.lang.Thread.State: WAITING (on object monitor)
        at sun.misc.Unsafe.park(Native Method)
        at java.util.concurrent.locks.LockSupport.park(LockSupport.java:175)
        at java.util.concurrent.locks.AbstractQueuedSynchronizer$ConditionObject.await(AbstractQueuedSynchronizer.java:2039)
        at java.util.concurrent.LinkedBlockingDeque.takeFirst(LinkedBlockingDeque.java:492)
        at java.util.concurrent.LinkedBlockingDeque.take(LinkedBlockingDeque.java:680)
        at java.util.concurrent.ThreadPoolExecutor.getTask(ThreadPoolExecutor.java:1074)
        at java.util.concurrent.ThreadPoolExecutor.runWorker(ThreadPoolExecutor.java:1134)
        at java.util.concurrent.ThreadPoolExecutor$Worker.run(ThreadPoolExecutor.java:624)
        at java.lang.Thread.run(Thread.java:750)
"IPC Server handler 5 on default port 35707" daemon prio=5 tid=42 timed_waiting
java.lang.Thread.State: TIMED_WAITING
        at sun.misc.Unsafe.park(Native Method)
        at java.util.concurrent.locks.LockSupport.parkNanos(LockSupport.java:215)
        at java.util.concurrent.locks.AbstractQueuedSynchronizer$ConditionObject.awaitNanos(AbstractQueuedSynchronizer.java:2078)
        at java.util.concurrent.LinkedBlockingQueue.poll(LinkedBlockingQueue.java:467)
        at org.apache.hadoop.ipc.CallQueueManager.take(CallQueueManager.java:317)
        at org.apache.hadoop.ipc.Server$Handler.run(Server.java:2942)
"6712d1d5-3f8e-46d5-b100-7ccc5411605f-server-thread1" daemon prio=5 tid=837 timed_waiting
java.lang.Thread.State: TIMED_WAITING
        at sun.misc.Unsafe.park(Native Method)
        at java.util.concurrent.locks.LockSupport.parkNanos(LockSupport.java:215)
        at java.util.concurrent.SynchronousQueue$TransferStack.awaitFulfill(SynchronousQueue.java:460)
        at java.util.concurrent.SynchronousQueue$TransferStack.transfer(SynchronousQueue.java:362)
        at java.util.concurrent.SynchronousQueue.poll(SynchronousQueue.java:941)
        at java.util.concurrent.ThreadPoolExecutor.getTask(ThreadPoolExecutor.java:1073)
        at java.util.concurrent.ThreadPoolExecutor.runWorker(ThreadPoolExecutor.java:1134)
        at java.util.concurrent.ThreadPoolExecutor$Worker.run(ThreadPoolExecutor.java:624)
        at java.lang.Thread.run(Thread.java:750)
"StaleRecoveringContainerScrubbingService#0" daemon prio=5 tid=442 in Object.wait()
java.lang.Thread.State: WAITING (on object monitor)
        at sun.misc.Unsafe.park(Native Method)
        at java.util.concurrent.locks.LockSupport.park(LockSupport.java:175)
        at java.util.concurrent.locks.AbstractQueuedSynchronizer$ConditionObject.await(AbstractQueuedSynchronizer.java:2039)
        at java.util.concurrent.ScheduledThreadPoolExecutor$DelayedWorkQueue.take(ScheduledThreadPoolExecutor.java:1088)
        at java.util.concurrent.ScheduledThreadPoolExecutor$DelayedWorkQueue.take(ScheduledThreadPoolExecutor.java:809)
        at java.util.concurrent.ThreadPoolExecutor.getTask(ThreadPoolExecutor.java:1074)
        at java.util.concurrent.ThreadPoolExecutor.runWorker(ThreadPoolExecutor.java:1134)
        at java.util.concurrent.ThreadPoolExecutor$Worker.run(ThreadPoolExecutor.java:624)
        at java.lang.Thread.run(Thread.java:750)
"qtp260561245-337" daemon prio=5 tid=337 timed_waiting
java.lang.Thread.State: TIMED_WAITING
        at sun.misc.Unsafe.park(Native Method)
        at java.util.concurrent.locks.LockSupport.parkNanos(LockSupport.java:215)
        at java.util.concurrent.locks.AbstractQueuedSynchronizer$ConditionObject.awaitNanos(AbstractQueuedSynchronizer.java:2078)
        at org.eclipse.jetty.util.BlockingArrayQueue.poll(BlockingArrayQueue.java:382)
        at org.eclipse.jetty.util.thread.QueuedThreadPool$Runner.idleJobPoll(QueuedThreadPool.java:974)
        at org.eclipse.jetty.util.thread.QueuedThreadPool$Runner.run(QueuedThreadPool.java:1018)
        at java.lang.Thread.run(Thread.java:750)
"ChunkReader-ELG-0" daemon prio=5 tid=541 runnable
java.lang.Thread.State: RUNNABLE
        at org.apache.ratis.thirdparty.io.netty.channel.epoll.Native.epollWait(Native Method)
        at org.apache.ratis.thirdparty.io.netty.channel.epoll.Native.epollWait(Native.java:209)
        at org.apache.ratis.thirdparty.io.netty.channel.epoll.Native.epollWait(Native.java:202)
        at org.apache.ratis.thirdparty.io.netty.channel.epoll.EpollEventLoop.epollWaitNoTimerChange(EpollEventLoop.java:294)
        at org.apache.ratis.thirdparty.io.netty.channel.epoll.EpollEventLoop.run(EpollEventLoop.java:351)
        at org.apache.ratis.thirdparty.io.netty.util.concurrent.SingleThreadEventExecutor$4.run(SingleThreadEventExecutor.java:995)
        at org.apache.ratis.thirdparty.io.netty.util.internal.ThreadExecutorMap$2.run(ThreadExecutorMap.java:74)
        at java.lang.Thread.run(Thread.java:750)
"pool-104-thread-1"  prio=5 tid=200 timed_waiting
java.lang.Thread.State: TIMED_WAITING
        at sun.misc.Unsafe.park(Native Method)
        at java.util.concurrent.locks.LockSupport.parkNanos(LockSupport.java:215)
        at java.util.concurrent.locks.AbstractQueuedSynchronizer$ConditionObject.awaitNanos(AbstractQueuedSynchronizer.java:2078)
        at java.util.concurrent.ScheduledThreadPoolExecutor$DelayedWorkQueue.take(ScheduledThreadPoolExecutor.java:1093)
        at java.util.concurrent.ScheduledThreadPoolExecutor$DelayedWorkQueue.take(ScheduledThreadPoolExecutor.java:809)
        at java.util.concurrent.ThreadPoolExecutor.getTask(ThreadPoolExecutor.java:1074)
        at java.util.concurrent.ThreadPoolExecutor.runWorker(ThreadPoolExecutor.java:1134)
        at java.util.concurrent.ThreadPoolExecutor$Worker.run(ThreadPoolExecutor.java:624)
        at java.lang.Thread.run(Thread.java:750)
"IPC Server handler 17 on default port 35707" daemon prio=5 tid=54 timed_waiting
java.lang.Thread.State: TIMED_WAITING
        at sun.misc.Unsafe.park(Native Method)
        at java.util.concurrent.locks.LockSupport.parkNanos(LockSupport.java:215)
        at java.util.concurrent.locks.AbstractQueuedSynchronizer$ConditionObject.awaitNanos(AbstractQueuedSynchronizer.java:2078)
        at java.util.concurrent.LinkedBlockingQueue.poll(LinkedBlockingQueue.java:467)
        at org.apache.hadoop.ipc.CallQueueManager.take(CallQueueManager.java:317)
        at org.apache.hadoop.ipc.Server$Handler.run(Server.java:2942)
"IPC Server listener on 0" daemon prio=5 tid=23 runnable
java.lang.Thread.State: RUNNABLE
        at sun.nio.ch.EPollArrayWrapper.epollWait(Native Method)
        at sun.nio.ch.EPollArrayWrapper.poll(EPollArrayWrapper.java:269)
        at sun.nio.ch.EPollSelectorImpl.doSelect(EPollSelectorImpl.java:93)
        at sun.nio.ch.SelectorImpl.lockAndDoSelect(SelectorImpl.java:86)
        at sun.nio.ch.SelectorImpl.select(SelectorImpl.java:97)
        at sun.nio.ch.SelectorImpl.select(SelectorImpl.java:101)
        at org.apache.hadoop.ipc.Server$Listener.run(Server.java:1358)
"ChunkReader-0" daemon prio=5 tid=755 in Object.wait()
java.lang.Thread.State: WAITING (on object monitor)
        at sun.misc.Unsafe.park(Native Method)
        at java.util.concurrent.locks.LockSupport.park(LockSupport.java:175)
        at java.util.concurrent.locks.AbstractQueuedSynchronizer$ConditionObject.await(AbstractQueuedSynchronizer.java:2039)
        at java.util.concurrent.LinkedBlockingQueue.take(LinkedBlockingQueue.java:442)
        at java.util.concurrent.ThreadPoolExecutor.getTask(ThreadPoolExecutor.java:1074)
        at java.util.concurrent.ThreadPoolExecutor.runWorker(ThreadPoolExecutor.java:1134)
        at java.util.concurrent.ThreadPoolExecutor$Worker.run(ThreadPoolExecutor.java:624)
        at java.lang.Thread.run(Thread.java:750)
"qtp1788199670-105" daemon prio=5 tid=105 timed_waiting
java.lang.Thread.State: TIMED_WAITING
        at sun.misc.Unsafe.park(Native Method)
        at java.util.concurrent.locks.LockSupport.parkNanos(LockSupport.java:215)
        at java.util.concurrent.locks.AbstractQueuedSynchronizer$ConditionObject.awaitNanos(AbstractQueuedSynchronizer.java:2078)
        at org.eclipse.jetty.util.BlockingArrayQueue.poll(BlockingArrayQueue.java:382)
        at org.eclipse.jetty.util.thread.QueuedThreadPool$Runner.idleJobPoll(QueuedThreadPool.java:974)
        at org.eclipse.jetty.util.thread.QueuedThreadPool$Runner.run(QueuedThreadPool.java:1018)
        at java.lang.Thread.run(Thread.java:750)
"6712d1d5-3f8e-46d5-b100-7ccc5411605f@group-3562DEAE299E-FollowerState" daemon prio=5 tid=725 timed_waiting
java.lang.Thread.State: TIMED_WAITING
        at java.lang.Thread.sleep(Native Method)
        at java.lang.Thread.sleep(Thread.java:342)
        at java.util.concurrent.TimeUnit.sleep(TimeUnit.java:386)
        at org.apache.ratis.util.TimeDuration.sleep(TimeDuration.java:325)
        at org.apache.ratis.util.TimeDuration.sleep(TimeDuration.java:310)
        at org.apache.ratis.server.impl.FollowerState.run(FollowerState.java:128)
"ChunkWriter-1-0" daemon prio=5 tid=537 in Object.wait()
java.lang.Thread.State: WAITING (on object monitor)
        at sun.misc.Unsafe.park(Native Method)
        at java.util.concurrent.locks.LockSupport.park(LockSupport.java:175)
        at java.util.concurrent.locks.AbstractQueuedSynchronizer$ConditionObject.await(AbstractQueuedSynchronizer.java:2039)
        at java.util.concurrent.LinkedBlockingDeque.takeFirst(LinkedBlockingDeque.java:492)
        at java.util.concurrent.LinkedBlockingDeque.take(LinkedBlockingDeque.java:680)
        at java.util.concurrent.ThreadPoolExecutor.getTask(ThreadPoolExecutor.java:1074)
        at java.util.concurrent.ThreadPoolExecutor.runWorker(ThreadPoolExecutor.java:1134)
        at java.util.concurrent.ThreadPoolExecutor$Worker.run(ThreadPoolExecutor.java:624)
        at java.lang.Thread.run(Thread.java:750)
"StaleRecoveringContainerScrubbingService#1" daemon prio=5 tid=444 timed_waiting
java.lang.Thread.State: TIMED_WAITING
        at sun.misc.Unsafe.park(Native Method)
        at java.util.concurrent.locks.LockSupport.parkNanos(LockSupport.java:215)
        at java.util.concurrent.locks.AbstractQueuedSynchronizer$ConditionObject.awaitNanos(AbstractQueuedSynchronizer.java:2078)
        at java.util.concurrent.ScheduledThreadPoolExecutor$DelayedWorkQueue.take(ScheduledThreadPoolExecutor.java:1093)
        at java.util.concurrent.ScheduledThreadPoolExecutor$DelayedWorkQueue.take(ScheduledThreadPoolExecutor.java:809)
        at java.util.concurrent.ThreadPoolExecutor.getTask(ThreadPoolExecutor.java:1074)
        at java.util.concurrent.ThreadPoolExecutor.runWorker(ThreadPoolExecutor.java:1134)
        at java.util.concurrent.ThreadPoolExecutor$Worker.run(ThreadPoolExecutor.java:624)
        at java.lang.Thread.run(Thread.java:750)
"Periodic HDDS volume checker" daemon prio=5 tid=299 timed_waiting
java.lang.Thread.State: TIMED_WAITING
        at sun.misc.Unsafe.park(Native Method)
        at java.util.concurrent.locks.LockSupport.parkNanos(LockSupport.java:215)
        at java.util.concurrent.locks.AbstractQueuedSynchronizer$ConditionObject.awaitNanos(AbstractQueuedSynchronizer.java:2078)
        at java.util.concurrent.ScheduledThreadPoolExecutor$DelayedWorkQueue.take(ScheduledThreadPoolExecutor.java:1093)
        at java.util.concurrent.ScheduledThreadPoolExecutor$DelayedWorkQueue.take(ScheduledThreadPoolExecutor.java:809)
        at java.util.concurrent.ThreadPoolExecutor.getTask(ThreadPoolExecutor.java:1074)
        at java.util.concurrent.ThreadPoolExecutor.runWorker(ThreadPoolExecutor.java:1134)
        at java.util.concurrent.ThreadPoolExecutor$Worker.run(ThreadPoolExecutor.java:624)
        at java.lang.Thread.run(Thread.java:750)
"EndpointStateMachine task thread for /0.0.0.0:46513 - 0 "  prio=5 tid=491 in Object.wait()
java.lang.Thread.State: WAITING (on object monitor)
        at sun.misc.Unsafe.park(Native Method)
        at java.util.concurrent.locks.LockSupport.park(LockSupport.java:175)
        at java.util.concurrent.locks.AbstractQueuedSynchronizer$ConditionObject.await(AbstractQueuedSynchronizer.java:2039)
        at java.util.concurrent.LinkedBlockingQueue.take(LinkedBlockingQueue.java:442)
        at java.util.concurrent.ThreadPoolExecutor.getTask(ThreadPoolExecutor.java:1074)
        at java.util.concurrent.ThreadPoolExecutor.runWorker(ThreadPoolExecutor.java:1134)
        at java.util.concurrent.ThreadPoolExecutor$Worker.run(ThreadPoolExecutor.java:624)
        at java.lang.Thread.run(Thread.java:750)
"Socket Reader #1 for port 0"  prio=5 tid=28 runnable
java.lang.Thread.State: RUNNABLE
        at sun.nio.ch.EPollArrayWrapper.epollWait(Native Method)
        at sun.nio.ch.EPollArrayWrapper.poll(EPollArrayWrapper.java:269)
        at sun.nio.ch.EPollSelectorImpl.doSelect(EPollSelectorImpl.java:93)
        at sun.nio.ch.SelectorImpl.lockAndDoSelect(SelectorImpl.java:86)
        at sun.nio.ch.SelectorImpl.select(SelectorImpl.java:97)
        at sun.nio.ch.SelectorImpl.select(SelectorImpl.java:101)
        at org.apache.hadoop.ipc.Server$Listener$Reader.doRunLoop(Server.java:1296)
        at org.apache.hadoop.ipc.Server$Listener$Reader.run(Server.java:1275)
"Session-HouseKeeper-29693b1d-1"  prio=5 tid=108 timed_waiting
java.lang.Thread.State: TIMED_WAITING
        at sun.misc.Unsafe.park(Native Method)
        at java.util.concurrent.locks.LockSupport.parkNanos(LockSupport.java:215)
        at java.util.concurrent.locks.AbstractQueuedSynchronizer$ConditionObject.awaitNanos(AbstractQueuedSynchronizer.java:2078)
        at java.util.concurrent.ScheduledThreadPoolExecutor$DelayedWorkQueue.take(ScheduledThreadPoolExecutor.java:1093)
        at java.util.concurrent.ScheduledThreadPoolExecutor$DelayedWorkQueue.take(ScheduledThreadPoolExecutor.java:809)
        at java.util.concurrent.ThreadPoolExecutor.getTask(ThreadPoolExecutor.java:1074)
        at java.util.concurrent.ThreadPoolExecutor.runWorker(ThreadPoolExecutor.java:1134)
        at java.util.concurrent.ThreadPoolExecutor$Worker.run(ThreadPoolExecutor.java:624)
        at java.lang.Thread.run(Thread.java:750)
"IPC Server handler 14 on default port 41123" daemon prio=5 tid=158 timed_waiting
java.lang.Thread.State: TIMED_WAITING
        at sun.misc.Unsafe.park(Native Method)
        at java.util.concurrent.locks.LockSupport.parkNanos(LockSupport.java:215)
        at java.util.concurrent.locks.AbstractQueuedSynchronizer$ConditionObject.awaitNanos(AbstractQueuedSynchronizer.java:2078)
        at java.util.concurrent.LinkedBlockingQueue.poll(LinkedBlockingQueue.java:467)
        at org.apache.hadoop.ipc.CallQueueManager.take(CallQueueManager.java:317)
        at org.apache.hadoop.ipc.Server$Handler.run(Server.java:2942)
"a2b9a5b5-e126-445d-90e8-946fc00ddc43-server-thread2" daemon prio=5 tid=783 timed_waiting
java.lang.Thread.State: TIMED_WAITING
        at sun.misc.Unsafe.park(Native Method)
        at java.util.concurrent.locks.LockSupport.parkNanos(LockSupport.java:215)
        at java.util.concurrent.SynchronousQueue$TransferStack.awaitFulfill(SynchronousQueue.java:460)
        at java.util.concurrent.SynchronousQueue$TransferStack.transfer(SynchronousQueue.java:362)
        at java.util.concurrent.SynchronousQueue.poll(SynchronousQueue.java:941)
        at java.util.concurrent.ThreadPoolExecutor.getTask(ThreadPoolExecutor.java:1073)
        at java.util.concurrent.ThreadPoolExecutor.runWorker(ThreadPoolExecutor.java:1134)
        at java.util.concurrent.ThreadPoolExecutor$Worker.run(ThreadPoolExecutor.java:624)
        at java.lang.Thread.run(Thread.java:750)
"0cbed28b-7e2e-4c55-93c4-a5222a360620@group-35C507FEBB33-LeaderStateImpl" daemon prio=5 tid=712 timed_waiting
java.lang.Thread.State: TIMED_WAITING
        at sun.misc.Unsafe.park(Native Method)
        at java.util.concurrent.locks.LockSupport.parkNanos(LockSupport.java:215)
        at java.util.concurrent.locks.AbstractQueuedSynchronizer$ConditionObject.awaitNanos(AbstractQueuedSynchronizer.java:2078)
        at java.util.concurrent.ArrayBlockingQueue.poll(ArrayBlockingQueue.java:418)
        at org.apache.ratis.server.impl.LeaderStateImpl$EventQueue.poll(LeaderStateImpl.java:159)
        at org.apache.ratis.server.impl.LeaderStateImpl$EventProcessor.run(LeaderStateImpl.java:630)
"Datanode ReportManager Thread - 0" daemon prio=5 tid=355 timed_waiting
java.lang.Thread.State: TIMED_WAITING
        at sun.misc.Unsafe.park(Native Method)
        at java.util.concurrent.locks.LockSupport.parkNanos(LockSupport.java:215)
        at java.util.concurrent.locks.AbstractQueuedSynchronizer$ConditionObject.awaitNanos(AbstractQueuedSynchronizer.java:2078)
        at java.util.concurrent.ScheduledThreadPoolExecutor$DelayedWorkQueue.take(ScheduledThreadPoolExecutor.java:1093)
        at java.util.concurrent.ScheduledThreadPoolExecutor$DelayedWorkQueue.take(ScheduledThreadPoolExecutor.java:809)
        at java.util.concurrent.ThreadPoolExecutor.getTask(ThreadPoolExecutor.java:1074)
        at java.util.concurrent.ThreadPoolExecutor.runWorker(ThreadPoolExecutor.java:1134)
        at java.util.concurrent.ThreadPoolExecutor$Worker.run(ThreadPoolExecutor.java:624)
        at java.lang.Thread.run(Thread.java:750)
"BlockDeletingService#2" daemon prio=5 tid=876 in Object.wait()
java.lang.Thread.State: WAITING (on object monitor)
        at sun.misc.Unsafe.park(Native Method)
        at java.util.concurrent.locks.LockSupport.park(LockSupport.java:175)
        at java.util.concurrent.locks.AbstractQueuedSynchronizer$ConditionObject.await(AbstractQueuedSynchronizer.java:2039)
        at java.util.concurrent.ScheduledThreadPoolExecutor$DelayedWorkQueue.take(ScheduledThreadPoolExecutor.java:1088)
        at java.util.concurrent.ScheduledThreadPoolExecutor$DelayedWorkQueue.take(ScheduledThreadPoolExecutor.java:809)
        at java.util.concurrent.ThreadPoolExecutor.getTask(ThreadPoolExecutor.java:1074)
        at java.util.concurrent.ThreadPoolExecutor.runWorker(ThreadPoolExecutor.java:1134)
        at java.util.concurrent.ThreadPoolExecutor$Worker.run(ThreadPoolExecutor.java:624)
        at java.lang.Thread.run(Thread.java:750)
"Session-HouseKeeper-34978929-1"  prio=5 tid=418 timed_waiting
java.lang.Thread.State: TIMED_WAITING
        at sun.misc.Unsafe.park(Native Method)
        at java.util.concurrent.locks.LockSupport.parkNanos(LockSupport.java:215)
        at java.util.concurrent.locks.AbstractQueuedSynchronizer$ConditionObject.awaitNanos(AbstractQueuedSynchronizer.java:2078)
        at java.util.concurrent.ScheduledThreadPoolExecutor$DelayedWorkQueue.take(ScheduledThreadPoolExecutor.java:1093)
        at java.util.concurrent.ScheduledThreadPoolExecutor$DelayedWorkQueue.take(ScheduledThreadPoolExecutor.java:809)
        at java.util.concurrent.ThreadPoolExecutor.getTask(ThreadPoolExecutor.java:1074)
        at java.util.concurrent.ThreadPoolExecutor.runWorker(ThreadPoolExecutor.java:1134)
        at java.util.concurrent.ThreadPoolExecutor$Worker.run(ThreadPoolExecutor.java:624)
        at java.lang.Thread.run(Thread.java:750)
"ChunkReader-ELG-0" daemon prio=5 tid=516 runnable
java.lang.Thread.State: RUNNABLE
        at org.apache.ratis.thirdparty.io.netty.channel.epoll.Native.epollWait0(Native Method)
        at org.apache.ratis.thirdparty.io.netty.channel.epoll.Native.epollWait(Native.java:182)
        at org.apache.ratis.thirdparty.io.netty.channel.epoll.EpollEventLoop.epollWait(EpollEventLoop.java:290)
        at org.apache.ratis.thirdparty.io.netty.channel.epoll.EpollEventLoop.run(EpollEventLoop.java:354)
        at org.apache.ratis.thirdparty.io.netty.util.concurrent.SingleThreadEventExecutor$4.run(SingleThreadEventExecutor.java:995)
        at org.apache.ratis.thirdparty.io.netty.util.internal.ThreadExecutorMap$2.run(ThreadExecutorMap.java:74)
        at java.lang.Thread.run(Thread.java:750)
"ChunkWriter-3-0" daemon prio=5 tid=527 in Object.wait()
java.lang.Thread.State: WAITING (on object monitor)
        at sun.misc.Unsafe.park(Native Method)
        at java.util.concurrent.locks.LockSupport.park(LockSupport.java:175)
        at java.util.concurrent.locks.AbstractQueuedSynchronizer$ConditionObject.await(AbstractQueuedSynchronizer.java:2039)
        at java.util.concurrent.LinkedBlockingDeque.takeFirst(LinkedBlockingDeque.java:492)
        at java.util.concurrent.LinkedBlockingDeque.take(LinkedBlockingDeque.java:680)
        at java.util.concurrent.ThreadPoolExecutor.getTask(ThreadPoolExecutor.java:1074)
        at java.util.concurrent.ThreadPoolExecutor.runWorker(ThreadPoolExecutor.java:1134)
        at java.util.concurrent.ThreadPoolExecutor$Worker.run(ThreadPoolExecutor.java:624)
        at java.lang.Thread.run(Thread.java:750)
"Reference Handler" daemon prio=10 tid=2 in Object.wait()
java.lang.Thread.State: WAITING (on object monitor)
        at java.lang.Object.wait(Native Method)
        at java.lang.Object.wait(Object.java:502)
        at java.lang.ref.Reference.tryHandlePending(Reference.java:191)
        at java.lang.ref.Reference$ReferenceHandler.run(Reference.java:153)
"068f63d0-ab19-47e7-872c-e50edf74daa4@group-450AFE3689FC-SegmentedRaftLogWorker"  prio=5 tid=674 timed_waiting
java.lang.Thread.State: TIMED_WAITING
        at sun.misc.Unsafe.park(Native Method)
        at java.util.concurrent.locks.LockSupport.parkNanos(LockSupport.java:215)
        at java.util.concurrent.locks.AbstractQueuedSynchronizer$ConditionObject.awaitNanos(AbstractQueuedSynchronizer.java:2078)
        at org.apache.ratis.util.DataBlockingQueue.poll(DataBlockingQueue.java:148)
        at org.apache.ratis.server.raftlog.segmented.SegmentedRaftLogWorker.run(SegmentedRaftLogWorker.java:310)
        at org.apache.ratis.server.raftlog.segmented.SegmentedRaftLogWorker$$Lambda$661/1740308191.run(Unknown Source)
        at java.lang.Thread.run(Thread.java:750)
"0cbed28b-7e2e-4c55-93c4-a5222a360620@group-C5DF1AF2A9A6-StateMachineUpdater" daemon prio=5 tid=611 timed_waiting
java.lang.Thread.State: TIMED_WAITING
        at sun.misc.Unsafe.park(Native Method)
        at java.util.concurrent.locks.LockSupport.parkNanos(LockSupport.java:215)
        at java.util.concurrent.CompletableFuture$Signaller.block(CompletableFuture.java:1709)
        at java.util.concurrent.ForkJoinPool.managedBlock(ForkJoinPool.java:3323)
        at java.util.concurrent.CompletableFuture.timedGet(CompletableFuture.java:1788)
        at java.util.concurrent.CompletableFuture.get(CompletableFuture.java:1928)
        at org.apache.ratis.util.AwaitForSignal.await(AwaitForSignal.java:56)
        at org.apache.ratis.server.impl.StateMachineUpdater.waitForCommit(StateMachineUpdater.java:207)
        at org.apache.ratis.server.impl.StateMachineUpdater.run(StateMachineUpdater.java:176)
        at java.lang.Thread.run(Thread.java:750)
"qtp751988805-417" daemon prio=5 tid=417 timed_waiting
java.lang.Thread.State: TIMED_WAITING
        at sun.misc.Unsafe.park(Native Method)
        at java.util.concurrent.locks.LockSupport.parkNanos(LockSupport.java:215)
        at java.util.concurrent.locks.AbstractQueuedSynchronizer$ConditionObject.awaitNanos(AbstractQueuedSynchronizer.java:2078)
        at org.eclipse.jetty.util.BlockingArrayQueue.poll(BlockingArrayQueue.java:382)
        at org.eclipse.jetty.util.thread.QueuedThreadPool$Runner.idleJobPoll(QueuedThreadPool.java:974)
        at org.eclipse.jetty.util.thread.QueuedThreadPool$Runner.run(QueuedThreadPool.java:1018)
        at java.lang.Thread.run(Thread.java:750)
"Periodic HDDS volume checker" daemon prio=5 tid=221 timed_waiting
java.lang.Thread.State: TIMED_WAITING
        at sun.misc.Unsafe.park(Native Method)
        at java.util.concurrent.locks.LockSupport.parkNanos(LockSupport.java:215)
        at java.util.concurrent.locks.AbstractQueuedSynchronizer$ConditionObject.awaitNanos(AbstractQueuedSynchronizer.java:2078)
        at java.util.concurrent.ScheduledThreadPoolExecutor$DelayedWorkQueue.take(ScheduledThreadPoolExecutor.java:1093)
        at java.util.concurrent.ScheduledThreadPoolExecutor$DelayedWorkQueue.take(ScheduledThreadPoolExecutor.java:809)
        at java.util.concurrent.ThreadPoolExecutor.getTask(ThreadPoolExecutor.java:1074)
        at java.util.concurrent.ThreadPoolExecutor.runWorker(ThreadPoolExecutor.java:1134)
        at java.util.concurrent.ThreadPoolExecutor$Worker.run(ThreadPoolExecutor.java:624)
        at java.lang.Thread.run(Thread.java:750)
"Datanode ReportManager Thread - 3" daemon prio=5 tid=215 in Object.wait()
java.lang.Thread.State: WAITING (on object monitor)
        at sun.misc.Unsafe.park(Native Method)
        at java.util.concurrent.locks.LockSupport.park(LockSupport.java:175)
        at java.util.concurrent.locks.AbstractQueuedSynchronizer$ConditionObject.await(AbstractQueuedSynchronizer.java:2039)
        at java.util.concurrent.ScheduledThreadPoolExecutor$DelayedWorkQueue.take(ScheduledThreadPoolExecutor.java:1088)
        at java.util.concurrent.ScheduledThreadPoolExecutor$DelayedWorkQueue.take(ScheduledThreadPoolExecutor.java:809)
        at java.util.concurrent.ThreadPoolExecutor.getTask(ThreadPoolExecutor.java:1074)
        at java.util.concurrent.ThreadPoolExecutor.runWorker(ThreadPoolExecutor.java:1134)
        at java.util.concurrent.ThreadPoolExecutor$Worker.run(ThreadPoolExecutor.java:624)
        at java.lang.Thread.run(Thread.java:750)
"StaleRecoveringContainerScrubbingService#0" daemon prio=5 tid=518 in Object.wait()
java.lang.Thread.State: WAITING (on object monitor)
        at sun.misc.Unsafe.park(Native Method)
        at java.util.concurrent.locks.LockSupport.park(LockSupport.java:175)
        at java.util.concurrent.locks.AbstractQueuedSynchronizer$ConditionObject.await(AbstractQueuedSynchronizer.java:2039)
        at java.util.concurrent.ScheduledThreadPoolExecutor$DelayedWorkQueue.take(ScheduledThreadPoolExecutor.java:1088)
        at java.util.concurrent.ScheduledThreadPoolExecutor$DelayedWorkQueue.take(ScheduledThreadPoolExecutor.java:809)
        at java.util.concurrent.ThreadPoolExecutor.getTask(ThreadPoolExecutor.java:1074)
        at java.util.concurrent.ThreadPoolExecutor.runWorker(ThreadPoolExecutor.java:1134)
        at java.util.concurrent.ThreadPoolExecutor$Worker.run(ThreadPoolExecutor.java:624)
        at java.lang.Thread.run(Thread.java:750)
"Session-HouseKeeper-53a858b0-1"  prio=5 tid=288 timed_waiting
java.lang.Thread.State: TIMED_WAITING
        at sun.misc.Unsafe.park(Native Method)
        at java.util.concurrent.locks.LockSupport.parkNanos(LockSupport.java:215)
        at java.util.concurrent.locks.AbstractQueuedSynchronizer$ConditionObject.awaitNanos(AbstractQueuedSynchronizer.java:2078)
        at java.util.concurrent.ScheduledThreadPoolExecutor$DelayedWorkQueue.take(ScheduledThreadPoolExecutor.java:1093)
        at java.util.concurrent.ScheduledThreadPoolExecutor$DelayedWorkQueue.take(ScheduledThreadPoolExecutor.java:809)
        at java.util.concurrent.ThreadPoolExecutor.getTask(ThreadPoolExecutor.java:1074)
        at java.util.concurrent.ThreadPoolExecutor.runWorker(ThreadPoolExecutor.java:1134)
        at java.util.concurrent.ThreadPoolExecutor$Worker.run(ThreadPoolExecutor.java:624)
        at java.lang.Thread.run(Thread.java:750)
"timer5" daemon prio=5 tid=730 timed_waiting
java.lang.Thread.State: TIMED_WAITING
        at java.lang.Object.wait(Native Method)
        at java.util.TimerThread.mainLoop(Timer.java:552)
        at java.util.TimerThread.run(Timer.java:505)
"ChunkWriter-0-0" daemon prio=5 tid=511 in Object.wait()
java.lang.Thread.State: WAITING (on object monitor)
        at sun.misc.Unsafe.park(Native Method)
        at java.util.concurrent.locks.LockSupport.park(LockSupport.java:175)
        at java.util.concurrent.locks.AbstractQueuedSynchronizer$ConditionObject.await(AbstractQueuedSynchronizer.java:2039)
        at java.util.concurrent.LinkedBlockingDeque.takeFirst(LinkedBlockingDeque.java:492)
        at java.util.concurrent.LinkedBlockingDeque.take(LinkedBlockingDeque.java:680)
        at java.util.concurrent.ThreadPoolExecutor.getTask(ThreadPoolExecutor.java:1074)
        at java.util.concurrent.ThreadPoolExecutor.runWorker(ThreadPoolExecutor.java:1134)
        at java.util.concurrent.ThreadPoolExecutor$Worker.run(ThreadPoolExecutor.java:624)
        at java.lang.Thread.run(Thread.java:750)
"0cbed28b-7e2e-4c55-93c4-a5222a360620@group-3562DEAE299E->6712d1d5-3f8e-46d5-b100-7ccc5411605f-GrpcLogAppender-LogAppenderDaemon" daemon prio=5 tid=728 timed_waiting
java.lang.Thread.State: TIMED_WAITING
        at sun.misc.Unsafe.park(Native Method)
        at java.util.concurrent.locks.LockSupport.parkNanos(LockSupport.java:215)
        at java.util.concurrent.CompletableFuture$Signaller.block(CompletableFuture.java:1709)
        at java.util.concurrent.ForkJoinPool.managedBlock(ForkJoinPool.java:3323)
        at java.util.concurrent.CompletableFuture.timedGet(CompletableFuture.java:1788)
        at java.util.concurrent.CompletableFuture.get(CompletableFuture.java:1928)
        at org.apache.ratis.util.AwaitForSignal.await(AwaitForSignal.java:56)
        at org.apache.ratis.grpc.server.GrpcLogAppender.mayWait(GrpcLogAppender.java:198)
        at org.apache.ratis.grpc.server.GrpcLogAppender.run(GrpcLogAppender.java:148)
        at org.apache.ratis.server.leader.LogAppenderDaemon.run(LogAppenderDaemon.java:78)
        at org.apache.ratis.server.leader.LogAppenderDaemon$$Lambda$1029/580247341.run(Unknown Source)
        at java.lang.Thread.run(Thread.java:750)
"Periodic HDDS volume checker" daemon prio=5 tid=364 timed_waiting
java.lang.Thread.State: TIMED_WAITING
        at sun.misc.Unsafe.park(Native Method)
        at java.util.concurrent.locks.LockSupport.parkNanos(LockSupport.java:215)
        at java.util.concurrent.locks.AbstractQueuedSynchronizer$ConditionObject.awaitNanos(AbstractQueuedSynchronizer.java:2078)
        at java.util.concurrent.ScheduledThreadPoolExecutor$DelayedWorkQueue.take(ScheduledThreadPoolExecutor.java:1093)
        at java.util.concurrent.ScheduledThreadPoolExecutor$DelayedWorkQueue.take(ScheduledThreadPoolExecutor.java:809)
        at java.util.concurrent.ThreadPoolExecutor.getTask(ThreadPoolExecutor.java:1074)
        at java.util.concurrent.ThreadPoolExecutor.runWorker(ThreadPoolExecutor.java:1134)
        at java.util.concurrent.ThreadPoolExecutor$Worker.run(ThreadPoolExecutor.java:624)
        at java.lang.Thread.run(Thread.java:750)
"IPC Server handler 13 on default port 41123" daemon prio=5 tid=157 timed_waiting
java.lang.Thread.State: TIMED_WAITING
        at sun.misc.Unsafe.park(Native Method)
        at java.util.concurrent.locks.LockSupport.parkNanos(LockSupport.java:215)
        at java.util.concurrent.locks.AbstractQueuedSynchronizer$ConditionObject.awaitNanos(AbstractQueuedSynchronizer.java:2078)
        at java.util.concurrent.LinkedBlockingQueue.poll(LinkedBlockingQueue.java:467)
        at org.apache.hadoop.ipc.CallQueueManager.take(CallQueueManager.java:317)
        at org.apache.hadoop.ipc.Server$Handler.run(Server.java:2942)
"Datanode State Machine Task Thread - 1"  prio=5 tid=490 in Object.wait()
java.lang.Thread.State: WAITING (on object monitor)
        at sun.misc.Unsafe.park(Native Method)
        at java.util.concurrent.locks.LockSupport.park(LockSupport.java:175)
        at java.util.concurrent.locks.AbstractQueuedSynchronizer$ConditionObject.await(AbstractQueuedSynchronizer.java:2039)
        at java.util.concurrent.LinkedBlockingQueue.take(LinkedBlockingQueue.java:442)
        at java.util.concurrent.ThreadPoolExecutor.getTask(ThreadPoolExecutor.java:1074)
        at java.util.concurrent.ThreadPoolExecutor.runWorker(ThreadPoolExecutor.java:1134)
        at java.util.concurrent.ThreadPoolExecutor$Worker.run(ThreadPoolExecutor.java:624)
        at java.lang.Thread.run(Thread.java:750)
"BlockDeletingService#2" daemon prio=5 tid=872 in Object.wait()
java.lang.Thread.State: WAITING (on object monitor)
        at sun.misc.Unsafe.park(Native Method)
        at java.util.concurrent.locks.LockSupport.park(LockSupport.java:175)
        at java.util.concurrent.locks.AbstractQueuedSynchronizer$ConditionObject.await(AbstractQueuedSynchronizer.java:2039)
        at java.util.concurrent.ScheduledThreadPoolExecutor$DelayedWorkQueue.take(ScheduledThreadPoolExecutor.java:1088)
        at java.util.concurrent.ScheduledThreadPoolExecutor$DelayedWorkQueue.take(ScheduledThreadPoolExecutor.java:809)
        at java.util.concurrent.ThreadPoolExecutor.getTask(ThreadPoolExecutor.java:1074)
        at java.util.concurrent.ThreadPoolExecutor.runWorker(ThreadPoolExecutor.java:1134)
        at java.util.concurrent.ThreadPoolExecutor$Worker.run(ThreadPoolExecutor.java:624)
        at java.lang.Thread.run(Thread.java:750)
"IPC Server handler 17 on default port 46513" daemon prio=5 tid=94 timed_waiting
java.lang.Thread.State: TIMED_WAITING
        at sun.misc.Unsafe.park(Native Method)
        at java.util.concurrent.locks.LockSupport.parkNanos(LockSupport.java:215)
        at java.util.concurrent.locks.AbstractQueuedSynchronizer$ConditionObject.awaitNanos(AbstractQueuedSynchronizer.java:2078)
        at java.util.concurrent.LinkedBlockingQueue.poll(LinkedBlockingQueue.java:467)
        at org.apache.hadoop.ipc.CallQueueManager.take(CallQueueManager.java:317)
        at org.apache.hadoop.ipc.Server$Handler.run(Server.java:2942)
"ChunkWriter-2-0" daemon prio=5 tid=526 in Object.wait()
java.lang.Thread.State: WAITING (on object monitor)
        at sun.misc.Unsafe.park(Native Method)
        at java.util.concurrent.locks.LockSupport.park(LockSupport.java:175)
        at java.util.concurrent.locks.AbstractQueuedSynchronizer$ConditionObject.await(AbstractQueuedSynchronizer.java:2039)
        at java.util.concurrent.LinkedBlockingDeque.takeFirst(LinkedBlockingDeque.java:492)
        at java.util.concurrent.LinkedBlockingDeque.take(LinkedBlockingDeque.java:680)
        at java.util.concurrent.ThreadPoolExecutor.getTask(ThreadPoolExecutor.java:1074)
        at java.util.concurrent.ThreadPoolExecutor.runWorker(ThreadPoolExecutor.java:1134)
        at java.util.concurrent.ThreadPoolExecutor$Worker.run(ThreadPoolExecutor.java:624)
        at java.lang.Thread.run(Thread.java:750)
"f5cc69e3-4def-49b3-97e4-fc35696e58fc@group-74DC051E88E8-StateMachineUpdater" daemon prio=5 tid=658 timed_waiting
java.lang.Thread.State: TIMED_WAITING
        at sun.misc.Unsafe.park(Native Method)
        at java.util.concurrent.locks.LockSupport.parkNanos(LockSupport.java:215)
        at java.util.concurrent.CompletableFuture$Signaller.block(CompletableFuture.java:1709)
        at java.util.concurrent.ForkJoinPool.managedBlock(ForkJoinPool.java:3323)
        at java.util.concurrent.CompletableFuture.timedGet(CompletableFuture.java:1788)
        at java.util.concurrent.CompletableFuture.get(CompletableFuture.java:1928)
        at org.apache.ratis.util.AwaitForSignal.await(AwaitForSignal.java:56)
        at org.apache.ratis.server.impl.StateMachineUpdater.waitForCommit(StateMachineUpdater.java:207)
        at org.apache.ratis.server.impl.StateMachineUpdater.run(StateMachineUpdater.java:176)
        at java.lang.Thread.run(Thread.java:750)
"BlockDeletingService#2" daemon prio=5 tid=875 in Object.wait()
java.lang.Thread.State: WAITING (on object monitor)
        at sun.misc.Unsafe.park(Native Method)
        at java.util.concurrent.locks.LockSupport.park(LockSupport.java:175)
        at java.util.concurrent.locks.AbstractQueuedSynchronizer$ConditionObject.await(AbstractQueuedSynchronizer.java:2039)
        at java.util.concurrent.ScheduledThreadPoolExecutor$DelayedWorkQueue.take(ScheduledThreadPoolExecutor.java:1088)
        at java.util.concurrent.ScheduledThreadPoolExecutor$DelayedWorkQueue.take(ScheduledThreadPoolExecutor.java:809)
        at java.util.concurrent.ThreadPoolExecutor.getTask(ThreadPoolExecutor.java:1074)
        at java.util.concurrent.ThreadPoolExecutor.runWorker(ThreadPoolExecutor.java:1134)
        at java.util.concurrent.ThreadPoolExecutor$Worker.run(ThreadPoolExecutor.java:624)
        at java.lang.Thread.run(Thread.java:750)
"IPC Server handler 17 on default port 37109" daemon prio=5 tid=74 timed_waiting
java.lang.Thread.State: TIMED_WAITING
        at sun.misc.Unsafe.park(Native Method)
        at java.util.concurrent.locks.LockSupport.parkNanos(LockSupport.java:215)
        at java.util.concurrent.locks.AbstractQueuedSynchronizer$ConditionObject.awaitNanos(AbstractQueuedSynchronizer.java:2078)
        at java.util.concurrent.LinkedBlockingQueue.poll(LinkedBlockingQueue.java:467)
        at org.apache.hadoop.ipc.CallQueueManager.take(CallQueueManager.java:317)
        at org.apache.hadoop.ipc.Server$Handler.run(Server.java:2942)
"qtp2126618194-206" daemon prio=5 tid=206 timed_waiting
java.lang.Thread.State: TIMED_WAITING
        at sun.misc.Unsafe.park(Native Method)
        at java.util.concurrent.locks.LockSupport.parkNanos(LockSupport.java:215)
        at java.util.concurrent.locks.AbstractQueuedSynchronizer$ConditionObject.awaitNanos(AbstractQueuedSynchronizer.java:2078)
        at org.eclipse.jetty.util.BlockingArrayQueue.poll(BlockingArrayQueue.java:382)
        at org.eclipse.jetty.util.thread.QueuedThreadPool$Runner.idleJobPoll(QueuedThreadPool.java:974)
        at org.eclipse.jetty.util.thread.QueuedThreadPool$Runner.run(QueuedThreadPool.java:1018)
        at java.lang.Thread.run(Thread.java:750)
"Command processor thread" daemon prio=5 tid=295 timed_waiting
java.lang.Thread.State: TIMED_WAITING
        at java.lang.Thread.sleep(Native Method)
        at org.apache.hadoop.ozone.container.common.statemachine.DatanodeStateMachine.lambda$initCommandHandlerThread$3(DatanodeStateMachine.java:628)
        at org.apache.hadoop.ozone.container.common.statemachine.DatanodeStateMachine$$Lambda$747/98858159.run(Unknown Source)
        at java.lang.Thread.run(Thread.java:750)
"IPC Server handler 9 on default port 37109" daemon prio=5 tid=66 timed_waiting
java.lang.Thread.State: TIMED_WAITING
        at sun.misc.Unsafe.park(Native Method)
        at java.util.concurrent.locks.LockSupport.parkNanos(LockSupport.java:215)
        at java.util.concurrent.locks.AbstractQueuedSynchronizer$ConditionObject.awaitNanos(AbstractQueuedSynchronizer.java:2078)
        at java.util.concurrent.LinkedBlockingQueue.poll(LinkedBlockingQueue.java:467)
        at org.apache.hadoop.ipc.CallQueueManager.take(CallQueueManager.java:317)
        at org.apache.hadoop.ipc.Server$Handler.run(Server.java:2942)
"EventQueue-CommandQueueReportForCommandQueueReportHandler" daemon prio=5 tid=560 in Object.wait()
java.lang.Thread.State: WAITING (on object monitor)
        at sun.misc.Unsafe.park(Native Method)
        at java.util.concurrent.locks.LockSupport.park(LockSupport.java:175)
        at java.util.concurrent.locks.AbstractQueuedSynchronizer$ConditionObject.await(AbstractQueuedSynchronizer.java:2039)
        at java.util.concurrent.LinkedBlockingQueue.take(LinkedBlockingQueue.java:442)
        at java.util.concurrent.ThreadPoolExecutor.getTask(ThreadPoolExecutor.java:1074)
        at java.util.concurrent.ThreadPoolExecutor.runWorker(ThreadPoolExecutor.java:1134)
        at java.util.concurrent.ThreadPoolExecutor$Worker.run(ThreadPoolExecutor.java:624)
        at java.lang.Thread.run(Thread.java:750)
"2c0de523-4fef-49d4-a7e7-019bfd407efe@group-92C9A0750E64-SegmentedRaftLogWorker"  prio=5 tid=633 timed_waiting
java.lang.Thread.State: TIMED_WAITING
        at sun.misc.Unsafe.park(Native Method)
        at java.util.concurrent.locks.LockSupport.parkNanos(LockSupport.java:215)
        at java.util.concurrent.locks.AbstractQueuedSynchronizer$ConditionObject.awaitNanos(AbstractQueuedSynchronizer.java:2078)
        at org.apache.ratis.util.DataBlockingQueue.poll(DataBlockingQueue.java:148)
        at org.apache.ratis.server.raftlog.segmented.SegmentedRaftLogWorker.run(SegmentedRaftLogWorker.java:310)
        at org.apache.ratis.server.raftlog.segmented.SegmentedRaftLogWorker$$Lambda$661/1740308191.run(Unknown Source)
        at java.lang.Thread.run(Thread.java:750)
"617aebcb-94d5-4f34-9c47-e0c0542c8799@group-9AE1E5A711C7-StateMachineUpdater" daemon prio=5 tid=649 timed_waiting
java.lang.Thread.State: TIMED_WAITING
        at sun.misc.Unsafe.park(Native Method)
        at java.util.concurrent.locks.LockSupport.parkNanos(LockSupport.java:215)
        at java.util.concurrent.CompletableFuture$Signaller.block(CompletableFuture.java:1709)
        at java.util.concurrent.ForkJoinPool.managedBlock(ForkJoinPool.java:3323)
        at java.util.concurrent.CompletableFuture.timedGet(CompletableFuture.java:1788)
        at java.util.concurrent.CompletableFuture.get(CompletableFuture.java:1928)
        at org.apache.ratis.util.AwaitForSignal.await(AwaitForSignal.java:56)
        at org.apache.ratis.server.impl.StateMachineUpdater.waitForCommit(StateMachineUpdater.java:207)
        at org.apache.ratis.server.impl.StateMachineUpdater.run(StateMachineUpdater.java:176)
        at java.lang.Thread.run(Thread.java:750)
"EndpointStateMachine task thread for /0.0.0.0:46513 - 0 "  prio=5 tid=467 in Object.wait()
java.lang.Thread.State: WAITING (on object monitor)
        at sun.misc.Unsafe.park(Native Method)
        at java.util.concurrent.locks.LockSupport.park(LockSupport.java:175)
        at java.util.concurrent.locks.AbstractQueuedSynchronizer$ConditionObject.await(AbstractQueuedSynchronizer.java:2039)
        at java.util.concurrent.LinkedBlockingQueue.take(LinkedBlockingQueue.java:442)
        at java.util.concurrent.ThreadPoolExecutor.getTask(ThreadPoolExecutor.java:1074)
        at java.util.concurrent.ThreadPoolExecutor.runWorker(ThreadPoolExecutor.java:1134)
        at java.util.concurrent.ThreadPoolExecutor$Worker.run(ThreadPoolExecutor.java:624)
        at java.lang.Thread.run(Thread.java:750)
"Datanode ReportManager Thread - 1" daemon prio=5 tid=239 in Object.wait()
java.lang.Thread.State: WAITING (on object monitor)
        at sun.misc.Unsafe.park(Native Method)
        at java.util.concurrent.locks.LockSupport.park(LockSupport.java:175)
        at java.util.concurrent.locks.AbstractQueuedSynchronizer$ConditionObject.await(AbstractQueuedSynchronizer.java:2039)
        at java.util.concurrent.ScheduledThreadPoolExecutor$DelayedWorkQueue.take(ScheduledThreadPoolExecutor.java:1088)
        at java.util.concurrent.ScheduledThreadPoolExecutor$DelayedWorkQueue.take(ScheduledThreadPoolExecutor.java:809)
        at java.util.concurrent.ThreadPoolExecutor.getTask(ThreadPoolExecutor.java:1074)
        at java.util.concurrent.ThreadPoolExecutor.runWorker(ThreadPoolExecutor.java:1134)
        at java.util.concurrent.ThreadPoolExecutor$Worker.run(ThreadPoolExecutor.java:624)
        at java.lang.Thread.run(Thread.java:750)
"pool-246-thread-1"  prio=5 tid=370 timed_waiting
java.lang.Thread.State: TIMED_WAITING
        at sun.misc.Unsafe.park(Native Method)
        at java.util.concurrent.locks.LockSupport.parkNanos(LockSupport.java:215)
        at java.util.concurrent.locks.AbstractQueuedSynchronizer$ConditionObject.awaitNanos(AbstractQueuedSynchronizer.java:2078)
        at java.util.concurrent.ScheduledThreadPoolExecutor$DelayedWorkQueue.take(ScheduledThreadPoolExecutor.java:1093)
        at java.util.concurrent.ScheduledThreadPoolExecutor$DelayedWorkQueue.take(ScheduledThreadPoolExecutor.java:809)
        at java.util.concurrent.ThreadPoolExecutor.getTask(ThreadPoolExecutor.java:1074)
        at java.util.concurrent.ThreadPoolExecutor.runWorker(ThreadPoolExecutor.java:1134)
        at java.util.concurrent.ThreadPoolExecutor$Worker.run(ThreadPoolExecutor.java:624)
        at java.lang.Thread.run(Thread.java:750)
"617aebcb-94d5-4f34-9c47-e0c0542c8799@group-9AE1E5A711C7-FollowerState" daemon prio=5 tid=854 timed_waiting
java.lang.Thread.State: TIMED_WAITING
        at java.lang.Thread.sleep(Native Method)
        at java.lang.Thread.sleep(Thread.java:342)
        at java.util.concurrent.TimeUnit.sleep(TimeUnit.java:386)
        at org.apache.ratis.util.TimeDuration.sleep(TimeDuration.java:325)
        at org.apache.ratis.util.TimeDuration.sleep(TimeDuration.java:310)
        at org.apache.ratis.server.impl.FollowerState.run(FollowerState.java:128)
"JvmPauseMonitor7" daemon prio=5 tid=515 timed_waiting
java.lang.Thread.State: TIMED_WAITING
        at java.lang.Thread.sleep(Native Method)
        at java.lang.Thread.sleep(Thread.java:342)
        at java.util.concurrent.TimeUnit.sleep(TimeUnit.java:386)
        at org.apache.ratis.util.TimeDuration.sleep(TimeDuration.java:325)
        at org.apache.ratis.util.TimeDuration.sleep(TimeDuration.java:310)
        at org.apache.ratis.util.JvmPauseMonitor.detectPause(JvmPauseMonitor.java:119)
        at org.apache.ratis.util.JvmPauseMonitor.run(JvmPauseMonitor.java:108)
        at org.apache.ratis.util.JvmPauseMonitor$$Lambda$702/1803904229.run(Unknown Source)
        at java.lang.Thread.run(Thread.java:750)
"Datanode State Machine Task Thread - 0"  prio=5 tid=362 in Object.wait()
java.lang.Thread.State: WAITING (on object monitor)
        at sun.misc.Unsafe.park(Native Method)
        at java.util.concurrent.locks.LockSupport.park(LockSupport.java:175)
        at java.util.concurrent.locks.AbstractQueuedSynchronizer$ConditionObject.await(AbstractQueuedSynchronizer.java:2039)
        at java.util.concurrent.LinkedBlockingQueue.take(LinkedBlockingQueue.java:442)
        at java.util.concurrent.ThreadPoolExecutor.getTask(ThreadPoolExecutor.java:1074)
        at java.util.concurrent.ThreadPoolExecutor.runWorker(ThreadPoolExecutor.java:1134)
        at java.util.concurrent.ThreadPoolExecutor$Worker.run(ThreadPoolExecutor.java:624)
        at java.lang.Thread.run(Thread.java:750)
"org.apache.hadoop.util.JvmPauseMonitor$Monitor@fdf029a" daemon prio=5 tid=98 timed_waiting
java.lang.Thread.State: TIMED_WAITING
        at java.lang.Thread.sleep(Native Method)
        at org.apache.hadoop.util.JvmPauseMonitor$Monitor.run(JvmPauseMonitor.java:192)
        at java.lang.Thread.run(Thread.java:750)
"qtp1639869187-140" daemon prio=5 tid=140 timed_waiting
java.lang.Thread.State: TIMED_WAITING
        at sun.misc.Unsafe.park(Native Method)
        at java.util.concurrent.locks.LockSupport.parkNanos(LockSupport.java:215)
        at java.util.concurrent.locks.AbstractQueuedSynchronizer$ConditionObject.awaitNanos(AbstractQueuedSynchronizer.java:2078)
        at org.eclipse.jetty.util.BlockingArrayQueue.poll(BlockingArrayQueue.java:382)
        at org.eclipse.jetty.util.thread.QueuedThreadPool$Runner.idleJobPoll(QueuedThreadPool.java:974)
        at org.eclipse.jetty.util.thread.QueuedThreadPool$Runner.run(QueuedThreadPool.java:1018)
        at java.lang.Thread.run(Thread.java:750)
"ChunkReader-4" daemon prio=5 tid=807 in Object.wait()
java.lang.Thread.State: WAITING (on object monitor)
        at sun.misc.Unsafe.park(Native Method)
        at java.util.concurrent.locks.LockSupport.park(LockSupport.java:175)
        at java.util.concurrent.locks.AbstractQueuedSynchronizer$ConditionObject.await(AbstractQueuedSynchronizer.java:2039)
        at java.util.concurrent.LinkedBlockingQueue.take(LinkedBlockingQueue.java:442)
        at java.util.concurrent.ThreadPoolExecutor.getTask(ThreadPoolExecutor.java:1074)
        at java.util.concurrent.ThreadPoolExecutor.runWorker(ThreadPoolExecutor.java:1134)
        at java.util.concurrent.ThreadPoolExecutor$Worker.run(ThreadPoolExecutor.java:624)
        at java.lang.Thread.run(Thread.java:750)
"pool-280-thread-1" daemon prio=5 tid=433 timed_waiting
java.lang.Thread.State: TIMED_WAITING
        at sun.misc.Unsafe.park(Native Method)
        at java.util.concurrent.locks.LockSupport.parkNanos(LockSupport.java:215)
        at java.util.concurrent.locks.AbstractQueuedSynchronizer$ConditionObject.awaitNanos(AbstractQueuedSynchronizer.java:2078)
        at java.util.concurrent.ScheduledThreadPoolExecutor$DelayedWorkQueue.take(ScheduledThreadPoolExecutor.java:1093)
        at java.util.concurrent.ScheduledThreadPoolExecutor$DelayedWorkQueue.take(ScheduledThreadPoolExecutor.java:809)
        at java.util.concurrent.ThreadPoolExecutor.getTask(ThreadPoolExecutor.java:1074)
        at java.util.concurrent.ThreadPoolExecutor.runWorker(ThreadPoolExecutor.java:1134)
        at java.util.concurrent.ThreadPoolExecutor$Worker.run(ThreadPoolExecutor.java:624)
        at java.lang.Thread.run(Thread.java:750)
"ChunkWriter-3-0" daemon prio=5 tid=396 in Object.wait()
java.lang.Thread.State: WAITING (on object monitor)
        at sun.misc.Unsafe.park(Native Method)
        at java.util.concurrent.locks.LockSupport.park(LockSupport.java:175)
        at java.util.concurrent.locks.AbstractQueuedSynchronizer$ConditionObject.await(AbstractQueuedSynchronizer.java:2039)
        at java.util.concurrent.LinkedBlockingDeque.takeFirst(LinkedBlockingDeque.java:492)
        at java.util.concurrent.LinkedBlockingDeque.take(LinkedBlockingDeque.java:680)
        at java.util.concurrent.ThreadPoolExecutor.getTask(ThreadPoolExecutor.java:1074)
        at java.util.concurrent.ThreadPoolExecutor.runWorker(ThreadPoolExecutor.java:1134)
        at java.util.concurrent.ThreadPoolExecutor$Worker.run(ThreadPoolExecutor.java:624)
        at java.lang.Thread.run(Thread.java:750)
"EventQueue-DeadNodeForDeadNodeHandler" daemon prio=5 tid=847 in Object.wait()
java.lang.Thread.State: WAITING (on object monitor)
        at sun.misc.Unsafe.park(Native Method)
        at java.util.concurrent.locks.LockSupport.park(LockSupport.java:175)
        at java.util.concurrent.locks.AbstractQueuedSynchronizer$ConditionObject.await(AbstractQueuedSynchronizer.java:2039)
        at java.util.concurrent.LinkedBlockingQueue.take(LinkedBlockingQueue.java:442)
        at java.util.concurrent.ThreadPoolExecutor.getTask(ThreadPoolExecutor.java:1074)
        at java.util.concurrent.ThreadPoolExecutor.runWorker(ThreadPoolExecutor.java:1134)
        at java.util.concurrent.ThreadPoolExecutor$Worker.run(ThreadPoolExecutor.java:624)
        at java.lang.Thread.run(Thread.java:750)
"qtp247981085-311" daemon prio=5 tid=311 timed_waiting
java.lang.Thread.State: TIMED_WAITING
        at sun.misc.Unsafe.park(Native Method)
        at java.util.concurrent.locks.LockSupport.parkNanos(LockSupport.java:215)
        at java.util.concurrent.locks.AbstractQueuedSynchronizer$ConditionObject.awaitNanos(AbstractQueuedSynchronizer.java:2078)
        at org.eclipse.jetty.util.BlockingArrayQueue.poll(BlockingArrayQueue.java:382)
        at org.eclipse.jetty.util.thread.QueuedThreadPool$Runner.idleJobPoll(QueuedThreadPool.java:974)
        at org.eclipse.jetty.util.thread.QueuedThreadPool$Runner.run(QueuedThreadPool.java:1018)
        at java.lang.Thread.run(Thread.java:750)
"Periodic HDDS volume checker" daemon prio=5 tid=273 timed_waiting
java.lang.Thread.State: TIMED_WAITING
        at sun.misc.Unsafe.park(Native Method)
        at java.util.concurrent.locks.LockSupport.parkNanos(LockSupport.java:215)
        at java.util.concurrent.locks.AbstractQueuedSynchronizer$ConditionObject.awaitNanos(AbstractQueuedSynchronizer.java:2078)
        at java.util.concurrent.ScheduledThreadPoolExecutor$DelayedWorkQueue.take(ScheduledThreadPoolExecutor.java:1093)
        at java.util.concurrent.ScheduledThreadPoolExecutor$DelayedWorkQueue.take(ScheduledThreadPoolExecutor.java:809)
        at java.util.concurrent.ThreadPoolExecutor.getTask(ThreadPoolExecutor.java:1074)
        at java.util.concurrent.ThreadPoolExecutor.runWorker(ThreadPoolExecutor.java:1134)
        at java.util.concurrent.ThreadPoolExecutor$Worker.run(ThreadPoolExecutor.java:624)
        at java.lang.Thread.run(Thread.java:750)
"qtp1547050072-287" daemon prio=5 tid=287 timed_waiting
java.lang.Thread.State: TIMED_WAITING
        at sun.misc.Unsafe.park(Native Method)
        at java.util.concurrent.locks.LockSupport.parkNanos(LockSupport.java:215)
        at java.util.concurrent.locks.AbstractQueuedSynchronizer$ConditionObject.awaitNanos(AbstractQueuedSynchronizer.java:2078)
        at org.eclipse.jetty.util.BlockingArrayQueue.poll(BlockingArrayQueue.java:382)
        at org.eclipse.jetty.util.thread.QueuedThreadPool$Runner.idleJobPoll(QueuedThreadPool.java:974)
        at org.eclipse.jetty.util.thread.QueuedThreadPool$Runner.run(QueuedThreadPool.java:1018)
        at java.lang.Thread.run(Thread.java:750)
"qtp247981085-312" daemon prio=5 tid=312 timed_waiting
java.lang.Thread.State: TIMED_WAITING
        at sun.misc.Unsafe.park(Native Method)
        at java.util.concurrent.locks.LockSupport.parkNanos(LockSupport.java:215)
        at java.util.concurrent.locks.AbstractQueuedSynchronizer$ConditionObject.awaitNanos(AbstractQueuedSynchronizer.java:2078)
        at org.eclipse.jetty.util.BlockingArrayQueue.poll(BlockingArrayQueue.java:382)
        at org.eclipse.jetty.util.thread.QueuedThreadPool$Runner.idleJobPoll(QueuedThreadPool.java:974)
        at org.eclipse.jetty.util.thread.QueuedThreadPool$Runner.run(QueuedThreadPool.java:1018)
        at java.lang.Thread.run(Thread.java:750)
"org.apache.hadoop.util.JvmPauseMonitor$Monitor@5c24831a" daemon prio=5 tid=322 timed_waiting
java.lang.Thread.State: TIMED_WAITING
        at java.lang.Thread.sleep(Native Method)
        at org.apache.hadoop.util.JvmPauseMonitor$Monitor.run(JvmPauseMonitor.java:192)
        at java.lang.Thread.run(Thread.java:750)
"qtp1144474914-255" daemon prio=5 tid=255 runnable
java.lang.Thread.State: RUNNABLE
        at sun.nio.ch.EPollArrayWrapper.epollWait(Native Method)
        at sun.nio.ch.EPollArrayWrapper.poll(EPollArrayWrapper.java:269)
        at sun.nio.ch.EPollSelectorImpl.doSelect(EPollSelectorImpl.java:93)
        at sun.nio.ch.SelectorImpl.lockAndDoSelect(SelectorImpl.java:86)
        at sun.nio.ch.SelectorImpl.select(SelectorImpl.java:97)
        at sun.nio.ch.SelectorImpl.select(SelectorImpl.java:101)
        at org.eclipse.jetty.io.ManagedSelector.nioSelect(ManagedSelector.java:183)
        at org.eclipse.jetty.io.ManagedSelector.select(ManagedSelector.java:190)
        at org.eclipse.jetty.io.ManagedSelector$SelectorProducer.select(ManagedSelector.java:606)
        at org.eclipse.jetty.io.ManagedSelector$SelectorProducer.produce(ManagedSelector.java:543)
        at org.eclipse.jetty.util.thread.strategy.EatWhatYouKill.produceTask(EatWhatYouKill.java:362)
        at org.eclipse.jetty.util.thread.strategy.EatWhatYouKill.doProduce(EatWhatYouKill.java:186)
        at org.eclipse.jetty.util.thread.strategy.EatWhatYouKill.tryProduce(EatWhatYouKill.java:173)
        at org.eclipse.jetty.util.thread.strategy.EatWhatYouKill.produce(EatWhatYouKill.java:137)
        at org.eclipse.jetty.io.ManagedSelector$$Lambda$443/1369352990.run(Unknown Source)
        at org.eclipse.jetty.util.thread.QueuedThreadPool.runJob(QueuedThreadPool.java:883)
        at org.eclipse.jetty.util.thread.QueuedThreadPool$Runner.run(QueuedThreadPool.java:1034)
        at java.lang.Thread.run(Thread.java:750)
"Session-HouseKeeper-c13ee03-1"  prio=5 tid=236 timed_waiting
java.lang.Thread.State: TIMED_WAITING
        at sun.misc.Unsafe.park(Native Method)
        at java.util.concurrent.locks.LockSupport.parkNanos(LockSupport.java:215)
        at java.util.concurrent.locks.AbstractQueuedSynchronizer$ConditionObject.awaitNanos(AbstractQueuedSynchronizer.java:2078)
        at java.util.concurrent.ScheduledThreadPoolExecutor$DelayedWorkQueue.take(ScheduledThreadPoolExecutor.java:1093)
        at java.util.concurrent.ScheduledThreadPoolExecutor$DelayedWorkQueue.take(ScheduledThreadPoolExecutor.java:809)
        at java.util.concurrent.ThreadPoolExecutor.getTask(ThreadPoolExecutor.java:1074)
        at java.util.concurrent.ThreadPoolExecutor.runWorker(ThreadPoolExecutor.java:1134)
        at java.util.concurrent.ThreadPoolExecutor$Worker.run(ThreadPoolExecutor.java:624)
        at java.lang.Thread.run(Thread.java:750)
"StaleRecoveringContainerScrubbingService#2" daemon prio=5 tid=871 in Object.wait()
java.lang.Thread.State: WAITING (on object monitor)
        at sun.misc.Unsafe.park(Native Method)
        at java.util.concurrent.locks.LockSupport.park(LockSupport.java:175)
        at java.util.concurrent.locks.AbstractQueuedSynchronizer$ConditionObject.await(AbstractQueuedSynchronizer.java:2039)
        at java.util.concurrent.ScheduledThreadPoolExecutor$DelayedWorkQueue.take(ScheduledThreadPoolExecutor.java:1088)
        at java.util.concurrent.ScheduledThreadPoolExecutor$DelayedWorkQueue.take(ScheduledThreadPoolExecutor.java:809)
        at java.util.concurrent.ThreadPoolExecutor.getTask(ThreadPoolExecutor.java:1074)
        at java.util.concurrent.ThreadPoolExecutor.runWorker(ThreadPoolExecutor.java:1134)
        at java.util.concurrent.ThreadPoolExecutor$Worker.run(ThreadPoolExecutor.java:624)
        at java.lang.Thread.run(Thread.java:750)
"qtp1639869187-135" daemon prio=5 tid=135 runnable
java.lang.Thread.State: RUNNABLE
        at sun.nio.ch.EPollArrayWrapper.epollWait(Native Method)
        at sun.nio.ch.EPollArrayWrapper.poll(EPollArrayWrapper.java:269)
        at sun.nio.ch.EPollSelectorImpl.doSelect(EPollSelectorImpl.java:93)
        at sun.nio.ch.SelectorImpl.lockAndDoSelect(SelectorImpl.java:86)
        at sun.nio.ch.SelectorImpl.select(SelectorImpl.java:97)
        at sun.nio.ch.SelectorImpl.select(SelectorImpl.java:101)
        at org.eclipse.jetty.io.ManagedSelector.nioSelect(ManagedSelector.java:183)
        at org.eclipse.jetty.io.ManagedSelector.select(ManagedSelector.java:190)
        at org.eclipse.jetty.io.ManagedSelector$SelectorProducer.select(ManagedSelector.java:606)
        at org.eclipse.jetty.io.ManagedSelector$SelectorProducer.produce(ManagedSelector.java:543)
        at org.eclipse.jetty.util.thread.strategy.EatWhatYouKill.produceTask(EatWhatYouKill.java:362)
        at org.eclipse.jetty.util.thread.strategy.EatWhatYouKill.doProduce(EatWhatYouKill.java:186)
        at org.eclipse.jetty.util.thread.strategy.EatWhatYouKill.tryProduce(EatWhatYouKill.java:173)
        at org.eclipse.jetty.util.thread.strategy.EatWhatYouKill.produce(EatWhatYouKill.java:137)
        at org.eclipse.jetty.io.ManagedSelector$$Lambda$443/1369352990.run(Unknown Source)
        at org.eclipse.jetty.util.thread.QueuedThreadPool.runJob(QueuedThreadPool.java:883)
        at org.eclipse.jetty.util.thread.QueuedThreadPool$Runner.run(QueuedThreadPool.java:1034)
        at java.lang.Thread.run(Thread.java:750)
"0cbed28b-7e2e-4c55-93c4-a5222a360620@group-3562DEAE299E-LeaderStateImpl" daemon prio=5 tid=727 timed_waiting
java.lang.Thread.State: TIMED_WAITING
        at sun.misc.Unsafe.park(Native Method)
        at java.util.concurrent.locks.LockSupport.parkNanos(LockSupport.java:215)
        at java.util.concurrent.locks.AbstractQueuedSynchronizer$ConditionObject.awaitNanos(AbstractQueuedSynchronizer.java:2078)
        at java.util.concurrent.ArrayBlockingQueue.poll(ArrayBlockingQueue.java:418)
        at org.apache.ratis.server.impl.LeaderStateImpl$EventQueue.poll(LeaderStateImpl.java:159)
        at org.apache.ratis.server.impl.LeaderStateImpl$EventProcessor.run(LeaderStateImpl.java:630)
"org.apache.hadoop.ozone.container.common.statemachine.commandhandler.DeleteBlocksCommandHandler$DeleteCmdWorker@4dec6aa" daemon prio=5 tid=408 timed_waiting
java.lang.Thread.State: TIMED_WAITING
        at java.lang.Thread.sleep(Native Method)
        at org.apache.hadoop.ozone.container.common.statemachine.commandhandler.DeleteBlocksCommandHandler$DeleteCmdWorker.run(DeleteBlocksCommandHandler.java:183)
        at java.lang.Thread.run(Thread.java:750)
"qtp1218952455-373" daemon prio=5 tid=373 timed_waiting
java.lang.Thread.State: TIMED_WAITING
        at sun.misc.Unsafe.park(Native Method)
        at java.util.concurrent.locks.LockSupport.parkNanos(LockSupport.java:215)
        at java.util.concurrent.locks.AbstractQueuedSynchronizer$ConditionObject.awaitNanos(AbstractQueuedSynchronizer.java:2078)
        at org.eclipse.jetty.util.BlockingArrayQueue.poll(BlockingArrayQueue.java:382)
        at org.eclipse.jetty.util.thread.QueuedThreadPool$Runner.idleJobPoll(QueuedThreadPool.java:974)
        at org.eclipse.jetty.util.thread.QueuedThreadPool$Runner.run(QueuedThreadPool.java:1018)
        at java.lang.Thread.run(Thread.java:750)
"Datanode ReportManager Thread - 2" daemon prio=5 tid=266 timed_waiting
java.lang.Thread.State: TIMED_WAITING
        at sun.misc.Unsafe.park(Native Method)
        at java.util.concurrent.locks.LockSupport.parkNanos(LockSupport.java:215)
        at java.util.concurrent.locks.AbstractQueuedSynchronizer$ConditionObject.awaitNanos(AbstractQueuedSynchronizer.java:2078)
        at java.util.concurrent.ScheduledThreadPoolExecutor$DelayedWorkQueue.take(ScheduledThreadPoolExecutor.java:1093)
        at java.util.concurrent.ScheduledThreadPoolExecutor$DelayedWorkQueue.take(ScheduledThreadPoolExecutor.java:809)
        at java.util.concurrent.ThreadPoolExecutor.getTask(ThreadPoolExecutor.java:1074)
        at java.util.concurrent.ThreadPoolExecutor.runWorker(ThreadPoolExecutor.java:1134)
        at java.util.concurrent.ThreadPoolExecutor$Worker.run(ThreadPoolExecutor.java:624)
        at java.lang.Thread.run(Thread.java:750)
"org.apache.hadoop.util.JvmPauseMonitor$Monitor@4bdb9947" daemon prio=5 tid=426 timed_waiting
java.lang.Thread.State: TIMED_WAITING
        at java.lang.Thread.sleep(Native Method)
        at org.apache.hadoop.util.JvmPauseMonitor$Monitor.run(JvmPauseMonitor.java:192)
        at java.lang.Thread.run(Thread.java:750)
"Session-HouseKeeper-3e009dca-1"  prio=5 tid=379 timed_waiting
java.lang.Thread.State: TIMED_WAITING
        at sun.misc.Unsafe.park(Native Method)
        at java.util.concurrent.locks.LockSupport.parkNanos(LockSupport.java:215)
        at java.util.concurrent.locks.AbstractQueuedSynchronizer$ConditionObject.awaitNanos(AbstractQueuedSynchronizer.java:2078)
        at java.util.concurrent.ScheduledThreadPoolExecutor$DelayedWorkQueue.take(ScheduledThreadPoolExecutor.java:1093)
        at java.util.concurrent.ScheduledThreadPoolExecutor$DelayedWorkQueue.take(ScheduledThreadPoolExecutor.java:809)
        at java.util.concurrent.ThreadPoolExecutor.getTask(ThreadPoolExecutor.java:1074)
        at java.util.concurrent.ThreadPoolExecutor.runWorker(ThreadPoolExecutor.java:1134)
        at java.util.concurrent.ThreadPoolExecutor$Worker.run(ThreadPoolExecutor.java:624)
        at java.lang.Thread.run(Thread.java:750)
"IPC Server handler 4 on default port 35707" daemon prio=5 tid=41 timed_waiting
java.lang.Thread.State: TIMED_WAITING
        at sun.misc.Unsafe.park(Native Method)
        at java.util.concurrent.locks.LockSupport.parkNanos(LockSupport.java:215)
        at java.util.concurrent.locks.AbstractQueuedSynchronizer$ConditionObject.awaitNanos(AbstractQueuedSynchronizer.java:2078)
        at java.util.concurrent.LinkedBlockingQueue.poll(LinkedBlockingQueue.java:467)
        at org.apache.hadoop.ipc.CallQueueManager.take(CallQueueManager.java:317)
        at org.apache.hadoop.ipc.Server$Handler.run(Server.java:2942)
"BlockDeletingService#1" daemon prio=5 tid=487 timed_waiting
java.lang.Thread.State: TIMED_WAITING
        at sun.misc.Unsafe.park(Native Method)
        at java.util.concurrent.locks.LockSupport.parkNanos(LockSupport.java:215)
        at java.util.concurrent.locks.AbstractQueuedSynchronizer$ConditionObject.awaitNanos(AbstractQueuedSynchronizer.java:2078)
        at java.util.concurrent.ScheduledThreadPoolExecutor$DelayedWorkQueue.take(ScheduledThreadPoolExecutor.java:1093)
        at java.util.concurrent.ScheduledThreadPoolExecutor$DelayedWorkQueue.take(ScheduledThreadPoolExecutor.java:809)
        at java.util.concurrent.ThreadPoolExecutor.getTask(ThreadPoolExecutor.java:1074)
        at java.util.concurrent.ThreadPoolExecutor.runWorker(ThreadPoolExecutor.java:1134)
        at java.util.concurrent.ThreadPoolExecutor$Worker.run(ThreadPoolExecutor.java:624)
        at java.lang.Thread.run(Thread.java:750)
"StaleRecoveringContainerScrubbingService#2" daemon prio=5 tid=865 in Object.wait()
java.lang.Thread.State: WAITING (on object monitor)
        at sun.misc.Unsafe.park(Native Method)
        at java.util.concurrent.locks.LockSupport.park(LockSupport.java:175)
        at java.util.concurrent.locks.AbstractQueuedSynchronizer$ConditionObject.await(AbstractQueuedSynchronizer.java:2039)
        at java.util.concurrent.ScheduledThreadPoolExecutor$DelayedWorkQueue.take(ScheduledThreadPoolExecutor.java:1088)
        at java.util.concurrent.ScheduledThreadPoolExecutor$DelayedWorkQueue.take(ScheduledThreadPoolExecutor.java:809)
        at java.util.concurrent.ThreadPoolExecutor.getTask(ThreadPoolExecutor.java:1074)
        at java.util.concurrent.ThreadPoolExecutor.runWorker(ThreadPoolExecutor.java:1134)
        at java.util.concurrent.ThreadPoolExecutor$Worker.run(ThreadPoolExecutor.java:624)
        at java.lang.Thread.run(Thread.java:750)
"Datanode ReportManager Thread - 0" daemon prio=5 tid=458 timed_waiting
java.lang.Thread.State: TIMED_WAITING
        at sun.misc.Unsafe.park(Native Method)
        at java.util.concurrent.locks.LockSupport.parkNanos(LockSupport.java:215)
        at java.util.concurrent.locks.AbstractQueuedSynchronizer$ConditionObject.awaitNanos(AbstractQueuedSynchronizer.java:2078)
        at java.util.concurrent.ScheduledThreadPoolExecutor$DelayedWorkQueue.take(ScheduledThreadPoolExecutor.java:1093)
        at java.util.concurrent.ScheduledThreadPoolExecutor$DelayedWorkQueue.take(ScheduledThreadPoolExecutor.java:809)
        at java.util.concurrent.ThreadPoolExecutor.getTask(ThreadPoolExecutor.java:1074)
        at java.util.concurrent.ThreadPoolExecutor.runWorker(ThreadPoolExecutor.java:1134)
        at java.util.concurrent.ThreadPoolExecutor$Worker.run(ThreadPoolExecutor.java:624)
        at java.lang.Thread.run(Thread.java:750)
"Datanode State Machine Task Thread - 1"  prio=5 tid=428 in Object.wait()
java.lang.Thread.State: WAITING (on object monitor)
        at sun.misc.Unsafe.park(Native Method)
        at java.util.concurrent.locks.LockSupport.park(LockSupport.java:175)
        at java.util.concurrent.locks.AbstractQueuedSynchronizer$ConditionObject.await(AbstractQueuedSynchronizer.java:2039)
        at java.util.concurrent.LinkedBlockingQueue.take(LinkedBlockingQueue.java:442)
        at java.util.concurrent.ThreadPoolExecutor.getTask(ThreadPoolExecutor.java:1074)
        at java.util.concurrent.ThreadPoolExecutor.runWorker(ThreadPoolExecutor.java:1134)
        at java.util.concurrent.ThreadPoolExecutor$Worker.run(ThreadPoolExecutor.java:624)
        at java.lang.Thread.run(Thread.java:750)
"qtp2126618194-203" daemon prio=5 tid=203 timed_waiting
java.lang.Thread.State: TIMED_WAITING
        at sun.misc.Unsafe.park(Native Method)
        at java.util.concurrent.locks.LockSupport.parkNanos(LockSupport.java:215)
        at java.util.concurrent.locks.AbstractQueuedSynchronizer$ConditionObject.awaitNanos(AbstractQueuedSynchronizer.java:2078)
        at org.eclipse.jetty.util.BlockingArrayQueue.poll(BlockingArrayQueue.java:382)
        at org.eclipse.jetty.util.thread.QueuedThreadPool$Runner.idleJobPoll(QueuedThreadPool.java:974)
        at org.eclipse.jetty.util.thread.QueuedThreadPool$Runner.run(QueuedThreadPool.java:1018)
        at java.lang.Thread.run(Thread.java:750)
"timer3" daemon prio=5 tid=705 timed_waiting
java.lang.Thread.State: TIMED_WAITING
        at java.lang.Object.wait(Native Method)
        at java.util.TimerThread.mainLoop(Timer.java:552)
        at java.util.TimerThread.run(Timer.java:505)
"StaleRecoveringContainerScrubbingService#1" daemon prio=5 tid=519 timed_waiting
java.lang.Thread.State: TIMED_WAITING
        at sun.misc.Unsafe.park(Native Method)
        at java.util.concurrent.locks.LockSupport.parkNanos(LockSupport.java:215)
        at java.util.concurrent.locks.AbstractQueuedSynchronizer$ConditionObject.awaitNanos(AbstractQueuedSynchronizer.java:2078)
        at java.util.concurrent.ScheduledThreadPoolExecutor$DelayedWorkQueue.take(ScheduledThreadPoolExecutor.java:1093)
        at java.util.concurrent.ScheduledThreadPoolExecutor$DelayedWorkQueue.take(ScheduledThreadPoolExecutor.java:809)
        at java.util.concurrent.ThreadPoolExecutor.getTask(ThreadPoolExecutor.java:1074)
        at java.util.concurrent.ThreadPoolExecutor.runWorker(ThreadPoolExecutor.java:1134)
        at java.util.concurrent.ThreadPoolExecutor$Worker.run(ThreadPoolExecutor.java:624)
        at java.lang.Thread.run(Thread.java:750)
"Datanode ReportManager Thread - 4" daemon prio=5 tid=268 in Object.wait()
java.lang.Thread.State: WAITING (on object monitor)
        at sun.misc.Unsafe.park(Native Method)
        at java.util.concurrent.locks.LockSupport.park(LockSupport.java:175)
        at java.util.concurrent.locks.AbstractQueuedSynchronizer$ConditionObject.await(AbstractQueuedSynchronizer.java:2039)
        at java.util.concurrent.ScheduledThreadPoolExecutor$DelayedWorkQueue.take(ScheduledThreadPoolExecutor.java:1088)
        at java.util.concurrent.ScheduledThreadPoolExecutor$DelayedWorkQueue.take(ScheduledThreadPoolExecutor.java:809)
        at java.util.concurrent.ThreadPoolExecutor.getTask(ThreadPoolExecutor.java:1074)
        at java.util.concurrent.ThreadPoolExecutor.runWorker(ThreadPoolExecutor.java:1134)
        at java.util.concurrent.ThreadPoolExecutor$Worker.run(ThreadPoolExecutor.java:624)
        at java.lang.Thread.run(Thread.java:750)
"pool-219-thread-1"  prio=5 tid=331 timed_waiting
java.lang.Thread.State: TIMED_WAITING
        at sun.misc.Unsafe.park(Native Method)
        at java.util.concurrent.locks.LockSupport.parkNanos(LockSupport.java:215)
        at java.util.concurrent.locks.AbstractQueuedSynchronizer$ConditionObject.awaitNanos(AbstractQueuedSynchronizer.java:2078)
        at java.util.concurrent.ScheduledThreadPoolExecutor$DelayedWorkQueue.take(ScheduledThreadPoolExecutor.java:1093)
        at java.util.concurrent.ScheduledThreadPoolExecutor$DelayedWorkQueue.take(ScheduledThreadPoolExecutor.java:809)
        at java.util.concurrent.ThreadPoolExecutor.getTask(ThreadPoolExecutor.java:1074)
        at java.util.concurrent.ThreadPoolExecutor.runWorker(ThreadPoolExecutor.java:1134)
        at java.util.concurrent.ThreadPoolExecutor$Worker.run(ThreadPoolExecutor.java:624)
        at java.lang.Thread.run(Thread.java:750)
"JvmPauseMonitor9" daemon prio=5 tid=540 timed_waiting
java.lang.Thread.State: TIMED_WAITING
        at java.lang.Thread.sleep(Native Method)
        at java.lang.Thread.sleep(Thread.java:342)
        at java.util.concurrent.TimeUnit.sleep(TimeUnit.java:386)
        at org.apache.ratis.util.TimeDuration.sleep(TimeDuration.java:325)
        at org.apache.ratis.util.TimeDuration.sleep(TimeDuration.java:310)
        at org.apache.ratis.util.JvmPauseMonitor.detectPause(JvmPauseMonitor.java:119)
        at org.apache.ratis.util.JvmPauseMonitor.run(JvmPauseMonitor.java:108)
        at org.apache.ratis.util.JvmPauseMonitor$$Lambda$702/1803904229.run(Unknown Source)
        at java.lang.Thread.run(Thread.java:750)
"Datanode ReportManager Thread - 1" daemon prio=5 tid=356 timed_waiting
java.lang.Thread.State: TIMED_WAITING
        at sun.misc.Unsafe.park(Native Method)
        at java.util.concurrent.locks.LockSupport.parkNanos(LockSupport.java:215)
        at java.util.concurrent.locks.AbstractQueuedSynchronizer$ConditionObject.awaitNanos(AbstractQueuedSynchronizer.java:2078)
        at java.util.concurrent.ScheduledThreadPoolExecutor$DelayedWorkQueue.take(ScheduledThreadPoolExecutor.java:1093)
        at java.util.concurrent.ScheduledThreadPoolExecutor$DelayedWorkQueue.take(ScheduledThreadPoolExecutor.java:809)
        at java.util.concurrent.ThreadPoolExecutor.getTask(ThreadPoolExecutor.java:1074)
        at java.util.concurrent.ThreadPoolExecutor.runWorker(ThreadPoolExecutor.java:1134)
        at java.util.concurrent.ThreadPoolExecutor$Worker.run(ThreadPoolExecutor.java:624)
        at java.lang.Thread.run(Thread.java:750)
"Datanode ReportManager Thread - 2" daemon prio=5 tid=214 timed_waiting
java.lang.Thread.State: TIMED_WAITING
        at sun.misc.Unsafe.park(Native Method)
        at java.util.concurrent.locks.LockSupport.parkNanos(LockSupport.java:215)
        at java.util.concurrent.locks.AbstractQueuedSynchronizer$ConditionObject.awaitNanos(AbstractQueuedSynchronizer.java:2078)
        at java.util.concurrent.ScheduledThreadPoolExecutor$DelayedWorkQueue.take(ScheduledThreadPoolExecutor.java:1093)
        at java.util.concurrent.ScheduledThreadPoolExecutor$DelayedWorkQueue.take(ScheduledThreadPoolExecutor.java:809)
        at java.util.concurrent.ThreadPoolExecutor.getTask(ThreadPoolExecutor.java:1074)
        at java.util.concurrent.ThreadPoolExecutor.runWorker(ThreadPoolExecutor.java:1134)
        at java.util.concurrent.ThreadPoolExecutor$Worker.run(ThreadPoolExecutor.java:624)
        at java.lang.Thread.run(Thread.java:750)
"IPC Server idle connection scanner for port 37109" daemon prio=5 tid=29 timed_waiting
java.lang.Thread.State: TIMED_WAITING
        at java.lang.Object.wait(Native Method)
        at java.util.TimerThread.mainLoop(Timer.java:552)
        at java.util.TimerThread.run(Timer.java:505)
"ChunkWriter-3-0" daemon prio=5 tid=514 in Object.wait()
java.lang.Thread.State: WAITING (on object monitor)
        at sun.misc.Unsafe.park(Native Method)
        at java.util.concurrent.locks.LockSupport.park(LockSupport.java:175)
        at java.util.concurrent.locks.AbstractQueuedSynchronizer$ConditionObject.await(AbstractQueuedSynchronizer.java:2039)
        at java.util.concurrent.LinkedBlockingDeque.takeFirst(LinkedBlockingDeque.java:492)
        at java.util.concurrent.LinkedBlockingDeque.take(LinkedBlockingDeque.java:680)
        at java.util.concurrent.ThreadPoolExecutor.getTask(ThreadPoolExecutor.java:1074)
        at java.util.concurrent.ThreadPoolExecutor.runWorker(ThreadPoolExecutor.java:1134)
        at java.util.concurrent.ThreadPoolExecutor$Worker.run(ThreadPoolExecutor.java:624)
        at java.lang.Thread.run(Thread.java:750)
"617aebcb-94d5-4f34-9c47-e0c0542c8799@group-C3D786A4CB55-SegmentedRaftLogWorker"  prio=5 tid=670 timed_waiting
java.lang.Thread.State: TIMED_WAITING
        at sun.misc.Unsafe.park(Native Method)
        at java.util.concurrent.locks.LockSupport.parkNanos(LockSupport.java:215)
        at java.util.concurrent.locks.AbstractQueuedSynchronizer$ConditionObject.awaitNanos(AbstractQueuedSynchronizer.java:2078)
        at org.apache.ratis.util.DataBlockingQueue.poll(DataBlockingQueue.java:148)
        at org.apache.ratis.server.raftlog.segmented.SegmentedRaftLogWorker.run(SegmentedRaftLogWorker.java:310)
        at org.apache.ratis.server.raftlog.segmented.SegmentedRaftLogWorker$$Lambda$661/1740308191.run(Unknown Source)
        at java.lang.Thread.run(Thread.java:750)
"BlockDeletingService#0" daemon prio=5 tid=486 in Object.wait()
java.lang.Thread.State: WAITING (on object monitor)
        at sun.misc.Unsafe.park(Native Method)
        at java.util.concurrent.locks.LockSupport.park(LockSupport.java:175)
        at java.util.concurrent.locks.AbstractQueuedSynchronizer$ConditionObject.await(AbstractQueuedSynchronizer.java:2039)
        at java.util.concurrent.ScheduledThreadPoolExecutor$DelayedWorkQueue.take(ScheduledThreadPoolExecutor.java:1088)
        at java.util.concurrent.ScheduledThreadPoolExecutor$DelayedWorkQueue.take(ScheduledThreadPoolExecutor.java:809)
        at java.util.concurrent.ThreadPoolExecutor.getTask(ThreadPoolExecutor.java:1074)
        at java.util.concurrent.ThreadPoolExecutor.runWorker(ThreadPoolExecutor.java:1134)
        at java.util.concurrent.ThreadPoolExecutor$Worker.run(ThreadPoolExecutor.java:624)
        at java.lang.Thread.run(Thread.java:750)
"ChunkWriter-1-0" daemon prio=5 tid=525 in Object.wait()
java.lang.Thread.State: WAITING (on object monitor)
        at sun.misc.Unsafe.park(Native Method)
        at java.util.concurrent.locks.LockSupport.park(LockSupport.java:175)
        at java.util.concurrent.locks.AbstractQueuedSynchronizer$ConditionObject.await(AbstractQueuedSynchronizer.java:2039)
        at java.util.concurrent.LinkedBlockingDeque.takeFirst(LinkedBlockingDeque.java:492)
        at java.util.concurrent.LinkedBlockingDeque.take(LinkedBlockingDeque.java:680)
        at java.util.concurrent.ThreadPoolExecutor.getTask(ThreadPoolExecutor.java:1074)
        at java.util.concurrent.ThreadPoolExecutor.runWorker(ThreadPoolExecutor.java:1134)
        at java.util.concurrent.ThreadPoolExecutor$Worker.run(ThreadPoolExecutor.java:624)
        at java.lang.Thread.run(Thread.java:750)
"f5cc69e3-4def-49b3-97e4-fc35696e58fc@group-74DC051E88E8-SegmentedRaftLogWorker"  prio=5 tid=656 timed_waiting
java.lang.Thread.State: TIMED_WAITING
        at sun.misc.Unsafe.park(Native Method)
        at java.util.concurrent.locks.LockSupport.parkNanos(LockSupport.java:215)
        at java.util.concurrent.locks.AbstractQueuedSynchronizer$ConditionObject.awaitNanos(AbstractQueuedSynchronizer.java:2078)
        at org.apache.ratis.util.DataBlockingQueue.poll(DataBlockingQueue.java:148)
        at org.apache.ratis.server.raftlog.segmented.SegmentedRaftLogWorker.run(SegmentedRaftLogWorker.java:310)
        at org.apache.ratis.server.raftlog.segmented.SegmentedRaftLogWorker$$Lambda$661/1740308191.run(Unknown Source)
        at java.lang.Thread.run(Thread.java:750)
"qtp1547050072-285" daemon prio=5 tid=285 timed_waiting
java.lang.Thread.State: TIMED_WAITING
        at sun.misc.Unsafe.park(Native Method)
        at java.util.concurrent.locks.LockSupport.parkNanos(LockSupport.java:215)
        at java.util.concurrent.locks.AbstractQueuedSynchronizer$ConditionObject.awaitNanos(AbstractQueuedSynchronizer.java:2078)
        at org.eclipse.jetty.util.BlockingArrayQueue.poll(BlockingArrayQueue.java:382)
        at org.eclipse.jetty.util.thread.QueuedThreadPool$Runner.idleJobPoll(QueuedThreadPool.java:974)
        at org.eclipse.jetty.util.thread.QueuedThreadPool$Runner.run(QueuedThreadPool.java:1018)
        at java.lang.Thread.run(Thread.java:750)
"pool-273-thread-1"  prio=5 tid=409 timed_waiting
java.lang.Thread.State: TIMED_WAITING
        at sun.misc.Unsafe.park(Native Method)
        at java.util.concurrent.locks.LockSupport.parkNanos(LockSupport.java:215)
        at java.util.concurrent.locks.AbstractQueuedSynchronizer$ConditionObject.awaitNanos(AbstractQueuedSynchronizer.java:2078)
        at java.util.concurrent.ScheduledThreadPoolExecutor$DelayedWorkQueue.take(ScheduledThreadPoolExecutor.java:1093)
        at java.util.concurrent.ScheduledThreadPoolExecutor$DelayedWorkQueue.take(ScheduledThreadPoolExecutor.java:809)
        at java.util.concurrent.ThreadPoolExecutor.getTask(ThreadPoolExecutor.java:1074)
        at java.util.concurrent.ThreadPoolExecutor.runWorker(ThreadPoolExecutor.java:1134)
        at java.util.concurrent.ThreadPoolExecutor$Worker.run(ThreadPoolExecutor.java:624)
        at java.lang.Thread.run(Thread.java:750)
"BlockDeletingService#0" daemon prio=5 tid=530 in Object.wait()
java.lang.Thread.State: WAITING (on object monitor)
        at sun.misc.Unsafe.park(Native Method)
        at java.util.concurrent.locks.LockSupport.park(LockSupport.java:175)
        at java.util.concurrent.locks.AbstractQueuedSynchronizer$ConditionObject.await(AbstractQueuedSynchronizer.java:2039)
        at java.util.concurrent.ScheduledThreadPoolExecutor$DelayedWorkQueue.take(ScheduledThreadPoolExecutor.java:1088)
        at java.util.concurrent.ScheduledThreadPoolExecutor$DelayedWorkQueue.take(ScheduledThreadPoolExecutor.java:809)
        at java.util.concurrent.ThreadPoolExecutor.getTask(ThreadPoolExecutor.java:1074)
        at java.util.concurrent.ThreadPoolExecutor.runWorker(ThreadPoolExecutor.java:1134)
        at java.util.concurrent.ThreadPoolExecutor$Worker.run(ThreadPoolExecutor.java:624)
        at java.lang.Thread.run(Thread.java:750)
"Periodic HDDS volume checker" daemon prio=5 tid=325 timed_waiting
java.lang.Thread.State: TIMED_WAITING
        at sun.misc.Unsafe.park(Native Method)
        at java.util.concurrent.locks.LockSupport.parkNanos(LockSupport.java:215)
        at java.util.concurrent.locks.AbstractQueuedSynchronizer$ConditionObject.awaitNanos(AbstractQueuedSynchronizer.java:2078)
        at java.util.concurrent.ScheduledThreadPoolExecutor$DelayedWorkQueue.take(ScheduledThreadPoolExecutor.java:1093)
        at java.util.concurrent.ScheduledThreadPoolExecutor$DelayedWorkQueue.take(ScheduledThreadPoolExecutor.java:809)
        at java.util.concurrent.ThreadPoolExecutor.getTask(ThreadPoolExecutor.java:1074)
        at java.util.concurrent.ThreadPoolExecutor.runWorker(ThreadPoolExecutor.java:1134)
        at java.util.concurrent.ThreadPoolExecutor$Worker.run(ThreadPoolExecutor.java:624)
        at java.lang.Thread.run(Thread.java:750)
"2c0de523-4fef-49d4-a7e7-019bfd407efe@group-92C9A0750E64-LeaderStateImpl" daemon prio=5 tid=744 timed_waiting
java.lang.Thread.State: TIMED_WAITING
        at sun.misc.Unsafe.park(Native Method)
        at java.util.concurrent.locks.LockSupport.parkNanos(LockSupport.java:215)
        at java.util.concurrent.locks.AbstractQueuedSynchronizer$ConditionObject.awaitNanos(AbstractQueuedSynchronizer.java:2078)
        at java.util.concurrent.ArrayBlockingQueue.poll(ArrayBlockingQueue.java:418)
        at org.apache.ratis.server.impl.LeaderStateImpl$EventQueue.poll(LeaderStateImpl.java:159)
        at org.apache.ratis.server.impl.LeaderStateImpl$EventProcessor.run(LeaderStateImpl.java:630)
"2c0de523-4fef-49d4-a7e7-019bfd407efe@group-3562DEAE299E-StateMachineUpdater" daemon prio=5 tid=627 timed_waiting
java.lang.Thread.State: TIMED_WAITING
        at sun.misc.Unsafe.park(Native Method)
        at java.util.concurrent.locks.LockSupport.parkNanos(LockSupport.java:215)
        at java.util.concurrent.CompletableFuture$Signaller.block(CompletableFuture.java:1709)
        at java.util.concurrent.ForkJoinPool.managedBlock(ForkJoinPool.java:3323)
        at java.util.concurrent.CompletableFuture.timedGet(CompletableFuture.java:1788)
        at java.util.concurrent.CompletableFuture.get(CompletableFuture.java:1928)
        at org.apache.ratis.util.AwaitForSignal.await(AwaitForSignal.java:56)
        at org.apache.ratis.server.impl.StateMachineUpdater.waitForCommit(StateMachineUpdater.java:207)
        at org.apache.ratis.server.impl.StateMachineUpdater.run(StateMachineUpdater.java:176)
        at java.lang.Thread.run(Thread.java:750)
"Command processor thread" daemon prio=5 tid=360 timed_waiting
java.lang.Thread.State: TIMED_WAITING
        at java.lang.Thread.sleep(Native Method)
        at org.apache.hadoop.ozone.container.common.statemachine.DatanodeStateMachine.lambda$initCommandHandlerThread$3(DatanodeStateMachine.java:628)
        at org.apache.hadoop.ozone.container.common.statemachine.DatanodeStateMachine$$Lambda$747/98858159.run(Unknown Source)
        at java.lang.Thread.run(Thread.java:750)
"f5cc69e3-4def-49b3-97e4-fc35696e58fc@group-74DC051E88E8-FollowerState" daemon prio=5 tid=796 timed_waiting
java.lang.Thread.State: TIMED_WAITING
        at java.lang.Thread.sleep(Native Method)
        at java.lang.Thread.sleep(Thread.java:342)
        at java.util.concurrent.TimeUnit.sleep(TimeUnit.java:386)
        at org.apache.ratis.util.TimeDuration.sleep(TimeDuration.java:325)
        at org.apache.ratis.util.TimeDuration.sleep(TimeDuration.java:310)
        at org.apache.ratis.server.impl.FollowerState.run(FollowerState.java:128)
"Session-HouseKeeper-3e03369a-1"  prio=5 tid=314 timed_waiting
java.lang.Thread.State: TIMED_WAITING
        at sun.misc.Unsafe.park(Native Method)
        at java.util.concurrent.locks.LockSupport.parkNanos(LockSupport.java:215)
        at java.util.concurrent.locks.AbstractQueuedSynchronizer$ConditionObject.awaitNanos(AbstractQueuedSynchronizer.java:2078)
        at java.util.concurrent.ScheduledThreadPoolExecutor$DelayedWorkQueue.take(ScheduledThreadPoolExecutor.java:1093)
        at java.util.concurrent.ScheduledThreadPoolExecutor$DelayedWorkQueue.take(ScheduledThreadPoolExecutor.java:809)
        at java.util.concurrent.ThreadPoolExecutor.getTask(ThreadPoolExecutor.java:1074)
        at java.util.concurrent.ThreadPoolExecutor.runWorker(ThreadPoolExecutor.java:1134)
        at java.util.concurrent.ThreadPoolExecutor$Worker.run(ThreadPoolExecutor.java:624)
        at java.lang.Thread.run(Thread.java:750)
"org.apache.hadoop.util.JvmPauseMonitor$Monitor@125dfb62" daemon prio=5 tid=164 timed_waiting
java.lang.Thread.State: TIMED_WAITING
        at java.lang.Thread.sleep(Native Method)
        at org.apache.hadoop.util.JvmPauseMonitor$Monitor.run(JvmPauseMonitor.java:192)
        at java.lang.Thread.run(Thread.java:750)
"BlockDeletingService#2" daemon prio=5 tid=870 in Object.wait()
java.lang.Thread.State: WAITING (on object monitor)
        at sun.misc.Unsafe.park(Native Method)
        at java.util.concurrent.locks.LockSupport.park(LockSupport.java:175)
        at java.util.concurrent.locks.AbstractQueuedSynchronizer$ConditionObject.await(AbstractQueuedSynchronizer.java:2039)
        at java.util.concurrent.ScheduledThreadPoolExecutor$DelayedWorkQueue.take(ScheduledThreadPoolExecutor.java:1088)
        at java.util.concurrent.ScheduledThreadPoolExecutor$DelayedWorkQueue.take(ScheduledThreadPoolExecutor.java:809)
        at java.util.concurrent.ThreadPoolExecutor.getTask(ThreadPoolExecutor.java:1074)
        at java.util.concurrent.ThreadPoolExecutor.runWorker(ThreadPoolExecutor.java:1134)
        at java.util.concurrent.ThreadPoolExecutor$Worker.run(ThreadPoolExecutor.java:624)
        at java.lang.Thread.run(Thread.java:750)
"JvmPauseMonitor2" daemon prio=5 tid=399 timed_waiting
java.lang.Thread.State: TIMED_WAITING
        at java.lang.Thread.sleep(Native Method)
        at java.lang.Thread.sleep(Thread.java:342)
        at java.util.concurrent.TimeUnit.sleep(TimeUnit.java:386)
        at org.apache.ratis.util.TimeDuration.sleep(TimeDuration.java:325)
        at org.apache.ratis.util.TimeDuration.sleep(TimeDuration.java:310)
        at org.apache.ratis.util.JvmPauseMonitor.detectPause(JvmPauseMonitor.java:119)
        at org.apache.ratis.util.JvmPauseMonitor.run(JvmPauseMonitor.java:108)
        at org.apache.ratis.util.JvmPauseMonitor$$Lambda$702/1803904229.run(Unknown Source)
        at java.lang.Thread.run(Thread.java:750)
"IPC Server handler 15 on default port 46513" daemon prio=5 tid=92 timed_waiting
java.lang.Thread.State: TIMED_WAITING
        at sun.misc.Unsafe.park(Native Method)
        at java.util.concurrent.locks.LockSupport.parkNanos(LockSupport.java:215)
        at java.util.concurrent.locks.AbstractQueuedSynchronizer$ConditionObject.awaitNanos(AbstractQueuedSynchronizer.java:2078)
        at java.util.concurrent.LinkedBlockingQueue.poll(LinkedBlockingQueue.java:467)
        at org.apache.hadoop.ipc.CallQueueManager.take(CallQueueManager.java:317)
        at org.apache.hadoop.ipc.Server$Handler.run(Server.java:2942)
"JvmPauseMonitor8" daemon prio=5 tid=528 timed_waiting
java.lang.Thread.State: TIMED_WAITING
        at java.lang.Thread.sleep(Native Method)
        at java.lang.Thread.sleep(Thread.java:342)
        at java.util.concurrent.TimeUnit.sleep(TimeUnit.java:386)
        at org.apache.ratis.util.TimeDuration.sleep(TimeDuration.java:325)
        at org.apache.ratis.util.TimeDuration.sleep(TimeDuration.java:310)
        at org.apache.ratis.util.JvmPauseMonitor.detectPause(JvmPauseMonitor.java:119)
        at org.apache.ratis.util.JvmPauseMonitor.run(JvmPauseMonitor.java:108)
        at org.apache.ratis.util.JvmPauseMonitor$$Lambda$702/1803904229.run(Unknown Source)
        at java.lang.Thread.run(Thread.java:750)
"IPC Server handler 12 on default port 46513" daemon prio=5 tid=89 timed_waiting
java.lang.Thread.State: TIMED_WAITING
        at sun.misc.Unsafe.park(Native Method)
        at java.util.concurrent.locks.LockSupport.parkNanos(LockSupport.java:215)
        at java.util.concurrent.locks.AbstractQueuedSynchronizer$ConditionObject.awaitNanos(AbstractQueuedSynchronizer.java:2078)
        at java.util.concurrent.LinkedBlockingQueue.poll(LinkedBlockingQueue.java:467)
        at org.apache.hadoop.ipc.CallQueueManager.take(CallQueueManager.java:317)
        at org.apache.hadoop.ipc.Server$Handler.run(Server.java:2942)
"617aebcb-94d5-4f34-9c47-e0c0542c8799@group-74DC051E88E8-StateMachineUpdater" daemon prio=5 tid=661 timed_waiting
java.lang.Thread.State: TIMED_WAITING
        at sun.misc.Unsafe.park(Native Method)
        at java.util.concurrent.locks.LockSupport.parkNanos(LockSupport.java:215)
        at java.util.concurrent.CompletableFuture$Signaller.block(CompletableFuture.java:1709)
        at java.util.concurrent.ForkJoinPool.managedBlock(ForkJoinPool.java:3323)
        at java.util.concurrent.CompletableFuture.timedGet(CompletableFuture.java:1788)
        at java.util.concurrent.CompletableFuture.get(CompletableFuture.java:1928)
        at org.apache.ratis.util.AwaitForSignal.await(AwaitForSignal.java:56)
        at org.apache.ratis.server.impl.StateMachineUpdater.waitForCommit(StateMachineUpdater.java:207)
        at org.apache.ratis.server.impl.StateMachineUpdater.run(StateMachineUpdater.java:176)
        at java.lang.Thread.run(Thread.java:750)
"IPC Server handler 14 on default port 46513" daemon prio=5 tid=91 timed_waiting
java.lang.Thread.State: TIMED_WAITING
        at sun.misc.Unsafe.park(Native Method)
        at java.util.concurrent.locks.LockSupport.parkNanos(LockSupport.java:215)
        at java.util.concurrent.locks.AbstractQueuedSynchronizer$ConditionObject.awaitNanos(AbstractQueuedSynchronizer.java:2078)
        at java.util.concurrent.LinkedBlockingQueue.poll(LinkedBlockingQueue.java:467)
        at org.apache.hadoop.ipc.CallQueueManager.take(CallQueueManager.java:317)
        at org.apache.hadoop.ipc.Server$Handler.run(Server.java:2942)
"f5cc69e3-4def-49b3-97e4-fc35696e58fc-server-thread2" daemon prio=5 tid=794 timed_waiting
java.lang.Thread.State: TIMED_WAITING
        at sun.misc.Unsafe.park(Native Method)
        at java.util.concurrent.locks.LockSupport.parkNanos(LockSupport.java:215)
        at java.util.concurrent.SynchronousQueue$TransferStack.awaitFulfill(SynchronousQueue.java:460)
        at java.util.concurrent.SynchronousQueue$TransferStack.transfer(SynchronousQueue.java:362)
        at java.util.concurrent.SynchronousQueue.poll(SynchronousQueue.java:941)
        at java.util.concurrent.ThreadPoolExecutor.getTask(ThreadPoolExecutor.java:1073)
        at java.util.concurrent.ThreadPoolExecutor.runWorker(ThreadPoolExecutor.java:1134)
        at java.util.concurrent.ThreadPoolExecutor$Worker.run(ThreadPoolExecutor.java:624)
        at java.lang.Thread.run(Thread.java:750)
"pool-88-thread-1" daemon prio=5 tid=195 timed_waiting
java.lang.Thread.State: TIMED_WAITING
        at sun.misc.Unsafe.park(Native Method)
        at java.util.concurrent.locks.LockSupport.parkNanos(LockSupport.java:215)
        at java.util.concurrent.locks.AbstractQueuedSynchronizer$ConditionObject.awaitNanos(AbstractQueuedSynchronizer.java:2078)
        at java.util.concurrent.ScheduledThreadPoolExecutor$DelayedWorkQueue.take(ScheduledThreadPoolExecutor.java:1093)
        at java.util.concurrent.ScheduledThreadPoolExecutor$DelayedWorkQueue.take(ScheduledThreadPoolExecutor.java:809)
        at java.util.concurrent.ThreadPoolExecutor.getTask(ThreadPoolExecutor.java:1074)
        at java.util.concurrent.ThreadPoolExecutor.runWorker(ThreadPoolExecutor.java:1134)
        at java.util.concurrent.ThreadPoolExecutor$Worker.run(ThreadPoolExecutor.java:624)
        at java.lang.Thread.run(Thread.java:750)
"ChunkWriter-0-0" daemon prio=5 tid=524 in Object.wait()
java.lang.Thread.State: WAITING (on object monitor)
        at sun.misc.Unsafe.park(Native Method)
        at java.util.concurrent.locks.LockSupport.park(LockSupport.java:175)
        at java.util.concurrent.locks.AbstractQueuedSynchronizer$ConditionObject.await(AbstractQueuedSynchronizer.java:2039)
        at java.util.concurrent.LinkedBlockingDeque.takeFirst(LinkedBlockingDeque.java:492)
        at java.util.concurrent.LinkedBlockingDeque.take(LinkedBlockingDeque.java:680)
        at java.util.concurrent.ThreadPoolExecutor.getTask(ThreadPoolExecutor.java:1074)
        at java.util.concurrent.ThreadPoolExecutor.runWorker(ThreadPoolExecutor.java:1134)
        at java.util.concurrent.ThreadPoolExecutor$Worker.run(ThreadPoolExecutor.java:624)
        at java.lang.Thread.run(Thread.java:750)
"qtp1788199670-102" daemon prio=5 tid=102 timed_waiting
java.lang.Thread.State: TIMED_WAITING
        at sun.misc.Unsafe.park(Native Method)
        at java.util.concurrent.locks.LockSupport.parkNanos(LockSupport.java:215)
        at java.util.concurrent.locks.AbstractQueuedSynchronizer$ConditionObject.awaitNanos(AbstractQueuedSynchronizer.java:2078)
        at org.eclipse.jetty.util.BlockingArrayQueue.poll(BlockingArrayQueue.java:382)
        at org.eclipse.jetty.util.thread.QueuedThreadPool$Runner.idleJobPoll(QueuedThreadPool.java:974)
        at org.eclipse.jetty.util.thread.QueuedThreadPool$Runner.run(QueuedThreadPool.java:1018)
        at java.lang.Thread.run(Thread.java:750)
"pool-164-thread-1"  prio=5 tid=612 in Object.wait()
java.lang.Thread.State: WAITING (on object monitor)
        at sun.misc.Unsafe.park(Native Method)
        at java.util.concurrent.locks.LockSupport.park(LockSupport.java:175)
        at java.util.concurrent.locks.AbstractQueuedSynchronizer$ConditionObject.await(AbstractQueuedSynchronizer.java:2039)
        at java.util.concurrent.LinkedBlockingQueue.take(LinkedBlockingQueue.java:442)
        at java.util.concurrent.ThreadPoolExecutor.getTask(ThreadPoolExecutor.java:1074)
        at java.util.concurrent.ThreadPoolExecutor.runWorker(ThreadPoolExecutor.java:1134)
        at java.util.concurrent.ThreadPoolExecutor$Worker.run(ThreadPoolExecutor.java:624)
        at java.lang.Thread.run(Thread.java:750)
"f5cc69e3-4def-49b3-97e4-fc35696e58fc@group-9AE1E5A711C7-LeaderStateImpl" daemon prio=5 tid=856 timed_waiting
java.lang.Thread.State: TIMED_WAITING
        at sun.misc.Unsafe.park(Native Method)
        at java.util.concurrent.locks.LockSupport.parkNanos(LockSupport.java:215)
        at java.util.concurrent.locks.AbstractQueuedSynchronizer$ConditionObject.awaitNanos(AbstractQueuedSynchronizer.java:2078)
        at java.util.concurrent.ArrayBlockingQueue.poll(ArrayBlockingQueue.java:418)
        at org.apache.ratis.server.impl.LeaderStateImpl$EventQueue.poll(LeaderStateImpl.java:159)
        at org.apache.ratis.server.impl.LeaderStateImpl$EventProcessor.run(LeaderStateImpl.java:630)
"grpc-default-executor-4" daemon prio=5 tid=698 timed_waiting
java.lang.Thread.State: TIMED_WAITING
        at sun.misc.Unsafe.park(Native Method)
        at java.util.concurrent.locks.LockSupport.parkNanos(LockSupport.java:215)
        at java.util.concurrent.SynchronousQueue$TransferStack.awaitFulfill(SynchronousQueue.java:460)
        at java.util.concurrent.SynchronousQueue$TransferStack.transfer(SynchronousQueue.java:362)
        at java.util.concurrent.SynchronousQueue.poll(SynchronousQueue.java:941)
        at java.util.concurrent.ThreadPoolExecutor.getTask(ThreadPoolExecutor.java:1073)
        at java.util.concurrent.ThreadPoolExecutor.runWorker(ThreadPoolExecutor.java:1134)
        at java.util.concurrent.ThreadPoolExecutor$Worker.run(ThreadPoolExecutor.java:624)
        at java.lang.Thread.run(Thread.java:750)
"IPC Server handler 18 on default port 37109" daemon prio=5 tid=75 timed_waiting
java.lang.Thread.State: TIMED_WAITING
        at sun.misc.Unsafe.park(Native Method)
        at java.util.concurrent.locks.LockSupport.parkNanos(LockSupport.java:215)
        at java.util.concurrent.locks.AbstractQueuedSynchronizer$ConditionObject.awaitNanos(AbstractQueuedSynchronizer.java:2078)
        at java.util.concurrent.LinkedBlockingQueue.poll(LinkedBlockingQueue.java:467)
        at org.apache.hadoop.ipc.CallQueueManager.take(CallQueueManager.java:317)
        at org.apache.hadoop.ipc.Server$Handler.run(Server.java:2942)
"org.apache.hadoop.ozone.container.common.statemachine.commandhandler.DeleteBlocksCommandHandler$DeleteCmdWorker@293e6c5d" daemon prio=5 tid=330 timed_waiting
java.lang.Thread.State: TIMED_WAITING
        at java.lang.Thread.sleep(Native Method)
        at org.apache.hadoop.ozone.container.common.statemachine.commandhandler.DeleteBlocksCommandHandler$DeleteCmdWorker.run(DeleteBlocksCommandHandler.java:183)
        at java.lang.Thread.run(Thread.java:750)
"IPC Server handler 2 on default port 35707" daemon prio=5 tid=39 timed_waiting
java.lang.Thread.State: TIMED_WAITING
        at sun.misc.Unsafe.park(Native Method)
        at java.util.concurrent.locks.LockSupport.parkNanos(LockSupport.java:215)
        at java.util.concurrent.locks.AbstractQueuedSynchronizer$ConditionObject.awaitNanos(AbstractQueuedSynchronizer.java:2078)
        at java.util.concurrent.LinkedBlockingQueue.poll(LinkedBlockingQueue.java:467)
        at org.apache.hadoop.ipc.CallQueueManager.take(CallQueueManager.java:317)
        at org.apache.hadoop.ipc.Server$Handler.run(Server.java:2942)
"Datanode State Machine Task Thread - 1"  prio=5 tid=478 in Object.wait()
java.lang.Thread.State: WAITING (on object monitor)
        at sun.misc.Unsafe.park(Native Method)
        at java.util.concurrent.locks.LockSupport.park(LockSupport.java:175)
        at java.util.concurrent.locks.AbstractQueuedSynchronizer$ConditionObject.await(AbstractQueuedSynchronizer.java:2039)
        at java.util.concurrent.LinkedBlockingQueue.take(LinkedBlockingQueue.java:442)
        at java.util.concurrent.ThreadPoolExecutor.getTask(ThreadPoolExecutor.java:1074)
        at java.util.concurrent.ThreadPoolExecutor.runWorker(ThreadPoolExecutor.java:1134)
        at java.util.concurrent.ThreadPoolExecutor$Worker.run(ThreadPoolExecutor.java:624)
        at java.lang.Thread.run(Thread.java:750)
"f5cc69e3-4def-49b3-97e4-fc35696e58fc@group-9AE1E5A711C7-SegmentedRaftLogWorker"  prio=5 tid=643 timed_waiting
java.lang.Thread.State: TIMED_WAITING
        at sun.misc.Unsafe.park(Native Method)
        at java.util.concurrent.locks.LockSupport.parkNanos(LockSupport.java:215)
        at java.util.concurrent.locks.AbstractQueuedSynchronizer$ConditionObject.awaitNanos(AbstractQueuedSynchronizer.java:2078)
        at org.apache.ratis.util.DataBlockingQueue.poll(DataBlockingQueue.java:148)
        at org.apache.ratis.server.raftlog.segmented.SegmentedRaftLogWorker.run(SegmentedRaftLogWorker.java:310)
        at org.apache.ratis.server.raftlog.segmented.SegmentedRaftLogWorker$$Lambda$661/1740308191.run(Unknown Source)
        at java.lang.Thread.run(Thread.java:750)
"Datanode State Machine Task Thread - 0"  prio=5 tid=388 in Object.wait()
java.lang.Thread.State: WAITING (on object monitor)
        at sun.misc.Unsafe.park(Native Method)
        at java.util.concurrent.locks.LockSupport.park(LockSupport.java:175)
        at java.util.concurrent.locks.AbstractQueuedSynchronizer$ConditionObject.await(AbstractQueuedSynchronizer.java:2039)
        at java.util.concurrent.LinkedBlockingQueue.take(LinkedBlockingQueue.java:442)
        at java.util.concurrent.ThreadPoolExecutor.getTask(ThreadPoolExecutor.java:1074)
        at java.util.concurrent.ThreadPoolExecutor.runWorker(ThreadPoolExecutor.java:1134)
        at java.util.concurrent.ThreadPoolExecutor$Worker.run(ThreadPoolExecutor.java:624)
        at java.lang.Thread.run(Thread.java:750)
"qtp1218952455-378" daemon prio=5 tid=378 timed_waiting
java.lang.Thread.State: TIMED_WAITING
        at sun.misc.Unsafe.park(Native Method)
        at java.util.concurrent.locks.LockSupport.parkNanos(LockSupport.java:215)
        at java.util.concurrent.locks.AbstractQueuedSynchronizer$ConditionObject.awaitNanos(AbstractQueuedSynchronizer.java:2078)
        at org.eclipse.jetty.util.BlockingArrayQueue.poll(BlockingArrayQueue.java:382)
        at org.eclipse.jetty.util.thread.QueuedThreadPool$Runner.idleJobPoll(QueuedThreadPool.java:974)
        at org.eclipse.jetty.util.thread.QueuedThreadPool$Runner.run(QueuedThreadPool.java:1018)
        at java.lang.Thread.run(Thread.java:750)
"a2b9a5b5-e126-445d-90e8-946fc00ddc43@group-74DC051E88E8-StateMachineUpdater" daemon prio=5 tid=665 timed_waiting
java.lang.Thread.State: TIMED_WAITING
        at sun.misc.Unsafe.park(Native Method)
        at java.util.concurrent.locks.LockSupport.parkNanos(LockSupport.java:215)
        at java.util.concurrent.CompletableFuture$Signaller.block(CompletableFuture.java:1709)
        at java.util.concurrent.ForkJoinPool.managedBlock(ForkJoinPool.java:3323)
        at java.util.concurrent.CompletableFuture.timedGet(CompletableFuture.java:1788)
        at java.util.concurrent.CompletableFuture.get(CompletableFuture.java:1928)
        at org.apache.ratis.util.AwaitForSignal.await(AwaitForSignal.java:56)
        at org.apache.ratis.server.impl.StateMachineUpdater.waitForCommit(StateMachineUpdater.java:207)
        at org.apache.ratis.server.impl.StateMachineUpdater.run(StateMachineUpdater.java:176)
        at java.lang.Thread.run(Thread.java:750)
"EventQueue-CloseContainerForCloseContainerEventHandler" daemon prio=5 tid=826 in Object.wait()
java.lang.Thread.State: WAITING (on object monitor)
        at sun.misc.Unsafe.park(Native Method)
        at java.util.concurrent.locks.LockSupport.park(LockSupport.java:175)
        at java.util.concurrent.locks.AbstractQueuedSynchronizer$ConditionObject.await(AbstractQueuedSynchronizer.java:2039)
        at java.util.concurrent.LinkedBlockingQueue.take(LinkedBlockingQueue.java:442)
        at java.util.concurrent.ThreadPoolExecutor.getTask(ThreadPoolExecutor.java:1074)
        at java.util.concurrent.ThreadPoolExecutor.runWorker(ThreadPoolExecutor.java:1134)
        at java.util.concurrent.ThreadPoolExecutor$Worker.run(ThreadPoolExecutor.java:624)
        at java.lang.Thread.run(Thread.java:750)
"IPC Server handler 0 on default port 41123" daemon prio=5 tid=144 timed_waiting
java.lang.Thread.State: TIMED_WAITING
        at sun.misc.Unsafe.park(Native Method)
        at java.util.concurrent.locks.LockSupport.parkNanos(LockSupport.java:215)
        at java.util.concurrent.locks.AbstractQueuedSynchronizer$ConditionObject.awaitNanos(AbstractQueuedSynchronizer.java:2078)
        at java.util.concurrent.LinkedBlockingQueue.poll(LinkedBlockingQueue.java:467)
        at org.apache.hadoop.ipc.CallQueueManager.take(CallQueueManager.java:317)
        at org.apache.hadoop.ipc.Server$Handler.run(Server.java:2942)
"Over Replicated Processor" daemon prio=5 tid=850 timed_waiting
java.lang.Thread.State: TIMED_WAITING
        at java.lang.Object.wait(Native Method)
        at org.apache.hadoop.hdds.scm.container.replication.OverReplicatedProcessor.run(OverReplicatedProcessor.java:131)
        at java.lang.Thread.run(Thread.java:750)
"Datanode State Machine Daemon Thread" daemon prio=5 tid=211 timed_waiting
java.lang.Thread.State: TIMED_WAITING
        at java.lang.Thread.sleep(Native Method)
        at org.apache.hadoop.ozone.container.common.statemachine.DatanodeStateMachine.startStateMachineThread(DatanodeStateMachine.java:313)
        at org.apache.hadoop.ozone.container.common.statemachine.DatanodeStateMachine.lambda$startDaemon$0(DatanodeStateMachine.java:493)
        at org.apache.hadoop.ozone.container.common.statemachine.DatanodeStateMachine$$Lambda$745/5753511.run(Unknown Source)
        at java.lang.Thread.run(Thread.java:750)
"f5cc69e3-4def-49b3-97e4-fc35696e58fc@group-9AE1E5A711C7->a2b9a5b5-e126-445d-90e8-946fc00ddc43-GrpcLogAppender-LogAppenderDaemon" daemon prio=5 tid=857 timed_waiting
java.lang.Thread.State: TIMED_WAITING
        at sun.misc.Unsafe.park(Native Method)
        at java.util.concurrent.locks.LockSupport.parkNanos(LockSupport.java:215)
        at java.util.concurrent.CompletableFuture$Signaller.block(CompletableFuture.java:1709)
        at java.util.concurrent.ForkJoinPool.managedBlock(ForkJoinPool.java:3323)
        at java.util.concurrent.CompletableFuture.timedGet(CompletableFuture.java:1788)
        at java.util.concurrent.CompletableFuture.get(CompletableFuture.java:1928)
        at org.apache.ratis.util.AwaitForSignal.await(AwaitForSignal.java:56)
        at org.apache.ratis.grpc.server.GrpcLogAppender.mayWait(GrpcLogAppender.java:198)
        at org.apache.ratis.grpc.server.GrpcLogAppender.run(GrpcLogAppender.java:148)
        at org.apache.ratis.server.leader.LogAppenderDaemon.run(LogAppenderDaemon.java:78)
        at org.apache.ratis.server.leader.LogAppenderDaemon$$Lambda$1029/580247341.run(Unknown Source)
        at java.lang.Thread.run(Thread.java:750)
"Command processor thread" daemon prio=5 tid=463 timed_waiting
java.lang.Thread.State: TIMED_WAITING
        at java.lang.Thread.sleep(Native Method)
        at org.apache.hadoop.ozone.container.common.statemachine.DatanodeStateMachine.lambda$initCommandHandlerThread$3(DatanodeStateMachine.java:628)
        at org.apache.hadoop.ozone.container.common.statemachine.DatanodeStateMachine$$Lambda$747/98858159.run(Unknown Source)
        at java.lang.Thread.run(Thread.java:750)
"Socket Reader #1 for port 0"  prio=5 tid=121 runnable
java.lang.Thread.State: RUNNABLE
        at sun.nio.ch.EPollArrayWrapper.epollWait(Native Method)
        at sun.nio.ch.EPollArrayWrapper.poll(EPollArrayWrapper.java:269)
        at sun.nio.ch.EPollSelectorImpl.doSelect(EPollSelectorImpl.java:93)
        at sun.nio.ch.SelectorImpl.lockAndDoSelect(SelectorImpl.java:86)
        at sun.nio.ch.SelectorImpl.select(SelectorImpl.java:97)
        at sun.nio.ch.SelectorImpl.select(SelectorImpl.java:101)
        at org.apache.hadoop.ipc.Server$Listener$Reader.doRunLoop(Server.java:1296)
        at org.apache.hadoop.ipc.Server$Listener$Reader.run(Server.java:1275)
"org.apache.hadoop.ozone.container.common.statemachine.commandhandler.DeleteBlocksCommandHandler$DeleteCmdWorker@6c1c89e2" daemon prio=5 tid=252 timed_waiting
java.lang.Thread.State: TIMED_WAITING
        at java.lang.Thread.sleep(Native Method)
        at org.apache.hadoop.ozone.container.common.statemachine.commandhandler.DeleteBlocksCommandHandler$DeleteCmdWorker.run(DeleteBlocksCommandHandler.java:183)
        at java.lang.Thread.run(Thread.java:750)
"Datanode State Machine Task Thread - 1"  prio=5 tid=509 in Object.wait()
java.lang.Thread.State: WAITING (on object monitor)
        at sun.misc.Unsafe.park(Native Method)
        at java.util.concurrent.locks.LockSupport.park(LockSupport.java:175)
        at java.util.concurrent.locks.AbstractQueuedSynchronizer$ConditionObject.await(AbstractQueuedSynchronizer.java:2039)
        at java.util.concurrent.LinkedBlockingQueue.take(LinkedBlockingQueue.java:442)
        at java.util.concurrent.ThreadPoolExecutor.getTask(ThreadPoolExecutor.java:1074)
        at java.util.concurrent.ThreadPoolExecutor.runWorker(ThreadPoolExecutor.java:1134)
        at java.util.concurrent.ThreadPoolExecutor$Worker.run(ThreadPoolExecutor.java:624)
        at java.lang.Thread.run(Thread.java:750)
"qtp2126618194-205" daemon prio=5 tid=205 timed_waiting
java.lang.Thread.State: TIMED_WAITING
        at sun.misc.Unsafe.park(Native Method)
        at java.util.concurrent.locks.LockSupport.parkNanos(LockSupport.java:215)
        at java.util.concurrent.locks.AbstractQueuedSynchronizer$ConditionObject.awaitNanos(AbstractQueuedSynchronizer.java:2078)
        at org.eclipse.jetty.util.BlockingArrayQueue.poll(BlockingArrayQueue.java:382)
        at org.eclipse.jetty.util.thread.QueuedThreadPool$Runner.idleJobPoll(QueuedThreadPool.java:974)
        at org.eclipse.jetty.util.thread.QueuedThreadPool$Runner.run(QueuedThreadPool.java:1018)
        at java.lang.Thread.run(Thread.java:750)
"qtp1547050072-283" daemon prio=5 tid=283 timed_waiting
java.lang.Thread.State: TIMED_WAITING
        at sun.misc.Unsafe.park(Native Method)
        at java.util.concurrent.locks.LockSupport.parkNanos(LockSupport.java:215)
        at java.util.concurrent.locks.AbstractQueuedSynchronizer$ConditionObject.awaitNanos(AbstractQueuedSynchronizer.java:2078)
        at org.eclipse.jetty.util.BlockingArrayQueue.poll(BlockingArrayQueue.java:382)
        at org.eclipse.jetty.util.thread.QueuedThreadPool$Runner.idleJobPoll(QueuedThreadPool.java:974)
        at org.eclipse.jetty.util.thread.QueuedThreadPool$Runner.run(QueuedThreadPool.java:1018)
        at java.lang.Thread.run(Thread.java:750)
"IPC Server handler 7 on default port 35707" daemon prio=5 tid=44 timed_waiting
java.lang.Thread.State: TIMED_WAITING
        at sun.misc.Unsafe.park(Native Method)
        at java.util.concurrent.locks.LockSupport.parkNanos(LockSupport.java:215)
        at java.util.concurrent.locks.AbstractQueuedSynchronizer$ConditionObject.awaitNanos(AbstractQueuedSynchronizer.java:2078)
        at java.util.concurrent.LinkedBlockingQueue.poll(LinkedBlockingQueue.java:467)
        at org.apache.hadoop.ipc.CallQueueManager.take(CallQueueManager.java:317)
        at org.apache.hadoop.ipc.Server$Handler.run(Server.java:2942)
"FixedThreadPoolWithAffinityExecutor-0-0" daemon prio=5 tid=546 in Object.wait()
java.lang.Thread.State: WAITING (on object monitor)
        at sun.misc.Unsafe.park(Native Method)
        at java.util.concurrent.locks.LockSupport.park(LockSupport.java:175)
        at java.util.concurrent.locks.AbstractQueuedSynchronizer$ConditionObject.await(AbstractQueuedSynchronizer.java:2039)
        at java.util.concurrent.LinkedBlockingDeque.takeFirst(LinkedBlockingDeque.java:492)
        at java.util.concurrent.LinkedBlockingDeque.take(LinkedBlockingDeque.java:680)
        at java.util.concurrent.ThreadPoolExecutor.getTask(ThreadPoolExecutor.java:1074)
        at java.util.concurrent.ThreadPoolExecutor.runWorker(ThreadPoolExecutor.java:1134)
        at java.util.concurrent.ThreadPoolExecutor$Worker.run(ThreadPoolExecutor.java:624)
        at java.lang.Thread.run(Thread.java:750)
"qtp51667109-231" daemon prio=5 tid=231 timed_waiting
java.lang.Thread.State: TIMED_WAITING
        at sun.misc.Unsafe.park(Native Method)
        at java.util.concurrent.locks.LockSupport.parkNanos(LockSupport.java:215)
        at java.util.concurrent.locks.AbstractQueuedSynchronizer$ConditionObject.awaitNanos(AbstractQueuedSynchronizer.java:2078)
        at org.eclipse.jetty.util.BlockingArrayQueue.poll(BlockingArrayQueue.java:382)
        at org.eclipse.jetty.util.thread.QueuedThreadPool$Runner.idleJobPoll(QueuedThreadPool.java:974)
        at org.eclipse.jetty.util.thread.QueuedThreadPool$Runner.run(QueuedThreadPool.java:1018)
        at java.lang.Thread.run(Thread.java:750)
"qtp247981085-313" daemon prio=5 tid=313 timed_waiting
java.lang.Thread.State: TIMED_WAITING
        at sun.misc.Unsafe.park(Native Method)
        at java.util.concurrent.locks.LockSupport.parkNanos(LockSupport.java:215)
        at java.util.concurrent.locks.AbstractQueuedSynchronizer$ConditionObject.awaitNanos(AbstractQueuedSynchronizer.java:2078)
        at org.eclipse.jetty.util.BlockingArrayQueue.poll(BlockingArrayQueue.java:382)
        at org.eclipse.jetty.util.thread.QueuedThreadPool$Runner.idleJobPoll(QueuedThreadPool.java:974)
        at org.eclipse.jetty.util.thread.QueuedThreadPool$Runner.run(QueuedThreadPool.java:1018)
        at java.lang.Thread.run(Thread.java:750)
"Periodic HDDS volume checker" daemon prio=5 tid=431 timed_waiting
java.lang.Thread.State: TIMED_WAITING
        at sun.misc.Unsafe.park(Native Method)
        at java.util.concurrent.locks.LockSupport.parkNanos(LockSupport.java:215)
        at java.util.concurrent.locks.AbstractQueuedSynchronizer$ConditionObject.awaitNanos(AbstractQueuedSynchronizer.java:2078)
        at java.util.concurrent.ScheduledThreadPoolExecutor$DelayedWorkQueue.take(ScheduledThreadPoolExecutor.java:1093)
        at java.util.concurrent.ScheduledThreadPoolExecutor$DelayedWorkQueue.take(ScheduledThreadPoolExecutor.java:809)
        at java.util.concurrent.ThreadPoolExecutor.getTask(ThreadPoolExecutor.java:1074)
        at java.util.concurrent.ThreadPoolExecutor.runWorker(ThreadPoolExecutor.java:1134)
        at java.util.concurrent.ThreadPoolExecutor$Worker.run(ThreadPoolExecutor.java:624)
        at java.lang.Thread.run(Thread.java:750)
"qtp260561245-334" daemon prio=5 tid=334 timed_waiting
java.lang.Thread.State: TIMED_WAITING
        at sun.misc.Unsafe.park(Native Method)
        at java.util.concurrent.locks.LockSupport.parkNanos(LockSupport.java:215)
        at java.util.concurrent.locks.AbstractQueuedSynchronizer$ConditionObject.awaitNanos(AbstractQueuedSynchronizer.java:2078)
        at org.eclipse.jetty.util.BlockingArrayQueue.poll(BlockingArrayQueue.java:382)
        at org.eclipse.jetty.util.thread.QueuedThreadPool$Runner.idleJobPoll(QueuedThreadPool.java:974)
        at org.eclipse.jetty.util.thread.QueuedThreadPool$Runner.run(QueuedThreadPool.java:1018)
        at java.lang.Thread.run(Thread.java:750)
"Datanode State Machine Task Thread - 0"  prio=5 tid=323 in Object.wait()
java.lang.Thread.State: WAITING (on object monitor)
        at sun.misc.Unsafe.park(Native Method)
        at java.util.concurrent.locks.LockSupport.park(LockSupport.java:175)
        at java.util.concurrent.locks.AbstractQueuedSynchronizer$ConditionObject.await(AbstractQueuedSynchronizer.java:2039)
        at java.util.concurrent.LinkedBlockingQueue.take(LinkedBlockingQueue.java:442)
        at java.util.concurrent.ThreadPoolExecutor.getTask(ThreadPoolExecutor.java:1074)
        at java.util.concurrent.ThreadPoolExecutor.runWorker(ThreadPoolExecutor.java:1134)
        at java.util.concurrent.ThreadPoolExecutor$Worker.run(ThreadPoolExecutor.java:624)
        at java.lang.Thread.run(Thread.java:750)
"Datanode ReportManager Thread - 2" daemon prio=5 tid=240 timed_waiting
java.lang.Thread.State: TIMED_WAITING
        at sun.misc.Unsafe.park(Native Method)
        at java.util.concurrent.locks.LockSupport.parkNanos(LockSupport.java:215)
        at java.util.concurrent.locks.AbstractQueuedSynchronizer$ConditionObject.awaitNanos(AbstractQueuedSynchronizer.java:2078)
        at java.util.concurrent.ScheduledThreadPoolExecutor$DelayedWorkQueue.take(ScheduledThreadPoolExecutor.java:1093)
        at java.util.concurrent.ScheduledThreadPoolExecutor$DelayedWorkQueue.take(ScheduledThreadPoolExecutor.java:809)
        at java.util.concurrent.ThreadPoolExecutor.getTask(ThreadPoolExecutor.java:1074)
        at java.util.concurrent.ThreadPoolExecutor.runWorker(ThreadPoolExecutor.java:1134)
        at java.util.concurrent.ThreadPoolExecutor$Worker.run(ThreadPoolExecutor.java:624)
        at java.lang.Thread.run(Thread.java:750)
"PartialTableCache Cleanup Thread - 0" daemon prio=5 tid=752 in Object.wait()
java.lang.Thread.State: WAITING (on object monitor)
        at sun.misc.Unsafe.park(Native Method)
        at java.util.concurrent.locks.LockSupport.park(LockSupport.java:175)
        at java.util.concurrent.locks.AbstractQueuedSynchronizer$ConditionObject.await(AbstractQueuedSynchronizer.java:2039)
        at java.util.concurrent.LinkedBlockingQueue.take(LinkedBlockingQueue.java:442)
        at java.util.concurrent.ThreadPoolExecutor.getTask(ThreadPoolExecutor.java:1074)
        at java.util.concurrent.ThreadPoolExecutor.runWorker(ThreadPoolExecutor.java:1134)
        at java.util.concurrent.ThreadPoolExecutor$Worker.run(ThreadPoolExecutor.java:624)
        at java.lang.Thread.run(Thread.java:750)
"org.apache.hadoop.ozone.container.common.statemachine.commandhandler.DeleteBlocksCommandHandler$DeleteCmdWorker@4ef5094d" daemon prio=5 tid=446 timed_waiting
java.lang.Thread.State: TIMED_WAITING
        at java.lang.Thread.sleep(Native Method)
        at org.apache.hadoop.ozone.container.common.statemachine.commandhandler.DeleteBlocksCommandHandler$DeleteCmdWorker.run(DeleteBlocksCommandHandler.java:183)
        at java.lang.Thread.run(Thread.java:750)
"Datanode ReportManager Thread - 2" daemon prio=5 tid=357 in Object.wait()
java.lang.Thread.State: WAITING (on object monitor)
        at sun.misc.Unsafe.park(Native Method)
        at java.util.concurrent.locks.LockSupport.park(LockSupport.java:175)
        at java.util.concurrent.locks.AbstractQueuedSynchronizer$ConditionObject.await(AbstractQueuedSynchronizer.java:2039)
        at java.util.concurrent.ScheduledThreadPoolExecutor$DelayedWorkQueue.take(ScheduledThreadPoolExecutor.java:1088)
        at java.util.concurrent.ScheduledThreadPoolExecutor$DelayedWorkQueue.take(ScheduledThreadPoolExecutor.java:809)
        at java.util.concurrent.ThreadPoolExecutor.getTask(ThreadPoolExecutor.java:1074)
        at java.util.concurrent.ThreadPoolExecutor.runWorker(ThreadPoolExecutor.java:1134)
        at java.util.concurrent.ThreadPoolExecutor$Worker.run(ThreadPoolExecutor.java:624)
        at java.lang.Thread.run(Thread.java:750)
"IPC Server handler 8 on default port 35707" daemon prio=5 tid=45 timed_waiting
java.lang.Thread.State: TIMED_WAITING
        at sun.misc.Unsafe.park(Native Method)
        at java.util.concurrent.locks.LockSupport.parkNanos(LockSupport.java:215)
        at java.util.concurrent.locks.AbstractQueuedSynchronizer$ConditionObject.awaitNanos(AbstractQueuedSynchronizer.java:2078)
        at java.util.concurrent.LinkedBlockingQueue.poll(LinkedBlockingQueue.java:467)
        at org.apache.hadoop.ipc.CallQueueManager.take(CallQueueManager.java:317)
        at org.apache.hadoop.ipc.Server$Handler.run(Server.java:2942)
"ChunkReader-2" daemon prio=5 tid=801 in Object.wait()
java.lang.Thread.State: WAITING (on object monitor)
        at sun.misc.Unsafe.park(Native Method)
        at java.util.concurrent.locks.LockSupport.park(LockSupport.java:175)
        at java.util.concurrent.locks.AbstractQueuedSynchronizer$ConditionObject.await(AbstractQueuedSynchronizer.java:2039)
        at java.util.concurrent.LinkedBlockingQueue.take(LinkedBlockingQueue.java:442)
        at java.util.concurrent.ThreadPoolExecutor.getTask(ThreadPoolExecutor.java:1074)
        at java.util.concurrent.ThreadPoolExecutor.runWorker(ThreadPoolExecutor.java:1134)
        at java.util.concurrent.ThreadPoolExecutor$Worker.run(ThreadPoolExecutor.java:624)
        at java.lang.Thread.run(Thread.java:750)
"Datanode ReportManager Thread - 2" daemon prio=5 tid=292 timed_waiting
java.lang.Thread.State: TIMED_WAITING
        at sun.misc.Unsafe.park(Native Method)
        at java.util.concurrent.locks.LockSupport.parkNanos(LockSupport.java:215)
        at java.util.concurrent.locks.AbstractQueuedSynchronizer$ConditionObject.awaitNanos(AbstractQueuedSynchronizer.java:2078)
        at java.util.concurrent.ScheduledThreadPoolExecutor$DelayedWorkQueue.take(ScheduledThreadPoolExecutor.java:1093)
        at java.util.concurrent.ScheduledThreadPoolExecutor$DelayedWorkQueue.take(ScheduledThreadPoolExecutor.java:809)
        at java.util.concurrent.ThreadPoolExecutor.getTask(ThreadPoolExecutor.java:1074)
        at java.util.concurrent.ThreadPoolExecutor.runWorker(ThreadPoolExecutor.java:1134)
        at java.util.concurrent.ThreadPoolExecutor$Worker.run(ThreadPoolExecutor.java:624)
        at java.lang.Thread.run(Thread.java:750)
"0cbed28b-7e2e-4c55-93c4-a5222a360620@group-35C507FEBB33-SegmentedRaftLogWorker"  prio=5 tid=606 timed_waiting
java.lang.Thread.State: TIMED_WAITING
        at sun.misc.Unsafe.park(Native Method)
        at java.util.concurrent.locks.LockSupport.parkNanos(LockSupport.java:215)
        at java.util.concurrent.locks.AbstractQueuedSynchronizer$ConditionObject.awaitNanos(AbstractQueuedSynchronizer.java:2078)
        at org.apache.ratis.util.DataBlockingQueue.poll(DataBlockingQueue.java:148)
        at org.apache.ratis.server.raftlog.segmented.SegmentedRaftLogWorker.run(SegmentedRaftLogWorker.java:310)
        at org.apache.ratis.server.raftlog.segmented.SegmentedRaftLogWorker$$Lambda$661/1740308191.run(Unknown Source)
        at java.lang.Thread.run(Thread.java:750)
"om1@group-C5BA1605619E-SegmentedRaftLogWorker"  prio=5 tid=125 timed_waiting
java.lang.Thread.State: TIMED_WAITING
        at sun.misc.Unsafe.park(Native Method)
        at java.util.concurrent.locks.LockSupport.parkNanos(LockSupport.java:215)
        at java.util.concurrent.locks.AbstractQueuedSynchronizer$ConditionObject.awaitNanos(AbstractQueuedSynchronizer.java:2078)
        at org.apache.ratis.util.DataBlockingQueue.poll(DataBlockingQueue.java:148)
        at org.apache.ratis.server.raftlog.segmented.SegmentedRaftLogWorker.run(SegmentedRaftLogWorker.java:310)
        at org.apache.ratis.server.raftlog.segmented.SegmentedRaftLogWorker$$Lambda$661/1740308191.run(Unknown Source)
        at java.lang.Thread.run(Thread.java:750)
"pool-187-thread-1"  prio=5 tid=617 in Object.wait()
java.lang.Thread.State: WAITING (on object monitor)
        at sun.misc.Unsafe.park(Native Method)
        at java.util.concurrent.locks.LockSupport.park(LockSupport.java:175)
        at java.util.concurrent.locks.AbstractQueuedSynchronizer$ConditionObject.await(AbstractQueuedSynchronizer.java:2039)
        at java.util.concurrent.LinkedBlockingQueue.take(LinkedBlockingQueue.java:442)
        at java.util.concurrent.ThreadPoolExecutor.getTask(ThreadPoolExecutor.java:1074)
        at java.util.concurrent.ThreadPoolExecutor.runWorker(ThreadPoolExecutor.java:1134)
        at java.util.concurrent.ThreadPoolExecutor$Worker.run(ThreadPoolExecutor.java:624)
        at java.lang.Thread.run(Thread.java:750)
"BlockDeletingService#0" daemon prio=5 tid=474 in Object.wait()
java.lang.Thread.State: WAITING (on object monitor)
        at sun.misc.Unsafe.park(Native Method)
        at java.util.concurrent.locks.LockSupport.park(LockSupport.java:175)
        at java.util.concurrent.locks.AbstractQueuedSynchronizer$ConditionObject.await(AbstractQueuedSynchronizer.java:2039)
        at java.util.concurrent.ScheduledThreadPoolExecutor$DelayedWorkQueue.take(ScheduledThreadPoolExecutor.java:1088)
        at java.util.concurrent.ScheduledThreadPoolExecutor$DelayedWorkQueue.take(ScheduledThreadPoolExecutor.java:809)
        at java.util.concurrent.ThreadPoolExecutor.getTask(ThreadPoolExecutor.java:1074)
        at java.util.concurrent.ThreadPoolExecutor.runWorker(ThreadPoolExecutor.java:1134)
        at java.util.concurrent.ThreadPoolExecutor$Worker.run(ThreadPoolExecutor.java:624)
        at java.lang.Thread.run(Thread.java:750)
"IPC Server handler 16 on default port 46513" daemon prio=5 tid=93 timed_waiting
java.lang.Thread.State: TIMED_WAITING
        at sun.misc.Unsafe.park(Native Method)
        at java.util.concurrent.locks.LockSupport.parkNanos(LockSupport.java:215)
        at java.util.concurrent.locks.AbstractQueuedSynchronizer$ConditionObject.awaitNanos(AbstractQueuedSynchronizer.java:2078)
        at java.util.concurrent.LinkedBlockingQueue.poll(LinkedBlockingQueue.java:467)
        at org.apache.hadoop.ipc.CallQueueManager.take(CallQueueManager.java:317)
        at org.apache.hadoop.ipc.Server$Handler.run(Server.java:2942)
"qtp1506186841-455" daemon prio=5 tid=455 timed_waiting
java.lang.Thread.State: TIMED_WAITING
        at sun.misc.Unsafe.park(Native Method)
        at java.util.concurrent.locks.LockSupport.parkNanos(LockSupport.java:215)
        at java.util.concurrent.locks.AbstractQueuedSynchronizer$ConditionObject.awaitNanos(AbstractQueuedSynchronizer.java:2078)
        at org.eclipse.jetty.util.BlockingArrayQueue.poll(BlockingArrayQueue.java:382)
        at org.eclipse.jetty.util.thread.QueuedThreadPool$Runner.idleJobPoll(QueuedThreadPool.java:974)
        at org.eclipse.jetty.util.thread.QueuedThreadPool$Runner.run(QueuedThreadPool.java:1018)
        at java.lang.Thread.run(Thread.java:750)
"Datanode ReportManager Thread - 0" daemon prio=5 tid=212 in Object.wait()
java.lang.Thread.State: WAITING (on object monitor)
        at sun.misc.Unsafe.park(Native Method)
        at java.util.concurrent.locks.LockSupport.park(LockSupport.java:175)
        at java.util.concurrent.locks.AbstractQueuedSynchronizer$ConditionObject.await(AbstractQueuedSynchronizer.java:2039)
        at java.util.concurrent.ScheduledThreadPoolExecutor$DelayedWorkQueue.take(ScheduledThreadPoolExecutor.java:1088)
        at java.util.concurrent.ScheduledThreadPoolExecutor$DelayedWorkQueue.take(ScheduledThreadPoolExecutor.java:809)
        at java.util.concurrent.ThreadPoolExecutor.getTask(ThreadPoolExecutor.java:1074)
        at java.util.concurrent.ThreadPoolExecutor.runWorker(ThreadPoolExecutor.java:1134)
        at java.util.concurrent.ThreadPoolExecutor$Worker.run(ThreadPoolExecutor.java:624)
        at java.lang.Thread.run(Thread.java:750)
"BlockDeletingService#2" daemon prio=5 tid=866 in Object.wait()
java.lang.Thread.State: WAITING (on object monitor)
        at sun.misc.Unsafe.park(Native Method)
        at java.util.concurrent.locks.LockSupport.park(LockSupport.java:175)
        at java.util.concurrent.locks.AbstractQueuedSynchronizer$ConditionObject.await(AbstractQueuedSynchronizer.java:2039)
        at java.util.concurrent.ScheduledThreadPoolExecutor$DelayedWorkQueue.take(ScheduledThreadPoolExecutor.java:1088)
        at java.util.concurrent.ScheduledThreadPoolExecutor$DelayedWorkQueue.take(ScheduledThreadPoolExecutor.java:809)
        at java.util.concurrent.ThreadPoolExecutor.getTask(ThreadPoolExecutor.java:1074)
        at java.util.concurrent.ThreadPoolExecutor.runWorker(ThreadPoolExecutor.java:1134)
        at java.util.concurrent.ThreadPoolExecutor$Worker.run(ThreadPoolExecutor.java:624)
        at java.lang.Thread.run(Thread.java:750)
"068f63d0-ab19-47e7-872c-e50edf74daa4@group-450AFE3689FC-LeaderStateImpl" daemon prio=5 tid=817 timed_waiting
java.lang.Thread.State: TIMED_WAITING
        at sun.misc.Unsafe.park(Native Method)
        at java.util.concurrent.locks.LockSupport.parkNanos(LockSupport.java:215)
        at java.util.concurrent.locks.AbstractQueuedSynchronizer$ConditionObject.awaitNanos(AbstractQueuedSynchronizer.java:2078)
        at java.util.concurrent.ArrayBlockingQueue.poll(ArrayBlockingQueue.java:418)
        at org.apache.ratis.server.impl.LeaderStateImpl$EventQueue.poll(LeaderStateImpl.java:159)
        at org.apache.ratis.server.impl.LeaderStateImpl$EventProcessor.run(LeaderStateImpl.java:630)
"pool-210-thread-1"  prio=5 tid=639 in Object.wait()
java.lang.Thread.State: WAITING (on object monitor)
        at sun.misc.Unsafe.park(Native Method)
        at java.util.concurrent.locks.LockSupport.park(LockSupport.java:175)
        at java.util.concurrent.locks.AbstractQueuedSynchronizer$ConditionObject.await(AbstractQueuedSynchronizer.java:2039)
        at java.util.concurrent.LinkedBlockingQueue.take(LinkedBlockingQueue.java:442)
        at java.util.concurrent.ThreadPoolExecutor.getTask(ThreadPoolExecutor.java:1074)
        at java.util.concurrent.ThreadPoolExecutor.runWorker(ThreadPoolExecutor.java:1134)
        at java.util.concurrent.ThreadPoolExecutor$Worker.run(ThreadPoolExecutor.java:624)
        at java.lang.Thread.run(Thread.java:750)
"Datanode ReportManager Thread - 1" daemon prio=5 tid=421 timed_waiting
java.lang.Thread.State: TIMED_WAITING
        at sun.misc.Unsafe.park(Native Method)
        at java.util.concurrent.locks.LockSupport.parkNanos(LockSupport.java:215)
        at java.util.concurrent.locks.AbstractQueuedSynchronizer$ConditionObject.awaitNanos(AbstractQueuedSynchronizer.java:2078)
        at java.util.concurrent.ScheduledThreadPoolExecutor$DelayedWorkQueue.take(ScheduledThreadPoolExecutor.java:1093)
        at java.util.concurrent.ScheduledThreadPoolExecutor$DelayedWorkQueue.take(ScheduledThreadPoolExecutor.java:809)
        at java.util.concurrent.ThreadPoolExecutor.getTask(ThreadPoolExecutor.java:1074)
        at java.util.concurrent.ThreadPoolExecutor.runWorker(ThreadPoolExecutor.java:1134)
        at java.util.concurrent.ThreadPoolExecutor$Worker.run(ThreadPoolExecutor.java:624)
        at java.lang.Thread.run(Thread.java:750)
"a2b9a5b5-e126-445d-90e8-946fc00ddc43@group-9AE1E5A711C7-StateMachineUpdater" daemon prio=5 tid=654 timed_waiting
java.lang.Thread.State: TIMED_WAITING
        at sun.misc.Unsafe.park(Native Method)
        at java.util.concurrent.locks.LockSupport.parkNanos(LockSupport.java:215)
        at java.util.concurrent.CompletableFuture$Signaller.block(CompletableFuture.java:1709)
        at java.util.concurrent.ForkJoinPool.managedBlock(ForkJoinPool.java:3323)
        at java.util.concurrent.CompletableFuture.timedGet(CompletableFuture.java:1788)
        at java.util.concurrent.CompletableFuture.get(CompletableFuture.java:1928)
        at org.apache.ratis.util.AwaitForSignal.await(AwaitForSignal.java:56)
        at org.apache.ratis.server.impl.StateMachineUpdater.waitForCommit(StateMachineUpdater.java:207)
        at org.apache.ratis.server.impl.StateMachineUpdater.run(StateMachineUpdater.java:176)
        at java.lang.Thread.run(Thread.java:750)
"qtp751988805-411-acceptor-0@181cc65f-ServerConnector@4d9a8203{HTTP/1.1, (http/1.1)}{0.0.0.0:41657}" daemon prio=3 tid=411 runnable
java.lang.Thread.State: RUNNABLE
        at sun.nio.ch.ServerSocketChannelImpl.accept0(Native Method)
        at sun.nio.ch.ServerSocketChannelImpl.accept(ServerSocketChannelImpl.java:421)
        at sun.nio.ch.ServerSocketChannelImpl.accept(ServerSocketChannelImpl.java:249)
        at org.eclipse.jetty.server.ServerConnector.accept(ServerConnector.java:388)
        at org.eclipse.jetty.server.AbstractConnector$Acceptor.run(AbstractConnector.java:702)
        at org.eclipse.jetty.util.thread.QueuedThreadPool.runJob(QueuedThreadPool.java:883)
        at org.eclipse.jetty.util.thread.QueuedThreadPool$Runner.run(QueuedThreadPool.java:1034)
        at java.lang.Thread.run(Thread.java:750)
"qtp1639869187-137" daemon prio=5 tid=137 timed_waiting
java.lang.Thread.State: TIMED_WAITING
        at sun.misc.Unsafe.park(Native Method)
        at java.util.concurrent.locks.LockSupport.parkNanos(LockSupport.java:215)
        at java.util.concurrent.locks.AbstractQueuedSynchronizer$ConditionObject.awaitNanos(AbstractQueuedSynchronizer.java:2078)
        at org.eclipse.jetty.util.BlockingArrayQueue.poll(BlockingArrayQueue.java:382)
        at org.eclipse.jetty.util.thread.QueuedThreadPool$Runner.idleJobPoll(QueuedThreadPool.java:974)
        at org.eclipse.jetty.util.thread.QueuedThreadPool$Runner.run(QueuedThreadPool.java:1018)
        at java.lang.Thread.run(Thread.java:750)
"qtp1144474914-259" daemon prio=5 tid=259 timed_waiting
java.lang.Thread.State: TIMED_WAITING
        at sun.misc.Unsafe.park(Native Method)
        at java.util.concurrent.locks.LockSupport.parkNanos(LockSupport.java:215)
        at java.util.concurrent.locks.AbstractQueuedSynchronizer$ConditionObject.awaitNanos(AbstractQueuedSynchronizer.java:2078)
        at org.eclipse.jetty.util.BlockingArrayQueue.poll(BlockingArrayQueue.java:382)
        at org.eclipse.jetty.util.thread.QueuedThreadPool$Runner.idleJobPoll(QueuedThreadPool.java:974)
        at org.eclipse.jetty.util.thread.QueuedThreadPool$Runner.run(QueuedThreadPool.java:1018)
        at java.lang.Thread.run(Thread.java:750)
"qtp2126618194-202-acceptor-0@147daacc-ServerConnector@23fbc6b2{HTTP/1.1, (http/1.1)}{0.0.0.0:39993}" daemon prio=3 tid=202 runnable
java.lang.Thread.State: RUNNABLE
        at sun.nio.ch.ServerSocketChannelImpl.accept0(Native Method)
        at sun.nio.ch.ServerSocketChannelImpl.accept(ServerSocketChannelImpl.java:421)
        at sun.nio.ch.ServerSocketChannelImpl.accept(ServerSocketChannelImpl.java:249)
        at org.eclipse.jetty.server.ServerConnector.accept(ServerConnector.java:388)
        at org.eclipse.jetty.server.AbstractConnector$Acceptor.run(AbstractConnector.java:702)
        at org.eclipse.jetty.util.thread.QueuedThreadPool.runJob(QueuedThreadPool.java:883)
        at org.eclipse.jetty.util.thread.QueuedThreadPool$Runner.run(QueuedThreadPool.java:1034)
        at java.lang.Thread.run(Thread.java:750)
"BlockDeletingService#2" daemon prio=5 tid=868 in Object.wait()
java.lang.Thread.State: WAITING (on object monitor)
        at sun.misc.Unsafe.park(Native Method)
        at java.util.concurrent.locks.LockSupport.park(LockSupport.java:175)
        at java.util.concurrent.locks.AbstractQueuedSynchronizer$ConditionObject.await(AbstractQueuedSynchronizer.java:2039)
        at java.util.concurrent.ScheduledThreadPoolExecutor$DelayedWorkQueue.take(ScheduledThreadPoolExecutor.java:1088)
        at java.util.concurrent.ScheduledThreadPoolExecutor$DelayedWorkQueue.take(ScheduledThreadPoolExecutor.java:809)
        at java.util.concurrent.ThreadPoolExecutor.getTask(ThreadPoolExecutor.java:1074)
        at java.util.concurrent.ThreadPoolExecutor.runWorker(ThreadPoolExecutor.java:1134)
        at java.util.concurrent.ThreadPoolExecutor$Worker.run(ThreadPoolExecutor.java:624)
        at java.lang.Thread.run(Thread.java:750)
"IPC Server handler 14 on default port 37109" daemon prio=5 tid=71 timed_waiting
java.lang.Thread.State: TIMED_WAITING
        at sun.misc.Unsafe.park(Native Method)
        at java.util.concurrent.locks.LockSupport.parkNanos(LockSupport.java:215)
        at java.util.concurrent.locks.AbstractQueuedSynchronizer$ConditionObject.awaitNanos(AbstractQueuedSynchronizer.java:2078)
        at java.util.concurrent.LinkedBlockingQueue.poll(LinkedBlockingQueue.java:467)
        at org.apache.hadoop.ipc.CallQueueManager.take(CallQueueManager.java:317)
        at org.apache.hadoop.ipc.Server$Handler.run(Server.java:2942)
"StaleRecoveringContainerScrubbingService#1" daemon prio=5 tid=559 timed_waiting
java.lang.Thread.State: TIMED_WAITING
        at sun.misc.Unsafe.park(Native Method)
        at java.util.concurrent.locks.LockSupport.parkNanos(LockSupport.java:215)
        at java.util.concurrent.locks.AbstractQueuedSynchronizer$ConditionObject.awaitNanos(AbstractQueuedSynchronizer.java:2078)
        at java.util.concurrent.ScheduledThreadPoolExecutor$DelayedWorkQueue.take(ScheduledThreadPoolExecutor.java:1093)
        at java.util.concurrent.ScheduledThreadPoolExecutor$DelayedWorkQueue.take(ScheduledThreadPoolExecutor.java:809)
        at java.util.concurrent.ThreadPoolExecutor.getTask(ThreadPoolExecutor.java:1074)
        at java.util.concurrent.ThreadPoolExecutor.runWorker(ThreadPoolExecutor.java:1134)
        at java.util.concurrent.ThreadPoolExecutor$Worker.run(ThreadPoolExecutor.java:624)
        at java.lang.Thread.run(Thread.java:750)
"org.apache.hadoop.ozone.container.common.statemachine.commandhandler.DeleteBlocksCommandHandler$DeleteCmdWorker@7aafe7b8" daemon prio=5 tid=199 timed_waiting
java.lang.Thread.State: TIMED_WAITING
        at java.lang.Thread.sleep(Native Method)
        at org.apache.hadoop.ozone.container.common.statemachine.commandhandler.DeleteBlocksCommandHandler$DeleteCmdWorker.run(DeleteBlocksCommandHandler.java:183)
        at java.lang.Thread.run(Thread.java:750)
"ExpiredContainerReplicaOpScrubberThread" daemon prio=5 tid=17 timed_waiting
java.lang.Thread.State: TIMED_WAITING
        at java.lang.Object.wait(Native Method)
        at org.apache.hadoop.hdds.scm.ha.BackgroundSCMService.run(BackgroundSCMService.java:110)
        at org.apache.hadoop.hdds.scm.ha.BackgroundSCMService$$Lambda$374/824199517.run(Unknown Source)
        at java.lang.Thread.run(Thread.java:750)
"6712d1d5-3f8e-46d5-b100-7ccc5411605f-server-thread2" daemon prio=5 tid=739 timed_waiting
java.lang.Thread.State: TIMED_WAITING
        at sun.misc.Unsafe.park(Native Method)
        at java.util.concurrent.locks.LockSupport.parkNanos(LockSupport.java:215)
        at java.util.concurrent.SynchronousQueue$TransferStack.awaitFulfill(SynchronousQueue.java:460)
        at java.util.concurrent.SynchronousQueue$TransferStack.transfer(SynchronousQueue.java:362)
        at java.util.concurrent.SynchronousQueue.poll(SynchronousQueue.java:941)
        at java.util.concurrent.ThreadPoolExecutor.getTask(ThreadPoolExecutor.java:1073)
        at java.util.concurrent.ThreadPoolExecutor.runWorker(ThreadPoolExecutor.java:1134)
        at java.util.concurrent.ThreadPoolExecutor$Worker.run(ThreadPoolExecutor.java:624)
        at java.lang.Thread.run(Thread.java:750)
"Command processor thread" daemon prio=5 tid=321 timed_waiting
java.lang.Thread.State: TIMED_WAITING
        at java.lang.Thread.sleep(Native Method)
        at org.apache.hadoop.ozone.container.common.statemachine.DatanodeStateMachine.lambda$initCommandHandlerThread$3(DatanodeStateMachine.java:628)
        at org.apache.hadoop.ozone.container.common.statemachine.DatanodeStateMachine$$Lambda$747/98858159.run(Unknown Source)
        at java.lang.Thread.run(Thread.java:750)
"SCM Heartbeat Processing Thread - 0" daemon prio=5 tid=14 timed_waiting
java.lang.Thread.State: TIMED_WAITING
        at sun.misc.Unsafe.park(Native Method)
        at java.util.concurrent.locks.LockSupport.parkNanos(LockSupport.java:215)
        at java.util.concurrent.locks.AbstractQueuedSynchronizer$ConditionObject.awaitNanos(AbstractQueuedSynchronizer.java:2078)
        at java.util.concurrent.ScheduledThreadPoolExecutor$DelayedWorkQueue.take(ScheduledThreadPoolExecutor.java:1093)
        at java.util.concurrent.ScheduledThreadPoolExecutor$DelayedWorkQueue.take(ScheduledThreadPoolExecutor.java:809)
        at java.util.concurrent.ThreadPoolExecutor.getTask(ThreadPoolExecutor.java:1074)
        at java.util.concurrent.ThreadPoolExecutor.runWorker(ThreadPoolExecutor.java:1134)
        at java.util.concurrent.ThreadPoolExecutor$Worker.run(ThreadPoolExecutor.java:624)
        at java.lang.Thread.run(Thread.java:750)
"f5cc69e3-4def-49b3-97e4-fc35696e58fc@group-013E2C49CD0A-StateMachineUpdater" daemon prio=5 tid=642 timed_waiting
java.lang.Thread.State: TIMED_WAITING
        at sun.misc.Unsafe.park(Native Method)
        at java.util.concurrent.locks.LockSupport.parkNanos(LockSupport.java:215)
        at java.util.concurrent.CompletableFuture$Signaller.block(CompletableFuture.java:1709)
        at java.util.concurrent.ForkJoinPool.managedBlock(ForkJoinPool.java:3323)
        at java.util.concurrent.CompletableFuture.timedGet(CompletableFuture.java:1788)
        at java.util.concurrent.CompletableFuture.get(CompletableFuture.java:1928)
        at org.apache.ratis.util.AwaitForSignal.await(AwaitForSignal.java:56)
        at org.apache.ratis.server.impl.StateMachineUpdater.waitForCommit(StateMachineUpdater.java:207)
        at org.apache.ratis.server.impl.StateMachineUpdater.run(StateMachineUpdater.java:176)
        at java.lang.Thread.run(Thread.java:750)
"qtp1218952455-375" daemon prio=5 tid=375 timed_waiting
java.lang.Thread.State: TIMED_WAITING
        at sun.misc.Unsafe.park(Native Method)
        at java.util.concurrent.locks.LockSupport.parkNanos(LockSupport.java:215)
        at java.util.concurrent.locks.AbstractQueuedSynchronizer$ConditionObject.awaitNanos(AbstractQueuedSynchronizer.java:2078)
        at org.eclipse.jetty.util.BlockingArrayQueue.poll(BlockingArrayQueue.java:382)
        at org.eclipse.jetty.util.thread.QueuedThreadPool$Runner.idleJobPoll(QueuedThreadPool.java:974)
        at org.eclipse.jetty.util.thread.QueuedThreadPool$Runner.run(QueuedThreadPool.java:1018)
        at java.lang.Thread.run(Thread.java:750)
"qtp260561245-333" daemon prio=5 tid=333 timed_waiting
java.lang.Thread.State: TIMED_WAITING
        at sun.misc.Unsafe.park(Native Method)
        at java.util.concurrent.locks.LockSupport.parkNanos(LockSupport.java:215)
        at java.util.concurrent.locks.AbstractQueuedSynchronizer$ConditionObject.awaitNanos(AbstractQueuedSynchronizer.java:2078)
        at org.eclipse.jetty.util.BlockingArrayQueue.poll(BlockingArrayQueue.java:382)
        at org.eclipse.jetty.util.thread.QueuedThreadPool$Runner.idleJobPoll(QueuedThreadPool.java:974)
        at org.eclipse.jetty.util.thread.QueuedThreadPool$Runner.run(QueuedThreadPool.java:1018)
        at java.lang.Thread.run(Thread.java:750)
"pool-141-thread-1"  prio=5 tid=605 in Object.wait()
java.lang.Thread.State: WAITING (on object monitor)
        at sun.misc.Unsafe.park(Native Method)
        at java.util.concurrent.locks.LockSupport.park(LockSupport.java:175)
        at java.util.concurrent.locks.AbstractQueuedSynchronizer$ConditionObject.await(AbstractQueuedSynchronizer.java:2039)
        at java.util.concurrent.LinkedBlockingQueue.take(LinkedBlockingQueue.java:442)
        at java.util.concurrent.ThreadPoolExecutor.getTask(ThreadPoolExecutor.java:1074)
        at java.util.concurrent.ThreadPoolExecutor.runWorker(ThreadPoolExecutor.java:1134)
        at java.util.concurrent.ThreadPoolExecutor$Worker.run(ThreadPoolExecutor.java:624)
        at java.lang.Thread.run(Thread.java:750)
"qtp751988805-415" daemon prio=5 tid=415 timed_waiting
java.lang.Thread.State: TIMED_WAITING
        at sun.misc.Unsafe.park(Native Method)
        at java.util.concurrent.locks.LockSupport.parkNanos(LockSupport.java:215)
        at java.util.concurrent.locks.AbstractQueuedSynchronizer$ConditionObject.awaitNanos(AbstractQueuedSynchronizer.java:2078)
        at org.eclipse.jetty.util.BlockingArrayQueue.poll(BlockingArrayQueue.java:382)
        at org.eclipse.jetty.util.thread.QueuedThreadPool$Runner.idleJobPoll(QueuedThreadPool.java:974)
        at org.eclipse.jetty.util.thread.QueuedThreadPool$Runner.run(QueuedThreadPool.java:1018)
        at java.lang.Thread.run(Thread.java:750)
"BlockDeletingService#1" daemon prio=5 tid=404 timed_waiting
java.lang.Thread.State: TIMED_WAITING
        at sun.misc.Unsafe.park(Native Method)
        at java.util.concurrent.locks.LockSupport.parkNanos(LockSupport.java:215)
        at java.util.concurrent.locks.AbstractQueuedSynchronizer$ConditionObject.awaitNanos(AbstractQueuedSynchronizer.java:2078)
        at java.util.concurrent.ScheduledThreadPoolExecutor$DelayedWorkQueue.take(ScheduledThreadPoolExecutor.java:1093)
        at java.util.concurrent.ScheduledThreadPoolExecutor$DelayedWorkQueue.take(ScheduledThreadPoolExecutor.java:809)
        at java.util.concurrent.ThreadPoolExecutor.getTask(ThreadPoolExecutor.java:1074)
        at java.util.concurrent.ThreadPoolExecutor.runWorker(ThreadPoolExecutor.java:1134)
        at java.util.concurrent.ThreadPoolExecutor$Worker.run(ThreadPoolExecutor.java:624)
        at java.lang.Thread.run(Thread.java:750)
"0cbed28b-7e2e-4c55-93c4-a5222a360620@group-3562DEAE299E-StateMachineUpdater" daemon prio=5 tid=624 timed_waiting
java.lang.Thread.State: TIMED_WAITING
        at sun.misc.Unsafe.park(Native Method)
        at java.util.concurrent.locks.LockSupport.parkNanos(LockSupport.java:215)
        at java.util.concurrent.CompletableFuture$Signaller.block(CompletableFuture.java:1709)
        at java.util.concurrent.ForkJoinPool.managedBlock(ForkJoinPool.java:3323)
        at java.util.concurrent.CompletableFuture.timedGet(CompletableFuture.java:1788)
        at java.util.concurrent.CompletableFuture.get(CompletableFuture.java:1928)
        at org.apache.ratis.util.AwaitForSignal.await(AwaitForSignal.java:56)
        at org.apache.ratis.server.impl.StateMachineUpdater.waitForCommit(StateMachineUpdater.java:207)
        at org.apache.ratis.server.impl.StateMachineUpdater.run(StateMachineUpdater.java:176)
        at java.lang.Thread.run(Thread.java:750)
"qtp1547050072-286" daemon prio=5 tid=286 timed_waiting
java.lang.Thread.State: TIMED_WAITING
        at sun.misc.Unsafe.park(Native Method)
        at java.util.concurrent.locks.LockSupport.parkNanos(LockSupport.java:215)
        at java.util.concurrent.locks.AbstractQueuedSynchronizer$ConditionObject.awaitNanos(AbstractQueuedSynchronizer.java:2078)
        at org.eclipse.jetty.util.BlockingArrayQueue.poll(BlockingArrayQueue.java:382)
        at org.eclipse.jetty.util.thread.QueuedThreadPool$Runner.idleJobPoll(QueuedThreadPool.java:974)
        at org.eclipse.jetty.util.thread.QueuedThreadPool$Runner.run(QueuedThreadPool.java:1018)
        at java.lang.Thread.run(Thread.java:750)
"Under Replicated Processor" daemon prio=5 tid=849 timed_waiting
java.lang.Thread.State: TIMED_WAITING
        at java.lang.Object.wait(Native Method)
        at org.apache.hadoop.hdds.scm.container.replication.UnderReplicatedProcessor.run(UnderReplicatedProcessor.java:142)
        at java.lang.Thread.run(Thread.java:750)
"StaleRecoveringContainerScrubbingService#0" daemon prio=5 tid=532 in Object.wait()
java.lang.Thread.State: WAITING (on object monitor)
        at sun.misc.Unsafe.park(Native Method)
        at java.util.concurrent.locks.LockSupport.park(LockSupport.java:175)
        at java.util.concurrent.locks.AbstractQueuedSynchronizer$ConditionObject.await(AbstractQueuedSynchronizer.java:2039)
        at java.util.concurrent.ScheduledThreadPoolExecutor$DelayedWorkQueue.take(ScheduledThreadPoolExecutor.java:1088)
        at java.util.concurrent.ScheduledThreadPoolExecutor$DelayedWorkQueue.take(ScheduledThreadPoolExecutor.java:809)
        at java.util.concurrent.ThreadPoolExecutor.getTask(ThreadPoolExecutor.java:1074)
        at java.util.concurrent.ThreadPoolExecutor.runWorker(ThreadPoolExecutor.java:1134)
        at java.util.concurrent.ThreadPoolExecutor$Worker.run(ThreadPoolExecutor.java:624)
        at java.lang.Thread.run(Thread.java:750)
"IPC Server handler 11 on default port 41123" daemon prio=5 tid=155 timed_waiting
java.lang.Thread.State: TIMED_WAITING
        at sun.misc.Unsafe.park(Native Method)
        at java.util.concurrent.locks.LockSupport.parkNanos(LockSupport.java:215)
        at java.util.concurrent.locks.AbstractQueuedSynchronizer$ConditionObject.awaitNanos(AbstractQueuedSynchronizer.java:2078)
        at java.util.concurrent.LinkedBlockingQueue.poll(LinkedBlockingQueue.java:467)
        at org.apache.hadoop.ipc.CallQueueManager.take(CallQueueManager.java:317)
        at org.apache.hadoop.ipc.Server$Handler.run(Server.java:2942)
"2c0de523-4fef-49d4-a7e7-019bfd407efe@group-C5DF1AF2A9A6-StateMachineUpdater" daemon prio=5 tid=615 timed_waiting
java.lang.Thread.State: TIMED_WAITING
        at sun.misc.Unsafe.park(Native Method)
        at java.util.concurrent.locks.LockSupport.parkNanos(LockSupport.java:215)
        at java.util.concurrent.CompletableFuture$Signaller.block(CompletableFuture.java:1709)
        at java.util.concurrent.ForkJoinPool.managedBlock(ForkJoinPool.java:3323)
        at java.util.concurrent.CompletableFuture.timedGet(CompletableFuture.java:1788)
        at java.util.concurrent.CompletableFuture.get(CompletableFuture.java:1928)
        at org.apache.ratis.util.AwaitForSignal.await(AwaitForSignal.java:56)
        at org.apache.ratis.server.impl.StateMachineUpdater.waitForCommit(StateMachineUpdater.java:207)
        at org.apache.ratis.server.impl.StateMachineUpdater.run(StateMachineUpdater.java:176)
        at java.lang.Thread.run(Thread.java:750)
"om1@group-C5BA1605619E-StateMachineUpdater" daemon prio=5 tid=127 timed_waiting
java.lang.Thread.State: TIMED_WAITING
        at sun.misc.Unsafe.park(Native Method)
        at java.util.concurrent.locks.LockSupport.parkNanos(LockSupport.java:215)
        at java.util.concurrent.CompletableFuture$Signaller.block(CompletableFuture.java:1709)
        at java.util.concurrent.ForkJoinPool.managedBlock(ForkJoinPool.java:3323)
        at java.util.concurrent.CompletableFuture.timedGet(CompletableFuture.java:1788)
        at java.util.concurrent.CompletableFuture.get(CompletableFuture.java:1928)
        at org.apache.ratis.util.AwaitForSignal.await(AwaitForSignal.java:56)
        at org.apache.ratis.server.impl.StateMachineUpdater.waitForCommit(StateMachineUpdater.java:207)
        at org.apache.ratis.server.impl.StateMachineUpdater.run(StateMachineUpdater.java:176)
        at java.lang.Thread.run(Thread.java:750)
"IPC Server handler 1 on default port 46513" daemon prio=5 tid=78 timed_waiting
java.lang.Thread.State: TIMED_WAITING
        at sun.misc.Unsafe.park(Native Method)
        at java.util.concurrent.locks.LockSupport.parkNanos(LockSupport.java:215)
        at java.util.concurrent.locks.AbstractQueuedSynchronizer$ConditionObject.awaitNanos(AbstractQueuedSynchronizer.java:2078)
        at java.util.concurrent.LinkedBlockingQueue.poll(LinkedBlockingQueue.java:467)
        at org.apache.hadoop.ipc.CallQueueManager.take(CallQueueManager.java:317)
        at org.apache.hadoop.ipc.Server$Handler.run(Server.java:2942)
"IPC Server handler 18 on default port 41123" daemon prio=5 tid=162 timed_waiting
java.lang.Thread.State: TIMED_WAITING
        at sun.misc.Unsafe.park(Native Method)
        at java.util.concurrent.locks.LockSupport.parkNanos(LockSupport.java:215)
        at java.util.concurrent.locks.AbstractQueuedSynchronizer$ConditionObject.awaitNanos(AbstractQueuedSynchronizer.java:2078)
        at java.util.concurrent.LinkedBlockingQueue.poll(LinkedBlockingQueue.java:467)
        at org.apache.hadoop.ipc.CallQueueManager.take(CallQueueManager.java:317)
        at org.apache.hadoop.ipc.Server$Handler.run(Server.java:2942)
"Periodic HDDS volume checker" daemon prio=5 tid=247 timed_waiting
java.lang.Thread.State: TIMED_WAITING
        at sun.misc.Unsafe.park(Native Method)
        at java.util.concurrent.locks.LockSupport.parkNanos(LockSupport.java:215)
        at java.util.concurrent.locks.AbstractQueuedSynchronizer$ConditionObject.awaitNanos(AbstractQueuedSynchronizer.java:2078)
        at java.util.concurrent.ScheduledThreadPoolExecutor$DelayedWorkQueue.take(ScheduledThreadPoolExecutor.java:1093)
        at java.util.concurrent.ScheduledThreadPoolExecutor$DelayedWorkQueue.take(ScheduledThreadPoolExecutor.java:809)
        at java.util.concurrent.ThreadPoolExecutor.getTask(ThreadPoolExecutor.java:1074)
        at java.util.concurrent.ThreadPoolExecutor.runWorker(ThreadPoolExecutor.java:1134)
        at java.util.concurrent.ThreadPoolExecutor$Worker.run(ThreadPoolExecutor.java:624)
        at java.lang.Thread.run(Thread.java:750)
"a2b9a5b5-e126-445d-90e8-946fc00ddc43@group-2A44E0557D51-StateMachineUpdater" daemon prio=5 tid=669 timed_waiting
java.lang.Thread.State: TIMED_WAITING
        at sun.misc.Unsafe.park(Native Method)
        at java.util.concurrent.locks.LockSupport.parkNanos(LockSupport.java:215)
        at java.util.concurrent.CompletableFuture$Signaller.block(CompletableFuture.java:1709)
        at java.util.concurrent.ForkJoinPool.managedBlock(ForkJoinPool.java:3323)
        at java.util.concurrent.CompletableFuture.timedGet(CompletableFuture.java:1788)
        at java.util.concurrent.CompletableFuture.get(CompletableFuture.java:1928)
        at org.apache.ratis.util.AwaitForSignal.await(AwaitForSignal.java:56)
        at org.apache.ratis.server.impl.StateMachineUpdater.waitForCommit(StateMachineUpdater.java:207)
        at org.apache.ratis.server.impl.StateMachineUpdater.run(StateMachineUpdater.java:176)
        at java.lang.Thread.run(Thread.java:750)
"Socket Reader #1 for port 0"  prio=5 tid=32 runnable
java.lang.Thread.State: RUNNABLE
        at sun.nio.ch.EPollArrayWrapper.epollWait(Native Method)
        at sun.nio.ch.EPollArrayWrapper.poll(EPollArrayWrapper.java:269)
        at sun.nio.ch.EPollSelectorImpl.doSelect(EPollSelectorImpl.java:93)
        at sun.nio.ch.SelectorImpl.lockAndDoSelect(SelectorImpl.java:86)
        at sun.nio.ch.SelectorImpl.select(SelectorImpl.java:97)
        at sun.nio.ch.SelectorImpl.select(SelectorImpl.java:101)
        at org.apache.hadoop.ipc.Server$Listener$Reader.doRunLoop(Server.java:1296)
        at org.apache.hadoop.ipc.Server$Listener$Reader.run(Server.java:1275)
"StaleRecoveringContainerScrubbingService#1" daemon prio=5 tid=545 timed_waiting
java.lang.Thread.State: TIMED_WAITING
        at sun.misc.Unsafe.park(Native Method)
        at java.util.concurrent.locks.LockSupport.parkNanos(LockSupport.java:215)
        at java.util.concurrent.locks.AbstractQueuedSynchronizer$ConditionObject.awaitNanos(AbstractQueuedSynchronizer.java:2078)
        at java.util.concurrent.ScheduledThreadPoolExecutor$DelayedWorkQueue.take(ScheduledThreadPoolExecutor.java:1093)
        at java.util.concurrent.ScheduledThreadPoolExecutor$DelayedWorkQueue.take(ScheduledThreadPoolExecutor.java:809)
        at java.util.concurrent.ThreadPoolExecutor.getTask(ThreadPoolExecutor.java:1074)
        at java.util.concurrent.ThreadPoolExecutor.runWorker(ThreadPoolExecutor.java:1134)
        at java.util.concurrent.ThreadPoolExecutor$Worker.run(ThreadPoolExecutor.java:624)
        at java.lang.Thread.run(Thread.java:750)
"ChunkReader-ELG-0" daemon prio=5 tid=439 runnable
java.lang.Thread.State: RUNNABLE
        at org.apache.ratis.thirdparty.io.netty.channel.epoll.Native.epollWait0(Native Method)
        at org.apache.ratis.thirdparty.io.netty.channel.epoll.Native.epollWait(Native.java:182)
        at org.apache.ratis.thirdparty.io.netty.channel.epoll.EpollEventLoop.epollWait(EpollEventLoop.java:290)
        at org.apache.ratis.thirdparty.io.netty.channel.epoll.EpollEventLoop.run(EpollEventLoop.java:354)
        at org.apache.ratis.thirdparty.io.netty.util.concurrent.SingleThreadEventExecutor$4.run(SingleThreadEventExecutor.java:995)
        at org.apache.ratis.thirdparty.io.netty.util.internal.ThreadExecutorMap$2.run(ThreadExecutorMap.java:74)
        at java.lang.Thread.run(Thread.java:750)
"pool-257-thread-1" daemon prio=5 tid=398 timed_waiting
java.lang.Thread.State: TIMED_WAITING
        at sun.misc.Unsafe.park(Native Method)
        at java.util.concurrent.locks.LockSupport.parkNanos(LockSupport.java:215)
        at java.util.concurrent.locks.AbstractQueuedSynchronizer$ConditionObject.awaitNanos(AbstractQueuedSynchronizer.java:2078)
        at java.util.concurrent.ScheduledThreadPoolExecutor$DelayedWorkQueue.take(ScheduledThreadPoolExecutor.java:1093)
        at java.util.concurrent.ScheduledThreadPoolExecutor$DelayedWorkQueue.take(ScheduledThreadPoolExecutor.java:809)
        at java.util.concurrent.ThreadPoolExecutor.getTask(ThreadPoolExecutor.java:1074)
        at java.util.concurrent.ThreadPoolExecutor.runWorker(ThreadPoolExecutor.java:1134)
        at java.util.concurrent.ThreadPoolExecutor$Worker.run(ThreadPoolExecutor.java:624)
        at java.lang.Thread.run(Thread.java:750)
"EventQueue-PipelineReportForOneReplicaPipelineSafeModeRule" daemon prio=5 tid=506 in Object.wait()
java.lang.Thread.State: WAITING (on object monitor)
        at sun.misc.Unsafe.park(Native Method)
        at java.util.concurrent.locks.LockSupport.park(LockSupport.java:175)
        at java.util.concurrent.locks.AbstractQueuedSynchronizer$ConditionObject.await(AbstractQueuedSynchronizer.java:2039)
        at java.util.concurrent.LinkedBlockingQueue.take(LinkedBlockingQueue.java:442)
        at java.util.concurrent.ThreadPoolExecutor.getTask(ThreadPoolExecutor.java:1074)
        at java.util.concurrent.ThreadPoolExecutor.runWorker(ThreadPoolExecutor.java:1134)
        at java.util.concurrent.ThreadPoolExecutor$Worker.run(ThreadPoolExecutor.java:624)
        at java.lang.Thread.run(Thread.java:750)
"Datanode ReportManager Thread - 0" daemon prio=5 tid=381 timed_waiting
java.lang.Thread.State: TIMED_WAITING
        at sun.misc.Unsafe.park(Native Method)
        at java.util.concurrent.locks.LockSupport.parkNanos(LockSupport.java:215)
        at java.util.concurrent.locks.AbstractQueuedSynchronizer$ConditionObject.awaitNanos(AbstractQueuedSynchronizer.java:2078)
        at java.util.concurrent.ScheduledThreadPoolExecutor$DelayedWorkQueue.take(ScheduledThreadPoolExecutor.java:1093)
        at java.util.concurrent.ScheduledThreadPoolExecutor$DelayedWorkQueue.take(ScheduledThreadPoolExecutor.java:809)
        at java.util.concurrent.ThreadPoolExecutor.getTask(ThreadPoolExecutor.java:1074)
        at java.util.concurrent.ThreadPoolExecutor.runWorker(ThreadPoolExecutor.java:1134)
        at java.util.concurrent.ThreadPoolExecutor$Worker.run(ThreadPoolExecutor.java:624)
        at java.lang.Thread.run(Thread.java:750)
"qtp1218952455-377" daemon prio=5 tid=377 timed_waiting
java.lang.Thread.State: TIMED_WAITING
        at sun.misc.Unsafe.park(Native Method)
        at java.util.concurrent.locks.LockSupport.parkNanos(LockSupport.java:215)
        at java.util.concurrent.locks.AbstractQueuedSynchronizer$ConditionObject.awaitNanos(AbstractQueuedSynchronizer.java:2078)
        at org.eclipse.jetty.util.BlockingArrayQueue.poll(BlockingArrayQueue.java:382)
        at org.eclipse.jetty.util.thread.QueuedThreadPool$Runner.idleJobPoll(QueuedThreadPool.java:974)
        at org.eclipse.jetty.util.thread.QueuedThreadPool$Runner.run(QueuedThreadPool.java:1018)
        at java.lang.Thread.run(Thread.java:750)
"qtp51667109-230" daemon prio=5 tid=230 timed_waiting
java.lang.Thread.State: TIMED_WAITING
        at sun.misc.Unsafe.park(Native Method)
        at java.util.concurrent.locks.LockSupport.parkNanos(LockSupport.java:215)
        at java.util.concurrent.locks.AbstractQueuedSynchronizer$ConditionObject.awaitNanos(AbstractQueuedSynchronizer.java:2078)
        at org.eclipse.jetty.util.BlockingArrayQueue.poll(BlockingArrayQueue.java:382)
        at org.eclipse.jetty.util.thread.QueuedThreadPool$Runner.idleJobPoll(QueuedThreadPool.java:974)
        at org.eclipse.jetty.util.thread.QueuedThreadPool$Runner.run(QueuedThreadPool.java:1018)
        at java.lang.Thread.run(Thread.java:750)
"a2b9a5b5-e126-445d-90e8-946fc00ddc43@group-74DC051E88E8-FollowerState" daemon prio=5 tid=778 timed_waiting
java.lang.Thread.State: TIMED_WAITING
        at java.lang.Thread.sleep(Native Method)
        at java.lang.Thread.sleep(Thread.java:342)
        at java.util.concurrent.TimeUnit.sleep(TimeUnit.java:386)
        at org.apache.ratis.util.TimeDuration.sleep(TimeDuration.java:325)
        at org.apache.ratis.util.TimeDuration.sleep(TimeDuration.java:310)
        at org.apache.ratis.server.impl.FollowerState.run(FollowerState.java:128)
"0cbed28b-7e2e-4c55-93c4-a5222a360620@group-C5DF1AF2A9A6-FollowerState" daemon prio=5 tid=832 timed_waiting
java.lang.Thread.State: TIMED_WAITING
        at java.lang.Thread.sleep(Native Method)
        at java.lang.Thread.sleep(Thread.java:342)
        at java.util.concurrent.TimeUnit.sleep(TimeUnit.java:386)
        at org.apache.ratis.util.TimeDuration.sleep(TimeDuration.java:325)
        at org.apache.ratis.util.TimeDuration.sleep(TimeDuration.java:310)
        at org.apache.ratis.server.impl.FollowerState.run(FollowerState.java:128)


	at org.apache.ozone.test.GenericTestUtils.waitFor(GenericTestUtils.java:224)
	at org.apache.hadoop.ozone.container.TestECContainerRecovery.waitForContainerCount(TestECContainerRecovery.java:265)
	at org.apache.hadoop.ozone.container.TestECContainerRecovery.testContainerRecoveryOverReplicationProcessing(TestECContainerRecovery.java:209)
	at sun.reflect.NativeMethodAccessorImpl.invoke0(Native Method)
	at sun.reflect.NativeMethodAccessorImpl.invoke(NativeMethodAccessorImpl.java:62)
	at sun.reflect.DelegatingMethodAccessorImpl.invoke(DelegatingMethodAccessorImpl.java:43)
	at java.lang.reflect.Method.invoke(Method.java:498)
	at org.junit.platform.commons.util.ReflectionUtils.invokeMethod(ReflectionUtils.java:725)
	at org.junit.jupiter.engine.execution.MethodInvocation.proceed(MethodInvocation.java:60)
	at org.junit.jupiter.engine.execution.InvocationInterceptorChain$ValidatingInvocation.proceed(InvocationInterceptorChain.java:131)
	at org.junit.jupiter.engine.extension.TimeoutExtension.intercept(TimeoutExtension.java:149)
	at org.junit.jupiter.engine.extension.TimeoutExtension.interceptTestableMethod(TimeoutExtension.java:140)
	at org.junit.jupiter.engine.extension.TimeoutExtension.interceptTestMethod(TimeoutExtension.java:84)
	at org.junit.jupiter.engine.execution.ExecutableInvoker$ReflectiveInterceptorCall.lambda$ofVoidMethod$0(ExecutableInvoker.java:115)
	at org.junit.jupiter.engine.execution.ExecutableInvoker.lambda$invoke$0(ExecutableInvoker.java:105)
	at org.junit.jupiter.engine.execution.InvocationInterceptorChain$InterceptedInvocation.proceed(InvocationInterceptorChain.java:106)
	at org.junit.jupiter.engine.execution.InvocationInterceptorChain.proceed(InvocationInterceptorChain.java:64)
	at org.junit.jupiter.engine.execution.InvocationInterceptorChain.chainAndInvoke(InvocationInterceptorChain.java:45)
	at org.junit.jupiter.engine.execution.InvocationInterceptorChain.invoke(InvocationInterceptorChain.java:37)
	at org.junit.jupiter.engine.execution.ExecutableInvoker.invoke(ExecutableInvoker.java:104)
	at org.junit.jupiter.engine.execution.ExecutableInvoker.invoke(ExecutableInvoker.java:98)
	at org.junit.jupiter.engine.descriptor.TestMethodTestDescriptor.lambda$invokeTestMethod$7(TestMethodTestDescriptor.java:214)
	at org.junit.platform.engine.support.hierarchical.ThrowableCollector.execute(ThrowableCollector.java:73)
	at org.junit.jupiter.engine.descriptor.TestMethodTestDescriptor.invokeTestMethod(TestMethodTestDescriptor.java:210)
	at org.junit.jupiter.engine.descriptor.TestMethodTestDescriptor.execute(TestMethodTestDescriptor.java:135)
	at org.junit.jupiter.engine.descriptor.TestMethodTestDescriptor.execute(TestMethodTestDescriptor.java:66)
	at org.junit.platform.engine.support.hierarchical.NodeTestTask.lambda$executeRecursively$6(NodeTestTask.java:151)
	at org.junit.platform.engine.support.hierarchical.ThrowableCollector.execute(ThrowableCollector.java:73)
	at org.junit.platform.engine.support.hierarchical.NodeTestTask.lambda$executeRecursively$8(NodeTestTask.java:141)
	at org.junit.platform.engine.support.hierarchical.Node.around(Node.java:137)
	at org.junit.platform.engine.support.hierarchical.NodeTestTask.lambda$executeRecursively$9(NodeTestTask.java:139)
	at org.junit.platform.engine.support.hierarchical.ThrowableCollector.execute(ThrowableCollector.java:73)
	at org.junit.platform.engine.support.hierarchical.NodeTestTask.executeRecursively(NodeTestTask.java:138)
	at org.junit.platform.engine.support.hierarchical.NodeTestTask.execute(NodeTestTask.java:95)
	at java.util.ArrayList.forEach(ArrayList.java:1259)
	at org.junit.platform.engine.support.hierarchical.SameThreadHierarchicalTestExecutorService.invokeAll(SameThreadHierarchicalTestExecutorService.java:41)
	at org.junit.platform.engine.support.hierarchical.NodeTestTask.lambda$executeRecursively$6(NodeTestTask.java:155)
	at org.junit.platform.engine.support.hierarchical.ThrowableCollector.execute(ThrowableCollector.java:73)
	at org.junit.platform.engine.support.hierarchical.NodeTestTask.lambda$executeRecursively$8(NodeTestTask.java:141)
	at org.junit.platform.engine.support.hierarchical.Node.around(Node.java:137)
	at org.junit.platform.engine.support.hierarchical.NodeTestTask.lambda$executeRecursively$9(NodeTestTask.java:139)
	at org.junit.platform.engine.support.hierarchical.ThrowableCollector.execute(ThrowableCollector.java:73)
	at org.junit.platform.engine.support.hierarchical.NodeTestTask.executeRecursively(NodeTestTask.java:138)
	at org.junit.platform.engine.support.hierarchical.NodeTestTask.execute(NodeTestTask.java:95)
	at java.util.ArrayList.forEach(ArrayList.java:1259)
	at org.junit.platform.engine.support.hierarchical.SameThreadHierarchicalTestExecutorService.invokeAll(SameThreadHierarchicalTestExecutorService.java:41)
	at org.junit.platform.engine.support.hierarchical.NodeTestTask.lambda$executeRecursively$6(NodeTestTask.java:155)
	at org.junit.platform.engine.support.hierarchical.ThrowableCollector.execute(ThrowableCollector.java:73)
	at org.junit.platform.engine.support.hierarchical.NodeTestTask.lambda$executeRecursively$8(NodeTestTask.java:141)
	at org.junit.platform.engine.support.hierarchical.Node.around(Node.java:137)
	at org.junit.platform.engine.support.hierarchical.NodeTestTask.lambda$executeRecursively$9(NodeTestTask.java:139)
	at org.junit.platform.engine.support.hierarchical.ThrowableCollector.execute(ThrowableCollector.java:73)
	at org.junit.platform.engine.support.hierarchical.NodeTestTask.executeRecursively(NodeTestTask.java:138)
	at org.junit.platform.engine.support.hierarchical.NodeTestTask.execute(NodeTestTask.java:95)
	at org.junit.platform.engine.support.hierarchical.SameThreadHierarchicalTestExecutorService.submit(SameThreadHierarchicalTestExecutorService.java:35)
	at org.junit.platform.engine.support.hierarchical.HierarchicalTestExecutor.execute(HierarchicalTestExecutor.java:57)
	at org.junit.platform.engine.support.hierarchical.HierarchicalTestEngine.execute(HierarchicalTestEngine.java:54)
	at org.junit.platform.launcher.core.EngineExecutionOrchestrator.execute(EngineExecutionOrchestrator.java:107)
	at org.junit.platform.launcher.core.EngineExecutionOrchestrator.execute(EngineExecutionOrchestrator.java:88)
	at org.junit.platform.launcher.core.EngineExecutionOrchestrator.lambda$execute$0(EngineExecutionOrchestrator.java:54)
	at org.junit.platform.launcher.core.EngineExecutionOrchestrator.withInterceptedStreams(EngineExecutionOrchestrator.java:67)
	at org.junit.platform.launcher.core.EngineExecutionOrchestrator.execute(EngineExecutionOrchestrator.java:52)
	at org.junit.platform.launcher.core.DefaultLauncher.execute(DefaultLauncher.java:114)
	at org.junit.platform.launcher.core.DefaultLauncher.execute(DefaultLauncher.java:86)
	at org.junit.platform.launcher.core.DefaultLauncherSession$DelegatingLauncher.execute(DefaultLauncherSession.java:86)
	at org.junit.platform.launcher.core.SessionPerRequestLauncher.execute(SessionPerRequestLauncher.java:53)
	at org.apache.maven.surefire.junitplatform.JUnitPlatformProvider.execute(JUnitPlatformProvider.java:188)
	at org.apache.maven.surefire.junitplatform.JUnitPlatformProvider.invokeAllTests(JUnitPlatformProvider.java:154)
	at org.apache.maven.surefire.junitplatform.JUnitPlatformProvider.invoke(JUnitPlatformProvider.java:124)
	at org.apache.maven.surefire.booter.ForkedBooter.runSuitesInProcess(ForkedBooter.java:428)
	at org.apache.maven.surefire.booter.ForkedBooter.execute(ForkedBooter.java:162)
	at org.apache.maven.surefire.booter.ForkedBooter.run(ForkedBooter.java:562)
	at org.apache.maven.surefire.booter.ForkedBooter.main(ForkedBooter.java:548)
]]></error>
    <system-out><![CDATA[2022-10-20 01:29:22,408 [main] WARN  server.ServerUtils (ServerUtils.java:getScmDbDir(148)) - ozone.scm.db.dirs is not configured. We recommend adding this setting. Falling back to ozone.metadata.dirs instead.
2022-10-20 01:29:22,493 [main] WARN  server.ServerUtils (ServerUtils.java:getScmDbDir(148)) - ozone.scm.db.dirs is not configured. We recommend adding this setting. Falling back to ozone.metadata.dirs instead.
2022-10-20 01:29:22,497 [main] INFO  ha.SCMHANodeDetails (SCMHANodeDetails.java:loadSCMHAConfig(209)) - ServiceID for StorageContainerManager is null
2022-10-20 01:29:22,506 [main] WARN  ha.SCMHANodeDetails (SCMHANodeDetails.java:validateSCMHAConfig(182)) - Invalid config ozone.scm.ratis.enable. The config was not specified, but the default value true conflicts with the expected config value false. Falling back to the expected value. Current State of SCM: SCM is running in Non-HA without Ratis Ratis SCM -> Non Ratis SCM or Non HA SCM -> HA SCM is not supported
2022-10-20 01:29:22,507 [main] INFO  ha.SCMHANodeDetails (SCMHANodeDetails.java:loadSCMHAConfig(214)) - ozone.scm.default.service.id is not defined, falling back to ozone.scm.service.ids to find serviceID for StorageContainerManager if it is HA enabled cluster
2022-10-20 01:29:22,999 [main] WARN  utils.HAUtils (HAUtils.java:getMetaDir(342)) - ozone.scm.db.dirs is not configured. We recommend adding this setting. Falling back to ozone.metadata.dirs instead.
2022-10-20 01:29:23,139 [main] WARN  db.DBStoreBuilder (DBStoreBuilder.java:applyDBDefinition(144)) - ozone.scm.db.dirs is not configured. We recommend adding this setting. Falling back to ozone.metadata.dirs instead.
2022-10-20 01:29:23,391 [main] INFO  net.NodeSchemaLoader (NodeSchemaLoader.java:loadSchemaFromFile(129)) - Loading schema from [jar:file:/home/runner/.m2/repository/org/apache/ozone/hdds-common/1.3.0-SNAPSHOT/hdds-common-1.3.0-SNAPSHOT.jar!/network-topology-default.xml]
2022-10-20 01:29:23,393 [main] INFO  net.NodeSchemaLoader (NodeSchemaLoader.java:loadSchema(176)) - Loading network topology layer schema file
2022-10-20 01:29:23,431 [main] INFO  metrics.MetricRegistries (MetricRegistriesLoader.java:load(64)) - Loaded MetricRegistries class org.apache.ratis.metrics.impl.MetricRegistriesImpl
2022-10-20 01:29:23,438 [main] INFO  upgrade.AbstractLayoutVersionManager (AbstractLayoutVersionManager.java:init(83)) - Initializing Layout version manager with metadata layout = DATANODE_SCHEMA_V3 (version = 4), software layout = DATANODE_SCHEMA_V3 (version = 4)
2022-10-20 01:29:23,661 [main] INFO  reflections.Reflections (Reflections.java:scan(232)) - Reflections took 141 ms to scan 7 urls, producing 137 keys and 328 values 
2022-10-20 01:29:23,782 [main] INFO  ha.SequenceIdGenerator (SequenceIdGenerator.java:upgradeToSequenceId(349)) - upgrade localId to 109611004723200000
2022-10-20 01:29:23,782 [main] INFO  ha.SequenceIdGenerator (SequenceIdGenerator.java:upgradeToSequenceId(359)) - upgrade delTxnId to 0
2022-10-20 01:29:23,785 [main] INFO  ha.SequenceIdGenerator (SequenceIdGenerator.java:upgradeToSequenceId(376)) - upgrade containerId to 0
2022-10-20 01:29:23,787 [main] INFO  ha.SequenceIdGenerator (SequenceIdGenerator.java:<init>(220)) - Init the HA SequenceIdGenerator.
2022-10-20 01:29:23,819 [main] WARN  server.ServerUtils (ServerUtils.java:sanitizeUserArgs(67)) - ozone.scm.stale.node.interval value = 1000 is smaller than min = 3000 based on the key value of hdds.heartbeat.interval, reset to the min value 3000.
2022-10-20 01:29:23,819 [main] WARN  server.ServerUtils (ServerUtils.java:sanitizeUserArgs(67)) - ozone.scm.stale.node.interval value = 1000 is smaller than min = 3000 based on the key value of hdds.heartbeat.interval, reset to the min value 3000.
2022-10-20 01:29:23,820 [main] WARN  server.ServerUtils (ServerUtils.java:sanitizeUserArgs(67)) - ozone.scm.dead.node.interval value = 1000 is smaller than min = 6000 based on the key value of ozone.scm.stale.node.interval, reset to the min value 6000.
2022-10-20 01:29:23,824 [main] INFO  node.SCMNodeManager (SCMNodeManager.java:<init>(149)) - Entering startup safe mode.
2022-10-20 01:29:23,878 [main] INFO  algorithms.ContainerPlacementPolicyFactory (ContainerPlacementPolicyFactory.java:getPolicyInternal(86)) - Create container placement policy of type org.apache.hadoop.hdds.scm.container.placement.algorithms.SCMContainerPlacementRandom
2022-10-20 01:29:23,880 [main] INFO  algorithms.ContainerPlacementPolicyFactory (ContainerPlacementPolicyFactory.java:getPolicyInternal(86)) - Create container placement policy of type org.apache.hadoop.hdds.scm.container.placement.algorithms.SCMContainerPlacementRackScatter
2022-10-20 01:29:23,888 [main] INFO  pipeline.PipelineStateManagerImpl (PipelineStateManagerImpl.java:initialize(78)) - No pipeline exists in current db
2022-10-20 01:29:23,928 [main] INFO  algorithms.LeaderChoosePolicyFactory (LeaderChoosePolicyFactory.java:getPolicy(57)) - Create leader choose policy of type org.apache.hadoop.hdds.scm.pipeline.leader.choose.algorithms.MinLeaderCountChoosePolicy
2022-10-20 01:29:23,929 [main] INFO  algorithms.ContainerPlacementPolicyFactory (ContainerPlacementPolicyFactory.java:getPolicyInternal(86)) - Create container placement policy of type org.apache.hadoop.hdds.scm.container.placement.algorithms.SCMContainerPlacementRackScatter
2022-10-20 01:29:23,934 [main] INFO  ha.SCMServiceManager (SCMServiceManager.java:register(42)) - Registering service BackgroundPipelineCreator.
2022-10-20 01:29:23,934 [main] INFO  pipeline.BackgroundPipelineCreator (BackgroundPipelineCreator.java:start(124)) - Starting RatisPipelineUtilsThread.
2022-10-20 01:29:23,937 [main] INFO  BackgroundPipelineScrubber (BackgroundSCMService.java:start(68)) - Starting BackgroundPipelineScrubber Service.
2022-10-20 01:29:23,938 [main] INFO  ha.SCMServiceManager (SCMServiceManager.java:register(42)) - Registering service BackgroundPipelineScrubber.
2022-10-20 01:29:23,944 [main] INFO  ExpiredContainerReplicaOpScrubber (BackgroundSCMService.java:start(68)) - Starting ExpiredContainerReplicaOpScrubber Service.
2022-10-20 01:29:23,946 [main] INFO  ha.SCMServiceManager (SCMServiceManager.java:register(42)) - Registering service ExpiredContainerReplicaOpScrubber.
2022-10-20 01:29:23,989 [main] INFO  algorithms.PipelineChoosePolicyFactory (PipelineChoosePolicyFactory.java:createPipelineChoosePolicyFromClass(73)) - Create pipeline choose policy of type org.apache.hadoop.hdds.scm.pipeline.choose.algorithms.RandomPipelineChoosePolicy
2022-10-20 01:29:24,009 [main] INFO  ha.SCMServiceManager (SCMServiceManager.java:register(42)) - Registering service SCMBlockDeletingService.
2022-10-20 01:29:24,055 [main] INFO  replication.ReplicationManager (ReplicationManager.java:start(234)) - Starting Replication Monitor Thread.
2022-10-20 01:29:24,066 [main] INFO  ha.SCMServiceManager (SCMServiceManager.java:register(42)) - Registering service ReplicationManager.
2022-10-20 01:29:24,071 [ReplicationMonitor] INFO  replication.ReplicationManager (ReplicationManager.java:processAll(302)) - Replication Manager is not ready to run until 3000ms after safemode exit
2022-10-20 01:29:24,079 [main] INFO  safemode.ContainerSafeModeRule (ContainerSafeModeRule.java:<init>(89)) - containers with one replica threshold count 0
2022-10-20 01:29:24,082 [main] INFO  safemode.HealthyPipelineSafeModeRule (HealthyPipelineSafeModeRule.java:initializeRule(169)) - Total pipeline count is 0, healthy pipeline threshold count is 1
2022-10-20 01:29:24,084 [main] INFO  safemode.OneReplicaPipelineSafeModeRule (OneReplicaPipelineSafeModeRule.java:initializeRule(180)) - Total pipeline count is 0, pipeline's with at least one datanode reported threshold count is 0
2022-10-20 01:29:24,332 [main] INFO  audit.AuditLogger (AuditLogger.java:refreshDebugCmdSet(126)) - Refresh DebugCmdSet for SCMAudit to [].
2022-10-20 01:29:24,357 [main] INFO  ipc.CallQueueManager (CallQueueManager.java:<init>(90)) - Using callQueue: class java.util.concurrent.LinkedBlockingQueue, queueCapacity: 2000, scheduler: class org.apache.hadoop.ipc.DefaultRpcScheduler, ipcBackoff: false.
2022-10-20 01:29:24,389 [Socket Reader #1 for port 0] INFO  ipc.Server (Server.java:run(1273)) - Starting Socket Reader #1 for port 0
2022-10-20 01:29:24,436 [Listener at 0.0.0.0/46513] INFO  audit.AuditLogger (AuditLogger.java:refreshDebugCmdSet(126)) - Refresh DebugCmdSet for SCMAudit to [].
2022-10-20 01:29:24,441 [Listener at 0.0.0.0/46513] INFO  ipc.CallQueueManager (CallQueueManager.java:<init>(90)) - Using callQueue: class java.util.concurrent.LinkedBlockingQueue, queueCapacity: 2000, scheduler: class org.apache.hadoop.ipc.DefaultRpcScheduler, ipcBackoff: false.
2022-10-20 01:29:24,442 [Socket Reader #1 for port 0] INFO  ipc.Server (Server.java:run(1273)) - Starting Socket Reader #1 for port 0
2022-10-20 01:29:24,474 [Listener at 0.0.0.0/37109] INFO  audit.AuditLogger (AuditLogger.java:refreshDebugCmdSet(126)) - Refresh DebugCmdSet for SCMAudit to [].
2022-10-20 01:29:24,485 [Listener at 0.0.0.0/37109] INFO  ipc.CallQueueManager (CallQueueManager.java:<init>(90)) - Using callQueue: class java.util.concurrent.LinkedBlockingQueue, queueCapacity: 2000, scheduler: class org.apache.hadoop.ipc.DefaultRpcScheduler, ipcBackoff: false.
2022-10-20 01:29:24,487 [Socket Reader #1 for port 0] INFO  ipc.Server (Server.java:run(1273)) - Starting Socket Reader #1 for port 0
2022-10-20 01:29:24,545 [Listener at 0.0.0.0/35707] INFO  ha.SCMServiceManager (SCMServiceManager.java:register(42)) - Registering service ContainerBalancer.
2022-10-20 01:29:24,546 [Listener at 0.0.0.0/35707] INFO  server.StorageContainerManager (StorageContainerManager.java:<init>(410)) - 
Container Balancer status:
Key                            Value
Running                        true
Container Balancer Configuration values:
Key                                                Value
Threshold                                          10
Max Datanodes to Involve per Iteration(percent)    20
Max Size to Move per Iteration                     500GB
Max Size Entering Target per Iteration             26GB
Max Size Leaving Source per Iteration              26GB

2022-10-20 01:29:24,548 [Listener at 0.0.0.0/35707] WARN  events.EventQueue (EventQueue.java:fireEvent(216)) - No event handler registered for event TypedEvent{payloadType=SafeModeStatus, name='Safe mode status'}
2022-10-20 01:29:24,548 [Listener at 0.0.0.0/35707] INFO  ha.SCMContext (SCMContext.java:updateSafeModeStatus(228)) - Update SafeModeStatus from SafeModeStatus{safeModeStatus=true, preCheckPassed=false} to SafeModeStatus{safeModeStatus=true, preCheckPassed=false}.
2022-10-20 01:29:24,551 [Listener at 0.0.0.0/35707] INFO  server.StorageContainerManager (StorageContainerManager.java:start(1436)) - StorageContainerLocationProtocol RPC server is listening at /0.0.0.0:35707
2022-10-20 01:29:24,607 [Listener at 0.0.0.0/35707] WARN  impl.MetricsConfig (MetricsConfig.java:loadFirst(136)) - Cannot locate configuration: tried hadoop-metrics2-storagecontainermanager.properties,hadoop-metrics2.properties
2022-10-20 01:29:24,617 [Listener at 0.0.0.0/35707] INFO  impl.MetricsSystemImpl (MetricsSystemImpl.java:startTimer(378)) - Scheduled Metric snapshot period at 10 second(s).
2022-10-20 01:29:24,617 [Listener at 0.0.0.0/35707] INFO  impl.MetricsSystemImpl (MetricsSystemImpl.java:start(191)) - StorageContainerManager metrics system started
2022-10-20 01:29:24,891 [Listener at 0.0.0.0/35707] INFO  server.SCMClientProtocolServer (SCMClientProtocolServer.java:start(170)) - RPC server for Client  is listening at /0.0.0.0:35707
2022-10-20 01:29:24,891 [IPC Server Responder] INFO  ipc.Server (Server.java:run(1512)) - IPC Server Responder: starting
2022-10-20 01:29:24,892 [IPC Server listener on 0] INFO  ipc.Server (Server.java:run(1352)) - IPC Server listener on 0: starting
2022-10-20 01:29:24,895 [Listener at 0.0.0.0/35707] INFO  server.StorageContainerManager (StorageContainerManager.java:start(1451)) - ScmBlockLocationProtocol RPC server is listening at /0.0.0.0:37109
2022-10-20 01:29:24,895 [Listener at 0.0.0.0/35707] INFO  server.SCMBlockProtocolServer (SCMBlockProtocolServer.java:start(152)) - RPC server for Block Protocol is listening at /0.0.0.0:37109
2022-10-20 01:29:24,896 [IPC Server Responder] INFO  ipc.Server (Server.java:run(1512)) - IPC Server Responder: starting
2022-10-20 01:29:24,896 [IPC Server listener on 0] INFO  ipc.Server (Server.java:run(1352)) - IPC Server listener on 0: starting
2022-10-20 01:29:24,898 [Listener at 0.0.0.0/35707] INFO  server.SCMDatanodeProtocolServer (SCMDatanodeProtocolServer.java:start(186)) - ScmDatanodeProtocol RPC server for DataNodes is listening at /0.0.0.0:46513
2022-10-20 01:29:24,899 [IPC Server Responder] INFO  ipc.Server (Server.java:run(1512)) - IPC Server Responder: starting
2022-10-20 01:29:24,899 [IPC Server listener on 0] INFO  ipc.Server (Server.java:run(1352)) - IPC Server listener on 0: starting
2022-10-20 01:29:24,911 [org.apache.hadoop.util.JvmPauseMonitor$Monitor@fdf029a] INFO  util.JvmPauseMonitor (JvmPauseMonitor.java:run(188)) - Starting JVM pause monitor
2022-10-20 01:29:24,926 [Listener at 0.0.0.0/35707] INFO  http.BaseHttpServer (BaseHttpServer.java:newHttpServer2BuilderForOzone(213)) - Starting Web-server for scm at: http://0.0.0.0:0
2022-10-20 01:29:24,927 [Listener at 0.0.0.0/35707] INFO  http.BaseHttpServer (BaseHttpServer.java:<init>(108)) - Hadoop Security Enabled: false Ozone Security Enabled: false Ozone HTTP Security Enabled: false 
2022-10-20 01:29:24,949 [Listener at 0.0.0.0/35707] INFO  util.log (Log.java:initialized(170)) - Logging initialized @3821ms to org.eclipse.jetty.util.log.Slf4jLog
2022-10-20 01:29:25,035 [Listener at 0.0.0.0/35707] WARN  server.AuthenticationFilter (AuthenticationFilter.java:constructSecretProvider(240)) - Unable to initialize FileSignerSecretProvider, falling back to use random secrets. Reason: Could not read signature secret file: /home/runner/hadoop-http-auth-signature-secret
2022-10-20 01:29:25,041 [Listener at 0.0.0.0/35707] WARN  http.HttpRequestLog (HttpRequestLog.java:getRequestLog(103)) - Jetty request log can only be enabled using Log4j
2022-10-20 01:29:25,047 [Listener at 0.0.0.0/35707] INFO  http.HttpServer2 (HttpServer2.java:addGlobalFilter(1031)) - Added global filter 'safety' (class=org.apache.hadoop.hdds.server.http.HttpServer2$QuotingInputFilter)
2022-10-20 01:29:25,048 [Listener at 0.0.0.0/35707] INFO  http.HttpServer2 (HttpServer2.java:addFilter(1007)) - Added filter static_user_filter (class=org.apache.hadoop.http.lib.StaticUserWebFilter$StaticUserFilter) to context scm
2022-10-20 01:29:25,049 [Listener at 0.0.0.0/35707] INFO  http.HttpServer2 (HttpServer2.java:addFilter(1015)) - Added filter static_user_filter (class=org.apache.hadoop.http.lib.StaticUserWebFilter$StaticUserFilter) to context logs
2022-10-20 01:29:25,049 [Listener at 0.0.0.0/35707] INFO  http.HttpServer2 (HttpServer2.java:addFilter(1015)) - Added filter static_user_filter (class=org.apache.hadoop.http.lib.StaticUserWebFilter$StaticUserFilter) to context static
2022-10-20 01:29:25,087 [Listener at 0.0.0.0/35707] INFO  http.HttpServer2 (HttpServer2.java:bindListener(1250)) - Jetty bound to port 40125
2022-10-20 01:29:25,088 [Listener at 0.0.0.0/35707] INFO  server.Server (Server.java:doStart(375)) - jetty-9.4.43.v20210629; built: 2021-06-30T11:07:22.254Z; git: 526006ecfa3af7f1a27ef3a288e2bef7ea9dd7e8; jvm 1.8.0_345-b01
2022-10-20 01:29:25,123 [Listener at 0.0.0.0/35707] INFO  server.session (DefaultSessionIdManager.java:doStart(334)) - DefaultSessionIdManager workerName=node0
2022-10-20 01:29:25,124 [Listener at 0.0.0.0/35707] INFO  server.session (DefaultSessionIdManager.java:doStart(339)) - No SessionScavenger set, using defaults
2022-10-20 01:29:25,125 [Listener at 0.0.0.0/35707] INFO  server.session (HouseKeeper.java:startScavenging(132)) - node0 Scavenging every 600000ms
2022-10-20 01:29:25,136 [Listener at 0.0.0.0/35707] INFO  handler.ContextHandler (ContextHandler.java:doStart(915)) - Started o.e.j.s.ServletContextHandler@113cc14d{logs,/logs,file:///home/runner/work/ozone/ozone/hadoop-ozone/integration-test/target/log,AVAILABLE}
2022-10-20 01:29:25,137 [Listener at 0.0.0.0/35707] INFO  handler.ContextHandler (ContextHandler.java:doStart(915)) - Started o.e.j.s.ServletContextHandler@47c422d3{static,/static,file:///home/runner/work/ozone/ozone/hadoop-ozone/integration-test/target/test-classes/webapps/static,AVAILABLE}
2022-10-20 01:29:25,179 [Listener at 0.0.0.0/35707] INFO  handler.ContextHandler (ContextHandler.java:doStart(915)) - Started o.e.j.w.WebAppContext@5b16e486{scm,/,file:///home/runner/work/ozone/ozone/hadoop-ozone/integration-test/target/test-classes/webapps/scm/,AVAILABLE}{file:/home/runner/work/ozone/ozone/hadoop-ozone/integration-test/target/test-classes/webapps/scm}
2022-10-20 01:29:25,188 [Listener at 0.0.0.0/35707] INFO  server.AbstractConnector (AbstractConnector.java:doStart(331)) - Started ServerConnector@4dd425dc{HTTP/1.1, (http/1.1)}{0.0.0.0:40125}
2022-10-20 01:29:25,188 [Listener at 0.0.0.0/35707] INFO  server.Server (Server.java:doStart(415)) - Started @4061ms
2022-10-20 01:29:25,192 [Listener at 0.0.0.0/35707] INFO  impl.MetricsSinkAdapter (MetricsSinkAdapter.java:start(204)) - Sink prometheus started
2022-10-20 01:29:25,192 [Listener at 0.0.0.0/35707] INFO  impl.MetricsSystemImpl (MetricsSystemImpl.java:registerSink(305)) - Registered sink prometheus
2022-10-20 01:29:25,193 [Listener at 0.0.0.0/35707] INFO  http.BaseHttpServer (BaseHttpServer.java:updateConnectorAddress(333)) - HTTP server of scm listening at http://0.0.0.0:40125
2022-10-20 01:29:25,194 [Listener at 0.0.0.0/35707] WARN  server.ServerUtils (ServerUtils.java:getDBPath(225)) - ozone.om.db.dirs is not configured. We recommend adding this setting. Falling back to ozone.metadata.dirs instead.
2022-10-20 01:29:25,256 [Listener at 0.0.0.0/35707] INFO  audit.AuditLogger (AuditLogger.java:refreshDebugCmdSet(126)) - Refresh DebugCmdSet for OMAudit to [].
2022-10-20 01:29:25,330 [Listener at 0.0.0.0/35707] INFO  ha.OMHANodeDetails (OMHANodeDetails.java:loadOMHAConfig(115)) - ozone.om.internal.service.id is not defined, falling back to ozone.om.service.ids to find serviceID for OzoneManager if it is HA enabled cluster
2022-10-20 01:29:25,333 [Listener at 0.0.0.0/35707] INFO  ha.OMHANodeDetails (OMHANodeDetails.java:loadOMHAConfig(226)) - Configuration does not have ozone.om.address set. Falling back to the default OM address /127.0.0.1:0
2022-10-20 01:29:25,333 [Listener at 0.0.0.0/35707] INFO  ha.OMHANodeDetails (OMHANodeDetails.java:getOMNodeDetailsForNonHA(254)) - OM Service ID is not set. Setting it to the default ID: omServiceIdDefault
2022-10-20 01:29:25,333 [Listener at 0.0.0.0/35707] INFO  ha.OMHANodeDetails (OMHANodeDetails.java:getOMNodeDetailsForNonHA(261)) - OM Node ID is not set. Setting it to the default ID: om1
2022-10-20 01:29:25,338 [Listener at 0.0.0.0/35707] WARN  server.ServerUtils (ServerUtils.java:getDBPath(225)) - ozone.om.db.dirs is not configured. We recommend adding this setting. Falling back to ozone.metadata.dirs instead.
2022-10-20 01:29:25,339 [Listener at 0.0.0.0/35707] INFO  upgrade.AbstractLayoutVersionManager (AbstractLayoutVersionManager.java:init(83)) - Initializing Layout version manager with metadata layout = MULTITENANCY_SCHEMA (version = 3), software layout = MULTITENANCY_SCHEMA (version = 3)
2022-10-20 01:29:25,425 [Listener at 0.0.0.0/35707] INFO  reflections.Reflections (Reflections.java:scan(232)) - Reflections took 82 ms to scan 2 urls, producing 154 keys and 428 values [using 2 cores]
2022-10-20 01:29:25,429 [Listener at 0.0.0.0/35707] INFO  upgrade.OMLayoutVersionManager (OMLayoutVersionManager.java:lambda$0(115)) - Skipping Upgrade Action MockOmUpgradeAction since it has been finalized.
2022-10-20 01:29:25,430 [Listener at 0.0.0.0/35707] WARN  server.ServerUtils (ServerUtils.java:getDBPath(225)) - ozone.om.db.dirs is not configured. We recommend adding this setting. Falling back to ozone.metadata.dirs instead.
2022-10-20 01:29:25,575 [Listener at 0.0.0.0/35707] INFO  proxy.SCMBlockLocationFailoverProxyProvider (SCMBlockLocationFailoverProxyProvider.java:<init>(114)) - Created block location fail-over proxy with 1 nodes: [nodeId=scmNodeId,nodeAddress=/0.0.0.0:37109]
2022-10-20 01:29:25,604 [Listener at 0.0.0.0/35707] INFO  proxy.SCMBlockLocationFailoverProxyProvider (SCMBlockLocationFailoverProxyProvider.java:<init>(114)) - Created block location fail-over proxy with 1 nodes: [nodeId=scmNodeId,nodeAddress=/0.0.0.0:37109]
2022-10-20 01:29:25,781 [Listener at 0.0.0.0/35707] WARN  server.ServerUtils (ServerUtils.java:getDBPath(225)) - ozone.om.db.dirs is not configured. We recommend adding this setting. Falling back to ozone.metadata.dirs instead.
2022-10-20 01:29:25,787 [Listener at 0.0.0.0/35707] INFO  codec.OmKeyInfoCodec (OmKeyInfoCodec.java:<init>(49)) - OmKeyInfoCodec ignorePipeline = true
2022-10-20 01:29:25,788 [Listener at 0.0.0.0/35707] INFO  codec.RepeatedOmKeyInfoCodec (RepeatedOmKeyInfoCodec.java:<init>(41)) - RepeatedOmKeyInfoCodec ignorePipeline = true
2022-10-20 01:29:25,934 [Listener at 0.0.0.0/35707] INFO  om.OzoneManager (OzoneManager.java:instantiateServices(712)) - S3 Multi-Tenancy is disabled
2022-10-20 01:29:26,006 [Listener at 0.0.0.0/35707] INFO  om.OzoneManager (OzoneManager.java:addS3GVolumeToDB(4386)) - Created Volume s3v With Owner runner required for S3Gateway operations.
2022-10-20 01:29:26,075 [Listener at 0.0.0.0/35707] WARN  server.ServerUtils (ServerUtils.java:getDefaultRatisDirectory(237)) - Storage directory for Ratis is not configured. It is a good idea to map this to an SSD disk. Falling back to ozone.metadata.dirs
2022-10-20 01:29:26,075 [Listener at 0.0.0.0/35707] WARN  utils.OzoneManagerRatisUtils (OzoneManagerRatisUtils.java:getOMRatisSnapshotDirectory(434)) - ozone.om.ratis.snapshot.dir is not configured. Falling back to ozone.metadata.dirs config
2022-10-20 01:29:26,093 [Listener at 0.0.0.0/35707] WARN  server.ServerUtils (ServerUtils.java:getDefaultRatisDirectory(237)) - Storage directory for Ratis is not configured. It is a good idea to map this to an SSD disk. Falling back to ozone.metadata.dirs
2022-10-20 01:29:26,122 [Listener at 0.0.0.0/35707] INFO  ratis.OzoneManagerRatisServer (OzoneManagerRatisServer.java:<init>(160)) - Instantiating OM Ratis server with groupID: omServiceIdDefault and peers: localhost:9872
2022-10-20 01:29:26,130 [Listener at 0.0.0.0/35707] INFO  ratis.OzoneManagerStateMachine (OzoneManagerStateMachine.java:loadSnapshotInfoFromDB(636)) - LastAppliedIndex is set from TransactionInfo from OM DB as (t:0, i:~)
2022-10-20 01:29:26,175 [Listener at 0.0.0.0/35707] INFO  server.RaftServer (ConfUtils.java:logGet(46)) - raft.rpc.type = GRPC (default)
2022-10-20 01:29:26,256 [Listener at 0.0.0.0/35707] INFO  grpc.GrpcConfigKeys (ConfUtils.java:logFallback(53)) - raft.grpc.admin.host = null (fallback to raft.grpc.server.host)
2022-10-20 01:29:26,257 [Listener at 0.0.0.0/35707] INFO  grpc.GrpcConfigKeys (ConfUtils.java:logFallback(53)) - raft.grpc.admin.port = 9872 (fallback to raft.grpc.server.port)
2022-10-20 01:29:26,258 [Listener at 0.0.0.0/35707] INFO  grpc.GrpcConfigKeys (ConfUtils.java:logFallback(53)) - raft.grpc.client.host = null (fallback to raft.grpc.server.host)
2022-10-20 01:29:26,259 [Listener at 0.0.0.0/35707] INFO  grpc.GrpcConfigKeys (ConfUtils.java:logFallback(53)) - raft.grpc.client.port = 9872 (fallback to raft.grpc.server.port)
2022-10-20 01:29:26,259 [Listener at 0.0.0.0/35707] INFO  grpc.GrpcConfigKeys (ConfUtils.java:logGet(46)) - raft.grpc.server.host = null (default)
2022-10-20 01:29:26,259 [Listener at 0.0.0.0/35707] INFO  grpc.GrpcConfigKeys (ConfUtils.java:logGet(46)) - raft.grpc.server.port = 9872 (custom)
2022-10-20 01:29:26,260 [Listener at 0.0.0.0/35707] INFO  server.GrpcService (ConfUtils.java:logGet(46)) - raft.grpc.message.size.max = 33554432 (custom)
2022-10-20 01:29:26,262 [Listener at 0.0.0.0/35707] INFO  server.RaftServerConfigKeys (ConfUtils.java:logGet(46)) - raft.server.log.appender.buffer.byte-limit = 33554432 (custom)
2022-10-20 01:29:26,264 [Listener at 0.0.0.0/35707] INFO  server.GrpcService (ConfUtils.java:logGet(46)) - raft.grpc.flow.control.window = 1MB (=1048576) (default)
2022-10-20 01:29:26,265 [Listener at 0.0.0.0/35707] INFO  server.RaftServerConfigKeys (ConfUtils.java:logGet(46)) - raft.server.rpc.request.timeout = 3000ms (default)
2022-10-20 01:29:26,278 [Listener at 0.0.0.0/35707] INFO  grpc.GrpcConfigKeys (ConfUtils.java:logGet(46)) - raft.grpc.server.heartbeat.channel = true (default)
2022-10-20 01:29:26,282 [Listener at 0.0.0.0/35707] INFO  grpc.GrpcConfigKeys (ConfUtils.java:logGet(46)) - raft.grpc.server.async.request.thread.pool.cached = true (default)
2022-10-20 01:29:26,282 [Listener at 0.0.0.0/35707] INFO  grpc.GrpcConfigKeys (ConfUtils.java:logGet(46)) - raft.grpc.server.async.request.thread.pool.size = 32 (default)
2022-10-20 01:29:26,531 [Listener at 0.0.0.0/35707] INFO  impl.DataStreamServerImpl (ConfUtils.java:logGet(46)) - raft.datastream.type = DISABLED (default)
2022-10-20 01:29:26,534 [Listener at 0.0.0.0/35707] INFO  server.RaftServerConfigKeys (ConfUtils.java:logGet(46)) - raft.server.threadpool.proxy.cached = true (default)
2022-10-20 01:29:26,536 [Listener at 0.0.0.0/35707] INFO  server.RaftServerConfigKeys (ConfUtils.java:logGet(46)) - raft.server.threadpool.proxy.size = 0 (default)
2022-10-20 01:29:26,536 [Listener at 0.0.0.0/35707] INFO  server.RaftServerConfigKeys (ConfUtils.java:logGet(46)) - raft.server.rpc.slowness.timeout = 120s (custom)
2022-10-20 01:29:26,536 [Listener at 0.0.0.0/35707] INFO  server.RaftServerConfigKeys (ConfUtils.java:logGet(46)) - raft.server.leaderelection.leader.step-down.wait-time = 10s (default)
2022-10-20 01:29:26,540 [Listener at 0.0.0.0/35707] INFO  server.RaftServerConfigKeys (ConfUtils.java:logGet(46)) - raft.server.storage.dir = [/home/runner/work/ozone/ozone/hadoop-ozone/integration-test/target/test-dir/MiniOzoneClusterImpl-1c2b738d-be74-4a40-b887-8630efe04021/ozone-meta/ratis] (custom)
2022-10-20 01:29:26,555 [Listener at 0.0.0.0/35707] INFO  server.RaftServer (RaftServerProxy.java:addNew(96)) - om1: addNew group-C5BA1605619E:[om1|rpc:localhost:9872|priority:0|startupRole:FOLLOWER] returns group-C5BA1605619E:java.util.concurrent.CompletableFuture@1a19fbfb[Not completed]
2022-10-20 01:29:26,555 [Listener at 0.0.0.0/35707] INFO  om.OzoneManager (OzoneManager.java:initializeRatisServer(1975)) - OzoneManager Ratis server initialized at port 9872
2022-10-20 01:29:26,568 [Listener at 0.0.0.0/35707] INFO  om.OzoneManager (OzoneManager.java:getRpcServer(1101)) - Creating RPC Server
2022-10-20 01:29:26,579 [pool-55-thread-1] INFO  server.RaftServer$Division (RaftServerImpl.java:<init>(195)) - om1: new RaftServerImpl for group-C5BA1605619E:[om1|rpc:localhost:9872|priority:0|startupRole:FOLLOWER] with OzoneManagerStateMachine:uninitialized
2022-10-20 01:29:26,585 [pool-55-thread-1] INFO  server.RaftServerConfigKeys (ConfUtils.java:logGet(46)) - raft.server.rpc.timeout.min = 1s (custom)
2022-10-20 01:29:26,585 [pool-55-thread-1] INFO  server.RaftServerConfigKeys (ConfUtils.java:logGet(46)) - raft.server.rpc.timeout.max = 1200ms (custom)
2022-10-20 01:29:26,585 [pool-55-thread-1] INFO  server.RaftServerConfigKeys (ConfUtils.java:logGet(46)) - raft.server.rpc.sleep.time = 25ms (default)
2022-10-20 01:29:26,586 [pool-55-thread-1] INFO  server.RaftServerConfigKeys (ConfUtils.java:logGet(46)) - raft.server.rpc.slowness.timeout = 120s (custom)
2022-10-20 01:29:26,586 [pool-55-thread-1] INFO  server.RaftServerConfigKeys (ConfUtils.java:logGet(46)) - raft.server.leaderelection.leader.step-down.wait-time = 10s (default)
2022-10-20 01:29:26,586 [pool-55-thread-1] INFO  server.RaftServerConfigKeys (ConfUtils.java:logGet(46)) - raft.server.sleep.deviation.threshold = 300ms (default)
2022-10-20 01:29:26,601 [pool-55-thread-1] INFO  server.RaftServer$Division (ServerState.java:<init>(118)) - om1@group-C5BA1605619E: ConfigurationManager, init=-1: peers:[om1|rpc:localhost:9872|priority:0|startupRole:FOLLOWER]|listeners:[], old=null, confs=<EMPTY_MAP>
2022-10-20 01:29:26,601 [pool-55-thread-1] INFO  server.RaftServerConfigKeys (ConfUtils.java:logGet(46)) - raft.server.storage.dir = [/home/runner/work/ozone/ozone/hadoop-ozone/integration-test/target/test-dir/MiniOzoneClusterImpl-1c2b738d-be74-4a40-b887-8630efe04021/ozone-meta/ratis] (custom)
2022-10-20 01:29:26,614 [pool-55-thread-1] INFO  server.RaftServerConfigKeys (ConfUtils.java:logGet(46)) - raft.server.log.corruption.policy = EXCEPTION (default)
2022-10-20 01:29:26,615 [pool-55-thread-1] INFO  server.RaftServerConfigKeys (ConfUtils.java:logGet(46)) - raft.server.storage.free-space.min = 0MB (=0) (default)
2022-10-20 01:29:26,620 [pool-55-thread-1] INFO  server.RaftServerConfigKeys (ConfUtils.java:logGet(46)) - raft.server.notification.no-leader.timeout = 120s (custom)
2022-10-20 01:29:26,622 [pool-55-thread-1] INFO  server.RaftServerConfigKeys (ConfUtils.java:logGet(46)) - raft.server.retrycache.expirytime = 300s (custom)
2022-10-20 01:29:26,629 [pool-55-thread-1] INFO  server.RaftServerConfigKeys (ConfUtils.java:logGet(46)) - raft.server.retrycache.statistics.expirytime = 100μs (default)
2022-10-20 01:29:26,781 [pool-55-thread-1] INFO  server.RaftServerConfigKeys (ConfUtils.java:logGet(46)) - raft.server.log.appender.install.snapshot.enabled = false (custom)
2022-10-20 01:29:26,781 [pool-55-thread-1] INFO  server.RaftServerConfigKeys (ConfUtils.java:logGet(46)) - raft.server.threadpool.server.cached = true (default)
2022-10-20 01:29:26,781 [pool-55-thread-1] INFO  server.RaftServerConfigKeys (ConfUtils.java:logGet(46)) - raft.server.threadpool.server.size = 0 (default)
2022-10-20 01:29:26,782 [pool-55-thread-1] INFO  server.RaftServerConfigKeys (ConfUtils.java:logGet(46)) - raft.server.threadpool.client.cached = true (default)
2022-10-20 01:29:26,782 [pool-55-thread-1] INFO  server.RaftServerConfigKeys (ConfUtils.java:logGet(46)) - raft.server.threadpool.client.size = 0 (default)
2022-10-20 01:29:27,221 [Listener at 0.0.0.0/35707] INFO  reflections.Reflections (Reflections.java:scan(232)) - Reflections took 574 ms to scan 19 urls, producing 67 keys and 4266 values [using 2 cores]
2022-10-20 01:29:27,360 [Listener at 0.0.0.0/35707] INFO  ipc.CallQueueManager (CallQueueManager.java:<init>(90)) - Using callQueue: class java.util.concurrent.LinkedBlockingQueue, queueCapacity: 2000, scheduler: class org.apache.hadoop.ipc.DefaultRpcScheduler, ipcBackoff: false.
2022-10-20 01:29:27,361 [Socket Reader #1 for port 0] INFO  ipc.Server (Server.java:run(1273)) - Starting Socket Reader #1 for port 0
2022-10-20 01:29:27,386 [Listener at 127.0.0.1/41123] INFO  impl.MetricsSystemImpl (MetricsSystemImpl.java:init(158)) - OzoneManager metrics system started (again)
2022-10-20 01:29:27,397 [Listener at 127.0.0.1/41123] INFO  om.OzoneManager (OzoneManager.java:start(1482)) - OzoneManager RPC server is listening at localhost/127.0.0.1:41123
2022-10-20 01:29:27,397 [Listener at 127.0.0.1/41123] INFO  ratis.OzoneManagerRatisServer (OzoneManagerRatisServer.java:start(555)) - Starting OzoneManagerRatisServer om1 at port 9872
2022-10-20 01:29:27,400 [om1-impl-thread1] INFO  storage.RaftStorageDirectory (RaftStorageDirectoryImpl.java:analyzeStorage(137)) - The storage directory /home/runner/work/ozone/ozone/hadoop-ozone/integration-test/target/test-dir/MiniOzoneClusterImpl-1c2b738d-be74-4a40-b887-8630efe04021/ozone-meta/ratis/bf265839-605b-3f16-9796-c5ba1605619e does not exist. Creating ...
2022-10-20 01:29:27,404 [om1-impl-thread1] INFO  storage.RaftStorageDirectory (RaftStorageDirectoryImpl.java:tryLock(231)) - Lock on /home/runner/work/ozone/ozone/hadoop-ozone/integration-test/target/test-dir/MiniOzoneClusterImpl-1c2b738d-be74-4a40-b887-8630efe04021/ozone-meta/ratis/bf265839-605b-3f16-9796-c5ba1605619e/in_use.lock acquired by nodename 55363@fv-az625-379
2022-10-20 01:29:27,409 [om1-impl-thread1] INFO  storage.RaftStorage (RaftStorageImpl.java:format(96)) - Storage directory /home/runner/work/ozone/ozone/hadoop-ozone/integration-test/target/test-dir/MiniOzoneClusterImpl-1c2b738d-be74-4a40-b887-8630efe04021/ozone-meta/ratis/bf265839-605b-3f16-9796-c5ba1605619e has been successfully formatted.
2022-10-20 01:29:27,411 [om1-impl-thread1] INFO  server.RaftServerConfigKeys (ConfUtils.java:logGet(46)) - raft.server.log.use.memory = false (default)
2022-10-20 01:29:27,418 [om1-impl-thread1] INFO  server.RaftServerConfigKeys (ConfUtils.java:logGet(46)) - raft.server.log.purge.gap = 1000000 (custom)
2022-10-20 01:29:27,418 [om1-impl-thread1] INFO  server.RaftServerConfigKeys (ConfUtils.java:logGet(46)) - raft.server.log.appender.buffer.byte-limit = 33554432 (custom)
2022-10-20 01:29:27,420 [om1-impl-thread1] INFO  server.RaftServerConfigKeys (ConfUtils.java:logGet(46)) - raft.server.log.statemachine.data.read.timeout = 1000ms (default)
2022-10-20 01:29:27,420 [om1-impl-thread1] INFO  server.RaftServerConfigKeys (ConfUtils.java:logGet(46)) - raft.server.log.purge.preservation.log.num = 0 (default)
2022-10-20 01:29:27,422 [om1-impl-thread1] INFO  server.RaftServerConfigKeys (ConfUtils.java:logGet(46)) - raft.server.log.segment.size.max = 4194304 (custom)
2022-10-20 01:29:27,427 [om1-impl-thread1] INFO  server.RaftServerConfigKeys (ConfUtils.java:logGet(46)) - raft.server.log.segment.cache.num.max = 2 (custom)
2022-10-20 01:29:27,427 [om1-impl-thread1] INFO  server.RaftServerConfigKeys (ConfUtils.java:logGet(46)) - raft.server.log.segment.cache.size.max = 200MB (=209715200) (default)
2022-10-20 01:29:27,537 [om1-impl-thread1] INFO  segmented.SegmentedRaftLogWorker (SegmentedRaftLogWorker.java:<init>(191)) - new om1@group-C5BA1605619E-SegmentedRaftLogWorker for RaftStorageImpl:Storage Directory /home/runner/work/ozone/ozone/hadoop-ozone/integration-test/target/test-dir/MiniOzoneClusterImpl-1c2b738d-be74-4a40-b887-8630efe04021/ozone-meta/ratis/bf265839-605b-3f16-9796-c5ba1605619e
2022-10-20 01:29:27,538 [om1-impl-thread1] INFO  server.RaftServerConfigKeys (ConfUtils.java:logGet(46)) - raft.server.log.queue.byte-limit = 64MB (=67108864) (default)
2022-10-20 01:29:27,538 [om1-impl-thread1] INFO  server.RaftServerConfigKeys (ConfUtils.java:logGet(46)) - raft.server.log.queue.element-limit = 4096 (default)
2022-10-20 01:29:27,543 [om1-impl-thread1] INFO  server.RaftServerConfigKeys (ConfUtils.java:logGet(46)) - raft.server.log.segment.size.max = 4194304 (custom)
2022-10-20 01:29:27,543 [om1-impl-thread1] INFO  server.RaftServerConfigKeys (ConfUtils.java:logGet(46)) - raft.server.log.preallocated.size = 4194304 (custom)
2022-10-20 01:29:27,543 [om1-impl-thread1] INFO  server.RaftServerConfigKeys (ConfUtils.java:logGet(46)) - raft.server.log.force.sync.num = 128 (default)
2022-10-20 01:29:27,544 [om1-impl-thread1] INFO  server.RaftServerConfigKeys (ConfUtils.java:logGet(46)) - raft.server.log.statemachine.data.sync = true (default)
2022-10-20 01:29:27,544 [om1-impl-thread1] INFO  server.RaftServerConfigKeys (ConfUtils.java:logGet(46)) - raft.server.log.statemachine.data.sync.timeout = 10s (default)
2022-10-20 01:29:27,545 [om1-impl-thread1] INFO  server.RaftServerConfigKeys (ConfUtils.java:logGet(46)) - raft.server.log.statemachine.data.sync.timeout.retry = -1 (default)
2022-10-20 01:29:27,551 [om1-impl-thread1] INFO  server.RaftServerConfigKeys (ConfUtils.java:logGet(46)) - raft.server.log.write.buffer.size = 64KB (=65536) (default)
2022-10-20 01:29:27,552 [om1-impl-thread1] INFO  server.RaftServerConfigKeys (ConfUtils.java:logGet(46)) - raft.server.log.unsafe-flush.enabled = false (default)
2022-10-20 01:29:27,552 [om1-impl-thread1] INFO  server.RaftServerConfigKeys (ConfUtils.java:logGet(46)) - raft.server.log.async-flush.enabled = false (default)
2022-10-20 01:29:27,552 [om1-impl-thread1] INFO  server.RaftServerConfigKeys (ConfUtils.java:logGet(46)) - raft.server.log.statemachine.data.caching.enabled = false (default)
2022-10-20 01:29:27,558 [om1-impl-thread1] INFO  segmented.SegmentedRaftLogWorker (SegmentedRaftLogWorker.java:lambda$new$0(136)) - om1@group-C5BA1605619E-SegmentedRaftLogWorker: flushIndex: setUnconditionally 0 -> -1
2022-10-20 01:29:27,558 [om1-impl-thread1] INFO  segmented.SegmentedRaftLogWorker (SegmentedRaftLogWorker.java:lambda$new$0(136)) - om1@group-C5BA1605619E-SegmentedRaftLogWorker: safeCacheEvictIndex: setUnconditionally 0 -> -1
2022-10-20 01:29:27,559 [om1-impl-thread1] INFO  server.RaftServer$Division (RaftServerImpl.java:start(334)) - om1@group-C5BA1605619E: start as a follower, conf=-1: peers:[om1|rpc:localhost:9872|priority:0|startupRole:FOLLOWER]|listeners:[], old=null
2022-10-20 01:29:27,563 [om1-impl-thread1] INFO  server.RaftServer$Division (RaftServerImpl.java:setRole(321)) - om1@group-C5BA1605619E: changes role from      null to FOLLOWER at term 0 for startAsFollower
2022-10-20 01:29:27,565 [om1-impl-thread1] INFO  impl.RoleInfo (RoleInfo.java:updateAndGet(139)) - om1: start om1@group-C5BA1605619E-FollowerState
2022-10-20 01:29:27,566 [om1-impl-thread1] INFO  util.JmxRegister (JmxRegister.java:tryRegister(44)) - Successfully registered JMX Bean with object name Ratis:service=RaftServer,group=group-C5BA1605619E,id=om1
2022-10-20 01:29:27,567 [om1-impl-thread1] INFO  server.RaftServerConfigKeys (ConfUtils.java:logGet(46)) - raft.server.snapshot.auto.trigger.enabled = true (custom)
2022-10-20 01:29:27,568 [om1-impl-thread1] INFO  server.RaftServerConfigKeys (ConfUtils.java:logGet(46)) - raft.server.snapshot.auto.trigger.threshold = 400000 (default)
2022-10-20 01:29:27,568 [om1-impl-thread1] INFO  server.RaftServerConfigKeys (ConfUtils.java:logGet(46)) - raft.server.snapshot.retention.file.num = -1 (default)
2022-10-20 01:29:27,569 [om1-impl-thread1] INFO  server.RaftServerConfigKeys (ConfUtils.java:logGet(46)) - raft.server.log.purge.upto.snapshot.index = true (custom)
2022-10-20 01:29:27,571 [om1@group-C5BA1605619E-FollowerState] INFO  server.RaftServerConfigKeys (ConfUtils.java:logFallback(53)) - raft.server.rpc.first-election.timeout.min = 1s (fallback to raft.server.rpc.timeout.min)
2022-10-20 01:29:27,571 [om1@group-C5BA1605619E-FollowerState] INFO  server.RaftServerConfigKeys (ConfUtils.java:logFallback(53)) - raft.server.rpc.first-election.timeout.max = 1200ms (fallback to raft.server.rpc.timeout.max)
2022-10-20 01:29:27,572 [Listener at 127.0.0.1/41123] INFO  server.RaftServer (RaftServerProxy.java:startImpl(393)) - om1: start RPC server
2022-10-20 01:29:27,623 [Listener at 127.0.0.1/41123] INFO  server.GrpcService (GrpcService.java:startImpl(270)) - om1: GrpcService started, listening on 9872
2022-10-20 01:29:27,627 [Listener at 127.0.0.1/41123] INFO  om.OzoneManager (OzoneManager.java:start(1498)) - Version File has different layout version (3) than OM DB (null). That is expected if this OM has never been finalized to a newer layout version.
2022-10-20 01:29:27,628 [JvmPauseMonitor0] INFO  util.JvmPauseMonitor (JvmPauseMonitor.java:run(105)) - JvmPauseMonitor-om1: Started
2022-10-20 01:29:27,657 [Listener at 127.0.0.1/41123] INFO  http.BaseHttpServer (BaseHttpServer.java:newHttpServer2BuilderForOzone(213)) - Starting Web-server for ozoneManager at: http://0.0.0.0:0
2022-10-20 01:29:27,657 [Listener at 127.0.0.1/41123] INFO  http.BaseHttpServer (BaseHttpServer.java:<init>(108)) - Hadoop Security Enabled: false Ozone Security Enabled: false Ozone HTTP Security Enabled: false 
2022-10-20 01:29:27,658 [Listener at 127.0.0.1/41123] WARN  server.AuthenticationFilter (AuthenticationFilter.java:constructSecretProvider(240)) - Unable to initialize FileSignerSecretProvider, falling back to use random secrets. Reason: Could not read signature secret file: /home/runner/hadoop-http-auth-signature-secret
2022-10-20 01:29:27,663 [Listener at 127.0.0.1/41123] WARN  http.HttpRequestLog (HttpRequestLog.java:getRequestLog(103)) - Jetty request log can only be enabled using Log4j
2022-10-20 01:29:27,664 [Listener at 127.0.0.1/41123] INFO  http.HttpServer2 (HttpServer2.java:addGlobalFilter(1031)) - Added global filter 'safety' (class=org.apache.hadoop.hdds.server.http.HttpServer2$QuotingInputFilter)
2022-10-20 01:29:27,666 [Listener at 127.0.0.1/41123] INFO  http.HttpServer2 (HttpServer2.java:addFilter(1007)) - Added filter static_user_filter (class=org.apache.hadoop.http.lib.StaticUserWebFilter$StaticUserFilter) to context ozoneManager
2022-10-20 01:29:27,666 [Listener at 127.0.0.1/41123] INFO  http.HttpServer2 (HttpServer2.java:addFilter(1015)) - Added filter static_user_filter (class=org.apache.hadoop.http.lib.StaticUserWebFilter$StaticUserFilter) to context static
2022-10-20 01:29:27,667 [Listener at 127.0.0.1/41123] INFO  http.HttpServer2 (HttpServer2.java:addFilter(1015)) - Added filter static_user_filter (class=org.apache.hadoop.http.lib.StaticUserWebFilter$StaticUserFilter) to context logs
2022-10-20 01:29:27,670 [Listener at 127.0.0.1/41123] INFO  http.HttpServer2 (HttpServer2.java:bindListener(1250)) - Jetty bound to port 45207
2022-10-20 01:29:27,671 [Listener at 127.0.0.1/41123] INFO  server.Server (Server.java:doStart(375)) - jetty-9.4.43.v20210629; built: 2021-06-30T11:07:22.254Z; git: 526006ecfa3af7f1a27ef3a288e2bef7ea9dd7e8; jvm 1.8.0_345-b01
2022-10-20 01:29:27,680 [Listener at 127.0.0.1/41123] INFO  server.session (DefaultSessionIdManager.java:doStart(334)) - DefaultSessionIdManager workerName=node0
2022-10-20 01:29:27,680 [Listener at 127.0.0.1/41123] INFO  server.session (DefaultSessionIdManager.java:doStart(339)) - No SessionScavenger set, using defaults
2022-10-20 01:29:27,680 [Listener at 127.0.0.1/41123] INFO  server.session (HouseKeeper.java:startScavenging(132)) - node0 Scavenging every 660000ms
2022-10-20 01:29:27,681 [Listener at 127.0.0.1/41123] INFO  handler.ContextHandler (ContextHandler.java:doStart(915)) - Started o.e.j.s.ServletContextHandler@785e65cd{logs,/logs,file:///home/runner/work/ozone/ozone/hadoop-ozone/integration-test/target/log,AVAILABLE}
2022-10-20 01:29:27,681 [Listener at 127.0.0.1/41123] INFO  handler.ContextHandler (ContextHandler.java:doStart(915)) - Started o.e.j.s.ServletContextHandler@683cd50d{static,/static,file:///home/runner/work/ozone/ozone/hadoop-ozone/integration-test/target/test-classes/webapps/static,AVAILABLE}
2022-10-20 01:29:27,686 [Listener at 127.0.0.1/41123] INFO  handler.ContextHandler (ContextHandler.java:doStart(915)) - Started o.e.j.w.WebAppContext@733cb124{ozoneManager,/,file:///home/runner/work/ozone/ozone/hadoop-ozone/integration-test/target/test-classes/webapps/ozoneManager/,AVAILABLE}{file:/home/runner/work/ozone/ozone/hadoop-ozone/integration-test/target/test-classes/webapps/ozoneManager}
2022-10-20 01:29:27,693 [Listener at 127.0.0.1/41123] INFO  server.AbstractConnector (AbstractConnector.java:doStart(331)) - Started ServerConnector@40ea0f55{HTTP/1.1, (http/1.1)}{0.0.0.0:45207}
2022-10-20 01:29:27,693 [Listener at 127.0.0.1/41123] INFO  server.Server (Server.java:doStart(415)) - Started @6565ms
2022-10-20 01:29:27,693 [Listener at 127.0.0.1/41123] WARN  impl.MetricsSystemImpl (MetricsSystemImpl.java:register(279)) - Sink prometheus already exists!
2022-10-20 01:29:27,694 [Listener at 127.0.0.1/41123] INFO  http.BaseHttpServer (BaseHttpServer.java:updateConnectorAddress(333)) - HTTP server of ozoneManager listening at http://0.0.0.0:45207
2022-10-20 01:29:27,695 [IPC Server Responder] INFO  ipc.Server (Server.java:run(1512)) - IPC Server Responder: starting
2022-10-20 01:29:27,695 [IPC Server listener on 0] INFO  ipc.Server (Server.java:run(1352)) - IPC Server listener on 0: starting
2022-10-20 01:29:27,700 [Listener at 127.0.0.1/41123] INFO  om.OzoneManager (OzoneManager.java:startTrashEmptier(1919)) - Trash Interval set to 0. Files deleted won't move to trash
2022-10-20 01:29:27,718 [org.apache.hadoop.util.JvmPauseMonitor$Monitor@125dfb62] INFO  util.JvmPauseMonitor (JvmPauseMonitor.java:run(188)) - Starting JVM pause monitor
2022-10-20 01:29:27,890 [Listener at 127.0.0.1/41123] WARN  impl.MetricRegistriesImpl (MetricRegistriesImpl.java:addReporterRegistration(111)) - New reporters are added after registries were created. Some metrics will be missing from the reporter. Please add reporter before adding any new registry.
2022-10-20 01:29:27,890 [Listener at 127.0.0.1/41123] WARN  impl.MetricRegistriesImpl (MetricRegistriesImpl.java:addReporterRegistration(111)) - New reporters are added after registries were created. Some metrics will be missing from the reporter. Please add reporter before adding any new registry.
2022-10-20 01:29:27,891 [Listener at 127.0.0.1/41123] INFO  impl.MetricsSystemImpl (MetricsSystemImpl.java:init(158)) - HddsDatanode metrics system started (again)
2022-10-20 01:29:27,907 [Listener at 127.0.0.1/41123] INFO  ozone.HddsDatanodeService (HddsDatanodeService.java:start(236)) - HddsDatanodeService host:fv-az625-379.nkjb25ot11ku3fnowzullr2doh.gx.internal.cloudapp.net ip:10.1.0.77
2022-10-20 01:29:27,931 [Listener at 127.0.0.1/41123] INFO  upgrade.AbstractLayoutVersionManager (AbstractLayoutVersionManager.java:init(83)) - Initializing Layout version manager with metadata layout = DATANODE_SCHEMA_V3 (version = 4), software layout = DATANODE_SCHEMA_V3 (version = 4)
2022-10-20 01:29:27,984 [Listener at 127.0.0.1/41123] INFO  reflections.Reflections (Reflections.java:scan(232)) - Reflections took 52 ms to scan 7 urls, producing 137 keys and 328 values 
2022-10-20 01:29:27,991 [Listener at 127.0.0.1/41123] INFO  statemachine.DatanodeStateMachine (DatanodeStateMachine.java:getEndPointTaskThreadPoolSize(237)) - Datanode State Machine Task Thread Pool size 2
2022-10-20 01:29:28,049 [Listener at 127.0.0.1/41123] INFO  volume.HddsVolume (HddsVolume.java:<init>(117)) - Creating HddsVolume: /home/runner/work/ozone/ozone/hadoop-ozone/integration-test/target/test-dir/MiniOzoneClusterImpl-1c2b738d-be74-4a40-b887-8630efe04021/datanode-0/data-0/containers/hdds of storage type : DISK capacity : 9223372036854775807
2022-10-20 01:29:28,052 [Listener at 127.0.0.1/41123] INFO  volume.MutableVolumeSet (MutableVolumeSet.java:initializeVolumeSet(174)) - Added Volume : /home/runner/work/ozone/ozone/hadoop-ozone/integration-test/target/test-dir/MiniOzoneClusterImpl-1c2b738d-be74-4a40-b887-8630efe04021/datanode-0/data-0/containers/hdds to VolumeSet
2022-10-20 01:29:28,052 [Listener at 127.0.0.1/41123] INFO  volume.ThrottledAsyncChecker (ThrottledAsyncChecker.java:schedule(141)) - Scheduling a check for /home/runner/work/ozone/ozone/hadoop-ozone/integration-test/target/test-dir/MiniOzoneClusterImpl-1c2b738d-be74-4a40-b887-8630efe04021/datanode-0/data-0/containers/hdds
2022-10-20 01:29:28,070 [Listener at 127.0.0.1/41123] INFO  volume.StorageVolumeChecker (StorageVolumeChecker.java:checkAllVolumes(202)) - Scheduled health check for volume /home/runner/work/ozone/ozone/hadoop-ozone/integration-test/target/test-dir/MiniOzoneClusterImpl-1c2b738d-be74-4a40-b887-8630efe04021/datanode-0/data-0/containers/hdds
2022-10-20 01:29:28,089 [Listener at 127.0.0.1/41123] INFO  volume.MutableVolumeSet (MutableVolumeSet.java:initializeVolumeSet(174)) - Added Volume : /home/runner/work/ozone/ozone/hadoop-ozone/integration-test/target/test-dir/MiniOzoneClusterImpl-1c2b738d-be74-4a40-b887-8630efe04021/datanode-0/data/ratis to VolumeSet
2022-10-20 01:29:28,089 [Listener at 127.0.0.1/41123] INFO  volume.ThrottledAsyncChecker (ThrottledAsyncChecker.java:schedule(141)) - Scheduling a check for /home/runner/work/ozone/ozone/hadoop-ozone/integration-test/target/test-dir/MiniOzoneClusterImpl-1c2b738d-be74-4a40-b887-8630efe04021/datanode-0/data/ratis
2022-10-20 01:29:28,090 [Listener at 127.0.0.1/41123] INFO  volume.StorageVolumeChecker (StorageVolumeChecker.java:checkAllVolumes(202)) - Scheduled health check for volume /home/runner/work/ozone/ozone/hadoop-ozone/integration-test/target/test-dir/MiniOzoneClusterImpl-1c2b738d-be74-4a40-b887-8630efe04021/datanode-0/data/ratis
2022-10-20 01:29:28,109 [Thread-136] INFO  ozoneimpl.ContainerReader (ContainerReader.java:readVolume(175)) - Finish verifying containers on volume /home/runner/work/ozone/ozone/hadoop-ozone/integration-test/target/test-dir/MiniOzoneClusterImpl-1c2b738d-be74-4a40-b887-8630efe04021/datanode-0/data-0/containers/hdds
2022-10-20 01:29:28,110 [Listener at 127.0.0.1/41123] INFO  ozoneimpl.OzoneContainer (OzoneContainer.java:buildContainerSet(300)) - Build ContainerSet costs 0s
2022-10-20 01:29:28,159 [Listener at 127.0.0.1/41123] INFO  audit.AuditLogger (AuditLogger.java:refreshDebugCmdSet(126)) - Refresh DebugCmdSet for DNAudit to [].
2022-10-20 01:29:28,187 [Listener at 127.0.0.1/41123] INFO  server.RaftServer (ConfUtils.java:logGet(46)) - raft.rpc.type = GRPC (default)
2022-10-20 01:29:28,187 [Listener at 127.0.0.1/41123] INFO  grpc.GrpcConfigKeys (ConfUtils.java:logFallback(53)) - raft.grpc.admin.host = null (fallback to raft.grpc.server.host)
2022-10-20 01:29:28,188 [Listener at 127.0.0.1/41123] INFO  grpc.GrpcConfigKeys (ConfUtils.java:logGet(46)) - raft.grpc.admin.port = 0 (custom)
2022-10-20 01:29:28,190 [Listener at 127.0.0.1/41123] INFO  grpc.GrpcConfigKeys (ConfUtils.java:logFallback(53)) - raft.grpc.client.host = null (fallback to raft.grpc.server.host)
2022-10-20 01:29:28,190 [Listener at 127.0.0.1/41123] INFO  grpc.GrpcConfigKeys (ConfUtils.java:logGet(46)) - raft.grpc.client.port = 0 (custom)
2022-10-20 01:29:28,190 [Listener at 127.0.0.1/41123] INFO  grpc.GrpcConfigKeys (ConfUtils.java:logGet(46)) - raft.grpc.server.host = null (default)
2022-10-20 01:29:28,191 [Listener at 127.0.0.1/41123] INFO  grpc.GrpcConfigKeys (ConfUtils.java:logGet(46)) - raft.grpc.server.port = 0 (default)
2022-10-20 01:29:28,191 [Listener at 127.0.0.1/41123] INFO  server.GrpcService (ConfUtils.java:logGet(46)) - raft.grpc.message.size.max = 32MB (=33554432) (custom)
2022-10-20 01:29:28,191 [Listener at 127.0.0.1/41123] INFO  server.RaftServerConfigKeys (ConfUtils.java:logGet(46)) - raft.server.log.appender.buffer.byte-limit = 33554432 (custom)
2022-10-20 01:29:28,192 [Listener at 127.0.0.1/41123] INFO  server.GrpcService (ConfUtils.java:logGet(46)) - raft.grpc.flow.control.window = 5MB (=5242880) (custom)
2022-10-20 01:29:28,193 [Listener at 127.0.0.1/41123] INFO  server.RaftServerConfigKeys (ConfUtils.java:logGet(46)) - raft.server.rpc.request.timeout = 60s (custom)
2022-10-20 01:29:28,195 [Listener at 127.0.0.1/41123] INFO  grpc.GrpcConfigKeys (ConfUtils.java:logGet(46)) - raft.grpc.server.heartbeat.channel = true (default)
2022-10-20 01:29:28,195 [Listener at 127.0.0.1/41123] INFO  grpc.GrpcConfigKeys (ConfUtils.java:logGet(46)) - raft.grpc.server.async.request.thread.pool.cached = true (default)
2022-10-20 01:29:28,195 [Listener at 127.0.0.1/41123] INFO  grpc.GrpcConfigKeys (ConfUtils.java:logGet(46)) - raft.grpc.server.async.request.thread.pool.size = 32 (default)
2022-10-20 01:29:28,198 [Listener at 127.0.0.1/41123] INFO  impl.DataStreamServerImpl (ConfUtils.java:logGet(46)) - raft.datastream.type = DISABLED (default)
2022-10-20 01:29:28,198 [Listener at 127.0.0.1/41123] INFO  server.RaftServerConfigKeys (ConfUtils.java:logGet(46)) - raft.server.threadpool.proxy.cached = true (default)
2022-10-20 01:29:28,198 [Listener at 127.0.0.1/41123] INFO  server.RaftServerConfigKeys (ConfUtils.java:logGet(46)) - raft.server.threadpool.proxy.size = 0 (default)
2022-10-20 01:29:28,198 [Listener at 127.0.0.1/41123] INFO  server.RaftServerConfigKeys (ConfUtils.java:logGet(46)) - raft.server.rpc.slowness.timeout = 300s (custom)
2022-10-20 01:29:28,198 [Listener at 127.0.0.1/41123] INFO  server.RaftServerConfigKeys (ConfUtils.java:logGet(46)) - raft.server.leaderelection.leader.step-down.wait-time = 10s (default)
2022-10-20 01:29:28,199 [Listener at 127.0.0.1/41123] INFO  server.RaftServerConfigKeys (ConfUtils.java:logGet(46)) - raft.server.storage.dir = [/home/runner/work/ozone/ozone/hadoop-ozone/integration-test/target/test-dir/MiniOzoneClusterImpl-1c2b738d-be74-4a40-b887-8630efe04021/datanode-0/data/ratis] (custom)
2022-10-20 01:29:28,213 [Listener at 127.0.0.1/41123] INFO  server.XceiverServerGrpc (XceiverServerGrpc.java:<init>(132)) - GrpcServer channel type EpollServerSocketChannel
2022-10-20 01:29:28,266 [Listener at 127.0.0.1/41123] INFO  http.BaseHttpServer (BaseHttpServer.java:newHttpServer2BuilderForOzone(213)) - Starting Web-server for hddsDatanode at: http://0.0.0.0:0
2022-10-20 01:29:28,266 [Listener at 127.0.0.1/41123] INFO  http.BaseHttpServer (BaseHttpServer.java:<init>(108)) - Hadoop Security Enabled: false Ozone Security Enabled: false Ozone HTTP Security Enabled: false 
2022-10-20 01:29:28,268 [Listener at 127.0.0.1/41123] WARN  server.AuthenticationFilter (AuthenticationFilter.java:constructSecretProvider(240)) - Unable to initialize FileSignerSecretProvider, falling back to use random secrets. Reason: Could not read signature secret file: /home/runner/hadoop-http-auth-signature-secret
2022-10-20 01:29:28,271 [Listener at 127.0.0.1/41123] WARN  http.HttpRequestLog (HttpRequestLog.java:getRequestLog(103)) - Jetty request log can only be enabled using Log4j
2022-10-20 01:29:28,272 [Listener at 127.0.0.1/41123] INFO  http.HttpServer2 (HttpServer2.java:addGlobalFilter(1031)) - Added global filter 'safety' (class=org.apache.hadoop.hdds.server.http.HttpServer2$QuotingInputFilter)
2022-10-20 01:29:28,273 [Listener at 127.0.0.1/41123] INFO  http.HttpServer2 (HttpServer2.java:addFilter(1007)) - Added filter static_user_filter (class=org.apache.hadoop.http.lib.StaticUserWebFilter$StaticUserFilter) to context hddsDatanode
2022-10-20 01:29:28,273 [Listener at 127.0.0.1/41123] INFO  http.HttpServer2 (HttpServer2.java:addFilter(1015)) - Added filter static_user_filter (class=org.apache.hadoop.http.lib.StaticUserWebFilter$StaticUserFilter) to context logs
2022-10-20 01:29:28,273 [Listener at 127.0.0.1/41123] INFO  http.HttpServer2 (HttpServer2.java:addFilter(1015)) - Added filter static_user_filter (class=org.apache.hadoop.http.lib.StaticUserWebFilter$StaticUserFilter) to context static
2022-10-20 01:29:28,274 [Listener at 127.0.0.1/41123] INFO  http.HttpServer2 (HttpServer2.java:bindListener(1250)) - Jetty bound to port 46331
2022-10-20 01:29:28,274 [Listener at 127.0.0.1/41123] INFO  server.Server (Server.java:doStart(375)) - jetty-9.4.43.v20210629; built: 2021-06-30T11:07:22.254Z; git: 526006ecfa3af7f1a27ef3a288e2bef7ea9dd7e8; jvm 1.8.0_345-b01
2022-10-20 01:29:28,280 [Listener at 127.0.0.1/41123] INFO  server.session (DefaultSessionIdManager.java:doStart(334)) - DefaultSessionIdManager workerName=node0
2022-10-20 01:29:28,280 [Listener at 127.0.0.1/41123] INFO  server.session (DefaultSessionIdManager.java:doStart(339)) - No SessionScavenger set, using defaults
2022-10-20 01:29:28,280 [Listener at 127.0.0.1/41123] INFO  server.session (HouseKeeper.java:startScavenging(132)) - node0 Scavenging every 660000ms
2022-10-20 01:29:28,281 [Listener at 127.0.0.1/41123] INFO  handler.ContextHandler (ContextHandler.java:doStart(915)) - Started o.e.j.s.ServletContextHandler@255a1fdb{logs,/logs,file:///home/runner/work/ozone/ozone/hadoop-ozone/integration-test/target/log,AVAILABLE}
2022-10-20 01:29:28,281 [Listener at 127.0.0.1/41123] INFO  handler.ContextHandler (ContextHandler.java:doStart(915)) - Started o.e.j.s.ServletContextHandler@49b257f9{static,/static,jar:file:/home/runner/.m2/repository/org/apache/ozone/hdds-container-service/1.3.0-SNAPSHOT/hdds-container-service-1.3.0-SNAPSHOT.jar!/webapps/static,AVAILABLE}
2022-10-20 01:29:28,466 [Listener at 127.0.0.1/41123] INFO  handler.ContextHandler (ContextHandler.java:doStart(915)) - Started o.e.j.w.WebAppContext@1a8eed09{hddsDatanode,/,file:///tmp/jetty-0_0_0_0-46331-hdds-container-service-1_3_0-SNAPSHOT_jar-_-any-4383215347842926326/webapp/,AVAILABLE}{jar:file:/home/runner/.m2/repository/org/apache/ozone/hdds-container-service/1.3.0-SNAPSHOT/hdds-container-service-1.3.0-SNAPSHOT.jar!/webapps/hddsDatanode}
2022-10-20 01:29:28,468 [Listener at 127.0.0.1/41123] INFO  server.AbstractConnector (AbstractConnector.java:doStart(331)) - Started ServerConnector@6e85002b{HTTP/1.1, (http/1.1)}{0.0.0.0:46331}
2022-10-20 01:29:28,468 [Listener at 127.0.0.1/41123] INFO  server.Server (Server.java:doStart(415)) - Started @7341ms
2022-10-20 01:29:28,469 [Listener at 127.0.0.1/41123] WARN  impl.MetricsSystemImpl (MetricsSystemImpl.java:register(279)) - Sink prometheus already exists!
2022-10-20 01:29:28,470 [Listener at 127.0.0.1/41123] INFO  http.BaseHttpServer (BaseHttpServer.java:updateConnectorAddress(333)) - HTTP server of hddsDatanode listening at http://0.0.0.0:46331
2022-10-20 01:29:28,472 [Listener at 127.0.0.1/41123] WARN  impl.MetricRegistriesImpl (MetricRegistriesImpl.java:addReporterRegistration(111)) - New reporters are added after registries were created. Some metrics will be missing from the reporter. Please add reporter before adding any new registry.
2022-10-20 01:29:28,472 [Listener at 127.0.0.1/41123] WARN  impl.MetricRegistriesImpl (MetricRegistriesImpl.java:addReporterRegistration(111)) - New reporters are added after registries were created. Some metrics will be missing from the reporter. Please add reporter before adding any new registry.
2022-10-20 01:29:28,472 [Listener at 127.0.0.1/41123] INFO  impl.MetricsSystemImpl (MetricsSystemImpl.java:init(158)) - HddsDatanode metrics system started (again)
2022-10-20 01:29:28,482 [Datanode State Machine Daemon Thread] INFO  statemachine.DatanodeStateMachine (DatanodeStateMachine.java:lambda$startDaemon$0(492)) - Ozone container server started.
2022-10-20 01:29:28,491 [Listener at 127.0.0.1/41123] INFO  ozone.HddsDatanodeService (HddsDatanodeService.java:start(236)) - HddsDatanodeService host:fv-az625-379.nkjb25ot11ku3fnowzullr2doh.gx.internal.cloudapp.net ip:10.1.0.77
2022-10-20 01:29:28,496 [org.apache.hadoop.util.JvmPauseMonitor$Monitor@1aa0dea] INFO  util.JvmPauseMonitor (JvmPauseMonitor.java:run(188)) - Starting JVM pause monitor
2022-10-20 01:29:28,522 [Listener at 127.0.0.1/41123] INFO  upgrade.AbstractLayoutVersionManager (AbstractLayoutVersionManager.java:init(83)) - Initializing Layout version manager with metadata layout = DATANODE_SCHEMA_V3 (version = 4), software layout = DATANODE_SCHEMA_V3 (version = 4)
2022-10-20 01:29:28,627 [Datanode State Machine Task Thread - 0] INFO  datanode.InitDatanodeState (InitDatanodeState.java:persistContainerDatanodeDetails(138)) - DatanodeDetails is persisted to /home/runner/work/ozone/ozone/hadoop-ozone/integration-test/target/test-dir/MiniOzoneClusterImpl-1c2b738d-be74-4a40-b887-8630efe04021/datanode-0/meta/datanode.id
2022-10-20 01:29:28,630 [Listener at 127.0.0.1/41123] INFO  reflections.Reflections (Reflections.java:scan(232)) - Reflections took 107 ms to scan 7 urls, producing 137 keys and 328 values 
2022-10-20 01:29:28,635 [Listener at 127.0.0.1/41123] INFO  statemachine.DatanodeStateMachine (DatanodeStateMachine.java:getEndPointTaskThreadPoolSize(237)) - Datanode State Machine Task Thread Pool size 2
2022-10-20 01:29:28,638 [Listener at 127.0.0.1/41123] INFO  volume.HddsVolume (HddsVolume.java:<init>(117)) - Creating HddsVolume: /home/runner/work/ozone/ozone/hadoop-ozone/integration-test/target/test-dir/MiniOzoneClusterImpl-1c2b738d-be74-4a40-b887-8630efe04021/datanode-1/data-0/containers/hdds of storage type : DISK capacity : 9223372036854775807
2022-10-20 01:29:28,638 [Listener at 127.0.0.1/41123] INFO  volume.MutableVolumeSet (MutableVolumeSet.java:initializeVolumeSet(174)) - Added Volume : /home/runner/work/ozone/ozone/hadoop-ozone/integration-test/target/test-dir/MiniOzoneClusterImpl-1c2b738d-be74-4a40-b887-8630efe04021/datanode-1/data-0/containers/hdds to VolumeSet
2022-10-20 01:29:28,638 [Listener at 127.0.0.1/41123] INFO  volume.ThrottledAsyncChecker (ThrottledAsyncChecker.java:schedule(141)) - Scheduling a check for /home/runner/work/ozone/ozone/hadoop-ozone/integration-test/target/test-dir/MiniOzoneClusterImpl-1c2b738d-be74-4a40-b887-8630efe04021/datanode-1/data-0/containers/hdds
2022-10-20 01:29:28,646 [Listener at 127.0.0.1/41123] INFO  volume.StorageVolumeChecker (StorageVolumeChecker.java:checkAllVolumes(202)) - Scheduled health check for volume /home/runner/work/ozone/ozone/hadoop-ozone/integration-test/target/test-dir/MiniOzoneClusterImpl-1c2b738d-be74-4a40-b887-8630efe04021/datanode-1/data-0/containers/hdds
2022-10-20 01:29:28,662 [Listener at 127.0.0.1/41123] INFO  volume.MutableVolumeSet (MutableVolumeSet.java:initializeVolumeSet(174)) - Added Volume : /home/runner/work/ozone/ozone/hadoop-ozone/integration-test/target/test-dir/MiniOzoneClusterImpl-1c2b738d-be74-4a40-b887-8630efe04021/datanode-1/data/ratis to VolumeSet
2022-10-20 01:29:28,663 [Listener at 127.0.0.1/41123] INFO  volume.ThrottledAsyncChecker (ThrottledAsyncChecker.java:schedule(141)) - Scheduling a check for /home/runner/work/ozone/ozone/hadoop-ozone/integration-test/target/test-dir/MiniOzoneClusterImpl-1c2b738d-be74-4a40-b887-8630efe04021/datanode-1/data/ratis
2022-10-20 01:29:28,663 [Listener at 127.0.0.1/41123] INFO  volume.StorageVolumeChecker (StorageVolumeChecker.java:checkAllVolumes(202)) - Scheduled health check for volume /home/runner/work/ozone/ozone/hadoop-ozone/integration-test/target/test-dir/MiniOzoneClusterImpl-1c2b738d-be74-4a40-b887-8630efe04021/datanode-1/data/ratis
2022-10-20 01:29:28,673 [Thread-149] INFO  ozoneimpl.ContainerReader (ContainerReader.java:readVolume(175)) - Finish verifying containers on volume /home/runner/work/ozone/ozone/hadoop-ozone/integration-test/target/test-dir/MiniOzoneClusterImpl-1c2b738d-be74-4a40-b887-8630efe04021/datanode-1/data-0/containers/hdds
2022-10-20 01:29:28,673 [Listener at 127.0.0.1/41123] INFO  ozoneimpl.OzoneContainer (OzoneContainer.java:buildContainerSet(300)) - Build ContainerSet costs 0s
2022-10-20 01:29:28,677 [Listener at 127.0.0.1/41123] INFO  server.RaftServer (ConfUtils.java:logGet(46)) - raft.rpc.type = GRPC (default)
2022-10-20 01:29:28,677 [Listener at 127.0.0.1/41123] INFO  grpc.GrpcConfigKeys (ConfUtils.java:logFallback(53)) - raft.grpc.admin.host = null (fallback to raft.grpc.server.host)
2022-10-20 01:29:28,677 [Listener at 127.0.0.1/41123] INFO  grpc.GrpcConfigKeys (ConfUtils.java:logGet(46)) - raft.grpc.admin.port = 0 (custom)
2022-10-20 01:29:28,677 [Listener at 127.0.0.1/41123] INFO  grpc.GrpcConfigKeys (ConfUtils.java:logFallback(53)) - raft.grpc.client.host = null (fallback to raft.grpc.server.host)
2022-10-20 01:29:28,677 [Listener at 127.0.0.1/41123] INFO  grpc.GrpcConfigKeys (ConfUtils.java:logGet(46)) - raft.grpc.client.port = 0 (custom)
2022-10-20 01:29:28,677 [Listener at 127.0.0.1/41123] INFO  grpc.GrpcConfigKeys (ConfUtils.java:logGet(46)) - raft.grpc.server.host = null (default)
2022-10-20 01:29:28,677 [Listener at 127.0.0.1/41123] INFO  grpc.GrpcConfigKeys (ConfUtils.java:logGet(46)) - raft.grpc.server.port = 0 (default)
2022-10-20 01:29:28,678 [Listener at 127.0.0.1/41123] INFO  server.GrpcService (ConfUtils.java:logGet(46)) - raft.grpc.message.size.max = 32MB (=33554432) (custom)
2022-10-20 01:29:28,678 [Listener at 127.0.0.1/41123] INFO  server.RaftServerConfigKeys (ConfUtils.java:logGet(46)) - raft.server.log.appender.buffer.byte-limit = 33554432 (custom)
2022-10-20 01:29:28,678 [Listener at 127.0.0.1/41123] INFO  server.GrpcService (ConfUtils.java:logGet(46)) - raft.grpc.flow.control.window = 5MB (=5242880) (custom)
2022-10-20 01:29:28,678 [Listener at 127.0.0.1/41123] INFO  server.RaftServerConfigKeys (ConfUtils.java:logGet(46)) - raft.server.rpc.request.timeout = 60s (custom)
2022-10-20 01:29:28,678 [om1@group-C5BA1605619E-FollowerState] INFO  impl.FollowerState (FollowerState.java:run(143)) - om1@group-C5BA1605619E-FollowerState: change to CANDIDATE, lastRpcElapsedTime:1113404375ns, electionTimeout:1106ms
2022-10-20 01:29:28,679 [om1@group-C5BA1605619E-FollowerState] INFO  impl.RoleInfo (RoleInfo.java:shutdownFollowerState(110)) - om1: shutdown om1@group-C5BA1605619E-FollowerState
2022-10-20 01:29:28,680 [om1@group-C5BA1605619E-FollowerState] INFO  server.RaftServer$Division (RaftServerImpl.java:setRole(321)) - om1@group-C5BA1605619E: changes role from  FOLLOWER to CANDIDATE at term 0 for changeToCandidate
2022-10-20 01:29:28,680 [Listener at 127.0.0.1/41123] INFO  grpc.GrpcConfigKeys (ConfUtils.java:logGet(46)) - raft.grpc.server.heartbeat.channel = true (default)
2022-10-20 01:29:28,680 [Listener at 127.0.0.1/41123] INFO  grpc.GrpcConfigKeys (ConfUtils.java:logGet(46)) - raft.grpc.server.async.request.thread.pool.cached = true (default)
2022-10-20 01:29:28,680 [Listener at 127.0.0.1/41123] INFO  grpc.GrpcConfigKeys (ConfUtils.java:logGet(46)) - raft.grpc.server.async.request.thread.pool.size = 32 (default)
2022-10-20 01:29:28,681 [Listener at 127.0.0.1/41123] INFO  impl.DataStreamServerImpl (ConfUtils.java:logGet(46)) - raft.datastream.type = DISABLED (default)
2022-10-20 01:29:28,682 [Listener at 127.0.0.1/41123] INFO  server.RaftServerConfigKeys (ConfUtils.java:logGet(46)) - raft.server.threadpool.proxy.cached = true (default)
2022-10-20 01:29:28,682 [Listener at 127.0.0.1/41123] INFO  server.RaftServerConfigKeys (ConfUtils.java:logGet(46)) - raft.server.threadpool.proxy.size = 0 (default)
2022-10-20 01:29:28,682 [Listener at 127.0.0.1/41123] INFO  server.RaftServerConfigKeys (ConfUtils.java:logGet(46)) - raft.server.rpc.slowness.timeout = 300s (custom)
2022-10-20 01:29:28,682 [Listener at 127.0.0.1/41123] INFO  server.RaftServerConfigKeys (ConfUtils.java:logGet(46)) - raft.server.leaderelection.leader.step-down.wait-time = 10s (default)
2022-10-20 01:29:28,682 [Listener at 127.0.0.1/41123] INFO  server.RaftServerConfigKeys (ConfUtils.java:logGet(46)) - raft.server.storage.dir = [/home/runner/work/ozone/ozone/hadoop-ozone/integration-test/target/test-dir/MiniOzoneClusterImpl-1c2b738d-be74-4a40-b887-8630efe04021/datanode-1/data/ratis] (custom)
2022-10-20 01:29:28,682 [om1@group-C5BA1605619E-FollowerState] INFO  server.RaftServerConfigKeys (ConfUtils.java:logGet(46)) - raft.server.leaderelection.pre-vote = false (custom)
2022-10-20 01:29:28,682 [om1@group-C5BA1605619E-FollowerState] INFO  impl.RoleInfo (RoleInfo.java:updateAndGet(139)) - om1: start om1@group-C5BA1605619E-LeaderElection1
2022-10-20 01:29:28,684 [Listener at 127.0.0.1/41123] INFO  server.XceiverServerGrpc (XceiverServerGrpc.java:<init>(132)) - GrpcServer channel type EpollServerSocketChannel
2022-10-20 01:29:28,691 [Listener at 127.0.0.1/41123] INFO  http.BaseHttpServer (BaseHttpServer.java:newHttpServer2BuilderForOzone(213)) - Starting Web-server for hddsDatanode at: http://0.0.0.0:0
2022-10-20 01:29:28,691 [Listener at 127.0.0.1/41123] INFO  http.BaseHttpServer (BaseHttpServer.java:<init>(108)) - Hadoop Security Enabled: false Ozone Security Enabled: false Ozone HTTP Security Enabled: false 
2022-10-20 01:29:28,692 [Listener at 127.0.0.1/41123] WARN  server.AuthenticationFilter (AuthenticationFilter.java:constructSecretProvider(240)) - Unable to initialize FileSignerSecretProvider, falling back to use random secrets. Reason: Could not read signature secret file: /home/runner/hadoop-http-auth-signature-secret
2022-10-20 01:29:28,699 [Listener at 127.0.0.1/41123] WARN  http.HttpRequestLog (HttpRequestLog.java:getRequestLog(103)) - Jetty request log can only be enabled using Log4j
2022-10-20 01:29:28,700 [Listener at 127.0.0.1/41123] INFO  http.HttpServer2 (HttpServer2.java:addGlobalFilter(1031)) - Added global filter 'safety' (class=org.apache.hadoop.hdds.server.http.HttpServer2$QuotingInputFilter)
2022-10-20 01:29:28,700 [om1@group-C5BA1605619E-LeaderElection1] INFO  impl.LeaderElection (LeaderElection.java:askForVotes(312)) - om1@group-C5BA1605619E-LeaderElection1 ELECTION round 0: submit vote requests at term 1 for -1: peers:[om1|rpc:localhost:9872|priority:0|startupRole:FOLLOWER]|listeners:[], old=null
2022-10-20 01:29:28,701 [Listener at 127.0.0.1/41123] INFO  http.HttpServer2 (HttpServer2.java:addFilter(1007)) - Added filter static_user_filter (class=org.apache.hadoop.http.lib.StaticUserWebFilter$StaticUserFilter) to context hddsDatanode
2022-10-20 01:29:28,701 [Listener at 127.0.0.1/41123] INFO  http.HttpServer2 (HttpServer2.java:addFilter(1015)) - Added filter static_user_filter (class=org.apache.hadoop.http.lib.StaticUserWebFilter$StaticUserFilter) to context static
2022-10-20 01:29:28,701 [Listener at 127.0.0.1/41123] INFO  http.HttpServer2 (HttpServer2.java:addFilter(1015)) - Added filter static_user_filter (class=org.apache.hadoop.http.lib.StaticUserWebFilter$StaticUserFilter) to context logs
2022-10-20 01:29:28,702 [Listener at 127.0.0.1/41123] INFO  http.HttpServer2 (HttpServer2.java:bindListener(1250)) - Jetty bound to port 39993
2022-10-20 01:29:28,702 [Listener at 127.0.0.1/41123] INFO  server.Server (Server.java:doStart(375)) - jetty-9.4.43.v20210629; built: 2021-06-30T11:07:22.254Z; git: 526006ecfa3af7f1a27ef3a288e2bef7ea9dd7e8; jvm 1.8.0_345-b01
2022-10-20 01:29:28,702 [om1@group-C5BA1605619E-LeaderElection1] INFO  impl.LeaderElection (LeaderElection.java:askForVotes(314)) - om1@group-C5BA1605619E-LeaderElection1 ELECTION round 0: result PASSED (term=1)
2022-10-20 01:29:28,707 [om1@group-C5BA1605619E-LeaderElection1] INFO  impl.RoleInfo (RoleInfo.java:shutdownLeaderElection(130)) - om1: shutdown om1@group-C5BA1605619E-LeaderElection1
2022-10-20 01:29:28,707 [om1@group-C5BA1605619E-LeaderElection1] INFO  server.RaftServer$Division (RaftServerImpl.java:setRole(321)) - om1@group-C5BA1605619E: changes role from CANDIDATE to LEADER at term 1 for changeToLeader
2022-10-20 01:29:28,708 [om1@group-C5BA1605619E-LeaderElection1] INFO  server.RaftServer$Division (ServerState.java:setLeader(313)) - om1@group-C5BA1605619E: change Leader from null to om1 at term 1 for becomeLeader, leader elected after 2088ms
2022-10-20 01:29:28,713 [om1@group-C5BA1605619E-LeaderElection1] INFO  server.RaftServerConfigKeys (ConfUtils.java:logGet(46)) - raft.server.staging.catchup.gap = 1000 (default)
2022-10-20 01:29:28,722 [Listener at 127.0.0.1/41123] INFO  server.session (DefaultSessionIdManager.java:doStart(334)) - DefaultSessionIdManager workerName=node0
2022-10-20 01:29:28,723 [Listener at 127.0.0.1/41123] INFO  server.session (DefaultSessionIdManager.java:doStart(339)) - No SessionScavenger set, using defaults
2022-10-20 01:29:28,723 [Listener at 127.0.0.1/41123] INFO  server.session (HouseKeeper.java:startScavenging(132)) - node0 Scavenging every 600000ms
2022-10-20 01:29:28,724 [Listener at 127.0.0.1/41123] INFO  handler.ContextHandler (ContextHandler.java:doStart(915)) - Started o.e.j.s.ServletContextHandler@3ed5e17c{logs,/logs,file:///home/runner/work/ozone/ozone/hadoop-ozone/integration-test/target/log,AVAILABLE}
2022-10-20 01:29:28,724 [Listener at 127.0.0.1/41123] INFO  handler.ContextHandler (ContextHandler.java:doStart(915)) - Started o.e.j.s.ServletContextHandler@2fbd9785{static,/static,jar:file:/home/runner/.m2/repository/org/apache/ozone/hdds-container-service/1.3.0-SNAPSHOT/hdds-container-service-1.3.0-SNAPSHOT.jar!/webapps/static,AVAILABLE}
2022-10-20 01:29:28,732 [om1@group-C5BA1605619E-LeaderElection1] INFO  server.RaftServerConfigKeys (ConfUtils.java:logGet(46)) - raft.server.write.element-limit = 4096 (default)
2022-10-20 01:29:28,732 [om1@group-C5BA1605619E-LeaderElection1] INFO  server.RaftServerConfigKeys (ConfUtils.java:logGet(46)) - raft.server.write.byte-limit = 64MB (=67108864) (default)
2022-10-20 01:29:28,736 [om1@group-C5BA1605619E-LeaderElection1] INFO  server.RaftServerConfigKeys (ConfUtils.java:logGet(46)) - raft.server.watch.timeout = 10s (default)
2022-10-20 01:29:28,736 [om1@group-C5BA1605619E-LeaderElection1] INFO  server.RaftServerConfigKeys (ConfUtils.java:logGet(46)) - raft.server.watch.timeout.denomination = 1s (default)
2022-10-20 01:29:28,736 [om1@group-C5BA1605619E-LeaderElection1] INFO  server.RaftServerConfigKeys (ConfUtils.java:logGet(46)) - raft.server.watch.element-limit = 65536 (default)
2022-10-20 01:29:28,740 [om1@group-C5BA1605619E-LeaderElection1] INFO  server.RaftServerConfigKeys (ConfUtils.java:logGet(46)) - raft.server.write.element-limit = 4096 (default)
2022-10-20 01:29:28,742 [om1@group-C5BA1605619E-LeaderElection1] INFO  server.RaftServerConfigKeys (ConfUtils.java:logGet(46)) - raft.server.write.follower.gap.ratio.max = -1.0 (default)
2022-10-20 01:29:28,751 [om1@group-C5BA1605619E-LeaderElection1] INFO  impl.RoleInfo (RoleInfo.java:updateAndGet(139)) - om1: start om1@group-C5BA1605619E-LeaderStateImpl
2022-10-20 01:29:28,793 [om1@group-C5BA1605619E-LeaderElection1] INFO  segmented.SegmentedRaftLogWorker (SegmentedRaftLogWorker.java:startLogSegment(452)) - om1@group-C5BA1605619E-SegmentedRaftLogWorker: Starting segment from index:0
2022-10-20 01:29:28,848 [om1@group-C5BA1605619E-LeaderElection1] INFO  server.RaftServer$Division (ServerState.java:setRaftConf(430)) - om1@group-C5BA1605619E: set configuration 0: peers:[om1|rpc:localhost:9872|admin:|client:|dataStream:|priority:0|startupRole:FOLLOWER]|listeners:[], old=null
2022-10-20 01:29:28,964 [om1@group-C5BA1605619E-SegmentedRaftLogWorker] INFO  segmented.SegmentedRaftLogWorker (SegmentedRaftLogWorker.java:execute(656)) - om1@group-C5BA1605619E-SegmentedRaftLogWorker: created new log segment /home/runner/work/ozone/ozone/hadoop-ozone/integration-test/target/test-dir/MiniOzoneClusterImpl-1c2b738d-be74-4a40-b887-8630efe04021/ozone-meta/ratis/bf265839-605b-3f16-9796-c5ba1605619e/current/log_inprogress_0
2022-10-20 01:29:29,010 [Listener at 127.0.0.1/41123] INFO  handler.ContextHandler (ContextHandler.java:doStart(915)) - Started o.e.j.w.WebAppContext@3b17ab03{hddsDatanode,/,file:///tmp/jetty-0_0_0_0-39993-hdds-container-service-1_3_0-SNAPSHOT_jar-_-any-6592935202327022470/webapp/,AVAILABLE}{jar:file:/home/runner/.m2/repository/org/apache/ozone/hdds-container-service/1.3.0-SNAPSHOT/hdds-container-service-1.3.0-SNAPSHOT.jar!/webapps/hddsDatanode}
2022-10-20 01:29:29,011 [Listener at 127.0.0.1/41123] INFO  server.AbstractConnector (AbstractConnector.java:doStart(331)) - Started ServerConnector@23fbc6b2{HTTP/1.1, (http/1.1)}{0.0.0.0:39993}
2022-10-20 01:29:29,012 [Listener at 127.0.0.1/41123] INFO  server.Server (Server.java:doStart(415)) - Started @7884ms
2022-10-20 01:29:29,012 [Listener at 127.0.0.1/41123] WARN  impl.MetricsSystemImpl (MetricsSystemImpl.java:register(279)) - Sink prometheus already exists!
2022-10-20 01:29:29,012 [Listener at 127.0.0.1/41123] INFO  http.BaseHttpServer (BaseHttpServer.java:updateConnectorAddress(333)) - HTTP server of hddsDatanode listening at http://0.0.0.0:39993
2022-10-20 01:29:29,017 [Listener at 127.0.0.1/41123] WARN  impl.MetricRegistriesImpl (MetricRegistriesImpl.java:addReporterRegistration(111)) - New reporters are added after registries were created. Some metrics will be missing from the reporter. Please add reporter before adding any new registry.
2022-10-20 01:29:29,017 [Listener at 127.0.0.1/41123] WARN  impl.MetricRegistriesImpl (MetricRegistriesImpl.java:addReporterRegistration(111)) - New reporters are added after registries were created. Some metrics will be missing from the reporter. Please add reporter before adding any new registry.
2022-10-20 01:29:29,018 [Listener at 127.0.0.1/41123] INFO  impl.MetricsSystemImpl (MetricsSystemImpl.java:init(158)) - HddsDatanode metrics system started (again)
2022-10-20 01:29:29,018 [Datanode State Machine Daemon Thread] INFO  statemachine.DatanodeStateMachine (DatanodeStateMachine.java:lambda$startDaemon$0(492)) - Ozone container server started.
2022-10-20 01:29:29,034 [org.apache.hadoop.util.JvmPauseMonitor$Monitor@16e14510] INFO  util.JvmPauseMonitor (JvmPauseMonitor.java:run(188)) - Starting JVM pause monitor
2022-10-20 01:29:29,055 [Listener at 127.0.0.1/41123] INFO  ozone.HddsDatanodeService (HddsDatanodeService.java:start(236)) - HddsDatanodeService host:fv-az625-379.nkjb25ot11ku3fnowzullr2doh.gx.internal.cloudapp.net ip:10.1.0.77
2022-10-20 01:29:29,079 [Datanode State Machine Task Thread - 0] INFO  datanode.InitDatanodeState (InitDatanodeState.java:persistContainerDatanodeDetails(138)) - DatanodeDetails is persisted to /home/runner/work/ozone/ozone/hadoop-ozone/integration-test/target/test-dir/MiniOzoneClusterImpl-1c2b738d-be74-4a40-b887-8630efe04021/datanode-1/meta/datanode.id
2022-10-20 01:29:29,092 [om1@group-C5BA1605619E-StateMachineUpdater] INFO  ratis.OzoneManagerStateMachine (OzoneManagerStateMachine.java:notifyConfigurationChanged(192)) - Received Configuration change notification from Ratis. New Peer list:
[id: "om1"
address: "localhost:9872"
startupRole: FOLLOWER
]
2022-10-20 01:29:29,102 [Listener at 127.0.0.1/41123] INFO  upgrade.AbstractLayoutVersionManager (AbstractLayoutVersionManager.java:init(83)) - Initializing Layout version manager with metadata layout = DATANODE_SCHEMA_V3 (version = 4), software layout = DATANODE_SCHEMA_V3 (version = 4)
2022-10-20 01:29:29,149 [Listener at 127.0.0.1/41123] INFO  reflections.Reflections (Reflections.java:scan(232)) - Reflections took 44 ms to scan 7 urls, producing 137 keys and 328 values 
2022-10-20 01:29:29,151 [Listener at 127.0.0.1/41123] INFO  statemachine.DatanodeStateMachine (DatanodeStateMachine.java:getEndPointTaskThreadPoolSize(237)) - Datanode State Machine Task Thread Pool size 2
2022-10-20 01:29:29,153 [Listener at 127.0.0.1/41123] INFO  volume.HddsVolume (HddsVolume.java:<init>(117)) - Creating HddsVolume: /home/runner/work/ozone/ozone/hadoop-ozone/integration-test/target/test-dir/MiniOzoneClusterImpl-1c2b738d-be74-4a40-b887-8630efe04021/datanode-2/data-0/containers/hdds of storage type : DISK capacity : 9223372036854775807
2022-10-20 01:29:29,153 [Listener at 127.0.0.1/41123] INFO  volume.MutableVolumeSet (MutableVolumeSet.java:initializeVolumeSet(174)) - Added Volume : /home/runner/work/ozone/ozone/hadoop-ozone/integration-test/target/test-dir/MiniOzoneClusterImpl-1c2b738d-be74-4a40-b887-8630efe04021/datanode-2/data-0/containers/hdds to VolumeSet
2022-10-20 01:29:29,154 [Listener at 127.0.0.1/41123] INFO  volume.ThrottledAsyncChecker (ThrottledAsyncChecker.java:schedule(141)) - Scheduling a check for /home/runner/work/ozone/ozone/hadoop-ozone/integration-test/target/test-dir/MiniOzoneClusterImpl-1c2b738d-be74-4a40-b887-8630efe04021/datanode-2/data-0/containers/hdds
2022-10-20 01:29:29,159 [Listener at 127.0.0.1/41123] INFO  volume.StorageVolumeChecker (StorageVolumeChecker.java:checkAllVolumes(202)) - Scheduled health check for volume /home/runner/work/ozone/ozone/hadoop-ozone/integration-test/target/test-dir/MiniOzoneClusterImpl-1c2b738d-be74-4a40-b887-8630efe04021/datanode-2/data-0/containers/hdds
2022-10-20 01:29:29,171 [Listener at 127.0.0.1/41123] INFO  volume.MutableVolumeSet (MutableVolumeSet.java:initializeVolumeSet(174)) - Added Volume : /home/runner/work/ozone/ozone/hadoop-ozone/integration-test/target/test-dir/MiniOzoneClusterImpl-1c2b738d-be74-4a40-b887-8630efe04021/datanode-2/data/ratis to VolumeSet
2022-10-20 01:29:29,171 [Listener at 127.0.0.1/41123] INFO  volume.ThrottledAsyncChecker (ThrottledAsyncChecker.java:schedule(141)) - Scheduling a check for /home/runner/work/ozone/ozone/hadoop-ozone/integration-test/target/test-dir/MiniOzoneClusterImpl-1c2b738d-be74-4a40-b887-8630efe04021/datanode-2/data/ratis
2022-10-20 01:29:29,171 [Listener at 127.0.0.1/41123] INFO  volume.StorageVolumeChecker (StorageVolumeChecker.java:checkAllVolumes(202)) - Scheduled health check for volume /home/runner/work/ozone/ozone/hadoop-ozone/integration-test/target/test-dir/MiniOzoneClusterImpl-1c2b738d-be74-4a40-b887-8630efe04021/datanode-2/data/ratis
2022-10-20 01:29:29,182 [Thread-164] INFO  ozoneimpl.ContainerReader (ContainerReader.java:readVolume(175)) - Finish verifying containers on volume /home/runner/work/ozone/ozone/hadoop-ozone/integration-test/target/test-dir/MiniOzoneClusterImpl-1c2b738d-be74-4a40-b887-8630efe04021/datanode-2/data-0/containers/hdds
2022-10-20 01:29:29,183 [Listener at 127.0.0.1/41123] INFO  ozoneimpl.OzoneContainer (OzoneContainer.java:buildContainerSet(300)) - Build ContainerSet costs 0s
2022-10-20 01:29:29,186 [Listener at 127.0.0.1/41123] INFO  server.RaftServer (ConfUtils.java:logGet(46)) - raft.rpc.type = GRPC (default)
2022-10-20 01:29:29,186 [Listener at 127.0.0.1/41123] INFO  grpc.GrpcConfigKeys (ConfUtils.java:logFallback(53)) - raft.grpc.admin.host = null (fallback to raft.grpc.server.host)
2022-10-20 01:29:29,186 [Listener at 127.0.0.1/41123] INFO  grpc.GrpcConfigKeys (ConfUtils.java:logGet(46)) - raft.grpc.admin.port = 0 (custom)
2022-10-20 01:29:29,186 [Listener at 127.0.0.1/41123] INFO  grpc.GrpcConfigKeys (ConfUtils.java:logFallback(53)) - raft.grpc.client.host = null (fallback to raft.grpc.server.host)
2022-10-20 01:29:29,186 [Listener at 127.0.0.1/41123] INFO  grpc.GrpcConfigKeys (ConfUtils.java:logGet(46)) - raft.grpc.client.port = 0 (custom)
2022-10-20 01:29:29,186 [Listener at 127.0.0.1/41123] INFO  grpc.GrpcConfigKeys (ConfUtils.java:logGet(46)) - raft.grpc.server.host = null (default)
2022-10-20 01:29:29,187 [Listener at 127.0.0.1/41123] INFO  grpc.GrpcConfigKeys (ConfUtils.java:logGet(46)) - raft.grpc.server.port = 0 (default)
2022-10-20 01:29:29,187 [Listener at 127.0.0.1/41123] INFO  server.GrpcService (ConfUtils.java:logGet(46)) - raft.grpc.message.size.max = 32MB (=33554432) (custom)
2022-10-20 01:29:29,187 [Listener at 127.0.0.1/41123] INFO  server.RaftServerConfigKeys (ConfUtils.java:logGet(46)) - raft.server.log.appender.buffer.byte-limit = 33554432 (custom)
2022-10-20 01:29:29,187 [Listener at 127.0.0.1/41123] INFO  server.GrpcService (ConfUtils.java:logGet(46)) - raft.grpc.flow.control.window = 5MB (=5242880) (custom)
2022-10-20 01:29:29,189 [Listener at 127.0.0.1/41123] INFO  server.RaftServerConfigKeys (ConfUtils.java:logGet(46)) - raft.server.rpc.request.timeout = 60s (custom)
2022-10-20 01:29:29,190 [Listener at 127.0.0.1/41123] INFO  grpc.GrpcConfigKeys (ConfUtils.java:logGet(46)) - raft.grpc.server.heartbeat.channel = true (default)
2022-10-20 01:29:29,190 [Listener at 127.0.0.1/41123] INFO  grpc.GrpcConfigKeys (ConfUtils.java:logGet(46)) - raft.grpc.server.async.request.thread.pool.cached = true (default)
2022-10-20 01:29:29,190 [Listener at 127.0.0.1/41123] INFO  grpc.GrpcConfigKeys (ConfUtils.java:logGet(46)) - raft.grpc.server.async.request.thread.pool.size = 32 (default)
2022-10-20 01:29:29,191 [Listener at 127.0.0.1/41123] INFO  impl.DataStreamServerImpl (ConfUtils.java:logGet(46)) - raft.datastream.type = DISABLED (default)
2022-10-20 01:29:29,191 [Listener at 127.0.0.1/41123] INFO  server.RaftServerConfigKeys (ConfUtils.java:logGet(46)) - raft.server.threadpool.proxy.cached = true (default)
2022-10-20 01:29:29,192 [Listener at 127.0.0.1/41123] INFO  server.RaftServerConfigKeys (ConfUtils.java:logGet(46)) - raft.server.threadpool.proxy.size = 0 (default)
2022-10-20 01:29:29,192 [Listener at 127.0.0.1/41123] INFO  server.RaftServerConfigKeys (ConfUtils.java:logGet(46)) - raft.server.rpc.slowness.timeout = 300s (custom)
2022-10-20 01:29:29,192 [Listener at 127.0.0.1/41123] INFO  server.RaftServerConfigKeys (ConfUtils.java:logGet(46)) - raft.server.leaderelection.leader.step-down.wait-time = 10s (default)
2022-10-20 01:29:29,192 [Listener at 127.0.0.1/41123] INFO  server.RaftServerConfigKeys (ConfUtils.java:logGet(46)) - raft.server.storage.dir = [/home/runner/work/ozone/ozone/hadoop-ozone/integration-test/target/test-dir/MiniOzoneClusterImpl-1c2b738d-be74-4a40-b887-8630efe04021/datanode-2/data/ratis] (custom)
2022-10-20 01:29:29,194 [Listener at 127.0.0.1/41123] INFO  server.XceiverServerGrpc (XceiverServerGrpc.java:<init>(132)) - GrpcServer channel type EpollServerSocketChannel
2022-10-20 01:29:29,199 [Listener at 127.0.0.1/41123] INFO  http.BaseHttpServer (BaseHttpServer.java:newHttpServer2BuilderForOzone(213)) - Starting Web-server for hddsDatanode at: http://0.0.0.0:0
2022-10-20 01:29:29,200 [Listener at 127.0.0.1/41123] INFO  http.BaseHttpServer (BaseHttpServer.java:<init>(108)) - Hadoop Security Enabled: false Ozone Security Enabled: false Ozone HTTP Security Enabled: false 
2022-10-20 01:29:29,201 [Listener at 127.0.0.1/41123] WARN  server.AuthenticationFilter (AuthenticationFilter.java:constructSecretProvider(240)) - Unable to initialize FileSignerSecretProvider, falling back to use random secrets. Reason: Could not read signature secret file: /home/runner/hadoop-http-auth-signature-secret
2022-10-20 01:29:29,202 [Listener at 127.0.0.1/41123] WARN  http.HttpRequestLog (HttpRequestLog.java:getRequestLog(103)) - Jetty request log can only be enabled using Log4j
2022-10-20 01:29:29,203 [Listener at 127.0.0.1/41123] INFO  http.HttpServer2 (HttpServer2.java:addGlobalFilter(1031)) - Added global filter 'safety' (class=org.apache.hadoop.hdds.server.http.HttpServer2$QuotingInputFilter)
2022-10-20 01:29:29,204 [Listener at 127.0.0.1/41123] INFO  http.HttpServer2 (HttpServer2.java:addFilter(1007)) - Added filter static_user_filter (class=org.apache.hadoop.http.lib.StaticUserWebFilter$StaticUserFilter) to context hddsDatanode
2022-10-20 01:29:29,204 [Listener at 127.0.0.1/41123] INFO  http.HttpServer2 (HttpServer2.java:addFilter(1015)) - Added filter static_user_filter (class=org.apache.hadoop.http.lib.StaticUserWebFilter$StaticUserFilter) to context static
2022-10-20 01:29:29,205 [Listener at 127.0.0.1/41123] INFO  http.HttpServer2 (HttpServer2.java:addFilter(1015)) - Added filter static_user_filter (class=org.apache.hadoop.http.lib.StaticUserWebFilter$StaticUserFilter) to context logs
2022-10-20 01:29:29,205 [Listener at 127.0.0.1/41123] INFO  http.HttpServer2 (HttpServer2.java:bindListener(1250)) - Jetty bound to port 36223
2022-10-20 01:29:29,205 [Listener at 127.0.0.1/41123] INFO  server.Server (Server.java:doStart(375)) - jetty-9.4.43.v20210629; built: 2021-06-30T11:07:22.254Z; git: 526006ecfa3af7f1a27ef3a288e2bef7ea9dd7e8; jvm 1.8.0_345-b01
2022-10-20 01:29:29,212 [Listener at 127.0.0.1/41123] INFO  server.session (DefaultSessionIdManager.java:doStart(334)) - DefaultSessionIdManager workerName=node0
2022-10-20 01:29:29,212 [Listener at 127.0.0.1/41123] INFO  server.session (DefaultSessionIdManager.java:doStart(339)) - No SessionScavenger set, using defaults
2022-10-20 01:29:29,212 [Listener at 127.0.0.1/41123] INFO  server.session (HouseKeeper.java:startScavenging(132)) - node0 Scavenging every 660000ms
2022-10-20 01:29:29,213 [Listener at 127.0.0.1/41123] INFO  handler.ContextHandler (ContextHandler.java:doStart(915)) - Started o.e.j.s.ServletContextHandler@2702326d{logs,/logs,file:///home/runner/work/ozone/ozone/hadoop-ozone/integration-test/target/log,AVAILABLE}
2022-10-20 01:29:29,214 [Listener at 127.0.0.1/41123] INFO  handler.ContextHandler (ContextHandler.java:doStart(915)) - Started o.e.j.s.ServletContextHandler@76518f6b{static,/static,jar:file:/home/runner/.m2/repository/org/apache/ozone/hdds-container-service/1.3.0-SNAPSHOT/hdds-container-service-1.3.0-SNAPSHOT.jar!/webapps/static,AVAILABLE}
2022-10-20 01:29:29,385 [Listener at 127.0.0.1/41123] INFO  handler.ContextHandler (ContextHandler.java:doStart(915)) - Started o.e.j.w.WebAppContext@29c8a177{hddsDatanode,/,file:///tmp/jetty-0_0_0_0-36223-hdds-container-service-1_3_0-SNAPSHOT_jar-_-any-4983389832359333387/webapp/,AVAILABLE}{jar:file:/home/runner/.m2/repository/org/apache/ozone/hdds-container-service/1.3.0-SNAPSHOT/hdds-container-service-1.3.0-SNAPSHOT.jar!/webapps/hddsDatanode}
2022-10-20 01:29:29,387 [Listener at 127.0.0.1/41123] INFO  server.AbstractConnector (AbstractConnector.java:doStart(331)) - Started ServerConnector@9385016{HTTP/1.1, (http/1.1)}{0.0.0.0:36223}
2022-10-20 01:29:29,387 [Listener at 127.0.0.1/41123] INFO  server.Server (Server.java:doStart(415)) - Started @8259ms
2022-10-20 01:29:29,387 [Listener at 127.0.0.1/41123] WARN  impl.MetricsSystemImpl (MetricsSystemImpl.java:register(279)) - Sink prometheus already exists!
2022-10-20 01:29:29,387 [Listener at 127.0.0.1/41123] INFO  http.BaseHttpServer (BaseHttpServer.java:updateConnectorAddress(333)) - HTTP server of hddsDatanode listening at http://0.0.0.0:36223
2022-10-20 01:29:29,388 [Datanode State Machine Daemon Thread] INFO  statemachine.DatanodeStateMachine (DatanodeStateMachine.java:lambda$startDaemon$0(492)) - Ozone container server started.
2022-10-20 01:29:29,388 [Listener at 127.0.0.1/41123] WARN  impl.MetricRegistriesImpl (MetricRegistriesImpl.java:addReporterRegistration(111)) - New reporters are added after registries were created. Some metrics will be missing from the reporter. Please add reporter before adding any new registry.
2022-10-20 01:29:29,390 [Listener at 127.0.0.1/41123] WARN  impl.MetricRegistriesImpl (MetricRegistriesImpl.java:addReporterRegistration(111)) - New reporters are added after registries were created. Some metrics will be missing from the reporter. Please add reporter before adding any new registry.
2022-10-20 01:29:29,390 [Listener at 127.0.0.1/41123] INFO  impl.MetricsSystemImpl (MetricsSystemImpl.java:init(158)) - HddsDatanode metrics system started (again)
2022-10-20 01:29:29,396 [org.apache.hadoop.util.JvmPauseMonitor$Monitor@576724e8] INFO  util.JvmPauseMonitor (JvmPauseMonitor.java:run(188)) - Starting JVM pause monitor
2022-10-20 01:29:29,398 [Datanode State Machine Task Thread - 0] INFO  datanode.InitDatanodeState (InitDatanodeState.java:persistContainerDatanodeDetails(138)) - DatanodeDetails is persisted to /home/runner/work/ozone/ozone/hadoop-ozone/integration-test/target/test-dir/MiniOzoneClusterImpl-1c2b738d-be74-4a40-b887-8630efe04021/datanode-2/meta/datanode.id
2022-10-20 01:29:29,405 [Listener at 127.0.0.1/41123] INFO  ozone.HddsDatanodeService (HddsDatanodeService.java:start(236)) - HddsDatanodeService host:fv-az625-379.nkjb25ot11ku3fnowzullr2doh.gx.internal.cloudapp.net ip:10.1.0.77
2022-10-20 01:29:29,437 [Listener at 127.0.0.1/41123] INFO  upgrade.AbstractLayoutVersionManager (AbstractLayoutVersionManager.java:init(83)) - Initializing Layout version manager with metadata layout = DATANODE_SCHEMA_V3 (version = 4), software layout = DATANODE_SCHEMA_V3 (version = 4)
2022-10-20 01:29:29,484 [Listener at 127.0.0.1/41123] INFO  reflections.Reflections (Reflections.java:scan(232)) - Reflections took 45 ms to scan 7 urls, producing 137 keys and 328 values 
2022-10-20 01:29:29,486 [Listener at 127.0.0.1/41123] INFO  statemachine.DatanodeStateMachine (DatanodeStateMachine.java:getEndPointTaskThreadPoolSize(237)) - Datanode State Machine Task Thread Pool size 2
2022-10-20 01:29:29,489 [Listener at 127.0.0.1/41123] INFO  volume.HddsVolume (HddsVolume.java:<init>(117)) - Creating HddsVolume: /home/runner/work/ozone/ozone/hadoop-ozone/integration-test/target/test-dir/MiniOzoneClusterImpl-1c2b738d-be74-4a40-b887-8630efe04021/datanode-3/data-0/containers/hdds of storage type : DISK capacity : 9223372036854775807
2022-10-20 01:29:29,490 [Listener at 127.0.0.1/41123] INFO  volume.MutableVolumeSet (MutableVolumeSet.java:initializeVolumeSet(174)) - Added Volume : /home/runner/work/ozone/ozone/hadoop-ozone/integration-test/target/test-dir/MiniOzoneClusterImpl-1c2b738d-be74-4a40-b887-8630efe04021/datanode-3/data-0/containers/hdds to VolumeSet
2022-10-20 01:29:29,490 [Listener at 127.0.0.1/41123] INFO  volume.ThrottledAsyncChecker (ThrottledAsyncChecker.java:schedule(141)) - Scheduling a check for /home/runner/work/ozone/ozone/hadoop-ozone/integration-test/target/test-dir/MiniOzoneClusterImpl-1c2b738d-be74-4a40-b887-8630efe04021/datanode-3/data-0/containers/hdds
2022-10-20 01:29:29,490 [Listener at 127.0.0.1/41123] INFO  volume.StorageVolumeChecker (StorageVolumeChecker.java:checkAllVolumes(202)) - Scheduled health check for volume /home/runner/work/ozone/ozone/hadoop-ozone/integration-test/target/test-dir/MiniOzoneClusterImpl-1c2b738d-be74-4a40-b887-8630efe04021/datanode-3/data-0/containers/hdds
2022-10-20 01:29:29,501 [Listener at 127.0.0.1/41123] INFO  volume.MutableVolumeSet (MutableVolumeSet.java:initializeVolumeSet(174)) - Added Volume : /home/runner/work/ozone/ozone/hadoop-ozone/integration-test/target/test-dir/MiniOzoneClusterImpl-1c2b738d-be74-4a40-b887-8630efe04021/datanode-3/data/ratis to VolumeSet
2022-10-20 01:29:29,501 [Listener at 127.0.0.1/41123] INFO  volume.ThrottledAsyncChecker (ThrottledAsyncChecker.java:schedule(141)) - Scheduling a check for /home/runner/work/ozone/ozone/hadoop-ozone/integration-test/target/test-dir/MiniOzoneClusterImpl-1c2b738d-be74-4a40-b887-8630efe04021/datanode-3/data/ratis
2022-10-20 01:29:29,502 [Listener at 127.0.0.1/41123] INFO  volume.StorageVolumeChecker (StorageVolumeChecker.java:checkAllVolumes(202)) - Scheduled health check for volume /home/runner/work/ozone/ozone/hadoop-ozone/integration-test/target/test-dir/MiniOzoneClusterImpl-1c2b738d-be74-4a40-b887-8630efe04021/datanode-3/data/ratis
2022-10-20 01:29:29,511 [Thread-177] INFO  ozoneimpl.ContainerReader (ContainerReader.java:readVolume(175)) - Finish verifying containers on volume /home/runner/work/ozone/ozone/hadoop-ozone/integration-test/target/test-dir/MiniOzoneClusterImpl-1c2b738d-be74-4a40-b887-8630efe04021/datanode-3/data-0/containers/hdds
2022-10-20 01:29:29,511 [Listener at 127.0.0.1/41123] INFO  ozoneimpl.OzoneContainer (OzoneContainer.java:buildContainerSet(300)) - Build ContainerSet costs 0s
2022-10-20 01:29:29,514 [Listener at 127.0.0.1/41123] INFO  server.RaftServer (ConfUtils.java:logGet(46)) - raft.rpc.type = GRPC (default)
2022-10-20 01:29:29,514 [Listener at 127.0.0.1/41123] INFO  grpc.GrpcConfigKeys (ConfUtils.java:logFallback(53)) - raft.grpc.admin.host = null (fallback to raft.grpc.server.host)
2022-10-20 01:29:29,515 [Listener at 127.0.0.1/41123] INFO  grpc.GrpcConfigKeys (ConfUtils.java:logGet(46)) - raft.grpc.admin.port = 0 (custom)
2022-10-20 01:29:29,515 [Listener at 127.0.0.1/41123] INFO  grpc.GrpcConfigKeys (ConfUtils.java:logFallback(53)) - raft.grpc.client.host = null (fallback to raft.grpc.server.host)
2022-10-20 01:29:29,515 [Listener at 127.0.0.1/41123] INFO  grpc.GrpcConfigKeys (ConfUtils.java:logGet(46)) - raft.grpc.client.port = 0 (custom)
2022-10-20 01:29:29,515 [Listener at 127.0.0.1/41123] INFO  grpc.GrpcConfigKeys (ConfUtils.java:logGet(46)) - raft.grpc.server.host = null (default)
2022-10-20 01:29:29,515 [Listener at 127.0.0.1/41123] INFO  grpc.GrpcConfigKeys (ConfUtils.java:logGet(46)) - raft.grpc.server.port = 0 (default)
2022-10-20 01:29:29,515 [Listener at 127.0.0.1/41123] INFO  server.GrpcService (ConfUtils.java:logGet(46)) - raft.grpc.message.size.max = 32MB (=33554432) (custom)
2022-10-20 01:29:29,515 [Listener at 127.0.0.1/41123] INFO  server.RaftServerConfigKeys (ConfUtils.java:logGet(46)) - raft.server.log.appender.buffer.byte-limit = 33554432 (custom)
2022-10-20 01:29:29,515 [Listener at 127.0.0.1/41123] INFO  server.GrpcService (ConfUtils.java:logGet(46)) - raft.grpc.flow.control.window = 5MB (=5242880) (custom)
2022-10-20 01:29:29,515 [Listener at 127.0.0.1/41123] INFO  server.RaftServerConfigKeys (ConfUtils.java:logGet(46)) - raft.server.rpc.request.timeout = 60s (custom)
2022-10-20 01:29:29,516 [Listener at 127.0.0.1/41123] INFO  grpc.GrpcConfigKeys (ConfUtils.java:logGet(46)) - raft.grpc.server.heartbeat.channel = true (default)
2022-10-20 01:29:29,516 [Listener at 127.0.0.1/41123] INFO  grpc.GrpcConfigKeys (ConfUtils.java:logGet(46)) - raft.grpc.server.async.request.thread.pool.cached = true (default)
2022-10-20 01:29:29,516 [Listener at 127.0.0.1/41123] INFO  grpc.GrpcConfigKeys (ConfUtils.java:logGet(46)) - raft.grpc.server.async.request.thread.pool.size = 32 (default)
2022-10-20 01:29:29,517 [Listener at 127.0.0.1/41123] INFO  impl.DataStreamServerImpl (ConfUtils.java:logGet(46)) - raft.datastream.type = DISABLED (default)
2022-10-20 01:29:29,517 [Listener at 127.0.0.1/41123] INFO  server.RaftServerConfigKeys (ConfUtils.java:logGet(46)) - raft.server.threadpool.proxy.cached = true (default)
2022-10-20 01:29:29,517 [Listener at 127.0.0.1/41123] INFO  server.RaftServerConfigKeys (ConfUtils.java:logGet(46)) - raft.server.threadpool.proxy.size = 0 (default)
2022-10-20 01:29:29,517 [Listener at 127.0.0.1/41123] INFO  server.RaftServerConfigKeys (ConfUtils.java:logGet(46)) - raft.server.rpc.slowness.timeout = 300s (custom)
2022-10-20 01:29:29,517 [Listener at 127.0.0.1/41123] INFO  server.RaftServerConfigKeys (ConfUtils.java:logGet(46)) - raft.server.leaderelection.leader.step-down.wait-time = 10s (default)
2022-10-20 01:29:29,517 [Listener at 127.0.0.1/41123] INFO  server.RaftServerConfigKeys (ConfUtils.java:logGet(46)) - raft.server.storage.dir = [/home/runner/work/ozone/ozone/hadoop-ozone/integration-test/target/test-dir/MiniOzoneClusterImpl-1c2b738d-be74-4a40-b887-8630efe04021/datanode-3/data/ratis] (custom)
2022-10-20 01:29:29,519 [Listener at 127.0.0.1/41123] INFO  server.XceiverServerGrpc (XceiverServerGrpc.java:<init>(132)) - GrpcServer channel type EpollServerSocketChannel
2022-10-20 01:29:29,522 [Listener at 127.0.0.1/41123] INFO  http.BaseHttpServer (BaseHttpServer.java:newHttpServer2BuilderForOzone(213)) - Starting Web-server for hddsDatanode at: http://0.0.0.0:0
2022-10-20 01:29:29,523 [Listener at 127.0.0.1/41123] INFO  http.BaseHttpServer (BaseHttpServer.java:<init>(108)) - Hadoop Security Enabled: false Ozone Security Enabled: false Ozone HTTP Security Enabled: false 
2022-10-20 01:29:29,524 [Listener at 127.0.0.1/41123] WARN  server.AuthenticationFilter (AuthenticationFilter.java:constructSecretProvider(240)) - Unable to initialize FileSignerSecretProvider, falling back to use random secrets. Reason: Could not read signature secret file: /home/runner/hadoop-http-auth-signature-secret
2022-10-20 01:29:29,525 [Listener at 127.0.0.1/41123] WARN  http.HttpRequestLog (HttpRequestLog.java:getRequestLog(103)) - Jetty request log can only be enabled using Log4j
2022-10-20 01:29:29,526 [Listener at 127.0.0.1/41123] INFO  http.HttpServer2 (HttpServer2.java:addGlobalFilter(1031)) - Added global filter 'safety' (class=org.apache.hadoop.hdds.server.http.HttpServer2$QuotingInputFilter)
2022-10-20 01:29:29,527 [Listener at 127.0.0.1/41123] INFO  http.HttpServer2 (HttpServer2.java:addFilter(1007)) - Added filter static_user_filter (class=org.apache.hadoop.http.lib.StaticUserWebFilter$StaticUserFilter) to context hddsDatanode
2022-10-20 01:29:29,527 [Listener at 127.0.0.1/41123] INFO  http.HttpServer2 (HttpServer2.java:addFilter(1015)) - Added filter static_user_filter (class=org.apache.hadoop.http.lib.StaticUserWebFilter$StaticUserFilter) to context static
2022-10-20 01:29:29,527 [Listener at 127.0.0.1/41123] INFO  http.HttpServer2 (HttpServer2.java:addFilter(1015)) - Added filter static_user_filter (class=org.apache.hadoop.http.lib.StaticUserWebFilter$StaticUserFilter) to context logs
2022-10-20 01:29:29,528 [Listener at 127.0.0.1/41123] INFO  http.HttpServer2 (HttpServer2.java:bindListener(1250)) - Jetty bound to port 34759
2022-10-20 01:29:29,528 [Listener at 127.0.0.1/41123] INFO  server.Server (Server.java:doStart(375)) - jetty-9.4.43.v20210629; built: 2021-06-30T11:07:22.254Z; git: 526006ecfa3af7f1a27ef3a288e2bef7ea9dd7e8; jvm 1.8.0_345-b01
2022-10-20 01:29:29,532 [Listener at 127.0.0.1/41123] INFO  server.session (DefaultSessionIdManager.java:doStart(334)) - DefaultSessionIdManager workerName=node0
2022-10-20 01:29:29,532 [Listener at 127.0.0.1/41123] INFO  server.session (DefaultSessionIdManager.java:doStart(339)) - No SessionScavenger set, using defaults
2022-10-20 01:29:29,533 [Listener at 127.0.0.1/41123] INFO  server.session (HouseKeeper.java:startScavenging(132)) - node0 Scavenging every 660000ms
2022-10-20 01:29:29,533 [Listener at 127.0.0.1/41123] INFO  handler.ContextHandler (ContextHandler.java:doStart(915)) - Started o.e.j.s.ServletContextHandler@5d2e6054{logs,/logs,file:///home/runner/work/ozone/ozone/hadoop-ozone/integration-test/target/log,AVAILABLE}
2022-10-20 01:29:29,534 [Listener at 127.0.0.1/41123] INFO  handler.ContextHandler (ContextHandler.java:doStart(915)) - Started o.e.j.s.ServletContextHandler@486c3d3d{static,/static,jar:file:/home/runner/.m2/repository/org/apache/ozone/hdds-container-service/1.3.0-SNAPSHOT/hdds-container-service-1.3.0-SNAPSHOT.jar!/webapps/static,AVAILABLE}
2022-10-20 01:29:29,705 [Listener at 127.0.0.1/41123] INFO  handler.ContextHandler (ContextHandler.java:doStart(915)) - Started o.e.j.w.WebAppContext@210d8f51{hddsDatanode,/,file:///tmp/jetty-0_0_0_0-34759-hdds-container-service-1_3_0-SNAPSHOT_jar-_-any-9196152491881329595/webapp/,AVAILABLE}{jar:file:/home/runner/.m2/repository/org/apache/ozone/hdds-container-service/1.3.0-SNAPSHOT/hdds-container-service-1.3.0-SNAPSHOT.jar!/webapps/hddsDatanode}
2022-10-20 01:29:29,706 [Listener at 127.0.0.1/41123] INFO  server.AbstractConnector (AbstractConnector.java:doStart(331)) - Started ServerConnector@1b69c652{HTTP/1.1, (http/1.1)}{0.0.0.0:34759}
2022-10-20 01:29:29,706 [Listener at 127.0.0.1/41123] INFO  server.Server (Server.java:doStart(415)) - Started @8578ms
2022-10-20 01:29:29,706 [Listener at 127.0.0.1/41123] WARN  impl.MetricsSystemImpl (MetricsSystemImpl.java:register(279)) - Sink prometheus already exists!
2022-10-20 01:29:29,707 [Listener at 127.0.0.1/41123] INFO  http.BaseHttpServer (BaseHttpServer.java:updateConnectorAddress(333)) - HTTP server of hddsDatanode listening at http://0.0.0.0:34759
2022-10-20 01:29:29,707 [Datanode State Machine Daemon Thread] INFO  statemachine.DatanodeStateMachine (DatanodeStateMachine.java:lambda$startDaemon$0(492)) - Ozone container server started.
2022-10-20 01:29:29,713 [Listener at 127.0.0.1/41123] WARN  impl.MetricRegistriesImpl (MetricRegistriesImpl.java:addReporterRegistration(111)) - New reporters are added after registries were created. Some metrics will be missing from the reporter. Please add reporter before adding any new registry.
2022-10-20 01:29:29,713 [Listener at 127.0.0.1/41123] WARN  impl.MetricRegistriesImpl (MetricRegistriesImpl.java:addReporterRegistration(111)) - New reporters are added after registries were created. Some metrics will be missing from the reporter. Please add reporter before adding any new registry.
2022-10-20 01:29:29,713 [Listener at 127.0.0.1/41123] INFO  impl.MetricsSystemImpl (MetricsSystemImpl.java:init(158)) - HddsDatanode metrics system started (again)
2022-10-20 01:29:29,726 [Listener at 127.0.0.1/41123] INFO  ozone.HddsDatanodeService (HddsDatanodeService.java:start(236)) - HddsDatanodeService host:fv-az625-379.nkjb25ot11ku3fnowzullr2doh.gx.internal.cloudapp.net ip:10.1.0.77
2022-10-20 01:29:29,727 [org.apache.hadoop.util.JvmPauseMonitor$Monitor@85f81ce] INFO  util.JvmPauseMonitor (JvmPauseMonitor.java:run(188)) - Starting JVM pause monitor
2022-10-20 01:29:29,730 [Datanode State Machine Task Thread - 0] INFO  datanode.InitDatanodeState (InitDatanodeState.java:persistContainerDatanodeDetails(138)) - DatanodeDetails is persisted to /home/runner/work/ozone/ozone/hadoop-ozone/integration-test/target/test-dir/MiniOzoneClusterImpl-1c2b738d-be74-4a40-b887-8630efe04021/datanode-3/meta/datanode.id
2022-10-20 01:29:29,745 [Listener at 127.0.0.1/41123] INFO  upgrade.AbstractLayoutVersionManager (AbstractLayoutVersionManager.java:init(83)) - Initializing Layout version manager with metadata layout = DATANODE_SCHEMA_V3 (version = 4), software layout = DATANODE_SCHEMA_V3 (version = 4)
2022-10-20 01:29:29,787 [Listener at 127.0.0.1/41123] INFO  reflections.Reflections (Reflections.java:scan(232)) - Reflections took 41 ms to scan 7 urls, producing 137 keys and 328 values 
2022-10-20 01:29:29,788 [Listener at 127.0.0.1/41123] INFO  statemachine.DatanodeStateMachine (DatanodeStateMachine.java:getEndPointTaskThreadPoolSize(237)) - Datanode State Machine Task Thread Pool size 2
2022-10-20 01:29:29,793 [Listener at 127.0.0.1/41123] INFO  volume.HddsVolume (HddsVolume.java:<init>(117)) - Creating HddsVolume: /home/runner/work/ozone/ozone/hadoop-ozone/integration-test/target/test-dir/MiniOzoneClusterImpl-1c2b738d-be74-4a40-b887-8630efe04021/datanode-4/data-0/containers/hdds of storage type : DISK capacity : 9223372036854775807
2022-10-20 01:29:29,794 [Listener at 127.0.0.1/41123] INFO  volume.MutableVolumeSet (MutableVolumeSet.java:initializeVolumeSet(174)) - Added Volume : /home/runner/work/ozone/ozone/hadoop-ozone/integration-test/target/test-dir/MiniOzoneClusterImpl-1c2b738d-be74-4a40-b887-8630efe04021/datanode-4/data-0/containers/hdds to VolumeSet
2022-10-20 01:29:29,794 [Listener at 127.0.0.1/41123] INFO  volume.ThrottledAsyncChecker (ThrottledAsyncChecker.java:schedule(141)) - Scheduling a check for /home/runner/work/ozone/ozone/hadoop-ozone/integration-test/target/test-dir/MiniOzoneClusterImpl-1c2b738d-be74-4a40-b887-8630efe04021/datanode-4/data-0/containers/hdds
2022-10-20 01:29:29,795 [Listener at 127.0.0.1/41123] INFO  volume.StorageVolumeChecker (StorageVolumeChecker.java:checkAllVolumes(202)) - Scheduled health check for volume /home/runner/work/ozone/ozone/hadoop-ozone/integration-test/target/test-dir/MiniOzoneClusterImpl-1c2b738d-be74-4a40-b887-8630efe04021/datanode-4/data-0/containers/hdds
2022-10-20 01:29:29,805 [Listener at 127.0.0.1/41123] INFO  volume.MutableVolumeSet (MutableVolumeSet.java:initializeVolumeSet(174)) - Added Volume : /home/runner/work/ozone/ozone/hadoop-ozone/integration-test/target/test-dir/MiniOzoneClusterImpl-1c2b738d-be74-4a40-b887-8630efe04021/datanode-4/data/ratis to VolumeSet
2022-10-20 01:29:29,805 [Listener at 127.0.0.1/41123] INFO  volume.ThrottledAsyncChecker (ThrottledAsyncChecker.java:schedule(141)) - Scheduling a check for /home/runner/work/ozone/ozone/hadoop-ozone/integration-test/target/test-dir/MiniOzoneClusterImpl-1c2b738d-be74-4a40-b887-8630efe04021/datanode-4/data/ratis
2022-10-20 01:29:29,805 [Listener at 127.0.0.1/41123] INFO  volume.StorageVolumeChecker (StorageVolumeChecker.java:checkAllVolumes(202)) - Scheduled health check for volume /home/runner/work/ozone/ozone/hadoop-ozone/integration-test/target/test-dir/MiniOzoneClusterImpl-1c2b738d-be74-4a40-b887-8630efe04021/datanode-4/data/ratis
2022-10-20 01:29:29,815 [Thread-190] INFO  ozoneimpl.ContainerReader (ContainerReader.java:readVolume(175)) - Finish verifying containers on volume /home/runner/work/ozone/ozone/hadoop-ozone/integration-test/target/test-dir/MiniOzoneClusterImpl-1c2b738d-be74-4a40-b887-8630efe04021/datanode-4/data-0/containers/hdds
2022-10-20 01:29:29,816 [Listener at 127.0.0.1/41123] INFO  ozoneimpl.OzoneContainer (OzoneContainer.java:buildContainerSet(300)) - Build ContainerSet costs 0s
2022-10-20 01:29:29,818 [Listener at 127.0.0.1/41123] INFO  server.RaftServer (ConfUtils.java:logGet(46)) - raft.rpc.type = GRPC (default)
2022-10-20 01:29:29,818 [Listener at 127.0.0.1/41123] INFO  grpc.GrpcConfigKeys (ConfUtils.java:logFallback(53)) - raft.grpc.admin.host = null (fallback to raft.grpc.server.host)
2022-10-20 01:29:29,818 [Listener at 127.0.0.1/41123] INFO  grpc.GrpcConfigKeys (ConfUtils.java:logGet(46)) - raft.grpc.admin.port = 0 (custom)
2022-10-20 01:29:29,819 [Listener at 127.0.0.1/41123] INFO  grpc.GrpcConfigKeys (ConfUtils.java:logFallback(53)) - raft.grpc.client.host = null (fallback to raft.grpc.server.host)
2022-10-20 01:29:29,819 [Listener at 127.0.0.1/41123] INFO  grpc.GrpcConfigKeys (ConfUtils.java:logGet(46)) - raft.grpc.client.port = 0 (custom)
2022-10-20 01:29:29,819 [Listener at 127.0.0.1/41123] INFO  grpc.GrpcConfigKeys (ConfUtils.java:logGet(46)) - raft.grpc.server.host = null (default)
2022-10-20 01:29:29,819 [Listener at 127.0.0.1/41123] INFO  grpc.GrpcConfigKeys (ConfUtils.java:logGet(46)) - raft.grpc.server.port = 0 (default)
2022-10-20 01:29:29,819 [Listener at 127.0.0.1/41123] INFO  server.GrpcService (ConfUtils.java:logGet(46)) - raft.grpc.message.size.max = 32MB (=33554432) (custom)
2022-10-20 01:29:29,819 [Listener at 127.0.0.1/41123] INFO  server.RaftServerConfigKeys (ConfUtils.java:logGet(46)) - raft.server.log.appender.buffer.byte-limit = 33554432 (custom)
2022-10-20 01:29:29,819 [Listener at 127.0.0.1/41123] INFO  server.GrpcService (ConfUtils.java:logGet(46)) - raft.grpc.flow.control.window = 5MB (=5242880) (custom)
2022-10-20 01:29:29,819 [Listener at 127.0.0.1/41123] INFO  server.RaftServerConfigKeys (ConfUtils.java:logGet(46)) - raft.server.rpc.request.timeout = 60s (custom)
2022-10-20 01:29:29,820 [Listener at 127.0.0.1/41123] INFO  grpc.GrpcConfigKeys (ConfUtils.java:logGet(46)) - raft.grpc.server.heartbeat.channel = true (default)
2022-10-20 01:29:29,820 [Listener at 127.0.0.1/41123] INFO  grpc.GrpcConfigKeys (ConfUtils.java:logGet(46)) - raft.grpc.server.async.request.thread.pool.cached = true (default)
2022-10-20 01:29:29,820 [Listener at 127.0.0.1/41123] INFO  grpc.GrpcConfigKeys (ConfUtils.java:logGet(46)) - raft.grpc.server.async.request.thread.pool.size = 32 (default)
2022-10-20 01:29:29,821 [Listener at 127.0.0.1/41123] INFO  impl.DataStreamServerImpl (ConfUtils.java:logGet(46)) - raft.datastream.type = DISABLED (default)
2022-10-20 01:29:29,821 [Listener at 127.0.0.1/41123] INFO  server.RaftServerConfigKeys (ConfUtils.java:logGet(46)) - raft.server.threadpool.proxy.cached = true (default)
2022-10-20 01:29:29,821 [Listener at 127.0.0.1/41123] INFO  server.RaftServerConfigKeys (ConfUtils.java:logGet(46)) - raft.server.threadpool.proxy.size = 0 (default)
2022-10-20 01:29:29,821 [Listener at 127.0.0.1/41123] INFO  server.RaftServerConfigKeys (ConfUtils.java:logGet(46)) - raft.server.rpc.slowness.timeout = 300s (custom)
2022-10-20 01:29:29,821 [Listener at 127.0.0.1/41123] INFO  server.RaftServerConfigKeys (ConfUtils.java:logGet(46)) - raft.server.leaderelection.leader.step-down.wait-time = 10s (default)
2022-10-20 01:29:29,821 [Listener at 127.0.0.1/41123] INFO  server.RaftServerConfigKeys (ConfUtils.java:logGet(46)) - raft.server.storage.dir = [/home/runner/work/ozone/ozone/hadoop-ozone/integration-test/target/test-dir/MiniOzoneClusterImpl-1c2b738d-be74-4a40-b887-8630efe04021/datanode-4/data/ratis] (custom)
2022-10-20 01:29:29,823 [Listener at 127.0.0.1/41123] INFO  server.XceiverServerGrpc (XceiverServerGrpc.java:<init>(132)) - GrpcServer channel type EpollServerSocketChannel
2022-10-20 01:29:29,825 [Listener at 127.0.0.1/41123] INFO  http.BaseHttpServer (BaseHttpServer.java:newHttpServer2BuilderForOzone(213)) - Starting Web-server for hddsDatanode at: http://0.0.0.0:0
2022-10-20 01:29:29,825 [Listener at 127.0.0.1/41123] INFO  http.BaseHttpServer (BaseHttpServer.java:<init>(108)) - Hadoop Security Enabled: false Ozone Security Enabled: false Ozone HTTP Security Enabled: false 
2022-10-20 01:29:29,827 [Listener at 127.0.0.1/41123] WARN  server.AuthenticationFilter (AuthenticationFilter.java:constructSecretProvider(240)) - Unable to initialize FileSignerSecretProvider, falling back to use random secrets. Reason: Could not read signature secret file: /home/runner/hadoop-http-auth-signature-secret
2022-10-20 01:29:29,827 [Listener at 127.0.0.1/41123] WARN  http.HttpRequestLog (HttpRequestLog.java:getRequestLog(103)) - Jetty request log can only be enabled using Log4j
2022-10-20 01:29:29,829 [Listener at 127.0.0.1/41123] INFO  http.HttpServer2 (HttpServer2.java:addGlobalFilter(1031)) - Added global filter 'safety' (class=org.apache.hadoop.hdds.server.http.HttpServer2$QuotingInputFilter)
2022-10-20 01:29:29,829 [Listener at 127.0.0.1/41123] INFO  http.HttpServer2 (HttpServer2.java:addFilter(1007)) - Added filter static_user_filter (class=org.apache.hadoop.http.lib.StaticUserWebFilter$StaticUserFilter) to context hddsDatanode
2022-10-20 01:29:29,829 [Listener at 127.0.0.1/41123] INFO  http.HttpServer2 (HttpServer2.java:addFilter(1015)) - Added filter static_user_filter (class=org.apache.hadoop.http.lib.StaticUserWebFilter$StaticUserFilter) to context static
2022-10-20 01:29:29,830 [Listener at 127.0.0.1/41123] INFO  http.HttpServer2 (HttpServer2.java:addFilter(1015)) - Added filter static_user_filter (class=org.apache.hadoop.http.lib.StaticUserWebFilter$StaticUserFilter) to context logs
2022-10-20 01:29:29,830 [Listener at 127.0.0.1/41123] INFO  http.HttpServer2 (HttpServer2.java:bindListener(1250)) - Jetty bound to port 34183
2022-10-20 01:29:29,830 [Listener at 127.0.0.1/41123] INFO  server.Server (Server.java:doStart(375)) - jetty-9.4.43.v20210629; built: 2021-06-30T11:07:22.254Z; git: 526006ecfa3af7f1a27ef3a288e2bef7ea9dd7e8; jvm 1.8.0_345-b01
2022-10-20 01:29:29,832 [Listener at 127.0.0.1/41123] INFO  server.session (DefaultSessionIdManager.java:doStart(334)) - DefaultSessionIdManager workerName=node0
2022-10-20 01:29:29,832 [Listener at 127.0.0.1/41123] INFO  server.session (DefaultSessionIdManager.java:doStart(339)) - No SessionScavenger set, using defaults
2022-10-20 01:29:29,832 [Listener at 127.0.0.1/41123] INFO  server.session (HouseKeeper.java:startScavenging(132)) - node0 Scavenging every 660000ms
2022-10-20 01:29:29,834 [Listener at 127.0.0.1/41123] INFO  handler.ContextHandler (ContextHandler.java:doStart(915)) - Started o.e.j.s.ServletContextHandler@7dcadb11{logs,/logs,file:///home/runner/work/ozone/ozone/hadoop-ozone/integration-test/target/log,AVAILABLE}
2022-10-20 01:29:29,834 [Listener at 127.0.0.1/41123] INFO  handler.ContextHandler (ContextHandler.java:doStart(915)) - Started o.e.j.s.ServletContextHandler@743a337{static,/static,jar:file:/home/runner/.m2/repository/org/apache/ozone/hdds-container-service/1.3.0-SNAPSHOT/hdds-container-service-1.3.0-SNAPSHOT.jar!/webapps/static,AVAILABLE}
2022-10-20 01:29:30,006 [Listener at 127.0.0.1/41123] INFO  handler.ContextHandler (ContextHandler.java:doStart(915)) - Started o.e.j.w.WebAppContext@467ac5f8{hddsDatanode,/,file:///tmp/jetty-0_0_0_0-34183-hdds-container-service-1_3_0-SNAPSHOT_jar-_-any-2058688812318796014/webapp/,AVAILABLE}{jar:file:/home/runner/.m2/repository/org/apache/ozone/hdds-container-service/1.3.0-SNAPSHOT/hdds-container-service-1.3.0-SNAPSHOT.jar!/webapps/hddsDatanode}
2022-10-20 01:29:30,007 [Listener at 127.0.0.1/41123] INFO  server.AbstractConnector (AbstractConnector.java:doStart(331)) - Started ServerConnector@59489572{HTTP/1.1, (http/1.1)}{0.0.0.0:34183}
2022-10-20 01:29:30,007 [Listener at 127.0.0.1/41123] INFO  server.Server (Server.java:doStart(415)) - Started @8879ms
2022-10-20 01:29:30,007 [Listener at 127.0.0.1/41123] WARN  impl.MetricsSystemImpl (MetricsSystemImpl.java:register(279)) - Sink prometheus already exists!
2022-10-20 01:29:30,008 [Listener at 127.0.0.1/41123] INFO  http.BaseHttpServer (BaseHttpServer.java:updateConnectorAddress(333)) - HTTP server of hddsDatanode listening at http://0.0.0.0:34183
2022-10-20 01:29:30,008 [Listener at 127.0.0.1/41123] WARN  impl.MetricRegistriesImpl (MetricRegistriesImpl.java:addReporterRegistration(111)) - New reporters are added after registries were created. Some metrics will be missing from the reporter. Please add reporter before adding any new registry.
2022-10-20 01:29:30,008 [Listener at 127.0.0.1/41123] WARN  impl.MetricRegistriesImpl (MetricRegistriesImpl.java:addReporterRegistration(111)) - New reporters are added after registries were created. Some metrics will be missing from the reporter. Please add reporter before adding any new registry.
2022-10-20 01:29:30,008 [Listener at 127.0.0.1/41123] INFO  impl.MetricsSystemImpl (MetricsSystemImpl.java:init(158)) - HddsDatanode metrics system started (again)
2022-10-20 01:29:30,018 [Datanode State Machine Daemon Thread] INFO  statemachine.DatanodeStateMachine (DatanodeStateMachine.java:lambda$startDaemon$0(492)) - Ozone container server started.
2022-10-20 01:29:30,038 [org.apache.hadoop.util.JvmPauseMonitor$Monitor@365c335] INFO  util.JvmPauseMonitor (JvmPauseMonitor.java:run(188)) - Starting JVM pause monitor
2022-10-20 01:29:30,040 [Listener at 127.0.0.1/41123] INFO  ozone.HddsDatanodeService (HddsDatanodeService.java:start(236)) - HddsDatanodeService host:fv-az625-379.nkjb25ot11ku3fnowzullr2doh.gx.internal.cloudapp.net ip:10.1.0.77
2022-10-20 01:29:30,048 [Datanode State Machine Task Thread - 0] INFO  datanode.InitDatanodeState (InitDatanodeState.java:persistContainerDatanodeDetails(138)) - DatanodeDetails is persisted to /home/runner/work/ozone/ozone/hadoop-ozone/integration-test/target/test-dir/MiniOzoneClusterImpl-1c2b738d-be74-4a40-b887-8630efe04021/datanode-4/meta/datanode.id
2022-10-20 01:29:30,061 [Listener at 127.0.0.1/41123] INFO  upgrade.AbstractLayoutVersionManager (AbstractLayoutVersionManager.java:init(83)) - Initializing Layout version manager with metadata layout = DATANODE_SCHEMA_V3 (version = 4), software layout = DATANODE_SCHEMA_V3 (version = 4)
2022-10-20 01:29:30,105 [Listener at 127.0.0.1/41123] INFO  reflections.Reflections (Reflections.java:scan(232)) - Reflections took 43 ms to scan 7 urls, producing 137 keys and 328 values 
2022-10-20 01:29:30,106 [Listener at 127.0.0.1/41123] INFO  statemachine.DatanodeStateMachine (DatanodeStateMachine.java:getEndPointTaskThreadPoolSize(237)) - Datanode State Machine Task Thread Pool size 2
2022-10-20 01:29:30,108 [Listener at 127.0.0.1/41123] INFO  volume.HddsVolume (HddsVolume.java:<init>(117)) - Creating HddsVolume: /home/runner/work/ozone/ozone/hadoop-ozone/integration-test/target/test-dir/MiniOzoneClusterImpl-1c2b738d-be74-4a40-b887-8630efe04021/datanode-5/data-0/containers/hdds of storage type : DISK capacity : 9223372036854775807
2022-10-20 01:29:30,109 [Listener at 127.0.0.1/41123] INFO  volume.MutableVolumeSet (MutableVolumeSet.java:initializeVolumeSet(174)) - Added Volume : /home/runner/work/ozone/ozone/hadoop-ozone/integration-test/target/test-dir/MiniOzoneClusterImpl-1c2b738d-be74-4a40-b887-8630efe04021/datanode-5/data-0/containers/hdds to VolumeSet
2022-10-20 01:29:30,109 [Listener at 127.0.0.1/41123] INFO  volume.ThrottledAsyncChecker (ThrottledAsyncChecker.java:schedule(141)) - Scheduling a check for /home/runner/work/ozone/ozone/hadoop-ozone/integration-test/target/test-dir/MiniOzoneClusterImpl-1c2b738d-be74-4a40-b887-8630efe04021/datanode-5/data-0/containers/hdds
2022-10-20 01:29:30,110 [Listener at 127.0.0.1/41123] INFO  volume.StorageVolumeChecker (StorageVolumeChecker.java:checkAllVolumes(202)) - Scheduled health check for volume /home/runner/work/ozone/ozone/hadoop-ozone/integration-test/target/test-dir/MiniOzoneClusterImpl-1c2b738d-be74-4a40-b887-8630efe04021/datanode-5/data-0/containers/hdds
2022-10-20 01:29:30,121 [Listener at 127.0.0.1/41123] INFO  volume.MutableVolumeSet (MutableVolumeSet.java:initializeVolumeSet(174)) - Added Volume : /home/runner/work/ozone/ozone/hadoop-ozone/integration-test/target/test-dir/MiniOzoneClusterImpl-1c2b738d-be74-4a40-b887-8630efe04021/datanode-5/data/ratis to VolumeSet
2022-10-20 01:29:30,121 [Listener at 127.0.0.1/41123] INFO  volume.ThrottledAsyncChecker (ThrottledAsyncChecker.java:schedule(141)) - Scheduling a check for /home/runner/work/ozone/ozone/hadoop-ozone/integration-test/target/test-dir/MiniOzoneClusterImpl-1c2b738d-be74-4a40-b887-8630efe04021/datanode-5/data/ratis
2022-10-20 01:29:30,121 [Listener at 127.0.0.1/41123] INFO  volume.StorageVolumeChecker (StorageVolumeChecker.java:checkAllVolumes(202)) - Scheduled health check for volume /home/runner/work/ozone/ozone/hadoop-ozone/integration-test/target/test-dir/MiniOzoneClusterImpl-1c2b738d-be74-4a40-b887-8630efe04021/datanode-5/data/ratis
2022-10-20 01:29:30,134 [Thread-203] INFO  ozoneimpl.ContainerReader (ContainerReader.java:readVolume(175)) - Finish verifying containers on volume /home/runner/work/ozone/ozone/hadoop-ozone/integration-test/target/test-dir/MiniOzoneClusterImpl-1c2b738d-be74-4a40-b887-8630efe04021/datanode-5/data-0/containers/hdds
2022-10-20 01:29:30,134 [Listener at 127.0.0.1/41123] INFO  ozoneimpl.OzoneContainer (OzoneContainer.java:buildContainerSet(300)) - Build ContainerSet costs 0s
2022-10-20 01:29:30,136 [Listener at 127.0.0.1/41123] INFO  server.RaftServer (ConfUtils.java:logGet(46)) - raft.rpc.type = GRPC (default)
2022-10-20 01:29:30,137 [Listener at 127.0.0.1/41123] INFO  grpc.GrpcConfigKeys (ConfUtils.java:logFallback(53)) - raft.grpc.admin.host = null (fallback to raft.grpc.server.host)
2022-10-20 01:29:30,137 [Listener at 127.0.0.1/41123] INFO  grpc.GrpcConfigKeys (ConfUtils.java:logGet(46)) - raft.grpc.admin.port = 0 (custom)
2022-10-20 01:29:30,137 [Listener at 127.0.0.1/41123] INFO  grpc.GrpcConfigKeys (ConfUtils.java:logFallback(53)) - raft.grpc.client.host = null (fallback to raft.grpc.server.host)
2022-10-20 01:29:30,137 [Listener at 127.0.0.1/41123] INFO  grpc.GrpcConfigKeys (ConfUtils.java:logGet(46)) - raft.grpc.client.port = 0 (custom)
2022-10-20 01:29:30,137 [Listener at 127.0.0.1/41123] INFO  grpc.GrpcConfigKeys (ConfUtils.java:logGet(46)) - raft.grpc.server.host = null (default)
2022-10-20 01:29:30,138 [Listener at 127.0.0.1/41123] INFO  grpc.GrpcConfigKeys (ConfUtils.java:logGet(46)) - raft.grpc.server.port = 0 (default)
2022-10-20 01:29:30,138 [Listener at 127.0.0.1/41123] INFO  server.GrpcService (ConfUtils.java:logGet(46)) - raft.grpc.message.size.max = 32MB (=33554432) (custom)
2022-10-20 01:29:30,138 [Listener at 127.0.0.1/41123] INFO  server.RaftServerConfigKeys (ConfUtils.java:logGet(46)) - raft.server.log.appender.buffer.byte-limit = 33554432 (custom)
2022-10-20 01:29:30,138 [Listener at 127.0.0.1/41123] INFO  server.GrpcService (ConfUtils.java:logGet(46)) - raft.grpc.flow.control.window = 5MB (=5242880) (custom)
2022-10-20 01:29:30,138 [Listener at 127.0.0.1/41123] INFO  server.RaftServerConfigKeys (ConfUtils.java:logGet(46)) - raft.server.rpc.request.timeout = 60s (custom)
2022-10-20 01:29:30,138 [Listener at 127.0.0.1/41123] INFO  grpc.GrpcConfigKeys (ConfUtils.java:logGet(46)) - raft.grpc.server.heartbeat.channel = true (default)
2022-10-20 01:29:30,138 [Listener at 127.0.0.1/41123] INFO  grpc.GrpcConfigKeys (ConfUtils.java:logGet(46)) - raft.grpc.server.async.request.thread.pool.cached = true (default)
2022-10-20 01:29:30,138 [Listener at 127.0.0.1/41123] INFO  grpc.GrpcConfigKeys (ConfUtils.java:logGet(46)) - raft.grpc.server.async.request.thread.pool.size = 32 (default)
2022-10-20 01:29:30,139 [Listener at 127.0.0.1/41123] INFO  impl.DataStreamServerImpl (ConfUtils.java:logGet(46)) - raft.datastream.type = DISABLED (default)
2022-10-20 01:29:30,139 [Listener at 127.0.0.1/41123] INFO  server.RaftServerConfigKeys (ConfUtils.java:logGet(46)) - raft.server.threadpool.proxy.cached = true (default)
2022-10-20 01:29:30,140 [Listener at 127.0.0.1/41123] INFO  server.RaftServerConfigKeys (ConfUtils.java:logGet(46)) - raft.server.threadpool.proxy.size = 0 (default)
2022-10-20 01:29:30,140 [Listener at 127.0.0.1/41123] INFO  server.RaftServerConfigKeys (ConfUtils.java:logGet(46)) - raft.server.rpc.slowness.timeout = 300s (custom)
2022-10-20 01:29:30,140 [Listener at 127.0.0.1/41123] INFO  server.RaftServerConfigKeys (ConfUtils.java:logGet(46)) - raft.server.leaderelection.leader.step-down.wait-time = 10s (default)
2022-10-20 01:29:30,141 [Listener at 127.0.0.1/41123] INFO  server.RaftServerConfigKeys (ConfUtils.java:logGet(46)) - raft.server.storage.dir = [/home/runner/work/ozone/ozone/hadoop-ozone/integration-test/target/test-dir/MiniOzoneClusterImpl-1c2b738d-be74-4a40-b887-8630efe04021/datanode-5/data/ratis] (custom)
2022-10-20 01:29:30,143 [Listener at 127.0.0.1/41123] INFO  server.XceiverServerGrpc (XceiverServerGrpc.java:<init>(132)) - GrpcServer channel type EpollServerSocketChannel
2022-10-20 01:29:30,146 [Listener at 127.0.0.1/41123] INFO  http.BaseHttpServer (BaseHttpServer.java:newHttpServer2BuilderForOzone(213)) - Starting Web-server for hddsDatanode at: http://0.0.0.0:0
2022-10-20 01:29:30,146 [Listener at 127.0.0.1/41123] INFO  http.BaseHttpServer (BaseHttpServer.java:<init>(108)) - Hadoop Security Enabled: false Ozone Security Enabled: false Ozone HTTP Security Enabled: false 
2022-10-20 01:29:30,148 [Listener at 127.0.0.1/41123] WARN  server.AuthenticationFilter (AuthenticationFilter.java:constructSecretProvider(240)) - Unable to initialize FileSignerSecretProvider, falling back to use random secrets. Reason: Could not read signature secret file: /home/runner/hadoop-http-auth-signature-secret
2022-10-20 01:29:30,149 [Listener at 127.0.0.1/41123] WARN  http.HttpRequestLog (HttpRequestLog.java:getRequestLog(103)) - Jetty request log can only be enabled using Log4j
2022-10-20 01:29:30,150 [Listener at 127.0.0.1/41123] INFO  http.HttpServer2 (HttpServer2.java:addGlobalFilter(1031)) - Added global filter 'safety' (class=org.apache.hadoop.hdds.server.http.HttpServer2$QuotingInputFilter)
2022-10-20 01:29:30,150 [Listener at 127.0.0.1/41123] INFO  http.HttpServer2 (HttpServer2.java:addFilter(1007)) - Added filter static_user_filter (class=org.apache.hadoop.http.lib.StaticUserWebFilter$StaticUserFilter) to context hddsDatanode
2022-10-20 01:29:30,151 [Listener at 127.0.0.1/41123] INFO  http.HttpServer2 (HttpServer2.java:addFilter(1015)) - Added filter static_user_filter (class=org.apache.hadoop.http.lib.StaticUserWebFilter$StaticUserFilter) to context logs
2022-10-20 01:29:30,151 [Listener at 127.0.0.1/41123] INFO  http.HttpServer2 (HttpServer2.java:addFilter(1015)) - Added filter static_user_filter (class=org.apache.hadoop.http.lib.StaticUserWebFilter$StaticUserFilter) to context static
2022-10-20 01:29:30,151 [Listener at 127.0.0.1/41123] INFO  http.HttpServer2 (HttpServer2.java:bindListener(1250)) - Jetty bound to port 44729
2022-10-20 01:29:30,151 [Listener at 127.0.0.1/41123] INFO  server.Server (Server.java:doStart(375)) - jetty-9.4.43.v20210629; built: 2021-06-30T11:07:22.254Z; git: 526006ecfa3af7f1a27ef3a288e2bef7ea9dd7e8; jvm 1.8.0_345-b01
2022-10-20 01:29:30,152 [Listener at 127.0.0.1/41123] INFO  server.session (DefaultSessionIdManager.java:doStart(334)) - DefaultSessionIdManager workerName=node0
2022-10-20 01:29:30,152 [Listener at 127.0.0.1/41123] INFO  server.session (DefaultSessionIdManager.java:doStart(339)) - No SessionScavenger set, using defaults
2022-10-20 01:29:30,153 [Listener at 127.0.0.1/41123] INFO  server.session (HouseKeeper.java:startScavenging(132)) - node0 Scavenging every 600000ms
2022-10-20 01:29:30,153 [Listener at 127.0.0.1/41123] INFO  handler.ContextHandler (ContextHandler.java:doStart(915)) - Started o.e.j.s.ServletContextHandler@68674144{logs,/logs,file:///home/runner/work/ozone/ozone/hadoop-ozone/integration-test/target/log,AVAILABLE}
2022-10-20 01:29:30,154 [Listener at 127.0.0.1/41123] INFO  handler.ContextHandler (ContextHandler.java:doStart(915)) - Started o.e.j.s.ServletContextHandler@7b667c59{static,/static,jar:file:/home/runner/.m2/repository/org/apache/ozone/hdds-container-service/1.3.0-SNAPSHOT/hdds-container-service-1.3.0-SNAPSHOT.jar!/webapps/static,AVAILABLE}
2022-10-20 01:29:30,323 [Listener at 127.0.0.1/41123] INFO  handler.ContextHandler (ContextHandler.java:doStart(915)) - Started o.e.j.w.WebAppContext@3ca1fde{hddsDatanode,/,file:///tmp/jetty-0_0_0_0-44729-hdds-container-service-1_3_0-SNAPSHOT_jar-_-any-1531818290486560158/webapp/,AVAILABLE}{jar:file:/home/runner/.m2/repository/org/apache/ozone/hdds-container-service/1.3.0-SNAPSHOT/hdds-container-service-1.3.0-SNAPSHOT.jar!/webapps/hddsDatanode}
2022-10-20 01:29:30,324 [Listener at 127.0.0.1/41123] INFO  server.AbstractConnector (AbstractConnector.java:doStart(331)) - Started ServerConnector@15cf976f{HTTP/1.1, (http/1.1)}{0.0.0.0:44729}
2022-10-20 01:29:30,324 [Listener at 127.0.0.1/41123] INFO  server.Server (Server.java:doStart(415)) - Started @9196ms
2022-10-20 01:29:30,324 [Listener at 127.0.0.1/41123] WARN  impl.MetricsSystemImpl (MetricsSystemImpl.java:register(279)) - Sink prometheus already exists!
2022-10-20 01:29:30,325 [Listener at 127.0.0.1/41123] INFO  http.BaseHttpServer (BaseHttpServer.java:updateConnectorAddress(333)) - HTTP server of hddsDatanode listening at http://0.0.0.0:44729
2022-10-20 01:29:30,325 [Datanode State Machine Daemon Thread] INFO  statemachine.DatanodeStateMachine (DatanodeStateMachine.java:lambda$startDaemon$0(492)) - Ozone container server started.
2022-10-20 01:29:30,326 [Listener at 127.0.0.1/41123] WARN  impl.MetricRegistriesImpl (MetricRegistriesImpl.java:addReporterRegistration(111)) - New reporters are added after registries were created. Some metrics will be missing from the reporter. Please add reporter before adding any new registry.
2022-10-20 01:29:30,327 [Listener at 127.0.0.1/41123] WARN  impl.MetricRegistriesImpl (MetricRegistriesImpl.java:addReporterRegistration(111)) - New reporters are added after registries were created. Some metrics will be missing from the reporter. Please add reporter before adding any new registry.
2022-10-20 01:29:30,327 [Listener at 127.0.0.1/41123] INFO  impl.MetricsSystemImpl (MetricsSystemImpl.java:init(158)) - HddsDatanode metrics system started (again)
2022-10-20 01:29:30,338 [Listener at 127.0.0.1/41123] INFO  ozone.HddsDatanodeService (HddsDatanodeService.java:start(236)) - HddsDatanodeService host:fv-az625-379.nkjb25ot11ku3fnowzullr2doh.gx.internal.cloudapp.net ip:10.1.0.77
2022-10-20 01:29:30,354 [org.apache.hadoop.util.JvmPauseMonitor$Monitor@5c24831a] INFO  util.JvmPauseMonitor (JvmPauseMonitor.java:run(188)) - Starting JVM pause monitor
2022-10-20 01:29:30,356 [Datanode State Machine Task Thread - 0] INFO  datanode.InitDatanodeState (InitDatanodeState.java:persistContainerDatanodeDetails(138)) - DatanodeDetails is persisted to /home/runner/work/ozone/ozone/hadoop-ozone/integration-test/target/test-dir/MiniOzoneClusterImpl-1c2b738d-be74-4a40-b887-8630efe04021/datanode-5/meta/datanode.id
2022-10-20 01:29:30,360 [Listener at 127.0.0.1/41123] INFO  upgrade.AbstractLayoutVersionManager (AbstractLayoutVersionManager.java:init(83)) - Initializing Layout version manager with metadata layout = DATANODE_SCHEMA_V3 (version = 4), software layout = DATANODE_SCHEMA_V3 (version = 4)
2022-10-20 01:29:30,422 [Listener at 127.0.0.1/41123] INFO  reflections.Reflections (Reflections.java:scan(232)) - Reflections took 61 ms to scan 7 urls, producing 137 keys and 328 values 
2022-10-20 01:29:30,423 [Listener at 127.0.0.1/41123] INFO  statemachine.DatanodeStateMachine (DatanodeStateMachine.java:getEndPointTaskThreadPoolSize(237)) - Datanode State Machine Task Thread Pool size 2
2022-10-20 01:29:30,425 [Listener at 127.0.0.1/41123] INFO  volume.HddsVolume (HddsVolume.java:<init>(117)) - Creating HddsVolume: /home/runner/work/ozone/ozone/hadoop-ozone/integration-test/target/test-dir/MiniOzoneClusterImpl-1c2b738d-be74-4a40-b887-8630efe04021/datanode-6/data-0/containers/hdds of storage type : DISK capacity : 9223372036854775807
2022-10-20 01:29:30,425 [Listener at 127.0.0.1/41123] INFO  volume.MutableVolumeSet (MutableVolumeSet.java:initializeVolumeSet(174)) - Added Volume : /home/runner/work/ozone/ozone/hadoop-ozone/integration-test/target/test-dir/MiniOzoneClusterImpl-1c2b738d-be74-4a40-b887-8630efe04021/datanode-6/data-0/containers/hdds to VolumeSet
2022-10-20 01:29:30,425 [Listener at 127.0.0.1/41123] INFO  volume.ThrottledAsyncChecker (ThrottledAsyncChecker.java:schedule(141)) - Scheduling a check for /home/runner/work/ozone/ozone/hadoop-ozone/integration-test/target/test-dir/MiniOzoneClusterImpl-1c2b738d-be74-4a40-b887-8630efe04021/datanode-6/data-0/containers/hdds
2022-10-20 01:29:30,430 [Listener at 127.0.0.1/41123] INFO  volume.StorageVolumeChecker (StorageVolumeChecker.java:checkAllVolumes(202)) - Scheduled health check for volume /home/runner/work/ozone/ozone/hadoop-ozone/integration-test/target/test-dir/MiniOzoneClusterImpl-1c2b738d-be74-4a40-b887-8630efe04021/datanode-6/data-0/containers/hdds
2022-10-20 01:29:30,441 [Listener at 127.0.0.1/41123] INFO  volume.MutableVolumeSet (MutableVolumeSet.java:initializeVolumeSet(174)) - Added Volume : /home/runner/work/ozone/ozone/hadoop-ozone/integration-test/target/test-dir/MiniOzoneClusterImpl-1c2b738d-be74-4a40-b887-8630efe04021/datanode-6/data/ratis to VolumeSet
2022-10-20 01:29:30,441 [Listener at 127.0.0.1/41123] INFO  volume.ThrottledAsyncChecker (ThrottledAsyncChecker.java:schedule(141)) - Scheduling a check for /home/runner/work/ozone/ozone/hadoop-ozone/integration-test/target/test-dir/MiniOzoneClusterImpl-1c2b738d-be74-4a40-b887-8630efe04021/datanode-6/data/ratis
2022-10-20 01:29:30,442 [Listener at 127.0.0.1/41123] INFO  volume.StorageVolumeChecker (StorageVolumeChecker.java:checkAllVolumes(202)) - Scheduled health check for volume /home/runner/work/ozone/ozone/hadoop-ozone/integration-test/target/test-dir/MiniOzoneClusterImpl-1c2b738d-be74-4a40-b887-8630efe04021/datanode-6/data/ratis
2022-10-20 01:29:30,451 [Thread-216] INFO  ozoneimpl.ContainerReader (ContainerReader.java:readVolume(175)) - Finish verifying containers on volume /home/runner/work/ozone/ozone/hadoop-ozone/integration-test/target/test-dir/MiniOzoneClusterImpl-1c2b738d-be74-4a40-b887-8630efe04021/datanode-6/data-0/containers/hdds
2022-10-20 01:29:30,451 [Listener at 127.0.0.1/41123] INFO  ozoneimpl.OzoneContainer (OzoneContainer.java:buildContainerSet(300)) - Build ContainerSet costs 0s
2022-10-20 01:29:30,454 [Listener at 127.0.0.1/41123] INFO  server.RaftServer (ConfUtils.java:logGet(46)) - raft.rpc.type = GRPC (default)
2022-10-20 01:29:30,454 [Listener at 127.0.0.1/41123] INFO  grpc.GrpcConfigKeys (ConfUtils.java:logFallback(53)) - raft.grpc.admin.host = null (fallback to raft.grpc.server.host)
2022-10-20 01:29:30,454 [Listener at 127.0.0.1/41123] INFO  grpc.GrpcConfigKeys (ConfUtils.java:logGet(46)) - raft.grpc.admin.port = 0 (custom)
2022-10-20 01:29:30,454 [Listener at 127.0.0.1/41123] INFO  grpc.GrpcConfigKeys (ConfUtils.java:logFallback(53)) - raft.grpc.client.host = null (fallback to raft.grpc.server.host)
2022-10-20 01:29:30,454 [Listener at 127.0.0.1/41123] INFO  grpc.GrpcConfigKeys (ConfUtils.java:logGet(46)) - raft.grpc.client.port = 0 (custom)
2022-10-20 01:29:30,454 [Listener at 127.0.0.1/41123] INFO  grpc.GrpcConfigKeys (ConfUtils.java:logGet(46)) - raft.grpc.server.host = null (default)
2022-10-20 01:29:30,454 [Listener at 127.0.0.1/41123] INFO  grpc.GrpcConfigKeys (ConfUtils.java:logGet(46)) - raft.grpc.server.port = 0 (default)
2022-10-20 01:29:30,454 [Listener at 127.0.0.1/41123] INFO  server.GrpcService (ConfUtils.java:logGet(46)) - raft.grpc.message.size.max = 32MB (=33554432) (custom)
2022-10-20 01:29:30,455 [Listener at 127.0.0.1/41123] INFO  server.RaftServerConfigKeys (ConfUtils.java:logGet(46)) - raft.server.log.appender.buffer.byte-limit = 33554432 (custom)
2022-10-20 01:29:30,455 [Listener at 127.0.0.1/41123] INFO  server.GrpcService (ConfUtils.java:logGet(46)) - raft.grpc.flow.control.window = 5MB (=5242880) (custom)
2022-10-20 01:29:30,455 [Listener at 127.0.0.1/41123] INFO  server.RaftServerConfigKeys (ConfUtils.java:logGet(46)) - raft.server.rpc.request.timeout = 60s (custom)
2022-10-20 01:29:30,455 [Listener at 127.0.0.1/41123] INFO  grpc.GrpcConfigKeys (ConfUtils.java:logGet(46)) - raft.grpc.server.heartbeat.channel = true (default)
2022-10-20 01:29:30,455 [Listener at 127.0.0.1/41123] INFO  grpc.GrpcConfigKeys (ConfUtils.java:logGet(46)) - raft.grpc.server.async.request.thread.pool.cached = true (default)
2022-10-20 01:29:30,455 [Listener at 127.0.0.1/41123] INFO  grpc.GrpcConfigKeys (ConfUtils.java:logGet(46)) - raft.grpc.server.async.request.thread.pool.size = 32 (default)
2022-10-20 01:29:30,456 [Listener at 127.0.0.1/41123] INFO  impl.DataStreamServerImpl (ConfUtils.java:logGet(46)) - raft.datastream.type = DISABLED (default)
2022-10-20 01:29:30,456 [Listener at 127.0.0.1/41123] INFO  server.RaftServerConfigKeys (ConfUtils.java:logGet(46)) - raft.server.threadpool.proxy.cached = true (default)
2022-10-20 01:29:30,456 [Listener at 127.0.0.1/41123] INFO  server.RaftServerConfigKeys (ConfUtils.java:logGet(46)) - raft.server.threadpool.proxy.size = 0 (default)
2022-10-20 01:29:30,456 [Listener at 127.0.0.1/41123] INFO  server.RaftServerConfigKeys (ConfUtils.java:logGet(46)) - raft.server.rpc.slowness.timeout = 300s (custom)
2022-10-20 01:29:30,456 [Listener at 127.0.0.1/41123] INFO  server.RaftServerConfigKeys (ConfUtils.java:logGet(46)) - raft.server.leaderelection.leader.step-down.wait-time = 10s (default)
2022-10-20 01:29:30,457 [Listener at 127.0.0.1/41123] INFO  server.RaftServerConfigKeys (ConfUtils.java:logGet(46)) - raft.server.storage.dir = [/home/runner/work/ozone/ozone/hadoop-ozone/integration-test/target/test-dir/MiniOzoneClusterImpl-1c2b738d-be74-4a40-b887-8630efe04021/datanode-6/data/ratis] (custom)
2022-10-20 01:29:30,461 [Listener at 127.0.0.1/41123] INFO  server.XceiverServerGrpc (XceiverServerGrpc.java:<init>(132)) - GrpcServer channel type EpollServerSocketChannel
2022-10-20 01:29:30,467 [Listener at 127.0.0.1/41123] INFO  http.BaseHttpServer (BaseHttpServer.java:newHttpServer2BuilderForOzone(213)) - Starting Web-server for hddsDatanode at: http://0.0.0.0:0
2022-10-20 01:29:30,467 [Listener at 127.0.0.1/41123] INFO  http.BaseHttpServer (BaseHttpServer.java:<init>(108)) - Hadoop Security Enabled: false Ozone Security Enabled: false Ozone HTTP Security Enabled: false 
2022-10-20 01:29:30,468 [Listener at 127.0.0.1/41123] WARN  server.AuthenticationFilter (AuthenticationFilter.java:constructSecretProvider(240)) - Unable to initialize FileSignerSecretProvider, falling back to use random secrets. Reason: Could not read signature secret file: /home/runner/hadoop-http-auth-signature-secret
2022-10-20 01:29:30,469 [Listener at 127.0.0.1/41123] WARN  http.HttpRequestLog (HttpRequestLog.java:getRequestLog(103)) - Jetty request log can only be enabled using Log4j
2022-10-20 01:29:30,470 [Listener at 127.0.0.1/41123] INFO  http.HttpServer2 (HttpServer2.java:addGlobalFilter(1031)) - Added global filter 'safety' (class=org.apache.hadoop.hdds.server.http.HttpServer2$QuotingInputFilter)
2022-10-20 01:29:30,471 [Listener at 127.0.0.1/41123] INFO  http.HttpServer2 (HttpServer2.java:addFilter(1007)) - Added filter static_user_filter (class=org.apache.hadoop.http.lib.StaticUserWebFilter$StaticUserFilter) to context hddsDatanode
2022-10-20 01:29:30,471 [Listener at 127.0.0.1/41123] INFO  http.HttpServer2 (HttpServer2.java:addFilter(1015)) - Added filter static_user_filter (class=org.apache.hadoop.http.lib.StaticUserWebFilter$StaticUserFilter) to context logs
2022-10-20 01:29:30,471 [Listener at 127.0.0.1/41123] INFO  http.HttpServer2 (HttpServer2.java:addFilter(1015)) - Added filter static_user_filter (class=org.apache.hadoop.http.lib.StaticUserWebFilter$StaticUserFilter) to context static
2022-10-20 01:29:30,472 [Listener at 127.0.0.1/41123] INFO  http.HttpServer2 (HttpServer2.java:bindListener(1250)) - Jetty bound to port 38307
2022-10-20 01:29:30,472 [Listener at 127.0.0.1/41123] INFO  server.Server (Server.java:doStart(375)) - jetty-9.4.43.v20210629; built: 2021-06-30T11:07:22.254Z; git: 526006ecfa3af7f1a27ef3a288e2bef7ea9dd7e8; jvm 1.8.0_345-b01
2022-10-20 01:29:30,473 [Listener at 127.0.0.1/41123] INFO  server.session (DefaultSessionIdManager.java:doStart(334)) - DefaultSessionIdManager workerName=node0
2022-10-20 01:29:30,473 [Listener at 127.0.0.1/41123] INFO  server.session (DefaultSessionIdManager.java:doStart(339)) - No SessionScavenger set, using defaults
2022-10-20 01:29:30,473 [Listener at 127.0.0.1/41123] INFO  server.session (HouseKeeper.java:startScavenging(132)) - node0 Scavenging every 600000ms
2022-10-20 01:29:30,474 [Listener at 127.0.0.1/41123] INFO  handler.ContextHandler (ContextHandler.java:doStart(915)) - Started o.e.j.s.ServletContextHandler@34dfc4bf{logs,/logs,file:///home/runner/work/ozone/ozone/hadoop-ozone/integration-test/target/log,AVAILABLE}
2022-10-20 01:29:30,474 [Listener at 127.0.0.1/41123] INFO  handler.ContextHandler (ContextHandler.java:doStart(915)) - Started o.e.j.s.ServletContextHandler@7a0dd67c{static,/static,jar:file:/home/runner/.m2/repository/org/apache/ozone/hdds-container-service/1.3.0-SNAPSHOT/hdds-container-service-1.3.0-SNAPSHOT.jar!/webapps/static,AVAILABLE}
2022-10-20 01:29:30,643 [EndpointStateMachine task thread for /0.0.0.0:46513 - 0 ] INFO  volume.HddsVolume (HddsVolume.java:createDbStore(307)) - SchemaV3 db is created and loaded at /home/runner/work/ozone/ozone/hadoop-ozone/integration-test/target/test-dir/MiniOzoneClusterImpl-1c2b738d-be74-4a40-b887-8630efe04021/datanode-0/data-0/containers/hdds/1c2b738d-be74-4a40-b887-8630efe04021/DS-a186ff94-e2ce-41f4-9563-7ba2d19ca96f/container.db for volume DS-a186ff94-e2ce-41f4-9563-7ba2d19ca96f
2022-10-20 01:29:30,646 [EndpointStateMachine task thread for /0.0.0.0:46513 - 0 ] INFO  volume.HddsVolume (HddsVolume.java:closeDbStore(338)) - SchemaV3 db is stopped at /home/runner/work/ozone/ozone/hadoop-ozone/integration-test/target/test-dir/MiniOzoneClusterImpl-1c2b738d-be74-4a40-b887-8630efe04021/datanode-0/data-0/containers/hdds/1c2b738d-be74-4a40-b887-8630efe04021/DS-a186ff94-e2ce-41f4-9563-7ba2d19ca96f/container.db for volume DS-a186ff94-e2ce-41f4-9563-7ba2d19ca96f
2022-10-20 01:29:30,646 [EndpointStateMachine task thread for /0.0.0.0:46513 - 0 ] INFO  ozoneimpl.OzoneContainer (OzoneContainer.java:start(378)) - Attempting to start container services.
2022-10-20 01:29:30,652 [EndpointStateMachine task thread for /0.0.0.0:46513 - 0 ] INFO  ozoneimpl.OzoneContainer (OzoneContainer.java:startContainerScrub(313)) - Background container scanner has been disabled.
2022-10-20 01:29:30,653 [EndpointStateMachine task thread for /0.0.0.0:46513 - 0 ] INFO  replication.ReplicationServer (ReplicationServer.java:start(111)) - ReplicationServer is started using port 36383
2022-10-20 01:29:30,655 [EndpointStateMachine task thread for /0.0.0.0:46513 - 0 ] INFO  ratis.XceiverServerRatis (XceiverServerRatis.java:start(481)) - Starting XceiverServerRatis 5133b65f-dd1c-47c0-816b-09498efa4e03
2022-10-20 01:29:30,656 [EndpointStateMachine task thread for /0.0.0.0:46513 - 0 ] INFO  server.RaftServer (RaftServerProxy.java:startImpl(393)) - 5133b65f-dd1c-47c0-816b-09498efa4e03: start RPC server
2022-10-20 01:29:30,660 [EndpointStateMachine task thread for /0.0.0.0:46513 - 0 ] INFO  server.GrpcService (GrpcService.java:startImpl(270)) - 5133b65f-dd1c-47c0-816b-09498efa4e03: GrpcService started, listening on 43535
2022-10-20 01:29:30,660 [EndpointStateMachine task thread for /0.0.0.0:46513 - 0 ] INFO  ratis.XceiverServerRatis (XceiverServerRatis.java:getRealPort(502)) - XceiverServerRatis 5133b65f-dd1c-47c0-816b-09498efa4e03 is started using port 43535 for RATIS
2022-10-20 01:29:30,660 [EndpointStateMachine task thread for /0.0.0.0:46513 - 0 ] INFO  ratis.XceiverServerRatis (XceiverServerRatis.java:getRealPort(502)) - XceiverServerRatis 5133b65f-dd1c-47c0-816b-09498efa4e03 is started using port 43535 for RATIS_ADMIN
2022-10-20 01:29:30,660 [EndpointStateMachine task thread for /0.0.0.0:46513 - 0 ] INFO  ratis.XceiverServerRatis (XceiverServerRatis.java:getRealPort(502)) - XceiverServerRatis 5133b65f-dd1c-47c0-816b-09498efa4e03 is started using port 43535 for RATIS_SERVER
2022-10-20 01:29:30,660 [JvmPauseMonitor1] INFO  util.JvmPauseMonitor (JvmPauseMonitor.java:run(105)) - JvmPauseMonitor-5133b65f-dd1c-47c0-816b-09498efa4e03: Started
2022-10-20 01:29:30,664 [EndpointStateMachine task thread for /0.0.0.0:46513 - 0 ] INFO  server.XceiverServerGrpc (XceiverServerGrpc.java:start(180)) - XceiverServerGrpc 5133b65f-dd1c-47c0-816b-09498efa4e03 is started using port 44363
2022-10-20 01:29:30,697 [Listener at 127.0.0.1/41123] INFO  handler.ContextHandler (ContextHandler.java:doStart(915)) - Started o.e.j.w.WebAppContext@674fee6d{hddsDatanode,/,file:///tmp/jetty-0_0_0_0-38307-hdds-container-service-1_3_0-SNAPSHOT_jar-_-any-1681250596078179910/webapp/,AVAILABLE}{jar:file:/home/runner/.m2/repository/org/apache/ozone/hdds-container-service/1.3.0-SNAPSHOT/hdds-container-service-1.3.0-SNAPSHOT.jar!/webapps/hddsDatanode}
2022-10-20 01:29:30,698 [Listener at 127.0.0.1/41123] INFO  server.AbstractConnector (AbstractConnector.java:doStart(331)) - Started ServerConnector@63657988{HTTP/1.1, (http/1.1)}{0.0.0.0:38307}
2022-10-20 01:29:30,699 [Listener at 127.0.0.1/41123] INFO  server.Server (Server.java:doStart(415)) - Started @9571ms
2022-10-20 01:29:30,699 [Listener at 127.0.0.1/41123] WARN  impl.MetricsSystemImpl (MetricsSystemImpl.java:register(279)) - Sink prometheus already exists!
2022-10-20 01:29:30,699 [Listener at 127.0.0.1/41123] INFO  http.BaseHttpServer (BaseHttpServer.java:updateConnectorAddress(333)) - HTTP server of hddsDatanode listening at http://0.0.0.0:38307
2022-10-20 01:29:30,700 [Listener at 127.0.0.1/41123] WARN  impl.MetricRegistriesImpl (MetricRegistriesImpl.java:addReporterRegistration(111)) - New reporters are added after registries were created. Some metrics will be missing from the reporter. Please add reporter before adding any new registry.
2022-10-20 01:29:30,700 [Listener at 127.0.0.1/41123] WARN  impl.MetricRegistriesImpl (MetricRegistriesImpl.java:addReporterRegistration(111)) - New reporters are added after registries were created. Some metrics will be missing from the reporter. Please add reporter before adding any new registry.
2022-10-20 01:29:30,700 [Listener at 127.0.0.1/41123] INFO  impl.MetricsSystemImpl (MetricsSystemImpl.java:init(158)) - HddsDatanode metrics system started (again)
2022-10-20 01:29:30,702 [Datanode State Machine Daemon Thread] INFO  statemachine.DatanodeStateMachine (DatanodeStateMachine.java:lambda$startDaemon$0(492)) - Ozone container server started.
2022-10-20 01:29:30,711 [Listener at 127.0.0.1/41123] INFO  ozone.HddsDatanodeService (HddsDatanodeService.java:start(236)) - HddsDatanodeService host:fv-az625-379.nkjb25ot11ku3fnowzullr2doh.gx.internal.cloudapp.net ip:10.1.0.77
2022-10-20 01:29:30,724 [org.apache.hadoop.util.JvmPauseMonitor$Monitor@70477d18] INFO  util.JvmPauseMonitor (JvmPauseMonitor.java:run(188)) - Starting JVM pause monitor
2022-10-20 01:29:30,725 [Datanode State Machine Task Thread - 0] INFO  datanode.InitDatanodeState (InitDatanodeState.java:persistContainerDatanodeDetails(138)) - DatanodeDetails is persisted to /home/runner/work/ozone/ozone/hadoop-ozone/integration-test/target/test-dir/MiniOzoneClusterImpl-1c2b738d-be74-4a40-b887-8630efe04021/datanode-6/meta/datanode.id
2022-10-20 01:29:30,728 [Listener at 127.0.0.1/41123] INFO  upgrade.AbstractLayoutVersionManager (AbstractLayoutVersionManager.java:init(83)) - Initializing Layout version manager with metadata layout = DATANODE_SCHEMA_V3 (version = 4), software layout = DATANODE_SCHEMA_V3 (version = 4)
2022-10-20 01:29:30,769 [Listener at 127.0.0.1/41123] INFO  reflections.Reflections (Reflections.java:scan(232)) - Reflections took 40 ms to scan 7 urls, producing 137 keys and 328 values 
2022-10-20 01:29:30,770 [Listener at 127.0.0.1/41123] INFO  statemachine.DatanodeStateMachine (DatanodeStateMachine.java:getEndPointTaskThreadPoolSize(237)) - Datanode State Machine Task Thread Pool size 2
2022-10-20 01:29:30,772 [Listener at 127.0.0.1/41123] INFO  volume.HddsVolume (HddsVolume.java:<init>(117)) - Creating HddsVolume: /home/runner/work/ozone/ozone/hadoop-ozone/integration-test/target/test-dir/MiniOzoneClusterImpl-1c2b738d-be74-4a40-b887-8630efe04021/datanode-7/data-0/containers/hdds of storage type : DISK capacity : 9223372036854775807
2022-10-20 01:29:30,772 [Listener at 127.0.0.1/41123] INFO  volume.MutableVolumeSet (MutableVolumeSet.java:initializeVolumeSet(174)) - Added Volume : /home/runner/work/ozone/ozone/hadoop-ozone/integration-test/target/test-dir/MiniOzoneClusterImpl-1c2b738d-be74-4a40-b887-8630efe04021/datanode-7/data-0/containers/hdds to VolumeSet
2022-10-20 01:29:30,772 [Listener at 127.0.0.1/41123] INFO  volume.ThrottledAsyncChecker (ThrottledAsyncChecker.java:schedule(141)) - Scheduling a check for /home/runner/work/ozone/ozone/hadoop-ozone/integration-test/target/test-dir/MiniOzoneClusterImpl-1c2b738d-be74-4a40-b887-8630efe04021/datanode-7/data-0/containers/hdds
2022-10-20 01:29:30,778 [Listener at 127.0.0.1/41123] INFO  volume.StorageVolumeChecker (StorageVolumeChecker.java:checkAllVolumes(202)) - Scheduled health check for volume /home/runner/work/ozone/ozone/hadoop-ozone/integration-test/target/test-dir/MiniOzoneClusterImpl-1c2b738d-be74-4a40-b887-8630efe04021/datanode-7/data-0/containers/hdds
2022-10-20 01:29:30,789 [Listener at 127.0.0.1/41123] INFO  volume.MutableVolumeSet (MutableVolumeSet.java:initializeVolumeSet(174)) - Added Volume : /home/runner/work/ozone/ozone/hadoop-ozone/integration-test/target/test-dir/MiniOzoneClusterImpl-1c2b738d-be74-4a40-b887-8630efe04021/datanode-7/data/ratis to VolumeSet
2022-10-20 01:29:30,789 [Listener at 127.0.0.1/41123] INFO  volume.ThrottledAsyncChecker (ThrottledAsyncChecker.java:schedule(141)) - Scheduling a check for /home/runner/work/ozone/ozone/hadoop-ozone/integration-test/target/test-dir/MiniOzoneClusterImpl-1c2b738d-be74-4a40-b887-8630efe04021/datanode-7/data/ratis
2022-10-20 01:29:30,790 [Listener at 127.0.0.1/41123] INFO  volume.StorageVolumeChecker (StorageVolumeChecker.java:checkAllVolumes(202)) - Scheduled health check for volume /home/runner/work/ozone/ozone/hadoop-ozone/integration-test/target/test-dir/MiniOzoneClusterImpl-1c2b738d-be74-4a40-b887-8630efe04021/datanode-7/data/ratis
2022-10-20 01:29:30,799 [Thread-235] INFO  ozoneimpl.ContainerReader (ContainerReader.java:readVolume(175)) - Finish verifying containers on volume /home/runner/work/ozone/ozone/hadoop-ozone/integration-test/target/test-dir/MiniOzoneClusterImpl-1c2b738d-be74-4a40-b887-8630efe04021/datanode-7/data-0/containers/hdds
2022-10-20 01:29:30,799 [Listener at 127.0.0.1/41123] INFO  ozoneimpl.OzoneContainer (OzoneContainer.java:buildContainerSet(300)) - Build ContainerSet costs 0s
2022-10-20 01:29:30,801 [Listener at 127.0.0.1/41123] INFO  server.RaftServer (ConfUtils.java:logGet(46)) - raft.rpc.type = GRPC (default)
2022-10-20 01:29:30,802 [Listener at 127.0.0.1/41123] INFO  grpc.GrpcConfigKeys (ConfUtils.java:logFallback(53)) - raft.grpc.admin.host = null (fallback to raft.grpc.server.host)
2022-10-20 01:29:30,802 [Listener at 127.0.0.1/41123] INFO  grpc.GrpcConfigKeys (ConfUtils.java:logGet(46)) - raft.grpc.admin.port = 0 (custom)
2022-10-20 01:29:30,802 [Listener at 127.0.0.1/41123] INFO  grpc.GrpcConfigKeys (ConfUtils.java:logFallback(53)) - raft.grpc.client.host = null (fallback to raft.grpc.server.host)
2022-10-20 01:29:30,802 [Listener at 127.0.0.1/41123] INFO  grpc.GrpcConfigKeys (ConfUtils.java:logGet(46)) - raft.grpc.client.port = 0 (custom)
2022-10-20 01:29:30,802 [Listener at 127.0.0.1/41123] INFO  grpc.GrpcConfigKeys (ConfUtils.java:logGet(46)) - raft.grpc.server.host = null (default)
2022-10-20 01:29:30,802 [Listener at 127.0.0.1/41123] INFO  grpc.GrpcConfigKeys (ConfUtils.java:logGet(46)) - raft.grpc.server.port = 0 (default)
2022-10-20 01:29:30,802 [Listener at 127.0.0.1/41123] INFO  server.GrpcService (ConfUtils.java:logGet(46)) - raft.grpc.message.size.max = 32MB (=33554432) (custom)
2022-10-20 01:29:30,802 [Listener at 127.0.0.1/41123] INFO  server.RaftServerConfigKeys (ConfUtils.java:logGet(46)) - raft.server.log.appender.buffer.byte-limit = 33554432 (custom)
2022-10-20 01:29:30,803 [Listener at 127.0.0.1/41123] INFO  server.GrpcService (ConfUtils.java:logGet(46)) - raft.grpc.flow.control.window = 5MB (=5242880) (custom)
2022-10-20 01:29:30,803 [Listener at 127.0.0.1/41123] INFO  server.RaftServerConfigKeys (ConfUtils.java:logGet(46)) - raft.server.rpc.request.timeout = 60s (custom)
2022-10-20 01:29:30,803 [Listener at 127.0.0.1/41123] INFO  grpc.GrpcConfigKeys (ConfUtils.java:logGet(46)) - raft.grpc.server.heartbeat.channel = true (default)
2022-10-20 01:29:30,803 [Listener at 127.0.0.1/41123] INFO  grpc.GrpcConfigKeys (ConfUtils.java:logGet(46)) - raft.grpc.server.async.request.thread.pool.cached = true (default)
2022-10-20 01:29:30,803 [Listener at 127.0.0.1/41123] INFO  grpc.GrpcConfigKeys (ConfUtils.java:logGet(46)) - raft.grpc.server.async.request.thread.pool.size = 32 (default)
2022-10-20 01:29:30,804 [Listener at 127.0.0.1/41123] INFO  impl.DataStreamServerImpl (ConfUtils.java:logGet(46)) - raft.datastream.type = DISABLED (default)
2022-10-20 01:29:30,804 [Listener at 127.0.0.1/41123] INFO  server.RaftServerConfigKeys (ConfUtils.java:logGet(46)) - raft.server.threadpool.proxy.cached = true (default)
2022-10-20 01:29:30,804 [Listener at 127.0.0.1/41123] INFO  server.RaftServerConfigKeys (ConfUtils.java:logGet(46)) - raft.server.threadpool.proxy.size = 0 (default)
2022-10-20 01:29:30,804 [Listener at 127.0.0.1/41123] INFO  server.RaftServerConfigKeys (ConfUtils.java:logGet(46)) - raft.server.rpc.slowness.timeout = 300s (custom)
2022-10-20 01:29:30,804 [Listener at 127.0.0.1/41123] INFO  server.RaftServerConfigKeys (ConfUtils.java:logGet(46)) - raft.server.leaderelection.leader.step-down.wait-time = 10s (default)
2022-10-20 01:29:30,805 [Listener at 127.0.0.1/41123] INFO  server.RaftServerConfigKeys (ConfUtils.java:logGet(46)) - raft.server.storage.dir = [/home/runner/work/ozone/ozone/hadoop-ozone/integration-test/target/test-dir/MiniOzoneClusterImpl-1c2b738d-be74-4a40-b887-8630efe04021/datanode-7/data/ratis] (custom)
2022-10-20 01:29:30,806 [Listener at 127.0.0.1/41123] INFO  server.XceiverServerGrpc (XceiverServerGrpc.java:<init>(132)) - GrpcServer channel type EpollServerSocketChannel
2022-10-20 01:29:30,810 [Listener at 127.0.0.1/41123] INFO  http.BaseHttpServer (BaseHttpServer.java:newHttpServer2BuilderForOzone(213)) - Starting Web-server for hddsDatanode at: http://0.0.0.0:0
2022-10-20 01:29:30,810 [Listener at 127.0.0.1/41123] INFO  http.BaseHttpServer (BaseHttpServer.java:<init>(108)) - Hadoop Security Enabled: false Ozone Security Enabled: false Ozone HTTP Security Enabled: false 
2022-10-20 01:29:30,811 [Listener at 127.0.0.1/41123] WARN  server.AuthenticationFilter (AuthenticationFilter.java:constructSecretProvider(240)) - Unable to initialize FileSignerSecretProvider, falling back to use random secrets. Reason: Could not read signature secret file: /home/runner/hadoop-http-auth-signature-secret
2022-10-20 01:29:30,811 [Listener at 127.0.0.1/41123] WARN  http.HttpRequestLog (HttpRequestLog.java:getRequestLog(103)) - Jetty request log can only be enabled using Log4j
2022-10-20 01:29:30,813 [Listener at 127.0.0.1/41123] INFO  http.HttpServer2 (HttpServer2.java:addGlobalFilter(1031)) - Added global filter 'safety' (class=org.apache.hadoop.hdds.server.http.HttpServer2$QuotingInputFilter)
2022-10-20 01:29:30,813 [Listener at 127.0.0.1/41123] INFO  http.HttpServer2 (HttpServer2.java:addFilter(1007)) - Added filter static_user_filter (class=org.apache.hadoop.http.lib.StaticUserWebFilter$StaticUserFilter) to context hddsDatanode
2022-10-20 01:29:30,813 [Listener at 127.0.0.1/41123] INFO  http.HttpServer2 (HttpServer2.java:addFilter(1015)) - Added filter static_user_filter (class=org.apache.hadoop.http.lib.StaticUserWebFilter$StaticUserFilter) to context static
2022-10-20 01:29:30,814 [Listener at 127.0.0.1/41123] INFO  http.HttpServer2 (HttpServer2.java:addFilter(1015)) - Added filter static_user_filter (class=org.apache.hadoop.http.lib.StaticUserWebFilter$StaticUserFilter) to context logs
2022-10-20 01:29:30,814 [Listener at 127.0.0.1/41123] INFO  http.HttpServer2 (HttpServer2.java:bindListener(1250)) - Jetty bound to port 40225
2022-10-20 01:29:30,814 [Listener at 127.0.0.1/41123] INFO  server.Server (Server.java:doStart(375)) - jetty-9.4.43.v20210629; built: 2021-06-30T11:07:22.254Z; git: 526006ecfa3af7f1a27ef3a288e2bef7ea9dd7e8; jvm 1.8.0_345-b01
2022-10-20 01:29:30,815 [Listener at 127.0.0.1/41123] INFO  server.session (DefaultSessionIdManager.java:doStart(334)) - DefaultSessionIdManager workerName=node0
2022-10-20 01:29:30,815 [Listener at 127.0.0.1/41123] INFO  server.session (DefaultSessionIdManager.java:doStart(339)) - No SessionScavenger set, using defaults
2022-10-20 01:29:30,816 [Listener at 127.0.0.1/41123] INFO  server.session (HouseKeeper.java:startScavenging(132)) - node0 Scavenging every 660000ms
2022-10-20 01:29:30,816 [Listener at 127.0.0.1/41123] INFO  handler.ContextHandler (ContextHandler.java:doStart(915)) - Started o.e.j.s.ServletContextHandler@408be22c{logs,/logs,file:///home/runner/work/ozone/ozone/hadoop-ozone/integration-test/target/log,AVAILABLE}
2022-10-20 01:29:30,817 [Listener at 127.0.0.1/41123] INFO  handler.ContextHandler (ContextHandler.java:doStart(915)) - Started o.e.j.s.ServletContextHandler@7a40e452{static,/static,jar:file:/home/runner/.m2/repository/org/apache/ozone/hdds-container-service/1.3.0-SNAPSHOT/hdds-container-service-1.3.0-SNAPSHOT.jar!/webapps/static,AVAILABLE}
2022-10-20 01:29:30,985 [Listener at 127.0.0.1/41123] INFO  handler.ContextHandler (ContextHandler.java:doStart(915)) - Started o.e.j.w.WebAppContext@4e5f4756{hddsDatanode,/,file:///tmp/jetty-0_0_0_0-40225-hdds-container-service-1_3_0-SNAPSHOT_jar-_-any-7726846289234882706/webapp/,AVAILABLE}{jar:file:/home/runner/.m2/repository/org/apache/ozone/hdds-container-service/1.3.0-SNAPSHOT/hdds-container-service-1.3.0-SNAPSHOT.jar!/webapps/hddsDatanode}
2022-10-20 01:29:30,991 [Listener at 127.0.0.1/41123] INFO  server.AbstractConnector (AbstractConnector.java:doStart(331)) - Started ServerConnector@9d06580{HTTP/1.1, (http/1.1)}{0.0.0.0:40225}
2022-10-20 01:29:30,992 [Listener at 127.0.0.1/41123] INFO  server.Server (Server.java:doStart(415)) - Started @9863ms
2022-10-20 01:29:30,992 [Listener at 127.0.0.1/41123] WARN  impl.MetricsSystemImpl (MetricsSystemImpl.java:register(279)) - Sink prometheus already exists!
2022-10-20 01:29:30,992 [Listener at 127.0.0.1/41123] INFO  http.BaseHttpServer (BaseHttpServer.java:updateConnectorAddress(333)) - HTTP server of hddsDatanode listening at http://0.0.0.0:40225
2022-10-20 01:29:30,994 [Listener at 127.0.0.1/41123] WARN  impl.MetricRegistriesImpl (MetricRegistriesImpl.java:addReporterRegistration(111)) - New reporters are added after registries were created. Some metrics will be missing from the reporter. Please add reporter before adding any new registry.
2022-10-20 01:29:30,994 [Listener at 127.0.0.1/41123] WARN  impl.MetricRegistriesImpl (MetricRegistriesImpl.java:addReporterRegistration(111)) - New reporters are added after registries were created. Some metrics will be missing from the reporter. Please add reporter before adding any new registry.
2022-10-20 01:29:30,995 [Listener at 127.0.0.1/41123] INFO  impl.MetricsSystemImpl (MetricsSystemImpl.java:init(158)) - HddsDatanode metrics system started (again)
2022-10-20 01:29:31,005 [Datanode State Machine Daemon Thread] INFO  statemachine.DatanodeStateMachine (DatanodeStateMachine.java:lambda$startDaemon$0(492)) - Ozone container server started.
2022-10-20 01:29:31,015 [org.apache.hadoop.util.JvmPauseMonitor$Monitor@7eea8063] INFO  util.JvmPauseMonitor (JvmPauseMonitor.java:run(188)) - Starting JVM pause monitor
2022-10-20 01:29:31,016 [Listener at 127.0.0.1/41123] INFO  ozone.HddsDatanodeService (HddsDatanodeService.java:start(236)) - HddsDatanodeService host:fv-az625-379.nkjb25ot11ku3fnowzullr2doh.gx.internal.cloudapp.net ip:10.1.0.77
2022-10-20 01:29:31,026 [Datanode State Machine Task Thread - 0] INFO  datanode.InitDatanodeState (InitDatanodeState.java:persistContainerDatanodeDetails(138)) - DatanodeDetails is persisted to /home/runner/work/ozone/ozone/hadoop-ozone/integration-test/target/test-dir/MiniOzoneClusterImpl-1c2b738d-be74-4a40-b887-8630efe04021/datanode-7/meta/datanode.id
2022-10-20 01:29:31,043 [Listener at 127.0.0.1/41123] INFO  upgrade.AbstractLayoutVersionManager (AbstractLayoutVersionManager.java:init(83)) - Initializing Layout version manager with metadata layout = DATANODE_SCHEMA_V3 (version = 4), software layout = DATANODE_SCHEMA_V3 (version = 4)
2022-10-20 01:29:31,084 [EndpointStateMachine task thread for /0.0.0.0:46513 - 0 ] INFO  volume.HddsVolume (HddsVolume.java:createDbStore(307)) - SchemaV3 db is created and loaded at /home/runner/work/ozone/ozone/hadoop-ozone/integration-test/target/test-dir/MiniOzoneClusterImpl-1c2b738d-be74-4a40-b887-8630efe04021/datanode-1/data-0/containers/hdds/1c2b738d-be74-4a40-b887-8630efe04021/DS-87731fca-393c-4795-8dd3-af010116a636/container.db for volume DS-87731fca-393c-4795-8dd3-af010116a636
2022-10-20 01:29:31,085 [EndpointStateMachine task thread for /0.0.0.0:46513 - 0 ] INFO  volume.HddsVolume (HddsVolume.java:closeDbStore(338)) - SchemaV3 db is stopped at /home/runner/work/ozone/ozone/hadoop-ozone/integration-test/target/test-dir/MiniOzoneClusterImpl-1c2b738d-be74-4a40-b887-8630efe04021/datanode-1/data-0/containers/hdds/1c2b738d-be74-4a40-b887-8630efe04021/DS-87731fca-393c-4795-8dd3-af010116a636/container.db for volume DS-87731fca-393c-4795-8dd3-af010116a636
2022-10-20 01:29:31,085 [EndpointStateMachine task thread for /0.0.0.0:46513 - 0 ] INFO  ozoneimpl.OzoneContainer (OzoneContainer.java:start(378)) - Attempting to start container services.
2022-10-20 01:29:31,085 [EndpointStateMachine task thread for /0.0.0.0:46513 - 0 ] INFO  ozoneimpl.OzoneContainer (OzoneContainer.java:startContainerScrub(313)) - Background container scanner has been disabled.
2022-10-20 01:29:31,087 [EndpointStateMachine task thread for /0.0.0.0:46513 - 0 ] INFO  replication.ReplicationServer (ReplicationServer.java:start(111)) - ReplicationServer is started using port 35659
2022-10-20 01:29:31,090 [Listener at 127.0.0.1/41123] INFO  reflections.Reflections (Reflections.java:scan(232)) - Reflections took 46 ms to scan 7 urls, producing 137 keys and 328 values 
2022-10-20 01:29:31,087 [EndpointStateMachine task thread for /0.0.0.0:46513 - 0 ] INFO  ratis.XceiverServerRatis (XceiverServerRatis.java:start(481)) - Starting XceiverServerRatis 4eb19ff5-df5c-423c-bb98-7a77d12fda0f
2022-10-20 01:29:31,093 [Listener at 127.0.0.1/41123] INFO  statemachine.DatanodeStateMachine (DatanodeStateMachine.java:getEndPointTaskThreadPoolSize(237)) - Datanode State Machine Task Thread Pool size 2
2022-10-20 01:29:31,099 [Listener at 127.0.0.1/41123] INFO  volume.HddsVolume (HddsVolume.java:<init>(117)) - Creating HddsVolume: /home/runner/work/ozone/ozone/hadoop-ozone/integration-test/target/test-dir/MiniOzoneClusterImpl-1c2b738d-be74-4a40-b887-8630efe04021/datanode-8/data-0/containers/hdds of storage type : DISK capacity : 9223372036854775807
2022-10-20 01:29:31,100 [Listener at 127.0.0.1/41123] INFO  volume.MutableVolumeSet (MutableVolumeSet.java:initializeVolumeSet(174)) - Added Volume : /home/runner/work/ozone/ozone/hadoop-ozone/integration-test/target/test-dir/MiniOzoneClusterImpl-1c2b738d-be74-4a40-b887-8630efe04021/datanode-8/data-0/containers/hdds to VolumeSet
2022-10-20 01:29:31,100 [Listener at 127.0.0.1/41123] INFO  volume.ThrottledAsyncChecker (ThrottledAsyncChecker.java:schedule(141)) - Scheduling a check for /home/runner/work/ozone/ozone/hadoop-ozone/integration-test/target/test-dir/MiniOzoneClusterImpl-1c2b738d-be74-4a40-b887-8630efe04021/datanode-8/data-0/containers/hdds
2022-10-20 01:29:31,103 [EndpointStateMachine task thread for /0.0.0.0:46513 - 0 ] INFO  server.RaftServer (RaftServerProxy.java:startImpl(393)) - 4eb19ff5-df5c-423c-bb98-7a77d12fda0f: start RPC server
2022-10-20 01:29:31,107 [EndpointStateMachine task thread for /0.0.0.0:46513 - 0 ] INFO  server.GrpcService (GrpcService.java:startImpl(270)) - 4eb19ff5-df5c-423c-bb98-7a77d12fda0f: GrpcService started, listening on 39269
2022-10-20 01:29:31,107 [Listener at 127.0.0.1/41123] INFO  volume.StorageVolumeChecker (StorageVolumeChecker.java:checkAllVolumes(202)) - Scheduled health check for volume /home/runner/work/ozone/ozone/hadoop-ozone/integration-test/target/test-dir/MiniOzoneClusterImpl-1c2b738d-be74-4a40-b887-8630efe04021/datanode-8/data-0/containers/hdds
2022-10-20 01:29:31,109 [EndpointStateMachine task thread for /0.0.0.0:46513 - 0 ] INFO  ratis.XceiverServerRatis (XceiverServerRatis.java:getRealPort(502)) - XceiverServerRatis 4eb19ff5-df5c-423c-bb98-7a77d12fda0f is started using port 39269 for RATIS
2022-10-20 01:29:31,109 [EndpointStateMachine task thread for /0.0.0.0:46513 - 0 ] INFO  ratis.XceiverServerRatis (XceiverServerRatis.java:getRealPort(502)) - XceiverServerRatis 4eb19ff5-df5c-423c-bb98-7a77d12fda0f is started using port 39269 for RATIS_ADMIN
2022-10-20 01:29:31,109 [EndpointStateMachine task thread for /0.0.0.0:46513 - 0 ] INFO  ratis.XceiverServerRatis (XceiverServerRatis.java:getRealPort(502)) - XceiverServerRatis 4eb19ff5-df5c-423c-bb98-7a77d12fda0f is started using port 39269 for RATIS_SERVER
2022-10-20 01:29:31,111 [JvmPauseMonitor2] INFO  util.JvmPauseMonitor (JvmPauseMonitor.java:run(105)) - JvmPauseMonitor-4eb19ff5-df5c-423c-bb98-7a77d12fda0f: Started
2022-10-20 01:29:31,125 [Listener at 127.0.0.1/41123] INFO  volume.MutableVolumeSet (MutableVolumeSet.java:initializeVolumeSet(174)) - Added Volume : /home/runner/work/ozone/ozone/hadoop-ozone/integration-test/target/test-dir/MiniOzoneClusterImpl-1c2b738d-be74-4a40-b887-8630efe04021/datanode-8/data/ratis to VolumeSet
2022-10-20 01:29:31,125 [Listener at 127.0.0.1/41123] INFO  volume.ThrottledAsyncChecker (ThrottledAsyncChecker.java:schedule(141)) - Scheduling a check for /home/runner/work/ozone/ozone/hadoop-ozone/integration-test/target/test-dir/MiniOzoneClusterImpl-1c2b738d-be74-4a40-b887-8630efe04021/datanode-8/data/ratis
2022-10-20 01:29:31,131 [EndpointStateMachine task thread for /0.0.0.0:46513 - 0 ] INFO  server.XceiverServerGrpc (XceiverServerGrpc.java:start(180)) - XceiverServerGrpc 4eb19ff5-df5c-423c-bb98-7a77d12fda0f is started using port 39281
2022-10-20 01:29:31,135 [Listener at 127.0.0.1/41123] INFO  volume.StorageVolumeChecker (StorageVolumeChecker.java:checkAllVolumes(202)) - Scheduled health check for volume /home/runner/work/ozone/ozone/hadoop-ozone/integration-test/target/test-dir/MiniOzoneClusterImpl-1c2b738d-be74-4a40-b887-8630efe04021/datanode-8/data/ratis
2022-10-20 01:29:31,149 [Thread-252] INFO  ozoneimpl.ContainerReader (ContainerReader.java:readVolume(175)) - Finish verifying containers on volume /home/runner/work/ozone/ozone/hadoop-ozone/integration-test/target/test-dir/MiniOzoneClusterImpl-1c2b738d-be74-4a40-b887-8630efe04021/datanode-8/data-0/containers/hdds
2022-10-20 01:29:31,149 [Listener at 127.0.0.1/41123] INFO  ozoneimpl.OzoneContainer (OzoneContainer.java:buildContainerSet(300)) - Build ContainerSet costs 0s
2022-10-20 01:29:31,151 [Listener at 127.0.0.1/41123] INFO  server.RaftServer (ConfUtils.java:logGet(46)) - raft.rpc.type = GRPC (default)
2022-10-20 01:29:31,151 [Listener at 127.0.0.1/41123] INFO  grpc.GrpcConfigKeys (ConfUtils.java:logFallback(53)) - raft.grpc.admin.host = null (fallback to raft.grpc.server.host)
2022-10-20 01:29:31,152 [Listener at 127.0.0.1/41123] INFO  grpc.GrpcConfigKeys (ConfUtils.java:logGet(46)) - raft.grpc.admin.port = 0 (custom)
2022-10-20 01:29:31,152 [Listener at 127.0.0.1/41123] INFO  grpc.GrpcConfigKeys (ConfUtils.java:logFallback(53)) - raft.grpc.client.host = null (fallback to raft.grpc.server.host)
2022-10-20 01:29:31,152 [Listener at 127.0.0.1/41123] INFO  grpc.GrpcConfigKeys (ConfUtils.java:logGet(46)) - raft.grpc.client.port = 0 (custom)
2022-10-20 01:29:31,152 [Listener at 127.0.0.1/41123] INFO  grpc.GrpcConfigKeys (ConfUtils.java:logGet(46)) - raft.grpc.server.host = null (default)
2022-10-20 01:29:31,152 [Listener at 127.0.0.1/41123] INFO  grpc.GrpcConfigKeys (ConfUtils.java:logGet(46)) - raft.grpc.server.port = 0 (default)
2022-10-20 01:29:31,152 [Listener at 127.0.0.1/41123] INFO  server.GrpcService (ConfUtils.java:logGet(46)) - raft.grpc.message.size.max = 32MB (=33554432) (custom)
2022-10-20 01:29:31,152 [Listener at 127.0.0.1/41123] INFO  server.RaftServerConfigKeys (ConfUtils.java:logGet(46)) - raft.server.log.appender.buffer.byte-limit = 33554432 (custom)
2022-10-20 01:29:31,152 [Listener at 127.0.0.1/41123] INFO  server.GrpcService (ConfUtils.java:logGet(46)) - raft.grpc.flow.control.window = 5MB (=5242880) (custom)
2022-10-20 01:29:31,152 [Listener at 127.0.0.1/41123] INFO  server.RaftServerConfigKeys (ConfUtils.java:logGet(46)) - raft.server.rpc.request.timeout = 60s (custom)
2022-10-20 01:29:31,152 [Listener at 127.0.0.1/41123] INFO  grpc.GrpcConfigKeys (ConfUtils.java:logGet(46)) - raft.grpc.server.heartbeat.channel = true (default)
2022-10-20 01:29:31,153 [Listener at 127.0.0.1/41123] INFO  grpc.GrpcConfigKeys (ConfUtils.java:logGet(46)) - raft.grpc.server.async.request.thread.pool.cached = true (default)
2022-10-20 01:29:31,153 [Listener at 127.0.0.1/41123] INFO  grpc.GrpcConfigKeys (ConfUtils.java:logGet(46)) - raft.grpc.server.async.request.thread.pool.size = 32 (default)
2022-10-20 01:29:31,153 [Listener at 127.0.0.1/41123] INFO  impl.DataStreamServerImpl (ConfUtils.java:logGet(46)) - raft.datastream.type = DISABLED (default)
2022-10-20 01:29:31,154 [Listener at 127.0.0.1/41123] INFO  server.RaftServerConfigKeys (ConfUtils.java:logGet(46)) - raft.server.threadpool.proxy.cached = true (default)
2022-10-20 01:29:31,154 [Listener at 127.0.0.1/41123] INFO  server.RaftServerConfigKeys (ConfUtils.java:logGet(46)) - raft.server.threadpool.proxy.size = 0 (default)
2022-10-20 01:29:31,154 [Listener at 127.0.0.1/41123] INFO  server.RaftServerConfigKeys (ConfUtils.java:logGet(46)) - raft.server.rpc.slowness.timeout = 300s (custom)
2022-10-20 01:29:31,154 [Listener at 127.0.0.1/41123] INFO  server.RaftServerConfigKeys (ConfUtils.java:logGet(46)) - raft.server.leaderelection.leader.step-down.wait-time = 10s (default)
2022-10-20 01:29:31,154 [Listener at 127.0.0.1/41123] INFO  server.RaftServerConfigKeys (ConfUtils.java:logGet(46)) - raft.server.storage.dir = [/home/runner/work/ozone/ozone/hadoop-ozone/integration-test/target/test-dir/MiniOzoneClusterImpl-1c2b738d-be74-4a40-b887-8630efe04021/datanode-8/data/ratis] (custom)
2022-10-20 01:29:31,157 [Listener at 127.0.0.1/41123] INFO  server.XceiverServerGrpc (XceiverServerGrpc.java:<init>(132)) - GrpcServer channel type EpollServerSocketChannel
2022-10-20 01:29:31,167 [Listener at 127.0.0.1/41123] INFO  http.BaseHttpServer (BaseHttpServer.java:newHttpServer2BuilderForOzone(213)) - Starting Web-server for hddsDatanode at: http://0.0.0.0:0
2022-10-20 01:29:31,167 [Listener at 127.0.0.1/41123] INFO  http.BaseHttpServer (BaseHttpServer.java:<init>(108)) - Hadoop Security Enabled: false Ozone Security Enabled: false Ozone HTTP Security Enabled: false 
2022-10-20 01:29:31,168 [Listener at 127.0.0.1/41123] WARN  server.AuthenticationFilter (AuthenticationFilter.java:constructSecretProvider(240)) - Unable to initialize FileSignerSecretProvider, falling back to use random secrets. Reason: Could not read signature secret file: /home/runner/hadoop-http-auth-signature-secret
2022-10-20 01:29:31,169 [Listener at 127.0.0.1/41123] WARN  http.HttpRequestLog (HttpRequestLog.java:getRequestLog(103)) - Jetty request log can only be enabled using Log4j
2022-10-20 01:29:31,170 [Listener at 127.0.0.1/41123] INFO  http.HttpServer2 (HttpServer2.java:addGlobalFilter(1031)) - Added global filter 'safety' (class=org.apache.hadoop.hdds.server.http.HttpServer2$QuotingInputFilter)
2022-10-20 01:29:31,171 [Listener at 127.0.0.1/41123] INFO  http.HttpServer2 (HttpServer2.java:addFilter(1007)) - Added filter static_user_filter (class=org.apache.hadoop.http.lib.StaticUserWebFilter$StaticUserFilter) to context hddsDatanode
2022-10-20 01:29:31,171 [Listener at 127.0.0.1/41123] INFO  http.HttpServer2 (HttpServer2.java:addFilter(1015)) - Added filter static_user_filter (class=org.apache.hadoop.http.lib.StaticUserWebFilter$StaticUserFilter) to context logs
2022-10-20 01:29:31,171 [Listener at 127.0.0.1/41123] INFO  http.HttpServer2 (HttpServer2.java:addFilter(1015)) - Added filter static_user_filter (class=org.apache.hadoop.http.lib.StaticUserWebFilter$StaticUserFilter) to context static
2022-10-20 01:29:31,172 [Listener at 127.0.0.1/41123] INFO  http.HttpServer2 (HttpServer2.java:bindListener(1250)) - Jetty bound to port 41657
2022-10-20 01:29:31,172 [Listener at 127.0.0.1/41123] INFO  server.Server (Server.java:doStart(375)) - jetty-9.4.43.v20210629; built: 2021-06-30T11:07:22.254Z; git: 526006ecfa3af7f1a27ef3a288e2bef7ea9dd7e8; jvm 1.8.0_345-b01
2022-10-20 01:29:31,173 [Listener at 127.0.0.1/41123] INFO  server.session (DefaultSessionIdManager.java:doStart(334)) - DefaultSessionIdManager workerName=node0
2022-10-20 01:29:31,173 [Listener at 127.0.0.1/41123] INFO  server.session (DefaultSessionIdManager.java:doStart(339)) - No SessionScavenger set, using defaults
2022-10-20 01:29:31,173 [Listener at 127.0.0.1/41123] INFO  server.session (HouseKeeper.java:startScavenging(132)) - node0 Scavenging every 600000ms
2022-10-20 01:29:31,174 [Listener at 127.0.0.1/41123] INFO  handler.ContextHandler (ContextHandler.java:doStart(915)) - Started o.e.j.s.ServletContextHandler@2f43b557{logs,/logs,file:///home/runner/work/ozone/ozone/hadoop-ozone/integration-test/target/log,AVAILABLE}
2022-10-20 01:29:31,174 [Listener at 127.0.0.1/41123] INFO  handler.ContextHandler (ContextHandler.java:doStart(915)) - Started o.e.j.s.ServletContextHandler@4f2038c5{static,/static,jar:file:/home/runner/.m2/repository/org/apache/ozone/hdds-container-service/1.3.0-SNAPSHOT/hdds-container-service-1.3.0-SNAPSHOT.jar!/webapps/static,AVAILABLE}
2022-10-20 01:29:31,343 [Listener at 127.0.0.1/41123] INFO  handler.ContextHandler (ContextHandler.java:doStart(915)) - Started o.e.j.w.WebAppContext@4c2ed0fa{hddsDatanode,/,file:///tmp/jetty-0_0_0_0-41657-hdds-container-service-1_3_0-SNAPSHOT_jar-_-any-6885205769834304544/webapp/,AVAILABLE}{jar:file:/home/runner/.m2/repository/org/apache/ozone/hdds-container-service/1.3.0-SNAPSHOT/hdds-container-service-1.3.0-SNAPSHOT.jar!/webapps/hddsDatanode}
2022-10-20 01:29:31,345 [Listener at 127.0.0.1/41123] INFO  server.AbstractConnector (AbstractConnector.java:doStart(331)) - Started ServerConnector@4d9a8203{HTTP/1.1, (http/1.1)}{0.0.0.0:41657}
2022-10-20 01:29:31,345 [Listener at 127.0.0.1/41123] INFO  server.Server (Server.java:doStart(415)) - Started @10217ms
2022-10-20 01:29:31,345 [Listener at 127.0.0.1/41123] WARN  impl.MetricsSystemImpl (MetricsSystemImpl.java:register(279)) - Sink prometheus already exists!
2022-10-20 01:29:31,346 [Listener at 127.0.0.1/41123] INFO  http.BaseHttpServer (BaseHttpServer.java:updateConnectorAddress(333)) - HTTP server of hddsDatanode listening at http://0.0.0.0:41657
2022-10-20 01:29:31,346 [Listener at 127.0.0.1/41123] WARN  impl.MetricRegistriesImpl (MetricRegistriesImpl.java:addReporterRegistration(111)) - New reporters are added after registries were created. Some metrics will be missing from the reporter. Please add reporter before adding any new registry.
2022-10-20 01:29:31,346 [Listener at 127.0.0.1/41123] WARN  impl.MetricRegistriesImpl (MetricRegistriesImpl.java:addReporterRegistration(111)) - New reporters are added after registries were created. Some metrics will be missing from the reporter. Please add reporter before adding any new registry.
2022-10-20 01:29:31,346 [Listener at 127.0.0.1/41123] INFO  impl.MetricsSystemImpl (MetricsSystemImpl.java:init(158)) - HddsDatanode metrics system started (again)
2022-10-20 01:29:31,355 [Datanode State Machine Daemon Thread] INFO  statemachine.DatanodeStateMachine (DatanodeStateMachine.java:lambda$startDaemon$0(492)) - Ozone container server started.
2022-10-20 01:29:31,366 [org.apache.hadoop.util.JvmPauseMonitor$Monitor@4bdb9947] INFO  util.JvmPauseMonitor (JvmPauseMonitor.java:run(188)) - Starting JVM pause monitor
2022-10-20 01:29:31,368 [Listener at 127.0.0.1/41123] INFO  ozone.HddsDatanodeService (HddsDatanodeService.java:start(236)) - HddsDatanodeService host:fv-az625-379.nkjb25ot11ku3fnowzullr2doh.gx.internal.cloudapp.net ip:10.1.0.77
2022-10-20 01:29:31,374 [Datanode State Machine Task Thread - 0] INFO  datanode.InitDatanodeState (InitDatanodeState.java:persistContainerDatanodeDetails(138)) - DatanodeDetails is persisted to /home/runner/work/ozone/ozone/hadoop-ozone/integration-test/target/test-dir/MiniOzoneClusterImpl-1c2b738d-be74-4a40-b887-8630efe04021/datanode-8/meta/datanode.id
2022-10-20 01:29:31,393 [Listener at 127.0.0.1/41123] INFO  upgrade.AbstractLayoutVersionManager (AbstractLayoutVersionManager.java:init(83)) - Initializing Layout version manager with metadata layout = DATANODE_SCHEMA_V3 (version = 4), software layout = DATANODE_SCHEMA_V3 (version = 4)
2022-10-20 01:29:31,444 [Listener at 127.0.0.1/41123] INFO  reflections.Reflections (Reflections.java:scan(232)) - Reflections took 50 ms to scan 7 urls, producing 137 keys and 328 values 
2022-10-20 01:29:31,445 [Listener at 127.0.0.1/41123] INFO  statemachine.DatanodeStateMachine (DatanodeStateMachine.java:getEndPointTaskThreadPoolSize(237)) - Datanode State Machine Task Thread Pool size 2
2022-10-20 01:29:31,448 [EndpointStateMachine task thread for /0.0.0.0:46513 - 0 ] INFO  volume.HddsVolume (HddsVolume.java:createDbStore(307)) - SchemaV3 db is created and loaded at /home/runner/work/ozone/ozone/hadoop-ozone/integration-test/target/test-dir/MiniOzoneClusterImpl-1c2b738d-be74-4a40-b887-8630efe04021/datanode-2/data-0/containers/hdds/1c2b738d-be74-4a40-b887-8630efe04021/DS-14bbba00-074f-43ba-9269-9bfd047e6bce/container.db for volume DS-14bbba00-074f-43ba-9269-9bfd047e6bce
2022-10-20 01:29:31,449 [EndpointStateMachine task thread for /0.0.0.0:46513 - 0 ] INFO  volume.HddsVolume (HddsVolume.java:closeDbStore(338)) - SchemaV3 db is stopped at /home/runner/work/ozone/ozone/hadoop-ozone/integration-test/target/test-dir/MiniOzoneClusterImpl-1c2b738d-be74-4a40-b887-8630efe04021/datanode-2/data-0/containers/hdds/1c2b738d-be74-4a40-b887-8630efe04021/DS-14bbba00-074f-43ba-9269-9bfd047e6bce/container.db for volume DS-14bbba00-074f-43ba-9269-9bfd047e6bce
2022-10-20 01:29:31,449 [Listener at 127.0.0.1/41123] INFO  volume.HddsVolume (HddsVolume.java:<init>(117)) - Creating HddsVolume: /home/runner/work/ozone/ozone/hadoop-ozone/integration-test/target/test-dir/MiniOzoneClusterImpl-1c2b738d-be74-4a40-b887-8630efe04021/datanode-9/data-0/containers/hdds of storage type : DISK capacity : 9223372036854775807
2022-10-20 01:29:31,449 [Listener at 127.0.0.1/41123] INFO  volume.MutableVolumeSet (MutableVolumeSet.java:initializeVolumeSet(174)) - Added Volume : /home/runner/work/ozone/ozone/hadoop-ozone/integration-test/target/test-dir/MiniOzoneClusterImpl-1c2b738d-be74-4a40-b887-8630efe04021/datanode-9/data-0/containers/hdds to VolumeSet
2022-10-20 01:29:31,449 [Listener at 127.0.0.1/41123] INFO  volume.ThrottledAsyncChecker (ThrottledAsyncChecker.java:schedule(141)) - Scheduling a check for /home/runner/work/ozone/ozone/hadoop-ozone/integration-test/target/test-dir/MiniOzoneClusterImpl-1c2b738d-be74-4a40-b887-8630efe04021/datanode-9/data-0/containers/hdds
2022-10-20 01:29:31,449 [EndpointStateMachine task thread for /0.0.0.0:46513 - 0 ] INFO  ozoneimpl.OzoneContainer (OzoneContainer.java:start(378)) - Attempting to start container services.
2022-10-20 01:29:31,450 [EndpointStateMachine task thread for /0.0.0.0:46513 - 0 ] INFO  ozoneimpl.OzoneContainer (OzoneContainer.java:startContainerScrub(313)) - Background container scanner has been disabled.
2022-10-20 01:29:31,455 [Listener at 127.0.0.1/41123] INFO  volume.StorageVolumeChecker (StorageVolumeChecker.java:checkAllVolumes(202)) - Scheduled health check for volume /home/runner/work/ozone/ozone/hadoop-ozone/integration-test/target/test-dir/MiniOzoneClusterImpl-1c2b738d-be74-4a40-b887-8630efe04021/datanode-9/data-0/containers/hdds
2022-10-20 01:29:31,466 [EndpointStateMachine task thread for /0.0.0.0:46513 - 0 ] INFO  replication.ReplicationServer (ReplicationServer.java:start(111)) - ReplicationServer is started using port 36517
2022-10-20 01:29:31,466 [EndpointStateMachine task thread for /0.0.0.0:46513 - 0 ] INFO  ratis.XceiverServerRatis (XceiverServerRatis.java:start(481)) - Starting XceiverServerRatis 2f412ea8-0081-4ad7-b64d-031dd4a9d4b2
2022-10-20 01:29:31,467 [EndpointStateMachine task thread for /0.0.0.0:46513 - 0 ] INFO  server.RaftServer (RaftServerProxy.java:startImpl(393)) - 2f412ea8-0081-4ad7-b64d-031dd4a9d4b2: start RPC server
2022-10-20 01:29:31,471 [EndpointStateMachine task thread for /0.0.0.0:46513 - 0 ] INFO  server.GrpcService (GrpcService.java:startImpl(270)) - 2f412ea8-0081-4ad7-b64d-031dd4a9d4b2: GrpcService started, listening on 43519
2022-10-20 01:29:31,478 [EndpointStateMachine task thread for /0.0.0.0:46513 - 0 ] INFO  ratis.XceiverServerRatis (XceiverServerRatis.java:getRealPort(502)) - XceiverServerRatis 2f412ea8-0081-4ad7-b64d-031dd4a9d4b2 is started using port 43519 for RATIS
2022-10-20 01:29:31,478 [EndpointStateMachine task thread for /0.0.0.0:46513 - 0 ] INFO  ratis.XceiverServerRatis (XceiverServerRatis.java:getRealPort(502)) - XceiverServerRatis 2f412ea8-0081-4ad7-b64d-031dd4a9d4b2 is started using port 43519 for RATIS_ADMIN
2022-10-20 01:29:31,478 [EndpointStateMachine task thread for /0.0.0.0:46513 - 0 ] INFO  ratis.XceiverServerRatis (XceiverServerRatis.java:getRealPort(502)) - XceiverServerRatis 2f412ea8-0081-4ad7-b64d-031dd4a9d4b2 is started using port 43519 for RATIS_SERVER
2022-10-20 01:29:31,478 [JvmPauseMonitor3] INFO  util.JvmPauseMonitor (JvmPauseMonitor.java:run(105)) - JvmPauseMonitor-2f412ea8-0081-4ad7-b64d-031dd4a9d4b2: Started
2022-10-20 01:29:31,489 [EndpointStateMachine task thread for /0.0.0.0:46513 - 0 ] INFO  server.XceiverServerGrpc (XceiverServerGrpc.java:start(180)) - XceiverServerGrpc 2f412ea8-0081-4ad7-b64d-031dd4a9d4b2 is started using port 44057
2022-10-20 01:29:31,491 [Listener at 127.0.0.1/41123] INFO  volume.MutableVolumeSet (MutableVolumeSet.java:initializeVolumeSet(174)) - Added Volume : /home/runner/work/ozone/ozone/hadoop-ozone/integration-test/target/test-dir/MiniOzoneClusterImpl-1c2b738d-be74-4a40-b887-8630efe04021/datanode-9/data/ratis to VolumeSet
2022-10-20 01:29:31,491 [Listener at 127.0.0.1/41123] INFO  volume.ThrottledAsyncChecker (ThrottledAsyncChecker.java:schedule(141)) - Scheduling a check for /home/runner/work/ozone/ozone/hadoop-ozone/integration-test/target/test-dir/MiniOzoneClusterImpl-1c2b738d-be74-4a40-b887-8630efe04021/datanode-9/data/ratis
2022-10-20 01:29:31,499 [Listener at 127.0.0.1/41123] INFO  volume.StorageVolumeChecker (StorageVolumeChecker.java:checkAllVolumes(202)) - Scheduled health check for volume /home/runner/work/ozone/ozone/hadoop-ozone/integration-test/target/test-dir/MiniOzoneClusterImpl-1c2b738d-be74-4a40-b887-8630efe04021/datanode-9/data/ratis
2022-10-20 01:29:31,509 [Thread-270] INFO  ozoneimpl.ContainerReader (ContainerReader.java:readVolume(175)) - Finish verifying containers on volume /home/runner/work/ozone/ozone/hadoop-ozone/integration-test/target/test-dir/MiniOzoneClusterImpl-1c2b738d-be74-4a40-b887-8630efe04021/datanode-9/data-0/containers/hdds
2022-10-20 01:29:31,509 [Listener at 127.0.0.1/41123] INFO  ozoneimpl.OzoneContainer (OzoneContainer.java:buildContainerSet(300)) - Build ContainerSet costs 0s
2022-10-20 01:29:31,511 [Listener at 127.0.0.1/41123] INFO  server.RaftServer (ConfUtils.java:logGet(46)) - raft.rpc.type = GRPC (default)
2022-10-20 01:29:31,512 [Listener at 127.0.0.1/41123] INFO  grpc.GrpcConfigKeys (ConfUtils.java:logFallback(53)) - raft.grpc.admin.host = null (fallback to raft.grpc.server.host)
2022-10-20 01:29:31,512 [Listener at 127.0.0.1/41123] INFO  grpc.GrpcConfigKeys (ConfUtils.java:logGet(46)) - raft.grpc.admin.port = 0 (custom)
2022-10-20 01:29:31,512 [Listener at 127.0.0.1/41123] INFO  grpc.GrpcConfigKeys (ConfUtils.java:logFallback(53)) - raft.grpc.client.host = null (fallback to raft.grpc.server.host)
2022-10-20 01:29:31,512 [Listener at 127.0.0.1/41123] INFO  grpc.GrpcConfigKeys (ConfUtils.java:logGet(46)) - raft.grpc.client.port = 0 (custom)
2022-10-20 01:29:31,512 [Listener at 127.0.0.1/41123] INFO  grpc.GrpcConfigKeys (ConfUtils.java:logGet(46)) - raft.grpc.server.host = null (default)
2022-10-20 01:29:31,512 [Listener at 127.0.0.1/41123] INFO  grpc.GrpcConfigKeys (ConfUtils.java:logGet(46)) - raft.grpc.server.port = 0 (default)
2022-10-20 01:29:31,512 [Listener at 127.0.0.1/41123] INFO  server.GrpcService (ConfUtils.java:logGet(46)) - raft.grpc.message.size.max = 32MB (=33554432) (custom)
2022-10-20 01:29:31,512 [Listener at 127.0.0.1/41123] INFO  server.RaftServerConfigKeys (ConfUtils.java:logGet(46)) - raft.server.log.appender.buffer.byte-limit = 33554432 (custom)
2022-10-20 01:29:31,512 [Listener at 127.0.0.1/41123] INFO  server.GrpcService (ConfUtils.java:logGet(46)) - raft.grpc.flow.control.window = 5MB (=5242880) (custom)
2022-10-20 01:29:31,512 [Listener at 127.0.0.1/41123] INFO  server.RaftServerConfigKeys (ConfUtils.java:logGet(46)) - raft.server.rpc.request.timeout = 60s (custom)
2022-10-20 01:29:31,513 [Listener at 127.0.0.1/41123] INFO  grpc.GrpcConfigKeys (ConfUtils.java:logGet(46)) - raft.grpc.server.heartbeat.channel = true (default)
2022-10-20 01:29:31,513 [Listener at 127.0.0.1/41123] INFO  grpc.GrpcConfigKeys (ConfUtils.java:logGet(46)) - raft.grpc.server.async.request.thread.pool.cached = true (default)
2022-10-20 01:29:31,513 [Listener at 127.0.0.1/41123] INFO  grpc.GrpcConfigKeys (ConfUtils.java:logGet(46)) - raft.grpc.server.async.request.thread.pool.size = 32 (default)
2022-10-20 01:29:31,514 [Listener at 127.0.0.1/41123] INFO  impl.DataStreamServerImpl (ConfUtils.java:logGet(46)) - raft.datastream.type = DISABLED (default)
2022-10-20 01:29:31,514 [Listener at 127.0.0.1/41123] INFO  server.RaftServerConfigKeys (ConfUtils.java:logGet(46)) - raft.server.threadpool.proxy.cached = true (default)
2022-10-20 01:29:31,514 [Listener at 127.0.0.1/41123] INFO  server.RaftServerConfigKeys (ConfUtils.java:logGet(46)) - raft.server.threadpool.proxy.size = 0 (default)
2022-10-20 01:29:31,514 [Listener at 127.0.0.1/41123] INFO  server.RaftServerConfigKeys (ConfUtils.java:logGet(46)) - raft.server.rpc.slowness.timeout = 300s (custom)
2022-10-20 01:29:31,514 [Listener at 127.0.0.1/41123] INFO  server.RaftServerConfigKeys (ConfUtils.java:logGet(46)) - raft.server.leaderelection.leader.step-down.wait-time = 10s (default)
2022-10-20 01:29:31,514 [Listener at 127.0.0.1/41123] INFO  server.RaftServerConfigKeys (ConfUtils.java:logGet(46)) - raft.server.storage.dir = [/home/runner/work/ozone/ozone/hadoop-ozone/integration-test/target/test-dir/MiniOzoneClusterImpl-1c2b738d-be74-4a40-b887-8630efe04021/datanode-9/data/ratis] (custom)
2022-10-20 01:29:31,516 [Listener at 127.0.0.1/41123] INFO  server.XceiverServerGrpc (XceiverServerGrpc.java:<init>(132)) - GrpcServer channel type EpollServerSocketChannel
2022-10-20 01:29:31,518 [Listener at 127.0.0.1/41123] INFO  http.BaseHttpServer (BaseHttpServer.java:newHttpServer2BuilderForOzone(213)) - Starting Web-server for hddsDatanode at: http://0.0.0.0:0
2022-10-20 01:29:31,519 [Listener at 127.0.0.1/41123] INFO  http.BaseHttpServer (BaseHttpServer.java:<init>(108)) - Hadoop Security Enabled: false Ozone Security Enabled: false Ozone HTTP Security Enabled: false 
2022-10-20 01:29:31,521 [Listener at 127.0.0.1/41123] WARN  server.AuthenticationFilter (AuthenticationFilter.java:constructSecretProvider(240)) - Unable to initialize FileSignerSecretProvider, falling back to use random secrets. Reason: Could not read signature secret file: /home/runner/hadoop-http-auth-signature-secret
2022-10-20 01:29:31,526 [Listener at 127.0.0.1/41123] WARN  http.HttpRequestLog (HttpRequestLog.java:getRequestLog(103)) - Jetty request log can only be enabled using Log4j
2022-10-20 01:29:31,531 [Listener at 127.0.0.1/41123] INFO  http.HttpServer2 (HttpServer2.java:addGlobalFilter(1031)) - Added global filter 'safety' (class=org.apache.hadoop.hdds.server.http.HttpServer2$QuotingInputFilter)
2022-10-20 01:29:31,532 [Listener at 127.0.0.1/41123] INFO  http.HttpServer2 (HttpServer2.java:addFilter(1007)) - Added filter static_user_filter (class=org.apache.hadoop.http.lib.StaticUserWebFilter$StaticUserFilter) to context hddsDatanode
2022-10-20 01:29:31,532 [Listener at 127.0.0.1/41123] INFO  http.HttpServer2 (HttpServer2.java:addFilter(1015)) - Added filter static_user_filter (class=org.apache.hadoop.http.lib.StaticUserWebFilter$StaticUserFilter) to context static
2022-10-20 01:29:31,532 [Listener at 127.0.0.1/41123] INFO  http.HttpServer2 (HttpServer2.java:addFilter(1015)) - Added filter static_user_filter (class=org.apache.hadoop.http.lib.StaticUserWebFilter$StaticUserFilter) to context logs
2022-10-20 01:29:31,533 [Listener at 127.0.0.1/41123] INFO  http.HttpServer2 (HttpServer2.java:bindListener(1250)) - Jetty bound to port 46189
2022-10-20 01:29:31,533 [Listener at 127.0.0.1/41123] INFO  server.Server (Server.java:doStart(375)) - jetty-9.4.43.v20210629; built: 2021-06-30T11:07:22.254Z; git: 526006ecfa3af7f1a27ef3a288e2bef7ea9dd7e8; jvm 1.8.0_345-b01
2022-10-20 01:29:31,535 [Listener at 127.0.0.1/41123] INFO  server.session (DefaultSessionIdManager.java:doStart(334)) - DefaultSessionIdManager workerName=node0
2022-10-20 01:29:31,535 [Listener at 127.0.0.1/41123] INFO  server.session (DefaultSessionIdManager.java:doStart(339)) - No SessionScavenger set, using defaults
2022-10-20 01:29:31,535 [Listener at 127.0.0.1/41123] INFO  server.session (HouseKeeper.java:startScavenging(132)) - node0 Scavenging every 600000ms
2022-10-20 01:29:31,536 [Listener at 127.0.0.1/41123] INFO  handler.ContextHandler (ContextHandler.java:doStart(915)) - Started o.e.j.s.ServletContextHandler@5ad0c7df{logs,/logs,file:///home/runner/work/ozone/ozone/hadoop-ozone/integration-test/target/log,AVAILABLE}
2022-10-20 01:29:31,537 [Listener at 127.0.0.1/41123] INFO  handler.ContextHandler (ContextHandler.java:doStart(915)) - Started o.e.j.s.ServletContextHandler@680b9a12{static,/static,jar:file:/home/runner/.m2/repository/org/apache/ozone/hdds-container-service/1.3.0-SNAPSHOT/hdds-container-service-1.3.0-SNAPSHOT.jar!/webapps/static,AVAILABLE}
2022-10-20 01:29:31,711 [Listener at 127.0.0.1/41123] INFO  handler.ContextHandler (ContextHandler.java:doStart(915)) - Started o.e.j.w.WebAppContext@1bd3ac05{hddsDatanode,/,file:///tmp/jetty-0_0_0_0-46189-hdds-container-service-1_3_0-SNAPSHOT_jar-_-any-5758063027939940480/webapp/,AVAILABLE}{jar:file:/home/runner/.m2/repository/org/apache/ozone/hdds-container-service/1.3.0-SNAPSHOT/hdds-container-service-1.3.0-SNAPSHOT.jar!/webapps/hddsDatanode}
2022-10-20 01:29:31,714 [Listener at 127.0.0.1/41123] INFO  server.AbstractConnector (AbstractConnector.java:doStart(331)) - Started ServerConnector@450e706c{HTTP/1.1, (http/1.1)}{0.0.0.0:46189}
2022-10-20 01:29:31,714 [Listener at 127.0.0.1/41123] INFO  server.Server (Server.java:doStart(415)) - Started @10586ms
2022-10-20 01:29:31,714 [Listener at 127.0.0.1/41123] WARN  impl.MetricsSystemImpl (MetricsSystemImpl.java:register(279)) - Sink prometheus already exists!
2022-10-20 01:29:31,714 [Listener at 127.0.0.1/41123] INFO  http.BaseHttpServer (BaseHttpServer.java:updateConnectorAddress(333)) - HTTP server of hddsDatanode listening at http://0.0.0.0:46189
2022-10-20 01:29:31,716 [Listener at 127.0.0.1/41123] INFO  ozone.MiniOzoneClusterImpl (MiniOzoneClusterImpl.java:lambda$waitForClusterToBeReady$0(216)) - Waiting for nodes to be ready. Got 0 of 10 DN Heartbeats.
2022-10-20 01:29:31,716 [Listener at 127.0.0.1/41123] INFO  ozone.MiniOzoneClusterImpl (MiniOzoneClusterImpl.java:lambda$waitForClusterToBeReady$0(219)) - Waiting for cluster to exit safe mode
2022-10-20 01:29:31,716 [Listener at 127.0.0.1/41123] INFO  ozone.MiniOzoneClusterImpl (MiniOzoneClusterImpl.java:lambda$waitForClusterToBeReady$0(221)) - SCM became leader
2022-10-20 01:29:31,716 [Datanode State Machine Daemon Thread] INFO  statemachine.DatanodeStateMachine (DatanodeStateMachine.java:lambda$startDaemon$0(492)) - Ozone container server started.
2022-10-20 01:29:31,734 [org.apache.hadoop.util.JvmPauseMonitor$Monitor@61b604b0] INFO  util.JvmPauseMonitor (JvmPauseMonitor.java:run(188)) - Starting JVM pause monitor
2022-10-20 01:29:31,740 [Datanode State Machine Task Thread - 0] INFO  datanode.InitDatanodeState (InitDatanodeState.java:persistContainerDatanodeDetails(138)) - DatanodeDetails is persisted to /home/runner/work/ozone/ozone/hadoop-ozone/integration-test/target/test-dir/MiniOzoneClusterImpl-1c2b738d-be74-4a40-b887-8630efe04021/datanode-9/meta/datanode.id
2022-10-20 01:29:31,770 [EndpointStateMachine task thread for /0.0.0.0:46513 - 0 ] INFO  volume.HddsVolume (HddsVolume.java:createDbStore(307)) - SchemaV3 db is created and loaded at /home/runner/work/ozone/ozone/hadoop-ozone/integration-test/target/test-dir/MiniOzoneClusterImpl-1c2b738d-be74-4a40-b887-8630efe04021/datanode-3/data-0/containers/hdds/1c2b738d-be74-4a40-b887-8630efe04021/DS-ecf84ad7-60ca-4be9-a9f2-270740a2474c/container.db for volume DS-ecf84ad7-60ca-4be9-a9f2-270740a2474c
2022-10-20 01:29:31,771 [EndpointStateMachine task thread for /0.0.0.0:46513 - 0 ] INFO  volume.HddsVolume (HddsVolume.java:closeDbStore(338)) - SchemaV3 db is stopped at /home/runner/work/ozone/ozone/hadoop-ozone/integration-test/target/test-dir/MiniOzoneClusterImpl-1c2b738d-be74-4a40-b887-8630efe04021/datanode-3/data-0/containers/hdds/1c2b738d-be74-4a40-b887-8630efe04021/DS-ecf84ad7-60ca-4be9-a9f2-270740a2474c/container.db for volume DS-ecf84ad7-60ca-4be9-a9f2-270740a2474c
2022-10-20 01:29:31,771 [EndpointStateMachine task thread for /0.0.0.0:46513 - 0 ] INFO  ozoneimpl.OzoneContainer (OzoneContainer.java:start(378)) - Attempting to start container services.
2022-10-20 01:29:31,771 [EndpointStateMachine task thread for /0.0.0.0:46513 - 0 ] INFO  ozoneimpl.OzoneContainer (OzoneContainer.java:startContainerScrub(313)) - Background container scanner has been disabled.
2022-10-20 01:29:31,773 [EndpointStateMachine task thread for /0.0.0.0:46513 - 0 ] INFO  replication.ReplicationServer (ReplicationServer.java:start(111)) - ReplicationServer is started using port 43593
2022-10-20 01:29:31,773 [EndpointStateMachine task thread for /0.0.0.0:46513 - 0 ] INFO  ratis.XceiverServerRatis (XceiverServerRatis.java:start(481)) - Starting XceiverServerRatis 0cbed28b-7e2e-4c55-93c4-a5222a360620
2022-10-20 01:29:31,778 [EndpointStateMachine task thread for /0.0.0.0:46513 - 0 ] INFO  server.RaftServer (RaftServerProxy.java:startImpl(393)) - 0cbed28b-7e2e-4c55-93c4-a5222a360620: start RPC server
2022-10-20 01:29:31,780 [EndpointStateMachine task thread for /0.0.0.0:46513 - 0 ] INFO  server.GrpcService (GrpcService.java:startImpl(270)) - 0cbed28b-7e2e-4c55-93c4-a5222a360620: GrpcService started, listening on 41783
2022-10-20 01:29:31,782 [EndpointStateMachine task thread for /0.0.0.0:46513 - 0 ] INFO  ratis.XceiverServerRatis (XceiverServerRatis.java:getRealPort(502)) - XceiverServerRatis 0cbed28b-7e2e-4c55-93c4-a5222a360620 is started using port 41783 for RATIS
2022-10-20 01:29:31,782 [EndpointStateMachine task thread for /0.0.0.0:46513 - 0 ] INFO  ratis.XceiverServerRatis (XceiverServerRatis.java:getRealPort(502)) - XceiverServerRatis 0cbed28b-7e2e-4c55-93c4-a5222a360620 is started using port 41783 for RATIS_ADMIN
2022-10-20 01:29:31,782 [EndpointStateMachine task thread for /0.0.0.0:46513 - 0 ] INFO  ratis.XceiverServerRatis (XceiverServerRatis.java:getRealPort(502)) - XceiverServerRatis 0cbed28b-7e2e-4c55-93c4-a5222a360620 is started using port 41783 for RATIS_SERVER
2022-10-20 01:29:31,783 [JvmPauseMonitor4] INFO  util.JvmPauseMonitor (JvmPauseMonitor.java:run(105)) - JvmPauseMonitor-0cbed28b-7e2e-4c55-93c4-a5222a360620: Started
2022-10-20 01:29:31,784 [EndpointStateMachine task thread for /0.0.0.0:46513 - 0 ] INFO  server.XceiverServerGrpc (XceiverServerGrpc.java:start(180)) - XceiverServerGrpc 0cbed28b-7e2e-4c55-93c4-a5222a360620 is started using port 33011
2022-10-20 01:29:32,068 [EndpointStateMachine task thread for /0.0.0.0:46513 - 0 ] INFO  volume.HddsVolume (HddsVolume.java:createDbStore(307)) - SchemaV3 db is created and loaded at /home/runner/work/ozone/ozone/hadoop-ozone/integration-test/target/test-dir/MiniOzoneClusterImpl-1c2b738d-be74-4a40-b887-8630efe04021/datanode-4/data-0/containers/hdds/1c2b738d-be74-4a40-b887-8630efe04021/DS-7858e8ff-613c-49b9-8cdc-49da0be2a120/container.db for volume DS-7858e8ff-613c-49b9-8cdc-49da0be2a120
2022-10-20 01:29:32,069 [EndpointStateMachine task thread for /0.0.0.0:46513 - 0 ] INFO  volume.HddsVolume (HddsVolume.java:closeDbStore(338)) - SchemaV3 db is stopped at /home/runner/work/ozone/ozone/hadoop-ozone/integration-test/target/test-dir/MiniOzoneClusterImpl-1c2b738d-be74-4a40-b887-8630efe04021/datanode-4/data-0/containers/hdds/1c2b738d-be74-4a40-b887-8630efe04021/DS-7858e8ff-613c-49b9-8cdc-49da0be2a120/container.db for volume DS-7858e8ff-613c-49b9-8cdc-49da0be2a120
2022-10-20 01:29:32,069 [EndpointStateMachine task thread for /0.0.0.0:46513 - 0 ] INFO  ozoneimpl.OzoneContainer (OzoneContainer.java:start(378)) - Attempting to start container services.
2022-10-20 01:29:32,069 [EndpointStateMachine task thread for /0.0.0.0:46513 - 0 ] INFO  ozoneimpl.OzoneContainer (OzoneContainer.java:startContainerScrub(313)) - Background container scanner has been disabled.
2022-10-20 01:29:32,071 [EndpointStateMachine task thread for /0.0.0.0:46513 - 0 ] INFO  replication.ReplicationServer (ReplicationServer.java:start(111)) - ReplicationServer is started using port 36177
2022-10-20 01:29:32,071 [EndpointStateMachine task thread for /0.0.0.0:46513 - 0 ] INFO  ratis.XceiverServerRatis (XceiverServerRatis.java:start(481)) - Starting XceiverServerRatis 2c0de523-4fef-49d4-a7e7-019bfd407efe
2022-10-20 01:29:32,072 [EndpointStateMachine task thread for /0.0.0.0:46513 - 0 ] INFO  server.RaftServer (RaftServerProxy.java:startImpl(393)) - 2c0de523-4fef-49d4-a7e7-019bfd407efe: start RPC server
2022-10-20 01:29:32,073 [EndpointStateMachine task thread for /0.0.0.0:46513 - 0 ] INFO  server.GrpcService (GrpcService.java:startImpl(270)) - 2c0de523-4fef-49d4-a7e7-019bfd407efe: GrpcService started, listening on 37771
2022-10-20 01:29:32,074 [EndpointStateMachine task thread for /0.0.0.0:46513 - 0 ] INFO  ratis.XceiverServerRatis (XceiverServerRatis.java:getRealPort(502)) - XceiverServerRatis 2c0de523-4fef-49d4-a7e7-019bfd407efe is started using port 37771 for RATIS
2022-10-20 01:29:32,074 [EndpointStateMachine task thread for /0.0.0.0:46513 - 0 ] INFO  ratis.XceiverServerRatis (XceiverServerRatis.java:getRealPort(502)) - XceiverServerRatis 2c0de523-4fef-49d4-a7e7-019bfd407efe is started using port 37771 for RATIS_ADMIN
2022-10-20 01:29:32,074 [JvmPauseMonitor5] INFO  util.JvmPauseMonitor (JvmPauseMonitor.java:run(105)) - JvmPauseMonitor-2c0de523-4fef-49d4-a7e7-019bfd407efe: Started
2022-10-20 01:29:32,074 [EndpointStateMachine task thread for /0.0.0.0:46513 - 0 ] INFO  ratis.XceiverServerRatis (XceiverServerRatis.java:getRealPort(502)) - XceiverServerRatis 2c0de523-4fef-49d4-a7e7-019bfd407efe is started using port 37771 for RATIS_SERVER
2022-10-20 01:29:32,078 [EndpointStateMachine task thread for /0.0.0.0:46513 - 0 ] INFO  server.XceiverServerGrpc (XceiverServerGrpc.java:start(180)) - XceiverServerGrpc 2c0de523-4fef-49d4-a7e7-019bfd407efe is started using port 39829
2022-10-20 01:29:32,380 [EndpointStateMachine task thread for /0.0.0.0:46513 - 0 ] INFO  volume.HddsVolume (HddsVolume.java:createDbStore(307)) - SchemaV3 db is created and loaded at /home/runner/work/ozone/ozone/hadoop-ozone/integration-test/target/test-dir/MiniOzoneClusterImpl-1c2b738d-be74-4a40-b887-8630efe04021/datanode-5/data-0/containers/hdds/1c2b738d-be74-4a40-b887-8630efe04021/DS-86c1ebf7-e92a-4bcf-a43a-2231dacc8a93/container.db for volume DS-86c1ebf7-e92a-4bcf-a43a-2231dacc8a93
2022-10-20 01:29:32,381 [EndpointStateMachine task thread for /0.0.0.0:46513 - 0 ] INFO  volume.HddsVolume (HddsVolume.java:closeDbStore(338)) - SchemaV3 db is stopped at /home/runner/work/ozone/ozone/hadoop-ozone/integration-test/target/test-dir/MiniOzoneClusterImpl-1c2b738d-be74-4a40-b887-8630efe04021/datanode-5/data-0/containers/hdds/1c2b738d-be74-4a40-b887-8630efe04021/DS-86c1ebf7-e92a-4bcf-a43a-2231dacc8a93/container.db for volume DS-86c1ebf7-e92a-4bcf-a43a-2231dacc8a93
2022-10-20 01:29:32,381 [EndpointStateMachine task thread for /0.0.0.0:46513 - 0 ] INFO  ozoneimpl.OzoneContainer (OzoneContainer.java:start(378)) - Attempting to start container services.
2022-10-20 01:29:32,382 [EndpointStateMachine task thread for /0.0.0.0:46513 - 0 ] INFO  ozoneimpl.OzoneContainer (OzoneContainer.java:startContainerScrub(313)) - Background container scanner has been disabled.
2022-10-20 01:29:32,383 [EndpointStateMachine task thread for /0.0.0.0:46513 - 0 ] INFO  replication.ReplicationServer (ReplicationServer.java:start(111)) - ReplicationServer is started using port 46037
2022-10-20 01:29:32,384 [EndpointStateMachine task thread for /0.0.0.0:46513 - 0 ] INFO  ratis.XceiverServerRatis (XceiverServerRatis.java:start(481)) - Starting XceiverServerRatis 6712d1d5-3f8e-46d5-b100-7ccc5411605f
2022-10-20 01:29:32,384 [EndpointStateMachine task thread for /0.0.0.0:46513 - 0 ] INFO  server.RaftServer (RaftServerProxy.java:startImpl(393)) - 6712d1d5-3f8e-46d5-b100-7ccc5411605f: start RPC server
2022-10-20 01:29:32,386 [EndpointStateMachine task thread for /0.0.0.0:46513 - 0 ] INFO  server.GrpcService (GrpcService.java:startImpl(270)) - 6712d1d5-3f8e-46d5-b100-7ccc5411605f: GrpcService started, listening on 37929
2022-10-20 01:29:32,386 [EndpointStateMachine task thread for /0.0.0.0:46513 - 0 ] INFO  ratis.XceiverServerRatis (XceiverServerRatis.java:getRealPort(502)) - XceiverServerRatis 6712d1d5-3f8e-46d5-b100-7ccc5411605f is started using port 37929 for RATIS
2022-10-20 01:29:32,386 [EndpointStateMachine task thread for /0.0.0.0:46513 - 0 ] INFO  ratis.XceiverServerRatis (XceiverServerRatis.java:getRealPort(502)) - XceiverServerRatis 6712d1d5-3f8e-46d5-b100-7ccc5411605f is started using port 37929 for RATIS_ADMIN
2022-10-20 01:29:32,386 [EndpointStateMachine task thread for /0.0.0.0:46513 - 0 ] INFO  ratis.XceiverServerRatis (XceiverServerRatis.java:getRealPort(502)) - XceiverServerRatis 6712d1d5-3f8e-46d5-b100-7ccc5411605f is started using port 37929 for RATIS_SERVER
2022-10-20 01:29:32,386 [JvmPauseMonitor6] INFO  util.JvmPauseMonitor (JvmPauseMonitor.java:run(105)) - JvmPauseMonitor-6712d1d5-3f8e-46d5-b100-7ccc5411605f: Started
2022-10-20 01:29:32,388 [EndpointStateMachine task thread for /0.0.0.0:46513 - 0 ] INFO  server.XceiverServerGrpc (XceiverServerGrpc.java:start(180)) - XceiverServerGrpc 6712d1d5-3f8e-46d5-b100-7ccc5411605f is started using port 45227
2022-10-20 01:29:32,516 [IPC Server handler 2 on default port 46513] INFO  net.NetworkTopologyImpl (NetworkTopologyImpl.java:add(112)) - Added a new node: /default-rack/5133b65f-dd1c-47c0-816b-09498efa4e03
2022-10-20 01:29:32,518 [IPC Server handler 2 on default port 46513] INFO  node.SCMNodeManager (SCMNodeManager.java:register(397)) - Registered Data node : 5133b65f-dd1c-47c0-816b-09498efa4e03{ip: 10.1.0.77, host: fv-az625-379.nkjb25ot11ku3fnowzullr2doh.gx.internal.cloudapp.net, ports: [REPLICATION=36383, RATIS=43535, RATIS_ADMIN=43535, RATIS_SERVER=43535, STANDALONE=44363], networkLocation: /default-rack, certSerialId: null, persistedOpState: null, persistedOpStateExpiryEpochSec: 0}
2022-10-20 01:29:32,521 [EventQueue-NewNodeForNewNodeHandler] INFO  pipeline.BackgroundPipelineCreator (BackgroundPipelineCreator.java:notifyEventTriggered(276)) - trigger a one-shot run on RatisPipelineUtilsThread.
2022-10-20 01:29:32,522 [EventQueue-NodeRegistrationContainerReportForContainerSafeModeRule] INFO  safemode.SCMSafeModeManager (SCMSafeModeManager.java:validateSafeModeExitRules(204)) - ContainerSafeModeRule rule is successfully validated
2022-10-20 01:29:32,522 [EventQueue-NodeRegistrationContainerReportForDataNodeSafeModeRule] INFO  safemode.SCMSafeModeManager (DataNodeSafeModeRule.java:process(71)) - SCM in safe mode. 1 DataNodes registered, 3 required.
2022-10-20 01:29:32,524 [EventQueue-PipelineReportForOneReplicaPipelineSafeModeRule] INFO  safemode.SCMSafeModeManager (SCMSafeModeManager.java:validateSafeModeExitRules(204)) - AtleastOneDatanodeReportedRule rule is successfully validated
2022-10-20 01:29:32,530 [RatisPipelineUtilsThread - 0] INFO  pipeline.RatisPipelineProvider (RatisPipelineProvider.java:lambda$create$0(195)) - Sending CreatePipelineCommand for pipeline:PipelineID=a70ab2fc-d3cf-4a18-928c-d7293b15bb3d to datanode:5133b65f-dd1c-47c0-816b-09498efa4e03
2022-10-20 01:29:32,538 [RatisPipelineUtilsThread - 0] INFO  pipeline.PipelineStateManagerImpl (PipelineStateManagerImpl.java:addPipeline(103)) - Created pipeline Pipeline[ Id: a70ab2fc-d3cf-4a18-928c-d7293b15bb3d, Nodes: 5133b65f-dd1c-47c0-816b-09498efa4e03{ip: 10.1.0.77, host: fv-az625-379.nkjb25ot11ku3fnowzullr2doh.gx.internal.cloudapp.net, ports: [REPLICATION=36383, RATIS=43535, RATIS_ADMIN=43535, RATIS_SERVER=43535, STANDALONE=44363], networkLocation: /default-rack, certSerialId: null, persistedOpState: IN_SERVICE, persistedOpStateExpiryEpochSec: 0}, ReplicationConfig: RATIS/ONE, State:ALLOCATED, leaderId:, CreationTimestamp2022-10-20T01:29:32.529Z[Etc/UTC]].
2022-10-20 01:29:32,716 [Listener at 127.0.0.1/41123] INFO  ozone.MiniOzoneClusterImpl (MiniOzoneClusterImpl.java:lambda$waitForClusterToBeReady$0(216)) - Waiting for nodes to be ready. Got 1 of 10 DN Heartbeats.
2022-10-20 01:29:32,717 [Listener at 127.0.0.1/41123] INFO  ozone.MiniOzoneClusterImpl (MiniOzoneClusterImpl.java:lambda$waitForClusterToBeReady$0(219)) - Waiting for cluster to exit safe mode
2022-10-20 01:29:32,717 [Listener at 127.0.0.1/41123] INFO  ozone.MiniOzoneClusterImpl (MiniOzoneClusterImpl.java:lambda$waitForClusterToBeReady$0(221)) - SCM became leader
2022-10-20 01:29:32,753 [EndpointStateMachine task thread for /0.0.0.0:46513 - 0 ] INFO  volume.HddsVolume (HddsVolume.java:createDbStore(307)) - SchemaV3 db is created and loaded at /home/runner/work/ozone/ozone/hadoop-ozone/integration-test/target/test-dir/MiniOzoneClusterImpl-1c2b738d-be74-4a40-b887-8630efe04021/datanode-6/data-0/containers/hdds/1c2b738d-be74-4a40-b887-8630efe04021/DS-bf2311b9-3fda-4564-91c6-3ffc768d0b9b/container.db for volume DS-bf2311b9-3fda-4564-91c6-3ffc768d0b9b
2022-10-20 01:29:32,754 [EndpointStateMachine task thread for /0.0.0.0:46513 - 0 ] INFO  volume.HddsVolume (HddsVolume.java:closeDbStore(338)) - SchemaV3 db is stopped at /home/runner/work/ozone/ozone/hadoop-ozone/integration-test/target/test-dir/MiniOzoneClusterImpl-1c2b738d-be74-4a40-b887-8630efe04021/datanode-6/data-0/containers/hdds/1c2b738d-be74-4a40-b887-8630efe04021/DS-bf2311b9-3fda-4564-91c6-3ffc768d0b9b/container.db for volume DS-bf2311b9-3fda-4564-91c6-3ffc768d0b9b
2022-10-20 01:29:32,754 [EndpointStateMachine task thread for /0.0.0.0:46513 - 0 ] INFO  ozoneimpl.OzoneContainer (OzoneContainer.java:start(378)) - Attempting to start container services.
2022-10-20 01:29:32,754 [EndpointStateMachine task thread for /0.0.0.0:46513 - 0 ] INFO  ozoneimpl.OzoneContainer (OzoneContainer.java:startContainerScrub(313)) - Background container scanner has been disabled.
2022-10-20 01:29:32,758 [EndpointStateMachine task thread for /0.0.0.0:46513 - 0 ] INFO  replication.ReplicationServer (ReplicationServer.java:start(111)) - ReplicationServer is started using port 45057
2022-10-20 01:29:32,758 [EndpointStateMachine task thread for /0.0.0.0:46513 - 0 ] INFO  ratis.XceiverServerRatis (XceiverServerRatis.java:start(481)) - Starting XceiverServerRatis f5cc69e3-4def-49b3-97e4-fc35696e58fc
2022-10-20 01:29:32,759 [EndpointStateMachine task thread for /0.0.0.0:46513 - 0 ] INFO  server.RaftServer (RaftServerProxy.java:startImpl(393)) - f5cc69e3-4def-49b3-97e4-fc35696e58fc: start RPC server
2022-10-20 01:29:32,760 [EndpointStateMachine task thread for /0.0.0.0:46513 - 0 ] INFO  server.GrpcService (GrpcService.java:startImpl(270)) - f5cc69e3-4def-49b3-97e4-fc35696e58fc: GrpcService started, listening on 36367
2022-10-20 01:29:32,760 [EndpointStateMachine task thread for /0.0.0.0:46513 - 0 ] INFO  ratis.XceiverServerRatis (XceiverServerRatis.java:getRealPort(502)) - XceiverServerRatis f5cc69e3-4def-49b3-97e4-fc35696e58fc is started using port 36367 for RATIS
2022-10-20 01:29:32,760 [EndpointStateMachine task thread for /0.0.0.0:46513 - 0 ] INFO  ratis.XceiverServerRatis (XceiverServerRatis.java:getRealPort(502)) - XceiverServerRatis f5cc69e3-4def-49b3-97e4-fc35696e58fc is started using port 36367 for RATIS_ADMIN
2022-10-20 01:29:32,760 [JvmPauseMonitor7] INFO  util.JvmPauseMonitor (JvmPauseMonitor.java:run(105)) - JvmPauseMonitor-f5cc69e3-4def-49b3-97e4-fc35696e58fc: Started
2022-10-20 01:29:32,760 [EndpointStateMachine task thread for /0.0.0.0:46513 - 0 ] INFO  ratis.XceiverServerRatis (XceiverServerRatis.java:getRealPort(502)) - XceiverServerRatis f5cc69e3-4def-49b3-97e4-fc35696e58fc is started using port 36367 for RATIS_SERVER
2022-10-20 01:29:32,762 [EndpointStateMachine task thread for /0.0.0.0:46513 - 0 ] INFO  server.XceiverServerGrpc (XceiverServerGrpc.java:start(180)) - XceiverServerGrpc f5cc69e3-4def-49b3-97e4-fc35696e58fc is started using port 42709
2022-10-20 01:29:33,037 [IPC Server handler 1 on default port 46513] INFO  net.NetworkTopologyImpl (NetworkTopologyImpl.java:add(112)) - Added a new node: /default-rack/4eb19ff5-df5c-423c-bb98-7a77d12fda0f
2022-10-20 01:29:33,037 [IPC Server handler 1 on default port 46513] INFO  node.SCMNodeManager (SCMNodeManager.java:register(397)) - Registered Data node : 4eb19ff5-df5c-423c-bb98-7a77d12fda0f{ip: 10.1.0.77, host: fv-az625-379.nkjb25ot11ku3fnowzullr2doh.gx.internal.cloudapp.net, ports: [REPLICATION=35659, RATIS=39269, RATIS_ADMIN=39269, RATIS_SERVER=39269, STANDALONE=39281], networkLocation: /default-rack, certSerialId: null, persistedOpState: null, persistedOpStateExpiryEpochSec: 0}
2022-10-20 01:29:33,037 [EventQueue-NewNodeForNewNodeHandler] INFO  pipeline.BackgroundPipelineCreator (BackgroundPipelineCreator.java:notifyEventTriggered(276)) - trigger a one-shot run on RatisPipelineUtilsThread.
2022-10-20 01:29:33,038 [EventQueue-NodeRegistrationContainerReportForDataNodeSafeModeRule] INFO  safemode.SCMSafeModeManager (DataNodeSafeModeRule.java:process(71)) - SCM in safe mode. 2 DataNodes registered, 3 required.
2022-10-20 01:29:33,038 [RatisPipelineUtilsThread - 0] INFO  pipeline.RatisPipelineProvider (RatisPipelineProvider.java:lambda$create$0(195)) - Sending CreatePipelineCommand for pipeline:PipelineID=4ab8f399-9b8e-4b26-9952-88b5dfd0e92f to datanode:4eb19ff5-df5c-423c-bb98-7a77d12fda0f
2022-10-20 01:29:33,039 [RatisPipelineUtilsThread - 0] INFO  pipeline.PipelineStateManagerImpl (PipelineStateManagerImpl.java:addPipeline(103)) - Created pipeline Pipeline[ Id: 4ab8f399-9b8e-4b26-9952-88b5dfd0e92f, Nodes: 4eb19ff5-df5c-423c-bb98-7a77d12fda0f{ip: 10.1.0.77, host: fv-az625-379.nkjb25ot11ku3fnowzullr2doh.gx.internal.cloudapp.net, ports: [REPLICATION=35659, RATIS=39269, RATIS_ADMIN=39269, RATIS_SERVER=39269, STANDALONE=39281], networkLocation: /default-rack, certSerialId: null, persistedOpState: IN_SERVICE, persistedOpStateExpiryEpochSec: 0}, ReplicationConfig: RATIS/ONE, State:ALLOCATED, leaderId:, CreationTimestamp2022-10-20T01:29:33.038Z[Etc/UTC]].
2022-10-20 01:29:33,047 [EndpointStateMachine task thread for /0.0.0.0:46513 - 0 ] INFO  volume.HddsVolume (HddsVolume.java:createDbStore(307)) - SchemaV3 db is created and loaded at /home/runner/work/ozone/ozone/hadoop-ozone/integration-test/target/test-dir/MiniOzoneClusterImpl-1c2b738d-be74-4a40-b887-8630efe04021/datanode-7/data-0/containers/hdds/1c2b738d-be74-4a40-b887-8630efe04021/DS-5a2d673f-9a04-4ca9-9230-3e644b7716eb/container.db for volume DS-5a2d673f-9a04-4ca9-9230-3e644b7716eb
2022-10-20 01:29:33,047 [EndpointStateMachine task thread for /0.0.0.0:46513 - 0 ] INFO  volume.HddsVolume (HddsVolume.java:closeDbStore(338)) - SchemaV3 db is stopped at /home/runner/work/ozone/ozone/hadoop-ozone/integration-test/target/test-dir/MiniOzoneClusterImpl-1c2b738d-be74-4a40-b887-8630efe04021/datanode-7/data-0/containers/hdds/1c2b738d-be74-4a40-b887-8630efe04021/DS-5a2d673f-9a04-4ca9-9230-3e644b7716eb/container.db for volume DS-5a2d673f-9a04-4ca9-9230-3e644b7716eb
2022-10-20 01:29:33,047 [EndpointStateMachine task thread for /0.0.0.0:46513 - 0 ] INFO  ozoneimpl.OzoneContainer (OzoneContainer.java:start(378)) - Attempting to start container services.
2022-10-20 01:29:33,047 [EndpointStateMachine task thread for /0.0.0.0:46513 - 0 ] INFO  ozoneimpl.OzoneContainer (OzoneContainer.java:startContainerScrub(313)) - Background container scanner has been disabled.
2022-10-20 01:29:33,050 [EndpointStateMachine task thread for /0.0.0.0:46513 - 0 ] INFO  replication.ReplicationServer (ReplicationServer.java:start(111)) - ReplicationServer is started using port 42747
2022-10-20 01:29:33,050 [EndpointStateMachine task thread for /0.0.0.0:46513 - 0 ] INFO  ratis.XceiverServerRatis (XceiverServerRatis.java:start(481)) - Starting XceiverServerRatis a2b9a5b5-e126-445d-90e8-946fc00ddc43
2022-10-20 01:29:33,051 [EndpointStateMachine task thread for /0.0.0.0:46513 - 0 ] INFO  server.RaftServer (RaftServerProxy.java:startImpl(393)) - a2b9a5b5-e126-445d-90e8-946fc00ddc43: start RPC server
2022-10-20 01:29:33,055 [EndpointStateMachine task thread for /0.0.0.0:46513 - 0 ] INFO  server.GrpcService (GrpcService.java:startImpl(270)) - a2b9a5b5-e126-445d-90e8-946fc00ddc43: GrpcService started, listening on 45297
2022-10-20 01:29:33,055 [EndpointStateMachine task thread for /0.0.0.0:46513 - 0 ] INFO  ratis.XceiverServerRatis (XceiverServerRatis.java:getRealPort(502)) - XceiverServerRatis a2b9a5b5-e126-445d-90e8-946fc00ddc43 is started using port 45297 for RATIS
2022-10-20 01:29:33,055 [EndpointStateMachine task thread for /0.0.0.0:46513 - 0 ] INFO  ratis.XceiverServerRatis (XceiverServerRatis.java:getRealPort(502)) - XceiverServerRatis a2b9a5b5-e126-445d-90e8-946fc00ddc43 is started using port 45297 for RATIS_ADMIN
2022-10-20 01:29:33,055 [EndpointStateMachine task thread for /0.0.0.0:46513 - 0 ] INFO  ratis.XceiverServerRatis (XceiverServerRatis.java:getRealPort(502)) - XceiverServerRatis a2b9a5b5-e126-445d-90e8-946fc00ddc43 is started using port 45297 for RATIS_SERVER
2022-10-20 01:29:33,055 [JvmPauseMonitor8] INFO  util.JvmPauseMonitor (JvmPauseMonitor.java:run(105)) - JvmPauseMonitor-a2b9a5b5-e126-445d-90e8-946fc00ddc43: Started
2022-10-20 01:29:33,056 [EndpointStateMachine task thread for /0.0.0.0:46513 - 0 ] INFO  server.XceiverServerGrpc (XceiverServerGrpc.java:start(180)) - XceiverServerGrpc a2b9a5b5-e126-445d-90e8-946fc00ddc43 is started using port 46421
2022-10-20 01:29:33,390 [EndpointStateMachine task thread for /0.0.0.0:46513 - 0 ] INFO  volume.HddsVolume (HddsVolume.java:createDbStore(307)) - SchemaV3 db is created and loaded at /home/runner/work/ozone/ozone/hadoop-ozone/integration-test/target/test-dir/MiniOzoneClusterImpl-1c2b738d-be74-4a40-b887-8630efe04021/datanode-8/data-0/containers/hdds/1c2b738d-be74-4a40-b887-8630efe04021/DS-7414575d-f5e6-4ff7-8880-336c5d12c138/container.db for volume DS-7414575d-f5e6-4ff7-8880-336c5d12c138
2022-10-20 01:29:33,390 [EndpointStateMachine task thread for /0.0.0.0:46513 - 0 ] INFO  volume.HddsVolume (HddsVolume.java:closeDbStore(338)) - SchemaV3 db is stopped at /home/runner/work/ozone/ozone/hadoop-ozone/integration-test/target/test-dir/MiniOzoneClusterImpl-1c2b738d-be74-4a40-b887-8630efe04021/datanode-8/data-0/containers/hdds/1c2b738d-be74-4a40-b887-8630efe04021/DS-7414575d-f5e6-4ff7-8880-336c5d12c138/container.db for volume DS-7414575d-f5e6-4ff7-8880-336c5d12c138
2022-10-20 01:29:33,390 [EndpointStateMachine task thread for /0.0.0.0:46513 - 0 ] INFO  ozoneimpl.OzoneContainer (OzoneContainer.java:start(378)) - Attempting to start container services.
2022-10-20 01:29:33,391 [EndpointStateMachine task thread for /0.0.0.0:46513 - 0 ] INFO  ozoneimpl.OzoneContainer (OzoneContainer.java:startContainerScrub(313)) - Background container scanner has been disabled.
2022-10-20 01:29:33,392 [EndpointStateMachine task thread for /0.0.0.0:46513 - 0 ] INFO  replication.ReplicationServer (ReplicationServer.java:start(111)) - ReplicationServer is started using port 37059
2022-10-20 01:29:33,392 [EndpointStateMachine task thread for /0.0.0.0:46513 - 0 ] INFO  ratis.XceiverServerRatis (XceiverServerRatis.java:start(481)) - Starting XceiverServerRatis 617aebcb-94d5-4f34-9c47-e0c0542c8799
2022-10-20 01:29:33,393 [EndpointStateMachine task thread for /0.0.0.0:46513 - 0 ] INFO  server.RaftServer (RaftServerProxy.java:startImpl(393)) - 617aebcb-94d5-4f34-9c47-e0c0542c8799: start RPC server
2022-10-20 01:29:33,393 [EndpointStateMachine task thread for /0.0.0.0:46513 - 0 ] INFO  server.GrpcService (GrpcService.java:startImpl(270)) - 617aebcb-94d5-4f34-9c47-e0c0542c8799: GrpcService started, listening on 43495
2022-10-20 01:29:33,394 [EndpointStateMachine task thread for /0.0.0.0:46513 - 0 ] INFO  ratis.XceiverServerRatis (XceiverServerRatis.java:getRealPort(502)) - XceiverServerRatis 617aebcb-94d5-4f34-9c47-e0c0542c8799 is started using port 43495 for RATIS
2022-10-20 01:29:33,394 [EndpointStateMachine task thread for /0.0.0.0:46513 - 0 ] INFO  ratis.XceiverServerRatis (XceiverServerRatis.java:getRealPort(502)) - XceiverServerRatis 617aebcb-94d5-4f34-9c47-e0c0542c8799 is started using port 43495 for RATIS_ADMIN
2022-10-20 01:29:33,394 [JvmPauseMonitor9] INFO  util.JvmPauseMonitor (JvmPauseMonitor.java:run(105)) - JvmPauseMonitor-617aebcb-94d5-4f34-9c47-e0c0542c8799: Started
2022-10-20 01:29:33,394 [EndpointStateMachine task thread for /0.0.0.0:46513 - 0 ] INFO  ratis.XceiverServerRatis (XceiverServerRatis.java:getRealPort(502)) - XceiverServerRatis 617aebcb-94d5-4f34-9c47-e0c0542c8799 is started using port 43495 for RATIS_SERVER
2022-10-20 01:29:33,395 [EndpointStateMachine task thread for /0.0.0.0:46513 - 0 ] INFO  server.XceiverServerGrpc (XceiverServerGrpc.java:start(180)) - XceiverServerGrpc 617aebcb-94d5-4f34-9c47-e0c0542c8799 is started using port 33559
2022-10-20 01:29:33,406 [IPC Server handler 3 on default port 46513] INFO  net.NetworkTopologyImpl (NetworkTopologyImpl.java:add(112)) - Added a new node: /default-rack/2f412ea8-0081-4ad7-b64d-031dd4a9d4b2
2022-10-20 01:29:33,406 [IPC Server handler 3 on default port 46513] INFO  node.SCMNodeManager (SCMNodeManager.java:register(397)) - Registered Data node : 2f412ea8-0081-4ad7-b64d-031dd4a9d4b2{ip: 10.1.0.77, host: fv-az625-379.nkjb25ot11ku3fnowzullr2doh.gx.internal.cloudapp.net, ports: [REPLICATION=36517, RATIS=43519, RATIS_ADMIN=43519, RATIS_SERVER=43519, STANDALONE=44057], networkLocation: /default-rack, certSerialId: null, persistedOpState: null, persistedOpStateExpiryEpochSec: 0}
2022-10-20 01:29:33,406 [EventQueue-NewNodeForNewNodeHandler] INFO  pipeline.BackgroundPipelineCreator (BackgroundPipelineCreator.java:notifyEventTriggered(276)) - trigger a one-shot run on RatisPipelineUtilsThread.
2022-10-20 01:29:33,406 [EventQueue-NodeRegistrationContainerReportForDataNodeSafeModeRule] INFO  safemode.SCMSafeModeManager (DataNodeSafeModeRule.java:process(71)) - SCM in safe mode. 3 DataNodes registered, 3 required.
2022-10-20 01:29:33,406 [EventQueue-NodeRegistrationContainerReportForDataNodeSafeModeRule] INFO  safemode.SCMSafeModeManager (SCMSafeModeManager.java:validateSafeModeExitRules(204)) - DataNodeSafeModeRule rule is successfully validated
2022-10-20 01:29:33,406 [EventQueue-NodeRegistrationContainerReportForDataNodeSafeModeRule] INFO  safemode.SCMSafeModeManager (SCMSafeModeManager.java:completePreCheck(233)) - All SCM safe mode pre check rules have passed
2022-10-20 01:29:33,406 [EventQueue-NodeRegistrationContainerReportForDataNodeSafeModeRule] WARN  events.EventQueue (EventQueue.java:fireEvent(216)) - No event handler registered for event TypedEvent{payloadType=SafeModeStatus, name='Safe mode status'}
2022-10-20 01:29:33,406 [EventQueue-NodeRegistrationContainerReportForDataNodeSafeModeRule] INFO  ha.SCMContext (SCMContext.java:updateSafeModeStatus(228)) - Update SafeModeStatus from SafeModeStatus{safeModeStatus=true, preCheckPassed=false} to SafeModeStatus{safeModeStatus=true, preCheckPassed=true}.
2022-10-20 01:29:33,406 [EventQueue-NodeRegistrationContainerReportForDataNodeSafeModeRule] INFO  pipeline.BackgroundPipelineCreator (BackgroundPipelineCreator.java:notifyEventTriggered(276)) - trigger a one-shot run on RatisPipelineUtilsThread.
2022-10-20 01:29:33,407 [RatisPipelineUtilsThread - 0] INFO  pipeline.RatisPipelineProvider (RatisPipelineProvider.java:lambda$create$0(195)) - Sending CreatePipelineCommand for pipeline:PipelineID=2602b44d-7da8-49f1-b378-1f2c47812506 to datanode:2f412ea8-0081-4ad7-b64d-031dd4a9d4b2
2022-10-20 01:29:33,407 [RatisPipelineUtilsThread - 0] INFO  pipeline.PipelineStateManagerImpl (PipelineStateManagerImpl.java:addPipeline(103)) - Created pipeline Pipeline[ Id: 2602b44d-7da8-49f1-b378-1f2c47812506, Nodes: 2f412ea8-0081-4ad7-b64d-031dd4a9d4b2{ip: 10.1.0.77, host: fv-az625-379.nkjb25ot11ku3fnowzullr2doh.gx.internal.cloudapp.net, ports: [REPLICATION=36517, RATIS=43519, RATIS_ADMIN=43519, RATIS_SERVER=43519, STANDALONE=44057], networkLocation: /default-rack, certSerialId: null, persistedOpState: IN_SERVICE, persistedOpStateExpiryEpochSec: 0}, ReplicationConfig: RATIS/ONE, State:ALLOCATED, leaderId:, CreationTimestamp2022-10-20T01:29:33.407Z[Etc/UTC]].
2022-10-20 01:29:33,410 [RatisPipelineUtilsThread - 0] INFO  pipeline.RatisPipelineProvider (RatisPipelineProvider.java:lambda$create$0(195)) - Sending CreatePipelineCommand for pipeline:PipelineID=9677b235-3a42-4d48-be78-d78ed3c809e8 to datanode:2f412ea8-0081-4ad7-b64d-031dd4a9d4b2
2022-10-20 01:29:33,411 [RatisPipelineUtilsThread - 0] INFO  pipeline.RatisPipelineProvider (RatisPipelineProvider.java:lambda$create$0(195)) - Sending CreatePipelineCommand for pipeline:PipelineID=9677b235-3a42-4d48-be78-d78ed3c809e8 to datanode:5133b65f-dd1c-47c0-816b-09498efa4e03
2022-10-20 01:29:33,411 [RatisPipelineUtilsThread - 0] INFO  pipeline.RatisPipelineProvider (RatisPipelineProvider.java:lambda$create$0(195)) - Sending CreatePipelineCommand for pipeline:PipelineID=9677b235-3a42-4d48-be78-d78ed3c809e8 to datanode:4eb19ff5-df5c-423c-bb98-7a77d12fda0f
2022-10-20 01:29:33,412 [RatisPipelineUtilsThread - 0] INFO  pipeline.PipelineStateManagerImpl (PipelineStateManagerImpl.java:addPipeline(103)) - Created pipeline Pipeline[ Id: 9677b235-3a42-4d48-be78-d78ed3c809e8, Nodes: 2f412ea8-0081-4ad7-b64d-031dd4a9d4b2{ip: 10.1.0.77, host: fv-az625-379.nkjb25ot11ku3fnowzullr2doh.gx.internal.cloudapp.net, ports: [REPLICATION=36517, RATIS=43519, RATIS_ADMIN=43519, RATIS_SERVER=43519, STANDALONE=44057], networkLocation: /default-rack, certSerialId: null, persistedOpState: IN_SERVICE, persistedOpStateExpiryEpochSec: 0}5133b65f-dd1c-47c0-816b-09498efa4e03{ip: 10.1.0.77, host: fv-az625-379.nkjb25ot11ku3fnowzullr2doh.gx.internal.cloudapp.net, ports: [REPLICATION=36383, RATIS=43535, RATIS_ADMIN=43535, RATIS_SERVER=43535, STANDALONE=44363], networkLocation: /default-rack, certSerialId: null, persistedOpState: IN_SERVICE, persistedOpStateExpiryEpochSec: 0}4eb19ff5-df5c-423c-bb98-7a77d12fda0f{ip: 10.1.0.77, host: fv-az625-379.nkjb25ot11ku3fnowzullr2doh.gx.internal.cloudapp.net, ports: [REPLICATION=35659, RATIS=39269, RATIS_ADMIN=39269, RATIS_SERVER=39269, STANDALONE=39281], networkLocation: /default-rack, certSerialId: null, persistedOpState: IN_SERVICE, persistedOpStateExpiryEpochSec: 0}, ReplicationConfig: RATIS/THREE, State:ALLOCATED, leaderId:, CreationTimestamp2022-10-20T01:29:33.410Z[Etc/UTC]].
2022-10-20 01:29:33,413 [RatisPipelineUtilsThread - 0] INFO  pipeline.RatisPipelineProvider (RatisPipelineProvider.java:lambda$create$0(195)) - Sending CreatePipelineCommand for pipeline:PipelineID=815c7a2c-3194-459d-97c8-f3d77823205d to datanode:5133b65f-dd1c-47c0-816b-09498efa4e03
2022-10-20 01:29:33,413 [RatisPipelineUtilsThread - 0] INFO  pipeline.RatisPipelineProvider (RatisPipelineProvider.java:lambda$create$0(195)) - Sending CreatePipelineCommand for pipeline:PipelineID=815c7a2c-3194-459d-97c8-f3d77823205d to datanode:2f412ea8-0081-4ad7-b64d-031dd4a9d4b2
2022-10-20 01:29:33,413 [RatisPipelineUtilsThread - 0] INFO  pipeline.RatisPipelineProvider (RatisPipelineProvider.java:lambda$create$0(195)) - Sending CreatePipelineCommand for pipeline:PipelineID=815c7a2c-3194-459d-97c8-f3d77823205d to datanode:4eb19ff5-df5c-423c-bb98-7a77d12fda0f
2022-10-20 01:29:33,415 [RatisPipelineUtilsThread - 0] INFO  pipeline.PipelineStateManagerImpl (PipelineStateManagerImpl.java:addPipeline(103)) - Created pipeline Pipeline[ Id: 815c7a2c-3194-459d-97c8-f3d77823205d, Nodes: 5133b65f-dd1c-47c0-816b-09498efa4e03{ip: 10.1.0.77, host: fv-az625-379.nkjb25ot11ku3fnowzullr2doh.gx.internal.cloudapp.net, ports: [REPLICATION=36383, RATIS=43535, RATIS_ADMIN=43535, RATIS_SERVER=43535, STANDALONE=44363], networkLocation: /default-rack, certSerialId: null, persistedOpState: IN_SERVICE, persistedOpStateExpiryEpochSec: 0}2f412ea8-0081-4ad7-b64d-031dd4a9d4b2{ip: 10.1.0.77, host: fv-az625-379.nkjb25ot11ku3fnowzullr2doh.gx.internal.cloudapp.net, ports: [REPLICATION=36517, RATIS=43519, RATIS_ADMIN=43519, RATIS_SERVER=43519, STANDALONE=44057], networkLocation: /default-rack, certSerialId: null, persistedOpState: IN_SERVICE, persistedOpStateExpiryEpochSec: 0}4eb19ff5-df5c-423c-bb98-7a77d12fda0f{ip: 10.1.0.77, host: fv-az625-379.nkjb25ot11ku3fnowzullr2doh.gx.internal.cloudapp.net, ports: [REPLICATION=35659, RATIS=39269, RATIS_ADMIN=39269, RATIS_SERVER=39269, STANDALONE=39281], networkLocation: /default-rack, certSerialId: null, persistedOpState: IN_SERVICE, persistedOpStateExpiryEpochSec: 0}, ReplicationConfig: RATIS/THREE, State:ALLOCATED, leaderId:, CreationTimestamp2022-10-20T01:29:33.413Z[Etc/UTC]].
2022-10-20 01:29:33,415 [RatisPipelineUtilsThread - 0] INFO  pipeline.PipelineManagerImpl (PipelineManagerImpl.java:recordMetricsForPipeline(826)) - Pipeline: PipelineID=815c7a2c-3194-459d-97c8-f3d77823205d contains same datanodes as previous pipelines: PipelineID=9677b235-3a42-4d48-be78-d78ed3c809e8 nodeIds: 5133b65f-dd1c-47c0-816b-09498efa4e03, 2f412ea8-0081-4ad7-b64d-031dd4a9d4b2, 4eb19ff5-df5c-423c-bb98-7a77d12fda0f
2022-10-20 01:29:33,717 [Listener at 127.0.0.1/41123] INFO  ozone.MiniOzoneClusterImpl (MiniOzoneClusterImpl.java:lambda$waitForClusterToBeReady$0(216)) - Waiting for nodes to be ready. Got 3 of 10 DN Heartbeats.
2022-10-20 01:29:33,718 [Listener at 127.0.0.1/41123] INFO  ozone.MiniOzoneClusterImpl (MiniOzoneClusterImpl.java:lambda$waitForClusterToBeReady$0(219)) - Waiting for cluster to exit safe mode
2022-10-20 01:29:33,718 [Listener at 127.0.0.1/41123] INFO  ozone.MiniOzoneClusterImpl (MiniOzoneClusterImpl.java:lambda$waitForClusterToBeReady$0(221)) - SCM became leader
2022-10-20 01:29:33,730 [IPC Server handler 7 on default port 46513] INFO  net.NetworkTopologyImpl (NetworkTopologyImpl.java:add(112)) - Added a new node: /default-rack/0cbed28b-7e2e-4c55-93c4-a5222a360620
2022-10-20 01:29:33,730 [IPC Server handler 7 on default port 46513] INFO  node.SCMNodeManager (SCMNodeManager.java:register(397)) - Registered Data node : 0cbed28b-7e2e-4c55-93c4-a5222a360620{ip: 10.1.0.77, host: fv-az625-379.nkjb25ot11ku3fnowzullr2doh.gx.internal.cloudapp.net, ports: [REPLICATION=43593, RATIS=41783, RATIS_ADMIN=41783, RATIS_SERVER=41783, STANDALONE=33011], networkLocation: /default-rack, certSerialId: null, persistedOpState: null, persistedOpStateExpiryEpochSec: 0}
2022-10-20 01:29:33,730 [EventQueue-NewNodeForNewNodeHandler] INFO  pipeline.BackgroundPipelineCreator (BackgroundPipelineCreator.java:notifyEventTriggered(276)) - trigger a one-shot run on RatisPipelineUtilsThread.
2022-10-20 01:29:33,730 [RatisPipelineUtilsThread - 0] INFO  pipeline.RatisPipelineProvider (RatisPipelineProvider.java:lambda$create$0(195)) - Sending CreatePipelineCommand for pipeline:PipelineID=acb19e7a-effa-4b36-9e10-35c507febb33 to datanode:0cbed28b-7e2e-4c55-93c4-a5222a360620
2022-10-20 01:29:33,731 [RatisPipelineUtilsThread - 0] INFO  pipeline.PipelineStateManagerImpl (PipelineStateManagerImpl.java:addPipeline(103)) - Created pipeline Pipeline[ Id: acb19e7a-effa-4b36-9e10-35c507febb33, Nodes: 0cbed28b-7e2e-4c55-93c4-a5222a360620{ip: 10.1.0.77, host: fv-az625-379.nkjb25ot11ku3fnowzullr2doh.gx.internal.cloudapp.net, ports: [REPLICATION=43593, RATIS=41783, RATIS_ADMIN=41783, RATIS_SERVER=41783, STANDALONE=33011], networkLocation: /default-rack, certSerialId: null, persistedOpState: IN_SERVICE, persistedOpStateExpiryEpochSec: 0}, ReplicationConfig: RATIS/ONE, State:ALLOCATED, leaderId:, CreationTimestamp2022-10-20T01:29:33.730Z[Etc/UTC]].
2022-10-20 01:29:33,754 [EndpointStateMachine task thread for /0.0.0.0:46513 - 0 ] INFO  volume.HddsVolume (HddsVolume.java:createDbStore(307)) - SchemaV3 db is created and loaded at /home/runner/work/ozone/ozone/hadoop-ozone/integration-test/target/test-dir/MiniOzoneClusterImpl-1c2b738d-be74-4a40-b887-8630efe04021/datanode-9/data-0/containers/hdds/1c2b738d-be74-4a40-b887-8630efe04021/DS-b0c591f0-a6f5-4ec3-b0ea-e3fc4ff285fb/container.db for volume DS-b0c591f0-a6f5-4ec3-b0ea-e3fc4ff285fb
2022-10-20 01:29:33,755 [EndpointStateMachine task thread for /0.0.0.0:46513 - 0 ] INFO  volume.HddsVolume (HddsVolume.java:closeDbStore(338)) - SchemaV3 db is stopped at /home/runner/work/ozone/ozone/hadoop-ozone/integration-test/target/test-dir/MiniOzoneClusterImpl-1c2b738d-be74-4a40-b887-8630efe04021/datanode-9/data-0/containers/hdds/1c2b738d-be74-4a40-b887-8630efe04021/DS-b0c591f0-a6f5-4ec3-b0ea-e3fc4ff285fb/container.db for volume DS-b0c591f0-a6f5-4ec3-b0ea-e3fc4ff285fb
2022-10-20 01:29:33,755 [EndpointStateMachine task thread for /0.0.0.0:46513 - 0 ] INFO  ozoneimpl.OzoneContainer (OzoneContainer.java:start(378)) - Attempting to start container services.
2022-10-20 01:29:33,755 [EndpointStateMachine task thread for /0.0.0.0:46513 - 0 ] INFO  ozoneimpl.OzoneContainer (OzoneContainer.java:startContainerScrub(313)) - Background container scanner has been disabled.
2022-10-20 01:29:33,756 [EndpointStateMachine task thread for /0.0.0.0:46513 - 0 ] INFO  replication.ReplicationServer (ReplicationServer.java:start(111)) - ReplicationServer is started using port 40041
2022-10-20 01:29:33,756 [EndpointStateMachine task thread for /0.0.0.0:46513 - 0 ] INFO  ratis.XceiverServerRatis (XceiverServerRatis.java:start(481)) - Starting XceiverServerRatis 068f63d0-ab19-47e7-872c-e50edf74daa4
2022-10-20 01:29:33,757 [EndpointStateMachine task thread for /0.0.0.0:46513 - 0 ] INFO  server.RaftServer (RaftServerProxy.java:startImpl(393)) - 068f63d0-ab19-47e7-872c-e50edf74daa4: start RPC server
2022-10-20 01:29:33,762 [EndpointStateMachine task thread for /0.0.0.0:46513 - 0 ] INFO  server.GrpcService (GrpcService.java:startImpl(270)) - 068f63d0-ab19-47e7-872c-e50edf74daa4: GrpcService started, listening on 35259
2022-10-20 01:29:33,763 [EndpointStateMachine task thread for /0.0.0.0:46513 - 0 ] INFO  ratis.XceiverServerRatis (XceiverServerRatis.java:getRealPort(502)) - XceiverServerRatis 068f63d0-ab19-47e7-872c-e50edf74daa4 is started using port 35259 for RATIS
2022-10-20 01:29:33,763 [EndpointStateMachine task thread for /0.0.0.0:46513 - 0 ] INFO  ratis.XceiverServerRatis (XceiverServerRatis.java:getRealPort(502)) - XceiverServerRatis 068f63d0-ab19-47e7-872c-e50edf74daa4 is started using port 35259 for RATIS_ADMIN
2022-10-20 01:29:33,763 [JvmPauseMonitor10] INFO  util.JvmPauseMonitor (JvmPauseMonitor.java:run(105)) - JvmPauseMonitor-068f63d0-ab19-47e7-872c-e50edf74daa4: Started
2022-10-20 01:29:33,763 [EndpointStateMachine task thread for /0.0.0.0:46513 - 0 ] INFO  ratis.XceiverServerRatis (XceiverServerRatis.java:getRealPort(502)) - XceiverServerRatis 068f63d0-ab19-47e7-872c-e50edf74daa4 is started using port 35259 for RATIS_SERVER
2022-10-20 01:29:33,764 [EndpointStateMachine task thread for /0.0.0.0:46513 - 0 ] INFO  server.XceiverServerGrpc (XceiverServerGrpc.java:start(180)) - XceiverServerGrpc 068f63d0-ab19-47e7-872c-e50edf74daa4 is started using port 34267
2022-10-20 01:29:34,043 [IPC Server handler 2 on default port 46513] INFO  net.NetworkTopologyImpl (NetworkTopologyImpl.java:add(112)) - Added a new node: /default-rack/2c0de523-4fef-49d4-a7e7-019bfd407efe
2022-10-20 01:29:34,043 [IPC Server handler 2 on default port 46513] INFO  node.SCMNodeManager (SCMNodeManager.java:register(397)) - Registered Data node : 2c0de523-4fef-49d4-a7e7-019bfd407efe{ip: 10.1.0.77, host: fv-az625-379.nkjb25ot11ku3fnowzullr2doh.gx.internal.cloudapp.net, ports: [REPLICATION=36177, RATIS=37771, RATIS_ADMIN=37771, RATIS_SERVER=37771, STANDALONE=39829], networkLocation: /default-rack, certSerialId: null, persistedOpState: null, persistedOpStateExpiryEpochSec: 0}
2022-10-20 01:29:34,043 [EventQueue-NewNodeForNewNodeHandler] INFO  pipeline.BackgroundPipelineCreator (BackgroundPipelineCreator.java:notifyEventTriggered(276)) - trigger a one-shot run on RatisPipelineUtilsThread.
2022-10-20 01:29:34,043 [RatisPipelineUtilsThread - 0] INFO  pipeline.RatisPipelineProvider (RatisPipelineProvider.java:lambda$create$0(195)) - Sending CreatePipelineCommand for pipeline:PipelineID=a5182b90-fe70-48bc-a762-92c9a0750e64 to datanode:2c0de523-4fef-49d4-a7e7-019bfd407efe
2022-10-20 01:29:34,044 [RatisPipelineUtilsThread - 0] INFO  pipeline.PipelineStateManagerImpl (PipelineStateManagerImpl.java:addPipeline(103)) - Created pipeline Pipeline[ Id: a5182b90-fe70-48bc-a762-92c9a0750e64, Nodes: 2c0de523-4fef-49d4-a7e7-019bfd407efe{ip: 10.1.0.77, host: fv-az625-379.nkjb25ot11ku3fnowzullr2doh.gx.internal.cloudapp.net, ports: [REPLICATION=36177, RATIS=37771, RATIS_ADMIN=37771, RATIS_SERVER=37771, STANDALONE=39829], networkLocation: /default-rack, certSerialId: null, persistedOpState: IN_SERVICE, persistedOpStateExpiryEpochSec: 0}, ReplicationConfig: RATIS/ONE, State:ALLOCATED, leaderId:, CreationTimestamp2022-10-20T01:29:34.043Z[Etc/UTC]].
2022-10-20 01:29:34,357 [IPC Server handler 3 on default port 46513] INFO  net.NetworkTopologyImpl (NetworkTopologyImpl.java:add(112)) - Added a new node: /default-rack/6712d1d5-3f8e-46d5-b100-7ccc5411605f
2022-10-20 01:29:34,357 [IPC Server handler 3 on default port 46513] INFO  node.SCMNodeManager (SCMNodeManager.java:register(397)) - Registered Data node : 6712d1d5-3f8e-46d5-b100-7ccc5411605f{ip: 10.1.0.77, host: fv-az625-379.nkjb25ot11ku3fnowzullr2doh.gx.internal.cloudapp.net, ports: [REPLICATION=46037, RATIS=37929, RATIS_ADMIN=37929, RATIS_SERVER=37929, STANDALONE=45227], networkLocation: /default-rack, certSerialId: null, persistedOpState: null, persistedOpStateExpiryEpochSec: 0}
2022-10-20 01:29:34,357 [EventQueue-NewNodeForNewNodeHandler] INFO  pipeline.BackgroundPipelineCreator (BackgroundPipelineCreator.java:notifyEventTriggered(276)) - trigger a one-shot run on RatisPipelineUtilsThread.
2022-10-20 01:29:34,359 [RatisPipelineUtilsThread - 0] INFO  pipeline.RatisPipelineProvider (RatisPipelineProvider.java:lambda$create$0(195)) - Sending CreatePipelineCommand for pipeline:PipelineID=464e5ffb-5e34-40dc-b7a1-f5665640f4c7 to datanode:6712d1d5-3f8e-46d5-b100-7ccc5411605f
2022-10-20 01:29:34,359 [RatisPipelineUtilsThread - 0] INFO  pipeline.PipelineStateManagerImpl (PipelineStateManagerImpl.java:addPipeline(103)) - Created pipeline Pipeline[ Id: 464e5ffb-5e34-40dc-b7a1-f5665640f4c7, Nodes: 6712d1d5-3f8e-46d5-b100-7ccc5411605f{ip: 10.1.0.77, host: fv-az625-379.nkjb25ot11ku3fnowzullr2doh.gx.internal.cloudapp.net, ports: [REPLICATION=46037, RATIS=37929, RATIS_ADMIN=37929, RATIS_SERVER=37929, STANDALONE=45227], networkLocation: /default-rack, certSerialId: null, persistedOpState: IN_SERVICE, persistedOpStateExpiryEpochSec: 0}, ReplicationConfig: RATIS/ONE, State:ALLOCATED, leaderId:, CreationTimestamp2022-10-20T01:29:34.359Z[Etc/UTC]].
2022-10-20 01:29:34,360 [RatisPipelineUtilsThread - 0] INFO  pipeline.RatisPipelineProvider (RatisPipelineProvider.java:lambda$create$0(195)) - Sending CreatePipelineCommand for pipeline:PipelineID=84989091-dc1d-4fde-9f47-c5df1af2a9a6 to datanode:0cbed28b-7e2e-4c55-93c4-a5222a360620
2022-10-20 01:29:34,360 [RatisPipelineUtilsThread - 0] INFO  pipeline.RatisPipelineProvider (RatisPipelineProvider.java:lambda$create$0(195)) - Sending CreatePipelineCommand for pipeline:PipelineID=84989091-dc1d-4fde-9f47-c5df1af2a9a6 to datanode:2c0de523-4fef-49d4-a7e7-019bfd407efe
2022-10-20 01:29:34,360 [RatisPipelineUtilsThread - 0] INFO  pipeline.RatisPipelineProvider (RatisPipelineProvider.java:lambda$create$0(195)) - Sending CreatePipelineCommand for pipeline:PipelineID=84989091-dc1d-4fde-9f47-c5df1af2a9a6 to datanode:6712d1d5-3f8e-46d5-b100-7ccc5411605f
2022-10-20 01:29:34,360 [RatisPipelineUtilsThread - 0] INFO  pipeline.PipelineStateManagerImpl (PipelineStateManagerImpl.java:addPipeline(103)) - Created pipeline Pipeline[ Id: 84989091-dc1d-4fde-9f47-c5df1af2a9a6, Nodes: 0cbed28b-7e2e-4c55-93c4-a5222a360620{ip: 10.1.0.77, host: fv-az625-379.nkjb25ot11ku3fnowzullr2doh.gx.internal.cloudapp.net, ports: [REPLICATION=43593, RATIS=41783, RATIS_ADMIN=41783, RATIS_SERVER=41783, STANDALONE=33011], networkLocation: /default-rack, certSerialId: null, persistedOpState: IN_SERVICE, persistedOpStateExpiryEpochSec: 0}2c0de523-4fef-49d4-a7e7-019bfd407efe{ip: 10.1.0.77, host: fv-az625-379.nkjb25ot11ku3fnowzullr2doh.gx.internal.cloudapp.net, ports: [REPLICATION=36177, RATIS=37771, RATIS_ADMIN=37771, RATIS_SERVER=37771, STANDALONE=39829], networkLocation: /default-rack, certSerialId: null, persistedOpState: IN_SERVICE, persistedOpStateExpiryEpochSec: 0}6712d1d5-3f8e-46d5-b100-7ccc5411605f{ip: 10.1.0.77, host: fv-az625-379.nkjb25ot11ku3fnowzullr2doh.gx.internal.cloudapp.net, ports: [REPLICATION=46037, RATIS=37929, RATIS_ADMIN=37929, RATIS_SERVER=37929, STANDALONE=45227], networkLocation: /default-rack, certSerialId: null, persistedOpState: IN_SERVICE, persistedOpStateExpiryEpochSec: 0}, ReplicationConfig: RATIS/THREE, State:ALLOCATED, leaderId:, CreationTimestamp2022-10-20T01:29:34.360Z[Etc/UTC]].
2022-10-20 01:29:34,361 [RatisPipelineUtilsThread - 0] INFO  pipeline.RatisPipelineProvider (RatisPipelineProvider.java:lambda$create$0(195)) - Sending CreatePipelineCommand for pipeline:PipelineID=87ce7096-a76b-4beb-a627-3562deae299e to datanode:0cbed28b-7e2e-4c55-93c4-a5222a360620
2022-10-20 01:29:34,361 [RatisPipelineUtilsThread - 0] INFO  pipeline.RatisPipelineProvider (RatisPipelineProvider.java:lambda$create$0(195)) - Sending CreatePipelineCommand for pipeline:PipelineID=87ce7096-a76b-4beb-a627-3562deae299e to datanode:2c0de523-4fef-49d4-a7e7-019bfd407efe
2022-10-20 01:29:34,361 [RatisPipelineUtilsThread - 0] INFO  pipeline.RatisPipelineProvider (RatisPipelineProvider.java:lambda$create$0(195)) - Sending CreatePipelineCommand for pipeline:PipelineID=87ce7096-a76b-4beb-a627-3562deae299e to datanode:6712d1d5-3f8e-46d5-b100-7ccc5411605f
2022-10-20 01:29:34,362 [RatisPipelineUtilsThread - 0] INFO  pipeline.PipelineStateManagerImpl (PipelineStateManagerImpl.java:addPipeline(103)) - Created pipeline Pipeline[ Id: 87ce7096-a76b-4beb-a627-3562deae299e, Nodes: 0cbed28b-7e2e-4c55-93c4-a5222a360620{ip: 10.1.0.77, host: fv-az625-379.nkjb25ot11ku3fnowzullr2doh.gx.internal.cloudapp.net, ports: [REPLICATION=43593, RATIS=41783, RATIS_ADMIN=41783, RATIS_SERVER=41783, STANDALONE=33011], networkLocation: /default-rack, certSerialId: null, persistedOpState: IN_SERVICE, persistedOpStateExpiryEpochSec: 0}2c0de523-4fef-49d4-a7e7-019bfd407efe{ip: 10.1.0.77, host: fv-az625-379.nkjb25ot11ku3fnowzullr2doh.gx.internal.cloudapp.net, ports: [REPLICATION=36177, RATIS=37771, RATIS_ADMIN=37771, RATIS_SERVER=37771, STANDALONE=39829], networkLocation: /default-rack, certSerialId: null, persistedOpState: IN_SERVICE, persistedOpStateExpiryEpochSec: 0}6712d1d5-3f8e-46d5-b100-7ccc5411605f{ip: 10.1.0.77, host: fv-az625-379.nkjb25ot11ku3fnowzullr2doh.gx.internal.cloudapp.net, ports: [REPLICATION=46037, RATIS=37929, RATIS_ADMIN=37929, RATIS_SERVER=37929, STANDALONE=45227], networkLocation: /default-rack, certSerialId: null, persistedOpState: IN_SERVICE, persistedOpStateExpiryEpochSec: 0}, ReplicationConfig: RATIS/THREE, State:ALLOCATED, leaderId:, CreationTimestamp2022-10-20T01:29:34.361Z[Etc/UTC]].
2022-10-20 01:29:34,362 [RatisPipelineUtilsThread - 0] INFO  pipeline.PipelineManagerImpl (PipelineManagerImpl.java:recordMetricsForPipeline(826)) - Pipeline: PipelineID=87ce7096-a76b-4beb-a627-3562deae299e contains same datanodes as previous pipelines: PipelineID=84989091-dc1d-4fde-9f47-c5df1af2a9a6 nodeIds: 0cbed28b-7e2e-4c55-93c4-a5222a360620, 2c0de523-4fef-49d4-a7e7-019bfd407efe, 6712d1d5-3f8e-46d5-b100-7ccc5411605f
2022-10-20 01:29:34,718 [Listener at 127.0.0.1/41123] INFO  ozone.MiniOzoneClusterImpl (MiniOzoneClusterImpl.java:lambda$waitForClusterToBeReady$0(216)) - Waiting for nodes to be ready. Got 6 of 10 DN Heartbeats.
2022-10-20 01:29:34,719 [Listener at 127.0.0.1/41123] INFO  ozone.MiniOzoneClusterImpl (MiniOzoneClusterImpl.java:lambda$waitForClusterToBeReady$0(219)) - Waiting for cluster to exit safe mode
2022-10-20 01:29:34,719 [Listener at 127.0.0.1/41123] INFO  ozone.MiniOzoneClusterImpl (MiniOzoneClusterImpl.java:lambda$waitForClusterToBeReady$0(221)) - SCM became leader
2022-10-20 01:29:34,727 [IPC Server handler 6 on default port 46513] INFO  net.NetworkTopologyImpl (NetworkTopologyImpl.java:add(112)) - Added a new node: /default-rack/f5cc69e3-4def-49b3-97e4-fc35696e58fc
2022-10-20 01:29:34,727 [IPC Server handler 6 on default port 46513] INFO  node.SCMNodeManager (SCMNodeManager.java:register(397)) - Registered Data node : f5cc69e3-4def-49b3-97e4-fc35696e58fc{ip: 10.1.0.77, host: fv-az625-379.nkjb25ot11ku3fnowzullr2doh.gx.internal.cloudapp.net, ports: [REPLICATION=45057, RATIS=36367, RATIS_ADMIN=36367, RATIS_SERVER=36367, STANDALONE=42709], networkLocation: /default-rack, certSerialId: null, persistedOpState: null, persistedOpStateExpiryEpochSec: 0}
2022-10-20 01:29:34,728 [EventQueue-NewNodeForNewNodeHandler] INFO  pipeline.BackgroundPipelineCreator (BackgroundPipelineCreator.java:notifyEventTriggered(276)) - trigger a one-shot run on RatisPipelineUtilsThread.
2022-10-20 01:29:34,728 [RatisPipelineUtilsThread - 0] INFO  pipeline.RatisPipelineProvider (RatisPipelineProvider.java:lambda$create$0(195)) - Sending CreatePipelineCommand for pipeline:PipelineID=acc87778-e763-4d6a-ba95-013e2c49cd0a to datanode:f5cc69e3-4def-49b3-97e4-fc35696e58fc
2022-10-20 01:29:34,729 [RatisPipelineUtilsThread - 0] INFO  pipeline.PipelineStateManagerImpl (PipelineStateManagerImpl.java:addPipeline(103)) - Created pipeline Pipeline[ Id: acc87778-e763-4d6a-ba95-013e2c49cd0a, Nodes: f5cc69e3-4def-49b3-97e4-fc35696e58fc{ip: 10.1.0.77, host: fv-az625-379.nkjb25ot11ku3fnowzullr2doh.gx.internal.cloudapp.net, ports: [REPLICATION=45057, RATIS=36367, RATIS_ADMIN=36367, RATIS_SERVER=36367, STANDALONE=42709], networkLocation: /default-rack, certSerialId: null, persistedOpState: IN_SERVICE, persistedOpStateExpiryEpochSec: 0}, ReplicationConfig: RATIS/ONE, State:ALLOCATED, leaderId:, CreationTimestamp2022-10-20T01:29:34.728Z[Etc/UTC]].
2022-10-20 01:29:35,020 [IPC Server handler 1 on default port 46513] INFO  net.NetworkTopologyImpl (NetworkTopologyImpl.java:add(112)) - Added a new node: /default-rack/a2b9a5b5-e126-445d-90e8-946fc00ddc43
2022-10-20 01:29:35,021 [IPC Server handler 1 on default port 46513] INFO  node.SCMNodeManager (SCMNodeManager.java:register(397)) - Registered Data node : a2b9a5b5-e126-445d-90e8-946fc00ddc43{ip: 10.1.0.77, host: fv-az625-379.nkjb25ot11ku3fnowzullr2doh.gx.internal.cloudapp.net, ports: [REPLICATION=42747, RATIS=45297, RATIS_ADMIN=45297, RATIS_SERVER=45297, STANDALONE=46421], networkLocation: /default-rack, certSerialId: null, persistedOpState: null, persistedOpStateExpiryEpochSec: 0}
2022-10-20 01:29:35,021 [EventQueue-NewNodeForNewNodeHandler] INFO  pipeline.BackgroundPipelineCreator (BackgroundPipelineCreator.java:notifyEventTriggered(276)) - trigger a one-shot run on RatisPipelineUtilsThread.
2022-10-20 01:29:35,022 [RatisPipelineUtilsThread - 0] INFO  pipeline.RatisPipelineProvider (RatisPipelineProvider.java:lambda$create$0(195)) - Sending CreatePipelineCommand for pipeline:PipelineID=fac93cf4-26dc-48b5-bde9-2a44e0557d51 to datanode:a2b9a5b5-e126-445d-90e8-946fc00ddc43
2022-10-20 01:29:35,022 [RatisPipelineUtilsThread - 0] INFO  pipeline.PipelineStateManagerImpl (PipelineStateManagerImpl.java:addPipeline(103)) - Created pipeline Pipeline[ Id: fac93cf4-26dc-48b5-bde9-2a44e0557d51, Nodes: a2b9a5b5-e126-445d-90e8-946fc00ddc43{ip: 10.1.0.77, host: fv-az625-379.nkjb25ot11ku3fnowzullr2doh.gx.internal.cloudapp.net, ports: [REPLICATION=42747, RATIS=45297, RATIS_ADMIN=45297, RATIS_SERVER=45297, STANDALONE=46421], networkLocation: /default-rack, certSerialId: null, persistedOpState: IN_SERVICE, persistedOpStateExpiryEpochSec: 0}, ReplicationConfig: RATIS/ONE, State:ALLOCATED, leaderId:, CreationTimestamp2022-10-20T01:29:35.022Z[Etc/UTC]].
2022-10-20 01:29:35,368 [IPC Server handler 7 on default port 46513] INFO  net.NetworkTopologyImpl (NetworkTopologyImpl.java:add(112)) - Added a new node: /default-rack/617aebcb-94d5-4f34-9c47-e0c0542c8799
2022-10-20 01:29:35,369 [IPC Server handler 7 on default port 46513] INFO  node.SCMNodeManager (SCMNodeManager.java:register(397)) - Registered Data node : 617aebcb-94d5-4f34-9c47-e0c0542c8799{ip: 10.1.0.77, host: fv-az625-379.nkjb25ot11ku3fnowzullr2doh.gx.internal.cloudapp.net, ports: [REPLICATION=37059, RATIS=43495, RATIS_ADMIN=43495, RATIS_SERVER=43495, STANDALONE=33559], networkLocation: /default-rack, certSerialId: null, persistedOpState: null, persistedOpStateExpiryEpochSec: 0}
2022-10-20 01:29:35,369 [EventQueue-NewNodeForNewNodeHandler] INFO  pipeline.BackgroundPipelineCreator (BackgroundPipelineCreator.java:notifyEventTriggered(276)) - trigger a one-shot run on RatisPipelineUtilsThread.
2022-10-20 01:29:35,370 [RatisPipelineUtilsThread - 0] INFO  pipeline.RatisPipelineProvider (RatisPipelineProvider.java:lambda$create$0(195)) - Sending CreatePipelineCommand for pipeline:PipelineID=ff6a48ea-12fe-4b05-9898-c3d786a4cb55 to datanode:617aebcb-94d5-4f34-9c47-e0c0542c8799
2022-10-20 01:29:35,371 [RatisPipelineUtilsThread - 0] INFO  pipeline.PipelineStateManagerImpl (PipelineStateManagerImpl.java:addPipeline(103)) - Created pipeline Pipeline[ Id: ff6a48ea-12fe-4b05-9898-c3d786a4cb55, Nodes: 617aebcb-94d5-4f34-9c47-e0c0542c8799{ip: 10.1.0.77, host: fv-az625-379.nkjb25ot11ku3fnowzullr2doh.gx.internal.cloudapp.net, ports: [REPLICATION=37059, RATIS=43495, RATIS_ADMIN=43495, RATIS_SERVER=43495, STANDALONE=33559], networkLocation: /default-rack, certSerialId: null, persistedOpState: IN_SERVICE, persistedOpStateExpiryEpochSec: 0}, ReplicationConfig: RATIS/ONE, State:ALLOCATED, leaderId:, CreationTimestamp2022-10-20T01:29:35.370Z[Etc/UTC]].
2022-10-20 01:29:35,371 [RatisPipelineUtilsThread - 0] INFO  pipeline.RatisPipelineProvider (RatisPipelineProvider.java:lambda$create$0(195)) - Sending CreatePipelineCommand for pipeline:PipelineID=6cb68019-81ec-4029-9395-9ae1e5a711c7 to datanode:617aebcb-94d5-4f34-9c47-e0c0542c8799
2022-10-20 01:29:35,371 [RatisPipelineUtilsThread - 0] INFO  pipeline.RatisPipelineProvider (RatisPipelineProvider.java:lambda$create$0(195)) - Sending CreatePipelineCommand for pipeline:PipelineID=6cb68019-81ec-4029-9395-9ae1e5a711c7 to datanode:a2b9a5b5-e126-445d-90e8-946fc00ddc43
2022-10-20 01:29:35,371 [RatisPipelineUtilsThread - 0] INFO  pipeline.RatisPipelineProvider (RatisPipelineProvider.java:lambda$create$0(195)) - Sending CreatePipelineCommand for pipeline:PipelineID=6cb68019-81ec-4029-9395-9ae1e5a711c7 to datanode:f5cc69e3-4def-49b3-97e4-fc35696e58fc
2022-10-20 01:29:35,372 [RatisPipelineUtilsThread - 0] INFO  pipeline.PipelineStateManagerImpl (PipelineStateManagerImpl.java:addPipeline(103)) - Created pipeline Pipeline[ Id: 6cb68019-81ec-4029-9395-9ae1e5a711c7, Nodes: 617aebcb-94d5-4f34-9c47-e0c0542c8799{ip: 10.1.0.77, host: fv-az625-379.nkjb25ot11ku3fnowzullr2doh.gx.internal.cloudapp.net, ports: [REPLICATION=37059, RATIS=43495, RATIS_ADMIN=43495, RATIS_SERVER=43495, STANDALONE=33559], networkLocation: /default-rack, certSerialId: null, persistedOpState: IN_SERVICE, persistedOpStateExpiryEpochSec: 0}a2b9a5b5-e126-445d-90e8-946fc00ddc43{ip: 10.1.0.77, host: fv-az625-379.nkjb25ot11ku3fnowzullr2doh.gx.internal.cloudapp.net, ports: [REPLICATION=42747, RATIS=45297, RATIS_ADMIN=45297, RATIS_SERVER=45297, STANDALONE=46421], networkLocation: /default-rack, certSerialId: null, persistedOpState: IN_SERVICE, persistedOpStateExpiryEpochSec: 0}f5cc69e3-4def-49b3-97e4-fc35696e58fc{ip: 10.1.0.77, host: fv-az625-379.nkjb25ot11ku3fnowzullr2doh.gx.internal.cloudapp.net, ports: [REPLICATION=45057, RATIS=36367, RATIS_ADMIN=36367, RATIS_SERVER=36367, STANDALONE=42709], networkLocation: /default-rack, certSerialId: null, persistedOpState: IN_SERVICE, persistedOpStateExpiryEpochSec: 0}, ReplicationConfig: RATIS/THREE, State:ALLOCATED, leaderId:, CreationTimestamp2022-10-20T01:29:35.371Z[Etc/UTC]].
2022-10-20 01:29:35,373 [RatisPipelineUtilsThread - 0] INFO  pipeline.RatisPipelineProvider (RatisPipelineProvider.java:lambda$create$0(195)) - Sending CreatePipelineCommand for pipeline:PipelineID=fd52c53e-a8b4-47ae-9280-74dc051e88e8 to datanode:617aebcb-94d5-4f34-9c47-e0c0542c8799
2022-10-20 01:29:35,373 [RatisPipelineUtilsThread - 0] INFO  pipeline.RatisPipelineProvider (RatisPipelineProvider.java:lambda$create$0(195)) - Sending CreatePipelineCommand for pipeline:PipelineID=fd52c53e-a8b4-47ae-9280-74dc051e88e8 to datanode:a2b9a5b5-e126-445d-90e8-946fc00ddc43
2022-10-20 01:29:35,373 [RatisPipelineUtilsThread - 0] INFO  pipeline.RatisPipelineProvider (RatisPipelineProvider.java:lambda$create$0(195)) - Sending CreatePipelineCommand for pipeline:PipelineID=fd52c53e-a8b4-47ae-9280-74dc051e88e8 to datanode:f5cc69e3-4def-49b3-97e4-fc35696e58fc
2022-10-20 01:29:35,374 [RatisPipelineUtilsThread - 0] INFO  pipeline.PipelineStateManagerImpl (PipelineStateManagerImpl.java:addPipeline(103)) - Created pipeline Pipeline[ Id: fd52c53e-a8b4-47ae-9280-74dc051e88e8, Nodes: 617aebcb-94d5-4f34-9c47-e0c0542c8799{ip: 10.1.0.77, host: fv-az625-379.nkjb25ot11ku3fnowzullr2doh.gx.internal.cloudapp.net, ports: [REPLICATION=37059, RATIS=43495, RATIS_ADMIN=43495, RATIS_SERVER=43495, STANDALONE=33559], networkLocation: /default-rack, certSerialId: null, persistedOpState: IN_SERVICE, persistedOpStateExpiryEpochSec: 0}a2b9a5b5-e126-445d-90e8-946fc00ddc43{ip: 10.1.0.77, host: fv-az625-379.nkjb25ot11ku3fnowzullr2doh.gx.internal.cloudapp.net, ports: [REPLICATION=42747, RATIS=45297, RATIS_ADMIN=45297, RATIS_SERVER=45297, STANDALONE=46421], networkLocation: /default-rack, certSerialId: null, persistedOpState: IN_SERVICE, persistedOpStateExpiryEpochSec: 0}f5cc69e3-4def-49b3-97e4-fc35696e58fc{ip: 10.1.0.77, host: fv-az625-379.nkjb25ot11ku3fnowzullr2doh.gx.internal.cloudapp.net, ports: [REPLICATION=45057, RATIS=36367, RATIS_ADMIN=36367, RATIS_SERVER=36367, STANDALONE=42709], networkLocation: /default-rack, certSerialId: null, persistedOpState: IN_SERVICE, persistedOpStateExpiryEpochSec: 0}, ReplicationConfig: RATIS/THREE, State:ALLOCATED, leaderId:, CreationTimestamp2022-10-20T01:29:35.373Z[Etc/UTC]].
2022-10-20 01:29:35,374 [RatisPipelineUtilsThread - 0] INFO  pipeline.PipelineManagerImpl (PipelineManagerImpl.java:recordMetricsForPipeline(826)) - Pipeline: PipelineID=fd52c53e-a8b4-47ae-9280-74dc051e88e8 contains same datanodes as previous pipelines: PipelineID=6cb68019-81ec-4029-9395-9ae1e5a711c7 nodeIds: 617aebcb-94d5-4f34-9c47-e0c0542c8799, a2b9a5b5-e126-445d-90e8-946fc00ddc43, f5cc69e3-4def-49b3-97e4-fc35696e58fc
2022-10-20 01:29:35,518 [Command processor thread] INFO  server.RaftServer (RaftServerProxy.java:addNew(96)) - 5133b65f-dd1c-47c0-816b-09498efa4e03: addNew group-D7293B15BB3D:[5133b65f-dd1c-47c0-816b-09498efa4e03|rpc:10.1.0.77:43535|priority:1|startupRole:FOLLOWER] returns group-D7293B15BB3D:java.util.concurrent.CompletableFuture@67ad23ed[Not completed]
2022-10-20 01:29:35,530 [pool-72-thread-1] INFO  server.RaftServer$Division (RaftServerImpl.java:<init>(195)) - 5133b65f-dd1c-47c0-816b-09498efa4e03: new RaftServerImpl for group-D7293B15BB3D:[5133b65f-dd1c-47c0-816b-09498efa4e03|rpc:10.1.0.77:43535|priority:1|startupRole:FOLLOWER] with ContainerStateMachine:uninitialized
2022-10-20 01:29:35,530 [pool-72-thread-1] INFO  server.RaftServerConfigKeys (ConfUtils.java:logGet(46)) - raft.server.rpc.timeout.min = 5s (custom)
2022-10-20 01:29:35,530 [pool-72-thread-1] INFO  server.RaftServerConfigKeys (ConfUtils.java:logGet(46)) - raft.server.rpc.timeout.max = 5200ms (custom)
2022-10-20 01:29:35,531 [pool-72-thread-1] INFO  server.RaftServerConfigKeys (ConfUtils.java:logGet(46)) - raft.server.rpc.sleep.time = 25ms (default)
2022-10-20 01:29:35,531 [pool-72-thread-1] INFO  server.RaftServerConfigKeys (ConfUtils.java:logGet(46)) - raft.server.rpc.slowness.timeout = 300s (custom)
2022-10-20 01:29:35,531 [pool-72-thread-1] INFO  server.RaftServerConfigKeys (ConfUtils.java:logGet(46)) - raft.server.leaderelection.leader.step-down.wait-time = 10s (default)
2022-10-20 01:29:35,531 [pool-72-thread-1] INFO  server.RaftServerConfigKeys (ConfUtils.java:logGet(46)) - raft.server.sleep.deviation.threshold = 300ms (default)
2022-10-20 01:29:35,531 [pool-72-thread-1] INFO  server.RaftServer$Division (ServerState.java:<init>(118)) - 5133b65f-dd1c-47c0-816b-09498efa4e03@group-D7293B15BB3D: ConfigurationManager, init=-1: peers:[5133b65f-dd1c-47c0-816b-09498efa4e03|rpc:10.1.0.77:43535|priority:1|startupRole:FOLLOWER]|listeners:[], old=null, confs=<EMPTY_MAP>
2022-10-20 01:29:35,531 [pool-72-thread-1] INFO  server.RaftServerConfigKeys (ConfUtils.java:logGet(46)) - raft.server.storage.dir = [/home/runner/work/ozone/ozone/hadoop-ozone/integration-test/target/test-dir/MiniOzoneClusterImpl-1c2b738d-be74-4a40-b887-8630efe04021/datanode-0/data/ratis] (custom)
2022-10-20 01:29:35,531 [pool-72-thread-1] INFO  server.RaftServerConfigKeys (ConfUtils.java:logGet(46)) - raft.server.log.corruption.policy = EXCEPTION (default)
2022-10-20 01:29:35,531 [pool-72-thread-1] INFO  server.RaftServerConfigKeys (ConfUtils.java:logGet(46)) - raft.server.storage.free-space.min = 0MB (=0) (default)
2022-10-20 01:29:35,531 [pool-72-thread-1] INFO  server.RaftServerConfigKeys (ConfUtils.java:logGet(46)) - raft.server.notification.no-leader.timeout = 300s (custom)
2022-10-20 01:29:35,531 [pool-72-thread-1] INFO  server.RaftServerConfigKeys (ConfUtils.java:logGet(46)) - raft.server.retrycache.expirytime = 600000ms (custom)
2022-10-20 01:29:35,531 [pool-72-thread-1] INFO  server.RaftServerConfigKeys (ConfUtils.java:logGet(46)) - raft.server.retrycache.statistics.expirytime = 100μs (default)
2022-10-20 01:29:35,535 [pool-72-thread-1] INFO  server.RaftServerConfigKeys (ConfUtils.java:logGet(46)) - raft.server.log.appender.install.snapshot.enabled = false (custom)
2022-10-20 01:29:35,535 [pool-72-thread-1] INFO  server.RaftServerConfigKeys (ConfUtils.java:logGet(46)) - raft.server.threadpool.server.cached = true (default)
2022-10-20 01:29:35,535 [pool-72-thread-1] INFO  server.RaftServerConfigKeys (ConfUtils.java:logGet(46)) - raft.server.threadpool.server.size = 0 (default)
2022-10-20 01:29:35,535 [pool-72-thread-1] INFO  server.RaftServerConfigKeys (ConfUtils.java:logGet(46)) - raft.server.threadpool.client.cached = true (default)
2022-10-20 01:29:35,535 [pool-72-thread-1] INFO  server.RaftServerConfigKeys (ConfUtils.java:logGet(46)) - raft.server.threadpool.client.size = 0 (default)
2022-10-20 01:29:35,535 [pool-72-thread-1] INFO  storage.RaftStorageDirectory (RaftStorageDirectoryImpl.java:analyzeStorage(137)) - The storage directory /home/runner/work/ozone/ozone/hadoop-ozone/integration-test/target/test-dir/MiniOzoneClusterImpl-1c2b738d-be74-4a40-b887-8630efe04021/datanode-0/data/ratis/a70ab2fc-d3cf-4a18-928c-d7293b15bb3d does not exist. Creating ...
2022-10-20 01:29:35,536 [pool-72-thread-1] INFO  storage.RaftStorageDirectory (RaftStorageDirectoryImpl.java:tryLock(231)) - Lock on /home/runner/work/ozone/ozone/hadoop-ozone/integration-test/target/test-dir/MiniOzoneClusterImpl-1c2b738d-be74-4a40-b887-8630efe04021/datanode-0/data/ratis/a70ab2fc-d3cf-4a18-928c-d7293b15bb3d/in_use.lock acquired by nodename 55363@fv-az625-379
2022-10-20 01:29:35,537 [pool-72-thread-1] INFO  storage.RaftStorage (RaftStorageImpl.java:format(96)) - Storage directory /home/runner/work/ozone/ozone/hadoop-ozone/integration-test/target/test-dir/MiniOzoneClusterImpl-1c2b738d-be74-4a40-b887-8630efe04021/datanode-0/data/ratis/a70ab2fc-d3cf-4a18-928c-d7293b15bb3d has been successfully formatted.
2022-10-20 01:29:35,541 [pool-72-thread-1] INFO  ratis.ContainerStateMachine (ContainerStateMachine.java:loadSnapshot(236)) - group-D7293B15BB3D: The snapshot info is null. Setting the last applied indexto:(t:0, i:~)
2022-10-20 01:29:35,541 [pool-72-thread-1] INFO  server.RaftServerConfigKeys (ConfUtils.java:logGet(46)) - raft.server.log.use.memory = false (default)
2022-10-20 01:29:35,541 [pool-72-thread-1] INFO  server.RaftServerConfigKeys (ConfUtils.java:logGet(46)) - raft.server.log.purge.gap = 1000000 (custom)
2022-10-20 01:29:35,541 [pool-72-thread-1] INFO  server.RaftServerConfigKeys (ConfUtils.java:logGet(46)) - raft.server.log.appender.buffer.byte-limit = 33554432 (custom)
2022-10-20 01:29:35,542 [pool-72-thread-1] INFO  server.RaftServerConfigKeys (ConfUtils.java:logGet(46)) - raft.server.log.statemachine.data.read.timeout = 1000ms (default)
2022-10-20 01:29:35,542 [pool-72-thread-1] INFO  server.RaftServerConfigKeys (ConfUtils.java:logGet(46)) - raft.server.log.purge.preservation.log.num = 0 (default)
2022-10-20 01:29:35,542 [pool-72-thread-1] INFO  server.RaftServerConfigKeys (ConfUtils.java:logGet(46)) - raft.server.log.segment.size.max = 1048576 (custom)
2022-10-20 01:29:35,543 [EventQueue-PipelineReportForPipelineReportHandler] INFO  pipeline.PipelineManagerImpl (PipelineManagerImpl.java:openPipeline(367)) - Pipeline Pipeline[ Id: a70ab2fc-d3cf-4a18-928c-d7293b15bb3d, Nodes: 5133b65f-dd1c-47c0-816b-09498efa4e03{ip: 10.1.0.77, host: fv-az625-379.nkjb25ot11ku3fnowzullr2doh.gx.internal.cloudapp.net, ports: [REPLICATION=36383, RATIS=43535, RATIS_ADMIN=43535, RATIS_SERVER=43535, STANDALONE=44363], networkLocation: /default-rack, certSerialId: null, persistedOpState: IN_SERVICE, persistedOpStateExpiryEpochSec: 0}, ReplicationConfig: RATIS/ONE, State:ALLOCATED, leaderId:5133b65f-dd1c-47c0-816b-09498efa4e03, CreationTimestamp2022-10-20T01:29:32.529Z[Etc/UTC]] moved to OPEN state
2022-10-20 01:29:35,545 [EventQueue-OpenPipelineForHealthyPipelineSafeModeRule] INFO  safemode.SCMSafeModeManager (HealthyPipelineSafeModeRule.java:process(137)) - SCM in safe mode. Healthy pipelines reported count is 0, required healthy pipeline reported count is 1
2022-10-20 01:29:35,545 [pool-72-thread-1] INFO  server.RaftServerConfigKeys (ConfUtils.java:logGet(46)) - raft.server.log.segment.cache.num.max = 2 (custom)
2022-10-20 01:29:35,546 [pool-72-thread-1] INFO  server.RaftServerConfigKeys (ConfUtils.java:logGet(46)) - raft.server.log.segment.cache.size.max = 200MB (=209715200) (default)
2022-10-20 01:29:35,546 [pool-72-thread-1] INFO  segmented.SegmentedRaftLogWorker (SegmentedRaftLogWorker.java:<init>(191)) - new 5133b65f-dd1c-47c0-816b-09498efa4e03@group-D7293B15BB3D-SegmentedRaftLogWorker for RaftStorageImpl:Storage Directory /home/runner/work/ozone/ozone/hadoop-ozone/integration-test/target/test-dir/MiniOzoneClusterImpl-1c2b738d-be74-4a40-b887-8630efe04021/datanode-0/data/ratis/a70ab2fc-d3cf-4a18-928c-d7293b15bb3d
2022-10-20 01:29:35,546 [pool-72-thread-1] INFO  server.RaftServerConfigKeys (ConfUtils.java:logGet(46)) - raft.server.log.queue.byte-limit = 4294967296 (custom)
2022-10-20 01:29:35,546 [pool-72-thread-1] INFO  server.RaftServerConfigKeys (ConfUtils.java:logGet(46)) - raft.server.log.queue.element-limit = 1024 (custom)
2022-10-20 01:29:35,549 [pool-72-thread-1] INFO  server.RaftServerConfigKeys (ConfUtils.java:logGet(46)) - raft.server.log.segment.size.max = 1048576 (custom)
2022-10-20 01:29:35,549 [pool-72-thread-1] INFO  server.RaftServerConfigKeys (ConfUtils.java:logGet(46)) - raft.server.log.preallocated.size = 16384 (custom)
2022-10-20 01:29:35,549 [pool-72-thread-1] INFO  server.RaftServerConfigKeys (ConfUtils.java:logGet(46)) - raft.server.log.force.sync.num = 128 (default)
2022-10-20 01:29:35,549 [pool-72-thread-1] INFO  server.RaftServerConfigKeys (ConfUtils.java:logGet(46)) - raft.server.log.statemachine.data.sync = true (default)
2022-10-20 01:29:35,550 [pool-72-thread-1] INFO  server.RaftServerConfigKeys (ConfUtils.java:logGet(46)) - raft.server.log.statemachine.data.sync.timeout = 10s (default)
2022-10-20 01:29:35,550 [pool-72-thread-1] INFO  server.RaftServerConfigKeys (ConfUtils.java:logGet(46)) - raft.server.log.statemachine.data.sync.timeout.retry = -1 (default)
2022-10-20 01:29:35,553 [pool-72-thread-1] INFO  server.RaftServerConfigKeys (ConfUtils.java:logGet(46)) - raft.server.log.write.buffer.size = 1048576 (custom)
2022-10-20 01:29:35,554 [pool-72-thread-1] INFO  server.RaftServerConfigKeys (ConfUtils.java:logGet(46)) - raft.server.log.unsafe-flush.enabled = false (default)
2022-10-20 01:29:35,554 [pool-72-thread-1] INFO  server.RaftServerConfigKeys (ConfUtils.java:logGet(46)) - raft.server.log.async-flush.enabled = false (default)
2022-10-20 01:29:35,554 [pool-72-thread-1] INFO  server.RaftServerConfigKeys (ConfUtils.java:logGet(46)) - raft.server.log.statemachine.data.caching.enabled = true (custom)
2022-10-20 01:29:35,554 [pool-72-thread-1] INFO  segmented.SegmentedRaftLogWorker (SegmentedRaftLogWorker.java:lambda$new$0(136)) - 5133b65f-dd1c-47c0-816b-09498efa4e03@group-D7293B15BB3D-SegmentedRaftLogWorker: flushIndex: setUnconditionally 0 -> -1
2022-10-20 01:29:35,554 [pool-72-thread-1] INFO  segmented.SegmentedRaftLogWorker (SegmentedRaftLogWorker.java:lambda$new$0(136)) - 5133b65f-dd1c-47c0-816b-09498efa4e03@group-D7293B15BB3D-SegmentedRaftLogWorker: safeCacheEvictIndex: setUnconditionally 0 -> -1
2022-10-20 01:29:35,555 [pool-72-thread-1] INFO  server.RaftServer$Division (RaftServerImpl.java:start(334)) - 5133b65f-dd1c-47c0-816b-09498efa4e03@group-D7293B15BB3D: start as a follower, conf=-1: peers:[5133b65f-dd1c-47c0-816b-09498efa4e03|rpc:10.1.0.77:43535|priority:1|startupRole:FOLLOWER]|listeners:[], old=null
2022-10-20 01:29:35,555 [pool-72-thread-1] INFO  server.RaftServer$Division (RaftServerImpl.java:setRole(321)) - 5133b65f-dd1c-47c0-816b-09498efa4e03@group-D7293B15BB3D: changes role from      null to FOLLOWER at term 0 for startAsFollower
2022-10-20 01:29:35,555 [pool-72-thread-1] INFO  impl.RoleInfo (RoleInfo.java:updateAndGet(139)) - 5133b65f-dd1c-47c0-816b-09498efa4e03: start 5133b65f-dd1c-47c0-816b-09498efa4e03@group-D7293B15BB3D-FollowerState
2022-10-20 01:29:35,561 [pool-72-thread-1] INFO  util.JmxRegister (JmxRegister.java:tryRegister(44)) - Successfully registered JMX Bean with object name Ratis:service=RaftServer,group=group-D7293B15BB3D,id=5133b65f-dd1c-47c0-816b-09498efa4e03
2022-10-20 01:29:35,562 [pool-72-thread-1] INFO  server.RaftServerConfigKeys (ConfUtils.java:logGet(46)) - raft.server.snapshot.auto.trigger.enabled = true (custom)
2022-10-20 01:29:35,562 [pool-72-thread-1] INFO  server.RaftServerConfigKeys (ConfUtils.java:logGet(46)) - raft.server.snapshot.auto.trigger.threshold = 10000 (custom)
2022-10-20 01:29:35,562 [pool-72-thread-1] INFO  server.RaftServerConfigKeys (ConfUtils.java:logGet(46)) - raft.server.snapshot.retention.file.num = 5 (custom)
2022-10-20 01:29:35,562 [pool-72-thread-1] INFO  server.RaftServerConfigKeys (ConfUtils.java:logGet(46)) - raft.server.log.purge.upto.snapshot.index = false (default)
2022-10-20 01:29:35,573 [Command processor thread] INFO  ratis.XceiverServerRatis (XceiverServerRatis.java:addGroup(765)) - Created group PipelineID=a70ab2fc-d3cf-4a18-928c-d7293b15bb3d
2022-10-20 01:29:35,574 [5133b65f-dd1c-47c0-816b-09498efa4e03@group-D7293B15BB3D-FollowerState] INFO  server.RaftServerConfigKeys (ConfUtils.java:logFallback(53)) - raft.server.rpc.first-election.timeout.min = 5s (fallback to raft.server.rpc.timeout.min)
2022-10-20 01:29:35,574 [5133b65f-dd1c-47c0-816b-09498efa4e03@group-D7293B15BB3D-FollowerState] INFO  server.RaftServerConfigKeys (ConfUtils.java:logFallback(53)) - raft.server.rpc.first-election.timeout.max = 5200ms (fallback to raft.server.rpc.timeout.max)
2022-10-20 01:29:35,574 [Command processor thread] INFO  commandhandler.CreatePipelineCommandHandler (CreatePipelineCommandHandler.java:handle(113)) - Created Pipeline RATIS ONE PipelineID=a70ab2fc-d3cf-4a18-928c-d7293b15bb3d.
2022-10-20 01:29:35,574 [Command processor thread] INFO  server.RaftServer (RaftServerProxy.java:addNew(96)) - 5133b65f-dd1c-47c0-816b-09498efa4e03: addNew group-D78ED3C809E8:[2f412ea8-0081-4ad7-b64d-031dd4a9d4b2|rpc:10.1.0.77:43519|priority:1|startupRole:FOLLOWER, 4eb19ff5-df5c-423c-bb98-7a77d12fda0f|rpc:10.1.0.77:39269|priority:0|startupRole:FOLLOWER, 5133b65f-dd1c-47c0-816b-09498efa4e03|rpc:10.1.0.77:43535|priority:0|startupRole:FOLLOWER] returns group-D78ED3C809E8:java.util.concurrent.CompletableFuture@46271b92[Not completed]
2022-10-20 01:29:35,580 [pool-72-thread-1] INFO  server.RaftServer$Division (RaftServerImpl.java:<init>(195)) - 5133b65f-dd1c-47c0-816b-09498efa4e03: new RaftServerImpl for group-D78ED3C809E8:[2f412ea8-0081-4ad7-b64d-031dd4a9d4b2|rpc:10.1.0.77:43519|priority:1|startupRole:FOLLOWER, 4eb19ff5-df5c-423c-bb98-7a77d12fda0f|rpc:10.1.0.77:39269|priority:0|startupRole:FOLLOWER, 5133b65f-dd1c-47c0-816b-09498efa4e03|rpc:10.1.0.77:43535|priority:0|startupRole:FOLLOWER] with ContainerStateMachine:uninitialized
2022-10-20 01:29:35,580 [pool-72-thread-1] INFO  server.RaftServerConfigKeys (ConfUtils.java:logGet(46)) - raft.server.rpc.timeout.min = 5s (custom)
2022-10-20 01:29:35,580 [pool-72-thread-1] INFO  server.RaftServerConfigKeys (ConfUtils.java:logGet(46)) - raft.server.rpc.timeout.max = 5200ms (custom)
2022-10-20 01:29:35,580 [pool-72-thread-1] INFO  server.RaftServerConfigKeys (ConfUtils.java:logGet(46)) - raft.server.rpc.sleep.time = 25ms (default)
2022-10-20 01:29:35,580 [pool-72-thread-1] INFO  server.RaftServerConfigKeys (ConfUtils.java:logGet(46)) - raft.server.rpc.slowness.timeout = 300s (custom)
2022-10-20 01:29:35,580 [pool-72-thread-1] INFO  server.RaftServerConfigKeys (ConfUtils.java:logGet(46)) - raft.server.leaderelection.leader.step-down.wait-time = 10s (default)
2022-10-20 01:29:35,580 [pool-72-thread-1] INFO  server.RaftServerConfigKeys (ConfUtils.java:logGet(46)) - raft.server.sleep.deviation.threshold = 300ms (default)
2022-10-20 01:29:35,580 [pool-72-thread-1] INFO  server.RaftServer$Division (ServerState.java:<init>(118)) - 5133b65f-dd1c-47c0-816b-09498efa4e03@group-D78ED3C809E8: ConfigurationManager, init=-1: peers:[2f412ea8-0081-4ad7-b64d-031dd4a9d4b2|rpc:10.1.0.77:43519|priority:1|startupRole:FOLLOWER, 4eb19ff5-df5c-423c-bb98-7a77d12fda0f|rpc:10.1.0.77:39269|priority:0|startupRole:FOLLOWER, 5133b65f-dd1c-47c0-816b-09498efa4e03|rpc:10.1.0.77:43535|priority:0|startupRole:FOLLOWER]|listeners:[], old=null, confs=<EMPTY_MAP>
2022-10-20 01:29:35,581 [pool-72-thread-1] INFO  server.RaftServerConfigKeys (ConfUtils.java:logGet(46)) - raft.server.storage.dir = [/home/runner/work/ozone/ozone/hadoop-ozone/integration-test/target/test-dir/MiniOzoneClusterImpl-1c2b738d-be74-4a40-b887-8630efe04021/datanode-0/data/ratis] (custom)
2022-10-20 01:29:35,581 [pool-72-thread-1] INFO  server.RaftServerConfigKeys (ConfUtils.java:logGet(46)) - raft.server.log.corruption.policy = EXCEPTION (default)
2022-10-20 01:29:35,581 [pool-72-thread-1] INFO  server.RaftServerConfigKeys (ConfUtils.java:logGet(46)) - raft.server.storage.free-space.min = 0MB (=0) (default)
2022-10-20 01:29:35,581 [pool-72-thread-1] INFO  server.RaftServerConfigKeys (ConfUtils.java:logGet(46)) - raft.server.notification.no-leader.timeout = 300s (custom)
2022-10-20 01:29:35,581 [pool-72-thread-1] INFO  server.RaftServerConfigKeys (ConfUtils.java:logGet(46)) - raft.server.retrycache.expirytime = 600000ms (custom)
2022-10-20 01:29:35,581 [pool-72-thread-1] INFO  server.RaftServerConfigKeys (ConfUtils.java:logGet(46)) - raft.server.retrycache.statistics.expirytime = 100μs (default)
2022-10-20 01:29:35,583 [pool-72-thread-1] INFO  server.RaftServerConfigKeys (ConfUtils.java:logGet(46)) - raft.server.log.appender.install.snapshot.enabled = false (custom)
2022-10-20 01:29:35,583 [pool-72-thread-1] INFO  server.RaftServerConfigKeys (ConfUtils.java:logGet(46)) - raft.server.threadpool.server.cached = true (default)
2022-10-20 01:29:35,583 [pool-72-thread-1] INFO  server.RaftServerConfigKeys (ConfUtils.java:logGet(46)) - raft.server.threadpool.server.size = 0 (default)
2022-10-20 01:29:35,583 [pool-72-thread-1] INFO  server.RaftServerConfigKeys (ConfUtils.java:logGet(46)) - raft.server.threadpool.client.cached = true (default)
2022-10-20 01:29:35,583 [pool-72-thread-1] INFO  server.RaftServerConfigKeys (ConfUtils.java:logGet(46)) - raft.server.threadpool.client.size = 0 (default)
2022-10-20 01:29:35,583 [pool-72-thread-1] INFO  storage.RaftStorageDirectory (RaftStorageDirectoryImpl.java:analyzeStorage(137)) - The storage directory /home/runner/work/ozone/ozone/hadoop-ozone/integration-test/target/test-dir/MiniOzoneClusterImpl-1c2b738d-be74-4a40-b887-8630efe04021/datanode-0/data/ratis/9677b235-3a42-4d48-be78-d78ed3c809e8 does not exist. Creating ...
2022-10-20 01:29:35,587 [pool-72-thread-1] INFO  storage.RaftStorageDirectory (RaftStorageDirectoryImpl.java:tryLock(231)) - Lock on /home/runner/work/ozone/ozone/hadoop-ozone/integration-test/target/test-dir/MiniOzoneClusterImpl-1c2b738d-be74-4a40-b887-8630efe04021/datanode-0/data/ratis/9677b235-3a42-4d48-be78-d78ed3c809e8/in_use.lock acquired by nodename 55363@fv-az625-379
2022-10-20 01:29:35,588 [pool-72-thread-1] INFO  storage.RaftStorage (RaftStorageImpl.java:format(96)) - Storage directory /home/runner/work/ozone/ozone/hadoop-ozone/integration-test/target/test-dir/MiniOzoneClusterImpl-1c2b738d-be74-4a40-b887-8630efe04021/datanode-0/data/ratis/9677b235-3a42-4d48-be78-d78ed3c809e8 has been successfully formatted.
2022-10-20 01:29:35,588 [pool-72-thread-1] INFO  ratis.ContainerStateMachine (ContainerStateMachine.java:loadSnapshot(236)) - group-D78ED3C809E8: The snapshot info is null. Setting the last applied indexto:(t:0, i:~)
2022-10-20 01:29:35,588 [pool-72-thread-1] INFO  server.RaftServerConfigKeys (ConfUtils.java:logGet(46)) - raft.server.log.use.memory = false (default)
2022-10-20 01:29:35,588 [pool-72-thread-1] INFO  server.RaftServerConfigKeys (ConfUtils.java:logGet(46)) - raft.server.log.purge.gap = 1000000 (custom)
2022-10-20 01:29:35,588 [pool-72-thread-1] INFO  server.RaftServerConfigKeys (ConfUtils.java:logGet(46)) - raft.server.log.appender.buffer.byte-limit = 33554432 (custom)
2022-10-20 01:29:35,588 [pool-72-thread-1] INFO  server.RaftServerConfigKeys (ConfUtils.java:logGet(46)) - raft.server.log.statemachine.data.read.timeout = 1000ms (default)
2022-10-20 01:29:35,589 [pool-72-thread-1] INFO  server.RaftServerConfigKeys (ConfUtils.java:logGet(46)) - raft.server.log.purge.preservation.log.num = 0 (default)
2022-10-20 01:29:35,590 [pool-72-thread-1] INFO  server.RaftServerConfigKeys (ConfUtils.java:logGet(46)) - raft.server.log.segment.size.max = 1048576 (custom)
2022-10-20 01:29:35,590 [EventQueue-OpenPipelineForHealthyPipelineSafeModeRule] INFO  safemode.SCMSafeModeManager (HealthyPipelineSafeModeRule.java:process(137)) - SCM in safe mode. Healthy pipelines reported count is 0, required healthy pipeline reported count is 1
2022-10-20 01:29:35,595 [pool-72-thread-1] INFO  server.RaftServerConfigKeys (ConfUtils.java:logGet(46)) - raft.server.log.segment.cache.num.max = 2 (custom)
2022-10-20 01:29:35,595 [pool-72-thread-1] INFO  server.RaftServerConfigKeys (ConfUtils.java:logGet(46)) - raft.server.log.segment.cache.size.max = 200MB (=209715200) (default)
2022-10-20 01:29:35,596 [pool-72-thread-1] INFO  segmented.SegmentedRaftLogWorker (SegmentedRaftLogWorker.java:<init>(191)) - new 5133b65f-dd1c-47c0-816b-09498efa4e03@group-D78ED3C809E8-SegmentedRaftLogWorker for RaftStorageImpl:Storage Directory /home/runner/work/ozone/ozone/hadoop-ozone/integration-test/target/test-dir/MiniOzoneClusterImpl-1c2b738d-be74-4a40-b887-8630efe04021/datanode-0/data/ratis/9677b235-3a42-4d48-be78-d78ed3c809e8
2022-10-20 01:29:35,596 [pool-72-thread-1] INFO  server.RaftServerConfigKeys (ConfUtils.java:logGet(46)) - raft.server.log.queue.byte-limit = 4294967296 (custom)
2022-10-20 01:29:35,596 [pool-72-thread-1] INFO  server.RaftServerConfigKeys (ConfUtils.java:logGet(46)) - raft.server.log.queue.element-limit = 1024 (custom)
2022-10-20 01:29:35,596 [pool-72-thread-1] INFO  server.RaftServerConfigKeys (ConfUtils.java:logGet(46)) - raft.server.log.segment.size.max = 1048576 (custom)
2022-10-20 01:29:35,596 [pool-72-thread-1] INFO  server.RaftServerConfigKeys (ConfUtils.java:logGet(46)) - raft.server.log.preallocated.size = 16384 (custom)
2022-10-20 01:29:35,596 [pool-72-thread-1] INFO  server.RaftServerConfigKeys (ConfUtils.java:logGet(46)) - raft.server.log.force.sync.num = 128 (default)
2022-10-20 01:29:35,596 [pool-72-thread-1] INFO  server.RaftServerConfigKeys (ConfUtils.java:logGet(46)) - raft.server.log.statemachine.data.sync = true (default)
2022-10-20 01:29:35,596 [pool-72-thread-1] INFO  server.RaftServerConfigKeys (ConfUtils.java:logGet(46)) - raft.server.log.statemachine.data.sync.timeout = 10s (default)
2022-10-20 01:29:35,596 [pool-72-thread-1] INFO  server.RaftServerConfigKeys (ConfUtils.java:logGet(46)) - raft.server.log.statemachine.data.sync.timeout.retry = -1 (default)
2022-10-20 01:29:35,598 [pool-72-thread-1] INFO  server.RaftServerConfigKeys (ConfUtils.java:logGet(46)) - raft.server.log.write.buffer.size = 1048576 (custom)
2022-10-20 01:29:35,598 [pool-72-thread-1] INFO  server.RaftServerConfigKeys (ConfUtils.java:logGet(46)) - raft.server.log.unsafe-flush.enabled = false (default)
2022-10-20 01:29:35,598 [pool-72-thread-1] INFO  server.RaftServerConfigKeys (ConfUtils.java:logGet(46)) - raft.server.log.async-flush.enabled = false (default)
2022-10-20 01:29:35,598 [pool-72-thread-1] INFO  server.RaftServerConfigKeys (ConfUtils.java:logGet(46)) - raft.server.log.statemachine.data.caching.enabled = true (custom)
2022-10-20 01:29:35,598 [pool-72-thread-1] INFO  segmented.SegmentedRaftLogWorker (SegmentedRaftLogWorker.java:lambda$new$0(136)) - 5133b65f-dd1c-47c0-816b-09498efa4e03@group-D78ED3C809E8-SegmentedRaftLogWorker: flushIndex: setUnconditionally 0 -> -1
2022-10-20 01:29:35,598 [pool-72-thread-1] INFO  segmented.SegmentedRaftLogWorker (SegmentedRaftLogWorker.java:lambda$new$0(136)) - 5133b65f-dd1c-47c0-816b-09498efa4e03@group-D78ED3C809E8-SegmentedRaftLogWorker: safeCacheEvictIndex: setUnconditionally 0 -> -1
2022-10-20 01:29:35,604 [pool-72-thread-1] INFO  server.RaftServer$Division (RaftServerImpl.java:start(334)) - 5133b65f-dd1c-47c0-816b-09498efa4e03@group-D78ED3C809E8: start as a follower, conf=-1: peers:[2f412ea8-0081-4ad7-b64d-031dd4a9d4b2|rpc:10.1.0.77:43519|priority:1|startupRole:FOLLOWER, 4eb19ff5-df5c-423c-bb98-7a77d12fda0f|rpc:10.1.0.77:39269|priority:0|startupRole:FOLLOWER, 5133b65f-dd1c-47c0-816b-09498efa4e03|rpc:10.1.0.77:43535|priority:0|startupRole:FOLLOWER]|listeners:[], old=null
2022-10-20 01:29:35,604 [pool-72-thread-1] INFO  server.RaftServer$Division (RaftServerImpl.java:setRole(321)) - 5133b65f-dd1c-47c0-816b-09498efa4e03@group-D78ED3C809E8: changes role from      null to FOLLOWER at term 0 for startAsFollower
2022-10-20 01:29:35,604 [pool-72-thread-1] INFO  impl.RoleInfo (RoleInfo.java:updateAndGet(139)) - 5133b65f-dd1c-47c0-816b-09498efa4e03: start 5133b65f-dd1c-47c0-816b-09498efa4e03@group-D78ED3C809E8-FollowerState
2022-10-20 01:29:35,605 [pool-72-thread-1] INFO  util.JmxRegister (JmxRegister.java:tryRegister(44)) - Successfully registered JMX Bean with object name Ratis:service=RaftServer,group=group-D78ED3C809E8,id=5133b65f-dd1c-47c0-816b-09498efa4e03
2022-10-20 01:29:35,605 [pool-72-thread-1] INFO  server.RaftServerConfigKeys (ConfUtils.java:logGet(46)) - raft.server.snapshot.auto.trigger.enabled = true (custom)
2022-10-20 01:29:35,605 [pool-72-thread-1] INFO  server.RaftServerConfigKeys (ConfUtils.java:logGet(46)) - raft.server.snapshot.auto.trigger.threshold = 10000 (custom)
2022-10-20 01:29:35,605 [pool-72-thread-1] INFO  server.RaftServerConfigKeys (ConfUtils.java:logGet(46)) - raft.server.snapshot.retention.file.num = 5 (custom)
2022-10-20 01:29:35,605 [pool-72-thread-1] INFO  server.RaftServerConfigKeys (ConfUtils.java:logGet(46)) - raft.server.log.purge.upto.snapshot.index = false (default)
2022-10-20 01:29:35,609 [5133b65f-dd1c-47c0-816b-09498efa4e03@group-D78ED3C809E8-FollowerState] INFO  server.RaftServerConfigKeys (ConfUtils.java:logFallback(53)) - raft.server.rpc.first-election.timeout.min = 5s (fallback to raft.server.rpc.timeout.min)
2022-10-20 01:29:35,609 [5133b65f-dd1c-47c0-816b-09498efa4e03@group-D78ED3C809E8-FollowerState] INFO  server.RaftServerConfigKeys (ConfUtils.java:logFallback(53)) - raft.server.rpc.first-election.timeout.max = 5200ms (fallback to raft.server.rpc.timeout.max)
2022-10-20 01:29:35,609 [Command processor thread] INFO  ratis.XceiverServerRatis (XceiverServerRatis.java:addGroup(765)) - Created group PipelineID=9677b235-3a42-4d48-be78-d78ed3c809e8
2022-10-20 01:29:35,719 [Listener at 127.0.0.1/41123] INFO  ozone.MiniOzoneClusterImpl (MiniOzoneClusterImpl.java:lambda$waitForClusterToBeReady$0(216)) - Waiting for nodes to be ready. Got 9 of 10 DN Heartbeats.
2022-10-20 01:29:35,720 [Listener at 127.0.0.1/41123] INFO  ozone.MiniOzoneClusterImpl (MiniOzoneClusterImpl.java:lambda$waitForClusterToBeReady$0(219)) - Waiting for cluster to exit safe mode
2022-10-20 01:29:35,720 [Listener at 127.0.0.1/41123] INFO  ozone.MiniOzoneClusterImpl (MiniOzoneClusterImpl.java:lambda$waitForClusterToBeReady$0(221)) - SCM became leader
2022-10-20 01:29:35,738 [IPC Server handler 11 on default port 46513] INFO  net.NetworkTopologyImpl (NetworkTopologyImpl.java:add(112)) - Added a new node: /default-rack/068f63d0-ab19-47e7-872c-e50edf74daa4
2022-10-20 01:29:35,739 [IPC Server handler 11 on default port 46513] INFO  node.SCMNodeManager (SCMNodeManager.java:register(397)) - Registered Data node : 068f63d0-ab19-47e7-872c-e50edf74daa4{ip: 10.1.0.77, host: fv-az625-379.nkjb25ot11ku3fnowzullr2doh.gx.internal.cloudapp.net, ports: [REPLICATION=40041, RATIS=35259, RATIS_ADMIN=35259, RATIS_SERVER=35259, STANDALONE=34267], networkLocation: /default-rack, certSerialId: null, persistedOpState: null, persistedOpStateExpiryEpochSec: 0}
2022-10-20 01:29:35,739 [EventQueue-NewNodeForNewNodeHandler] INFO  pipeline.BackgroundPipelineCreator (BackgroundPipelineCreator.java:notifyEventTriggered(276)) - trigger a one-shot run on RatisPipelineUtilsThread.
2022-10-20 01:29:35,739 [RatisPipelineUtilsThread - 0] INFO  pipeline.RatisPipelineProvider (RatisPipelineProvider.java:lambda$create$0(195)) - Sending CreatePipelineCommand for pipeline:PipelineID=6531d8c6-d931-4381-853b-450afe3689fc to datanode:068f63d0-ab19-47e7-872c-e50edf74daa4
2022-10-20 01:29:35,740 [RatisPipelineUtilsThread - 0] INFO  pipeline.PipelineStateManagerImpl (PipelineStateManagerImpl.java:addPipeline(103)) - Created pipeline Pipeline[ Id: 6531d8c6-d931-4381-853b-450afe3689fc, Nodes: 068f63d0-ab19-47e7-872c-e50edf74daa4{ip: 10.1.0.77, host: fv-az625-379.nkjb25ot11ku3fnowzullr2doh.gx.internal.cloudapp.net, ports: [REPLICATION=40041, RATIS=35259, RATIS_ADMIN=35259, RATIS_SERVER=35259, STANDALONE=34267], networkLocation: /default-rack, certSerialId: null, persistedOpState: IN_SERVICE, persistedOpStateExpiryEpochSec: 0}, ReplicationConfig: RATIS/ONE, State:ALLOCATED, leaderId:, CreationTimestamp2022-10-20T01:29:35.739Z[Etc/UTC]].
2022-10-20 01:29:36,021 [grpc-default-executor-0] INFO  server.RaftServer (RaftServerProxy.java:addNew(96)) - 2f412ea8-0081-4ad7-b64d-031dd4a9d4b2: addNew group-D78ED3C809E8:[2f412ea8-0081-4ad7-b64d-031dd4a9d4b2|rpc:10.1.0.77:43519|dataStream:|priority:1|startupRole:FOLLOWER, 4eb19ff5-df5c-423c-bb98-7a77d12fda0f|rpc:10.1.0.77:39269|dataStream:|priority:0|startupRole:FOLLOWER, 5133b65f-dd1c-47c0-816b-09498efa4e03|rpc:10.1.0.77:43535|dataStream:|priority:0|startupRole:FOLLOWER] returns group-D78ED3C809E8:java.util.concurrent.CompletableFuture@2b5fc5df[Not completed]
2022-10-20 01:29:36,022 [pool-118-thread-1] INFO  server.RaftServer$Division (RaftServerImpl.java:<init>(195)) - 2f412ea8-0081-4ad7-b64d-031dd4a9d4b2: new RaftServerImpl for group-D78ED3C809E8:[2f412ea8-0081-4ad7-b64d-031dd4a9d4b2|rpc:10.1.0.77:43519|dataStream:|priority:1|startupRole:FOLLOWER, 4eb19ff5-df5c-423c-bb98-7a77d12fda0f|rpc:10.1.0.77:39269|dataStream:|priority:0|startupRole:FOLLOWER, 5133b65f-dd1c-47c0-816b-09498efa4e03|rpc:10.1.0.77:43535|dataStream:|priority:0|startupRole:FOLLOWER] with ContainerStateMachine:uninitialized
2022-10-20 01:29:36,023 [pool-118-thread-1] INFO  server.RaftServerConfigKeys (ConfUtils.java:logGet(46)) - raft.server.rpc.timeout.min = 5s (custom)
2022-10-20 01:29:36,023 [pool-118-thread-1] INFO  server.RaftServerConfigKeys (ConfUtils.java:logGet(46)) - raft.server.rpc.timeout.max = 5200ms (custom)
2022-10-20 01:29:36,023 [pool-118-thread-1] INFO  server.RaftServerConfigKeys (ConfUtils.java:logGet(46)) - raft.server.rpc.sleep.time = 25ms (default)
2022-10-20 01:29:36,023 [pool-118-thread-1] INFO  server.RaftServerConfigKeys (ConfUtils.java:logGet(46)) - raft.server.rpc.slowness.timeout = 300s (custom)
2022-10-20 01:29:36,023 [pool-118-thread-1] INFO  server.RaftServerConfigKeys (ConfUtils.java:logGet(46)) - raft.server.leaderelection.leader.step-down.wait-time = 10s (default)
2022-10-20 01:29:36,023 [pool-118-thread-1] INFO  server.RaftServerConfigKeys (ConfUtils.java:logGet(46)) - raft.server.sleep.deviation.threshold = 300ms (default)
2022-10-20 01:29:36,023 [pool-118-thread-1] INFO  server.RaftServer$Division (ServerState.java:<init>(118)) - 2f412ea8-0081-4ad7-b64d-031dd4a9d4b2@group-D78ED3C809E8: ConfigurationManager, init=-1: peers:[2f412ea8-0081-4ad7-b64d-031dd4a9d4b2|rpc:10.1.0.77:43519|dataStream:|priority:1|startupRole:FOLLOWER, 4eb19ff5-df5c-423c-bb98-7a77d12fda0f|rpc:10.1.0.77:39269|dataStream:|priority:0|startupRole:FOLLOWER, 5133b65f-dd1c-47c0-816b-09498efa4e03|rpc:10.1.0.77:43535|dataStream:|priority:0|startupRole:FOLLOWER]|listeners:[], old=null, confs=<EMPTY_MAP>
2022-10-20 01:29:36,023 [pool-118-thread-1] INFO  server.RaftServerConfigKeys (ConfUtils.java:logGet(46)) - raft.server.storage.dir = [/home/runner/work/ozone/ozone/hadoop-ozone/integration-test/target/test-dir/MiniOzoneClusterImpl-1c2b738d-be74-4a40-b887-8630efe04021/datanode-2/data/ratis] (custom)
2022-10-20 01:29:36,023 [pool-118-thread-1] INFO  server.RaftServerConfigKeys (ConfUtils.java:logGet(46)) - raft.server.log.corruption.policy = EXCEPTION (default)
2022-10-20 01:29:36,023 [pool-118-thread-1] INFO  server.RaftServerConfigKeys (ConfUtils.java:logGet(46)) - raft.server.storage.free-space.min = 0MB (=0) (default)
2022-10-20 01:29:36,023 [pool-118-thread-1] INFO  server.RaftServerConfigKeys (ConfUtils.java:logGet(46)) - raft.server.notification.no-leader.timeout = 300s (custom)
2022-10-20 01:29:36,023 [pool-118-thread-1] INFO  server.RaftServerConfigKeys (ConfUtils.java:logGet(46)) - raft.server.retrycache.expirytime = 600000ms (custom)
2022-10-20 01:29:36,024 [pool-118-thread-1] INFO  server.RaftServerConfigKeys (ConfUtils.java:logGet(46)) - raft.server.retrycache.statistics.expirytime = 100μs (default)
2022-10-20 01:29:36,027 [pool-118-thread-1] INFO  server.RaftServerConfigKeys (ConfUtils.java:logGet(46)) - raft.server.log.appender.install.snapshot.enabled = false (custom)
2022-10-20 01:29:36,027 [pool-118-thread-1] INFO  server.RaftServerConfigKeys (ConfUtils.java:logGet(46)) - raft.server.threadpool.server.cached = true (default)
2022-10-20 01:29:36,027 [pool-118-thread-1] INFO  server.RaftServerConfigKeys (ConfUtils.java:logGet(46)) - raft.server.threadpool.server.size = 0 (default)
2022-10-20 01:29:36,027 [pool-118-thread-1] INFO  server.RaftServerConfigKeys (ConfUtils.java:logGet(46)) - raft.server.threadpool.client.cached = true (default)
2022-10-20 01:29:36,027 [pool-118-thread-1] INFO  server.RaftServerConfigKeys (ConfUtils.java:logGet(46)) - raft.server.threadpool.client.size = 0 (default)
2022-10-20 01:29:36,027 [pool-118-thread-1] INFO  storage.RaftStorageDirectory (RaftStorageDirectoryImpl.java:analyzeStorage(137)) - The storage directory /home/runner/work/ozone/ozone/hadoop-ozone/integration-test/target/test-dir/MiniOzoneClusterImpl-1c2b738d-be74-4a40-b887-8630efe04021/datanode-2/data/ratis/9677b235-3a42-4d48-be78-d78ed3c809e8 does not exist. Creating ...
2022-10-20 01:29:36,028 [pool-118-thread-1] INFO  storage.RaftStorageDirectory (RaftStorageDirectoryImpl.java:tryLock(231)) - Lock on /home/runner/work/ozone/ozone/hadoop-ozone/integration-test/target/test-dir/MiniOzoneClusterImpl-1c2b738d-be74-4a40-b887-8630efe04021/datanode-2/data/ratis/9677b235-3a42-4d48-be78-d78ed3c809e8/in_use.lock acquired by nodename 55363@fv-az625-379
2022-10-20 01:29:36,029 [pool-118-thread-1] INFO  storage.RaftStorage (RaftStorageImpl.java:format(96)) - Storage directory /home/runner/work/ozone/ozone/hadoop-ozone/integration-test/target/test-dir/MiniOzoneClusterImpl-1c2b738d-be74-4a40-b887-8630efe04021/datanode-2/data/ratis/9677b235-3a42-4d48-be78-d78ed3c809e8 has been successfully formatted.
2022-10-20 01:29:36,029 [pool-118-thread-1] INFO  ratis.ContainerStateMachine (ContainerStateMachine.java:loadSnapshot(236)) - group-D78ED3C809E8: The snapshot info is null. Setting the last applied indexto:(t:0, i:~)
2022-10-20 01:29:36,032 [pool-118-thread-1] INFO  server.RaftServerConfigKeys (ConfUtils.java:logGet(46)) - raft.server.log.use.memory = false (default)
2022-10-20 01:29:36,032 [pool-118-thread-1] INFO  server.RaftServerConfigKeys (ConfUtils.java:logGet(46)) - raft.server.log.purge.gap = 1000000 (custom)
2022-10-20 01:29:36,032 [pool-118-thread-1] INFO  server.RaftServerConfigKeys (ConfUtils.java:logGet(46)) - raft.server.log.appender.buffer.byte-limit = 33554432 (custom)
2022-10-20 01:29:36,032 [pool-118-thread-1] INFO  server.RaftServerConfigKeys (ConfUtils.java:logGet(46)) - raft.server.log.statemachine.data.read.timeout = 1000ms (default)
2022-10-20 01:29:36,032 [pool-118-thread-1] INFO  server.RaftServerConfigKeys (ConfUtils.java:logGet(46)) - raft.server.log.purge.preservation.log.num = 0 (default)
2022-10-20 01:29:36,033 [pool-118-thread-1] INFO  server.RaftServerConfigKeys (ConfUtils.java:logGet(46)) - raft.server.log.segment.size.max = 1048576 (custom)
2022-10-20 01:29:36,034 [pool-118-thread-1] INFO  server.RaftServerConfigKeys (ConfUtils.java:logGet(46)) - raft.server.log.segment.cache.num.max = 2 (custom)
2022-10-20 01:29:36,034 [pool-118-thread-1] INFO  server.RaftServerConfigKeys (ConfUtils.java:logGet(46)) - raft.server.log.segment.cache.size.max = 200MB (=209715200) (default)
2022-10-20 01:29:36,034 [pool-118-thread-1] INFO  segmented.SegmentedRaftLogWorker (SegmentedRaftLogWorker.java:<init>(191)) - new 2f412ea8-0081-4ad7-b64d-031dd4a9d4b2@group-D78ED3C809E8-SegmentedRaftLogWorker for RaftStorageImpl:Storage Directory /home/runner/work/ozone/ozone/hadoop-ozone/integration-test/target/test-dir/MiniOzoneClusterImpl-1c2b738d-be74-4a40-b887-8630efe04021/datanode-2/data/ratis/9677b235-3a42-4d48-be78-d78ed3c809e8
2022-10-20 01:29:36,034 [pool-118-thread-1] INFO  server.RaftServerConfigKeys (ConfUtils.java:logGet(46)) - raft.server.log.queue.byte-limit = 4294967296 (custom)
2022-10-20 01:29:36,034 [pool-118-thread-1] INFO  server.RaftServerConfigKeys (ConfUtils.java:logGet(46)) - raft.server.log.queue.element-limit = 1024 (custom)
2022-10-20 01:29:36,034 [pool-118-thread-1] INFO  server.RaftServerConfigKeys (ConfUtils.java:logGet(46)) - raft.server.log.segment.size.max = 1048576 (custom)
2022-10-20 01:29:36,034 [pool-118-thread-1] INFO  server.RaftServerConfigKeys (ConfUtils.java:logGet(46)) - raft.server.log.preallocated.size = 16384 (custom)
2022-10-20 01:29:36,034 [pool-118-thread-1] INFO  server.RaftServerConfigKeys (ConfUtils.java:logGet(46)) - raft.server.log.force.sync.num = 128 (default)
2022-10-20 01:29:36,034 [pool-118-thread-1] INFO  server.RaftServerConfigKeys (ConfUtils.java:logGet(46)) - raft.server.log.statemachine.data.sync = true (default)
2022-10-20 01:29:36,034 [pool-118-thread-1] INFO  server.RaftServerConfigKeys (ConfUtils.java:logGet(46)) - raft.server.log.statemachine.data.sync.timeout = 10s (default)
2022-10-20 01:29:36,034 [pool-118-thread-1] INFO  server.RaftServerConfigKeys (ConfUtils.java:logGet(46)) - raft.server.log.statemachine.data.sync.timeout.retry = -1 (default)
2022-10-20 01:29:36,036 [Command processor thread] INFO  server.RaftServer (RaftServerProxy.java:addNew(96)) - 4eb19ff5-df5c-423c-bb98-7a77d12fda0f: addNew group-88B5DFD0E92F:[4eb19ff5-df5c-423c-bb98-7a77d12fda0f|rpc:10.1.0.77:39269|priority:1|startupRole:FOLLOWER] returns group-88B5DFD0E92F:java.util.concurrent.CompletableFuture@635db4ec[Not completed]
2022-10-20 01:29:36,040 [pool-118-thread-1] INFO  server.RaftServerConfigKeys (ConfUtils.java:logGet(46)) - raft.server.log.write.buffer.size = 1048576 (custom)
2022-10-20 01:29:36,041 [pool-118-thread-1] INFO  server.RaftServerConfigKeys (ConfUtils.java:logGet(46)) - raft.server.log.unsafe-flush.enabled = false (default)
2022-10-20 01:29:36,041 [pool-118-thread-1] INFO  server.RaftServerConfigKeys (ConfUtils.java:logGet(46)) - raft.server.log.async-flush.enabled = false (default)
2022-10-20 01:29:36,041 [pool-118-thread-1] INFO  server.RaftServerConfigKeys (ConfUtils.java:logGet(46)) - raft.server.log.statemachine.data.caching.enabled = true (custom)
2022-10-20 01:29:36,041 [pool-118-thread-1] INFO  segmented.SegmentedRaftLogWorker (SegmentedRaftLogWorker.java:lambda$new$0(136)) - 2f412ea8-0081-4ad7-b64d-031dd4a9d4b2@group-D78ED3C809E8-SegmentedRaftLogWorker: flushIndex: setUnconditionally 0 -> -1
2022-10-20 01:29:36,041 [pool-118-thread-1] INFO  segmented.SegmentedRaftLogWorker (SegmentedRaftLogWorker.java:lambda$new$0(136)) - 2f412ea8-0081-4ad7-b64d-031dd4a9d4b2@group-D78ED3C809E8-SegmentedRaftLogWorker: safeCacheEvictIndex: setUnconditionally 0 -> -1
2022-10-20 01:29:36,041 [pool-118-thread-1] INFO  server.RaftServer$Division (RaftServerImpl.java:start(334)) - 2f412ea8-0081-4ad7-b64d-031dd4a9d4b2@group-D78ED3C809E8: start as a follower, conf=-1: peers:[2f412ea8-0081-4ad7-b64d-031dd4a9d4b2|rpc:10.1.0.77:43519|dataStream:|priority:1|startupRole:FOLLOWER, 4eb19ff5-df5c-423c-bb98-7a77d12fda0f|rpc:10.1.0.77:39269|dataStream:|priority:0|startupRole:FOLLOWER, 5133b65f-dd1c-47c0-816b-09498efa4e03|rpc:10.1.0.77:43535|dataStream:|priority:0|startupRole:FOLLOWER]|listeners:[], old=null
2022-10-20 01:29:36,041 [pool-118-thread-1] INFO  server.RaftServer$Division (RaftServerImpl.java:setRole(321)) - 2f412ea8-0081-4ad7-b64d-031dd4a9d4b2@group-D78ED3C809E8: changes role from      null to FOLLOWER at term 0 for startAsFollower
2022-10-20 01:29:36,041 [pool-118-thread-1] INFO  impl.RoleInfo (RoleInfo.java:updateAndGet(139)) - 2f412ea8-0081-4ad7-b64d-031dd4a9d4b2: start 2f412ea8-0081-4ad7-b64d-031dd4a9d4b2@group-D78ED3C809E8-FollowerState
2022-10-20 01:29:36,043 [pool-118-thread-1] INFO  util.JmxRegister (JmxRegister.java:tryRegister(44)) - Successfully registered JMX Bean with object name Ratis:service=RaftServer,group=group-D78ED3C809E8,id=2f412ea8-0081-4ad7-b64d-031dd4a9d4b2
2022-10-20 01:29:36,043 [pool-118-thread-1] INFO  server.RaftServerConfigKeys (ConfUtils.java:logGet(46)) - raft.server.snapshot.auto.trigger.enabled = true (custom)
2022-10-20 01:29:36,043 [pool-118-thread-1] INFO  server.RaftServerConfigKeys (ConfUtils.java:logGet(46)) - raft.server.snapshot.auto.trigger.threshold = 10000 (custom)
2022-10-20 01:29:36,043 [pool-118-thread-1] INFO  server.RaftServerConfigKeys (ConfUtils.java:logGet(46)) - raft.server.snapshot.retention.file.num = 5 (custom)
2022-10-20 01:29:36,043 [pool-118-thread-1] INFO  server.RaftServerConfigKeys (ConfUtils.java:logGet(46)) - raft.server.log.purge.upto.snapshot.index = false (default)
2022-10-20 01:29:36,044 [2f412ea8-0081-4ad7-b64d-031dd4a9d4b2@group-D78ED3C809E8-FollowerState] INFO  server.RaftServerConfigKeys (ConfUtils.java:logFallback(53)) - raft.server.rpc.first-election.timeout.min = 5s (fallback to raft.server.rpc.timeout.min)
2022-10-20 01:29:36,051 [pool-95-thread-1] INFO  server.RaftServer$Division (RaftServerImpl.java:<init>(195)) - 4eb19ff5-df5c-423c-bb98-7a77d12fda0f: new RaftServerImpl for group-88B5DFD0E92F:[4eb19ff5-df5c-423c-bb98-7a77d12fda0f|rpc:10.1.0.77:39269|priority:1|startupRole:FOLLOWER] with ContainerStateMachine:uninitialized
2022-10-20 01:29:36,055 [pool-95-thread-1] INFO  server.RaftServerConfigKeys (ConfUtils.java:logGet(46)) - raft.server.rpc.timeout.min = 5s (custom)
2022-10-20 01:29:36,056 [pool-95-thread-1] INFO  server.RaftServerConfigKeys (ConfUtils.java:logGet(46)) - raft.server.rpc.timeout.max = 5200ms (custom)
2022-10-20 01:29:36,056 [pool-95-thread-1] INFO  server.RaftServerConfigKeys (ConfUtils.java:logGet(46)) - raft.server.rpc.sleep.time = 25ms (default)
2022-10-20 01:29:36,056 [pool-95-thread-1] INFO  server.RaftServerConfigKeys (ConfUtils.java:logGet(46)) - raft.server.rpc.slowness.timeout = 300s (custom)
2022-10-20 01:29:36,056 [pool-95-thread-1] INFO  server.RaftServerConfigKeys (ConfUtils.java:logGet(46)) - raft.server.leaderelection.leader.step-down.wait-time = 10s (default)
2022-10-20 01:29:36,056 [pool-95-thread-1] INFO  server.RaftServerConfigKeys (ConfUtils.java:logGet(46)) - raft.server.sleep.deviation.threshold = 300ms (default)
2022-10-20 01:29:36,056 [pool-95-thread-1] INFO  server.RaftServer$Division (ServerState.java:<init>(118)) - 4eb19ff5-df5c-423c-bb98-7a77d12fda0f@group-88B5DFD0E92F: ConfigurationManager, init=-1: peers:[4eb19ff5-df5c-423c-bb98-7a77d12fda0f|rpc:10.1.0.77:39269|priority:1|startupRole:FOLLOWER]|listeners:[], old=null, confs=<EMPTY_MAP>
2022-10-20 01:29:36,056 [pool-95-thread-1] INFO  server.RaftServerConfigKeys (ConfUtils.java:logGet(46)) - raft.server.storage.dir = [/home/runner/work/ozone/ozone/hadoop-ozone/integration-test/target/test-dir/MiniOzoneClusterImpl-1c2b738d-be74-4a40-b887-8630efe04021/datanode-1/data/ratis] (custom)
2022-10-20 01:29:36,056 [pool-95-thread-1] INFO  server.RaftServerConfigKeys (ConfUtils.java:logGet(46)) - raft.server.log.corruption.policy = EXCEPTION (default)
2022-10-20 01:29:36,056 [pool-95-thread-1] INFO  server.RaftServerConfigKeys (ConfUtils.java:logGet(46)) - raft.server.storage.free-space.min = 0MB (=0) (default)
2022-10-20 01:29:36,056 [pool-95-thread-1] INFO  server.RaftServerConfigKeys (ConfUtils.java:logGet(46)) - raft.server.notification.no-leader.timeout = 300s (custom)
2022-10-20 01:29:36,056 [pool-95-thread-1] INFO  server.RaftServerConfigKeys (ConfUtils.java:logGet(46)) - raft.server.retrycache.expirytime = 600000ms (custom)
2022-10-20 01:29:36,056 [pool-95-thread-1] INFO  server.RaftServerConfigKeys (ConfUtils.java:logGet(46)) - raft.server.retrycache.statistics.expirytime = 100μs (default)
2022-10-20 01:29:36,059 [pool-95-thread-1] INFO  server.RaftServerConfigKeys (ConfUtils.java:logGet(46)) - raft.server.log.appender.install.snapshot.enabled = false (custom)
2022-10-20 01:29:36,059 [pool-95-thread-1] INFO  server.RaftServerConfigKeys (ConfUtils.java:logGet(46)) - raft.server.threadpool.server.cached = true (default)
2022-10-20 01:29:36,059 [pool-95-thread-1] INFO  server.RaftServerConfigKeys (ConfUtils.java:logGet(46)) - raft.server.threadpool.server.size = 0 (default)
2022-10-20 01:29:36,059 [pool-95-thread-1] INFO  server.RaftServerConfigKeys (ConfUtils.java:logGet(46)) - raft.server.threadpool.client.cached = true (default)
2022-10-20 01:29:36,059 [pool-95-thread-1] INFO  server.RaftServerConfigKeys (ConfUtils.java:logGet(46)) - raft.server.threadpool.client.size = 0 (default)
2022-10-20 01:29:36,059 [pool-95-thread-1] INFO  storage.RaftStorageDirectory (RaftStorageDirectoryImpl.java:analyzeStorage(137)) - The storage directory /home/runner/work/ozone/ozone/hadoop-ozone/integration-test/target/test-dir/MiniOzoneClusterImpl-1c2b738d-be74-4a40-b887-8630efe04021/datanode-1/data/ratis/4ab8f399-9b8e-4b26-9952-88b5dfd0e92f does not exist. Creating ...
2022-10-20 01:29:36,060 [2f412ea8-0081-4ad7-b64d-031dd4a9d4b2@group-D78ED3C809E8-FollowerState] INFO  server.RaftServerConfigKeys (ConfUtils.java:logFallback(53)) - raft.server.rpc.first-election.timeout.max = 5200ms (fallback to raft.server.rpc.timeout.max)
2022-10-20 01:29:36,061 [pool-95-thread-1] INFO  storage.RaftStorageDirectory (RaftStorageDirectoryImpl.java:tryLock(231)) - Lock on /home/runner/work/ozone/ozone/hadoop-ozone/integration-test/target/test-dir/MiniOzoneClusterImpl-1c2b738d-be74-4a40-b887-8630efe04021/datanode-1/data/ratis/4ab8f399-9b8e-4b26-9952-88b5dfd0e92f/in_use.lock acquired by nodename 55363@fv-az625-379
2022-10-20 01:29:36,062 [pool-95-thread-1] INFO  storage.RaftStorage (RaftStorageImpl.java:format(96)) - Storage directory /home/runner/work/ozone/ozone/hadoop-ozone/integration-test/target/test-dir/MiniOzoneClusterImpl-1c2b738d-be74-4a40-b887-8630efe04021/datanode-1/data/ratis/4ab8f399-9b8e-4b26-9952-88b5dfd0e92f has been successfully formatted.
2022-10-20 01:29:36,062 [pool-95-thread-1] INFO  ratis.ContainerStateMachine (ContainerStateMachine.java:loadSnapshot(236)) - group-88B5DFD0E92F: The snapshot info is null. Setting the last applied indexto:(t:0, i:~)
2022-10-20 01:29:36,064 [EventQueue-PipelineReportForPipelineReportHandler] INFO  pipeline.PipelineManagerImpl (PipelineManagerImpl.java:openPipeline(367)) - Pipeline Pipeline[ Id: 4ab8f399-9b8e-4b26-9952-88b5dfd0e92f, Nodes: 4eb19ff5-df5c-423c-bb98-7a77d12fda0f{ip: 10.1.0.77, host: fv-az625-379.nkjb25ot11ku3fnowzullr2doh.gx.internal.cloudapp.net, ports: [REPLICATION=35659, RATIS=39269, RATIS_ADMIN=39269, RATIS_SERVER=39269, STANDALONE=39281], networkLocation: /default-rack, certSerialId: null, persistedOpState: IN_SERVICE, persistedOpStateExpiryEpochSec: 0}, ReplicationConfig: RATIS/ONE, State:ALLOCATED, leaderId:4eb19ff5-df5c-423c-bb98-7a77d12fda0f, CreationTimestamp2022-10-20T01:29:33.038Z[Etc/UTC]] moved to OPEN state
2022-10-20 01:29:36,065 [EventQueue-OpenPipelineForHealthyPipelineSafeModeRule] INFO  safemode.SCMSafeModeManager (HealthyPipelineSafeModeRule.java:process(137)) - SCM in safe mode. Healthy pipelines reported count is 0, required healthy pipeline reported count is 1
2022-10-20 01:29:36,065 [pool-95-thread-1] INFO  server.RaftServerConfigKeys (ConfUtils.java:logGet(46)) - raft.server.log.use.memory = false (default)
2022-10-20 01:29:36,065 [pool-95-thread-1] INFO  server.RaftServerConfigKeys (ConfUtils.java:logGet(46)) - raft.server.log.purge.gap = 1000000 (custom)
2022-10-20 01:29:36,065 [pool-95-thread-1] INFO  server.RaftServerConfigKeys (ConfUtils.java:logGet(46)) - raft.server.log.appender.buffer.byte-limit = 33554432 (custom)
2022-10-20 01:29:36,065 [pool-95-thread-1] INFO  server.RaftServerConfigKeys (ConfUtils.java:logGet(46)) - raft.server.log.statemachine.data.read.timeout = 1000ms (default)
2022-10-20 01:29:36,065 [pool-95-thread-1] INFO  server.RaftServerConfigKeys (ConfUtils.java:logGet(46)) - raft.server.log.purge.preservation.log.num = 0 (default)
2022-10-20 01:29:36,066 [pool-95-thread-1] INFO  server.RaftServerConfigKeys (ConfUtils.java:logGet(46)) - raft.server.log.segment.size.max = 1048576 (custom)
2022-10-20 01:29:36,066 [pool-95-thread-1] INFO  server.RaftServerConfigKeys (ConfUtils.java:logGet(46)) - raft.server.log.segment.cache.num.max = 2 (custom)
2022-10-20 01:29:36,066 [pool-95-thread-1] INFO  server.RaftServerConfigKeys (ConfUtils.java:logGet(46)) - raft.server.log.segment.cache.size.max = 200MB (=209715200) (default)
2022-10-20 01:29:36,066 [pool-95-thread-1] INFO  segmented.SegmentedRaftLogWorker (SegmentedRaftLogWorker.java:<init>(191)) - new 4eb19ff5-df5c-423c-bb98-7a77d12fda0f@group-88B5DFD0E92F-SegmentedRaftLogWorker for RaftStorageImpl:Storage Directory /home/runner/work/ozone/ozone/hadoop-ozone/integration-test/target/test-dir/MiniOzoneClusterImpl-1c2b738d-be74-4a40-b887-8630efe04021/datanode-1/data/ratis/4ab8f399-9b8e-4b26-9952-88b5dfd0e92f
2022-10-20 01:29:36,066 [pool-95-thread-1] INFO  server.RaftServerConfigKeys (ConfUtils.java:logGet(46)) - raft.server.log.queue.byte-limit = 4294967296 (custom)
2022-10-20 01:29:36,066 [pool-95-thread-1] INFO  server.RaftServerConfigKeys (ConfUtils.java:logGet(46)) - raft.server.log.queue.element-limit = 1024 (custom)
2022-10-20 01:29:36,067 [pool-95-thread-1] INFO  server.RaftServerConfigKeys (ConfUtils.java:logGet(46)) - raft.server.log.segment.size.max = 1048576 (custom)
2022-10-20 01:29:36,067 [pool-95-thread-1] INFO  server.RaftServerConfigKeys (ConfUtils.java:logGet(46)) - raft.server.log.preallocated.size = 16384 (custom)
2022-10-20 01:29:36,067 [pool-95-thread-1] INFO  server.RaftServerConfigKeys (ConfUtils.java:logGet(46)) - raft.server.log.force.sync.num = 128 (default)
2022-10-20 01:29:36,067 [pool-95-thread-1] INFO  server.RaftServerConfigKeys (ConfUtils.java:logGet(46)) - raft.server.log.statemachine.data.sync = true (default)
2022-10-20 01:29:36,067 [pool-95-thread-1] INFO  server.RaftServerConfigKeys (ConfUtils.java:logGet(46)) - raft.server.log.statemachine.data.sync.timeout = 10s (default)
2022-10-20 01:29:36,067 [pool-95-thread-1] INFO  server.RaftServerConfigKeys (ConfUtils.java:logGet(46)) - raft.server.log.statemachine.data.sync.timeout.retry = -1 (default)
2022-10-20 01:29:36,068 [pool-95-thread-1] INFO  server.RaftServerConfigKeys (ConfUtils.java:logGet(46)) - raft.server.log.write.buffer.size = 1048576 (custom)
2022-10-20 01:29:36,068 [pool-95-thread-1] INFO  server.RaftServerConfigKeys (ConfUtils.java:logGet(46)) - raft.server.log.unsafe-flush.enabled = false (default)
2022-10-20 01:29:36,068 [pool-95-thread-1] INFO  server.RaftServerConfigKeys (ConfUtils.java:logGet(46)) - raft.server.log.async-flush.enabled = false (default)
2022-10-20 01:29:36,068 [pool-95-thread-1] INFO  server.RaftServerConfigKeys (ConfUtils.java:logGet(46)) - raft.server.log.statemachine.data.caching.enabled = true (custom)
2022-10-20 01:29:36,069 [pool-95-thread-1] INFO  segmented.SegmentedRaftLogWorker (SegmentedRaftLogWorker.java:lambda$new$0(136)) - 4eb19ff5-df5c-423c-bb98-7a77d12fda0f@group-88B5DFD0E92F-SegmentedRaftLogWorker: flushIndex: setUnconditionally 0 -> -1
2022-10-20 01:29:36,069 [pool-95-thread-1] INFO  segmented.SegmentedRaftLogWorker (SegmentedRaftLogWorker.java:lambda$new$0(136)) - 4eb19ff5-df5c-423c-bb98-7a77d12fda0f@group-88B5DFD0E92F-SegmentedRaftLogWorker: safeCacheEvictIndex: setUnconditionally 0 -> -1
2022-10-20 01:29:36,074 [pool-95-thread-1] INFO  server.RaftServer$Division (RaftServerImpl.java:start(334)) - 4eb19ff5-df5c-423c-bb98-7a77d12fda0f@group-88B5DFD0E92F: start as a follower, conf=-1: peers:[4eb19ff5-df5c-423c-bb98-7a77d12fda0f|rpc:10.1.0.77:39269|priority:1|startupRole:FOLLOWER]|listeners:[], old=null
2022-10-20 01:29:36,074 [pool-95-thread-1] INFO  server.RaftServer$Division (RaftServerImpl.java:setRole(321)) - 4eb19ff5-df5c-423c-bb98-7a77d12fda0f@group-88B5DFD0E92F: changes role from      null to FOLLOWER at term 0 for startAsFollower
2022-10-20 01:29:36,074 [pool-95-thread-1] INFO  impl.RoleInfo (RoleInfo.java:updateAndGet(139)) - 4eb19ff5-df5c-423c-bb98-7a77d12fda0f: start 4eb19ff5-df5c-423c-bb98-7a77d12fda0f@group-88B5DFD0E92F-FollowerState
2022-10-20 01:29:36,076 [pool-95-thread-1] INFO  util.JmxRegister (JmxRegister.java:tryRegister(44)) - Successfully registered JMX Bean with object name Ratis:service=RaftServer,group=group-88B5DFD0E92F,id=4eb19ff5-df5c-423c-bb98-7a77d12fda0f
2022-10-20 01:29:36,077 [pool-95-thread-1] INFO  server.RaftServerConfigKeys (ConfUtils.java:logGet(46)) - raft.server.snapshot.auto.trigger.enabled = true (custom)
2022-10-20 01:29:36,077 [pool-95-thread-1] INFO  server.RaftServerConfigKeys (ConfUtils.java:logGet(46)) - raft.server.snapshot.auto.trigger.threshold = 10000 (custom)
2022-10-20 01:29:36,077 [pool-95-thread-1] INFO  server.RaftServerConfigKeys (ConfUtils.java:logGet(46)) - raft.server.snapshot.retention.file.num = 5 (custom)
2022-10-20 01:29:36,077 [pool-95-thread-1] INFO  server.RaftServerConfigKeys (ConfUtils.java:logGet(46)) - raft.server.log.purge.upto.snapshot.index = false (default)
2022-10-20 01:29:36,077 [4eb19ff5-df5c-423c-bb98-7a77d12fda0f@group-88B5DFD0E92F-FollowerState] INFO  server.RaftServerConfigKeys (ConfUtils.java:logFallback(53)) - raft.server.rpc.first-election.timeout.min = 5s (fallback to raft.server.rpc.timeout.min)
2022-10-20 01:29:36,077 [4eb19ff5-df5c-423c-bb98-7a77d12fda0f@group-88B5DFD0E92F-FollowerState] INFO  server.RaftServerConfigKeys (ConfUtils.java:logFallback(53)) - raft.server.rpc.first-election.timeout.max = 5200ms (fallback to raft.server.rpc.timeout.max)
2022-10-20 01:29:36,082 [Command processor thread] INFO  ratis.XceiverServerRatis (XceiverServerRatis.java:addGroup(765)) - Created group PipelineID=4ab8f399-9b8e-4b26-9952-88b5dfd0e92f
2022-10-20 01:29:36,082 [Command processor thread] INFO  commandhandler.CreatePipelineCommandHandler (CreatePipelineCommandHandler.java:handle(113)) - Created Pipeline RATIS ONE PipelineID=4ab8f399-9b8e-4b26-9952-88b5dfd0e92f.
2022-10-20 01:29:36,083 [Command processor thread] INFO  server.RaftServer (RaftServerProxy.java:addNew(96)) - 4eb19ff5-df5c-423c-bb98-7a77d12fda0f: addNew group-D78ED3C809E8:[2f412ea8-0081-4ad7-b64d-031dd4a9d4b2|rpc:10.1.0.77:43519|priority:1|startupRole:FOLLOWER, 4eb19ff5-df5c-423c-bb98-7a77d12fda0f|rpc:10.1.0.77:39269|priority:0|startupRole:FOLLOWER, 5133b65f-dd1c-47c0-816b-09498efa4e03|rpc:10.1.0.77:43535|priority:0|startupRole:FOLLOWER] returns group-D78ED3C809E8:java.util.concurrent.CompletableFuture@67622c5f[Not completed]
2022-10-20 01:29:36,087 [pool-95-thread-1] INFO  server.RaftServer$Division (RaftServerImpl.java:<init>(195)) - 4eb19ff5-df5c-423c-bb98-7a77d12fda0f: new RaftServerImpl for group-D78ED3C809E8:[2f412ea8-0081-4ad7-b64d-031dd4a9d4b2|rpc:10.1.0.77:43519|priority:1|startupRole:FOLLOWER, 4eb19ff5-df5c-423c-bb98-7a77d12fda0f|rpc:10.1.0.77:39269|priority:0|startupRole:FOLLOWER, 5133b65f-dd1c-47c0-816b-09498efa4e03|rpc:10.1.0.77:43535|priority:0|startupRole:FOLLOWER] with ContainerStateMachine:uninitialized
2022-10-20 01:29:36,088 [pool-95-thread-1] INFO  server.RaftServerConfigKeys (ConfUtils.java:logGet(46)) - raft.server.rpc.timeout.min = 5s (custom)
2022-10-20 01:29:36,088 [pool-95-thread-1] INFO  server.RaftServerConfigKeys (ConfUtils.java:logGet(46)) - raft.server.rpc.timeout.max = 5200ms (custom)
2022-10-20 01:29:36,088 [pool-95-thread-1] INFO  server.RaftServerConfigKeys (ConfUtils.java:logGet(46)) - raft.server.rpc.sleep.time = 25ms (default)
2022-10-20 01:29:36,088 [pool-95-thread-1] INFO  server.RaftServerConfigKeys (ConfUtils.java:logGet(46)) - raft.server.rpc.slowness.timeout = 300s (custom)
2022-10-20 01:29:36,088 [pool-95-thread-1] INFO  server.RaftServerConfigKeys (ConfUtils.java:logGet(46)) - raft.server.leaderelection.leader.step-down.wait-time = 10s (default)
2022-10-20 01:29:36,088 [pool-95-thread-1] INFO  server.RaftServerConfigKeys (ConfUtils.java:logGet(46)) - raft.server.sleep.deviation.threshold = 300ms (default)
2022-10-20 01:29:36,088 [pool-95-thread-1] INFO  server.RaftServer$Division (ServerState.java:<init>(118)) - 4eb19ff5-df5c-423c-bb98-7a77d12fda0f@group-D78ED3C809E8: ConfigurationManager, init=-1: peers:[2f412ea8-0081-4ad7-b64d-031dd4a9d4b2|rpc:10.1.0.77:43519|priority:1|startupRole:FOLLOWER, 4eb19ff5-df5c-423c-bb98-7a77d12fda0f|rpc:10.1.0.77:39269|priority:0|startupRole:FOLLOWER, 5133b65f-dd1c-47c0-816b-09498efa4e03|rpc:10.1.0.77:43535|priority:0|startupRole:FOLLOWER]|listeners:[], old=null, confs=<EMPTY_MAP>
2022-10-20 01:29:36,088 [pool-95-thread-1] INFO  server.RaftServerConfigKeys (ConfUtils.java:logGet(46)) - raft.server.storage.dir = [/home/runner/work/ozone/ozone/hadoop-ozone/integration-test/target/test-dir/MiniOzoneClusterImpl-1c2b738d-be74-4a40-b887-8630efe04021/datanode-1/data/ratis] (custom)
2022-10-20 01:29:36,088 [pool-95-thread-1] INFO  server.RaftServerConfigKeys (ConfUtils.java:logGet(46)) - raft.server.log.corruption.policy = EXCEPTION (default)
2022-10-20 01:29:36,088 [pool-95-thread-1] INFO  server.RaftServerConfigKeys (ConfUtils.java:logGet(46)) - raft.server.storage.free-space.min = 0MB (=0) (default)
2022-10-20 01:29:36,088 [pool-95-thread-1] INFO  server.RaftServerConfigKeys (ConfUtils.java:logGet(46)) - raft.server.notification.no-leader.timeout = 300s (custom)
2022-10-20 01:29:36,088 [pool-95-thread-1] INFO  server.RaftServerConfigKeys (ConfUtils.java:logGet(46)) - raft.server.retrycache.expirytime = 600000ms (custom)
2022-10-20 01:29:36,088 [pool-95-thread-1] INFO  server.RaftServerConfigKeys (ConfUtils.java:logGet(46)) - raft.server.retrycache.statistics.expirytime = 100μs (default)
2022-10-20 01:29:36,090 [pool-95-thread-1] INFO  server.RaftServerConfigKeys (ConfUtils.java:logGet(46)) - raft.server.log.appender.install.snapshot.enabled = false (custom)
2022-10-20 01:29:36,090 [pool-95-thread-1] INFO  server.RaftServerConfigKeys (ConfUtils.java:logGet(46)) - raft.server.threadpool.server.cached = true (default)
2022-10-20 01:29:36,090 [pool-95-thread-1] INFO  server.RaftServerConfigKeys (ConfUtils.java:logGet(46)) - raft.server.threadpool.server.size = 0 (default)
2022-10-20 01:29:36,090 [pool-95-thread-1] INFO  server.RaftServerConfigKeys (ConfUtils.java:logGet(46)) - raft.server.threadpool.client.cached = true (default)
2022-10-20 01:29:36,090 [pool-95-thread-1] INFO  server.RaftServerConfigKeys (ConfUtils.java:logGet(46)) - raft.server.threadpool.client.size = 0 (default)
2022-10-20 01:29:36,090 [pool-95-thread-1] INFO  storage.RaftStorageDirectory (RaftStorageDirectoryImpl.java:analyzeStorage(137)) - The storage directory /home/runner/work/ozone/ozone/hadoop-ozone/integration-test/target/test-dir/MiniOzoneClusterImpl-1c2b738d-be74-4a40-b887-8630efe04021/datanode-1/data/ratis/9677b235-3a42-4d48-be78-d78ed3c809e8 does not exist. Creating ...
2022-10-20 01:29:36,096 [pool-95-thread-1] INFO  storage.RaftStorageDirectory (RaftStorageDirectoryImpl.java:tryLock(231)) - Lock on /home/runner/work/ozone/ozone/hadoop-ozone/integration-test/target/test-dir/MiniOzoneClusterImpl-1c2b738d-be74-4a40-b887-8630efe04021/datanode-1/data/ratis/9677b235-3a42-4d48-be78-d78ed3c809e8/in_use.lock acquired by nodename 55363@fv-az625-379
2022-10-20 01:29:36,098 [pool-95-thread-1] INFO  storage.RaftStorage (RaftStorageImpl.java:format(96)) - Storage directory /home/runner/work/ozone/ozone/hadoop-ozone/integration-test/target/test-dir/MiniOzoneClusterImpl-1c2b738d-be74-4a40-b887-8630efe04021/datanode-1/data/ratis/9677b235-3a42-4d48-be78-d78ed3c809e8 has been successfully formatted.
2022-10-20 01:29:36,099 [pool-95-thread-1] INFO  ratis.ContainerStateMachine (ContainerStateMachine.java:loadSnapshot(236)) - group-D78ED3C809E8: The snapshot info is null. Setting the last applied indexto:(t:0, i:~)
2022-10-20 01:29:36,099 [pool-95-thread-1] INFO  server.RaftServerConfigKeys (ConfUtils.java:logGet(46)) - raft.server.log.use.memory = false (default)
2022-10-20 01:29:36,099 [pool-95-thread-1] INFO  server.RaftServerConfigKeys (ConfUtils.java:logGet(46)) - raft.server.log.purge.gap = 1000000 (custom)
2022-10-20 01:29:36,100 [pool-95-thread-1] INFO  server.RaftServerConfigKeys (ConfUtils.java:logGet(46)) - raft.server.log.appender.buffer.byte-limit = 33554432 (custom)
2022-10-20 01:29:36,100 [pool-95-thread-1] INFO  server.RaftServerConfigKeys (ConfUtils.java:logGet(46)) - raft.server.log.statemachine.data.read.timeout = 1000ms (default)
2022-10-20 01:29:36,100 [pool-95-thread-1] INFO  server.RaftServerConfigKeys (ConfUtils.java:logGet(46)) - raft.server.log.purge.preservation.log.num = 0 (default)
2022-10-20 01:29:36,111 [EventQueue-OpenPipelineForHealthyPipelineSafeModeRule] INFO  safemode.SCMSafeModeManager (HealthyPipelineSafeModeRule.java:process(137)) - SCM in safe mode. Healthy pipelines reported count is 0, required healthy pipeline reported count is 1
2022-10-20 01:29:36,114 [pool-95-thread-1] INFO  server.RaftServerConfigKeys (ConfUtils.java:logGet(46)) - raft.server.log.segment.size.max = 1048576 (custom)
2022-10-20 01:29:36,124 [pool-95-thread-1] INFO  server.RaftServerConfigKeys (ConfUtils.java:logGet(46)) - raft.server.log.segment.cache.num.max = 2 (custom)
2022-10-20 01:29:36,124 [pool-95-thread-1] INFO  server.RaftServerConfigKeys (ConfUtils.java:logGet(46)) - raft.server.log.segment.cache.size.max = 200MB (=209715200) (default)
2022-10-20 01:29:36,124 [pool-95-thread-1] INFO  segmented.SegmentedRaftLogWorker (SegmentedRaftLogWorker.java:<init>(191)) - new 4eb19ff5-df5c-423c-bb98-7a77d12fda0f@group-D78ED3C809E8-SegmentedRaftLogWorker for RaftStorageImpl:Storage Directory /home/runner/work/ozone/ozone/hadoop-ozone/integration-test/target/test-dir/MiniOzoneClusterImpl-1c2b738d-be74-4a40-b887-8630efe04021/datanode-1/data/ratis/9677b235-3a42-4d48-be78-d78ed3c809e8
2022-10-20 01:29:36,124 [pool-95-thread-1] INFO  server.RaftServerConfigKeys (ConfUtils.java:logGet(46)) - raft.server.log.queue.byte-limit = 4294967296 (custom)
2022-10-20 01:29:36,124 [pool-95-thread-1] INFO  server.RaftServerConfigKeys (ConfUtils.java:logGet(46)) - raft.server.log.queue.element-limit = 1024 (custom)
2022-10-20 01:29:36,124 [pool-95-thread-1] INFO  server.RaftServerConfigKeys (ConfUtils.java:logGet(46)) - raft.server.log.segment.size.max = 1048576 (custom)
2022-10-20 01:29:36,124 [pool-95-thread-1] INFO  server.RaftServerConfigKeys (ConfUtils.java:logGet(46)) - raft.server.log.preallocated.size = 16384 (custom)
2022-10-20 01:29:36,124 [pool-95-thread-1] INFO  server.RaftServerConfigKeys (ConfUtils.java:logGet(46)) - raft.server.log.force.sync.num = 128 (default)
2022-10-20 01:29:36,124 [pool-95-thread-1] INFO  server.RaftServerConfigKeys (ConfUtils.java:logGet(46)) - raft.server.log.statemachine.data.sync = true (default)
2022-10-20 01:29:36,124 [pool-95-thread-1] INFO  server.RaftServerConfigKeys (ConfUtils.java:logGet(46)) - raft.server.log.statemachine.data.sync.timeout = 10s (default)
2022-10-20 01:29:36,124 [pool-95-thread-1] INFO  server.RaftServerConfigKeys (ConfUtils.java:logGet(46)) - raft.server.log.statemachine.data.sync.timeout.retry = -1 (default)
2022-10-20 01:29:36,126 [pool-95-thread-1] INFO  server.RaftServerConfigKeys (ConfUtils.java:logGet(46)) - raft.server.log.write.buffer.size = 1048576 (custom)
2022-10-20 01:29:36,126 [pool-95-thread-1] INFO  server.RaftServerConfigKeys (ConfUtils.java:logGet(46)) - raft.server.log.unsafe-flush.enabled = false (default)
2022-10-20 01:29:36,126 [pool-95-thread-1] INFO  server.RaftServerConfigKeys (ConfUtils.java:logGet(46)) - raft.server.log.async-flush.enabled = false (default)
2022-10-20 01:29:36,126 [pool-95-thread-1] INFO  server.RaftServerConfigKeys (ConfUtils.java:logGet(46)) - raft.server.log.statemachine.data.caching.enabled = true (custom)
2022-10-20 01:29:36,126 [pool-95-thread-1] INFO  segmented.SegmentedRaftLogWorker (SegmentedRaftLogWorker.java:lambda$new$0(136)) - 4eb19ff5-df5c-423c-bb98-7a77d12fda0f@group-D78ED3C809E8-SegmentedRaftLogWorker: flushIndex: setUnconditionally 0 -> -1
2022-10-20 01:29:36,127 [pool-95-thread-1] INFO  segmented.SegmentedRaftLogWorker (SegmentedRaftLogWorker.java:lambda$new$0(136)) - 4eb19ff5-df5c-423c-bb98-7a77d12fda0f@group-D78ED3C809E8-SegmentedRaftLogWorker: safeCacheEvictIndex: setUnconditionally 0 -> -1
2022-10-20 01:29:36,130 [pool-95-thread-1] INFO  server.RaftServer$Division (RaftServerImpl.java:start(334)) - 4eb19ff5-df5c-423c-bb98-7a77d12fda0f@group-D78ED3C809E8: start as a follower, conf=-1: peers:[2f412ea8-0081-4ad7-b64d-031dd4a9d4b2|rpc:10.1.0.77:43519|priority:1|startupRole:FOLLOWER, 4eb19ff5-df5c-423c-bb98-7a77d12fda0f|rpc:10.1.0.77:39269|priority:0|startupRole:FOLLOWER, 5133b65f-dd1c-47c0-816b-09498efa4e03|rpc:10.1.0.77:43535|priority:0|startupRole:FOLLOWER]|listeners:[], old=null
2022-10-20 01:29:36,130 [pool-95-thread-1] INFO  server.RaftServer$Division (RaftServerImpl.java:setRole(321)) - 4eb19ff5-df5c-423c-bb98-7a77d12fda0f@group-D78ED3C809E8: changes role from      null to FOLLOWER at term 0 for startAsFollower
2022-10-20 01:29:36,130 [pool-95-thread-1] INFO  impl.RoleInfo (RoleInfo.java:updateAndGet(139)) - 4eb19ff5-df5c-423c-bb98-7a77d12fda0f: start 4eb19ff5-df5c-423c-bb98-7a77d12fda0f@group-D78ED3C809E8-FollowerState
2022-10-20 01:29:36,134 [pool-95-thread-1] INFO  util.JmxRegister (JmxRegister.java:tryRegister(44)) - Successfully registered JMX Bean with object name Ratis:service=RaftServer,group=group-D78ED3C809E8,id=4eb19ff5-df5c-423c-bb98-7a77d12fda0f
2022-10-20 01:29:36,134 [pool-95-thread-1] INFO  server.RaftServerConfigKeys (ConfUtils.java:logGet(46)) - raft.server.snapshot.auto.trigger.enabled = true (custom)
2022-10-20 01:29:36,134 [pool-95-thread-1] INFO  server.RaftServerConfigKeys (ConfUtils.java:logGet(46)) - raft.server.snapshot.auto.trigger.threshold = 10000 (custom)
2022-10-20 01:29:36,134 [pool-95-thread-1] INFO  server.RaftServerConfigKeys (ConfUtils.java:logGet(46)) - raft.server.snapshot.retention.file.num = 5 (custom)
2022-10-20 01:29:36,134 [pool-95-thread-1] INFO  server.RaftServerConfigKeys (ConfUtils.java:logGet(46)) - raft.server.log.purge.upto.snapshot.index = false (default)
2022-10-20 01:29:36,139 [4eb19ff5-df5c-423c-bb98-7a77d12fda0f@group-D78ED3C809E8-FollowerState] INFO  server.RaftServerConfigKeys (ConfUtils.java:logFallback(53)) - raft.server.rpc.first-election.timeout.min = 5s (fallback to raft.server.rpc.timeout.min)
2022-10-20 01:29:36,139 [4eb19ff5-df5c-423c-bb98-7a77d12fda0f@group-D78ED3C809E8-FollowerState] INFO  server.RaftServerConfigKeys (ConfUtils.java:logFallback(53)) - raft.server.rpc.first-election.timeout.max = 5200ms (fallback to raft.server.rpc.timeout.max)
2022-10-20 01:29:36,145 [Command processor thread] INFO  ratis.XceiverServerRatis (XceiverServerRatis.java:addGroup(765)) - Created group PipelineID=9677b235-3a42-4d48-be78-d78ed3c809e8
2022-10-20 01:29:36,243 [Command processor thread] INFO  commandhandler.CreatePipelineCommandHandler (CreatePipelineCommandHandler.java:handle(113)) - Created Pipeline RATIS THREE PipelineID=9677b235-3a42-4d48-be78-d78ed3c809e8.
2022-10-20 01:29:36,245 [Command processor thread] INFO  server.RaftServer (RaftServerProxy.java:addNew(96)) - 5133b65f-dd1c-47c0-816b-09498efa4e03: addNew group-F3D77823205D:[2f412ea8-0081-4ad7-b64d-031dd4a9d4b2|rpc:10.1.0.77:43519|priority:0|startupRole:FOLLOWER, 4eb19ff5-df5c-423c-bb98-7a77d12fda0f|rpc:10.1.0.77:39269|priority:0|startupRole:FOLLOWER, 5133b65f-dd1c-47c0-816b-09498efa4e03|rpc:10.1.0.77:43535|priority:1|startupRole:FOLLOWER] returns group-F3D77823205D:java.util.concurrent.CompletableFuture@54ffaa16[Not completed]
2022-10-20 01:29:36,247 [pool-72-thread-1] INFO  server.RaftServer$Division (RaftServerImpl.java:<init>(195)) - 5133b65f-dd1c-47c0-816b-09498efa4e03: new RaftServerImpl for group-F3D77823205D:[2f412ea8-0081-4ad7-b64d-031dd4a9d4b2|rpc:10.1.0.77:43519|priority:0|startupRole:FOLLOWER, 4eb19ff5-df5c-423c-bb98-7a77d12fda0f|rpc:10.1.0.77:39269|priority:0|startupRole:FOLLOWER, 5133b65f-dd1c-47c0-816b-09498efa4e03|rpc:10.1.0.77:43535|priority:1|startupRole:FOLLOWER] with ContainerStateMachine:uninitialized
2022-10-20 01:29:36,247 [pool-72-thread-1] INFO  server.RaftServerConfigKeys (ConfUtils.java:logGet(46)) - raft.server.rpc.timeout.min = 5s (custom)
2022-10-20 01:29:36,247 [pool-72-thread-1] INFO  server.RaftServerConfigKeys (ConfUtils.java:logGet(46)) - raft.server.rpc.timeout.max = 5200ms (custom)
2022-10-20 01:29:36,247 [pool-72-thread-1] INFO  server.RaftServerConfigKeys (ConfUtils.java:logGet(46)) - raft.server.rpc.sleep.time = 25ms (default)
2022-10-20 01:29:36,247 [pool-72-thread-1] INFO  server.RaftServerConfigKeys (ConfUtils.java:logGet(46)) - raft.server.rpc.slowness.timeout = 300s (custom)
2022-10-20 01:29:36,247 [pool-72-thread-1] INFO  server.RaftServerConfigKeys (ConfUtils.java:logGet(46)) - raft.server.leaderelection.leader.step-down.wait-time = 10s (default)
2022-10-20 01:29:36,247 [pool-72-thread-1] INFO  server.RaftServerConfigKeys (ConfUtils.java:logGet(46)) - raft.server.sleep.deviation.threshold = 300ms (default)
2022-10-20 01:29:36,247 [pool-72-thread-1] INFO  server.RaftServer$Division (ServerState.java:<init>(118)) - 5133b65f-dd1c-47c0-816b-09498efa4e03@group-F3D77823205D: ConfigurationManager, init=-1: peers:[2f412ea8-0081-4ad7-b64d-031dd4a9d4b2|rpc:10.1.0.77:43519|priority:0|startupRole:FOLLOWER, 4eb19ff5-df5c-423c-bb98-7a77d12fda0f|rpc:10.1.0.77:39269|priority:0|startupRole:FOLLOWER, 5133b65f-dd1c-47c0-816b-09498efa4e03|rpc:10.1.0.77:43535|priority:1|startupRole:FOLLOWER]|listeners:[], old=null, confs=<EMPTY_MAP>
2022-10-20 01:29:36,247 [pool-72-thread-1] INFO  server.RaftServerConfigKeys (ConfUtils.java:logGet(46)) - raft.server.storage.dir = [/home/runner/work/ozone/ozone/hadoop-ozone/integration-test/target/test-dir/MiniOzoneClusterImpl-1c2b738d-be74-4a40-b887-8630efe04021/datanode-0/data/ratis] (custom)
2022-10-20 01:29:36,247 [pool-72-thread-1] INFO  server.RaftServerConfigKeys (ConfUtils.java:logGet(46)) - raft.server.log.corruption.policy = EXCEPTION (default)
2022-10-20 01:29:36,248 [pool-72-thread-1] INFO  server.RaftServerConfigKeys (ConfUtils.java:logGet(46)) - raft.server.storage.free-space.min = 0MB (=0) (default)
2022-10-20 01:29:36,248 [pool-72-thread-1] INFO  server.RaftServerConfigKeys (ConfUtils.java:logGet(46)) - raft.server.notification.no-leader.timeout = 300s (custom)
2022-10-20 01:29:36,248 [pool-72-thread-1] INFO  server.RaftServerConfigKeys (ConfUtils.java:logGet(46)) - raft.server.retrycache.expirytime = 600000ms (custom)
2022-10-20 01:29:36,248 [pool-72-thread-1] INFO  server.RaftServerConfigKeys (ConfUtils.java:logGet(46)) - raft.server.retrycache.statistics.expirytime = 100μs (default)
2022-10-20 01:29:36,249 [pool-72-thread-1] INFO  server.RaftServerConfigKeys (ConfUtils.java:logGet(46)) - raft.server.log.appender.install.snapshot.enabled = false (custom)
2022-10-20 01:29:36,249 [pool-72-thread-1] INFO  server.RaftServerConfigKeys (ConfUtils.java:logGet(46)) - raft.server.threadpool.server.cached = true (default)
2022-10-20 01:29:36,249 [pool-72-thread-1] INFO  server.RaftServerConfigKeys (ConfUtils.java:logGet(46)) - raft.server.threadpool.server.size = 0 (default)
2022-10-20 01:29:36,249 [pool-72-thread-1] INFO  server.RaftServerConfigKeys (ConfUtils.java:logGet(46)) - raft.server.threadpool.client.cached = true (default)
2022-10-20 01:29:36,249 [pool-72-thread-1] INFO  server.RaftServerConfigKeys (ConfUtils.java:logGet(46)) - raft.server.threadpool.client.size = 0 (default)
2022-10-20 01:29:36,249 [pool-72-thread-1] INFO  storage.RaftStorageDirectory (RaftStorageDirectoryImpl.java:analyzeStorage(137)) - The storage directory /home/runner/work/ozone/ozone/hadoop-ozone/integration-test/target/test-dir/MiniOzoneClusterImpl-1c2b738d-be74-4a40-b887-8630efe04021/datanode-0/data/ratis/815c7a2c-3194-459d-97c8-f3d77823205d does not exist. Creating ...
2022-10-20 01:29:36,253 [pool-72-thread-1] INFO  storage.RaftStorageDirectory (RaftStorageDirectoryImpl.java:tryLock(231)) - Lock on /home/runner/work/ozone/ozone/hadoop-ozone/integration-test/target/test-dir/MiniOzoneClusterImpl-1c2b738d-be74-4a40-b887-8630efe04021/datanode-0/data/ratis/815c7a2c-3194-459d-97c8-f3d77823205d/in_use.lock acquired by nodename 55363@fv-az625-379
2022-10-20 01:29:36,262 [pool-72-thread-1] INFO  storage.RaftStorage (RaftStorageImpl.java:format(96)) - Storage directory /home/runner/work/ozone/ozone/hadoop-ozone/integration-test/target/test-dir/MiniOzoneClusterImpl-1c2b738d-be74-4a40-b887-8630efe04021/datanode-0/data/ratis/815c7a2c-3194-459d-97c8-f3d77823205d has been successfully formatted.
2022-10-20 01:29:36,264 [pool-72-thread-1] INFO  ratis.ContainerStateMachine (ContainerStateMachine.java:loadSnapshot(236)) - group-F3D77823205D: The snapshot info is null. Setting the last applied indexto:(t:0, i:~)
2022-10-20 01:29:36,264 [pool-72-thread-1] INFO  server.RaftServerConfigKeys (ConfUtils.java:logGet(46)) - raft.server.log.use.memory = false (default)
2022-10-20 01:29:36,264 [pool-72-thread-1] INFO  server.RaftServerConfigKeys (ConfUtils.java:logGet(46)) - raft.server.log.purge.gap = 1000000 (custom)
2022-10-20 01:29:36,264 [pool-72-thread-1] INFO  server.RaftServerConfigKeys (ConfUtils.java:logGet(46)) - raft.server.log.appender.buffer.byte-limit = 33554432 (custom)
2022-10-20 01:29:36,264 [pool-72-thread-1] INFO  server.RaftServerConfigKeys (ConfUtils.java:logGet(46)) - raft.server.log.statemachine.data.read.timeout = 1000ms (default)
2022-10-20 01:29:36,264 [pool-72-thread-1] INFO  server.RaftServerConfigKeys (ConfUtils.java:logGet(46)) - raft.server.log.purge.preservation.log.num = 0 (default)
2022-10-20 01:29:36,269 [pool-72-thread-1] INFO  server.RaftServerConfigKeys (ConfUtils.java:logGet(46)) - raft.server.log.segment.size.max = 1048576 (custom)
2022-10-20 01:29:36,269 [pool-72-thread-1] INFO  server.RaftServerConfigKeys (ConfUtils.java:logGet(46)) - raft.server.log.segment.cache.num.max = 2 (custom)
2022-10-20 01:29:36,269 [pool-72-thread-1] INFO  server.RaftServerConfigKeys (ConfUtils.java:logGet(46)) - raft.server.log.segment.cache.size.max = 200MB (=209715200) (default)
2022-10-20 01:29:36,269 [pool-72-thread-1] INFO  segmented.SegmentedRaftLogWorker (SegmentedRaftLogWorker.java:<init>(191)) - new 5133b65f-dd1c-47c0-816b-09498efa4e03@group-F3D77823205D-SegmentedRaftLogWorker for RaftStorageImpl:Storage Directory /home/runner/work/ozone/ozone/hadoop-ozone/integration-test/target/test-dir/MiniOzoneClusterImpl-1c2b738d-be74-4a40-b887-8630efe04021/datanode-0/data/ratis/815c7a2c-3194-459d-97c8-f3d77823205d
2022-10-20 01:29:36,269 [pool-72-thread-1] INFO  server.RaftServerConfigKeys (ConfUtils.java:logGet(46)) - raft.server.log.queue.byte-limit = 4294967296 (custom)
2022-10-20 01:29:36,269 [pool-72-thread-1] INFO  server.RaftServerConfigKeys (ConfUtils.java:logGet(46)) - raft.server.log.queue.element-limit = 1024 (custom)
2022-10-20 01:29:36,269 [pool-72-thread-1] INFO  server.RaftServerConfigKeys (ConfUtils.java:logGet(46)) - raft.server.log.segment.size.max = 1048576 (custom)
2022-10-20 01:29:36,269 [pool-72-thread-1] INFO  server.RaftServerConfigKeys (ConfUtils.java:logGet(46)) - raft.server.log.preallocated.size = 16384 (custom)
2022-10-20 01:29:36,269 [pool-72-thread-1] INFO  server.RaftServerConfigKeys (ConfUtils.java:logGet(46)) - raft.server.log.force.sync.num = 128 (default)
2022-10-20 01:29:36,269 [pool-72-thread-1] INFO  server.RaftServerConfigKeys (ConfUtils.java:logGet(46)) - raft.server.log.statemachine.data.sync = true (default)
2022-10-20 01:29:36,269 [pool-72-thread-1] INFO  server.RaftServerConfigKeys (ConfUtils.java:logGet(46)) - raft.server.log.statemachine.data.sync.timeout = 10s (default)
2022-10-20 01:29:36,270 [pool-72-thread-1] INFO  server.RaftServerConfigKeys (ConfUtils.java:logGet(46)) - raft.server.log.statemachine.data.sync.timeout.retry = -1 (default)
2022-10-20 01:29:36,270 [Command processor thread] INFO  commandhandler.CreatePipelineCommandHandler (CreatePipelineCommandHandler.java:handle(113)) - Created Pipeline RATIS THREE PipelineID=9677b235-3a42-4d48-be78-d78ed3c809e8.
2022-10-20 01:29:36,271 [Command processor thread] INFO  server.RaftServer (RaftServerProxy.java:addNew(96)) - 4eb19ff5-df5c-423c-bb98-7a77d12fda0f: addNew group-F3D77823205D:[2f412ea8-0081-4ad7-b64d-031dd4a9d4b2|rpc:10.1.0.77:43519|priority:0|startupRole:FOLLOWER, 4eb19ff5-df5c-423c-bb98-7a77d12fda0f|rpc:10.1.0.77:39269|priority:0|startupRole:FOLLOWER, 5133b65f-dd1c-47c0-816b-09498efa4e03|rpc:10.1.0.77:43535|priority:1|startupRole:FOLLOWER] returns group-F3D77823205D:java.util.concurrent.CompletableFuture@a40e1e5[Not completed]
2022-10-20 01:29:36,272 [pool-72-thread-1] INFO  server.RaftServerConfigKeys (ConfUtils.java:logGet(46)) - raft.server.log.write.buffer.size = 1048576 (custom)
2022-10-20 01:29:36,272 [pool-72-thread-1] INFO  server.RaftServerConfigKeys (ConfUtils.java:logGet(46)) - raft.server.log.unsafe-flush.enabled = false (default)
2022-10-20 01:29:36,272 [pool-72-thread-1] INFO  server.RaftServerConfigKeys (ConfUtils.java:logGet(46)) - raft.server.log.async-flush.enabled = false (default)
2022-10-20 01:29:36,272 [pool-72-thread-1] INFO  server.RaftServerConfigKeys (ConfUtils.java:logGet(46)) - raft.server.log.statemachine.data.caching.enabled = true (custom)
2022-10-20 01:29:36,273 [pool-72-thread-1] INFO  segmented.SegmentedRaftLogWorker (SegmentedRaftLogWorker.java:lambda$new$0(136)) - 5133b65f-dd1c-47c0-816b-09498efa4e03@group-F3D77823205D-SegmentedRaftLogWorker: flushIndex: setUnconditionally 0 -> -1
2022-10-20 01:29:36,273 [pool-72-thread-1] INFO  segmented.SegmentedRaftLogWorker (SegmentedRaftLogWorker.java:lambda$new$0(136)) - 5133b65f-dd1c-47c0-816b-09498efa4e03@group-F3D77823205D-SegmentedRaftLogWorker: safeCacheEvictIndex: setUnconditionally 0 -> -1
2022-10-20 01:29:36,273 [pool-95-thread-1] INFO  server.RaftServer$Division (RaftServerImpl.java:<init>(195)) - 4eb19ff5-df5c-423c-bb98-7a77d12fda0f: new RaftServerImpl for group-F3D77823205D:[2f412ea8-0081-4ad7-b64d-031dd4a9d4b2|rpc:10.1.0.77:43519|priority:0|startupRole:FOLLOWER, 4eb19ff5-df5c-423c-bb98-7a77d12fda0f|rpc:10.1.0.77:39269|priority:0|startupRole:FOLLOWER, 5133b65f-dd1c-47c0-816b-09498efa4e03|rpc:10.1.0.77:43535|priority:1|startupRole:FOLLOWER] with ContainerStateMachine:uninitialized
2022-10-20 01:29:36,273 [pool-72-thread-1] INFO  server.RaftServer$Division (RaftServerImpl.java:start(334)) - 5133b65f-dd1c-47c0-816b-09498efa4e03@group-F3D77823205D: start as a follower, conf=-1: peers:[2f412ea8-0081-4ad7-b64d-031dd4a9d4b2|rpc:10.1.0.77:43519|priority:0|startupRole:FOLLOWER, 4eb19ff5-df5c-423c-bb98-7a77d12fda0f|rpc:10.1.0.77:39269|priority:0|startupRole:FOLLOWER, 5133b65f-dd1c-47c0-816b-09498efa4e03|rpc:10.1.0.77:43535|priority:1|startupRole:FOLLOWER]|listeners:[], old=null
2022-10-20 01:29:36,279 [pool-95-thread-1] INFO  server.RaftServerConfigKeys (ConfUtils.java:logGet(46)) - raft.server.rpc.timeout.min = 5s (custom)
2022-10-20 01:29:36,279 [pool-72-thread-1] INFO  server.RaftServer$Division (RaftServerImpl.java:setRole(321)) - 5133b65f-dd1c-47c0-816b-09498efa4e03@group-F3D77823205D: changes role from      null to FOLLOWER at term 0 for startAsFollower
2022-10-20 01:29:36,279 [pool-95-thread-1] INFO  server.RaftServerConfigKeys (ConfUtils.java:logGet(46)) - raft.server.rpc.timeout.max = 5200ms (custom)
2022-10-20 01:29:36,279 [pool-72-thread-1] INFO  impl.RoleInfo (RoleInfo.java:updateAndGet(139)) - 5133b65f-dd1c-47c0-816b-09498efa4e03: start 5133b65f-dd1c-47c0-816b-09498efa4e03@group-F3D77823205D-FollowerState
2022-10-20 01:29:36,279 [pool-95-thread-1] INFO  server.RaftServerConfigKeys (ConfUtils.java:logGet(46)) - raft.server.rpc.sleep.time = 25ms (default)
2022-10-20 01:29:36,279 [pool-95-thread-1] INFO  server.RaftServerConfigKeys (ConfUtils.java:logGet(46)) - raft.server.rpc.slowness.timeout = 300s (custom)
2022-10-20 01:29:36,279 [pool-95-thread-1] INFO  server.RaftServerConfigKeys (ConfUtils.java:logGet(46)) - raft.server.leaderelection.leader.step-down.wait-time = 10s (default)
2022-10-20 01:29:36,279 [pool-95-thread-1] INFO  server.RaftServerConfigKeys (ConfUtils.java:logGet(46)) - raft.server.sleep.deviation.threshold = 300ms (default)
2022-10-20 01:29:36,279 [pool-95-thread-1] INFO  server.RaftServer$Division (ServerState.java:<init>(118)) - 4eb19ff5-df5c-423c-bb98-7a77d12fda0f@group-F3D77823205D: ConfigurationManager, init=-1: peers:[2f412ea8-0081-4ad7-b64d-031dd4a9d4b2|rpc:10.1.0.77:43519|priority:0|startupRole:FOLLOWER, 4eb19ff5-df5c-423c-bb98-7a77d12fda0f|rpc:10.1.0.77:39269|priority:0|startupRole:FOLLOWER, 5133b65f-dd1c-47c0-816b-09498efa4e03|rpc:10.1.0.77:43535|priority:1|startupRole:FOLLOWER]|listeners:[], old=null, confs=<EMPTY_MAP>
2022-10-20 01:29:36,279 [pool-72-thread-1] INFO  util.JmxRegister (JmxRegister.java:tryRegister(44)) - Successfully registered JMX Bean with object name Ratis:service=RaftServer,group=group-F3D77823205D,id=5133b65f-dd1c-47c0-816b-09498efa4e03
2022-10-20 01:29:36,279 [pool-72-thread-1] INFO  server.RaftServerConfigKeys (ConfUtils.java:logGet(46)) - raft.server.snapshot.auto.trigger.enabled = true (custom)
2022-10-20 01:29:36,279 [pool-72-thread-1] INFO  server.RaftServerConfigKeys (ConfUtils.java:logGet(46)) - raft.server.snapshot.auto.trigger.threshold = 10000 (custom)
2022-10-20 01:29:36,279 [pool-72-thread-1] INFO  server.RaftServerConfigKeys (ConfUtils.java:logGet(46)) - raft.server.snapshot.retention.file.num = 5 (custom)
2022-10-20 01:29:36,279 [pool-72-thread-1] INFO  server.RaftServerConfigKeys (ConfUtils.java:logGet(46)) - raft.server.log.purge.upto.snapshot.index = false (default)
2022-10-20 01:29:36,280 [Command processor thread] INFO  ratis.XceiverServerRatis (XceiverServerRatis.java:addGroup(765)) - Created group PipelineID=815c7a2c-3194-459d-97c8-f3d77823205d
2022-10-20 01:29:36,281 [EventQueue-OpenPipelineForHealthyPipelineSafeModeRule] INFO  safemode.SCMSafeModeManager (HealthyPipelineSafeModeRule.java:process(137)) - SCM in safe mode. Healthy pipelines reported count is 0, required healthy pipeline reported count is 1
2022-10-20 01:29:36,281 [5133b65f-dd1c-47c0-816b-09498efa4e03@group-F3D77823205D-FollowerState] INFO  server.RaftServerConfigKeys (ConfUtils.java:logFallback(53)) - raft.server.rpc.first-election.timeout.min = 5s (fallback to raft.server.rpc.timeout.min)
2022-10-20 01:29:36,281 [5133b65f-dd1c-47c0-816b-09498efa4e03@group-F3D77823205D-FollowerState] INFO  server.RaftServerConfigKeys (ConfUtils.java:logFallback(53)) - raft.server.rpc.first-election.timeout.max = 5200ms (fallback to raft.server.rpc.timeout.max)
2022-10-20 01:29:36,282 [pool-95-thread-1] INFO  server.RaftServerConfigKeys (ConfUtils.java:logGet(46)) - raft.server.storage.dir = [/home/runner/work/ozone/ozone/hadoop-ozone/integration-test/target/test-dir/MiniOzoneClusterImpl-1c2b738d-be74-4a40-b887-8630efe04021/datanode-1/data/ratis] (custom)
2022-10-20 01:29:36,283 [pool-95-thread-1] INFO  server.RaftServerConfigKeys (ConfUtils.java:logGet(46)) - raft.server.log.corruption.policy = EXCEPTION (default)
2022-10-20 01:29:36,283 [pool-95-thread-1] INFO  server.RaftServerConfigKeys (ConfUtils.java:logGet(46)) - raft.server.storage.free-space.min = 0MB (=0) (default)
2022-10-20 01:29:36,283 [pool-95-thread-1] INFO  server.RaftServerConfigKeys (ConfUtils.java:logGet(46)) - raft.server.notification.no-leader.timeout = 300s (custom)
2022-10-20 01:29:36,283 [pool-95-thread-1] INFO  server.RaftServerConfigKeys (ConfUtils.java:logGet(46)) - raft.server.retrycache.expirytime = 600000ms (custom)
2022-10-20 01:29:36,283 [pool-95-thread-1] INFO  server.RaftServerConfigKeys (ConfUtils.java:logGet(46)) - raft.server.retrycache.statistics.expirytime = 100μs (default)
2022-10-20 01:29:36,284 [pool-95-thread-1] INFO  server.RaftServerConfigKeys (ConfUtils.java:logGet(46)) - raft.server.log.appender.install.snapshot.enabled = false (custom)
2022-10-20 01:29:36,284 [pool-95-thread-1] INFO  server.RaftServerConfigKeys (ConfUtils.java:logGet(46)) - raft.server.threadpool.server.cached = true (default)
2022-10-20 01:29:36,284 [pool-95-thread-1] INFO  server.RaftServerConfigKeys (ConfUtils.java:logGet(46)) - raft.server.threadpool.server.size = 0 (default)
2022-10-20 01:29:36,284 [pool-95-thread-1] INFO  server.RaftServerConfigKeys (ConfUtils.java:logGet(46)) - raft.server.threadpool.client.cached = true (default)
2022-10-20 01:29:36,284 [pool-95-thread-1] INFO  server.RaftServerConfigKeys (ConfUtils.java:logGet(46)) - raft.server.threadpool.client.size = 0 (default)
2022-10-20 01:29:36,284 [pool-95-thread-1] INFO  storage.RaftStorageDirectory (RaftStorageDirectoryImpl.java:analyzeStorage(137)) - The storage directory /home/runner/work/ozone/ozone/hadoop-ozone/integration-test/target/test-dir/MiniOzoneClusterImpl-1c2b738d-be74-4a40-b887-8630efe04021/datanode-1/data/ratis/815c7a2c-3194-459d-97c8-f3d77823205d does not exist. Creating ...
2022-10-20 01:29:36,287 [pool-95-thread-1] INFO  storage.RaftStorageDirectory (RaftStorageDirectoryImpl.java:tryLock(231)) - Lock on /home/runner/work/ozone/ozone/hadoop-ozone/integration-test/target/test-dir/MiniOzoneClusterImpl-1c2b738d-be74-4a40-b887-8630efe04021/datanode-1/data/ratis/815c7a2c-3194-459d-97c8-f3d77823205d/in_use.lock acquired by nodename 55363@fv-az625-379
2022-10-20 01:29:36,288 [pool-95-thread-1] INFO  storage.RaftStorage (RaftStorageImpl.java:format(96)) - Storage directory /home/runner/work/ozone/ozone/hadoop-ozone/integration-test/target/test-dir/MiniOzoneClusterImpl-1c2b738d-be74-4a40-b887-8630efe04021/datanode-1/data/ratis/815c7a2c-3194-459d-97c8-f3d77823205d has been successfully formatted.
2022-10-20 01:29:36,289 [pool-95-thread-1] INFO  ratis.ContainerStateMachine (ContainerStateMachine.java:loadSnapshot(236)) - group-F3D77823205D: The snapshot info is null. Setting the last applied indexto:(t:0, i:~)
2022-10-20 01:29:36,291 [EventQueue-OpenPipelineForHealthyPipelineSafeModeRule] INFO  safemode.SCMSafeModeManager (HealthyPipelineSafeModeRule.java:process(137)) - SCM in safe mode. Healthy pipelines reported count is 0, required healthy pipeline reported count is 1
2022-10-20 01:29:36,292 [pool-95-thread-1] INFO  server.RaftServerConfigKeys (ConfUtils.java:logGet(46)) - raft.server.log.use.memory = false (default)
2022-10-20 01:29:36,292 [pool-95-thread-1] INFO  server.RaftServerConfigKeys (ConfUtils.java:logGet(46)) - raft.server.log.purge.gap = 1000000 (custom)
2022-10-20 01:29:36,292 [pool-95-thread-1] INFO  server.RaftServerConfigKeys (ConfUtils.java:logGet(46)) - raft.server.log.appender.buffer.byte-limit = 33554432 (custom)
2022-10-20 01:29:36,292 [pool-95-thread-1] INFO  server.RaftServerConfigKeys (ConfUtils.java:logGet(46)) - raft.server.log.statemachine.data.read.timeout = 1000ms (default)
2022-10-20 01:29:36,292 [pool-95-thread-1] INFO  server.RaftServerConfigKeys (ConfUtils.java:logGet(46)) - raft.server.log.purge.preservation.log.num = 0 (default)
2022-10-20 01:29:36,292 [pool-95-thread-1] INFO  server.RaftServerConfigKeys (ConfUtils.java:logGet(46)) - raft.server.log.segment.size.max = 1048576 (custom)
2022-10-20 01:29:36,296 [grpc-default-executor-1] INFO  server.RaftServer (RaftServerProxy.java:addNew(96)) - 2f412ea8-0081-4ad7-b64d-031dd4a9d4b2: addNew group-F3D77823205D:[2f412ea8-0081-4ad7-b64d-031dd4a9d4b2|rpc:10.1.0.77:43519|dataStream:|priority:0|startupRole:FOLLOWER, 4eb19ff5-df5c-423c-bb98-7a77d12fda0f|rpc:10.1.0.77:39269|dataStream:|priority:0|startupRole:FOLLOWER, 5133b65f-dd1c-47c0-816b-09498efa4e03|rpc:10.1.0.77:43535|dataStream:|priority:1|startupRole:FOLLOWER] returns group-F3D77823205D:java.util.concurrent.CompletableFuture@6f5fd1a5[Not completed]
2022-10-20 01:29:36,296 [pool-95-thread-1] INFO  server.RaftServerConfigKeys (ConfUtils.java:logGet(46)) - raft.server.log.segment.cache.num.max = 2 (custom)
2022-10-20 01:29:36,296 [pool-95-thread-1] INFO  server.RaftServerConfigKeys (ConfUtils.java:logGet(46)) - raft.server.log.segment.cache.size.max = 200MB (=209715200) (default)
2022-10-20 01:29:36,296 [pool-95-thread-1] INFO  segmented.SegmentedRaftLogWorker (SegmentedRaftLogWorker.java:<init>(191)) - new 4eb19ff5-df5c-423c-bb98-7a77d12fda0f@group-F3D77823205D-SegmentedRaftLogWorker for RaftStorageImpl:Storage Directory /home/runner/work/ozone/ozone/hadoop-ozone/integration-test/target/test-dir/MiniOzoneClusterImpl-1c2b738d-be74-4a40-b887-8630efe04021/datanode-1/data/ratis/815c7a2c-3194-459d-97c8-f3d77823205d
2022-10-20 01:29:36,296 [pool-95-thread-1] INFO  server.RaftServerConfigKeys (ConfUtils.java:logGet(46)) - raft.server.log.queue.byte-limit = 4294967296 (custom)
2022-10-20 01:29:36,296 [pool-95-thread-1] INFO  server.RaftServerConfigKeys (ConfUtils.java:logGet(46)) - raft.server.log.queue.element-limit = 1024 (custom)
2022-10-20 01:29:36,296 [pool-95-thread-1] INFO  server.RaftServerConfigKeys (ConfUtils.java:logGet(46)) - raft.server.log.segment.size.max = 1048576 (custom)
2022-10-20 01:29:36,296 [pool-95-thread-1] INFO  server.RaftServerConfigKeys (ConfUtils.java:logGet(46)) - raft.server.log.preallocated.size = 16384 (custom)
2022-10-20 01:29:36,296 [pool-95-thread-1] INFO  server.RaftServerConfigKeys (ConfUtils.java:logGet(46)) - raft.server.log.force.sync.num = 128 (default)
2022-10-20 01:29:36,296 [pool-118-thread-1] INFO  server.RaftServer$Division (RaftServerImpl.java:<init>(195)) - 2f412ea8-0081-4ad7-b64d-031dd4a9d4b2: new RaftServerImpl for group-F3D77823205D:[2f412ea8-0081-4ad7-b64d-031dd4a9d4b2|rpc:10.1.0.77:43519|dataStream:|priority:0|startupRole:FOLLOWER, 4eb19ff5-df5c-423c-bb98-7a77d12fda0f|rpc:10.1.0.77:39269|dataStream:|priority:0|startupRole:FOLLOWER, 5133b65f-dd1c-47c0-816b-09498efa4e03|rpc:10.1.0.77:43535|dataStream:|priority:1|startupRole:FOLLOWER] with ContainerStateMachine:uninitialized
2022-10-20 01:29:36,298 [pool-118-thread-1] INFO  server.RaftServerConfigKeys (ConfUtils.java:logGet(46)) - raft.server.rpc.timeout.min = 5s (custom)
2022-10-20 01:29:36,298 [pool-118-thread-1] INFO  server.RaftServerConfigKeys (ConfUtils.java:logGet(46)) - raft.server.rpc.timeout.max = 5200ms (custom)
2022-10-20 01:29:36,298 [pool-118-thread-1] INFO  server.RaftServerConfigKeys (ConfUtils.java:logGet(46)) - raft.server.rpc.sleep.time = 25ms (default)
2022-10-20 01:29:36,298 [pool-118-thread-1] INFO  server.RaftServerConfigKeys (ConfUtils.java:logGet(46)) - raft.server.rpc.slowness.timeout = 300s (custom)
2022-10-20 01:29:36,298 [pool-118-thread-1] INFO  server.RaftServerConfigKeys (ConfUtils.java:logGet(46)) - raft.server.leaderelection.leader.step-down.wait-time = 10s (default)
2022-10-20 01:29:36,298 [pool-118-thread-1] INFO  server.RaftServerConfigKeys (ConfUtils.java:logGet(46)) - raft.server.sleep.deviation.threshold = 300ms (default)
2022-10-20 01:29:36,298 [pool-118-thread-1] INFO  server.RaftServer$Division (ServerState.java:<init>(118)) - 2f412ea8-0081-4ad7-b64d-031dd4a9d4b2@group-F3D77823205D: ConfigurationManager, init=-1: peers:[2f412ea8-0081-4ad7-b64d-031dd4a9d4b2|rpc:10.1.0.77:43519|dataStream:|priority:0|startupRole:FOLLOWER, 4eb19ff5-df5c-423c-bb98-7a77d12fda0f|rpc:10.1.0.77:39269|dataStream:|priority:0|startupRole:FOLLOWER, 5133b65f-dd1c-47c0-816b-09498efa4e03|rpc:10.1.0.77:43535|dataStream:|priority:1|startupRole:FOLLOWER]|listeners:[], old=null, confs=<EMPTY_MAP>
2022-10-20 01:29:36,298 [pool-118-thread-1] INFO  server.RaftServerConfigKeys (ConfUtils.java:logGet(46)) - raft.server.storage.dir = [/home/runner/work/ozone/ozone/hadoop-ozone/integration-test/target/test-dir/MiniOzoneClusterImpl-1c2b738d-be74-4a40-b887-8630efe04021/datanode-2/data/ratis] (custom)
2022-10-20 01:29:36,298 [pool-118-thread-1] INFO  server.RaftServerConfigKeys (ConfUtils.java:logGet(46)) - raft.server.log.corruption.policy = EXCEPTION (default)
2022-10-20 01:29:36,299 [pool-118-thread-1] INFO  server.RaftServerConfigKeys (ConfUtils.java:logGet(46)) - raft.server.storage.free-space.min = 0MB (=0) (default)
2022-10-20 01:29:36,299 [pool-118-thread-1] INFO  server.RaftServerConfigKeys (ConfUtils.java:logGet(46)) - raft.server.notification.no-leader.timeout = 300s (custom)
2022-10-20 01:29:36,299 [pool-118-thread-1] INFO  server.RaftServerConfigKeys (ConfUtils.java:logGet(46)) - raft.server.retrycache.expirytime = 600000ms (custom)
2022-10-20 01:29:36,299 [pool-118-thread-1] INFO  server.RaftServerConfigKeys (ConfUtils.java:logGet(46)) - raft.server.retrycache.statistics.expirytime = 100μs (default)
2022-10-20 01:29:36,296 [pool-95-thread-1] INFO  server.RaftServerConfigKeys (ConfUtils.java:logGet(46)) - raft.server.log.statemachine.data.sync = true (default)
2022-10-20 01:29:36,300 [pool-95-thread-1] INFO  server.RaftServerConfigKeys (ConfUtils.java:logGet(46)) - raft.server.log.statemachine.data.sync.timeout = 10s (default)
2022-10-20 01:29:36,301 [pool-95-thread-1] INFO  server.RaftServerConfigKeys (ConfUtils.java:logGet(46)) - raft.server.log.statemachine.data.sync.timeout.retry = -1 (default)
2022-10-20 01:29:36,301 [pool-95-thread-1] INFO  server.RaftServerConfigKeys (ConfUtils.java:logGet(46)) - raft.server.log.write.buffer.size = 1048576 (custom)
2022-10-20 01:29:36,302 [pool-95-thread-1] INFO  server.RaftServerConfigKeys (ConfUtils.java:logGet(46)) - raft.server.log.unsafe-flush.enabled = false (default)
2022-10-20 01:29:36,302 [pool-95-thread-1] INFO  server.RaftServerConfigKeys (ConfUtils.java:logGet(46)) - raft.server.log.async-flush.enabled = false (default)
2022-10-20 01:29:36,302 [pool-95-thread-1] INFO  server.RaftServerConfigKeys (ConfUtils.java:logGet(46)) - raft.server.log.statemachine.data.caching.enabled = true (custom)
2022-10-20 01:29:36,302 [pool-95-thread-1] INFO  segmented.SegmentedRaftLogWorker (SegmentedRaftLogWorker.java:lambda$new$0(136)) - 4eb19ff5-df5c-423c-bb98-7a77d12fda0f@group-F3D77823205D-SegmentedRaftLogWorker: flushIndex: setUnconditionally 0 -> -1
2022-10-20 01:29:36,302 [pool-95-thread-1] INFO  segmented.SegmentedRaftLogWorker (SegmentedRaftLogWorker.java:lambda$new$0(136)) - 4eb19ff5-df5c-423c-bb98-7a77d12fda0f@group-F3D77823205D-SegmentedRaftLogWorker: safeCacheEvictIndex: setUnconditionally 0 -> -1
2022-10-20 01:29:36,300 [pool-118-thread-1] INFO  server.RaftServerConfigKeys (ConfUtils.java:logGet(46)) - raft.server.log.appender.install.snapshot.enabled = false (custom)
2022-10-20 01:29:36,303 [pool-118-thread-1] INFO  server.RaftServerConfigKeys (ConfUtils.java:logGet(46)) - raft.server.threadpool.server.cached = true (default)
2022-10-20 01:29:36,303 [pool-118-thread-1] INFO  server.RaftServerConfigKeys (ConfUtils.java:logGet(46)) - raft.server.threadpool.server.size = 0 (default)
2022-10-20 01:29:36,303 [pool-118-thread-1] INFO  server.RaftServerConfigKeys (ConfUtils.java:logGet(46)) - raft.server.threadpool.client.cached = true (default)
2022-10-20 01:29:36,303 [pool-118-thread-1] INFO  server.RaftServerConfigKeys (ConfUtils.java:logGet(46)) - raft.server.threadpool.client.size = 0 (default)
2022-10-20 01:29:36,303 [pool-118-thread-1] INFO  storage.RaftStorageDirectory (RaftStorageDirectoryImpl.java:analyzeStorage(137)) - The storage directory /home/runner/work/ozone/ozone/hadoop-ozone/integration-test/target/test-dir/MiniOzoneClusterImpl-1c2b738d-be74-4a40-b887-8630efe04021/datanode-2/data/ratis/815c7a2c-3194-459d-97c8-f3d77823205d does not exist. Creating ...
2022-10-20 01:29:36,304 [pool-118-thread-1] INFO  storage.RaftStorageDirectory (RaftStorageDirectoryImpl.java:tryLock(231)) - Lock on /home/runner/work/ozone/ozone/hadoop-ozone/integration-test/target/test-dir/MiniOzoneClusterImpl-1c2b738d-be74-4a40-b887-8630efe04021/datanode-2/data/ratis/815c7a2c-3194-459d-97c8-f3d77823205d/in_use.lock acquired by nodename 55363@fv-az625-379
2022-10-20 01:29:36,306 [pool-118-thread-1] INFO  storage.RaftStorage (RaftStorageImpl.java:format(96)) - Storage directory /home/runner/work/ozone/ozone/hadoop-ozone/integration-test/target/test-dir/MiniOzoneClusterImpl-1c2b738d-be74-4a40-b887-8630efe04021/datanode-2/data/ratis/815c7a2c-3194-459d-97c8-f3d77823205d has been successfully formatted.
2022-10-20 01:29:36,310 [pool-118-thread-1] INFO  ratis.ContainerStateMachine (ContainerStateMachine.java:loadSnapshot(236)) - group-F3D77823205D: The snapshot info is null. Setting the last applied indexto:(t:0, i:~)
2022-10-20 01:29:36,310 [pool-118-thread-1] INFO  server.RaftServerConfigKeys (ConfUtils.java:logGet(46)) - raft.server.log.use.memory = false (default)
2022-10-20 01:29:36,310 [pool-118-thread-1] INFO  server.RaftServerConfigKeys (ConfUtils.java:logGet(46)) - raft.server.log.purge.gap = 1000000 (custom)
2022-10-20 01:29:36,310 [pool-118-thread-1] INFO  server.RaftServerConfigKeys (ConfUtils.java:logGet(46)) - raft.server.log.appender.buffer.byte-limit = 33554432 (custom)
2022-10-20 01:29:36,310 [pool-118-thread-1] INFO  server.RaftServerConfigKeys (ConfUtils.java:logGet(46)) - raft.server.log.statemachine.data.read.timeout = 1000ms (default)
2022-10-20 01:29:36,310 [pool-118-thread-1] INFO  server.RaftServerConfigKeys (ConfUtils.java:logGet(46)) - raft.server.log.purge.preservation.log.num = 0 (default)
2022-10-20 01:29:36,311 [pool-118-thread-1] INFO  server.RaftServerConfigKeys (ConfUtils.java:logGet(46)) - raft.server.log.segment.size.max = 1048576 (custom)
2022-10-20 01:29:36,311 [pool-95-thread-1] INFO  server.RaftServer$Division (RaftServerImpl.java:start(334)) - 4eb19ff5-df5c-423c-bb98-7a77d12fda0f@group-F3D77823205D: start as a follower, conf=-1: peers:[2f412ea8-0081-4ad7-b64d-031dd4a9d4b2|rpc:10.1.0.77:43519|priority:0|startupRole:FOLLOWER, 4eb19ff5-df5c-423c-bb98-7a77d12fda0f|rpc:10.1.0.77:39269|priority:0|startupRole:FOLLOWER, 5133b65f-dd1c-47c0-816b-09498efa4e03|rpc:10.1.0.77:43535|priority:1|startupRole:FOLLOWER]|listeners:[], old=null
2022-10-20 01:29:36,311 [pool-95-thread-1] INFO  server.RaftServer$Division (RaftServerImpl.java:setRole(321)) - 4eb19ff5-df5c-423c-bb98-7a77d12fda0f@group-F3D77823205D: changes role from      null to FOLLOWER at term 0 for startAsFollower
2022-10-20 01:29:36,311 [pool-95-thread-1] INFO  impl.RoleInfo (RoleInfo.java:updateAndGet(139)) - 4eb19ff5-df5c-423c-bb98-7a77d12fda0f: start 4eb19ff5-df5c-423c-bb98-7a77d12fda0f@group-F3D77823205D-FollowerState
2022-10-20 01:29:36,312 [pool-95-thread-1] INFO  util.JmxRegister (JmxRegister.java:tryRegister(44)) - Successfully registered JMX Bean with object name Ratis:service=RaftServer,group=group-F3D77823205D,id=4eb19ff5-df5c-423c-bb98-7a77d12fda0f
2022-10-20 01:29:36,312 [pool-95-thread-1] INFO  server.RaftServerConfigKeys (ConfUtils.java:logGet(46)) - raft.server.snapshot.auto.trigger.enabled = true (custom)
2022-10-20 01:29:36,312 [pool-95-thread-1] INFO  server.RaftServerConfigKeys (ConfUtils.java:logGet(46)) - raft.server.snapshot.auto.trigger.threshold = 10000 (custom)
2022-10-20 01:29:36,312 [pool-95-thread-1] INFO  server.RaftServerConfigKeys (ConfUtils.java:logGet(46)) - raft.server.snapshot.retention.file.num = 5 (custom)
2022-10-20 01:29:36,312 [pool-95-thread-1] INFO  server.RaftServerConfigKeys (ConfUtils.java:logGet(46)) - raft.server.log.purge.upto.snapshot.index = false (default)
2022-10-20 01:29:36,312 [4eb19ff5-df5c-423c-bb98-7a77d12fda0f@group-F3D77823205D-FollowerState] INFO  server.RaftServerConfigKeys (ConfUtils.java:logFallback(53)) - raft.server.rpc.first-election.timeout.min = 5s (fallback to raft.server.rpc.timeout.min)
2022-10-20 01:29:36,313 [4eb19ff5-df5c-423c-bb98-7a77d12fda0f@group-F3D77823205D-FollowerState] INFO  server.RaftServerConfigKeys (ConfUtils.java:logFallback(53)) - raft.server.rpc.first-election.timeout.max = 5200ms (fallback to raft.server.rpc.timeout.max)
2022-10-20 01:29:36,313 [pool-118-thread-1] INFO  server.RaftServerConfigKeys (ConfUtils.java:logGet(46)) - raft.server.log.segment.cache.num.max = 2 (custom)
2022-10-20 01:29:36,313 [pool-118-thread-1] INFO  server.RaftServerConfigKeys (ConfUtils.java:logGet(46)) - raft.server.log.segment.cache.size.max = 200MB (=209715200) (default)
2022-10-20 01:29:36,313 [pool-118-thread-1] INFO  segmented.SegmentedRaftLogWorker (SegmentedRaftLogWorker.java:<init>(191)) - new 2f412ea8-0081-4ad7-b64d-031dd4a9d4b2@group-F3D77823205D-SegmentedRaftLogWorker for RaftStorageImpl:Storage Directory /home/runner/work/ozone/ozone/hadoop-ozone/integration-test/target/test-dir/MiniOzoneClusterImpl-1c2b738d-be74-4a40-b887-8630efe04021/datanode-2/data/ratis/815c7a2c-3194-459d-97c8-f3d77823205d
2022-10-20 01:29:36,313 [pool-118-thread-1] INFO  server.RaftServerConfigKeys (ConfUtils.java:logGet(46)) - raft.server.log.queue.byte-limit = 4294967296 (custom)
2022-10-20 01:29:36,313 [pool-118-thread-1] INFO  server.RaftServerConfigKeys (ConfUtils.java:logGet(46)) - raft.server.log.queue.element-limit = 1024 (custom)
2022-10-20 01:29:36,313 [pool-118-thread-1] INFO  server.RaftServerConfigKeys (ConfUtils.java:logGet(46)) - raft.server.log.segment.size.max = 1048576 (custom)
2022-10-20 01:29:36,313 [pool-118-thread-1] INFO  server.RaftServerConfigKeys (ConfUtils.java:logGet(46)) - raft.server.log.preallocated.size = 16384 (custom)
2022-10-20 01:29:36,313 [pool-118-thread-1] INFO  server.RaftServerConfigKeys (ConfUtils.java:logGet(46)) - raft.server.log.force.sync.num = 128 (default)
2022-10-20 01:29:36,313 [pool-118-thread-1] INFO  server.RaftServerConfigKeys (ConfUtils.java:logGet(46)) - raft.server.log.statemachine.data.sync = true (default)
2022-10-20 01:29:36,313 [pool-118-thread-1] INFO  server.RaftServerConfigKeys (ConfUtils.java:logGet(46)) - raft.server.log.statemachine.data.sync.timeout = 10s (default)
2022-10-20 01:29:36,313 [pool-118-thread-1] INFO  server.RaftServerConfigKeys (ConfUtils.java:logGet(46)) - raft.server.log.statemachine.data.sync.timeout.retry = -1 (default)
2022-10-20 01:29:36,314 [pool-118-thread-1] INFO  server.RaftServerConfigKeys (ConfUtils.java:logGet(46)) - raft.server.log.write.buffer.size = 1048576 (custom)
2022-10-20 01:29:36,315 [pool-118-thread-1] INFO  server.RaftServerConfigKeys (ConfUtils.java:logGet(46)) - raft.server.log.unsafe-flush.enabled = false (default)
2022-10-20 01:29:36,315 [pool-118-thread-1] INFO  server.RaftServerConfigKeys (ConfUtils.java:logGet(46)) - raft.server.log.async-flush.enabled = false (default)
2022-10-20 01:29:36,315 [pool-118-thread-1] INFO  server.RaftServerConfigKeys (ConfUtils.java:logGet(46)) - raft.server.log.statemachine.data.caching.enabled = true (custom)
2022-10-20 01:29:36,315 [pool-118-thread-1] INFO  segmented.SegmentedRaftLogWorker (SegmentedRaftLogWorker.java:lambda$new$0(136)) - 2f412ea8-0081-4ad7-b64d-031dd4a9d4b2@group-F3D77823205D-SegmentedRaftLogWorker: flushIndex: setUnconditionally 0 -> -1
2022-10-20 01:29:36,315 [pool-118-thread-1] INFO  segmented.SegmentedRaftLogWorker (SegmentedRaftLogWorker.java:lambda$new$0(136)) - 2f412ea8-0081-4ad7-b64d-031dd4a9d4b2@group-F3D77823205D-SegmentedRaftLogWorker: safeCacheEvictIndex: setUnconditionally 0 -> -1
2022-10-20 01:29:36,315 [Command processor thread] INFO  ratis.XceiverServerRatis (XceiverServerRatis.java:addGroup(765)) - Created group PipelineID=815c7a2c-3194-459d-97c8-f3d77823205d
2022-10-20 01:29:36,320 [pool-118-thread-1] INFO  server.RaftServer$Division (RaftServerImpl.java:start(334)) - 2f412ea8-0081-4ad7-b64d-031dd4a9d4b2@group-F3D77823205D: start as a follower, conf=-1: peers:[2f412ea8-0081-4ad7-b64d-031dd4a9d4b2|rpc:10.1.0.77:43519|dataStream:|priority:0|startupRole:FOLLOWER, 4eb19ff5-df5c-423c-bb98-7a77d12fda0f|rpc:10.1.0.77:39269|dataStream:|priority:0|startupRole:FOLLOWER, 5133b65f-dd1c-47c0-816b-09498efa4e03|rpc:10.1.0.77:43535|dataStream:|priority:1|startupRole:FOLLOWER]|listeners:[], old=null
2022-10-20 01:29:36,320 [pool-118-thread-1] INFO  server.RaftServer$Division (RaftServerImpl.java:setRole(321)) - 2f412ea8-0081-4ad7-b64d-031dd4a9d4b2@group-F3D77823205D: changes role from      null to FOLLOWER at term 0 for startAsFollower
2022-10-20 01:29:36,320 [pool-118-thread-1] INFO  impl.RoleInfo (RoleInfo.java:updateAndGet(139)) - 2f412ea8-0081-4ad7-b64d-031dd4a9d4b2: start 2f412ea8-0081-4ad7-b64d-031dd4a9d4b2@group-F3D77823205D-FollowerState
2022-10-20 01:29:36,322 [pool-118-thread-1] INFO  util.JmxRegister (JmxRegister.java:tryRegister(44)) - Successfully registered JMX Bean with object name Ratis:service=RaftServer,group=group-F3D77823205D,id=2f412ea8-0081-4ad7-b64d-031dd4a9d4b2
2022-10-20 01:29:36,322 [pool-118-thread-1] INFO  server.RaftServerConfigKeys (ConfUtils.java:logGet(46)) - raft.server.snapshot.auto.trigger.enabled = true (custom)
2022-10-20 01:29:36,322 [pool-118-thread-1] INFO  server.RaftServerConfigKeys (ConfUtils.java:logGet(46)) - raft.server.snapshot.auto.trigger.threshold = 10000 (custom)
2022-10-20 01:29:36,322 [pool-118-thread-1] INFO  server.RaftServerConfigKeys (ConfUtils.java:logGet(46)) - raft.server.snapshot.retention.file.num = 5 (custom)
2022-10-20 01:29:36,322 [pool-118-thread-1] INFO  server.RaftServerConfigKeys (ConfUtils.java:logGet(46)) - raft.server.log.purge.upto.snapshot.index = false (default)
2022-10-20 01:29:36,323 [2f412ea8-0081-4ad7-b64d-031dd4a9d4b2@group-F3D77823205D-FollowerState] INFO  server.RaftServerConfigKeys (ConfUtils.java:logFallback(53)) - raft.server.rpc.first-election.timeout.min = 5s (fallback to raft.server.rpc.timeout.min)
2022-10-20 01:29:36,328 [2f412ea8-0081-4ad7-b64d-031dd4a9d4b2@group-F3D77823205D-FollowerState] INFO  server.RaftServerConfigKeys (ConfUtils.java:logFallback(53)) - raft.server.rpc.first-election.timeout.max = 5200ms (fallback to raft.server.rpc.timeout.max)
2022-10-20 01:29:36,391 [Command processor thread] INFO  commandhandler.CreatePipelineCommandHandler (CreatePipelineCommandHandler.java:handle(113)) - Created Pipeline RATIS THREE PipelineID=815c7a2c-3194-459d-97c8-f3d77823205d.
2022-10-20 01:29:36,396 [Command processor thread] INFO  server.RaftServer (RaftServerProxy.java:addNew(96)) - 2f412ea8-0081-4ad7-b64d-031dd4a9d4b2: addNew group-1F2C47812506:[2f412ea8-0081-4ad7-b64d-031dd4a9d4b2|rpc:10.1.0.77:43519|priority:1|startupRole:FOLLOWER] returns group-1F2C47812506:java.util.concurrent.CompletableFuture@1b733441[Not completed]
2022-10-20 01:29:36,397 [pool-118-thread-1] INFO  server.RaftServer$Division (RaftServerImpl.java:<init>(195)) - 2f412ea8-0081-4ad7-b64d-031dd4a9d4b2: new RaftServerImpl for group-1F2C47812506:[2f412ea8-0081-4ad7-b64d-031dd4a9d4b2|rpc:10.1.0.77:43519|priority:1|startupRole:FOLLOWER] with ContainerStateMachine:uninitialized
2022-10-20 01:29:36,397 [pool-118-thread-1] INFO  server.RaftServerConfigKeys (ConfUtils.java:logGet(46)) - raft.server.rpc.timeout.min = 5s (custom)
2022-10-20 01:29:36,397 [pool-118-thread-1] INFO  server.RaftServerConfigKeys (ConfUtils.java:logGet(46)) - raft.server.rpc.timeout.max = 5200ms (custom)
2022-10-20 01:29:36,397 [pool-118-thread-1] INFO  server.RaftServerConfigKeys (ConfUtils.java:logGet(46)) - raft.server.rpc.sleep.time = 25ms (default)
2022-10-20 01:29:36,397 [pool-118-thread-1] INFO  server.RaftServerConfigKeys (ConfUtils.java:logGet(46)) - raft.server.rpc.slowness.timeout = 300s (custom)
2022-10-20 01:29:36,397 [pool-118-thread-1] INFO  server.RaftServerConfigKeys (ConfUtils.java:logGet(46)) - raft.server.leaderelection.leader.step-down.wait-time = 10s (default)
2022-10-20 01:29:36,397 [pool-118-thread-1] INFO  server.RaftServerConfigKeys (ConfUtils.java:logGet(46)) - raft.server.sleep.deviation.threshold = 300ms (default)
2022-10-20 01:29:36,397 [pool-118-thread-1] INFO  server.RaftServer$Division (ServerState.java:<init>(118)) - 2f412ea8-0081-4ad7-b64d-031dd4a9d4b2@group-1F2C47812506: ConfigurationManager, init=-1: peers:[2f412ea8-0081-4ad7-b64d-031dd4a9d4b2|rpc:10.1.0.77:43519|priority:1|startupRole:FOLLOWER]|listeners:[], old=null, confs=<EMPTY_MAP>
2022-10-20 01:29:36,397 [pool-118-thread-1] INFO  server.RaftServerConfigKeys (ConfUtils.java:logGet(46)) - raft.server.storage.dir = [/home/runner/work/ozone/ozone/hadoop-ozone/integration-test/target/test-dir/MiniOzoneClusterImpl-1c2b738d-be74-4a40-b887-8630efe04021/datanode-2/data/ratis] (custom)
2022-10-20 01:29:36,397 [pool-118-thread-1] INFO  server.RaftServerConfigKeys (ConfUtils.java:logGet(46)) - raft.server.log.corruption.policy = EXCEPTION (default)
2022-10-20 01:29:36,397 [pool-118-thread-1] INFO  server.RaftServerConfigKeys (ConfUtils.java:logGet(46)) - raft.server.storage.free-space.min = 0MB (=0) (default)
2022-10-20 01:29:36,397 [pool-118-thread-1] INFO  server.RaftServerConfigKeys (ConfUtils.java:logGet(46)) - raft.server.notification.no-leader.timeout = 300s (custom)
2022-10-20 01:29:36,397 [pool-118-thread-1] INFO  server.RaftServerConfigKeys (ConfUtils.java:logGet(46)) - raft.server.retrycache.expirytime = 600000ms (custom)
2022-10-20 01:29:36,397 [pool-118-thread-1] INFO  server.RaftServerConfigKeys (ConfUtils.java:logGet(46)) - raft.server.retrycache.statistics.expirytime = 100μs (default)
2022-10-20 01:29:36,398 [pool-118-thread-1] INFO  server.RaftServerConfigKeys (ConfUtils.java:logGet(46)) - raft.server.log.appender.install.snapshot.enabled = false (custom)
2022-10-20 01:29:36,399 [pool-118-thread-1] INFO  server.RaftServerConfigKeys (ConfUtils.java:logGet(46)) - raft.server.threadpool.server.cached = true (default)
2022-10-20 01:29:36,399 [pool-118-thread-1] INFO  server.RaftServerConfigKeys (ConfUtils.java:logGet(46)) - raft.server.threadpool.server.size = 0 (default)
2022-10-20 01:29:36,399 [pool-118-thread-1] INFO  server.RaftServerConfigKeys (ConfUtils.java:logGet(46)) - raft.server.threadpool.client.cached = true (default)
2022-10-20 01:29:36,399 [pool-118-thread-1] INFO  server.RaftServerConfigKeys (ConfUtils.java:logGet(46)) - raft.server.threadpool.client.size = 0 (default)
2022-10-20 01:29:36,399 [pool-118-thread-1] INFO  storage.RaftStorageDirectory (RaftStorageDirectoryImpl.java:analyzeStorage(137)) - The storage directory /home/runner/work/ozone/ozone/hadoop-ozone/integration-test/target/test-dir/MiniOzoneClusterImpl-1c2b738d-be74-4a40-b887-8630efe04021/datanode-2/data/ratis/2602b44d-7da8-49f1-b378-1f2c47812506 does not exist. Creating ...
2022-10-20 01:29:36,400 [pool-118-thread-1] INFO  storage.RaftStorageDirectory (RaftStorageDirectoryImpl.java:tryLock(231)) - Lock on /home/runner/work/ozone/ozone/hadoop-ozone/integration-test/target/test-dir/MiniOzoneClusterImpl-1c2b738d-be74-4a40-b887-8630efe04021/datanode-2/data/ratis/2602b44d-7da8-49f1-b378-1f2c47812506/in_use.lock acquired by nodename 55363@fv-az625-379
2022-10-20 01:29:36,400 [pool-118-thread-1] INFO  storage.RaftStorage (RaftStorageImpl.java:format(96)) - Storage directory /home/runner/work/ozone/ozone/hadoop-ozone/integration-test/target/test-dir/MiniOzoneClusterImpl-1c2b738d-be74-4a40-b887-8630efe04021/datanode-2/data/ratis/2602b44d-7da8-49f1-b378-1f2c47812506 has been successfully formatted.
2022-10-20 01:29:36,401 [pool-118-thread-1] INFO  ratis.ContainerStateMachine (ContainerStateMachine.java:loadSnapshot(236)) - group-1F2C47812506: The snapshot info is null. Setting the last applied indexto:(t:0, i:~)
2022-10-20 01:29:36,401 [pool-118-thread-1] INFO  server.RaftServerConfigKeys (ConfUtils.java:logGet(46)) - raft.server.log.use.memory = false (default)
2022-10-20 01:29:36,401 [pool-118-thread-1] INFO  server.RaftServerConfigKeys (ConfUtils.java:logGet(46)) - raft.server.log.purge.gap = 1000000 (custom)
2022-10-20 01:29:36,401 [pool-118-thread-1] INFO  server.RaftServerConfigKeys (ConfUtils.java:logGet(46)) - raft.server.log.appender.buffer.byte-limit = 33554432 (custom)
2022-10-20 01:29:36,401 [pool-118-thread-1] INFO  server.RaftServerConfigKeys (ConfUtils.java:logGet(46)) - raft.server.log.statemachine.data.read.timeout = 1000ms (default)
2022-10-20 01:29:36,401 [pool-118-thread-1] INFO  server.RaftServerConfigKeys (ConfUtils.java:logGet(46)) - raft.server.log.purge.preservation.log.num = 0 (default)
2022-10-20 01:29:36,401 [pool-118-thread-1] INFO  server.RaftServerConfigKeys (ConfUtils.java:logGet(46)) - raft.server.log.segment.size.max = 1048576 (custom)
2022-10-20 01:29:36,402 [pool-118-thread-1] INFO  server.RaftServerConfigKeys (ConfUtils.java:logGet(46)) - raft.server.log.segment.cache.num.max = 2 (custom)
2022-10-20 01:29:36,402 [pool-118-thread-1] INFO  server.RaftServerConfigKeys (ConfUtils.java:logGet(46)) - raft.server.log.segment.cache.size.max = 200MB (=209715200) (default)
2022-10-20 01:29:36,402 [pool-118-thread-1] INFO  segmented.SegmentedRaftLogWorker (SegmentedRaftLogWorker.java:<init>(191)) - new 2f412ea8-0081-4ad7-b64d-031dd4a9d4b2@group-1F2C47812506-SegmentedRaftLogWorker for RaftStorageImpl:Storage Directory /home/runner/work/ozone/ozone/hadoop-ozone/integration-test/target/test-dir/MiniOzoneClusterImpl-1c2b738d-be74-4a40-b887-8630efe04021/datanode-2/data/ratis/2602b44d-7da8-49f1-b378-1f2c47812506
2022-10-20 01:29:36,402 [pool-118-thread-1] INFO  server.RaftServerConfigKeys (ConfUtils.java:logGet(46)) - raft.server.log.queue.byte-limit = 4294967296 (custom)
2022-10-20 01:29:36,402 [pool-118-thread-1] INFO  server.RaftServerConfigKeys (ConfUtils.java:logGet(46)) - raft.server.log.queue.element-limit = 1024 (custom)
2022-10-20 01:29:36,402 [pool-118-thread-1] INFO  server.RaftServerConfigKeys (ConfUtils.java:logGet(46)) - raft.server.log.segment.size.max = 1048576 (custom)
2022-10-20 01:29:36,402 [pool-118-thread-1] INFO  server.RaftServerConfigKeys (ConfUtils.java:logGet(46)) - raft.server.log.preallocated.size = 16384 (custom)
2022-10-20 01:29:36,402 [pool-118-thread-1] INFO  server.RaftServerConfigKeys (ConfUtils.java:logGet(46)) - raft.server.log.force.sync.num = 128 (default)
2022-10-20 01:29:36,402 [pool-118-thread-1] INFO  server.RaftServerConfigKeys (ConfUtils.java:logGet(46)) - raft.server.log.statemachine.data.sync = true (default)
2022-10-20 01:29:36,402 [pool-118-thread-1] INFO  server.RaftServerConfigKeys (ConfUtils.java:logGet(46)) - raft.server.log.statemachine.data.sync.timeout = 10s (default)
2022-10-20 01:29:36,402 [pool-118-thread-1] INFO  server.RaftServerConfigKeys (ConfUtils.java:logGet(46)) - raft.server.log.statemachine.data.sync.timeout.retry = -1 (default)
2022-10-20 01:29:36,405 [EventQueue-PipelineReportForPipelineReportHandler] INFO  pipeline.PipelineManagerImpl (PipelineManagerImpl.java:openPipeline(367)) - Pipeline Pipeline[ Id: 2602b44d-7da8-49f1-b378-1f2c47812506, Nodes: 2f412ea8-0081-4ad7-b64d-031dd4a9d4b2{ip: 10.1.0.77, host: fv-az625-379.nkjb25ot11ku3fnowzullr2doh.gx.internal.cloudapp.net, ports: [REPLICATION=36517, RATIS=43519, RATIS_ADMIN=43519, RATIS_SERVER=43519, STANDALONE=44057], networkLocation: /default-rack, certSerialId: null, persistedOpState: IN_SERVICE, persistedOpStateExpiryEpochSec: 0}, ReplicationConfig: RATIS/ONE, State:ALLOCATED, leaderId:2f412ea8-0081-4ad7-b64d-031dd4a9d4b2, CreationTimestamp2022-10-20T01:29:33.407Z[Etc/UTC]] moved to OPEN state
2022-10-20 01:29:36,405 [pool-118-thread-1] INFO  server.RaftServerConfigKeys (ConfUtils.java:logGet(46)) - raft.server.log.write.buffer.size = 1048576 (custom)
2022-10-20 01:29:36,405 [EventQueue-OpenPipelineForHealthyPipelineSafeModeRule] INFO  safemode.SCMSafeModeManager (HealthyPipelineSafeModeRule.java:process(137)) - SCM in safe mode. Healthy pipelines reported count is 0, required healthy pipeline reported count is 1
2022-10-20 01:29:36,406 [pool-118-thread-1] INFO  server.RaftServerConfigKeys (ConfUtils.java:logGet(46)) - raft.server.log.unsafe-flush.enabled = false (default)
2022-10-20 01:29:36,405 [Command processor thread] INFO  commandhandler.CreatePipelineCommandHandler (CreatePipelineCommandHandler.java:handle(113)) - Created Pipeline RATIS THREE PipelineID=815c7a2c-3194-459d-97c8-f3d77823205d.
2022-10-20 01:29:36,407 [pool-118-thread-1] INFO  server.RaftServerConfigKeys (ConfUtils.java:logGet(46)) - raft.server.log.async-flush.enabled = false (default)
2022-10-20 01:29:36,407 [pool-118-thread-1] INFO  server.RaftServerConfigKeys (ConfUtils.java:logGet(46)) - raft.server.log.statemachine.data.caching.enabled = true (custom)
2022-10-20 01:29:36,407 [pool-118-thread-1] INFO  segmented.SegmentedRaftLogWorker (SegmentedRaftLogWorker.java:lambda$new$0(136)) - 2f412ea8-0081-4ad7-b64d-031dd4a9d4b2@group-1F2C47812506-SegmentedRaftLogWorker: flushIndex: setUnconditionally 0 -> -1
2022-10-20 01:29:36,407 [pool-118-thread-1] INFO  segmented.SegmentedRaftLogWorker (SegmentedRaftLogWorker.java:lambda$new$0(136)) - 2f412ea8-0081-4ad7-b64d-031dd4a9d4b2@group-1F2C47812506-SegmentedRaftLogWorker: safeCacheEvictIndex: setUnconditionally 0 -> -1
2022-10-20 01:29:36,407 [pool-118-thread-1] INFO  server.RaftServer$Division (RaftServerImpl.java:start(334)) - 2f412ea8-0081-4ad7-b64d-031dd4a9d4b2@group-1F2C47812506: start as a follower, conf=-1: peers:[2f412ea8-0081-4ad7-b64d-031dd4a9d4b2|rpc:10.1.0.77:43519|priority:1|startupRole:FOLLOWER]|listeners:[], old=null
2022-10-20 01:29:36,407 [pool-118-thread-1] INFO  server.RaftServer$Division (RaftServerImpl.java:setRole(321)) - 2f412ea8-0081-4ad7-b64d-031dd4a9d4b2@group-1F2C47812506: changes role from      null to FOLLOWER at term 0 for startAsFollower
2022-10-20 01:29:36,407 [pool-118-thread-1] INFO  impl.RoleInfo (RoleInfo.java:updateAndGet(139)) - 2f412ea8-0081-4ad7-b64d-031dd4a9d4b2: start 2f412ea8-0081-4ad7-b64d-031dd4a9d4b2@group-1F2C47812506-FollowerState
2022-10-20 01:29:36,407 [pool-118-thread-1] INFO  util.JmxRegister (JmxRegister.java:tryRegister(44)) - Successfully registered JMX Bean with object name Ratis:service=RaftServer,group=group-1F2C47812506,id=2f412ea8-0081-4ad7-b64d-031dd4a9d4b2
2022-10-20 01:29:36,407 [pool-118-thread-1] INFO  server.RaftServerConfigKeys (ConfUtils.java:logGet(46)) - raft.server.snapshot.auto.trigger.enabled = true (custom)
2022-10-20 01:29:36,407 [pool-118-thread-1] INFO  server.RaftServerConfigKeys (ConfUtils.java:logGet(46)) - raft.server.snapshot.auto.trigger.threshold = 10000 (custom)
2022-10-20 01:29:36,407 [pool-118-thread-1] INFO  server.RaftServerConfigKeys (ConfUtils.java:logGet(46)) - raft.server.snapshot.retention.file.num = 5 (custom)
2022-10-20 01:29:36,408 [pool-118-thread-1] INFO  server.RaftServerConfigKeys (ConfUtils.java:logGet(46)) - raft.server.log.purge.upto.snapshot.index = false (default)
2022-10-20 01:29:36,408 [2f412ea8-0081-4ad7-b64d-031dd4a9d4b2@group-1F2C47812506-FollowerState] INFO  server.RaftServerConfigKeys (ConfUtils.java:logFallback(53)) - raft.server.rpc.first-election.timeout.min = 5s (fallback to raft.server.rpc.timeout.min)
2022-10-20 01:29:36,408 [2f412ea8-0081-4ad7-b64d-031dd4a9d4b2@group-1F2C47812506-FollowerState] INFO  server.RaftServerConfigKeys (ConfUtils.java:logFallback(53)) - raft.server.rpc.first-election.timeout.max = 5200ms (fallback to raft.server.rpc.timeout.max)
2022-10-20 01:29:36,408 [Command processor thread] INFO  ratis.XceiverServerRatis (XceiverServerRatis.java:addGroup(765)) - Created group PipelineID=2602b44d-7da8-49f1-b378-1f2c47812506
2022-10-20 01:29:36,408 [Command processor thread] INFO  commandhandler.CreatePipelineCommandHandler (CreatePipelineCommandHandler.java:handle(113)) - Created Pipeline RATIS ONE PipelineID=2602b44d-7da8-49f1-b378-1f2c47812506.
2022-10-20 01:29:36,720 [Listener at 127.0.0.1/41123] INFO  ozone.MiniOzoneClusterImpl (MiniOzoneClusterImpl.java:lambda$waitForClusterToBeReady$0(216)) - Nodes are ready. Got 10 of 10 DN Heartbeats.
2022-10-20 01:29:36,720 [Listener at 127.0.0.1/41123] INFO  ozone.MiniOzoneClusterImpl (MiniOzoneClusterImpl.java:lambda$waitForClusterToBeReady$0(219)) - Waiting for cluster to exit safe mode
2022-10-20 01:29:36,720 [Listener at 127.0.0.1/41123] INFO  ozone.MiniOzoneClusterImpl (MiniOzoneClusterImpl.java:lambda$waitForClusterToBeReady$0(221)) - SCM became leader
2022-10-20 01:29:36,732 [Command processor thread] INFO  server.RaftServer (RaftServerProxy.java:addNew(96)) - 0cbed28b-7e2e-4c55-93c4-a5222a360620: addNew group-35C507FEBB33:[0cbed28b-7e2e-4c55-93c4-a5222a360620|rpc:10.1.0.77:41783|priority:1|startupRole:FOLLOWER] returns group-35C507FEBB33:java.util.concurrent.CompletableFuture@751b2b48[Not completed]
2022-10-20 01:29:36,733 [pool-141-thread-1] INFO  server.RaftServer$Division (RaftServerImpl.java:<init>(195)) - 0cbed28b-7e2e-4c55-93c4-a5222a360620: new RaftServerImpl for group-35C507FEBB33:[0cbed28b-7e2e-4c55-93c4-a5222a360620|rpc:10.1.0.77:41783|priority:1|startupRole:FOLLOWER] with ContainerStateMachine:uninitialized
2022-10-20 01:29:36,734 [pool-141-thread-1] INFO  server.RaftServerConfigKeys (ConfUtils.java:logGet(46)) - raft.server.rpc.timeout.min = 5s (custom)
2022-10-20 01:29:36,734 [pool-141-thread-1] INFO  server.RaftServerConfigKeys (ConfUtils.java:logGet(46)) - raft.server.rpc.timeout.max = 5200ms (custom)
2022-10-20 01:29:36,734 [pool-141-thread-1] INFO  server.RaftServerConfigKeys (ConfUtils.java:logGet(46)) - raft.server.rpc.sleep.time = 25ms (default)
2022-10-20 01:29:36,734 [pool-141-thread-1] INFO  server.RaftServerConfigKeys (ConfUtils.java:logGet(46)) - raft.server.rpc.slowness.timeout = 300s (custom)
2022-10-20 01:29:36,734 [pool-141-thread-1] INFO  server.RaftServerConfigKeys (ConfUtils.java:logGet(46)) - raft.server.leaderelection.leader.step-down.wait-time = 10s (default)
2022-10-20 01:29:36,734 [pool-141-thread-1] INFO  server.RaftServerConfigKeys (ConfUtils.java:logGet(46)) - raft.server.sleep.deviation.threshold = 300ms (default)
2022-10-20 01:29:36,734 [pool-141-thread-1] INFO  server.RaftServer$Division (ServerState.java:<init>(118)) - 0cbed28b-7e2e-4c55-93c4-a5222a360620@group-35C507FEBB33: ConfigurationManager, init=-1: peers:[0cbed28b-7e2e-4c55-93c4-a5222a360620|rpc:10.1.0.77:41783|priority:1|startupRole:FOLLOWER]|listeners:[], old=null, confs=<EMPTY_MAP>
2022-10-20 01:29:36,734 [pool-141-thread-1] INFO  server.RaftServerConfigKeys (ConfUtils.java:logGet(46)) - raft.server.storage.dir = [/home/runner/work/ozone/ozone/hadoop-ozone/integration-test/target/test-dir/MiniOzoneClusterImpl-1c2b738d-be74-4a40-b887-8630efe04021/datanode-3/data/ratis] (custom)
2022-10-20 01:29:36,734 [pool-141-thread-1] INFO  server.RaftServerConfigKeys (ConfUtils.java:logGet(46)) - raft.server.log.corruption.policy = EXCEPTION (default)
2022-10-20 01:29:36,734 [pool-141-thread-1] INFO  server.RaftServerConfigKeys (ConfUtils.java:logGet(46)) - raft.server.storage.free-space.min = 0MB (=0) (default)
2022-10-20 01:29:36,734 [pool-141-thread-1] INFO  server.RaftServerConfigKeys (ConfUtils.java:logGet(46)) - raft.server.notification.no-leader.timeout = 300s (custom)
2022-10-20 01:29:36,734 [pool-141-thread-1] INFO  server.RaftServerConfigKeys (ConfUtils.java:logGet(46)) - raft.server.retrycache.expirytime = 600000ms (custom)
2022-10-20 01:29:36,734 [pool-141-thread-1] INFO  server.RaftServerConfigKeys (ConfUtils.java:logGet(46)) - raft.server.retrycache.statistics.expirytime = 100μs (default)
2022-10-20 01:29:36,736 [pool-141-thread-1] INFO  server.RaftServerConfigKeys (ConfUtils.java:logGet(46)) - raft.server.log.appender.install.snapshot.enabled = false (custom)
2022-10-20 01:29:36,736 [pool-141-thread-1] INFO  server.RaftServerConfigKeys (ConfUtils.java:logGet(46)) - raft.server.threadpool.server.cached = true (default)
2022-10-20 01:29:36,736 [pool-141-thread-1] INFO  server.RaftServerConfigKeys (ConfUtils.java:logGet(46)) - raft.server.threadpool.server.size = 0 (default)
2022-10-20 01:29:36,736 [pool-141-thread-1] INFO  server.RaftServerConfigKeys (ConfUtils.java:logGet(46)) - raft.server.threadpool.client.cached = true (default)
2022-10-20 01:29:36,736 [pool-141-thread-1] INFO  server.RaftServerConfigKeys (ConfUtils.java:logGet(46)) - raft.server.threadpool.client.size = 0 (default)
2022-10-20 01:29:36,736 [pool-141-thread-1] INFO  storage.RaftStorageDirectory (RaftStorageDirectoryImpl.java:analyzeStorage(137)) - The storage directory /home/runner/work/ozone/ozone/hadoop-ozone/integration-test/target/test-dir/MiniOzoneClusterImpl-1c2b738d-be74-4a40-b887-8630efe04021/datanode-3/data/ratis/acb19e7a-effa-4b36-9e10-35c507febb33 does not exist. Creating ...
2022-10-20 01:29:36,738 [pool-141-thread-1] INFO  storage.RaftStorageDirectory (RaftStorageDirectoryImpl.java:tryLock(231)) - Lock on /home/runner/work/ozone/ozone/hadoop-ozone/integration-test/target/test-dir/MiniOzoneClusterImpl-1c2b738d-be74-4a40-b887-8630efe04021/datanode-3/data/ratis/acb19e7a-effa-4b36-9e10-35c507febb33/in_use.lock acquired by nodename 55363@fv-az625-379
2022-10-20 01:29:36,739 [pool-141-thread-1] INFO  storage.RaftStorage (RaftStorageImpl.java:format(96)) - Storage directory /home/runner/work/ozone/ozone/hadoop-ozone/integration-test/target/test-dir/MiniOzoneClusterImpl-1c2b738d-be74-4a40-b887-8630efe04021/datanode-3/data/ratis/acb19e7a-effa-4b36-9e10-35c507febb33 has been successfully formatted.
2022-10-20 01:29:36,740 [pool-141-thread-1] INFO  ratis.ContainerStateMachine (ContainerStateMachine.java:loadSnapshot(236)) - group-35C507FEBB33: The snapshot info is null. Setting the last applied indexto:(t:0, i:~)
2022-10-20 01:29:36,740 [pool-141-thread-1] INFO  server.RaftServerConfigKeys (ConfUtils.java:logGet(46)) - raft.server.log.use.memory = false (default)
2022-10-20 01:29:36,740 [pool-141-thread-1] INFO  server.RaftServerConfigKeys (ConfUtils.java:logGet(46)) - raft.server.log.purge.gap = 1000000 (custom)
2022-10-20 01:29:36,740 [pool-141-thread-1] INFO  server.RaftServerConfigKeys (ConfUtils.java:logGet(46)) - raft.server.log.appender.buffer.byte-limit = 33554432 (custom)
2022-10-20 01:29:36,740 [pool-141-thread-1] INFO  server.RaftServerConfigKeys (ConfUtils.java:logGet(46)) - raft.server.log.statemachine.data.read.timeout = 1000ms (default)
2022-10-20 01:29:36,740 [pool-141-thread-1] INFO  server.RaftServerConfigKeys (ConfUtils.java:logGet(46)) - raft.server.log.purge.preservation.log.num = 0 (default)
2022-10-20 01:29:36,740 [pool-141-thread-1] INFO  server.RaftServerConfigKeys (ConfUtils.java:logGet(46)) - raft.server.log.segment.size.max = 1048576 (custom)
2022-10-20 01:29:36,741 [EventQueue-PipelineReportForPipelineReportHandler] INFO  pipeline.PipelineManagerImpl (PipelineManagerImpl.java:openPipeline(367)) - Pipeline Pipeline[ Id: acb19e7a-effa-4b36-9e10-35c507febb33, Nodes: 0cbed28b-7e2e-4c55-93c4-a5222a360620{ip: 10.1.0.77, host: fv-az625-379.nkjb25ot11ku3fnowzullr2doh.gx.internal.cloudapp.net, ports: [REPLICATION=43593, RATIS=41783, RATIS_ADMIN=41783, RATIS_SERVER=41783, STANDALONE=33011], networkLocation: /default-rack, certSerialId: null, persistedOpState: IN_SERVICE, persistedOpStateExpiryEpochSec: 0}, ReplicationConfig: RATIS/ONE, State:ALLOCATED, leaderId:0cbed28b-7e2e-4c55-93c4-a5222a360620, CreationTimestamp2022-10-20T01:29:33.730Z[Etc/UTC]] moved to OPEN state
2022-10-20 01:29:36,741 [pool-141-thread-1] INFO  server.RaftServerConfigKeys (ConfUtils.java:logGet(46)) - raft.server.log.segment.cache.num.max = 2 (custom)
2022-10-20 01:29:36,741 [pool-141-thread-1] INFO  server.RaftServerConfigKeys (ConfUtils.java:logGet(46)) - raft.server.log.segment.cache.size.max = 200MB (=209715200) (default)
2022-10-20 01:29:36,741 [EventQueue-OpenPipelineForHealthyPipelineSafeModeRule] INFO  safemode.SCMSafeModeManager (HealthyPipelineSafeModeRule.java:process(137)) - SCM in safe mode. Healthy pipelines reported count is 0, required healthy pipeline reported count is 1
2022-10-20 01:29:36,742 [pool-141-thread-1] INFO  segmented.SegmentedRaftLogWorker (SegmentedRaftLogWorker.java:<init>(191)) - new 0cbed28b-7e2e-4c55-93c4-a5222a360620@group-35C507FEBB33-SegmentedRaftLogWorker for RaftStorageImpl:Storage Directory /home/runner/work/ozone/ozone/hadoop-ozone/integration-test/target/test-dir/MiniOzoneClusterImpl-1c2b738d-be74-4a40-b887-8630efe04021/datanode-3/data/ratis/acb19e7a-effa-4b36-9e10-35c507febb33
2022-10-20 01:29:36,742 [pool-141-thread-1] INFO  server.RaftServerConfigKeys (ConfUtils.java:logGet(46)) - raft.server.log.queue.byte-limit = 4294967296 (custom)
2022-10-20 01:29:36,742 [pool-141-thread-1] INFO  server.RaftServerConfigKeys (ConfUtils.java:logGet(46)) - raft.server.log.queue.element-limit = 1024 (custom)
2022-10-20 01:29:36,742 [pool-141-thread-1] INFO  server.RaftServerConfigKeys (ConfUtils.java:logGet(46)) - raft.server.log.segment.size.max = 1048576 (custom)
2022-10-20 01:29:36,742 [pool-141-thread-1] INFO  server.RaftServerConfigKeys (ConfUtils.java:logGet(46)) - raft.server.log.preallocated.size = 16384 (custom)
2022-10-20 01:29:36,742 [pool-141-thread-1] INFO  server.RaftServerConfigKeys (ConfUtils.java:logGet(46)) - raft.server.log.force.sync.num = 128 (default)
2022-10-20 01:29:36,742 [pool-141-thread-1] INFO  server.RaftServerConfigKeys (ConfUtils.java:logGet(46)) - raft.server.log.statemachine.data.sync = true (default)
2022-10-20 01:29:36,742 [pool-141-thread-1] INFO  server.RaftServerConfigKeys (ConfUtils.java:logGet(46)) - raft.server.log.statemachine.data.sync.timeout = 10s (default)
2022-10-20 01:29:36,742 [pool-141-thread-1] INFO  server.RaftServerConfigKeys (ConfUtils.java:logGet(46)) - raft.server.log.statemachine.data.sync.timeout.retry = -1 (default)
2022-10-20 01:29:36,743 [pool-141-thread-1] INFO  server.RaftServerConfigKeys (ConfUtils.java:logGet(46)) - raft.server.log.write.buffer.size = 1048576 (custom)
2022-10-20 01:29:36,743 [pool-141-thread-1] INFO  server.RaftServerConfigKeys (ConfUtils.java:logGet(46)) - raft.server.log.unsafe-flush.enabled = false (default)
2022-10-20 01:29:36,744 [pool-141-thread-1] INFO  server.RaftServerConfigKeys (ConfUtils.java:logGet(46)) - raft.server.log.async-flush.enabled = false (default)
2022-10-20 01:29:36,744 [pool-141-thread-1] INFO  server.RaftServerConfigKeys (ConfUtils.java:logGet(46)) - raft.server.log.statemachine.data.caching.enabled = true (custom)
2022-10-20 01:29:36,744 [pool-141-thread-1] INFO  segmented.SegmentedRaftLogWorker (SegmentedRaftLogWorker.java:lambda$new$0(136)) - 0cbed28b-7e2e-4c55-93c4-a5222a360620@group-35C507FEBB33-SegmentedRaftLogWorker: flushIndex: setUnconditionally 0 -> -1
2022-10-20 01:29:36,744 [pool-141-thread-1] INFO  segmented.SegmentedRaftLogWorker (SegmentedRaftLogWorker.java:lambda$new$0(136)) - 0cbed28b-7e2e-4c55-93c4-a5222a360620@group-35C507FEBB33-SegmentedRaftLogWorker: safeCacheEvictIndex: setUnconditionally 0 -> -1
2022-10-20 01:29:36,744 [pool-141-thread-1] INFO  server.RaftServer$Division (RaftServerImpl.java:start(334)) - 0cbed28b-7e2e-4c55-93c4-a5222a360620@group-35C507FEBB33: start as a follower, conf=-1: peers:[0cbed28b-7e2e-4c55-93c4-a5222a360620|rpc:10.1.0.77:41783|priority:1|startupRole:FOLLOWER]|listeners:[], old=null
2022-10-20 01:29:36,744 [pool-141-thread-1] INFO  server.RaftServer$Division (RaftServerImpl.java:setRole(321)) - 0cbed28b-7e2e-4c55-93c4-a5222a360620@group-35C507FEBB33: changes role from      null to FOLLOWER at term 0 for startAsFollower
2022-10-20 01:29:36,744 [pool-141-thread-1] INFO  impl.RoleInfo (RoleInfo.java:updateAndGet(139)) - 0cbed28b-7e2e-4c55-93c4-a5222a360620: start 0cbed28b-7e2e-4c55-93c4-a5222a360620@group-35C507FEBB33-FollowerState
2022-10-20 01:29:36,744 [pool-141-thread-1] INFO  util.JmxRegister (JmxRegister.java:tryRegister(44)) - Successfully registered JMX Bean with object name Ratis:service=RaftServer,group=group-35C507FEBB33,id=0cbed28b-7e2e-4c55-93c4-a5222a360620
2022-10-20 01:29:36,744 [pool-141-thread-1] INFO  server.RaftServerConfigKeys (ConfUtils.java:logGet(46)) - raft.server.snapshot.auto.trigger.enabled = true (custom)
2022-10-20 01:29:36,744 [pool-141-thread-1] INFO  server.RaftServerConfigKeys (ConfUtils.java:logGet(46)) - raft.server.snapshot.auto.trigger.threshold = 10000 (custom)
2022-10-20 01:29:36,744 [pool-141-thread-1] INFO  server.RaftServerConfigKeys (ConfUtils.java:logGet(46)) - raft.server.snapshot.retention.file.num = 5 (custom)
2022-10-20 01:29:36,744 [pool-141-thread-1] INFO  server.RaftServerConfigKeys (ConfUtils.java:logGet(46)) - raft.server.log.purge.upto.snapshot.index = false (default)
2022-10-20 01:29:36,745 [0cbed28b-7e2e-4c55-93c4-a5222a360620@group-35C507FEBB33-FollowerState] INFO  server.RaftServerConfigKeys (ConfUtils.java:logFallback(53)) - raft.server.rpc.first-election.timeout.min = 5s (fallback to raft.server.rpc.timeout.min)
2022-10-20 01:29:36,745 [0cbed28b-7e2e-4c55-93c4-a5222a360620@group-35C507FEBB33-FollowerState] INFO  server.RaftServerConfigKeys (ConfUtils.java:logFallback(53)) - raft.server.rpc.first-election.timeout.max = 5200ms (fallback to raft.server.rpc.timeout.max)
2022-10-20 01:29:36,750 [Command processor thread] INFO  ratis.XceiverServerRatis (XceiverServerRatis.java:addGroup(765)) - Created group PipelineID=acb19e7a-effa-4b36-9e10-35c507febb33
2022-10-20 01:29:36,750 [Command processor thread] INFO  commandhandler.CreatePipelineCommandHandler (CreatePipelineCommandHandler.java:handle(113)) - Created Pipeline RATIS ONE PipelineID=acb19e7a-effa-4b36-9e10-35c507febb33.
2022-10-20 01:29:36,751 [Command processor thread] INFO  server.RaftServer (RaftServerProxy.java:addNew(96)) - 0cbed28b-7e2e-4c55-93c4-a5222a360620: addNew group-C5DF1AF2A9A6:[6712d1d5-3f8e-46d5-b100-7ccc5411605f|rpc:10.1.0.77:37929|priority:0|startupRole:FOLLOWER, 0cbed28b-7e2e-4c55-93c4-a5222a360620|rpc:10.1.0.77:41783|priority:0|startupRole:FOLLOWER, 2c0de523-4fef-49d4-a7e7-019bfd407efe|rpc:10.1.0.77:37771|priority:1|startupRole:FOLLOWER] returns group-C5DF1AF2A9A6:java.util.concurrent.CompletableFuture@7124a133[Not completed]
2022-10-20 01:29:36,751 [pool-141-thread-1] INFO  server.RaftServer$Division (RaftServerImpl.java:<init>(195)) - 0cbed28b-7e2e-4c55-93c4-a5222a360620: new RaftServerImpl for group-C5DF1AF2A9A6:[6712d1d5-3f8e-46d5-b100-7ccc5411605f|rpc:10.1.0.77:37929|priority:0|startupRole:FOLLOWER, 0cbed28b-7e2e-4c55-93c4-a5222a360620|rpc:10.1.0.77:41783|priority:0|startupRole:FOLLOWER, 2c0de523-4fef-49d4-a7e7-019bfd407efe|rpc:10.1.0.77:37771|priority:1|startupRole:FOLLOWER] with ContainerStateMachine:uninitialized
2022-10-20 01:29:36,751 [pool-141-thread-1] INFO  server.RaftServerConfigKeys (ConfUtils.java:logGet(46)) - raft.server.rpc.timeout.min = 5s (custom)
2022-10-20 01:29:36,752 [pool-141-thread-1] INFO  server.RaftServerConfigKeys (ConfUtils.java:logGet(46)) - raft.server.rpc.timeout.max = 5200ms (custom)
2022-10-20 01:29:36,752 [pool-141-thread-1] INFO  server.RaftServerConfigKeys (ConfUtils.java:logGet(46)) - raft.server.rpc.sleep.time = 25ms (default)
2022-10-20 01:29:36,752 [pool-141-thread-1] INFO  server.RaftServerConfigKeys (ConfUtils.java:logGet(46)) - raft.server.rpc.slowness.timeout = 300s (custom)
2022-10-20 01:29:36,752 [pool-141-thread-1] INFO  server.RaftServerConfigKeys (ConfUtils.java:logGet(46)) - raft.server.leaderelection.leader.step-down.wait-time = 10s (default)
2022-10-20 01:29:36,752 [pool-141-thread-1] INFO  server.RaftServerConfigKeys (ConfUtils.java:logGet(46)) - raft.server.sleep.deviation.threshold = 300ms (default)
2022-10-20 01:29:36,752 [pool-141-thread-1] INFO  server.RaftServer$Division (ServerState.java:<init>(118)) - 0cbed28b-7e2e-4c55-93c4-a5222a360620@group-C5DF1AF2A9A6: ConfigurationManager, init=-1: peers:[6712d1d5-3f8e-46d5-b100-7ccc5411605f|rpc:10.1.0.77:37929|priority:0|startupRole:FOLLOWER, 0cbed28b-7e2e-4c55-93c4-a5222a360620|rpc:10.1.0.77:41783|priority:0|startupRole:FOLLOWER, 2c0de523-4fef-49d4-a7e7-019bfd407efe|rpc:10.1.0.77:37771|priority:1|startupRole:FOLLOWER]|listeners:[], old=null, confs=<EMPTY_MAP>
2022-10-20 01:29:36,752 [pool-141-thread-1] INFO  server.RaftServerConfigKeys (ConfUtils.java:logGet(46)) - raft.server.storage.dir = [/home/runner/work/ozone/ozone/hadoop-ozone/integration-test/target/test-dir/MiniOzoneClusterImpl-1c2b738d-be74-4a40-b887-8630efe04021/datanode-3/data/ratis] (custom)
2022-10-20 01:29:36,752 [pool-141-thread-1] INFO  server.RaftServerConfigKeys (ConfUtils.java:logGet(46)) - raft.server.log.corruption.policy = EXCEPTION (default)
2022-10-20 01:29:36,752 [pool-141-thread-1] INFO  server.RaftServerConfigKeys (ConfUtils.java:logGet(46)) - raft.server.storage.free-space.min = 0MB (=0) (default)
2022-10-20 01:29:36,752 [pool-141-thread-1] INFO  server.RaftServerConfigKeys (ConfUtils.java:logGet(46)) - raft.server.notification.no-leader.timeout = 300s (custom)
2022-10-20 01:29:36,752 [pool-141-thread-1] INFO  server.RaftServerConfigKeys (ConfUtils.java:logGet(46)) - raft.server.retrycache.expirytime = 600000ms (custom)
2022-10-20 01:29:36,752 [pool-141-thread-1] INFO  server.RaftServerConfigKeys (ConfUtils.java:logGet(46)) - raft.server.retrycache.statistics.expirytime = 100μs (default)
2022-10-20 01:29:36,753 [pool-141-thread-1] INFO  server.RaftServerConfigKeys (ConfUtils.java:logGet(46)) - raft.server.log.appender.install.snapshot.enabled = false (custom)
2022-10-20 01:29:36,753 [pool-141-thread-1] INFO  server.RaftServerConfigKeys (ConfUtils.java:logGet(46)) - raft.server.threadpool.server.cached = true (default)
2022-10-20 01:29:36,753 [pool-141-thread-1] INFO  server.RaftServerConfigKeys (ConfUtils.java:logGet(46)) - raft.server.threadpool.server.size = 0 (default)
2022-10-20 01:29:36,754 [pool-141-thread-1] INFO  server.RaftServerConfigKeys (ConfUtils.java:logGet(46)) - raft.server.threadpool.client.cached = true (default)
2022-10-20 01:29:36,754 [pool-141-thread-1] INFO  server.RaftServerConfigKeys (ConfUtils.java:logGet(46)) - raft.server.threadpool.client.size = 0 (default)
2022-10-20 01:29:36,754 [pool-141-thread-1] INFO  storage.RaftStorageDirectory (RaftStorageDirectoryImpl.java:analyzeStorage(137)) - The storage directory /home/runner/work/ozone/ozone/hadoop-ozone/integration-test/target/test-dir/MiniOzoneClusterImpl-1c2b738d-be74-4a40-b887-8630efe04021/datanode-3/data/ratis/84989091-dc1d-4fde-9f47-c5df1af2a9a6 does not exist. Creating ...
2022-10-20 01:29:36,754 [pool-141-thread-1] INFO  storage.RaftStorageDirectory (RaftStorageDirectoryImpl.java:tryLock(231)) - Lock on /home/runner/work/ozone/ozone/hadoop-ozone/integration-test/target/test-dir/MiniOzoneClusterImpl-1c2b738d-be74-4a40-b887-8630efe04021/datanode-3/data/ratis/84989091-dc1d-4fde-9f47-c5df1af2a9a6/in_use.lock acquired by nodename 55363@fv-az625-379
2022-10-20 01:29:36,755 [pool-141-thread-1] INFO  storage.RaftStorage (RaftStorageImpl.java:format(96)) - Storage directory /home/runner/work/ozone/ozone/hadoop-ozone/integration-test/target/test-dir/MiniOzoneClusterImpl-1c2b738d-be74-4a40-b887-8630efe04021/datanode-3/data/ratis/84989091-dc1d-4fde-9f47-c5df1af2a9a6 has been successfully formatted.
2022-10-20 01:29:36,755 [pool-141-thread-1] INFO  ratis.ContainerStateMachine (ContainerStateMachine.java:loadSnapshot(236)) - group-C5DF1AF2A9A6: The snapshot info is null. Setting the last applied indexto:(t:0, i:~)
2022-10-20 01:29:36,755 [pool-141-thread-1] INFO  server.RaftServerConfigKeys (ConfUtils.java:logGet(46)) - raft.server.log.use.memory = false (default)
2022-10-20 01:29:36,756 [pool-141-thread-1] INFO  server.RaftServerConfigKeys (ConfUtils.java:logGet(46)) - raft.server.log.purge.gap = 1000000 (custom)
2022-10-20 01:29:36,756 [pool-141-thread-1] INFO  server.RaftServerConfigKeys (ConfUtils.java:logGet(46)) - raft.server.log.appender.buffer.byte-limit = 33554432 (custom)
2022-10-20 01:29:36,756 [pool-141-thread-1] INFO  server.RaftServerConfigKeys (ConfUtils.java:logGet(46)) - raft.server.log.statemachine.data.read.timeout = 1000ms (default)
2022-10-20 01:29:36,756 [pool-141-thread-1] INFO  server.RaftServerConfigKeys (ConfUtils.java:logGet(46)) - raft.server.log.purge.preservation.log.num = 0 (default)
2022-10-20 01:29:36,757 [EventQueue-OpenPipelineForHealthyPipelineSafeModeRule] INFO  safemode.SCMSafeModeManager (HealthyPipelineSafeModeRule.java:process(137)) - SCM in safe mode. Healthy pipelines reported count is 0, required healthy pipeline reported count is 1
2022-10-20 01:29:36,757 [pool-141-thread-1] INFO  server.RaftServerConfigKeys (ConfUtils.java:logGet(46)) - raft.server.log.segment.size.max = 1048576 (custom)
2022-10-20 01:29:36,758 [pool-141-thread-1] INFO  server.RaftServerConfigKeys (ConfUtils.java:logGet(46)) - raft.server.log.segment.cache.num.max = 2 (custom)
2022-10-20 01:29:36,758 [pool-141-thread-1] INFO  server.RaftServerConfigKeys (ConfUtils.java:logGet(46)) - raft.server.log.segment.cache.size.max = 200MB (=209715200) (default)
2022-10-20 01:29:36,758 [pool-141-thread-1] INFO  segmented.SegmentedRaftLogWorker (SegmentedRaftLogWorker.java:<init>(191)) - new 0cbed28b-7e2e-4c55-93c4-a5222a360620@group-C5DF1AF2A9A6-SegmentedRaftLogWorker for RaftStorageImpl:Storage Directory /home/runner/work/ozone/ozone/hadoop-ozone/integration-test/target/test-dir/MiniOzoneClusterImpl-1c2b738d-be74-4a40-b887-8630efe04021/datanode-3/data/ratis/84989091-dc1d-4fde-9f47-c5df1af2a9a6
2022-10-20 01:29:36,758 [pool-141-thread-1] INFO  server.RaftServerConfigKeys (ConfUtils.java:logGet(46)) - raft.server.log.queue.byte-limit = 4294967296 (custom)
2022-10-20 01:29:36,758 [pool-141-thread-1] INFO  server.RaftServerConfigKeys (ConfUtils.java:logGet(46)) - raft.server.log.queue.element-limit = 1024 (custom)
2022-10-20 01:29:36,758 [pool-141-thread-1] INFO  server.RaftServerConfigKeys (ConfUtils.java:logGet(46)) - raft.server.log.segment.size.max = 1048576 (custom)
2022-10-20 01:29:36,759 [pool-141-thread-1] INFO  server.RaftServerConfigKeys (ConfUtils.java:logGet(46)) - raft.server.log.preallocated.size = 16384 (custom)
2022-10-20 01:29:36,759 [pool-141-thread-1] INFO  server.RaftServerConfigKeys (ConfUtils.java:logGet(46)) - raft.server.log.force.sync.num = 128 (default)
2022-10-20 01:29:36,759 [pool-141-thread-1] INFO  server.RaftServerConfigKeys (ConfUtils.java:logGet(46)) - raft.server.log.statemachine.data.sync = true (default)
2022-10-20 01:29:36,759 [pool-141-thread-1] INFO  server.RaftServerConfigKeys (ConfUtils.java:logGet(46)) - raft.server.log.statemachine.data.sync.timeout = 10s (default)
2022-10-20 01:29:36,759 [pool-141-thread-1] INFO  server.RaftServerConfigKeys (ConfUtils.java:logGet(46)) - raft.server.log.statemachine.data.sync.timeout.retry = -1 (default)
2022-10-20 01:29:36,760 [pool-141-thread-1] INFO  server.RaftServerConfigKeys (ConfUtils.java:logGet(46)) - raft.server.log.write.buffer.size = 1048576 (custom)
2022-10-20 01:29:36,760 [pool-141-thread-1] INFO  server.RaftServerConfigKeys (ConfUtils.java:logGet(46)) - raft.server.log.unsafe-flush.enabled = false (default)
2022-10-20 01:29:36,760 [pool-141-thread-1] INFO  server.RaftServerConfigKeys (ConfUtils.java:logGet(46)) - raft.server.log.async-flush.enabled = false (default)
2022-10-20 01:29:36,760 [pool-141-thread-1] INFO  server.RaftServerConfigKeys (ConfUtils.java:logGet(46)) - raft.server.log.statemachine.data.caching.enabled = true (custom)
2022-10-20 01:29:36,760 [pool-141-thread-1] INFO  segmented.SegmentedRaftLogWorker (SegmentedRaftLogWorker.java:lambda$new$0(136)) - 0cbed28b-7e2e-4c55-93c4-a5222a360620@group-C5DF1AF2A9A6-SegmentedRaftLogWorker: flushIndex: setUnconditionally 0 -> -1
2022-10-20 01:29:36,760 [pool-141-thread-1] INFO  segmented.SegmentedRaftLogWorker (SegmentedRaftLogWorker.java:lambda$new$0(136)) - 0cbed28b-7e2e-4c55-93c4-a5222a360620@group-C5DF1AF2A9A6-SegmentedRaftLogWorker: safeCacheEvictIndex: setUnconditionally 0 -> -1
2022-10-20 01:29:36,761 [pool-141-thread-1] INFO  server.RaftServer$Division (RaftServerImpl.java:start(334)) - 0cbed28b-7e2e-4c55-93c4-a5222a360620@group-C5DF1AF2A9A6: start as a follower, conf=-1: peers:[6712d1d5-3f8e-46d5-b100-7ccc5411605f|rpc:10.1.0.77:37929|priority:0|startupRole:FOLLOWER, 0cbed28b-7e2e-4c55-93c4-a5222a360620|rpc:10.1.0.77:41783|priority:0|startupRole:FOLLOWER, 2c0de523-4fef-49d4-a7e7-019bfd407efe|rpc:10.1.0.77:37771|priority:1|startupRole:FOLLOWER]|listeners:[], old=null
2022-10-20 01:29:36,761 [pool-141-thread-1] INFO  server.RaftServer$Division (RaftServerImpl.java:setRole(321)) - 0cbed28b-7e2e-4c55-93c4-a5222a360620@group-C5DF1AF2A9A6: changes role from      null to FOLLOWER at term 0 for startAsFollower
2022-10-20 01:29:36,761 [pool-141-thread-1] INFO  impl.RoleInfo (RoleInfo.java:updateAndGet(139)) - 0cbed28b-7e2e-4c55-93c4-a5222a360620: start 0cbed28b-7e2e-4c55-93c4-a5222a360620@group-C5DF1AF2A9A6-FollowerState
2022-10-20 01:29:36,761 [pool-141-thread-1] INFO  util.JmxRegister (JmxRegister.java:tryRegister(44)) - Successfully registered JMX Bean with object name Ratis:service=RaftServer,group=group-C5DF1AF2A9A6,id=0cbed28b-7e2e-4c55-93c4-a5222a360620
2022-10-20 01:29:36,761 [pool-141-thread-1] INFO  server.RaftServerConfigKeys (ConfUtils.java:logGet(46)) - raft.server.snapshot.auto.trigger.enabled = true (custom)
2022-10-20 01:29:36,761 [pool-141-thread-1] INFO  server.RaftServerConfigKeys (ConfUtils.java:logGet(46)) - raft.server.snapshot.auto.trigger.threshold = 10000 (custom)
2022-10-20 01:29:36,761 [pool-141-thread-1] INFO  server.RaftServerConfigKeys (ConfUtils.java:logGet(46)) - raft.server.snapshot.retention.file.num = 5 (custom)
2022-10-20 01:29:36,761 [pool-141-thread-1] INFO  server.RaftServerConfigKeys (ConfUtils.java:logGet(46)) - raft.server.log.purge.upto.snapshot.index = false (default)
2022-10-20 01:29:36,762 [0cbed28b-7e2e-4c55-93c4-a5222a360620@group-C5DF1AF2A9A6-FollowerState] INFO  server.RaftServerConfigKeys (ConfUtils.java:logFallback(53)) - raft.server.rpc.first-election.timeout.min = 5s (fallback to raft.server.rpc.timeout.min)
2022-10-20 01:29:36,762 [0cbed28b-7e2e-4c55-93c4-a5222a360620@group-C5DF1AF2A9A6-FollowerState] INFO  server.RaftServerConfigKeys (ConfUtils.java:logFallback(53)) - raft.server.rpc.first-election.timeout.max = 5200ms (fallback to raft.server.rpc.timeout.max)
2022-10-20 01:29:36,762 [Command processor thread] INFO  ratis.XceiverServerRatis (XceiverServerRatis.java:addGroup(765)) - Created group PipelineID=84989091-dc1d-4fde-9f47-c5df1af2a9a6
2022-10-20 01:29:36,773 [grpc-default-executor-1] INFO  server.RaftServer (RaftServerProxy.java:addNew(96)) - 2c0de523-4fef-49d4-a7e7-019bfd407efe: addNew group-C5DF1AF2A9A6:[6712d1d5-3f8e-46d5-b100-7ccc5411605f|rpc:10.1.0.77:37929|dataStream:|priority:0|startupRole:FOLLOWER, 0cbed28b-7e2e-4c55-93c4-a5222a360620|rpc:10.1.0.77:41783|dataStream:|priority:0|startupRole:FOLLOWER, 2c0de523-4fef-49d4-a7e7-019bfd407efe|rpc:10.1.0.77:37771|dataStream:|priority:1|startupRole:FOLLOWER] returns group-C5DF1AF2A9A6:java.util.concurrent.CompletableFuture@732c2cb2[Not completed]
2022-10-20 01:29:36,774 [pool-164-thread-1] INFO  server.RaftServer$Division (RaftServerImpl.java:<init>(195)) - 2c0de523-4fef-49d4-a7e7-019bfd407efe: new RaftServerImpl for group-C5DF1AF2A9A6:[6712d1d5-3f8e-46d5-b100-7ccc5411605f|rpc:10.1.0.77:37929|dataStream:|priority:0|startupRole:FOLLOWER, 0cbed28b-7e2e-4c55-93c4-a5222a360620|rpc:10.1.0.77:41783|dataStream:|priority:0|startupRole:FOLLOWER, 2c0de523-4fef-49d4-a7e7-019bfd407efe|rpc:10.1.0.77:37771|dataStream:|priority:1|startupRole:FOLLOWER] with ContainerStateMachine:uninitialized
2022-10-20 01:29:36,774 [pool-164-thread-1] INFO  server.RaftServerConfigKeys (ConfUtils.java:logGet(46)) - raft.server.rpc.timeout.min = 5s (custom)
2022-10-20 01:29:36,774 [pool-164-thread-1] INFO  server.RaftServerConfigKeys (ConfUtils.java:logGet(46)) - raft.server.rpc.timeout.max = 5200ms (custom)
2022-10-20 01:29:36,774 [pool-164-thread-1] INFO  server.RaftServerConfigKeys (ConfUtils.java:logGet(46)) - raft.server.rpc.sleep.time = 25ms (default)
2022-10-20 01:29:36,774 [pool-164-thread-1] INFO  server.RaftServerConfigKeys (ConfUtils.java:logGet(46)) - raft.server.rpc.slowness.timeout = 300s (custom)
2022-10-20 01:29:36,774 [pool-164-thread-1] INFO  server.RaftServerConfigKeys (ConfUtils.java:logGet(46)) - raft.server.leaderelection.leader.step-down.wait-time = 10s (default)
2022-10-20 01:29:36,774 [pool-164-thread-1] INFO  server.RaftServerConfigKeys (ConfUtils.java:logGet(46)) - raft.server.sleep.deviation.threshold = 300ms (default)
2022-10-20 01:29:36,775 [pool-164-thread-1] INFO  server.RaftServer$Division (ServerState.java:<init>(118)) - 2c0de523-4fef-49d4-a7e7-019bfd407efe@group-C5DF1AF2A9A6: ConfigurationManager, init=-1: peers:[6712d1d5-3f8e-46d5-b100-7ccc5411605f|rpc:10.1.0.77:37929|dataStream:|priority:0|startupRole:FOLLOWER, 0cbed28b-7e2e-4c55-93c4-a5222a360620|rpc:10.1.0.77:41783|dataStream:|priority:0|startupRole:FOLLOWER, 2c0de523-4fef-49d4-a7e7-019bfd407efe|rpc:10.1.0.77:37771|dataStream:|priority:1|startupRole:FOLLOWER]|listeners:[], old=null, confs=<EMPTY_MAP>
2022-10-20 01:29:36,775 [pool-164-thread-1] INFO  server.RaftServerConfigKeys (ConfUtils.java:logGet(46)) - raft.server.storage.dir = [/home/runner/work/ozone/ozone/hadoop-ozone/integration-test/target/test-dir/MiniOzoneClusterImpl-1c2b738d-be74-4a40-b887-8630efe04021/datanode-4/data/ratis] (custom)
2022-10-20 01:29:36,775 [pool-164-thread-1] INFO  server.RaftServerConfigKeys (ConfUtils.java:logGet(46)) - raft.server.log.corruption.policy = EXCEPTION (default)
2022-10-20 01:29:36,775 [pool-164-thread-1] INFO  server.RaftServerConfigKeys (ConfUtils.java:logGet(46)) - raft.server.storage.free-space.min = 0MB (=0) (default)
2022-10-20 01:29:36,775 [pool-164-thread-1] INFO  server.RaftServerConfigKeys (ConfUtils.java:logGet(46)) - raft.server.notification.no-leader.timeout = 300s (custom)
2022-10-20 01:29:36,775 [pool-164-thread-1] INFO  server.RaftServerConfigKeys (ConfUtils.java:logGet(46)) - raft.server.retrycache.expirytime = 600000ms (custom)
2022-10-20 01:29:36,775 [pool-164-thread-1] INFO  server.RaftServerConfigKeys (ConfUtils.java:logGet(46)) - raft.server.retrycache.statistics.expirytime = 100μs (default)
2022-10-20 01:29:36,777 [pool-164-thread-1] INFO  server.RaftServerConfigKeys (ConfUtils.java:logGet(46)) - raft.server.log.appender.install.snapshot.enabled = false (custom)
2022-10-20 01:29:36,777 [pool-164-thread-1] INFO  server.RaftServerConfigKeys (ConfUtils.java:logGet(46)) - raft.server.threadpool.server.cached = true (default)
2022-10-20 01:29:36,777 [pool-164-thread-1] INFO  server.RaftServerConfigKeys (ConfUtils.java:logGet(46)) - raft.server.threadpool.server.size = 0 (default)
2022-10-20 01:29:36,777 [pool-164-thread-1] INFO  server.RaftServerConfigKeys (ConfUtils.java:logGet(46)) - raft.server.threadpool.client.cached = true (default)
2022-10-20 01:29:36,777 [pool-164-thread-1] INFO  server.RaftServerConfigKeys (ConfUtils.java:logGet(46)) - raft.server.threadpool.client.size = 0 (default)
2022-10-20 01:29:36,777 [pool-164-thread-1] INFO  storage.RaftStorageDirectory (RaftStorageDirectoryImpl.java:analyzeStorage(137)) - The storage directory /home/runner/work/ozone/ozone/hadoop-ozone/integration-test/target/test-dir/MiniOzoneClusterImpl-1c2b738d-be74-4a40-b887-8630efe04021/datanode-4/data/ratis/84989091-dc1d-4fde-9f47-c5df1af2a9a6 does not exist. Creating ...
2022-10-20 01:29:36,778 [pool-164-thread-1] INFO  storage.RaftStorageDirectory (RaftStorageDirectoryImpl.java:tryLock(231)) - Lock on /home/runner/work/ozone/ozone/hadoop-ozone/integration-test/target/test-dir/MiniOzoneClusterImpl-1c2b738d-be74-4a40-b887-8630efe04021/datanode-4/data/ratis/84989091-dc1d-4fde-9f47-c5df1af2a9a6/in_use.lock acquired by nodename 55363@fv-az625-379
2022-10-20 01:29:36,778 [pool-164-thread-1] INFO  storage.RaftStorage (RaftStorageImpl.java:format(96)) - Storage directory /home/runner/work/ozone/ozone/hadoop-ozone/integration-test/target/test-dir/MiniOzoneClusterImpl-1c2b738d-be74-4a40-b887-8630efe04021/datanode-4/data/ratis/84989091-dc1d-4fde-9f47-c5df1af2a9a6 has been successfully formatted.
2022-10-20 01:29:36,779 [pool-164-thread-1] INFO  ratis.ContainerStateMachine (ContainerStateMachine.java:loadSnapshot(236)) - group-C5DF1AF2A9A6: The snapshot info is null. Setting the last applied indexto:(t:0, i:~)
2022-10-20 01:29:36,779 [pool-164-thread-1] INFO  server.RaftServerConfigKeys (ConfUtils.java:logGet(46)) - raft.server.log.use.memory = false (default)
2022-10-20 01:29:36,780 [pool-164-thread-1] INFO  server.RaftServerConfigKeys (ConfUtils.java:logGet(46)) - raft.server.log.purge.gap = 1000000 (custom)
2022-10-20 01:29:36,781 [pool-164-thread-1] INFO  server.RaftServerConfigKeys (ConfUtils.java:logGet(46)) - raft.server.log.appender.buffer.byte-limit = 33554432 (custom)
2022-10-20 01:29:36,781 [pool-164-thread-1] INFO  server.RaftServerConfigKeys (ConfUtils.java:logGet(46)) - raft.server.log.statemachine.data.read.timeout = 1000ms (default)
2022-10-20 01:29:36,781 [pool-164-thread-1] INFO  server.RaftServerConfigKeys (ConfUtils.java:logGet(46)) - raft.server.log.purge.preservation.log.num = 0 (default)
2022-10-20 01:29:36,781 [pool-164-thread-1] INFO  server.RaftServerConfigKeys (ConfUtils.java:logGet(46)) - raft.server.log.segment.size.max = 1048576 (custom)
2022-10-20 01:29:36,782 [pool-164-thread-1] INFO  server.RaftServerConfigKeys (ConfUtils.java:logGet(46)) - raft.server.log.segment.cache.num.max = 2 (custom)
2022-10-20 01:29:36,782 [pool-164-thread-1] INFO  server.RaftServerConfigKeys (ConfUtils.java:logGet(46)) - raft.server.log.segment.cache.size.max = 200MB (=209715200) (default)
2022-10-20 01:29:36,782 [pool-164-thread-1] INFO  segmented.SegmentedRaftLogWorker (SegmentedRaftLogWorker.java:<init>(191)) - new 2c0de523-4fef-49d4-a7e7-019bfd407efe@group-C5DF1AF2A9A6-SegmentedRaftLogWorker for RaftStorageImpl:Storage Directory /home/runner/work/ozone/ozone/hadoop-ozone/integration-test/target/test-dir/MiniOzoneClusterImpl-1c2b738d-be74-4a40-b887-8630efe04021/datanode-4/data/ratis/84989091-dc1d-4fde-9f47-c5df1af2a9a6
2022-10-20 01:29:36,782 [pool-164-thread-1] INFO  server.RaftServerConfigKeys (ConfUtils.java:logGet(46)) - raft.server.log.queue.byte-limit = 4294967296 (custom)
2022-10-20 01:29:36,782 [pool-164-thread-1] INFO  server.RaftServerConfigKeys (ConfUtils.java:logGet(46)) - raft.server.log.queue.element-limit = 1024 (custom)
2022-10-20 01:29:36,782 [pool-164-thread-1] INFO  server.RaftServerConfigKeys (ConfUtils.java:logGet(46)) - raft.server.log.segment.size.max = 1048576 (custom)
2022-10-20 01:29:36,782 [pool-164-thread-1] INFO  server.RaftServerConfigKeys (ConfUtils.java:logGet(46)) - raft.server.log.preallocated.size = 16384 (custom)
2022-10-20 01:29:36,782 [pool-164-thread-1] INFO  server.RaftServerConfigKeys (ConfUtils.java:logGet(46)) - raft.server.log.force.sync.num = 128 (default)
2022-10-20 01:29:36,782 [pool-164-thread-1] INFO  server.RaftServerConfigKeys (ConfUtils.java:logGet(46)) - raft.server.log.statemachine.data.sync = true (default)
2022-10-20 01:29:36,782 [pool-164-thread-1] INFO  server.RaftServerConfigKeys (ConfUtils.java:logGet(46)) - raft.server.log.statemachine.data.sync.timeout = 10s (default)
2022-10-20 01:29:36,783 [pool-164-thread-1] INFO  server.RaftServerConfigKeys (ConfUtils.java:logGet(46)) - raft.server.log.statemachine.data.sync.timeout.retry = -1 (default)
2022-10-20 01:29:36,783 [pool-164-thread-1] INFO  server.RaftServerConfigKeys (ConfUtils.java:logGet(46)) - raft.server.log.write.buffer.size = 1048576 (custom)
2022-10-20 01:29:36,784 [pool-164-thread-1] INFO  server.RaftServerConfigKeys (ConfUtils.java:logGet(46)) - raft.server.log.unsafe-flush.enabled = false (default)
2022-10-20 01:29:36,784 [pool-164-thread-1] INFO  server.RaftServerConfigKeys (ConfUtils.java:logGet(46)) - raft.server.log.async-flush.enabled = false (default)
2022-10-20 01:29:36,784 [pool-164-thread-1] INFO  server.RaftServerConfigKeys (ConfUtils.java:logGet(46)) - raft.server.log.statemachine.data.caching.enabled = true (custom)
2022-10-20 01:29:36,784 [pool-164-thread-1] INFO  segmented.SegmentedRaftLogWorker (SegmentedRaftLogWorker.java:lambda$new$0(136)) - 2c0de523-4fef-49d4-a7e7-019bfd407efe@group-C5DF1AF2A9A6-SegmentedRaftLogWorker: flushIndex: setUnconditionally 0 -> -1
2022-10-20 01:29:36,784 [pool-164-thread-1] INFO  segmented.SegmentedRaftLogWorker (SegmentedRaftLogWorker.java:lambda$new$0(136)) - 2c0de523-4fef-49d4-a7e7-019bfd407efe@group-C5DF1AF2A9A6-SegmentedRaftLogWorker: safeCacheEvictIndex: setUnconditionally 0 -> -1
2022-10-20 01:29:36,785 [pool-164-thread-1] INFO  server.RaftServer$Division (RaftServerImpl.java:start(334)) - 2c0de523-4fef-49d4-a7e7-019bfd407efe@group-C5DF1AF2A9A6: start as a follower, conf=-1: peers:[6712d1d5-3f8e-46d5-b100-7ccc5411605f|rpc:10.1.0.77:37929|dataStream:|priority:0|startupRole:FOLLOWER, 0cbed28b-7e2e-4c55-93c4-a5222a360620|rpc:10.1.0.77:41783|dataStream:|priority:0|startupRole:FOLLOWER, 2c0de523-4fef-49d4-a7e7-019bfd407efe|rpc:10.1.0.77:37771|dataStream:|priority:1|startupRole:FOLLOWER]|listeners:[], old=null
2022-10-20 01:29:36,785 [pool-164-thread-1] INFO  server.RaftServer$Division (RaftServerImpl.java:setRole(321)) - 2c0de523-4fef-49d4-a7e7-019bfd407efe@group-C5DF1AF2A9A6: changes role from      null to FOLLOWER at term 0 for startAsFollower
2022-10-20 01:29:36,785 [pool-164-thread-1] INFO  impl.RoleInfo (RoleInfo.java:updateAndGet(139)) - 2c0de523-4fef-49d4-a7e7-019bfd407efe: start 2c0de523-4fef-49d4-a7e7-019bfd407efe@group-C5DF1AF2A9A6-FollowerState
2022-10-20 01:29:36,789 [pool-164-thread-1] INFO  util.JmxRegister (JmxRegister.java:tryRegister(44)) - Successfully registered JMX Bean with object name Ratis:service=RaftServer,group=group-C5DF1AF2A9A6,id=2c0de523-4fef-49d4-a7e7-019bfd407efe
2022-10-20 01:29:36,789 [pool-164-thread-1] INFO  server.RaftServerConfigKeys (ConfUtils.java:logGet(46)) - raft.server.snapshot.auto.trigger.enabled = true (custom)
2022-10-20 01:29:36,789 [pool-164-thread-1] INFO  server.RaftServerConfigKeys (ConfUtils.java:logGet(46)) - raft.server.snapshot.auto.trigger.threshold = 10000 (custom)
2022-10-20 01:29:36,789 [pool-164-thread-1] INFO  server.RaftServerConfigKeys (ConfUtils.java:logGet(46)) - raft.server.snapshot.retention.file.num = 5 (custom)
2022-10-20 01:29:36,789 [pool-164-thread-1] INFO  server.RaftServerConfigKeys (ConfUtils.java:logGet(46)) - raft.server.log.purge.upto.snapshot.index = false (default)
2022-10-20 01:29:36,790 [2c0de523-4fef-49d4-a7e7-019bfd407efe@group-C5DF1AF2A9A6-FollowerState] INFO  server.RaftServerConfigKeys (ConfUtils.java:logFallback(53)) - raft.server.rpc.first-election.timeout.min = 5s (fallback to raft.server.rpc.timeout.min)
2022-10-20 01:29:36,792 [2c0de523-4fef-49d4-a7e7-019bfd407efe@group-C5DF1AF2A9A6-FollowerState] INFO  server.RaftServerConfigKeys (ConfUtils.java:logFallback(53)) - raft.server.rpc.first-election.timeout.max = 5200ms (fallback to raft.server.rpc.timeout.max)
2022-10-20 01:29:36,819 [grpc-default-executor-1] INFO  server.RaftServer (RaftServerProxy.java:addNew(96)) - 6712d1d5-3f8e-46d5-b100-7ccc5411605f: addNew group-C5DF1AF2A9A6:[6712d1d5-3f8e-46d5-b100-7ccc5411605f|rpc:10.1.0.77:37929|dataStream:|priority:0|startupRole:FOLLOWER, 0cbed28b-7e2e-4c55-93c4-a5222a360620|rpc:10.1.0.77:41783|dataStream:|priority:0|startupRole:FOLLOWER, 2c0de523-4fef-49d4-a7e7-019bfd407efe|rpc:10.1.0.77:37771|dataStream:|priority:1|startupRole:FOLLOWER] returns group-C5DF1AF2A9A6:java.util.concurrent.CompletableFuture@770bcdc7[Not completed]
2022-10-20 01:29:36,820 [pool-187-thread-1] INFO  server.RaftServer$Division (RaftServerImpl.java:<init>(195)) - 6712d1d5-3f8e-46d5-b100-7ccc5411605f: new RaftServerImpl for group-C5DF1AF2A9A6:[6712d1d5-3f8e-46d5-b100-7ccc5411605f|rpc:10.1.0.77:37929|dataStream:|priority:0|startupRole:FOLLOWER, 0cbed28b-7e2e-4c55-93c4-a5222a360620|rpc:10.1.0.77:41783|dataStream:|priority:0|startupRole:FOLLOWER, 2c0de523-4fef-49d4-a7e7-019bfd407efe|rpc:10.1.0.77:37771|dataStream:|priority:1|startupRole:FOLLOWER] with ContainerStateMachine:uninitialized
2022-10-20 01:29:36,820 [pool-187-thread-1] INFO  server.RaftServerConfigKeys (ConfUtils.java:logGet(46)) - raft.server.rpc.timeout.min = 5s (custom)
2022-10-20 01:29:36,820 [pool-187-thread-1] INFO  server.RaftServerConfigKeys (ConfUtils.java:logGet(46)) - raft.server.rpc.timeout.max = 5200ms (custom)
2022-10-20 01:29:36,820 [pool-187-thread-1] INFO  server.RaftServerConfigKeys (ConfUtils.java:logGet(46)) - raft.server.rpc.sleep.time = 25ms (default)
2022-10-20 01:29:36,820 [pool-187-thread-1] INFO  server.RaftServerConfigKeys (ConfUtils.java:logGet(46)) - raft.server.rpc.slowness.timeout = 300s (custom)
2022-10-20 01:29:36,820 [pool-187-thread-1] INFO  server.RaftServerConfigKeys (ConfUtils.java:logGet(46)) - raft.server.leaderelection.leader.step-down.wait-time = 10s (default)
2022-10-20 01:29:36,821 [pool-187-thread-1] INFO  server.RaftServerConfigKeys (ConfUtils.java:logGet(46)) - raft.server.sleep.deviation.threshold = 300ms (default)
2022-10-20 01:29:36,821 [pool-187-thread-1] INFO  server.RaftServer$Division (ServerState.java:<init>(118)) - 6712d1d5-3f8e-46d5-b100-7ccc5411605f@group-C5DF1AF2A9A6: ConfigurationManager, init=-1: peers:[6712d1d5-3f8e-46d5-b100-7ccc5411605f|rpc:10.1.0.77:37929|dataStream:|priority:0|startupRole:FOLLOWER, 0cbed28b-7e2e-4c55-93c4-a5222a360620|rpc:10.1.0.77:41783|dataStream:|priority:0|startupRole:FOLLOWER, 2c0de523-4fef-49d4-a7e7-019bfd407efe|rpc:10.1.0.77:37771|dataStream:|priority:1|startupRole:FOLLOWER]|listeners:[], old=null, confs=<EMPTY_MAP>
2022-10-20 01:29:36,821 [pool-187-thread-1] INFO  server.RaftServerConfigKeys (ConfUtils.java:logGet(46)) - raft.server.storage.dir = [/home/runner/work/ozone/ozone/hadoop-ozone/integration-test/target/test-dir/MiniOzoneClusterImpl-1c2b738d-be74-4a40-b887-8630efe04021/datanode-5/data/ratis] (custom)
2022-10-20 01:29:36,822 [pool-187-thread-1] INFO  server.RaftServerConfigKeys (ConfUtils.java:logGet(46)) - raft.server.log.corruption.policy = EXCEPTION (default)
2022-10-20 01:29:36,822 [pool-187-thread-1] INFO  server.RaftServerConfigKeys (ConfUtils.java:logGet(46)) - raft.server.storage.free-space.min = 0MB (=0) (default)
2022-10-20 01:29:36,822 [pool-187-thread-1] INFO  server.RaftServerConfigKeys (ConfUtils.java:logGet(46)) - raft.server.notification.no-leader.timeout = 300s (custom)
2022-10-20 01:29:36,822 [pool-187-thread-1] INFO  server.RaftServerConfigKeys (ConfUtils.java:logGet(46)) - raft.server.retrycache.expirytime = 600000ms (custom)
2022-10-20 01:29:36,822 [pool-187-thread-1] INFO  server.RaftServerConfigKeys (ConfUtils.java:logGet(46)) - raft.server.retrycache.statistics.expirytime = 100μs (default)
2022-10-20 01:29:36,823 [pool-187-thread-1] INFO  server.RaftServerConfigKeys (ConfUtils.java:logGet(46)) - raft.server.log.appender.install.snapshot.enabled = false (custom)
2022-10-20 01:29:36,824 [pool-187-thread-1] INFO  server.RaftServerConfigKeys (ConfUtils.java:logGet(46)) - raft.server.threadpool.server.cached = true (default)
2022-10-20 01:29:36,825 [pool-187-thread-1] INFO  server.RaftServerConfigKeys (ConfUtils.java:logGet(46)) - raft.server.threadpool.server.size = 0 (default)
2022-10-20 01:29:36,825 [pool-187-thread-1] INFO  server.RaftServerConfigKeys (ConfUtils.java:logGet(46)) - raft.server.threadpool.client.cached = true (default)
2022-10-20 01:29:36,825 [pool-187-thread-1] INFO  server.RaftServerConfigKeys (ConfUtils.java:logGet(46)) - raft.server.threadpool.client.size = 0 (default)
2022-10-20 01:29:36,825 [pool-187-thread-1] INFO  storage.RaftStorageDirectory (RaftStorageDirectoryImpl.java:analyzeStorage(137)) - The storage directory /home/runner/work/ozone/ozone/hadoop-ozone/integration-test/target/test-dir/MiniOzoneClusterImpl-1c2b738d-be74-4a40-b887-8630efe04021/datanode-5/data/ratis/84989091-dc1d-4fde-9f47-c5df1af2a9a6 does not exist. Creating ...
2022-10-20 01:29:36,826 [pool-187-thread-1] INFO  storage.RaftStorageDirectory (RaftStorageDirectoryImpl.java:tryLock(231)) - Lock on /home/runner/work/ozone/ozone/hadoop-ozone/integration-test/target/test-dir/MiniOzoneClusterImpl-1c2b738d-be74-4a40-b887-8630efe04021/datanode-5/data/ratis/84989091-dc1d-4fde-9f47-c5df1af2a9a6/in_use.lock acquired by nodename 55363@fv-az625-379
2022-10-20 01:29:36,828 [pool-187-thread-1] INFO  storage.RaftStorage (RaftStorageImpl.java:format(96)) - Storage directory /home/runner/work/ozone/ozone/hadoop-ozone/integration-test/target/test-dir/MiniOzoneClusterImpl-1c2b738d-be74-4a40-b887-8630efe04021/datanode-5/data/ratis/84989091-dc1d-4fde-9f47-c5df1af2a9a6 has been successfully formatted.
2022-10-20 01:29:36,829 [pool-187-thread-1] INFO  ratis.ContainerStateMachine (ContainerStateMachine.java:loadSnapshot(236)) - group-C5DF1AF2A9A6: The snapshot info is null. Setting the last applied indexto:(t:0, i:~)
2022-10-20 01:29:36,830 [pool-187-thread-1] INFO  server.RaftServerConfigKeys (ConfUtils.java:logGet(46)) - raft.server.log.use.memory = false (default)
2022-10-20 01:29:36,830 [pool-187-thread-1] INFO  server.RaftServerConfigKeys (ConfUtils.java:logGet(46)) - raft.server.log.purge.gap = 1000000 (custom)
2022-10-20 01:29:36,830 [pool-187-thread-1] INFO  server.RaftServerConfigKeys (ConfUtils.java:logGet(46)) - raft.server.log.appender.buffer.byte-limit = 33554432 (custom)
2022-10-20 01:29:36,831 [pool-187-thread-1] INFO  server.RaftServerConfigKeys (ConfUtils.java:logGet(46)) - raft.server.log.statemachine.data.read.timeout = 1000ms (default)
2022-10-20 01:29:36,831 [pool-187-thread-1] INFO  server.RaftServerConfigKeys (ConfUtils.java:logGet(46)) - raft.server.log.purge.preservation.log.num = 0 (default)
2022-10-20 01:29:36,831 [pool-187-thread-1] INFO  server.RaftServerConfigKeys (ConfUtils.java:logGet(46)) - raft.server.log.segment.size.max = 1048576 (custom)
2022-10-20 01:29:36,831 [pool-187-thread-1] INFO  server.RaftServerConfigKeys (ConfUtils.java:logGet(46)) - raft.server.log.segment.cache.num.max = 2 (custom)
2022-10-20 01:29:36,831 [pool-187-thread-1] INFO  server.RaftServerConfigKeys (ConfUtils.java:logGet(46)) - raft.server.log.segment.cache.size.max = 200MB (=209715200) (default)
2022-10-20 01:29:36,831 [pool-187-thread-1] INFO  segmented.SegmentedRaftLogWorker (SegmentedRaftLogWorker.java:<init>(191)) - new 6712d1d5-3f8e-46d5-b100-7ccc5411605f@group-C5DF1AF2A9A6-SegmentedRaftLogWorker for RaftStorageImpl:Storage Directory /home/runner/work/ozone/ozone/hadoop-ozone/integration-test/target/test-dir/MiniOzoneClusterImpl-1c2b738d-be74-4a40-b887-8630efe04021/datanode-5/data/ratis/84989091-dc1d-4fde-9f47-c5df1af2a9a6
2022-10-20 01:29:36,831 [pool-187-thread-1] INFO  server.RaftServerConfigKeys (ConfUtils.java:logGet(46)) - raft.server.log.queue.byte-limit = 4294967296 (custom)
2022-10-20 01:29:36,831 [pool-187-thread-1] INFO  server.RaftServerConfigKeys (ConfUtils.java:logGet(46)) - raft.server.log.queue.element-limit = 1024 (custom)
2022-10-20 01:29:36,831 [pool-187-thread-1] INFO  server.RaftServerConfigKeys (ConfUtils.java:logGet(46)) - raft.server.log.segment.size.max = 1048576 (custom)
2022-10-20 01:29:36,831 [pool-187-thread-1] INFO  server.RaftServerConfigKeys (ConfUtils.java:logGet(46)) - raft.server.log.preallocated.size = 16384 (custom)
2022-10-20 01:29:36,831 [pool-187-thread-1] INFO  server.RaftServerConfigKeys (ConfUtils.java:logGet(46)) - raft.server.log.force.sync.num = 128 (default)
2022-10-20 01:29:36,831 [pool-187-thread-1] INFO  server.RaftServerConfigKeys (ConfUtils.java:logGet(46)) - raft.server.log.statemachine.data.sync = true (default)
2022-10-20 01:29:36,831 [pool-187-thread-1] INFO  server.RaftServerConfigKeys (ConfUtils.java:logGet(46)) - raft.server.log.statemachine.data.sync.timeout = 10s (default)
2022-10-20 01:29:36,832 [pool-187-thread-1] INFO  server.RaftServerConfigKeys (ConfUtils.java:logGet(46)) - raft.server.log.statemachine.data.sync.timeout.retry = -1 (default)
2022-10-20 01:29:36,832 [pool-187-thread-1] INFO  server.RaftServerConfigKeys (ConfUtils.java:logGet(46)) - raft.server.log.write.buffer.size = 1048576 (custom)
2022-10-20 01:29:36,833 [pool-187-thread-1] INFO  server.RaftServerConfigKeys (ConfUtils.java:logGet(46)) - raft.server.log.unsafe-flush.enabled = false (default)
2022-10-20 01:29:36,833 [pool-187-thread-1] INFO  server.RaftServerConfigKeys (ConfUtils.java:logGet(46)) - raft.server.log.async-flush.enabled = false (default)
2022-10-20 01:29:36,833 [pool-187-thread-1] INFO  server.RaftServerConfigKeys (ConfUtils.java:logGet(46)) - raft.server.log.statemachine.data.caching.enabled = true (custom)
2022-10-20 01:29:36,833 [pool-187-thread-1] INFO  segmented.SegmentedRaftLogWorker (SegmentedRaftLogWorker.java:lambda$new$0(136)) - 6712d1d5-3f8e-46d5-b100-7ccc5411605f@group-C5DF1AF2A9A6-SegmentedRaftLogWorker: flushIndex: setUnconditionally 0 -> -1
2022-10-20 01:29:36,833 [pool-187-thread-1] INFO  segmented.SegmentedRaftLogWorker (SegmentedRaftLogWorker.java:lambda$new$0(136)) - 6712d1d5-3f8e-46d5-b100-7ccc5411605f@group-C5DF1AF2A9A6-SegmentedRaftLogWorker: safeCacheEvictIndex: setUnconditionally 0 -> -1
2022-10-20 01:29:36,833 [pool-187-thread-1] INFO  server.RaftServer$Division (RaftServerImpl.java:start(334)) - 6712d1d5-3f8e-46d5-b100-7ccc5411605f@group-C5DF1AF2A9A6: start as a follower, conf=-1: peers:[6712d1d5-3f8e-46d5-b100-7ccc5411605f|rpc:10.1.0.77:37929|dataStream:|priority:0|startupRole:FOLLOWER, 0cbed28b-7e2e-4c55-93c4-a5222a360620|rpc:10.1.0.77:41783|dataStream:|priority:0|startupRole:FOLLOWER, 2c0de523-4fef-49d4-a7e7-019bfd407efe|rpc:10.1.0.77:37771|dataStream:|priority:1|startupRole:FOLLOWER]|listeners:[], old=null
2022-10-20 01:29:36,833 [pool-187-thread-1] INFO  server.RaftServer$Division (RaftServerImpl.java:setRole(321)) - 6712d1d5-3f8e-46d5-b100-7ccc5411605f@group-C5DF1AF2A9A6: changes role from      null to FOLLOWER at term 0 for startAsFollower
2022-10-20 01:29:36,833 [pool-187-thread-1] INFO  impl.RoleInfo (RoleInfo.java:updateAndGet(139)) - 6712d1d5-3f8e-46d5-b100-7ccc5411605f: start 6712d1d5-3f8e-46d5-b100-7ccc5411605f@group-C5DF1AF2A9A6-FollowerState
2022-10-20 01:29:36,834 [pool-187-thread-1] INFO  util.JmxRegister (JmxRegister.java:tryRegister(44)) - Successfully registered JMX Bean with object name Ratis:service=RaftServer,group=group-C5DF1AF2A9A6,id=6712d1d5-3f8e-46d5-b100-7ccc5411605f
2022-10-20 01:29:36,834 [pool-187-thread-1] INFO  server.RaftServerConfigKeys (ConfUtils.java:logGet(46)) - raft.server.snapshot.auto.trigger.enabled = true (custom)
2022-10-20 01:29:36,834 [pool-187-thread-1] INFO  server.RaftServerConfigKeys (ConfUtils.java:logGet(46)) - raft.server.snapshot.auto.trigger.threshold = 10000 (custom)
2022-10-20 01:29:36,834 [pool-187-thread-1] INFO  server.RaftServerConfigKeys (ConfUtils.java:logGet(46)) - raft.server.snapshot.retention.file.num = 5 (custom)
2022-10-20 01:29:36,834 [pool-187-thread-1] INFO  server.RaftServerConfigKeys (ConfUtils.java:logGet(46)) - raft.server.log.purge.upto.snapshot.index = false (default)
2022-10-20 01:29:36,835 [6712d1d5-3f8e-46d5-b100-7ccc5411605f@group-C5DF1AF2A9A6-FollowerState] INFO  server.RaftServerConfigKeys (ConfUtils.java:logFallback(53)) - raft.server.rpc.first-election.timeout.min = 5s (fallback to raft.server.rpc.timeout.min)
2022-10-20 01:29:36,847 [6712d1d5-3f8e-46d5-b100-7ccc5411605f@group-C5DF1AF2A9A6-FollowerState] INFO  server.RaftServerConfigKeys (ConfUtils.java:logFallback(53)) - raft.server.rpc.first-election.timeout.max = 5200ms (fallback to raft.server.rpc.timeout.max)
2022-10-20 01:29:36,852 [Command processor thread] INFO  commandhandler.CreatePipelineCommandHandler (CreatePipelineCommandHandler.java:handle(113)) - Created Pipeline RATIS THREE PipelineID=84989091-dc1d-4fde-9f47-c5df1af2a9a6.
2022-10-20 01:29:36,852 [Command processor thread] INFO  server.RaftServer (RaftServerProxy.java:addNew(96)) - 0cbed28b-7e2e-4c55-93c4-a5222a360620: addNew group-3562DEAE299E:[6712d1d5-3f8e-46d5-b100-7ccc5411605f|rpc:10.1.0.77:37929|priority:0|startupRole:FOLLOWER, 0cbed28b-7e2e-4c55-93c4-a5222a360620|rpc:10.1.0.77:41783|priority:1|startupRole:FOLLOWER, 2c0de523-4fef-49d4-a7e7-019bfd407efe|rpc:10.1.0.77:37771|priority:0|startupRole:FOLLOWER] returns group-3562DEAE299E:java.util.concurrent.CompletableFuture@6bd29f90[Not completed]
2022-10-20 01:29:36,853 [pool-141-thread-1] INFO  server.RaftServer$Division (RaftServerImpl.java:<init>(195)) - 0cbed28b-7e2e-4c55-93c4-a5222a360620: new RaftServerImpl for group-3562DEAE299E:[6712d1d5-3f8e-46d5-b100-7ccc5411605f|rpc:10.1.0.77:37929|priority:0|startupRole:FOLLOWER, 0cbed28b-7e2e-4c55-93c4-a5222a360620|rpc:10.1.0.77:41783|priority:1|startupRole:FOLLOWER, 2c0de523-4fef-49d4-a7e7-019bfd407efe|rpc:10.1.0.77:37771|priority:0|startupRole:FOLLOWER] with ContainerStateMachine:uninitialized
2022-10-20 01:29:36,853 [pool-141-thread-1] INFO  server.RaftServerConfigKeys (ConfUtils.java:logGet(46)) - raft.server.rpc.timeout.min = 5s (custom)
2022-10-20 01:29:36,853 [pool-141-thread-1] INFO  server.RaftServerConfigKeys (ConfUtils.java:logGet(46)) - raft.server.rpc.timeout.max = 5200ms (custom)
2022-10-20 01:29:36,853 [pool-141-thread-1] INFO  server.RaftServerConfigKeys (ConfUtils.java:logGet(46)) - raft.server.rpc.sleep.time = 25ms (default)
2022-10-20 01:29:36,853 [pool-141-thread-1] INFO  server.RaftServerConfigKeys (ConfUtils.java:logGet(46)) - raft.server.rpc.slowness.timeout = 300s (custom)
2022-10-20 01:29:36,853 [pool-141-thread-1] INFO  server.RaftServerConfigKeys (ConfUtils.java:logGet(46)) - raft.server.leaderelection.leader.step-down.wait-time = 10s (default)
2022-10-20 01:29:36,853 [pool-141-thread-1] INFO  server.RaftServerConfigKeys (ConfUtils.java:logGet(46)) - raft.server.sleep.deviation.threshold = 300ms (default)
2022-10-20 01:29:36,853 [pool-141-thread-1] INFO  server.RaftServer$Division (ServerState.java:<init>(118)) - 0cbed28b-7e2e-4c55-93c4-a5222a360620@group-3562DEAE299E: ConfigurationManager, init=-1: peers:[6712d1d5-3f8e-46d5-b100-7ccc5411605f|rpc:10.1.0.77:37929|priority:0|startupRole:FOLLOWER, 0cbed28b-7e2e-4c55-93c4-a5222a360620|rpc:10.1.0.77:41783|priority:1|startupRole:FOLLOWER, 2c0de523-4fef-49d4-a7e7-019bfd407efe|rpc:10.1.0.77:37771|priority:0|startupRole:FOLLOWER]|listeners:[], old=null, confs=<EMPTY_MAP>
2022-10-20 01:29:36,853 [pool-141-thread-1] INFO  server.RaftServerConfigKeys (ConfUtils.java:logGet(46)) - raft.server.storage.dir = [/home/runner/work/ozone/ozone/hadoop-ozone/integration-test/target/test-dir/MiniOzoneClusterImpl-1c2b738d-be74-4a40-b887-8630efe04021/datanode-3/data/ratis] (custom)
2022-10-20 01:29:36,853 [pool-141-thread-1] INFO  server.RaftServerConfigKeys (ConfUtils.java:logGet(46)) - raft.server.log.corruption.policy = EXCEPTION (default)
2022-10-20 01:29:36,853 [pool-141-thread-1] INFO  server.RaftServerConfigKeys (ConfUtils.java:logGet(46)) - raft.server.storage.free-space.min = 0MB (=0) (default)
2022-10-20 01:29:36,854 [pool-141-thread-1] INFO  server.RaftServerConfigKeys (ConfUtils.java:logGet(46)) - raft.server.notification.no-leader.timeout = 300s (custom)
2022-10-20 01:29:36,854 [pool-141-thread-1] INFO  server.RaftServerConfigKeys (ConfUtils.java:logGet(46)) - raft.server.retrycache.expirytime = 600000ms (custom)
2022-10-20 01:29:36,854 [pool-141-thread-1] INFO  server.RaftServerConfigKeys (ConfUtils.java:logGet(46)) - raft.server.retrycache.statistics.expirytime = 100μs (default)
2022-10-20 01:29:36,855 [pool-141-thread-1] INFO  server.RaftServerConfigKeys (ConfUtils.java:logGet(46)) - raft.server.log.appender.install.snapshot.enabled = false (custom)
2022-10-20 01:29:36,855 [pool-141-thread-1] INFO  server.RaftServerConfigKeys (ConfUtils.java:logGet(46)) - raft.server.threadpool.server.cached = true (default)
2022-10-20 01:29:36,855 [pool-141-thread-1] INFO  server.RaftServerConfigKeys (ConfUtils.java:logGet(46)) - raft.server.threadpool.server.size = 0 (default)
2022-10-20 01:29:36,855 [pool-141-thread-1] INFO  server.RaftServerConfigKeys (ConfUtils.java:logGet(46)) - raft.server.threadpool.client.cached = true (default)
2022-10-20 01:29:36,855 [pool-141-thread-1] INFO  server.RaftServerConfigKeys (ConfUtils.java:logGet(46)) - raft.server.threadpool.client.size = 0 (default)
2022-10-20 01:29:36,855 [pool-141-thread-1] INFO  storage.RaftStorageDirectory (RaftStorageDirectoryImpl.java:analyzeStorage(137)) - The storage directory /home/runner/work/ozone/ozone/hadoop-ozone/integration-test/target/test-dir/MiniOzoneClusterImpl-1c2b738d-be74-4a40-b887-8630efe04021/datanode-3/data/ratis/87ce7096-a76b-4beb-a627-3562deae299e does not exist. Creating ...
2022-10-20 01:29:36,856 [pool-141-thread-1] INFO  storage.RaftStorageDirectory (RaftStorageDirectoryImpl.java:tryLock(231)) - Lock on /home/runner/work/ozone/ozone/hadoop-ozone/integration-test/target/test-dir/MiniOzoneClusterImpl-1c2b738d-be74-4a40-b887-8630efe04021/datanode-3/data/ratis/87ce7096-a76b-4beb-a627-3562deae299e/in_use.lock acquired by nodename 55363@fv-az625-379
2022-10-20 01:29:36,856 [pool-141-thread-1] INFO  storage.RaftStorage (RaftStorageImpl.java:format(96)) - Storage directory /home/runner/work/ozone/ozone/hadoop-ozone/integration-test/target/test-dir/MiniOzoneClusterImpl-1c2b738d-be74-4a40-b887-8630efe04021/datanode-3/data/ratis/87ce7096-a76b-4beb-a627-3562deae299e has been successfully formatted.
2022-10-20 01:29:36,857 [pool-141-thread-1] INFO  ratis.ContainerStateMachine (ContainerStateMachine.java:loadSnapshot(236)) - group-3562DEAE299E: The snapshot info is null. Setting the last applied indexto:(t:0, i:~)
2022-10-20 01:29:36,857 [pool-141-thread-1] INFO  server.RaftServerConfigKeys (ConfUtils.java:logGet(46)) - raft.server.log.use.memory = false (default)
2022-10-20 01:29:36,857 [pool-141-thread-1] INFO  server.RaftServerConfigKeys (ConfUtils.java:logGet(46)) - raft.server.log.purge.gap = 1000000 (custom)
2022-10-20 01:29:36,857 [pool-141-thread-1] INFO  server.RaftServerConfigKeys (ConfUtils.java:logGet(46)) - raft.server.log.appender.buffer.byte-limit = 33554432 (custom)
2022-10-20 01:29:36,857 [pool-141-thread-1] INFO  server.RaftServerConfigKeys (ConfUtils.java:logGet(46)) - raft.server.log.statemachine.data.read.timeout = 1000ms (default)
2022-10-20 01:29:36,857 [pool-141-thread-1] INFO  server.RaftServerConfigKeys (ConfUtils.java:logGet(46)) - raft.server.log.purge.preservation.log.num = 0 (default)
2022-10-20 01:29:36,857 [pool-141-thread-1] INFO  server.RaftServerConfigKeys (ConfUtils.java:logGet(46)) - raft.server.log.segment.size.max = 1048576 (custom)
2022-10-20 01:29:36,858 [pool-141-thread-1] INFO  server.RaftServerConfigKeys (ConfUtils.java:logGet(46)) - raft.server.log.segment.cache.num.max = 2 (custom)
2022-10-20 01:29:36,858 [pool-141-thread-1] INFO  server.RaftServerConfigKeys (ConfUtils.java:logGet(46)) - raft.server.log.segment.cache.size.max = 200MB (=209715200) (default)
2022-10-20 01:29:36,858 [pool-141-thread-1] INFO  segmented.SegmentedRaftLogWorker (SegmentedRaftLogWorker.java:<init>(191)) - new 0cbed28b-7e2e-4c55-93c4-a5222a360620@group-3562DEAE299E-SegmentedRaftLogWorker for RaftStorageImpl:Storage Directory /home/runner/work/ozone/ozone/hadoop-ozone/integration-test/target/test-dir/MiniOzoneClusterImpl-1c2b738d-be74-4a40-b887-8630efe04021/datanode-3/data/ratis/87ce7096-a76b-4beb-a627-3562deae299e
2022-10-20 01:29:36,858 [EventQueue-OpenPipelineForHealthyPipelineSafeModeRule] INFO  safemode.SCMSafeModeManager (HealthyPipelineSafeModeRule.java:process(137)) - SCM in safe mode. Healthy pipelines reported count is 0, required healthy pipeline reported count is 1
2022-10-20 01:29:36,858 [pool-141-thread-1] INFO  server.RaftServerConfigKeys (ConfUtils.java:logGet(46)) - raft.server.log.queue.byte-limit = 4294967296 (custom)
2022-10-20 01:29:36,859 [pool-141-thread-1] INFO  server.RaftServerConfigKeys (ConfUtils.java:logGet(46)) - raft.server.log.queue.element-limit = 1024 (custom)
2022-10-20 01:29:36,859 [pool-141-thread-1] INFO  server.RaftServerConfigKeys (ConfUtils.java:logGet(46)) - raft.server.log.segment.size.max = 1048576 (custom)
2022-10-20 01:29:36,859 [pool-141-thread-1] INFO  server.RaftServerConfigKeys (ConfUtils.java:logGet(46)) - raft.server.log.preallocated.size = 16384 (custom)
2022-10-20 01:29:36,859 [pool-141-thread-1] INFO  server.RaftServerConfigKeys (ConfUtils.java:logGet(46)) - raft.server.log.force.sync.num = 128 (default)
2022-10-20 01:29:36,859 [pool-141-thread-1] INFO  server.RaftServerConfigKeys (ConfUtils.java:logGet(46)) - raft.server.log.statemachine.data.sync = true (default)
2022-10-20 01:29:36,859 [pool-141-thread-1] INFO  server.RaftServerConfigKeys (ConfUtils.java:logGet(46)) - raft.server.log.statemachine.data.sync.timeout = 10s (default)
2022-10-20 01:29:36,859 [pool-141-thread-1] INFO  server.RaftServerConfigKeys (ConfUtils.java:logGet(46)) - raft.server.log.statemachine.data.sync.timeout.retry = -1 (default)
2022-10-20 01:29:36,860 [pool-141-thread-1] INFO  server.RaftServerConfigKeys (ConfUtils.java:logGet(46)) - raft.server.log.write.buffer.size = 1048576 (custom)
2022-10-20 01:29:36,860 [pool-141-thread-1] INFO  server.RaftServerConfigKeys (ConfUtils.java:logGet(46)) - raft.server.log.unsafe-flush.enabled = false (default)
2022-10-20 01:29:36,860 [pool-141-thread-1] INFO  server.RaftServerConfigKeys (ConfUtils.java:logGet(46)) - raft.server.log.async-flush.enabled = false (default)
2022-10-20 01:29:36,860 [pool-141-thread-1] INFO  server.RaftServerConfigKeys (ConfUtils.java:logGet(46)) - raft.server.log.statemachine.data.caching.enabled = true (custom)
2022-10-20 01:29:36,860 [pool-141-thread-1] INFO  segmented.SegmentedRaftLogWorker (SegmentedRaftLogWorker.java:lambda$new$0(136)) - 0cbed28b-7e2e-4c55-93c4-a5222a360620@group-3562DEAE299E-SegmentedRaftLogWorker: flushIndex: setUnconditionally 0 -> -1
2022-10-20 01:29:36,860 [pool-141-thread-1] INFO  segmented.SegmentedRaftLogWorker (SegmentedRaftLogWorker.java:lambda$new$0(136)) - 0cbed28b-7e2e-4c55-93c4-a5222a360620@group-3562DEAE299E-SegmentedRaftLogWorker: safeCacheEvictIndex: setUnconditionally 0 -> -1
2022-10-20 01:29:36,861 [pool-141-thread-1] INFO  server.RaftServer$Division (RaftServerImpl.java:start(334)) - 0cbed28b-7e2e-4c55-93c4-a5222a360620@group-3562DEAE299E: start as a follower, conf=-1: peers:[6712d1d5-3f8e-46d5-b100-7ccc5411605f|rpc:10.1.0.77:37929|priority:0|startupRole:FOLLOWER, 0cbed28b-7e2e-4c55-93c4-a5222a360620|rpc:10.1.0.77:41783|priority:1|startupRole:FOLLOWER, 2c0de523-4fef-49d4-a7e7-019bfd407efe|rpc:10.1.0.77:37771|priority:0|startupRole:FOLLOWER]|listeners:[], old=null
2022-10-20 01:29:36,861 [pool-141-thread-1] INFO  server.RaftServer$Division (RaftServerImpl.java:setRole(321)) - 0cbed28b-7e2e-4c55-93c4-a5222a360620@group-3562DEAE299E: changes role from      null to FOLLOWER at term 0 for startAsFollower
2022-10-20 01:29:36,861 [pool-141-thread-1] INFO  impl.RoleInfo (RoleInfo.java:updateAndGet(139)) - 0cbed28b-7e2e-4c55-93c4-a5222a360620: start 0cbed28b-7e2e-4c55-93c4-a5222a360620@group-3562DEAE299E-FollowerState
2022-10-20 01:29:36,862 [pool-141-thread-1] INFO  util.JmxRegister (JmxRegister.java:tryRegister(44)) - Successfully registered JMX Bean with object name Ratis:service=RaftServer,group=group-3562DEAE299E,id=0cbed28b-7e2e-4c55-93c4-a5222a360620
2022-10-20 01:29:36,862 [pool-141-thread-1] INFO  server.RaftServerConfigKeys (ConfUtils.java:logGet(46)) - raft.server.snapshot.auto.trigger.enabled = true (custom)
2022-10-20 01:29:36,862 [pool-141-thread-1] INFO  server.RaftServerConfigKeys (ConfUtils.java:logGet(46)) - raft.server.snapshot.auto.trigger.threshold = 10000 (custom)
2022-10-20 01:29:36,862 [pool-141-thread-1] INFO  server.RaftServerConfigKeys (ConfUtils.java:logGet(46)) - raft.server.snapshot.retention.file.num = 5 (custom)
2022-10-20 01:29:36,862 [pool-141-thread-1] INFO  server.RaftServerConfigKeys (ConfUtils.java:logGet(46)) - raft.server.log.purge.upto.snapshot.index = false (default)
2022-10-20 01:29:36,863 [0cbed28b-7e2e-4c55-93c4-a5222a360620@group-3562DEAE299E-FollowerState] INFO  server.RaftServerConfigKeys (ConfUtils.java:logFallback(53)) - raft.server.rpc.first-election.timeout.min = 5s (fallback to raft.server.rpc.timeout.min)
2022-10-20 01:29:36,863 [0cbed28b-7e2e-4c55-93c4-a5222a360620@group-3562DEAE299E-FollowerState] INFO  server.RaftServerConfigKeys (ConfUtils.java:logFallback(53)) - raft.server.rpc.first-election.timeout.max = 5200ms (fallback to raft.server.rpc.timeout.max)
2022-10-20 01:29:36,865 [Command processor thread] INFO  ratis.XceiverServerRatis (XceiverServerRatis.java:addGroup(765)) - Created group PipelineID=87ce7096-a76b-4beb-a627-3562deae299e
2022-10-20 01:29:36,880 [grpc-default-executor-1] INFO  server.RaftServer (RaftServerProxy.java:addNew(96)) - 2c0de523-4fef-49d4-a7e7-019bfd407efe: addNew group-3562DEAE299E:[6712d1d5-3f8e-46d5-b100-7ccc5411605f|rpc:10.1.0.77:37929|dataStream:|priority:0|startupRole:FOLLOWER, 0cbed28b-7e2e-4c55-93c4-a5222a360620|rpc:10.1.0.77:41783|dataStream:|priority:1|startupRole:FOLLOWER, 2c0de523-4fef-49d4-a7e7-019bfd407efe|rpc:10.1.0.77:37771|dataStream:|priority:0|startupRole:FOLLOWER] returns group-3562DEAE299E:java.util.concurrent.CompletableFuture@1881412d[Not completed]
2022-10-20 01:29:36,881 [pool-164-thread-1] INFO  server.RaftServer$Division (RaftServerImpl.java:<init>(195)) - 2c0de523-4fef-49d4-a7e7-019bfd407efe: new RaftServerImpl for group-3562DEAE299E:[6712d1d5-3f8e-46d5-b100-7ccc5411605f|rpc:10.1.0.77:37929|dataStream:|priority:0|startupRole:FOLLOWER, 0cbed28b-7e2e-4c55-93c4-a5222a360620|rpc:10.1.0.77:41783|dataStream:|priority:1|startupRole:FOLLOWER, 2c0de523-4fef-49d4-a7e7-019bfd407efe|rpc:10.1.0.77:37771|dataStream:|priority:0|startupRole:FOLLOWER] with ContainerStateMachine:uninitialized
2022-10-20 01:29:36,881 [pool-164-thread-1] INFO  server.RaftServerConfigKeys (ConfUtils.java:logGet(46)) - raft.server.rpc.timeout.min = 5s (custom)
2022-10-20 01:29:36,881 [pool-164-thread-1] INFO  server.RaftServerConfigKeys (ConfUtils.java:logGet(46)) - raft.server.rpc.timeout.max = 5200ms (custom)
2022-10-20 01:29:36,881 [pool-164-thread-1] INFO  server.RaftServerConfigKeys (ConfUtils.java:logGet(46)) - raft.server.rpc.sleep.time = 25ms (default)
2022-10-20 01:29:36,881 [pool-164-thread-1] INFO  server.RaftServerConfigKeys (ConfUtils.java:logGet(46)) - raft.server.rpc.slowness.timeout = 300s (custom)
2022-10-20 01:29:36,881 [pool-164-thread-1] INFO  server.RaftServerConfigKeys (ConfUtils.java:logGet(46)) - raft.server.leaderelection.leader.step-down.wait-time = 10s (default)
2022-10-20 01:29:36,881 [pool-164-thread-1] INFO  server.RaftServerConfigKeys (ConfUtils.java:logGet(46)) - raft.server.sleep.deviation.threshold = 300ms (default)
2022-10-20 01:29:36,881 [pool-164-thread-1] INFO  server.RaftServer$Division (ServerState.java:<init>(118)) - 2c0de523-4fef-49d4-a7e7-019bfd407efe@group-3562DEAE299E: ConfigurationManager, init=-1: peers:[6712d1d5-3f8e-46d5-b100-7ccc5411605f|rpc:10.1.0.77:37929|dataStream:|priority:0|startupRole:FOLLOWER, 0cbed28b-7e2e-4c55-93c4-a5222a360620|rpc:10.1.0.77:41783|dataStream:|priority:1|startupRole:FOLLOWER, 2c0de523-4fef-49d4-a7e7-019bfd407efe|rpc:10.1.0.77:37771|dataStream:|priority:0|startupRole:FOLLOWER]|listeners:[], old=null, confs=<EMPTY_MAP>
2022-10-20 01:29:36,881 [pool-164-thread-1] INFO  server.RaftServerConfigKeys (ConfUtils.java:logGet(46)) - raft.server.storage.dir = [/home/runner/work/ozone/ozone/hadoop-ozone/integration-test/target/test-dir/MiniOzoneClusterImpl-1c2b738d-be74-4a40-b887-8630efe04021/datanode-4/data/ratis] (custom)
2022-10-20 01:29:36,882 [pool-164-thread-1] INFO  server.RaftServerConfigKeys (ConfUtils.java:logGet(46)) - raft.server.log.corruption.policy = EXCEPTION (default)
2022-10-20 01:29:36,882 [pool-164-thread-1] INFO  server.RaftServerConfigKeys (ConfUtils.java:logGet(46)) - raft.server.storage.free-space.min = 0MB (=0) (default)
2022-10-20 01:29:36,882 [pool-164-thread-1] INFO  server.RaftServerConfigKeys (ConfUtils.java:logGet(46)) - raft.server.notification.no-leader.timeout = 300s (custom)
2022-10-20 01:29:36,882 [pool-164-thread-1] INFO  server.RaftServerConfigKeys (ConfUtils.java:logGet(46)) - raft.server.retrycache.expirytime = 600000ms (custom)
2022-10-20 01:29:36,882 [pool-164-thread-1] INFO  server.RaftServerConfigKeys (ConfUtils.java:logGet(46)) - raft.server.retrycache.statistics.expirytime = 100μs (default)
2022-10-20 01:29:36,883 [pool-164-thread-1] INFO  server.RaftServerConfigKeys (ConfUtils.java:logGet(46)) - raft.server.log.appender.install.snapshot.enabled = false (custom)
2022-10-20 01:29:36,883 [pool-164-thread-1] INFO  server.RaftServerConfigKeys (ConfUtils.java:logGet(46)) - raft.server.threadpool.server.cached = true (default)
2022-10-20 01:29:36,883 [pool-164-thread-1] INFO  server.RaftServerConfigKeys (ConfUtils.java:logGet(46)) - raft.server.threadpool.server.size = 0 (default)
2022-10-20 01:29:36,883 [pool-164-thread-1] INFO  server.RaftServerConfigKeys (ConfUtils.java:logGet(46)) - raft.server.threadpool.client.cached = true (default)
2022-10-20 01:29:36,883 [pool-164-thread-1] INFO  server.RaftServerConfigKeys (ConfUtils.java:logGet(46)) - raft.server.threadpool.client.size = 0 (default)
2022-10-20 01:29:36,883 [pool-164-thread-1] INFO  storage.RaftStorageDirectory (RaftStorageDirectoryImpl.java:analyzeStorage(137)) - The storage directory /home/runner/work/ozone/ozone/hadoop-ozone/integration-test/target/test-dir/MiniOzoneClusterImpl-1c2b738d-be74-4a40-b887-8630efe04021/datanode-4/data/ratis/87ce7096-a76b-4beb-a627-3562deae299e does not exist. Creating ...
2022-10-20 01:29:36,885 [pool-164-thread-1] INFO  storage.RaftStorageDirectory (RaftStorageDirectoryImpl.java:tryLock(231)) - Lock on /home/runner/work/ozone/ozone/hadoop-ozone/integration-test/target/test-dir/MiniOzoneClusterImpl-1c2b738d-be74-4a40-b887-8630efe04021/datanode-4/data/ratis/87ce7096-a76b-4beb-a627-3562deae299e/in_use.lock acquired by nodename 55363@fv-az625-379
2022-10-20 01:29:36,887 [pool-164-thread-1] INFO  storage.RaftStorage (RaftStorageImpl.java:format(96)) - Storage directory /home/runner/work/ozone/ozone/hadoop-ozone/integration-test/target/test-dir/MiniOzoneClusterImpl-1c2b738d-be74-4a40-b887-8630efe04021/datanode-4/data/ratis/87ce7096-a76b-4beb-a627-3562deae299e has been successfully formatted.
2022-10-20 01:29:36,887 [pool-164-thread-1] INFO  ratis.ContainerStateMachine (ContainerStateMachine.java:loadSnapshot(236)) - group-3562DEAE299E: The snapshot info is null. Setting the last applied indexto:(t:0, i:~)
2022-10-20 01:29:36,887 [pool-164-thread-1] INFO  server.RaftServerConfigKeys (ConfUtils.java:logGet(46)) - raft.server.log.use.memory = false (default)
2022-10-20 01:29:36,888 [pool-164-thread-1] INFO  server.RaftServerConfigKeys (ConfUtils.java:logGet(46)) - raft.server.log.purge.gap = 1000000 (custom)
2022-10-20 01:29:36,888 [pool-164-thread-1] INFO  server.RaftServerConfigKeys (ConfUtils.java:logGet(46)) - raft.server.log.appender.buffer.byte-limit = 33554432 (custom)
2022-10-20 01:29:36,888 [pool-164-thread-1] INFO  server.RaftServerConfigKeys (ConfUtils.java:logGet(46)) - raft.server.log.statemachine.data.read.timeout = 1000ms (default)
2022-10-20 01:29:36,888 [pool-164-thread-1] INFO  server.RaftServerConfigKeys (ConfUtils.java:logGet(46)) - raft.server.log.purge.preservation.log.num = 0 (default)
2022-10-20 01:29:36,888 [pool-164-thread-1] INFO  server.RaftServerConfigKeys (ConfUtils.java:logGet(46)) - raft.server.log.segment.size.max = 1048576 (custom)
2022-10-20 01:29:36,888 [pool-164-thread-1] INFO  server.RaftServerConfigKeys (ConfUtils.java:logGet(46)) - raft.server.log.segment.cache.num.max = 2 (custom)
2022-10-20 01:29:36,888 [pool-164-thread-1] INFO  server.RaftServerConfigKeys (ConfUtils.java:logGet(46)) - raft.server.log.segment.cache.size.max = 200MB (=209715200) (default)
2022-10-20 01:29:36,889 [pool-164-thread-1] INFO  segmented.SegmentedRaftLogWorker (SegmentedRaftLogWorker.java:<init>(191)) - new 2c0de523-4fef-49d4-a7e7-019bfd407efe@group-3562DEAE299E-SegmentedRaftLogWorker for RaftStorageImpl:Storage Directory /home/runner/work/ozone/ozone/hadoop-ozone/integration-test/target/test-dir/MiniOzoneClusterImpl-1c2b738d-be74-4a40-b887-8630efe04021/datanode-4/data/ratis/87ce7096-a76b-4beb-a627-3562deae299e
2022-10-20 01:29:36,889 [pool-164-thread-1] INFO  server.RaftServerConfigKeys (ConfUtils.java:logGet(46)) - raft.server.log.queue.byte-limit = 4294967296 (custom)
2022-10-20 01:29:36,889 [pool-164-thread-1] INFO  server.RaftServerConfigKeys (ConfUtils.java:logGet(46)) - raft.server.log.queue.element-limit = 1024 (custom)
2022-10-20 01:29:36,889 [pool-164-thread-1] INFO  server.RaftServerConfigKeys (ConfUtils.java:logGet(46)) - raft.server.log.segment.size.max = 1048576 (custom)
2022-10-20 01:29:36,889 [pool-164-thread-1] INFO  server.RaftServerConfigKeys (ConfUtils.java:logGet(46)) - raft.server.log.preallocated.size = 16384 (custom)
2022-10-20 01:29:36,889 [pool-164-thread-1] INFO  server.RaftServerConfigKeys (ConfUtils.java:logGet(46)) - raft.server.log.force.sync.num = 128 (default)
2022-10-20 01:29:36,889 [pool-164-thread-1] INFO  server.RaftServerConfigKeys (ConfUtils.java:logGet(46)) - raft.server.log.statemachine.data.sync = true (default)
2022-10-20 01:29:36,889 [pool-164-thread-1] INFO  server.RaftServerConfigKeys (ConfUtils.java:logGet(46)) - raft.server.log.statemachine.data.sync.timeout = 10s (default)
2022-10-20 01:29:36,889 [pool-164-thread-1] INFO  server.RaftServerConfigKeys (ConfUtils.java:logGet(46)) - raft.server.log.statemachine.data.sync.timeout.retry = -1 (default)
2022-10-20 01:29:36,890 [pool-164-thread-1] INFO  server.RaftServerConfigKeys (ConfUtils.java:logGet(46)) - raft.server.log.write.buffer.size = 1048576 (custom)
2022-10-20 01:29:36,890 [pool-164-thread-1] INFO  server.RaftServerConfigKeys (ConfUtils.java:logGet(46)) - raft.server.log.unsafe-flush.enabled = false (default)
2022-10-20 01:29:36,890 [pool-164-thread-1] INFO  server.RaftServerConfigKeys (ConfUtils.java:logGet(46)) - raft.server.log.async-flush.enabled = false (default)
2022-10-20 01:29:36,890 [pool-164-thread-1] INFO  server.RaftServerConfigKeys (ConfUtils.java:logGet(46)) - raft.server.log.statemachine.data.caching.enabled = true (custom)
2022-10-20 01:29:36,890 [pool-164-thread-1] INFO  segmented.SegmentedRaftLogWorker (SegmentedRaftLogWorker.java:lambda$new$0(136)) - 2c0de523-4fef-49d4-a7e7-019bfd407efe@group-3562DEAE299E-SegmentedRaftLogWorker: flushIndex: setUnconditionally 0 -> -1
2022-10-20 01:29:36,890 [pool-164-thread-1] INFO  segmented.SegmentedRaftLogWorker (SegmentedRaftLogWorker.java:lambda$new$0(136)) - 2c0de523-4fef-49d4-a7e7-019bfd407efe@group-3562DEAE299E-SegmentedRaftLogWorker: safeCacheEvictIndex: setUnconditionally 0 -> -1
2022-10-20 01:29:36,892 [pool-164-thread-1] INFO  server.RaftServer$Division (RaftServerImpl.java:start(334)) - 2c0de523-4fef-49d4-a7e7-019bfd407efe@group-3562DEAE299E: start as a follower, conf=-1: peers:[6712d1d5-3f8e-46d5-b100-7ccc5411605f|rpc:10.1.0.77:37929|dataStream:|priority:0|startupRole:FOLLOWER, 0cbed28b-7e2e-4c55-93c4-a5222a360620|rpc:10.1.0.77:41783|dataStream:|priority:1|startupRole:FOLLOWER, 2c0de523-4fef-49d4-a7e7-019bfd407efe|rpc:10.1.0.77:37771|dataStream:|priority:0|startupRole:FOLLOWER]|listeners:[], old=null
2022-10-20 01:29:36,892 [pool-164-thread-1] INFO  server.RaftServer$Division (RaftServerImpl.java:setRole(321)) - 2c0de523-4fef-49d4-a7e7-019bfd407efe@group-3562DEAE299E: changes role from      null to FOLLOWER at term 0 for startAsFollower
2022-10-20 01:29:36,892 [pool-164-thread-1] INFO  impl.RoleInfo (RoleInfo.java:updateAndGet(139)) - 2c0de523-4fef-49d4-a7e7-019bfd407efe: start 2c0de523-4fef-49d4-a7e7-019bfd407efe@group-3562DEAE299E-FollowerState
2022-10-20 01:29:36,893 [pool-164-thread-1] INFO  util.JmxRegister (JmxRegister.java:tryRegister(44)) - Successfully registered JMX Bean with object name Ratis:service=RaftServer,group=group-3562DEAE299E,id=2c0de523-4fef-49d4-a7e7-019bfd407efe
2022-10-20 01:29:36,893 [2c0de523-4fef-49d4-a7e7-019bfd407efe@group-3562DEAE299E-FollowerState] INFO  server.RaftServerConfigKeys (ConfUtils.java:logFallback(53)) - raft.server.rpc.first-election.timeout.min = 5s (fallback to raft.server.rpc.timeout.min)
2022-10-20 01:29:36,895 [2c0de523-4fef-49d4-a7e7-019bfd407efe@group-3562DEAE299E-FollowerState] INFO  server.RaftServerConfigKeys (ConfUtils.java:logFallback(53)) - raft.server.rpc.first-election.timeout.max = 5200ms (fallback to raft.server.rpc.timeout.max)
2022-10-20 01:29:36,895 [pool-164-thread-1] INFO  server.RaftServerConfigKeys (ConfUtils.java:logGet(46)) - raft.server.snapshot.auto.trigger.enabled = true (custom)
2022-10-20 01:29:36,895 [pool-164-thread-1] INFO  server.RaftServerConfigKeys (ConfUtils.java:logGet(46)) - raft.server.snapshot.auto.trigger.threshold = 10000 (custom)
2022-10-20 01:29:36,895 [pool-164-thread-1] INFO  server.RaftServerConfigKeys (ConfUtils.java:logGet(46)) - raft.server.snapshot.retention.file.num = 5 (custom)
2022-10-20 01:29:36,895 [pool-164-thread-1] INFO  server.RaftServerConfigKeys (ConfUtils.java:logGet(46)) - raft.server.log.purge.upto.snapshot.index = false (default)
2022-10-20 01:29:36,910 [grpc-default-executor-0] INFO  server.RaftServer (RaftServerProxy.java:addNew(96)) - 6712d1d5-3f8e-46d5-b100-7ccc5411605f: addNew group-3562DEAE299E:[6712d1d5-3f8e-46d5-b100-7ccc5411605f|rpc:10.1.0.77:37929|dataStream:|priority:0|startupRole:FOLLOWER, 0cbed28b-7e2e-4c55-93c4-a5222a360620|rpc:10.1.0.77:41783|dataStream:|priority:1|startupRole:FOLLOWER, 2c0de523-4fef-49d4-a7e7-019bfd407efe|rpc:10.1.0.77:37771|dataStream:|priority:0|startupRole:FOLLOWER] returns group-3562DEAE299E:java.util.concurrent.CompletableFuture@721aa3da[Not completed]
2022-10-20 01:29:36,911 [pool-187-thread-1] INFO  server.RaftServer$Division (RaftServerImpl.java:<init>(195)) - 6712d1d5-3f8e-46d5-b100-7ccc5411605f: new RaftServerImpl for group-3562DEAE299E:[6712d1d5-3f8e-46d5-b100-7ccc5411605f|rpc:10.1.0.77:37929|dataStream:|priority:0|startupRole:FOLLOWER, 0cbed28b-7e2e-4c55-93c4-a5222a360620|rpc:10.1.0.77:41783|dataStream:|priority:1|startupRole:FOLLOWER, 2c0de523-4fef-49d4-a7e7-019bfd407efe|rpc:10.1.0.77:37771|dataStream:|priority:0|startupRole:FOLLOWER] with ContainerStateMachine:uninitialized
2022-10-20 01:29:36,911 [pool-187-thread-1] INFO  server.RaftServerConfigKeys (ConfUtils.java:logGet(46)) - raft.server.rpc.timeout.min = 5s (custom)
2022-10-20 01:29:36,911 [pool-187-thread-1] INFO  server.RaftServerConfigKeys (ConfUtils.java:logGet(46)) - raft.server.rpc.timeout.max = 5200ms (custom)
2022-10-20 01:29:36,911 [pool-187-thread-1] INFO  server.RaftServerConfigKeys (ConfUtils.java:logGet(46)) - raft.server.rpc.sleep.time = 25ms (default)
2022-10-20 01:29:36,911 [pool-187-thread-1] INFO  server.RaftServerConfigKeys (ConfUtils.java:logGet(46)) - raft.server.rpc.slowness.timeout = 300s (custom)
2022-10-20 01:29:36,911 [pool-187-thread-1] INFO  server.RaftServerConfigKeys (ConfUtils.java:logGet(46)) - raft.server.leaderelection.leader.step-down.wait-time = 10s (default)
2022-10-20 01:29:36,911 [pool-187-thread-1] INFO  server.RaftServerConfigKeys (ConfUtils.java:logGet(46)) - raft.server.sleep.deviation.threshold = 300ms (default)
2022-10-20 01:29:36,911 [pool-187-thread-1] INFO  server.RaftServer$Division (ServerState.java:<init>(118)) - 6712d1d5-3f8e-46d5-b100-7ccc5411605f@group-3562DEAE299E: ConfigurationManager, init=-1: peers:[6712d1d5-3f8e-46d5-b100-7ccc5411605f|rpc:10.1.0.77:37929|dataStream:|priority:0|startupRole:FOLLOWER, 0cbed28b-7e2e-4c55-93c4-a5222a360620|rpc:10.1.0.77:41783|dataStream:|priority:1|startupRole:FOLLOWER, 2c0de523-4fef-49d4-a7e7-019bfd407efe|rpc:10.1.0.77:37771|dataStream:|priority:0|startupRole:FOLLOWER]|listeners:[], old=null, confs=<EMPTY_MAP>
2022-10-20 01:29:36,911 [pool-187-thread-1] INFO  server.RaftServerConfigKeys (ConfUtils.java:logGet(46)) - raft.server.storage.dir = [/home/runner/work/ozone/ozone/hadoop-ozone/integration-test/target/test-dir/MiniOzoneClusterImpl-1c2b738d-be74-4a40-b887-8630efe04021/datanode-5/data/ratis] (custom)
2022-10-20 01:29:36,911 [pool-187-thread-1] INFO  server.RaftServerConfigKeys (ConfUtils.java:logGet(46)) - raft.server.log.corruption.policy = EXCEPTION (default)
2022-10-20 01:29:36,912 [pool-187-thread-1] INFO  server.RaftServerConfigKeys (ConfUtils.java:logGet(46)) - raft.server.storage.free-space.min = 0MB (=0) (default)
2022-10-20 01:29:36,912 [pool-187-thread-1] INFO  server.RaftServerConfigKeys (ConfUtils.java:logGet(46)) - raft.server.notification.no-leader.timeout = 300s (custom)
2022-10-20 01:29:36,912 [pool-187-thread-1] INFO  server.RaftServerConfigKeys (ConfUtils.java:logGet(46)) - raft.server.retrycache.expirytime = 600000ms (custom)
2022-10-20 01:29:36,912 [pool-187-thread-1] INFO  server.RaftServerConfigKeys (ConfUtils.java:logGet(46)) - raft.server.retrycache.statistics.expirytime = 100μs (default)
2022-10-20 01:29:36,913 [pool-187-thread-1] INFO  server.RaftServerConfigKeys (ConfUtils.java:logGet(46)) - raft.server.log.appender.install.snapshot.enabled = false (custom)
2022-10-20 01:29:36,913 [pool-187-thread-1] INFO  server.RaftServerConfigKeys (ConfUtils.java:logGet(46)) - raft.server.threadpool.server.cached = true (default)
2022-10-20 01:29:36,913 [pool-187-thread-1] INFO  server.RaftServerConfigKeys (ConfUtils.java:logGet(46)) - raft.server.threadpool.server.size = 0 (default)
2022-10-20 01:29:36,913 [pool-187-thread-1] INFO  server.RaftServerConfigKeys (ConfUtils.java:logGet(46)) - raft.server.threadpool.client.cached = true (default)
2022-10-20 01:29:36,913 [pool-187-thread-1] INFO  server.RaftServerConfigKeys (ConfUtils.java:logGet(46)) - raft.server.threadpool.client.size = 0 (default)
2022-10-20 01:29:36,913 [pool-187-thread-1] INFO  storage.RaftStorageDirectory (RaftStorageDirectoryImpl.java:analyzeStorage(137)) - The storage directory /home/runner/work/ozone/ozone/hadoop-ozone/integration-test/target/test-dir/MiniOzoneClusterImpl-1c2b738d-be74-4a40-b887-8630efe04021/datanode-5/data/ratis/87ce7096-a76b-4beb-a627-3562deae299e does not exist. Creating ...
2022-10-20 01:29:36,915 [pool-187-thread-1] INFO  storage.RaftStorageDirectory (RaftStorageDirectoryImpl.java:tryLock(231)) - Lock on /home/runner/work/ozone/ozone/hadoop-ozone/integration-test/target/test-dir/MiniOzoneClusterImpl-1c2b738d-be74-4a40-b887-8630efe04021/datanode-5/data/ratis/87ce7096-a76b-4beb-a627-3562deae299e/in_use.lock acquired by nodename 55363@fv-az625-379
2022-10-20 01:29:36,916 [pool-187-thread-1] INFO  storage.RaftStorage (RaftStorageImpl.java:format(96)) - Storage directory /home/runner/work/ozone/ozone/hadoop-ozone/integration-test/target/test-dir/MiniOzoneClusterImpl-1c2b738d-be74-4a40-b887-8630efe04021/datanode-5/data/ratis/87ce7096-a76b-4beb-a627-3562deae299e has been successfully formatted.
2022-10-20 01:29:36,916 [pool-187-thread-1] INFO  ratis.ContainerStateMachine (ContainerStateMachine.java:loadSnapshot(236)) - group-3562DEAE299E: The snapshot info is null. Setting the last applied indexto:(t:0, i:~)
2022-10-20 01:29:36,916 [pool-187-thread-1] INFO  server.RaftServerConfigKeys (ConfUtils.java:logGet(46)) - raft.server.log.use.memory = false (default)
2022-10-20 01:29:36,916 [pool-187-thread-1] INFO  server.RaftServerConfigKeys (ConfUtils.java:logGet(46)) - raft.server.log.purge.gap = 1000000 (custom)
2022-10-20 01:29:36,916 [pool-187-thread-1] INFO  server.RaftServerConfigKeys (ConfUtils.java:logGet(46)) - raft.server.log.appender.buffer.byte-limit = 33554432 (custom)
2022-10-20 01:29:36,916 [pool-187-thread-1] INFO  server.RaftServerConfigKeys (ConfUtils.java:logGet(46)) - raft.server.log.statemachine.data.read.timeout = 1000ms (default)
2022-10-20 01:29:36,916 [pool-187-thread-1] INFO  server.RaftServerConfigKeys (ConfUtils.java:logGet(46)) - raft.server.log.purge.preservation.log.num = 0 (default)
2022-10-20 01:29:36,917 [pool-187-thread-1] INFO  server.RaftServerConfigKeys (ConfUtils.java:logGet(46)) - raft.server.log.segment.size.max = 1048576 (custom)
2022-10-20 01:29:36,917 [pool-187-thread-1] INFO  server.RaftServerConfigKeys (ConfUtils.java:logGet(46)) - raft.server.log.segment.cache.num.max = 2 (custom)
2022-10-20 01:29:36,917 [pool-187-thread-1] INFO  server.RaftServerConfigKeys (ConfUtils.java:logGet(46)) - raft.server.log.segment.cache.size.max = 200MB (=209715200) (default)
2022-10-20 01:29:36,917 [pool-187-thread-1] INFO  segmented.SegmentedRaftLogWorker (SegmentedRaftLogWorker.java:<init>(191)) - new 6712d1d5-3f8e-46d5-b100-7ccc5411605f@group-3562DEAE299E-SegmentedRaftLogWorker for RaftStorageImpl:Storage Directory /home/runner/work/ozone/ozone/hadoop-ozone/integration-test/target/test-dir/MiniOzoneClusterImpl-1c2b738d-be74-4a40-b887-8630efe04021/datanode-5/data/ratis/87ce7096-a76b-4beb-a627-3562deae299e
2022-10-20 01:29:36,917 [pool-187-thread-1] INFO  server.RaftServerConfigKeys (ConfUtils.java:logGet(46)) - raft.server.log.queue.byte-limit = 4294967296 (custom)
2022-10-20 01:29:36,917 [pool-187-thread-1] INFO  server.RaftServerConfigKeys (ConfUtils.java:logGet(46)) - raft.server.log.queue.element-limit = 1024 (custom)
2022-10-20 01:29:36,917 [pool-187-thread-1] INFO  server.RaftServerConfigKeys (ConfUtils.java:logGet(46)) - raft.server.log.segment.size.max = 1048576 (custom)
2022-10-20 01:29:36,917 [pool-187-thread-1] INFO  server.RaftServerConfigKeys (ConfUtils.java:logGet(46)) - raft.server.log.preallocated.size = 16384 (custom)
2022-10-20 01:29:36,917 [pool-187-thread-1] INFO  server.RaftServerConfigKeys (ConfUtils.java:logGet(46)) - raft.server.log.force.sync.num = 128 (default)
2022-10-20 01:29:36,917 [pool-187-thread-1] INFO  server.RaftServerConfigKeys (ConfUtils.java:logGet(46)) - raft.server.log.statemachine.data.sync = true (default)
2022-10-20 01:29:36,917 [pool-187-thread-1] INFO  server.RaftServerConfigKeys (ConfUtils.java:logGet(46)) - raft.server.log.statemachine.data.sync.timeout = 10s (default)
2022-10-20 01:29:36,917 [pool-187-thread-1] INFO  server.RaftServerConfigKeys (ConfUtils.java:logGet(46)) - raft.server.log.statemachine.data.sync.timeout.retry = -1 (default)
2022-10-20 01:29:36,923 [pool-187-thread-1] INFO  server.RaftServerConfigKeys (ConfUtils.java:logGet(46)) - raft.server.log.write.buffer.size = 1048576 (custom)
2022-10-20 01:29:36,923 [pool-187-thread-1] INFO  server.RaftServerConfigKeys (ConfUtils.java:logGet(46)) - raft.server.log.unsafe-flush.enabled = false (default)
2022-10-20 01:29:36,923 [pool-187-thread-1] INFO  server.RaftServerConfigKeys (ConfUtils.java:logGet(46)) - raft.server.log.async-flush.enabled = false (default)
2022-10-20 01:29:36,923 [pool-187-thread-1] INFO  server.RaftServerConfigKeys (ConfUtils.java:logGet(46)) - raft.server.log.statemachine.data.caching.enabled = true (custom)
2022-10-20 01:29:36,923 [pool-187-thread-1] INFO  segmented.SegmentedRaftLogWorker (SegmentedRaftLogWorker.java:lambda$new$0(136)) - 6712d1d5-3f8e-46d5-b100-7ccc5411605f@group-3562DEAE299E-SegmentedRaftLogWorker: flushIndex: setUnconditionally 0 -> -1
2022-10-20 01:29:36,924 [pool-187-thread-1] INFO  segmented.SegmentedRaftLogWorker (SegmentedRaftLogWorker.java:lambda$new$0(136)) - 6712d1d5-3f8e-46d5-b100-7ccc5411605f@group-3562DEAE299E-SegmentedRaftLogWorker: safeCacheEvictIndex: setUnconditionally 0 -> -1
2022-10-20 01:29:36,924 [pool-187-thread-1] INFO  server.RaftServer$Division (RaftServerImpl.java:start(334)) - 6712d1d5-3f8e-46d5-b100-7ccc5411605f@group-3562DEAE299E: start as a follower, conf=-1: peers:[6712d1d5-3f8e-46d5-b100-7ccc5411605f|rpc:10.1.0.77:37929|dataStream:|priority:0|startupRole:FOLLOWER, 0cbed28b-7e2e-4c55-93c4-a5222a360620|rpc:10.1.0.77:41783|dataStream:|priority:1|startupRole:FOLLOWER, 2c0de523-4fef-49d4-a7e7-019bfd407efe|rpc:10.1.0.77:37771|dataStream:|priority:0|startupRole:FOLLOWER]|listeners:[], old=null
2022-10-20 01:29:36,924 [pool-187-thread-1] INFO  server.RaftServer$Division (RaftServerImpl.java:setRole(321)) - 6712d1d5-3f8e-46d5-b100-7ccc5411605f@group-3562DEAE299E: changes role from      null to FOLLOWER at term 0 for startAsFollower
2022-10-20 01:29:36,924 [pool-187-thread-1] INFO  impl.RoleInfo (RoleInfo.java:updateAndGet(139)) - 6712d1d5-3f8e-46d5-b100-7ccc5411605f: start 6712d1d5-3f8e-46d5-b100-7ccc5411605f@group-3562DEAE299E-FollowerState
2022-10-20 01:29:36,924 [pool-187-thread-1] INFO  util.JmxRegister (JmxRegister.java:tryRegister(44)) - Successfully registered JMX Bean with object name Ratis:service=RaftServer,group=group-3562DEAE299E,id=6712d1d5-3f8e-46d5-b100-7ccc5411605f
2022-10-20 01:29:36,924 [pool-187-thread-1] INFO  server.RaftServerConfigKeys (ConfUtils.java:logGet(46)) - raft.server.snapshot.auto.trigger.enabled = true (custom)
2022-10-20 01:29:36,924 [pool-187-thread-1] INFO  server.RaftServerConfigKeys (ConfUtils.java:logGet(46)) - raft.server.snapshot.auto.trigger.threshold = 10000 (custom)
2022-10-20 01:29:36,924 [pool-187-thread-1] INFO  server.RaftServerConfigKeys (ConfUtils.java:logGet(46)) - raft.server.snapshot.retention.file.num = 5 (custom)
2022-10-20 01:29:36,924 [pool-187-thread-1] INFO  server.RaftServerConfigKeys (ConfUtils.java:logGet(46)) - raft.server.log.purge.upto.snapshot.index = false (default)
2022-10-20 01:29:36,925 [6712d1d5-3f8e-46d5-b100-7ccc5411605f@group-3562DEAE299E-FollowerState] INFO  server.RaftServerConfigKeys (ConfUtils.java:logFallback(53)) - raft.server.rpc.first-election.timeout.min = 5s (fallback to raft.server.rpc.timeout.min)
2022-10-20 01:29:36,929 [6712d1d5-3f8e-46d5-b100-7ccc5411605f@group-3562DEAE299E-FollowerState] INFO  server.RaftServerConfigKeys (ConfUtils.java:logFallback(53)) - raft.server.rpc.first-election.timeout.max = 5200ms (fallback to raft.server.rpc.timeout.max)
2022-10-20 01:29:36,932 [Command processor thread] INFO  commandhandler.CreatePipelineCommandHandler (CreatePipelineCommandHandler.java:handle(113)) - Created Pipeline RATIS THREE PipelineID=87ce7096-a76b-4beb-a627-3562deae299e.
2022-10-20 01:29:37,038 [Command processor thread] INFO  server.RaftServer (RaftServerProxy.java:addNew(96)) - 2c0de523-4fef-49d4-a7e7-019bfd407efe: addNew group-92C9A0750E64:[2c0de523-4fef-49d4-a7e7-019bfd407efe|rpc:10.1.0.77:37771|priority:1|startupRole:FOLLOWER] returns group-92C9A0750E64:java.util.concurrent.CompletableFuture@18bb87e1[Not completed]
2022-10-20 01:29:37,039 [pool-164-thread-1] INFO  server.RaftServer$Division (RaftServerImpl.java:<init>(195)) - 2c0de523-4fef-49d4-a7e7-019bfd407efe: new RaftServerImpl for group-92C9A0750E64:[2c0de523-4fef-49d4-a7e7-019bfd407efe|rpc:10.1.0.77:37771|priority:1|startupRole:FOLLOWER] with ContainerStateMachine:uninitialized
2022-10-20 01:29:37,039 [pool-164-thread-1] INFO  server.RaftServerConfigKeys (ConfUtils.java:logGet(46)) - raft.server.rpc.timeout.min = 5s (custom)
2022-10-20 01:29:37,039 [pool-164-thread-1] INFO  server.RaftServerConfigKeys (ConfUtils.java:logGet(46)) - raft.server.rpc.timeout.max = 5200ms (custom)
2022-10-20 01:29:37,039 [pool-164-thread-1] INFO  server.RaftServerConfigKeys (ConfUtils.java:logGet(46)) - raft.server.rpc.sleep.time = 25ms (default)
2022-10-20 01:29:37,039 [pool-164-thread-1] INFO  server.RaftServerConfigKeys (ConfUtils.java:logGet(46)) - raft.server.rpc.slowness.timeout = 300s (custom)
2022-10-20 01:29:37,039 [pool-164-thread-1] INFO  server.RaftServerConfigKeys (ConfUtils.java:logGet(46)) - raft.server.leaderelection.leader.step-down.wait-time = 10s (default)
2022-10-20 01:29:37,039 [pool-164-thread-1] INFO  server.RaftServerConfigKeys (ConfUtils.java:logGet(46)) - raft.server.sleep.deviation.threshold = 300ms (default)
2022-10-20 01:29:37,039 [pool-164-thread-1] INFO  server.RaftServer$Division (ServerState.java:<init>(118)) - 2c0de523-4fef-49d4-a7e7-019bfd407efe@group-92C9A0750E64: ConfigurationManager, init=-1: peers:[2c0de523-4fef-49d4-a7e7-019bfd407efe|rpc:10.1.0.77:37771|priority:1|startupRole:FOLLOWER]|listeners:[], old=null, confs=<EMPTY_MAP>
2022-10-20 01:29:37,039 [pool-164-thread-1] INFO  server.RaftServerConfigKeys (ConfUtils.java:logGet(46)) - raft.server.storage.dir = [/home/runner/work/ozone/ozone/hadoop-ozone/integration-test/target/test-dir/MiniOzoneClusterImpl-1c2b738d-be74-4a40-b887-8630efe04021/datanode-4/data/ratis] (custom)
2022-10-20 01:29:37,039 [pool-164-thread-1] INFO  server.RaftServerConfigKeys (ConfUtils.java:logGet(46)) - raft.server.log.corruption.policy = EXCEPTION (default)
2022-10-20 01:29:37,039 [pool-164-thread-1] INFO  server.RaftServerConfigKeys (ConfUtils.java:logGet(46)) - raft.server.storage.free-space.min = 0MB (=0) (default)
2022-10-20 01:29:37,039 [pool-164-thread-1] INFO  server.RaftServerConfigKeys (ConfUtils.java:logGet(46)) - raft.server.notification.no-leader.timeout = 300s (custom)
2022-10-20 01:29:37,039 [pool-164-thread-1] INFO  server.RaftServerConfigKeys (ConfUtils.java:logGet(46)) - raft.server.retrycache.expirytime = 600000ms (custom)
2022-10-20 01:29:37,040 [pool-164-thread-1] INFO  server.RaftServerConfigKeys (ConfUtils.java:logGet(46)) - raft.server.retrycache.statistics.expirytime = 100μs (default)
2022-10-20 01:29:37,040 [pool-164-thread-1] INFO  server.RaftServerConfigKeys (ConfUtils.java:logGet(46)) - raft.server.log.appender.install.snapshot.enabled = false (custom)
2022-10-20 01:29:37,041 [pool-164-thread-1] INFO  server.RaftServerConfigKeys (ConfUtils.java:logGet(46)) - raft.server.threadpool.server.cached = true (default)
2022-10-20 01:29:37,041 [pool-164-thread-1] INFO  server.RaftServerConfigKeys (ConfUtils.java:logGet(46)) - raft.server.threadpool.server.size = 0 (default)
2022-10-20 01:29:37,041 [pool-164-thread-1] INFO  server.RaftServerConfigKeys (ConfUtils.java:logGet(46)) - raft.server.threadpool.client.cached = true (default)
2022-10-20 01:29:37,041 [pool-164-thread-1] INFO  server.RaftServerConfigKeys (ConfUtils.java:logGet(46)) - raft.server.threadpool.client.size = 0 (default)
2022-10-20 01:29:37,041 [pool-164-thread-1] INFO  storage.RaftStorageDirectory (RaftStorageDirectoryImpl.java:analyzeStorage(137)) - The storage directory /home/runner/work/ozone/ozone/hadoop-ozone/integration-test/target/test-dir/MiniOzoneClusterImpl-1c2b738d-be74-4a40-b887-8630efe04021/datanode-4/data/ratis/a5182b90-fe70-48bc-a762-92c9a0750e64 does not exist. Creating ...
2022-10-20 01:29:37,042 [pool-164-thread-1] INFO  storage.RaftStorageDirectory (RaftStorageDirectoryImpl.java:tryLock(231)) - Lock on /home/runner/work/ozone/ozone/hadoop-ozone/integration-test/target/test-dir/MiniOzoneClusterImpl-1c2b738d-be74-4a40-b887-8630efe04021/datanode-4/data/ratis/a5182b90-fe70-48bc-a762-92c9a0750e64/in_use.lock acquired by nodename 55363@fv-az625-379
2022-10-20 01:29:37,043 [pool-164-thread-1] INFO  storage.RaftStorage (RaftStorageImpl.java:format(96)) - Storage directory /home/runner/work/ozone/ozone/hadoop-ozone/integration-test/target/test-dir/MiniOzoneClusterImpl-1c2b738d-be74-4a40-b887-8630efe04021/datanode-4/data/ratis/a5182b90-fe70-48bc-a762-92c9a0750e64 has been successfully formatted.
2022-10-20 01:29:37,044 [pool-164-thread-1] INFO  ratis.ContainerStateMachine (ContainerStateMachine.java:loadSnapshot(236)) - group-92C9A0750E64: The snapshot info is null. Setting the last applied indexto:(t:0, i:~)
2022-10-20 01:29:37,044 [pool-164-thread-1] INFO  server.RaftServerConfigKeys (ConfUtils.java:logGet(46)) - raft.server.log.use.memory = false (default)
2022-10-20 01:29:37,044 [pool-164-thread-1] INFO  server.RaftServerConfigKeys (ConfUtils.java:logGet(46)) - raft.server.log.purge.gap = 1000000 (custom)
2022-10-20 01:29:37,044 [pool-164-thread-1] INFO  server.RaftServerConfigKeys (ConfUtils.java:logGet(46)) - raft.server.log.appender.buffer.byte-limit = 33554432 (custom)
2022-10-20 01:29:37,044 [pool-164-thread-1] INFO  server.RaftServerConfigKeys (ConfUtils.java:logGet(46)) - raft.server.log.statemachine.data.read.timeout = 1000ms (default)
2022-10-20 01:29:37,044 [pool-164-thread-1] INFO  server.RaftServerConfigKeys (ConfUtils.java:logGet(46)) - raft.server.log.purge.preservation.log.num = 0 (default)
2022-10-20 01:29:37,044 [pool-164-thread-1] INFO  server.RaftServerConfigKeys (ConfUtils.java:logGet(46)) - raft.server.log.segment.size.max = 1048576 (custom)
2022-10-20 01:29:37,045 [pool-164-thread-1] INFO  server.RaftServerConfigKeys (ConfUtils.java:logGet(46)) - raft.server.log.segment.cache.num.max = 2 (custom)
2022-10-20 01:29:37,046 [pool-164-thread-1] INFO  server.RaftServerConfigKeys (ConfUtils.java:logGet(46)) - raft.server.log.segment.cache.size.max = 200MB (=209715200) (default)
2022-10-20 01:29:37,046 [pool-164-thread-1] INFO  segmented.SegmentedRaftLogWorker (SegmentedRaftLogWorker.java:<init>(191)) - new 2c0de523-4fef-49d4-a7e7-019bfd407efe@group-92C9A0750E64-SegmentedRaftLogWorker for RaftStorageImpl:Storage Directory /home/runner/work/ozone/ozone/hadoop-ozone/integration-test/target/test-dir/MiniOzoneClusterImpl-1c2b738d-be74-4a40-b887-8630efe04021/datanode-4/data/ratis/a5182b90-fe70-48bc-a762-92c9a0750e64
2022-10-20 01:29:37,046 [pool-164-thread-1] INFO  server.RaftServerConfigKeys (ConfUtils.java:logGet(46)) - raft.server.log.queue.byte-limit = 4294967296 (custom)
2022-10-20 01:29:37,046 [pool-164-thread-1] INFO  server.RaftServerConfigKeys (ConfUtils.java:logGet(46)) - raft.server.log.queue.element-limit = 1024 (custom)
2022-10-20 01:29:37,046 [pool-164-thread-1] INFO  server.RaftServerConfigKeys (ConfUtils.java:logGet(46)) - raft.server.log.segment.size.max = 1048576 (custom)
2022-10-20 01:29:37,046 [pool-164-thread-1] INFO  server.RaftServerConfigKeys (ConfUtils.java:logGet(46)) - raft.server.log.preallocated.size = 16384 (custom)
2022-10-20 01:29:37,046 [EventQueue-PipelineReportForPipelineReportHandler] INFO  pipeline.PipelineManagerImpl (PipelineManagerImpl.java:openPipeline(367)) - Pipeline Pipeline[ Id: a5182b90-fe70-48bc-a762-92c9a0750e64, Nodes: 2c0de523-4fef-49d4-a7e7-019bfd407efe{ip: 10.1.0.77, host: fv-az625-379.nkjb25ot11ku3fnowzullr2doh.gx.internal.cloudapp.net, ports: [REPLICATION=36177, RATIS=37771, RATIS_ADMIN=37771, RATIS_SERVER=37771, STANDALONE=39829], networkLocation: /default-rack, certSerialId: null, persistedOpState: IN_SERVICE, persistedOpStateExpiryEpochSec: 0}, ReplicationConfig: RATIS/ONE, State:ALLOCATED, leaderId:2c0de523-4fef-49d4-a7e7-019bfd407efe, CreationTimestamp2022-10-20T01:29:34.043Z[Etc/UTC]] moved to OPEN state
2022-10-20 01:29:37,046 [EventQueue-OpenPipelineForHealthyPipelineSafeModeRule] INFO  safemode.SCMSafeModeManager (HealthyPipelineSafeModeRule.java:process(137)) - SCM in safe mode. Healthy pipelines reported count is 0, required healthy pipeline reported count is 1
2022-10-20 01:29:37,046 [pool-164-thread-1] INFO  server.RaftServerConfigKeys (ConfUtils.java:logGet(46)) - raft.server.log.force.sync.num = 128 (default)
2022-10-20 01:29:37,047 [pool-164-thread-1] INFO  server.RaftServerConfigKeys (ConfUtils.java:logGet(46)) - raft.server.log.statemachine.data.sync = true (default)
2022-10-20 01:29:37,048 [pool-164-thread-1] INFO  server.RaftServerConfigKeys (ConfUtils.java:logGet(46)) - raft.server.log.statemachine.data.sync.timeout = 10s (default)
2022-10-20 01:29:37,048 [pool-164-thread-1] INFO  server.RaftServerConfigKeys (ConfUtils.java:logGet(46)) - raft.server.log.statemachine.data.sync.timeout.retry = -1 (default)
2022-10-20 01:29:37,048 [pool-164-thread-1] INFO  server.RaftServerConfigKeys (ConfUtils.java:logGet(46)) - raft.server.log.write.buffer.size = 1048576 (custom)
2022-10-20 01:29:37,049 [pool-164-thread-1] INFO  server.RaftServerConfigKeys (ConfUtils.java:logGet(46)) - raft.server.log.unsafe-flush.enabled = false (default)
2022-10-20 01:29:37,049 [pool-164-thread-1] INFO  server.RaftServerConfigKeys (ConfUtils.java:logGet(46)) - raft.server.log.async-flush.enabled = false (default)
2022-10-20 01:29:37,049 [pool-164-thread-1] INFO  server.RaftServerConfigKeys (ConfUtils.java:logGet(46)) - raft.server.log.statemachine.data.caching.enabled = true (custom)
2022-10-20 01:29:37,049 [pool-164-thread-1] INFO  segmented.SegmentedRaftLogWorker (SegmentedRaftLogWorker.java:lambda$new$0(136)) - 2c0de523-4fef-49d4-a7e7-019bfd407efe@group-92C9A0750E64-SegmentedRaftLogWorker: flushIndex: setUnconditionally 0 -> -1
2022-10-20 01:29:37,049 [pool-164-thread-1] INFO  segmented.SegmentedRaftLogWorker (SegmentedRaftLogWorker.java:lambda$new$0(136)) - 2c0de523-4fef-49d4-a7e7-019bfd407efe@group-92C9A0750E64-SegmentedRaftLogWorker: safeCacheEvictIndex: setUnconditionally 0 -> -1
2022-10-20 01:29:37,050 [pool-164-thread-1] INFO  server.RaftServer$Division (RaftServerImpl.java:start(334)) - 2c0de523-4fef-49d4-a7e7-019bfd407efe@group-92C9A0750E64: start as a follower, conf=-1: peers:[2c0de523-4fef-49d4-a7e7-019bfd407efe|rpc:10.1.0.77:37771|priority:1|startupRole:FOLLOWER]|listeners:[], old=null
2022-10-20 01:29:37,050 [pool-164-thread-1] INFO  server.RaftServer$Division (RaftServerImpl.java:setRole(321)) - 2c0de523-4fef-49d4-a7e7-019bfd407efe@group-92C9A0750E64: changes role from      null to FOLLOWER at term 0 for startAsFollower
2022-10-20 01:29:37,050 [pool-164-thread-1] INFO  impl.RoleInfo (RoleInfo.java:updateAndGet(139)) - 2c0de523-4fef-49d4-a7e7-019bfd407efe: start 2c0de523-4fef-49d4-a7e7-019bfd407efe@group-92C9A0750E64-FollowerState
2022-10-20 01:29:37,051 [pool-164-thread-1] INFO  util.JmxRegister (JmxRegister.java:tryRegister(44)) - Successfully registered JMX Bean with object name Ratis:service=RaftServer,group=group-92C9A0750E64,id=2c0de523-4fef-49d4-a7e7-019bfd407efe
2022-10-20 01:29:37,051 [pool-164-thread-1] INFO  server.RaftServerConfigKeys (ConfUtils.java:logGet(46)) - raft.server.snapshot.auto.trigger.enabled = true (custom)
2022-10-20 01:29:37,051 [pool-164-thread-1] INFO  server.RaftServerConfigKeys (ConfUtils.java:logGet(46)) - raft.server.snapshot.auto.trigger.threshold = 10000 (custom)
2022-10-20 01:29:37,051 [pool-164-thread-1] INFO  server.RaftServerConfigKeys (ConfUtils.java:logGet(46)) - raft.server.snapshot.retention.file.num = 5 (custom)
2022-10-20 01:29:37,051 [pool-164-thread-1] INFO  server.RaftServerConfigKeys (ConfUtils.java:logGet(46)) - raft.server.log.purge.upto.snapshot.index = false (default)
2022-10-20 01:29:37,051 [2c0de523-4fef-49d4-a7e7-019bfd407efe@group-92C9A0750E64-FollowerState] INFO  server.RaftServerConfigKeys (ConfUtils.java:logFallback(53)) - raft.server.rpc.first-election.timeout.min = 5s (fallback to raft.server.rpc.timeout.min)
2022-10-20 01:29:37,051 [2c0de523-4fef-49d4-a7e7-019bfd407efe@group-92C9A0750E64-FollowerState] INFO  server.RaftServerConfigKeys (ConfUtils.java:logFallback(53)) - raft.server.rpc.first-election.timeout.max = 5200ms (fallback to raft.server.rpc.timeout.max)
2022-10-20 01:29:37,052 [Command processor thread] INFO  ratis.XceiverServerRatis (XceiverServerRatis.java:addGroup(765)) - Created group PipelineID=a5182b90-fe70-48bc-a762-92c9a0750e64
2022-10-20 01:29:37,052 [Command processor thread] INFO  commandhandler.CreatePipelineCommandHandler (CreatePipelineCommandHandler.java:handle(113)) - Created Pipeline RATIS ONE PipelineID=a5182b90-fe70-48bc-a762-92c9a0750e64.
2022-10-20 01:29:37,354 [Command processor thread] INFO  server.RaftServer (RaftServerProxy.java:addNew(96)) - 6712d1d5-3f8e-46d5-b100-7ccc5411605f: addNew group-F5665640F4C7:[6712d1d5-3f8e-46d5-b100-7ccc5411605f|rpc:10.1.0.77:37929|priority:1|startupRole:FOLLOWER] returns group-F5665640F4C7:java.util.concurrent.CompletableFuture@7c48732c[Not completed]
2022-10-20 01:29:37,355 [pool-187-thread-1] INFO  server.RaftServer$Division (RaftServerImpl.java:<init>(195)) - 6712d1d5-3f8e-46d5-b100-7ccc5411605f: new RaftServerImpl for group-F5665640F4C7:[6712d1d5-3f8e-46d5-b100-7ccc5411605f|rpc:10.1.0.77:37929|priority:1|startupRole:FOLLOWER] with ContainerStateMachine:uninitialized
2022-10-20 01:29:37,355 [pool-187-thread-1] INFO  server.RaftServerConfigKeys (ConfUtils.java:logGet(46)) - raft.server.rpc.timeout.min = 5s (custom)
2022-10-20 01:29:37,355 [pool-187-thread-1] INFO  server.RaftServerConfigKeys (ConfUtils.java:logGet(46)) - raft.server.rpc.timeout.max = 5200ms (custom)
2022-10-20 01:29:37,355 [pool-187-thread-1] INFO  server.RaftServerConfigKeys (ConfUtils.java:logGet(46)) - raft.server.rpc.sleep.time = 25ms (default)
2022-10-20 01:29:37,355 [pool-187-thread-1] INFO  server.RaftServerConfigKeys (ConfUtils.java:logGet(46)) - raft.server.rpc.slowness.timeout = 300s (custom)
2022-10-20 01:29:37,355 [pool-187-thread-1] INFO  server.RaftServerConfigKeys (ConfUtils.java:logGet(46)) - raft.server.leaderelection.leader.step-down.wait-time = 10s (default)
2022-10-20 01:29:37,355 [pool-187-thread-1] INFO  server.RaftServerConfigKeys (ConfUtils.java:logGet(46)) - raft.server.sleep.deviation.threshold = 300ms (default)
2022-10-20 01:29:37,355 [pool-187-thread-1] INFO  server.RaftServer$Division (ServerState.java:<init>(118)) - 6712d1d5-3f8e-46d5-b100-7ccc5411605f@group-F5665640F4C7: ConfigurationManager, init=-1: peers:[6712d1d5-3f8e-46d5-b100-7ccc5411605f|rpc:10.1.0.77:37929|priority:1|startupRole:FOLLOWER]|listeners:[], old=null, confs=<EMPTY_MAP>
2022-10-20 01:29:37,356 [pool-187-thread-1] INFO  server.RaftServerConfigKeys (ConfUtils.java:logGet(46)) - raft.server.storage.dir = [/home/runner/work/ozone/ozone/hadoop-ozone/integration-test/target/test-dir/MiniOzoneClusterImpl-1c2b738d-be74-4a40-b887-8630efe04021/datanode-5/data/ratis] (custom)
2022-10-20 01:29:37,356 [pool-187-thread-1] INFO  server.RaftServerConfigKeys (ConfUtils.java:logGet(46)) - raft.server.log.corruption.policy = EXCEPTION (default)
2022-10-20 01:29:37,356 [pool-187-thread-1] INFO  server.RaftServerConfigKeys (ConfUtils.java:logGet(46)) - raft.server.storage.free-space.min = 0MB (=0) (default)
2022-10-20 01:29:37,356 [pool-187-thread-1] INFO  server.RaftServerConfigKeys (ConfUtils.java:logGet(46)) - raft.server.notification.no-leader.timeout = 300s (custom)
2022-10-20 01:29:37,356 [pool-187-thread-1] INFO  server.RaftServerConfigKeys (ConfUtils.java:logGet(46)) - raft.server.retrycache.expirytime = 600000ms (custom)
2022-10-20 01:29:37,356 [pool-187-thread-1] INFO  server.RaftServerConfigKeys (ConfUtils.java:logGet(46)) - raft.server.retrycache.statistics.expirytime = 100μs (default)
2022-10-20 01:29:37,357 [pool-187-thread-1] INFO  server.RaftServerConfigKeys (ConfUtils.java:logGet(46)) - raft.server.log.appender.install.snapshot.enabled = false (custom)
2022-10-20 01:29:37,357 [pool-187-thread-1] INFO  server.RaftServerConfigKeys (ConfUtils.java:logGet(46)) - raft.server.threadpool.server.cached = true (default)
2022-10-20 01:29:37,357 [pool-187-thread-1] INFO  server.RaftServerConfigKeys (ConfUtils.java:logGet(46)) - raft.server.threadpool.server.size = 0 (default)
2022-10-20 01:29:37,357 [pool-187-thread-1] INFO  server.RaftServerConfigKeys (ConfUtils.java:logGet(46)) - raft.server.threadpool.client.cached = true (default)
2022-10-20 01:29:37,357 [pool-187-thread-1] INFO  server.RaftServerConfigKeys (ConfUtils.java:logGet(46)) - raft.server.threadpool.client.size = 0 (default)
2022-10-20 01:29:37,357 [pool-187-thread-1] INFO  storage.RaftStorageDirectory (RaftStorageDirectoryImpl.java:analyzeStorage(137)) - The storage directory /home/runner/work/ozone/ozone/hadoop-ozone/integration-test/target/test-dir/MiniOzoneClusterImpl-1c2b738d-be74-4a40-b887-8630efe04021/datanode-5/data/ratis/464e5ffb-5e34-40dc-b7a1-f5665640f4c7 does not exist. Creating ...
2022-10-20 01:29:37,358 [pool-187-thread-1] INFO  storage.RaftStorageDirectory (RaftStorageDirectoryImpl.java:tryLock(231)) - Lock on /home/runner/work/ozone/ozone/hadoop-ozone/integration-test/target/test-dir/MiniOzoneClusterImpl-1c2b738d-be74-4a40-b887-8630efe04021/datanode-5/data/ratis/464e5ffb-5e34-40dc-b7a1-f5665640f4c7/in_use.lock acquired by nodename 55363@fv-az625-379
2022-10-20 01:29:37,359 [pool-187-thread-1] INFO  storage.RaftStorage (RaftStorageImpl.java:format(96)) - Storage directory /home/runner/work/ozone/ozone/hadoop-ozone/integration-test/target/test-dir/MiniOzoneClusterImpl-1c2b738d-be74-4a40-b887-8630efe04021/datanode-5/data/ratis/464e5ffb-5e34-40dc-b7a1-f5665640f4c7 has been successfully formatted.
2022-10-20 01:29:37,359 [pool-187-thread-1] INFO  ratis.ContainerStateMachine (ContainerStateMachine.java:loadSnapshot(236)) - group-F5665640F4C7: The snapshot info is null. Setting the last applied indexto:(t:0, i:~)
2022-10-20 01:29:37,360 [pool-187-thread-1] INFO  server.RaftServerConfigKeys (ConfUtils.java:logGet(46)) - raft.server.log.use.memory = false (default)
2022-10-20 01:29:37,360 [pool-187-thread-1] INFO  server.RaftServerConfigKeys (ConfUtils.java:logGet(46)) - raft.server.log.purge.gap = 1000000 (custom)
2022-10-20 01:29:37,360 [pool-187-thread-1] INFO  server.RaftServerConfigKeys (ConfUtils.java:logGet(46)) - raft.server.log.appender.buffer.byte-limit = 33554432 (custom)
2022-10-20 01:29:37,360 [pool-187-thread-1] INFO  server.RaftServerConfigKeys (ConfUtils.java:logGet(46)) - raft.server.log.statemachine.data.read.timeout = 1000ms (default)
2022-10-20 01:29:37,360 [pool-187-thread-1] INFO  server.RaftServerConfigKeys (ConfUtils.java:logGet(46)) - raft.server.log.purge.preservation.log.num = 0 (default)
2022-10-20 01:29:37,360 [pool-187-thread-1] INFO  server.RaftServerConfigKeys (ConfUtils.java:logGet(46)) - raft.server.log.segment.size.max = 1048576 (custom)
2022-10-20 01:29:37,361 [EventQueue-PipelineReportForPipelineReportHandler] INFO  pipeline.PipelineManagerImpl (PipelineManagerImpl.java:openPipeline(367)) - Pipeline Pipeline[ Id: 464e5ffb-5e34-40dc-b7a1-f5665640f4c7, Nodes: 6712d1d5-3f8e-46d5-b100-7ccc5411605f{ip: 10.1.0.77, host: fv-az625-379.nkjb25ot11ku3fnowzullr2doh.gx.internal.cloudapp.net, ports: [REPLICATION=46037, RATIS=37929, RATIS_ADMIN=37929, RATIS_SERVER=37929, STANDALONE=45227], networkLocation: /default-rack, certSerialId: null, persistedOpState: IN_SERVICE, persistedOpStateExpiryEpochSec: 0}, ReplicationConfig: RATIS/ONE, State:ALLOCATED, leaderId:6712d1d5-3f8e-46d5-b100-7ccc5411605f, CreationTimestamp2022-10-20T01:29:34.359Z[Etc/UTC]] moved to OPEN state
2022-10-20 01:29:37,361 [EventQueue-OpenPipelineForHealthyPipelineSafeModeRule] INFO  safemode.SCMSafeModeManager (HealthyPipelineSafeModeRule.java:process(137)) - SCM in safe mode. Healthy pipelines reported count is 0, required healthy pipeline reported count is 1
2022-10-20 01:29:37,362 [pool-187-thread-1] INFO  server.RaftServerConfigKeys (ConfUtils.java:logGet(46)) - raft.server.log.segment.cache.num.max = 2 (custom)
2022-10-20 01:29:37,363 [pool-187-thread-1] INFO  server.RaftServerConfigKeys (ConfUtils.java:logGet(46)) - raft.server.log.segment.cache.size.max = 200MB (=209715200) (default)
2022-10-20 01:29:37,363 [pool-187-thread-1] INFO  segmented.SegmentedRaftLogWorker (SegmentedRaftLogWorker.java:<init>(191)) - new 6712d1d5-3f8e-46d5-b100-7ccc5411605f@group-F5665640F4C7-SegmentedRaftLogWorker for RaftStorageImpl:Storage Directory /home/runner/work/ozone/ozone/hadoop-ozone/integration-test/target/test-dir/MiniOzoneClusterImpl-1c2b738d-be74-4a40-b887-8630efe04021/datanode-5/data/ratis/464e5ffb-5e34-40dc-b7a1-f5665640f4c7
2022-10-20 01:29:37,363 [pool-187-thread-1] INFO  server.RaftServerConfigKeys (ConfUtils.java:logGet(46)) - raft.server.log.queue.byte-limit = 4294967296 (custom)
2022-10-20 01:29:37,363 [pool-187-thread-1] INFO  server.RaftServerConfigKeys (ConfUtils.java:logGet(46)) - raft.server.log.queue.element-limit = 1024 (custom)
2022-10-20 01:29:37,363 [pool-187-thread-1] INFO  server.RaftServerConfigKeys (ConfUtils.java:logGet(46)) - raft.server.log.segment.size.max = 1048576 (custom)
2022-10-20 01:29:37,363 [pool-187-thread-1] INFO  server.RaftServerConfigKeys (ConfUtils.java:logGet(46)) - raft.server.log.preallocated.size = 16384 (custom)
2022-10-20 01:29:37,363 [pool-187-thread-1] INFO  server.RaftServerConfigKeys (ConfUtils.java:logGet(46)) - raft.server.log.force.sync.num = 128 (default)
2022-10-20 01:29:37,363 [pool-187-thread-1] INFO  server.RaftServerConfigKeys (ConfUtils.java:logGet(46)) - raft.server.log.statemachine.data.sync = true (default)
2022-10-20 01:29:37,363 [pool-187-thread-1] INFO  server.RaftServerConfigKeys (ConfUtils.java:logGet(46)) - raft.server.log.statemachine.data.sync.timeout = 10s (default)
2022-10-20 01:29:37,363 [pool-187-thread-1] INFO  server.RaftServerConfigKeys (ConfUtils.java:logGet(46)) - raft.server.log.statemachine.data.sync.timeout.retry = -1 (default)
2022-10-20 01:29:37,364 [pool-187-thread-1] INFO  server.RaftServerConfigKeys (ConfUtils.java:logGet(46)) - raft.server.log.write.buffer.size = 1048576 (custom)
2022-10-20 01:29:37,365 [pool-187-thread-1] INFO  server.RaftServerConfigKeys (ConfUtils.java:logGet(46)) - raft.server.log.unsafe-flush.enabled = false (default)
2022-10-20 01:29:37,365 [pool-187-thread-1] INFO  server.RaftServerConfigKeys (ConfUtils.java:logGet(46)) - raft.server.log.async-flush.enabled = false (default)
2022-10-20 01:29:37,365 [pool-187-thread-1] INFO  server.RaftServerConfigKeys (ConfUtils.java:logGet(46)) - raft.server.log.statemachine.data.caching.enabled = true (custom)
2022-10-20 01:29:37,365 [pool-187-thread-1] INFO  segmented.SegmentedRaftLogWorker (SegmentedRaftLogWorker.java:lambda$new$0(136)) - 6712d1d5-3f8e-46d5-b100-7ccc5411605f@group-F5665640F4C7-SegmentedRaftLogWorker: flushIndex: setUnconditionally 0 -> -1
2022-10-20 01:29:37,365 [pool-187-thread-1] INFO  segmented.SegmentedRaftLogWorker (SegmentedRaftLogWorker.java:lambda$new$0(136)) - 6712d1d5-3f8e-46d5-b100-7ccc5411605f@group-F5665640F4C7-SegmentedRaftLogWorker: safeCacheEvictIndex: setUnconditionally 0 -> -1
2022-10-20 01:29:37,365 [pool-187-thread-1] INFO  server.RaftServer$Division (RaftServerImpl.java:start(334)) - 6712d1d5-3f8e-46d5-b100-7ccc5411605f@group-F5665640F4C7: start as a follower, conf=-1: peers:[6712d1d5-3f8e-46d5-b100-7ccc5411605f|rpc:10.1.0.77:37929|priority:1|startupRole:FOLLOWER]|listeners:[], old=null
2022-10-20 01:29:37,365 [pool-187-thread-1] INFO  server.RaftServer$Division (RaftServerImpl.java:setRole(321)) - 6712d1d5-3f8e-46d5-b100-7ccc5411605f@group-F5665640F4C7: changes role from      null to FOLLOWER at term 0 for startAsFollower
2022-10-20 01:29:37,365 [pool-187-thread-1] INFO  impl.RoleInfo (RoleInfo.java:updateAndGet(139)) - 6712d1d5-3f8e-46d5-b100-7ccc5411605f: start 6712d1d5-3f8e-46d5-b100-7ccc5411605f@group-F5665640F4C7-FollowerState
2022-10-20 01:29:37,365 [pool-187-thread-1] INFO  util.JmxRegister (JmxRegister.java:tryRegister(44)) - Successfully registered JMX Bean with object name Ratis:service=RaftServer,group=group-F5665640F4C7,id=6712d1d5-3f8e-46d5-b100-7ccc5411605f
2022-10-20 01:29:37,365 [pool-187-thread-1] INFO  server.RaftServerConfigKeys (ConfUtils.java:logGet(46)) - raft.server.snapshot.auto.trigger.enabled = true (custom)
2022-10-20 01:29:37,365 [pool-187-thread-1] INFO  server.RaftServerConfigKeys (ConfUtils.java:logGet(46)) - raft.server.snapshot.auto.trigger.threshold = 10000 (custom)
2022-10-20 01:29:37,366 [pool-187-thread-1] INFO  server.RaftServerConfigKeys (ConfUtils.java:logGet(46)) - raft.server.snapshot.retention.file.num = 5 (custom)
2022-10-20 01:29:37,366 [pool-187-thread-1] INFO  server.RaftServerConfigKeys (ConfUtils.java:logGet(46)) - raft.server.log.purge.upto.snapshot.index = false (default)
2022-10-20 01:29:37,366 [6712d1d5-3f8e-46d5-b100-7ccc5411605f@group-F5665640F4C7-FollowerState] INFO  server.RaftServerConfigKeys (ConfUtils.java:logFallback(53)) - raft.server.rpc.first-election.timeout.min = 5s (fallback to raft.server.rpc.timeout.min)
2022-10-20 01:29:37,366 [6712d1d5-3f8e-46d5-b100-7ccc5411605f@group-F5665640F4C7-FollowerState] INFO  server.RaftServerConfigKeys (ConfUtils.java:logFallback(53)) - raft.server.rpc.first-election.timeout.max = 5200ms (fallback to raft.server.rpc.timeout.max)
2022-10-20 01:29:37,371 [Command processor thread] INFO  ratis.XceiverServerRatis (XceiverServerRatis.java:addGroup(765)) - Created group PipelineID=464e5ffb-5e34-40dc-b7a1-f5665640f4c7
2022-10-20 01:29:37,371 [Command processor thread] INFO  commandhandler.CreatePipelineCommandHandler (CreatePipelineCommandHandler.java:handle(113)) - Created Pipeline RATIS ONE PipelineID=464e5ffb-5e34-40dc-b7a1-f5665640f4c7.
2022-10-20 01:29:37,721 [Listener at 127.0.0.1/41123] INFO  ozone.MiniOzoneClusterImpl (MiniOzoneClusterImpl.java:lambda$waitForClusterToBeReady$0(216)) - Nodes are ready. Got 10 of 10 DN Heartbeats.
2022-10-20 01:29:37,721 [Listener at 127.0.0.1/41123] INFO  ozone.MiniOzoneClusterImpl (MiniOzoneClusterImpl.java:lambda$waitForClusterToBeReady$0(219)) - Waiting for cluster to exit safe mode
2022-10-20 01:29:37,721 [Listener at 127.0.0.1/41123] INFO  ozone.MiniOzoneClusterImpl (MiniOzoneClusterImpl.java:lambda$waitForClusterToBeReady$0(221)) - SCM became leader
2022-10-20 01:29:37,725 [Command processor thread] INFO  server.RaftServer (RaftServerProxy.java:addNew(96)) - f5cc69e3-4def-49b3-97e4-fc35696e58fc: addNew group-013E2C49CD0A:[f5cc69e3-4def-49b3-97e4-fc35696e58fc|rpc:10.1.0.77:36367|priority:1|startupRole:FOLLOWER] returns group-013E2C49CD0A:java.util.concurrent.CompletableFuture@446167f4[Not completed]
2022-10-20 01:29:37,726 [pool-210-thread-1] INFO  server.RaftServer$Division (RaftServerImpl.java:<init>(195)) - f5cc69e3-4def-49b3-97e4-fc35696e58fc: new RaftServerImpl for group-013E2C49CD0A:[f5cc69e3-4def-49b3-97e4-fc35696e58fc|rpc:10.1.0.77:36367|priority:1|startupRole:FOLLOWER] with ContainerStateMachine:uninitialized
2022-10-20 01:29:37,726 [pool-210-thread-1] INFO  server.RaftServerConfigKeys (ConfUtils.java:logGet(46)) - raft.server.rpc.timeout.min = 5s (custom)
2022-10-20 01:29:37,727 [pool-210-thread-1] INFO  server.RaftServerConfigKeys (ConfUtils.java:logGet(46)) - raft.server.rpc.timeout.max = 5200ms (custom)
2022-10-20 01:29:37,727 [pool-210-thread-1] INFO  server.RaftServerConfigKeys (ConfUtils.java:logGet(46)) - raft.server.rpc.sleep.time = 25ms (default)
2022-10-20 01:29:37,727 [pool-210-thread-1] INFO  server.RaftServerConfigKeys (ConfUtils.java:logGet(46)) - raft.server.rpc.slowness.timeout = 300s (custom)
2022-10-20 01:29:37,727 [pool-210-thread-1] INFO  server.RaftServerConfigKeys (ConfUtils.java:logGet(46)) - raft.server.leaderelection.leader.step-down.wait-time = 10s (default)
2022-10-20 01:29:37,727 [pool-210-thread-1] INFO  server.RaftServerConfigKeys (ConfUtils.java:logGet(46)) - raft.server.sleep.deviation.threshold = 300ms (default)
2022-10-20 01:29:37,727 [pool-210-thread-1] INFO  server.RaftServer$Division (ServerState.java:<init>(118)) - f5cc69e3-4def-49b3-97e4-fc35696e58fc@group-013E2C49CD0A: ConfigurationManager, init=-1: peers:[f5cc69e3-4def-49b3-97e4-fc35696e58fc|rpc:10.1.0.77:36367|priority:1|startupRole:FOLLOWER]|listeners:[], old=null, confs=<EMPTY_MAP>
2022-10-20 01:29:37,727 [pool-210-thread-1] INFO  server.RaftServerConfigKeys (ConfUtils.java:logGet(46)) - raft.server.storage.dir = [/home/runner/work/ozone/ozone/hadoop-ozone/integration-test/target/test-dir/MiniOzoneClusterImpl-1c2b738d-be74-4a40-b887-8630efe04021/datanode-6/data/ratis] (custom)
2022-10-20 01:29:37,727 [pool-210-thread-1] INFO  server.RaftServerConfigKeys (ConfUtils.java:logGet(46)) - raft.server.log.corruption.policy = EXCEPTION (default)
2022-10-20 01:29:37,727 [pool-210-thread-1] INFO  server.RaftServerConfigKeys (ConfUtils.java:logGet(46)) - raft.server.storage.free-space.min = 0MB (=0) (default)
2022-10-20 01:29:37,727 [pool-210-thread-1] INFO  server.RaftServerConfigKeys (ConfUtils.java:logGet(46)) - raft.server.notification.no-leader.timeout = 300s (custom)
2022-10-20 01:29:37,727 [pool-210-thread-1] INFO  server.RaftServerConfigKeys (ConfUtils.java:logGet(46)) - raft.server.retrycache.expirytime = 600000ms (custom)
2022-10-20 01:29:37,727 [pool-210-thread-1] INFO  server.RaftServerConfigKeys (ConfUtils.java:logGet(46)) - raft.server.retrycache.statistics.expirytime = 100μs (default)
2022-10-20 01:29:37,729 [pool-210-thread-1] INFO  server.RaftServerConfigKeys (ConfUtils.java:logGet(46)) - raft.server.log.appender.install.snapshot.enabled = false (custom)
2022-10-20 01:29:37,729 [pool-210-thread-1] INFO  server.RaftServerConfigKeys (ConfUtils.java:logGet(46)) - raft.server.threadpool.server.cached = true (default)
2022-10-20 01:29:37,729 [pool-210-thread-1] INFO  server.RaftServerConfigKeys (ConfUtils.java:logGet(46)) - raft.server.threadpool.server.size = 0 (default)
2022-10-20 01:29:37,729 [pool-210-thread-1] INFO  server.RaftServerConfigKeys (ConfUtils.java:logGet(46)) - raft.server.threadpool.client.cached = true (default)
2022-10-20 01:29:37,729 [pool-210-thread-1] INFO  server.RaftServerConfigKeys (ConfUtils.java:logGet(46)) - raft.server.threadpool.client.size = 0 (default)
2022-10-20 01:29:37,729 [pool-210-thread-1] INFO  storage.RaftStorageDirectory (RaftStorageDirectoryImpl.java:analyzeStorage(137)) - The storage directory /home/runner/work/ozone/ozone/hadoop-ozone/integration-test/target/test-dir/MiniOzoneClusterImpl-1c2b738d-be74-4a40-b887-8630efe04021/datanode-6/data/ratis/acc87778-e763-4d6a-ba95-013e2c49cd0a does not exist. Creating ...
2022-10-20 01:29:37,730 [pool-210-thread-1] INFO  storage.RaftStorageDirectory (RaftStorageDirectoryImpl.java:tryLock(231)) - Lock on /home/runner/work/ozone/ozone/hadoop-ozone/integration-test/target/test-dir/MiniOzoneClusterImpl-1c2b738d-be74-4a40-b887-8630efe04021/datanode-6/data/ratis/acc87778-e763-4d6a-ba95-013e2c49cd0a/in_use.lock acquired by nodename 55363@fv-az625-379
2022-10-20 01:29:37,732 [pool-210-thread-1] INFO  storage.RaftStorage (RaftStorageImpl.java:format(96)) - Storage directory /home/runner/work/ozone/ozone/hadoop-ozone/integration-test/target/test-dir/MiniOzoneClusterImpl-1c2b738d-be74-4a40-b887-8630efe04021/datanode-6/data/ratis/acc87778-e763-4d6a-ba95-013e2c49cd0a has been successfully formatted.
2022-10-20 01:29:37,733 [pool-210-thread-1] INFO  ratis.ContainerStateMachine (ContainerStateMachine.java:loadSnapshot(236)) - group-013E2C49CD0A: The snapshot info is null. Setting the last applied indexto:(t:0, i:~)
2022-10-20 01:29:37,733 [pool-210-thread-1] INFO  server.RaftServerConfigKeys (ConfUtils.java:logGet(46)) - raft.server.log.use.memory = false (default)
2022-10-20 01:29:37,733 [pool-210-thread-1] INFO  server.RaftServerConfigKeys (ConfUtils.java:logGet(46)) - raft.server.log.purge.gap = 1000000 (custom)
2022-10-20 01:29:37,733 [pool-210-thread-1] INFO  server.RaftServerConfigKeys (ConfUtils.java:logGet(46)) - raft.server.log.appender.buffer.byte-limit = 33554432 (custom)
2022-10-20 01:29:37,733 [pool-210-thread-1] INFO  server.RaftServerConfigKeys (ConfUtils.java:logGet(46)) - raft.server.log.statemachine.data.read.timeout = 1000ms (default)
2022-10-20 01:29:37,733 [pool-210-thread-1] INFO  server.RaftServerConfigKeys (ConfUtils.java:logGet(46)) - raft.server.log.purge.preservation.log.num = 0 (default)
2022-10-20 01:29:37,734 [pool-210-thread-1] INFO  server.RaftServerConfigKeys (ConfUtils.java:logGet(46)) - raft.server.log.segment.size.max = 1048576 (custom)
2022-10-20 01:29:37,735 [EventQueue-PipelineReportForPipelineReportHandler] INFO  pipeline.PipelineManagerImpl (PipelineManagerImpl.java:openPipeline(367)) - Pipeline Pipeline[ Id: acc87778-e763-4d6a-ba95-013e2c49cd0a, Nodes: f5cc69e3-4def-49b3-97e4-fc35696e58fc{ip: 10.1.0.77, host: fv-az625-379.nkjb25ot11ku3fnowzullr2doh.gx.internal.cloudapp.net, ports: [REPLICATION=45057, RATIS=36367, RATIS_ADMIN=36367, RATIS_SERVER=36367, STANDALONE=42709], networkLocation: /default-rack, certSerialId: null, persistedOpState: IN_SERVICE, persistedOpStateExpiryEpochSec: 0}, ReplicationConfig: RATIS/ONE, State:ALLOCATED, leaderId:f5cc69e3-4def-49b3-97e4-fc35696e58fc, CreationTimestamp2022-10-20T01:29:34.728Z[Etc/UTC]] moved to OPEN state
2022-10-20 01:29:37,736 [EventQueue-OpenPipelineForHealthyPipelineSafeModeRule] INFO  safemode.SCMSafeModeManager (HealthyPipelineSafeModeRule.java:process(137)) - SCM in safe mode. Healthy pipelines reported count is 0, required healthy pipeline reported count is 1
2022-10-20 01:29:37,736 [pool-210-thread-1] INFO  server.RaftServerConfigKeys (ConfUtils.java:logGet(46)) - raft.server.log.segment.cache.num.max = 2 (custom)
2022-10-20 01:29:37,737 [pool-210-thread-1] INFO  server.RaftServerConfigKeys (ConfUtils.java:logGet(46)) - raft.server.log.segment.cache.size.max = 200MB (=209715200) (default)
2022-10-20 01:29:37,737 [pool-210-thread-1] INFO  segmented.SegmentedRaftLogWorker (SegmentedRaftLogWorker.java:<init>(191)) - new f5cc69e3-4def-49b3-97e4-fc35696e58fc@group-013E2C49CD0A-SegmentedRaftLogWorker for RaftStorageImpl:Storage Directory /home/runner/work/ozone/ozone/hadoop-ozone/integration-test/target/test-dir/MiniOzoneClusterImpl-1c2b738d-be74-4a40-b887-8630efe04021/datanode-6/data/ratis/acc87778-e763-4d6a-ba95-013e2c49cd0a
2022-10-20 01:29:37,737 [pool-210-thread-1] INFO  server.RaftServerConfigKeys (ConfUtils.java:logGet(46)) - raft.server.log.queue.byte-limit = 4294967296 (custom)
2022-10-20 01:29:37,737 [pool-210-thread-1] INFO  server.RaftServerConfigKeys (ConfUtils.java:logGet(46)) - raft.server.log.queue.element-limit = 1024 (custom)
2022-10-20 01:29:37,737 [pool-210-thread-1] INFO  server.RaftServerConfigKeys (ConfUtils.java:logGet(46)) - raft.server.log.segment.size.max = 1048576 (custom)
2022-10-20 01:29:37,737 [pool-210-thread-1] INFO  server.RaftServerConfigKeys (ConfUtils.java:logGet(46)) - raft.server.log.preallocated.size = 16384 (custom)
2022-10-20 01:29:37,737 [pool-210-thread-1] INFO  server.RaftServerConfigKeys (ConfUtils.java:logGet(46)) - raft.server.log.force.sync.num = 128 (default)
2022-10-20 01:29:37,738 [pool-210-thread-1] INFO  server.RaftServerConfigKeys (ConfUtils.java:logGet(46)) - raft.server.log.statemachine.data.sync = true (default)
2022-10-20 01:29:37,738 [pool-210-thread-1] INFO  server.RaftServerConfigKeys (ConfUtils.java:logGet(46)) - raft.server.log.statemachine.data.sync.timeout = 10s (default)
2022-10-20 01:29:37,738 [pool-210-thread-1] INFO  server.RaftServerConfigKeys (ConfUtils.java:logGet(46)) - raft.server.log.statemachine.data.sync.timeout.retry = -1 (default)
2022-10-20 01:29:37,738 [pool-210-thread-1] INFO  server.RaftServerConfigKeys (ConfUtils.java:logGet(46)) - raft.server.log.write.buffer.size = 1048576 (custom)
2022-10-20 01:29:37,739 [pool-210-thread-1] INFO  server.RaftServerConfigKeys (ConfUtils.java:logGet(46)) - raft.server.log.unsafe-flush.enabled = false (default)
2022-10-20 01:29:37,739 [pool-210-thread-1] INFO  server.RaftServerConfigKeys (ConfUtils.java:logGet(46)) - raft.server.log.async-flush.enabled = false (default)
2022-10-20 01:29:37,739 [pool-210-thread-1] INFO  server.RaftServerConfigKeys (ConfUtils.java:logGet(46)) - raft.server.log.statemachine.data.caching.enabled = true (custom)
2022-10-20 01:29:37,739 [pool-210-thread-1] INFO  segmented.SegmentedRaftLogWorker (SegmentedRaftLogWorker.java:lambda$new$0(136)) - f5cc69e3-4def-49b3-97e4-fc35696e58fc@group-013E2C49CD0A-SegmentedRaftLogWorker: flushIndex: setUnconditionally 0 -> -1
2022-10-20 01:29:37,739 [pool-210-thread-1] INFO  segmented.SegmentedRaftLogWorker (SegmentedRaftLogWorker.java:lambda$new$0(136)) - f5cc69e3-4def-49b3-97e4-fc35696e58fc@group-013E2C49CD0A-SegmentedRaftLogWorker: safeCacheEvictIndex: setUnconditionally 0 -> -1
2022-10-20 01:29:37,741 [pool-210-thread-1] INFO  server.RaftServer$Division (RaftServerImpl.java:start(334)) - f5cc69e3-4def-49b3-97e4-fc35696e58fc@group-013E2C49CD0A: start as a follower, conf=-1: peers:[f5cc69e3-4def-49b3-97e4-fc35696e58fc|rpc:10.1.0.77:36367|priority:1|startupRole:FOLLOWER]|listeners:[], old=null
2022-10-20 01:29:37,741 [pool-210-thread-1] INFO  server.RaftServer$Division (RaftServerImpl.java:setRole(321)) - f5cc69e3-4def-49b3-97e4-fc35696e58fc@group-013E2C49CD0A: changes role from      null to FOLLOWER at term 0 for startAsFollower
2022-10-20 01:29:37,741 [pool-210-thread-1] INFO  impl.RoleInfo (RoleInfo.java:updateAndGet(139)) - f5cc69e3-4def-49b3-97e4-fc35696e58fc: start f5cc69e3-4def-49b3-97e4-fc35696e58fc@group-013E2C49CD0A-FollowerState
2022-10-20 01:29:37,748 [pool-210-thread-1] INFO  util.JmxRegister (JmxRegister.java:tryRegister(44)) - Successfully registered JMX Bean with object name Ratis:service=RaftServer,group=group-013E2C49CD0A,id=f5cc69e3-4def-49b3-97e4-fc35696e58fc
2022-10-20 01:29:37,748 [pool-210-thread-1] INFO  server.RaftServerConfigKeys (ConfUtils.java:logGet(46)) - raft.server.snapshot.auto.trigger.enabled = true (custom)
2022-10-20 01:29:37,748 [pool-210-thread-1] INFO  server.RaftServerConfigKeys (ConfUtils.java:logGet(46)) - raft.server.snapshot.auto.trigger.threshold = 10000 (custom)
2022-10-20 01:29:37,748 [pool-210-thread-1] INFO  server.RaftServerConfigKeys (ConfUtils.java:logGet(46)) - raft.server.snapshot.retention.file.num = 5 (custom)
2022-10-20 01:29:37,748 [pool-210-thread-1] INFO  server.RaftServerConfigKeys (ConfUtils.java:logGet(46)) - raft.server.log.purge.upto.snapshot.index = false (default)
2022-10-20 01:29:37,749 [f5cc69e3-4def-49b3-97e4-fc35696e58fc@group-013E2C49CD0A-FollowerState] INFO  server.RaftServerConfigKeys (ConfUtils.java:logFallback(53)) - raft.server.rpc.first-election.timeout.min = 5s (fallback to raft.server.rpc.timeout.min)
2022-10-20 01:29:37,749 [f5cc69e3-4def-49b3-97e4-fc35696e58fc@group-013E2C49CD0A-FollowerState] INFO  server.RaftServerConfigKeys (ConfUtils.java:logFallback(53)) - raft.server.rpc.first-election.timeout.max = 5200ms (fallback to raft.server.rpc.timeout.max)
2022-10-20 01:29:37,749 [Command processor thread] INFO  ratis.XceiverServerRatis (XceiverServerRatis.java:addGroup(765)) - Created group PipelineID=acc87778-e763-4d6a-ba95-013e2c49cd0a
2022-10-20 01:29:37,749 [Command processor thread] INFO  commandhandler.CreatePipelineCommandHandler (CreatePipelineCommandHandler.java:handle(113)) - Created Pipeline RATIS ONE PipelineID=acc87778-e763-4d6a-ba95-013e2c49cd0a.
2022-10-20 01:29:37,750 [Command processor thread] INFO  server.RaftServer (RaftServerProxy.java:addNew(96)) - f5cc69e3-4def-49b3-97e4-fc35696e58fc: addNew group-9AE1E5A711C7:[a2b9a5b5-e126-445d-90e8-946fc00ddc43|rpc:10.1.0.77:45297|priority:0|startupRole:FOLLOWER, f5cc69e3-4def-49b3-97e4-fc35696e58fc|rpc:10.1.0.77:36367|priority:1|startupRole:FOLLOWER, 617aebcb-94d5-4f34-9c47-e0c0542c8799|rpc:10.1.0.77:43495|priority:0|startupRole:FOLLOWER] returns group-9AE1E5A711C7:java.util.concurrent.CompletableFuture@405eeba0[Not completed]
2022-10-20 01:29:37,752 [pool-210-thread-1] INFO  server.RaftServer$Division (RaftServerImpl.java:<init>(195)) - f5cc69e3-4def-49b3-97e4-fc35696e58fc: new RaftServerImpl for group-9AE1E5A711C7:[a2b9a5b5-e126-445d-90e8-946fc00ddc43|rpc:10.1.0.77:45297|priority:0|startupRole:FOLLOWER, f5cc69e3-4def-49b3-97e4-fc35696e58fc|rpc:10.1.0.77:36367|priority:1|startupRole:FOLLOWER, 617aebcb-94d5-4f34-9c47-e0c0542c8799|rpc:10.1.0.77:43495|priority:0|startupRole:FOLLOWER] with ContainerStateMachine:uninitialized
2022-10-20 01:29:37,752 [pool-210-thread-1] INFO  server.RaftServerConfigKeys (ConfUtils.java:logGet(46)) - raft.server.rpc.timeout.min = 5s (custom)
2022-10-20 01:29:37,752 [pool-210-thread-1] INFO  server.RaftServerConfigKeys (ConfUtils.java:logGet(46)) - raft.server.rpc.timeout.max = 5200ms (custom)
2022-10-20 01:29:37,753 [pool-210-thread-1] INFO  server.RaftServerConfigKeys (ConfUtils.java:logGet(46)) - raft.server.rpc.sleep.time = 25ms (default)
2022-10-20 01:29:37,753 [pool-210-thread-1] INFO  server.RaftServerConfigKeys (ConfUtils.java:logGet(46)) - raft.server.rpc.slowness.timeout = 300s (custom)
2022-10-20 01:29:37,753 [pool-210-thread-1] INFO  server.RaftServerConfigKeys (ConfUtils.java:logGet(46)) - raft.server.leaderelection.leader.step-down.wait-time = 10s (default)
2022-10-20 01:29:37,753 [pool-210-thread-1] INFO  server.RaftServerConfigKeys (ConfUtils.java:logGet(46)) - raft.server.sleep.deviation.threshold = 300ms (default)
2022-10-20 01:29:37,753 [pool-210-thread-1] INFO  server.RaftServer$Division (ServerState.java:<init>(118)) - f5cc69e3-4def-49b3-97e4-fc35696e58fc@group-9AE1E5A711C7: ConfigurationManager, init=-1: peers:[a2b9a5b5-e126-445d-90e8-946fc00ddc43|rpc:10.1.0.77:45297|priority:0|startupRole:FOLLOWER, f5cc69e3-4def-49b3-97e4-fc35696e58fc|rpc:10.1.0.77:36367|priority:1|startupRole:FOLLOWER, 617aebcb-94d5-4f34-9c47-e0c0542c8799|rpc:10.1.0.77:43495|priority:0|startupRole:FOLLOWER]|listeners:[], old=null, confs=<EMPTY_MAP>
2022-10-20 01:29:37,753 [pool-210-thread-1] INFO  server.RaftServerConfigKeys (ConfUtils.java:logGet(46)) - raft.server.storage.dir = [/home/runner/work/ozone/ozone/hadoop-ozone/integration-test/target/test-dir/MiniOzoneClusterImpl-1c2b738d-be74-4a40-b887-8630efe04021/datanode-6/data/ratis] (custom)
2022-10-20 01:29:37,753 [pool-210-thread-1] INFO  server.RaftServerConfigKeys (ConfUtils.java:logGet(46)) - raft.server.log.corruption.policy = EXCEPTION (default)
2022-10-20 01:29:37,753 [pool-210-thread-1] INFO  server.RaftServerConfigKeys (ConfUtils.java:logGet(46)) - raft.server.storage.free-space.min = 0MB (=0) (default)
2022-10-20 01:29:37,753 [pool-210-thread-1] INFO  server.RaftServerConfigKeys (ConfUtils.java:logGet(46)) - raft.server.notification.no-leader.timeout = 300s (custom)
2022-10-20 01:29:37,753 [pool-210-thread-1] INFO  server.RaftServerConfigKeys (ConfUtils.java:logGet(46)) - raft.server.retrycache.expirytime = 600000ms (custom)
2022-10-20 01:29:37,753 [pool-210-thread-1] INFO  server.RaftServerConfigKeys (ConfUtils.java:logGet(46)) - raft.server.retrycache.statistics.expirytime = 100μs (default)
2022-10-20 01:29:37,754 [pool-210-thread-1] INFO  server.RaftServerConfigKeys (ConfUtils.java:logGet(46)) - raft.server.log.appender.install.snapshot.enabled = false (custom)
2022-10-20 01:29:37,754 [pool-210-thread-1] INFO  server.RaftServerConfigKeys (ConfUtils.java:logGet(46)) - raft.server.threadpool.server.cached = true (default)
2022-10-20 01:29:37,754 [pool-210-thread-1] INFO  server.RaftServerConfigKeys (ConfUtils.java:logGet(46)) - raft.server.threadpool.server.size = 0 (default)
2022-10-20 01:29:37,754 [pool-210-thread-1] INFO  server.RaftServerConfigKeys (ConfUtils.java:logGet(46)) - raft.server.threadpool.client.cached = true (default)
2022-10-20 01:29:37,754 [pool-210-thread-1] INFO  server.RaftServerConfigKeys (ConfUtils.java:logGet(46)) - raft.server.threadpool.client.size = 0 (default)
2022-10-20 01:29:37,754 [pool-210-thread-1] INFO  storage.RaftStorageDirectory (RaftStorageDirectoryImpl.java:analyzeStorage(137)) - The storage directory /home/runner/work/ozone/ozone/hadoop-ozone/integration-test/target/test-dir/MiniOzoneClusterImpl-1c2b738d-be74-4a40-b887-8630efe04021/datanode-6/data/ratis/6cb68019-81ec-4029-9395-9ae1e5a711c7 does not exist. Creating ...
2022-10-20 01:29:37,756 [pool-210-thread-1] INFO  storage.RaftStorageDirectory (RaftStorageDirectoryImpl.java:tryLock(231)) - Lock on /home/runner/work/ozone/ozone/hadoop-ozone/integration-test/target/test-dir/MiniOzoneClusterImpl-1c2b738d-be74-4a40-b887-8630efe04021/datanode-6/data/ratis/6cb68019-81ec-4029-9395-9ae1e5a711c7/in_use.lock acquired by nodename 55363@fv-az625-379
2022-10-20 01:29:37,759 [pool-210-thread-1] INFO  storage.RaftStorage (RaftStorageImpl.java:format(96)) - Storage directory /home/runner/work/ozone/ozone/hadoop-ozone/integration-test/target/test-dir/MiniOzoneClusterImpl-1c2b738d-be74-4a40-b887-8630efe04021/datanode-6/data/ratis/6cb68019-81ec-4029-9395-9ae1e5a711c7 has been successfully formatted.
2022-10-20 01:29:37,759 [pool-210-thread-1] INFO  ratis.ContainerStateMachine (ContainerStateMachine.java:loadSnapshot(236)) - group-9AE1E5A711C7: The snapshot info is null. Setting the last applied indexto:(t:0, i:~)
2022-10-20 01:29:37,759 [pool-210-thread-1] INFO  server.RaftServerConfigKeys (ConfUtils.java:logGet(46)) - raft.server.log.use.memory = false (default)
2022-10-20 01:29:37,759 [pool-210-thread-1] INFO  server.RaftServerConfigKeys (ConfUtils.java:logGet(46)) - raft.server.log.purge.gap = 1000000 (custom)
2022-10-20 01:29:37,759 [pool-210-thread-1] INFO  server.RaftServerConfigKeys (ConfUtils.java:logGet(46)) - raft.server.log.appender.buffer.byte-limit = 33554432 (custom)
2022-10-20 01:29:37,759 [pool-210-thread-1] INFO  server.RaftServerConfigKeys (ConfUtils.java:logGet(46)) - raft.server.log.statemachine.data.read.timeout = 1000ms (default)
2022-10-20 01:29:37,759 [pool-210-thread-1] INFO  server.RaftServerConfigKeys (ConfUtils.java:logGet(46)) - raft.server.log.purge.preservation.log.num = 0 (default)
2022-10-20 01:29:37,759 [pool-210-thread-1] INFO  server.RaftServerConfigKeys (ConfUtils.java:logGet(46)) - raft.server.log.segment.size.max = 1048576 (custom)
2022-10-20 01:29:37,760 [EventQueue-OpenPipelineForHealthyPipelineSafeModeRule] INFO  safemode.SCMSafeModeManager (HealthyPipelineSafeModeRule.java:process(137)) - SCM in safe mode. Healthy pipelines reported count is 0, required healthy pipeline reported count is 1
2022-10-20 01:29:37,767 [pool-210-thread-1] INFO  server.RaftServerConfigKeys (ConfUtils.java:logGet(46)) - raft.server.log.segment.cache.num.max = 2 (custom)
2022-10-20 01:29:37,767 [pool-210-thread-1] INFO  server.RaftServerConfigKeys (ConfUtils.java:logGet(46)) - raft.server.log.segment.cache.size.max = 200MB (=209715200) (default)
2022-10-20 01:29:37,767 [pool-210-thread-1] INFO  segmented.SegmentedRaftLogWorker (SegmentedRaftLogWorker.java:<init>(191)) - new f5cc69e3-4def-49b3-97e4-fc35696e58fc@group-9AE1E5A711C7-SegmentedRaftLogWorker for RaftStorageImpl:Storage Directory /home/runner/work/ozone/ozone/hadoop-ozone/integration-test/target/test-dir/MiniOzoneClusterImpl-1c2b738d-be74-4a40-b887-8630efe04021/datanode-6/data/ratis/6cb68019-81ec-4029-9395-9ae1e5a711c7
2022-10-20 01:29:37,767 [pool-210-thread-1] INFO  server.RaftServerConfigKeys (ConfUtils.java:logGet(46)) - raft.server.log.queue.byte-limit = 4294967296 (custom)
2022-10-20 01:29:37,767 [pool-210-thread-1] INFO  server.RaftServerConfigKeys (ConfUtils.java:logGet(46)) - raft.server.log.queue.element-limit = 1024 (custom)
2022-10-20 01:29:37,767 [pool-210-thread-1] INFO  server.RaftServerConfigKeys (ConfUtils.java:logGet(46)) - raft.server.log.segment.size.max = 1048576 (custom)
2022-10-20 01:29:37,767 [pool-210-thread-1] INFO  server.RaftServerConfigKeys (ConfUtils.java:logGet(46)) - raft.server.log.preallocated.size = 16384 (custom)
2022-10-20 01:29:37,767 [pool-210-thread-1] INFO  server.RaftServerConfigKeys (ConfUtils.java:logGet(46)) - raft.server.log.force.sync.num = 128 (default)
2022-10-20 01:29:37,767 [pool-210-thread-1] INFO  server.RaftServerConfigKeys (ConfUtils.java:logGet(46)) - raft.server.log.statemachine.data.sync = true (default)
2022-10-20 01:29:37,767 [pool-210-thread-1] INFO  server.RaftServerConfigKeys (ConfUtils.java:logGet(46)) - raft.server.log.statemachine.data.sync.timeout = 10s (default)
2022-10-20 01:29:37,767 [pool-210-thread-1] INFO  server.RaftServerConfigKeys (ConfUtils.java:logGet(46)) - raft.server.log.statemachine.data.sync.timeout.retry = -1 (default)
2022-10-20 01:29:37,768 [pool-210-thread-1] INFO  server.RaftServerConfigKeys (ConfUtils.java:logGet(46)) - raft.server.log.write.buffer.size = 1048576 (custom)
2022-10-20 01:29:37,768 [pool-210-thread-1] INFO  server.RaftServerConfigKeys (ConfUtils.java:logGet(46)) - raft.server.log.unsafe-flush.enabled = false (default)
2022-10-20 01:29:37,768 [pool-210-thread-1] INFO  server.RaftServerConfigKeys (ConfUtils.java:logGet(46)) - raft.server.log.async-flush.enabled = false (default)
2022-10-20 01:29:37,768 [pool-210-thread-1] INFO  server.RaftServerConfigKeys (ConfUtils.java:logGet(46)) - raft.server.log.statemachine.data.caching.enabled = true (custom)
2022-10-20 01:29:37,769 [pool-210-thread-1] INFO  segmented.SegmentedRaftLogWorker (SegmentedRaftLogWorker.java:lambda$new$0(136)) - f5cc69e3-4def-49b3-97e4-fc35696e58fc@group-9AE1E5A711C7-SegmentedRaftLogWorker: flushIndex: setUnconditionally 0 -> -1
2022-10-20 01:29:37,769 [pool-210-thread-1] INFO  segmented.SegmentedRaftLogWorker (SegmentedRaftLogWorker.java:lambda$new$0(136)) - f5cc69e3-4def-49b3-97e4-fc35696e58fc@group-9AE1E5A711C7-SegmentedRaftLogWorker: safeCacheEvictIndex: setUnconditionally 0 -> -1
2022-10-20 01:29:37,772 [pool-210-thread-1] INFO  server.RaftServer$Division (RaftServerImpl.java:start(334)) - f5cc69e3-4def-49b3-97e4-fc35696e58fc@group-9AE1E5A711C7: start as a follower, conf=-1: peers:[a2b9a5b5-e126-445d-90e8-946fc00ddc43|rpc:10.1.0.77:45297|priority:0|startupRole:FOLLOWER, f5cc69e3-4def-49b3-97e4-fc35696e58fc|rpc:10.1.0.77:36367|priority:1|startupRole:FOLLOWER, 617aebcb-94d5-4f34-9c47-e0c0542c8799|rpc:10.1.0.77:43495|priority:0|startupRole:FOLLOWER]|listeners:[], old=null
2022-10-20 01:29:37,772 [pool-210-thread-1] INFO  server.RaftServer$Division (RaftServerImpl.java:setRole(321)) - f5cc69e3-4def-49b3-97e4-fc35696e58fc@group-9AE1E5A711C7: changes role from      null to FOLLOWER at term 0 for startAsFollower
2022-10-20 01:29:37,772 [pool-210-thread-1] INFO  impl.RoleInfo (RoleInfo.java:updateAndGet(139)) - f5cc69e3-4def-49b3-97e4-fc35696e58fc: start f5cc69e3-4def-49b3-97e4-fc35696e58fc@group-9AE1E5A711C7-FollowerState
2022-10-20 01:29:37,772 [pool-210-thread-1] INFO  util.JmxRegister (JmxRegister.java:tryRegister(44)) - Successfully registered JMX Bean with object name Ratis:service=RaftServer,group=group-9AE1E5A711C7,id=f5cc69e3-4def-49b3-97e4-fc35696e58fc
2022-10-20 01:29:37,772 [pool-210-thread-1] INFO  server.RaftServerConfigKeys (ConfUtils.java:logGet(46)) - raft.server.snapshot.auto.trigger.enabled = true (custom)
2022-10-20 01:29:37,772 [pool-210-thread-1] INFO  server.RaftServerConfigKeys (ConfUtils.java:logGet(46)) - raft.server.snapshot.auto.trigger.threshold = 10000 (custom)
2022-10-20 01:29:37,772 [pool-210-thread-1] INFO  server.RaftServerConfigKeys (ConfUtils.java:logGet(46)) - raft.server.snapshot.retention.file.num = 5 (custom)
2022-10-20 01:29:37,772 [pool-210-thread-1] INFO  server.RaftServerConfigKeys (ConfUtils.java:logGet(46)) - raft.server.log.purge.upto.snapshot.index = false (default)
2022-10-20 01:29:37,773 [f5cc69e3-4def-49b3-97e4-fc35696e58fc@group-9AE1E5A711C7-FollowerState] INFO  server.RaftServerConfigKeys (ConfUtils.java:logFallback(53)) - raft.server.rpc.first-election.timeout.min = 5s (fallback to raft.server.rpc.timeout.min)
2022-10-20 01:29:37,773 [f5cc69e3-4def-49b3-97e4-fc35696e58fc@group-9AE1E5A711C7-FollowerState] INFO  server.RaftServerConfigKeys (ConfUtils.java:logFallback(53)) - raft.server.rpc.first-election.timeout.max = 5200ms (fallback to raft.server.rpc.timeout.max)
2022-10-20 01:29:37,773 [Command processor thread] INFO  ratis.XceiverServerRatis (XceiverServerRatis.java:addGroup(765)) - Created group PipelineID=6cb68019-81ec-4029-9395-9ae1e5a711c7
2022-10-20 01:29:37,789 [grpc-default-executor-0] INFO  server.RaftServer (RaftServerProxy.java:addNew(96)) - 617aebcb-94d5-4f34-9c47-e0c0542c8799: addNew group-9AE1E5A711C7:[a2b9a5b5-e126-445d-90e8-946fc00ddc43|rpc:10.1.0.77:45297|dataStream:|priority:0|startupRole:FOLLOWER, f5cc69e3-4def-49b3-97e4-fc35696e58fc|rpc:10.1.0.77:36367|dataStream:|priority:1|startupRole:FOLLOWER, 617aebcb-94d5-4f34-9c47-e0c0542c8799|rpc:10.1.0.77:43495|dataStream:|priority:0|startupRole:FOLLOWER] returns group-9AE1E5A711C7:java.util.concurrent.CompletableFuture@2bc5db59[Not completed]
2022-10-20 01:29:37,793 [pool-264-thread-1] INFO  server.RaftServer$Division (RaftServerImpl.java:<init>(195)) - 617aebcb-94d5-4f34-9c47-e0c0542c8799: new RaftServerImpl for group-9AE1E5A711C7:[a2b9a5b5-e126-445d-90e8-946fc00ddc43|rpc:10.1.0.77:45297|dataStream:|priority:0|startupRole:FOLLOWER, f5cc69e3-4def-49b3-97e4-fc35696e58fc|rpc:10.1.0.77:36367|dataStream:|priority:1|startupRole:FOLLOWER, 617aebcb-94d5-4f34-9c47-e0c0542c8799|rpc:10.1.0.77:43495|dataStream:|priority:0|startupRole:FOLLOWER] with ContainerStateMachine:uninitialized
2022-10-20 01:29:37,793 [pool-264-thread-1] INFO  server.RaftServerConfigKeys (ConfUtils.java:logGet(46)) - raft.server.rpc.timeout.min = 5s (custom)
2022-10-20 01:29:37,793 [pool-264-thread-1] INFO  server.RaftServerConfigKeys (ConfUtils.java:logGet(46)) - raft.server.rpc.timeout.max = 5200ms (custom)
2022-10-20 01:29:37,793 [pool-264-thread-1] INFO  server.RaftServerConfigKeys (ConfUtils.java:logGet(46)) - raft.server.rpc.sleep.time = 25ms (default)
2022-10-20 01:29:37,793 [pool-264-thread-1] INFO  server.RaftServerConfigKeys (ConfUtils.java:logGet(46)) - raft.server.rpc.slowness.timeout = 300s (custom)
2022-10-20 01:29:37,793 [pool-264-thread-1] INFO  server.RaftServerConfigKeys (ConfUtils.java:logGet(46)) - raft.server.leaderelection.leader.step-down.wait-time = 10s (default)
2022-10-20 01:29:37,793 [pool-264-thread-1] INFO  server.RaftServerConfigKeys (ConfUtils.java:logGet(46)) - raft.server.sleep.deviation.threshold = 300ms (default)
2022-10-20 01:29:37,793 [pool-264-thread-1] INFO  server.RaftServer$Division (ServerState.java:<init>(118)) - 617aebcb-94d5-4f34-9c47-e0c0542c8799@group-9AE1E5A711C7: ConfigurationManager, init=-1: peers:[a2b9a5b5-e126-445d-90e8-946fc00ddc43|rpc:10.1.0.77:45297|dataStream:|priority:0|startupRole:FOLLOWER, f5cc69e3-4def-49b3-97e4-fc35696e58fc|rpc:10.1.0.77:36367|dataStream:|priority:1|startupRole:FOLLOWER, 617aebcb-94d5-4f34-9c47-e0c0542c8799|rpc:10.1.0.77:43495|dataStream:|priority:0|startupRole:FOLLOWER]|listeners:[], old=null, confs=<EMPTY_MAP>
2022-10-20 01:29:37,793 [pool-264-thread-1] INFO  server.RaftServerConfigKeys (ConfUtils.java:logGet(46)) - raft.server.storage.dir = [/home/runner/work/ozone/ozone/hadoop-ozone/integration-test/target/test-dir/MiniOzoneClusterImpl-1c2b738d-be74-4a40-b887-8630efe04021/datanode-8/data/ratis] (custom)
2022-10-20 01:29:37,793 [pool-264-thread-1] INFO  server.RaftServerConfigKeys (ConfUtils.java:logGet(46)) - raft.server.log.corruption.policy = EXCEPTION (default)
2022-10-20 01:29:37,793 [pool-264-thread-1] INFO  server.RaftServerConfigKeys (ConfUtils.java:logGet(46)) - raft.server.storage.free-space.min = 0MB (=0) (default)
2022-10-20 01:29:37,794 [pool-264-thread-1] INFO  server.RaftServerConfigKeys (ConfUtils.java:logGet(46)) - raft.server.notification.no-leader.timeout = 300s (custom)
2022-10-20 01:29:37,795 [pool-264-thread-1] INFO  server.RaftServerConfigKeys (ConfUtils.java:logGet(46)) - raft.server.retrycache.expirytime = 600000ms (custom)
2022-10-20 01:29:37,795 [pool-264-thread-1] INFO  server.RaftServerConfigKeys (ConfUtils.java:logGet(46)) - raft.server.retrycache.statistics.expirytime = 100μs (default)
2022-10-20 01:29:37,797 [pool-264-thread-1] INFO  server.RaftServerConfigKeys (ConfUtils.java:logGet(46)) - raft.server.log.appender.install.snapshot.enabled = false (custom)
2022-10-20 01:29:37,797 [pool-264-thread-1] INFO  server.RaftServerConfigKeys (ConfUtils.java:logGet(46)) - raft.server.threadpool.server.cached = true (default)
2022-10-20 01:29:37,797 [pool-264-thread-1] INFO  server.RaftServerConfigKeys (ConfUtils.java:logGet(46)) - raft.server.threadpool.server.size = 0 (default)
2022-10-20 01:29:37,797 [pool-264-thread-1] INFO  server.RaftServerConfigKeys (ConfUtils.java:logGet(46)) - raft.server.threadpool.client.cached = true (default)
2022-10-20 01:29:37,797 [pool-264-thread-1] INFO  server.RaftServerConfigKeys (ConfUtils.java:logGet(46)) - raft.server.threadpool.client.size = 0 (default)
2022-10-20 01:29:37,797 [pool-264-thread-1] INFO  storage.RaftStorageDirectory (RaftStorageDirectoryImpl.java:analyzeStorage(137)) - The storage directory /home/runner/work/ozone/ozone/hadoop-ozone/integration-test/target/test-dir/MiniOzoneClusterImpl-1c2b738d-be74-4a40-b887-8630efe04021/datanode-8/data/ratis/6cb68019-81ec-4029-9395-9ae1e5a711c7 does not exist. Creating ...
2022-10-20 01:29:37,798 [pool-264-thread-1] INFO  storage.RaftStorageDirectory (RaftStorageDirectoryImpl.java:tryLock(231)) - Lock on /home/runner/work/ozone/ozone/hadoop-ozone/integration-test/target/test-dir/MiniOzoneClusterImpl-1c2b738d-be74-4a40-b887-8630efe04021/datanode-8/data/ratis/6cb68019-81ec-4029-9395-9ae1e5a711c7/in_use.lock acquired by nodename 55363@fv-az625-379
2022-10-20 01:29:37,799 [pool-264-thread-1] INFO  storage.RaftStorage (RaftStorageImpl.java:format(96)) - Storage directory /home/runner/work/ozone/ozone/hadoop-ozone/integration-test/target/test-dir/MiniOzoneClusterImpl-1c2b738d-be74-4a40-b887-8630efe04021/datanode-8/data/ratis/6cb68019-81ec-4029-9395-9ae1e5a711c7 has been successfully formatted.
2022-10-20 01:29:37,800 [pool-264-thread-1] INFO  ratis.ContainerStateMachine (ContainerStateMachine.java:loadSnapshot(236)) - group-9AE1E5A711C7: The snapshot info is null. Setting the last applied indexto:(t:0, i:~)
2022-10-20 01:29:37,800 [pool-264-thread-1] INFO  server.RaftServerConfigKeys (ConfUtils.java:logGet(46)) - raft.server.log.use.memory = false (default)
2022-10-20 01:29:37,800 [pool-264-thread-1] INFO  server.RaftServerConfigKeys (ConfUtils.java:logGet(46)) - raft.server.log.purge.gap = 1000000 (custom)
2022-10-20 01:29:37,800 [pool-264-thread-1] INFO  server.RaftServerConfigKeys (ConfUtils.java:logGet(46)) - raft.server.log.appender.buffer.byte-limit = 33554432 (custom)
2022-10-20 01:29:37,800 [pool-264-thread-1] INFO  server.RaftServerConfigKeys (ConfUtils.java:logGet(46)) - raft.server.log.statemachine.data.read.timeout = 1000ms (default)
2022-10-20 01:29:37,800 [pool-264-thread-1] INFO  server.RaftServerConfigKeys (ConfUtils.java:logGet(46)) - raft.server.log.purge.preservation.log.num = 0 (default)
2022-10-20 01:29:37,802 [pool-264-thread-1] INFO  server.RaftServerConfigKeys (ConfUtils.java:logGet(46)) - raft.server.log.segment.size.max = 1048576 (custom)
2022-10-20 01:29:37,802 [pool-264-thread-1] INFO  server.RaftServerConfigKeys (ConfUtils.java:logGet(46)) - raft.server.log.segment.cache.num.max = 2 (custom)
2022-10-20 01:29:37,803 [pool-264-thread-1] INFO  server.RaftServerConfigKeys (ConfUtils.java:logGet(46)) - raft.server.log.segment.cache.size.max = 200MB (=209715200) (default)
2022-10-20 01:29:37,803 [pool-264-thread-1] INFO  segmented.SegmentedRaftLogWorker (SegmentedRaftLogWorker.java:<init>(191)) - new 617aebcb-94d5-4f34-9c47-e0c0542c8799@group-9AE1E5A711C7-SegmentedRaftLogWorker for RaftStorageImpl:Storage Directory /home/runner/work/ozone/ozone/hadoop-ozone/integration-test/target/test-dir/MiniOzoneClusterImpl-1c2b738d-be74-4a40-b887-8630efe04021/datanode-8/data/ratis/6cb68019-81ec-4029-9395-9ae1e5a711c7
2022-10-20 01:29:37,803 [pool-264-thread-1] INFO  server.RaftServerConfigKeys (ConfUtils.java:logGet(46)) - raft.server.log.queue.byte-limit = 4294967296 (custom)
2022-10-20 01:29:37,803 [pool-264-thread-1] INFO  server.RaftServerConfigKeys (ConfUtils.java:logGet(46)) - raft.server.log.queue.element-limit = 1024 (custom)
2022-10-20 01:29:37,803 [pool-264-thread-1] INFO  server.RaftServerConfigKeys (ConfUtils.java:logGet(46)) - raft.server.log.segment.size.max = 1048576 (custom)
2022-10-20 01:29:37,804 [pool-264-thread-1] INFO  server.RaftServerConfigKeys (ConfUtils.java:logGet(46)) - raft.server.log.preallocated.size = 16384 (custom)
2022-10-20 01:29:37,804 [pool-264-thread-1] INFO  server.RaftServerConfigKeys (ConfUtils.java:logGet(46)) - raft.server.log.force.sync.num = 128 (default)
2022-10-20 01:29:37,804 [pool-264-thread-1] INFO  server.RaftServerConfigKeys (ConfUtils.java:logGet(46)) - raft.server.log.statemachine.data.sync = true (default)
2022-10-20 01:29:37,804 [pool-264-thread-1] INFO  server.RaftServerConfigKeys (ConfUtils.java:logGet(46)) - raft.server.log.statemachine.data.sync.timeout = 10s (default)
2022-10-20 01:29:37,804 [pool-264-thread-1] INFO  server.RaftServerConfigKeys (ConfUtils.java:logGet(46)) - raft.server.log.statemachine.data.sync.timeout.retry = -1 (default)
2022-10-20 01:29:37,805 [pool-264-thread-1] INFO  server.RaftServerConfigKeys (ConfUtils.java:logGet(46)) - raft.server.log.write.buffer.size = 1048576 (custom)
2022-10-20 01:29:37,806 [pool-264-thread-1] INFO  server.RaftServerConfigKeys (ConfUtils.java:logGet(46)) - raft.server.log.unsafe-flush.enabled = false (default)
2022-10-20 01:29:37,806 [pool-264-thread-1] INFO  server.RaftServerConfigKeys (ConfUtils.java:logGet(46)) - raft.server.log.async-flush.enabled = false (default)
2022-10-20 01:29:37,806 [pool-264-thread-1] INFO  server.RaftServerConfigKeys (ConfUtils.java:logGet(46)) - raft.server.log.statemachine.data.caching.enabled = true (custom)
2022-10-20 01:29:37,806 [pool-264-thread-1] INFO  segmented.SegmentedRaftLogWorker (SegmentedRaftLogWorker.java:lambda$new$0(136)) - 617aebcb-94d5-4f34-9c47-e0c0542c8799@group-9AE1E5A711C7-SegmentedRaftLogWorker: flushIndex: setUnconditionally 0 -> -1
2022-10-20 01:29:37,806 [pool-264-thread-1] INFO  segmented.SegmentedRaftLogWorker (SegmentedRaftLogWorker.java:lambda$new$0(136)) - 617aebcb-94d5-4f34-9c47-e0c0542c8799@group-9AE1E5A711C7-SegmentedRaftLogWorker: safeCacheEvictIndex: setUnconditionally 0 -> -1
2022-10-20 01:29:37,806 [pool-264-thread-1] INFO  server.RaftServer$Division (RaftServerImpl.java:start(334)) - 617aebcb-94d5-4f34-9c47-e0c0542c8799@group-9AE1E5A711C7: start as a follower, conf=-1: peers:[a2b9a5b5-e126-445d-90e8-946fc00ddc43|rpc:10.1.0.77:45297|dataStream:|priority:0|startupRole:FOLLOWER, f5cc69e3-4def-49b3-97e4-fc35696e58fc|rpc:10.1.0.77:36367|dataStream:|priority:1|startupRole:FOLLOWER, 617aebcb-94d5-4f34-9c47-e0c0542c8799|rpc:10.1.0.77:43495|dataStream:|priority:0|startupRole:FOLLOWER]|listeners:[], old=null
2022-10-20 01:29:37,806 [pool-264-thread-1] INFO  server.RaftServer$Division (RaftServerImpl.java:setRole(321)) - 617aebcb-94d5-4f34-9c47-e0c0542c8799@group-9AE1E5A711C7: changes role from      null to FOLLOWER at term 0 for startAsFollower
2022-10-20 01:29:37,806 [pool-264-thread-1] INFO  impl.RoleInfo (RoleInfo.java:updateAndGet(139)) - 617aebcb-94d5-4f34-9c47-e0c0542c8799: start 617aebcb-94d5-4f34-9c47-e0c0542c8799@group-9AE1E5A711C7-FollowerState
2022-10-20 01:29:37,807 [pool-264-thread-1] INFO  util.JmxRegister (JmxRegister.java:tryRegister(44)) - Successfully registered JMX Bean with object name Ratis:service=RaftServer,group=group-9AE1E5A711C7,id=617aebcb-94d5-4f34-9c47-e0c0542c8799
2022-10-20 01:29:37,807 [617aebcb-94d5-4f34-9c47-e0c0542c8799@group-9AE1E5A711C7-FollowerState] INFO  server.RaftServerConfigKeys (ConfUtils.java:logFallback(53)) - raft.server.rpc.first-election.timeout.min = 5s (fallback to raft.server.rpc.timeout.min)
2022-10-20 01:29:37,808 [pool-264-thread-1] INFO  server.RaftServerConfigKeys (ConfUtils.java:logGet(46)) - raft.server.snapshot.auto.trigger.enabled = true (custom)
2022-10-20 01:29:37,808 [pool-264-thread-1] INFO  server.RaftServerConfigKeys (ConfUtils.java:logGet(46)) - raft.server.snapshot.auto.trigger.threshold = 10000 (custom)
2022-10-20 01:29:37,808 [pool-264-thread-1] INFO  server.RaftServerConfigKeys (ConfUtils.java:logGet(46)) - raft.server.snapshot.retention.file.num = 5 (custom)
2022-10-20 01:29:37,808 [pool-264-thread-1] INFO  server.RaftServerConfigKeys (ConfUtils.java:logGet(46)) - raft.server.log.purge.upto.snapshot.index = false (default)
2022-10-20 01:29:37,809 [617aebcb-94d5-4f34-9c47-e0c0542c8799@group-9AE1E5A711C7-FollowerState] INFO  server.RaftServerConfigKeys (ConfUtils.java:logFallback(53)) - raft.server.rpc.first-election.timeout.max = 5200ms (fallback to raft.server.rpc.timeout.max)
2022-10-20 01:29:37,830 [grpc-default-executor-0] INFO  server.RaftServer (RaftServerProxy.java:addNew(96)) - a2b9a5b5-e126-445d-90e8-946fc00ddc43: addNew group-9AE1E5A711C7:[a2b9a5b5-e126-445d-90e8-946fc00ddc43|rpc:10.1.0.77:45297|dataStream:|priority:0|startupRole:FOLLOWER, f5cc69e3-4def-49b3-97e4-fc35696e58fc|rpc:10.1.0.77:36367|dataStream:|priority:1|startupRole:FOLLOWER, 617aebcb-94d5-4f34-9c47-e0c0542c8799|rpc:10.1.0.77:43495|dataStream:|priority:0|startupRole:FOLLOWER] returns group-9AE1E5A711C7:java.util.concurrent.CompletableFuture@3d5f7f4b[Not completed]
2022-10-20 01:29:37,831 [pool-237-thread-1] INFO  server.RaftServer$Division (RaftServerImpl.java:<init>(195)) - a2b9a5b5-e126-445d-90e8-946fc00ddc43: new RaftServerImpl for group-9AE1E5A711C7:[a2b9a5b5-e126-445d-90e8-946fc00ddc43|rpc:10.1.0.77:45297|dataStream:|priority:0|startupRole:FOLLOWER, f5cc69e3-4def-49b3-97e4-fc35696e58fc|rpc:10.1.0.77:36367|dataStream:|priority:1|startupRole:FOLLOWER, 617aebcb-94d5-4f34-9c47-e0c0542c8799|rpc:10.1.0.77:43495|dataStream:|priority:0|startupRole:FOLLOWER] with ContainerStateMachine:uninitialized
2022-10-20 01:29:37,831 [pool-237-thread-1] INFO  server.RaftServerConfigKeys (ConfUtils.java:logGet(46)) - raft.server.rpc.timeout.min = 5s (custom)
2022-10-20 01:29:37,831 [pool-237-thread-1] INFO  server.RaftServerConfigKeys (ConfUtils.java:logGet(46)) - raft.server.rpc.timeout.max = 5200ms (custom)
2022-10-20 01:29:37,831 [pool-237-thread-1] INFO  server.RaftServerConfigKeys (ConfUtils.java:logGet(46)) - raft.server.rpc.sleep.time = 25ms (default)
2022-10-20 01:29:37,831 [pool-237-thread-1] INFO  server.RaftServerConfigKeys (ConfUtils.java:logGet(46)) - raft.server.rpc.slowness.timeout = 300s (custom)
2022-10-20 01:29:37,831 [pool-237-thread-1] INFO  server.RaftServerConfigKeys (ConfUtils.java:logGet(46)) - raft.server.leaderelection.leader.step-down.wait-time = 10s (default)
2022-10-20 01:29:37,831 [pool-237-thread-1] INFO  server.RaftServerConfigKeys (ConfUtils.java:logGet(46)) - raft.server.sleep.deviation.threshold = 300ms (default)
2022-10-20 01:29:37,831 [pool-237-thread-1] INFO  server.RaftServer$Division (ServerState.java:<init>(118)) - a2b9a5b5-e126-445d-90e8-946fc00ddc43@group-9AE1E5A711C7: ConfigurationManager, init=-1: peers:[a2b9a5b5-e126-445d-90e8-946fc00ddc43|rpc:10.1.0.77:45297|dataStream:|priority:0|startupRole:FOLLOWER, f5cc69e3-4def-49b3-97e4-fc35696e58fc|rpc:10.1.0.77:36367|dataStream:|priority:1|startupRole:FOLLOWER, 617aebcb-94d5-4f34-9c47-e0c0542c8799|rpc:10.1.0.77:43495|dataStream:|priority:0|startupRole:FOLLOWER]|listeners:[], old=null, confs=<EMPTY_MAP>
2022-10-20 01:29:37,832 [pool-237-thread-1] INFO  server.RaftServerConfigKeys (ConfUtils.java:logGet(46)) - raft.server.storage.dir = [/home/runner/work/ozone/ozone/hadoop-ozone/integration-test/target/test-dir/MiniOzoneClusterImpl-1c2b738d-be74-4a40-b887-8630efe04021/datanode-7/data/ratis] (custom)
2022-10-20 01:29:37,832 [pool-237-thread-1] INFO  server.RaftServerConfigKeys (ConfUtils.java:logGet(46)) - raft.server.log.corruption.policy = EXCEPTION (default)
2022-10-20 01:29:37,832 [pool-237-thread-1] INFO  server.RaftServerConfigKeys (ConfUtils.java:logGet(46)) - raft.server.storage.free-space.min = 0MB (=0) (default)
2022-10-20 01:29:37,832 [pool-237-thread-1] INFO  server.RaftServerConfigKeys (ConfUtils.java:logGet(46)) - raft.server.notification.no-leader.timeout = 300s (custom)
2022-10-20 01:29:37,832 [pool-237-thread-1] INFO  server.RaftServerConfigKeys (ConfUtils.java:logGet(46)) - raft.server.retrycache.expirytime = 600000ms (custom)
2022-10-20 01:29:37,832 [pool-237-thread-1] INFO  server.RaftServerConfigKeys (ConfUtils.java:logGet(46)) - raft.server.retrycache.statistics.expirytime = 100μs (default)
2022-10-20 01:29:37,836 [pool-237-thread-1] INFO  server.RaftServerConfigKeys (ConfUtils.java:logGet(46)) - raft.server.log.appender.install.snapshot.enabled = false (custom)
2022-10-20 01:29:37,836 [pool-237-thread-1] INFO  server.RaftServerConfigKeys (ConfUtils.java:logGet(46)) - raft.server.threadpool.server.cached = true (default)
2022-10-20 01:29:37,836 [pool-237-thread-1] INFO  server.RaftServerConfigKeys (ConfUtils.java:logGet(46)) - raft.server.threadpool.server.size = 0 (default)
2022-10-20 01:29:37,836 [pool-237-thread-1] INFO  server.RaftServerConfigKeys (ConfUtils.java:logGet(46)) - raft.server.threadpool.client.cached = true (default)
2022-10-20 01:29:37,836 [pool-237-thread-1] INFO  server.RaftServerConfigKeys (ConfUtils.java:logGet(46)) - raft.server.threadpool.client.size = 0 (default)
2022-10-20 01:29:37,836 [pool-237-thread-1] INFO  storage.RaftStorageDirectory (RaftStorageDirectoryImpl.java:analyzeStorage(137)) - The storage directory /home/runner/work/ozone/ozone/hadoop-ozone/integration-test/target/test-dir/MiniOzoneClusterImpl-1c2b738d-be74-4a40-b887-8630efe04021/datanode-7/data/ratis/6cb68019-81ec-4029-9395-9ae1e5a711c7 does not exist. Creating ...
2022-10-20 01:29:37,838 [pool-237-thread-1] INFO  storage.RaftStorageDirectory (RaftStorageDirectoryImpl.java:tryLock(231)) - Lock on /home/runner/work/ozone/ozone/hadoop-ozone/integration-test/target/test-dir/MiniOzoneClusterImpl-1c2b738d-be74-4a40-b887-8630efe04021/datanode-7/data/ratis/6cb68019-81ec-4029-9395-9ae1e5a711c7/in_use.lock acquired by nodename 55363@fv-az625-379
2022-10-20 01:29:37,839 [pool-237-thread-1] INFO  storage.RaftStorage (RaftStorageImpl.java:format(96)) - Storage directory /home/runner/work/ozone/ozone/hadoop-ozone/integration-test/target/test-dir/MiniOzoneClusterImpl-1c2b738d-be74-4a40-b887-8630efe04021/datanode-7/data/ratis/6cb68019-81ec-4029-9395-9ae1e5a711c7 has been successfully formatted.
2022-10-20 01:29:37,839 [pool-237-thread-1] INFO  ratis.ContainerStateMachine (ContainerStateMachine.java:loadSnapshot(236)) - group-9AE1E5A711C7: The snapshot info is null. Setting the last applied indexto:(t:0, i:~)
2022-10-20 01:29:37,839 [pool-237-thread-1] INFO  server.RaftServerConfigKeys (ConfUtils.java:logGet(46)) - raft.server.log.use.memory = false (default)
2022-10-20 01:29:37,840 [pool-237-thread-1] INFO  server.RaftServerConfigKeys (ConfUtils.java:logGet(46)) - raft.server.log.purge.gap = 1000000 (custom)
2022-10-20 01:29:37,840 [pool-237-thread-1] INFO  server.RaftServerConfigKeys (ConfUtils.java:logGet(46)) - raft.server.log.appender.buffer.byte-limit = 33554432 (custom)
2022-10-20 01:29:37,840 [pool-237-thread-1] INFO  server.RaftServerConfigKeys (ConfUtils.java:logGet(46)) - raft.server.log.statemachine.data.read.timeout = 1000ms (default)
2022-10-20 01:29:37,840 [pool-237-thread-1] INFO  server.RaftServerConfigKeys (ConfUtils.java:logGet(46)) - raft.server.log.purge.preservation.log.num = 0 (default)
2022-10-20 01:29:37,840 [pool-237-thread-1] INFO  server.RaftServerConfigKeys (ConfUtils.java:logGet(46)) - raft.server.log.segment.size.max = 1048576 (custom)
2022-10-20 01:29:37,840 [pool-237-thread-1] INFO  server.RaftServerConfigKeys (ConfUtils.java:logGet(46)) - raft.server.log.segment.cache.num.max = 2 (custom)
2022-10-20 01:29:37,844 [pool-237-thread-1] INFO  server.RaftServerConfigKeys (ConfUtils.java:logGet(46)) - raft.server.log.segment.cache.size.max = 200MB (=209715200) (default)
2022-10-20 01:29:37,844 [pool-237-thread-1] INFO  segmented.SegmentedRaftLogWorker (SegmentedRaftLogWorker.java:<init>(191)) - new a2b9a5b5-e126-445d-90e8-946fc00ddc43@group-9AE1E5A711C7-SegmentedRaftLogWorker for RaftStorageImpl:Storage Directory /home/runner/work/ozone/ozone/hadoop-ozone/integration-test/target/test-dir/MiniOzoneClusterImpl-1c2b738d-be74-4a40-b887-8630efe04021/datanode-7/data/ratis/6cb68019-81ec-4029-9395-9ae1e5a711c7
2022-10-20 01:29:37,844 [pool-237-thread-1] INFO  server.RaftServerConfigKeys (ConfUtils.java:logGet(46)) - raft.server.log.queue.byte-limit = 4294967296 (custom)
2022-10-20 01:29:37,845 [pool-237-thread-1] INFO  server.RaftServerConfigKeys (ConfUtils.java:logGet(46)) - raft.server.log.queue.element-limit = 1024 (custom)
2022-10-20 01:29:37,845 [pool-237-thread-1] INFO  server.RaftServerConfigKeys (ConfUtils.java:logGet(46)) - raft.server.log.segment.size.max = 1048576 (custom)
2022-10-20 01:29:37,845 [pool-237-thread-1] INFO  server.RaftServerConfigKeys (ConfUtils.java:logGet(46)) - raft.server.log.preallocated.size = 16384 (custom)
2022-10-20 01:29:37,845 [pool-237-thread-1] INFO  server.RaftServerConfigKeys (ConfUtils.java:logGet(46)) - raft.server.log.force.sync.num = 128 (default)
2022-10-20 01:29:37,845 [pool-237-thread-1] INFO  server.RaftServerConfigKeys (ConfUtils.java:logGet(46)) - raft.server.log.statemachine.data.sync = true (default)
2022-10-20 01:29:37,845 [pool-237-thread-1] INFO  server.RaftServerConfigKeys (ConfUtils.java:logGet(46)) - raft.server.log.statemachine.data.sync.timeout = 10s (default)
2022-10-20 01:29:37,845 [pool-237-thread-1] INFO  server.RaftServerConfigKeys (ConfUtils.java:logGet(46)) - raft.server.log.statemachine.data.sync.timeout.retry = -1 (default)
2022-10-20 01:29:37,845 [pool-237-thread-1] INFO  server.RaftServerConfigKeys (ConfUtils.java:logGet(46)) - raft.server.log.write.buffer.size = 1048576 (custom)
2022-10-20 01:29:37,846 [pool-237-thread-1] INFO  server.RaftServerConfigKeys (ConfUtils.java:logGet(46)) - raft.server.log.unsafe-flush.enabled = false (default)
2022-10-20 01:29:37,846 [pool-237-thread-1] INFO  server.RaftServerConfigKeys (ConfUtils.java:logGet(46)) - raft.server.log.async-flush.enabled = false (default)
2022-10-20 01:29:37,846 [pool-237-thread-1] INFO  server.RaftServerConfigKeys (ConfUtils.java:logGet(46)) - raft.server.log.statemachine.data.caching.enabled = true (custom)
2022-10-20 01:29:37,846 [pool-237-thread-1] INFO  segmented.SegmentedRaftLogWorker (SegmentedRaftLogWorker.java:lambda$new$0(136)) - a2b9a5b5-e126-445d-90e8-946fc00ddc43@group-9AE1E5A711C7-SegmentedRaftLogWorker: flushIndex: setUnconditionally 0 -> -1
2022-10-20 01:29:37,846 [pool-237-thread-1] INFO  segmented.SegmentedRaftLogWorker (SegmentedRaftLogWorker.java:lambda$new$0(136)) - a2b9a5b5-e126-445d-90e8-946fc00ddc43@group-9AE1E5A711C7-SegmentedRaftLogWorker: safeCacheEvictIndex: setUnconditionally 0 -> -1
2022-10-20 01:29:37,847 [pool-237-thread-1] INFO  server.RaftServer$Division (RaftServerImpl.java:start(334)) - a2b9a5b5-e126-445d-90e8-946fc00ddc43@group-9AE1E5A711C7: start as a follower, conf=-1: peers:[a2b9a5b5-e126-445d-90e8-946fc00ddc43|rpc:10.1.0.77:45297|dataStream:|priority:0|startupRole:FOLLOWER, f5cc69e3-4def-49b3-97e4-fc35696e58fc|rpc:10.1.0.77:36367|dataStream:|priority:1|startupRole:FOLLOWER, 617aebcb-94d5-4f34-9c47-e0c0542c8799|rpc:10.1.0.77:43495|dataStream:|priority:0|startupRole:FOLLOWER]|listeners:[], old=null
2022-10-20 01:29:37,847 [pool-237-thread-1] INFO  server.RaftServer$Division (RaftServerImpl.java:setRole(321)) - a2b9a5b5-e126-445d-90e8-946fc00ddc43@group-9AE1E5A711C7: changes role from      null to FOLLOWER at term 0 for startAsFollower
2022-10-20 01:29:37,849 [pool-237-thread-1] INFO  impl.RoleInfo (RoleInfo.java:updateAndGet(139)) - a2b9a5b5-e126-445d-90e8-946fc00ddc43: start a2b9a5b5-e126-445d-90e8-946fc00ddc43@group-9AE1E5A711C7-FollowerState
2022-10-20 01:29:37,849 [pool-237-thread-1] INFO  util.JmxRegister (JmxRegister.java:tryRegister(44)) - Successfully registered JMX Bean with object name Ratis:service=RaftServer,group=group-9AE1E5A711C7,id=a2b9a5b5-e126-445d-90e8-946fc00ddc43
2022-10-20 01:29:37,849 [pool-237-thread-1] INFO  server.RaftServerConfigKeys (ConfUtils.java:logGet(46)) - raft.server.snapshot.auto.trigger.enabled = true (custom)
2022-10-20 01:29:37,849 [pool-237-thread-1] INFO  server.RaftServerConfigKeys (ConfUtils.java:logGet(46)) - raft.server.snapshot.auto.trigger.threshold = 10000 (custom)
2022-10-20 01:29:37,849 [pool-237-thread-1] INFO  server.RaftServerConfigKeys (ConfUtils.java:logGet(46)) - raft.server.snapshot.retention.file.num = 5 (custom)
2022-10-20 01:29:37,849 [pool-237-thread-1] INFO  server.RaftServerConfigKeys (ConfUtils.java:logGet(46)) - raft.server.log.purge.upto.snapshot.index = false (default)
2022-10-20 01:29:37,851 [a2b9a5b5-e126-445d-90e8-946fc00ddc43@group-9AE1E5A711C7-FollowerState] INFO  server.RaftServerConfigKeys (ConfUtils.java:logFallback(53)) - raft.server.rpc.first-election.timeout.min = 5s (fallback to raft.server.rpc.timeout.min)
2022-10-20 01:29:37,855 [a2b9a5b5-e126-445d-90e8-946fc00ddc43@group-9AE1E5A711C7-FollowerState] INFO  server.RaftServerConfigKeys (ConfUtils.java:logFallback(53)) - raft.server.rpc.first-election.timeout.max = 5200ms (fallback to raft.server.rpc.timeout.max)
2022-10-20 01:29:37,859 [Command processor thread] INFO  commandhandler.CreatePipelineCommandHandler (CreatePipelineCommandHandler.java:handle(113)) - Created Pipeline RATIS THREE PipelineID=6cb68019-81ec-4029-9395-9ae1e5a711c7.
2022-10-20 01:29:37,860 [Command processor thread] INFO  server.RaftServer (RaftServerProxy.java:addNew(96)) - f5cc69e3-4def-49b3-97e4-fc35696e58fc: addNew group-74DC051E88E8:[a2b9a5b5-e126-445d-90e8-946fc00ddc43|rpc:10.1.0.77:45297|priority:0|startupRole:FOLLOWER, f5cc69e3-4def-49b3-97e4-fc35696e58fc|rpc:10.1.0.77:36367|priority:0|startupRole:FOLLOWER, 617aebcb-94d5-4f34-9c47-e0c0542c8799|rpc:10.1.0.77:43495|priority:1|startupRole:FOLLOWER] returns group-74DC051E88E8:java.util.concurrent.CompletableFuture@42546ad7[Not completed]
2022-10-20 01:29:37,861 [pool-210-thread-1] INFO  server.RaftServer$Division (RaftServerImpl.java:<init>(195)) - f5cc69e3-4def-49b3-97e4-fc35696e58fc: new RaftServerImpl for group-74DC051E88E8:[a2b9a5b5-e126-445d-90e8-946fc00ddc43|rpc:10.1.0.77:45297|priority:0|startupRole:FOLLOWER, f5cc69e3-4def-49b3-97e4-fc35696e58fc|rpc:10.1.0.77:36367|priority:0|startupRole:FOLLOWER, 617aebcb-94d5-4f34-9c47-e0c0542c8799|rpc:10.1.0.77:43495|priority:1|startupRole:FOLLOWER] with ContainerStateMachine:uninitialized
2022-10-20 01:29:37,861 [pool-210-thread-1] INFO  server.RaftServerConfigKeys (ConfUtils.java:logGet(46)) - raft.server.rpc.timeout.min = 5s (custom)
2022-10-20 01:29:37,861 [pool-210-thread-1] INFO  server.RaftServerConfigKeys (ConfUtils.java:logGet(46)) - raft.server.rpc.timeout.max = 5200ms (custom)
2022-10-20 01:29:37,861 [pool-210-thread-1] INFO  server.RaftServerConfigKeys (ConfUtils.java:logGet(46)) - raft.server.rpc.sleep.time = 25ms (default)
2022-10-20 01:29:37,861 [pool-210-thread-1] INFO  server.RaftServerConfigKeys (ConfUtils.java:logGet(46)) - raft.server.rpc.slowness.timeout = 300s (custom)
2022-10-20 01:29:37,861 [pool-210-thread-1] INFO  server.RaftServerConfigKeys (ConfUtils.java:logGet(46)) - raft.server.leaderelection.leader.step-down.wait-time = 10s (default)
2022-10-20 01:29:37,861 [pool-210-thread-1] INFO  server.RaftServerConfigKeys (ConfUtils.java:logGet(46)) - raft.server.sleep.deviation.threshold = 300ms (default)
2022-10-20 01:29:37,861 [pool-210-thread-1] INFO  server.RaftServer$Division (ServerState.java:<init>(118)) - f5cc69e3-4def-49b3-97e4-fc35696e58fc@group-74DC051E88E8: ConfigurationManager, init=-1: peers:[a2b9a5b5-e126-445d-90e8-946fc00ddc43|rpc:10.1.0.77:45297|priority:0|startupRole:FOLLOWER, f5cc69e3-4def-49b3-97e4-fc35696e58fc|rpc:10.1.0.77:36367|priority:0|startupRole:FOLLOWER, 617aebcb-94d5-4f34-9c47-e0c0542c8799|rpc:10.1.0.77:43495|priority:1|startupRole:FOLLOWER]|listeners:[], old=null, confs=<EMPTY_MAP>
2022-10-20 01:29:37,862 [pool-210-thread-1] INFO  server.RaftServerConfigKeys (ConfUtils.java:logGet(46)) - raft.server.storage.dir = [/home/runner/work/ozone/ozone/hadoop-ozone/integration-test/target/test-dir/MiniOzoneClusterImpl-1c2b738d-be74-4a40-b887-8630efe04021/datanode-6/data/ratis] (custom)
2022-10-20 01:29:37,862 [pool-210-thread-1] INFO  server.RaftServerConfigKeys (ConfUtils.java:logGet(46)) - raft.server.log.corruption.policy = EXCEPTION (default)
2022-10-20 01:29:37,862 [pool-210-thread-1] INFO  server.RaftServerConfigKeys (ConfUtils.java:logGet(46)) - raft.server.storage.free-space.min = 0MB (=0) (default)
2022-10-20 01:29:37,862 [pool-210-thread-1] INFO  server.RaftServerConfigKeys (ConfUtils.java:logGet(46)) - raft.server.notification.no-leader.timeout = 300s (custom)
2022-10-20 01:29:37,862 [pool-210-thread-1] INFO  server.RaftServerConfigKeys (ConfUtils.java:logGet(46)) - raft.server.retrycache.expirytime = 600000ms (custom)
2022-10-20 01:29:37,862 [pool-210-thread-1] INFO  server.RaftServerConfigKeys (ConfUtils.java:logGet(46)) - raft.server.retrycache.statistics.expirytime = 100μs (default)
2022-10-20 01:29:37,863 [pool-210-thread-1] INFO  server.RaftServerConfigKeys (ConfUtils.java:logGet(46)) - raft.server.log.appender.install.snapshot.enabled = false (custom)
2022-10-20 01:29:37,863 [pool-210-thread-1] INFO  server.RaftServerConfigKeys (ConfUtils.java:logGet(46)) - raft.server.threadpool.server.cached = true (default)
2022-10-20 01:29:37,863 [pool-210-thread-1] INFO  server.RaftServerConfigKeys (ConfUtils.java:logGet(46)) - raft.server.threadpool.server.size = 0 (default)
2022-10-20 01:29:37,863 [pool-210-thread-1] INFO  server.RaftServerConfigKeys (ConfUtils.java:logGet(46)) - raft.server.threadpool.client.cached = true (default)
2022-10-20 01:29:37,863 [pool-210-thread-1] INFO  server.RaftServerConfigKeys (ConfUtils.java:logGet(46)) - raft.server.threadpool.client.size = 0 (default)
2022-10-20 01:29:37,863 [pool-210-thread-1] INFO  storage.RaftStorageDirectory (RaftStorageDirectoryImpl.java:analyzeStorage(137)) - The storage directory /home/runner/work/ozone/ozone/hadoop-ozone/integration-test/target/test-dir/MiniOzoneClusterImpl-1c2b738d-be74-4a40-b887-8630efe04021/datanode-6/data/ratis/fd52c53e-a8b4-47ae-9280-74dc051e88e8 does not exist. Creating ...
2022-10-20 01:29:37,865 [pool-210-thread-1] INFO  storage.RaftStorageDirectory (RaftStorageDirectoryImpl.java:tryLock(231)) - Lock on /home/runner/work/ozone/ozone/hadoop-ozone/integration-test/target/test-dir/MiniOzoneClusterImpl-1c2b738d-be74-4a40-b887-8630efe04021/datanode-6/data/ratis/fd52c53e-a8b4-47ae-9280-74dc051e88e8/in_use.lock acquired by nodename 55363@fv-az625-379
2022-10-20 01:29:37,866 [pool-210-thread-1] INFO  storage.RaftStorage (RaftStorageImpl.java:format(96)) - Storage directory /home/runner/work/ozone/ozone/hadoop-ozone/integration-test/target/test-dir/MiniOzoneClusterImpl-1c2b738d-be74-4a40-b887-8630efe04021/datanode-6/data/ratis/fd52c53e-a8b4-47ae-9280-74dc051e88e8 has been successfully formatted.
2022-10-20 01:29:37,867 [pool-210-thread-1] INFO  ratis.ContainerStateMachine (ContainerStateMachine.java:loadSnapshot(236)) - group-74DC051E88E8: The snapshot info is null. Setting the last applied indexto:(t:0, i:~)
2022-10-20 01:29:37,867 [pool-210-thread-1] INFO  server.RaftServerConfigKeys (ConfUtils.java:logGet(46)) - raft.server.log.use.memory = false (default)
2022-10-20 01:29:37,867 [pool-210-thread-1] INFO  server.RaftServerConfigKeys (ConfUtils.java:logGet(46)) - raft.server.log.purge.gap = 1000000 (custom)
2022-10-20 01:29:37,867 [pool-210-thread-1] INFO  server.RaftServerConfigKeys (ConfUtils.java:logGet(46)) - raft.server.log.appender.buffer.byte-limit = 33554432 (custom)
2022-10-20 01:29:37,867 [pool-210-thread-1] INFO  server.RaftServerConfigKeys (ConfUtils.java:logGet(46)) - raft.server.log.statemachine.data.read.timeout = 1000ms (default)
2022-10-20 01:29:37,867 [pool-210-thread-1] INFO  server.RaftServerConfigKeys (ConfUtils.java:logGet(46)) - raft.server.log.purge.preservation.log.num = 0 (default)
2022-10-20 01:29:37,868 [EventQueue-OpenPipelineForHealthyPipelineSafeModeRule] INFO  safemode.SCMSafeModeManager (HealthyPipelineSafeModeRule.java:process(137)) - SCM in safe mode. Healthy pipelines reported count is 0, required healthy pipeline reported count is 1
2022-10-20 01:29:37,870 [pool-210-thread-1] INFO  server.RaftServerConfigKeys (ConfUtils.java:logGet(46)) - raft.server.log.segment.size.max = 1048576 (custom)
2022-10-20 01:29:37,870 [pool-210-thread-1] INFO  server.RaftServerConfigKeys (ConfUtils.java:logGet(46)) - raft.server.log.segment.cache.num.max = 2 (custom)
2022-10-20 01:29:37,870 [pool-210-thread-1] INFO  server.RaftServerConfigKeys (ConfUtils.java:logGet(46)) - raft.server.log.segment.cache.size.max = 200MB (=209715200) (default)
2022-10-20 01:29:37,870 [pool-210-thread-1] INFO  segmented.SegmentedRaftLogWorker (SegmentedRaftLogWorker.java:<init>(191)) - new f5cc69e3-4def-49b3-97e4-fc35696e58fc@group-74DC051E88E8-SegmentedRaftLogWorker for RaftStorageImpl:Storage Directory /home/runner/work/ozone/ozone/hadoop-ozone/integration-test/target/test-dir/MiniOzoneClusterImpl-1c2b738d-be74-4a40-b887-8630efe04021/datanode-6/data/ratis/fd52c53e-a8b4-47ae-9280-74dc051e88e8
2022-10-20 01:29:37,870 [pool-210-thread-1] INFO  server.RaftServerConfigKeys (ConfUtils.java:logGet(46)) - raft.server.log.queue.byte-limit = 4294967296 (custom)
2022-10-20 01:29:37,870 [pool-210-thread-1] INFO  server.RaftServerConfigKeys (ConfUtils.java:logGet(46)) - raft.server.log.queue.element-limit = 1024 (custom)
2022-10-20 01:29:37,870 [pool-210-thread-1] INFO  server.RaftServerConfigKeys (ConfUtils.java:logGet(46)) - raft.server.log.segment.size.max = 1048576 (custom)
2022-10-20 01:29:37,870 [pool-210-thread-1] INFO  server.RaftServerConfigKeys (ConfUtils.java:logGet(46)) - raft.server.log.preallocated.size = 16384 (custom)
2022-10-20 01:29:37,870 [pool-210-thread-1] INFO  server.RaftServerConfigKeys (ConfUtils.java:logGet(46)) - raft.server.log.force.sync.num = 128 (default)
2022-10-20 01:29:37,871 [pool-210-thread-1] INFO  server.RaftServerConfigKeys (ConfUtils.java:logGet(46)) - raft.server.log.statemachine.data.sync = true (default)
2022-10-20 01:29:37,871 [pool-210-thread-1] INFO  server.RaftServerConfigKeys (ConfUtils.java:logGet(46)) - raft.server.log.statemachine.data.sync.timeout = 10s (default)
2022-10-20 01:29:37,871 [pool-210-thread-1] INFO  server.RaftServerConfigKeys (ConfUtils.java:logGet(46)) - raft.server.log.statemachine.data.sync.timeout.retry = -1 (default)
2022-10-20 01:29:37,872 [pool-210-thread-1] INFO  server.RaftServerConfigKeys (ConfUtils.java:logGet(46)) - raft.server.log.write.buffer.size = 1048576 (custom)
2022-10-20 01:29:37,874 [pool-210-thread-1] INFO  server.RaftServerConfigKeys (ConfUtils.java:logGet(46)) - raft.server.log.unsafe-flush.enabled = false (default)
2022-10-20 01:29:37,874 [pool-210-thread-1] INFO  server.RaftServerConfigKeys (ConfUtils.java:logGet(46)) - raft.server.log.async-flush.enabled = false (default)
2022-10-20 01:29:37,874 [pool-210-thread-1] INFO  server.RaftServerConfigKeys (ConfUtils.java:logGet(46)) - raft.server.log.statemachine.data.caching.enabled = true (custom)
2022-10-20 01:29:37,875 [pool-210-thread-1] INFO  segmented.SegmentedRaftLogWorker (SegmentedRaftLogWorker.java:lambda$new$0(136)) - f5cc69e3-4def-49b3-97e4-fc35696e58fc@group-74DC051E88E8-SegmentedRaftLogWorker: flushIndex: setUnconditionally 0 -> -1
2022-10-20 01:29:37,875 [pool-210-thread-1] INFO  segmented.SegmentedRaftLogWorker (SegmentedRaftLogWorker.java:lambda$new$0(136)) - f5cc69e3-4def-49b3-97e4-fc35696e58fc@group-74DC051E88E8-SegmentedRaftLogWorker: safeCacheEvictIndex: setUnconditionally 0 -> -1
2022-10-20 01:29:37,875 [pool-210-thread-1] INFO  server.RaftServer$Division (RaftServerImpl.java:start(334)) - f5cc69e3-4def-49b3-97e4-fc35696e58fc@group-74DC051E88E8: start as a follower, conf=-1: peers:[a2b9a5b5-e126-445d-90e8-946fc00ddc43|rpc:10.1.0.77:45297|priority:0|startupRole:FOLLOWER, f5cc69e3-4def-49b3-97e4-fc35696e58fc|rpc:10.1.0.77:36367|priority:0|startupRole:FOLLOWER, 617aebcb-94d5-4f34-9c47-e0c0542c8799|rpc:10.1.0.77:43495|priority:1|startupRole:FOLLOWER]|listeners:[], old=null
2022-10-20 01:29:37,875 [pool-210-thread-1] INFO  server.RaftServer$Division (RaftServerImpl.java:setRole(321)) - f5cc69e3-4def-49b3-97e4-fc35696e58fc@group-74DC051E88E8: changes role from      null to FOLLOWER at term 0 for startAsFollower
2022-10-20 01:29:37,875 [pool-210-thread-1] INFO  impl.RoleInfo (RoleInfo.java:updateAndGet(139)) - f5cc69e3-4def-49b3-97e4-fc35696e58fc: start f5cc69e3-4def-49b3-97e4-fc35696e58fc@group-74DC051E88E8-FollowerState
2022-10-20 01:29:37,876 [pool-210-thread-1] INFO  util.JmxRegister (JmxRegister.java:tryRegister(44)) - Successfully registered JMX Bean with object name Ratis:service=RaftServer,group=group-74DC051E88E8,id=f5cc69e3-4def-49b3-97e4-fc35696e58fc
2022-10-20 01:29:37,876 [f5cc69e3-4def-49b3-97e4-fc35696e58fc@group-74DC051E88E8-FollowerState] INFO  server.RaftServerConfigKeys (ConfUtils.java:logFallback(53)) - raft.server.rpc.first-election.timeout.min = 5s (fallback to raft.server.rpc.timeout.min)
2022-10-20 01:29:37,876 [pool-210-thread-1] INFO  server.RaftServerConfigKeys (ConfUtils.java:logGet(46)) - raft.server.snapshot.auto.trigger.enabled = true (custom)
2022-10-20 01:29:37,876 [f5cc69e3-4def-49b3-97e4-fc35696e58fc@group-74DC051E88E8-FollowerState] INFO  server.RaftServerConfigKeys (ConfUtils.java:logFallback(53)) - raft.server.rpc.first-election.timeout.max = 5200ms (fallback to raft.server.rpc.timeout.max)
2022-10-20 01:29:37,876 [pool-210-thread-1] INFO  server.RaftServerConfigKeys (ConfUtils.java:logGet(46)) - raft.server.snapshot.auto.trigger.threshold = 10000 (custom)
2022-10-20 01:29:37,876 [pool-210-thread-1] INFO  server.RaftServerConfigKeys (ConfUtils.java:logGet(46)) - raft.server.snapshot.retention.file.num = 5 (custom)
2022-10-20 01:29:37,876 [pool-210-thread-1] INFO  server.RaftServerConfigKeys (ConfUtils.java:logGet(46)) - raft.server.log.purge.upto.snapshot.index = false (default)
2022-10-20 01:29:37,877 [Command processor thread] INFO  ratis.XceiverServerRatis (XceiverServerRatis.java:addGroup(765)) - Created group PipelineID=fd52c53e-a8b4-47ae-9280-74dc051e88e8
2022-10-20 01:29:37,890 [grpc-default-executor-0] INFO  server.RaftServer (RaftServerProxy.java:addNew(96)) - 617aebcb-94d5-4f34-9c47-e0c0542c8799: addNew group-74DC051E88E8:[a2b9a5b5-e126-445d-90e8-946fc00ddc43|rpc:10.1.0.77:45297|dataStream:|priority:0|startupRole:FOLLOWER, f5cc69e3-4def-49b3-97e4-fc35696e58fc|rpc:10.1.0.77:36367|dataStream:|priority:0|startupRole:FOLLOWER, 617aebcb-94d5-4f34-9c47-e0c0542c8799|rpc:10.1.0.77:43495|dataStream:|priority:1|startupRole:FOLLOWER] returns group-74DC051E88E8:java.util.concurrent.CompletableFuture@4d7be3f6[Not completed]
2022-10-20 01:29:37,891 [pool-264-thread-1] INFO  server.RaftServer$Division (RaftServerImpl.java:<init>(195)) - 617aebcb-94d5-4f34-9c47-e0c0542c8799: new RaftServerImpl for group-74DC051E88E8:[a2b9a5b5-e126-445d-90e8-946fc00ddc43|rpc:10.1.0.77:45297|dataStream:|priority:0|startupRole:FOLLOWER, f5cc69e3-4def-49b3-97e4-fc35696e58fc|rpc:10.1.0.77:36367|dataStream:|priority:0|startupRole:FOLLOWER, 617aebcb-94d5-4f34-9c47-e0c0542c8799|rpc:10.1.0.77:43495|dataStream:|priority:1|startupRole:FOLLOWER] with ContainerStateMachine:uninitialized
2022-10-20 01:29:37,892 [pool-264-thread-1] INFO  server.RaftServerConfigKeys (ConfUtils.java:logGet(46)) - raft.server.rpc.timeout.min = 5s (custom)
2022-10-20 01:29:37,892 [pool-264-thread-1] INFO  server.RaftServerConfigKeys (ConfUtils.java:logGet(46)) - raft.server.rpc.timeout.max = 5200ms (custom)
2022-10-20 01:29:37,892 [pool-264-thread-1] INFO  server.RaftServerConfigKeys (ConfUtils.java:logGet(46)) - raft.server.rpc.sleep.time = 25ms (default)
2022-10-20 01:29:37,892 [pool-264-thread-1] INFO  server.RaftServerConfigKeys (ConfUtils.java:logGet(46)) - raft.server.rpc.slowness.timeout = 300s (custom)
2022-10-20 01:29:37,892 [pool-264-thread-1] INFO  server.RaftServerConfigKeys (ConfUtils.java:logGet(46)) - raft.server.leaderelection.leader.step-down.wait-time = 10s (default)
2022-10-20 01:29:37,892 [pool-264-thread-1] INFO  server.RaftServerConfigKeys (ConfUtils.java:logGet(46)) - raft.server.sleep.deviation.threshold = 300ms (default)
2022-10-20 01:29:37,892 [pool-264-thread-1] INFO  server.RaftServer$Division (ServerState.java:<init>(118)) - 617aebcb-94d5-4f34-9c47-e0c0542c8799@group-74DC051E88E8: ConfigurationManager, init=-1: peers:[a2b9a5b5-e126-445d-90e8-946fc00ddc43|rpc:10.1.0.77:45297|dataStream:|priority:0|startupRole:FOLLOWER, f5cc69e3-4def-49b3-97e4-fc35696e58fc|rpc:10.1.0.77:36367|dataStream:|priority:0|startupRole:FOLLOWER, 617aebcb-94d5-4f34-9c47-e0c0542c8799|rpc:10.1.0.77:43495|dataStream:|priority:1|startupRole:FOLLOWER]|listeners:[], old=null, confs=<EMPTY_MAP>
2022-10-20 01:29:37,892 [pool-264-thread-1] INFO  server.RaftServerConfigKeys (ConfUtils.java:logGet(46)) - raft.server.storage.dir = [/home/runner/work/ozone/ozone/hadoop-ozone/integration-test/target/test-dir/MiniOzoneClusterImpl-1c2b738d-be74-4a40-b887-8630efe04021/datanode-8/data/ratis] (custom)
2022-10-20 01:29:37,892 [pool-264-thread-1] INFO  server.RaftServerConfigKeys (ConfUtils.java:logGet(46)) - raft.server.log.corruption.policy = EXCEPTION (default)
2022-10-20 01:29:37,892 [pool-264-thread-1] INFO  server.RaftServerConfigKeys (ConfUtils.java:logGet(46)) - raft.server.storage.free-space.min = 0MB (=0) (default)
2022-10-20 01:29:37,892 [pool-264-thread-1] INFO  server.RaftServerConfigKeys (ConfUtils.java:logGet(46)) - raft.server.notification.no-leader.timeout = 300s (custom)
2022-10-20 01:29:37,892 [pool-264-thread-1] INFO  server.RaftServerConfigKeys (ConfUtils.java:logGet(46)) - raft.server.retrycache.expirytime = 600000ms (custom)
2022-10-20 01:29:37,892 [pool-264-thread-1] INFO  server.RaftServerConfigKeys (ConfUtils.java:logGet(46)) - raft.server.retrycache.statistics.expirytime = 100μs (default)
2022-10-20 01:29:37,893 [pool-264-thread-1] INFO  server.RaftServerConfigKeys (ConfUtils.java:logGet(46)) - raft.server.log.appender.install.snapshot.enabled = false (custom)
2022-10-20 01:29:37,893 [pool-264-thread-1] INFO  server.RaftServerConfigKeys (ConfUtils.java:logGet(46)) - raft.server.threadpool.server.cached = true (default)
2022-10-20 01:29:37,893 [pool-264-thread-1] INFO  server.RaftServerConfigKeys (ConfUtils.java:logGet(46)) - raft.server.threadpool.server.size = 0 (default)
2022-10-20 01:29:37,893 [pool-264-thread-1] INFO  server.RaftServerConfigKeys (ConfUtils.java:logGet(46)) - raft.server.threadpool.client.cached = true (default)
2022-10-20 01:29:37,893 [pool-264-thread-1] INFO  server.RaftServerConfigKeys (ConfUtils.java:logGet(46)) - raft.server.threadpool.client.size = 0 (default)
2022-10-20 01:29:37,893 [pool-264-thread-1] INFO  storage.RaftStorageDirectory (RaftStorageDirectoryImpl.java:analyzeStorage(137)) - The storage directory /home/runner/work/ozone/ozone/hadoop-ozone/integration-test/target/test-dir/MiniOzoneClusterImpl-1c2b738d-be74-4a40-b887-8630efe04021/datanode-8/data/ratis/fd52c53e-a8b4-47ae-9280-74dc051e88e8 does not exist. Creating ...
2022-10-20 01:29:37,894 [pool-264-thread-1] INFO  storage.RaftStorageDirectory (RaftStorageDirectoryImpl.java:tryLock(231)) - Lock on /home/runner/work/ozone/ozone/hadoop-ozone/integration-test/target/test-dir/MiniOzoneClusterImpl-1c2b738d-be74-4a40-b887-8630efe04021/datanode-8/data/ratis/fd52c53e-a8b4-47ae-9280-74dc051e88e8/in_use.lock acquired by nodename 55363@fv-az625-379
2022-10-20 01:29:37,895 [pool-264-thread-1] INFO  storage.RaftStorage (RaftStorageImpl.java:format(96)) - Storage directory /home/runner/work/ozone/ozone/hadoop-ozone/integration-test/target/test-dir/MiniOzoneClusterImpl-1c2b738d-be74-4a40-b887-8630efe04021/datanode-8/data/ratis/fd52c53e-a8b4-47ae-9280-74dc051e88e8 has been successfully formatted.
2022-10-20 01:29:37,896 [pool-264-thread-1] INFO  ratis.ContainerStateMachine (ContainerStateMachine.java:loadSnapshot(236)) - group-74DC051E88E8: The snapshot info is null. Setting the last applied indexto:(t:0, i:~)
2022-10-20 01:29:37,896 [pool-264-thread-1] INFO  server.RaftServerConfigKeys (ConfUtils.java:logGet(46)) - raft.server.log.use.memory = false (default)
2022-10-20 01:29:37,896 [pool-264-thread-1] INFO  server.RaftServerConfigKeys (ConfUtils.java:logGet(46)) - raft.server.log.purge.gap = 1000000 (custom)
2022-10-20 01:29:37,896 [pool-264-thread-1] INFO  server.RaftServerConfigKeys (ConfUtils.java:logGet(46)) - raft.server.log.appender.buffer.byte-limit = 33554432 (custom)
2022-10-20 01:29:37,896 [pool-264-thread-1] INFO  server.RaftServerConfigKeys (ConfUtils.java:logGet(46)) - raft.server.log.statemachine.data.read.timeout = 1000ms (default)
2022-10-20 01:29:37,896 [pool-264-thread-1] INFO  server.RaftServerConfigKeys (ConfUtils.java:logGet(46)) - raft.server.log.purge.preservation.log.num = 0 (default)
2022-10-20 01:29:37,896 [pool-264-thread-1] INFO  server.RaftServerConfigKeys (ConfUtils.java:logGet(46)) - raft.server.log.segment.size.max = 1048576 (custom)
2022-10-20 01:29:37,897 [pool-264-thread-1] INFO  server.RaftServerConfigKeys (ConfUtils.java:logGet(46)) - raft.server.log.segment.cache.num.max = 2 (custom)
2022-10-20 01:29:37,897 [pool-264-thread-1] INFO  server.RaftServerConfigKeys (ConfUtils.java:logGet(46)) - raft.server.log.segment.cache.size.max = 200MB (=209715200) (default)
2022-10-20 01:29:37,897 [pool-264-thread-1] INFO  segmented.SegmentedRaftLogWorker (SegmentedRaftLogWorker.java:<init>(191)) - new 617aebcb-94d5-4f34-9c47-e0c0542c8799@group-74DC051E88E8-SegmentedRaftLogWorker for RaftStorageImpl:Storage Directory /home/runner/work/ozone/ozone/hadoop-ozone/integration-test/target/test-dir/MiniOzoneClusterImpl-1c2b738d-be74-4a40-b887-8630efe04021/datanode-8/data/ratis/fd52c53e-a8b4-47ae-9280-74dc051e88e8
2022-10-20 01:29:37,897 [pool-264-thread-1] INFO  server.RaftServerConfigKeys (ConfUtils.java:logGet(46)) - raft.server.log.queue.byte-limit = 4294967296 (custom)
2022-10-20 01:29:37,897 [pool-264-thread-1] INFO  server.RaftServerConfigKeys (ConfUtils.java:logGet(46)) - raft.server.log.queue.element-limit = 1024 (custom)
2022-10-20 01:29:37,897 [pool-264-thread-1] INFO  server.RaftServerConfigKeys (ConfUtils.java:logGet(46)) - raft.server.log.segment.size.max = 1048576 (custom)
2022-10-20 01:29:37,897 [pool-264-thread-1] INFO  server.RaftServerConfigKeys (ConfUtils.java:logGet(46)) - raft.server.log.preallocated.size = 16384 (custom)
2022-10-20 01:29:37,897 [pool-264-thread-1] INFO  server.RaftServerConfigKeys (ConfUtils.java:logGet(46)) - raft.server.log.force.sync.num = 128 (default)
2022-10-20 01:29:37,897 [pool-264-thread-1] INFO  server.RaftServerConfigKeys (ConfUtils.java:logGet(46)) - raft.server.log.statemachine.data.sync = true (default)
2022-10-20 01:29:37,897 [pool-264-thread-1] INFO  server.RaftServerConfigKeys (ConfUtils.java:logGet(46)) - raft.server.log.statemachine.data.sync.timeout = 10s (default)
2022-10-20 01:29:37,897 [pool-264-thread-1] INFO  server.RaftServerConfigKeys (ConfUtils.java:logGet(46)) - raft.server.log.statemachine.data.sync.timeout.retry = -1 (default)
2022-10-20 01:29:37,898 [pool-264-thread-1] INFO  server.RaftServerConfigKeys (ConfUtils.java:logGet(46)) - raft.server.log.write.buffer.size = 1048576 (custom)
2022-10-20 01:29:37,898 [pool-264-thread-1] INFO  server.RaftServerConfigKeys (ConfUtils.java:logGet(46)) - raft.server.log.unsafe-flush.enabled = false (default)
2022-10-20 01:29:37,898 [pool-264-thread-1] INFO  server.RaftServerConfigKeys (ConfUtils.java:logGet(46)) - raft.server.log.async-flush.enabled = false (default)
2022-10-20 01:29:37,898 [pool-264-thread-1] INFO  server.RaftServerConfigKeys (ConfUtils.java:logGet(46)) - raft.server.log.statemachine.data.caching.enabled = true (custom)
2022-10-20 01:29:37,899 [pool-264-thread-1] INFO  segmented.SegmentedRaftLogWorker (SegmentedRaftLogWorker.java:lambda$new$0(136)) - 617aebcb-94d5-4f34-9c47-e0c0542c8799@group-74DC051E88E8-SegmentedRaftLogWorker: flushIndex: setUnconditionally 0 -> -1
2022-10-20 01:29:37,899 [pool-264-thread-1] INFO  segmented.SegmentedRaftLogWorker (SegmentedRaftLogWorker.java:lambda$new$0(136)) - 617aebcb-94d5-4f34-9c47-e0c0542c8799@group-74DC051E88E8-SegmentedRaftLogWorker: safeCacheEvictIndex: setUnconditionally 0 -> -1
2022-10-20 01:29:37,899 [pool-264-thread-1] INFO  server.RaftServer$Division (RaftServerImpl.java:start(334)) - 617aebcb-94d5-4f34-9c47-e0c0542c8799@group-74DC051E88E8: start as a follower, conf=-1: peers:[a2b9a5b5-e126-445d-90e8-946fc00ddc43|rpc:10.1.0.77:45297|dataStream:|priority:0|startupRole:FOLLOWER, f5cc69e3-4def-49b3-97e4-fc35696e58fc|rpc:10.1.0.77:36367|dataStream:|priority:0|startupRole:FOLLOWER, 617aebcb-94d5-4f34-9c47-e0c0542c8799|rpc:10.1.0.77:43495|dataStream:|priority:1|startupRole:FOLLOWER]|listeners:[], old=null
2022-10-20 01:29:37,899 [pool-264-thread-1] INFO  server.RaftServer$Division (RaftServerImpl.java:setRole(321)) - 617aebcb-94d5-4f34-9c47-e0c0542c8799@group-74DC051E88E8: changes role from      null to FOLLOWER at term 0 for startAsFollower
2022-10-20 01:29:37,899 [pool-264-thread-1] INFO  impl.RoleInfo (RoleInfo.java:updateAndGet(139)) - 617aebcb-94d5-4f34-9c47-e0c0542c8799: start 617aebcb-94d5-4f34-9c47-e0c0542c8799@group-74DC051E88E8-FollowerState
2022-10-20 01:29:37,899 [pool-264-thread-1] INFO  util.JmxRegister (JmxRegister.java:tryRegister(44)) - Successfully registered JMX Bean with object name Ratis:service=RaftServer,group=group-74DC051E88E8,id=617aebcb-94d5-4f34-9c47-e0c0542c8799
2022-10-20 01:29:37,899 [pool-264-thread-1] INFO  server.RaftServerConfigKeys (ConfUtils.java:logGet(46)) - raft.server.snapshot.auto.trigger.enabled = true (custom)
2022-10-20 01:29:37,899 [pool-264-thread-1] INFO  server.RaftServerConfigKeys (ConfUtils.java:logGet(46)) - raft.server.snapshot.auto.trigger.threshold = 10000 (custom)
2022-10-20 01:29:37,899 [pool-264-thread-1] INFO  server.RaftServerConfigKeys (ConfUtils.java:logGet(46)) - raft.server.snapshot.retention.file.num = 5 (custom)
2022-10-20 01:29:37,899 [pool-264-thread-1] INFO  server.RaftServerConfigKeys (ConfUtils.java:logGet(46)) - raft.server.log.purge.upto.snapshot.index = false (default)
2022-10-20 01:29:37,900 [617aebcb-94d5-4f34-9c47-e0c0542c8799@group-74DC051E88E8-FollowerState] INFO  server.RaftServerConfigKeys (ConfUtils.java:logFallback(53)) - raft.server.rpc.first-election.timeout.min = 5s (fallback to raft.server.rpc.timeout.min)
2022-10-20 01:29:37,907 [617aebcb-94d5-4f34-9c47-e0c0542c8799@group-74DC051E88E8-FollowerState] INFO  server.RaftServerConfigKeys (ConfUtils.java:logFallback(53)) - raft.server.rpc.first-election.timeout.max = 5200ms (fallback to raft.server.rpc.timeout.max)
2022-10-20 01:29:37,917 [grpc-default-executor-0] INFO  server.RaftServer (RaftServerProxy.java:addNew(96)) - a2b9a5b5-e126-445d-90e8-946fc00ddc43: addNew group-74DC051E88E8:[a2b9a5b5-e126-445d-90e8-946fc00ddc43|rpc:10.1.0.77:45297|dataStream:|priority:0|startupRole:FOLLOWER, f5cc69e3-4def-49b3-97e4-fc35696e58fc|rpc:10.1.0.77:36367|dataStream:|priority:0|startupRole:FOLLOWER, 617aebcb-94d5-4f34-9c47-e0c0542c8799|rpc:10.1.0.77:43495|dataStream:|priority:1|startupRole:FOLLOWER] returns group-74DC051E88E8:java.util.concurrent.CompletableFuture@20843480[Not completed]
2022-10-20 01:29:37,918 [pool-237-thread-1] INFO  server.RaftServer$Division (RaftServerImpl.java:<init>(195)) - a2b9a5b5-e126-445d-90e8-946fc00ddc43: new RaftServerImpl for group-74DC051E88E8:[a2b9a5b5-e126-445d-90e8-946fc00ddc43|rpc:10.1.0.77:45297|dataStream:|priority:0|startupRole:FOLLOWER, f5cc69e3-4def-49b3-97e4-fc35696e58fc|rpc:10.1.0.77:36367|dataStream:|priority:0|startupRole:FOLLOWER, 617aebcb-94d5-4f34-9c47-e0c0542c8799|rpc:10.1.0.77:43495|dataStream:|priority:1|startupRole:FOLLOWER] with ContainerStateMachine:uninitialized
2022-10-20 01:29:37,918 [pool-237-thread-1] INFO  server.RaftServerConfigKeys (ConfUtils.java:logGet(46)) - raft.server.rpc.timeout.min = 5s (custom)
2022-10-20 01:29:37,918 [pool-237-thread-1] INFO  server.RaftServerConfigKeys (ConfUtils.java:logGet(46)) - raft.server.rpc.timeout.max = 5200ms (custom)
2022-10-20 01:29:37,918 [pool-237-thread-1] INFO  server.RaftServerConfigKeys (ConfUtils.java:logGet(46)) - raft.server.rpc.sleep.time = 25ms (default)
2022-10-20 01:29:37,918 [pool-237-thread-1] INFO  server.RaftServerConfigKeys (ConfUtils.java:logGet(46)) - raft.server.rpc.slowness.timeout = 300s (custom)
2022-10-20 01:29:37,918 [pool-237-thread-1] INFO  server.RaftServerConfigKeys (ConfUtils.java:logGet(46)) - raft.server.leaderelection.leader.step-down.wait-time = 10s (default)
2022-10-20 01:29:37,918 [pool-237-thread-1] INFO  server.RaftServerConfigKeys (ConfUtils.java:logGet(46)) - raft.server.sleep.deviation.threshold = 300ms (default)
2022-10-20 01:29:37,918 [pool-237-thread-1] INFO  server.RaftServer$Division (ServerState.java:<init>(118)) - a2b9a5b5-e126-445d-90e8-946fc00ddc43@group-74DC051E88E8: ConfigurationManager, init=-1: peers:[a2b9a5b5-e126-445d-90e8-946fc00ddc43|rpc:10.1.0.77:45297|dataStream:|priority:0|startupRole:FOLLOWER, f5cc69e3-4def-49b3-97e4-fc35696e58fc|rpc:10.1.0.77:36367|dataStream:|priority:0|startupRole:FOLLOWER, 617aebcb-94d5-4f34-9c47-e0c0542c8799|rpc:10.1.0.77:43495|dataStream:|priority:1|startupRole:FOLLOWER]|listeners:[], old=null, confs=<EMPTY_MAP>
2022-10-20 01:29:37,918 [pool-237-thread-1] INFO  server.RaftServerConfigKeys (ConfUtils.java:logGet(46)) - raft.server.storage.dir = [/home/runner/work/ozone/ozone/hadoop-ozone/integration-test/target/test-dir/MiniOzoneClusterImpl-1c2b738d-be74-4a40-b887-8630efe04021/datanode-7/data/ratis] (custom)
2022-10-20 01:29:37,918 [pool-237-thread-1] INFO  server.RaftServerConfigKeys (ConfUtils.java:logGet(46)) - raft.server.log.corruption.policy = EXCEPTION (default)
2022-10-20 01:29:37,918 [pool-237-thread-1] INFO  server.RaftServerConfigKeys (ConfUtils.java:logGet(46)) - raft.server.storage.free-space.min = 0MB (=0) (default)
2022-10-20 01:29:37,918 [pool-237-thread-1] INFO  server.RaftServerConfigKeys (ConfUtils.java:logGet(46)) - raft.server.notification.no-leader.timeout = 300s (custom)
2022-10-20 01:29:37,918 [pool-237-thread-1] INFO  server.RaftServerConfigKeys (ConfUtils.java:logGet(46)) - raft.server.retrycache.expirytime = 600000ms (custom)
2022-10-20 01:29:37,918 [pool-237-thread-1] INFO  server.RaftServerConfigKeys (ConfUtils.java:logGet(46)) - raft.server.retrycache.statistics.expirytime = 100μs (default)
2022-10-20 01:29:37,919 [pool-237-thread-1] INFO  server.RaftServerConfigKeys (ConfUtils.java:logGet(46)) - raft.server.log.appender.install.snapshot.enabled = false (custom)
2022-10-20 01:29:37,919 [pool-237-thread-1] INFO  server.RaftServerConfigKeys (ConfUtils.java:logGet(46)) - raft.server.threadpool.server.cached = true (default)
2022-10-20 01:29:37,919 [pool-237-thread-1] INFO  server.RaftServerConfigKeys (ConfUtils.java:logGet(46)) - raft.server.threadpool.server.size = 0 (default)
2022-10-20 01:29:37,919 [pool-237-thread-1] INFO  server.RaftServerConfigKeys (ConfUtils.java:logGet(46)) - raft.server.threadpool.client.cached = true (default)
2022-10-20 01:29:37,919 [pool-237-thread-1] INFO  server.RaftServerConfigKeys (ConfUtils.java:logGet(46)) - raft.server.threadpool.client.size = 0 (default)
2022-10-20 01:29:37,919 [pool-237-thread-1] INFO  storage.RaftStorageDirectory (RaftStorageDirectoryImpl.java:analyzeStorage(137)) - The storage directory /home/runner/work/ozone/ozone/hadoop-ozone/integration-test/target/test-dir/MiniOzoneClusterImpl-1c2b738d-be74-4a40-b887-8630efe04021/datanode-7/data/ratis/fd52c53e-a8b4-47ae-9280-74dc051e88e8 does not exist. Creating ...
2022-10-20 01:29:37,920 [pool-237-thread-1] INFO  storage.RaftStorageDirectory (RaftStorageDirectoryImpl.java:tryLock(231)) - Lock on /home/runner/work/ozone/ozone/hadoop-ozone/integration-test/target/test-dir/MiniOzoneClusterImpl-1c2b738d-be74-4a40-b887-8630efe04021/datanode-7/data/ratis/fd52c53e-a8b4-47ae-9280-74dc051e88e8/in_use.lock acquired by nodename 55363@fv-az625-379
2022-10-20 01:29:37,921 [pool-237-thread-1] INFO  storage.RaftStorage (RaftStorageImpl.java:format(96)) - Storage directory /home/runner/work/ozone/ozone/hadoop-ozone/integration-test/target/test-dir/MiniOzoneClusterImpl-1c2b738d-be74-4a40-b887-8630efe04021/datanode-7/data/ratis/fd52c53e-a8b4-47ae-9280-74dc051e88e8 has been successfully formatted.
2022-10-20 01:29:37,922 [pool-237-thread-1] INFO  ratis.ContainerStateMachine (ContainerStateMachine.java:loadSnapshot(236)) - group-74DC051E88E8: The snapshot info is null. Setting the last applied indexto:(t:0, i:~)
2022-10-20 01:29:37,922 [pool-237-thread-1] INFO  server.RaftServerConfigKeys (ConfUtils.java:logGet(46)) - raft.server.log.use.memory = false (default)
2022-10-20 01:29:37,922 [pool-237-thread-1] INFO  server.RaftServerConfigKeys (ConfUtils.java:logGet(46)) - raft.server.log.purge.gap = 1000000 (custom)
2022-10-20 01:29:37,922 [pool-237-thread-1] INFO  server.RaftServerConfigKeys (ConfUtils.java:logGet(46)) - raft.server.log.appender.buffer.byte-limit = 33554432 (custom)
2022-10-20 01:29:37,922 [pool-237-thread-1] INFO  server.RaftServerConfigKeys (ConfUtils.java:logGet(46)) - raft.server.log.statemachine.data.read.timeout = 1000ms (default)
2022-10-20 01:29:37,922 [pool-237-thread-1] INFO  server.RaftServerConfigKeys (ConfUtils.java:logGet(46)) - raft.server.log.purge.preservation.log.num = 0 (default)
2022-10-20 01:29:37,922 [pool-237-thread-1] INFO  server.RaftServerConfigKeys (ConfUtils.java:logGet(46)) - raft.server.log.segment.size.max = 1048576 (custom)
2022-10-20 01:29:37,922 [pool-237-thread-1] INFO  server.RaftServerConfigKeys (ConfUtils.java:logGet(46)) - raft.server.log.segment.cache.num.max = 2 (custom)
2022-10-20 01:29:37,923 [pool-237-thread-1] INFO  server.RaftServerConfigKeys (ConfUtils.java:logGet(46)) - raft.server.log.segment.cache.size.max = 200MB (=209715200) (default)
2022-10-20 01:29:37,923 [pool-237-thread-1] INFO  segmented.SegmentedRaftLogWorker (SegmentedRaftLogWorker.java:<init>(191)) - new a2b9a5b5-e126-445d-90e8-946fc00ddc43@group-74DC051E88E8-SegmentedRaftLogWorker for RaftStorageImpl:Storage Directory /home/runner/work/ozone/ozone/hadoop-ozone/integration-test/target/test-dir/MiniOzoneClusterImpl-1c2b738d-be74-4a40-b887-8630efe04021/datanode-7/data/ratis/fd52c53e-a8b4-47ae-9280-74dc051e88e8
2022-10-20 01:29:37,923 [pool-237-thread-1] INFO  server.RaftServerConfigKeys (ConfUtils.java:logGet(46)) - raft.server.log.queue.byte-limit = 4294967296 (custom)
2022-10-20 01:29:37,923 [pool-237-thread-1] INFO  server.RaftServerConfigKeys (ConfUtils.java:logGet(46)) - raft.server.log.queue.element-limit = 1024 (custom)
2022-10-20 01:29:37,923 [pool-237-thread-1] INFO  server.RaftServerConfigKeys (ConfUtils.java:logGet(46)) - raft.server.log.segment.size.max = 1048576 (custom)
2022-10-20 01:29:37,923 [pool-237-thread-1] INFO  server.RaftServerConfigKeys (ConfUtils.java:logGet(46)) - raft.server.log.preallocated.size = 16384 (custom)
2022-10-20 01:29:37,923 [pool-237-thread-1] INFO  server.RaftServerConfigKeys (ConfUtils.java:logGet(46)) - raft.server.log.force.sync.num = 128 (default)
2022-10-20 01:29:37,923 [pool-237-thread-1] INFO  server.RaftServerConfigKeys (ConfUtils.java:logGet(46)) - raft.server.log.statemachine.data.sync = true (default)
2022-10-20 01:29:37,923 [pool-237-thread-1] INFO  server.RaftServerConfigKeys (ConfUtils.java:logGet(46)) - raft.server.log.statemachine.data.sync.timeout = 10s (default)
2022-10-20 01:29:37,923 [pool-237-thread-1] INFO  server.RaftServerConfigKeys (ConfUtils.java:logGet(46)) - raft.server.log.statemachine.data.sync.timeout.retry = -1 (default)
2022-10-20 01:29:37,924 [pool-237-thread-1] INFO  server.RaftServerConfigKeys (ConfUtils.java:logGet(46)) - raft.server.log.write.buffer.size = 1048576 (custom)
2022-10-20 01:29:37,924 [pool-237-thread-1] INFO  server.RaftServerConfigKeys (ConfUtils.java:logGet(46)) - raft.server.log.unsafe-flush.enabled = false (default)
2022-10-20 01:29:37,924 [pool-237-thread-1] INFO  server.RaftServerConfigKeys (ConfUtils.java:logGet(46)) - raft.server.log.async-flush.enabled = false (default)
2022-10-20 01:29:37,924 [pool-237-thread-1] INFO  server.RaftServerConfigKeys (ConfUtils.java:logGet(46)) - raft.server.log.statemachine.data.caching.enabled = true (custom)
2022-10-20 01:29:37,924 [pool-237-thread-1] INFO  segmented.SegmentedRaftLogWorker (SegmentedRaftLogWorker.java:lambda$new$0(136)) - a2b9a5b5-e126-445d-90e8-946fc00ddc43@group-74DC051E88E8-SegmentedRaftLogWorker: flushIndex: setUnconditionally 0 -> -1
2022-10-20 01:29:37,924 [pool-237-thread-1] INFO  segmented.SegmentedRaftLogWorker (SegmentedRaftLogWorker.java:lambda$new$0(136)) - a2b9a5b5-e126-445d-90e8-946fc00ddc43@group-74DC051E88E8-SegmentedRaftLogWorker: safeCacheEvictIndex: setUnconditionally 0 -> -1
2022-10-20 01:29:37,924 [pool-237-thread-1] INFO  server.RaftServer$Division (RaftServerImpl.java:start(334)) - a2b9a5b5-e126-445d-90e8-946fc00ddc43@group-74DC051E88E8: start as a follower, conf=-1: peers:[a2b9a5b5-e126-445d-90e8-946fc00ddc43|rpc:10.1.0.77:45297|dataStream:|priority:0|startupRole:FOLLOWER, f5cc69e3-4def-49b3-97e4-fc35696e58fc|rpc:10.1.0.77:36367|dataStream:|priority:0|startupRole:FOLLOWER, 617aebcb-94d5-4f34-9c47-e0c0542c8799|rpc:10.1.0.77:43495|dataStream:|priority:1|startupRole:FOLLOWER]|listeners:[], old=null
2022-10-20 01:29:37,925 [pool-237-thread-1] INFO  server.RaftServer$Division (RaftServerImpl.java:setRole(321)) - a2b9a5b5-e126-445d-90e8-946fc00ddc43@group-74DC051E88E8: changes role from      null to FOLLOWER at term 0 for startAsFollower
2022-10-20 01:29:37,925 [pool-237-thread-1] INFO  impl.RoleInfo (RoleInfo.java:updateAndGet(139)) - a2b9a5b5-e126-445d-90e8-946fc00ddc43: start a2b9a5b5-e126-445d-90e8-946fc00ddc43@group-74DC051E88E8-FollowerState
2022-10-20 01:29:37,926 [pool-237-thread-1] INFO  util.JmxRegister (JmxRegister.java:tryRegister(44)) - Successfully registered JMX Bean with object name Ratis:service=RaftServer,group=group-74DC051E88E8,id=a2b9a5b5-e126-445d-90e8-946fc00ddc43
2022-10-20 01:29:37,926 [pool-237-thread-1] INFO  server.RaftServerConfigKeys (ConfUtils.java:logGet(46)) - raft.server.snapshot.auto.trigger.enabled = true (custom)
2022-10-20 01:29:37,926 [pool-237-thread-1] INFO  server.RaftServerConfigKeys (ConfUtils.java:logGet(46)) - raft.server.snapshot.auto.trigger.threshold = 10000 (custom)
2022-10-20 01:29:37,926 [pool-237-thread-1] INFO  server.RaftServerConfigKeys (ConfUtils.java:logGet(46)) - raft.server.snapshot.retention.file.num = 5 (custom)
2022-10-20 01:29:37,926 [pool-237-thread-1] INFO  server.RaftServerConfigKeys (ConfUtils.java:logGet(46)) - raft.server.log.purge.upto.snapshot.index = false (default)
2022-10-20 01:29:37,927 [a2b9a5b5-e126-445d-90e8-946fc00ddc43@group-74DC051E88E8-FollowerState] INFO  server.RaftServerConfigKeys (ConfUtils.java:logFallback(53)) - raft.server.rpc.first-election.timeout.min = 5s (fallback to raft.server.rpc.timeout.min)
2022-10-20 01:29:37,930 [a2b9a5b5-e126-445d-90e8-946fc00ddc43@group-74DC051E88E8-FollowerState] INFO  server.RaftServerConfigKeys (ConfUtils.java:logFallback(53)) - raft.server.rpc.first-election.timeout.max = 5200ms (fallback to raft.server.rpc.timeout.max)
2022-10-20 01:29:37,939 [Command processor thread] INFO  commandhandler.CreatePipelineCommandHandler (CreatePipelineCommandHandler.java:handle(113)) - Created Pipeline RATIS THREE PipelineID=fd52c53e-a8b4-47ae-9280-74dc051e88e8.
2022-10-20 01:29:38,015 [Command processor thread] INFO  server.RaftServer (RaftServerProxy.java:addNew(96)) - a2b9a5b5-e126-445d-90e8-946fc00ddc43: addNew group-2A44E0557D51:[a2b9a5b5-e126-445d-90e8-946fc00ddc43|rpc:10.1.0.77:45297|priority:1|startupRole:FOLLOWER] returns group-2A44E0557D51:java.util.concurrent.CompletableFuture@6e005fb1[Not completed]
2022-10-20 01:29:38,016 [pool-237-thread-1] INFO  server.RaftServer$Division (RaftServerImpl.java:<init>(195)) - a2b9a5b5-e126-445d-90e8-946fc00ddc43: new RaftServerImpl for group-2A44E0557D51:[a2b9a5b5-e126-445d-90e8-946fc00ddc43|rpc:10.1.0.77:45297|priority:1|startupRole:FOLLOWER] with ContainerStateMachine:uninitialized
2022-10-20 01:29:38,016 [pool-237-thread-1] INFO  server.RaftServerConfigKeys (ConfUtils.java:logGet(46)) - raft.server.rpc.timeout.min = 5s (custom)
2022-10-20 01:29:38,016 [pool-237-thread-1] INFO  server.RaftServerConfigKeys (ConfUtils.java:logGet(46)) - raft.server.rpc.timeout.max = 5200ms (custom)
2022-10-20 01:29:38,016 [pool-237-thread-1] INFO  server.RaftServerConfigKeys (ConfUtils.java:logGet(46)) - raft.server.rpc.sleep.time = 25ms (default)
2022-10-20 01:29:38,016 [pool-237-thread-1] INFO  server.RaftServerConfigKeys (ConfUtils.java:logGet(46)) - raft.server.rpc.slowness.timeout = 300s (custom)
2022-10-20 01:29:38,016 [pool-237-thread-1] INFO  server.RaftServerConfigKeys (ConfUtils.java:logGet(46)) - raft.server.leaderelection.leader.step-down.wait-time = 10s (default)
2022-10-20 01:29:38,016 [pool-237-thread-1] INFO  server.RaftServerConfigKeys (ConfUtils.java:logGet(46)) - raft.server.sleep.deviation.threshold = 300ms (default)
2022-10-20 01:29:38,016 [pool-237-thread-1] INFO  server.RaftServer$Division (ServerState.java:<init>(118)) - a2b9a5b5-e126-445d-90e8-946fc00ddc43@group-2A44E0557D51: ConfigurationManager, init=-1: peers:[a2b9a5b5-e126-445d-90e8-946fc00ddc43|rpc:10.1.0.77:45297|priority:1|startupRole:FOLLOWER]|listeners:[], old=null, confs=<EMPTY_MAP>
2022-10-20 01:29:38,017 [pool-237-thread-1] INFO  server.RaftServerConfigKeys (ConfUtils.java:logGet(46)) - raft.server.storage.dir = [/home/runner/work/ozone/ozone/hadoop-ozone/integration-test/target/test-dir/MiniOzoneClusterImpl-1c2b738d-be74-4a40-b887-8630efe04021/datanode-7/data/ratis] (custom)
2022-10-20 01:29:38,017 [pool-237-thread-1] INFO  server.RaftServerConfigKeys (ConfUtils.java:logGet(46)) - raft.server.log.corruption.policy = EXCEPTION (default)
2022-10-20 01:29:38,017 [pool-237-thread-1] INFO  server.RaftServerConfigKeys (ConfUtils.java:logGet(46)) - raft.server.storage.free-space.min = 0MB (=0) (default)
2022-10-20 01:29:38,017 [pool-237-thread-1] INFO  server.RaftServerConfigKeys (ConfUtils.java:logGet(46)) - raft.server.notification.no-leader.timeout = 300s (custom)
2022-10-20 01:29:38,017 [pool-237-thread-1] INFO  server.RaftServerConfigKeys (ConfUtils.java:logGet(46)) - raft.server.retrycache.expirytime = 600000ms (custom)
2022-10-20 01:29:38,017 [pool-237-thread-1] INFO  server.RaftServerConfigKeys (ConfUtils.java:logGet(46)) - raft.server.retrycache.statistics.expirytime = 100μs (default)
2022-10-20 01:29:38,018 [pool-237-thread-1] INFO  server.RaftServerConfigKeys (ConfUtils.java:logGet(46)) - raft.server.log.appender.install.snapshot.enabled = false (custom)
2022-10-20 01:29:38,018 [pool-237-thread-1] INFO  server.RaftServerConfigKeys (ConfUtils.java:logGet(46)) - raft.server.threadpool.server.cached = true (default)
2022-10-20 01:29:38,018 [pool-237-thread-1] INFO  server.RaftServerConfigKeys (ConfUtils.java:logGet(46)) - raft.server.threadpool.server.size = 0 (default)
2022-10-20 01:29:38,018 [pool-237-thread-1] INFO  server.RaftServerConfigKeys (ConfUtils.java:logGet(46)) - raft.server.threadpool.client.cached = true (default)
2022-10-20 01:29:38,018 [pool-237-thread-1] INFO  server.RaftServerConfigKeys (ConfUtils.java:logGet(46)) - raft.server.threadpool.client.size = 0 (default)
2022-10-20 01:29:38,018 [pool-237-thread-1] INFO  storage.RaftStorageDirectory (RaftStorageDirectoryImpl.java:analyzeStorage(137)) - The storage directory /home/runner/work/ozone/ozone/hadoop-ozone/integration-test/target/test-dir/MiniOzoneClusterImpl-1c2b738d-be74-4a40-b887-8630efe04021/datanode-7/data/ratis/fac93cf4-26dc-48b5-bde9-2a44e0557d51 does not exist. Creating ...
2022-10-20 01:29:38,019 [pool-237-thread-1] INFO  storage.RaftStorageDirectory (RaftStorageDirectoryImpl.java:tryLock(231)) - Lock on /home/runner/work/ozone/ozone/hadoop-ozone/integration-test/target/test-dir/MiniOzoneClusterImpl-1c2b738d-be74-4a40-b887-8630efe04021/datanode-7/data/ratis/fac93cf4-26dc-48b5-bde9-2a44e0557d51/in_use.lock acquired by nodename 55363@fv-az625-379
2022-10-20 01:29:38,020 [pool-237-thread-1] INFO  storage.RaftStorage (RaftStorageImpl.java:format(96)) - Storage directory /home/runner/work/ozone/ozone/hadoop-ozone/integration-test/target/test-dir/MiniOzoneClusterImpl-1c2b738d-be74-4a40-b887-8630efe04021/datanode-7/data/ratis/fac93cf4-26dc-48b5-bde9-2a44e0557d51 has been successfully formatted.
2022-10-20 01:29:38,020 [pool-237-thread-1] INFO  ratis.ContainerStateMachine (ContainerStateMachine.java:loadSnapshot(236)) - group-2A44E0557D51: The snapshot info is null. Setting the last applied indexto:(t:0, i:~)
2022-10-20 01:29:38,020 [pool-237-thread-1] INFO  server.RaftServerConfigKeys (ConfUtils.java:logGet(46)) - raft.server.log.use.memory = false (default)
2022-10-20 01:29:38,020 [pool-237-thread-1] INFO  server.RaftServerConfigKeys (ConfUtils.java:logGet(46)) - raft.server.log.purge.gap = 1000000 (custom)
2022-10-20 01:29:38,020 [pool-237-thread-1] INFO  server.RaftServerConfigKeys (ConfUtils.java:logGet(46)) - raft.server.log.appender.buffer.byte-limit = 33554432 (custom)
2022-10-20 01:29:38,020 [pool-237-thread-1] INFO  server.RaftServerConfigKeys (ConfUtils.java:logGet(46)) - raft.server.log.statemachine.data.read.timeout = 1000ms (default)
2022-10-20 01:29:38,020 [pool-237-thread-1] INFO  server.RaftServerConfigKeys (ConfUtils.java:logGet(46)) - raft.server.log.purge.preservation.log.num = 0 (default)
2022-10-20 01:29:38,020 [pool-237-thread-1] INFO  server.RaftServerConfigKeys (ConfUtils.java:logGet(46)) - raft.server.log.segment.size.max = 1048576 (custom)
2022-10-20 01:29:38,021 [EventQueue-PipelineReportForPipelineReportHandler] INFO  pipeline.PipelineManagerImpl (PipelineManagerImpl.java:openPipeline(367)) - Pipeline Pipeline[ Id: fac93cf4-26dc-48b5-bde9-2a44e0557d51, Nodes: a2b9a5b5-e126-445d-90e8-946fc00ddc43{ip: 10.1.0.77, host: fv-az625-379.nkjb25ot11ku3fnowzullr2doh.gx.internal.cloudapp.net, ports: [REPLICATION=42747, RATIS=45297, RATIS_ADMIN=45297, RATIS_SERVER=45297, STANDALONE=46421], networkLocation: /default-rack, certSerialId: null, persistedOpState: IN_SERVICE, persistedOpStateExpiryEpochSec: 0}, ReplicationConfig: RATIS/ONE, State:ALLOCATED, leaderId:a2b9a5b5-e126-445d-90e8-946fc00ddc43, CreationTimestamp2022-10-20T01:29:35.022Z[Etc/UTC]] moved to OPEN state
2022-10-20 01:29:38,022 [EventQueue-OpenPipelineForHealthyPipelineSafeModeRule] INFO  safemode.SCMSafeModeManager (HealthyPipelineSafeModeRule.java:process(137)) - SCM in safe mode. Healthy pipelines reported count is 0, required healthy pipeline reported count is 1
2022-10-20 01:29:38,022 [pool-237-thread-1] INFO  server.RaftServerConfigKeys (ConfUtils.java:logGet(46)) - raft.server.log.segment.cache.num.max = 2 (custom)
2022-10-20 01:29:38,024 [pool-237-thread-1] INFO  server.RaftServerConfigKeys (ConfUtils.java:logGet(46)) - raft.server.log.segment.cache.size.max = 200MB (=209715200) (default)
2022-10-20 01:29:38,024 [pool-237-thread-1] INFO  segmented.SegmentedRaftLogWorker (SegmentedRaftLogWorker.java:<init>(191)) - new a2b9a5b5-e126-445d-90e8-946fc00ddc43@group-2A44E0557D51-SegmentedRaftLogWorker for RaftStorageImpl:Storage Directory /home/runner/work/ozone/ozone/hadoop-ozone/integration-test/target/test-dir/MiniOzoneClusterImpl-1c2b738d-be74-4a40-b887-8630efe04021/datanode-7/data/ratis/fac93cf4-26dc-48b5-bde9-2a44e0557d51
2022-10-20 01:29:38,024 [pool-237-thread-1] INFO  server.RaftServerConfigKeys (ConfUtils.java:logGet(46)) - raft.server.log.queue.byte-limit = 4294967296 (custom)
2022-10-20 01:29:38,024 [pool-237-thread-1] INFO  server.RaftServerConfigKeys (ConfUtils.java:logGet(46)) - raft.server.log.queue.element-limit = 1024 (custom)
2022-10-20 01:29:38,024 [pool-237-thread-1] INFO  server.RaftServerConfigKeys (ConfUtils.java:logGet(46)) - raft.server.log.segment.size.max = 1048576 (custom)
2022-10-20 01:29:38,024 [pool-237-thread-1] INFO  server.RaftServerConfigKeys (ConfUtils.java:logGet(46)) - raft.server.log.preallocated.size = 16384 (custom)
2022-10-20 01:29:38,024 [pool-237-thread-1] INFO  server.RaftServerConfigKeys (ConfUtils.java:logGet(46)) - raft.server.log.force.sync.num = 128 (default)
2022-10-20 01:29:38,024 [pool-237-thread-1] INFO  server.RaftServerConfigKeys (ConfUtils.java:logGet(46)) - raft.server.log.statemachine.data.sync = true (default)
2022-10-20 01:29:38,024 [pool-237-thread-1] INFO  server.RaftServerConfigKeys (ConfUtils.java:logGet(46)) - raft.server.log.statemachine.data.sync.timeout = 10s (default)
2022-10-20 01:29:38,024 [pool-237-thread-1] INFO  server.RaftServerConfigKeys (ConfUtils.java:logGet(46)) - raft.server.log.statemachine.data.sync.timeout.retry = -1 (default)
2022-10-20 01:29:38,025 [pool-237-thread-1] INFO  server.RaftServerConfigKeys (ConfUtils.java:logGet(46)) - raft.server.log.write.buffer.size = 1048576 (custom)
2022-10-20 01:29:38,025 [pool-237-thread-1] INFO  server.RaftServerConfigKeys (ConfUtils.java:logGet(46)) - raft.server.log.unsafe-flush.enabled = false (default)
2022-10-20 01:29:38,025 [pool-237-thread-1] INFO  server.RaftServerConfigKeys (ConfUtils.java:logGet(46)) - raft.server.log.async-flush.enabled = false (default)
2022-10-20 01:29:38,026 [pool-237-thread-1] INFO  server.RaftServerConfigKeys (ConfUtils.java:logGet(46)) - raft.server.log.statemachine.data.caching.enabled = true (custom)
2022-10-20 01:29:38,026 [pool-237-thread-1] INFO  segmented.SegmentedRaftLogWorker (SegmentedRaftLogWorker.java:lambda$new$0(136)) - a2b9a5b5-e126-445d-90e8-946fc00ddc43@group-2A44E0557D51-SegmentedRaftLogWorker: flushIndex: setUnconditionally 0 -> -1
2022-10-20 01:29:38,026 [pool-237-thread-1] INFO  segmented.SegmentedRaftLogWorker (SegmentedRaftLogWorker.java:lambda$new$0(136)) - a2b9a5b5-e126-445d-90e8-946fc00ddc43@group-2A44E0557D51-SegmentedRaftLogWorker: safeCacheEvictIndex: setUnconditionally 0 -> -1
2022-10-20 01:29:38,026 [pool-237-thread-1] INFO  server.RaftServer$Division (RaftServerImpl.java:start(334)) - a2b9a5b5-e126-445d-90e8-946fc00ddc43@group-2A44E0557D51: start as a follower, conf=-1: peers:[a2b9a5b5-e126-445d-90e8-946fc00ddc43|rpc:10.1.0.77:45297|priority:1|startupRole:FOLLOWER]|listeners:[], old=null
2022-10-20 01:29:38,026 [pool-237-thread-1] INFO  server.RaftServer$Division (RaftServerImpl.java:setRole(321)) - a2b9a5b5-e126-445d-90e8-946fc00ddc43@group-2A44E0557D51: changes role from      null to FOLLOWER at term 0 for startAsFollower
2022-10-20 01:29:38,026 [pool-237-thread-1] INFO  impl.RoleInfo (RoleInfo.java:updateAndGet(139)) - a2b9a5b5-e126-445d-90e8-946fc00ddc43: start a2b9a5b5-e126-445d-90e8-946fc00ddc43@group-2A44E0557D51-FollowerState
2022-10-20 01:29:38,026 [a2b9a5b5-e126-445d-90e8-946fc00ddc43@group-2A44E0557D51-FollowerState] INFO  server.RaftServerConfigKeys (ConfUtils.java:logFallback(53)) - raft.server.rpc.first-election.timeout.min = 5s (fallback to raft.server.rpc.timeout.min)
2022-10-20 01:29:38,026 [a2b9a5b5-e126-445d-90e8-946fc00ddc43@group-2A44E0557D51-FollowerState] INFO  server.RaftServerConfigKeys (ConfUtils.java:logFallback(53)) - raft.server.rpc.first-election.timeout.max = 5200ms (fallback to raft.server.rpc.timeout.max)
2022-10-20 01:29:38,026 [pool-237-thread-1] INFO  util.JmxRegister (JmxRegister.java:tryRegister(44)) - Successfully registered JMX Bean with object name Ratis:service=RaftServer,group=group-2A44E0557D51,id=a2b9a5b5-e126-445d-90e8-946fc00ddc43
2022-10-20 01:29:38,027 [pool-237-thread-1] INFO  server.RaftServerConfigKeys (ConfUtils.java:logGet(46)) - raft.server.snapshot.auto.trigger.enabled = true (custom)
2022-10-20 01:29:38,027 [pool-237-thread-1] INFO  server.RaftServerConfigKeys (ConfUtils.java:logGet(46)) - raft.server.snapshot.auto.trigger.threshold = 10000 (custom)
2022-10-20 01:29:38,027 [pool-237-thread-1] INFO  server.RaftServerConfigKeys (ConfUtils.java:logGet(46)) - raft.server.snapshot.retention.file.num = 5 (custom)
2022-10-20 01:29:38,027 [pool-237-thread-1] INFO  server.RaftServerConfigKeys (ConfUtils.java:logGet(46)) - raft.server.log.purge.upto.snapshot.index = false (default)
2022-10-20 01:29:38,027 [Command processor thread] INFO  ratis.XceiverServerRatis (XceiverServerRatis.java:addGroup(765)) - Created group PipelineID=fac93cf4-26dc-48b5-bde9-2a44e0557d51
2022-10-20 01:29:38,027 [Command processor thread] INFO  commandhandler.CreatePipelineCommandHandler (CreatePipelineCommandHandler.java:handle(113)) - Created Pipeline RATIS ONE PipelineID=fac93cf4-26dc-48b5-bde9-2a44e0557d51.
2022-10-20 01:29:38,366 [Command processor thread] INFO  server.RaftServer (RaftServerProxy.java:addNew(96)) - 617aebcb-94d5-4f34-9c47-e0c0542c8799: addNew group-C3D786A4CB55:[617aebcb-94d5-4f34-9c47-e0c0542c8799|rpc:10.1.0.77:43495|priority:1|startupRole:FOLLOWER] returns group-C3D786A4CB55:java.util.concurrent.CompletableFuture@212c88f[Not completed]
2022-10-20 01:29:38,367 [pool-264-thread-1] INFO  server.RaftServer$Division (RaftServerImpl.java:<init>(195)) - 617aebcb-94d5-4f34-9c47-e0c0542c8799: new RaftServerImpl for group-C3D786A4CB55:[617aebcb-94d5-4f34-9c47-e0c0542c8799|rpc:10.1.0.77:43495|priority:1|startupRole:FOLLOWER] with ContainerStateMachine:uninitialized
2022-10-20 01:29:38,367 [pool-264-thread-1] INFO  server.RaftServerConfigKeys (ConfUtils.java:logGet(46)) - raft.server.rpc.timeout.min = 5s (custom)
2022-10-20 01:29:38,367 [pool-264-thread-1] INFO  server.RaftServerConfigKeys (ConfUtils.java:logGet(46)) - raft.server.rpc.timeout.max = 5200ms (custom)
2022-10-20 01:29:38,367 [pool-264-thread-1] INFO  server.RaftServerConfigKeys (ConfUtils.java:logGet(46)) - raft.server.rpc.sleep.time = 25ms (default)
2022-10-20 01:29:38,367 [pool-264-thread-1] INFO  server.RaftServerConfigKeys (ConfUtils.java:logGet(46)) - raft.server.rpc.slowness.timeout = 300s (custom)
2022-10-20 01:29:38,367 [pool-264-thread-1] INFO  server.RaftServerConfigKeys (ConfUtils.java:logGet(46)) - raft.server.leaderelection.leader.step-down.wait-time = 10s (default)
2022-10-20 01:29:38,367 [pool-264-thread-1] INFO  server.RaftServerConfigKeys (ConfUtils.java:logGet(46)) - raft.server.sleep.deviation.threshold = 300ms (default)
2022-10-20 01:29:38,367 [pool-264-thread-1] INFO  server.RaftServer$Division (ServerState.java:<init>(118)) - 617aebcb-94d5-4f34-9c47-e0c0542c8799@group-C3D786A4CB55: ConfigurationManager, init=-1: peers:[617aebcb-94d5-4f34-9c47-e0c0542c8799|rpc:10.1.0.77:43495|priority:1|startupRole:FOLLOWER]|listeners:[], old=null, confs=<EMPTY_MAP>
2022-10-20 01:29:38,367 [pool-264-thread-1] INFO  server.RaftServerConfigKeys (ConfUtils.java:logGet(46)) - raft.server.storage.dir = [/home/runner/work/ozone/ozone/hadoop-ozone/integration-test/target/test-dir/MiniOzoneClusterImpl-1c2b738d-be74-4a40-b887-8630efe04021/datanode-8/data/ratis] (custom)
2022-10-20 01:29:38,367 [pool-264-thread-1] INFO  server.RaftServerConfigKeys (ConfUtils.java:logGet(46)) - raft.server.log.corruption.policy = EXCEPTION (default)
2022-10-20 01:29:38,367 [pool-264-thread-1] INFO  server.RaftServerConfigKeys (ConfUtils.java:logGet(46)) - raft.server.storage.free-space.min = 0MB (=0) (default)
2022-10-20 01:29:38,368 [pool-264-thread-1] INFO  server.RaftServerConfigKeys (ConfUtils.java:logGet(46)) - raft.server.notification.no-leader.timeout = 300s (custom)
2022-10-20 01:29:38,368 [pool-264-thread-1] INFO  server.RaftServerConfigKeys (ConfUtils.java:logGet(46)) - raft.server.retrycache.expirytime = 600000ms (custom)
2022-10-20 01:29:38,368 [pool-264-thread-1] INFO  server.RaftServerConfigKeys (ConfUtils.java:logGet(46)) - raft.server.retrycache.statistics.expirytime = 100μs (default)
2022-10-20 01:29:38,368 [pool-264-thread-1] INFO  server.RaftServerConfigKeys (ConfUtils.java:logGet(46)) - raft.server.log.appender.install.snapshot.enabled = false (custom)
2022-10-20 01:29:38,369 [pool-264-thread-1] INFO  server.RaftServerConfigKeys (ConfUtils.java:logGet(46)) - raft.server.threadpool.server.cached = true (default)
2022-10-20 01:29:38,369 [pool-264-thread-1] INFO  server.RaftServerConfigKeys (ConfUtils.java:logGet(46)) - raft.server.threadpool.server.size = 0 (default)
2022-10-20 01:29:38,369 [pool-264-thread-1] INFO  server.RaftServerConfigKeys (ConfUtils.java:logGet(46)) - raft.server.threadpool.client.cached = true (default)
2022-10-20 01:29:38,369 [pool-264-thread-1] INFO  server.RaftServerConfigKeys (ConfUtils.java:logGet(46)) - raft.server.threadpool.client.size = 0 (default)
2022-10-20 01:29:38,369 [pool-264-thread-1] INFO  storage.RaftStorageDirectory (RaftStorageDirectoryImpl.java:analyzeStorage(137)) - The storage directory /home/runner/work/ozone/ozone/hadoop-ozone/integration-test/target/test-dir/MiniOzoneClusterImpl-1c2b738d-be74-4a40-b887-8630efe04021/datanode-8/data/ratis/ff6a48ea-12fe-4b05-9898-c3d786a4cb55 does not exist. Creating ...
2022-10-20 01:29:38,370 [pool-264-thread-1] INFO  storage.RaftStorageDirectory (RaftStorageDirectoryImpl.java:tryLock(231)) - Lock on /home/runner/work/ozone/ozone/hadoop-ozone/integration-test/target/test-dir/MiniOzoneClusterImpl-1c2b738d-be74-4a40-b887-8630efe04021/datanode-8/data/ratis/ff6a48ea-12fe-4b05-9898-c3d786a4cb55/in_use.lock acquired by nodename 55363@fv-az625-379
2022-10-20 01:29:38,371 [pool-264-thread-1] INFO  storage.RaftStorage (RaftStorageImpl.java:format(96)) - Storage directory /home/runner/work/ozone/ozone/hadoop-ozone/integration-test/target/test-dir/MiniOzoneClusterImpl-1c2b738d-be74-4a40-b887-8630efe04021/datanode-8/data/ratis/ff6a48ea-12fe-4b05-9898-c3d786a4cb55 has been successfully formatted.
2022-10-20 01:29:38,371 [pool-264-thread-1] INFO  ratis.ContainerStateMachine (ContainerStateMachine.java:loadSnapshot(236)) - group-C3D786A4CB55: The snapshot info is null. Setting the last applied indexto:(t:0, i:~)
2022-10-20 01:29:38,371 [pool-264-thread-1] INFO  server.RaftServerConfigKeys (ConfUtils.java:logGet(46)) - raft.server.log.use.memory = false (default)
2022-10-20 01:29:38,371 [pool-264-thread-1] INFO  server.RaftServerConfigKeys (ConfUtils.java:logGet(46)) - raft.server.log.purge.gap = 1000000 (custom)
2022-10-20 01:29:38,371 [pool-264-thread-1] INFO  server.RaftServerConfigKeys (ConfUtils.java:logGet(46)) - raft.server.log.appender.buffer.byte-limit = 33554432 (custom)
2022-10-20 01:29:38,371 [pool-264-thread-1] INFO  server.RaftServerConfigKeys (ConfUtils.java:logGet(46)) - raft.server.log.statemachine.data.read.timeout = 1000ms (default)
2022-10-20 01:29:38,371 [pool-264-thread-1] INFO  server.RaftServerConfigKeys (ConfUtils.java:logGet(46)) - raft.server.log.purge.preservation.log.num = 0 (default)
2022-10-20 01:29:38,371 [pool-264-thread-1] INFO  server.RaftServerConfigKeys (ConfUtils.java:logGet(46)) - raft.server.log.segment.size.max = 1048576 (custom)
2022-10-20 01:29:38,372 [pool-264-thread-1] INFO  server.RaftServerConfigKeys (ConfUtils.java:logGet(46)) - raft.server.log.segment.cache.num.max = 2 (custom)
2022-10-20 01:29:38,372 [EventQueue-PipelineReportForPipelineReportHandler] INFO  pipeline.PipelineManagerImpl (PipelineManagerImpl.java:openPipeline(367)) - Pipeline Pipeline[ Id: ff6a48ea-12fe-4b05-9898-c3d786a4cb55, Nodes: 617aebcb-94d5-4f34-9c47-e0c0542c8799{ip: 10.1.0.77, host: fv-az625-379.nkjb25ot11ku3fnowzullr2doh.gx.internal.cloudapp.net, ports: [REPLICATION=37059, RATIS=43495, RATIS_ADMIN=43495, RATIS_SERVER=43495, STANDALONE=33559], networkLocation: /default-rack, certSerialId: null, persistedOpState: IN_SERVICE, persistedOpStateExpiryEpochSec: 0}, ReplicationConfig: RATIS/ONE, State:ALLOCATED, leaderId:617aebcb-94d5-4f34-9c47-e0c0542c8799, CreationTimestamp2022-10-20T01:29:35.370Z[Etc/UTC]] moved to OPEN state
2022-10-20 01:29:38,373 [EventQueue-OpenPipelineForHealthyPipelineSafeModeRule] INFO  safemode.SCMSafeModeManager (HealthyPipelineSafeModeRule.java:process(137)) - SCM in safe mode. Healthy pipelines reported count is 0, required healthy pipeline reported count is 1
2022-10-20 01:29:38,373 [pool-264-thread-1] INFO  server.RaftServerConfigKeys (ConfUtils.java:logGet(46)) - raft.server.log.segment.cache.size.max = 200MB (=209715200) (default)
2022-10-20 01:29:38,373 [pool-264-thread-1] INFO  segmented.SegmentedRaftLogWorker (SegmentedRaftLogWorker.java:<init>(191)) - new 617aebcb-94d5-4f34-9c47-e0c0542c8799@group-C3D786A4CB55-SegmentedRaftLogWorker for RaftStorageImpl:Storage Directory /home/runner/work/ozone/ozone/hadoop-ozone/integration-test/target/test-dir/MiniOzoneClusterImpl-1c2b738d-be74-4a40-b887-8630efe04021/datanode-8/data/ratis/ff6a48ea-12fe-4b05-9898-c3d786a4cb55
2022-10-20 01:29:38,373 [pool-264-thread-1] INFO  server.RaftServerConfigKeys (ConfUtils.java:logGet(46)) - raft.server.log.queue.byte-limit = 4294967296 (custom)
2022-10-20 01:29:38,373 [pool-264-thread-1] INFO  server.RaftServerConfigKeys (ConfUtils.java:logGet(46)) - raft.server.log.queue.element-limit = 1024 (custom)
2022-10-20 01:29:38,373 [pool-264-thread-1] INFO  server.RaftServerConfigKeys (ConfUtils.java:logGet(46)) - raft.server.log.segment.size.max = 1048576 (custom)
2022-10-20 01:29:38,373 [pool-264-thread-1] INFO  server.RaftServerConfigKeys (ConfUtils.java:logGet(46)) - raft.server.log.preallocated.size = 16384 (custom)
2022-10-20 01:29:38,374 [pool-264-thread-1] INFO  server.RaftServerConfigKeys (ConfUtils.java:logGet(46)) - raft.server.log.force.sync.num = 128 (default)
2022-10-20 01:29:38,374 [pool-264-thread-1] INFO  server.RaftServerConfigKeys (ConfUtils.java:logGet(46)) - raft.server.log.statemachine.data.sync = true (default)
2022-10-20 01:29:38,374 [pool-264-thread-1] INFO  server.RaftServerConfigKeys (ConfUtils.java:logGet(46)) - raft.server.log.statemachine.data.sync.timeout = 10s (default)
2022-10-20 01:29:38,374 [pool-264-thread-1] INFO  server.RaftServerConfigKeys (ConfUtils.java:logGet(46)) - raft.server.log.statemachine.data.sync.timeout.retry = -1 (default)
2022-10-20 01:29:38,374 [pool-264-thread-1] INFO  server.RaftServerConfigKeys (ConfUtils.java:logGet(46)) - raft.server.log.write.buffer.size = 1048576 (custom)
2022-10-20 01:29:38,375 [pool-264-thread-1] INFO  server.RaftServerConfigKeys (ConfUtils.java:logGet(46)) - raft.server.log.unsafe-flush.enabled = false (default)
2022-10-20 01:29:38,375 [pool-264-thread-1] INFO  server.RaftServerConfigKeys (ConfUtils.java:logGet(46)) - raft.server.log.async-flush.enabled = false (default)
2022-10-20 01:29:38,375 [pool-264-thread-1] INFO  server.RaftServerConfigKeys (ConfUtils.java:logGet(46)) - raft.server.log.statemachine.data.caching.enabled = true (custom)
2022-10-20 01:29:38,375 [pool-264-thread-1] INFO  segmented.SegmentedRaftLogWorker (SegmentedRaftLogWorker.java:lambda$new$0(136)) - 617aebcb-94d5-4f34-9c47-e0c0542c8799@group-C3D786A4CB55-SegmentedRaftLogWorker: flushIndex: setUnconditionally 0 -> -1
2022-10-20 01:29:38,375 [pool-264-thread-1] INFO  segmented.SegmentedRaftLogWorker (SegmentedRaftLogWorker.java:lambda$new$0(136)) - 617aebcb-94d5-4f34-9c47-e0c0542c8799@group-C3D786A4CB55-SegmentedRaftLogWorker: safeCacheEvictIndex: setUnconditionally 0 -> -1
2022-10-20 01:29:38,376 [pool-264-thread-1] INFO  server.RaftServer$Division (RaftServerImpl.java:start(334)) - 617aebcb-94d5-4f34-9c47-e0c0542c8799@group-C3D786A4CB55: start as a follower, conf=-1: peers:[617aebcb-94d5-4f34-9c47-e0c0542c8799|rpc:10.1.0.77:43495|priority:1|startupRole:FOLLOWER]|listeners:[], old=null
2022-10-20 01:29:38,376 [pool-264-thread-1] INFO  server.RaftServer$Division (RaftServerImpl.java:setRole(321)) - 617aebcb-94d5-4f34-9c47-e0c0542c8799@group-C3D786A4CB55: changes role from      null to FOLLOWER at term 0 for startAsFollower
2022-10-20 01:29:38,376 [pool-264-thread-1] INFO  impl.RoleInfo (RoleInfo.java:updateAndGet(139)) - 617aebcb-94d5-4f34-9c47-e0c0542c8799: start 617aebcb-94d5-4f34-9c47-e0c0542c8799@group-C3D786A4CB55-FollowerState
2022-10-20 01:29:38,376 [pool-264-thread-1] INFO  util.JmxRegister (JmxRegister.java:tryRegister(44)) - Successfully registered JMX Bean with object name Ratis:service=RaftServer,group=group-C3D786A4CB55,id=617aebcb-94d5-4f34-9c47-e0c0542c8799
2022-10-20 01:29:38,376 [pool-264-thread-1] INFO  server.RaftServerConfigKeys (ConfUtils.java:logGet(46)) - raft.server.snapshot.auto.trigger.enabled = true (custom)
2022-10-20 01:29:38,376 [pool-264-thread-1] INFO  server.RaftServerConfigKeys (ConfUtils.java:logGet(46)) - raft.server.snapshot.auto.trigger.threshold = 10000 (custom)
2022-10-20 01:29:38,376 [pool-264-thread-1] INFO  server.RaftServerConfigKeys (ConfUtils.java:logGet(46)) - raft.server.snapshot.retention.file.num = 5 (custom)
2022-10-20 01:29:38,376 [pool-264-thread-1] INFO  server.RaftServerConfigKeys (ConfUtils.java:logGet(46)) - raft.server.log.purge.upto.snapshot.index = false (default)
2022-10-20 01:29:38,377 [617aebcb-94d5-4f34-9c47-e0c0542c8799@group-C3D786A4CB55-FollowerState] INFO  server.RaftServerConfigKeys (ConfUtils.java:logFallback(53)) - raft.server.rpc.first-election.timeout.min = 5s (fallback to raft.server.rpc.timeout.min)
2022-10-20 01:29:38,377 [617aebcb-94d5-4f34-9c47-e0c0542c8799@group-C3D786A4CB55-FollowerState] INFO  server.RaftServerConfigKeys (ConfUtils.java:logFallback(53)) - raft.server.rpc.first-election.timeout.max = 5200ms (fallback to raft.server.rpc.timeout.max)
2022-10-20 01:29:38,377 [Command processor thread] INFO  ratis.XceiverServerRatis (XceiverServerRatis.java:addGroup(765)) - Created group PipelineID=ff6a48ea-12fe-4b05-9898-c3d786a4cb55
2022-10-20 01:29:38,377 [Command processor thread] INFO  commandhandler.CreatePipelineCommandHandler (CreatePipelineCommandHandler.java:handle(113)) - Created Pipeline RATIS ONE PipelineID=ff6a48ea-12fe-4b05-9898-c3d786a4cb55.
2022-10-20 01:29:38,722 [Listener at 127.0.0.1/41123] INFO  ozone.MiniOzoneClusterImpl (MiniOzoneClusterImpl.java:lambda$waitForClusterToBeReady$0(216)) - Nodes are ready. Got 10 of 10 DN Heartbeats.
2022-10-20 01:29:38,722 [Listener at 127.0.0.1/41123] INFO  ozone.MiniOzoneClusterImpl (MiniOzoneClusterImpl.java:lambda$waitForClusterToBeReady$0(219)) - Waiting for cluster to exit safe mode
2022-10-20 01:29:38,722 [Listener at 127.0.0.1/41123] INFO  ozone.MiniOzoneClusterImpl (MiniOzoneClusterImpl.java:lambda$waitForClusterToBeReady$0(221)) - SCM became leader
2022-10-20 01:29:38,734 [Command processor thread] INFO  server.RaftServer (RaftServerProxy.java:addNew(96)) - 068f63d0-ab19-47e7-872c-e50edf74daa4: addNew group-450AFE3689FC:[068f63d0-ab19-47e7-872c-e50edf74daa4|rpc:10.1.0.77:35259|priority:1|startupRole:FOLLOWER] returns group-450AFE3689FC:java.util.concurrent.CompletableFuture@633dd141[Not completed]
2022-10-20 01:29:38,735 [pool-291-thread-1] INFO  server.RaftServer$Division (RaftServerImpl.java:<init>(195)) - 068f63d0-ab19-47e7-872c-e50edf74daa4: new RaftServerImpl for group-450AFE3689FC:[068f63d0-ab19-47e7-872c-e50edf74daa4|rpc:10.1.0.77:35259|priority:1|startupRole:FOLLOWER] with ContainerStateMachine:uninitialized
2022-10-20 01:29:38,735 [pool-291-thread-1] INFO  server.RaftServerConfigKeys (ConfUtils.java:logGet(46)) - raft.server.rpc.timeout.min = 5s (custom)
2022-10-20 01:29:38,735 [pool-291-thread-1] INFO  server.RaftServerConfigKeys (ConfUtils.java:logGet(46)) - raft.server.rpc.timeout.max = 5200ms (custom)
2022-10-20 01:29:38,735 [pool-291-thread-1] INFO  server.RaftServerConfigKeys (ConfUtils.java:logGet(46)) - raft.server.rpc.sleep.time = 25ms (default)
2022-10-20 01:29:38,735 [pool-291-thread-1] INFO  server.RaftServerConfigKeys (ConfUtils.java:logGet(46)) - raft.server.rpc.slowness.timeout = 300s (custom)
2022-10-20 01:29:38,735 [pool-291-thread-1] INFO  server.RaftServerConfigKeys (ConfUtils.java:logGet(46)) - raft.server.leaderelection.leader.step-down.wait-time = 10s (default)
2022-10-20 01:29:38,735 [pool-291-thread-1] INFO  server.RaftServerConfigKeys (ConfUtils.java:logGet(46)) - raft.server.sleep.deviation.threshold = 300ms (default)
2022-10-20 01:29:38,735 [pool-291-thread-1] INFO  server.RaftServer$Division (ServerState.java:<init>(118)) - 068f63d0-ab19-47e7-872c-e50edf74daa4@group-450AFE3689FC: ConfigurationManager, init=-1: peers:[068f63d0-ab19-47e7-872c-e50edf74daa4|rpc:10.1.0.77:35259|priority:1|startupRole:FOLLOWER]|listeners:[], old=null, confs=<EMPTY_MAP>
2022-10-20 01:29:38,735 [pool-291-thread-1] INFO  server.RaftServerConfigKeys (ConfUtils.java:logGet(46)) - raft.server.storage.dir = [/home/runner/work/ozone/ozone/hadoop-ozone/integration-test/target/test-dir/MiniOzoneClusterImpl-1c2b738d-be74-4a40-b887-8630efe04021/datanode-9/data/ratis] (custom)
2022-10-20 01:29:38,736 [pool-291-thread-1] INFO  server.RaftServerConfigKeys (ConfUtils.java:logGet(46)) - raft.server.log.corruption.policy = EXCEPTION (default)
2022-10-20 01:29:38,736 [pool-291-thread-1] INFO  server.RaftServerConfigKeys (ConfUtils.java:logGet(46)) - raft.server.storage.free-space.min = 0MB (=0) (default)
2022-10-20 01:29:38,736 [pool-291-thread-1] INFO  server.RaftServerConfigKeys (ConfUtils.java:logGet(46)) - raft.server.notification.no-leader.timeout = 300s (custom)
2022-10-20 01:29:38,736 [pool-291-thread-1] INFO  server.RaftServerConfigKeys (ConfUtils.java:logGet(46)) - raft.server.retrycache.expirytime = 600000ms (custom)
2022-10-20 01:29:38,736 [pool-291-thread-1] INFO  server.RaftServerConfigKeys (ConfUtils.java:logGet(46)) - raft.server.retrycache.statistics.expirytime = 100μs (default)
2022-10-20 01:29:38,737 [pool-291-thread-1] INFO  server.RaftServerConfigKeys (ConfUtils.java:logGet(46)) - raft.server.log.appender.install.snapshot.enabled = false (custom)
2022-10-20 01:29:38,738 [pool-291-thread-1] INFO  server.RaftServerConfigKeys (ConfUtils.java:logGet(46)) - raft.server.threadpool.server.cached = true (default)
2022-10-20 01:29:38,738 [pool-291-thread-1] INFO  server.RaftServerConfigKeys (ConfUtils.java:logGet(46)) - raft.server.threadpool.server.size = 0 (default)
2022-10-20 01:29:38,738 [pool-291-thread-1] INFO  server.RaftServerConfigKeys (ConfUtils.java:logGet(46)) - raft.server.threadpool.client.cached = true (default)
2022-10-20 01:29:38,738 [pool-291-thread-1] INFO  server.RaftServerConfigKeys (ConfUtils.java:logGet(46)) - raft.server.threadpool.client.size = 0 (default)
2022-10-20 01:29:38,738 [pool-291-thread-1] INFO  storage.RaftStorageDirectory (RaftStorageDirectoryImpl.java:analyzeStorage(137)) - The storage directory /home/runner/work/ozone/ozone/hadoop-ozone/integration-test/target/test-dir/MiniOzoneClusterImpl-1c2b738d-be74-4a40-b887-8630efe04021/datanode-9/data/ratis/6531d8c6-d931-4381-853b-450afe3689fc does not exist. Creating ...
2022-10-20 01:29:38,739 [pool-291-thread-1] INFO  storage.RaftStorageDirectory (RaftStorageDirectoryImpl.java:tryLock(231)) - Lock on /home/runner/work/ozone/ozone/hadoop-ozone/integration-test/target/test-dir/MiniOzoneClusterImpl-1c2b738d-be74-4a40-b887-8630efe04021/datanode-9/data/ratis/6531d8c6-d931-4381-853b-450afe3689fc/in_use.lock acquired by nodename 55363@fv-az625-379
2022-10-20 01:29:38,740 [pool-291-thread-1] INFO  storage.RaftStorage (RaftStorageImpl.java:format(96)) - Storage directory /home/runner/work/ozone/ozone/hadoop-ozone/integration-test/target/test-dir/MiniOzoneClusterImpl-1c2b738d-be74-4a40-b887-8630efe04021/datanode-9/data/ratis/6531d8c6-d931-4381-853b-450afe3689fc has been successfully formatted.
2022-10-20 01:29:38,741 [pool-291-thread-1] INFO  ratis.ContainerStateMachine (ContainerStateMachine.java:loadSnapshot(236)) - group-450AFE3689FC: The snapshot info is null. Setting the last applied indexto:(t:0, i:~)
2022-10-20 01:29:38,741 [pool-291-thread-1] INFO  server.RaftServerConfigKeys (ConfUtils.java:logGet(46)) - raft.server.log.use.memory = false (default)
2022-10-20 01:29:38,741 [pool-291-thread-1] INFO  server.RaftServerConfigKeys (ConfUtils.java:logGet(46)) - raft.server.log.purge.gap = 1000000 (custom)
2022-10-20 01:29:38,741 [pool-291-thread-1] INFO  server.RaftServerConfigKeys (ConfUtils.java:logGet(46)) - raft.server.log.appender.buffer.byte-limit = 33554432 (custom)
2022-10-20 01:29:38,742 [EventQueue-PipelineReportForPipelineReportHandler] INFO  pipeline.PipelineManagerImpl (PipelineManagerImpl.java:openPipeline(367)) - Pipeline Pipeline[ Id: 6531d8c6-d931-4381-853b-450afe3689fc, Nodes: 068f63d0-ab19-47e7-872c-e50edf74daa4{ip: 10.1.0.77, host: fv-az625-379.nkjb25ot11ku3fnowzullr2doh.gx.internal.cloudapp.net, ports: [REPLICATION=40041, RATIS=35259, RATIS_ADMIN=35259, RATIS_SERVER=35259, STANDALONE=34267], networkLocation: /default-rack, certSerialId: null, persistedOpState: IN_SERVICE, persistedOpStateExpiryEpochSec: 0}, ReplicationConfig: RATIS/ONE, State:ALLOCATED, leaderId:068f63d0-ab19-47e7-872c-e50edf74daa4, CreationTimestamp2022-10-20T01:29:35.739Z[Etc/UTC]] moved to OPEN state
2022-10-20 01:29:38,742 [EventQueue-OpenPipelineForHealthyPipelineSafeModeRule] INFO  safemode.SCMSafeModeManager (HealthyPipelineSafeModeRule.java:process(137)) - SCM in safe mode. Healthy pipelines reported count is 0, required healthy pipeline reported count is 1
2022-10-20 01:29:38,744 [pool-291-thread-1] INFO  server.RaftServerConfigKeys (ConfUtils.java:logGet(46)) - raft.server.log.statemachine.data.read.timeout = 1000ms (default)
2022-10-20 01:29:38,744 [pool-291-thread-1] INFO  server.RaftServerConfigKeys (ConfUtils.java:logGet(46)) - raft.server.log.purge.preservation.log.num = 0 (default)
2022-10-20 01:29:38,744 [pool-291-thread-1] INFO  server.RaftServerConfigKeys (ConfUtils.java:logGet(46)) - raft.server.log.segment.size.max = 1048576 (custom)
2022-10-20 01:29:38,744 [pool-291-thread-1] INFO  server.RaftServerConfigKeys (ConfUtils.java:logGet(46)) - raft.server.log.segment.cache.num.max = 2 (custom)
2022-10-20 01:29:38,744 [pool-291-thread-1] INFO  server.RaftServerConfigKeys (ConfUtils.java:logGet(46)) - raft.server.log.segment.cache.size.max = 200MB (=209715200) (default)
2022-10-20 01:29:38,744 [pool-291-thread-1] INFO  segmented.SegmentedRaftLogWorker (SegmentedRaftLogWorker.java:<init>(191)) - new 068f63d0-ab19-47e7-872c-e50edf74daa4@group-450AFE3689FC-SegmentedRaftLogWorker for RaftStorageImpl:Storage Directory /home/runner/work/ozone/ozone/hadoop-ozone/integration-test/target/test-dir/MiniOzoneClusterImpl-1c2b738d-be74-4a40-b887-8630efe04021/datanode-9/data/ratis/6531d8c6-d931-4381-853b-450afe3689fc
2022-10-20 01:29:38,744 [pool-291-thread-1] INFO  server.RaftServerConfigKeys (ConfUtils.java:logGet(46)) - raft.server.log.queue.byte-limit = 4294967296 (custom)
2022-10-20 01:29:38,744 [pool-291-thread-1] INFO  server.RaftServerConfigKeys (ConfUtils.java:logGet(46)) - raft.server.log.queue.element-limit = 1024 (custom)
2022-10-20 01:29:38,745 [pool-291-thread-1] INFO  server.RaftServerConfigKeys (ConfUtils.java:logGet(46)) - raft.server.log.segment.size.max = 1048576 (custom)
2022-10-20 01:29:38,745 [pool-291-thread-1] INFO  server.RaftServerConfigKeys (ConfUtils.java:logGet(46)) - raft.server.log.preallocated.size = 16384 (custom)
2022-10-20 01:29:38,745 [pool-291-thread-1] INFO  server.RaftServerConfigKeys (ConfUtils.java:logGet(46)) - raft.server.log.force.sync.num = 128 (default)
2022-10-20 01:29:38,745 [pool-291-thread-1] INFO  server.RaftServerConfigKeys (ConfUtils.java:logGet(46)) - raft.server.log.statemachine.data.sync = true (default)
2022-10-20 01:29:38,745 [pool-291-thread-1] INFO  server.RaftServerConfigKeys (ConfUtils.java:logGet(46)) - raft.server.log.statemachine.data.sync.timeout = 10s (default)
2022-10-20 01:29:38,745 [pool-291-thread-1] INFO  server.RaftServerConfigKeys (ConfUtils.java:logGet(46)) - raft.server.log.statemachine.data.sync.timeout.retry = -1 (default)
2022-10-20 01:29:38,747 [pool-291-thread-1] INFO  server.RaftServerConfigKeys (ConfUtils.java:logGet(46)) - raft.server.log.write.buffer.size = 1048576 (custom)
2022-10-20 01:29:38,747 [pool-291-thread-1] INFO  server.RaftServerConfigKeys (ConfUtils.java:logGet(46)) - raft.server.log.unsafe-flush.enabled = false (default)
2022-10-20 01:29:38,747 [pool-291-thread-1] INFO  server.RaftServerConfigKeys (ConfUtils.java:logGet(46)) - raft.server.log.async-flush.enabled = false (default)
2022-10-20 01:29:38,747 [pool-291-thread-1] INFO  server.RaftServerConfigKeys (ConfUtils.java:logGet(46)) - raft.server.log.statemachine.data.caching.enabled = true (custom)
2022-10-20 01:29:38,747 [pool-291-thread-1] INFO  segmented.SegmentedRaftLogWorker (SegmentedRaftLogWorker.java:lambda$new$0(136)) - 068f63d0-ab19-47e7-872c-e50edf74daa4@group-450AFE3689FC-SegmentedRaftLogWorker: flushIndex: setUnconditionally 0 -> -1
2022-10-20 01:29:38,747 [pool-291-thread-1] INFO  segmented.SegmentedRaftLogWorker (SegmentedRaftLogWorker.java:lambda$new$0(136)) - 068f63d0-ab19-47e7-872c-e50edf74daa4@group-450AFE3689FC-SegmentedRaftLogWorker: safeCacheEvictIndex: setUnconditionally 0 -> -1
2022-10-20 01:29:38,749 [pool-291-thread-1] INFO  server.RaftServer$Division (RaftServerImpl.java:start(334)) - 068f63d0-ab19-47e7-872c-e50edf74daa4@group-450AFE3689FC: start as a follower, conf=-1: peers:[068f63d0-ab19-47e7-872c-e50edf74daa4|rpc:10.1.0.77:35259|priority:1|startupRole:FOLLOWER]|listeners:[], old=null
2022-10-20 01:29:38,749 [pool-291-thread-1] INFO  server.RaftServer$Division (RaftServerImpl.java:setRole(321)) - 068f63d0-ab19-47e7-872c-e50edf74daa4@group-450AFE3689FC: changes role from      null to FOLLOWER at term 0 for startAsFollower
2022-10-20 01:29:38,749 [pool-291-thread-1] INFO  impl.RoleInfo (RoleInfo.java:updateAndGet(139)) - 068f63d0-ab19-47e7-872c-e50edf74daa4: start 068f63d0-ab19-47e7-872c-e50edf74daa4@group-450AFE3689FC-FollowerState
2022-10-20 01:29:38,749 [pool-291-thread-1] INFO  util.JmxRegister (JmxRegister.java:tryRegister(44)) - Successfully registered JMX Bean with object name Ratis:service=RaftServer,group=group-450AFE3689FC,id=068f63d0-ab19-47e7-872c-e50edf74daa4
2022-10-20 01:29:38,749 [pool-291-thread-1] INFO  server.RaftServerConfigKeys (ConfUtils.java:logGet(46)) - raft.server.snapshot.auto.trigger.enabled = true (custom)
2022-10-20 01:29:38,749 [pool-291-thread-1] INFO  server.RaftServerConfigKeys (ConfUtils.java:logGet(46)) - raft.server.snapshot.auto.trigger.threshold = 10000 (custom)
2022-10-20 01:29:38,750 [pool-291-thread-1] INFO  server.RaftServerConfigKeys (ConfUtils.java:logGet(46)) - raft.server.snapshot.retention.file.num = 5 (custom)
2022-10-20 01:29:38,750 [pool-291-thread-1] INFO  server.RaftServerConfigKeys (ConfUtils.java:logGet(46)) - raft.server.log.purge.upto.snapshot.index = false (default)
2022-10-20 01:29:38,750 [068f63d0-ab19-47e7-872c-e50edf74daa4@group-450AFE3689FC-FollowerState] INFO  server.RaftServerConfigKeys (ConfUtils.java:logFallback(53)) - raft.server.rpc.first-election.timeout.min = 5s (fallback to raft.server.rpc.timeout.min)
2022-10-20 01:29:38,750 [068f63d0-ab19-47e7-872c-e50edf74daa4@group-450AFE3689FC-FollowerState] INFO  server.RaftServerConfigKeys (ConfUtils.java:logFallback(53)) - raft.server.rpc.first-election.timeout.max = 5200ms (fallback to raft.server.rpc.timeout.max)
2022-10-20 01:29:38,750 [Command processor thread] INFO  ratis.XceiverServerRatis (XceiverServerRatis.java:addGroup(765)) - Created group PipelineID=6531d8c6-d931-4381-853b-450afe3689fc
2022-10-20 01:29:38,750 [Command processor thread] INFO  commandhandler.CreatePipelineCommandHandler (CreatePipelineCommandHandler.java:handle(113)) - Created Pipeline RATIS ONE PipelineID=6531d8c6-d931-4381-853b-450afe3689fc.
2022-10-20 01:29:39,722 [Listener at 127.0.0.1/41123] INFO  ozone.MiniOzoneClusterImpl (MiniOzoneClusterImpl.java:lambda$waitForClusterToBeReady$0(216)) - Nodes are ready. Got 10 of 10 DN Heartbeats.
2022-10-20 01:29:39,722 [Listener at 127.0.0.1/41123] INFO  ozone.MiniOzoneClusterImpl (MiniOzoneClusterImpl.java:lambda$waitForClusterToBeReady$0(219)) - Waiting for cluster to exit safe mode
2022-10-20 01:29:39,722 [Listener at 127.0.0.1/41123] INFO  ozone.MiniOzoneClusterImpl (MiniOzoneClusterImpl.java:lambda$waitForClusterToBeReady$0(221)) - SCM became leader
2022-10-20 01:29:40,698 [5133b65f-dd1c-47c0-816b-09498efa4e03@group-D7293B15BB3D-FollowerState] INFO  impl.FollowerState (FollowerState.java:run(143)) - 5133b65f-dd1c-47c0-816b-09498efa4e03@group-D7293B15BB3D-FollowerState: change to CANDIDATE, lastRpcElapsedTime:5142290912ns, electionTimeout:5124ms
2022-10-20 01:29:40,698 [5133b65f-dd1c-47c0-816b-09498efa4e03@group-D7293B15BB3D-FollowerState] INFO  impl.RoleInfo (RoleInfo.java:shutdownFollowerState(110)) - 5133b65f-dd1c-47c0-816b-09498efa4e03: shutdown 5133b65f-dd1c-47c0-816b-09498efa4e03@group-D7293B15BB3D-FollowerState
2022-10-20 01:29:40,698 [5133b65f-dd1c-47c0-816b-09498efa4e03@group-D7293B15BB3D-FollowerState] INFO  server.RaftServer$Division (RaftServerImpl.java:setRole(321)) - 5133b65f-dd1c-47c0-816b-09498efa4e03@group-D7293B15BB3D: changes role from  FOLLOWER to CANDIDATE at term 0 for changeToCandidate
2022-10-20 01:29:40,699 [5133b65f-dd1c-47c0-816b-09498efa4e03@group-D7293B15BB3D-FollowerState] INFO  server.RaftServerConfigKeys (ConfUtils.java:logGet(46)) - raft.server.leaderelection.pre-vote = false (custom)
2022-10-20 01:29:40,699 [5133b65f-dd1c-47c0-816b-09498efa4e03@group-D7293B15BB3D-FollowerState] INFO  impl.RoleInfo (RoleInfo.java:updateAndGet(139)) - 5133b65f-dd1c-47c0-816b-09498efa4e03: start 5133b65f-dd1c-47c0-816b-09498efa4e03@group-D7293B15BB3D-LeaderElection2
2022-10-20 01:29:40,702 [5133b65f-dd1c-47c0-816b-09498efa4e03@group-D7293B15BB3D-LeaderElection2] INFO  impl.LeaderElection (LeaderElection.java:askForVotes(312)) - 5133b65f-dd1c-47c0-816b-09498efa4e03@group-D7293B15BB3D-LeaderElection2 ELECTION round 0: submit vote requests at term 1 for -1: peers:[5133b65f-dd1c-47c0-816b-09498efa4e03|rpc:10.1.0.77:43535|priority:1|startupRole:FOLLOWER]|listeners:[], old=null
2022-10-20 01:29:40,702 [5133b65f-dd1c-47c0-816b-09498efa4e03@group-D7293B15BB3D-LeaderElection2] INFO  impl.LeaderElection (LeaderElection.java:askForVotes(314)) - 5133b65f-dd1c-47c0-816b-09498efa4e03@group-D7293B15BB3D-LeaderElection2 ELECTION round 0: result PASSED (term=1)
2022-10-20 01:29:40,702 [5133b65f-dd1c-47c0-816b-09498efa4e03@group-D7293B15BB3D-LeaderElection2] INFO  impl.RoleInfo (RoleInfo.java:shutdownLeaderElection(130)) - 5133b65f-dd1c-47c0-816b-09498efa4e03: shutdown 5133b65f-dd1c-47c0-816b-09498efa4e03@group-D7293B15BB3D-LeaderElection2
2022-10-20 01:29:40,702 [5133b65f-dd1c-47c0-816b-09498efa4e03@group-D7293B15BB3D-LeaderElection2] INFO  server.RaftServer$Division (RaftServerImpl.java:setRole(321)) - 5133b65f-dd1c-47c0-816b-09498efa4e03@group-D7293B15BB3D: changes role from CANDIDATE to LEADER at term 1 for changeToLeader
2022-10-20 01:29:40,702 [5133b65f-dd1c-47c0-816b-09498efa4e03@group-D7293B15BB3D-LeaderElection2] INFO  ratis.XceiverServerRatis (XceiverServerRatis.java:handleLeaderChangedNotification(863)) - Leader change notification received for group: group-D7293B15BB3D with new leaderId: 5133b65f-dd1c-47c0-816b-09498efa4e03
2022-10-20 01:29:40,702 [5133b65f-dd1c-47c0-816b-09498efa4e03@group-D7293B15BB3D-LeaderElection2] INFO  server.RaftServer$Division (ServerState.java:setLeader(313)) - 5133b65f-dd1c-47c0-816b-09498efa4e03@group-D7293B15BB3D: change Leader from null to 5133b65f-dd1c-47c0-816b-09498efa4e03 at term 1 for becomeLeader, leader elected after 5171ms
2022-10-20 01:29:40,703 [5133b65f-dd1c-47c0-816b-09498efa4e03@group-D7293B15BB3D-LeaderElection2] INFO  server.RaftServerConfigKeys (ConfUtils.java:logGet(46)) - raft.server.staging.catchup.gap = 1000 (default)
2022-10-20 01:29:40,703 [5133b65f-dd1c-47c0-816b-09498efa4e03@group-D7293B15BB3D-LeaderElection2] INFO  server.RaftServerConfigKeys (ConfUtils.java:logGet(46)) - raft.server.write.element-limit = 1024 (custom)
2022-10-20 01:29:40,703 [5133b65f-dd1c-47c0-816b-09498efa4e03@group-D7293B15BB3D-LeaderElection2] INFO  server.RaftServerConfigKeys (ConfUtils.java:logGet(46)) - raft.server.write.byte-limit = 1024 M (=1073741824) (custom)
2022-10-20 01:29:40,703 [5133b65f-dd1c-47c0-816b-09498efa4e03@group-D7293B15BB3D-LeaderElection2] INFO  server.RaftServerConfigKeys (ConfUtils.java:logGet(46)) - raft.server.watch.timeout = 180s (custom)
2022-10-20 01:29:40,703 [5133b65f-dd1c-47c0-816b-09498efa4e03@group-D7293B15BB3D-LeaderElection2] INFO  server.RaftServerConfigKeys (ConfUtils.java:logGet(46)) - raft.server.watch.timeout.denomination = 1s (default)
2022-10-20 01:29:40,703 [5133b65f-dd1c-47c0-816b-09498efa4e03@group-D7293B15BB3D-LeaderElection2] INFO  server.RaftServerConfigKeys (ConfUtils.java:logGet(46)) - raft.server.watch.element-limit = 65536 (default)
2022-10-20 01:29:40,703 [5133b65f-dd1c-47c0-816b-09498efa4e03@group-D7293B15BB3D-LeaderElection2] INFO  server.RaftServerConfigKeys (ConfUtils.java:logGet(46)) - raft.server.write.element-limit = 1024 (custom)
2022-10-20 01:29:40,703 [5133b65f-dd1c-47c0-816b-09498efa4e03@group-D7293B15BB3D-LeaderElection2] INFO  server.RaftServerConfigKeys (ConfUtils.java:logGet(46)) - raft.server.write.follower.gap.ratio.max = -1.0 (default)
2022-10-20 01:29:40,703 [5133b65f-dd1c-47c0-816b-09498efa4e03@group-D7293B15BB3D-LeaderElection2] INFO  impl.RoleInfo (RoleInfo.java:updateAndGet(139)) - 5133b65f-dd1c-47c0-816b-09498efa4e03: start 5133b65f-dd1c-47c0-816b-09498efa4e03@group-D7293B15BB3D-LeaderStateImpl
2022-10-20 01:29:40,704 [5133b65f-dd1c-47c0-816b-09498efa4e03@group-D7293B15BB3D-LeaderElection2] INFO  segmented.SegmentedRaftLogWorker (SegmentedRaftLogWorker.java:startLogSegment(452)) - 5133b65f-dd1c-47c0-816b-09498efa4e03@group-D7293B15BB3D-SegmentedRaftLogWorker: Starting segment from index:0
2022-10-20 01:29:40,705 [EventQueue-OpenPipelineForHealthyPipelineSafeModeRule] INFO  safemode.SCMSafeModeManager (HealthyPipelineSafeModeRule.java:process(137)) - SCM in safe mode. Healthy pipelines reported count is 0, required healthy pipeline reported count is 1
2022-10-20 01:29:40,707 [5133b65f-dd1c-47c0-816b-09498efa4e03@group-D7293B15BB3D-SegmentedRaftLogWorker] INFO  segmented.SegmentedRaftLogWorker (SegmentedRaftLogWorker.java:execute(656)) - 5133b65f-dd1c-47c0-816b-09498efa4e03@group-D7293B15BB3D-SegmentedRaftLogWorker: created new log segment /home/runner/work/ozone/ozone/hadoop-ozone/integration-test/target/test-dir/MiniOzoneClusterImpl-1c2b738d-be74-4a40-b887-8630efe04021/datanode-0/data/ratis/a70ab2fc-d3cf-4a18-928c-d7293b15bb3d/current/log_inprogress_0
2022-10-20 01:29:40,709 [5133b65f-dd1c-47c0-816b-09498efa4e03@group-D7293B15BB3D-LeaderElection2] INFO  server.RaftServer$Division (ServerState.java:setRaftConf(430)) - 5133b65f-dd1c-47c0-816b-09498efa4e03@group-D7293B15BB3D: set configuration 0: peers:[5133b65f-dd1c-47c0-816b-09498efa4e03|rpc:10.1.0.77:43535|dataStream:|priority:1|startupRole:FOLLOWER]|listeners:[], old=null
2022-10-20 01:29:40,723 [Listener at 127.0.0.1/41123] INFO  ozone.MiniOzoneClusterImpl (MiniOzoneClusterImpl.java:lambda$waitForClusterToBeReady$0(216)) - Nodes are ready. Got 10 of 10 DN Heartbeats.
2022-10-20 01:29:40,723 [Listener at 127.0.0.1/41123] INFO  ozone.MiniOzoneClusterImpl (MiniOzoneClusterImpl.java:lambda$waitForClusterToBeReady$0(219)) - Waiting for cluster to exit safe mode
2022-10-20 01:29:40,723 [Listener at 127.0.0.1/41123] INFO  ozone.MiniOzoneClusterImpl (MiniOzoneClusterImpl.java:lambda$waitForClusterToBeReady$0(221)) - SCM became leader
2022-10-20 01:29:40,758 [5133b65f-dd1c-47c0-816b-09498efa4e03@group-D78ED3C809E8-FollowerState] INFO  impl.FollowerState (FollowerState.java:run(143)) - 5133b65f-dd1c-47c0-816b-09498efa4e03@group-D78ED3C809E8-FollowerState: change to CANDIDATE, lastRpcElapsedTime:5153770430ns, electionTimeout:5149ms
2022-10-20 01:29:40,759 [5133b65f-dd1c-47c0-816b-09498efa4e03@group-D78ED3C809E8-FollowerState] INFO  impl.RoleInfo (RoleInfo.java:shutdownFollowerState(110)) - 5133b65f-dd1c-47c0-816b-09498efa4e03: shutdown 5133b65f-dd1c-47c0-816b-09498efa4e03@group-D78ED3C809E8-FollowerState
2022-10-20 01:29:40,759 [5133b65f-dd1c-47c0-816b-09498efa4e03@group-D78ED3C809E8-FollowerState] INFO  server.RaftServer$Division (RaftServerImpl.java:setRole(321)) - 5133b65f-dd1c-47c0-816b-09498efa4e03@group-D78ED3C809E8: changes role from  FOLLOWER to CANDIDATE at term 0 for changeToCandidate
2022-10-20 01:29:40,760 [5133b65f-dd1c-47c0-816b-09498efa4e03@group-D78ED3C809E8-FollowerState] INFO  server.RaftServerConfigKeys (ConfUtils.java:logGet(46)) - raft.server.leaderelection.pre-vote = false (custom)
2022-10-20 01:29:40,760 [5133b65f-dd1c-47c0-816b-09498efa4e03@group-D78ED3C809E8-FollowerState] INFO  impl.RoleInfo (RoleInfo.java:updateAndGet(139)) - 5133b65f-dd1c-47c0-816b-09498efa4e03: start 5133b65f-dd1c-47c0-816b-09498efa4e03@group-D78ED3C809E8-LeaderElection3
2022-10-20 01:29:40,764 [5133b65f-dd1c-47c0-816b-09498efa4e03@group-D78ED3C809E8-LeaderElection3] INFO  impl.LeaderElection (LeaderElection.java:askForVotes(312)) - 5133b65f-dd1c-47c0-816b-09498efa4e03@group-D78ED3C809E8-LeaderElection3 ELECTION round 0: submit vote requests at term 1 for -1: peers:[2f412ea8-0081-4ad7-b64d-031dd4a9d4b2|rpc:10.1.0.77:43519|priority:1|startupRole:FOLLOWER, 4eb19ff5-df5c-423c-bb98-7a77d12fda0f|rpc:10.1.0.77:39269|priority:0|startupRole:FOLLOWER, 5133b65f-dd1c-47c0-816b-09498efa4e03|rpc:10.1.0.77:43535|priority:0|startupRole:FOLLOWER]|listeners:[], old=null
2022-10-20 01:29:40,769 [5133b65f-dd1c-47c0-816b-09498efa4e03@group-D78ED3C809E8-LeaderElection3] INFO  server.RaftServerConfigKeys (ConfUtils.java:logFallback(53)) - raft.server.rpc.first-election.timeout.min = 5s (fallback to raft.server.rpc.timeout.min)
2022-10-20 01:29:40,769 [5133b65f-dd1c-47c0-816b-09498efa4e03@group-D78ED3C809E8-LeaderElection3] INFO  server.RaftServerConfigKeys (ConfUtils.java:logFallback(53)) - raft.server.rpc.first-election.timeout.max = 5200ms (fallback to raft.server.rpc.timeout.max)
2022-10-20 01:29:40,769 [5133b65f-dd1c-47c0-816b-09498efa4e03@group-D78ED3C809E8-LeaderElection3-1] INFO  server.GrpcServerProtocolClient (GrpcServerProtocolClient.java:<init>(63)) - Build channel for 2f412ea8-0081-4ad7-b64d-031dd4a9d4b2
2022-10-20 01:29:40,770 [5133b65f-dd1c-47c0-816b-09498efa4e03@group-D78ED3C809E8-LeaderElection3-2] INFO  server.GrpcServerProtocolClient (GrpcServerProtocolClient.java:<init>(63)) - Build channel for 4eb19ff5-df5c-423c-bb98-7a77d12fda0f
2022-10-20 01:29:40,791 [grpc-default-executor-0] INFO  server.RaftServer$Division (RaftServerImpl.java:requestVote(1218)) - 4eb19ff5-df5c-423c-bb98-7a77d12fda0f@group-D78ED3C809E8: receive requestVote(ELECTION, 5133b65f-dd1c-47c0-816b-09498efa4e03, group-D78ED3C809E8, 1, (t:0, i:0))
2022-10-20 01:29:40,793 [grpc-default-executor-0] INFO  impl.VoteContext (VoteContext.java:log(48)) - 4eb19ff5-df5c-423c-bb98-7a77d12fda0f@group-D78ED3C809E8-FOLLOWER: accept ELECTION from 5133b65f-dd1c-47c0-816b-09498efa4e03: our priority 0 <= candidate's priority 0
2022-10-20 01:29:40,793 [grpc-default-executor-0] INFO  server.RaftServer$Division (RaftServerImpl.java:setRole(321)) - 4eb19ff5-df5c-423c-bb98-7a77d12fda0f@group-D78ED3C809E8: changes role from  FOLLOWER to FOLLOWER at term 1 for candidate:5133b65f-dd1c-47c0-816b-09498efa4e03
2022-10-20 01:29:40,793 [grpc-default-executor-0] INFO  impl.RoleInfo (RoleInfo.java:shutdownFollowerState(110)) - 4eb19ff5-df5c-423c-bb98-7a77d12fda0f: shutdown 4eb19ff5-df5c-423c-bb98-7a77d12fda0f@group-D78ED3C809E8-FollowerState
2022-10-20 01:29:40,793 [4eb19ff5-df5c-423c-bb98-7a77d12fda0f@group-D78ED3C809E8-FollowerState] INFO  impl.FollowerState (FollowerState.java:run(152)) - 4eb19ff5-df5c-423c-bb98-7a77d12fda0f@group-D78ED3C809E8-FollowerState was interrupted
2022-10-20 01:29:40,794 [grpc-default-executor-0] INFO  impl.RoleInfo (RoleInfo.java:updateAndGet(139)) - 4eb19ff5-df5c-423c-bb98-7a77d12fda0f: start 4eb19ff5-df5c-423c-bb98-7a77d12fda0f@group-D78ED3C809E8-FollowerState
2022-10-20 01:29:40,799 [grpc-default-executor-1] INFO  server.RaftServer$Division (RaftServerImpl.java:requestVote(1218)) - 2f412ea8-0081-4ad7-b64d-031dd4a9d4b2@group-D78ED3C809E8: receive requestVote(ELECTION, 5133b65f-dd1c-47c0-816b-09498efa4e03, group-D78ED3C809E8, 1, (t:0, i:0))
2022-10-20 01:29:40,799 [grpc-default-executor-1] INFO  impl.VoteContext (VoteContext.java:log(48)) - 2f412ea8-0081-4ad7-b64d-031dd4a9d4b2@group-D78ED3C809E8-FOLLOWER: reject ELECTION from 5133b65f-dd1c-47c0-816b-09498efa4e03: our priority 1 > candidate's priority 0
2022-10-20 01:29:40,800 [grpc-default-executor-1] INFO  server.RaftServer$Division (RaftServerImpl.java:setRole(321)) - 2f412ea8-0081-4ad7-b64d-031dd4a9d4b2@group-D78ED3C809E8: changes role from  FOLLOWER to FOLLOWER at term 1 for candidate:5133b65f-dd1c-47c0-816b-09498efa4e03
2022-10-20 01:29:40,800 [grpc-default-executor-1] INFO  impl.RoleInfo (RoleInfo.java:shutdownFollowerState(110)) - 2f412ea8-0081-4ad7-b64d-031dd4a9d4b2: shutdown 2f412ea8-0081-4ad7-b64d-031dd4a9d4b2@group-D78ED3C809E8-FollowerState
2022-10-20 01:29:40,800 [2f412ea8-0081-4ad7-b64d-031dd4a9d4b2@group-D78ED3C809E8-FollowerState] INFO  impl.FollowerState (FollowerState.java:run(152)) - 2f412ea8-0081-4ad7-b64d-031dd4a9d4b2@group-D78ED3C809E8-FollowerState was interrupted
2022-10-20 01:29:40,801 [grpc-default-executor-1] INFO  impl.RoleInfo (RoleInfo.java:updateAndGet(139)) - 2f412ea8-0081-4ad7-b64d-031dd4a9d4b2: start 2f412ea8-0081-4ad7-b64d-031dd4a9d4b2@group-D78ED3C809E8-FollowerState
2022-10-20 01:29:40,801 [4eb19ff5-df5c-423c-bb98-7a77d12fda0f@group-D78ED3C809E8-FollowerState] INFO  server.RaftServerConfigKeys (ConfUtils.java:logFallback(53)) - raft.server.rpc.first-election.timeout.min = 5s (fallback to raft.server.rpc.timeout.min)
2022-10-20 01:29:40,803 [4eb19ff5-df5c-423c-bb98-7a77d12fda0f@group-D78ED3C809E8-FollowerState] INFO  server.RaftServerConfigKeys (ConfUtils.java:logFallback(53)) - raft.server.rpc.first-election.timeout.max = 5200ms (fallback to raft.server.rpc.timeout.max)
2022-10-20 01:29:40,805 [grpc-default-executor-0] INFO  server.RaftServer$Division (RaftServerImpl.java:requestVote(1251)) - 4eb19ff5-df5c-423c-bb98-7a77d12fda0f@group-D78ED3C809E8 replies to ELECTION vote request: 5133b65f-dd1c-47c0-816b-09498efa4e03<-4eb19ff5-df5c-423c-bb98-7a77d12fda0f#0:OK-t1. Peer's state: 4eb19ff5-df5c-423c-bb98-7a77d12fda0f@group-D78ED3C809E8:t1, leader=null, voted=5133b65f-dd1c-47c0-816b-09498efa4e03, raftlog=Memoized:4eb19ff5-df5c-423c-bb98-7a77d12fda0f@group-D78ED3C809E8-SegmentedRaftLog:OPENED:c-1, conf=-1: peers:[2f412ea8-0081-4ad7-b64d-031dd4a9d4b2|rpc:10.1.0.77:43519|priority:1|startupRole:FOLLOWER, 4eb19ff5-df5c-423c-bb98-7a77d12fda0f|rpc:10.1.0.77:39269|priority:0|startupRole:FOLLOWER, 5133b65f-dd1c-47c0-816b-09498efa4e03|rpc:10.1.0.77:43535|priority:0|startupRole:FOLLOWER]|listeners:[], old=null
2022-10-20 01:29:40,805 [2f412ea8-0081-4ad7-b64d-031dd4a9d4b2@group-D78ED3C809E8-FollowerState] INFO  server.RaftServerConfigKeys (ConfUtils.java:logFallback(53)) - raft.server.rpc.first-election.timeout.min = 5s (fallback to raft.server.rpc.timeout.min)
2022-10-20 01:29:40,805 [2f412ea8-0081-4ad7-b64d-031dd4a9d4b2@group-D78ED3C809E8-FollowerState] INFO  server.RaftServerConfigKeys (ConfUtils.java:logFallback(53)) - raft.server.rpc.first-election.timeout.max = 5200ms (fallback to raft.server.rpc.timeout.max)
2022-10-20 01:29:40,805 [grpc-default-executor-1] INFO  server.RaftServer$Division (RaftServerImpl.java:requestVote(1251)) - 2f412ea8-0081-4ad7-b64d-031dd4a9d4b2@group-D78ED3C809E8 replies to ELECTION vote request: 5133b65f-dd1c-47c0-816b-09498efa4e03<-2f412ea8-0081-4ad7-b64d-031dd4a9d4b2#0:FAIL-t1. Peer's state: 2f412ea8-0081-4ad7-b64d-031dd4a9d4b2@group-D78ED3C809E8:t1, leader=null, voted=null, raftlog=Memoized:2f412ea8-0081-4ad7-b64d-031dd4a9d4b2@group-D78ED3C809E8-SegmentedRaftLog:OPENED:c-1, conf=-1: peers:[2f412ea8-0081-4ad7-b64d-031dd4a9d4b2|rpc:10.1.0.77:43519|dataStream:|priority:1|startupRole:FOLLOWER, 4eb19ff5-df5c-423c-bb98-7a77d12fda0f|rpc:10.1.0.77:39269|dataStream:|priority:0|startupRole:FOLLOWER, 5133b65f-dd1c-47c0-816b-09498efa4e03|rpc:10.1.0.77:43535|dataStream:|priority:0|startupRole:FOLLOWER]|listeners:[], old=null
2022-10-20 01:29:40,811 [5133b65f-dd1c-47c0-816b-09498efa4e03@group-D78ED3C809E8-LeaderElection3] INFO  impl.LeaderElection (LeaderElection.java:logAndReturn(90)) - 5133b65f-dd1c-47c0-816b-09498efa4e03@group-D78ED3C809E8-LeaderElection3: ELECTION REJECTED received 2 response(s) and 0 exception(s):
2022-10-20 01:29:40,811 [5133b65f-dd1c-47c0-816b-09498efa4e03@group-D78ED3C809E8-LeaderElection3] INFO  impl.LeaderElection (LeaderElection.java:logAndReturn(94)) -   Response 0: 5133b65f-dd1c-47c0-816b-09498efa4e03<-2f412ea8-0081-4ad7-b64d-031dd4a9d4b2#0:FAIL-t1
2022-10-20 01:29:40,811 [5133b65f-dd1c-47c0-816b-09498efa4e03@group-D78ED3C809E8-LeaderElection3] INFO  impl.LeaderElection (LeaderElection.java:logAndReturn(94)) -   Response 1: 5133b65f-dd1c-47c0-816b-09498efa4e03<-4eb19ff5-df5c-423c-bb98-7a77d12fda0f#0:OK-t1
2022-10-20 01:29:40,811 [5133b65f-dd1c-47c0-816b-09498efa4e03@group-D78ED3C809E8-LeaderElection3] INFO  impl.LeaderElection (LeaderElection.java:askForVotes(314)) - 5133b65f-dd1c-47c0-816b-09498efa4e03@group-D78ED3C809E8-LeaderElection3 ELECTION round 0: result REJECTED
2022-10-20 01:29:40,811 [5133b65f-dd1c-47c0-816b-09498efa4e03@group-D78ED3C809E8-LeaderElection3] INFO  server.RaftServer$Division (RaftServerImpl.java:setRole(321)) - 5133b65f-dd1c-47c0-816b-09498efa4e03@group-D78ED3C809E8: changes role from CANDIDATE to FOLLOWER at term 1 for REJECTED
2022-10-20 01:29:40,812 [5133b65f-dd1c-47c0-816b-09498efa4e03@group-D78ED3C809E8-LeaderElection3] INFO  impl.RoleInfo (RoleInfo.java:shutdownLeaderElection(130)) - 5133b65f-dd1c-47c0-816b-09498efa4e03: shutdown 5133b65f-dd1c-47c0-816b-09498efa4e03@group-D78ED3C809E8-LeaderElection3
2022-10-20 01:29:40,812 [5133b65f-dd1c-47c0-816b-09498efa4e03@group-D78ED3C809E8-LeaderElection3] INFO  impl.RoleInfo (RoleInfo.java:updateAndGet(139)) - 5133b65f-dd1c-47c0-816b-09498efa4e03: start 5133b65f-dd1c-47c0-816b-09498efa4e03@group-D78ED3C809E8-FollowerState
2022-10-20 01:29:40,812 [5133b65f-dd1c-47c0-816b-09498efa4e03@group-D78ED3C809E8-FollowerState] INFO  server.RaftServerConfigKeys (ConfUtils.java:logFallback(53)) - raft.server.rpc.first-election.timeout.min = 5s (fallback to raft.server.rpc.timeout.min)
2022-10-20 01:29:40,812 [5133b65f-dd1c-47c0-816b-09498efa4e03@group-D78ED3C809E8-FollowerState] INFO  server.RaftServerConfigKeys (ConfUtils.java:logFallback(53)) - raft.server.rpc.first-election.timeout.max = 5200ms (fallback to raft.server.rpc.timeout.max)
2022-10-20 01:29:41,249 [4eb19ff5-df5c-423c-bb98-7a77d12fda0f@group-88B5DFD0E92F-FollowerState] INFO  impl.FollowerState (FollowerState.java:run(143)) - 4eb19ff5-df5c-423c-bb98-7a77d12fda0f@group-88B5DFD0E92F-FollowerState: change to CANDIDATE, lastRpcElapsedTime:5174133985ns, electionTimeout:5171ms
2022-10-20 01:29:41,249 [4eb19ff5-df5c-423c-bb98-7a77d12fda0f@group-88B5DFD0E92F-FollowerState] INFO  impl.RoleInfo (RoleInfo.java:shutdownFollowerState(110)) - 4eb19ff5-df5c-423c-bb98-7a77d12fda0f: shutdown 4eb19ff5-df5c-423c-bb98-7a77d12fda0f@group-88B5DFD0E92F-FollowerState
2022-10-20 01:29:41,249 [4eb19ff5-df5c-423c-bb98-7a77d12fda0f@group-88B5DFD0E92F-FollowerState] INFO  server.RaftServer$Division (RaftServerImpl.java:setRole(321)) - 4eb19ff5-df5c-423c-bb98-7a77d12fda0f@group-88B5DFD0E92F: changes role from  FOLLOWER to CANDIDATE at term 0 for changeToCandidate
2022-10-20 01:29:41,251 [4eb19ff5-df5c-423c-bb98-7a77d12fda0f@group-88B5DFD0E92F-FollowerState] INFO  server.RaftServerConfigKeys (ConfUtils.java:logGet(46)) - raft.server.leaderelection.pre-vote = false (custom)
2022-10-20 01:29:41,252 [4eb19ff5-df5c-423c-bb98-7a77d12fda0f@group-88B5DFD0E92F-FollowerState] INFO  impl.RoleInfo (RoleInfo.java:updateAndGet(139)) - 4eb19ff5-df5c-423c-bb98-7a77d12fda0f: start 4eb19ff5-df5c-423c-bb98-7a77d12fda0f@group-88B5DFD0E92F-LeaderElection4
2022-10-20 01:29:41,254 [4eb19ff5-df5c-423c-bb98-7a77d12fda0f@group-88B5DFD0E92F-LeaderElection4] INFO  impl.LeaderElection (LeaderElection.java:askForVotes(312)) - 4eb19ff5-df5c-423c-bb98-7a77d12fda0f@group-88B5DFD0E92F-LeaderElection4 ELECTION round 0: submit vote requests at term 1 for -1: peers:[4eb19ff5-df5c-423c-bb98-7a77d12fda0f|rpc:10.1.0.77:39269|priority:1|startupRole:FOLLOWER]|listeners:[], old=null
2022-10-20 01:29:41,254 [4eb19ff5-df5c-423c-bb98-7a77d12fda0f@group-88B5DFD0E92F-LeaderElection4] INFO  impl.LeaderElection (LeaderElection.java:askForVotes(314)) - 4eb19ff5-df5c-423c-bb98-7a77d12fda0f@group-88B5DFD0E92F-LeaderElection4 ELECTION round 0: result PASSED (term=1)
2022-10-20 01:29:41,254 [4eb19ff5-df5c-423c-bb98-7a77d12fda0f@group-88B5DFD0E92F-LeaderElection4] INFO  impl.RoleInfo (RoleInfo.java:shutdownLeaderElection(130)) - 4eb19ff5-df5c-423c-bb98-7a77d12fda0f: shutdown 4eb19ff5-df5c-423c-bb98-7a77d12fda0f@group-88B5DFD0E92F-LeaderElection4
2022-10-20 01:29:41,254 [4eb19ff5-df5c-423c-bb98-7a77d12fda0f@group-88B5DFD0E92F-LeaderElection4] INFO  server.RaftServer$Division (RaftServerImpl.java:setRole(321)) - 4eb19ff5-df5c-423c-bb98-7a77d12fda0f@group-88B5DFD0E92F: changes role from CANDIDATE to LEADER at term 1 for changeToLeader
2022-10-20 01:29:41,254 [4eb19ff5-df5c-423c-bb98-7a77d12fda0f@group-88B5DFD0E92F-LeaderElection4] INFO  ratis.XceiverServerRatis (XceiverServerRatis.java:handleLeaderChangedNotification(863)) - Leader change notification received for group: group-88B5DFD0E92F with new leaderId: 4eb19ff5-df5c-423c-bb98-7a77d12fda0f
2022-10-20 01:29:41,254 [4eb19ff5-df5c-423c-bb98-7a77d12fda0f@group-88B5DFD0E92F-LeaderElection4] INFO  server.RaftServer$Division (ServerState.java:setLeader(313)) - 4eb19ff5-df5c-423c-bb98-7a77d12fda0f@group-88B5DFD0E92F: change Leader from null to 4eb19ff5-df5c-423c-bb98-7a77d12fda0f at term 1 for becomeLeader, leader elected after 5198ms
2022-10-20 01:29:41,255 [4eb19ff5-df5c-423c-bb98-7a77d12fda0f@group-88B5DFD0E92F-LeaderElection4] INFO  server.RaftServerConfigKeys (ConfUtils.java:logGet(46)) - raft.server.staging.catchup.gap = 1000 (default)
2022-10-20 01:29:41,255 [4eb19ff5-df5c-423c-bb98-7a77d12fda0f@group-88B5DFD0E92F-LeaderElection4] INFO  server.RaftServerConfigKeys (ConfUtils.java:logGet(46)) - raft.server.write.element-limit = 1024 (custom)
2022-10-20 01:29:41,255 [4eb19ff5-df5c-423c-bb98-7a77d12fda0f@group-88B5DFD0E92F-LeaderElection4] INFO  server.RaftServerConfigKeys (ConfUtils.java:logGet(46)) - raft.server.write.byte-limit = 1024 M (=1073741824) (custom)
2022-10-20 01:29:41,255 [4eb19ff5-df5c-423c-bb98-7a77d12fda0f@group-88B5DFD0E92F-LeaderElection4] INFO  server.RaftServerConfigKeys (ConfUtils.java:logGet(46)) - raft.server.watch.timeout = 180s (custom)
2022-10-20 01:29:41,255 [4eb19ff5-df5c-423c-bb98-7a77d12fda0f@group-88B5DFD0E92F-LeaderElection4] INFO  server.RaftServerConfigKeys (ConfUtils.java:logGet(46)) - raft.server.watch.timeout.denomination = 1s (default)
2022-10-20 01:29:41,255 [4eb19ff5-df5c-423c-bb98-7a77d12fda0f@group-88B5DFD0E92F-LeaderElection4] INFO  server.RaftServerConfigKeys (ConfUtils.java:logGet(46)) - raft.server.watch.element-limit = 65536 (default)
2022-10-20 01:29:41,255 [4eb19ff5-df5c-423c-bb98-7a77d12fda0f@group-88B5DFD0E92F-LeaderElection4] INFO  server.RaftServerConfigKeys (ConfUtils.java:logGet(46)) - raft.server.write.element-limit = 1024 (custom)
2022-10-20 01:29:41,256 [4eb19ff5-df5c-423c-bb98-7a77d12fda0f@group-88B5DFD0E92F-LeaderElection4] INFO  server.RaftServerConfigKeys (ConfUtils.java:logGet(46)) - raft.server.write.follower.gap.ratio.max = -1.0 (default)
2022-10-20 01:29:41,256 [4eb19ff5-df5c-423c-bb98-7a77d12fda0f@group-88B5DFD0E92F-LeaderElection4] INFO  impl.RoleInfo (RoleInfo.java:updateAndGet(139)) - 4eb19ff5-df5c-423c-bb98-7a77d12fda0f: start 4eb19ff5-df5c-423c-bb98-7a77d12fda0f@group-88B5DFD0E92F-LeaderStateImpl
2022-10-20 01:29:41,256 [4eb19ff5-df5c-423c-bb98-7a77d12fda0f@group-88B5DFD0E92F-LeaderElection4] INFO  segmented.SegmentedRaftLogWorker (SegmentedRaftLogWorker.java:startLogSegment(452)) - 4eb19ff5-df5c-423c-bb98-7a77d12fda0f@group-88B5DFD0E92F-SegmentedRaftLogWorker: Starting segment from index:0
2022-10-20 01:29:41,257 [EventQueue-OpenPipelineForHealthyPipelineSafeModeRule] INFO  safemode.SCMSafeModeManager (HealthyPipelineSafeModeRule.java:process(137)) - SCM in safe mode. Healthy pipelines reported count is 0, required healthy pipeline reported count is 1
2022-10-20 01:29:41,258 [4eb19ff5-df5c-423c-bb98-7a77d12fda0f@group-88B5DFD0E92F-SegmentedRaftLogWorker] INFO  segmented.SegmentedRaftLogWorker (SegmentedRaftLogWorker.java:execute(656)) - 4eb19ff5-df5c-423c-bb98-7a77d12fda0f@group-88B5DFD0E92F-SegmentedRaftLogWorker: created new log segment /home/runner/work/ozone/ozone/hadoop-ozone/integration-test/target/test-dir/MiniOzoneClusterImpl-1c2b738d-be74-4a40-b887-8630efe04021/datanode-1/data/ratis/4ab8f399-9b8e-4b26-9952-88b5dfd0e92f/current/log_inprogress_0
2022-10-20 01:29:41,258 [4eb19ff5-df5c-423c-bb98-7a77d12fda0f@group-88B5DFD0E92F-LeaderElection4] INFO  server.RaftServer$Division (ServerState.java:setRaftConf(430)) - 4eb19ff5-df5c-423c-bb98-7a77d12fda0f@group-88B5DFD0E92F: set configuration 0: peers:[4eb19ff5-df5c-423c-bb98-7a77d12fda0f|rpc:10.1.0.77:39269|dataStream:|priority:1|startupRole:FOLLOWER]|listeners:[], old=null
2022-10-20 01:29:41,364 [5133b65f-dd1c-47c0-816b-09498efa4e03@group-F3D77823205D-FollowerState] INFO  impl.FollowerState (FollowerState.java:run(143)) - 5133b65f-dd1c-47c0-816b-09498efa4e03@group-F3D77823205D-FollowerState: change to CANDIDATE, lastRpcElapsedTime:5085670115ns, electionTimeout:5083ms
2022-10-20 01:29:41,365 [5133b65f-dd1c-47c0-816b-09498efa4e03@group-F3D77823205D-FollowerState] INFO  impl.RoleInfo (RoleInfo.java:shutdownFollowerState(110)) - 5133b65f-dd1c-47c0-816b-09498efa4e03: shutdown 5133b65f-dd1c-47c0-816b-09498efa4e03@group-F3D77823205D-FollowerState
2022-10-20 01:29:41,365 [5133b65f-dd1c-47c0-816b-09498efa4e03@group-F3D77823205D-FollowerState] INFO  server.RaftServer$Division (RaftServerImpl.java:setRole(321)) - 5133b65f-dd1c-47c0-816b-09498efa4e03@group-F3D77823205D: changes role from  FOLLOWER to CANDIDATE at term 0 for changeToCandidate
2022-10-20 01:29:41,365 [5133b65f-dd1c-47c0-816b-09498efa4e03@group-F3D77823205D-FollowerState] INFO  server.RaftServerConfigKeys (ConfUtils.java:logGet(46)) - raft.server.leaderelection.pre-vote = false (custom)
2022-10-20 01:29:41,365 [5133b65f-dd1c-47c0-816b-09498efa4e03@group-F3D77823205D-FollowerState] INFO  impl.RoleInfo (RoleInfo.java:updateAndGet(139)) - 5133b65f-dd1c-47c0-816b-09498efa4e03: start 5133b65f-dd1c-47c0-816b-09498efa4e03@group-F3D77823205D-LeaderElection5
2022-10-20 01:29:41,368 [5133b65f-dd1c-47c0-816b-09498efa4e03@group-F3D77823205D-LeaderElection5] INFO  impl.LeaderElection (LeaderElection.java:askForVotes(312)) - 5133b65f-dd1c-47c0-816b-09498efa4e03@group-F3D77823205D-LeaderElection5 ELECTION round 0: submit vote requests at term 1 for -1: peers:[2f412ea8-0081-4ad7-b64d-031dd4a9d4b2|rpc:10.1.0.77:43519|priority:0|startupRole:FOLLOWER, 4eb19ff5-df5c-423c-bb98-7a77d12fda0f|rpc:10.1.0.77:39269|priority:0|startupRole:FOLLOWER, 5133b65f-dd1c-47c0-816b-09498efa4e03|rpc:10.1.0.77:43535|priority:1|startupRole:FOLLOWER]|listeners:[], old=null
2022-10-20 01:29:41,371 [5133b65f-dd1c-47c0-816b-09498efa4e03@group-F3D77823205D-LeaderElection5] INFO  server.RaftServerConfigKeys (ConfUtils.java:logFallback(53)) - raft.server.rpc.first-election.timeout.min = 5s (fallback to raft.server.rpc.timeout.min)
2022-10-20 01:29:41,371 [5133b65f-dd1c-47c0-816b-09498efa4e03@group-F3D77823205D-LeaderElection5] INFO  server.RaftServerConfigKeys (ConfUtils.java:logFallback(53)) - raft.server.rpc.first-election.timeout.max = 5200ms (fallback to raft.server.rpc.timeout.max)
2022-10-20 01:29:41,371 [grpc-default-executor-0] INFO  server.RaftServer$Division (RaftServerImpl.java:requestVote(1218)) - 2f412ea8-0081-4ad7-b64d-031dd4a9d4b2@group-F3D77823205D: receive requestVote(ELECTION, 5133b65f-dd1c-47c0-816b-09498efa4e03, group-F3D77823205D, 1, (t:0, i:0))
2022-10-20 01:29:41,371 [grpc-default-executor-0] INFO  impl.VoteContext (VoteContext.java:log(48)) - 2f412ea8-0081-4ad7-b64d-031dd4a9d4b2@group-F3D77823205D-FOLLOWER: accept ELECTION from 5133b65f-dd1c-47c0-816b-09498efa4e03: our priority 0 <= candidate's priority 1
2022-10-20 01:29:41,371 [grpc-default-executor-0] INFO  server.RaftServer$Division (RaftServerImpl.java:setRole(321)) - 2f412ea8-0081-4ad7-b64d-031dd4a9d4b2@group-F3D77823205D: changes role from  FOLLOWER to FOLLOWER at term 1 for candidate:5133b65f-dd1c-47c0-816b-09498efa4e03
2022-10-20 01:29:41,371 [grpc-default-executor-0] INFO  impl.RoleInfo (RoleInfo.java:shutdownFollowerState(110)) - 2f412ea8-0081-4ad7-b64d-031dd4a9d4b2: shutdown 2f412ea8-0081-4ad7-b64d-031dd4a9d4b2@group-F3D77823205D-FollowerState
2022-10-20 01:29:41,371 [grpc-default-executor-0] INFO  impl.RoleInfo (RoleInfo.java:updateAndGet(139)) - 2f412ea8-0081-4ad7-b64d-031dd4a9d4b2: start 2f412ea8-0081-4ad7-b64d-031dd4a9d4b2@group-F3D77823205D-FollowerState
2022-10-20 01:29:41,371 [2f412ea8-0081-4ad7-b64d-031dd4a9d4b2@group-F3D77823205D-FollowerState] INFO  impl.FollowerState (FollowerState.java:run(152)) - 2f412ea8-0081-4ad7-b64d-031dd4a9d4b2@group-F3D77823205D-FollowerState was interrupted
2022-10-20 01:29:41,378 [grpc-default-executor-0] INFO  server.RaftServer$Division (RaftServerImpl.java:requestVote(1251)) - 2f412ea8-0081-4ad7-b64d-031dd4a9d4b2@group-F3D77823205D replies to ELECTION vote request: 5133b65f-dd1c-47c0-816b-09498efa4e03<-2f412ea8-0081-4ad7-b64d-031dd4a9d4b2#0:OK-t1. Peer's state: 2f412ea8-0081-4ad7-b64d-031dd4a9d4b2@group-F3D77823205D:t1, leader=null, voted=5133b65f-dd1c-47c0-816b-09498efa4e03, raftlog=Memoized:2f412ea8-0081-4ad7-b64d-031dd4a9d4b2@group-F3D77823205D-SegmentedRaftLog:OPENED:c-1, conf=-1: peers:[2f412ea8-0081-4ad7-b64d-031dd4a9d4b2|rpc:10.1.0.77:43519|dataStream:|priority:0|startupRole:FOLLOWER, 4eb19ff5-df5c-423c-bb98-7a77d12fda0f|rpc:10.1.0.77:39269|dataStream:|priority:0|startupRole:FOLLOWER, 5133b65f-dd1c-47c0-816b-09498efa4e03|rpc:10.1.0.77:43535|dataStream:|priority:1|startupRole:FOLLOWER]|listeners:[], old=null
2022-10-20 01:29:41,378 [grpc-default-executor-1] INFO  server.RaftServer$Division (RaftServerImpl.java:requestVote(1218)) - 4eb19ff5-df5c-423c-bb98-7a77d12fda0f@group-F3D77823205D: receive requestVote(ELECTION, 5133b65f-dd1c-47c0-816b-09498efa4e03, group-F3D77823205D, 1, (t:0, i:0))
2022-10-20 01:29:41,378 [grpc-default-executor-1] INFO  impl.VoteContext (VoteContext.java:log(48)) - 4eb19ff5-df5c-423c-bb98-7a77d12fda0f@group-F3D77823205D-FOLLOWER: accept ELECTION from 5133b65f-dd1c-47c0-816b-09498efa4e03: our priority 0 <= candidate's priority 1
2022-10-20 01:29:41,378 [grpc-default-executor-1] INFO  server.RaftServer$Division (RaftServerImpl.java:setRole(321)) - 4eb19ff5-df5c-423c-bb98-7a77d12fda0f@group-F3D77823205D: changes role from  FOLLOWER to FOLLOWER at term 1 for candidate:5133b65f-dd1c-47c0-816b-09498efa4e03
2022-10-20 01:29:41,378 [grpc-default-executor-1] INFO  impl.RoleInfo (RoleInfo.java:shutdownFollowerState(110)) - 4eb19ff5-df5c-423c-bb98-7a77d12fda0f: shutdown 4eb19ff5-df5c-423c-bb98-7a77d12fda0f@group-F3D77823205D-FollowerState
2022-10-20 01:29:41,378 [grpc-default-executor-1] INFO  impl.RoleInfo (RoleInfo.java:updateAndGet(139)) - 4eb19ff5-df5c-423c-bb98-7a77d12fda0f: start 4eb19ff5-df5c-423c-bb98-7a77d12fda0f@group-F3D77823205D-FollowerState
2022-10-20 01:29:41,379 [4eb19ff5-df5c-423c-bb98-7a77d12fda0f@group-F3D77823205D-FollowerState] INFO  impl.FollowerState (FollowerState.java:run(152)) - 4eb19ff5-df5c-423c-bb98-7a77d12fda0f@group-F3D77823205D-FollowerState was interrupted
2022-10-20 01:29:41,380 [grpc-default-executor-1] INFO  server.RaftServer$Division (RaftServerImpl.java:requestVote(1251)) - 4eb19ff5-df5c-423c-bb98-7a77d12fda0f@group-F3D77823205D replies to ELECTION vote request: 5133b65f-dd1c-47c0-816b-09498efa4e03<-4eb19ff5-df5c-423c-bb98-7a77d12fda0f#0:OK-t1. Peer's state: 4eb19ff5-df5c-423c-bb98-7a77d12fda0f@group-F3D77823205D:t1, leader=null, voted=5133b65f-dd1c-47c0-816b-09498efa4e03, raftlog=Memoized:4eb19ff5-df5c-423c-bb98-7a77d12fda0f@group-F3D77823205D-SegmentedRaftLog:OPENED:c-1, conf=-1: peers:[2f412ea8-0081-4ad7-b64d-031dd4a9d4b2|rpc:10.1.0.77:43519|priority:0|startupRole:FOLLOWER, 4eb19ff5-df5c-423c-bb98-7a77d12fda0f|rpc:10.1.0.77:39269|priority:0|startupRole:FOLLOWER, 5133b65f-dd1c-47c0-816b-09498efa4e03|rpc:10.1.0.77:43535|priority:1|startupRole:FOLLOWER]|listeners:[], old=null
2022-10-20 01:29:41,382 [2f412ea8-0081-4ad7-b64d-031dd4a9d4b2@group-F3D77823205D-FollowerState] INFO  server.RaftServerConfigKeys (ConfUtils.java:logFallback(53)) - raft.server.rpc.first-election.timeout.min = 5s (fallback to raft.server.rpc.timeout.min)
2022-10-20 01:29:41,382 [2f412ea8-0081-4ad7-b64d-031dd4a9d4b2@group-F3D77823205D-FollowerState] INFO  server.RaftServerConfigKeys (ConfUtils.java:logFallback(53)) - raft.server.rpc.first-election.timeout.max = 5200ms (fallback to raft.server.rpc.timeout.max)
2022-10-20 01:29:41,382 [4eb19ff5-df5c-423c-bb98-7a77d12fda0f@group-F3D77823205D-FollowerState] INFO  server.RaftServerConfigKeys (ConfUtils.java:logFallback(53)) - raft.server.rpc.first-election.timeout.min = 5s (fallback to raft.server.rpc.timeout.min)
2022-10-20 01:29:41,382 [4eb19ff5-df5c-423c-bb98-7a77d12fda0f@group-F3D77823205D-FollowerState] INFO  server.RaftServerConfigKeys (ConfUtils.java:logFallback(53)) - raft.server.rpc.first-election.timeout.max = 5200ms (fallback to raft.server.rpc.timeout.max)
2022-10-20 01:29:41,383 [5133b65f-dd1c-47c0-816b-09498efa4e03@group-F3D77823205D-LeaderElection5] INFO  impl.LeaderElection (LeaderElection.java:logAndReturn(90)) - 5133b65f-dd1c-47c0-816b-09498efa4e03@group-F3D77823205D-LeaderElection5: ELECTION PASSED received 1 response(s) and 0 exception(s):
2022-10-20 01:29:41,383 [5133b65f-dd1c-47c0-816b-09498efa4e03@group-F3D77823205D-LeaderElection5] INFO  impl.LeaderElection (LeaderElection.java:logAndReturn(94)) -   Response 0: 5133b65f-dd1c-47c0-816b-09498efa4e03<-2f412ea8-0081-4ad7-b64d-031dd4a9d4b2#0:OK-t1
2022-10-20 01:29:41,383 [5133b65f-dd1c-47c0-816b-09498efa4e03@group-F3D77823205D-LeaderElection5] INFO  impl.LeaderElection (LeaderElection.java:askForVotes(314)) - 5133b65f-dd1c-47c0-816b-09498efa4e03@group-F3D77823205D-LeaderElection5 ELECTION round 0: result PASSED
2022-10-20 01:29:41,383 [5133b65f-dd1c-47c0-816b-09498efa4e03@group-F3D77823205D-LeaderElection5] INFO  impl.RoleInfo (RoleInfo.java:shutdownLeaderElection(130)) - 5133b65f-dd1c-47c0-816b-09498efa4e03: shutdown 5133b65f-dd1c-47c0-816b-09498efa4e03@group-F3D77823205D-LeaderElection5
2022-10-20 01:29:41,383 [5133b65f-dd1c-47c0-816b-09498efa4e03@group-F3D77823205D-LeaderElection5] INFO  server.RaftServer$Division (RaftServerImpl.java:setRole(321)) - 5133b65f-dd1c-47c0-816b-09498efa4e03@group-F3D77823205D: changes role from CANDIDATE to LEADER at term 1 for changeToLeader
2022-10-20 01:29:41,383 [5133b65f-dd1c-47c0-816b-09498efa4e03@group-F3D77823205D-LeaderElection5] INFO  ratis.XceiverServerRatis (XceiverServerRatis.java:handleLeaderChangedNotification(863)) - Leader change notification received for group: group-F3D77823205D with new leaderId: 5133b65f-dd1c-47c0-816b-09498efa4e03
2022-10-20 01:29:41,383 [5133b65f-dd1c-47c0-816b-09498efa4e03@group-F3D77823205D-LeaderElection5] INFO  server.RaftServer$Division (ServerState.java:setLeader(313)) - 5133b65f-dd1c-47c0-816b-09498efa4e03@group-F3D77823205D: change Leader from null to 5133b65f-dd1c-47c0-816b-09498efa4e03 at term 1 for becomeLeader, leader elected after 5135ms
2022-10-20 01:29:41,383 [5133b65f-dd1c-47c0-816b-09498efa4e03@group-F3D77823205D-LeaderElection5] INFO  server.RaftServerConfigKeys (ConfUtils.java:logGet(46)) - raft.server.staging.catchup.gap = 1000 (default)
2022-10-20 01:29:41,383 [5133b65f-dd1c-47c0-816b-09498efa4e03@group-F3D77823205D-LeaderElection5] INFO  server.RaftServerConfigKeys (ConfUtils.java:logGet(46)) - raft.server.write.element-limit = 1024 (custom)
2022-10-20 01:29:41,383 [5133b65f-dd1c-47c0-816b-09498efa4e03@group-F3D77823205D-LeaderElection5] INFO  server.RaftServerConfigKeys (ConfUtils.java:logGet(46)) - raft.server.write.byte-limit = 1024 M (=1073741824) (custom)
2022-10-20 01:29:41,384 [5133b65f-dd1c-47c0-816b-09498efa4e03@group-F3D77823205D-LeaderElection5] INFO  server.RaftServerConfigKeys (ConfUtils.java:logGet(46)) - raft.server.watch.timeout = 180s (custom)
2022-10-20 01:29:41,385 [5133b65f-dd1c-47c0-816b-09498efa4e03@group-F3D77823205D-LeaderElection5] INFO  server.RaftServerConfigKeys (ConfUtils.java:logGet(46)) - raft.server.watch.timeout.denomination = 1s (default)
2022-10-20 01:29:41,385 [5133b65f-dd1c-47c0-816b-09498efa4e03@group-F3D77823205D-LeaderElection5] INFO  server.RaftServerConfigKeys (ConfUtils.java:logGet(46)) - raft.server.watch.element-limit = 65536 (default)
2022-10-20 01:29:41,385 [5133b65f-dd1c-47c0-816b-09498efa4e03@group-F3D77823205D-LeaderElection5] INFO  server.RaftServerConfigKeys (ConfUtils.java:logGet(46)) - raft.server.write.element-limit = 1024 (custom)
2022-10-20 01:29:41,385 [5133b65f-dd1c-47c0-816b-09498efa4e03@group-F3D77823205D-LeaderElection5] INFO  server.RaftServerConfigKeys (ConfUtils.java:logGet(46)) - raft.server.write.follower.gap.ratio.max = -1.0 (default)
2022-10-20 01:29:41,386 [EventQueue-PipelineReportForPipelineReportHandler] INFO  pipeline.PipelineManagerImpl (PipelineManagerImpl.java:openPipeline(367)) - Pipeline Pipeline[ Id: 815c7a2c-3194-459d-97c8-f3d77823205d, Nodes: 5133b65f-dd1c-47c0-816b-09498efa4e03{ip: 10.1.0.77, host: fv-az625-379.nkjb25ot11ku3fnowzullr2doh.gx.internal.cloudapp.net, ports: [REPLICATION=36383, RATIS=43535, RATIS_ADMIN=43535, RATIS_SERVER=43535, STANDALONE=44363], networkLocation: /default-rack, certSerialId: null, persistedOpState: IN_SERVICE, persistedOpStateExpiryEpochSec: 0}2f412ea8-0081-4ad7-b64d-031dd4a9d4b2{ip: 10.1.0.77, host: fv-az625-379.nkjb25ot11ku3fnowzullr2doh.gx.internal.cloudapp.net, ports: [REPLICATION=36517, RATIS=43519, RATIS_ADMIN=43519, RATIS_SERVER=43519, STANDALONE=44057], networkLocation: /default-rack, certSerialId: null, persistedOpState: IN_SERVICE, persistedOpStateExpiryEpochSec: 0}4eb19ff5-df5c-423c-bb98-7a77d12fda0f{ip: 10.1.0.77, host: fv-az625-379.nkjb25ot11ku3fnowzullr2doh.gx.internal.cloudapp.net, ports: [REPLICATION=35659, RATIS=39269, RATIS_ADMIN=39269, RATIS_SERVER=39269, STANDALONE=39281], networkLocation: /default-rack, certSerialId: null, persistedOpState: IN_SERVICE, persistedOpStateExpiryEpochSec: 0}, ReplicationConfig: RATIS/THREE, State:ALLOCATED, leaderId:5133b65f-dd1c-47c0-816b-09498efa4e03, CreationTimestamp2022-10-20T01:29:33.413Z[Etc/UTC]] moved to OPEN state
2022-10-20 01:29:41,386 [EventQueue-OpenPipelineForHealthyPipelineSafeModeRule] INFO  safemode.SCMSafeModeManager (HealthyPipelineSafeModeRule.java:process(137)) - SCM in safe mode. Healthy pipelines reported count is 1, required healthy pipeline reported count is 1
2022-10-20 01:29:41,386 [EventQueue-OpenPipelineForHealthyPipelineSafeModeRule] INFO  safemode.SCMSafeModeManager (SCMSafeModeManager.java:validateSafeModeExitRules(204)) - HealthyPipelineSafeModeRule rule is successfully validated
2022-10-20 01:29:41,386 [EventQueue-OpenPipelineForHealthyPipelineSafeModeRule] INFO  safemode.SCMSafeModeManager (SCMSafeModeManager.java:validateSafeModeExitRules(219)) - ScmSafeModeManager, all rules are successfully validated
2022-10-20 01:29:41,386 [EventQueue-OpenPipelineForHealthyPipelineSafeModeRule] INFO  safemode.SCMSafeModeManager (SCMSafeModeManager.java:exitSafeMode(248)) - SCM exiting safe mode.
2022-10-20 01:29:41,386 [EventQueue-OpenPipelineForHealthyPipelineSafeModeRule] WARN  events.EventQueue (EventQueue.java:fireEvent(216)) - No event handler registered for event TypedEvent{payloadType=SafeModeStatus, name='Safe mode status'}
2022-10-20 01:29:41,386 [EventQueue-OpenPipelineForHealthyPipelineSafeModeRule] INFO  ha.SCMContext (SCMContext.java:updateSafeModeStatus(228)) - Update SafeModeStatus from SafeModeStatus{safeModeStatus=true, preCheckPassed=true} to SafeModeStatus{safeModeStatus=false, preCheckPassed=true}.
2022-10-20 01:29:41,386 [EventQueue-OpenPipelineForHealthyPipelineSafeModeRule] INFO  pipeline.BackgroundPipelineCreator (BackgroundPipelineCreator.java:notifyStatusChanged(254)) - Service BackgroundPipelineCreator transitions to RUNNING.
2022-10-20 01:29:41,386 [EventQueue-OpenPipelineForHealthyPipelineSafeModeRule] INFO  BackgroundPipelineScrubber (BackgroundSCMService.java:notifyStatusChanged(82)) - Service BackgroundPipelineScrubber transitions to RUNNING.
2022-10-20 01:29:41,386 [EventQueue-OpenPipelineForHealthyPipelineSafeModeRule] INFO  ExpiredContainerReplicaOpScrubber (BackgroundSCMService.java:notifyStatusChanged(82)) - Service ExpiredContainerReplicaOpScrubber transitions to RUNNING.
2022-10-20 01:29:41,387 [EventQueue-OpenPipelineForHealthyPipelineSafeModeRule] INFO  replication.ReplicationManager (ReplicationManager.java:notifyStatusChanged(776)) - Service ReplicationManager transitions to RUNNING.
2022-10-20 01:29:41,389 [EventQueue-OpenPipelineForHealthyPipelineSafeModeRule] WARN  balancer.ContainerBalancer (ContainerBalancer.java:shouldRun(131)) - Could not find persisted configuration for ContainerBalancer when checking if ContainerBalancer should run. ContainerBalancer should not run now.
2022-10-20 01:29:41,396 [5133b65f-dd1c-47c0-816b-09498efa4e03@group-F3D77823205D-LeaderElection5] INFO  server.RaftServerConfigKeys (ConfUtils.java:logGet(46)) - raft.server.log.appender.snapshot.chunk.size.max = 16MB (=16777216) (default)
2022-10-20 01:29:41,397 [5133b65f-dd1c-47c0-816b-09498efa4e03@group-F3D77823205D-LeaderElection5] INFO  server.RaftServerConfigKeys (ConfUtils.java:logGet(46)) - raft.server.log.appender.buffer.byte-limit = 33554432 (custom)
2022-10-20 01:29:41,397 [5133b65f-dd1c-47c0-816b-09498efa4e03@group-F3D77823205D-LeaderElection5] INFO  server.RaftServerConfigKeys (ConfUtils.java:logGet(46)) - raft.server.log.appender.buffer.element-limit = 1 (custom)
2022-10-20 01:29:41,399 [5133b65f-dd1c-47c0-816b-09498efa4e03@group-F3D77823205D-LeaderElection5] INFO  grpc.GrpcConfigKeys (ConfUtils.java:logGet(46)) - raft.grpc.server.leader.outstanding.appends.max = 128 (default)
2022-10-20 01:29:41,399 [5133b65f-dd1c-47c0-816b-09498efa4e03@group-F3D77823205D-LeaderElection5] INFO  server.RaftServerConfigKeys (ConfUtils.java:logGet(46)) - raft.server.rpc.request.timeout = 60s (custom)
2022-10-20 01:29:41,399 [5133b65f-dd1c-47c0-816b-09498efa4e03@group-F3D77823205D-LeaderElection5] INFO  server.RaftServerConfigKeys (ConfUtils.java:logGet(46)) - raft.server.log.appender.install.snapshot.enabled = false (custom)
2022-10-20 01:29:41,399 [5133b65f-dd1c-47c0-816b-09498efa4e03@group-F3D77823205D-LeaderElection5] INFO  grpc.GrpcConfigKeys (ConfUtils.java:logGet(46)) - raft.grpc.server.heartbeat.channel = true (default)
2022-10-20 01:29:41,399 [5133b65f-dd1c-47c0-816b-09498efa4e03@group-F3D77823205D-LeaderElection5] INFO  server.RaftServerConfigKeys (ConfUtils.java:logGet(46)) - raft.server.log.appender.wait-time.min = 10ms (default)
2022-10-20 01:29:41,401 [5133b65f-dd1c-47c0-816b-09498efa4e03@group-F3D77823205D-LeaderElection5] INFO  server.RaftServerConfigKeys (ConfUtils.java:logGet(46)) - raft.server.log.appender.snapshot.chunk.size.max = 16MB (=16777216) (default)
2022-10-20 01:29:41,401 [5133b65f-dd1c-47c0-816b-09498efa4e03@group-F3D77823205D-LeaderElection5] INFO  server.RaftServerConfigKeys (ConfUtils.java:logGet(46)) - raft.server.log.appender.buffer.byte-limit = 33554432 (custom)
2022-10-20 01:29:41,401 [5133b65f-dd1c-47c0-816b-09498efa4e03@group-F3D77823205D-LeaderElection5] INFO  server.RaftServerConfigKeys (ConfUtils.java:logGet(46)) - raft.server.log.appender.buffer.element-limit = 1 (custom)
2022-10-20 01:29:41,401 [5133b65f-dd1c-47c0-816b-09498efa4e03@group-F3D77823205D-LeaderElection5] INFO  grpc.GrpcConfigKeys (ConfUtils.java:logGet(46)) - raft.grpc.server.leader.outstanding.appends.max = 128 (default)
2022-10-20 01:29:41,401 [5133b65f-dd1c-47c0-816b-09498efa4e03@group-F3D77823205D-LeaderElection5] INFO  server.RaftServerConfigKeys (ConfUtils.java:logGet(46)) - raft.server.rpc.request.timeout = 60s (custom)
2022-10-20 01:29:41,403 [5133b65f-dd1c-47c0-816b-09498efa4e03@group-F3D77823205D-LeaderElection5] INFO  server.RaftServerConfigKeys (ConfUtils.java:logGet(46)) - raft.server.log.appender.install.snapshot.enabled = false (custom)
2022-10-20 01:29:41,403 [5133b65f-dd1c-47c0-816b-09498efa4e03@group-F3D77823205D-LeaderElection5] INFO  grpc.GrpcConfigKeys (ConfUtils.java:logGet(46)) - raft.grpc.server.heartbeat.channel = true (default)
2022-10-20 01:29:41,403 [5133b65f-dd1c-47c0-816b-09498efa4e03@group-F3D77823205D-LeaderElection5] INFO  server.RaftServerConfigKeys (ConfUtils.java:logGet(46)) - raft.server.log.appender.wait-time.min = 10ms (default)
2022-10-20 01:29:41,403 [5133b65f-dd1c-47c0-816b-09498efa4e03@group-F3D77823205D-LeaderElection5] INFO  impl.RoleInfo (RoleInfo.java:updateAndGet(139)) - 5133b65f-dd1c-47c0-816b-09498efa4e03: start 5133b65f-dd1c-47c0-816b-09498efa4e03@group-F3D77823205D-LeaderStateImpl
2022-10-20 01:29:41,404 [5133b65f-dd1c-47c0-816b-09498efa4e03@group-F3D77823205D-LeaderElection5] INFO  segmented.SegmentedRaftLogWorker (SegmentedRaftLogWorker.java:startLogSegment(452)) - 5133b65f-dd1c-47c0-816b-09498efa4e03@group-F3D77823205D-SegmentedRaftLogWorker: Starting segment from index:0
2022-10-20 01:29:41,405 [5133b65f-dd1c-47c0-816b-09498efa4e03@group-F3D77823205D-SegmentedRaftLogWorker] INFO  segmented.SegmentedRaftLogWorker (SegmentedRaftLogWorker.java:execute(656)) - 5133b65f-dd1c-47c0-816b-09498efa4e03@group-F3D77823205D-SegmentedRaftLogWorker: created new log segment /home/runner/work/ozone/ozone/hadoop-ozone/integration-test/target/test-dir/MiniOzoneClusterImpl-1c2b738d-be74-4a40-b887-8630efe04021/datanode-0/data/ratis/815c7a2c-3194-459d-97c8-f3d77823205d/current/log_inprogress_0
2022-10-20 01:29:41,418 [5133b65f-dd1c-47c0-816b-09498efa4e03@group-F3D77823205D-LeaderElection5] INFO  server.RaftServer$Division (ServerState.java:setRaftConf(430)) - 5133b65f-dd1c-47c0-816b-09498efa4e03@group-F3D77823205D: set configuration 0: peers:[2f412ea8-0081-4ad7-b64d-031dd4a9d4b2|rpc:10.1.0.77:43519|dataStream:|priority:0|startupRole:FOLLOWER, 4eb19ff5-df5c-423c-bb98-7a77d12fda0f|rpc:10.1.0.77:39269|dataStream:|priority:0|startupRole:FOLLOWER, 5133b65f-dd1c-47c0-816b-09498efa4e03|rpc:10.1.0.77:43535|dataStream:|priority:1|startupRole:FOLLOWER]|listeners:[], old=null
2022-10-20 01:29:41,471 [2f412ea8-0081-4ad7-b64d-031dd4a9d4b2-server-thread1] INFO  ratis.XceiverServerRatis (XceiverServerRatis.java:handleLeaderChangedNotification(863)) - Leader change notification received for group: group-F3D77823205D with new leaderId: 5133b65f-dd1c-47c0-816b-09498efa4e03
2022-10-20 01:29:41,471 [2f412ea8-0081-4ad7-b64d-031dd4a9d4b2-server-thread1] INFO  server.RaftServer$Division (ServerState.java:setLeader(313)) - 2f412ea8-0081-4ad7-b64d-031dd4a9d4b2@group-F3D77823205D: change Leader from null to 5133b65f-dd1c-47c0-816b-09498efa4e03 at term 1 for appendEntries, leader elected after 5172ms
2022-10-20 01:29:41,482 [4eb19ff5-df5c-423c-bb98-7a77d12fda0f-server-thread2] INFO  ratis.XceiverServerRatis (XceiverServerRatis.java:handleLeaderChangedNotification(863)) - Leader change notification received for group: group-F3D77823205D with new leaderId: 5133b65f-dd1c-47c0-816b-09498efa4e03
2022-10-20 01:29:41,482 [4eb19ff5-df5c-423c-bb98-7a77d12fda0f-server-thread2] INFO  server.RaftServer$Division (ServerState.java:setLeader(313)) - 4eb19ff5-df5c-423c-bb98-7a77d12fda0f@group-F3D77823205D: change Leader from null to 5133b65f-dd1c-47c0-816b-09498efa4e03 at term 1 for appendEntries, leader elected after 5199ms
2022-10-20 01:29:41,487 [4eb19ff5-df5c-423c-bb98-7a77d12fda0f-server-thread2] INFO  server.RaftServer$Division (ServerState.java:setRaftConf(430)) - 4eb19ff5-df5c-423c-bb98-7a77d12fda0f@group-F3D77823205D: set configuration 0: peers:[2f412ea8-0081-4ad7-b64d-031dd4a9d4b2|rpc:10.1.0.77:43519|dataStream:|priority:0|startupRole:FOLLOWER, 4eb19ff5-df5c-423c-bb98-7a77d12fda0f|rpc:10.1.0.77:39269|dataStream:|priority:0|startupRole:FOLLOWER, 5133b65f-dd1c-47c0-816b-09498efa4e03|rpc:10.1.0.77:43535|dataStream:|priority:1|startupRole:FOLLOWER]|listeners:[], old=null
2022-10-20 01:29:41,487 [4eb19ff5-df5c-423c-bb98-7a77d12fda0f-server-thread2] INFO  segmented.SegmentedRaftLogWorker (SegmentedRaftLogWorker.java:startLogSegment(452)) - 4eb19ff5-df5c-423c-bb98-7a77d12fda0f@group-F3D77823205D-SegmentedRaftLogWorker: Starting segment from index:0
2022-10-20 01:29:41,487 [2f412ea8-0081-4ad7-b64d-031dd4a9d4b2-server-thread3] INFO  server.RaftServer$Division (ServerState.java:setRaftConf(430)) - 2f412ea8-0081-4ad7-b64d-031dd4a9d4b2@group-F3D77823205D: set configuration 0: peers:[2f412ea8-0081-4ad7-b64d-031dd4a9d4b2|rpc:10.1.0.77:43519|dataStream:|priority:0|startupRole:FOLLOWER, 4eb19ff5-df5c-423c-bb98-7a77d12fda0f|rpc:10.1.0.77:39269|dataStream:|priority:0|startupRole:FOLLOWER, 5133b65f-dd1c-47c0-816b-09498efa4e03|rpc:10.1.0.77:43535|dataStream:|priority:1|startupRole:FOLLOWER]|listeners:[], old=null
2022-10-20 01:29:41,487 [2f412ea8-0081-4ad7-b64d-031dd4a9d4b2-server-thread3] INFO  segmented.SegmentedRaftLogWorker (SegmentedRaftLogWorker.java:startLogSegment(452)) - 2f412ea8-0081-4ad7-b64d-031dd4a9d4b2@group-F3D77823205D-SegmentedRaftLogWorker: Starting segment from index:0
2022-10-20 01:29:41,490 [2f412ea8-0081-4ad7-b64d-031dd4a9d4b2@group-F3D77823205D-SegmentedRaftLogWorker] INFO  segmented.SegmentedRaftLogWorker (SegmentedRaftLogWorker.java:execute(656)) - 2f412ea8-0081-4ad7-b64d-031dd4a9d4b2@group-F3D77823205D-SegmentedRaftLogWorker: created new log segment /home/runner/work/ozone/ozone/hadoop-ozone/integration-test/target/test-dir/MiniOzoneClusterImpl-1c2b738d-be74-4a40-b887-8630efe04021/datanode-2/data/ratis/815c7a2c-3194-459d-97c8-f3d77823205d/current/log_inprogress_0
2022-10-20 01:29:41,490 [4eb19ff5-df5c-423c-bb98-7a77d12fda0f@group-F3D77823205D-SegmentedRaftLogWorker] INFO  segmented.SegmentedRaftLogWorker (SegmentedRaftLogWorker.java:execute(656)) - 4eb19ff5-df5c-423c-bb98-7a77d12fda0f@group-F3D77823205D-SegmentedRaftLogWorker: created new log segment /home/runner/work/ozone/ozone/hadoop-ozone/integration-test/target/test-dir/MiniOzoneClusterImpl-1c2b738d-be74-4a40-b887-8630efe04021/datanode-1/data/ratis/815c7a2c-3194-459d-97c8-f3d77823205d/current/log_inprogress_0
2022-10-20 01:29:41,493 [2f412ea8-0081-4ad7-b64d-031dd4a9d4b2@group-1F2C47812506-FollowerState] INFO  impl.FollowerState (FollowerState.java:run(143)) - 2f412ea8-0081-4ad7-b64d-031dd4a9d4b2@group-1F2C47812506-FollowerState: change to CANDIDATE, lastRpcElapsedTime:5086177811ns, electionTimeout:5085ms
2022-10-20 01:29:41,493 [2f412ea8-0081-4ad7-b64d-031dd4a9d4b2@group-1F2C47812506-FollowerState] INFO  impl.RoleInfo (RoleInfo.java:shutdownFollowerState(110)) - 2f412ea8-0081-4ad7-b64d-031dd4a9d4b2: shutdown 2f412ea8-0081-4ad7-b64d-031dd4a9d4b2@group-1F2C47812506-FollowerState
2022-10-20 01:29:41,493 [2f412ea8-0081-4ad7-b64d-031dd4a9d4b2@group-1F2C47812506-FollowerState] INFO  server.RaftServer$Division (RaftServerImpl.java:setRole(321)) - 2f412ea8-0081-4ad7-b64d-031dd4a9d4b2@group-1F2C47812506: changes role from  FOLLOWER to CANDIDATE at term 0 for changeToCandidate
2022-10-20 01:29:41,494 [2f412ea8-0081-4ad7-b64d-031dd4a9d4b2@group-1F2C47812506-FollowerState] INFO  server.RaftServerConfigKeys (ConfUtils.java:logGet(46)) - raft.server.leaderelection.pre-vote = false (custom)
2022-10-20 01:29:41,494 [2f412ea8-0081-4ad7-b64d-031dd4a9d4b2@group-1F2C47812506-FollowerState] INFO  impl.RoleInfo (RoleInfo.java:updateAndGet(139)) - 2f412ea8-0081-4ad7-b64d-031dd4a9d4b2: start 2f412ea8-0081-4ad7-b64d-031dd4a9d4b2@group-1F2C47812506-LeaderElection6
2022-10-20 01:29:41,506 [2f412ea8-0081-4ad7-b64d-031dd4a9d4b2@group-1F2C47812506-LeaderElection6] INFO  impl.LeaderElection (LeaderElection.java:askForVotes(312)) - 2f412ea8-0081-4ad7-b64d-031dd4a9d4b2@group-1F2C47812506-LeaderElection6 ELECTION round 0: submit vote requests at term 1 for -1: peers:[2f412ea8-0081-4ad7-b64d-031dd4a9d4b2|rpc:10.1.0.77:43519|priority:1|startupRole:FOLLOWER]|listeners:[], old=null
2022-10-20 01:29:41,506 [2f412ea8-0081-4ad7-b64d-031dd4a9d4b2@group-1F2C47812506-LeaderElection6] INFO  impl.LeaderElection (LeaderElection.java:askForVotes(314)) - 2f412ea8-0081-4ad7-b64d-031dd4a9d4b2@group-1F2C47812506-LeaderElection6 ELECTION round 0: result PASSED (term=1)
2022-10-20 01:29:41,506 [2f412ea8-0081-4ad7-b64d-031dd4a9d4b2@group-1F2C47812506-LeaderElection6] INFO  impl.RoleInfo (RoleInfo.java:shutdownLeaderElection(130)) - 2f412ea8-0081-4ad7-b64d-031dd4a9d4b2: shutdown 2f412ea8-0081-4ad7-b64d-031dd4a9d4b2@group-1F2C47812506-LeaderElection6
2022-10-20 01:29:41,506 [2f412ea8-0081-4ad7-b64d-031dd4a9d4b2@group-1F2C47812506-LeaderElection6] INFO  server.RaftServer$Division (RaftServerImpl.java:setRole(321)) - 2f412ea8-0081-4ad7-b64d-031dd4a9d4b2@group-1F2C47812506: changes role from CANDIDATE to LEADER at term 1 for changeToLeader
2022-10-20 01:29:41,506 [2f412ea8-0081-4ad7-b64d-031dd4a9d4b2@group-1F2C47812506-LeaderElection6] INFO  ratis.XceiverServerRatis (XceiverServerRatis.java:handleLeaderChangedNotification(863)) - Leader change notification received for group: group-1F2C47812506 with new leaderId: 2f412ea8-0081-4ad7-b64d-031dd4a9d4b2
2022-10-20 01:29:41,508 [2f412ea8-0081-4ad7-b64d-031dd4a9d4b2@group-1F2C47812506-LeaderElection6] INFO  server.RaftServer$Division (ServerState.java:setLeader(313)) - 2f412ea8-0081-4ad7-b64d-031dd4a9d4b2@group-1F2C47812506: change Leader from null to 2f412ea8-0081-4ad7-b64d-031dd4a9d4b2 at term 1 for becomeLeader, leader elected after 5108ms
2022-10-20 01:29:41,508 [2f412ea8-0081-4ad7-b64d-031dd4a9d4b2@group-1F2C47812506-LeaderElection6] INFO  server.RaftServerConfigKeys (ConfUtils.java:logGet(46)) - raft.server.staging.catchup.gap = 1000 (default)
2022-10-20 01:29:41,508 [2f412ea8-0081-4ad7-b64d-031dd4a9d4b2@group-1F2C47812506-LeaderElection6] INFO  server.RaftServerConfigKeys (ConfUtils.java:logGet(46)) - raft.server.write.element-limit = 1024 (custom)
2022-10-20 01:29:41,508 [2f412ea8-0081-4ad7-b64d-031dd4a9d4b2@group-1F2C47812506-LeaderElection6] INFO  server.RaftServerConfigKeys (ConfUtils.java:logGet(46)) - raft.server.write.byte-limit = 1024 M (=1073741824) (custom)
2022-10-20 01:29:41,508 [2f412ea8-0081-4ad7-b64d-031dd4a9d4b2@group-1F2C47812506-LeaderElection6] INFO  server.RaftServerConfigKeys (ConfUtils.java:logGet(46)) - raft.server.watch.timeout = 180s (custom)
2022-10-20 01:29:41,508 [2f412ea8-0081-4ad7-b64d-031dd4a9d4b2@group-1F2C47812506-LeaderElection6] INFO  server.RaftServerConfigKeys (ConfUtils.java:logGet(46)) - raft.server.watch.timeout.denomination = 1s (default)
2022-10-20 01:29:41,508 [2f412ea8-0081-4ad7-b64d-031dd4a9d4b2@group-1F2C47812506-LeaderElection6] INFO  server.RaftServerConfigKeys (ConfUtils.java:logGet(46)) - raft.server.watch.element-limit = 65536 (default)
2022-10-20 01:29:41,509 [2f412ea8-0081-4ad7-b64d-031dd4a9d4b2@group-1F2C47812506-LeaderElection6] INFO  server.RaftServerConfigKeys (ConfUtils.java:logGet(46)) - raft.server.write.element-limit = 1024 (custom)
2022-10-20 01:29:41,509 [2f412ea8-0081-4ad7-b64d-031dd4a9d4b2@group-1F2C47812506-LeaderElection6] INFO  server.RaftServerConfigKeys (ConfUtils.java:logGet(46)) - raft.server.write.follower.gap.ratio.max = -1.0 (default)
2022-10-20 01:29:41,509 [2f412ea8-0081-4ad7-b64d-031dd4a9d4b2@group-1F2C47812506-LeaderElection6] INFO  impl.RoleInfo (RoleInfo.java:updateAndGet(139)) - 2f412ea8-0081-4ad7-b64d-031dd4a9d4b2: start 2f412ea8-0081-4ad7-b64d-031dd4a9d4b2@group-1F2C47812506-LeaderStateImpl
2022-10-20 01:29:41,509 [2f412ea8-0081-4ad7-b64d-031dd4a9d4b2@group-1F2C47812506-LeaderElection6] INFO  segmented.SegmentedRaftLogWorker (SegmentedRaftLogWorker.java:startLogSegment(452)) - 2f412ea8-0081-4ad7-b64d-031dd4a9d4b2@group-1F2C47812506-SegmentedRaftLogWorker: Starting segment from index:0
2022-10-20 01:29:41,510 [2f412ea8-0081-4ad7-b64d-031dd4a9d4b2@group-1F2C47812506-SegmentedRaftLogWorker] INFO  segmented.SegmentedRaftLogWorker (SegmentedRaftLogWorker.java:execute(656)) - 2f412ea8-0081-4ad7-b64d-031dd4a9d4b2@group-1F2C47812506-SegmentedRaftLogWorker: created new log segment /home/runner/work/ozone/ozone/hadoop-ozone/integration-test/target/test-dir/MiniOzoneClusterImpl-1c2b738d-be74-4a40-b887-8630efe04021/datanode-2/data/ratis/2602b44d-7da8-49f1-b378-1f2c47812506/current/log_inprogress_0
2022-10-20 01:29:41,512 [2f412ea8-0081-4ad7-b64d-031dd4a9d4b2@group-1F2C47812506-LeaderElection6] INFO  server.RaftServer$Division (ServerState.java:setRaftConf(430)) - 2f412ea8-0081-4ad7-b64d-031dd4a9d4b2@group-1F2C47812506: set configuration 0: peers:[2f412ea8-0081-4ad7-b64d-031dd4a9d4b2|rpc:10.1.0.77:43519|dataStream:|priority:1|startupRole:FOLLOWER]|listeners:[], old=null
2022-10-20 01:29:41,723 [Listener at 127.0.0.1/41123] INFO  ozone.MiniOzoneClusterImpl (MiniOzoneClusterImpl.java:lambda$waitForClusterToBeReady$0(216)) - Nodes are ready. Got 10 of 10 DN Heartbeats.
2022-10-20 01:29:41,723 [Listener at 127.0.0.1/41123] INFO  ozone.MiniOzoneClusterImpl (MiniOzoneClusterImpl.java:lambda$waitForClusterToBeReady$0(219)) - Cluster exits safe mode
2022-10-20 01:29:41,723 [Listener at 127.0.0.1/41123] INFO  ozone.MiniOzoneClusterImpl (MiniOzoneClusterImpl.java:lambda$waitForClusterToBeReady$0(221)) - SCM became leader
2022-10-20 01:29:41,768 [0cbed28b-7e2e-4c55-93c4-a5222a360620@group-35C507FEBB33-FollowerState] INFO  impl.FollowerState (FollowerState.java:run(143)) - 0cbed28b-7e2e-4c55-93c4-a5222a360620@group-35C507FEBB33-FollowerState: change to CANDIDATE, lastRpcElapsedTime:5024129652ns, electionTimeout:5023ms
2022-10-20 01:29:41,768 [0cbed28b-7e2e-4c55-93c4-a5222a360620@group-35C507FEBB33-FollowerState] INFO  impl.RoleInfo (RoleInfo.java:shutdownFollowerState(110)) - 0cbed28b-7e2e-4c55-93c4-a5222a360620: shutdown 0cbed28b-7e2e-4c55-93c4-a5222a360620@group-35C507FEBB33-FollowerState
2022-10-20 01:29:41,768 [0cbed28b-7e2e-4c55-93c4-a5222a360620@group-35C507FEBB33-FollowerState] INFO  server.RaftServer$Division (RaftServerImpl.java:setRole(321)) - 0cbed28b-7e2e-4c55-93c4-a5222a360620@group-35C507FEBB33: changes role from  FOLLOWER to CANDIDATE at term 0 for changeToCandidate
2022-10-20 01:29:41,769 [0cbed28b-7e2e-4c55-93c4-a5222a360620@group-35C507FEBB33-FollowerState] INFO  server.RaftServerConfigKeys (ConfUtils.java:logGet(46)) - raft.server.leaderelection.pre-vote = false (custom)
2022-10-20 01:29:41,769 [0cbed28b-7e2e-4c55-93c4-a5222a360620@group-35C507FEBB33-FollowerState] INFO  impl.RoleInfo (RoleInfo.java:updateAndGet(139)) - 0cbed28b-7e2e-4c55-93c4-a5222a360620: start 0cbed28b-7e2e-4c55-93c4-a5222a360620@group-35C507FEBB33-LeaderElection7
2022-10-20 01:29:41,779 [0cbed28b-7e2e-4c55-93c4-a5222a360620@group-35C507FEBB33-LeaderElection7] INFO  impl.LeaderElection (LeaderElection.java:askForVotes(312)) - 0cbed28b-7e2e-4c55-93c4-a5222a360620@group-35C507FEBB33-LeaderElection7 ELECTION round 0: submit vote requests at term 1 for -1: peers:[0cbed28b-7e2e-4c55-93c4-a5222a360620|rpc:10.1.0.77:41783|priority:1|startupRole:FOLLOWER]|listeners:[], old=null
2022-10-20 01:29:41,779 [0cbed28b-7e2e-4c55-93c4-a5222a360620@group-35C507FEBB33-LeaderElection7] INFO  impl.LeaderElection (LeaderElection.java:askForVotes(314)) - 0cbed28b-7e2e-4c55-93c4-a5222a360620@group-35C507FEBB33-LeaderElection7 ELECTION round 0: result PASSED (term=1)
2022-10-20 01:29:41,779 [0cbed28b-7e2e-4c55-93c4-a5222a360620@group-35C507FEBB33-LeaderElection7] INFO  impl.RoleInfo (RoleInfo.java:shutdownLeaderElection(130)) - 0cbed28b-7e2e-4c55-93c4-a5222a360620: shutdown 0cbed28b-7e2e-4c55-93c4-a5222a360620@group-35C507FEBB33-LeaderElection7
2022-10-20 01:29:41,779 [0cbed28b-7e2e-4c55-93c4-a5222a360620@group-35C507FEBB33-LeaderElection7] INFO  server.RaftServer$Division (RaftServerImpl.java:setRole(321)) - 0cbed28b-7e2e-4c55-93c4-a5222a360620@group-35C507FEBB33: changes role from CANDIDATE to LEADER at term 1 for changeToLeader
2022-10-20 01:29:41,779 [0cbed28b-7e2e-4c55-93c4-a5222a360620@group-35C507FEBB33-LeaderElection7] INFO  ratis.XceiverServerRatis (XceiverServerRatis.java:handleLeaderChangedNotification(863)) - Leader change notification received for group: group-35C507FEBB33 with new leaderId: 0cbed28b-7e2e-4c55-93c4-a5222a360620
2022-10-20 01:29:41,779 [0cbed28b-7e2e-4c55-93c4-a5222a360620@group-35C507FEBB33-LeaderElection7] INFO  server.RaftServer$Division (ServerState.java:setLeader(313)) - 0cbed28b-7e2e-4c55-93c4-a5222a360620@group-35C507FEBB33: change Leader from null to 0cbed28b-7e2e-4c55-93c4-a5222a360620 at term 1 for becomeLeader, leader elected after 5044ms
2022-10-20 01:29:41,779 [0cbed28b-7e2e-4c55-93c4-a5222a360620@group-35C507FEBB33-LeaderElection7] INFO  server.RaftServerConfigKeys (ConfUtils.java:logGet(46)) - raft.server.staging.catchup.gap = 1000 (default)
2022-10-20 01:29:41,779 [0cbed28b-7e2e-4c55-93c4-a5222a360620@group-35C507FEBB33-LeaderElection7] INFO  server.RaftServerConfigKeys (ConfUtils.java:logGet(46)) - raft.server.write.element-limit = 1024 (custom)
2022-10-20 01:29:41,779 [0cbed28b-7e2e-4c55-93c4-a5222a360620@group-35C507FEBB33-LeaderElection7] INFO  server.RaftServerConfigKeys (ConfUtils.java:logGet(46)) - raft.server.write.byte-limit = 1024 M (=1073741824) (custom)
2022-10-20 01:29:41,780 [0cbed28b-7e2e-4c55-93c4-a5222a360620@group-35C507FEBB33-LeaderElection7] INFO  server.RaftServerConfigKeys (ConfUtils.java:logGet(46)) - raft.server.watch.timeout = 180s (custom)
2022-10-20 01:29:41,780 [0cbed28b-7e2e-4c55-93c4-a5222a360620@group-35C507FEBB33-LeaderElection7] INFO  server.RaftServerConfigKeys (ConfUtils.java:logGet(46)) - raft.server.watch.timeout.denomination = 1s (default)
2022-10-20 01:29:41,780 [0cbed28b-7e2e-4c55-93c4-a5222a360620@group-35C507FEBB33-LeaderElection7] INFO  server.RaftServerConfigKeys (ConfUtils.java:logGet(46)) - raft.server.watch.element-limit = 65536 (default)
2022-10-20 01:29:41,780 [0cbed28b-7e2e-4c55-93c4-a5222a360620@group-35C507FEBB33-LeaderElection7] INFO  server.RaftServerConfigKeys (ConfUtils.java:logGet(46)) - raft.server.write.element-limit = 1024 (custom)
2022-10-20 01:29:41,780 [0cbed28b-7e2e-4c55-93c4-a5222a360620@group-35C507FEBB33-LeaderElection7] INFO  server.RaftServerConfigKeys (ConfUtils.java:logGet(46)) - raft.server.write.follower.gap.ratio.max = -1.0 (default)
2022-10-20 01:29:41,780 [0cbed28b-7e2e-4c55-93c4-a5222a360620@group-35C507FEBB33-LeaderElection7] INFO  impl.RoleInfo (RoleInfo.java:updateAndGet(139)) - 0cbed28b-7e2e-4c55-93c4-a5222a360620: start 0cbed28b-7e2e-4c55-93c4-a5222a360620@group-35C507FEBB33-LeaderStateImpl
2022-10-20 01:29:41,780 [0cbed28b-7e2e-4c55-93c4-a5222a360620@group-35C507FEBB33-LeaderElection7] INFO  segmented.SegmentedRaftLogWorker (SegmentedRaftLogWorker.java:startLogSegment(452)) - 0cbed28b-7e2e-4c55-93c4-a5222a360620@group-35C507FEBB33-SegmentedRaftLogWorker: Starting segment from index:0
2022-10-20 01:29:41,783 [0cbed28b-7e2e-4c55-93c4-a5222a360620@group-35C507FEBB33-SegmentedRaftLogWorker] INFO  segmented.SegmentedRaftLogWorker (SegmentedRaftLogWorker.java:execute(656)) - 0cbed28b-7e2e-4c55-93c4-a5222a360620@group-35C507FEBB33-SegmentedRaftLogWorker: created new log segment /home/runner/work/ozone/ozone/hadoop-ozone/integration-test/target/test-dir/MiniOzoneClusterImpl-1c2b738d-be74-4a40-b887-8630efe04021/datanode-3/data/ratis/acb19e7a-effa-4b36-9e10-35c507febb33/current/log_inprogress_0
2022-10-20 01:29:41,798 [0cbed28b-7e2e-4c55-93c4-a5222a360620@group-35C507FEBB33-LeaderElection7] INFO  server.RaftServer$Division (ServerState.java:setRaftConf(430)) - 0cbed28b-7e2e-4c55-93c4-a5222a360620@group-35C507FEBB33: set configuration 0: peers:[0cbed28b-7e2e-4c55-93c4-a5222a360620|rpc:10.1.0.77:41783|dataStream:|priority:1|startupRole:FOLLOWER]|listeners:[], old=null
2022-10-20 01:29:41,845 [0cbed28b-7e2e-4c55-93c4-a5222a360620@group-C5DF1AF2A9A6-FollowerState] INFO  impl.FollowerState (FollowerState.java:run(143)) - 0cbed28b-7e2e-4c55-93c4-a5222a360620@group-C5DF1AF2A9A6-FollowerState: change to CANDIDATE, lastRpcElapsedTime:5084227725ns, electionTimeout:5083ms
2022-10-20 01:29:41,845 [0cbed28b-7e2e-4c55-93c4-a5222a360620@group-C5DF1AF2A9A6-FollowerState] INFO  impl.RoleInfo (RoleInfo.java:shutdownFollowerState(110)) - 0cbed28b-7e2e-4c55-93c4-a5222a360620: shutdown 0cbed28b-7e2e-4c55-93c4-a5222a360620@group-C5DF1AF2A9A6-FollowerState
2022-10-20 01:29:41,845 [0cbed28b-7e2e-4c55-93c4-a5222a360620@group-C5DF1AF2A9A6-FollowerState] INFO  server.RaftServer$Division (RaftServerImpl.java:setRole(321)) - 0cbed28b-7e2e-4c55-93c4-a5222a360620@group-C5DF1AF2A9A6: changes role from  FOLLOWER to CANDIDATE at term 0 for changeToCandidate
2022-10-20 01:29:41,845 [0cbed28b-7e2e-4c55-93c4-a5222a360620@group-C5DF1AF2A9A6-FollowerState] INFO  server.RaftServerConfigKeys (ConfUtils.java:logGet(46)) - raft.server.leaderelection.pre-vote = false (custom)
2022-10-20 01:29:41,845 [0cbed28b-7e2e-4c55-93c4-a5222a360620@group-C5DF1AF2A9A6-FollowerState] INFO  impl.RoleInfo (RoleInfo.java:updateAndGet(139)) - 0cbed28b-7e2e-4c55-93c4-a5222a360620: start 0cbed28b-7e2e-4c55-93c4-a5222a360620@group-C5DF1AF2A9A6-LeaderElection8
2022-10-20 01:29:41,868 [0cbed28b-7e2e-4c55-93c4-a5222a360620@group-C5DF1AF2A9A6-LeaderElection8] INFO  impl.LeaderElection (LeaderElection.java:askForVotes(312)) - 0cbed28b-7e2e-4c55-93c4-a5222a360620@group-C5DF1AF2A9A6-LeaderElection8 ELECTION round 0: submit vote requests at term 1 for -1: peers:[6712d1d5-3f8e-46d5-b100-7ccc5411605f|rpc:10.1.0.77:37929|priority:0|startupRole:FOLLOWER, 0cbed28b-7e2e-4c55-93c4-a5222a360620|rpc:10.1.0.77:41783|priority:0|startupRole:FOLLOWER, 2c0de523-4fef-49d4-a7e7-019bfd407efe|rpc:10.1.0.77:37771|priority:1|startupRole:FOLLOWER]|listeners:[], old=null
2022-10-20 01:29:41,883 [0cbed28b-7e2e-4c55-93c4-a5222a360620@group-C5DF1AF2A9A6-LeaderElection8-1] INFO  server.GrpcServerProtocolClient (GrpcServerProtocolClient.java:<init>(63)) - Build channel for 6712d1d5-3f8e-46d5-b100-7ccc5411605f
2022-10-20 01:29:41,886 [0cbed28b-7e2e-4c55-93c4-a5222a360620@group-C5DF1AF2A9A6-LeaderElection8] INFO  server.RaftServerConfigKeys (ConfUtils.java:logFallback(53)) - raft.server.rpc.first-election.timeout.min = 5s (fallback to raft.server.rpc.timeout.min)
2022-10-20 01:29:41,886 [0cbed28b-7e2e-4c55-93c4-a5222a360620@group-C5DF1AF2A9A6-LeaderElection8] INFO  server.RaftServerConfigKeys (ConfUtils.java:logFallback(53)) - raft.server.rpc.first-election.timeout.max = 5200ms (fallback to raft.server.rpc.timeout.max)
2022-10-20 01:29:41,886 [0cbed28b-7e2e-4c55-93c4-a5222a360620@group-C5DF1AF2A9A6-LeaderElection8-2] INFO  server.GrpcServerProtocolClient (GrpcServerProtocolClient.java:<init>(63)) - Build channel for 2c0de523-4fef-49d4-a7e7-019bfd407efe
2022-10-20 01:29:41,895 [grpc-default-executor-1] INFO  server.RaftServer$Division (RaftServerImpl.java:requestVote(1218)) - 2c0de523-4fef-49d4-a7e7-019bfd407efe@group-C5DF1AF2A9A6: receive requestVote(ELECTION, 0cbed28b-7e2e-4c55-93c4-a5222a360620, group-C5DF1AF2A9A6, 1, (t:0, i:0))
2022-10-20 01:29:41,895 [grpc-default-executor-1] INFO  impl.VoteContext (VoteContext.java:log(48)) - 2c0de523-4fef-49d4-a7e7-019bfd407efe@group-C5DF1AF2A9A6-FOLLOWER: reject ELECTION from 0cbed28b-7e2e-4c55-93c4-a5222a360620: our priority 1 > candidate's priority 0
2022-10-20 01:29:41,895 [grpc-default-executor-1] INFO  server.RaftServer$Division (RaftServerImpl.java:setRole(321)) - 2c0de523-4fef-49d4-a7e7-019bfd407efe@group-C5DF1AF2A9A6: changes role from  FOLLOWER to FOLLOWER at term 1 for candidate:0cbed28b-7e2e-4c55-93c4-a5222a360620
2022-10-20 01:29:41,895 [grpc-default-executor-1] INFO  impl.RoleInfo (RoleInfo.java:shutdownFollowerState(110)) - 2c0de523-4fef-49d4-a7e7-019bfd407efe: shutdown 2c0de523-4fef-49d4-a7e7-019bfd407efe@group-C5DF1AF2A9A6-FollowerState
2022-10-20 01:29:41,895 [grpc-default-executor-1] INFO  impl.RoleInfo (RoleInfo.java:updateAndGet(139)) - 2c0de523-4fef-49d4-a7e7-019bfd407efe: start 2c0de523-4fef-49d4-a7e7-019bfd407efe@group-C5DF1AF2A9A6-FollowerState
2022-10-20 01:29:41,895 [2c0de523-4fef-49d4-a7e7-019bfd407efe@group-C5DF1AF2A9A6-FollowerState] INFO  impl.FollowerState (FollowerState.java:run(152)) - 2c0de523-4fef-49d4-a7e7-019bfd407efe@group-C5DF1AF2A9A6-FollowerState was interrupted
2022-10-20 01:29:41,906 [6712d1d5-3f8e-46d5-b100-7ccc5411605f@group-C5DF1AF2A9A6-FollowerState] INFO  impl.FollowerState (FollowerState.java:run(143)) - 6712d1d5-3f8e-46d5-b100-7ccc5411605f@group-C5DF1AF2A9A6-FollowerState: change to CANDIDATE, lastRpcElapsedTime:5072667607ns, electionTimeout:5059ms
2022-10-20 01:29:41,906 [6712d1d5-3f8e-46d5-b100-7ccc5411605f@group-C5DF1AF2A9A6-FollowerState] INFO  impl.RoleInfo (RoleInfo.java:shutdownFollowerState(110)) - 6712d1d5-3f8e-46d5-b100-7ccc5411605f: shutdown 6712d1d5-3f8e-46d5-b100-7ccc5411605f@group-C5DF1AF2A9A6-FollowerState
2022-10-20 01:29:41,906 [2c0de523-4fef-49d4-a7e7-019bfd407efe@group-3562DEAE299E-FollowerState] INFO  impl.FollowerState (FollowerState.java:run(143)) - 2c0de523-4fef-49d4-a7e7-019bfd407efe@group-3562DEAE299E-FollowerState: change to CANDIDATE, lastRpcElapsedTime:5014370422ns, electionTimeout:5005ms
2022-10-20 01:29:41,906 [6712d1d5-3f8e-46d5-b100-7ccc5411605f@group-C5DF1AF2A9A6-FollowerState] INFO  server.RaftServer$Division (RaftServerImpl.java:setRole(321)) - 6712d1d5-3f8e-46d5-b100-7ccc5411605f@group-C5DF1AF2A9A6: changes role from  FOLLOWER to CANDIDATE at term 0 for changeToCandidate
2022-10-20 01:29:41,906 [6712d1d5-3f8e-46d5-b100-7ccc5411605f@group-C5DF1AF2A9A6-FollowerState] INFO  server.RaftServerConfigKeys (ConfUtils.java:logGet(46)) - raft.server.leaderelection.pre-vote = false (custom)
2022-10-20 01:29:41,906 [2c0de523-4fef-49d4-a7e7-019bfd407efe@group-3562DEAE299E-FollowerState] INFO  impl.RoleInfo (RoleInfo.java:shutdownFollowerState(110)) - 2c0de523-4fef-49d4-a7e7-019bfd407efe: shutdown 2c0de523-4fef-49d4-a7e7-019bfd407efe@group-3562DEAE299E-FollowerState
2022-10-20 01:29:41,906 [6712d1d5-3f8e-46d5-b100-7ccc5411605f@group-C5DF1AF2A9A6-FollowerState] INFO  impl.RoleInfo (RoleInfo.java:updateAndGet(139)) - 6712d1d5-3f8e-46d5-b100-7ccc5411605f: start 6712d1d5-3f8e-46d5-b100-7ccc5411605f@group-C5DF1AF2A9A6-LeaderElection9
2022-10-20 01:29:41,906 [2c0de523-4fef-49d4-a7e7-019bfd407efe@group-3562DEAE299E-FollowerState] INFO  server.RaftServer$Division (RaftServerImpl.java:setRole(321)) - 2c0de523-4fef-49d4-a7e7-019bfd407efe@group-3562DEAE299E: changes role from  FOLLOWER to CANDIDATE at term 0 for changeToCandidate
2022-10-20 01:29:41,909 [0cbed28b-7e2e-4c55-93c4-a5222a360620@group-3562DEAE299E-FollowerState] INFO  impl.FollowerState (FollowerState.java:run(143)) - 0cbed28b-7e2e-4c55-93c4-a5222a360620@group-3562DEAE299E-FollowerState: change to CANDIDATE, lastRpcElapsedTime:5048388680ns, electionTimeout:5046ms
2022-10-20 01:29:41,909 [0cbed28b-7e2e-4c55-93c4-a5222a360620@group-3562DEAE299E-FollowerState] INFO  impl.RoleInfo (RoleInfo.java:shutdownFollowerState(110)) - 0cbed28b-7e2e-4c55-93c4-a5222a360620: shutdown 0cbed28b-7e2e-4c55-93c4-a5222a360620@group-3562DEAE299E-FollowerState
2022-10-20 01:29:41,909 [0cbed28b-7e2e-4c55-93c4-a5222a360620@group-3562DEAE299E-FollowerState] INFO  server.RaftServer$Division (RaftServerImpl.java:setRole(321)) - 0cbed28b-7e2e-4c55-93c4-a5222a360620@group-3562DEAE299E: changes role from  FOLLOWER to CANDIDATE at term 0 for changeToCandidate
2022-10-20 01:29:41,911 [2c0de523-4fef-49d4-a7e7-019bfd407efe@group-C5DF1AF2A9A6-FollowerState] INFO  server.RaftServerConfigKeys (ConfUtils.java:logFallback(53)) - raft.server.rpc.first-election.timeout.min = 5s (fallback to raft.server.rpc.timeout.min)
2022-10-20 01:29:41,911 [2c0de523-4fef-49d4-a7e7-019bfd407efe@group-C5DF1AF2A9A6-FollowerState] INFO  server.RaftServerConfigKeys (ConfUtils.java:logFallback(53)) - raft.server.rpc.first-election.timeout.max = 5200ms (fallback to raft.server.rpc.timeout.max)
2022-10-20 01:29:41,912 [0cbed28b-7e2e-4c55-93c4-a5222a360620@group-3562DEAE299E-FollowerState] INFO  server.RaftServerConfigKeys (ConfUtils.java:logGet(46)) - raft.server.leaderelection.pre-vote = false (custom)
2022-10-20 01:29:41,912 [0cbed28b-7e2e-4c55-93c4-a5222a360620@group-3562DEAE299E-FollowerState] INFO  impl.RoleInfo (RoleInfo.java:updateAndGet(139)) - 0cbed28b-7e2e-4c55-93c4-a5222a360620: start 0cbed28b-7e2e-4c55-93c4-a5222a360620@group-3562DEAE299E-LeaderElection11
2022-10-20 01:29:41,912 [grpc-default-executor-1] INFO  server.RaftServer$Division (RaftServerImpl.java:requestVote(1251)) - 2c0de523-4fef-49d4-a7e7-019bfd407efe@group-C5DF1AF2A9A6 replies to ELECTION vote request: 0cbed28b-7e2e-4c55-93c4-a5222a360620<-2c0de523-4fef-49d4-a7e7-019bfd407efe#0:FAIL-t1. Peer's state: 2c0de523-4fef-49d4-a7e7-019bfd407efe@group-C5DF1AF2A9A6:t1, leader=null, voted=null, raftlog=Memoized:2c0de523-4fef-49d4-a7e7-019bfd407efe@group-C5DF1AF2A9A6-SegmentedRaftLog:OPENED:c-1, conf=-1: peers:[6712d1d5-3f8e-46d5-b100-7ccc5411605f|rpc:10.1.0.77:37929|dataStream:|priority:0|startupRole:FOLLOWER, 0cbed28b-7e2e-4c55-93c4-a5222a360620|rpc:10.1.0.77:41783|dataStream:|priority:0|startupRole:FOLLOWER, 2c0de523-4fef-49d4-a7e7-019bfd407efe|rpc:10.1.0.77:37771|dataStream:|priority:1|startupRole:FOLLOWER]|listeners:[], old=null
2022-10-20 01:29:41,933 [2c0de523-4fef-49d4-a7e7-019bfd407efe@group-3562DEAE299E-FollowerState] INFO  server.RaftServerConfigKeys (ConfUtils.java:logGet(46)) - raft.server.leaderelection.pre-vote = false (custom)
2022-10-20 01:29:41,933 [2c0de523-4fef-49d4-a7e7-019bfd407efe@group-3562DEAE299E-FollowerState] INFO  impl.RoleInfo (RoleInfo.java:updateAndGet(139)) - 2c0de523-4fef-49d4-a7e7-019bfd407efe: start 2c0de523-4fef-49d4-a7e7-019bfd407efe@group-3562DEAE299E-LeaderElection10
2022-10-20 01:29:41,933 [grpc-default-executor-2] INFO  server.RaftServer$Division (RaftServerImpl.java:requestVote(1218)) - 6712d1d5-3f8e-46d5-b100-7ccc5411605f@group-C5DF1AF2A9A6: receive requestVote(ELECTION, 0cbed28b-7e2e-4c55-93c4-a5222a360620, group-C5DF1AF2A9A6, 1, (t:0, i:0))
2022-10-20 01:29:41,934 [grpc-default-executor-2] INFO  impl.VoteContext (VoteContext.java:log(48)) - 6712d1d5-3f8e-46d5-b100-7ccc5411605f@group-C5DF1AF2A9A6-CANDIDATE: accept ELECTION from 0cbed28b-7e2e-4c55-93c4-a5222a360620: our priority 0 <= candidate's priority 0
2022-10-20 01:29:41,934 [grpc-default-executor-2] INFO  server.RaftServer$Division (RaftServerImpl.java:setRole(321)) - 6712d1d5-3f8e-46d5-b100-7ccc5411605f@group-C5DF1AF2A9A6: changes role from CANDIDATE to FOLLOWER at term 1 for candidate:0cbed28b-7e2e-4c55-93c4-a5222a360620
2022-10-20 01:29:41,934 [grpc-default-executor-2] INFO  impl.RoleInfo (RoleInfo.java:shutdownLeaderElection(130)) - 6712d1d5-3f8e-46d5-b100-7ccc5411605f: shutdown 6712d1d5-3f8e-46d5-b100-7ccc5411605f@group-C5DF1AF2A9A6-LeaderElection9
2022-10-20 01:29:41,934 [grpc-default-executor-2] INFO  impl.RoleInfo (RoleInfo.java:updateAndGet(139)) - 6712d1d5-3f8e-46d5-b100-7ccc5411605f: start 6712d1d5-3f8e-46d5-b100-7ccc5411605f@group-C5DF1AF2A9A6-FollowerState
2022-10-20 01:29:41,944 [grpc-default-executor-2] INFO  server.RaftServer$Division (RaftServerImpl.java:requestVote(1251)) - 6712d1d5-3f8e-46d5-b100-7ccc5411605f@group-C5DF1AF2A9A6 replies to ELECTION vote request: 0cbed28b-7e2e-4c55-93c4-a5222a360620<-6712d1d5-3f8e-46d5-b100-7ccc5411605f#0:OK-t1. Peer's state: 6712d1d5-3f8e-46d5-b100-7ccc5411605f@group-C5DF1AF2A9A6:t1, leader=null, voted=0cbed28b-7e2e-4c55-93c4-a5222a360620, raftlog=Memoized:6712d1d5-3f8e-46d5-b100-7ccc5411605f@group-C5DF1AF2A9A6-SegmentedRaftLog:OPENED:c-1, conf=-1: peers:[6712d1d5-3f8e-46d5-b100-7ccc5411605f|rpc:10.1.0.77:37929|dataStream:|priority:0|startupRole:FOLLOWER, 0cbed28b-7e2e-4c55-93c4-a5222a360620|rpc:10.1.0.77:41783|dataStream:|priority:0|startupRole:FOLLOWER, 2c0de523-4fef-49d4-a7e7-019bfd407efe|rpc:10.1.0.77:37771|dataStream:|priority:1|startupRole:FOLLOWER]|listeners:[], old=null
2022-10-20 01:29:41,944 [0cbed28b-7e2e-4c55-93c4-a5222a360620@group-C5DF1AF2A9A6-LeaderElection8] INFO  impl.LeaderElection (LeaderElection.java:logAndReturn(90)) - 0cbed28b-7e2e-4c55-93c4-a5222a360620@group-C5DF1AF2A9A6-LeaderElection8: ELECTION REJECTED received 1 response(s) and 0 exception(s):
2022-10-20 01:29:41,944 [0cbed28b-7e2e-4c55-93c4-a5222a360620@group-C5DF1AF2A9A6-LeaderElection8] INFO  impl.LeaderElection (LeaderElection.java:logAndReturn(94)) -   Response 0: 0cbed28b-7e2e-4c55-93c4-a5222a360620<-2c0de523-4fef-49d4-a7e7-019bfd407efe#0:FAIL-t1
2022-10-20 01:29:41,944 [0cbed28b-7e2e-4c55-93c4-a5222a360620@group-C5DF1AF2A9A6-LeaderElection8] INFO  impl.LeaderElection (LeaderElection.java:askForVotes(314)) - 0cbed28b-7e2e-4c55-93c4-a5222a360620@group-C5DF1AF2A9A6-LeaderElection8 ELECTION round 0: result REJECTED
2022-10-20 01:29:41,945 [0cbed28b-7e2e-4c55-93c4-a5222a360620@group-C5DF1AF2A9A6-LeaderElection8] INFO  server.RaftServer$Division (RaftServerImpl.java:setRole(321)) - 0cbed28b-7e2e-4c55-93c4-a5222a360620@group-C5DF1AF2A9A6: changes role from CANDIDATE to FOLLOWER at term 1 for REJECTED
2022-10-20 01:29:41,945 [0cbed28b-7e2e-4c55-93c4-a5222a360620@group-C5DF1AF2A9A6-LeaderElection8] INFO  impl.RoleInfo (RoleInfo.java:shutdownLeaderElection(130)) - 0cbed28b-7e2e-4c55-93c4-a5222a360620: shutdown 0cbed28b-7e2e-4c55-93c4-a5222a360620@group-C5DF1AF2A9A6-LeaderElection8
2022-10-20 01:29:41,945 [0cbed28b-7e2e-4c55-93c4-a5222a360620@group-C5DF1AF2A9A6-LeaderElection8] INFO  impl.RoleInfo (RoleInfo.java:updateAndGet(139)) - 0cbed28b-7e2e-4c55-93c4-a5222a360620: start 0cbed28b-7e2e-4c55-93c4-a5222a360620@group-C5DF1AF2A9A6-FollowerState
2022-10-20 01:29:41,950 [6712d1d5-3f8e-46d5-b100-7ccc5411605f@group-C5DF1AF2A9A6-FollowerState] INFO  server.RaftServerConfigKeys (ConfUtils.java:logFallback(53)) - raft.server.rpc.first-election.timeout.min = 5s (fallback to raft.server.rpc.timeout.min)
2022-10-20 01:29:41,950 [6712d1d5-3f8e-46d5-b100-7ccc5411605f@group-C5DF1AF2A9A6-FollowerState] INFO  server.RaftServerConfigKeys (ConfUtils.java:logFallback(53)) - raft.server.rpc.first-election.timeout.max = 5200ms (fallback to raft.server.rpc.timeout.max)
2022-10-20 01:29:41,951 [0cbed28b-7e2e-4c55-93c4-a5222a360620@group-3562DEAE299E-LeaderElection11] INFO  impl.LeaderElection (LeaderElection.java:askForVotes(312)) - 0cbed28b-7e2e-4c55-93c4-a5222a360620@group-3562DEAE299E-LeaderElection11 ELECTION round 0: submit vote requests at term 1 for -1: peers:[6712d1d5-3f8e-46d5-b100-7ccc5411605f|rpc:10.1.0.77:37929|priority:0|startupRole:FOLLOWER, 0cbed28b-7e2e-4c55-93c4-a5222a360620|rpc:10.1.0.77:41783|priority:1|startupRole:FOLLOWER, 2c0de523-4fef-49d4-a7e7-019bfd407efe|rpc:10.1.0.77:37771|priority:0|startupRole:FOLLOWER]|listeners:[], old=null
2022-10-20 01:29:41,958 [0cbed28b-7e2e-4c55-93c4-a5222a360620@group-3562DEAE299E-LeaderElection11] INFO  server.RaftServerConfigKeys (ConfUtils.java:logFallback(53)) - raft.server.rpc.first-election.timeout.min = 5s (fallback to raft.server.rpc.timeout.min)
2022-10-20 01:29:41,958 [0cbed28b-7e2e-4c55-93c4-a5222a360620@group-C5DF1AF2A9A6-FollowerState] INFO  server.RaftServerConfigKeys (ConfUtils.java:logFallback(53)) - raft.server.rpc.first-election.timeout.min = 5s (fallback to raft.server.rpc.timeout.min)
2022-10-20 01:29:41,958 [0cbed28b-7e2e-4c55-93c4-a5222a360620@group-C5DF1AF2A9A6-FollowerState] INFO  server.RaftServerConfigKeys (ConfUtils.java:logFallback(53)) - raft.server.rpc.first-election.timeout.max = 5200ms (fallback to raft.server.rpc.timeout.max)
2022-10-20 01:29:41,958 [0cbed28b-7e2e-4c55-93c4-a5222a360620@group-3562DEAE299E-LeaderElection11] INFO  server.RaftServerConfigKeys (ConfUtils.java:logFallback(53)) - raft.server.rpc.first-election.timeout.max = 5200ms (fallback to raft.server.rpc.timeout.max)
2022-10-20 01:29:41,959 [2c0de523-4fef-49d4-a7e7-019bfd407efe@group-3562DEAE299E-LeaderElection10] INFO  impl.LeaderElection (LeaderElection.java:askForVotes(312)) - 2c0de523-4fef-49d4-a7e7-019bfd407efe@group-3562DEAE299E-LeaderElection10 ELECTION round 0: submit vote requests at term 1 for -1: peers:[6712d1d5-3f8e-46d5-b100-7ccc5411605f|rpc:10.1.0.77:37929|dataStream:|priority:0|startupRole:FOLLOWER, 0cbed28b-7e2e-4c55-93c4-a5222a360620|rpc:10.1.0.77:41783|dataStream:|priority:1|startupRole:FOLLOWER, 2c0de523-4fef-49d4-a7e7-019bfd407efe|rpc:10.1.0.77:37771|dataStream:|priority:0|startupRole:FOLLOWER]|listeners:[], old=null
2022-10-20 01:29:41,971 [grpc-default-executor-2] INFO  server.RaftServer$Division (RaftServerImpl.java:requestVote(1218)) - 6712d1d5-3f8e-46d5-b100-7ccc5411605f@group-3562DEAE299E: receive requestVote(ELECTION, 0cbed28b-7e2e-4c55-93c4-a5222a360620, group-3562DEAE299E, 1, (t:0, i:0))
2022-10-20 01:29:41,971 [grpc-default-executor-1] INFO  server.RaftServer$Division (RaftServerImpl.java:requestVote(1218)) - 2c0de523-4fef-49d4-a7e7-019bfd407efe@group-3562DEAE299E: receive requestVote(ELECTION, 0cbed28b-7e2e-4c55-93c4-a5222a360620, group-3562DEAE299E, 1, (t:0, i:0))
2022-10-20 01:29:41,971 [grpc-default-executor-2] INFO  impl.VoteContext (VoteContext.java:log(48)) - 6712d1d5-3f8e-46d5-b100-7ccc5411605f@group-3562DEAE299E-FOLLOWER: accept ELECTION from 0cbed28b-7e2e-4c55-93c4-a5222a360620: our priority 0 <= candidate's priority 1
2022-10-20 01:29:41,971 [grpc-default-executor-2] INFO  server.RaftServer$Division (RaftServerImpl.java:setRole(321)) - 6712d1d5-3f8e-46d5-b100-7ccc5411605f@group-3562DEAE299E: changes role from  FOLLOWER to FOLLOWER at term 1 for candidate:0cbed28b-7e2e-4c55-93c4-a5222a360620
2022-10-20 01:29:41,971 [grpc-default-executor-2] INFO  impl.RoleInfo (RoleInfo.java:shutdownFollowerState(110)) - 6712d1d5-3f8e-46d5-b100-7ccc5411605f: shutdown 6712d1d5-3f8e-46d5-b100-7ccc5411605f@group-3562DEAE299E-FollowerState
2022-10-20 01:29:41,971 [grpc-default-executor-2] INFO  impl.RoleInfo (RoleInfo.java:updateAndGet(139)) - 6712d1d5-3f8e-46d5-b100-7ccc5411605f: start 6712d1d5-3f8e-46d5-b100-7ccc5411605f@group-3562DEAE299E-FollowerState
2022-10-20 01:29:41,972 [6712d1d5-3f8e-46d5-b100-7ccc5411605f@group-3562DEAE299E-FollowerState] INFO  impl.FollowerState (FollowerState.java:run(152)) - 6712d1d5-3f8e-46d5-b100-7ccc5411605f@group-3562DEAE299E-FollowerState was interrupted
2022-10-20 01:29:41,972 [grpc-default-executor-1] INFO  impl.VoteContext (VoteContext.java:log(48)) - 2c0de523-4fef-49d4-a7e7-019bfd407efe@group-3562DEAE299E-CANDIDATE: reject ELECTION from 0cbed28b-7e2e-4c55-93c4-a5222a360620: already has voted for 2c0de523-4fef-49d4-a7e7-019bfd407efe at current term 1
2022-10-20 01:29:41,972 [grpc-default-executor-1] INFO  server.RaftServer$Division (RaftServerImpl.java:requestVote(1251)) - 2c0de523-4fef-49d4-a7e7-019bfd407efe@group-3562DEAE299E replies to ELECTION vote request: 0cbed28b-7e2e-4c55-93c4-a5222a360620<-2c0de523-4fef-49d4-a7e7-019bfd407efe#0:FAIL-t1. Peer's state: 2c0de523-4fef-49d4-a7e7-019bfd407efe@group-3562DEAE299E:t1, leader=null, voted=2c0de523-4fef-49d4-a7e7-019bfd407efe, raftlog=Memoized:2c0de523-4fef-49d4-a7e7-019bfd407efe@group-3562DEAE299E-SegmentedRaftLog:OPENED:c-1, conf=-1: peers:[6712d1d5-3f8e-46d5-b100-7ccc5411605f|rpc:10.1.0.77:37929|dataStream:|priority:0|startupRole:FOLLOWER, 0cbed28b-7e2e-4c55-93c4-a5222a360620|rpc:10.1.0.77:41783|dataStream:|priority:1|startupRole:FOLLOWER, 2c0de523-4fef-49d4-a7e7-019bfd407efe|rpc:10.1.0.77:37771|dataStream:|priority:0|startupRole:FOLLOWER]|listeners:[], old=null
2022-10-20 01:29:41,982 [2c0de523-4fef-49d4-a7e7-019bfd407efe@group-3562DEAE299E-LeaderElection10] INFO  server.RaftServerConfigKeys (ConfUtils.java:logFallback(53)) - raft.server.rpc.first-election.timeout.min = 5s (fallback to raft.server.rpc.timeout.min)
2022-10-20 01:29:41,982 [2c0de523-4fef-49d4-a7e7-019bfd407efe@group-3562DEAE299E-LeaderElection10] INFO  server.RaftServerConfigKeys (ConfUtils.java:logFallback(53)) - raft.server.rpc.first-election.timeout.max = 5200ms (fallback to raft.server.rpc.timeout.max)
2022-10-20 01:29:41,986 [2c0de523-4fef-49d4-a7e7-019bfd407efe@group-3562DEAE299E-LeaderElection10-1] INFO  server.GrpcServerProtocolClient (GrpcServerProtocolClient.java:<init>(63)) - Build channel for 6712d1d5-3f8e-46d5-b100-7ccc5411605f
2022-10-20 01:29:41,986 [grpc-default-executor-2] INFO  server.RaftServer$Division (RaftServerImpl.java:requestVote(1251)) - 6712d1d5-3f8e-46d5-b100-7ccc5411605f@group-3562DEAE299E replies to ELECTION vote request: 0cbed28b-7e2e-4c55-93c4-a5222a360620<-6712d1d5-3f8e-46d5-b100-7ccc5411605f#0:OK-t1. Peer's state: 6712d1d5-3f8e-46d5-b100-7ccc5411605f@group-3562DEAE299E:t1, leader=null, voted=0cbed28b-7e2e-4c55-93c4-a5222a360620, raftlog=Memoized:6712d1d5-3f8e-46d5-b100-7ccc5411605f@group-3562DEAE299E-SegmentedRaftLog:OPENED:c-1, conf=-1: peers:[6712d1d5-3f8e-46d5-b100-7ccc5411605f|rpc:10.1.0.77:37929|dataStream:|priority:0|startupRole:FOLLOWER, 0cbed28b-7e2e-4c55-93c4-a5222a360620|rpc:10.1.0.77:41783|dataStream:|priority:1|startupRole:FOLLOWER, 2c0de523-4fef-49d4-a7e7-019bfd407efe|rpc:10.1.0.77:37771|dataStream:|priority:0|startupRole:FOLLOWER]|listeners:[], old=null
2022-10-20 01:29:41,990 [2c0de523-4fef-49d4-a7e7-019bfd407efe@group-3562DEAE299E-LeaderElection10-2] INFO  server.GrpcServerProtocolClient (GrpcServerProtocolClient.java:<init>(63)) - Build channel for 0cbed28b-7e2e-4c55-93c4-a5222a360620
2022-10-20 01:29:41,999 [6712d1d5-3f8e-46d5-b100-7ccc5411605f@group-3562DEAE299E-FollowerState] INFO  server.RaftServerConfigKeys (ConfUtils.java:logFallback(53)) - raft.server.rpc.first-election.timeout.min = 5s (fallback to raft.server.rpc.timeout.min)
2022-10-20 01:29:41,999 [6712d1d5-3f8e-46d5-b100-7ccc5411605f@group-3562DEAE299E-FollowerState] INFO  server.RaftServerConfigKeys (ConfUtils.java:logFallback(53)) - raft.server.rpc.first-election.timeout.max = 5200ms (fallback to raft.server.rpc.timeout.max)
2022-10-20 01:29:42,002 [grpc-default-executor-1] INFO  server.RaftServer$Division (RaftServerImpl.java:requestVote(1218)) - 6712d1d5-3f8e-46d5-b100-7ccc5411605f@group-3562DEAE299E: receive requestVote(ELECTION, 2c0de523-4fef-49d4-a7e7-019bfd407efe, group-3562DEAE299E, 1, (t:0, i:0))
2022-10-20 01:29:42,002 [0cbed28b-7e2e-4c55-93c4-a5222a360620@group-3562DEAE299E-LeaderElection11] INFO  impl.LeaderElection (LeaderElection.java:logAndReturn(90)) - 0cbed28b-7e2e-4c55-93c4-a5222a360620@group-3562DEAE299E-LeaderElection11: ELECTION PASSED received 2 response(s) and 0 exception(s):
2022-10-20 01:29:42,002 [0cbed28b-7e2e-4c55-93c4-a5222a360620@group-3562DEAE299E-LeaderElection11] INFO  impl.LeaderElection (LeaderElection.java:logAndReturn(94)) -   Response 0: 0cbed28b-7e2e-4c55-93c4-a5222a360620<-6712d1d5-3f8e-46d5-b100-7ccc5411605f#0:OK-t1
2022-10-20 01:29:42,002 [0cbed28b-7e2e-4c55-93c4-a5222a360620@group-3562DEAE299E-LeaderElection11] INFO  impl.LeaderElection (LeaderElection.java:logAndReturn(94)) -   Response 1: 0cbed28b-7e2e-4c55-93c4-a5222a360620<-2c0de523-4fef-49d4-a7e7-019bfd407efe#0:FAIL-t1
2022-10-20 01:29:42,002 [0cbed28b-7e2e-4c55-93c4-a5222a360620@group-3562DEAE299E-LeaderElection11] INFO  impl.LeaderElection (LeaderElection.java:askForVotes(314)) - 0cbed28b-7e2e-4c55-93c4-a5222a360620@group-3562DEAE299E-LeaderElection11 ELECTION round 0: result PASSED
2022-10-20 01:29:42,002 [0cbed28b-7e2e-4c55-93c4-a5222a360620@group-3562DEAE299E-LeaderElection11] INFO  impl.RoleInfo (RoleInfo.java:shutdownLeaderElection(130)) - 0cbed28b-7e2e-4c55-93c4-a5222a360620: shutdown 0cbed28b-7e2e-4c55-93c4-a5222a360620@group-3562DEAE299E-LeaderElection11
2022-10-20 01:29:42,002 [0cbed28b-7e2e-4c55-93c4-a5222a360620@group-3562DEAE299E-LeaderElection11] INFO  server.RaftServer$Division (RaftServerImpl.java:setRole(321)) - 0cbed28b-7e2e-4c55-93c4-a5222a360620@group-3562DEAE299E: changes role from CANDIDATE to LEADER at term 1 for changeToLeader
2022-10-20 01:29:42,002 [0cbed28b-7e2e-4c55-93c4-a5222a360620@group-3562DEAE299E-LeaderElection11] INFO  ratis.XceiverServerRatis (XceiverServerRatis.java:handleLeaderChangedNotification(863)) - Leader change notification received for group: group-3562DEAE299E with new leaderId: 0cbed28b-7e2e-4c55-93c4-a5222a360620
2022-10-20 01:29:42,002 [0cbed28b-7e2e-4c55-93c4-a5222a360620@group-3562DEAE299E-LeaderElection11] INFO  server.RaftServer$Division (ServerState.java:setLeader(313)) - 0cbed28b-7e2e-4c55-93c4-a5222a360620@group-3562DEAE299E: change Leader from null to 0cbed28b-7e2e-4c55-93c4-a5222a360620 at term 1 for becomeLeader, leader elected after 5148ms
2022-10-20 01:29:42,002 [0cbed28b-7e2e-4c55-93c4-a5222a360620@group-3562DEAE299E-LeaderElection11] INFO  server.RaftServerConfigKeys (ConfUtils.java:logGet(46)) - raft.server.staging.catchup.gap = 1000 (default)
2022-10-20 01:29:42,003 [0cbed28b-7e2e-4c55-93c4-a5222a360620@group-3562DEAE299E-LeaderElection11] INFO  server.RaftServerConfigKeys (ConfUtils.java:logGet(46)) - raft.server.write.element-limit = 1024 (custom)
2022-10-20 01:29:42,003 [0cbed28b-7e2e-4c55-93c4-a5222a360620@group-3562DEAE299E-LeaderElection11] INFO  server.RaftServerConfigKeys (ConfUtils.java:logGet(46)) - raft.server.write.byte-limit = 1024 M (=1073741824) (custom)
2022-10-20 01:29:42,003 [0cbed28b-7e2e-4c55-93c4-a5222a360620@group-3562DEAE299E-LeaderElection11] INFO  server.RaftServerConfigKeys (ConfUtils.java:logGet(46)) - raft.server.watch.timeout = 180s (custom)
2022-10-20 01:29:42,003 [0cbed28b-7e2e-4c55-93c4-a5222a360620@group-3562DEAE299E-LeaderElection11] INFO  server.RaftServerConfigKeys (ConfUtils.java:logGet(46)) - raft.server.watch.timeout.denomination = 1s (default)
2022-10-20 01:29:42,003 [0cbed28b-7e2e-4c55-93c4-a5222a360620@group-3562DEAE299E-LeaderElection11] INFO  server.RaftServerConfigKeys (ConfUtils.java:logGet(46)) - raft.server.watch.element-limit = 65536 (default)
2022-10-20 01:29:42,003 [0cbed28b-7e2e-4c55-93c4-a5222a360620@group-3562DEAE299E-LeaderElection11] INFO  server.RaftServerConfigKeys (ConfUtils.java:logGet(46)) - raft.server.write.element-limit = 1024 (custom)
2022-10-20 01:29:42,003 [0cbed28b-7e2e-4c55-93c4-a5222a360620@group-3562DEAE299E-LeaderElection11] INFO  server.RaftServerConfigKeys (ConfUtils.java:logGet(46)) - raft.server.write.follower.gap.ratio.max = -1.0 (default)
2022-10-20 01:29:42,003 [0cbed28b-7e2e-4c55-93c4-a5222a360620@group-3562DEAE299E-LeaderElection11] INFO  server.RaftServerConfigKeys (ConfUtils.java:logGet(46)) - raft.server.log.appender.snapshot.chunk.size.max = 16MB (=16777216) (default)
2022-10-20 01:29:42,004 [0cbed28b-7e2e-4c55-93c4-a5222a360620@group-3562DEAE299E-LeaderElection11] INFO  server.RaftServerConfigKeys (ConfUtils.java:logGet(46)) - raft.server.log.appender.buffer.byte-limit = 33554432 (custom)
2022-10-20 01:29:42,004 [0cbed28b-7e2e-4c55-93c4-a5222a360620@group-3562DEAE299E-LeaderElection11] INFO  server.RaftServerConfigKeys (ConfUtils.java:logGet(46)) - raft.server.log.appender.buffer.element-limit = 1 (custom)
2022-10-20 01:29:42,006 [EventQueue-PipelineReportForPipelineReportHandler] INFO  pipeline.PipelineManagerImpl (PipelineManagerImpl.java:openPipeline(367)) - Pipeline Pipeline[ Id: 87ce7096-a76b-4beb-a627-3562deae299e, Nodes: 0cbed28b-7e2e-4c55-93c4-a5222a360620{ip: 10.1.0.77, host: fv-az625-379.nkjb25ot11ku3fnowzullr2doh.gx.internal.cloudapp.net, ports: [REPLICATION=43593, RATIS=41783, RATIS_ADMIN=41783, RATIS_SERVER=41783, STANDALONE=33011], networkLocation: /default-rack, certSerialId: null, persistedOpState: IN_SERVICE, persistedOpStateExpiryEpochSec: 0}2c0de523-4fef-49d4-a7e7-019bfd407efe{ip: 10.1.0.77, host: fv-az625-379.nkjb25ot11ku3fnowzullr2doh.gx.internal.cloudapp.net, ports: [REPLICATION=36177, RATIS=37771, RATIS_ADMIN=37771, RATIS_SERVER=37771, STANDALONE=39829], networkLocation: /default-rack, certSerialId: null, persistedOpState: IN_SERVICE, persistedOpStateExpiryEpochSec: 0}6712d1d5-3f8e-46d5-b100-7ccc5411605f{ip: 10.1.0.77, host: fv-az625-379.nkjb25ot11ku3fnowzullr2doh.gx.internal.cloudapp.net, ports: [REPLICATION=46037, RATIS=37929, RATIS_ADMIN=37929, RATIS_SERVER=37929, STANDALONE=45227], networkLocation: /default-rack, certSerialId: null, persistedOpState: IN_SERVICE, persistedOpStateExpiryEpochSec: 0}, ReplicationConfig: RATIS/THREE, State:ALLOCATED, leaderId:0cbed28b-7e2e-4c55-93c4-a5222a360620, CreationTimestamp2022-10-20T01:29:34.361Z[Etc/UTC]] moved to OPEN state
2022-10-20 01:29:42,012 [grpc-default-executor-1] INFO  impl.VoteContext (VoteContext.java:log(48)) - 6712d1d5-3f8e-46d5-b100-7ccc5411605f@group-3562DEAE299E-FOLLOWER: reject ELECTION from 2c0de523-4fef-49d4-a7e7-019bfd407efe: already has voted for 0cbed28b-7e2e-4c55-93c4-a5222a360620 at current term 1
2022-10-20 01:29:42,012 [grpc-default-executor-1] INFO  server.RaftServer$Division (RaftServerImpl.java:requestVote(1251)) - 6712d1d5-3f8e-46d5-b100-7ccc5411605f@group-3562DEAE299E replies to ELECTION vote request: 2c0de523-4fef-49d4-a7e7-019bfd407efe<-6712d1d5-3f8e-46d5-b100-7ccc5411605f#0:FAIL-t1. Peer's state: 6712d1d5-3f8e-46d5-b100-7ccc5411605f@group-3562DEAE299E:t1, leader=null, voted=0cbed28b-7e2e-4c55-93c4-a5222a360620, raftlog=Memoized:6712d1d5-3f8e-46d5-b100-7ccc5411605f@group-3562DEAE299E-SegmentedRaftLog:OPENED:c-1, conf=-1: peers:[6712d1d5-3f8e-46d5-b100-7ccc5411605f|rpc:10.1.0.77:37929|dataStream:|priority:0|startupRole:FOLLOWER, 0cbed28b-7e2e-4c55-93c4-a5222a360620|rpc:10.1.0.77:41783|dataStream:|priority:1|startupRole:FOLLOWER, 2c0de523-4fef-49d4-a7e7-019bfd407efe|rpc:10.1.0.77:37771|dataStream:|priority:0|startupRole:FOLLOWER]|listeners:[], old=null
2022-10-20 01:29:42,004 [0cbed28b-7e2e-4c55-93c4-a5222a360620@group-3562DEAE299E-LeaderElection11] INFO  grpc.GrpcConfigKeys (ConfUtils.java:logGet(46)) - raft.grpc.server.leader.outstanding.appends.max = 128 (default)
2022-10-20 01:29:42,013 [0cbed28b-7e2e-4c55-93c4-a5222a360620@group-3562DEAE299E-LeaderElection11] INFO  server.RaftServerConfigKeys (ConfUtils.java:logGet(46)) - raft.server.rpc.request.timeout = 60s (custom)
2022-10-20 01:29:42,013 [0cbed28b-7e2e-4c55-93c4-a5222a360620@group-3562DEAE299E-LeaderElection11] INFO  server.RaftServerConfigKeys (ConfUtils.java:logGet(46)) - raft.server.log.appender.install.snapshot.enabled = false (custom)
2022-10-20 01:29:42,013 [0cbed28b-7e2e-4c55-93c4-a5222a360620@group-3562DEAE299E-LeaderElection11] INFO  grpc.GrpcConfigKeys (ConfUtils.java:logGet(46)) - raft.grpc.server.heartbeat.channel = true (default)
2022-10-20 01:29:42,013 [0cbed28b-7e2e-4c55-93c4-a5222a360620@group-3562DEAE299E-LeaderElection11] INFO  server.RaftServerConfigKeys (ConfUtils.java:logGet(46)) - raft.server.log.appender.wait-time.min = 10ms (default)
2022-10-20 01:29:42,014 [grpc-default-executor-2] INFO  server.RaftServer$Division (RaftServerImpl.java:requestVote(1218)) - 0cbed28b-7e2e-4c55-93c4-a5222a360620@group-3562DEAE299E: receive requestVote(ELECTION, 2c0de523-4fef-49d4-a7e7-019bfd407efe, group-3562DEAE299E, 1, (t:0, i:0))
2022-10-20 01:29:42,015 [0cbed28b-7e2e-4c55-93c4-a5222a360620@group-3562DEAE299E-LeaderElection11] INFO  server.RaftServerConfigKeys (ConfUtils.java:logGet(46)) - raft.server.log.appender.snapshot.chunk.size.max = 16MB (=16777216) (default)
2022-10-20 01:29:42,015 [0cbed28b-7e2e-4c55-93c4-a5222a360620@group-3562DEAE299E-LeaderElection11] INFO  server.RaftServerConfigKeys (ConfUtils.java:logGet(46)) - raft.server.log.appender.buffer.byte-limit = 33554432 (custom)
2022-10-20 01:29:42,015 [0cbed28b-7e2e-4c55-93c4-a5222a360620@group-3562DEAE299E-LeaderElection11] INFO  server.RaftServerConfigKeys (ConfUtils.java:logGet(46)) - raft.server.log.appender.buffer.element-limit = 1 (custom)
2022-10-20 01:29:42,015 [0cbed28b-7e2e-4c55-93c4-a5222a360620@group-3562DEAE299E-LeaderElection11] INFO  grpc.GrpcConfigKeys (ConfUtils.java:logGet(46)) - raft.grpc.server.leader.outstanding.appends.max = 128 (default)
2022-10-20 01:29:42,015 [0cbed28b-7e2e-4c55-93c4-a5222a360620@group-3562DEAE299E-LeaderElection11] INFO  server.RaftServerConfigKeys (ConfUtils.java:logGet(46)) - raft.server.rpc.request.timeout = 60s (custom)
2022-10-20 01:29:42,015 [0cbed28b-7e2e-4c55-93c4-a5222a360620@group-3562DEAE299E-LeaderElection11] INFO  server.RaftServerConfigKeys (ConfUtils.java:logGet(46)) - raft.server.log.appender.install.snapshot.enabled = false (custom)
2022-10-20 01:29:42,015 [0cbed28b-7e2e-4c55-93c4-a5222a360620@group-3562DEAE299E-LeaderElection11] INFO  grpc.GrpcConfigKeys (ConfUtils.java:logGet(46)) - raft.grpc.server.heartbeat.channel = true (default)
2022-10-20 01:29:42,015 [0cbed28b-7e2e-4c55-93c4-a5222a360620@group-3562DEAE299E-LeaderElection11] INFO  server.RaftServerConfigKeys (ConfUtils.java:logGet(46)) - raft.server.log.appender.wait-time.min = 10ms (default)
2022-10-20 01:29:42,015 [0cbed28b-7e2e-4c55-93c4-a5222a360620@group-3562DEAE299E-LeaderElection11] INFO  impl.RoleInfo (RoleInfo.java:updateAndGet(139)) - 0cbed28b-7e2e-4c55-93c4-a5222a360620: start 0cbed28b-7e2e-4c55-93c4-a5222a360620@group-3562DEAE299E-LeaderStateImpl
2022-10-20 01:29:42,016 [0cbed28b-7e2e-4c55-93c4-a5222a360620@group-3562DEAE299E-LeaderElection11] INFO  segmented.SegmentedRaftLogWorker (SegmentedRaftLogWorker.java:startLogSegment(452)) - 0cbed28b-7e2e-4c55-93c4-a5222a360620@group-3562DEAE299E-SegmentedRaftLogWorker: Starting segment from index:0
2022-10-20 01:29:42,017 [0cbed28b-7e2e-4c55-93c4-a5222a360620@group-3562DEAE299E-SegmentedRaftLogWorker] INFO  segmented.SegmentedRaftLogWorker (SegmentedRaftLogWorker.java:execute(656)) - 0cbed28b-7e2e-4c55-93c4-a5222a360620@group-3562DEAE299E-SegmentedRaftLogWorker: created new log segment /home/runner/work/ozone/ozone/hadoop-ozone/integration-test/target/test-dir/MiniOzoneClusterImpl-1c2b738d-be74-4a40-b887-8630efe04021/datanode-3/data/ratis/87ce7096-a76b-4beb-a627-3562deae299e/current/log_inprogress_0
2022-10-20 01:29:42,035 [0cbed28b-7e2e-4c55-93c4-a5222a360620@group-3562DEAE299E-LeaderElection11] INFO  server.RaftServer$Division (ServerState.java:setRaftConf(430)) - 0cbed28b-7e2e-4c55-93c4-a5222a360620@group-3562DEAE299E: set configuration 0: peers:[6712d1d5-3f8e-46d5-b100-7ccc5411605f|rpc:10.1.0.77:37929|dataStream:|priority:0|startupRole:FOLLOWER, 0cbed28b-7e2e-4c55-93c4-a5222a360620|rpc:10.1.0.77:41783|dataStream:|priority:1|startupRole:FOLLOWER, 2c0de523-4fef-49d4-a7e7-019bfd407efe|rpc:10.1.0.77:37771|dataStream:|priority:0|startupRole:FOLLOWER]|listeners:[], old=null
2022-10-20 01:29:42,040 [grpc-default-executor-2] INFO  impl.VoteContext (VoteContext.java:log(48)) - 0cbed28b-7e2e-4c55-93c4-a5222a360620@group-3562DEAE299E-LEADER: reject ELECTION from 2c0de523-4fef-49d4-a7e7-019bfd407efe: already has voted for 0cbed28b-7e2e-4c55-93c4-a5222a360620 at current term 1
2022-10-20 01:29:42,040 [grpc-default-executor-2] INFO  server.RaftServer$Division (RaftServerImpl.java:requestVote(1251)) - 0cbed28b-7e2e-4c55-93c4-a5222a360620@group-3562DEAE299E replies to ELECTION vote request: 2c0de523-4fef-49d4-a7e7-019bfd407efe<-0cbed28b-7e2e-4c55-93c4-a5222a360620#0:FAIL-t1. Peer's state: 0cbed28b-7e2e-4c55-93c4-a5222a360620@group-3562DEAE299E:t1, leader=0cbed28b-7e2e-4c55-93c4-a5222a360620, voted=0cbed28b-7e2e-4c55-93c4-a5222a360620, raftlog=Memoized:0cbed28b-7e2e-4c55-93c4-a5222a360620@group-3562DEAE299E-SegmentedRaftLog:OPENED:c0, conf=0: peers:[6712d1d5-3f8e-46d5-b100-7ccc5411605f|rpc:10.1.0.77:37929|dataStream:|priority:0|startupRole:FOLLOWER, 0cbed28b-7e2e-4c55-93c4-a5222a360620|rpc:10.1.0.77:41783|dataStream:|priority:1|startupRole:FOLLOWER, 2c0de523-4fef-49d4-a7e7-019bfd407efe|rpc:10.1.0.77:37771|dataStream:|priority:0|startupRole:FOLLOWER]|listeners:[], old=null
2022-10-20 01:29:42,042 [2c0de523-4fef-49d4-a7e7-019bfd407efe@group-3562DEAE299E-LeaderElection10] INFO  impl.LeaderElection (LeaderElection.java:logAndReturn(90)) - 2c0de523-4fef-49d4-a7e7-019bfd407efe@group-3562DEAE299E-LeaderElection10: ELECTION REJECTED received 2 response(s) and 0 exception(s):
2022-10-20 01:29:42,042 [2c0de523-4fef-49d4-a7e7-019bfd407efe@group-3562DEAE299E-LeaderElection10] INFO  impl.LeaderElection (LeaderElection.java:logAndReturn(94)) -   Response 0: 2c0de523-4fef-49d4-a7e7-019bfd407efe<-6712d1d5-3f8e-46d5-b100-7ccc5411605f#0:FAIL-t1
2022-10-20 01:29:42,042 [2c0de523-4fef-49d4-a7e7-019bfd407efe@group-3562DEAE299E-LeaderElection10] INFO  impl.LeaderElection (LeaderElection.java:logAndReturn(94)) -   Response 1: 2c0de523-4fef-49d4-a7e7-019bfd407efe<-0cbed28b-7e2e-4c55-93c4-a5222a360620#0:FAIL-t1
2022-10-20 01:29:42,064 [2c0de523-4fef-49d4-a7e7-019bfd407efe@group-3562DEAE299E-LeaderElection10] INFO  impl.LeaderElection (LeaderElection.java:askForVotes(314)) - 2c0de523-4fef-49d4-a7e7-019bfd407efe@group-3562DEAE299E-LeaderElection10 ELECTION round 0: result REJECTED
2022-10-20 01:29:42,064 [2c0de523-4fef-49d4-a7e7-019bfd407efe@group-3562DEAE299E-LeaderElection10] INFO  server.RaftServer$Division (RaftServerImpl.java:setRole(321)) - 2c0de523-4fef-49d4-a7e7-019bfd407efe@group-3562DEAE299E: changes role from CANDIDATE to FOLLOWER at term 1 for REJECTED
2022-10-20 01:29:42,064 [2c0de523-4fef-49d4-a7e7-019bfd407efe@group-3562DEAE299E-LeaderElection10] INFO  impl.RoleInfo (RoleInfo.java:shutdownLeaderElection(130)) - 2c0de523-4fef-49d4-a7e7-019bfd407efe: shutdown 2c0de523-4fef-49d4-a7e7-019bfd407efe@group-3562DEAE299E-LeaderElection10
2022-10-20 01:29:42,069 [2c0de523-4fef-49d4-a7e7-019bfd407efe@group-3562DEAE299E-LeaderElection10] INFO  impl.RoleInfo (RoleInfo.java:updateAndGet(139)) - 2c0de523-4fef-49d4-a7e7-019bfd407efe: start 2c0de523-4fef-49d4-a7e7-019bfd407efe@group-3562DEAE299E-FollowerState
2022-10-20 01:29:42,070 [6712d1d5-3f8e-46d5-b100-7ccc5411605f-server-thread1] INFO  ratis.XceiverServerRatis (XceiverServerRatis.java:handleLeaderChangedNotification(863)) - Leader change notification received for group: group-3562DEAE299E with new leaderId: 0cbed28b-7e2e-4c55-93c4-a5222a360620
2022-10-20 01:29:42,070 [6712d1d5-3f8e-46d5-b100-7ccc5411605f-server-thread1] INFO  server.RaftServer$Division (ServerState.java:setLeader(313)) - 6712d1d5-3f8e-46d5-b100-7ccc5411605f@group-3562DEAE299E: change Leader from null to 0cbed28b-7e2e-4c55-93c4-a5222a360620 at term 1 for appendEntries, leader elected after 5158ms
2022-10-20 01:29:42,077 [6712d1d5-3f8e-46d5-b100-7ccc5411605f-server-thread2] INFO  server.RaftServer$Division (ServerState.java:setRaftConf(430)) - 6712d1d5-3f8e-46d5-b100-7ccc5411605f@group-3562DEAE299E: set configuration 0: peers:[6712d1d5-3f8e-46d5-b100-7ccc5411605f|rpc:10.1.0.77:37929|dataStream:|priority:0|startupRole:FOLLOWER, 0cbed28b-7e2e-4c55-93c4-a5222a360620|rpc:10.1.0.77:41783|dataStream:|priority:1|startupRole:FOLLOWER, 2c0de523-4fef-49d4-a7e7-019bfd407efe|rpc:10.1.0.77:37771|dataStream:|priority:0|startupRole:FOLLOWER]|listeners:[], old=null
2022-10-20 01:29:42,078 [6712d1d5-3f8e-46d5-b100-7ccc5411605f-server-thread2] INFO  segmented.SegmentedRaftLogWorker (SegmentedRaftLogWorker.java:startLogSegment(452)) - 6712d1d5-3f8e-46d5-b100-7ccc5411605f@group-3562DEAE299E-SegmentedRaftLogWorker: Starting segment from index:0
2022-10-20 01:29:42,079 [6712d1d5-3f8e-46d5-b100-7ccc5411605f@group-3562DEAE299E-SegmentedRaftLogWorker] INFO  segmented.SegmentedRaftLogWorker (SegmentedRaftLogWorker.java:execute(656)) - 6712d1d5-3f8e-46d5-b100-7ccc5411605f@group-3562DEAE299E-SegmentedRaftLogWorker: created new log segment /home/runner/work/ozone/ozone/hadoop-ozone/integration-test/target/test-dir/MiniOzoneClusterImpl-1c2b738d-be74-4a40-b887-8630efe04021/datanode-5/data/ratis/87ce7096-a76b-4beb-a627-3562deae299e/current/log_inprogress_0
2022-10-20 01:29:42,088 [2c0de523-4fef-49d4-a7e7-019bfd407efe-server-thread2] INFO  ratis.XceiverServerRatis (XceiverServerRatis.java:handleLeaderChangedNotification(863)) - Leader change notification received for group: group-3562DEAE299E with new leaderId: 0cbed28b-7e2e-4c55-93c4-a5222a360620
2022-10-20 01:29:42,088 [2c0de523-4fef-49d4-a7e7-019bfd407efe-server-thread2] INFO  server.RaftServer$Division (ServerState.java:setLeader(313)) - 2c0de523-4fef-49d4-a7e7-019bfd407efe@group-3562DEAE299E: change Leader from null to 0cbed28b-7e2e-4c55-93c4-a5222a360620 at term 1 for appendEntries, leader elected after 5205ms
2022-10-20 01:29:42,089 [2c0de523-4fef-49d4-a7e7-019bfd407efe-server-thread2] INFO  server.RaftServer$Division (ServerState.java:setRaftConf(430)) - 2c0de523-4fef-49d4-a7e7-019bfd407efe@group-3562DEAE299E: set configuration 0: peers:[6712d1d5-3f8e-46d5-b100-7ccc5411605f|rpc:10.1.0.77:37929|dataStream:|priority:0|startupRole:FOLLOWER, 0cbed28b-7e2e-4c55-93c4-a5222a360620|rpc:10.1.0.77:41783|dataStream:|priority:1|startupRole:FOLLOWER, 2c0de523-4fef-49d4-a7e7-019bfd407efe|rpc:10.1.0.77:37771|dataStream:|priority:0|startupRole:FOLLOWER]|listeners:[], old=null
2022-10-20 01:29:42,089 [2c0de523-4fef-49d4-a7e7-019bfd407efe-server-thread2] INFO  segmented.SegmentedRaftLogWorker (SegmentedRaftLogWorker.java:startLogSegment(452)) - 2c0de523-4fef-49d4-a7e7-019bfd407efe@group-3562DEAE299E-SegmentedRaftLogWorker: Starting segment from index:0
2022-10-20 01:29:42,099 [2c0de523-4fef-49d4-a7e7-019bfd407efe@group-3562DEAE299E-SegmentedRaftLogWorker] INFO  segmented.SegmentedRaftLogWorker (SegmentedRaftLogWorker.java:execute(656)) - 2c0de523-4fef-49d4-a7e7-019bfd407efe@group-3562DEAE299E-SegmentedRaftLogWorker: created new log segment /home/runner/work/ozone/ozone/hadoop-ozone/integration-test/target/test-dir/MiniOzoneClusterImpl-1c2b738d-be74-4a40-b887-8630efe04021/datanode-4/data/ratis/87ce7096-a76b-4beb-a627-3562deae299e/current/log_inprogress_0
2022-10-20 01:29:42,180 [2c0de523-4fef-49d4-a7e7-019bfd407efe@group-92C9A0750E64-FollowerState] INFO  impl.FollowerState (FollowerState.java:run(143)) - 2c0de523-4fef-49d4-a7e7-019bfd407efe@group-92C9A0750E64-FollowerState: change to CANDIDATE, lastRpcElapsedTime:5129830501ns, electionTimeout:5127ms
2022-10-20 01:29:42,180 [2c0de523-4fef-49d4-a7e7-019bfd407efe@group-92C9A0750E64-FollowerState] INFO  impl.RoleInfo (RoleInfo.java:shutdownFollowerState(110)) - 2c0de523-4fef-49d4-a7e7-019bfd407efe: shutdown 2c0de523-4fef-49d4-a7e7-019bfd407efe@group-92C9A0750E64-FollowerState
2022-10-20 01:29:42,181 [2c0de523-4fef-49d4-a7e7-019bfd407efe@group-92C9A0750E64-FollowerState] INFO  server.RaftServer$Division (RaftServerImpl.java:setRole(321)) - 2c0de523-4fef-49d4-a7e7-019bfd407efe@group-92C9A0750E64: changes role from  FOLLOWER to CANDIDATE at term 0 for changeToCandidate
2022-10-20 01:29:42,181 [2c0de523-4fef-49d4-a7e7-019bfd407efe@group-92C9A0750E64-FollowerState] INFO  server.RaftServerConfigKeys (ConfUtils.java:logGet(46)) - raft.server.leaderelection.pre-vote = false (custom)
2022-10-20 01:29:42,181 [2c0de523-4fef-49d4-a7e7-019bfd407efe@group-92C9A0750E64-FollowerState] INFO  impl.RoleInfo (RoleInfo.java:updateAndGet(139)) - 2c0de523-4fef-49d4-a7e7-019bfd407efe: start 2c0de523-4fef-49d4-a7e7-019bfd407efe@group-92C9A0750E64-LeaderElection12
2022-10-20 01:29:42,186 [2c0de523-4fef-49d4-a7e7-019bfd407efe@group-92C9A0750E64-LeaderElection12] INFO  impl.LeaderElection (LeaderElection.java:askForVotes(312)) - 2c0de523-4fef-49d4-a7e7-019bfd407efe@group-92C9A0750E64-LeaderElection12 ELECTION round 0: submit vote requests at term 1 for -1: peers:[2c0de523-4fef-49d4-a7e7-019bfd407efe|rpc:10.1.0.77:37771|priority:1|startupRole:FOLLOWER]|listeners:[], old=null
2022-10-20 01:29:42,186 [2c0de523-4fef-49d4-a7e7-019bfd407efe@group-92C9A0750E64-LeaderElection12] INFO  impl.LeaderElection (LeaderElection.java:askForVotes(314)) - 2c0de523-4fef-49d4-a7e7-019bfd407efe@group-92C9A0750E64-LeaderElection12 ELECTION round 0: result PASSED (term=1)
2022-10-20 01:29:42,186 [2c0de523-4fef-49d4-a7e7-019bfd407efe@group-92C9A0750E64-LeaderElection12] INFO  impl.RoleInfo (RoleInfo.java:shutdownLeaderElection(130)) - 2c0de523-4fef-49d4-a7e7-019bfd407efe: shutdown 2c0de523-4fef-49d4-a7e7-019bfd407efe@group-92C9A0750E64-LeaderElection12
2022-10-20 01:29:42,186 [2c0de523-4fef-49d4-a7e7-019bfd407efe@group-92C9A0750E64-LeaderElection12] INFO  server.RaftServer$Division (RaftServerImpl.java:setRole(321)) - 2c0de523-4fef-49d4-a7e7-019bfd407efe@group-92C9A0750E64: changes role from CANDIDATE to LEADER at term 1 for changeToLeader
2022-10-20 01:29:42,186 [2c0de523-4fef-49d4-a7e7-019bfd407efe@group-92C9A0750E64-LeaderElection12] INFO  ratis.XceiverServerRatis (XceiverServerRatis.java:handleLeaderChangedNotification(863)) - Leader change notification received for group: group-92C9A0750E64 with new leaderId: 2c0de523-4fef-49d4-a7e7-019bfd407efe
2022-10-20 01:29:42,187 [2c0de523-4fef-49d4-a7e7-019bfd407efe@group-92C9A0750E64-LeaderElection12] INFO  server.RaftServer$Division (ServerState.java:setLeader(313)) - 2c0de523-4fef-49d4-a7e7-019bfd407efe@group-92C9A0750E64: change Leader from null to 2c0de523-4fef-49d4-a7e7-019bfd407efe at term 1 for becomeLeader, leader elected after 5146ms
2022-10-20 01:29:42,187 [2c0de523-4fef-49d4-a7e7-019bfd407efe@group-92C9A0750E64-LeaderElection12] INFO  server.RaftServerConfigKeys (ConfUtils.java:logGet(46)) - raft.server.staging.catchup.gap = 1000 (default)
2022-10-20 01:29:42,187 [2c0de523-4fef-49d4-a7e7-019bfd407efe@group-92C9A0750E64-LeaderElection12] INFO  server.RaftServerConfigKeys (ConfUtils.java:logGet(46)) - raft.server.write.element-limit = 1024 (custom)
2022-10-20 01:29:42,187 [2c0de523-4fef-49d4-a7e7-019bfd407efe@group-92C9A0750E64-LeaderElection12] INFO  server.RaftServerConfigKeys (ConfUtils.java:logGet(46)) - raft.server.write.byte-limit = 1024 M (=1073741824) (custom)
2022-10-20 01:29:42,187 [2c0de523-4fef-49d4-a7e7-019bfd407efe@group-92C9A0750E64-LeaderElection12] INFO  server.RaftServerConfigKeys (ConfUtils.java:logGet(46)) - raft.server.watch.timeout = 180s (custom)
2022-10-20 01:29:42,187 [2c0de523-4fef-49d4-a7e7-019bfd407efe@group-92C9A0750E64-LeaderElection12] INFO  server.RaftServerConfigKeys (ConfUtils.java:logGet(46)) - raft.server.watch.timeout.denomination = 1s (default)
2022-10-20 01:29:42,187 [2c0de523-4fef-49d4-a7e7-019bfd407efe@group-92C9A0750E64-LeaderElection12] INFO  server.RaftServerConfigKeys (ConfUtils.java:logGet(46)) - raft.server.watch.element-limit = 65536 (default)
2022-10-20 01:29:42,187 [2c0de523-4fef-49d4-a7e7-019bfd407efe@group-92C9A0750E64-LeaderElection12] INFO  server.RaftServerConfigKeys (ConfUtils.java:logGet(46)) - raft.server.write.element-limit = 1024 (custom)
2022-10-20 01:29:42,187 [2c0de523-4fef-49d4-a7e7-019bfd407efe@group-92C9A0750E64-LeaderElection12] INFO  server.RaftServerConfigKeys (ConfUtils.java:logGet(46)) - raft.server.write.follower.gap.ratio.max = -1.0 (default)
2022-10-20 01:29:42,187 [2c0de523-4fef-49d4-a7e7-019bfd407efe@group-92C9A0750E64-LeaderElection12] INFO  impl.RoleInfo (RoleInfo.java:updateAndGet(139)) - 2c0de523-4fef-49d4-a7e7-019bfd407efe: start 2c0de523-4fef-49d4-a7e7-019bfd407efe@group-92C9A0750E64-LeaderStateImpl
2022-10-20 01:29:42,188 [2c0de523-4fef-49d4-a7e7-019bfd407efe@group-92C9A0750E64-LeaderElection12] INFO  segmented.SegmentedRaftLogWorker (SegmentedRaftLogWorker.java:startLogSegment(452)) - 2c0de523-4fef-49d4-a7e7-019bfd407efe@group-92C9A0750E64-SegmentedRaftLogWorker: Starting segment from index:0
2022-10-20 01:29:42,188 [2c0de523-4fef-49d4-a7e7-019bfd407efe@group-92C9A0750E64-SegmentedRaftLogWorker] INFO  segmented.SegmentedRaftLogWorker (SegmentedRaftLogWorker.java:execute(656)) - 2c0de523-4fef-49d4-a7e7-019bfd407efe@group-92C9A0750E64-SegmentedRaftLogWorker: created new log segment /home/runner/work/ozone/ozone/hadoop-ozone/integration-test/target/test-dir/MiniOzoneClusterImpl-1c2b738d-be74-4a40-b887-8630efe04021/datanode-4/data/ratis/a5182b90-fe70-48bc-a762-92c9a0750e64/current/log_inprogress_0
2022-10-20 01:29:42,195 [2c0de523-4fef-49d4-a7e7-019bfd407efe@group-92C9A0750E64-LeaderElection12] INFO  server.RaftServer$Division (ServerState.java:setRaftConf(430)) - 2c0de523-4fef-49d4-a7e7-019bfd407efe@group-92C9A0750E64: set configuration 0: peers:[2c0de523-4fef-49d4-a7e7-019bfd407efe|rpc:10.1.0.77:37771|dataStream:|priority:1|startupRole:FOLLOWER]|listeners:[], old=null
2022-10-20 01:29:42,306 [Listener at 127.0.0.1/41123] INFO  rpc.RpcClient (RpcClient.java:createVolume(471)) - Creating Volume: f3cfeeda-a23d-4540-956e-e3004526dc32, with runner as owner and space quota set to -1 bytes, counts quota set to -1
2022-10-20 01:29:42,341 [OM StateMachine ApplyTransaction Thread - 0] INFO  volume.OMVolumeCreateRequest (OMVolumeCreateRequest.java:validateAndUpdateCache(195)) - created volume:f3cfeeda-a23d-4540-956e-e3004526dc32 for user:runner
2022-10-20 01:29:42,360 [Listener at 127.0.0.1/41123] INFO  rpc.RpcClient (RpcClient.java:createBucket(674)) - Creating Bucket: f3cfeeda-a23d-4540-956e-e3004526dc32/f3cfeeda-a23d-4540-956e-e3004526dc32, with server-side default bucket layout, runner as owner, Versioning false, Storage Type set to DISK and Encryption set to false 
2022-10-20 01:29:42,373 [OM StateMachine ApplyTransaction Thread - 0] INFO  bucket.OMBucketCreateRequest (OMBucketCreateRequest.java:validateAndUpdateCache(260)) - created bucket: f3cfeeda-a23d-4540-956e-e3004526dc32 of layout LEGACY in volume: f3cfeeda-a23d-4540-956e-e3004526dc32
2022-10-20 01:29:42,392 [6712d1d5-3f8e-46d5-b100-7ccc5411605f@group-F5665640F4C7-FollowerState] INFO  impl.FollowerState (FollowerState.java:run(143)) - 6712d1d5-3f8e-46d5-b100-7ccc5411605f@group-F5665640F4C7-FollowerState: change to CANDIDATE, lastRpcElapsedTime:5027107431ns, electionTimeout:5026ms
2022-10-20 01:29:42,392 [6712d1d5-3f8e-46d5-b100-7ccc5411605f@group-F5665640F4C7-FollowerState] INFO  impl.RoleInfo (RoleInfo.java:shutdownFollowerState(110)) - 6712d1d5-3f8e-46d5-b100-7ccc5411605f: shutdown 6712d1d5-3f8e-46d5-b100-7ccc5411605f@group-F5665640F4C7-FollowerState
2022-10-20 01:29:42,392 [6712d1d5-3f8e-46d5-b100-7ccc5411605f@group-F5665640F4C7-FollowerState] INFO  server.RaftServer$Division (RaftServerImpl.java:setRole(321)) - 6712d1d5-3f8e-46d5-b100-7ccc5411605f@group-F5665640F4C7: changes role from  FOLLOWER to CANDIDATE at term 0 for changeToCandidate
2022-10-20 01:29:42,392 [6712d1d5-3f8e-46d5-b100-7ccc5411605f@group-F5665640F4C7-FollowerState] INFO  server.RaftServerConfigKeys (ConfUtils.java:logGet(46)) - raft.server.leaderelection.pre-vote = false (custom)
2022-10-20 01:29:42,393 [6712d1d5-3f8e-46d5-b100-7ccc5411605f@group-F5665640F4C7-FollowerState] INFO  impl.RoleInfo (RoleInfo.java:updateAndGet(139)) - 6712d1d5-3f8e-46d5-b100-7ccc5411605f: start 6712d1d5-3f8e-46d5-b100-7ccc5411605f@group-F5665640F4C7-LeaderElection13
2022-10-20 01:29:42,401 [6712d1d5-3f8e-46d5-b100-7ccc5411605f@group-F5665640F4C7-LeaderElection13] INFO  impl.LeaderElection (LeaderElection.java:askForVotes(312)) - 6712d1d5-3f8e-46d5-b100-7ccc5411605f@group-F5665640F4C7-LeaderElection13 ELECTION round 0: submit vote requests at term 1 for -1: peers:[6712d1d5-3f8e-46d5-b100-7ccc5411605f|rpc:10.1.0.77:37929|priority:1|startupRole:FOLLOWER]|listeners:[], old=null
2022-10-20 01:29:42,401 [6712d1d5-3f8e-46d5-b100-7ccc5411605f@group-F5665640F4C7-LeaderElection13] INFO  impl.LeaderElection (LeaderElection.java:askForVotes(314)) - 6712d1d5-3f8e-46d5-b100-7ccc5411605f@group-F5665640F4C7-LeaderElection13 ELECTION round 0: result PASSED (term=1)
2022-10-20 01:29:42,401 [6712d1d5-3f8e-46d5-b100-7ccc5411605f@group-F5665640F4C7-LeaderElection13] INFO  impl.RoleInfo (RoleInfo.java:shutdownLeaderElection(130)) - 6712d1d5-3f8e-46d5-b100-7ccc5411605f: shutdown 6712d1d5-3f8e-46d5-b100-7ccc5411605f@group-F5665640F4C7-LeaderElection13
2022-10-20 01:29:42,401 [6712d1d5-3f8e-46d5-b100-7ccc5411605f@group-F5665640F4C7-LeaderElection13] INFO  server.RaftServer$Division (RaftServerImpl.java:setRole(321)) - 6712d1d5-3f8e-46d5-b100-7ccc5411605f@group-F5665640F4C7: changes role from CANDIDATE to LEADER at term 1 for changeToLeader
2022-10-20 01:29:42,401 [6712d1d5-3f8e-46d5-b100-7ccc5411605f@group-F5665640F4C7-LeaderElection13] INFO  ratis.XceiverServerRatis (XceiverServerRatis.java:handleLeaderChangedNotification(863)) - Leader change notification received for group: group-F5665640F4C7 with new leaderId: 6712d1d5-3f8e-46d5-b100-7ccc5411605f
2022-10-20 01:29:42,401 [6712d1d5-3f8e-46d5-b100-7ccc5411605f@group-F5665640F4C7-LeaderElection13] INFO  server.RaftServer$Division (ServerState.java:setLeader(313)) - 6712d1d5-3f8e-46d5-b100-7ccc5411605f@group-F5665640F4C7: change Leader from null to 6712d1d5-3f8e-46d5-b100-7ccc5411605f at term 1 for becomeLeader, leader elected after 5045ms
2022-10-20 01:29:42,401 [6712d1d5-3f8e-46d5-b100-7ccc5411605f@group-F5665640F4C7-LeaderElection13] INFO  server.RaftServerConfigKeys (ConfUtils.java:logGet(46)) - raft.server.staging.catchup.gap = 1000 (default)
2022-10-20 01:29:42,402 [Listener at 127.0.0.1/41123] INFO  rpc.RpcClient (RpcClient.java:createBucket(674)) - Creating Bucket: f3cfeeda-a23d-4540-956e-e3004526dc32/24f76a3b-a2b3-4d3b-9d9c-08fc34f3194c, with server-side default bucket layout, runner as owner, Versioning false, Storage Type set to DISK and Encryption set to false 
2022-10-20 01:29:42,403 [6712d1d5-3f8e-46d5-b100-7ccc5411605f@group-F5665640F4C7-LeaderElection13] INFO  server.RaftServerConfigKeys (ConfUtils.java:logGet(46)) - raft.server.write.element-limit = 1024 (custom)
2022-10-20 01:29:42,404 [6712d1d5-3f8e-46d5-b100-7ccc5411605f@group-F5665640F4C7-LeaderElection13] INFO  server.RaftServerConfigKeys (ConfUtils.java:logGet(46)) - raft.server.write.byte-limit = 1024 M (=1073741824) (custom)
2022-10-20 01:29:42,404 [6712d1d5-3f8e-46d5-b100-7ccc5411605f@group-F5665640F4C7-LeaderElection13] INFO  server.RaftServerConfigKeys (ConfUtils.java:logGet(46)) - raft.server.watch.timeout = 180s (custom)
2022-10-20 01:29:42,404 [6712d1d5-3f8e-46d5-b100-7ccc5411605f@group-F5665640F4C7-LeaderElection13] INFO  server.RaftServerConfigKeys (ConfUtils.java:logGet(46)) - raft.server.watch.timeout.denomination = 1s (default)
2022-10-20 01:29:42,404 [6712d1d5-3f8e-46d5-b100-7ccc5411605f@group-F5665640F4C7-LeaderElection13] INFO  server.RaftServerConfigKeys (ConfUtils.java:logGet(46)) - raft.server.watch.element-limit = 65536 (default)
2022-10-20 01:29:42,404 [6712d1d5-3f8e-46d5-b100-7ccc5411605f@group-F5665640F4C7-LeaderElection13] INFO  server.RaftServerConfigKeys (ConfUtils.java:logGet(46)) - raft.server.write.element-limit = 1024 (custom)
2022-10-20 01:29:42,405 [6712d1d5-3f8e-46d5-b100-7ccc5411605f@group-F5665640F4C7-LeaderElection13] INFO  server.RaftServerConfigKeys (ConfUtils.java:logGet(46)) - raft.server.write.follower.gap.ratio.max = -1.0 (default)
2022-10-20 01:29:42,405 [6712d1d5-3f8e-46d5-b100-7ccc5411605f@group-F5665640F4C7-LeaderElection13] INFO  impl.RoleInfo (RoleInfo.java:updateAndGet(139)) - 6712d1d5-3f8e-46d5-b100-7ccc5411605f: start 6712d1d5-3f8e-46d5-b100-7ccc5411605f@group-F5665640F4C7-LeaderStateImpl
2022-10-20 01:29:42,405 [6712d1d5-3f8e-46d5-b100-7ccc5411605f@group-F5665640F4C7-LeaderElection13] INFO  segmented.SegmentedRaftLogWorker (SegmentedRaftLogWorker.java:startLogSegment(452)) - 6712d1d5-3f8e-46d5-b100-7ccc5411605f@group-F5665640F4C7-SegmentedRaftLogWorker: Starting segment from index:0
2022-10-20 01:29:42,406 [6712d1d5-3f8e-46d5-b100-7ccc5411605f@group-F5665640F4C7-SegmentedRaftLogWorker] INFO  segmented.SegmentedRaftLogWorker (SegmentedRaftLogWorker.java:execute(656)) - 6712d1d5-3f8e-46d5-b100-7ccc5411605f@group-F5665640F4C7-SegmentedRaftLogWorker: created new log segment /home/runner/work/ozone/ozone/hadoop-ozone/integration-test/target/test-dir/MiniOzoneClusterImpl-1c2b738d-be74-4a40-b887-8630efe04021/datanode-5/data/ratis/464e5ffb-5e34-40dc-b7a1-f5665640f4c7/current/log_inprogress_0
2022-10-20 01:29:42,407 [6712d1d5-3f8e-46d5-b100-7ccc5411605f@group-F5665640F4C7-LeaderElection13] INFO  server.RaftServer$Division (ServerState.java:setRaftConf(430)) - 6712d1d5-3f8e-46d5-b100-7ccc5411605f@group-F5665640F4C7: set configuration 0: peers:[6712d1d5-3f8e-46d5-b100-7ccc5411605f|rpc:10.1.0.77:37929|dataStream:|priority:1|startupRole:FOLLOWER]|listeners:[], old=null
2022-10-20 01:29:42,412 [OM StateMachine ApplyTransaction Thread - 0] INFO  bucket.OMBucketCreateRequest (OMBucketCreateRequest.java:validateAndUpdateCache(260)) - created bucket: 24f76a3b-a2b3-4d3b-9d9c-08fc34f3194c of layout LEGACY in volume: f3cfeeda-a23d-4540-956e-e3004526dc32
2022-10-20 01:29:42,469 [IPC Server handler 0 on default port 37109] INFO  pipeline.PipelineStateManagerImpl (PipelineStateManagerImpl.java:addPipeline(103)) - Created pipeline Pipeline[ Id: 1d00a698-905a-4cf3-ba47-93a60987604b, Nodes: 5133b65f-dd1c-47c0-816b-09498efa4e03{ip: 10.1.0.77, host: fv-az625-379.nkjb25ot11ku3fnowzullr2doh.gx.internal.cloudapp.net, ports: [REPLICATION=36383, RATIS=43535, RATIS_ADMIN=43535, RATIS_SERVER=43535, STANDALONE=44363], networkLocation: /default-rack, certSerialId: null, persistedOpState: null, persistedOpStateExpiryEpochSec: 0}2f412ea8-0081-4ad7-b64d-031dd4a9d4b2{ip: 10.1.0.77, host: fv-az625-379.nkjb25ot11ku3fnowzullr2doh.gx.internal.cloudapp.net, ports: [REPLICATION=36517, RATIS=43519, RATIS_ADMIN=43519, RATIS_SERVER=43519, STANDALONE=44057], networkLocation: /default-rack, certSerialId: null, persistedOpState: null, persistedOpStateExpiryEpochSec: 0}0cbed28b-7e2e-4c55-93c4-a5222a360620{ip: 10.1.0.77, host: fv-az625-379.nkjb25ot11ku3fnowzullr2doh.gx.internal.cloudapp.net, ports: [REPLICATION=43593, RATIS=41783, RATIS_ADMIN=41783, RATIS_SERVER=41783, STANDALONE=33011], networkLocation: /default-rack, certSerialId: null, persistedOpState: null, persistedOpStateExpiryEpochSec: 0}a2b9a5b5-e126-445d-90e8-946fc00ddc43{ip: 10.1.0.77, host: fv-az625-379.nkjb25ot11ku3fnowzullr2doh.gx.internal.cloudapp.net, ports: [REPLICATION=42747, RATIS=45297, RATIS_ADMIN=45297, RATIS_SERVER=45297, STANDALONE=46421], networkLocation: /default-rack, certSerialId: null, persistedOpState: null, persistedOpStateExpiryEpochSec: 0}f5cc69e3-4def-49b3-97e4-fc35696e58fc{ip: 10.1.0.77, host: fv-az625-379.nkjb25ot11ku3fnowzullr2doh.gx.internal.cloudapp.net, ports: [REPLICATION=45057, RATIS=36367, RATIS_ADMIN=36367, RATIS_SERVER=36367, STANDALONE=42709], networkLocation: /default-rack, certSerialId: null, persistedOpState: null, persistedOpStateExpiryEpochSec: 0}, ReplicationConfig: EC/ECReplicationConfig{data=3, parity=2, ecChunkSize=1024, codec=rs}, State:ALLOCATED, leaderId:, CreationTimestamp2022-10-20T01:29:42.468Z[Etc/UTC]].
2022-10-20 01:29:42,470 [IPC Server handler 0 on default port 37109] INFO  ha.SequenceIdGenerator (SequenceIdGenerator.java:getNextId(128)) - Allocate a batch for containerId, change lastId from 0 to 1000.
2022-10-20 01:29:42,479 [IPC Server handler 0 on default port 37109] INFO  pipeline.PipelineManagerImpl (PipelineManagerImpl.java:openPipeline(367)) - Pipeline Pipeline[ Id: 1d00a698-905a-4cf3-ba47-93a60987604b, Nodes: 5133b65f-dd1c-47c0-816b-09498efa4e03{ip: 10.1.0.77, host: fv-az625-379.nkjb25ot11ku3fnowzullr2doh.gx.internal.cloudapp.net, ports: [REPLICATION=36383, RATIS=43535, RATIS_ADMIN=43535, RATIS_SERVER=43535, STANDALONE=44363], networkLocation: /default-rack, certSerialId: null, persistedOpState: null, persistedOpStateExpiryEpochSec: 0}2f412ea8-0081-4ad7-b64d-031dd4a9d4b2{ip: 10.1.0.77, host: fv-az625-379.nkjb25ot11ku3fnowzullr2doh.gx.internal.cloudapp.net, ports: [REPLICATION=36517, RATIS=43519, RATIS_ADMIN=43519, RATIS_SERVER=43519, STANDALONE=44057], networkLocation: /default-rack, certSerialId: null, persistedOpState: null, persistedOpStateExpiryEpochSec: 0}0cbed28b-7e2e-4c55-93c4-a5222a360620{ip: 10.1.0.77, host: fv-az625-379.nkjb25ot11ku3fnowzullr2doh.gx.internal.cloudapp.net, ports: [REPLICATION=43593, RATIS=41783, RATIS_ADMIN=41783, RATIS_SERVER=41783, STANDALONE=33011], networkLocation: /default-rack, certSerialId: null, persistedOpState: null, persistedOpStateExpiryEpochSec: 0}a2b9a5b5-e126-445d-90e8-946fc00ddc43{ip: 10.1.0.77, host: fv-az625-379.nkjb25ot11ku3fnowzullr2doh.gx.internal.cloudapp.net, ports: [REPLICATION=42747, RATIS=45297, RATIS_ADMIN=45297, RATIS_SERVER=45297, STANDALONE=46421], networkLocation: /default-rack, certSerialId: null, persistedOpState: null, persistedOpStateExpiryEpochSec: 0}f5cc69e3-4def-49b3-97e4-fc35696e58fc{ip: 10.1.0.77, host: fv-az625-379.nkjb25ot11ku3fnowzullr2doh.gx.internal.cloudapp.net, ports: [REPLICATION=45057, RATIS=36367, RATIS_ADMIN=36367, RATIS_SERVER=36367, STANDALONE=42709], networkLocation: /default-rack, certSerialId: null, persistedOpState: null, persistedOpStateExpiryEpochSec: 0}, ReplicationConfig: EC/ECReplicationConfig{data=3, parity=2, ecChunkSize=1024, codec=rs}, State:ALLOCATED, leaderId:, CreationTimestamp2022-10-20T01:29:42.468Z[Etc/UTC]] moved to OPEN state
2022-10-20 01:29:42,479 [IPC Server handler 0 on default port 37109] WARN  ha.SequenceIdGenerator (SequenceIdGenerator.java:allocateBatch(237)) - Failed to allocate a batch for localId, expected lastId is 0, actual lastId is 109611004723200000.
2022-10-20 01:29:42,479 [IPC Server handler 0 on default port 37109] INFO  ha.SequenceIdGenerator (SequenceIdGenerator.java:getNextId(128)) - Allocate a batch for localId, change lastId from 109611004723200000 to 109611004723201000.
2022-10-20 01:29:42,554 [Listener at 127.0.0.1/41123] WARN  erasurecode.ErasureCodeNative (ErasureCodeNative.java:<clinit>(55)) - ISA-L support is not available in your platform... using builtin-java codec where applicable
2022-10-20 01:29:42,665 [Listener at 127.0.0.1/41123] INFO  impl.MetricsSystemImpl (MetricsSystemImpl.java:init(158)) - XceiverClientMetrics metrics system started (again)
2022-10-20 01:29:42,845 [f5cc69e3-4def-49b3-97e4-fc35696e58fc@group-013E2C49CD0A-FollowerState] INFO  impl.FollowerState (FollowerState.java:run(143)) - f5cc69e3-4def-49b3-97e4-fc35696e58fc@group-013E2C49CD0A-FollowerState: change to CANDIDATE, lastRpcElapsedTime:5103983206ns, electionTimeout:5096ms
2022-10-20 01:29:42,845 [f5cc69e3-4def-49b3-97e4-fc35696e58fc@group-013E2C49CD0A-FollowerState] INFO  impl.RoleInfo (RoleInfo.java:shutdownFollowerState(110)) - f5cc69e3-4def-49b3-97e4-fc35696e58fc: shutdown f5cc69e3-4def-49b3-97e4-fc35696e58fc@group-013E2C49CD0A-FollowerState
2022-10-20 01:29:42,845 [f5cc69e3-4def-49b3-97e4-fc35696e58fc@group-013E2C49CD0A-FollowerState] INFO  server.RaftServer$Division (RaftServerImpl.java:setRole(321)) - f5cc69e3-4def-49b3-97e4-fc35696e58fc@group-013E2C49CD0A: changes role from  FOLLOWER to CANDIDATE at term 0 for changeToCandidate
2022-10-20 01:29:42,846 [f5cc69e3-4def-49b3-97e4-fc35696e58fc@group-013E2C49CD0A-FollowerState] INFO  server.RaftServerConfigKeys (ConfUtils.java:logGet(46)) - raft.server.leaderelection.pre-vote = false (custom)
2022-10-20 01:29:42,846 [f5cc69e3-4def-49b3-97e4-fc35696e58fc@group-013E2C49CD0A-FollowerState] INFO  impl.RoleInfo (RoleInfo.java:updateAndGet(139)) - f5cc69e3-4def-49b3-97e4-fc35696e58fc: start f5cc69e3-4def-49b3-97e4-fc35696e58fc@group-013E2C49CD0A-LeaderElection14
2022-10-20 01:29:42,854 [f5cc69e3-4def-49b3-97e4-fc35696e58fc@group-013E2C49CD0A-LeaderElection14] INFO  impl.LeaderElection (LeaderElection.java:askForVotes(312)) - f5cc69e3-4def-49b3-97e4-fc35696e58fc@group-013E2C49CD0A-LeaderElection14 ELECTION round 0: submit vote requests at term 1 for -1: peers:[f5cc69e3-4def-49b3-97e4-fc35696e58fc|rpc:10.1.0.77:36367|priority:1|startupRole:FOLLOWER]|listeners:[], old=null
2022-10-20 01:29:42,854 [f5cc69e3-4def-49b3-97e4-fc35696e58fc@group-013E2C49CD0A-LeaderElection14] INFO  impl.LeaderElection (LeaderElection.java:askForVotes(314)) - f5cc69e3-4def-49b3-97e4-fc35696e58fc@group-013E2C49CD0A-LeaderElection14 ELECTION round 0: result PASSED (term=1)
2022-10-20 01:29:42,854 [f5cc69e3-4def-49b3-97e4-fc35696e58fc@group-013E2C49CD0A-LeaderElection14] INFO  impl.RoleInfo (RoleInfo.java:shutdownLeaderElection(130)) - f5cc69e3-4def-49b3-97e4-fc35696e58fc: shutdown f5cc69e3-4def-49b3-97e4-fc35696e58fc@group-013E2C49CD0A-LeaderElection14
2022-10-20 01:29:42,854 [f5cc69e3-4def-49b3-97e4-fc35696e58fc@group-013E2C49CD0A-LeaderElection14] INFO  server.RaftServer$Division (RaftServerImpl.java:setRole(321)) - f5cc69e3-4def-49b3-97e4-fc35696e58fc@group-013E2C49CD0A: changes role from CANDIDATE to LEADER at term 1 for changeToLeader
2022-10-20 01:29:42,854 [f5cc69e3-4def-49b3-97e4-fc35696e58fc@group-013E2C49CD0A-LeaderElection14] INFO  ratis.XceiverServerRatis (XceiverServerRatis.java:handleLeaderChangedNotification(863)) - Leader change notification received for group: group-013E2C49CD0A with new leaderId: f5cc69e3-4def-49b3-97e4-fc35696e58fc
2022-10-20 01:29:42,855 [f5cc69e3-4def-49b3-97e4-fc35696e58fc@group-013E2C49CD0A-LeaderElection14] INFO  server.RaftServer$Division (ServerState.java:setLeader(313)) - f5cc69e3-4def-49b3-97e4-fc35696e58fc@group-013E2C49CD0A: change Leader from null to f5cc69e3-4def-49b3-97e4-fc35696e58fc at term 1 for becomeLeader, leader elected after 5126ms
2022-10-20 01:29:42,855 [f5cc69e3-4def-49b3-97e4-fc35696e58fc@group-013E2C49CD0A-LeaderElection14] INFO  server.RaftServerConfigKeys (ConfUtils.java:logGet(46)) - raft.server.staging.catchup.gap = 1000 (default)
2022-10-20 01:29:42,855 [f5cc69e3-4def-49b3-97e4-fc35696e58fc@group-013E2C49CD0A-LeaderElection14] INFO  server.RaftServerConfigKeys (ConfUtils.java:logGet(46)) - raft.server.write.element-limit = 1024 (custom)
2022-10-20 01:29:42,855 [f5cc69e3-4def-49b3-97e4-fc35696e58fc@group-013E2C49CD0A-LeaderElection14] INFO  server.RaftServerConfigKeys (ConfUtils.java:logGet(46)) - raft.server.write.byte-limit = 1024 M (=1073741824) (custom)
2022-10-20 01:29:42,856 [f5cc69e3-4def-49b3-97e4-fc35696e58fc@group-013E2C49CD0A-LeaderElection14] INFO  server.RaftServerConfigKeys (ConfUtils.java:logGet(46)) - raft.server.watch.timeout = 180s (custom)
2022-10-20 01:29:42,856 [f5cc69e3-4def-49b3-97e4-fc35696e58fc@group-013E2C49CD0A-LeaderElection14] INFO  server.RaftServerConfigKeys (ConfUtils.java:logGet(46)) - raft.server.watch.timeout.denomination = 1s (default)
2022-10-20 01:29:42,856 [f5cc69e3-4def-49b3-97e4-fc35696e58fc@group-013E2C49CD0A-LeaderElection14] INFO  server.RaftServerConfigKeys (ConfUtils.java:logGet(46)) - raft.server.watch.element-limit = 65536 (default)
2022-10-20 01:29:42,856 [f5cc69e3-4def-49b3-97e4-fc35696e58fc@group-013E2C49CD0A-LeaderElection14] INFO  server.RaftServerConfigKeys (ConfUtils.java:logGet(46)) - raft.server.write.element-limit = 1024 (custom)
2022-10-20 01:29:42,856 [f5cc69e3-4def-49b3-97e4-fc35696e58fc@group-013E2C49CD0A-LeaderElection14] INFO  server.RaftServerConfigKeys (ConfUtils.java:logGet(46)) - raft.server.write.follower.gap.ratio.max = -1.0 (default)
2022-10-20 01:29:42,856 [f5cc69e3-4def-49b3-97e4-fc35696e58fc@group-013E2C49CD0A-LeaderElection14] INFO  impl.RoleInfo (RoleInfo.java:updateAndGet(139)) - f5cc69e3-4def-49b3-97e4-fc35696e58fc: start f5cc69e3-4def-49b3-97e4-fc35696e58fc@group-013E2C49CD0A-LeaderStateImpl
2022-10-20 01:29:42,856 [f5cc69e3-4def-49b3-97e4-fc35696e58fc@group-013E2C49CD0A-LeaderElection14] INFO  segmented.SegmentedRaftLogWorker (SegmentedRaftLogWorker.java:startLogSegment(452)) - f5cc69e3-4def-49b3-97e4-fc35696e58fc@group-013E2C49CD0A-SegmentedRaftLogWorker: Starting segment from index:0
2022-10-20 01:29:42,859 [f5cc69e3-4def-49b3-97e4-fc35696e58fc@group-013E2C49CD0A-LeaderElection14] INFO  server.RaftServer$Division (ServerState.java:setRaftConf(430)) - f5cc69e3-4def-49b3-97e4-fc35696e58fc@group-013E2C49CD0A: set configuration 0: peers:[f5cc69e3-4def-49b3-97e4-fc35696e58fc|rpc:10.1.0.77:36367|dataStream:|priority:1|startupRole:FOLLOWER]|listeners:[], old=null
2022-10-20 01:29:42,862 [f5cc69e3-4def-49b3-97e4-fc35696e58fc@group-013E2C49CD0A-SegmentedRaftLogWorker] INFO  segmented.SegmentedRaftLogWorker (SegmentedRaftLogWorker.java:execute(656)) - f5cc69e3-4def-49b3-97e4-fc35696e58fc@group-013E2C49CD0A-SegmentedRaftLogWorker: created new log segment /home/runner/work/ozone/ozone/hadoop-ozone/integration-test/target/test-dir/MiniOzoneClusterImpl-1c2b738d-be74-4a40-b887-8630efe04021/datanode-6/data/ratis/acc87778-e763-4d6a-ba95-013e2c49cd0a/current/log_inprogress_0
2022-10-20 01:29:42,872 [617aebcb-94d5-4f34-9c47-e0c0542c8799@group-9AE1E5A711C7-FollowerState] INFO  impl.FollowerState (FollowerState.java:run(143)) - 617aebcb-94d5-4f34-9c47-e0c0542c8799@group-9AE1E5A711C7-FollowerState: change to CANDIDATE, lastRpcElapsedTime:5066042315ns, electionTimeout:5063ms
2022-10-20 01:29:42,872 [617aebcb-94d5-4f34-9c47-e0c0542c8799@group-9AE1E5A711C7-FollowerState] INFO  impl.RoleInfo (RoleInfo.java:shutdownFollowerState(110)) - 617aebcb-94d5-4f34-9c47-e0c0542c8799: shutdown 617aebcb-94d5-4f34-9c47-e0c0542c8799@group-9AE1E5A711C7-FollowerState
2022-10-20 01:29:42,872 [617aebcb-94d5-4f34-9c47-e0c0542c8799@group-9AE1E5A711C7-FollowerState] INFO  server.RaftServer$Division (RaftServerImpl.java:setRole(321)) - 617aebcb-94d5-4f34-9c47-e0c0542c8799@group-9AE1E5A711C7: changes role from  FOLLOWER to CANDIDATE at term 0 for changeToCandidate
2022-10-20 01:29:42,872 [617aebcb-94d5-4f34-9c47-e0c0542c8799@group-9AE1E5A711C7-FollowerState] INFO  server.RaftServerConfigKeys (ConfUtils.java:logGet(46)) - raft.server.leaderelection.pre-vote = false (custom)
2022-10-20 01:29:42,872 [617aebcb-94d5-4f34-9c47-e0c0542c8799@group-9AE1E5A711C7-FollowerState] INFO  impl.RoleInfo (RoleInfo.java:updateAndGet(139)) - 617aebcb-94d5-4f34-9c47-e0c0542c8799: start 617aebcb-94d5-4f34-9c47-e0c0542c8799@group-9AE1E5A711C7-LeaderElection15
2022-10-20 01:29:42,886 [617aebcb-94d5-4f34-9c47-e0c0542c8799@group-9AE1E5A711C7-LeaderElection15] INFO  impl.LeaderElection (LeaderElection.java:askForVotes(312)) - 617aebcb-94d5-4f34-9c47-e0c0542c8799@group-9AE1E5A711C7-LeaderElection15 ELECTION round 0: submit vote requests at term 1 for -1: peers:[a2b9a5b5-e126-445d-90e8-946fc00ddc43|rpc:10.1.0.77:45297|dataStream:|priority:0|startupRole:FOLLOWER, f5cc69e3-4def-49b3-97e4-fc35696e58fc|rpc:10.1.0.77:36367|dataStream:|priority:1|startupRole:FOLLOWER, 617aebcb-94d5-4f34-9c47-e0c0542c8799|rpc:10.1.0.77:43495|dataStream:|priority:0|startupRole:FOLLOWER]|listeners:[], old=null
2022-10-20 01:29:42,888 [617aebcb-94d5-4f34-9c47-e0c0542c8799@group-9AE1E5A711C7-LeaderElection15-1] INFO  server.GrpcServerProtocolClient (GrpcServerProtocolClient.java:<init>(63)) - Build channel for a2b9a5b5-e126-445d-90e8-946fc00ddc43
2022-10-20 01:29:42,890 [617aebcb-94d5-4f34-9c47-e0c0542c8799@group-9AE1E5A711C7-LeaderElection15] INFO  server.RaftServerConfigKeys (ConfUtils.java:logFallback(53)) - raft.server.rpc.first-election.timeout.min = 5s (fallback to raft.server.rpc.timeout.min)
2022-10-20 01:29:42,890 [617aebcb-94d5-4f34-9c47-e0c0542c8799@group-9AE1E5A711C7-LeaderElection15] INFO  server.RaftServerConfigKeys (ConfUtils.java:logFallback(53)) - raft.server.rpc.first-election.timeout.max = 5200ms (fallback to raft.server.rpc.timeout.max)
2022-10-20 01:29:42,890 [617aebcb-94d5-4f34-9c47-e0c0542c8799@group-9AE1E5A711C7-LeaderElection15-2] INFO  server.GrpcServerProtocolClient (GrpcServerProtocolClient.java:<init>(63)) - Build channel for f5cc69e3-4def-49b3-97e4-fc35696e58fc
2022-10-20 01:29:42,897 [grpc-default-executor-4] INFO  server.RaftServer$Division (RaftServerImpl.java:requestVote(1218)) - f5cc69e3-4def-49b3-97e4-fc35696e58fc@group-9AE1E5A711C7: receive requestVote(ELECTION, 617aebcb-94d5-4f34-9c47-e0c0542c8799, group-9AE1E5A711C7, 1, (t:0, i:0))
2022-10-20 01:29:42,898 [grpc-default-executor-4] INFO  impl.VoteContext (VoteContext.java:log(48)) - f5cc69e3-4def-49b3-97e4-fc35696e58fc@group-9AE1E5A711C7-FOLLOWER: reject ELECTION from 617aebcb-94d5-4f34-9c47-e0c0542c8799: our priority 1 > candidate's priority 0
2022-10-20 01:29:42,898 [grpc-default-executor-4] INFO  server.RaftServer$Division (RaftServerImpl.java:setRole(321)) - f5cc69e3-4def-49b3-97e4-fc35696e58fc@group-9AE1E5A711C7: changes role from  FOLLOWER to FOLLOWER at term 1 for candidate:617aebcb-94d5-4f34-9c47-e0c0542c8799
2022-10-20 01:29:42,898 [grpc-default-executor-4] INFO  impl.RoleInfo (RoleInfo.java:shutdownFollowerState(110)) - f5cc69e3-4def-49b3-97e4-fc35696e58fc: shutdown f5cc69e3-4def-49b3-97e4-fc35696e58fc@group-9AE1E5A711C7-FollowerState
2022-10-20 01:29:42,904 [a2b9a5b5-e126-445d-90e8-946fc00ddc43@group-9AE1E5A711C7-FollowerState] INFO  impl.FollowerState (FollowerState.java:run(143)) - a2b9a5b5-e126-445d-90e8-946fc00ddc43@group-9AE1E5A711C7-FollowerState: change to CANDIDATE, lastRpcElapsedTime:5055181420ns, electionTimeout:5049ms
2022-10-20 01:29:42,904 [a2b9a5b5-e126-445d-90e8-946fc00ddc43@group-9AE1E5A711C7-FollowerState] INFO  impl.RoleInfo (RoleInfo.java:shutdownFollowerState(110)) - a2b9a5b5-e126-445d-90e8-946fc00ddc43: shutdown a2b9a5b5-e126-445d-90e8-946fc00ddc43@group-9AE1E5A711C7-FollowerState
2022-10-20 01:29:42,904 [a2b9a5b5-e126-445d-90e8-946fc00ddc43@group-9AE1E5A711C7-FollowerState] INFO  server.RaftServer$Division (RaftServerImpl.java:setRole(321)) - a2b9a5b5-e126-445d-90e8-946fc00ddc43@group-9AE1E5A711C7: changes role from  FOLLOWER to CANDIDATE at term 0 for changeToCandidate
2022-10-20 01:29:42,904 [a2b9a5b5-e126-445d-90e8-946fc00ddc43@group-9AE1E5A711C7-FollowerState] INFO  server.RaftServerConfigKeys (ConfUtils.java:logGet(46)) - raft.server.leaderelection.pre-vote = false (custom)
2022-10-20 01:29:42,904 [a2b9a5b5-e126-445d-90e8-946fc00ddc43@group-9AE1E5A711C7-FollowerState] INFO  impl.RoleInfo (RoleInfo.java:updateAndGet(139)) - a2b9a5b5-e126-445d-90e8-946fc00ddc43: start a2b9a5b5-e126-445d-90e8-946fc00ddc43@group-9AE1E5A711C7-LeaderElection16
2022-10-20 01:29:42,912 [a2b9a5b5-e126-445d-90e8-946fc00ddc43@group-9AE1E5A711C7-LeaderElection16] INFO  impl.LeaderElection (LeaderElection.java:askForVotes(312)) - a2b9a5b5-e126-445d-90e8-946fc00ddc43@group-9AE1E5A711C7-LeaderElection16 ELECTION round 0: submit vote requests at term 1 for -1: peers:[a2b9a5b5-e126-445d-90e8-946fc00ddc43|rpc:10.1.0.77:45297|dataStream:|priority:0|startupRole:FOLLOWER, f5cc69e3-4def-49b3-97e4-fc35696e58fc|rpc:10.1.0.77:36367|dataStream:|priority:1|startupRole:FOLLOWER, 617aebcb-94d5-4f34-9c47-e0c0542c8799|rpc:10.1.0.77:43495|dataStream:|priority:0|startupRole:FOLLOWER]|listeners:[], old=null
2022-10-20 01:29:42,912 [a2b9a5b5-e126-445d-90e8-946fc00ddc43@group-9AE1E5A711C7-LeaderElection16-1] INFO  server.GrpcServerProtocolClient (GrpcServerProtocolClient.java:<init>(63)) - Build channel for f5cc69e3-4def-49b3-97e4-fc35696e58fc
2022-10-20 01:29:42,914 [a2b9a5b5-e126-445d-90e8-946fc00ddc43@group-9AE1E5A711C7-LeaderElection16] INFO  server.RaftServerConfigKeys (ConfUtils.java:logFallback(53)) - raft.server.rpc.first-election.timeout.min = 5s (fallback to raft.server.rpc.timeout.min)
2022-10-20 01:29:42,914 [a2b9a5b5-e126-445d-90e8-946fc00ddc43@group-9AE1E5A711C7-LeaderElection16] INFO  server.RaftServerConfigKeys (ConfUtils.java:logFallback(53)) - raft.server.rpc.first-election.timeout.max = 5200ms (fallback to raft.server.rpc.timeout.max)
2022-10-20 01:29:42,918 [grpc-default-executor-4] INFO  impl.RoleInfo (RoleInfo.java:updateAndGet(139)) - f5cc69e3-4def-49b3-97e4-fc35696e58fc: start f5cc69e3-4def-49b3-97e4-fc35696e58fc@group-9AE1E5A711C7-FollowerState
2022-10-20 01:29:42,918 [f5cc69e3-4def-49b3-97e4-fc35696e58fc@group-9AE1E5A711C7-FollowerState] INFO  impl.FollowerState (FollowerState.java:run(152)) - f5cc69e3-4def-49b3-97e4-fc35696e58fc@group-9AE1E5A711C7-FollowerState was interrupted
2022-10-20 01:29:42,919 [a2b9a5b5-e126-445d-90e8-946fc00ddc43@group-9AE1E5A711C7-LeaderElection16-2] INFO  server.GrpcServerProtocolClient (GrpcServerProtocolClient.java:<init>(63)) - Build channel for 617aebcb-94d5-4f34-9c47-e0c0542c8799
2022-10-20 01:29:42,925 [grpc-default-executor-4] INFO  server.RaftServer$Division (RaftServerImpl.java:requestVote(1251)) - f5cc69e3-4def-49b3-97e4-fc35696e58fc@group-9AE1E5A711C7 replies to ELECTION vote request: 617aebcb-94d5-4f34-9c47-e0c0542c8799<-f5cc69e3-4def-49b3-97e4-fc35696e58fc#0:FAIL-t1. Peer's state: f5cc69e3-4def-49b3-97e4-fc35696e58fc@group-9AE1E5A711C7:t1, leader=null, voted=null, raftlog=Memoized:f5cc69e3-4def-49b3-97e4-fc35696e58fc@group-9AE1E5A711C7-SegmentedRaftLog:OPENED:c-1, conf=-1: peers:[a2b9a5b5-e126-445d-90e8-946fc00ddc43|rpc:10.1.0.77:45297|priority:0|startupRole:FOLLOWER, f5cc69e3-4def-49b3-97e4-fc35696e58fc|rpc:10.1.0.77:36367|priority:1|startupRole:FOLLOWER, 617aebcb-94d5-4f34-9c47-e0c0542c8799|rpc:10.1.0.77:43495|priority:0|startupRole:FOLLOWER]|listeners:[], old=null
2022-10-20 01:29:42,933 [617aebcb-94d5-4f34-9c47-e0c0542c8799@group-9AE1E5A711C7-LeaderElection15] INFO  impl.LeaderElection (LeaderElection.java:logAndReturn(90)) - 617aebcb-94d5-4f34-9c47-e0c0542c8799@group-9AE1E5A711C7-LeaderElection15: ELECTION REJECTED received 1 response(s) and 0 exception(s):
2022-10-20 01:29:42,933 [617aebcb-94d5-4f34-9c47-e0c0542c8799@group-9AE1E5A711C7-LeaderElection15] INFO  impl.LeaderElection (LeaderElection.java:logAndReturn(94)) -   Response 0: 617aebcb-94d5-4f34-9c47-e0c0542c8799<-f5cc69e3-4def-49b3-97e4-fc35696e58fc#0:FAIL-t1
2022-10-20 01:29:42,934 [617aebcb-94d5-4f34-9c47-e0c0542c8799@group-9AE1E5A711C7-LeaderElection15] INFO  impl.LeaderElection (LeaderElection.java:askForVotes(314)) - 617aebcb-94d5-4f34-9c47-e0c0542c8799@group-9AE1E5A711C7-LeaderElection15 ELECTION round 0: result REJECTED
2022-10-20 01:29:42,934 [617aebcb-94d5-4f34-9c47-e0c0542c8799@group-9AE1E5A711C7-LeaderElection15] INFO  server.RaftServer$Division (RaftServerImpl.java:setRole(321)) - 617aebcb-94d5-4f34-9c47-e0c0542c8799@group-9AE1E5A711C7: changes role from CANDIDATE to FOLLOWER at term 1 for REJECTED
2022-10-20 01:29:42,934 [617aebcb-94d5-4f34-9c47-e0c0542c8799@group-9AE1E5A711C7-LeaderElection15] INFO  impl.RoleInfo (RoleInfo.java:shutdownLeaderElection(130)) - 617aebcb-94d5-4f34-9c47-e0c0542c8799: shutdown 617aebcb-94d5-4f34-9c47-e0c0542c8799@group-9AE1E5A711C7-LeaderElection15
2022-10-20 01:29:42,934 [617aebcb-94d5-4f34-9c47-e0c0542c8799@group-9AE1E5A711C7-LeaderElection15] INFO  impl.RoleInfo (RoleInfo.java:updateAndGet(139)) - 617aebcb-94d5-4f34-9c47-e0c0542c8799: start 617aebcb-94d5-4f34-9c47-e0c0542c8799@group-9AE1E5A711C7-FollowerState
2022-10-20 01:29:42,939 [grpc-default-executor-1] INFO  server.RaftServer$Division (RaftServerImpl.java:requestVote(1218)) - a2b9a5b5-e126-445d-90e8-946fc00ddc43@group-9AE1E5A711C7: receive requestVote(ELECTION, 617aebcb-94d5-4f34-9c47-e0c0542c8799, group-9AE1E5A711C7, 1, (t:0, i:0))
2022-10-20 01:29:42,939 [grpc-default-executor-1] INFO  impl.VoteContext (VoteContext.java:log(48)) - a2b9a5b5-e126-445d-90e8-946fc00ddc43@group-9AE1E5A711C7-CANDIDATE: reject ELECTION from 617aebcb-94d5-4f34-9c47-e0c0542c8799: already has voted for a2b9a5b5-e126-445d-90e8-946fc00ddc43 at current term 1
2022-10-20 01:29:42,940 [grpc-default-executor-1] INFO  server.RaftServer$Division (RaftServerImpl.java:requestVote(1251)) - a2b9a5b5-e126-445d-90e8-946fc00ddc43@group-9AE1E5A711C7 replies to ELECTION vote request: 617aebcb-94d5-4f34-9c47-e0c0542c8799<-a2b9a5b5-e126-445d-90e8-946fc00ddc43#0:FAIL-t1. Peer's state: a2b9a5b5-e126-445d-90e8-946fc00ddc43@group-9AE1E5A711C7:t1, leader=null, voted=a2b9a5b5-e126-445d-90e8-946fc00ddc43, raftlog=Memoized:a2b9a5b5-e126-445d-90e8-946fc00ddc43@group-9AE1E5A711C7-SegmentedRaftLog:OPENED:c-1, conf=-1: peers:[a2b9a5b5-e126-445d-90e8-946fc00ddc43|rpc:10.1.0.77:45297|dataStream:|priority:0|startupRole:FOLLOWER, f5cc69e3-4def-49b3-97e4-fc35696e58fc|rpc:10.1.0.77:36367|dataStream:|priority:1|startupRole:FOLLOWER, 617aebcb-94d5-4f34-9c47-e0c0542c8799|rpc:10.1.0.77:43495|dataStream:|priority:0|startupRole:FOLLOWER]|listeners:[], old=null
2022-10-20 01:29:42,941 [f5cc69e3-4def-49b3-97e4-fc35696e58fc@group-9AE1E5A711C7-FollowerState] INFO  server.RaftServerConfigKeys (ConfUtils.java:logFallback(53)) - raft.server.rpc.first-election.timeout.min = 5s (fallback to raft.server.rpc.timeout.min)
2022-10-20 01:29:42,941 [f5cc69e3-4def-49b3-97e4-fc35696e58fc@group-9AE1E5A711C7-FollowerState] INFO  server.RaftServerConfigKeys (ConfUtils.java:logFallback(53)) - raft.server.rpc.first-election.timeout.max = 5200ms (fallback to raft.server.rpc.timeout.max)
2022-10-20 01:29:42,941 [f5cc69e3-4def-49b3-97e4-fc35696e58fc@group-74DC051E88E8-FollowerState] INFO  impl.FollowerState (FollowerState.java:run(143)) - f5cc69e3-4def-49b3-97e4-fc35696e58fc@group-74DC051E88E8-FollowerState: change to CANDIDATE, lastRpcElapsedTime:5066532453ns, electionTimeout:5065ms
2022-10-20 01:29:42,941 [f5cc69e3-4def-49b3-97e4-fc35696e58fc@group-74DC051E88E8-FollowerState] INFO  impl.RoleInfo (RoleInfo.java:shutdownFollowerState(110)) - f5cc69e3-4def-49b3-97e4-fc35696e58fc: shutdown f5cc69e3-4def-49b3-97e4-fc35696e58fc@group-74DC051E88E8-FollowerState
2022-10-20 01:29:42,942 [f5cc69e3-4def-49b3-97e4-fc35696e58fc@group-74DC051E88E8-FollowerState] INFO  server.RaftServer$Division (RaftServerImpl.java:setRole(321)) - f5cc69e3-4def-49b3-97e4-fc35696e58fc@group-74DC051E88E8: changes role from  FOLLOWER to CANDIDATE at term 0 for changeToCandidate
2022-10-20 01:29:42,942 [f5cc69e3-4def-49b3-97e4-fc35696e58fc@group-74DC051E88E8-FollowerState] INFO  server.RaftServerConfigKeys (ConfUtils.java:logGet(46)) - raft.server.leaderelection.pre-vote = false (custom)
2022-10-20 01:29:42,942 [f5cc69e3-4def-49b3-97e4-fc35696e58fc@group-74DC051E88E8-FollowerState] INFO  impl.RoleInfo (RoleInfo.java:updateAndGet(139)) - f5cc69e3-4def-49b3-97e4-fc35696e58fc: start f5cc69e3-4def-49b3-97e4-fc35696e58fc@group-74DC051E88E8-LeaderElection17
2022-10-20 01:29:42,943 [617aebcb-94d5-4f34-9c47-e0c0542c8799@group-74DC051E88E8-FollowerState] INFO  impl.FollowerState (FollowerState.java:run(143)) - 617aebcb-94d5-4f34-9c47-e0c0542c8799@group-74DC051E88E8-FollowerState: change to CANDIDATE, lastRpcElapsedTime:5043897711ns, electionTimeout:5036ms
2022-10-20 01:29:42,943 [617aebcb-94d5-4f34-9c47-e0c0542c8799@group-74DC051E88E8-FollowerState] INFO  impl.RoleInfo (RoleInfo.java:shutdownFollowerState(110)) - 617aebcb-94d5-4f34-9c47-e0c0542c8799: shutdown 617aebcb-94d5-4f34-9c47-e0c0542c8799@group-74DC051E88E8-FollowerState
2022-10-20 01:29:42,943 [617aebcb-94d5-4f34-9c47-e0c0542c8799@group-74DC051E88E8-FollowerState] INFO  server.RaftServer$Division (RaftServerImpl.java:setRole(321)) - 617aebcb-94d5-4f34-9c47-e0c0542c8799@group-74DC051E88E8: changes role from  FOLLOWER to CANDIDATE at term 0 for changeToCandidate
2022-10-20 01:29:42,946 [617aebcb-94d5-4f34-9c47-e0c0542c8799@group-9AE1E5A711C7-FollowerState] INFO  server.RaftServerConfigKeys (ConfUtils.java:logFallback(53)) - raft.server.rpc.first-election.timeout.min = 5s (fallback to raft.server.rpc.timeout.min)
2022-10-20 01:29:42,946 [617aebcb-94d5-4f34-9c47-e0c0542c8799@group-74DC051E88E8-FollowerState] INFO  server.RaftServerConfigKeys (ConfUtils.java:logGet(46)) - raft.server.leaderelection.pre-vote = false (custom)
2022-10-20 01:29:42,952 [617aebcb-94d5-4f34-9c47-e0c0542c8799@group-74DC051E88E8-FollowerState] INFO  impl.RoleInfo (RoleInfo.java:updateAndGet(139)) - 617aebcb-94d5-4f34-9c47-e0c0542c8799: start 617aebcb-94d5-4f34-9c47-e0c0542c8799@group-74DC051E88E8-LeaderElection18
2022-10-20 01:29:42,952 [617aebcb-94d5-4f34-9c47-e0c0542c8799@group-9AE1E5A711C7-FollowerState] INFO  server.RaftServerConfigKeys (ConfUtils.java:logFallback(53)) - raft.server.rpc.first-election.timeout.max = 5200ms (fallback to raft.server.rpc.timeout.max)
2022-10-20 01:29:42,954 [grpc-default-executor-4] INFO  server.RaftServer$Division (RaftServerImpl.java:requestVote(1218)) - f5cc69e3-4def-49b3-97e4-fc35696e58fc@group-9AE1E5A711C7: receive requestVote(ELECTION, a2b9a5b5-e126-445d-90e8-946fc00ddc43, group-9AE1E5A711C7, 1, (t:0, i:0))
2022-10-20 01:29:42,954 [grpc-default-executor-4] INFO  impl.VoteContext (VoteContext.java:log(48)) - f5cc69e3-4def-49b3-97e4-fc35696e58fc@group-9AE1E5A711C7-FOLLOWER: reject ELECTION from a2b9a5b5-e126-445d-90e8-946fc00ddc43: our priority 1 > candidate's priority 0
2022-10-20 01:29:42,954 [grpc-default-executor-2] INFO  server.RaftServer$Division (RaftServerImpl.java:requestVote(1218)) - 617aebcb-94d5-4f34-9c47-e0c0542c8799@group-9AE1E5A711C7: receive requestVote(ELECTION, a2b9a5b5-e126-445d-90e8-946fc00ddc43, group-9AE1E5A711C7, 1, (t:0, i:0))
2022-10-20 01:29:42,954 [grpc-default-executor-4] INFO  server.RaftServer$Division (RaftServerImpl.java:setRole(321)) - f5cc69e3-4def-49b3-97e4-fc35696e58fc@group-9AE1E5A711C7: changes role from  FOLLOWER to FOLLOWER at term 1 for candidate:a2b9a5b5-e126-445d-90e8-946fc00ddc43
2022-10-20 01:29:42,955 [grpc-default-executor-2] INFO  impl.VoteContext (VoteContext.java:log(48)) - 617aebcb-94d5-4f34-9c47-e0c0542c8799@group-9AE1E5A711C7-FOLLOWER: reject ELECTION from a2b9a5b5-e126-445d-90e8-946fc00ddc43: already has voted for 617aebcb-94d5-4f34-9c47-e0c0542c8799 at current term 1
2022-10-20 01:29:42,955 [grpc-default-executor-4] INFO  impl.RoleInfo (RoleInfo.java:shutdownFollowerState(110)) - f5cc69e3-4def-49b3-97e4-fc35696e58fc: shutdown f5cc69e3-4def-49b3-97e4-fc35696e58fc@group-9AE1E5A711C7-FollowerState
2022-10-20 01:29:42,955 [grpc-default-executor-2] INFO  server.RaftServer$Division (RaftServerImpl.java:requestVote(1251)) - 617aebcb-94d5-4f34-9c47-e0c0542c8799@group-9AE1E5A711C7 replies to ELECTION vote request: a2b9a5b5-e126-445d-90e8-946fc00ddc43<-617aebcb-94d5-4f34-9c47-e0c0542c8799#0:FAIL-t1. Peer's state: 617aebcb-94d5-4f34-9c47-e0c0542c8799@group-9AE1E5A711C7:t1, leader=null, voted=617aebcb-94d5-4f34-9c47-e0c0542c8799, raftlog=Memoized:617aebcb-94d5-4f34-9c47-e0c0542c8799@group-9AE1E5A711C7-SegmentedRaftLog:OPENED:c-1, conf=-1: peers:[a2b9a5b5-e126-445d-90e8-946fc00ddc43|rpc:10.1.0.77:45297|dataStream:|priority:0|startupRole:FOLLOWER, f5cc69e3-4def-49b3-97e4-fc35696e58fc|rpc:10.1.0.77:36367|dataStream:|priority:1|startupRole:FOLLOWER, 617aebcb-94d5-4f34-9c47-e0c0542c8799|rpc:10.1.0.77:43495|dataStream:|priority:0|startupRole:FOLLOWER]|listeners:[], old=null
2022-10-20 01:29:42,955 [grpc-default-executor-4] INFO  impl.RoleInfo (RoleInfo.java:updateAndGet(139)) - f5cc69e3-4def-49b3-97e4-fc35696e58fc: start f5cc69e3-4def-49b3-97e4-fc35696e58fc@group-9AE1E5A711C7-FollowerState
2022-10-20 01:29:42,955 [f5cc69e3-4def-49b3-97e4-fc35696e58fc@group-9AE1E5A711C7-FollowerState] INFO  impl.FollowerState (FollowerState.java:run(152)) - f5cc69e3-4def-49b3-97e4-fc35696e58fc@group-9AE1E5A711C7-FollowerState was interrupted
2022-10-20 01:29:42,956 [grpc-default-executor-4] INFO  server.RaftServer$Division (RaftServerImpl.java:requestVote(1251)) - f5cc69e3-4def-49b3-97e4-fc35696e58fc@group-9AE1E5A711C7 replies to ELECTION vote request: a2b9a5b5-e126-445d-90e8-946fc00ddc43<-f5cc69e3-4def-49b3-97e4-fc35696e58fc#0:FAIL-t1. Peer's state: f5cc69e3-4def-49b3-97e4-fc35696e58fc@group-9AE1E5A711C7:t1, leader=null, voted=null, raftlog=Memoized:f5cc69e3-4def-49b3-97e4-fc35696e58fc@group-9AE1E5A711C7-SegmentedRaftLog:OPENED:c-1, conf=-1: peers:[a2b9a5b5-e126-445d-90e8-946fc00ddc43|rpc:10.1.0.77:45297|priority:0|startupRole:FOLLOWER, f5cc69e3-4def-49b3-97e4-fc35696e58fc|rpc:10.1.0.77:36367|priority:1|startupRole:FOLLOWER, 617aebcb-94d5-4f34-9c47-e0c0542c8799|rpc:10.1.0.77:43495|priority:0|startupRole:FOLLOWER]|listeners:[], old=null
2022-10-20 01:29:42,956 [f5cc69e3-4def-49b3-97e4-fc35696e58fc@group-9AE1E5A711C7-FollowerState] INFO  server.RaftServerConfigKeys (ConfUtils.java:logFallback(53)) - raft.server.rpc.first-election.timeout.min = 5s (fallback to raft.server.rpc.timeout.min)
2022-10-20 01:29:42,956 [f5cc69e3-4def-49b3-97e4-fc35696e58fc@group-9AE1E5A711C7-FollowerState] INFO  server.RaftServerConfigKeys (ConfUtils.java:logFallback(53)) - raft.server.rpc.first-election.timeout.max = 5200ms (fallback to raft.server.rpc.timeout.max)
2022-10-20 01:29:42,961 [617aebcb-94d5-4f34-9c47-e0c0542c8799@group-74DC051E88E8-LeaderElection18] INFO  impl.LeaderElection (LeaderElection.java:askForVotes(312)) - 617aebcb-94d5-4f34-9c47-e0c0542c8799@group-74DC051E88E8-LeaderElection18 ELECTION round 0: submit vote requests at term 1 for -1: peers:[a2b9a5b5-e126-445d-90e8-946fc00ddc43|rpc:10.1.0.77:45297|dataStream:|priority:0|startupRole:FOLLOWER, f5cc69e3-4def-49b3-97e4-fc35696e58fc|rpc:10.1.0.77:36367|dataStream:|priority:0|startupRole:FOLLOWER, 617aebcb-94d5-4f34-9c47-e0c0542c8799|rpc:10.1.0.77:43495|dataStream:|priority:1|startupRole:FOLLOWER]|listeners:[], old=null
2022-10-20 01:29:42,961 [617aebcb-94d5-4f34-9c47-e0c0542c8799@group-74DC051E88E8-LeaderElection18] INFO  server.RaftServerConfigKeys (ConfUtils.java:logFallback(53)) - raft.server.rpc.first-election.timeout.min = 5s (fallback to raft.server.rpc.timeout.min)
2022-10-20 01:29:42,961 [617aebcb-94d5-4f34-9c47-e0c0542c8799@group-74DC051E88E8-LeaderElection18] INFO  server.RaftServerConfigKeys (ConfUtils.java:logFallback(53)) - raft.server.rpc.first-election.timeout.max = 5200ms (fallback to raft.server.rpc.timeout.max)
2022-10-20 01:29:42,962 [f5cc69e3-4def-49b3-97e4-fc35696e58fc@group-74DC051E88E8-LeaderElection17] INFO  impl.LeaderElection (LeaderElection.java:askForVotes(312)) - f5cc69e3-4def-49b3-97e4-fc35696e58fc@group-74DC051E88E8-LeaderElection17 ELECTION round 0: submit vote requests at term 1 for -1: peers:[a2b9a5b5-e126-445d-90e8-946fc00ddc43|rpc:10.1.0.77:45297|priority:0|startupRole:FOLLOWER, f5cc69e3-4def-49b3-97e4-fc35696e58fc|rpc:10.1.0.77:36367|priority:0|startupRole:FOLLOWER, 617aebcb-94d5-4f34-9c47-e0c0542c8799|rpc:10.1.0.77:43495|priority:1|startupRole:FOLLOWER]|listeners:[], old=null
2022-10-20 01:29:42,963 [f5cc69e3-4def-49b3-97e4-fc35696e58fc@group-74DC051E88E8-LeaderElection17-1] INFO  server.GrpcServerProtocolClient (GrpcServerProtocolClient.java:<init>(63)) - Build channel for a2b9a5b5-e126-445d-90e8-946fc00ddc43
2022-10-20 01:29:42,965 [f5cc69e3-4def-49b3-97e4-fc35696e58fc@group-74DC051E88E8-LeaderElection17] INFO  server.RaftServerConfigKeys (ConfUtils.java:logFallback(53)) - raft.server.rpc.first-election.timeout.min = 5s (fallback to raft.server.rpc.timeout.min)
2022-10-20 01:29:42,965 [f5cc69e3-4def-49b3-97e4-fc35696e58fc@group-74DC051E88E8-LeaderElection17] INFO  server.RaftServerConfigKeys (ConfUtils.java:logFallback(53)) - raft.server.rpc.first-election.timeout.max = 5200ms (fallback to raft.server.rpc.timeout.max)
2022-10-20 01:29:42,965 [f5cc69e3-4def-49b3-97e4-fc35696e58fc@group-74DC051E88E8-LeaderElection17-2] INFO  server.GrpcServerProtocolClient (GrpcServerProtocolClient.java:<init>(63)) - Build channel for 617aebcb-94d5-4f34-9c47-e0c0542c8799
2022-10-20 01:29:42,972 [a2b9a5b5-e126-445d-90e8-946fc00ddc43@group-9AE1E5A711C7-LeaderElection16] INFO  impl.LeaderElection (LeaderElection.java:logAndReturn(90)) - a2b9a5b5-e126-445d-90e8-946fc00ddc43@group-9AE1E5A711C7-LeaderElection16: ELECTION REJECTED received 2 response(s) and 0 exception(s):
2022-10-20 01:29:42,972 [a2b9a5b5-e126-445d-90e8-946fc00ddc43@group-9AE1E5A711C7-LeaderElection16] INFO  impl.LeaderElection (LeaderElection.java:logAndReturn(94)) -   Response 0: a2b9a5b5-e126-445d-90e8-946fc00ddc43<-f5cc69e3-4def-49b3-97e4-fc35696e58fc#0:FAIL-t1
2022-10-20 01:29:42,972 [a2b9a5b5-e126-445d-90e8-946fc00ddc43@group-9AE1E5A711C7-LeaderElection16] INFO  impl.LeaderElection (LeaderElection.java:logAndReturn(94)) -   Response 1: a2b9a5b5-e126-445d-90e8-946fc00ddc43<-617aebcb-94d5-4f34-9c47-e0c0542c8799#0:FAIL-t1
2022-10-20 01:29:42,972 [a2b9a5b5-e126-445d-90e8-946fc00ddc43@group-9AE1E5A711C7-LeaderElection16] INFO  impl.LeaderElection (LeaderElection.java:askForVotes(314)) - a2b9a5b5-e126-445d-90e8-946fc00ddc43@group-9AE1E5A711C7-LeaderElection16 ELECTION round 0: result REJECTED
2022-10-20 01:29:42,972 [a2b9a5b5-e126-445d-90e8-946fc00ddc43@group-9AE1E5A711C7-LeaderElection16] INFO  server.RaftServer$Division (RaftServerImpl.java:setRole(321)) - a2b9a5b5-e126-445d-90e8-946fc00ddc43@group-9AE1E5A711C7: changes role from CANDIDATE to FOLLOWER at term 1 for REJECTED
2022-10-20 01:29:42,972 [a2b9a5b5-e126-445d-90e8-946fc00ddc43@group-9AE1E5A711C7-LeaderElection16] INFO  impl.RoleInfo (RoleInfo.java:shutdownLeaderElection(130)) - a2b9a5b5-e126-445d-90e8-946fc00ddc43: shutdown a2b9a5b5-e126-445d-90e8-946fc00ddc43@group-9AE1E5A711C7-LeaderElection16
2022-10-20 01:29:42,972 [a2b9a5b5-e126-445d-90e8-946fc00ddc43@group-9AE1E5A711C7-LeaderElection16] INFO  impl.RoleInfo (RoleInfo.java:updateAndGet(139)) - a2b9a5b5-e126-445d-90e8-946fc00ddc43: start a2b9a5b5-e126-445d-90e8-946fc00ddc43@group-9AE1E5A711C7-FollowerState
2022-10-20 01:29:42,979 [grpc-default-executor-2] INFO  server.RaftServer$Division (RaftServerImpl.java:requestVote(1218)) - a2b9a5b5-e126-445d-90e8-946fc00ddc43@group-74DC051E88E8: receive requestVote(ELECTION, 617aebcb-94d5-4f34-9c47-e0c0542c8799, group-74DC051E88E8, 1, (t:0, i:0))
2022-10-20 01:29:42,979 [grpc-default-executor-4] INFO  server.RaftServer$Division (RaftServerImpl.java:requestVote(1218)) - f5cc69e3-4def-49b3-97e4-fc35696e58fc@group-74DC051E88E8: receive requestVote(ELECTION, 617aebcb-94d5-4f34-9c47-e0c0542c8799, group-74DC051E88E8, 1, (t:0, i:0))
2022-10-20 01:29:42,979 [grpc-default-executor-4] INFO  impl.VoteContext (VoteContext.java:log(48)) - f5cc69e3-4def-49b3-97e4-fc35696e58fc@group-74DC051E88E8-CANDIDATE: reject ELECTION from 617aebcb-94d5-4f34-9c47-e0c0542c8799: already has voted for f5cc69e3-4def-49b3-97e4-fc35696e58fc at current term 1
2022-10-20 01:29:42,980 [grpc-default-executor-4] INFO  server.RaftServer$Division (RaftServerImpl.java:requestVote(1251)) - f5cc69e3-4def-49b3-97e4-fc35696e58fc@group-74DC051E88E8 replies to ELECTION vote request: 617aebcb-94d5-4f34-9c47-e0c0542c8799<-f5cc69e3-4def-49b3-97e4-fc35696e58fc#0:FAIL-t1. Peer's state: f5cc69e3-4def-49b3-97e4-fc35696e58fc@group-74DC051E88E8:t1, leader=null, voted=f5cc69e3-4def-49b3-97e4-fc35696e58fc, raftlog=Memoized:f5cc69e3-4def-49b3-97e4-fc35696e58fc@group-74DC051E88E8-SegmentedRaftLog:OPENED:c-1, conf=-1: peers:[a2b9a5b5-e126-445d-90e8-946fc00ddc43|rpc:10.1.0.77:45297|priority:0|startupRole:FOLLOWER, f5cc69e3-4def-49b3-97e4-fc35696e58fc|rpc:10.1.0.77:36367|priority:0|startupRole:FOLLOWER, 617aebcb-94d5-4f34-9c47-e0c0542c8799|rpc:10.1.0.77:43495|priority:1|startupRole:FOLLOWER]|listeners:[], old=null
2022-10-20 01:29:42,981 [a2b9a5b5-e126-445d-90e8-946fc00ddc43@group-9AE1E5A711C7-FollowerState] INFO  server.RaftServerConfigKeys (ConfUtils.java:logFallback(53)) - raft.server.rpc.first-election.timeout.min = 5s (fallback to raft.server.rpc.timeout.min)
2022-10-20 01:29:42,981 [a2b9a5b5-e126-445d-90e8-946fc00ddc43@group-9AE1E5A711C7-FollowerState] INFO  server.RaftServerConfigKeys (ConfUtils.java:logFallback(53)) - raft.server.rpc.first-election.timeout.max = 5200ms (fallback to raft.server.rpc.timeout.max)
2022-10-20 01:29:42,979 [grpc-default-executor-2] INFO  impl.VoteContext (VoteContext.java:log(48)) - a2b9a5b5-e126-445d-90e8-946fc00ddc43@group-74DC051E88E8-FOLLOWER: accept ELECTION from 617aebcb-94d5-4f34-9c47-e0c0542c8799: our priority 0 <= candidate's priority 1
2022-10-20 01:29:42,981 [grpc-default-executor-2] INFO  server.RaftServer$Division (RaftServerImpl.java:setRole(321)) - a2b9a5b5-e126-445d-90e8-946fc00ddc43@group-74DC051E88E8: changes role from  FOLLOWER to FOLLOWER at term 1 for candidate:617aebcb-94d5-4f34-9c47-e0c0542c8799
2022-10-20 01:29:42,981 [grpc-default-executor-2] INFO  impl.RoleInfo (RoleInfo.java:shutdownFollowerState(110)) - a2b9a5b5-e126-445d-90e8-946fc00ddc43: shutdown a2b9a5b5-e126-445d-90e8-946fc00ddc43@group-74DC051E88E8-FollowerState
2022-10-20 01:29:42,981 [grpc-default-executor-2] INFO  impl.RoleInfo (RoleInfo.java:updateAndGet(139)) - a2b9a5b5-e126-445d-90e8-946fc00ddc43: start a2b9a5b5-e126-445d-90e8-946fc00ddc43@group-74DC051E88E8-FollowerState
2022-10-20 01:29:42,981 [a2b9a5b5-e126-445d-90e8-946fc00ddc43@group-74DC051E88E8-FollowerState] INFO  impl.FollowerState (FollowerState.java:run(152)) - a2b9a5b5-e126-445d-90e8-946fc00ddc43@group-74DC051E88E8-FollowerState was interrupted
2022-10-20 01:29:42,981 [a2b9a5b5-e126-445d-90e8-946fc00ddc43@group-74DC051E88E8-FollowerState] INFO  server.RaftServerConfigKeys (ConfUtils.java:logFallback(53)) - raft.server.rpc.first-election.timeout.min = 5s (fallback to raft.server.rpc.timeout.min)
2022-10-20 01:29:42,982 [a2b9a5b5-e126-445d-90e8-946fc00ddc43@group-74DC051E88E8-FollowerState] INFO  server.RaftServerConfigKeys (ConfUtils.java:logFallback(53)) - raft.server.rpc.first-election.timeout.max = 5200ms (fallback to raft.server.rpc.timeout.max)
2022-10-20 01:29:42,982 [grpc-default-executor-2] INFO  server.RaftServer$Division (RaftServerImpl.java:requestVote(1251)) - a2b9a5b5-e126-445d-90e8-946fc00ddc43@group-74DC051E88E8 replies to ELECTION vote request: 617aebcb-94d5-4f34-9c47-e0c0542c8799<-a2b9a5b5-e126-445d-90e8-946fc00ddc43#0:OK-t1. Peer's state: a2b9a5b5-e126-445d-90e8-946fc00ddc43@group-74DC051E88E8:t1, leader=null, voted=617aebcb-94d5-4f34-9c47-e0c0542c8799, raftlog=Memoized:a2b9a5b5-e126-445d-90e8-946fc00ddc43@group-74DC051E88E8-SegmentedRaftLog:OPENED:c-1, conf=-1: peers:[a2b9a5b5-e126-445d-90e8-946fc00ddc43|rpc:10.1.0.77:45297|dataStream:|priority:0|startupRole:FOLLOWER, f5cc69e3-4def-49b3-97e4-fc35696e58fc|rpc:10.1.0.77:36367|dataStream:|priority:0|startupRole:FOLLOWER, 617aebcb-94d5-4f34-9c47-e0c0542c8799|rpc:10.1.0.77:43495|dataStream:|priority:1|startupRole:FOLLOWER]|listeners:[], old=null
2022-10-20 01:29:42,983 [grpc-default-executor-1] INFO  server.RaftServer$Division (RaftServerImpl.java:requestVote(1218)) - a2b9a5b5-e126-445d-90e8-946fc00ddc43@group-74DC051E88E8: receive requestVote(ELECTION, f5cc69e3-4def-49b3-97e4-fc35696e58fc, group-74DC051E88E8, 1, (t:0, i:0))
2022-10-20 01:29:42,983 [grpc-default-executor-1] INFO  impl.VoteContext (VoteContext.java:log(48)) - a2b9a5b5-e126-445d-90e8-946fc00ddc43@group-74DC051E88E8-FOLLOWER: reject ELECTION from f5cc69e3-4def-49b3-97e4-fc35696e58fc: already has voted for 617aebcb-94d5-4f34-9c47-e0c0542c8799 at current term 1
2022-10-20 01:29:42,984 [grpc-default-executor-1] INFO  server.RaftServer$Division (RaftServerImpl.java:requestVote(1251)) - a2b9a5b5-e126-445d-90e8-946fc00ddc43@group-74DC051E88E8 replies to ELECTION vote request: f5cc69e3-4def-49b3-97e4-fc35696e58fc<-a2b9a5b5-e126-445d-90e8-946fc00ddc43#0:FAIL-t1. Peer's state: a2b9a5b5-e126-445d-90e8-946fc00ddc43@group-74DC051E88E8:t1, leader=null, voted=617aebcb-94d5-4f34-9c47-e0c0542c8799, raftlog=Memoized:a2b9a5b5-e126-445d-90e8-946fc00ddc43@group-74DC051E88E8-SegmentedRaftLog:OPENED:c-1, conf=-1: peers:[a2b9a5b5-e126-445d-90e8-946fc00ddc43|rpc:10.1.0.77:45297|dataStream:|priority:0|startupRole:FOLLOWER, f5cc69e3-4def-49b3-97e4-fc35696e58fc|rpc:10.1.0.77:36367|dataStream:|priority:0|startupRole:FOLLOWER, 617aebcb-94d5-4f34-9c47-e0c0542c8799|rpc:10.1.0.77:43495|dataStream:|priority:1|startupRole:FOLLOWER]|listeners:[], old=null
2022-10-20 01:29:42,987 [617aebcb-94d5-4f34-9c47-e0c0542c8799@group-74DC051E88E8-LeaderElection18] INFO  impl.LeaderElection (LeaderElection.java:logAndReturn(90)) - 617aebcb-94d5-4f34-9c47-e0c0542c8799@group-74DC051E88E8-LeaderElection18: ELECTION PASSED received 2 response(s) and 0 exception(s):
2022-10-20 01:29:42,987 [617aebcb-94d5-4f34-9c47-e0c0542c8799@group-74DC051E88E8-LeaderElection18] INFO  impl.LeaderElection (LeaderElection.java:logAndReturn(94)) -   Response 0: 617aebcb-94d5-4f34-9c47-e0c0542c8799<-f5cc69e3-4def-49b3-97e4-fc35696e58fc#0:FAIL-t1
2022-10-20 01:29:42,987 [617aebcb-94d5-4f34-9c47-e0c0542c8799@group-74DC051E88E8-LeaderElection18] INFO  impl.LeaderElection (LeaderElection.java:logAndReturn(94)) -   Response 1: 617aebcb-94d5-4f34-9c47-e0c0542c8799<-a2b9a5b5-e126-445d-90e8-946fc00ddc43#0:OK-t1
2022-10-20 01:29:42,987 [617aebcb-94d5-4f34-9c47-e0c0542c8799@group-74DC051E88E8-LeaderElection18] INFO  impl.LeaderElection (LeaderElection.java:askForVotes(314)) - 617aebcb-94d5-4f34-9c47-e0c0542c8799@group-74DC051E88E8-LeaderElection18 ELECTION round 0: result PASSED
2022-10-20 01:29:42,987 [617aebcb-94d5-4f34-9c47-e0c0542c8799@group-74DC051E88E8-LeaderElection18] INFO  impl.RoleInfo (RoleInfo.java:shutdownLeaderElection(130)) - 617aebcb-94d5-4f34-9c47-e0c0542c8799: shutdown 617aebcb-94d5-4f34-9c47-e0c0542c8799@group-74DC051E88E8-LeaderElection18
2022-10-20 01:29:42,988 [617aebcb-94d5-4f34-9c47-e0c0542c8799@group-74DC051E88E8-LeaderElection18] INFO  server.RaftServer$Division (RaftServerImpl.java:setRole(321)) - 617aebcb-94d5-4f34-9c47-e0c0542c8799@group-74DC051E88E8: changes role from CANDIDATE to LEADER at term 1 for changeToLeader
2022-10-20 01:29:42,988 [617aebcb-94d5-4f34-9c47-e0c0542c8799@group-74DC051E88E8-LeaderElection18] INFO  ratis.XceiverServerRatis (XceiverServerRatis.java:handleLeaderChangedNotification(863)) - Leader change notification received for group: group-74DC051E88E8 with new leaderId: 617aebcb-94d5-4f34-9c47-e0c0542c8799
2022-10-20 01:29:42,988 [617aebcb-94d5-4f34-9c47-e0c0542c8799@group-74DC051E88E8-LeaderElection18] INFO  server.RaftServer$Division (ServerState.java:setLeader(313)) - 617aebcb-94d5-4f34-9c47-e0c0542c8799@group-74DC051E88E8: change Leader from null to 617aebcb-94d5-4f34-9c47-e0c0542c8799 at term 1 for becomeLeader, leader elected after 5095ms
2022-10-20 01:29:42,988 [617aebcb-94d5-4f34-9c47-e0c0542c8799@group-74DC051E88E8-LeaderElection18] INFO  server.RaftServerConfigKeys (ConfUtils.java:logGet(46)) - raft.server.staging.catchup.gap = 1000 (default)
2022-10-20 01:29:42,988 [617aebcb-94d5-4f34-9c47-e0c0542c8799@group-74DC051E88E8-LeaderElection18] INFO  server.RaftServerConfigKeys (ConfUtils.java:logGet(46)) - raft.server.write.element-limit = 1024 (custom)
2022-10-20 01:29:42,988 [617aebcb-94d5-4f34-9c47-e0c0542c8799@group-74DC051E88E8-LeaderElection18] INFO  server.RaftServerConfigKeys (ConfUtils.java:logGet(46)) - raft.server.write.byte-limit = 1024 M (=1073741824) (custom)
2022-10-20 01:29:42,988 [617aebcb-94d5-4f34-9c47-e0c0542c8799@group-74DC051E88E8-LeaderElection18] INFO  server.RaftServerConfigKeys (ConfUtils.java:logGet(46)) - raft.server.watch.timeout = 180s (custom)
2022-10-20 01:29:42,988 [617aebcb-94d5-4f34-9c47-e0c0542c8799@group-74DC051E88E8-LeaderElection18] INFO  server.RaftServerConfigKeys (ConfUtils.java:logGet(46)) - raft.server.watch.timeout.denomination = 1s (default)
2022-10-20 01:29:42,988 [617aebcb-94d5-4f34-9c47-e0c0542c8799@group-74DC051E88E8-LeaderElection18] INFO  server.RaftServerConfigKeys (ConfUtils.java:logGet(46)) - raft.server.watch.element-limit = 65536 (default)
2022-10-20 01:29:42,988 [617aebcb-94d5-4f34-9c47-e0c0542c8799@group-74DC051E88E8-LeaderElection18] INFO  server.RaftServerConfigKeys (ConfUtils.java:logGet(46)) - raft.server.write.element-limit = 1024 (custom)
2022-10-20 01:29:42,988 [617aebcb-94d5-4f34-9c47-e0c0542c8799@group-74DC051E88E8-LeaderElection18] INFO  server.RaftServerConfigKeys (ConfUtils.java:logGet(46)) - raft.server.write.follower.gap.ratio.max = -1.0 (default)
2022-10-20 01:29:42,989 [617aebcb-94d5-4f34-9c47-e0c0542c8799@group-74DC051E88E8-LeaderElection18] INFO  server.RaftServerConfigKeys (ConfUtils.java:logGet(46)) - raft.server.log.appender.snapshot.chunk.size.max = 16MB (=16777216) (default)
2022-10-20 01:29:42,989 [617aebcb-94d5-4f34-9c47-e0c0542c8799@group-74DC051E88E8-LeaderElection18] INFO  server.RaftServerConfigKeys (ConfUtils.java:logGet(46)) - raft.server.log.appender.buffer.byte-limit = 33554432 (custom)
2022-10-20 01:29:42,989 [617aebcb-94d5-4f34-9c47-e0c0542c8799@group-74DC051E88E8-LeaderElection18] INFO  server.RaftServerConfigKeys (ConfUtils.java:logGet(46)) - raft.server.log.appender.buffer.element-limit = 1 (custom)
2022-10-20 01:29:42,989 [617aebcb-94d5-4f34-9c47-e0c0542c8799@group-74DC051E88E8-LeaderElection18] INFO  grpc.GrpcConfigKeys (ConfUtils.java:logGet(46)) - raft.grpc.server.leader.outstanding.appends.max = 128 (default)
2022-10-20 01:29:42,989 [617aebcb-94d5-4f34-9c47-e0c0542c8799@group-74DC051E88E8-LeaderElection18] INFO  server.RaftServerConfigKeys (ConfUtils.java:logGet(46)) - raft.server.rpc.request.timeout = 60s (custom)
2022-10-20 01:29:42,989 [617aebcb-94d5-4f34-9c47-e0c0542c8799@group-74DC051E88E8-LeaderElection18] INFO  server.RaftServerConfigKeys (ConfUtils.java:logGet(46)) - raft.server.log.appender.install.snapshot.enabled = false (custom)
2022-10-20 01:29:42,989 [617aebcb-94d5-4f34-9c47-e0c0542c8799@group-74DC051E88E8-LeaderElection18] INFO  grpc.GrpcConfigKeys (ConfUtils.java:logGet(46)) - raft.grpc.server.heartbeat.channel = true (default)
2022-10-20 01:29:42,989 [617aebcb-94d5-4f34-9c47-e0c0542c8799@group-74DC051E88E8-LeaderElection18] INFO  server.RaftServerConfigKeys (ConfUtils.java:logGet(46)) - raft.server.log.appender.wait-time.min = 10ms (default)
2022-10-20 01:29:42,991 [617aebcb-94d5-4f34-9c47-e0c0542c8799@group-74DC051E88E8-LeaderElection18] INFO  server.RaftServerConfigKeys (ConfUtils.java:logGet(46)) - raft.server.log.appender.snapshot.chunk.size.max = 16MB (=16777216) (default)
2022-10-20 01:29:42,991 [617aebcb-94d5-4f34-9c47-e0c0542c8799@group-74DC051E88E8-LeaderElection18] INFO  server.RaftServerConfigKeys (ConfUtils.java:logGet(46)) - raft.server.log.appender.buffer.byte-limit = 33554432 (custom)
2022-10-20 01:29:42,991 [617aebcb-94d5-4f34-9c47-e0c0542c8799@group-74DC051E88E8-LeaderElection18] INFO  server.RaftServerConfigKeys (ConfUtils.java:logGet(46)) - raft.server.log.appender.buffer.element-limit = 1 (custom)
2022-10-20 01:29:42,991 [617aebcb-94d5-4f34-9c47-e0c0542c8799@group-74DC051E88E8-LeaderElection18] INFO  grpc.GrpcConfigKeys (ConfUtils.java:logGet(46)) - raft.grpc.server.leader.outstanding.appends.max = 128 (default)
2022-10-20 01:29:42,991 [617aebcb-94d5-4f34-9c47-e0c0542c8799@group-74DC051E88E8-LeaderElection18] INFO  server.RaftServerConfigKeys (ConfUtils.java:logGet(46)) - raft.server.rpc.request.timeout = 60s (custom)
2022-10-20 01:29:42,991 [617aebcb-94d5-4f34-9c47-e0c0542c8799@group-74DC051E88E8-LeaderElection18] INFO  server.RaftServerConfigKeys (ConfUtils.java:logGet(46)) - raft.server.log.appender.install.snapshot.enabled = false (custom)
2022-10-20 01:29:42,991 [617aebcb-94d5-4f34-9c47-e0c0542c8799@group-74DC051E88E8-LeaderElection18] INFO  grpc.GrpcConfigKeys (ConfUtils.java:logGet(46)) - raft.grpc.server.heartbeat.channel = true (default)
2022-10-20 01:29:42,991 [617aebcb-94d5-4f34-9c47-e0c0542c8799@group-74DC051E88E8-LeaderElection18] INFO  server.RaftServerConfigKeys (ConfUtils.java:logGet(46)) - raft.server.log.appender.wait-time.min = 10ms (default)
2022-10-20 01:29:42,991 [617aebcb-94d5-4f34-9c47-e0c0542c8799@group-74DC051E88E8-LeaderElection18] INFO  impl.RoleInfo (RoleInfo.java:updateAndGet(139)) - 617aebcb-94d5-4f34-9c47-e0c0542c8799: start 617aebcb-94d5-4f34-9c47-e0c0542c8799@group-74DC051E88E8-LeaderStateImpl
2022-10-20 01:29:42,992 [617aebcb-94d5-4f34-9c47-e0c0542c8799@group-74DC051E88E8-LeaderElection18] INFO  segmented.SegmentedRaftLogWorker (SegmentedRaftLogWorker.java:startLogSegment(452)) - 617aebcb-94d5-4f34-9c47-e0c0542c8799@group-74DC051E88E8-SegmentedRaftLogWorker: Starting segment from index:0
2022-10-20 01:29:42,992 [EventQueue-PipelineReportForPipelineReportHandler] INFO  pipeline.PipelineManagerImpl (PipelineManagerImpl.java:openPipeline(367)) - Pipeline Pipeline[ Id: fd52c53e-a8b4-47ae-9280-74dc051e88e8, Nodes: 617aebcb-94d5-4f34-9c47-e0c0542c8799{ip: 10.1.0.77, host: fv-az625-379.nkjb25ot11ku3fnowzullr2doh.gx.internal.cloudapp.net, ports: [REPLICATION=37059, RATIS=43495, RATIS_ADMIN=43495, RATIS_SERVER=43495, STANDALONE=33559], networkLocation: /default-rack, certSerialId: null, persistedOpState: IN_SERVICE, persistedOpStateExpiryEpochSec: 0}a2b9a5b5-e126-445d-90e8-946fc00ddc43{ip: 10.1.0.77, host: fv-az625-379.nkjb25ot11ku3fnowzullr2doh.gx.internal.cloudapp.net, ports: [REPLICATION=42747, RATIS=45297, RATIS_ADMIN=45297, RATIS_SERVER=45297, STANDALONE=46421], networkLocation: /default-rack, certSerialId: null, persistedOpState: IN_SERVICE, persistedOpStateExpiryEpochSec: 0}f5cc69e3-4def-49b3-97e4-fc35696e58fc{ip: 10.1.0.77, host: fv-az625-379.nkjb25ot11ku3fnowzullr2doh.gx.internal.cloudapp.net, ports: [REPLICATION=45057, RATIS=36367, RATIS_ADMIN=36367, RATIS_SERVER=36367, STANDALONE=42709], networkLocation: /default-rack, certSerialId: null, persistedOpState: IN_SERVICE, persistedOpStateExpiryEpochSec: 0}, ReplicationConfig: RATIS/THREE, State:ALLOCATED, leaderId:617aebcb-94d5-4f34-9c47-e0c0542c8799, CreationTimestamp2022-10-20T01:29:35.373Z[Etc/UTC]] moved to OPEN state
2022-10-20 01:29:42,994 [617aebcb-94d5-4f34-9c47-e0c0542c8799@group-74DC051E88E8-SegmentedRaftLogWorker] INFO  segmented.SegmentedRaftLogWorker (SegmentedRaftLogWorker.java:execute(656)) - 617aebcb-94d5-4f34-9c47-e0c0542c8799@group-74DC051E88E8-SegmentedRaftLogWorker: created new log segment /home/runner/work/ozone/ozone/hadoop-ozone/integration-test/target/test-dir/MiniOzoneClusterImpl-1c2b738d-be74-4a40-b887-8630efe04021/datanode-8/data/ratis/fd52c53e-a8b4-47ae-9280-74dc051e88e8/current/log_inprogress_0
2022-10-20 01:29:42,997 [grpc-default-executor-3] INFO  server.RaftServer$Division (RaftServerImpl.java:requestVote(1218)) - 617aebcb-94d5-4f34-9c47-e0c0542c8799@group-74DC051E88E8: receive requestVote(ELECTION, f5cc69e3-4def-49b3-97e4-fc35696e58fc, group-74DC051E88E8, 1, (t:0, i:0))
2022-10-20 01:29:43,005 [a2b9a5b5-e126-445d-90e8-946fc00ddc43-server-thread1] INFO  ratis.XceiverServerRatis (XceiverServerRatis.java:handleLeaderChangedNotification(863)) - Leader change notification received for group: group-74DC051E88E8 with new leaderId: 617aebcb-94d5-4f34-9c47-e0c0542c8799
2022-10-20 01:29:43,006 [a2b9a5b5-e126-445d-90e8-946fc00ddc43-server-thread1] INFO  server.RaftServer$Division (ServerState.java:setLeader(313)) - a2b9a5b5-e126-445d-90e8-946fc00ddc43@group-74DC051E88E8: change Leader from null to 617aebcb-94d5-4f34-9c47-e0c0542c8799 at term 1 for appendEntries, leader elected after 5087ms
2022-10-20 01:29:43,013 [617aebcb-94d5-4f34-9c47-e0c0542c8799@group-74DC051E88E8-LeaderElection18] INFO  server.RaftServer$Division (ServerState.java:setRaftConf(430)) - 617aebcb-94d5-4f34-9c47-e0c0542c8799@group-74DC051E88E8: set configuration 0: peers:[a2b9a5b5-e126-445d-90e8-946fc00ddc43|rpc:10.1.0.77:45297|dataStream:|priority:0|startupRole:FOLLOWER, f5cc69e3-4def-49b3-97e4-fc35696e58fc|rpc:10.1.0.77:36367|dataStream:|priority:0|startupRole:FOLLOWER, 617aebcb-94d5-4f34-9c47-e0c0542c8799|rpc:10.1.0.77:43495|dataStream:|priority:1|startupRole:FOLLOWER]|listeners:[], old=null
2022-10-20 01:29:43,013 [grpc-default-executor-3] INFO  impl.VoteContext (VoteContext.java:log(48)) - 617aebcb-94d5-4f34-9c47-e0c0542c8799@group-74DC051E88E8-LEADER: reject ELECTION from f5cc69e3-4def-49b3-97e4-fc35696e58fc: already has voted for 617aebcb-94d5-4f34-9c47-e0c0542c8799 at current term 1
2022-10-20 01:29:43,013 [grpc-default-executor-3] INFO  server.RaftServer$Division (RaftServerImpl.java:requestVote(1251)) - 617aebcb-94d5-4f34-9c47-e0c0542c8799@group-74DC051E88E8 replies to ELECTION vote request: f5cc69e3-4def-49b3-97e4-fc35696e58fc<-617aebcb-94d5-4f34-9c47-e0c0542c8799#0:FAIL-t1. Peer's state: 617aebcb-94d5-4f34-9c47-e0c0542c8799@group-74DC051E88E8:t1, leader=617aebcb-94d5-4f34-9c47-e0c0542c8799, voted=617aebcb-94d5-4f34-9c47-e0c0542c8799, raftlog=Memoized:617aebcb-94d5-4f34-9c47-e0c0542c8799@group-74DC051E88E8-SegmentedRaftLog:OPENED:c-1, conf=0: peers:[a2b9a5b5-e126-445d-90e8-946fc00ddc43|rpc:10.1.0.77:45297|dataStream:|priority:0|startupRole:FOLLOWER, f5cc69e3-4def-49b3-97e4-fc35696e58fc|rpc:10.1.0.77:36367|dataStream:|priority:0|startupRole:FOLLOWER, 617aebcb-94d5-4f34-9c47-e0c0542c8799|rpc:10.1.0.77:43495|dataStream:|priority:1|startupRole:FOLLOWER]|listeners:[], old=null
2022-10-20 01:29:43,020 [a2b9a5b5-e126-445d-90e8-946fc00ddc43-server-thread1] INFO  server.RaftServer$Division (ServerState.java:setRaftConf(430)) - a2b9a5b5-e126-445d-90e8-946fc00ddc43@group-74DC051E88E8: set configuration 0: peers:[a2b9a5b5-e126-445d-90e8-946fc00ddc43|rpc:10.1.0.77:45297|dataStream:|priority:0|startupRole:FOLLOWER, f5cc69e3-4def-49b3-97e4-fc35696e58fc|rpc:10.1.0.77:36367|dataStream:|priority:0|startupRole:FOLLOWER, 617aebcb-94d5-4f34-9c47-e0c0542c8799|rpc:10.1.0.77:43495|dataStream:|priority:1|startupRole:FOLLOWER]|listeners:[], old=null
2022-10-20 01:29:43,020 [a2b9a5b5-e126-445d-90e8-946fc00ddc43-server-thread1] INFO  segmented.SegmentedRaftLogWorker (SegmentedRaftLogWorker.java:startLogSegment(452)) - a2b9a5b5-e126-445d-90e8-946fc00ddc43@group-74DC051E88E8-SegmentedRaftLogWorker: Starting segment from index:0
2022-10-20 01:29:43,039 [a2b9a5b5-e126-445d-90e8-946fc00ddc43@group-74DC051E88E8-SegmentedRaftLogWorker] INFO  segmented.SegmentedRaftLogWorker (SegmentedRaftLogWorker.java:execute(656)) - a2b9a5b5-e126-445d-90e8-946fc00ddc43@group-74DC051E88E8-SegmentedRaftLogWorker: created new log segment /home/runner/work/ozone/ozone/hadoop-ozone/integration-test/target/test-dir/MiniOzoneClusterImpl-1c2b738d-be74-4a40-b887-8630efe04021/datanode-7/data/ratis/fd52c53e-a8b4-47ae-9280-74dc051e88e8/current/log_inprogress_0
2022-10-20 01:29:43,041 [f5cc69e3-4def-49b3-97e4-fc35696e58fc@group-74DC051E88E8-LeaderElection17] INFO  impl.LeaderElection (LeaderElection.java:logAndReturn(90)) - f5cc69e3-4def-49b3-97e4-fc35696e58fc@group-74DC051E88E8-LeaderElection17: ELECTION REJECTED received 2 response(s) and 0 exception(s):
2022-10-20 01:29:43,041 [f5cc69e3-4def-49b3-97e4-fc35696e58fc@group-74DC051E88E8-LeaderElection17] INFO  impl.LeaderElection (LeaderElection.java:logAndReturn(94)) -   Response 0: f5cc69e3-4def-49b3-97e4-fc35696e58fc<-a2b9a5b5-e126-445d-90e8-946fc00ddc43#0:FAIL-t1
2022-10-20 01:29:43,041 [f5cc69e3-4def-49b3-97e4-fc35696e58fc@group-74DC051E88E8-LeaderElection17] INFO  impl.LeaderElection (LeaderElection.java:logAndReturn(94)) -   Response 1: f5cc69e3-4def-49b3-97e4-fc35696e58fc<-617aebcb-94d5-4f34-9c47-e0c0542c8799#0:FAIL-t1
2022-10-20 01:29:43,041 [f5cc69e3-4def-49b3-97e4-fc35696e58fc@group-74DC051E88E8-LeaderElection17] INFO  impl.LeaderElection (LeaderElection.java:askForVotes(314)) - f5cc69e3-4def-49b3-97e4-fc35696e58fc@group-74DC051E88E8-LeaderElection17 ELECTION round 0: result REJECTED
2022-10-20 01:29:43,041 [f5cc69e3-4def-49b3-97e4-fc35696e58fc@group-74DC051E88E8-LeaderElection17] INFO  server.RaftServer$Division (RaftServerImpl.java:setRole(321)) - f5cc69e3-4def-49b3-97e4-fc35696e58fc@group-74DC051E88E8: changes role from CANDIDATE to FOLLOWER at term 1 for REJECTED
2022-10-20 01:29:43,041 [f5cc69e3-4def-49b3-97e4-fc35696e58fc@group-74DC051E88E8-LeaderElection17] INFO  impl.RoleInfo (RoleInfo.java:shutdownLeaderElection(130)) - f5cc69e3-4def-49b3-97e4-fc35696e58fc: shutdown f5cc69e3-4def-49b3-97e4-fc35696e58fc@group-74DC051E88E8-LeaderElection17
2022-10-20 01:29:43,047 [f5cc69e3-4def-49b3-97e4-fc35696e58fc@group-74DC051E88E8-LeaderElection17] INFO  impl.RoleInfo (RoleInfo.java:updateAndGet(139)) - f5cc69e3-4def-49b3-97e4-fc35696e58fc: start f5cc69e3-4def-49b3-97e4-fc35696e58fc@group-74DC051E88E8-FollowerState
2022-10-20 01:29:43,051 [f5cc69e3-4def-49b3-97e4-fc35696e58fc-server-thread1] INFO  ratis.XceiverServerRatis (XceiverServerRatis.java:handleLeaderChangedNotification(863)) - Leader change notification received for group: group-74DC051E88E8 with new leaderId: 617aebcb-94d5-4f34-9c47-e0c0542c8799
2022-10-20 01:29:43,051 [f5cc69e3-4def-49b3-97e4-fc35696e58fc-server-thread1] INFO  server.RaftServer$Division (ServerState.java:setLeader(313)) - f5cc69e3-4def-49b3-97e4-fc35696e58fc@group-74DC051E88E8: change Leader from null to 617aebcb-94d5-4f34-9c47-e0c0542c8799 at term 1 for appendEntries, leader elected after 5189ms
2022-10-20 01:29:43,058 [f5cc69e3-4def-49b3-97e4-fc35696e58fc-server-thread1] INFO  server.RaftServer$Division (ServerState.java:setRaftConf(430)) - f5cc69e3-4def-49b3-97e4-fc35696e58fc@group-74DC051E88E8: set configuration 0: peers:[a2b9a5b5-e126-445d-90e8-946fc00ddc43|rpc:10.1.0.77:45297|dataStream:|priority:0|startupRole:FOLLOWER, f5cc69e3-4def-49b3-97e4-fc35696e58fc|rpc:10.1.0.77:36367|dataStream:|priority:0|startupRole:FOLLOWER, 617aebcb-94d5-4f34-9c47-e0c0542c8799|rpc:10.1.0.77:43495|dataStream:|priority:1|startupRole:FOLLOWER]|listeners:[], old=null
2022-10-20 01:29:43,059 [f5cc69e3-4def-49b3-97e4-fc35696e58fc-server-thread1] INFO  segmented.SegmentedRaftLogWorker (SegmentedRaftLogWorker.java:startLogSegment(452)) - f5cc69e3-4def-49b3-97e4-fc35696e58fc@group-74DC051E88E8-SegmentedRaftLogWorker: Starting segment from index:0
2022-10-20 01:29:43,060 [f5cc69e3-4def-49b3-97e4-fc35696e58fc@group-74DC051E88E8-SegmentedRaftLogWorker] INFO  segmented.SegmentedRaftLogWorker (SegmentedRaftLogWorker.java:execute(656)) - f5cc69e3-4def-49b3-97e4-fc35696e58fc@group-74DC051E88E8-SegmentedRaftLogWorker: created new log segment /home/runner/work/ozone/ozone/hadoop-ozone/integration-test/target/test-dir/MiniOzoneClusterImpl-1c2b738d-be74-4a40-b887-8630efe04021/datanode-6/data/ratis/fd52c53e-a8b4-47ae-9280-74dc051e88e8/current/log_inprogress_0
2022-10-20 01:29:43,095 [a2b9a5b5-e126-445d-90e8-946fc00ddc43@group-2A44E0557D51-FollowerState] INFO  impl.FollowerState (FollowerState.java:run(143)) - a2b9a5b5-e126-445d-90e8-946fc00ddc43@group-2A44E0557D51-FollowerState: change to CANDIDATE, lastRpcElapsedTime:5069467283ns, electionTimeout:5069ms
2022-10-20 01:29:43,096 [a2b9a5b5-e126-445d-90e8-946fc00ddc43@group-2A44E0557D51-FollowerState] INFO  impl.RoleInfo (RoleInfo.java:shutdownFollowerState(110)) - a2b9a5b5-e126-445d-90e8-946fc00ddc43: shutdown a2b9a5b5-e126-445d-90e8-946fc00ddc43@group-2A44E0557D51-FollowerState
2022-10-20 01:29:43,096 [a2b9a5b5-e126-445d-90e8-946fc00ddc43@group-2A44E0557D51-FollowerState] INFO  server.RaftServer$Division (RaftServerImpl.java:setRole(321)) - a2b9a5b5-e126-445d-90e8-946fc00ddc43@group-2A44E0557D51: changes role from  FOLLOWER to CANDIDATE at term 0 for changeToCandidate
2022-10-20 01:29:43,096 [a2b9a5b5-e126-445d-90e8-946fc00ddc43@group-2A44E0557D51-FollowerState] INFO  server.RaftServerConfigKeys (ConfUtils.java:logGet(46)) - raft.server.leaderelection.pre-vote = false (custom)
2022-10-20 01:29:43,096 [a2b9a5b5-e126-445d-90e8-946fc00ddc43@group-2A44E0557D51-FollowerState] INFO  impl.RoleInfo (RoleInfo.java:updateAndGet(139)) - a2b9a5b5-e126-445d-90e8-946fc00ddc43: start a2b9a5b5-e126-445d-90e8-946fc00ddc43@group-2A44E0557D51-LeaderElection19
2022-10-20 01:29:43,104 [a2b9a5b5-e126-445d-90e8-946fc00ddc43@group-2A44E0557D51-LeaderElection19] INFO  impl.LeaderElection (LeaderElection.java:askForVotes(312)) - a2b9a5b5-e126-445d-90e8-946fc00ddc43@group-2A44E0557D51-LeaderElection19 ELECTION round 0: submit vote requests at term 1 for -1: peers:[a2b9a5b5-e126-445d-90e8-946fc00ddc43|rpc:10.1.0.77:45297|priority:1|startupRole:FOLLOWER]|listeners:[], old=null
2022-10-20 01:29:43,104 [a2b9a5b5-e126-445d-90e8-946fc00ddc43@group-2A44E0557D51-LeaderElection19] INFO  impl.LeaderElection (LeaderElection.java:askForVotes(314)) - a2b9a5b5-e126-445d-90e8-946fc00ddc43@group-2A44E0557D51-LeaderElection19 ELECTION round 0: result PASSED (term=1)
2022-10-20 01:29:43,104 [a2b9a5b5-e126-445d-90e8-946fc00ddc43@group-2A44E0557D51-LeaderElection19] INFO  impl.RoleInfo (RoleInfo.java:shutdownLeaderElection(130)) - a2b9a5b5-e126-445d-90e8-946fc00ddc43: shutdown a2b9a5b5-e126-445d-90e8-946fc00ddc43@group-2A44E0557D51-LeaderElection19
2022-10-20 01:29:43,104 [a2b9a5b5-e126-445d-90e8-946fc00ddc43@group-2A44E0557D51-LeaderElection19] INFO  server.RaftServer$Division (RaftServerImpl.java:setRole(321)) - a2b9a5b5-e126-445d-90e8-946fc00ddc43@group-2A44E0557D51: changes role from CANDIDATE to LEADER at term 1 for changeToLeader
2022-10-20 01:29:43,104 [a2b9a5b5-e126-445d-90e8-946fc00ddc43@group-2A44E0557D51-LeaderElection19] INFO  ratis.XceiverServerRatis (XceiverServerRatis.java:handleLeaderChangedNotification(863)) - Leader change notification received for group: group-2A44E0557D51 with new leaderId: a2b9a5b5-e126-445d-90e8-946fc00ddc43
2022-10-20 01:29:43,104 [a2b9a5b5-e126-445d-90e8-946fc00ddc43@group-2A44E0557D51-LeaderElection19] INFO  server.RaftServer$Division (ServerState.java:setLeader(313)) - a2b9a5b5-e126-445d-90e8-946fc00ddc43@group-2A44E0557D51: change Leader from null to a2b9a5b5-e126-445d-90e8-946fc00ddc43 at term 1 for becomeLeader, leader elected after 5087ms
2022-10-20 01:29:43,105 [a2b9a5b5-e126-445d-90e8-946fc00ddc43@group-2A44E0557D51-LeaderElection19] INFO  server.RaftServerConfigKeys (ConfUtils.java:logGet(46)) - raft.server.staging.catchup.gap = 1000 (default)
2022-10-20 01:29:43,105 [a2b9a5b5-e126-445d-90e8-946fc00ddc43@group-2A44E0557D51-LeaderElection19] INFO  server.RaftServerConfigKeys (ConfUtils.java:logGet(46)) - raft.server.write.element-limit = 1024 (custom)
2022-10-20 01:29:43,105 [a2b9a5b5-e126-445d-90e8-946fc00ddc43@group-2A44E0557D51-LeaderElection19] INFO  server.RaftServerConfigKeys (ConfUtils.java:logGet(46)) - raft.server.write.byte-limit = 1024 M (=1073741824) (custom)
2022-10-20 01:29:43,105 [a2b9a5b5-e126-445d-90e8-946fc00ddc43@group-2A44E0557D51-LeaderElection19] INFO  server.RaftServerConfigKeys (ConfUtils.java:logGet(46)) - raft.server.watch.timeout = 180s (custom)
2022-10-20 01:29:43,105 [a2b9a5b5-e126-445d-90e8-946fc00ddc43@group-2A44E0557D51-LeaderElection19] INFO  server.RaftServerConfigKeys (ConfUtils.java:logGet(46)) - raft.server.watch.timeout.denomination = 1s (default)
2022-10-20 01:29:43,105 [a2b9a5b5-e126-445d-90e8-946fc00ddc43@group-2A44E0557D51-LeaderElection19] INFO  server.RaftServerConfigKeys (ConfUtils.java:logGet(46)) - raft.server.watch.element-limit = 65536 (default)
2022-10-20 01:29:43,105 [a2b9a5b5-e126-445d-90e8-946fc00ddc43@group-2A44E0557D51-LeaderElection19] INFO  server.RaftServerConfigKeys (ConfUtils.java:logGet(46)) - raft.server.write.element-limit = 1024 (custom)
2022-10-20 01:29:43,110 [a2b9a5b5-e126-445d-90e8-946fc00ddc43@group-2A44E0557D51-LeaderElection19] INFO  server.RaftServerConfigKeys (ConfUtils.java:logGet(46)) - raft.server.write.follower.gap.ratio.max = -1.0 (default)
2022-10-20 01:29:43,110 [a2b9a5b5-e126-445d-90e8-946fc00ddc43@group-2A44E0557D51-LeaderElection19] INFO  impl.RoleInfo (RoleInfo.java:updateAndGet(139)) - a2b9a5b5-e126-445d-90e8-946fc00ddc43: start a2b9a5b5-e126-445d-90e8-946fc00ddc43@group-2A44E0557D51-LeaderStateImpl
2022-10-20 01:29:43,110 [a2b9a5b5-e126-445d-90e8-946fc00ddc43@group-2A44E0557D51-LeaderElection19] INFO  segmented.SegmentedRaftLogWorker (SegmentedRaftLogWorker.java:startLogSegment(452)) - a2b9a5b5-e126-445d-90e8-946fc00ddc43@group-2A44E0557D51-SegmentedRaftLogWorker: Starting segment from index:0
2022-10-20 01:29:43,119 [a2b9a5b5-e126-445d-90e8-946fc00ddc43@group-2A44E0557D51-LeaderElection19] INFO  server.RaftServer$Division (ServerState.java:setRaftConf(430)) - a2b9a5b5-e126-445d-90e8-946fc00ddc43@group-2A44E0557D51: set configuration 0: peers:[a2b9a5b5-e126-445d-90e8-946fc00ddc43|rpc:10.1.0.77:45297|dataStream:|priority:1|startupRole:FOLLOWER]|listeners:[], old=null
2022-10-20 01:29:43,122 [a2b9a5b5-e126-445d-90e8-946fc00ddc43@group-2A44E0557D51-SegmentedRaftLogWorker] INFO  segmented.SegmentedRaftLogWorker (SegmentedRaftLogWorker.java:execute(656)) - a2b9a5b5-e126-445d-90e8-946fc00ddc43@group-2A44E0557D51-SegmentedRaftLogWorker: created new log segment /home/runner/work/ozone/ozone/hadoop-ozone/integration-test/target/test-dir/MiniOzoneClusterImpl-1c2b738d-be74-4a40-b887-8630efe04021/datanode-7/data/ratis/fac93cf4-26dc-48b5-bde9-2a44e0557d51/current/log_inprogress_0
2022-10-20 01:29:43,132 [Listener at 127.0.0.1/41123] INFO  ozoneimpl.OzoneContainer (OzoneContainer.java:stop(400)) - Attempting to stop container services.
2022-10-20 01:29:43,138 [Listener at 127.0.0.1/41123] INFO  server.RaftServer (RaftServerProxy.java:lambda$close$6(409)) - 5133b65f-dd1c-47c0-816b-09498efa4e03: close
2022-10-20 01:29:43,139 [5133b65f-dd1c-47c0-816b-09498efa4e03-impl-thread1] INFO  server.RaftServer$Division (RaftServerImpl.java:lambda$close$4(458)) - 5133b65f-dd1c-47c0-816b-09498efa4e03@group-F3D77823205D: shutdown
2022-10-20 01:29:43,139 [5133b65f-dd1c-47c0-816b-09498efa4e03-impl-thread2] INFO  server.RaftServer$Division (RaftServerImpl.java:lambda$close$4(458)) - 5133b65f-dd1c-47c0-816b-09498efa4e03@group-D7293B15BB3D: shutdown
2022-10-20 01:29:43,139 [5133b65f-dd1c-47c0-816b-09498efa4e03-impl-thread1] INFO  util.JmxRegister (JmxRegister.java:unregister(73)) - Successfully un-registered JMX Bean with object name Ratis:service=RaftServer,group=group-F3D77823205D,id=5133b65f-dd1c-47c0-816b-09498efa4e03
2022-10-20 01:29:43,139 [5133b65f-dd1c-47c0-816b-09498efa4e03-impl-thread2] INFO  util.JmxRegister (JmxRegister.java:unregister(73)) - Successfully un-registered JMX Bean with object name Ratis:service=RaftServer,group=group-D7293B15BB3D,id=5133b65f-dd1c-47c0-816b-09498efa4e03
2022-10-20 01:29:43,139 [5133b65f-dd1c-47c0-816b-09498efa4e03-impl-thread1] INFO  impl.RoleInfo (RoleInfo.java:shutdownLeaderState(93)) - 5133b65f-dd1c-47c0-816b-09498efa4e03: shutdown 5133b65f-dd1c-47c0-816b-09498efa4e03@group-F3D77823205D-LeaderStateImpl
2022-10-20 01:29:43,139 [5133b65f-dd1c-47c0-816b-09498efa4e03-impl-thread2] INFO  impl.RoleInfo (RoleInfo.java:shutdownLeaderState(93)) - 5133b65f-dd1c-47c0-816b-09498efa4e03: shutdown 5133b65f-dd1c-47c0-816b-09498efa4e03@group-D7293B15BB3D-LeaderStateImpl
2022-10-20 01:29:43,139 [5133b65f-dd1c-47c0-816b-09498efa4e03-impl-thread2] INFO  impl.PendingRequests (PendingRequests.java:sendNotLeaderResponses(282)) - 5133b65f-dd1c-47c0-816b-09498efa4e03@group-D7293B15BB3D-PendingRequests: sendNotLeaderResponses
2022-10-20 01:29:43,140 [Listener at 127.0.0.1/41123] INFO  server.GrpcService (GrpcService.java:closeImpl(279)) - 5133b65f-dd1c-47c0-816b-09498efa4e03: shutdown server GrpcServerProtocolService now
2022-10-20 01:29:43,140 [5133b65f-dd1c-47c0-816b-09498efa4e03-impl-thread2] INFO  impl.StateMachineUpdater (StateMachineUpdater.java:stopAndJoin(153)) - 5133b65f-dd1c-47c0-816b-09498efa4e03@group-D7293B15BB3D-StateMachineUpdater: set stopIndex = 0
2022-10-20 01:29:43,141 [5133b65f-dd1c-47c0-816b-09498efa4e03@group-D7293B15BB3D-StateMachineUpdater] INFO  ratis.ContainerStateMachine (ContainerStateMachine.java:takeSnapshot(304)) - group-D7293B15BB3D: Taking a snapshot at:(t:1, i:0) file /home/runner/work/ozone/ozone/hadoop-ozone/integration-test/target/test-dir/MiniOzoneClusterImpl-1c2b738d-be74-4a40-b887-8630efe04021/datanode-0/data/ratis/a70ab2fc-d3cf-4a18-928c-d7293b15bb3d/sm/snapshot.1_0
2022-10-20 01:29:43,146 [5133b65f-dd1c-47c0-816b-09498efa4e03@group-F3D77823205D->4eb19ff5-df5c-423c-bb98-7a77d12fda0f-GrpcLogAppender-LogAppenderDaemon] WARN  server.GrpcLogAppender (GrpcLogAppender.java:mayWait(200)) - 5133b65f-dd1c-47c0-816b-09498efa4e03@group-F3D77823205D->4eb19ff5-df5c-423c-bb98-7a77d12fda0f-GrpcLogAppender: Wait interrupted by java.lang.InterruptedException
2022-10-20 01:29:43,141 [5133b65f-dd1c-47c0-816b-09498efa4e03-impl-thread1] INFO  impl.PendingRequests (PendingRequests.java:sendNotLeaderResponses(282)) - 5133b65f-dd1c-47c0-816b-09498efa4e03@group-F3D77823205D-PendingRequests: sendNotLeaderResponses
2022-10-20 01:29:43,152 [5133b65f-dd1c-47c0-816b-09498efa4e03@group-F3D77823205D-StateMachineUpdater] INFO  ratis.ContainerStateMachine (ContainerStateMachine.java:takeSnapshot(304)) - group-F3D77823205D: Taking a snapshot at:(t:1, i:0) file /home/runner/work/ozone/ozone/hadoop-ozone/integration-test/target/test-dir/MiniOzoneClusterImpl-1c2b738d-be74-4a40-b887-8630efe04021/datanode-0/data/ratis/815c7a2c-3194-459d-97c8-f3d77823205d/sm/snapshot.1_0
2022-10-20 01:29:43,151 [5133b65f-dd1c-47c0-816b-09498efa4e03-impl-thread1] INFO  impl.StateMachineUpdater (StateMachineUpdater.java:stopAndJoin(153)) - 5133b65f-dd1c-47c0-816b-09498efa4e03@group-F3D77823205D-StateMachineUpdater: set stopIndex = 0
2022-10-20 01:29:43,152 [5133b65f-dd1c-47c0-816b-09498efa4e03@group-F3D77823205D->2f412ea8-0081-4ad7-b64d-031dd4a9d4b2-GrpcLogAppender-LogAppenderDaemon] WARN  server.GrpcLogAppender (GrpcLogAppender.java:mayWait(200)) - 5133b65f-dd1c-47c0-816b-09498efa4e03@group-F3D77823205D->2f412ea8-0081-4ad7-b64d-031dd4a9d4b2-GrpcLogAppender: Wait interrupted by java.lang.InterruptedException
2022-10-20 01:29:43,154 [grpc-default-executor-3] INFO  server.GrpcServerProtocolService (GrpcServerProtocolService.java:onCompleted(145)) - 2f412ea8-0081-4ad7-b64d-031dd4a9d4b2: Completed APPEND_ENTRIES, lastRequest: null
2022-10-20 01:29:43,159 [5133b65f-dd1c-47c0-816b-09498efa4e03-impl-thread3] INFO  server.RaftServer$Division (RaftServerImpl.java:lambda$close$4(458)) - 5133b65f-dd1c-47c0-816b-09498efa4e03@group-D78ED3C809E8: shutdown
2022-10-20 01:29:43,159 [5133b65f-dd1c-47c0-816b-09498efa4e03-impl-thread3] INFO  util.JmxRegister (JmxRegister.java:unregister(73)) - Successfully un-registered JMX Bean with object name Ratis:service=RaftServer,group=group-D78ED3C809E8,id=5133b65f-dd1c-47c0-816b-09498efa4e03
2022-10-20 01:29:43,159 [5133b65f-dd1c-47c0-816b-09498efa4e03-impl-thread3] INFO  impl.RoleInfo (RoleInfo.java:shutdownFollowerState(110)) - 5133b65f-dd1c-47c0-816b-09498efa4e03: shutdown 5133b65f-dd1c-47c0-816b-09498efa4e03@group-D78ED3C809E8-FollowerState
2022-10-20 01:29:43,159 [5133b65f-dd1c-47c0-816b-09498efa4e03@group-D78ED3C809E8-FollowerState] INFO  impl.FollowerState (FollowerState.java:run(152)) - 5133b65f-dd1c-47c0-816b-09498efa4e03@group-D78ED3C809E8-FollowerState was interrupted
2022-10-20 01:29:43,159 [grpc-default-executor-1] INFO  server.GrpcLogAppender (GrpcLogAppender.java:onCompleted(415)) - 5133b65f-dd1c-47c0-816b-09498efa4e03@group-F3D77823205D->2f412ea8-0081-4ad7-b64d-031dd4a9d4b2-AppendLogResponseHandler: follower responses appendEntries COMPLETED
2022-10-20 01:29:43,155 [grpc-default-executor-4] INFO  server.GrpcServerProtocolService (GrpcServerProtocolService.java:onCompleted(145)) - 2f412ea8-0081-4ad7-b64d-031dd4a9d4b2: Completed APPEND_ENTRIES, lastRequest: 5133b65f-dd1c-47c0-816b-09498efa4e03->2f412ea8-0081-4ad7-b64d-031dd4a9d4b2#1-t1,previous=(t:0, i:0),leaderCommit=0,initializing? true,entries: size=1, first=(t:1, i:0), CONFIGURATIONENTRY(current:id: "2f412ea8-0081-4ad7-b64d-031dd4a9d4b2"
address: "10.1.0.77:43519"
clientAddress: "10.1.0.77:43519"
adminAddress: "10.1.0.77:43519"
startupRole: FOLLOWER
,id: "4eb19ff5-df5c-423c-bb98-7a77d12fda0f"
address: "10.1.0.77:39269"
clientAddress: "10.1.0.77:39269"
adminAddress: "10.1.0.77:39269"
startupRole: FOLLOWER
,id: "5133b65f-dd1c-47c0-816b-09498efa4e03"
address: "10.1.0.77:43535"
priority: 1
clientAddress: "10.1.0.77:43535"
adminAddress: "10.1.0.77:43535"
startupRole: FOLLOWER
, old:)
2022-10-20 01:29:43,160 [Listener at 127.0.0.1/41123] INFO  server.GrpcServerProtocolClient (GrpcServerProtocolClient.java:close(111)) - 2f412ea8-0081-4ad7-b64d-031dd4a9d4b2 Close channels
2022-10-20 01:29:43,161 [grpc-default-executor-1] INFO  leader.FollowerInfo (FollowerInfoImpl.java:lambda$new$0(48)) - 5133b65f-dd1c-47c0-816b-09498efa4e03@group-F3D77823205D->2f412ea8-0081-4ad7-b64d-031dd4a9d4b2: nextIndex: updateUnconditionally 1 -> 0
2022-10-20 01:29:43,161 [grpc-default-executor-3] INFO  server.GrpcLogAppender (GrpcLogAppender.java:onCompleted(415)) - 5133b65f-dd1c-47c0-816b-09498efa4e03@group-F3D77823205D->2f412ea8-0081-4ad7-b64d-031dd4a9d4b2-AppendLogResponseHandler: follower responses appendEntries COMPLETED
2022-10-20 01:29:43,161 [grpc-default-executor-3] WARN  server.GrpcLogAppender (GrpcLogAppender.java:resetClient(137)) - 5133b65f-dd1c-47c0-816b-09498efa4e03@group-F3D77823205D->2f412ea8-0081-4ad7-b64d-031dd4a9d4b2-GrpcLogAppender: Failed to getClient for 2f412ea8-0081-4ad7-b64d-031dd4a9d4b2
org.apache.ratis.protocol.exceptions.AlreadyClosedException: 5133b65f-dd1c-47c0-816b-09498efa4e03 is already CLOSED
	at org.apache.ratis.util.PeerProxyMap$PeerAndProxy.getProxy(PeerProxyMap.java:61)
	at org.apache.ratis.util.PeerProxyMap.getProxy(PeerProxyMap.java:115)
	at org.apache.ratis.grpc.server.GrpcLogAppender.getClient(GrpcLogAppender.java:116)
	at org.apache.ratis.grpc.server.GrpcLogAppender.resetClient(GrpcLogAppender.java:121)
	at org.apache.ratis.grpc.server.GrpcLogAppender.access$500(GrpcLogAppender.java:58)
	at org.apache.ratis.grpc.server.GrpcLogAppender$AppendLogResponseHandler.onCompleted(GrpcLogAppender.java:416)
	at org.apache.ratis.thirdparty.io.grpc.stub.ClientCalls$StreamObserverToCallListenerAdapter.onClose(ClientCalls.java:485)
	at org.apache.ratis.thirdparty.io.grpc.internal.ClientCallImpl.closeObserver(ClientCallImpl.java:562)
	at org.apache.ratis.thirdparty.io.grpc.internal.ClientCallImpl.access$300(ClientCallImpl.java:70)
	at org.apache.ratis.thirdparty.io.grpc.internal.ClientCallImpl$ClientStreamListenerImpl$1StreamClosed.runInternal(ClientCallImpl.java:743)
	at org.apache.ratis.thirdparty.io.grpc.internal.ClientCallImpl$ClientStreamListenerImpl$1StreamClosed.runInContext(ClientCallImpl.java:722)
	at org.apache.ratis.thirdparty.io.grpc.internal.ContextRunnable.run(ContextRunnable.java:37)
	at org.apache.ratis.thirdparty.io.grpc.internal.SerializingExecutor.run(SerializingExecutor.java:133)
	at java.util.concurrent.ThreadPoolExecutor.runWorker(ThreadPoolExecutor.java:1149)
	at java.util.concurrent.ThreadPoolExecutor$Worker.run(ThreadPoolExecutor.java:624)
	at java.lang.Thread.run(Thread.java:750)
2022-10-20 01:29:43,165 [5133b65f-dd1c-47c0-816b-09498efa4e03-impl-thread3] INFO  impl.StateMachineUpdater (StateMachineUpdater.java:stopAndJoin(153)) - 5133b65f-dd1c-47c0-816b-09498efa4e03@group-D78ED3C809E8-StateMachineUpdater: set stopIndex = -1
2022-10-20 01:29:43,165 [5133b65f-dd1c-47c0-816b-09498efa4e03-impl-thread3] INFO  server.RaftServer$Division (ServerState.java:close(466)) - 5133b65f-dd1c-47c0-816b-09498efa4e03@group-D78ED3C809E8: closes. applyIndex: -1
2022-10-20 01:29:43,166 [grpc-default-executor-3] INFO  server.GrpcServerProtocolService (GrpcServerProtocolService.java:onCompleted(145)) - 4eb19ff5-df5c-423c-bb98-7a77d12fda0f: Completed APPEND_ENTRIES, lastRequest: 5133b65f-dd1c-47c0-816b-09498efa4e03->4eb19ff5-df5c-423c-bb98-7a77d12fda0f#1-t1,previous=(t:0, i:0),leaderCommit=0,initializing? true,entries: size=1, first=(t:1, i:0), CONFIGURATIONENTRY(current:id: "2f412ea8-0081-4ad7-b64d-031dd4a9d4b2"
address: "10.1.0.77:43519"
clientAddress: "10.1.0.77:43519"
adminAddress: "10.1.0.77:43519"
startupRole: FOLLOWER
,id: "4eb19ff5-df5c-423c-bb98-7a77d12fda0f"
address: "10.1.0.77:39269"
clientAddress: "10.1.0.77:39269"
adminAddress: "10.1.0.77:39269"
startupRole: FOLLOWER
,id: "5133b65f-dd1c-47c0-816b-09498efa4e03"
address: "10.1.0.77:43535"
priority: 1
clientAddress: "10.1.0.77:43535"
adminAddress: "10.1.0.77:43535"
startupRole: FOLLOWER
, old:)
2022-10-20 01:29:43,166 [grpc-default-executor-1] INFO  server.GrpcServerProtocolService (GrpcServerProtocolService.java:onCompleted(145)) - 4eb19ff5-df5c-423c-bb98-7a77d12fda0f: Completed APPEND_ENTRIES, lastRequest: null
2022-10-20 01:29:43,166 [5133b65f-dd1c-47c0-816b-09498efa4e03@group-D78ED3C809E8-SegmentedRaftLogWorker] INFO  segmented.SegmentedRaftLogWorker (SegmentedRaftLogWorker.java:run(345)) - 5133b65f-dd1c-47c0-816b-09498efa4e03@group-D78ED3C809E8-SegmentedRaftLogWorker was interrupted, exiting. There are 0 tasks remaining in the queue.
2022-10-20 01:29:43,166 [5133b65f-dd1c-47c0-816b-09498efa4e03-impl-thread3] INFO  segmented.SegmentedRaftLogWorker (SegmentedRaftLogWorker.java:close(255)) - 5133b65f-dd1c-47c0-816b-09498efa4e03@group-D78ED3C809E8-SegmentedRaftLogWorker close()
2022-10-20 01:29:43,175 [grpc-default-executor-1] INFO  server.GrpcLogAppender (GrpcLogAppender.java:onCompleted(415)) - 5133b65f-dd1c-47c0-816b-09498efa4e03@group-F3D77823205D->4eb19ff5-df5c-423c-bb98-7a77d12fda0f-AppendLogResponseHandler: follower responses appendEntries COMPLETED
2022-10-20 01:29:43,176 [grpc-default-executor-1] INFO  leader.FollowerInfo (FollowerInfoImpl.java:lambda$new$0(48)) - 5133b65f-dd1c-47c0-816b-09498efa4e03@group-F3D77823205D->4eb19ff5-df5c-423c-bb98-7a77d12fda0f: nextIndex: updateUnconditionally 1 -> 0
2022-10-20 01:29:43,176 [grpc-default-executor-3] INFO  server.GrpcLogAppender (GrpcLogAppender.java:onCompleted(415)) - 5133b65f-dd1c-47c0-816b-09498efa4e03@group-F3D77823205D->4eb19ff5-df5c-423c-bb98-7a77d12fda0f-AppendLogResponseHandler: follower responses appendEntries COMPLETED
2022-10-20 01:29:43,176 [grpc-default-executor-3] INFO  leader.FollowerInfo (FollowerInfoImpl.java:lambda$new$0(48)) - 5133b65f-dd1c-47c0-816b-09498efa4e03@group-F3D77823205D->4eb19ff5-df5c-423c-bb98-7a77d12fda0f: nextIndex: updateUnconditionally 0 -> 0
2022-10-20 01:29:43,180 [Listener at 127.0.0.1/41123] INFO  server.GrpcServerProtocolClient (GrpcServerProtocolClient.java:close(111)) - 4eb19ff5-df5c-423c-bb98-7a77d12fda0f Close channels
2022-10-20 01:29:43,188 [Listener at 127.0.0.1/41123] INFO  server.GrpcService (GrpcService.java:closeImpl(288)) - 5133b65f-dd1c-47c0-816b-09498efa4e03: shutdown server GrpcServerProtocolService successfully
2022-10-20 01:29:43,193 [5133b65f-dd1c-47c0-816b-09498efa4e03@group-F3D77823205D-StateMachineUpdater] INFO  ratis.ContainerStateMachine (ContainerStateMachine.java:takeSnapshot(315)) - group-F3D77823205D: Finished taking a snapshot at:(t:1, i:0) file:/home/runner/work/ozone/ozone/hadoop-ozone/integration-test/target/test-dir/MiniOzoneClusterImpl-1c2b738d-be74-4a40-b887-8630efe04021/datanode-0/data/ratis/815c7a2c-3194-459d-97c8-f3d77823205d/sm/snapshot.1_0 took: 41 ms
2022-10-20 01:29:43,194 [5133b65f-dd1c-47c0-816b-09498efa4e03@group-D7293B15BB3D-StateMachineUpdater] INFO  ratis.ContainerStateMachine (ContainerStateMachine.java:takeSnapshot(315)) - group-D7293B15BB3D: Finished taking a snapshot at:(t:1, i:0) file:/home/runner/work/ozone/ozone/hadoop-ozone/integration-test/target/test-dir/MiniOzoneClusterImpl-1c2b738d-be74-4a40-b887-8630efe04021/datanode-0/data/ratis/a70ab2fc-d3cf-4a18-928c-d7293b15bb3d/sm/snapshot.1_0 took: 52 ms
2022-10-20 01:29:43,195 [5133b65f-dd1c-47c0-816b-09498efa4e03@group-D7293B15BB3D-StateMachineUpdater] INFO  impl.StateMachineUpdater (StateMachineUpdater.java:takeSnapshot(287)) - 5133b65f-dd1c-47c0-816b-09498efa4e03@group-D7293B15BB3D-StateMachineUpdater: Took a snapshot at index 0
2022-10-20 01:29:43,195 [5133b65f-dd1c-47c0-816b-09498efa4e03@group-F3D77823205D-StateMachineUpdater] INFO  impl.StateMachineUpdater (StateMachineUpdater.java:takeSnapshot(287)) - 5133b65f-dd1c-47c0-816b-09498efa4e03@group-F3D77823205D-StateMachineUpdater: Took a snapshot at index 0
2022-10-20 01:29:43,195 [5133b65f-dd1c-47c0-816b-09498efa4e03@group-D7293B15BB3D-StateMachineUpdater] INFO  impl.StateMachineUpdater (StateMachineUpdater.java:lambda$new$0(92)) - 5133b65f-dd1c-47c0-816b-09498efa4e03@group-D7293B15BB3D-StateMachineUpdater: snapshotIndex: updateIncreasingly -1 -> 0
2022-10-20 01:29:43,195 [5133b65f-dd1c-47c0-816b-09498efa4e03@group-F3D77823205D-StateMachineUpdater] INFO  impl.StateMachineUpdater (StateMachineUpdater.java:lambda$new$0(92)) - 5133b65f-dd1c-47c0-816b-09498efa4e03@group-F3D77823205D-StateMachineUpdater: snapshotIndex: updateIncreasingly -1 -> 0
2022-10-20 01:29:43,198 [5133b65f-dd1c-47c0-816b-09498efa4e03-impl-thread1] INFO  server.RaftServer$Division (ServerState.java:close(466)) - 5133b65f-dd1c-47c0-816b-09498efa4e03@group-F3D77823205D: closes. applyIndex: 0
2022-10-20 01:29:43,198 [5133b65f-dd1c-47c0-816b-09498efa4e03@group-F3D77823205D-SegmentedRaftLogWorker] INFO  segmented.SegmentedRaftLogWorker (SegmentedRaftLogWorker.java:run(345)) - 5133b65f-dd1c-47c0-816b-09498efa4e03@group-F3D77823205D-SegmentedRaftLogWorker was interrupted, exiting. There are 0 tasks remaining in the queue.
2022-10-20 01:29:43,198 [5133b65f-dd1c-47c0-816b-09498efa4e03-impl-thread2] INFO  server.RaftServer$Division (ServerState.java:close(466)) - 5133b65f-dd1c-47c0-816b-09498efa4e03@group-D7293B15BB3D: closes. applyIndex: 0
2022-10-20 01:29:43,199 [5133b65f-dd1c-47c0-816b-09498efa4e03@group-D7293B15BB3D-SegmentedRaftLogWorker] INFO  segmented.SegmentedRaftLogWorker (SegmentedRaftLogWorker.java:run(345)) - 5133b65f-dd1c-47c0-816b-09498efa4e03@group-D7293B15BB3D-SegmentedRaftLogWorker was interrupted, exiting. There are 0 tasks remaining in the queue.
2022-10-20 01:29:43,199 [5133b65f-dd1c-47c0-816b-09498efa4e03-impl-thread1] INFO  segmented.SegmentedRaftLogWorker (SegmentedRaftLogWorker.java:close(255)) - 5133b65f-dd1c-47c0-816b-09498efa4e03@group-F3D77823205D-SegmentedRaftLogWorker close()
2022-10-20 01:29:43,199 [5133b65f-dd1c-47c0-816b-09498efa4e03-impl-thread2] INFO  segmented.SegmentedRaftLogWorker (SegmentedRaftLogWorker.java:close(255)) - 5133b65f-dd1c-47c0-816b-09498efa4e03@group-D7293B15BB3D-SegmentedRaftLogWorker close()
2022-10-20 01:29:43,201 [JvmPauseMonitor1] INFO  util.JvmPauseMonitor (JvmPauseMonitor.java:run(111)) - JvmPauseMonitor-5133b65f-dd1c-47c0-816b-09498efa4e03: Stopped
2022-10-20 01:29:43,417 [617aebcb-94d5-4f34-9c47-e0c0542c8799@group-C3D786A4CB55-FollowerState] INFO  impl.FollowerState (FollowerState.java:run(143)) - 617aebcb-94d5-4f34-9c47-e0c0542c8799@group-C3D786A4CB55-FollowerState: change to CANDIDATE, lastRpcElapsedTime:5041021652ns, electionTimeout:5040ms
2022-10-20 01:29:43,417 [617aebcb-94d5-4f34-9c47-e0c0542c8799@group-C3D786A4CB55-FollowerState] INFO  impl.RoleInfo (RoleInfo.java:shutdownFollowerState(110)) - 617aebcb-94d5-4f34-9c47-e0c0542c8799: shutdown 617aebcb-94d5-4f34-9c47-e0c0542c8799@group-C3D786A4CB55-FollowerState
2022-10-20 01:29:43,417 [617aebcb-94d5-4f34-9c47-e0c0542c8799@group-C3D786A4CB55-FollowerState] INFO  server.RaftServer$Division (RaftServerImpl.java:setRole(321)) - 617aebcb-94d5-4f34-9c47-e0c0542c8799@group-C3D786A4CB55: changes role from  FOLLOWER to CANDIDATE at term 0 for changeToCandidate
2022-10-20 01:29:43,417 [617aebcb-94d5-4f34-9c47-e0c0542c8799@group-C3D786A4CB55-FollowerState] INFO  server.RaftServerConfigKeys (ConfUtils.java:logGet(46)) - raft.server.leaderelection.pre-vote = false (custom)
2022-10-20 01:29:43,417 [617aebcb-94d5-4f34-9c47-e0c0542c8799@group-C3D786A4CB55-FollowerState] INFO  impl.RoleInfo (RoleInfo.java:updateAndGet(139)) - 617aebcb-94d5-4f34-9c47-e0c0542c8799: start 617aebcb-94d5-4f34-9c47-e0c0542c8799@group-C3D786A4CB55-LeaderElection20
2022-10-20 01:29:43,420 [617aebcb-94d5-4f34-9c47-e0c0542c8799@group-C3D786A4CB55-LeaderElection20] INFO  impl.LeaderElection (LeaderElection.java:askForVotes(312)) - 617aebcb-94d5-4f34-9c47-e0c0542c8799@group-C3D786A4CB55-LeaderElection20 ELECTION round 0: submit vote requests at term 1 for -1: peers:[617aebcb-94d5-4f34-9c47-e0c0542c8799|rpc:10.1.0.77:43495|priority:1|startupRole:FOLLOWER]|listeners:[], old=null
2022-10-20 01:29:43,420 [617aebcb-94d5-4f34-9c47-e0c0542c8799@group-C3D786A4CB55-LeaderElection20] INFO  impl.LeaderElection (LeaderElection.java:askForVotes(314)) - 617aebcb-94d5-4f34-9c47-e0c0542c8799@group-C3D786A4CB55-LeaderElection20 ELECTION round 0: result PASSED (term=1)
2022-10-20 01:29:43,420 [617aebcb-94d5-4f34-9c47-e0c0542c8799@group-C3D786A4CB55-LeaderElection20] INFO  impl.RoleInfo (RoleInfo.java:shutdownLeaderElection(130)) - 617aebcb-94d5-4f34-9c47-e0c0542c8799: shutdown 617aebcb-94d5-4f34-9c47-e0c0542c8799@group-C3D786A4CB55-LeaderElection20
2022-10-20 01:29:43,420 [617aebcb-94d5-4f34-9c47-e0c0542c8799@group-C3D786A4CB55-LeaderElection20] INFO  server.RaftServer$Division (RaftServerImpl.java:setRole(321)) - 617aebcb-94d5-4f34-9c47-e0c0542c8799@group-C3D786A4CB55: changes role from CANDIDATE to LEADER at term 1 for changeToLeader
2022-10-20 01:29:43,420 [617aebcb-94d5-4f34-9c47-e0c0542c8799@group-C3D786A4CB55-LeaderElection20] INFO  ratis.XceiverServerRatis (XceiverServerRatis.java:handleLeaderChangedNotification(863)) - Leader change notification received for group: group-C3D786A4CB55 with new leaderId: 617aebcb-94d5-4f34-9c47-e0c0542c8799
2022-10-20 01:29:43,420 [617aebcb-94d5-4f34-9c47-e0c0542c8799@group-C3D786A4CB55-LeaderElection20] INFO  server.RaftServer$Division (ServerState.java:setLeader(313)) - 617aebcb-94d5-4f34-9c47-e0c0542c8799@group-C3D786A4CB55: change Leader from null to 617aebcb-94d5-4f34-9c47-e0c0542c8799 at term 1 for becomeLeader, leader elected after 5052ms
2022-10-20 01:29:43,420 [617aebcb-94d5-4f34-9c47-e0c0542c8799@group-C3D786A4CB55-LeaderElection20] INFO  server.RaftServerConfigKeys (ConfUtils.java:logGet(46)) - raft.server.staging.catchup.gap = 1000 (default)
2022-10-20 01:29:43,420 [617aebcb-94d5-4f34-9c47-e0c0542c8799@group-C3D786A4CB55-LeaderElection20] INFO  server.RaftServerConfigKeys (ConfUtils.java:logGet(46)) - raft.server.write.element-limit = 1024 (custom)
2022-10-20 01:29:43,420 [617aebcb-94d5-4f34-9c47-e0c0542c8799@group-C3D786A4CB55-LeaderElection20] INFO  server.RaftServerConfigKeys (ConfUtils.java:logGet(46)) - raft.server.write.byte-limit = 1024 M (=1073741824) (custom)
2022-10-20 01:29:43,421 [617aebcb-94d5-4f34-9c47-e0c0542c8799@group-C3D786A4CB55-LeaderElection20] INFO  server.RaftServerConfigKeys (ConfUtils.java:logGet(46)) - raft.server.watch.timeout = 180s (custom)
2022-10-20 01:29:43,421 [617aebcb-94d5-4f34-9c47-e0c0542c8799@group-C3D786A4CB55-LeaderElection20] INFO  server.RaftServerConfigKeys (ConfUtils.java:logGet(46)) - raft.server.watch.timeout.denomination = 1s (default)
2022-10-20 01:29:43,421 [617aebcb-94d5-4f34-9c47-e0c0542c8799@group-C3D786A4CB55-LeaderElection20] INFO  server.RaftServerConfigKeys (ConfUtils.java:logGet(46)) - raft.server.watch.element-limit = 65536 (default)
2022-10-20 01:29:43,421 [617aebcb-94d5-4f34-9c47-e0c0542c8799@group-C3D786A4CB55-LeaderElection20] INFO  server.RaftServerConfigKeys (ConfUtils.java:logGet(46)) - raft.server.write.element-limit = 1024 (custom)
2022-10-20 01:29:43,421 [617aebcb-94d5-4f34-9c47-e0c0542c8799@group-C3D786A4CB55-LeaderElection20] INFO  server.RaftServerConfigKeys (ConfUtils.java:logGet(46)) - raft.server.write.follower.gap.ratio.max = -1.0 (default)
2022-10-20 01:29:43,421 [617aebcb-94d5-4f34-9c47-e0c0542c8799@group-C3D786A4CB55-LeaderElection20] INFO  impl.RoleInfo (RoleInfo.java:updateAndGet(139)) - 617aebcb-94d5-4f34-9c47-e0c0542c8799: start 617aebcb-94d5-4f34-9c47-e0c0542c8799@group-C3D786A4CB55-LeaderStateImpl
2022-10-20 01:29:43,422 [617aebcb-94d5-4f34-9c47-e0c0542c8799@group-C3D786A4CB55-LeaderElection20] INFO  segmented.SegmentedRaftLogWorker (SegmentedRaftLogWorker.java:startLogSegment(452)) - 617aebcb-94d5-4f34-9c47-e0c0542c8799@group-C3D786A4CB55-SegmentedRaftLogWorker: Starting segment from index:0
2022-10-20 01:29:43,423 [617aebcb-94d5-4f34-9c47-e0c0542c8799@group-C3D786A4CB55-SegmentedRaftLogWorker] INFO  segmented.SegmentedRaftLogWorker (SegmentedRaftLogWorker.java:execute(656)) - 617aebcb-94d5-4f34-9c47-e0c0542c8799@group-C3D786A4CB55-SegmentedRaftLogWorker: created new log segment /home/runner/work/ozone/ozone/hadoop-ozone/integration-test/target/test-dir/MiniOzoneClusterImpl-1c2b738d-be74-4a40-b887-8630efe04021/datanode-8/data/ratis/ff6a48ea-12fe-4b05-9898-c3d786a4cb55/current/log_inprogress_0
2022-10-20 01:29:43,423 [617aebcb-94d5-4f34-9c47-e0c0542c8799@group-C3D786A4CB55-LeaderElection20] INFO  server.RaftServer$Division (ServerState.java:setRaftConf(430)) - 617aebcb-94d5-4f34-9c47-e0c0542c8799@group-C3D786A4CB55: set configuration 0: peers:[617aebcb-94d5-4f34-9c47-e0c0542c8799|rpc:10.1.0.77:43495|dataStream:|priority:1|startupRole:FOLLOWER]|listeners:[], old=null
2022-10-20 01:29:43,922 [068f63d0-ab19-47e7-872c-e50edf74daa4@group-450AFE3689FC-FollowerState] INFO  impl.FollowerState (FollowerState.java:run(143)) - 068f63d0-ab19-47e7-872c-e50edf74daa4@group-450AFE3689FC-FollowerState: change to CANDIDATE, lastRpcElapsedTime:5173098662ns, electionTimeout:5172ms
2022-10-20 01:29:43,923 [068f63d0-ab19-47e7-872c-e50edf74daa4@group-450AFE3689FC-FollowerState] INFO  impl.RoleInfo (RoleInfo.java:shutdownFollowerState(110)) - 068f63d0-ab19-47e7-872c-e50edf74daa4: shutdown 068f63d0-ab19-47e7-872c-e50edf74daa4@group-450AFE3689FC-FollowerState
2022-10-20 01:29:43,923 [068f63d0-ab19-47e7-872c-e50edf74daa4@group-450AFE3689FC-FollowerState] INFO  server.RaftServer$Division (RaftServerImpl.java:setRole(321)) - 068f63d0-ab19-47e7-872c-e50edf74daa4@group-450AFE3689FC: changes role from  FOLLOWER to CANDIDATE at term 0 for changeToCandidate
2022-10-20 01:29:43,923 [068f63d0-ab19-47e7-872c-e50edf74daa4@group-450AFE3689FC-FollowerState] INFO  server.RaftServerConfigKeys (ConfUtils.java:logGet(46)) - raft.server.leaderelection.pre-vote = false (custom)
2022-10-20 01:29:43,923 [068f63d0-ab19-47e7-872c-e50edf74daa4@group-450AFE3689FC-FollowerState] INFO  impl.RoleInfo (RoleInfo.java:updateAndGet(139)) - 068f63d0-ab19-47e7-872c-e50edf74daa4: start 068f63d0-ab19-47e7-872c-e50edf74daa4@group-450AFE3689FC-LeaderElection21
2022-10-20 01:29:43,927 [068f63d0-ab19-47e7-872c-e50edf74daa4@group-450AFE3689FC-LeaderElection21] INFO  impl.LeaderElection (LeaderElection.java:askForVotes(312)) - 068f63d0-ab19-47e7-872c-e50edf74daa4@group-450AFE3689FC-LeaderElection21 ELECTION round 0: submit vote requests at term 1 for -1: peers:[068f63d0-ab19-47e7-872c-e50edf74daa4|rpc:10.1.0.77:35259|priority:1|startupRole:FOLLOWER]|listeners:[], old=null
2022-10-20 01:29:43,927 [068f63d0-ab19-47e7-872c-e50edf74daa4@group-450AFE3689FC-LeaderElection21] INFO  impl.LeaderElection (LeaderElection.java:askForVotes(314)) - 068f63d0-ab19-47e7-872c-e50edf74daa4@group-450AFE3689FC-LeaderElection21 ELECTION round 0: result PASSED (term=1)
2022-10-20 01:29:43,927 [068f63d0-ab19-47e7-872c-e50edf74daa4@group-450AFE3689FC-LeaderElection21] INFO  impl.RoleInfo (RoleInfo.java:shutdownLeaderElection(130)) - 068f63d0-ab19-47e7-872c-e50edf74daa4: shutdown 068f63d0-ab19-47e7-872c-e50edf74daa4@group-450AFE3689FC-LeaderElection21
2022-10-20 01:29:43,927 [068f63d0-ab19-47e7-872c-e50edf74daa4@group-450AFE3689FC-LeaderElection21] INFO  server.RaftServer$Division (RaftServerImpl.java:setRole(321)) - 068f63d0-ab19-47e7-872c-e50edf74daa4@group-450AFE3689FC: changes role from CANDIDATE to LEADER at term 1 for changeToLeader
2022-10-20 01:29:43,927 [068f63d0-ab19-47e7-872c-e50edf74daa4@group-450AFE3689FC-LeaderElection21] INFO  ratis.XceiverServerRatis (XceiverServerRatis.java:handleLeaderChangedNotification(863)) - Leader change notification received for group: group-450AFE3689FC with new leaderId: 068f63d0-ab19-47e7-872c-e50edf74daa4
2022-10-20 01:29:43,927 [068f63d0-ab19-47e7-872c-e50edf74daa4@group-450AFE3689FC-LeaderElection21] INFO  server.RaftServer$Division (ServerState.java:setLeader(313)) - 068f63d0-ab19-47e7-872c-e50edf74daa4@group-450AFE3689FC: change Leader from null to 068f63d0-ab19-47e7-872c-e50edf74daa4 at term 1 for becomeLeader, leader elected after 5191ms
2022-10-20 01:29:43,927 [068f63d0-ab19-47e7-872c-e50edf74daa4@group-450AFE3689FC-LeaderElection21] INFO  server.RaftServerConfigKeys (ConfUtils.java:logGet(46)) - raft.server.staging.catchup.gap = 1000 (default)
2022-10-20 01:29:43,927 [068f63d0-ab19-47e7-872c-e50edf74daa4@group-450AFE3689FC-LeaderElection21] INFO  server.RaftServerConfigKeys (ConfUtils.java:logGet(46)) - raft.server.write.element-limit = 1024 (custom)
2022-10-20 01:29:43,927 [068f63d0-ab19-47e7-872c-e50edf74daa4@group-450AFE3689FC-LeaderElection21] INFO  server.RaftServerConfigKeys (ConfUtils.java:logGet(46)) - raft.server.write.byte-limit = 1024 M (=1073741824) (custom)
2022-10-20 01:29:43,928 [068f63d0-ab19-47e7-872c-e50edf74daa4@group-450AFE3689FC-LeaderElection21] INFO  server.RaftServerConfigKeys (ConfUtils.java:logGet(46)) - raft.server.watch.timeout = 180s (custom)
2022-10-20 01:29:43,928 [068f63d0-ab19-47e7-872c-e50edf74daa4@group-450AFE3689FC-LeaderElection21] INFO  server.RaftServerConfigKeys (ConfUtils.java:logGet(46)) - raft.server.watch.timeout.denomination = 1s (default)
2022-10-20 01:29:43,928 [068f63d0-ab19-47e7-872c-e50edf74daa4@group-450AFE3689FC-LeaderElection21] INFO  server.RaftServerConfigKeys (ConfUtils.java:logGet(46)) - raft.server.watch.element-limit = 65536 (default)
2022-10-20 01:29:43,928 [068f63d0-ab19-47e7-872c-e50edf74daa4@group-450AFE3689FC-LeaderElection21] INFO  server.RaftServerConfigKeys (ConfUtils.java:logGet(46)) - raft.server.write.element-limit = 1024 (custom)
2022-10-20 01:29:43,928 [068f63d0-ab19-47e7-872c-e50edf74daa4@group-450AFE3689FC-LeaderElection21] INFO  server.RaftServerConfigKeys (ConfUtils.java:logGet(46)) - raft.server.write.follower.gap.ratio.max = -1.0 (default)
2022-10-20 01:29:43,928 [068f63d0-ab19-47e7-872c-e50edf74daa4@group-450AFE3689FC-LeaderElection21] INFO  impl.RoleInfo (RoleInfo.java:updateAndGet(139)) - 068f63d0-ab19-47e7-872c-e50edf74daa4: start 068f63d0-ab19-47e7-872c-e50edf74daa4@group-450AFE3689FC-LeaderStateImpl
2022-10-20 01:29:43,928 [068f63d0-ab19-47e7-872c-e50edf74daa4@group-450AFE3689FC-LeaderElection21] INFO  segmented.SegmentedRaftLogWorker (SegmentedRaftLogWorker.java:startLogSegment(452)) - 068f63d0-ab19-47e7-872c-e50edf74daa4@group-450AFE3689FC-SegmentedRaftLogWorker: Starting segment from index:0
2022-10-20 01:29:43,932 [068f63d0-ab19-47e7-872c-e50edf74daa4@group-450AFE3689FC-LeaderElection21] INFO  server.RaftServer$Division (ServerState.java:setRaftConf(430)) - 068f63d0-ab19-47e7-872c-e50edf74daa4@group-450AFE3689FC: set configuration 0: peers:[068f63d0-ab19-47e7-872c-e50edf74daa4|rpc:10.1.0.77:35259|dataStream:|priority:1|startupRole:FOLLOWER]|listeners:[], old=null
2022-10-20 01:29:43,933 [068f63d0-ab19-47e7-872c-e50edf74daa4@group-450AFE3689FC-SegmentedRaftLogWorker] INFO  segmented.SegmentedRaftLogWorker (SegmentedRaftLogWorker.java:execute(656)) - 068f63d0-ab19-47e7-872c-e50edf74daa4@group-450AFE3689FC-SegmentedRaftLogWorker: created new log segment /home/runner/work/ozone/ozone/hadoop-ozone/integration-test/target/test-dir/MiniOzoneClusterImpl-1c2b738d-be74-4a40-b887-8630efe04021/datanode-9/data/ratis/6531d8c6-d931-4381-853b-450afe3689fc/current/log_inprogress_0
2022-10-20 01:29:45,225 [Listener at 127.0.0.1/41123] INFO  utils.BackgroundService (BackgroundService.java:shutdown(141)) - Shutting down service BlockDeletingService
2022-10-20 01:29:45,226 [Listener at 127.0.0.1/41123] INFO  utils.BackgroundService (BackgroundService.java:shutdown(141)) - Shutting down service StaleRecoveringContainerScrubbingService
2022-10-20 01:29:45,229 [Listener at 127.0.0.1/41123] INFO  statemachine.DatanodeStateMachine (DatanodeStateMachine.java:stopDaemon(580)) - Ozone container server stopped.
2022-10-20 01:29:45,237 [Listener at 127.0.0.1/41123] INFO  handler.ContextHandler (ContextHandler.java:doStop(1153)) - Stopped o.e.j.w.WebAppContext@1a8eed09{hddsDatanode,/,null,STOPPED}{jar:file:/home/runner/.m2/repository/org/apache/ozone/hdds-container-service/1.3.0-SNAPSHOT/hdds-container-service-1.3.0-SNAPSHOT.jar!/webapps/hddsDatanode}
2022-10-20 01:29:45,240 [Listener at 127.0.0.1/41123] INFO  server.AbstractConnector (AbstractConnector.java:doStop(381)) - Stopped ServerConnector@6e85002b{HTTP/1.1, (http/1.1)}{0.0.0.0:0}
2022-10-20 01:29:45,241 [Listener at 127.0.0.1/41123] INFO  server.session (HouseKeeper.java:stopScavenging(149)) - node0 Stopped scavenging
2022-10-20 01:29:45,241 [Listener at 127.0.0.1/41123] INFO  handler.ContextHandler (ContextHandler.java:doStop(1153)) - Stopped o.e.j.s.ServletContextHandler@49b257f9{static,/static,jar:file:/home/runner/.m2/repository/org/apache/ozone/hdds-container-service/1.3.0-SNAPSHOT/hdds-container-service-1.3.0-SNAPSHOT.jar!/webapps/static,STOPPED}
2022-10-20 01:29:45,241 [Listener at 127.0.0.1/41123] INFO  handler.ContextHandler (ContextHandler.java:doStop(1153)) - Stopped o.e.j.s.ServletContextHandler@255a1fdb{logs,/logs,file:///home/runner/work/ozone/ozone/hadoop-ozone/integration-test/target/log,STOPPED}
2022-10-20 01:29:46,000 [2f412ea8-0081-4ad7-b64d-031dd4a9d4b2@group-D78ED3C809E8-FollowerState] INFO  impl.FollowerState (FollowerState.java:run(143)) - 2f412ea8-0081-4ad7-b64d-031dd4a9d4b2@group-D78ED3C809E8-FollowerState: change to CANDIDATE, lastRpcElapsedTime:5198788848ns, electionTimeout:5194ms
2022-10-20 01:29:46,000 [2f412ea8-0081-4ad7-b64d-031dd4a9d4b2@group-D78ED3C809E8-FollowerState] INFO  impl.RoleInfo (RoleInfo.java:shutdownFollowerState(110)) - 2f412ea8-0081-4ad7-b64d-031dd4a9d4b2: shutdown 2f412ea8-0081-4ad7-b64d-031dd4a9d4b2@group-D78ED3C809E8-FollowerState
2022-10-20 01:29:46,000 [2f412ea8-0081-4ad7-b64d-031dd4a9d4b2@group-D78ED3C809E8-FollowerState] INFO  server.RaftServer$Division (RaftServerImpl.java:setRole(321)) - 2f412ea8-0081-4ad7-b64d-031dd4a9d4b2@group-D78ED3C809E8: changes role from  FOLLOWER to CANDIDATE at term 1 for changeToCandidate
2022-10-20 01:29:46,000 [2f412ea8-0081-4ad7-b64d-031dd4a9d4b2@group-D78ED3C809E8-FollowerState] INFO  server.RaftServerConfigKeys (ConfUtils.java:logGet(46)) - raft.server.leaderelection.pre-vote = false (custom)
2022-10-20 01:29:46,000 [2f412ea8-0081-4ad7-b64d-031dd4a9d4b2@group-D78ED3C809E8-FollowerState] INFO  impl.RoleInfo (RoleInfo.java:updateAndGet(139)) - 2f412ea8-0081-4ad7-b64d-031dd4a9d4b2: start 2f412ea8-0081-4ad7-b64d-031dd4a9d4b2@group-D78ED3C809E8-LeaderElection22
2022-10-20 01:29:46,001 [4eb19ff5-df5c-423c-bb98-7a77d12fda0f@group-D78ED3C809E8-FollowerState] INFO  impl.FollowerState (FollowerState.java:run(143)) - 4eb19ff5-df5c-423c-bb98-7a77d12fda0f@group-D78ED3C809E8-FollowerState: change to CANDIDATE, lastRpcElapsedTime:5198041350ns, electionTimeout:5198ms
2022-10-20 01:29:46,001 [4eb19ff5-df5c-423c-bb98-7a77d12fda0f@group-D78ED3C809E8-FollowerState] INFO  impl.RoleInfo (RoleInfo.java:shutdownFollowerState(110)) - 4eb19ff5-df5c-423c-bb98-7a77d12fda0f: shutdown 4eb19ff5-df5c-423c-bb98-7a77d12fda0f@group-D78ED3C809E8-FollowerState
2022-10-20 01:29:46,001 [4eb19ff5-df5c-423c-bb98-7a77d12fda0f@group-D78ED3C809E8-FollowerState] INFO  server.RaftServer$Division (RaftServerImpl.java:setRole(321)) - 4eb19ff5-df5c-423c-bb98-7a77d12fda0f@group-D78ED3C809E8: changes role from  FOLLOWER to CANDIDATE at term 1 for changeToCandidate
2022-10-20 01:29:46,001 [4eb19ff5-df5c-423c-bb98-7a77d12fda0f@group-D78ED3C809E8-FollowerState] INFO  server.RaftServerConfigKeys (ConfUtils.java:logGet(46)) - raft.server.leaderelection.pre-vote = false (custom)
2022-10-20 01:29:46,002 [4eb19ff5-df5c-423c-bb98-7a77d12fda0f@group-D78ED3C809E8-FollowerState] INFO  impl.RoleInfo (RoleInfo.java:updateAndGet(139)) - 4eb19ff5-df5c-423c-bb98-7a77d12fda0f: start 4eb19ff5-df5c-423c-bb98-7a77d12fda0f@group-D78ED3C809E8-LeaderElection23
2022-10-20 01:29:46,003 [2f412ea8-0081-4ad7-b64d-031dd4a9d4b2@group-D78ED3C809E8-LeaderElection22] INFO  impl.LeaderElection (LeaderElection.java:askForVotes(312)) - 2f412ea8-0081-4ad7-b64d-031dd4a9d4b2@group-D78ED3C809E8-LeaderElection22 ELECTION round 0: submit vote requests at term 2 for -1: peers:[2f412ea8-0081-4ad7-b64d-031dd4a9d4b2|rpc:10.1.0.77:43519|dataStream:|priority:1|startupRole:FOLLOWER, 4eb19ff5-df5c-423c-bb98-7a77d12fda0f|rpc:10.1.0.77:39269|dataStream:|priority:0|startupRole:FOLLOWER, 5133b65f-dd1c-47c0-816b-09498efa4e03|rpc:10.1.0.77:43535|dataStream:|priority:0|startupRole:FOLLOWER]|listeners:[], old=null
2022-10-20 01:29:46,004 [2f412ea8-0081-4ad7-b64d-031dd4a9d4b2@group-D78ED3C809E8-LeaderElection22-1] INFO  server.GrpcServerProtocolClient (GrpcServerProtocolClient.java:<init>(63)) - Build channel for 4eb19ff5-df5c-423c-bb98-7a77d12fda0f
2022-10-20 01:29:46,004 [4eb19ff5-df5c-423c-bb98-7a77d12fda0f@group-D78ED3C809E8-LeaderElection23] INFO  impl.LeaderElection (LeaderElection.java:askForVotes(312)) - 4eb19ff5-df5c-423c-bb98-7a77d12fda0f@group-D78ED3C809E8-LeaderElection23 ELECTION round 0: submit vote requests at term 2 for -1: peers:[2f412ea8-0081-4ad7-b64d-031dd4a9d4b2|rpc:10.1.0.77:43519|priority:1|startupRole:FOLLOWER, 4eb19ff5-df5c-423c-bb98-7a77d12fda0f|rpc:10.1.0.77:39269|priority:0|startupRole:FOLLOWER, 5133b65f-dd1c-47c0-816b-09498efa4e03|rpc:10.1.0.77:43535|priority:0|startupRole:FOLLOWER]|listeners:[], old=null
2022-10-20 01:29:46,006 [2f412ea8-0081-4ad7-b64d-031dd4a9d4b2@group-D78ED3C809E8-LeaderElection22] INFO  server.RaftServerConfigKeys (ConfUtils.java:logFallback(53)) - raft.server.rpc.first-election.timeout.min = 5s (fallback to raft.server.rpc.timeout.min)
2022-10-20 01:29:46,006 [2f412ea8-0081-4ad7-b64d-031dd4a9d4b2@group-D78ED3C809E8-LeaderElection22] INFO  server.RaftServerConfigKeys (ConfUtils.java:logFallback(53)) - raft.server.rpc.first-election.timeout.max = 5200ms (fallback to raft.server.rpc.timeout.max)
2022-10-20 01:29:46,006 [2f412ea8-0081-4ad7-b64d-031dd4a9d4b2@group-D78ED3C809E8-LeaderElection22-2] INFO  server.GrpcServerProtocolClient (GrpcServerProtocolClient.java:<init>(63)) - Build channel for 5133b65f-dd1c-47c0-816b-09498efa4e03
2022-10-20 01:29:46,010 [4eb19ff5-df5c-423c-bb98-7a77d12fda0f@group-D78ED3C809E8-LeaderElection23-1] INFO  server.GrpcServerProtocolClient (GrpcServerProtocolClient.java:<init>(63)) - Build channel for 2f412ea8-0081-4ad7-b64d-031dd4a9d4b2
2022-10-20 01:29:46,011 [4eb19ff5-df5c-423c-bb98-7a77d12fda0f@group-D78ED3C809E8-LeaderElection23] INFO  server.RaftServerConfigKeys (ConfUtils.java:logFallback(53)) - raft.server.rpc.first-election.timeout.min = 5s (fallback to raft.server.rpc.timeout.min)
2022-10-20 01:29:46,011 [4eb19ff5-df5c-423c-bb98-7a77d12fda0f@group-D78ED3C809E8-LeaderElection23] INFO  server.RaftServerConfigKeys (ConfUtils.java:logFallback(53)) - raft.server.rpc.first-election.timeout.max = 5200ms (fallback to raft.server.rpc.timeout.max)
2022-10-20 01:29:46,018 [4eb19ff5-df5c-423c-bb98-7a77d12fda0f@group-D78ED3C809E8-LeaderElection23-2] INFO  server.GrpcServerProtocolClient (GrpcServerProtocolClient.java:<init>(63)) - Build channel for 5133b65f-dd1c-47c0-816b-09498efa4e03
2022-10-20 01:29:46,025 [EventQueue-StaleNodeForStaleNodeHandler] INFO  node.StaleNodeHandler (StaleNodeHandler.java:onMessage(59)) - Datanode 5133b65f-dd1c-47c0-816b-09498efa4e03{ip: 10.1.0.77, host: fv-az625-379.nkjb25ot11ku3fnowzullr2doh.gx.internal.cloudapp.net, ports: [REPLICATION=36383, RATIS=43535, RATIS_ADMIN=43535, RATIS_SERVER=43535, STANDALONE=44363], networkLocation: /default-rack, certSerialId: null, persistedOpState: IN_SERVICE, persistedOpStateExpiryEpochSec: 0} moved to stale state. Finalizing its pipelines [PipelineID=815c7a2c-3194-459d-97c8-f3d77823205d, PipelineID=a70ab2fc-d3cf-4a18-928c-d7293b15bb3d, PipelineID=1d00a698-905a-4cf3-ba47-93a60987604b, PipelineID=9677b235-3a42-4d48-be78-d78ed3c809e8]
2022-10-20 01:29:46,026 [EventQueue-StaleNodeForStaleNodeHandler] INFO  pipeline.PipelineManagerImpl (PipelineManagerImpl.java:closePipeline(442)) - Pipeline Pipeline[ Id: 815c7a2c-3194-459d-97c8-f3d77823205d, Nodes: 5133b65f-dd1c-47c0-816b-09498efa4e03{ip: 10.1.0.77, host: fv-az625-379.nkjb25ot11ku3fnowzullr2doh.gx.internal.cloudapp.net, ports: [REPLICATION=36383, RATIS=43535, RATIS_ADMIN=43535, RATIS_SERVER=43535, STANDALONE=44363], networkLocation: /default-rack, certSerialId: null, persistedOpState: IN_SERVICE, persistedOpStateExpiryEpochSec: 0}2f412ea8-0081-4ad7-b64d-031dd4a9d4b2{ip: 10.1.0.77, host: fv-az625-379.nkjb25ot11ku3fnowzullr2doh.gx.internal.cloudapp.net, ports: [REPLICATION=36517, RATIS=43519, RATIS_ADMIN=43519, RATIS_SERVER=43519, STANDALONE=44057], networkLocation: /default-rack, certSerialId: null, persistedOpState: IN_SERVICE, persistedOpStateExpiryEpochSec: 0}4eb19ff5-df5c-423c-bb98-7a77d12fda0f{ip: 10.1.0.77, host: fv-az625-379.nkjb25ot11ku3fnowzullr2doh.gx.internal.cloudapp.net, ports: [REPLICATION=35659, RATIS=39269, RATIS_ADMIN=39269, RATIS_SERVER=39269, STANDALONE=39281], networkLocation: /default-rack, certSerialId: null, persistedOpState: IN_SERVICE, persistedOpStateExpiryEpochSec: 0}, ReplicationConfig: RATIS/THREE, State:OPEN, leaderId:5133b65f-dd1c-47c0-816b-09498efa4e03, CreationTimestamp2022-10-20T01:29:33.413Z[Etc/UTC]] moved to CLOSED state
2022-10-20 01:29:46,026 [EventQueue-StaleNodeForStaleNodeHandler] INFO  pipeline.PipelineManagerImpl (PipelineManagerImpl.java:closePipeline(442)) - Pipeline Pipeline[ Id: a70ab2fc-d3cf-4a18-928c-d7293b15bb3d, Nodes: 5133b65f-dd1c-47c0-816b-09498efa4e03{ip: 10.1.0.77, host: fv-az625-379.nkjb25ot11ku3fnowzullr2doh.gx.internal.cloudapp.net, ports: [REPLICATION=36383, RATIS=43535, RATIS_ADMIN=43535, RATIS_SERVER=43535, STANDALONE=44363], networkLocation: /default-rack, certSerialId: null, persistedOpState: IN_SERVICE, persistedOpStateExpiryEpochSec: 0}, ReplicationConfig: RATIS/ONE, State:OPEN, leaderId:5133b65f-dd1c-47c0-816b-09498efa4e03, CreationTimestamp2022-10-20T01:29:32.529Z[Etc/UTC]] moved to CLOSED state
2022-10-20 01:29:46,029 [EventQueue-StaleNodeForStaleNodeHandler] INFO  pipeline.PipelineManagerImpl (PipelineManagerImpl.java:closeContainersForPipeline(421)) - Container #1 closed for pipeline=PipelineID=1d00a698-905a-4cf3-ba47-93a60987604b
2022-10-20 01:29:46,029 [EventQueue-StaleNodeForStaleNodeHandler] INFO  pipeline.PipelineManagerImpl (PipelineManagerImpl.java:closePipeline(442)) - Pipeline Pipeline[ Id: 1d00a698-905a-4cf3-ba47-93a60987604b, Nodes: 5133b65f-dd1c-47c0-816b-09498efa4e03{ip: 10.1.0.77, host: fv-az625-379.nkjb25ot11ku3fnowzullr2doh.gx.internal.cloudapp.net, ports: [REPLICATION=36383, RATIS=43535, RATIS_ADMIN=43535, RATIS_SERVER=43535, STANDALONE=44363], networkLocation: /default-rack, certSerialId: null, persistedOpState: null, persistedOpStateExpiryEpochSec: 0}2f412ea8-0081-4ad7-b64d-031dd4a9d4b2{ip: 10.1.0.77, host: fv-az625-379.nkjb25ot11ku3fnowzullr2doh.gx.internal.cloudapp.net, ports: [REPLICATION=36517, RATIS=43519, RATIS_ADMIN=43519, RATIS_SERVER=43519, STANDALONE=44057], networkLocation: /default-rack, certSerialId: null, persistedOpState: null, persistedOpStateExpiryEpochSec: 0}0cbed28b-7e2e-4c55-93c4-a5222a360620{ip: 10.1.0.77, host: fv-az625-379.nkjb25ot11ku3fnowzullr2doh.gx.internal.cloudapp.net, ports: [REPLICATION=43593, RATIS=41783, RATIS_ADMIN=41783, RATIS_SERVER=41783, STANDALONE=33011], networkLocation: /default-rack, certSerialId: null, persistedOpState: null, persistedOpStateExpiryEpochSec: 0}a2b9a5b5-e126-445d-90e8-946fc00ddc43{ip: 10.1.0.77, host: fv-az625-379.nkjb25ot11ku3fnowzullr2doh.gx.internal.cloudapp.net, ports: [REPLICATION=42747, RATIS=45297, RATIS_ADMIN=45297, RATIS_SERVER=45297, STANDALONE=46421], networkLocation: /default-rack, certSerialId: null, persistedOpState: null, persistedOpStateExpiryEpochSec: 0}f5cc69e3-4def-49b3-97e4-fc35696e58fc{ip: 10.1.0.77, host: fv-az625-379.nkjb25ot11ku3fnowzullr2doh.gx.internal.cloudapp.net, ports: [REPLICATION=45057, RATIS=36367, RATIS_ADMIN=36367, RATIS_SERVER=36367, STANDALONE=42709], networkLocation: /default-rack, certSerialId: null, persistedOpState: null, persistedOpStateExpiryEpochSec: 0}, ReplicationConfig: EC/ECReplicationConfig{data=3, parity=2, ecChunkSize=1024, codec=rs}, State:OPEN, leaderId:, CreationTimestamp2022-10-20T01:29:42.468Z[Etc/UTC]] moved to CLOSED state
2022-10-20 01:29:46,030 [EventQueue-StaleNodeForStaleNodeHandler] INFO  pipeline.PipelineManagerImpl (PipelineManagerImpl.java:closePipeline(442)) - Pipeline Pipeline[ Id: 9677b235-3a42-4d48-be78-d78ed3c809e8, Nodes: 2f412ea8-0081-4ad7-b64d-031dd4a9d4b2{ip: 10.1.0.77, host: fv-az625-379.nkjb25ot11ku3fnowzullr2doh.gx.internal.cloudapp.net, ports: [REPLICATION=36517, RATIS=43519, RATIS_ADMIN=43519, RATIS_SERVER=43519, STANDALONE=44057], networkLocation: /default-rack, certSerialId: null, persistedOpState: IN_SERVICE, persistedOpStateExpiryEpochSec: 0}5133b65f-dd1c-47c0-816b-09498efa4e03{ip: 10.1.0.77, host: fv-az625-379.nkjb25ot11ku3fnowzullr2doh.gx.internal.cloudapp.net, ports: [REPLICATION=36383, RATIS=43535, RATIS_ADMIN=43535, RATIS_SERVER=43535, STANDALONE=44363], networkLocation: /default-rack, certSerialId: null, persistedOpState: IN_SERVICE, persistedOpStateExpiryEpochSec: 0}4eb19ff5-df5c-423c-bb98-7a77d12fda0f{ip: 10.1.0.77, host: fv-az625-379.nkjb25ot11ku3fnowzullr2doh.gx.internal.cloudapp.net, ports: [REPLICATION=35659, RATIS=39269, RATIS_ADMIN=39269, RATIS_SERVER=39269, STANDALONE=39281], networkLocation: /default-rack, certSerialId: null, persistedOpState: IN_SERVICE, persistedOpStateExpiryEpochSec: 0}, ReplicationConfig: RATIS/THREE, State:ALLOCATED, leaderId:, CreationTimestamp2022-10-20T01:29:33.410Z[Etc/UTC]] moved to CLOSED state
2022-10-20 01:29:46,030 [EventQueue-CloseContainerForCloseContainerEventHandler] INFO  container.CloseContainerEventHandler (CloseContainerEventHandler.java:onMessage(71)) - Close container Event triggered for container : #1
2022-10-20 01:29:46,033 [2f412ea8-0081-4ad7-b64d-031dd4a9d4b2@group-D78ED3C809E8-LeaderElection22] INFO  impl.LeaderElection (LogUtils.java:infoOrTrace(137)) - 2f412ea8-0081-4ad7-b64d-031dd4a9d4b2@group-D78ED3C809E8-LeaderElection22 got exception when requesting votes: java.util.concurrent.ExecutionException: org.apache.ratis.thirdparty.io.grpc.StatusRuntimeException: UNAVAILABLE: io exception
2022-10-20 01:29:46,037 [4eb19ff5-df5c-423c-bb98-7a77d12fda0f@group-D78ED3C809E8-LeaderElection23] INFO  impl.LeaderElection (LogUtils.java:infoOrTrace(137)) - 4eb19ff5-df5c-423c-bb98-7a77d12fda0f@group-D78ED3C809E8-LeaderElection23 got exception when requesting votes: java.util.concurrent.ExecutionException: org.apache.ratis.thirdparty.io.grpc.StatusRuntimeException: UNAVAILABLE: io exception
2022-10-20 01:29:46,039 [grpc-default-executor-1] INFO  server.RaftServer$Division (RaftServerImpl.java:requestVote(1218)) - 2f412ea8-0081-4ad7-b64d-031dd4a9d4b2@group-D78ED3C809E8: receive requestVote(ELECTION, 4eb19ff5-df5c-423c-bb98-7a77d12fda0f, group-D78ED3C809E8, 2, (t:0, i:0))
2022-10-20 01:29:46,040 [grpc-default-executor-1] INFO  impl.VoteContext (VoteContext.java:log(48)) - 2f412ea8-0081-4ad7-b64d-031dd4a9d4b2@group-D78ED3C809E8-CANDIDATE: reject ELECTION from 4eb19ff5-df5c-423c-bb98-7a77d12fda0f: already has voted for 2f412ea8-0081-4ad7-b64d-031dd4a9d4b2 at current term 2
2022-10-20 01:29:46,040 [grpc-default-executor-1] INFO  server.RaftServer$Division (RaftServerImpl.java:requestVote(1251)) - 2f412ea8-0081-4ad7-b64d-031dd4a9d4b2@group-D78ED3C809E8 replies to ELECTION vote request: 4eb19ff5-df5c-423c-bb98-7a77d12fda0f<-2f412ea8-0081-4ad7-b64d-031dd4a9d4b2#0:FAIL-t2. Peer's state: 2f412ea8-0081-4ad7-b64d-031dd4a9d4b2@group-D78ED3C809E8:t2, leader=null, voted=2f412ea8-0081-4ad7-b64d-031dd4a9d4b2, raftlog=Memoized:2f412ea8-0081-4ad7-b64d-031dd4a9d4b2@group-D78ED3C809E8-SegmentedRaftLog:OPENED:c-1, conf=-1: peers:[2f412ea8-0081-4ad7-b64d-031dd4a9d4b2|rpc:10.1.0.77:43519|dataStream:|priority:1|startupRole:FOLLOWER, 4eb19ff5-df5c-423c-bb98-7a77d12fda0f|rpc:10.1.0.77:39269|dataStream:|priority:0|startupRole:FOLLOWER, 5133b65f-dd1c-47c0-816b-09498efa4e03|rpc:10.1.0.77:43535|dataStream:|priority:0|startupRole:FOLLOWER]|listeners:[], old=null
2022-10-20 01:29:46,041 [grpc-default-executor-1] INFO  server.RaftServer$Division (RaftServerImpl.java:requestVote(1218)) - 4eb19ff5-df5c-423c-bb98-7a77d12fda0f@group-D78ED3C809E8: receive requestVote(ELECTION, 2f412ea8-0081-4ad7-b64d-031dd4a9d4b2, group-D78ED3C809E8, 2, (t:0, i:0))
2022-10-20 01:29:46,041 [grpc-default-executor-1] INFO  impl.VoteContext (VoteContext.java:log(48)) - 4eb19ff5-df5c-423c-bb98-7a77d12fda0f@group-D78ED3C809E8-CANDIDATE: reject ELECTION from 2f412ea8-0081-4ad7-b64d-031dd4a9d4b2: already has voted for 4eb19ff5-df5c-423c-bb98-7a77d12fda0f at current term 2
2022-10-20 01:29:46,041 [grpc-default-executor-1] INFO  server.RaftServer$Division (RaftServerImpl.java:requestVote(1251)) - 4eb19ff5-df5c-423c-bb98-7a77d12fda0f@group-D78ED3C809E8 replies to ELECTION vote request: 2f412ea8-0081-4ad7-b64d-031dd4a9d4b2<-4eb19ff5-df5c-423c-bb98-7a77d12fda0f#0:FAIL-t2. Peer's state: 4eb19ff5-df5c-423c-bb98-7a77d12fda0f@group-D78ED3C809E8:t2, leader=null, voted=4eb19ff5-df5c-423c-bb98-7a77d12fda0f, raftlog=Memoized:4eb19ff5-df5c-423c-bb98-7a77d12fda0f@group-D78ED3C809E8-SegmentedRaftLog:OPENED:c-1, conf=-1: peers:[2f412ea8-0081-4ad7-b64d-031dd4a9d4b2|rpc:10.1.0.77:43519|priority:1|startupRole:FOLLOWER, 4eb19ff5-df5c-423c-bb98-7a77d12fda0f|rpc:10.1.0.77:39269|priority:0|startupRole:FOLLOWER, 5133b65f-dd1c-47c0-816b-09498efa4e03|rpc:10.1.0.77:43535|priority:0|startupRole:FOLLOWER]|listeners:[], old=null
2022-10-20 01:29:46,042 [4eb19ff5-df5c-423c-bb98-7a77d12fda0f@group-D78ED3C809E8-LeaderElection23] INFO  impl.LeaderElection (LeaderElection.java:logAndReturn(90)) - 4eb19ff5-df5c-423c-bb98-7a77d12fda0f@group-D78ED3C809E8-LeaderElection23: ELECTION REJECTED received 1 response(s) and 1 exception(s):
2022-10-20 01:29:46,042 [4eb19ff5-df5c-423c-bb98-7a77d12fda0f@group-D78ED3C809E8-LeaderElection23] INFO  impl.LeaderElection (LeaderElection.java:logAndReturn(94)) -   Response 0: 4eb19ff5-df5c-423c-bb98-7a77d12fda0f<-2f412ea8-0081-4ad7-b64d-031dd4a9d4b2#0:FAIL-t2
2022-10-20 01:29:46,043 [4eb19ff5-df5c-423c-bb98-7a77d12fda0f@group-D78ED3C809E8-LeaderElection23] INFO  impl.LeaderElection (LogUtils.java:infoOrTrace(137)) -   Exception 1: java.util.concurrent.ExecutionException: org.apache.ratis.thirdparty.io.grpc.StatusRuntimeException: UNAVAILABLE: io exception
2022-10-20 01:29:46,043 [4eb19ff5-df5c-423c-bb98-7a77d12fda0f@group-D78ED3C809E8-LeaderElection23] INFO  impl.LeaderElection (LeaderElection.java:askForVotes(314)) - 4eb19ff5-df5c-423c-bb98-7a77d12fda0f@group-D78ED3C809E8-LeaderElection23 ELECTION round 0: result REJECTED
2022-10-20 01:29:46,043 [4eb19ff5-df5c-423c-bb98-7a77d12fda0f@group-D78ED3C809E8-LeaderElection23] INFO  server.RaftServer$Division (RaftServerImpl.java:setRole(321)) - 4eb19ff5-df5c-423c-bb98-7a77d12fda0f@group-D78ED3C809E8: changes role from CANDIDATE to FOLLOWER at term 2 for REJECTED
2022-10-20 01:29:46,043 [4eb19ff5-df5c-423c-bb98-7a77d12fda0f@group-D78ED3C809E8-LeaderElection23] INFO  impl.RoleInfo (RoleInfo.java:shutdownLeaderElection(130)) - 4eb19ff5-df5c-423c-bb98-7a77d12fda0f: shutdown 4eb19ff5-df5c-423c-bb98-7a77d12fda0f@group-D78ED3C809E8-LeaderElection23
2022-10-20 01:29:46,043 [4eb19ff5-df5c-423c-bb98-7a77d12fda0f@group-D78ED3C809E8-LeaderElection23] INFO  impl.RoleInfo (RoleInfo.java:updateAndGet(139)) - 4eb19ff5-df5c-423c-bb98-7a77d12fda0f: start 4eb19ff5-df5c-423c-bb98-7a77d12fda0f@group-D78ED3C809E8-FollowerState
2022-10-20 01:29:46,046 [4eb19ff5-df5c-423c-bb98-7a77d12fda0f@group-D78ED3C809E8-FollowerState] INFO  server.RaftServerConfigKeys (ConfUtils.java:logFallback(53)) - raft.server.rpc.first-election.timeout.min = 5s (fallback to raft.server.rpc.timeout.min)
2022-10-20 01:29:46,046 [4eb19ff5-df5c-423c-bb98-7a77d12fda0f@group-D78ED3C809E8-FollowerState] INFO  server.RaftServerConfigKeys (ConfUtils.java:logFallback(53)) - raft.server.rpc.first-election.timeout.max = 5200ms (fallback to raft.server.rpc.timeout.max)
2022-10-20 01:29:46,047 [2f412ea8-0081-4ad7-b64d-031dd4a9d4b2@group-D78ED3C809E8-LeaderElection22] INFO  impl.LeaderElection (LeaderElection.java:logAndReturn(90)) - 2f412ea8-0081-4ad7-b64d-031dd4a9d4b2@group-D78ED3C809E8-LeaderElection22: ELECTION REJECTED received 1 response(s) and 1 exception(s):
2022-10-20 01:29:46,047 [2f412ea8-0081-4ad7-b64d-031dd4a9d4b2@group-D78ED3C809E8-LeaderElection22] INFO  impl.LeaderElection (LeaderElection.java:logAndReturn(94)) -   Response 0: 2f412ea8-0081-4ad7-b64d-031dd4a9d4b2<-4eb19ff5-df5c-423c-bb98-7a77d12fda0f#0:FAIL-t2
2022-10-20 01:29:46,047 [2f412ea8-0081-4ad7-b64d-031dd4a9d4b2@group-D78ED3C809E8-LeaderElection22] INFO  impl.LeaderElection (LogUtils.java:infoOrTrace(137)) -   Exception 1: java.util.concurrent.ExecutionException: org.apache.ratis.thirdparty.io.grpc.StatusRuntimeException: UNAVAILABLE: io exception
2022-10-20 01:29:46,048 [2f412ea8-0081-4ad7-b64d-031dd4a9d4b2@group-D78ED3C809E8-LeaderElection22] INFO  impl.LeaderElection (LeaderElection.java:askForVotes(314)) - 2f412ea8-0081-4ad7-b64d-031dd4a9d4b2@group-D78ED3C809E8-LeaderElection22 ELECTION round 0: result REJECTED
2022-10-20 01:29:46,048 [2f412ea8-0081-4ad7-b64d-031dd4a9d4b2@group-D78ED3C809E8-LeaderElection22] INFO  server.RaftServer$Division (RaftServerImpl.java:setRole(321)) - 2f412ea8-0081-4ad7-b64d-031dd4a9d4b2@group-D78ED3C809E8: changes role from CANDIDATE to FOLLOWER at term 2 for REJECTED
2022-10-20 01:29:46,048 [2f412ea8-0081-4ad7-b64d-031dd4a9d4b2@group-D78ED3C809E8-LeaderElection22] INFO  impl.RoleInfo (RoleInfo.java:shutdownLeaderElection(130)) - 2f412ea8-0081-4ad7-b64d-031dd4a9d4b2: shutdown 2f412ea8-0081-4ad7-b64d-031dd4a9d4b2@group-D78ED3C809E8-LeaderElection22
2022-10-20 01:29:46,048 [2f412ea8-0081-4ad7-b64d-031dd4a9d4b2@group-D78ED3C809E8-LeaderElection22] INFO  impl.RoleInfo (RoleInfo.java:updateAndGet(139)) - 2f412ea8-0081-4ad7-b64d-031dd4a9d4b2: start 2f412ea8-0081-4ad7-b64d-031dd4a9d4b2@group-D78ED3C809E8-FollowerState
2022-10-20 01:29:46,050 [2f412ea8-0081-4ad7-b64d-031dd4a9d4b2@group-D78ED3C809E8-FollowerState] INFO  server.RaftServerConfigKeys (ConfUtils.java:logFallback(53)) - raft.server.rpc.first-election.timeout.min = 5s (fallback to raft.server.rpc.timeout.min)
2022-10-20 01:29:46,051 [2f412ea8-0081-4ad7-b64d-031dd4a9d4b2@group-D78ED3C809E8-FollowerState] INFO  server.RaftServerConfigKeys (ConfUtils.java:logFallback(53)) - raft.server.rpc.first-election.timeout.max = 5200ms (fallback to raft.server.rpc.timeout.max)
2022-10-20 01:29:47,026 [2c0de523-4fef-49d4-a7e7-019bfd407efe@group-C5DF1AF2A9A6-FollowerState] INFO  impl.FollowerState (FollowerState.java:run(143)) - 2c0de523-4fef-49d4-a7e7-019bfd407efe@group-C5DF1AF2A9A6-FollowerState: change to CANDIDATE, lastRpcElapsedTime:5130629296ns, electionTimeout:5115ms
2022-10-20 01:29:47,026 [2c0de523-4fef-49d4-a7e7-019bfd407efe@group-C5DF1AF2A9A6-FollowerState] INFO  impl.RoleInfo (RoleInfo.java:shutdownFollowerState(110)) - 2c0de523-4fef-49d4-a7e7-019bfd407efe: shutdown 2c0de523-4fef-49d4-a7e7-019bfd407efe@group-C5DF1AF2A9A6-FollowerState
2022-10-20 01:29:47,026 [2c0de523-4fef-49d4-a7e7-019bfd407efe@group-C5DF1AF2A9A6-FollowerState] INFO  server.RaftServer$Division (RaftServerImpl.java:setRole(321)) - 2c0de523-4fef-49d4-a7e7-019bfd407efe@group-C5DF1AF2A9A6: changes role from  FOLLOWER to CANDIDATE at term 1 for changeToCandidate
2022-10-20 01:29:47,026 [2c0de523-4fef-49d4-a7e7-019bfd407efe@group-C5DF1AF2A9A6-FollowerState] INFO  server.RaftServerConfigKeys (ConfUtils.java:logGet(46)) - raft.server.leaderelection.pre-vote = false (custom)
2022-10-20 01:29:47,026 [2c0de523-4fef-49d4-a7e7-019bfd407efe@group-C5DF1AF2A9A6-FollowerState] INFO  impl.RoleInfo (RoleInfo.java:updateAndGet(139)) - 2c0de523-4fef-49d4-a7e7-019bfd407efe: start 2c0de523-4fef-49d4-a7e7-019bfd407efe@group-C5DF1AF2A9A6-LeaderElection24
2022-10-20 01:29:47,029 [2c0de523-4fef-49d4-a7e7-019bfd407efe@group-C5DF1AF2A9A6-LeaderElection24] INFO  impl.LeaderElection (LeaderElection.java:askForVotes(312)) - 2c0de523-4fef-49d4-a7e7-019bfd407efe@group-C5DF1AF2A9A6-LeaderElection24 ELECTION round 0: submit vote requests at term 2 for -1: peers:[6712d1d5-3f8e-46d5-b100-7ccc5411605f|rpc:10.1.0.77:37929|dataStream:|priority:0|startupRole:FOLLOWER, 0cbed28b-7e2e-4c55-93c4-a5222a360620|rpc:10.1.0.77:41783|dataStream:|priority:0|startupRole:FOLLOWER, 2c0de523-4fef-49d4-a7e7-019bfd407efe|rpc:10.1.0.77:37771|dataStream:|priority:1|startupRole:FOLLOWER]|listeners:[], old=null
2022-10-20 01:29:47,029 [2c0de523-4fef-49d4-a7e7-019bfd407efe@group-C5DF1AF2A9A6-LeaderElection24] INFO  server.RaftServerConfigKeys (ConfUtils.java:logFallback(53)) - raft.server.rpc.first-election.timeout.min = 5s (fallback to raft.server.rpc.timeout.min)
2022-10-20 01:29:47,029 [2c0de523-4fef-49d4-a7e7-019bfd407efe@group-C5DF1AF2A9A6-LeaderElection24] INFO  server.RaftServerConfigKeys (ConfUtils.java:logFallback(53)) - raft.server.rpc.first-election.timeout.max = 5200ms (fallback to raft.server.rpc.timeout.max)
2022-10-20 01:29:47,031 [grpc-default-executor-3] INFO  server.RaftServer$Division (RaftServerImpl.java:requestVote(1218)) - 0cbed28b-7e2e-4c55-93c4-a5222a360620@group-C5DF1AF2A9A6: receive requestVote(ELECTION, 2c0de523-4fef-49d4-a7e7-019bfd407efe, group-C5DF1AF2A9A6, 2, (t:0, i:0))
2022-10-20 01:29:47,031 [grpc-default-executor-3] INFO  impl.VoteContext (VoteContext.java:log(48)) - 0cbed28b-7e2e-4c55-93c4-a5222a360620@group-C5DF1AF2A9A6-FOLLOWER: accept ELECTION from 2c0de523-4fef-49d4-a7e7-019bfd407efe: our priority 0 <= candidate's priority 1
2022-10-20 01:29:47,031 [grpc-default-executor-3] INFO  server.RaftServer$Division (RaftServerImpl.java:setRole(321)) - 0cbed28b-7e2e-4c55-93c4-a5222a360620@group-C5DF1AF2A9A6: changes role from  FOLLOWER to FOLLOWER at term 2 for candidate:2c0de523-4fef-49d4-a7e7-019bfd407efe
2022-10-20 01:29:47,031 [grpc-default-executor-3] INFO  impl.RoleInfo (RoleInfo.java:shutdownFollowerState(110)) - 0cbed28b-7e2e-4c55-93c4-a5222a360620: shutdown 0cbed28b-7e2e-4c55-93c4-a5222a360620@group-C5DF1AF2A9A6-FollowerState
2022-10-20 01:29:47,031 [grpc-default-executor-3] INFO  impl.RoleInfo (RoleInfo.java:updateAndGet(139)) - 0cbed28b-7e2e-4c55-93c4-a5222a360620: start 0cbed28b-7e2e-4c55-93c4-a5222a360620@group-C5DF1AF2A9A6-FollowerState
2022-10-20 01:29:47,031 [grpc-default-executor-1] INFO  server.RaftServer$Division (RaftServerImpl.java:requestVote(1218)) - 6712d1d5-3f8e-46d5-b100-7ccc5411605f@group-C5DF1AF2A9A6: receive requestVote(ELECTION, 2c0de523-4fef-49d4-a7e7-019bfd407efe, group-C5DF1AF2A9A6, 2, (t:0, i:0))
2022-10-20 01:29:47,031 [grpc-default-executor-1] INFO  impl.VoteContext (VoteContext.java:log(48)) - 6712d1d5-3f8e-46d5-b100-7ccc5411605f@group-C5DF1AF2A9A6-FOLLOWER: accept ELECTION from 2c0de523-4fef-49d4-a7e7-019bfd407efe: our priority 0 <= candidate's priority 1
2022-10-20 01:29:47,031 [grpc-default-executor-1] INFO  server.RaftServer$Division (RaftServerImpl.java:setRole(321)) - 6712d1d5-3f8e-46d5-b100-7ccc5411605f@group-C5DF1AF2A9A6: changes role from  FOLLOWER to FOLLOWER at term 2 for candidate:2c0de523-4fef-49d4-a7e7-019bfd407efe
2022-10-20 01:29:47,031 [grpc-default-executor-1] INFO  impl.RoleInfo (RoleInfo.java:shutdownFollowerState(110)) - 6712d1d5-3f8e-46d5-b100-7ccc5411605f: shutdown 6712d1d5-3f8e-46d5-b100-7ccc5411605f@group-C5DF1AF2A9A6-FollowerState
2022-10-20 01:29:47,032 [grpc-default-executor-1] INFO  impl.RoleInfo (RoleInfo.java:updateAndGet(139)) - 6712d1d5-3f8e-46d5-b100-7ccc5411605f: start 6712d1d5-3f8e-46d5-b100-7ccc5411605f@group-C5DF1AF2A9A6-FollowerState
2022-10-20 01:29:47,032 [6712d1d5-3f8e-46d5-b100-7ccc5411605f@group-C5DF1AF2A9A6-FollowerState] INFO  impl.FollowerState (FollowerState.java:run(152)) - 6712d1d5-3f8e-46d5-b100-7ccc5411605f@group-C5DF1AF2A9A6-FollowerState was interrupted
2022-10-20 01:29:47,032 [0cbed28b-7e2e-4c55-93c4-a5222a360620@group-C5DF1AF2A9A6-FollowerState] INFO  impl.FollowerState (FollowerState.java:run(152)) - 0cbed28b-7e2e-4c55-93c4-a5222a360620@group-C5DF1AF2A9A6-FollowerState was interrupted
2022-10-20 01:29:47,032 [0cbed28b-7e2e-4c55-93c4-a5222a360620@group-C5DF1AF2A9A6-FollowerState] INFO  server.RaftServerConfigKeys (ConfUtils.java:logFallback(53)) - raft.server.rpc.first-election.timeout.min = 5s (fallback to raft.server.rpc.timeout.min)
2022-10-20 01:29:47,033 [0cbed28b-7e2e-4c55-93c4-a5222a360620@group-C5DF1AF2A9A6-FollowerState] INFO  server.RaftServerConfigKeys (ConfUtils.java:logFallback(53)) - raft.server.rpc.first-election.timeout.max = 5200ms (fallback to raft.server.rpc.timeout.max)
2022-10-20 01:29:47,033 [6712d1d5-3f8e-46d5-b100-7ccc5411605f@group-C5DF1AF2A9A6-FollowerState] INFO  server.RaftServerConfigKeys (ConfUtils.java:logFallback(53)) - raft.server.rpc.first-election.timeout.min = 5s (fallback to raft.server.rpc.timeout.min)
2022-10-20 01:29:47,033 [6712d1d5-3f8e-46d5-b100-7ccc5411605f@group-C5DF1AF2A9A6-FollowerState] INFO  server.RaftServerConfigKeys (ConfUtils.java:logFallback(53)) - raft.server.rpc.first-election.timeout.max = 5200ms (fallback to raft.server.rpc.timeout.max)
2022-10-20 01:29:47,033 [grpc-default-executor-3] INFO  server.RaftServer$Division (RaftServerImpl.java:requestVote(1251)) - 0cbed28b-7e2e-4c55-93c4-a5222a360620@group-C5DF1AF2A9A6 replies to ELECTION vote request: 2c0de523-4fef-49d4-a7e7-019bfd407efe<-0cbed28b-7e2e-4c55-93c4-a5222a360620#0:OK-t2. Peer's state: 0cbed28b-7e2e-4c55-93c4-a5222a360620@group-C5DF1AF2A9A6:t2, leader=null, voted=2c0de523-4fef-49d4-a7e7-019bfd407efe, raftlog=Memoized:0cbed28b-7e2e-4c55-93c4-a5222a360620@group-C5DF1AF2A9A6-SegmentedRaftLog:OPENED:c-1, conf=-1: peers:[6712d1d5-3f8e-46d5-b100-7ccc5411605f|rpc:10.1.0.77:37929|priority:0|startupRole:FOLLOWER, 0cbed28b-7e2e-4c55-93c4-a5222a360620|rpc:10.1.0.77:41783|priority:0|startupRole:FOLLOWER, 2c0de523-4fef-49d4-a7e7-019bfd407efe|rpc:10.1.0.77:37771|priority:1|startupRole:FOLLOWER]|listeners:[], old=null
2022-10-20 01:29:47,034 [grpc-default-executor-1] INFO  server.RaftServer$Division (RaftServerImpl.java:requestVote(1251)) - 6712d1d5-3f8e-46d5-b100-7ccc5411605f@group-C5DF1AF2A9A6 replies to ELECTION vote request: 2c0de523-4fef-49d4-a7e7-019bfd407efe<-6712d1d5-3f8e-46d5-b100-7ccc5411605f#0:OK-t2. Peer's state: 6712d1d5-3f8e-46d5-b100-7ccc5411605f@group-C5DF1AF2A9A6:t2, leader=null, voted=2c0de523-4fef-49d4-a7e7-019bfd407efe, raftlog=Memoized:6712d1d5-3f8e-46d5-b100-7ccc5411605f@group-C5DF1AF2A9A6-SegmentedRaftLog:OPENED:c-1, conf=-1: peers:[6712d1d5-3f8e-46d5-b100-7ccc5411605f|rpc:10.1.0.77:37929|dataStream:|priority:0|startupRole:FOLLOWER, 0cbed28b-7e2e-4c55-93c4-a5222a360620|rpc:10.1.0.77:41783|dataStream:|priority:0|startupRole:FOLLOWER, 2c0de523-4fef-49d4-a7e7-019bfd407efe|rpc:10.1.0.77:37771|dataStream:|priority:1|startupRole:FOLLOWER]|listeners:[], old=null
2022-10-20 01:29:47,034 [2c0de523-4fef-49d4-a7e7-019bfd407efe@group-C5DF1AF2A9A6-LeaderElection24] INFO  impl.LeaderElection (LeaderElection.java:logAndReturn(90)) - 2c0de523-4fef-49d4-a7e7-019bfd407efe@group-C5DF1AF2A9A6-LeaderElection24: ELECTION PASSED received 1 response(s) and 0 exception(s):
2022-10-20 01:29:47,034 [2c0de523-4fef-49d4-a7e7-019bfd407efe@group-C5DF1AF2A9A6-LeaderElection24] INFO  impl.LeaderElection (LeaderElection.java:logAndReturn(94)) -   Response 0: 2c0de523-4fef-49d4-a7e7-019bfd407efe<-0cbed28b-7e2e-4c55-93c4-a5222a360620#0:OK-t2
2022-10-20 01:29:47,034 [2c0de523-4fef-49d4-a7e7-019bfd407efe@group-C5DF1AF2A9A6-LeaderElection24] INFO  impl.LeaderElection (LeaderElection.java:askForVotes(314)) - 2c0de523-4fef-49d4-a7e7-019bfd407efe@group-C5DF1AF2A9A6-LeaderElection24 ELECTION round 0: result PASSED
2022-10-20 01:29:47,034 [2c0de523-4fef-49d4-a7e7-019bfd407efe@group-C5DF1AF2A9A6-LeaderElection24] INFO  impl.RoleInfo (RoleInfo.java:shutdownLeaderElection(130)) - 2c0de523-4fef-49d4-a7e7-019bfd407efe: shutdown 2c0de523-4fef-49d4-a7e7-019bfd407efe@group-C5DF1AF2A9A6-LeaderElection24
2022-10-20 01:29:47,034 [2c0de523-4fef-49d4-a7e7-019bfd407efe@group-C5DF1AF2A9A6-LeaderElection24] INFO  server.RaftServer$Division (RaftServerImpl.java:setRole(321)) - 2c0de523-4fef-49d4-a7e7-019bfd407efe@group-C5DF1AF2A9A6: changes role from CANDIDATE to LEADER at term 2 for changeToLeader
2022-10-20 01:29:47,034 [2c0de523-4fef-49d4-a7e7-019bfd407efe@group-C5DF1AF2A9A6-LeaderElection24] INFO  ratis.XceiverServerRatis (XceiverServerRatis.java:handleLeaderChangedNotification(863)) - Leader change notification received for group: group-C5DF1AF2A9A6 with new leaderId: 2c0de523-4fef-49d4-a7e7-019bfd407efe
2022-10-20 01:29:47,035 [2c0de523-4fef-49d4-a7e7-019bfd407efe@group-C5DF1AF2A9A6-LeaderElection24] INFO  server.RaftServer$Division (ServerState.java:setLeader(313)) - 2c0de523-4fef-49d4-a7e7-019bfd407efe@group-C5DF1AF2A9A6: change Leader from null to 2c0de523-4fef-49d4-a7e7-019bfd407efe at term 2 for becomeLeader, leader elected after 10259ms
2022-10-20 01:29:47,035 [2c0de523-4fef-49d4-a7e7-019bfd407efe@group-C5DF1AF2A9A6-LeaderElection24] INFO  server.RaftServerConfigKeys (ConfUtils.java:logGet(46)) - raft.server.staging.catchup.gap = 1000 (default)
2022-10-20 01:29:47,035 [2c0de523-4fef-49d4-a7e7-019bfd407efe@group-C5DF1AF2A9A6-LeaderElection24] INFO  server.RaftServerConfigKeys (ConfUtils.java:logGet(46)) - raft.server.write.element-limit = 1024 (custom)
2022-10-20 01:29:47,035 [2c0de523-4fef-49d4-a7e7-019bfd407efe@group-C5DF1AF2A9A6-LeaderElection24] INFO  server.RaftServerConfigKeys (ConfUtils.java:logGet(46)) - raft.server.write.byte-limit = 1024 M (=1073741824) (custom)
2022-10-20 01:29:47,035 [2c0de523-4fef-49d4-a7e7-019bfd407efe@group-C5DF1AF2A9A6-LeaderElection24] INFO  server.RaftServerConfigKeys (ConfUtils.java:logGet(46)) - raft.server.watch.timeout = 180s (custom)
2022-10-20 01:29:47,035 [2c0de523-4fef-49d4-a7e7-019bfd407efe@group-C5DF1AF2A9A6-LeaderElection24] INFO  server.RaftServerConfigKeys (ConfUtils.java:logGet(46)) - raft.server.watch.timeout.denomination = 1s (default)
2022-10-20 01:29:47,035 [2c0de523-4fef-49d4-a7e7-019bfd407efe@group-C5DF1AF2A9A6-LeaderElection24] INFO  server.RaftServerConfigKeys (ConfUtils.java:logGet(46)) - raft.server.watch.element-limit = 65536 (default)
2022-10-20 01:29:47,035 [2c0de523-4fef-49d4-a7e7-019bfd407efe@group-C5DF1AF2A9A6-LeaderElection24] INFO  server.RaftServerConfigKeys (ConfUtils.java:logGet(46)) - raft.server.write.element-limit = 1024 (custom)
2022-10-20 01:29:47,035 [2c0de523-4fef-49d4-a7e7-019bfd407efe@group-C5DF1AF2A9A6-LeaderElection24] INFO  server.RaftServerConfigKeys (ConfUtils.java:logGet(46)) - raft.server.write.follower.gap.ratio.max = -1.0 (default)
2022-10-20 01:29:47,036 [2c0de523-4fef-49d4-a7e7-019bfd407efe@group-C5DF1AF2A9A6-LeaderElection24] INFO  server.RaftServerConfigKeys (ConfUtils.java:logGet(46)) - raft.server.log.appender.snapshot.chunk.size.max = 16MB (=16777216) (default)
2022-10-20 01:29:47,036 [2c0de523-4fef-49d4-a7e7-019bfd407efe@group-C5DF1AF2A9A6-LeaderElection24] INFO  server.RaftServerConfigKeys (ConfUtils.java:logGet(46)) - raft.server.log.appender.buffer.byte-limit = 33554432 (custom)
2022-10-20 01:29:47,036 [2c0de523-4fef-49d4-a7e7-019bfd407efe@group-C5DF1AF2A9A6-LeaderElection24] INFO  server.RaftServerConfigKeys (ConfUtils.java:logGet(46)) - raft.server.log.appender.buffer.element-limit = 1 (custom)
2022-10-20 01:29:47,036 [2c0de523-4fef-49d4-a7e7-019bfd407efe@group-C5DF1AF2A9A6-LeaderElection24] INFO  grpc.GrpcConfigKeys (ConfUtils.java:logGet(46)) - raft.grpc.server.leader.outstanding.appends.max = 128 (default)
2022-10-20 01:29:47,036 [2c0de523-4fef-49d4-a7e7-019bfd407efe@group-C5DF1AF2A9A6-LeaderElection24] INFO  server.RaftServerConfigKeys (ConfUtils.java:logGet(46)) - raft.server.rpc.request.timeout = 60s (custom)
2022-10-20 01:29:47,036 [2c0de523-4fef-49d4-a7e7-019bfd407efe@group-C5DF1AF2A9A6-LeaderElection24] INFO  server.RaftServerConfigKeys (ConfUtils.java:logGet(46)) - raft.server.log.appender.install.snapshot.enabled = false (custom)
2022-10-20 01:29:47,036 [2c0de523-4fef-49d4-a7e7-019bfd407efe@group-C5DF1AF2A9A6-LeaderElection24] INFO  grpc.GrpcConfigKeys (ConfUtils.java:logGet(46)) - raft.grpc.server.heartbeat.channel = true (default)
2022-10-20 01:29:47,036 [2c0de523-4fef-49d4-a7e7-019bfd407efe@group-C5DF1AF2A9A6-LeaderElection24] INFO  server.RaftServerConfigKeys (ConfUtils.java:logGet(46)) - raft.server.log.appender.wait-time.min = 10ms (default)
2022-10-20 01:29:47,036 [2c0de523-4fef-49d4-a7e7-019bfd407efe@group-C5DF1AF2A9A6-LeaderElection24] INFO  server.RaftServerConfigKeys (ConfUtils.java:logGet(46)) - raft.server.log.appender.snapshot.chunk.size.max = 16MB (=16777216) (default)
2022-10-20 01:29:47,037 [2c0de523-4fef-49d4-a7e7-019bfd407efe@group-C5DF1AF2A9A6-LeaderElection24] INFO  server.RaftServerConfigKeys (ConfUtils.java:logGet(46)) - raft.server.log.appender.buffer.byte-limit = 33554432 (custom)
2022-10-20 01:29:47,037 [2c0de523-4fef-49d4-a7e7-019bfd407efe@group-C5DF1AF2A9A6-LeaderElection24] INFO  server.RaftServerConfigKeys (ConfUtils.java:logGet(46)) - raft.server.log.appender.buffer.element-limit = 1 (custom)
2022-10-20 01:29:47,037 [2c0de523-4fef-49d4-a7e7-019bfd407efe@group-C5DF1AF2A9A6-LeaderElection24] INFO  grpc.GrpcConfigKeys (ConfUtils.java:logGet(46)) - raft.grpc.server.leader.outstanding.appends.max = 128 (default)
2022-10-20 01:29:47,037 [2c0de523-4fef-49d4-a7e7-019bfd407efe@group-C5DF1AF2A9A6-LeaderElection24] INFO  server.RaftServerConfigKeys (ConfUtils.java:logGet(46)) - raft.server.rpc.request.timeout = 60s (custom)
2022-10-20 01:29:47,037 [2c0de523-4fef-49d4-a7e7-019bfd407efe@group-C5DF1AF2A9A6-LeaderElection24] INFO  server.RaftServerConfigKeys (ConfUtils.java:logGet(46)) - raft.server.log.appender.install.snapshot.enabled = false (custom)
2022-10-20 01:29:47,037 [2c0de523-4fef-49d4-a7e7-019bfd407efe@group-C5DF1AF2A9A6-LeaderElection24] INFO  grpc.GrpcConfigKeys (ConfUtils.java:logGet(46)) - raft.grpc.server.heartbeat.channel = true (default)
2022-10-20 01:29:47,037 [2c0de523-4fef-49d4-a7e7-019bfd407efe@group-C5DF1AF2A9A6-LeaderElection24] INFO  server.RaftServerConfigKeys (ConfUtils.java:logGet(46)) - raft.server.log.appender.wait-time.min = 10ms (default)
2022-10-20 01:29:47,037 [2c0de523-4fef-49d4-a7e7-019bfd407efe@group-C5DF1AF2A9A6-LeaderElection24] INFO  impl.RoleInfo (RoleInfo.java:updateAndGet(139)) - 2c0de523-4fef-49d4-a7e7-019bfd407efe: start 2c0de523-4fef-49d4-a7e7-019bfd407efe@group-C5DF1AF2A9A6-LeaderStateImpl
2022-10-20 01:29:47,037 [2c0de523-4fef-49d4-a7e7-019bfd407efe@group-C5DF1AF2A9A6-LeaderElection24] INFO  segmented.SegmentedRaftLogWorker (SegmentedRaftLogWorker.java:startLogSegment(452)) - 2c0de523-4fef-49d4-a7e7-019bfd407efe@group-C5DF1AF2A9A6-SegmentedRaftLogWorker: Starting segment from index:0
2022-10-20 01:29:47,038 [2c0de523-4fef-49d4-a7e7-019bfd407efe@group-C5DF1AF2A9A6-SegmentedRaftLogWorker] INFO  segmented.SegmentedRaftLogWorker (SegmentedRaftLogWorker.java:execute(656)) - 2c0de523-4fef-49d4-a7e7-019bfd407efe@group-C5DF1AF2A9A6-SegmentedRaftLogWorker: created new log segment /home/runner/work/ozone/ozone/hadoop-ozone/integration-test/target/test-dir/MiniOzoneClusterImpl-1c2b738d-be74-4a40-b887-8630efe04021/datanode-4/data/ratis/84989091-dc1d-4fde-9f47-c5df1af2a9a6/current/log_inprogress_0
2022-10-20 01:29:47,039 [EventQueue-PipelineReportForPipelineReportHandler] INFO  pipeline.PipelineManagerImpl (PipelineManagerImpl.java:openPipeline(367)) - Pipeline Pipeline[ Id: 84989091-dc1d-4fde-9f47-c5df1af2a9a6, Nodes: 0cbed28b-7e2e-4c55-93c4-a5222a360620{ip: 10.1.0.77, host: fv-az625-379.nkjb25ot11ku3fnowzullr2doh.gx.internal.cloudapp.net, ports: [REPLICATION=43593, RATIS=41783, RATIS_ADMIN=41783, RATIS_SERVER=41783, STANDALONE=33011], networkLocation: /default-rack, certSerialId: null, persistedOpState: IN_SERVICE, persistedOpStateExpiryEpochSec: 0}2c0de523-4fef-49d4-a7e7-019bfd407efe{ip: 10.1.0.77, host: fv-az625-379.nkjb25ot11ku3fnowzullr2doh.gx.internal.cloudapp.net, ports: [REPLICATION=36177, RATIS=37771, RATIS_ADMIN=37771, RATIS_SERVER=37771, STANDALONE=39829], networkLocation: /default-rack, certSerialId: null, persistedOpState: IN_SERVICE, persistedOpStateExpiryEpochSec: 0}6712d1d5-3f8e-46d5-b100-7ccc5411605f{ip: 10.1.0.77, host: fv-az625-379.nkjb25ot11ku3fnowzullr2doh.gx.internal.cloudapp.net, ports: [REPLICATION=46037, RATIS=37929, RATIS_ADMIN=37929, RATIS_SERVER=37929, STANDALONE=45227], networkLocation: /default-rack, certSerialId: null, persistedOpState: IN_SERVICE, persistedOpStateExpiryEpochSec: 0}, ReplicationConfig: RATIS/THREE, State:ALLOCATED, leaderId:2c0de523-4fef-49d4-a7e7-019bfd407efe, CreationTimestamp2022-10-20T01:29:34.360Z[Etc/UTC]] moved to OPEN state
2022-10-20 01:29:47,043 [2c0de523-4fef-49d4-a7e7-019bfd407efe@group-C5DF1AF2A9A6-LeaderElection24] INFO  server.RaftServer$Division (ServerState.java:setRaftConf(430)) - 2c0de523-4fef-49d4-a7e7-019bfd407efe@group-C5DF1AF2A9A6: set configuration 0: peers:[6712d1d5-3f8e-46d5-b100-7ccc5411605f|rpc:10.1.0.77:37929|dataStream:|priority:0|startupRole:FOLLOWER, 0cbed28b-7e2e-4c55-93c4-a5222a360620|rpc:10.1.0.77:41783|dataStream:|priority:0|startupRole:FOLLOWER, 2c0de523-4fef-49d4-a7e7-019bfd407efe|rpc:10.1.0.77:37771|dataStream:|priority:1|startupRole:FOLLOWER]|listeners:[], old=null
2022-10-20 01:29:47,049 [0cbed28b-7e2e-4c55-93c4-a5222a360620-server-thread1] INFO  ratis.XceiverServerRatis (XceiverServerRatis.java:handleLeaderChangedNotification(863)) - Leader change notification received for group: group-C5DF1AF2A9A6 with new leaderId: 2c0de523-4fef-49d4-a7e7-019bfd407efe
2022-10-20 01:29:47,049 [0cbed28b-7e2e-4c55-93c4-a5222a360620-server-thread1] INFO  server.RaftServer$Division (ServerState.java:setLeader(313)) - 0cbed28b-7e2e-4c55-93c4-a5222a360620@group-C5DF1AF2A9A6: change Leader from null to 2c0de523-4fef-49d4-a7e7-019bfd407efe at term 2 for appendEntries, leader elected after 10296ms
2022-10-20 01:29:47,050 [6712d1d5-3f8e-46d5-b100-7ccc5411605f-server-thread1] INFO  ratis.XceiverServerRatis (XceiverServerRatis.java:handleLeaderChangedNotification(863)) - Leader change notification received for group: group-C5DF1AF2A9A6 with new leaderId: 2c0de523-4fef-49d4-a7e7-019bfd407efe
2022-10-20 01:29:47,050 [6712d1d5-3f8e-46d5-b100-7ccc5411605f-server-thread1] INFO  server.RaftServer$Division (ServerState.java:setLeader(313)) - 6712d1d5-3f8e-46d5-b100-7ccc5411605f@group-C5DF1AF2A9A6: change Leader from null to 2c0de523-4fef-49d4-a7e7-019bfd407efe at term 2 for appendEntries, leader elected after 10228ms
2022-10-20 01:29:47,051 [6712d1d5-3f8e-46d5-b100-7ccc5411605f-server-thread1] INFO  server.RaftServer$Division (ServerState.java:setRaftConf(430)) - 6712d1d5-3f8e-46d5-b100-7ccc5411605f@group-C5DF1AF2A9A6: set configuration 0: peers:[6712d1d5-3f8e-46d5-b100-7ccc5411605f|rpc:10.1.0.77:37929|dataStream:|priority:0|startupRole:FOLLOWER, 0cbed28b-7e2e-4c55-93c4-a5222a360620|rpc:10.1.0.77:41783|dataStream:|priority:0|startupRole:FOLLOWER, 2c0de523-4fef-49d4-a7e7-019bfd407efe|rpc:10.1.0.77:37771|dataStream:|priority:1|startupRole:FOLLOWER]|listeners:[], old=null
2022-10-20 01:29:47,051 [6712d1d5-3f8e-46d5-b100-7ccc5411605f-server-thread1] INFO  segmented.SegmentedRaftLogWorker (SegmentedRaftLogWorker.java:startLogSegment(452)) - 6712d1d5-3f8e-46d5-b100-7ccc5411605f@group-C5DF1AF2A9A6-SegmentedRaftLogWorker: Starting segment from index:0
2022-10-20 01:29:47,053 [0cbed28b-7e2e-4c55-93c4-a5222a360620-server-thread2] INFO  server.RaftServer$Division (ServerState.java:setRaftConf(430)) - 0cbed28b-7e2e-4c55-93c4-a5222a360620@group-C5DF1AF2A9A6: set configuration 0: peers:[6712d1d5-3f8e-46d5-b100-7ccc5411605f|rpc:10.1.0.77:37929|dataStream:|priority:0|startupRole:FOLLOWER, 0cbed28b-7e2e-4c55-93c4-a5222a360620|rpc:10.1.0.77:41783|dataStream:|priority:0|startupRole:FOLLOWER, 2c0de523-4fef-49d4-a7e7-019bfd407efe|rpc:10.1.0.77:37771|dataStream:|priority:1|startupRole:FOLLOWER]|listeners:[], old=null
2022-10-20 01:29:47,053 [0cbed28b-7e2e-4c55-93c4-a5222a360620-server-thread2] INFO  segmented.SegmentedRaftLogWorker (SegmentedRaftLogWorker.java:startLogSegment(452)) - 0cbed28b-7e2e-4c55-93c4-a5222a360620@group-C5DF1AF2A9A6-SegmentedRaftLogWorker: Starting segment from index:0
2022-10-20 01:29:47,055 [6712d1d5-3f8e-46d5-b100-7ccc5411605f@group-C5DF1AF2A9A6-SegmentedRaftLogWorker] INFO  segmented.SegmentedRaftLogWorker (SegmentedRaftLogWorker.java:execute(656)) - 6712d1d5-3f8e-46d5-b100-7ccc5411605f@group-C5DF1AF2A9A6-SegmentedRaftLogWorker: created new log segment /home/runner/work/ozone/ozone/hadoop-ozone/integration-test/target/test-dir/MiniOzoneClusterImpl-1c2b738d-be74-4a40-b887-8630efe04021/datanode-5/data/ratis/84989091-dc1d-4fde-9f47-c5df1af2a9a6/current/log_inprogress_0
2022-10-20 01:29:47,056 [0cbed28b-7e2e-4c55-93c4-a5222a360620@group-C5DF1AF2A9A6-SegmentedRaftLogWorker] INFO  segmented.SegmentedRaftLogWorker (SegmentedRaftLogWorker.java:execute(656)) - 0cbed28b-7e2e-4c55-93c4-a5222a360620@group-C5DF1AF2A9A6-SegmentedRaftLogWorker: created new log segment /home/runner/work/ozone/ozone/hadoop-ozone/integration-test/target/test-dir/MiniOzoneClusterImpl-1c2b738d-be74-4a40-b887-8630efe04021/datanode-3/data/ratis/84989091-dc1d-4fde-9f47-c5df1af2a9a6/current/log_inprogress_0
2022-10-20 01:29:47,129 [Command processor thread] INFO  keyvalue.KeyValueContainer (KeyValueContainer.java:flushAndSyncDB(436)) - Container 1 is synced with bcsId 0.
2022-10-20 01:29:47,129 [Command processor thread] INFO  keyvalue.KeyValueContainer (KeyValueContainer.java:flushAndSyncDB(436)) - Container 1 is synced with bcsId 0.
2022-10-20 01:29:47,134 [Command processor thread] INFO  keyvalue.KeyValueContainer (KeyValueContainer.java:close(351)) - Container 1 is closed with bcsId 0.
2022-10-20 01:29:47,135 [FixedThreadPoolWithAffinityExecutor-9-0] INFO  container.IncrementalContainerReportHandler (AbstractContainerReportHandler.java:updateContainerState(292)) - Moving container #1 to CLOSED state, datanode a2b9a5b5-e126-445d-90e8-946fc00ddc43{ip: 10.1.0.77, host: fv-az625-379.nkjb25ot11ku3fnowzullr2doh.gx.internal.cloudapp.net, ports: [REPLICATION=42747, RATIS=45297, RATIS_ADMIN=45297, RATIS_SERVER=45297, STANDALONE=46421], networkLocation: /default-rack, certSerialId: null, persistedOpState: IN_SERVICE, persistedOpStateExpiryEpochSec: 0} reported CLOSED replica.
2022-10-20 01:29:47,147 [Listener at 127.0.0.1/41123] INFO  replication.ReplicationManager (ReplicationManager.java:stop(268)) - Stopping Replication Monitor Thread.
2022-10-20 01:29:47,148 [Under Replicated Processor] WARN  replication.UnderReplicatedProcessor (UnderReplicatedProcessor.java:run(148)) - Under Replicated Processor interrupted. Exiting...
2022-10-20 01:29:47,148 [Over Replicated Processor] WARN  replication.OverReplicatedProcessor (OverReplicatedProcessor.java:run(137)) - Over Replicated Processor interrupted. Exiting...
2022-10-20 01:29:47,148 [ReplicationMonitor] INFO  replication.ReplicationManager (ReplicationManager.java:run(557)) - Replication Monitor Thread is stopped
2022-10-20 01:29:47,922 [Command processor thread] INFO  keyvalue.KeyValueContainer (KeyValueContainer.java:flushAndSyncDB(436)) - Container 1 is synced with bcsId 0.
2022-10-20 01:29:47,923 [Command processor thread] INFO  keyvalue.KeyValueContainer (KeyValueContainer.java:flushAndSyncDB(436)) - Container 1 is synced with bcsId 0.
2022-10-20 01:29:47,930 [Command processor thread] INFO  keyvalue.KeyValueContainer (KeyValueContainer.java:close(351)) - Container 1 is closed with bcsId 0.
2022-10-20 01:29:47,976 [617aebcb-94d5-4f34-9c47-e0c0542c8799@group-9AE1E5A711C7-FollowerState] INFO  impl.FollowerState (FollowerState.java:run(143)) - 617aebcb-94d5-4f34-9c47-e0c0542c8799@group-9AE1E5A711C7-FollowerState: change to CANDIDATE, lastRpcElapsedTime:5042324940ns, electionTimeout:5024ms
2022-10-20 01:29:47,976 [617aebcb-94d5-4f34-9c47-e0c0542c8799@group-9AE1E5A711C7-FollowerState] INFO  impl.RoleInfo (RoleInfo.java:shutdownFollowerState(110)) - 617aebcb-94d5-4f34-9c47-e0c0542c8799: shutdown 617aebcb-94d5-4f34-9c47-e0c0542c8799@group-9AE1E5A711C7-FollowerState
2022-10-20 01:29:47,976 [617aebcb-94d5-4f34-9c47-e0c0542c8799@group-9AE1E5A711C7-FollowerState] INFO  server.RaftServer$Division (RaftServerImpl.java:setRole(321)) - 617aebcb-94d5-4f34-9c47-e0c0542c8799@group-9AE1E5A711C7: changes role from  FOLLOWER to CANDIDATE at term 1 for changeToCandidate
2022-10-20 01:29:47,976 [617aebcb-94d5-4f34-9c47-e0c0542c8799@group-9AE1E5A711C7-FollowerState] INFO  server.RaftServerConfigKeys (ConfUtils.java:logGet(46)) - raft.server.leaderelection.pre-vote = false (custom)
2022-10-20 01:29:47,976 [617aebcb-94d5-4f34-9c47-e0c0542c8799@group-9AE1E5A711C7-FollowerState] INFO  impl.RoleInfo (RoleInfo.java:updateAndGet(139)) - 617aebcb-94d5-4f34-9c47-e0c0542c8799: start 617aebcb-94d5-4f34-9c47-e0c0542c8799@group-9AE1E5A711C7-LeaderElection25
2022-10-20 01:29:47,978 [617aebcb-94d5-4f34-9c47-e0c0542c8799@group-9AE1E5A711C7-LeaderElection25] INFO  impl.LeaderElection (LeaderElection.java:askForVotes(312)) - 617aebcb-94d5-4f34-9c47-e0c0542c8799@group-9AE1E5A711C7-LeaderElection25 ELECTION round 0: submit vote requests at term 2 for -1: peers:[a2b9a5b5-e126-445d-90e8-946fc00ddc43|rpc:10.1.0.77:45297|dataStream:|priority:0|startupRole:FOLLOWER, f5cc69e3-4def-49b3-97e4-fc35696e58fc|rpc:10.1.0.77:36367|dataStream:|priority:1|startupRole:FOLLOWER, 617aebcb-94d5-4f34-9c47-e0c0542c8799|rpc:10.1.0.77:43495|dataStream:|priority:0|startupRole:FOLLOWER]|listeners:[], old=null
2022-10-20 01:29:47,979 [617aebcb-94d5-4f34-9c47-e0c0542c8799@group-9AE1E5A711C7-LeaderElection25] INFO  server.RaftServerConfigKeys (ConfUtils.java:logFallback(53)) - raft.server.rpc.first-election.timeout.min = 5s (fallback to raft.server.rpc.timeout.min)
2022-10-20 01:29:47,979 [617aebcb-94d5-4f34-9c47-e0c0542c8799@group-9AE1E5A711C7-LeaderElection25] INFO  server.RaftServerConfigKeys (ConfUtils.java:logFallback(53)) - raft.server.rpc.first-election.timeout.max = 5200ms (fallback to raft.server.rpc.timeout.max)
2022-10-20 01:29:47,982 [grpc-default-executor-3] INFO  server.RaftServer$Division (RaftServerImpl.java:requestVote(1218)) - f5cc69e3-4def-49b3-97e4-fc35696e58fc@group-9AE1E5A711C7: receive requestVote(ELECTION, 617aebcb-94d5-4f34-9c47-e0c0542c8799, group-9AE1E5A711C7, 2, (t:0, i:0))
2022-10-20 01:29:47,982 [grpc-default-executor-3] INFO  impl.VoteContext (VoteContext.java:log(48)) - f5cc69e3-4def-49b3-97e4-fc35696e58fc@group-9AE1E5A711C7-FOLLOWER: reject ELECTION from 617aebcb-94d5-4f34-9c47-e0c0542c8799: our priority 1 > candidate's priority 0
2022-10-20 01:29:47,982 [grpc-default-executor-3] INFO  server.RaftServer$Division (RaftServerImpl.java:setRole(321)) - f5cc69e3-4def-49b3-97e4-fc35696e58fc@group-9AE1E5A711C7: changes role from  FOLLOWER to FOLLOWER at term 2 for candidate:617aebcb-94d5-4f34-9c47-e0c0542c8799
2022-10-20 01:29:47,982 [grpc-default-executor-3] INFO  impl.RoleInfo (RoleInfo.java:shutdownFollowerState(110)) - f5cc69e3-4def-49b3-97e4-fc35696e58fc: shutdown f5cc69e3-4def-49b3-97e4-fc35696e58fc@group-9AE1E5A711C7-FollowerState
2022-10-20 01:29:47,982 [grpc-default-executor-3] INFO  impl.RoleInfo (RoleInfo.java:updateAndGet(139)) - f5cc69e3-4def-49b3-97e4-fc35696e58fc: start f5cc69e3-4def-49b3-97e4-fc35696e58fc@group-9AE1E5A711C7-FollowerState
2022-10-20 01:29:47,982 [f5cc69e3-4def-49b3-97e4-fc35696e58fc@group-9AE1E5A711C7-FollowerState] INFO  impl.FollowerState (FollowerState.java:run(152)) - f5cc69e3-4def-49b3-97e4-fc35696e58fc@group-9AE1E5A711C7-FollowerState was interrupted
2022-10-20 01:29:47,982 [grpc-default-executor-4] INFO  server.RaftServer$Division (RaftServerImpl.java:requestVote(1218)) - a2b9a5b5-e126-445d-90e8-946fc00ddc43@group-9AE1E5A711C7: receive requestVote(ELECTION, 617aebcb-94d5-4f34-9c47-e0c0542c8799, group-9AE1E5A711C7, 2, (t:0, i:0))
2022-10-20 01:29:47,982 [grpc-default-executor-4] INFO  impl.VoteContext (VoteContext.java:log(48)) - a2b9a5b5-e126-445d-90e8-946fc00ddc43@group-9AE1E5A711C7-FOLLOWER: accept ELECTION from 617aebcb-94d5-4f34-9c47-e0c0542c8799: our priority 0 <= candidate's priority 0
2022-10-20 01:29:47,982 [grpc-default-executor-4] INFO  server.RaftServer$Division (RaftServerImpl.java:setRole(321)) - a2b9a5b5-e126-445d-90e8-946fc00ddc43@group-9AE1E5A711C7: changes role from  FOLLOWER to FOLLOWER at term 2 for candidate:617aebcb-94d5-4f34-9c47-e0c0542c8799
2022-10-20 01:29:47,982 [grpc-default-executor-4] INFO  impl.RoleInfo (RoleInfo.java:shutdownFollowerState(110)) - a2b9a5b5-e126-445d-90e8-946fc00ddc43: shutdown a2b9a5b5-e126-445d-90e8-946fc00ddc43@group-9AE1E5A711C7-FollowerState
2022-10-20 01:29:47,984 [a2b9a5b5-e126-445d-90e8-946fc00ddc43@group-9AE1E5A711C7-FollowerState] INFO  impl.FollowerState (FollowerState.java:shouldRun(117)) - a2b9a5b5-e126-445d-90e8-946fc00ddc43@group-9AE1E5A711C7-FollowerState: Stopping now (isRunning? false, role = FOLLOWER)
2022-10-20 01:29:47,985 [grpc-default-executor-4] INFO  impl.RoleInfo (RoleInfo.java:updateAndGet(139)) - a2b9a5b5-e126-445d-90e8-946fc00ddc43: start a2b9a5b5-e126-445d-90e8-946fc00ddc43@group-9AE1E5A711C7-FollowerState
2022-10-20 01:29:47,985 [a2b9a5b5-e126-445d-90e8-946fc00ddc43@group-9AE1E5A711C7-FollowerState] INFO  server.RaftServerConfigKeys (ConfUtils.java:logFallback(53)) - raft.server.rpc.first-election.timeout.min = 5s (fallback to raft.server.rpc.timeout.min)
2022-10-20 01:29:47,985 [a2b9a5b5-e126-445d-90e8-946fc00ddc43@group-9AE1E5A711C7-FollowerState] INFO  server.RaftServerConfigKeys (ConfUtils.java:logFallback(53)) - raft.server.rpc.first-election.timeout.max = 5200ms (fallback to raft.server.rpc.timeout.max)
2022-10-20 01:29:47,986 [f5cc69e3-4def-49b3-97e4-fc35696e58fc@group-9AE1E5A711C7-FollowerState] INFO  server.RaftServerConfigKeys (ConfUtils.java:logFallback(53)) - raft.server.rpc.first-election.timeout.min = 5s (fallback to raft.server.rpc.timeout.min)
2022-10-20 01:29:47,986 [f5cc69e3-4def-49b3-97e4-fc35696e58fc@group-9AE1E5A711C7-FollowerState] INFO  server.RaftServerConfigKeys (ConfUtils.java:logFallback(53)) - raft.server.rpc.first-election.timeout.max = 5200ms (fallback to raft.server.rpc.timeout.max)
2022-10-20 01:29:47,986 [grpc-default-executor-4] INFO  server.RaftServer$Division (RaftServerImpl.java:requestVote(1251)) - a2b9a5b5-e126-445d-90e8-946fc00ddc43@group-9AE1E5A711C7 replies to ELECTION vote request: 617aebcb-94d5-4f34-9c47-e0c0542c8799<-a2b9a5b5-e126-445d-90e8-946fc00ddc43#0:OK-t2. Peer's state: a2b9a5b5-e126-445d-90e8-946fc00ddc43@group-9AE1E5A711C7:t2, leader=null, voted=617aebcb-94d5-4f34-9c47-e0c0542c8799, raftlog=Memoized:a2b9a5b5-e126-445d-90e8-946fc00ddc43@group-9AE1E5A711C7-SegmentedRaftLog:OPENED:c-1, conf=-1: peers:[a2b9a5b5-e126-445d-90e8-946fc00ddc43|rpc:10.1.0.77:45297|dataStream:|priority:0|startupRole:FOLLOWER, f5cc69e3-4def-49b3-97e4-fc35696e58fc|rpc:10.1.0.77:36367|dataStream:|priority:1|startupRole:FOLLOWER, 617aebcb-94d5-4f34-9c47-e0c0542c8799|rpc:10.1.0.77:43495|dataStream:|priority:0|startupRole:FOLLOWER]|listeners:[], old=null
2022-10-20 01:29:47,987 [grpc-default-executor-3] INFO  server.RaftServer$Division (RaftServerImpl.java:requestVote(1251)) - f5cc69e3-4def-49b3-97e4-fc35696e58fc@group-9AE1E5A711C7 replies to ELECTION vote request: 617aebcb-94d5-4f34-9c47-e0c0542c8799<-f5cc69e3-4def-49b3-97e4-fc35696e58fc#0:FAIL-t2. Peer's state: f5cc69e3-4def-49b3-97e4-fc35696e58fc@group-9AE1E5A711C7:t2, leader=null, voted=null, raftlog=Memoized:f5cc69e3-4def-49b3-97e4-fc35696e58fc@group-9AE1E5A711C7-SegmentedRaftLog:OPENED:c-1, conf=-1: peers:[a2b9a5b5-e126-445d-90e8-946fc00ddc43|rpc:10.1.0.77:45297|priority:0|startupRole:FOLLOWER, f5cc69e3-4def-49b3-97e4-fc35696e58fc|rpc:10.1.0.77:36367|priority:1|startupRole:FOLLOWER, 617aebcb-94d5-4f34-9c47-e0c0542c8799|rpc:10.1.0.77:43495|priority:0|startupRole:FOLLOWER]|listeners:[], old=null
2022-10-20 01:29:47,987 [617aebcb-94d5-4f34-9c47-e0c0542c8799@group-9AE1E5A711C7-LeaderElection25] INFO  impl.LeaderElection (LeaderElection.java:logAndReturn(90)) - 617aebcb-94d5-4f34-9c47-e0c0542c8799@group-9AE1E5A711C7-LeaderElection25: ELECTION REJECTED received 1 response(s) and 0 exception(s):
2022-10-20 01:29:47,987 [617aebcb-94d5-4f34-9c47-e0c0542c8799@group-9AE1E5A711C7-LeaderElection25] INFO  impl.LeaderElection (LeaderElection.java:logAndReturn(94)) -   Response 0: 617aebcb-94d5-4f34-9c47-e0c0542c8799<-f5cc69e3-4def-49b3-97e4-fc35696e58fc#0:FAIL-t2
2022-10-20 01:29:47,988 [617aebcb-94d5-4f34-9c47-e0c0542c8799@group-9AE1E5A711C7-LeaderElection25] INFO  impl.LeaderElection (LeaderElection.java:askForVotes(314)) - 617aebcb-94d5-4f34-9c47-e0c0542c8799@group-9AE1E5A711C7-LeaderElection25 ELECTION round 0: result REJECTED
2022-10-20 01:29:47,988 [617aebcb-94d5-4f34-9c47-e0c0542c8799@group-9AE1E5A711C7-LeaderElection25] INFO  server.RaftServer$Division (RaftServerImpl.java:setRole(321)) - 617aebcb-94d5-4f34-9c47-e0c0542c8799@group-9AE1E5A711C7: changes role from CANDIDATE to FOLLOWER at term 2 for REJECTED
2022-10-20 01:29:47,988 [617aebcb-94d5-4f34-9c47-e0c0542c8799@group-9AE1E5A711C7-LeaderElection25] INFO  impl.RoleInfo (RoleInfo.java:shutdownLeaderElection(130)) - 617aebcb-94d5-4f34-9c47-e0c0542c8799: shutdown 617aebcb-94d5-4f34-9c47-e0c0542c8799@group-9AE1E5A711C7-LeaderElection25
2022-10-20 01:29:47,988 [617aebcb-94d5-4f34-9c47-e0c0542c8799@group-9AE1E5A711C7-LeaderElection25] INFO  impl.RoleInfo (RoleInfo.java:updateAndGet(139)) - 617aebcb-94d5-4f34-9c47-e0c0542c8799: start 617aebcb-94d5-4f34-9c47-e0c0542c8799@group-9AE1E5A711C7-FollowerState
2022-10-20 01:29:47,989 [617aebcb-94d5-4f34-9c47-e0c0542c8799@group-9AE1E5A711C7-FollowerState] INFO  server.RaftServerConfigKeys (ConfUtils.java:logFallback(53)) - raft.server.rpc.first-election.timeout.min = 5s (fallback to raft.server.rpc.timeout.min)
2022-10-20 01:29:47,989 [617aebcb-94d5-4f34-9c47-e0c0542c8799@group-9AE1E5A711C7-FollowerState] INFO  server.RaftServerConfigKeys (ConfUtils.java:logFallback(53)) - raft.server.rpc.first-election.timeout.max = 5200ms (fallback to raft.server.rpc.timeout.max)
2022-10-20 01:29:48,926 [Command processor thread] INFO  keyvalue.KeyValueContainer (KeyValueContainer.java:flushAndSyncDB(436)) - Container 1 is synced with bcsId 0.
2022-10-20 01:29:48,926 [Command processor thread] INFO  keyvalue.KeyValueContainer (KeyValueContainer.java:flushAndSyncDB(436)) - Container 1 is synced with bcsId 0.
2022-10-20 01:29:48,931 [EventQueue-DeadNodeForDeadNodeHandler] INFO  node.DeadNodeHandler (DeadNodeHandler.java:onMessage(81)) - A dead datanode is detected. 5133b65f-dd1c-47c0-816b-09498efa4e03{ip: 10.1.0.77, host: fv-az625-379.nkjb25ot11ku3fnowzullr2doh.gx.internal.cloudapp.net, ports: [REPLICATION=36383, RATIS=43535, RATIS_ADMIN=43535, RATIS_SERVER=43535, STANDALONE=44363], networkLocation: /default-rack, certSerialId: null, persistedOpState: IN_SERVICE, persistedOpStateExpiryEpochSec: 0}
2022-10-20 01:29:48,932 [EventQueue-DeadNodeForDeadNodeHandler] INFO  pipeline.RatisPipelineProvider (RatisPipelineProvider.java:lambda$close$1(244)) - Send pipeline:PipelineID=815c7a2c-3194-459d-97c8-f3d77823205d close command to datanode 5133b65f-dd1c-47c0-816b-09498efa4e03
2022-10-20 01:29:48,932 [EventQueue-DeadNodeForDeadNodeHandler] INFO  pipeline.RatisPipelineProvider (RatisPipelineProvider.java:lambda$close$1(244)) - Send pipeline:PipelineID=815c7a2c-3194-459d-97c8-f3d77823205d close command to datanode 2f412ea8-0081-4ad7-b64d-031dd4a9d4b2
2022-10-20 01:29:48,932 [EventQueue-DeadNodeForDeadNodeHandler] INFO  pipeline.RatisPipelineProvider (RatisPipelineProvider.java:lambda$close$1(244)) - Send pipeline:PipelineID=815c7a2c-3194-459d-97c8-f3d77823205d close command to datanode 4eb19ff5-df5c-423c-bb98-7a77d12fda0f
2022-10-20 01:29:48,934 [EventQueue-DeadNodeForDeadNodeHandler] INFO  pipeline.PipelineStateManagerImpl (PipelineStateManagerImpl.java:removePipeline(245)) - Pipeline Pipeline[ Id: 815c7a2c-3194-459d-97c8-f3d77823205d, Nodes: 5133b65f-dd1c-47c0-816b-09498efa4e03{ip: 10.1.0.77, host: fv-az625-379.nkjb25ot11ku3fnowzullr2doh.gx.internal.cloudapp.net, ports: [REPLICATION=36383, RATIS=43535, RATIS_ADMIN=43535, RATIS_SERVER=43535, STANDALONE=44363], networkLocation: /default-rack, certSerialId: null, persistedOpState: IN_SERVICE, persistedOpStateExpiryEpochSec: 0}2f412ea8-0081-4ad7-b64d-031dd4a9d4b2{ip: 10.1.0.77, host: fv-az625-379.nkjb25ot11ku3fnowzullr2doh.gx.internal.cloudapp.net, ports: [REPLICATION=36517, RATIS=43519, RATIS_ADMIN=43519, RATIS_SERVER=43519, STANDALONE=44057], networkLocation: /default-rack, certSerialId: null, persistedOpState: IN_SERVICE, persistedOpStateExpiryEpochSec: 0}4eb19ff5-df5c-423c-bb98-7a77d12fda0f{ip: 10.1.0.77, host: fv-az625-379.nkjb25ot11ku3fnowzullr2doh.gx.internal.cloudapp.net, ports: [REPLICATION=35659, RATIS=39269, RATIS_ADMIN=39269, RATIS_SERVER=39269, STANDALONE=39281], networkLocation: /default-rack, certSerialId: null, persistedOpState: IN_SERVICE, persistedOpStateExpiryEpochSec: 0}, ReplicationConfig: RATIS/THREE, State:CLOSED, leaderId:5133b65f-dd1c-47c0-816b-09498efa4e03, CreationTimestamp2022-10-20T01:29:33.413Z[Etc/UTC]] removed.
2022-10-20 01:29:48,934 [EventQueue-DeadNodeForDeadNodeHandler] INFO  pipeline.RatisPipelineProvider (RatisPipelineProvider.java:lambda$close$1(244)) - Send pipeline:PipelineID=a70ab2fc-d3cf-4a18-928c-d7293b15bb3d close command to datanode 5133b65f-dd1c-47c0-816b-09498efa4e03
2022-10-20 01:29:48,934 [EventQueue-DeadNodeForDeadNodeHandler] INFO  pipeline.PipelineStateManagerImpl (PipelineStateManagerImpl.java:removePipeline(245)) - Pipeline Pipeline[ Id: a70ab2fc-d3cf-4a18-928c-d7293b15bb3d, Nodes: 5133b65f-dd1c-47c0-816b-09498efa4e03{ip: 10.1.0.77, host: fv-az625-379.nkjb25ot11ku3fnowzullr2doh.gx.internal.cloudapp.net, ports: [REPLICATION=36383, RATIS=43535, RATIS_ADMIN=43535, RATIS_SERVER=43535, STANDALONE=44363], networkLocation: /default-rack, certSerialId: null, persistedOpState: IN_SERVICE, persistedOpStateExpiryEpochSec: 0}, ReplicationConfig: RATIS/ONE, State:CLOSED, leaderId:5133b65f-dd1c-47c0-816b-09498efa4e03, CreationTimestamp2022-10-20T01:29:32.529Z[Etc/UTC]] removed.
2022-10-20 01:29:48,935 [EventQueue-DeadNodeForDeadNodeHandler] INFO  pipeline.PipelineStateManagerImpl (PipelineStateManagerImpl.java:removePipeline(245)) - Pipeline Pipeline[ Id: 1d00a698-905a-4cf3-ba47-93a60987604b, Nodes: 5133b65f-dd1c-47c0-816b-09498efa4e03{ip: 10.1.0.77, host: fv-az625-379.nkjb25ot11ku3fnowzullr2doh.gx.internal.cloudapp.net, ports: [REPLICATION=36383, RATIS=43535, RATIS_ADMIN=43535, RATIS_SERVER=43535, STANDALONE=44363], networkLocation: /default-rack, certSerialId: null, persistedOpState: null, persistedOpStateExpiryEpochSec: 0}2f412ea8-0081-4ad7-b64d-031dd4a9d4b2{ip: 10.1.0.77, host: fv-az625-379.nkjb25ot11ku3fnowzullr2doh.gx.internal.cloudapp.net, ports: [REPLICATION=36517, RATIS=43519, RATIS_ADMIN=43519, RATIS_SERVER=43519, STANDALONE=44057], networkLocation: /default-rack, certSerialId: null, persistedOpState: null, persistedOpStateExpiryEpochSec: 0}0cbed28b-7e2e-4c55-93c4-a5222a360620{ip: 10.1.0.77, host: fv-az625-379.nkjb25ot11ku3fnowzullr2doh.gx.internal.cloudapp.net, ports: [REPLICATION=43593, RATIS=41783, RATIS_ADMIN=41783, RATIS_SERVER=41783, STANDALONE=33011], networkLocation: /default-rack, certSerialId: null, persistedOpState: null, persistedOpStateExpiryEpochSec: 0}a2b9a5b5-e126-445d-90e8-946fc00ddc43{ip: 10.1.0.77, host: fv-az625-379.nkjb25ot11ku3fnowzullr2doh.gx.internal.cloudapp.net, ports: [REPLICATION=42747, RATIS=45297, RATIS_ADMIN=45297, RATIS_SERVER=45297, STANDALONE=46421], networkLocation: /default-rack, certSerialId: null, persistedOpState: null, persistedOpStateExpiryEpochSec: 0}f5cc69e3-4def-49b3-97e4-fc35696e58fc{ip: 10.1.0.77, host: fv-az625-379.nkjb25ot11ku3fnowzullr2doh.gx.internal.cloudapp.net, ports: [REPLICATION=45057, RATIS=36367, RATIS_ADMIN=36367, RATIS_SERVER=36367, STANDALONE=42709], networkLocation: /default-rack, certSerialId: null, persistedOpState: null, persistedOpStateExpiryEpochSec: 0}, ReplicationConfig: EC/ECReplicationConfig{data=3, parity=2, ecChunkSize=1024, codec=rs}, State:CLOSED, leaderId:, CreationTimestamp2022-10-20T01:29:42.468Z[Etc/UTC]] removed.
2022-10-20 01:29:48,935 [EventQueue-DeadNodeForDeadNodeHandler] INFO  pipeline.RatisPipelineProvider (RatisPipelineProvider.java:lambda$close$1(244)) - Send pipeline:PipelineID=9677b235-3a42-4d48-be78-d78ed3c809e8 close command to datanode 2f412ea8-0081-4ad7-b64d-031dd4a9d4b2
2022-10-20 01:29:48,935 [EventQueue-DeadNodeForDeadNodeHandler] INFO  pipeline.RatisPipelineProvider (RatisPipelineProvider.java:lambda$close$1(244)) - Send pipeline:PipelineID=9677b235-3a42-4d48-be78-d78ed3c809e8 close command to datanode 5133b65f-dd1c-47c0-816b-09498efa4e03
2022-10-20 01:29:48,935 [EventQueue-DeadNodeForDeadNodeHandler] INFO  pipeline.RatisPipelineProvider (RatisPipelineProvider.java:lambda$close$1(244)) - Send pipeline:PipelineID=9677b235-3a42-4d48-be78-d78ed3c809e8 close command to datanode 4eb19ff5-df5c-423c-bb98-7a77d12fda0f
2022-10-20 01:29:48,935 [EventQueue-DeadNodeForDeadNodeHandler] INFO  pipeline.PipelineStateManagerImpl (PipelineStateManagerImpl.java:removePipeline(245)) - Pipeline Pipeline[ Id: 9677b235-3a42-4d48-be78-d78ed3c809e8, Nodes: 2f412ea8-0081-4ad7-b64d-031dd4a9d4b2{ip: 10.1.0.77, host: fv-az625-379.nkjb25ot11ku3fnowzullr2doh.gx.internal.cloudapp.net, ports: [REPLICATION=36517, RATIS=43519, RATIS_ADMIN=43519, RATIS_SERVER=43519, STANDALONE=44057], networkLocation: /default-rack, certSerialId: null, persistedOpState: IN_SERVICE, persistedOpStateExpiryEpochSec: 0}5133b65f-dd1c-47c0-816b-09498efa4e03{ip: 10.1.0.77, host: fv-az625-379.nkjb25ot11ku3fnowzullr2doh.gx.internal.cloudapp.net, ports: [REPLICATION=36383, RATIS=43535, RATIS_ADMIN=43535, RATIS_SERVER=43535, STANDALONE=44363], networkLocation: /default-rack, certSerialId: null, persistedOpState: IN_SERVICE, persistedOpStateExpiryEpochSec: 0}4eb19ff5-df5c-423c-bb98-7a77d12fda0f{ip: 10.1.0.77, host: fv-az625-379.nkjb25ot11ku3fnowzullr2doh.gx.internal.cloudapp.net, ports: [REPLICATION=35659, RATIS=39269, RATIS_ADMIN=39269, RATIS_SERVER=39269, STANDALONE=39281], networkLocation: /default-rack, certSerialId: null, persistedOpState: IN_SERVICE, persistedOpStateExpiryEpochSec: 0}, ReplicationConfig: RATIS/THREE, State:CLOSED, leaderId:, CreationTimestamp2022-10-20T01:29:33.410Z[Etc/UTC]] removed.
2022-10-20 01:29:48,938 [EventQueue-DeadNodeForDeadNodeHandler] INFO  net.NetworkTopologyImpl (NetworkTopologyImpl.java:remove(190)) - Removed a node: /default-rack/5133b65f-dd1c-47c0-816b-09498efa4e03
2022-10-20 01:29:48,938 [Command processor thread] INFO  keyvalue.KeyValueContainer (KeyValueContainer.java:close(351)) - Container 1 is closed with bcsId 0.
2022-10-20 01:29:48,951 [Listener at 127.0.0.1/41123] INFO  replication.ReplicationManager (ReplicationManager.java:start(234)) - Starting Replication Monitor Thread.
2022-10-20 01:29:48,955 [Under Replicated Processor] INFO  replication.UnderReplicatedProcessor (UnderReplicatedProcessor.java:processAll(92)) - Processed 0 under replicated containers, failed processing 0
2022-10-20 01:29:48,955 [Over Replicated Processor] INFO  replication.OverReplicatedProcessor (OverReplicatedProcessor.java:processAll(90)) - Processed 0 over replicated containers, failed processing 0
2022-10-20 01:29:48,957 [ReplicationMonitor] INFO  replication.ReplicationManager (ReplicationManager.java:sendCloseContainerReplicaCommand(515)) - Sending close container command for container #1 to datanode 2f412ea8-0081-4ad7-b64d-031dd4a9d4b2{ip: 10.1.0.77, host: fv-az625-379.nkjb25ot11ku3fnowzullr2doh.gx.internal.cloudapp.net, ports: [REPLICATION=36517, RATIS=43519, RATIS_ADMIN=43519, RATIS_SERVER=43519, STANDALONE=44057], networkLocation: /default-rack, certSerialId: null, persistedOpState: IN_SERVICE, persistedOpStateExpiryEpochSec: 0}.
2022-10-20 01:29:48,957 [ReplicationMonitor] INFO  replication.ReplicationManager (ReplicationManager.java:processAll(335)) - Replication Monitor Thread took 2 milliseconds for processing 1 containers.
2022-10-20 01:29:48,964 [Command processor thread] INFO  keyvalue.KeyValueContainer (KeyValueContainer.java:flushAndSyncDB(436)) - Container 1 is synced with bcsId 0.
2022-10-20 01:29:48,964 [Command processor thread] INFO  keyvalue.KeyValueContainer (KeyValueContainer.java:flushAndSyncDB(436)) - Container 1 is synced with bcsId 0.
2022-10-20 01:29:48,968 [Command processor thread] INFO  keyvalue.KeyValueContainer (KeyValueContainer.java:close(351)) - Container 1 is closed with bcsId 0.
2022-10-20 01:29:48,969 [Command processor thread] INFO  server.RaftServer (RaftServerProxy.java:remove(107)) - 2f412ea8-0081-4ad7-b64d-031dd4a9d4b2: remove  FOLLOWER 2f412ea8-0081-4ad7-b64d-031dd4a9d4b2@group-F3D77823205D:t1, leader=5133b65f-dd1c-47c0-816b-09498efa4e03, voted=5133b65f-dd1c-47c0-816b-09498efa4e03, raftlog=Memoized:2f412ea8-0081-4ad7-b64d-031dd4a9d4b2@group-F3D77823205D-SegmentedRaftLog:OPENED:c0, conf=0: peers:[2f412ea8-0081-4ad7-b64d-031dd4a9d4b2|rpc:10.1.0.77:43519|dataStream:|priority:0|startupRole:FOLLOWER, 4eb19ff5-df5c-423c-bb98-7a77d12fda0f|rpc:10.1.0.77:39269|dataStream:|priority:0|startupRole:FOLLOWER, 5133b65f-dd1c-47c0-816b-09498efa4e03|rpc:10.1.0.77:43535|dataStream:|priority:1|startupRole:FOLLOWER]|listeners:[], old=null RUNNING
2022-10-20 01:29:48,975 [Command processor thread] INFO  server.RaftServer$Division (RaftServerImpl.java:lambda$close$4(458)) - 2f412ea8-0081-4ad7-b64d-031dd4a9d4b2@group-F3D77823205D: shutdown
2022-10-20 01:29:48,975 [Command processor thread] INFO  util.JmxRegister (JmxRegister.java:unregister(73)) - Successfully un-registered JMX Bean with object name Ratis:service=RaftServer,group=group-F3D77823205D,id=2f412ea8-0081-4ad7-b64d-031dd4a9d4b2
2022-10-20 01:29:48,975 [Command processor thread] INFO  impl.RoleInfo (RoleInfo.java:shutdownFollowerState(110)) - 2f412ea8-0081-4ad7-b64d-031dd4a9d4b2: shutdown 2f412ea8-0081-4ad7-b64d-031dd4a9d4b2@group-F3D77823205D-FollowerState
2022-10-20 01:29:48,977 [2f412ea8-0081-4ad7-b64d-031dd4a9d4b2@group-F3D77823205D-FollowerState] INFO  impl.FollowerState (FollowerState.java:run(152)) - 2f412ea8-0081-4ad7-b64d-031dd4a9d4b2@group-F3D77823205D-FollowerState was interrupted
2022-10-20 01:29:48,977 [2f412ea8-0081-4ad7-b64d-031dd4a9d4b2@group-F3D77823205D-StateMachineUpdater] INFO  ratis.ContainerStateMachine (ContainerStateMachine.java:takeSnapshot(304)) - group-F3D77823205D: Taking a snapshot at:(t:1, i:0) file /home/runner/work/ozone/ozone/hadoop-ozone/integration-test/target/test-dir/MiniOzoneClusterImpl-1c2b738d-be74-4a40-b887-8630efe04021/datanode-2/data/ratis/815c7a2c-3194-459d-97c8-f3d77823205d/sm/snapshot.1_0
2022-10-20 01:29:48,977 [Command processor thread] INFO  impl.StateMachineUpdater (StateMachineUpdater.java:stopAndJoin(153)) - 2f412ea8-0081-4ad7-b64d-031dd4a9d4b2@group-F3D77823205D-StateMachineUpdater: set stopIndex = 0
2022-10-20 01:29:48,978 [2f412ea8-0081-4ad7-b64d-031dd4a9d4b2@group-F3D77823205D-StateMachineUpdater] INFO  ratis.ContainerStateMachine (ContainerStateMachine.java:takeSnapshot(315)) - group-F3D77823205D: Finished taking a snapshot at:(t:1, i:0) file:/home/runner/work/ozone/ozone/hadoop-ozone/integration-test/target/test-dir/MiniOzoneClusterImpl-1c2b738d-be74-4a40-b887-8630efe04021/datanode-2/data/ratis/815c7a2c-3194-459d-97c8-f3d77823205d/sm/snapshot.1_0 took: 1 ms
2022-10-20 01:29:48,978 [2f412ea8-0081-4ad7-b64d-031dd4a9d4b2@group-F3D77823205D-StateMachineUpdater] INFO  impl.StateMachineUpdater (StateMachineUpdater.java:takeSnapshot(287)) - 2f412ea8-0081-4ad7-b64d-031dd4a9d4b2@group-F3D77823205D-StateMachineUpdater: Took a snapshot at index 0
2022-10-20 01:29:48,978 [2f412ea8-0081-4ad7-b64d-031dd4a9d4b2@group-F3D77823205D-StateMachineUpdater] INFO  impl.StateMachineUpdater (StateMachineUpdater.java:lambda$new$0(92)) - 2f412ea8-0081-4ad7-b64d-031dd4a9d4b2@group-F3D77823205D-StateMachineUpdater: snapshotIndex: updateIncreasingly -1 -> 0
2022-10-20 01:29:48,978 [Command processor thread] INFO  server.RaftServer$Division (ServerState.java:close(466)) - 2f412ea8-0081-4ad7-b64d-031dd4a9d4b2@group-F3D77823205D: closes. applyIndex: 0
2022-10-20 01:29:48,978 [2f412ea8-0081-4ad7-b64d-031dd4a9d4b2@group-F3D77823205D-SegmentedRaftLogWorker] INFO  segmented.SegmentedRaftLogWorker (SegmentedRaftLogWorker.java:run(345)) - 2f412ea8-0081-4ad7-b64d-031dd4a9d4b2@group-F3D77823205D-SegmentedRaftLogWorker was interrupted, exiting. There are 0 tasks remaining in the queue.
2022-10-20 01:29:48,980 [Command processor thread] INFO  segmented.SegmentedRaftLogWorker (SegmentedRaftLogWorker.java:close(255)) - 2f412ea8-0081-4ad7-b64d-031dd4a9d4b2@group-F3D77823205D-SegmentedRaftLogWorker close()
2022-10-20 01:29:48,983 [Command processor thread] INFO  server.RaftServer$Division (RaftServerImpl.java:groupRemove(428)) - 2f412ea8-0081-4ad7-b64d-031dd4a9d4b2@group-F3D77823205D: Succeed to remove RaftStorageDirectory Storage Directory /home/runner/work/ozone/ozone/hadoop-ozone/integration-test/target/test-dir/MiniOzoneClusterImpl-1c2b738d-be74-4a40-b887-8630efe04021/datanode-2/data/ratis/815c7a2c-3194-459d-97c8-f3d77823205d
2022-10-20 01:29:48,984 [Command processor thread] INFO  commandhandler.ClosePipelineCommandHandler (ClosePipelineCommandHandler.java:handle(78)) - Close Pipeline PipelineID=815c7a2c-3194-459d-97c8-f3d77823205d command on datanode 2f412ea8-0081-4ad7-b64d-031dd4a9d4b2.
2022-10-20 01:29:48,984 [Command processor thread] INFO  server.RaftServer (RaftServerProxy.java:remove(107)) - 2f412ea8-0081-4ad7-b64d-031dd4a9d4b2: remove  FOLLOWER 2f412ea8-0081-4ad7-b64d-031dd4a9d4b2@group-D78ED3C809E8:t2, leader=null, voted=2f412ea8-0081-4ad7-b64d-031dd4a9d4b2, raftlog=Memoized:2f412ea8-0081-4ad7-b64d-031dd4a9d4b2@group-D78ED3C809E8-SegmentedRaftLog:OPENED:c-1, conf=-1: peers:[2f412ea8-0081-4ad7-b64d-031dd4a9d4b2|rpc:10.1.0.77:43519|dataStream:|priority:1|startupRole:FOLLOWER, 4eb19ff5-df5c-423c-bb98-7a77d12fda0f|rpc:10.1.0.77:39269|dataStream:|priority:0|startupRole:FOLLOWER, 5133b65f-dd1c-47c0-816b-09498efa4e03|rpc:10.1.0.77:43535|dataStream:|priority:0|startupRole:FOLLOWER]|listeners:[], old=null RUNNING
2022-10-20 01:29:48,984 [Command processor thread] INFO  server.RaftServer$Division (RaftServerImpl.java:lambda$close$4(458)) - 2f412ea8-0081-4ad7-b64d-031dd4a9d4b2@group-D78ED3C809E8: shutdown
2022-10-20 01:29:48,984 [Command processor thread] INFO  util.JmxRegister (JmxRegister.java:unregister(73)) - Successfully un-registered JMX Bean with object name Ratis:service=RaftServer,group=group-D78ED3C809E8,id=2f412ea8-0081-4ad7-b64d-031dd4a9d4b2
2022-10-20 01:29:48,984 [Command processor thread] INFO  impl.RoleInfo (RoleInfo.java:shutdownFollowerState(110)) - 2f412ea8-0081-4ad7-b64d-031dd4a9d4b2: shutdown 2f412ea8-0081-4ad7-b64d-031dd4a9d4b2@group-D78ED3C809E8-FollowerState
2022-10-20 01:29:48,984 [Command processor thread] INFO  impl.StateMachineUpdater (StateMachineUpdater.java:stopAndJoin(153)) - 2f412ea8-0081-4ad7-b64d-031dd4a9d4b2@group-D78ED3C809E8-StateMachineUpdater: set stopIndex = -1
2022-10-20 01:29:48,984 [2f412ea8-0081-4ad7-b64d-031dd4a9d4b2@group-D78ED3C809E8-FollowerState] INFO  impl.FollowerState (FollowerState.java:run(152)) - 2f412ea8-0081-4ad7-b64d-031dd4a9d4b2@group-D78ED3C809E8-FollowerState was interrupted
2022-10-20 01:29:48,985 [Command processor thread] INFO  server.RaftServer$Division (ServerState.java:close(466)) - 2f412ea8-0081-4ad7-b64d-031dd4a9d4b2@group-D78ED3C809E8: closes. applyIndex: -1
2022-10-20 01:29:48,985 [2f412ea8-0081-4ad7-b64d-031dd4a9d4b2@group-D78ED3C809E8-SegmentedRaftLogWorker] INFO  segmented.SegmentedRaftLogWorker (SegmentedRaftLogWorker.java:run(345)) - 2f412ea8-0081-4ad7-b64d-031dd4a9d4b2@group-D78ED3C809E8-SegmentedRaftLogWorker was interrupted, exiting. There are 0 tasks remaining in the queue.
2022-10-20 01:29:48,985 [Command processor thread] INFO  segmented.SegmentedRaftLogWorker (SegmentedRaftLogWorker.java:close(255)) - 2f412ea8-0081-4ad7-b64d-031dd4a9d4b2@group-D78ED3C809E8-SegmentedRaftLogWorker close()
2022-10-20 01:29:48,986 [Command processor thread] INFO  server.RaftServer$Division (RaftServerImpl.java:groupRemove(428)) - 2f412ea8-0081-4ad7-b64d-031dd4a9d4b2@group-D78ED3C809E8: Succeed to remove RaftStorageDirectory Storage Directory /home/runner/work/ozone/ozone/hadoop-ozone/integration-test/target/test-dir/MiniOzoneClusterImpl-1c2b738d-be74-4a40-b887-8630efe04021/datanode-2/data/ratis/9677b235-3a42-4d48-be78-d78ed3c809e8
2022-10-20 01:29:48,986 [Command processor thread] INFO  commandhandler.ClosePipelineCommandHandler (ClosePipelineCommandHandler.java:handle(78)) - Close Pipeline PipelineID=9677b235-3a42-4d48-be78-d78ed3c809e8 command on datanode 2f412ea8-0081-4ad7-b64d-031dd4a9d4b2.
2022-10-20 01:29:50,255 [Command processor thread] INFO  server.RaftServer (RaftServerProxy.java:remove(107)) - 4eb19ff5-df5c-423c-bb98-7a77d12fda0f: remove  FOLLOWER 4eb19ff5-df5c-423c-bb98-7a77d12fda0f@group-F3D77823205D:t1, leader=5133b65f-dd1c-47c0-816b-09498efa4e03, voted=5133b65f-dd1c-47c0-816b-09498efa4e03, raftlog=Memoized:4eb19ff5-df5c-423c-bb98-7a77d12fda0f@group-F3D77823205D-SegmentedRaftLog:OPENED:c0, conf=0: peers:[2f412ea8-0081-4ad7-b64d-031dd4a9d4b2|rpc:10.1.0.77:43519|dataStream:|priority:0|startupRole:FOLLOWER, 4eb19ff5-df5c-423c-bb98-7a77d12fda0f|rpc:10.1.0.77:39269|dataStream:|priority:0|startupRole:FOLLOWER, 5133b65f-dd1c-47c0-816b-09498efa4e03|rpc:10.1.0.77:43535|dataStream:|priority:1|startupRole:FOLLOWER]|listeners:[], old=null RUNNING
2022-10-20 01:29:50,255 [Command processor thread] INFO  server.RaftServer$Division (RaftServerImpl.java:lambda$close$4(458)) - 4eb19ff5-df5c-423c-bb98-7a77d12fda0f@group-F3D77823205D: shutdown
2022-10-20 01:29:50,255 [Command processor thread] INFO  util.JmxRegister (JmxRegister.java:unregister(73)) - Successfully un-registered JMX Bean with object name Ratis:service=RaftServer,group=group-F3D77823205D,id=4eb19ff5-df5c-423c-bb98-7a77d12fda0f
2022-10-20 01:29:50,255 [Command processor thread] INFO  impl.RoleInfo (RoleInfo.java:shutdownFollowerState(110)) - 4eb19ff5-df5c-423c-bb98-7a77d12fda0f: shutdown 4eb19ff5-df5c-423c-bb98-7a77d12fda0f@group-F3D77823205D-FollowerState
2022-10-20 01:29:50,255 [Command processor thread] INFO  impl.StateMachineUpdater (StateMachineUpdater.java:stopAndJoin(153)) - 4eb19ff5-df5c-423c-bb98-7a77d12fda0f@group-F3D77823205D-StateMachineUpdater: set stopIndex = 0
2022-10-20 01:29:50,255 [4eb19ff5-df5c-423c-bb98-7a77d12fda0f@group-F3D77823205D-FollowerState] INFO  impl.FollowerState (FollowerState.java:run(152)) - 4eb19ff5-df5c-423c-bb98-7a77d12fda0f@group-F3D77823205D-FollowerState was interrupted
2022-10-20 01:29:50,255 [4eb19ff5-df5c-423c-bb98-7a77d12fda0f@group-F3D77823205D-StateMachineUpdater] INFO  ratis.ContainerStateMachine (ContainerStateMachine.java:takeSnapshot(304)) - group-F3D77823205D: Taking a snapshot at:(t:1, i:0) file /home/runner/work/ozone/ozone/hadoop-ozone/integration-test/target/test-dir/MiniOzoneClusterImpl-1c2b738d-be74-4a40-b887-8630efe04021/datanode-1/data/ratis/815c7a2c-3194-459d-97c8-f3d77823205d/sm/snapshot.1_0
2022-10-20 01:29:50,256 [4eb19ff5-df5c-423c-bb98-7a77d12fda0f@group-F3D77823205D-StateMachineUpdater] INFO  ratis.ContainerStateMachine (ContainerStateMachine.java:takeSnapshot(315)) - group-F3D77823205D: Finished taking a snapshot at:(t:1, i:0) file:/home/runner/work/ozone/ozone/hadoop-ozone/integration-test/target/test-dir/MiniOzoneClusterImpl-1c2b738d-be74-4a40-b887-8630efe04021/datanode-1/data/ratis/815c7a2c-3194-459d-97c8-f3d77823205d/sm/snapshot.1_0 took: 1 ms
2022-10-20 01:29:50,257 [4eb19ff5-df5c-423c-bb98-7a77d12fda0f@group-F3D77823205D-StateMachineUpdater] INFO  impl.StateMachineUpdater (StateMachineUpdater.java:takeSnapshot(287)) - 4eb19ff5-df5c-423c-bb98-7a77d12fda0f@group-F3D77823205D-StateMachineUpdater: Took a snapshot at index 0
2022-10-20 01:29:50,257 [4eb19ff5-df5c-423c-bb98-7a77d12fda0f@group-F3D77823205D-StateMachineUpdater] INFO  impl.StateMachineUpdater (StateMachineUpdater.java:lambda$new$0(92)) - 4eb19ff5-df5c-423c-bb98-7a77d12fda0f@group-F3D77823205D-StateMachineUpdater: snapshotIndex: updateIncreasingly -1 -> 0
2022-10-20 01:29:50,257 [Command processor thread] INFO  server.RaftServer$Division (ServerState.java:close(466)) - 4eb19ff5-df5c-423c-bb98-7a77d12fda0f@group-F3D77823205D: closes. applyIndex: 0
2022-10-20 01:29:50,257 [4eb19ff5-df5c-423c-bb98-7a77d12fda0f@group-F3D77823205D-SegmentedRaftLogWorker] INFO  segmented.SegmentedRaftLogWorker (SegmentedRaftLogWorker.java:run(345)) - 4eb19ff5-df5c-423c-bb98-7a77d12fda0f@group-F3D77823205D-SegmentedRaftLogWorker was interrupted, exiting. There are 0 tasks remaining in the queue.
2022-10-20 01:29:50,258 [Command processor thread] INFO  segmented.SegmentedRaftLogWorker (SegmentedRaftLogWorker.java:close(255)) - 4eb19ff5-df5c-423c-bb98-7a77d12fda0f@group-F3D77823205D-SegmentedRaftLogWorker close()
2022-10-20 01:29:50,260 [Command processor thread] INFO  server.RaftServer$Division (RaftServerImpl.java:groupRemove(428)) - 4eb19ff5-df5c-423c-bb98-7a77d12fda0f@group-F3D77823205D: Succeed to remove RaftStorageDirectory Storage Directory /home/runner/work/ozone/ozone/hadoop-ozone/integration-test/target/test-dir/MiniOzoneClusterImpl-1c2b738d-be74-4a40-b887-8630efe04021/datanode-1/data/ratis/815c7a2c-3194-459d-97c8-f3d77823205d
2022-10-20 01:29:50,260 [Command processor thread] INFO  commandhandler.ClosePipelineCommandHandler (ClosePipelineCommandHandler.java:handle(78)) - Close Pipeline PipelineID=815c7a2c-3194-459d-97c8-f3d77823205d command on datanode 4eb19ff5-df5c-423c-bb98-7a77d12fda0f.
2022-10-20 01:29:50,261 [Command processor thread] INFO  server.RaftServer (RaftServerProxy.java:remove(107)) - 4eb19ff5-df5c-423c-bb98-7a77d12fda0f: remove  FOLLOWER 4eb19ff5-df5c-423c-bb98-7a77d12fda0f@group-D78ED3C809E8:t2, leader=null, voted=4eb19ff5-df5c-423c-bb98-7a77d12fda0f, raftlog=Memoized:4eb19ff5-df5c-423c-bb98-7a77d12fda0f@group-D78ED3C809E8-SegmentedRaftLog:OPENED:c-1, conf=-1: peers:[2f412ea8-0081-4ad7-b64d-031dd4a9d4b2|rpc:10.1.0.77:43519|priority:1|startupRole:FOLLOWER, 4eb19ff5-df5c-423c-bb98-7a77d12fda0f|rpc:10.1.0.77:39269|priority:0|startupRole:FOLLOWER, 5133b65f-dd1c-47c0-816b-09498efa4e03|rpc:10.1.0.77:43535|priority:0|startupRole:FOLLOWER]|listeners:[], old=null RUNNING
2022-10-20 01:29:50,261 [Command processor thread] INFO  server.RaftServer$Division (RaftServerImpl.java:lambda$close$4(458)) - 4eb19ff5-df5c-423c-bb98-7a77d12fda0f@group-D78ED3C809E8: shutdown
2022-10-20 01:29:50,261 [Command processor thread] INFO  util.JmxRegister (JmxRegister.java:unregister(73)) - Successfully un-registered JMX Bean with object name Ratis:service=RaftServer,group=group-D78ED3C809E8,id=4eb19ff5-df5c-423c-bb98-7a77d12fda0f
2022-10-20 01:29:50,261 [Command processor thread] INFO  impl.RoleInfo (RoleInfo.java:shutdownFollowerState(110)) - 4eb19ff5-df5c-423c-bb98-7a77d12fda0f: shutdown 4eb19ff5-df5c-423c-bb98-7a77d12fda0f@group-D78ED3C809E8-FollowerState
2022-10-20 01:29:50,261 [Command processor thread] INFO  impl.StateMachineUpdater (StateMachineUpdater.java:stopAndJoin(153)) - 4eb19ff5-df5c-423c-bb98-7a77d12fda0f@group-D78ED3C809E8-StateMachineUpdater: set stopIndex = -1
2022-10-20 01:29:50,261 [4eb19ff5-df5c-423c-bb98-7a77d12fda0f@group-D78ED3C809E8-FollowerState] INFO  impl.FollowerState (FollowerState.java:run(152)) - 4eb19ff5-df5c-423c-bb98-7a77d12fda0f@group-D78ED3C809E8-FollowerState was interrupted
2022-10-20 01:29:50,262 [Command processor thread] INFO  server.RaftServer$Division (ServerState.java:close(466)) - 4eb19ff5-df5c-423c-bb98-7a77d12fda0f@group-D78ED3C809E8: closes. applyIndex: -1
2022-10-20 01:29:50,262 [4eb19ff5-df5c-423c-bb98-7a77d12fda0f@group-D78ED3C809E8-SegmentedRaftLogWorker] INFO  segmented.SegmentedRaftLogWorker (SegmentedRaftLogWorker.java:run(345)) - 4eb19ff5-df5c-423c-bb98-7a77d12fda0f@group-D78ED3C809E8-SegmentedRaftLogWorker was interrupted, exiting. There are 0 tasks remaining in the queue.
2022-10-20 01:29:50,262 [Command processor thread] INFO  segmented.SegmentedRaftLogWorker (SegmentedRaftLogWorker.java:close(255)) - 4eb19ff5-df5c-423c-bb98-7a77d12fda0f@group-D78ED3C809E8-SegmentedRaftLogWorker close()
2022-10-20 01:29:50,263 [Command processor thread] INFO  server.RaftServer$Division (RaftServerImpl.java:groupRemove(428)) - 4eb19ff5-df5c-423c-bb98-7a77d12fda0f@group-D78ED3C809E8: Succeed to remove RaftStorageDirectory Storage Directory /home/runner/work/ozone/ozone/hadoop-ozone/integration-test/target/test-dir/MiniOzoneClusterImpl-1c2b738d-be74-4a40-b887-8630efe04021/datanode-1/data/ratis/9677b235-3a42-4d48-be78-d78ed3c809e8
2022-10-20 01:29:50,263 [Command processor thread] INFO  commandhandler.ClosePipelineCommandHandler (ClosePipelineCommandHandler.java:handle(78)) - Close Pipeline PipelineID=9677b235-3a42-4d48-be78-d78ed3c809e8 command on datanode 4eb19ff5-df5c-423c-bb98-7a77d12fda0f.
2022-10-20 01:29:53,027 [f5cc69e3-4def-49b3-97e4-fc35696e58fc@group-9AE1E5A711C7-FollowerState] INFO  impl.FollowerState (FollowerState.java:run(143)) - f5cc69e3-4def-49b3-97e4-fc35696e58fc@group-9AE1E5A711C7-FollowerState: change to CANDIDATE, lastRpcElapsedTime:5044695819ns, electionTimeout:5040ms
2022-10-20 01:29:53,027 [f5cc69e3-4def-49b3-97e4-fc35696e58fc@group-9AE1E5A711C7-FollowerState] INFO  impl.RoleInfo (RoleInfo.java:shutdownFollowerState(110)) - f5cc69e3-4def-49b3-97e4-fc35696e58fc: shutdown f5cc69e3-4def-49b3-97e4-fc35696e58fc@group-9AE1E5A711C7-FollowerState
2022-10-20 01:29:53,027 [f5cc69e3-4def-49b3-97e4-fc35696e58fc@group-9AE1E5A711C7-FollowerState] INFO  server.RaftServer$Division (RaftServerImpl.java:setRole(321)) - f5cc69e3-4def-49b3-97e4-fc35696e58fc@group-9AE1E5A711C7: changes role from  FOLLOWER to CANDIDATE at term 2 for changeToCandidate
2022-10-20 01:29:53,027 [f5cc69e3-4def-49b3-97e4-fc35696e58fc@group-9AE1E5A711C7-FollowerState] INFO  server.RaftServerConfigKeys (ConfUtils.java:logGet(46)) - raft.server.leaderelection.pre-vote = false (custom)
2022-10-20 01:29:53,027 [f5cc69e3-4def-49b3-97e4-fc35696e58fc@group-9AE1E5A711C7-FollowerState] INFO  impl.RoleInfo (RoleInfo.java:updateAndGet(139)) - f5cc69e3-4def-49b3-97e4-fc35696e58fc: start f5cc69e3-4def-49b3-97e4-fc35696e58fc@group-9AE1E5A711C7-LeaderElection26
2022-10-20 01:29:53,029 [f5cc69e3-4def-49b3-97e4-fc35696e58fc@group-9AE1E5A711C7-LeaderElection26] INFO  impl.LeaderElection (LeaderElection.java:askForVotes(312)) - f5cc69e3-4def-49b3-97e4-fc35696e58fc@group-9AE1E5A711C7-LeaderElection26 ELECTION round 0: submit vote requests at term 3 for -1: peers:[a2b9a5b5-e126-445d-90e8-946fc00ddc43|rpc:10.1.0.77:45297|priority:0|startupRole:FOLLOWER, f5cc69e3-4def-49b3-97e4-fc35696e58fc|rpc:10.1.0.77:36367|priority:1|startupRole:FOLLOWER, 617aebcb-94d5-4f34-9c47-e0c0542c8799|rpc:10.1.0.77:43495|priority:0|startupRole:FOLLOWER]|listeners:[], old=null
2022-10-20 01:29:53,030 [f5cc69e3-4def-49b3-97e4-fc35696e58fc@group-9AE1E5A711C7-LeaderElection26] INFO  server.RaftServerConfigKeys (ConfUtils.java:logFallback(53)) - raft.server.rpc.first-election.timeout.min = 5s (fallback to raft.server.rpc.timeout.min)
2022-10-20 01:29:53,030 [f5cc69e3-4def-49b3-97e4-fc35696e58fc@group-9AE1E5A711C7-LeaderElection26] INFO  server.RaftServerConfigKeys (ConfUtils.java:logFallback(53)) - raft.server.rpc.first-election.timeout.max = 5200ms (fallback to raft.server.rpc.timeout.max)
2022-10-20 01:29:53,032 [grpc-default-executor-3] INFO  server.RaftServer$Division (RaftServerImpl.java:requestVote(1218)) - 617aebcb-94d5-4f34-9c47-e0c0542c8799@group-9AE1E5A711C7: receive requestVote(ELECTION, f5cc69e3-4def-49b3-97e4-fc35696e58fc, group-9AE1E5A711C7, 3, (t:0, i:0))
2022-10-20 01:29:53,032 [grpc-default-executor-3] INFO  impl.VoteContext (VoteContext.java:log(48)) - 617aebcb-94d5-4f34-9c47-e0c0542c8799@group-9AE1E5A711C7-FOLLOWER: accept ELECTION from f5cc69e3-4def-49b3-97e4-fc35696e58fc: our priority 0 <= candidate's priority 1
2022-10-20 01:29:53,032 [grpc-default-executor-3] INFO  server.RaftServer$Division (RaftServerImpl.java:setRole(321)) - 617aebcb-94d5-4f34-9c47-e0c0542c8799@group-9AE1E5A711C7: changes role from  FOLLOWER to FOLLOWER at term 3 for candidate:f5cc69e3-4def-49b3-97e4-fc35696e58fc
2022-10-20 01:29:53,032 [grpc-default-executor-3] INFO  impl.RoleInfo (RoleInfo.java:shutdownFollowerState(110)) - 617aebcb-94d5-4f34-9c47-e0c0542c8799: shutdown 617aebcb-94d5-4f34-9c47-e0c0542c8799@group-9AE1E5A711C7-FollowerState
2022-10-20 01:29:53,032 [grpc-default-executor-3] INFO  impl.RoleInfo (RoleInfo.java:updateAndGet(139)) - 617aebcb-94d5-4f34-9c47-e0c0542c8799: start 617aebcb-94d5-4f34-9c47-e0c0542c8799@group-9AE1E5A711C7-FollowerState
2022-10-20 01:29:53,032 [617aebcb-94d5-4f34-9c47-e0c0542c8799@group-9AE1E5A711C7-FollowerState] INFO  impl.FollowerState (FollowerState.java:run(152)) - 617aebcb-94d5-4f34-9c47-e0c0542c8799@group-9AE1E5A711C7-FollowerState was interrupted
2022-10-20 01:29:53,033 [617aebcb-94d5-4f34-9c47-e0c0542c8799@group-9AE1E5A711C7-FollowerState] INFO  server.RaftServerConfigKeys (ConfUtils.java:logFallback(53)) - raft.server.rpc.first-election.timeout.min = 5s (fallback to raft.server.rpc.timeout.min)
2022-10-20 01:29:53,035 [grpc-default-executor-4] INFO  server.RaftServer$Division (RaftServerImpl.java:requestVote(1218)) - a2b9a5b5-e126-445d-90e8-946fc00ddc43@group-9AE1E5A711C7: receive requestVote(ELECTION, f5cc69e3-4def-49b3-97e4-fc35696e58fc, group-9AE1E5A711C7, 3, (t:0, i:0))
2022-10-20 01:29:53,035 [617aebcb-94d5-4f34-9c47-e0c0542c8799@group-9AE1E5A711C7-FollowerState] INFO  server.RaftServerConfigKeys (ConfUtils.java:logFallback(53)) - raft.server.rpc.first-election.timeout.max = 5200ms (fallback to raft.server.rpc.timeout.max)
2022-10-20 01:29:53,036 [grpc-default-executor-4] INFO  impl.VoteContext (VoteContext.java:log(48)) - a2b9a5b5-e126-445d-90e8-946fc00ddc43@group-9AE1E5A711C7-FOLLOWER: accept ELECTION from f5cc69e3-4def-49b3-97e4-fc35696e58fc: our priority 0 <= candidate's priority 1
2022-10-20 01:29:53,035 [grpc-default-executor-3] INFO  server.RaftServer$Division (RaftServerImpl.java:requestVote(1251)) - 617aebcb-94d5-4f34-9c47-e0c0542c8799@group-9AE1E5A711C7 replies to ELECTION vote request: f5cc69e3-4def-49b3-97e4-fc35696e58fc<-617aebcb-94d5-4f34-9c47-e0c0542c8799#0:OK-t3. Peer's state: 617aebcb-94d5-4f34-9c47-e0c0542c8799@group-9AE1E5A711C7:t3, leader=null, voted=f5cc69e3-4def-49b3-97e4-fc35696e58fc, raftlog=Memoized:617aebcb-94d5-4f34-9c47-e0c0542c8799@group-9AE1E5A711C7-SegmentedRaftLog:OPENED:c-1, conf=-1: peers:[a2b9a5b5-e126-445d-90e8-946fc00ddc43|rpc:10.1.0.77:45297|dataStream:|priority:0|startupRole:FOLLOWER, f5cc69e3-4def-49b3-97e4-fc35696e58fc|rpc:10.1.0.77:36367|dataStream:|priority:1|startupRole:FOLLOWER, 617aebcb-94d5-4f34-9c47-e0c0542c8799|rpc:10.1.0.77:43495|dataStream:|priority:0|startupRole:FOLLOWER]|listeners:[], old=null
2022-10-20 01:29:53,036 [grpc-default-executor-4] INFO  server.RaftServer$Division (RaftServerImpl.java:setRole(321)) - a2b9a5b5-e126-445d-90e8-946fc00ddc43@group-9AE1E5A711C7: changes role from  FOLLOWER to FOLLOWER at term 3 for candidate:f5cc69e3-4def-49b3-97e4-fc35696e58fc
2022-10-20 01:29:53,036 [grpc-default-executor-4] INFO  impl.RoleInfo (RoleInfo.java:shutdownFollowerState(110)) - a2b9a5b5-e126-445d-90e8-946fc00ddc43: shutdown a2b9a5b5-e126-445d-90e8-946fc00ddc43@group-9AE1E5A711C7-FollowerState
2022-10-20 01:29:53,036 [grpc-default-executor-4] INFO  impl.RoleInfo (RoleInfo.java:updateAndGet(139)) - a2b9a5b5-e126-445d-90e8-946fc00ddc43: start a2b9a5b5-e126-445d-90e8-946fc00ddc43@group-9AE1E5A711C7-FollowerState
2022-10-20 01:29:53,036 [a2b9a5b5-e126-445d-90e8-946fc00ddc43@group-9AE1E5A711C7-FollowerState] INFO  impl.FollowerState (FollowerState.java:run(152)) - a2b9a5b5-e126-445d-90e8-946fc00ddc43@group-9AE1E5A711C7-FollowerState was interrupted
2022-10-20 01:29:53,044 [grpc-default-executor-4] INFO  server.RaftServer$Division (RaftServerImpl.java:requestVote(1251)) - a2b9a5b5-e126-445d-90e8-946fc00ddc43@group-9AE1E5A711C7 replies to ELECTION vote request: f5cc69e3-4def-49b3-97e4-fc35696e58fc<-a2b9a5b5-e126-445d-90e8-946fc00ddc43#0:OK-t3. Peer's state: a2b9a5b5-e126-445d-90e8-946fc00ddc43@group-9AE1E5A711C7:t3, leader=null, voted=f5cc69e3-4def-49b3-97e4-fc35696e58fc, raftlog=Memoized:a2b9a5b5-e126-445d-90e8-946fc00ddc43@group-9AE1E5A711C7-SegmentedRaftLog:OPENED:c-1, conf=-1: peers:[a2b9a5b5-e126-445d-90e8-946fc00ddc43|rpc:10.1.0.77:45297|dataStream:|priority:0|startupRole:FOLLOWER, f5cc69e3-4def-49b3-97e4-fc35696e58fc|rpc:10.1.0.77:36367|dataStream:|priority:1|startupRole:FOLLOWER, 617aebcb-94d5-4f34-9c47-e0c0542c8799|rpc:10.1.0.77:43495|dataStream:|priority:0|startupRole:FOLLOWER]|listeners:[], old=null
2022-10-20 01:29:53,044 [a2b9a5b5-e126-445d-90e8-946fc00ddc43@group-9AE1E5A711C7-FollowerState] INFO  server.RaftServerConfigKeys (ConfUtils.java:logFallback(53)) - raft.server.rpc.first-election.timeout.min = 5s (fallback to raft.server.rpc.timeout.min)
2022-10-20 01:29:53,044 [a2b9a5b5-e126-445d-90e8-946fc00ddc43@group-9AE1E5A711C7-FollowerState] INFO  server.RaftServerConfigKeys (ConfUtils.java:logFallback(53)) - raft.server.rpc.first-election.timeout.max = 5200ms (fallback to raft.server.rpc.timeout.max)
2022-10-20 01:29:53,045 [f5cc69e3-4def-49b3-97e4-fc35696e58fc@group-9AE1E5A711C7-LeaderElection26] INFO  impl.LeaderElection (LeaderElection.java:logAndReturn(90)) - f5cc69e3-4def-49b3-97e4-fc35696e58fc@group-9AE1E5A711C7-LeaderElection26: ELECTION PASSED received 1 response(s) and 0 exception(s):
2022-10-20 01:29:53,045 [f5cc69e3-4def-49b3-97e4-fc35696e58fc@group-9AE1E5A711C7-LeaderElection26] INFO  impl.LeaderElection (LeaderElection.java:logAndReturn(94)) -   Response 0: f5cc69e3-4def-49b3-97e4-fc35696e58fc<-a2b9a5b5-e126-445d-90e8-946fc00ddc43#0:OK-t3
2022-10-20 01:29:53,045 [f5cc69e3-4def-49b3-97e4-fc35696e58fc@group-9AE1E5A711C7-LeaderElection26] INFO  impl.LeaderElection (LeaderElection.java:askForVotes(314)) - f5cc69e3-4def-49b3-97e4-fc35696e58fc@group-9AE1E5A711C7-LeaderElection26 ELECTION round 0: result PASSED
2022-10-20 01:29:53,045 [f5cc69e3-4def-49b3-97e4-fc35696e58fc@group-9AE1E5A711C7-LeaderElection26] INFO  impl.RoleInfo (RoleInfo.java:shutdownLeaderElection(130)) - f5cc69e3-4def-49b3-97e4-fc35696e58fc: shutdown f5cc69e3-4def-49b3-97e4-fc35696e58fc@group-9AE1E5A711C7-LeaderElection26
2022-10-20 01:29:53,045 [f5cc69e3-4def-49b3-97e4-fc35696e58fc@group-9AE1E5A711C7-LeaderElection26] INFO  server.RaftServer$Division (RaftServerImpl.java:setRole(321)) - f5cc69e3-4def-49b3-97e4-fc35696e58fc@group-9AE1E5A711C7: changes role from CANDIDATE to LEADER at term 3 for changeToLeader
2022-10-20 01:29:53,045 [f5cc69e3-4def-49b3-97e4-fc35696e58fc@group-9AE1E5A711C7-LeaderElection26] INFO  ratis.XceiverServerRatis (XceiverServerRatis.java:handleLeaderChangedNotification(863)) - Leader change notification received for group: group-9AE1E5A711C7 with new leaderId: f5cc69e3-4def-49b3-97e4-fc35696e58fc
2022-10-20 01:29:53,045 [f5cc69e3-4def-49b3-97e4-fc35696e58fc@group-9AE1E5A711C7-LeaderElection26] INFO  server.RaftServer$Division (ServerState.java:setLeader(313)) - f5cc69e3-4def-49b3-97e4-fc35696e58fc@group-9AE1E5A711C7: change Leader from null to f5cc69e3-4def-49b3-97e4-fc35696e58fc at term 3 for becomeLeader, leader elected after 15291ms
2022-10-20 01:29:53,045 [f5cc69e3-4def-49b3-97e4-fc35696e58fc@group-9AE1E5A711C7-LeaderElection26] INFO  server.RaftServerConfigKeys (ConfUtils.java:logGet(46)) - raft.server.staging.catchup.gap = 1000 (default)
2022-10-20 01:29:53,045 [f5cc69e3-4def-49b3-97e4-fc35696e58fc@group-9AE1E5A711C7-LeaderElection26] INFO  server.RaftServerConfigKeys (ConfUtils.java:logGet(46)) - raft.server.write.element-limit = 1024 (custom)
2022-10-20 01:29:53,045 [f5cc69e3-4def-49b3-97e4-fc35696e58fc@group-9AE1E5A711C7-LeaderElection26] INFO  server.RaftServerConfigKeys (ConfUtils.java:logGet(46)) - raft.server.write.byte-limit = 1024 M (=1073741824) (custom)
2022-10-20 01:29:53,045 [f5cc69e3-4def-49b3-97e4-fc35696e58fc@group-9AE1E5A711C7-LeaderElection26] INFO  server.RaftServerConfigKeys (ConfUtils.java:logGet(46)) - raft.server.watch.timeout = 180s (custom)
2022-10-20 01:29:53,045 [f5cc69e3-4def-49b3-97e4-fc35696e58fc@group-9AE1E5A711C7-LeaderElection26] INFO  server.RaftServerConfigKeys (ConfUtils.java:logGet(46)) - raft.server.watch.timeout.denomination = 1s (default)
2022-10-20 01:29:53,045 [f5cc69e3-4def-49b3-97e4-fc35696e58fc@group-9AE1E5A711C7-LeaderElection26] INFO  server.RaftServerConfigKeys (ConfUtils.java:logGet(46)) - raft.server.watch.element-limit = 65536 (default)
2022-10-20 01:29:53,046 [f5cc69e3-4def-49b3-97e4-fc35696e58fc@group-9AE1E5A711C7-LeaderElection26] INFO  server.RaftServerConfigKeys (ConfUtils.java:logGet(46)) - raft.server.write.element-limit = 1024 (custom)
2022-10-20 01:29:53,046 [f5cc69e3-4def-49b3-97e4-fc35696e58fc@group-9AE1E5A711C7-LeaderElection26] INFO  server.RaftServerConfigKeys (ConfUtils.java:logGet(46)) - raft.server.write.follower.gap.ratio.max = -1.0 (default)
2022-10-20 01:29:53,046 [f5cc69e3-4def-49b3-97e4-fc35696e58fc@group-9AE1E5A711C7-LeaderElection26] INFO  server.RaftServerConfigKeys (ConfUtils.java:logGet(46)) - raft.server.log.appender.snapshot.chunk.size.max = 16MB (=16777216) (default)
2022-10-20 01:29:53,046 [f5cc69e3-4def-49b3-97e4-fc35696e58fc@group-9AE1E5A711C7-LeaderElection26] INFO  server.RaftServerConfigKeys (ConfUtils.java:logGet(46)) - raft.server.log.appender.buffer.byte-limit = 33554432 (custom)
2022-10-20 01:29:53,046 [f5cc69e3-4def-49b3-97e4-fc35696e58fc@group-9AE1E5A711C7-LeaderElection26] INFO  server.RaftServerConfigKeys (ConfUtils.java:logGet(46)) - raft.server.log.appender.buffer.element-limit = 1 (custom)
2022-10-20 01:29:53,046 [f5cc69e3-4def-49b3-97e4-fc35696e58fc@group-9AE1E5A711C7-LeaderElection26] INFO  grpc.GrpcConfigKeys (ConfUtils.java:logGet(46)) - raft.grpc.server.leader.outstanding.appends.max = 128 (default)
2022-10-20 01:29:53,046 [f5cc69e3-4def-49b3-97e4-fc35696e58fc@group-9AE1E5A711C7-LeaderElection26] INFO  server.RaftServerConfigKeys (ConfUtils.java:logGet(46)) - raft.server.rpc.request.timeout = 60s (custom)
2022-10-20 01:29:53,046 [f5cc69e3-4def-49b3-97e4-fc35696e58fc@group-9AE1E5A711C7-LeaderElection26] INFO  server.RaftServerConfigKeys (ConfUtils.java:logGet(46)) - raft.server.log.appender.install.snapshot.enabled = false (custom)
2022-10-20 01:29:53,046 [f5cc69e3-4def-49b3-97e4-fc35696e58fc@group-9AE1E5A711C7-LeaderElection26] INFO  grpc.GrpcConfigKeys (ConfUtils.java:logGet(46)) - raft.grpc.server.heartbeat.channel = true (default)
2022-10-20 01:29:53,046 [f5cc69e3-4def-49b3-97e4-fc35696e58fc@group-9AE1E5A711C7-LeaderElection26] INFO  server.RaftServerConfigKeys (ConfUtils.java:logGet(46)) - raft.server.log.appender.wait-time.min = 10ms (default)
2022-10-20 01:29:53,047 [f5cc69e3-4def-49b3-97e4-fc35696e58fc@group-9AE1E5A711C7-LeaderElection26] INFO  server.RaftServerConfigKeys (ConfUtils.java:logGet(46)) - raft.server.log.appender.snapshot.chunk.size.max = 16MB (=16777216) (default)
2022-10-20 01:29:53,047 [f5cc69e3-4def-49b3-97e4-fc35696e58fc@group-9AE1E5A711C7-LeaderElection26] INFO  server.RaftServerConfigKeys (ConfUtils.java:logGet(46)) - raft.server.log.appender.buffer.byte-limit = 33554432 (custom)
2022-10-20 01:29:53,047 [f5cc69e3-4def-49b3-97e4-fc35696e58fc@group-9AE1E5A711C7-LeaderElection26] INFO  server.RaftServerConfigKeys (ConfUtils.java:logGet(46)) - raft.server.log.appender.buffer.element-limit = 1 (custom)
2022-10-20 01:29:53,047 [f5cc69e3-4def-49b3-97e4-fc35696e58fc@group-9AE1E5A711C7-LeaderElection26] INFO  grpc.GrpcConfigKeys (ConfUtils.java:logGet(46)) - raft.grpc.server.leader.outstanding.appends.max = 128 (default)
2022-10-20 01:29:53,047 [f5cc69e3-4def-49b3-97e4-fc35696e58fc@group-9AE1E5A711C7-LeaderElection26] INFO  server.RaftServerConfigKeys (ConfUtils.java:logGet(46)) - raft.server.rpc.request.timeout = 60s (custom)
2022-10-20 01:29:53,047 [f5cc69e3-4def-49b3-97e4-fc35696e58fc@group-9AE1E5A711C7-LeaderElection26] INFO  server.RaftServerConfigKeys (ConfUtils.java:logGet(46)) - raft.server.log.appender.install.snapshot.enabled = false (custom)
2022-10-20 01:29:53,047 [f5cc69e3-4def-49b3-97e4-fc35696e58fc@group-9AE1E5A711C7-LeaderElection26] INFO  grpc.GrpcConfigKeys (ConfUtils.java:logGet(46)) - raft.grpc.server.heartbeat.channel = true (default)
2022-10-20 01:29:53,047 [f5cc69e3-4def-49b3-97e4-fc35696e58fc@group-9AE1E5A711C7-LeaderElection26] INFO  server.RaftServerConfigKeys (ConfUtils.java:logGet(46)) - raft.server.log.appender.wait-time.min = 10ms (default)
2022-10-20 01:29:53,047 [f5cc69e3-4def-49b3-97e4-fc35696e58fc@group-9AE1E5A711C7-LeaderElection26] INFO  impl.RoleInfo (RoleInfo.java:updateAndGet(139)) - f5cc69e3-4def-49b3-97e4-fc35696e58fc: start f5cc69e3-4def-49b3-97e4-fc35696e58fc@group-9AE1E5A711C7-LeaderStateImpl
2022-10-20 01:29:53,048 [f5cc69e3-4def-49b3-97e4-fc35696e58fc@group-9AE1E5A711C7-LeaderElection26] INFO  segmented.SegmentedRaftLogWorker (SegmentedRaftLogWorker.java:startLogSegment(452)) - f5cc69e3-4def-49b3-97e4-fc35696e58fc@group-9AE1E5A711C7-SegmentedRaftLogWorker: Starting segment from index:0
2022-10-20 01:29:53,048 [EventQueue-PipelineReportForPipelineReportHandler] INFO  pipeline.PipelineManagerImpl (PipelineManagerImpl.java:openPipeline(367)) - Pipeline Pipeline[ Id: 6cb68019-81ec-4029-9395-9ae1e5a711c7, Nodes: 617aebcb-94d5-4f34-9c47-e0c0542c8799{ip: 10.1.0.77, host: fv-az625-379.nkjb25ot11ku3fnowzullr2doh.gx.internal.cloudapp.net, ports: [REPLICATION=37059, RATIS=43495, RATIS_ADMIN=43495, RATIS_SERVER=43495, STANDALONE=33559], networkLocation: /default-rack, certSerialId: null, persistedOpState: IN_SERVICE, persistedOpStateExpiryEpochSec: 0}a2b9a5b5-e126-445d-90e8-946fc00ddc43{ip: 10.1.0.77, host: fv-az625-379.nkjb25ot11ku3fnowzullr2doh.gx.internal.cloudapp.net, ports: [REPLICATION=42747, RATIS=45297, RATIS_ADMIN=45297, RATIS_SERVER=45297, STANDALONE=46421], networkLocation: /default-rack, certSerialId: null, persistedOpState: IN_SERVICE, persistedOpStateExpiryEpochSec: 0}f5cc69e3-4def-49b3-97e4-fc35696e58fc{ip: 10.1.0.77, host: fv-az625-379.nkjb25ot11ku3fnowzullr2doh.gx.internal.cloudapp.net, ports: [REPLICATION=45057, RATIS=36367, RATIS_ADMIN=36367, RATIS_SERVER=36367, STANDALONE=42709], networkLocation: /default-rack, certSerialId: null, persistedOpState: IN_SERVICE, persistedOpStateExpiryEpochSec: 0}, ReplicationConfig: RATIS/THREE, State:ALLOCATED, leaderId:f5cc69e3-4def-49b3-97e4-fc35696e58fc, CreationTimestamp2022-10-20T01:29:35.371Z[Etc/UTC]] moved to OPEN state
2022-10-20 01:29:53,050 [f5cc69e3-4def-49b3-97e4-fc35696e58fc@group-9AE1E5A711C7-SegmentedRaftLogWorker] INFO  segmented.SegmentedRaftLogWorker (SegmentedRaftLogWorker.java:execute(656)) - f5cc69e3-4def-49b3-97e4-fc35696e58fc@group-9AE1E5A711C7-SegmentedRaftLogWorker: created new log segment /home/runner/work/ozone/ozone/hadoop-ozone/integration-test/target/test-dir/MiniOzoneClusterImpl-1c2b738d-be74-4a40-b887-8630efe04021/datanode-6/data/ratis/6cb68019-81ec-4029-9395-9ae1e5a711c7/current/log_inprogress_0
2022-10-20 01:29:53,058 [f5cc69e3-4def-49b3-97e4-fc35696e58fc@group-9AE1E5A711C7-LeaderElection26] INFO  server.RaftServer$Division (ServerState.java:setRaftConf(430)) - f5cc69e3-4def-49b3-97e4-fc35696e58fc@group-9AE1E5A711C7: set configuration 0: peers:[a2b9a5b5-e126-445d-90e8-946fc00ddc43|rpc:10.1.0.77:45297|dataStream:|priority:0|startupRole:FOLLOWER, f5cc69e3-4def-49b3-97e4-fc35696e58fc|rpc:10.1.0.77:36367|dataStream:|priority:1|startupRole:FOLLOWER, 617aebcb-94d5-4f34-9c47-e0c0542c8799|rpc:10.1.0.77:43495|dataStream:|priority:0|startupRole:FOLLOWER]|listeners:[], old=null
2022-10-20 01:29:53,059 [a2b9a5b5-e126-445d-90e8-946fc00ddc43-server-thread1] INFO  ratis.XceiverServerRatis (XceiverServerRatis.java:handleLeaderChangedNotification(863)) - Leader change notification received for group: group-9AE1E5A711C7 with new leaderId: f5cc69e3-4def-49b3-97e4-fc35696e58fc
2022-10-20 01:29:53,059 [a2b9a5b5-e126-445d-90e8-946fc00ddc43-server-thread1] INFO  server.RaftServer$Division (ServerState.java:setLeader(313)) - a2b9a5b5-e126-445d-90e8-946fc00ddc43@group-9AE1E5A711C7: change Leader from null to f5cc69e3-4def-49b3-97e4-fc35696e58fc at term 3 for appendEntries, leader elected after 15226ms
2022-10-20 01:29:53,059 [a2b9a5b5-e126-445d-90e8-946fc00ddc43-server-thread1] INFO  server.RaftServer$Division (ServerState.java:setRaftConf(430)) - a2b9a5b5-e126-445d-90e8-946fc00ddc43@group-9AE1E5A711C7: set configuration 0: peers:[a2b9a5b5-e126-445d-90e8-946fc00ddc43|rpc:10.1.0.77:45297|dataStream:|priority:0|startupRole:FOLLOWER, f5cc69e3-4def-49b3-97e4-fc35696e58fc|rpc:10.1.0.77:36367|dataStream:|priority:1|startupRole:FOLLOWER, 617aebcb-94d5-4f34-9c47-e0c0542c8799|rpc:10.1.0.77:43495|dataStream:|priority:0|startupRole:FOLLOWER]|listeners:[], old=null
2022-10-20 01:29:53,059 [a2b9a5b5-e126-445d-90e8-946fc00ddc43-server-thread1] INFO  segmented.SegmentedRaftLogWorker (SegmentedRaftLogWorker.java:startLogSegment(452)) - a2b9a5b5-e126-445d-90e8-946fc00ddc43@group-9AE1E5A711C7-SegmentedRaftLogWorker: Starting segment from index:0
2022-10-20 01:29:53,061 [a2b9a5b5-e126-445d-90e8-946fc00ddc43@group-9AE1E5A711C7-SegmentedRaftLogWorker] INFO  segmented.SegmentedRaftLogWorker (SegmentedRaftLogWorker.java:execute(656)) - a2b9a5b5-e126-445d-90e8-946fc00ddc43@group-9AE1E5A711C7-SegmentedRaftLogWorker: created new log segment /home/runner/work/ozone/ozone/hadoop-ozone/integration-test/target/test-dir/MiniOzoneClusterImpl-1c2b738d-be74-4a40-b887-8630efe04021/datanode-7/data/ratis/6cb68019-81ec-4029-9395-9ae1e5a711c7/current/log_inprogress_0
2022-10-20 01:29:53,071 [617aebcb-94d5-4f34-9c47-e0c0542c8799-server-thread1] INFO  ratis.XceiverServerRatis (XceiverServerRatis.java:handleLeaderChangedNotification(863)) - Leader change notification received for group: group-9AE1E5A711C7 with new leaderId: f5cc69e3-4def-49b3-97e4-fc35696e58fc
2022-10-20 01:29:53,071 [617aebcb-94d5-4f34-9c47-e0c0542c8799-server-thread1] INFO  server.RaftServer$Division (ServerState.java:setLeader(313)) - 617aebcb-94d5-4f34-9c47-e0c0542c8799@group-9AE1E5A711C7: change Leader from null to f5cc69e3-4def-49b3-97e4-fc35696e58fc at term 3 for appendEntries, leader elected after 15277ms
2022-10-20 01:29:53,073 [617aebcb-94d5-4f34-9c47-e0c0542c8799-server-thread2] INFO  server.RaftServer$Division (ServerState.java:setRaftConf(430)) - 617aebcb-94d5-4f34-9c47-e0c0542c8799@group-9AE1E5A711C7: set configuration 0: peers:[a2b9a5b5-e126-445d-90e8-946fc00ddc43|rpc:10.1.0.77:45297|dataStream:|priority:0|startupRole:FOLLOWER, f5cc69e3-4def-49b3-97e4-fc35696e58fc|rpc:10.1.0.77:36367|dataStream:|priority:1|startupRole:FOLLOWER, 617aebcb-94d5-4f34-9c47-e0c0542c8799|rpc:10.1.0.77:43495|dataStream:|priority:0|startupRole:FOLLOWER]|listeners:[], old=null
2022-10-20 01:29:53,073 [617aebcb-94d5-4f34-9c47-e0c0542c8799-server-thread2] INFO  segmented.SegmentedRaftLogWorker (SegmentedRaftLogWorker.java:startLogSegment(452)) - 617aebcb-94d5-4f34-9c47-e0c0542c8799@group-9AE1E5A711C7-SegmentedRaftLogWorker: Starting segment from index:0
2022-10-20 01:29:53,074 [617aebcb-94d5-4f34-9c47-e0c0542c8799@group-9AE1E5A711C7-SegmentedRaftLogWorker] INFO  segmented.SegmentedRaftLogWorker (SegmentedRaftLogWorker.java:execute(656)) - 617aebcb-94d5-4f34-9c47-e0c0542c8799@group-9AE1E5A711C7-SegmentedRaftLogWorker: created new log segment /home/runner/work/ozone/ozone/hadoop-ozone/integration-test/target/test-dir/MiniOzoneClusterImpl-1c2b738d-be74-4a40-b887-8630efe04021/datanode-8/data/ratis/6cb68019-81ec-4029-9395-9ae1e5a711c7/current/log_inprogress_0
2022-10-20 01:30:18,955 [Under Replicated Processor] INFO  replication.UnderReplicatedProcessor (UnderReplicatedProcessor.java:processAll(92)) - Processed 0 under replicated containers, failed processing 0
2022-10-20 01:30:18,955 [Over Replicated Processor] INFO  replication.OverReplicatedProcessor (OverReplicatedProcessor.java:processAll(90)) - Processed 0 over replicated containers, failed processing 0
2022-10-20 01:30:48,955 [Under Replicated Processor] INFO  replication.UnderReplicatedProcessor (UnderReplicatedProcessor.java:processAll(92)) - Processed 0 under replicated containers, failed processing 0
2022-10-20 01:30:48,955 [Over Replicated Processor] INFO  replication.OverReplicatedProcessor (OverReplicatedProcessor.java:processAll(90)) - Processed 0 over replicated containers, failed processing 0
2022-10-20 01:31:18,955 [Under Replicated Processor] INFO  replication.UnderReplicatedProcessor (UnderReplicatedProcessor.java:processAll(92)) - Processed 0 under replicated containers, failed processing 0
2022-10-20 01:31:18,955 [Over Replicated Processor] INFO  replication.OverReplicatedProcessor (OverReplicatedProcessor.java:processAll(90)) - Processed 0 over replicated containers, failed processing 0
]]></system-out>
  </testcase>
</testsuite>